<?xml version="1.0" encoding="UTF-8"?>
<testsuite xmlns:xsi="http://www.w3.org/2001/XMLSchema-instance" xsi:noNamespaceSchemaLocation="https://maven.apache.org/surefire/maven-failsafe-plugin/xsd/failsafe-test-report-3.0.xsd" version="3.0" name="starter.CucumberTestSuite" time="232.086" tests="16" errors="2" skipped="0" failures="0">
  <properties>
    <property name="java.specification.version" value="19"/>
    <property name="webdriver.chrome.driver" value="C:\Users\HP\.cache\selenium\chromedriver\win32\112.0.5615.49\chromedriver.exe"/>
    <property name="sun.cpu.isalist" value="amd64"/>
    <property name="sun.jnu.encoding" value="Cp1252"/>
    <property name="java.class.path" value="C:\Users\HP\Downloads\Mini-Project-QA\ALTASHOP WEB AUTOMATION\target\test-classes;C:\Users\HP\.m2\repository\net\serenity-bdd\serenity-core\3.5.1\serenity-core-3.5.1.jar;C:\Users\HP\.m2\repository\net\serenity-bdd\serenity-model\3.5.1\serenity-model-3.5.1.jar;C:\Users\HP\.m2\repository\org\apache\commons\commons-text\1.10.0\commons-text-1.10.0.jar;C:\Users\HP\.m2\repository\commons-net\commons-net\3.8.0\commons-net-3.8.0.jar;C:\Users\HP\.m2\repository\com\google\guava\guava\31.1-jre\guava-31.1-jre.jar;C:\Users\HP\.m2\repository\com\google\guava\failureaccess\1.0.1\failureaccess-1.0.1.jar;C:\Users\HP\.m2\repository\com\google\guava\listenablefuture\9999.0-empty-to-avoid-conflict-with-guava\listenablefuture-9999.0-empty-to-avoid-conflict-with-guava.jar;C:\Users\HP\.m2\repository\com\google\code\findbugs\jsr305\3.0.2\jsr305-3.0.2.jar;C:\Users\HP\.m2\repository\org\checkerframework\checker-qual\3.12.0\checker-qual-3.12.0.jar;C:\Users\HP\.m2\repository\com\google\errorprone\error_prone_annotations\2.11.0\error_prone_annotations-2.11.0.jar;C:\Users\HP\.m2\repository\com\google\j2objc\j2objc-annotations\1.3\j2objc-annotations-1.3.jar;C:\Users\HP\.m2\repository\com\google\inject\guice\5.1.0\guice-5.1.0.jar;C:\Users\HP\.m2\repository\javax\inject\javax.inject\1\javax.inject-1.jar;C:\Users\HP\.m2\repository\aopalliance\aopalliance\1.0\aopalliance-1.0.jar;C:\Users\HP\.m2\repository\org\jsoup\jsoup\1.14.3\jsoup-1.14.3.jar;C:\Users\HP\.m2\repository\com\thoughtworks\xstream\xstream\1.4.19\xstream-1.4.19.jar;C:\Users\HP\.m2\repository\io\github\x-stream\mxparser\1.2.2\mxparser-1.2.2.jar;C:\Users\HP\.m2\repository\xmlpull\xmlpull\1.1.3.1\xmlpull-1.1.3.1.jar;C:\Users\HP\.m2\repository\com\typesafe\config\1.4.2\config-1.4.2.jar;C:\Users\HP\.m2\repository\org\imgscalr\imgscalr-lib\4.2\imgscalr-lib-4.2.jar;C:\Users\HP\.m2\repository\org\awaitility\awaitility\4.2.0\awaitility-4.2.0.jar;C:\Users\HP\.m2\repository\org\freemarker\freemarker\2.3.31\freemarker-2.3.31.jar;C:\Users\HP\.m2\repository\io\github\classgraph\classgraph\4.8.138\classgraph-4.8.138.jar;C:\Users\HP\.m2\repository\net\sourceforge\jexcelapi\jxl\2.6.12\jxl-2.6.12.jar;C:\Users\HP\.m2\repository\net\bytebuddy\byte-buddy-agent\1.12.18\byte-buddy-agent-1.12.18.jar;C:\Users\HP\.m2\repository\org\objenesis\objenesis\3.1\objenesis-3.1.jar;C:\Users\HP\.m2\repository\net\serenity-bdd\serenity-reports\3.5.1\serenity-reports-3.5.1.jar;C:\Users\HP\.m2\repository\net\serenity-bdd\serenity-stats\3.5.1\serenity-stats-3.5.1.jar;C:\Users\HP\.m2\repository\net\serenity-bdd\serenity-reports-configuration\3.5.1\serenity-reports-configuration-3.5.1.jar;C:\Users\HP\.m2\repository\com\vladsch\flexmark\flexmark-all\0.34.30\flexmark-all-0.34.30.jar;C:\Users\HP\.m2\repository\com\vladsch\flexmark\flexmark\0.34.30\flexmark-0.34.30.jar;C:\Users\HP\.m2\repository\com\vladsch\flexmark\flexmark-ext-abbreviation\0.34.30\flexmark-ext-abbreviation-0.34.30.jar;C:\Users\HP\.m2\repository\com\vladsch\flexmark\flexmark-ext-admonition\0.34.30\flexmark-ext-admonition-0.34.30.jar;C:\Users\HP\.m2\repository\com\vladsch\flexmark\flexmark-ext-anchorlink\0.34.30\flexmark-ext-anchorlink-0.34.30.jar;C:\Users\HP\.m2\repository\com\vladsch\flexmark\flexmark-ext-aside\0.34.30\flexmark-ext-aside-0.34.30.jar;C:\Users\HP\.m2\repository\com\vladsch\flexmark\flexmark-ext-attributes\0.34.30\flexmark-ext-attributes-0.34.30.jar;C:\Users\HP\.m2\repository\com\vladsch\flexmark\flexmark-ext-autolink\0.34.30\flexmark-ext-autolink-0.34.30.jar;C:\Users\HP\.m2\repository\org\nibor\autolink\autolink\0.6.0\autolink-0.6.0.jar;C:\Users\HP\.m2\repository\com\vladsch\flexmark\flexmark-ext-definition\0.34.30\flexmark-ext-definition-0.34.30.jar;C:\Users\HP\.m2\repository\com\vladsch\flexmark\flexmark-ext-emoji\0.34.30\flexmark-ext-emoji-0.34.30.jar;C:\Users\HP\.m2\repository\com\vladsch\flexmark\flexmark-ext-enumerated-reference\0.34.30\flexmark-ext-enumerated-reference-0.34.30.jar;C:\Users\HP\.m2\repository\com\vladsch\flexmark\flexmark-ext-escaped-character\0.34.30\flexmark-ext-escaped-character-0.34.30.jar;C:\Users\HP\.m2\repository\com\vladsch\flexmark\flexmark-ext-footnotes\0.34.30\flexmark-ext-footnotes-0.34.30.jar;C:\Users\HP\.m2\repository\com\vladsch\flexmark\flexmark-ext-gfm-issues\0.34.30\flexmark-ext-gfm-issues-0.34.30.jar;C:\Users\HP\.m2\repository\com\vladsch\flexmark\flexmark-ext-gfm-strikethrough\0.34.30\flexmark-ext-gfm-strikethrough-0.34.30.jar;C:\Users\HP\.m2\repository\com\vladsch\flexmark\flexmark-ext-gfm-tables\0.34.30\flexmark-ext-gfm-tables-0.34.30.jar;C:\Users\HP\.m2\repository\com\vladsch\flexmark\flexmark-ext-gfm-tasklist\0.34.30\flexmark-ext-gfm-tasklist-0.34.30.jar;C:\Users\HP\.m2\repository\com\vladsch\flexmark\flexmark-ext-gfm-users\0.34.30\flexmark-ext-gfm-users-0.34.30.jar;C:\Users\HP\.m2\repository\com\vladsch\flexmark\flexmark-ext-gitlab\0.34.30\flexmark-ext-gitlab-0.34.30.jar;C:\Users\HP\.m2\repository\com\vladsch\flexmark\flexmark-ext-jekyll-front-matter\0.34.30\flexmark-ext-jekyll-front-matter-0.34.30.jar;C:\Users\HP\.m2\repository\com\vladsch\flexmark\flexmark-ext-jekyll-tag\0.34.30\flexmark-ext-jekyll-tag-0.34.30.jar;C:\Users\HP\.m2\repository\com\vladsch\flexmark\flexmark-ext-media-tags\0.34.30\flexmark-ext-media-tags-0.34.30.jar;C:\Users\HP\.m2\repository\com\vladsch\flexmark\flexmark-test-util\0.34.30\flexmark-test-util-0.34.30.jar;C:\Users\HP\.m2\repository\com\vladsch\flexmark\flexmark-ext-ins\0.34.30\flexmark-ext-ins-0.34.30.jar;C:\Users\HP\.m2\repository\com\vladsch\flexmark\flexmark-ext-xwiki-macros\0.34.30\flexmark-ext-xwiki-macros-0.34.30.jar;C:\Users\HP\.m2\repository\com\vladsch\flexmark\flexmark-ext-superscript\0.34.30\flexmark-ext-superscript-0.34.30.jar;C:\Users\HP\.m2\repository\com\vladsch\flexmark\flexmark-ext-tables\0.34.30\flexmark-ext-tables-0.34.30.jar;C:\Users\HP\.m2\repository\com\vladsch\flexmark\flexmark-ext-toc\0.34.30\flexmark-ext-toc-0.34.30.jar;C:\Users\HP\.m2\repository\com\vladsch\flexmark\flexmark-ext-typographic\0.34.30\flexmark-ext-typographic-0.34.30.jar;C:\Users\HP\.m2\repository\com\vladsch\flexmark\flexmark-ext-wikilink\0.34.30\flexmark-ext-wikilink-0.34.30.jar;C:\Users\HP\.m2\repository\com\vladsch\flexmark\flexmark-ext-yaml-front-matter\0.34.30\flexmark-ext-yaml-front-matter-0.34.30.jar;C:\Users\HP\.m2\repository\com\vladsch\flexmark\flexmark-ext-youtube-embedded\0.34.30\flexmark-ext-youtube-embedded-0.34.30.jar;C:\Users\HP\.m2\repository\com\vladsch\flexmark\flexmark-formatter\0.34.30\flexmark-formatter-0.34.30.jar;C:\Users\HP\.m2\repository\com\vladsch\flexmark\flexmark-html-parser\0.34.30\flexmark-html-parser-0.34.30.jar;C:\Users\HP\.m2\repository\com\vladsch\flexmark\flexmark-jira-converter\0.34.30\flexmark-jira-converter-0.34.30.jar;C:\Users\HP\.m2\repository\com\vladsch\flexmark\flexmark-pdf-converter\0.34.30\flexmark-pdf-converter-0.34.30.jar;C:\Users\HP\.m2\repository\com\openhtmltopdf\openhtmltopdf-core\0.0.1-RC13\openhtmltopdf-core-0.0.1-RC13.jar;C:\Users\HP\.m2\repository\com\openhtmltopdf\openhtmltopdf-pdfbox\0.0.1-RC13\openhtmltopdf-pdfbox-0.0.1-RC13.jar;C:\Users\HP\.m2\repository\org\apache\pdfbox\pdfbox\2.0.8\pdfbox-2.0.8.jar;C:\Users\HP\.m2\repository\org\apache\pdfbox\fontbox\2.0.8\fontbox-2.0.8.jar;C:\Users\HP\.m2\repository\org\apache\pdfbox\xmpbox\2.0.8\xmpbox-2.0.8.jar;C:\Users\HP\.m2\repository\de\rototor\pdfbox\graphics2d\0.12\graphics2d-0.12.jar;C:\Users\HP\.m2\repository\com\openhtmltopdf\openhtmltopdf-rtl-support\0.0.1-RC13\openhtmltopdf-rtl-support-0.0.1-RC13.jar;C:\Users\HP\.m2\repository\com\ibm\icu\icu4j\59.1\icu4j-59.1.jar;C:\Users\HP\.m2\repository\com\openhtmltopdf\openhtmltopdf-jsoup-dom-converter\0.0.1-RC13\openhtmltopdf-jsoup-dom-converter-0.0.1-RC13.jar;C:\Users\HP\.m2\repository\com\vladsch\flexmark\flexmark-profile-pegdown\0.34.30\flexmark-profile-pegdown-0.34.30.jar;C:\Users\HP\.m2\repository\com\vladsch\flexmark\flexmark-util\0.34.30\flexmark-util-0.34.30.jar;C:\Users\HP\.m2\repository\com\vladsch\flexmark\flexmark-youtrack-converter\0.34.30\flexmark-youtrack-converter-0.34.30.jar;C:\Users\HP\.m2\repository\es\nitaur\markdown\txtmark\0.16\txtmark-0.16.jar;C:\Users\HP\.m2\repository\net\serenity-bdd\serenity-report-resources\3.5.1\serenity-report-resources-3.5.1.jar;C:\Users\HP\.m2\repository\com\google\code\gson\gson\2.9.0\gson-2.9.0.jar;C:\Users\HP\.m2\repository\com\fasterxml\jackson\core\jackson-core\2.13.4\jackson-core-2.13.4.jar;C:\Users\HP\.m2\repository\com\fasterxml\jackson\core\jackson-databind\2.13.4\jackson-databind-2.13.4.jar;C:\Users\HP\.m2\repository\com\fasterxml\jackson\core\jackson-annotations\2.13.4\jackson-annotations-2.13.4.jar;C:\Users\HP\.m2\repository\commons-codec\commons-codec\1.15\commons-codec-1.15.jar;C:\Users\HP\.m2\repository\commons-io\commons-io\2.11.0\commons-io-2.11.0.jar;C:\Users\HP\.m2\repository\org\apache\httpcomponents\httpclient\4.5.13\httpclient-4.5.13.jar;C:\Users\HP\.m2\repository\org\apache\httpcomponents\httpcore\4.4.13\httpcore-4.4.13.jar;C:\Users\HP\.m2\repository\commons-logging\commons-logging\1.2\commons-logging-1.2.jar;C:\Users\HP\.m2\repository\org\seleniumhq\selenium\selenium-java\4.7.1\selenium-java-4.7.1.jar;C:\Users\HP\.m2\repository\org\seleniumhq\selenium\selenium-devtools-v106\4.7.1\selenium-devtools-v106-4.7.1.jar;C:\Users\HP\.m2\repository\org\seleniumhq\selenium\selenium-devtools-v107\4.7.1\selenium-devtools-v107-4.7.1.jar;C:\Users\HP\.m2\repository\org\seleniumhq\selenium\selenium-devtools-v108\4.7.1\selenium-devtools-v108-4.7.1.jar;C:\Users\HP\.m2\repository\org\seleniumhq\selenium\selenium-devtools-v85\4.7.1\selenium-devtools-v85-4.7.1.jar;C:\Users\HP\.m2\repository\org\seleniumhq\selenium\selenium-remote-driver\4.7.1\selenium-remote-driver-4.7.1.jar;C:\Users\HP\.m2\repository\com\beust\jcommander\1.82\jcommander-1.82.jar;C:\Users\HP\.m2\repository\io\netty\netty-buffer\4.1.84.Final\netty-buffer-4.1.84.Final.jar;C:\Users\HP\.m2\repository\io\netty\netty-codec-http\4.1.84.Final\netty-codec-http-4.1.84.Final.jar;C:\Users\HP\.m2\repository\io\netty\netty-codec\4.1.84.Final\netty-codec-4.1.84.Final.jar;C:\Users\HP\.m2\repository\io\netty\netty-handler\4.1.84.Final\netty-handler-4.1.84.Final.jar;C:\Users\HP\.m2\repository\io\netty\netty-common\4.1.84.Final\netty-common-4.1.84.Final.jar;C:\Users\HP\.m2\repository\io\netty\netty-transport-classes-epoll\4.1.84.Final\netty-transport-classes-epoll-4.1.84.Final.jar;C:\Users\HP\.m2\repository\io\netty\netty-transport-classes-kqueue\4.1.84.Final\netty-transport-classes-kqueue-4.1.84.Final.jar;C:\Users\HP\.m2\repository\io\netty\netty-transport-native-epoll\4.1.84.Final\netty-transport-native-epoll-4.1.84.Final.jar;C:\Users\HP\.m2\repository\io\netty\netty-transport-native-kqueue\4.1.84.Final\netty-transport-native-kqueue-4.1.84.Final.jar;C:\Users\HP\.m2\repository\io\netty\netty-transport-native-unix-common\4.1.84.Final\netty-transport-native-unix-common-4.1.84.Final.jar;C:\Users\HP\.m2\repository\io\netty\netty-transport\4.1.84.Final\netty-transport-4.1.84.Final.jar;C:\Users\HP\.m2\repository\io\netty\netty-resolver\4.1.84.Final\netty-resolver-4.1.84.Final.jar;C:\Users\HP\.m2\repository\io\opentelemetry\opentelemetry-api\1.19.0\opentelemetry-api-1.19.0.jar;C:\Users\HP\.m2\repository\io\opentelemetry\opentelemetry-context\1.19.0\opentelemetry-context-1.19.0.jar;C:\Users\HP\.m2\repository\io\opentelemetry\opentelemetry-exporter-logging\1.19.0\opentelemetry-exporter-logging-1.19.0.jar;C:\Users\HP\.m2\repository\io\opentelemetry\opentelemetry-sdk-metrics\1.19.0\opentelemetry-sdk-metrics-1.19.0.jar;C:\Users\HP\.m2\repository\io\opentelemetry\opentelemetry-sdk-logs\1.19.0-alpha\opentelemetry-sdk-logs-1.19.0-alpha.jar;C:\Users\HP\.m2\repository\io\opentelemetry\opentelemetry-api-logs\1.19.0-alpha\opentelemetry-api-logs-1.19.0-alpha.jar;C:\Users\HP\.m2\repository\io\opentelemetry\opentelemetry-sdk-common\1.19.0\opentelemetry-sdk-common-1.19.0.jar;C:\Users\HP\.m2\repository\io\opentelemetry\opentelemetry-sdk-extension-autoconfigure-spi\1.19.0\opentelemetry-sdk-extension-autoconfigure-spi-1.19.0.jar;C:\Users\HP\.m2\repository\io\opentelemetry\opentelemetry-sdk-extension-autoconfigure\1.19.0-alpha\opentelemetry-sdk-extension-autoconfigure-1.19.0-alpha.jar;C:\Users\HP\.m2\repository\io\opentelemetry\opentelemetry-exporter-common\1.19.0\opentelemetry-exporter-common-1.19.0.jar;C:\Users\HP\.m2\repository\io\opentelemetry\opentelemetry-sdk-trace\1.19.0\opentelemetry-sdk-trace-1.19.0.jar;C:\Users\HP\.m2\repository\io\opentelemetry\opentelemetry-sdk\1.19.0\opentelemetry-sdk-1.19.0.jar;C:\Users\HP\.m2\repository\io\opentelemetry\opentelemetry-semconv\1.19.0-alpha\opentelemetry-semconv-1.19.0-alpha.jar;C:\Users\HP\.m2\repository\io\ous\jtoml\2.0.0\jtoml-2.0.0.jar;C:\Users\HP\.m2\repository\org\apache\commons\commons-exec\1.3\commons-exec-1.3.jar;C:\Users\HP\.m2\repository\org\asynchttpclient\async-http-client\2.12.3\async-http-client-2.12.3.jar;C:\Users\HP\.m2\repository\org\asynchttpclient\async-http-client-netty-utils\2.12.3\async-http-client-netty-utils-2.12.3.jar;C:\Users\HP\.m2\repository\io\netty\netty-codec-socks\4.1.60.Final\netty-codec-socks-4.1.60.Final.jar;C:\Users\HP\.m2\repository\io\netty\netty-handler-proxy\4.1.60.Final\netty-handler-proxy-4.1.60.Final.jar;C:\Users\HP\.m2\repository\io\netty\netty-transport-native-epoll\4.1.60.Final\netty-transport-native-epoll-4.1.60.Final-linux-x86_64.jar;C:\Users\HP\.m2\repository\io\netty\netty-transport-native-kqueue\4.1.60.Final\netty-transport-native-kqueue-4.1.60.Final-osx-x86_64.jar;C:\Users\HP\.m2\repository\org\reactivestreams\reactive-streams\1.0.3\reactive-streams-1.0.3.jar;C:\Users\HP\.m2\repository\com\typesafe\netty\netty-reactive-streams\2.0.4\netty-reactive-streams-2.0.4.jar;C:\Users\HP\.m2\repository\org\seleniumhq\selenium\selenium-manager\4.7.1\selenium-manager-4.7.1.jar;C:\Users\HP\.m2\repository\org\seleniumhq\selenium\selenium-safari-driver\4.7.1\selenium-safari-driver-4.7.1.jar;C:\Users\HP\.m2\repository\org\seleniumhq\selenium\selenium-api\4.7.1\selenium-api-4.7.1.jar;C:\Users\HP\.m2\repository\org\seleniumhq\selenium\selenium-support\4.7.1\selenium-support-4.7.1.jar;C:\Users\HP\.m2\repository\com\google\auto\service\auto-service-annotations\1.0.1\auto-service-annotations-1.0.1.jar;C:\Users\HP\.m2\repository\com\google\auto\service\auto-service\1.0.1\auto-service-1.0.1.jar;C:\Users\HP\.m2\repository\com\google\auto\auto-common\1.2\auto-common-1.2.jar;C:\Users\HP\.m2\repository\org\seleniumhq\selenium\selenium-json\4.7.1\selenium-json-4.7.1.jar;C:\Users\HP\.m2\repository\org\seleniumhq\selenium\selenium-chrome-driver\4.7.1\selenium-chrome-driver-4.7.1.jar;C:\Users\HP\.m2\repository\org\seleniumhq\selenium\selenium-chromium-driver\4.7.1\selenium-chromium-driver-4.7.1.jar;C:\Users\HP\.m2\repository\org\seleniumhq\selenium\selenium-firefox-driver\4.7.1\selenium-firefox-driver-4.7.1.jar;C:\Users\HP\.m2\repository\org\seleniumhq\selenium\selenium-http\4.7.1\selenium-http-4.7.1.jar;C:\Users\HP\.m2\repository\dev\failsafe\failsafe\3.3.0\failsafe-3.3.0.jar;C:\Users\HP\.m2\repository\org\seleniumhq\selenium\selenium-edge-driver\4.7.1\selenium-edge-driver-4.7.1.jar;C:\Users\HP\.m2\repository\org\seleniumhq\selenium\selenium-ie-driver\4.7.1\selenium-ie-driver-4.7.1.jar;C:\Users\HP\.m2\repository\org\projectlombok\lombok\1.18.20\lombok-1.18.20.jar;C:\Users\HP\.m2\repository\io\appium\java-client\8.3.0\java-client-8.3.0.jar;C:\Users\HP\.m2\repository\commons-validator\commons-validator\1.7\commons-validator-1.7.jar;C:\Users\HP\.m2\repository\commons-digester\commons-digester\2.1\commons-digester-2.1.jar;C:\Users\HP\.m2\repository\org\apache\groovy\groovy\4.0.6\groovy-4.0.6.jar;C:\Users\HP\.m2\repository\net\sf\opencsv\opencsv\2.0\opencsv-2.0.jar;C:\Users\HP\.m2\repository\commons-beanutils\commons-beanutils\1.9.4\commons-beanutils-1.9.4.jar;C:\Users\HP\.m2\repository\org\apache\commons\commons-lang3\3.12.0\commons-lang3-3.12.0.jar;C:\Users\HP\.m2\repository\commons-collections\commons-collections\3.2.2\commons-collections-3.2.2.jar;C:\Users\HP\.m2\repository\org\fluentlenium\fluentlenium-core\0.10.2\fluentlenium-core-0.10.2.jar;C:\Users\HP\.m2\repository\io\github\bonigarcia\webdrivermanager\5.3.0\webdrivermanager-5.3.0.jar;C:\Users\HP\.m2\repository\com\github\docker-java\docker-java\3.2.13\docker-java-3.2.13.jar;C:\Users\HP\.m2\repository\com\github\docker-java\docker-java-core\3.2.13\docker-java-core-3.2.13.jar;C:\Users\HP\.m2\repository\com\github\docker-java\docker-java-api\3.2.13\docker-java-api-3.2.13.jar;C:\Users\HP\.m2\repository\org\apache\commons\commons-compress\1.21\commons-compress-1.21.jar;C:\Users\HP\.m2\repository\org\bouncycastle\bcpkix-jdk15on\1.64\bcpkix-jdk15on-1.64.jar;C:\Users\HP\.m2\repository\org\bouncycastle\bcprov-jdk15on\1.64\bcprov-jdk15on-1.64.jar;C:\Users\HP\.m2\repository\org\slf4j\jcl-over-slf4j\1.7.30\jcl-over-slf4j-1.7.30.jar;C:\Users\HP\.m2\repository\com\github\docker-java\docker-java-transport-httpclient5\3.2.13\docker-java-transport-httpclient5-3.2.13.jar;C:\Users\HP\.m2\repository\com\github\docker-java\docker-java-transport\3.2.13\docker-java-transport-3.2.13.jar;C:\Users\HP\.m2\repository\net\java\dev\jna\jna\5.8.0\jna-5.8.0.jar;C:\Users\HP\.m2\repository\org\brotli\dec\0.1.2\dec-0.1.2.jar;C:\Users\HP\.m2\repository\org\apache\httpcomponents\client5\httpclient5\5.1.3\httpclient5-5.1.3.jar;C:\Users\HP\.m2\repository\org\apache\httpcomponents\core5\httpcore5\5.1.3\httpcore5-5.1.3.jar;C:\Users\HP\.m2\repository\org\apache\httpcomponents\core5\httpcore5-h2\5.1.3\httpcore5-h2-5.1.3.jar;C:\Users\HP\.m2\repository\com\jhlabs\filters\2.0.235\filters-2.0.235.jar;C:\Users\HP\.m2\repository\com\paulhammant\ngwebdriver\1.1.6\ngwebdriver-1.1.6.jar;C:\Users\HP\.m2\repository\joda-time\joda-time\2.8.2\joda-time-2.8.2.jar;C:\Users\HP\.m2\repository\org\hamcrest\hamcrest\2.2\hamcrest-2.2.jar;C:\Users\HP\.m2\repository\com\google\jimfs\jimfs\1.2\jimfs-1.2.jar;C:\Users\HP\.m2\repository\org\mockito\mockito-core\3.3.3\mockito-core-3.3.3.jar;C:\Users\HP\.m2\repository\javax\xml\bind\jaxb-api\2.3.1\jaxb-api-2.3.1.jar;C:\Users\HP\.m2\repository\javax\activation\javax.activation-api\1.2.0\javax.activation-api-1.2.0.jar;C:\Users\HP\.m2\repository\com\sun\xml\bind\jaxb-core\2.3.0.1\jaxb-core-2.3.0.1.jar;C:\Users\HP\.m2\repository\com\sun\xml\bind\jaxb-impl\2.3.3\jaxb-impl-2.3.3.jar;C:\Users\HP\.m2\repository\jakarta\xml\bind\jakarta.xml.bind-api\2.3.3\jakarta.xml.bind-api-2.3.3.jar;C:\Users\HP\.m2\repository\com\sun\activation\jakarta.activation\1.2.2\jakarta.activation-1.2.2.jar;C:\Users\HP\.m2\repository\javax\activation\activation\1.1.1\activation-1.1.1.jar;C:\Users\HP\.m2\repository\net\serenity-bdd\serenity-cucumber\3.5.1\serenity-cucumber-3.5.1.jar;C:\Users\HP\.m2\repository\io\cucumber\cucumber-core\7.8.1\cucumber-core-7.8.1.jar;C:\Users\HP\.m2\repository\io\cucumber\cucumber-gherkin\7.8.1\cucumber-gherkin-7.8.1.jar;C:\Users\HP\.m2\repository\io\cucumber\cucumber-gherkin-messages\7.8.1\cucumber-gherkin-messages-7.8.1.jar;C:\Users\HP\.m2\repository\io\cucumber\gherkin\24.0.0\gherkin-24.0.0.jar;C:\Users\HP\.m2\repository\io\cucumber\messages\19.1.4\messages-19.1.4.jar;C:\Users\HP\.m2\repository\io\cucumber\tag-expressions\4.1.0\tag-expressions-4.1.0.jar;C:\Users\HP\.m2\repository\io\cucumber\cucumber-expressions\16.0.0\cucumber-expressions-16.0.0.jar;C:\Users\HP\.m2\repository\io\cucumber\datatable\7.8.1\datatable-7.8.1.jar;C:\Users\HP\.m2\repository\io\cucumber\cucumber-plugin\7.8.1\cucumber-plugin-7.8.1.jar;C:\Users\HP\.m2\repository\io\cucumber\docstring\7.8.1\docstring-7.8.1.jar;C:\Users\HP\.m2\repository\io\cucumber\html-formatter\20.1.0\html-formatter-20.1.0.jar;C:\Users\HP\.m2\repository\io\cucumber\ci-environment\9.1.0\ci-environment-9.1.0.jar;C:\Users\HP\.m2\repository\io\cucumber\cucumber-java\7.8.1\cucumber-java-7.8.1.jar;C:\Users\HP\.m2\repository\io\cucumber\cucumber-junit\7.8.1\cucumber-junit-7.8.1.jar;C:\Users\HP\.m2\repository\org\apache\commons\commons-csv\1.5\commons-csv-1.5.jar;C:\Users\HP\.m2\repository\net\serenity-bdd\serenity-screenplay\3.5.1\serenity-screenplay-3.5.1.jar;C:\Users\HP\.m2\repository\net\serenity-bdd\serenity-screenplay-webdriver\3.5.1\serenity-screenplay-webdriver-3.5.1.jar;C:\Users\HP\.m2\repository\net\serenity-bdd\serenity-ensure\3.5.1\serenity-ensure-3.5.1.jar;C:\Users\HP\.m2\repository\net\serenity-bdd\serenity-junit\3.5.1\serenity-junit-3.5.1.jar;C:\Users\HP\.m2\repository\org\jetbrains\kotlin\kotlin-stdlib\1.7.21\kotlin-stdlib-1.7.21.jar;C:\Users\HP\.m2\repository\org\jetbrains\kotlin\kotlin-stdlib-common\1.7.21\kotlin-stdlib-common-1.7.21.jar;C:\Users\HP\.m2\repository\org\jetbrains\annotations\13.0\annotations-13.0.jar;C:\Users\HP\.m2\repository\org\junit\platform\junit-platform-launcher\1.8.2\junit-platform-launcher-1.8.2.jar;C:\Users\HP\.m2\repository\org\junit\platform\junit-platform-engine\1.8.2\junit-platform-engine-1.8.2.jar;C:\Users\HP\.m2\repository\org\opentest4j\opentest4j\1.2.0\opentest4j-1.2.0.jar;C:\Users\HP\.m2\repository\org\junit\platform\junit-platform-commons\1.8.2\junit-platform-commons-1.8.2.jar;C:\Users\HP\.m2\repository\org\apiguardian\apiguardian-api\1.1.2\apiguardian-api-1.1.2.jar;C:\Users\HP\.m2\repository\org\junit\jupiter\junit-jupiter-engine\5.8.2\junit-jupiter-engine-5.8.2.jar;C:\Users\HP\.m2\repository\org\junit\jupiter\junit-jupiter-api\5.8.2\junit-jupiter-api-5.8.2.jar;C:\Users\HP\.m2\repository\org\junit\vintage\junit-vintage-engine\5.8.2\junit-vintage-engine-5.8.2.jar;C:\Users\HP\.m2\repository\junit\junit\4.13.2\junit-4.13.2.jar;C:\Users\HP\.m2\repository\org\hamcrest\hamcrest-core\1.3\hamcrest-core-1.3.jar;C:\Users\HP\.m2\repository\ch\qos\logback\logback-classic\1.2.10\logback-classic-1.2.10.jar;C:\Users\HP\.m2\repository\ch\qos\logback\logback-core\1.2.10\logback-core-1.2.10.jar;C:\Users\HP\.m2\repository\org\slf4j\slf4j-api\1.7.32\slf4j-api-1.7.32.jar;C:\Users\HP\.m2\repository\org\assertj\assertj-core\3.23.1\assertj-core-3.23.1.jar;C:\Users\HP\.m2\repository\net\bytebuddy\byte-buddy\1.12.10\byte-buddy-1.12.10.jar;"/>
    <property name="java.vm.vendor" value="Oracle Corporation"/>
    <property name="sun.arch.data.model" value="64"/>
    <property name="user.variant" value=""/>
    <property name="java.vendor.url" value="https://java.oracle.com/"/>
    <property name="user.timezone" value="Asia/Jakarta"/>
    <property name="log4j2.formatMsgNoLookups" value="true"/>
    <property name="os.name" value="Windows 11"/>
    <property name="java.vm.specification.version" value="19"/>
    <property name="sun.java.launcher" value="SUN_STANDARD"/>
    <property name="user.country" value="ID"/>
    <property name="sun.boot.library.path" value="C:\Program Files\Java\jdk-19\bin"/>
    <property name="sun.java.command" value="org.apache.maven.surefire.booter.ForkedBooter C:\Users\HP\AppData\Local\Temp\surefire5602850024225837906 2023-05-08T10-00-59_679-jvmRun1 surefire8504309144471230930tmp surefire_0472628515733379572tmp"/>
    <property name="jdk.debug" value="release"/>
    <property name="surefire.test.class.path" value="C:\Users\HP\Downloads\Mini-Project-QA\ALTASHOP WEB AUTOMATION\target\test-classes;C:\Users\HP\.m2\repository\net\serenity-bdd\serenity-core\3.5.1\serenity-core-3.5.1.jar;C:\Users\HP\.m2\repository\net\serenity-bdd\serenity-model\3.5.1\serenity-model-3.5.1.jar;C:\Users\HP\.m2\repository\org\apache\commons\commons-text\1.10.0\commons-text-1.10.0.jar;C:\Users\HP\.m2\repository\commons-net\commons-net\3.8.0\commons-net-3.8.0.jar;C:\Users\HP\.m2\repository\com\google\guava\guava\31.1-jre\guava-31.1-jre.jar;C:\Users\HP\.m2\repository\com\google\guava\failureaccess\1.0.1\failureaccess-1.0.1.jar;C:\Users\HP\.m2\repository\com\google\guava\listenablefuture\9999.0-empty-to-avoid-conflict-with-guava\listenablefuture-9999.0-empty-to-avoid-conflict-with-guava.jar;C:\Users\HP\.m2\repository\com\google\code\findbugs\jsr305\3.0.2\jsr305-3.0.2.jar;C:\Users\HP\.m2\repository\org\checkerframework\checker-qual\3.12.0\checker-qual-3.12.0.jar;C:\Users\HP\.m2\repository\com\google\errorprone\error_prone_annotations\2.11.0\error_prone_annotations-2.11.0.jar;C:\Users\HP\.m2\repository\com\google\j2objc\j2objc-annotations\1.3\j2objc-annotations-1.3.jar;C:\Users\HP\.m2\repository\com\google\inject\guice\5.1.0\guice-5.1.0.jar;C:\Users\HP\.m2\repository\javax\inject\javax.inject\1\javax.inject-1.jar;C:\Users\HP\.m2\repository\aopalliance\aopalliance\1.0\aopalliance-1.0.jar;C:\Users\HP\.m2\repository\org\jsoup\jsoup\1.14.3\jsoup-1.14.3.jar;C:\Users\HP\.m2\repository\com\thoughtworks\xstream\xstream\1.4.19\xstream-1.4.19.jar;C:\Users\HP\.m2\repository\io\github\x-stream\mxparser\1.2.2\mxparser-1.2.2.jar;C:\Users\HP\.m2\repository\xmlpull\xmlpull\1.1.3.1\xmlpull-1.1.3.1.jar;C:\Users\HP\.m2\repository\com\typesafe\config\1.4.2\config-1.4.2.jar;C:\Users\HP\.m2\repository\org\imgscalr\imgscalr-lib\4.2\imgscalr-lib-4.2.jar;C:\Users\HP\.m2\repository\org\awaitility\awaitility\4.2.0\awaitility-4.2.0.jar;C:\Users\HP\.m2\repository\org\freemarker\freemarker\2.3.31\freemarker-2.3.31.jar;C:\Users\HP\.m2\repository\io\github\classgraph\classgraph\4.8.138\classgraph-4.8.138.jar;C:\Users\HP\.m2\repository\net\sourceforge\jexcelapi\jxl\2.6.12\jxl-2.6.12.jar;C:\Users\HP\.m2\repository\net\bytebuddy\byte-buddy-agent\1.12.18\byte-buddy-agent-1.12.18.jar;C:\Users\HP\.m2\repository\org\objenesis\objenesis\3.1\objenesis-3.1.jar;C:\Users\HP\.m2\repository\net\serenity-bdd\serenity-reports\3.5.1\serenity-reports-3.5.1.jar;C:\Users\HP\.m2\repository\net\serenity-bdd\serenity-stats\3.5.1\serenity-stats-3.5.1.jar;C:\Users\HP\.m2\repository\net\serenity-bdd\serenity-reports-configuration\3.5.1\serenity-reports-configuration-3.5.1.jar;C:\Users\HP\.m2\repository\com\vladsch\flexmark\flexmark-all\0.34.30\flexmark-all-0.34.30.jar;C:\Users\HP\.m2\repository\com\vladsch\flexmark\flexmark\0.34.30\flexmark-0.34.30.jar;C:\Users\HP\.m2\repository\com\vladsch\flexmark\flexmark-ext-abbreviation\0.34.30\flexmark-ext-abbreviation-0.34.30.jar;C:\Users\HP\.m2\repository\com\vladsch\flexmark\flexmark-ext-admonition\0.34.30\flexmark-ext-admonition-0.34.30.jar;C:\Users\HP\.m2\repository\com\vladsch\flexmark\flexmark-ext-anchorlink\0.34.30\flexmark-ext-anchorlink-0.34.30.jar;C:\Users\HP\.m2\repository\com\vladsch\flexmark\flexmark-ext-aside\0.34.30\flexmark-ext-aside-0.34.30.jar;C:\Users\HP\.m2\repository\com\vladsch\flexmark\flexmark-ext-attributes\0.34.30\flexmark-ext-attributes-0.34.30.jar;C:\Users\HP\.m2\repository\com\vladsch\flexmark\flexmark-ext-autolink\0.34.30\flexmark-ext-autolink-0.34.30.jar;C:\Users\HP\.m2\repository\org\nibor\autolink\autolink\0.6.0\autolink-0.6.0.jar;C:\Users\HP\.m2\repository\com\vladsch\flexmark\flexmark-ext-definition\0.34.30\flexmark-ext-definition-0.34.30.jar;C:\Users\HP\.m2\repository\com\vladsch\flexmark\flexmark-ext-emoji\0.34.30\flexmark-ext-emoji-0.34.30.jar;C:\Users\HP\.m2\repository\com\vladsch\flexmark\flexmark-ext-enumerated-reference\0.34.30\flexmark-ext-enumerated-reference-0.34.30.jar;C:\Users\HP\.m2\repository\com\vladsch\flexmark\flexmark-ext-escaped-character\0.34.30\flexmark-ext-escaped-character-0.34.30.jar;C:\Users\HP\.m2\repository\com\vladsch\flexmark\flexmark-ext-footnotes\0.34.30\flexmark-ext-footnotes-0.34.30.jar;C:\Users\HP\.m2\repository\com\vladsch\flexmark\flexmark-ext-gfm-issues\0.34.30\flexmark-ext-gfm-issues-0.34.30.jar;C:\Users\HP\.m2\repository\com\vladsch\flexmark\flexmark-ext-gfm-strikethrough\0.34.30\flexmark-ext-gfm-strikethrough-0.34.30.jar;C:\Users\HP\.m2\repository\com\vladsch\flexmark\flexmark-ext-gfm-tables\0.34.30\flexmark-ext-gfm-tables-0.34.30.jar;C:\Users\HP\.m2\repository\com\vladsch\flexmark\flexmark-ext-gfm-tasklist\0.34.30\flexmark-ext-gfm-tasklist-0.34.30.jar;C:\Users\HP\.m2\repository\com\vladsch\flexmark\flexmark-ext-gfm-users\0.34.30\flexmark-ext-gfm-users-0.34.30.jar;C:\Users\HP\.m2\repository\com\vladsch\flexmark\flexmark-ext-gitlab\0.34.30\flexmark-ext-gitlab-0.34.30.jar;C:\Users\HP\.m2\repository\com\vladsch\flexmark\flexmark-ext-jekyll-front-matter\0.34.30\flexmark-ext-jekyll-front-matter-0.34.30.jar;C:\Users\HP\.m2\repository\com\vladsch\flexmark\flexmark-ext-jekyll-tag\0.34.30\flexmark-ext-jekyll-tag-0.34.30.jar;C:\Users\HP\.m2\repository\com\vladsch\flexmark\flexmark-ext-media-tags\0.34.30\flexmark-ext-media-tags-0.34.30.jar;C:\Users\HP\.m2\repository\com\vladsch\flexmark\flexmark-test-util\0.34.30\flexmark-test-util-0.34.30.jar;C:\Users\HP\.m2\repository\com\vladsch\flexmark\flexmark-ext-ins\0.34.30\flexmark-ext-ins-0.34.30.jar;C:\Users\HP\.m2\repository\com\vladsch\flexmark\flexmark-ext-xwiki-macros\0.34.30\flexmark-ext-xwiki-macros-0.34.30.jar;C:\Users\HP\.m2\repository\com\vladsch\flexmark\flexmark-ext-superscript\0.34.30\flexmark-ext-superscript-0.34.30.jar;C:\Users\HP\.m2\repository\com\vladsch\flexmark\flexmark-ext-tables\0.34.30\flexmark-ext-tables-0.34.30.jar;C:\Users\HP\.m2\repository\com\vladsch\flexmark\flexmark-ext-toc\0.34.30\flexmark-ext-toc-0.34.30.jar;C:\Users\HP\.m2\repository\com\vladsch\flexmark\flexmark-ext-typographic\0.34.30\flexmark-ext-typographic-0.34.30.jar;C:\Users\HP\.m2\repository\com\vladsch\flexmark\flexmark-ext-wikilink\0.34.30\flexmark-ext-wikilink-0.34.30.jar;C:\Users\HP\.m2\repository\com\vladsch\flexmark\flexmark-ext-yaml-front-matter\0.34.30\flexmark-ext-yaml-front-matter-0.34.30.jar;C:\Users\HP\.m2\repository\com\vladsch\flexmark\flexmark-ext-youtube-embedded\0.34.30\flexmark-ext-youtube-embedded-0.34.30.jar;C:\Users\HP\.m2\repository\com\vladsch\flexmark\flexmark-formatter\0.34.30\flexmark-formatter-0.34.30.jar;C:\Users\HP\.m2\repository\com\vladsch\flexmark\flexmark-html-parser\0.34.30\flexmark-html-parser-0.34.30.jar;C:\Users\HP\.m2\repository\com\vladsch\flexmark\flexmark-jira-converter\0.34.30\flexmark-jira-converter-0.34.30.jar;C:\Users\HP\.m2\repository\com\vladsch\flexmark\flexmark-pdf-converter\0.34.30\flexmark-pdf-converter-0.34.30.jar;C:\Users\HP\.m2\repository\com\openhtmltopdf\openhtmltopdf-core\0.0.1-RC13\openhtmltopdf-core-0.0.1-RC13.jar;C:\Users\HP\.m2\repository\com\openhtmltopdf\openhtmltopdf-pdfbox\0.0.1-RC13\openhtmltopdf-pdfbox-0.0.1-RC13.jar;C:\Users\HP\.m2\repository\org\apache\pdfbox\pdfbox\2.0.8\pdfbox-2.0.8.jar;C:\Users\HP\.m2\repository\org\apache\pdfbox\fontbox\2.0.8\fontbox-2.0.8.jar;C:\Users\HP\.m2\repository\org\apache\pdfbox\xmpbox\2.0.8\xmpbox-2.0.8.jar;C:\Users\HP\.m2\repository\de\rototor\pdfbox\graphics2d\0.12\graphics2d-0.12.jar;C:\Users\HP\.m2\repository\com\openhtmltopdf\openhtmltopdf-rtl-support\0.0.1-RC13\openhtmltopdf-rtl-support-0.0.1-RC13.jar;C:\Users\HP\.m2\repository\com\ibm\icu\icu4j\59.1\icu4j-59.1.jar;C:\Users\HP\.m2\repository\com\openhtmltopdf\openhtmltopdf-jsoup-dom-converter\0.0.1-RC13\openhtmltopdf-jsoup-dom-converter-0.0.1-RC13.jar;C:\Users\HP\.m2\repository\com\vladsch\flexmark\flexmark-profile-pegdown\0.34.30\flexmark-profile-pegdown-0.34.30.jar;C:\Users\HP\.m2\repository\com\vladsch\flexmark\flexmark-util\0.34.30\flexmark-util-0.34.30.jar;C:\Users\HP\.m2\repository\com\vladsch\flexmark\flexmark-youtrack-converter\0.34.30\flexmark-youtrack-converter-0.34.30.jar;C:\Users\HP\.m2\repository\es\nitaur\markdown\txtmark\0.16\txtmark-0.16.jar;C:\Users\HP\.m2\repository\net\serenity-bdd\serenity-report-resources\3.5.1\serenity-report-resources-3.5.1.jar;C:\Users\HP\.m2\repository\com\google\code\gson\gson\2.9.0\gson-2.9.0.jar;C:\Users\HP\.m2\repository\com\fasterxml\jackson\core\jackson-core\2.13.4\jackson-core-2.13.4.jar;C:\Users\HP\.m2\repository\com\fasterxml\jackson\core\jackson-databind\2.13.4\jackson-databind-2.13.4.jar;C:\Users\HP\.m2\repository\com\fasterxml\jackson\core\jackson-annotations\2.13.4\jackson-annotations-2.13.4.jar;C:\Users\HP\.m2\repository\commons-codec\commons-codec\1.15\commons-codec-1.15.jar;C:\Users\HP\.m2\repository\commons-io\commons-io\2.11.0\commons-io-2.11.0.jar;C:\Users\HP\.m2\repository\org\apache\httpcomponents\httpclient\4.5.13\httpclient-4.5.13.jar;C:\Users\HP\.m2\repository\org\apache\httpcomponents\httpcore\4.4.13\httpcore-4.4.13.jar;C:\Users\HP\.m2\repository\commons-logging\commons-logging\1.2\commons-logging-1.2.jar;C:\Users\HP\.m2\repository\org\seleniumhq\selenium\selenium-java\4.7.1\selenium-java-4.7.1.jar;C:\Users\HP\.m2\repository\org\seleniumhq\selenium\selenium-devtools-v106\4.7.1\selenium-devtools-v106-4.7.1.jar;C:\Users\HP\.m2\repository\org\seleniumhq\selenium\selenium-devtools-v107\4.7.1\selenium-devtools-v107-4.7.1.jar;C:\Users\HP\.m2\repository\org\seleniumhq\selenium\selenium-devtools-v108\4.7.1\selenium-devtools-v108-4.7.1.jar;C:\Users\HP\.m2\repository\org\seleniumhq\selenium\selenium-devtools-v85\4.7.1\selenium-devtools-v85-4.7.1.jar;C:\Users\HP\.m2\repository\org\seleniumhq\selenium\selenium-remote-driver\4.7.1\selenium-remote-driver-4.7.1.jar;C:\Users\HP\.m2\repository\com\beust\jcommander\1.82\jcommander-1.82.jar;C:\Users\HP\.m2\repository\io\netty\netty-buffer\4.1.84.Final\netty-buffer-4.1.84.Final.jar;C:\Users\HP\.m2\repository\io\netty\netty-codec-http\4.1.84.Final\netty-codec-http-4.1.84.Final.jar;C:\Users\HP\.m2\repository\io\netty\netty-codec\4.1.84.Final\netty-codec-4.1.84.Final.jar;C:\Users\HP\.m2\repository\io\netty\netty-handler\4.1.84.Final\netty-handler-4.1.84.Final.jar;C:\Users\HP\.m2\repository\io\netty\netty-common\4.1.84.Final\netty-common-4.1.84.Final.jar;C:\Users\HP\.m2\repository\io\netty\netty-transport-classes-epoll\4.1.84.Final\netty-transport-classes-epoll-4.1.84.Final.jar;C:\Users\HP\.m2\repository\io\netty\netty-transport-classes-kqueue\4.1.84.Final\netty-transport-classes-kqueue-4.1.84.Final.jar;C:\Users\HP\.m2\repository\io\netty\netty-transport-native-epoll\4.1.84.Final\netty-transport-native-epoll-4.1.84.Final.jar;C:\Users\HP\.m2\repository\io\netty\netty-transport-native-kqueue\4.1.84.Final\netty-transport-native-kqueue-4.1.84.Final.jar;C:\Users\HP\.m2\repository\io\netty\netty-transport-native-unix-common\4.1.84.Final\netty-transport-native-unix-common-4.1.84.Final.jar;C:\Users\HP\.m2\repository\io\netty\netty-transport\4.1.84.Final\netty-transport-4.1.84.Final.jar;C:\Users\HP\.m2\repository\io\netty\netty-resolver\4.1.84.Final\netty-resolver-4.1.84.Final.jar;C:\Users\HP\.m2\repository\io\opentelemetry\opentelemetry-api\1.19.0\opentelemetry-api-1.19.0.jar;C:\Users\HP\.m2\repository\io\opentelemetry\opentelemetry-context\1.19.0\opentelemetry-context-1.19.0.jar;C:\Users\HP\.m2\repository\io\opentelemetry\opentelemetry-exporter-logging\1.19.0\opentelemetry-exporter-logging-1.19.0.jar;C:\Users\HP\.m2\repository\io\opentelemetry\opentelemetry-sdk-metrics\1.19.0\opentelemetry-sdk-metrics-1.19.0.jar;C:\Users\HP\.m2\repository\io\opentelemetry\opentelemetry-sdk-logs\1.19.0-alpha\opentelemetry-sdk-logs-1.19.0-alpha.jar;C:\Users\HP\.m2\repository\io\opentelemetry\opentelemetry-api-logs\1.19.0-alpha\opentelemetry-api-logs-1.19.0-alpha.jar;C:\Users\HP\.m2\repository\io\opentelemetry\opentelemetry-sdk-common\1.19.0\opentelemetry-sdk-common-1.19.0.jar;C:\Users\HP\.m2\repository\io\opentelemetry\opentelemetry-sdk-extension-autoconfigure-spi\1.19.0\opentelemetry-sdk-extension-autoconfigure-spi-1.19.0.jar;C:\Users\HP\.m2\repository\io\opentelemetry\opentelemetry-sdk-extension-autoconfigure\1.19.0-alpha\opentelemetry-sdk-extension-autoconfigure-1.19.0-alpha.jar;C:\Users\HP\.m2\repository\io\opentelemetry\opentelemetry-exporter-common\1.19.0\opentelemetry-exporter-common-1.19.0.jar;C:\Users\HP\.m2\repository\io\opentelemetry\opentelemetry-sdk-trace\1.19.0\opentelemetry-sdk-trace-1.19.0.jar;C:\Users\HP\.m2\repository\io\opentelemetry\opentelemetry-sdk\1.19.0\opentelemetry-sdk-1.19.0.jar;C:\Users\HP\.m2\repository\io\opentelemetry\opentelemetry-semconv\1.19.0-alpha\opentelemetry-semconv-1.19.0-alpha.jar;C:\Users\HP\.m2\repository\io\ous\jtoml\2.0.0\jtoml-2.0.0.jar;C:\Users\HP\.m2\repository\org\apache\commons\commons-exec\1.3\commons-exec-1.3.jar;C:\Users\HP\.m2\repository\org\asynchttpclient\async-http-client\2.12.3\async-http-client-2.12.3.jar;C:\Users\HP\.m2\repository\org\asynchttpclient\async-http-client-netty-utils\2.12.3\async-http-client-netty-utils-2.12.3.jar;C:\Users\HP\.m2\repository\io\netty\netty-codec-socks\4.1.60.Final\netty-codec-socks-4.1.60.Final.jar;C:\Users\HP\.m2\repository\io\netty\netty-handler-proxy\4.1.60.Final\netty-handler-proxy-4.1.60.Final.jar;C:\Users\HP\.m2\repository\io\netty\netty-transport-native-epoll\4.1.60.Final\netty-transport-native-epoll-4.1.60.Final-linux-x86_64.jar;C:\Users\HP\.m2\repository\io\netty\netty-transport-native-kqueue\4.1.60.Final\netty-transport-native-kqueue-4.1.60.Final-osx-x86_64.jar;C:\Users\HP\.m2\repository\org\reactivestreams\reactive-streams\1.0.3\reactive-streams-1.0.3.jar;C:\Users\HP\.m2\repository\com\typesafe\netty\netty-reactive-streams\2.0.4\netty-reactive-streams-2.0.4.jar;C:\Users\HP\.m2\repository\org\seleniumhq\selenium\selenium-manager\4.7.1\selenium-manager-4.7.1.jar;C:\Users\HP\.m2\repository\org\seleniumhq\selenium\selenium-safari-driver\4.7.1\selenium-safari-driver-4.7.1.jar;C:\Users\HP\.m2\repository\org\seleniumhq\selenium\selenium-api\4.7.1\selenium-api-4.7.1.jar;C:\Users\HP\.m2\repository\org\seleniumhq\selenium\selenium-support\4.7.1\selenium-support-4.7.1.jar;C:\Users\HP\.m2\repository\com\google\auto\service\auto-service-annotations\1.0.1\auto-service-annotations-1.0.1.jar;C:\Users\HP\.m2\repository\com\google\auto\service\auto-service\1.0.1\auto-service-1.0.1.jar;C:\Users\HP\.m2\repository\com\google\auto\auto-common\1.2\auto-common-1.2.jar;C:\Users\HP\.m2\repository\org\seleniumhq\selenium\selenium-json\4.7.1\selenium-json-4.7.1.jar;C:\Users\HP\.m2\repository\org\seleniumhq\selenium\selenium-chrome-driver\4.7.1\selenium-chrome-driver-4.7.1.jar;C:\Users\HP\.m2\repository\org\seleniumhq\selenium\selenium-chromium-driver\4.7.1\selenium-chromium-driver-4.7.1.jar;C:\Users\HP\.m2\repository\org\seleniumhq\selenium\selenium-firefox-driver\4.7.1\selenium-firefox-driver-4.7.1.jar;C:\Users\HP\.m2\repository\org\seleniumhq\selenium\selenium-http\4.7.1\selenium-http-4.7.1.jar;C:\Users\HP\.m2\repository\dev\failsafe\failsafe\3.3.0\failsafe-3.3.0.jar;C:\Users\HP\.m2\repository\org\seleniumhq\selenium\selenium-edge-driver\4.7.1\selenium-edge-driver-4.7.1.jar;C:\Users\HP\.m2\repository\org\seleniumhq\selenium\selenium-ie-driver\4.7.1\selenium-ie-driver-4.7.1.jar;C:\Users\HP\.m2\repository\org\projectlombok\lombok\1.18.20\lombok-1.18.20.jar;C:\Users\HP\.m2\repository\io\appium\java-client\8.3.0\java-client-8.3.0.jar;C:\Users\HP\.m2\repository\commons-validator\commons-validator\1.7\commons-validator-1.7.jar;C:\Users\HP\.m2\repository\commons-digester\commons-digester\2.1\commons-digester-2.1.jar;C:\Users\HP\.m2\repository\org\apache\groovy\groovy\4.0.6\groovy-4.0.6.jar;C:\Users\HP\.m2\repository\net\sf\opencsv\opencsv\2.0\opencsv-2.0.jar;C:\Users\HP\.m2\repository\commons-beanutils\commons-beanutils\1.9.4\commons-beanutils-1.9.4.jar;C:\Users\HP\.m2\repository\org\apache\commons\commons-lang3\3.12.0\commons-lang3-3.12.0.jar;C:\Users\HP\.m2\repository\commons-collections\commons-collections\3.2.2\commons-collections-3.2.2.jar;C:\Users\HP\.m2\repository\org\fluentlenium\fluentlenium-core\0.10.2\fluentlenium-core-0.10.2.jar;C:\Users\HP\.m2\repository\io\github\bonigarcia\webdrivermanager\5.3.0\webdrivermanager-5.3.0.jar;C:\Users\HP\.m2\repository\com\github\docker-java\docker-java\3.2.13\docker-java-3.2.13.jar;C:\Users\HP\.m2\repository\com\github\docker-java\docker-java-core\3.2.13\docker-java-core-3.2.13.jar;C:\Users\HP\.m2\repository\com\github\docker-java\docker-java-api\3.2.13\docker-java-api-3.2.13.jar;C:\Users\HP\.m2\repository\org\apache\commons\commons-compress\1.21\commons-compress-1.21.jar;C:\Users\HP\.m2\repository\org\bouncycastle\bcpkix-jdk15on\1.64\bcpkix-jdk15on-1.64.jar;C:\Users\HP\.m2\repository\org\bouncycastle\bcprov-jdk15on\1.64\bcprov-jdk15on-1.64.jar;C:\Users\HP\.m2\repository\org\slf4j\jcl-over-slf4j\1.7.30\jcl-over-slf4j-1.7.30.jar;C:\Users\HP\.m2\repository\com\github\docker-java\docker-java-transport-httpclient5\3.2.13\docker-java-transport-httpclient5-3.2.13.jar;C:\Users\HP\.m2\repository\com\github\docker-java\docker-java-transport\3.2.13\docker-java-transport-3.2.13.jar;C:\Users\HP\.m2\repository\net\java\dev\jna\jna\5.8.0\jna-5.8.0.jar;C:\Users\HP\.m2\repository\org\brotli\dec\0.1.2\dec-0.1.2.jar;C:\Users\HP\.m2\repository\org\apache\httpcomponents\client5\httpclient5\5.1.3\httpclient5-5.1.3.jar;C:\Users\HP\.m2\repository\org\apache\httpcomponents\core5\httpcore5\5.1.3\httpcore5-5.1.3.jar;C:\Users\HP\.m2\repository\org\apache\httpcomponents\core5\httpcore5-h2\5.1.3\httpcore5-h2-5.1.3.jar;C:\Users\HP\.m2\repository\com\jhlabs\filters\2.0.235\filters-2.0.235.jar;C:\Users\HP\.m2\repository\com\paulhammant\ngwebdriver\1.1.6\ngwebdriver-1.1.6.jar;C:\Users\HP\.m2\repository\joda-time\joda-time\2.8.2\joda-time-2.8.2.jar;C:\Users\HP\.m2\repository\org\hamcrest\hamcrest\2.2\hamcrest-2.2.jar;C:\Users\HP\.m2\repository\com\google\jimfs\jimfs\1.2\jimfs-1.2.jar;C:\Users\HP\.m2\repository\org\mockito\mockito-core\3.3.3\mockito-core-3.3.3.jar;C:\Users\HP\.m2\repository\javax\xml\bind\jaxb-api\2.3.1\jaxb-api-2.3.1.jar;C:\Users\HP\.m2\repository\javax\activation\javax.activation-api\1.2.0\javax.activation-api-1.2.0.jar;C:\Users\HP\.m2\repository\com\sun\xml\bind\jaxb-core\2.3.0.1\jaxb-core-2.3.0.1.jar;C:\Users\HP\.m2\repository\com\sun\xml\bind\jaxb-impl\2.3.3\jaxb-impl-2.3.3.jar;C:\Users\HP\.m2\repository\jakarta\xml\bind\jakarta.xml.bind-api\2.3.3\jakarta.xml.bind-api-2.3.3.jar;C:\Users\HP\.m2\repository\com\sun\activation\jakarta.activation\1.2.2\jakarta.activation-1.2.2.jar;C:\Users\HP\.m2\repository\javax\activation\activation\1.1.1\activation-1.1.1.jar;C:\Users\HP\.m2\repository\net\serenity-bdd\serenity-cucumber\3.5.1\serenity-cucumber-3.5.1.jar;C:\Users\HP\.m2\repository\io\cucumber\cucumber-core\7.8.1\cucumber-core-7.8.1.jar;C:\Users\HP\.m2\repository\io\cucumber\cucumber-gherkin\7.8.1\cucumber-gherkin-7.8.1.jar;C:\Users\HP\.m2\repository\io\cucumber\cucumber-gherkin-messages\7.8.1\cucumber-gherkin-messages-7.8.1.jar;C:\Users\HP\.m2\repository\io\cucumber\gherkin\24.0.0\gherkin-24.0.0.jar;C:\Users\HP\.m2\repository\io\cucumber\messages\19.1.4\messages-19.1.4.jar;C:\Users\HP\.m2\repository\io\cucumber\tag-expressions\4.1.0\tag-expressions-4.1.0.jar;C:\Users\HP\.m2\repository\io\cucumber\cucumber-expressions\16.0.0\cucumber-expressions-16.0.0.jar;C:\Users\HP\.m2\repository\io\cucumber\datatable\7.8.1\datatable-7.8.1.jar;C:\Users\HP\.m2\repository\io\cucumber\cucumber-plugin\7.8.1\cucumber-plugin-7.8.1.jar;C:\Users\HP\.m2\repository\io\cucumber\docstring\7.8.1\docstring-7.8.1.jar;C:\Users\HP\.m2\repository\io\cucumber\html-formatter\20.1.0\html-formatter-20.1.0.jar;C:\Users\HP\.m2\repository\io\cucumber\ci-environment\9.1.0\ci-environment-9.1.0.jar;C:\Users\HP\.m2\repository\io\cucumber\cucumber-java\7.8.1\cucumber-java-7.8.1.jar;C:\Users\HP\.m2\repository\io\cucumber\cucumber-junit\7.8.1\cucumber-junit-7.8.1.jar;C:\Users\HP\.m2\repository\org\apache\commons\commons-csv\1.5\commons-csv-1.5.jar;C:\Users\HP\.m2\repository\net\serenity-bdd\serenity-screenplay\3.5.1\serenity-screenplay-3.5.1.jar;C:\Users\HP\.m2\repository\net\serenity-bdd\serenity-screenplay-webdriver\3.5.1\serenity-screenplay-webdriver-3.5.1.jar;C:\Users\HP\.m2\repository\net\serenity-bdd\serenity-ensure\3.5.1\serenity-ensure-3.5.1.jar;C:\Users\HP\.m2\repository\net\serenity-bdd\serenity-junit\3.5.1\serenity-junit-3.5.1.jar;C:\Users\HP\.m2\repository\org\jetbrains\kotlin\kotlin-stdlib\1.7.21\kotlin-stdlib-1.7.21.jar;C:\Users\HP\.m2\repository\org\jetbrains\kotlin\kotlin-stdlib-common\1.7.21\kotlin-stdlib-common-1.7.21.jar;C:\Users\HP\.m2\repository\org\jetbrains\annotations\13.0\annotations-13.0.jar;C:\Users\HP\.m2\repository\org\junit\platform\junit-platform-launcher\1.8.2\junit-platform-launcher-1.8.2.jar;C:\Users\HP\.m2\repository\org\junit\platform\junit-platform-engine\1.8.2\junit-platform-engine-1.8.2.jar;C:\Users\HP\.m2\repository\org\opentest4j\opentest4j\1.2.0\opentest4j-1.2.0.jar;C:\Users\HP\.m2\repository\org\junit\platform\junit-platform-commons\1.8.2\junit-platform-commons-1.8.2.jar;C:\Users\HP\.m2\repository\org\apiguardian\apiguardian-api\1.1.2\apiguardian-api-1.1.2.jar;C:\Users\HP\.m2\repository\org\junit\jupiter\junit-jupiter-engine\5.8.2\junit-jupiter-engine-5.8.2.jar;C:\Users\HP\.m2\repository\org\junit\jupiter\junit-jupiter-api\5.8.2\junit-jupiter-api-5.8.2.jar;C:\Users\HP\.m2\repository\org\junit\vintage\junit-vintage-engine\5.8.2\junit-vintage-engine-5.8.2.jar;C:\Users\HP\.m2\repository\junit\junit\4.13.2\junit-4.13.2.jar;C:\Users\HP\.m2\repository\org\hamcrest\hamcrest-core\1.3\hamcrest-core-1.3.jar;C:\Users\HP\.m2\repository\ch\qos\logback\logback-classic\1.2.10\logback-classic-1.2.10.jar;C:\Users\HP\.m2\repository\ch\qos\logback\logback-core\1.2.10\logback-core-1.2.10.jar;C:\Users\HP\.m2\repository\org\slf4j\slf4j-api\1.7.32\slf4j-api-1.7.32.jar;C:\Users\HP\.m2\repository\org\assertj\assertj-core\3.23.1\assertj-core-3.23.1.jar;C:\Users\HP\.m2\repository\net\bytebuddy\byte-buddy\1.12.10\byte-buddy-1.12.10.jar;"/>
    <property name="sun.cpu.endian" value="little"/>
    <property name="user.home" value="C:\Users\HP"/>
    <property name="user.language" value="en"/>
    <property name="java.specification.vendor" value="Oracle Corporation"/>
    <property name="jdk.module.path" value="C:\Users\HP\Downloads\Mini-Project-QA\ALTASHOP WEB AUTOMATION\target\alta-1.0-SNAPSHOT.jar"/>
    <property name="java.version.date" value="2023-01-17"/>
    <property name="java.home" value="C:\Program Files\Java\jdk-19"/>
    <property name="file.separator" value="\"/>
    <property name="basedir" value="C:\Users\HP\Downloads\Mini-Project-QA\ALTASHOP WEB AUTOMATION"/>
    <property name="java.vm.compressedOopsMode" value="32-bit"/>
    <property name="line.separator" value="&#10;"/>
    <property name="java.vm.specification.vendor" value="Oracle Corporation"/>
    <property name="java.specification.name" value="Java Platform API Specification"/>
    <property name="surefire.real.class.path" value="C:\Users\HP\.m2\repository\org\apache\maven\surefire\surefire-booter\3.0.0-M5\surefire-booter-3.0.0-M5.jar;C:\Users\HP\.m2\repository\org\apache\maven\surefire\surefire-api\3.0.0-M5\surefire-api-3.0.0-M5.jar;C:\Users\HP\.m2\repository\org\apache\maven\surefire\surefire-logger-api\3.0.0-M5\surefire-logger-api-3.0.0-M5.jar;C:\Users\HP\.m2\repository\org\apache\maven\surefire\surefire-shared-utils\3.0.0-M4\surefire-shared-utils-3.0.0-M4.jar;C:\Users\HP\.m2\repository\org\apache\maven\surefire\surefire-extensions-spi\3.0.0-M5\surefire-extensions-spi-3.0.0-M5.jar;C:\Users\HP\Downloads\Mini-Project-QA\ALTASHOP WEB AUTOMATION\target\test-classes;C:\Users\HP\.m2\repository\net\serenity-bdd\serenity-core\3.5.1\serenity-core-3.5.1.jar;C:\Users\HP\.m2\repository\net\serenity-bdd\serenity-model\3.5.1\serenity-model-3.5.1.jar;C:\Users\HP\.m2\repository\org\apache\commons\commons-text\1.10.0\commons-text-1.10.0.jar;C:\Users\HP\.m2\repository\commons-net\commons-net\3.8.0\commons-net-3.8.0.jar;C:\Users\HP\.m2\repository\com\google\guava\guava\31.1-jre\guava-31.1-jre.jar;C:\Users\HP\.m2\repository\com\google\guava\failureaccess\1.0.1\failureaccess-1.0.1.jar;C:\Users\HP\.m2\repository\com\google\guava\listenablefuture\9999.0-empty-to-avoid-conflict-with-guava\listenablefuture-9999.0-empty-to-avoid-conflict-with-guava.jar;C:\Users\HP\.m2\repository\com\google\code\findbugs\jsr305\3.0.2\jsr305-3.0.2.jar;C:\Users\HP\.m2\repository\org\checkerframework\checker-qual\3.12.0\checker-qual-3.12.0.jar;C:\Users\HP\.m2\repository\com\google\errorprone\error_prone_annotations\2.11.0\error_prone_annotations-2.11.0.jar;C:\Users\HP\.m2\repository\com\google\j2objc\j2objc-annotations\1.3\j2objc-annotations-1.3.jar;C:\Users\HP\.m2\repository\com\google\inject\guice\5.1.0\guice-5.1.0.jar;C:\Users\HP\.m2\repository\javax\inject\javax.inject\1\javax.inject-1.jar;C:\Users\HP\.m2\repository\aopalliance\aopalliance\1.0\aopalliance-1.0.jar;C:\Users\HP\.m2\repository\org\jsoup\jsoup\1.14.3\jsoup-1.14.3.jar;C:\Users\HP\.m2\repository\com\thoughtworks\xstream\xstream\1.4.19\xstream-1.4.19.jar;C:\Users\HP\.m2\repository\io\github\x-stream\mxparser\1.2.2\mxparser-1.2.2.jar;C:\Users\HP\.m2\repository\xmlpull\xmlpull\1.1.3.1\xmlpull-1.1.3.1.jar;C:\Users\HP\.m2\repository\com\typesafe\config\1.4.2\config-1.4.2.jar;C:\Users\HP\.m2\repository\org\imgscalr\imgscalr-lib\4.2\imgscalr-lib-4.2.jar;C:\Users\HP\.m2\repository\org\awaitility\awaitility\4.2.0\awaitility-4.2.0.jar;C:\Users\HP\.m2\repository\org\freemarker\freemarker\2.3.31\freemarker-2.3.31.jar;C:\Users\HP\.m2\repository\io\github\classgraph\classgraph\4.8.138\classgraph-4.8.138.jar;C:\Users\HP\.m2\repository\net\sourceforge\jexcelapi\jxl\2.6.12\jxl-2.6.12.jar;C:\Users\HP\.m2\repository\net\bytebuddy\byte-buddy-agent\1.12.18\byte-buddy-agent-1.12.18.jar;C:\Users\HP\.m2\repository\org\objenesis\objenesis\3.1\objenesis-3.1.jar;C:\Users\HP\.m2\repository\net\serenity-bdd\serenity-reports\3.5.1\serenity-reports-3.5.1.jar;C:\Users\HP\.m2\repository\net\serenity-bdd\serenity-stats\3.5.1\serenity-stats-3.5.1.jar;C:\Users\HP\.m2\repository\net\serenity-bdd\serenity-reports-configuration\3.5.1\serenity-reports-configuration-3.5.1.jar;C:\Users\HP\.m2\repository\com\vladsch\flexmark\flexmark-all\0.34.30\flexmark-all-0.34.30.jar;C:\Users\HP\.m2\repository\com\vladsch\flexmark\flexmark\0.34.30\flexmark-0.34.30.jar;C:\Users\HP\.m2\repository\com\vladsch\flexmark\flexmark-ext-abbreviation\0.34.30\flexmark-ext-abbreviation-0.34.30.jar;C:\Users\HP\.m2\repository\com\vladsch\flexmark\flexmark-ext-admonition\0.34.30\flexmark-ext-admonition-0.34.30.jar;C:\Users\HP\.m2\repository\com\vladsch\flexmark\flexmark-ext-anchorlink\0.34.30\flexmark-ext-anchorlink-0.34.30.jar;C:\Users\HP\.m2\repository\com\vladsch\flexmark\flexmark-ext-aside\0.34.30\flexmark-ext-aside-0.34.30.jar;C:\Users\HP\.m2\repository\com\vladsch\flexmark\flexmark-ext-attributes\0.34.30\flexmark-ext-attributes-0.34.30.jar;C:\Users\HP\.m2\repository\com\vladsch\flexmark\flexmark-ext-autolink\0.34.30\flexmark-ext-autolink-0.34.30.jar;C:\Users\HP\.m2\repository\org\nibor\autolink\autolink\0.6.0\autolink-0.6.0.jar;C:\Users\HP\.m2\repository\com\vladsch\flexmark\flexmark-ext-definition\0.34.30\flexmark-ext-definition-0.34.30.jar;C:\Users\HP\.m2\repository\com\vladsch\flexmark\flexmark-ext-emoji\0.34.30\flexmark-ext-emoji-0.34.30.jar;C:\Users\HP\.m2\repository\com\vladsch\flexmark\flexmark-ext-enumerated-reference\0.34.30\flexmark-ext-enumerated-reference-0.34.30.jar;C:\Users\HP\.m2\repository\com\vladsch\flexmark\flexmark-ext-escaped-character\0.34.30\flexmark-ext-escaped-character-0.34.30.jar;C:\Users\HP\.m2\repository\com\vladsch\flexmark\flexmark-ext-footnotes\0.34.30\flexmark-ext-footnotes-0.34.30.jar;C:\Users\HP\.m2\repository\com\vladsch\flexmark\flexmark-ext-gfm-issues\0.34.30\flexmark-ext-gfm-issues-0.34.30.jar;C:\Users\HP\.m2\repository\com\vladsch\flexmark\flexmark-ext-gfm-strikethrough\0.34.30\flexmark-ext-gfm-strikethrough-0.34.30.jar;C:\Users\HP\.m2\repository\com\vladsch\flexmark\flexmark-ext-gfm-tables\0.34.30\flexmark-ext-gfm-tables-0.34.30.jar;C:\Users\HP\.m2\repository\com\vladsch\flexmark\flexmark-ext-gfm-tasklist\0.34.30\flexmark-ext-gfm-tasklist-0.34.30.jar;C:\Users\HP\.m2\repository\com\vladsch\flexmark\flexmark-ext-gfm-users\0.34.30\flexmark-ext-gfm-users-0.34.30.jar;C:\Users\HP\.m2\repository\com\vladsch\flexmark\flexmark-ext-gitlab\0.34.30\flexmark-ext-gitlab-0.34.30.jar;C:\Users\HP\.m2\repository\com\vladsch\flexmark\flexmark-ext-jekyll-front-matter\0.34.30\flexmark-ext-jekyll-front-matter-0.34.30.jar;C:\Users\HP\.m2\repository\com\vladsch\flexmark\flexmark-ext-jekyll-tag\0.34.30\flexmark-ext-jekyll-tag-0.34.30.jar;C:\Users\HP\.m2\repository\com\vladsch\flexmark\flexmark-ext-media-tags\0.34.30\flexmark-ext-media-tags-0.34.30.jar;C:\Users\HP\.m2\repository\com\vladsch\flexmark\flexmark-test-util\0.34.30\flexmark-test-util-0.34.30.jar;C:\Users\HP\.m2\repository\com\vladsch\flexmark\flexmark-ext-ins\0.34.30\flexmark-ext-ins-0.34.30.jar;C:\Users\HP\.m2\repository\com\vladsch\flexmark\flexmark-ext-xwiki-macros\0.34.30\flexmark-ext-xwiki-macros-0.34.30.jar;C:\Users\HP\.m2\repository\com\vladsch\flexmark\flexmark-ext-superscript\0.34.30\flexmark-ext-superscript-0.34.30.jar;C:\Users\HP\.m2\repository\com\vladsch\flexmark\flexmark-ext-tables\0.34.30\flexmark-ext-tables-0.34.30.jar;C:\Users\HP\.m2\repository\com\vladsch\flexmark\flexmark-ext-toc\0.34.30\flexmark-ext-toc-0.34.30.jar;C:\Users\HP\.m2\repository\com\vladsch\flexmark\flexmark-ext-typographic\0.34.30\flexmark-ext-typographic-0.34.30.jar;C:\Users\HP\.m2\repository\com\vladsch\flexmark\flexmark-ext-wikilink\0.34.30\flexmark-ext-wikilink-0.34.30.jar;C:\Users\HP\.m2\repository\com\vladsch\flexmark\flexmark-ext-yaml-front-matter\0.34.30\flexmark-ext-yaml-front-matter-0.34.30.jar;C:\Users\HP\.m2\repository\com\vladsch\flexmark\flexmark-ext-youtube-embedded\0.34.30\flexmark-ext-youtube-embedded-0.34.30.jar;C:\Users\HP\.m2\repository\com\vladsch\flexmark\flexmark-formatter\0.34.30\flexmark-formatter-0.34.30.jar;C:\Users\HP\.m2\repository\com\vladsch\flexmark\flexmark-html-parser\0.34.30\flexmark-html-parser-0.34.30.jar;C:\Users\HP\.m2\repository\com\vladsch\flexmark\flexmark-jira-converter\0.34.30\flexmark-jira-converter-0.34.30.jar;C:\Users\HP\.m2\repository\com\vladsch\flexmark\flexmark-pdf-converter\0.34.30\flexmark-pdf-converter-0.34.30.jar;C:\Users\HP\.m2\repository\com\openhtmltopdf\openhtmltopdf-core\0.0.1-RC13\openhtmltopdf-core-0.0.1-RC13.jar;C:\Users\HP\.m2\repository\com\openhtmltopdf\openhtmltopdf-pdfbox\0.0.1-RC13\openhtmltopdf-pdfbox-0.0.1-RC13.jar;C:\Users\HP\.m2\repository\org\apache\pdfbox\pdfbox\2.0.8\pdfbox-2.0.8.jar;C:\Users\HP\.m2\repository\org\apache\pdfbox\fontbox\2.0.8\fontbox-2.0.8.jar;C:\Users\HP\.m2\repository\org\apache\pdfbox\xmpbox\2.0.8\xmpbox-2.0.8.jar;C:\Users\HP\.m2\repository\de\rototor\pdfbox\graphics2d\0.12\graphics2d-0.12.jar;C:\Users\HP\.m2\repository\com\openhtmltopdf\openhtmltopdf-rtl-support\0.0.1-RC13\openhtmltopdf-rtl-support-0.0.1-RC13.jar;C:\Users\HP\.m2\repository\com\ibm\icu\icu4j\59.1\icu4j-59.1.jar;C:\Users\HP\.m2\repository\com\openhtmltopdf\openhtmltopdf-jsoup-dom-converter\0.0.1-RC13\openhtmltopdf-jsoup-dom-converter-0.0.1-RC13.jar;C:\Users\HP\.m2\repository\com\vladsch\flexmark\flexmark-profile-pegdown\0.34.30\flexmark-profile-pegdown-0.34.30.jar;C:\Users\HP\.m2\repository\com\vladsch\flexmark\flexmark-util\0.34.30\flexmark-util-0.34.30.jar;C:\Users\HP\.m2\repository\com\vladsch\flexmark\flexmark-youtrack-converter\0.34.30\flexmark-youtrack-converter-0.34.30.jar;C:\Users\HP\.m2\repository\es\nitaur\markdown\txtmark\0.16\txtmark-0.16.jar;C:\Users\HP\.m2\repository\net\serenity-bdd\serenity-report-resources\3.5.1\serenity-report-resources-3.5.1.jar;C:\Users\HP\.m2\repository\com\google\code\gson\gson\2.9.0\gson-2.9.0.jar;C:\Users\HP\.m2\repository\com\fasterxml\jackson\core\jackson-core\2.13.4\jackson-core-2.13.4.jar;C:\Users\HP\.m2\repository\com\fasterxml\jackson\core\jackson-databind\2.13.4\jackson-databind-2.13.4.jar;C:\Users\HP\.m2\repository\com\fasterxml\jackson\core\jackson-annotations\2.13.4\jackson-annotations-2.13.4.jar;C:\Users\HP\.m2\repository\commons-codec\commons-codec\1.15\commons-codec-1.15.jar;C:\Users\HP\.m2\repository\commons-io\commons-io\2.11.0\commons-io-2.11.0.jar;C:\Users\HP\.m2\repository\org\apache\httpcomponents\httpclient\4.5.13\httpclient-4.5.13.jar;C:\Users\HP\.m2\repository\org\apache\httpcomponents\httpcore\4.4.13\httpcore-4.4.13.jar;C:\Users\HP\.m2\repository\commons-logging\commons-logging\1.2\commons-logging-1.2.jar;C:\Users\HP\.m2\repository\org\seleniumhq\selenium\selenium-java\4.7.1\selenium-java-4.7.1.jar;C:\Users\HP\.m2\repository\org\seleniumhq\selenium\selenium-devtools-v106\4.7.1\selenium-devtools-v106-4.7.1.jar;C:\Users\HP\.m2\repository\org\seleniumhq\selenium\selenium-devtools-v107\4.7.1\selenium-devtools-v107-4.7.1.jar;C:\Users\HP\.m2\repository\org\seleniumhq\selenium\selenium-devtools-v108\4.7.1\selenium-devtools-v108-4.7.1.jar;C:\Users\HP\.m2\repository\org\seleniumhq\selenium\selenium-devtools-v85\4.7.1\selenium-devtools-v85-4.7.1.jar;C:\Users\HP\.m2\repository\org\seleniumhq\selenium\selenium-remote-driver\4.7.1\selenium-remote-driver-4.7.1.jar;C:\Users\HP\.m2\repository\com\beust\jcommander\1.82\jcommander-1.82.jar;C:\Users\HP\.m2\repository\io\netty\netty-buffer\4.1.84.Final\netty-buffer-4.1.84.Final.jar;C:\Users\HP\.m2\repository\io\netty\netty-codec-http\4.1.84.Final\netty-codec-http-4.1.84.Final.jar;C:\Users\HP\.m2\repository\io\netty\netty-codec\4.1.84.Final\netty-codec-4.1.84.Final.jar;C:\Users\HP\.m2\repository\io\netty\netty-handler\4.1.84.Final\netty-handler-4.1.84.Final.jar;C:\Users\HP\.m2\repository\io\netty\netty-common\4.1.84.Final\netty-common-4.1.84.Final.jar;C:\Users\HP\.m2\repository\io\netty\netty-transport-classes-epoll\4.1.84.Final\netty-transport-classes-epoll-4.1.84.Final.jar;C:\Users\HP\.m2\repository\io\netty\netty-transport-classes-kqueue\4.1.84.Final\netty-transport-classes-kqueue-4.1.84.Final.jar;C:\Users\HP\.m2\repository\io\netty\netty-transport-native-epoll\4.1.84.Final\netty-transport-native-epoll-4.1.84.Final.jar;C:\Users\HP\.m2\repository\io\netty\netty-transport-native-kqueue\4.1.84.Final\netty-transport-native-kqueue-4.1.84.Final.jar;C:\Users\HP\.m2\repository\io\netty\netty-transport-native-unix-common\4.1.84.Final\netty-transport-native-unix-common-4.1.84.Final.jar;C:\Users\HP\.m2\repository\io\netty\netty-transport\4.1.84.Final\netty-transport-4.1.84.Final.jar;C:\Users\HP\.m2\repository\io\netty\netty-resolver\4.1.84.Final\netty-resolver-4.1.84.Final.jar;C:\Users\HP\.m2\repository\io\opentelemetry\opentelemetry-api\1.19.0\opentelemetry-api-1.19.0.jar;C:\Users\HP\.m2\repository\io\opentelemetry\opentelemetry-context\1.19.0\opentelemetry-context-1.19.0.jar;C:\Users\HP\.m2\repository\io\opentelemetry\opentelemetry-exporter-logging\1.19.0\opentelemetry-exporter-logging-1.19.0.jar;C:\Users\HP\.m2\repository\io\opentelemetry\opentelemetry-sdk-metrics\1.19.0\opentelemetry-sdk-metrics-1.19.0.jar;C:\Users\HP\.m2\repository\io\opentelemetry\opentelemetry-sdk-logs\1.19.0-alpha\opentelemetry-sdk-logs-1.19.0-alpha.jar;C:\Users\HP\.m2\repository\io\opentelemetry\opentelemetry-api-logs\1.19.0-alpha\opentelemetry-api-logs-1.19.0-alpha.jar;C:\Users\HP\.m2\repository\io\opentelemetry\opentelemetry-sdk-common\1.19.0\opentelemetry-sdk-common-1.19.0.jar;C:\Users\HP\.m2\repository\io\opentelemetry\opentelemetry-sdk-extension-autoconfigure-spi\1.19.0\opentelemetry-sdk-extension-autoconfigure-spi-1.19.0.jar;C:\Users\HP\.m2\repository\io\opentelemetry\opentelemetry-sdk-extension-autoconfigure\1.19.0-alpha\opentelemetry-sdk-extension-autoconfigure-1.19.0-alpha.jar;C:\Users\HP\.m2\repository\io\opentelemetry\opentelemetry-exporter-common\1.19.0\opentelemetry-exporter-common-1.19.0.jar;C:\Users\HP\.m2\repository\io\opentelemetry\opentelemetry-sdk-trace\1.19.0\opentelemetry-sdk-trace-1.19.0.jar;C:\Users\HP\.m2\repository\io\opentelemetry\opentelemetry-sdk\1.19.0\opentelemetry-sdk-1.19.0.jar;C:\Users\HP\.m2\repository\io\opentelemetry\opentelemetry-semconv\1.19.0-alpha\opentelemetry-semconv-1.19.0-alpha.jar;C:\Users\HP\.m2\repository\io\ous\jtoml\2.0.0\jtoml-2.0.0.jar;C:\Users\HP\.m2\repository\org\apache\commons\commons-exec\1.3\commons-exec-1.3.jar;C:\Users\HP\.m2\repository\org\asynchttpclient\async-http-client\2.12.3\async-http-client-2.12.3.jar;C:\Users\HP\.m2\repository\org\asynchttpclient\async-http-client-netty-utils\2.12.3\async-http-client-netty-utils-2.12.3.jar;C:\Users\HP\.m2\repository\io\netty\netty-codec-socks\4.1.60.Final\netty-codec-socks-4.1.60.Final.jar;C:\Users\HP\.m2\repository\io\netty\netty-handler-proxy\4.1.60.Final\netty-handler-proxy-4.1.60.Final.jar;C:\Users\HP\.m2\repository\io\netty\netty-transport-native-epoll\4.1.60.Final\netty-transport-native-epoll-4.1.60.Final-linux-x86_64.jar;C:\Users\HP\.m2\repository\io\netty\netty-transport-native-kqueue\4.1.60.Final\netty-transport-native-kqueue-4.1.60.Final-osx-x86_64.jar;C:\Users\HP\.m2\repository\org\reactivestreams\reactive-streams\1.0.3\reactive-streams-1.0.3.jar;C:\Users\HP\.m2\repository\com\typesafe\netty\netty-reactive-streams\2.0.4\netty-reactive-streams-2.0.4.jar;C:\Users\HP\.m2\repository\org\seleniumhq\selenium\selenium-manager\4.7.1\selenium-manager-4.7.1.jar;C:\Users\HP\.m2\repository\org\seleniumhq\selenium\selenium-safari-driver\4.7.1\selenium-safari-driver-4.7.1.jar;C:\Users\HP\.m2\repository\org\seleniumhq\selenium\selenium-api\4.7.1\selenium-api-4.7.1.jar;C:\Users\HP\.m2\repository\org\seleniumhq\selenium\selenium-support\4.7.1\selenium-support-4.7.1.jar;C:\Users\HP\.m2\repository\com\google\auto\service\auto-service-annotations\1.0.1\auto-service-annotations-1.0.1.jar;C:\Users\HP\.m2\repository\com\google\auto\service\auto-service\1.0.1\auto-service-1.0.1.jar;C:\Users\HP\.m2\repository\com\google\auto\auto-common\1.2\auto-common-1.2.jar;C:\Users\HP\.m2\repository\org\seleniumhq\selenium\selenium-json\4.7.1\selenium-json-4.7.1.jar;C:\Users\HP\.m2\repository\org\seleniumhq\selenium\selenium-chrome-driver\4.7.1\selenium-chrome-driver-4.7.1.jar;C:\Users\HP\.m2\repository\org\seleniumhq\selenium\selenium-chromium-driver\4.7.1\selenium-chromium-driver-4.7.1.jar;C:\Users\HP\.m2\repository\org\seleniumhq\selenium\selenium-firefox-driver\4.7.1\selenium-firefox-driver-4.7.1.jar;C:\Users\HP\.m2\repository\org\seleniumhq\selenium\selenium-http\4.7.1\selenium-http-4.7.1.jar;C:\Users\HP\.m2\repository\dev\failsafe\failsafe\3.3.0\failsafe-3.3.0.jar;C:\Users\HP\.m2\repository\org\seleniumhq\selenium\selenium-edge-driver\4.7.1\selenium-edge-driver-4.7.1.jar;C:\Users\HP\.m2\repository\org\seleniumhq\selenium\selenium-ie-driver\4.7.1\selenium-ie-driver-4.7.1.jar;C:\Users\HP\.m2\repository\org\projectlombok\lombok\1.18.20\lombok-1.18.20.jar;C:\Users\HP\.m2\repository\io\appium\java-client\8.3.0\java-client-8.3.0.jar;C:\Users\HP\.m2\repository\commons-validator\commons-validator\1.7\commons-validator-1.7.jar;C:\Users\HP\.m2\repository\commons-digester\commons-digester\2.1\commons-digester-2.1.jar;C:\Users\HP\.m2\repository\org\apache\groovy\groovy\4.0.6\groovy-4.0.6.jar;C:\Users\HP\.m2\repository\net\sf\opencsv\opencsv\2.0\opencsv-2.0.jar;C:\Users\HP\.m2\repository\commons-beanutils\commons-beanutils\1.9.4\commons-beanutils-1.9.4.jar;C:\Users\HP\.m2\repository\org\apache\commons\commons-lang3\3.12.0\commons-lang3-3.12.0.jar;C:\Users\HP\.m2\repository\commons-collections\commons-collections\3.2.2\commons-collections-3.2.2.jar;C:\Users\HP\.m2\repository\org\fluentlenium\fluentlenium-core\0.10.2\fluentlenium-core-0.10.2.jar;C:\Users\HP\.m2\repository\io\github\bonigarcia\webdrivermanager\5.3.0\webdrivermanager-5.3.0.jar;C:\Users\HP\.m2\repository\com\github\docker-java\docker-java\3.2.13\docker-java-3.2.13.jar;C:\Users\HP\.m2\repository\com\github\docker-java\docker-java-core\3.2.13\docker-java-core-3.2.13.jar;C:\Users\HP\.m2\repository\com\github\docker-java\docker-java-api\3.2.13\docker-java-api-3.2.13.jar;C:\Users\HP\.m2\repository\org\apache\commons\commons-compress\1.21\commons-compress-1.21.jar;C:\Users\HP\.m2\repository\org\bouncycastle\bcpkix-jdk15on\1.64\bcpkix-jdk15on-1.64.jar;C:\Users\HP\.m2\repository\org\bouncycastle\bcprov-jdk15on\1.64\bcprov-jdk15on-1.64.jar;C:\Users\HP\.m2\repository\org\slf4j\jcl-over-slf4j\1.7.30\jcl-over-slf4j-1.7.30.jar;C:\Users\HP\.m2\repository\com\github\docker-java\docker-java-transport-httpclient5\3.2.13\docker-java-transport-httpclient5-3.2.13.jar;C:\Users\HP\.m2\repository\com\github\docker-java\docker-java-transport\3.2.13\docker-java-transport-3.2.13.jar;C:\Users\HP\.m2\repository\net\java\dev\jna\jna\5.8.0\jna-5.8.0.jar;C:\Users\HP\.m2\repository\org\brotli\dec\0.1.2\dec-0.1.2.jar;C:\Users\HP\.m2\repository\org\apache\httpcomponents\client5\httpclient5\5.1.3\httpclient5-5.1.3.jar;C:\Users\HP\.m2\repository\org\apache\httpcomponents\core5\httpcore5\5.1.3\httpcore5-5.1.3.jar;C:\Users\HP\.m2\repository\org\apache\httpcomponents\core5\httpcore5-h2\5.1.3\httpcore5-h2-5.1.3.jar;C:\Users\HP\.m2\repository\com\jhlabs\filters\2.0.235\filters-2.0.235.jar;C:\Users\HP\.m2\repository\com\paulhammant\ngwebdriver\1.1.6\ngwebdriver-1.1.6.jar;C:\Users\HP\.m2\repository\joda-time\joda-time\2.8.2\joda-time-2.8.2.jar;C:\Users\HP\.m2\repository\org\hamcrest\hamcrest\2.2\hamcrest-2.2.jar;C:\Users\HP\.m2\repository\com\google\jimfs\jimfs\1.2\jimfs-1.2.jar;C:\Users\HP\.m2\repository\org\mockito\mockito-core\3.3.3\mockito-core-3.3.3.jar;C:\Users\HP\.m2\repository\javax\xml\bind\jaxb-api\2.3.1\jaxb-api-2.3.1.jar;C:\Users\HP\.m2\repository\javax\activation\javax.activation-api\1.2.0\javax.activation-api-1.2.0.jar;C:\Users\HP\.m2\repository\com\sun\xml\bind\jaxb-core\2.3.0.1\jaxb-core-2.3.0.1.jar;C:\Users\HP\.m2\repository\com\sun\xml\bind\jaxb-impl\2.3.3\jaxb-impl-2.3.3.jar;C:\Users\HP\.m2\repository\jakarta\xml\bind\jakarta.xml.bind-api\2.3.3\jakarta.xml.bind-api-2.3.3.jar;C:\Users\HP\.m2\repository\com\sun\activation\jakarta.activation\1.2.2\jakarta.activation-1.2.2.jar;C:\Users\HP\.m2\repository\javax\activation\activation\1.1.1\activation-1.1.1.jar;C:\Users\HP\.m2\repository\net\serenity-bdd\serenity-cucumber\3.5.1\serenity-cucumber-3.5.1.jar;C:\Users\HP\.m2\repository\io\cucumber\cucumber-core\7.8.1\cucumber-core-7.8.1.jar;C:\Users\HP\.m2\repository\io\cucumber\cucumber-gherkin\7.8.1\cucumber-gherkin-7.8.1.jar;C:\Users\HP\.m2\repository\io\cucumber\cucumber-gherkin-messages\7.8.1\cucumber-gherkin-messages-7.8.1.jar;C:\Users\HP\.m2\repository\io\cucumber\gherkin\24.0.0\gherkin-24.0.0.jar;C:\Users\HP\.m2\repository\io\cucumber\messages\19.1.4\messages-19.1.4.jar;C:\Users\HP\.m2\repository\io\cucumber\tag-expressions\4.1.0\tag-expressions-4.1.0.jar;C:\Users\HP\.m2\repository\io\cucumber\cucumber-expressions\16.0.0\cucumber-expressions-16.0.0.jar;C:\Users\HP\.m2\repository\io\cucumber\datatable\7.8.1\datatable-7.8.1.jar;C:\Users\HP\.m2\repository\io\cucumber\cucumber-plugin\7.8.1\cucumber-plugin-7.8.1.jar;C:\Users\HP\.m2\repository\io\cucumber\docstring\7.8.1\docstring-7.8.1.jar;C:\Users\HP\.m2\repository\io\cucumber\html-formatter\20.1.0\html-formatter-20.1.0.jar;C:\Users\HP\.m2\repository\io\cucumber\ci-environment\9.1.0\ci-environment-9.1.0.jar;C:\Users\HP\.m2\repository\io\cucumber\cucumber-java\7.8.1\cucumber-java-7.8.1.jar;C:\Users\HP\.m2\repository\io\cucumber\cucumber-junit\7.8.1\cucumber-junit-7.8.1.jar;C:\Users\HP\.m2\repository\org\apache\commons\commons-csv\1.5\commons-csv-1.5.jar;C:\Users\HP\.m2\repository\net\serenity-bdd\serenity-screenplay\3.5.1\serenity-screenplay-3.5.1.jar;C:\Users\HP\.m2\repository\net\serenity-bdd\serenity-screenplay-webdriver\3.5.1\serenity-screenplay-webdriver-3.5.1.jar;C:\Users\HP\.m2\repository\net\serenity-bdd\serenity-ensure\3.5.1\serenity-ensure-3.5.1.jar;C:\Users\HP\.m2\repository\net\serenity-bdd\serenity-junit\3.5.1\serenity-junit-3.5.1.jar;C:\Users\HP\.m2\repository\org\jetbrains\kotlin\kotlin-stdlib\1.7.21\kotlin-stdlib-1.7.21.jar;C:\Users\HP\.m2\repository\org\jetbrains\kotlin\kotlin-stdlib-common\1.7.21\kotlin-stdlib-common-1.7.21.jar;C:\Users\HP\.m2\repository\org\jetbrains\annotations\13.0\annotations-13.0.jar;C:\Users\HP\.m2\repository\org\junit\platform\junit-platform-launcher\1.8.2\junit-platform-launcher-1.8.2.jar;C:\Users\HP\.m2\repository\org\junit\platform\junit-platform-engine\1.8.2\junit-platform-engine-1.8.2.jar;C:\Users\HP\.m2\repository\org\opentest4j\opentest4j\1.2.0\opentest4j-1.2.0.jar;C:\Users\HP\.m2\repository\org\junit\platform\junit-platform-commons\1.8.2\junit-platform-commons-1.8.2.jar;C:\Users\HP\.m2\repository\org\apiguardian\apiguardian-api\1.1.2\apiguardian-api-1.1.2.jar;C:\Users\HP\.m2\repository\org\junit\jupiter\junit-jupiter-engine\5.8.2\junit-jupiter-engine-5.8.2.jar;C:\Users\HP\.m2\repository\org\junit\jupiter\junit-jupiter-api\5.8.2\junit-jupiter-api-5.8.2.jar;C:\Users\HP\.m2\repository\org\junit\vintage\junit-vintage-engine\5.8.2\junit-vintage-engine-5.8.2.jar;C:\Users\HP\.m2\repository\junit\junit\4.13.2\junit-4.13.2.jar;C:\Users\HP\.m2\repository\org\hamcrest\hamcrest-core\1.3\hamcrest-core-1.3.jar;C:\Users\HP\.m2\repository\ch\qos\logback\logback-classic\1.2.10\logback-classic-1.2.10.jar;C:\Users\HP\.m2\repository\ch\qos\logback\logback-core\1.2.10\logback-core-1.2.10.jar;C:\Users\HP\.m2\repository\org\slf4j\slf4j-api\1.7.32\slf4j-api-1.7.32.jar;C:\Users\HP\.m2\repository\org\assertj\assertj-core\3.23.1\assertj-core-3.23.1.jar;C:\Users\HP\.m2\repository\net\bytebuddy\byte-buddy\1.12.10\byte-buddy-1.12.10.jar;C:\Users\HP\.m2\repository\org\apache\maven\surefire\surefire-junit-platform\3.0.0-M5\surefire-junit-platform-3.0.0-M5.jar;C:\Users\HP\.m2\repository\org\apache\maven\surefire\common-java5\3.0.0-M5\common-java5-3.0.0-M5.jar"/>
    <property name="user.script" value=""/>
    <property name="java.protocol.handler.pkgs" value="com.google.common"/>
    <property name="sun.management.compiler" value="HotSpot 64-Bit Tiered Compilers"/>
    <property name="java.runtime.version" value="19.0.2+7-44"/>
    <property name="user.name" value="HP"/>
    <property name="stdout.encoding" value="Cp1252"/>
    <property name="path.separator" value=";"/>
    <property name="os.version" value="10.0"/>
    <property name="java.runtime.name" value="Java(TM) SE Runtime Environment"/>
    <property name="file.encoding" value="UTF-8"/>
    <property name="webdriver.base.url" value=""/>
    <property name="java.vm.name" value="Java HotSpot(TM) 64-Bit Server VM"/>
    <property name="localRepository" value="C:\Users\HP\.m2\repository"/>
    <property name="java.vendor.url.bug" value="https://bugreport.java.com/bugreport/"/>
    <property name="java.io.tmpdir" value="C:\Users\HP\AppData\Local\Temp\"/>
    <property name="java.version" value="19.0.2"/>
    <property name="user.dir" value="C:\Users\HP\Downloads\Mini-Project-QA\ALTASHOP WEB AUTOMATION"/>
    <property name="os.arch" value="amd64"/>
    <property name="java.vm.specification.name" value="Java Virtual Machine Specification"/>
    <property name="sun.os.patch.level" value=""/>
    <property name="native.encoding" value="Cp1252"/>
    <property name="java.library.path" value="C:\Program Files\Java\jdk-19\bin;C:\WINDOWS\Sun\Java\bin;C:\WINDOWS\system32;C:\WINDOWS;C:\Program Files\Common Files\Oracle\Java\javapath;C:\Program Files\Java\jdk1.8.0_361\bin;c:\Program Files (x86)\Common Files\Intel\Shared Files\cpp\bin\Intel64;C:\WINDOWS\system32;C:\WINDOWS;C:\WINDOWS\System32\Wbem;C:\WINDOWS\System32\WindowsPowerShell\v1.0\;C:\WINDOWS\System32\OpenSSH\;C:\Users\apache-maven-3.9.1-bin\bin;%MAVEN_HOME%\bin;C:\Users\HP\AppData\Local\Android\Sdk;C:\Users\HP\AppData\Local\Android\Sdk\platform-tools;C:\Program Files\nodejs\;C:\Program Files\Git\cmd;C:\Users\HP\AppData\Local\Microsoft\WindowsApps;C:\Program Files\JetBrains\IntelliJ IDEA Community Edition 2022.3.2\bin;C:\Users\HP\AppData\Local\GitHubDesktop\bin;C:\Users\HP\AppData\Local\Programs\Microsoft VS Code\bin;C:\Users\HP\AppData\Roaming\npm;C:\Users\HP\AppData\Local\gitkraken\bin;."/>
    <property name="java.vm.info" value="mixed mode"/>
    <property name="stderr.encoding" value="Cp1252"/>
    <property name="java.vendor" value="Oracle Corporation"/>
    <property name="java.vm.version" value="19.0.2+7-44"/>
    <property name="sun.io.unicode.encoding" value="UnicodeLittle"/>
    <property name="java.class.version" value="63.0"/>
  </properties>
  <testcase name="user tidak bisa login karena akunnya belum terdaftar" classname="login" time="33.757">
    <system-out><![CDATA[10:01:07.354 [main] DEBUG net.thucydides.core.guice.Injectors - Created injector for module net.thucydides.core.guice.ThucydidesModule
10:01:08.094 [main] INFO io.cucumber.core.plugin.SerenityReporter - Running feature from file:///C:/Users/HP/Downloads/Mini-Project-QA/ALTASHOP%20WEB%20AUTOMATION/src/test/resources/features/1.%20Login.feature
10:01:08.445 [main] DEBUG net.thucydides.core.guice.Injectors - Created injector for module net.thucydides.core.guice.webdriver.WebDriverModule
10:01:08.539 [main] INFO  - 

-------------------------------------------------------------------------------------
     _______. _______ .______       _______ .__   __.  __  .___________.____    ____ 
    /       ||   ____||   _  \     |   ____||  \ |  | |  | |           |\   \  /   / 
   |   (----`|  |__   |  |_)  |    |  |__   |   \|  | |  | `---|  |----` \   \/   /  
    \   \    |   __|  |      /     |   __|  |  . `  | |  |     |  |       \_    _/   
.----)   |   |  |____ |  |\  \----.|  |____ |  |\   | |  |     |  |         |  |     
|_______/    |_______|| _| `._____||_______||__| \__| |__|     |__|         |__|    
                                                                                     
 News and tutorials at http://www.serenity-bdd.info                                  
 Documentation at https://wakaleo.gitbooks.io/the-serenity-book/content/             
 Join the Serenity Community on Gitter: https://gitter.im/serenity-bdd/serenity-core 
 Serenity BDD Support and Training at http://serenity-bdd.info/#/trainingandsupport  
-------------------------------------------------------------------------------------

10:01:08.549 [main] DEBUG net.thucydides.core.steps.StepEventBus - Test suite started for story net.thucydides.core.model.Story@c21ffae2
10:01:08.561 [main] INFO  - Test Suite Started: Login
10:01:08.610 [main] INFO io.cucumber.core.plugin.SerenityReporter - Running feature from file:///C:/Users/HP/Downloads/Mini-Project-QA/ALTASHOP%20WEB%20AUTOMATION/src/test/resources/features/2.%20Register.feature
10:01:08.624 [main] DEBUG net.thucydides.core.steps.StepEventBus - Test suite started for story net.thucydides.core.model.Story@83d3b3ef
10:01:08.626 [main] INFO  - Test Suite Started: Register
10:01:08.626 [main] INFO io.cucumber.core.plugin.SerenityReporter - Running feature from file:///C:/Users/HP/Downloads/Mini-Project-QA/ALTASHOP%20WEB%20AUTOMATION/src/test/resources/features/3.%20Transaksi.feature
10:01:08.638 [main] DEBUG net.thucydides.core.steps.StepEventBus - Test suite started for story net.thucydides.core.model.Story@75f83c00
10:01:08.639 [main] INFO  - Test Suite Started: Transaksi
10:01:08.641 [main] INFO io.cucumber.core.plugin.SerenityReporter - Running feature from file:///C:/Users/HP/Downloads/Mini-Project-QA/ALTASHOP%20WEB%20AUTOMATION/src/test/resources/features/1.%20Login.feature
10:01:08.649 [main] DEBUG net.thucydides.core.steps.StepEventBus - Test suite started for story net.thucydides.core.model.Story@c21ffae2
10:01:08.651 [main] INFO  - Test Suite Started: Login

@AS01-negative
Scenario: user tidak bisa login karena akunnya belum terdaftar &amp#27;[90m# src/test/resources/features/1. Login.feature:5&amp#27;[0m
10:01:08.873 [main] INFO io.cucumber.core.plugin.SerenityReporter - Running feature from file:///C:/Users/HP/Downloads/Mini-Project-QA/ALTASHOP%20WEB%20AUTOMATION/src/test/resources/features/1.%20Login.feature
10:01:09.157 [main] INFO  - 
  _____   ___   ___   _____     ___   _____     _     ___   _____   ___   ___  
 |_   _| | __| / __| |_   _|   / __| |_   _|   /_\   | _ \ |_   _| | __| |   \ 
   | |   | _|  \__ \   | |     \__ \   | |    / _ \  |   /   | |   | _|  | |) |
   |_|   |___| |___/   |_|     |___/   |_|   /_/ \_\ |_|_\   |_|   |___| |___/ 

user tidak bisa login karena akunnya belum terdaftar(login;user-tidak-bisa-login-karena-akunnya-belum-terdaftar)
--------------------------------------------------------------------------------
10:01:11.271 [main] DEBUG net.thucydides.core.steps.StepInterceptor - STARTING STEP: LoginRegisterSteps.userBeradaDiHomepageAlta - diHomepageAltaShop
10:01:11.363 [main] INFO net.serenitybdd.core.webdriver.driverproviders.DriverProvider - Using WebDriverManager configuration for chrome
10:01:12.150 [main] DEBUG io.github.bonigarcia.wdm.cache.ResolutionCache - Removing resolution chrome=112 from cache (expired on Sat May 06 20:45:00 WIB 2023)
10:01:12.201 [main] DEBUG org.apache.hc.client5.http.impl.classic.InternalHttpClient - ex-0000000001 preparing request execution
10:01:12.216 [main] DEBUG org.apache.hc.client5.http.protocol.RequestAddCookies - ex-0000000001 Cookie spec selected: strict
10:01:12.230 [main] DEBUG org.apache.hc.client5.http.protocol.RequestAuthCache - ex-0000000001 Auth cache not set in the context
10:01:12.231 [main] DEBUG org.apache.hc.client5.http.impl.classic.ProtocolExec - ex-0000000001 target auth state: UNCHALLENGED
10:01:12.233 [main] DEBUG org.apache.hc.client5.http.impl.classic.ProtocolExec - ex-0000000001 proxy auth state: UNCHALLENGED
10:01:12.233 [main] DEBUG org.apache.hc.client5.http.impl.classic.ConnectExec - ex-0000000001 acquiring connection with route {s}->https://raw.githubusercontent.com:443
10:01:12.233 [main] DEBUG org.apache.hc.client5.http.impl.classic.InternalHttpClient - ex-0000000001 acquiring endpoint (3 MINUTES)
10:01:12.238 [main] DEBUG org.apache.hc.client5.http.impl.io.PoolingHttpClientConnectionManager - ex-0000000001 endpoint lease request (3 MINUTES) [route: {s}->https://raw.githubusercontent.com:443][total available: 0; route allocated: 0 of 5; total allocated: 0 of 25]
10:01:12.249 [main] DEBUG org.apache.hc.client5.http.impl.io.PoolingHttpClientConnectionManager - ex-0000000001 endpoint leased [route: {s}->https://raw.githubusercontent.com:443][total available: 0; route allocated: 1 of 5; total allocated: 1 of 25]
10:01:12.281 [main] DEBUG org.apache.hc.client5.http.impl.io.PoolingHttpClientConnectionManager - ex-0000000001 acquired ep-0000000000
10:01:12.281 [main] DEBUG org.apache.hc.client5.http.impl.classic.InternalHttpClient - ex-0000000001 acquired endpoint ep-0000000000
10:01:12.281 [main] DEBUG org.apache.hc.client5.http.impl.classic.ConnectExec - ex-0000000001 opening connection {s}->https://raw.githubusercontent.com:443
10:01:12.283 [main] DEBUG org.apache.hc.client5.http.impl.classic.InternalHttpClient - ep-0000000000 connecting endpoint (30 SECONDS)
10:01:12.283 [main] DEBUG org.apache.hc.client5.http.impl.io.PoolingHttpClientConnectionManager - ep-0000000000 connecting endpoint to https://raw.githubusercontent.com:443 (30 SECONDS)
10:01:12.323 [main] DEBUG org.apache.hc.client5.http.impl.io.DefaultHttpClientConnectionOperator - http-outgoing-0 connecting to raw.githubusercontent.com/185.199.110.133:443
10:01:12.323 [main] DEBUG org.apache.hc.client5.http.ssl.SSLConnectionSocketFactory - Connecting socket to raw.githubusercontent.com/185.199.110.133:443 with timeout 30 SECONDS
10:01:12.598 [main] DEBUG org.apache.hc.client5.http.ssl.SSLConnectionSocketFactory - Enabled protocols: [TLSv1.3, TLSv1.2]
10:01:12.599 [main] DEBUG org.apache.hc.client5.http.ssl.SSLConnectionSocketFactory - Enabled cipher suites: [TLS_AES_256_GCM_SHA384, TLS_AES_128_GCM_SHA256, TLS_CHACHA20_POLY1305_SHA256, TLS_ECDHE_ECDSA_WITH_AES_256_GCM_SHA384, TLS_ECDHE_ECDSA_WITH_AES_128_GCM_SHA256, TLS_ECDHE_ECDSA_WITH_CHACHA20_POLY1305_SHA256, TLS_ECDHE_RSA_WITH_AES_256_GCM_SHA384, TLS_ECDHE_RSA_WITH_CHACHA20_POLY1305_SHA256, TLS_ECDHE_RSA_WITH_AES_128_GCM_SHA256, TLS_DHE_RSA_WITH_AES_256_GCM_SHA384, TLS_DHE_RSA_WITH_CHACHA20_POLY1305_SHA256, TLS_DHE_DSS_WITH_AES_256_GCM_SHA384, TLS_DHE_RSA_WITH_AES_128_GCM_SHA256, TLS_DHE_DSS_WITH_AES_128_GCM_SHA256, TLS_ECDHE_ECDSA_WITH_AES_256_CBC_SHA384, TLS_ECDHE_RSA_WITH_AES_256_CBC_SHA384, TLS_ECDHE_ECDSA_WITH_AES_128_CBC_SHA256, TLS_ECDHE_RSA_WITH_AES_128_CBC_SHA256, TLS_DHE_RSA_WITH_AES_256_CBC_SHA256, TLS_DHE_DSS_WITH_AES_256_CBC_SHA256, TLS_DHE_RSA_WITH_AES_128_CBC_SHA256, TLS_DHE_DSS_WITH_AES_128_CBC_SHA256, TLS_ECDH_ECDSA_WITH_AES_256_GCM_SHA384, TLS_ECDH_RSA_WITH_AES_256_GCM_SHA384, TLS_ECDH_ECDSA_WITH_AES_128_GCM_SHA256, TLS_ECDH_RSA_WITH_AES_128_GCM_SHA256, TLS_ECDH_ECDSA_WITH_AES_256_CBC_SHA384, TLS_ECDH_RSA_WITH_AES_256_CBC_SHA384, TLS_ECDH_ECDSA_WITH_AES_128_CBC_SHA256, TLS_ECDH_RSA_WITH_AES_128_CBC_SHA256, TLS_ECDHE_ECDSA_WITH_AES_256_CBC_SHA, TLS_ECDHE_RSA_WITH_AES_256_CBC_SHA, TLS_ECDHE_ECDSA_WITH_AES_128_CBC_SHA, TLS_ECDHE_RSA_WITH_AES_128_CBC_SHA, TLS_DHE_RSA_WITH_AES_256_CBC_SHA, TLS_DHE_DSS_WITH_AES_256_CBC_SHA, TLS_DHE_RSA_WITH_AES_128_CBC_SHA, TLS_DHE_DSS_WITH_AES_128_CBC_SHA, TLS_ECDH_ECDSA_WITH_AES_256_CBC_SHA, TLS_ECDH_RSA_WITH_AES_256_CBC_SHA, TLS_ECDH_ECDSA_WITH_AES_128_CBC_SHA, TLS_ECDH_RSA_WITH_AES_128_CBC_SHA, TLS_RSA_WITH_AES_256_GCM_SHA384, TLS_RSA_WITH_AES_128_GCM_SHA256, TLS_RSA_WITH_AES_256_CBC_SHA256, TLS_RSA_WITH_AES_128_CBC_SHA256, TLS_RSA_WITH_AES_256_CBC_SHA, TLS_RSA_WITH_AES_128_CBC_SHA, TLS_EMPTY_RENEGOTIATION_INFO_SCSV]
10:01:12.600 [main] DEBUG org.apache.hc.client5.http.ssl.SSLConnectionSocketFactory - Starting handshake
10:01:12.827 [main] DEBUG org.apache.hc.client5.http.ssl.SSLConnectionSocketFactory - Secure session established
10:01:12.828 [main] DEBUG org.apache.hc.client5.http.ssl.SSLConnectionSocketFactory -  negotiated protocol: TLSv1.3
10:01:12.828 [main] DEBUG org.apache.hc.client5.http.ssl.SSLConnectionSocketFactory -  negotiated cipher suite: TLS_AES_128_GCM_SHA256
10:01:12.828 [main] DEBUG org.apache.hc.client5.http.ssl.SSLConnectionSocketFactory -  peer principal: CN=*.github.io, O="GitHub, Inc.", L=San Francisco, ST=California, C=US
10:01:12.831 [main] DEBUG org.apache.hc.client5.http.ssl.SSLConnectionSocketFactory -  peer alternative names: [*.github.io, github.io, *.github.com, github.com, www.github.com, *.githubusercontent.com, githubusercontent.com]
10:01:12.831 [main] DEBUG org.apache.hc.client5.http.ssl.SSLConnectionSocketFactory -  issuer principal: CN=DigiCert TLS RSA SHA256 2020 CA1, O=DigiCert Inc, C=US
10:01:12.833 [main] DEBUG org.apache.hc.client5.http.impl.io.DefaultHttpClientConnectionOperator - http-outgoing-0 connection established 10.60.204.114:49835<->185.199.110.133:443
10:01:12.833 [main] DEBUG org.apache.hc.client5.http.impl.io.PoolingHttpClientConnectionManager - ep-0000000000 connected http-outgoing-0
10:01:12.833 [main] DEBUG org.apache.hc.client5.http.impl.classic.InternalHttpClient - ep-0000000000 endpoint connected
10:01:12.834 [main] DEBUG org.apache.hc.client5.http.impl.classic.MainClientExec - ex-0000000001 executing GET /bonigarcia/webdrivermanager/master/src/main/resources/commands.properties HTTP/1.1
10:01:12.835 [main] DEBUG org.apache.hc.client5.http.impl.classic.InternalHttpClient - ep-0000000000 start execution ex-0000000001
10:01:12.835 [main] DEBUG org.apache.hc.client5.http.impl.io.PoolingHttpClientConnectionManager - ep-0000000000 executing exchange ex-0000000001 over http-outgoing-0
10:01:12.836 [main] DEBUG org.apache.hc.client5.http.headers - http-outgoing-0 >> GET /bonigarcia/webdrivermanager/master/src/main/resources/commands.properties HTTP/1.1
10:01:12.836 [main] DEBUG org.apache.hc.client5.http.headers - http-outgoing-0 >> user-agent: Apache-HttpClient/5.0
10:01:12.836 [main] DEBUG org.apache.hc.client5.http.headers - http-outgoing-0 >> accept-encoding: gzip, deflate, br
10:01:12.836 [main] DEBUG org.apache.hc.client5.http.headers - http-outgoing-0 >> cache-control: max-age=0
10:01:12.836 [main] DEBUG org.apache.hc.client5.http.headers - http-outgoing-0 >> connection: keep-alive
10:01:12.836 [main] DEBUG org.apache.hc.client5.http.headers - http-outgoing-0 >> Host: raw.githubusercontent.com
10:01:12.836 [main] DEBUG org.apache.hc.client5.http.wire - http-outgoing-0 >> "GET /bonigarcia/webdrivermanager/master/src/main/resources/commands.properties HTTP/1.1[\r][\n]"
10:01:12.836 [main] DEBUG org.apache.hc.client5.http.wire - http-outgoing-0 >> "user-agent: Apache-HttpClient/5.0[\r][\n]"
10:01:12.836 [main] DEBUG org.apache.hc.client5.http.wire - http-outgoing-0 >> "accept-encoding: gzip, deflate, br[\r][\n]"
10:01:12.837 [main] DEBUG org.apache.hc.client5.http.wire - http-outgoing-0 >> "cache-control: max-age=0[\r][\n]"
10:01:12.837 [main] DEBUG org.apache.hc.client5.http.wire - http-outgoing-0 >> "connection: keep-alive[\r][\n]"
10:01:12.837 [main] DEBUG org.apache.hc.client5.http.wire - http-outgoing-0 >> "Host: raw.githubusercontent.com[\r][\n]"
10:01:12.837 [main] DEBUG org.apache.hc.client5.http.wire - http-outgoing-0 >> "[\r][\n]"
10:01:12.870 [main] DEBUG org.apache.hc.client5.http.wire - http-outgoing-0 << "HTTP/1.1 200 OK[\r][\n]"
10:01:12.870 [main] DEBUG org.apache.hc.client5.http.wire - http-outgoing-0 << "Connection: keep-alive[\r][\n]"
10:01:12.870 [main] DEBUG org.apache.hc.client5.http.wire - http-outgoing-0 << "Content-Length: 723[\r][\n]"
10:01:12.870 [main] DEBUG org.apache.hc.client5.http.wire - http-outgoing-0 << "Cache-Control: max-age=300[\r][\n]"
10:01:12.870 [main] DEBUG org.apache.hc.client5.http.wire - http-outgoing-0 << "Content-Security-Policy: default-src 'none'; style-src 'unsafe-inline'; sandbox[\r][\n]"
10:01:12.871 [main] DEBUG org.apache.hc.client5.http.wire - http-outgoing-0 << "Content-Type: text/plain; charset=utf-8[\r][\n]"
10:01:12.871 [main] DEBUG org.apache.hc.client5.http.wire - http-outgoing-0 << "ETag: W/"e82b438271e9e8680c688b0b680efd0bdd22faa6d6f0a32fc1fd8accc486b67e"[\r][\n]"
10:01:12.871 [main] DEBUG org.apache.hc.client5.http.wire - http-outgoing-0 << "Strict-Transport-Security: max-age=31536000[\r][\n]"
10:01:12.871 [main] DEBUG org.apache.hc.client5.http.wire - http-outgoing-0 << "X-Content-Type-Options: nosniff[\r][\n]"
10:01:12.871 [main] DEBUG org.apache.hc.client5.http.wire - http-outgoing-0 << "X-Frame-Options: deny[\r][\n]"
10:01:12.871 [main] DEBUG org.apache.hc.client5.http.wire - http-outgoing-0 << "X-XSS-Protection: 1; mode=block[\r][\n]"
10:01:12.871 [main] DEBUG org.apache.hc.client5.http.wire - http-outgoing-0 << "X-GitHub-Request-Id: D33E:4572:341F6F:3C76BC:64518A35[\r][\n]"
10:01:12.871 [main] DEBUG org.apache.hc.client5.http.wire - http-outgoing-0 << "Content-Encoding: gzip[\r][\n]"
10:01:12.871 [main] DEBUG org.apache.hc.client5.http.wire - http-outgoing-0 << "Accept-Ranges: bytes[\r][\n]"
10:01:12.871 [main] DEBUG org.apache.hc.client5.http.wire - http-outgoing-0 << "Date: Mon, 08 May 2023 03:01:09 GMT[\r][\n]"
10:01:12.871 [main] DEBUG org.apache.hc.client5.http.wire - http-outgoing-0 << "Via: 1.1 varnish[\r][\n]"
10:01:12.871 [main] DEBUG org.apache.hc.client5.http.wire - http-outgoing-0 << "X-Served-By: cache-qpg1244-QPG[\r][\n]"
10:01:12.872 [main] DEBUG org.apache.hc.client5.http.wire - http-outgoing-0 << "X-Cache: HIT[\r][\n]"
10:01:12.872 [main] DEBUG org.apache.hc.client5.http.wire - http-outgoing-0 << "X-Cache-Hits: 4[\r][\n]"
10:01:12.872 [main] DEBUG org.apache.hc.client5.http.wire - http-outgoing-0 << "X-Timer: S1683514869.416810,VS0,VE0[\r][\n]"
10:01:12.872 [main] DEBUG org.apache.hc.client5.http.wire - http-outgoing-0 << "Vary: Authorization,Accept-Encoding,Origin[\r][\n]"
10:01:12.872 [main] DEBUG org.apache.hc.client5.http.wire - http-outgoing-0 << "Access-Control-Allow-Origin: *[\r][\n]"
10:01:12.872 [main] DEBUG org.apache.hc.client5.http.wire - http-outgoing-0 << "X-Fastly-Request-ID: 6df5ef5d2cc0d17adaf3c27b53db3f5edbddc7a6[\r][\n]"
10:01:12.872 [main] DEBUG org.apache.hc.client5.http.wire - http-outgoing-0 << "Expires: Mon, 08 May 2023 03:06:09 GMT[\r][\n]"
10:01:12.872 [main] DEBUG org.apache.hc.client5.http.wire - http-outgoing-0 << "Source-Age: 145[\r][\n]"
10:01:12.872 [main] DEBUG org.apache.hc.client5.http.wire - http-outgoing-0 << "[\r][\n]"
10:01:12.876 [main] DEBUG org.apache.hc.client5.http.headers - http-outgoing-0 << HTTP/1.1 200 OK
10:01:12.876 [main] DEBUG org.apache.hc.client5.http.headers - http-outgoing-0 << Connection: keep-alive
10:01:12.876 [main] DEBUG org.apache.hc.client5.http.headers - http-outgoing-0 << Content-Length: 723
10:01:12.876 [main] DEBUG org.apache.hc.client5.http.headers - http-outgoing-0 << Cache-Control: max-age=300
10:01:12.876 [main] DEBUG org.apache.hc.client5.http.headers - http-outgoing-0 << Content-Security-Policy: default-src 'none'; style-src 'unsafe-inline'; sandbox
10:01:12.876 [main] DEBUG org.apache.hc.client5.http.headers - http-outgoing-0 << Content-Type: text/plain; charset=utf-8
10:01:12.876 [main] DEBUG org.apache.hc.client5.http.headers - http-outgoing-0 << ETag: W/"e82b438271e9e8680c688b0b680efd0bdd22faa6d6f0a32fc1fd8accc486b67e"
10:01:12.876 [main] DEBUG org.apache.hc.client5.http.headers - http-outgoing-0 << Strict-Transport-Security: max-age=31536000
10:01:12.876 [main] DEBUG org.apache.hc.client5.http.headers - http-outgoing-0 << X-Content-Type-Options: nosniff
10:01:12.876 [main] DEBUG org.apache.hc.client5.http.headers - http-outgoing-0 << X-Frame-Options: deny
10:01:12.876 [main] DEBUG org.apache.hc.client5.http.headers - http-outgoing-0 << X-XSS-Protection: 1; mode=block
10:01:12.876 [main] DEBUG org.apache.hc.client5.http.headers - http-outgoing-0 << X-GitHub-Request-Id: D33E:4572:341F6F:3C76BC:64518A35
10:01:12.876 [main] DEBUG org.apache.hc.client5.http.headers - http-outgoing-0 << Content-Encoding: gzip
10:01:12.876 [main] DEBUG org.apache.hc.client5.http.headers - http-outgoing-0 << Accept-Ranges: bytes
10:01:12.877 [main] DEBUG org.apache.hc.client5.http.headers - http-outgoing-0 << Date: Mon, 08 May 2023 03:01:09 GMT
10:01:12.877 [main] DEBUG org.apache.hc.client5.http.headers - http-outgoing-0 << Via: 1.1 varnish
10:01:12.877 [main] DEBUG org.apache.hc.client5.http.headers - http-outgoing-0 << X-Served-By: cache-qpg1244-QPG
10:01:12.877 [main] DEBUG org.apache.hc.client5.http.headers - http-outgoing-0 << X-Cache: HIT
10:01:12.877 [main] DEBUG org.apache.hc.client5.http.headers - http-outgoing-0 << X-Cache-Hits: 4
10:01:12.877 [main] DEBUG org.apache.hc.client5.http.headers - http-outgoing-0 << X-Timer: S1683514869.416810,VS0,VE0
10:01:12.877 [main] DEBUG org.apache.hc.client5.http.headers - http-outgoing-0 << Vary: Authorization,Accept-Encoding,Origin
10:01:12.877 [main] DEBUG org.apache.hc.client5.http.headers - http-outgoing-0 << Access-Control-Allow-Origin: *
10:01:12.877 [main] DEBUG org.apache.hc.client5.http.headers - http-outgoing-0 << X-Fastly-Request-ID: 6df5ef5d2cc0d17adaf3c27b53db3f5edbddc7a6
10:01:12.877 [main] DEBUG org.apache.hc.client5.http.headers - http-outgoing-0 << Expires: Mon, 08 May 2023 03:06:09 GMT
10:01:12.877 [main] DEBUG org.apache.hc.client5.http.headers - http-outgoing-0 << Source-Age: 145
10:01:12.882 [main] DEBUG org.apache.hc.client5.http.impl.classic.MainClientExec - ex-0000000001 connection can be kept alive for 3 MINUTES
10:01:12.890 [main] DEBUG org.apache.hc.client5.http.wire - http-outgoing-0 << "[0x1f][0xffffff8b][0x8][0x0][0x0][0x0][0x0][0x0][0x0][0x3][0xffffffb5]V]o[0xffffffda]0[0x14]}[0xffffffe7]W\[0xffffff81]*[0xffffffb5][0x12][0x1f][[M[0xffffffd3]$[0x1e]hF[0xffffffbb]i [0x18][0xffffffb4][0xffffffdd]&[0xfffffff9][0xffffffc5]$7[0xffffffc1]R[0x12]#;[0xffffff94]v[0xffffffbf]~[0xffffffb6][0xfffffff3]1[0xffffff92][0xffffff9a][0xffffffc1][0x1a]x[0xffffffcb][0xffffffb5][0xffffffaf][0xffffffcf]9[0xffffffbe][0xfffffff7]8v[0xb][0x1c][0x1e]E4[0xfffffff6]$x4[0xffffffa1][0xb]*[0xffffffb1][0xffffffd1][0xffffff82][0xfffffffb]%[0xffffff93][0xffffffe0][0xffffffb3][0x10][0xffffffc1][0xffffffe5]qBY,!Y[0xffffffea] KM8,[0x10][0xfffffff0][0x19][0xffffffdd]u[0xffffff82][0x1e][0xffffffb0][0xffffffd8]L[0xffffffcb]%[0xffffff86][0xffffffa1][0xe][0xffffffb8][0xfffffff0]P[0xffffffe8]$[0xf][0x13]t[0x13]3[0xfffffff9][0xffffff84]B2[0xffffffae][0xffffffe6]|@[0xfffffff5][0x1d][0x8][0xffffffc4][0x18][0x16][0xffffff82]o[0xffffffa4][0xffffff9a]P[0xffffff94][0xffffffe7][0xffffffce]R[0xfffffff0][0x8][0xffffffdb]p[0xffffffcb][0x4][0xfffffffa][0xfffffffc][0xffffffb9][\r][0xffffff93][0x15][\n]"
10:01:12.891 [main] DEBUG org.apache.hc.client5.http.wire - http-outgoing-0 << "[0xffffffda][0xffffff86][0xffffffa1][0x17][0xffffffa8]Q3[0xffffffcb][0xffffffd6][0xffffffd1][0xffffff85][0xffffffc6][0xfffffff7][0xffffff98][0xffffffef][0xffffffa3][0xffffffc0]8[0x1][0xffffffae]s[0x12][0x16][0x7] _d[0xffffff82][0xffffff91][0xffffff84][0xfffffff3][0x1f],[0xfffffff6][0x14]j[0x1b]F,^+[0xffffff98]1ua2[0xffffffbf]h([0xffffff8e][0xffffff94][0xffffffa2][0xffffff91]m[0xffffffa3][0xffffffeb][0xffffff9a][0xffffffb0][0xffffffbb]I[0x17]t[0xffffffdf][0xffffffbd][0xffffffef][0xffffffbb][0xffffff91][0xffffffd7]U[0xffffffbb][0xffffff82][0xffffff9e][0x3][0xffffff9b][0xffffff88][0xffffffb9][0xffffffa6]$[0xffffffa6][0xc][0xffffff9b][0xffffffa5][0xffffffe2][0xffffff83][0xffffff98]F[0xffffffd8]o[0xffffff9e]Mg[0xffffff93][0xffffffbb][0xffffffd9]`|[0xfffffffb]u4[0xffffff9c][0x7f]"}B[0xffffffce][0x8][0xffffffb9][0xffffffe3]<[0x8][0xffffff91][0xffffff90][0xffffff94][0xffffff82][0xffffff90][0xffffffc1]j[0x15]2WI[0xffffffe3]1![0x19][0xffffff91]BnB[0xffffff80][0x9]<f[0xffffffb5][0xffffffe8]=[0xffffffd1]p[0xffffffbd][[0xffffffcf][0xffffffe5][0x1b][0xfffffff4][0xffffff9c][0xffffffff][0xfffffffc][0xfffffff8][0xffffffe1][0xffffffe2][0xffffff94][0xffffffa2][0xffffffae][0xe][0x14]5[0xffffff9a]8[0xffffff83][0xffffffd1]`:[0xfffffffd]<[0xffffffb8][0x1f][0xffffff9c]R[0xffffffcf]u[0x7f]6[0xffffffbc][0xffffff83][0xffffffef][0xf][0xffffffc3][0xffffffd9]/[0xfffffff8][0xfffffff2][0xffffffcd]y s[0xffffffee]'[0x1b]*0g[0xffffffcb][0xffffffc8]nF7H][0xffffff83][0xffffff97]{[0xffffffb1]Q[0x5][\r][0xffffffb5]c[0xffffffb4][0xf][0x2][0xffffffb3][0xffffffb4][0xffffff93][0xe]C[0xffffffa7][0xffffffb3]kAD][0xffffff9d][0xffffffde][0xffffffdb][0xffffffda][0xffffff88][0xffffffec][0xffffffa5][0xffffffbc][0xffffff99][0xffffffd9][0xffffffba]t[0xffffffb5][0xffffffea]9[0xffffffea][0x10])[0xffffffb7][0xffffffca][0xffffff9e][0xfffffff2][0xffffffe2]d^N[0xffffffd8]FW[0x16][0xffffffcd][0xffffffdc]_[0x10][0xfffffff9]i|[0x1c][0xffffff93][0xffffff8e][0xfffffff9]o[0x16][0xffffff86]4'!$G[0xffffffdf]W[0xfffffff4]W*j[[0xfffffff3]xR[0xffffffae][0xffffffb6][0xc][0xffffffd0],; #[0xffffffa9][0xffffff92]5[0xffffffb5][0x7][0xffffff9c][0xffffffb5][0xffffffd0][0x7f][0xffffff90][0xffffffc7]jgs[0xfffffffc][0xffffffc2][0xb][0xffffffd9][0x0]t[0xffffff9e]^'Y[0xfffffffb][0xffffff9f][0xffffffb1][0xffffffd8]:[0xffffffbf][0xffffff8d][0xffffffa5][0xffffff9a][0xffffffad][0x7f]m[0x5]&[0xffffffaa][0xffffffa0]^[0xffffff9b][0xffffffcb][0x5]f[0xffffffae][0xffffffe0]RU[0xffffff82][0x10]MS9l[0xffffff91]4t[0xfffffffb][0xffffff8a]][0xffffffd6][0xfffffff4][0xffffff96][0xffffffa6][0xffffff9f]P[0xffffffce][0xffffffd5][0xffffffce][0xffffff93][0xffffffff][0xffffff97][0xffffffcc]p[0xfffffffd][0xfffffff3][0xffffffe8][0x1b][0xffffffcc][0xffffffa2][0xffffffd9]Q[0xffffffbe][0xffffffb2][0xffffffa3][0xffffffc7]m'[0xffffffdf][0xffffffe4][[0xfffffffb]^[0xffffffb0][0xffffff9a][0xffffffbe][0xffffffda][0xffffffda]_[0xffffffce][0xffffff80][0xffffffd2][0xffffffc1]7[0xffffffb7]][0xffffffc1]b[0xffffffee][0xffffffb5][0xffffffff]w[0xffffff83][0xffffffed][0xffffffa7];[0x15]<[0x10]4[0xffffff92][0xffffff84][0x18][\n]"
10:01:12.891 [main] DEBUG org.apache.hc.client5.http.wire - http-outgoing-0 << "BB[0xffffffba][0xffffff8e]][0xffffffb5]jo[0xffffffb9]+"[0xffffffea][0xffffffb4][0xffffffff]h"[0xffffffea]\?5[0xffffffa9][0xffffffaf]k[0xffffffec][0xffffffff]P[0xffffffea][\n]"
10:01:12.891 [main] DEBUG org.apache.hc.client5.http.wire - http-outgoing-0 << "w[0xffffffe1]K[0x13][0xffffffda][0xffffffec][0xffffff98][0xffffffe6]Y[0xfffffffd]h8m6[0xffffff9c]T[0xffffffc1][0xfffffff2][0xffffffa7][0xffffff91]z_[0xffffff95]o85p[0x1c][0x13][0xffffffe6][0xfffffff0]5[0xffffffee][0xfffffffc][0xffffff92][0xffffff96][0xffffffda][0xfffffff7][0xffffffcf][0xffffffb1][0x5][0x1d][0xffffffea]K[0xffffff9b]9[0xffffff8e][0xffffffad]e[0xfffffff7][0xffffff93][0xffffffa8]`[0xffffffda][0xffffffff][0x1a][0xffffffd2][0xffffff88][0xffffff85][0xfffffffd][0xfffffff2][0xffffff91]N[0xfffffff6]`[0xffffffdf]2[0xffffffcf][0xffffffae]E[0xffffff97][0xffffffc5][0xffffffa2][0xffffff9d][0xffffffef]'[0xffffff9d]mun.[0xffffffd3]f^[0xffffffc7][0xffffff82][0xffffffda][0xffffff82]9[0xfffffff5][0xffffffa9]`[0x5][0xffffffbc]4[0xffffffa1][0x1d]<M[0xffffffb5]A[0xffffffa7]3[[0xffffffc0][0x7f][0x0][0xffffffc1][0xffffffd0]$[0xffffff85][0x1d][\r][0x0][0x0]"
10:01:12.893 [main] DEBUG org.apache.hc.client5.http.impl.classic.InternalHttpClient - ep-0000000000 releasing valid endpoint
10:01:12.893 [main] DEBUG org.apache.hc.client5.http.impl.io.PoolingHttpClientConnectionManager - ep-0000000000 releasing endpoint
10:01:12.894 [main] DEBUG org.apache.hc.client5.http.impl.io.PoolingHttpClientConnectionManager - ep-0000000000 connection http-outgoing-0 can be kept alive for 3 MINUTES
10:01:12.895 [main] DEBUG org.apache.hc.client5.http.impl.io.PoolingHttpClientConnectionManager - ep-0000000000 connection released [route: {s}->https://raw.githubusercontent.com:443][total available: 1; route allocated: 1 of 5; total allocated: 1 of 25]
10:01:12.895 [main] DEBUG io.github.bonigarcia.wdm.versions.VersionDetector - Detecting chrome version using online commands.properties
10:01:12.899 [main] DEBUG io.github.bonigarcia.wdm.versions.Shell - Running command on the shell: [cmd.exe, /C, wmic, datafile, where, name="%PROGRAMFILES:\=\\%\\Google\\Chrome\\Application\\chrome.exe", get, Version, /value]
10:01:13.364 [main] DEBUG io.github.bonigarcia.wdm.versions.Shell - Result: Version=112.0.5615.138
10:01:13.368 [main] DEBUG io.github.bonigarcia.wdm.cache.ResolutionCache - Removing resolution chrome112=112.0.5615.49 from cache (expired on Sun May 07 16:39:17 WIB 2023)
10:01:13.373 [main] DEBUG org.apache.hc.client5.http.impl.classic.InternalHttpClient - ex-0000000002 preparing request execution
10:01:13.374 [main] DEBUG org.apache.hc.client5.http.protocol.RequestAddCookies - ex-0000000002 Cookie spec selected: strict
10:01:13.374 [main] DEBUG org.apache.hc.client5.http.protocol.RequestAuthCache - ex-0000000002 Auth cache not set in the context
10:01:13.374 [main] DEBUG org.apache.hc.client5.http.impl.classic.ProtocolExec - ex-0000000002 target auth state: UNCHALLENGED
10:01:13.374 [main] DEBUG org.apache.hc.client5.http.impl.classic.ProtocolExec - ex-0000000002 proxy auth state: UNCHALLENGED
10:01:13.374 [main] DEBUG org.apache.hc.client5.http.impl.classic.ConnectExec - ex-0000000002 acquiring connection with route {s}->https://chromedriver.storage.googleapis.com:443
10:01:13.374 [main] DEBUG org.apache.hc.client5.http.impl.classic.InternalHttpClient - ex-0000000002 acquiring endpoint (3 MINUTES)
10:01:13.374 [main] DEBUG org.apache.hc.client5.http.impl.io.PoolingHttpClientConnectionManager - ex-0000000002 endpoint lease request (3 MINUTES) [route: {s}->https://chromedriver.storage.googleapis.com:443][total available: 1; route allocated: 0 of 5; total allocated: 1 of 25]
10:01:13.374 [main] DEBUG org.apache.hc.client5.http.impl.io.PoolingHttpClientConnectionManager - ex-0000000002 endpoint leased [route: {s}->https://chromedriver.storage.googleapis.com:443][total available: 1; route allocated: 1 of 5; total allocated: 2 of 25]
10:01:13.374 [main] DEBUG org.apache.hc.client5.http.impl.io.PoolingHttpClientConnectionManager - ex-0000000002 acquired ep-0000000001
10:01:13.374 [main] DEBUG org.apache.hc.client5.http.impl.classic.InternalHttpClient - ex-0000000002 acquired endpoint ep-0000000001
10:01:13.374 [main] DEBUG org.apache.hc.client5.http.impl.classic.ConnectExec - ex-0000000002 opening connection {s}->https://chromedriver.storage.googleapis.com:443
10:01:13.374 [main] DEBUG org.apache.hc.client5.http.impl.classic.InternalHttpClient - ep-0000000001 connecting endpoint (30 SECONDS)
10:01:13.375 [main] DEBUG org.apache.hc.client5.http.impl.io.PoolingHttpClientConnectionManager - ep-0000000001 connecting endpoint to https://chromedriver.storage.googleapis.com:443 (30 SECONDS)
10:01:13.415 [main] DEBUG org.apache.hc.client5.http.impl.io.DefaultHttpClientConnectionOperator - http-outgoing-1 connecting to chromedriver.storage.googleapis.com/74.125.68.128:443
10:01:13.415 [main] DEBUG org.apache.hc.client5.http.ssl.SSLConnectionSocketFactory - Connecting socket to chromedriver.storage.googleapis.com/74.125.68.128:443 with timeout 30 SECONDS
10:01:13.587 [main] DEBUG org.apache.hc.client5.http.ssl.SSLConnectionSocketFactory - Enabled protocols: [TLSv1.3, TLSv1.2]
10:01:13.588 [main] DEBUG org.apache.hc.client5.http.ssl.SSLConnectionSocketFactory - Enabled cipher suites: [TLS_AES_256_GCM_SHA384, TLS_AES_128_GCM_SHA256, TLS_CHACHA20_POLY1305_SHA256, TLS_ECDHE_ECDSA_WITH_AES_256_GCM_SHA384, TLS_ECDHE_ECDSA_WITH_AES_128_GCM_SHA256, TLS_ECDHE_ECDSA_WITH_CHACHA20_POLY1305_SHA256, TLS_ECDHE_RSA_WITH_AES_256_GCM_SHA384, TLS_ECDHE_RSA_WITH_CHACHA20_POLY1305_SHA256, TLS_ECDHE_RSA_WITH_AES_128_GCM_SHA256, TLS_DHE_RSA_WITH_AES_256_GCM_SHA384, TLS_DHE_RSA_WITH_CHACHA20_POLY1305_SHA256, TLS_DHE_DSS_WITH_AES_256_GCM_SHA384, TLS_DHE_RSA_WITH_AES_128_GCM_SHA256, TLS_DHE_DSS_WITH_AES_128_GCM_SHA256, TLS_ECDHE_ECDSA_WITH_AES_256_CBC_SHA384, TLS_ECDHE_RSA_WITH_AES_256_CBC_SHA384, TLS_ECDHE_ECDSA_WITH_AES_128_CBC_SHA256, TLS_ECDHE_RSA_WITH_AES_128_CBC_SHA256, TLS_DHE_RSA_WITH_AES_256_CBC_SHA256, TLS_DHE_DSS_WITH_AES_256_CBC_SHA256, TLS_DHE_RSA_WITH_AES_128_CBC_SHA256, TLS_DHE_DSS_WITH_AES_128_CBC_SHA256, TLS_ECDH_ECDSA_WITH_AES_256_GCM_SHA384, TLS_ECDH_RSA_WITH_AES_256_GCM_SHA384, TLS_ECDH_ECDSA_WITH_AES_128_GCM_SHA256, TLS_ECDH_RSA_WITH_AES_128_GCM_SHA256, TLS_ECDH_ECDSA_WITH_AES_256_CBC_SHA384, TLS_ECDH_RSA_WITH_AES_256_CBC_SHA384, TLS_ECDH_ECDSA_WITH_AES_128_CBC_SHA256, TLS_ECDH_RSA_WITH_AES_128_CBC_SHA256, TLS_ECDHE_ECDSA_WITH_AES_256_CBC_SHA, TLS_ECDHE_RSA_WITH_AES_256_CBC_SHA, TLS_ECDHE_ECDSA_WITH_AES_128_CBC_SHA, TLS_ECDHE_RSA_WITH_AES_128_CBC_SHA, TLS_DHE_RSA_WITH_AES_256_CBC_SHA, TLS_DHE_DSS_WITH_AES_256_CBC_SHA, TLS_DHE_RSA_WITH_AES_128_CBC_SHA, TLS_DHE_DSS_WITH_AES_128_CBC_SHA, TLS_ECDH_ECDSA_WITH_AES_256_CBC_SHA, TLS_ECDH_RSA_WITH_AES_256_CBC_SHA, TLS_ECDH_ECDSA_WITH_AES_128_CBC_SHA, TLS_ECDH_RSA_WITH_AES_128_CBC_SHA, TLS_RSA_WITH_AES_256_GCM_SHA384, TLS_RSA_WITH_AES_128_GCM_SHA256, TLS_RSA_WITH_AES_256_CBC_SHA256, TLS_RSA_WITH_AES_128_CBC_SHA256, TLS_RSA_WITH_AES_256_CBC_SHA, TLS_RSA_WITH_AES_128_CBC_SHA, TLS_EMPTY_RENEGOTIATION_INFO_SCSV]
10:01:13.588 [main] DEBUG org.apache.hc.client5.http.ssl.SSLConnectionSocketFactory - Starting handshake
10:01:14.050 [main] DEBUG org.apache.hc.client5.http.ssl.SSLConnectionSocketFactory - Secure session established
10:01:14.050 [main] DEBUG org.apache.hc.client5.http.ssl.SSLConnectionSocketFactory -  negotiated protocol: TLSv1.3
10:01:14.050 [main] DEBUG org.apache.hc.client5.http.ssl.SSLConnectionSocketFactory -  negotiated cipher suite: TLS_AES_256_GCM_SHA384
10:01:14.050 [main] DEBUG org.apache.hc.client5.http.ssl.SSLConnectionSocketFactory -  peer principal: CN=*.storage.googleapis.com
10:01:14.051 [main] DEBUG org.apache.hc.client5.http.ssl.SSLConnectionSocketFactory -  peer alternative names: [*.storage.googleapis.com, *.googleapis.com, commondatastorage.googleapis.com, *.commondatastorage.googleapis.com, storage.googleapis.com, storage-p2.googleapis.com, *.storage-p2.googleapis.com, storage.mtls.googleapis.com, *.appspot.com.storage.googleapis.com, *.content-storage.googleapis.com, *.content-storage-p2.googleapis.com, *.content-storage-upload.googleapis.com, *.content-storage-download.googleapis.com, *.storage-upload.googleapis.com, *.storage-download.googleapis.com]
10:01:14.051 [main] DEBUG org.apache.hc.client5.http.ssl.SSLConnectionSocketFactory -  issuer principal: CN=GTS CA 1C3, O=Google Trust Services LLC, C=US
10:01:14.051 [main] DEBUG org.apache.hc.client5.http.impl.io.DefaultHttpClientConnectionOperator - http-outgoing-1 connection established 10.60.204.114:49836<->74.125.68.128:443
10:01:14.051 [main] DEBUG org.apache.hc.client5.http.impl.io.PoolingHttpClientConnectionManager - ep-0000000001 connected http-outgoing-1
10:01:14.052 [main] DEBUG org.apache.hc.client5.http.impl.classic.InternalHttpClient - ep-0000000001 endpoint connected
10:01:14.052 [main] DEBUG org.apache.hc.client5.http.impl.classic.MainClientExec - ex-0000000002 executing GET /LATEST_RELEASE_112 HTTP/1.1
10:01:14.052 [main] DEBUG org.apache.hc.client5.http.impl.classic.InternalHttpClient - ep-0000000001 start execution ex-0000000002
10:01:14.052 [main] DEBUG org.apache.hc.client5.http.impl.io.PoolingHttpClientConnectionManager - ep-0000000001 executing exchange ex-0000000002 over http-outgoing-1
10:01:14.057 [main] DEBUG org.apache.hc.client5.http.headers - http-outgoing-1 >> GET /LATEST_RELEASE_112 HTTP/1.1
10:01:14.057 [main] DEBUG org.apache.hc.client5.http.headers - http-outgoing-1 >> user-agent: Apache-HttpClient/5.0
10:01:14.057 [main] DEBUG org.apache.hc.client5.http.headers - http-outgoing-1 >> accept-encoding: gzip, deflate, br
10:01:14.057 [main] DEBUG org.apache.hc.client5.http.headers - http-outgoing-1 >> cache-control: max-age=0
10:01:14.057 [main] DEBUG org.apache.hc.client5.http.headers - http-outgoing-1 >> connection: keep-alive
10:01:14.057 [main] DEBUG org.apache.hc.client5.http.headers - http-outgoing-1 >> Host: chromedriver.storage.googleapis.com
10:01:14.058 [main] DEBUG org.apache.hc.client5.http.wire - http-outgoing-1 >> "GET /LATEST_RELEASE_112 HTTP/1.1[\r][\n]"
10:01:14.058 [main] DEBUG org.apache.hc.client5.http.wire - http-outgoing-1 >> "user-agent: Apache-HttpClient/5.0[\r][\n]"
10:01:14.059 [main] DEBUG org.apache.hc.client5.http.wire - http-outgoing-1 >> "accept-encoding: gzip, deflate, br[\r][\n]"
10:01:14.060 [main] DEBUG org.apache.hc.client5.http.wire - http-outgoing-1 >> "cache-control: max-age=0[\r][\n]"
10:01:14.060 [main] DEBUG org.apache.hc.client5.http.wire - http-outgoing-1 >> "connection: keep-alive[\r][\n]"
10:01:14.060 [main] DEBUG org.apache.hc.client5.http.wire - http-outgoing-1 >> "Host: chromedriver.storage.googleapis.com[\r][\n]"
10:01:14.060 [main] DEBUG org.apache.hc.client5.http.wire - http-outgoing-1 >> "[\r][\n]"
10:01:14.095 [main] DEBUG org.apache.hc.client5.http.wire - http-outgoing-1 << "HTTP/1.1 200 OK[\r][\n]"
10:01:14.095 [main] DEBUG org.apache.hc.client5.http.wire - http-outgoing-1 << "X-GUploader-UploadID: ADPycdtVpK7gUHGD86FYP-ktsnyeR6ltpCxVOYWVYOJGeUY_Qv2XHJ4b-4PQdN8WULo5SXDQ1ywsx6W06bZowzTm42aelQ[\r][\n]"
10:01:14.095 [main] DEBUG org.apache.hc.client5.http.wire - http-outgoing-1 << "x-goog-generation: 1680690466587274[\r][\n]"
10:01:14.095 [main] DEBUG org.apache.hc.client5.http.wire - http-outgoing-1 << "x-goog-metageneration: 1[\r][\n]"
10:01:14.095 [main] DEBUG org.apache.hc.client5.http.wire - http-outgoing-1 << "x-goog-stored-content-encoding: identity[\r][\n]"
10:01:14.095 [main] DEBUG org.apache.hc.client5.http.wire - http-outgoing-1 << "x-goog-stored-content-length: 13[\r][\n]"
10:01:14.095 [main] DEBUG org.apache.hc.client5.http.wire - http-outgoing-1 << "x-goog-hash: crc32c=79lGRw==[\r][\n]"
10:01:14.095 [main] DEBUG org.apache.hc.client5.http.wire - http-outgoing-1 << "x-goog-hash: md5=MUYtcE+TFlXfYz1vhOJXkg==[\r][\n]"
10:01:14.095 [main] DEBUG org.apache.hc.client5.http.wire - http-outgoing-1 << "x-goog-storage-class: STANDARD[\r][\n]"
10:01:14.095 [main] DEBUG org.apache.hc.client5.http.wire - http-outgoing-1 << "Accept-Ranges: bytes[\r][\n]"
10:01:14.095 [main] DEBUG org.apache.hc.client5.http.wire - http-outgoing-1 << "Content-Length: 13[\r][\n]"
10:01:14.095 [main] DEBUG org.apache.hc.client5.http.wire - http-outgoing-1 << "Server: UploadServer[\r][\n]"
10:01:14.095 [main] DEBUG org.apache.hc.client5.http.wire - http-outgoing-1 << "Date: Mon, 08 May 2023 02:34:02 GMT[\r][\n]"
10:01:14.095 [main] DEBUG org.apache.hc.client5.http.wire - http-outgoing-1 << "Expires: Mon, 08 May 2023 03:34:02 GMT[\r][\n]"
10:01:14.096 [main] DEBUG org.apache.hc.client5.http.wire - http-outgoing-1 << "Cache-Control: public, max-age=3600[\r][\n]"
10:01:14.096 [main] DEBUG org.apache.hc.client5.http.wire - http-outgoing-1 << "Age: 1628[\r][\n]"
10:01:14.096 [main] DEBUG org.apache.hc.client5.http.wire - http-outgoing-1 << "Last-Modified: Wed, 05 Apr 2023 10:27:46 GMT[\r][\n]"
10:01:14.096 [main] DEBUG org.apache.hc.client5.http.wire - http-outgoing-1 << "ETag: "31462d704f931655df633d6f84e25792"[\r][\n]"
10:01:14.096 [main] DEBUG org.apache.hc.client5.http.wire - http-outgoing-1 << "Content-Type: text/plain[\r][\n]"
10:01:14.096 [main] DEBUG org.apache.hc.client5.http.wire - http-outgoing-1 << "Alt-Svc: h3=":443"; ma=2592000,h3-29=":443"; ma=2592000[\r][\n]"
10:01:14.096 [main] DEBUG org.apache.hc.client5.http.wire - http-outgoing-1 << "[\r][\n]"
10:01:14.096 [main] DEBUG org.apache.hc.client5.http.wire - http-outgoing-1 << "112.0.5615.49"
10:01:14.097 [main] DEBUG org.apache.hc.client5.http.headers - http-outgoing-1 << HTTP/1.1 200 OK
10:01:14.097 [main] DEBUG org.apache.hc.client5.http.headers - http-outgoing-1 << X-GUploader-UploadID: ADPycdtVpK7gUHGD86FYP-ktsnyeR6ltpCxVOYWVYOJGeUY_Qv2XHJ4b-4PQdN8WULo5SXDQ1ywsx6W06bZowzTm42aelQ
10:01:14.097 [main] DEBUG org.apache.hc.client5.http.headers - http-outgoing-1 << x-goog-generation: 1680690466587274
10:01:14.097 [main] DEBUG org.apache.hc.client5.http.headers - http-outgoing-1 << x-goog-metageneration: 1
10:01:14.097 [main] DEBUG org.apache.hc.client5.http.headers - http-outgoing-1 << x-goog-stored-content-encoding: identity
10:01:14.097 [main] DEBUG org.apache.hc.client5.http.headers - http-outgoing-1 << x-goog-stored-content-length: 13
10:01:14.097 [main] DEBUG org.apache.hc.client5.http.headers - http-outgoing-1 << x-goog-hash: crc32c=79lGRw==
10:01:14.097 [main] DEBUG org.apache.hc.client5.http.headers - http-outgoing-1 << x-goog-hash: md5=MUYtcE+TFlXfYz1vhOJXkg==
10:01:14.097 [main] DEBUG org.apache.hc.client5.http.headers - http-outgoing-1 << x-goog-storage-class: STANDARD
10:01:14.097 [main] DEBUG org.apache.hc.client5.http.headers - http-outgoing-1 << Accept-Ranges: bytes
10:01:14.097 [main] DEBUG org.apache.hc.client5.http.headers - http-outgoing-1 << Content-Length: 13
10:01:14.097 [main] DEBUG org.apache.hc.client5.http.headers - http-outgoing-1 << Server: UploadServer
10:01:14.097 [main] DEBUG org.apache.hc.client5.http.headers - http-outgoing-1 << Date: Mon, 08 May 2023 02:34:02 GMT
10:01:14.097 [main] DEBUG org.apache.hc.client5.http.headers - http-outgoing-1 << Expires: Mon, 08 May 2023 03:34:02 GMT
10:01:14.097 [main] DEBUG org.apache.hc.client5.http.headers - http-outgoing-1 << Cache-Control: public, max-age=3600
10:01:14.097 [main] DEBUG org.apache.hc.client5.http.headers - http-outgoing-1 << Age: 1628
10:01:14.097 [main] DEBUG org.apache.hc.client5.http.headers - http-outgoing-1 << Last-Modified: Wed, 05 Apr 2023 10:27:46 GMT
10:01:14.097 [main] DEBUG org.apache.hc.client5.http.headers - http-outgoing-1 << ETag: "31462d704f931655df633d6f84e25792"
10:01:14.097 [main] DEBUG org.apache.hc.client5.http.headers - http-outgoing-1 << Content-Type: text/plain
10:01:14.097 [main] DEBUG org.apache.hc.client5.http.headers - http-outgoing-1 << Alt-Svc: h3=":443"; ma=2592000,h3-29=":443"; ma=2592000
10:01:14.098 [main] DEBUG org.apache.hc.client5.http.impl.classic.MainClientExec - ex-0000000002 connection can be kept alive for 3 MINUTES
10:01:14.098 [main] DEBUG org.apache.hc.client5.http.impl.classic.InternalHttpClient - ep-0000000001 releasing valid endpoint
10:01:14.098 [main] DEBUG org.apache.hc.client5.http.impl.io.PoolingHttpClientConnectionManager - ep-0000000001 releasing endpoint
10:01:14.099 [main] DEBUG org.apache.hc.client5.http.impl.io.PoolingHttpClientConnectionManager - ep-0000000001 connection http-outgoing-1 can be kept alive for 3 MINUTES
10:01:14.099 [main] DEBUG org.apache.hc.client5.http.impl.io.PoolingHttpClientConnectionManager - ep-0000000001 connection released [route: {s}->https://chromedriver.storage.googleapis.com:443][total available: 2; route allocated: 1 of 5; total allocated: 2 of 25]
10:01:14.099 [main] DEBUG io.github.bonigarcia.wdm.versions.VersionDetector - Latest version of chromedriver according to https://chromedriver.storage.googleapis.com/LATEST_RELEASE_112 is 112.0.5615.49
10:01:14.099 [main] INFO io.github.bonigarcia.wdm.WebDriverManager - Using chromedriver 112.0.5615.49 (resolved driver for Chrome 112)
10:01:14.103 [main] DEBUG io.github.bonigarcia.wdm.cache.ResolutionCache - Storing resolution chrome=112 in cache (valid until 11:01:14 08/05/2023 WIB)
10:01:14.107 [main] DEBUG io.github.bonigarcia.wdm.cache.ResolutionCache - Storing resolution chrome112=112.0.5615.49 in cache (valid until 10:01:14 09/05/2023 WIB)
10:01:14.131 [main] DEBUG io.github.bonigarcia.wdm.WebDriverManager - Driver chromedriver 112.0.5615.49 found in cache
10:01:14.133 [main] INFO io.github.bonigarcia.wdm.WebDriverManager - Exporting webdriver.chrome.driver as C:\Users\HP\.cache\selenium\chromedriver\win32\112.0.5615.49\chromedriver.exe
10:01:14.265 [main] INFO net.serenitybdd.core.webdriver.driverproviders.ChromeDriverProvider - Starting Chrome driver instance with capabilities:
10:01:14.269 [main] INFO net.serenitybdd.core.webdriver.driverproviders.ChromeDriverProvider - Capabilities {acceptInsecureCerts: true, browserName: chrome, goog:chromeOptions: {args: [remote-allow-origins=*, test-type, no-sandbox, ignore-certificate-errors, start-maximized, incognito, disable-infobars, disable-gpu, disable-default-apps, disable-popup-blocking, remote-allow-origins=*, test-type, no-sandbox, ignore-certificate-errors, start-maximized, incognito, disable-infobars, disable-gpu, disable-default-apps, disable-popup-blocking], extensions: []}}
10:01:14.425 [main] DEBUG io.netty.util.internal.logging.InternalLoggerFactory - Using SLF4J as the default logging framework
10:01:14.433 [main] DEBUG io.netty.util.ResourceLeakDetector - -Dio.netty.leakDetection.level: simple
10:01:14.433 [main] DEBUG io.netty.util.ResourceLeakDetector - -Dio.netty.leakDetection.targetRecords: 4
10:01:14.441 [main] DEBUG io.netty.util.ResourceLeakDetectorFactory - Loaded default ResourceLeakDetector: io.netty.util.ResourceLeakDetector@660296d5
10:01:14.479 [main] DEBUG io.netty.util.internal.PlatformDependent0 - -Dio.netty.noUnsafe: false
10:01:14.480 [main] DEBUG io.netty.util.internal.PlatformDependent0 - Java version: 19
10:01:14.482 [main] DEBUG io.netty.util.internal.PlatformDependent0 - sun.misc.Unsafe.theUnsafe: available
10:01:14.484 [main] DEBUG io.netty.util.internal.PlatformDependent0 - sun.misc.Unsafe.copyMemory: available
10:01:14.485 [main] DEBUG io.netty.util.internal.PlatformDependent0 - sun.misc.Unsafe.storeFence: available
10:01:14.489 [main] DEBUG io.netty.util.internal.PlatformDependent0 - java.nio.Buffer.address: available
10:01:14.491 [main] DEBUG io.netty.util.internal.PlatformDependent0 - direct buffer constructor: unavailable: Reflective setAccessible(true) disabled
10:01:14.493 [main] DEBUG io.netty.util.internal.PlatformDependent0 - java.nio.Bits.unaligned: available, true
10:01:14.499 [main] DEBUG io.netty.util.internal.PlatformDependent0 - jdk.internal.misc.Unsafe.allocateUninitializedArray(int): unavailable: class io.netty.util.internal.PlatformDependent0$7 cannot access class jdk.internal.misc.Unsafe (in module java.base) because module java.base does not export jdk.internal.misc to unnamed module @3e6ef8ad
10:01:14.506 [main] DEBUG io.netty.util.internal.PlatformDependent0 - java.nio.DirectByteBuffer.<init>(long, int): unavailable
10:01:14.507 [main] DEBUG io.netty.util.internal.PlatformDependent - sun.misc.Unsafe: available
10:01:14.512 [main] DEBUG io.netty.util.internal.PlatformDependent - maxDirectMemory: 1589641216 bytes (maybe)
10:01:14.513 [main] DEBUG io.netty.util.internal.PlatformDependent - -Dio.netty.tmpdir: C:\Users\HP\AppData\Local\Temp (java.io.tmpdir)
10:01:14.513 [main] DEBUG io.netty.util.internal.PlatformDependent - -Dio.netty.bitMode: 64 (sun.arch.data.model)
10:01:14.514 [main] DEBUG io.netty.util.internal.PlatformDependent - Platform: Windows
10:01:14.517 [main] DEBUG io.netty.util.internal.PlatformDependent - -Dio.netty.maxDirectMemory: -1 bytes
10:01:14.517 [main] DEBUG io.netty.util.internal.PlatformDependent - -Dio.netty.uninitializedArrayAllocationThreshold: -1
10:01:14.521 [main] DEBUG io.netty.util.internal.CleanerJava9 - java.nio.ByteBuffer.cleaner(): available
10:01:14.521 [main] DEBUG io.netty.util.internal.PlatformDependent - -Dio.netty.noPreferDirect: false
10:01:14.549 [main] DEBUG io.netty.util.internal.PlatformDependent - org.jctools-core.MpscChunkedArrayQueue: available
10:01:14.629 [main] DEBUG io.netty.util.internal.InternalThreadLocalMap - -Dio.netty.threadLocalMap.stringBuilder.initialSize: 1024
10:01:14.629 [main] DEBUG io.netty.util.internal.InternalThreadLocalMap - -Dio.netty.threadLocalMap.stringBuilder.maxSize: 4096
10:01:14.681 [main] DEBUG io.netty.handler.ssl.JdkSslContext - Default protocols (JDK): [TLSv1.3, TLSv1.2] 
10:01:14.682 [main] DEBUG io.netty.handler.ssl.JdkSslContext - Default cipher suites (JDK): [TLS_ECDHE_ECDSA_WITH_AES_256_GCM_SHA384, TLS_ECDHE_ECDSA_WITH_AES_128_GCM_SHA256, TLS_ECDHE_RSA_WITH_AES_128_GCM_SHA256, TLS_ECDHE_RSA_WITH_AES_256_GCM_SHA384, TLS_ECDHE_RSA_WITH_AES_128_CBC_SHA, TLS_ECDHE_RSA_WITH_AES_256_CBC_SHA, TLS_RSA_WITH_AES_128_GCM_SHA256, TLS_RSA_WITH_AES_128_CBC_SHA, TLS_RSA_WITH_AES_256_CBC_SHA, TLS_AES_128_GCM_SHA256, TLS_AES_256_GCM_SHA384]
10:01:14.782 [main] DEBUG io.netty.channel.MultithreadEventLoopGroup - -Dio.netty.eventLoopThreads: 16
10:01:14.826 [main] DEBUG io.netty.channel.nio.NioEventLoop - -Dio.netty.noKeySetOptimization: false
10:01:14.826 [main] DEBUG io.netty.channel.nio.NioEventLoop - -Dio.netty.selectorAutoRebuildThreshold: 512
10:01:14.979 [main] DEBUG io.netty.buffer.PooledByteBufAllocator - -Dio.netty.allocator.numHeapArenas: 16
10:01:14.979 [main] DEBUG io.netty.buffer.PooledByteBufAllocator - -Dio.netty.allocator.numDirectArenas: 16
10:01:14.979 [main] DEBUG io.netty.buffer.PooledByteBufAllocator - -Dio.netty.allocator.pageSize: 8192
10:01:14.979 [main] DEBUG io.netty.buffer.PooledByteBufAllocator - -Dio.netty.allocator.maxOrder: 9
10:01:14.979 [main] DEBUG io.netty.buffer.PooledByteBufAllocator - -Dio.netty.allocator.chunkSize: 4194304
10:01:14.979 [main] DEBUG io.netty.buffer.PooledByteBufAllocator - -Dio.netty.allocator.smallCacheSize: 256
10:01:14.979 [main] DEBUG io.netty.buffer.PooledByteBufAllocator - -Dio.netty.allocator.normalCacheSize: 64
10:01:14.979 [main] DEBUG io.netty.buffer.PooledByteBufAllocator - -Dio.netty.allocator.maxCachedBufferCapacity: 32768
10:01:14.979 [main] DEBUG io.netty.buffer.PooledByteBufAllocator - -Dio.netty.allocator.cacheTrimInterval: 8192
10:01:14.979 [main] DEBUG io.netty.buffer.PooledByteBufAllocator - -Dio.netty.allocator.cacheTrimIntervalMillis: 0
10:01:14.979 [main] DEBUG io.netty.buffer.PooledByteBufAllocator - -Dio.netty.allocator.useCacheForAllThreads: false
10:01:14.980 [main] DEBUG io.netty.buffer.PooledByteBufAllocator - -Dio.netty.allocator.maxCachedByteBuffersPerChunk: 1023
10:01:15.006 [main] DEBUG io.netty.buffer.ByteBufUtil - -Dio.netty.allocator.type: pooled
10:01:15.006 [main] DEBUG io.netty.buffer.ByteBufUtil - -Dio.netty.threadLocalDirectBufferSize: 0
10:01:15.006 [main] DEBUG io.netty.buffer.ByteBufUtil - -Dio.netty.maxThreadLocalCharBufferSize: 16384
10:01:16.387 [Forwarding newSession on session null to remote] DEBUG io.netty.channel.DefaultChannelId - -Dio.netty.processId: 10456 (auto-detected)
10:01:16.390 [Forwarding newSession on session null to remote] DEBUG io.netty.util.NetUtil - -Djava.net.preferIPv4Stack: false
10:01:16.390 [Forwarding newSession on session null to remote] DEBUG io.netty.util.NetUtil - -Djava.net.preferIPv6Addresses: false
10:01:16.414 [Forwarding newSession on session null to remote] DEBUG io.netty.util.NetUtilInitializations - Loopback interface: lo (Software Loopback Interface 1, 127.0.0.1)
10:01:16.415 [Forwarding newSession on session null to remote] DEBUG io.netty.util.NetUtil - Failed to get SOMAXCONN from sysctl and file \proc\sys\net\core\somaxconn. Default: 200
10:01:16.512 [Forwarding newSession on session null to remote] DEBUG io.netty.channel.DefaultChannelId - -Dio.netty.machineId: cc:6b:1e:ff:fe:34:9f:97 (auto-detected)
10:01:16.634 [AsyncHttpClient-1-2] DEBUG io.netty.buffer.AbstractByteBuf - -Dio.netty.buffer.checkAccessible: true
10:01:16.634 [AsyncHttpClient-1-2] DEBUG io.netty.buffer.AbstractByteBuf - -Dio.netty.buffer.checkBounds: true
10:01:16.634 [AsyncHttpClient-1-2] DEBUG io.netty.util.ResourceLeakDetectorFactory - Loaded default ResourceLeakDetector: io.netty.util.ResourceLeakDetector@1619c52d
10:01:16.654 [AsyncHttpClient-1-2] DEBUG org.asynchttpclient.netty.channel.NettyConnectListener - Using new Channel '[id: 0xf204e180, L:/127.0.0.1:49841 - R:localhost/127.0.0.1:38620]' for 'POST' to '/session'
10:01:16.679 [AsyncHttpClient-1-2] DEBUG io.netty.util.Recycler - -Dio.netty.recycler.maxCapacityPerThread: 4096
10:01:16.679 [AsyncHttpClient-1-2] DEBUG io.netty.util.Recycler - -Dio.netty.recycler.ratio: 8
10:01:16.679 [AsyncHttpClient-1-2] DEBUG io.netty.util.Recycler - -Dio.netty.recycler.chunkSize: 32
10:01:16.679 [AsyncHttpClient-1-2] DEBUG io.netty.util.Recycler - -Dio.netty.recycler.blocking: false
10:01:18.560 [AsyncHttpClient-1-2] DEBUG io.netty.handler.codec.compression.Brotli - brotli4j not in the classpath; Brotli support will be unavailable.
10:01:18.561 [AsyncHttpClient-1-2] DEBUG org.asynchttpclient.netty.handler.HttpHandler - 

Request DefaultHttpRequest(decodeResult: success, version: HTTP/1.1)
POST /session HTTP/1.1
User-Agent: selenium/4.7.1 (java windows)
Content-Length: 1629
Content-Type: application/json; charset=utf-8
host: localhost:38620
accept: */*

Response DefaultHttpResponse(decodeResult: success, version: HTTP/1.1)
HTTP/1.1 200 OK
Content-Type: application/json; charset=utf-8
cache-control: no-cache
content-length: 856

10:01:18.587 [AsyncHttpClient-1-2] DEBUG org.asynchttpclient.netty.channel.ChannelManager - Adding key: http://localhost:38620 for channel [id: 0xf204e180, L:/127.0.0.1:49841 - R:localhost/127.0.0.1:38620]
10:01:18.836 [AsyncHttpClient-1-3] DEBUG org.asynchttpclient.netty.channel.NettyConnectListener - Using new Channel '[id: 0x082367e0, L:/127.0.0.1:49851 - R:localhost/127.0.0.1:49843]' for 'GET' to '/json/version'
10:01:18.848 [AsyncHttpClient-1-3] DEBUG org.asynchttpclient.netty.handler.HttpHandler - 

Request DefaultFullHttpRequest(decodeResult: success, version: HTTP/1.1, content: EmptyByteBufBE)
GET /json/version HTTP/1.1
User-Agent: selenium/4.7.1 (java windows)
host: localhost:49843
accept: */*

Response DefaultHttpResponse(decodeResult: success, version: HTTP/1.1)
HTTP/1.1 200 OK
Content-Security-Policy: frame-ancestors 'none'
Content-Type: application/json; charset=UTF-8
content-length: 424

10:01:18.849 [AsyncHttpClient-1-3] DEBUG org.asynchttpclient.netty.channel.ChannelManager - Adding key: http://localhost:49843 for channel [id: 0x082367e0, L:/127.0.0.1:49851 - R:localhost/127.0.0.1:49843]
10:01:18.900 [main] DEBUG io.netty.util.internal.ThreadLocalRandom - -Dio.netty.initialSeedUniquifier: 0x194cee4f6afa54d7
10:01:18.977 [AsyncHttpClient-1-4] DEBUG org.asynchttpclient.netty.channel.NettyConnectListener - Using new Channel '[id: 0x3bb1e681, L:/127.0.0.1:49852 - R:localhost/127.0.0.1:49843]' for 'GET' to '/devtools/browser/e45b4fcf-0a6b-434a-9b02-77ea7daf3882'
10:01:18.987 [AsyncHttpClient-1-4] DEBUG org.asynchttpclient.netty.handler.WebSocketHandler - 

Request DefaultFullHttpRequest(decodeResult: success, version: HTTP/1.1, content: EmptyByteBufBE)
GET /devtools/browser/e45b4fcf-0a6b-434a-9b02-77ea7daf3882 HTTP/1.1
upgrade: websocket
connection: upgrade
sec-websocket-key: kjdGEPkpoyNvpmSXgdkB9g==
sec-websocket-version: 13
origin: http://localhost:49843
host: localhost:49843
accept: */*
user-agent: AHC/2.1

Response DefaultHttpResponse(decodeResult: success, version: HTTP/1.1)
HTTP/1.1 101 WebSocket Protocol Handshake
Upgrade: WebSocket
Connection: Upgrade
Sec-WebSocket-Accept: hX3ltVga1L7kZPWRRxeAa/g5DtA=

10:01:19.065 [AsyncHttpClient-1-1] DEBUG org.asynchttpclient.netty.channel.DefaultChannelPool - Entry count for : http://localhost:38620 : 1
10:01:19.066 [AsyncHttpClient-1-1] DEBUG org.asynchttpclient.netty.channel.DefaultChannelPool - Entry count for : http://localhost:49843 : 1
10:01:20.164 [AsyncHttpClient-1-1] DEBUG org.asynchttpclient.netty.channel.DefaultChannelPool - Entry count for : http://localhost:38620 : 1
10:01:20.165 [AsyncHttpClient-1-1] DEBUG org.asynchttpclient.netty.channel.DefaultChannelPool - Entry count for : http://localhost:49843 : 1
10:01:20.626 [main] DEBUG net.thucydides.core.reflection.ClassFinder - Could not load class .starter.CucumberTestSuite
10:01:20.626 [main] DEBUG net.thucydides.core.reflection.ClassFinder - Could not load class .starter.pages.LoginPage
10:01:20.626 [main] DEBUG net.thucydides.core.reflection.ClassFinder - Could not load class .starter.pages.RegisterPage
10:01:20.627 [main] DEBUG net.thucydides.core.reflection.ClassFinder - Could not load class .starter.pages.TransaksiPage
10:01:20.627 [main] DEBUG net.thucydides.core.reflection.ClassFinder - Could not load class .starter.stepdefinitions.LoginRegisterSteps
10:01:20.627 [main] DEBUG net.thucydides.core.reflection.ClassFinder - Could not load class .starter.stepdefinitions.RegisterSteps
10:01:20.627 [main] DEBUG net.thucydides.core.reflection.ClassFinder - Could not load class .starter.stepdefinitions.TransaksiSteps
10:01:20.630 [main] DEBUG net.thucydides.core.reflection.ClassFinder - Could not load class META-INF.versions.9.com.sun.istack.logging.StackHelper
10:01:20.631 [main] DEBUG net.thucydides.core.reflection.ClassFinder - Could not load class META-INF.versions.9.com.sun.xml.bind.v2.runtime.reflect.opt.AccessorInjector
10:01:20.633 [main] DEBUG net.thucydides.core.reflection.ClassFinder - Could not load class META-INF.versions.9.com.sun.xml.bind.v2.runtime.reflect.opt.Injector
10:01:20.635 [main] DEBUG net.thucydides.core.reflection.ClassFinder - Could not load class META-INF.versions.9.com.sun.xml.bind.v2.runtime.reflect.opt.OptimizedAccessorFactory
10:01:20.637 [main] DEBUG net.thucydides.core.reflection.ClassFinder - Could not load class META-INF.versions.9.com.sun.xml.bind.v2.runtime.reflect.opt.OptimizedTransducedAccessorFactory
10:01:20.640 [main] DEBUG net.thucydides.core.reflection.ClassFinder - Could not load class META-INF.versions.9.io.opentelemetry.sdk.internal.CurrentJavaVersionSpecific
10:01:20.642 [main] DEBUG net.thucydides.core.reflection.ClassFinder - Could not load class META-INF.versions.9.io.opentelemetry.sdk.internal.Java9VersionSpecific
10:01:20.646 [main] DEBUG net.thucydides.core.reflection.ClassFinder - Could not load class META-INF.versions.9.javax.xml.bind.ModuleUtil
10:01:20.655 [main] DEBUG net.thucydides.core.reflection.ClassFinder - Could not load class META-INF.versions.9.module-info
10:01:20.659 [main] DEBUG net.thucydides.core.reflection.ClassFinder - Could not load class META-INF.versions.9.org.junit.platform.commons.util.ModuleUtils
10:01:21.266 [AsyncHttpClient-1-1] DEBUG org.asynchttpclient.netty.channel.DefaultChannelPool - Entry count for : http://localhost:38620 : 1
10:01:21.267 [AsyncHttpClient-1-1] DEBUG org.asynchttpclient.netty.channel.DefaultChannelPool - Entry count for : http://localhost:49843 : 1
10:01:22.149 [main] DEBUG net.thucydides.core.reflection.ClassFinder - Could not load class com.google.gson.internal.
10:01:22.377 [AsyncHttpClient-1-1] DEBUG org.asynchttpclient.netty.channel.DefaultChannelPool - Entry count for : http://localhost:38620 : 1
10:01:22.377 [AsyncHttpClient-1-1] DEBUG org.asynchttpclient.netty.channel.DefaultChannelPool - Entry count for : http://localhost:49843 : 1
10:01:22.815 [main] DEBUG net.thucydides.core.reflection.ClassFinder - Could not load class com.sun.xml.bind.v2.runtime.output.FastInfosetStreamWriterOutput
10:01:23.482 [AsyncHttpClient-1-1] DEBUG org.asynchttpclient.netty.channel.DefaultChannelPool - Entry count for : http://localhost:38620 : 1
10:01:23.482 [AsyncHttpClient-1-1] DEBUG org.asynchttpclient.netty.channel.DefaultChannelPool - Entry count for : http://localhost:49843 : 1
10:01:24.431 [main] DEBUG net.thucydides.core.reflection.ClassFinder - Could not load class module-info
10:01:24.564 [AsyncHttpClient-1-1] DEBUG org.asynchttpclient.netty.channel.DefaultChannelPool - Entry count for : http://localhost:38620 : 1
10:01:24.564 [AsyncHttpClient-1-1] DEBUG org.asynchttpclient.netty.channel.DefaultChannelPool - Entry count for : http://localhost:49843 : 1
10:01:25.675 [AsyncHttpClient-1-1] DEBUG org.asynchttpclient.netty.channel.DefaultChannelPool - Entry count for : http://localhost:38620 : 1
10:01:25.675 [AsyncHttpClient-1-1] DEBUG org.asynchttpclient.netty.channel.DefaultChannelPool - Entry count for : http://localhost:49843 : 1
10:01:26.774 [AsyncHttpClient-1-1] DEBUG org.asynchttpclient.netty.channel.DefaultChannelPool - Entry count for : http://localhost:38620 : 1
10:01:26.775 [AsyncHttpClient-1-1] DEBUG org.asynchttpclient.netty.channel.DefaultChannelPool - Entry count for : http://localhost:49843 : 1
10:01:27.867 [AsyncHttpClient-1-1] DEBUG org.asynchttpclient.netty.channel.DefaultChannelPool - Entry count for : http://localhost:38620 : 1
10:01:27.867 [AsyncHttpClient-1-1] DEBUG org.asynchttpclient.netty.channel.DefaultChannelPool - Entry count for : http://localhost:49843 : 1
10:01:28.970 [AsyncHttpClient-1-1] DEBUG org.asynchttpclient.netty.channel.DefaultChannelPool - Entry count for : http://localhost:38620 : 1
10:01:28.971 [AsyncHttpClient-1-1] DEBUG org.asynchttpclient.netty.channel.DefaultChannelPool - Entry count for : http://localhost:49843 : 1
10:01:30.065 [AsyncHttpClient-1-1] DEBUG org.asynchttpclient.netty.channel.DefaultChannelPool - Entry count for : http://localhost:38620 : 1
10:01:30.065 [AsyncHttpClient-1-1] DEBUG org.asynchttpclient.netty.channel.DefaultChannelPool - Entry count for : http://localhost:49843 : 1
10:01:31.166 [AsyncHttpClient-1-1] DEBUG org.asynchttpclient.netty.channel.DefaultChannelPool - Entry count for : http://localhost:38620 : 1
10:01:31.166 [AsyncHttpClient-1-1] DEBUG org.asynchttpclient.netty.channel.DefaultChannelPool - Entry count for : http://localhost:49843 : 1
10:01:32.271 [AsyncHttpClient-1-1] DEBUG org.asynchttpclient.netty.channel.DefaultChannelPool - Entry count for : http://localhost:38620 : 1
10:01:32.271 [AsyncHttpClient-1-1] DEBUG org.asynchttpclient.netty.channel.DefaultChannelPool - Entry count for : http://localhost:49843 : 1
10:01:33.141 [Forwarding get on session 1f8cefaea503a9e8dcb9bf98c718aa49 to remote] DEBUG org.asynchttpclient.netty.request.NettyRequestSender - Using pooled Channel '[id: 0xf204e180, L:/127.0.0.1:49841 - R:localhost/127.0.0.1:38620]' for 'POST' to 'http://localhost:38620/session/1f8cefaea503a9e8dcb9bf98c718aa49/url'
10:01:33.144 [Forwarding get on session 1f8cefaea503a9e8dcb9bf98c718aa49 to remote] DEBUG org.asynchttpclient.netty.request.NettyRequestSender - Using open Channel [id: 0xf204e180, L:/127.0.0.1:49841 - R:localhost/127.0.0.1:38620] for POST '/session/1f8cefaea503a9e8dcb9bf98c718aa49/url'
10:01:33.368 [AsyncHttpClient-1-1] DEBUG org.asynchttpclient.netty.channel.DefaultChannelPool - Entry count for : http://localhost:49843 : 1
10:01:34.466 [AsyncHttpClient-1-1] DEBUG org.asynchttpclient.netty.channel.DefaultChannelPool - Entry count for : http://localhost:49843 : 1
10:01:35.572 [AsyncHttpClient-1-1] DEBUG org.asynchttpclient.netty.channel.DefaultChannelPool - Entry count for : http://localhost:49843 : 1
10:01:36.673 [AsyncHttpClient-1-1] DEBUG org.asynchttpclient.netty.channel.DefaultChannelPool - Entry count for : http://localhost:49843 : 1
10:01:37.690 [AsyncHttpClient-1-2] DEBUG org.asynchttpclient.netty.handler.HttpHandler - 

Request DefaultHttpRequest(decodeResult: success, version: HTTP/1.1)
POST /session/1f8cefaea503a9e8dcb9bf98c718aa49/url HTTP/1.1
User-Agent: selenium/4.7.1 (java windows)
Content-Length: 59
Content-Type: application/json; charset=utf-8
host: localhost:38620
accept: */*

Response DefaultHttpResponse(decodeResult: success, version: HTTP/1.1)
HTTP/1.1 200 OK
Content-Type: application/json; charset=utf-8
cache-control: no-cache
content-length: 14

10:01:37.691 [AsyncHttpClient-1-2] DEBUG org.asynchttpclient.netty.channel.ChannelManager - Adding key: http://localhost:38620 for channel [id: 0xf204e180, L:/127.0.0.1:49841 - R:localhost/127.0.0.1:38620]
10:01:37.708 [Forwarding setTimeout on session 1f8cefaea503a9e8dcb9bf98c718aa49 to remote] DEBUG org.asynchttpclient.netty.request.NettyRequestSender - Using pooled Channel '[id: 0xf204e180, L:/127.0.0.1:49841 - R:localhost/127.0.0.1:38620]' for 'POST' to 'http://localhost:38620/session/1f8cefaea503a9e8dcb9bf98c718aa49/timeouts'
10:01:37.708 [Forwarding setTimeout on session 1f8cefaea503a9e8dcb9bf98c718aa49 to remote] DEBUG org.asynchttpclient.netty.request.NettyRequestSender - Using open Channel [id: 0xf204e180, L:/127.0.0.1:49841 - R:localhost/127.0.0.1:38620] for POST '/session/1f8cefaea503a9e8dcb9bf98c718aa49/timeouts'
10:01:37.714 [AsyncHttpClient-1-2] DEBUG org.asynchttpclient.netty.handler.HttpHandler - 

Request DefaultHttpRequest(decodeResult: success, version: HTTP/1.1)
POST /session/1f8cefaea503a9e8dcb9bf98c718aa49/timeouts HTTP/1.1
User-Agent: selenium/4.7.1 (java windows)
Content-Length: 22
Content-Type: application/json; charset=utf-8
host: localhost:38620
accept: */*

Response DefaultHttpResponse(decodeResult: success, version: HTTP/1.1)
HTTP/1.1 200 OK
Content-Type: application/json; charset=utf-8
cache-control: no-cache
content-length: 14

10:01:37.715 [AsyncHttpClient-1-2] DEBUG org.asynchttpclient.netty.channel.ChannelManager - Adding key: http://localhost:38620 for channel [id: 0xf204e180, L:/127.0.0.1:49841 - R:localhost/127.0.0.1:38620]
10:01:37.737 [Forwarding getCurrentUrl on session 1f8cefaea503a9e8dcb9bf98c718aa49 to remote] DEBUG org.asynchttpclient.netty.request.NettyRequestSender - Using pooled Channel '[id: 0xf204e180, L:/127.0.0.1:49841 - R:localhost/127.0.0.1:38620]' for 'GET' to 'http://localhost:38620/session/1f8cefaea503a9e8dcb9bf98c718aa49/url'
10:01:37.737 [Forwarding getCurrentUrl on session 1f8cefaea503a9e8dcb9bf98c718aa49 to remote] DEBUG org.asynchttpclient.netty.request.NettyRequestSender - Using open Channel [id: 0xf204e180, L:/127.0.0.1:49841 - R:localhost/127.0.0.1:38620] for GET '/session/1f8cefaea503a9e8dcb9bf98c718aa49/url'
10:01:37.752 [AsyncHttpClient-1-2] DEBUG org.asynchttpclient.netty.handler.HttpHandler - 

Request DefaultFullHttpRequest(decodeResult: success, version: HTTP/1.1, content: EmptyByteBufBE)
GET /session/1f8cefaea503a9e8dcb9bf98c718aa49/url HTTP/1.1
User-Agent: selenium/4.7.1 (java windows)
Cache-Control: no-cache
Content-Type: application/json; charset=utf-8
host: localhost:38620
accept: */*

Response DefaultHttpResponse(decodeResult: success, version: HTTP/1.1)
HTTP/1.1 200 OK
Content-Type: application/json; charset=utf-8
cache-control: no-cache
content-length: 41

10:01:37.753 [AsyncHttpClient-1-2] DEBUG org.asynchttpclient.netty.channel.ChannelManager - Adding key: http://localhost:38620 for channel [id: 0xf204e180, L:/127.0.0.1:49841 - R:localhost/127.0.0.1:38620]
10:01:37.768 [Forwarding getCurrentUrl on session 1f8cefaea503a9e8dcb9bf98c718aa49 to remote] DEBUG org.asynchttpclient.netty.request.NettyRequestSender - Using pooled Channel '[id: 0xf204e180, L:/127.0.0.1:49841 - R:localhost/127.0.0.1:38620]' for 'GET' to 'http://localhost:38620/session/1f8cefaea503a9e8dcb9bf98c718aa49/url'
10:01:37.769 [Forwarding getCurrentUrl on session 1f8cefaea503a9e8dcb9bf98c718aa49 to remote] DEBUG org.asynchttpclient.netty.request.NettyRequestSender - Using open Channel [id: 0xf204e180, L:/127.0.0.1:49841 - R:localhost/127.0.0.1:38620] for GET '/session/1f8cefaea503a9e8dcb9bf98c718aa49/url'
10:01:37.777 [AsyncHttpClient-1-1] DEBUG org.asynchttpclient.netty.channel.DefaultChannelPool - Entry count for : http://localhost:49843 : 1
10:01:37.779 [AsyncHttpClient-1-2] DEBUG org.asynchttpclient.netty.handler.HttpHandler - 

Request DefaultFullHttpRequest(decodeResult: success, version: HTTP/1.1, content: EmptyByteBufBE)
GET /session/1f8cefaea503a9e8dcb9bf98c718aa49/url HTTP/1.1
User-Agent: selenium/4.7.1 (java windows)
Cache-Control: no-cache
Content-Type: application/json; charset=utf-8
host: localhost:38620
accept: */*

Response DefaultHttpResponse(decodeResult: success, version: HTTP/1.1)
HTTP/1.1 200 OK
Content-Type: application/json; charset=utf-8
cache-control: no-cache
content-length: 41

10:01:37.780 [AsyncHttpClient-1-2] DEBUG org.asynchttpclient.netty.channel.ChannelManager - Adding key: http://localhost:38620 for channel [id: 0xf204e180, L:/127.0.0.1:49841 - R:localhost/127.0.0.1:38620]
10:01:37.814 [Forwarding findElement on session 1f8cefaea503a9e8dcb9bf98c718aa49 to remote] DEBUG org.asynchttpclient.netty.request.NettyRequestSender - Using pooled Channel '[id: 0xf204e180, L:/127.0.0.1:49841 - R:localhost/127.0.0.1:38620]' for 'POST' to 'http://localhost:38620/session/1f8cefaea503a9e8dcb9bf98c718aa49/element'
10:01:37.814 [Forwarding findElement on session 1f8cefaea503a9e8dcb9bf98c718aa49 to remote] DEBUG org.asynchttpclient.netty.request.NettyRequestSender - Using open Channel [id: 0xf204e180, L:/127.0.0.1:49841 - R:localhost/127.0.0.1:38620] for POST '/session/1f8cefaea503a9e8dcb9bf98c718aa49/element'
10:01:37.857 [AsyncHttpClient-1-2] DEBUG org.asynchttpclient.netty.handler.HttpHandler - 

Request DefaultHttpRequest(decodeResult: success, version: HTTP/1.1)
POST /session/1f8cefaea503a9e8dcb9bf98c718aa49/element HTTP/1.1
User-Agent: selenium/4.7.1 (java windows)
Content-Length: 108
Content-Type: application/json; charset=utf-8
host: localhost:38620
accept: */*

Response DefaultHttpResponse(decodeResult: success, version: HTTP/1.1)
HTTP/1.1 200 OK
Content-Type: application/json; charset=utf-8
cache-control: no-cache
content-length: 88

10:01:37.858 [AsyncHttpClient-1-2] DEBUG org.asynchttpclient.netty.channel.ChannelManager - Adding key: http://localhost:38620 for channel [id: 0xf204e180, L:/127.0.0.1:49841 - R:localhost/127.0.0.1:38620]
10:01:37.879 [Forwarding isElementDisplayed on session 1f8cefaea503a9e8dcb9bf98c718aa49 to remote] DEBUG org.asynchttpclient.netty.request.NettyRequestSender - Using pooled Channel '[id: 0xf204e180, L:/127.0.0.1:49841 - R:localhost/127.0.0.1:38620]' for 'POST' to 'http://localhost:38620/session/1f8cefaea503a9e8dcb9bf98c718aa49/execute/sync'
10:01:37.879 [Forwarding isElementDisplayed on session 1f8cefaea503a9e8dcb9bf98c718aa49 to remote] DEBUG org.asynchttpclient.netty.request.NettyRequestSender - Using open Channel [id: 0xf204e180, L:/127.0.0.1:49841 - R:localhost/127.0.0.1:38620] for POST '/session/1f8cefaea503a9e8dcb9bf98c718aa49/execute/sync'
10:01:37.906 [AsyncHttpClient-1-2] DEBUG org.asynchttpclient.netty.handler.HttpHandler - 

Request DefaultHttpRequest(decodeResult: success, version: HTTP/1.1)
POST /session/1f8cefaea503a9e8dcb9bf98c718aa49/execute/sync HTTP/1.1
User-Agent: selenium/4.7.1 (java windows)
Content-Length: 48780
Content-Type: application/json; charset=utf-8
host: localhost:38620
accept: */*

Response DefaultHttpResponse(decodeResult: success, version: HTTP/1.1)
HTTP/1.1 200 OK
Content-Type: application/json; charset=utf-8
cache-control: no-cache
content-length: 14

10:01:37.907 [AsyncHttpClient-1-2] DEBUG org.asynchttpclient.netty.channel.ChannelManager - Adding key: http://localhost:38620 for channel [id: 0xf204e180, L:/127.0.0.1:49841 - R:localhost/127.0.0.1:38620]
10:01:37.917 [Forwarding isElementDisplayed on session 1f8cefaea503a9e8dcb9bf98c718aa49 to remote] DEBUG org.asynchttpclient.netty.request.NettyRequestSender - Using pooled Channel '[id: 0xf204e180, L:/127.0.0.1:49841 - R:localhost/127.0.0.1:38620]' for 'POST' to 'http://localhost:38620/session/1f8cefaea503a9e8dcb9bf98c718aa49/execute/sync'
10:01:37.918 [Forwarding isElementDisplayed on session 1f8cefaea503a9e8dcb9bf98c718aa49 to remote] DEBUG org.asynchttpclient.netty.request.NettyRequestSender - Using open Channel [id: 0xf204e180, L:/127.0.0.1:49841 - R:localhost/127.0.0.1:38620] for POST '/session/1f8cefaea503a9e8dcb9bf98c718aa49/execute/sync'
10:01:37.941 [AsyncHttpClient-1-2] DEBUG org.asynchttpclient.netty.handler.HttpHandler - 

Request DefaultHttpRequest(decodeResult: success, version: HTTP/1.1)
POST /session/1f8cefaea503a9e8dcb9bf98c718aa49/execute/sync HTTP/1.1
User-Agent: selenium/4.7.1 (java windows)
Content-Length: 48780
Content-Type: application/json; charset=utf-8
host: localhost:38620
accept: */*

Response DefaultHttpResponse(decodeResult: success, version: HTTP/1.1)
HTTP/1.1 200 OK
Content-Type: application/json; charset=utf-8
cache-control: no-cache
content-length: 14

10:01:37.941 [AsyncHttpClient-1-2] DEBUG org.asynchttpclient.netty.channel.ChannelManager - Adding key: http://localhost:38620 for channel [id: 0xf204e180, L:/127.0.0.1:49841 - R:localhost/127.0.0.1:38620]
10:01:37.992 [main] DEBUG net.serenitybdd.core.photography.Darkroom - Opening darkroom
10:01:37.994 [Darkroom Processing Line] DEBUG net.serenitybdd.core.photography.DarkroomProcessingLine - Darkroom processing line starting up
10:01:38.019 [Forwarding getCurrentWindowHandle on session 1f8cefaea503a9e8dcb9bf98c718aa49 to remote] DEBUG org.asynchttpclient.netty.request.NettyRequestSender - Using pooled Channel '[id: 0xf204e180, L:/127.0.0.1:49841 - R:localhost/127.0.0.1:38620]' for 'GET' to 'http://localhost:38620/session/1f8cefaea503a9e8dcb9bf98c718aa49/window'
10:01:38.020 [Forwarding getCurrentWindowHandle on session 1f8cefaea503a9e8dcb9bf98c718aa49 to remote] DEBUG org.asynchttpclient.netty.request.NettyRequestSender - Using open Channel [id: 0xf204e180, L:/127.0.0.1:49841 - R:localhost/127.0.0.1:38620] for GET '/session/1f8cefaea503a9e8dcb9bf98c718aa49/window'
10:01:38.022 [AsyncHttpClient-1-2] DEBUG org.asynchttpclient.netty.handler.HttpHandler - 

Request DefaultFullHttpRequest(decodeResult: success, version: HTTP/1.1, content: EmptyByteBufBE)
GET /session/1f8cefaea503a9e8dcb9bf98c718aa49/window HTTP/1.1
User-Agent: selenium/4.7.1 (java windows)
Cache-Control: no-cache
Content-Type: application/json; charset=utf-8
host: localhost:38620
accept: */*

Response DefaultHttpResponse(decodeResult: success, version: HTTP/1.1)
HTTP/1.1 200 OK
Content-Type: application/json; charset=utf-8
cache-control: no-cache
content-length: 44

10:01:38.023 [AsyncHttpClient-1-2] DEBUG org.asynchttpclient.netty.channel.ChannelManager - Adding key: http://localhost:38620 for channel [id: 0xf204e180, L:/127.0.0.1:49841 - R:localhost/127.0.0.1:38620]
10:01:38.031 [Forwarding getAlertText on session 1f8cefaea503a9e8dcb9bf98c718aa49 to remote] DEBUG org.asynchttpclient.netty.request.NettyRequestSender - Using pooled Channel '[id: 0xf204e180, L:/127.0.0.1:49841 - R:localhost/127.0.0.1:38620]' for 'GET' to 'http://localhost:38620/session/1f8cefaea503a9e8dcb9bf98c718aa49/alert/text'
10:01:38.031 [Forwarding getAlertText on session 1f8cefaea503a9e8dcb9bf98c718aa49 to remote] DEBUG org.asynchttpclient.netty.request.NettyRequestSender - Using open Channel [id: 0xf204e180, L:/127.0.0.1:49841 - R:localhost/127.0.0.1:38620] for GET '/session/1f8cefaea503a9e8dcb9bf98c718aa49/alert/text'
10:01:38.056 [AsyncHttpClient-1-2] DEBUG org.asynchttpclient.netty.handler.HttpHandler - 

Request DefaultFullHttpRequest(decodeResult: success, version: HTTP/1.1, content: EmptyByteBufBE)
GET /session/1f8cefaea503a9e8dcb9bf98c718aa49/alert/text HTTP/1.1
User-Agent: selenium/4.7.1 (java windows)
Cache-Control: no-cache
Content-Type: application/json; charset=utf-8
host: localhost:38620
accept: */*

Response DefaultHttpResponse(decodeResult: success, version: HTTP/1.1)
HTTP/1.1 404 Not Found
Content-Type: application/json; charset=utf-8
cache-control: no-cache
content-length: 821

10:01:38.057 [AsyncHttpClient-1-2] DEBUG org.asynchttpclient.netty.channel.ChannelManager - Adding key: http://localhost:38620 for channel [id: 0xf204e180, L:/127.0.0.1:49841 - R:localhost/127.0.0.1:38620]
10:01:38.135 [Forwarding switchToWindow on session 1f8cefaea503a9e8dcb9bf98c718aa49 to remote] DEBUG org.asynchttpclient.netty.request.NettyRequestSender - Using pooled Channel '[id: 0xf204e180, L:/127.0.0.1:49841 - R:localhost/127.0.0.1:38620]' for 'POST' to 'http://localhost:38620/session/1f8cefaea503a9e8dcb9bf98c718aa49/window'
10:01:38.135 [Forwarding switchToWindow on session 1f8cefaea503a9e8dcb9bf98c718aa49 to remote] DEBUG org.asynchttpclient.netty.request.NettyRequestSender - Using open Channel [id: 0xf204e180, L:/127.0.0.1:49841 - R:localhost/127.0.0.1:38620] for POST '/session/1f8cefaea503a9e8dcb9bf98c718aa49/window'
10:01:38.150 [AsyncHttpClient-1-2] DEBUG org.asynchttpclient.netty.handler.HttpHandler - 

Request DefaultHttpRequest(decodeResult: success, version: HTTP/1.1)
POST /session/1f8cefaea503a9e8dcb9bf98c718aa49/window HTTP/1.1
User-Agent: selenium/4.7.1 (java windows)
Content-Length: 50
Content-Type: application/json; charset=utf-8
host: localhost:38620
accept: */*

Response DefaultHttpResponse(decodeResult: success, version: HTTP/1.1)
HTTP/1.1 200 OK
Content-Type: application/json; charset=utf-8
cache-control: no-cache
content-length: 14

10:01:38.151 [AsyncHttpClient-1-2] DEBUG org.asynchttpclient.netty.channel.ChannelManager - Adding key: http://localhost:38620 for channel [id: 0xf204e180, L:/127.0.0.1:49841 - R:localhost/127.0.0.1:38620]
10:01:38.160 [Forwarding getCurrentUrl on session 1f8cefaea503a9e8dcb9bf98c718aa49 to remote] DEBUG org.asynchttpclient.netty.request.NettyRequestSender - Using pooled Channel '[id: 0xf204e180, L:/127.0.0.1:49841 - R:localhost/127.0.0.1:38620]' for 'GET' to 'http://localhost:38620/session/1f8cefaea503a9e8dcb9bf98c718aa49/url'
10:01:38.160 [Forwarding getCurrentUrl on session 1f8cefaea503a9e8dcb9bf98c718aa49 to remote] DEBUG org.asynchttpclient.netty.request.NettyRequestSender - Using open Channel [id: 0xf204e180, L:/127.0.0.1:49841 - R:localhost/127.0.0.1:38620] for GET '/session/1f8cefaea503a9e8dcb9bf98c718aa49/url'
10:01:38.174 [AsyncHttpClient-1-2] DEBUG org.asynchttpclient.netty.handler.HttpHandler - 

Request DefaultFullHttpRequest(decodeResult: success, version: HTTP/1.1, content: EmptyByteBufBE)
GET /session/1f8cefaea503a9e8dcb9bf98c718aa49/url HTTP/1.1
User-Agent: selenium/4.7.1 (java windows)
Cache-Control: no-cache
Content-Type: application/json; charset=utf-8
host: localhost:38620
accept: */*

Response DefaultHttpResponse(decodeResult: success, version: HTTP/1.1)
HTTP/1.1 200 OK
Content-Type: application/json; charset=utf-8
cache-control: no-cache
content-length: 41

10:01:38.175 [AsyncHttpClient-1-2] DEBUG org.asynchttpclient.netty.channel.ChannelManager - Adding key: http://localhost:38620 for channel [id: 0xf204e180, L:/127.0.0.1:49841 - R:localhost/127.0.0.1:38620]
10:01:38.187 [Forwarding screenshot on session 1f8cefaea503a9e8dcb9bf98c718aa49 to remote] DEBUG org.asynchttpclient.netty.request.NettyRequestSender - Using pooled Channel '[id: 0xf204e180, L:/127.0.0.1:49841 - R:localhost/127.0.0.1:38620]' for 'GET' to 'http://localhost:38620/session/1f8cefaea503a9e8dcb9bf98c718aa49/screenshot'
10:01:38.188 [Forwarding screenshot on session 1f8cefaea503a9e8dcb9bf98c718aa49 to remote] DEBUG org.asynchttpclient.netty.request.NettyRequestSender - Using open Channel [id: 0xf204e180, L:/127.0.0.1:49841 - R:localhost/127.0.0.1:38620] for GET '/session/1f8cefaea503a9e8dcb9bf98c718aa49/screenshot'
10:01:38.351 [AsyncHttpClient-1-2] DEBUG org.asynchttpclient.netty.handler.HttpHandler - 

Request DefaultFullHttpRequest(decodeResult: success, version: HTTP/1.1, content: EmptyByteBufBE)
GET /session/1f8cefaea503a9e8dcb9bf98c718aa49/screenshot HTTP/1.1
User-Agent: selenium/4.7.1 (java windows)
Cache-Control: no-cache
Content-Type: application/json; charset=utf-8
host: localhost:38620
accept: */*

Response DefaultHttpResponse(decodeResult: success, version: HTTP/1.1)
HTTP/1.1 200 OK
Content-Type: application/json; charset=utf-8
cache-control: no-cache
content-length: 116604

10:01:38.356 [AsyncHttpClient-1-2] DEBUG org.asynchttpclient.netty.channel.ChannelManager - Adding key: http://localhost:38620 for channel [id: 0xf204e180, L:/127.0.0.1:49841 - R:localhost/127.0.0.1:38620]
10:01:38.659 [main] DEBUG net.serenitybdd.core.photography.Darkroom - Send negative for processing for target\site\serenity\4df796af2a8bdb756d1884b1e063cc00b8bad9b7c3d312055b4347f07439074a.png
10:01:38.660 [Darkroom Processing Line] DEBUG net.serenitybdd.core.photography.DarkroomProcessingLine - Processing screenshot image in /var/screenshots/screenshot-641602992532923232
10:01:38.660 [Darkroom Processing Line] DEBUG net.serenitybdd.core.photography.DarkroomProcessingLine - Saving screenshot to target\site\serenity\4df796af2a8bdb756d1884b1e063cc00b8bad9b7c3d312055b4347f07439074a.png
10:01:38.668 [main] DEBUG net.thucydides.core.steps.StepInterceptor - STEP DONE: diHomepageAltaShop
  &amp#27;[32mGiven &amp#27;[0m&amp#27;[32muser berada di Homepage AltaShop&amp#27;[0m                       &amp#27;[90m# starter.stepdefinitions.LoginRegisterSteps.userBeradaDiHomepageAlta()&amp#27;[0m
10:01:38.731 [main] DEBUG net.thucydides.core.steps.StepInterceptor - STARTING STEP: LoginRegisterSteps.userKlikButtonLogin - klikButtonLogin
10:01:38.749 [Forwarding findElement on session 1f8cefaea503a9e8dcb9bf98c718aa49 to remote] DEBUG org.asynchttpclient.netty.request.NettyRequestSender - Using pooled Channel '[id: 0xf204e180, L:/127.0.0.1:49841 - R:localhost/127.0.0.1:38620]' for 'POST' to 'http://localhost:38620/session/1f8cefaea503a9e8dcb9bf98c718aa49/element'
10:01:38.750 [Forwarding findElement on session 1f8cefaea503a9e8dcb9bf98c718aa49 to remote] DEBUG org.asynchttpclient.netty.request.NettyRequestSender - Using open Channel [id: 0xf204e180, L:/127.0.0.1:49841 - R:localhost/127.0.0.1:38620] for POST '/session/1f8cefaea503a9e8dcb9bf98c718aa49/element'
10:01:38.774 [AsyncHttpClient-1-2] DEBUG org.asynchttpclient.netty.handler.HttpHandler - 

Request DefaultHttpRequest(decodeResult: success, version: HTTP/1.1)
POST /session/1f8cefaea503a9e8dcb9bf98c718aa49/element HTTP/1.1
User-Agent: selenium/4.7.1 (java windows)
Content-Length: 108
Content-Type: application/json; charset=utf-8
host: localhost:38620
accept: */*

Response DefaultHttpResponse(decodeResult: success, version: HTTP/1.1)
HTTP/1.1 200 OK
Content-Type: application/json; charset=utf-8
cache-control: no-cache
content-length: 88

10:01:38.775 [AsyncHttpClient-1-2] DEBUG org.asynchttpclient.netty.channel.ChannelManager - Adding key: http://localhost:38620 for channel [id: 0xf204e180, L:/127.0.0.1:49841 - R:localhost/127.0.0.1:38620]
10:01:38.779 [Forwarding getElementTagName on session 1f8cefaea503a9e8dcb9bf98c718aa49 to remote] DEBUG org.asynchttpclient.netty.request.NettyRequestSender - Using pooled Channel '[id: 0xf204e180, L:/127.0.0.1:49841 - R:localhost/127.0.0.1:38620]' for 'GET' to 'http://localhost:38620/session/1f8cefaea503a9e8dcb9bf98c718aa49/element/32eacb8f-1751-45f6-abc7-70e7e17673aa/name'
10:01:38.780 [Forwarding getElementTagName on session 1f8cefaea503a9e8dcb9bf98c718aa49 to remote] DEBUG org.asynchttpclient.netty.request.NettyRequestSender - Using open Channel [id: 0xf204e180, L:/127.0.0.1:49841 - R:localhost/127.0.0.1:38620] for GET '/session/1f8cefaea503a9e8dcb9bf98c718aa49/element/32eacb8f-1751-45f6-abc7-70e7e17673aa/name'
10:01:38.790 [AsyncHttpClient-1-2] DEBUG org.asynchttpclient.netty.handler.HttpHandler - 

Request DefaultFullHttpRequest(decodeResult: success, version: HTTP/1.1, content: EmptyByteBufBE)
GET /session/1f8cefaea503a9e8dcb9bf98c718aa49/element/32eacb8f-1751-45f6-abc7-70e7e17673aa/name HTTP/1.1
User-Agent: selenium/4.7.1 (java windows)
Cache-Control: no-cache
Content-Type: application/json; charset=utf-8
host: localhost:38620
accept: */*

Response DefaultHttpResponse(decodeResult: success, version: HTTP/1.1)
HTTP/1.1 200 OK
Content-Type: application/json; charset=utf-8
cache-control: no-cache
content-length: 18

10:01:38.790 [AsyncHttpClient-1-2] DEBUG org.asynchttpclient.netty.channel.ChannelManager - Adding key: http://localhost:38620 for channel [id: 0xf204e180, L:/127.0.0.1:49841 - R:localhost/127.0.0.1:38620]
10:01:38.795 [Forwarding getElementTagName on session 1f8cefaea503a9e8dcb9bf98c718aa49 to remote] DEBUG org.asynchttpclient.netty.request.NettyRequestSender - Using pooled Channel '[id: 0xf204e180, L:/127.0.0.1:49841 - R:localhost/127.0.0.1:38620]' for 'GET' to 'http://localhost:38620/session/1f8cefaea503a9e8dcb9bf98c718aa49/element/32eacb8f-1751-45f6-abc7-70e7e17673aa/name'
10:01:38.795 [Forwarding getElementTagName on session 1f8cefaea503a9e8dcb9bf98c718aa49 to remote] DEBUG org.asynchttpclient.netty.request.NettyRequestSender - Using open Channel [id: 0xf204e180, L:/127.0.0.1:49841 - R:localhost/127.0.0.1:38620] for GET '/session/1f8cefaea503a9e8dcb9bf98c718aa49/element/32eacb8f-1751-45f6-abc7-70e7e17673aa/name'
10:01:38.804 [AsyncHttpClient-1-2] DEBUG org.asynchttpclient.netty.handler.HttpHandler - 

Request DefaultFullHttpRequest(decodeResult: success, version: HTTP/1.1, content: EmptyByteBufBE)
GET /session/1f8cefaea503a9e8dcb9bf98c718aa49/element/32eacb8f-1751-45f6-abc7-70e7e17673aa/name HTTP/1.1
User-Agent: selenium/4.7.1 (java windows)
Cache-Control: no-cache
Content-Type: application/json; charset=utf-8
host: localhost:38620
accept: */*

Response DefaultHttpResponse(decodeResult: success, version: HTTP/1.1)
HTTP/1.1 200 OK
Content-Type: application/json; charset=utf-8
cache-control: no-cache
content-length: 18

10:01:38.806 [AsyncHttpClient-1-2] DEBUG org.asynchttpclient.netty.channel.ChannelManager - Adding key: http://localhost:38620 for channel [id: 0xf204e180, L:/127.0.0.1:49841 - R:localhost/127.0.0.1:38620]
10:01:38.817 [Forwarding isElementEnabled on session 1f8cefaea503a9e8dcb9bf98c718aa49 to remote] DEBUG org.asynchttpclient.netty.request.NettyRequestSender - Using pooled Channel '[id: 0xf204e180, L:/127.0.0.1:49841 - R:localhost/127.0.0.1:38620]' for 'GET' to 'http://localhost:38620/session/1f8cefaea503a9e8dcb9bf98c718aa49/element/32eacb8f-1751-45f6-abc7-70e7e17673aa/enabled'
10:01:38.817 [Forwarding isElementEnabled on session 1f8cefaea503a9e8dcb9bf98c718aa49 to remote] DEBUG org.asynchttpclient.netty.request.NettyRequestSender - Using open Channel [id: 0xf204e180, L:/127.0.0.1:49841 - R:localhost/127.0.0.1:38620] for GET '/session/1f8cefaea503a9e8dcb9bf98c718aa49/element/32eacb8f-1751-45f6-abc7-70e7e17673aa/enabled'
10:01:38.835 [AsyncHttpClient-1-2] DEBUG org.asynchttpclient.netty.handler.HttpHandler - 

Request DefaultFullHttpRequest(decodeResult: success, version: HTTP/1.1, content: EmptyByteBufBE)
GET /session/1f8cefaea503a9e8dcb9bf98c718aa49/element/32eacb8f-1751-45f6-abc7-70e7e17673aa/enabled HTTP/1.1
User-Agent: selenium/4.7.1 (java windows)
Cache-Control: no-cache
Content-Type: application/json; charset=utf-8
host: localhost:38620
accept: */*

Response DefaultHttpResponse(decodeResult: success, version: HTTP/1.1)
HTTP/1.1 200 OK
Content-Type: application/json; charset=utf-8
cache-control: no-cache
content-length: 14

10:01:38.836 [AsyncHttpClient-1-2] DEBUG org.asynchttpclient.netty.channel.ChannelManager - Adding key: http://localhost:38620 for channel [id: 0xf204e180, L:/127.0.0.1:49841 - R:localhost/127.0.0.1:38620]
10:01:38.840 [Forwarding isElementEnabled on session 1f8cefaea503a9e8dcb9bf98c718aa49 to remote] DEBUG org.asynchttpclient.netty.request.NettyRequestSender - Using pooled Channel '[id: 0xf204e180, L:/127.0.0.1:49841 - R:localhost/127.0.0.1:38620]' for 'GET' to 'http://localhost:38620/session/1f8cefaea503a9e8dcb9bf98c718aa49/element/32eacb8f-1751-45f6-abc7-70e7e17673aa/enabled'
10:01:38.840 [Forwarding isElementEnabled on session 1f8cefaea503a9e8dcb9bf98c718aa49 to remote] DEBUG org.asynchttpclient.netty.request.NettyRequestSender - Using open Channel [id: 0xf204e180, L:/127.0.0.1:49841 - R:localhost/127.0.0.1:38620] for GET '/session/1f8cefaea503a9e8dcb9bf98c718aa49/element/32eacb8f-1751-45f6-abc7-70e7e17673aa/enabled'
10:01:38.851 [AsyncHttpClient-1-2] DEBUG org.asynchttpclient.netty.handler.HttpHandler - 

Request DefaultFullHttpRequest(decodeResult: success, version: HTTP/1.1, content: EmptyByteBufBE)
GET /session/1f8cefaea503a9e8dcb9bf98c718aa49/element/32eacb8f-1751-45f6-abc7-70e7e17673aa/enabled HTTP/1.1
User-Agent: selenium/4.7.1 (java windows)
Cache-Control: no-cache
Content-Type: application/json; charset=utf-8
host: localhost:38620
accept: */*

Response DefaultHttpResponse(decodeResult: success, version: HTTP/1.1)
HTTP/1.1 200 OK
Content-Type: application/json; charset=utf-8
cache-control: no-cache
content-length: 14

10:01:38.852 [AsyncHttpClient-1-2] DEBUG org.asynchttpclient.netty.channel.ChannelManager - Adding key: http://localhost:38620 for channel [id: 0xf204e180, L:/127.0.0.1:49841 - R:localhost/127.0.0.1:38620]
10:01:38.860 [Forwarding findElement on session 1f8cefaea503a9e8dcb9bf98c718aa49 to remote] DEBUG org.asynchttpclient.netty.request.NettyRequestSender - Using pooled Channel '[id: 0xf204e180, L:/127.0.0.1:49841 - R:localhost/127.0.0.1:38620]' for 'POST' to 'http://localhost:38620/session/1f8cefaea503a9e8dcb9bf98c718aa49/element'
10:01:38.860 [Forwarding findElement on session 1f8cefaea503a9e8dcb9bf98c718aa49 to remote] DEBUG org.asynchttpclient.netty.request.NettyRequestSender - Using open Channel [id: 0xf204e180, L:/127.0.0.1:49841 - R:localhost/127.0.0.1:38620] for POST '/session/1f8cefaea503a9e8dcb9bf98c718aa49/element'
10:01:38.872 [AsyncHttpClient-1-1] DEBUG org.asynchttpclient.netty.channel.DefaultChannelPool - Entry count for : http://localhost:49843 : 1
10:01:38.881 [AsyncHttpClient-1-2] DEBUG org.asynchttpclient.netty.handler.HttpHandler - 

Request DefaultHttpRequest(decodeResult: success, version: HTTP/1.1)
POST /session/1f8cefaea503a9e8dcb9bf98c718aa49/element HTTP/1.1
User-Agent: selenium/4.7.1 (java windows)
Content-Length: 108
Content-Type: application/json; charset=utf-8
host: localhost:38620
accept: */*

Response DefaultHttpResponse(decodeResult: success, version: HTTP/1.1)
HTTP/1.1 200 OK
Content-Type: application/json; charset=utf-8
cache-control: no-cache
content-length: 88

10:01:38.882 [AsyncHttpClient-1-2] DEBUG org.asynchttpclient.netty.channel.ChannelManager - Adding key: http://localhost:38620 for channel [id: 0xf204e180, L:/127.0.0.1:49841 - R:localhost/127.0.0.1:38620]
10:01:38.886 [Forwarding clickElement on session 1f8cefaea503a9e8dcb9bf98c718aa49 to remote] DEBUG org.asynchttpclient.netty.request.NettyRequestSender - Using pooled Channel '[id: 0xf204e180, L:/127.0.0.1:49841 - R:localhost/127.0.0.1:38620]' for 'POST' to 'http://localhost:38620/session/1f8cefaea503a9e8dcb9bf98c718aa49/element/32eacb8f-1751-45f6-abc7-70e7e17673aa/click'
10:01:38.886 [Forwarding clickElement on session 1f8cefaea503a9e8dcb9bf98c718aa49 to remote] DEBUG org.asynchttpclient.netty.request.NettyRequestSender - Using open Channel [id: 0xf204e180, L:/127.0.0.1:49841 - R:localhost/127.0.0.1:38620] for POST '/session/1f8cefaea503a9e8dcb9bf98c718aa49/element/32eacb8f-1751-45f6-abc7-70e7e17673aa/click'
10:01:39.044 [AsyncHttpClient-1-2] DEBUG org.asynchttpclient.netty.handler.HttpHandler - 

Request DefaultHttpRequest(decodeResult: success, version: HTTP/1.1)
POST /session/1f8cefaea503a9e8dcb9bf98c718aa49/element/32eacb8f-1751-45f6-abc7-70e7e17673aa/click HTTP/1.1
User-Agent: selenium/4.7.1 (java windows)
Content-Length: 50
Content-Type: application/json; charset=utf-8
host: localhost:38620
accept: */*

Response DefaultHttpResponse(decodeResult: success, version: HTTP/1.1)
HTTP/1.1 200 OK
Content-Type: application/json; charset=utf-8
cache-control: no-cache
content-length: 14

10:01:39.045 [AsyncHttpClient-1-2] DEBUG org.asynchttpclient.netty.channel.ChannelManager - Adding key: http://localhost:38620 for channel [id: 0xf204e180, L:/127.0.0.1:49841 - R:localhost/127.0.0.1:38620]
10:01:39.076 [Forwarding getCurrentWindowHandle on session 1f8cefaea503a9e8dcb9bf98c718aa49 to remote] DEBUG org.asynchttpclient.netty.request.NettyRequestSender - Using pooled Channel '[id: 0xf204e180, L:/127.0.0.1:49841 - R:localhost/127.0.0.1:38620]' for 'GET' to 'http://localhost:38620/session/1f8cefaea503a9e8dcb9bf98c718aa49/window'
10:01:39.076 [Forwarding getCurrentWindowHandle on session 1f8cefaea503a9e8dcb9bf98c718aa49 to remote] DEBUG org.asynchttpclient.netty.request.NettyRequestSender - Using open Channel [id: 0xf204e180, L:/127.0.0.1:49841 - R:localhost/127.0.0.1:38620] for GET '/session/1f8cefaea503a9e8dcb9bf98c718aa49/window'
10:01:39.080 [AsyncHttpClient-1-2] DEBUG org.asynchttpclient.netty.handler.HttpHandler - 

Request DefaultFullHttpRequest(decodeResult: success, version: HTTP/1.1, content: EmptyByteBufBE)
GET /session/1f8cefaea503a9e8dcb9bf98c718aa49/window HTTP/1.1
User-Agent: selenium/4.7.1 (java windows)
Cache-Control: no-cache
Content-Type: application/json; charset=utf-8
host: localhost:38620
accept: */*

Response DefaultHttpResponse(decodeResult: success, version: HTTP/1.1)
HTTP/1.1 200 OK
Content-Type: application/json; charset=utf-8
cache-control: no-cache
content-length: 44

10:01:39.081 [AsyncHttpClient-1-2] DEBUG org.asynchttpclient.netty.channel.ChannelManager - Adding key: http://localhost:38620 for channel [id: 0xf204e180, L:/127.0.0.1:49841 - R:localhost/127.0.0.1:38620]
10:01:39.089 [Forwarding getAlertText on session 1f8cefaea503a9e8dcb9bf98c718aa49 to remote] DEBUG org.asynchttpclient.netty.request.NettyRequestSender - Using pooled Channel '[id: 0xf204e180, L:/127.0.0.1:49841 - R:localhost/127.0.0.1:38620]' for 'GET' to 'http://localhost:38620/session/1f8cefaea503a9e8dcb9bf98c718aa49/alert/text'
10:01:39.089 [Forwarding getAlertText on session 1f8cefaea503a9e8dcb9bf98c718aa49 to remote] DEBUG org.asynchttpclient.netty.request.NettyRequestSender - Using open Channel [id: 0xf204e180, L:/127.0.0.1:49841 - R:localhost/127.0.0.1:38620] for GET '/session/1f8cefaea503a9e8dcb9bf98c718aa49/alert/text'
10:01:39.317 [AsyncHttpClient-1-2] DEBUG org.asynchttpclient.netty.handler.HttpHandler - 

Request DefaultFullHttpRequest(decodeResult: success, version: HTTP/1.1, content: EmptyByteBufBE)
GET /session/1f8cefaea503a9e8dcb9bf98c718aa49/alert/text HTTP/1.1
User-Agent: selenium/4.7.1 (java windows)
Cache-Control: no-cache
Content-Type: application/json; charset=utf-8
host: localhost:38620
accept: */*

Response DefaultHttpResponse(decodeResult: success, version: HTTP/1.1)
HTTP/1.1 404 Not Found
Content-Type: application/json; charset=utf-8
cache-control: no-cache
content-length: 821

10:01:39.318 [AsyncHttpClient-1-2] DEBUG org.asynchttpclient.netty.channel.ChannelManager - Adding key: http://localhost:38620 for channel [id: 0xf204e180, L:/127.0.0.1:49841 - R:localhost/127.0.0.1:38620]
10:01:39.329 [Forwarding switchToWindow on session 1f8cefaea503a9e8dcb9bf98c718aa49 to remote] DEBUG org.asynchttpclient.netty.request.NettyRequestSender - Using pooled Channel '[id: 0xf204e180, L:/127.0.0.1:49841 - R:localhost/127.0.0.1:38620]' for 'POST' to 'http://localhost:38620/session/1f8cefaea503a9e8dcb9bf98c718aa49/window'
10:01:39.330 [Forwarding switchToWindow on session 1f8cefaea503a9e8dcb9bf98c718aa49 to remote] DEBUG org.asynchttpclient.netty.request.NettyRequestSender - Using open Channel [id: 0xf204e180, L:/127.0.0.1:49841 - R:localhost/127.0.0.1:38620] for POST '/session/1f8cefaea503a9e8dcb9bf98c718aa49/window'
10:01:39.336 [AsyncHttpClient-1-2] DEBUG org.asynchttpclient.netty.handler.HttpHandler - 

Request DefaultHttpRequest(decodeResult: success, version: HTTP/1.1)
POST /session/1f8cefaea503a9e8dcb9bf98c718aa49/window HTTP/1.1
User-Agent: selenium/4.7.1 (java windows)
Content-Length: 50
Content-Type: application/json; charset=utf-8
host: localhost:38620
accept: */*

Response DefaultHttpResponse(decodeResult: success, version: HTTP/1.1)
HTTP/1.1 200 OK
Content-Type: application/json; charset=utf-8
cache-control: no-cache
content-length: 14

10:01:39.338 [AsyncHttpClient-1-2] DEBUG org.asynchttpclient.netty.channel.ChannelManager - Adding key: http://localhost:38620 for channel [id: 0xf204e180, L:/127.0.0.1:49841 - R:localhost/127.0.0.1:38620]
10:01:39.342 [Forwarding getCurrentUrl on session 1f8cefaea503a9e8dcb9bf98c718aa49 to remote] DEBUG org.asynchttpclient.netty.request.NettyRequestSender - Using pooled Channel '[id: 0xf204e180, L:/127.0.0.1:49841 - R:localhost/127.0.0.1:38620]' for 'GET' to 'http://localhost:38620/session/1f8cefaea503a9e8dcb9bf98c718aa49/url'
10:01:39.342 [Forwarding getCurrentUrl on session 1f8cefaea503a9e8dcb9bf98c718aa49 to remote] DEBUG org.asynchttpclient.netty.request.NettyRequestSender - Using open Channel [id: 0xf204e180, L:/127.0.0.1:49841 - R:localhost/127.0.0.1:38620] for GET '/session/1f8cefaea503a9e8dcb9bf98c718aa49/url'
10:01:39.351 [AsyncHttpClient-1-2] DEBUG org.asynchttpclient.netty.handler.HttpHandler - 

Request DefaultFullHttpRequest(decodeResult: success, version: HTTP/1.1, content: EmptyByteBufBE)
GET /session/1f8cefaea503a9e8dcb9bf98c718aa49/url HTTP/1.1
User-Agent: selenium/4.7.1 (java windows)
Cache-Control: no-cache
Content-Type: application/json; charset=utf-8
host: localhost:38620
accept: */*

Response DefaultHttpResponse(decodeResult: success, version: HTTP/1.1)
HTTP/1.1 200 OK
Content-Type: application/json; charset=utf-8
cache-control: no-cache
content-length: 51

10:01:39.351 [AsyncHttpClient-1-2] DEBUG org.asynchttpclient.netty.channel.ChannelManager - Adding key: http://localhost:38620 for channel [id: 0xf204e180, L:/127.0.0.1:49841 - R:localhost/127.0.0.1:38620]
10:01:39.355 [Forwarding screenshot on session 1f8cefaea503a9e8dcb9bf98c718aa49 to remote] DEBUG org.asynchttpclient.netty.request.NettyRequestSender - Using pooled Channel '[id: 0xf204e180, L:/127.0.0.1:49841 - R:localhost/127.0.0.1:38620]' for 'GET' to 'http://localhost:38620/session/1f8cefaea503a9e8dcb9bf98c718aa49/screenshot'
10:01:39.356 [Forwarding screenshot on session 1f8cefaea503a9e8dcb9bf98c718aa49 to remote] DEBUG org.asynchttpclient.netty.request.NettyRequestSender - Using open Channel [id: 0xf204e180, L:/127.0.0.1:49841 - R:localhost/127.0.0.1:38620] for GET '/session/1f8cefaea503a9e8dcb9bf98c718aa49/screenshot'
10:01:39.469 [AsyncHttpClient-1-2] DEBUG org.asynchttpclient.netty.handler.HttpHandler - 

Request DefaultFullHttpRequest(decodeResult: success, version: HTTP/1.1, content: EmptyByteBufBE)
GET /session/1f8cefaea503a9e8dcb9bf98c718aa49/screenshot HTTP/1.1
User-Agent: selenium/4.7.1 (java windows)
Cache-Control: no-cache
Content-Type: application/json; charset=utf-8
host: localhost:38620
accept: */*

Response DefaultHttpResponse(decodeResult: success, version: HTTP/1.1)
HTTP/1.1 200 OK
Content-Type: application/json; charset=utf-8
cache-control: no-cache
content-length: 26172

10:01:39.471 [AsyncHttpClient-1-2] DEBUG org.asynchttpclient.netty.channel.ChannelManager - Adding key: http://localhost:38620 for channel [id: 0xf204e180, L:/127.0.0.1:49841 - R:localhost/127.0.0.1:38620]
10:01:39.476 [main] DEBUG net.serenitybdd.core.photography.Darkroom - Send negative for processing for target\site\serenity\f035198f28bcaf95684f4b1a3b9e5d031fc0873bb044f55c4913aef571773aa0.png
10:01:39.477 [Darkroom Processing Line] DEBUG net.serenitybdd.core.photography.DarkroomProcessingLine - Processing screenshot image in /var/screenshots/screenshot-75578483500131366
10:01:39.477 [Darkroom Processing Line] DEBUG net.serenitybdd.core.photography.DarkroomProcessingLine - Saving screenshot to target\site\serenity\f035198f28bcaf95684f4b1a3b9e5d031fc0873bb044f55c4913aef571773aa0.png
10:01:39.477 [main] DEBUG net.thucydides.core.steps.StepInterceptor - STEP DONE: klikButtonLogin
  &amp#27;[32mWhen &amp#27;[0m&amp#27;[32muser klik button login&amp#27;[0m                                  &amp#27;[90m# starter.stepdefinitions.LoginRegisterSteps.userKlikButtonLogin()&amp#27;[0m
10:01:39.509 [main] DEBUG net.thucydides.core.steps.StepInterceptor - STARTING STEP: LoginRegisterSteps.userInputEmail - inputEmail
10:01:39.519 [Forwarding findElement on session 1f8cefaea503a9e8dcb9bf98c718aa49 to remote] DEBUG org.asynchttpclient.netty.request.NettyRequestSender - Using pooled Channel '[id: 0xf204e180, L:/127.0.0.1:49841 - R:localhost/127.0.0.1:38620]' for 'POST' to 'http://localhost:38620/session/1f8cefaea503a9e8dcb9bf98c718aa49/element'
10:01:39.519 [Forwarding findElement on session 1f8cefaea503a9e8dcb9bf98c718aa49 to remote] DEBUG org.asynchttpclient.netty.request.NettyRequestSender - Using open Channel [id: 0xf204e180, L:/127.0.0.1:49841 - R:localhost/127.0.0.1:38620] for POST '/session/1f8cefaea503a9e8dcb9bf98c718aa49/element'
10:01:39.539 [AsyncHttpClient-1-2] DEBUG org.asynchttpclient.netty.handler.HttpHandler - 

Request DefaultHttpRequest(decodeResult: success, version: HTTP/1.1)
POST /session/1f8cefaea503a9e8dcb9bf98c718aa49/element HTTP/1.1
User-Agent: selenium/4.7.1 (java windows)
Content-Length: 187
Content-Type: application/json; charset=utf-8
host: localhost:38620
accept: */*

Response DefaultHttpResponse(decodeResult: success, version: HTTP/1.1)
HTTP/1.1 200 OK
Content-Type: application/json; charset=utf-8
cache-control: no-cache
content-length: 88

10:01:39.540 [AsyncHttpClient-1-2] DEBUG org.asynchttpclient.netty.channel.ChannelManager - Adding key: http://localhost:38620 for channel [id: 0xf204e180, L:/127.0.0.1:49841 - R:localhost/127.0.0.1:38620]
10:01:39.543 [Forwarding clearElement on session 1f8cefaea503a9e8dcb9bf98c718aa49 to remote] DEBUG org.asynchttpclient.netty.request.NettyRequestSender - Using pooled Channel '[id: 0xf204e180, L:/127.0.0.1:49841 - R:localhost/127.0.0.1:38620]' for 'POST' to 'http://localhost:38620/session/1f8cefaea503a9e8dcb9bf98c718aa49/element/9679b533-c960-4503-afb6-bd55c88d3f19/clear'
10:01:39.544 [Forwarding clearElement on session 1f8cefaea503a9e8dcb9bf98c718aa49 to remote] DEBUG org.asynchttpclient.netty.request.NettyRequestSender - Using open Channel [id: 0xf204e180, L:/127.0.0.1:49841 - R:localhost/127.0.0.1:38620] for POST '/session/1f8cefaea503a9e8dcb9bf98c718aa49/element/9679b533-c960-4503-afb6-bd55c88d3f19/clear'
10:01:39.600 [AsyncHttpClient-1-2] DEBUG org.asynchttpclient.netty.handler.HttpHandler - 

Request DefaultHttpRequest(decodeResult: success, version: HTTP/1.1)
POST /session/1f8cefaea503a9e8dcb9bf98c718aa49/element/9679b533-c960-4503-afb6-bd55c88d3f19/clear HTTP/1.1
User-Agent: selenium/4.7.1 (java windows)
Content-Length: 50
Content-Type: application/json; charset=utf-8
host: localhost:38620
accept: */*

Response DefaultHttpResponse(decodeResult: success, version: HTTP/1.1)
HTTP/1.1 200 OK
Content-Type: application/json; charset=utf-8
cache-control: no-cache
content-length: 14

10:01:39.601 [AsyncHttpClient-1-2] DEBUG org.asynchttpclient.netty.channel.ChannelManager - Adding key: http://localhost:38620 for channel [id: 0xf204e180, L:/127.0.0.1:49841 - R:localhost/127.0.0.1:38620]
10:01:39.611 [Forwarding sendKeysToElement on session 1f8cefaea503a9e8dcb9bf98c718aa49 to remote] DEBUG org.asynchttpclient.netty.request.NettyRequestSender - Using pooled Channel '[id: 0xf204e180, L:/127.0.0.1:49841 - R:localhost/127.0.0.1:38620]' for 'POST' to 'http://localhost:38620/session/1f8cefaea503a9e8dcb9bf98c718aa49/element/9679b533-c960-4503-afb6-bd55c88d3f19/value'
10:01:39.612 [Forwarding sendKeysToElement on session 1f8cefaea503a9e8dcb9bf98c718aa49 to remote] DEBUG org.asynchttpclient.netty.request.NettyRequestSender - Using open Channel [id: 0xf204e180, L:/127.0.0.1:49841 - R:localhost/127.0.0.1:38620] for POST '/session/1f8cefaea503a9e8dcb9bf98c718aa49/element/9679b533-c960-4503-afb6-bd55c88d3f19/value'
10:01:39.970 [AsyncHttpClient-1-1] DEBUG org.asynchttpclient.netty.channel.DefaultChannelPool - Entry count for : http://localhost:49843 : 1
10:01:40.057 [AsyncHttpClient-1-2] DEBUG org.asynchttpclient.netty.handler.HttpHandler - 

Request DefaultHttpRequest(decodeResult: success, version: HTTP/1.1)
POST /session/1f8cefaea503a9e8dcb9bf98c718aa49/element/9679b533-c960-4503-afb6-bd55c88d3f19/value HTTP/1.1
User-Agent: selenium/4.7.1 (java windows)
Content-Length: 361
Content-Type: application/json; charset=utf-8
host: localhost:38620
accept: */*

Response DefaultHttpResponse(decodeResult: success, version: HTTP/1.1)
HTTP/1.1 200 OK
Content-Type: application/json; charset=utf-8
cache-control: no-cache
content-length: 14

10:01:40.058 [AsyncHttpClient-1-2] DEBUG org.asynchttpclient.netty.channel.ChannelManager - Adding key: http://localhost:38620 for channel [id: 0xf204e180, L:/127.0.0.1:49841 - R:localhost/127.0.0.1:38620]
10:01:40.086 [Forwarding getCurrentWindowHandle on session 1f8cefaea503a9e8dcb9bf98c718aa49 to remote] DEBUG org.asynchttpclient.netty.request.NettyRequestSender - Using pooled Channel '[id: 0xf204e180, L:/127.0.0.1:49841 - R:localhost/127.0.0.1:38620]' for 'GET' to 'http://localhost:38620/session/1f8cefaea503a9e8dcb9bf98c718aa49/window'
10:01:40.087 [Forwarding getCurrentWindowHandle on session 1f8cefaea503a9e8dcb9bf98c718aa49 to remote] DEBUG org.asynchttpclient.netty.request.NettyRequestSender - Using open Channel [id: 0xf204e180, L:/127.0.0.1:49841 - R:localhost/127.0.0.1:38620] for GET '/session/1f8cefaea503a9e8dcb9bf98c718aa49/window'
10:01:40.092 [AsyncHttpClient-1-2] DEBUG org.asynchttpclient.netty.handler.HttpHandler - 

Request DefaultFullHttpRequest(decodeResult: success, version: HTTP/1.1, content: EmptyByteBufBE)
GET /session/1f8cefaea503a9e8dcb9bf98c718aa49/window HTTP/1.1
User-Agent: selenium/4.7.1 (java windows)
Cache-Control: no-cache
Content-Type: application/json; charset=utf-8
host: localhost:38620
accept: */*

Response DefaultHttpResponse(decodeResult: success, version: HTTP/1.1)
HTTP/1.1 200 OK
Content-Type: application/json; charset=utf-8
cache-control: no-cache
content-length: 44

10:01:40.093 [AsyncHttpClient-1-2] DEBUG org.asynchttpclient.netty.channel.ChannelManager - Adding key: http://localhost:38620 for channel [id: 0xf204e180, L:/127.0.0.1:49841 - R:localhost/127.0.0.1:38620]
10:01:40.098 [Forwarding getAlertText on session 1f8cefaea503a9e8dcb9bf98c718aa49 to remote] DEBUG org.asynchttpclient.netty.request.NettyRequestSender - Using pooled Channel '[id: 0xf204e180, L:/127.0.0.1:49841 - R:localhost/127.0.0.1:38620]' for 'GET' to 'http://localhost:38620/session/1f8cefaea503a9e8dcb9bf98c718aa49/alert/text'
10:01:40.098 [Forwarding getAlertText on session 1f8cefaea503a9e8dcb9bf98c718aa49 to remote] DEBUG org.asynchttpclient.netty.request.NettyRequestSender - Using open Channel [id: 0xf204e180, L:/127.0.0.1:49841 - R:localhost/127.0.0.1:38620] for GET '/session/1f8cefaea503a9e8dcb9bf98c718aa49/alert/text'
10:01:40.102 [AsyncHttpClient-1-2] DEBUG org.asynchttpclient.netty.handler.HttpHandler - 

Request DefaultFullHttpRequest(decodeResult: success, version: HTTP/1.1, content: EmptyByteBufBE)
GET /session/1f8cefaea503a9e8dcb9bf98c718aa49/alert/text HTTP/1.1
User-Agent: selenium/4.7.1 (java windows)
Cache-Control: no-cache
Content-Type: application/json; charset=utf-8
host: localhost:38620
accept: */*

Response DefaultHttpResponse(decodeResult: success, version: HTTP/1.1)
HTTP/1.1 404 Not Found
Content-Type: application/json; charset=utf-8
cache-control: no-cache
content-length: 821

10:01:40.103 [AsyncHttpClient-1-2] DEBUG org.asynchttpclient.netty.channel.ChannelManager - Adding key: http://localhost:38620 for channel [id: 0xf204e180, L:/127.0.0.1:49841 - R:localhost/127.0.0.1:38620]
10:01:40.109 [Forwarding switchToWindow on session 1f8cefaea503a9e8dcb9bf98c718aa49 to remote] DEBUG org.asynchttpclient.netty.request.NettyRequestSender - Using pooled Channel '[id: 0xf204e180, L:/127.0.0.1:49841 - R:localhost/127.0.0.1:38620]' for 'POST' to 'http://localhost:38620/session/1f8cefaea503a9e8dcb9bf98c718aa49/window'
10:01:40.109 [Forwarding switchToWindow on session 1f8cefaea503a9e8dcb9bf98c718aa49 to remote] DEBUG org.asynchttpclient.netty.request.NettyRequestSender - Using open Channel [id: 0xf204e180, L:/127.0.0.1:49841 - R:localhost/127.0.0.1:38620] for POST '/session/1f8cefaea503a9e8dcb9bf98c718aa49/window'
10:01:40.114 [AsyncHttpClient-1-2] DEBUG org.asynchttpclient.netty.handler.HttpHandler - 

Request DefaultHttpRequest(decodeResult: success, version: HTTP/1.1)
POST /session/1f8cefaea503a9e8dcb9bf98c718aa49/window HTTP/1.1
User-Agent: selenium/4.7.1 (java windows)
Content-Length: 50
Content-Type: application/json; charset=utf-8
host: localhost:38620
accept: */*

Response DefaultHttpResponse(decodeResult: success, version: HTTP/1.1)
HTTP/1.1 200 OK
Content-Type: application/json; charset=utf-8
cache-control: no-cache
content-length: 14

10:01:40.115 [AsyncHttpClient-1-2] DEBUG org.asynchttpclient.netty.channel.ChannelManager - Adding key: http://localhost:38620 for channel [id: 0xf204e180, L:/127.0.0.1:49841 - R:localhost/127.0.0.1:38620]
10:01:40.117 [Forwarding getCurrentUrl on session 1f8cefaea503a9e8dcb9bf98c718aa49 to remote] DEBUG org.asynchttpclient.netty.request.NettyRequestSender - Using pooled Channel '[id: 0xf204e180, L:/127.0.0.1:49841 - R:localhost/127.0.0.1:38620]' for 'GET' to 'http://localhost:38620/session/1f8cefaea503a9e8dcb9bf98c718aa49/url'
10:01:40.117 [Forwarding getCurrentUrl on session 1f8cefaea503a9e8dcb9bf98c718aa49 to remote] DEBUG org.asynchttpclient.netty.request.NettyRequestSender - Using open Channel [id: 0xf204e180, L:/127.0.0.1:49841 - R:localhost/127.0.0.1:38620] for GET '/session/1f8cefaea503a9e8dcb9bf98c718aa49/url'
10:01:40.127 [AsyncHttpClient-1-2] DEBUG org.asynchttpclient.netty.handler.HttpHandler - 

Request DefaultFullHttpRequest(decodeResult: success, version: HTTP/1.1, content: EmptyByteBufBE)
GET /session/1f8cefaea503a9e8dcb9bf98c718aa49/url HTTP/1.1
User-Agent: selenium/4.7.1 (java windows)
Cache-Control: no-cache
Content-Type: application/json; charset=utf-8
host: localhost:38620
accept: */*

Response DefaultHttpResponse(decodeResult: success, version: HTTP/1.1)
HTTP/1.1 200 OK
Content-Type: application/json; charset=utf-8
cache-control: no-cache
content-length: 51

10:01:40.127 [AsyncHttpClient-1-2] DEBUG org.asynchttpclient.netty.channel.ChannelManager - Adding key: http://localhost:38620 for channel [id: 0xf204e180, L:/127.0.0.1:49841 - R:localhost/127.0.0.1:38620]
10:01:40.130 [Forwarding screenshot on session 1f8cefaea503a9e8dcb9bf98c718aa49 to remote] DEBUG org.asynchttpclient.netty.request.NettyRequestSender - Using pooled Channel '[id: 0xf204e180, L:/127.0.0.1:49841 - R:localhost/127.0.0.1:38620]' for 'GET' to 'http://localhost:38620/session/1f8cefaea503a9e8dcb9bf98c718aa49/screenshot'
10:01:40.130 [Forwarding screenshot on session 1f8cefaea503a9e8dcb9bf98c718aa49 to remote] DEBUG org.asynchttpclient.netty.request.NettyRequestSender - Using open Channel [id: 0xf204e180, L:/127.0.0.1:49841 - R:localhost/127.0.0.1:38620] for GET '/session/1f8cefaea503a9e8dcb9bf98c718aa49/screenshot'
10:01:40.258 [AsyncHttpClient-1-2] DEBUG org.asynchttpclient.netty.handler.HttpHandler - 

Request DefaultFullHttpRequest(decodeResult: success, version: HTTP/1.1, content: EmptyByteBufBE)
GET /session/1f8cefaea503a9e8dcb9bf98c718aa49/screenshot HTTP/1.1
User-Agent: selenium/4.7.1 (java windows)
Cache-Control: no-cache
Content-Type: application/json; charset=utf-8
host: localhost:38620
accept: */*

Response DefaultHttpResponse(decodeResult: success, version: HTTP/1.1)
HTTP/1.1 200 OK
Content-Type: application/json; charset=utf-8
cache-control: no-cache
content-length: 31276

10:01:40.260 [AsyncHttpClient-1-2] DEBUG org.asynchttpclient.netty.channel.ChannelManager - Adding key: http://localhost:38620 for channel [id: 0xf204e180, L:/127.0.0.1:49841 - R:localhost/127.0.0.1:38620]
10:01:40.263 [main] DEBUG net.serenitybdd.core.photography.Darkroom - Send negative for processing for target\site\serenity\ff402a523283927c25c78f34242f64b90630067f7229686f0fc582aadde3e6f5.png
10:01:40.263 [Darkroom Processing Line] DEBUG net.serenitybdd.core.photography.DarkroomProcessingLine - Processing screenshot image in /var/screenshots/screenshot-16795946779562862941
10:01:40.263 [main] DEBUG net.thucydides.core.steps.StepInterceptor - STEP DONE: inputEmail
10:01:40.264 [Darkroom Processing Line] DEBUG net.serenitybdd.core.photography.DarkroomProcessingLine - Saving screenshot to target\site\serenity\ff402a523283927c25c78f34242f64b90630067f7229686f0fc582aadde3e6f5.png
  &amp#27;[32mAnd &amp#27;[0m&amp#27;[32muser input email&amp#27;[0m                                         &amp#27;[90m# starter.stepdefinitions.LoginRegisterSteps.userInputEmail()&amp#27;[0m
10:01:40.289 [main] DEBUG net.thucydides.core.steps.StepInterceptor - STARTING STEP: LoginRegisterSteps.userInputPassword - inputPassword
10:01:40.294 [Forwarding findElement on session 1f8cefaea503a9e8dcb9bf98c718aa49 to remote] DEBUG org.asynchttpclient.netty.request.NettyRequestSender - Using pooled Channel '[id: 0xf204e180, L:/127.0.0.1:49841 - R:localhost/127.0.0.1:38620]' for 'POST' to 'http://localhost:38620/session/1f8cefaea503a9e8dcb9bf98c718aa49/element'
10:01:40.294 [Forwarding findElement on session 1f8cefaea503a9e8dcb9bf98c718aa49 to remote] DEBUG org.asynchttpclient.netty.request.NettyRequestSender - Using open Channel [id: 0xf204e180, L:/127.0.0.1:49841 - R:localhost/127.0.0.1:38620] for POST '/session/1f8cefaea503a9e8dcb9bf98c718aa49/element'
10:01:40.312 [AsyncHttpClient-1-2] DEBUG org.asynchttpclient.netty.handler.HttpHandler - 

Request DefaultHttpRequest(decodeResult: success, version: HTTP/1.1)
POST /session/1f8cefaea503a9e8dcb9bf98c718aa49/element HTTP/1.1
User-Agent: selenium/4.7.1 (java windows)
Content-Length: 187
Content-Type: application/json; charset=utf-8
host: localhost:38620
accept: */*

Response DefaultHttpResponse(decodeResult: success, version: HTTP/1.1)
HTTP/1.1 200 OK
Content-Type: application/json; charset=utf-8
cache-control: no-cache
content-length: 88

10:01:40.313 [AsyncHttpClient-1-2] DEBUG org.asynchttpclient.netty.channel.ChannelManager - Adding key: http://localhost:38620 for channel [id: 0xf204e180, L:/127.0.0.1:49841 - R:localhost/127.0.0.1:38620]
10:01:40.316 [Forwarding clearElement on session 1f8cefaea503a9e8dcb9bf98c718aa49 to remote] DEBUG org.asynchttpclient.netty.request.NettyRequestSender - Using pooled Channel '[id: 0xf204e180, L:/127.0.0.1:49841 - R:localhost/127.0.0.1:38620]' for 'POST' to 'http://localhost:38620/session/1f8cefaea503a9e8dcb9bf98c718aa49/element/cb07450a-7aa6-401f-8c17-4695752c2d36/clear'
10:01:40.316 [Forwarding clearElement on session 1f8cefaea503a9e8dcb9bf98c718aa49 to remote] DEBUG org.asynchttpclient.netty.request.NettyRequestSender - Using open Channel [id: 0xf204e180, L:/127.0.0.1:49841 - R:localhost/127.0.0.1:38620] for POST '/session/1f8cefaea503a9e8dcb9bf98c718aa49/element/cb07450a-7aa6-401f-8c17-4695752c2d36/clear'
10:01:40.374 [AsyncHttpClient-1-2] DEBUG org.asynchttpclient.netty.handler.HttpHandler - 

Request DefaultHttpRequest(decodeResult: success, version: HTTP/1.1)
POST /session/1f8cefaea503a9e8dcb9bf98c718aa49/element/cb07450a-7aa6-401f-8c17-4695752c2d36/clear HTTP/1.1
User-Agent: selenium/4.7.1 (java windows)
Content-Length: 50
Content-Type: application/json; charset=utf-8
host: localhost:38620
accept: */*

Response DefaultHttpResponse(decodeResult: success, version: HTTP/1.1)
HTTP/1.1 200 OK
Content-Type: application/json; charset=utf-8
cache-control: no-cache
content-length: 14

10:01:40.375 [AsyncHttpClient-1-2] DEBUG org.asynchttpclient.netty.channel.ChannelManager - Adding key: http://localhost:38620 for channel [id: 0xf204e180, L:/127.0.0.1:49841 - R:localhost/127.0.0.1:38620]
10:01:40.380 [Forwarding sendKeysToElement on session 1f8cefaea503a9e8dcb9bf98c718aa49 to remote] DEBUG org.asynchttpclient.netty.request.NettyRequestSender - Using pooled Channel '[id: 0xf204e180, L:/127.0.0.1:49841 - R:localhost/127.0.0.1:38620]' for 'POST' to 'http://localhost:38620/session/1f8cefaea503a9e8dcb9bf98c718aa49/element/cb07450a-7aa6-401f-8c17-4695752c2d36/value'
10:01:40.380 [Forwarding sendKeysToElement on session 1f8cefaea503a9e8dcb9bf98c718aa49 to remote] DEBUG org.asynchttpclient.netty.request.NettyRequestSender - Using open Channel [id: 0xf204e180, L:/127.0.0.1:49841 - R:localhost/127.0.0.1:38620] for POST '/session/1f8cefaea503a9e8dcb9bf98c718aa49/element/cb07450a-7aa6-401f-8c17-4695752c2d36/value'
10:01:40.485 [AsyncHttpClient-1-2] DEBUG org.asynchttpclient.netty.handler.HttpHandler - 

Request DefaultHttpRequest(decodeResult: success, version: HTTP/1.1)
POST /session/1f8cefaea503a9e8dcb9bf98c718aa49/element/cb07450a-7aa6-401f-8c17-4695752c2d36/value HTTP/1.1
User-Agent: selenium/4.7.1 (java windows)
Content-Length: 111
Content-Type: application/json; charset=utf-8
host: localhost:38620
accept: */*

Response DefaultHttpResponse(decodeResult: success, version: HTTP/1.1)
HTTP/1.1 200 OK
Content-Type: application/json; charset=utf-8
cache-control: no-cache
content-length: 14

10:01:40.486 [AsyncHttpClient-1-2] DEBUG org.asynchttpclient.netty.channel.ChannelManager - Adding key: http://localhost:38620 for channel [id: 0xf204e180, L:/127.0.0.1:49841 - R:localhost/127.0.0.1:38620]
10:01:40.500 [Forwarding getCurrentWindowHandle on session 1f8cefaea503a9e8dcb9bf98c718aa49 to remote] DEBUG org.asynchttpclient.netty.request.NettyRequestSender - Using pooled Channel '[id: 0xf204e180, L:/127.0.0.1:49841 - R:localhost/127.0.0.1:38620]' for 'GET' to 'http://localhost:38620/session/1f8cefaea503a9e8dcb9bf98c718aa49/window'
10:01:40.501 [Forwarding getCurrentWindowHandle on session 1f8cefaea503a9e8dcb9bf98c718aa49 to remote] DEBUG org.asynchttpclient.netty.request.NettyRequestSender - Using open Channel [id: 0xf204e180, L:/127.0.0.1:49841 - R:localhost/127.0.0.1:38620] for GET '/session/1f8cefaea503a9e8dcb9bf98c718aa49/window'
10:01:40.504 [AsyncHttpClient-1-2] DEBUG org.asynchttpclient.netty.handler.HttpHandler - 

Request DefaultFullHttpRequest(decodeResult: success, version: HTTP/1.1, content: EmptyByteBufBE)
GET /session/1f8cefaea503a9e8dcb9bf98c718aa49/window HTTP/1.1
User-Agent: selenium/4.7.1 (java windows)
Cache-Control: no-cache
Content-Type: application/json; charset=utf-8
host: localhost:38620
accept: */*

Response DefaultHttpResponse(decodeResult: success, version: HTTP/1.1)
HTTP/1.1 200 OK
Content-Type: application/json; charset=utf-8
cache-control: no-cache
content-length: 44

10:01:40.505 [AsyncHttpClient-1-2] DEBUG org.asynchttpclient.netty.channel.ChannelManager - Adding key: http://localhost:38620 for channel [id: 0xf204e180, L:/127.0.0.1:49841 - R:localhost/127.0.0.1:38620]
10:01:40.511 [Forwarding getAlertText on session 1f8cefaea503a9e8dcb9bf98c718aa49 to remote] DEBUG org.asynchttpclient.netty.request.NettyRequestSender - Using pooled Channel '[id: 0xf204e180, L:/127.0.0.1:49841 - R:localhost/127.0.0.1:38620]' for 'GET' to 'http://localhost:38620/session/1f8cefaea503a9e8dcb9bf98c718aa49/alert/text'
10:01:40.512 [Forwarding getAlertText on session 1f8cefaea503a9e8dcb9bf98c718aa49 to remote] DEBUG org.asynchttpclient.netty.request.NettyRequestSender - Using open Channel [id: 0xf204e180, L:/127.0.0.1:49841 - R:localhost/127.0.0.1:38620] for GET '/session/1f8cefaea503a9e8dcb9bf98c718aa49/alert/text'
10:01:40.518 [AsyncHttpClient-1-2] DEBUG org.asynchttpclient.netty.handler.HttpHandler - 

Request DefaultFullHttpRequest(decodeResult: success, version: HTTP/1.1, content: EmptyByteBufBE)
GET /session/1f8cefaea503a9e8dcb9bf98c718aa49/alert/text HTTP/1.1
User-Agent: selenium/4.7.1 (java windows)
Cache-Control: no-cache
Content-Type: application/json; charset=utf-8
host: localhost:38620
accept: */*

Response DefaultHttpResponse(decodeResult: success, version: HTTP/1.1)
HTTP/1.1 404 Not Found
Content-Type: application/json; charset=utf-8
cache-control: no-cache
content-length: 821

10:01:40.519 [AsyncHttpClient-1-2] DEBUG org.asynchttpclient.netty.channel.ChannelManager - Adding key: http://localhost:38620 for channel [id: 0xf204e180, L:/127.0.0.1:49841 - R:localhost/127.0.0.1:38620]
10:01:40.531 [Forwarding switchToWindow on session 1f8cefaea503a9e8dcb9bf98c718aa49 to remote] DEBUG org.asynchttpclient.netty.request.NettyRequestSender - Using pooled Channel '[id: 0xf204e180, L:/127.0.0.1:49841 - R:localhost/127.0.0.1:38620]' for 'POST' to 'http://localhost:38620/session/1f8cefaea503a9e8dcb9bf98c718aa49/window'
10:01:40.532 [Forwarding switchToWindow on session 1f8cefaea503a9e8dcb9bf98c718aa49 to remote] DEBUG org.asynchttpclient.netty.request.NettyRequestSender - Using open Channel [id: 0xf204e180, L:/127.0.0.1:49841 - R:localhost/127.0.0.1:38620] for POST '/session/1f8cefaea503a9e8dcb9bf98c718aa49/window'
10:01:40.544 [AsyncHttpClient-1-2] DEBUG org.asynchttpclient.netty.handler.HttpHandler - 

Request DefaultHttpRequest(decodeResult: success, version: HTTP/1.1)
POST /session/1f8cefaea503a9e8dcb9bf98c718aa49/window HTTP/1.1
User-Agent: selenium/4.7.1 (java windows)
Content-Length: 50
Content-Type: application/json; charset=utf-8
host: localhost:38620
accept: */*

Response DefaultHttpResponse(decodeResult: success, version: HTTP/1.1)
HTTP/1.1 200 OK
Content-Type: application/json; charset=utf-8
cache-control: no-cache
content-length: 14

10:01:40.545 [AsyncHttpClient-1-2] DEBUG org.asynchttpclient.netty.channel.ChannelManager - Adding key: http://localhost:38620 for channel [id: 0xf204e180, L:/127.0.0.1:49841 - R:localhost/127.0.0.1:38620]
10:01:40.550 [Forwarding getCurrentUrl on session 1f8cefaea503a9e8dcb9bf98c718aa49 to remote] DEBUG org.asynchttpclient.netty.request.NettyRequestSender - Using pooled Channel '[id: 0xf204e180, L:/127.0.0.1:49841 - R:localhost/127.0.0.1:38620]' for 'GET' to 'http://localhost:38620/session/1f8cefaea503a9e8dcb9bf98c718aa49/url'
10:01:40.551 [Forwarding getCurrentUrl on session 1f8cefaea503a9e8dcb9bf98c718aa49 to remote] DEBUG org.asynchttpclient.netty.request.NettyRequestSender - Using open Channel [id: 0xf204e180, L:/127.0.0.1:49841 - R:localhost/127.0.0.1:38620] for GET '/session/1f8cefaea503a9e8dcb9bf98c718aa49/url'
10:01:40.568 [AsyncHttpClient-1-2] DEBUG org.asynchttpclient.netty.handler.HttpHandler - 

Request DefaultFullHttpRequest(decodeResult: success, version: HTTP/1.1, content: EmptyByteBufBE)
GET /session/1f8cefaea503a9e8dcb9bf98c718aa49/url HTTP/1.1
User-Agent: selenium/4.7.1 (java windows)
Cache-Control: no-cache
Content-Type: application/json; charset=utf-8
host: localhost:38620
accept: */*

Response DefaultHttpResponse(decodeResult: success, version: HTTP/1.1)
HTTP/1.1 200 OK
Content-Type: application/json; charset=utf-8
cache-control: no-cache
content-length: 51

10:01:40.570 [AsyncHttpClient-1-2] DEBUG org.asynchttpclient.netty.channel.ChannelManager - Adding key: http://localhost:38620 for channel [id: 0xf204e180, L:/127.0.0.1:49841 - R:localhost/127.0.0.1:38620]
10:01:40.576 [Forwarding screenshot on session 1f8cefaea503a9e8dcb9bf98c718aa49 to remote] DEBUG org.asynchttpclient.netty.request.NettyRequestSender - Using pooled Channel '[id: 0xf204e180, L:/127.0.0.1:49841 - R:localhost/127.0.0.1:38620]' for 'GET' to 'http://localhost:38620/session/1f8cefaea503a9e8dcb9bf98c718aa49/screenshot'
10:01:40.577 [Forwarding screenshot on session 1f8cefaea503a9e8dcb9bf98c718aa49 to remote] DEBUG org.asynchttpclient.netty.request.NettyRequestSender - Using open Channel [id: 0xf204e180, L:/127.0.0.1:49841 - R:localhost/127.0.0.1:38620] for GET '/session/1f8cefaea503a9e8dcb9bf98c718aa49/screenshot'
10:01:40.749 [AsyncHttpClient-1-2] DEBUG org.asynchttpclient.netty.handler.HttpHandler - 

Request DefaultFullHttpRequest(decodeResult: success, version: HTTP/1.1, content: EmptyByteBufBE)
GET /session/1f8cefaea503a9e8dcb9bf98c718aa49/screenshot HTTP/1.1
User-Agent: selenium/4.7.1 (java windows)
Cache-Control: no-cache
Content-Type: application/json; charset=utf-8
host: localhost:38620
accept: */*

Response DefaultHttpResponse(decodeResult: success, version: HTTP/1.1)
HTTP/1.1 200 OK
Content-Type: application/json; charset=utf-8
cache-control: no-cache
content-length: 31416

10:01:40.751 [AsyncHttpClient-1-2] DEBUG org.asynchttpclient.netty.channel.ChannelManager - Adding key: http://localhost:38620 for channel [id: 0xf204e180, L:/127.0.0.1:49841 - R:localhost/127.0.0.1:38620]
10:01:40.759 [main] DEBUG net.serenitybdd.core.photography.Darkroom - Send negative for processing for target\site\serenity\8ab3559244d8f938c443db7eb4c1c501d1b9522de4e27309d19dd217dfe474a3.png
10:01:40.760 [Darkroom Processing Line] DEBUG net.serenitybdd.core.photography.DarkroomProcessingLine - Processing screenshot image in /var/screenshots/screenshot-12194608180133123265
10:01:40.761 [Darkroom Processing Line] DEBUG net.serenitybdd.core.photography.DarkroomProcessingLine - Saving screenshot to target\site\serenity\8ab3559244d8f938c443db7eb4c1c501d1b9522de4e27309d19dd217dfe474a3.png
10:01:40.761 [main] DEBUG net.thucydides.core.steps.StepInterceptor - STEP DONE: inputPassword
  &amp#27;[32mAnd &amp#27;[0m&amp#27;[32muser input password&amp#27;[0m                                      &amp#27;[90m# starter.stepdefinitions.LoginRegisterSteps.userInputPassword()&amp#27;[0m
10:01:40.803 [main] DEBUG net.thucydides.core.steps.StepInterceptor - STARTING STEP: LoginRegisterSteps.userKlikButtonLoginYangKedua - klikButtonLoginKedua
10:01:40.817 [Forwarding findElement on session 1f8cefaea503a9e8dcb9bf98c718aa49 to remote] DEBUG org.asynchttpclient.netty.request.NettyRequestSender - Using pooled Channel '[id: 0xf204e180, L:/127.0.0.1:49841 - R:localhost/127.0.0.1:38620]' for 'POST' to 'http://localhost:38620/session/1f8cefaea503a9e8dcb9bf98c718aa49/element'
10:01:40.817 [Forwarding findElement on session 1f8cefaea503a9e8dcb9bf98c718aa49 to remote] DEBUG org.asynchttpclient.netty.request.NettyRequestSender - Using open Channel [id: 0xf204e180, L:/127.0.0.1:49841 - R:localhost/127.0.0.1:38620] for POST '/session/1f8cefaea503a9e8dcb9bf98c718aa49/element'
10:01:40.849 [AsyncHttpClient-1-2] DEBUG org.asynchttpclient.netty.handler.HttpHandler - 

Request DefaultHttpRequest(decodeResult: success, version: HTTP/1.1)
POST /session/1f8cefaea503a9e8dcb9bf98c718aa49/element HTTP/1.1
User-Agent: selenium/4.7.1 (java windows)
Content-Length: 141
Content-Type: application/json; charset=utf-8
host: localhost:38620
accept: */*

Response DefaultHttpResponse(decodeResult: success, version: HTTP/1.1)
HTTP/1.1 200 OK
Content-Type: application/json; charset=utf-8
cache-control: no-cache
content-length: 88

10:01:40.850 [AsyncHttpClient-1-2] DEBUG org.asynchttpclient.netty.channel.ChannelManager - Adding key: http://localhost:38620 for channel [id: 0xf204e180, L:/127.0.0.1:49841 - R:localhost/127.0.0.1:38620]
10:01:40.857 [Forwarding getElementTagName on session 1f8cefaea503a9e8dcb9bf98c718aa49 to remote] DEBUG org.asynchttpclient.netty.request.NettyRequestSender - Using pooled Channel '[id: 0xf204e180, L:/127.0.0.1:49841 - R:localhost/127.0.0.1:38620]' for 'GET' to 'http://localhost:38620/session/1f8cefaea503a9e8dcb9bf98c718aa49/element/a7c69102-43ad-46c6-87da-e1680148b02d/name'
10:01:40.858 [Forwarding getElementTagName on session 1f8cefaea503a9e8dcb9bf98c718aa49 to remote] DEBUG org.asynchttpclient.netty.request.NettyRequestSender - Using open Channel [id: 0xf204e180, L:/127.0.0.1:49841 - R:localhost/127.0.0.1:38620] for GET '/session/1f8cefaea503a9e8dcb9bf98c718aa49/element/a7c69102-43ad-46c6-87da-e1680148b02d/name'
10:01:40.872 [AsyncHttpClient-1-2] DEBUG org.asynchttpclient.netty.handler.HttpHandler - 

Request DefaultFullHttpRequest(decodeResult: success, version: HTTP/1.1, content: EmptyByteBufBE)
GET /session/1f8cefaea503a9e8dcb9bf98c718aa49/element/a7c69102-43ad-46c6-87da-e1680148b02d/name HTTP/1.1
User-Agent: selenium/4.7.1 (java windows)
Cache-Control: no-cache
Content-Type: application/json; charset=utf-8
host: localhost:38620
accept: */*

Response DefaultHttpResponse(decodeResult: success, version: HTTP/1.1)
HTTP/1.1 200 OK
Content-Type: application/json; charset=utf-8
cache-control: no-cache
content-length: 18

10:01:40.873 [AsyncHttpClient-1-2] DEBUG org.asynchttpclient.netty.channel.ChannelManager - Adding key: http://localhost:38620 for channel [id: 0xf204e180, L:/127.0.0.1:49841 - R:localhost/127.0.0.1:38620]
10:01:40.877 [Forwarding getElementTagName on session 1f8cefaea503a9e8dcb9bf98c718aa49 to remote] DEBUG org.asynchttpclient.netty.request.NettyRequestSender - Using pooled Channel '[id: 0xf204e180, L:/127.0.0.1:49841 - R:localhost/127.0.0.1:38620]' for 'GET' to 'http://localhost:38620/session/1f8cefaea503a9e8dcb9bf98c718aa49/element/a7c69102-43ad-46c6-87da-e1680148b02d/name'
10:01:40.877 [Forwarding getElementTagName on session 1f8cefaea503a9e8dcb9bf98c718aa49 to remote] DEBUG org.asynchttpclient.netty.request.NettyRequestSender - Using open Channel [id: 0xf204e180, L:/127.0.0.1:49841 - R:localhost/127.0.0.1:38620] for GET '/session/1f8cefaea503a9e8dcb9bf98c718aa49/element/a7c69102-43ad-46c6-87da-e1680148b02d/name'
10:01:40.884 [AsyncHttpClient-1-2] DEBUG org.asynchttpclient.netty.handler.HttpHandler - 

Request DefaultFullHttpRequest(decodeResult: success, version: HTTP/1.1, content: EmptyByteBufBE)
GET /session/1f8cefaea503a9e8dcb9bf98c718aa49/element/a7c69102-43ad-46c6-87da-e1680148b02d/name HTTP/1.1
User-Agent: selenium/4.7.1 (java windows)
Cache-Control: no-cache
Content-Type: application/json; charset=utf-8
host: localhost:38620
accept: */*

Response DefaultHttpResponse(decodeResult: success, version: HTTP/1.1)
HTTP/1.1 200 OK
Content-Type: application/json; charset=utf-8
cache-control: no-cache
content-length: 18

10:01:40.885 [AsyncHttpClient-1-2] DEBUG org.asynchttpclient.netty.channel.ChannelManager - Adding key: http://localhost:38620 for channel [id: 0xf204e180, L:/127.0.0.1:49841 - R:localhost/127.0.0.1:38620]
10:01:40.895 [Forwarding isElementEnabled on session 1f8cefaea503a9e8dcb9bf98c718aa49 to remote] DEBUG org.asynchttpclient.netty.request.NettyRequestSender - Using pooled Channel '[id: 0xf204e180, L:/127.0.0.1:49841 - R:localhost/127.0.0.1:38620]' for 'GET' to 'http://localhost:38620/session/1f8cefaea503a9e8dcb9bf98c718aa49/element/a7c69102-43ad-46c6-87da-e1680148b02d/enabled'
10:01:40.895 [Forwarding isElementEnabled on session 1f8cefaea503a9e8dcb9bf98c718aa49 to remote] DEBUG org.asynchttpclient.netty.request.NettyRequestSender - Using open Channel [id: 0xf204e180, L:/127.0.0.1:49841 - R:localhost/127.0.0.1:38620] for GET '/session/1f8cefaea503a9e8dcb9bf98c718aa49/element/a7c69102-43ad-46c6-87da-e1680148b02d/enabled'
10:01:40.919 [AsyncHttpClient-1-2] DEBUG org.asynchttpclient.netty.handler.HttpHandler - 

Request DefaultFullHttpRequest(decodeResult: success, version: HTTP/1.1, content: EmptyByteBufBE)
GET /session/1f8cefaea503a9e8dcb9bf98c718aa49/element/a7c69102-43ad-46c6-87da-e1680148b02d/enabled HTTP/1.1
User-Agent: selenium/4.7.1 (java windows)
Cache-Control: no-cache
Content-Type: application/json; charset=utf-8
host: localhost:38620
accept: */*

Response DefaultHttpResponse(decodeResult: success, version: HTTP/1.1)
HTTP/1.1 200 OK
Content-Type: application/json; charset=utf-8
cache-control: no-cache
content-length: 14

10:01:40.919 [AsyncHttpClient-1-2] DEBUG org.asynchttpclient.netty.channel.ChannelManager - Adding key: http://localhost:38620 for channel [id: 0xf204e180, L:/127.0.0.1:49841 - R:localhost/127.0.0.1:38620]
10:01:40.925 [Forwarding isElementEnabled on session 1f8cefaea503a9e8dcb9bf98c718aa49 to remote] DEBUG org.asynchttpclient.netty.request.NettyRequestSender - Using pooled Channel '[id: 0xf204e180, L:/127.0.0.1:49841 - R:localhost/127.0.0.1:38620]' for 'GET' to 'http://localhost:38620/session/1f8cefaea503a9e8dcb9bf98c718aa49/element/a7c69102-43ad-46c6-87da-e1680148b02d/enabled'
10:01:40.926 [Forwarding isElementEnabled on session 1f8cefaea503a9e8dcb9bf98c718aa49 to remote] DEBUG org.asynchttpclient.netty.request.NettyRequestSender - Using open Channel [id: 0xf204e180, L:/127.0.0.1:49841 - R:localhost/127.0.0.1:38620] for GET '/session/1f8cefaea503a9e8dcb9bf98c718aa49/element/a7c69102-43ad-46c6-87da-e1680148b02d/enabled'
10:01:40.944 [AsyncHttpClient-1-2] DEBUG org.asynchttpclient.netty.handler.HttpHandler - 

Request DefaultFullHttpRequest(decodeResult: success, version: HTTP/1.1, content: EmptyByteBufBE)
GET /session/1f8cefaea503a9e8dcb9bf98c718aa49/element/a7c69102-43ad-46c6-87da-e1680148b02d/enabled HTTP/1.1
User-Agent: selenium/4.7.1 (java windows)
Cache-Control: no-cache
Content-Type: application/json; charset=utf-8
host: localhost:38620
accept: */*

Response DefaultHttpResponse(decodeResult: success, version: HTTP/1.1)
HTTP/1.1 200 OK
Content-Type: application/json; charset=utf-8
cache-control: no-cache
content-length: 14

10:01:40.945 [AsyncHttpClient-1-2] DEBUG org.asynchttpclient.netty.channel.ChannelManager - Adding key: http://localhost:38620 for channel [id: 0xf204e180, L:/127.0.0.1:49841 - R:localhost/127.0.0.1:38620]
10:01:40.952 [Forwarding findElement on session 1f8cefaea503a9e8dcb9bf98c718aa49 to remote] DEBUG org.asynchttpclient.netty.request.NettyRequestSender - Using pooled Channel '[id: 0xf204e180, L:/127.0.0.1:49841 - R:localhost/127.0.0.1:38620]' for 'POST' to 'http://localhost:38620/session/1f8cefaea503a9e8dcb9bf98c718aa49/element'
10:01:40.952 [Forwarding findElement on session 1f8cefaea503a9e8dcb9bf98c718aa49 to remote] DEBUG org.asynchttpclient.netty.request.NettyRequestSender - Using open Channel [id: 0xf204e180, L:/127.0.0.1:49841 - R:localhost/127.0.0.1:38620] for POST '/session/1f8cefaea503a9e8dcb9bf98c718aa49/element'
10:01:40.979 [AsyncHttpClient-1-2] DEBUG org.asynchttpclient.netty.handler.HttpHandler - 

Request DefaultHttpRequest(decodeResult: success, version: HTTP/1.1)
POST /session/1f8cefaea503a9e8dcb9bf98c718aa49/element HTTP/1.1
User-Agent: selenium/4.7.1 (java windows)
Content-Length: 141
Content-Type: application/json; charset=utf-8
host: localhost:38620
accept: */*

Response DefaultHttpResponse(decodeResult: success, version: HTTP/1.1)
HTTP/1.1 200 OK
Content-Type: application/json; charset=utf-8
cache-control: no-cache
content-length: 88

10:01:40.979 [AsyncHttpClient-1-2] DEBUG org.asynchttpclient.netty.channel.ChannelManager - Adding key: http://localhost:38620 for channel [id: 0xf204e180, L:/127.0.0.1:49841 - R:localhost/127.0.0.1:38620]
10:01:40.983 [Forwarding clickElement on session 1f8cefaea503a9e8dcb9bf98c718aa49 to remote] DEBUG org.asynchttpclient.netty.request.NettyRequestSender - Using pooled Channel '[id: 0xf204e180, L:/127.0.0.1:49841 - R:localhost/127.0.0.1:38620]' for 'POST' to 'http://localhost:38620/session/1f8cefaea503a9e8dcb9bf98c718aa49/element/a7c69102-43ad-46c6-87da-e1680148b02d/click'
10:01:40.983 [Forwarding clickElement on session 1f8cefaea503a9e8dcb9bf98c718aa49 to remote] DEBUG org.asynchttpclient.netty.request.NettyRequestSender - Using open Channel [id: 0xf204e180, L:/127.0.0.1:49841 - R:localhost/127.0.0.1:38620] for POST '/session/1f8cefaea503a9e8dcb9bf98c718aa49/element/a7c69102-43ad-46c6-87da-e1680148b02d/click'
10:01:41.067 [AsyncHttpClient-1-1] DEBUG org.asynchttpclient.netty.channel.DefaultChannelPool - Entry count for : http://localhost:49843 : 1
10:01:41.123 [AsyncHttpClient-1-2] DEBUG org.asynchttpclient.netty.handler.HttpHandler - 

Request DefaultHttpRequest(decodeResult: success, version: HTTP/1.1)
POST /session/1f8cefaea503a9e8dcb9bf98c718aa49/element/a7c69102-43ad-46c6-87da-e1680148b02d/click HTTP/1.1
User-Agent: selenium/4.7.1 (java windows)
Content-Length: 50
Content-Type: application/json; charset=utf-8
host: localhost:38620
accept: */*

Response DefaultHttpResponse(decodeResult: success, version: HTTP/1.1)
HTTP/1.1 200 OK
Content-Type: application/json; charset=utf-8
cache-control: no-cache
content-length: 14

10:01:41.124 [AsyncHttpClient-1-2] DEBUG org.asynchttpclient.netty.channel.ChannelManager - Adding key: http://localhost:38620 for channel [id: 0xf204e180, L:/127.0.0.1:49841 - R:localhost/127.0.0.1:38620]
10:01:41.152 [Forwarding getCurrentWindowHandle on session 1f8cefaea503a9e8dcb9bf98c718aa49 to remote] DEBUG org.asynchttpclient.netty.request.NettyRequestSender - Using pooled Channel '[id: 0xf204e180, L:/127.0.0.1:49841 - R:localhost/127.0.0.1:38620]' for 'GET' to 'http://localhost:38620/session/1f8cefaea503a9e8dcb9bf98c718aa49/window'
10:01:41.152 [Forwarding getCurrentWindowHandle on session 1f8cefaea503a9e8dcb9bf98c718aa49 to remote] DEBUG org.asynchttpclient.netty.request.NettyRequestSender - Using open Channel [id: 0xf204e180, L:/127.0.0.1:49841 - R:localhost/127.0.0.1:38620] for GET '/session/1f8cefaea503a9e8dcb9bf98c718aa49/window'
10:01:41.157 [AsyncHttpClient-1-2] DEBUG org.asynchttpclient.netty.handler.HttpHandler - 

Request DefaultFullHttpRequest(decodeResult: success, version: HTTP/1.1, content: EmptyByteBufBE)
GET /session/1f8cefaea503a9e8dcb9bf98c718aa49/window HTTP/1.1
User-Agent: selenium/4.7.1 (java windows)
Cache-Control: no-cache
Content-Type: application/json; charset=utf-8
host: localhost:38620
accept: */*

Response DefaultHttpResponse(decodeResult: success, version: HTTP/1.1)
HTTP/1.1 200 OK
Content-Type: application/json; charset=utf-8
cache-control: no-cache
content-length: 44

10:01:41.158 [AsyncHttpClient-1-2] DEBUG org.asynchttpclient.netty.channel.ChannelManager - Adding key: http://localhost:38620 for channel [id: 0xf204e180, L:/127.0.0.1:49841 - R:localhost/127.0.0.1:38620]
10:01:41.164 [Forwarding getAlertText on session 1f8cefaea503a9e8dcb9bf98c718aa49 to remote] DEBUG org.asynchttpclient.netty.request.NettyRequestSender - Using pooled Channel '[id: 0xf204e180, L:/127.0.0.1:49841 - R:localhost/127.0.0.1:38620]' for 'GET' to 'http://localhost:38620/session/1f8cefaea503a9e8dcb9bf98c718aa49/alert/text'
10:01:41.165 [Forwarding getAlertText on session 1f8cefaea503a9e8dcb9bf98c718aa49 to remote] DEBUG org.asynchttpclient.netty.request.NettyRequestSender - Using open Channel [id: 0xf204e180, L:/127.0.0.1:49841 - R:localhost/127.0.0.1:38620] for GET '/session/1f8cefaea503a9e8dcb9bf98c718aa49/alert/text'
10:01:41.169 [AsyncHttpClient-1-2] DEBUG org.asynchttpclient.netty.handler.HttpHandler - 

Request DefaultFullHttpRequest(decodeResult: success, version: HTTP/1.1, content: EmptyByteBufBE)
GET /session/1f8cefaea503a9e8dcb9bf98c718aa49/alert/text HTTP/1.1
User-Agent: selenium/4.7.1 (java windows)
Cache-Control: no-cache
Content-Type: application/json; charset=utf-8
host: localhost:38620
accept: */*

Response DefaultHttpResponse(decodeResult: success, version: HTTP/1.1)
HTTP/1.1 404 Not Found
Content-Type: application/json; charset=utf-8
cache-control: no-cache
content-length: 821

10:01:41.169 [AsyncHttpClient-1-2] DEBUG org.asynchttpclient.netty.channel.ChannelManager - Adding key: http://localhost:38620 for channel [id: 0xf204e180, L:/127.0.0.1:49841 - R:localhost/127.0.0.1:38620]
10:01:41.183 [Forwarding switchToWindow on session 1f8cefaea503a9e8dcb9bf98c718aa49 to remote] DEBUG org.asynchttpclient.netty.request.NettyRequestSender - Using pooled Channel '[id: 0xf204e180, L:/127.0.0.1:49841 - R:localhost/127.0.0.1:38620]' for 'POST' to 'http://localhost:38620/session/1f8cefaea503a9e8dcb9bf98c718aa49/window'
10:01:41.184 [Forwarding switchToWindow on session 1f8cefaea503a9e8dcb9bf98c718aa49 to remote] DEBUG org.asynchttpclient.netty.request.NettyRequestSender - Using open Channel [id: 0xf204e180, L:/127.0.0.1:49841 - R:localhost/127.0.0.1:38620] for POST '/session/1f8cefaea503a9e8dcb9bf98c718aa49/window'
10:01:41.194 [AsyncHttpClient-1-2] DEBUG org.asynchttpclient.netty.handler.HttpHandler - 

Request DefaultHttpRequest(decodeResult: success, version: HTTP/1.1)
POST /session/1f8cefaea503a9e8dcb9bf98c718aa49/window HTTP/1.1
User-Agent: selenium/4.7.1 (java windows)
Content-Length: 50
Content-Type: application/json; charset=utf-8
host: localhost:38620
accept: */*

Response DefaultHttpResponse(decodeResult: success, version: HTTP/1.1)
HTTP/1.1 200 OK
Content-Type: application/json; charset=utf-8
cache-control: no-cache
content-length: 14

10:01:41.195 [AsyncHttpClient-1-2] DEBUG org.asynchttpclient.netty.channel.ChannelManager - Adding key: http://localhost:38620 for channel [id: 0xf204e180, L:/127.0.0.1:49841 - R:localhost/127.0.0.1:38620]
10:01:41.200 [Forwarding getCurrentUrl on session 1f8cefaea503a9e8dcb9bf98c718aa49 to remote] DEBUG org.asynchttpclient.netty.request.NettyRequestSender - Using pooled Channel '[id: 0xf204e180, L:/127.0.0.1:49841 - R:localhost/127.0.0.1:38620]' for 'GET' to 'http://localhost:38620/session/1f8cefaea503a9e8dcb9bf98c718aa49/url'
10:01:41.200 [Forwarding getCurrentUrl on session 1f8cefaea503a9e8dcb9bf98c718aa49 to remote] DEBUG org.asynchttpclient.netty.request.NettyRequestSender - Using open Channel [id: 0xf204e180, L:/127.0.0.1:49841 - R:localhost/127.0.0.1:38620] for GET '/session/1f8cefaea503a9e8dcb9bf98c718aa49/url'
10:01:41.217 [AsyncHttpClient-1-2] DEBUG org.asynchttpclient.netty.handler.HttpHandler - 

Request DefaultFullHttpRequest(decodeResult: success, version: HTTP/1.1, content: EmptyByteBufBE)
GET /session/1f8cefaea503a9e8dcb9bf98c718aa49/url HTTP/1.1
User-Agent: selenium/4.7.1 (java windows)
Cache-Control: no-cache
Content-Type: application/json; charset=utf-8
host: localhost:38620
accept: */*

Response DefaultHttpResponse(decodeResult: success, version: HTTP/1.1)
HTTP/1.1 200 OK
Content-Type: application/json; charset=utf-8
cache-control: no-cache
content-length: 51

10:01:41.217 [AsyncHttpClient-1-2] DEBUG org.asynchttpclient.netty.channel.ChannelManager - Adding key: http://localhost:38620 for channel [id: 0xf204e180, L:/127.0.0.1:49841 - R:localhost/127.0.0.1:38620]
10:01:41.221 [Forwarding screenshot on session 1f8cefaea503a9e8dcb9bf98c718aa49 to remote] DEBUG org.asynchttpclient.netty.request.NettyRequestSender - Using pooled Channel '[id: 0xf204e180, L:/127.0.0.1:49841 - R:localhost/127.0.0.1:38620]' for 'GET' to 'http://localhost:38620/session/1f8cefaea503a9e8dcb9bf98c718aa49/screenshot'
10:01:41.221 [Forwarding screenshot on session 1f8cefaea503a9e8dcb9bf98c718aa49 to remote] DEBUG org.asynchttpclient.netty.request.NettyRequestSender - Using open Channel [id: 0xf204e180, L:/127.0.0.1:49841 - R:localhost/127.0.0.1:38620] for GET '/session/1f8cefaea503a9e8dcb9bf98c718aa49/screenshot'
10:01:41.372 [AsyncHttpClient-1-2] DEBUG org.asynchttpclient.netty.handler.HttpHandler - 

Request DefaultFullHttpRequest(decodeResult: success, version: HTTP/1.1, content: EmptyByteBufBE)
GET /session/1f8cefaea503a9e8dcb9bf98c718aa49/screenshot HTTP/1.1
User-Agent: selenium/4.7.1 (java windows)
Cache-Control: no-cache
Content-Type: application/json; charset=utf-8
host: localhost:38620
accept: */*

Response DefaultHttpResponse(decodeResult: success, version: HTTP/1.1)
HTTP/1.1 200 OK
Content-Type: application/json; charset=utf-8
cache-control: no-cache
content-length: 30216

10:01:41.375 [AsyncHttpClient-1-2] DEBUG org.asynchttpclient.netty.channel.ChannelManager - Adding key: http://localhost:38620 for channel [id: 0xf204e180, L:/127.0.0.1:49841 - R:localhost/127.0.0.1:38620]
10:01:41.382 [main] DEBUG net.serenitybdd.core.photography.Darkroom - Send negative for processing for target\site\serenity\2513f24381df14a0f65df112b67ebb8fb1e6495b22da8a5eec05ebf44efdcdb4.png
10:01:41.383 [main] DEBUG net.thucydides.core.steps.StepInterceptor - STEP DONE: klikButtonLoginKedua
  &amp#27;[32mThen &amp#27;[0m&amp#27;[32muser klik button login yang kedua&amp#27;[0m                       &amp#27;[90m# starter.stepdefinitions.LoginRegisterSteps.userKlikButtonLoginYangKedua()&amp#27;[0m
10:01:41.384 [Darkroom Processing Line] DEBUG net.serenitybdd.core.photography.DarkroomProcessingLine - Processing screenshot image in /var/screenshots/screenshot-10715291533511035680
10:01:41.384 [Darkroom Processing Line] DEBUG net.serenitybdd.core.photography.DarkroomProcessingLine - Saving screenshot to target\site\serenity\2513f24381df14a0f65df112b67ebb8fb1e6495b22da8a5eec05ebf44efdcdb4.png
10:01:41.422 [main] DEBUG net.thucydides.core.steps.StepInterceptor - STARTING STEP: LoginRegisterSteps.userMenerimaErrorMessage - munculErrorMessage
10:01:41.434 [Forwarding findElement on session 1f8cefaea503a9e8dcb9bf98c718aa49 to remote] DEBUG org.asynchttpclient.netty.request.NettyRequestSender - Using pooled Channel '[id: 0xf204e180, L:/127.0.0.1:49841 - R:localhost/127.0.0.1:38620]' for 'POST' to 'http://localhost:38620/session/1f8cefaea503a9e8dcb9bf98c718aa49/element'
10:01:41.434 [Forwarding findElement on session 1f8cefaea503a9e8dcb9bf98c718aa49 to remote] DEBUG org.asynchttpclient.netty.request.NettyRequestSender - Using open Channel [id: 0xf204e180, L:/127.0.0.1:49841 - R:localhost/127.0.0.1:38620] for POST '/session/1f8cefaea503a9e8dcb9bf98c718aa49/element'
10:01:41.458 [AsyncHttpClient-1-2] DEBUG org.asynchttpclient.netty.handler.HttpHandler - 

Request DefaultHttpRequest(decodeResult: success, version: HTTP/1.1)
POST /session/1f8cefaea503a9e8dcb9bf98c718aa49/element HTTP/1.1
User-Agent: selenium/4.7.1 (java windows)
Content-Length: 139
Content-Type: application/json; charset=utf-8
host: localhost:38620
accept: */*

Response DefaultHttpResponse(decodeResult: success, version: HTTP/1.1)
HTTP/1.1 200 OK
Content-Type: application/json; charset=utf-8
cache-control: no-cache
content-length: 88

10:01:41.458 [AsyncHttpClient-1-2] DEBUG org.asynchttpclient.netty.channel.ChannelManager - Adding key: http://localhost:38620 for channel [id: 0xf204e180, L:/127.0.0.1:49841 - R:localhost/127.0.0.1:38620]
10:01:41.467 [Forwarding isElementDisplayed on session 1f8cefaea503a9e8dcb9bf98c718aa49 to remote] DEBUG org.asynchttpclient.netty.request.NettyRequestSender - Using pooled Channel '[id: 0xf204e180, L:/127.0.0.1:49841 - R:localhost/127.0.0.1:38620]' for 'POST' to 'http://localhost:38620/session/1f8cefaea503a9e8dcb9bf98c718aa49/execute/sync'
10:01:41.467 [Forwarding isElementDisplayed on session 1f8cefaea503a9e8dcb9bf98c718aa49 to remote] DEBUG org.asynchttpclient.netty.request.NettyRequestSender - Using open Channel [id: 0xf204e180, L:/127.0.0.1:49841 - R:localhost/127.0.0.1:38620] for POST '/session/1f8cefaea503a9e8dcb9bf98c718aa49/execute/sync'
10:01:41.495 [AsyncHttpClient-1-2] DEBUG org.asynchttpclient.netty.handler.HttpHandler - 

Request DefaultHttpRequest(decodeResult: success, version: HTTP/1.1)
POST /session/1f8cefaea503a9e8dcb9bf98c718aa49/execute/sync HTTP/1.1
User-Agent: selenium/4.7.1 (java windows)
Content-Length: 48780
Content-Type: application/json; charset=utf-8
host: localhost:38620
accept: */*

Response DefaultHttpResponse(decodeResult: success, version: HTTP/1.1)
HTTP/1.1 200 OK
Content-Type: application/json; charset=utf-8
cache-control: no-cache
content-length: 14

10:01:41.496 [AsyncHttpClient-1-2] DEBUG org.asynchttpclient.netty.channel.ChannelManager - Adding key: http://localhost:38620 for channel [id: 0xf204e180, L:/127.0.0.1:49841 - R:localhost/127.0.0.1:38620]
10:01:41.511 [Forwarding getCurrentWindowHandle on session 1f8cefaea503a9e8dcb9bf98c718aa49 to remote] DEBUG org.asynchttpclient.netty.request.NettyRequestSender - Using pooled Channel '[id: 0xf204e180, L:/127.0.0.1:49841 - R:localhost/127.0.0.1:38620]' for 'GET' to 'http://localhost:38620/session/1f8cefaea503a9e8dcb9bf98c718aa49/window'
10:01:41.511 [Forwarding getCurrentWindowHandle on session 1f8cefaea503a9e8dcb9bf98c718aa49 to remote] DEBUG org.asynchttpclient.netty.request.NettyRequestSender - Using open Channel [id: 0xf204e180, L:/127.0.0.1:49841 - R:localhost/127.0.0.1:38620] for GET '/session/1f8cefaea503a9e8dcb9bf98c718aa49/window'
10:01:41.513 [AsyncHttpClient-1-2] DEBUG org.asynchttpclient.netty.handler.HttpHandler - 

Request DefaultFullHttpRequest(decodeResult: success, version: HTTP/1.1, content: EmptyByteBufBE)
GET /session/1f8cefaea503a9e8dcb9bf98c718aa49/window HTTP/1.1
User-Agent: selenium/4.7.1 (java windows)
Cache-Control: no-cache
Content-Type: application/json; charset=utf-8
host: localhost:38620
accept: */*

Response DefaultHttpResponse(decodeResult: success, version: HTTP/1.1)
HTTP/1.1 200 OK
Content-Type: application/json; charset=utf-8
cache-control: no-cache
content-length: 44

10:01:41.513 [AsyncHttpClient-1-2] DEBUG org.asynchttpclient.netty.channel.ChannelManager - Adding key: http://localhost:38620 for channel [id: 0xf204e180, L:/127.0.0.1:49841 - R:localhost/127.0.0.1:38620]
10:01:41.516 [Forwarding getAlertText on session 1f8cefaea503a9e8dcb9bf98c718aa49 to remote] DEBUG org.asynchttpclient.netty.request.NettyRequestSender - Using pooled Channel '[id: 0xf204e180, L:/127.0.0.1:49841 - R:localhost/127.0.0.1:38620]' for 'GET' to 'http://localhost:38620/session/1f8cefaea503a9e8dcb9bf98c718aa49/alert/text'
10:01:41.516 [Forwarding getAlertText on session 1f8cefaea503a9e8dcb9bf98c718aa49 to remote] DEBUG org.asynchttpclient.netty.request.NettyRequestSender - Using open Channel [id: 0xf204e180, L:/127.0.0.1:49841 - R:localhost/127.0.0.1:38620] for GET '/session/1f8cefaea503a9e8dcb9bf98c718aa49/alert/text'
10:01:41.521 [AsyncHttpClient-1-2] DEBUG org.asynchttpclient.netty.handler.HttpHandler - 

Request DefaultFullHttpRequest(decodeResult: success, version: HTTP/1.1, content: EmptyByteBufBE)
GET /session/1f8cefaea503a9e8dcb9bf98c718aa49/alert/text HTTP/1.1
User-Agent: selenium/4.7.1 (java windows)
Cache-Control: no-cache
Content-Type: application/json; charset=utf-8
host: localhost:38620
accept: */*

Response DefaultHttpResponse(decodeResult: success, version: HTTP/1.1)
HTTP/1.1 404 Not Found
Content-Type: application/json; charset=utf-8
cache-control: no-cache
content-length: 821

10:01:41.522 [AsyncHttpClient-1-2] DEBUG org.asynchttpclient.netty.channel.ChannelManager - Adding key: http://localhost:38620 for channel [id: 0xf204e180, L:/127.0.0.1:49841 - R:localhost/127.0.0.1:38620]
10:01:41.529 [Forwarding switchToWindow on session 1f8cefaea503a9e8dcb9bf98c718aa49 to remote] DEBUG org.asynchttpclient.netty.request.NettyRequestSender - Using pooled Channel '[id: 0xf204e180, L:/127.0.0.1:49841 - R:localhost/127.0.0.1:38620]' for 'POST' to 'http://localhost:38620/session/1f8cefaea503a9e8dcb9bf98c718aa49/window'
10:01:41.530 [Forwarding switchToWindow on session 1f8cefaea503a9e8dcb9bf98c718aa49 to remote] DEBUG org.asynchttpclient.netty.request.NettyRequestSender - Using open Channel [id: 0xf204e180, L:/127.0.0.1:49841 - R:localhost/127.0.0.1:38620] for POST '/session/1f8cefaea503a9e8dcb9bf98c718aa49/window'
10:01:41.533 [AsyncHttpClient-1-2] DEBUG org.asynchttpclient.netty.handler.HttpHandler - 

Request DefaultHttpRequest(decodeResult: success, version: HTTP/1.1)
POST /session/1f8cefaea503a9e8dcb9bf98c718aa49/window HTTP/1.1
User-Agent: selenium/4.7.1 (java windows)
Content-Length: 50
Content-Type: application/json; charset=utf-8
host: localhost:38620
accept: */*

Response DefaultHttpResponse(decodeResult: success, version: HTTP/1.1)
HTTP/1.1 200 OK
Content-Type: application/json; charset=utf-8
cache-control: no-cache
content-length: 14

10:01:41.533 [AsyncHttpClient-1-2] DEBUG org.asynchttpclient.netty.channel.ChannelManager - Adding key: http://localhost:38620 for channel [id: 0xf204e180, L:/127.0.0.1:49841 - R:localhost/127.0.0.1:38620]
10:01:41.535 [Forwarding getCurrentUrl on session 1f8cefaea503a9e8dcb9bf98c718aa49 to remote] DEBUG org.asynchttpclient.netty.request.NettyRequestSender - Using pooled Channel '[id: 0xf204e180, L:/127.0.0.1:49841 - R:localhost/127.0.0.1:38620]' for 'GET' to 'http://localhost:38620/session/1f8cefaea503a9e8dcb9bf98c718aa49/url'
10:01:41.536 [Forwarding getCurrentUrl on session 1f8cefaea503a9e8dcb9bf98c718aa49 to remote] DEBUG org.asynchttpclient.netty.request.NettyRequestSender - Using open Channel [id: 0xf204e180, L:/127.0.0.1:49841 - R:localhost/127.0.0.1:38620] for GET '/session/1f8cefaea503a9e8dcb9bf98c718aa49/url'
10:01:41.547 [AsyncHttpClient-1-2] DEBUG org.asynchttpclient.netty.handler.HttpHandler - 

Request DefaultFullHttpRequest(decodeResult: success, version: HTTP/1.1, content: EmptyByteBufBE)
GET /session/1f8cefaea503a9e8dcb9bf98c718aa49/url HTTP/1.1
User-Agent: selenium/4.7.1 (java windows)
Cache-Control: no-cache
Content-Type: application/json; charset=utf-8
host: localhost:38620
accept: */*

Response DefaultHttpResponse(decodeResult: success, version: HTTP/1.1)
HTTP/1.1 200 OK
Content-Type: application/json; charset=utf-8
cache-control: no-cache
content-length: 51

10:01:41.547 [AsyncHttpClient-1-2] DEBUG org.asynchttpclient.netty.channel.ChannelManager - Adding key: http://localhost:38620 for channel [id: 0xf204e180, L:/127.0.0.1:49841 - R:localhost/127.0.0.1:38620]
10:01:41.550 [Forwarding screenshot on session 1f8cefaea503a9e8dcb9bf98c718aa49 to remote] DEBUG org.asynchttpclient.netty.request.NettyRequestSender - Using pooled Channel '[id: 0xf204e180, L:/127.0.0.1:49841 - R:localhost/127.0.0.1:38620]' for 'GET' to 'http://localhost:38620/session/1f8cefaea503a9e8dcb9bf98c718aa49/screenshot'
10:01:41.550 [Forwarding screenshot on session 1f8cefaea503a9e8dcb9bf98c718aa49 to remote] DEBUG org.asynchttpclient.netty.request.NettyRequestSender - Using open Channel [id: 0xf204e180, L:/127.0.0.1:49841 - R:localhost/127.0.0.1:38620] for GET '/session/1f8cefaea503a9e8dcb9bf98c718aa49/screenshot'
10:01:41.692 [AsyncHttpClient-1-2] DEBUG org.asynchttpclient.netty.handler.HttpHandler - 

Request DefaultFullHttpRequest(decodeResult: success, version: HTTP/1.1, content: EmptyByteBufBE)
GET /session/1f8cefaea503a9e8dcb9bf98c718aa49/screenshot HTTP/1.1
User-Agent: selenium/4.7.1 (java windows)
Cache-Control: no-cache
Content-Type: application/json; charset=utf-8
host: localhost:38620
accept: */*

Response DefaultHttpResponse(decodeResult: success, version: HTTP/1.1)
HTTP/1.1 200 OK
Content-Type: application/json; charset=utf-8
cache-control: no-cache
content-length: 34312

10:01:41.693 [AsyncHttpClient-1-2] DEBUG org.asynchttpclient.netty.channel.ChannelManager - Adding key: http://localhost:38620 for channel [id: 0xf204e180, L:/127.0.0.1:49841 - R:localhost/127.0.0.1:38620]
10:01:41.698 [main] DEBUG net.serenitybdd.core.photography.Darkroom - Send negative for processing for target\site\serenity\d639d9887016a74de1533a810556b6be12194f10a7863800f2a69f628eb6d944.png
10:01:41.699 [main] DEBUG net.thucydides.core.steps.StepInterceptor - STEP DONE: munculErrorMessage
10:01:41.699 [Darkroom Processing Line] DEBUG net.serenitybdd.core.photography.DarkroomProcessingLine - Processing screenshot image in /var/screenshots/screenshot-11093967374985766273
10:01:41.699 [Darkroom Processing Line] DEBUG net.serenitybdd.core.photography.DarkroomProcessingLine - Saving screenshot to target\site\serenity\d639d9887016a74de1533a810556b6be12194f10a7863800f2a69f628eb6d944.png
  &amp#27;[32mAnd &amp#27;[0m&amp#27;[32muser menerima error message &amp#27;[0m&amp#27;[32m&amp#27;[1m"record not found"&amp#27;[0m           &amp#27;[90m# starter.stepdefinitions.LoginRegisterSteps.userMenerimaErrorMessage(java.lang.String)&amp#27;[0m
10:01:41.719 [main] INFO  - 
  _____   ___   ___   _____     ___     _     ___   ___   ___   ___  
 |_   _| | __| / __| |_   _|   | _ \   /_\   / __| / __| | __| |   \ 
   | |   | _|  \__ \   | |     |  _/  / _ \  \__ \ \__ \ | _|  | |) |
   |_|   |___| |___/   |_|     |_|   /_/ \_\ |___/ |___/ |___| |___/ 

user tidak bisa login karena akunnya belum terdaftar
----------------------------------------------------------------------
10:01:41.835 [Driver Command Executor] DEBUG org.asynchttpclient.netty.request.NettyRequestSender - Using pooled Channel '[id: 0xf204e180, L:/127.0.0.1:49841 - R:localhost/127.0.0.1:38620]' for 'DELETE' to 'http://localhost:38620/session/1f8cefaea503a9e8dcb9bf98c718aa49'
10:01:41.835 [Driver Command Executor] DEBUG org.asynchttpclient.netty.request.NettyRequestSender - Using open Channel [id: 0xf204e180, L:/127.0.0.1:49841 - R:localhost/127.0.0.1:38620] for DELETE '/session/1f8cefaea503a9e8dcb9bf98c718aa49'
10:01:41.840 [AsyncHttpClient-1-4] DEBUG org.asynchttpclient.netty.handler.WebSocketHandler - Channel Closed: [id: 0x3bb1e681, L:/127.0.0.1:49852 ! R:localhost/127.0.0.1:49843] with attribute NettyResponseFuture{currentRetry=0,
	isDone=1,
	isCancelled=0,
	asyncHandler=org.asynchttpclient.ws.WebSocketUpgradeHandler@b073390,
	nettyRequest=org.asynchttpclient.netty.request.NettyRequest@74ba6ef4,
	future=java.util.concurrent.CompletableFuture@e267d9f[Completed normally],
	uri=ws://localhost:49843/devtools/browser/e45b4fcf-0a6b-434a-9b02-77ea7daf3882,
	keepAlive=true,
	redirectCount=0,
	timeoutsHolder=null,
	inAuth=0,
	touch=1683514879030}
10:01:41.842 [AsyncHttpClient-1-4] DEBUG org.asynchttpclient.netty.channel.ChannelManager - Closing Channel [id: 0x3bb1e681, L:/127.0.0.1:49852 ! R:localhost/127.0.0.1:49843] 
10:01:42.016 [AsyncHttpClient-1-3] DEBUG org.asynchttpclient.netty.handler.HttpHandler - Unexpected I/O exception on channel [id: 0x082367e0, L:/127.0.0.1:49851 - R:localhost/127.0.0.1:49843]
java.net.SocketException: Connection reset
	at java.base/sun.nio.ch.SocketChannelImpl.throwConnectionReset(SocketChannelImpl.java:401)
	at java.base/sun.nio.ch.SocketChannelImpl.read(SocketChannelImpl.java:434)
	at io.netty.buffer.PooledByteBuf.setBytes(PooledByteBuf.java:259)
	at io.netty.buffer.AbstractByteBuf.writeBytes(AbstractByteBuf.java:1132)
	at io.netty.channel.socket.nio.NioSocketChannel.doReadBytes(NioSocketChannel.java:357)
	at io.netty.channel.nio.AbstractNioByteChannel$NioByteUnsafe.read(AbstractNioByteChannel.java:151)
	at io.netty.channel.nio.NioEventLoop.processSelectedKey(NioEventLoop.java:788)
	at io.netty.channel.nio.NioEventLoop.processSelectedKeysOptimized(NioEventLoop.java:724)
	at io.netty.channel.nio.NioEventLoop.processSelectedKeys(NioEventLoop.java:650)
	at io.netty.channel.nio.NioEventLoop.run(NioEventLoop.java:562)
	at io.netty.util.concurrent.SingleThreadEventExecutor$4.run(SingleThreadEventExecutor.java:997)
	at io.netty.util.internal.ThreadExecutorMap$2.run(ThreadExecutorMap.java:74)
	at io.netty.util.concurrent.FastThreadLocalRunnable.run(FastThreadLocalRunnable.java:30)
	at java.base/java.lang.Thread.run(Thread.java:1589)
10:01:42.016 [AsyncHttpClient-1-3] DEBUG org.asynchttpclient.netty.channel.ChannelManager - Closing Channel [id: 0x082367e0, L:/127.0.0.1:49851 - R:localhost/127.0.0.1:49843] 
10:01:42.022 [AsyncHttpClient-1-3] DEBUG org.asynchttpclient.netty.handler.HttpHandler - Channel Closed: [id: 0x082367e0, L:/127.0.0.1:49851 ! R:localhost/127.0.0.1:49843] with attribute DISCARD
10:01:42.172 [AsyncHttpClient-1-1] DEBUG org.asynchttpclient.netty.channel.DefaultChannelPool - Entry count for : http://localhost:49843 : 1
10:01:42.172 [AsyncHttpClient-1-1] DEBUG org.asynchttpclient.netty.channel.DefaultChannelPool - Adding Candidate expired Channel [id: 0x082367e0, L:/127.0.0.1:49851 ! R:localhost/127.0.0.1:49843] isIdleTimeoutExpired=false isRemotelyClosed=true isTtlExpired=false
10:01:42.172 [AsyncHttpClient-1-1] DEBUG org.asynchttpclient.netty.channel.DefaultChannelPool - Closing Idle Channel [id: 0x082367e0, L:/127.0.0.1:49851 ! R:localhost/127.0.0.1:49843]
10:01:42.173 [AsyncHttpClient-1-1] DEBUG org.asynchttpclient.netty.channel.DefaultChannelPool - Closed 1 connections out of 1 in 1 ms
10:01:42.213 [AsyncHttpClient-1-2] DEBUG org.asynchttpclient.netty.handler.HttpHandler - 

Request DefaultFullHttpRequest(decodeResult: success, version: HTTP/1.1, content: EmptyByteBufBE)
DELETE /session/1f8cefaea503a9e8dcb9bf98c718aa49 HTTP/1.1
User-Agent: selenium/4.7.1 (java windows)
Content-Type: application/json; charset=utf-8
host: localhost:38620
accept: */*

Response DefaultHttpResponse(decodeResult: success, version: HTTP/1.1)
HTTP/1.1 200 OK
Content-Type: application/json; charset=utf-8
cache-control: no-cache
content-length: 14

10:01:42.214 [AsyncHttpClient-1-2] DEBUG org.asynchttpclient.netty.channel.ChannelManager - Adding key: http://localhost:38620 for channel [id: 0xf204e180, L:/127.0.0.1:49841 - R:localhost/127.0.0.1:38620]
10:01:42.325 [AsyncHttpClient-1-2] DEBUG org.asynchttpclient.netty.handler.HttpHandler - Channel Closed: [id: 0xf204e180, L:/127.0.0.1:49841 ! R:localhost/127.0.0.1:38620] with attribute DISCARD
]]></system-out>
    <system-err><![CDATA[Starting ChromeDriver 112.0.5615.49 (bd2a7bcb881c11e8cfe3078709382934e3916914-refs/branch-heads/5615@{#936}) on port 38620
Only local connections are allowed.
Please see https://chromedriver.chromium.org/security-considerations for suggestions on keeping ChromeDriver safe.
ChromeDriver was started successfully.
May 08, 2023 10:01:19 AM org.openqa.selenium.devtools.CdpVersionFinder findNearestMatch
WARNING: Unable to find an exact match for CDP version 112, so returning the closest version found: 108
]]></system-err>
  </testcase>
  <testcase name="user bisa login dengan data valid" classname="login" time="11.318">
    <system-out><![CDATA[
@AS02-positive
Scenario: user bisa login dengan data valid &amp#27;[90m# src/test/resources/features/1. Login.feature:14&amp#27;[0m
10:01:42.435 [main] INFO io.cucumber.core.plugin.SerenityReporter - Running feature from file:///C:/Users/HP/Downloads/Mini-Project-QA/ALTASHOP%20WEB%20AUTOMATION/src/test/resources/features/1.%20Login.feature
10:01:42.441 [main] INFO  - 
  _____   ___   ___   _____     ___   _____     _     ___   _____   ___   ___  
 |_   _| | __| / __| |_   _|   / __| |_   _|   /_\   | _ \ |_   _| | __| |   \ 
   | |   | _|  \__ \   | |     \__ \   | |    / _ \  |   /   | |   | _|  | |) |
   |_|   |___| |___/   |_|     |___/   |_|   /_/ \_\ |_|_\   |_|   |___| |___/ 

user bisa login dengan data valid(login;user-bisa-login-dengan-data-valid)
--------------------------------------------------------------------------------
10:01:42.492 [main] DEBUG net.thucydides.core.steps.StepInterceptor - STARTING STEP: LoginRegisterSteps.userBeradaDiHomepageAlta - diHomepageAltaShop
10:01:42.596 [main] INFO net.serenitybdd.core.webdriver.driverproviders.ChromeDriverProvider - Starting Chrome driver instance with capabilities:
10:01:42.597 [main] INFO net.serenitybdd.core.webdriver.driverproviders.ChromeDriverProvider - Capabilities {acceptInsecureCerts: true, browserName: chrome, goog:chromeOptions: {args: [remote-allow-origins=*, test-type, no-sandbox, ignore-certificate-errors, start-maximized, incognito, disable-infobars, disable-gpu, disable-default-apps, disable-popup-blocking, remote-allow-origins=*, test-type, no-sandbox, ignore-certificate-errors, start-maximized, incognito, disable-infobars, disable-gpu, disable-default-apps, disable-popup-blocking], extensions: []}}
10:01:42.791 [AsyncHttpClient-1-5] DEBUG org.asynchttpclient.netty.channel.NettyConnectListener - Using new Channel '[id: 0xeeaf9239, L:/127.0.0.1:49874 - R:localhost/127.0.0.1:15845]' for 'POST' to '/session'
10:01:43.279 [AsyncHttpClient-1-1] DEBUG org.asynchttpclient.netty.channel.DefaultChannelPool - Entry count for : http://localhost:38620 : 1
10:01:43.280 [AsyncHttpClient-1-1] DEBUG org.asynchttpclient.netty.channel.DefaultChannelPool - Adding Candidate expired Channel [id: 0xf204e180, L:/127.0.0.1:49841 ! R:localhost/127.0.0.1:38620] isIdleTimeoutExpired=false isRemotelyClosed=true isTtlExpired=false
10:01:43.280 [AsyncHttpClient-1-1] DEBUG org.asynchttpclient.netty.channel.DefaultChannelPool - Closing Idle Channel [id: 0xf204e180, L:/127.0.0.1:49841 ! R:localhost/127.0.0.1:38620]
10:01:43.282 [AsyncHttpClient-1-1] DEBUG org.asynchttpclient.netty.channel.DefaultChannelPool - Closed 1 connections out of 1 in 2 ms
10:01:45.180 [AsyncHttpClient-1-5] DEBUG org.asynchttpclient.netty.handler.HttpHandler - 

Request DefaultHttpRequest(decodeResult: success, version: HTTP/1.1)
POST /session HTTP/1.1
User-Agent: selenium/4.7.1 (java windows)
Content-Length: 1629
Content-Type: application/json; charset=utf-8
host: localhost:15845
accept: */*

Response DefaultHttpResponse(decodeResult: success, version: HTTP/1.1)
HTTP/1.1 200 OK
Content-Type: application/json; charset=utf-8
cache-control: no-cache
content-length: 854

10:01:45.180 [AsyncHttpClient-1-5] DEBUG org.asynchttpclient.netty.channel.ChannelManager - Adding key: http://localhost:15845 for channel [id: 0xeeaf9239, L:/127.0.0.1:49874 - R:localhost/127.0.0.1:15845]
10:01:45.202 [AsyncHttpClient-1-6] DEBUG org.asynchttpclient.netty.channel.NettyConnectListener - Using new Channel '[id: 0x2fdf6803, L:/127.0.0.1:49882 - R:localhost/127.0.0.1:49875]' for 'GET' to '/json/version'
10:01:45.214 [AsyncHttpClient-1-6] DEBUG org.asynchttpclient.netty.handler.HttpHandler - 

Request DefaultFullHttpRequest(decodeResult: success, version: HTTP/1.1, content: EmptyByteBufBE)
GET /json/version HTTP/1.1
User-Agent: selenium/4.7.1 (java windows)
host: localhost:49875
accept: */*

Response DefaultHttpResponse(decodeResult: success, version: HTTP/1.1)
HTTP/1.1 200 OK
Content-Security-Policy: frame-ancestors 'none'
Content-Type: application/json; charset=UTF-8
content-length: 424

10:01:45.216 [AsyncHttpClient-1-6] DEBUG org.asynchttpclient.netty.channel.ChannelManager - Adding key: http://localhost:49875 for channel [id: 0x2fdf6803, L:/127.0.0.1:49882 - R:localhost/127.0.0.1:49875]
10:01:45.242 [AsyncHttpClient-1-7] DEBUG org.asynchttpclient.netty.channel.NettyConnectListener - Using new Channel '[id: 0x6d1046dd, L:/127.0.0.1:49883 - R:localhost/127.0.0.1:49875]' for 'GET' to '/devtools/browser/a07d02d5-ac73-4f99-839f-d629d6aeee69'
10:01:45.260 [AsyncHttpClient-1-7] DEBUG org.asynchttpclient.netty.handler.WebSocketHandler - 

Request DefaultFullHttpRequest(decodeResult: success, version: HTTP/1.1, content: EmptyByteBufBE)
GET /devtools/browser/a07d02d5-ac73-4f99-839f-d629d6aeee69 HTTP/1.1
upgrade: websocket
connection: upgrade
sec-websocket-key: jADv99dITp+mIfvcTP0Lhw==
sec-websocket-version: 13
origin: http://localhost:49875
host: localhost:49875
accept: */*
user-agent: AHC/2.1

Response DefaultHttpResponse(decodeResult: success, version: HTTP/1.1)
HTTP/1.1 101 WebSocket Protocol Handshake
Upgrade: WebSocket
Connection: Upgrade
Sec-WebSocket-Accept: uj/5B4f7DwHaW7xebMgw1VFwUKs=

10:01:45.281 [Forwarding get on session 57e34d12d7129bd5001d659661a40cb0 to remote] DEBUG org.asynchttpclient.netty.request.NettyRequestSender - Using pooled Channel '[id: 0xeeaf9239, L:/127.0.0.1:49874 - R:localhost/127.0.0.1:15845]' for 'POST' to 'http://localhost:15845/session/57e34d12d7129bd5001d659661a40cb0/url'
10:01:45.282 [Forwarding get on session 57e34d12d7129bd5001d659661a40cb0 to remote] DEBUG org.asynchttpclient.netty.request.NettyRequestSender - Using open Channel [id: 0xeeaf9239, L:/127.0.0.1:49874 - R:localhost/127.0.0.1:15845] for POST '/session/57e34d12d7129bd5001d659661a40cb0/url'
10:01:45.476 [AsyncHttpClient-1-1] DEBUG org.asynchttpclient.netty.channel.DefaultChannelPool - Entry count for : http://localhost:49875 : 1
10:01:46.565 [AsyncHttpClient-1-1] DEBUG org.asynchttpclient.netty.channel.DefaultChannelPool - Entry count for : http://localhost:49875 : 1
10:01:46.579 [AsyncHttpClient-1-5] DEBUG org.asynchttpclient.netty.handler.HttpHandler - 

Request DefaultHttpRequest(decodeResult: success, version: HTTP/1.1)
POST /session/57e34d12d7129bd5001d659661a40cb0/url HTTP/1.1
User-Agent: selenium/4.7.1 (java windows)
Content-Length: 59
Content-Type: application/json; charset=utf-8
host: localhost:15845
accept: */*

Response DefaultHttpResponse(decodeResult: success, version: HTTP/1.1)
HTTP/1.1 200 OK
Content-Type: application/json; charset=utf-8
cache-control: no-cache
content-length: 14

10:01:46.579 [AsyncHttpClient-1-5] DEBUG org.asynchttpclient.netty.channel.ChannelManager - Adding key: http://localhost:15845 for channel [id: 0xeeaf9239, L:/127.0.0.1:49874 - R:localhost/127.0.0.1:15845]
10:01:46.584 [Forwarding setTimeout on session 57e34d12d7129bd5001d659661a40cb0 to remote] DEBUG org.asynchttpclient.netty.request.NettyRequestSender - Using pooled Channel '[id: 0xeeaf9239, L:/127.0.0.1:49874 - R:localhost/127.0.0.1:15845]' for 'POST' to 'http://localhost:15845/session/57e34d12d7129bd5001d659661a40cb0/timeouts'
10:01:46.585 [Forwarding setTimeout on session 57e34d12d7129bd5001d659661a40cb0 to remote] DEBUG org.asynchttpclient.netty.request.NettyRequestSender - Using open Channel [id: 0xeeaf9239, L:/127.0.0.1:49874 - R:localhost/127.0.0.1:15845] for POST '/session/57e34d12d7129bd5001d659661a40cb0/timeouts'
10:01:46.587 [AsyncHttpClient-1-5] DEBUG org.asynchttpclient.netty.handler.HttpHandler - 

Request DefaultHttpRequest(decodeResult: success, version: HTTP/1.1)
POST /session/57e34d12d7129bd5001d659661a40cb0/timeouts HTTP/1.1
User-Agent: selenium/4.7.1 (java windows)
Content-Length: 22
Content-Type: application/json; charset=utf-8
host: localhost:15845
accept: */*

Response DefaultHttpResponse(decodeResult: success, version: HTTP/1.1)
HTTP/1.1 200 OK
Content-Type: application/json; charset=utf-8
cache-control: no-cache
content-length: 14

10:01:46.588 [AsyncHttpClient-1-5] DEBUG org.asynchttpclient.netty.channel.ChannelManager - Adding key: http://localhost:15845 for channel [id: 0xeeaf9239, L:/127.0.0.1:49874 - R:localhost/127.0.0.1:15845]
10:01:46.596 [Forwarding getCurrentUrl on session 57e34d12d7129bd5001d659661a40cb0 to remote] DEBUG org.asynchttpclient.netty.request.NettyRequestSender - Using pooled Channel '[id: 0xeeaf9239, L:/127.0.0.1:49874 - R:localhost/127.0.0.1:15845]' for 'GET' to 'http://localhost:15845/session/57e34d12d7129bd5001d659661a40cb0/url'
10:01:46.596 [Forwarding getCurrentUrl on session 57e34d12d7129bd5001d659661a40cb0 to remote] DEBUG org.asynchttpclient.netty.request.NettyRequestSender - Using open Channel [id: 0xeeaf9239, L:/127.0.0.1:49874 - R:localhost/127.0.0.1:15845] for GET '/session/57e34d12d7129bd5001d659661a40cb0/url'
10:01:47.669 [AsyncHttpClient-1-1] DEBUG org.asynchttpclient.netty.channel.DefaultChannelPool - Entry count for : http://localhost:49875 : 1
10:01:48.769 [AsyncHttpClient-1-1] DEBUG org.asynchttpclient.netty.channel.DefaultChannelPool - Entry count for : http://localhost:49875 : 1
10:01:49.304 [AsyncHttpClient-1-5] DEBUG org.asynchttpclient.netty.handler.HttpHandler - 

Request DefaultFullHttpRequest(decodeResult: success, version: HTTP/1.1, content: EmptyByteBufBE)
GET /session/57e34d12d7129bd5001d659661a40cb0/url HTTP/1.1
User-Agent: selenium/4.7.1 (java windows)
Cache-Control: no-cache
Content-Type: application/json; charset=utf-8
host: localhost:15845
accept: */*

Response DefaultHttpResponse(decodeResult: success, version: HTTP/1.1)
HTTP/1.1 200 OK
Content-Type: application/json; charset=utf-8
cache-control: no-cache
content-length: 41

10:01:49.305 [AsyncHttpClient-1-5] DEBUG org.asynchttpclient.netty.channel.ChannelManager - Adding key: http://localhost:15845 for channel [id: 0xeeaf9239, L:/127.0.0.1:49874 - R:localhost/127.0.0.1:15845]
10:01:49.310 [Forwarding getCurrentUrl on session 57e34d12d7129bd5001d659661a40cb0 to remote] DEBUG org.asynchttpclient.netty.request.NettyRequestSender - Using pooled Channel '[id: 0xeeaf9239, L:/127.0.0.1:49874 - R:localhost/127.0.0.1:15845]' for 'GET' to 'http://localhost:15845/session/57e34d12d7129bd5001d659661a40cb0/url'
10:01:49.311 [Forwarding getCurrentUrl on session 57e34d12d7129bd5001d659661a40cb0 to remote] DEBUG org.asynchttpclient.netty.request.NettyRequestSender - Using open Channel [id: 0xeeaf9239, L:/127.0.0.1:49874 - R:localhost/127.0.0.1:15845] for GET '/session/57e34d12d7129bd5001d659661a40cb0/url'
10:01:49.318 [AsyncHttpClient-1-5] DEBUG org.asynchttpclient.netty.handler.HttpHandler - 

Request DefaultFullHttpRequest(decodeResult: success, version: HTTP/1.1, content: EmptyByteBufBE)
GET /session/57e34d12d7129bd5001d659661a40cb0/url HTTP/1.1
User-Agent: selenium/4.7.1 (java windows)
Cache-Control: no-cache
Content-Type: application/json; charset=utf-8
host: localhost:15845
accept: */*

Response DefaultHttpResponse(decodeResult: success, version: HTTP/1.1)
HTTP/1.1 200 OK
Content-Type: application/json; charset=utf-8
cache-control: no-cache
content-length: 41

10:01:49.318 [AsyncHttpClient-1-5] DEBUG org.asynchttpclient.netty.channel.ChannelManager - Adding key: http://localhost:15845 for channel [id: 0xeeaf9239, L:/127.0.0.1:49874 - R:localhost/127.0.0.1:15845]
10:01:49.325 [Forwarding findElement on session 57e34d12d7129bd5001d659661a40cb0 to remote] DEBUG org.asynchttpclient.netty.request.NettyRequestSender - Using pooled Channel '[id: 0xeeaf9239, L:/127.0.0.1:49874 - R:localhost/127.0.0.1:15845]' for 'POST' to 'http://localhost:15845/session/57e34d12d7129bd5001d659661a40cb0/element'
10:01:49.326 [Forwarding findElement on session 57e34d12d7129bd5001d659661a40cb0 to remote] DEBUG org.asynchttpclient.netty.request.NettyRequestSender - Using open Channel [id: 0xeeaf9239, L:/127.0.0.1:49874 - R:localhost/127.0.0.1:15845] for POST '/session/57e34d12d7129bd5001d659661a40cb0/element'
10:01:49.355 [AsyncHttpClient-1-5] DEBUG org.asynchttpclient.netty.handler.HttpHandler - 

Request DefaultHttpRequest(decodeResult: success, version: HTTP/1.1)
POST /session/57e34d12d7129bd5001d659661a40cb0/element HTTP/1.1
User-Agent: selenium/4.7.1 (java windows)
Content-Length: 108
Content-Type: application/json; charset=utf-8
host: localhost:15845
accept: */*

Response DefaultHttpResponse(decodeResult: success, version: HTTP/1.1)
HTTP/1.1 200 OK
Content-Type: application/json; charset=utf-8
cache-control: no-cache
content-length: 88

10:01:49.355 [AsyncHttpClient-1-5] DEBUG org.asynchttpclient.netty.channel.ChannelManager - Adding key: http://localhost:15845 for channel [id: 0xeeaf9239, L:/127.0.0.1:49874 - R:localhost/127.0.0.1:15845]
10:01:49.360 [Forwarding isElementDisplayed on session 57e34d12d7129bd5001d659661a40cb0 to remote] DEBUG org.asynchttpclient.netty.request.NettyRequestSender - Using pooled Channel '[id: 0xeeaf9239, L:/127.0.0.1:49874 - R:localhost/127.0.0.1:15845]' for 'POST' to 'http://localhost:15845/session/57e34d12d7129bd5001d659661a40cb0/execute/sync'
10:01:49.360 [Forwarding isElementDisplayed on session 57e34d12d7129bd5001d659661a40cb0 to remote] DEBUG org.asynchttpclient.netty.request.NettyRequestSender - Using open Channel [id: 0xeeaf9239, L:/127.0.0.1:49874 - R:localhost/127.0.0.1:15845] for POST '/session/57e34d12d7129bd5001d659661a40cb0/execute/sync'
10:01:49.381 [AsyncHttpClient-1-5] DEBUG org.asynchttpclient.netty.handler.HttpHandler - 

Request DefaultHttpRequest(decodeResult: success, version: HTTP/1.1)
POST /session/57e34d12d7129bd5001d659661a40cb0/execute/sync HTTP/1.1
User-Agent: selenium/4.7.1 (java windows)
Content-Length: 48780
Content-Type: application/json; charset=utf-8
host: localhost:15845
accept: */*

Response DefaultHttpResponse(decodeResult: success, version: HTTP/1.1)
HTTP/1.1 200 OK
Content-Type: application/json; charset=utf-8
cache-control: no-cache
content-length: 14

10:01:49.382 [AsyncHttpClient-1-5] DEBUG org.asynchttpclient.netty.channel.ChannelManager - Adding key: http://localhost:15845 for channel [id: 0xeeaf9239, L:/127.0.0.1:49874 - R:localhost/127.0.0.1:15845]
10:01:49.392 [Forwarding isElementDisplayed on session 57e34d12d7129bd5001d659661a40cb0 to remote] DEBUG org.asynchttpclient.netty.request.NettyRequestSender - Using pooled Channel '[id: 0xeeaf9239, L:/127.0.0.1:49874 - R:localhost/127.0.0.1:15845]' for 'POST' to 'http://localhost:15845/session/57e34d12d7129bd5001d659661a40cb0/execute/sync'
10:01:49.392 [Forwarding isElementDisplayed on session 57e34d12d7129bd5001d659661a40cb0 to remote] DEBUG org.asynchttpclient.netty.request.NettyRequestSender - Using open Channel [id: 0xeeaf9239, L:/127.0.0.1:49874 - R:localhost/127.0.0.1:15845] for POST '/session/57e34d12d7129bd5001d659661a40cb0/execute/sync'
10:01:49.410 [AsyncHttpClient-1-5] DEBUG org.asynchttpclient.netty.handler.HttpHandler - 

Request DefaultHttpRequest(decodeResult: success, version: HTTP/1.1)
POST /session/57e34d12d7129bd5001d659661a40cb0/execute/sync HTTP/1.1
User-Agent: selenium/4.7.1 (java windows)
Content-Length: 48780
Content-Type: application/json; charset=utf-8
host: localhost:15845
accept: */*

Response DefaultHttpResponse(decodeResult: success, version: HTTP/1.1)
HTTP/1.1 200 OK
Content-Type: application/json; charset=utf-8
cache-control: no-cache
content-length: 14

10:01:49.411 [AsyncHttpClient-1-5] DEBUG org.asynchttpclient.netty.channel.ChannelManager - Adding key: http://localhost:15845 for channel [id: 0xeeaf9239, L:/127.0.0.1:49874 - R:localhost/127.0.0.1:15845]
10:01:49.418 [Forwarding getCurrentWindowHandle on session 57e34d12d7129bd5001d659661a40cb0 to remote] DEBUG org.asynchttpclient.netty.request.NettyRequestSender - Using pooled Channel '[id: 0xeeaf9239, L:/127.0.0.1:49874 - R:localhost/127.0.0.1:15845]' for 'GET' to 'http://localhost:15845/session/57e34d12d7129bd5001d659661a40cb0/window'
10:01:49.418 [Forwarding getCurrentWindowHandle on session 57e34d12d7129bd5001d659661a40cb0 to remote] DEBUG org.asynchttpclient.netty.request.NettyRequestSender - Using open Channel [id: 0xeeaf9239, L:/127.0.0.1:49874 - R:localhost/127.0.0.1:15845] for GET '/session/57e34d12d7129bd5001d659661a40cb0/window'
10:01:49.420 [AsyncHttpClient-1-5] DEBUG org.asynchttpclient.netty.handler.HttpHandler - 

Request DefaultFullHttpRequest(decodeResult: success, version: HTTP/1.1, content: EmptyByteBufBE)
GET /session/57e34d12d7129bd5001d659661a40cb0/window HTTP/1.1
User-Agent: selenium/4.7.1 (java windows)
Cache-Control: no-cache
Content-Type: application/json; charset=utf-8
host: localhost:15845
accept: */*

Response DefaultHttpResponse(decodeResult: success, version: HTTP/1.1)
HTTP/1.1 200 OK
Content-Type: application/json; charset=utf-8
cache-control: no-cache
content-length: 44

10:01:49.420 [AsyncHttpClient-1-5] DEBUG org.asynchttpclient.netty.channel.ChannelManager - Adding key: http://localhost:15845 for channel [id: 0xeeaf9239, L:/127.0.0.1:49874 - R:localhost/127.0.0.1:15845]
10:01:49.423 [Forwarding getAlertText on session 57e34d12d7129bd5001d659661a40cb0 to remote] DEBUG org.asynchttpclient.netty.request.NettyRequestSender - Using pooled Channel '[id: 0xeeaf9239, L:/127.0.0.1:49874 - R:localhost/127.0.0.1:15845]' for 'GET' to 'http://localhost:15845/session/57e34d12d7129bd5001d659661a40cb0/alert/text'
10:01:49.423 [Forwarding getAlertText on session 57e34d12d7129bd5001d659661a40cb0 to remote] DEBUG org.asynchttpclient.netty.request.NettyRequestSender - Using open Channel [id: 0xeeaf9239, L:/127.0.0.1:49874 - R:localhost/127.0.0.1:15845] for GET '/session/57e34d12d7129bd5001d659661a40cb0/alert/text'
10:01:49.426 [AsyncHttpClient-1-5] DEBUG org.asynchttpclient.netty.handler.HttpHandler - 

Request DefaultFullHttpRequest(decodeResult: success, version: HTTP/1.1, content: EmptyByteBufBE)
GET /session/57e34d12d7129bd5001d659661a40cb0/alert/text HTTP/1.1
User-Agent: selenium/4.7.1 (java windows)
Cache-Control: no-cache
Content-Type: application/json; charset=utf-8
host: localhost:15845
accept: */*

Response DefaultHttpResponse(decodeResult: success, version: HTTP/1.1)
HTTP/1.1 404 Not Found
Content-Type: application/json; charset=utf-8
cache-control: no-cache
content-length: 821

10:01:49.427 [AsyncHttpClient-1-5] DEBUG org.asynchttpclient.netty.channel.ChannelManager - Adding key: http://localhost:15845 for channel [id: 0xeeaf9239, L:/127.0.0.1:49874 - R:localhost/127.0.0.1:15845]
10:01:49.430 [Forwarding switchToWindow on session 57e34d12d7129bd5001d659661a40cb0 to remote] DEBUG org.asynchttpclient.netty.request.NettyRequestSender - Using pooled Channel '[id: 0xeeaf9239, L:/127.0.0.1:49874 - R:localhost/127.0.0.1:15845]' for 'POST' to 'http://localhost:15845/session/57e34d12d7129bd5001d659661a40cb0/window'
10:01:49.430 [Forwarding switchToWindow on session 57e34d12d7129bd5001d659661a40cb0 to remote] DEBUG org.asynchttpclient.netty.request.NettyRequestSender - Using open Channel [id: 0xeeaf9239, L:/127.0.0.1:49874 - R:localhost/127.0.0.1:15845] for POST '/session/57e34d12d7129bd5001d659661a40cb0/window'
10:01:49.435 [AsyncHttpClient-1-5] DEBUG org.asynchttpclient.netty.handler.HttpHandler - 

Request DefaultHttpRequest(decodeResult: success, version: HTTP/1.1)
POST /session/57e34d12d7129bd5001d659661a40cb0/window HTTP/1.1
User-Agent: selenium/4.7.1 (java windows)
Content-Length: 50
Content-Type: application/json; charset=utf-8
host: localhost:15845
accept: */*

Response DefaultHttpResponse(decodeResult: success, version: HTTP/1.1)
HTTP/1.1 200 OK
Content-Type: application/json; charset=utf-8
cache-control: no-cache
content-length: 14

10:01:49.436 [AsyncHttpClient-1-5] DEBUG org.asynchttpclient.netty.channel.ChannelManager - Adding key: http://localhost:15845 for channel [id: 0xeeaf9239, L:/127.0.0.1:49874 - R:localhost/127.0.0.1:15845]
10:01:49.438 [Forwarding getCurrentUrl on session 57e34d12d7129bd5001d659661a40cb0 to remote] DEBUG org.asynchttpclient.netty.request.NettyRequestSender - Using pooled Channel '[id: 0xeeaf9239, L:/127.0.0.1:49874 - R:localhost/127.0.0.1:15845]' for 'GET' to 'http://localhost:15845/session/57e34d12d7129bd5001d659661a40cb0/url'
10:01:49.438 [Forwarding getCurrentUrl on session 57e34d12d7129bd5001d659661a40cb0 to remote] DEBUG org.asynchttpclient.netty.request.NettyRequestSender - Using open Channel [id: 0xeeaf9239, L:/127.0.0.1:49874 - R:localhost/127.0.0.1:15845] for GET '/session/57e34d12d7129bd5001d659661a40cb0/url'
10:01:49.444 [AsyncHttpClient-1-5] DEBUG org.asynchttpclient.netty.handler.HttpHandler - 

Request DefaultFullHttpRequest(decodeResult: success, version: HTTP/1.1, content: EmptyByteBufBE)
GET /session/57e34d12d7129bd5001d659661a40cb0/url HTTP/1.1
User-Agent: selenium/4.7.1 (java windows)
Cache-Control: no-cache
Content-Type: application/json; charset=utf-8
host: localhost:15845
accept: */*

Response DefaultHttpResponse(decodeResult: success, version: HTTP/1.1)
HTTP/1.1 200 OK
Content-Type: application/json; charset=utf-8
cache-control: no-cache
content-length: 41

10:01:49.445 [AsyncHttpClient-1-5] DEBUG org.asynchttpclient.netty.channel.ChannelManager - Adding key: http://localhost:15845 for channel [id: 0xeeaf9239, L:/127.0.0.1:49874 - R:localhost/127.0.0.1:15845]
10:01:49.446 [Forwarding screenshot on session 57e34d12d7129bd5001d659661a40cb0 to remote] DEBUG org.asynchttpclient.netty.request.NettyRequestSender - Using pooled Channel '[id: 0xeeaf9239, L:/127.0.0.1:49874 - R:localhost/127.0.0.1:15845]' for 'GET' to 'http://localhost:15845/session/57e34d12d7129bd5001d659661a40cb0/screenshot'
10:01:49.446 [Forwarding screenshot on session 57e34d12d7129bd5001d659661a40cb0 to remote] DEBUG org.asynchttpclient.netty.request.NettyRequestSender - Using open Channel [id: 0xeeaf9239, L:/127.0.0.1:49874 - R:localhost/127.0.0.1:15845] for GET '/session/57e34d12d7129bd5001d659661a40cb0/screenshot'
10:01:49.564 [AsyncHttpClient-1-5] DEBUG org.asynchttpclient.netty.handler.HttpHandler - 

Request DefaultFullHttpRequest(decodeResult: success, version: HTTP/1.1, content: EmptyByteBufBE)
GET /session/57e34d12d7129bd5001d659661a40cb0/screenshot HTTP/1.1
User-Agent: selenium/4.7.1 (java windows)
Cache-Control: no-cache
Content-Type: application/json; charset=utf-8
host: localhost:15845
accept: */*

Response DefaultHttpResponse(decodeResult: success, version: HTTP/1.1)
HTTP/1.1 200 OK
Content-Type: application/json; charset=utf-8
cache-control: no-cache
content-length: 116604

10:01:49.566 [AsyncHttpClient-1-5] DEBUG org.asynchttpclient.netty.channel.ChannelManager - Adding key: http://localhost:15845 for channel [id: 0xeeaf9239, L:/127.0.0.1:49874 - R:localhost/127.0.0.1:15845]
10:01:49.577 [main] DEBUG net.serenitybdd.core.photography.Darkroom - Send negative for processing for target\site\serenity\4df796af2a8bdb756d1884b1e063cc00b8bad9b7c3d312055b4347f07439074a.png
10:01:49.577 [main] DEBUG net.thucydides.core.steps.StepInterceptor - STEP DONE: diHomepageAltaShop
  &amp#27;[32mGiven &amp#27;[0m&amp#27;[32muser berada di Homepage AltaShop&amp#27;[0m    &amp#27;[90m# starter.stepdefinitions.LoginRegisterSteps.userBeradaDiHomepageAlta()&amp#27;[0m
10:01:49.597 [main] DEBUG net.thucydides.core.steps.StepInterceptor - STARTING STEP: LoginRegisterSteps.userKlikButtonLogin - klikButtonLogin
10:01:49.603 [Forwarding findElement on session 57e34d12d7129bd5001d659661a40cb0 to remote] DEBUG org.asynchttpclient.netty.request.NettyRequestSender - Using pooled Channel '[id: 0xeeaf9239, L:/127.0.0.1:49874 - R:localhost/127.0.0.1:15845]' for 'POST' to 'http://localhost:15845/session/57e34d12d7129bd5001d659661a40cb0/element'
10:01:49.603 [Forwarding findElement on session 57e34d12d7129bd5001d659661a40cb0 to remote] DEBUG org.asynchttpclient.netty.request.NettyRequestSender - Using open Channel [id: 0xeeaf9239, L:/127.0.0.1:49874 - R:localhost/127.0.0.1:15845] for POST '/session/57e34d12d7129bd5001d659661a40cb0/element'
10:01:49.622 [AsyncHttpClient-1-5] DEBUG org.asynchttpclient.netty.handler.HttpHandler - 

Request DefaultHttpRequest(decodeResult: success, version: HTTP/1.1)
POST /session/57e34d12d7129bd5001d659661a40cb0/element HTTP/1.1
User-Agent: selenium/4.7.1 (java windows)
Content-Length: 108
Content-Type: application/json; charset=utf-8
host: localhost:15845
accept: */*

Response DefaultHttpResponse(decodeResult: success, version: HTTP/1.1)
HTTP/1.1 200 OK
Content-Type: application/json; charset=utf-8
cache-control: no-cache
content-length: 88

10:01:49.623 [AsyncHttpClient-1-5] DEBUG org.asynchttpclient.netty.channel.ChannelManager - Adding key: http://localhost:15845 for channel [id: 0xeeaf9239, L:/127.0.0.1:49874 - R:localhost/127.0.0.1:15845]
10:01:49.626 [Forwarding getElementTagName on session 57e34d12d7129bd5001d659661a40cb0 to remote] DEBUG org.asynchttpclient.netty.request.NettyRequestSender - Using pooled Channel '[id: 0xeeaf9239, L:/127.0.0.1:49874 - R:localhost/127.0.0.1:15845]' for 'GET' to 'http://localhost:15845/session/57e34d12d7129bd5001d659661a40cb0/element/adb3e991-40fd-4a9a-b69b-0aebf4e05ca2/name'
10:01:49.626 [Forwarding getElementTagName on session 57e34d12d7129bd5001d659661a40cb0 to remote] DEBUG org.asynchttpclient.netty.request.NettyRequestSender - Using open Channel [id: 0xeeaf9239, L:/127.0.0.1:49874 - R:localhost/127.0.0.1:15845] for GET '/session/57e34d12d7129bd5001d659661a40cb0/element/adb3e991-40fd-4a9a-b69b-0aebf4e05ca2/name'
10:01:49.634 [AsyncHttpClient-1-5] DEBUG org.asynchttpclient.netty.handler.HttpHandler - 

Request DefaultFullHttpRequest(decodeResult: success, version: HTTP/1.1, content: EmptyByteBufBE)
GET /session/57e34d12d7129bd5001d659661a40cb0/element/adb3e991-40fd-4a9a-b69b-0aebf4e05ca2/name HTTP/1.1
User-Agent: selenium/4.7.1 (java windows)
Cache-Control: no-cache
Content-Type: application/json; charset=utf-8
host: localhost:15845
accept: */*

Response DefaultHttpResponse(decodeResult: success, version: HTTP/1.1)
HTTP/1.1 200 OK
Content-Type: application/json; charset=utf-8
cache-control: no-cache
content-length: 18

10:01:49.634 [AsyncHttpClient-1-5] DEBUG org.asynchttpclient.netty.channel.ChannelManager - Adding key: http://localhost:15845 for channel [id: 0xeeaf9239, L:/127.0.0.1:49874 - R:localhost/127.0.0.1:15845]
10:01:49.637 [Forwarding getElementTagName on session 57e34d12d7129bd5001d659661a40cb0 to remote] DEBUG org.asynchttpclient.netty.request.NettyRequestSender - Using pooled Channel '[id: 0xeeaf9239, L:/127.0.0.1:49874 - R:localhost/127.0.0.1:15845]' for 'GET' to 'http://localhost:15845/session/57e34d12d7129bd5001d659661a40cb0/element/adb3e991-40fd-4a9a-b69b-0aebf4e05ca2/name'
10:01:49.637 [Forwarding getElementTagName on session 57e34d12d7129bd5001d659661a40cb0 to remote] DEBUG org.asynchttpclient.netty.request.NettyRequestSender - Using open Channel [id: 0xeeaf9239, L:/127.0.0.1:49874 - R:localhost/127.0.0.1:15845] for GET '/session/57e34d12d7129bd5001d659661a40cb0/element/adb3e991-40fd-4a9a-b69b-0aebf4e05ca2/name'
10:01:49.643 [AsyncHttpClient-1-5] DEBUG org.asynchttpclient.netty.handler.HttpHandler - 

Request DefaultFullHttpRequest(decodeResult: success, version: HTTP/1.1, content: EmptyByteBufBE)
GET /session/57e34d12d7129bd5001d659661a40cb0/element/adb3e991-40fd-4a9a-b69b-0aebf4e05ca2/name HTTP/1.1
User-Agent: selenium/4.7.1 (java windows)
Cache-Control: no-cache
Content-Type: application/json; charset=utf-8
host: localhost:15845
accept: */*

Response DefaultHttpResponse(decodeResult: success, version: HTTP/1.1)
HTTP/1.1 200 OK
Content-Type: application/json; charset=utf-8
cache-control: no-cache
content-length: 18

10:01:49.643 [AsyncHttpClient-1-5] DEBUG org.asynchttpclient.netty.channel.ChannelManager - Adding key: http://localhost:15845 for channel [id: 0xeeaf9239, L:/127.0.0.1:49874 - R:localhost/127.0.0.1:15845]
10:01:49.646 [Forwarding isElementEnabled on session 57e34d12d7129bd5001d659661a40cb0 to remote] DEBUG org.asynchttpclient.netty.request.NettyRequestSender - Using pooled Channel '[id: 0xeeaf9239, L:/127.0.0.1:49874 - R:localhost/127.0.0.1:15845]' for 'GET' to 'http://localhost:15845/session/57e34d12d7129bd5001d659661a40cb0/element/adb3e991-40fd-4a9a-b69b-0aebf4e05ca2/enabled'
10:01:49.646 [Forwarding isElementEnabled on session 57e34d12d7129bd5001d659661a40cb0 to remote] DEBUG org.asynchttpclient.netty.request.NettyRequestSender - Using open Channel [id: 0xeeaf9239, L:/127.0.0.1:49874 - R:localhost/127.0.0.1:15845] for GET '/session/57e34d12d7129bd5001d659661a40cb0/element/adb3e991-40fd-4a9a-b69b-0aebf4e05ca2/enabled'
10:01:49.659 [AsyncHttpClient-1-5] DEBUG org.asynchttpclient.netty.handler.HttpHandler - 

Request DefaultFullHttpRequest(decodeResult: success, version: HTTP/1.1, content: EmptyByteBufBE)
GET /session/57e34d12d7129bd5001d659661a40cb0/element/adb3e991-40fd-4a9a-b69b-0aebf4e05ca2/enabled HTTP/1.1
User-Agent: selenium/4.7.1 (java windows)
Cache-Control: no-cache
Content-Type: application/json; charset=utf-8
host: localhost:15845
accept: */*

Response DefaultHttpResponse(decodeResult: success, version: HTTP/1.1)
HTTP/1.1 200 OK
Content-Type: application/json; charset=utf-8
cache-control: no-cache
content-length: 14

10:01:49.660 [AsyncHttpClient-1-5] DEBUG org.asynchttpclient.netty.channel.ChannelManager - Adding key: http://localhost:15845 for channel [id: 0xeeaf9239, L:/127.0.0.1:49874 - R:localhost/127.0.0.1:15845]
10:01:49.662 [Forwarding isElementEnabled on session 57e34d12d7129bd5001d659661a40cb0 to remote] DEBUG org.asynchttpclient.netty.request.NettyRequestSender - Using pooled Channel '[id: 0xeeaf9239, L:/127.0.0.1:49874 - R:localhost/127.0.0.1:15845]' for 'GET' to 'http://localhost:15845/session/57e34d12d7129bd5001d659661a40cb0/element/adb3e991-40fd-4a9a-b69b-0aebf4e05ca2/enabled'
10:01:49.662 [Forwarding isElementEnabled on session 57e34d12d7129bd5001d659661a40cb0 to remote] DEBUG org.asynchttpclient.netty.request.NettyRequestSender - Using open Channel [id: 0xeeaf9239, L:/127.0.0.1:49874 - R:localhost/127.0.0.1:15845] for GET '/session/57e34d12d7129bd5001d659661a40cb0/element/adb3e991-40fd-4a9a-b69b-0aebf4e05ca2/enabled'
10:01:49.671 [AsyncHttpClient-1-5] DEBUG org.asynchttpclient.netty.handler.HttpHandler - 

Request DefaultFullHttpRequest(decodeResult: success, version: HTTP/1.1, content: EmptyByteBufBE)
GET /session/57e34d12d7129bd5001d659661a40cb0/element/adb3e991-40fd-4a9a-b69b-0aebf4e05ca2/enabled HTTP/1.1
User-Agent: selenium/4.7.1 (java windows)
Cache-Control: no-cache
Content-Type: application/json; charset=utf-8
host: localhost:15845
accept: */*

Response DefaultHttpResponse(decodeResult: success, version: HTTP/1.1)
HTTP/1.1 200 OK
Content-Type: application/json; charset=utf-8
cache-control: no-cache
content-length: 14

10:01:49.672 [AsyncHttpClient-1-5] DEBUG org.asynchttpclient.netty.channel.ChannelManager - Adding key: http://localhost:15845 for channel [id: 0xeeaf9239, L:/127.0.0.1:49874 - R:localhost/127.0.0.1:15845]
10:01:49.678 [Forwarding findElement on session 57e34d12d7129bd5001d659661a40cb0 to remote] DEBUG org.asynchttpclient.netty.request.NettyRequestSender - Using pooled Channel '[id: 0xeeaf9239, L:/127.0.0.1:49874 - R:localhost/127.0.0.1:15845]' for 'POST' to 'http://localhost:15845/session/57e34d12d7129bd5001d659661a40cb0/element'
10:01:49.678 [Forwarding findElement on session 57e34d12d7129bd5001d659661a40cb0 to remote] DEBUG org.asynchttpclient.netty.request.NettyRequestSender - Using open Channel [id: 0xeeaf9239, L:/127.0.0.1:49874 - R:localhost/127.0.0.1:15845] for POST '/session/57e34d12d7129bd5001d659661a40cb0/element'
10:01:49.706 [AsyncHttpClient-1-5] DEBUG org.asynchttpclient.netty.handler.HttpHandler - 

Request DefaultHttpRequest(decodeResult: success, version: HTTP/1.1)
POST /session/57e34d12d7129bd5001d659661a40cb0/element HTTP/1.1
User-Agent: selenium/4.7.1 (java windows)
Content-Length: 108
Content-Type: application/json; charset=utf-8
host: localhost:15845
accept: */*

Response DefaultHttpResponse(decodeResult: success, version: HTTP/1.1)
HTTP/1.1 200 OK
Content-Type: application/json; charset=utf-8
cache-control: no-cache
content-length: 88

10:01:49.707 [AsyncHttpClient-1-5] DEBUG org.asynchttpclient.netty.channel.ChannelManager - Adding key: http://localhost:15845 for channel [id: 0xeeaf9239, L:/127.0.0.1:49874 - R:localhost/127.0.0.1:15845]
10:01:49.712 [Forwarding clickElement on session 57e34d12d7129bd5001d659661a40cb0 to remote] DEBUG org.asynchttpclient.netty.request.NettyRequestSender - Using pooled Channel '[id: 0xeeaf9239, L:/127.0.0.1:49874 - R:localhost/127.0.0.1:15845]' for 'POST' to 'http://localhost:15845/session/57e34d12d7129bd5001d659661a40cb0/element/adb3e991-40fd-4a9a-b69b-0aebf4e05ca2/click'
10:01:49.712 [Forwarding clickElement on session 57e34d12d7129bd5001d659661a40cb0 to remote] DEBUG org.asynchttpclient.netty.request.NettyRequestSender - Using open Channel [id: 0xeeaf9239, L:/127.0.0.1:49874 - R:localhost/127.0.0.1:15845] for POST '/session/57e34d12d7129bd5001d659661a40cb0/element/adb3e991-40fd-4a9a-b69b-0aebf4e05ca2/click'
10:01:49.859 [AsyncHttpClient-1-5] DEBUG org.asynchttpclient.netty.handler.HttpHandler - 

Request DefaultHttpRequest(decodeResult: success, version: HTTP/1.1)
POST /session/57e34d12d7129bd5001d659661a40cb0/element/adb3e991-40fd-4a9a-b69b-0aebf4e05ca2/click HTTP/1.1
User-Agent: selenium/4.7.1 (java windows)
Content-Length: 50
Content-Type: application/json; charset=utf-8
host: localhost:15845
accept: */*

Response DefaultHttpResponse(decodeResult: success, version: HTTP/1.1)
HTTP/1.1 200 OK
Content-Type: application/json; charset=utf-8
cache-control: no-cache
content-length: 14

10:01:49.860 [AsyncHttpClient-1-5] DEBUG org.asynchttpclient.netty.channel.ChannelManager - Adding key: http://localhost:15845 for channel [id: 0xeeaf9239, L:/127.0.0.1:49874 - R:localhost/127.0.0.1:15845]
10:01:49.864 [AsyncHttpClient-1-1] DEBUG org.asynchttpclient.netty.channel.DefaultChannelPool - Entry count for : http://localhost:15845 : 1
10:01:49.864 [AsyncHttpClient-1-1] DEBUG org.asynchttpclient.netty.channel.DefaultChannelPool - Entry count for : http://localhost:49875 : 1
10:01:49.887 [Forwarding getCurrentWindowHandle on session 57e34d12d7129bd5001d659661a40cb0 to remote] DEBUG org.asynchttpclient.netty.request.NettyRequestSender - Using pooled Channel '[id: 0xeeaf9239, L:/127.0.0.1:49874 - R:localhost/127.0.0.1:15845]' for 'GET' to 'http://localhost:15845/session/57e34d12d7129bd5001d659661a40cb0/window'
10:01:49.888 [Forwarding getCurrentWindowHandle on session 57e34d12d7129bd5001d659661a40cb0 to remote] DEBUG org.asynchttpclient.netty.request.NettyRequestSender - Using open Channel [id: 0xeeaf9239, L:/127.0.0.1:49874 - R:localhost/127.0.0.1:15845] for GET '/session/57e34d12d7129bd5001d659661a40cb0/window'
10:01:49.891 [AsyncHttpClient-1-5] DEBUG org.asynchttpclient.netty.handler.HttpHandler - 

Request DefaultFullHttpRequest(decodeResult: success, version: HTTP/1.1, content: EmptyByteBufBE)
GET /session/57e34d12d7129bd5001d659661a40cb0/window HTTP/1.1
User-Agent: selenium/4.7.1 (java windows)
Cache-Control: no-cache
Content-Type: application/json; charset=utf-8
host: localhost:15845
accept: */*

Response DefaultHttpResponse(decodeResult: success, version: HTTP/1.1)
HTTP/1.1 200 OK
Content-Type: application/json; charset=utf-8
cache-control: no-cache
content-length: 44

10:01:49.892 [AsyncHttpClient-1-5] DEBUG org.asynchttpclient.netty.channel.ChannelManager - Adding key: http://localhost:15845 for channel [id: 0xeeaf9239, L:/127.0.0.1:49874 - R:localhost/127.0.0.1:15845]
10:01:49.898 [Forwarding getAlertText on session 57e34d12d7129bd5001d659661a40cb0 to remote] DEBUG org.asynchttpclient.netty.request.NettyRequestSender - Using pooled Channel '[id: 0xeeaf9239, L:/127.0.0.1:49874 - R:localhost/127.0.0.1:15845]' for 'GET' to 'http://localhost:15845/session/57e34d12d7129bd5001d659661a40cb0/alert/text'
10:01:49.899 [Forwarding getAlertText on session 57e34d12d7129bd5001d659661a40cb0 to remote] DEBUG org.asynchttpclient.netty.request.NettyRequestSender - Using open Channel [id: 0xeeaf9239, L:/127.0.0.1:49874 - R:localhost/127.0.0.1:15845] for GET '/session/57e34d12d7129bd5001d659661a40cb0/alert/text'
10:01:50.151 [AsyncHttpClient-1-5] DEBUG org.asynchttpclient.netty.handler.HttpHandler - 

Request DefaultFullHttpRequest(decodeResult: success, version: HTTP/1.1, content: EmptyByteBufBE)
GET /session/57e34d12d7129bd5001d659661a40cb0/alert/text HTTP/1.1
User-Agent: selenium/4.7.1 (java windows)
Cache-Control: no-cache
Content-Type: application/json; charset=utf-8
host: localhost:15845
accept: */*

Response DefaultHttpResponse(decodeResult: success, version: HTTP/1.1)
HTTP/1.1 404 Not Found
Content-Type: application/json; charset=utf-8
cache-control: no-cache
content-length: 821

10:01:50.152 [AsyncHttpClient-1-5] DEBUG org.asynchttpclient.netty.channel.ChannelManager - Adding key: http://localhost:15845 for channel [id: 0xeeaf9239, L:/127.0.0.1:49874 - R:localhost/127.0.0.1:15845]
10:01:50.159 [Forwarding switchToWindow on session 57e34d12d7129bd5001d659661a40cb0 to remote] DEBUG org.asynchttpclient.netty.request.NettyRequestSender - Using pooled Channel '[id: 0xeeaf9239, L:/127.0.0.1:49874 - R:localhost/127.0.0.1:15845]' for 'POST' to 'http://localhost:15845/session/57e34d12d7129bd5001d659661a40cb0/window'
10:01:50.159 [Forwarding switchToWindow on session 57e34d12d7129bd5001d659661a40cb0 to remote] DEBUG org.asynchttpclient.netty.request.NettyRequestSender - Using open Channel [id: 0xeeaf9239, L:/127.0.0.1:49874 - R:localhost/127.0.0.1:15845] for POST '/session/57e34d12d7129bd5001d659661a40cb0/window'
10:01:50.164 [AsyncHttpClient-1-5] DEBUG org.asynchttpclient.netty.handler.HttpHandler - 

Request DefaultHttpRequest(decodeResult: success, version: HTTP/1.1)
POST /session/57e34d12d7129bd5001d659661a40cb0/window HTTP/1.1
User-Agent: selenium/4.7.1 (java windows)
Content-Length: 50
Content-Type: application/json; charset=utf-8
host: localhost:15845
accept: */*

Response DefaultHttpResponse(decodeResult: success, version: HTTP/1.1)
HTTP/1.1 200 OK
Content-Type: application/json; charset=utf-8
cache-control: no-cache
content-length: 14

10:01:50.164 [AsyncHttpClient-1-5] DEBUG org.asynchttpclient.netty.channel.ChannelManager - Adding key: http://localhost:15845 for channel [id: 0xeeaf9239, L:/127.0.0.1:49874 - R:localhost/127.0.0.1:15845]
10:01:50.166 [Forwarding getCurrentUrl on session 57e34d12d7129bd5001d659661a40cb0 to remote] DEBUG org.asynchttpclient.netty.request.NettyRequestSender - Using pooled Channel '[id: 0xeeaf9239, L:/127.0.0.1:49874 - R:localhost/127.0.0.1:15845]' for 'GET' to 'http://localhost:15845/session/57e34d12d7129bd5001d659661a40cb0/url'
10:01:50.166 [Forwarding getCurrentUrl on session 57e34d12d7129bd5001d659661a40cb0 to remote] DEBUG org.asynchttpclient.netty.request.NettyRequestSender - Using open Channel [id: 0xeeaf9239, L:/127.0.0.1:49874 - R:localhost/127.0.0.1:15845] for GET '/session/57e34d12d7129bd5001d659661a40cb0/url'
10:01:50.173 [AsyncHttpClient-1-5] DEBUG org.asynchttpclient.netty.handler.HttpHandler - 

Request DefaultFullHttpRequest(decodeResult: success, version: HTTP/1.1, content: EmptyByteBufBE)
GET /session/57e34d12d7129bd5001d659661a40cb0/url HTTP/1.1
User-Agent: selenium/4.7.1 (java windows)
Cache-Control: no-cache
Content-Type: application/json; charset=utf-8
host: localhost:15845
accept: */*

Response DefaultHttpResponse(decodeResult: success, version: HTTP/1.1)
HTTP/1.1 200 OK
Content-Type: application/json; charset=utf-8
cache-control: no-cache
content-length: 51

10:01:50.174 [AsyncHttpClient-1-5] DEBUG org.asynchttpclient.netty.channel.ChannelManager - Adding key: http://localhost:15845 for channel [id: 0xeeaf9239, L:/127.0.0.1:49874 - R:localhost/127.0.0.1:15845]
10:01:50.176 [Forwarding screenshot on session 57e34d12d7129bd5001d659661a40cb0 to remote] DEBUG org.asynchttpclient.netty.request.NettyRequestSender - Using pooled Channel '[id: 0xeeaf9239, L:/127.0.0.1:49874 - R:localhost/127.0.0.1:15845]' for 'GET' to 'http://localhost:15845/session/57e34d12d7129bd5001d659661a40cb0/screenshot'
10:01:50.176 [Forwarding screenshot on session 57e34d12d7129bd5001d659661a40cb0 to remote] DEBUG org.asynchttpclient.netty.request.NettyRequestSender - Using open Channel [id: 0xeeaf9239, L:/127.0.0.1:49874 - R:localhost/127.0.0.1:15845] for GET '/session/57e34d12d7129bd5001d659661a40cb0/screenshot'
10:01:50.267 [AsyncHttpClient-1-5] DEBUG org.asynchttpclient.netty.handler.HttpHandler - 

Request DefaultFullHttpRequest(decodeResult: success, version: HTTP/1.1, content: EmptyByteBufBE)
GET /session/57e34d12d7129bd5001d659661a40cb0/screenshot HTTP/1.1
User-Agent: selenium/4.7.1 (java windows)
Cache-Control: no-cache
Content-Type: application/json; charset=utf-8
host: localhost:15845
accept: */*

Response DefaultHttpResponse(decodeResult: success, version: HTTP/1.1)
HTTP/1.1 200 OK
Content-Type: application/json; charset=utf-8
cache-control: no-cache
content-length: 26172

10:01:50.268 [AsyncHttpClient-1-5] DEBUG org.asynchttpclient.netty.channel.ChannelManager - Adding key: http://localhost:15845 for channel [id: 0xeeaf9239, L:/127.0.0.1:49874 - R:localhost/127.0.0.1:15845]
10:01:50.271 [main] DEBUG net.serenitybdd.core.photography.Darkroom - Send negative for processing for target\site\serenity\f035198f28bcaf95684f4b1a3b9e5d031fc0873bb044f55c4913aef571773aa0.png
10:01:50.272 [main] DEBUG net.thucydides.core.steps.StepInterceptor - STEP DONE: klikButtonLogin
  &amp#27;[32mWhen &amp#27;[0m&amp#27;[32muser klik button login&amp#27;[0m               &amp#27;[90m# starter.stepdefinitions.LoginRegisterSteps.userKlikButtonLogin()&amp#27;[0m
10:01:50.293 [main] DEBUG net.thucydides.core.steps.StepInterceptor - STARTING STEP: LoginRegisterSteps.userInputEmailValid - inputEmail
10:01:50.297 [Forwarding findElement on session 57e34d12d7129bd5001d659661a40cb0 to remote] DEBUG org.asynchttpclient.netty.request.NettyRequestSender - Using pooled Channel '[id: 0xeeaf9239, L:/127.0.0.1:49874 - R:localhost/127.0.0.1:15845]' for 'POST' to 'http://localhost:15845/session/57e34d12d7129bd5001d659661a40cb0/element'
10:01:50.297 [Forwarding findElement on session 57e34d12d7129bd5001d659661a40cb0 to remote] DEBUG org.asynchttpclient.netty.request.NettyRequestSender - Using open Channel [id: 0xeeaf9239, L:/127.0.0.1:49874 - R:localhost/127.0.0.1:15845] for POST '/session/57e34d12d7129bd5001d659661a40cb0/element'
10:01:50.317 [AsyncHttpClient-1-5] DEBUG org.asynchttpclient.netty.handler.HttpHandler - 

Request DefaultHttpRequest(decodeResult: success, version: HTTP/1.1)
POST /session/57e34d12d7129bd5001d659661a40cb0/element HTTP/1.1
User-Agent: selenium/4.7.1 (java windows)
Content-Length: 187
Content-Type: application/json; charset=utf-8
host: localhost:15845
accept: */*

Response DefaultHttpResponse(decodeResult: success, version: HTTP/1.1)
HTTP/1.1 200 OK
Content-Type: application/json; charset=utf-8
cache-control: no-cache
content-length: 88

10:01:50.317 [AsyncHttpClient-1-5] DEBUG org.asynchttpclient.netty.channel.ChannelManager - Adding key: http://localhost:15845 for channel [id: 0xeeaf9239, L:/127.0.0.1:49874 - R:localhost/127.0.0.1:15845]
10:01:50.319 [Forwarding clearElement on session 57e34d12d7129bd5001d659661a40cb0 to remote] DEBUG org.asynchttpclient.netty.request.NettyRequestSender - Using pooled Channel '[id: 0xeeaf9239, L:/127.0.0.1:49874 - R:localhost/127.0.0.1:15845]' for 'POST' to 'http://localhost:15845/session/57e34d12d7129bd5001d659661a40cb0/element/a3110e96-e99e-4397-846b-4edf8ab745f9/clear'
10:01:50.320 [Forwarding clearElement on session 57e34d12d7129bd5001d659661a40cb0 to remote] DEBUG org.asynchttpclient.netty.request.NettyRequestSender - Using open Channel [id: 0xeeaf9239, L:/127.0.0.1:49874 - R:localhost/127.0.0.1:15845] for POST '/session/57e34d12d7129bd5001d659661a40cb0/element/a3110e96-e99e-4397-846b-4edf8ab745f9/clear'
10:01:50.376 [AsyncHttpClient-1-5] DEBUG org.asynchttpclient.netty.handler.HttpHandler - 

Request DefaultHttpRequest(decodeResult: success, version: HTTP/1.1)
POST /session/57e34d12d7129bd5001d659661a40cb0/element/a3110e96-e99e-4397-846b-4edf8ab745f9/clear HTTP/1.1
User-Agent: selenium/4.7.1 (java windows)
Content-Length: 50
Content-Type: application/json; charset=utf-8
host: localhost:15845
accept: */*

Response DefaultHttpResponse(decodeResult: success, version: HTTP/1.1)
HTTP/1.1 200 OK
Content-Type: application/json; charset=utf-8
cache-control: no-cache
content-length: 14

10:01:50.376 [AsyncHttpClient-1-5] DEBUG org.asynchttpclient.netty.channel.ChannelManager - Adding key: http://localhost:15845 for channel [id: 0xeeaf9239, L:/127.0.0.1:49874 - R:localhost/127.0.0.1:15845]
10:01:50.379 [Forwarding sendKeysToElement on session 57e34d12d7129bd5001d659661a40cb0 to remote] DEBUG org.asynchttpclient.netty.request.NettyRequestSender - Using pooled Channel '[id: 0xeeaf9239, L:/127.0.0.1:49874 - R:localhost/127.0.0.1:15845]' for 'POST' to 'http://localhost:15845/session/57e34d12d7129bd5001d659661a40cb0/element/a3110e96-e99e-4397-846b-4edf8ab745f9/value'
10:01:50.380 [Forwarding sendKeysToElement on session 57e34d12d7129bd5001d659661a40cb0 to remote] DEBUG org.asynchttpclient.netty.request.NettyRequestSender - Using open Channel [id: 0xeeaf9239, L:/127.0.0.1:49874 - R:localhost/127.0.0.1:15845] for POST '/session/57e34d12d7129bd5001d659661a40cb0/element/a3110e96-e99e-4397-846b-4edf8ab745f9/value'
10:01:50.558 [AsyncHttpClient-1-5] DEBUG org.asynchttpclient.netty.handler.HttpHandler - 

Request DefaultHttpRequest(decodeResult: success, version: HTTP/1.1)
POST /session/57e34d12d7129bd5001d659661a40cb0/element/a3110e96-e99e-4397-846b-4edf8ab745f9/value HTTP/1.1
User-Agent: selenium/4.7.1 (java windows)
Content-Length: 211
Content-Type: application/json; charset=utf-8
host: localhost:15845
accept: */*

Response DefaultHttpResponse(decodeResult: success, version: HTTP/1.1)
HTTP/1.1 200 OK
Content-Type: application/json; charset=utf-8
cache-control: no-cache
content-length: 14

10:01:50.559 [AsyncHttpClient-1-5] DEBUG org.asynchttpclient.netty.channel.ChannelManager - Adding key: http://localhost:15845 for channel [id: 0xeeaf9239, L:/127.0.0.1:49874 - R:localhost/127.0.0.1:15845]
10:01:50.571 [Forwarding getCurrentWindowHandle on session 57e34d12d7129bd5001d659661a40cb0 to remote] DEBUG org.asynchttpclient.netty.request.NettyRequestSender - Using pooled Channel '[id: 0xeeaf9239, L:/127.0.0.1:49874 - R:localhost/127.0.0.1:15845]' for 'GET' to 'http://localhost:15845/session/57e34d12d7129bd5001d659661a40cb0/window'
10:01:50.572 [Forwarding getCurrentWindowHandle on session 57e34d12d7129bd5001d659661a40cb0 to remote] DEBUG org.asynchttpclient.netty.request.NettyRequestSender - Using open Channel [id: 0xeeaf9239, L:/127.0.0.1:49874 - R:localhost/127.0.0.1:15845] for GET '/session/57e34d12d7129bd5001d659661a40cb0/window'
10:01:50.576 [AsyncHttpClient-1-5] DEBUG org.asynchttpclient.netty.handler.HttpHandler - 

Request DefaultFullHttpRequest(decodeResult: success, version: HTTP/1.1, content: EmptyByteBufBE)
GET /session/57e34d12d7129bd5001d659661a40cb0/window HTTP/1.1
User-Agent: selenium/4.7.1 (java windows)
Cache-Control: no-cache
Content-Type: application/json; charset=utf-8
host: localhost:15845
accept: */*

Response DefaultHttpResponse(decodeResult: success, version: HTTP/1.1)
HTTP/1.1 200 OK
Content-Type: application/json; charset=utf-8
cache-control: no-cache
content-length: 44

10:01:50.576 [AsyncHttpClient-1-5] DEBUG org.asynchttpclient.netty.channel.ChannelManager - Adding key: http://localhost:15845 for channel [id: 0xeeaf9239, L:/127.0.0.1:49874 - R:localhost/127.0.0.1:15845]
10:01:50.580 [Forwarding getAlertText on session 57e34d12d7129bd5001d659661a40cb0 to remote] DEBUG org.asynchttpclient.netty.request.NettyRequestSender - Using pooled Channel '[id: 0xeeaf9239, L:/127.0.0.1:49874 - R:localhost/127.0.0.1:15845]' for 'GET' to 'http://localhost:15845/session/57e34d12d7129bd5001d659661a40cb0/alert/text'
10:01:50.580 [Forwarding getAlertText on session 57e34d12d7129bd5001d659661a40cb0 to remote] DEBUG org.asynchttpclient.netty.request.NettyRequestSender - Using open Channel [id: 0xeeaf9239, L:/127.0.0.1:49874 - R:localhost/127.0.0.1:15845] for GET '/session/57e34d12d7129bd5001d659661a40cb0/alert/text'
10:01:50.584 [AsyncHttpClient-1-5] DEBUG org.asynchttpclient.netty.handler.HttpHandler - 

Request DefaultFullHttpRequest(decodeResult: success, version: HTTP/1.1, content: EmptyByteBufBE)
GET /session/57e34d12d7129bd5001d659661a40cb0/alert/text HTTP/1.1
User-Agent: selenium/4.7.1 (java windows)
Cache-Control: no-cache
Content-Type: application/json; charset=utf-8
host: localhost:15845
accept: */*

Response DefaultHttpResponse(decodeResult: success, version: HTTP/1.1)
HTTP/1.1 404 Not Found
Content-Type: application/json; charset=utf-8
cache-control: no-cache
content-length: 821

10:01:50.584 [AsyncHttpClient-1-5] DEBUG org.asynchttpclient.netty.channel.ChannelManager - Adding key: http://localhost:15845 for channel [id: 0xeeaf9239, L:/127.0.0.1:49874 - R:localhost/127.0.0.1:15845]
10:01:50.592 [Forwarding switchToWindow on session 57e34d12d7129bd5001d659661a40cb0 to remote] DEBUG org.asynchttpclient.netty.request.NettyRequestSender - Using pooled Channel '[id: 0xeeaf9239, L:/127.0.0.1:49874 - R:localhost/127.0.0.1:15845]' for 'POST' to 'http://localhost:15845/session/57e34d12d7129bd5001d659661a40cb0/window'
10:01:50.592 [Forwarding switchToWindow on session 57e34d12d7129bd5001d659661a40cb0 to remote] DEBUG org.asynchttpclient.netty.request.NettyRequestSender - Using open Channel [id: 0xeeaf9239, L:/127.0.0.1:49874 - R:localhost/127.0.0.1:15845] for POST '/session/57e34d12d7129bd5001d659661a40cb0/window'
10:01:50.596 [AsyncHttpClient-1-5] DEBUG org.asynchttpclient.netty.handler.HttpHandler - 

Request DefaultHttpRequest(decodeResult: success, version: HTTP/1.1)
POST /session/57e34d12d7129bd5001d659661a40cb0/window HTTP/1.1
User-Agent: selenium/4.7.1 (java windows)
Content-Length: 50
Content-Type: application/json; charset=utf-8
host: localhost:15845
accept: */*

Response DefaultHttpResponse(decodeResult: success, version: HTTP/1.1)
HTTP/1.1 200 OK
Content-Type: application/json; charset=utf-8
cache-control: no-cache
content-length: 14

10:01:50.597 [AsyncHttpClient-1-5] DEBUG org.asynchttpclient.netty.channel.ChannelManager - Adding key: http://localhost:15845 for channel [id: 0xeeaf9239, L:/127.0.0.1:49874 - R:localhost/127.0.0.1:15845]
10:01:50.598 [Forwarding getCurrentUrl on session 57e34d12d7129bd5001d659661a40cb0 to remote] DEBUG org.asynchttpclient.netty.request.NettyRequestSender - Using pooled Channel '[id: 0xeeaf9239, L:/127.0.0.1:49874 - R:localhost/127.0.0.1:15845]' for 'GET' to 'http://localhost:15845/session/57e34d12d7129bd5001d659661a40cb0/url'
10:01:50.598 [Forwarding getCurrentUrl on session 57e34d12d7129bd5001d659661a40cb0 to remote] DEBUG org.asynchttpclient.netty.request.NettyRequestSender - Using open Channel [id: 0xeeaf9239, L:/127.0.0.1:49874 - R:localhost/127.0.0.1:15845] for GET '/session/57e34d12d7129bd5001d659661a40cb0/url'
10:01:50.608 [AsyncHttpClient-1-5] DEBUG org.asynchttpclient.netty.handler.HttpHandler - 

Request DefaultFullHttpRequest(decodeResult: success, version: HTTP/1.1, content: EmptyByteBufBE)
GET /session/57e34d12d7129bd5001d659661a40cb0/url HTTP/1.1
User-Agent: selenium/4.7.1 (java windows)
Cache-Control: no-cache
Content-Type: application/json; charset=utf-8
host: localhost:15845
accept: */*

Response DefaultHttpResponse(decodeResult: success, version: HTTP/1.1)
HTTP/1.1 200 OK
Content-Type: application/json; charset=utf-8
cache-control: no-cache
content-length: 51

10:01:50.609 [AsyncHttpClient-1-5] DEBUG org.asynchttpclient.netty.channel.ChannelManager - Adding key: http://localhost:15845 for channel [id: 0xeeaf9239, L:/127.0.0.1:49874 - R:localhost/127.0.0.1:15845]
10:01:50.611 [Forwarding screenshot on session 57e34d12d7129bd5001d659661a40cb0 to remote] DEBUG org.asynchttpclient.netty.request.NettyRequestSender - Using pooled Channel '[id: 0xeeaf9239, L:/127.0.0.1:49874 - R:localhost/127.0.0.1:15845]' for 'GET' to 'http://localhost:15845/session/57e34d12d7129bd5001d659661a40cb0/screenshot'
10:01:50.611 [Forwarding screenshot on session 57e34d12d7129bd5001d659661a40cb0 to remote] DEBUG org.asynchttpclient.netty.request.NettyRequestSender - Using open Channel [id: 0xeeaf9239, L:/127.0.0.1:49874 - R:localhost/127.0.0.1:15845] for GET '/session/57e34d12d7129bd5001d659661a40cb0/screenshot'
10:01:50.735 [AsyncHttpClient-1-5] DEBUG org.asynchttpclient.netty.handler.HttpHandler - 

Request DefaultFullHttpRequest(decodeResult: success, version: HTTP/1.1, content: EmptyByteBufBE)
GET /session/57e34d12d7129bd5001d659661a40cb0/screenshot HTTP/1.1
User-Agent: selenium/4.7.1 (java windows)
Cache-Control: no-cache
Content-Type: application/json; charset=utf-8
host: localhost:15845
accept: */*

Response DefaultHttpResponse(decodeResult: success, version: HTTP/1.1)
HTTP/1.1 200 OK
Content-Type: application/json; charset=utf-8
cache-control: no-cache
content-length: 29756

10:01:50.736 [AsyncHttpClient-1-5] DEBUG org.asynchttpclient.netty.channel.ChannelManager - Adding key: http://localhost:15845 for channel [id: 0xeeaf9239, L:/127.0.0.1:49874 - R:localhost/127.0.0.1:15845]
10:01:50.740 [main] DEBUG net.serenitybdd.core.photography.Darkroom - Send negative for processing for target\site\serenity\6cb502068b8380fe54aff70ed0e05e153126088b7c9bd6db390c402651d4882d.png
10:01:50.741 [main] DEBUG net.thucydides.core.steps.StepInterceptor - STEP DONE: inputEmail
10:01:50.741 [Darkroom Processing Line] DEBUG net.serenitybdd.core.photography.DarkroomProcessingLine - Processing screenshot image in /var/screenshots/screenshot-7932711323276585605
10:01:50.741 [Darkroom Processing Line] DEBUG net.serenitybdd.core.photography.DarkroomProcessingLine - Saving screenshot to target\site\serenity\6cb502068b8380fe54aff70ed0e05e153126088b7c9bd6db390c402651d4882d.png
  &amp#27;[32mAnd &amp#27;[0m&amp#27;[32muser input email valid&amp#27;[0m                &amp#27;[90m# starter.stepdefinitions.LoginRegisterSteps.userInputEmailValid()&amp#27;[0m
10:01:50.764 [main] DEBUG net.thucydides.core.steps.StepInterceptor - STARTING STEP: LoginRegisterSteps.userInputPasswordValid - inputPassword
10:01:50.769 [Forwarding findElement on session 57e34d12d7129bd5001d659661a40cb0 to remote] DEBUG org.asynchttpclient.netty.request.NettyRequestSender - Using pooled Channel '[id: 0xeeaf9239, L:/127.0.0.1:49874 - R:localhost/127.0.0.1:15845]' for 'POST' to 'http://localhost:15845/session/57e34d12d7129bd5001d659661a40cb0/element'
10:01:50.769 [Forwarding findElement on session 57e34d12d7129bd5001d659661a40cb0 to remote] DEBUG org.asynchttpclient.netty.request.NettyRequestSender - Using open Channel [id: 0xeeaf9239, L:/127.0.0.1:49874 - R:localhost/127.0.0.1:15845] for POST '/session/57e34d12d7129bd5001d659661a40cb0/element'
10:01:50.790 [AsyncHttpClient-1-5] DEBUG org.asynchttpclient.netty.handler.HttpHandler - 

Request DefaultHttpRequest(decodeResult: success, version: HTTP/1.1)
POST /session/57e34d12d7129bd5001d659661a40cb0/element HTTP/1.1
User-Agent: selenium/4.7.1 (java windows)
Content-Length: 187
Content-Type: application/json; charset=utf-8
host: localhost:15845
accept: */*

Response DefaultHttpResponse(decodeResult: success, version: HTTP/1.1)
HTTP/1.1 200 OK
Content-Type: application/json; charset=utf-8
cache-control: no-cache
content-length: 88

10:01:50.791 [AsyncHttpClient-1-5] DEBUG org.asynchttpclient.netty.channel.ChannelManager - Adding key: http://localhost:15845 for channel [id: 0xeeaf9239, L:/127.0.0.1:49874 - R:localhost/127.0.0.1:15845]
10:01:50.793 [Forwarding clearElement on session 57e34d12d7129bd5001d659661a40cb0 to remote] DEBUG org.asynchttpclient.netty.request.NettyRequestSender - Using pooled Channel '[id: 0xeeaf9239, L:/127.0.0.1:49874 - R:localhost/127.0.0.1:15845]' for 'POST' to 'http://localhost:15845/session/57e34d12d7129bd5001d659661a40cb0/element/f23d347c-8b04-489f-8704-8eeb8d5df99f/clear'
10:01:50.793 [Forwarding clearElement on session 57e34d12d7129bd5001d659661a40cb0 to remote] DEBUG org.asynchttpclient.netty.request.NettyRequestSender - Using open Channel [id: 0xeeaf9239, L:/127.0.0.1:49874 - R:localhost/127.0.0.1:15845] for POST '/session/57e34d12d7129bd5001d659661a40cb0/element/f23d347c-8b04-489f-8704-8eeb8d5df99f/clear'
10:01:50.847 [AsyncHttpClient-1-5] DEBUG org.asynchttpclient.netty.handler.HttpHandler - 

Request DefaultHttpRequest(decodeResult: success, version: HTTP/1.1)
POST /session/57e34d12d7129bd5001d659661a40cb0/element/f23d347c-8b04-489f-8704-8eeb8d5df99f/clear HTTP/1.1
User-Agent: selenium/4.7.1 (java windows)
Content-Length: 50
Content-Type: application/json; charset=utf-8
host: localhost:15845
accept: */*

Response DefaultHttpResponse(decodeResult: success, version: HTTP/1.1)
HTTP/1.1 200 OK
Content-Type: application/json; charset=utf-8
cache-control: no-cache
content-length: 14

10:01:50.848 [AsyncHttpClient-1-5] DEBUG org.asynchttpclient.netty.channel.ChannelManager - Adding key: http://localhost:15845 for channel [id: 0xeeaf9239, L:/127.0.0.1:49874 - R:localhost/127.0.0.1:15845]
10:01:50.852 [Forwarding sendKeysToElement on session 57e34d12d7129bd5001d659661a40cb0 to remote] DEBUG org.asynchttpclient.netty.request.NettyRequestSender - Using pooled Channel '[id: 0xeeaf9239, L:/127.0.0.1:49874 - R:localhost/127.0.0.1:15845]' for 'POST' to 'http://localhost:15845/session/57e34d12d7129bd5001d659661a40cb0/element/f23d347c-8b04-489f-8704-8eeb8d5df99f/value'
10:01:50.852 [Forwarding sendKeysToElement on session 57e34d12d7129bd5001d659661a40cb0 to remote] DEBUG org.asynchttpclient.netty.request.NettyRequestSender - Using open Channel [id: 0xeeaf9239, L:/127.0.0.1:49874 - R:localhost/127.0.0.1:15845] for POST '/session/57e34d12d7129bd5001d659661a40cb0/element/f23d347c-8b04-489f-8704-8eeb8d5df99f/value'
10:01:50.956 [AsyncHttpClient-1-5] DEBUG org.asynchttpclient.netty.handler.HttpHandler - 

Request DefaultHttpRequest(decodeResult: success, version: HTTP/1.1)
POST /session/57e34d12d7129bd5001d659661a40cb0/element/f23d347c-8b04-489f-8704-8eeb8d5df99f/value HTTP/1.1
User-Agent: selenium/4.7.1 (java windows)
Content-Length: 111
Content-Type: application/json; charset=utf-8
host: localhost:15845
accept: */*

Response DefaultHttpResponse(decodeResult: success, version: HTTP/1.1)
HTTP/1.1 200 OK
Content-Type: application/json; charset=utf-8
cache-control: no-cache
content-length: 14

10:01:50.957 [AsyncHttpClient-1-5] DEBUG org.asynchttpclient.netty.channel.ChannelManager - Adding key: http://localhost:15845 for channel [id: 0xeeaf9239, L:/127.0.0.1:49874 - R:localhost/127.0.0.1:15845]
10:01:50.968 [Forwarding getCurrentWindowHandle on session 57e34d12d7129bd5001d659661a40cb0 to remote] DEBUG org.asynchttpclient.netty.request.NettyRequestSender - Using pooled Channel '[id: 0xeeaf9239, L:/127.0.0.1:49874 - R:localhost/127.0.0.1:15845]' for 'GET' to 'http://localhost:15845/session/57e34d12d7129bd5001d659661a40cb0/window'
10:01:50.969 [Forwarding getCurrentWindowHandle on session 57e34d12d7129bd5001d659661a40cb0 to remote] DEBUG org.asynchttpclient.netty.request.NettyRequestSender - Using open Channel [id: 0xeeaf9239, L:/127.0.0.1:49874 - R:localhost/127.0.0.1:15845] for GET '/session/57e34d12d7129bd5001d659661a40cb0/window'
10:01:50.971 [AsyncHttpClient-1-1] DEBUG org.asynchttpclient.netty.channel.DefaultChannelPool - Entry count for : http://localhost:49875 : 1
10:01:50.971 [AsyncHttpClient-1-5] DEBUG org.asynchttpclient.netty.handler.HttpHandler - 

Request DefaultFullHttpRequest(decodeResult: success, version: HTTP/1.1, content: EmptyByteBufBE)
GET /session/57e34d12d7129bd5001d659661a40cb0/window HTTP/1.1
User-Agent: selenium/4.7.1 (java windows)
Cache-Control: no-cache
Content-Type: application/json; charset=utf-8
host: localhost:15845
accept: */*

Response DefaultHttpResponse(decodeResult: success, version: HTTP/1.1)
HTTP/1.1 200 OK
Content-Type: application/json; charset=utf-8
cache-control: no-cache
content-length: 44

10:01:50.972 [AsyncHttpClient-1-5] DEBUG org.asynchttpclient.netty.channel.ChannelManager - Adding key: http://localhost:15845 for channel [id: 0xeeaf9239, L:/127.0.0.1:49874 - R:localhost/127.0.0.1:15845]
10:01:50.976 [Forwarding getAlertText on session 57e34d12d7129bd5001d659661a40cb0 to remote] DEBUG org.asynchttpclient.netty.request.NettyRequestSender - Using pooled Channel '[id: 0xeeaf9239, L:/127.0.0.1:49874 - R:localhost/127.0.0.1:15845]' for 'GET' to 'http://localhost:15845/session/57e34d12d7129bd5001d659661a40cb0/alert/text'
10:01:50.976 [Forwarding getAlertText on session 57e34d12d7129bd5001d659661a40cb0 to remote] DEBUG org.asynchttpclient.netty.request.NettyRequestSender - Using open Channel [id: 0xeeaf9239, L:/127.0.0.1:49874 - R:localhost/127.0.0.1:15845] for GET '/session/57e34d12d7129bd5001d659661a40cb0/alert/text'
10:01:50.980 [AsyncHttpClient-1-5] DEBUG org.asynchttpclient.netty.handler.HttpHandler - 

Request DefaultFullHttpRequest(decodeResult: success, version: HTTP/1.1, content: EmptyByteBufBE)
GET /session/57e34d12d7129bd5001d659661a40cb0/alert/text HTTP/1.1
User-Agent: selenium/4.7.1 (java windows)
Cache-Control: no-cache
Content-Type: application/json; charset=utf-8
host: localhost:15845
accept: */*

Response DefaultHttpResponse(decodeResult: success, version: HTTP/1.1)
HTTP/1.1 404 Not Found
Content-Type: application/json; charset=utf-8
cache-control: no-cache
content-length: 821

10:01:50.981 [AsyncHttpClient-1-5] DEBUG org.asynchttpclient.netty.channel.ChannelManager - Adding key: http://localhost:15845 for channel [id: 0xeeaf9239, L:/127.0.0.1:49874 - R:localhost/127.0.0.1:15845]
10:01:50.984 [Forwarding switchToWindow on session 57e34d12d7129bd5001d659661a40cb0 to remote] DEBUG org.asynchttpclient.netty.request.NettyRequestSender - Using pooled Channel '[id: 0xeeaf9239, L:/127.0.0.1:49874 - R:localhost/127.0.0.1:15845]' for 'POST' to 'http://localhost:15845/session/57e34d12d7129bd5001d659661a40cb0/window'
10:01:50.984 [Forwarding switchToWindow on session 57e34d12d7129bd5001d659661a40cb0 to remote] DEBUG org.asynchttpclient.netty.request.NettyRequestSender - Using open Channel [id: 0xeeaf9239, L:/127.0.0.1:49874 - R:localhost/127.0.0.1:15845] for POST '/session/57e34d12d7129bd5001d659661a40cb0/window'
10:01:50.990 [AsyncHttpClient-1-5] DEBUG org.asynchttpclient.netty.handler.HttpHandler - 

Request DefaultHttpRequest(decodeResult: success, version: HTTP/1.1)
POST /session/57e34d12d7129bd5001d659661a40cb0/window HTTP/1.1
User-Agent: selenium/4.7.1 (java windows)
Content-Length: 50
Content-Type: application/json; charset=utf-8
host: localhost:15845
accept: */*

Response DefaultHttpResponse(decodeResult: success, version: HTTP/1.1)
HTTP/1.1 200 OK
Content-Type: application/json; charset=utf-8
cache-control: no-cache
content-length: 14

10:01:50.991 [AsyncHttpClient-1-5] DEBUG org.asynchttpclient.netty.channel.ChannelManager - Adding key: http://localhost:15845 for channel [id: 0xeeaf9239, L:/127.0.0.1:49874 - R:localhost/127.0.0.1:15845]
10:01:50.993 [Forwarding getCurrentUrl on session 57e34d12d7129bd5001d659661a40cb0 to remote] DEBUG org.asynchttpclient.netty.request.NettyRequestSender - Using pooled Channel '[id: 0xeeaf9239, L:/127.0.0.1:49874 - R:localhost/127.0.0.1:15845]' for 'GET' to 'http://localhost:15845/session/57e34d12d7129bd5001d659661a40cb0/url'
10:01:50.993 [Forwarding getCurrentUrl on session 57e34d12d7129bd5001d659661a40cb0 to remote] DEBUG org.asynchttpclient.netty.request.NettyRequestSender - Using open Channel [id: 0xeeaf9239, L:/127.0.0.1:49874 - R:localhost/127.0.0.1:15845] for GET '/session/57e34d12d7129bd5001d659661a40cb0/url'
10:01:50.999 [AsyncHttpClient-1-5] DEBUG org.asynchttpclient.netty.handler.HttpHandler - 

Request DefaultFullHttpRequest(decodeResult: success, version: HTTP/1.1, content: EmptyByteBufBE)
GET /session/57e34d12d7129bd5001d659661a40cb0/url HTTP/1.1
User-Agent: selenium/4.7.1 (java windows)
Cache-Control: no-cache
Content-Type: application/json; charset=utf-8
host: localhost:15845
accept: */*

Response DefaultHttpResponse(decodeResult: success, version: HTTP/1.1)
HTTP/1.1 200 OK
Content-Type: application/json; charset=utf-8
cache-control: no-cache
content-length: 51

10:01:50.999 [AsyncHttpClient-1-5] DEBUG org.asynchttpclient.netty.channel.ChannelManager - Adding key: http://localhost:15845 for channel [id: 0xeeaf9239, L:/127.0.0.1:49874 - R:localhost/127.0.0.1:15845]
10:01:51.001 [Forwarding screenshot on session 57e34d12d7129bd5001d659661a40cb0 to remote] DEBUG org.asynchttpclient.netty.request.NettyRequestSender - Using pooled Channel '[id: 0xeeaf9239, L:/127.0.0.1:49874 - R:localhost/127.0.0.1:15845]' for 'GET' to 'http://localhost:15845/session/57e34d12d7129bd5001d659661a40cb0/screenshot'
10:01:51.001 [Forwarding screenshot on session 57e34d12d7129bd5001d659661a40cb0 to remote] DEBUG org.asynchttpclient.netty.request.NettyRequestSender - Using open Channel [id: 0xeeaf9239, L:/127.0.0.1:49874 - R:localhost/127.0.0.1:15845] for GET '/session/57e34d12d7129bd5001d659661a40cb0/screenshot'
10:01:51.135 [AsyncHttpClient-1-5] DEBUG org.asynchttpclient.netty.handler.HttpHandler - 

Request DefaultFullHttpRequest(decodeResult: success, version: HTTP/1.1, content: EmptyByteBufBE)
GET /session/57e34d12d7129bd5001d659661a40cb0/screenshot HTTP/1.1
User-Agent: selenium/4.7.1 (java windows)
Cache-Control: no-cache
Content-Type: application/json; charset=utf-8
host: localhost:15845
accept: */*

Response DefaultHttpResponse(decodeResult: success, version: HTTP/1.1)
HTTP/1.1 200 OK
Content-Type: application/json; charset=utf-8
cache-control: no-cache
content-length: 29772

10:01:51.136 [AsyncHttpClient-1-5] DEBUG org.asynchttpclient.netty.channel.ChannelManager - Adding key: http://localhost:15845 for channel [id: 0xeeaf9239, L:/127.0.0.1:49874 - R:localhost/127.0.0.1:15845]
10:01:51.140 [main] DEBUG net.serenitybdd.core.photography.Darkroom - Send negative for processing for target\site\serenity\9e7f956de536a5fd26654e3af1b7edd736191c6f959634b21dd670d57346bd49.png
10:01:51.140 [main] DEBUG net.thucydides.core.steps.StepInterceptor - STEP DONE: inputPassword
  &amp#27;[32mAnd &amp#27;[0m&amp#27;[32muser input password valid&amp#27;[0m             &amp#27;[90m# starter.stepdefinitions.LoginRegisterSteps.userInputPasswordValid()&amp#27;[0m
10:01:51.141 [Darkroom Processing Line] DEBUG net.serenitybdd.core.photography.DarkroomProcessingLine - Processing screenshot image in /var/screenshots/screenshot-9287730668814431874
10:01:51.141 [Darkroom Processing Line] DEBUG net.serenitybdd.core.photography.DarkroomProcessingLine - Saving screenshot to target\site\serenity\9e7f956de536a5fd26654e3af1b7edd736191c6f959634b21dd670d57346bd49.png
10:01:51.163 [main] DEBUG net.thucydides.core.steps.StepInterceptor - STARTING STEP: LoginRegisterSteps.userKlikButtonLoginYangKedua - klikButtonLoginKedua
10:01:51.167 [Forwarding findElement on session 57e34d12d7129bd5001d659661a40cb0 to remote] DEBUG org.asynchttpclient.netty.request.NettyRequestSender - Using pooled Channel '[id: 0xeeaf9239, L:/127.0.0.1:49874 - R:localhost/127.0.0.1:15845]' for 'POST' to 'http://localhost:15845/session/57e34d12d7129bd5001d659661a40cb0/element'
10:01:51.167 [Forwarding findElement on session 57e34d12d7129bd5001d659661a40cb0 to remote] DEBUG org.asynchttpclient.netty.request.NettyRequestSender - Using open Channel [id: 0xeeaf9239, L:/127.0.0.1:49874 - R:localhost/127.0.0.1:15845] for POST '/session/57e34d12d7129bd5001d659661a40cb0/element'
10:01:51.186 [AsyncHttpClient-1-5] DEBUG org.asynchttpclient.netty.handler.HttpHandler - 

Request DefaultHttpRequest(decodeResult: success, version: HTTP/1.1)
POST /session/57e34d12d7129bd5001d659661a40cb0/element HTTP/1.1
User-Agent: selenium/4.7.1 (java windows)
Content-Length: 141
Content-Type: application/json; charset=utf-8
host: localhost:15845
accept: */*

Response DefaultHttpResponse(decodeResult: success, version: HTTP/1.1)
HTTP/1.1 200 OK
Content-Type: application/json; charset=utf-8
cache-control: no-cache
content-length: 88

10:01:51.187 [AsyncHttpClient-1-5] DEBUG org.asynchttpclient.netty.channel.ChannelManager - Adding key: http://localhost:15845 for channel [id: 0xeeaf9239, L:/127.0.0.1:49874 - R:localhost/127.0.0.1:15845]
10:01:51.191 [Forwarding getElementTagName on session 57e34d12d7129bd5001d659661a40cb0 to remote] DEBUG org.asynchttpclient.netty.request.NettyRequestSender - Using pooled Channel '[id: 0xeeaf9239, L:/127.0.0.1:49874 - R:localhost/127.0.0.1:15845]' for 'GET' to 'http://localhost:15845/session/57e34d12d7129bd5001d659661a40cb0/element/786b549a-05fd-42cb-9f13-80e97a4c442f/name'
10:01:51.191 [Forwarding getElementTagName on session 57e34d12d7129bd5001d659661a40cb0 to remote] DEBUG org.asynchttpclient.netty.request.NettyRequestSender - Using open Channel [id: 0xeeaf9239, L:/127.0.0.1:49874 - R:localhost/127.0.0.1:15845] for GET '/session/57e34d12d7129bd5001d659661a40cb0/element/786b549a-05fd-42cb-9f13-80e97a4c442f/name'
10:01:51.201 [AsyncHttpClient-1-5] DEBUG org.asynchttpclient.netty.handler.HttpHandler - 

Request DefaultFullHttpRequest(decodeResult: success, version: HTTP/1.1, content: EmptyByteBufBE)
GET /session/57e34d12d7129bd5001d659661a40cb0/element/786b549a-05fd-42cb-9f13-80e97a4c442f/name HTTP/1.1
User-Agent: selenium/4.7.1 (java windows)
Cache-Control: no-cache
Content-Type: application/json; charset=utf-8
host: localhost:15845
accept: */*

Response DefaultHttpResponse(decodeResult: success, version: HTTP/1.1)
HTTP/1.1 200 OK
Content-Type: application/json; charset=utf-8
cache-control: no-cache
content-length: 18

10:01:51.202 [AsyncHttpClient-1-5] DEBUG org.asynchttpclient.netty.channel.ChannelManager - Adding key: http://localhost:15845 for channel [id: 0xeeaf9239, L:/127.0.0.1:49874 - R:localhost/127.0.0.1:15845]
10:01:51.205 [Forwarding getElementTagName on session 57e34d12d7129bd5001d659661a40cb0 to remote] DEBUG org.asynchttpclient.netty.request.NettyRequestSender - Using pooled Channel '[id: 0xeeaf9239, L:/127.0.0.1:49874 - R:localhost/127.0.0.1:15845]' for 'GET' to 'http://localhost:15845/session/57e34d12d7129bd5001d659661a40cb0/element/786b549a-05fd-42cb-9f13-80e97a4c442f/name'
10:01:51.206 [Forwarding getElementTagName on session 57e34d12d7129bd5001d659661a40cb0 to remote] DEBUG org.asynchttpclient.netty.request.NettyRequestSender - Using open Channel [id: 0xeeaf9239, L:/127.0.0.1:49874 - R:localhost/127.0.0.1:15845] for GET '/session/57e34d12d7129bd5001d659661a40cb0/element/786b549a-05fd-42cb-9f13-80e97a4c442f/name'
10:01:51.215 [AsyncHttpClient-1-5] DEBUG org.asynchttpclient.netty.handler.HttpHandler - 

Request DefaultFullHttpRequest(decodeResult: success, version: HTTP/1.1, content: EmptyByteBufBE)
GET /session/57e34d12d7129bd5001d659661a40cb0/element/786b549a-05fd-42cb-9f13-80e97a4c442f/name HTTP/1.1
User-Agent: selenium/4.7.1 (java windows)
Cache-Control: no-cache
Content-Type: application/json; charset=utf-8
host: localhost:15845
accept: */*

Response DefaultHttpResponse(decodeResult: success, version: HTTP/1.1)
HTTP/1.1 200 OK
Content-Type: application/json; charset=utf-8
cache-control: no-cache
content-length: 18

10:01:51.216 [AsyncHttpClient-1-5] DEBUG org.asynchttpclient.netty.channel.ChannelManager - Adding key: http://localhost:15845 for channel [id: 0xeeaf9239, L:/127.0.0.1:49874 - R:localhost/127.0.0.1:15845]
10:01:51.220 [Forwarding isElementEnabled on session 57e34d12d7129bd5001d659661a40cb0 to remote] DEBUG org.asynchttpclient.netty.request.NettyRequestSender - Using pooled Channel '[id: 0xeeaf9239, L:/127.0.0.1:49874 - R:localhost/127.0.0.1:15845]' for 'GET' to 'http://localhost:15845/session/57e34d12d7129bd5001d659661a40cb0/element/786b549a-05fd-42cb-9f13-80e97a4c442f/enabled'
10:01:51.220 [Forwarding isElementEnabled on session 57e34d12d7129bd5001d659661a40cb0 to remote] DEBUG org.asynchttpclient.netty.request.NettyRequestSender - Using open Channel [id: 0xeeaf9239, L:/127.0.0.1:49874 - R:localhost/127.0.0.1:15845] for GET '/session/57e34d12d7129bd5001d659661a40cb0/element/786b549a-05fd-42cb-9f13-80e97a4c442f/enabled'
10:01:51.239 [AsyncHttpClient-1-5] DEBUG org.asynchttpclient.netty.handler.HttpHandler - 

Request DefaultFullHttpRequest(decodeResult: success, version: HTTP/1.1, content: EmptyByteBufBE)
GET /session/57e34d12d7129bd5001d659661a40cb0/element/786b549a-05fd-42cb-9f13-80e97a4c442f/enabled HTTP/1.1
User-Agent: selenium/4.7.1 (java windows)
Cache-Control: no-cache
Content-Type: application/json; charset=utf-8
host: localhost:15845
accept: */*

Response DefaultHttpResponse(decodeResult: success, version: HTTP/1.1)
HTTP/1.1 200 OK
Content-Type: application/json; charset=utf-8
cache-control: no-cache
content-length: 14

10:01:51.240 [AsyncHttpClient-1-5] DEBUG org.asynchttpclient.netty.channel.ChannelManager - Adding key: http://localhost:15845 for channel [id: 0xeeaf9239, L:/127.0.0.1:49874 - R:localhost/127.0.0.1:15845]
10:01:51.243 [Forwarding isElementEnabled on session 57e34d12d7129bd5001d659661a40cb0 to remote] DEBUG org.asynchttpclient.netty.request.NettyRequestSender - Using pooled Channel '[id: 0xeeaf9239, L:/127.0.0.1:49874 - R:localhost/127.0.0.1:15845]' for 'GET' to 'http://localhost:15845/session/57e34d12d7129bd5001d659661a40cb0/element/786b549a-05fd-42cb-9f13-80e97a4c442f/enabled'
10:01:51.244 [Forwarding isElementEnabled on session 57e34d12d7129bd5001d659661a40cb0 to remote] DEBUG org.asynchttpclient.netty.request.NettyRequestSender - Using open Channel [id: 0xeeaf9239, L:/127.0.0.1:49874 - R:localhost/127.0.0.1:15845] for GET '/session/57e34d12d7129bd5001d659661a40cb0/element/786b549a-05fd-42cb-9f13-80e97a4c442f/enabled'
10:01:51.259 [AsyncHttpClient-1-5] DEBUG org.asynchttpclient.netty.handler.HttpHandler - 

Request DefaultFullHttpRequest(decodeResult: success, version: HTTP/1.1, content: EmptyByteBufBE)
GET /session/57e34d12d7129bd5001d659661a40cb0/element/786b549a-05fd-42cb-9f13-80e97a4c442f/enabled HTTP/1.1
User-Agent: selenium/4.7.1 (java windows)
Cache-Control: no-cache
Content-Type: application/json; charset=utf-8
host: localhost:15845
accept: */*

Response DefaultHttpResponse(decodeResult: success, version: HTTP/1.1)
HTTP/1.1 200 OK
Content-Type: application/json; charset=utf-8
cache-control: no-cache
content-length: 14

10:01:51.261 [AsyncHttpClient-1-5] DEBUG org.asynchttpclient.netty.channel.ChannelManager - Adding key: http://localhost:15845 for channel [id: 0xeeaf9239, L:/127.0.0.1:49874 - R:localhost/127.0.0.1:15845]
10:01:51.265 [Forwarding findElement on session 57e34d12d7129bd5001d659661a40cb0 to remote] DEBUG org.asynchttpclient.netty.request.NettyRequestSender - Using pooled Channel '[id: 0xeeaf9239, L:/127.0.0.1:49874 - R:localhost/127.0.0.1:15845]' for 'POST' to 'http://localhost:15845/session/57e34d12d7129bd5001d659661a40cb0/element'
10:01:51.265 [Forwarding findElement on session 57e34d12d7129bd5001d659661a40cb0 to remote] DEBUG org.asynchttpclient.netty.request.NettyRequestSender - Using open Channel [id: 0xeeaf9239, L:/127.0.0.1:49874 - R:localhost/127.0.0.1:15845] for POST '/session/57e34d12d7129bd5001d659661a40cb0/element'
10:01:51.279 [AsyncHttpClient-1-5] DEBUG org.asynchttpclient.netty.handler.HttpHandler - 

Request DefaultHttpRequest(decodeResult: success, version: HTTP/1.1)
POST /session/57e34d12d7129bd5001d659661a40cb0/element HTTP/1.1
User-Agent: selenium/4.7.1 (java windows)
Content-Length: 141
Content-Type: application/json; charset=utf-8
host: localhost:15845
accept: */*

Response DefaultHttpResponse(decodeResult: success, version: HTTP/1.1)
HTTP/1.1 200 OK
Content-Type: application/json; charset=utf-8
cache-control: no-cache
content-length: 88

10:01:51.280 [AsyncHttpClient-1-5] DEBUG org.asynchttpclient.netty.channel.ChannelManager - Adding key: http://localhost:15845 for channel [id: 0xeeaf9239, L:/127.0.0.1:49874 - R:localhost/127.0.0.1:15845]
10:01:51.283 [Forwarding clickElement on session 57e34d12d7129bd5001d659661a40cb0 to remote] DEBUG org.asynchttpclient.netty.request.NettyRequestSender - Using pooled Channel '[id: 0xeeaf9239, L:/127.0.0.1:49874 - R:localhost/127.0.0.1:15845]' for 'POST' to 'http://localhost:15845/session/57e34d12d7129bd5001d659661a40cb0/element/786b549a-05fd-42cb-9f13-80e97a4c442f/click'
10:01:51.283 [Forwarding clickElement on session 57e34d12d7129bd5001d659661a40cb0 to remote] DEBUG org.asynchttpclient.netty.request.NettyRequestSender - Using open Channel [id: 0xeeaf9239, L:/127.0.0.1:49874 - R:localhost/127.0.0.1:15845] for POST '/session/57e34d12d7129bd5001d659661a40cb0/element/786b549a-05fd-42cb-9f13-80e97a4c442f/click'
10:01:51.368 [AsyncHttpClient-1-5] DEBUG org.asynchttpclient.netty.handler.HttpHandler - 

Request DefaultHttpRequest(decodeResult: success, version: HTTP/1.1)
POST /session/57e34d12d7129bd5001d659661a40cb0/element/786b549a-05fd-42cb-9f13-80e97a4c442f/click HTTP/1.1
User-Agent: selenium/4.7.1 (java windows)
Content-Length: 50
Content-Type: application/json; charset=utf-8
host: localhost:15845
accept: */*

Response DefaultHttpResponse(decodeResult: success, version: HTTP/1.1)
HTTP/1.1 200 OK
Content-Type: application/json; charset=utf-8
cache-control: no-cache
content-length: 14

10:01:51.368 [AsyncHttpClient-1-5] DEBUG org.asynchttpclient.netty.channel.ChannelManager - Adding key: http://localhost:15845 for channel [id: 0xeeaf9239, L:/127.0.0.1:49874 - R:localhost/127.0.0.1:15845]
10:01:51.381 [Forwarding getCurrentWindowHandle on session 57e34d12d7129bd5001d659661a40cb0 to remote] DEBUG org.asynchttpclient.netty.request.NettyRequestSender - Using pooled Channel '[id: 0xeeaf9239, L:/127.0.0.1:49874 - R:localhost/127.0.0.1:15845]' for 'GET' to 'http://localhost:15845/session/57e34d12d7129bd5001d659661a40cb0/window'
10:01:51.381 [Forwarding getCurrentWindowHandle on session 57e34d12d7129bd5001d659661a40cb0 to remote] DEBUG org.asynchttpclient.netty.request.NettyRequestSender - Using open Channel [id: 0xeeaf9239, L:/127.0.0.1:49874 - R:localhost/127.0.0.1:15845] for GET '/session/57e34d12d7129bd5001d659661a40cb0/window'
10:01:51.384 [AsyncHttpClient-1-5] DEBUG org.asynchttpclient.netty.handler.HttpHandler - 

Request DefaultFullHttpRequest(decodeResult: success, version: HTTP/1.1, content: EmptyByteBufBE)
GET /session/57e34d12d7129bd5001d659661a40cb0/window HTTP/1.1
User-Agent: selenium/4.7.1 (java windows)
Cache-Control: no-cache
Content-Type: application/json; charset=utf-8
host: localhost:15845
accept: */*

Response DefaultHttpResponse(decodeResult: success, version: HTTP/1.1)
HTTP/1.1 200 OK
Content-Type: application/json; charset=utf-8
cache-control: no-cache
content-length: 44

10:01:51.385 [AsyncHttpClient-1-5] DEBUG org.asynchttpclient.netty.channel.ChannelManager - Adding key: http://localhost:15845 for channel [id: 0xeeaf9239, L:/127.0.0.1:49874 - R:localhost/127.0.0.1:15845]
10:01:51.390 [Forwarding getAlertText on session 57e34d12d7129bd5001d659661a40cb0 to remote] DEBUG org.asynchttpclient.netty.request.NettyRequestSender - Using pooled Channel '[id: 0xeeaf9239, L:/127.0.0.1:49874 - R:localhost/127.0.0.1:15845]' for 'GET' to 'http://localhost:15845/session/57e34d12d7129bd5001d659661a40cb0/alert/text'
10:01:51.391 [Forwarding getAlertText on session 57e34d12d7129bd5001d659661a40cb0 to remote] DEBUG org.asynchttpclient.netty.request.NettyRequestSender - Using open Channel [id: 0xeeaf9239, L:/127.0.0.1:49874 - R:localhost/127.0.0.1:15845] for GET '/session/57e34d12d7129bd5001d659661a40cb0/alert/text'
10:01:51.398 [AsyncHttpClient-1-5] DEBUG org.asynchttpclient.netty.handler.HttpHandler - 

Request DefaultFullHttpRequest(decodeResult: success, version: HTTP/1.1, content: EmptyByteBufBE)
GET /session/57e34d12d7129bd5001d659661a40cb0/alert/text HTTP/1.1
User-Agent: selenium/4.7.1 (java windows)
Cache-Control: no-cache
Content-Type: application/json; charset=utf-8
host: localhost:15845
accept: */*

Response DefaultHttpResponse(decodeResult: success, version: HTTP/1.1)
HTTP/1.1 404 Not Found
Content-Type: application/json; charset=utf-8
cache-control: no-cache
content-length: 821

10:01:51.398 [AsyncHttpClient-1-5] DEBUG org.asynchttpclient.netty.channel.ChannelManager - Adding key: http://localhost:15845 for channel [id: 0xeeaf9239, L:/127.0.0.1:49874 - R:localhost/127.0.0.1:15845]
10:01:51.402 [Forwarding switchToWindow on session 57e34d12d7129bd5001d659661a40cb0 to remote] DEBUG org.asynchttpclient.netty.request.NettyRequestSender - Using pooled Channel '[id: 0xeeaf9239, L:/127.0.0.1:49874 - R:localhost/127.0.0.1:15845]' for 'POST' to 'http://localhost:15845/session/57e34d12d7129bd5001d659661a40cb0/window'
10:01:51.402 [Forwarding switchToWindow on session 57e34d12d7129bd5001d659661a40cb0 to remote] DEBUG org.asynchttpclient.netty.request.NettyRequestSender - Using open Channel [id: 0xeeaf9239, L:/127.0.0.1:49874 - R:localhost/127.0.0.1:15845] for POST '/session/57e34d12d7129bd5001d659661a40cb0/window'
10:01:51.410 [AsyncHttpClient-1-5] DEBUG org.asynchttpclient.netty.handler.HttpHandler - 

Request DefaultHttpRequest(decodeResult: success, version: HTTP/1.1)
POST /session/57e34d12d7129bd5001d659661a40cb0/window HTTP/1.1
User-Agent: selenium/4.7.1 (java windows)
Content-Length: 50
Content-Type: application/json; charset=utf-8
host: localhost:15845
accept: */*

Response DefaultHttpResponse(decodeResult: success, version: HTTP/1.1)
HTTP/1.1 200 OK
Content-Type: application/json; charset=utf-8
cache-control: no-cache
content-length: 14

10:01:51.411 [AsyncHttpClient-1-5] DEBUG org.asynchttpclient.netty.channel.ChannelManager - Adding key: http://localhost:15845 for channel [id: 0xeeaf9239, L:/127.0.0.1:49874 - R:localhost/127.0.0.1:15845]
10:01:51.414 [Forwarding getCurrentUrl on session 57e34d12d7129bd5001d659661a40cb0 to remote] DEBUG org.asynchttpclient.netty.request.NettyRequestSender - Using pooled Channel '[id: 0xeeaf9239, L:/127.0.0.1:49874 - R:localhost/127.0.0.1:15845]' for 'GET' to 'http://localhost:15845/session/57e34d12d7129bd5001d659661a40cb0/url'
10:01:51.414 [Forwarding getCurrentUrl on session 57e34d12d7129bd5001d659661a40cb0 to remote] DEBUG org.asynchttpclient.netty.request.NettyRequestSender - Using open Channel [id: 0xeeaf9239, L:/127.0.0.1:49874 - R:localhost/127.0.0.1:15845] for GET '/session/57e34d12d7129bd5001d659661a40cb0/url'
10:01:51.431 [AsyncHttpClient-1-5] DEBUG org.asynchttpclient.netty.handler.HttpHandler - 

Request DefaultFullHttpRequest(decodeResult: success, version: HTTP/1.1, content: EmptyByteBufBE)
GET /session/57e34d12d7129bd5001d659661a40cb0/url HTTP/1.1
User-Agent: selenium/4.7.1 (java windows)
Cache-Control: no-cache
Content-Type: application/json; charset=utf-8
host: localhost:15845
accept: */*

Response DefaultHttpResponse(decodeResult: success, version: HTTP/1.1)
HTTP/1.1 200 OK
Content-Type: application/json; charset=utf-8
cache-control: no-cache
content-length: 51

10:01:51.431 [AsyncHttpClient-1-5] DEBUG org.asynchttpclient.netty.channel.ChannelManager - Adding key: http://localhost:15845 for channel [id: 0xeeaf9239, L:/127.0.0.1:49874 - R:localhost/127.0.0.1:15845]
10:01:51.433 [Forwarding screenshot on session 57e34d12d7129bd5001d659661a40cb0 to remote] DEBUG org.asynchttpclient.netty.request.NettyRequestSender - Using pooled Channel '[id: 0xeeaf9239, L:/127.0.0.1:49874 - R:localhost/127.0.0.1:15845]' for 'GET' to 'http://localhost:15845/session/57e34d12d7129bd5001d659661a40cb0/screenshot'
10:01:51.433 [Forwarding screenshot on session 57e34d12d7129bd5001d659661a40cb0 to remote] DEBUG org.asynchttpclient.netty.request.NettyRequestSender - Using open Channel [id: 0xeeaf9239, L:/127.0.0.1:49874 - R:localhost/127.0.0.1:15845] for GET '/session/57e34d12d7129bd5001d659661a40cb0/screenshot'
10:01:51.583 [AsyncHttpClient-1-5] DEBUG org.asynchttpclient.netty.handler.HttpHandler - 

Request DefaultFullHttpRequest(decodeResult: success, version: HTTP/1.1, content: EmptyByteBufBE)
GET /session/57e34d12d7129bd5001d659661a40cb0/screenshot HTTP/1.1
User-Agent: selenium/4.7.1 (java windows)
Cache-Control: no-cache
Content-Type: application/json; charset=utf-8
host: localhost:15845
accept: */*

Response DefaultHttpResponse(decodeResult: success, version: HTTP/1.1)
HTTP/1.1 200 OK
Content-Type: application/json; charset=utf-8
cache-control: no-cache
content-length: 29128

10:01:51.584 [AsyncHttpClient-1-5] DEBUG org.asynchttpclient.netty.channel.ChannelManager - Adding key: http://localhost:15845 for channel [id: 0xeeaf9239, L:/127.0.0.1:49874 - R:localhost/127.0.0.1:15845]
10:01:51.587 [main] DEBUG net.serenitybdd.core.photography.Darkroom - Send negative for processing for target\site\serenity\3fee8e4b35e33b182a46dfba243266d43096bc3f8a9d255e693397c5496701b1.png
10:01:51.588 [Darkroom Processing Line] DEBUG net.serenitybdd.core.photography.DarkroomProcessingLine - Processing screenshot image in /var/screenshots/screenshot-11237848859532848505
10:01:51.588 [main] DEBUG net.thucydides.core.steps.StepInterceptor - STEP DONE: klikButtonLoginKedua
10:01:51.588 [Darkroom Processing Line] DEBUG net.serenitybdd.core.photography.DarkroomProcessingLine - Saving screenshot to target\site\serenity\3fee8e4b35e33b182a46dfba243266d43096bc3f8a9d255e693397c5496701b1.png
  &amp#27;[32mThen &amp#27;[0m&amp#27;[32muser klik button login yang kedua&amp#27;[0m    &amp#27;[90m# starter.stepdefinitions.LoginRegisterSteps.userKlikButtonLoginYangKedua()&amp#27;[0m
10:01:51.608 [main] DEBUG net.thucydides.core.steps.StepInterceptor - STARTING STEP: LoginRegisterSteps.userKembaliDiHomepageAltaShop - menujuHomepageKembali
10:01:51.611 [Forwarding findElement on session 57e34d12d7129bd5001d659661a40cb0 to remote] DEBUG org.asynchttpclient.netty.request.NettyRequestSender - Using pooled Channel '[id: 0xeeaf9239, L:/127.0.0.1:49874 - R:localhost/127.0.0.1:15845]' for 'POST' to 'http://localhost:15845/session/57e34d12d7129bd5001d659661a40cb0/element'
10:01:51.611 [Forwarding findElement on session 57e34d12d7129bd5001d659661a40cb0 to remote] DEBUG org.asynchttpclient.netty.request.NettyRequestSender - Using open Channel [id: 0xeeaf9239, L:/127.0.0.1:49874 - R:localhost/127.0.0.1:15845] for POST '/session/57e34d12d7129bd5001d659661a40cb0/element'
10:01:51.630 [AsyncHttpClient-1-5] DEBUG org.asynchttpclient.netty.handler.HttpHandler - 

Request DefaultHttpRequest(decodeResult: success, version: HTTP/1.1)
POST /session/57e34d12d7129bd5001d659661a40cb0/element HTTP/1.1
User-Agent: selenium/4.7.1 (java windows)
Content-Length: 81
Content-Type: application/json; charset=utf-8
host: localhost:15845
accept: */*

Response DefaultHttpResponse(decodeResult: success, version: HTTP/1.1)
HTTP/1.1 200 OK
Content-Type: application/json; charset=utf-8
cache-control: no-cache
content-length: 88

10:01:51.631 [AsyncHttpClient-1-5] DEBUG org.asynchttpclient.netty.channel.ChannelManager - Adding key: http://localhost:15845 for channel [id: 0xeeaf9239, L:/127.0.0.1:49874 - R:localhost/127.0.0.1:15845]
10:01:51.635 [Forwarding isElementDisplayed on session 57e34d12d7129bd5001d659661a40cb0 to remote] DEBUG org.asynchttpclient.netty.request.NettyRequestSender - Using pooled Channel '[id: 0xeeaf9239, L:/127.0.0.1:49874 - R:localhost/127.0.0.1:15845]' for 'POST' to 'http://localhost:15845/session/57e34d12d7129bd5001d659661a40cb0/execute/sync'
10:01:51.635 [Forwarding isElementDisplayed on session 57e34d12d7129bd5001d659661a40cb0 to remote] DEBUG org.asynchttpclient.netty.request.NettyRequestSender - Using open Channel [id: 0xeeaf9239, L:/127.0.0.1:49874 - R:localhost/127.0.0.1:15845] for POST '/session/57e34d12d7129bd5001d659661a40cb0/execute/sync'
10:01:51.651 [AsyncHttpClient-1-5] DEBUG org.asynchttpclient.netty.handler.HttpHandler - 

Request DefaultHttpRequest(decodeResult: success, version: HTTP/1.1)
POST /session/57e34d12d7129bd5001d659661a40cb0/execute/sync HTTP/1.1
User-Agent: selenium/4.7.1 (java windows)
Content-Length: 48780
Content-Type: application/json; charset=utf-8
host: localhost:15845
accept: */*

Response DefaultHttpResponse(decodeResult: success, version: HTTP/1.1)
HTTP/1.1 200 OK
Content-Type: application/json; charset=utf-8
cache-control: no-cache
content-length: 14

10:01:51.651 [AsyncHttpClient-1-5] DEBUG org.asynchttpclient.netty.channel.ChannelManager - Adding key: http://localhost:15845 for channel [id: 0xeeaf9239, L:/127.0.0.1:49874 - R:localhost/127.0.0.1:15845]
10:01:51.660 [Forwarding getCurrentWindowHandle on session 57e34d12d7129bd5001d659661a40cb0 to remote] DEBUG org.asynchttpclient.netty.request.NettyRequestSender - Using pooled Channel '[id: 0xeeaf9239, L:/127.0.0.1:49874 - R:localhost/127.0.0.1:15845]' for 'GET' to 'http://localhost:15845/session/57e34d12d7129bd5001d659661a40cb0/window'
10:01:51.660 [Forwarding getCurrentWindowHandle on session 57e34d12d7129bd5001d659661a40cb0 to remote] DEBUG org.asynchttpclient.netty.request.NettyRequestSender - Using open Channel [id: 0xeeaf9239, L:/127.0.0.1:49874 - R:localhost/127.0.0.1:15845] for GET '/session/57e34d12d7129bd5001d659661a40cb0/window'
10:01:51.662 [AsyncHttpClient-1-5] DEBUG org.asynchttpclient.netty.handler.HttpHandler - 

Request DefaultFullHttpRequest(decodeResult: success, version: HTTP/1.1, content: EmptyByteBufBE)
GET /session/57e34d12d7129bd5001d659661a40cb0/window HTTP/1.1
User-Agent: selenium/4.7.1 (java windows)
Cache-Control: no-cache
Content-Type: application/json; charset=utf-8
host: localhost:15845
accept: */*

Response DefaultHttpResponse(decodeResult: success, version: HTTP/1.1)
HTTP/1.1 200 OK
Content-Type: application/json; charset=utf-8
cache-control: no-cache
content-length: 44

10:01:51.662 [AsyncHttpClient-1-5] DEBUG org.asynchttpclient.netty.channel.ChannelManager - Adding key: http://localhost:15845 for channel [id: 0xeeaf9239, L:/127.0.0.1:49874 - R:localhost/127.0.0.1:15845]
10:01:51.664 [Forwarding getAlertText on session 57e34d12d7129bd5001d659661a40cb0 to remote] DEBUG org.asynchttpclient.netty.request.NettyRequestSender - Using pooled Channel '[id: 0xeeaf9239, L:/127.0.0.1:49874 - R:localhost/127.0.0.1:15845]' for 'GET' to 'http://localhost:15845/session/57e34d12d7129bd5001d659661a40cb0/alert/text'
10:01:51.664 [Forwarding getAlertText on session 57e34d12d7129bd5001d659661a40cb0 to remote] DEBUG org.asynchttpclient.netty.request.NettyRequestSender - Using open Channel [id: 0xeeaf9239, L:/127.0.0.1:49874 - R:localhost/127.0.0.1:15845] for GET '/session/57e34d12d7129bd5001d659661a40cb0/alert/text'
10:01:51.667 [AsyncHttpClient-1-5] DEBUG org.asynchttpclient.netty.handler.HttpHandler - 

Request DefaultFullHttpRequest(decodeResult: success, version: HTTP/1.1, content: EmptyByteBufBE)
GET /session/57e34d12d7129bd5001d659661a40cb0/alert/text HTTP/1.1
User-Agent: selenium/4.7.1 (java windows)
Cache-Control: no-cache
Content-Type: application/json; charset=utf-8
host: localhost:15845
accept: */*

Response DefaultHttpResponse(decodeResult: success, version: HTTP/1.1)
HTTP/1.1 404 Not Found
Content-Type: application/json; charset=utf-8
cache-control: no-cache
content-length: 821

10:01:51.668 [AsyncHttpClient-1-5] DEBUG org.asynchttpclient.netty.channel.ChannelManager - Adding key: http://localhost:15845 for channel [id: 0xeeaf9239, L:/127.0.0.1:49874 - R:localhost/127.0.0.1:15845]
10:01:51.672 [Forwarding switchToWindow on session 57e34d12d7129bd5001d659661a40cb0 to remote] DEBUG org.asynchttpclient.netty.request.NettyRequestSender - Using pooled Channel '[id: 0xeeaf9239, L:/127.0.0.1:49874 - R:localhost/127.0.0.1:15845]' for 'POST' to 'http://localhost:15845/session/57e34d12d7129bd5001d659661a40cb0/window'
10:01:51.673 [Forwarding switchToWindow on session 57e34d12d7129bd5001d659661a40cb0 to remote] DEBUG org.asynchttpclient.netty.request.NettyRequestSender - Using open Channel [id: 0xeeaf9239, L:/127.0.0.1:49874 - R:localhost/127.0.0.1:15845] for POST '/session/57e34d12d7129bd5001d659661a40cb0/window'
10:01:51.678 [AsyncHttpClient-1-5] DEBUG org.asynchttpclient.netty.handler.HttpHandler - 

Request DefaultHttpRequest(decodeResult: success, version: HTTP/1.1)
POST /session/57e34d12d7129bd5001d659661a40cb0/window HTTP/1.1
User-Agent: selenium/4.7.1 (java windows)
Content-Length: 50
Content-Type: application/json; charset=utf-8
host: localhost:15845
accept: */*

Response DefaultHttpResponse(decodeResult: success, version: HTTP/1.1)
HTTP/1.1 200 OK
Content-Type: application/json; charset=utf-8
cache-control: no-cache
content-length: 14

10:01:51.678 [AsyncHttpClient-1-5] DEBUG org.asynchttpclient.netty.channel.ChannelManager - Adding key: http://localhost:15845 for channel [id: 0xeeaf9239, L:/127.0.0.1:49874 - R:localhost/127.0.0.1:15845]
10:01:51.680 [Forwarding getCurrentUrl on session 57e34d12d7129bd5001d659661a40cb0 to remote] DEBUG org.asynchttpclient.netty.request.NettyRequestSender - Using pooled Channel '[id: 0xeeaf9239, L:/127.0.0.1:49874 - R:localhost/127.0.0.1:15845]' for 'GET' to 'http://localhost:15845/session/57e34d12d7129bd5001d659661a40cb0/url'
10:01:51.680 [Forwarding getCurrentUrl on session 57e34d12d7129bd5001d659661a40cb0 to remote] DEBUG org.asynchttpclient.netty.request.NettyRequestSender - Using open Channel [id: 0xeeaf9239, L:/127.0.0.1:49874 - R:localhost/127.0.0.1:15845] for GET '/session/57e34d12d7129bd5001d659661a40cb0/url'
10:01:51.688 [AsyncHttpClient-1-5] DEBUG org.asynchttpclient.netty.handler.HttpHandler - 

Request DefaultFullHttpRequest(decodeResult: success, version: HTTP/1.1, content: EmptyByteBufBE)
GET /session/57e34d12d7129bd5001d659661a40cb0/url HTTP/1.1
User-Agent: selenium/4.7.1 (java windows)
Cache-Control: no-cache
Content-Type: application/json; charset=utf-8
host: localhost:15845
accept: */*

Response DefaultHttpResponse(decodeResult: success, version: HTTP/1.1)
HTTP/1.1 200 OK
Content-Type: application/json; charset=utf-8
cache-control: no-cache
content-length: 51

10:01:51.689 [AsyncHttpClient-1-5] DEBUG org.asynchttpclient.netty.channel.ChannelManager - Adding key: http://localhost:15845 for channel [id: 0xeeaf9239, L:/127.0.0.1:49874 - R:localhost/127.0.0.1:15845]
10:01:51.691 [Forwarding screenshot on session 57e34d12d7129bd5001d659661a40cb0 to remote] DEBUG org.asynchttpclient.netty.request.NettyRequestSender - Using pooled Channel '[id: 0xeeaf9239, L:/127.0.0.1:49874 - R:localhost/127.0.0.1:15845]' for 'GET' to 'http://localhost:15845/session/57e34d12d7129bd5001d659661a40cb0/screenshot'
10:01:51.691 [Forwarding screenshot on session 57e34d12d7129bd5001d659661a40cb0 to remote] DEBUG org.asynchttpclient.netty.request.NettyRequestSender - Using open Channel [id: 0xeeaf9239, L:/127.0.0.1:49874 - R:localhost/127.0.0.1:15845] for GET '/session/57e34d12d7129bd5001d659661a40cb0/screenshot'
10:01:52.065 [AsyncHttpClient-1-1] DEBUG org.asynchttpclient.netty.channel.DefaultChannelPool - Entry count for : http://localhost:49875 : 1
10:01:53.138 [AsyncHttpClient-1-5] DEBUG org.asynchttpclient.netty.handler.HttpHandler - 

Request DefaultFullHttpRequest(decodeResult: success, version: HTTP/1.1, content: EmptyByteBufBE)
GET /session/57e34d12d7129bd5001d659661a40cb0/screenshot HTTP/1.1
User-Agent: selenium/4.7.1 (java windows)
Cache-Control: no-cache
Content-Type: application/json; charset=utf-8
host: localhost:15845
accept: */*

Response DefaultHttpResponse(decodeResult: success, version: HTTP/1.1)
HTTP/1.1 200 OK
Content-Type: application/json; charset=utf-8
cache-control: no-cache
content-length: 27624

10:01:53.139 [AsyncHttpClient-1-5] DEBUG org.asynchttpclient.netty.channel.ChannelManager - Adding key: http://localhost:15845 for channel [id: 0xeeaf9239, L:/127.0.0.1:49874 - R:localhost/127.0.0.1:15845]
10:01:53.148 [main] DEBUG net.serenitybdd.core.photography.Darkroom - Send negative for processing for target\site\serenity\c1da5cf06b78651e86cbee21e70285e3dc114e3691a984eae79d5b7ed322ba49.png
10:01:53.149 [main] DEBUG net.thucydides.core.steps.StepInterceptor - STEP DONE: menujuHomepageKembali
10:01:53.149 [Darkroom Processing Line] DEBUG net.serenitybdd.core.photography.DarkroomProcessingLine - Processing screenshot image in /var/screenshots/screenshot-6013278012258425835
10:01:53.149 [Darkroom Processing Line] DEBUG net.serenitybdd.core.photography.DarkroomProcessingLine - Saving screenshot to target\site\serenity\c1da5cf06b78651e86cbee21e70285e3dc114e3691a984eae79d5b7ed322ba49.png
  &amp#27;[32mAnd &amp#27;[0m&amp#27;[32muser kembali di homepage AltaShop&amp#27;[0m     &amp#27;[90m# starter.stepdefinitions.LoginRegisterSteps.userKembaliDiHomepageAltaShop()&amp#27;[0m
10:01:53.168 [main] INFO  - 
  _____   ___   ___   _____     ___     _     ___   ___   ___   ___  
 |_   _| | __| / __| |_   _|   | _ \   /_\   / __| / __| | __| |   \ 
   | |   | _|  \__ \   | |     |  _/  / _ \  \__ \ \__ \ | _|  | |) |
   |_|   |___| |___/   |_|     |_|   /_/ \_\ |___/ |___/ |___| |___/ 

user bisa login dengan data valid
----------------------------------------------------------------------
10:01:53.170 [AsyncHttpClient-1-1] DEBUG org.asynchttpclient.netty.channel.DefaultChannelPool - Entry count for : http://localhost:15845 : 1
10:01:53.170 [AsyncHttpClient-1-1] DEBUG org.asynchttpclient.netty.channel.DefaultChannelPool - Entry count for : http://localhost:49875 : 1
10:01:53.177 [AsyncHttpClient-1-7] DEBUG org.asynchttpclient.netty.handler.WebSocketHandler - Unexpected I/O exception on channel [id: 0x6d1046dd, L:/127.0.0.1:49883 - R:localhost/127.0.0.1:49875]
java.io.IOException: An established connection was aborted by the software in your host machine
	at java.base/sun.nio.ch.SocketDispatcher.read0(Native Method)
	at java.base/sun.nio.ch.SocketDispatcher.read(SocketDispatcher.java:46)
	at java.base/sun.nio.ch.IOUtil.readIntoNativeBuffer(IOUtil.java:339)
	at java.base/sun.nio.ch.IOUtil.read(IOUtil.java:293)
	at java.base/sun.nio.ch.IOUtil.read(IOUtil.java:268)
	at java.base/sun.nio.ch.SocketChannelImpl.read(SocketChannelImpl.java:425)
	at io.netty.buffer.PooledByteBuf.setBytes(PooledByteBuf.java:259)
	at io.netty.buffer.AbstractByteBuf.writeBytes(AbstractByteBuf.java:1132)
	at io.netty.channel.socket.nio.NioSocketChannel.doReadBytes(NioSocketChannel.java:357)
	at io.netty.channel.nio.AbstractNioByteChannel$NioByteUnsafe.read(AbstractNioByteChannel.java:151)
	at io.netty.channel.nio.NioEventLoop.processSelectedKey(NioEventLoop.java:788)
	at io.netty.channel.nio.NioEventLoop.processSelectedKeysOptimized(NioEventLoop.java:724)
	at io.netty.channel.nio.NioEventLoop.processSelectedKeys(NioEventLoop.java:650)
	at io.netty.channel.nio.NioEventLoop.run(NioEventLoop.java:562)
	at io.netty.util.concurrent.SingleThreadEventExecutor$4.run(SingleThreadEventExecutor.java:997)
	at io.netty.util.internal.ThreadExecutorMap$2.run(ThreadExecutorMap.java:74)
	at io.netty.util.concurrent.FastThreadLocalRunnable.run(FastThreadLocalRunnable.java:30)
	at java.base/java.lang.Thread.run(Thread.java:1589)
10:01:53.179 [AsyncHttpClient-1-7] DEBUG org.asynchttpclient.netty.handler.WebSocketHandler - Trying to recover from dead Channel: [id: 0x6d1046dd, L:/127.0.0.1:49883 - R:localhost/127.0.0.1:49875]
10:01:53.180 [AsyncHttpClient-1-7] DEBUG org.asynchttpclient.netty.handler.WebSocketHandler - Channel Closed: [id: 0x6d1046dd, L:/127.0.0.1:49883 ! R:localhost/127.0.0.1:49875] with attribute NettyResponseFuture{currentRetry=0,
	isDone=1,
	isCancelled=0,
	asyncHandler=org.asynchttpclient.ws.WebSocketUpgradeHandler@4373ec5c,
	nettyRequest=org.asynchttpclient.netty.request.NettyRequest@3dd5261f,
	future=java.util.concurrent.CompletableFuture@126445e5[Completed normally],
	uri=ws://localhost:49875/devtools/browser/a07d02d5-ac73-4f99-839f-d629d6aeee69,
	keepAlive=true,
	redirectCount=0,
	timeoutsHolder=null,
	inAuth=0,
	touch=1683514913178}
10:01:53.180 [AsyncHttpClient-1-7] DEBUG org.asynchttpclient.netty.channel.ChannelManager - Closing Channel [id: 0x6d1046dd, L:/127.0.0.1:49883 ! R:localhost/127.0.0.1:49875] 
10:01:53.180 [Driver Command Executor] DEBUG org.asynchttpclient.netty.request.NettyRequestSender - Using pooled Channel '[id: 0xeeaf9239, L:/127.0.0.1:49874 - R:localhost/127.0.0.1:15845]' for 'DELETE' to 'http://localhost:15845/session/57e34d12d7129bd5001d659661a40cb0'
10:01:53.180 [Driver Command Executor] DEBUG org.asynchttpclient.netty.request.NettyRequestSender - Using open Channel [id: 0xeeaf9239, L:/127.0.0.1:49874 - R:localhost/127.0.0.1:15845] for DELETE '/session/57e34d12d7129bd5001d659661a40cb0'
10:01:53.476 [AsyncHttpClient-1-6] DEBUG org.asynchttpclient.netty.handler.HttpHandler - Unexpected I/O exception on channel [id: 0x2fdf6803, L:/127.0.0.1:49882 - R:localhost/127.0.0.1:49875]
java.net.SocketException: Connection reset
	at java.base/sun.nio.ch.SocketChannelImpl.throwConnectionReset(SocketChannelImpl.java:401)
	at java.base/sun.nio.ch.SocketChannelImpl.read(SocketChannelImpl.java:434)
	at io.netty.buffer.PooledByteBuf.setBytes(PooledByteBuf.java:259)
	at io.netty.buffer.AbstractByteBuf.writeBytes(AbstractByteBuf.java:1132)
	at io.netty.channel.socket.nio.NioSocketChannel.doReadBytes(NioSocketChannel.java:357)
	at io.netty.channel.nio.AbstractNioByteChannel$NioByteUnsafe.read(AbstractNioByteChannel.java:151)
	at io.netty.channel.nio.NioEventLoop.processSelectedKey(NioEventLoop.java:788)
	at io.netty.channel.nio.NioEventLoop.processSelectedKeysOptimized(NioEventLoop.java:724)
	at io.netty.channel.nio.NioEventLoop.processSelectedKeys(NioEventLoop.java:650)
	at io.netty.channel.nio.NioEventLoop.run(NioEventLoop.java:562)
	at io.netty.util.concurrent.SingleThreadEventExecutor$4.run(SingleThreadEventExecutor.java:997)
	at io.netty.util.internal.ThreadExecutorMap$2.run(ThreadExecutorMap.java:74)
	at io.netty.util.concurrent.FastThreadLocalRunnable.run(FastThreadLocalRunnable.java:30)
	at java.base/java.lang.Thread.run(Thread.java:1589)
10:01:53.476 [AsyncHttpClient-1-6] DEBUG org.asynchttpclient.netty.channel.ChannelManager - Closing Channel [id: 0x2fdf6803, L:/127.0.0.1:49882 - R:localhost/127.0.0.1:49875] 
10:01:53.476 [AsyncHttpClient-1-6] DEBUG org.asynchttpclient.netty.handler.HttpHandler - Channel Closed: [id: 0x2fdf6803, L:/127.0.0.1:49882 ! R:localhost/127.0.0.1:49875] with attribute DISCARD
10:01:53.511 [AsyncHttpClient-1-5] DEBUG org.asynchttpclient.netty.handler.HttpHandler - 

Request DefaultFullHttpRequest(decodeResult: success, version: HTTP/1.1, content: EmptyByteBufBE)
DELETE /session/57e34d12d7129bd5001d659661a40cb0 HTTP/1.1
User-Agent: selenium/4.7.1 (java windows)
Content-Type: application/json; charset=utf-8
host: localhost:15845
accept: */*

Response DefaultHttpResponse(decodeResult: success, version: HTTP/1.1)
HTTP/1.1 200 OK
Content-Type: application/json; charset=utf-8
cache-control: no-cache
content-length: 14

10:01:53.512 [AsyncHttpClient-1-5] DEBUG org.asynchttpclient.netty.channel.ChannelManager - Adding key: http://localhost:15845 for channel [id: 0xeeaf9239, L:/127.0.0.1:49874 - R:localhost/127.0.0.1:15845]
10:01:53.643 [AsyncHttpClient-1-5] DEBUG org.asynchttpclient.netty.handler.HttpHandler - Channel Closed: [id: 0xeeaf9239, L:/127.0.0.1:49874 ! R:localhost/127.0.0.1:15845] with attribute DISCARD
]]></system-out>
    <system-err><![CDATA[Starting ChromeDriver 112.0.5615.49 (bd2a7bcb881c11e8cfe3078709382934e3916914-refs/branch-heads/5615@{#936}) on port 15845
Only local connections are allowed.
Please see https://chromedriver.chromium.org/security-considerations for suggestions on keeping ChromeDriver safe.
ChromeDriver was started successfully.
May 08, 2023 10:01:45 AM org.openqa.selenium.devtools.CdpVersionFinder findNearestMatch
WARNING: Unable to find an exact match for CDP version 112, so returning the closest version found: 108
]]></system-err>
  </testcase>
  <testcase name="user tidak bisa login karena menggunakan password yang salah" classname="login" time="9.968">
    <system-out><![CDATA[
@AS03-negative
Scenario: user tidak bisa login karena menggunakan password yang salah &amp#27;[90m# src/test/resources/features/1. Login.feature:23&amp#27;[0m
10:01:53.762 [main] INFO io.cucumber.core.plugin.SerenityReporter - Running feature from file:///C:/Users/HP/Downloads/Mini-Project-QA/ALTASHOP%20WEB%20AUTOMATION/src/test/resources/features/1.%20Login.feature
10:01:53.768 [main] INFO  - 
  _____   ___   ___   _____     ___   _____     _     ___   _____   ___   ___  
 |_   _| | __| / __| |_   _|   / __| |_   _|   /_\   | _ \ |_   _| | __| |   \ 
   | |   | _|  \__ \   | |     \__ \   | |    / _ \  |   /   | |   | _|  | |) |
   |_|   |___| |___/   |_|     |___/   |_|   /_/ \_\ |_|_\   |_|   |___| |___/ 

user tidak bisa login karena menggunakan password yang salah(login;user-tidak-bisa-login-karena-menggunakan-password-yang-salah)
--------------------------------------------------------------------------------
10:01:53.853 [main] DEBUG net.thucydides.core.steps.StepInterceptor - STARTING STEP: LoginRegisterSteps.userBeradaDiHomepageAlta - diHomepageAltaShop
10:01:53.954 [main] INFO net.serenitybdd.core.webdriver.driverproviders.ChromeDriverProvider - Starting Chrome driver instance with capabilities:
10:01:53.955 [main] INFO net.serenitybdd.core.webdriver.driverproviders.ChromeDriverProvider - Capabilities {acceptInsecureCerts: true, browserName: chrome, goog:chromeOptions: {args: [remote-allow-origins=*, test-type, no-sandbox, ignore-certificate-errors, start-maximized, incognito, disable-infobars, disable-gpu, disable-default-apps, disable-popup-blocking, remote-allow-origins=*, test-type, no-sandbox, ignore-certificate-errors, start-maximized, incognito, disable-infobars, disable-gpu, disable-default-apps, disable-popup-blocking], extensions: []}}
10:01:54.268 [AsyncHttpClient-1-1] DEBUG org.asynchttpclient.netty.channel.DefaultChannelPool - Entry count for : http://localhost:15845 : 1
10:01:54.268 [AsyncHttpClient-1-1] DEBUG org.asynchttpclient.netty.channel.DefaultChannelPool - Entry count for : http://localhost:49875 : 1
10:01:54.269 [AsyncHttpClient-1-1] DEBUG org.asynchttpclient.netty.channel.DefaultChannelPool - Adding Candidate expired Channel [id: 0xeeaf9239, L:/127.0.0.1:49874 ! R:localhost/127.0.0.1:15845] isIdleTimeoutExpired=false isRemotelyClosed=true isTtlExpired=false
10:01:54.269 [AsyncHttpClient-1-1] DEBUG org.asynchttpclient.netty.channel.DefaultChannelPool - Closing Idle Channel [id: 0xeeaf9239, L:/127.0.0.1:49874 ! R:localhost/127.0.0.1:15845]
10:01:54.269 [AsyncHttpClient-1-1] DEBUG org.asynchttpclient.netty.channel.DefaultChannelPool - Adding Candidate expired Channel [id: 0x2fdf6803, L:/127.0.0.1:49882 ! R:localhost/127.0.0.1:49875] isIdleTimeoutExpired=false isRemotelyClosed=true isTtlExpired=false
10:01:54.269 [AsyncHttpClient-1-1] DEBUG org.asynchttpclient.netty.channel.DefaultChannelPool - Closing Idle Channel [id: 0x2fdf6803, L:/127.0.0.1:49882 ! R:localhost/127.0.0.1:49875]
10:01:54.269 [AsyncHttpClient-1-1] DEBUG org.asynchttpclient.netty.channel.DefaultChannelPool - Closed 2 connections out of 2 in 1 ms
10:01:54.292 [AsyncHttpClient-1-8] DEBUG org.asynchttpclient.netty.channel.NettyConnectListener - Using new Channel '[id: 0x8d1c952f, L:/127.0.0.1:49904 - R:localhost/127.0.0.1:21769]' for 'POST' to '/session'
10:01:56.650 [AsyncHttpClient-1-8] DEBUG org.asynchttpclient.netty.handler.HttpHandler - 

Request DefaultHttpRequest(decodeResult: success, version: HTTP/1.1)
POST /session HTTP/1.1
User-Agent: selenium/4.7.1 (java windows)
Content-Length: 1629
Content-Type: application/json; charset=utf-8
host: localhost:21769
accept: */*

Response DefaultHttpResponse(decodeResult: success, version: HTTP/1.1)
HTTP/1.1 200 OK
Content-Type: application/json; charset=utf-8
cache-control: no-cache
content-length: 855

10:01:56.650 [AsyncHttpClient-1-8] DEBUG org.asynchttpclient.netty.channel.ChannelManager - Adding key: http://localhost:21769 for channel [id: 0x8d1c952f, L:/127.0.0.1:49904 - R:localhost/127.0.0.1:21769]
10:01:56.671 [AsyncHttpClient-1-9] DEBUG org.asynchttpclient.netty.channel.NettyConnectListener - Using new Channel '[id: 0x35aab4c8, L:/127.0.0.1:49911 - R:localhost/127.0.0.1:49905]' for 'GET' to '/json/version'
10:01:56.680 [AsyncHttpClient-1-9] DEBUG org.asynchttpclient.netty.handler.HttpHandler - 

Request DefaultFullHttpRequest(decodeResult: success, version: HTTP/1.1, content: EmptyByteBufBE)
GET /json/version HTTP/1.1
User-Agent: selenium/4.7.1 (java windows)
host: localhost:49905
accept: */*

Response DefaultHttpResponse(decodeResult: success, version: HTTP/1.1)
HTTP/1.1 200 OK
Content-Security-Policy: frame-ancestors 'none'
Content-Type: application/json; charset=UTF-8
content-length: 424

10:01:56.681 [AsyncHttpClient-1-9] DEBUG org.asynchttpclient.netty.channel.ChannelManager - Adding key: http://localhost:49905 for channel [id: 0x35aab4c8, L:/127.0.0.1:49911 - R:localhost/127.0.0.1:49905]
10:01:56.698 [AsyncHttpClient-1-10] DEBUG org.asynchttpclient.netty.channel.NettyConnectListener - Using new Channel '[id: 0x46bbff61, L:/127.0.0.1:49912 - R:localhost/127.0.0.1:49905]' for 'GET' to '/devtools/browser/a92ea8bc-e611-4344-9dc9-0bd45f0ffc12'
10:01:56.707 [AsyncHttpClient-1-10] DEBUG org.asynchttpclient.netty.handler.WebSocketHandler - 

Request DefaultFullHttpRequest(decodeResult: success, version: HTTP/1.1, content: EmptyByteBufBE)
GET /devtools/browser/a92ea8bc-e611-4344-9dc9-0bd45f0ffc12 HTTP/1.1
upgrade: websocket
connection: upgrade
sec-websocket-key: V8sIYlHFGAmWL94SvHnHFw==
sec-websocket-version: 13
origin: http://localhost:49905
host: localhost:49905
accept: */*
user-agent: AHC/2.1

Response DefaultHttpResponse(decodeResult: success, version: HTTP/1.1)
HTTP/1.1 101 WebSocket Protocol Handshake
Upgrade: WebSocket
Connection: Upgrade
Sec-WebSocket-Accept: IA3TNTv+YS0GhcNEPuW1LI+wUnQ=

10:01:56.732 [Forwarding get on session 9f96ffc4fc4ea4d2bd4fa9b98009ef77 to remote] DEBUG org.asynchttpclient.netty.request.NettyRequestSender - Using pooled Channel '[id: 0x8d1c952f, L:/127.0.0.1:49904 - R:localhost/127.0.0.1:21769]' for 'POST' to 'http://localhost:21769/session/9f96ffc4fc4ea4d2bd4fa9b98009ef77/url'
10:01:56.734 [Forwarding get on session 9f96ffc4fc4ea4d2bd4fa9b98009ef77 to remote] DEBUG org.asynchttpclient.netty.request.NettyRequestSender - Using open Channel [id: 0x8d1c952f, L:/127.0.0.1:49904 - R:localhost/127.0.0.1:21769] for POST '/session/9f96ffc4fc4ea4d2bd4fa9b98009ef77/url'
10:01:57.565 [AsyncHttpClient-1-1] DEBUG org.asynchttpclient.netty.channel.DefaultChannelPool - Entry count for : http://localhost:49905 : 1
10:01:57.884 [AsyncHttpClient-1-8] DEBUG org.asynchttpclient.netty.handler.HttpHandler - 

Request DefaultHttpRequest(decodeResult: success, version: HTTP/1.1)
POST /session/9f96ffc4fc4ea4d2bd4fa9b98009ef77/url HTTP/1.1
User-Agent: selenium/4.7.1 (java windows)
Content-Length: 59
Content-Type: application/json; charset=utf-8
host: localhost:21769
accept: */*

Response DefaultHttpResponse(decodeResult: success, version: HTTP/1.1)
HTTP/1.1 200 OK
Content-Type: application/json; charset=utf-8
cache-control: no-cache
content-length: 14

10:01:57.885 [AsyncHttpClient-1-8] DEBUG org.asynchttpclient.netty.channel.ChannelManager - Adding key: http://localhost:21769 for channel [id: 0x8d1c952f, L:/127.0.0.1:49904 - R:localhost/127.0.0.1:21769]
10:01:57.892 [Forwarding setTimeout on session 9f96ffc4fc4ea4d2bd4fa9b98009ef77 to remote] DEBUG org.asynchttpclient.netty.request.NettyRequestSender - Using pooled Channel '[id: 0x8d1c952f, L:/127.0.0.1:49904 - R:localhost/127.0.0.1:21769]' for 'POST' to 'http://localhost:21769/session/9f96ffc4fc4ea4d2bd4fa9b98009ef77/timeouts'
10:01:57.892 [Forwarding setTimeout on session 9f96ffc4fc4ea4d2bd4fa9b98009ef77 to remote] DEBUG org.asynchttpclient.netty.request.NettyRequestSender - Using open Channel [id: 0x8d1c952f, L:/127.0.0.1:49904 - R:localhost/127.0.0.1:21769] for POST '/session/9f96ffc4fc4ea4d2bd4fa9b98009ef77/timeouts'
10:01:57.901 [AsyncHttpClient-1-8] DEBUG org.asynchttpclient.netty.handler.HttpHandler - 

Request DefaultHttpRequest(decodeResult: success, version: HTTP/1.1)
POST /session/9f96ffc4fc4ea4d2bd4fa9b98009ef77/timeouts HTTP/1.1
User-Agent: selenium/4.7.1 (java windows)
Content-Length: 22
Content-Type: application/json; charset=utf-8
host: localhost:21769
accept: */*

Response DefaultHttpResponse(decodeResult: success, version: HTTP/1.1)
HTTP/1.1 200 OK
Content-Type: application/json; charset=utf-8
cache-control: no-cache
content-length: 14

10:01:57.901 [AsyncHttpClient-1-8] DEBUG org.asynchttpclient.netty.channel.ChannelManager - Adding key: http://localhost:21769 for channel [id: 0x8d1c952f, L:/127.0.0.1:49904 - R:localhost/127.0.0.1:21769]
10:01:57.912 [Forwarding getCurrentUrl on session 9f96ffc4fc4ea4d2bd4fa9b98009ef77 to remote] DEBUG org.asynchttpclient.netty.request.NettyRequestSender - Using pooled Channel '[id: 0x8d1c952f, L:/127.0.0.1:49904 - R:localhost/127.0.0.1:21769]' for 'GET' to 'http://localhost:21769/session/9f96ffc4fc4ea4d2bd4fa9b98009ef77/url'
10:01:57.912 [Forwarding getCurrentUrl on session 9f96ffc4fc4ea4d2bd4fa9b98009ef77 to remote] DEBUG org.asynchttpclient.netty.request.NettyRequestSender - Using open Channel [id: 0x8d1c952f, L:/127.0.0.1:49904 - R:localhost/127.0.0.1:21769] for GET '/session/9f96ffc4fc4ea4d2bd4fa9b98009ef77/url'
10:01:58.664 [AsyncHttpClient-1-1] DEBUG org.asynchttpclient.netty.channel.DefaultChannelPool - Entry count for : http://localhost:49905 : 1
10:01:59.773 [AsyncHttpClient-1-1] DEBUG org.asynchttpclient.netty.channel.DefaultChannelPool - Entry count for : http://localhost:49905 : 1
10:02:00.221 [AsyncHttpClient-1-8] DEBUG org.asynchttpclient.netty.handler.HttpHandler - 

Request DefaultFullHttpRequest(decodeResult: success, version: HTTP/1.1, content: EmptyByteBufBE)
GET /session/9f96ffc4fc4ea4d2bd4fa9b98009ef77/url HTTP/1.1
User-Agent: selenium/4.7.1 (java windows)
Cache-Control: no-cache
Content-Type: application/json; charset=utf-8
host: localhost:21769
accept: */*

Response DefaultHttpResponse(decodeResult: success, version: HTTP/1.1)
HTTP/1.1 200 OK
Content-Type: application/json; charset=utf-8
cache-control: no-cache
content-length: 41

10:02:00.222 [AsyncHttpClient-1-8] DEBUG org.asynchttpclient.netty.channel.ChannelManager - Adding key: http://localhost:21769 for channel [id: 0x8d1c952f, L:/127.0.0.1:49904 - R:localhost/127.0.0.1:21769]
10:02:00.226 [Forwarding getCurrentUrl on session 9f96ffc4fc4ea4d2bd4fa9b98009ef77 to remote] DEBUG org.asynchttpclient.netty.request.NettyRequestSender - Using pooled Channel '[id: 0x8d1c952f, L:/127.0.0.1:49904 - R:localhost/127.0.0.1:21769]' for 'GET' to 'http://localhost:21769/session/9f96ffc4fc4ea4d2bd4fa9b98009ef77/url'
10:02:00.226 [Forwarding getCurrentUrl on session 9f96ffc4fc4ea4d2bd4fa9b98009ef77 to remote] DEBUG org.asynchttpclient.netty.request.NettyRequestSender - Using open Channel [id: 0x8d1c952f, L:/127.0.0.1:49904 - R:localhost/127.0.0.1:21769] for GET '/session/9f96ffc4fc4ea4d2bd4fa9b98009ef77/url'
10:02:00.233 [AsyncHttpClient-1-8] DEBUG org.asynchttpclient.netty.handler.HttpHandler - 

Request DefaultFullHttpRequest(decodeResult: success, version: HTTP/1.1, content: EmptyByteBufBE)
GET /session/9f96ffc4fc4ea4d2bd4fa9b98009ef77/url HTTP/1.1
User-Agent: selenium/4.7.1 (java windows)
Cache-Control: no-cache
Content-Type: application/json; charset=utf-8
host: localhost:21769
accept: */*

Response DefaultHttpResponse(decodeResult: success, version: HTTP/1.1)
HTTP/1.1 200 OK
Content-Type: application/json; charset=utf-8
cache-control: no-cache
content-length: 41

10:02:00.233 [AsyncHttpClient-1-8] DEBUG org.asynchttpclient.netty.channel.ChannelManager - Adding key: http://localhost:21769 for channel [id: 0x8d1c952f, L:/127.0.0.1:49904 - R:localhost/127.0.0.1:21769]
10:02:00.239 [Forwarding findElement on session 9f96ffc4fc4ea4d2bd4fa9b98009ef77 to remote] DEBUG org.asynchttpclient.netty.request.NettyRequestSender - Using pooled Channel '[id: 0x8d1c952f, L:/127.0.0.1:49904 - R:localhost/127.0.0.1:21769]' for 'POST' to 'http://localhost:21769/session/9f96ffc4fc4ea4d2bd4fa9b98009ef77/element'
10:02:00.240 [Forwarding findElement on session 9f96ffc4fc4ea4d2bd4fa9b98009ef77 to remote] DEBUG org.asynchttpclient.netty.request.NettyRequestSender - Using open Channel [id: 0x8d1c952f, L:/127.0.0.1:49904 - R:localhost/127.0.0.1:21769] for POST '/session/9f96ffc4fc4ea4d2bd4fa9b98009ef77/element'
10:02:00.266 [AsyncHttpClient-1-8] DEBUG org.asynchttpclient.netty.handler.HttpHandler - 

Request DefaultHttpRequest(decodeResult: success, version: HTTP/1.1)
POST /session/9f96ffc4fc4ea4d2bd4fa9b98009ef77/element HTTP/1.1
User-Agent: selenium/4.7.1 (java windows)
Content-Length: 108
Content-Type: application/json; charset=utf-8
host: localhost:21769
accept: */*

Response DefaultHttpResponse(decodeResult: success, version: HTTP/1.1)
HTTP/1.1 200 OK
Content-Type: application/json; charset=utf-8
cache-control: no-cache
content-length: 88

10:02:00.266 [AsyncHttpClient-1-8] DEBUG org.asynchttpclient.netty.channel.ChannelManager - Adding key: http://localhost:21769 for channel [id: 0x8d1c952f, L:/127.0.0.1:49904 - R:localhost/127.0.0.1:21769]
10:02:00.272 [Forwarding isElementDisplayed on session 9f96ffc4fc4ea4d2bd4fa9b98009ef77 to remote] DEBUG org.asynchttpclient.netty.request.NettyRequestSender - Using pooled Channel '[id: 0x8d1c952f, L:/127.0.0.1:49904 - R:localhost/127.0.0.1:21769]' for 'POST' to 'http://localhost:21769/session/9f96ffc4fc4ea4d2bd4fa9b98009ef77/execute/sync'
10:02:00.272 [Forwarding isElementDisplayed on session 9f96ffc4fc4ea4d2bd4fa9b98009ef77 to remote] DEBUG org.asynchttpclient.netty.request.NettyRequestSender - Using open Channel [id: 0x8d1c952f, L:/127.0.0.1:49904 - R:localhost/127.0.0.1:21769] for POST '/session/9f96ffc4fc4ea4d2bd4fa9b98009ef77/execute/sync'
10:02:00.292 [AsyncHttpClient-1-8] DEBUG org.asynchttpclient.netty.handler.HttpHandler - 

Request DefaultHttpRequest(decodeResult: success, version: HTTP/1.1)
POST /session/9f96ffc4fc4ea4d2bd4fa9b98009ef77/execute/sync HTTP/1.1
User-Agent: selenium/4.7.1 (java windows)
Content-Length: 48780
Content-Type: application/json; charset=utf-8
host: localhost:21769
accept: */*

Response DefaultHttpResponse(decodeResult: success, version: HTTP/1.1)
HTTP/1.1 200 OK
Content-Type: application/json; charset=utf-8
cache-control: no-cache
content-length: 14

10:02:00.293 [AsyncHttpClient-1-8] DEBUG org.asynchttpclient.netty.channel.ChannelManager - Adding key: http://localhost:21769 for channel [id: 0x8d1c952f, L:/127.0.0.1:49904 - R:localhost/127.0.0.1:21769]
10:02:00.296 [Forwarding isElementDisplayed on session 9f96ffc4fc4ea4d2bd4fa9b98009ef77 to remote] DEBUG org.asynchttpclient.netty.request.NettyRequestSender - Using pooled Channel '[id: 0x8d1c952f, L:/127.0.0.1:49904 - R:localhost/127.0.0.1:21769]' for 'POST' to 'http://localhost:21769/session/9f96ffc4fc4ea4d2bd4fa9b98009ef77/execute/sync'
10:02:00.296 [Forwarding isElementDisplayed on session 9f96ffc4fc4ea4d2bd4fa9b98009ef77 to remote] DEBUG org.asynchttpclient.netty.request.NettyRequestSender - Using open Channel [id: 0x8d1c952f, L:/127.0.0.1:49904 - R:localhost/127.0.0.1:21769] for POST '/session/9f96ffc4fc4ea4d2bd4fa9b98009ef77/execute/sync'
10:02:00.314 [AsyncHttpClient-1-8] DEBUG org.asynchttpclient.netty.handler.HttpHandler - 

Request DefaultHttpRequest(decodeResult: success, version: HTTP/1.1)
POST /session/9f96ffc4fc4ea4d2bd4fa9b98009ef77/execute/sync HTTP/1.1
User-Agent: selenium/4.7.1 (java windows)
Content-Length: 48780
Content-Type: application/json; charset=utf-8
host: localhost:21769
accept: */*

Response DefaultHttpResponse(decodeResult: success, version: HTTP/1.1)
HTTP/1.1 200 OK
Content-Type: application/json; charset=utf-8
cache-control: no-cache
content-length: 14

10:02:00.315 [AsyncHttpClient-1-8] DEBUG org.asynchttpclient.netty.channel.ChannelManager - Adding key: http://localhost:21769 for channel [id: 0x8d1c952f, L:/127.0.0.1:49904 - R:localhost/127.0.0.1:21769]
10:02:00.322 [Forwarding getCurrentWindowHandle on session 9f96ffc4fc4ea4d2bd4fa9b98009ef77 to remote] DEBUG org.asynchttpclient.netty.request.NettyRequestSender - Using pooled Channel '[id: 0x8d1c952f, L:/127.0.0.1:49904 - R:localhost/127.0.0.1:21769]' for 'GET' to 'http://localhost:21769/session/9f96ffc4fc4ea4d2bd4fa9b98009ef77/window'
10:02:00.322 [Forwarding getCurrentWindowHandle on session 9f96ffc4fc4ea4d2bd4fa9b98009ef77 to remote] DEBUG org.asynchttpclient.netty.request.NettyRequestSender - Using open Channel [id: 0x8d1c952f, L:/127.0.0.1:49904 - R:localhost/127.0.0.1:21769] for GET '/session/9f96ffc4fc4ea4d2bd4fa9b98009ef77/window'
10:02:00.323 [AsyncHttpClient-1-8] DEBUG org.asynchttpclient.netty.handler.HttpHandler - 

Request DefaultFullHttpRequest(decodeResult: success, version: HTTP/1.1, content: EmptyByteBufBE)
GET /session/9f96ffc4fc4ea4d2bd4fa9b98009ef77/window HTTP/1.1
User-Agent: selenium/4.7.1 (java windows)
Cache-Control: no-cache
Content-Type: application/json; charset=utf-8
host: localhost:21769
accept: */*

Response DefaultHttpResponse(decodeResult: success, version: HTTP/1.1)
HTTP/1.1 200 OK
Content-Type: application/json; charset=utf-8
cache-control: no-cache
content-length: 44

10:02:00.324 [AsyncHttpClient-1-8] DEBUG org.asynchttpclient.netty.channel.ChannelManager - Adding key: http://localhost:21769 for channel [id: 0x8d1c952f, L:/127.0.0.1:49904 - R:localhost/127.0.0.1:21769]
10:02:00.326 [Forwarding getAlertText on session 9f96ffc4fc4ea4d2bd4fa9b98009ef77 to remote] DEBUG org.asynchttpclient.netty.request.NettyRequestSender - Using pooled Channel '[id: 0x8d1c952f, L:/127.0.0.1:49904 - R:localhost/127.0.0.1:21769]' for 'GET' to 'http://localhost:21769/session/9f96ffc4fc4ea4d2bd4fa9b98009ef77/alert/text'
10:02:00.326 [Forwarding getAlertText on session 9f96ffc4fc4ea4d2bd4fa9b98009ef77 to remote] DEBUG org.asynchttpclient.netty.request.NettyRequestSender - Using open Channel [id: 0x8d1c952f, L:/127.0.0.1:49904 - R:localhost/127.0.0.1:21769] for GET '/session/9f96ffc4fc4ea4d2bd4fa9b98009ef77/alert/text'
10:02:00.329 [AsyncHttpClient-1-8] DEBUG org.asynchttpclient.netty.handler.HttpHandler - 

Request DefaultFullHttpRequest(decodeResult: success, version: HTTP/1.1, content: EmptyByteBufBE)
GET /session/9f96ffc4fc4ea4d2bd4fa9b98009ef77/alert/text HTTP/1.1
User-Agent: selenium/4.7.1 (java windows)
Cache-Control: no-cache
Content-Type: application/json; charset=utf-8
host: localhost:21769
accept: */*

Response DefaultHttpResponse(decodeResult: success, version: HTTP/1.1)
HTTP/1.1 404 Not Found
Content-Type: application/json; charset=utf-8
cache-control: no-cache
content-length: 821

10:02:00.330 [AsyncHttpClient-1-8] DEBUG org.asynchttpclient.netty.channel.ChannelManager - Adding key: http://localhost:21769 for channel [id: 0x8d1c952f, L:/127.0.0.1:49904 - R:localhost/127.0.0.1:21769]
10:02:00.333 [Forwarding switchToWindow on session 9f96ffc4fc4ea4d2bd4fa9b98009ef77 to remote] DEBUG org.asynchttpclient.netty.request.NettyRequestSender - Using pooled Channel '[id: 0x8d1c952f, L:/127.0.0.1:49904 - R:localhost/127.0.0.1:21769]' for 'POST' to 'http://localhost:21769/session/9f96ffc4fc4ea4d2bd4fa9b98009ef77/window'
10:02:00.334 [Forwarding switchToWindow on session 9f96ffc4fc4ea4d2bd4fa9b98009ef77 to remote] DEBUG org.asynchttpclient.netty.request.NettyRequestSender - Using open Channel [id: 0x8d1c952f, L:/127.0.0.1:49904 - R:localhost/127.0.0.1:21769] for POST '/session/9f96ffc4fc4ea4d2bd4fa9b98009ef77/window'
10:02:00.337 [AsyncHttpClient-1-8] DEBUG org.asynchttpclient.netty.handler.HttpHandler - 

Request DefaultHttpRequest(decodeResult: success, version: HTTP/1.1)
POST /session/9f96ffc4fc4ea4d2bd4fa9b98009ef77/window HTTP/1.1
User-Agent: selenium/4.7.1 (java windows)
Content-Length: 50
Content-Type: application/json; charset=utf-8
host: localhost:21769
accept: */*

Response DefaultHttpResponse(decodeResult: success, version: HTTP/1.1)
HTTP/1.1 200 OK
Content-Type: application/json; charset=utf-8
cache-control: no-cache
content-length: 14

10:02:00.337 [AsyncHttpClient-1-8] DEBUG org.asynchttpclient.netty.channel.ChannelManager - Adding key: http://localhost:21769 for channel [id: 0x8d1c952f, L:/127.0.0.1:49904 - R:localhost/127.0.0.1:21769]
10:02:00.338 [Forwarding getCurrentUrl on session 9f96ffc4fc4ea4d2bd4fa9b98009ef77 to remote] DEBUG org.asynchttpclient.netty.request.NettyRequestSender - Using pooled Channel '[id: 0x8d1c952f, L:/127.0.0.1:49904 - R:localhost/127.0.0.1:21769]' for 'GET' to 'http://localhost:21769/session/9f96ffc4fc4ea4d2bd4fa9b98009ef77/url'
10:02:00.339 [Forwarding getCurrentUrl on session 9f96ffc4fc4ea4d2bd4fa9b98009ef77 to remote] DEBUG org.asynchttpclient.netty.request.NettyRequestSender - Using open Channel [id: 0x8d1c952f, L:/127.0.0.1:49904 - R:localhost/127.0.0.1:21769] for GET '/session/9f96ffc4fc4ea4d2bd4fa9b98009ef77/url'
10:02:00.345 [AsyncHttpClient-1-8] DEBUG org.asynchttpclient.netty.handler.HttpHandler - 

Request DefaultFullHttpRequest(decodeResult: success, version: HTTP/1.1, content: EmptyByteBufBE)
GET /session/9f96ffc4fc4ea4d2bd4fa9b98009ef77/url HTTP/1.1
User-Agent: selenium/4.7.1 (java windows)
Cache-Control: no-cache
Content-Type: application/json; charset=utf-8
host: localhost:21769
accept: */*

Response DefaultHttpResponse(decodeResult: success, version: HTTP/1.1)
HTTP/1.1 200 OK
Content-Type: application/json; charset=utf-8
cache-control: no-cache
content-length: 41

10:02:00.345 [AsyncHttpClient-1-8] DEBUG org.asynchttpclient.netty.channel.ChannelManager - Adding key: http://localhost:21769 for channel [id: 0x8d1c952f, L:/127.0.0.1:49904 - R:localhost/127.0.0.1:21769]
10:02:00.347 [Forwarding screenshot on session 9f96ffc4fc4ea4d2bd4fa9b98009ef77 to remote] DEBUG org.asynchttpclient.netty.request.NettyRequestSender - Using pooled Channel '[id: 0x8d1c952f, L:/127.0.0.1:49904 - R:localhost/127.0.0.1:21769]' for 'GET' to 'http://localhost:21769/session/9f96ffc4fc4ea4d2bd4fa9b98009ef77/screenshot'
10:02:00.347 [Forwarding screenshot on session 9f96ffc4fc4ea4d2bd4fa9b98009ef77 to remote] DEBUG org.asynchttpclient.netty.request.NettyRequestSender - Using open Channel [id: 0x8d1c952f, L:/127.0.0.1:49904 - R:localhost/127.0.0.1:21769] for GET '/session/9f96ffc4fc4ea4d2bd4fa9b98009ef77/screenshot'
10:02:00.459 [AsyncHttpClient-1-8] DEBUG org.asynchttpclient.netty.handler.HttpHandler - 

Request DefaultFullHttpRequest(decodeResult: success, version: HTTP/1.1, content: EmptyByteBufBE)
GET /session/9f96ffc4fc4ea4d2bd4fa9b98009ef77/screenshot HTTP/1.1
User-Agent: selenium/4.7.1 (java windows)
Cache-Control: no-cache
Content-Type: application/json; charset=utf-8
host: localhost:21769
accept: */*

Response DefaultHttpResponse(decodeResult: success, version: HTTP/1.1)
HTTP/1.1 200 OK
Content-Type: application/json; charset=utf-8
cache-control: no-cache
content-length: 116604

10:02:00.461 [AsyncHttpClient-1-8] DEBUG org.asynchttpclient.netty.channel.ChannelManager - Adding key: http://localhost:21769 for channel [id: 0x8d1c952f, L:/127.0.0.1:49904 - R:localhost/127.0.0.1:21769]
10:02:00.465 [main] DEBUG net.serenitybdd.core.photography.Darkroom - Send negative for processing for target\site\serenity\4df796af2a8bdb756d1884b1e063cc00b8bad9b7c3d312055b4347f07439074a.png
10:02:00.466 [main] DEBUG net.thucydides.core.steps.StepInterceptor - STEP DONE: diHomepageAltaShop
  &amp#27;[32mGiven &amp#27;[0m&amp#27;[32muser berada di Homepage AltaShop&amp#27;[0m                               &amp#27;[90m# starter.stepdefinitions.LoginRegisterSteps.userBeradaDiHomepageAlta()&amp#27;[0m
10:02:00.491 [main] DEBUG net.thucydides.core.steps.StepInterceptor - STARTING STEP: LoginRegisterSteps.userKlikButtonLogin - klikButtonLogin
10:02:00.495 [Forwarding findElement on session 9f96ffc4fc4ea4d2bd4fa9b98009ef77 to remote] DEBUG org.asynchttpclient.netty.request.NettyRequestSender - Using pooled Channel '[id: 0x8d1c952f, L:/127.0.0.1:49904 - R:localhost/127.0.0.1:21769]' for 'POST' to 'http://localhost:21769/session/9f96ffc4fc4ea4d2bd4fa9b98009ef77/element'
10:02:00.495 [Forwarding findElement on session 9f96ffc4fc4ea4d2bd4fa9b98009ef77 to remote] DEBUG org.asynchttpclient.netty.request.NettyRequestSender - Using open Channel [id: 0x8d1c952f, L:/127.0.0.1:49904 - R:localhost/127.0.0.1:21769] for POST '/session/9f96ffc4fc4ea4d2bd4fa9b98009ef77/element'
10:02:00.514 [AsyncHttpClient-1-8] DEBUG org.asynchttpclient.netty.handler.HttpHandler - 

Request DefaultHttpRequest(decodeResult: success, version: HTTP/1.1)
POST /session/9f96ffc4fc4ea4d2bd4fa9b98009ef77/element HTTP/1.1
User-Agent: selenium/4.7.1 (java windows)
Content-Length: 108
Content-Type: application/json; charset=utf-8
host: localhost:21769
accept: */*

Response DefaultHttpResponse(decodeResult: success, version: HTTP/1.1)
HTTP/1.1 200 OK
Content-Type: application/json; charset=utf-8
cache-control: no-cache
content-length: 88

10:02:00.514 [AsyncHttpClient-1-8] DEBUG org.asynchttpclient.netty.channel.ChannelManager - Adding key: http://localhost:21769 for channel [id: 0x8d1c952f, L:/127.0.0.1:49904 - R:localhost/127.0.0.1:21769]
10:02:00.517 [Forwarding getElementTagName on session 9f96ffc4fc4ea4d2bd4fa9b98009ef77 to remote] DEBUG org.asynchttpclient.netty.request.NettyRequestSender - Using pooled Channel '[id: 0x8d1c952f, L:/127.0.0.1:49904 - R:localhost/127.0.0.1:21769]' for 'GET' to 'http://localhost:21769/session/9f96ffc4fc4ea4d2bd4fa9b98009ef77/element/c517deda-5f61-444c-814a-90a45716174a/name'
10:02:00.517 [Forwarding getElementTagName on session 9f96ffc4fc4ea4d2bd4fa9b98009ef77 to remote] DEBUG org.asynchttpclient.netty.request.NettyRequestSender - Using open Channel [id: 0x8d1c952f, L:/127.0.0.1:49904 - R:localhost/127.0.0.1:21769] for GET '/session/9f96ffc4fc4ea4d2bd4fa9b98009ef77/element/c517deda-5f61-444c-814a-90a45716174a/name'
10:02:00.525 [AsyncHttpClient-1-8] DEBUG org.asynchttpclient.netty.handler.HttpHandler - 

Request DefaultFullHttpRequest(decodeResult: success, version: HTTP/1.1, content: EmptyByteBufBE)
GET /session/9f96ffc4fc4ea4d2bd4fa9b98009ef77/element/c517deda-5f61-444c-814a-90a45716174a/name HTTP/1.1
User-Agent: selenium/4.7.1 (java windows)
Cache-Control: no-cache
Content-Type: application/json; charset=utf-8
host: localhost:21769
accept: */*

Response DefaultHttpResponse(decodeResult: success, version: HTTP/1.1)
HTTP/1.1 200 OK
Content-Type: application/json; charset=utf-8
cache-control: no-cache
content-length: 18

10:02:00.525 [AsyncHttpClient-1-8] DEBUG org.asynchttpclient.netty.channel.ChannelManager - Adding key: http://localhost:21769 for channel [id: 0x8d1c952f, L:/127.0.0.1:49904 - R:localhost/127.0.0.1:21769]
10:02:00.527 [Forwarding getElementTagName on session 9f96ffc4fc4ea4d2bd4fa9b98009ef77 to remote] DEBUG org.asynchttpclient.netty.request.NettyRequestSender - Using pooled Channel '[id: 0x8d1c952f, L:/127.0.0.1:49904 - R:localhost/127.0.0.1:21769]' for 'GET' to 'http://localhost:21769/session/9f96ffc4fc4ea4d2bd4fa9b98009ef77/element/c517deda-5f61-444c-814a-90a45716174a/name'
10:02:00.528 [Forwarding getElementTagName on session 9f96ffc4fc4ea4d2bd4fa9b98009ef77 to remote] DEBUG org.asynchttpclient.netty.request.NettyRequestSender - Using open Channel [id: 0x8d1c952f, L:/127.0.0.1:49904 - R:localhost/127.0.0.1:21769] for GET '/session/9f96ffc4fc4ea4d2bd4fa9b98009ef77/element/c517deda-5f61-444c-814a-90a45716174a/name'
10:02:00.534 [AsyncHttpClient-1-8] DEBUG org.asynchttpclient.netty.handler.HttpHandler - 

Request DefaultFullHttpRequest(decodeResult: success, version: HTTP/1.1, content: EmptyByteBufBE)
GET /session/9f96ffc4fc4ea4d2bd4fa9b98009ef77/element/c517deda-5f61-444c-814a-90a45716174a/name HTTP/1.1
User-Agent: selenium/4.7.1 (java windows)
Cache-Control: no-cache
Content-Type: application/json; charset=utf-8
host: localhost:21769
accept: */*

Response DefaultHttpResponse(decodeResult: success, version: HTTP/1.1)
HTTP/1.1 200 OK
Content-Type: application/json; charset=utf-8
cache-control: no-cache
content-length: 18

10:02:00.534 [AsyncHttpClient-1-8] DEBUG org.asynchttpclient.netty.channel.ChannelManager - Adding key: http://localhost:21769 for channel [id: 0x8d1c952f, L:/127.0.0.1:49904 - R:localhost/127.0.0.1:21769]
10:02:00.537 [Forwarding isElementEnabled on session 9f96ffc4fc4ea4d2bd4fa9b98009ef77 to remote] DEBUG org.asynchttpclient.netty.request.NettyRequestSender - Using pooled Channel '[id: 0x8d1c952f, L:/127.0.0.1:49904 - R:localhost/127.0.0.1:21769]' for 'GET' to 'http://localhost:21769/session/9f96ffc4fc4ea4d2bd4fa9b98009ef77/element/c517deda-5f61-444c-814a-90a45716174a/enabled'
10:02:00.537 [Forwarding isElementEnabled on session 9f96ffc4fc4ea4d2bd4fa9b98009ef77 to remote] DEBUG org.asynchttpclient.netty.request.NettyRequestSender - Using open Channel [id: 0x8d1c952f, L:/127.0.0.1:49904 - R:localhost/127.0.0.1:21769] for GET '/session/9f96ffc4fc4ea4d2bd4fa9b98009ef77/element/c517deda-5f61-444c-814a-90a45716174a/enabled'
10:02:00.550 [AsyncHttpClient-1-8] DEBUG org.asynchttpclient.netty.handler.HttpHandler - 

Request DefaultFullHttpRequest(decodeResult: success, version: HTTP/1.1, content: EmptyByteBufBE)
GET /session/9f96ffc4fc4ea4d2bd4fa9b98009ef77/element/c517deda-5f61-444c-814a-90a45716174a/enabled HTTP/1.1
User-Agent: selenium/4.7.1 (java windows)
Cache-Control: no-cache
Content-Type: application/json; charset=utf-8
host: localhost:21769
accept: */*

Response DefaultHttpResponse(decodeResult: success, version: HTTP/1.1)
HTTP/1.1 200 OK
Content-Type: application/json; charset=utf-8
cache-control: no-cache
content-length: 14

10:02:00.550 [AsyncHttpClient-1-8] DEBUG org.asynchttpclient.netty.channel.ChannelManager - Adding key: http://localhost:21769 for channel [id: 0x8d1c952f, L:/127.0.0.1:49904 - R:localhost/127.0.0.1:21769]
10:02:00.553 [Forwarding isElementEnabled on session 9f96ffc4fc4ea4d2bd4fa9b98009ef77 to remote] DEBUG org.asynchttpclient.netty.request.NettyRequestSender - Using pooled Channel '[id: 0x8d1c952f, L:/127.0.0.1:49904 - R:localhost/127.0.0.1:21769]' for 'GET' to 'http://localhost:21769/session/9f96ffc4fc4ea4d2bd4fa9b98009ef77/element/c517deda-5f61-444c-814a-90a45716174a/enabled'
10:02:00.553 [Forwarding isElementEnabled on session 9f96ffc4fc4ea4d2bd4fa9b98009ef77 to remote] DEBUG org.asynchttpclient.netty.request.NettyRequestSender - Using open Channel [id: 0x8d1c952f, L:/127.0.0.1:49904 - R:localhost/127.0.0.1:21769] for GET '/session/9f96ffc4fc4ea4d2bd4fa9b98009ef77/element/c517deda-5f61-444c-814a-90a45716174a/enabled'
10:02:00.565 [AsyncHttpClient-1-8] DEBUG org.asynchttpclient.netty.handler.HttpHandler - 

Request DefaultFullHttpRequest(decodeResult: success, version: HTTP/1.1, content: EmptyByteBufBE)
GET /session/9f96ffc4fc4ea4d2bd4fa9b98009ef77/element/c517deda-5f61-444c-814a-90a45716174a/enabled HTTP/1.1
User-Agent: selenium/4.7.1 (java windows)
Cache-Control: no-cache
Content-Type: application/json; charset=utf-8
host: localhost:21769
accept: */*

Response DefaultHttpResponse(decodeResult: success, version: HTTP/1.1)
HTTP/1.1 200 OK
Content-Type: application/json; charset=utf-8
cache-control: no-cache
content-length: 14

10:02:00.566 [AsyncHttpClient-1-8] DEBUG org.asynchttpclient.netty.channel.ChannelManager - Adding key: http://localhost:21769 for channel [id: 0x8d1c952f, L:/127.0.0.1:49904 - R:localhost/127.0.0.1:21769]
10:02:00.570 [Forwarding findElement on session 9f96ffc4fc4ea4d2bd4fa9b98009ef77 to remote] DEBUG org.asynchttpclient.netty.request.NettyRequestSender - Using pooled Channel '[id: 0x8d1c952f, L:/127.0.0.1:49904 - R:localhost/127.0.0.1:21769]' for 'POST' to 'http://localhost:21769/session/9f96ffc4fc4ea4d2bd4fa9b98009ef77/element'
10:02:00.570 [Forwarding findElement on session 9f96ffc4fc4ea4d2bd4fa9b98009ef77 to remote] DEBUG org.asynchttpclient.netty.request.NettyRequestSender - Using open Channel [id: 0x8d1c952f, L:/127.0.0.1:49904 - R:localhost/127.0.0.1:21769] for POST '/session/9f96ffc4fc4ea4d2bd4fa9b98009ef77/element'
10:02:00.590 [AsyncHttpClient-1-8] DEBUG org.asynchttpclient.netty.handler.HttpHandler - 

Request DefaultHttpRequest(decodeResult: success, version: HTTP/1.1)
POST /session/9f96ffc4fc4ea4d2bd4fa9b98009ef77/element HTTP/1.1
User-Agent: selenium/4.7.1 (java windows)
Content-Length: 108
Content-Type: application/json; charset=utf-8
host: localhost:21769
accept: */*

Response DefaultHttpResponse(decodeResult: success, version: HTTP/1.1)
HTTP/1.1 200 OK
Content-Type: application/json; charset=utf-8
cache-control: no-cache
content-length: 88

10:02:00.591 [AsyncHttpClient-1-8] DEBUG org.asynchttpclient.netty.channel.ChannelManager - Adding key: http://localhost:21769 for channel [id: 0x8d1c952f, L:/127.0.0.1:49904 - R:localhost/127.0.0.1:21769]
10:02:00.593 [Forwarding clickElement on session 9f96ffc4fc4ea4d2bd4fa9b98009ef77 to remote] DEBUG org.asynchttpclient.netty.request.NettyRequestSender - Using pooled Channel '[id: 0x8d1c952f, L:/127.0.0.1:49904 - R:localhost/127.0.0.1:21769]' for 'POST' to 'http://localhost:21769/session/9f96ffc4fc4ea4d2bd4fa9b98009ef77/element/c517deda-5f61-444c-814a-90a45716174a/click'
10:02:00.593 [Forwarding clickElement on session 9f96ffc4fc4ea4d2bd4fa9b98009ef77 to remote] DEBUG org.asynchttpclient.netty.request.NettyRequestSender - Using open Channel [id: 0x8d1c952f, L:/127.0.0.1:49904 - R:localhost/127.0.0.1:21769] for POST '/session/9f96ffc4fc4ea4d2bd4fa9b98009ef77/element/c517deda-5f61-444c-814a-90a45716174a/click'
10:02:00.692 [AsyncHttpClient-1-8] DEBUG org.asynchttpclient.netty.handler.HttpHandler - 

Request DefaultHttpRequest(decodeResult: success, version: HTTP/1.1)
POST /session/9f96ffc4fc4ea4d2bd4fa9b98009ef77/element/c517deda-5f61-444c-814a-90a45716174a/click HTTP/1.1
User-Agent: selenium/4.7.1 (java windows)
Content-Length: 50
Content-Type: application/json; charset=utf-8
host: localhost:21769
accept: */*

Response DefaultHttpResponse(decodeResult: success, version: HTTP/1.1)
HTTP/1.1 200 OK
Content-Type: application/json; charset=utf-8
cache-control: no-cache
content-length: 14

10:02:00.692 [AsyncHttpClient-1-8] DEBUG org.asynchttpclient.netty.channel.ChannelManager - Adding key: http://localhost:21769 for channel [id: 0x8d1c952f, L:/127.0.0.1:49904 - R:localhost/127.0.0.1:21769]
10:02:00.710 [Forwarding getCurrentWindowHandle on session 9f96ffc4fc4ea4d2bd4fa9b98009ef77 to remote] DEBUG org.asynchttpclient.netty.request.NettyRequestSender - Using pooled Channel '[id: 0x8d1c952f, L:/127.0.0.1:49904 - R:localhost/127.0.0.1:21769]' for 'GET' to 'http://localhost:21769/session/9f96ffc4fc4ea4d2bd4fa9b98009ef77/window'
10:02:00.710 [Forwarding getCurrentWindowHandle on session 9f96ffc4fc4ea4d2bd4fa9b98009ef77 to remote] DEBUG org.asynchttpclient.netty.request.NettyRequestSender - Using open Channel [id: 0x8d1c952f, L:/127.0.0.1:49904 - R:localhost/127.0.0.1:21769] for GET '/session/9f96ffc4fc4ea4d2bd4fa9b98009ef77/window'
10:02:00.713 [AsyncHttpClient-1-8] DEBUG org.asynchttpclient.netty.handler.HttpHandler - 

Request DefaultFullHttpRequest(decodeResult: success, version: HTTP/1.1, content: EmptyByteBufBE)
GET /session/9f96ffc4fc4ea4d2bd4fa9b98009ef77/window HTTP/1.1
User-Agent: selenium/4.7.1 (java windows)
Cache-Control: no-cache
Content-Type: application/json; charset=utf-8
host: localhost:21769
accept: */*

Response DefaultHttpResponse(decodeResult: success, version: HTTP/1.1)
HTTP/1.1 200 OK
Content-Type: application/json; charset=utf-8
cache-control: no-cache
content-length: 44

10:02:00.714 [AsyncHttpClient-1-8] DEBUG org.asynchttpclient.netty.channel.ChannelManager - Adding key: http://localhost:21769 for channel [id: 0x8d1c952f, L:/127.0.0.1:49904 - R:localhost/127.0.0.1:21769]
10:02:00.716 [Forwarding getAlertText on session 9f96ffc4fc4ea4d2bd4fa9b98009ef77 to remote] DEBUG org.asynchttpclient.netty.request.NettyRequestSender - Using pooled Channel '[id: 0x8d1c952f, L:/127.0.0.1:49904 - R:localhost/127.0.0.1:21769]' for 'GET' to 'http://localhost:21769/session/9f96ffc4fc4ea4d2bd4fa9b98009ef77/alert/text'
10:02:00.717 [Forwarding getAlertText on session 9f96ffc4fc4ea4d2bd4fa9b98009ef77 to remote] DEBUG org.asynchttpclient.netty.request.NettyRequestSender - Using open Channel [id: 0x8d1c952f, L:/127.0.0.1:49904 - R:localhost/127.0.0.1:21769] for GET '/session/9f96ffc4fc4ea4d2bd4fa9b98009ef77/alert/text'
10:02:00.871 [AsyncHttpClient-1-1] DEBUG org.asynchttpclient.netty.channel.DefaultChannelPool - Entry count for : http://localhost:49905 : 1
10:02:00.905 [AsyncHttpClient-1-8] DEBUG org.asynchttpclient.netty.handler.HttpHandler - 

Request DefaultFullHttpRequest(decodeResult: success, version: HTTP/1.1, content: EmptyByteBufBE)
GET /session/9f96ffc4fc4ea4d2bd4fa9b98009ef77/alert/text HTTP/1.1
User-Agent: selenium/4.7.1 (java windows)
Cache-Control: no-cache
Content-Type: application/json; charset=utf-8
host: localhost:21769
accept: */*

Response DefaultHttpResponse(decodeResult: success, version: HTTP/1.1)
HTTP/1.1 404 Not Found
Content-Type: application/json; charset=utf-8
cache-control: no-cache
content-length: 821

10:02:00.906 [AsyncHttpClient-1-8] DEBUG org.asynchttpclient.netty.channel.ChannelManager - Adding key: http://localhost:21769 for channel [id: 0x8d1c952f, L:/127.0.0.1:49904 - R:localhost/127.0.0.1:21769]
10:02:00.909 [Forwarding switchToWindow on session 9f96ffc4fc4ea4d2bd4fa9b98009ef77 to remote] DEBUG org.asynchttpclient.netty.request.NettyRequestSender - Using pooled Channel '[id: 0x8d1c952f, L:/127.0.0.1:49904 - R:localhost/127.0.0.1:21769]' for 'POST' to 'http://localhost:21769/session/9f96ffc4fc4ea4d2bd4fa9b98009ef77/window'
10:02:00.909 [Forwarding switchToWindow on session 9f96ffc4fc4ea4d2bd4fa9b98009ef77 to remote] DEBUG org.asynchttpclient.netty.request.NettyRequestSender - Using open Channel [id: 0x8d1c952f, L:/127.0.0.1:49904 - R:localhost/127.0.0.1:21769] for POST '/session/9f96ffc4fc4ea4d2bd4fa9b98009ef77/window'
10:02:00.913 [AsyncHttpClient-1-8] DEBUG org.asynchttpclient.netty.handler.HttpHandler - 

Request DefaultHttpRequest(decodeResult: success, version: HTTP/1.1)
POST /session/9f96ffc4fc4ea4d2bd4fa9b98009ef77/window HTTP/1.1
User-Agent: selenium/4.7.1 (java windows)
Content-Length: 50
Content-Type: application/json; charset=utf-8
host: localhost:21769
accept: */*

Response DefaultHttpResponse(decodeResult: success, version: HTTP/1.1)
HTTP/1.1 200 OK
Content-Type: application/json; charset=utf-8
cache-control: no-cache
content-length: 14

10:02:00.914 [AsyncHttpClient-1-8] DEBUG org.asynchttpclient.netty.channel.ChannelManager - Adding key: http://localhost:21769 for channel [id: 0x8d1c952f, L:/127.0.0.1:49904 - R:localhost/127.0.0.1:21769]
10:02:00.915 [Forwarding getCurrentUrl on session 9f96ffc4fc4ea4d2bd4fa9b98009ef77 to remote] DEBUG org.asynchttpclient.netty.request.NettyRequestSender - Using pooled Channel '[id: 0x8d1c952f, L:/127.0.0.1:49904 - R:localhost/127.0.0.1:21769]' for 'GET' to 'http://localhost:21769/session/9f96ffc4fc4ea4d2bd4fa9b98009ef77/url'
10:02:00.915 [Forwarding getCurrentUrl on session 9f96ffc4fc4ea4d2bd4fa9b98009ef77 to remote] DEBUG org.asynchttpclient.netty.request.NettyRequestSender - Using open Channel [id: 0x8d1c952f, L:/127.0.0.1:49904 - R:localhost/127.0.0.1:21769] for GET '/session/9f96ffc4fc4ea4d2bd4fa9b98009ef77/url'
10:02:00.925 [AsyncHttpClient-1-8] DEBUG org.asynchttpclient.netty.handler.HttpHandler - 

Request DefaultFullHttpRequest(decodeResult: success, version: HTTP/1.1, content: EmptyByteBufBE)
GET /session/9f96ffc4fc4ea4d2bd4fa9b98009ef77/url HTTP/1.1
User-Agent: selenium/4.7.1 (java windows)
Cache-Control: no-cache
Content-Type: application/json; charset=utf-8
host: localhost:21769
accept: */*

Response DefaultHttpResponse(decodeResult: success, version: HTTP/1.1)
HTTP/1.1 200 OK
Content-Type: application/json; charset=utf-8
cache-control: no-cache
content-length: 51

10:02:00.926 [AsyncHttpClient-1-8] DEBUG org.asynchttpclient.netty.channel.ChannelManager - Adding key: http://localhost:21769 for channel [id: 0x8d1c952f, L:/127.0.0.1:49904 - R:localhost/127.0.0.1:21769]
10:02:00.927 [Forwarding screenshot on session 9f96ffc4fc4ea4d2bd4fa9b98009ef77 to remote] DEBUG org.asynchttpclient.netty.request.NettyRequestSender - Using pooled Channel '[id: 0x8d1c952f, L:/127.0.0.1:49904 - R:localhost/127.0.0.1:21769]' for 'GET' to 'http://localhost:21769/session/9f96ffc4fc4ea4d2bd4fa9b98009ef77/screenshot'
10:02:00.928 [Forwarding screenshot on session 9f96ffc4fc4ea4d2bd4fa9b98009ef77 to remote] DEBUG org.asynchttpclient.netty.request.NettyRequestSender - Using open Channel [id: 0x8d1c952f, L:/127.0.0.1:49904 - R:localhost/127.0.0.1:21769] for GET '/session/9f96ffc4fc4ea4d2bd4fa9b98009ef77/screenshot'
10:02:01.091 [AsyncHttpClient-1-8] DEBUG org.asynchttpclient.netty.handler.HttpHandler - 

Request DefaultFullHttpRequest(decodeResult: success, version: HTTP/1.1, content: EmptyByteBufBE)
GET /session/9f96ffc4fc4ea4d2bd4fa9b98009ef77/screenshot HTTP/1.1
User-Agent: selenium/4.7.1 (java windows)
Cache-Control: no-cache
Content-Type: application/json; charset=utf-8
host: localhost:21769
accept: */*

Response DefaultHttpResponse(decodeResult: success, version: HTTP/1.1)
HTTP/1.1 200 OK
Content-Type: application/json; charset=utf-8
cache-control: no-cache
content-length: 26172

10:02:01.092 [AsyncHttpClient-1-8] DEBUG org.asynchttpclient.netty.channel.ChannelManager - Adding key: http://localhost:21769 for channel [id: 0x8d1c952f, L:/127.0.0.1:49904 - R:localhost/127.0.0.1:21769]
10:02:01.095 [main] DEBUG net.serenitybdd.core.photography.Darkroom - Send negative for processing for target\site\serenity\f035198f28bcaf95684f4b1a3b9e5d031fc0873bb044f55c4913aef571773aa0.png
10:02:01.096 [main] DEBUG net.thucydides.core.steps.StepInterceptor - STEP DONE: klikButtonLogin
  &amp#27;[32mWhen &amp#27;[0m&amp#27;[32muser klik button login&amp#27;[0m                                          &amp#27;[90m# starter.stepdefinitions.LoginRegisterSteps.userKlikButtonLogin()&amp#27;[0m
10:02:01.117 [main] DEBUG net.thucydides.core.steps.StepInterceptor - STARTING STEP: LoginRegisterSteps.userInputEmailValid - inputEmail
10:02:01.121 [Forwarding findElement on session 9f96ffc4fc4ea4d2bd4fa9b98009ef77 to remote] DEBUG org.asynchttpclient.netty.request.NettyRequestSender - Using pooled Channel '[id: 0x8d1c952f, L:/127.0.0.1:49904 - R:localhost/127.0.0.1:21769]' for 'POST' to 'http://localhost:21769/session/9f96ffc4fc4ea4d2bd4fa9b98009ef77/element'
10:02:01.121 [Forwarding findElement on session 9f96ffc4fc4ea4d2bd4fa9b98009ef77 to remote] DEBUG org.asynchttpclient.netty.request.NettyRequestSender - Using open Channel [id: 0x8d1c952f, L:/127.0.0.1:49904 - R:localhost/127.0.0.1:21769] for POST '/session/9f96ffc4fc4ea4d2bd4fa9b98009ef77/element'
10:02:01.145 [AsyncHttpClient-1-8] DEBUG org.asynchttpclient.netty.handler.HttpHandler - 

Request DefaultHttpRequest(decodeResult: success, version: HTTP/1.1)
POST /session/9f96ffc4fc4ea4d2bd4fa9b98009ef77/element HTTP/1.1
User-Agent: selenium/4.7.1 (java windows)
Content-Length: 187
Content-Type: application/json; charset=utf-8
host: localhost:21769
accept: */*

Response DefaultHttpResponse(decodeResult: success, version: HTTP/1.1)
HTTP/1.1 200 OK
Content-Type: application/json; charset=utf-8
cache-control: no-cache
content-length: 88

10:02:01.145 [AsyncHttpClient-1-8] DEBUG org.asynchttpclient.netty.channel.ChannelManager - Adding key: http://localhost:21769 for channel [id: 0x8d1c952f, L:/127.0.0.1:49904 - R:localhost/127.0.0.1:21769]
10:02:01.148 [Forwarding clearElement on session 9f96ffc4fc4ea4d2bd4fa9b98009ef77 to remote] DEBUG org.asynchttpclient.netty.request.NettyRequestSender - Using pooled Channel '[id: 0x8d1c952f, L:/127.0.0.1:49904 - R:localhost/127.0.0.1:21769]' for 'POST' to 'http://localhost:21769/session/9f96ffc4fc4ea4d2bd4fa9b98009ef77/element/178a45bb-c8b6-41fe-9287-2e6068183d2d/clear'
10:02:01.148 [Forwarding clearElement on session 9f96ffc4fc4ea4d2bd4fa9b98009ef77 to remote] DEBUG org.asynchttpclient.netty.request.NettyRequestSender - Using open Channel [id: 0x8d1c952f, L:/127.0.0.1:49904 - R:localhost/127.0.0.1:21769] for POST '/session/9f96ffc4fc4ea4d2bd4fa9b98009ef77/element/178a45bb-c8b6-41fe-9287-2e6068183d2d/clear'
10:02:01.195 [AsyncHttpClient-1-8] DEBUG org.asynchttpclient.netty.handler.HttpHandler - 

Request DefaultHttpRequest(decodeResult: success, version: HTTP/1.1)
POST /session/9f96ffc4fc4ea4d2bd4fa9b98009ef77/element/178a45bb-c8b6-41fe-9287-2e6068183d2d/clear HTTP/1.1
User-Agent: selenium/4.7.1 (java windows)
Content-Length: 50
Content-Type: application/json; charset=utf-8
host: localhost:21769
accept: */*

Response DefaultHttpResponse(decodeResult: success, version: HTTP/1.1)
HTTP/1.1 200 OK
Content-Type: application/json; charset=utf-8
cache-control: no-cache
content-length: 14

10:02:01.196 [AsyncHttpClient-1-8] DEBUG org.asynchttpclient.netty.channel.ChannelManager - Adding key: http://localhost:21769 for channel [id: 0x8d1c952f, L:/127.0.0.1:49904 - R:localhost/127.0.0.1:21769]
10:02:01.198 [Forwarding sendKeysToElement on session 9f96ffc4fc4ea4d2bd4fa9b98009ef77 to remote] DEBUG org.asynchttpclient.netty.request.NettyRequestSender - Using pooled Channel '[id: 0x8d1c952f, L:/127.0.0.1:49904 - R:localhost/127.0.0.1:21769]' for 'POST' to 'http://localhost:21769/session/9f96ffc4fc4ea4d2bd4fa9b98009ef77/element/178a45bb-c8b6-41fe-9287-2e6068183d2d/value'
10:02:01.198 [Forwarding sendKeysToElement on session 9f96ffc4fc4ea4d2bd4fa9b98009ef77 to remote] DEBUG org.asynchttpclient.netty.request.NettyRequestSender - Using open Channel [id: 0x8d1c952f, L:/127.0.0.1:49904 - R:localhost/127.0.0.1:21769] for POST '/session/9f96ffc4fc4ea4d2bd4fa9b98009ef77/element/178a45bb-c8b6-41fe-9287-2e6068183d2d/value'
10:02:01.361 [AsyncHttpClient-1-8] DEBUG org.asynchttpclient.netty.handler.HttpHandler - 

Request DefaultHttpRequest(decodeResult: success, version: HTTP/1.1)
POST /session/9f96ffc4fc4ea4d2bd4fa9b98009ef77/element/178a45bb-c8b6-41fe-9287-2e6068183d2d/value HTTP/1.1
User-Agent: selenium/4.7.1 (java windows)
Content-Length: 211
Content-Type: application/json; charset=utf-8
host: localhost:21769
accept: */*

Response DefaultHttpResponse(decodeResult: success, version: HTTP/1.1)
HTTP/1.1 200 OK
Content-Type: application/json; charset=utf-8
cache-control: no-cache
content-length: 14

10:02:01.361 [AsyncHttpClient-1-8] DEBUG org.asynchttpclient.netty.channel.ChannelManager - Adding key: http://localhost:21769 for channel [id: 0x8d1c952f, L:/127.0.0.1:49904 - R:localhost/127.0.0.1:21769]
10:02:01.374 [Forwarding getCurrentWindowHandle on session 9f96ffc4fc4ea4d2bd4fa9b98009ef77 to remote] DEBUG org.asynchttpclient.netty.request.NettyRequestSender - Using pooled Channel '[id: 0x8d1c952f, L:/127.0.0.1:49904 - R:localhost/127.0.0.1:21769]' for 'GET' to 'http://localhost:21769/session/9f96ffc4fc4ea4d2bd4fa9b98009ef77/window'
10:02:01.374 [Forwarding getCurrentWindowHandle on session 9f96ffc4fc4ea4d2bd4fa9b98009ef77 to remote] DEBUG org.asynchttpclient.netty.request.NettyRequestSender - Using open Channel [id: 0x8d1c952f, L:/127.0.0.1:49904 - R:localhost/127.0.0.1:21769] for GET '/session/9f96ffc4fc4ea4d2bd4fa9b98009ef77/window'
10:02:01.376 [AsyncHttpClient-1-8] DEBUG org.asynchttpclient.netty.handler.HttpHandler - 

Request DefaultFullHttpRequest(decodeResult: success, version: HTTP/1.1, content: EmptyByteBufBE)
GET /session/9f96ffc4fc4ea4d2bd4fa9b98009ef77/window HTTP/1.1
User-Agent: selenium/4.7.1 (java windows)
Cache-Control: no-cache
Content-Type: application/json; charset=utf-8
host: localhost:21769
accept: */*

Response DefaultHttpResponse(decodeResult: success, version: HTTP/1.1)
HTTP/1.1 200 OK
Content-Type: application/json; charset=utf-8
cache-control: no-cache
content-length: 44

10:02:01.377 [AsyncHttpClient-1-8] DEBUG org.asynchttpclient.netty.channel.ChannelManager - Adding key: http://localhost:21769 for channel [id: 0x8d1c952f, L:/127.0.0.1:49904 - R:localhost/127.0.0.1:21769]
10:02:01.379 [Forwarding getAlertText on session 9f96ffc4fc4ea4d2bd4fa9b98009ef77 to remote] DEBUG org.asynchttpclient.netty.request.NettyRequestSender - Using pooled Channel '[id: 0x8d1c952f, L:/127.0.0.1:49904 - R:localhost/127.0.0.1:21769]' for 'GET' to 'http://localhost:21769/session/9f96ffc4fc4ea4d2bd4fa9b98009ef77/alert/text'
10:02:01.379 [Forwarding getAlertText on session 9f96ffc4fc4ea4d2bd4fa9b98009ef77 to remote] DEBUG org.asynchttpclient.netty.request.NettyRequestSender - Using open Channel [id: 0x8d1c952f, L:/127.0.0.1:49904 - R:localhost/127.0.0.1:21769] for GET '/session/9f96ffc4fc4ea4d2bd4fa9b98009ef77/alert/text'
10:02:01.382 [AsyncHttpClient-1-8] DEBUG org.asynchttpclient.netty.handler.HttpHandler - 

Request DefaultFullHttpRequest(decodeResult: success, version: HTTP/1.1, content: EmptyByteBufBE)
GET /session/9f96ffc4fc4ea4d2bd4fa9b98009ef77/alert/text HTTP/1.1
User-Agent: selenium/4.7.1 (java windows)
Cache-Control: no-cache
Content-Type: application/json; charset=utf-8
host: localhost:21769
accept: */*

Response DefaultHttpResponse(decodeResult: success, version: HTTP/1.1)
HTTP/1.1 404 Not Found
Content-Type: application/json; charset=utf-8
cache-control: no-cache
content-length: 821

10:02:01.383 [AsyncHttpClient-1-8] DEBUG org.asynchttpclient.netty.channel.ChannelManager - Adding key: http://localhost:21769 for channel [id: 0x8d1c952f, L:/127.0.0.1:49904 - R:localhost/127.0.0.1:21769]
10:02:01.386 [Forwarding switchToWindow on session 9f96ffc4fc4ea4d2bd4fa9b98009ef77 to remote] DEBUG org.asynchttpclient.netty.request.NettyRequestSender - Using pooled Channel '[id: 0x8d1c952f, L:/127.0.0.1:49904 - R:localhost/127.0.0.1:21769]' for 'POST' to 'http://localhost:21769/session/9f96ffc4fc4ea4d2bd4fa9b98009ef77/window'
10:02:01.386 [Forwarding switchToWindow on session 9f96ffc4fc4ea4d2bd4fa9b98009ef77 to remote] DEBUG org.asynchttpclient.netty.request.NettyRequestSender - Using open Channel [id: 0x8d1c952f, L:/127.0.0.1:49904 - R:localhost/127.0.0.1:21769] for POST '/session/9f96ffc4fc4ea4d2bd4fa9b98009ef77/window'
10:02:01.390 [AsyncHttpClient-1-8] DEBUG org.asynchttpclient.netty.handler.HttpHandler - 

Request DefaultHttpRequest(decodeResult: success, version: HTTP/1.1)
POST /session/9f96ffc4fc4ea4d2bd4fa9b98009ef77/window HTTP/1.1
User-Agent: selenium/4.7.1 (java windows)
Content-Length: 50
Content-Type: application/json; charset=utf-8
host: localhost:21769
accept: */*

Response DefaultHttpResponse(decodeResult: success, version: HTTP/1.1)
HTTP/1.1 200 OK
Content-Type: application/json; charset=utf-8
cache-control: no-cache
content-length: 14

10:02:01.391 [AsyncHttpClient-1-8] DEBUG org.asynchttpclient.netty.channel.ChannelManager - Adding key: http://localhost:21769 for channel [id: 0x8d1c952f, L:/127.0.0.1:49904 - R:localhost/127.0.0.1:21769]
10:02:01.392 [Forwarding getCurrentUrl on session 9f96ffc4fc4ea4d2bd4fa9b98009ef77 to remote] DEBUG org.asynchttpclient.netty.request.NettyRequestSender - Using pooled Channel '[id: 0x8d1c952f, L:/127.0.0.1:49904 - R:localhost/127.0.0.1:21769]' for 'GET' to 'http://localhost:21769/session/9f96ffc4fc4ea4d2bd4fa9b98009ef77/url'
10:02:01.393 [Forwarding getCurrentUrl on session 9f96ffc4fc4ea4d2bd4fa9b98009ef77 to remote] DEBUG org.asynchttpclient.netty.request.NettyRequestSender - Using open Channel [id: 0x8d1c952f, L:/127.0.0.1:49904 - R:localhost/127.0.0.1:21769] for GET '/session/9f96ffc4fc4ea4d2bd4fa9b98009ef77/url'
10:02:01.400 [AsyncHttpClient-1-8] DEBUG org.asynchttpclient.netty.handler.HttpHandler - 

Request DefaultFullHttpRequest(decodeResult: success, version: HTTP/1.1, content: EmptyByteBufBE)
GET /session/9f96ffc4fc4ea4d2bd4fa9b98009ef77/url HTTP/1.1
User-Agent: selenium/4.7.1 (java windows)
Cache-Control: no-cache
Content-Type: application/json; charset=utf-8
host: localhost:21769
accept: */*

Response DefaultHttpResponse(decodeResult: success, version: HTTP/1.1)
HTTP/1.1 200 OK
Content-Type: application/json; charset=utf-8
cache-control: no-cache
content-length: 51

10:02:01.400 [AsyncHttpClient-1-8] DEBUG org.asynchttpclient.netty.channel.ChannelManager - Adding key: http://localhost:21769 for channel [id: 0x8d1c952f, L:/127.0.0.1:49904 - R:localhost/127.0.0.1:21769]
10:02:01.402 [Forwarding screenshot on session 9f96ffc4fc4ea4d2bd4fa9b98009ef77 to remote] DEBUG org.asynchttpclient.netty.request.NettyRequestSender - Using pooled Channel '[id: 0x8d1c952f, L:/127.0.0.1:49904 - R:localhost/127.0.0.1:21769]' for 'GET' to 'http://localhost:21769/session/9f96ffc4fc4ea4d2bd4fa9b98009ef77/screenshot'
10:02:01.402 [Forwarding screenshot on session 9f96ffc4fc4ea4d2bd4fa9b98009ef77 to remote] DEBUG org.asynchttpclient.netty.request.NettyRequestSender - Using open Channel [id: 0x8d1c952f, L:/127.0.0.1:49904 - R:localhost/127.0.0.1:21769] for GET '/session/9f96ffc4fc4ea4d2bd4fa9b98009ef77/screenshot'
10:02:01.526 [AsyncHttpClient-1-8] DEBUG org.asynchttpclient.netty.handler.HttpHandler - 

Request DefaultFullHttpRequest(decodeResult: success, version: HTTP/1.1, content: EmptyByteBufBE)
GET /session/9f96ffc4fc4ea4d2bd4fa9b98009ef77/screenshot HTTP/1.1
User-Agent: selenium/4.7.1 (java windows)
Cache-Control: no-cache
Content-Type: application/json; charset=utf-8
host: localhost:21769
accept: */*

Response DefaultHttpResponse(decodeResult: success, version: HTTP/1.1)
HTTP/1.1 200 OK
Content-Type: application/json; charset=utf-8
cache-control: no-cache
content-length: 29848

10:02:01.527 [AsyncHttpClient-1-8] DEBUG org.asynchttpclient.netty.channel.ChannelManager - Adding key: http://localhost:21769 for channel [id: 0x8d1c952f, L:/127.0.0.1:49904 - R:localhost/127.0.0.1:21769]
10:02:01.529 [main] DEBUG net.serenitybdd.core.photography.Darkroom - Send negative for processing for target\site\serenity\8a91dbb5fa5665900605c57c578fa82d297ac8b02f4e44efcbbdf9733172047c.png
10:02:01.531 [main] DEBUG net.thucydides.core.steps.StepInterceptor - STEP DONE: inputEmail
10:02:01.531 [Darkroom Processing Line] DEBUG net.serenitybdd.core.photography.DarkroomProcessingLine - Processing screenshot image in /var/screenshots/screenshot-9037580341157252434
10:02:01.531 [Darkroom Processing Line] DEBUG net.serenitybdd.core.photography.DarkroomProcessingLine - Saving screenshot to target\site\serenity\8a91dbb5fa5665900605c57c578fa82d297ac8b02f4e44efcbbdf9733172047c.png
  &amp#27;[32mAnd &amp#27;[0m&amp#27;[32muser input email valid&amp#27;[0m                                           &amp#27;[90m# starter.stepdefinitions.LoginRegisterSteps.userInputEmailValid()&amp#27;[0m
10:02:01.548 [main] DEBUG net.thucydides.core.steps.StepInterceptor - STARTING STEP: LoginRegisterSteps.userInputPasswordInvalid - inputPassword
10:02:01.550 [Forwarding findElement on session 9f96ffc4fc4ea4d2bd4fa9b98009ef77 to remote] DEBUG org.asynchttpclient.netty.request.NettyRequestSender - Using pooled Channel '[id: 0x8d1c952f, L:/127.0.0.1:49904 - R:localhost/127.0.0.1:21769]' for 'POST' to 'http://localhost:21769/session/9f96ffc4fc4ea4d2bd4fa9b98009ef77/element'
10:02:01.551 [Forwarding findElement on session 9f96ffc4fc4ea4d2bd4fa9b98009ef77 to remote] DEBUG org.asynchttpclient.netty.request.NettyRequestSender - Using open Channel [id: 0x8d1c952f, L:/127.0.0.1:49904 - R:localhost/127.0.0.1:21769] for POST '/session/9f96ffc4fc4ea4d2bd4fa9b98009ef77/element'
10:02:01.570 [AsyncHttpClient-1-8] DEBUG org.asynchttpclient.netty.handler.HttpHandler - 

Request DefaultHttpRequest(decodeResult: success, version: HTTP/1.1)
POST /session/9f96ffc4fc4ea4d2bd4fa9b98009ef77/element HTTP/1.1
User-Agent: selenium/4.7.1 (java windows)
Content-Length: 187
Content-Type: application/json; charset=utf-8
host: localhost:21769
accept: */*

Response DefaultHttpResponse(decodeResult: success, version: HTTP/1.1)
HTTP/1.1 200 OK
Content-Type: application/json; charset=utf-8
cache-control: no-cache
content-length: 88

10:02:01.570 [AsyncHttpClient-1-8] DEBUG org.asynchttpclient.netty.channel.ChannelManager - Adding key: http://localhost:21769 for channel [id: 0x8d1c952f, L:/127.0.0.1:49904 - R:localhost/127.0.0.1:21769]
10:02:01.573 [Forwarding clearElement on session 9f96ffc4fc4ea4d2bd4fa9b98009ef77 to remote] DEBUG org.asynchttpclient.netty.request.NettyRequestSender - Using pooled Channel '[id: 0x8d1c952f, L:/127.0.0.1:49904 - R:localhost/127.0.0.1:21769]' for 'POST' to 'http://localhost:21769/session/9f96ffc4fc4ea4d2bd4fa9b98009ef77/element/9bfe7538-6aa7-471e-ba40-b58e76e6088e/clear'
10:02:01.573 [Forwarding clearElement on session 9f96ffc4fc4ea4d2bd4fa9b98009ef77 to remote] DEBUG org.asynchttpclient.netty.request.NettyRequestSender - Using open Channel [id: 0x8d1c952f, L:/127.0.0.1:49904 - R:localhost/127.0.0.1:21769] for POST '/session/9f96ffc4fc4ea4d2bd4fa9b98009ef77/element/9bfe7538-6aa7-471e-ba40-b58e76e6088e/clear'
10:02:01.628 [AsyncHttpClient-1-8] DEBUG org.asynchttpclient.netty.handler.HttpHandler - 

Request DefaultHttpRequest(decodeResult: success, version: HTTP/1.1)
POST /session/9f96ffc4fc4ea4d2bd4fa9b98009ef77/element/9bfe7538-6aa7-471e-ba40-b58e76e6088e/clear HTTP/1.1
User-Agent: selenium/4.7.1 (java windows)
Content-Length: 50
Content-Type: application/json; charset=utf-8
host: localhost:21769
accept: */*

Response DefaultHttpResponse(decodeResult: success, version: HTTP/1.1)
HTTP/1.1 200 OK
Content-Type: application/json; charset=utf-8
cache-control: no-cache
content-length: 14

10:02:01.628 [AsyncHttpClient-1-8] DEBUG org.asynchttpclient.netty.channel.ChannelManager - Adding key: http://localhost:21769 for channel [id: 0x8d1c952f, L:/127.0.0.1:49904 - R:localhost/127.0.0.1:21769]
10:02:01.631 [Forwarding sendKeysToElement on session 9f96ffc4fc4ea4d2bd4fa9b98009ef77 to remote] DEBUG org.asynchttpclient.netty.request.NettyRequestSender - Using pooled Channel '[id: 0x8d1c952f, L:/127.0.0.1:49904 - R:localhost/127.0.0.1:21769]' for 'POST' to 'http://localhost:21769/session/9f96ffc4fc4ea4d2bd4fa9b98009ef77/element/9bfe7538-6aa7-471e-ba40-b58e76e6088e/value'
10:02:01.631 [Forwarding sendKeysToElement on session 9f96ffc4fc4ea4d2bd4fa9b98009ef77 to remote] DEBUG org.asynchttpclient.netty.request.NettyRequestSender - Using open Channel [id: 0x8d1c952f, L:/127.0.0.1:49904 - R:localhost/127.0.0.1:21769] for POST '/session/9f96ffc4fc4ea4d2bd4fa9b98009ef77/element/9bfe7538-6aa7-471e-ba40-b58e76e6088e/value'
10:02:01.753 [AsyncHttpClient-1-8] DEBUG org.asynchttpclient.netty.handler.HttpHandler - 

Request DefaultHttpRequest(decodeResult: success, version: HTTP/1.1)
POST /session/9f96ffc4fc4ea4d2bd4fa9b98009ef77/element/9bfe7538-6aa7-471e-ba40-b58e76e6088e/value HTTP/1.1
User-Agent: selenium/4.7.1 (java windows)
Content-Length: 121
Content-Type: application/json; charset=utf-8
host: localhost:21769
accept: */*

Response DefaultHttpResponse(decodeResult: success, version: HTTP/1.1)
HTTP/1.1 200 OK
Content-Type: application/json; charset=utf-8
cache-control: no-cache
content-length: 14

10:02:01.753 [AsyncHttpClient-1-8] DEBUG org.asynchttpclient.netty.channel.ChannelManager - Adding key: http://localhost:21769 for channel [id: 0x8d1c952f, L:/127.0.0.1:49904 - R:localhost/127.0.0.1:21769]
10:02:01.764 [Forwarding getCurrentWindowHandle on session 9f96ffc4fc4ea4d2bd4fa9b98009ef77 to remote] DEBUG org.asynchttpclient.netty.request.NettyRequestSender - Using pooled Channel '[id: 0x8d1c952f, L:/127.0.0.1:49904 - R:localhost/127.0.0.1:21769]' for 'GET' to 'http://localhost:21769/session/9f96ffc4fc4ea4d2bd4fa9b98009ef77/window'
10:02:01.764 [Forwarding getCurrentWindowHandle on session 9f96ffc4fc4ea4d2bd4fa9b98009ef77 to remote] DEBUG org.asynchttpclient.netty.request.NettyRequestSender - Using open Channel [id: 0x8d1c952f, L:/127.0.0.1:49904 - R:localhost/127.0.0.1:21769] for GET '/session/9f96ffc4fc4ea4d2bd4fa9b98009ef77/window'
10:02:01.766 [AsyncHttpClient-1-8] DEBUG org.asynchttpclient.netty.handler.HttpHandler - 

Request DefaultFullHttpRequest(decodeResult: success, version: HTTP/1.1, content: EmptyByteBufBE)
GET /session/9f96ffc4fc4ea4d2bd4fa9b98009ef77/window HTTP/1.1
User-Agent: selenium/4.7.1 (java windows)
Cache-Control: no-cache
Content-Type: application/json; charset=utf-8
host: localhost:21769
accept: */*

Response DefaultHttpResponse(decodeResult: success, version: HTTP/1.1)
HTTP/1.1 200 OK
Content-Type: application/json; charset=utf-8
cache-control: no-cache
content-length: 44

10:02:01.766 [AsyncHttpClient-1-8] DEBUG org.asynchttpclient.netty.channel.ChannelManager - Adding key: http://localhost:21769 for channel [id: 0x8d1c952f, L:/127.0.0.1:49904 - R:localhost/127.0.0.1:21769]
10:02:01.769 [Forwarding getAlertText on session 9f96ffc4fc4ea4d2bd4fa9b98009ef77 to remote] DEBUG org.asynchttpclient.netty.request.NettyRequestSender - Using pooled Channel '[id: 0x8d1c952f, L:/127.0.0.1:49904 - R:localhost/127.0.0.1:21769]' for 'GET' to 'http://localhost:21769/session/9f96ffc4fc4ea4d2bd4fa9b98009ef77/alert/text'
10:02:01.769 [Forwarding getAlertText on session 9f96ffc4fc4ea4d2bd4fa9b98009ef77 to remote] DEBUG org.asynchttpclient.netty.request.NettyRequestSender - Using open Channel [id: 0x8d1c952f, L:/127.0.0.1:49904 - R:localhost/127.0.0.1:21769] for GET '/session/9f96ffc4fc4ea4d2bd4fa9b98009ef77/alert/text'
10:02:01.776 [AsyncHttpClient-1-8] DEBUG org.asynchttpclient.netty.handler.HttpHandler - 

Request DefaultFullHttpRequest(decodeResult: success, version: HTTP/1.1, content: EmptyByteBufBE)
GET /session/9f96ffc4fc4ea4d2bd4fa9b98009ef77/alert/text HTTP/1.1
User-Agent: selenium/4.7.1 (java windows)
Cache-Control: no-cache
Content-Type: application/json; charset=utf-8
host: localhost:21769
accept: */*

Response DefaultHttpResponse(decodeResult: success, version: HTTP/1.1)
HTTP/1.1 404 Not Found
Content-Type: application/json; charset=utf-8
cache-control: no-cache
content-length: 821

10:02:01.776 [AsyncHttpClient-1-8] DEBUG org.asynchttpclient.netty.channel.ChannelManager - Adding key: http://localhost:21769 for channel [id: 0x8d1c952f, L:/127.0.0.1:49904 - R:localhost/127.0.0.1:21769]
10:02:01.779 [Forwarding switchToWindow on session 9f96ffc4fc4ea4d2bd4fa9b98009ef77 to remote] DEBUG org.asynchttpclient.netty.request.NettyRequestSender - Using pooled Channel '[id: 0x8d1c952f, L:/127.0.0.1:49904 - R:localhost/127.0.0.1:21769]' for 'POST' to 'http://localhost:21769/session/9f96ffc4fc4ea4d2bd4fa9b98009ef77/window'
10:02:01.779 [Forwarding switchToWindow on session 9f96ffc4fc4ea4d2bd4fa9b98009ef77 to remote] DEBUG org.asynchttpclient.netty.request.NettyRequestSender - Using open Channel [id: 0x8d1c952f, L:/127.0.0.1:49904 - R:localhost/127.0.0.1:21769] for POST '/session/9f96ffc4fc4ea4d2bd4fa9b98009ef77/window'
10:02:01.783 [AsyncHttpClient-1-8] DEBUG org.asynchttpclient.netty.handler.HttpHandler - 

Request DefaultHttpRequest(decodeResult: success, version: HTTP/1.1)
POST /session/9f96ffc4fc4ea4d2bd4fa9b98009ef77/window HTTP/1.1
User-Agent: selenium/4.7.1 (java windows)
Content-Length: 50
Content-Type: application/json; charset=utf-8
host: localhost:21769
accept: */*

Response DefaultHttpResponse(decodeResult: success, version: HTTP/1.1)
HTTP/1.1 200 OK
Content-Type: application/json; charset=utf-8
cache-control: no-cache
content-length: 14

10:02:01.783 [AsyncHttpClient-1-8] DEBUG org.asynchttpclient.netty.channel.ChannelManager - Adding key: http://localhost:21769 for channel [id: 0x8d1c952f, L:/127.0.0.1:49904 - R:localhost/127.0.0.1:21769]
10:02:01.785 [Forwarding getCurrentUrl on session 9f96ffc4fc4ea4d2bd4fa9b98009ef77 to remote] DEBUG org.asynchttpclient.netty.request.NettyRequestSender - Using pooled Channel '[id: 0x8d1c952f, L:/127.0.0.1:49904 - R:localhost/127.0.0.1:21769]' for 'GET' to 'http://localhost:21769/session/9f96ffc4fc4ea4d2bd4fa9b98009ef77/url'
10:02:01.785 [Forwarding getCurrentUrl on session 9f96ffc4fc4ea4d2bd4fa9b98009ef77 to remote] DEBUG org.asynchttpclient.netty.request.NettyRequestSender - Using open Channel [id: 0x8d1c952f, L:/127.0.0.1:49904 - R:localhost/127.0.0.1:21769] for GET '/session/9f96ffc4fc4ea4d2bd4fa9b98009ef77/url'
10:02:01.793 [AsyncHttpClient-1-8] DEBUG org.asynchttpclient.netty.handler.HttpHandler - 

Request DefaultFullHttpRequest(decodeResult: success, version: HTTP/1.1, content: EmptyByteBufBE)
GET /session/9f96ffc4fc4ea4d2bd4fa9b98009ef77/url HTTP/1.1
User-Agent: selenium/4.7.1 (java windows)
Cache-Control: no-cache
Content-Type: application/json; charset=utf-8
host: localhost:21769
accept: */*

Response DefaultHttpResponse(decodeResult: success, version: HTTP/1.1)
HTTP/1.1 200 OK
Content-Type: application/json; charset=utf-8
cache-control: no-cache
content-length: 51

10:02:01.794 [AsyncHttpClient-1-8] DEBUG org.asynchttpclient.netty.channel.ChannelManager - Adding key: http://localhost:21769 for channel [id: 0x8d1c952f, L:/127.0.0.1:49904 - R:localhost/127.0.0.1:21769]
10:02:01.795 [Forwarding screenshot on session 9f96ffc4fc4ea4d2bd4fa9b98009ef77 to remote] DEBUG org.asynchttpclient.netty.request.NettyRequestSender - Using pooled Channel '[id: 0x8d1c952f, L:/127.0.0.1:49904 - R:localhost/127.0.0.1:21769]' for 'GET' to 'http://localhost:21769/session/9f96ffc4fc4ea4d2bd4fa9b98009ef77/screenshot'
10:02:01.795 [Forwarding screenshot on session 9f96ffc4fc4ea4d2bd4fa9b98009ef77 to remote] DEBUG org.asynchttpclient.netty.request.NettyRequestSender - Using open Channel [id: 0x8d1c952f, L:/127.0.0.1:49904 - R:localhost/127.0.0.1:21769] for GET '/session/9f96ffc4fc4ea4d2bd4fa9b98009ef77/screenshot'
10:02:01.938 [AsyncHttpClient-1-8] DEBUG org.asynchttpclient.netty.handler.HttpHandler - 

Request DefaultFullHttpRequest(decodeResult: success, version: HTTP/1.1, content: EmptyByteBufBE)
GET /session/9f96ffc4fc4ea4d2bd4fa9b98009ef77/screenshot HTTP/1.1
User-Agent: selenium/4.7.1 (java windows)
Cache-Control: no-cache
Content-Type: application/json; charset=utf-8
host: localhost:21769
accept: */*

Response DefaultHttpResponse(decodeResult: success, version: HTTP/1.1)
HTTP/1.1 200 OK
Content-Type: application/json; charset=utf-8
cache-control: no-cache
content-length: 29924

10:02:01.940 [AsyncHttpClient-1-8] DEBUG org.asynchttpclient.netty.channel.ChannelManager - Adding key: http://localhost:21769 for channel [id: 0x8d1c952f, L:/127.0.0.1:49904 - R:localhost/127.0.0.1:21769]
10:02:01.945 [main] DEBUG net.serenitybdd.core.photography.Darkroom - Send negative for processing for target\site\serenity\b7cf3fe1f03b45f43039079618cb40cb2719a6a8e0143002b4cced60d64b2fd2.png
10:02:01.946 [Darkroom Processing Line] DEBUG net.serenitybdd.core.photography.DarkroomProcessingLine - Processing screenshot image in /var/screenshots/screenshot-10151204336731765245
10:02:01.946 [Darkroom Processing Line] DEBUG net.serenitybdd.core.photography.DarkroomProcessingLine - Saving screenshot to target\site\serenity\b7cf3fe1f03b45f43039079618cb40cb2719a6a8e0143002b4cced60d64b2fd2.png
10:02:01.946 [main] DEBUG net.thucydides.core.steps.StepInterceptor - STEP DONE: inputPassword
  &amp#27;[32mAnd &amp#27;[0m&amp#27;[32muser input password invalid&amp#27;[0m                                      &amp#27;[90m# starter.stepdefinitions.LoginRegisterSteps.userInputPasswordInvalid()&amp#27;[0m
10:02:01.968 [main] DEBUG net.thucydides.core.steps.StepInterceptor - STARTING STEP: LoginRegisterSteps.userKlikButtonLoginYangKedua - klikButtonLoginKedua
10:02:01.972 [AsyncHttpClient-1-1] DEBUG org.asynchttpclient.netty.channel.DefaultChannelPool - Entry count for : http://localhost:21769 : 1
10:02:01.972 [AsyncHttpClient-1-1] DEBUG org.asynchttpclient.netty.channel.DefaultChannelPool - Entry count for : http://localhost:49905 : 1
10:02:01.974 [Forwarding findElement on session 9f96ffc4fc4ea4d2bd4fa9b98009ef77 to remote] DEBUG org.asynchttpclient.netty.request.NettyRequestSender - Using pooled Channel '[id: 0x8d1c952f, L:/127.0.0.1:49904 - R:localhost/127.0.0.1:21769]' for 'POST' to 'http://localhost:21769/session/9f96ffc4fc4ea4d2bd4fa9b98009ef77/element'
10:02:01.974 [Forwarding findElement on session 9f96ffc4fc4ea4d2bd4fa9b98009ef77 to remote] DEBUG org.asynchttpclient.netty.request.NettyRequestSender - Using open Channel [id: 0x8d1c952f, L:/127.0.0.1:49904 - R:localhost/127.0.0.1:21769] for POST '/session/9f96ffc4fc4ea4d2bd4fa9b98009ef77/element'
10:02:01.996 [AsyncHttpClient-1-8] DEBUG org.asynchttpclient.netty.handler.HttpHandler - 

Request DefaultHttpRequest(decodeResult: success, version: HTTP/1.1)
POST /session/9f96ffc4fc4ea4d2bd4fa9b98009ef77/element HTTP/1.1
User-Agent: selenium/4.7.1 (java windows)
Content-Length: 141
Content-Type: application/json; charset=utf-8
host: localhost:21769
accept: */*

Response DefaultHttpResponse(decodeResult: success, version: HTTP/1.1)
HTTP/1.1 200 OK
Content-Type: application/json; charset=utf-8
cache-control: no-cache
content-length: 88

10:02:01.996 [AsyncHttpClient-1-8] DEBUG org.asynchttpclient.netty.channel.ChannelManager - Adding key: http://localhost:21769 for channel [id: 0x8d1c952f, L:/127.0.0.1:49904 - R:localhost/127.0.0.1:21769]
10:02:01.999 [Forwarding getElementTagName on session 9f96ffc4fc4ea4d2bd4fa9b98009ef77 to remote] DEBUG org.asynchttpclient.netty.request.NettyRequestSender - Using pooled Channel '[id: 0x8d1c952f, L:/127.0.0.1:49904 - R:localhost/127.0.0.1:21769]' for 'GET' to 'http://localhost:21769/session/9f96ffc4fc4ea4d2bd4fa9b98009ef77/element/955ba204-57e8-467b-9560-4a8e6284cf01/name'
10:02:01.999 [Forwarding getElementTagName on session 9f96ffc4fc4ea4d2bd4fa9b98009ef77 to remote] DEBUG org.asynchttpclient.netty.request.NettyRequestSender - Using open Channel [id: 0x8d1c952f, L:/127.0.0.1:49904 - R:localhost/127.0.0.1:21769] for GET '/session/9f96ffc4fc4ea4d2bd4fa9b98009ef77/element/955ba204-57e8-467b-9560-4a8e6284cf01/name'
10:02:02.010 [AsyncHttpClient-1-8] DEBUG org.asynchttpclient.netty.handler.HttpHandler - 

Request DefaultFullHttpRequest(decodeResult: success, version: HTTP/1.1, content: EmptyByteBufBE)
GET /session/9f96ffc4fc4ea4d2bd4fa9b98009ef77/element/955ba204-57e8-467b-9560-4a8e6284cf01/name HTTP/1.1
User-Agent: selenium/4.7.1 (java windows)
Cache-Control: no-cache
Content-Type: application/json; charset=utf-8
host: localhost:21769
accept: */*

Response DefaultHttpResponse(decodeResult: success, version: HTTP/1.1)
HTTP/1.1 200 OK
Content-Type: application/json; charset=utf-8
cache-control: no-cache
content-length: 18

10:02:02.010 [AsyncHttpClient-1-8] DEBUG org.asynchttpclient.netty.channel.ChannelManager - Adding key: http://localhost:21769 for channel [id: 0x8d1c952f, L:/127.0.0.1:49904 - R:localhost/127.0.0.1:21769]
10:02:02.012 [Forwarding getElementTagName on session 9f96ffc4fc4ea4d2bd4fa9b98009ef77 to remote] DEBUG org.asynchttpclient.netty.request.NettyRequestSender - Using pooled Channel '[id: 0x8d1c952f, L:/127.0.0.1:49904 - R:localhost/127.0.0.1:21769]' for 'GET' to 'http://localhost:21769/session/9f96ffc4fc4ea4d2bd4fa9b98009ef77/element/955ba204-57e8-467b-9560-4a8e6284cf01/name'
10:02:02.012 [Forwarding getElementTagName on session 9f96ffc4fc4ea4d2bd4fa9b98009ef77 to remote] DEBUG org.asynchttpclient.netty.request.NettyRequestSender - Using open Channel [id: 0x8d1c952f, L:/127.0.0.1:49904 - R:localhost/127.0.0.1:21769] for GET '/session/9f96ffc4fc4ea4d2bd4fa9b98009ef77/element/955ba204-57e8-467b-9560-4a8e6284cf01/name'
10:02:02.020 [AsyncHttpClient-1-8] DEBUG org.asynchttpclient.netty.handler.HttpHandler - 

Request DefaultFullHttpRequest(decodeResult: success, version: HTTP/1.1, content: EmptyByteBufBE)
GET /session/9f96ffc4fc4ea4d2bd4fa9b98009ef77/element/955ba204-57e8-467b-9560-4a8e6284cf01/name HTTP/1.1
User-Agent: selenium/4.7.1 (java windows)
Cache-Control: no-cache
Content-Type: application/json; charset=utf-8
host: localhost:21769
accept: */*

Response DefaultHttpResponse(decodeResult: success, version: HTTP/1.1)
HTTP/1.1 200 OK
Content-Type: application/json; charset=utf-8
cache-control: no-cache
content-length: 18

10:02:02.022 [AsyncHttpClient-1-8] DEBUG org.asynchttpclient.netty.channel.ChannelManager - Adding key: http://localhost:21769 for channel [id: 0x8d1c952f, L:/127.0.0.1:49904 - R:localhost/127.0.0.1:21769]
10:02:02.027 [Forwarding isElementEnabled on session 9f96ffc4fc4ea4d2bd4fa9b98009ef77 to remote] DEBUG org.asynchttpclient.netty.request.NettyRequestSender - Using pooled Channel '[id: 0x8d1c952f, L:/127.0.0.1:49904 - R:localhost/127.0.0.1:21769]' for 'GET' to 'http://localhost:21769/session/9f96ffc4fc4ea4d2bd4fa9b98009ef77/element/955ba204-57e8-467b-9560-4a8e6284cf01/enabled'
10:02:02.027 [Forwarding isElementEnabled on session 9f96ffc4fc4ea4d2bd4fa9b98009ef77 to remote] DEBUG org.asynchttpclient.netty.request.NettyRequestSender - Using open Channel [id: 0x8d1c952f, L:/127.0.0.1:49904 - R:localhost/127.0.0.1:21769] for GET '/session/9f96ffc4fc4ea4d2bd4fa9b98009ef77/element/955ba204-57e8-467b-9560-4a8e6284cf01/enabled'
10:02:02.042 [AsyncHttpClient-1-8] DEBUG org.asynchttpclient.netty.handler.HttpHandler - 

Request DefaultFullHttpRequest(decodeResult: success, version: HTTP/1.1, content: EmptyByteBufBE)
GET /session/9f96ffc4fc4ea4d2bd4fa9b98009ef77/element/955ba204-57e8-467b-9560-4a8e6284cf01/enabled HTTP/1.1
User-Agent: selenium/4.7.1 (java windows)
Cache-Control: no-cache
Content-Type: application/json; charset=utf-8
host: localhost:21769
accept: */*

Response DefaultHttpResponse(decodeResult: success, version: HTTP/1.1)
HTTP/1.1 200 OK
Content-Type: application/json; charset=utf-8
cache-control: no-cache
content-length: 14

10:02:02.042 [AsyncHttpClient-1-8] DEBUG org.asynchttpclient.netty.channel.ChannelManager - Adding key: http://localhost:21769 for channel [id: 0x8d1c952f, L:/127.0.0.1:49904 - R:localhost/127.0.0.1:21769]
10:02:02.044 [Forwarding isElementEnabled on session 9f96ffc4fc4ea4d2bd4fa9b98009ef77 to remote] DEBUG org.asynchttpclient.netty.request.NettyRequestSender - Using pooled Channel '[id: 0x8d1c952f, L:/127.0.0.1:49904 - R:localhost/127.0.0.1:21769]' for 'GET' to 'http://localhost:21769/session/9f96ffc4fc4ea4d2bd4fa9b98009ef77/element/955ba204-57e8-467b-9560-4a8e6284cf01/enabled'
10:02:02.044 [Forwarding isElementEnabled on session 9f96ffc4fc4ea4d2bd4fa9b98009ef77 to remote] DEBUG org.asynchttpclient.netty.request.NettyRequestSender - Using open Channel [id: 0x8d1c952f, L:/127.0.0.1:49904 - R:localhost/127.0.0.1:21769] for GET '/session/9f96ffc4fc4ea4d2bd4fa9b98009ef77/element/955ba204-57e8-467b-9560-4a8e6284cf01/enabled'
10:02:02.060 [AsyncHttpClient-1-8] DEBUG org.asynchttpclient.netty.handler.HttpHandler - 

Request DefaultFullHttpRequest(decodeResult: success, version: HTTP/1.1, content: EmptyByteBufBE)
GET /session/9f96ffc4fc4ea4d2bd4fa9b98009ef77/element/955ba204-57e8-467b-9560-4a8e6284cf01/enabled HTTP/1.1
User-Agent: selenium/4.7.1 (java windows)
Cache-Control: no-cache
Content-Type: application/json; charset=utf-8
host: localhost:21769
accept: */*

Response DefaultHttpResponse(decodeResult: success, version: HTTP/1.1)
HTTP/1.1 200 OK
Content-Type: application/json; charset=utf-8
cache-control: no-cache
content-length: 14

10:02:02.060 [AsyncHttpClient-1-8] DEBUG org.asynchttpclient.netty.channel.ChannelManager - Adding key: http://localhost:21769 for channel [id: 0x8d1c952f, L:/127.0.0.1:49904 - R:localhost/127.0.0.1:21769]
10:02:02.063 [Forwarding findElement on session 9f96ffc4fc4ea4d2bd4fa9b98009ef77 to remote] DEBUG org.asynchttpclient.netty.request.NettyRequestSender - Using pooled Channel '[id: 0x8d1c952f, L:/127.0.0.1:49904 - R:localhost/127.0.0.1:21769]' for 'POST' to 'http://localhost:21769/session/9f96ffc4fc4ea4d2bd4fa9b98009ef77/element'
10:02:02.063 [Forwarding findElement on session 9f96ffc4fc4ea4d2bd4fa9b98009ef77 to remote] DEBUG org.asynchttpclient.netty.request.NettyRequestSender - Using open Channel [id: 0x8d1c952f, L:/127.0.0.1:49904 - R:localhost/127.0.0.1:21769] for POST '/session/9f96ffc4fc4ea4d2bd4fa9b98009ef77/element'
10:02:02.078 [AsyncHttpClient-1-8] DEBUG org.asynchttpclient.netty.handler.HttpHandler - 

Request DefaultHttpRequest(decodeResult: success, version: HTTP/1.1)
POST /session/9f96ffc4fc4ea4d2bd4fa9b98009ef77/element HTTP/1.1
User-Agent: selenium/4.7.1 (java windows)
Content-Length: 141
Content-Type: application/json; charset=utf-8
host: localhost:21769
accept: */*

Response DefaultHttpResponse(decodeResult: success, version: HTTP/1.1)
HTTP/1.1 200 OK
Content-Type: application/json; charset=utf-8
cache-control: no-cache
content-length: 88

10:02:02.078 [AsyncHttpClient-1-8] DEBUG org.asynchttpclient.netty.channel.ChannelManager - Adding key: http://localhost:21769 for channel [id: 0x8d1c952f, L:/127.0.0.1:49904 - R:localhost/127.0.0.1:21769]
10:02:02.080 [Forwarding clickElement on session 9f96ffc4fc4ea4d2bd4fa9b98009ef77 to remote] DEBUG org.asynchttpclient.netty.request.NettyRequestSender - Using pooled Channel '[id: 0x8d1c952f, L:/127.0.0.1:49904 - R:localhost/127.0.0.1:21769]' for 'POST' to 'http://localhost:21769/session/9f96ffc4fc4ea4d2bd4fa9b98009ef77/element/955ba204-57e8-467b-9560-4a8e6284cf01/click'
10:02:02.081 [Forwarding clickElement on session 9f96ffc4fc4ea4d2bd4fa9b98009ef77 to remote] DEBUG org.asynchttpclient.netty.request.NettyRequestSender - Using open Channel [id: 0x8d1c952f, L:/127.0.0.1:49904 - R:localhost/127.0.0.1:21769] for POST '/session/9f96ffc4fc4ea4d2bd4fa9b98009ef77/element/955ba204-57e8-467b-9560-4a8e6284cf01/click'
10:02:02.172 [AsyncHttpClient-1-8] DEBUG org.asynchttpclient.netty.handler.HttpHandler - 

Request DefaultHttpRequest(decodeResult: success, version: HTTP/1.1)
POST /session/9f96ffc4fc4ea4d2bd4fa9b98009ef77/element/955ba204-57e8-467b-9560-4a8e6284cf01/click HTTP/1.1
User-Agent: selenium/4.7.1 (java windows)
Content-Length: 50
Content-Type: application/json; charset=utf-8
host: localhost:21769
accept: */*

Response DefaultHttpResponse(decodeResult: success, version: HTTP/1.1)
HTTP/1.1 200 OK
Content-Type: application/json; charset=utf-8
cache-control: no-cache
content-length: 14

10:02:02.173 [AsyncHttpClient-1-8] DEBUG org.asynchttpclient.netty.channel.ChannelManager - Adding key: http://localhost:21769 for channel [id: 0x8d1c952f, L:/127.0.0.1:49904 - R:localhost/127.0.0.1:21769]
10:02:02.192 [Forwarding getCurrentWindowHandle on session 9f96ffc4fc4ea4d2bd4fa9b98009ef77 to remote] DEBUG org.asynchttpclient.netty.request.NettyRequestSender - Using pooled Channel '[id: 0x8d1c952f, L:/127.0.0.1:49904 - R:localhost/127.0.0.1:21769]' for 'GET' to 'http://localhost:21769/session/9f96ffc4fc4ea4d2bd4fa9b98009ef77/window'
10:02:02.193 [Forwarding getCurrentWindowHandle on session 9f96ffc4fc4ea4d2bd4fa9b98009ef77 to remote] DEBUG org.asynchttpclient.netty.request.NettyRequestSender - Using open Channel [id: 0x8d1c952f, L:/127.0.0.1:49904 - R:localhost/127.0.0.1:21769] for GET '/session/9f96ffc4fc4ea4d2bd4fa9b98009ef77/window'
10:02:02.195 [AsyncHttpClient-1-8] DEBUG org.asynchttpclient.netty.handler.HttpHandler - 

Request DefaultFullHttpRequest(decodeResult: success, version: HTTP/1.1, content: EmptyByteBufBE)
GET /session/9f96ffc4fc4ea4d2bd4fa9b98009ef77/window HTTP/1.1
User-Agent: selenium/4.7.1 (java windows)
Cache-Control: no-cache
Content-Type: application/json; charset=utf-8
host: localhost:21769
accept: */*

Response DefaultHttpResponse(decodeResult: success, version: HTTP/1.1)
HTTP/1.1 200 OK
Content-Type: application/json; charset=utf-8
cache-control: no-cache
content-length: 44

10:02:02.196 [AsyncHttpClient-1-8] DEBUG org.asynchttpclient.netty.channel.ChannelManager - Adding key: http://localhost:21769 for channel [id: 0x8d1c952f, L:/127.0.0.1:49904 - R:localhost/127.0.0.1:21769]
10:02:02.199 [Forwarding getAlertText on session 9f96ffc4fc4ea4d2bd4fa9b98009ef77 to remote] DEBUG org.asynchttpclient.netty.request.NettyRequestSender - Using pooled Channel '[id: 0x8d1c952f, L:/127.0.0.1:49904 - R:localhost/127.0.0.1:21769]' for 'GET' to 'http://localhost:21769/session/9f96ffc4fc4ea4d2bd4fa9b98009ef77/alert/text'
10:02:02.199 [Forwarding getAlertText on session 9f96ffc4fc4ea4d2bd4fa9b98009ef77 to remote] DEBUG org.asynchttpclient.netty.request.NettyRequestSender - Using open Channel [id: 0x8d1c952f, L:/127.0.0.1:49904 - R:localhost/127.0.0.1:21769] for GET '/session/9f96ffc4fc4ea4d2bd4fa9b98009ef77/alert/text'
10:02:02.203 [AsyncHttpClient-1-8] DEBUG org.asynchttpclient.netty.handler.HttpHandler - 

Request DefaultFullHttpRequest(decodeResult: success, version: HTTP/1.1, content: EmptyByteBufBE)
GET /session/9f96ffc4fc4ea4d2bd4fa9b98009ef77/alert/text HTTP/1.1
User-Agent: selenium/4.7.1 (java windows)
Cache-Control: no-cache
Content-Type: application/json; charset=utf-8
host: localhost:21769
accept: */*

Response DefaultHttpResponse(decodeResult: success, version: HTTP/1.1)
HTTP/1.1 404 Not Found
Content-Type: application/json; charset=utf-8
cache-control: no-cache
content-length: 821

10:02:02.204 [AsyncHttpClient-1-8] DEBUG org.asynchttpclient.netty.channel.ChannelManager - Adding key: http://localhost:21769 for channel [id: 0x8d1c952f, L:/127.0.0.1:49904 - R:localhost/127.0.0.1:21769]
10:02:02.213 [Forwarding switchToWindow on session 9f96ffc4fc4ea4d2bd4fa9b98009ef77 to remote] DEBUG org.asynchttpclient.netty.request.NettyRequestSender - Using pooled Channel '[id: 0x8d1c952f, L:/127.0.0.1:49904 - R:localhost/127.0.0.1:21769]' for 'POST' to 'http://localhost:21769/session/9f96ffc4fc4ea4d2bd4fa9b98009ef77/window'
10:02:02.213 [Forwarding switchToWindow on session 9f96ffc4fc4ea4d2bd4fa9b98009ef77 to remote] DEBUG org.asynchttpclient.netty.request.NettyRequestSender - Using open Channel [id: 0x8d1c952f, L:/127.0.0.1:49904 - R:localhost/127.0.0.1:21769] for POST '/session/9f96ffc4fc4ea4d2bd4fa9b98009ef77/window'
10:02:02.218 [AsyncHttpClient-1-8] DEBUG org.asynchttpclient.netty.handler.HttpHandler - 

Request DefaultHttpRequest(decodeResult: success, version: HTTP/1.1)
POST /session/9f96ffc4fc4ea4d2bd4fa9b98009ef77/window HTTP/1.1
User-Agent: selenium/4.7.1 (java windows)
Content-Length: 50
Content-Type: application/json; charset=utf-8
host: localhost:21769
accept: */*

Response DefaultHttpResponse(decodeResult: success, version: HTTP/1.1)
HTTP/1.1 200 OK
Content-Type: application/json; charset=utf-8
cache-control: no-cache
content-length: 14

10:02:02.219 [AsyncHttpClient-1-8] DEBUG org.asynchttpclient.netty.channel.ChannelManager - Adding key: http://localhost:21769 for channel [id: 0x8d1c952f, L:/127.0.0.1:49904 - R:localhost/127.0.0.1:21769]
10:02:02.221 [Forwarding getCurrentUrl on session 9f96ffc4fc4ea4d2bd4fa9b98009ef77 to remote] DEBUG org.asynchttpclient.netty.request.NettyRequestSender - Using pooled Channel '[id: 0x8d1c952f, L:/127.0.0.1:49904 - R:localhost/127.0.0.1:21769]' for 'GET' to 'http://localhost:21769/session/9f96ffc4fc4ea4d2bd4fa9b98009ef77/url'
10:02:02.221 [Forwarding getCurrentUrl on session 9f96ffc4fc4ea4d2bd4fa9b98009ef77 to remote] DEBUG org.asynchttpclient.netty.request.NettyRequestSender - Using open Channel [id: 0x8d1c952f, L:/127.0.0.1:49904 - R:localhost/127.0.0.1:21769] for GET '/session/9f96ffc4fc4ea4d2bd4fa9b98009ef77/url'
10:02:02.234 [AsyncHttpClient-1-8] DEBUG org.asynchttpclient.netty.handler.HttpHandler - 

Request DefaultFullHttpRequest(decodeResult: success, version: HTTP/1.1, content: EmptyByteBufBE)
GET /session/9f96ffc4fc4ea4d2bd4fa9b98009ef77/url HTTP/1.1
User-Agent: selenium/4.7.1 (java windows)
Cache-Control: no-cache
Content-Type: application/json; charset=utf-8
host: localhost:21769
accept: */*

Response DefaultHttpResponse(decodeResult: success, version: HTTP/1.1)
HTTP/1.1 200 OK
Content-Type: application/json; charset=utf-8
cache-control: no-cache
content-length: 51

10:02:02.234 [AsyncHttpClient-1-8] DEBUG org.asynchttpclient.netty.channel.ChannelManager - Adding key: http://localhost:21769 for channel [id: 0x8d1c952f, L:/127.0.0.1:49904 - R:localhost/127.0.0.1:21769]
10:02:02.236 [Forwarding screenshot on session 9f96ffc4fc4ea4d2bd4fa9b98009ef77 to remote] DEBUG org.asynchttpclient.netty.request.NettyRequestSender - Using pooled Channel '[id: 0x8d1c952f, L:/127.0.0.1:49904 - R:localhost/127.0.0.1:21769]' for 'GET' to 'http://localhost:21769/session/9f96ffc4fc4ea4d2bd4fa9b98009ef77/screenshot'
10:02:02.236 [Forwarding screenshot on session 9f96ffc4fc4ea4d2bd4fa9b98009ef77 to remote] DEBUG org.asynchttpclient.netty.request.NettyRequestSender - Using open Channel [id: 0x8d1c952f, L:/127.0.0.1:49904 - R:localhost/127.0.0.1:21769] for GET '/session/9f96ffc4fc4ea4d2bd4fa9b98009ef77/screenshot'
10:02:02.380 [AsyncHttpClient-1-8] DEBUG org.asynchttpclient.netty.handler.HttpHandler - 

Request DefaultFullHttpRequest(decodeResult: success, version: HTTP/1.1, content: EmptyByteBufBE)
GET /session/9f96ffc4fc4ea4d2bd4fa9b98009ef77/screenshot HTTP/1.1
User-Agent: selenium/4.7.1 (java windows)
Cache-Control: no-cache
Content-Type: application/json; charset=utf-8
host: localhost:21769
accept: */*

Response DefaultHttpResponse(decodeResult: success, version: HTTP/1.1)
HTTP/1.1 200 OK
Content-Type: application/json; charset=utf-8
cache-control: no-cache
content-length: 29304

10:02:02.382 [AsyncHttpClient-1-8] DEBUG org.asynchttpclient.netty.channel.ChannelManager - Adding key: http://localhost:21769 for channel [id: 0x8d1c952f, L:/127.0.0.1:49904 - R:localhost/127.0.0.1:21769]
10:02:02.385 [main] DEBUG net.serenitybdd.core.photography.Darkroom - Send negative for processing for target\site\serenity\b6f52c4a25460d2239fb6b4b6271055a5ee86dbcc867310737027a19c6ec94c5.png
10:02:02.386 [main] DEBUG net.thucydides.core.steps.StepInterceptor - STEP DONE: klikButtonLoginKedua
10:02:02.386 [Darkroom Processing Line] DEBUG net.serenitybdd.core.photography.DarkroomProcessingLine - Processing screenshot image in /var/screenshots/screenshot-10549953659148059072
10:02:02.386 [Darkroom Processing Line] DEBUG net.serenitybdd.core.photography.DarkroomProcessingLine - Saving screenshot to target\site\serenity\b6f52c4a25460d2239fb6b4b6271055a5ee86dbcc867310737027a19c6ec94c5.png
  &amp#27;[32mThen &amp#27;[0m&amp#27;[32muser klik button login yang kedua&amp#27;[0m                               &amp#27;[90m# starter.stepdefinitions.LoginRegisterSteps.userKlikButtonLoginYangKedua()&amp#27;[0m
10:02:02.408 [main] DEBUG net.thucydides.core.steps.StepInterceptor - STARTING STEP: LoginRegisterSteps.userMenerimaErrorMessage - munculErrorMessage
10:02:02.411 [Forwarding findElement on session 9f96ffc4fc4ea4d2bd4fa9b98009ef77 to remote] DEBUG org.asynchttpclient.netty.request.NettyRequestSender - Using pooled Channel '[id: 0x8d1c952f, L:/127.0.0.1:49904 - R:localhost/127.0.0.1:21769]' for 'POST' to 'http://localhost:21769/session/9f96ffc4fc4ea4d2bd4fa9b98009ef77/element'
10:02:02.412 [Forwarding findElement on session 9f96ffc4fc4ea4d2bd4fa9b98009ef77 to remote] DEBUG org.asynchttpclient.netty.request.NettyRequestSender - Using open Channel [id: 0x8d1c952f, L:/127.0.0.1:49904 - R:localhost/127.0.0.1:21769] for POST '/session/9f96ffc4fc4ea4d2bd4fa9b98009ef77/element'
10:02:03.065 [AsyncHttpClient-1-1] DEBUG org.asynchttpclient.netty.channel.DefaultChannelPool - Entry count for : http://localhost:49905 : 1
10:02:03.221 [AsyncHttpClient-1-8] DEBUG org.asynchttpclient.netty.handler.HttpHandler - 

Request DefaultHttpRequest(decodeResult: success, version: HTTP/1.1)
POST /session/9f96ffc4fc4ea4d2bd4fa9b98009ef77/element HTTP/1.1
User-Agent: selenium/4.7.1 (java windows)
Content-Length: 139
Content-Type: application/json; charset=utf-8
host: localhost:21769
accept: */*

Response DefaultHttpResponse(decodeResult: success, version: HTTP/1.1)
HTTP/1.1 200 OK
Content-Type: application/json; charset=utf-8
cache-control: no-cache
content-length: 88

10:02:03.222 [AsyncHttpClient-1-8] DEBUG org.asynchttpclient.netty.channel.ChannelManager - Adding key: http://localhost:21769 for channel [id: 0x8d1c952f, L:/127.0.0.1:49904 - R:localhost/127.0.0.1:21769]
10:02:03.227 [Forwarding isElementDisplayed on session 9f96ffc4fc4ea4d2bd4fa9b98009ef77 to remote] DEBUG org.asynchttpclient.netty.request.NettyRequestSender - Using pooled Channel '[id: 0x8d1c952f, L:/127.0.0.1:49904 - R:localhost/127.0.0.1:21769]' for 'POST' to 'http://localhost:21769/session/9f96ffc4fc4ea4d2bd4fa9b98009ef77/execute/sync'
10:02:03.228 [Forwarding isElementDisplayed on session 9f96ffc4fc4ea4d2bd4fa9b98009ef77 to remote] DEBUG org.asynchttpclient.netty.request.NettyRequestSender - Using open Channel [id: 0x8d1c952f, L:/127.0.0.1:49904 - R:localhost/127.0.0.1:21769] for POST '/session/9f96ffc4fc4ea4d2bd4fa9b98009ef77/execute/sync'
10:02:03.244 [AsyncHttpClient-1-8] DEBUG org.asynchttpclient.netty.handler.HttpHandler - 

Request DefaultHttpRequest(decodeResult: success, version: HTTP/1.1)
POST /session/9f96ffc4fc4ea4d2bd4fa9b98009ef77/execute/sync HTTP/1.1
User-Agent: selenium/4.7.1 (java windows)
Content-Length: 48780
Content-Type: application/json; charset=utf-8
host: localhost:21769
accept: */*

Response DefaultHttpResponse(decodeResult: success, version: HTTP/1.1)
HTTP/1.1 200 OK
Content-Type: application/json; charset=utf-8
cache-control: no-cache
content-length: 14

10:02:03.244 [AsyncHttpClient-1-8] DEBUG org.asynchttpclient.netty.channel.ChannelManager - Adding key: http://localhost:21769 for channel [id: 0x8d1c952f, L:/127.0.0.1:49904 - R:localhost/127.0.0.1:21769]
10:02:03.251 [Forwarding getCurrentWindowHandle on session 9f96ffc4fc4ea4d2bd4fa9b98009ef77 to remote] DEBUG org.asynchttpclient.netty.request.NettyRequestSender - Using pooled Channel '[id: 0x8d1c952f, L:/127.0.0.1:49904 - R:localhost/127.0.0.1:21769]' for 'GET' to 'http://localhost:21769/session/9f96ffc4fc4ea4d2bd4fa9b98009ef77/window'
10:02:03.251 [Forwarding getCurrentWindowHandle on session 9f96ffc4fc4ea4d2bd4fa9b98009ef77 to remote] DEBUG org.asynchttpclient.netty.request.NettyRequestSender - Using open Channel [id: 0x8d1c952f, L:/127.0.0.1:49904 - R:localhost/127.0.0.1:21769] for GET '/session/9f96ffc4fc4ea4d2bd4fa9b98009ef77/window'
10:02:03.253 [AsyncHttpClient-1-8] DEBUG org.asynchttpclient.netty.handler.HttpHandler - 

Request DefaultFullHttpRequest(decodeResult: success, version: HTTP/1.1, content: EmptyByteBufBE)
GET /session/9f96ffc4fc4ea4d2bd4fa9b98009ef77/window HTTP/1.1
User-Agent: selenium/4.7.1 (java windows)
Cache-Control: no-cache
Content-Type: application/json; charset=utf-8
host: localhost:21769
accept: */*

Response DefaultHttpResponse(decodeResult: success, version: HTTP/1.1)
HTTP/1.1 200 OK
Content-Type: application/json; charset=utf-8
cache-control: no-cache
content-length: 44

10:02:03.253 [AsyncHttpClient-1-8] DEBUG org.asynchttpclient.netty.channel.ChannelManager - Adding key: http://localhost:21769 for channel [id: 0x8d1c952f, L:/127.0.0.1:49904 - R:localhost/127.0.0.1:21769]
10:02:03.256 [Forwarding getAlertText on session 9f96ffc4fc4ea4d2bd4fa9b98009ef77 to remote] DEBUG org.asynchttpclient.netty.request.NettyRequestSender - Using pooled Channel '[id: 0x8d1c952f, L:/127.0.0.1:49904 - R:localhost/127.0.0.1:21769]' for 'GET' to 'http://localhost:21769/session/9f96ffc4fc4ea4d2bd4fa9b98009ef77/alert/text'
10:02:03.257 [Forwarding getAlertText on session 9f96ffc4fc4ea4d2bd4fa9b98009ef77 to remote] DEBUG org.asynchttpclient.netty.request.NettyRequestSender - Using open Channel [id: 0x8d1c952f, L:/127.0.0.1:49904 - R:localhost/127.0.0.1:21769] for GET '/session/9f96ffc4fc4ea4d2bd4fa9b98009ef77/alert/text'
10:02:03.260 [AsyncHttpClient-1-8] DEBUG org.asynchttpclient.netty.handler.HttpHandler - 

Request DefaultFullHttpRequest(decodeResult: success, version: HTTP/1.1, content: EmptyByteBufBE)
GET /session/9f96ffc4fc4ea4d2bd4fa9b98009ef77/alert/text HTTP/1.1
User-Agent: selenium/4.7.1 (java windows)
Cache-Control: no-cache
Content-Type: application/json; charset=utf-8
host: localhost:21769
accept: */*

Response DefaultHttpResponse(decodeResult: success, version: HTTP/1.1)
HTTP/1.1 404 Not Found
Content-Type: application/json; charset=utf-8
cache-control: no-cache
content-length: 821

10:02:03.261 [AsyncHttpClient-1-8] DEBUG org.asynchttpclient.netty.channel.ChannelManager - Adding key: http://localhost:21769 for channel [id: 0x8d1c952f, L:/127.0.0.1:49904 - R:localhost/127.0.0.1:21769]
10:02:03.264 [Forwarding switchToWindow on session 9f96ffc4fc4ea4d2bd4fa9b98009ef77 to remote] DEBUG org.asynchttpclient.netty.request.NettyRequestSender - Using pooled Channel '[id: 0x8d1c952f, L:/127.0.0.1:49904 - R:localhost/127.0.0.1:21769]' for 'POST' to 'http://localhost:21769/session/9f96ffc4fc4ea4d2bd4fa9b98009ef77/window'
10:02:03.264 [Forwarding switchToWindow on session 9f96ffc4fc4ea4d2bd4fa9b98009ef77 to remote] DEBUG org.asynchttpclient.netty.request.NettyRequestSender - Using open Channel [id: 0x8d1c952f, L:/127.0.0.1:49904 - R:localhost/127.0.0.1:21769] for POST '/session/9f96ffc4fc4ea4d2bd4fa9b98009ef77/window'
10:02:03.267 [AsyncHttpClient-1-8] DEBUG org.asynchttpclient.netty.handler.HttpHandler - 

Request DefaultHttpRequest(decodeResult: success, version: HTTP/1.1)
POST /session/9f96ffc4fc4ea4d2bd4fa9b98009ef77/window HTTP/1.1
User-Agent: selenium/4.7.1 (java windows)
Content-Length: 50
Content-Type: application/json; charset=utf-8
host: localhost:21769
accept: */*

Response DefaultHttpResponse(decodeResult: success, version: HTTP/1.1)
HTTP/1.1 200 OK
Content-Type: application/json; charset=utf-8
cache-control: no-cache
content-length: 14

10:02:03.268 [AsyncHttpClient-1-8] DEBUG org.asynchttpclient.netty.channel.ChannelManager - Adding key: http://localhost:21769 for channel [id: 0x8d1c952f, L:/127.0.0.1:49904 - R:localhost/127.0.0.1:21769]
10:02:03.270 [Forwarding getCurrentUrl on session 9f96ffc4fc4ea4d2bd4fa9b98009ef77 to remote] DEBUG org.asynchttpclient.netty.request.NettyRequestSender - Using pooled Channel '[id: 0x8d1c952f, L:/127.0.0.1:49904 - R:localhost/127.0.0.1:21769]' for 'GET' to 'http://localhost:21769/session/9f96ffc4fc4ea4d2bd4fa9b98009ef77/url'
10:02:03.270 [Forwarding getCurrentUrl on session 9f96ffc4fc4ea4d2bd4fa9b98009ef77 to remote] DEBUG org.asynchttpclient.netty.request.NettyRequestSender - Using open Channel [id: 0x8d1c952f, L:/127.0.0.1:49904 - R:localhost/127.0.0.1:21769] for GET '/session/9f96ffc4fc4ea4d2bd4fa9b98009ef77/url'
10:02:03.278 [AsyncHttpClient-1-8] DEBUG org.asynchttpclient.netty.handler.HttpHandler - 

Request DefaultFullHttpRequest(decodeResult: success, version: HTTP/1.1, content: EmptyByteBufBE)
GET /session/9f96ffc4fc4ea4d2bd4fa9b98009ef77/url HTTP/1.1
User-Agent: selenium/4.7.1 (java windows)
Cache-Control: no-cache
Content-Type: application/json; charset=utf-8
host: localhost:21769
accept: */*

Response DefaultHttpResponse(decodeResult: success, version: HTTP/1.1)
HTTP/1.1 200 OK
Content-Type: application/json; charset=utf-8
cache-control: no-cache
content-length: 51

10:02:03.278 [AsyncHttpClient-1-8] DEBUG org.asynchttpclient.netty.channel.ChannelManager - Adding key: http://localhost:21769 for channel [id: 0x8d1c952f, L:/127.0.0.1:49904 - R:localhost/127.0.0.1:21769]
10:02:03.280 [Forwarding screenshot on session 9f96ffc4fc4ea4d2bd4fa9b98009ef77 to remote] DEBUG org.asynchttpclient.netty.request.NettyRequestSender - Using pooled Channel '[id: 0x8d1c952f, L:/127.0.0.1:49904 - R:localhost/127.0.0.1:21769]' for 'GET' to 'http://localhost:21769/session/9f96ffc4fc4ea4d2bd4fa9b98009ef77/screenshot'
10:02:03.280 [Forwarding screenshot on session 9f96ffc4fc4ea4d2bd4fa9b98009ef77 to remote] DEBUG org.asynchttpclient.netty.request.NettyRequestSender - Using open Channel [id: 0x8d1c952f, L:/127.0.0.1:49904 - R:localhost/127.0.0.1:21769] for GET '/session/9f96ffc4fc4ea4d2bd4fa9b98009ef77/screenshot'
10:02:03.412 [AsyncHttpClient-1-8] DEBUG org.asynchttpclient.netty.handler.HttpHandler - 

Request DefaultFullHttpRequest(decodeResult: success, version: HTTP/1.1, content: EmptyByteBufBE)
GET /session/9f96ffc4fc4ea4d2bd4fa9b98009ef77/screenshot HTTP/1.1
User-Agent: selenium/4.7.1 (java windows)
Cache-Control: no-cache
Content-Type: application/json; charset=utf-8
host: localhost:21769
accept: */*

Response DefaultHttpResponse(decodeResult: success, version: HTTP/1.1)
HTTP/1.1 200 OK
Content-Type: application/json; charset=utf-8
cache-control: no-cache
content-length: 34556

10:02:03.413 [AsyncHttpClient-1-8] DEBUG org.asynchttpclient.netty.channel.ChannelManager - Adding key: http://localhost:21769 for channel [id: 0x8d1c952f, L:/127.0.0.1:49904 - R:localhost/127.0.0.1:21769]
10:02:03.415 [main] DEBUG net.serenitybdd.core.photography.Darkroom - Send negative for processing for target\site\serenity\093981ed5fdd67a1c4928b763be1d9a1a612503846ba60f4b5eaec5a0cf30057.png
10:02:03.416 [main] DEBUG net.thucydides.core.steps.StepInterceptor - STEP DONE: munculErrorMessage
10:02:03.416 [Darkroom Processing Line] DEBUG net.serenitybdd.core.photography.DarkroomProcessingLine - Processing screenshot image in /var/screenshots/screenshot-14018697185092330875
10:02:03.416 [Darkroom Processing Line] DEBUG net.serenitybdd.core.photography.DarkroomProcessingLine - Saving screenshot to target\site\serenity\093981ed5fdd67a1c4928b763be1d9a1a612503846ba60f4b5eaec5a0cf30057.png
  &amp#27;[32mAnd &amp#27;[0m&amp#27;[32muser menerima error message &amp#27;[0m&amp#27;[32m&amp#27;[1m"email or password is invalid"&amp#27;[0m       &amp#27;[90m# starter.stepdefinitions.LoginRegisterSteps.userMenerimaErrorMessage(java.lang.String)&amp#27;[0m
10:02:03.427 [main] INFO  - 
  _____   ___   ___   _____     ___     _     ___   ___   ___   ___  
 |_   _| | __| / __| |_   _|   | _ \   /_\   / __| / __| | __| |   \ 
   | |   | _|  \__ \   | |     |  _/  / _ \  \__ \ \__ \ | _|  | |) |
   |_|   |___| |___/   |_|     |_|   /_/ \_\ |___/ |___/ |___| |___/ 

user tidak bisa login karena menggunakan password yang salah
----------------------------------------------------------------------
10:02:03.429 [AsyncHttpClient-1-10] DEBUG org.asynchttpclient.netty.handler.WebSocketHandler - Channel Closed: [id: 0x46bbff61, L:/127.0.0.1:49912 ! R:localhost/127.0.0.1:49905] with attribute NettyResponseFuture{currentRetry=0,
	isDone=1,
	isCancelled=0,
	asyncHandler=org.asynchttpclient.ws.WebSocketUpgradeHandler@79653c34,
	nettyRequest=org.asynchttpclient.netty.request.NettyRequest@3c67bd7c,
	future=java.util.concurrent.CompletableFuture@2559eac3[Completed normally],
	uri=ws://localhost:49905/devtools/browser/a92ea8bc-e611-4344-9dc9-0bd45f0ffc12,
	keepAlive=true,
	redirectCount=0,
	timeoutsHolder=null,
	inAuth=0,
	touch=1683514916708}
10:02:03.429 [Driver Command Executor] DEBUG org.asynchttpclient.netty.request.NettyRequestSender - Using pooled Channel '[id: 0x8d1c952f, L:/127.0.0.1:49904 - R:localhost/127.0.0.1:21769]' for 'DELETE' to 'http://localhost:21769/session/9f96ffc4fc4ea4d2bd4fa9b98009ef77'
10:02:03.429 [AsyncHttpClient-1-10] DEBUG org.asynchttpclient.netty.channel.ChannelManager - Closing Channel [id: 0x46bbff61, L:/127.0.0.1:49912 ! R:localhost/127.0.0.1:49905] 
10:02:03.429 [Driver Command Executor] DEBUG org.asynchttpclient.netty.request.NettyRequestSender - Using open Channel [id: 0x8d1c952f, L:/127.0.0.1:49904 - R:localhost/127.0.0.1:21769] for DELETE '/session/9f96ffc4fc4ea4d2bd4fa9b98009ef77'
10:02:03.531 [AsyncHttpClient-1-9] DEBUG org.asynchttpclient.netty.handler.HttpHandler - Unexpected I/O exception on channel [id: 0x35aab4c8, L:/127.0.0.1:49911 - R:localhost/127.0.0.1:49905]
java.net.SocketException: Connection reset
	at java.base/sun.nio.ch.SocketChannelImpl.throwConnectionReset(SocketChannelImpl.java:401)
	at java.base/sun.nio.ch.SocketChannelImpl.read(SocketChannelImpl.java:434)
	at io.netty.buffer.PooledByteBuf.setBytes(PooledByteBuf.java:259)
	at io.netty.buffer.AbstractByteBuf.writeBytes(AbstractByteBuf.java:1132)
	at io.netty.channel.socket.nio.NioSocketChannel.doReadBytes(NioSocketChannel.java:357)
	at io.netty.channel.nio.AbstractNioByteChannel$NioByteUnsafe.read(AbstractNioByteChannel.java:151)
	at io.netty.channel.nio.NioEventLoop.processSelectedKey(NioEventLoop.java:788)
	at io.netty.channel.nio.NioEventLoop.processSelectedKeysOptimized(NioEventLoop.java:724)
	at io.netty.channel.nio.NioEventLoop.processSelectedKeys(NioEventLoop.java:650)
	at io.netty.channel.nio.NioEventLoop.run(NioEventLoop.java:562)
	at io.netty.util.concurrent.SingleThreadEventExecutor$4.run(SingleThreadEventExecutor.java:997)
	at io.netty.util.internal.ThreadExecutorMap$2.run(ThreadExecutorMap.java:74)
	at io.netty.util.concurrent.FastThreadLocalRunnable.run(FastThreadLocalRunnable.java:30)
	at java.base/java.lang.Thread.run(Thread.java:1589)
10:02:03.531 [AsyncHttpClient-1-9] DEBUG org.asynchttpclient.netty.channel.ChannelManager - Closing Channel [id: 0x35aab4c8, L:/127.0.0.1:49911 - R:localhost/127.0.0.1:49905] 
10:02:03.532 [AsyncHttpClient-1-9] DEBUG org.asynchttpclient.netty.handler.HttpHandler - Channel Closed: [id: 0x35aab4c8, L:/127.0.0.1:49911 ! R:localhost/127.0.0.1:49905] with attribute DISCARD
10:02:03.581 [AsyncHttpClient-1-8] DEBUG org.asynchttpclient.netty.handler.HttpHandler - 

Request DefaultFullHttpRequest(decodeResult: success, version: HTTP/1.1, content: EmptyByteBufBE)
DELETE /session/9f96ffc4fc4ea4d2bd4fa9b98009ef77 HTTP/1.1
User-Agent: selenium/4.7.1 (java windows)
Content-Type: application/json; charset=utf-8
host: localhost:21769
accept: */*

Response DefaultHttpResponse(decodeResult: success, version: HTTP/1.1)
HTTP/1.1 200 OK
Content-Type: application/json; charset=utf-8
cache-control: no-cache
content-length: 14

10:02:03.581 [AsyncHttpClient-1-8] DEBUG org.asynchttpclient.netty.channel.ChannelManager - Adding key: http://localhost:21769 for channel [id: 0x8d1c952f, L:/127.0.0.1:49904 - R:localhost/127.0.0.1:21769]
10:02:03.662 [AsyncHttpClient-1-8] DEBUG org.asynchttpclient.netty.handler.HttpHandler - Channel Closed: [id: 0x8d1c952f, L:/127.0.0.1:49904 ! R:localhost/127.0.0.1:21769] with attribute DISCARD
]]></system-out>
    <system-err><![CDATA[Starting ChromeDriver 112.0.5615.49 (bd2a7bcb881c11e8cfe3078709382934e3916914-refs/branch-heads/5615@{#936}) on port 21769
Only local connections are allowed.
Please see https://chromedriver.chromium.org/security-considerations for suggestions on keeping ChromeDriver safe.
ChromeDriver was started successfully.
May 08, 2023 10:01:56 AM org.openqa.selenium.devtools.CdpVersionFinder findNearestMatch
WARNING: Unable to find an exact match for CDP version 112, so returning the closest version found: 108
]]></system-err>
  </testcase>
  <testcase name="user tidak bisa login karena menggunakan email yang salah" classname="login" time="9.611">
    <system-out><![CDATA[
@AS04-negative
Scenario: user tidak bisa login karena menggunakan email yang salah &amp#27;[90m# src/test/resources/features/1. Login.feature:32&amp#27;[0m
10:02:03.727 [main] INFO io.cucumber.core.plugin.SerenityReporter - Running feature from file:///C:/Users/HP/Downloads/Mini-Project-QA/ALTASHOP%20WEB%20AUTOMATION/src/test/resources/features/1.%20Login.feature
10:02:03.734 [main] INFO  - 
  _____   ___   ___   _____     ___   _____     _     ___   _____   ___   ___  
 |_   _| | __| / __| |_   _|   / __| |_   _|   /_\   | _ \ |_   _| | __| |   \ 
   | |   | _|  \__ \   | |     \__ \   | |    / _ \  |   /   | |   | _|  | |) |
   |_|   |___| |___/   |_|     |___/   |_|   /_/ \_\ |_|_\   |_|   |___| |___/ 

user tidak bisa login karena menggunakan email yang salah(login;user-tidak-bisa-login-karena-menggunakan-email-yang-salah)
--------------------------------------------------------------------------------
10:02:03.798 [main] DEBUG net.thucydides.core.steps.StepInterceptor - STARTING STEP: LoginRegisterSteps.userBeradaDiHomepageAlta - diHomepageAltaShop
10:02:03.892 [main] INFO net.serenitybdd.core.webdriver.driverproviders.ChromeDriverProvider - Starting Chrome driver instance with capabilities:
10:02:03.893 [main] INFO net.serenitybdd.core.webdriver.driverproviders.ChromeDriverProvider - Capabilities {acceptInsecureCerts: true, browserName: chrome, goog:chromeOptions: {args: [remote-allow-origins=*, test-type, no-sandbox, ignore-certificate-errors, start-maximized, incognito, disable-infobars, disable-gpu, disable-default-apps, disable-popup-blocking, remote-allow-origins=*, test-type, no-sandbox, ignore-certificate-errors, start-maximized, incognito, disable-infobars, disable-gpu, disable-default-apps, disable-popup-blocking], extensions: []}}
10:02:04.081 [AsyncHttpClient-1-11] DEBUG org.asynchttpclient.netty.channel.NettyConnectListener - Using new Channel '[id: 0xf8222030, L:/127.0.0.1:49933 - R:localhost/127.0.0.1:33514]' for 'POST' to '/session'
10:02:04.175 [AsyncHttpClient-1-1] DEBUG org.asynchttpclient.netty.channel.DefaultChannelPool - Entry count for : http://localhost:21769 : 1
10:02:04.175 [AsyncHttpClient-1-1] DEBUG org.asynchttpclient.netty.channel.DefaultChannelPool - Entry count for : http://localhost:49905 : 1
10:02:04.175 [AsyncHttpClient-1-1] DEBUG org.asynchttpclient.netty.channel.DefaultChannelPool - Adding Candidate expired Channel [id: 0x8d1c952f, L:/127.0.0.1:49904 ! R:localhost/127.0.0.1:21769] isIdleTimeoutExpired=false isRemotelyClosed=true isTtlExpired=false
10:02:04.175 [AsyncHttpClient-1-1] DEBUG org.asynchttpclient.netty.channel.DefaultChannelPool - Closing Idle Channel [id: 0x8d1c952f, L:/127.0.0.1:49904 ! R:localhost/127.0.0.1:21769]
10:02:04.175 [AsyncHttpClient-1-1] DEBUG org.asynchttpclient.netty.channel.DefaultChannelPool - Adding Candidate expired Channel [id: 0x35aab4c8, L:/127.0.0.1:49911 ! R:localhost/127.0.0.1:49905] isIdleTimeoutExpired=false isRemotelyClosed=true isTtlExpired=false
10:02:04.175 [AsyncHttpClient-1-1] DEBUG org.asynchttpclient.netty.channel.DefaultChannelPool - Closing Idle Channel [id: 0x35aab4c8, L:/127.0.0.1:49911 ! R:localhost/127.0.0.1:49905]
10:02:04.175 [AsyncHttpClient-1-1] DEBUG org.asynchttpclient.netty.channel.DefaultChannelPool - Closed 2 connections out of 2 in 0 ms
10:02:06.188 [AsyncHttpClient-1-11] DEBUG org.asynchttpclient.netty.handler.HttpHandler - 

Request DefaultHttpRequest(decodeResult: success, version: HTTP/1.1)
POST /session HTTP/1.1
User-Agent: selenium/4.7.1 (java windows)
Content-Length: 1629
Content-Type: application/json; charset=utf-8
host: localhost:33514
accept: */*

Response DefaultHttpResponse(decodeResult: success, version: HTTP/1.1)
HTTP/1.1 200 OK
Content-Type: application/json; charset=utf-8
cache-control: no-cache
content-length: 855

10:02:06.188 [AsyncHttpClient-1-11] DEBUG org.asynchttpclient.netty.channel.ChannelManager - Adding key: http://localhost:33514 for channel [id: 0xf8222030, L:/127.0.0.1:49933 - R:localhost/127.0.0.1:33514]
10:02:06.216 [AsyncHttpClient-1-12] DEBUG org.asynchttpclient.netty.channel.NettyConnectListener - Using new Channel '[id: 0x0c9d23e4, L:/127.0.0.1:49941 - R:localhost/127.0.0.1:49934]' for 'GET' to '/json/version'
10:02:06.223 [AsyncHttpClient-1-12] DEBUG org.asynchttpclient.netty.handler.HttpHandler - 

Request DefaultFullHttpRequest(decodeResult: success, version: HTTP/1.1, content: EmptyByteBufBE)
GET /json/version HTTP/1.1
User-Agent: selenium/4.7.1 (java windows)
host: localhost:49934
accept: */*

Response DefaultHttpResponse(decodeResult: success, version: HTTP/1.1)
HTTP/1.1 200 OK
Content-Security-Policy: frame-ancestors 'none'
Content-Type: application/json; charset=UTF-8
content-length: 424

10:02:06.223 [AsyncHttpClient-1-12] DEBUG org.asynchttpclient.netty.channel.ChannelManager - Adding key: http://localhost:49934 for channel [id: 0x0c9d23e4, L:/127.0.0.1:49941 - R:localhost/127.0.0.1:49934]
10:02:06.241 [AsyncHttpClient-1-13] DEBUG org.asynchttpclient.netty.channel.NettyConnectListener - Using new Channel '[id: 0xce89393c, L:/127.0.0.1:49942 - R:localhost/127.0.0.1:49934]' for 'GET' to '/devtools/browser/569f15cf-dcc2-4112-b24f-1841a9c37857'
10:02:06.246 [AsyncHttpClient-1-13] DEBUG org.asynchttpclient.netty.handler.WebSocketHandler - 

Request DefaultFullHttpRequest(decodeResult: success, version: HTTP/1.1, content: EmptyByteBufBE)
GET /devtools/browser/569f15cf-dcc2-4112-b24f-1841a9c37857 HTTP/1.1
upgrade: websocket
connection: upgrade
sec-websocket-key: wULoqGpc23D9m11k1Q8RAw==
sec-websocket-version: 13
origin: http://localhost:49934
host: localhost:49934
accept: */*
user-agent: AHC/2.1

Response DefaultHttpResponse(decodeResult: success, version: HTTP/1.1)
HTTP/1.1 101 WebSocket Protocol Handshake
Upgrade: WebSocket
Connection: Upgrade
Sec-WebSocket-Accept: NNcmV9vBDj5OARqE7n6Inmu+8WA=

10:02:06.261 [Forwarding get on session af7f2cde6c93acca1a6ca487cbbd5c56 to remote] DEBUG org.asynchttpclient.netty.request.NettyRequestSender - Using pooled Channel '[id: 0xf8222030, L:/127.0.0.1:49933 - R:localhost/127.0.0.1:33514]' for 'POST' to 'http://localhost:33514/session/af7f2cde6c93acca1a6ca487cbbd5c56/url'
10:02:06.262 [Forwarding get on session af7f2cde6c93acca1a6ca487cbbd5c56 to remote] DEBUG org.asynchttpclient.netty.request.NettyRequestSender - Using open Channel [id: 0xf8222030, L:/127.0.0.1:49933 - R:localhost/127.0.0.1:33514] for POST '/session/af7f2cde6c93acca1a6ca487cbbd5c56/url'
10:02:06.376 [AsyncHttpClient-1-1] DEBUG org.asynchttpclient.netty.channel.DefaultChannelPool - Entry count for : http://localhost:49934 : 1
10:02:07.423 [AsyncHttpClient-1-11] DEBUG org.asynchttpclient.netty.handler.HttpHandler - 

Request DefaultHttpRequest(decodeResult: success, version: HTTP/1.1)
POST /session/af7f2cde6c93acca1a6ca487cbbd5c56/url HTTP/1.1
User-Agent: selenium/4.7.1 (java windows)
Content-Length: 59
Content-Type: application/json; charset=utf-8
host: localhost:33514
accept: */*

Response DefaultHttpResponse(decodeResult: success, version: HTTP/1.1)
HTTP/1.1 200 OK
Content-Type: application/json; charset=utf-8
cache-control: no-cache
content-length: 14

10:02:07.423 [AsyncHttpClient-1-11] DEBUG org.asynchttpclient.netty.channel.ChannelManager - Adding key: http://localhost:33514 for channel [id: 0xf8222030, L:/127.0.0.1:49933 - R:localhost/127.0.0.1:33514]
10:02:07.427 [Forwarding setTimeout on session af7f2cde6c93acca1a6ca487cbbd5c56 to remote] DEBUG org.asynchttpclient.netty.request.NettyRequestSender - Using pooled Channel '[id: 0xf8222030, L:/127.0.0.1:49933 - R:localhost/127.0.0.1:33514]' for 'POST' to 'http://localhost:33514/session/af7f2cde6c93acca1a6ca487cbbd5c56/timeouts'
10:02:07.427 [Forwarding setTimeout on session af7f2cde6c93acca1a6ca487cbbd5c56 to remote] DEBUG org.asynchttpclient.netty.request.NettyRequestSender - Using open Channel [id: 0xf8222030, L:/127.0.0.1:49933 - R:localhost/127.0.0.1:33514] for POST '/session/af7f2cde6c93acca1a6ca487cbbd5c56/timeouts'
10:02:07.448 [AsyncHttpClient-1-11] DEBUG org.asynchttpclient.netty.handler.HttpHandler - 

Request DefaultHttpRequest(decodeResult: success, version: HTTP/1.1)
POST /session/af7f2cde6c93acca1a6ca487cbbd5c56/timeouts HTTP/1.1
User-Agent: selenium/4.7.1 (java windows)
Content-Length: 22
Content-Type: application/json; charset=utf-8
host: localhost:33514
accept: */*

Response DefaultHttpResponse(decodeResult: success, version: HTTP/1.1)
HTTP/1.1 200 OK
Content-Type: application/json; charset=utf-8
cache-control: no-cache
content-length: 14

10:02:07.448 [AsyncHttpClient-1-11] DEBUG org.asynchttpclient.netty.channel.ChannelManager - Adding key: http://localhost:33514 for channel [id: 0xf8222030, L:/127.0.0.1:49933 - R:localhost/127.0.0.1:33514]
10:02:07.456 [Forwarding getCurrentUrl on session af7f2cde6c93acca1a6ca487cbbd5c56 to remote] DEBUG org.asynchttpclient.netty.request.NettyRequestSender - Using pooled Channel '[id: 0xf8222030, L:/127.0.0.1:49933 - R:localhost/127.0.0.1:33514]' for 'GET' to 'http://localhost:33514/session/af7f2cde6c93acca1a6ca487cbbd5c56/url'
10:02:07.456 [Forwarding getCurrentUrl on session af7f2cde6c93acca1a6ca487cbbd5c56 to remote] DEBUG org.asynchttpclient.netty.request.NettyRequestSender - Using open Channel [id: 0xf8222030, L:/127.0.0.1:49933 - R:localhost/127.0.0.1:33514] for GET '/session/af7f2cde6c93acca1a6ca487cbbd5c56/url'
10:02:07.464 [AsyncHttpClient-1-1] DEBUG org.asynchttpclient.netty.channel.DefaultChannelPool - Entry count for : http://localhost:49934 : 1
10:02:08.564 [AsyncHttpClient-1-1] DEBUG org.asynchttpclient.netty.channel.DefaultChannelPool - Entry count for : http://localhost:49934 : 1
10:02:09.670 [AsyncHttpClient-1-1] DEBUG org.asynchttpclient.netty.channel.DefaultChannelPool - Entry count for : http://localhost:49934 : 1
10:02:10.411 [AsyncHttpClient-1-11] DEBUG org.asynchttpclient.netty.handler.HttpHandler - 

Request DefaultFullHttpRequest(decodeResult: success, version: HTTP/1.1, content: EmptyByteBufBE)
GET /session/af7f2cde6c93acca1a6ca487cbbd5c56/url HTTP/1.1
User-Agent: selenium/4.7.1 (java windows)
Cache-Control: no-cache
Content-Type: application/json; charset=utf-8
host: localhost:33514
accept: */*

Response DefaultHttpResponse(decodeResult: success, version: HTTP/1.1)
HTTP/1.1 200 OK
Content-Type: application/json; charset=utf-8
cache-control: no-cache
content-length: 41

10:02:10.411 [AsyncHttpClient-1-11] DEBUG org.asynchttpclient.netty.channel.ChannelManager - Adding key: http://localhost:33514 for channel [id: 0xf8222030, L:/127.0.0.1:49933 - R:localhost/127.0.0.1:33514]
10:02:10.416 [Forwarding getCurrentUrl on session af7f2cde6c93acca1a6ca487cbbd5c56 to remote] DEBUG org.asynchttpclient.netty.request.NettyRequestSender - Using pooled Channel '[id: 0xf8222030, L:/127.0.0.1:49933 - R:localhost/127.0.0.1:33514]' for 'GET' to 'http://localhost:33514/session/af7f2cde6c93acca1a6ca487cbbd5c56/url'
10:02:10.416 [Forwarding getCurrentUrl on session af7f2cde6c93acca1a6ca487cbbd5c56 to remote] DEBUG org.asynchttpclient.netty.request.NettyRequestSender - Using open Channel [id: 0xf8222030, L:/127.0.0.1:49933 - R:localhost/127.0.0.1:33514] for GET '/session/af7f2cde6c93acca1a6ca487cbbd5c56/url'
10:02:10.423 [AsyncHttpClient-1-11] DEBUG org.asynchttpclient.netty.handler.HttpHandler - 

Request DefaultFullHttpRequest(decodeResult: success, version: HTTP/1.1, content: EmptyByteBufBE)
GET /session/af7f2cde6c93acca1a6ca487cbbd5c56/url HTTP/1.1
User-Agent: selenium/4.7.1 (java windows)
Cache-Control: no-cache
Content-Type: application/json; charset=utf-8
host: localhost:33514
accept: */*

Response DefaultHttpResponse(decodeResult: success, version: HTTP/1.1)
HTTP/1.1 200 OK
Content-Type: application/json; charset=utf-8
cache-control: no-cache
content-length: 41

10:02:10.423 [AsyncHttpClient-1-11] DEBUG org.asynchttpclient.netty.channel.ChannelManager - Adding key: http://localhost:33514 for channel [id: 0xf8222030, L:/127.0.0.1:49933 - R:localhost/127.0.0.1:33514]
10:02:10.428 [Forwarding findElement on session af7f2cde6c93acca1a6ca487cbbd5c56 to remote] DEBUG org.asynchttpclient.netty.request.NettyRequestSender - Using pooled Channel '[id: 0xf8222030, L:/127.0.0.1:49933 - R:localhost/127.0.0.1:33514]' for 'POST' to 'http://localhost:33514/session/af7f2cde6c93acca1a6ca487cbbd5c56/element'
10:02:10.428 [Forwarding findElement on session af7f2cde6c93acca1a6ca487cbbd5c56 to remote] DEBUG org.asynchttpclient.netty.request.NettyRequestSender - Using open Channel [id: 0xf8222030, L:/127.0.0.1:49933 - R:localhost/127.0.0.1:33514] for POST '/session/af7f2cde6c93acca1a6ca487cbbd5c56/element'
10:02:10.453 [AsyncHttpClient-1-11] DEBUG org.asynchttpclient.netty.handler.HttpHandler - 

Request DefaultHttpRequest(decodeResult: success, version: HTTP/1.1)
POST /session/af7f2cde6c93acca1a6ca487cbbd5c56/element HTTP/1.1
User-Agent: selenium/4.7.1 (java windows)
Content-Length: 108
Content-Type: application/json; charset=utf-8
host: localhost:33514
accept: */*

Response DefaultHttpResponse(decodeResult: success, version: HTTP/1.1)
HTTP/1.1 200 OK
Content-Type: application/json; charset=utf-8
cache-control: no-cache
content-length: 88

10:02:10.454 [AsyncHttpClient-1-11] DEBUG org.asynchttpclient.netty.channel.ChannelManager - Adding key: http://localhost:33514 for channel [id: 0xf8222030, L:/127.0.0.1:49933 - R:localhost/127.0.0.1:33514]
10:02:10.458 [Forwarding isElementDisplayed on session af7f2cde6c93acca1a6ca487cbbd5c56 to remote] DEBUG org.asynchttpclient.netty.request.NettyRequestSender - Using pooled Channel '[id: 0xf8222030, L:/127.0.0.1:49933 - R:localhost/127.0.0.1:33514]' for 'POST' to 'http://localhost:33514/session/af7f2cde6c93acca1a6ca487cbbd5c56/execute/sync'
10:02:10.458 [Forwarding isElementDisplayed on session af7f2cde6c93acca1a6ca487cbbd5c56 to remote] DEBUG org.asynchttpclient.netty.request.NettyRequestSender - Using open Channel [id: 0xf8222030, L:/127.0.0.1:49933 - R:localhost/127.0.0.1:33514] for POST '/session/af7f2cde6c93acca1a6ca487cbbd5c56/execute/sync'
10:02:10.477 [AsyncHttpClient-1-11] DEBUG org.asynchttpclient.netty.handler.HttpHandler - 

Request DefaultHttpRequest(decodeResult: success, version: HTTP/1.1)
POST /session/af7f2cde6c93acca1a6ca487cbbd5c56/execute/sync HTTP/1.1
User-Agent: selenium/4.7.1 (java windows)
Content-Length: 48780
Content-Type: application/json; charset=utf-8
host: localhost:33514
accept: */*

Response DefaultHttpResponse(decodeResult: success, version: HTTP/1.1)
HTTP/1.1 200 OK
Content-Type: application/json; charset=utf-8
cache-control: no-cache
content-length: 14

10:02:10.477 [AsyncHttpClient-1-11] DEBUG org.asynchttpclient.netty.channel.ChannelManager - Adding key: http://localhost:33514 for channel [id: 0xf8222030, L:/127.0.0.1:49933 - R:localhost/127.0.0.1:33514]
10:02:10.481 [Forwarding isElementDisplayed on session af7f2cde6c93acca1a6ca487cbbd5c56 to remote] DEBUG org.asynchttpclient.netty.request.NettyRequestSender - Using pooled Channel '[id: 0xf8222030, L:/127.0.0.1:49933 - R:localhost/127.0.0.1:33514]' for 'POST' to 'http://localhost:33514/session/af7f2cde6c93acca1a6ca487cbbd5c56/execute/sync'
10:02:10.481 [Forwarding isElementDisplayed on session af7f2cde6c93acca1a6ca487cbbd5c56 to remote] DEBUG org.asynchttpclient.netty.request.NettyRequestSender - Using open Channel [id: 0xf8222030, L:/127.0.0.1:49933 - R:localhost/127.0.0.1:33514] for POST '/session/af7f2cde6c93acca1a6ca487cbbd5c56/execute/sync'
10:02:10.498 [AsyncHttpClient-1-11] DEBUG org.asynchttpclient.netty.handler.HttpHandler - 

Request DefaultHttpRequest(decodeResult: success, version: HTTP/1.1)
POST /session/af7f2cde6c93acca1a6ca487cbbd5c56/execute/sync HTTP/1.1
User-Agent: selenium/4.7.1 (java windows)
Content-Length: 48780
Content-Type: application/json; charset=utf-8
host: localhost:33514
accept: */*

Response DefaultHttpResponse(decodeResult: success, version: HTTP/1.1)
HTTP/1.1 200 OK
Content-Type: application/json; charset=utf-8
cache-control: no-cache
content-length: 14

10:02:10.498 [AsyncHttpClient-1-11] DEBUG org.asynchttpclient.netty.channel.ChannelManager - Adding key: http://localhost:33514 for channel [id: 0xf8222030, L:/127.0.0.1:49933 - R:localhost/127.0.0.1:33514]
10:02:10.505 [Forwarding getCurrentWindowHandle on session af7f2cde6c93acca1a6ca487cbbd5c56 to remote] DEBUG org.asynchttpclient.netty.request.NettyRequestSender - Using pooled Channel '[id: 0xf8222030, L:/127.0.0.1:49933 - R:localhost/127.0.0.1:33514]' for 'GET' to 'http://localhost:33514/session/af7f2cde6c93acca1a6ca487cbbd5c56/window'
10:02:10.505 [Forwarding getCurrentWindowHandle on session af7f2cde6c93acca1a6ca487cbbd5c56 to remote] DEBUG org.asynchttpclient.netty.request.NettyRequestSender - Using open Channel [id: 0xf8222030, L:/127.0.0.1:49933 - R:localhost/127.0.0.1:33514] for GET '/session/af7f2cde6c93acca1a6ca487cbbd5c56/window'
10:02:10.507 [AsyncHttpClient-1-11] DEBUG org.asynchttpclient.netty.handler.HttpHandler - 

Request DefaultFullHttpRequest(decodeResult: success, version: HTTP/1.1, content: EmptyByteBufBE)
GET /session/af7f2cde6c93acca1a6ca487cbbd5c56/window HTTP/1.1
User-Agent: selenium/4.7.1 (java windows)
Cache-Control: no-cache
Content-Type: application/json; charset=utf-8
host: localhost:33514
accept: */*

Response DefaultHttpResponse(decodeResult: success, version: HTTP/1.1)
HTTP/1.1 200 OK
Content-Type: application/json; charset=utf-8
cache-control: no-cache
content-length: 44

10:02:10.507 [AsyncHttpClient-1-11] DEBUG org.asynchttpclient.netty.channel.ChannelManager - Adding key: http://localhost:33514 for channel [id: 0xf8222030, L:/127.0.0.1:49933 - R:localhost/127.0.0.1:33514]
10:02:10.510 [Forwarding getAlertText on session af7f2cde6c93acca1a6ca487cbbd5c56 to remote] DEBUG org.asynchttpclient.netty.request.NettyRequestSender - Using pooled Channel '[id: 0xf8222030, L:/127.0.0.1:49933 - R:localhost/127.0.0.1:33514]' for 'GET' to 'http://localhost:33514/session/af7f2cde6c93acca1a6ca487cbbd5c56/alert/text'
10:02:10.510 [Forwarding getAlertText on session af7f2cde6c93acca1a6ca487cbbd5c56 to remote] DEBUG org.asynchttpclient.netty.request.NettyRequestSender - Using open Channel [id: 0xf8222030, L:/127.0.0.1:49933 - R:localhost/127.0.0.1:33514] for GET '/session/af7f2cde6c93acca1a6ca487cbbd5c56/alert/text'
10:02:10.515 [AsyncHttpClient-1-11] DEBUG org.asynchttpclient.netty.handler.HttpHandler - 

Request DefaultFullHttpRequest(decodeResult: success, version: HTTP/1.1, content: EmptyByteBufBE)
GET /session/af7f2cde6c93acca1a6ca487cbbd5c56/alert/text HTTP/1.1
User-Agent: selenium/4.7.1 (java windows)
Cache-Control: no-cache
Content-Type: application/json; charset=utf-8
host: localhost:33514
accept: */*

Response DefaultHttpResponse(decodeResult: success, version: HTTP/1.1)
HTTP/1.1 404 Not Found
Content-Type: application/json; charset=utf-8
cache-control: no-cache
content-length: 821

10:02:10.516 [AsyncHttpClient-1-11] DEBUG org.asynchttpclient.netty.channel.ChannelManager - Adding key: http://localhost:33514 for channel [id: 0xf8222030, L:/127.0.0.1:49933 - R:localhost/127.0.0.1:33514]
10:02:10.519 [Forwarding switchToWindow on session af7f2cde6c93acca1a6ca487cbbd5c56 to remote] DEBUG org.asynchttpclient.netty.request.NettyRequestSender - Using pooled Channel '[id: 0xf8222030, L:/127.0.0.1:49933 - R:localhost/127.0.0.1:33514]' for 'POST' to 'http://localhost:33514/session/af7f2cde6c93acca1a6ca487cbbd5c56/window'
10:02:10.520 [Forwarding switchToWindow on session af7f2cde6c93acca1a6ca487cbbd5c56 to remote] DEBUG org.asynchttpclient.netty.request.NettyRequestSender - Using open Channel [id: 0xf8222030, L:/127.0.0.1:49933 - R:localhost/127.0.0.1:33514] for POST '/session/af7f2cde6c93acca1a6ca487cbbd5c56/window'
10:02:10.523 [AsyncHttpClient-1-11] DEBUG org.asynchttpclient.netty.handler.HttpHandler - 

Request DefaultHttpRequest(decodeResult: success, version: HTTP/1.1)
POST /session/af7f2cde6c93acca1a6ca487cbbd5c56/window HTTP/1.1
User-Agent: selenium/4.7.1 (java windows)
Content-Length: 50
Content-Type: application/json; charset=utf-8
host: localhost:33514
accept: */*

Response DefaultHttpResponse(decodeResult: success, version: HTTP/1.1)
HTTP/1.1 200 OK
Content-Type: application/json; charset=utf-8
cache-control: no-cache
content-length: 14

10:02:10.523 [AsyncHttpClient-1-11] DEBUG org.asynchttpclient.netty.channel.ChannelManager - Adding key: http://localhost:33514 for channel [id: 0xf8222030, L:/127.0.0.1:49933 - R:localhost/127.0.0.1:33514]
10:02:10.524 [Forwarding getCurrentUrl on session af7f2cde6c93acca1a6ca487cbbd5c56 to remote] DEBUG org.asynchttpclient.netty.request.NettyRequestSender - Using pooled Channel '[id: 0xf8222030, L:/127.0.0.1:49933 - R:localhost/127.0.0.1:33514]' for 'GET' to 'http://localhost:33514/session/af7f2cde6c93acca1a6ca487cbbd5c56/url'
10:02:10.524 [Forwarding getCurrentUrl on session af7f2cde6c93acca1a6ca487cbbd5c56 to remote] DEBUG org.asynchttpclient.netty.request.NettyRequestSender - Using open Channel [id: 0xf8222030, L:/127.0.0.1:49933 - R:localhost/127.0.0.1:33514] for GET '/session/af7f2cde6c93acca1a6ca487cbbd5c56/url'
10:02:10.532 [AsyncHttpClient-1-11] DEBUG org.asynchttpclient.netty.handler.HttpHandler - 

Request DefaultFullHttpRequest(decodeResult: success, version: HTTP/1.1, content: EmptyByteBufBE)
GET /session/af7f2cde6c93acca1a6ca487cbbd5c56/url HTTP/1.1
User-Agent: selenium/4.7.1 (java windows)
Cache-Control: no-cache
Content-Type: application/json; charset=utf-8
host: localhost:33514
accept: */*

Response DefaultHttpResponse(decodeResult: success, version: HTTP/1.1)
HTTP/1.1 200 OK
Content-Type: application/json; charset=utf-8
cache-control: no-cache
content-length: 41

10:02:10.532 [AsyncHttpClient-1-11] DEBUG org.asynchttpclient.netty.channel.ChannelManager - Adding key: http://localhost:33514 for channel [id: 0xf8222030, L:/127.0.0.1:49933 - R:localhost/127.0.0.1:33514]
10:02:10.534 [Forwarding screenshot on session af7f2cde6c93acca1a6ca487cbbd5c56 to remote] DEBUG org.asynchttpclient.netty.request.NettyRequestSender - Using pooled Channel '[id: 0xf8222030, L:/127.0.0.1:49933 - R:localhost/127.0.0.1:33514]' for 'GET' to 'http://localhost:33514/session/af7f2cde6c93acca1a6ca487cbbd5c56/screenshot'
10:02:10.534 [Forwarding screenshot on session af7f2cde6c93acca1a6ca487cbbd5c56 to remote] DEBUG org.asynchttpclient.netty.request.NettyRequestSender - Using open Channel [id: 0xf8222030, L:/127.0.0.1:49933 - R:localhost/127.0.0.1:33514] for GET '/session/af7f2cde6c93acca1a6ca487cbbd5c56/screenshot'
10:02:10.642 [AsyncHttpClient-1-11] DEBUG org.asynchttpclient.netty.handler.HttpHandler - 

Request DefaultFullHttpRequest(decodeResult: success, version: HTTP/1.1, content: EmptyByteBufBE)
GET /session/af7f2cde6c93acca1a6ca487cbbd5c56/screenshot HTTP/1.1
User-Agent: selenium/4.7.1 (java windows)
Cache-Control: no-cache
Content-Type: application/json; charset=utf-8
host: localhost:33514
accept: */*

Response DefaultHttpResponse(decodeResult: success, version: HTTP/1.1)
HTTP/1.1 200 OK
Content-Type: application/json; charset=utf-8
cache-control: no-cache
content-length: 116604

10:02:10.643 [AsyncHttpClient-1-11] DEBUG org.asynchttpclient.netty.channel.ChannelManager - Adding key: http://localhost:33514 for channel [id: 0xf8222030, L:/127.0.0.1:49933 - R:localhost/127.0.0.1:33514]
10:02:10.647 [main] DEBUG net.serenitybdd.core.photography.Darkroom - Send negative for processing for target\site\serenity\4df796af2a8bdb756d1884b1e063cc00b8bad9b7c3d312055b4347f07439074a.png
10:02:10.648 [main] DEBUG net.thucydides.core.steps.StepInterceptor - STEP DONE: diHomepageAltaShop
  &amp#27;[32mGiven &amp#27;[0m&amp#27;[32muser berada di Homepage AltaShop&amp#27;[0m                            &amp#27;[90m# starter.stepdefinitions.LoginRegisterSteps.userBeradaDiHomepageAlta()&amp#27;[0m
10:02:10.663 [main] DEBUG net.thucydides.core.steps.StepInterceptor - STARTING STEP: LoginRegisterSteps.userKlikButtonLogin - klikButtonLogin
10:02:10.667 [Forwarding findElement on session af7f2cde6c93acca1a6ca487cbbd5c56 to remote] DEBUG org.asynchttpclient.netty.request.NettyRequestSender - Using pooled Channel '[id: 0xf8222030, L:/127.0.0.1:49933 - R:localhost/127.0.0.1:33514]' for 'POST' to 'http://localhost:33514/session/af7f2cde6c93acca1a6ca487cbbd5c56/element'
10:02:10.667 [Forwarding findElement on session af7f2cde6c93acca1a6ca487cbbd5c56 to remote] DEBUG org.asynchttpclient.netty.request.NettyRequestSender - Using open Channel [id: 0xf8222030, L:/127.0.0.1:49933 - R:localhost/127.0.0.1:33514] for POST '/session/af7f2cde6c93acca1a6ca487cbbd5c56/element'
10:02:10.692 [AsyncHttpClient-1-11] DEBUG org.asynchttpclient.netty.handler.HttpHandler - 

Request DefaultHttpRequest(decodeResult: success, version: HTTP/1.1)
POST /session/af7f2cde6c93acca1a6ca487cbbd5c56/element HTTP/1.1
User-Agent: selenium/4.7.1 (java windows)
Content-Length: 108
Content-Type: application/json; charset=utf-8
host: localhost:33514
accept: */*

Response DefaultHttpResponse(decodeResult: success, version: HTTP/1.1)
HTTP/1.1 200 OK
Content-Type: application/json; charset=utf-8
cache-control: no-cache
content-length: 88

10:02:10.693 [AsyncHttpClient-1-11] DEBUG org.asynchttpclient.netty.channel.ChannelManager - Adding key: http://localhost:33514 for channel [id: 0xf8222030, L:/127.0.0.1:49933 - R:localhost/127.0.0.1:33514]
10:02:10.695 [Forwarding getElementTagName on session af7f2cde6c93acca1a6ca487cbbd5c56 to remote] DEBUG org.asynchttpclient.netty.request.NettyRequestSender - Using pooled Channel '[id: 0xf8222030, L:/127.0.0.1:49933 - R:localhost/127.0.0.1:33514]' for 'GET' to 'http://localhost:33514/session/af7f2cde6c93acca1a6ca487cbbd5c56/element/b87416a1-d393-4160-bfa0-629c1fcdaad4/name'
10:02:10.695 [Forwarding getElementTagName on session af7f2cde6c93acca1a6ca487cbbd5c56 to remote] DEBUG org.asynchttpclient.netty.request.NettyRequestSender - Using open Channel [id: 0xf8222030, L:/127.0.0.1:49933 - R:localhost/127.0.0.1:33514] for GET '/session/af7f2cde6c93acca1a6ca487cbbd5c56/element/b87416a1-d393-4160-bfa0-629c1fcdaad4/name'
10:02:10.705 [AsyncHttpClient-1-11] DEBUG org.asynchttpclient.netty.handler.HttpHandler - 

Request DefaultFullHttpRequest(decodeResult: success, version: HTTP/1.1, content: EmptyByteBufBE)
GET /session/af7f2cde6c93acca1a6ca487cbbd5c56/element/b87416a1-d393-4160-bfa0-629c1fcdaad4/name HTTP/1.1
User-Agent: selenium/4.7.1 (java windows)
Cache-Control: no-cache
Content-Type: application/json; charset=utf-8
host: localhost:33514
accept: */*

Response DefaultHttpResponse(decodeResult: success, version: HTTP/1.1)
HTTP/1.1 200 OK
Content-Type: application/json; charset=utf-8
cache-control: no-cache
content-length: 18

10:02:10.706 [AsyncHttpClient-1-11] DEBUG org.asynchttpclient.netty.channel.ChannelManager - Adding key: http://localhost:33514 for channel [id: 0xf8222030, L:/127.0.0.1:49933 - R:localhost/127.0.0.1:33514]
10:02:10.708 [Forwarding getElementTagName on session af7f2cde6c93acca1a6ca487cbbd5c56 to remote] DEBUG org.asynchttpclient.netty.request.NettyRequestSender - Using pooled Channel '[id: 0xf8222030, L:/127.0.0.1:49933 - R:localhost/127.0.0.1:33514]' for 'GET' to 'http://localhost:33514/session/af7f2cde6c93acca1a6ca487cbbd5c56/element/b87416a1-d393-4160-bfa0-629c1fcdaad4/name'
10:02:10.708 [Forwarding getElementTagName on session af7f2cde6c93acca1a6ca487cbbd5c56 to remote] DEBUG org.asynchttpclient.netty.request.NettyRequestSender - Using open Channel [id: 0xf8222030, L:/127.0.0.1:49933 - R:localhost/127.0.0.1:33514] for GET '/session/af7f2cde6c93acca1a6ca487cbbd5c56/element/b87416a1-d393-4160-bfa0-629c1fcdaad4/name'
10:02:10.715 [AsyncHttpClient-1-11] DEBUG org.asynchttpclient.netty.handler.HttpHandler - 

Request DefaultFullHttpRequest(decodeResult: success, version: HTTP/1.1, content: EmptyByteBufBE)
GET /session/af7f2cde6c93acca1a6ca487cbbd5c56/element/b87416a1-d393-4160-bfa0-629c1fcdaad4/name HTTP/1.1
User-Agent: selenium/4.7.1 (java windows)
Cache-Control: no-cache
Content-Type: application/json; charset=utf-8
host: localhost:33514
accept: */*

Response DefaultHttpResponse(decodeResult: success, version: HTTP/1.1)
HTTP/1.1 200 OK
Content-Type: application/json; charset=utf-8
cache-control: no-cache
content-length: 18

10:02:10.716 [AsyncHttpClient-1-11] DEBUG org.asynchttpclient.netty.channel.ChannelManager - Adding key: http://localhost:33514 for channel [id: 0xf8222030, L:/127.0.0.1:49933 - R:localhost/127.0.0.1:33514]
10:02:10.719 [Forwarding isElementEnabled on session af7f2cde6c93acca1a6ca487cbbd5c56 to remote] DEBUG org.asynchttpclient.netty.request.NettyRequestSender - Using pooled Channel '[id: 0xf8222030, L:/127.0.0.1:49933 - R:localhost/127.0.0.1:33514]' for 'GET' to 'http://localhost:33514/session/af7f2cde6c93acca1a6ca487cbbd5c56/element/b87416a1-d393-4160-bfa0-629c1fcdaad4/enabled'
10:02:10.719 [Forwarding isElementEnabled on session af7f2cde6c93acca1a6ca487cbbd5c56 to remote] DEBUG org.asynchttpclient.netty.request.NettyRequestSender - Using open Channel [id: 0xf8222030, L:/127.0.0.1:49933 - R:localhost/127.0.0.1:33514] for GET '/session/af7f2cde6c93acca1a6ca487cbbd5c56/element/b87416a1-d393-4160-bfa0-629c1fcdaad4/enabled'
10:02:10.737 [AsyncHttpClient-1-11] DEBUG org.asynchttpclient.netty.handler.HttpHandler - 

Request DefaultFullHttpRequest(decodeResult: success, version: HTTP/1.1, content: EmptyByteBufBE)
GET /session/af7f2cde6c93acca1a6ca487cbbd5c56/element/b87416a1-d393-4160-bfa0-629c1fcdaad4/enabled HTTP/1.1
User-Agent: selenium/4.7.1 (java windows)
Cache-Control: no-cache
Content-Type: application/json; charset=utf-8
host: localhost:33514
accept: */*

Response DefaultHttpResponse(decodeResult: success, version: HTTP/1.1)
HTTP/1.1 200 OK
Content-Type: application/json; charset=utf-8
cache-control: no-cache
content-length: 14

10:02:10.738 [AsyncHttpClient-1-11] DEBUG org.asynchttpclient.netty.channel.ChannelManager - Adding key: http://localhost:33514 for channel [id: 0xf8222030, L:/127.0.0.1:49933 - R:localhost/127.0.0.1:33514]
10:02:10.740 [Forwarding isElementEnabled on session af7f2cde6c93acca1a6ca487cbbd5c56 to remote] DEBUG org.asynchttpclient.netty.request.NettyRequestSender - Using pooled Channel '[id: 0xf8222030, L:/127.0.0.1:49933 - R:localhost/127.0.0.1:33514]' for 'GET' to 'http://localhost:33514/session/af7f2cde6c93acca1a6ca487cbbd5c56/element/b87416a1-d393-4160-bfa0-629c1fcdaad4/enabled'
10:02:10.740 [Forwarding isElementEnabled on session af7f2cde6c93acca1a6ca487cbbd5c56 to remote] DEBUG org.asynchttpclient.netty.request.NettyRequestSender - Using open Channel [id: 0xf8222030, L:/127.0.0.1:49933 - R:localhost/127.0.0.1:33514] for GET '/session/af7f2cde6c93acca1a6ca487cbbd5c56/element/b87416a1-d393-4160-bfa0-629c1fcdaad4/enabled'
10:02:10.753 [AsyncHttpClient-1-11] DEBUG org.asynchttpclient.netty.handler.HttpHandler - 

Request DefaultFullHttpRequest(decodeResult: success, version: HTTP/1.1, content: EmptyByteBufBE)
GET /session/af7f2cde6c93acca1a6ca487cbbd5c56/element/b87416a1-d393-4160-bfa0-629c1fcdaad4/enabled HTTP/1.1
User-Agent: selenium/4.7.1 (java windows)
Cache-Control: no-cache
Content-Type: application/json; charset=utf-8
host: localhost:33514
accept: */*

Response DefaultHttpResponse(decodeResult: success, version: HTTP/1.1)
HTTP/1.1 200 OK
Content-Type: application/json; charset=utf-8
cache-control: no-cache
content-length: 14

10:02:10.754 [AsyncHttpClient-1-11] DEBUG org.asynchttpclient.netty.channel.ChannelManager - Adding key: http://localhost:33514 for channel [id: 0xf8222030, L:/127.0.0.1:49933 - R:localhost/127.0.0.1:33514]
10:02:10.757 [Forwarding findElement on session af7f2cde6c93acca1a6ca487cbbd5c56 to remote] DEBUG org.asynchttpclient.netty.request.NettyRequestSender - Using pooled Channel '[id: 0xf8222030, L:/127.0.0.1:49933 - R:localhost/127.0.0.1:33514]' for 'POST' to 'http://localhost:33514/session/af7f2cde6c93acca1a6ca487cbbd5c56/element'
10:02:10.757 [Forwarding findElement on session af7f2cde6c93acca1a6ca487cbbd5c56 to remote] DEBUG org.asynchttpclient.netty.request.NettyRequestSender - Using open Channel [id: 0xf8222030, L:/127.0.0.1:49933 - R:localhost/127.0.0.1:33514] for POST '/session/af7f2cde6c93acca1a6ca487cbbd5c56/element'
10:02:10.766 [AsyncHttpClient-1-1] DEBUG org.asynchttpclient.netty.channel.DefaultChannelPool - Entry count for : http://localhost:49934 : 1
10:02:10.781 [AsyncHttpClient-1-11] DEBUG org.asynchttpclient.netty.handler.HttpHandler - 

Request DefaultHttpRequest(decodeResult: success, version: HTTP/1.1)
POST /session/af7f2cde6c93acca1a6ca487cbbd5c56/element HTTP/1.1
User-Agent: selenium/4.7.1 (java windows)
Content-Length: 108
Content-Type: application/json; charset=utf-8
host: localhost:33514
accept: */*

Response DefaultHttpResponse(decodeResult: success, version: HTTP/1.1)
HTTP/1.1 200 OK
Content-Type: application/json; charset=utf-8
cache-control: no-cache
content-length: 88

10:02:10.781 [AsyncHttpClient-1-11] DEBUG org.asynchttpclient.netty.channel.ChannelManager - Adding key: http://localhost:33514 for channel [id: 0xf8222030, L:/127.0.0.1:49933 - R:localhost/127.0.0.1:33514]
10:02:10.784 [Forwarding clickElement on session af7f2cde6c93acca1a6ca487cbbd5c56 to remote] DEBUG org.asynchttpclient.netty.request.NettyRequestSender - Using pooled Channel '[id: 0xf8222030, L:/127.0.0.1:49933 - R:localhost/127.0.0.1:33514]' for 'POST' to 'http://localhost:33514/session/af7f2cde6c93acca1a6ca487cbbd5c56/element/b87416a1-d393-4160-bfa0-629c1fcdaad4/click'
10:02:10.784 [Forwarding clickElement on session af7f2cde6c93acca1a6ca487cbbd5c56 to remote] DEBUG org.asynchttpclient.netty.request.NettyRequestSender - Using open Channel [id: 0xf8222030, L:/127.0.0.1:49933 - R:localhost/127.0.0.1:33514] for POST '/session/af7f2cde6c93acca1a6ca487cbbd5c56/element/b87416a1-d393-4160-bfa0-629c1fcdaad4/click'
10:02:10.896 [AsyncHttpClient-1-11] DEBUG org.asynchttpclient.netty.handler.HttpHandler - 

Request DefaultHttpRequest(decodeResult: success, version: HTTP/1.1)
POST /session/af7f2cde6c93acca1a6ca487cbbd5c56/element/b87416a1-d393-4160-bfa0-629c1fcdaad4/click HTTP/1.1
User-Agent: selenium/4.7.1 (java windows)
Content-Length: 50
Content-Type: application/json; charset=utf-8
host: localhost:33514
accept: */*

Response DefaultHttpResponse(decodeResult: success, version: HTTP/1.1)
HTTP/1.1 200 OK
Content-Type: application/json; charset=utf-8
cache-control: no-cache
content-length: 14

10:02:10.897 [AsyncHttpClient-1-11] DEBUG org.asynchttpclient.netty.channel.ChannelManager - Adding key: http://localhost:33514 for channel [id: 0xf8222030, L:/127.0.0.1:49933 - R:localhost/127.0.0.1:33514]
10:02:10.915 [Forwarding getCurrentWindowHandle on session af7f2cde6c93acca1a6ca487cbbd5c56 to remote] DEBUG org.asynchttpclient.netty.request.NettyRequestSender - Using pooled Channel '[id: 0xf8222030, L:/127.0.0.1:49933 - R:localhost/127.0.0.1:33514]' for 'GET' to 'http://localhost:33514/session/af7f2cde6c93acca1a6ca487cbbd5c56/window'
10:02:10.915 [Forwarding getCurrentWindowHandle on session af7f2cde6c93acca1a6ca487cbbd5c56 to remote] DEBUG org.asynchttpclient.netty.request.NettyRequestSender - Using open Channel [id: 0xf8222030, L:/127.0.0.1:49933 - R:localhost/127.0.0.1:33514] for GET '/session/af7f2cde6c93acca1a6ca487cbbd5c56/window'
10:02:10.917 [AsyncHttpClient-1-11] DEBUG org.asynchttpclient.netty.handler.HttpHandler - 

Request DefaultFullHttpRequest(decodeResult: success, version: HTTP/1.1, content: EmptyByteBufBE)
GET /session/af7f2cde6c93acca1a6ca487cbbd5c56/window HTTP/1.1
User-Agent: selenium/4.7.1 (java windows)
Cache-Control: no-cache
Content-Type: application/json; charset=utf-8
host: localhost:33514
accept: */*

Response DefaultHttpResponse(decodeResult: success, version: HTTP/1.1)
HTTP/1.1 200 OK
Content-Type: application/json; charset=utf-8
cache-control: no-cache
content-length: 44

10:02:10.917 [AsyncHttpClient-1-11] DEBUG org.asynchttpclient.netty.channel.ChannelManager - Adding key: http://localhost:33514 for channel [id: 0xf8222030, L:/127.0.0.1:49933 - R:localhost/127.0.0.1:33514]
10:02:10.921 [Forwarding getAlertText on session af7f2cde6c93acca1a6ca487cbbd5c56 to remote] DEBUG org.asynchttpclient.netty.request.NettyRequestSender - Using pooled Channel '[id: 0xf8222030, L:/127.0.0.1:49933 - R:localhost/127.0.0.1:33514]' for 'GET' to 'http://localhost:33514/session/af7f2cde6c93acca1a6ca487cbbd5c56/alert/text'
10:02:10.922 [Forwarding getAlertText on session af7f2cde6c93acca1a6ca487cbbd5c56 to remote] DEBUG org.asynchttpclient.netty.request.NettyRequestSender - Using open Channel [id: 0xf8222030, L:/127.0.0.1:49933 - R:localhost/127.0.0.1:33514] for GET '/session/af7f2cde6c93acca1a6ca487cbbd5c56/alert/text'
10:02:11.139 [AsyncHttpClient-1-11] DEBUG org.asynchttpclient.netty.handler.HttpHandler - 

Request DefaultFullHttpRequest(decodeResult: success, version: HTTP/1.1, content: EmptyByteBufBE)
GET /session/af7f2cde6c93acca1a6ca487cbbd5c56/alert/text HTTP/1.1
User-Agent: selenium/4.7.1 (java windows)
Cache-Control: no-cache
Content-Type: application/json; charset=utf-8
host: localhost:33514
accept: */*

Response DefaultHttpResponse(decodeResult: success, version: HTTP/1.1)
HTTP/1.1 404 Not Found
Content-Type: application/json; charset=utf-8
cache-control: no-cache
content-length: 821

10:02:11.139 [AsyncHttpClient-1-11] DEBUG org.asynchttpclient.netty.channel.ChannelManager - Adding key: http://localhost:33514 for channel [id: 0xf8222030, L:/127.0.0.1:49933 - R:localhost/127.0.0.1:33514]
10:02:11.144 [Forwarding switchToWindow on session af7f2cde6c93acca1a6ca487cbbd5c56 to remote] DEBUG org.asynchttpclient.netty.request.NettyRequestSender - Using pooled Channel '[id: 0xf8222030, L:/127.0.0.1:49933 - R:localhost/127.0.0.1:33514]' for 'POST' to 'http://localhost:33514/session/af7f2cde6c93acca1a6ca487cbbd5c56/window'
10:02:11.144 [Forwarding switchToWindow on session af7f2cde6c93acca1a6ca487cbbd5c56 to remote] DEBUG org.asynchttpclient.netty.request.NettyRequestSender - Using open Channel [id: 0xf8222030, L:/127.0.0.1:49933 - R:localhost/127.0.0.1:33514] for POST '/session/af7f2cde6c93acca1a6ca487cbbd5c56/window'
10:02:11.149 [AsyncHttpClient-1-11] DEBUG org.asynchttpclient.netty.handler.HttpHandler - 

Request DefaultHttpRequest(decodeResult: success, version: HTTP/1.1)
POST /session/af7f2cde6c93acca1a6ca487cbbd5c56/window HTTP/1.1
User-Agent: selenium/4.7.1 (java windows)
Content-Length: 50
Content-Type: application/json; charset=utf-8
host: localhost:33514
accept: */*

Response DefaultHttpResponse(decodeResult: success, version: HTTP/1.1)
HTTP/1.1 200 OK
Content-Type: application/json; charset=utf-8
cache-control: no-cache
content-length: 14

10:02:11.150 [AsyncHttpClient-1-11] DEBUG org.asynchttpclient.netty.channel.ChannelManager - Adding key: http://localhost:33514 for channel [id: 0xf8222030, L:/127.0.0.1:49933 - R:localhost/127.0.0.1:33514]
10:02:11.152 [Forwarding getCurrentUrl on session af7f2cde6c93acca1a6ca487cbbd5c56 to remote] DEBUG org.asynchttpclient.netty.request.NettyRequestSender - Using pooled Channel '[id: 0xf8222030, L:/127.0.0.1:49933 - R:localhost/127.0.0.1:33514]' for 'GET' to 'http://localhost:33514/session/af7f2cde6c93acca1a6ca487cbbd5c56/url'
10:02:11.152 [Forwarding getCurrentUrl on session af7f2cde6c93acca1a6ca487cbbd5c56 to remote] DEBUG org.asynchttpclient.netty.request.NettyRequestSender - Using open Channel [id: 0xf8222030, L:/127.0.0.1:49933 - R:localhost/127.0.0.1:33514] for GET '/session/af7f2cde6c93acca1a6ca487cbbd5c56/url'
10:02:11.162 [AsyncHttpClient-1-11] DEBUG org.asynchttpclient.netty.handler.HttpHandler - 

Request DefaultFullHttpRequest(decodeResult: success, version: HTTP/1.1, content: EmptyByteBufBE)
GET /session/af7f2cde6c93acca1a6ca487cbbd5c56/url HTTP/1.1
User-Agent: selenium/4.7.1 (java windows)
Cache-Control: no-cache
Content-Type: application/json; charset=utf-8
host: localhost:33514
accept: */*

Response DefaultHttpResponse(decodeResult: success, version: HTTP/1.1)
HTTP/1.1 200 OK
Content-Type: application/json; charset=utf-8
cache-control: no-cache
content-length: 51

10:02:11.162 [AsyncHttpClient-1-11] DEBUG org.asynchttpclient.netty.channel.ChannelManager - Adding key: http://localhost:33514 for channel [id: 0xf8222030, L:/127.0.0.1:49933 - R:localhost/127.0.0.1:33514]
10:02:11.166 [Forwarding screenshot on session af7f2cde6c93acca1a6ca487cbbd5c56 to remote] DEBUG org.asynchttpclient.netty.request.NettyRequestSender - Using pooled Channel '[id: 0xf8222030, L:/127.0.0.1:49933 - R:localhost/127.0.0.1:33514]' for 'GET' to 'http://localhost:33514/session/af7f2cde6c93acca1a6ca487cbbd5c56/screenshot'
10:02:11.166 [Forwarding screenshot on session af7f2cde6c93acca1a6ca487cbbd5c56 to remote] DEBUG org.asynchttpclient.netty.request.NettyRequestSender - Using open Channel [id: 0xf8222030, L:/127.0.0.1:49933 - R:localhost/127.0.0.1:33514] for GET '/session/af7f2cde6c93acca1a6ca487cbbd5c56/screenshot'
10:02:11.276 [AsyncHttpClient-1-11] DEBUG org.asynchttpclient.netty.handler.HttpHandler - 

Request DefaultFullHttpRequest(decodeResult: success, version: HTTP/1.1, content: EmptyByteBufBE)
GET /session/af7f2cde6c93acca1a6ca487cbbd5c56/screenshot HTTP/1.1
User-Agent: selenium/4.7.1 (java windows)
Cache-Control: no-cache
Content-Type: application/json; charset=utf-8
host: localhost:33514
accept: */*

Response DefaultHttpResponse(decodeResult: success, version: HTTP/1.1)
HTTP/1.1 200 OK
Content-Type: application/json; charset=utf-8
cache-control: no-cache
content-length: 26172

10:02:11.277 [AsyncHttpClient-1-11] DEBUG org.asynchttpclient.netty.channel.ChannelManager - Adding key: http://localhost:33514 for channel [id: 0xf8222030, L:/127.0.0.1:49933 - R:localhost/127.0.0.1:33514]
10:02:11.279 [main] DEBUG net.serenitybdd.core.photography.Darkroom - Send negative for processing for target\site\serenity\f035198f28bcaf95684f4b1a3b9e5d031fc0873bb044f55c4913aef571773aa0.png
10:02:11.280 [main] DEBUG net.thucydides.core.steps.StepInterceptor - STEP DONE: klikButtonLogin
  &amp#27;[32mWhen &amp#27;[0m&amp#27;[32muser klik button login&amp#27;[0m                                       &amp#27;[90m# starter.stepdefinitions.LoginRegisterSteps.userKlikButtonLogin()&amp#27;[0m
10:02:11.297 [main] DEBUG net.thucydides.core.steps.StepInterceptor - STARTING STEP: LoginRegisterSteps.userInputEmailInvalid - inputEmail
10:02:11.300 [Forwarding findElement on session af7f2cde6c93acca1a6ca487cbbd5c56 to remote] DEBUG org.asynchttpclient.netty.request.NettyRequestSender - Using pooled Channel '[id: 0xf8222030, L:/127.0.0.1:49933 - R:localhost/127.0.0.1:33514]' for 'POST' to 'http://localhost:33514/session/af7f2cde6c93acca1a6ca487cbbd5c56/element'
10:02:11.300 [Forwarding findElement on session af7f2cde6c93acca1a6ca487cbbd5c56 to remote] DEBUG org.asynchttpclient.netty.request.NettyRequestSender - Using open Channel [id: 0xf8222030, L:/127.0.0.1:49933 - R:localhost/127.0.0.1:33514] for POST '/session/af7f2cde6c93acca1a6ca487cbbd5c56/element'
10:02:11.318 [AsyncHttpClient-1-11] DEBUG org.asynchttpclient.netty.handler.HttpHandler - 

Request DefaultHttpRequest(decodeResult: success, version: HTTP/1.1)
POST /session/af7f2cde6c93acca1a6ca487cbbd5c56/element HTTP/1.1
User-Agent: selenium/4.7.1 (java windows)
Content-Length: 187
Content-Type: application/json; charset=utf-8
host: localhost:33514
accept: */*

Response DefaultHttpResponse(decodeResult: success, version: HTTP/1.1)
HTTP/1.1 200 OK
Content-Type: application/json; charset=utf-8
cache-control: no-cache
content-length: 88

10:02:11.318 [AsyncHttpClient-1-11] DEBUG org.asynchttpclient.netty.channel.ChannelManager - Adding key: http://localhost:33514 for channel [id: 0xf8222030, L:/127.0.0.1:49933 - R:localhost/127.0.0.1:33514]
10:02:11.322 [Forwarding clearElement on session af7f2cde6c93acca1a6ca487cbbd5c56 to remote] DEBUG org.asynchttpclient.netty.request.NettyRequestSender - Using pooled Channel '[id: 0xf8222030, L:/127.0.0.1:49933 - R:localhost/127.0.0.1:33514]' for 'POST' to 'http://localhost:33514/session/af7f2cde6c93acca1a6ca487cbbd5c56/element/64bad740-da38-45f8-aaa6-7782c245153a/clear'
10:02:11.322 [Forwarding clearElement on session af7f2cde6c93acca1a6ca487cbbd5c56 to remote] DEBUG org.asynchttpclient.netty.request.NettyRequestSender - Using open Channel [id: 0xf8222030, L:/127.0.0.1:49933 - R:localhost/127.0.0.1:33514] for POST '/session/af7f2cde6c93acca1a6ca487cbbd5c56/element/64bad740-da38-45f8-aaa6-7782c245153a/clear'
10:02:11.378 [AsyncHttpClient-1-11] DEBUG org.asynchttpclient.netty.handler.HttpHandler - 

Request DefaultHttpRequest(decodeResult: success, version: HTTP/1.1)
POST /session/af7f2cde6c93acca1a6ca487cbbd5c56/element/64bad740-da38-45f8-aaa6-7782c245153a/clear HTTP/1.1
User-Agent: selenium/4.7.1 (java windows)
Content-Length: 50
Content-Type: application/json; charset=utf-8
host: localhost:33514
accept: */*

Response DefaultHttpResponse(decodeResult: success, version: HTTP/1.1)
HTTP/1.1 200 OK
Content-Type: application/json; charset=utf-8
cache-control: no-cache
content-length: 14

10:02:11.379 [AsyncHttpClient-1-11] DEBUG org.asynchttpclient.netty.channel.ChannelManager - Adding key: http://localhost:33514 for channel [id: 0xf8222030, L:/127.0.0.1:49933 - R:localhost/127.0.0.1:33514]
10:02:11.382 [Forwarding sendKeysToElement on session af7f2cde6c93acca1a6ca487cbbd5c56 to remote] DEBUG org.asynchttpclient.netty.request.NettyRequestSender - Using pooled Channel '[id: 0xf8222030, L:/127.0.0.1:49933 - R:localhost/127.0.0.1:33514]' for 'POST' to 'http://localhost:33514/session/af7f2cde6c93acca1a6ca487cbbd5c56/element/64bad740-da38-45f8-aaa6-7782c245153a/value'
10:02:11.382 [Forwarding sendKeysToElement on session af7f2cde6c93acca1a6ca487cbbd5c56 to remote] DEBUG org.asynchttpclient.netty.request.NettyRequestSender - Using open Channel [id: 0xf8222030, L:/127.0.0.1:49933 - R:localhost/127.0.0.1:33514] for POST '/session/af7f2cde6c93acca1a6ca487cbbd5c56/element/64bad740-da38-45f8-aaa6-7782c245153a/value'
10:02:11.547 [AsyncHttpClient-1-11] DEBUG org.asynchttpclient.netty.handler.HttpHandler - 

Request DefaultHttpRequest(decodeResult: success, version: HTTP/1.1)
POST /session/af7f2cde6c93acca1a6ca487cbbd5c56/element/64bad740-da38-45f8-aaa6-7782c245153a/value HTTP/1.1
User-Agent: selenium/4.7.1 (java windows)
Content-Length: 231
Content-Type: application/json; charset=utf-8
host: localhost:33514
accept: */*

Response DefaultHttpResponse(decodeResult: success, version: HTTP/1.1)
HTTP/1.1 200 OK
Content-Type: application/json; charset=utf-8
cache-control: no-cache
content-length: 14

10:02:11.547 [AsyncHttpClient-1-11] DEBUG org.asynchttpclient.netty.channel.ChannelManager - Adding key: http://localhost:33514 for channel [id: 0xf8222030, L:/127.0.0.1:49933 - R:localhost/127.0.0.1:33514]
10:02:11.556 [Forwarding getCurrentWindowHandle on session af7f2cde6c93acca1a6ca487cbbd5c56 to remote] DEBUG org.asynchttpclient.netty.request.NettyRequestSender - Using pooled Channel '[id: 0xf8222030, L:/127.0.0.1:49933 - R:localhost/127.0.0.1:33514]' for 'GET' to 'http://localhost:33514/session/af7f2cde6c93acca1a6ca487cbbd5c56/window'
10:02:11.557 [Forwarding getCurrentWindowHandle on session af7f2cde6c93acca1a6ca487cbbd5c56 to remote] DEBUG org.asynchttpclient.netty.request.NettyRequestSender - Using open Channel [id: 0xf8222030, L:/127.0.0.1:49933 - R:localhost/127.0.0.1:33514] for GET '/session/af7f2cde6c93acca1a6ca487cbbd5c56/window'
10:02:11.558 [AsyncHttpClient-1-11] DEBUG org.asynchttpclient.netty.handler.HttpHandler - 

Request DefaultFullHttpRequest(decodeResult: success, version: HTTP/1.1, content: EmptyByteBufBE)
GET /session/af7f2cde6c93acca1a6ca487cbbd5c56/window HTTP/1.1
User-Agent: selenium/4.7.1 (java windows)
Cache-Control: no-cache
Content-Type: application/json; charset=utf-8
host: localhost:33514
accept: */*

Response DefaultHttpResponse(decodeResult: success, version: HTTP/1.1)
HTTP/1.1 200 OK
Content-Type: application/json; charset=utf-8
cache-control: no-cache
content-length: 44

10:02:11.559 [AsyncHttpClient-1-11] DEBUG org.asynchttpclient.netty.channel.ChannelManager - Adding key: http://localhost:33514 for channel [id: 0xf8222030, L:/127.0.0.1:49933 - R:localhost/127.0.0.1:33514]
10:02:11.560 [Forwarding getAlertText on session af7f2cde6c93acca1a6ca487cbbd5c56 to remote] DEBUG org.asynchttpclient.netty.request.NettyRequestSender - Using pooled Channel '[id: 0xf8222030, L:/127.0.0.1:49933 - R:localhost/127.0.0.1:33514]' for 'GET' to 'http://localhost:33514/session/af7f2cde6c93acca1a6ca487cbbd5c56/alert/text'
10:02:11.561 [Forwarding getAlertText on session af7f2cde6c93acca1a6ca487cbbd5c56 to remote] DEBUG org.asynchttpclient.netty.request.NettyRequestSender - Using open Channel [id: 0xf8222030, L:/127.0.0.1:49933 - R:localhost/127.0.0.1:33514] for GET '/session/af7f2cde6c93acca1a6ca487cbbd5c56/alert/text'
10:02:11.564 [AsyncHttpClient-1-11] DEBUG org.asynchttpclient.netty.handler.HttpHandler - 

Request DefaultFullHttpRequest(decodeResult: success, version: HTTP/1.1, content: EmptyByteBufBE)
GET /session/af7f2cde6c93acca1a6ca487cbbd5c56/alert/text HTTP/1.1
User-Agent: selenium/4.7.1 (java windows)
Cache-Control: no-cache
Content-Type: application/json; charset=utf-8
host: localhost:33514
accept: */*

Response DefaultHttpResponse(decodeResult: success, version: HTTP/1.1)
HTTP/1.1 404 Not Found
Content-Type: application/json; charset=utf-8
cache-control: no-cache
content-length: 821

10:02:11.564 [AsyncHttpClient-1-11] DEBUG org.asynchttpclient.netty.channel.ChannelManager - Adding key: http://localhost:33514 for channel [id: 0xf8222030, L:/127.0.0.1:49933 - R:localhost/127.0.0.1:33514]
10:02:11.567 [Forwarding switchToWindow on session af7f2cde6c93acca1a6ca487cbbd5c56 to remote] DEBUG org.asynchttpclient.netty.request.NettyRequestSender - Using pooled Channel '[id: 0xf8222030, L:/127.0.0.1:49933 - R:localhost/127.0.0.1:33514]' for 'POST' to 'http://localhost:33514/session/af7f2cde6c93acca1a6ca487cbbd5c56/window'
10:02:11.567 [Forwarding switchToWindow on session af7f2cde6c93acca1a6ca487cbbd5c56 to remote] DEBUG org.asynchttpclient.netty.request.NettyRequestSender - Using open Channel [id: 0xf8222030, L:/127.0.0.1:49933 - R:localhost/127.0.0.1:33514] for POST '/session/af7f2cde6c93acca1a6ca487cbbd5c56/window'
10:02:11.571 [AsyncHttpClient-1-11] DEBUG org.asynchttpclient.netty.handler.HttpHandler - 

Request DefaultHttpRequest(decodeResult: success, version: HTTP/1.1)
POST /session/af7f2cde6c93acca1a6ca487cbbd5c56/window HTTP/1.1
User-Agent: selenium/4.7.1 (java windows)
Content-Length: 50
Content-Type: application/json; charset=utf-8
host: localhost:33514
accept: */*

Response DefaultHttpResponse(decodeResult: success, version: HTTP/1.1)
HTTP/1.1 200 OK
Content-Type: application/json; charset=utf-8
cache-control: no-cache
content-length: 14

10:02:11.571 [AsyncHttpClient-1-11] DEBUG org.asynchttpclient.netty.channel.ChannelManager - Adding key: http://localhost:33514 for channel [id: 0xf8222030, L:/127.0.0.1:49933 - R:localhost/127.0.0.1:33514]
10:02:11.573 [Forwarding getCurrentUrl on session af7f2cde6c93acca1a6ca487cbbd5c56 to remote] DEBUG org.asynchttpclient.netty.request.NettyRequestSender - Using pooled Channel '[id: 0xf8222030, L:/127.0.0.1:49933 - R:localhost/127.0.0.1:33514]' for 'GET' to 'http://localhost:33514/session/af7f2cde6c93acca1a6ca487cbbd5c56/url'
10:02:11.573 [Forwarding getCurrentUrl on session af7f2cde6c93acca1a6ca487cbbd5c56 to remote] DEBUG org.asynchttpclient.netty.request.NettyRequestSender - Using open Channel [id: 0xf8222030, L:/127.0.0.1:49933 - R:localhost/127.0.0.1:33514] for GET '/session/af7f2cde6c93acca1a6ca487cbbd5c56/url'
10:02:11.580 [AsyncHttpClient-1-11] DEBUG org.asynchttpclient.netty.handler.HttpHandler - 

Request DefaultFullHttpRequest(decodeResult: success, version: HTTP/1.1, content: EmptyByteBufBE)
GET /session/af7f2cde6c93acca1a6ca487cbbd5c56/url HTTP/1.1
User-Agent: selenium/4.7.1 (java windows)
Cache-Control: no-cache
Content-Type: application/json; charset=utf-8
host: localhost:33514
accept: */*

Response DefaultHttpResponse(decodeResult: success, version: HTTP/1.1)
HTTP/1.1 200 OK
Content-Type: application/json; charset=utf-8
cache-control: no-cache
content-length: 51

10:02:11.580 [AsyncHttpClient-1-11] DEBUG org.asynchttpclient.netty.channel.ChannelManager - Adding key: http://localhost:33514 for channel [id: 0xf8222030, L:/127.0.0.1:49933 - R:localhost/127.0.0.1:33514]
10:02:11.581 [Forwarding screenshot on session af7f2cde6c93acca1a6ca487cbbd5c56 to remote] DEBUG org.asynchttpclient.netty.request.NettyRequestSender - Using pooled Channel '[id: 0xf8222030, L:/127.0.0.1:49933 - R:localhost/127.0.0.1:33514]' for 'GET' to 'http://localhost:33514/session/af7f2cde6c93acca1a6ca487cbbd5c56/screenshot'
10:02:11.582 [Forwarding screenshot on session af7f2cde6c93acca1a6ca487cbbd5c56 to remote] DEBUG org.asynchttpclient.netty.request.NettyRequestSender - Using open Channel [id: 0xf8222030, L:/127.0.0.1:49933 - R:localhost/127.0.0.1:33514] for GET '/session/af7f2cde6c93acca1a6ca487cbbd5c56/screenshot'
10:02:11.766 [AsyncHttpClient-1-11] DEBUG org.asynchttpclient.netty.handler.HttpHandler - 

Request DefaultFullHttpRequest(decodeResult: success, version: HTTP/1.1, content: EmptyByteBufBE)
GET /session/af7f2cde6c93acca1a6ca487cbbd5c56/screenshot HTTP/1.1
User-Agent: selenium/4.7.1 (java windows)
Cache-Control: no-cache
Content-Type: application/json; charset=utf-8
host: localhost:33514
accept: */*

Response DefaultHttpResponse(decodeResult: success, version: HTTP/1.1)
HTTP/1.1 200 OK
Content-Type: application/json; charset=utf-8
cache-control: no-cache
content-length: 29972

10:02:11.767 [AsyncHttpClient-1-11] DEBUG org.asynchttpclient.netty.channel.ChannelManager - Adding key: http://localhost:33514 for channel [id: 0xf8222030, L:/127.0.0.1:49933 - R:localhost/127.0.0.1:33514]
10:02:11.770 [main] DEBUG net.serenitybdd.core.photography.Darkroom - Send negative for processing for target\site\serenity\3b29b639d3f8ff6f94c15e251e9f609bca3d0ea5c645e6200ee9e6595ee45484.png
10:02:11.770 [main] DEBUG net.thucydides.core.steps.StepInterceptor - STEP DONE: inputEmail
10:02:11.771 [Darkroom Processing Line] DEBUG net.serenitybdd.core.photography.DarkroomProcessingLine - Processing screenshot image in /var/screenshots/screenshot-9344582632212454207
10:02:11.771 [Darkroom Processing Line] DEBUG net.serenitybdd.core.photography.DarkroomProcessingLine - Saving screenshot to target\site\serenity\3b29b639d3f8ff6f94c15e251e9f609bca3d0ea5c645e6200ee9e6595ee45484.png
  &amp#27;[32mAnd &amp#27;[0m&amp#27;[32muser input email invalid&amp#27;[0m                                      &amp#27;[90m# starter.stepdefinitions.LoginRegisterSteps.userInputEmailInvalid()&amp#27;[0m
10:02:11.788 [main] DEBUG net.thucydides.core.steps.StepInterceptor - STARTING STEP: LoginRegisterSteps.userInputPasswordValid - inputPassword
10:02:11.791 [Forwarding findElement on session af7f2cde6c93acca1a6ca487cbbd5c56 to remote] DEBUG org.asynchttpclient.netty.request.NettyRequestSender - Using pooled Channel '[id: 0xf8222030, L:/127.0.0.1:49933 - R:localhost/127.0.0.1:33514]' for 'POST' to 'http://localhost:33514/session/af7f2cde6c93acca1a6ca487cbbd5c56/element'
10:02:11.791 [Forwarding findElement on session af7f2cde6c93acca1a6ca487cbbd5c56 to remote] DEBUG org.asynchttpclient.netty.request.NettyRequestSender - Using open Channel [id: 0xf8222030, L:/127.0.0.1:49933 - R:localhost/127.0.0.1:33514] for POST '/session/af7f2cde6c93acca1a6ca487cbbd5c56/element'
10:02:11.810 [AsyncHttpClient-1-11] DEBUG org.asynchttpclient.netty.handler.HttpHandler - 

Request DefaultHttpRequest(decodeResult: success, version: HTTP/1.1)
POST /session/af7f2cde6c93acca1a6ca487cbbd5c56/element HTTP/1.1
User-Agent: selenium/4.7.1 (java windows)
Content-Length: 187
Content-Type: application/json; charset=utf-8
host: localhost:33514
accept: */*

Response DefaultHttpResponse(decodeResult: success, version: HTTP/1.1)
HTTP/1.1 200 OK
Content-Type: application/json; charset=utf-8
cache-control: no-cache
content-length: 88

10:02:11.810 [AsyncHttpClient-1-11] DEBUG org.asynchttpclient.netty.channel.ChannelManager - Adding key: http://localhost:33514 for channel [id: 0xf8222030, L:/127.0.0.1:49933 - R:localhost/127.0.0.1:33514]
10:02:11.812 [Forwarding clearElement on session af7f2cde6c93acca1a6ca487cbbd5c56 to remote] DEBUG org.asynchttpclient.netty.request.NettyRequestSender - Using pooled Channel '[id: 0xf8222030, L:/127.0.0.1:49933 - R:localhost/127.0.0.1:33514]' for 'POST' to 'http://localhost:33514/session/af7f2cde6c93acca1a6ca487cbbd5c56/element/0ca5c69f-eaba-465f-9f40-dbb6a31d0ee0/clear'
10:02:11.812 [Forwarding clearElement on session af7f2cde6c93acca1a6ca487cbbd5c56 to remote] DEBUG org.asynchttpclient.netty.request.NettyRequestSender - Using open Channel [id: 0xf8222030, L:/127.0.0.1:49933 - R:localhost/127.0.0.1:33514] for POST '/session/af7f2cde6c93acca1a6ca487cbbd5c56/element/0ca5c69f-eaba-465f-9f40-dbb6a31d0ee0/clear'
10:02:11.862 [AsyncHttpClient-1-11] DEBUG org.asynchttpclient.netty.handler.HttpHandler - 

Request DefaultHttpRequest(decodeResult: success, version: HTTP/1.1)
POST /session/af7f2cde6c93acca1a6ca487cbbd5c56/element/0ca5c69f-eaba-465f-9f40-dbb6a31d0ee0/clear HTTP/1.1
User-Agent: selenium/4.7.1 (java windows)
Content-Length: 50
Content-Type: application/json; charset=utf-8
host: localhost:33514
accept: */*

Response DefaultHttpResponse(decodeResult: success, version: HTTP/1.1)
HTTP/1.1 200 OK
Content-Type: application/json; charset=utf-8
cache-control: no-cache
content-length: 14

10:02:11.862 [AsyncHttpClient-1-11] DEBUG org.asynchttpclient.netty.channel.ChannelManager - Adding key: http://localhost:33514 for channel [id: 0xf8222030, L:/127.0.0.1:49933 - R:localhost/127.0.0.1:33514]
10:02:11.865 [Forwarding sendKeysToElement on session af7f2cde6c93acca1a6ca487cbbd5c56 to remote] DEBUG org.asynchttpclient.netty.request.NettyRequestSender - Using pooled Channel '[id: 0xf8222030, L:/127.0.0.1:49933 - R:localhost/127.0.0.1:33514]' for 'POST' to 'http://localhost:33514/session/af7f2cde6c93acca1a6ca487cbbd5c56/element/0ca5c69f-eaba-465f-9f40-dbb6a31d0ee0/value'
10:02:11.865 [Forwarding sendKeysToElement on session af7f2cde6c93acca1a6ca487cbbd5c56 to remote] DEBUG org.asynchttpclient.netty.request.NettyRequestSender - Using open Channel [id: 0xf8222030, L:/127.0.0.1:49933 - R:localhost/127.0.0.1:33514] for POST '/session/af7f2cde6c93acca1a6ca487cbbd5c56/element/0ca5c69f-eaba-465f-9f40-dbb6a31d0ee0/value'
10:02:11.871 [AsyncHttpClient-1-1] DEBUG org.asynchttpclient.netty.channel.DefaultChannelPool - Entry count for : http://localhost:49934 : 1
10:02:11.959 [AsyncHttpClient-1-11] DEBUG org.asynchttpclient.netty.handler.HttpHandler - 

Request DefaultHttpRequest(decodeResult: success, version: HTTP/1.1)
POST /session/af7f2cde6c93acca1a6ca487cbbd5c56/element/0ca5c69f-eaba-465f-9f40-dbb6a31d0ee0/value HTTP/1.1
User-Agent: selenium/4.7.1 (java windows)
Content-Length: 111
Content-Type: application/json; charset=utf-8
host: localhost:33514
accept: */*

Response DefaultHttpResponse(decodeResult: success, version: HTTP/1.1)
HTTP/1.1 200 OK
Content-Type: application/json; charset=utf-8
cache-control: no-cache
content-length: 14

10:02:11.959 [AsyncHttpClient-1-11] DEBUG org.asynchttpclient.netty.channel.ChannelManager - Adding key: http://localhost:33514 for channel [id: 0xf8222030, L:/127.0.0.1:49933 - R:localhost/127.0.0.1:33514]
10:02:11.970 [Forwarding getCurrentWindowHandle on session af7f2cde6c93acca1a6ca487cbbd5c56 to remote] DEBUG org.asynchttpclient.netty.request.NettyRequestSender - Using pooled Channel '[id: 0xf8222030, L:/127.0.0.1:49933 - R:localhost/127.0.0.1:33514]' for 'GET' to 'http://localhost:33514/session/af7f2cde6c93acca1a6ca487cbbd5c56/window'
10:02:11.970 [Forwarding getCurrentWindowHandle on session af7f2cde6c93acca1a6ca487cbbd5c56 to remote] DEBUG org.asynchttpclient.netty.request.NettyRequestSender - Using open Channel [id: 0xf8222030, L:/127.0.0.1:49933 - R:localhost/127.0.0.1:33514] for GET '/session/af7f2cde6c93acca1a6ca487cbbd5c56/window'
10:02:11.972 [AsyncHttpClient-1-11] DEBUG org.asynchttpclient.netty.handler.HttpHandler - 

Request DefaultFullHttpRequest(decodeResult: success, version: HTTP/1.1, content: EmptyByteBufBE)
GET /session/af7f2cde6c93acca1a6ca487cbbd5c56/window HTTP/1.1
User-Agent: selenium/4.7.1 (java windows)
Cache-Control: no-cache
Content-Type: application/json; charset=utf-8
host: localhost:33514
accept: */*

Response DefaultHttpResponse(decodeResult: success, version: HTTP/1.1)
HTTP/1.1 200 OK
Content-Type: application/json; charset=utf-8
cache-control: no-cache
content-length: 44

10:02:11.972 [AsyncHttpClient-1-11] DEBUG org.asynchttpclient.netty.channel.ChannelManager - Adding key: http://localhost:33514 for channel [id: 0xf8222030, L:/127.0.0.1:49933 - R:localhost/127.0.0.1:33514]
10:02:11.975 [Forwarding getAlertText on session af7f2cde6c93acca1a6ca487cbbd5c56 to remote] DEBUG org.asynchttpclient.netty.request.NettyRequestSender - Using pooled Channel '[id: 0xf8222030, L:/127.0.0.1:49933 - R:localhost/127.0.0.1:33514]' for 'GET' to 'http://localhost:33514/session/af7f2cde6c93acca1a6ca487cbbd5c56/alert/text'
10:02:11.975 [Forwarding getAlertText on session af7f2cde6c93acca1a6ca487cbbd5c56 to remote] DEBUG org.asynchttpclient.netty.request.NettyRequestSender - Using open Channel [id: 0xf8222030, L:/127.0.0.1:49933 - R:localhost/127.0.0.1:33514] for GET '/session/af7f2cde6c93acca1a6ca487cbbd5c56/alert/text'
10:02:11.979 [AsyncHttpClient-1-11] DEBUG org.asynchttpclient.netty.handler.HttpHandler - 

Request DefaultFullHttpRequest(decodeResult: success, version: HTTP/1.1, content: EmptyByteBufBE)
GET /session/af7f2cde6c93acca1a6ca487cbbd5c56/alert/text HTTP/1.1
User-Agent: selenium/4.7.1 (java windows)
Cache-Control: no-cache
Content-Type: application/json; charset=utf-8
host: localhost:33514
accept: */*

Response DefaultHttpResponse(decodeResult: success, version: HTTP/1.1)
HTTP/1.1 404 Not Found
Content-Type: application/json; charset=utf-8
cache-control: no-cache
content-length: 821

10:02:11.979 [AsyncHttpClient-1-11] DEBUG org.asynchttpclient.netty.channel.ChannelManager - Adding key: http://localhost:33514 for channel [id: 0xf8222030, L:/127.0.0.1:49933 - R:localhost/127.0.0.1:33514]
10:02:11.983 [Forwarding switchToWindow on session af7f2cde6c93acca1a6ca487cbbd5c56 to remote] DEBUG org.asynchttpclient.netty.request.NettyRequestSender - Using pooled Channel '[id: 0xf8222030, L:/127.0.0.1:49933 - R:localhost/127.0.0.1:33514]' for 'POST' to 'http://localhost:33514/session/af7f2cde6c93acca1a6ca487cbbd5c56/window'
10:02:11.983 [Forwarding switchToWindow on session af7f2cde6c93acca1a6ca487cbbd5c56 to remote] DEBUG org.asynchttpclient.netty.request.NettyRequestSender - Using open Channel [id: 0xf8222030, L:/127.0.0.1:49933 - R:localhost/127.0.0.1:33514] for POST '/session/af7f2cde6c93acca1a6ca487cbbd5c56/window'
10:02:11.987 [AsyncHttpClient-1-11] DEBUG org.asynchttpclient.netty.handler.HttpHandler - 

Request DefaultHttpRequest(decodeResult: success, version: HTTP/1.1)
POST /session/af7f2cde6c93acca1a6ca487cbbd5c56/window HTTP/1.1
User-Agent: selenium/4.7.1 (java windows)
Content-Length: 50
Content-Type: application/json; charset=utf-8
host: localhost:33514
accept: */*

Response DefaultHttpResponse(decodeResult: success, version: HTTP/1.1)
HTTP/1.1 200 OK
Content-Type: application/json; charset=utf-8
cache-control: no-cache
content-length: 14

10:02:11.987 [AsyncHttpClient-1-11] DEBUG org.asynchttpclient.netty.channel.ChannelManager - Adding key: http://localhost:33514 for channel [id: 0xf8222030, L:/127.0.0.1:49933 - R:localhost/127.0.0.1:33514]
10:02:11.989 [Forwarding getCurrentUrl on session af7f2cde6c93acca1a6ca487cbbd5c56 to remote] DEBUG org.asynchttpclient.netty.request.NettyRequestSender - Using pooled Channel '[id: 0xf8222030, L:/127.0.0.1:49933 - R:localhost/127.0.0.1:33514]' for 'GET' to 'http://localhost:33514/session/af7f2cde6c93acca1a6ca487cbbd5c56/url'
10:02:11.989 [Forwarding getCurrentUrl on session af7f2cde6c93acca1a6ca487cbbd5c56 to remote] DEBUG org.asynchttpclient.netty.request.NettyRequestSender - Using open Channel [id: 0xf8222030, L:/127.0.0.1:49933 - R:localhost/127.0.0.1:33514] for GET '/session/af7f2cde6c93acca1a6ca487cbbd5c56/url'
10:02:11.995 [AsyncHttpClient-1-11] DEBUG org.asynchttpclient.netty.handler.HttpHandler - 

Request DefaultFullHttpRequest(decodeResult: success, version: HTTP/1.1, content: EmptyByteBufBE)
GET /session/af7f2cde6c93acca1a6ca487cbbd5c56/url HTTP/1.1
User-Agent: selenium/4.7.1 (java windows)
Cache-Control: no-cache
Content-Type: application/json; charset=utf-8
host: localhost:33514
accept: */*

Response DefaultHttpResponse(decodeResult: success, version: HTTP/1.1)
HTTP/1.1 200 OK
Content-Type: application/json; charset=utf-8
cache-control: no-cache
content-length: 51

10:02:11.996 [AsyncHttpClient-1-11] DEBUG org.asynchttpclient.netty.channel.ChannelManager - Adding key: http://localhost:33514 for channel [id: 0xf8222030, L:/127.0.0.1:49933 - R:localhost/127.0.0.1:33514]
10:02:11.997 [Forwarding screenshot on session af7f2cde6c93acca1a6ca487cbbd5c56 to remote] DEBUG org.asynchttpclient.netty.request.NettyRequestSender - Using pooled Channel '[id: 0xf8222030, L:/127.0.0.1:49933 - R:localhost/127.0.0.1:33514]' for 'GET' to 'http://localhost:33514/session/af7f2cde6c93acca1a6ca487cbbd5c56/screenshot'
10:02:11.997 [Forwarding screenshot on session af7f2cde6c93acca1a6ca487cbbd5c56 to remote] DEBUG org.asynchttpclient.netty.request.NettyRequestSender - Using open Channel [id: 0xf8222030, L:/127.0.0.1:49933 - R:localhost/127.0.0.1:33514] for GET '/session/af7f2cde6c93acca1a6ca487cbbd5c56/screenshot'
10:02:12.145 [AsyncHttpClient-1-11] DEBUG org.asynchttpclient.netty.handler.HttpHandler - 

Request DefaultFullHttpRequest(decodeResult: success, version: HTTP/1.1, content: EmptyByteBufBE)
GET /session/af7f2cde6c93acca1a6ca487cbbd5c56/screenshot HTTP/1.1
User-Agent: selenium/4.7.1 (java windows)
Cache-Control: no-cache
Content-Type: application/json; charset=utf-8
host: localhost:33514
accept: */*

Response DefaultHttpResponse(decodeResult: success, version: HTTP/1.1)
HTTP/1.1 200 OK
Content-Type: application/json; charset=utf-8
cache-control: no-cache
content-length: 29788

10:02:12.145 [AsyncHttpClient-1-11] DEBUG org.asynchttpclient.netty.channel.ChannelManager - Adding key: http://localhost:33514 for channel [id: 0xf8222030, L:/127.0.0.1:49933 - R:localhost/127.0.0.1:33514]
10:02:12.147 [main] DEBUG net.serenitybdd.core.photography.Darkroom - Send negative for processing for target\site\serenity\4d66eab77dd04565c9ea1012d614afbeba8e9494f2821d1ff88f651633aeb4b8.png
10:02:12.148 [main] DEBUG net.thucydides.core.steps.StepInterceptor - STEP DONE: inputPassword
10:02:12.148 [Darkroom Processing Line] DEBUG net.serenitybdd.core.photography.DarkroomProcessingLine - Processing screenshot image in /var/screenshots/screenshot-16849094007349269129
10:02:12.148 [Darkroom Processing Line] DEBUG net.serenitybdd.core.photography.DarkroomProcessingLine - Saving screenshot to target\site\serenity\4d66eab77dd04565c9ea1012d614afbeba8e9494f2821d1ff88f651633aeb4b8.png
  &amp#27;[32mAnd &amp#27;[0m&amp#27;[32muser input password valid&amp#27;[0m                                     &amp#27;[90m# starter.stepdefinitions.LoginRegisterSteps.userInputPasswordValid()&amp#27;[0m
10:02:12.165 [main] DEBUG net.thucydides.core.steps.StepInterceptor - STARTING STEP: LoginRegisterSteps.userKlikButtonLoginYangKedua - klikButtonLoginKedua
10:02:12.168 [Forwarding findElement on session af7f2cde6c93acca1a6ca487cbbd5c56 to remote] DEBUG org.asynchttpclient.netty.request.NettyRequestSender - Using pooled Channel '[id: 0xf8222030, L:/127.0.0.1:49933 - R:localhost/127.0.0.1:33514]' for 'POST' to 'http://localhost:33514/session/af7f2cde6c93acca1a6ca487cbbd5c56/element'
10:02:12.169 [Forwarding findElement on session af7f2cde6c93acca1a6ca487cbbd5c56 to remote] DEBUG org.asynchttpclient.netty.request.NettyRequestSender - Using open Channel [id: 0xf8222030, L:/127.0.0.1:49933 - R:localhost/127.0.0.1:33514] for POST '/session/af7f2cde6c93acca1a6ca487cbbd5c56/element'
10:02:12.191 [AsyncHttpClient-1-11] DEBUG org.asynchttpclient.netty.handler.HttpHandler - 

Request DefaultHttpRequest(decodeResult: success, version: HTTP/1.1)
POST /session/af7f2cde6c93acca1a6ca487cbbd5c56/element HTTP/1.1
User-Agent: selenium/4.7.1 (java windows)
Content-Length: 141
Content-Type: application/json; charset=utf-8
host: localhost:33514
accept: */*

Response DefaultHttpResponse(decodeResult: success, version: HTTP/1.1)
HTTP/1.1 200 OK
Content-Type: application/json; charset=utf-8
cache-control: no-cache
content-length: 88

10:02:12.191 [AsyncHttpClient-1-11] DEBUG org.asynchttpclient.netty.channel.ChannelManager - Adding key: http://localhost:33514 for channel [id: 0xf8222030, L:/127.0.0.1:49933 - R:localhost/127.0.0.1:33514]
10:02:12.193 [Forwarding getElementTagName on session af7f2cde6c93acca1a6ca487cbbd5c56 to remote] DEBUG org.asynchttpclient.netty.request.NettyRequestSender - Using pooled Channel '[id: 0xf8222030, L:/127.0.0.1:49933 - R:localhost/127.0.0.1:33514]' for 'GET' to 'http://localhost:33514/session/af7f2cde6c93acca1a6ca487cbbd5c56/element/64b2a716-d669-47e1-9d1e-aefcb2d35660/name'
10:02:12.193 [Forwarding getElementTagName on session af7f2cde6c93acca1a6ca487cbbd5c56 to remote] DEBUG org.asynchttpclient.netty.request.NettyRequestSender - Using open Channel [id: 0xf8222030, L:/127.0.0.1:49933 - R:localhost/127.0.0.1:33514] for GET '/session/af7f2cde6c93acca1a6ca487cbbd5c56/element/64b2a716-d669-47e1-9d1e-aefcb2d35660/name'
10:02:12.203 [AsyncHttpClient-1-11] DEBUG org.asynchttpclient.netty.handler.HttpHandler - 

Request DefaultFullHttpRequest(decodeResult: success, version: HTTP/1.1, content: EmptyByteBufBE)
GET /session/af7f2cde6c93acca1a6ca487cbbd5c56/element/64b2a716-d669-47e1-9d1e-aefcb2d35660/name HTTP/1.1
User-Agent: selenium/4.7.1 (java windows)
Cache-Control: no-cache
Content-Type: application/json; charset=utf-8
host: localhost:33514
accept: */*

Response DefaultHttpResponse(decodeResult: success, version: HTTP/1.1)
HTTP/1.1 200 OK
Content-Type: application/json; charset=utf-8
cache-control: no-cache
content-length: 18

10:02:12.203 [AsyncHttpClient-1-11] DEBUG org.asynchttpclient.netty.channel.ChannelManager - Adding key: http://localhost:33514 for channel [id: 0xf8222030, L:/127.0.0.1:49933 - R:localhost/127.0.0.1:33514]
10:02:12.205 [Forwarding getElementTagName on session af7f2cde6c93acca1a6ca487cbbd5c56 to remote] DEBUG org.asynchttpclient.netty.request.NettyRequestSender - Using pooled Channel '[id: 0xf8222030, L:/127.0.0.1:49933 - R:localhost/127.0.0.1:33514]' for 'GET' to 'http://localhost:33514/session/af7f2cde6c93acca1a6ca487cbbd5c56/element/64b2a716-d669-47e1-9d1e-aefcb2d35660/name'
10:02:12.206 [Forwarding getElementTagName on session af7f2cde6c93acca1a6ca487cbbd5c56 to remote] DEBUG org.asynchttpclient.netty.request.NettyRequestSender - Using open Channel [id: 0xf8222030, L:/127.0.0.1:49933 - R:localhost/127.0.0.1:33514] for GET '/session/af7f2cde6c93acca1a6ca487cbbd5c56/element/64b2a716-d669-47e1-9d1e-aefcb2d35660/name'
10:02:12.213 [AsyncHttpClient-1-11] DEBUG org.asynchttpclient.netty.handler.HttpHandler - 

Request DefaultFullHttpRequest(decodeResult: success, version: HTTP/1.1, content: EmptyByteBufBE)
GET /session/af7f2cde6c93acca1a6ca487cbbd5c56/element/64b2a716-d669-47e1-9d1e-aefcb2d35660/name HTTP/1.1
User-Agent: selenium/4.7.1 (java windows)
Cache-Control: no-cache
Content-Type: application/json; charset=utf-8
host: localhost:33514
accept: */*

Response DefaultHttpResponse(decodeResult: success, version: HTTP/1.1)
HTTP/1.1 200 OK
Content-Type: application/json; charset=utf-8
cache-control: no-cache
content-length: 18

10:02:12.213 [AsyncHttpClient-1-11] DEBUG org.asynchttpclient.netty.channel.ChannelManager - Adding key: http://localhost:33514 for channel [id: 0xf8222030, L:/127.0.0.1:49933 - R:localhost/127.0.0.1:33514]
10:02:12.217 [Forwarding isElementEnabled on session af7f2cde6c93acca1a6ca487cbbd5c56 to remote] DEBUG org.asynchttpclient.netty.request.NettyRequestSender - Using pooled Channel '[id: 0xf8222030, L:/127.0.0.1:49933 - R:localhost/127.0.0.1:33514]' for 'GET' to 'http://localhost:33514/session/af7f2cde6c93acca1a6ca487cbbd5c56/element/64b2a716-d669-47e1-9d1e-aefcb2d35660/enabled'
10:02:12.217 [Forwarding isElementEnabled on session af7f2cde6c93acca1a6ca487cbbd5c56 to remote] DEBUG org.asynchttpclient.netty.request.NettyRequestSender - Using open Channel [id: 0xf8222030, L:/127.0.0.1:49933 - R:localhost/127.0.0.1:33514] for GET '/session/af7f2cde6c93acca1a6ca487cbbd5c56/element/64b2a716-d669-47e1-9d1e-aefcb2d35660/enabled'
10:02:12.238 [AsyncHttpClient-1-11] DEBUG org.asynchttpclient.netty.handler.HttpHandler - 

Request DefaultFullHttpRequest(decodeResult: success, version: HTTP/1.1, content: EmptyByteBufBE)
GET /session/af7f2cde6c93acca1a6ca487cbbd5c56/element/64b2a716-d669-47e1-9d1e-aefcb2d35660/enabled HTTP/1.1
User-Agent: selenium/4.7.1 (java windows)
Cache-Control: no-cache
Content-Type: application/json; charset=utf-8
host: localhost:33514
accept: */*

Response DefaultHttpResponse(decodeResult: success, version: HTTP/1.1)
HTTP/1.1 200 OK
Content-Type: application/json; charset=utf-8
cache-control: no-cache
content-length: 14

10:02:12.239 [AsyncHttpClient-1-11] DEBUG org.asynchttpclient.netty.channel.ChannelManager - Adding key: http://localhost:33514 for channel [id: 0xf8222030, L:/127.0.0.1:49933 - R:localhost/127.0.0.1:33514]
10:02:12.241 [Forwarding isElementEnabled on session af7f2cde6c93acca1a6ca487cbbd5c56 to remote] DEBUG org.asynchttpclient.netty.request.NettyRequestSender - Using pooled Channel '[id: 0xf8222030, L:/127.0.0.1:49933 - R:localhost/127.0.0.1:33514]' for 'GET' to 'http://localhost:33514/session/af7f2cde6c93acca1a6ca487cbbd5c56/element/64b2a716-d669-47e1-9d1e-aefcb2d35660/enabled'
10:02:12.241 [Forwarding isElementEnabled on session af7f2cde6c93acca1a6ca487cbbd5c56 to remote] DEBUG org.asynchttpclient.netty.request.NettyRequestSender - Using open Channel [id: 0xf8222030, L:/127.0.0.1:49933 - R:localhost/127.0.0.1:33514] for GET '/session/af7f2cde6c93acca1a6ca487cbbd5c56/element/64b2a716-d669-47e1-9d1e-aefcb2d35660/enabled'
10:02:12.256 [AsyncHttpClient-1-11] DEBUG org.asynchttpclient.netty.handler.HttpHandler - 

Request DefaultFullHttpRequest(decodeResult: success, version: HTTP/1.1, content: EmptyByteBufBE)
GET /session/af7f2cde6c93acca1a6ca487cbbd5c56/element/64b2a716-d669-47e1-9d1e-aefcb2d35660/enabled HTTP/1.1
User-Agent: selenium/4.7.1 (java windows)
Cache-Control: no-cache
Content-Type: application/json; charset=utf-8
host: localhost:33514
accept: */*

Response DefaultHttpResponse(decodeResult: success, version: HTTP/1.1)
HTTP/1.1 200 OK
Content-Type: application/json; charset=utf-8
cache-control: no-cache
content-length: 14

10:02:12.257 [AsyncHttpClient-1-11] DEBUG org.asynchttpclient.netty.channel.ChannelManager - Adding key: http://localhost:33514 for channel [id: 0xf8222030, L:/127.0.0.1:49933 - R:localhost/127.0.0.1:33514]
10:02:12.260 [Forwarding findElement on session af7f2cde6c93acca1a6ca487cbbd5c56 to remote] DEBUG org.asynchttpclient.netty.request.NettyRequestSender - Using pooled Channel '[id: 0xf8222030, L:/127.0.0.1:49933 - R:localhost/127.0.0.1:33514]' for 'POST' to 'http://localhost:33514/session/af7f2cde6c93acca1a6ca487cbbd5c56/element'
10:02:12.260 [Forwarding findElement on session af7f2cde6c93acca1a6ca487cbbd5c56 to remote] DEBUG org.asynchttpclient.netty.request.NettyRequestSender - Using open Channel [id: 0xf8222030, L:/127.0.0.1:49933 - R:localhost/127.0.0.1:33514] for POST '/session/af7f2cde6c93acca1a6ca487cbbd5c56/element'
10:02:12.278 [AsyncHttpClient-1-11] DEBUG org.asynchttpclient.netty.handler.HttpHandler - 

Request DefaultHttpRequest(decodeResult: success, version: HTTP/1.1)
POST /session/af7f2cde6c93acca1a6ca487cbbd5c56/element HTTP/1.1
User-Agent: selenium/4.7.1 (java windows)
Content-Length: 141
Content-Type: application/json; charset=utf-8
host: localhost:33514
accept: */*

Response DefaultHttpResponse(decodeResult: success, version: HTTP/1.1)
HTTP/1.1 200 OK
Content-Type: application/json; charset=utf-8
cache-control: no-cache
content-length: 88

10:02:12.278 [AsyncHttpClient-1-11] DEBUG org.asynchttpclient.netty.channel.ChannelManager - Adding key: http://localhost:33514 for channel [id: 0xf8222030, L:/127.0.0.1:49933 - R:localhost/127.0.0.1:33514]
10:02:12.280 [Forwarding clickElement on session af7f2cde6c93acca1a6ca487cbbd5c56 to remote] DEBUG org.asynchttpclient.netty.request.NettyRequestSender - Using pooled Channel '[id: 0xf8222030, L:/127.0.0.1:49933 - R:localhost/127.0.0.1:33514]' for 'POST' to 'http://localhost:33514/session/af7f2cde6c93acca1a6ca487cbbd5c56/element/64b2a716-d669-47e1-9d1e-aefcb2d35660/click'
10:02:12.280 [Forwarding clickElement on session af7f2cde6c93acca1a6ca487cbbd5c56 to remote] DEBUG org.asynchttpclient.netty.request.NettyRequestSender - Using open Channel [id: 0xf8222030, L:/127.0.0.1:49933 - R:localhost/127.0.0.1:33514] for POST '/session/af7f2cde6c93acca1a6ca487cbbd5c56/element/64b2a716-d669-47e1-9d1e-aefcb2d35660/click'
10:02:12.379 [AsyncHttpClient-1-11] DEBUG org.asynchttpclient.netty.handler.HttpHandler - 

Request DefaultHttpRequest(decodeResult: success, version: HTTP/1.1)
POST /session/af7f2cde6c93acca1a6ca487cbbd5c56/element/64b2a716-d669-47e1-9d1e-aefcb2d35660/click HTTP/1.1
User-Agent: selenium/4.7.1 (java windows)
Content-Length: 50
Content-Type: application/json; charset=utf-8
host: localhost:33514
accept: */*

Response DefaultHttpResponse(decodeResult: success, version: HTTP/1.1)
HTTP/1.1 200 OK
Content-Type: application/json; charset=utf-8
cache-control: no-cache
content-length: 14

10:02:12.379 [AsyncHttpClient-1-11] DEBUG org.asynchttpclient.netty.channel.ChannelManager - Adding key: http://localhost:33514 for channel [id: 0xf8222030, L:/127.0.0.1:49933 - R:localhost/127.0.0.1:33514]
10:02:12.397 [Forwarding getCurrentWindowHandle on session af7f2cde6c93acca1a6ca487cbbd5c56 to remote] DEBUG org.asynchttpclient.netty.request.NettyRequestSender - Using pooled Channel '[id: 0xf8222030, L:/127.0.0.1:49933 - R:localhost/127.0.0.1:33514]' for 'GET' to 'http://localhost:33514/session/af7f2cde6c93acca1a6ca487cbbd5c56/window'
10:02:12.397 [Forwarding getCurrentWindowHandle on session af7f2cde6c93acca1a6ca487cbbd5c56 to remote] DEBUG org.asynchttpclient.netty.request.NettyRequestSender - Using open Channel [id: 0xf8222030, L:/127.0.0.1:49933 - R:localhost/127.0.0.1:33514] for GET '/session/af7f2cde6c93acca1a6ca487cbbd5c56/window'
10:02:12.399 [AsyncHttpClient-1-11] DEBUG org.asynchttpclient.netty.handler.HttpHandler - 

Request DefaultFullHttpRequest(decodeResult: success, version: HTTP/1.1, content: EmptyByteBufBE)
GET /session/af7f2cde6c93acca1a6ca487cbbd5c56/window HTTP/1.1
User-Agent: selenium/4.7.1 (java windows)
Cache-Control: no-cache
Content-Type: application/json; charset=utf-8
host: localhost:33514
accept: */*

Response DefaultHttpResponse(decodeResult: success, version: HTTP/1.1)
HTTP/1.1 200 OK
Content-Type: application/json; charset=utf-8
cache-control: no-cache
content-length: 44

10:02:12.400 [AsyncHttpClient-1-11] DEBUG org.asynchttpclient.netty.channel.ChannelManager - Adding key: http://localhost:33514 for channel [id: 0xf8222030, L:/127.0.0.1:49933 - R:localhost/127.0.0.1:33514]
10:02:12.403 [Forwarding getAlertText on session af7f2cde6c93acca1a6ca487cbbd5c56 to remote] DEBUG org.asynchttpclient.netty.request.NettyRequestSender - Using pooled Channel '[id: 0xf8222030, L:/127.0.0.1:49933 - R:localhost/127.0.0.1:33514]' for 'GET' to 'http://localhost:33514/session/af7f2cde6c93acca1a6ca487cbbd5c56/alert/text'
10:02:12.403 [Forwarding getAlertText on session af7f2cde6c93acca1a6ca487cbbd5c56 to remote] DEBUG org.asynchttpclient.netty.request.NettyRequestSender - Using open Channel [id: 0xf8222030, L:/127.0.0.1:49933 - R:localhost/127.0.0.1:33514] for GET '/session/af7f2cde6c93acca1a6ca487cbbd5c56/alert/text'
10:02:12.412 [AsyncHttpClient-1-11] DEBUG org.asynchttpclient.netty.handler.HttpHandler - 

Request DefaultFullHttpRequest(decodeResult: success, version: HTTP/1.1, content: EmptyByteBufBE)
GET /session/af7f2cde6c93acca1a6ca487cbbd5c56/alert/text HTTP/1.1
User-Agent: selenium/4.7.1 (java windows)
Cache-Control: no-cache
Content-Type: application/json; charset=utf-8
host: localhost:33514
accept: */*

Response DefaultHttpResponse(decodeResult: success, version: HTTP/1.1)
HTTP/1.1 404 Not Found
Content-Type: application/json; charset=utf-8
cache-control: no-cache
content-length: 821

10:02:12.412 [AsyncHttpClient-1-11] DEBUG org.asynchttpclient.netty.channel.ChannelManager - Adding key: http://localhost:33514 for channel [id: 0xf8222030, L:/127.0.0.1:49933 - R:localhost/127.0.0.1:33514]
10:02:12.415 [Forwarding switchToWindow on session af7f2cde6c93acca1a6ca487cbbd5c56 to remote] DEBUG org.asynchttpclient.netty.request.NettyRequestSender - Using pooled Channel '[id: 0xf8222030, L:/127.0.0.1:49933 - R:localhost/127.0.0.1:33514]' for 'POST' to 'http://localhost:33514/session/af7f2cde6c93acca1a6ca487cbbd5c56/window'
10:02:12.415 [Forwarding switchToWindow on session af7f2cde6c93acca1a6ca487cbbd5c56 to remote] DEBUG org.asynchttpclient.netty.request.NettyRequestSender - Using open Channel [id: 0xf8222030, L:/127.0.0.1:49933 - R:localhost/127.0.0.1:33514] for POST '/session/af7f2cde6c93acca1a6ca487cbbd5c56/window'
10:02:12.418 [AsyncHttpClient-1-11] DEBUG org.asynchttpclient.netty.handler.HttpHandler - 

Request DefaultHttpRequest(decodeResult: success, version: HTTP/1.1)
POST /session/af7f2cde6c93acca1a6ca487cbbd5c56/window HTTP/1.1
User-Agent: selenium/4.7.1 (java windows)
Content-Length: 50
Content-Type: application/json; charset=utf-8
host: localhost:33514
accept: */*

Response DefaultHttpResponse(decodeResult: success, version: HTTP/1.1)
HTTP/1.1 200 OK
Content-Type: application/json; charset=utf-8
cache-control: no-cache
content-length: 14

10:02:12.419 [AsyncHttpClient-1-11] DEBUG org.asynchttpclient.netty.channel.ChannelManager - Adding key: http://localhost:33514 for channel [id: 0xf8222030, L:/127.0.0.1:49933 - R:localhost/127.0.0.1:33514]
10:02:12.421 [Forwarding getCurrentUrl on session af7f2cde6c93acca1a6ca487cbbd5c56 to remote] DEBUG org.asynchttpclient.netty.request.NettyRequestSender - Using pooled Channel '[id: 0xf8222030, L:/127.0.0.1:49933 - R:localhost/127.0.0.1:33514]' for 'GET' to 'http://localhost:33514/session/af7f2cde6c93acca1a6ca487cbbd5c56/url'
10:02:12.421 [Forwarding getCurrentUrl on session af7f2cde6c93acca1a6ca487cbbd5c56 to remote] DEBUG org.asynchttpclient.netty.request.NettyRequestSender - Using open Channel [id: 0xf8222030, L:/127.0.0.1:49933 - R:localhost/127.0.0.1:33514] for GET '/session/af7f2cde6c93acca1a6ca487cbbd5c56/url'
10:02:12.434 [AsyncHttpClient-1-11] DEBUG org.asynchttpclient.netty.handler.HttpHandler - 

Request DefaultFullHttpRequest(decodeResult: success, version: HTTP/1.1, content: EmptyByteBufBE)
GET /session/af7f2cde6c93acca1a6ca487cbbd5c56/url HTTP/1.1
User-Agent: selenium/4.7.1 (java windows)
Cache-Control: no-cache
Content-Type: application/json; charset=utf-8
host: localhost:33514
accept: */*

Response DefaultHttpResponse(decodeResult: success, version: HTTP/1.1)
HTTP/1.1 200 OK
Content-Type: application/json; charset=utf-8
cache-control: no-cache
content-length: 51

10:02:12.435 [AsyncHttpClient-1-11] DEBUG org.asynchttpclient.netty.channel.ChannelManager - Adding key: http://localhost:33514 for channel [id: 0xf8222030, L:/127.0.0.1:49933 - R:localhost/127.0.0.1:33514]
10:02:12.438 [Forwarding screenshot on session af7f2cde6c93acca1a6ca487cbbd5c56 to remote] DEBUG org.asynchttpclient.netty.request.NettyRequestSender - Using pooled Channel '[id: 0xf8222030, L:/127.0.0.1:49933 - R:localhost/127.0.0.1:33514]' for 'GET' to 'http://localhost:33514/session/af7f2cde6c93acca1a6ca487cbbd5c56/screenshot'
10:02:12.438 [Forwarding screenshot on session af7f2cde6c93acca1a6ca487cbbd5c56 to remote] DEBUG org.asynchttpclient.netty.request.NettyRequestSender - Using open Channel [id: 0xf8222030, L:/127.0.0.1:49933 - R:localhost/127.0.0.1:33514] for GET '/session/af7f2cde6c93acca1a6ca487cbbd5c56/screenshot'
10:02:12.617 [AsyncHttpClient-1-11] DEBUG org.asynchttpclient.netty.handler.HttpHandler - 

Request DefaultFullHttpRequest(decodeResult: success, version: HTTP/1.1, content: EmptyByteBufBE)
GET /session/af7f2cde6c93acca1a6ca487cbbd5c56/screenshot HTTP/1.1
User-Agent: selenium/4.7.1 (java windows)
Cache-Control: no-cache
Content-Type: application/json; charset=utf-8
host: localhost:33514
accept: */*

Response DefaultHttpResponse(decodeResult: success, version: HTTP/1.1)
HTTP/1.1 200 OK
Content-Type: application/json; charset=utf-8
cache-control: no-cache
content-length: 29072

10:02:12.618 [AsyncHttpClient-1-11] DEBUG org.asynchttpclient.netty.channel.ChannelManager - Adding key: http://localhost:33514 for channel [id: 0xf8222030, L:/127.0.0.1:49933 - R:localhost/127.0.0.1:33514]
10:02:12.621 [main] DEBUG net.serenitybdd.core.photography.Darkroom - Send negative for processing for target\site\serenity\f2c3e1188853cd45173df612cc1d2748b113d8ca6254860f12c1f6c736e87d35.png
10:02:12.622 [main] DEBUG net.thucydides.core.steps.StepInterceptor - STEP DONE: klikButtonLoginKedua
10:02:12.622 [Darkroom Processing Line] DEBUG net.serenitybdd.core.photography.DarkroomProcessingLine - Processing screenshot image in /var/screenshots/screenshot-17684121437974802082
10:02:12.622 [Darkroom Processing Line] DEBUG net.serenitybdd.core.photography.DarkroomProcessingLine - Saving screenshot to target\site\serenity\f2c3e1188853cd45173df612cc1d2748b113d8ca6254860f12c1f6c736e87d35.png
  &amp#27;[32mThen &amp#27;[0m&amp#27;[32muser klik button login yang kedua&amp#27;[0m                            &amp#27;[90m# starter.stepdefinitions.LoginRegisterSteps.userKlikButtonLoginYangKedua()&amp#27;[0m
10:02:12.639 [main] DEBUG net.thucydides.core.steps.StepInterceptor - STARTING STEP: LoginRegisterSteps.userMenerimaErrorMessage - munculErrorMessage
10:02:12.642 [Forwarding findElement on session af7f2cde6c93acca1a6ca487cbbd5c56 to remote] DEBUG org.asynchttpclient.netty.request.NettyRequestSender - Using pooled Channel '[id: 0xf8222030, L:/127.0.0.1:49933 - R:localhost/127.0.0.1:33514]' for 'POST' to 'http://localhost:33514/session/af7f2cde6c93acca1a6ca487cbbd5c56/element'
10:02:12.642 [Forwarding findElement on session af7f2cde6c93acca1a6ca487cbbd5c56 to remote] DEBUG org.asynchttpclient.netty.request.NettyRequestSender - Using open Channel [id: 0xf8222030, L:/127.0.0.1:49933 - R:localhost/127.0.0.1:33514] for POST '/session/af7f2cde6c93acca1a6ca487cbbd5c56/element'
10:02:12.795 [AsyncHttpClient-1-11] DEBUG org.asynchttpclient.netty.handler.HttpHandler - 

Request DefaultHttpRequest(decodeResult: success, version: HTTP/1.1)
POST /session/af7f2cde6c93acca1a6ca487cbbd5c56/element HTTP/1.1
User-Agent: selenium/4.7.1 (java windows)
Content-Length: 139
Content-Type: application/json; charset=utf-8
host: localhost:33514
accept: */*

Response DefaultHttpResponse(decodeResult: success, version: HTTP/1.1)
HTTP/1.1 200 OK
Content-Type: application/json; charset=utf-8
cache-control: no-cache
content-length: 88

10:02:12.795 [AsyncHttpClient-1-11] DEBUG org.asynchttpclient.netty.channel.ChannelManager - Adding key: http://localhost:33514 for channel [id: 0xf8222030, L:/127.0.0.1:49933 - R:localhost/127.0.0.1:33514]
10:02:12.800 [Forwarding isElementDisplayed on session af7f2cde6c93acca1a6ca487cbbd5c56 to remote] DEBUG org.asynchttpclient.netty.request.NettyRequestSender - Using pooled Channel '[id: 0xf8222030, L:/127.0.0.1:49933 - R:localhost/127.0.0.1:33514]' for 'POST' to 'http://localhost:33514/session/af7f2cde6c93acca1a6ca487cbbd5c56/execute/sync'
10:02:12.800 [Forwarding isElementDisplayed on session af7f2cde6c93acca1a6ca487cbbd5c56 to remote] DEBUG org.asynchttpclient.netty.request.NettyRequestSender - Using open Channel [id: 0xf8222030, L:/127.0.0.1:49933 - R:localhost/127.0.0.1:33514] for POST '/session/af7f2cde6c93acca1a6ca487cbbd5c56/execute/sync'
10:02:12.824 [AsyncHttpClient-1-11] DEBUG org.asynchttpclient.netty.handler.HttpHandler - 

Request DefaultHttpRequest(decodeResult: success, version: HTTP/1.1)
POST /session/af7f2cde6c93acca1a6ca487cbbd5c56/execute/sync HTTP/1.1
User-Agent: selenium/4.7.1 (java windows)
Content-Length: 48780
Content-Type: application/json; charset=utf-8
host: localhost:33514
accept: */*

Response DefaultHttpResponse(decodeResult: success, version: HTTP/1.1)
HTTP/1.1 200 OK
Content-Type: application/json; charset=utf-8
cache-control: no-cache
content-length: 14

10:02:12.824 [AsyncHttpClient-1-11] DEBUG org.asynchttpclient.netty.channel.ChannelManager - Adding key: http://localhost:33514 for channel [id: 0xf8222030, L:/127.0.0.1:49933 - R:localhost/127.0.0.1:33514]
10:02:12.836 [Forwarding getCurrentWindowHandle on session af7f2cde6c93acca1a6ca487cbbd5c56 to remote] DEBUG org.asynchttpclient.netty.request.NettyRequestSender - Using pooled Channel '[id: 0xf8222030, L:/127.0.0.1:49933 - R:localhost/127.0.0.1:33514]' for 'GET' to 'http://localhost:33514/session/af7f2cde6c93acca1a6ca487cbbd5c56/window'
10:02:12.836 [Forwarding getCurrentWindowHandle on session af7f2cde6c93acca1a6ca487cbbd5c56 to remote] DEBUG org.asynchttpclient.netty.request.NettyRequestSender - Using open Channel [id: 0xf8222030, L:/127.0.0.1:49933 - R:localhost/127.0.0.1:33514] for GET '/session/af7f2cde6c93acca1a6ca487cbbd5c56/window'
10:02:12.838 [AsyncHttpClient-1-11] DEBUG org.asynchttpclient.netty.handler.HttpHandler - 

Request DefaultFullHttpRequest(decodeResult: success, version: HTTP/1.1, content: EmptyByteBufBE)
GET /session/af7f2cde6c93acca1a6ca487cbbd5c56/window HTTP/1.1
User-Agent: selenium/4.7.1 (java windows)
Cache-Control: no-cache
Content-Type: application/json; charset=utf-8
host: localhost:33514
accept: */*

Response DefaultHttpResponse(decodeResult: success, version: HTTP/1.1)
HTTP/1.1 200 OK
Content-Type: application/json; charset=utf-8
cache-control: no-cache
content-length: 44

10:02:12.839 [AsyncHttpClient-1-11] DEBUG org.asynchttpclient.netty.channel.ChannelManager - Adding key: http://localhost:33514 for channel [id: 0xf8222030, L:/127.0.0.1:49933 - R:localhost/127.0.0.1:33514]
10:02:12.841 [Forwarding getAlertText on session af7f2cde6c93acca1a6ca487cbbd5c56 to remote] DEBUG org.asynchttpclient.netty.request.NettyRequestSender - Using pooled Channel '[id: 0xf8222030, L:/127.0.0.1:49933 - R:localhost/127.0.0.1:33514]' for 'GET' to 'http://localhost:33514/session/af7f2cde6c93acca1a6ca487cbbd5c56/alert/text'
10:02:12.841 [Forwarding getAlertText on session af7f2cde6c93acca1a6ca487cbbd5c56 to remote] DEBUG org.asynchttpclient.netty.request.NettyRequestSender - Using open Channel [id: 0xf8222030, L:/127.0.0.1:49933 - R:localhost/127.0.0.1:33514] for GET '/session/af7f2cde6c93acca1a6ca487cbbd5c56/alert/text'
10:02:12.845 [AsyncHttpClient-1-11] DEBUG org.asynchttpclient.netty.handler.HttpHandler - 

Request DefaultFullHttpRequest(decodeResult: success, version: HTTP/1.1, content: EmptyByteBufBE)
GET /session/af7f2cde6c93acca1a6ca487cbbd5c56/alert/text HTTP/1.1
User-Agent: selenium/4.7.1 (java windows)
Cache-Control: no-cache
Content-Type: application/json; charset=utf-8
host: localhost:33514
accept: */*

Response DefaultHttpResponse(decodeResult: success, version: HTTP/1.1)
HTTP/1.1 404 Not Found
Content-Type: application/json; charset=utf-8
cache-control: no-cache
content-length: 821

10:02:12.845 [AsyncHttpClient-1-11] DEBUG org.asynchttpclient.netty.channel.ChannelManager - Adding key: http://localhost:33514 for channel [id: 0xf8222030, L:/127.0.0.1:49933 - R:localhost/127.0.0.1:33514]
10:02:12.848 [Forwarding switchToWindow on session af7f2cde6c93acca1a6ca487cbbd5c56 to remote] DEBUG org.asynchttpclient.netty.request.NettyRequestSender - Using pooled Channel '[id: 0xf8222030, L:/127.0.0.1:49933 - R:localhost/127.0.0.1:33514]' for 'POST' to 'http://localhost:33514/session/af7f2cde6c93acca1a6ca487cbbd5c56/window'
10:02:12.848 [Forwarding switchToWindow on session af7f2cde6c93acca1a6ca487cbbd5c56 to remote] DEBUG org.asynchttpclient.netty.request.NettyRequestSender - Using open Channel [id: 0xf8222030, L:/127.0.0.1:49933 - R:localhost/127.0.0.1:33514] for POST '/session/af7f2cde6c93acca1a6ca487cbbd5c56/window'
10:02:12.852 [AsyncHttpClient-1-11] DEBUG org.asynchttpclient.netty.handler.HttpHandler - 

Request DefaultHttpRequest(decodeResult: success, version: HTTP/1.1)
POST /session/af7f2cde6c93acca1a6ca487cbbd5c56/window HTTP/1.1
User-Agent: selenium/4.7.1 (java windows)
Content-Length: 50
Content-Type: application/json; charset=utf-8
host: localhost:33514
accept: */*

Response DefaultHttpResponse(decodeResult: success, version: HTTP/1.1)
HTTP/1.1 200 OK
Content-Type: application/json; charset=utf-8
cache-control: no-cache
content-length: 14

10:02:12.852 [AsyncHttpClient-1-11] DEBUG org.asynchttpclient.netty.channel.ChannelManager - Adding key: http://localhost:33514 for channel [id: 0xf8222030, L:/127.0.0.1:49933 - R:localhost/127.0.0.1:33514]
10:02:12.854 [Forwarding getCurrentUrl on session af7f2cde6c93acca1a6ca487cbbd5c56 to remote] DEBUG org.asynchttpclient.netty.request.NettyRequestSender - Using pooled Channel '[id: 0xf8222030, L:/127.0.0.1:49933 - R:localhost/127.0.0.1:33514]' for 'GET' to 'http://localhost:33514/session/af7f2cde6c93acca1a6ca487cbbd5c56/url'
10:02:12.855 [Forwarding getCurrentUrl on session af7f2cde6c93acca1a6ca487cbbd5c56 to remote] DEBUG org.asynchttpclient.netty.request.NettyRequestSender - Using open Channel [id: 0xf8222030, L:/127.0.0.1:49933 - R:localhost/127.0.0.1:33514] for GET '/session/af7f2cde6c93acca1a6ca487cbbd5c56/url'
10:02:12.861 [AsyncHttpClient-1-11] DEBUG org.asynchttpclient.netty.handler.HttpHandler - 

Request DefaultFullHttpRequest(decodeResult: success, version: HTTP/1.1, content: EmptyByteBufBE)
GET /session/af7f2cde6c93acca1a6ca487cbbd5c56/url HTTP/1.1
User-Agent: selenium/4.7.1 (java windows)
Cache-Control: no-cache
Content-Type: application/json; charset=utf-8
host: localhost:33514
accept: */*

Response DefaultHttpResponse(decodeResult: success, version: HTTP/1.1)
HTTP/1.1 200 OK
Content-Type: application/json; charset=utf-8
cache-control: no-cache
content-length: 51

10:02:12.862 [AsyncHttpClient-1-11] DEBUG org.asynchttpclient.netty.channel.ChannelManager - Adding key: http://localhost:33514 for channel [id: 0xf8222030, L:/127.0.0.1:49933 - R:localhost/127.0.0.1:33514]
10:02:12.863 [Forwarding screenshot on session af7f2cde6c93acca1a6ca487cbbd5c56 to remote] DEBUG org.asynchttpclient.netty.request.NettyRequestSender - Using pooled Channel '[id: 0xf8222030, L:/127.0.0.1:49933 - R:localhost/127.0.0.1:33514]' for 'GET' to 'http://localhost:33514/session/af7f2cde6c93acca1a6ca487cbbd5c56/screenshot'
10:02:12.863 [Forwarding screenshot on session af7f2cde6c93acca1a6ca487cbbd5c56 to remote] DEBUG org.asynchttpclient.netty.request.NettyRequestSender - Using open Channel [id: 0xf8222030, L:/127.0.0.1:49933 - R:localhost/127.0.0.1:33514] for GET '/session/af7f2cde6c93acca1a6ca487cbbd5c56/screenshot'
10:02:12.965 [AsyncHttpClient-1-1] DEBUG org.asynchttpclient.netty.channel.DefaultChannelPool - Entry count for : http://localhost:49934 : 1
10:02:13.008 [AsyncHttpClient-1-11] DEBUG org.asynchttpclient.netty.handler.HttpHandler - 

Request DefaultFullHttpRequest(decodeResult: success, version: HTTP/1.1, content: EmptyByteBufBE)
GET /session/af7f2cde6c93acca1a6ca487cbbd5c56/screenshot HTTP/1.1
User-Agent: selenium/4.7.1 (java windows)
Cache-Control: no-cache
Content-Type: application/json; charset=utf-8
host: localhost:33514
accept: */*

Response DefaultHttpResponse(decodeResult: success, version: HTTP/1.1)
HTTP/1.1 200 OK
Content-Type: application/json; charset=utf-8
cache-control: no-cache
content-length: 32364

10:02:13.009 [AsyncHttpClient-1-11] DEBUG org.asynchttpclient.netty.channel.ChannelManager - Adding key: http://localhost:33514 for channel [id: 0xf8222030, L:/127.0.0.1:49933 - R:localhost/127.0.0.1:33514]
10:02:13.011 [main] DEBUG net.serenitybdd.core.photography.Darkroom - Send negative for processing for target\site\serenity\d81be7ae26a533c754f46e60e3f31a9be963795ae181273b9a66646652345d90.png
10:02:13.012 [main] DEBUG net.thucydides.core.steps.StepInterceptor - STEP DONE: munculErrorMessage
10:02:13.012 [Darkroom Processing Line] DEBUG net.serenitybdd.core.photography.DarkroomProcessingLine - Processing screenshot image in /var/screenshots/screenshot-10730050641577873386
10:02:13.012 [Darkroom Processing Line] DEBUG net.serenitybdd.core.photography.DarkroomProcessingLine - Saving screenshot to target\site\serenity\d81be7ae26a533c754f46e60e3f31a9be963795ae181273b9a66646652345d90.png
  &amp#27;[32mAnd &amp#27;[0m&amp#27;[32muser menerima error message &amp#27;[0m&amp#27;[32m&amp#27;[1m"email or password is invalid"&amp#27;[0m    &amp#27;[90m# starter.stepdefinitions.LoginRegisterSteps.userMenerimaErrorMessage(java.lang.String)&amp#27;[0m
10:02:13.021 [main] INFO  - 
  _____   ___   ___   _____     ___     _     ___   ___   ___   ___  
 |_   _| | __| / __| |_   _|   | _ \   /_\   / __| / __| | __| |   \ 
   | |   | _|  \__ \   | |     |  _/  / _ \  \__ \ \__ \ | _|  | |) |
   |_|   |___| |___/   |_|     |_|   /_/ \_\ |___/ |___/ |___| |___/ 

user tidak bisa login karena menggunakan email yang salah
----------------------------------------------------------------------
10:02:13.024 [AsyncHttpClient-1-13] DEBUG org.asynchttpclient.netty.handler.WebSocketHandler - Unexpected I/O exception on channel [id: 0xce89393c, L:/127.0.0.1:49942 - R:localhost/127.0.0.1:49934]
java.io.IOException: An established connection was aborted by the software in your host machine
	at java.base/sun.nio.ch.SocketDispatcher.read0(Native Method)
	at java.base/sun.nio.ch.SocketDispatcher.read(SocketDispatcher.java:46)
	at java.base/sun.nio.ch.IOUtil.readIntoNativeBuffer(IOUtil.java:339)
	at java.base/sun.nio.ch.IOUtil.read(IOUtil.java:293)
	at java.base/sun.nio.ch.IOUtil.read(IOUtil.java:268)
	at java.base/sun.nio.ch.SocketChannelImpl.read(SocketChannelImpl.java:425)
	at io.netty.buffer.PooledByteBuf.setBytes(PooledByteBuf.java:259)
	at io.netty.buffer.AbstractByteBuf.writeBytes(AbstractByteBuf.java:1132)
	at io.netty.channel.socket.nio.NioSocketChannel.doReadBytes(NioSocketChannel.java:357)
	at io.netty.channel.nio.AbstractNioByteChannel$NioByteUnsafe.read(AbstractNioByteChannel.java:151)
	at io.netty.channel.nio.NioEventLoop.processSelectedKey(NioEventLoop.java:788)
	at io.netty.channel.nio.NioEventLoop.processSelectedKeysOptimized(NioEventLoop.java:724)
	at io.netty.channel.nio.NioEventLoop.processSelectedKeys(NioEventLoop.java:650)
	at io.netty.channel.nio.NioEventLoop.run(NioEventLoop.java:562)
	at io.netty.util.concurrent.SingleThreadEventExecutor$4.run(SingleThreadEventExecutor.java:997)
	at io.netty.util.internal.ThreadExecutorMap$2.run(ThreadExecutorMap.java:74)
	at io.netty.util.concurrent.FastThreadLocalRunnable.run(FastThreadLocalRunnable.java:30)
	at java.base/java.lang.Thread.run(Thread.java:1589)
10:02:13.025 [AsyncHttpClient-1-13] DEBUG org.asynchttpclient.netty.handler.WebSocketHandler - Trying to recover from dead Channel: [id: 0xce89393c, L:/127.0.0.1:49942 - R:localhost/127.0.0.1:49934]
10:02:13.025 [AsyncHttpClient-1-13] DEBUG org.asynchttpclient.netty.handler.WebSocketHandler - Channel Closed: [id: 0xce89393c, L:/127.0.0.1:49942 ! R:localhost/127.0.0.1:49934] with attribute NettyResponseFuture{currentRetry=0,
	isDone=1,
	isCancelled=0,
	asyncHandler=org.asynchttpclient.ws.WebSocketUpgradeHandler@7ebde939,
	nettyRequest=org.asynchttpclient.netty.request.NettyRequest@3bbf688a,
	future=java.util.concurrent.CompletableFuture@6330f27e[Completed normally],
	uri=ws://localhost:49934/devtools/browser/569f15cf-dcc2-4112-b24f-1841a9c37857,
	keepAlive=true,
	redirectCount=0,
	timeoutsHolder=null,
	inAuth=0,
	touch=1683514933025}
10:02:13.025 [AsyncHttpClient-1-13] DEBUG org.asynchttpclient.netty.channel.ChannelManager - Closing Channel [id: 0xce89393c, L:/127.0.0.1:49942 ! R:localhost/127.0.0.1:49934] 
10:02:13.026 [Driver Command Executor] DEBUG org.asynchttpclient.netty.request.NettyRequestSender - Using pooled Channel '[id: 0xf8222030, L:/127.0.0.1:49933 - R:localhost/127.0.0.1:33514]' for 'DELETE' to 'http://localhost:33514/session/af7f2cde6c93acca1a6ca487cbbd5c56'
10:02:13.026 [Driver Command Executor] DEBUG org.asynchttpclient.netty.request.NettyRequestSender - Using open Channel [id: 0xf8222030, L:/127.0.0.1:49933 - R:localhost/127.0.0.1:33514] for DELETE '/session/af7f2cde6c93acca1a6ca487cbbd5c56'
10:02:13.149 [AsyncHttpClient-1-12] DEBUG org.asynchttpclient.netty.handler.HttpHandler - Unexpected I/O exception on channel [id: 0x0c9d23e4, L:/127.0.0.1:49941 - R:localhost/127.0.0.1:49934]
java.net.SocketException: Connection reset
	at java.base/sun.nio.ch.SocketChannelImpl.throwConnectionReset(SocketChannelImpl.java:401)
	at java.base/sun.nio.ch.SocketChannelImpl.read(SocketChannelImpl.java:434)
	at io.netty.buffer.PooledByteBuf.setBytes(PooledByteBuf.java:259)
	at io.netty.buffer.AbstractByteBuf.writeBytes(AbstractByteBuf.java:1132)
	at io.netty.channel.socket.nio.NioSocketChannel.doReadBytes(NioSocketChannel.java:357)
	at io.netty.channel.nio.AbstractNioByteChannel$NioByteUnsafe.read(AbstractNioByteChannel.java:151)
	at io.netty.channel.nio.NioEventLoop.processSelectedKey(NioEventLoop.java:788)
	at io.netty.channel.nio.NioEventLoop.processSelectedKeysOptimized(NioEventLoop.java:724)
	at io.netty.channel.nio.NioEventLoop.processSelectedKeys(NioEventLoop.java:650)
	at io.netty.channel.nio.NioEventLoop.run(NioEventLoop.java:562)
	at io.netty.util.concurrent.SingleThreadEventExecutor$4.run(SingleThreadEventExecutor.java:997)
	at io.netty.util.internal.ThreadExecutorMap$2.run(ThreadExecutorMap.java:74)
	at io.netty.util.concurrent.FastThreadLocalRunnable.run(FastThreadLocalRunnable.java:30)
	at java.base/java.lang.Thread.run(Thread.java:1589)
10:02:13.149 [AsyncHttpClient-1-12] DEBUG org.asynchttpclient.netty.channel.ChannelManager - Closing Channel [id: 0x0c9d23e4, L:/127.0.0.1:49941 - R:localhost/127.0.0.1:49934] 
10:02:13.150 [AsyncHttpClient-1-12] DEBUG org.asynchttpclient.netty.handler.HttpHandler - Channel Closed: [id: 0x0c9d23e4, L:/127.0.0.1:49941 ! R:localhost/127.0.0.1:49934] with attribute DISCARD
10:02:13.179 [AsyncHttpClient-1-11] DEBUG org.asynchttpclient.netty.handler.HttpHandler - 

Request DefaultFullHttpRequest(decodeResult: success, version: HTTP/1.1, content: EmptyByteBufBE)
DELETE /session/af7f2cde6c93acca1a6ca487cbbd5c56 HTTP/1.1
User-Agent: selenium/4.7.1 (java windows)
Content-Type: application/json; charset=utf-8
host: localhost:33514
accept: */*

Response DefaultHttpResponse(decodeResult: success, version: HTTP/1.1)
HTTP/1.1 200 OK
Content-Type: application/json; charset=utf-8
cache-control: no-cache
content-length: 14

10:02:13.180 [AsyncHttpClient-1-11] DEBUG org.asynchttpclient.netty.channel.ChannelManager - Adding key: http://localhost:33514 for channel [id: 0xf8222030, L:/127.0.0.1:49933 - R:localhost/127.0.0.1:33514]
10:02:13.250 [AsyncHttpClient-1-11] DEBUG org.asynchttpclient.netty.handler.HttpHandler - Channel Closed: [id: 0xf8222030, L:/127.0.0.1:49933 ! R:localhost/127.0.0.1:33514] with attribute DISCARD
]]></system-out>
    <system-err><![CDATA[Starting ChromeDriver 112.0.5615.49 (bd2a7bcb881c11e8cfe3078709382934e3916914-refs/branch-heads/5615@{#936}) on port 33514
Only local connections are allowed.
Please see https://chromedriver.chromium.org/security-considerations for suggestions on keeping ChromeDriver safe.
ChromeDriver was started successfully.
May 08, 2023 10:02:06 AM org.openqa.selenium.devtools.CdpVersionFinder findNearestMatch
WARNING: Unable to find an exact match for CDP version 112, so returning the closest version found: 108
]]></system-err>
  </testcase>
  <testcase name="user tidak bisa login karena tidak mengisi email" classname="login" time="9.557">
    <system-out><![CDATA[
@AS05-negative
Scenario: user tidak bisa login karena tidak mengisi email &amp#27;[90m# src/test/resources/features/1. Login.feature:41&amp#27;[0m
10:02:13.332 [main] INFO io.cucumber.core.plugin.SerenityReporter - Running feature from file:///C:/Users/HP/Downloads/Mini-Project-QA/ALTASHOP%20WEB%20AUTOMATION/src/test/resources/features/1.%20Login.feature
10:02:13.338 [main] INFO  - 
  _____   ___   ___   _____     ___   _____     _     ___   _____   ___   ___  
 |_   _| | __| / __| |_   _|   / __| |_   _|   /_\   | _ \ |_   _| | __| |   \ 
   | |   | _|  \__ \   | |     \__ \   | |    / _ \  |   /   | |   | _|  | |) |
   |_|   |___| |___/   |_|     |___/   |_|   /_/ \_\ |_|_\   |_|   |___| |___/ 

user tidak bisa login karena tidak mengisi email(login;user-tidak-bisa-login-karena-tidak-mengisi-email)
--------------------------------------------------------------------------------
10:02:13.383 [main] DEBUG net.thucydides.core.steps.StepInterceptor - STARTING STEP: LoginRegisterSteps.userBeradaDiHomepageAlta - diHomepageAltaShop
10:02:13.458 [main] INFO net.serenitybdd.core.webdriver.driverproviders.ChromeDriverProvider - Starting Chrome driver instance with capabilities:
10:02:13.458 [main] INFO net.serenitybdd.core.webdriver.driverproviders.ChromeDriverProvider - Capabilities {acceptInsecureCerts: true, browserName: chrome, goog:chromeOptions: {args: [remote-allow-origins=*, test-type, no-sandbox, ignore-certificate-errors, start-maximized, incognito, disable-infobars, disable-gpu, disable-default-apps, disable-popup-blocking, remote-allow-origins=*, test-type, no-sandbox, ignore-certificate-errors, start-maximized, incognito, disable-infobars, disable-gpu, disable-default-apps, disable-popup-blocking], extensions: []}}
10:02:13.647 [AsyncHttpClient-1-14] DEBUG org.asynchttpclient.netty.channel.NettyConnectListener - Using new Channel '[id: 0x04979743, L:/127.0.0.1:49961 - R:localhost/127.0.0.1:43533]' for 'POST' to '/session'
10:02:14.067 [AsyncHttpClient-1-1] DEBUG org.asynchttpclient.netty.channel.DefaultChannelPool - Entry count for : http://localhost:33514 : 1
10:02:14.067 [AsyncHttpClient-1-1] DEBUG org.asynchttpclient.netty.channel.DefaultChannelPool - Entry count for : http://localhost:49934 : 1
10:02:14.067 [AsyncHttpClient-1-1] DEBUG org.asynchttpclient.netty.channel.DefaultChannelPool - Adding Candidate expired Channel [id: 0xf8222030, L:/127.0.0.1:49933 ! R:localhost/127.0.0.1:33514] isIdleTimeoutExpired=false isRemotelyClosed=true isTtlExpired=false
10:02:14.067 [AsyncHttpClient-1-1] DEBUG org.asynchttpclient.netty.channel.DefaultChannelPool - Closing Idle Channel [id: 0xf8222030, L:/127.0.0.1:49933 ! R:localhost/127.0.0.1:33514]
10:02:14.067 [AsyncHttpClient-1-1] DEBUG org.asynchttpclient.netty.channel.DefaultChannelPool - Adding Candidate expired Channel [id: 0x0c9d23e4, L:/127.0.0.1:49941 ! R:localhost/127.0.0.1:49934] isIdleTimeoutExpired=false isRemotelyClosed=true isTtlExpired=false
10:02:14.067 [AsyncHttpClient-1-1] DEBUG org.asynchttpclient.netty.channel.DefaultChannelPool - Closing Idle Channel [id: 0x0c9d23e4, L:/127.0.0.1:49941 ! R:localhost/127.0.0.1:49934]
10:02:14.067 [AsyncHttpClient-1-1] DEBUG org.asynchttpclient.netty.channel.DefaultChannelPool - Closed 2 connections out of 2 in 0 ms
10:02:16.163 [AsyncHttpClient-1-14] DEBUG org.asynchttpclient.netty.handler.HttpHandler - 

Request DefaultHttpRequest(decodeResult: success, version: HTTP/1.1)
POST /session HTTP/1.1
User-Agent: selenium/4.7.1 (java windows)
Content-Length: 1629
Content-Type: application/json; charset=utf-8
host: localhost:43533
accept: */*

Response DefaultHttpResponse(decodeResult: success, version: HTTP/1.1)
HTTP/1.1 200 OK
Content-Type: application/json; charset=utf-8
cache-control: no-cache
content-length: 856

10:02:16.163 [AsyncHttpClient-1-14] DEBUG org.asynchttpclient.netty.channel.ChannelManager - Adding key: http://localhost:43533 for channel [id: 0x04979743, L:/127.0.0.1:49961 - R:localhost/127.0.0.1:43533]
10:02:16.180 [AsyncHttpClient-1-15] DEBUG org.asynchttpclient.netty.channel.NettyConnectListener - Using new Channel '[id: 0xa6226f93, L:/127.0.0.1:49970 - R:localhost/127.0.0.1:49963]' for 'GET' to '/json/version'
10:02:16.188 [AsyncHttpClient-1-15] DEBUG org.asynchttpclient.netty.handler.HttpHandler - 

Request DefaultFullHttpRequest(decodeResult: success, version: HTTP/1.1, content: EmptyByteBufBE)
GET /json/version HTTP/1.1
User-Agent: selenium/4.7.1 (java windows)
host: localhost:49963
accept: */*

Response DefaultHttpResponse(decodeResult: success, version: HTTP/1.1)
HTTP/1.1 200 OK
Content-Security-Policy: frame-ancestors 'none'
Content-Type: application/json; charset=UTF-8
content-length: 424

10:02:16.188 [AsyncHttpClient-1-15] DEBUG org.asynchttpclient.netty.channel.ChannelManager - Adding key: http://localhost:49963 for channel [id: 0xa6226f93, L:/127.0.0.1:49970 - R:localhost/127.0.0.1:49963]
10:02:16.197 [AsyncHttpClient-1-16] DEBUG org.asynchttpclient.netty.channel.NettyConnectListener - Using new Channel '[id: 0x9cb3716f, L:/127.0.0.1:49971 - R:localhost/127.0.0.1:49963]' for 'GET' to '/devtools/browser/80225010-7475-48ba-85f1-d2bd7ccdfe0d'
10:02:16.202 [AsyncHttpClient-1-16] DEBUG org.asynchttpclient.netty.handler.WebSocketHandler - 

Request DefaultFullHttpRequest(decodeResult: success, version: HTTP/1.1, content: EmptyByteBufBE)
GET /devtools/browser/80225010-7475-48ba-85f1-d2bd7ccdfe0d HTTP/1.1
upgrade: websocket
connection: upgrade
sec-websocket-key: givJv+L/FQEriBZFTEGzbg==
sec-websocket-version: 13
origin: http://localhost:49963
host: localhost:49963
accept: */*
user-agent: AHC/2.1

Response DefaultHttpResponse(decodeResult: success, version: HTTP/1.1)
HTTP/1.1 101 WebSocket Protocol Handshake
Upgrade: WebSocket
Connection: Upgrade
Sec-WebSocket-Accept: BLcfHyAgwfdqmgzwnMesAQX24Mc=

10:02:16.219 [Forwarding get on session 0cd072b52610a1a48073e5677e20eddf to remote] DEBUG org.asynchttpclient.netty.request.NettyRequestSender - Using pooled Channel '[id: 0x04979743, L:/127.0.0.1:49961 - R:localhost/127.0.0.1:43533]' for 'POST' to 'http://localhost:43533/session/0cd072b52610a1a48073e5677e20eddf/url'
10:02:16.219 [Forwarding get on session 0cd072b52610a1a48073e5677e20eddf to remote] DEBUG org.asynchttpclient.netty.request.NettyRequestSender - Using open Channel [id: 0x04979743, L:/127.0.0.1:49961 - R:localhost/127.0.0.1:43533] for POST '/session/0cd072b52610a1a48073e5677e20eddf/url'
10:02:16.264 [AsyncHttpClient-1-1] DEBUG org.asynchttpclient.netty.channel.DefaultChannelPool - Entry count for : http://localhost:49963 : 1
10:02:17.365 [AsyncHttpClient-1-1] DEBUG org.asynchttpclient.netty.channel.DefaultChannelPool - Entry count for : http://localhost:49963 : 1
10:02:17.586 [AsyncHttpClient-1-14] DEBUG org.asynchttpclient.netty.handler.HttpHandler - 

Request DefaultHttpRequest(decodeResult: success, version: HTTP/1.1)
POST /session/0cd072b52610a1a48073e5677e20eddf/url HTTP/1.1
User-Agent: selenium/4.7.1 (java windows)
Content-Length: 59
Content-Type: application/json; charset=utf-8
host: localhost:43533
accept: */*

Response DefaultHttpResponse(decodeResult: success, version: HTTP/1.1)
HTTP/1.1 200 OK
Content-Type: application/json; charset=utf-8
cache-control: no-cache
content-length: 14

10:02:17.587 [AsyncHttpClient-1-14] DEBUG org.asynchttpclient.netty.channel.ChannelManager - Adding key: http://localhost:43533 for channel [id: 0x04979743, L:/127.0.0.1:49961 - R:localhost/127.0.0.1:43533]
10:02:17.592 [Forwarding setTimeout on session 0cd072b52610a1a48073e5677e20eddf to remote] DEBUG org.asynchttpclient.netty.request.NettyRequestSender - Using pooled Channel '[id: 0x04979743, L:/127.0.0.1:49961 - R:localhost/127.0.0.1:43533]' for 'POST' to 'http://localhost:43533/session/0cd072b52610a1a48073e5677e20eddf/timeouts'
10:02:17.592 [Forwarding setTimeout on session 0cd072b52610a1a48073e5677e20eddf to remote] DEBUG org.asynchttpclient.netty.request.NettyRequestSender - Using open Channel [id: 0x04979743, L:/127.0.0.1:49961 - R:localhost/127.0.0.1:43533] for POST '/session/0cd072b52610a1a48073e5677e20eddf/timeouts'
10:02:17.596 [AsyncHttpClient-1-14] DEBUG org.asynchttpclient.netty.handler.HttpHandler - 

Request DefaultHttpRequest(decodeResult: success, version: HTTP/1.1)
POST /session/0cd072b52610a1a48073e5677e20eddf/timeouts HTTP/1.1
User-Agent: selenium/4.7.1 (java windows)
Content-Length: 22
Content-Type: application/json; charset=utf-8
host: localhost:43533
accept: */*

Response DefaultHttpResponse(decodeResult: success, version: HTTP/1.1)
HTTP/1.1 200 OK
Content-Type: application/json; charset=utf-8
cache-control: no-cache
content-length: 14

10:02:17.597 [AsyncHttpClient-1-14] DEBUG org.asynchttpclient.netty.channel.ChannelManager - Adding key: http://localhost:43533 for channel [id: 0x04979743, L:/127.0.0.1:49961 - R:localhost/127.0.0.1:43533]
10:02:17.603 [Forwarding getCurrentUrl on session 0cd072b52610a1a48073e5677e20eddf to remote] DEBUG org.asynchttpclient.netty.request.NettyRequestSender - Using pooled Channel '[id: 0x04979743, L:/127.0.0.1:49961 - R:localhost/127.0.0.1:43533]' for 'GET' to 'http://localhost:43533/session/0cd072b52610a1a48073e5677e20eddf/url'
10:02:17.603 [Forwarding getCurrentUrl on session 0cd072b52610a1a48073e5677e20eddf to remote] DEBUG org.asynchttpclient.netty.request.NettyRequestSender - Using open Channel [id: 0x04979743, L:/127.0.0.1:49961 - R:localhost/127.0.0.1:43533] for GET '/session/0cd072b52610a1a48073e5677e20eddf/url'
10:02:17.618 [AsyncHttpClient-1-14] DEBUG org.asynchttpclient.netty.handler.HttpHandler - 

Request DefaultFullHttpRequest(decodeResult: success, version: HTTP/1.1, content: EmptyByteBufBE)
GET /session/0cd072b52610a1a48073e5677e20eddf/url HTTP/1.1
User-Agent: selenium/4.7.1 (java windows)
Cache-Control: no-cache
Content-Type: application/json; charset=utf-8
host: localhost:43533
accept: */*

Response DefaultHttpResponse(decodeResult: success, version: HTTP/1.1)
HTTP/1.1 200 OK
Content-Type: application/json; charset=utf-8
cache-control: no-cache
content-length: 41

10:02:17.619 [AsyncHttpClient-1-14] DEBUG org.asynchttpclient.netty.channel.ChannelManager - Adding key: http://localhost:43533 for channel [id: 0x04979743, L:/127.0.0.1:49961 - R:localhost/127.0.0.1:43533]
10:02:17.626 [Forwarding getCurrentUrl on session 0cd072b52610a1a48073e5677e20eddf to remote] DEBUG org.asynchttpclient.netty.request.NettyRequestSender - Using pooled Channel '[id: 0x04979743, L:/127.0.0.1:49961 - R:localhost/127.0.0.1:43533]' for 'GET' to 'http://localhost:43533/session/0cd072b52610a1a48073e5677e20eddf/url'
10:02:17.626 [Forwarding getCurrentUrl on session 0cd072b52610a1a48073e5677e20eddf to remote] DEBUG org.asynchttpclient.netty.request.NettyRequestSender - Using open Channel [id: 0x04979743, L:/127.0.0.1:49961 - R:localhost/127.0.0.1:43533] for GET '/session/0cd072b52610a1a48073e5677e20eddf/url'
10:02:17.634 [AsyncHttpClient-1-14] DEBUG org.asynchttpclient.netty.handler.HttpHandler - 

Request DefaultFullHttpRequest(decodeResult: success, version: HTTP/1.1, content: EmptyByteBufBE)
GET /session/0cd072b52610a1a48073e5677e20eddf/url HTTP/1.1
User-Agent: selenium/4.7.1 (java windows)
Cache-Control: no-cache
Content-Type: application/json; charset=utf-8
host: localhost:43533
accept: */*

Response DefaultHttpResponse(decodeResult: success, version: HTTP/1.1)
HTTP/1.1 200 OK
Content-Type: application/json; charset=utf-8
cache-control: no-cache
content-length: 41

10:02:17.635 [AsyncHttpClient-1-14] DEBUG org.asynchttpclient.netty.channel.ChannelManager - Adding key: http://localhost:43533 for channel [id: 0x04979743, L:/127.0.0.1:49961 - R:localhost/127.0.0.1:43533]
10:02:17.644 [Forwarding findElement on session 0cd072b52610a1a48073e5677e20eddf to remote] DEBUG org.asynchttpclient.netty.request.NettyRequestSender - Using pooled Channel '[id: 0x04979743, L:/127.0.0.1:49961 - R:localhost/127.0.0.1:43533]' for 'POST' to 'http://localhost:43533/session/0cd072b52610a1a48073e5677e20eddf/element'
10:02:17.644 [Forwarding findElement on session 0cd072b52610a1a48073e5677e20eddf to remote] DEBUG org.asynchttpclient.netty.request.NettyRequestSender - Using open Channel [id: 0x04979743, L:/127.0.0.1:49961 - R:localhost/127.0.0.1:43533] for POST '/session/0cd072b52610a1a48073e5677e20eddf/element'
10:02:18.464 [AsyncHttpClient-1-1] DEBUG org.asynchttpclient.netty.channel.DefaultChannelPool - Entry count for : http://localhost:49963 : 1
10:02:19.565 [AsyncHttpClient-1-1] DEBUG org.asynchttpclient.netty.channel.DefaultChannelPool - Entry count for : http://localhost:49963 : 1
10:02:19.770 [AsyncHttpClient-1-14] DEBUG org.asynchttpclient.netty.handler.HttpHandler - 

Request DefaultHttpRequest(decodeResult: success, version: HTTP/1.1)
POST /session/0cd072b52610a1a48073e5677e20eddf/element HTTP/1.1
User-Agent: selenium/4.7.1 (java windows)
Content-Length: 108
Content-Type: application/json; charset=utf-8
host: localhost:43533
accept: */*

Response DefaultHttpResponse(decodeResult: success, version: HTTP/1.1)
HTTP/1.1 200 OK
Content-Type: application/json; charset=utf-8
cache-control: no-cache
content-length: 88

10:02:19.770 [AsyncHttpClient-1-14] DEBUG org.asynchttpclient.netty.channel.ChannelManager - Adding key: http://localhost:43533 for channel [id: 0x04979743, L:/127.0.0.1:49961 - R:localhost/127.0.0.1:43533]
10:02:19.776 [Forwarding isElementDisplayed on session 0cd072b52610a1a48073e5677e20eddf to remote] DEBUG org.asynchttpclient.netty.request.NettyRequestSender - Using pooled Channel '[id: 0x04979743, L:/127.0.0.1:49961 - R:localhost/127.0.0.1:43533]' for 'POST' to 'http://localhost:43533/session/0cd072b52610a1a48073e5677e20eddf/execute/sync'
10:02:19.776 [Forwarding isElementDisplayed on session 0cd072b52610a1a48073e5677e20eddf to remote] DEBUG org.asynchttpclient.netty.request.NettyRequestSender - Using open Channel [id: 0x04979743, L:/127.0.0.1:49961 - R:localhost/127.0.0.1:43533] for POST '/session/0cd072b52610a1a48073e5677e20eddf/execute/sync'
10:02:19.795 [AsyncHttpClient-1-14] DEBUG org.asynchttpclient.netty.handler.HttpHandler - 

Request DefaultHttpRequest(decodeResult: success, version: HTTP/1.1)
POST /session/0cd072b52610a1a48073e5677e20eddf/execute/sync HTTP/1.1
User-Agent: selenium/4.7.1 (java windows)
Content-Length: 48780
Content-Type: application/json; charset=utf-8
host: localhost:43533
accept: */*

Response DefaultHttpResponse(decodeResult: success, version: HTTP/1.1)
HTTP/1.1 200 OK
Content-Type: application/json; charset=utf-8
cache-control: no-cache
content-length: 14

10:02:19.795 [AsyncHttpClient-1-14] DEBUG org.asynchttpclient.netty.channel.ChannelManager - Adding key: http://localhost:43533 for channel [id: 0x04979743, L:/127.0.0.1:49961 - R:localhost/127.0.0.1:43533]
10:02:19.799 [Forwarding isElementDisplayed on session 0cd072b52610a1a48073e5677e20eddf to remote] DEBUG org.asynchttpclient.netty.request.NettyRequestSender - Using pooled Channel '[id: 0x04979743, L:/127.0.0.1:49961 - R:localhost/127.0.0.1:43533]' for 'POST' to 'http://localhost:43533/session/0cd072b52610a1a48073e5677e20eddf/execute/sync'
10:02:19.799 [Forwarding isElementDisplayed on session 0cd072b52610a1a48073e5677e20eddf to remote] DEBUG org.asynchttpclient.netty.request.NettyRequestSender - Using open Channel [id: 0x04979743, L:/127.0.0.1:49961 - R:localhost/127.0.0.1:43533] for POST '/session/0cd072b52610a1a48073e5677e20eddf/execute/sync'
10:02:19.816 [AsyncHttpClient-1-14] DEBUG org.asynchttpclient.netty.handler.HttpHandler - 

Request DefaultHttpRequest(decodeResult: success, version: HTTP/1.1)
POST /session/0cd072b52610a1a48073e5677e20eddf/execute/sync HTTP/1.1
User-Agent: selenium/4.7.1 (java windows)
Content-Length: 48780
Content-Type: application/json; charset=utf-8
host: localhost:43533
accept: */*

Response DefaultHttpResponse(decodeResult: success, version: HTTP/1.1)
HTTP/1.1 200 OK
Content-Type: application/json; charset=utf-8
cache-control: no-cache
content-length: 14

10:02:19.817 [AsyncHttpClient-1-14] DEBUG org.asynchttpclient.netty.channel.ChannelManager - Adding key: http://localhost:43533 for channel [id: 0x04979743, L:/127.0.0.1:49961 - R:localhost/127.0.0.1:43533]
10:02:19.824 [Forwarding getCurrentWindowHandle on session 0cd072b52610a1a48073e5677e20eddf to remote] DEBUG org.asynchttpclient.netty.request.NettyRequestSender - Using pooled Channel '[id: 0x04979743, L:/127.0.0.1:49961 - R:localhost/127.0.0.1:43533]' for 'GET' to 'http://localhost:43533/session/0cd072b52610a1a48073e5677e20eddf/window'
10:02:19.824 [Forwarding getCurrentWindowHandle on session 0cd072b52610a1a48073e5677e20eddf to remote] DEBUG org.asynchttpclient.netty.request.NettyRequestSender - Using open Channel [id: 0x04979743, L:/127.0.0.1:49961 - R:localhost/127.0.0.1:43533] for GET '/session/0cd072b52610a1a48073e5677e20eddf/window'
10:02:19.826 [AsyncHttpClient-1-14] DEBUG org.asynchttpclient.netty.handler.HttpHandler - 

Request DefaultFullHttpRequest(decodeResult: success, version: HTTP/1.1, content: EmptyByteBufBE)
GET /session/0cd072b52610a1a48073e5677e20eddf/window HTTP/1.1
User-Agent: selenium/4.7.1 (java windows)
Cache-Control: no-cache
Content-Type: application/json; charset=utf-8
host: localhost:43533
accept: */*

Response DefaultHttpResponse(decodeResult: success, version: HTTP/1.1)
HTTP/1.1 200 OK
Content-Type: application/json; charset=utf-8
cache-control: no-cache
content-length: 44

10:02:19.826 [AsyncHttpClient-1-14] DEBUG org.asynchttpclient.netty.channel.ChannelManager - Adding key: http://localhost:43533 for channel [id: 0x04979743, L:/127.0.0.1:49961 - R:localhost/127.0.0.1:43533]
10:02:19.832 [Forwarding getAlertText on session 0cd072b52610a1a48073e5677e20eddf to remote] DEBUG org.asynchttpclient.netty.request.NettyRequestSender - Using pooled Channel '[id: 0x04979743, L:/127.0.0.1:49961 - R:localhost/127.0.0.1:43533]' for 'GET' to 'http://localhost:43533/session/0cd072b52610a1a48073e5677e20eddf/alert/text'
10:02:19.832 [Forwarding getAlertText on session 0cd072b52610a1a48073e5677e20eddf to remote] DEBUG org.asynchttpclient.netty.request.NettyRequestSender - Using open Channel [id: 0x04979743, L:/127.0.0.1:49961 - R:localhost/127.0.0.1:43533] for GET '/session/0cd072b52610a1a48073e5677e20eddf/alert/text'
10:02:19.836 [AsyncHttpClient-1-14] DEBUG org.asynchttpclient.netty.handler.HttpHandler - 

Request DefaultFullHttpRequest(decodeResult: success, version: HTTP/1.1, content: EmptyByteBufBE)
GET /session/0cd072b52610a1a48073e5677e20eddf/alert/text HTTP/1.1
User-Agent: selenium/4.7.1 (java windows)
Cache-Control: no-cache
Content-Type: application/json; charset=utf-8
host: localhost:43533
accept: */*

Response DefaultHttpResponse(decodeResult: success, version: HTTP/1.1)
HTTP/1.1 404 Not Found
Content-Type: application/json; charset=utf-8
cache-control: no-cache
content-length: 821

10:02:19.837 [AsyncHttpClient-1-14] DEBUG org.asynchttpclient.netty.channel.ChannelManager - Adding key: http://localhost:43533 for channel [id: 0x04979743, L:/127.0.0.1:49961 - R:localhost/127.0.0.1:43533]
10:02:19.839 [Forwarding switchToWindow on session 0cd072b52610a1a48073e5677e20eddf to remote] DEBUG org.asynchttpclient.netty.request.NettyRequestSender - Using pooled Channel '[id: 0x04979743, L:/127.0.0.1:49961 - R:localhost/127.0.0.1:43533]' for 'POST' to 'http://localhost:43533/session/0cd072b52610a1a48073e5677e20eddf/window'
10:02:19.839 [Forwarding switchToWindow on session 0cd072b52610a1a48073e5677e20eddf to remote] DEBUG org.asynchttpclient.netty.request.NettyRequestSender - Using open Channel [id: 0x04979743, L:/127.0.0.1:49961 - R:localhost/127.0.0.1:43533] for POST '/session/0cd072b52610a1a48073e5677e20eddf/window'
10:02:19.844 [AsyncHttpClient-1-14] DEBUG org.asynchttpclient.netty.handler.HttpHandler - 

Request DefaultHttpRequest(decodeResult: success, version: HTTP/1.1)
POST /session/0cd072b52610a1a48073e5677e20eddf/window HTTP/1.1
User-Agent: selenium/4.7.1 (java windows)
Content-Length: 50
Content-Type: application/json; charset=utf-8
host: localhost:43533
accept: */*

Response DefaultHttpResponse(decodeResult: success, version: HTTP/1.1)
HTTP/1.1 200 OK
Content-Type: application/json; charset=utf-8
cache-control: no-cache
content-length: 14

10:02:19.845 [AsyncHttpClient-1-14] DEBUG org.asynchttpclient.netty.channel.ChannelManager - Adding key: http://localhost:43533 for channel [id: 0x04979743, L:/127.0.0.1:49961 - R:localhost/127.0.0.1:43533]
10:02:19.846 [Forwarding getCurrentUrl on session 0cd072b52610a1a48073e5677e20eddf to remote] DEBUG org.asynchttpclient.netty.request.NettyRequestSender - Using pooled Channel '[id: 0x04979743, L:/127.0.0.1:49961 - R:localhost/127.0.0.1:43533]' for 'GET' to 'http://localhost:43533/session/0cd072b52610a1a48073e5677e20eddf/url'
10:02:19.846 [Forwarding getCurrentUrl on session 0cd072b52610a1a48073e5677e20eddf to remote] DEBUG org.asynchttpclient.netty.request.NettyRequestSender - Using open Channel [id: 0x04979743, L:/127.0.0.1:49961 - R:localhost/127.0.0.1:43533] for GET '/session/0cd072b52610a1a48073e5677e20eddf/url'
10:02:19.854 [AsyncHttpClient-1-14] DEBUG org.asynchttpclient.netty.handler.HttpHandler - 

Request DefaultFullHttpRequest(decodeResult: success, version: HTTP/1.1, content: EmptyByteBufBE)
GET /session/0cd072b52610a1a48073e5677e20eddf/url HTTP/1.1
User-Agent: selenium/4.7.1 (java windows)
Cache-Control: no-cache
Content-Type: application/json; charset=utf-8
host: localhost:43533
accept: */*

Response DefaultHttpResponse(decodeResult: success, version: HTTP/1.1)
HTTP/1.1 200 OK
Content-Type: application/json; charset=utf-8
cache-control: no-cache
content-length: 41

10:02:19.855 [AsyncHttpClient-1-14] DEBUG org.asynchttpclient.netty.channel.ChannelManager - Adding key: http://localhost:43533 for channel [id: 0x04979743, L:/127.0.0.1:49961 - R:localhost/127.0.0.1:43533]
10:02:19.857 [Forwarding screenshot on session 0cd072b52610a1a48073e5677e20eddf to remote] DEBUG org.asynchttpclient.netty.request.NettyRequestSender - Using pooled Channel '[id: 0x04979743, L:/127.0.0.1:49961 - R:localhost/127.0.0.1:43533]' for 'GET' to 'http://localhost:43533/session/0cd072b52610a1a48073e5677e20eddf/screenshot'
10:02:19.857 [Forwarding screenshot on session 0cd072b52610a1a48073e5677e20eddf to remote] DEBUG org.asynchttpclient.netty.request.NettyRequestSender - Using open Channel [id: 0x04979743, L:/127.0.0.1:49961 - R:localhost/127.0.0.1:43533] for GET '/session/0cd072b52610a1a48073e5677e20eddf/screenshot'
10:02:19.957 [AsyncHttpClient-1-14] DEBUG org.asynchttpclient.netty.handler.HttpHandler - 

Request DefaultFullHttpRequest(decodeResult: success, version: HTTP/1.1, content: EmptyByteBufBE)
GET /session/0cd072b52610a1a48073e5677e20eddf/screenshot HTTP/1.1
User-Agent: selenium/4.7.1 (java windows)
Cache-Control: no-cache
Content-Type: application/json; charset=utf-8
host: localhost:43533
accept: */*

Response DefaultHttpResponse(decodeResult: success, version: HTTP/1.1)
HTTP/1.1 200 OK
Content-Type: application/json; charset=utf-8
cache-control: no-cache
content-length: 116604

10:02:19.958 [AsyncHttpClient-1-14] DEBUG org.asynchttpclient.netty.channel.ChannelManager - Adding key: http://localhost:43533 for channel [id: 0x04979743, L:/127.0.0.1:49961 - R:localhost/127.0.0.1:43533]
10:02:19.962 [main] DEBUG net.serenitybdd.core.photography.Darkroom - Send negative for processing for target\site\serenity\4df796af2a8bdb756d1884b1e063cc00b8bad9b7c3d312055b4347f07439074a.png
10:02:19.962 [main] DEBUG net.thucydides.core.steps.StepInterceptor - STEP DONE: diHomepageAltaShop
  &amp#27;[32mGiven &amp#27;[0m&amp#27;[32muser berada di Homepage AltaShop&amp#27;[0m                   &amp#27;[90m# starter.stepdefinitions.LoginRegisterSteps.userBeradaDiHomepageAlta()&amp#27;[0m
10:02:19.982 [main] DEBUG net.thucydides.core.steps.StepInterceptor - STARTING STEP: LoginRegisterSteps.userKlikButtonLogin - klikButtonLogin
10:02:19.986 [Forwarding findElement on session 0cd072b52610a1a48073e5677e20eddf to remote] DEBUG org.asynchttpclient.netty.request.NettyRequestSender - Using pooled Channel '[id: 0x04979743, L:/127.0.0.1:49961 - R:localhost/127.0.0.1:43533]' for 'POST' to 'http://localhost:43533/session/0cd072b52610a1a48073e5677e20eddf/element'
10:02:19.986 [Forwarding findElement on session 0cd072b52610a1a48073e5677e20eddf to remote] DEBUG org.asynchttpclient.netty.request.NettyRequestSender - Using open Channel [id: 0x04979743, L:/127.0.0.1:49961 - R:localhost/127.0.0.1:43533] for POST '/session/0cd072b52610a1a48073e5677e20eddf/element'
10:02:20.005 [AsyncHttpClient-1-14] DEBUG org.asynchttpclient.netty.handler.HttpHandler - 

Request DefaultHttpRequest(decodeResult: success, version: HTTP/1.1)
POST /session/0cd072b52610a1a48073e5677e20eddf/element HTTP/1.1
User-Agent: selenium/4.7.1 (java windows)
Content-Length: 108
Content-Type: application/json; charset=utf-8
host: localhost:43533
accept: */*

Response DefaultHttpResponse(decodeResult: success, version: HTTP/1.1)
HTTP/1.1 200 OK
Content-Type: application/json; charset=utf-8
cache-control: no-cache
content-length: 88

10:02:20.006 [AsyncHttpClient-1-14] DEBUG org.asynchttpclient.netty.channel.ChannelManager - Adding key: http://localhost:43533 for channel [id: 0x04979743, L:/127.0.0.1:49961 - R:localhost/127.0.0.1:43533]
10:02:20.008 [Forwarding getElementTagName on session 0cd072b52610a1a48073e5677e20eddf to remote] DEBUG org.asynchttpclient.netty.request.NettyRequestSender - Using pooled Channel '[id: 0x04979743, L:/127.0.0.1:49961 - R:localhost/127.0.0.1:43533]' for 'GET' to 'http://localhost:43533/session/0cd072b52610a1a48073e5677e20eddf/element/cc5127c8-0c06-4c98-827f-7c54944e299a/name'
10:02:20.008 [Forwarding getElementTagName on session 0cd072b52610a1a48073e5677e20eddf to remote] DEBUG org.asynchttpclient.netty.request.NettyRequestSender - Using open Channel [id: 0x04979743, L:/127.0.0.1:49961 - R:localhost/127.0.0.1:43533] for GET '/session/0cd072b52610a1a48073e5677e20eddf/element/cc5127c8-0c06-4c98-827f-7c54944e299a/name'
10:02:20.017 [AsyncHttpClient-1-14] DEBUG org.asynchttpclient.netty.handler.HttpHandler - 

Request DefaultFullHttpRequest(decodeResult: success, version: HTTP/1.1, content: EmptyByteBufBE)
GET /session/0cd072b52610a1a48073e5677e20eddf/element/cc5127c8-0c06-4c98-827f-7c54944e299a/name HTTP/1.1
User-Agent: selenium/4.7.1 (java windows)
Cache-Control: no-cache
Content-Type: application/json; charset=utf-8
host: localhost:43533
accept: */*

Response DefaultHttpResponse(decodeResult: success, version: HTTP/1.1)
HTTP/1.1 200 OK
Content-Type: application/json; charset=utf-8
cache-control: no-cache
content-length: 18

10:02:20.018 [AsyncHttpClient-1-14] DEBUG org.asynchttpclient.netty.channel.ChannelManager - Adding key: http://localhost:43533 for channel [id: 0x04979743, L:/127.0.0.1:49961 - R:localhost/127.0.0.1:43533]
10:02:20.019 [Forwarding getElementTagName on session 0cd072b52610a1a48073e5677e20eddf to remote] DEBUG org.asynchttpclient.netty.request.NettyRequestSender - Using pooled Channel '[id: 0x04979743, L:/127.0.0.1:49961 - R:localhost/127.0.0.1:43533]' for 'GET' to 'http://localhost:43533/session/0cd072b52610a1a48073e5677e20eddf/element/cc5127c8-0c06-4c98-827f-7c54944e299a/name'
10:02:20.019 [Forwarding getElementTagName on session 0cd072b52610a1a48073e5677e20eddf to remote] DEBUG org.asynchttpclient.netty.request.NettyRequestSender - Using open Channel [id: 0x04979743, L:/127.0.0.1:49961 - R:localhost/127.0.0.1:43533] for GET '/session/0cd072b52610a1a48073e5677e20eddf/element/cc5127c8-0c06-4c98-827f-7c54944e299a/name'
10:02:20.027 [AsyncHttpClient-1-14] DEBUG org.asynchttpclient.netty.handler.HttpHandler - 

Request DefaultFullHttpRequest(decodeResult: success, version: HTTP/1.1, content: EmptyByteBufBE)
GET /session/0cd072b52610a1a48073e5677e20eddf/element/cc5127c8-0c06-4c98-827f-7c54944e299a/name HTTP/1.1
User-Agent: selenium/4.7.1 (java windows)
Cache-Control: no-cache
Content-Type: application/json; charset=utf-8
host: localhost:43533
accept: */*

Response DefaultHttpResponse(decodeResult: success, version: HTTP/1.1)
HTTP/1.1 200 OK
Content-Type: application/json; charset=utf-8
cache-control: no-cache
content-length: 18

10:02:20.027 [AsyncHttpClient-1-14] DEBUG org.asynchttpclient.netty.channel.ChannelManager - Adding key: http://localhost:43533 for channel [id: 0x04979743, L:/127.0.0.1:49961 - R:localhost/127.0.0.1:43533]
10:02:20.031 [Forwarding isElementEnabled on session 0cd072b52610a1a48073e5677e20eddf to remote] DEBUG org.asynchttpclient.netty.request.NettyRequestSender - Using pooled Channel '[id: 0x04979743, L:/127.0.0.1:49961 - R:localhost/127.0.0.1:43533]' for 'GET' to 'http://localhost:43533/session/0cd072b52610a1a48073e5677e20eddf/element/cc5127c8-0c06-4c98-827f-7c54944e299a/enabled'
10:02:20.031 [Forwarding isElementEnabled on session 0cd072b52610a1a48073e5677e20eddf to remote] DEBUG org.asynchttpclient.netty.request.NettyRequestSender - Using open Channel [id: 0x04979743, L:/127.0.0.1:49961 - R:localhost/127.0.0.1:43533] for GET '/session/0cd072b52610a1a48073e5677e20eddf/element/cc5127c8-0c06-4c98-827f-7c54944e299a/enabled'
10:02:20.048 [AsyncHttpClient-1-14] DEBUG org.asynchttpclient.netty.handler.HttpHandler - 

Request DefaultFullHttpRequest(decodeResult: success, version: HTTP/1.1, content: EmptyByteBufBE)
GET /session/0cd072b52610a1a48073e5677e20eddf/element/cc5127c8-0c06-4c98-827f-7c54944e299a/enabled HTTP/1.1
User-Agent: selenium/4.7.1 (java windows)
Cache-Control: no-cache
Content-Type: application/json; charset=utf-8
host: localhost:43533
accept: */*

Response DefaultHttpResponse(decodeResult: success, version: HTTP/1.1)
HTTP/1.1 200 OK
Content-Type: application/json; charset=utf-8
cache-control: no-cache
content-length: 14

10:02:20.049 [AsyncHttpClient-1-14] DEBUG org.asynchttpclient.netty.channel.ChannelManager - Adding key: http://localhost:43533 for channel [id: 0x04979743, L:/127.0.0.1:49961 - R:localhost/127.0.0.1:43533]
10:02:20.051 [Forwarding isElementEnabled on session 0cd072b52610a1a48073e5677e20eddf to remote] DEBUG org.asynchttpclient.netty.request.NettyRequestSender - Using pooled Channel '[id: 0x04979743, L:/127.0.0.1:49961 - R:localhost/127.0.0.1:43533]' for 'GET' to 'http://localhost:43533/session/0cd072b52610a1a48073e5677e20eddf/element/cc5127c8-0c06-4c98-827f-7c54944e299a/enabled'
10:02:20.051 [Forwarding isElementEnabled on session 0cd072b52610a1a48073e5677e20eddf to remote] DEBUG org.asynchttpclient.netty.request.NettyRequestSender - Using open Channel [id: 0x04979743, L:/127.0.0.1:49961 - R:localhost/127.0.0.1:43533] for GET '/session/0cd072b52610a1a48073e5677e20eddf/element/cc5127c8-0c06-4c98-827f-7c54944e299a/enabled'
10:02:20.071 [AsyncHttpClient-1-14] DEBUG org.asynchttpclient.netty.handler.HttpHandler - 

Request DefaultFullHttpRequest(decodeResult: success, version: HTTP/1.1, content: EmptyByteBufBE)
GET /session/0cd072b52610a1a48073e5677e20eddf/element/cc5127c8-0c06-4c98-827f-7c54944e299a/enabled HTTP/1.1
User-Agent: selenium/4.7.1 (java windows)
Cache-Control: no-cache
Content-Type: application/json; charset=utf-8
host: localhost:43533
accept: */*

Response DefaultHttpResponse(decodeResult: success, version: HTTP/1.1)
HTTP/1.1 200 OK
Content-Type: application/json; charset=utf-8
cache-control: no-cache
content-length: 14

10:02:20.071 [AsyncHttpClient-1-14] DEBUG org.asynchttpclient.netty.channel.ChannelManager - Adding key: http://localhost:43533 for channel [id: 0x04979743, L:/127.0.0.1:49961 - R:localhost/127.0.0.1:43533]
10:02:20.075 [Forwarding findElement on session 0cd072b52610a1a48073e5677e20eddf to remote] DEBUG org.asynchttpclient.netty.request.NettyRequestSender - Using pooled Channel '[id: 0x04979743, L:/127.0.0.1:49961 - R:localhost/127.0.0.1:43533]' for 'POST' to 'http://localhost:43533/session/0cd072b52610a1a48073e5677e20eddf/element'
10:02:20.075 [Forwarding findElement on session 0cd072b52610a1a48073e5677e20eddf to remote] DEBUG org.asynchttpclient.netty.request.NettyRequestSender - Using open Channel [id: 0x04979743, L:/127.0.0.1:49961 - R:localhost/127.0.0.1:43533] for POST '/session/0cd072b52610a1a48073e5677e20eddf/element'
10:02:20.100 [AsyncHttpClient-1-14] DEBUG org.asynchttpclient.netty.handler.HttpHandler - 

Request DefaultHttpRequest(decodeResult: success, version: HTTP/1.1)
POST /session/0cd072b52610a1a48073e5677e20eddf/element HTTP/1.1
User-Agent: selenium/4.7.1 (java windows)
Content-Length: 108
Content-Type: application/json; charset=utf-8
host: localhost:43533
accept: */*

Response DefaultHttpResponse(decodeResult: success, version: HTTP/1.1)
HTTP/1.1 200 OK
Content-Type: application/json; charset=utf-8
cache-control: no-cache
content-length: 88

10:02:20.100 [AsyncHttpClient-1-14] DEBUG org.asynchttpclient.netty.channel.ChannelManager - Adding key: http://localhost:43533 for channel [id: 0x04979743, L:/127.0.0.1:49961 - R:localhost/127.0.0.1:43533]
10:02:20.102 [Forwarding clickElement on session 0cd072b52610a1a48073e5677e20eddf to remote] DEBUG org.asynchttpclient.netty.request.NettyRequestSender - Using pooled Channel '[id: 0x04979743, L:/127.0.0.1:49961 - R:localhost/127.0.0.1:43533]' for 'POST' to 'http://localhost:43533/session/0cd072b52610a1a48073e5677e20eddf/element/cc5127c8-0c06-4c98-827f-7c54944e299a/click'
10:02:20.102 [Forwarding clickElement on session 0cd072b52610a1a48073e5677e20eddf to remote] DEBUG org.asynchttpclient.netty.request.NettyRequestSender - Using open Channel [id: 0x04979743, L:/127.0.0.1:49961 - R:localhost/127.0.0.1:43533] for POST '/session/0cd072b52610a1a48073e5677e20eddf/element/cc5127c8-0c06-4c98-827f-7c54944e299a/click'
10:02:20.201 [AsyncHttpClient-1-14] DEBUG org.asynchttpclient.netty.handler.HttpHandler - 

Request DefaultHttpRequest(decodeResult: success, version: HTTP/1.1)
POST /session/0cd072b52610a1a48073e5677e20eddf/element/cc5127c8-0c06-4c98-827f-7c54944e299a/click HTTP/1.1
User-Agent: selenium/4.7.1 (java windows)
Content-Length: 50
Content-Type: application/json; charset=utf-8
host: localhost:43533
accept: */*

Response DefaultHttpResponse(decodeResult: success, version: HTTP/1.1)
HTTP/1.1 200 OK
Content-Type: application/json; charset=utf-8
cache-control: no-cache
content-length: 14

10:02:20.202 [AsyncHttpClient-1-14] DEBUG org.asynchttpclient.netty.channel.ChannelManager - Adding key: http://localhost:43533 for channel [id: 0x04979743, L:/127.0.0.1:49961 - R:localhost/127.0.0.1:43533]
10:02:20.219 [Forwarding getCurrentWindowHandle on session 0cd072b52610a1a48073e5677e20eddf to remote] DEBUG org.asynchttpclient.netty.request.NettyRequestSender - Using pooled Channel '[id: 0x04979743, L:/127.0.0.1:49961 - R:localhost/127.0.0.1:43533]' for 'GET' to 'http://localhost:43533/session/0cd072b52610a1a48073e5677e20eddf/window'
10:02:20.219 [Forwarding getCurrentWindowHandle on session 0cd072b52610a1a48073e5677e20eddf to remote] DEBUG org.asynchttpclient.netty.request.NettyRequestSender - Using open Channel [id: 0x04979743, L:/127.0.0.1:49961 - R:localhost/127.0.0.1:43533] for GET '/session/0cd072b52610a1a48073e5677e20eddf/window'
10:02:20.224 [AsyncHttpClient-1-14] DEBUG org.asynchttpclient.netty.handler.HttpHandler - 

Request DefaultFullHttpRequest(decodeResult: success, version: HTTP/1.1, content: EmptyByteBufBE)
GET /session/0cd072b52610a1a48073e5677e20eddf/window HTTP/1.1
User-Agent: selenium/4.7.1 (java windows)
Cache-Control: no-cache
Content-Type: application/json; charset=utf-8
host: localhost:43533
accept: */*

Response DefaultHttpResponse(decodeResult: success, version: HTTP/1.1)
HTTP/1.1 200 OK
Content-Type: application/json; charset=utf-8
cache-control: no-cache
content-length: 44

10:02:20.225 [AsyncHttpClient-1-14] DEBUG org.asynchttpclient.netty.channel.ChannelManager - Adding key: http://localhost:43533 for channel [id: 0x04979743, L:/127.0.0.1:49961 - R:localhost/127.0.0.1:43533]
10:02:20.229 [Forwarding getAlertText on session 0cd072b52610a1a48073e5677e20eddf to remote] DEBUG org.asynchttpclient.netty.request.NettyRequestSender - Using pooled Channel '[id: 0x04979743, L:/127.0.0.1:49961 - R:localhost/127.0.0.1:43533]' for 'GET' to 'http://localhost:43533/session/0cd072b52610a1a48073e5677e20eddf/alert/text'
10:02:20.229 [Forwarding getAlertText on session 0cd072b52610a1a48073e5677e20eddf to remote] DEBUG org.asynchttpclient.netty.request.NettyRequestSender - Using open Channel [id: 0x04979743, L:/127.0.0.1:49961 - R:localhost/127.0.0.1:43533] for GET '/session/0cd072b52610a1a48073e5677e20eddf/alert/text'
10:02:20.419 [AsyncHttpClient-1-14] DEBUG org.asynchttpclient.netty.handler.HttpHandler - 

Request DefaultFullHttpRequest(decodeResult: success, version: HTTP/1.1, content: EmptyByteBufBE)
GET /session/0cd072b52610a1a48073e5677e20eddf/alert/text HTTP/1.1
User-Agent: selenium/4.7.1 (java windows)
Cache-Control: no-cache
Content-Type: application/json; charset=utf-8
host: localhost:43533
accept: */*

Response DefaultHttpResponse(decodeResult: success, version: HTTP/1.1)
HTTP/1.1 404 Not Found
Content-Type: application/json; charset=utf-8
cache-control: no-cache
content-length: 821

10:02:20.420 [AsyncHttpClient-1-14] DEBUG org.asynchttpclient.netty.channel.ChannelManager - Adding key: http://localhost:43533 for channel [id: 0x04979743, L:/127.0.0.1:49961 - R:localhost/127.0.0.1:43533]
10:02:20.423 [Forwarding switchToWindow on session 0cd072b52610a1a48073e5677e20eddf to remote] DEBUG org.asynchttpclient.netty.request.NettyRequestSender - Using pooled Channel '[id: 0x04979743, L:/127.0.0.1:49961 - R:localhost/127.0.0.1:43533]' for 'POST' to 'http://localhost:43533/session/0cd072b52610a1a48073e5677e20eddf/window'
10:02:20.423 [Forwarding switchToWindow on session 0cd072b52610a1a48073e5677e20eddf to remote] DEBUG org.asynchttpclient.netty.request.NettyRequestSender - Using open Channel [id: 0x04979743, L:/127.0.0.1:49961 - R:localhost/127.0.0.1:43533] for POST '/session/0cd072b52610a1a48073e5677e20eddf/window'
10:02:20.428 [AsyncHttpClient-1-14] DEBUG org.asynchttpclient.netty.handler.HttpHandler - 

Request DefaultHttpRequest(decodeResult: success, version: HTTP/1.1)
POST /session/0cd072b52610a1a48073e5677e20eddf/window HTTP/1.1
User-Agent: selenium/4.7.1 (java windows)
Content-Length: 50
Content-Type: application/json; charset=utf-8
host: localhost:43533
accept: */*

Response DefaultHttpResponse(decodeResult: success, version: HTTP/1.1)
HTTP/1.1 200 OK
Content-Type: application/json; charset=utf-8
cache-control: no-cache
content-length: 14

10:02:20.428 [AsyncHttpClient-1-14] DEBUG org.asynchttpclient.netty.channel.ChannelManager - Adding key: http://localhost:43533 for channel [id: 0x04979743, L:/127.0.0.1:49961 - R:localhost/127.0.0.1:43533]
10:02:20.430 [Forwarding getCurrentUrl on session 0cd072b52610a1a48073e5677e20eddf to remote] DEBUG org.asynchttpclient.netty.request.NettyRequestSender - Using pooled Channel '[id: 0x04979743, L:/127.0.0.1:49961 - R:localhost/127.0.0.1:43533]' for 'GET' to 'http://localhost:43533/session/0cd072b52610a1a48073e5677e20eddf/url'
10:02:20.430 [Forwarding getCurrentUrl on session 0cd072b52610a1a48073e5677e20eddf to remote] DEBUG org.asynchttpclient.netty.request.NettyRequestSender - Using open Channel [id: 0x04979743, L:/127.0.0.1:49961 - R:localhost/127.0.0.1:43533] for GET '/session/0cd072b52610a1a48073e5677e20eddf/url'
10:02:20.437 [AsyncHttpClient-1-14] DEBUG org.asynchttpclient.netty.handler.HttpHandler - 

Request DefaultFullHttpRequest(decodeResult: success, version: HTTP/1.1, content: EmptyByteBufBE)
GET /session/0cd072b52610a1a48073e5677e20eddf/url HTTP/1.1
User-Agent: selenium/4.7.1 (java windows)
Cache-Control: no-cache
Content-Type: application/json; charset=utf-8
host: localhost:43533
accept: */*

Response DefaultHttpResponse(decodeResult: success, version: HTTP/1.1)
HTTP/1.1 200 OK
Content-Type: application/json; charset=utf-8
cache-control: no-cache
content-length: 51

10:02:20.438 [AsyncHttpClient-1-14] DEBUG org.asynchttpclient.netty.channel.ChannelManager - Adding key: http://localhost:43533 for channel [id: 0x04979743, L:/127.0.0.1:49961 - R:localhost/127.0.0.1:43533]
10:02:20.439 [Forwarding screenshot on session 0cd072b52610a1a48073e5677e20eddf to remote] DEBUG org.asynchttpclient.netty.request.NettyRequestSender - Using pooled Channel '[id: 0x04979743, L:/127.0.0.1:49961 - R:localhost/127.0.0.1:43533]' for 'GET' to 'http://localhost:43533/session/0cd072b52610a1a48073e5677e20eddf/screenshot'
10:02:20.439 [Forwarding screenshot on session 0cd072b52610a1a48073e5677e20eddf to remote] DEBUG org.asynchttpclient.netty.request.NettyRequestSender - Using open Channel [id: 0x04979743, L:/127.0.0.1:49961 - R:localhost/127.0.0.1:43533] for GET '/session/0cd072b52610a1a48073e5677e20eddf/screenshot'
10:02:20.605 [AsyncHttpClient-1-14] DEBUG org.asynchttpclient.netty.handler.HttpHandler - 

Request DefaultFullHttpRequest(decodeResult: success, version: HTTP/1.1, content: EmptyByteBufBE)
GET /session/0cd072b52610a1a48073e5677e20eddf/screenshot HTTP/1.1
User-Agent: selenium/4.7.1 (java windows)
Cache-Control: no-cache
Content-Type: application/json; charset=utf-8
host: localhost:43533
accept: */*

Response DefaultHttpResponse(decodeResult: success, version: HTTP/1.1)
HTTP/1.1 200 OK
Content-Type: application/json; charset=utf-8
cache-control: no-cache
content-length: 26264

10:02:20.606 [AsyncHttpClient-1-14] DEBUG org.asynchttpclient.netty.channel.ChannelManager - Adding key: http://localhost:43533 for channel [id: 0x04979743, L:/127.0.0.1:49961 - R:localhost/127.0.0.1:43533]
10:02:20.609 [main] DEBUG net.serenitybdd.core.photography.Darkroom - Send negative for processing for target\site\serenity\a4413543fcda17dda97509c633bca9519f8bc2913c263621c5f3ad179ab43bd1.png
10:02:20.610 [main] DEBUG net.thucydides.core.steps.StepInterceptor - STEP DONE: klikButtonLogin
  &amp#27;[32mWhen &amp#27;[0m&amp#27;[32muser klik button login&amp#27;[0m                              &amp#27;[90m# starter.stepdefinitions.LoginRegisterSteps.userKlikButtonLogin()&amp#27;[0m
10:02:20.610 [Darkroom Processing Line] DEBUG net.serenitybdd.core.photography.DarkroomProcessingLine - Processing screenshot image in /var/screenshots/screenshot-13559125750329866322
10:02:20.610 [Darkroom Processing Line] DEBUG net.serenitybdd.core.photography.DarkroomProcessingLine - Saving screenshot to target\site\serenity\a4413543fcda17dda97509c633bca9519f8bc2913c263621c5f3ad179ab43bd1.png
10:02:20.633 [main] DEBUG net.thucydides.core.steps.StepInterceptor - STARTING STEP: LoginRegisterSteps.userNotInputEmail - inputEmail
10:02:20.637 [Forwarding findElement on session 0cd072b52610a1a48073e5677e20eddf to remote] DEBUG org.asynchttpclient.netty.request.NettyRequestSender - Using pooled Channel '[id: 0x04979743, L:/127.0.0.1:49961 - R:localhost/127.0.0.1:43533]' for 'POST' to 'http://localhost:43533/session/0cd072b52610a1a48073e5677e20eddf/element'
10:02:20.637 [Forwarding findElement on session 0cd072b52610a1a48073e5677e20eddf to remote] DEBUG org.asynchttpclient.netty.request.NettyRequestSender - Using open Channel [id: 0x04979743, L:/127.0.0.1:49961 - R:localhost/127.0.0.1:43533] for POST '/session/0cd072b52610a1a48073e5677e20eddf/element'
10:02:20.655 [AsyncHttpClient-1-14] DEBUG org.asynchttpclient.netty.handler.HttpHandler - 

Request DefaultHttpRequest(decodeResult: success, version: HTTP/1.1)
POST /session/0cd072b52610a1a48073e5677e20eddf/element HTTP/1.1
User-Agent: selenium/4.7.1 (java windows)
Content-Length: 187
Content-Type: application/json; charset=utf-8
host: localhost:43533
accept: */*

Response DefaultHttpResponse(decodeResult: success, version: HTTP/1.1)
HTTP/1.1 200 OK
Content-Type: application/json; charset=utf-8
cache-control: no-cache
content-length: 88

10:02:20.655 [AsyncHttpClient-1-14] DEBUG org.asynchttpclient.netty.channel.ChannelManager - Adding key: http://localhost:43533 for channel [id: 0x04979743, L:/127.0.0.1:49961 - R:localhost/127.0.0.1:43533]
10:02:20.657 [Forwarding clearElement on session 0cd072b52610a1a48073e5677e20eddf to remote] DEBUG org.asynchttpclient.netty.request.NettyRequestSender - Using pooled Channel '[id: 0x04979743, L:/127.0.0.1:49961 - R:localhost/127.0.0.1:43533]' for 'POST' to 'http://localhost:43533/session/0cd072b52610a1a48073e5677e20eddf/element/7e56ec80-d895-4699-8b8c-28beff16d16a/clear'
10:02:20.657 [Forwarding clearElement on session 0cd072b52610a1a48073e5677e20eddf to remote] DEBUG org.asynchttpclient.netty.request.NettyRequestSender - Using open Channel [id: 0x04979743, L:/127.0.0.1:49961 - R:localhost/127.0.0.1:43533] for POST '/session/0cd072b52610a1a48073e5677e20eddf/element/7e56ec80-d895-4699-8b8c-28beff16d16a/clear'
10:02:20.666 [AsyncHttpClient-1-1] DEBUG org.asynchttpclient.netty.channel.DefaultChannelPool - Entry count for : http://localhost:49963 : 1
10:02:20.707 [AsyncHttpClient-1-14] DEBUG org.asynchttpclient.netty.handler.HttpHandler - 

Request DefaultHttpRequest(decodeResult: success, version: HTTP/1.1)
POST /session/0cd072b52610a1a48073e5677e20eddf/element/7e56ec80-d895-4699-8b8c-28beff16d16a/clear HTTP/1.1
User-Agent: selenium/4.7.1 (java windows)
Content-Length: 50
Content-Type: application/json; charset=utf-8
host: localhost:43533
accept: */*

Response DefaultHttpResponse(decodeResult: success, version: HTTP/1.1)
HTTP/1.1 200 OK
Content-Type: application/json; charset=utf-8
cache-control: no-cache
content-length: 14

10:02:20.707 [AsyncHttpClient-1-14] DEBUG org.asynchttpclient.netty.channel.ChannelManager - Adding key: http://localhost:43533 for channel [id: 0x04979743, L:/127.0.0.1:49961 - R:localhost/127.0.0.1:43533]
10:02:20.709 [Forwarding sendKeysToElement on session 0cd072b52610a1a48073e5677e20eddf to remote] DEBUG org.asynchttpclient.netty.request.NettyRequestSender - Using pooled Channel '[id: 0x04979743, L:/127.0.0.1:49961 - R:localhost/127.0.0.1:43533]' for 'POST' to 'http://localhost:43533/session/0cd072b52610a1a48073e5677e20eddf/element/7e56ec80-d895-4699-8b8c-28beff16d16a/value'
10:02:20.710 [Forwarding sendKeysToElement on session 0cd072b52610a1a48073e5677e20eddf to remote] DEBUG org.asynchttpclient.netty.request.NettyRequestSender - Using open Channel [id: 0x04979743, L:/127.0.0.1:49961 - R:localhost/127.0.0.1:43533] for POST '/session/0cd072b52610a1a48073e5677e20eddf/element/7e56ec80-d895-4699-8b8c-28beff16d16a/value'
10:02:20.777 [AsyncHttpClient-1-14] DEBUG org.asynchttpclient.netty.handler.HttpHandler - 

Request DefaultHttpRequest(decodeResult: success, version: HTTP/1.1)
POST /session/0cd072b52610a1a48073e5677e20eddf/element/7e56ec80-d895-4699-8b8c-28beff16d16a/value HTTP/1.1
User-Agent: selenium/4.7.1 (java windows)
Content-Length: 82
Content-Type: application/json; charset=utf-8
host: localhost:43533
accept: */*

Response DefaultHttpResponse(decodeResult: success, version: HTTP/1.1)
HTTP/1.1 200 OK
Content-Type: application/json; charset=utf-8
cache-control: no-cache
content-length: 14

10:02:20.778 [AsyncHttpClient-1-14] DEBUG org.asynchttpclient.netty.channel.ChannelManager - Adding key: http://localhost:43533 for channel [id: 0x04979743, L:/127.0.0.1:49961 - R:localhost/127.0.0.1:43533]
10:02:20.785 [Forwarding getCurrentWindowHandle on session 0cd072b52610a1a48073e5677e20eddf to remote] DEBUG org.asynchttpclient.netty.request.NettyRequestSender - Using pooled Channel '[id: 0x04979743, L:/127.0.0.1:49961 - R:localhost/127.0.0.1:43533]' for 'GET' to 'http://localhost:43533/session/0cd072b52610a1a48073e5677e20eddf/window'
10:02:20.786 [Forwarding getCurrentWindowHandle on session 0cd072b52610a1a48073e5677e20eddf to remote] DEBUG org.asynchttpclient.netty.request.NettyRequestSender - Using open Channel [id: 0x04979743, L:/127.0.0.1:49961 - R:localhost/127.0.0.1:43533] for GET '/session/0cd072b52610a1a48073e5677e20eddf/window'
10:02:20.787 [AsyncHttpClient-1-14] DEBUG org.asynchttpclient.netty.handler.HttpHandler - 

Request DefaultFullHttpRequest(decodeResult: success, version: HTTP/1.1, content: EmptyByteBufBE)
GET /session/0cd072b52610a1a48073e5677e20eddf/window HTTP/1.1
User-Agent: selenium/4.7.1 (java windows)
Cache-Control: no-cache
Content-Type: application/json; charset=utf-8
host: localhost:43533
accept: */*

Response DefaultHttpResponse(decodeResult: success, version: HTTP/1.1)
HTTP/1.1 200 OK
Content-Type: application/json; charset=utf-8
cache-control: no-cache
content-length: 44

10:02:20.788 [AsyncHttpClient-1-14] DEBUG org.asynchttpclient.netty.channel.ChannelManager - Adding key: http://localhost:43533 for channel [id: 0x04979743, L:/127.0.0.1:49961 - R:localhost/127.0.0.1:43533]
10:02:20.790 [Forwarding getAlertText on session 0cd072b52610a1a48073e5677e20eddf to remote] DEBUG org.asynchttpclient.netty.request.NettyRequestSender - Using pooled Channel '[id: 0x04979743, L:/127.0.0.1:49961 - R:localhost/127.0.0.1:43533]' for 'GET' to 'http://localhost:43533/session/0cd072b52610a1a48073e5677e20eddf/alert/text'
10:02:20.790 [Forwarding getAlertText on session 0cd072b52610a1a48073e5677e20eddf to remote] DEBUG org.asynchttpclient.netty.request.NettyRequestSender - Using open Channel [id: 0x04979743, L:/127.0.0.1:49961 - R:localhost/127.0.0.1:43533] for GET '/session/0cd072b52610a1a48073e5677e20eddf/alert/text'
10:02:20.793 [AsyncHttpClient-1-14] DEBUG org.asynchttpclient.netty.handler.HttpHandler - 

Request DefaultFullHttpRequest(decodeResult: success, version: HTTP/1.1, content: EmptyByteBufBE)
GET /session/0cd072b52610a1a48073e5677e20eddf/alert/text HTTP/1.1
User-Agent: selenium/4.7.1 (java windows)
Cache-Control: no-cache
Content-Type: application/json; charset=utf-8
host: localhost:43533
accept: */*

Response DefaultHttpResponse(decodeResult: success, version: HTTP/1.1)
HTTP/1.1 404 Not Found
Content-Type: application/json; charset=utf-8
cache-control: no-cache
content-length: 821

10:02:20.793 [AsyncHttpClient-1-14] DEBUG org.asynchttpclient.netty.channel.ChannelManager - Adding key: http://localhost:43533 for channel [id: 0x04979743, L:/127.0.0.1:49961 - R:localhost/127.0.0.1:43533]
10:02:20.796 [Forwarding switchToWindow on session 0cd072b52610a1a48073e5677e20eddf to remote] DEBUG org.asynchttpclient.netty.request.NettyRequestSender - Using pooled Channel '[id: 0x04979743, L:/127.0.0.1:49961 - R:localhost/127.0.0.1:43533]' for 'POST' to 'http://localhost:43533/session/0cd072b52610a1a48073e5677e20eddf/window'
10:02:20.796 [Forwarding switchToWindow on session 0cd072b52610a1a48073e5677e20eddf to remote] DEBUG org.asynchttpclient.netty.request.NettyRequestSender - Using open Channel [id: 0x04979743, L:/127.0.0.1:49961 - R:localhost/127.0.0.1:43533] for POST '/session/0cd072b52610a1a48073e5677e20eddf/window'
10:02:20.799 [AsyncHttpClient-1-14] DEBUG org.asynchttpclient.netty.handler.HttpHandler - 

Request DefaultHttpRequest(decodeResult: success, version: HTTP/1.1)
POST /session/0cd072b52610a1a48073e5677e20eddf/window HTTP/1.1
User-Agent: selenium/4.7.1 (java windows)
Content-Length: 50
Content-Type: application/json; charset=utf-8
host: localhost:43533
accept: */*

Response DefaultHttpResponse(decodeResult: success, version: HTTP/1.1)
HTTP/1.1 200 OK
Content-Type: application/json; charset=utf-8
cache-control: no-cache
content-length: 14

10:02:20.800 [AsyncHttpClient-1-14] DEBUG org.asynchttpclient.netty.channel.ChannelManager - Adding key: http://localhost:43533 for channel [id: 0x04979743, L:/127.0.0.1:49961 - R:localhost/127.0.0.1:43533]
10:02:20.801 [Forwarding getCurrentUrl on session 0cd072b52610a1a48073e5677e20eddf to remote] DEBUG org.asynchttpclient.netty.request.NettyRequestSender - Using pooled Channel '[id: 0x04979743, L:/127.0.0.1:49961 - R:localhost/127.0.0.1:43533]' for 'GET' to 'http://localhost:43533/session/0cd072b52610a1a48073e5677e20eddf/url'
10:02:20.801 [Forwarding getCurrentUrl on session 0cd072b52610a1a48073e5677e20eddf to remote] DEBUG org.asynchttpclient.netty.request.NettyRequestSender - Using open Channel [id: 0x04979743, L:/127.0.0.1:49961 - R:localhost/127.0.0.1:43533] for GET '/session/0cd072b52610a1a48073e5677e20eddf/url'
10:02:20.810 [AsyncHttpClient-1-14] DEBUG org.asynchttpclient.netty.handler.HttpHandler - 

Request DefaultFullHttpRequest(decodeResult: success, version: HTTP/1.1, content: EmptyByteBufBE)
GET /session/0cd072b52610a1a48073e5677e20eddf/url HTTP/1.1
User-Agent: selenium/4.7.1 (java windows)
Cache-Control: no-cache
Content-Type: application/json; charset=utf-8
host: localhost:43533
accept: */*

Response DefaultHttpResponse(decodeResult: success, version: HTTP/1.1)
HTTP/1.1 200 OK
Content-Type: application/json; charset=utf-8
cache-control: no-cache
content-length: 51

10:02:20.810 [AsyncHttpClient-1-14] DEBUG org.asynchttpclient.netty.channel.ChannelManager - Adding key: http://localhost:43533 for channel [id: 0x04979743, L:/127.0.0.1:49961 - R:localhost/127.0.0.1:43533]
10:02:20.811 [Forwarding screenshot on session 0cd072b52610a1a48073e5677e20eddf to remote] DEBUG org.asynchttpclient.netty.request.NettyRequestSender - Using pooled Channel '[id: 0x04979743, L:/127.0.0.1:49961 - R:localhost/127.0.0.1:43533]' for 'GET' to 'http://localhost:43533/session/0cd072b52610a1a48073e5677e20eddf/screenshot'
10:02:20.811 [Forwarding screenshot on session 0cd072b52610a1a48073e5677e20eddf to remote] DEBUG org.asynchttpclient.netty.request.NettyRequestSender - Using open Channel [id: 0x04979743, L:/127.0.0.1:49961 - R:localhost/127.0.0.1:43533] for GET '/session/0cd072b52610a1a48073e5677e20eddf/screenshot'
10:02:20.933 [AsyncHttpClient-1-14] DEBUG org.asynchttpclient.netty.handler.HttpHandler - 

Request DefaultFullHttpRequest(decodeResult: success, version: HTTP/1.1, content: EmptyByteBufBE)
GET /session/0cd072b52610a1a48073e5677e20eddf/screenshot HTTP/1.1
User-Agent: selenium/4.7.1 (java windows)
Cache-Control: no-cache
Content-Type: application/json; charset=utf-8
host: localhost:43533
accept: */*

Response DefaultHttpResponse(decodeResult: success, version: HTTP/1.1)
HTTP/1.1 200 OK
Content-Type: application/json; charset=utf-8
cache-control: no-cache
content-length: 26180

10:02:20.933 [AsyncHttpClient-1-14] DEBUG org.asynchttpclient.netty.channel.ChannelManager - Adding key: http://localhost:43533 for channel [id: 0x04979743, L:/127.0.0.1:49961 - R:localhost/127.0.0.1:43533]
10:02:20.935 [main] DEBUG net.serenitybdd.core.photography.Darkroom - Send negative for processing for target\site\serenity\bbd4497b95fa8f88d4bf26503cc8046d3e9e96cfcaa6915077e6369e2dfba351.png
10:02:20.936 [main] DEBUG net.thucydides.core.steps.StepInterceptor - STEP DONE: inputEmail
10:02:20.936 [Darkroom Processing Line] DEBUG net.serenitybdd.core.photography.DarkroomProcessingLine - Processing screenshot image in /var/screenshots/screenshot-6617098456596886174
10:02:20.936 [Darkroom Processing Line] DEBUG net.serenitybdd.core.photography.DarkroomProcessingLine - Saving screenshot to target\site\serenity\bbd4497b95fa8f88d4bf26503cc8046d3e9e96cfcaa6915077e6369e2dfba351.png
  &amp#27;[32mAnd &amp#27;[0m&amp#27;[32muser not input email&amp#27;[0m                                 &amp#27;[90m# starter.stepdefinitions.LoginRegisterSteps.userNotInputEmail()&amp#27;[0m
10:02:20.952 [main] DEBUG net.thucydides.core.steps.StepInterceptor - STARTING STEP: LoginRegisterSteps.userInputPasswordValid - inputPassword
10:02:20.956 [Forwarding findElement on session 0cd072b52610a1a48073e5677e20eddf to remote] DEBUG org.asynchttpclient.netty.request.NettyRequestSender - Using pooled Channel '[id: 0x04979743, L:/127.0.0.1:49961 - R:localhost/127.0.0.1:43533]' for 'POST' to 'http://localhost:43533/session/0cd072b52610a1a48073e5677e20eddf/element'
10:02:20.956 [Forwarding findElement on session 0cd072b52610a1a48073e5677e20eddf to remote] DEBUG org.asynchttpclient.netty.request.NettyRequestSender - Using open Channel [id: 0x04979743, L:/127.0.0.1:49961 - R:localhost/127.0.0.1:43533] for POST '/session/0cd072b52610a1a48073e5677e20eddf/element'
10:02:20.974 [AsyncHttpClient-1-14] DEBUG org.asynchttpclient.netty.handler.HttpHandler - 

Request DefaultHttpRequest(decodeResult: success, version: HTTP/1.1)
POST /session/0cd072b52610a1a48073e5677e20eddf/element HTTP/1.1
User-Agent: selenium/4.7.1 (java windows)
Content-Length: 187
Content-Type: application/json; charset=utf-8
host: localhost:43533
accept: */*

Response DefaultHttpResponse(decodeResult: success, version: HTTP/1.1)
HTTP/1.1 200 OK
Content-Type: application/json; charset=utf-8
cache-control: no-cache
content-length: 88

10:02:20.974 [AsyncHttpClient-1-14] DEBUG org.asynchttpclient.netty.channel.ChannelManager - Adding key: http://localhost:43533 for channel [id: 0x04979743, L:/127.0.0.1:49961 - R:localhost/127.0.0.1:43533]
10:02:20.976 [Forwarding clearElement on session 0cd072b52610a1a48073e5677e20eddf to remote] DEBUG org.asynchttpclient.netty.request.NettyRequestSender - Using pooled Channel '[id: 0x04979743, L:/127.0.0.1:49961 - R:localhost/127.0.0.1:43533]' for 'POST' to 'http://localhost:43533/session/0cd072b52610a1a48073e5677e20eddf/element/ed68bfd0-f76f-49c7-a78a-dbc4feb6c45c/clear'
10:02:20.976 [Forwarding clearElement on session 0cd072b52610a1a48073e5677e20eddf to remote] DEBUG org.asynchttpclient.netty.request.NettyRequestSender - Using open Channel [id: 0x04979743, L:/127.0.0.1:49961 - R:localhost/127.0.0.1:43533] for POST '/session/0cd072b52610a1a48073e5677e20eddf/element/ed68bfd0-f76f-49c7-a78a-dbc4feb6c45c/clear'
10:02:21.028 [AsyncHttpClient-1-14] DEBUG org.asynchttpclient.netty.handler.HttpHandler - 

Request DefaultHttpRequest(decodeResult: success, version: HTTP/1.1)
POST /session/0cd072b52610a1a48073e5677e20eddf/element/ed68bfd0-f76f-49c7-a78a-dbc4feb6c45c/clear HTTP/1.1
User-Agent: selenium/4.7.1 (java windows)
Content-Length: 50
Content-Type: application/json; charset=utf-8
host: localhost:43533
accept: */*

Response DefaultHttpResponse(decodeResult: success, version: HTTP/1.1)
HTTP/1.1 200 OK
Content-Type: application/json; charset=utf-8
cache-control: no-cache
content-length: 14

10:02:21.028 [AsyncHttpClient-1-14] DEBUG org.asynchttpclient.netty.channel.ChannelManager - Adding key: http://localhost:43533 for channel [id: 0x04979743, L:/127.0.0.1:49961 - R:localhost/127.0.0.1:43533]
10:02:21.030 [Forwarding sendKeysToElement on session 0cd072b52610a1a48073e5677e20eddf to remote] DEBUG org.asynchttpclient.netty.request.NettyRequestSender - Using pooled Channel '[id: 0x04979743, L:/127.0.0.1:49961 - R:localhost/127.0.0.1:43533]' for 'POST' to 'http://localhost:43533/session/0cd072b52610a1a48073e5677e20eddf/element/ed68bfd0-f76f-49c7-a78a-dbc4feb6c45c/value'
10:02:21.030 [Forwarding sendKeysToElement on session 0cd072b52610a1a48073e5677e20eddf to remote] DEBUG org.asynchttpclient.netty.request.NettyRequestSender - Using open Channel [id: 0x04979743, L:/127.0.0.1:49961 - R:localhost/127.0.0.1:43533] for POST '/session/0cd072b52610a1a48073e5677e20eddf/element/ed68bfd0-f76f-49c7-a78a-dbc4feb6c45c/value'
10:02:21.120 [AsyncHttpClient-1-14] DEBUG org.asynchttpclient.netty.handler.HttpHandler - 

Request DefaultHttpRequest(decodeResult: success, version: HTTP/1.1)
POST /session/0cd072b52610a1a48073e5677e20eddf/element/ed68bfd0-f76f-49c7-a78a-dbc4feb6c45c/value HTTP/1.1
User-Agent: selenium/4.7.1 (java windows)
Content-Length: 111
Content-Type: application/json; charset=utf-8
host: localhost:43533
accept: */*

Response DefaultHttpResponse(decodeResult: success, version: HTTP/1.1)
HTTP/1.1 200 OK
Content-Type: application/json; charset=utf-8
cache-control: no-cache
content-length: 14

10:02:21.121 [AsyncHttpClient-1-14] DEBUG org.asynchttpclient.netty.channel.ChannelManager - Adding key: http://localhost:43533 for channel [id: 0x04979743, L:/127.0.0.1:49961 - R:localhost/127.0.0.1:43533]
10:02:21.128 [Forwarding getCurrentWindowHandle on session 0cd072b52610a1a48073e5677e20eddf to remote] DEBUG org.asynchttpclient.netty.request.NettyRequestSender - Using pooled Channel '[id: 0x04979743, L:/127.0.0.1:49961 - R:localhost/127.0.0.1:43533]' for 'GET' to 'http://localhost:43533/session/0cd072b52610a1a48073e5677e20eddf/window'
10:02:21.129 [Forwarding getCurrentWindowHandle on session 0cd072b52610a1a48073e5677e20eddf to remote] DEBUG org.asynchttpclient.netty.request.NettyRequestSender - Using open Channel [id: 0x04979743, L:/127.0.0.1:49961 - R:localhost/127.0.0.1:43533] for GET '/session/0cd072b52610a1a48073e5677e20eddf/window'
10:02:21.130 [AsyncHttpClient-1-14] DEBUG org.asynchttpclient.netty.handler.HttpHandler - 

Request DefaultFullHttpRequest(decodeResult: success, version: HTTP/1.1, content: EmptyByteBufBE)
GET /session/0cd072b52610a1a48073e5677e20eddf/window HTTP/1.1
User-Agent: selenium/4.7.1 (java windows)
Cache-Control: no-cache
Content-Type: application/json; charset=utf-8
host: localhost:43533
accept: */*

Response DefaultHttpResponse(decodeResult: success, version: HTTP/1.1)
HTTP/1.1 200 OK
Content-Type: application/json; charset=utf-8
cache-control: no-cache
content-length: 44

10:02:21.130 [AsyncHttpClient-1-14] DEBUG org.asynchttpclient.netty.channel.ChannelManager - Adding key: http://localhost:43533 for channel [id: 0x04979743, L:/127.0.0.1:49961 - R:localhost/127.0.0.1:43533]
10:02:21.132 [Forwarding getAlertText on session 0cd072b52610a1a48073e5677e20eddf to remote] DEBUG org.asynchttpclient.netty.request.NettyRequestSender - Using pooled Channel '[id: 0x04979743, L:/127.0.0.1:49961 - R:localhost/127.0.0.1:43533]' for 'GET' to 'http://localhost:43533/session/0cd072b52610a1a48073e5677e20eddf/alert/text'
10:02:21.132 [Forwarding getAlertText on session 0cd072b52610a1a48073e5677e20eddf to remote] DEBUG org.asynchttpclient.netty.request.NettyRequestSender - Using open Channel [id: 0x04979743, L:/127.0.0.1:49961 - R:localhost/127.0.0.1:43533] for GET '/session/0cd072b52610a1a48073e5677e20eddf/alert/text'
10:02:21.137 [AsyncHttpClient-1-14] DEBUG org.asynchttpclient.netty.handler.HttpHandler - 

Request DefaultFullHttpRequest(decodeResult: success, version: HTTP/1.1, content: EmptyByteBufBE)
GET /session/0cd072b52610a1a48073e5677e20eddf/alert/text HTTP/1.1
User-Agent: selenium/4.7.1 (java windows)
Cache-Control: no-cache
Content-Type: application/json; charset=utf-8
host: localhost:43533
accept: */*

Response DefaultHttpResponse(decodeResult: success, version: HTTP/1.1)
HTTP/1.1 404 Not Found
Content-Type: application/json; charset=utf-8
cache-control: no-cache
content-length: 821

10:02:21.138 [AsyncHttpClient-1-14] DEBUG org.asynchttpclient.netty.channel.ChannelManager - Adding key: http://localhost:43533 for channel [id: 0x04979743, L:/127.0.0.1:49961 - R:localhost/127.0.0.1:43533]
10:02:21.144 [Forwarding switchToWindow on session 0cd072b52610a1a48073e5677e20eddf to remote] DEBUG org.asynchttpclient.netty.request.NettyRequestSender - Using pooled Channel '[id: 0x04979743, L:/127.0.0.1:49961 - R:localhost/127.0.0.1:43533]' for 'POST' to 'http://localhost:43533/session/0cd072b52610a1a48073e5677e20eddf/window'
10:02:21.144 [Forwarding switchToWindow on session 0cd072b52610a1a48073e5677e20eddf to remote] DEBUG org.asynchttpclient.netty.request.NettyRequestSender - Using open Channel [id: 0x04979743, L:/127.0.0.1:49961 - R:localhost/127.0.0.1:43533] for POST '/session/0cd072b52610a1a48073e5677e20eddf/window'
10:02:21.148 [AsyncHttpClient-1-14] DEBUG org.asynchttpclient.netty.handler.HttpHandler - 

Request DefaultHttpRequest(decodeResult: success, version: HTTP/1.1)
POST /session/0cd072b52610a1a48073e5677e20eddf/window HTTP/1.1
User-Agent: selenium/4.7.1 (java windows)
Content-Length: 50
Content-Type: application/json; charset=utf-8
host: localhost:43533
accept: */*

Response DefaultHttpResponse(decodeResult: success, version: HTTP/1.1)
HTTP/1.1 200 OK
Content-Type: application/json; charset=utf-8
cache-control: no-cache
content-length: 14

10:02:21.148 [AsyncHttpClient-1-14] DEBUG org.asynchttpclient.netty.channel.ChannelManager - Adding key: http://localhost:43533 for channel [id: 0x04979743, L:/127.0.0.1:49961 - R:localhost/127.0.0.1:43533]
10:02:21.150 [Forwarding getCurrentUrl on session 0cd072b52610a1a48073e5677e20eddf to remote] DEBUG org.asynchttpclient.netty.request.NettyRequestSender - Using pooled Channel '[id: 0x04979743, L:/127.0.0.1:49961 - R:localhost/127.0.0.1:43533]' for 'GET' to 'http://localhost:43533/session/0cd072b52610a1a48073e5677e20eddf/url'
10:02:21.151 [Forwarding getCurrentUrl on session 0cd072b52610a1a48073e5677e20eddf to remote] DEBUG org.asynchttpclient.netty.request.NettyRequestSender - Using open Channel [id: 0x04979743, L:/127.0.0.1:49961 - R:localhost/127.0.0.1:43533] for GET '/session/0cd072b52610a1a48073e5677e20eddf/url'
10:02:21.164 [AsyncHttpClient-1-14] DEBUG org.asynchttpclient.netty.handler.HttpHandler - 

Request DefaultFullHttpRequest(decodeResult: success, version: HTTP/1.1, content: EmptyByteBufBE)
GET /session/0cd072b52610a1a48073e5677e20eddf/url HTTP/1.1
User-Agent: selenium/4.7.1 (java windows)
Cache-Control: no-cache
Content-Type: application/json; charset=utf-8
host: localhost:43533
accept: */*

Response DefaultHttpResponse(decodeResult: success, version: HTTP/1.1)
HTTP/1.1 200 OK
Content-Type: application/json; charset=utf-8
cache-control: no-cache
content-length: 51

10:02:21.164 [AsyncHttpClient-1-14] DEBUG org.asynchttpclient.netty.channel.ChannelManager - Adding key: http://localhost:43533 for channel [id: 0x04979743, L:/127.0.0.1:49961 - R:localhost/127.0.0.1:43533]
10:02:21.166 [Forwarding screenshot on session 0cd072b52610a1a48073e5677e20eddf to remote] DEBUG org.asynchttpclient.netty.request.NettyRequestSender - Using pooled Channel '[id: 0x04979743, L:/127.0.0.1:49961 - R:localhost/127.0.0.1:43533]' for 'GET' to 'http://localhost:43533/session/0cd072b52610a1a48073e5677e20eddf/screenshot'
10:02:21.167 [Forwarding screenshot on session 0cd072b52610a1a48073e5677e20eddf to remote] DEBUG org.asynchttpclient.netty.request.NettyRequestSender - Using open Channel [id: 0x04979743, L:/127.0.0.1:49961 - R:localhost/127.0.0.1:43533] for GET '/session/0cd072b52610a1a48073e5677e20eddf/screenshot'
10:02:21.313 [AsyncHttpClient-1-14] DEBUG org.asynchttpclient.netty.handler.HttpHandler - 

Request DefaultFullHttpRequest(decodeResult: success, version: HTTP/1.1, content: EmptyByteBufBE)
GET /session/0cd072b52610a1a48073e5677e20eddf/screenshot HTTP/1.1
User-Agent: selenium/4.7.1 (java windows)
Cache-Control: no-cache
Content-Type: application/json; charset=utf-8
host: localhost:43533
accept: */*

Response DefaultHttpResponse(decodeResult: success, version: HTTP/1.1)
HTTP/1.1 200 OK
Content-Type: application/json; charset=utf-8
cache-control: no-cache
content-length: 26688

10:02:21.313 [AsyncHttpClient-1-14] DEBUG org.asynchttpclient.netty.channel.ChannelManager - Adding key: http://localhost:43533 for channel [id: 0x04979743, L:/127.0.0.1:49961 - R:localhost/127.0.0.1:43533]
10:02:21.316 [main] DEBUG net.serenitybdd.core.photography.Darkroom - Send negative for processing for target\site\serenity\212766ef8d4199c5f00d27ba9c3a07caa63ad1f8e49290dc5eb3ca2f7d3a2c90.png
10:02:21.316 [main] DEBUG net.thucydides.core.steps.StepInterceptor - STEP DONE: inputPassword
  &amp#27;[32mAnd &amp#27;[0m&amp#27;[32muser input password valid&amp#27;[0m                            &amp#27;[90m# starter.stepdefinitions.LoginRegisterSteps.userInputPasswordValid()&amp#27;[0m
10:02:21.317 [Darkroom Processing Line] DEBUG net.serenitybdd.core.photography.DarkroomProcessingLine - Processing screenshot image in /var/screenshots/screenshot-17945693323799284285
10:02:21.317 [Darkroom Processing Line] DEBUG net.serenitybdd.core.photography.DarkroomProcessingLine - Saving screenshot to target\site\serenity\212766ef8d4199c5f00d27ba9c3a07caa63ad1f8e49290dc5eb3ca2f7d3a2c90.png
10:02:21.337 [main] DEBUG net.thucydides.core.steps.StepInterceptor - STARTING STEP: LoginRegisterSteps.userKlikButtonLoginYangKedua - klikButtonLoginKedua
10:02:21.343 [Forwarding findElement on session 0cd072b52610a1a48073e5677e20eddf to remote] DEBUG org.asynchttpclient.netty.request.NettyRequestSender - Using pooled Channel '[id: 0x04979743, L:/127.0.0.1:49961 - R:localhost/127.0.0.1:43533]' for 'POST' to 'http://localhost:43533/session/0cd072b52610a1a48073e5677e20eddf/element'
10:02:21.343 [Forwarding findElement on session 0cd072b52610a1a48073e5677e20eddf to remote] DEBUG org.asynchttpclient.netty.request.NettyRequestSender - Using open Channel [id: 0x04979743, L:/127.0.0.1:49961 - R:localhost/127.0.0.1:43533] for POST '/session/0cd072b52610a1a48073e5677e20eddf/element'
10:02:21.365 [AsyncHttpClient-1-14] DEBUG org.asynchttpclient.netty.handler.HttpHandler - 

Request DefaultHttpRequest(decodeResult: success, version: HTTP/1.1)
POST /session/0cd072b52610a1a48073e5677e20eddf/element HTTP/1.1
User-Agent: selenium/4.7.1 (java windows)
Content-Length: 141
Content-Type: application/json; charset=utf-8
host: localhost:43533
accept: */*

Response DefaultHttpResponse(decodeResult: success, version: HTTP/1.1)
HTTP/1.1 200 OK
Content-Type: application/json; charset=utf-8
cache-control: no-cache
content-length: 88

10:02:21.365 [AsyncHttpClient-1-14] DEBUG org.asynchttpclient.netty.channel.ChannelManager - Adding key: http://localhost:43533 for channel [id: 0x04979743, L:/127.0.0.1:49961 - R:localhost/127.0.0.1:43533]
10:02:21.367 [Forwarding getElementTagName on session 0cd072b52610a1a48073e5677e20eddf to remote] DEBUG org.asynchttpclient.netty.request.NettyRequestSender - Using pooled Channel '[id: 0x04979743, L:/127.0.0.1:49961 - R:localhost/127.0.0.1:43533]' for 'GET' to 'http://localhost:43533/session/0cd072b52610a1a48073e5677e20eddf/element/3a79c8d6-3c2e-4abf-9a08-4a1ac2b973c3/name'
10:02:21.368 [Forwarding getElementTagName on session 0cd072b52610a1a48073e5677e20eddf to remote] DEBUG org.asynchttpclient.netty.request.NettyRequestSender - Using open Channel [id: 0x04979743, L:/127.0.0.1:49961 - R:localhost/127.0.0.1:43533] for GET '/session/0cd072b52610a1a48073e5677e20eddf/element/3a79c8d6-3c2e-4abf-9a08-4a1ac2b973c3/name'
10:02:21.379 [AsyncHttpClient-1-14] DEBUG org.asynchttpclient.netty.handler.HttpHandler - 

Request DefaultFullHttpRequest(decodeResult: success, version: HTTP/1.1, content: EmptyByteBufBE)
GET /session/0cd072b52610a1a48073e5677e20eddf/element/3a79c8d6-3c2e-4abf-9a08-4a1ac2b973c3/name HTTP/1.1
User-Agent: selenium/4.7.1 (java windows)
Cache-Control: no-cache
Content-Type: application/json; charset=utf-8
host: localhost:43533
accept: */*

Response DefaultHttpResponse(decodeResult: success, version: HTTP/1.1)
HTTP/1.1 200 OK
Content-Type: application/json; charset=utf-8
cache-control: no-cache
content-length: 18

10:02:21.380 [AsyncHttpClient-1-14] DEBUG org.asynchttpclient.netty.channel.ChannelManager - Adding key: http://localhost:43533 for channel [id: 0x04979743, L:/127.0.0.1:49961 - R:localhost/127.0.0.1:43533]
10:02:21.382 [Forwarding getElementTagName on session 0cd072b52610a1a48073e5677e20eddf to remote] DEBUG org.asynchttpclient.netty.request.NettyRequestSender - Using pooled Channel '[id: 0x04979743, L:/127.0.0.1:49961 - R:localhost/127.0.0.1:43533]' for 'GET' to 'http://localhost:43533/session/0cd072b52610a1a48073e5677e20eddf/element/3a79c8d6-3c2e-4abf-9a08-4a1ac2b973c3/name'
10:02:21.382 [Forwarding getElementTagName on session 0cd072b52610a1a48073e5677e20eddf to remote] DEBUG org.asynchttpclient.netty.request.NettyRequestSender - Using open Channel [id: 0x04979743, L:/127.0.0.1:49961 - R:localhost/127.0.0.1:43533] for GET '/session/0cd072b52610a1a48073e5677e20eddf/element/3a79c8d6-3c2e-4abf-9a08-4a1ac2b973c3/name'
10:02:21.393 [AsyncHttpClient-1-14] DEBUG org.asynchttpclient.netty.handler.HttpHandler - 

Request DefaultFullHttpRequest(decodeResult: success, version: HTTP/1.1, content: EmptyByteBufBE)
GET /session/0cd072b52610a1a48073e5677e20eddf/element/3a79c8d6-3c2e-4abf-9a08-4a1ac2b973c3/name HTTP/1.1
User-Agent: selenium/4.7.1 (java windows)
Cache-Control: no-cache
Content-Type: application/json; charset=utf-8
host: localhost:43533
accept: */*

Response DefaultHttpResponse(decodeResult: success, version: HTTP/1.1)
HTTP/1.1 200 OK
Content-Type: application/json; charset=utf-8
cache-control: no-cache
content-length: 18

10:02:21.393 [AsyncHttpClient-1-14] DEBUG org.asynchttpclient.netty.channel.ChannelManager - Adding key: http://localhost:43533 for channel [id: 0x04979743, L:/127.0.0.1:49961 - R:localhost/127.0.0.1:43533]
10:02:21.396 [Forwarding isElementEnabled on session 0cd072b52610a1a48073e5677e20eddf to remote] DEBUG org.asynchttpclient.netty.request.NettyRequestSender - Using pooled Channel '[id: 0x04979743, L:/127.0.0.1:49961 - R:localhost/127.0.0.1:43533]' for 'GET' to 'http://localhost:43533/session/0cd072b52610a1a48073e5677e20eddf/element/3a79c8d6-3c2e-4abf-9a08-4a1ac2b973c3/enabled'
10:02:21.396 [Forwarding isElementEnabled on session 0cd072b52610a1a48073e5677e20eddf to remote] DEBUG org.asynchttpclient.netty.request.NettyRequestSender - Using open Channel [id: 0x04979743, L:/127.0.0.1:49961 - R:localhost/127.0.0.1:43533] for GET '/session/0cd072b52610a1a48073e5677e20eddf/element/3a79c8d6-3c2e-4abf-9a08-4a1ac2b973c3/enabled'
10:02:21.413 [AsyncHttpClient-1-14] DEBUG org.asynchttpclient.netty.handler.HttpHandler - 

Request DefaultFullHttpRequest(decodeResult: success, version: HTTP/1.1, content: EmptyByteBufBE)
GET /session/0cd072b52610a1a48073e5677e20eddf/element/3a79c8d6-3c2e-4abf-9a08-4a1ac2b973c3/enabled HTTP/1.1
User-Agent: selenium/4.7.1 (java windows)
Cache-Control: no-cache
Content-Type: application/json; charset=utf-8
host: localhost:43533
accept: */*

Response DefaultHttpResponse(decodeResult: success, version: HTTP/1.1)
HTTP/1.1 200 OK
Content-Type: application/json; charset=utf-8
cache-control: no-cache
content-length: 14

10:02:21.413 [AsyncHttpClient-1-14] DEBUG org.asynchttpclient.netty.channel.ChannelManager - Adding key: http://localhost:43533 for channel [id: 0x04979743, L:/127.0.0.1:49961 - R:localhost/127.0.0.1:43533]
10:02:21.416 [Forwarding isElementEnabled on session 0cd072b52610a1a48073e5677e20eddf to remote] DEBUG org.asynchttpclient.netty.request.NettyRequestSender - Using pooled Channel '[id: 0x04979743, L:/127.0.0.1:49961 - R:localhost/127.0.0.1:43533]' for 'GET' to 'http://localhost:43533/session/0cd072b52610a1a48073e5677e20eddf/element/3a79c8d6-3c2e-4abf-9a08-4a1ac2b973c3/enabled'
10:02:21.416 [Forwarding isElementEnabled on session 0cd072b52610a1a48073e5677e20eddf to remote] DEBUG org.asynchttpclient.netty.request.NettyRequestSender - Using open Channel [id: 0x04979743, L:/127.0.0.1:49961 - R:localhost/127.0.0.1:43533] for GET '/session/0cd072b52610a1a48073e5677e20eddf/element/3a79c8d6-3c2e-4abf-9a08-4a1ac2b973c3/enabled'
10:02:21.431 [AsyncHttpClient-1-14] DEBUG org.asynchttpclient.netty.handler.HttpHandler - 

Request DefaultFullHttpRequest(decodeResult: success, version: HTTP/1.1, content: EmptyByteBufBE)
GET /session/0cd072b52610a1a48073e5677e20eddf/element/3a79c8d6-3c2e-4abf-9a08-4a1ac2b973c3/enabled HTTP/1.1
User-Agent: selenium/4.7.1 (java windows)
Cache-Control: no-cache
Content-Type: application/json; charset=utf-8
host: localhost:43533
accept: */*

Response DefaultHttpResponse(decodeResult: success, version: HTTP/1.1)
HTTP/1.1 200 OK
Content-Type: application/json; charset=utf-8
cache-control: no-cache
content-length: 14

10:02:21.432 [AsyncHttpClient-1-14] DEBUG org.asynchttpclient.netty.channel.ChannelManager - Adding key: http://localhost:43533 for channel [id: 0x04979743, L:/127.0.0.1:49961 - R:localhost/127.0.0.1:43533]
10:02:21.435 [Forwarding findElement on session 0cd072b52610a1a48073e5677e20eddf to remote] DEBUG org.asynchttpclient.netty.request.NettyRequestSender - Using pooled Channel '[id: 0x04979743, L:/127.0.0.1:49961 - R:localhost/127.0.0.1:43533]' for 'POST' to 'http://localhost:43533/session/0cd072b52610a1a48073e5677e20eddf/element'
10:02:21.435 [Forwarding findElement on session 0cd072b52610a1a48073e5677e20eddf to remote] DEBUG org.asynchttpclient.netty.request.NettyRequestSender - Using open Channel [id: 0x04979743, L:/127.0.0.1:49961 - R:localhost/127.0.0.1:43533] for POST '/session/0cd072b52610a1a48073e5677e20eddf/element'
10:02:21.450 [AsyncHttpClient-1-14] DEBUG org.asynchttpclient.netty.handler.HttpHandler - 

Request DefaultHttpRequest(decodeResult: success, version: HTTP/1.1)
POST /session/0cd072b52610a1a48073e5677e20eddf/element HTTP/1.1
User-Agent: selenium/4.7.1 (java windows)
Content-Length: 141
Content-Type: application/json; charset=utf-8
host: localhost:43533
accept: */*

Response DefaultHttpResponse(decodeResult: success, version: HTTP/1.1)
HTTP/1.1 200 OK
Content-Type: application/json; charset=utf-8
cache-control: no-cache
content-length: 88

10:02:21.451 [AsyncHttpClient-1-14] DEBUG org.asynchttpclient.netty.channel.ChannelManager - Adding key: http://localhost:43533 for channel [id: 0x04979743, L:/127.0.0.1:49961 - R:localhost/127.0.0.1:43533]
10:02:21.455 [Forwarding clickElement on session 0cd072b52610a1a48073e5677e20eddf to remote] DEBUG org.asynchttpclient.netty.request.NettyRequestSender - Using pooled Channel '[id: 0x04979743, L:/127.0.0.1:49961 - R:localhost/127.0.0.1:43533]' for 'POST' to 'http://localhost:43533/session/0cd072b52610a1a48073e5677e20eddf/element/3a79c8d6-3c2e-4abf-9a08-4a1ac2b973c3/click'
10:02:21.455 [Forwarding clickElement on session 0cd072b52610a1a48073e5677e20eddf to remote] DEBUG org.asynchttpclient.netty.request.NettyRequestSender - Using open Channel [id: 0x04979743, L:/127.0.0.1:49961 - R:localhost/127.0.0.1:43533] for POST '/session/0cd072b52610a1a48073e5677e20eddf/element/3a79c8d6-3c2e-4abf-9a08-4a1ac2b973c3/click'
10:02:21.545 [AsyncHttpClient-1-14] DEBUG org.asynchttpclient.netty.handler.HttpHandler - 

Request DefaultHttpRequest(decodeResult: success, version: HTTP/1.1)
POST /session/0cd072b52610a1a48073e5677e20eddf/element/3a79c8d6-3c2e-4abf-9a08-4a1ac2b973c3/click HTTP/1.1
User-Agent: selenium/4.7.1 (java windows)
Content-Length: 50
Content-Type: application/json; charset=utf-8
host: localhost:43533
accept: */*

Response DefaultHttpResponse(decodeResult: success, version: HTTP/1.1)
HTTP/1.1 200 OK
Content-Type: application/json; charset=utf-8
cache-control: no-cache
content-length: 14

10:02:21.545 [AsyncHttpClient-1-14] DEBUG org.asynchttpclient.netty.channel.ChannelManager - Adding key: http://localhost:43533 for channel [id: 0x04979743, L:/127.0.0.1:49961 - R:localhost/127.0.0.1:43533]
10:02:21.561 [Forwarding getCurrentWindowHandle on session 0cd072b52610a1a48073e5677e20eddf to remote] DEBUG org.asynchttpclient.netty.request.NettyRequestSender - Using pooled Channel '[id: 0x04979743, L:/127.0.0.1:49961 - R:localhost/127.0.0.1:43533]' for 'GET' to 'http://localhost:43533/session/0cd072b52610a1a48073e5677e20eddf/window'
10:02:21.561 [Forwarding getCurrentWindowHandle on session 0cd072b52610a1a48073e5677e20eddf to remote] DEBUG org.asynchttpclient.netty.request.NettyRequestSender - Using open Channel [id: 0x04979743, L:/127.0.0.1:49961 - R:localhost/127.0.0.1:43533] for GET '/session/0cd072b52610a1a48073e5677e20eddf/window'
10:02:21.563 [AsyncHttpClient-1-14] DEBUG org.asynchttpclient.netty.handler.HttpHandler - 

Request DefaultFullHttpRequest(decodeResult: success, version: HTTP/1.1, content: EmptyByteBufBE)
GET /session/0cd072b52610a1a48073e5677e20eddf/window HTTP/1.1
User-Agent: selenium/4.7.1 (java windows)
Cache-Control: no-cache
Content-Type: application/json; charset=utf-8
host: localhost:43533
accept: */*

Response DefaultHttpResponse(decodeResult: success, version: HTTP/1.1)
HTTP/1.1 200 OK
Content-Type: application/json; charset=utf-8
cache-control: no-cache
content-length: 44

10:02:21.563 [AsyncHttpClient-1-14] DEBUG org.asynchttpclient.netty.channel.ChannelManager - Adding key: http://localhost:43533 for channel [id: 0x04979743, L:/127.0.0.1:49961 - R:localhost/127.0.0.1:43533]
10:02:21.566 [Forwarding getAlertText on session 0cd072b52610a1a48073e5677e20eddf to remote] DEBUG org.asynchttpclient.netty.request.NettyRequestSender - Using pooled Channel '[id: 0x04979743, L:/127.0.0.1:49961 - R:localhost/127.0.0.1:43533]' for 'GET' to 'http://localhost:43533/session/0cd072b52610a1a48073e5677e20eddf/alert/text'
10:02:21.567 [Forwarding getAlertText on session 0cd072b52610a1a48073e5677e20eddf to remote] DEBUG org.asynchttpclient.netty.request.NettyRequestSender - Using open Channel [id: 0x04979743, L:/127.0.0.1:49961 - R:localhost/127.0.0.1:43533] for GET '/session/0cd072b52610a1a48073e5677e20eddf/alert/text'
10:02:21.575 [AsyncHttpClient-1-14] DEBUG org.asynchttpclient.netty.handler.HttpHandler - 

Request DefaultFullHttpRequest(decodeResult: success, version: HTTP/1.1, content: EmptyByteBufBE)
GET /session/0cd072b52610a1a48073e5677e20eddf/alert/text HTTP/1.1
User-Agent: selenium/4.7.1 (java windows)
Cache-Control: no-cache
Content-Type: application/json; charset=utf-8
host: localhost:43533
accept: */*

Response DefaultHttpResponse(decodeResult: success, version: HTTP/1.1)
HTTP/1.1 404 Not Found
Content-Type: application/json; charset=utf-8
cache-control: no-cache
content-length: 821

10:02:21.575 [AsyncHttpClient-1-14] DEBUG org.asynchttpclient.netty.channel.ChannelManager - Adding key: http://localhost:43533 for channel [id: 0x04979743, L:/127.0.0.1:49961 - R:localhost/127.0.0.1:43533]
10:02:21.579 [Forwarding switchToWindow on session 0cd072b52610a1a48073e5677e20eddf to remote] DEBUG org.asynchttpclient.netty.request.NettyRequestSender - Using pooled Channel '[id: 0x04979743, L:/127.0.0.1:49961 - R:localhost/127.0.0.1:43533]' for 'POST' to 'http://localhost:43533/session/0cd072b52610a1a48073e5677e20eddf/window'
10:02:21.579 [Forwarding switchToWindow on session 0cd072b52610a1a48073e5677e20eddf to remote] DEBUG org.asynchttpclient.netty.request.NettyRequestSender - Using open Channel [id: 0x04979743, L:/127.0.0.1:49961 - R:localhost/127.0.0.1:43533] for POST '/session/0cd072b52610a1a48073e5677e20eddf/window'
10:02:21.585 [AsyncHttpClient-1-14] DEBUG org.asynchttpclient.netty.handler.HttpHandler - 

Request DefaultHttpRequest(decodeResult: success, version: HTTP/1.1)
POST /session/0cd072b52610a1a48073e5677e20eddf/window HTTP/1.1
User-Agent: selenium/4.7.1 (java windows)
Content-Length: 50
Content-Type: application/json; charset=utf-8
host: localhost:43533
accept: */*

Response DefaultHttpResponse(decodeResult: success, version: HTTP/1.1)
HTTP/1.1 200 OK
Content-Type: application/json; charset=utf-8
cache-control: no-cache
content-length: 14

10:02:21.586 [AsyncHttpClient-1-14] DEBUG org.asynchttpclient.netty.channel.ChannelManager - Adding key: http://localhost:43533 for channel [id: 0x04979743, L:/127.0.0.1:49961 - R:localhost/127.0.0.1:43533]
10:02:21.588 [Forwarding getCurrentUrl on session 0cd072b52610a1a48073e5677e20eddf to remote] DEBUG org.asynchttpclient.netty.request.NettyRequestSender - Using pooled Channel '[id: 0x04979743, L:/127.0.0.1:49961 - R:localhost/127.0.0.1:43533]' for 'GET' to 'http://localhost:43533/session/0cd072b52610a1a48073e5677e20eddf/url'
10:02:21.588 [Forwarding getCurrentUrl on session 0cd072b52610a1a48073e5677e20eddf to remote] DEBUG org.asynchttpclient.netty.request.NettyRequestSender - Using open Channel [id: 0x04979743, L:/127.0.0.1:49961 - R:localhost/127.0.0.1:43533] for GET '/session/0cd072b52610a1a48073e5677e20eddf/url'
10:02:21.598 [AsyncHttpClient-1-14] DEBUG org.asynchttpclient.netty.handler.HttpHandler - 

Request DefaultFullHttpRequest(decodeResult: success, version: HTTP/1.1, content: EmptyByteBufBE)
GET /session/0cd072b52610a1a48073e5677e20eddf/url HTTP/1.1
User-Agent: selenium/4.7.1 (java windows)
Cache-Control: no-cache
Content-Type: application/json; charset=utf-8
host: localhost:43533
accept: */*

Response DefaultHttpResponse(decodeResult: success, version: HTTP/1.1)
HTTP/1.1 200 OK
Content-Type: application/json; charset=utf-8
cache-control: no-cache
content-length: 51

10:02:21.598 [AsyncHttpClient-1-14] DEBUG org.asynchttpclient.netty.channel.ChannelManager - Adding key: http://localhost:43533 for channel [id: 0x04979743, L:/127.0.0.1:49961 - R:localhost/127.0.0.1:43533]
10:02:21.600 [Forwarding screenshot on session 0cd072b52610a1a48073e5677e20eddf to remote] DEBUG org.asynchttpclient.netty.request.NettyRequestSender - Using pooled Channel '[id: 0x04979743, L:/127.0.0.1:49961 - R:localhost/127.0.0.1:43533]' for 'GET' to 'http://localhost:43533/session/0cd072b52610a1a48073e5677e20eddf/screenshot'
10:02:21.600 [Forwarding screenshot on session 0cd072b52610a1a48073e5677e20eddf to remote] DEBUG org.asynchttpclient.netty.request.NettyRequestSender - Using open Channel [id: 0x04979743, L:/127.0.0.1:49961 - R:localhost/127.0.0.1:43533] for GET '/session/0cd072b52610a1a48073e5677e20eddf/screenshot'
10:02:21.742 [AsyncHttpClient-1-14] DEBUG org.asynchttpclient.netty.handler.HttpHandler - 

Request DefaultFullHttpRequest(decodeResult: success, version: HTTP/1.1, content: EmptyByteBufBE)
GET /session/0cd072b52610a1a48073e5677e20eddf/screenshot HTTP/1.1
User-Agent: selenium/4.7.1 (java windows)
Cache-Control: no-cache
Content-Type: application/json; charset=utf-8
host: localhost:43533
accept: */*

Response DefaultHttpResponse(decodeResult: success, version: HTTP/1.1)
HTTP/1.1 200 OK
Content-Type: application/json; charset=utf-8
cache-control: no-cache
content-length: 25620

10:02:21.743 [AsyncHttpClient-1-14] DEBUG org.asynchttpclient.netty.channel.ChannelManager - Adding key: http://localhost:43533 for channel [id: 0x04979743, L:/127.0.0.1:49961 - R:localhost/127.0.0.1:43533]
10:02:21.745 [main] DEBUG net.serenitybdd.core.photography.Darkroom - Send negative for processing for target\site\serenity\f0660c4c82affbc3cc3cf756f668cf9a0071bcbe122f6fe178ecee3acf189fa4.png
10:02:21.745 [main] DEBUG net.thucydides.core.steps.StepInterceptor - STEP DONE: klikButtonLoginKedua
10:02:21.746 [Darkroom Processing Line] DEBUG net.serenitybdd.core.photography.DarkroomProcessingLine - Processing screenshot image in /var/screenshots/screenshot-9199986558250905939
10:02:21.746 [Darkroom Processing Line] DEBUG net.serenitybdd.core.photography.DarkroomProcessingLine - Saving screenshot to target\site\serenity\f0660c4c82affbc3cc3cf756f668cf9a0071bcbe122f6fe178ecee3acf189fa4.png
  &amp#27;[32mThen &amp#27;[0m&amp#27;[32muser klik button login yang kedua&amp#27;[0m                   &amp#27;[90m# starter.stepdefinitions.LoginRegisterSteps.userKlikButtonLoginYangKedua()&amp#27;[0m
10:02:21.765 [main] DEBUG net.thucydides.core.steps.StepInterceptor - STARTING STEP: LoginRegisterSteps.userMenerimaErrorMessage - munculErrorMessage
10:02:21.768 [Forwarding findElement on session 0cd072b52610a1a48073e5677e20eddf to remote] DEBUG org.asynchttpclient.netty.request.NettyRequestSender - Using pooled Channel '[id: 0x04979743, L:/127.0.0.1:49961 - R:localhost/127.0.0.1:43533]' for 'POST' to 'http://localhost:43533/session/0cd072b52610a1a48073e5677e20eddf/element'
10:02:21.769 [Forwarding findElement on session 0cd072b52610a1a48073e5677e20eddf to remote] DEBUG org.asynchttpclient.netty.request.NettyRequestSender - Using open Channel [id: 0x04979743, L:/127.0.0.1:49961 - R:localhost/127.0.0.1:43533] for POST '/session/0cd072b52610a1a48073e5677e20eddf/element'
10:02:21.771 [AsyncHttpClient-1-1] DEBUG org.asynchttpclient.netty.channel.DefaultChannelPool - Entry count for : http://localhost:49963 : 1
10:02:22.361 [AsyncHttpClient-1-14] DEBUG org.asynchttpclient.netty.handler.HttpHandler - 

Request DefaultHttpRequest(decodeResult: success, version: HTTP/1.1)
POST /session/0cd072b52610a1a48073e5677e20eddf/element HTTP/1.1
User-Agent: selenium/4.7.1 (java windows)
Content-Length: 139
Content-Type: application/json; charset=utf-8
host: localhost:43533
accept: */*

Response DefaultHttpResponse(decodeResult: success, version: HTTP/1.1)
HTTP/1.1 200 OK
Content-Type: application/json; charset=utf-8
cache-control: no-cache
content-length: 88

10:02:22.361 [AsyncHttpClient-1-14] DEBUG org.asynchttpclient.netty.channel.ChannelManager - Adding key: http://localhost:43533 for channel [id: 0x04979743, L:/127.0.0.1:49961 - R:localhost/127.0.0.1:43533]
10:02:22.366 [Forwarding isElementDisplayed on session 0cd072b52610a1a48073e5677e20eddf to remote] DEBUG org.asynchttpclient.netty.request.NettyRequestSender - Using pooled Channel '[id: 0x04979743, L:/127.0.0.1:49961 - R:localhost/127.0.0.1:43533]' for 'POST' to 'http://localhost:43533/session/0cd072b52610a1a48073e5677e20eddf/execute/sync'
10:02:22.366 [Forwarding isElementDisplayed on session 0cd072b52610a1a48073e5677e20eddf to remote] DEBUG org.asynchttpclient.netty.request.NettyRequestSender - Using open Channel [id: 0x04979743, L:/127.0.0.1:49961 - R:localhost/127.0.0.1:43533] for POST '/session/0cd072b52610a1a48073e5677e20eddf/execute/sync'
10:02:22.383 [AsyncHttpClient-1-14] DEBUG org.asynchttpclient.netty.handler.HttpHandler - 

Request DefaultHttpRequest(decodeResult: success, version: HTTP/1.1)
POST /session/0cd072b52610a1a48073e5677e20eddf/execute/sync HTTP/1.1
User-Agent: selenium/4.7.1 (java windows)
Content-Length: 48780
Content-Type: application/json; charset=utf-8
host: localhost:43533
accept: */*

Response DefaultHttpResponse(decodeResult: success, version: HTTP/1.1)
HTTP/1.1 200 OK
Content-Type: application/json; charset=utf-8
cache-control: no-cache
content-length: 14

10:02:22.383 [AsyncHttpClient-1-14] DEBUG org.asynchttpclient.netty.channel.ChannelManager - Adding key: http://localhost:43533 for channel [id: 0x04979743, L:/127.0.0.1:49961 - R:localhost/127.0.0.1:43533]
10:02:22.390 [Forwarding getCurrentWindowHandle on session 0cd072b52610a1a48073e5677e20eddf to remote] DEBUG org.asynchttpclient.netty.request.NettyRequestSender - Using pooled Channel '[id: 0x04979743, L:/127.0.0.1:49961 - R:localhost/127.0.0.1:43533]' for 'GET' to 'http://localhost:43533/session/0cd072b52610a1a48073e5677e20eddf/window'
10:02:22.390 [Forwarding getCurrentWindowHandle on session 0cd072b52610a1a48073e5677e20eddf to remote] DEBUG org.asynchttpclient.netty.request.NettyRequestSender - Using open Channel [id: 0x04979743, L:/127.0.0.1:49961 - R:localhost/127.0.0.1:43533] for GET '/session/0cd072b52610a1a48073e5677e20eddf/window'
10:02:22.391 [AsyncHttpClient-1-14] DEBUG org.asynchttpclient.netty.handler.HttpHandler - 

Request DefaultFullHttpRequest(decodeResult: success, version: HTTP/1.1, content: EmptyByteBufBE)
GET /session/0cd072b52610a1a48073e5677e20eddf/window HTTP/1.1
User-Agent: selenium/4.7.1 (java windows)
Cache-Control: no-cache
Content-Type: application/json; charset=utf-8
host: localhost:43533
accept: */*

Response DefaultHttpResponse(decodeResult: success, version: HTTP/1.1)
HTTP/1.1 200 OK
Content-Type: application/json; charset=utf-8
cache-control: no-cache
content-length: 44

10:02:22.392 [AsyncHttpClient-1-14] DEBUG org.asynchttpclient.netty.channel.ChannelManager - Adding key: http://localhost:43533 for channel [id: 0x04979743, L:/127.0.0.1:49961 - R:localhost/127.0.0.1:43533]
10:02:22.393 [Forwarding getAlertText on session 0cd072b52610a1a48073e5677e20eddf to remote] DEBUG org.asynchttpclient.netty.request.NettyRequestSender - Using pooled Channel '[id: 0x04979743, L:/127.0.0.1:49961 - R:localhost/127.0.0.1:43533]' for 'GET' to 'http://localhost:43533/session/0cd072b52610a1a48073e5677e20eddf/alert/text'
10:02:22.394 [Forwarding getAlertText on session 0cd072b52610a1a48073e5677e20eddf to remote] DEBUG org.asynchttpclient.netty.request.NettyRequestSender - Using open Channel [id: 0x04979743, L:/127.0.0.1:49961 - R:localhost/127.0.0.1:43533] for GET '/session/0cd072b52610a1a48073e5677e20eddf/alert/text'
10:02:22.396 [AsyncHttpClient-1-14] DEBUG org.asynchttpclient.netty.handler.HttpHandler - 

Request DefaultFullHttpRequest(decodeResult: success, version: HTTP/1.1, content: EmptyByteBufBE)
GET /session/0cd072b52610a1a48073e5677e20eddf/alert/text HTTP/1.1
User-Agent: selenium/4.7.1 (java windows)
Cache-Control: no-cache
Content-Type: application/json; charset=utf-8
host: localhost:43533
accept: */*

Response DefaultHttpResponse(decodeResult: success, version: HTTP/1.1)
HTTP/1.1 404 Not Found
Content-Type: application/json; charset=utf-8
cache-control: no-cache
content-length: 821

10:02:22.397 [AsyncHttpClient-1-14] DEBUG org.asynchttpclient.netty.channel.ChannelManager - Adding key: http://localhost:43533 for channel [id: 0x04979743, L:/127.0.0.1:49961 - R:localhost/127.0.0.1:43533]
10:02:22.400 [Forwarding switchToWindow on session 0cd072b52610a1a48073e5677e20eddf to remote] DEBUG org.asynchttpclient.netty.request.NettyRequestSender - Using pooled Channel '[id: 0x04979743, L:/127.0.0.1:49961 - R:localhost/127.0.0.1:43533]' for 'POST' to 'http://localhost:43533/session/0cd072b52610a1a48073e5677e20eddf/window'
10:02:22.400 [Forwarding switchToWindow on session 0cd072b52610a1a48073e5677e20eddf to remote] DEBUG org.asynchttpclient.netty.request.NettyRequestSender - Using open Channel [id: 0x04979743, L:/127.0.0.1:49961 - R:localhost/127.0.0.1:43533] for POST '/session/0cd072b52610a1a48073e5677e20eddf/window'
10:02:22.404 [AsyncHttpClient-1-14] DEBUG org.asynchttpclient.netty.handler.HttpHandler - 

Request DefaultHttpRequest(decodeResult: success, version: HTTP/1.1)
POST /session/0cd072b52610a1a48073e5677e20eddf/window HTTP/1.1
User-Agent: selenium/4.7.1 (java windows)
Content-Length: 50
Content-Type: application/json; charset=utf-8
host: localhost:43533
accept: */*

Response DefaultHttpResponse(decodeResult: success, version: HTTP/1.1)
HTTP/1.1 200 OK
Content-Type: application/json; charset=utf-8
cache-control: no-cache
content-length: 14

10:02:22.404 [AsyncHttpClient-1-14] DEBUG org.asynchttpclient.netty.channel.ChannelManager - Adding key: http://localhost:43533 for channel [id: 0x04979743, L:/127.0.0.1:49961 - R:localhost/127.0.0.1:43533]
10:02:22.405 [Forwarding getCurrentUrl on session 0cd072b52610a1a48073e5677e20eddf to remote] DEBUG org.asynchttpclient.netty.request.NettyRequestSender - Using pooled Channel '[id: 0x04979743, L:/127.0.0.1:49961 - R:localhost/127.0.0.1:43533]' for 'GET' to 'http://localhost:43533/session/0cd072b52610a1a48073e5677e20eddf/url'
10:02:22.405 [Forwarding getCurrentUrl on session 0cd072b52610a1a48073e5677e20eddf to remote] DEBUG org.asynchttpclient.netty.request.NettyRequestSender - Using open Channel [id: 0x04979743, L:/127.0.0.1:49961 - R:localhost/127.0.0.1:43533] for GET '/session/0cd072b52610a1a48073e5677e20eddf/url'
10:02:22.411 [AsyncHttpClient-1-14] DEBUG org.asynchttpclient.netty.handler.HttpHandler - 

Request DefaultFullHttpRequest(decodeResult: success, version: HTTP/1.1, content: EmptyByteBufBE)
GET /session/0cd072b52610a1a48073e5677e20eddf/url HTTP/1.1
User-Agent: selenium/4.7.1 (java windows)
Cache-Control: no-cache
Content-Type: application/json; charset=utf-8
host: localhost:43533
accept: */*

Response DefaultHttpResponse(decodeResult: success, version: HTTP/1.1)
HTTP/1.1 200 OK
Content-Type: application/json; charset=utf-8
cache-control: no-cache
content-length: 51

10:02:22.412 [AsyncHttpClient-1-14] DEBUG org.asynchttpclient.netty.channel.ChannelManager - Adding key: http://localhost:43533 for channel [id: 0x04979743, L:/127.0.0.1:49961 - R:localhost/127.0.0.1:43533]
10:02:22.413 [Forwarding screenshot on session 0cd072b52610a1a48073e5677e20eddf to remote] DEBUG org.asynchttpclient.netty.request.NettyRequestSender - Using pooled Channel '[id: 0x04979743, L:/127.0.0.1:49961 - R:localhost/127.0.0.1:43533]' for 'GET' to 'http://localhost:43533/session/0cd072b52610a1a48073e5677e20eddf/screenshot'
10:02:22.413 [Forwarding screenshot on session 0cd072b52610a1a48073e5677e20eddf to remote] DEBUG org.asynchttpclient.netty.request.NettyRequestSender - Using open Channel [id: 0x04979743, L:/127.0.0.1:49961 - R:localhost/127.0.0.1:43533] for GET '/session/0cd072b52610a1a48073e5677e20eddf/screenshot'
10:02:22.531 [AsyncHttpClient-1-14] DEBUG org.asynchttpclient.netty.handler.HttpHandler - 

Request DefaultFullHttpRequest(decodeResult: success, version: HTTP/1.1, content: EmptyByteBufBE)
GET /session/0cd072b52610a1a48073e5677e20eddf/screenshot HTTP/1.1
User-Agent: selenium/4.7.1 (java windows)
Cache-Control: no-cache
Content-Type: application/json; charset=utf-8
host: localhost:43533
accept: */*

Response DefaultHttpResponse(decodeResult: success, version: HTTP/1.1)
HTTP/1.1 200 OK
Content-Type: application/json; charset=utf-8
cache-control: no-cache
content-length: 28732

10:02:22.532 [AsyncHttpClient-1-14] DEBUG org.asynchttpclient.netty.channel.ChannelManager - Adding key: http://localhost:43533 for channel [id: 0x04979743, L:/127.0.0.1:49961 - R:localhost/127.0.0.1:43533]
10:02:22.534 [main] DEBUG net.serenitybdd.core.photography.Darkroom - Send negative for processing for target\site\serenity\d1cffeb9956c5dea0af767be06249cdfe0b7fd37c4c2151f2794e069d749a0e1.png
10:02:22.535 [main] DEBUG net.thucydides.core.steps.StepInterceptor - STEP DONE: munculErrorMessage
  &amp#27;[32mAnd &amp#27;[0m&amp#27;[32muser menerima error message &amp#27;[0m&amp#27;[32m&amp#27;[1m"email is required"&amp#27;[0m      &amp#27;[90m# starter.stepdefinitions.LoginRegisterSteps.userMenerimaErrorMessage(java.lang.String)&amp#27;[0m
10:02:22.536 [Darkroom Processing Line] DEBUG net.serenitybdd.core.photography.DarkroomProcessingLine - Processing screenshot image in /var/screenshots/screenshot-12127574726204425694
10:02:22.537 [Darkroom Processing Line] DEBUG net.serenitybdd.core.photography.DarkroomProcessingLine - Saving screenshot to target\site\serenity\d1cffeb9956c5dea0af767be06249cdfe0b7fd37c4c2151f2794e069d749a0e1.png
10:02:22.546 [main] INFO  - 
  _____   ___   ___   _____     ___     _     ___   ___   ___   ___  
 |_   _| | __| / __| |_   _|   | _ \   /_\   / __| / __| | __| |   \ 
   | |   | _|  \__ \   | |     |  _/  / _ \  \__ \ \__ \ | _|  | |) |
   |_|   |___| |___/   |_|     |_|   /_/ \_\ |___/ |___/ |___| |___/ 

user tidak bisa login karena tidak mengisi email
----------------------------------------------------------------------
10:02:22.548 [Driver Command Executor] DEBUG org.asynchttpclient.netty.request.NettyRequestSender - Using pooled Channel '[id: 0x04979743, L:/127.0.0.1:49961 - R:localhost/127.0.0.1:43533]' for 'DELETE' to 'http://localhost:43533/session/0cd072b52610a1a48073e5677e20eddf'
10:02:22.548 [Driver Command Executor] DEBUG org.asynchttpclient.netty.request.NettyRequestSender - Using open Channel [id: 0x04979743, L:/127.0.0.1:49961 - R:localhost/127.0.0.1:43533] for DELETE '/session/0cd072b52610a1a48073e5677e20eddf'
10:02:22.548 [AsyncHttpClient-1-16] DEBUG org.asynchttpclient.netty.handler.WebSocketHandler - Channel Closed: [id: 0x9cb3716f, L:/127.0.0.1:49971 ! R:localhost/127.0.0.1:49963] with attribute NettyResponseFuture{currentRetry=0,
	isDone=1,
	isCancelled=0,
	asyncHandler=org.asynchttpclient.ws.WebSocketUpgradeHandler@61444a76,
	nettyRequest=org.asynchttpclient.netty.request.NettyRequest@2446c83a,
	future=java.util.concurrent.CompletableFuture@2ef869a5[Completed normally],
	uri=ws://localhost:49963/devtools/browser/80225010-7475-48ba-85f1-d2bd7ccdfe0d,
	keepAlive=true,
	redirectCount=0,
	timeoutsHolder=null,
	inAuth=0,
	touch=1683514936203}
10:02:22.549 [AsyncHttpClient-1-16] DEBUG org.asynchttpclient.netty.channel.ChannelManager - Closing Channel [id: 0x9cb3716f, L:/127.0.0.1:49971 ! R:localhost/127.0.0.1:49963] 
10:02:22.689 [AsyncHttpClient-1-15] DEBUG org.asynchttpclient.netty.handler.HttpHandler - Unexpected I/O exception on channel [id: 0xa6226f93, L:/127.0.0.1:49970 - R:localhost/127.0.0.1:49963]
java.net.SocketException: Connection reset
	at java.base/sun.nio.ch.SocketChannelImpl.throwConnectionReset(SocketChannelImpl.java:401)
	at java.base/sun.nio.ch.SocketChannelImpl.read(SocketChannelImpl.java:434)
	at io.netty.buffer.PooledByteBuf.setBytes(PooledByteBuf.java:259)
	at io.netty.buffer.AbstractByteBuf.writeBytes(AbstractByteBuf.java:1132)
	at io.netty.channel.socket.nio.NioSocketChannel.doReadBytes(NioSocketChannel.java:357)
	at io.netty.channel.nio.AbstractNioByteChannel$NioByteUnsafe.read(AbstractNioByteChannel.java:151)
	at io.netty.channel.nio.NioEventLoop.processSelectedKey(NioEventLoop.java:788)
	at io.netty.channel.nio.NioEventLoop.processSelectedKeysOptimized(NioEventLoop.java:724)
	at io.netty.channel.nio.NioEventLoop.processSelectedKeys(NioEventLoop.java:650)
	at io.netty.channel.nio.NioEventLoop.run(NioEventLoop.java:562)
	at io.netty.util.concurrent.SingleThreadEventExecutor$4.run(SingleThreadEventExecutor.java:997)
	at io.netty.util.internal.ThreadExecutorMap$2.run(ThreadExecutorMap.java:74)
	at io.netty.util.concurrent.FastThreadLocalRunnable.run(FastThreadLocalRunnable.java:30)
	at java.base/java.lang.Thread.run(Thread.java:1589)
10:02:22.690 [AsyncHttpClient-1-15] DEBUG org.asynchttpclient.netty.channel.ChannelManager - Closing Channel [id: 0xa6226f93, L:/127.0.0.1:49970 - R:localhost/127.0.0.1:49963] 
10:02:22.691 [AsyncHttpClient-1-15] DEBUG org.asynchttpclient.netty.handler.HttpHandler - Channel Closed: [id: 0xa6226f93, L:/127.0.0.1:49970 ! R:localhost/127.0.0.1:49963] with attribute DISCARD
10:02:22.724 [AsyncHttpClient-1-14] DEBUG org.asynchttpclient.netty.handler.HttpHandler - 

Request DefaultFullHttpRequest(decodeResult: success, version: HTTP/1.1, content: EmptyByteBufBE)
DELETE /session/0cd072b52610a1a48073e5677e20eddf HTTP/1.1
User-Agent: selenium/4.7.1 (java windows)
Content-Type: application/json; charset=utf-8
host: localhost:43533
accept: */*

Response DefaultHttpResponse(decodeResult: success, version: HTTP/1.1)
HTTP/1.1 200 OK
Content-Type: application/json; charset=utf-8
cache-control: no-cache
content-length: 14

10:02:22.725 [AsyncHttpClient-1-14] DEBUG org.asynchttpclient.netty.channel.ChannelManager - Adding key: http://localhost:43533 for channel [id: 0x04979743, L:/127.0.0.1:49961 - R:localhost/127.0.0.1:43533]
10:02:22.801 [AsyncHttpClient-1-14] DEBUG org.asynchttpclient.netty.handler.HttpHandler - Channel Closed: [id: 0x04979743, L:/127.0.0.1:49961 ! R:localhost/127.0.0.1:43533] with attribute DISCARD
10:02:22.865 [AsyncHttpClient-1-1] DEBUG org.asynchttpclient.netty.channel.DefaultChannelPool - Entry count for : http://localhost:43533 : 1
10:02:22.865 [AsyncHttpClient-1-1] DEBUG org.asynchttpclient.netty.channel.DefaultChannelPool - Entry count for : http://localhost:49963 : 1
10:02:22.865 [AsyncHttpClient-1-1] DEBUG org.asynchttpclient.netty.channel.DefaultChannelPool - Adding Candidate expired Channel [id: 0x04979743, L:/127.0.0.1:49961 ! R:localhost/127.0.0.1:43533] isIdleTimeoutExpired=false isRemotelyClosed=true isTtlExpired=false
10:02:22.865 [AsyncHttpClient-1-1] DEBUG org.asynchttpclient.netty.channel.DefaultChannelPool - Closing Idle Channel [id: 0x04979743, L:/127.0.0.1:49961 ! R:localhost/127.0.0.1:43533]
10:02:22.865 [AsyncHttpClient-1-1] DEBUG org.asynchttpclient.netty.channel.DefaultChannelPool - Adding Candidate expired Channel [id: 0xa6226f93, L:/127.0.0.1:49970 ! R:localhost/127.0.0.1:49963] isIdleTimeoutExpired=false isRemotelyClosed=true isTtlExpired=false
10:02:22.865 [AsyncHttpClient-1-1] DEBUG org.asynchttpclient.netty.channel.DefaultChannelPool - Closing Idle Channel [id: 0xa6226f93, L:/127.0.0.1:49970 ! R:localhost/127.0.0.1:49963]
10:02:22.865 [AsyncHttpClient-1-1] DEBUG org.asynchttpclient.netty.channel.DefaultChannelPool - Closed 2 connections out of 2 in 0 ms
]]></system-out>
    <system-err><![CDATA[Starting ChromeDriver 112.0.5615.49 (bd2a7bcb881c11e8cfe3078709382934e3916914-refs/branch-heads/5615@{#936}) on port 43533
Only local connections are allowed.
Please see https://chromedriver.chromium.org/security-considerations for suggestions on keeping ChromeDriver safe.
ChromeDriver was started successfully.
May 08, 2023 10:02:16 AM org.openqa.selenium.devtools.CdpVersionFinder findNearestMatch
WARNING: Unable to find an exact match for CDP version 112, so returning the closest version found: 108
]]></system-err>
  </testcase>
  <testcase name="user tidak bisa login karena tidak mengisi password" classname="login" time="9.393">
    <system-out><![CDATA[
@AS06-negative
Scenario: user tidak bisa login karena tidak mengisi password &amp#27;[90m# src/test/resources/features/1. Login.feature:50&amp#27;[0m
10:02:22.902 [main] INFO io.cucumber.core.plugin.SerenityReporter - Running feature from file:///C:/Users/HP/Downloads/Mini-Project-QA/ALTASHOP%20WEB%20AUTOMATION/src/test/resources/features/1.%20Login.feature
10:02:22.910 [main] INFO  - 
  _____   ___   ___   _____     ___   _____     _     ___   _____   ___   ___  
 |_   _| | __| / __| |_   _|   / __| |_   _|   /_\   | _ \ |_   _| | __| |   \ 
   | |   | _|  \__ \   | |     \__ \   | |    / _ \  |   /   | |   | _|  | |) |
   |_|   |___| |___/   |_|     |___/   |_|   /_/ \_\ |_|_\   |_|   |___| |___/ 

user tidak bisa login karena tidak mengisi password(login;user-tidak-bisa-login-karena-tidak-mengisi-password)
--------------------------------------------------------------------------------
10:02:22.964 [main] DEBUG net.thucydides.core.steps.StepInterceptor - STARTING STEP: LoginRegisterSteps.userBeradaDiHomepageAlta - diHomepageAltaShop
10:02:23.057 [main] INFO net.serenitybdd.core.webdriver.driverproviders.ChromeDriverProvider - Starting Chrome driver instance with capabilities:
10:02:23.058 [main] INFO net.serenitybdd.core.webdriver.driverproviders.ChromeDriverProvider - Capabilities {acceptInsecureCerts: true, browserName: chrome, goog:chromeOptions: {args: [remote-allow-origins=*, test-type, no-sandbox, ignore-certificate-errors, start-maximized, incognito, disable-infobars, disable-gpu, disable-default-apps, disable-popup-blocking, remote-allow-origins=*, test-type, no-sandbox, ignore-certificate-errors, start-maximized, incognito, disable-infobars, disable-gpu, disable-default-apps, disable-popup-blocking], extensions: []}}
10:02:23.244 [AsyncHttpClient-1-17] DEBUG org.asynchttpclient.netty.channel.NettyConnectListener - Using new Channel '[id: 0xf0d54c18, L:/127.0.0.1:49990 - R:localhost/127.0.0.1:12266]' for 'POST' to '/session'
10:02:25.621 [AsyncHttpClient-1-17] DEBUG org.asynchttpclient.netty.handler.HttpHandler - 

Request DefaultHttpRequest(decodeResult: success, version: HTTP/1.1)
POST /session HTTP/1.1
User-Agent: selenium/4.7.1 (java windows)
Content-Length: 1629
Content-Type: application/json; charset=utf-8
host: localhost:12266
accept: */*

Response DefaultHttpResponse(decodeResult: success, version: HTTP/1.1)
HTTP/1.1 200 OK
Content-Type: application/json; charset=utf-8
cache-control: no-cache
content-length: 855

10:02:25.621 [AsyncHttpClient-1-17] DEBUG org.asynchttpclient.netty.channel.ChannelManager - Adding key: http://localhost:12266 for channel [id: 0xf0d54c18, L:/127.0.0.1:49990 - R:localhost/127.0.0.1:12266]
10:02:25.632 [AsyncHttpClient-1-2] DEBUG org.asynchttpclient.netty.channel.NettyConnectListener - Using new Channel '[id: 0x391a9ce3, L:/127.0.0.1:49998 - R:localhost/127.0.0.1:49991]' for 'GET' to '/json/version'
10:02:25.633 [AsyncHttpClient-1-2] DEBUG org.asynchttpclient.netty.handler.HttpHandler - 

Request DefaultFullHttpRequest(decodeResult: success, version: HTTP/1.1, content: EmptyByteBufBE)
GET /json/version HTTP/1.1
User-Agent: selenium/4.7.1 (java windows)
host: localhost:49991
accept: */*

Response DefaultHttpResponse(decodeResult: success, version: HTTP/1.1)
HTTP/1.1 200 OK
Content-Security-Policy: frame-ancestors 'none'
Content-Type: application/json; charset=UTF-8
content-length: 424

10:02:25.633 [AsyncHttpClient-1-2] DEBUG org.asynchttpclient.netty.channel.ChannelManager - Adding key: http://localhost:49991 for channel [id: 0x391a9ce3, L:/127.0.0.1:49998 - R:localhost/127.0.0.1:49991]
10:02:25.639 [AsyncHttpClient-1-3] DEBUG org.asynchttpclient.netty.channel.NettyConnectListener - Using new Channel '[id: 0x0083c22d, L:/127.0.0.1:49999 - R:localhost/127.0.0.1:49991]' for 'GET' to '/devtools/browser/06f42acd-b20d-4e01-b192-779212b18229'
10:02:25.640 [AsyncHttpClient-1-3] DEBUG org.asynchttpclient.netty.handler.WebSocketHandler - 

Request DefaultFullHttpRequest(decodeResult: success, version: HTTP/1.1, content: EmptyByteBufBE)
GET /devtools/browser/06f42acd-b20d-4e01-b192-779212b18229 HTTP/1.1
upgrade: websocket
connection: upgrade
sec-websocket-key: NKrGYnBWs/Oq4+r2EvgLFg==
sec-websocket-version: 13
origin: http://localhost:49991
host: localhost:49991
accept: */*
user-agent: AHC/2.1

Response DefaultHttpResponse(decodeResult: success, version: HTTP/1.1)
HTTP/1.1 101 WebSocket Protocol Handshake
Upgrade: WebSocket
Connection: Upgrade
Sec-WebSocket-Accept: E6mPJlY2Fp8S46ELhscXKeZ5QCU=

10:02:25.650 [Forwarding get on session abb3ef736a65d013acf929ecce18fb40 to remote] DEBUG org.asynchttpclient.netty.request.NettyRequestSender - Using pooled Channel '[id: 0xf0d54c18, L:/127.0.0.1:49990 - R:localhost/127.0.0.1:12266]' for 'POST' to 'http://localhost:12266/session/abb3ef736a65d013acf929ecce18fb40/url'
10:02:25.650 [Forwarding get on session abb3ef736a65d013acf929ecce18fb40 to remote] DEBUG org.asynchttpclient.netty.request.NettyRequestSender - Using open Channel [id: 0xf0d54c18, L:/127.0.0.1:49990 - R:localhost/127.0.0.1:12266] for POST '/session/abb3ef736a65d013acf929ecce18fb40/url'
10:02:26.164 [AsyncHttpClient-1-1] DEBUG org.asynchttpclient.netty.channel.DefaultChannelPool - Entry count for : http://localhost:49991 : 1
10:02:26.582 [AsyncHttpClient-1-17] DEBUG org.asynchttpclient.netty.handler.HttpHandler - 

Request DefaultHttpRequest(decodeResult: success, version: HTTP/1.1)
POST /session/abb3ef736a65d013acf929ecce18fb40/url HTTP/1.1
User-Agent: selenium/4.7.1 (java windows)
Content-Length: 59
Content-Type: application/json; charset=utf-8
host: localhost:12266
accept: */*

Response DefaultHttpResponse(decodeResult: success, version: HTTP/1.1)
HTTP/1.1 200 OK
Content-Type: application/json; charset=utf-8
cache-control: no-cache
content-length: 14

10:02:26.582 [AsyncHttpClient-1-17] DEBUG org.asynchttpclient.netty.channel.ChannelManager - Adding key: http://localhost:12266 for channel [id: 0xf0d54c18, L:/127.0.0.1:49990 - R:localhost/127.0.0.1:12266]
10:02:26.586 [Forwarding setTimeout on session abb3ef736a65d013acf929ecce18fb40 to remote] DEBUG org.asynchttpclient.netty.request.NettyRequestSender - Using pooled Channel '[id: 0xf0d54c18, L:/127.0.0.1:49990 - R:localhost/127.0.0.1:12266]' for 'POST' to 'http://localhost:12266/session/abb3ef736a65d013acf929ecce18fb40/timeouts'
10:02:26.586 [Forwarding setTimeout on session abb3ef736a65d013acf929ecce18fb40 to remote] DEBUG org.asynchttpclient.netty.request.NettyRequestSender - Using open Channel [id: 0xf0d54c18, L:/127.0.0.1:49990 - R:localhost/127.0.0.1:12266] for POST '/session/abb3ef736a65d013acf929ecce18fb40/timeouts'
10:02:26.593 [AsyncHttpClient-1-17] DEBUG org.asynchttpclient.netty.handler.HttpHandler - 

Request DefaultHttpRequest(decodeResult: success, version: HTTP/1.1)
POST /session/abb3ef736a65d013acf929ecce18fb40/timeouts HTTP/1.1
User-Agent: selenium/4.7.1 (java windows)
Content-Length: 22
Content-Type: application/json; charset=utf-8
host: localhost:12266
accept: */*

Response DefaultHttpResponse(decodeResult: success, version: HTTP/1.1)
HTTP/1.1 200 OK
Content-Type: application/json; charset=utf-8
cache-control: no-cache
content-length: 14

10:02:26.594 [AsyncHttpClient-1-17] DEBUG org.asynchttpclient.netty.channel.ChannelManager - Adding key: http://localhost:12266 for channel [id: 0xf0d54c18, L:/127.0.0.1:49990 - R:localhost/127.0.0.1:12266]
10:02:26.601 [Forwarding getCurrentUrl on session abb3ef736a65d013acf929ecce18fb40 to remote] DEBUG org.asynchttpclient.netty.request.NettyRequestSender - Using pooled Channel '[id: 0xf0d54c18, L:/127.0.0.1:49990 - R:localhost/127.0.0.1:12266]' for 'GET' to 'http://localhost:12266/session/abb3ef736a65d013acf929ecce18fb40/url'
10:02:26.601 [Forwarding getCurrentUrl on session abb3ef736a65d013acf929ecce18fb40 to remote] DEBUG org.asynchttpclient.netty.request.NettyRequestSender - Using open Channel [id: 0xf0d54c18, L:/127.0.0.1:49990 - R:localhost/127.0.0.1:12266] for GET '/session/abb3ef736a65d013acf929ecce18fb40/url'
10:02:26.615 [AsyncHttpClient-1-17] DEBUG org.asynchttpclient.netty.handler.HttpHandler - 

Request DefaultFullHttpRequest(decodeResult: success, version: HTTP/1.1, content: EmptyByteBufBE)
GET /session/abb3ef736a65d013acf929ecce18fb40/url HTTP/1.1
User-Agent: selenium/4.7.1 (java windows)
Cache-Control: no-cache
Content-Type: application/json; charset=utf-8
host: localhost:12266
accept: */*

Response DefaultHttpResponse(decodeResult: success, version: HTTP/1.1)
HTTP/1.1 200 OK
Content-Type: application/json; charset=utf-8
cache-control: no-cache
content-length: 41

10:02:26.616 [AsyncHttpClient-1-17] DEBUG org.asynchttpclient.netty.channel.ChannelManager - Adding key: http://localhost:12266 for channel [id: 0xf0d54c18, L:/127.0.0.1:49990 - R:localhost/127.0.0.1:12266]
10:02:26.624 [Forwarding getCurrentUrl on session abb3ef736a65d013acf929ecce18fb40 to remote] DEBUG org.asynchttpclient.netty.request.NettyRequestSender - Using pooled Channel '[id: 0xf0d54c18, L:/127.0.0.1:49990 - R:localhost/127.0.0.1:12266]' for 'GET' to 'http://localhost:12266/session/abb3ef736a65d013acf929ecce18fb40/url'
10:02:26.624 [Forwarding getCurrentUrl on session abb3ef736a65d013acf929ecce18fb40 to remote] DEBUG org.asynchttpclient.netty.request.NettyRequestSender - Using open Channel [id: 0xf0d54c18, L:/127.0.0.1:49990 - R:localhost/127.0.0.1:12266] for GET '/session/abb3ef736a65d013acf929ecce18fb40/url'
10:02:27.266 [AsyncHttpClient-1-1] DEBUG org.asynchttpclient.netty.channel.DefaultChannelPool - Entry count for : http://localhost:49991 : 1
10:02:28.370 [AsyncHttpClient-1-1] DEBUG org.asynchttpclient.netty.channel.DefaultChannelPool - Entry count for : http://localhost:49991 : 1
10:02:29.232 [AsyncHttpClient-1-17] DEBUG org.asynchttpclient.netty.handler.HttpHandler - 

Request DefaultFullHttpRequest(decodeResult: success, version: HTTP/1.1, content: EmptyByteBufBE)
GET /session/abb3ef736a65d013acf929ecce18fb40/url HTTP/1.1
User-Agent: selenium/4.7.1 (java windows)
Cache-Control: no-cache
Content-Type: application/json; charset=utf-8
host: localhost:12266
accept: */*

Response DefaultHttpResponse(decodeResult: success, version: HTTP/1.1)
HTTP/1.1 200 OK
Content-Type: application/json; charset=utf-8
cache-control: no-cache
content-length: 41

10:02:29.232 [AsyncHttpClient-1-17] DEBUG org.asynchttpclient.netty.channel.ChannelManager - Adding key: http://localhost:12266 for channel [id: 0xf0d54c18, L:/127.0.0.1:49990 - R:localhost/127.0.0.1:12266]
10:02:29.237 [Forwarding findElement on session abb3ef736a65d013acf929ecce18fb40 to remote] DEBUG org.asynchttpclient.netty.request.NettyRequestSender - Using pooled Channel '[id: 0xf0d54c18, L:/127.0.0.1:49990 - R:localhost/127.0.0.1:12266]' for 'POST' to 'http://localhost:12266/session/abb3ef736a65d013acf929ecce18fb40/element'
10:02:29.238 [Forwarding findElement on session abb3ef736a65d013acf929ecce18fb40 to remote] DEBUG org.asynchttpclient.netty.request.NettyRequestSender - Using open Channel [id: 0xf0d54c18, L:/127.0.0.1:49990 - R:localhost/127.0.0.1:12266] for POST '/session/abb3ef736a65d013acf929ecce18fb40/element'
10:02:29.278 [AsyncHttpClient-1-17] DEBUG org.asynchttpclient.netty.handler.HttpHandler - 

Request DefaultHttpRequest(decodeResult: success, version: HTTP/1.1)
POST /session/abb3ef736a65d013acf929ecce18fb40/element HTTP/1.1
User-Agent: selenium/4.7.1 (java windows)
Content-Length: 108
Content-Type: application/json; charset=utf-8
host: localhost:12266
accept: */*

Response DefaultHttpResponse(decodeResult: success, version: HTTP/1.1)
HTTP/1.1 200 OK
Content-Type: application/json; charset=utf-8
cache-control: no-cache
content-length: 88

10:02:29.278 [AsyncHttpClient-1-17] DEBUG org.asynchttpclient.netty.channel.ChannelManager - Adding key: http://localhost:12266 for channel [id: 0xf0d54c18, L:/127.0.0.1:49990 - R:localhost/127.0.0.1:12266]
10:02:29.282 [Forwarding isElementDisplayed on session abb3ef736a65d013acf929ecce18fb40 to remote] DEBUG org.asynchttpclient.netty.request.NettyRequestSender - Using pooled Channel '[id: 0xf0d54c18, L:/127.0.0.1:49990 - R:localhost/127.0.0.1:12266]' for 'POST' to 'http://localhost:12266/session/abb3ef736a65d013acf929ecce18fb40/execute/sync'
10:02:29.282 [Forwarding isElementDisplayed on session abb3ef736a65d013acf929ecce18fb40 to remote] DEBUG org.asynchttpclient.netty.request.NettyRequestSender - Using open Channel [id: 0xf0d54c18, L:/127.0.0.1:49990 - R:localhost/127.0.0.1:12266] for POST '/session/abb3ef736a65d013acf929ecce18fb40/execute/sync'
10:02:29.301 [AsyncHttpClient-1-17] DEBUG org.asynchttpclient.netty.handler.HttpHandler - 

Request DefaultHttpRequest(decodeResult: success, version: HTTP/1.1)
POST /session/abb3ef736a65d013acf929ecce18fb40/execute/sync HTTP/1.1
User-Agent: selenium/4.7.1 (java windows)
Content-Length: 48780
Content-Type: application/json; charset=utf-8
host: localhost:12266
accept: */*

Response DefaultHttpResponse(decodeResult: success, version: HTTP/1.1)
HTTP/1.1 200 OK
Content-Type: application/json; charset=utf-8
cache-control: no-cache
content-length: 14

10:02:29.302 [AsyncHttpClient-1-17] DEBUG org.asynchttpclient.netty.channel.ChannelManager - Adding key: http://localhost:12266 for channel [id: 0xf0d54c18, L:/127.0.0.1:49990 - R:localhost/127.0.0.1:12266]
10:02:29.305 [Forwarding isElementDisplayed on session abb3ef736a65d013acf929ecce18fb40 to remote] DEBUG org.asynchttpclient.netty.request.NettyRequestSender - Using pooled Channel '[id: 0xf0d54c18, L:/127.0.0.1:49990 - R:localhost/127.0.0.1:12266]' for 'POST' to 'http://localhost:12266/session/abb3ef736a65d013acf929ecce18fb40/execute/sync'
10:02:29.305 [Forwarding isElementDisplayed on session abb3ef736a65d013acf929ecce18fb40 to remote] DEBUG org.asynchttpclient.netty.request.NettyRequestSender - Using open Channel [id: 0xf0d54c18, L:/127.0.0.1:49990 - R:localhost/127.0.0.1:12266] for POST '/session/abb3ef736a65d013acf929ecce18fb40/execute/sync'
10:02:29.323 [AsyncHttpClient-1-17] DEBUG org.asynchttpclient.netty.handler.HttpHandler - 

Request DefaultHttpRequest(decodeResult: success, version: HTTP/1.1)
POST /session/abb3ef736a65d013acf929ecce18fb40/execute/sync HTTP/1.1
User-Agent: selenium/4.7.1 (java windows)
Content-Length: 48780
Content-Type: application/json; charset=utf-8
host: localhost:12266
accept: */*

Response DefaultHttpResponse(decodeResult: success, version: HTTP/1.1)
HTTP/1.1 200 OK
Content-Type: application/json; charset=utf-8
cache-control: no-cache
content-length: 14

10:02:29.323 [AsyncHttpClient-1-17] DEBUG org.asynchttpclient.netty.channel.ChannelManager - Adding key: http://localhost:12266 for channel [id: 0xf0d54c18, L:/127.0.0.1:49990 - R:localhost/127.0.0.1:12266]
10:02:29.329 [Forwarding getCurrentWindowHandle on session abb3ef736a65d013acf929ecce18fb40 to remote] DEBUG org.asynchttpclient.netty.request.NettyRequestSender - Using pooled Channel '[id: 0xf0d54c18, L:/127.0.0.1:49990 - R:localhost/127.0.0.1:12266]' for 'GET' to 'http://localhost:12266/session/abb3ef736a65d013acf929ecce18fb40/window'
10:02:29.329 [Forwarding getCurrentWindowHandle on session abb3ef736a65d013acf929ecce18fb40 to remote] DEBUG org.asynchttpclient.netty.request.NettyRequestSender - Using open Channel [id: 0xf0d54c18, L:/127.0.0.1:49990 - R:localhost/127.0.0.1:12266] for GET '/session/abb3ef736a65d013acf929ecce18fb40/window'
10:02:29.330 [AsyncHttpClient-1-17] DEBUG org.asynchttpclient.netty.handler.HttpHandler - 

Request DefaultFullHttpRequest(decodeResult: success, version: HTTP/1.1, content: EmptyByteBufBE)
GET /session/abb3ef736a65d013acf929ecce18fb40/window HTTP/1.1
User-Agent: selenium/4.7.1 (java windows)
Cache-Control: no-cache
Content-Type: application/json; charset=utf-8
host: localhost:12266
accept: */*

Response DefaultHttpResponse(decodeResult: success, version: HTTP/1.1)
HTTP/1.1 200 OK
Content-Type: application/json; charset=utf-8
cache-control: no-cache
content-length: 44

10:02:29.331 [AsyncHttpClient-1-17] DEBUG org.asynchttpclient.netty.channel.ChannelManager - Adding key: http://localhost:12266 for channel [id: 0xf0d54c18, L:/127.0.0.1:49990 - R:localhost/127.0.0.1:12266]
10:02:29.332 [Forwarding getAlertText on session abb3ef736a65d013acf929ecce18fb40 to remote] DEBUG org.asynchttpclient.netty.request.NettyRequestSender - Using pooled Channel '[id: 0xf0d54c18, L:/127.0.0.1:49990 - R:localhost/127.0.0.1:12266]' for 'GET' to 'http://localhost:12266/session/abb3ef736a65d013acf929ecce18fb40/alert/text'
10:02:29.333 [Forwarding getAlertText on session abb3ef736a65d013acf929ecce18fb40 to remote] DEBUG org.asynchttpclient.netty.request.NettyRequestSender - Using open Channel [id: 0xf0d54c18, L:/127.0.0.1:49990 - R:localhost/127.0.0.1:12266] for GET '/session/abb3ef736a65d013acf929ecce18fb40/alert/text'
10:02:29.336 [AsyncHttpClient-1-17] DEBUG org.asynchttpclient.netty.handler.HttpHandler - 

Request DefaultFullHttpRequest(decodeResult: success, version: HTTP/1.1, content: EmptyByteBufBE)
GET /session/abb3ef736a65d013acf929ecce18fb40/alert/text HTTP/1.1
User-Agent: selenium/4.7.1 (java windows)
Cache-Control: no-cache
Content-Type: application/json; charset=utf-8
host: localhost:12266
accept: */*

Response DefaultHttpResponse(decodeResult: success, version: HTTP/1.1)
HTTP/1.1 404 Not Found
Content-Type: application/json; charset=utf-8
cache-control: no-cache
content-length: 821

10:02:29.336 [AsyncHttpClient-1-17] DEBUG org.asynchttpclient.netty.channel.ChannelManager - Adding key: http://localhost:12266 for channel [id: 0xf0d54c18, L:/127.0.0.1:49990 - R:localhost/127.0.0.1:12266]
10:02:29.339 [Forwarding switchToWindow on session abb3ef736a65d013acf929ecce18fb40 to remote] DEBUG org.asynchttpclient.netty.request.NettyRequestSender - Using pooled Channel '[id: 0xf0d54c18, L:/127.0.0.1:49990 - R:localhost/127.0.0.1:12266]' for 'POST' to 'http://localhost:12266/session/abb3ef736a65d013acf929ecce18fb40/window'
10:02:29.339 [Forwarding switchToWindow on session abb3ef736a65d013acf929ecce18fb40 to remote] DEBUG org.asynchttpclient.netty.request.NettyRequestSender - Using open Channel [id: 0xf0d54c18, L:/127.0.0.1:49990 - R:localhost/127.0.0.1:12266] for POST '/session/abb3ef736a65d013acf929ecce18fb40/window'
10:02:29.342 [AsyncHttpClient-1-17] DEBUG org.asynchttpclient.netty.handler.HttpHandler - 

Request DefaultHttpRequest(decodeResult: success, version: HTTP/1.1)
POST /session/abb3ef736a65d013acf929ecce18fb40/window HTTP/1.1
User-Agent: selenium/4.7.1 (java windows)
Content-Length: 50
Content-Type: application/json; charset=utf-8
host: localhost:12266
accept: */*

Response DefaultHttpResponse(decodeResult: success, version: HTTP/1.1)
HTTP/1.1 200 OK
Content-Type: application/json; charset=utf-8
cache-control: no-cache
content-length: 14

10:02:29.342 [AsyncHttpClient-1-17] DEBUG org.asynchttpclient.netty.channel.ChannelManager - Adding key: http://localhost:12266 for channel [id: 0xf0d54c18, L:/127.0.0.1:49990 - R:localhost/127.0.0.1:12266]
10:02:29.346 [Forwarding getCurrentUrl on session abb3ef736a65d013acf929ecce18fb40 to remote] DEBUG org.asynchttpclient.netty.request.NettyRequestSender - Using pooled Channel '[id: 0xf0d54c18, L:/127.0.0.1:49990 - R:localhost/127.0.0.1:12266]' for 'GET' to 'http://localhost:12266/session/abb3ef736a65d013acf929ecce18fb40/url'
10:02:29.347 [Forwarding getCurrentUrl on session abb3ef736a65d013acf929ecce18fb40 to remote] DEBUG org.asynchttpclient.netty.request.NettyRequestSender - Using open Channel [id: 0xf0d54c18, L:/127.0.0.1:49990 - R:localhost/127.0.0.1:12266] for GET '/session/abb3ef736a65d013acf929ecce18fb40/url'
10:02:29.353 [AsyncHttpClient-1-17] DEBUG org.asynchttpclient.netty.handler.HttpHandler - 

Request DefaultFullHttpRequest(decodeResult: success, version: HTTP/1.1, content: EmptyByteBufBE)
GET /session/abb3ef736a65d013acf929ecce18fb40/url HTTP/1.1
User-Agent: selenium/4.7.1 (java windows)
Cache-Control: no-cache
Content-Type: application/json; charset=utf-8
host: localhost:12266
accept: */*

Response DefaultHttpResponse(decodeResult: success, version: HTTP/1.1)
HTTP/1.1 200 OK
Content-Type: application/json; charset=utf-8
cache-control: no-cache
content-length: 41

10:02:29.353 [AsyncHttpClient-1-17] DEBUG org.asynchttpclient.netty.channel.ChannelManager - Adding key: http://localhost:12266 for channel [id: 0xf0d54c18, L:/127.0.0.1:49990 - R:localhost/127.0.0.1:12266]
10:02:29.355 [Forwarding screenshot on session abb3ef736a65d013acf929ecce18fb40 to remote] DEBUG org.asynchttpclient.netty.request.NettyRequestSender - Using pooled Channel '[id: 0xf0d54c18, L:/127.0.0.1:49990 - R:localhost/127.0.0.1:12266]' for 'GET' to 'http://localhost:12266/session/abb3ef736a65d013acf929ecce18fb40/screenshot'
10:02:29.355 [Forwarding screenshot on session abb3ef736a65d013acf929ecce18fb40 to remote] DEBUG org.asynchttpclient.netty.request.NettyRequestSender - Using open Channel [id: 0xf0d54c18, L:/127.0.0.1:49990 - R:localhost/127.0.0.1:12266] for GET '/session/abb3ef736a65d013acf929ecce18fb40/screenshot'
10:02:29.456 [AsyncHttpClient-1-17] DEBUG org.asynchttpclient.netty.handler.HttpHandler - 

Request DefaultFullHttpRequest(decodeResult: success, version: HTTP/1.1, content: EmptyByteBufBE)
GET /session/abb3ef736a65d013acf929ecce18fb40/screenshot HTTP/1.1
User-Agent: selenium/4.7.1 (java windows)
Cache-Control: no-cache
Content-Type: application/json; charset=utf-8
host: localhost:12266
accept: */*

Response DefaultHttpResponse(decodeResult: success, version: HTTP/1.1)
HTTP/1.1 200 OK
Content-Type: application/json; charset=utf-8
cache-control: no-cache
content-length: 116604

10:02:29.457 [AsyncHttpClient-1-17] DEBUG org.asynchttpclient.netty.channel.ChannelManager - Adding key: http://localhost:12266 for channel [id: 0xf0d54c18, L:/127.0.0.1:49990 - R:localhost/127.0.0.1:12266]
10:02:29.461 [main] DEBUG net.serenitybdd.core.photography.Darkroom - Send negative for processing for target\site\serenity\4df796af2a8bdb756d1884b1e063cc00b8bad9b7c3d312055b4347f07439074a.png
10:02:29.462 [main] DEBUG net.thucydides.core.steps.StepInterceptor - STEP DONE: diHomepageAltaShop
  &amp#27;[32mGiven &amp#27;[0m&amp#27;[32muser berada di Homepage AltaShop&amp#27;[0m                      &amp#27;[90m# starter.stepdefinitions.LoginRegisterSteps.userBeradaDiHomepageAlta()&amp#27;[0m
10:02:29.464 [AsyncHttpClient-1-1] DEBUG org.asynchttpclient.netty.channel.DefaultChannelPool - Entry count for : http://localhost:12266 : 1
10:02:29.464 [AsyncHttpClient-1-1] DEBUG org.asynchttpclient.netty.channel.DefaultChannelPool - Entry count for : http://localhost:49991 : 1
10:02:29.478 [main] DEBUG net.thucydides.core.steps.StepInterceptor - STARTING STEP: LoginRegisterSteps.userKlikButtonLogin - klikButtonLogin
10:02:29.482 [Forwarding findElement on session abb3ef736a65d013acf929ecce18fb40 to remote] DEBUG org.asynchttpclient.netty.request.NettyRequestSender - Using pooled Channel '[id: 0xf0d54c18, L:/127.0.0.1:49990 - R:localhost/127.0.0.1:12266]' for 'POST' to 'http://localhost:12266/session/abb3ef736a65d013acf929ecce18fb40/element'
10:02:29.482 [Forwarding findElement on session abb3ef736a65d013acf929ecce18fb40 to remote] DEBUG org.asynchttpclient.netty.request.NettyRequestSender - Using open Channel [id: 0xf0d54c18, L:/127.0.0.1:49990 - R:localhost/127.0.0.1:12266] for POST '/session/abb3ef736a65d013acf929ecce18fb40/element'
10:02:29.504 [AsyncHttpClient-1-17] DEBUG org.asynchttpclient.netty.handler.HttpHandler - 

Request DefaultHttpRequest(decodeResult: success, version: HTTP/1.1)
POST /session/abb3ef736a65d013acf929ecce18fb40/element HTTP/1.1
User-Agent: selenium/4.7.1 (java windows)
Content-Length: 108
Content-Type: application/json; charset=utf-8
host: localhost:12266
accept: */*

Response DefaultHttpResponse(decodeResult: success, version: HTTP/1.1)
HTTP/1.1 200 OK
Content-Type: application/json; charset=utf-8
cache-control: no-cache
content-length: 88

10:02:29.505 [AsyncHttpClient-1-17] DEBUG org.asynchttpclient.netty.channel.ChannelManager - Adding key: http://localhost:12266 for channel [id: 0xf0d54c18, L:/127.0.0.1:49990 - R:localhost/127.0.0.1:12266]
10:02:29.507 [Forwarding getElementTagName on session abb3ef736a65d013acf929ecce18fb40 to remote] DEBUG org.asynchttpclient.netty.request.NettyRequestSender - Using pooled Channel '[id: 0xf0d54c18, L:/127.0.0.1:49990 - R:localhost/127.0.0.1:12266]' for 'GET' to 'http://localhost:12266/session/abb3ef736a65d013acf929ecce18fb40/element/a3abcf70-e460-485c-badb-2d60cb57accb/name'
10:02:29.507 [Forwarding getElementTagName on session abb3ef736a65d013acf929ecce18fb40 to remote] DEBUG org.asynchttpclient.netty.request.NettyRequestSender - Using open Channel [id: 0xf0d54c18, L:/127.0.0.1:49990 - R:localhost/127.0.0.1:12266] for GET '/session/abb3ef736a65d013acf929ecce18fb40/element/a3abcf70-e460-485c-badb-2d60cb57accb/name'
10:02:29.515 [AsyncHttpClient-1-17] DEBUG org.asynchttpclient.netty.handler.HttpHandler - 

Request DefaultFullHttpRequest(decodeResult: success, version: HTTP/1.1, content: EmptyByteBufBE)
GET /session/abb3ef736a65d013acf929ecce18fb40/element/a3abcf70-e460-485c-badb-2d60cb57accb/name HTTP/1.1
User-Agent: selenium/4.7.1 (java windows)
Cache-Control: no-cache
Content-Type: application/json; charset=utf-8
host: localhost:12266
accept: */*

Response DefaultHttpResponse(decodeResult: success, version: HTTP/1.1)
HTTP/1.1 200 OK
Content-Type: application/json; charset=utf-8
cache-control: no-cache
content-length: 18

10:02:29.516 [AsyncHttpClient-1-17] DEBUG org.asynchttpclient.netty.channel.ChannelManager - Adding key: http://localhost:12266 for channel [id: 0xf0d54c18, L:/127.0.0.1:49990 - R:localhost/127.0.0.1:12266]
10:02:29.518 [Forwarding getElementTagName on session abb3ef736a65d013acf929ecce18fb40 to remote] DEBUG org.asynchttpclient.netty.request.NettyRequestSender - Using pooled Channel '[id: 0xf0d54c18, L:/127.0.0.1:49990 - R:localhost/127.0.0.1:12266]' for 'GET' to 'http://localhost:12266/session/abb3ef736a65d013acf929ecce18fb40/element/a3abcf70-e460-485c-badb-2d60cb57accb/name'
10:02:29.518 [Forwarding getElementTagName on session abb3ef736a65d013acf929ecce18fb40 to remote] DEBUG org.asynchttpclient.netty.request.NettyRequestSender - Using open Channel [id: 0xf0d54c18, L:/127.0.0.1:49990 - R:localhost/127.0.0.1:12266] for GET '/session/abb3ef736a65d013acf929ecce18fb40/element/a3abcf70-e460-485c-badb-2d60cb57accb/name'
10:02:29.525 [AsyncHttpClient-1-17] DEBUG org.asynchttpclient.netty.handler.HttpHandler - 

Request DefaultFullHttpRequest(decodeResult: success, version: HTTP/1.1, content: EmptyByteBufBE)
GET /session/abb3ef736a65d013acf929ecce18fb40/element/a3abcf70-e460-485c-badb-2d60cb57accb/name HTTP/1.1
User-Agent: selenium/4.7.1 (java windows)
Cache-Control: no-cache
Content-Type: application/json; charset=utf-8
host: localhost:12266
accept: */*

Response DefaultHttpResponse(decodeResult: success, version: HTTP/1.1)
HTTP/1.1 200 OK
Content-Type: application/json; charset=utf-8
cache-control: no-cache
content-length: 18

10:02:29.525 [AsyncHttpClient-1-17] DEBUG org.asynchttpclient.netty.channel.ChannelManager - Adding key: http://localhost:12266 for channel [id: 0xf0d54c18, L:/127.0.0.1:49990 - R:localhost/127.0.0.1:12266]
10:02:29.528 [Forwarding isElementEnabled on session abb3ef736a65d013acf929ecce18fb40 to remote] DEBUG org.asynchttpclient.netty.request.NettyRequestSender - Using pooled Channel '[id: 0xf0d54c18, L:/127.0.0.1:49990 - R:localhost/127.0.0.1:12266]' for 'GET' to 'http://localhost:12266/session/abb3ef736a65d013acf929ecce18fb40/element/a3abcf70-e460-485c-badb-2d60cb57accb/enabled'
10:02:29.528 [Forwarding isElementEnabled on session abb3ef736a65d013acf929ecce18fb40 to remote] DEBUG org.asynchttpclient.netty.request.NettyRequestSender - Using open Channel [id: 0xf0d54c18, L:/127.0.0.1:49990 - R:localhost/127.0.0.1:12266] for GET '/session/abb3ef736a65d013acf929ecce18fb40/element/a3abcf70-e460-485c-badb-2d60cb57accb/enabled'
10:02:29.543 [AsyncHttpClient-1-17] DEBUG org.asynchttpclient.netty.handler.HttpHandler - 

Request DefaultFullHttpRequest(decodeResult: success, version: HTTP/1.1, content: EmptyByteBufBE)
GET /session/abb3ef736a65d013acf929ecce18fb40/element/a3abcf70-e460-485c-badb-2d60cb57accb/enabled HTTP/1.1
User-Agent: selenium/4.7.1 (java windows)
Cache-Control: no-cache
Content-Type: application/json; charset=utf-8
host: localhost:12266
accept: */*

Response DefaultHttpResponse(decodeResult: success, version: HTTP/1.1)
HTTP/1.1 200 OK
Content-Type: application/json; charset=utf-8
cache-control: no-cache
content-length: 14

10:02:29.543 [AsyncHttpClient-1-17] DEBUG org.asynchttpclient.netty.channel.ChannelManager - Adding key: http://localhost:12266 for channel [id: 0xf0d54c18, L:/127.0.0.1:49990 - R:localhost/127.0.0.1:12266]
10:02:29.545 [Forwarding isElementEnabled on session abb3ef736a65d013acf929ecce18fb40 to remote] DEBUG org.asynchttpclient.netty.request.NettyRequestSender - Using pooled Channel '[id: 0xf0d54c18, L:/127.0.0.1:49990 - R:localhost/127.0.0.1:12266]' for 'GET' to 'http://localhost:12266/session/abb3ef736a65d013acf929ecce18fb40/element/a3abcf70-e460-485c-badb-2d60cb57accb/enabled'
10:02:29.545 [Forwarding isElementEnabled on session abb3ef736a65d013acf929ecce18fb40 to remote] DEBUG org.asynchttpclient.netty.request.NettyRequestSender - Using open Channel [id: 0xf0d54c18, L:/127.0.0.1:49990 - R:localhost/127.0.0.1:12266] for GET '/session/abb3ef736a65d013acf929ecce18fb40/element/a3abcf70-e460-485c-badb-2d60cb57accb/enabled'
10:02:29.555 [AsyncHttpClient-1-17] DEBUG org.asynchttpclient.netty.handler.HttpHandler - 

Request DefaultFullHttpRequest(decodeResult: success, version: HTTP/1.1, content: EmptyByteBufBE)
GET /session/abb3ef736a65d013acf929ecce18fb40/element/a3abcf70-e460-485c-badb-2d60cb57accb/enabled HTTP/1.1
User-Agent: selenium/4.7.1 (java windows)
Cache-Control: no-cache
Content-Type: application/json; charset=utf-8
host: localhost:12266
accept: */*

Response DefaultHttpResponse(decodeResult: success, version: HTTP/1.1)
HTTP/1.1 200 OK
Content-Type: application/json; charset=utf-8
cache-control: no-cache
content-length: 14

10:02:29.556 [AsyncHttpClient-1-17] DEBUG org.asynchttpclient.netty.channel.ChannelManager - Adding key: http://localhost:12266 for channel [id: 0xf0d54c18, L:/127.0.0.1:49990 - R:localhost/127.0.0.1:12266]
10:02:29.559 [Forwarding findElement on session abb3ef736a65d013acf929ecce18fb40 to remote] DEBUG org.asynchttpclient.netty.request.NettyRequestSender - Using pooled Channel '[id: 0xf0d54c18, L:/127.0.0.1:49990 - R:localhost/127.0.0.1:12266]' for 'POST' to 'http://localhost:12266/session/abb3ef736a65d013acf929ecce18fb40/element'
10:02:29.560 [Forwarding findElement on session abb3ef736a65d013acf929ecce18fb40 to remote] DEBUG org.asynchttpclient.netty.request.NettyRequestSender - Using open Channel [id: 0xf0d54c18, L:/127.0.0.1:49990 - R:localhost/127.0.0.1:12266] for POST '/session/abb3ef736a65d013acf929ecce18fb40/element'
10:02:29.594 [AsyncHttpClient-1-17] DEBUG org.asynchttpclient.netty.handler.HttpHandler - 

Request DefaultHttpRequest(decodeResult: success, version: HTTP/1.1)
POST /session/abb3ef736a65d013acf929ecce18fb40/element HTTP/1.1
User-Agent: selenium/4.7.1 (java windows)
Content-Length: 108
Content-Type: application/json; charset=utf-8
host: localhost:12266
accept: */*

Response DefaultHttpResponse(decodeResult: success, version: HTTP/1.1)
HTTP/1.1 200 OK
Content-Type: application/json; charset=utf-8
cache-control: no-cache
content-length: 88

10:02:29.594 [AsyncHttpClient-1-17] DEBUG org.asynchttpclient.netty.channel.ChannelManager - Adding key: http://localhost:12266 for channel [id: 0xf0d54c18, L:/127.0.0.1:49990 - R:localhost/127.0.0.1:12266]
10:02:29.597 [Forwarding clickElement on session abb3ef736a65d013acf929ecce18fb40 to remote] DEBUG org.asynchttpclient.netty.request.NettyRequestSender - Using pooled Channel '[id: 0xf0d54c18, L:/127.0.0.1:49990 - R:localhost/127.0.0.1:12266]' for 'POST' to 'http://localhost:12266/session/abb3ef736a65d013acf929ecce18fb40/element/a3abcf70-e460-485c-badb-2d60cb57accb/click'
10:02:29.597 [Forwarding clickElement on session abb3ef736a65d013acf929ecce18fb40 to remote] DEBUG org.asynchttpclient.netty.request.NettyRequestSender - Using open Channel [id: 0xf0d54c18, L:/127.0.0.1:49990 - R:localhost/127.0.0.1:12266] for POST '/session/abb3ef736a65d013acf929ecce18fb40/element/a3abcf70-e460-485c-badb-2d60cb57accb/click'
10:02:29.702 [AsyncHttpClient-1-17] DEBUG org.asynchttpclient.netty.handler.HttpHandler - 

Request DefaultHttpRequest(decodeResult: success, version: HTTP/1.1)
POST /session/abb3ef736a65d013acf929ecce18fb40/element/a3abcf70-e460-485c-badb-2d60cb57accb/click HTTP/1.1
User-Agent: selenium/4.7.1 (java windows)
Content-Length: 50
Content-Type: application/json; charset=utf-8
host: localhost:12266
accept: */*

Response DefaultHttpResponse(decodeResult: success, version: HTTP/1.1)
HTTP/1.1 200 OK
Content-Type: application/json; charset=utf-8
cache-control: no-cache
content-length: 14

10:02:29.702 [AsyncHttpClient-1-17] DEBUG org.asynchttpclient.netty.channel.ChannelManager - Adding key: http://localhost:12266 for channel [id: 0xf0d54c18, L:/127.0.0.1:49990 - R:localhost/127.0.0.1:12266]
10:02:29.720 [Forwarding getCurrentWindowHandle on session abb3ef736a65d013acf929ecce18fb40 to remote] DEBUG org.asynchttpclient.netty.request.NettyRequestSender - Using pooled Channel '[id: 0xf0d54c18, L:/127.0.0.1:49990 - R:localhost/127.0.0.1:12266]' for 'GET' to 'http://localhost:12266/session/abb3ef736a65d013acf929ecce18fb40/window'
10:02:29.721 [Forwarding getCurrentWindowHandle on session abb3ef736a65d013acf929ecce18fb40 to remote] DEBUG org.asynchttpclient.netty.request.NettyRequestSender - Using open Channel [id: 0xf0d54c18, L:/127.0.0.1:49990 - R:localhost/127.0.0.1:12266] for GET '/session/abb3ef736a65d013acf929ecce18fb40/window'
10:02:29.722 [AsyncHttpClient-1-17] DEBUG org.asynchttpclient.netty.handler.HttpHandler - 

Request DefaultFullHttpRequest(decodeResult: success, version: HTTP/1.1, content: EmptyByteBufBE)
GET /session/abb3ef736a65d013acf929ecce18fb40/window HTTP/1.1
User-Agent: selenium/4.7.1 (java windows)
Cache-Control: no-cache
Content-Type: application/json; charset=utf-8
host: localhost:12266
accept: */*

Response DefaultHttpResponse(decodeResult: success, version: HTTP/1.1)
HTTP/1.1 200 OK
Content-Type: application/json; charset=utf-8
cache-control: no-cache
content-length: 44

10:02:29.723 [AsyncHttpClient-1-17] DEBUG org.asynchttpclient.netty.channel.ChannelManager - Adding key: http://localhost:12266 for channel [id: 0xf0d54c18, L:/127.0.0.1:49990 - R:localhost/127.0.0.1:12266]
10:02:29.726 [Forwarding getAlertText on session abb3ef736a65d013acf929ecce18fb40 to remote] DEBUG org.asynchttpclient.netty.request.NettyRequestSender - Using pooled Channel '[id: 0xf0d54c18, L:/127.0.0.1:49990 - R:localhost/127.0.0.1:12266]' for 'GET' to 'http://localhost:12266/session/abb3ef736a65d013acf929ecce18fb40/alert/text'
10:02:29.726 [Forwarding getAlertText on session abb3ef736a65d013acf929ecce18fb40 to remote] DEBUG org.asynchttpclient.netty.request.NettyRequestSender - Using open Channel [id: 0xf0d54c18, L:/127.0.0.1:49990 - R:localhost/127.0.0.1:12266] for GET '/session/abb3ef736a65d013acf929ecce18fb40/alert/text'
10:02:29.917 [AsyncHttpClient-1-17] DEBUG org.asynchttpclient.netty.handler.HttpHandler - 

Request DefaultFullHttpRequest(decodeResult: success, version: HTTP/1.1, content: EmptyByteBufBE)
GET /session/abb3ef736a65d013acf929ecce18fb40/alert/text HTTP/1.1
User-Agent: selenium/4.7.1 (java windows)
Cache-Control: no-cache
Content-Type: application/json; charset=utf-8
host: localhost:12266
accept: */*

Response DefaultHttpResponse(decodeResult: success, version: HTTP/1.1)
HTTP/1.1 404 Not Found
Content-Type: application/json; charset=utf-8
cache-control: no-cache
content-length: 821

10:02:29.917 [AsyncHttpClient-1-17] DEBUG org.asynchttpclient.netty.channel.ChannelManager - Adding key: http://localhost:12266 for channel [id: 0xf0d54c18, L:/127.0.0.1:49990 - R:localhost/127.0.0.1:12266]
10:02:29.921 [Forwarding switchToWindow on session abb3ef736a65d013acf929ecce18fb40 to remote] DEBUG org.asynchttpclient.netty.request.NettyRequestSender - Using pooled Channel '[id: 0xf0d54c18, L:/127.0.0.1:49990 - R:localhost/127.0.0.1:12266]' for 'POST' to 'http://localhost:12266/session/abb3ef736a65d013acf929ecce18fb40/window'
10:02:29.921 [Forwarding switchToWindow on session abb3ef736a65d013acf929ecce18fb40 to remote] DEBUG org.asynchttpclient.netty.request.NettyRequestSender - Using open Channel [id: 0xf0d54c18, L:/127.0.0.1:49990 - R:localhost/127.0.0.1:12266] for POST '/session/abb3ef736a65d013acf929ecce18fb40/window'
10:02:29.924 [AsyncHttpClient-1-17] DEBUG org.asynchttpclient.netty.handler.HttpHandler - 

Request DefaultHttpRequest(decodeResult: success, version: HTTP/1.1)
POST /session/abb3ef736a65d013acf929ecce18fb40/window HTTP/1.1
User-Agent: selenium/4.7.1 (java windows)
Content-Length: 50
Content-Type: application/json; charset=utf-8
host: localhost:12266
accept: */*

Response DefaultHttpResponse(decodeResult: success, version: HTTP/1.1)
HTTP/1.1 200 OK
Content-Type: application/json; charset=utf-8
cache-control: no-cache
content-length: 14

10:02:29.925 [AsyncHttpClient-1-17] DEBUG org.asynchttpclient.netty.channel.ChannelManager - Adding key: http://localhost:12266 for channel [id: 0xf0d54c18, L:/127.0.0.1:49990 - R:localhost/127.0.0.1:12266]
10:02:29.926 [Forwarding getCurrentUrl on session abb3ef736a65d013acf929ecce18fb40 to remote] DEBUG org.asynchttpclient.netty.request.NettyRequestSender - Using pooled Channel '[id: 0xf0d54c18, L:/127.0.0.1:49990 - R:localhost/127.0.0.1:12266]' for 'GET' to 'http://localhost:12266/session/abb3ef736a65d013acf929ecce18fb40/url'
10:02:29.926 [Forwarding getCurrentUrl on session abb3ef736a65d013acf929ecce18fb40 to remote] DEBUG org.asynchttpclient.netty.request.NettyRequestSender - Using open Channel [id: 0xf0d54c18, L:/127.0.0.1:49990 - R:localhost/127.0.0.1:12266] for GET '/session/abb3ef736a65d013acf929ecce18fb40/url'
10:02:29.932 [AsyncHttpClient-1-17] DEBUG org.asynchttpclient.netty.handler.HttpHandler - 

Request DefaultFullHttpRequest(decodeResult: success, version: HTTP/1.1, content: EmptyByteBufBE)
GET /session/abb3ef736a65d013acf929ecce18fb40/url HTTP/1.1
User-Agent: selenium/4.7.1 (java windows)
Cache-Control: no-cache
Content-Type: application/json; charset=utf-8
host: localhost:12266
accept: */*

Response DefaultHttpResponse(decodeResult: success, version: HTTP/1.1)
HTTP/1.1 200 OK
Content-Type: application/json; charset=utf-8
cache-control: no-cache
content-length: 51

10:02:29.932 [AsyncHttpClient-1-17] DEBUG org.asynchttpclient.netty.channel.ChannelManager - Adding key: http://localhost:12266 for channel [id: 0xf0d54c18, L:/127.0.0.1:49990 - R:localhost/127.0.0.1:12266]
10:02:29.934 [Forwarding screenshot on session abb3ef736a65d013acf929ecce18fb40 to remote] DEBUG org.asynchttpclient.netty.request.NettyRequestSender - Using pooled Channel '[id: 0xf0d54c18, L:/127.0.0.1:49990 - R:localhost/127.0.0.1:12266]' for 'GET' to 'http://localhost:12266/session/abb3ef736a65d013acf929ecce18fb40/screenshot'
10:02:29.934 [Forwarding screenshot on session abb3ef736a65d013acf929ecce18fb40 to remote] DEBUG org.asynchttpclient.netty.request.NettyRequestSender - Using open Channel [id: 0xf0d54c18, L:/127.0.0.1:49990 - R:localhost/127.0.0.1:12266] for GET '/session/abb3ef736a65d013acf929ecce18fb40/screenshot'
10:02:30.135 [AsyncHttpClient-1-17] DEBUG org.asynchttpclient.netty.handler.HttpHandler - 

Request DefaultFullHttpRequest(decodeResult: success, version: HTTP/1.1, content: EmptyByteBufBE)
GET /session/abb3ef736a65d013acf929ecce18fb40/screenshot HTTP/1.1
User-Agent: selenium/4.7.1 (java windows)
Cache-Control: no-cache
Content-Type: application/json; charset=utf-8
host: localhost:12266
accept: */*

Response DefaultHttpResponse(decodeResult: success, version: HTTP/1.1)
HTTP/1.1 200 OK
Content-Type: application/json; charset=utf-8
cache-control: no-cache
content-length: 26288

10:02:30.136 [AsyncHttpClient-1-17] DEBUG org.asynchttpclient.netty.channel.ChannelManager - Adding key: http://localhost:12266 for channel [id: 0xf0d54c18, L:/127.0.0.1:49990 - R:localhost/127.0.0.1:12266]
10:02:30.138 [main] DEBUG net.serenitybdd.core.photography.Darkroom - Send negative for processing for target\site\serenity\7bd43fa67919567c000e02fd0aadda8dc06bdbed9ce8179c722e49676772830f.png
10:02:30.139 [Darkroom Processing Line] DEBUG net.serenitybdd.core.photography.DarkroomProcessingLine - Processing screenshot image in /var/screenshots/screenshot-2165199453341716333
10:02:30.139 [main] DEBUG net.thucydides.core.steps.StepInterceptor - STEP DONE: klikButtonLogin
10:02:30.139 [Darkroom Processing Line] DEBUG net.serenitybdd.core.photography.DarkroomProcessingLine - Saving screenshot to target\site\serenity\7bd43fa67919567c000e02fd0aadda8dc06bdbed9ce8179c722e49676772830f.png
  &amp#27;[32mWhen &amp#27;[0m&amp#27;[32muser klik button login&amp#27;[0m                                 &amp#27;[90m# starter.stepdefinitions.LoginRegisterSteps.userKlikButtonLogin()&amp#27;[0m
10:02:30.156 [main] DEBUG net.thucydides.core.steps.StepInterceptor - STARTING STEP: LoginRegisterSteps.userInputEmailValid - inputEmail
10:02:30.159 [Forwarding findElement on session abb3ef736a65d013acf929ecce18fb40 to remote] DEBUG org.asynchttpclient.netty.request.NettyRequestSender - Using pooled Channel '[id: 0xf0d54c18, L:/127.0.0.1:49990 - R:localhost/127.0.0.1:12266]' for 'POST' to 'http://localhost:12266/session/abb3ef736a65d013acf929ecce18fb40/element'
10:02:30.159 [Forwarding findElement on session abb3ef736a65d013acf929ecce18fb40 to remote] DEBUG org.asynchttpclient.netty.request.NettyRequestSender - Using open Channel [id: 0xf0d54c18, L:/127.0.0.1:49990 - R:localhost/127.0.0.1:12266] for POST '/session/abb3ef736a65d013acf929ecce18fb40/element'
10:02:30.177 [AsyncHttpClient-1-17] DEBUG org.asynchttpclient.netty.handler.HttpHandler - 

Request DefaultHttpRequest(decodeResult: success, version: HTTP/1.1)
POST /session/abb3ef736a65d013acf929ecce18fb40/element HTTP/1.1
User-Agent: selenium/4.7.1 (java windows)
Content-Length: 187
Content-Type: application/json; charset=utf-8
host: localhost:12266
accept: */*

Response DefaultHttpResponse(decodeResult: success, version: HTTP/1.1)
HTTP/1.1 200 OK
Content-Type: application/json; charset=utf-8
cache-control: no-cache
content-length: 88

10:02:30.177 [AsyncHttpClient-1-17] DEBUG org.asynchttpclient.netty.channel.ChannelManager - Adding key: http://localhost:12266 for channel [id: 0xf0d54c18, L:/127.0.0.1:49990 - R:localhost/127.0.0.1:12266]
10:02:30.180 [Forwarding clearElement on session abb3ef736a65d013acf929ecce18fb40 to remote] DEBUG org.asynchttpclient.netty.request.NettyRequestSender - Using pooled Channel '[id: 0xf0d54c18, L:/127.0.0.1:49990 - R:localhost/127.0.0.1:12266]' for 'POST' to 'http://localhost:12266/session/abb3ef736a65d013acf929ecce18fb40/element/e4ee3407-a1e6-4099-a3eb-19173f49446a/clear'
10:02:30.180 [Forwarding clearElement on session abb3ef736a65d013acf929ecce18fb40 to remote] DEBUG org.asynchttpclient.netty.request.NettyRequestSender - Using open Channel [id: 0xf0d54c18, L:/127.0.0.1:49990 - R:localhost/127.0.0.1:12266] for POST '/session/abb3ef736a65d013acf929ecce18fb40/element/e4ee3407-a1e6-4099-a3eb-19173f49446a/clear'
10:02:30.243 [AsyncHttpClient-1-17] DEBUG org.asynchttpclient.netty.handler.HttpHandler - 

Request DefaultHttpRequest(decodeResult: success, version: HTTP/1.1)
POST /session/abb3ef736a65d013acf929ecce18fb40/element/e4ee3407-a1e6-4099-a3eb-19173f49446a/clear HTTP/1.1
User-Agent: selenium/4.7.1 (java windows)
Content-Length: 50
Content-Type: application/json; charset=utf-8
host: localhost:12266
accept: */*

Response DefaultHttpResponse(decodeResult: success, version: HTTP/1.1)
HTTP/1.1 200 OK
Content-Type: application/json; charset=utf-8
cache-control: no-cache
content-length: 14

10:02:30.244 [AsyncHttpClient-1-17] DEBUG org.asynchttpclient.netty.channel.ChannelManager - Adding key: http://localhost:12266 for channel [id: 0xf0d54c18, L:/127.0.0.1:49990 - R:localhost/127.0.0.1:12266]
10:02:30.246 [Forwarding sendKeysToElement on session abb3ef736a65d013acf929ecce18fb40 to remote] DEBUG org.asynchttpclient.netty.request.NettyRequestSender - Using pooled Channel '[id: 0xf0d54c18, L:/127.0.0.1:49990 - R:localhost/127.0.0.1:12266]' for 'POST' to 'http://localhost:12266/session/abb3ef736a65d013acf929ecce18fb40/element/e4ee3407-a1e6-4099-a3eb-19173f49446a/value'
10:02:30.247 [Forwarding sendKeysToElement on session abb3ef736a65d013acf929ecce18fb40 to remote] DEBUG org.asynchttpclient.netty.request.NettyRequestSender - Using open Channel [id: 0xf0d54c18, L:/127.0.0.1:49990 - R:localhost/127.0.0.1:12266] for POST '/session/abb3ef736a65d013acf929ecce18fb40/element/e4ee3407-a1e6-4099-a3eb-19173f49446a/value'
10:02:30.458 [AsyncHttpClient-1-17] DEBUG org.asynchttpclient.netty.handler.HttpHandler - 

Request DefaultHttpRequest(decodeResult: success, version: HTTP/1.1)
POST /session/abb3ef736a65d013acf929ecce18fb40/element/e4ee3407-a1e6-4099-a3eb-19173f49446a/value HTTP/1.1
User-Agent: selenium/4.7.1 (java windows)
Content-Length: 211
Content-Type: application/json; charset=utf-8
host: localhost:12266
accept: */*

Response DefaultHttpResponse(decodeResult: success, version: HTTP/1.1)
HTTP/1.1 200 OK
Content-Type: application/json; charset=utf-8
cache-control: no-cache
content-length: 14

10:02:30.458 [AsyncHttpClient-1-17] DEBUG org.asynchttpclient.netty.channel.ChannelManager - Adding key: http://localhost:12266 for channel [id: 0xf0d54c18, L:/127.0.0.1:49990 - R:localhost/127.0.0.1:12266]
10:02:30.467 [Forwarding getCurrentWindowHandle on session abb3ef736a65d013acf929ecce18fb40 to remote] DEBUG org.asynchttpclient.netty.request.NettyRequestSender - Using pooled Channel '[id: 0xf0d54c18, L:/127.0.0.1:49990 - R:localhost/127.0.0.1:12266]' for 'GET' to 'http://localhost:12266/session/abb3ef736a65d013acf929ecce18fb40/window'
10:02:30.467 [Forwarding getCurrentWindowHandle on session abb3ef736a65d013acf929ecce18fb40 to remote] DEBUG org.asynchttpclient.netty.request.NettyRequestSender - Using open Channel [id: 0xf0d54c18, L:/127.0.0.1:49990 - R:localhost/127.0.0.1:12266] for GET '/session/abb3ef736a65d013acf929ecce18fb40/window'
10:02:30.468 [AsyncHttpClient-1-17] DEBUG org.asynchttpclient.netty.handler.HttpHandler - 

Request DefaultFullHttpRequest(decodeResult: success, version: HTTP/1.1, content: EmptyByteBufBE)
GET /session/abb3ef736a65d013acf929ecce18fb40/window HTTP/1.1
User-Agent: selenium/4.7.1 (java windows)
Cache-Control: no-cache
Content-Type: application/json; charset=utf-8
host: localhost:12266
accept: */*

Response DefaultHttpResponse(decodeResult: success, version: HTTP/1.1)
HTTP/1.1 200 OK
Content-Type: application/json; charset=utf-8
cache-control: no-cache
content-length: 44

10:02:30.468 [AsyncHttpClient-1-17] DEBUG org.asynchttpclient.netty.channel.ChannelManager - Adding key: http://localhost:12266 for channel [id: 0xf0d54c18, L:/127.0.0.1:49990 - R:localhost/127.0.0.1:12266]
10:02:30.471 [Forwarding getAlertText on session abb3ef736a65d013acf929ecce18fb40 to remote] DEBUG org.asynchttpclient.netty.request.NettyRequestSender - Using pooled Channel '[id: 0xf0d54c18, L:/127.0.0.1:49990 - R:localhost/127.0.0.1:12266]' for 'GET' to 'http://localhost:12266/session/abb3ef736a65d013acf929ecce18fb40/alert/text'
10:02:30.472 [Forwarding getAlertText on session abb3ef736a65d013acf929ecce18fb40 to remote] DEBUG org.asynchttpclient.netty.request.NettyRequestSender - Using open Channel [id: 0xf0d54c18, L:/127.0.0.1:49990 - R:localhost/127.0.0.1:12266] for GET '/session/abb3ef736a65d013acf929ecce18fb40/alert/text'
10:02:30.475 [AsyncHttpClient-1-17] DEBUG org.asynchttpclient.netty.handler.HttpHandler - 

Request DefaultFullHttpRequest(decodeResult: success, version: HTTP/1.1, content: EmptyByteBufBE)
GET /session/abb3ef736a65d013acf929ecce18fb40/alert/text HTTP/1.1
User-Agent: selenium/4.7.1 (java windows)
Cache-Control: no-cache
Content-Type: application/json; charset=utf-8
host: localhost:12266
accept: */*

Response DefaultHttpResponse(decodeResult: success, version: HTTP/1.1)
HTTP/1.1 404 Not Found
Content-Type: application/json; charset=utf-8
cache-control: no-cache
content-length: 821

10:02:30.475 [AsyncHttpClient-1-17] DEBUG org.asynchttpclient.netty.channel.ChannelManager - Adding key: http://localhost:12266 for channel [id: 0xf0d54c18, L:/127.0.0.1:49990 - R:localhost/127.0.0.1:12266]
10:02:30.478 [Forwarding switchToWindow on session abb3ef736a65d013acf929ecce18fb40 to remote] DEBUG org.asynchttpclient.netty.request.NettyRequestSender - Using pooled Channel '[id: 0xf0d54c18, L:/127.0.0.1:49990 - R:localhost/127.0.0.1:12266]' for 'POST' to 'http://localhost:12266/session/abb3ef736a65d013acf929ecce18fb40/window'
10:02:30.478 [Forwarding switchToWindow on session abb3ef736a65d013acf929ecce18fb40 to remote] DEBUG org.asynchttpclient.netty.request.NettyRequestSender - Using open Channel [id: 0xf0d54c18, L:/127.0.0.1:49990 - R:localhost/127.0.0.1:12266] for POST '/session/abb3ef736a65d013acf929ecce18fb40/window'
10:02:30.481 [AsyncHttpClient-1-17] DEBUG org.asynchttpclient.netty.handler.HttpHandler - 

Request DefaultHttpRequest(decodeResult: success, version: HTTP/1.1)
POST /session/abb3ef736a65d013acf929ecce18fb40/window HTTP/1.1
User-Agent: selenium/4.7.1 (java windows)
Content-Length: 50
Content-Type: application/json; charset=utf-8
host: localhost:12266
accept: */*

Response DefaultHttpResponse(decodeResult: success, version: HTTP/1.1)
HTTP/1.1 200 OK
Content-Type: application/json; charset=utf-8
cache-control: no-cache
content-length: 14

10:02:30.482 [AsyncHttpClient-1-17] DEBUG org.asynchttpclient.netty.channel.ChannelManager - Adding key: http://localhost:12266 for channel [id: 0xf0d54c18, L:/127.0.0.1:49990 - R:localhost/127.0.0.1:12266]
10:02:30.483 [Forwarding getCurrentUrl on session abb3ef736a65d013acf929ecce18fb40 to remote] DEBUG org.asynchttpclient.netty.request.NettyRequestSender - Using pooled Channel '[id: 0xf0d54c18, L:/127.0.0.1:49990 - R:localhost/127.0.0.1:12266]' for 'GET' to 'http://localhost:12266/session/abb3ef736a65d013acf929ecce18fb40/url'
10:02:30.483 [Forwarding getCurrentUrl on session abb3ef736a65d013acf929ecce18fb40 to remote] DEBUG org.asynchttpclient.netty.request.NettyRequestSender - Using open Channel [id: 0xf0d54c18, L:/127.0.0.1:49990 - R:localhost/127.0.0.1:12266] for GET '/session/abb3ef736a65d013acf929ecce18fb40/url'
10:02:30.492 [AsyncHttpClient-1-17] DEBUG org.asynchttpclient.netty.handler.HttpHandler - 

Request DefaultFullHttpRequest(decodeResult: success, version: HTTP/1.1, content: EmptyByteBufBE)
GET /session/abb3ef736a65d013acf929ecce18fb40/url HTTP/1.1
User-Agent: selenium/4.7.1 (java windows)
Cache-Control: no-cache
Content-Type: application/json; charset=utf-8
host: localhost:12266
accept: */*

Response DefaultHttpResponse(decodeResult: success, version: HTTP/1.1)
HTTP/1.1 200 OK
Content-Type: application/json; charset=utf-8
cache-control: no-cache
content-length: 51

10:02:30.492 [AsyncHttpClient-1-17] DEBUG org.asynchttpclient.netty.channel.ChannelManager - Adding key: http://localhost:12266 for channel [id: 0xf0d54c18, L:/127.0.0.1:49990 - R:localhost/127.0.0.1:12266]
10:02:30.493 [Forwarding screenshot on session abb3ef736a65d013acf929ecce18fb40 to remote] DEBUG org.asynchttpclient.netty.request.NettyRequestSender - Using pooled Channel '[id: 0xf0d54c18, L:/127.0.0.1:49990 - R:localhost/127.0.0.1:12266]' for 'GET' to 'http://localhost:12266/session/abb3ef736a65d013acf929ecce18fb40/screenshot'
10:02:30.493 [Forwarding screenshot on session abb3ef736a65d013acf929ecce18fb40 to remote] DEBUG org.asynchttpclient.netty.request.NettyRequestSender - Using open Channel [id: 0xf0d54c18, L:/127.0.0.1:49990 - R:localhost/127.0.0.1:12266] for GET '/session/abb3ef736a65d013acf929ecce18fb40/screenshot'
10:02:30.565 [AsyncHttpClient-1-1] DEBUG org.asynchttpclient.netty.channel.DefaultChannelPool - Entry count for : http://localhost:49991 : 1
10:02:30.598 [AsyncHttpClient-1-17] DEBUG org.asynchttpclient.netty.handler.HttpHandler - 

Request DefaultFullHttpRequest(decodeResult: success, version: HTTP/1.1, content: EmptyByteBufBE)
GET /session/abb3ef736a65d013acf929ecce18fb40/screenshot HTTP/1.1
User-Agent: selenium/4.7.1 (java windows)
Cache-Control: no-cache
Content-Type: application/json; charset=utf-8
host: localhost:12266
accept: */*

Response DefaultHttpResponse(decodeResult: success, version: HTTP/1.1)
HTTP/1.1 200 OK
Content-Type: application/json; charset=utf-8
cache-control: no-cache
content-length: 29848

10:02:30.599 [AsyncHttpClient-1-17] DEBUG org.asynchttpclient.netty.channel.ChannelManager - Adding key: http://localhost:12266 for channel [id: 0xf0d54c18, L:/127.0.0.1:49990 - R:localhost/127.0.0.1:12266]
10:02:30.601 [main] DEBUG net.serenitybdd.core.photography.Darkroom - Send negative for processing for target\site\serenity\4ffb115cc339639f273eb769cd93bc4ab3def2b721bfc084ebc7bd77a10be87b.png
10:02:30.602 [main] DEBUG net.thucydides.core.steps.StepInterceptor - STEP DONE: inputEmail
10:02:30.602 [Darkroom Processing Line] DEBUG net.serenitybdd.core.photography.DarkroomProcessingLine - Processing screenshot image in /var/screenshots/screenshot-13333719539768930609
10:02:30.602 [Darkroom Processing Line] DEBUG net.serenitybdd.core.photography.DarkroomProcessingLine - Saving screenshot to target\site\serenity\4ffb115cc339639f273eb769cd93bc4ab3def2b721bfc084ebc7bd77a10be87b.png
  &amp#27;[32mAnd &amp#27;[0m&amp#27;[32muser input email valid&amp#27;[0m                                  &amp#27;[90m# starter.stepdefinitions.LoginRegisterSteps.userInputEmailValid()&amp#27;[0m
10:02:30.617 [main] DEBUG net.thucydides.core.steps.StepInterceptor - STARTING STEP: LoginRegisterSteps.userNotInputPassword - inputPassword
10:02:30.621 [Forwarding findElement on session abb3ef736a65d013acf929ecce18fb40 to remote] DEBUG org.asynchttpclient.netty.request.NettyRequestSender - Using pooled Channel '[id: 0xf0d54c18, L:/127.0.0.1:49990 - R:localhost/127.0.0.1:12266]' for 'POST' to 'http://localhost:12266/session/abb3ef736a65d013acf929ecce18fb40/element'
10:02:30.621 [Forwarding findElement on session abb3ef736a65d013acf929ecce18fb40 to remote] DEBUG org.asynchttpclient.netty.request.NettyRequestSender - Using open Channel [id: 0xf0d54c18, L:/127.0.0.1:49990 - R:localhost/127.0.0.1:12266] for POST '/session/abb3ef736a65d013acf929ecce18fb40/element'
10:02:30.641 [AsyncHttpClient-1-17] DEBUG org.asynchttpclient.netty.handler.HttpHandler - 

Request DefaultHttpRequest(decodeResult: success, version: HTTP/1.1)
POST /session/abb3ef736a65d013acf929ecce18fb40/element HTTP/1.1
User-Agent: selenium/4.7.1 (java windows)
Content-Length: 187
Content-Type: application/json; charset=utf-8
host: localhost:12266
accept: */*

Response DefaultHttpResponse(decodeResult: success, version: HTTP/1.1)
HTTP/1.1 200 OK
Content-Type: application/json; charset=utf-8
cache-control: no-cache
content-length: 88

10:02:30.641 [AsyncHttpClient-1-17] DEBUG org.asynchttpclient.netty.channel.ChannelManager - Adding key: http://localhost:12266 for channel [id: 0xf0d54c18, L:/127.0.0.1:49990 - R:localhost/127.0.0.1:12266]
10:02:30.643 [Forwarding clearElement on session abb3ef736a65d013acf929ecce18fb40 to remote] DEBUG org.asynchttpclient.netty.request.NettyRequestSender - Using pooled Channel '[id: 0xf0d54c18, L:/127.0.0.1:49990 - R:localhost/127.0.0.1:12266]' for 'POST' to 'http://localhost:12266/session/abb3ef736a65d013acf929ecce18fb40/element/bedfa88e-ce35-49fb-ad15-2095f227fd7c/clear'
10:02:30.643 [Forwarding clearElement on session abb3ef736a65d013acf929ecce18fb40 to remote] DEBUG org.asynchttpclient.netty.request.NettyRequestSender - Using open Channel [id: 0xf0d54c18, L:/127.0.0.1:49990 - R:localhost/127.0.0.1:12266] for POST '/session/abb3ef736a65d013acf929ecce18fb40/element/bedfa88e-ce35-49fb-ad15-2095f227fd7c/clear'
10:02:30.693 [AsyncHttpClient-1-17] DEBUG org.asynchttpclient.netty.handler.HttpHandler - 

Request DefaultHttpRequest(decodeResult: success, version: HTTP/1.1)
POST /session/abb3ef736a65d013acf929ecce18fb40/element/bedfa88e-ce35-49fb-ad15-2095f227fd7c/clear HTTP/1.1
User-Agent: selenium/4.7.1 (java windows)
Content-Length: 50
Content-Type: application/json; charset=utf-8
host: localhost:12266
accept: */*

Response DefaultHttpResponse(decodeResult: success, version: HTTP/1.1)
HTTP/1.1 200 OK
Content-Type: application/json; charset=utf-8
cache-control: no-cache
content-length: 14

10:02:30.693 [AsyncHttpClient-1-17] DEBUG org.asynchttpclient.netty.channel.ChannelManager - Adding key: http://localhost:12266 for channel [id: 0xf0d54c18, L:/127.0.0.1:49990 - R:localhost/127.0.0.1:12266]
10:02:30.695 [Forwarding sendKeysToElement on session abb3ef736a65d013acf929ecce18fb40 to remote] DEBUG org.asynchttpclient.netty.request.NettyRequestSender - Using pooled Channel '[id: 0xf0d54c18, L:/127.0.0.1:49990 - R:localhost/127.0.0.1:12266]' for 'POST' to 'http://localhost:12266/session/abb3ef736a65d013acf929ecce18fb40/element/bedfa88e-ce35-49fb-ad15-2095f227fd7c/value'
10:02:30.696 [Forwarding sendKeysToElement on session abb3ef736a65d013acf929ecce18fb40 to remote] DEBUG org.asynchttpclient.netty.request.NettyRequestSender - Using open Channel [id: 0xf0d54c18, L:/127.0.0.1:49990 - R:localhost/127.0.0.1:12266] for POST '/session/abb3ef736a65d013acf929ecce18fb40/element/bedfa88e-ce35-49fb-ad15-2095f227fd7c/value'
10:02:30.778 [AsyncHttpClient-1-17] DEBUG org.asynchttpclient.netty.handler.HttpHandler - 

Request DefaultHttpRequest(decodeResult: success, version: HTTP/1.1)
POST /session/abb3ef736a65d013acf929ecce18fb40/element/bedfa88e-ce35-49fb-ad15-2095f227fd7c/value HTTP/1.1
User-Agent: selenium/4.7.1 (java windows)
Content-Length: 82
Content-Type: application/json; charset=utf-8
host: localhost:12266
accept: */*

Response DefaultHttpResponse(decodeResult: success, version: HTTP/1.1)
HTTP/1.1 200 OK
Content-Type: application/json; charset=utf-8
cache-control: no-cache
content-length: 14

10:02:30.778 [AsyncHttpClient-1-17] DEBUG org.asynchttpclient.netty.channel.ChannelManager - Adding key: http://localhost:12266 for channel [id: 0xf0d54c18, L:/127.0.0.1:49990 - R:localhost/127.0.0.1:12266]
10:02:30.791 [Forwarding getCurrentWindowHandle on session abb3ef736a65d013acf929ecce18fb40 to remote] DEBUG org.asynchttpclient.netty.request.NettyRequestSender - Using pooled Channel '[id: 0xf0d54c18, L:/127.0.0.1:49990 - R:localhost/127.0.0.1:12266]' for 'GET' to 'http://localhost:12266/session/abb3ef736a65d013acf929ecce18fb40/window'
10:02:30.791 [Forwarding getCurrentWindowHandle on session abb3ef736a65d013acf929ecce18fb40 to remote] DEBUG org.asynchttpclient.netty.request.NettyRequestSender - Using open Channel [id: 0xf0d54c18, L:/127.0.0.1:49990 - R:localhost/127.0.0.1:12266] for GET '/session/abb3ef736a65d013acf929ecce18fb40/window'
10:02:30.792 [AsyncHttpClient-1-17] DEBUG org.asynchttpclient.netty.handler.HttpHandler - 

Request DefaultFullHttpRequest(decodeResult: success, version: HTTP/1.1, content: EmptyByteBufBE)
GET /session/abb3ef736a65d013acf929ecce18fb40/window HTTP/1.1
User-Agent: selenium/4.7.1 (java windows)
Cache-Control: no-cache
Content-Type: application/json; charset=utf-8
host: localhost:12266
accept: */*

Response DefaultHttpResponse(decodeResult: success, version: HTTP/1.1)
HTTP/1.1 200 OK
Content-Type: application/json; charset=utf-8
cache-control: no-cache
content-length: 44

10:02:30.793 [AsyncHttpClient-1-17] DEBUG org.asynchttpclient.netty.channel.ChannelManager - Adding key: http://localhost:12266 for channel [id: 0xf0d54c18, L:/127.0.0.1:49990 - R:localhost/127.0.0.1:12266]
10:02:30.794 [Forwarding getAlertText on session abb3ef736a65d013acf929ecce18fb40 to remote] DEBUG org.asynchttpclient.netty.request.NettyRequestSender - Using pooled Channel '[id: 0xf0d54c18, L:/127.0.0.1:49990 - R:localhost/127.0.0.1:12266]' for 'GET' to 'http://localhost:12266/session/abb3ef736a65d013acf929ecce18fb40/alert/text'
10:02:30.795 [Forwarding getAlertText on session abb3ef736a65d013acf929ecce18fb40 to remote] DEBUG org.asynchttpclient.netty.request.NettyRequestSender - Using open Channel [id: 0xf0d54c18, L:/127.0.0.1:49990 - R:localhost/127.0.0.1:12266] for GET '/session/abb3ef736a65d013acf929ecce18fb40/alert/text'
10:02:30.798 [AsyncHttpClient-1-17] DEBUG org.asynchttpclient.netty.handler.HttpHandler - 

Request DefaultFullHttpRequest(decodeResult: success, version: HTTP/1.1, content: EmptyByteBufBE)
GET /session/abb3ef736a65d013acf929ecce18fb40/alert/text HTTP/1.1
User-Agent: selenium/4.7.1 (java windows)
Cache-Control: no-cache
Content-Type: application/json; charset=utf-8
host: localhost:12266
accept: */*

Response DefaultHttpResponse(decodeResult: success, version: HTTP/1.1)
HTTP/1.1 404 Not Found
Content-Type: application/json; charset=utf-8
cache-control: no-cache
content-length: 821

10:02:30.798 [AsyncHttpClient-1-17] DEBUG org.asynchttpclient.netty.channel.ChannelManager - Adding key: http://localhost:12266 for channel [id: 0xf0d54c18, L:/127.0.0.1:49990 - R:localhost/127.0.0.1:12266]
10:02:30.801 [Forwarding switchToWindow on session abb3ef736a65d013acf929ecce18fb40 to remote] DEBUG org.asynchttpclient.netty.request.NettyRequestSender - Using pooled Channel '[id: 0xf0d54c18, L:/127.0.0.1:49990 - R:localhost/127.0.0.1:12266]' for 'POST' to 'http://localhost:12266/session/abb3ef736a65d013acf929ecce18fb40/window'
10:02:30.801 [Forwarding switchToWindow on session abb3ef736a65d013acf929ecce18fb40 to remote] DEBUG org.asynchttpclient.netty.request.NettyRequestSender - Using open Channel [id: 0xf0d54c18, L:/127.0.0.1:49990 - R:localhost/127.0.0.1:12266] for POST '/session/abb3ef736a65d013acf929ecce18fb40/window'
10:02:30.804 [AsyncHttpClient-1-17] DEBUG org.asynchttpclient.netty.handler.HttpHandler - 

Request DefaultHttpRequest(decodeResult: success, version: HTTP/1.1)
POST /session/abb3ef736a65d013acf929ecce18fb40/window HTTP/1.1
User-Agent: selenium/4.7.1 (java windows)
Content-Length: 50
Content-Type: application/json; charset=utf-8
host: localhost:12266
accept: */*

Response DefaultHttpResponse(decodeResult: success, version: HTTP/1.1)
HTTP/1.1 200 OK
Content-Type: application/json; charset=utf-8
cache-control: no-cache
content-length: 14

10:02:30.805 [AsyncHttpClient-1-17] DEBUG org.asynchttpclient.netty.channel.ChannelManager - Adding key: http://localhost:12266 for channel [id: 0xf0d54c18, L:/127.0.0.1:49990 - R:localhost/127.0.0.1:12266]
10:02:30.806 [Forwarding getCurrentUrl on session abb3ef736a65d013acf929ecce18fb40 to remote] DEBUG org.asynchttpclient.netty.request.NettyRequestSender - Using pooled Channel '[id: 0xf0d54c18, L:/127.0.0.1:49990 - R:localhost/127.0.0.1:12266]' for 'GET' to 'http://localhost:12266/session/abb3ef736a65d013acf929ecce18fb40/url'
10:02:30.806 [Forwarding getCurrentUrl on session abb3ef736a65d013acf929ecce18fb40 to remote] DEBUG org.asynchttpclient.netty.request.NettyRequestSender - Using open Channel [id: 0xf0d54c18, L:/127.0.0.1:49990 - R:localhost/127.0.0.1:12266] for GET '/session/abb3ef736a65d013acf929ecce18fb40/url'
10:02:30.812 [AsyncHttpClient-1-17] DEBUG org.asynchttpclient.netty.handler.HttpHandler - 

Request DefaultFullHttpRequest(decodeResult: success, version: HTTP/1.1, content: EmptyByteBufBE)
GET /session/abb3ef736a65d013acf929ecce18fb40/url HTTP/1.1
User-Agent: selenium/4.7.1 (java windows)
Cache-Control: no-cache
Content-Type: application/json; charset=utf-8
host: localhost:12266
accept: */*

Response DefaultHttpResponse(decodeResult: success, version: HTTP/1.1)
HTTP/1.1 200 OK
Content-Type: application/json; charset=utf-8
cache-control: no-cache
content-length: 51

10:02:30.812 [AsyncHttpClient-1-17] DEBUG org.asynchttpclient.netty.channel.ChannelManager - Adding key: http://localhost:12266 for channel [id: 0xf0d54c18, L:/127.0.0.1:49990 - R:localhost/127.0.0.1:12266]
10:02:30.814 [Forwarding screenshot on session abb3ef736a65d013acf929ecce18fb40 to remote] DEBUG org.asynchttpclient.netty.request.NettyRequestSender - Using pooled Channel '[id: 0xf0d54c18, L:/127.0.0.1:49990 - R:localhost/127.0.0.1:12266]' for 'GET' to 'http://localhost:12266/session/abb3ef736a65d013acf929ecce18fb40/screenshot'
10:02:30.814 [Forwarding screenshot on session abb3ef736a65d013acf929ecce18fb40 to remote] DEBUG org.asynchttpclient.netty.request.NettyRequestSender - Using open Channel [id: 0xf0d54c18, L:/127.0.0.1:49990 - R:localhost/127.0.0.1:12266] for GET '/session/abb3ef736a65d013acf929ecce18fb40/screenshot'
10:02:30.924 [AsyncHttpClient-1-17] DEBUG org.asynchttpclient.netty.handler.HttpHandler - 

Request DefaultFullHttpRequest(decodeResult: success, version: HTTP/1.1, content: EmptyByteBufBE)
GET /session/abb3ef736a65d013acf929ecce18fb40/screenshot HTTP/1.1
User-Agent: selenium/4.7.1 (java windows)
Cache-Control: no-cache
Content-Type: application/json; charset=utf-8
host: localhost:12266
accept: */*

Response DefaultHttpResponse(decodeResult: success, version: HTTP/1.1)
HTTP/1.1 200 OK
Content-Type: application/json; charset=utf-8
cache-control: no-cache
content-length: 29456

10:02:30.925 [AsyncHttpClient-1-17] DEBUG org.asynchttpclient.netty.channel.ChannelManager - Adding key: http://localhost:12266 for channel [id: 0xf0d54c18, L:/127.0.0.1:49990 - R:localhost/127.0.0.1:12266]
10:02:30.926 [main] DEBUG net.serenitybdd.core.photography.Darkroom - Send negative for processing for target\site\serenity\75b223140c8d79a2d38e7e0684cd1a5790d65f5c53aa0680b7426b6ca2c008d9.png
10:02:30.927 [main] DEBUG net.thucydides.core.steps.StepInterceptor - STEP DONE: inputPassword
10:02:30.927 [Darkroom Processing Line] DEBUG net.serenitybdd.core.photography.DarkroomProcessingLine - Processing screenshot image in /var/screenshots/screenshot-10121562127394661155
10:02:30.927 [Darkroom Processing Line] DEBUG net.serenitybdd.core.photography.DarkroomProcessingLine - Saving screenshot to target\site\serenity\75b223140c8d79a2d38e7e0684cd1a5790d65f5c53aa0680b7426b6ca2c008d9.png
  &amp#27;[32mAnd &amp#27;[0m&amp#27;[32muser not input password&amp#27;[0m                                 &amp#27;[90m# starter.stepdefinitions.LoginRegisterSteps.userNotInputPassword()&amp#27;[0m
10:02:30.948 [main] DEBUG net.thucydides.core.steps.StepInterceptor - STARTING STEP: LoginRegisterSteps.userKlikButtonLoginYangKedua - klikButtonLoginKedua
10:02:30.953 [Forwarding findElement on session abb3ef736a65d013acf929ecce18fb40 to remote] DEBUG org.asynchttpclient.netty.request.NettyRequestSender - Using pooled Channel '[id: 0xf0d54c18, L:/127.0.0.1:49990 - R:localhost/127.0.0.1:12266]' for 'POST' to 'http://localhost:12266/session/abb3ef736a65d013acf929ecce18fb40/element'
10:02:30.953 [Forwarding findElement on session abb3ef736a65d013acf929ecce18fb40 to remote] DEBUG org.asynchttpclient.netty.request.NettyRequestSender - Using open Channel [id: 0xf0d54c18, L:/127.0.0.1:49990 - R:localhost/127.0.0.1:12266] for POST '/session/abb3ef736a65d013acf929ecce18fb40/element'
10:02:30.973 [AsyncHttpClient-1-17] DEBUG org.asynchttpclient.netty.handler.HttpHandler - 

Request DefaultHttpRequest(decodeResult: success, version: HTTP/1.1)
POST /session/abb3ef736a65d013acf929ecce18fb40/element HTTP/1.1
User-Agent: selenium/4.7.1 (java windows)
Content-Length: 141
Content-Type: application/json; charset=utf-8
host: localhost:12266
accept: */*

Response DefaultHttpResponse(decodeResult: success, version: HTTP/1.1)
HTTP/1.1 200 OK
Content-Type: application/json; charset=utf-8
cache-control: no-cache
content-length: 88

10:02:30.974 [AsyncHttpClient-1-17] DEBUG org.asynchttpclient.netty.channel.ChannelManager - Adding key: http://localhost:12266 for channel [id: 0xf0d54c18, L:/127.0.0.1:49990 - R:localhost/127.0.0.1:12266]
10:02:30.977 [Forwarding getElementTagName on session abb3ef736a65d013acf929ecce18fb40 to remote] DEBUG org.asynchttpclient.netty.request.NettyRequestSender - Using pooled Channel '[id: 0xf0d54c18, L:/127.0.0.1:49990 - R:localhost/127.0.0.1:12266]' for 'GET' to 'http://localhost:12266/session/abb3ef736a65d013acf929ecce18fb40/element/c1e28f06-6058-4ff7-8ca3-6865d0c24de7/name'
10:02:30.977 [Forwarding getElementTagName on session abb3ef736a65d013acf929ecce18fb40 to remote] DEBUG org.asynchttpclient.netty.request.NettyRequestSender - Using open Channel [id: 0xf0d54c18, L:/127.0.0.1:49990 - R:localhost/127.0.0.1:12266] for GET '/session/abb3ef736a65d013acf929ecce18fb40/element/c1e28f06-6058-4ff7-8ca3-6865d0c24de7/name'
10:02:30.990 [AsyncHttpClient-1-17] DEBUG org.asynchttpclient.netty.handler.HttpHandler - 

Request DefaultFullHttpRequest(decodeResult: success, version: HTTP/1.1, content: EmptyByteBufBE)
GET /session/abb3ef736a65d013acf929ecce18fb40/element/c1e28f06-6058-4ff7-8ca3-6865d0c24de7/name HTTP/1.1
User-Agent: selenium/4.7.1 (java windows)
Cache-Control: no-cache
Content-Type: application/json; charset=utf-8
host: localhost:12266
accept: */*

Response DefaultHttpResponse(decodeResult: success, version: HTTP/1.1)
HTTP/1.1 200 OK
Content-Type: application/json; charset=utf-8
cache-control: no-cache
content-length: 18

10:02:30.990 [AsyncHttpClient-1-17] DEBUG org.asynchttpclient.netty.channel.ChannelManager - Adding key: http://localhost:12266 for channel [id: 0xf0d54c18, L:/127.0.0.1:49990 - R:localhost/127.0.0.1:12266]
10:02:30.992 [Forwarding getElementTagName on session abb3ef736a65d013acf929ecce18fb40 to remote] DEBUG org.asynchttpclient.netty.request.NettyRequestSender - Using pooled Channel '[id: 0xf0d54c18, L:/127.0.0.1:49990 - R:localhost/127.0.0.1:12266]' for 'GET' to 'http://localhost:12266/session/abb3ef736a65d013acf929ecce18fb40/element/c1e28f06-6058-4ff7-8ca3-6865d0c24de7/name'
10:02:30.993 [Forwarding getElementTagName on session abb3ef736a65d013acf929ecce18fb40 to remote] DEBUG org.asynchttpclient.netty.request.NettyRequestSender - Using open Channel [id: 0xf0d54c18, L:/127.0.0.1:49990 - R:localhost/127.0.0.1:12266] for GET '/session/abb3ef736a65d013acf929ecce18fb40/element/c1e28f06-6058-4ff7-8ca3-6865d0c24de7/name'
10:02:30.998 [AsyncHttpClient-1-17] DEBUG org.asynchttpclient.netty.handler.HttpHandler - 

Request DefaultFullHttpRequest(decodeResult: success, version: HTTP/1.1, content: EmptyByteBufBE)
GET /session/abb3ef736a65d013acf929ecce18fb40/element/c1e28f06-6058-4ff7-8ca3-6865d0c24de7/name HTTP/1.1
User-Agent: selenium/4.7.1 (java windows)
Cache-Control: no-cache
Content-Type: application/json; charset=utf-8
host: localhost:12266
accept: */*

Response DefaultHttpResponse(decodeResult: success, version: HTTP/1.1)
HTTP/1.1 200 OK
Content-Type: application/json; charset=utf-8
cache-control: no-cache
content-length: 18

10:02:30.998 [AsyncHttpClient-1-17] DEBUG org.asynchttpclient.netty.channel.ChannelManager - Adding key: http://localhost:12266 for channel [id: 0xf0d54c18, L:/127.0.0.1:49990 - R:localhost/127.0.0.1:12266]
10:02:31.001 [Forwarding isElementEnabled on session abb3ef736a65d013acf929ecce18fb40 to remote] DEBUG org.asynchttpclient.netty.request.NettyRequestSender - Using pooled Channel '[id: 0xf0d54c18, L:/127.0.0.1:49990 - R:localhost/127.0.0.1:12266]' for 'GET' to 'http://localhost:12266/session/abb3ef736a65d013acf929ecce18fb40/element/c1e28f06-6058-4ff7-8ca3-6865d0c24de7/enabled'
10:02:31.002 [Forwarding isElementEnabled on session abb3ef736a65d013acf929ecce18fb40 to remote] DEBUG org.asynchttpclient.netty.request.NettyRequestSender - Using open Channel [id: 0xf0d54c18, L:/127.0.0.1:49990 - R:localhost/127.0.0.1:12266] for GET '/session/abb3ef736a65d013acf929ecce18fb40/element/c1e28f06-6058-4ff7-8ca3-6865d0c24de7/enabled'
10:02:31.015 [AsyncHttpClient-1-17] DEBUG org.asynchttpclient.netty.handler.HttpHandler - 

Request DefaultFullHttpRequest(decodeResult: success, version: HTTP/1.1, content: EmptyByteBufBE)
GET /session/abb3ef736a65d013acf929ecce18fb40/element/c1e28f06-6058-4ff7-8ca3-6865d0c24de7/enabled HTTP/1.1
User-Agent: selenium/4.7.1 (java windows)
Cache-Control: no-cache
Content-Type: application/json; charset=utf-8
host: localhost:12266
accept: */*

Response DefaultHttpResponse(decodeResult: success, version: HTTP/1.1)
HTTP/1.1 200 OK
Content-Type: application/json; charset=utf-8
cache-control: no-cache
content-length: 14

10:02:31.016 [AsyncHttpClient-1-17] DEBUG org.asynchttpclient.netty.channel.ChannelManager - Adding key: http://localhost:12266 for channel [id: 0xf0d54c18, L:/127.0.0.1:49990 - R:localhost/127.0.0.1:12266]
10:02:31.018 [Forwarding isElementEnabled on session abb3ef736a65d013acf929ecce18fb40 to remote] DEBUG org.asynchttpclient.netty.request.NettyRequestSender - Using pooled Channel '[id: 0xf0d54c18, L:/127.0.0.1:49990 - R:localhost/127.0.0.1:12266]' for 'GET' to 'http://localhost:12266/session/abb3ef736a65d013acf929ecce18fb40/element/c1e28f06-6058-4ff7-8ca3-6865d0c24de7/enabled'
10:02:31.018 [Forwarding isElementEnabled on session abb3ef736a65d013acf929ecce18fb40 to remote] DEBUG org.asynchttpclient.netty.request.NettyRequestSender - Using open Channel [id: 0xf0d54c18, L:/127.0.0.1:49990 - R:localhost/127.0.0.1:12266] for GET '/session/abb3ef736a65d013acf929ecce18fb40/element/c1e28f06-6058-4ff7-8ca3-6865d0c24de7/enabled'
10:02:31.029 [AsyncHttpClient-1-17] DEBUG org.asynchttpclient.netty.handler.HttpHandler - 

Request DefaultFullHttpRequest(decodeResult: success, version: HTTP/1.1, content: EmptyByteBufBE)
GET /session/abb3ef736a65d013acf929ecce18fb40/element/c1e28f06-6058-4ff7-8ca3-6865d0c24de7/enabled HTTP/1.1
User-Agent: selenium/4.7.1 (java windows)
Cache-Control: no-cache
Content-Type: application/json; charset=utf-8
host: localhost:12266
accept: */*

Response DefaultHttpResponse(decodeResult: success, version: HTTP/1.1)
HTTP/1.1 200 OK
Content-Type: application/json; charset=utf-8
cache-control: no-cache
content-length: 14

10:02:31.029 [AsyncHttpClient-1-17] DEBUG org.asynchttpclient.netty.channel.ChannelManager - Adding key: http://localhost:12266 for channel [id: 0xf0d54c18, L:/127.0.0.1:49990 - R:localhost/127.0.0.1:12266]
10:02:31.033 [Forwarding findElement on session abb3ef736a65d013acf929ecce18fb40 to remote] DEBUG org.asynchttpclient.netty.request.NettyRequestSender - Using pooled Channel '[id: 0xf0d54c18, L:/127.0.0.1:49990 - R:localhost/127.0.0.1:12266]' for 'POST' to 'http://localhost:12266/session/abb3ef736a65d013acf929ecce18fb40/element'
10:02:31.033 [Forwarding findElement on session abb3ef736a65d013acf929ecce18fb40 to remote] DEBUG org.asynchttpclient.netty.request.NettyRequestSender - Using open Channel [id: 0xf0d54c18, L:/127.0.0.1:49990 - R:localhost/127.0.0.1:12266] for POST '/session/abb3ef736a65d013acf929ecce18fb40/element'
10:02:31.059 [AsyncHttpClient-1-17] DEBUG org.asynchttpclient.netty.handler.HttpHandler - 

Request DefaultHttpRequest(decodeResult: success, version: HTTP/1.1)
POST /session/abb3ef736a65d013acf929ecce18fb40/element HTTP/1.1
User-Agent: selenium/4.7.1 (java windows)
Content-Length: 141
Content-Type: application/json; charset=utf-8
host: localhost:12266
accept: */*

Response DefaultHttpResponse(decodeResult: success, version: HTTP/1.1)
HTTP/1.1 200 OK
Content-Type: application/json; charset=utf-8
cache-control: no-cache
content-length: 88

10:02:31.060 [AsyncHttpClient-1-17] DEBUG org.asynchttpclient.netty.channel.ChannelManager - Adding key: http://localhost:12266 for channel [id: 0xf0d54c18, L:/127.0.0.1:49990 - R:localhost/127.0.0.1:12266]
10:02:31.062 [Forwarding clickElement on session abb3ef736a65d013acf929ecce18fb40 to remote] DEBUG org.asynchttpclient.netty.request.NettyRequestSender - Using pooled Channel '[id: 0xf0d54c18, L:/127.0.0.1:49990 - R:localhost/127.0.0.1:12266]' for 'POST' to 'http://localhost:12266/session/abb3ef736a65d013acf929ecce18fb40/element/c1e28f06-6058-4ff7-8ca3-6865d0c24de7/click'
10:02:31.062 [Forwarding clickElement on session abb3ef736a65d013acf929ecce18fb40 to remote] DEBUG org.asynchttpclient.netty.request.NettyRequestSender - Using open Channel [id: 0xf0d54c18, L:/127.0.0.1:49990 - R:localhost/127.0.0.1:12266] for POST '/session/abb3ef736a65d013acf929ecce18fb40/element/c1e28f06-6058-4ff7-8ca3-6865d0c24de7/click'
10:02:31.162 [AsyncHttpClient-1-17] DEBUG org.asynchttpclient.netty.handler.HttpHandler - 

Request DefaultHttpRequest(decodeResult: success, version: HTTP/1.1)
POST /session/abb3ef736a65d013acf929ecce18fb40/element/c1e28f06-6058-4ff7-8ca3-6865d0c24de7/click HTTP/1.1
User-Agent: selenium/4.7.1 (java windows)
Content-Length: 50
Content-Type: application/json; charset=utf-8
host: localhost:12266
accept: */*

Response DefaultHttpResponse(decodeResult: success, version: HTTP/1.1)
HTTP/1.1 200 OK
Content-Type: application/json; charset=utf-8
cache-control: no-cache
content-length: 14

10:02:31.162 [AsyncHttpClient-1-17] DEBUG org.asynchttpclient.netty.channel.ChannelManager - Adding key: http://localhost:12266 for channel [id: 0xf0d54c18, L:/127.0.0.1:49990 - R:localhost/127.0.0.1:12266]
10:02:31.180 [Forwarding getCurrentWindowHandle on session abb3ef736a65d013acf929ecce18fb40 to remote] DEBUG org.asynchttpclient.netty.request.NettyRequestSender - Using pooled Channel '[id: 0xf0d54c18, L:/127.0.0.1:49990 - R:localhost/127.0.0.1:12266]' for 'GET' to 'http://localhost:12266/session/abb3ef736a65d013acf929ecce18fb40/window'
10:02:31.180 [Forwarding getCurrentWindowHandle on session abb3ef736a65d013acf929ecce18fb40 to remote] DEBUG org.asynchttpclient.netty.request.NettyRequestSender - Using open Channel [id: 0xf0d54c18, L:/127.0.0.1:49990 - R:localhost/127.0.0.1:12266] for GET '/session/abb3ef736a65d013acf929ecce18fb40/window'
10:02:31.181 [AsyncHttpClient-1-17] DEBUG org.asynchttpclient.netty.handler.HttpHandler - 

Request DefaultFullHttpRequest(decodeResult: success, version: HTTP/1.1, content: EmptyByteBufBE)
GET /session/abb3ef736a65d013acf929ecce18fb40/window HTTP/1.1
User-Agent: selenium/4.7.1 (java windows)
Cache-Control: no-cache
Content-Type: application/json; charset=utf-8
host: localhost:12266
accept: */*

Response DefaultHttpResponse(decodeResult: success, version: HTTP/1.1)
HTTP/1.1 200 OK
Content-Type: application/json; charset=utf-8
cache-control: no-cache
content-length: 44

10:02:31.182 [AsyncHttpClient-1-17] DEBUG org.asynchttpclient.netty.channel.ChannelManager - Adding key: http://localhost:12266 for channel [id: 0xf0d54c18, L:/127.0.0.1:49990 - R:localhost/127.0.0.1:12266]
10:02:31.185 [Forwarding getAlertText on session abb3ef736a65d013acf929ecce18fb40 to remote] DEBUG org.asynchttpclient.netty.request.NettyRequestSender - Using pooled Channel '[id: 0xf0d54c18, L:/127.0.0.1:49990 - R:localhost/127.0.0.1:12266]' for 'GET' to 'http://localhost:12266/session/abb3ef736a65d013acf929ecce18fb40/alert/text'
10:02:31.185 [Forwarding getAlertText on session abb3ef736a65d013acf929ecce18fb40 to remote] DEBUG org.asynchttpclient.netty.request.NettyRequestSender - Using open Channel [id: 0xf0d54c18, L:/127.0.0.1:49990 - R:localhost/127.0.0.1:12266] for GET '/session/abb3ef736a65d013acf929ecce18fb40/alert/text'
10:02:31.194 [AsyncHttpClient-1-17] DEBUG org.asynchttpclient.netty.handler.HttpHandler - 

Request DefaultFullHttpRequest(decodeResult: success, version: HTTP/1.1, content: EmptyByteBufBE)
GET /session/abb3ef736a65d013acf929ecce18fb40/alert/text HTTP/1.1
User-Agent: selenium/4.7.1 (java windows)
Cache-Control: no-cache
Content-Type: application/json; charset=utf-8
host: localhost:12266
accept: */*

Response DefaultHttpResponse(decodeResult: success, version: HTTP/1.1)
HTTP/1.1 404 Not Found
Content-Type: application/json; charset=utf-8
cache-control: no-cache
content-length: 821

10:02:31.195 [AsyncHttpClient-1-17] DEBUG org.asynchttpclient.netty.channel.ChannelManager - Adding key: http://localhost:12266 for channel [id: 0xf0d54c18, L:/127.0.0.1:49990 - R:localhost/127.0.0.1:12266]
10:02:31.199 [Forwarding switchToWindow on session abb3ef736a65d013acf929ecce18fb40 to remote] DEBUG org.asynchttpclient.netty.request.NettyRequestSender - Using pooled Channel '[id: 0xf0d54c18, L:/127.0.0.1:49990 - R:localhost/127.0.0.1:12266]' for 'POST' to 'http://localhost:12266/session/abb3ef736a65d013acf929ecce18fb40/window'
10:02:31.199 [Forwarding switchToWindow on session abb3ef736a65d013acf929ecce18fb40 to remote] DEBUG org.asynchttpclient.netty.request.NettyRequestSender - Using open Channel [id: 0xf0d54c18, L:/127.0.0.1:49990 - R:localhost/127.0.0.1:12266] for POST '/session/abb3ef736a65d013acf929ecce18fb40/window'
10:02:31.205 [AsyncHttpClient-1-17] DEBUG org.asynchttpclient.netty.handler.HttpHandler - 

Request DefaultHttpRequest(decodeResult: success, version: HTTP/1.1)
POST /session/abb3ef736a65d013acf929ecce18fb40/window HTTP/1.1
User-Agent: selenium/4.7.1 (java windows)
Content-Length: 50
Content-Type: application/json; charset=utf-8
host: localhost:12266
accept: */*

Response DefaultHttpResponse(decodeResult: success, version: HTTP/1.1)
HTTP/1.1 200 OK
Content-Type: application/json; charset=utf-8
cache-control: no-cache
content-length: 14

10:02:31.206 [AsyncHttpClient-1-17] DEBUG org.asynchttpclient.netty.channel.ChannelManager - Adding key: http://localhost:12266 for channel [id: 0xf0d54c18, L:/127.0.0.1:49990 - R:localhost/127.0.0.1:12266]
10:02:31.209 [Forwarding getCurrentUrl on session abb3ef736a65d013acf929ecce18fb40 to remote] DEBUG org.asynchttpclient.netty.request.NettyRequestSender - Using pooled Channel '[id: 0xf0d54c18, L:/127.0.0.1:49990 - R:localhost/127.0.0.1:12266]' for 'GET' to 'http://localhost:12266/session/abb3ef736a65d013acf929ecce18fb40/url'
10:02:31.209 [Forwarding getCurrentUrl on session abb3ef736a65d013acf929ecce18fb40 to remote] DEBUG org.asynchttpclient.netty.request.NettyRequestSender - Using open Channel [id: 0xf0d54c18, L:/127.0.0.1:49990 - R:localhost/127.0.0.1:12266] for GET '/session/abb3ef736a65d013acf929ecce18fb40/url'
10:02:31.218 [AsyncHttpClient-1-17] DEBUG org.asynchttpclient.netty.handler.HttpHandler - 

Request DefaultFullHttpRequest(decodeResult: success, version: HTTP/1.1, content: EmptyByteBufBE)
GET /session/abb3ef736a65d013acf929ecce18fb40/url HTTP/1.1
User-Agent: selenium/4.7.1 (java windows)
Cache-Control: no-cache
Content-Type: application/json; charset=utf-8
host: localhost:12266
accept: */*

Response DefaultHttpResponse(decodeResult: success, version: HTTP/1.1)
HTTP/1.1 200 OK
Content-Type: application/json; charset=utf-8
cache-control: no-cache
content-length: 51

10:02:31.219 [AsyncHttpClient-1-17] DEBUG org.asynchttpclient.netty.channel.ChannelManager - Adding key: http://localhost:12266 for channel [id: 0xf0d54c18, L:/127.0.0.1:49990 - R:localhost/127.0.0.1:12266]
10:02:31.222 [Forwarding screenshot on session abb3ef736a65d013acf929ecce18fb40 to remote] DEBUG org.asynchttpclient.netty.request.NettyRequestSender - Using pooled Channel '[id: 0xf0d54c18, L:/127.0.0.1:49990 - R:localhost/127.0.0.1:12266]' for 'GET' to 'http://localhost:12266/session/abb3ef736a65d013acf929ecce18fb40/screenshot'
10:02:31.222 [Forwarding screenshot on session abb3ef736a65d013acf929ecce18fb40 to remote] DEBUG org.asynchttpclient.netty.request.NettyRequestSender - Using open Channel [id: 0xf0d54c18, L:/127.0.0.1:49990 - R:localhost/127.0.0.1:12266] for GET '/session/abb3ef736a65d013acf929ecce18fb40/screenshot'
10:02:31.379 [AsyncHttpClient-1-17] DEBUG org.asynchttpclient.netty.handler.HttpHandler - 

Request DefaultFullHttpRequest(decodeResult: success, version: HTTP/1.1, content: EmptyByteBufBE)
GET /session/abb3ef736a65d013acf929ecce18fb40/screenshot HTTP/1.1
User-Agent: selenium/4.7.1 (java windows)
Cache-Control: no-cache
Content-Type: application/json; charset=utf-8
host: localhost:12266
accept: */*

Response DefaultHttpResponse(decodeResult: success, version: HTTP/1.1)
HTTP/1.1 200 OK
Content-Type: application/json; charset=utf-8
cache-control: no-cache
content-length: 29660

10:02:31.379 [AsyncHttpClient-1-17] DEBUG org.asynchttpclient.netty.channel.ChannelManager - Adding key: http://localhost:12266 for channel [id: 0xf0d54c18, L:/127.0.0.1:49990 - R:localhost/127.0.0.1:12266]
10:02:31.381 [main] DEBUG net.serenitybdd.core.photography.Darkroom - Send negative for processing for target\site\serenity\a109611d4cae654dc0ff570048a0255456cbb0dccb32dd679d30a15544df2571.png
10:02:31.382 [main] DEBUG net.thucydides.core.steps.StepInterceptor - STEP DONE: klikButtonLoginKedua
10:02:31.382 [Darkroom Processing Line] DEBUG net.serenitybdd.core.photography.DarkroomProcessingLine - Processing screenshot image in /var/screenshots/screenshot-1235581880061526067
10:02:31.382 [Darkroom Processing Line] DEBUG net.serenitybdd.core.photography.DarkroomProcessingLine - Saving screenshot to target\site\serenity\a109611d4cae654dc0ff570048a0255456cbb0dccb32dd679d30a15544df2571.png
  &amp#27;[32mThen &amp#27;[0m&amp#27;[32muser klik button login yang kedua&amp#27;[0m                      &amp#27;[90m# starter.stepdefinitions.LoginRegisterSteps.userKlikButtonLoginYangKedua()&amp#27;[0m
10:02:31.400 [main] DEBUG net.thucydides.core.steps.StepInterceptor - STARTING STEP: LoginRegisterSteps.userMenerimaErrorMessage - munculErrorMessage
10:02:31.405 [Forwarding findElement on session abb3ef736a65d013acf929ecce18fb40 to remote] DEBUG org.asynchttpclient.netty.request.NettyRequestSender - Using pooled Channel '[id: 0xf0d54c18, L:/127.0.0.1:49990 - R:localhost/127.0.0.1:12266]' for 'POST' to 'http://localhost:12266/session/abb3ef736a65d013acf929ecce18fb40/element'
10:02:31.406 [Forwarding findElement on session abb3ef736a65d013acf929ecce18fb40 to remote] DEBUG org.asynchttpclient.netty.request.NettyRequestSender - Using open Channel [id: 0xf0d54c18, L:/127.0.0.1:49990 - R:localhost/127.0.0.1:12266] for POST '/session/abb3ef736a65d013acf929ecce18fb40/element'
10:02:31.665 [AsyncHttpClient-1-1] DEBUG org.asynchttpclient.netty.channel.DefaultChannelPool - Entry count for : http://localhost:49991 : 1
10:02:31.744 [AsyncHttpClient-1-17] DEBUG org.asynchttpclient.netty.handler.HttpHandler - 

Request DefaultHttpRequest(decodeResult: success, version: HTTP/1.1)
POST /session/abb3ef736a65d013acf929ecce18fb40/element HTTP/1.1
User-Agent: selenium/4.7.1 (java windows)
Content-Length: 139
Content-Type: application/json; charset=utf-8
host: localhost:12266
accept: */*

Response DefaultHttpResponse(decodeResult: success, version: HTTP/1.1)
HTTP/1.1 200 OK
Content-Type: application/json; charset=utf-8
cache-control: no-cache
content-length: 88

10:02:31.746 [AsyncHttpClient-1-17] DEBUG org.asynchttpclient.netty.channel.ChannelManager - Adding key: http://localhost:12266 for channel [id: 0xf0d54c18, L:/127.0.0.1:49990 - R:localhost/127.0.0.1:12266]
10:02:31.751 [Forwarding isElementDisplayed on session abb3ef736a65d013acf929ecce18fb40 to remote] DEBUG org.asynchttpclient.netty.request.NettyRequestSender - Using pooled Channel '[id: 0xf0d54c18, L:/127.0.0.1:49990 - R:localhost/127.0.0.1:12266]' for 'POST' to 'http://localhost:12266/session/abb3ef736a65d013acf929ecce18fb40/execute/sync'
10:02:31.751 [Forwarding isElementDisplayed on session abb3ef736a65d013acf929ecce18fb40 to remote] DEBUG org.asynchttpclient.netty.request.NettyRequestSender - Using open Channel [id: 0xf0d54c18, L:/127.0.0.1:49990 - R:localhost/127.0.0.1:12266] for POST '/session/abb3ef736a65d013acf929ecce18fb40/execute/sync'
10:02:31.773 [AsyncHttpClient-1-17] DEBUG org.asynchttpclient.netty.handler.HttpHandler - 

Request DefaultHttpRequest(decodeResult: success, version: HTTP/1.1)
POST /session/abb3ef736a65d013acf929ecce18fb40/execute/sync HTTP/1.1
User-Agent: selenium/4.7.1 (java windows)
Content-Length: 48780
Content-Type: application/json; charset=utf-8
host: localhost:12266
accept: */*

Response DefaultHttpResponse(decodeResult: success, version: HTTP/1.1)
HTTP/1.1 200 OK
Content-Type: application/json; charset=utf-8
cache-control: no-cache
content-length: 14

10:02:31.773 [AsyncHttpClient-1-17] DEBUG org.asynchttpclient.netty.channel.ChannelManager - Adding key: http://localhost:12266 for channel [id: 0xf0d54c18, L:/127.0.0.1:49990 - R:localhost/127.0.0.1:12266]
10:02:31.782 [Forwarding getCurrentWindowHandle on session abb3ef736a65d013acf929ecce18fb40 to remote] DEBUG org.asynchttpclient.netty.request.NettyRequestSender - Using pooled Channel '[id: 0xf0d54c18, L:/127.0.0.1:49990 - R:localhost/127.0.0.1:12266]' for 'GET' to 'http://localhost:12266/session/abb3ef736a65d013acf929ecce18fb40/window'
10:02:31.782 [Forwarding getCurrentWindowHandle on session abb3ef736a65d013acf929ecce18fb40 to remote] DEBUG org.asynchttpclient.netty.request.NettyRequestSender - Using open Channel [id: 0xf0d54c18, L:/127.0.0.1:49990 - R:localhost/127.0.0.1:12266] for GET '/session/abb3ef736a65d013acf929ecce18fb40/window'
10:02:31.784 [AsyncHttpClient-1-17] DEBUG org.asynchttpclient.netty.handler.HttpHandler - 

Request DefaultFullHttpRequest(decodeResult: success, version: HTTP/1.1, content: EmptyByteBufBE)
GET /session/abb3ef736a65d013acf929ecce18fb40/window HTTP/1.1
User-Agent: selenium/4.7.1 (java windows)
Cache-Control: no-cache
Content-Type: application/json; charset=utf-8
host: localhost:12266
accept: */*

Response DefaultHttpResponse(decodeResult: success, version: HTTP/1.1)
HTTP/1.1 200 OK
Content-Type: application/json; charset=utf-8
cache-control: no-cache
content-length: 44

10:02:31.784 [AsyncHttpClient-1-17] DEBUG org.asynchttpclient.netty.channel.ChannelManager - Adding key: http://localhost:12266 for channel [id: 0xf0d54c18, L:/127.0.0.1:49990 - R:localhost/127.0.0.1:12266]
10:02:31.787 [Forwarding getAlertText on session abb3ef736a65d013acf929ecce18fb40 to remote] DEBUG org.asynchttpclient.netty.request.NettyRequestSender - Using pooled Channel '[id: 0xf0d54c18, L:/127.0.0.1:49990 - R:localhost/127.0.0.1:12266]' for 'GET' to 'http://localhost:12266/session/abb3ef736a65d013acf929ecce18fb40/alert/text'
10:02:31.787 [Forwarding getAlertText on session abb3ef736a65d013acf929ecce18fb40 to remote] DEBUG org.asynchttpclient.netty.request.NettyRequestSender - Using open Channel [id: 0xf0d54c18, L:/127.0.0.1:49990 - R:localhost/127.0.0.1:12266] for GET '/session/abb3ef736a65d013acf929ecce18fb40/alert/text'
10:02:31.790 [AsyncHttpClient-1-17] DEBUG org.asynchttpclient.netty.handler.HttpHandler - 

Request DefaultFullHttpRequest(decodeResult: success, version: HTTP/1.1, content: EmptyByteBufBE)
GET /session/abb3ef736a65d013acf929ecce18fb40/alert/text HTTP/1.1
User-Agent: selenium/4.7.1 (java windows)
Cache-Control: no-cache
Content-Type: application/json; charset=utf-8
host: localhost:12266
accept: */*

Response DefaultHttpResponse(decodeResult: success, version: HTTP/1.1)
HTTP/1.1 404 Not Found
Content-Type: application/json; charset=utf-8
cache-control: no-cache
content-length: 821

10:02:31.791 [AsyncHttpClient-1-17] DEBUG org.asynchttpclient.netty.channel.ChannelManager - Adding key: http://localhost:12266 for channel [id: 0xf0d54c18, L:/127.0.0.1:49990 - R:localhost/127.0.0.1:12266]
10:02:31.794 [Forwarding switchToWindow on session abb3ef736a65d013acf929ecce18fb40 to remote] DEBUG org.asynchttpclient.netty.request.NettyRequestSender - Using pooled Channel '[id: 0xf0d54c18, L:/127.0.0.1:49990 - R:localhost/127.0.0.1:12266]' for 'POST' to 'http://localhost:12266/session/abb3ef736a65d013acf929ecce18fb40/window'
10:02:31.794 [Forwarding switchToWindow on session abb3ef736a65d013acf929ecce18fb40 to remote] DEBUG org.asynchttpclient.netty.request.NettyRequestSender - Using open Channel [id: 0xf0d54c18, L:/127.0.0.1:49990 - R:localhost/127.0.0.1:12266] for POST '/session/abb3ef736a65d013acf929ecce18fb40/window'
10:02:31.797 [AsyncHttpClient-1-17] DEBUG org.asynchttpclient.netty.handler.HttpHandler - 

Request DefaultHttpRequest(decodeResult: success, version: HTTP/1.1)
POST /session/abb3ef736a65d013acf929ecce18fb40/window HTTP/1.1
User-Agent: selenium/4.7.1 (java windows)
Content-Length: 50
Content-Type: application/json; charset=utf-8
host: localhost:12266
accept: */*

Response DefaultHttpResponse(decodeResult: success, version: HTTP/1.1)
HTTP/1.1 200 OK
Content-Type: application/json; charset=utf-8
cache-control: no-cache
content-length: 14

10:02:31.798 [AsyncHttpClient-1-17] DEBUG org.asynchttpclient.netty.channel.ChannelManager - Adding key: http://localhost:12266 for channel [id: 0xf0d54c18, L:/127.0.0.1:49990 - R:localhost/127.0.0.1:12266]
10:02:31.799 [Forwarding getCurrentUrl on session abb3ef736a65d013acf929ecce18fb40 to remote] DEBUG org.asynchttpclient.netty.request.NettyRequestSender - Using pooled Channel '[id: 0xf0d54c18, L:/127.0.0.1:49990 - R:localhost/127.0.0.1:12266]' for 'GET' to 'http://localhost:12266/session/abb3ef736a65d013acf929ecce18fb40/url'
10:02:31.799 [Forwarding getCurrentUrl on session abb3ef736a65d013acf929ecce18fb40 to remote] DEBUG org.asynchttpclient.netty.request.NettyRequestSender - Using open Channel [id: 0xf0d54c18, L:/127.0.0.1:49990 - R:localhost/127.0.0.1:12266] for GET '/session/abb3ef736a65d013acf929ecce18fb40/url'
10:02:31.807 [AsyncHttpClient-1-17] DEBUG org.asynchttpclient.netty.handler.HttpHandler - 

Request DefaultFullHttpRequest(decodeResult: success, version: HTTP/1.1, content: EmptyByteBufBE)
GET /session/abb3ef736a65d013acf929ecce18fb40/url HTTP/1.1
User-Agent: selenium/4.7.1 (java windows)
Cache-Control: no-cache
Content-Type: application/json; charset=utf-8
host: localhost:12266
accept: */*

Response DefaultHttpResponse(decodeResult: success, version: HTTP/1.1)
HTTP/1.1 200 OK
Content-Type: application/json; charset=utf-8
cache-control: no-cache
content-length: 51

10:02:31.807 [AsyncHttpClient-1-17] DEBUG org.asynchttpclient.netty.channel.ChannelManager - Adding key: http://localhost:12266 for channel [id: 0xf0d54c18, L:/127.0.0.1:49990 - R:localhost/127.0.0.1:12266]
10:02:31.808 [Forwarding screenshot on session abb3ef736a65d013acf929ecce18fb40 to remote] DEBUG org.asynchttpclient.netty.request.NettyRequestSender - Using pooled Channel '[id: 0xf0d54c18, L:/127.0.0.1:49990 - R:localhost/127.0.0.1:12266]' for 'GET' to 'http://localhost:12266/session/abb3ef736a65d013acf929ecce18fb40/screenshot'
10:02:31.809 [Forwarding screenshot on session abb3ef736a65d013acf929ecce18fb40 to remote] DEBUG org.asynchttpclient.netty.request.NettyRequestSender - Using open Channel [id: 0xf0d54c18, L:/127.0.0.1:49990 - R:localhost/127.0.0.1:12266] for GET '/session/abb3ef736a65d013acf929ecce18fb40/screenshot'
10:02:31.947 [AsyncHttpClient-1-17] DEBUG org.asynchttpclient.netty.handler.HttpHandler - 

Request DefaultFullHttpRequest(decodeResult: success, version: HTTP/1.1, content: EmptyByteBufBE)
GET /session/abb3ef736a65d013acf929ecce18fb40/screenshot HTTP/1.1
User-Agent: selenium/4.7.1 (java windows)
Cache-Control: no-cache
Content-Type: application/json; charset=utf-8
host: localhost:12266
accept: */*

Response DefaultHttpResponse(decodeResult: success, version: HTTP/1.1)
HTTP/1.1 200 OK
Content-Type: application/json; charset=utf-8
cache-control: no-cache
content-length: 33668

10:02:31.947 [AsyncHttpClient-1-17] DEBUG org.asynchttpclient.netty.channel.ChannelManager - Adding key: http://localhost:12266 for channel [id: 0xf0d54c18, L:/127.0.0.1:49990 - R:localhost/127.0.0.1:12266]
10:02:31.949 [main] DEBUG net.serenitybdd.core.photography.Darkroom - Send negative for processing for target\site\serenity\6272c89b7ba45dc53c49b045cd50cefff5bae0399c53cd1a8e08860c63988d19.png
10:02:31.950 [main] DEBUG net.thucydides.core.steps.StepInterceptor - STEP DONE: munculErrorMessage
  &amp#27;[32mAnd &amp#27;[0m&amp#27;[32muser menerima error message &amp#27;[0m&amp#27;[32m&amp#27;[1m"password is required"&amp#27;[0m      &amp#27;[90m# starter.stepdefinitions.LoginRegisterSteps.userMenerimaErrorMessage(java.lang.String)&amp#27;[0m
10:02:31.950 [Darkroom Processing Line] DEBUG net.serenitybdd.core.photography.DarkroomProcessingLine - Processing screenshot image in /var/screenshots/screenshot-13010157442831114834
10:02:31.950 [Darkroom Processing Line] DEBUG net.serenitybdd.core.photography.DarkroomProcessingLine - Saving screenshot to target\site\serenity\6272c89b7ba45dc53c49b045cd50cefff5bae0399c53cd1a8e08860c63988d19.png
10:02:31.960 [main] INFO  - 
  _____   ___   ___   _____     ___     _     ___   ___   ___   ___  
 |_   _| | __| / __| |_   _|   | _ \   /_\   / __| / __| | __| |   \ 
   | |   | _|  \__ \   | |     |  _/  / _ \  \__ \ \__ \ | _|  | |) |
   |_|   |___| |___/   |_|     |_|   /_/ \_\ |___/ |___/ |___| |___/ 

user tidak bisa login karena tidak mengisi password
----------------------------------------------------------------------
10:02:31.963 [Driver Command Executor] DEBUG org.asynchttpclient.netty.request.NettyRequestSender - Using pooled Channel '[id: 0xf0d54c18, L:/127.0.0.1:49990 - R:localhost/127.0.0.1:12266]' for 'DELETE' to 'http://localhost:12266/session/abb3ef736a65d013acf929ecce18fb40'
10:02:31.963 [AsyncHttpClient-1-3] DEBUG org.asynchttpclient.netty.handler.WebSocketHandler - Channel Closed: [id: 0x0083c22d, L:/127.0.0.1:49999 ! R:localhost/127.0.0.1:49991] with attribute NettyResponseFuture{currentRetry=0,
	isDone=1,
	isCancelled=0,
	asyncHandler=org.asynchttpclient.ws.WebSocketUpgradeHandler@5f55d609,
	nettyRequest=org.asynchttpclient.netty.request.NettyRequest@6d1af83f,
	future=java.util.concurrent.CompletableFuture@1bdb8fd4[Completed normally],
	uri=ws://localhost:49991/devtools/browser/06f42acd-b20d-4e01-b192-779212b18229,
	keepAlive=true,
	redirectCount=0,
	timeoutsHolder=null,
	inAuth=0,
	touch=1683514945641}
10:02:31.963 [Driver Command Executor] DEBUG org.asynchttpclient.netty.request.NettyRequestSender - Using open Channel [id: 0xf0d54c18, L:/127.0.0.1:49990 - R:localhost/127.0.0.1:12266] for DELETE '/session/abb3ef736a65d013acf929ecce18fb40'
10:02:31.963 [AsyncHttpClient-1-3] DEBUG org.asynchttpclient.netty.channel.ChannelManager - Closing Channel [id: 0x0083c22d, L:/127.0.0.1:49999 ! R:localhost/127.0.0.1:49991] 
10:02:32.059 [AsyncHttpClient-1-2] DEBUG org.asynchttpclient.netty.handler.HttpHandler - Unexpected I/O exception on channel [id: 0x391a9ce3, L:/127.0.0.1:49998 - R:localhost/127.0.0.1:49991]
java.net.SocketException: Connection reset
	at java.base/sun.nio.ch.SocketChannelImpl.throwConnectionReset(SocketChannelImpl.java:401)
	at java.base/sun.nio.ch.SocketChannelImpl.read(SocketChannelImpl.java:434)
	at io.netty.buffer.PooledByteBuf.setBytes(PooledByteBuf.java:259)
	at io.netty.buffer.AbstractByteBuf.writeBytes(AbstractByteBuf.java:1132)
	at io.netty.channel.socket.nio.NioSocketChannel.doReadBytes(NioSocketChannel.java:357)
	at io.netty.channel.nio.AbstractNioByteChannel$NioByteUnsafe.read(AbstractNioByteChannel.java:151)
	at io.netty.channel.nio.NioEventLoop.processSelectedKey(NioEventLoop.java:788)
	at io.netty.channel.nio.NioEventLoop.processSelectedKeysOptimized(NioEventLoop.java:724)
	at io.netty.channel.nio.NioEventLoop.processSelectedKeys(NioEventLoop.java:650)
	at io.netty.channel.nio.NioEventLoop.run(NioEventLoop.java:562)
	at io.netty.util.concurrent.SingleThreadEventExecutor$4.run(SingleThreadEventExecutor.java:997)
	at io.netty.util.internal.ThreadExecutorMap$2.run(ThreadExecutorMap.java:74)
	at io.netty.util.concurrent.FastThreadLocalRunnable.run(FastThreadLocalRunnable.java:30)
	at java.base/java.lang.Thread.run(Thread.java:1589)
10:02:32.060 [AsyncHttpClient-1-2] DEBUG org.asynchttpclient.netty.channel.ChannelManager - Closing Channel [id: 0x391a9ce3, L:/127.0.0.1:49998 - R:localhost/127.0.0.1:49991] 
10:02:32.061 [AsyncHttpClient-1-2] DEBUG org.asynchttpclient.netty.handler.HttpHandler - Channel Closed: [id: 0x391a9ce3, L:/127.0.0.1:49998 ! R:localhost/127.0.0.1:49991] with attribute DISCARD
10:02:32.115 [AsyncHttpClient-1-17] DEBUG org.asynchttpclient.netty.handler.HttpHandler - 

Request DefaultFullHttpRequest(decodeResult: success, version: HTTP/1.1, content: EmptyByteBufBE)
DELETE /session/abb3ef736a65d013acf929ecce18fb40 HTTP/1.1
User-Agent: selenium/4.7.1 (java windows)
Content-Type: application/json; charset=utf-8
host: localhost:12266
accept: */*

Response DefaultHttpResponse(decodeResult: success, version: HTTP/1.1)
HTTP/1.1 200 OK
Content-Type: application/json; charset=utf-8
cache-control: no-cache
content-length: 14

10:02:32.116 [AsyncHttpClient-1-17] DEBUG org.asynchttpclient.netty.channel.ChannelManager - Adding key: http://localhost:12266 for channel [id: 0xf0d54c18, L:/127.0.0.1:49990 - R:localhost/127.0.0.1:12266]
10:02:32.204 [AsyncHttpClient-1-17] DEBUG org.asynchttpclient.netty.handler.HttpHandler - Channel Closed: [id: 0xf0d54c18, L:/127.0.0.1:49990 ! R:localhost/127.0.0.1:12266] with attribute DISCARD
]]></system-out>
    <system-err><![CDATA[Starting ChromeDriver 112.0.5615.49 (bd2a7bcb881c11e8cfe3078709382934e3916914-refs/branch-heads/5615@{#936}) on port 12266
Only local connections are allowed.
Please see https://chromedriver.chromium.org/security-considerations for suggestions on keeping ChromeDriver safe.
ChromeDriver was started successfully.
May 08, 2023 10:02:25 AM org.openqa.selenium.devtools.CdpVersionFinder findNearestMatch
WARNING: Unable to find an exact match for CDP version 112, so returning the closest version found: 108
]]></system-err>
  </testcase>
  <testcase name="user tidak bisa register karena nama email sudah terdaftar" classname="register" time="10.821">
    <system-out><![CDATA[10:02:32.271 [main] INFO io.cucumber.core.plugin.SerenityReporter - Running feature from file:///C:/Users/HP/Downloads/Mini-Project-QA/ALTASHOP%20WEB%20AUTOMATION/src/test/resources/features/2.%20Register.feature
10:02:32.278 [main] DEBUG net.thucydides.core.steps.StepEventBus - Test suite started for story net.thucydides.core.model.Story@83d3b3ef
10:02:32.279 [main] INFO  - Test Suite Started: Register

@AS07-negative
Scenario: user tidak bisa register karena nama email sudah terdaftar &amp#27;[90m# src/test/resources/features/2. Register.feature:4&amp#27;[0m
10:02:32.307 [main] INFO io.cucumber.core.plugin.SerenityReporter - Running feature from file:///C:/Users/HP/Downloads/Mini-Project-QA/ALTASHOP%20WEB%20AUTOMATION/src/test/resources/features/2.%20Register.feature
10:02:32.310 [main] INFO  - 
  _____   ___   ___   _____     ___   _____     _     ___   _____   ___   ___  
 |_   _| | __| / __| |_   _|   / __| |_   _|   /_\   | _ \ |_   _| | __| |   \ 
   | |   | _|  \__ \   | |     \__ \   | |    / _ \  |   /   | |   | _|  | |) |
   |_|   |___| |___/   |_|     |___/   |_|   /_/ \_\ |_|_\   |_|   |___| |___/ 

user tidak bisa register karena nama email sudah terdaftar(register;user-tidak-bisa-register-karena-nama-email-sudah-terdaftar)
--------------------------------------------------------------------------------
10:02:32.352 [main] DEBUG net.thucydides.core.steps.StepInterceptor - STARTING STEP: LoginRegisterSteps.userBeradaDiHomepageAlta - diHomepageAltaShop
10:02:32.449 [main] INFO net.serenitybdd.core.webdriver.driverproviders.ChromeDriverProvider - Starting Chrome driver instance with capabilities:
10:02:32.450 [main] INFO net.serenitybdd.core.webdriver.driverproviders.ChromeDriverProvider - Capabilities {acceptInsecureCerts: true, browserName: chrome, goog:chromeOptions: {args: [remote-allow-origins=*, test-type, no-sandbox, ignore-certificate-errors, start-maximized, incognito, disable-infobars, disable-gpu, disable-default-apps, disable-popup-blocking, remote-allow-origins=*, test-type, no-sandbox, ignore-certificate-errors, start-maximized, incognito, disable-infobars, disable-gpu, disable-default-apps, disable-popup-blocking], extensions: []}}
10:02:32.618 [AsyncHttpClient-1-4] DEBUG org.asynchttpclient.netty.channel.NettyConnectListener - Using new Channel '[id: 0x1e529968, L:/127.0.0.1:50018 - R:localhost/127.0.0.1:41065]' for 'POST' to '/session'
10:02:32.766 [AsyncHttpClient-1-1] DEBUG org.asynchttpclient.netty.channel.DefaultChannelPool - Entry count for : http://localhost:12266 : 1
10:02:32.766 [AsyncHttpClient-1-1] DEBUG org.asynchttpclient.netty.channel.DefaultChannelPool - Entry count for : http://localhost:49991 : 1
10:02:32.766 [AsyncHttpClient-1-1] DEBUG org.asynchttpclient.netty.channel.DefaultChannelPool - Adding Candidate expired Channel [id: 0xf0d54c18, L:/127.0.0.1:49990 ! R:localhost/127.0.0.1:12266] isIdleTimeoutExpired=false isRemotelyClosed=true isTtlExpired=false
10:02:32.766 [AsyncHttpClient-1-1] DEBUG org.asynchttpclient.netty.channel.DefaultChannelPool - Closing Idle Channel [id: 0xf0d54c18, L:/127.0.0.1:49990 ! R:localhost/127.0.0.1:12266]
10:02:32.766 [AsyncHttpClient-1-1] DEBUG org.asynchttpclient.netty.channel.DefaultChannelPool - Adding Candidate expired Channel [id: 0x391a9ce3, L:/127.0.0.1:49998 ! R:localhost/127.0.0.1:49991] isIdleTimeoutExpired=false isRemotelyClosed=true isTtlExpired=false
10:02:32.766 [AsyncHttpClient-1-1] DEBUG org.asynchttpclient.netty.channel.DefaultChannelPool - Closing Idle Channel [id: 0x391a9ce3, L:/127.0.0.1:49998 ! R:localhost/127.0.0.1:49991]
10:02:32.766 [AsyncHttpClient-1-1] DEBUG org.asynchttpclient.netty.channel.DefaultChannelPool - Closed 2 connections out of 2 in 0 ms
10:02:35.063 [AsyncHttpClient-1-4] DEBUG org.asynchttpclient.netty.handler.HttpHandler - 

Request DefaultHttpRequest(decodeResult: success, version: HTTP/1.1)
POST /session HTTP/1.1
User-Agent: selenium/4.7.1 (java windows)
Content-Length: 1629
Content-Type: application/json; charset=utf-8
host: localhost:41065
accept: */*

Response DefaultHttpResponse(decodeResult: success, version: HTTP/1.1)
HTTP/1.1 200 OK
Content-Type: application/json; charset=utf-8
cache-control: no-cache
content-length: 855

10:02:35.064 [AsyncHttpClient-1-4] DEBUG org.asynchttpclient.netty.channel.ChannelManager - Adding key: http://localhost:41065 for channel [id: 0x1e529968, L:/127.0.0.1:50018 - R:localhost/127.0.0.1:41065]
10:02:35.078 [AsyncHttpClient-1-5] DEBUG org.asynchttpclient.netty.channel.NettyConnectListener - Using new Channel '[id: 0x9c7c955b, L:/127.0.0.1:50026 - R:localhost/127.0.0.1:50019]' for 'GET' to '/json/version'
10:02:35.079 [AsyncHttpClient-1-5] DEBUG org.asynchttpclient.netty.handler.HttpHandler - 

Request DefaultFullHttpRequest(decodeResult: success, version: HTTP/1.1, content: EmptyByteBufBE)
GET /json/version HTTP/1.1
User-Agent: selenium/4.7.1 (java windows)
host: localhost:50019
accept: */*

Response DefaultHttpResponse(decodeResult: success, version: HTTP/1.1)
HTTP/1.1 200 OK
Content-Security-Policy: frame-ancestors 'none'
Content-Type: application/json; charset=UTF-8
content-length: 424

10:02:35.079 [AsyncHttpClient-1-5] DEBUG org.asynchttpclient.netty.channel.ChannelManager - Adding key: http://localhost:50019 for channel [id: 0x9c7c955b, L:/127.0.0.1:50026 - R:localhost/127.0.0.1:50019]
10:02:35.084 [AsyncHttpClient-1-6] DEBUG org.asynchttpclient.netty.channel.NettyConnectListener - Using new Channel '[id: 0x10aff17f, L:/127.0.0.1:50027 - R:localhost/127.0.0.1:50019]' for 'GET' to '/devtools/browser/a7a50e47-134d-4a17-a7df-76ceab7475e3'
10:02:35.088 [AsyncHttpClient-1-6] DEBUG org.asynchttpclient.netty.handler.WebSocketHandler - 

Request DefaultFullHttpRequest(decodeResult: success, version: HTTP/1.1, content: EmptyByteBufBE)
GET /devtools/browser/a7a50e47-134d-4a17-a7df-76ceab7475e3 HTTP/1.1
upgrade: websocket
connection: upgrade
sec-websocket-key: eKJFjir98AZT+ztMMMzskA==
sec-websocket-version: 13
origin: http://localhost:50019
host: localhost:50019
accept: */*
user-agent: AHC/2.1

Response DefaultHttpResponse(decodeResult: success, version: HTTP/1.1)
HTTP/1.1 101 WebSocket Protocol Handshake
Upgrade: WebSocket
Connection: Upgrade
Sec-WebSocket-Accept: ABqA+ahyqOSMpbyt54WjbgVO8fw=

10:02:35.097 [Forwarding get on session 16dea9b7590980447ad68998ccaf010c to remote] DEBUG org.asynchttpclient.netty.request.NettyRequestSender - Using pooled Channel '[id: 0x1e529968, L:/127.0.0.1:50018 - R:localhost/127.0.0.1:41065]' for 'POST' to 'http://localhost:41065/session/16dea9b7590980447ad68998ccaf010c/url'
10:02:35.097 [Forwarding get on session 16dea9b7590980447ad68998ccaf010c to remote] DEBUG org.asynchttpclient.netty.request.NettyRequestSender - Using open Channel [id: 0x1e529968, L:/127.0.0.1:50018 - R:localhost/127.0.0.1:41065] for POST '/session/16dea9b7590980447ad68998ccaf010c/url'
10:02:36.073 [AsyncHttpClient-1-1] DEBUG org.asynchttpclient.netty.channel.DefaultChannelPool - Entry count for : http://localhost:50019 : 1
10:02:37.168 [AsyncHttpClient-1-1] DEBUG org.asynchttpclient.netty.channel.DefaultChannelPool - Entry count for : http://localhost:50019 : 1
10:02:38.264 [AsyncHttpClient-1-1] DEBUG org.asynchttpclient.netty.channel.DefaultChannelPool - Entry count for : http://localhost:50019 : 1
10:02:39.106 [AsyncHttpClient-1-4] DEBUG org.asynchttpclient.netty.handler.HttpHandler - 

Request DefaultHttpRequest(decodeResult: success, version: HTTP/1.1)
POST /session/16dea9b7590980447ad68998ccaf010c/url HTTP/1.1
User-Agent: selenium/4.7.1 (java windows)
Content-Length: 59
Content-Type: application/json; charset=utf-8
host: localhost:41065
accept: */*

Response DefaultHttpResponse(decodeResult: success, version: HTTP/1.1)
HTTP/1.1 200 OK
Content-Type: application/json; charset=utf-8
cache-control: no-cache
content-length: 14

10:02:39.106 [AsyncHttpClient-1-4] DEBUG org.asynchttpclient.netty.channel.ChannelManager - Adding key: http://localhost:41065 for channel [id: 0x1e529968, L:/127.0.0.1:50018 - R:localhost/127.0.0.1:41065]
10:02:39.108 [Forwarding setTimeout on session 16dea9b7590980447ad68998ccaf010c to remote] DEBUG org.asynchttpclient.netty.request.NettyRequestSender - Using pooled Channel '[id: 0x1e529968, L:/127.0.0.1:50018 - R:localhost/127.0.0.1:41065]' for 'POST' to 'http://localhost:41065/session/16dea9b7590980447ad68998ccaf010c/timeouts'
10:02:39.109 [Forwarding setTimeout on session 16dea9b7590980447ad68998ccaf010c to remote] DEBUG org.asynchttpclient.netty.request.NettyRequestSender - Using open Channel [id: 0x1e529968, L:/127.0.0.1:50018 - R:localhost/127.0.0.1:41065] for POST '/session/16dea9b7590980447ad68998ccaf010c/timeouts'
10:02:39.110 [AsyncHttpClient-1-4] DEBUG org.asynchttpclient.netty.handler.HttpHandler - 

Request DefaultHttpRequest(decodeResult: success, version: HTTP/1.1)
POST /session/16dea9b7590980447ad68998ccaf010c/timeouts HTTP/1.1
User-Agent: selenium/4.7.1 (java windows)
Content-Length: 22
Content-Type: application/json; charset=utf-8
host: localhost:41065
accept: */*

Response DefaultHttpResponse(decodeResult: success, version: HTTP/1.1)
HTTP/1.1 200 OK
Content-Type: application/json; charset=utf-8
cache-control: no-cache
content-length: 14

10:02:39.110 [AsyncHttpClient-1-4] DEBUG org.asynchttpclient.netty.channel.ChannelManager - Adding key: http://localhost:41065 for channel [id: 0x1e529968, L:/127.0.0.1:50018 - R:localhost/127.0.0.1:41065]
10:02:39.116 [Forwarding getCurrentUrl on session 16dea9b7590980447ad68998ccaf010c to remote] DEBUG org.asynchttpclient.netty.request.NettyRequestSender - Using pooled Channel '[id: 0x1e529968, L:/127.0.0.1:50018 - R:localhost/127.0.0.1:41065]' for 'GET' to 'http://localhost:41065/session/16dea9b7590980447ad68998ccaf010c/url'
10:02:39.116 [Forwarding getCurrentUrl on session 16dea9b7590980447ad68998ccaf010c to remote] DEBUG org.asynchttpclient.netty.request.NettyRequestSender - Using open Channel [id: 0x1e529968, L:/127.0.0.1:50018 - R:localhost/127.0.0.1:41065] for GET '/session/16dea9b7590980447ad68998ccaf010c/url'
10:02:39.125 [AsyncHttpClient-1-4] DEBUG org.asynchttpclient.netty.handler.HttpHandler - 

Request DefaultFullHttpRequest(decodeResult: success, version: HTTP/1.1, content: EmptyByteBufBE)
GET /session/16dea9b7590980447ad68998ccaf010c/url HTTP/1.1
User-Agent: selenium/4.7.1 (java windows)
Cache-Control: no-cache
Content-Type: application/json; charset=utf-8
host: localhost:41065
accept: */*

Response DefaultHttpResponse(decodeResult: success, version: HTTP/1.1)
HTTP/1.1 200 OK
Content-Type: application/json; charset=utf-8
cache-control: no-cache
content-length: 41

10:02:39.125 [AsyncHttpClient-1-4] DEBUG org.asynchttpclient.netty.channel.ChannelManager - Adding key: http://localhost:41065 for channel [id: 0x1e529968, L:/127.0.0.1:50018 - R:localhost/127.0.0.1:41065]
10:02:39.128 [Forwarding getCurrentUrl on session 16dea9b7590980447ad68998ccaf010c to remote] DEBUG org.asynchttpclient.netty.request.NettyRequestSender - Using pooled Channel '[id: 0x1e529968, L:/127.0.0.1:50018 - R:localhost/127.0.0.1:41065]' for 'GET' to 'http://localhost:41065/session/16dea9b7590980447ad68998ccaf010c/url'
10:02:39.128 [Forwarding getCurrentUrl on session 16dea9b7590980447ad68998ccaf010c to remote] DEBUG org.asynchttpclient.netty.request.NettyRequestSender - Using open Channel [id: 0x1e529968, L:/127.0.0.1:50018 - R:localhost/127.0.0.1:41065] for GET '/session/16dea9b7590980447ad68998ccaf010c/url'
10:02:39.134 [AsyncHttpClient-1-4] DEBUG org.asynchttpclient.netty.handler.HttpHandler - 

Request DefaultFullHttpRequest(decodeResult: success, version: HTTP/1.1, content: EmptyByteBufBE)
GET /session/16dea9b7590980447ad68998ccaf010c/url HTTP/1.1
User-Agent: selenium/4.7.1 (java windows)
Cache-Control: no-cache
Content-Type: application/json; charset=utf-8
host: localhost:41065
accept: */*

Response DefaultHttpResponse(decodeResult: success, version: HTTP/1.1)
HTTP/1.1 200 OK
Content-Type: application/json; charset=utf-8
cache-control: no-cache
content-length: 41

10:02:39.135 [AsyncHttpClient-1-4] DEBUG org.asynchttpclient.netty.channel.ChannelManager - Adding key: http://localhost:41065 for channel [id: 0x1e529968, L:/127.0.0.1:50018 - R:localhost/127.0.0.1:41065]
10:02:39.138 [Forwarding findElement on session 16dea9b7590980447ad68998ccaf010c to remote] DEBUG org.asynchttpclient.netty.request.NettyRequestSender - Using pooled Channel '[id: 0x1e529968, L:/127.0.0.1:50018 - R:localhost/127.0.0.1:41065]' for 'POST' to 'http://localhost:41065/session/16dea9b7590980447ad68998ccaf010c/element'
10:02:39.138 [Forwarding findElement on session 16dea9b7590980447ad68998ccaf010c to remote] DEBUG org.asynchttpclient.netty.request.NettyRequestSender - Using open Channel [id: 0x1e529968, L:/127.0.0.1:50018 - R:localhost/127.0.0.1:41065] for POST '/session/16dea9b7590980447ad68998ccaf010c/element'
10:02:39.163 [AsyncHttpClient-1-4] DEBUG org.asynchttpclient.netty.handler.HttpHandler - 

Request DefaultHttpRequest(decodeResult: success, version: HTTP/1.1)
POST /session/16dea9b7590980447ad68998ccaf010c/element HTTP/1.1
User-Agent: selenium/4.7.1 (java windows)
Content-Length: 108
Content-Type: application/json; charset=utf-8
host: localhost:41065
accept: */*

Response DefaultHttpResponse(decodeResult: success, version: HTTP/1.1)
HTTP/1.1 200 OK
Content-Type: application/json; charset=utf-8
cache-control: no-cache
content-length: 88

10:02:39.164 [AsyncHttpClient-1-4] DEBUG org.asynchttpclient.netty.channel.ChannelManager - Adding key: http://localhost:41065 for channel [id: 0x1e529968, L:/127.0.0.1:50018 - R:localhost/127.0.0.1:41065]
10:02:39.168 [Forwarding isElementDisplayed on session 16dea9b7590980447ad68998ccaf010c to remote] DEBUG org.asynchttpclient.netty.request.NettyRequestSender - Using pooled Channel '[id: 0x1e529968, L:/127.0.0.1:50018 - R:localhost/127.0.0.1:41065]' for 'POST' to 'http://localhost:41065/session/16dea9b7590980447ad68998ccaf010c/execute/sync'
10:02:39.168 [Forwarding isElementDisplayed on session 16dea9b7590980447ad68998ccaf010c to remote] DEBUG org.asynchttpclient.netty.request.NettyRequestSender - Using open Channel [id: 0x1e529968, L:/127.0.0.1:50018 - R:localhost/127.0.0.1:41065] for POST '/session/16dea9b7590980447ad68998ccaf010c/execute/sync'
10:02:39.187 [AsyncHttpClient-1-4] DEBUG org.asynchttpclient.netty.handler.HttpHandler - 

Request DefaultHttpRequest(decodeResult: success, version: HTTP/1.1)
POST /session/16dea9b7590980447ad68998ccaf010c/execute/sync HTTP/1.1
User-Agent: selenium/4.7.1 (java windows)
Content-Length: 48780
Content-Type: application/json; charset=utf-8
host: localhost:41065
accept: */*

Response DefaultHttpResponse(decodeResult: success, version: HTTP/1.1)
HTTP/1.1 200 OK
Content-Type: application/json; charset=utf-8
cache-control: no-cache
content-length: 14

10:02:39.187 [AsyncHttpClient-1-4] DEBUG org.asynchttpclient.netty.channel.ChannelManager - Adding key: http://localhost:41065 for channel [id: 0x1e529968, L:/127.0.0.1:50018 - R:localhost/127.0.0.1:41065]
10:02:39.191 [Forwarding isElementDisplayed on session 16dea9b7590980447ad68998ccaf010c to remote] DEBUG org.asynchttpclient.netty.request.NettyRequestSender - Using pooled Channel '[id: 0x1e529968, L:/127.0.0.1:50018 - R:localhost/127.0.0.1:41065]' for 'POST' to 'http://localhost:41065/session/16dea9b7590980447ad68998ccaf010c/execute/sync'
10:02:39.191 [Forwarding isElementDisplayed on session 16dea9b7590980447ad68998ccaf010c to remote] DEBUG org.asynchttpclient.netty.request.NettyRequestSender - Using open Channel [id: 0x1e529968, L:/127.0.0.1:50018 - R:localhost/127.0.0.1:41065] for POST '/session/16dea9b7590980447ad68998ccaf010c/execute/sync'
10:02:39.209 [AsyncHttpClient-1-4] DEBUG org.asynchttpclient.netty.handler.HttpHandler - 

Request DefaultHttpRequest(decodeResult: success, version: HTTP/1.1)
POST /session/16dea9b7590980447ad68998ccaf010c/execute/sync HTTP/1.1
User-Agent: selenium/4.7.1 (java windows)
Content-Length: 48780
Content-Type: application/json; charset=utf-8
host: localhost:41065
accept: */*

Response DefaultHttpResponse(decodeResult: success, version: HTTP/1.1)
HTTP/1.1 200 OK
Content-Type: application/json; charset=utf-8
cache-control: no-cache
content-length: 14

10:02:39.209 [AsyncHttpClient-1-4] DEBUG org.asynchttpclient.netty.channel.ChannelManager - Adding key: http://localhost:41065 for channel [id: 0x1e529968, L:/127.0.0.1:50018 - R:localhost/127.0.0.1:41065]
10:02:39.214 [main] DEBUG net.serenitybdd.core.photography.Darkroom - Opening darkroom
10:02:39.215 [Darkroom Processing Line] DEBUG net.serenitybdd.core.photography.DarkroomProcessingLine - Darkroom processing line starting up
10:02:39.216 [Forwarding getCurrentWindowHandle on session 16dea9b7590980447ad68998ccaf010c to remote] DEBUG org.asynchttpclient.netty.request.NettyRequestSender - Using pooled Channel '[id: 0x1e529968, L:/127.0.0.1:50018 - R:localhost/127.0.0.1:41065]' for 'GET' to 'http://localhost:41065/session/16dea9b7590980447ad68998ccaf010c/window'
10:02:39.216 [Forwarding getCurrentWindowHandle on session 16dea9b7590980447ad68998ccaf010c to remote] DEBUG org.asynchttpclient.netty.request.NettyRequestSender - Using open Channel [id: 0x1e529968, L:/127.0.0.1:50018 - R:localhost/127.0.0.1:41065] for GET '/session/16dea9b7590980447ad68998ccaf010c/window'
10:02:39.217 [AsyncHttpClient-1-4] DEBUG org.asynchttpclient.netty.handler.HttpHandler - 

Request DefaultFullHttpRequest(decodeResult: success, version: HTTP/1.1, content: EmptyByteBufBE)
GET /session/16dea9b7590980447ad68998ccaf010c/window HTTP/1.1
User-Agent: selenium/4.7.1 (java windows)
Cache-Control: no-cache
Content-Type: application/json; charset=utf-8
host: localhost:41065
accept: */*

Response DefaultHttpResponse(decodeResult: success, version: HTTP/1.1)
HTTP/1.1 200 OK
Content-Type: application/json; charset=utf-8
cache-control: no-cache
content-length: 44

10:02:39.218 [AsyncHttpClient-1-4] DEBUG org.asynchttpclient.netty.channel.ChannelManager - Adding key: http://localhost:41065 for channel [id: 0x1e529968, L:/127.0.0.1:50018 - R:localhost/127.0.0.1:41065]
10:02:39.219 [Forwarding getAlertText on session 16dea9b7590980447ad68998ccaf010c to remote] DEBUG org.asynchttpclient.netty.request.NettyRequestSender - Using pooled Channel '[id: 0x1e529968, L:/127.0.0.1:50018 - R:localhost/127.0.0.1:41065]' for 'GET' to 'http://localhost:41065/session/16dea9b7590980447ad68998ccaf010c/alert/text'
10:02:39.219 [Forwarding getAlertText on session 16dea9b7590980447ad68998ccaf010c to remote] DEBUG org.asynchttpclient.netty.request.NettyRequestSender - Using open Channel [id: 0x1e529968, L:/127.0.0.1:50018 - R:localhost/127.0.0.1:41065] for GET '/session/16dea9b7590980447ad68998ccaf010c/alert/text'
10:02:39.223 [AsyncHttpClient-1-4] DEBUG org.asynchttpclient.netty.handler.HttpHandler - 

Request DefaultFullHttpRequest(decodeResult: success, version: HTTP/1.1, content: EmptyByteBufBE)
GET /session/16dea9b7590980447ad68998ccaf010c/alert/text HTTP/1.1
User-Agent: selenium/4.7.1 (java windows)
Cache-Control: no-cache
Content-Type: application/json; charset=utf-8
host: localhost:41065
accept: */*

Response DefaultHttpResponse(decodeResult: success, version: HTTP/1.1)
HTTP/1.1 404 Not Found
Content-Type: application/json; charset=utf-8
cache-control: no-cache
content-length: 821

10:02:39.223 [AsyncHttpClient-1-4] DEBUG org.asynchttpclient.netty.channel.ChannelManager - Adding key: http://localhost:41065 for channel [id: 0x1e529968, L:/127.0.0.1:50018 - R:localhost/127.0.0.1:41065]
10:02:39.226 [Forwarding switchToWindow on session 16dea9b7590980447ad68998ccaf010c to remote] DEBUG org.asynchttpclient.netty.request.NettyRequestSender - Using pooled Channel '[id: 0x1e529968, L:/127.0.0.1:50018 - R:localhost/127.0.0.1:41065]' for 'POST' to 'http://localhost:41065/session/16dea9b7590980447ad68998ccaf010c/window'
10:02:39.226 [Forwarding switchToWindow on session 16dea9b7590980447ad68998ccaf010c to remote] DEBUG org.asynchttpclient.netty.request.NettyRequestSender - Using open Channel [id: 0x1e529968, L:/127.0.0.1:50018 - R:localhost/127.0.0.1:41065] for POST '/session/16dea9b7590980447ad68998ccaf010c/window'
10:02:39.229 [AsyncHttpClient-1-4] DEBUG org.asynchttpclient.netty.handler.HttpHandler - 

Request DefaultHttpRequest(decodeResult: success, version: HTTP/1.1)
POST /session/16dea9b7590980447ad68998ccaf010c/window HTTP/1.1
User-Agent: selenium/4.7.1 (java windows)
Content-Length: 50
Content-Type: application/json; charset=utf-8
host: localhost:41065
accept: */*

Response DefaultHttpResponse(decodeResult: success, version: HTTP/1.1)
HTTP/1.1 200 OK
Content-Type: application/json; charset=utf-8
cache-control: no-cache
content-length: 14

10:02:39.230 [AsyncHttpClient-1-4] DEBUG org.asynchttpclient.netty.channel.ChannelManager - Adding key: http://localhost:41065 for channel [id: 0x1e529968, L:/127.0.0.1:50018 - R:localhost/127.0.0.1:41065]
10:02:39.231 [Forwarding getCurrentUrl on session 16dea9b7590980447ad68998ccaf010c to remote] DEBUG org.asynchttpclient.netty.request.NettyRequestSender - Using pooled Channel '[id: 0x1e529968, L:/127.0.0.1:50018 - R:localhost/127.0.0.1:41065]' for 'GET' to 'http://localhost:41065/session/16dea9b7590980447ad68998ccaf010c/url'
10:02:39.232 [Forwarding getCurrentUrl on session 16dea9b7590980447ad68998ccaf010c to remote] DEBUG org.asynchttpclient.netty.request.NettyRequestSender - Using open Channel [id: 0x1e529968, L:/127.0.0.1:50018 - R:localhost/127.0.0.1:41065] for GET '/session/16dea9b7590980447ad68998ccaf010c/url'
10:02:39.239 [AsyncHttpClient-1-4] DEBUG org.asynchttpclient.netty.handler.HttpHandler - 

Request DefaultFullHttpRequest(decodeResult: success, version: HTTP/1.1, content: EmptyByteBufBE)
GET /session/16dea9b7590980447ad68998ccaf010c/url HTTP/1.1
User-Agent: selenium/4.7.1 (java windows)
Cache-Control: no-cache
Content-Type: application/json; charset=utf-8
host: localhost:41065
accept: */*

Response DefaultHttpResponse(decodeResult: success, version: HTTP/1.1)
HTTP/1.1 200 OK
Content-Type: application/json; charset=utf-8
cache-control: no-cache
content-length: 41

10:02:39.240 [AsyncHttpClient-1-4] DEBUG org.asynchttpclient.netty.channel.ChannelManager - Adding key: http://localhost:41065 for channel [id: 0x1e529968, L:/127.0.0.1:50018 - R:localhost/127.0.0.1:41065]
10:02:39.241 [Forwarding screenshot on session 16dea9b7590980447ad68998ccaf010c to remote] DEBUG org.asynchttpclient.netty.request.NettyRequestSender - Using pooled Channel '[id: 0x1e529968, L:/127.0.0.1:50018 - R:localhost/127.0.0.1:41065]' for 'GET' to 'http://localhost:41065/session/16dea9b7590980447ad68998ccaf010c/screenshot'
10:02:39.241 [Forwarding screenshot on session 16dea9b7590980447ad68998ccaf010c to remote] DEBUG org.asynchttpclient.netty.request.NettyRequestSender - Using open Channel [id: 0x1e529968, L:/127.0.0.1:50018 - R:localhost/127.0.0.1:41065] for GET '/session/16dea9b7590980447ad68998ccaf010c/screenshot'
10:02:39.365 [AsyncHttpClient-1-1] DEBUG org.asynchttpclient.netty.channel.DefaultChannelPool - Entry count for : http://localhost:50019 : 1
10:02:39.372 [AsyncHttpClient-1-4] DEBUG org.asynchttpclient.netty.handler.HttpHandler - 

Request DefaultFullHttpRequest(decodeResult: success, version: HTTP/1.1, content: EmptyByteBufBE)
GET /session/16dea9b7590980447ad68998ccaf010c/screenshot HTTP/1.1
User-Agent: selenium/4.7.1 (java windows)
Cache-Control: no-cache
Content-Type: application/json; charset=utf-8
host: localhost:41065
accept: */*

Response DefaultHttpResponse(decodeResult: success, version: HTTP/1.1)
HTTP/1.1 200 OK
Content-Type: application/json; charset=utf-8
cache-control: no-cache
content-length: 116604

10:02:39.373 [AsyncHttpClient-1-4] DEBUG org.asynchttpclient.netty.channel.ChannelManager - Adding key: http://localhost:41065 for channel [id: 0x1e529968, L:/127.0.0.1:50018 - R:localhost/127.0.0.1:41065]
10:02:39.377 [main] DEBUG net.serenitybdd.core.photography.Darkroom - Send negative for processing for target\site\serenity\4df796af2a8bdb756d1884b1e063cc00b8bad9b7c3d312055b4347f07439074a.png
10:02:39.378 [main] DEBUG net.thucydides.core.steps.StepInterceptor - STEP DONE: diHomepageAltaShop
  &amp#27;[32mGiven &amp#27;[0m&amp#27;[32muser berada di Homepage AltaShop&amp#27;[0m                             &amp#27;[90m# starter.stepdefinitions.LoginRegisterSteps.userBeradaDiHomepageAlta()&amp#27;[0m
10:02:39.394 [main] DEBUG net.thucydides.core.steps.StepInterceptor - STARTING STEP: LoginRegisterSteps.userKlikButtonLogin - klikButtonLogin
10:02:39.401 [Forwarding findElement on session 16dea9b7590980447ad68998ccaf010c to remote] DEBUG org.asynchttpclient.netty.request.NettyRequestSender - Using pooled Channel '[id: 0x1e529968, L:/127.0.0.1:50018 - R:localhost/127.0.0.1:41065]' for 'POST' to 'http://localhost:41065/session/16dea9b7590980447ad68998ccaf010c/element'
10:02:39.402 [Forwarding findElement on session 16dea9b7590980447ad68998ccaf010c to remote] DEBUG org.asynchttpclient.netty.request.NettyRequestSender - Using open Channel [id: 0x1e529968, L:/127.0.0.1:50018 - R:localhost/127.0.0.1:41065] for POST '/session/16dea9b7590980447ad68998ccaf010c/element'
10:02:39.423 [AsyncHttpClient-1-4] DEBUG org.asynchttpclient.netty.handler.HttpHandler - 

Request DefaultHttpRequest(decodeResult: success, version: HTTP/1.1)
POST /session/16dea9b7590980447ad68998ccaf010c/element HTTP/1.1
User-Agent: selenium/4.7.1 (java windows)
Content-Length: 108
Content-Type: application/json; charset=utf-8
host: localhost:41065
accept: */*

Response DefaultHttpResponse(decodeResult: success, version: HTTP/1.1)
HTTP/1.1 200 OK
Content-Type: application/json; charset=utf-8
cache-control: no-cache
content-length: 88

10:02:39.423 [AsyncHttpClient-1-4] DEBUG org.asynchttpclient.netty.channel.ChannelManager - Adding key: http://localhost:41065 for channel [id: 0x1e529968, L:/127.0.0.1:50018 - R:localhost/127.0.0.1:41065]
10:02:39.425 [Forwarding getElementTagName on session 16dea9b7590980447ad68998ccaf010c to remote] DEBUG org.asynchttpclient.netty.request.NettyRequestSender - Using pooled Channel '[id: 0x1e529968, L:/127.0.0.1:50018 - R:localhost/127.0.0.1:41065]' for 'GET' to 'http://localhost:41065/session/16dea9b7590980447ad68998ccaf010c/element/e7bf3311-8539-4167-995c-7e45efab4bce/name'
10:02:39.425 [Forwarding getElementTagName on session 16dea9b7590980447ad68998ccaf010c to remote] DEBUG org.asynchttpclient.netty.request.NettyRequestSender - Using open Channel [id: 0x1e529968, L:/127.0.0.1:50018 - R:localhost/127.0.0.1:41065] for GET '/session/16dea9b7590980447ad68998ccaf010c/element/e7bf3311-8539-4167-995c-7e45efab4bce/name'
10:02:39.433 [AsyncHttpClient-1-4] DEBUG org.asynchttpclient.netty.handler.HttpHandler - 

Request DefaultFullHttpRequest(decodeResult: success, version: HTTP/1.1, content: EmptyByteBufBE)
GET /session/16dea9b7590980447ad68998ccaf010c/element/e7bf3311-8539-4167-995c-7e45efab4bce/name HTTP/1.1
User-Agent: selenium/4.7.1 (java windows)
Cache-Control: no-cache
Content-Type: application/json; charset=utf-8
host: localhost:41065
accept: */*

Response DefaultHttpResponse(decodeResult: success, version: HTTP/1.1)
HTTP/1.1 200 OK
Content-Type: application/json; charset=utf-8
cache-control: no-cache
content-length: 18

10:02:39.433 [AsyncHttpClient-1-4] DEBUG org.asynchttpclient.netty.channel.ChannelManager - Adding key: http://localhost:41065 for channel [id: 0x1e529968, L:/127.0.0.1:50018 - R:localhost/127.0.0.1:41065]
10:02:39.435 [Forwarding getElementTagName on session 16dea9b7590980447ad68998ccaf010c to remote] DEBUG org.asynchttpclient.netty.request.NettyRequestSender - Using pooled Channel '[id: 0x1e529968, L:/127.0.0.1:50018 - R:localhost/127.0.0.1:41065]' for 'GET' to 'http://localhost:41065/session/16dea9b7590980447ad68998ccaf010c/element/e7bf3311-8539-4167-995c-7e45efab4bce/name'
10:02:39.435 [Forwarding getElementTagName on session 16dea9b7590980447ad68998ccaf010c to remote] DEBUG org.asynchttpclient.netty.request.NettyRequestSender - Using open Channel [id: 0x1e529968, L:/127.0.0.1:50018 - R:localhost/127.0.0.1:41065] for GET '/session/16dea9b7590980447ad68998ccaf010c/element/e7bf3311-8539-4167-995c-7e45efab4bce/name'
10:02:39.441 [AsyncHttpClient-1-4] DEBUG org.asynchttpclient.netty.handler.HttpHandler - 

Request DefaultFullHttpRequest(decodeResult: success, version: HTTP/1.1, content: EmptyByteBufBE)
GET /session/16dea9b7590980447ad68998ccaf010c/element/e7bf3311-8539-4167-995c-7e45efab4bce/name HTTP/1.1
User-Agent: selenium/4.7.1 (java windows)
Cache-Control: no-cache
Content-Type: application/json; charset=utf-8
host: localhost:41065
accept: */*

Response DefaultHttpResponse(decodeResult: success, version: HTTP/1.1)
HTTP/1.1 200 OK
Content-Type: application/json; charset=utf-8
cache-control: no-cache
content-length: 18

10:02:39.441 [AsyncHttpClient-1-4] DEBUG org.asynchttpclient.netty.channel.ChannelManager - Adding key: http://localhost:41065 for channel [id: 0x1e529968, L:/127.0.0.1:50018 - R:localhost/127.0.0.1:41065]
10:02:39.444 [Forwarding isElementEnabled on session 16dea9b7590980447ad68998ccaf010c to remote] DEBUG org.asynchttpclient.netty.request.NettyRequestSender - Using pooled Channel '[id: 0x1e529968, L:/127.0.0.1:50018 - R:localhost/127.0.0.1:41065]' for 'GET' to 'http://localhost:41065/session/16dea9b7590980447ad68998ccaf010c/element/e7bf3311-8539-4167-995c-7e45efab4bce/enabled'
10:02:39.444 [Forwarding isElementEnabled on session 16dea9b7590980447ad68998ccaf010c to remote] DEBUG org.asynchttpclient.netty.request.NettyRequestSender - Using open Channel [id: 0x1e529968, L:/127.0.0.1:50018 - R:localhost/127.0.0.1:41065] for GET '/session/16dea9b7590980447ad68998ccaf010c/element/e7bf3311-8539-4167-995c-7e45efab4bce/enabled'
10:02:39.457 [AsyncHttpClient-1-4] DEBUG org.asynchttpclient.netty.handler.HttpHandler - 

Request DefaultFullHttpRequest(decodeResult: success, version: HTTP/1.1, content: EmptyByteBufBE)
GET /session/16dea9b7590980447ad68998ccaf010c/element/e7bf3311-8539-4167-995c-7e45efab4bce/enabled HTTP/1.1
User-Agent: selenium/4.7.1 (java windows)
Cache-Control: no-cache
Content-Type: application/json; charset=utf-8
host: localhost:41065
accept: */*

Response DefaultHttpResponse(decodeResult: success, version: HTTP/1.1)
HTTP/1.1 200 OK
Content-Type: application/json; charset=utf-8
cache-control: no-cache
content-length: 14

10:02:39.457 [AsyncHttpClient-1-4] DEBUG org.asynchttpclient.netty.channel.ChannelManager - Adding key: http://localhost:41065 for channel [id: 0x1e529968, L:/127.0.0.1:50018 - R:localhost/127.0.0.1:41065]
10:02:39.459 [Forwarding isElementEnabled on session 16dea9b7590980447ad68998ccaf010c to remote] DEBUG org.asynchttpclient.netty.request.NettyRequestSender - Using pooled Channel '[id: 0x1e529968, L:/127.0.0.1:50018 - R:localhost/127.0.0.1:41065]' for 'GET' to 'http://localhost:41065/session/16dea9b7590980447ad68998ccaf010c/element/e7bf3311-8539-4167-995c-7e45efab4bce/enabled'
10:02:39.459 [Forwarding isElementEnabled on session 16dea9b7590980447ad68998ccaf010c to remote] DEBUG org.asynchttpclient.netty.request.NettyRequestSender - Using open Channel [id: 0x1e529968, L:/127.0.0.1:50018 - R:localhost/127.0.0.1:41065] for GET '/session/16dea9b7590980447ad68998ccaf010c/element/e7bf3311-8539-4167-995c-7e45efab4bce/enabled'
10:02:39.474 [AsyncHttpClient-1-4] DEBUG org.asynchttpclient.netty.handler.HttpHandler - 

Request DefaultFullHttpRequest(decodeResult: success, version: HTTP/1.1, content: EmptyByteBufBE)
GET /session/16dea9b7590980447ad68998ccaf010c/element/e7bf3311-8539-4167-995c-7e45efab4bce/enabled HTTP/1.1
User-Agent: selenium/4.7.1 (java windows)
Cache-Control: no-cache
Content-Type: application/json; charset=utf-8
host: localhost:41065
accept: */*

Response DefaultHttpResponse(decodeResult: success, version: HTTP/1.1)
HTTP/1.1 200 OK
Content-Type: application/json; charset=utf-8
cache-control: no-cache
content-length: 14

10:02:39.475 [AsyncHttpClient-1-4] DEBUG org.asynchttpclient.netty.channel.ChannelManager - Adding key: http://localhost:41065 for channel [id: 0x1e529968, L:/127.0.0.1:50018 - R:localhost/127.0.0.1:41065]
10:02:39.478 [Forwarding findElement on session 16dea9b7590980447ad68998ccaf010c to remote] DEBUG org.asynchttpclient.netty.request.NettyRequestSender - Using pooled Channel '[id: 0x1e529968, L:/127.0.0.1:50018 - R:localhost/127.0.0.1:41065]' for 'POST' to 'http://localhost:41065/session/16dea9b7590980447ad68998ccaf010c/element'
10:02:39.478 [Forwarding findElement on session 16dea9b7590980447ad68998ccaf010c to remote] DEBUG org.asynchttpclient.netty.request.NettyRequestSender - Using open Channel [id: 0x1e529968, L:/127.0.0.1:50018 - R:localhost/127.0.0.1:41065] for POST '/session/16dea9b7590980447ad68998ccaf010c/element'
10:02:39.501 [AsyncHttpClient-1-4] DEBUG org.asynchttpclient.netty.handler.HttpHandler - 

Request DefaultHttpRequest(decodeResult: success, version: HTTP/1.1)
POST /session/16dea9b7590980447ad68998ccaf010c/element HTTP/1.1
User-Agent: selenium/4.7.1 (java windows)
Content-Length: 108
Content-Type: application/json; charset=utf-8
host: localhost:41065
accept: */*

Response DefaultHttpResponse(decodeResult: success, version: HTTP/1.1)
HTTP/1.1 200 OK
Content-Type: application/json; charset=utf-8
cache-control: no-cache
content-length: 88

10:02:39.501 [AsyncHttpClient-1-4] DEBUG org.asynchttpclient.netty.channel.ChannelManager - Adding key: http://localhost:41065 for channel [id: 0x1e529968, L:/127.0.0.1:50018 - R:localhost/127.0.0.1:41065]
10:02:39.503 [Forwarding clickElement on session 16dea9b7590980447ad68998ccaf010c to remote] DEBUG org.asynchttpclient.netty.request.NettyRequestSender - Using pooled Channel '[id: 0x1e529968, L:/127.0.0.1:50018 - R:localhost/127.0.0.1:41065]' for 'POST' to 'http://localhost:41065/session/16dea9b7590980447ad68998ccaf010c/element/e7bf3311-8539-4167-995c-7e45efab4bce/click'
10:02:39.503 [Forwarding clickElement on session 16dea9b7590980447ad68998ccaf010c to remote] DEBUG org.asynchttpclient.netty.request.NettyRequestSender - Using open Channel [id: 0x1e529968, L:/127.0.0.1:50018 - R:localhost/127.0.0.1:41065] for POST '/session/16dea9b7590980447ad68998ccaf010c/element/e7bf3311-8539-4167-995c-7e45efab4bce/click'
10:02:39.603 [AsyncHttpClient-1-4] DEBUG org.asynchttpclient.netty.handler.HttpHandler - 

Request DefaultHttpRequest(decodeResult: success, version: HTTP/1.1)
POST /session/16dea9b7590980447ad68998ccaf010c/element/e7bf3311-8539-4167-995c-7e45efab4bce/click HTTP/1.1
User-Agent: selenium/4.7.1 (java windows)
Content-Length: 50
Content-Type: application/json; charset=utf-8
host: localhost:41065
accept: */*

Response DefaultHttpResponse(decodeResult: success, version: HTTP/1.1)
HTTP/1.1 200 OK
Content-Type: application/json; charset=utf-8
cache-control: no-cache
content-length: 14

10:02:39.604 [AsyncHttpClient-1-4] DEBUG org.asynchttpclient.netty.channel.ChannelManager - Adding key: http://localhost:41065 for channel [id: 0x1e529968, L:/127.0.0.1:50018 - R:localhost/127.0.0.1:41065]
10:02:39.613 [Forwarding getCurrentWindowHandle on session 16dea9b7590980447ad68998ccaf010c to remote] DEBUG org.asynchttpclient.netty.request.NettyRequestSender - Using pooled Channel '[id: 0x1e529968, L:/127.0.0.1:50018 - R:localhost/127.0.0.1:41065]' for 'GET' to 'http://localhost:41065/session/16dea9b7590980447ad68998ccaf010c/window'
10:02:39.614 [Forwarding getCurrentWindowHandle on session 16dea9b7590980447ad68998ccaf010c to remote] DEBUG org.asynchttpclient.netty.request.NettyRequestSender - Using open Channel [id: 0x1e529968, L:/127.0.0.1:50018 - R:localhost/127.0.0.1:41065] for GET '/session/16dea9b7590980447ad68998ccaf010c/window'
10:02:39.615 [AsyncHttpClient-1-4] DEBUG org.asynchttpclient.netty.handler.HttpHandler - 

Request DefaultFullHttpRequest(decodeResult: success, version: HTTP/1.1, content: EmptyByteBufBE)
GET /session/16dea9b7590980447ad68998ccaf010c/window HTTP/1.1
User-Agent: selenium/4.7.1 (java windows)
Cache-Control: no-cache
Content-Type: application/json; charset=utf-8
host: localhost:41065
accept: */*

Response DefaultHttpResponse(decodeResult: success, version: HTTP/1.1)
HTTP/1.1 200 OK
Content-Type: application/json; charset=utf-8
cache-control: no-cache
content-length: 44

10:02:39.616 [AsyncHttpClient-1-4] DEBUG org.asynchttpclient.netty.channel.ChannelManager - Adding key: http://localhost:41065 for channel [id: 0x1e529968, L:/127.0.0.1:50018 - R:localhost/127.0.0.1:41065]
10:02:39.619 [Forwarding getAlertText on session 16dea9b7590980447ad68998ccaf010c to remote] DEBUG org.asynchttpclient.netty.request.NettyRequestSender - Using pooled Channel '[id: 0x1e529968, L:/127.0.0.1:50018 - R:localhost/127.0.0.1:41065]' for 'GET' to 'http://localhost:41065/session/16dea9b7590980447ad68998ccaf010c/alert/text'
10:02:39.620 [Forwarding getAlertText on session 16dea9b7590980447ad68998ccaf010c to remote] DEBUG org.asynchttpclient.netty.request.NettyRequestSender - Using open Channel [id: 0x1e529968, L:/127.0.0.1:50018 - R:localhost/127.0.0.1:41065] for GET '/session/16dea9b7590980447ad68998ccaf010c/alert/text'
10:02:39.845 [AsyncHttpClient-1-4] DEBUG org.asynchttpclient.netty.handler.HttpHandler - 

Request DefaultFullHttpRequest(decodeResult: success, version: HTTP/1.1, content: EmptyByteBufBE)
GET /session/16dea9b7590980447ad68998ccaf010c/alert/text HTTP/1.1
User-Agent: selenium/4.7.1 (java windows)
Cache-Control: no-cache
Content-Type: application/json; charset=utf-8
host: localhost:41065
accept: */*

Response DefaultHttpResponse(decodeResult: success, version: HTTP/1.1)
HTTP/1.1 404 Not Found
Content-Type: application/json; charset=utf-8
cache-control: no-cache
content-length: 821

10:02:39.846 [AsyncHttpClient-1-4] DEBUG org.asynchttpclient.netty.channel.ChannelManager - Adding key: http://localhost:41065 for channel [id: 0x1e529968, L:/127.0.0.1:50018 - R:localhost/127.0.0.1:41065]
10:02:39.851 [Forwarding switchToWindow on session 16dea9b7590980447ad68998ccaf010c to remote] DEBUG org.asynchttpclient.netty.request.NettyRequestSender - Using pooled Channel '[id: 0x1e529968, L:/127.0.0.1:50018 - R:localhost/127.0.0.1:41065]' for 'POST' to 'http://localhost:41065/session/16dea9b7590980447ad68998ccaf010c/window'
10:02:39.851 [Forwarding switchToWindow on session 16dea9b7590980447ad68998ccaf010c to remote] DEBUG org.asynchttpclient.netty.request.NettyRequestSender - Using open Channel [id: 0x1e529968, L:/127.0.0.1:50018 - R:localhost/127.0.0.1:41065] for POST '/session/16dea9b7590980447ad68998ccaf010c/window'
10:02:39.857 [AsyncHttpClient-1-4] DEBUG org.asynchttpclient.netty.handler.HttpHandler - 

Request DefaultHttpRequest(decodeResult: success, version: HTTP/1.1)
POST /session/16dea9b7590980447ad68998ccaf010c/window HTTP/1.1
User-Agent: selenium/4.7.1 (java windows)
Content-Length: 50
Content-Type: application/json; charset=utf-8
host: localhost:41065
accept: */*

Response DefaultHttpResponse(decodeResult: success, version: HTTP/1.1)
HTTP/1.1 200 OK
Content-Type: application/json; charset=utf-8
cache-control: no-cache
content-length: 14

10:02:39.858 [AsyncHttpClient-1-4] DEBUG org.asynchttpclient.netty.channel.ChannelManager - Adding key: http://localhost:41065 for channel [id: 0x1e529968, L:/127.0.0.1:50018 - R:localhost/127.0.0.1:41065]
10:02:39.860 [Forwarding getCurrentUrl on session 16dea9b7590980447ad68998ccaf010c to remote] DEBUG org.asynchttpclient.netty.request.NettyRequestSender - Using pooled Channel '[id: 0x1e529968, L:/127.0.0.1:50018 - R:localhost/127.0.0.1:41065]' for 'GET' to 'http://localhost:41065/session/16dea9b7590980447ad68998ccaf010c/url'
10:02:39.860 [Forwarding getCurrentUrl on session 16dea9b7590980447ad68998ccaf010c to remote] DEBUG org.asynchttpclient.netty.request.NettyRequestSender - Using open Channel [id: 0x1e529968, L:/127.0.0.1:50018 - R:localhost/127.0.0.1:41065] for GET '/session/16dea9b7590980447ad68998ccaf010c/url'
10:02:39.868 [AsyncHttpClient-1-4] DEBUG org.asynchttpclient.netty.handler.HttpHandler - 

Request DefaultFullHttpRequest(decodeResult: success, version: HTTP/1.1, content: EmptyByteBufBE)
GET /session/16dea9b7590980447ad68998ccaf010c/url HTTP/1.1
User-Agent: selenium/4.7.1 (java windows)
Cache-Control: no-cache
Content-Type: application/json; charset=utf-8
host: localhost:41065
accept: */*

Response DefaultHttpResponse(decodeResult: success, version: HTTP/1.1)
HTTP/1.1 200 OK
Content-Type: application/json; charset=utf-8
cache-control: no-cache
content-length: 51

10:02:39.868 [AsyncHttpClient-1-4] DEBUG org.asynchttpclient.netty.channel.ChannelManager - Adding key: http://localhost:41065 for channel [id: 0x1e529968, L:/127.0.0.1:50018 - R:localhost/127.0.0.1:41065]
10:02:39.870 [Forwarding screenshot on session 16dea9b7590980447ad68998ccaf010c to remote] DEBUG org.asynchttpclient.netty.request.NettyRequestSender - Using pooled Channel '[id: 0x1e529968, L:/127.0.0.1:50018 - R:localhost/127.0.0.1:41065]' for 'GET' to 'http://localhost:41065/session/16dea9b7590980447ad68998ccaf010c/screenshot'
10:02:39.871 [Forwarding screenshot on session 16dea9b7590980447ad68998ccaf010c to remote] DEBUG org.asynchttpclient.netty.request.NettyRequestSender - Using open Channel [id: 0x1e529968, L:/127.0.0.1:50018 - R:localhost/127.0.0.1:41065] for GET '/session/16dea9b7590980447ad68998ccaf010c/screenshot'
10:02:39.980 [AsyncHttpClient-1-4] DEBUG org.asynchttpclient.netty.handler.HttpHandler - 

Request DefaultFullHttpRequest(decodeResult: success, version: HTTP/1.1, content: EmptyByteBufBE)
GET /session/16dea9b7590980447ad68998ccaf010c/screenshot HTTP/1.1
User-Agent: selenium/4.7.1 (java windows)
Cache-Control: no-cache
Content-Type: application/json; charset=utf-8
host: localhost:41065
accept: */*

Response DefaultHttpResponse(decodeResult: success, version: HTTP/1.1)
HTTP/1.1 200 OK
Content-Type: application/json; charset=utf-8
cache-control: no-cache
content-length: 26172

10:02:39.981 [AsyncHttpClient-1-4] DEBUG org.asynchttpclient.netty.channel.ChannelManager - Adding key: http://localhost:41065 for channel [id: 0x1e529968, L:/127.0.0.1:50018 - R:localhost/127.0.0.1:41065]
10:02:39.984 [main] DEBUG net.serenitybdd.core.photography.Darkroom - Send negative for processing for target\site\serenity\f035198f28bcaf95684f4b1a3b9e5d031fc0873bb044f55c4913aef571773aa0.png
10:02:39.984 [main] DEBUG net.thucydides.core.steps.StepInterceptor - STEP DONE: klikButtonLogin
  &amp#27;[32mWhen &amp#27;[0m&amp#27;[32muser klik button login&amp#27;[0m                                        &amp#27;[90m# starter.stepdefinitions.LoginRegisterSteps.userKlikButtonLogin()&amp#27;[0m
10:02:40.013 [main] DEBUG net.thucydides.core.steps.StepInterceptor - STARTING STEP: RegisterSteps.userKlikRegister - klikLinkRegister
10:02:40.017 [Forwarding findElement on session 16dea9b7590980447ad68998ccaf010c to remote] DEBUG org.asynchttpclient.netty.request.NettyRequestSender - Using pooled Channel '[id: 0x1e529968, L:/127.0.0.1:50018 - R:localhost/127.0.0.1:41065]' for 'POST' to 'http://localhost:41065/session/16dea9b7590980447ad68998ccaf010c/element'
10:02:40.017 [Forwarding findElement on session 16dea9b7590980447ad68998ccaf010c to remote] DEBUG org.asynchttpclient.netty.request.NettyRequestSender - Using open Channel [id: 0x1e529968, L:/127.0.0.1:50018 - R:localhost/127.0.0.1:41065] for POST '/session/16dea9b7590980447ad68998ccaf010c/element'
10:02:40.043 [AsyncHttpClient-1-4] DEBUG org.asynchttpclient.netty.handler.HttpHandler - 

Request DefaultHttpRequest(decodeResult: success, version: HTTP/1.1)
POST /session/16dea9b7590980447ad68998ccaf010c/element HTTP/1.1
User-Agent: selenium/4.7.1 (java windows)
Content-Length: 84
Content-Type: application/json; charset=utf-8
host: localhost:41065
accept: */*

Response DefaultHttpResponse(decodeResult: success, version: HTTP/1.1)
HTTP/1.1 200 OK
Content-Type: application/json; charset=utf-8
cache-control: no-cache
content-length: 88

10:02:40.043 [AsyncHttpClient-1-4] DEBUG org.asynchttpclient.netty.channel.ChannelManager - Adding key: http://localhost:41065 for channel [id: 0x1e529968, L:/127.0.0.1:50018 - R:localhost/127.0.0.1:41065]
10:02:40.046 [Forwarding getElementTagName on session 16dea9b7590980447ad68998ccaf010c to remote] DEBUG org.asynchttpclient.netty.request.NettyRequestSender - Using pooled Channel '[id: 0x1e529968, L:/127.0.0.1:50018 - R:localhost/127.0.0.1:41065]' for 'GET' to 'http://localhost:41065/session/16dea9b7590980447ad68998ccaf010c/element/d88600e8-452b-4eee-ac4e-795ebd39f6d4/name'
10:02:40.046 [Forwarding getElementTagName on session 16dea9b7590980447ad68998ccaf010c to remote] DEBUG org.asynchttpclient.netty.request.NettyRequestSender - Using open Channel [id: 0x1e529968, L:/127.0.0.1:50018 - R:localhost/127.0.0.1:41065] for GET '/session/16dea9b7590980447ad68998ccaf010c/element/d88600e8-452b-4eee-ac4e-795ebd39f6d4/name'
10:02:40.055 [AsyncHttpClient-1-4] DEBUG org.asynchttpclient.netty.handler.HttpHandler - 

Request DefaultFullHttpRequest(decodeResult: success, version: HTTP/1.1, content: EmptyByteBufBE)
GET /session/16dea9b7590980447ad68998ccaf010c/element/d88600e8-452b-4eee-ac4e-795ebd39f6d4/name HTTP/1.1
User-Agent: selenium/4.7.1 (java windows)
Cache-Control: no-cache
Content-Type: application/json; charset=utf-8
host: localhost:41065
accept: */*

Response DefaultHttpResponse(decodeResult: success, version: HTTP/1.1)
HTTP/1.1 200 OK
Content-Type: application/json; charset=utf-8
cache-control: no-cache
content-length: 13

10:02:40.056 [AsyncHttpClient-1-4] DEBUG org.asynchttpclient.netty.channel.ChannelManager - Adding key: http://localhost:41065 for channel [id: 0x1e529968, L:/127.0.0.1:50018 - R:localhost/127.0.0.1:41065]
10:02:40.058 [Forwarding getElementTagName on session 16dea9b7590980447ad68998ccaf010c to remote] DEBUG org.asynchttpclient.netty.request.NettyRequestSender - Using pooled Channel '[id: 0x1e529968, L:/127.0.0.1:50018 - R:localhost/127.0.0.1:41065]' for 'GET' to 'http://localhost:41065/session/16dea9b7590980447ad68998ccaf010c/element/d88600e8-452b-4eee-ac4e-795ebd39f6d4/name'
10:02:40.058 [Forwarding getElementTagName on session 16dea9b7590980447ad68998ccaf010c to remote] DEBUG org.asynchttpclient.netty.request.NettyRequestSender - Using open Channel [id: 0x1e529968, L:/127.0.0.1:50018 - R:localhost/127.0.0.1:41065] for GET '/session/16dea9b7590980447ad68998ccaf010c/element/d88600e8-452b-4eee-ac4e-795ebd39f6d4/name'
10:02:40.066 [AsyncHttpClient-1-4] DEBUG org.asynchttpclient.netty.handler.HttpHandler - 

Request DefaultFullHttpRequest(decodeResult: success, version: HTTP/1.1, content: EmptyByteBufBE)
GET /session/16dea9b7590980447ad68998ccaf010c/element/d88600e8-452b-4eee-ac4e-795ebd39f6d4/name HTTP/1.1
User-Agent: selenium/4.7.1 (java windows)
Cache-Control: no-cache
Content-Type: application/json; charset=utf-8
host: localhost:41065
accept: */*

Response DefaultHttpResponse(decodeResult: success, version: HTTP/1.1)
HTTP/1.1 200 OK
Content-Type: application/json; charset=utf-8
cache-control: no-cache
content-length: 13

10:02:40.066 [AsyncHttpClient-1-4] DEBUG org.asynchttpclient.netty.channel.ChannelManager - Adding key: http://localhost:41065 for channel [id: 0x1e529968, L:/127.0.0.1:50018 - R:localhost/127.0.0.1:41065]
10:02:40.069 [Forwarding findElement on session 16dea9b7590980447ad68998ccaf010c to remote] DEBUG org.asynchttpclient.netty.request.NettyRequestSender - Using pooled Channel '[id: 0x1e529968, L:/127.0.0.1:50018 - R:localhost/127.0.0.1:41065]' for 'POST' to 'http://localhost:41065/session/16dea9b7590980447ad68998ccaf010c/element'
10:02:40.069 [Forwarding findElement on session 16dea9b7590980447ad68998ccaf010c to remote] DEBUG org.asynchttpclient.netty.request.NettyRequestSender - Using open Channel [id: 0x1e529968, L:/127.0.0.1:50018 - R:localhost/127.0.0.1:41065] for POST '/session/16dea9b7590980447ad68998ccaf010c/element'
10:02:40.083 [AsyncHttpClient-1-4] DEBUG org.asynchttpclient.netty.handler.HttpHandler - 

Request DefaultHttpRequest(decodeResult: success, version: HTTP/1.1)
POST /session/16dea9b7590980447ad68998ccaf010c/element HTTP/1.1
User-Agent: selenium/4.7.1 (java windows)
Content-Length: 84
Content-Type: application/json; charset=utf-8
host: localhost:41065
accept: */*

Response DefaultHttpResponse(decodeResult: success, version: HTTP/1.1)
HTTP/1.1 200 OK
Content-Type: application/json; charset=utf-8
cache-control: no-cache
content-length: 88

10:02:40.083 [AsyncHttpClient-1-4] DEBUG org.asynchttpclient.netty.channel.ChannelManager - Adding key: http://localhost:41065 for channel [id: 0x1e529968, L:/127.0.0.1:50018 - R:localhost/127.0.0.1:41065]
10:02:40.085 [Forwarding clickElement on session 16dea9b7590980447ad68998ccaf010c to remote] DEBUG org.asynchttpclient.netty.request.NettyRequestSender - Using pooled Channel '[id: 0x1e529968, L:/127.0.0.1:50018 - R:localhost/127.0.0.1:41065]' for 'POST' to 'http://localhost:41065/session/16dea9b7590980447ad68998ccaf010c/element/d88600e8-452b-4eee-ac4e-795ebd39f6d4/click'
10:02:40.085 [Forwarding clickElement on session 16dea9b7590980447ad68998ccaf010c to remote] DEBUG org.asynchttpclient.netty.request.NettyRequestSender - Using open Channel [id: 0x1e529968, L:/127.0.0.1:50018 - R:localhost/127.0.0.1:41065] for POST '/session/16dea9b7590980447ad68998ccaf010c/element/d88600e8-452b-4eee-ac4e-795ebd39f6d4/click'
10:02:40.155 [AsyncHttpClient-1-4] DEBUG org.asynchttpclient.netty.handler.HttpHandler - 

Request DefaultHttpRequest(decodeResult: success, version: HTTP/1.1)
POST /session/16dea9b7590980447ad68998ccaf010c/element/d88600e8-452b-4eee-ac4e-795ebd39f6d4/click HTTP/1.1
User-Agent: selenium/4.7.1 (java windows)
Content-Length: 50
Content-Type: application/json; charset=utf-8
host: localhost:41065
accept: */*

Response DefaultHttpResponse(decodeResult: success, version: HTTP/1.1)
HTTP/1.1 200 OK
Content-Type: application/json; charset=utf-8
cache-control: no-cache
content-length: 14

10:02:40.155 [AsyncHttpClient-1-4] DEBUG org.asynchttpclient.netty.channel.ChannelManager - Adding key: http://localhost:41065 for channel [id: 0x1e529968, L:/127.0.0.1:50018 - R:localhost/127.0.0.1:41065]
10:02:40.175 [Forwarding getCurrentWindowHandle on session 16dea9b7590980447ad68998ccaf010c to remote] DEBUG org.asynchttpclient.netty.request.NettyRequestSender - Using pooled Channel '[id: 0x1e529968, L:/127.0.0.1:50018 - R:localhost/127.0.0.1:41065]' for 'GET' to 'http://localhost:41065/session/16dea9b7590980447ad68998ccaf010c/window'
10:02:40.175 [Forwarding getCurrentWindowHandle on session 16dea9b7590980447ad68998ccaf010c to remote] DEBUG org.asynchttpclient.netty.request.NettyRequestSender - Using open Channel [id: 0x1e529968, L:/127.0.0.1:50018 - R:localhost/127.0.0.1:41065] for GET '/session/16dea9b7590980447ad68998ccaf010c/window'
10:02:40.177 [AsyncHttpClient-1-4] DEBUG org.asynchttpclient.netty.handler.HttpHandler - 

Request DefaultFullHttpRequest(decodeResult: success, version: HTTP/1.1, content: EmptyByteBufBE)
GET /session/16dea9b7590980447ad68998ccaf010c/window HTTP/1.1
User-Agent: selenium/4.7.1 (java windows)
Cache-Control: no-cache
Content-Type: application/json; charset=utf-8
host: localhost:41065
accept: */*

Response DefaultHttpResponse(decodeResult: success, version: HTTP/1.1)
HTTP/1.1 200 OK
Content-Type: application/json; charset=utf-8
cache-control: no-cache
content-length: 44

10:02:40.178 [AsyncHttpClient-1-4] DEBUG org.asynchttpclient.netty.channel.ChannelManager - Adding key: http://localhost:41065 for channel [id: 0x1e529968, L:/127.0.0.1:50018 - R:localhost/127.0.0.1:41065]
10:02:40.181 [Forwarding getAlertText on session 16dea9b7590980447ad68998ccaf010c to remote] DEBUG org.asynchttpclient.netty.request.NettyRequestSender - Using pooled Channel '[id: 0x1e529968, L:/127.0.0.1:50018 - R:localhost/127.0.0.1:41065]' for 'GET' to 'http://localhost:41065/session/16dea9b7590980447ad68998ccaf010c/alert/text'
10:02:40.181 [Forwarding getAlertText on session 16dea9b7590980447ad68998ccaf010c to remote] DEBUG org.asynchttpclient.netty.request.NettyRequestSender - Using open Channel [id: 0x1e529968, L:/127.0.0.1:50018 - R:localhost/127.0.0.1:41065] for GET '/session/16dea9b7590980447ad68998ccaf010c/alert/text'
10:02:40.193 [AsyncHttpClient-1-4] DEBUG org.asynchttpclient.netty.handler.HttpHandler - 

Request DefaultFullHttpRequest(decodeResult: success, version: HTTP/1.1, content: EmptyByteBufBE)
GET /session/16dea9b7590980447ad68998ccaf010c/alert/text HTTP/1.1
User-Agent: selenium/4.7.1 (java windows)
Cache-Control: no-cache
Content-Type: application/json; charset=utf-8
host: localhost:41065
accept: */*

Response DefaultHttpResponse(decodeResult: success, version: HTTP/1.1)
HTTP/1.1 404 Not Found
Content-Type: application/json; charset=utf-8
cache-control: no-cache
content-length: 821

10:02:40.193 [AsyncHttpClient-1-4] DEBUG org.asynchttpclient.netty.channel.ChannelManager - Adding key: http://localhost:41065 for channel [id: 0x1e529968, L:/127.0.0.1:50018 - R:localhost/127.0.0.1:41065]
10:02:40.197 [Forwarding switchToWindow on session 16dea9b7590980447ad68998ccaf010c to remote] DEBUG org.asynchttpclient.netty.request.NettyRequestSender - Using pooled Channel '[id: 0x1e529968, L:/127.0.0.1:50018 - R:localhost/127.0.0.1:41065]' for 'POST' to 'http://localhost:41065/session/16dea9b7590980447ad68998ccaf010c/window'
10:02:40.197 [Forwarding switchToWindow on session 16dea9b7590980447ad68998ccaf010c to remote] DEBUG org.asynchttpclient.netty.request.NettyRequestSender - Using open Channel [id: 0x1e529968, L:/127.0.0.1:50018 - R:localhost/127.0.0.1:41065] for POST '/session/16dea9b7590980447ad68998ccaf010c/window'
10:02:40.200 [AsyncHttpClient-1-4] DEBUG org.asynchttpclient.netty.handler.HttpHandler - 

Request DefaultHttpRequest(decodeResult: success, version: HTTP/1.1)
POST /session/16dea9b7590980447ad68998ccaf010c/window HTTP/1.1
User-Agent: selenium/4.7.1 (java windows)
Content-Length: 50
Content-Type: application/json; charset=utf-8
host: localhost:41065
accept: */*

Response DefaultHttpResponse(decodeResult: success, version: HTTP/1.1)
HTTP/1.1 200 OK
Content-Type: application/json; charset=utf-8
cache-control: no-cache
content-length: 14

10:02:40.202 [AsyncHttpClient-1-4] DEBUG org.asynchttpclient.netty.channel.ChannelManager - Adding key: http://localhost:41065 for channel [id: 0x1e529968, L:/127.0.0.1:50018 - R:localhost/127.0.0.1:41065]
10:02:40.204 [Forwarding getCurrentUrl on session 16dea9b7590980447ad68998ccaf010c to remote] DEBUG org.asynchttpclient.netty.request.NettyRequestSender - Using pooled Channel '[id: 0x1e529968, L:/127.0.0.1:50018 - R:localhost/127.0.0.1:41065]' for 'GET' to 'http://localhost:41065/session/16dea9b7590980447ad68998ccaf010c/url'
10:02:40.204 [Forwarding getCurrentUrl on session 16dea9b7590980447ad68998ccaf010c to remote] DEBUG org.asynchttpclient.netty.request.NettyRequestSender - Using open Channel [id: 0x1e529968, L:/127.0.0.1:50018 - R:localhost/127.0.0.1:41065] for GET '/session/16dea9b7590980447ad68998ccaf010c/url'
10:02:40.216 [AsyncHttpClient-1-4] DEBUG org.asynchttpclient.netty.handler.HttpHandler - 

Request DefaultFullHttpRequest(decodeResult: success, version: HTTP/1.1, content: EmptyByteBufBE)
GET /session/16dea9b7590980447ad68998ccaf010c/url HTTP/1.1
User-Agent: selenium/4.7.1 (java windows)
Cache-Control: no-cache
Content-Type: application/json; charset=utf-8
host: localhost:41065
accept: */*

Response DefaultHttpResponse(decodeResult: success, version: HTTP/1.1)
HTTP/1.1 200 OK
Content-Type: application/json; charset=utf-8
cache-control: no-cache
content-length: 54

10:02:40.216 [AsyncHttpClient-1-4] DEBUG org.asynchttpclient.netty.channel.ChannelManager - Adding key: http://localhost:41065 for channel [id: 0x1e529968, L:/127.0.0.1:50018 - R:localhost/127.0.0.1:41065]
10:02:40.220 [Forwarding screenshot on session 16dea9b7590980447ad68998ccaf010c to remote] DEBUG org.asynchttpclient.netty.request.NettyRequestSender - Using pooled Channel '[id: 0x1e529968, L:/127.0.0.1:50018 - R:localhost/127.0.0.1:41065]' for 'GET' to 'http://localhost:41065/session/16dea9b7590980447ad68998ccaf010c/screenshot'
10:02:40.220 [Forwarding screenshot on session 16dea9b7590980447ad68998ccaf010c to remote] DEBUG org.asynchttpclient.netty.request.NettyRequestSender - Using open Channel [id: 0x1e529968, L:/127.0.0.1:50018 - R:localhost/127.0.0.1:41065] for GET '/session/16dea9b7590980447ad68998ccaf010c/screenshot'
10:02:40.356 [AsyncHttpClient-1-4] DEBUG org.asynchttpclient.netty.handler.HttpHandler - 

Request DefaultFullHttpRequest(decodeResult: success, version: HTTP/1.1, content: EmptyByteBufBE)
GET /session/16dea9b7590980447ad68998ccaf010c/screenshot HTTP/1.1
User-Agent: selenium/4.7.1 (java windows)
Cache-Control: no-cache
Content-Type: application/json; charset=utf-8
host: localhost:41065
accept: */*

Response DefaultHttpResponse(decodeResult: success, version: HTTP/1.1)
HTTP/1.1 200 OK
Content-Type: application/json; charset=utf-8
cache-control: no-cache
content-length: 30548

10:02:40.357 [AsyncHttpClient-1-4] DEBUG org.asynchttpclient.netty.channel.ChannelManager - Adding key: http://localhost:41065 for channel [id: 0x1e529968, L:/127.0.0.1:50018 - R:localhost/127.0.0.1:41065]
10:02:40.359 [main] DEBUG net.serenitybdd.core.photography.Darkroom - Send negative for processing for target\site\serenity\c91bf1742dcfef953decde00534c333bbfb4ba093ebf6b37412a46037586488f.png
10:02:40.360 [main] DEBUG net.thucydides.core.steps.StepInterceptor - STEP DONE: klikLinkRegister
10:02:40.360 [Darkroom Processing Line] DEBUG net.serenitybdd.core.photography.DarkroomProcessingLine - Processing screenshot image in /var/screenshots/screenshot-12130606643449893191
10:02:40.360 [Darkroom Processing Line] DEBUG net.serenitybdd.core.photography.DarkroomProcessingLine - Saving screenshot to target\site\serenity\c91bf1742dcfef953decde00534c333bbfb4ba093ebf6b37412a46037586488f.png
  &amp#27;[32mThen &amp#27;[0m&amp#27;[32muser klik register&amp#27;[0m                                            &amp#27;[90m# starter.stepdefinitions.RegisterSteps.userKlikRegister()&amp#27;[0m
10:02:40.384 [main] DEBUG net.thucydides.core.steps.StepInterceptor - STARTING STEP: RegisterSteps.userInputNamaLengkap - inputNamaLengkap
10:02:40.388 [Forwarding findElement on session 16dea9b7590980447ad68998ccaf010c to remote] DEBUG org.asynchttpclient.netty.request.NettyRequestSender - Using pooled Channel '[id: 0x1e529968, L:/127.0.0.1:50018 - R:localhost/127.0.0.1:41065]' for 'POST' to 'http://localhost:41065/session/16dea9b7590980447ad68998ccaf010c/element'
10:02:40.388 [Forwarding findElement on session 16dea9b7590980447ad68998ccaf010c to remote] DEBUG org.asynchttpclient.netty.request.NettyRequestSender - Using open Channel [id: 0x1e529968, L:/127.0.0.1:50018 - R:localhost/127.0.0.1:41065] for POST '/session/16dea9b7590980447ad68998ccaf010c/element'
10:02:40.409 [AsyncHttpClient-1-4] DEBUG org.asynchttpclient.netty.handler.HttpHandler - 

Request DefaultHttpRequest(decodeResult: success, version: HTTP/1.1)
POST /session/16dea9b7590980447ad68998ccaf010c/element HTTP/1.1
User-Agent: selenium/4.7.1 (java windows)
Content-Length: 187
Content-Type: application/json; charset=utf-8
host: localhost:41065
accept: */*

Response DefaultHttpResponse(decodeResult: success, version: HTTP/1.1)
HTTP/1.1 200 OK
Content-Type: application/json; charset=utf-8
cache-control: no-cache
content-length: 88

10:02:40.410 [AsyncHttpClient-1-4] DEBUG org.asynchttpclient.netty.channel.ChannelManager - Adding key: http://localhost:41065 for channel [id: 0x1e529968, L:/127.0.0.1:50018 - R:localhost/127.0.0.1:41065]
10:02:40.412 [Forwarding clearElement on session 16dea9b7590980447ad68998ccaf010c to remote] DEBUG org.asynchttpclient.netty.request.NettyRequestSender - Using pooled Channel '[id: 0x1e529968, L:/127.0.0.1:50018 - R:localhost/127.0.0.1:41065]' for 'POST' to 'http://localhost:41065/session/16dea9b7590980447ad68998ccaf010c/element/9a2ed786-6140-4246-9e14-96749d99b547/clear'
10:02:40.413 [Forwarding clearElement on session 16dea9b7590980447ad68998ccaf010c to remote] DEBUG org.asynchttpclient.netty.request.NettyRequestSender - Using open Channel [id: 0x1e529968, L:/127.0.0.1:50018 - R:localhost/127.0.0.1:41065] for POST '/session/16dea9b7590980447ad68998ccaf010c/element/9a2ed786-6140-4246-9e14-96749d99b547/clear'
10:02:40.466 [AsyncHttpClient-1-4] DEBUG org.asynchttpclient.netty.handler.HttpHandler - 

Request DefaultHttpRequest(decodeResult: success, version: HTTP/1.1)
POST /session/16dea9b7590980447ad68998ccaf010c/element/9a2ed786-6140-4246-9e14-96749d99b547/clear HTTP/1.1
User-Agent: selenium/4.7.1 (java windows)
Content-Length: 50
Content-Type: application/json; charset=utf-8
host: localhost:41065
accept: */*

Response DefaultHttpResponse(decodeResult: success, version: HTTP/1.1)
HTTP/1.1 200 OK
Content-Type: application/json; charset=utf-8
cache-control: no-cache
content-length: 14

10:02:40.467 [AsyncHttpClient-1-4] DEBUG org.asynchttpclient.netty.channel.ChannelManager - Adding key: http://localhost:41065 for channel [id: 0x1e529968, L:/127.0.0.1:50018 - R:localhost/127.0.0.1:41065]
10:02:40.470 [Forwarding sendKeysToElement on session 16dea9b7590980447ad68998ccaf010c to remote] DEBUG org.asynchttpclient.netty.request.NettyRequestSender - Using pooled Channel '[id: 0x1e529968, L:/127.0.0.1:50018 - R:localhost/127.0.0.1:41065]' for 'POST' to 'http://localhost:41065/session/16dea9b7590980447ad68998ccaf010c/element/9a2ed786-6140-4246-9e14-96749d99b547/value'
10:02:40.470 [Forwarding sendKeysToElement on session 16dea9b7590980447ad68998ccaf010c to remote] DEBUG org.asynchttpclient.netty.request.NettyRequestSender - Using open Channel [id: 0x1e529968, L:/127.0.0.1:50018 - R:localhost/127.0.0.1:41065] for POST '/session/16dea9b7590980447ad68998ccaf010c/element/9a2ed786-6140-4246-9e14-96749d99b547/value'
10:02:40.472 [AsyncHttpClient-1-1] DEBUG org.asynchttpclient.netty.channel.DefaultChannelPool - Entry count for : http://localhost:50019 : 1
10:02:40.627 [AsyncHttpClient-1-4] DEBUG org.asynchttpclient.netty.handler.HttpHandler - 

Request DefaultHttpRequest(decodeResult: success, version: HTTP/1.1)
POST /session/16dea9b7590980447ad68998ccaf010c/element/9a2ed786-6140-4246-9e14-96749d99b547/value HTTP/1.1
User-Agent: selenium/4.7.1 (java windows)
Content-Length: 201
Content-Type: application/json; charset=utf-8
host: localhost:41065
accept: */*

Response DefaultHttpResponse(decodeResult: success, version: HTTP/1.1)
HTTP/1.1 200 OK
Content-Type: application/json; charset=utf-8
cache-control: no-cache
content-length: 14

10:02:40.627 [AsyncHttpClient-1-4] DEBUG org.asynchttpclient.netty.channel.ChannelManager - Adding key: http://localhost:41065 for channel [id: 0x1e529968, L:/127.0.0.1:50018 - R:localhost/127.0.0.1:41065]
10:02:40.635 [Forwarding getCurrentWindowHandle on session 16dea9b7590980447ad68998ccaf010c to remote] DEBUG org.asynchttpclient.netty.request.NettyRequestSender - Using pooled Channel '[id: 0x1e529968, L:/127.0.0.1:50018 - R:localhost/127.0.0.1:41065]' for 'GET' to 'http://localhost:41065/session/16dea9b7590980447ad68998ccaf010c/window'
10:02:40.635 [Forwarding getCurrentWindowHandle on session 16dea9b7590980447ad68998ccaf010c to remote] DEBUG org.asynchttpclient.netty.request.NettyRequestSender - Using open Channel [id: 0x1e529968, L:/127.0.0.1:50018 - R:localhost/127.0.0.1:41065] for GET '/session/16dea9b7590980447ad68998ccaf010c/window'
10:02:40.637 [AsyncHttpClient-1-4] DEBUG org.asynchttpclient.netty.handler.HttpHandler - 

Request DefaultFullHttpRequest(decodeResult: success, version: HTTP/1.1, content: EmptyByteBufBE)
GET /session/16dea9b7590980447ad68998ccaf010c/window HTTP/1.1
User-Agent: selenium/4.7.1 (java windows)
Cache-Control: no-cache
Content-Type: application/json; charset=utf-8
host: localhost:41065
accept: */*

Response DefaultHttpResponse(decodeResult: success, version: HTTP/1.1)
HTTP/1.1 200 OK
Content-Type: application/json; charset=utf-8
cache-control: no-cache
content-length: 44

10:02:40.637 [AsyncHttpClient-1-4] DEBUG org.asynchttpclient.netty.channel.ChannelManager - Adding key: http://localhost:41065 for channel [id: 0x1e529968, L:/127.0.0.1:50018 - R:localhost/127.0.0.1:41065]
10:02:40.639 [Forwarding getAlertText on session 16dea9b7590980447ad68998ccaf010c to remote] DEBUG org.asynchttpclient.netty.request.NettyRequestSender - Using pooled Channel '[id: 0x1e529968, L:/127.0.0.1:50018 - R:localhost/127.0.0.1:41065]' for 'GET' to 'http://localhost:41065/session/16dea9b7590980447ad68998ccaf010c/alert/text'
10:02:40.639 [Forwarding getAlertText on session 16dea9b7590980447ad68998ccaf010c to remote] DEBUG org.asynchttpclient.netty.request.NettyRequestSender - Using open Channel [id: 0x1e529968, L:/127.0.0.1:50018 - R:localhost/127.0.0.1:41065] for GET '/session/16dea9b7590980447ad68998ccaf010c/alert/text'
10:02:40.641 [AsyncHttpClient-1-4] DEBUG org.asynchttpclient.netty.handler.HttpHandler - 

Request DefaultFullHttpRequest(decodeResult: success, version: HTTP/1.1, content: EmptyByteBufBE)
GET /session/16dea9b7590980447ad68998ccaf010c/alert/text HTTP/1.1
User-Agent: selenium/4.7.1 (java windows)
Cache-Control: no-cache
Content-Type: application/json; charset=utf-8
host: localhost:41065
accept: */*

Response DefaultHttpResponse(decodeResult: success, version: HTTP/1.1)
HTTP/1.1 404 Not Found
Content-Type: application/json; charset=utf-8
cache-control: no-cache
content-length: 821

10:02:40.642 [AsyncHttpClient-1-4] DEBUG org.asynchttpclient.netty.channel.ChannelManager - Adding key: http://localhost:41065 for channel [id: 0x1e529968, L:/127.0.0.1:50018 - R:localhost/127.0.0.1:41065]
10:02:40.644 [Forwarding switchToWindow on session 16dea9b7590980447ad68998ccaf010c to remote] DEBUG org.asynchttpclient.netty.request.NettyRequestSender - Using pooled Channel '[id: 0x1e529968, L:/127.0.0.1:50018 - R:localhost/127.0.0.1:41065]' for 'POST' to 'http://localhost:41065/session/16dea9b7590980447ad68998ccaf010c/window'
10:02:40.645 [Forwarding switchToWindow on session 16dea9b7590980447ad68998ccaf010c to remote] DEBUG org.asynchttpclient.netty.request.NettyRequestSender - Using open Channel [id: 0x1e529968, L:/127.0.0.1:50018 - R:localhost/127.0.0.1:41065] for POST '/session/16dea9b7590980447ad68998ccaf010c/window'
10:02:40.647 [AsyncHttpClient-1-4] DEBUG org.asynchttpclient.netty.handler.HttpHandler - 

Request DefaultHttpRequest(decodeResult: success, version: HTTP/1.1)
POST /session/16dea9b7590980447ad68998ccaf010c/window HTTP/1.1
User-Agent: selenium/4.7.1 (java windows)
Content-Length: 50
Content-Type: application/json; charset=utf-8
host: localhost:41065
accept: */*

Response DefaultHttpResponse(decodeResult: success, version: HTTP/1.1)
HTTP/1.1 200 OK
Content-Type: application/json; charset=utf-8
cache-control: no-cache
content-length: 14

10:02:40.647 [AsyncHttpClient-1-4] DEBUG org.asynchttpclient.netty.channel.ChannelManager - Adding key: http://localhost:41065 for channel [id: 0x1e529968, L:/127.0.0.1:50018 - R:localhost/127.0.0.1:41065]
10:02:40.649 [Forwarding getCurrentUrl on session 16dea9b7590980447ad68998ccaf010c to remote] DEBUG org.asynchttpclient.netty.request.NettyRequestSender - Using pooled Channel '[id: 0x1e529968, L:/127.0.0.1:50018 - R:localhost/127.0.0.1:41065]' for 'GET' to 'http://localhost:41065/session/16dea9b7590980447ad68998ccaf010c/url'
10:02:40.649 [Forwarding getCurrentUrl on session 16dea9b7590980447ad68998ccaf010c to remote] DEBUG org.asynchttpclient.netty.request.NettyRequestSender - Using open Channel [id: 0x1e529968, L:/127.0.0.1:50018 - R:localhost/127.0.0.1:41065] for GET '/session/16dea9b7590980447ad68998ccaf010c/url'
10:02:40.657 [AsyncHttpClient-1-4] DEBUG org.asynchttpclient.netty.handler.HttpHandler - 

Request DefaultFullHttpRequest(decodeResult: success, version: HTTP/1.1, content: EmptyByteBufBE)
GET /session/16dea9b7590980447ad68998ccaf010c/url HTTP/1.1
User-Agent: selenium/4.7.1 (java windows)
Cache-Control: no-cache
Content-Type: application/json; charset=utf-8
host: localhost:41065
accept: */*

Response DefaultHttpResponse(decodeResult: success, version: HTTP/1.1)
HTTP/1.1 200 OK
Content-Type: application/json; charset=utf-8
cache-control: no-cache
content-length: 54

10:02:40.657 [AsyncHttpClient-1-4] DEBUG org.asynchttpclient.netty.channel.ChannelManager - Adding key: http://localhost:41065 for channel [id: 0x1e529968, L:/127.0.0.1:50018 - R:localhost/127.0.0.1:41065]
10:02:40.659 [Forwarding screenshot on session 16dea9b7590980447ad68998ccaf010c to remote] DEBUG org.asynchttpclient.netty.request.NettyRequestSender - Using pooled Channel '[id: 0x1e529968, L:/127.0.0.1:50018 - R:localhost/127.0.0.1:41065]' for 'GET' to 'http://localhost:41065/session/16dea9b7590980447ad68998ccaf010c/screenshot'
10:02:40.659 [Forwarding screenshot on session 16dea9b7590980447ad68998ccaf010c to remote] DEBUG org.asynchttpclient.netty.request.NettyRequestSender - Using open Channel [id: 0x1e529968, L:/127.0.0.1:50018 - R:localhost/127.0.0.1:41065] for GET '/session/16dea9b7590980447ad68998ccaf010c/screenshot'
10:02:40.779 [AsyncHttpClient-1-4] DEBUG org.asynchttpclient.netty.handler.HttpHandler - 

Request DefaultFullHttpRequest(decodeResult: success, version: HTTP/1.1, content: EmptyByteBufBE)
GET /session/16dea9b7590980447ad68998ccaf010c/screenshot HTTP/1.1
User-Agent: selenium/4.7.1 (java windows)
Cache-Control: no-cache
Content-Type: application/json; charset=utf-8
host: localhost:41065
accept: */*

Response DefaultHttpResponse(decodeResult: success, version: HTTP/1.1)
HTTP/1.1 200 OK
Content-Type: application/json; charset=utf-8
cache-control: no-cache
content-length: 30988

10:02:40.780 [AsyncHttpClient-1-4] DEBUG org.asynchttpclient.netty.channel.ChannelManager - Adding key: http://localhost:41065 for channel [id: 0x1e529968, L:/127.0.0.1:50018 - R:localhost/127.0.0.1:41065]
10:02:40.782 [main] DEBUG net.serenitybdd.core.photography.Darkroom - Send negative for processing for target\site\serenity\8ab37fe28d363c3438991fe460ae75092f44406abfeae68782bae37604796428.png
10:02:40.783 [main] DEBUG net.thucydides.core.steps.StepInterceptor - STEP DONE: inputNamaLengkap
10:02:40.783 [Darkroom Processing Line] DEBUG net.serenitybdd.core.photography.DarkroomProcessingLine - Processing screenshot image in /var/screenshots/screenshot-1045794304729168233
10:02:40.783 [Darkroom Processing Line] DEBUG net.serenitybdd.core.photography.DarkroomProcessingLine - Saving screenshot to target\site\serenity\8ab37fe28d363c3438991fe460ae75092f44406abfeae68782bae37604796428.png
  &amp#27;[32mAnd &amp#27;[0m&amp#27;[32muser input nama lengkap&amp#27;[0m                                        &amp#27;[90m# starter.stepdefinitions.RegisterSteps.userInputNamaLengkap()&amp#27;[0m
10:02:40.801 [main] DEBUG net.thucydides.core.steps.StepInterceptor - STARTING STEP: RegisterSteps.userInputEmailUntukRegister - inputEmail
10:02:40.807 [Forwarding findElement on session 16dea9b7590980447ad68998ccaf010c to remote] DEBUG org.asynchttpclient.netty.request.NettyRequestSender - Using pooled Channel '[id: 0x1e529968, L:/127.0.0.1:50018 - R:localhost/127.0.0.1:41065]' for 'POST' to 'http://localhost:41065/session/16dea9b7590980447ad68998ccaf010c/element'
10:02:40.807 [Forwarding findElement on session 16dea9b7590980447ad68998ccaf010c to remote] DEBUG org.asynchttpclient.netty.request.NettyRequestSender - Using open Channel [id: 0x1e529968, L:/127.0.0.1:50018 - R:localhost/127.0.0.1:41065] for POST '/session/16dea9b7590980447ad68998ccaf010c/element'
10:02:40.825 [AsyncHttpClient-1-4] DEBUG org.asynchttpclient.netty.handler.HttpHandler - 

Request DefaultHttpRequest(decodeResult: success, version: HTTP/1.1)
POST /session/16dea9b7590980447ad68998ccaf010c/element HTTP/1.1
User-Agent: selenium/4.7.1 (java windows)
Content-Length: 187
Content-Type: application/json; charset=utf-8
host: localhost:41065
accept: */*

Response DefaultHttpResponse(decodeResult: success, version: HTTP/1.1)
HTTP/1.1 200 OK
Content-Type: application/json; charset=utf-8
cache-control: no-cache
content-length: 88

10:02:40.826 [AsyncHttpClient-1-4] DEBUG org.asynchttpclient.netty.channel.ChannelManager - Adding key: http://localhost:41065 for channel [id: 0x1e529968, L:/127.0.0.1:50018 - R:localhost/127.0.0.1:41065]
10:02:40.827 [Forwarding clearElement on session 16dea9b7590980447ad68998ccaf010c to remote] DEBUG org.asynchttpclient.netty.request.NettyRequestSender - Using pooled Channel '[id: 0x1e529968, L:/127.0.0.1:50018 - R:localhost/127.0.0.1:41065]' for 'POST' to 'http://localhost:41065/session/16dea9b7590980447ad68998ccaf010c/element/8b1660b0-b70a-4d68-917d-a862e1303f68/clear'
10:02:40.827 [Forwarding clearElement on session 16dea9b7590980447ad68998ccaf010c to remote] DEBUG org.asynchttpclient.netty.request.NettyRequestSender - Using open Channel [id: 0x1e529968, L:/127.0.0.1:50018 - R:localhost/127.0.0.1:41065] for POST '/session/16dea9b7590980447ad68998ccaf010c/element/8b1660b0-b70a-4d68-917d-a862e1303f68/clear'
10:02:40.876 [AsyncHttpClient-1-4] DEBUG org.asynchttpclient.netty.handler.HttpHandler - 

Request DefaultHttpRequest(decodeResult: success, version: HTTP/1.1)
POST /session/16dea9b7590980447ad68998ccaf010c/element/8b1660b0-b70a-4d68-917d-a862e1303f68/clear HTTP/1.1
User-Agent: selenium/4.7.1 (java windows)
Content-Length: 50
Content-Type: application/json; charset=utf-8
host: localhost:41065
accept: */*

Response DefaultHttpResponse(decodeResult: success, version: HTTP/1.1)
HTTP/1.1 200 OK
Content-Type: application/json; charset=utf-8
cache-control: no-cache
content-length: 14

10:02:40.876 [AsyncHttpClient-1-4] DEBUG org.asynchttpclient.netty.channel.ChannelManager - Adding key: http://localhost:41065 for channel [id: 0x1e529968, L:/127.0.0.1:50018 - R:localhost/127.0.0.1:41065]
10:02:40.879 [Forwarding sendKeysToElement on session 16dea9b7590980447ad68998ccaf010c to remote] DEBUG org.asynchttpclient.netty.request.NettyRequestSender - Using pooled Channel '[id: 0x1e529968, L:/127.0.0.1:50018 - R:localhost/127.0.0.1:41065]' for 'POST' to 'http://localhost:41065/session/16dea9b7590980447ad68998ccaf010c/element/8b1660b0-b70a-4d68-917d-a862e1303f68/value'
10:02:40.879 [Forwarding sendKeysToElement on session 16dea9b7590980447ad68998ccaf010c to remote] DEBUG org.asynchttpclient.netty.request.NettyRequestSender - Using open Channel [id: 0x1e529968, L:/127.0.0.1:50018 - R:localhost/127.0.0.1:41065] for POST '/session/16dea9b7590980447ad68998ccaf010c/element/8b1660b0-b70a-4d68-917d-a862e1303f68/value'
10:02:41.115 [AsyncHttpClient-1-4] DEBUG org.asynchttpclient.netty.handler.HttpHandler - 

Request DefaultHttpRequest(decodeResult: success, version: HTTP/1.1)
POST /session/16dea9b7590980447ad68998ccaf010c/element/8b1660b0-b70a-4d68-917d-a862e1303f68/value HTTP/1.1
User-Agent: selenium/4.7.1 (java windows)
Content-Length: 211
Content-Type: application/json; charset=utf-8
host: localhost:41065
accept: */*

Response DefaultHttpResponse(decodeResult: success, version: HTTP/1.1)
HTTP/1.1 200 OK
Content-Type: application/json; charset=utf-8
cache-control: no-cache
content-length: 14

10:02:41.115 [AsyncHttpClient-1-4] DEBUG org.asynchttpclient.netty.channel.ChannelManager - Adding key: http://localhost:41065 for channel [id: 0x1e529968, L:/127.0.0.1:50018 - R:localhost/127.0.0.1:41065]
10:02:41.130 [Forwarding getCurrentWindowHandle on session 16dea9b7590980447ad68998ccaf010c to remote] DEBUG org.asynchttpclient.netty.request.NettyRequestSender - Using pooled Channel '[id: 0x1e529968, L:/127.0.0.1:50018 - R:localhost/127.0.0.1:41065]' for 'GET' to 'http://localhost:41065/session/16dea9b7590980447ad68998ccaf010c/window'
10:02:41.130 [Forwarding getCurrentWindowHandle on session 16dea9b7590980447ad68998ccaf010c to remote] DEBUG org.asynchttpclient.netty.request.NettyRequestSender - Using open Channel [id: 0x1e529968, L:/127.0.0.1:50018 - R:localhost/127.0.0.1:41065] for GET '/session/16dea9b7590980447ad68998ccaf010c/window'
10:02:41.132 [AsyncHttpClient-1-4] DEBUG org.asynchttpclient.netty.handler.HttpHandler - 

Request DefaultFullHttpRequest(decodeResult: success, version: HTTP/1.1, content: EmptyByteBufBE)
GET /session/16dea9b7590980447ad68998ccaf010c/window HTTP/1.1
User-Agent: selenium/4.7.1 (java windows)
Cache-Control: no-cache
Content-Type: application/json; charset=utf-8
host: localhost:41065
accept: */*

Response DefaultHttpResponse(decodeResult: success, version: HTTP/1.1)
HTTP/1.1 200 OK
Content-Type: application/json; charset=utf-8
cache-control: no-cache
content-length: 44

10:02:41.133 [AsyncHttpClient-1-4] DEBUG org.asynchttpclient.netty.channel.ChannelManager - Adding key: http://localhost:41065 for channel [id: 0x1e529968, L:/127.0.0.1:50018 - R:localhost/127.0.0.1:41065]
10:02:41.136 [Forwarding getAlertText on session 16dea9b7590980447ad68998ccaf010c to remote] DEBUG org.asynchttpclient.netty.request.NettyRequestSender - Using pooled Channel '[id: 0x1e529968, L:/127.0.0.1:50018 - R:localhost/127.0.0.1:41065]' for 'GET' to 'http://localhost:41065/session/16dea9b7590980447ad68998ccaf010c/alert/text'
10:02:41.136 [Forwarding getAlertText on session 16dea9b7590980447ad68998ccaf010c to remote] DEBUG org.asynchttpclient.netty.request.NettyRequestSender - Using open Channel [id: 0x1e529968, L:/127.0.0.1:50018 - R:localhost/127.0.0.1:41065] for GET '/session/16dea9b7590980447ad68998ccaf010c/alert/text'
10:02:41.144 [AsyncHttpClient-1-4] DEBUG org.asynchttpclient.netty.handler.HttpHandler - 

Request DefaultFullHttpRequest(decodeResult: success, version: HTTP/1.1, content: EmptyByteBufBE)
GET /session/16dea9b7590980447ad68998ccaf010c/alert/text HTTP/1.1
User-Agent: selenium/4.7.1 (java windows)
Cache-Control: no-cache
Content-Type: application/json; charset=utf-8
host: localhost:41065
accept: */*

Response DefaultHttpResponse(decodeResult: success, version: HTTP/1.1)
HTTP/1.1 404 Not Found
Content-Type: application/json; charset=utf-8
cache-control: no-cache
content-length: 821

10:02:41.144 [AsyncHttpClient-1-4] DEBUG org.asynchttpclient.netty.channel.ChannelManager - Adding key: http://localhost:41065 for channel [id: 0x1e529968, L:/127.0.0.1:50018 - R:localhost/127.0.0.1:41065]
10:02:41.147 [Forwarding switchToWindow on session 16dea9b7590980447ad68998ccaf010c to remote] DEBUG org.asynchttpclient.netty.request.NettyRequestSender - Using pooled Channel '[id: 0x1e529968, L:/127.0.0.1:50018 - R:localhost/127.0.0.1:41065]' for 'POST' to 'http://localhost:41065/session/16dea9b7590980447ad68998ccaf010c/window'
10:02:41.147 [Forwarding switchToWindow on session 16dea9b7590980447ad68998ccaf010c to remote] DEBUG org.asynchttpclient.netty.request.NettyRequestSender - Using open Channel [id: 0x1e529968, L:/127.0.0.1:50018 - R:localhost/127.0.0.1:41065] for POST '/session/16dea9b7590980447ad68998ccaf010c/window'
10:02:41.150 [AsyncHttpClient-1-4] DEBUG org.asynchttpclient.netty.handler.HttpHandler - 

Request DefaultHttpRequest(decodeResult: success, version: HTTP/1.1)
POST /session/16dea9b7590980447ad68998ccaf010c/window HTTP/1.1
User-Agent: selenium/4.7.1 (java windows)
Content-Length: 50
Content-Type: application/json; charset=utf-8
host: localhost:41065
accept: */*

Response DefaultHttpResponse(decodeResult: success, version: HTTP/1.1)
HTTP/1.1 200 OK
Content-Type: application/json; charset=utf-8
cache-control: no-cache
content-length: 14

10:02:41.150 [AsyncHttpClient-1-4] DEBUG org.asynchttpclient.netty.channel.ChannelManager - Adding key: http://localhost:41065 for channel [id: 0x1e529968, L:/127.0.0.1:50018 - R:localhost/127.0.0.1:41065]
10:02:41.152 [Forwarding getCurrentUrl on session 16dea9b7590980447ad68998ccaf010c to remote] DEBUG org.asynchttpclient.netty.request.NettyRequestSender - Using pooled Channel '[id: 0x1e529968, L:/127.0.0.1:50018 - R:localhost/127.0.0.1:41065]' for 'GET' to 'http://localhost:41065/session/16dea9b7590980447ad68998ccaf010c/url'
10:02:41.152 [Forwarding getCurrentUrl on session 16dea9b7590980447ad68998ccaf010c to remote] DEBUG org.asynchttpclient.netty.request.NettyRequestSender - Using open Channel [id: 0x1e529968, L:/127.0.0.1:50018 - R:localhost/127.0.0.1:41065] for GET '/session/16dea9b7590980447ad68998ccaf010c/url'
10:02:41.159 [AsyncHttpClient-1-4] DEBUG org.asynchttpclient.netty.handler.HttpHandler - 

Request DefaultFullHttpRequest(decodeResult: success, version: HTTP/1.1, content: EmptyByteBufBE)
GET /session/16dea9b7590980447ad68998ccaf010c/url HTTP/1.1
User-Agent: selenium/4.7.1 (java windows)
Cache-Control: no-cache
Content-Type: application/json; charset=utf-8
host: localhost:41065
accept: */*

Response DefaultHttpResponse(decodeResult: success, version: HTTP/1.1)
HTTP/1.1 200 OK
Content-Type: application/json; charset=utf-8
cache-control: no-cache
content-length: 54

10:02:41.159 [AsyncHttpClient-1-4] DEBUG org.asynchttpclient.netty.channel.ChannelManager - Adding key: http://localhost:41065 for channel [id: 0x1e529968, L:/127.0.0.1:50018 - R:localhost/127.0.0.1:41065]
10:02:41.160 [Forwarding screenshot on session 16dea9b7590980447ad68998ccaf010c to remote] DEBUG org.asynchttpclient.netty.request.NettyRequestSender - Using pooled Channel '[id: 0x1e529968, L:/127.0.0.1:50018 - R:localhost/127.0.0.1:41065]' for 'GET' to 'http://localhost:41065/session/16dea9b7590980447ad68998ccaf010c/screenshot'
10:02:41.160 [Forwarding screenshot on session 16dea9b7590980447ad68998ccaf010c to remote] DEBUG org.asynchttpclient.netty.request.NettyRequestSender - Using open Channel [id: 0x1e529968, L:/127.0.0.1:50018 - R:localhost/127.0.0.1:41065] for GET '/session/16dea9b7590980447ad68998ccaf010c/screenshot'
10:02:41.279 [AsyncHttpClient-1-4] DEBUG org.asynchttpclient.netty.handler.HttpHandler - 

Request DefaultFullHttpRequest(decodeResult: success, version: HTTP/1.1, content: EmptyByteBufBE)
GET /session/16dea9b7590980447ad68998ccaf010c/screenshot HTTP/1.1
User-Agent: selenium/4.7.1 (java windows)
Cache-Control: no-cache
Content-Type: application/json; charset=utf-8
host: localhost:41065
accept: */*

Response DefaultHttpResponse(decodeResult: success, version: HTTP/1.1)
HTTP/1.1 200 OK
Content-Type: application/json; charset=utf-8
cache-control: no-cache
content-length: 34004

10:02:41.280 [AsyncHttpClient-1-4] DEBUG org.asynchttpclient.netty.channel.ChannelManager - Adding key: http://localhost:41065 for channel [id: 0x1e529968, L:/127.0.0.1:50018 - R:localhost/127.0.0.1:41065]
10:02:41.282 [main] DEBUG net.serenitybdd.core.photography.Darkroom - Send negative for processing for target\site\serenity\c8ada8a7ccda1c2e5b94027a45681d109f3c7344497ea06b80530a3005ef07d2.png
10:02:41.282 [main] DEBUG net.thucydides.core.steps.StepInterceptor - STEP DONE: inputEmail
10:02:41.282 [Darkroom Processing Line] DEBUG net.serenitybdd.core.photography.DarkroomProcessingLine - Processing screenshot image in /var/screenshots/screenshot-2604624454004933204
10:02:41.282 [Darkroom Processing Line] DEBUG net.serenitybdd.core.photography.DarkroomProcessingLine - Saving screenshot to target\site\serenity\c8ada8a7ccda1c2e5b94027a45681d109f3c7344497ea06b80530a3005ef07d2.png
  &amp#27;[32mAnd &amp#27;[0m&amp#27;[32muser input email untuk register&amp#27;[0m                                &amp#27;[90m# starter.stepdefinitions.RegisterSteps.userInputEmailUntukRegister()&amp#27;[0m
10:02:41.298 [main] DEBUG net.thucydides.core.steps.StepInterceptor - STARTING STEP: RegisterSteps.userInputPasswordUntukRegister - inputPassword
10:02:41.301 [Forwarding findElement on session 16dea9b7590980447ad68998ccaf010c to remote] DEBUG org.asynchttpclient.netty.request.NettyRequestSender - Using pooled Channel '[id: 0x1e529968, L:/127.0.0.1:50018 - R:localhost/127.0.0.1:41065]' for 'POST' to 'http://localhost:41065/session/16dea9b7590980447ad68998ccaf010c/element'
10:02:41.301 [Forwarding findElement on session 16dea9b7590980447ad68998ccaf010c to remote] DEBUG org.asynchttpclient.netty.request.NettyRequestSender - Using open Channel [id: 0x1e529968, L:/127.0.0.1:50018 - R:localhost/127.0.0.1:41065] for POST '/session/16dea9b7590980447ad68998ccaf010c/element'
10:02:41.319 [AsyncHttpClient-1-4] DEBUG org.asynchttpclient.netty.handler.HttpHandler - 

Request DefaultHttpRequest(decodeResult: success, version: HTTP/1.1)
POST /session/16dea9b7590980447ad68998ccaf010c/element HTTP/1.1
User-Agent: selenium/4.7.1 (java windows)
Content-Length: 187
Content-Type: application/json; charset=utf-8
host: localhost:41065
accept: */*

Response DefaultHttpResponse(decodeResult: success, version: HTTP/1.1)
HTTP/1.1 200 OK
Content-Type: application/json; charset=utf-8
cache-control: no-cache
content-length: 88

10:02:41.319 [AsyncHttpClient-1-4] DEBUG org.asynchttpclient.netty.channel.ChannelManager - Adding key: http://localhost:41065 for channel [id: 0x1e529968, L:/127.0.0.1:50018 - R:localhost/127.0.0.1:41065]
10:02:41.322 [Forwarding clearElement on session 16dea9b7590980447ad68998ccaf010c to remote] DEBUG org.asynchttpclient.netty.request.NettyRequestSender - Using pooled Channel '[id: 0x1e529968, L:/127.0.0.1:50018 - R:localhost/127.0.0.1:41065]' for 'POST' to 'http://localhost:41065/session/16dea9b7590980447ad68998ccaf010c/element/b7db2b87-ff1a-4291-a29c-a83e6f23d707/clear'
10:02:41.322 [Forwarding clearElement on session 16dea9b7590980447ad68998ccaf010c to remote] DEBUG org.asynchttpclient.netty.request.NettyRequestSender - Using open Channel [id: 0x1e529968, L:/127.0.0.1:50018 - R:localhost/127.0.0.1:41065] for POST '/session/16dea9b7590980447ad68998ccaf010c/element/b7db2b87-ff1a-4291-a29c-a83e6f23d707/clear'
10:02:41.373 [AsyncHttpClient-1-4] DEBUG org.asynchttpclient.netty.handler.HttpHandler - 

Request DefaultHttpRequest(decodeResult: success, version: HTTP/1.1)
POST /session/16dea9b7590980447ad68998ccaf010c/element/b7db2b87-ff1a-4291-a29c-a83e6f23d707/clear HTTP/1.1
User-Agent: selenium/4.7.1 (java windows)
Content-Length: 50
Content-Type: application/json; charset=utf-8
host: localhost:41065
accept: */*

Response DefaultHttpResponse(decodeResult: success, version: HTTP/1.1)
HTTP/1.1 200 OK
Content-Type: application/json; charset=utf-8
cache-control: no-cache
content-length: 14

10:02:41.373 [AsyncHttpClient-1-4] DEBUG org.asynchttpclient.netty.channel.ChannelManager - Adding key: http://localhost:41065 for channel [id: 0x1e529968, L:/127.0.0.1:50018 - R:localhost/127.0.0.1:41065]
10:02:41.376 [Forwarding sendKeysToElement on session 16dea9b7590980447ad68998ccaf010c to remote] DEBUG org.asynchttpclient.netty.request.NettyRequestSender - Using pooled Channel '[id: 0x1e529968, L:/127.0.0.1:50018 - R:localhost/127.0.0.1:41065]' for 'POST' to 'http://localhost:41065/session/16dea9b7590980447ad68998ccaf010c/element/b7db2b87-ff1a-4291-a29c-a83e6f23d707/value'
10:02:41.376 [Forwarding sendKeysToElement on session 16dea9b7590980447ad68998ccaf010c to remote] DEBUG org.asynchttpclient.netty.request.NettyRequestSender - Using open Channel [id: 0x1e529968, L:/127.0.0.1:50018 - R:localhost/127.0.0.1:41065] for POST '/session/16dea9b7590980447ad68998ccaf010c/element/b7db2b87-ff1a-4291-a29c-a83e6f23d707/value'
10:02:41.458 [AsyncHttpClient-1-4] DEBUG org.asynchttpclient.netty.handler.HttpHandler - 

Request DefaultHttpRequest(decodeResult: success, version: HTTP/1.1)
POST /session/16dea9b7590980447ad68998ccaf010c/element/b7db2b87-ff1a-4291-a29c-a83e6f23d707/value HTTP/1.1
User-Agent: selenium/4.7.1 (java windows)
Content-Length: 111
Content-Type: application/json; charset=utf-8
host: localhost:41065
accept: */*

Response DefaultHttpResponse(decodeResult: success, version: HTTP/1.1)
HTTP/1.1 200 OK
Content-Type: application/json; charset=utf-8
cache-control: no-cache
content-length: 14

10:02:41.459 [AsyncHttpClient-1-4] DEBUG org.asynchttpclient.netty.channel.ChannelManager - Adding key: http://localhost:41065 for channel [id: 0x1e529968, L:/127.0.0.1:50018 - R:localhost/127.0.0.1:41065]
10:02:41.468 [Forwarding getCurrentWindowHandle on session 16dea9b7590980447ad68998ccaf010c to remote] DEBUG org.asynchttpclient.netty.request.NettyRequestSender - Using pooled Channel '[id: 0x1e529968, L:/127.0.0.1:50018 - R:localhost/127.0.0.1:41065]' for 'GET' to 'http://localhost:41065/session/16dea9b7590980447ad68998ccaf010c/window'
10:02:41.468 [Forwarding getCurrentWindowHandle on session 16dea9b7590980447ad68998ccaf010c to remote] DEBUG org.asynchttpclient.netty.request.NettyRequestSender - Using open Channel [id: 0x1e529968, L:/127.0.0.1:50018 - R:localhost/127.0.0.1:41065] for GET '/session/16dea9b7590980447ad68998ccaf010c/window'
10:02:41.470 [AsyncHttpClient-1-4] DEBUG org.asynchttpclient.netty.handler.HttpHandler - 

Request DefaultFullHttpRequest(decodeResult: success, version: HTTP/1.1, content: EmptyByteBufBE)
GET /session/16dea9b7590980447ad68998ccaf010c/window HTTP/1.1
User-Agent: selenium/4.7.1 (java windows)
Cache-Control: no-cache
Content-Type: application/json; charset=utf-8
host: localhost:41065
accept: */*

Response DefaultHttpResponse(decodeResult: success, version: HTTP/1.1)
HTTP/1.1 200 OK
Content-Type: application/json; charset=utf-8
cache-control: no-cache
content-length: 44

10:02:41.470 [AsyncHttpClient-1-4] DEBUG org.asynchttpclient.netty.channel.ChannelManager - Adding key: http://localhost:41065 for channel [id: 0x1e529968, L:/127.0.0.1:50018 - R:localhost/127.0.0.1:41065]
10:02:41.472 [Forwarding getAlertText on session 16dea9b7590980447ad68998ccaf010c to remote] DEBUG org.asynchttpclient.netty.request.NettyRequestSender - Using pooled Channel '[id: 0x1e529968, L:/127.0.0.1:50018 - R:localhost/127.0.0.1:41065]' for 'GET' to 'http://localhost:41065/session/16dea9b7590980447ad68998ccaf010c/alert/text'
10:02:41.472 [Forwarding getAlertText on session 16dea9b7590980447ad68998ccaf010c to remote] DEBUG org.asynchttpclient.netty.request.NettyRequestSender - Using open Channel [id: 0x1e529968, L:/127.0.0.1:50018 - R:localhost/127.0.0.1:41065] for GET '/session/16dea9b7590980447ad68998ccaf010c/alert/text'
10:02:41.475 [AsyncHttpClient-1-4] DEBUG org.asynchttpclient.netty.handler.HttpHandler - 

Request DefaultFullHttpRequest(decodeResult: success, version: HTTP/1.1, content: EmptyByteBufBE)
GET /session/16dea9b7590980447ad68998ccaf010c/alert/text HTTP/1.1
User-Agent: selenium/4.7.1 (java windows)
Cache-Control: no-cache
Content-Type: application/json; charset=utf-8
host: localhost:41065
accept: */*

Response DefaultHttpResponse(decodeResult: success, version: HTTP/1.1)
HTTP/1.1 404 Not Found
Content-Type: application/json; charset=utf-8
cache-control: no-cache
content-length: 821

10:02:41.476 [AsyncHttpClient-1-4] DEBUG org.asynchttpclient.netty.channel.ChannelManager - Adding key: http://localhost:41065 for channel [id: 0x1e529968, L:/127.0.0.1:50018 - R:localhost/127.0.0.1:41065]
10:02:41.479 [Forwarding switchToWindow on session 16dea9b7590980447ad68998ccaf010c to remote] DEBUG org.asynchttpclient.netty.request.NettyRequestSender - Using pooled Channel '[id: 0x1e529968, L:/127.0.0.1:50018 - R:localhost/127.0.0.1:41065]' for 'POST' to 'http://localhost:41065/session/16dea9b7590980447ad68998ccaf010c/window'
10:02:41.479 [Forwarding switchToWindow on session 16dea9b7590980447ad68998ccaf010c to remote] DEBUG org.asynchttpclient.netty.request.NettyRequestSender - Using open Channel [id: 0x1e529968, L:/127.0.0.1:50018 - R:localhost/127.0.0.1:41065] for POST '/session/16dea9b7590980447ad68998ccaf010c/window'
10:02:41.483 [AsyncHttpClient-1-4] DEBUG org.asynchttpclient.netty.handler.HttpHandler - 

Request DefaultHttpRequest(decodeResult: success, version: HTTP/1.1)
POST /session/16dea9b7590980447ad68998ccaf010c/window HTTP/1.1
User-Agent: selenium/4.7.1 (java windows)
Content-Length: 50
Content-Type: application/json; charset=utf-8
host: localhost:41065
accept: */*

Response DefaultHttpResponse(decodeResult: success, version: HTTP/1.1)
HTTP/1.1 200 OK
Content-Type: application/json; charset=utf-8
cache-control: no-cache
content-length: 14

10:02:41.483 [AsyncHttpClient-1-4] DEBUG org.asynchttpclient.netty.channel.ChannelManager - Adding key: http://localhost:41065 for channel [id: 0x1e529968, L:/127.0.0.1:50018 - R:localhost/127.0.0.1:41065]
10:02:41.484 [Forwarding getCurrentUrl on session 16dea9b7590980447ad68998ccaf010c to remote] DEBUG org.asynchttpclient.netty.request.NettyRequestSender - Using pooled Channel '[id: 0x1e529968, L:/127.0.0.1:50018 - R:localhost/127.0.0.1:41065]' for 'GET' to 'http://localhost:41065/session/16dea9b7590980447ad68998ccaf010c/url'
10:02:41.485 [Forwarding getCurrentUrl on session 16dea9b7590980447ad68998ccaf010c to remote] DEBUG org.asynchttpclient.netty.request.NettyRequestSender - Using open Channel [id: 0x1e529968, L:/127.0.0.1:50018 - R:localhost/127.0.0.1:41065] for GET '/session/16dea9b7590980447ad68998ccaf010c/url'
10:02:41.492 [AsyncHttpClient-1-4] DEBUG org.asynchttpclient.netty.handler.HttpHandler - 

Request DefaultFullHttpRequest(decodeResult: success, version: HTTP/1.1, content: EmptyByteBufBE)
GET /session/16dea9b7590980447ad68998ccaf010c/url HTTP/1.1
User-Agent: selenium/4.7.1 (java windows)
Cache-Control: no-cache
Content-Type: application/json; charset=utf-8
host: localhost:41065
accept: */*

Response DefaultHttpResponse(decodeResult: success, version: HTTP/1.1)
HTTP/1.1 200 OK
Content-Type: application/json; charset=utf-8
cache-control: no-cache
content-length: 54

10:02:41.492 [AsyncHttpClient-1-4] DEBUG org.asynchttpclient.netty.channel.ChannelManager - Adding key: http://localhost:41065 for channel [id: 0x1e529968, L:/127.0.0.1:50018 - R:localhost/127.0.0.1:41065]
10:02:41.494 [Forwarding screenshot on session 16dea9b7590980447ad68998ccaf010c to remote] DEBUG org.asynchttpclient.netty.request.NettyRequestSender - Using pooled Channel '[id: 0x1e529968, L:/127.0.0.1:50018 - R:localhost/127.0.0.1:41065]' for 'GET' to 'http://localhost:41065/session/16dea9b7590980447ad68998ccaf010c/screenshot'
10:02:41.494 [Forwarding screenshot on session 16dea9b7590980447ad68998ccaf010c to remote] DEBUG org.asynchttpclient.netty.request.NettyRequestSender - Using open Channel [id: 0x1e529968, L:/127.0.0.1:50018 - R:localhost/127.0.0.1:41065] for GET '/session/16dea9b7590980447ad68998ccaf010c/screenshot'
10:02:41.571 [AsyncHttpClient-1-1] DEBUG org.asynchttpclient.netty.channel.DefaultChannelPool - Entry count for : http://localhost:50019 : 1
10:02:41.609 [AsyncHttpClient-1-4] DEBUG org.asynchttpclient.netty.handler.HttpHandler - 

Request DefaultFullHttpRequest(decodeResult: success, version: HTTP/1.1, content: EmptyByteBufBE)
GET /session/16dea9b7590980447ad68998ccaf010c/screenshot HTTP/1.1
User-Agent: selenium/4.7.1 (java windows)
Cache-Control: no-cache
Content-Type: application/json; charset=utf-8
host: localhost:41065
accept: */*

Response DefaultHttpResponse(decodeResult: success, version: HTTP/1.1)
HTTP/1.1 200 OK
Content-Type: application/json; charset=utf-8
cache-control: no-cache
content-length: 33912

10:02:41.609 [AsyncHttpClient-1-4] DEBUG org.asynchttpclient.netty.channel.ChannelManager - Adding key: http://localhost:41065 for channel [id: 0x1e529968, L:/127.0.0.1:50018 - R:localhost/127.0.0.1:41065]
10:02:41.611 [main] DEBUG net.serenitybdd.core.photography.Darkroom - Send negative for processing for target\site\serenity\b990b59b5f746771206a60f7ebcdc71d0266e0a119fa8cc7746b79451690b9b6.png
10:02:41.612 [main] DEBUG net.thucydides.core.steps.StepInterceptor - STEP DONE: inputPassword
  &amp#27;[32mAnd &amp#27;[0m&amp#27;[32muser input password untuk register&amp#27;[0m                             &amp#27;[90m# starter.stepdefinitions.RegisterSteps.userInputPasswordUntukRegister()&amp#27;[0m
10:02:41.612 [Darkroom Processing Line] DEBUG net.serenitybdd.core.photography.DarkroomProcessingLine - Processing screenshot image in /var/screenshots/screenshot-6027479321926609599
10:02:41.612 [Darkroom Processing Line] DEBUG net.serenitybdd.core.photography.DarkroomProcessingLine - Saving screenshot to target\site\serenity\b990b59b5f746771206a60f7ebcdc71d0266e0a119fa8cc7746b79451690b9b6.png
10:02:41.628 [main] DEBUG net.thucydides.core.steps.StepInterceptor - STARTING STEP: RegisterSteps.userKlikRegisterYangKedua - klikButtonRegister
10:02:41.631 [Forwarding findElement on session 16dea9b7590980447ad68998ccaf010c to remote] DEBUG org.asynchttpclient.netty.request.NettyRequestSender - Using pooled Channel '[id: 0x1e529968, L:/127.0.0.1:50018 - R:localhost/127.0.0.1:41065]' for 'POST' to 'http://localhost:41065/session/16dea9b7590980447ad68998ccaf010c/element'
10:02:41.631 [Forwarding findElement on session 16dea9b7590980447ad68998ccaf010c to remote] DEBUG org.asynchttpclient.netty.request.NettyRequestSender - Using open Channel [id: 0x1e529968, L:/127.0.0.1:50018 - R:localhost/127.0.0.1:41065] for POST '/session/16dea9b7590980447ad68998ccaf010c/element'
10:02:41.659 [AsyncHttpClient-1-4] DEBUG org.asynchttpclient.netty.handler.HttpHandler - 

Request DefaultHttpRequest(decodeResult: success, version: HTTP/1.1)
POST /session/16dea9b7590980447ad68998ccaf010c/element HTTP/1.1
User-Agent: selenium/4.7.1 (java windows)
Content-Length: 141
Content-Type: application/json; charset=utf-8
host: localhost:41065
accept: */*

Response DefaultHttpResponse(decodeResult: success, version: HTTP/1.1)
HTTP/1.1 200 OK
Content-Type: application/json; charset=utf-8
cache-control: no-cache
content-length: 88

10:02:41.659 [AsyncHttpClient-1-4] DEBUG org.asynchttpclient.netty.channel.ChannelManager - Adding key: http://localhost:41065 for channel [id: 0x1e529968, L:/127.0.0.1:50018 - R:localhost/127.0.0.1:41065]
10:02:41.661 [Forwarding getElementTagName on session 16dea9b7590980447ad68998ccaf010c to remote] DEBUG org.asynchttpclient.netty.request.NettyRequestSender - Using pooled Channel '[id: 0x1e529968, L:/127.0.0.1:50018 - R:localhost/127.0.0.1:41065]' for 'GET' to 'http://localhost:41065/session/16dea9b7590980447ad68998ccaf010c/element/d8c03d76-2331-4f83-9067-4f2c09023e1f/name'
10:02:41.661 [Forwarding getElementTagName on session 16dea9b7590980447ad68998ccaf010c to remote] DEBUG org.asynchttpclient.netty.request.NettyRequestSender - Using open Channel [id: 0x1e529968, L:/127.0.0.1:50018 - R:localhost/127.0.0.1:41065] for GET '/session/16dea9b7590980447ad68998ccaf010c/element/d8c03d76-2331-4f83-9067-4f2c09023e1f/name'
10:02:41.672 [AsyncHttpClient-1-4] DEBUG org.asynchttpclient.netty.handler.HttpHandler - 

Request DefaultFullHttpRequest(decodeResult: success, version: HTTP/1.1, content: EmptyByteBufBE)
GET /session/16dea9b7590980447ad68998ccaf010c/element/d8c03d76-2331-4f83-9067-4f2c09023e1f/name HTTP/1.1
User-Agent: selenium/4.7.1 (java windows)
Cache-Control: no-cache
Content-Type: application/json; charset=utf-8
host: localhost:41065
accept: */*

Response DefaultHttpResponse(decodeResult: success, version: HTTP/1.1)
HTTP/1.1 200 OK
Content-Type: application/json; charset=utf-8
cache-control: no-cache
content-length: 18

10:02:41.673 [AsyncHttpClient-1-4] DEBUG org.asynchttpclient.netty.channel.ChannelManager - Adding key: http://localhost:41065 for channel [id: 0x1e529968, L:/127.0.0.1:50018 - R:localhost/127.0.0.1:41065]
10:02:41.674 [Forwarding getElementTagName on session 16dea9b7590980447ad68998ccaf010c to remote] DEBUG org.asynchttpclient.netty.request.NettyRequestSender - Using pooled Channel '[id: 0x1e529968, L:/127.0.0.1:50018 - R:localhost/127.0.0.1:41065]' for 'GET' to 'http://localhost:41065/session/16dea9b7590980447ad68998ccaf010c/element/d8c03d76-2331-4f83-9067-4f2c09023e1f/name'
10:02:41.674 [Forwarding getElementTagName on session 16dea9b7590980447ad68998ccaf010c to remote] DEBUG org.asynchttpclient.netty.request.NettyRequestSender - Using open Channel [id: 0x1e529968, L:/127.0.0.1:50018 - R:localhost/127.0.0.1:41065] for GET '/session/16dea9b7590980447ad68998ccaf010c/element/d8c03d76-2331-4f83-9067-4f2c09023e1f/name'
10:02:41.680 [AsyncHttpClient-1-4] DEBUG org.asynchttpclient.netty.handler.HttpHandler - 

Request DefaultFullHttpRequest(decodeResult: success, version: HTTP/1.1, content: EmptyByteBufBE)
GET /session/16dea9b7590980447ad68998ccaf010c/element/d8c03d76-2331-4f83-9067-4f2c09023e1f/name HTTP/1.1
User-Agent: selenium/4.7.1 (java windows)
Cache-Control: no-cache
Content-Type: application/json; charset=utf-8
host: localhost:41065
accept: */*

Response DefaultHttpResponse(decodeResult: success, version: HTTP/1.1)
HTTP/1.1 200 OK
Content-Type: application/json; charset=utf-8
cache-control: no-cache
content-length: 18

10:02:41.680 [AsyncHttpClient-1-4] DEBUG org.asynchttpclient.netty.channel.ChannelManager - Adding key: http://localhost:41065 for channel [id: 0x1e529968, L:/127.0.0.1:50018 - R:localhost/127.0.0.1:41065]
10:02:41.683 [Forwarding isElementEnabled on session 16dea9b7590980447ad68998ccaf010c to remote] DEBUG org.asynchttpclient.netty.request.NettyRequestSender - Using pooled Channel '[id: 0x1e529968, L:/127.0.0.1:50018 - R:localhost/127.0.0.1:41065]' for 'GET' to 'http://localhost:41065/session/16dea9b7590980447ad68998ccaf010c/element/d8c03d76-2331-4f83-9067-4f2c09023e1f/enabled'
10:02:41.683 [Forwarding isElementEnabled on session 16dea9b7590980447ad68998ccaf010c to remote] DEBUG org.asynchttpclient.netty.request.NettyRequestSender - Using open Channel [id: 0x1e529968, L:/127.0.0.1:50018 - R:localhost/127.0.0.1:41065] for GET '/session/16dea9b7590980447ad68998ccaf010c/element/d8c03d76-2331-4f83-9067-4f2c09023e1f/enabled'
10:02:41.698 [AsyncHttpClient-1-4] DEBUG org.asynchttpclient.netty.handler.HttpHandler - 

Request DefaultFullHttpRequest(decodeResult: success, version: HTTP/1.1, content: EmptyByteBufBE)
GET /session/16dea9b7590980447ad68998ccaf010c/element/d8c03d76-2331-4f83-9067-4f2c09023e1f/enabled HTTP/1.1
User-Agent: selenium/4.7.1 (java windows)
Cache-Control: no-cache
Content-Type: application/json; charset=utf-8
host: localhost:41065
accept: */*

Response DefaultHttpResponse(decodeResult: success, version: HTTP/1.1)
HTTP/1.1 200 OK
Content-Type: application/json; charset=utf-8
cache-control: no-cache
content-length: 14

10:02:41.698 [AsyncHttpClient-1-4] DEBUG org.asynchttpclient.netty.channel.ChannelManager - Adding key: http://localhost:41065 for channel [id: 0x1e529968, L:/127.0.0.1:50018 - R:localhost/127.0.0.1:41065]
10:02:41.701 [Forwarding isElementEnabled on session 16dea9b7590980447ad68998ccaf010c to remote] DEBUG org.asynchttpclient.netty.request.NettyRequestSender - Using pooled Channel '[id: 0x1e529968, L:/127.0.0.1:50018 - R:localhost/127.0.0.1:41065]' for 'GET' to 'http://localhost:41065/session/16dea9b7590980447ad68998ccaf010c/element/d8c03d76-2331-4f83-9067-4f2c09023e1f/enabled'
10:02:41.701 [Forwarding isElementEnabled on session 16dea9b7590980447ad68998ccaf010c to remote] DEBUG org.asynchttpclient.netty.request.NettyRequestSender - Using open Channel [id: 0x1e529968, L:/127.0.0.1:50018 - R:localhost/127.0.0.1:41065] for GET '/session/16dea9b7590980447ad68998ccaf010c/element/d8c03d76-2331-4f83-9067-4f2c09023e1f/enabled'
10:02:41.712 [AsyncHttpClient-1-4] DEBUG org.asynchttpclient.netty.handler.HttpHandler - 

Request DefaultFullHttpRequest(decodeResult: success, version: HTTP/1.1, content: EmptyByteBufBE)
GET /session/16dea9b7590980447ad68998ccaf010c/element/d8c03d76-2331-4f83-9067-4f2c09023e1f/enabled HTTP/1.1
User-Agent: selenium/4.7.1 (java windows)
Cache-Control: no-cache
Content-Type: application/json; charset=utf-8
host: localhost:41065
accept: */*

Response DefaultHttpResponse(decodeResult: success, version: HTTP/1.1)
HTTP/1.1 200 OK
Content-Type: application/json; charset=utf-8
cache-control: no-cache
content-length: 14

10:02:41.713 [AsyncHttpClient-1-4] DEBUG org.asynchttpclient.netty.channel.ChannelManager - Adding key: http://localhost:41065 for channel [id: 0x1e529968, L:/127.0.0.1:50018 - R:localhost/127.0.0.1:41065]
10:02:41.715 [Forwarding findElement on session 16dea9b7590980447ad68998ccaf010c to remote] DEBUG org.asynchttpclient.netty.request.NettyRequestSender - Using pooled Channel '[id: 0x1e529968, L:/127.0.0.1:50018 - R:localhost/127.0.0.1:41065]' for 'POST' to 'http://localhost:41065/session/16dea9b7590980447ad68998ccaf010c/element'
10:02:41.715 [Forwarding findElement on session 16dea9b7590980447ad68998ccaf010c to remote] DEBUG org.asynchttpclient.netty.request.NettyRequestSender - Using open Channel [id: 0x1e529968, L:/127.0.0.1:50018 - R:localhost/127.0.0.1:41065] for POST '/session/16dea9b7590980447ad68998ccaf010c/element'
10:02:41.730 [AsyncHttpClient-1-4] DEBUG org.asynchttpclient.netty.handler.HttpHandler - 

Request DefaultHttpRequest(decodeResult: success, version: HTTP/1.1)
POST /session/16dea9b7590980447ad68998ccaf010c/element HTTP/1.1
User-Agent: selenium/4.7.1 (java windows)
Content-Length: 141
Content-Type: application/json; charset=utf-8
host: localhost:41065
accept: */*

Response DefaultHttpResponse(decodeResult: success, version: HTTP/1.1)
HTTP/1.1 200 OK
Content-Type: application/json; charset=utf-8
cache-control: no-cache
content-length: 88

10:02:41.730 [AsyncHttpClient-1-4] DEBUG org.asynchttpclient.netty.channel.ChannelManager - Adding key: http://localhost:41065 for channel [id: 0x1e529968, L:/127.0.0.1:50018 - R:localhost/127.0.0.1:41065]
10:02:41.732 [Forwarding clickElement on session 16dea9b7590980447ad68998ccaf010c to remote] DEBUG org.asynchttpclient.netty.request.NettyRequestSender - Using pooled Channel '[id: 0x1e529968, L:/127.0.0.1:50018 - R:localhost/127.0.0.1:41065]' for 'POST' to 'http://localhost:41065/session/16dea9b7590980447ad68998ccaf010c/element/d8c03d76-2331-4f83-9067-4f2c09023e1f/click'
10:02:41.732 [Forwarding clickElement on session 16dea9b7590980447ad68998ccaf010c to remote] DEBUG org.asynchttpclient.netty.request.NettyRequestSender - Using open Channel [id: 0x1e529968, L:/127.0.0.1:50018 - R:localhost/127.0.0.1:41065] for POST '/session/16dea9b7590980447ad68998ccaf010c/element/d8c03d76-2331-4f83-9067-4f2c09023e1f/click'
10:02:41.801 [AsyncHttpClient-1-4] DEBUG org.asynchttpclient.netty.handler.HttpHandler - 

Request DefaultHttpRequest(decodeResult: success, version: HTTP/1.1)
POST /session/16dea9b7590980447ad68998ccaf010c/element/d8c03d76-2331-4f83-9067-4f2c09023e1f/click HTTP/1.1
User-Agent: selenium/4.7.1 (java windows)
Content-Length: 50
Content-Type: application/json; charset=utf-8
host: localhost:41065
accept: */*

Response DefaultHttpResponse(decodeResult: success, version: HTTP/1.1)
HTTP/1.1 200 OK
Content-Type: application/json; charset=utf-8
cache-control: no-cache
content-length: 14

10:02:41.802 [AsyncHttpClient-1-4] DEBUG org.asynchttpclient.netty.channel.ChannelManager - Adding key: http://localhost:41065 for channel [id: 0x1e529968, L:/127.0.0.1:50018 - R:localhost/127.0.0.1:41065]
10:02:41.815 [Forwarding getCurrentWindowHandle on session 16dea9b7590980447ad68998ccaf010c to remote] DEBUG org.asynchttpclient.netty.request.NettyRequestSender - Using pooled Channel '[id: 0x1e529968, L:/127.0.0.1:50018 - R:localhost/127.0.0.1:41065]' for 'GET' to 'http://localhost:41065/session/16dea9b7590980447ad68998ccaf010c/window'
10:02:41.815 [Forwarding getCurrentWindowHandle on session 16dea9b7590980447ad68998ccaf010c to remote] DEBUG org.asynchttpclient.netty.request.NettyRequestSender - Using open Channel [id: 0x1e529968, L:/127.0.0.1:50018 - R:localhost/127.0.0.1:41065] for GET '/session/16dea9b7590980447ad68998ccaf010c/window'
10:02:41.817 [AsyncHttpClient-1-4] DEBUG org.asynchttpclient.netty.handler.HttpHandler - 

Request DefaultFullHttpRequest(decodeResult: success, version: HTTP/1.1, content: EmptyByteBufBE)
GET /session/16dea9b7590980447ad68998ccaf010c/window HTTP/1.1
User-Agent: selenium/4.7.1 (java windows)
Cache-Control: no-cache
Content-Type: application/json; charset=utf-8
host: localhost:41065
accept: */*

Response DefaultHttpResponse(decodeResult: success, version: HTTP/1.1)
HTTP/1.1 200 OK
Content-Type: application/json; charset=utf-8
cache-control: no-cache
content-length: 44

10:02:41.817 [AsyncHttpClient-1-4] DEBUG org.asynchttpclient.netty.channel.ChannelManager - Adding key: http://localhost:41065 for channel [id: 0x1e529968, L:/127.0.0.1:50018 - R:localhost/127.0.0.1:41065]
10:02:41.819 [Forwarding getAlertText on session 16dea9b7590980447ad68998ccaf010c to remote] DEBUG org.asynchttpclient.netty.request.NettyRequestSender - Using pooled Channel '[id: 0x1e529968, L:/127.0.0.1:50018 - R:localhost/127.0.0.1:41065]' for 'GET' to 'http://localhost:41065/session/16dea9b7590980447ad68998ccaf010c/alert/text'
10:02:41.819 [Forwarding getAlertText on session 16dea9b7590980447ad68998ccaf010c to remote] DEBUG org.asynchttpclient.netty.request.NettyRequestSender - Using open Channel [id: 0x1e529968, L:/127.0.0.1:50018 - R:localhost/127.0.0.1:41065] for GET '/session/16dea9b7590980447ad68998ccaf010c/alert/text'
10:02:41.823 [AsyncHttpClient-1-4] DEBUG org.asynchttpclient.netty.handler.HttpHandler - 

Request DefaultFullHttpRequest(decodeResult: success, version: HTTP/1.1, content: EmptyByteBufBE)
GET /session/16dea9b7590980447ad68998ccaf010c/alert/text HTTP/1.1
User-Agent: selenium/4.7.1 (java windows)
Cache-Control: no-cache
Content-Type: application/json; charset=utf-8
host: localhost:41065
accept: */*

Response DefaultHttpResponse(decodeResult: success, version: HTTP/1.1)
HTTP/1.1 404 Not Found
Content-Type: application/json; charset=utf-8
cache-control: no-cache
content-length: 821

10:02:41.823 [AsyncHttpClient-1-4] DEBUG org.asynchttpclient.netty.channel.ChannelManager - Adding key: http://localhost:41065 for channel [id: 0x1e529968, L:/127.0.0.1:50018 - R:localhost/127.0.0.1:41065]
10:02:41.826 [Forwarding switchToWindow on session 16dea9b7590980447ad68998ccaf010c to remote] DEBUG org.asynchttpclient.netty.request.NettyRequestSender - Using pooled Channel '[id: 0x1e529968, L:/127.0.0.1:50018 - R:localhost/127.0.0.1:41065]' for 'POST' to 'http://localhost:41065/session/16dea9b7590980447ad68998ccaf010c/window'
10:02:41.826 [Forwarding switchToWindow on session 16dea9b7590980447ad68998ccaf010c to remote] DEBUG org.asynchttpclient.netty.request.NettyRequestSender - Using open Channel [id: 0x1e529968, L:/127.0.0.1:50018 - R:localhost/127.0.0.1:41065] for POST '/session/16dea9b7590980447ad68998ccaf010c/window'
10:02:41.828 [AsyncHttpClient-1-4] DEBUG org.asynchttpclient.netty.handler.HttpHandler - 

Request DefaultHttpRequest(decodeResult: success, version: HTTP/1.1)
POST /session/16dea9b7590980447ad68998ccaf010c/window HTTP/1.1
User-Agent: selenium/4.7.1 (java windows)
Content-Length: 50
Content-Type: application/json; charset=utf-8
host: localhost:41065
accept: */*

Response DefaultHttpResponse(decodeResult: success, version: HTTP/1.1)
HTTP/1.1 200 OK
Content-Type: application/json; charset=utf-8
cache-control: no-cache
content-length: 14

10:02:41.828 [AsyncHttpClient-1-4] DEBUG org.asynchttpclient.netty.channel.ChannelManager - Adding key: http://localhost:41065 for channel [id: 0x1e529968, L:/127.0.0.1:50018 - R:localhost/127.0.0.1:41065]
10:02:41.829 [Forwarding getCurrentUrl on session 16dea9b7590980447ad68998ccaf010c to remote] DEBUG org.asynchttpclient.netty.request.NettyRequestSender - Using pooled Channel '[id: 0x1e529968, L:/127.0.0.1:50018 - R:localhost/127.0.0.1:41065]' for 'GET' to 'http://localhost:41065/session/16dea9b7590980447ad68998ccaf010c/url'
10:02:41.829 [Forwarding getCurrentUrl on session 16dea9b7590980447ad68998ccaf010c to remote] DEBUG org.asynchttpclient.netty.request.NettyRequestSender - Using open Channel [id: 0x1e529968, L:/127.0.0.1:50018 - R:localhost/127.0.0.1:41065] for GET '/session/16dea9b7590980447ad68998ccaf010c/url'
10:02:41.839 [AsyncHttpClient-1-4] DEBUG org.asynchttpclient.netty.handler.HttpHandler - 

Request DefaultFullHttpRequest(decodeResult: success, version: HTTP/1.1, content: EmptyByteBufBE)
GET /session/16dea9b7590980447ad68998ccaf010c/url HTTP/1.1
User-Agent: selenium/4.7.1 (java windows)
Cache-Control: no-cache
Content-Type: application/json; charset=utf-8
host: localhost:41065
accept: */*

Response DefaultHttpResponse(decodeResult: success, version: HTTP/1.1)
HTTP/1.1 200 OK
Content-Type: application/json; charset=utf-8
cache-control: no-cache
content-length: 54

10:02:41.840 [AsyncHttpClient-1-4] DEBUG org.asynchttpclient.netty.channel.ChannelManager - Adding key: http://localhost:41065 for channel [id: 0x1e529968, L:/127.0.0.1:50018 - R:localhost/127.0.0.1:41065]
10:02:41.841 [Forwarding screenshot on session 16dea9b7590980447ad68998ccaf010c to remote] DEBUG org.asynchttpclient.netty.request.NettyRequestSender - Using pooled Channel '[id: 0x1e529968, L:/127.0.0.1:50018 - R:localhost/127.0.0.1:41065]' for 'GET' to 'http://localhost:41065/session/16dea9b7590980447ad68998ccaf010c/screenshot'
10:02:41.841 [Forwarding screenshot on session 16dea9b7590980447ad68998ccaf010c to remote] DEBUG org.asynchttpclient.netty.request.NettyRequestSender - Using open Channel [id: 0x1e529968, L:/127.0.0.1:50018 - R:localhost/127.0.0.1:41065] for GET '/session/16dea9b7590980447ad68998ccaf010c/screenshot'
10:02:41.959 [AsyncHttpClient-1-4] DEBUG org.asynchttpclient.netty.handler.HttpHandler - 

Request DefaultFullHttpRequest(decodeResult: success, version: HTTP/1.1, content: EmptyByteBufBE)
GET /session/16dea9b7590980447ad68998ccaf010c/screenshot HTTP/1.1
User-Agent: selenium/4.7.1 (java windows)
Cache-Control: no-cache
Content-Type: application/json; charset=utf-8
host: localhost:41065
accept: */*

Response DefaultHttpResponse(decodeResult: success, version: HTTP/1.1)
HTTP/1.1 200 OK
Content-Type: application/json; charset=utf-8
cache-control: no-cache
content-length: 33488

10:02:41.960 [AsyncHttpClient-1-4] DEBUG org.asynchttpclient.netty.channel.ChannelManager - Adding key: http://localhost:41065 for channel [id: 0x1e529968, L:/127.0.0.1:50018 - R:localhost/127.0.0.1:41065]
10:02:41.962 [main] DEBUG net.serenitybdd.core.photography.Darkroom - Send negative for processing for target\site\serenity\3e9d04566a0b43c8c901615a4a6239f09f1990f727c31bd3ed381b62f00ea3c4.png
10:02:41.962 [main] DEBUG net.thucydides.core.steps.StepInterceptor - STEP DONE: klikButtonRegister
10:02:41.962 [Darkroom Processing Line] DEBUG net.serenitybdd.core.photography.DarkroomProcessingLine - Processing screenshot image in /var/screenshots/screenshot-2426659023815217115
  &amp#27;[32mThen &amp#27;[0m&amp#27;[32muser klik register yang kedua&amp#27;[0m                                 &amp#27;[90m# starter.stepdefinitions.RegisterSteps.userKlikRegisterYangKedua()&amp#27;[0m
10:02:41.962 [Darkroom Processing Line] DEBUG net.serenitybdd.core.photography.DarkroomProcessingLine - Saving screenshot to target\site\serenity\3e9d04566a0b43c8c901615a4a6239f09f1990f727c31bd3ed381b62f00ea3c4.png
10:02:41.981 [main] DEBUG net.thucydides.core.steps.StepInterceptor - STARTING STEP: RegisterSteps.userMenerimaERRORMessage - munculErrorMessage
10:02:41.990 [Forwarding findElement on session 16dea9b7590980447ad68998ccaf010c to remote] DEBUG org.asynchttpclient.netty.request.NettyRequestSender - Using pooled Channel '[id: 0x1e529968, L:/127.0.0.1:50018 - R:localhost/127.0.0.1:41065]' for 'POST' to 'http://localhost:41065/session/16dea9b7590980447ad68998ccaf010c/element'
10:02:41.990 [Forwarding findElement on session 16dea9b7590980447ad68998ccaf010c to remote] DEBUG org.asynchttpclient.netty.request.NettyRequestSender - Using open Channel [id: 0x1e529968, L:/127.0.0.1:50018 - R:localhost/127.0.0.1:41065] for POST '/session/16dea9b7590980447ad68998ccaf010c/element'
10:02:42.510 [AsyncHttpClient-1-4] DEBUG org.asynchttpclient.netty.handler.HttpHandler - 

Request DefaultHttpRequest(decodeResult: success, version: HTTP/1.1)
POST /session/16dea9b7590980447ad68998ccaf010c/element HTTP/1.1
User-Agent: selenium/4.7.1 (java windows)
Content-Length: 79
Content-Type: application/json; charset=utf-8
host: localhost:41065
accept: */*

Response DefaultHttpResponse(decodeResult: success, version: HTTP/1.1)
HTTP/1.1 200 OK
Content-Type: application/json; charset=utf-8
cache-control: no-cache
content-length: 88

10:02:42.510 [AsyncHttpClient-1-4] DEBUG org.asynchttpclient.netty.channel.ChannelManager - Adding key: http://localhost:41065 for channel [id: 0x1e529968, L:/127.0.0.1:50018 - R:localhost/127.0.0.1:41065]
10:02:42.515 [Forwarding isElementDisplayed on session 16dea9b7590980447ad68998ccaf010c to remote] DEBUG org.asynchttpclient.netty.request.NettyRequestSender - Using pooled Channel '[id: 0x1e529968, L:/127.0.0.1:50018 - R:localhost/127.0.0.1:41065]' for 'POST' to 'http://localhost:41065/session/16dea9b7590980447ad68998ccaf010c/execute/sync'
10:02:42.515 [Forwarding isElementDisplayed on session 16dea9b7590980447ad68998ccaf010c to remote] DEBUG org.asynchttpclient.netty.request.NettyRequestSender - Using open Channel [id: 0x1e529968, L:/127.0.0.1:50018 - R:localhost/127.0.0.1:41065] for POST '/session/16dea9b7590980447ad68998ccaf010c/execute/sync'
10:02:42.538 [AsyncHttpClient-1-4] DEBUG org.asynchttpclient.netty.handler.HttpHandler - 

Request DefaultHttpRequest(decodeResult: success, version: HTTP/1.1)
POST /session/16dea9b7590980447ad68998ccaf010c/execute/sync HTTP/1.1
User-Agent: selenium/4.7.1 (java windows)
Content-Length: 48780
Content-Type: application/json; charset=utf-8
host: localhost:41065
accept: */*

Response DefaultHttpResponse(decodeResult: success, version: HTTP/1.1)
HTTP/1.1 200 OK
Content-Type: application/json; charset=utf-8
cache-control: no-cache
content-length: 14

10:02:42.538 [AsyncHttpClient-1-4] DEBUG org.asynchttpclient.netty.channel.ChannelManager - Adding key: http://localhost:41065 for channel [id: 0x1e529968, L:/127.0.0.1:50018 - R:localhost/127.0.0.1:41065]
10:02:42.552 [Forwarding getCurrentWindowHandle on session 16dea9b7590980447ad68998ccaf010c to remote] DEBUG org.asynchttpclient.netty.request.NettyRequestSender - Using pooled Channel '[id: 0x1e529968, L:/127.0.0.1:50018 - R:localhost/127.0.0.1:41065]' for 'GET' to 'http://localhost:41065/session/16dea9b7590980447ad68998ccaf010c/window'
10:02:42.553 [Forwarding getCurrentWindowHandle on session 16dea9b7590980447ad68998ccaf010c to remote] DEBUG org.asynchttpclient.netty.request.NettyRequestSender - Using open Channel [id: 0x1e529968, L:/127.0.0.1:50018 - R:localhost/127.0.0.1:41065] for GET '/session/16dea9b7590980447ad68998ccaf010c/window'
10:02:42.554 [AsyncHttpClient-1-4] DEBUG org.asynchttpclient.netty.handler.HttpHandler - 

Request DefaultFullHttpRequest(decodeResult: success, version: HTTP/1.1, content: EmptyByteBufBE)
GET /session/16dea9b7590980447ad68998ccaf010c/window HTTP/1.1
User-Agent: selenium/4.7.1 (java windows)
Cache-Control: no-cache
Content-Type: application/json; charset=utf-8
host: localhost:41065
accept: */*

Response DefaultHttpResponse(decodeResult: success, version: HTTP/1.1)
HTTP/1.1 200 OK
Content-Type: application/json; charset=utf-8
cache-control: no-cache
content-length: 44

10:02:42.554 [AsyncHttpClient-1-4] DEBUG org.asynchttpclient.netty.channel.ChannelManager - Adding key: http://localhost:41065 for channel [id: 0x1e529968, L:/127.0.0.1:50018 - R:localhost/127.0.0.1:41065]
10:02:42.556 [Forwarding getAlertText on session 16dea9b7590980447ad68998ccaf010c to remote] DEBUG org.asynchttpclient.netty.request.NettyRequestSender - Using pooled Channel '[id: 0x1e529968, L:/127.0.0.1:50018 - R:localhost/127.0.0.1:41065]' for 'GET' to 'http://localhost:41065/session/16dea9b7590980447ad68998ccaf010c/alert/text'
10:02:42.556 [Forwarding getAlertText on session 16dea9b7590980447ad68998ccaf010c to remote] DEBUG org.asynchttpclient.netty.request.NettyRequestSender - Using open Channel [id: 0x1e529968, L:/127.0.0.1:50018 - R:localhost/127.0.0.1:41065] for GET '/session/16dea9b7590980447ad68998ccaf010c/alert/text'
10:02:42.560 [AsyncHttpClient-1-4] DEBUG org.asynchttpclient.netty.handler.HttpHandler - 

Request DefaultFullHttpRequest(decodeResult: success, version: HTTP/1.1, content: EmptyByteBufBE)
GET /session/16dea9b7590980447ad68998ccaf010c/alert/text HTTP/1.1
User-Agent: selenium/4.7.1 (java windows)
Cache-Control: no-cache
Content-Type: application/json; charset=utf-8
host: localhost:41065
accept: */*

Response DefaultHttpResponse(decodeResult: success, version: HTTP/1.1)
HTTP/1.1 404 Not Found
Content-Type: application/json; charset=utf-8
cache-control: no-cache
content-length: 821

10:02:42.560 [AsyncHttpClient-1-4] DEBUG org.asynchttpclient.netty.channel.ChannelManager - Adding key: http://localhost:41065 for channel [id: 0x1e529968, L:/127.0.0.1:50018 - R:localhost/127.0.0.1:41065]
10:02:42.563 [Forwarding switchToWindow on session 16dea9b7590980447ad68998ccaf010c to remote] DEBUG org.asynchttpclient.netty.request.NettyRequestSender - Using pooled Channel '[id: 0x1e529968, L:/127.0.0.1:50018 - R:localhost/127.0.0.1:41065]' for 'POST' to 'http://localhost:41065/session/16dea9b7590980447ad68998ccaf010c/window'
10:02:42.563 [Forwarding switchToWindow on session 16dea9b7590980447ad68998ccaf010c to remote] DEBUG org.asynchttpclient.netty.request.NettyRequestSender - Using open Channel [id: 0x1e529968, L:/127.0.0.1:50018 - R:localhost/127.0.0.1:41065] for POST '/session/16dea9b7590980447ad68998ccaf010c/window'
10:02:42.566 [AsyncHttpClient-1-4] DEBUG org.asynchttpclient.netty.handler.HttpHandler - 

Request DefaultHttpRequest(decodeResult: success, version: HTTP/1.1)
POST /session/16dea9b7590980447ad68998ccaf010c/window HTTP/1.1
User-Agent: selenium/4.7.1 (java windows)
Content-Length: 50
Content-Type: application/json; charset=utf-8
host: localhost:41065
accept: */*

Response DefaultHttpResponse(decodeResult: success, version: HTTP/1.1)
HTTP/1.1 200 OK
Content-Type: application/json; charset=utf-8
cache-control: no-cache
content-length: 14

10:02:42.567 [AsyncHttpClient-1-4] DEBUG org.asynchttpclient.netty.channel.ChannelManager - Adding key: http://localhost:41065 for channel [id: 0x1e529968, L:/127.0.0.1:50018 - R:localhost/127.0.0.1:41065]
10:02:42.568 [Forwarding getCurrentUrl on session 16dea9b7590980447ad68998ccaf010c to remote] DEBUG org.asynchttpclient.netty.request.NettyRequestSender - Using pooled Channel '[id: 0x1e529968, L:/127.0.0.1:50018 - R:localhost/127.0.0.1:41065]' for 'GET' to 'http://localhost:41065/session/16dea9b7590980447ad68998ccaf010c/url'
10:02:42.568 [Forwarding getCurrentUrl on session 16dea9b7590980447ad68998ccaf010c to remote] DEBUG org.asynchttpclient.netty.request.NettyRequestSender - Using open Channel [id: 0x1e529968, L:/127.0.0.1:50018 - R:localhost/127.0.0.1:41065] for GET '/session/16dea9b7590980447ad68998ccaf010c/url'
10:02:42.576 [AsyncHttpClient-1-4] DEBUG org.asynchttpclient.netty.handler.HttpHandler - 

Request DefaultFullHttpRequest(decodeResult: success, version: HTTP/1.1, content: EmptyByteBufBE)
GET /session/16dea9b7590980447ad68998ccaf010c/url HTTP/1.1
User-Agent: selenium/4.7.1 (java windows)
Cache-Control: no-cache
Content-Type: application/json; charset=utf-8
host: localhost:41065
accept: */*

Response DefaultHttpResponse(decodeResult: success, version: HTTP/1.1)
HTTP/1.1 200 OK
Content-Type: application/json; charset=utf-8
cache-control: no-cache
content-length: 54

10:02:42.576 [AsyncHttpClient-1-4] DEBUG org.asynchttpclient.netty.channel.ChannelManager - Adding key: http://localhost:41065 for channel [id: 0x1e529968, L:/127.0.0.1:50018 - R:localhost/127.0.0.1:41065]
10:02:42.577 [Forwarding screenshot on session 16dea9b7590980447ad68998ccaf010c to remote] DEBUG org.asynchttpclient.netty.request.NettyRequestSender - Using pooled Channel '[id: 0x1e529968, L:/127.0.0.1:50018 - R:localhost/127.0.0.1:41065]' for 'GET' to 'http://localhost:41065/session/16dea9b7590980447ad68998ccaf010c/screenshot'
10:02:42.578 [Forwarding screenshot on session 16dea9b7590980447ad68998ccaf010c to remote] DEBUG org.asynchttpclient.netty.request.NettyRequestSender - Using open Channel [id: 0x1e529968, L:/127.0.0.1:50018 - R:localhost/127.0.0.1:41065] for GET '/session/16dea9b7590980447ad68998ccaf010c/screenshot'
10:02:42.665 [AsyncHttpClient-1-1] DEBUG org.asynchttpclient.netty.channel.DefaultChannelPool - Entry count for : http://localhost:50019 : 1
10:02:42.727 [AsyncHttpClient-1-4] DEBUG org.asynchttpclient.netty.handler.HttpHandler - 

Request DefaultFullHttpRequest(decodeResult: success, version: HTTP/1.1, content: EmptyByteBufBE)
GET /session/16dea9b7590980447ad68998ccaf010c/screenshot HTTP/1.1
User-Agent: selenium/4.7.1 (java windows)
Cache-Control: no-cache
Content-Type: application/json; charset=utf-8
host: localhost:41065
accept: */*

Response DefaultHttpResponse(decodeResult: success, version: HTTP/1.1)
HTTP/1.1 200 OK
Content-Type: application/json; charset=utf-8
cache-control: no-cache
content-length: 35140

10:02:42.728 [AsyncHttpClient-1-4] DEBUG org.asynchttpclient.netty.channel.ChannelManager - Adding key: http://localhost:41065 for channel [id: 0x1e529968, L:/127.0.0.1:50018 - R:localhost/127.0.0.1:41065]
10:02:42.730 [main] DEBUG net.serenitybdd.core.photography.Darkroom - Send negative for processing for target\site\serenity\7dc8edb7b2b9e19127da46468db31f34f8cb37c0d62592f2e2ba165efe501e68.png
10:02:42.731 [main] DEBUG net.thucydides.core.steps.StepInterceptor - STEP DONE: munculErrorMessage
  &amp#27;[32mAnd &amp#27;[0m&amp#27;[32muser menerima ERROR message &amp#27;[0m&amp#27;[32m&amp#27;[1m"duplicate key value ..."&amp#27;[0m          &amp#27;[90m# starter.stepdefinitions.RegisterSteps.userMenerimaERRORMessage(java.lang.String)&amp#27;[0m
10:02:42.731 [Darkroom Processing Line] DEBUG net.serenitybdd.core.photography.DarkroomProcessingLine - Processing screenshot image in /var/screenshots/screenshot-3787641519411789273
10:02:42.731 [Darkroom Processing Line] DEBUG net.serenitybdd.core.photography.DarkroomProcessingLine - Saving screenshot to target\site\serenity\7dc8edb7b2b9e19127da46468db31f34f8cb37c0d62592f2e2ba165efe501e68.png
10:02:42.745 [main] INFO  - 
  _____   ___   ___   _____     ___     _     ___   ___   ___   ___  
 |_   _| | __| / __| |_   _|   | _ \   /_\   / __| / __| | __| |   \ 
   | |   | _|  \__ \   | |     |  _/  / _ \  \__ \ \__ \ | _|  | |) |
   |_|   |___| |___/   |_|     |_|   /_/ \_\ |___/ |___/ |___| |___/ 

user tidak bisa register karena nama email sudah terdaftar
----------------------------------------------------------------------
10:02:42.748 [Driver Command Executor] DEBUG org.asynchttpclient.netty.request.NettyRequestSender - Using pooled Channel '[id: 0x1e529968, L:/127.0.0.1:50018 - R:localhost/127.0.0.1:41065]' for 'DELETE' to 'http://localhost:41065/session/16dea9b7590980447ad68998ccaf010c'
10:02:42.748 [AsyncHttpClient-1-6] DEBUG org.asynchttpclient.netty.handler.WebSocketHandler - Channel Closed: [id: 0x10aff17f, L:/127.0.0.1:50027 ! R:localhost/127.0.0.1:50019] with attribute NettyResponseFuture{currentRetry=0,
	isDone=1,
	isCancelled=0,
	asyncHandler=org.asynchttpclient.ws.WebSocketUpgradeHandler@70a8e61b,
	nettyRequest=org.asynchttpclient.netty.request.NettyRequest@6fd9f523,
	future=java.util.concurrent.CompletableFuture@8564464[Completed normally],
	uri=ws://localhost:50019/devtools/browser/a7a50e47-134d-4a17-a7df-76ceab7475e3,
	keepAlive=true,
	redirectCount=0,
	timeoutsHolder=null,
	inAuth=0,
	touch=1683514955089}
10:02:42.748 [Driver Command Executor] DEBUG org.asynchttpclient.netty.request.NettyRequestSender - Using open Channel [id: 0x1e529968, L:/127.0.0.1:50018 - R:localhost/127.0.0.1:41065] for DELETE '/session/16dea9b7590980447ad68998ccaf010c'
10:02:42.748 [AsyncHttpClient-1-6] DEBUG org.asynchttpclient.netty.channel.ChannelManager - Closing Channel [id: 0x10aff17f, L:/127.0.0.1:50027 ! R:localhost/127.0.0.1:50019] 
10:02:42.833 [AsyncHttpClient-1-5] DEBUG org.asynchttpclient.netty.handler.HttpHandler - Unexpected I/O exception on channel [id: 0x9c7c955b, L:/127.0.0.1:50026 - R:localhost/127.0.0.1:50019]
java.net.SocketException: Connection reset
	at java.base/sun.nio.ch.SocketChannelImpl.throwConnectionReset(SocketChannelImpl.java:401)
	at java.base/sun.nio.ch.SocketChannelImpl.read(SocketChannelImpl.java:434)
	at io.netty.buffer.PooledByteBuf.setBytes(PooledByteBuf.java:259)
	at io.netty.buffer.AbstractByteBuf.writeBytes(AbstractByteBuf.java:1132)
	at io.netty.channel.socket.nio.NioSocketChannel.doReadBytes(NioSocketChannel.java:357)
	at io.netty.channel.nio.AbstractNioByteChannel$NioByteUnsafe.read(AbstractNioByteChannel.java:151)
	at io.netty.channel.nio.NioEventLoop.processSelectedKey(NioEventLoop.java:788)
	at io.netty.channel.nio.NioEventLoop.processSelectedKeysOptimized(NioEventLoop.java:724)
	at io.netty.channel.nio.NioEventLoop.processSelectedKeys(NioEventLoop.java:650)
	at io.netty.channel.nio.NioEventLoop.run(NioEventLoop.java:562)
	at io.netty.util.concurrent.SingleThreadEventExecutor$4.run(SingleThreadEventExecutor.java:997)
	at io.netty.util.internal.ThreadExecutorMap$2.run(ThreadExecutorMap.java:74)
	at io.netty.util.concurrent.FastThreadLocalRunnable.run(FastThreadLocalRunnable.java:30)
	at java.base/java.lang.Thread.run(Thread.java:1589)
10:02:42.834 [AsyncHttpClient-1-5] DEBUG org.asynchttpclient.netty.channel.ChannelManager - Closing Channel [id: 0x9c7c955b, L:/127.0.0.1:50026 - R:localhost/127.0.0.1:50019] 
10:02:42.835 [AsyncHttpClient-1-5] DEBUG org.asynchttpclient.netty.handler.HttpHandler - Channel Closed: [id: 0x9c7c955b, L:/127.0.0.1:50026 ! R:localhost/127.0.0.1:50019] with attribute DISCARD
10:02:42.945 [AsyncHttpClient-1-4] DEBUG org.asynchttpclient.netty.handler.HttpHandler - 

Request DefaultFullHttpRequest(decodeResult: success, version: HTTP/1.1, content: EmptyByteBufBE)
DELETE /session/16dea9b7590980447ad68998ccaf010c HTTP/1.1
User-Agent: selenium/4.7.1 (java windows)
Content-Type: application/json; charset=utf-8
host: localhost:41065
accept: */*

Response DefaultHttpResponse(decodeResult: success, version: HTTP/1.1)
HTTP/1.1 200 OK
Content-Type: application/json; charset=utf-8
cache-control: no-cache
content-length: 14

10:02:42.946 [AsyncHttpClient-1-4] DEBUG org.asynchttpclient.netty.channel.ChannelManager - Adding key: http://localhost:41065 for channel [id: 0x1e529968, L:/127.0.0.1:50018 - R:localhost/127.0.0.1:41065]
10:02:43.026 [AsyncHttpClient-1-4] DEBUG org.asynchttpclient.netty.handler.HttpHandler - Channel Closed: [id: 0x1e529968, L:/127.0.0.1:50018 ! R:localhost/127.0.0.1:41065] with attribute DISCARD
]]></system-out>
    <system-err><![CDATA[Starting ChromeDriver 112.0.5615.49 (bd2a7bcb881c11e8cfe3078709382934e3916914-refs/branch-heads/5615@{#936}) on port 41065
Only local connections are allowed.
Please see https://chromedriver.chromium.org/security-considerations for suggestions on keeping ChromeDriver safe.
ChromeDriver was started successfully.
May 08, 2023 10:02:35 AM org.openqa.selenium.devtools.CdpVersionFinder findNearestMatch
WARNING: Unable to find an exact match for CDP version 112, so returning the closest version found: 108
]]></system-err>
  </testcase>
  <testcase name="user tidak bisa register karena tidak input nama lengkap" classname="register" time="13.94">
    <system-out><![CDATA[
@AS08-negative
Scenario: user tidak bisa register karena tidak input nama lengkap &amp#27;[90m# src/test/resources/features/2. Register.feature:15&amp#27;[0m
10:02:43.118 [main] INFO io.cucumber.core.plugin.SerenityReporter - Running feature from file:///C:/Users/HP/Downloads/Mini-Project-QA/ALTASHOP%20WEB%20AUTOMATION/src/test/resources/features/2.%20Register.feature
10:02:43.124 [main] INFO  - 
  _____   ___   ___   _____     ___   _____     _     ___   _____   ___   ___  
 |_   _| | __| / __| |_   _|   / __| |_   _|   /_\   | _ \ |_   _| | __| |   \ 
   | |   | _|  \__ \   | |     \__ \   | |    / _ \  |   /   | |   | _|  | |) |
   |_|   |___| |___/   |_|     |___/   |_|   /_/ \_\ |_|_\   |_|   |___| |___/ 

user tidak bisa register karena tidak input nama lengkap(register;user-tidak-bisa-register-karena-tidak-input-nama-lengkap)
--------------------------------------------------------------------------------
10:02:43.184 [main] DEBUG net.thucydides.core.steps.StepInterceptor - STARTING STEP: LoginRegisterSteps.userBeradaDiHomepageAlta - diHomepageAltaShop
10:02:43.271 [main] INFO net.serenitybdd.core.webdriver.driverproviders.ChromeDriverProvider - Starting Chrome driver instance with capabilities:
10:02:43.272 [main] INFO net.serenitybdd.core.webdriver.driverproviders.ChromeDriverProvider - Capabilities {acceptInsecureCerts: true, browserName: chrome, goog:chromeOptions: {args: [remote-allow-origins=*, test-type, no-sandbox, ignore-certificate-errors, start-maximized, incognito, disable-infobars, disable-gpu, disable-default-apps, disable-popup-blocking, remote-allow-origins=*, test-type, no-sandbox, ignore-certificate-errors, start-maximized, incognito, disable-infobars, disable-gpu, disable-default-apps, disable-popup-blocking], extensions: []}}
10:02:43.449 [AsyncHttpClient-1-7] DEBUG org.asynchttpclient.netty.channel.NettyConnectListener - Using new Channel '[id: 0x23a80c16, L:/127.0.0.1:50050 - R:localhost/127.0.0.1:48491]' for 'POST' to '/session'
10:02:43.768 [AsyncHttpClient-1-1] DEBUG org.asynchttpclient.netty.channel.DefaultChannelPool - Entry count for : http://localhost:50019 : 1
10:02:43.769 [AsyncHttpClient-1-1] DEBUG org.asynchttpclient.netty.channel.DefaultChannelPool - Entry count for : http://localhost:41065 : 1
10:02:43.769 [AsyncHttpClient-1-1] DEBUG org.asynchttpclient.netty.channel.DefaultChannelPool - Adding Candidate expired Channel [id: 0x9c7c955b, L:/127.0.0.1:50026 ! R:localhost/127.0.0.1:50019] isIdleTimeoutExpired=false isRemotelyClosed=true isTtlExpired=false
10:02:43.769 [AsyncHttpClient-1-1] DEBUG org.asynchttpclient.netty.channel.DefaultChannelPool - Closing Idle Channel [id: 0x9c7c955b, L:/127.0.0.1:50026 ! R:localhost/127.0.0.1:50019]
10:02:43.769 [AsyncHttpClient-1-1] DEBUG org.asynchttpclient.netty.channel.DefaultChannelPool - Adding Candidate expired Channel [id: 0x1e529968, L:/127.0.0.1:50018 ! R:localhost/127.0.0.1:41065] isIdleTimeoutExpired=false isRemotelyClosed=true isTtlExpired=false
10:02:43.769 [AsyncHttpClient-1-1] DEBUG org.asynchttpclient.netty.channel.DefaultChannelPool - Closing Idle Channel [id: 0x1e529968, L:/127.0.0.1:50018 ! R:localhost/127.0.0.1:41065]
10:02:43.769 [AsyncHttpClient-1-1] DEBUG org.asynchttpclient.netty.channel.DefaultChannelPool - Closed 2 connections out of 2 in 0 ms
10:02:46.287 [AsyncHttpClient-1-7] DEBUG org.asynchttpclient.netty.handler.HttpHandler - 

Request DefaultHttpRequest(decodeResult: success, version: HTTP/1.1)
POST /session HTTP/1.1
User-Agent: selenium/4.7.1 (java windows)
Content-Length: 1629
Content-Type: application/json; charset=utf-8
host: localhost:48491
accept: */*

Response DefaultHttpResponse(decodeResult: success, version: HTTP/1.1)
HTTP/1.1 200 OK
Content-Type: application/json; charset=utf-8
cache-control: no-cache
content-length: 855

10:02:46.288 [AsyncHttpClient-1-7] DEBUG org.asynchttpclient.netty.channel.ChannelManager - Adding key: http://localhost:48491 for channel [id: 0x23a80c16, L:/127.0.0.1:50050 - R:localhost/127.0.0.1:48491]
10:02:46.300 [AsyncHttpClient-1-8] DEBUG org.asynchttpclient.netty.channel.NettyConnectListener - Using new Channel '[id: 0x37bf5067, L:/127.0.0.1:50059 - R:localhost/127.0.0.1:50051]' for 'GET' to '/json/version'
10:02:46.307 [AsyncHttpClient-1-8] DEBUG org.asynchttpclient.netty.handler.HttpHandler - 

Request DefaultFullHttpRequest(decodeResult: success, version: HTTP/1.1, content: EmptyByteBufBE)
GET /json/version HTTP/1.1
User-Agent: selenium/4.7.1 (java windows)
host: localhost:50051
accept: */*

Response DefaultHttpResponse(decodeResult: success, version: HTTP/1.1)
HTTP/1.1 200 OK
Content-Security-Policy: frame-ancestors 'none'
Content-Type: application/json; charset=UTF-8
content-length: 424

10:02:46.307 [AsyncHttpClient-1-8] DEBUG org.asynchttpclient.netty.channel.ChannelManager - Adding key: http://localhost:50051 for channel [id: 0x37bf5067, L:/127.0.0.1:50059 - R:localhost/127.0.0.1:50051]
10:02:46.313 [AsyncHttpClient-1-9] DEBUG org.asynchttpclient.netty.channel.NettyConnectListener - Using new Channel '[id: 0x1bb6387c, L:/127.0.0.1:50060 - R:localhost/127.0.0.1:50051]' for 'GET' to '/devtools/browser/945c09a6-a43a-48e2-809d-15ff9bbff1d8'
10:02:46.315 [AsyncHttpClient-1-9] DEBUG org.asynchttpclient.netty.handler.WebSocketHandler - 

Request DefaultFullHttpRequest(decodeResult: success, version: HTTP/1.1, content: EmptyByteBufBE)
GET /devtools/browser/945c09a6-a43a-48e2-809d-15ff9bbff1d8 HTTP/1.1
upgrade: websocket
connection: upgrade
sec-websocket-key: GlRam605TuhLgL3/PaA0eg==
sec-websocket-version: 13
origin: http://localhost:50051
host: localhost:50051
accept: */*
user-agent: AHC/2.1

Response DefaultHttpResponse(decodeResult: success, version: HTTP/1.1)
HTTP/1.1 101 WebSocket Protocol Handshake
Upgrade: WebSocket
Connection: Upgrade
Sec-WebSocket-Accept: TIo5ZxzFseZBeuDTGAexgxb3Ga4=

10:02:46.325 [Forwarding get on session 1064e74042d675ed584286f8150eecfd to remote] DEBUG org.asynchttpclient.netty.request.NettyRequestSender - Using pooled Channel '[id: 0x23a80c16, L:/127.0.0.1:50050 - R:localhost/127.0.0.1:48491]' for 'POST' to 'http://localhost:48491/session/1064e74042d675ed584286f8150eecfd/url'
10:02:46.326 [Forwarding get on session 1064e74042d675ed584286f8150eecfd to remote] DEBUG org.asynchttpclient.netty.request.NettyRequestSender - Using open Channel [id: 0x23a80c16, L:/127.0.0.1:50050 - R:localhost/127.0.0.1:48491] for POST '/session/1064e74042d675ed584286f8150eecfd/url'
10:02:47.071 [AsyncHttpClient-1-1] DEBUG org.asynchttpclient.netty.channel.DefaultChannelPool - Entry count for : http://localhost:50051 : 1
10:02:48.164 [AsyncHttpClient-1-1] DEBUG org.asynchttpclient.netty.channel.DefaultChannelPool - Entry count for : http://localhost:50051 : 1
10:02:49.264 [AsyncHttpClient-1-1] DEBUG org.asynchttpclient.netty.channel.DefaultChannelPool - Entry count for : http://localhost:50051 : 1
10:02:50.364 [AsyncHttpClient-1-1] DEBUG org.asynchttpclient.netty.channel.DefaultChannelPool - Entry count for : http://localhost:50051 : 1
10:02:51.464 [AsyncHttpClient-1-1] DEBUG org.asynchttpclient.netty.channel.DefaultChannelPool - Entry count for : http://localhost:50051 : 1
10:02:52.412 [AsyncHttpClient-1-7] DEBUG org.asynchttpclient.netty.handler.HttpHandler - 

Request DefaultHttpRequest(decodeResult: success, version: HTTP/1.1)
POST /session/1064e74042d675ed584286f8150eecfd/url HTTP/1.1
User-Agent: selenium/4.7.1 (java windows)
Content-Length: 59
Content-Type: application/json; charset=utf-8
host: localhost:48491
accept: */*

Response DefaultHttpResponse(decodeResult: success, version: HTTP/1.1)
HTTP/1.1 200 OK
Content-Type: application/json; charset=utf-8
cache-control: no-cache
content-length: 14

10:02:52.412 [AsyncHttpClient-1-7] DEBUG org.asynchttpclient.netty.channel.ChannelManager - Adding key: http://localhost:48491 for channel [id: 0x23a80c16, L:/127.0.0.1:50050 - R:localhost/127.0.0.1:48491]
10:02:52.415 [Forwarding setTimeout on session 1064e74042d675ed584286f8150eecfd to remote] DEBUG org.asynchttpclient.netty.request.NettyRequestSender - Using pooled Channel '[id: 0x23a80c16, L:/127.0.0.1:50050 - R:localhost/127.0.0.1:48491]' for 'POST' to 'http://localhost:48491/session/1064e74042d675ed584286f8150eecfd/timeouts'
10:02:52.415 [Forwarding setTimeout on session 1064e74042d675ed584286f8150eecfd to remote] DEBUG org.asynchttpclient.netty.request.NettyRequestSender - Using open Channel [id: 0x23a80c16, L:/127.0.0.1:50050 - R:localhost/127.0.0.1:48491] for POST '/session/1064e74042d675ed584286f8150eecfd/timeouts'
10:02:52.418 [AsyncHttpClient-1-7] DEBUG org.asynchttpclient.netty.handler.HttpHandler - 

Request DefaultHttpRequest(decodeResult: success, version: HTTP/1.1)
POST /session/1064e74042d675ed584286f8150eecfd/timeouts HTTP/1.1
User-Agent: selenium/4.7.1 (java windows)
Content-Length: 22
Content-Type: application/json; charset=utf-8
host: localhost:48491
accept: */*

Response DefaultHttpResponse(decodeResult: success, version: HTTP/1.1)
HTTP/1.1 200 OK
Content-Type: application/json; charset=utf-8
cache-control: no-cache
content-length: 14

10:02:52.418 [AsyncHttpClient-1-7] DEBUG org.asynchttpclient.netty.channel.ChannelManager - Adding key: http://localhost:48491 for channel [id: 0x23a80c16, L:/127.0.0.1:50050 - R:localhost/127.0.0.1:48491]
10:02:52.422 [Forwarding getCurrentUrl on session 1064e74042d675ed584286f8150eecfd to remote] DEBUG org.asynchttpclient.netty.request.NettyRequestSender - Using pooled Channel '[id: 0x23a80c16, L:/127.0.0.1:50050 - R:localhost/127.0.0.1:48491]' for 'GET' to 'http://localhost:48491/session/1064e74042d675ed584286f8150eecfd/url'
10:02:52.423 [Forwarding getCurrentUrl on session 1064e74042d675ed584286f8150eecfd to remote] DEBUG org.asynchttpclient.netty.request.NettyRequestSender - Using open Channel [id: 0x23a80c16, L:/127.0.0.1:50050 - R:localhost/127.0.0.1:48491] for GET '/session/1064e74042d675ed584286f8150eecfd/url'
10:02:52.433 [AsyncHttpClient-1-7] DEBUG org.asynchttpclient.netty.handler.HttpHandler - 

Request DefaultFullHttpRequest(decodeResult: success, version: HTTP/1.1, content: EmptyByteBufBE)
GET /session/1064e74042d675ed584286f8150eecfd/url HTTP/1.1
User-Agent: selenium/4.7.1 (java windows)
Cache-Control: no-cache
Content-Type: application/json; charset=utf-8
host: localhost:48491
accept: */*

Response DefaultHttpResponse(decodeResult: success, version: HTTP/1.1)
HTTP/1.1 200 OK
Content-Type: application/json; charset=utf-8
cache-control: no-cache
content-length: 41

10:02:52.433 [AsyncHttpClient-1-7] DEBUG org.asynchttpclient.netty.channel.ChannelManager - Adding key: http://localhost:48491 for channel [id: 0x23a80c16, L:/127.0.0.1:50050 - R:localhost/127.0.0.1:48491]
10:02:52.437 [Forwarding getCurrentUrl on session 1064e74042d675ed584286f8150eecfd to remote] DEBUG org.asynchttpclient.netty.request.NettyRequestSender - Using pooled Channel '[id: 0x23a80c16, L:/127.0.0.1:50050 - R:localhost/127.0.0.1:48491]' for 'GET' to 'http://localhost:48491/session/1064e74042d675ed584286f8150eecfd/url'
10:02:52.437 [Forwarding getCurrentUrl on session 1064e74042d675ed584286f8150eecfd to remote] DEBUG org.asynchttpclient.netty.request.NettyRequestSender - Using open Channel [id: 0x23a80c16, L:/127.0.0.1:50050 - R:localhost/127.0.0.1:48491] for GET '/session/1064e74042d675ed584286f8150eecfd/url'
10:02:52.444 [AsyncHttpClient-1-7] DEBUG org.asynchttpclient.netty.handler.HttpHandler - 

Request DefaultFullHttpRequest(decodeResult: success, version: HTTP/1.1, content: EmptyByteBufBE)
GET /session/1064e74042d675ed584286f8150eecfd/url HTTP/1.1
User-Agent: selenium/4.7.1 (java windows)
Cache-Control: no-cache
Content-Type: application/json; charset=utf-8
host: localhost:48491
accept: */*

Response DefaultHttpResponse(decodeResult: success, version: HTTP/1.1)
HTTP/1.1 200 OK
Content-Type: application/json; charset=utf-8
cache-control: no-cache
content-length: 41

10:02:52.444 [AsyncHttpClient-1-7] DEBUG org.asynchttpclient.netty.channel.ChannelManager - Adding key: http://localhost:48491 for channel [id: 0x23a80c16, L:/127.0.0.1:50050 - R:localhost/127.0.0.1:48491]
10:02:52.448 [Forwarding findElement on session 1064e74042d675ed584286f8150eecfd to remote] DEBUG org.asynchttpclient.netty.request.NettyRequestSender - Using pooled Channel '[id: 0x23a80c16, L:/127.0.0.1:50050 - R:localhost/127.0.0.1:48491]' for 'POST' to 'http://localhost:48491/session/1064e74042d675ed584286f8150eecfd/element'
10:02:52.448 [Forwarding findElement on session 1064e74042d675ed584286f8150eecfd to remote] DEBUG org.asynchttpclient.netty.request.NettyRequestSender - Using open Channel [id: 0x23a80c16, L:/127.0.0.1:50050 - R:localhost/127.0.0.1:48491] for POST '/session/1064e74042d675ed584286f8150eecfd/element'
10:02:52.484 [AsyncHttpClient-1-7] DEBUG org.asynchttpclient.netty.handler.HttpHandler - 

Request DefaultHttpRequest(decodeResult: success, version: HTTP/1.1)
POST /session/1064e74042d675ed584286f8150eecfd/element HTTP/1.1
User-Agent: selenium/4.7.1 (java windows)
Content-Length: 108
Content-Type: application/json; charset=utf-8
host: localhost:48491
accept: */*

Response DefaultHttpResponse(decodeResult: success, version: HTTP/1.1)
HTTP/1.1 200 OK
Content-Type: application/json; charset=utf-8
cache-control: no-cache
content-length: 88

10:02:52.485 [AsyncHttpClient-1-7] DEBUG org.asynchttpclient.netty.channel.ChannelManager - Adding key: http://localhost:48491 for channel [id: 0x23a80c16, L:/127.0.0.1:50050 - R:localhost/127.0.0.1:48491]
10:02:52.489 [Forwarding isElementDisplayed on session 1064e74042d675ed584286f8150eecfd to remote] DEBUG org.asynchttpclient.netty.request.NettyRequestSender - Using pooled Channel '[id: 0x23a80c16, L:/127.0.0.1:50050 - R:localhost/127.0.0.1:48491]' for 'POST' to 'http://localhost:48491/session/1064e74042d675ed584286f8150eecfd/execute/sync'
10:02:52.489 [Forwarding isElementDisplayed on session 1064e74042d675ed584286f8150eecfd to remote] DEBUG org.asynchttpclient.netty.request.NettyRequestSender - Using open Channel [id: 0x23a80c16, L:/127.0.0.1:50050 - R:localhost/127.0.0.1:48491] for POST '/session/1064e74042d675ed584286f8150eecfd/execute/sync'
10:02:52.510 [AsyncHttpClient-1-7] DEBUG org.asynchttpclient.netty.handler.HttpHandler - 

Request DefaultHttpRequest(decodeResult: success, version: HTTP/1.1)
POST /session/1064e74042d675ed584286f8150eecfd/execute/sync HTTP/1.1
User-Agent: selenium/4.7.1 (java windows)
Content-Length: 48780
Content-Type: application/json; charset=utf-8
host: localhost:48491
accept: */*

Response DefaultHttpResponse(decodeResult: success, version: HTTP/1.1)
HTTP/1.1 200 OK
Content-Type: application/json; charset=utf-8
cache-control: no-cache
content-length: 14

10:02:52.510 [AsyncHttpClient-1-7] DEBUG org.asynchttpclient.netty.channel.ChannelManager - Adding key: http://localhost:48491 for channel [id: 0x23a80c16, L:/127.0.0.1:50050 - R:localhost/127.0.0.1:48491]
10:02:52.513 [Forwarding isElementDisplayed on session 1064e74042d675ed584286f8150eecfd to remote] DEBUG org.asynchttpclient.netty.request.NettyRequestSender - Using pooled Channel '[id: 0x23a80c16, L:/127.0.0.1:50050 - R:localhost/127.0.0.1:48491]' for 'POST' to 'http://localhost:48491/session/1064e74042d675ed584286f8150eecfd/execute/sync'
10:02:52.513 [Forwarding isElementDisplayed on session 1064e74042d675ed584286f8150eecfd to remote] DEBUG org.asynchttpclient.netty.request.NettyRequestSender - Using open Channel [id: 0x23a80c16, L:/127.0.0.1:50050 - R:localhost/127.0.0.1:48491] for POST '/session/1064e74042d675ed584286f8150eecfd/execute/sync'
10:02:52.529 [AsyncHttpClient-1-7] DEBUG org.asynchttpclient.netty.handler.HttpHandler - 

Request DefaultHttpRequest(decodeResult: success, version: HTTP/1.1)
POST /session/1064e74042d675ed584286f8150eecfd/execute/sync HTTP/1.1
User-Agent: selenium/4.7.1 (java windows)
Content-Length: 48780
Content-Type: application/json; charset=utf-8
host: localhost:48491
accept: */*

Response DefaultHttpResponse(decodeResult: success, version: HTTP/1.1)
HTTP/1.1 200 OK
Content-Type: application/json; charset=utf-8
cache-control: no-cache
content-length: 14

10:02:52.530 [AsyncHttpClient-1-7] DEBUG org.asynchttpclient.netty.channel.ChannelManager - Adding key: http://localhost:48491 for channel [id: 0x23a80c16, L:/127.0.0.1:50050 - R:localhost/127.0.0.1:48491]
10:02:52.536 [Forwarding getCurrentWindowHandle on session 1064e74042d675ed584286f8150eecfd to remote] DEBUG org.asynchttpclient.netty.request.NettyRequestSender - Using pooled Channel '[id: 0x23a80c16, L:/127.0.0.1:50050 - R:localhost/127.0.0.1:48491]' for 'GET' to 'http://localhost:48491/session/1064e74042d675ed584286f8150eecfd/window'
10:02:52.536 [Forwarding getCurrentWindowHandle on session 1064e74042d675ed584286f8150eecfd to remote] DEBUG org.asynchttpclient.netty.request.NettyRequestSender - Using open Channel [id: 0x23a80c16, L:/127.0.0.1:50050 - R:localhost/127.0.0.1:48491] for GET '/session/1064e74042d675ed584286f8150eecfd/window'
10:02:52.537 [AsyncHttpClient-1-7] DEBUG org.asynchttpclient.netty.handler.HttpHandler - 

Request DefaultFullHttpRequest(decodeResult: success, version: HTTP/1.1, content: EmptyByteBufBE)
GET /session/1064e74042d675ed584286f8150eecfd/window HTTP/1.1
User-Agent: selenium/4.7.1 (java windows)
Cache-Control: no-cache
Content-Type: application/json; charset=utf-8
host: localhost:48491
accept: */*

Response DefaultHttpResponse(decodeResult: success, version: HTTP/1.1)
HTTP/1.1 200 OK
Content-Type: application/json; charset=utf-8
cache-control: no-cache
content-length: 44

10:02:52.537 [AsyncHttpClient-1-7] DEBUG org.asynchttpclient.netty.channel.ChannelManager - Adding key: http://localhost:48491 for channel [id: 0x23a80c16, L:/127.0.0.1:50050 - R:localhost/127.0.0.1:48491]
10:02:52.539 [Forwarding getAlertText on session 1064e74042d675ed584286f8150eecfd to remote] DEBUG org.asynchttpclient.netty.request.NettyRequestSender - Using pooled Channel '[id: 0x23a80c16, L:/127.0.0.1:50050 - R:localhost/127.0.0.1:48491]' for 'GET' to 'http://localhost:48491/session/1064e74042d675ed584286f8150eecfd/alert/text'
10:02:52.539 [Forwarding getAlertText on session 1064e74042d675ed584286f8150eecfd to remote] DEBUG org.asynchttpclient.netty.request.NettyRequestSender - Using open Channel [id: 0x23a80c16, L:/127.0.0.1:50050 - R:localhost/127.0.0.1:48491] for GET '/session/1064e74042d675ed584286f8150eecfd/alert/text'
10:02:52.542 [AsyncHttpClient-1-7] DEBUG org.asynchttpclient.netty.handler.HttpHandler - 

Request DefaultFullHttpRequest(decodeResult: success, version: HTTP/1.1, content: EmptyByteBufBE)
GET /session/1064e74042d675ed584286f8150eecfd/alert/text HTTP/1.1
User-Agent: selenium/4.7.1 (java windows)
Cache-Control: no-cache
Content-Type: application/json; charset=utf-8
host: localhost:48491
accept: */*

Response DefaultHttpResponse(decodeResult: success, version: HTTP/1.1)
HTTP/1.1 404 Not Found
Content-Type: application/json; charset=utf-8
cache-control: no-cache
content-length: 821

10:02:52.543 [AsyncHttpClient-1-7] DEBUG org.asynchttpclient.netty.channel.ChannelManager - Adding key: http://localhost:48491 for channel [id: 0x23a80c16, L:/127.0.0.1:50050 - R:localhost/127.0.0.1:48491]
10:02:52.545 [Forwarding switchToWindow on session 1064e74042d675ed584286f8150eecfd to remote] DEBUG org.asynchttpclient.netty.request.NettyRequestSender - Using pooled Channel '[id: 0x23a80c16, L:/127.0.0.1:50050 - R:localhost/127.0.0.1:48491]' for 'POST' to 'http://localhost:48491/session/1064e74042d675ed584286f8150eecfd/window'
10:02:52.545 [Forwarding switchToWindow on session 1064e74042d675ed584286f8150eecfd to remote] DEBUG org.asynchttpclient.netty.request.NettyRequestSender - Using open Channel [id: 0x23a80c16, L:/127.0.0.1:50050 - R:localhost/127.0.0.1:48491] for POST '/session/1064e74042d675ed584286f8150eecfd/window'
10:02:52.551 [AsyncHttpClient-1-7] DEBUG org.asynchttpclient.netty.handler.HttpHandler - 

Request DefaultHttpRequest(decodeResult: success, version: HTTP/1.1)
POST /session/1064e74042d675ed584286f8150eecfd/window HTTP/1.1
User-Agent: selenium/4.7.1 (java windows)
Content-Length: 50
Content-Type: application/json; charset=utf-8
host: localhost:48491
accept: */*

Response DefaultHttpResponse(decodeResult: success, version: HTTP/1.1)
HTTP/1.1 200 OK
Content-Type: application/json; charset=utf-8
cache-control: no-cache
content-length: 14

10:02:52.551 [AsyncHttpClient-1-7] DEBUG org.asynchttpclient.netty.channel.ChannelManager - Adding key: http://localhost:48491 for channel [id: 0x23a80c16, L:/127.0.0.1:50050 - R:localhost/127.0.0.1:48491]
10:02:52.552 [Forwarding getCurrentUrl on session 1064e74042d675ed584286f8150eecfd to remote] DEBUG org.asynchttpclient.netty.request.NettyRequestSender - Using pooled Channel '[id: 0x23a80c16, L:/127.0.0.1:50050 - R:localhost/127.0.0.1:48491]' for 'GET' to 'http://localhost:48491/session/1064e74042d675ed584286f8150eecfd/url'
10:02:52.552 [Forwarding getCurrentUrl on session 1064e74042d675ed584286f8150eecfd to remote] DEBUG org.asynchttpclient.netty.request.NettyRequestSender - Using open Channel [id: 0x23a80c16, L:/127.0.0.1:50050 - R:localhost/127.0.0.1:48491] for GET '/session/1064e74042d675ed584286f8150eecfd/url'
10:02:52.558 [AsyncHttpClient-1-7] DEBUG org.asynchttpclient.netty.handler.HttpHandler - 

Request DefaultFullHttpRequest(decodeResult: success, version: HTTP/1.1, content: EmptyByteBufBE)
GET /session/1064e74042d675ed584286f8150eecfd/url HTTP/1.1
User-Agent: selenium/4.7.1 (java windows)
Cache-Control: no-cache
Content-Type: application/json; charset=utf-8
host: localhost:48491
accept: */*

Response DefaultHttpResponse(decodeResult: success, version: HTTP/1.1)
HTTP/1.1 200 OK
Content-Type: application/json; charset=utf-8
cache-control: no-cache
content-length: 41

10:02:52.559 [AsyncHttpClient-1-7] DEBUG org.asynchttpclient.netty.channel.ChannelManager - Adding key: http://localhost:48491 for channel [id: 0x23a80c16, L:/127.0.0.1:50050 - R:localhost/127.0.0.1:48491]
10:02:52.561 [Forwarding screenshot on session 1064e74042d675ed584286f8150eecfd to remote] DEBUG org.asynchttpclient.netty.request.NettyRequestSender - Using pooled Channel '[id: 0x23a80c16, L:/127.0.0.1:50050 - R:localhost/127.0.0.1:48491]' for 'GET' to 'http://localhost:48491/session/1064e74042d675ed584286f8150eecfd/screenshot'
10:02:52.561 [Forwarding screenshot on session 1064e74042d675ed584286f8150eecfd to remote] DEBUG org.asynchttpclient.netty.request.NettyRequestSender - Using open Channel [id: 0x23a80c16, L:/127.0.0.1:50050 - R:localhost/127.0.0.1:48491] for GET '/session/1064e74042d675ed584286f8150eecfd/screenshot'
10:02:52.564 [AsyncHttpClient-1-1] DEBUG org.asynchttpclient.netty.channel.DefaultChannelPool - Entry count for : http://localhost:50051 : 1
10:02:52.695 [AsyncHttpClient-1-7] DEBUG org.asynchttpclient.netty.handler.HttpHandler - 

Request DefaultFullHttpRequest(decodeResult: success, version: HTTP/1.1, content: EmptyByteBufBE)
GET /session/1064e74042d675ed584286f8150eecfd/screenshot HTTP/1.1
User-Agent: selenium/4.7.1 (java windows)
Cache-Control: no-cache
Content-Type: application/json; charset=utf-8
host: localhost:48491
accept: */*

Response DefaultHttpResponse(decodeResult: success, version: HTTP/1.1)
HTTP/1.1 200 OK
Content-Type: application/json; charset=utf-8
cache-control: no-cache
content-length: 116604

10:02:52.696 [AsyncHttpClient-1-7] DEBUG org.asynchttpclient.netty.channel.ChannelManager - Adding key: http://localhost:48491 for channel [id: 0x23a80c16, L:/127.0.0.1:50050 - R:localhost/127.0.0.1:48491]
10:02:52.700 [main] DEBUG net.serenitybdd.core.photography.Darkroom - Send negative for processing for target\site\serenity\4df796af2a8bdb756d1884b1e063cc00b8bad9b7c3d312055b4347f07439074a.png
10:02:52.700 [main] DEBUG net.thucydides.core.steps.StepInterceptor - STEP DONE: diHomepageAltaShop
  &amp#27;[32mGiven &amp#27;[0m&amp#27;[32muser berada di Homepage AltaShop&amp#27;[0m                           &amp#27;[90m# starter.stepdefinitions.LoginRegisterSteps.userBeradaDiHomepageAlta()&amp#27;[0m
10:02:52.714 [main] DEBUG net.thucydides.core.steps.StepInterceptor - STARTING STEP: LoginRegisterSteps.userKlikButtonLogin - klikButtonLogin
10:02:52.717 [Forwarding findElement on session 1064e74042d675ed584286f8150eecfd to remote] DEBUG org.asynchttpclient.netty.request.NettyRequestSender - Using pooled Channel '[id: 0x23a80c16, L:/127.0.0.1:50050 - R:localhost/127.0.0.1:48491]' for 'POST' to 'http://localhost:48491/session/1064e74042d675ed584286f8150eecfd/element'
10:02:52.717 [Forwarding findElement on session 1064e74042d675ed584286f8150eecfd to remote] DEBUG org.asynchttpclient.netty.request.NettyRequestSender - Using open Channel [id: 0x23a80c16, L:/127.0.0.1:50050 - R:localhost/127.0.0.1:48491] for POST '/session/1064e74042d675ed584286f8150eecfd/element'
10:02:52.737 [AsyncHttpClient-1-7] DEBUG org.asynchttpclient.netty.handler.HttpHandler - 

Request DefaultHttpRequest(decodeResult: success, version: HTTP/1.1)
POST /session/1064e74042d675ed584286f8150eecfd/element HTTP/1.1
User-Agent: selenium/4.7.1 (java windows)
Content-Length: 108
Content-Type: application/json; charset=utf-8
host: localhost:48491
accept: */*

Response DefaultHttpResponse(decodeResult: success, version: HTTP/1.1)
HTTP/1.1 200 OK
Content-Type: application/json; charset=utf-8
cache-control: no-cache
content-length: 88

10:02:52.737 [AsyncHttpClient-1-7] DEBUG org.asynchttpclient.netty.channel.ChannelManager - Adding key: http://localhost:48491 for channel [id: 0x23a80c16, L:/127.0.0.1:50050 - R:localhost/127.0.0.1:48491]
10:02:52.739 [Forwarding getElementTagName on session 1064e74042d675ed584286f8150eecfd to remote] DEBUG org.asynchttpclient.netty.request.NettyRequestSender - Using pooled Channel '[id: 0x23a80c16, L:/127.0.0.1:50050 - R:localhost/127.0.0.1:48491]' for 'GET' to 'http://localhost:48491/session/1064e74042d675ed584286f8150eecfd/element/b496ae5e-1d4f-4d90-a47f-fe8672b53fd4/name'
10:02:52.740 [Forwarding getElementTagName on session 1064e74042d675ed584286f8150eecfd to remote] DEBUG org.asynchttpclient.netty.request.NettyRequestSender - Using open Channel [id: 0x23a80c16, L:/127.0.0.1:50050 - R:localhost/127.0.0.1:48491] for GET '/session/1064e74042d675ed584286f8150eecfd/element/b496ae5e-1d4f-4d90-a47f-fe8672b53fd4/name'
10:02:52.750 [AsyncHttpClient-1-7] DEBUG org.asynchttpclient.netty.handler.HttpHandler - 

Request DefaultFullHttpRequest(decodeResult: success, version: HTTP/1.1, content: EmptyByteBufBE)
GET /session/1064e74042d675ed584286f8150eecfd/element/b496ae5e-1d4f-4d90-a47f-fe8672b53fd4/name HTTP/1.1
User-Agent: selenium/4.7.1 (java windows)
Cache-Control: no-cache
Content-Type: application/json; charset=utf-8
host: localhost:48491
accept: */*

Response DefaultHttpResponse(decodeResult: success, version: HTTP/1.1)
HTTP/1.1 200 OK
Content-Type: application/json; charset=utf-8
cache-control: no-cache
content-length: 18

10:02:52.750 [AsyncHttpClient-1-7] DEBUG org.asynchttpclient.netty.channel.ChannelManager - Adding key: http://localhost:48491 for channel [id: 0x23a80c16, L:/127.0.0.1:50050 - R:localhost/127.0.0.1:48491]
10:02:52.752 [Forwarding getElementTagName on session 1064e74042d675ed584286f8150eecfd to remote] DEBUG org.asynchttpclient.netty.request.NettyRequestSender - Using pooled Channel '[id: 0x23a80c16, L:/127.0.0.1:50050 - R:localhost/127.0.0.1:48491]' for 'GET' to 'http://localhost:48491/session/1064e74042d675ed584286f8150eecfd/element/b496ae5e-1d4f-4d90-a47f-fe8672b53fd4/name'
10:02:52.752 [Forwarding getElementTagName on session 1064e74042d675ed584286f8150eecfd to remote] DEBUG org.asynchttpclient.netty.request.NettyRequestSender - Using open Channel [id: 0x23a80c16, L:/127.0.0.1:50050 - R:localhost/127.0.0.1:48491] for GET '/session/1064e74042d675ed584286f8150eecfd/element/b496ae5e-1d4f-4d90-a47f-fe8672b53fd4/name'
10:02:52.759 [AsyncHttpClient-1-7] DEBUG org.asynchttpclient.netty.handler.HttpHandler - 

Request DefaultFullHttpRequest(decodeResult: success, version: HTTP/1.1, content: EmptyByteBufBE)
GET /session/1064e74042d675ed584286f8150eecfd/element/b496ae5e-1d4f-4d90-a47f-fe8672b53fd4/name HTTP/1.1
User-Agent: selenium/4.7.1 (java windows)
Cache-Control: no-cache
Content-Type: application/json; charset=utf-8
host: localhost:48491
accept: */*

Response DefaultHttpResponse(decodeResult: success, version: HTTP/1.1)
HTTP/1.1 200 OK
Content-Type: application/json; charset=utf-8
cache-control: no-cache
content-length: 18

10:02:52.759 [AsyncHttpClient-1-7] DEBUG org.asynchttpclient.netty.channel.ChannelManager - Adding key: http://localhost:48491 for channel [id: 0x23a80c16, L:/127.0.0.1:50050 - R:localhost/127.0.0.1:48491]
10:02:52.761 [Forwarding isElementEnabled on session 1064e74042d675ed584286f8150eecfd to remote] DEBUG org.asynchttpclient.netty.request.NettyRequestSender - Using pooled Channel '[id: 0x23a80c16, L:/127.0.0.1:50050 - R:localhost/127.0.0.1:48491]' for 'GET' to 'http://localhost:48491/session/1064e74042d675ed584286f8150eecfd/element/b496ae5e-1d4f-4d90-a47f-fe8672b53fd4/enabled'
10:02:52.762 [Forwarding isElementEnabled on session 1064e74042d675ed584286f8150eecfd to remote] DEBUG org.asynchttpclient.netty.request.NettyRequestSender - Using open Channel [id: 0x23a80c16, L:/127.0.0.1:50050 - R:localhost/127.0.0.1:48491] for GET '/session/1064e74042d675ed584286f8150eecfd/element/b496ae5e-1d4f-4d90-a47f-fe8672b53fd4/enabled'
10:02:52.777 [AsyncHttpClient-1-7] DEBUG org.asynchttpclient.netty.handler.HttpHandler - 

Request DefaultFullHttpRequest(decodeResult: success, version: HTTP/1.1, content: EmptyByteBufBE)
GET /session/1064e74042d675ed584286f8150eecfd/element/b496ae5e-1d4f-4d90-a47f-fe8672b53fd4/enabled HTTP/1.1
User-Agent: selenium/4.7.1 (java windows)
Cache-Control: no-cache
Content-Type: application/json; charset=utf-8
host: localhost:48491
accept: */*

Response DefaultHttpResponse(decodeResult: success, version: HTTP/1.1)
HTTP/1.1 200 OK
Content-Type: application/json; charset=utf-8
cache-control: no-cache
content-length: 14

10:02:52.777 [AsyncHttpClient-1-7] DEBUG org.asynchttpclient.netty.channel.ChannelManager - Adding key: http://localhost:48491 for channel [id: 0x23a80c16, L:/127.0.0.1:50050 - R:localhost/127.0.0.1:48491]
10:02:52.779 [Forwarding isElementEnabled on session 1064e74042d675ed584286f8150eecfd to remote] DEBUG org.asynchttpclient.netty.request.NettyRequestSender - Using pooled Channel '[id: 0x23a80c16, L:/127.0.0.1:50050 - R:localhost/127.0.0.1:48491]' for 'GET' to 'http://localhost:48491/session/1064e74042d675ed584286f8150eecfd/element/b496ae5e-1d4f-4d90-a47f-fe8672b53fd4/enabled'
10:02:52.779 [Forwarding isElementEnabled on session 1064e74042d675ed584286f8150eecfd to remote] DEBUG org.asynchttpclient.netty.request.NettyRequestSender - Using open Channel [id: 0x23a80c16, L:/127.0.0.1:50050 - R:localhost/127.0.0.1:48491] for GET '/session/1064e74042d675ed584286f8150eecfd/element/b496ae5e-1d4f-4d90-a47f-fe8672b53fd4/enabled'
10:02:52.793 [AsyncHttpClient-1-7] DEBUG org.asynchttpclient.netty.handler.HttpHandler - 

Request DefaultFullHttpRequest(decodeResult: success, version: HTTP/1.1, content: EmptyByteBufBE)
GET /session/1064e74042d675ed584286f8150eecfd/element/b496ae5e-1d4f-4d90-a47f-fe8672b53fd4/enabled HTTP/1.1
User-Agent: selenium/4.7.1 (java windows)
Cache-Control: no-cache
Content-Type: application/json; charset=utf-8
host: localhost:48491
accept: */*

Response DefaultHttpResponse(decodeResult: success, version: HTTP/1.1)
HTTP/1.1 200 OK
Content-Type: application/json; charset=utf-8
cache-control: no-cache
content-length: 14

10:02:52.793 [AsyncHttpClient-1-7] DEBUG org.asynchttpclient.netty.channel.ChannelManager - Adding key: http://localhost:48491 for channel [id: 0x23a80c16, L:/127.0.0.1:50050 - R:localhost/127.0.0.1:48491]
10:02:52.796 [Forwarding findElement on session 1064e74042d675ed584286f8150eecfd to remote] DEBUG org.asynchttpclient.netty.request.NettyRequestSender - Using pooled Channel '[id: 0x23a80c16, L:/127.0.0.1:50050 - R:localhost/127.0.0.1:48491]' for 'POST' to 'http://localhost:48491/session/1064e74042d675ed584286f8150eecfd/element'
10:02:52.796 [Forwarding findElement on session 1064e74042d675ed584286f8150eecfd to remote] DEBUG org.asynchttpclient.netty.request.NettyRequestSender - Using open Channel [id: 0x23a80c16, L:/127.0.0.1:50050 - R:localhost/127.0.0.1:48491] for POST '/session/1064e74042d675ed584286f8150eecfd/element'
10:02:52.846 [AsyncHttpClient-1-7] DEBUG org.asynchttpclient.netty.handler.HttpHandler - 

Request DefaultHttpRequest(decodeResult: success, version: HTTP/1.1)
POST /session/1064e74042d675ed584286f8150eecfd/element HTTP/1.1
User-Agent: selenium/4.7.1 (java windows)
Content-Length: 108
Content-Type: application/json; charset=utf-8
host: localhost:48491
accept: */*

Response DefaultHttpResponse(decodeResult: success, version: HTTP/1.1)
HTTP/1.1 200 OK
Content-Type: application/json; charset=utf-8
cache-control: no-cache
content-length: 88

10:02:52.847 [AsyncHttpClient-1-7] DEBUG org.asynchttpclient.netty.channel.ChannelManager - Adding key: http://localhost:48491 for channel [id: 0x23a80c16, L:/127.0.0.1:50050 - R:localhost/127.0.0.1:48491]
10:02:52.853 [Forwarding clickElement on session 1064e74042d675ed584286f8150eecfd to remote] DEBUG org.asynchttpclient.netty.request.NettyRequestSender - Using pooled Channel '[id: 0x23a80c16, L:/127.0.0.1:50050 - R:localhost/127.0.0.1:48491]' for 'POST' to 'http://localhost:48491/session/1064e74042d675ed584286f8150eecfd/element/b496ae5e-1d4f-4d90-a47f-fe8672b53fd4/click'
10:02:52.853 [Forwarding clickElement on session 1064e74042d675ed584286f8150eecfd to remote] DEBUG org.asynchttpclient.netty.request.NettyRequestSender - Using open Channel [id: 0x23a80c16, L:/127.0.0.1:50050 - R:localhost/127.0.0.1:48491] for POST '/session/1064e74042d675ed584286f8150eecfd/element/b496ae5e-1d4f-4d90-a47f-fe8672b53fd4/click'
10:02:53.100 [AsyncHttpClient-1-7] DEBUG org.asynchttpclient.netty.handler.HttpHandler - 

Request DefaultHttpRequest(decodeResult: success, version: HTTP/1.1)
POST /session/1064e74042d675ed584286f8150eecfd/element/b496ae5e-1d4f-4d90-a47f-fe8672b53fd4/click HTTP/1.1
User-Agent: selenium/4.7.1 (java windows)
Content-Length: 50
Content-Type: application/json; charset=utf-8
host: localhost:48491
accept: */*

Response DefaultHttpResponse(decodeResult: success, version: HTTP/1.1)
HTTP/1.1 200 OK
Content-Type: application/json; charset=utf-8
cache-control: no-cache
content-length: 14

10:02:53.100 [AsyncHttpClient-1-7] DEBUG org.asynchttpclient.netty.channel.ChannelManager - Adding key: http://localhost:48491 for channel [id: 0x23a80c16, L:/127.0.0.1:50050 - R:localhost/127.0.0.1:48491]
10:02:53.119 [Forwarding getCurrentWindowHandle on session 1064e74042d675ed584286f8150eecfd to remote] DEBUG org.asynchttpclient.netty.request.NettyRequestSender - Using pooled Channel '[id: 0x23a80c16, L:/127.0.0.1:50050 - R:localhost/127.0.0.1:48491]' for 'GET' to 'http://localhost:48491/session/1064e74042d675ed584286f8150eecfd/window'
10:02:53.119 [Forwarding getCurrentWindowHandle on session 1064e74042d675ed584286f8150eecfd to remote] DEBUG org.asynchttpclient.netty.request.NettyRequestSender - Using open Channel [id: 0x23a80c16, L:/127.0.0.1:50050 - R:localhost/127.0.0.1:48491] for GET '/session/1064e74042d675ed584286f8150eecfd/window'
10:02:53.131 [AsyncHttpClient-1-7] DEBUG org.asynchttpclient.netty.handler.HttpHandler - 

Request DefaultFullHttpRequest(decodeResult: success, version: HTTP/1.1, content: EmptyByteBufBE)
GET /session/1064e74042d675ed584286f8150eecfd/window HTTP/1.1
User-Agent: selenium/4.7.1 (java windows)
Cache-Control: no-cache
Content-Type: application/json; charset=utf-8
host: localhost:48491
accept: */*

Response DefaultHttpResponse(decodeResult: success, version: HTTP/1.1)
HTTP/1.1 200 OK
Content-Type: application/json; charset=utf-8
cache-control: no-cache
content-length: 44

10:02:53.131 [AsyncHttpClient-1-7] DEBUG org.asynchttpclient.netty.channel.ChannelManager - Adding key: http://localhost:48491 for channel [id: 0x23a80c16, L:/127.0.0.1:50050 - R:localhost/127.0.0.1:48491]
10:02:53.139 [Forwarding getAlertText on session 1064e74042d675ed584286f8150eecfd to remote] DEBUG org.asynchttpclient.netty.request.NettyRequestSender - Using pooled Channel '[id: 0x23a80c16, L:/127.0.0.1:50050 - R:localhost/127.0.0.1:48491]' for 'GET' to 'http://localhost:48491/session/1064e74042d675ed584286f8150eecfd/alert/text'
10:02:53.139 [Forwarding getAlertText on session 1064e74042d675ed584286f8150eecfd to remote] DEBUG org.asynchttpclient.netty.request.NettyRequestSender - Using open Channel [id: 0x23a80c16, L:/127.0.0.1:50050 - R:localhost/127.0.0.1:48491] for GET '/session/1064e74042d675ed584286f8150eecfd/alert/text'
10:02:53.398 [AsyncHttpClient-1-7] DEBUG org.asynchttpclient.netty.handler.HttpHandler - 

Request DefaultFullHttpRequest(decodeResult: success, version: HTTP/1.1, content: EmptyByteBufBE)
GET /session/1064e74042d675ed584286f8150eecfd/alert/text HTTP/1.1
User-Agent: selenium/4.7.1 (java windows)
Cache-Control: no-cache
Content-Type: application/json; charset=utf-8
host: localhost:48491
accept: */*

Response DefaultHttpResponse(decodeResult: success, version: HTTP/1.1)
HTTP/1.1 404 Not Found
Content-Type: application/json; charset=utf-8
cache-control: no-cache
content-length: 821

10:02:53.398 [AsyncHttpClient-1-7] DEBUG org.asynchttpclient.netty.channel.ChannelManager - Adding key: http://localhost:48491 for channel [id: 0x23a80c16, L:/127.0.0.1:50050 - R:localhost/127.0.0.1:48491]
10:02:53.401 [Forwarding switchToWindow on session 1064e74042d675ed584286f8150eecfd to remote] DEBUG org.asynchttpclient.netty.request.NettyRequestSender - Using pooled Channel '[id: 0x23a80c16, L:/127.0.0.1:50050 - R:localhost/127.0.0.1:48491]' for 'POST' to 'http://localhost:48491/session/1064e74042d675ed584286f8150eecfd/window'
10:02:53.401 [Forwarding switchToWindow on session 1064e74042d675ed584286f8150eecfd to remote] DEBUG org.asynchttpclient.netty.request.NettyRequestSender - Using open Channel [id: 0x23a80c16, L:/127.0.0.1:50050 - R:localhost/127.0.0.1:48491] for POST '/session/1064e74042d675ed584286f8150eecfd/window'
10:02:53.406 [AsyncHttpClient-1-7] DEBUG org.asynchttpclient.netty.handler.HttpHandler - 

Request DefaultHttpRequest(decodeResult: success, version: HTTP/1.1)
POST /session/1064e74042d675ed584286f8150eecfd/window HTTP/1.1
User-Agent: selenium/4.7.1 (java windows)
Content-Length: 50
Content-Type: application/json; charset=utf-8
host: localhost:48491
accept: */*

Response DefaultHttpResponse(decodeResult: success, version: HTTP/1.1)
HTTP/1.1 200 OK
Content-Type: application/json; charset=utf-8
cache-control: no-cache
content-length: 14

10:02:53.406 [AsyncHttpClient-1-7] DEBUG org.asynchttpclient.netty.channel.ChannelManager - Adding key: http://localhost:48491 for channel [id: 0x23a80c16, L:/127.0.0.1:50050 - R:localhost/127.0.0.1:48491]
10:02:53.408 [Forwarding getCurrentUrl on session 1064e74042d675ed584286f8150eecfd to remote] DEBUG org.asynchttpclient.netty.request.NettyRequestSender - Using pooled Channel '[id: 0x23a80c16, L:/127.0.0.1:50050 - R:localhost/127.0.0.1:48491]' for 'GET' to 'http://localhost:48491/session/1064e74042d675ed584286f8150eecfd/url'
10:02:53.408 [Forwarding getCurrentUrl on session 1064e74042d675ed584286f8150eecfd to remote] DEBUG org.asynchttpclient.netty.request.NettyRequestSender - Using open Channel [id: 0x23a80c16, L:/127.0.0.1:50050 - R:localhost/127.0.0.1:48491] for GET '/session/1064e74042d675ed584286f8150eecfd/url'
10:02:53.415 [AsyncHttpClient-1-7] DEBUG org.asynchttpclient.netty.handler.HttpHandler - 

Request DefaultFullHttpRequest(decodeResult: success, version: HTTP/1.1, content: EmptyByteBufBE)
GET /session/1064e74042d675ed584286f8150eecfd/url HTTP/1.1
User-Agent: selenium/4.7.1 (java windows)
Cache-Control: no-cache
Content-Type: application/json; charset=utf-8
host: localhost:48491
accept: */*

Response DefaultHttpResponse(decodeResult: success, version: HTTP/1.1)
HTTP/1.1 200 OK
Content-Type: application/json; charset=utf-8
cache-control: no-cache
content-length: 51

10:02:53.415 [AsyncHttpClient-1-7] DEBUG org.asynchttpclient.netty.channel.ChannelManager - Adding key: http://localhost:48491 for channel [id: 0x23a80c16, L:/127.0.0.1:50050 - R:localhost/127.0.0.1:48491]
10:02:53.417 [Forwarding screenshot on session 1064e74042d675ed584286f8150eecfd to remote] DEBUG org.asynchttpclient.netty.request.NettyRequestSender - Using pooled Channel '[id: 0x23a80c16, L:/127.0.0.1:50050 - R:localhost/127.0.0.1:48491]' for 'GET' to 'http://localhost:48491/session/1064e74042d675ed584286f8150eecfd/screenshot'
10:02:53.417 [Forwarding screenshot on session 1064e74042d675ed584286f8150eecfd to remote] DEBUG org.asynchttpclient.netty.request.NettyRequestSender - Using open Channel [id: 0x23a80c16, L:/127.0.0.1:50050 - R:localhost/127.0.0.1:48491] for GET '/session/1064e74042d675ed584286f8150eecfd/screenshot'
10:02:53.525 [AsyncHttpClient-1-7] DEBUG org.asynchttpclient.netty.handler.HttpHandler - 

Request DefaultFullHttpRequest(decodeResult: success, version: HTTP/1.1, content: EmptyByteBufBE)
GET /session/1064e74042d675ed584286f8150eecfd/screenshot HTTP/1.1
User-Agent: selenium/4.7.1 (java windows)
Cache-Control: no-cache
Content-Type: application/json; charset=utf-8
host: localhost:48491
accept: */*

Response DefaultHttpResponse(decodeResult: success, version: HTTP/1.1)
HTTP/1.1 200 OK
Content-Type: application/json; charset=utf-8
cache-control: no-cache
content-length: 26172

10:02:53.526 [AsyncHttpClient-1-7] DEBUG org.asynchttpclient.netty.channel.ChannelManager - Adding key: http://localhost:48491 for channel [id: 0x23a80c16, L:/127.0.0.1:50050 - R:localhost/127.0.0.1:48491]
10:02:53.528 [main] DEBUG net.serenitybdd.core.photography.Darkroom - Send negative for processing for target\site\serenity\f035198f28bcaf95684f4b1a3b9e5d031fc0873bb044f55c4913aef571773aa0.png
10:02:53.528 [main] DEBUG net.thucydides.core.steps.StepInterceptor - STEP DONE: klikButtonLogin
  &amp#27;[32mWhen &amp#27;[0m&amp#27;[32muser klik button login&amp#27;[0m                                      &amp#27;[90m# starter.stepdefinitions.LoginRegisterSteps.userKlikButtonLogin()&amp#27;[0m
10:02:53.550 [main] DEBUG net.thucydides.core.steps.StepInterceptor - STARTING STEP: RegisterSteps.userKlikRegister - klikLinkRegister
10:02:53.553 [Forwarding findElement on session 1064e74042d675ed584286f8150eecfd to remote] DEBUG org.asynchttpclient.netty.request.NettyRequestSender - Using pooled Channel '[id: 0x23a80c16, L:/127.0.0.1:50050 - R:localhost/127.0.0.1:48491]' for 'POST' to 'http://localhost:48491/session/1064e74042d675ed584286f8150eecfd/element'
10:02:53.553 [Forwarding findElement on session 1064e74042d675ed584286f8150eecfd to remote] DEBUG org.asynchttpclient.netty.request.NettyRequestSender - Using open Channel [id: 0x23a80c16, L:/127.0.0.1:50050 - R:localhost/127.0.0.1:48491] for POST '/session/1064e74042d675ed584286f8150eecfd/element'
10:02:53.570 [AsyncHttpClient-1-7] DEBUG org.asynchttpclient.netty.handler.HttpHandler - 

Request DefaultHttpRequest(decodeResult: success, version: HTTP/1.1)
POST /session/1064e74042d675ed584286f8150eecfd/element HTTP/1.1
User-Agent: selenium/4.7.1 (java windows)
Content-Length: 84
Content-Type: application/json; charset=utf-8
host: localhost:48491
accept: */*

Response DefaultHttpResponse(decodeResult: success, version: HTTP/1.1)
HTTP/1.1 200 OK
Content-Type: application/json; charset=utf-8
cache-control: no-cache
content-length: 88

10:02:53.570 [AsyncHttpClient-1-7] DEBUG org.asynchttpclient.netty.channel.ChannelManager - Adding key: http://localhost:48491 for channel [id: 0x23a80c16, L:/127.0.0.1:50050 - R:localhost/127.0.0.1:48491]
10:02:53.572 [Forwarding getElementTagName on session 1064e74042d675ed584286f8150eecfd to remote] DEBUG org.asynchttpclient.netty.request.NettyRequestSender - Using pooled Channel '[id: 0x23a80c16, L:/127.0.0.1:50050 - R:localhost/127.0.0.1:48491]' for 'GET' to 'http://localhost:48491/session/1064e74042d675ed584286f8150eecfd/element/f96cfc80-bb36-40f1-8299-ccda542a7e07/name'
10:02:53.572 [Forwarding getElementTagName on session 1064e74042d675ed584286f8150eecfd to remote] DEBUG org.asynchttpclient.netty.request.NettyRequestSender - Using open Channel [id: 0x23a80c16, L:/127.0.0.1:50050 - R:localhost/127.0.0.1:48491] for GET '/session/1064e74042d675ed584286f8150eecfd/element/f96cfc80-bb36-40f1-8299-ccda542a7e07/name'
10:02:53.579 [AsyncHttpClient-1-7] DEBUG org.asynchttpclient.netty.handler.HttpHandler - 

Request DefaultFullHttpRequest(decodeResult: success, version: HTTP/1.1, content: EmptyByteBufBE)
GET /session/1064e74042d675ed584286f8150eecfd/element/f96cfc80-bb36-40f1-8299-ccda542a7e07/name HTTP/1.1
User-Agent: selenium/4.7.1 (java windows)
Cache-Control: no-cache
Content-Type: application/json; charset=utf-8
host: localhost:48491
accept: */*

Response DefaultHttpResponse(decodeResult: success, version: HTTP/1.1)
HTTP/1.1 200 OK
Content-Type: application/json; charset=utf-8
cache-control: no-cache
content-length: 13

10:02:53.579 [AsyncHttpClient-1-7] DEBUG org.asynchttpclient.netty.channel.ChannelManager - Adding key: http://localhost:48491 for channel [id: 0x23a80c16, L:/127.0.0.1:50050 - R:localhost/127.0.0.1:48491]
10:02:53.581 [Forwarding getElementTagName on session 1064e74042d675ed584286f8150eecfd to remote] DEBUG org.asynchttpclient.netty.request.NettyRequestSender - Using pooled Channel '[id: 0x23a80c16, L:/127.0.0.1:50050 - R:localhost/127.0.0.1:48491]' for 'GET' to 'http://localhost:48491/session/1064e74042d675ed584286f8150eecfd/element/f96cfc80-bb36-40f1-8299-ccda542a7e07/name'
10:02:53.582 [Forwarding getElementTagName on session 1064e74042d675ed584286f8150eecfd to remote] DEBUG org.asynchttpclient.netty.request.NettyRequestSender - Using open Channel [id: 0x23a80c16, L:/127.0.0.1:50050 - R:localhost/127.0.0.1:48491] for GET '/session/1064e74042d675ed584286f8150eecfd/element/f96cfc80-bb36-40f1-8299-ccda542a7e07/name'
10:02:53.587 [AsyncHttpClient-1-7] DEBUG org.asynchttpclient.netty.handler.HttpHandler - 

Request DefaultFullHttpRequest(decodeResult: success, version: HTTP/1.1, content: EmptyByteBufBE)
GET /session/1064e74042d675ed584286f8150eecfd/element/f96cfc80-bb36-40f1-8299-ccda542a7e07/name HTTP/1.1
User-Agent: selenium/4.7.1 (java windows)
Cache-Control: no-cache
Content-Type: application/json; charset=utf-8
host: localhost:48491
accept: */*

Response DefaultHttpResponse(decodeResult: success, version: HTTP/1.1)
HTTP/1.1 200 OK
Content-Type: application/json; charset=utf-8
cache-control: no-cache
content-length: 13

10:02:53.588 [AsyncHttpClient-1-7] DEBUG org.asynchttpclient.netty.channel.ChannelManager - Adding key: http://localhost:48491 for channel [id: 0x23a80c16, L:/127.0.0.1:50050 - R:localhost/127.0.0.1:48491]
10:02:53.590 [Forwarding findElement on session 1064e74042d675ed584286f8150eecfd to remote] DEBUG org.asynchttpclient.netty.request.NettyRequestSender - Using pooled Channel '[id: 0x23a80c16, L:/127.0.0.1:50050 - R:localhost/127.0.0.1:48491]' for 'POST' to 'http://localhost:48491/session/1064e74042d675ed584286f8150eecfd/element'
10:02:53.590 [Forwarding findElement on session 1064e74042d675ed584286f8150eecfd to remote] DEBUG org.asynchttpclient.netty.request.NettyRequestSender - Using open Channel [id: 0x23a80c16, L:/127.0.0.1:50050 - R:localhost/127.0.0.1:48491] for POST '/session/1064e74042d675ed584286f8150eecfd/element'
10:02:53.601 [AsyncHttpClient-1-7] DEBUG org.asynchttpclient.netty.handler.HttpHandler - 

Request DefaultHttpRequest(decodeResult: success, version: HTTP/1.1)
POST /session/1064e74042d675ed584286f8150eecfd/element HTTP/1.1
User-Agent: selenium/4.7.1 (java windows)
Content-Length: 84
Content-Type: application/json; charset=utf-8
host: localhost:48491
accept: */*

Response DefaultHttpResponse(decodeResult: success, version: HTTP/1.1)
HTTP/1.1 200 OK
Content-Type: application/json; charset=utf-8
cache-control: no-cache
content-length: 88

10:02:53.601 [AsyncHttpClient-1-7] DEBUG org.asynchttpclient.netty.channel.ChannelManager - Adding key: http://localhost:48491 for channel [id: 0x23a80c16, L:/127.0.0.1:50050 - R:localhost/127.0.0.1:48491]
10:02:53.603 [Forwarding clickElement on session 1064e74042d675ed584286f8150eecfd to remote] DEBUG org.asynchttpclient.netty.request.NettyRequestSender - Using pooled Channel '[id: 0x23a80c16, L:/127.0.0.1:50050 - R:localhost/127.0.0.1:48491]' for 'POST' to 'http://localhost:48491/session/1064e74042d675ed584286f8150eecfd/element/f96cfc80-bb36-40f1-8299-ccda542a7e07/click'
10:02:53.603 [Forwarding clickElement on session 1064e74042d675ed584286f8150eecfd to remote] DEBUG org.asynchttpclient.netty.request.NettyRequestSender - Using open Channel [id: 0x23a80c16, L:/127.0.0.1:50050 - R:localhost/127.0.0.1:48491] for POST '/session/1064e74042d675ed584286f8150eecfd/element/f96cfc80-bb36-40f1-8299-ccda542a7e07/click'
10:02:53.664 [AsyncHttpClient-1-1] DEBUG org.asynchttpclient.netty.channel.DefaultChannelPool - Entry count for : http://localhost:50051 : 1
10:02:53.673 [AsyncHttpClient-1-7] DEBUG org.asynchttpclient.netty.handler.HttpHandler - 

Request DefaultHttpRequest(decodeResult: success, version: HTTP/1.1)
POST /session/1064e74042d675ed584286f8150eecfd/element/f96cfc80-bb36-40f1-8299-ccda542a7e07/click HTTP/1.1
User-Agent: selenium/4.7.1 (java windows)
Content-Length: 50
Content-Type: application/json; charset=utf-8
host: localhost:48491
accept: */*

Response DefaultHttpResponse(decodeResult: success, version: HTTP/1.1)
HTTP/1.1 200 OK
Content-Type: application/json; charset=utf-8
cache-control: no-cache
content-length: 14

10:02:53.674 [AsyncHttpClient-1-7] DEBUG org.asynchttpclient.netty.channel.ChannelManager - Adding key: http://localhost:48491 for channel [id: 0x23a80c16, L:/127.0.0.1:50050 - R:localhost/127.0.0.1:48491]
10:02:53.691 [Forwarding getCurrentWindowHandle on session 1064e74042d675ed584286f8150eecfd to remote] DEBUG org.asynchttpclient.netty.request.NettyRequestSender - Using pooled Channel '[id: 0x23a80c16, L:/127.0.0.1:50050 - R:localhost/127.0.0.1:48491]' for 'GET' to 'http://localhost:48491/session/1064e74042d675ed584286f8150eecfd/window'
10:02:53.691 [Forwarding getCurrentWindowHandle on session 1064e74042d675ed584286f8150eecfd to remote] DEBUG org.asynchttpclient.netty.request.NettyRequestSender - Using open Channel [id: 0x23a80c16, L:/127.0.0.1:50050 - R:localhost/127.0.0.1:48491] for GET '/session/1064e74042d675ed584286f8150eecfd/window'
10:02:53.693 [AsyncHttpClient-1-7] DEBUG org.asynchttpclient.netty.handler.HttpHandler - 

Request DefaultFullHttpRequest(decodeResult: success, version: HTTP/1.1, content: EmptyByteBufBE)
GET /session/1064e74042d675ed584286f8150eecfd/window HTTP/1.1
User-Agent: selenium/4.7.1 (java windows)
Cache-Control: no-cache
Content-Type: application/json; charset=utf-8
host: localhost:48491
accept: */*

Response DefaultHttpResponse(decodeResult: success, version: HTTP/1.1)
HTTP/1.1 200 OK
Content-Type: application/json; charset=utf-8
cache-control: no-cache
content-length: 44

10:02:53.694 [AsyncHttpClient-1-7] DEBUG org.asynchttpclient.netty.channel.ChannelManager - Adding key: http://localhost:48491 for channel [id: 0x23a80c16, L:/127.0.0.1:50050 - R:localhost/127.0.0.1:48491]
10:02:53.696 [Forwarding getAlertText on session 1064e74042d675ed584286f8150eecfd to remote] DEBUG org.asynchttpclient.netty.request.NettyRequestSender - Using pooled Channel '[id: 0x23a80c16, L:/127.0.0.1:50050 - R:localhost/127.0.0.1:48491]' for 'GET' to 'http://localhost:48491/session/1064e74042d675ed584286f8150eecfd/alert/text'
10:02:53.697 [Forwarding getAlertText on session 1064e74042d675ed584286f8150eecfd to remote] DEBUG org.asynchttpclient.netty.request.NettyRequestSender - Using open Channel [id: 0x23a80c16, L:/127.0.0.1:50050 - R:localhost/127.0.0.1:48491] for GET '/session/1064e74042d675ed584286f8150eecfd/alert/text'
10:02:53.708 [AsyncHttpClient-1-7] DEBUG org.asynchttpclient.netty.handler.HttpHandler - 

Request DefaultFullHttpRequest(decodeResult: success, version: HTTP/1.1, content: EmptyByteBufBE)
GET /session/1064e74042d675ed584286f8150eecfd/alert/text HTTP/1.1
User-Agent: selenium/4.7.1 (java windows)
Cache-Control: no-cache
Content-Type: application/json; charset=utf-8
host: localhost:48491
accept: */*

Response DefaultHttpResponse(decodeResult: success, version: HTTP/1.1)
HTTP/1.1 404 Not Found
Content-Type: application/json; charset=utf-8
cache-control: no-cache
content-length: 821

10:02:53.708 [AsyncHttpClient-1-7] DEBUG org.asynchttpclient.netty.channel.ChannelManager - Adding key: http://localhost:48491 for channel [id: 0x23a80c16, L:/127.0.0.1:50050 - R:localhost/127.0.0.1:48491]
10:02:53.711 [Forwarding switchToWindow on session 1064e74042d675ed584286f8150eecfd to remote] DEBUG org.asynchttpclient.netty.request.NettyRequestSender - Using pooled Channel '[id: 0x23a80c16, L:/127.0.0.1:50050 - R:localhost/127.0.0.1:48491]' for 'POST' to 'http://localhost:48491/session/1064e74042d675ed584286f8150eecfd/window'
10:02:53.711 [Forwarding switchToWindow on session 1064e74042d675ed584286f8150eecfd to remote] DEBUG org.asynchttpclient.netty.request.NettyRequestSender - Using open Channel [id: 0x23a80c16, L:/127.0.0.1:50050 - R:localhost/127.0.0.1:48491] for POST '/session/1064e74042d675ed584286f8150eecfd/window'
10:02:53.716 [AsyncHttpClient-1-7] DEBUG org.asynchttpclient.netty.handler.HttpHandler - 

Request DefaultHttpRequest(decodeResult: success, version: HTTP/1.1)
POST /session/1064e74042d675ed584286f8150eecfd/window HTTP/1.1
User-Agent: selenium/4.7.1 (java windows)
Content-Length: 50
Content-Type: application/json; charset=utf-8
host: localhost:48491
accept: */*

Response DefaultHttpResponse(decodeResult: success, version: HTTP/1.1)
HTTP/1.1 200 OK
Content-Type: application/json; charset=utf-8
cache-control: no-cache
content-length: 14

10:02:53.716 [AsyncHttpClient-1-7] DEBUG org.asynchttpclient.netty.channel.ChannelManager - Adding key: http://localhost:48491 for channel [id: 0x23a80c16, L:/127.0.0.1:50050 - R:localhost/127.0.0.1:48491]
10:02:53.718 [Forwarding getCurrentUrl on session 1064e74042d675ed584286f8150eecfd to remote] DEBUG org.asynchttpclient.netty.request.NettyRequestSender - Using pooled Channel '[id: 0x23a80c16, L:/127.0.0.1:50050 - R:localhost/127.0.0.1:48491]' for 'GET' to 'http://localhost:48491/session/1064e74042d675ed584286f8150eecfd/url'
10:02:53.718 [Forwarding getCurrentUrl on session 1064e74042d675ed584286f8150eecfd to remote] DEBUG org.asynchttpclient.netty.request.NettyRequestSender - Using open Channel [id: 0x23a80c16, L:/127.0.0.1:50050 - R:localhost/127.0.0.1:48491] for GET '/session/1064e74042d675ed584286f8150eecfd/url'
10:02:53.733 [AsyncHttpClient-1-7] DEBUG org.asynchttpclient.netty.handler.HttpHandler - 

Request DefaultFullHttpRequest(decodeResult: success, version: HTTP/1.1, content: EmptyByteBufBE)
GET /session/1064e74042d675ed584286f8150eecfd/url HTTP/1.1
User-Agent: selenium/4.7.1 (java windows)
Cache-Control: no-cache
Content-Type: application/json; charset=utf-8
host: localhost:48491
accept: */*

Response DefaultHttpResponse(decodeResult: success, version: HTTP/1.1)
HTTP/1.1 200 OK
Content-Type: application/json; charset=utf-8
cache-control: no-cache
content-length: 54

10:02:53.733 [AsyncHttpClient-1-7] DEBUG org.asynchttpclient.netty.channel.ChannelManager - Adding key: http://localhost:48491 for channel [id: 0x23a80c16, L:/127.0.0.1:50050 - R:localhost/127.0.0.1:48491]
10:02:53.735 [Forwarding screenshot on session 1064e74042d675ed584286f8150eecfd to remote] DEBUG org.asynchttpclient.netty.request.NettyRequestSender - Using pooled Channel '[id: 0x23a80c16, L:/127.0.0.1:50050 - R:localhost/127.0.0.1:48491]' for 'GET' to 'http://localhost:48491/session/1064e74042d675ed584286f8150eecfd/screenshot'
10:02:53.736 [Forwarding screenshot on session 1064e74042d675ed584286f8150eecfd to remote] DEBUG org.asynchttpclient.netty.request.NettyRequestSender - Using open Channel [id: 0x23a80c16, L:/127.0.0.1:50050 - R:localhost/127.0.0.1:48491] for GET '/session/1064e74042d675ed584286f8150eecfd/screenshot'
10:02:53.873 [AsyncHttpClient-1-7] DEBUG org.asynchttpclient.netty.handler.HttpHandler - 

Request DefaultFullHttpRequest(decodeResult: success, version: HTTP/1.1, content: EmptyByteBufBE)
GET /session/1064e74042d675ed584286f8150eecfd/screenshot HTTP/1.1
User-Agent: selenium/4.7.1 (java windows)
Cache-Control: no-cache
Content-Type: application/json; charset=utf-8
host: localhost:48491
accept: */*

Response DefaultHttpResponse(decodeResult: success, version: HTTP/1.1)
HTTP/1.1 200 OK
Content-Type: application/json; charset=utf-8
cache-control: no-cache
content-length: 30544

10:02:53.874 [AsyncHttpClient-1-7] DEBUG org.asynchttpclient.netty.channel.ChannelManager - Adding key: http://localhost:48491 for channel [id: 0x23a80c16, L:/127.0.0.1:50050 - R:localhost/127.0.0.1:48491]
10:02:53.876 [main] DEBUG net.serenitybdd.core.photography.Darkroom - Send negative for processing for target\site\serenity\c7e5fef05348ff00de818f3aa28076ac7ef4d2f378a6be54a9ba83fbca88212c.png
10:02:53.876 [main] DEBUG net.thucydides.core.steps.StepInterceptor - STEP DONE: klikLinkRegister
10:02:53.876 [Darkroom Processing Line] DEBUG net.serenitybdd.core.photography.DarkroomProcessingLine - Processing screenshot image in /var/screenshots/screenshot-5819542089736793221
10:02:53.876 [Darkroom Processing Line] DEBUG net.serenitybdd.core.photography.DarkroomProcessingLine - Saving screenshot to target\site\serenity\c7e5fef05348ff00de818f3aa28076ac7ef4d2f378a6be54a9ba83fbca88212c.png
  &amp#27;[32mThen &amp#27;[0m&amp#27;[32muser klik register&amp#27;[0m                                          &amp#27;[90m# starter.stepdefinitions.RegisterSteps.userKlikRegister()&amp#27;[0m
10:02:53.893 [main] DEBUG net.thucydides.core.steps.StepInterceptor - STARTING STEP: RegisterSteps.userTidakInputNamaLengkap - inputNamaLengkap
10:02:53.901 [Forwarding findElement on session 1064e74042d675ed584286f8150eecfd to remote] DEBUG org.asynchttpclient.netty.request.NettyRequestSender - Using pooled Channel '[id: 0x23a80c16, L:/127.0.0.1:50050 - R:localhost/127.0.0.1:48491]' for 'POST' to 'http://localhost:48491/session/1064e74042d675ed584286f8150eecfd/element'
10:02:53.901 [Forwarding findElement on session 1064e74042d675ed584286f8150eecfd to remote] DEBUG org.asynchttpclient.netty.request.NettyRequestSender - Using open Channel [id: 0x23a80c16, L:/127.0.0.1:50050 - R:localhost/127.0.0.1:48491] for POST '/session/1064e74042d675ed584286f8150eecfd/element'
10:02:53.920 [AsyncHttpClient-1-7] DEBUG org.asynchttpclient.netty.handler.HttpHandler - 

Request DefaultHttpRequest(decodeResult: success, version: HTTP/1.1)
POST /session/1064e74042d675ed584286f8150eecfd/element HTTP/1.1
User-Agent: selenium/4.7.1 (java windows)
Content-Length: 187
Content-Type: application/json; charset=utf-8
host: localhost:48491
accept: */*

Response DefaultHttpResponse(decodeResult: success, version: HTTP/1.1)
HTTP/1.1 200 OK
Content-Type: application/json; charset=utf-8
cache-control: no-cache
content-length: 88

10:02:53.920 [AsyncHttpClient-1-7] DEBUG org.asynchttpclient.netty.channel.ChannelManager - Adding key: http://localhost:48491 for channel [id: 0x23a80c16, L:/127.0.0.1:50050 - R:localhost/127.0.0.1:48491]
10:02:53.923 [Forwarding clearElement on session 1064e74042d675ed584286f8150eecfd to remote] DEBUG org.asynchttpclient.netty.request.NettyRequestSender - Using pooled Channel '[id: 0x23a80c16, L:/127.0.0.1:50050 - R:localhost/127.0.0.1:48491]' for 'POST' to 'http://localhost:48491/session/1064e74042d675ed584286f8150eecfd/element/686f2c91-9041-4541-8820-5ad5b34db75e/clear'
10:02:53.923 [Forwarding clearElement on session 1064e74042d675ed584286f8150eecfd to remote] DEBUG org.asynchttpclient.netty.request.NettyRequestSender - Using open Channel [id: 0x23a80c16, L:/127.0.0.1:50050 - R:localhost/127.0.0.1:48491] for POST '/session/1064e74042d675ed584286f8150eecfd/element/686f2c91-9041-4541-8820-5ad5b34db75e/clear'
10:02:53.996 [AsyncHttpClient-1-7] DEBUG org.asynchttpclient.netty.handler.HttpHandler - 

Request DefaultHttpRequest(decodeResult: success, version: HTTP/1.1)
POST /session/1064e74042d675ed584286f8150eecfd/element/686f2c91-9041-4541-8820-5ad5b34db75e/clear HTTP/1.1
User-Agent: selenium/4.7.1 (java windows)
Content-Length: 50
Content-Type: application/json; charset=utf-8
host: localhost:48491
accept: */*

Response DefaultHttpResponse(decodeResult: success, version: HTTP/1.1)
HTTP/1.1 200 OK
Content-Type: application/json; charset=utf-8
cache-control: no-cache
content-length: 14

10:02:53.996 [AsyncHttpClient-1-7] DEBUG org.asynchttpclient.netty.channel.ChannelManager - Adding key: http://localhost:48491 for channel [id: 0x23a80c16, L:/127.0.0.1:50050 - R:localhost/127.0.0.1:48491]
10:02:54.003 [Forwarding sendKeysToElement on session 1064e74042d675ed584286f8150eecfd to remote] DEBUG org.asynchttpclient.netty.request.NettyRequestSender - Using pooled Channel '[id: 0x23a80c16, L:/127.0.0.1:50050 - R:localhost/127.0.0.1:48491]' for 'POST' to 'http://localhost:48491/session/1064e74042d675ed584286f8150eecfd/element/686f2c91-9041-4541-8820-5ad5b34db75e/value'
10:02:54.003 [Forwarding sendKeysToElement on session 1064e74042d675ed584286f8150eecfd to remote] DEBUG org.asynchttpclient.netty.request.NettyRequestSender - Using open Channel [id: 0x23a80c16, L:/127.0.0.1:50050 - R:localhost/127.0.0.1:48491] for POST '/session/1064e74042d675ed584286f8150eecfd/element/686f2c91-9041-4541-8820-5ad5b34db75e/value'
10:02:54.120 [AsyncHttpClient-1-7] DEBUG org.asynchttpclient.netty.handler.HttpHandler - 

Request DefaultHttpRequest(decodeResult: success, version: HTTP/1.1)
POST /session/1064e74042d675ed584286f8150eecfd/element/686f2c91-9041-4541-8820-5ad5b34db75e/value HTTP/1.1
User-Agent: selenium/4.7.1 (java windows)
Content-Length: 82
Content-Type: application/json; charset=utf-8
host: localhost:48491
accept: */*

Response DefaultHttpResponse(decodeResult: success, version: HTTP/1.1)
HTTP/1.1 200 OK
Content-Type: application/json; charset=utf-8
cache-control: no-cache
content-length: 14

10:02:54.120 [AsyncHttpClient-1-7] DEBUG org.asynchttpclient.netty.channel.ChannelManager - Adding key: http://localhost:48491 for channel [id: 0x23a80c16, L:/127.0.0.1:50050 - R:localhost/127.0.0.1:48491]
10:02:54.132 [Forwarding getCurrentWindowHandle on session 1064e74042d675ed584286f8150eecfd to remote] DEBUG org.asynchttpclient.netty.request.NettyRequestSender - Using pooled Channel '[id: 0x23a80c16, L:/127.0.0.1:50050 - R:localhost/127.0.0.1:48491]' for 'GET' to 'http://localhost:48491/session/1064e74042d675ed584286f8150eecfd/window'
10:02:54.133 [Forwarding getCurrentWindowHandle on session 1064e74042d675ed584286f8150eecfd to remote] DEBUG org.asynchttpclient.netty.request.NettyRequestSender - Using open Channel [id: 0x23a80c16, L:/127.0.0.1:50050 - R:localhost/127.0.0.1:48491] for GET '/session/1064e74042d675ed584286f8150eecfd/window'
10:02:54.134 [AsyncHttpClient-1-7] DEBUG org.asynchttpclient.netty.handler.HttpHandler - 

Request DefaultFullHttpRequest(decodeResult: success, version: HTTP/1.1, content: EmptyByteBufBE)
GET /session/1064e74042d675ed584286f8150eecfd/window HTTP/1.1
User-Agent: selenium/4.7.1 (java windows)
Cache-Control: no-cache
Content-Type: application/json; charset=utf-8
host: localhost:48491
accept: */*

Response DefaultHttpResponse(decodeResult: success, version: HTTP/1.1)
HTTP/1.1 200 OK
Content-Type: application/json; charset=utf-8
cache-control: no-cache
content-length: 44

10:02:54.135 [AsyncHttpClient-1-7] DEBUG org.asynchttpclient.netty.channel.ChannelManager - Adding key: http://localhost:48491 for channel [id: 0x23a80c16, L:/127.0.0.1:50050 - R:localhost/127.0.0.1:48491]
10:02:54.138 [Forwarding getAlertText on session 1064e74042d675ed584286f8150eecfd to remote] DEBUG org.asynchttpclient.netty.request.NettyRequestSender - Using pooled Channel '[id: 0x23a80c16, L:/127.0.0.1:50050 - R:localhost/127.0.0.1:48491]' for 'GET' to 'http://localhost:48491/session/1064e74042d675ed584286f8150eecfd/alert/text'
10:02:54.138 [Forwarding getAlertText on session 1064e74042d675ed584286f8150eecfd to remote] DEBUG org.asynchttpclient.netty.request.NettyRequestSender - Using open Channel [id: 0x23a80c16, L:/127.0.0.1:50050 - R:localhost/127.0.0.1:48491] for GET '/session/1064e74042d675ed584286f8150eecfd/alert/text'
10:02:54.142 [AsyncHttpClient-1-7] DEBUG org.asynchttpclient.netty.handler.HttpHandler - 

Request DefaultFullHttpRequest(decodeResult: success, version: HTTP/1.1, content: EmptyByteBufBE)
GET /session/1064e74042d675ed584286f8150eecfd/alert/text HTTP/1.1
User-Agent: selenium/4.7.1 (java windows)
Cache-Control: no-cache
Content-Type: application/json; charset=utf-8
host: localhost:48491
accept: */*

Response DefaultHttpResponse(decodeResult: success, version: HTTP/1.1)
HTTP/1.1 404 Not Found
Content-Type: application/json; charset=utf-8
cache-control: no-cache
content-length: 821

10:02:54.143 [AsyncHttpClient-1-7] DEBUG org.asynchttpclient.netty.channel.ChannelManager - Adding key: http://localhost:48491 for channel [id: 0x23a80c16, L:/127.0.0.1:50050 - R:localhost/127.0.0.1:48491]
10:02:54.146 [Forwarding switchToWindow on session 1064e74042d675ed584286f8150eecfd to remote] DEBUG org.asynchttpclient.netty.request.NettyRequestSender - Using pooled Channel '[id: 0x23a80c16, L:/127.0.0.1:50050 - R:localhost/127.0.0.1:48491]' for 'POST' to 'http://localhost:48491/session/1064e74042d675ed584286f8150eecfd/window'
10:02:54.146 [Forwarding switchToWindow on session 1064e74042d675ed584286f8150eecfd to remote] DEBUG org.asynchttpclient.netty.request.NettyRequestSender - Using open Channel [id: 0x23a80c16, L:/127.0.0.1:50050 - R:localhost/127.0.0.1:48491] for POST '/session/1064e74042d675ed584286f8150eecfd/window'
10:02:54.150 [AsyncHttpClient-1-7] DEBUG org.asynchttpclient.netty.handler.HttpHandler - 

Request DefaultHttpRequest(decodeResult: success, version: HTTP/1.1)
POST /session/1064e74042d675ed584286f8150eecfd/window HTTP/1.1
User-Agent: selenium/4.7.1 (java windows)
Content-Length: 50
Content-Type: application/json; charset=utf-8
host: localhost:48491
accept: */*

Response DefaultHttpResponse(decodeResult: success, version: HTTP/1.1)
HTTP/1.1 200 OK
Content-Type: application/json; charset=utf-8
cache-control: no-cache
content-length: 14

10:02:54.150 [AsyncHttpClient-1-7] DEBUG org.asynchttpclient.netty.channel.ChannelManager - Adding key: http://localhost:48491 for channel [id: 0x23a80c16, L:/127.0.0.1:50050 - R:localhost/127.0.0.1:48491]
10:02:54.152 [Forwarding getCurrentUrl on session 1064e74042d675ed584286f8150eecfd to remote] DEBUG org.asynchttpclient.netty.request.NettyRequestSender - Using pooled Channel '[id: 0x23a80c16, L:/127.0.0.1:50050 - R:localhost/127.0.0.1:48491]' for 'GET' to 'http://localhost:48491/session/1064e74042d675ed584286f8150eecfd/url'
10:02:54.152 [Forwarding getCurrentUrl on session 1064e74042d675ed584286f8150eecfd to remote] DEBUG org.asynchttpclient.netty.request.NettyRequestSender - Using open Channel [id: 0x23a80c16, L:/127.0.0.1:50050 - R:localhost/127.0.0.1:48491] for GET '/session/1064e74042d675ed584286f8150eecfd/url'
10:02:54.161 [AsyncHttpClient-1-7] DEBUG org.asynchttpclient.netty.handler.HttpHandler - 

Request DefaultFullHttpRequest(decodeResult: success, version: HTTP/1.1, content: EmptyByteBufBE)
GET /session/1064e74042d675ed584286f8150eecfd/url HTTP/1.1
User-Agent: selenium/4.7.1 (java windows)
Cache-Control: no-cache
Content-Type: application/json; charset=utf-8
host: localhost:48491
accept: */*

Response DefaultHttpResponse(decodeResult: success, version: HTTP/1.1)
HTTP/1.1 200 OK
Content-Type: application/json; charset=utf-8
cache-control: no-cache
content-length: 54

10:02:54.161 [AsyncHttpClient-1-7] DEBUG org.asynchttpclient.netty.channel.ChannelManager - Adding key: http://localhost:48491 for channel [id: 0x23a80c16, L:/127.0.0.1:50050 - R:localhost/127.0.0.1:48491]
10:02:54.163 [Forwarding screenshot on session 1064e74042d675ed584286f8150eecfd to remote] DEBUG org.asynchttpclient.netty.request.NettyRequestSender - Using pooled Channel '[id: 0x23a80c16, L:/127.0.0.1:50050 - R:localhost/127.0.0.1:48491]' for 'GET' to 'http://localhost:48491/session/1064e74042d675ed584286f8150eecfd/screenshot'
10:02:54.163 [Forwarding screenshot on session 1064e74042d675ed584286f8150eecfd to remote] DEBUG org.asynchttpclient.netty.request.NettyRequestSender - Using open Channel [id: 0x23a80c16, L:/127.0.0.1:50050 - R:localhost/127.0.0.1:48491] for GET '/session/1064e74042d675ed584286f8150eecfd/screenshot'
10:02:54.312 [AsyncHttpClient-1-7] DEBUG org.asynchttpclient.netty.handler.HttpHandler - 

Request DefaultFullHttpRequest(decodeResult: success, version: HTTP/1.1, content: EmptyByteBufBE)
GET /session/1064e74042d675ed584286f8150eecfd/screenshot HTTP/1.1
User-Agent: selenium/4.7.1 (java windows)
Cache-Control: no-cache
Content-Type: application/json; charset=utf-8
host: localhost:48491
accept: */*

Response DefaultHttpResponse(decodeResult: success, version: HTTP/1.1)
HTTP/1.1 200 OK
Content-Type: application/json; charset=utf-8
cache-control: no-cache
content-length: 29528

10:02:54.313 [AsyncHttpClient-1-7] DEBUG org.asynchttpclient.netty.channel.ChannelManager - Adding key: http://localhost:48491 for channel [id: 0x23a80c16, L:/127.0.0.1:50050 - R:localhost/127.0.0.1:48491]
10:02:54.318 [main] DEBUG net.serenitybdd.core.photography.Darkroom - Send negative for processing for target\site\serenity\8af7cbb81ba0bcc1ab72c26fcf42e81494c4bf13007eb1d0c536d48b7e9ff8d0.png
10:02:54.319 [main] DEBUG net.thucydides.core.steps.StepInterceptor - STEP DONE: inputNamaLengkap
10:02:54.319 [Darkroom Processing Line] DEBUG net.serenitybdd.core.photography.DarkroomProcessingLine - Processing screenshot image in /var/screenshots/screenshot-7936779289286603599
10:02:54.319 [Darkroom Processing Line] DEBUG net.serenitybdd.core.photography.DarkroomProcessingLine - Saving screenshot to target\site\serenity\8af7cbb81ba0bcc1ab72c26fcf42e81494c4bf13007eb1d0c536d48b7e9ff8d0.png
  &amp#27;[32mAnd &amp#27;[0m&amp#27;[32muser tidak input nama lengkap&amp#27;[0m                                &amp#27;[90m# starter.stepdefinitions.RegisterSteps.userTidakInputNamaLengkap()&amp#27;[0m
10:02:54.342 [main] DEBUG net.thucydides.core.steps.StepInterceptor - STARTING STEP: RegisterSteps.userInputEmailUntukRegister - inputEmail
10:02:54.346 [Forwarding findElement on session 1064e74042d675ed584286f8150eecfd to remote] DEBUG org.asynchttpclient.netty.request.NettyRequestSender - Using pooled Channel '[id: 0x23a80c16, L:/127.0.0.1:50050 - R:localhost/127.0.0.1:48491]' for 'POST' to 'http://localhost:48491/session/1064e74042d675ed584286f8150eecfd/element'
10:02:54.346 [Forwarding findElement on session 1064e74042d675ed584286f8150eecfd to remote] DEBUG org.asynchttpclient.netty.request.NettyRequestSender - Using open Channel [id: 0x23a80c16, L:/127.0.0.1:50050 - R:localhost/127.0.0.1:48491] for POST '/session/1064e74042d675ed584286f8150eecfd/element'
10:02:54.372 [AsyncHttpClient-1-7] DEBUG org.asynchttpclient.netty.handler.HttpHandler - 

Request DefaultHttpRequest(decodeResult: success, version: HTTP/1.1)
POST /session/1064e74042d675ed584286f8150eecfd/element HTTP/1.1
User-Agent: selenium/4.7.1 (java windows)
Content-Length: 187
Content-Type: application/json; charset=utf-8
host: localhost:48491
accept: */*

Response DefaultHttpResponse(decodeResult: success, version: HTTP/1.1)
HTTP/1.1 200 OK
Content-Type: application/json; charset=utf-8
cache-control: no-cache
content-length: 88

10:02:54.373 [AsyncHttpClient-1-7] DEBUG org.asynchttpclient.netty.channel.ChannelManager - Adding key: http://localhost:48491 for channel [id: 0x23a80c16, L:/127.0.0.1:50050 - R:localhost/127.0.0.1:48491]
10:02:54.375 [Forwarding clearElement on session 1064e74042d675ed584286f8150eecfd to remote] DEBUG org.asynchttpclient.netty.request.NettyRequestSender - Using pooled Channel '[id: 0x23a80c16, L:/127.0.0.1:50050 - R:localhost/127.0.0.1:48491]' for 'POST' to 'http://localhost:48491/session/1064e74042d675ed584286f8150eecfd/element/5227b0d5-7b01-4480-9095-7149ed581740/clear'
10:02:54.376 [Forwarding clearElement on session 1064e74042d675ed584286f8150eecfd to remote] DEBUG org.asynchttpclient.netty.request.NettyRequestSender - Using open Channel [id: 0x23a80c16, L:/127.0.0.1:50050 - R:localhost/127.0.0.1:48491] for POST '/session/1064e74042d675ed584286f8150eecfd/element/5227b0d5-7b01-4480-9095-7149ed581740/clear'
10:02:54.448 [AsyncHttpClient-1-7] DEBUG org.asynchttpclient.netty.handler.HttpHandler - 

Request DefaultHttpRequest(decodeResult: success, version: HTTP/1.1)
POST /session/1064e74042d675ed584286f8150eecfd/element/5227b0d5-7b01-4480-9095-7149ed581740/clear HTTP/1.1
User-Agent: selenium/4.7.1 (java windows)
Content-Length: 50
Content-Type: application/json; charset=utf-8
host: localhost:48491
accept: */*

Response DefaultHttpResponse(decodeResult: success, version: HTTP/1.1)
HTTP/1.1 200 OK
Content-Type: application/json; charset=utf-8
cache-control: no-cache
content-length: 14

10:02:54.449 [AsyncHttpClient-1-7] DEBUG org.asynchttpclient.netty.channel.ChannelManager - Adding key: http://localhost:48491 for channel [id: 0x23a80c16, L:/127.0.0.1:50050 - R:localhost/127.0.0.1:48491]
10:02:54.454 [Forwarding sendKeysToElement on session 1064e74042d675ed584286f8150eecfd to remote] DEBUG org.asynchttpclient.netty.request.NettyRequestSender - Using pooled Channel '[id: 0x23a80c16, L:/127.0.0.1:50050 - R:localhost/127.0.0.1:48491]' for 'POST' to 'http://localhost:48491/session/1064e74042d675ed584286f8150eecfd/element/5227b0d5-7b01-4480-9095-7149ed581740/value'
10:02:54.454 [Forwarding sendKeysToElement on session 1064e74042d675ed584286f8150eecfd to remote] DEBUG org.asynchttpclient.netty.request.NettyRequestSender - Using open Channel [id: 0x23a80c16, L:/127.0.0.1:50050 - R:localhost/127.0.0.1:48491] for POST '/session/1064e74042d675ed584286f8150eecfd/element/5227b0d5-7b01-4480-9095-7149ed581740/value'
10:02:54.775 [AsyncHttpClient-1-1] DEBUG org.asynchttpclient.netty.channel.DefaultChannelPool - Entry count for : http://localhost:50051 : 1
10:02:55.024 [AsyncHttpClient-1-7] DEBUG org.asynchttpclient.netty.handler.HttpHandler - 

Request DefaultHttpRequest(decodeResult: success, version: HTTP/1.1)
POST /session/1064e74042d675ed584286f8150eecfd/element/5227b0d5-7b01-4480-9095-7149ed581740/value HTTP/1.1
User-Agent: selenium/4.7.1 (java windows)
Content-Length: 211
Content-Type: application/json; charset=utf-8
host: localhost:48491
accept: */*

Response DefaultHttpResponse(decodeResult: success, version: HTTP/1.1)
HTTP/1.1 200 OK
Content-Type: application/json; charset=utf-8
cache-control: no-cache
content-length: 14

10:02:55.024 [AsyncHttpClient-1-7] DEBUG org.asynchttpclient.netty.channel.ChannelManager - Adding key: http://localhost:48491 for channel [id: 0x23a80c16, L:/127.0.0.1:50050 - R:localhost/127.0.0.1:48491]
10:02:55.057 [Forwarding getCurrentWindowHandle on session 1064e74042d675ed584286f8150eecfd to remote] DEBUG org.asynchttpclient.netty.request.NettyRequestSender - Using pooled Channel '[id: 0x23a80c16, L:/127.0.0.1:50050 - R:localhost/127.0.0.1:48491]' for 'GET' to 'http://localhost:48491/session/1064e74042d675ed584286f8150eecfd/window'
10:02:55.057 [Forwarding getCurrentWindowHandle on session 1064e74042d675ed584286f8150eecfd to remote] DEBUG org.asynchttpclient.netty.request.NettyRequestSender - Using open Channel [id: 0x23a80c16, L:/127.0.0.1:50050 - R:localhost/127.0.0.1:48491] for GET '/session/1064e74042d675ed584286f8150eecfd/window'
10:02:55.059 [AsyncHttpClient-1-7] DEBUG org.asynchttpclient.netty.handler.HttpHandler - 

Request DefaultFullHttpRequest(decodeResult: success, version: HTTP/1.1, content: EmptyByteBufBE)
GET /session/1064e74042d675ed584286f8150eecfd/window HTTP/1.1
User-Agent: selenium/4.7.1 (java windows)
Cache-Control: no-cache
Content-Type: application/json; charset=utf-8
host: localhost:48491
accept: */*

Response DefaultHttpResponse(decodeResult: success, version: HTTP/1.1)
HTTP/1.1 200 OK
Content-Type: application/json; charset=utf-8
cache-control: no-cache
content-length: 44

10:02:55.059 [AsyncHttpClient-1-7] DEBUG org.asynchttpclient.netty.channel.ChannelManager - Adding key: http://localhost:48491 for channel [id: 0x23a80c16, L:/127.0.0.1:50050 - R:localhost/127.0.0.1:48491]
10:02:55.063 [Forwarding getAlertText on session 1064e74042d675ed584286f8150eecfd to remote] DEBUG org.asynchttpclient.netty.request.NettyRequestSender - Using pooled Channel '[id: 0x23a80c16, L:/127.0.0.1:50050 - R:localhost/127.0.0.1:48491]' for 'GET' to 'http://localhost:48491/session/1064e74042d675ed584286f8150eecfd/alert/text'
10:02:55.063 [Forwarding getAlertText on session 1064e74042d675ed584286f8150eecfd to remote] DEBUG org.asynchttpclient.netty.request.NettyRequestSender - Using open Channel [id: 0x23a80c16, L:/127.0.0.1:50050 - R:localhost/127.0.0.1:48491] for GET '/session/1064e74042d675ed584286f8150eecfd/alert/text'
10:02:55.074 [AsyncHttpClient-1-7] DEBUG org.asynchttpclient.netty.handler.HttpHandler - 

Request DefaultFullHttpRequest(decodeResult: success, version: HTTP/1.1, content: EmptyByteBufBE)
GET /session/1064e74042d675ed584286f8150eecfd/alert/text HTTP/1.1
User-Agent: selenium/4.7.1 (java windows)
Cache-Control: no-cache
Content-Type: application/json; charset=utf-8
host: localhost:48491
accept: */*

Response DefaultHttpResponse(decodeResult: success, version: HTTP/1.1)
HTTP/1.1 404 Not Found
Content-Type: application/json; charset=utf-8
cache-control: no-cache
content-length: 821

10:02:55.075 [AsyncHttpClient-1-7] DEBUG org.asynchttpclient.netty.channel.ChannelManager - Adding key: http://localhost:48491 for channel [id: 0x23a80c16, L:/127.0.0.1:50050 - R:localhost/127.0.0.1:48491]
10:02:55.091 [Forwarding switchToWindow on session 1064e74042d675ed584286f8150eecfd to remote] DEBUG org.asynchttpclient.netty.request.NettyRequestSender - Using pooled Channel '[id: 0x23a80c16, L:/127.0.0.1:50050 - R:localhost/127.0.0.1:48491]' for 'POST' to 'http://localhost:48491/session/1064e74042d675ed584286f8150eecfd/window'
10:02:55.091 [Forwarding switchToWindow on session 1064e74042d675ed584286f8150eecfd to remote] DEBUG org.asynchttpclient.netty.request.NettyRequestSender - Using open Channel [id: 0x23a80c16, L:/127.0.0.1:50050 - R:localhost/127.0.0.1:48491] for POST '/session/1064e74042d675ed584286f8150eecfd/window'
10:02:55.103 [AsyncHttpClient-1-7] DEBUG org.asynchttpclient.netty.handler.HttpHandler - 

Request DefaultHttpRequest(decodeResult: success, version: HTTP/1.1)
POST /session/1064e74042d675ed584286f8150eecfd/window HTTP/1.1
User-Agent: selenium/4.7.1 (java windows)
Content-Length: 50
Content-Type: application/json; charset=utf-8
host: localhost:48491
accept: */*

Response DefaultHttpResponse(decodeResult: success, version: HTTP/1.1)
HTTP/1.1 200 OK
Content-Type: application/json; charset=utf-8
cache-control: no-cache
content-length: 14

10:02:55.104 [AsyncHttpClient-1-7] DEBUG org.asynchttpclient.netty.channel.ChannelManager - Adding key: http://localhost:48491 for channel [id: 0x23a80c16, L:/127.0.0.1:50050 - R:localhost/127.0.0.1:48491]
10:02:55.107 [Forwarding getCurrentUrl on session 1064e74042d675ed584286f8150eecfd to remote] DEBUG org.asynchttpclient.netty.request.NettyRequestSender - Using pooled Channel '[id: 0x23a80c16, L:/127.0.0.1:50050 - R:localhost/127.0.0.1:48491]' for 'GET' to 'http://localhost:48491/session/1064e74042d675ed584286f8150eecfd/url'
10:02:55.108 [Forwarding getCurrentUrl on session 1064e74042d675ed584286f8150eecfd to remote] DEBUG org.asynchttpclient.netty.request.NettyRequestSender - Using open Channel [id: 0x23a80c16, L:/127.0.0.1:50050 - R:localhost/127.0.0.1:48491] for GET '/session/1064e74042d675ed584286f8150eecfd/url'
10:02:55.140 [AsyncHttpClient-1-7] DEBUG org.asynchttpclient.netty.handler.HttpHandler - 

Request DefaultFullHttpRequest(decodeResult: success, version: HTTP/1.1, content: EmptyByteBufBE)
GET /session/1064e74042d675ed584286f8150eecfd/url HTTP/1.1
User-Agent: selenium/4.7.1 (java windows)
Cache-Control: no-cache
Content-Type: application/json; charset=utf-8
host: localhost:48491
accept: */*

Response DefaultHttpResponse(decodeResult: success, version: HTTP/1.1)
HTTP/1.1 200 OK
Content-Type: application/json; charset=utf-8
cache-control: no-cache
content-length: 54

10:02:55.140 [AsyncHttpClient-1-7] DEBUG org.asynchttpclient.netty.channel.ChannelManager - Adding key: http://localhost:48491 for channel [id: 0x23a80c16, L:/127.0.0.1:50050 - R:localhost/127.0.0.1:48491]
10:02:55.156 [Forwarding screenshot on session 1064e74042d675ed584286f8150eecfd to remote] DEBUG org.asynchttpclient.netty.request.NettyRequestSender - Using pooled Channel '[id: 0x23a80c16, L:/127.0.0.1:50050 - R:localhost/127.0.0.1:48491]' for 'GET' to 'http://localhost:48491/session/1064e74042d675ed584286f8150eecfd/screenshot'
10:02:55.156 [Forwarding screenshot on session 1064e74042d675ed584286f8150eecfd to remote] DEBUG org.asynchttpclient.netty.request.NettyRequestSender - Using open Channel [id: 0x23a80c16, L:/127.0.0.1:50050 - R:localhost/127.0.0.1:48491] for GET '/session/1064e74042d675ed584286f8150eecfd/screenshot'
10:02:55.329 [AsyncHttpClient-1-7] DEBUG org.asynchttpclient.netty.handler.HttpHandler - 

Request DefaultFullHttpRequest(decodeResult: success, version: HTTP/1.1, content: EmptyByteBufBE)
GET /session/1064e74042d675ed584286f8150eecfd/screenshot HTTP/1.1
User-Agent: selenium/4.7.1 (java windows)
Cache-Control: no-cache
Content-Type: application/json; charset=utf-8
host: localhost:48491
accept: */*

Response DefaultHttpResponse(decodeResult: success, version: HTTP/1.1)
HTTP/1.1 200 OK
Content-Type: application/json; charset=utf-8
cache-control: no-cache
content-length: 32900

10:02:55.330 [AsyncHttpClient-1-7] DEBUG org.asynchttpclient.netty.channel.ChannelManager - Adding key: http://localhost:48491 for channel [id: 0x23a80c16, L:/127.0.0.1:50050 - R:localhost/127.0.0.1:48491]
10:02:55.333 [main] DEBUG net.serenitybdd.core.photography.Darkroom - Send negative for processing for target\site\serenity\68cac614c1befaf7f524a1cbe4cdda1c9334f2438ee32ec358aaf7e4ff7ed28a.png
10:02:55.333 [main] DEBUG net.thucydides.core.steps.StepInterceptor - STEP DONE: inputEmail
  &amp#27;[32mAnd &amp#27;[0m&amp#27;[32muser input email untuk register&amp#27;[0m                              &amp#27;[90m# starter.stepdefinitions.RegisterSteps.userInputEmailUntukRegister()&amp#27;[0m
10:02:55.333 [Darkroom Processing Line] DEBUG net.serenitybdd.core.photography.DarkroomProcessingLine - Processing screenshot image in /var/screenshots/screenshot-13319649158406070990
10:02:55.333 [Darkroom Processing Line] DEBUG net.serenitybdd.core.photography.DarkroomProcessingLine - Saving screenshot to target\site\serenity\68cac614c1befaf7f524a1cbe4cdda1c9334f2438ee32ec358aaf7e4ff7ed28a.png
10:02:55.351 [main] DEBUG net.thucydides.core.steps.StepInterceptor - STARTING STEP: RegisterSteps.userInputPasswordUntukRegister - inputPassword
10:02:55.354 [Forwarding findElement on session 1064e74042d675ed584286f8150eecfd to remote] DEBUG org.asynchttpclient.netty.request.NettyRequestSender - Using pooled Channel '[id: 0x23a80c16, L:/127.0.0.1:50050 - R:localhost/127.0.0.1:48491]' for 'POST' to 'http://localhost:48491/session/1064e74042d675ed584286f8150eecfd/element'
10:02:55.354 [Forwarding findElement on session 1064e74042d675ed584286f8150eecfd to remote] DEBUG org.asynchttpclient.netty.request.NettyRequestSender - Using open Channel [id: 0x23a80c16, L:/127.0.0.1:50050 - R:localhost/127.0.0.1:48491] for POST '/session/1064e74042d675ed584286f8150eecfd/element'
10:02:55.369 [AsyncHttpClient-1-7] DEBUG org.asynchttpclient.netty.handler.HttpHandler - 

Request DefaultHttpRequest(decodeResult: success, version: HTTP/1.1)
POST /session/1064e74042d675ed584286f8150eecfd/element HTTP/1.1
User-Agent: selenium/4.7.1 (java windows)
Content-Length: 187
Content-Type: application/json; charset=utf-8
host: localhost:48491
accept: */*

Response DefaultHttpResponse(decodeResult: success, version: HTTP/1.1)
HTTP/1.1 200 OK
Content-Type: application/json; charset=utf-8
cache-control: no-cache
content-length: 88

10:02:55.369 [AsyncHttpClient-1-7] DEBUG org.asynchttpclient.netty.channel.ChannelManager - Adding key: http://localhost:48491 for channel [id: 0x23a80c16, L:/127.0.0.1:50050 - R:localhost/127.0.0.1:48491]
10:02:55.370 [Forwarding clearElement on session 1064e74042d675ed584286f8150eecfd to remote] DEBUG org.asynchttpclient.netty.request.NettyRequestSender - Using pooled Channel '[id: 0x23a80c16, L:/127.0.0.1:50050 - R:localhost/127.0.0.1:48491]' for 'POST' to 'http://localhost:48491/session/1064e74042d675ed584286f8150eecfd/element/98895fec-ba23-4e44-9be8-003b59f65aef/clear'
10:02:55.370 [Forwarding clearElement on session 1064e74042d675ed584286f8150eecfd to remote] DEBUG org.asynchttpclient.netty.request.NettyRequestSender - Using open Channel [id: 0x23a80c16, L:/127.0.0.1:50050 - R:localhost/127.0.0.1:48491] for POST '/session/1064e74042d675ed584286f8150eecfd/element/98895fec-ba23-4e44-9be8-003b59f65aef/clear'
10:02:55.421 [AsyncHttpClient-1-7] DEBUG org.asynchttpclient.netty.handler.HttpHandler - 

Request DefaultHttpRequest(decodeResult: success, version: HTTP/1.1)
POST /session/1064e74042d675ed584286f8150eecfd/element/98895fec-ba23-4e44-9be8-003b59f65aef/clear HTTP/1.1
User-Agent: selenium/4.7.1 (java windows)
Content-Length: 50
Content-Type: application/json; charset=utf-8
host: localhost:48491
accept: */*

Response DefaultHttpResponse(decodeResult: success, version: HTTP/1.1)
HTTP/1.1 200 OK
Content-Type: application/json; charset=utf-8
cache-control: no-cache
content-length: 14

10:02:55.421 [AsyncHttpClient-1-7] DEBUG org.asynchttpclient.netty.channel.ChannelManager - Adding key: http://localhost:48491 for channel [id: 0x23a80c16, L:/127.0.0.1:50050 - R:localhost/127.0.0.1:48491]
10:02:55.423 [Forwarding sendKeysToElement on session 1064e74042d675ed584286f8150eecfd to remote] DEBUG org.asynchttpclient.netty.request.NettyRequestSender - Using pooled Channel '[id: 0x23a80c16, L:/127.0.0.1:50050 - R:localhost/127.0.0.1:48491]' for 'POST' to 'http://localhost:48491/session/1064e74042d675ed584286f8150eecfd/element/98895fec-ba23-4e44-9be8-003b59f65aef/value'
10:02:55.423 [Forwarding sendKeysToElement on session 1064e74042d675ed584286f8150eecfd to remote] DEBUG org.asynchttpclient.netty.request.NettyRequestSender - Using open Channel [id: 0x23a80c16, L:/127.0.0.1:50050 - R:localhost/127.0.0.1:48491] for POST '/session/1064e74042d675ed584286f8150eecfd/element/98895fec-ba23-4e44-9be8-003b59f65aef/value'
10:02:55.514 [AsyncHttpClient-1-7] DEBUG org.asynchttpclient.netty.handler.HttpHandler - 

Request DefaultHttpRequest(decodeResult: success, version: HTTP/1.1)
POST /session/1064e74042d675ed584286f8150eecfd/element/98895fec-ba23-4e44-9be8-003b59f65aef/value HTTP/1.1
User-Agent: selenium/4.7.1 (java windows)
Content-Length: 111
Content-Type: application/json; charset=utf-8
host: localhost:48491
accept: */*

Response DefaultHttpResponse(decodeResult: success, version: HTTP/1.1)
HTTP/1.1 200 OK
Content-Type: application/json; charset=utf-8
cache-control: no-cache
content-length: 14

10:02:55.514 [AsyncHttpClient-1-7] DEBUG org.asynchttpclient.netty.channel.ChannelManager - Adding key: http://localhost:48491 for channel [id: 0x23a80c16, L:/127.0.0.1:50050 - R:localhost/127.0.0.1:48491]
10:02:55.529 [Forwarding getCurrentWindowHandle on session 1064e74042d675ed584286f8150eecfd to remote] DEBUG org.asynchttpclient.netty.request.NettyRequestSender - Using pooled Channel '[id: 0x23a80c16, L:/127.0.0.1:50050 - R:localhost/127.0.0.1:48491]' for 'GET' to 'http://localhost:48491/session/1064e74042d675ed584286f8150eecfd/window'
10:02:55.529 [Forwarding getCurrentWindowHandle on session 1064e74042d675ed584286f8150eecfd to remote] DEBUG org.asynchttpclient.netty.request.NettyRequestSender - Using open Channel [id: 0x23a80c16, L:/127.0.0.1:50050 - R:localhost/127.0.0.1:48491] for GET '/session/1064e74042d675ed584286f8150eecfd/window'
10:02:55.530 [AsyncHttpClient-1-7] DEBUG org.asynchttpclient.netty.handler.HttpHandler - 

Request DefaultFullHttpRequest(decodeResult: success, version: HTTP/1.1, content: EmptyByteBufBE)
GET /session/1064e74042d675ed584286f8150eecfd/window HTTP/1.1
User-Agent: selenium/4.7.1 (java windows)
Cache-Control: no-cache
Content-Type: application/json; charset=utf-8
host: localhost:48491
accept: */*

Response DefaultHttpResponse(decodeResult: success, version: HTTP/1.1)
HTTP/1.1 200 OK
Content-Type: application/json; charset=utf-8
cache-control: no-cache
content-length: 44

10:02:55.530 [AsyncHttpClient-1-7] DEBUG org.asynchttpclient.netty.channel.ChannelManager - Adding key: http://localhost:48491 for channel [id: 0x23a80c16, L:/127.0.0.1:50050 - R:localhost/127.0.0.1:48491]
10:02:55.533 [Forwarding getAlertText on session 1064e74042d675ed584286f8150eecfd to remote] DEBUG org.asynchttpclient.netty.request.NettyRequestSender - Using pooled Channel '[id: 0x23a80c16, L:/127.0.0.1:50050 - R:localhost/127.0.0.1:48491]' for 'GET' to 'http://localhost:48491/session/1064e74042d675ed584286f8150eecfd/alert/text'
10:02:55.533 [Forwarding getAlertText on session 1064e74042d675ed584286f8150eecfd to remote] DEBUG org.asynchttpclient.netty.request.NettyRequestSender - Using open Channel [id: 0x23a80c16, L:/127.0.0.1:50050 - R:localhost/127.0.0.1:48491] for GET '/session/1064e74042d675ed584286f8150eecfd/alert/text'
10:02:55.543 [AsyncHttpClient-1-7] DEBUG org.asynchttpclient.netty.handler.HttpHandler - 

Request DefaultFullHttpRequest(decodeResult: success, version: HTTP/1.1, content: EmptyByteBufBE)
GET /session/1064e74042d675ed584286f8150eecfd/alert/text HTTP/1.1
User-Agent: selenium/4.7.1 (java windows)
Cache-Control: no-cache
Content-Type: application/json; charset=utf-8
host: localhost:48491
accept: */*

Response DefaultHttpResponse(decodeResult: success, version: HTTP/1.1)
HTTP/1.1 404 Not Found
Content-Type: application/json; charset=utf-8
cache-control: no-cache
content-length: 821

10:02:55.544 [AsyncHttpClient-1-7] DEBUG org.asynchttpclient.netty.channel.ChannelManager - Adding key: http://localhost:48491 for channel [id: 0x23a80c16, L:/127.0.0.1:50050 - R:localhost/127.0.0.1:48491]
10:02:55.547 [Forwarding switchToWindow on session 1064e74042d675ed584286f8150eecfd to remote] DEBUG org.asynchttpclient.netty.request.NettyRequestSender - Using pooled Channel '[id: 0x23a80c16, L:/127.0.0.1:50050 - R:localhost/127.0.0.1:48491]' for 'POST' to 'http://localhost:48491/session/1064e74042d675ed584286f8150eecfd/window'
10:02:55.547 [Forwarding switchToWindow on session 1064e74042d675ed584286f8150eecfd to remote] DEBUG org.asynchttpclient.netty.request.NettyRequestSender - Using open Channel [id: 0x23a80c16, L:/127.0.0.1:50050 - R:localhost/127.0.0.1:48491] for POST '/session/1064e74042d675ed584286f8150eecfd/window'
10:02:55.554 [AsyncHttpClient-1-7] DEBUG org.asynchttpclient.netty.handler.HttpHandler - 

Request DefaultHttpRequest(decodeResult: success, version: HTTP/1.1)
POST /session/1064e74042d675ed584286f8150eecfd/window HTTP/1.1
User-Agent: selenium/4.7.1 (java windows)
Content-Length: 50
Content-Type: application/json; charset=utf-8
host: localhost:48491
accept: */*

Response DefaultHttpResponse(decodeResult: success, version: HTTP/1.1)
HTTP/1.1 200 OK
Content-Type: application/json; charset=utf-8
cache-control: no-cache
content-length: 14

10:02:55.554 [AsyncHttpClient-1-7] DEBUG org.asynchttpclient.netty.channel.ChannelManager - Adding key: http://localhost:48491 for channel [id: 0x23a80c16, L:/127.0.0.1:50050 - R:localhost/127.0.0.1:48491]
10:02:55.555 [Forwarding getCurrentUrl on session 1064e74042d675ed584286f8150eecfd to remote] DEBUG org.asynchttpclient.netty.request.NettyRequestSender - Using pooled Channel '[id: 0x23a80c16, L:/127.0.0.1:50050 - R:localhost/127.0.0.1:48491]' for 'GET' to 'http://localhost:48491/session/1064e74042d675ed584286f8150eecfd/url'
10:02:55.556 [Forwarding getCurrentUrl on session 1064e74042d675ed584286f8150eecfd to remote] DEBUG org.asynchttpclient.netty.request.NettyRequestSender - Using open Channel [id: 0x23a80c16, L:/127.0.0.1:50050 - R:localhost/127.0.0.1:48491] for GET '/session/1064e74042d675ed584286f8150eecfd/url'
10:02:55.561 [AsyncHttpClient-1-7] DEBUG org.asynchttpclient.netty.handler.HttpHandler - 

Request DefaultFullHttpRequest(decodeResult: success, version: HTTP/1.1, content: EmptyByteBufBE)
GET /session/1064e74042d675ed584286f8150eecfd/url HTTP/1.1
User-Agent: selenium/4.7.1 (java windows)
Cache-Control: no-cache
Content-Type: application/json; charset=utf-8
host: localhost:48491
accept: */*

Response DefaultHttpResponse(decodeResult: success, version: HTTP/1.1)
HTTP/1.1 200 OK
Content-Type: application/json; charset=utf-8
cache-control: no-cache
content-length: 54

10:02:55.562 [AsyncHttpClient-1-7] DEBUG org.asynchttpclient.netty.channel.ChannelManager - Adding key: http://localhost:48491 for channel [id: 0x23a80c16, L:/127.0.0.1:50050 - R:localhost/127.0.0.1:48491]
10:02:55.563 [Forwarding screenshot on session 1064e74042d675ed584286f8150eecfd to remote] DEBUG org.asynchttpclient.netty.request.NettyRequestSender - Using pooled Channel '[id: 0x23a80c16, L:/127.0.0.1:50050 - R:localhost/127.0.0.1:48491]' for 'GET' to 'http://localhost:48491/session/1064e74042d675ed584286f8150eecfd/screenshot'
10:02:55.563 [Forwarding screenshot on session 1064e74042d675ed584286f8150eecfd to remote] DEBUG org.asynchttpclient.netty.request.NettyRequestSender - Using open Channel [id: 0x23a80c16, L:/127.0.0.1:50050 - R:localhost/127.0.0.1:48491] for GET '/session/1064e74042d675ed584286f8150eecfd/screenshot'
10:02:55.709 [AsyncHttpClient-1-7] DEBUG org.asynchttpclient.netty.handler.HttpHandler - 

Request DefaultFullHttpRequest(decodeResult: success, version: HTTP/1.1, content: EmptyByteBufBE)
GET /session/1064e74042d675ed584286f8150eecfd/screenshot HTTP/1.1
User-Agent: selenium/4.7.1 (java windows)
Cache-Control: no-cache
Content-Type: application/json; charset=utf-8
host: localhost:48491
accept: */*

Response DefaultHttpResponse(decodeResult: success, version: HTTP/1.1)
HTTP/1.1 200 OK
Content-Type: application/json; charset=utf-8
cache-control: no-cache
content-length: 33160

10:02:55.710 [AsyncHttpClient-1-7] DEBUG org.asynchttpclient.netty.channel.ChannelManager - Adding key: http://localhost:48491 for channel [id: 0x23a80c16, L:/127.0.0.1:50050 - R:localhost/127.0.0.1:48491]
10:02:55.713 [main] DEBUG net.serenitybdd.core.photography.Darkroom - Send negative for processing for target\site\serenity\57e737fa2316a5ec5fee1ad40b490d71a8dc0660f82f37fa4b9df448165aadd9.png
10:02:55.713 [main] DEBUG net.thucydides.core.steps.StepInterceptor - STEP DONE: inputPassword
  &amp#27;[32mAnd &amp#27;[0m&amp#27;[32muser input password untuk register&amp#27;[0m                           &amp#27;[90m# starter.stepdefinitions.RegisterSteps.userInputPasswordUntukRegister()&amp#27;[0m
10:02:55.726 [Darkroom Processing Line] DEBUG net.serenitybdd.core.photography.DarkroomProcessingLine - Processing screenshot image in /var/screenshots/screenshot-8283629770911426783
10:02:55.726 [Darkroom Processing Line] DEBUG net.serenitybdd.core.photography.DarkroomProcessingLine - Saving screenshot to target\site\serenity\57e737fa2316a5ec5fee1ad40b490d71a8dc0660f82f37fa4b9df448165aadd9.png
10:02:55.739 [main] DEBUG net.thucydides.core.steps.StepInterceptor - STARTING STEP: RegisterSteps.userKlikRegisterYangKedua - klikButtonRegister
10:02:55.746 [Forwarding findElement on session 1064e74042d675ed584286f8150eecfd to remote] DEBUG org.asynchttpclient.netty.request.NettyRequestSender - Using pooled Channel '[id: 0x23a80c16, L:/127.0.0.1:50050 - R:localhost/127.0.0.1:48491]' for 'POST' to 'http://localhost:48491/session/1064e74042d675ed584286f8150eecfd/element'
10:02:55.746 [Forwarding findElement on session 1064e74042d675ed584286f8150eecfd to remote] DEBUG org.asynchttpclient.netty.request.NettyRequestSender - Using open Channel [id: 0x23a80c16, L:/127.0.0.1:50050 - R:localhost/127.0.0.1:48491] for POST '/session/1064e74042d675ed584286f8150eecfd/element'
10:02:55.780 [AsyncHttpClient-1-7] DEBUG org.asynchttpclient.netty.handler.HttpHandler - 

Request DefaultHttpRequest(decodeResult: success, version: HTTP/1.1)
POST /session/1064e74042d675ed584286f8150eecfd/element HTTP/1.1
User-Agent: selenium/4.7.1 (java windows)
Content-Length: 141
Content-Type: application/json; charset=utf-8
host: localhost:48491
accept: */*

Response DefaultHttpResponse(decodeResult: success, version: HTTP/1.1)
HTTP/1.1 200 OK
Content-Type: application/json; charset=utf-8
cache-control: no-cache
content-length: 88

10:02:55.780 [AsyncHttpClient-1-7] DEBUG org.asynchttpclient.netty.channel.ChannelManager - Adding key: http://localhost:48491 for channel [id: 0x23a80c16, L:/127.0.0.1:50050 - R:localhost/127.0.0.1:48491]
10:02:55.784 [Forwarding getElementTagName on session 1064e74042d675ed584286f8150eecfd to remote] DEBUG org.asynchttpclient.netty.request.NettyRequestSender - Using pooled Channel '[id: 0x23a80c16, L:/127.0.0.1:50050 - R:localhost/127.0.0.1:48491]' for 'GET' to 'http://localhost:48491/session/1064e74042d675ed584286f8150eecfd/element/a5846929-b783-40b3-9e0f-3bd53c850ed7/name'
10:02:55.784 [Forwarding getElementTagName on session 1064e74042d675ed584286f8150eecfd to remote] DEBUG org.asynchttpclient.netty.request.NettyRequestSender - Using open Channel [id: 0x23a80c16, L:/127.0.0.1:50050 - R:localhost/127.0.0.1:48491] for GET '/session/1064e74042d675ed584286f8150eecfd/element/a5846929-b783-40b3-9e0f-3bd53c850ed7/name'
10:02:55.794 [AsyncHttpClient-1-7] DEBUG org.asynchttpclient.netty.handler.HttpHandler - 

Request DefaultFullHttpRequest(decodeResult: success, version: HTTP/1.1, content: EmptyByteBufBE)
GET /session/1064e74042d675ed584286f8150eecfd/element/a5846929-b783-40b3-9e0f-3bd53c850ed7/name HTTP/1.1
User-Agent: selenium/4.7.1 (java windows)
Cache-Control: no-cache
Content-Type: application/json; charset=utf-8
host: localhost:48491
accept: */*

Response DefaultHttpResponse(decodeResult: success, version: HTTP/1.1)
HTTP/1.1 200 OK
Content-Type: application/json; charset=utf-8
cache-control: no-cache
content-length: 18

10:02:55.794 [AsyncHttpClient-1-7] DEBUG org.asynchttpclient.netty.channel.ChannelManager - Adding key: http://localhost:48491 for channel [id: 0x23a80c16, L:/127.0.0.1:50050 - R:localhost/127.0.0.1:48491]
10:02:55.796 [Forwarding getElementTagName on session 1064e74042d675ed584286f8150eecfd to remote] DEBUG org.asynchttpclient.netty.request.NettyRequestSender - Using pooled Channel '[id: 0x23a80c16, L:/127.0.0.1:50050 - R:localhost/127.0.0.1:48491]' for 'GET' to 'http://localhost:48491/session/1064e74042d675ed584286f8150eecfd/element/a5846929-b783-40b3-9e0f-3bd53c850ed7/name'
10:02:55.796 [Forwarding getElementTagName on session 1064e74042d675ed584286f8150eecfd to remote] DEBUG org.asynchttpclient.netty.request.NettyRequestSender - Using open Channel [id: 0x23a80c16, L:/127.0.0.1:50050 - R:localhost/127.0.0.1:48491] for GET '/session/1064e74042d675ed584286f8150eecfd/element/a5846929-b783-40b3-9e0f-3bd53c850ed7/name'
10:02:55.805 [AsyncHttpClient-1-7] DEBUG org.asynchttpclient.netty.handler.HttpHandler - 

Request DefaultFullHttpRequest(decodeResult: success, version: HTTP/1.1, content: EmptyByteBufBE)
GET /session/1064e74042d675ed584286f8150eecfd/element/a5846929-b783-40b3-9e0f-3bd53c850ed7/name HTTP/1.1
User-Agent: selenium/4.7.1 (java windows)
Cache-Control: no-cache
Content-Type: application/json; charset=utf-8
host: localhost:48491
accept: */*

Response DefaultHttpResponse(decodeResult: success, version: HTTP/1.1)
HTTP/1.1 200 OK
Content-Type: application/json; charset=utf-8
cache-control: no-cache
content-length: 18

10:02:55.805 [AsyncHttpClient-1-7] DEBUG org.asynchttpclient.netty.channel.ChannelManager - Adding key: http://localhost:48491 for channel [id: 0x23a80c16, L:/127.0.0.1:50050 - R:localhost/127.0.0.1:48491]
10:02:55.810 [Forwarding isElementEnabled on session 1064e74042d675ed584286f8150eecfd to remote] DEBUG org.asynchttpclient.netty.request.NettyRequestSender - Using pooled Channel '[id: 0x23a80c16, L:/127.0.0.1:50050 - R:localhost/127.0.0.1:48491]' for 'GET' to 'http://localhost:48491/session/1064e74042d675ed584286f8150eecfd/element/a5846929-b783-40b3-9e0f-3bd53c850ed7/enabled'
10:02:55.810 [Forwarding isElementEnabled on session 1064e74042d675ed584286f8150eecfd to remote] DEBUG org.asynchttpclient.netty.request.NettyRequestSender - Using open Channel [id: 0x23a80c16, L:/127.0.0.1:50050 - R:localhost/127.0.0.1:48491] for GET '/session/1064e74042d675ed584286f8150eecfd/element/a5846929-b783-40b3-9e0f-3bd53c850ed7/enabled'
10:02:55.826 [AsyncHttpClient-1-7] DEBUG org.asynchttpclient.netty.handler.HttpHandler - 

Request DefaultFullHttpRequest(decodeResult: success, version: HTTP/1.1, content: EmptyByteBufBE)
GET /session/1064e74042d675ed584286f8150eecfd/element/a5846929-b783-40b3-9e0f-3bd53c850ed7/enabled HTTP/1.1
User-Agent: selenium/4.7.1 (java windows)
Cache-Control: no-cache
Content-Type: application/json; charset=utf-8
host: localhost:48491
accept: */*

Response DefaultHttpResponse(decodeResult: success, version: HTTP/1.1)
HTTP/1.1 200 OK
Content-Type: application/json; charset=utf-8
cache-control: no-cache
content-length: 14

10:02:55.826 [AsyncHttpClient-1-7] DEBUG org.asynchttpclient.netty.channel.ChannelManager - Adding key: http://localhost:48491 for channel [id: 0x23a80c16, L:/127.0.0.1:50050 - R:localhost/127.0.0.1:48491]
10:02:55.828 [Forwarding isElementEnabled on session 1064e74042d675ed584286f8150eecfd to remote] DEBUG org.asynchttpclient.netty.request.NettyRequestSender - Using pooled Channel '[id: 0x23a80c16, L:/127.0.0.1:50050 - R:localhost/127.0.0.1:48491]' for 'GET' to 'http://localhost:48491/session/1064e74042d675ed584286f8150eecfd/element/a5846929-b783-40b3-9e0f-3bd53c850ed7/enabled'
10:02:55.828 [Forwarding isElementEnabled on session 1064e74042d675ed584286f8150eecfd to remote] DEBUG org.asynchttpclient.netty.request.NettyRequestSender - Using open Channel [id: 0x23a80c16, L:/127.0.0.1:50050 - R:localhost/127.0.0.1:48491] for GET '/session/1064e74042d675ed584286f8150eecfd/element/a5846929-b783-40b3-9e0f-3bd53c850ed7/enabled'
10:02:55.836 [AsyncHttpClient-1-7] DEBUG org.asynchttpclient.netty.handler.HttpHandler - 

Request DefaultFullHttpRequest(decodeResult: success, version: HTTP/1.1, content: EmptyByteBufBE)
GET /session/1064e74042d675ed584286f8150eecfd/element/a5846929-b783-40b3-9e0f-3bd53c850ed7/enabled HTTP/1.1
User-Agent: selenium/4.7.1 (java windows)
Cache-Control: no-cache
Content-Type: application/json; charset=utf-8
host: localhost:48491
accept: */*

Response DefaultHttpResponse(decodeResult: success, version: HTTP/1.1)
HTTP/1.1 200 OK
Content-Type: application/json; charset=utf-8
cache-control: no-cache
content-length: 14

10:02:55.836 [AsyncHttpClient-1-7] DEBUG org.asynchttpclient.netty.channel.ChannelManager - Adding key: http://localhost:48491 for channel [id: 0x23a80c16, L:/127.0.0.1:50050 - R:localhost/127.0.0.1:48491]
10:02:55.838 [Forwarding findElement on session 1064e74042d675ed584286f8150eecfd to remote] DEBUG org.asynchttpclient.netty.request.NettyRequestSender - Using pooled Channel '[id: 0x23a80c16, L:/127.0.0.1:50050 - R:localhost/127.0.0.1:48491]' for 'POST' to 'http://localhost:48491/session/1064e74042d675ed584286f8150eecfd/element'
10:02:55.838 [Forwarding findElement on session 1064e74042d675ed584286f8150eecfd to remote] DEBUG org.asynchttpclient.netty.request.NettyRequestSender - Using open Channel [id: 0x23a80c16, L:/127.0.0.1:50050 - R:localhost/127.0.0.1:48491] for POST '/session/1064e74042d675ed584286f8150eecfd/element'
10:02:55.847 [AsyncHttpClient-1-7] DEBUG org.asynchttpclient.netty.handler.HttpHandler - 

Request DefaultHttpRequest(decodeResult: success, version: HTTP/1.1)
POST /session/1064e74042d675ed584286f8150eecfd/element HTTP/1.1
User-Agent: selenium/4.7.1 (java windows)
Content-Length: 141
Content-Type: application/json; charset=utf-8
host: localhost:48491
accept: */*

Response DefaultHttpResponse(decodeResult: success, version: HTTP/1.1)
HTTP/1.1 200 OK
Content-Type: application/json; charset=utf-8
cache-control: no-cache
content-length: 88

10:02:55.848 [AsyncHttpClient-1-7] DEBUG org.asynchttpclient.netty.channel.ChannelManager - Adding key: http://localhost:48491 for channel [id: 0x23a80c16, L:/127.0.0.1:50050 - R:localhost/127.0.0.1:48491]
10:02:55.850 [Forwarding clickElement on session 1064e74042d675ed584286f8150eecfd to remote] DEBUG org.asynchttpclient.netty.request.NettyRequestSender - Using pooled Channel '[id: 0x23a80c16, L:/127.0.0.1:50050 - R:localhost/127.0.0.1:48491]' for 'POST' to 'http://localhost:48491/session/1064e74042d675ed584286f8150eecfd/element/a5846929-b783-40b3-9e0f-3bd53c850ed7/click'
10:02:55.850 [Forwarding clickElement on session 1064e74042d675ed584286f8150eecfd to remote] DEBUG org.asynchttpclient.netty.request.NettyRequestSender - Using open Channel [id: 0x23a80c16, L:/127.0.0.1:50050 - R:localhost/127.0.0.1:48491] for POST '/session/1064e74042d675ed584286f8150eecfd/element/a5846929-b783-40b3-9e0f-3bd53c850ed7/click'
10:02:55.865 [AsyncHttpClient-1-1] DEBUG org.asynchttpclient.netty.channel.DefaultChannelPool - Entry count for : http://localhost:50051 : 1
10:02:55.938 [AsyncHttpClient-1-7] DEBUG org.asynchttpclient.netty.handler.HttpHandler - 

Request DefaultHttpRequest(decodeResult: success, version: HTTP/1.1)
POST /session/1064e74042d675ed584286f8150eecfd/element/a5846929-b783-40b3-9e0f-3bd53c850ed7/click HTTP/1.1
User-Agent: selenium/4.7.1 (java windows)
Content-Length: 50
Content-Type: application/json; charset=utf-8
host: localhost:48491
accept: */*

Response DefaultHttpResponse(decodeResult: success, version: HTTP/1.1)
HTTP/1.1 200 OK
Content-Type: application/json; charset=utf-8
cache-control: no-cache
content-length: 14

10:02:55.938 [AsyncHttpClient-1-7] DEBUG org.asynchttpclient.netty.channel.ChannelManager - Adding key: http://localhost:48491 for channel [id: 0x23a80c16, L:/127.0.0.1:50050 - R:localhost/127.0.0.1:48491]
10:02:55.946 [Forwarding getCurrentWindowHandle on session 1064e74042d675ed584286f8150eecfd to remote] DEBUG org.asynchttpclient.netty.request.NettyRequestSender - Using pooled Channel '[id: 0x23a80c16, L:/127.0.0.1:50050 - R:localhost/127.0.0.1:48491]' for 'GET' to 'http://localhost:48491/session/1064e74042d675ed584286f8150eecfd/window'
10:02:55.946 [Forwarding getCurrentWindowHandle on session 1064e74042d675ed584286f8150eecfd to remote] DEBUG org.asynchttpclient.netty.request.NettyRequestSender - Using open Channel [id: 0x23a80c16, L:/127.0.0.1:50050 - R:localhost/127.0.0.1:48491] for GET '/session/1064e74042d675ed584286f8150eecfd/window'
10:02:55.947 [AsyncHttpClient-1-7] DEBUG org.asynchttpclient.netty.handler.HttpHandler - 

Request DefaultFullHttpRequest(decodeResult: success, version: HTTP/1.1, content: EmptyByteBufBE)
GET /session/1064e74042d675ed584286f8150eecfd/window HTTP/1.1
User-Agent: selenium/4.7.1 (java windows)
Cache-Control: no-cache
Content-Type: application/json; charset=utf-8
host: localhost:48491
accept: */*

Response DefaultHttpResponse(decodeResult: success, version: HTTP/1.1)
HTTP/1.1 200 OK
Content-Type: application/json; charset=utf-8
cache-control: no-cache
content-length: 44

10:02:55.947 [AsyncHttpClient-1-7] DEBUG org.asynchttpclient.netty.channel.ChannelManager - Adding key: http://localhost:48491 for channel [id: 0x23a80c16, L:/127.0.0.1:50050 - R:localhost/127.0.0.1:48491]
10:02:55.949 [Forwarding getAlertText on session 1064e74042d675ed584286f8150eecfd to remote] DEBUG org.asynchttpclient.netty.request.NettyRequestSender - Using pooled Channel '[id: 0x23a80c16, L:/127.0.0.1:50050 - R:localhost/127.0.0.1:48491]' for 'GET' to 'http://localhost:48491/session/1064e74042d675ed584286f8150eecfd/alert/text'
10:02:55.949 [Forwarding getAlertText on session 1064e74042d675ed584286f8150eecfd to remote] DEBUG org.asynchttpclient.netty.request.NettyRequestSender - Using open Channel [id: 0x23a80c16, L:/127.0.0.1:50050 - R:localhost/127.0.0.1:48491] for GET '/session/1064e74042d675ed584286f8150eecfd/alert/text'
10:02:55.953 [AsyncHttpClient-1-7] DEBUG org.asynchttpclient.netty.handler.HttpHandler - 

Request DefaultFullHttpRequest(decodeResult: success, version: HTTP/1.1, content: EmptyByteBufBE)
GET /session/1064e74042d675ed584286f8150eecfd/alert/text HTTP/1.1
User-Agent: selenium/4.7.1 (java windows)
Cache-Control: no-cache
Content-Type: application/json; charset=utf-8
host: localhost:48491
accept: */*

Response DefaultHttpResponse(decodeResult: success, version: HTTP/1.1)
HTTP/1.1 404 Not Found
Content-Type: application/json; charset=utf-8
cache-control: no-cache
content-length: 821

10:02:55.953 [AsyncHttpClient-1-7] DEBUG org.asynchttpclient.netty.channel.ChannelManager - Adding key: http://localhost:48491 for channel [id: 0x23a80c16, L:/127.0.0.1:50050 - R:localhost/127.0.0.1:48491]
10:02:55.956 [Forwarding switchToWindow on session 1064e74042d675ed584286f8150eecfd to remote] DEBUG org.asynchttpclient.netty.request.NettyRequestSender - Using pooled Channel '[id: 0x23a80c16, L:/127.0.0.1:50050 - R:localhost/127.0.0.1:48491]' for 'POST' to 'http://localhost:48491/session/1064e74042d675ed584286f8150eecfd/window'
10:02:55.956 [Forwarding switchToWindow on session 1064e74042d675ed584286f8150eecfd to remote] DEBUG org.asynchttpclient.netty.request.NettyRequestSender - Using open Channel [id: 0x23a80c16, L:/127.0.0.1:50050 - R:localhost/127.0.0.1:48491] for POST '/session/1064e74042d675ed584286f8150eecfd/window'
10:02:55.957 [AsyncHttpClient-1-7] DEBUG org.asynchttpclient.netty.handler.HttpHandler - 

Request DefaultHttpRequest(decodeResult: success, version: HTTP/1.1)
POST /session/1064e74042d675ed584286f8150eecfd/window HTTP/1.1
User-Agent: selenium/4.7.1 (java windows)
Content-Length: 50
Content-Type: application/json; charset=utf-8
host: localhost:48491
accept: */*

Response DefaultHttpResponse(decodeResult: success, version: HTTP/1.1)
HTTP/1.1 200 OK
Content-Type: application/json; charset=utf-8
cache-control: no-cache
content-length: 14

10:02:55.957 [AsyncHttpClient-1-7] DEBUG org.asynchttpclient.netty.channel.ChannelManager - Adding key: http://localhost:48491 for channel [id: 0x23a80c16, L:/127.0.0.1:50050 - R:localhost/127.0.0.1:48491]
10:02:55.958 [Forwarding getCurrentUrl on session 1064e74042d675ed584286f8150eecfd to remote] DEBUG org.asynchttpclient.netty.request.NettyRequestSender - Using pooled Channel '[id: 0x23a80c16, L:/127.0.0.1:50050 - R:localhost/127.0.0.1:48491]' for 'GET' to 'http://localhost:48491/session/1064e74042d675ed584286f8150eecfd/url'
10:02:55.958 [Forwarding getCurrentUrl on session 1064e74042d675ed584286f8150eecfd to remote] DEBUG org.asynchttpclient.netty.request.NettyRequestSender - Using open Channel [id: 0x23a80c16, L:/127.0.0.1:50050 - R:localhost/127.0.0.1:48491] for GET '/session/1064e74042d675ed584286f8150eecfd/url'
10:02:55.963 [AsyncHttpClient-1-7] DEBUG org.asynchttpclient.netty.handler.HttpHandler - 

Request DefaultFullHttpRequest(decodeResult: success, version: HTTP/1.1, content: EmptyByteBufBE)
GET /session/1064e74042d675ed584286f8150eecfd/url HTTP/1.1
User-Agent: selenium/4.7.1 (java windows)
Cache-Control: no-cache
Content-Type: application/json; charset=utf-8
host: localhost:48491
accept: */*

Response DefaultHttpResponse(decodeResult: success, version: HTTP/1.1)
HTTP/1.1 200 OK
Content-Type: application/json; charset=utf-8
cache-control: no-cache
content-length: 54

10:02:55.963 [AsyncHttpClient-1-7] DEBUG org.asynchttpclient.netty.channel.ChannelManager - Adding key: http://localhost:48491 for channel [id: 0x23a80c16, L:/127.0.0.1:50050 - R:localhost/127.0.0.1:48491]
10:02:55.964 [Forwarding screenshot on session 1064e74042d675ed584286f8150eecfd to remote] DEBUG org.asynchttpclient.netty.request.NettyRequestSender - Using pooled Channel '[id: 0x23a80c16, L:/127.0.0.1:50050 - R:localhost/127.0.0.1:48491]' for 'GET' to 'http://localhost:48491/session/1064e74042d675ed584286f8150eecfd/screenshot'
10:02:55.964 [Forwarding screenshot on session 1064e74042d675ed584286f8150eecfd to remote] DEBUG org.asynchttpclient.netty.request.NettyRequestSender - Using open Channel [id: 0x23a80c16, L:/127.0.0.1:50050 - R:localhost/127.0.0.1:48491] for GET '/session/1064e74042d675ed584286f8150eecfd/screenshot'
10:02:56.118 [AsyncHttpClient-1-7] DEBUG org.asynchttpclient.netty.handler.HttpHandler - 

Request DefaultFullHttpRequest(decodeResult: success, version: HTTP/1.1, content: EmptyByteBufBE)
GET /session/1064e74042d675ed584286f8150eecfd/screenshot HTTP/1.1
User-Agent: selenium/4.7.1 (java windows)
Cache-Control: no-cache
Content-Type: application/json; charset=utf-8
host: localhost:48491
accept: */*

Response DefaultHttpResponse(decodeResult: success, version: HTTP/1.1)
HTTP/1.1 200 OK
Content-Type: application/json; charset=utf-8
cache-control: no-cache
content-length: 32760

10:02:56.119 [AsyncHttpClient-1-7] DEBUG org.asynchttpclient.netty.channel.ChannelManager - Adding key: http://localhost:48491 for channel [id: 0x23a80c16, L:/127.0.0.1:50050 - R:localhost/127.0.0.1:48491]
10:02:56.122 [main] DEBUG net.serenitybdd.core.photography.Darkroom - Send negative for processing for target\site\serenity\776e6162cdf0e0b7073dbe86845a08f71fc550184e68392cbde75565131976c6.png
10:02:56.122 [main] DEBUG net.thucydides.core.steps.StepInterceptor - STEP DONE: klikButtonRegister
10:02:56.122 [Darkroom Processing Line] DEBUG net.serenitybdd.core.photography.DarkroomProcessingLine - Processing screenshot image in /var/screenshots/screenshot-12861065559473745166
10:02:56.123 [Darkroom Processing Line] DEBUG net.serenitybdd.core.photography.DarkroomProcessingLine - Saving screenshot to target\site\serenity\776e6162cdf0e0b7073dbe86845a08f71fc550184e68392cbde75565131976c6.png
  &amp#27;[32mThen &amp#27;[0m&amp#27;[32muser klik register yang kedua&amp#27;[0m                               &amp#27;[90m# starter.stepdefinitions.RegisterSteps.userKlikRegisterYangKedua()&amp#27;[0m
10:02:56.143 [main] DEBUG net.thucydides.core.steps.StepInterceptor - STARTING STEP: RegisterSteps.userMenerimaERRORMessage - munculErrorMessage
10:02:56.149 [Forwarding findElement on session 1064e74042d675ed584286f8150eecfd to remote] DEBUG org.asynchttpclient.netty.request.NettyRequestSender - Using pooled Channel '[id: 0x23a80c16, L:/127.0.0.1:50050 - R:localhost/127.0.0.1:48491]' for 'POST' to 'http://localhost:48491/session/1064e74042d675ed584286f8150eecfd/element'
10:02:56.149 [Forwarding findElement on session 1064e74042d675ed584286f8150eecfd to remote] DEBUG org.asynchttpclient.netty.request.NettyRequestSender - Using open Channel [id: 0x23a80c16, L:/127.0.0.1:50050 - R:localhost/127.0.0.1:48491] for POST '/session/1064e74042d675ed584286f8150eecfd/element'
10:02:56.182 [AsyncHttpClient-1-7] DEBUG org.asynchttpclient.netty.handler.HttpHandler - 

Request DefaultHttpRequest(decodeResult: success, version: HTTP/1.1)
POST /session/1064e74042d675ed584286f8150eecfd/element HTTP/1.1
User-Agent: selenium/4.7.1 (java windows)
Content-Length: 79
Content-Type: application/json; charset=utf-8
host: localhost:48491
accept: */*

Response DefaultHttpResponse(decodeResult: success, version: HTTP/1.1)
HTTP/1.1 200 OK
Content-Type: application/json; charset=utf-8
cache-control: no-cache
content-length: 88

10:02:56.182 [AsyncHttpClient-1-7] DEBUG org.asynchttpclient.netty.channel.ChannelManager - Adding key: http://localhost:48491 for channel [id: 0x23a80c16, L:/127.0.0.1:50050 - R:localhost/127.0.0.1:48491]
10:02:56.191 [Forwarding isElementDisplayed on session 1064e74042d675ed584286f8150eecfd to remote] DEBUG org.asynchttpclient.netty.request.NettyRequestSender - Using pooled Channel '[id: 0x23a80c16, L:/127.0.0.1:50050 - R:localhost/127.0.0.1:48491]' for 'POST' to 'http://localhost:48491/session/1064e74042d675ed584286f8150eecfd/execute/sync'
10:02:56.191 [Forwarding isElementDisplayed on session 1064e74042d675ed584286f8150eecfd to remote] DEBUG org.asynchttpclient.netty.request.NettyRequestSender - Using open Channel [id: 0x23a80c16, L:/127.0.0.1:50050 - R:localhost/127.0.0.1:48491] for POST '/session/1064e74042d675ed584286f8150eecfd/execute/sync'
10:02:56.210 [AsyncHttpClient-1-7] DEBUG org.asynchttpclient.netty.handler.HttpHandler - 

Request DefaultHttpRequest(decodeResult: success, version: HTTP/1.1)
POST /session/1064e74042d675ed584286f8150eecfd/execute/sync HTTP/1.1
User-Agent: selenium/4.7.1 (java windows)
Content-Length: 48780
Content-Type: application/json; charset=utf-8
host: localhost:48491
accept: */*

Response DefaultHttpResponse(decodeResult: success, version: HTTP/1.1)
HTTP/1.1 200 OK
Content-Type: application/json; charset=utf-8
cache-control: no-cache
content-length: 14

10:02:56.210 [AsyncHttpClient-1-7] DEBUG org.asynchttpclient.netty.channel.ChannelManager - Adding key: http://localhost:48491 for channel [id: 0x23a80c16, L:/127.0.0.1:50050 - R:localhost/127.0.0.1:48491]
10:02:56.224 [Forwarding getCurrentWindowHandle on session 1064e74042d675ed584286f8150eecfd to remote] DEBUG org.asynchttpclient.netty.request.NettyRequestSender - Using pooled Channel '[id: 0x23a80c16, L:/127.0.0.1:50050 - R:localhost/127.0.0.1:48491]' for 'GET' to 'http://localhost:48491/session/1064e74042d675ed584286f8150eecfd/window'
10:02:56.224 [Forwarding getCurrentWindowHandle on session 1064e74042d675ed584286f8150eecfd to remote] DEBUG org.asynchttpclient.netty.request.NettyRequestSender - Using open Channel [id: 0x23a80c16, L:/127.0.0.1:50050 - R:localhost/127.0.0.1:48491] for GET '/session/1064e74042d675ed584286f8150eecfd/window'
10:02:56.226 [AsyncHttpClient-1-7] DEBUG org.asynchttpclient.netty.handler.HttpHandler - 

Request DefaultFullHttpRequest(decodeResult: success, version: HTTP/1.1, content: EmptyByteBufBE)
GET /session/1064e74042d675ed584286f8150eecfd/window HTTP/1.1
User-Agent: selenium/4.7.1 (java windows)
Cache-Control: no-cache
Content-Type: application/json; charset=utf-8
host: localhost:48491
accept: */*

Response DefaultHttpResponse(decodeResult: success, version: HTTP/1.1)
HTTP/1.1 200 OK
Content-Type: application/json; charset=utf-8
cache-control: no-cache
content-length: 44

10:02:56.226 [AsyncHttpClient-1-7] DEBUG org.asynchttpclient.netty.channel.ChannelManager - Adding key: http://localhost:48491 for channel [id: 0x23a80c16, L:/127.0.0.1:50050 - R:localhost/127.0.0.1:48491]
10:02:56.229 [Forwarding getAlertText on session 1064e74042d675ed584286f8150eecfd to remote] DEBUG org.asynchttpclient.netty.request.NettyRequestSender - Using pooled Channel '[id: 0x23a80c16, L:/127.0.0.1:50050 - R:localhost/127.0.0.1:48491]' for 'GET' to 'http://localhost:48491/session/1064e74042d675ed584286f8150eecfd/alert/text'
10:02:56.229 [Forwarding getAlertText on session 1064e74042d675ed584286f8150eecfd to remote] DEBUG org.asynchttpclient.netty.request.NettyRequestSender - Using open Channel [id: 0x23a80c16, L:/127.0.0.1:50050 - R:localhost/127.0.0.1:48491] for GET '/session/1064e74042d675ed584286f8150eecfd/alert/text'
10:02:56.238 [AsyncHttpClient-1-7] DEBUG org.asynchttpclient.netty.handler.HttpHandler - 

Request DefaultFullHttpRequest(decodeResult: success, version: HTTP/1.1, content: EmptyByteBufBE)
GET /session/1064e74042d675ed584286f8150eecfd/alert/text HTTP/1.1
User-Agent: selenium/4.7.1 (java windows)
Cache-Control: no-cache
Content-Type: application/json; charset=utf-8
host: localhost:48491
accept: */*

Response DefaultHttpResponse(decodeResult: success, version: HTTP/1.1)
HTTP/1.1 404 Not Found
Content-Type: application/json; charset=utf-8
cache-control: no-cache
content-length: 821

10:02:56.238 [AsyncHttpClient-1-7] DEBUG org.asynchttpclient.netty.channel.ChannelManager - Adding key: http://localhost:48491 for channel [id: 0x23a80c16, L:/127.0.0.1:50050 - R:localhost/127.0.0.1:48491]
10:02:56.242 [Forwarding switchToWindow on session 1064e74042d675ed584286f8150eecfd to remote] DEBUG org.asynchttpclient.netty.request.NettyRequestSender - Using pooled Channel '[id: 0x23a80c16, L:/127.0.0.1:50050 - R:localhost/127.0.0.1:48491]' for 'POST' to 'http://localhost:48491/session/1064e74042d675ed584286f8150eecfd/window'
10:02:56.242 [Forwarding switchToWindow on session 1064e74042d675ed584286f8150eecfd to remote] DEBUG org.asynchttpclient.netty.request.NettyRequestSender - Using open Channel [id: 0x23a80c16, L:/127.0.0.1:50050 - R:localhost/127.0.0.1:48491] for POST '/session/1064e74042d675ed584286f8150eecfd/window'
10:02:56.246 [AsyncHttpClient-1-7] DEBUG org.asynchttpclient.netty.handler.HttpHandler - 

Request DefaultHttpRequest(decodeResult: success, version: HTTP/1.1)
POST /session/1064e74042d675ed584286f8150eecfd/window HTTP/1.1
User-Agent: selenium/4.7.1 (java windows)
Content-Length: 50
Content-Type: application/json; charset=utf-8
host: localhost:48491
accept: */*

Response DefaultHttpResponse(decodeResult: success, version: HTTP/1.1)
HTTP/1.1 200 OK
Content-Type: application/json; charset=utf-8
cache-control: no-cache
content-length: 14

10:02:56.246 [AsyncHttpClient-1-7] DEBUG org.asynchttpclient.netty.channel.ChannelManager - Adding key: http://localhost:48491 for channel [id: 0x23a80c16, L:/127.0.0.1:50050 - R:localhost/127.0.0.1:48491]
10:02:56.247 [Forwarding getCurrentUrl on session 1064e74042d675ed584286f8150eecfd to remote] DEBUG org.asynchttpclient.netty.request.NettyRequestSender - Using pooled Channel '[id: 0x23a80c16, L:/127.0.0.1:50050 - R:localhost/127.0.0.1:48491]' for 'GET' to 'http://localhost:48491/session/1064e74042d675ed584286f8150eecfd/url'
10:02:56.247 [Forwarding getCurrentUrl on session 1064e74042d675ed584286f8150eecfd to remote] DEBUG org.asynchttpclient.netty.request.NettyRequestSender - Using open Channel [id: 0x23a80c16, L:/127.0.0.1:50050 - R:localhost/127.0.0.1:48491] for GET '/session/1064e74042d675ed584286f8150eecfd/url'
10:02:56.261 [AsyncHttpClient-1-7] DEBUG org.asynchttpclient.netty.handler.HttpHandler - 

Request DefaultFullHttpRequest(decodeResult: success, version: HTTP/1.1, content: EmptyByteBufBE)
GET /session/1064e74042d675ed584286f8150eecfd/url HTTP/1.1
User-Agent: selenium/4.7.1 (java windows)
Cache-Control: no-cache
Content-Type: application/json; charset=utf-8
host: localhost:48491
accept: */*

Response DefaultHttpResponse(decodeResult: success, version: HTTP/1.1)
HTTP/1.1 200 OK
Content-Type: application/json; charset=utf-8
cache-control: no-cache
content-length: 54

10:02:56.261 [AsyncHttpClient-1-7] DEBUG org.asynchttpclient.netty.channel.ChannelManager - Adding key: http://localhost:48491 for channel [id: 0x23a80c16, L:/127.0.0.1:50050 - R:localhost/127.0.0.1:48491]
10:02:56.263 [Forwarding screenshot on session 1064e74042d675ed584286f8150eecfd to remote] DEBUG org.asynchttpclient.netty.request.NettyRequestSender - Using pooled Channel '[id: 0x23a80c16, L:/127.0.0.1:50050 - R:localhost/127.0.0.1:48491]' for 'GET' to 'http://localhost:48491/session/1064e74042d675ed584286f8150eecfd/screenshot'
10:02:56.264 [Forwarding screenshot on session 1064e74042d675ed584286f8150eecfd to remote] DEBUG org.asynchttpclient.netty.request.NettyRequestSender - Using open Channel [id: 0x23a80c16, L:/127.0.0.1:50050 - R:localhost/127.0.0.1:48491] for GET '/session/1064e74042d675ed584286f8150eecfd/screenshot'
10:02:56.420 [AsyncHttpClient-1-7] DEBUG org.asynchttpclient.netty.handler.HttpHandler - 

Request DefaultFullHttpRequest(decodeResult: success, version: HTTP/1.1, content: EmptyByteBufBE)
GET /session/1064e74042d675ed584286f8150eecfd/screenshot HTTP/1.1
User-Agent: selenium/4.7.1 (java windows)
Cache-Control: no-cache
Content-Type: application/json; charset=utf-8
host: localhost:48491
accept: */*

Response DefaultHttpResponse(decodeResult: success, version: HTTP/1.1)
HTTP/1.1 200 OK
Content-Type: application/json; charset=utf-8
cache-control: no-cache
content-length: 34464

10:02:56.422 [AsyncHttpClient-1-7] DEBUG org.asynchttpclient.netty.channel.ChannelManager - Adding key: http://localhost:48491 for channel [id: 0x23a80c16, L:/127.0.0.1:50050 - R:localhost/127.0.0.1:48491]
10:02:56.431 [main] DEBUG net.serenitybdd.core.photography.Darkroom - Send negative for processing for target\site\serenity\92dc87ee796f10006a3c394f0972b73d185fee1e0bee2a13747bb6e6831933b2.png
10:02:56.431 [main] DEBUG net.thucydides.core.steps.StepInterceptor - STEP DONE: munculErrorMessage
  &amp#27;[32mAnd &amp#27;[0m&amp#27;[32muser menerima ERROR message &amp#27;[0m&amp#27;[32m&amp#27;[1m"fullname is required"&amp#27;[0m           &amp#27;[90m# starter.stepdefinitions.RegisterSteps.userMenerimaERRORMessage(java.lang.String)&amp#27;[0m
10:02:56.432 [Darkroom Processing Line] DEBUG net.serenitybdd.core.photography.DarkroomProcessingLine - Processing screenshot image in /var/screenshots/screenshot-15110982256500553681
10:02:56.432 [Darkroom Processing Line] DEBUG net.serenitybdd.core.photography.DarkroomProcessingLine - Saving screenshot to target\site\serenity\92dc87ee796f10006a3c394f0972b73d185fee1e0bee2a13747bb6e6831933b2.png
10:02:56.448 [main] INFO  - 
  _____   ___   ___   _____     ___     _     ___   ___   ___   ___  
 |_   _| | __| / __| |_   _|   | _ \   /_\   / __| / __| | __| |   \ 
   | |   | _|  \__ \   | |     |  _/  / _ \  \__ \ \__ \ | _|  | |) |
   |_|   |___| |___/   |_|     |_|   /_/ \_\ |___/ |___/ |___| |___/ 

user tidak bisa register karena tidak input nama lengkap
----------------------------------------------------------------------
10:02:56.451 [AsyncHttpClient-1-9] DEBUG org.asynchttpclient.netty.handler.WebSocketHandler - Channel Closed: [id: 0x1bb6387c, L:/127.0.0.1:50060 ! R:localhost/127.0.0.1:50051] with attribute NettyResponseFuture{currentRetry=0,
	isDone=1,
	isCancelled=0,
	asyncHandler=org.asynchttpclient.ws.WebSocketUpgradeHandler@20d395e4,
	nettyRequest=org.asynchttpclient.netty.request.NettyRequest@3df1d0af,
	future=java.util.concurrent.CompletableFuture@58ff076c[Completed normally],
	uri=ws://localhost:50051/devtools/browser/945c09a6-a43a-48e2-809d-15ff9bbff1d8,
	keepAlive=true,
	redirectCount=0,
	timeoutsHolder=null,
	inAuth=0,
	touch=1683514966316}
10:02:56.451 [AsyncHttpClient-1-9] DEBUG org.asynchttpclient.netty.channel.ChannelManager - Closing Channel [id: 0x1bb6387c, L:/127.0.0.1:50060 ! R:localhost/127.0.0.1:50051] 
10:02:56.451 [Driver Command Executor] DEBUG org.asynchttpclient.netty.request.NettyRequestSender - Using pooled Channel '[id: 0x23a80c16, L:/127.0.0.1:50050 - R:localhost/127.0.0.1:48491]' for 'DELETE' to 'http://localhost:48491/session/1064e74042d675ed584286f8150eecfd'
10:02:56.451 [Driver Command Executor] DEBUG org.asynchttpclient.netty.request.NettyRequestSender - Using open Channel [id: 0x23a80c16, L:/127.0.0.1:50050 - R:localhost/127.0.0.1:48491] for DELETE '/session/1064e74042d675ed584286f8150eecfd'
10:02:56.534 [AsyncHttpClient-1-8] DEBUG org.asynchttpclient.netty.handler.HttpHandler - Unexpected I/O exception on channel [id: 0x37bf5067, L:/127.0.0.1:50059 - R:localhost/127.0.0.1:50051]
java.net.SocketException: Connection reset
	at java.base/sun.nio.ch.SocketChannelImpl.throwConnectionReset(SocketChannelImpl.java:401)
	at java.base/sun.nio.ch.SocketChannelImpl.read(SocketChannelImpl.java:434)
	at io.netty.buffer.PooledByteBuf.setBytes(PooledByteBuf.java:259)
	at io.netty.buffer.AbstractByteBuf.writeBytes(AbstractByteBuf.java:1132)
	at io.netty.channel.socket.nio.NioSocketChannel.doReadBytes(NioSocketChannel.java:357)
	at io.netty.channel.nio.AbstractNioByteChannel$NioByteUnsafe.read(AbstractNioByteChannel.java:151)
	at io.netty.channel.nio.NioEventLoop.processSelectedKey(NioEventLoop.java:788)
	at io.netty.channel.nio.NioEventLoop.processSelectedKeysOptimized(NioEventLoop.java:724)
	at io.netty.channel.nio.NioEventLoop.processSelectedKeys(NioEventLoop.java:650)
	at io.netty.channel.nio.NioEventLoop.run(NioEventLoop.java:562)
	at io.netty.util.concurrent.SingleThreadEventExecutor$4.run(SingleThreadEventExecutor.java:997)
	at io.netty.util.internal.ThreadExecutorMap$2.run(ThreadExecutorMap.java:74)
	at io.netty.util.concurrent.FastThreadLocalRunnable.run(FastThreadLocalRunnable.java:30)
	at java.base/java.lang.Thread.run(Thread.java:1589)
10:02:56.535 [AsyncHttpClient-1-8] DEBUG org.asynchttpclient.netty.channel.ChannelManager - Closing Channel [id: 0x37bf5067, L:/127.0.0.1:50059 - R:localhost/127.0.0.1:50051] 
10:02:56.535 [AsyncHttpClient-1-8] DEBUG org.asynchttpclient.netty.handler.HttpHandler - Channel Closed: [id: 0x37bf5067, L:/127.0.0.1:50059 ! R:localhost/127.0.0.1:50051] with attribute DISCARD
10:02:56.572 [AsyncHttpClient-1-7] DEBUG org.asynchttpclient.netty.handler.HttpHandler - 

Request DefaultFullHttpRequest(decodeResult: success, version: HTTP/1.1, content: EmptyByteBufBE)
DELETE /session/1064e74042d675ed584286f8150eecfd HTTP/1.1
User-Agent: selenium/4.7.1 (java windows)
Content-Type: application/json; charset=utf-8
host: localhost:48491
accept: */*

Response DefaultHttpResponse(decodeResult: success, version: HTTP/1.1)
HTTP/1.1 200 OK
Content-Type: application/json; charset=utf-8
cache-control: no-cache
content-length: 14

10:02:56.573 [AsyncHttpClient-1-7] DEBUG org.asynchttpclient.netty.channel.ChannelManager - Adding key: http://localhost:48491 for channel [id: 0x23a80c16, L:/127.0.0.1:50050 - R:localhost/127.0.0.1:48491]
10:02:56.795 [AsyncHttpClient-1-7] DEBUG org.asynchttpclient.netty.handler.HttpHandler - Channel Closed: [id: 0x23a80c16, L:/127.0.0.1:50050 ! R:localhost/127.0.0.1:48491] with attribute DISCARD
10:02:56.965 [AsyncHttpClient-1-1] DEBUG org.asynchttpclient.netty.channel.DefaultChannelPool - Entry count for : http://localhost:50051 : 1
10:02:56.965 [AsyncHttpClient-1-1] DEBUG org.asynchttpclient.netty.channel.DefaultChannelPool - Entry count for : http://localhost:48491 : 1
10:02:56.965 [AsyncHttpClient-1-1] DEBUG org.asynchttpclient.netty.channel.DefaultChannelPool - Adding Candidate expired Channel [id: 0x37bf5067, L:/127.0.0.1:50059 ! R:localhost/127.0.0.1:50051] isIdleTimeoutExpired=false isRemotelyClosed=true isTtlExpired=false
10:02:56.966 [AsyncHttpClient-1-1] DEBUG org.asynchttpclient.netty.channel.DefaultChannelPool - Closing Idle Channel [id: 0x37bf5067, L:/127.0.0.1:50059 ! R:localhost/127.0.0.1:50051]
10:02:56.966 [AsyncHttpClient-1-1] DEBUG org.asynchttpclient.netty.channel.DefaultChannelPool - Adding Candidate expired Channel [id: 0x23a80c16, L:/127.0.0.1:50050 ! R:localhost/127.0.0.1:48491] isIdleTimeoutExpired=false isRemotelyClosed=true isTtlExpired=false
10:02:56.966 [AsyncHttpClient-1-1] DEBUG org.asynchttpclient.netty.channel.DefaultChannelPool - Closing Idle Channel [id: 0x23a80c16, L:/127.0.0.1:50050 ! R:localhost/127.0.0.1:48491]
10:02:56.966 [AsyncHttpClient-1-1] DEBUG org.asynchttpclient.netty.channel.DefaultChannelPool - Closed 2 connections out of 2 in 1 ms
]]></system-out>
    <system-err><![CDATA[Starting ChromeDriver 112.0.5615.49 (bd2a7bcb881c11e8cfe3078709382934e3916914-refs/branch-heads/5615@{#936}) on port 48491
Only local connections are allowed.
Please see https://chromedriver.chromium.org/security-considerations for suggestions on keeping ChromeDriver safe.
ChromeDriver was started successfully.
May 08, 2023 10:02:46 AM org.openqa.selenium.devtools.CdpVersionFinder findNearestMatch
WARNING: Unable to find an exact match for CDP version 112, so returning the closest version found: 108
]]></system-err>
  </testcase>
  <testcase name="user tidak bisa register karena tidak input email" classname="register" time="10.469">
    <system-out><![CDATA[
@AS09-negative
Scenario: user tidak bisa register karena tidak input email &amp#27;[90m# src/test/resources/features/2. Register.feature:26&amp#27;[0m
10:02:57.080 [main] INFO io.cucumber.core.plugin.SerenityReporter - Running feature from file:///C:/Users/HP/Downloads/Mini-Project-QA/ALTASHOP%20WEB%20AUTOMATION/src/test/resources/features/2.%20Register.feature
10:02:57.091 [main] INFO  - 
  _____   ___   ___   _____     ___   _____     _     ___   _____   ___   ___  
 |_   _| | __| / __| |_   _|   / __| |_   _|   /_\   | _ \ |_   _| | __| |   \ 
   | |   | _|  \__ \   | |     \__ \   | |    / _ \  |   /   | |   | _|  | |) |
   |_|   |___| |___/   |_|     |___/   |_|   /_/ \_\ |_|_\   |_|   |___| |___/ 

user tidak bisa register karena tidak input email(register;user-tidak-bisa-register-karena-tidak-input-email)
--------------------------------------------------------------------------------
10:02:57.160 [main] DEBUG net.thucydides.core.steps.StepInterceptor - STARTING STEP: LoginRegisterSteps.userBeradaDiHomepageAlta - diHomepageAltaShop
10:02:57.272 [main] INFO net.serenitybdd.core.webdriver.driverproviders.ChromeDriverProvider - Starting Chrome driver instance with capabilities:
10:02:57.273 [main] INFO net.serenitybdd.core.webdriver.driverproviders.ChromeDriverProvider - Capabilities {acceptInsecureCerts: true, browserName: chrome, goog:chromeOptions: {args: [remote-allow-origins=*, test-type, no-sandbox, ignore-certificate-errors, start-maximized, incognito, disable-infobars, disable-gpu, disable-default-apps, disable-popup-blocking, remote-allow-origins=*, test-type, no-sandbox, ignore-certificate-errors, start-maximized, incognito, disable-infobars, disable-gpu, disable-default-apps, disable-popup-blocking], extensions: []}}
10:02:58.155 [AsyncHttpClient-1-10] DEBUG org.asynchttpclient.netty.channel.NettyConnectListener - Using new Channel '[id: 0x30146da3, L:/127.0.0.1:50090 - R:localhost/127.0.0.1:4003]' for 'POST' to '/session'
10:03:00.296 [AsyncHttpClient-1-10] DEBUG org.asynchttpclient.netty.handler.HttpHandler - 

Request DefaultHttpRequest(decodeResult: success, version: HTTP/1.1)
POST /session HTTP/1.1
User-Agent: selenium/4.7.1 (java windows)
Content-Length: 1629
Content-Type: application/json; charset=utf-8
host: localhost:4003
accept: */*

Response DefaultHttpResponse(decodeResult: success, version: HTTP/1.1)
HTTP/1.1 200 OK
Content-Type: application/json; charset=utf-8
cache-control: no-cache
content-length: 855

10:03:00.297 [AsyncHttpClient-1-10] DEBUG org.asynchttpclient.netty.channel.ChannelManager - Adding key: http://localhost:4003 for channel [id: 0x30146da3, L:/127.0.0.1:50090 - R:localhost/127.0.0.1:4003]
10:03:00.316 [AsyncHttpClient-1-11] DEBUG org.asynchttpclient.netty.channel.NettyConnectListener - Using new Channel '[id: 0x9adad72b, L:/127.0.0.1:50099 - R:localhost/127.0.0.1:50091]' for 'GET' to '/json/version'
10:03:00.321 [AsyncHttpClient-1-11] DEBUG org.asynchttpclient.netty.handler.HttpHandler - 

Request DefaultFullHttpRequest(decodeResult: success, version: HTTP/1.1, content: EmptyByteBufBE)
GET /json/version HTTP/1.1
User-Agent: selenium/4.7.1 (java windows)
host: localhost:50091
accept: */*

Response DefaultHttpResponse(decodeResult: success, version: HTTP/1.1)
HTTP/1.1 200 OK
Content-Security-Policy: frame-ancestors 'none'
Content-Type: application/json; charset=UTF-8
content-length: 424

10:03:00.321 [AsyncHttpClient-1-11] DEBUG org.asynchttpclient.netty.channel.ChannelManager - Adding key: http://localhost:50091 for channel [id: 0x9adad72b, L:/127.0.0.1:50099 - R:localhost/127.0.0.1:50091]
10:03:00.331 [AsyncHttpClient-1-12] DEBUG org.asynchttpclient.netty.channel.NettyConnectListener - Using new Channel '[id: 0xcaee8a16, L:/127.0.0.1:50100 - R:localhost/127.0.0.1:50091]' for 'GET' to '/devtools/browser/7405c8cf-11ef-41b4-ab8f-5f9f7d342efe'
10:03:00.334 [AsyncHttpClient-1-12] DEBUG org.asynchttpclient.netty.handler.WebSocketHandler - 

Request DefaultFullHttpRequest(decodeResult: success, version: HTTP/1.1, content: EmptyByteBufBE)
GET /devtools/browser/7405c8cf-11ef-41b4-ab8f-5f9f7d342efe HTTP/1.1
upgrade: websocket
connection: upgrade
sec-websocket-key: WJondwEH1Q+jX183/aQTMQ==
sec-websocket-version: 13
origin: http://localhost:50091
host: localhost:50091
accept: */*
user-agent: AHC/2.1

Response DefaultHttpResponse(decodeResult: success, version: HTTP/1.1)
HTTP/1.1 101 WebSocket Protocol Handshake
Upgrade: WebSocket
Connection: Upgrade
Sec-WebSocket-Accept: 4KJ2OtDKLJFEPXHry/yQnEPmaB0=

10:03:00.346 [Forwarding get on session ce2ab638945a9fd7e07078e1dc016fe7 to remote] DEBUG org.asynchttpclient.netty.request.NettyRequestSender - Using pooled Channel '[id: 0x30146da3, L:/127.0.0.1:50090 - R:localhost/127.0.0.1:4003]' for 'POST' to 'http://localhost:4003/session/ce2ab638945a9fd7e07078e1dc016fe7/url'
10:03:00.346 [Forwarding get on session ce2ab638945a9fd7e07078e1dc016fe7 to remote] DEBUG org.asynchttpclient.netty.request.NettyRequestSender - Using open Channel [id: 0x30146da3, L:/127.0.0.1:50090 - R:localhost/127.0.0.1:4003] for POST '/session/ce2ab638945a9fd7e07078e1dc016fe7/url'
10:03:01.373 [AsyncHttpClient-1-1] DEBUG org.asynchttpclient.netty.channel.DefaultChannelPool - Entry count for : http://localhost:50091 : 1
10:03:02.468 [AsyncHttpClient-1-1] DEBUG org.asynchttpclient.netty.channel.DefaultChannelPool - Entry count for : http://localhost:50091 : 1
10:03:03.564 [AsyncHttpClient-1-1] DEBUG org.asynchttpclient.netty.channel.DefaultChannelPool - Entry count for : http://localhost:50091 : 1
10:03:03.644 [AsyncHttpClient-1-10] DEBUG org.asynchttpclient.netty.handler.HttpHandler - 

Request DefaultHttpRequest(decodeResult: success, version: HTTP/1.1)
POST /session/ce2ab638945a9fd7e07078e1dc016fe7/url HTTP/1.1
User-Agent: selenium/4.7.1 (java windows)
Content-Length: 59
Content-Type: application/json; charset=utf-8
host: localhost:4003
accept: */*

Response DefaultHttpResponse(decodeResult: success, version: HTTP/1.1)
HTTP/1.1 200 OK
Content-Type: application/json; charset=utf-8
cache-control: no-cache
content-length: 14

10:03:03.644 [AsyncHttpClient-1-10] DEBUG org.asynchttpclient.netty.channel.ChannelManager - Adding key: http://localhost:4003 for channel [id: 0x30146da3, L:/127.0.0.1:50090 - R:localhost/127.0.0.1:4003]
10:03:03.646 [Forwarding setTimeout on session ce2ab638945a9fd7e07078e1dc016fe7 to remote] DEBUG org.asynchttpclient.netty.request.NettyRequestSender - Using pooled Channel '[id: 0x30146da3, L:/127.0.0.1:50090 - R:localhost/127.0.0.1:4003]' for 'POST' to 'http://localhost:4003/session/ce2ab638945a9fd7e07078e1dc016fe7/timeouts'
10:03:03.646 [Forwarding setTimeout on session ce2ab638945a9fd7e07078e1dc016fe7 to remote] DEBUG org.asynchttpclient.netty.request.NettyRequestSender - Using open Channel [id: 0x30146da3, L:/127.0.0.1:50090 - R:localhost/127.0.0.1:4003] for POST '/session/ce2ab638945a9fd7e07078e1dc016fe7/timeouts'
10:03:03.648 [AsyncHttpClient-1-10] DEBUG org.asynchttpclient.netty.handler.HttpHandler - 

Request DefaultHttpRequest(decodeResult: success, version: HTTP/1.1)
POST /session/ce2ab638945a9fd7e07078e1dc016fe7/timeouts HTTP/1.1
User-Agent: selenium/4.7.1 (java windows)
Content-Length: 22
Content-Type: application/json; charset=utf-8
host: localhost:4003
accept: */*

Response DefaultHttpResponse(decodeResult: success, version: HTTP/1.1)
HTTP/1.1 200 OK
Content-Type: application/json; charset=utf-8
cache-control: no-cache
content-length: 14

10:03:03.648 [AsyncHttpClient-1-10] DEBUG org.asynchttpclient.netty.channel.ChannelManager - Adding key: http://localhost:4003 for channel [id: 0x30146da3, L:/127.0.0.1:50090 - R:localhost/127.0.0.1:4003]
10:03:03.654 [Forwarding getCurrentUrl on session ce2ab638945a9fd7e07078e1dc016fe7 to remote] DEBUG org.asynchttpclient.netty.request.NettyRequestSender - Using pooled Channel '[id: 0x30146da3, L:/127.0.0.1:50090 - R:localhost/127.0.0.1:4003]' for 'GET' to 'http://localhost:4003/session/ce2ab638945a9fd7e07078e1dc016fe7/url'
10:03:03.654 [Forwarding getCurrentUrl on session ce2ab638945a9fd7e07078e1dc016fe7 to remote] DEBUG org.asynchttpclient.netty.request.NettyRequestSender - Using open Channel [id: 0x30146da3, L:/127.0.0.1:50090 - R:localhost/127.0.0.1:4003] for GET '/session/ce2ab638945a9fd7e07078e1dc016fe7/url'
10:03:03.662 [AsyncHttpClient-1-10] DEBUG org.asynchttpclient.netty.handler.HttpHandler - 

Request DefaultFullHttpRequest(decodeResult: success, version: HTTP/1.1, content: EmptyByteBufBE)
GET /session/ce2ab638945a9fd7e07078e1dc016fe7/url HTTP/1.1
User-Agent: selenium/4.7.1 (java windows)
Cache-Control: no-cache
Content-Type: application/json; charset=utf-8
host: localhost:4003
accept: */*

Response DefaultHttpResponse(decodeResult: success, version: HTTP/1.1)
HTTP/1.1 200 OK
Content-Type: application/json; charset=utf-8
cache-control: no-cache
content-length: 41

10:03:03.663 [AsyncHttpClient-1-10] DEBUG org.asynchttpclient.netty.channel.ChannelManager - Adding key: http://localhost:4003 for channel [id: 0x30146da3, L:/127.0.0.1:50090 - R:localhost/127.0.0.1:4003]
10:03:03.668 [Forwarding getCurrentUrl on session ce2ab638945a9fd7e07078e1dc016fe7 to remote] DEBUG org.asynchttpclient.netty.request.NettyRequestSender - Using pooled Channel '[id: 0x30146da3, L:/127.0.0.1:50090 - R:localhost/127.0.0.1:4003]' for 'GET' to 'http://localhost:4003/session/ce2ab638945a9fd7e07078e1dc016fe7/url'
10:03:03.669 [Forwarding getCurrentUrl on session ce2ab638945a9fd7e07078e1dc016fe7 to remote] DEBUG org.asynchttpclient.netty.request.NettyRequestSender - Using open Channel [id: 0x30146da3, L:/127.0.0.1:50090 - R:localhost/127.0.0.1:4003] for GET '/session/ce2ab638945a9fd7e07078e1dc016fe7/url'
10:03:03.675 [AsyncHttpClient-1-10] DEBUG org.asynchttpclient.netty.handler.HttpHandler - 

Request DefaultFullHttpRequest(decodeResult: success, version: HTTP/1.1, content: EmptyByteBufBE)
GET /session/ce2ab638945a9fd7e07078e1dc016fe7/url HTTP/1.1
User-Agent: selenium/4.7.1 (java windows)
Cache-Control: no-cache
Content-Type: application/json; charset=utf-8
host: localhost:4003
accept: */*

Response DefaultHttpResponse(decodeResult: success, version: HTTP/1.1)
HTTP/1.1 200 OK
Content-Type: application/json; charset=utf-8
cache-control: no-cache
content-length: 41

10:03:03.676 [AsyncHttpClient-1-10] DEBUG org.asynchttpclient.netty.channel.ChannelManager - Adding key: http://localhost:4003 for channel [id: 0x30146da3, L:/127.0.0.1:50090 - R:localhost/127.0.0.1:4003]
10:03:03.680 [Forwarding findElement on session ce2ab638945a9fd7e07078e1dc016fe7 to remote] DEBUG org.asynchttpclient.netty.request.NettyRequestSender - Using pooled Channel '[id: 0x30146da3, L:/127.0.0.1:50090 - R:localhost/127.0.0.1:4003]' for 'POST' to 'http://localhost:4003/session/ce2ab638945a9fd7e07078e1dc016fe7/element'
10:03:03.680 [Forwarding findElement on session ce2ab638945a9fd7e07078e1dc016fe7 to remote] DEBUG org.asynchttpclient.netty.request.NettyRequestSender - Using open Channel [id: 0x30146da3, L:/127.0.0.1:50090 - R:localhost/127.0.0.1:4003] for POST '/session/ce2ab638945a9fd7e07078e1dc016fe7/element'
10:03:03.713 [AsyncHttpClient-1-10] DEBUG org.asynchttpclient.netty.handler.HttpHandler - 

Request DefaultHttpRequest(decodeResult: success, version: HTTP/1.1)
POST /session/ce2ab638945a9fd7e07078e1dc016fe7/element HTTP/1.1
User-Agent: selenium/4.7.1 (java windows)
Content-Length: 108
Content-Type: application/json; charset=utf-8
host: localhost:4003
accept: */*

Response DefaultHttpResponse(decodeResult: success, version: HTTP/1.1)
HTTP/1.1 200 OK
Content-Type: application/json; charset=utf-8
cache-control: no-cache
content-length: 88

10:03:03.713 [AsyncHttpClient-1-10] DEBUG org.asynchttpclient.netty.channel.ChannelManager - Adding key: http://localhost:4003 for channel [id: 0x30146da3, L:/127.0.0.1:50090 - R:localhost/127.0.0.1:4003]
10:03:03.718 [Forwarding isElementDisplayed on session ce2ab638945a9fd7e07078e1dc016fe7 to remote] DEBUG org.asynchttpclient.netty.request.NettyRequestSender - Using pooled Channel '[id: 0x30146da3, L:/127.0.0.1:50090 - R:localhost/127.0.0.1:4003]' for 'POST' to 'http://localhost:4003/session/ce2ab638945a9fd7e07078e1dc016fe7/execute/sync'
10:03:03.718 [Forwarding isElementDisplayed on session ce2ab638945a9fd7e07078e1dc016fe7 to remote] DEBUG org.asynchttpclient.netty.request.NettyRequestSender - Using open Channel [id: 0x30146da3, L:/127.0.0.1:50090 - R:localhost/127.0.0.1:4003] for POST '/session/ce2ab638945a9fd7e07078e1dc016fe7/execute/sync'
10:03:03.740 [AsyncHttpClient-1-10] DEBUG org.asynchttpclient.netty.handler.HttpHandler - 

Request DefaultHttpRequest(decodeResult: success, version: HTTP/1.1)
POST /session/ce2ab638945a9fd7e07078e1dc016fe7/execute/sync HTTP/1.1
User-Agent: selenium/4.7.1 (java windows)
Content-Length: 48780
Content-Type: application/json; charset=utf-8
host: localhost:4003
accept: */*

Response DefaultHttpResponse(decodeResult: success, version: HTTP/1.1)
HTTP/1.1 200 OK
Content-Type: application/json; charset=utf-8
cache-control: no-cache
content-length: 14

10:03:03.741 [AsyncHttpClient-1-10] DEBUG org.asynchttpclient.netty.channel.ChannelManager - Adding key: http://localhost:4003 for channel [id: 0x30146da3, L:/127.0.0.1:50090 - R:localhost/127.0.0.1:4003]
10:03:03.744 [Forwarding isElementDisplayed on session ce2ab638945a9fd7e07078e1dc016fe7 to remote] DEBUG org.asynchttpclient.netty.request.NettyRequestSender - Using pooled Channel '[id: 0x30146da3, L:/127.0.0.1:50090 - R:localhost/127.0.0.1:4003]' for 'POST' to 'http://localhost:4003/session/ce2ab638945a9fd7e07078e1dc016fe7/execute/sync'
10:03:03.744 [Forwarding isElementDisplayed on session ce2ab638945a9fd7e07078e1dc016fe7 to remote] DEBUG org.asynchttpclient.netty.request.NettyRequestSender - Using open Channel [id: 0x30146da3, L:/127.0.0.1:50090 - R:localhost/127.0.0.1:4003] for POST '/session/ce2ab638945a9fd7e07078e1dc016fe7/execute/sync'
10:03:03.763 [AsyncHttpClient-1-10] DEBUG org.asynchttpclient.netty.handler.HttpHandler - 

Request DefaultHttpRequest(decodeResult: success, version: HTTP/1.1)
POST /session/ce2ab638945a9fd7e07078e1dc016fe7/execute/sync HTTP/1.1
User-Agent: selenium/4.7.1 (java windows)
Content-Length: 48780
Content-Type: application/json; charset=utf-8
host: localhost:4003
accept: */*

Response DefaultHttpResponse(decodeResult: success, version: HTTP/1.1)
HTTP/1.1 200 OK
Content-Type: application/json; charset=utf-8
cache-control: no-cache
content-length: 14

10:03:03.763 [AsyncHttpClient-1-10] DEBUG org.asynchttpclient.netty.channel.ChannelManager - Adding key: http://localhost:4003 for channel [id: 0x30146da3, L:/127.0.0.1:50090 - R:localhost/127.0.0.1:4003]
10:03:03.771 [Forwarding getCurrentWindowHandle on session ce2ab638945a9fd7e07078e1dc016fe7 to remote] DEBUG org.asynchttpclient.netty.request.NettyRequestSender - Using pooled Channel '[id: 0x30146da3, L:/127.0.0.1:50090 - R:localhost/127.0.0.1:4003]' for 'GET' to 'http://localhost:4003/session/ce2ab638945a9fd7e07078e1dc016fe7/window'
10:03:03.771 [Forwarding getCurrentWindowHandle on session ce2ab638945a9fd7e07078e1dc016fe7 to remote] DEBUG org.asynchttpclient.netty.request.NettyRequestSender - Using open Channel [id: 0x30146da3, L:/127.0.0.1:50090 - R:localhost/127.0.0.1:4003] for GET '/session/ce2ab638945a9fd7e07078e1dc016fe7/window'
10:03:03.773 [AsyncHttpClient-1-10] DEBUG org.asynchttpclient.netty.handler.HttpHandler - 

Request DefaultFullHttpRequest(decodeResult: success, version: HTTP/1.1, content: EmptyByteBufBE)
GET /session/ce2ab638945a9fd7e07078e1dc016fe7/window HTTP/1.1
User-Agent: selenium/4.7.1 (java windows)
Cache-Control: no-cache
Content-Type: application/json; charset=utf-8
host: localhost:4003
accept: */*

Response DefaultHttpResponse(decodeResult: success, version: HTTP/1.1)
HTTP/1.1 200 OK
Content-Type: application/json; charset=utf-8
cache-control: no-cache
content-length: 44

10:03:03.773 [AsyncHttpClient-1-10] DEBUG org.asynchttpclient.netty.channel.ChannelManager - Adding key: http://localhost:4003 for channel [id: 0x30146da3, L:/127.0.0.1:50090 - R:localhost/127.0.0.1:4003]
10:03:03.775 [Forwarding getAlertText on session ce2ab638945a9fd7e07078e1dc016fe7 to remote] DEBUG org.asynchttpclient.netty.request.NettyRequestSender - Using pooled Channel '[id: 0x30146da3, L:/127.0.0.1:50090 - R:localhost/127.0.0.1:4003]' for 'GET' to 'http://localhost:4003/session/ce2ab638945a9fd7e07078e1dc016fe7/alert/text'
10:03:03.775 [Forwarding getAlertText on session ce2ab638945a9fd7e07078e1dc016fe7 to remote] DEBUG org.asynchttpclient.netty.request.NettyRequestSender - Using open Channel [id: 0x30146da3, L:/127.0.0.1:50090 - R:localhost/127.0.0.1:4003] for GET '/session/ce2ab638945a9fd7e07078e1dc016fe7/alert/text'
10:03:03.778 [AsyncHttpClient-1-10] DEBUG org.asynchttpclient.netty.handler.HttpHandler - 

Request DefaultFullHttpRequest(decodeResult: success, version: HTTP/1.1, content: EmptyByteBufBE)
GET /session/ce2ab638945a9fd7e07078e1dc016fe7/alert/text HTTP/1.1
User-Agent: selenium/4.7.1 (java windows)
Cache-Control: no-cache
Content-Type: application/json; charset=utf-8
host: localhost:4003
accept: */*

Response DefaultHttpResponse(decodeResult: success, version: HTTP/1.1)
HTTP/1.1 404 Not Found
Content-Type: application/json; charset=utf-8
cache-control: no-cache
content-length: 821

10:03:03.778 [AsyncHttpClient-1-10] DEBUG org.asynchttpclient.netty.channel.ChannelManager - Adding key: http://localhost:4003 for channel [id: 0x30146da3, L:/127.0.0.1:50090 - R:localhost/127.0.0.1:4003]
10:03:03.782 [Forwarding switchToWindow on session ce2ab638945a9fd7e07078e1dc016fe7 to remote] DEBUG org.asynchttpclient.netty.request.NettyRequestSender - Using pooled Channel '[id: 0x30146da3, L:/127.0.0.1:50090 - R:localhost/127.0.0.1:4003]' for 'POST' to 'http://localhost:4003/session/ce2ab638945a9fd7e07078e1dc016fe7/window'
10:03:03.782 [Forwarding switchToWindow on session ce2ab638945a9fd7e07078e1dc016fe7 to remote] DEBUG org.asynchttpclient.netty.request.NettyRequestSender - Using open Channel [id: 0x30146da3, L:/127.0.0.1:50090 - R:localhost/127.0.0.1:4003] for POST '/session/ce2ab638945a9fd7e07078e1dc016fe7/window'
10:03:03.787 [AsyncHttpClient-1-10] DEBUG org.asynchttpclient.netty.handler.HttpHandler - 

Request DefaultHttpRequest(decodeResult: success, version: HTTP/1.1)
POST /session/ce2ab638945a9fd7e07078e1dc016fe7/window HTTP/1.1
User-Agent: selenium/4.7.1 (java windows)
Content-Length: 50
Content-Type: application/json; charset=utf-8
host: localhost:4003
accept: */*

Response DefaultHttpResponse(decodeResult: success, version: HTTP/1.1)
HTTP/1.1 200 OK
Content-Type: application/json; charset=utf-8
cache-control: no-cache
content-length: 14

10:03:03.787 [AsyncHttpClient-1-10] DEBUG org.asynchttpclient.netty.channel.ChannelManager - Adding key: http://localhost:4003 for channel [id: 0x30146da3, L:/127.0.0.1:50090 - R:localhost/127.0.0.1:4003]
10:03:03.788 [Forwarding getCurrentUrl on session ce2ab638945a9fd7e07078e1dc016fe7 to remote] DEBUG org.asynchttpclient.netty.request.NettyRequestSender - Using pooled Channel '[id: 0x30146da3, L:/127.0.0.1:50090 - R:localhost/127.0.0.1:4003]' for 'GET' to 'http://localhost:4003/session/ce2ab638945a9fd7e07078e1dc016fe7/url'
10:03:03.788 [Forwarding getCurrentUrl on session ce2ab638945a9fd7e07078e1dc016fe7 to remote] DEBUG org.asynchttpclient.netty.request.NettyRequestSender - Using open Channel [id: 0x30146da3, L:/127.0.0.1:50090 - R:localhost/127.0.0.1:4003] for GET '/session/ce2ab638945a9fd7e07078e1dc016fe7/url'
10:03:03.795 [AsyncHttpClient-1-10] DEBUG org.asynchttpclient.netty.handler.HttpHandler - 

Request DefaultFullHttpRequest(decodeResult: success, version: HTTP/1.1, content: EmptyByteBufBE)
GET /session/ce2ab638945a9fd7e07078e1dc016fe7/url HTTP/1.1
User-Agent: selenium/4.7.1 (java windows)
Cache-Control: no-cache
Content-Type: application/json; charset=utf-8
host: localhost:4003
accept: */*

Response DefaultHttpResponse(decodeResult: success, version: HTTP/1.1)
HTTP/1.1 200 OK
Content-Type: application/json; charset=utf-8
cache-control: no-cache
content-length: 41

10:03:03.796 [AsyncHttpClient-1-10] DEBUG org.asynchttpclient.netty.channel.ChannelManager - Adding key: http://localhost:4003 for channel [id: 0x30146da3, L:/127.0.0.1:50090 - R:localhost/127.0.0.1:4003]
10:03:03.797 [Forwarding screenshot on session ce2ab638945a9fd7e07078e1dc016fe7 to remote] DEBUG org.asynchttpclient.netty.request.NettyRequestSender - Using pooled Channel '[id: 0x30146da3, L:/127.0.0.1:50090 - R:localhost/127.0.0.1:4003]' for 'GET' to 'http://localhost:4003/session/ce2ab638945a9fd7e07078e1dc016fe7/screenshot'
10:03:03.797 [Forwarding screenshot on session ce2ab638945a9fd7e07078e1dc016fe7 to remote] DEBUG org.asynchttpclient.netty.request.NettyRequestSender - Using open Channel [id: 0x30146da3, L:/127.0.0.1:50090 - R:localhost/127.0.0.1:4003] for GET '/session/ce2ab638945a9fd7e07078e1dc016fe7/screenshot'
10:03:03.903 [AsyncHttpClient-1-10] DEBUG org.asynchttpclient.netty.handler.HttpHandler - 

Request DefaultFullHttpRequest(decodeResult: success, version: HTTP/1.1, content: EmptyByteBufBE)
GET /session/ce2ab638945a9fd7e07078e1dc016fe7/screenshot HTTP/1.1
User-Agent: selenium/4.7.1 (java windows)
Cache-Control: no-cache
Content-Type: application/json; charset=utf-8
host: localhost:4003
accept: */*

Response DefaultHttpResponse(decodeResult: success, version: HTTP/1.1)
HTTP/1.1 200 OK
Content-Type: application/json; charset=utf-8
cache-control: no-cache
content-length: 116604

10:03:03.904 [AsyncHttpClient-1-10] DEBUG org.asynchttpclient.netty.channel.ChannelManager - Adding key: http://localhost:4003 for channel [id: 0x30146da3, L:/127.0.0.1:50090 - R:localhost/127.0.0.1:4003]
10:03:03.908 [main] DEBUG net.serenitybdd.core.photography.Darkroom - Send negative for processing for target\site\serenity\4df796af2a8bdb756d1884b1e063cc00b8bad9b7c3d312055b4347f07439074a.png
10:03:03.909 [main] DEBUG net.thucydides.core.steps.StepInterceptor - STEP DONE: diHomepageAltaShop
  &amp#27;[32mGiven &amp#27;[0m&amp#27;[32muser berada di Homepage AltaShop&amp#27;[0m                    &amp#27;[90m# starter.stepdefinitions.LoginRegisterSteps.userBeradaDiHomepageAlta()&amp#27;[0m
10:03:03.923 [main] DEBUG net.thucydides.core.steps.StepInterceptor - STARTING STEP: LoginRegisterSteps.userKlikButtonLogin - klikButtonLogin
10:03:03.926 [Forwarding findElement on session ce2ab638945a9fd7e07078e1dc016fe7 to remote] DEBUG org.asynchttpclient.netty.request.NettyRequestSender - Using pooled Channel '[id: 0x30146da3, L:/127.0.0.1:50090 - R:localhost/127.0.0.1:4003]' for 'POST' to 'http://localhost:4003/session/ce2ab638945a9fd7e07078e1dc016fe7/element'
10:03:03.926 [Forwarding findElement on session ce2ab638945a9fd7e07078e1dc016fe7 to remote] DEBUG org.asynchttpclient.netty.request.NettyRequestSender - Using open Channel [id: 0x30146da3, L:/127.0.0.1:50090 - R:localhost/127.0.0.1:4003] for POST '/session/ce2ab638945a9fd7e07078e1dc016fe7/element'
10:03:03.944 [AsyncHttpClient-1-10] DEBUG org.asynchttpclient.netty.handler.HttpHandler - 

Request DefaultHttpRequest(decodeResult: success, version: HTTP/1.1)
POST /session/ce2ab638945a9fd7e07078e1dc016fe7/element HTTP/1.1
User-Agent: selenium/4.7.1 (java windows)
Content-Length: 108
Content-Type: application/json; charset=utf-8
host: localhost:4003
accept: */*

Response DefaultHttpResponse(decodeResult: success, version: HTTP/1.1)
HTTP/1.1 200 OK
Content-Type: application/json; charset=utf-8
cache-control: no-cache
content-length: 88

10:03:03.944 [AsyncHttpClient-1-10] DEBUG org.asynchttpclient.netty.channel.ChannelManager - Adding key: http://localhost:4003 for channel [id: 0x30146da3, L:/127.0.0.1:50090 - R:localhost/127.0.0.1:4003]
10:03:03.946 [Forwarding getElementTagName on session ce2ab638945a9fd7e07078e1dc016fe7 to remote] DEBUG org.asynchttpclient.netty.request.NettyRequestSender - Using pooled Channel '[id: 0x30146da3, L:/127.0.0.1:50090 - R:localhost/127.0.0.1:4003]' for 'GET' to 'http://localhost:4003/session/ce2ab638945a9fd7e07078e1dc016fe7/element/7ce49984-8425-4b58-bfa5-07b6956f48ce/name'
10:03:03.946 [Forwarding getElementTagName on session ce2ab638945a9fd7e07078e1dc016fe7 to remote] DEBUG org.asynchttpclient.netty.request.NettyRequestSender - Using open Channel [id: 0x30146da3, L:/127.0.0.1:50090 - R:localhost/127.0.0.1:4003] for GET '/session/ce2ab638945a9fd7e07078e1dc016fe7/element/7ce49984-8425-4b58-bfa5-07b6956f48ce/name'
10:03:03.954 [AsyncHttpClient-1-10] DEBUG org.asynchttpclient.netty.handler.HttpHandler - 

Request DefaultFullHttpRequest(decodeResult: success, version: HTTP/1.1, content: EmptyByteBufBE)
GET /session/ce2ab638945a9fd7e07078e1dc016fe7/element/7ce49984-8425-4b58-bfa5-07b6956f48ce/name HTTP/1.1
User-Agent: selenium/4.7.1 (java windows)
Cache-Control: no-cache
Content-Type: application/json; charset=utf-8
host: localhost:4003
accept: */*

Response DefaultHttpResponse(decodeResult: success, version: HTTP/1.1)
HTTP/1.1 200 OK
Content-Type: application/json; charset=utf-8
cache-control: no-cache
content-length: 18

10:03:03.954 [AsyncHttpClient-1-10] DEBUG org.asynchttpclient.netty.channel.ChannelManager - Adding key: http://localhost:4003 for channel [id: 0x30146da3, L:/127.0.0.1:50090 - R:localhost/127.0.0.1:4003]
10:03:03.956 [Forwarding getElementTagName on session ce2ab638945a9fd7e07078e1dc016fe7 to remote] DEBUG org.asynchttpclient.netty.request.NettyRequestSender - Using pooled Channel '[id: 0x30146da3, L:/127.0.0.1:50090 - R:localhost/127.0.0.1:4003]' for 'GET' to 'http://localhost:4003/session/ce2ab638945a9fd7e07078e1dc016fe7/element/7ce49984-8425-4b58-bfa5-07b6956f48ce/name'
10:03:03.956 [Forwarding getElementTagName on session ce2ab638945a9fd7e07078e1dc016fe7 to remote] DEBUG org.asynchttpclient.netty.request.NettyRequestSender - Using open Channel [id: 0x30146da3, L:/127.0.0.1:50090 - R:localhost/127.0.0.1:4003] for GET '/session/ce2ab638945a9fd7e07078e1dc016fe7/element/7ce49984-8425-4b58-bfa5-07b6956f48ce/name'
10:03:03.962 [AsyncHttpClient-1-10] DEBUG org.asynchttpclient.netty.handler.HttpHandler - 

Request DefaultFullHttpRequest(decodeResult: success, version: HTTP/1.1, content: EmptyByteBufBE)
GET /session/ce2ab638945a9fd7e07078e1dc016fe7/element/7ce49984-8425-4b58-bfa5-07b6956f48ce/name HTTP/1.1
User-Agent: selenium/4.7.1 (java windows)
Cache-Control: no-cache
Content-Type: application/json; charset=utf-8
host: localhost:4003
accept: */*

Response DefaultHttpResponse(decodeResult: success, version: HTTP/1.1)
HTTP/1.1 200 OK
Content-Type: application/json; charset=utf-8
cache-control: no-cache
content-length: 18

10:03:03.962 [AsyncHttpClient-1-10] DEBUG org.asynchttpclient.netty.channel.ChannelManager - Adding key: http://localhost:4003 for channel [id: 0x30146da3, L:/127.0.0.1:50090 - R:localhost/127.0.0.1:4003]
10:03:03.964 [Forwarding isElementEnabled on session ce2ab638945a9fd7e07078e1dc016fe7 to remote] DEBUG org.asynchttpclient.netty.request.NettyRequestSender - Using pooled Channel '[id: 0x30146da3, L:/127.0.0.1:50090 - R:localhost/127.0.0.1:4003]' for 'GET' to 'http://localhost:4003/session/ce2ab638945a9fd7e07078e1dc016fe7/element/7ce49984-8425-4b58-bfa5-07b6956f48ce/enabled'
10:03:03.965 [Forwarding isElementEnabled on session ce2ab638945a9fd7e07078e1dc016fe7 to remote] DEBUG org.asynchttpclient.netty.request.NettyRequestSender - Using open Channel [id: 0x30146da3, L:/127.0.0.1:50090 - R:localhost/127.0.0.1:4003] for GET '/session/ce2ab638945a9fd7e07078e1dc016fe7/element/7ce49984-8425-4b58-bfa5-07b6956f48ce/enabled'
10:03:03.978 [AsyncHttpClient-1-10] DEBUG org.asynchttpclient.netty.handler.HttpHandler - 

Request DefaultFullHttpRequest(decodeResult: success, version: HTTP/1.1, content: EmptyByteBufBE)
GET /session/ce2ab638945a9fd7e07078e1dc016fe7/element/7ce49984-8425-4b58-bfa5-07b6956f48ce/enabled HTTP/1.1
User-Agent: selenium/4.7.1 (java windows)
Cache-Control: no-cache
Content-Type: application/json; charset=utf-8
host: localhost:4003
accept: */*

Response DefaultHttpResponse(decodeResult: success, version: HTTP/1.1)
HTTP/1.1 200 OK
Content-Type: application/json; charset=utf-8
cache-control: no-cache
content-length: 14

10:03:03.979 [AsyncHttpClient-1-10] DEBUG org.asynchttpclient.netty.channel.ChannelManager - Adding key: http://localhost:4003 for channel [id: 0x30146da3, L:/127.0.0.1:50090 - R:localhost/127.0.0.1:4003]
10:03:03.980 [Forwarding isElementEnabled on session ce2ab638945a9fd7e07078e1dc016fe7 to remote] DEBUG org.asynchttpclient.netty.request.NettyRequestSender - Using pooled Channel '[id: 0x30146da3, L:/127.0.0.1:50090 - R:localhost/127.0.0.1:4003]' for 'GET' to 'http://localhost:4003/session/ce2ab638945a9fd7e07078e1dc016fe7/element/7ce49984-8425-4b58-bfa5-07b6956f48ce/enabled'
10:03:03.980 [Forwarding isElementEnabled on session ce2ab638945a9fd7e07078e1dc016fe7 to remote] DEBUG org.asynchttpclient.netty.request.NettyRequestSender - Using open Channel [id: 0x30146da3, L:/127.0.0.1:50090 - R:localhost/127.0.0.1:4003] for GET '/session/ce2ab638945a9fd7e07078e1dc016fe7/element/7ce49984-8425-4b58-bfa5-07b6956f48ce/enabled'
10:03:03.990 [AsyncHttpClient-1-10] DEBUG org.asynchttpclient.netty.handler.HttpHandler - 

Request DefaultFullHttpRequest(decodeResult: success, version: HTTP/1.1, content: EmptyByteBufBE)
GET /session/ce2ab638945a9fd7e07078e1dc016fe7/element/7ce49984-8425-4b58-bfa5-07b6956f48ce/enabled HTTP/1.1
User-Agent: selenium/4.7.1 (java windows)
Cache-Control: no-cache
Content-Type: application/json; charset=utf-8
host: localhost:4003
accept: */*

Response DefaultHttpResponse(decodeResult: success, version: HTTP/1.1)
HTTP/1.1 200 OK
Content-Type: application/json; charset=utf-8
cache-control: no-cache
content-length: 14

10:03:03.990 [AsyncHttpClient-1-10] DEBUG org.asynchttpclient.netty.channel.ChannelManager - Adding key: http://localhost:4003 for channel [id: 0x30146da3, L:/127.0.0.1:50090 - R:localhost/127.0.0.1:4003]
10:03:03.992 [Forwarding findElement on session ce2ab638945a9fd7e07078e1dc016fe7 to remote] DEBUG org.asynchttpclient.netty.request.NettyRequestSender - Using pooled Channel '[id: 0x30146da3, L:/127.0.0.1:50090 - R:localhost/127.0.0.1:4003]' for 'POST' to 'http://localhost:4003/session/ce2ab638945a9fd7e07078e1dc016fe7/element'
10:03:03.992 [Forwarding findElement on session ce2ab638945a9fd7e07078e1dc016fe7 to remote] DEBUG org.asynchttpclient.netty.request.NettyRequestSender - Using open Channel [id: 0x30146da3, L:/127.0.0.1:50090 - R:localhost/127.0.0.1:4003] for POST '/session/ce2ab638945a9fd7e07078e1dc016fe7/element'
10:03:04.012 [AsyncHttpClient-1-10] DEBUG org.asynchttpclient.netty.handler.HttpHandler - 

Request DefaultHttpRequest(decodeResult: success, version: HTTP/1.1)
POST /session/ce2ab638945a9fd7e07078e1dc016fe7/element HTTP/1.1
User-Agent: selenium/4.7.1 (java windows)
Content-Length: 108
Content-Type: application/json; charset=utf-8
host: localhost:4003
accept: */*

Response DefaultHttpResponse(decodeResult: success, version: HTTP/1.1)
HTTP/1.1 200 OK
Content-Type: application/json; charset=utf-8
cache-control: no-cache
content-length: 88

10:03:04.012 [AsyncHttpClient-1-10] DEBUG org.asynchttpclient.netty.channel.ChannelManager - Adding key: http://localhost:4003 for channel [id: 0x30146da3, L:/127.0.0.1:50090 - R:localhost/127.0.0.1:4003]
10:03:04.015 [Forwarding clickElement on session ce2ab638945a9fd7e07078e1dc016fe7 to remote] DEBUG org.asynchttpclient.netty.request.NettyRequestSender - Using pooled Channel '[id: 0x30146da3, L:/127.0.0.1:50090 - R:localhost/127.0.0.1:4003]' for 'POST' to 'http://localhost:4003/session/ce2ab638945a9fd7e07078e1dc016fe7/element/7ce49984-8425-4b58-bfa5-07b6956f48ce/click'
10:03:04.015 [Forwarding clickElement on session ce2ab638945a9fd7e07078e1dc016fe7 to remote] DEBUG org.asynchttpclient.netty.request.NettyRequestSender - Using open Channel [id: 0x30146da3, L:/127.0.0.1:50090 - R:localhost/127.0.0.1:4003] for POST '/session/ce2ab638945a9fd7e07078e1dc016fe7/element/7ce49984-8425-4b58-bfa5-07b6956f48ce/click'
10:03:04.126 [AsyncHttpClient-1-10] DEBUG org.asynchttpclient.netty.handler.HttpHandler - 

Request DefaultHttpRequest(decodeResult: success, version: HTTP/1.1)
POST /session/ce2ab638945a9fd7e07078e1dc016fe7/element/7ce49984-8425-4b58-bfa5-07b6956f48ce/click HTTP/1.1
User-Agent: selenium/4.7.1 (java windows)
Content-Length: 50
Content-Type: application/json; charset=utf-8
host: localhost:4003
accept: */*

Response DefaultHttpResponse(decodeResult: success, version: HTTP/1.1)
HTTP/1.1 200 OK
Content-Type: application/json; charset=utf-8
cache-control: no-cache
content-length: 14

10:03:04.127 [AsyncHttpClient-1-10] DEBUG org.asynchttpclient.netty.channel.ChannelManager - Adding key: http://localhost:4003 for channel [id: 0x30146da3, L:/127.0.0.1:50090 - R:localhost/127.0.0.1:4003]
10:03:04.139 [Forwarding getCurrentWindowHandle on session ce2ab638945a9fd7e07078e1dc016fe7 to remote] DEBUG org.asynchttpclient.netty.request.NettyRequestSender - Using pooled Channel '[id: 0x30146da3, L:/127.0.0.1:50090 - R:localhost/127.0.0.1:4003]' for 'GET' to 'http://localhost:4003/session/ce2ab638945a9fd7e07078e1dc016fe7/window'
10:03:04.139 [Forwarding getCurrentWindowHandle on session ce2ab638945a9fd7e07078e1dc016fe7 to remote] DEBUG org.asynchttpclient.netty.request.NettyRequestSender - Using open Channel [id: 0x30146da3, L:/127.0.0.1:50090 - R:localhost/127.0.0.1:4003] for GET '/session/ce2ab638945a9fd7e07078e1dc016fe7/window'
10:03:04.141 [AsyncHttpClient-1-10] DEBUG org.asynchttpclient.netty.handler.HttpHandler - 

Request DefaultFullHttpRequest(decodeResult: success, version: HTTP/1.1, content: EmptyByteBufBE)
GET /session/ce2ab638945a9fd7e07078e1dc016fe7/window HTTP/1.1
User-Agent: selenium/4.7.1 (java windows)
Cache-Control: no-cache
Content-Type: application/json; charset=utf-8
host: localhost:4003
accept: */*

Response DefaultHttpResponse(decodeResult: success, version: HTTP/1.1)
HTTP/1.1 200 OK
Content-Type: application/json; charset=utf-8
cache-control: no-cache
content-length: 44

10:03:04.141 [AsyncHttpClient-1-10] DEBUG org.asynchttpclient.netty.channel.ChannelManager - Adding key: http://localhost:4003 for channel [id: 0x30146da3, L:/127.0.0.1:50090 - R:localhost/127.0.0.1:4003]
10:03:04.145 [Forwarding getAlertText on session ce2ab638945a9fd7e07078e1dc016fe7 to remote] DEBUG org.asynchttpclient.netty.request.NettyRequestSender - Using pooled Channel '[id: 0x30146da3, L:/127.0.0.1:50090 - R:localhost/127.0.0.1:4003]' for 'GET' to 'http://localhost:4003/session/ce2ab638945a9fd7e07078e1dc016fe7/alert/text'
10:03:04.145 [Forwarding getAlertText on session ce2ab638945a9fd7e07078e1dc016fe7 to remote] DEBUG org.asynchttpclient.netty.request.NettyRequestSender - Using open Channel [id: 0x30146da3, L:/127.0.0.1:50090 - R:localhost/127.0.0.1:4003] for GET '/session/ce2ab638945a9fd7e07078e1dc016fe7/alert/text'
10:03:04.365 [AsyncHttpClient-1-10] DEBUG org.asynchttpclient.netty.handler.HttpHandler - 

Request DefaultFullHttpRequest(decodeResult: success, version: HTTP/1.1, content: EmptyByteBufBE)
GET /session/ce2ab638945a9fd7e07078e1dc016fe7/alert/text HTTP/1.1
User-Agent: selenium/4.7.1 (java windows)
Cache-Control: no-cache
Content-Type: application/json; charset=utf-8
host: localhost:4003
accept: */*

Response DefaultHttpResponse(decodeResult: success, version: HTTP/1.1)
HTTP/1.1 404 Not Found
Content-Type: application/json; charset=utf-8
cache-control: no-cache
content-length: 821

10:03:04.365 [AsyncHttpClient-1-10] DEBUG org.asynchttpclient.netty.channel.ChannelManager - Adding key: http://localhost:4003 for channel [id: 0x30146da3, L:/127.0.0.1:50090 - R:localhost/127.0.0.1:4003]
10:03:04.369 [Forwarding switchToWindow on session ce2ab638945a9fd7e07078e1dc016fe7 to remote] DEBUG org.asynchttpclient.netty.request.NettyRequestSender - Using pooled Channel '[id: 0x30146da3, L:/127.0.0.1:50090 - R:localhost/127.0.0.1:4003]' for 'POST' to 'http://localhost:4003/session/ce2ab638945a9fd7e07078e1dc016fe7/window'
10:03:04.369 [Forwarding switchToWindow on session ce2ab638945a9fd7e07078e1dc016fe7 to remote] DEBUG org.asynchttpclient.netty.request.NettyRequestSender - Using open Channel [id: 0x30146da3, L:/127.0.0.1:50090 - R:localhost/127.0.0.1:4003] for POST '/session/ce2ab638945a9fd7e07078e1dc016fe7/window'
10:03:04.375 [AsyncHttpClient-1-10] DEBUG org.asynchttpclient.netty.handler.HttpHandler - 

Request DefaultHttpRequest(decodeResult: success, version: HTTP/1.1)
POST /session/ce2ab638945a9fd7e07078e1dc016fe7/window HTTP/1.1
User-Agent: selenium/4.7.1 (java windows)
Content-Length: 50
Content-Type: application/json; charset=utf-8
host: localhost:4003
accept: */*

Response DefaultHttpResponse(decodeResult: success, version: HTTP/1.1)
HTTP/1.1 200 OK
Content-Type: application/json; charset=utf-8
cache-control: no-cache
content-length: 14

10:03:04.375 [AsyncHttpClient-1-10] DEBUG org.asynchttpclient.netty.channel.ChannelManager - Adding key: http://localhost:4003 for channel [id: 0x30146da3, L:/127.0.0.1:50090 - R:localhost/127.0.0.1:4003]
10:03:04.376 [Forwarding getCurrentUrl on session ce2ab638945a9fd7e07078e1dc016fe7 to remote] DEBUG org.asynchttpclient.netty.request.NettyRequestSender - Using pooled Channel '[id: 0x30146da3, L:/127.0.0.1:50090 - R:localhost/127.0.0.1:4003]' for 'GET' to 'http://localhost:4003/session/ce2ab638945a9fd7e07078e1dc016fe7/url'
10:03:04.377 [Forwarding getCurrentUrl on session ce2ab638945a9fd7e07078e1dc016fe7 to remote] DEBUG org.asynchttpclient.netty.request.NettyRequestSender - Using open Channel [id: 0x30146da3, L:/127.0.0.1:50090 - R:localhost/127.0.0.1:4003] for GET '/session/ce2ab638945a9fd7e07078e1dc016fe7/url'
10:03:04.385 [AsyncHttpClient-1-10] DEBUG org.asynchttpclient.netty.handler.HttpHandler - 

Request DefaultFullHttpRequest(decodeResult: success, version: HTTP/1.1, content: EmptyByteBufBE)
GET /session/ce2ab638945a9fd7e07078e1dc016fe7/url HTTP/1.1
User-Agent: selenium/4.7.1 (java windows)
Cache-Control: no-cache
Content-Type: application/json; charset=utf-8
host: localhost:4003
accept: */*

Response DefaultHttpResponse(decodeResult: success, version: HTTP/1.1)
HTTP/1.1 200 OK
Content-Type: application/json; charset=utf-8
cache-control: no-cache
content-length: 51

10:03:04.385 [AsyncHttpClient-1-10] DEBUG org.asynchttpclient.netty.channel.ChannelManager - Adding key: http://localhost:4003 for channel [id: 0x30146da3, L:/127.0.0.1:50090 - R:localhost/127.0.0.1:4003]
10:03:04.386 [Forwarding screenshot on session ce2ab638945a9fd7e07078e1dc016fe7 to remote] DEBUG org.asynchttpclient.netty.request.NettyRequestSender - Using pooled Channel '[id: 0x30146da3, L:/127.0.0.1:50090 - R:localhost/127.0.0.1:4003]' for 'GET' to 'http://localhost:4003/session/ce2ab638945a9fd7e07078e1dc016fe7/screenshot'
10:03:04.386 [Forwarding screenshot on session ce2ab638945a9fd7e07078e1dc016fe7 to remote] DEBUG org.asynchttpclient.netty.request.NettyRequestSender - Using open Channel [id: 0x30146da3, L:/127.0.0.1:50090 - R:localhost/127.0.0.1:4003] for GET '/session/ce2ab638945a9fd7e07078e1dc016fe7/screenshot'
10:03:04.519 [AsyncHttpClient-1-10] DEBUG org.asynchttpclient.netty.handler.HttpHandler - 

Request DefaultFullHttpRequest(decodeResult: success, version: HTTP/1.1, content: EmptyByteBufBE)
GET /session/ce2ab638945a9fd7e07078e1dc016fe7/screenshot HTTP/1.1
User-Agent: selenium/4.7.1 (java windows)
Cache-Control: no-cache
Content-Type: application/json; charset=utf-8
host: localhost:4003
accept: */*

Response DefaultHttpResponse(decodeResult: success, version: HTTP/1.1)
HTTP/1.1 200 OK
Content-Type: application/json; charset=utf-8
cache-control: no-cache
content-length: 26264

10:03:04.519 [AsyncHttpClient-1-10] DEBUG org.asynchttpclient.netty.channel.ChannelManager - Adding key: http://localhost:4003 for channel [id: 0x30146da3, L:/127.0.0.1:50090 - R:localhost/127.0.0.1:4003]
10:03:04.522 [main] DEBUG net.serenitybdd.core.photography.Darkroom - Send negative for processing for target\site\serenity\a4413543fcda17dda97509c633bca9519f8bc2913c263621c5f3ad179ab43bd1.png
10:03:04.523 [main] DEBUG net.thucydides.core.steps.StepInterceptor - STEP DONE: klikButtonLogin
  &amp#27;[32mWhen &amp#27;[0m&amp#27;[32muser klik button login&amp#27;[0m                               &amp#27;[90m# starter.stepdefinitions.LoginRegisterSteps.userKlikButtonLogin()&amp#27;[0m
10:03:04.550 [main] DEBUG net.thucydides.core.steps.StepInterceptor - STARTING STEP: RegisterSteps.userKlikRegister - klikLinkRegister
10:03:04.553 [Forwarding findElement on session ce2ab638945a9fd7e07078e1dc016fe7 to remote] DEBUG org.asynchttpclient.netty.request.NettyRequestSender - Using pooled Channel '[id: 0x30146da3, L:/127.0.0.1:50090 - R:localhost/127.0.0.1:4003]' for 'POST' to 'http://localhost:4003/session/ce2ab638945a9fd7e07078e1dc016fe7/element'
10:03:04.553 [Forwarding findElement on session ce2ab638945a9fd7e07078e1dc016fe7 to remote] DEBUG org.asynchttpclient.netty.request.NettyRequestSender - Using open Channel [id: 0x30146da3, L:/127.0.0.1:50090 - R:localhost/127.0.0.1:4003] for POST '/session/ce2ab638945a9fd7e07078e1dc016fe7/element'
10:03:04.574 [AsyncHttpClient-1-10] DEBUG org.asynchttpclient.netty.handler.HttpHandler - 

Request DefaultHttpRequest(decodeResult: success, version: HTTP/1.1)
POST /session/ce2ab638945a9fd7e07078e1dc016fe7/element HTTP/1.1
User-Agent: selenium/4.7.1 (java windows)
Content-Length: 84
Content-Type: application/json; charset=utf-8
host: localhost:4003
accept: */*

Response DefaultHttpResponse(decodeResult: success, version: HTTP/1.1)
HTTP/1.1 200 OK
Content-Type: application/json; charset=utf-8
cache-control: no-cache
content-length: 88

10:03:04.575 [AsyncHttpClient-1-10] DEBUG org.asynchttpclient.netty.channel.ChannelManager - Adding key: http://localhost:4003 for channel [id: 0x30146da3, L:/127.0.0.1:50090 - R:localhost/127.0.0.1:4003]
10:03:04.577 [Forwarding getElementTagName on session ce2ab638945a9fd7e07078e1dc016fe7 to remote] DEBUG org.asynchttpclient.netty.request.NettyRequestSender - Using pooled Channel '[id: 0x30146da3, L:/127.0.0.1:50090 - R:localhost/127.0.0.1:4003]' for 'GET' to 'http://localhost:4003/session/ce2ab638945a9fd7e07078e1dc016fe7/element/87876b1e-0f8d-427f-9acb-e56c429d5a6b/name'
10:03:04.577 [Forwarding getElementTagName on session ce2ab638945a9fd7e07078e1dc016fe7 to remote] DEBUG org.asynchttpclient.netty.request.NettyRequestSender - Using open Channel [id: 0x30146da3, L:/127.0.0.1:50090 - R:localhost/127.0.0.1:4003] for GET '/session/ce2ab638945a9fd7e07078e1dc016fe7/element/87876b1e-0f8d-427f-9acb-e56c429d5a6b/name'
10:03:04.586 [AsyncHttpClient-1-10] DEBUG org.asynchttpclient.netty.handler.HttpHandler - 

Request DefaultFullHttpRequest(decodeResult: success, version: HTTP/1.1, content: EmptyByteBufBE)
GET /session/ce2ab638945a9fd7e07078e1dc016fe7/element/87876b1e-0f8d-427f-9acb-e56c429d5a6b/name HTTP/1.1
User-Agent: selenium/4.7.1 (java windows)
Cache-Control: no-cache
Content-Type: application/json; charset=utf-8
host: localhost:4003
accept: */*

Response DefaultHttpResponse(decodeResult: success, version: HTTP/1.1)
HTTP/1.1 200 OK
Content-Type: application/json; charset=utf-8
cache-control: no-cache
content-length: 13

10:03:04.586 [AsyncHttpClient-1-10] DEBUG org.asynchttpclient.netty.channel.ChannelManager - Adding key: http://localhost:4003 for channel [id: 0x30146da3, L:/127.0.0.1:50090 - R:localhost/127.0.0.1:4003]
10:03:04.588 [Forwarding getElementTagName on session ce2ab638945a9fd7e07078e1dc016fe7 to remote] DEBUG org.asynchttpclient.netty.request.NettyRequestSender - Using pooled Channel '[id: 0x30146da3, L:/127.0.0.1:50090 - R:localhost/127.0.0.1:4003]' for 'GET' to 'http://localhost:4003/session/ce2ab638945a9fd7e07078e1dc016fe7/element/87876b1e-0f8d-427f-9acb-e56c429d5a6b/name'
10:03:04.588 [Forwarding getElementTagName on session ce2ab638945a9fd7e07078e1dc016fe7 to remote] DEBUG org.asynchttpclient.netty.request.NettyRequestSender - Using open Channel [id: 0x30146da3, L:/127.0.0.1:50090 - R:localhost/127.0.0.1:4003] for GET '/session/ce2ab638945a9fd7e07078e1dc016fe7/element/87876b1e-0f8d-427f-9acb-e56c429d5a6b/name'
10:03:04.595 [AsyncHttpClient-1-10] DEBUG org.asynchttpclient.netty.handler.HttpHandler - 

Request DefaultFullHttpRequest(decodeResult: success, version: HTTP/1.1, content: EmptyByteBufBE)
GET /session/ce2ab638945a9fd7e07078e1dc016fe7/element/87876b1e-0f8d-427f-9acb-e56c429d5a6b/name HTTP/1.1
User-Agent: selenium/4.7.1 (java windows)
Cache-Control: no-cache
Content-Type: application/json; charset=utf-8
host: localhost:4003
accept: */*

Response DefaultHttpResponse(decodeResult: success, version: HTTP/1.1)
HTTP/1.1 200 OK
Content-Type: application/json; charset=utf-8
cache-control: no-cache
content-length: 13

10:03:04.596 [AsyncHttpClient-1-10] DEBUG org.asynchttpclient.netty.channel.ChannelManager - Adding key: http://localhost:4003 for channel [id: 0x30146da3, L:/127.0.0.1:50090 - R:localhost/127.0.0.1:4003]
10:03:04.598 [Forwarding findElement on session ce2ab638945a9fd7e07078e1dc016fe7 to remote] DEBUG org.asynchttpclient.netty.request.NettyRequestSender - Using pooled Channel '[id: 0x30146da3, L:/127.0.0.1:50090 - R:localhost/127.0.0.1:4003]' for 'POST' to 'http://localhost:4003/session/ce2ab638945a9fd7e07078e1dc016fe7/element'
10:03:04.598 [Forwarding findElement on session ce2ab638945a9fd7e07078e1dc016fe7 to remote] DEBUG org.asynchttpclient.netty.request.NettyRequestSender - Using open Channel [id: 0x30146da3, L:/127.0.0.1:50090 - R:localhost/127.0.0.1:4003] for POST '/session/ce2ab638945a9fd7e07078e1dc016fe7/element'
10:03:04.610 [AsyncHttpClient-1-10] DEBUG org.asynchttpclient.netty.handler.HttpHandler - 

Request DefaultHttpRequest(decodeResult: success, version: HTTP/1.1)
POST /session/ce2ab638945a9fd7e07078e1dc016fe7/element HTTP/1.1
User-Agent: selenium/4.7.1 (java windows)
Content-Length: 84
Content-Type: application/json; charset=utf-8
host: localhost:4003
accept: */*

Response DefaultHttpResponse(decodeResult: success, version: HTTP/1.1)
HTTP/1.1 200 OK
Content-Type: application/json; charset=utf-8
cache-control: no-cache
content-length: 88

10:03:04.610 [AsyncHttpClient-1-10] DEBUG org.asynchttpclient.netty.channel.ChannelManager - Adding key: http://localhost:4003 for channel [id: 0x30146da3, L:/127.0.0.1:50090 - R:localhost/127.0.0.1:4003]
10:03:04.612 [Forwarding clickElement on session ce2ab638945a9fd7e07078e1dc016fe7 to remote] DEBUG org.asynchttpclient.netty.request.NettyRequestSender - Using pooled Channel '[id: 0x30146da3, L:/127.0.0.1:50090 - R:localhost/127.0.0.1:4003]' for 'POST' to 'http://localhost:4003/session/ce2ab638945a9fd7e07078e1dc016fe7/element/87876b1e-0f8d-427f-9acb-e56c429d5a6b/click'
10:03:04.612 [Forwarding clickElement on session ce2ab638945a9fd7e07078e1dc016fe7 to remote] DEBUG org.asynchttpclient.netty.request.NettyRequestSender - Using open Channel [id: 0x30146da3, L:/127.0.0.1:50090 - R:localhost/127.0.0.1:4003] for POST '/session/ce2ab638945a9fd7e07078e1dc016fe7/element/87876b1e-0f8d-427f-9acb-e56c429d5a6b/click'
10:03:04.673 [AsyncHttpClient-1-1] DEBUG org.asynchttpclient.netty.channel.DefaultChannelPool - Entry count for : http://localhost:50091 : 1
10:03:04.696 [AsyncHttpClient-1-10] DEBUG org.asynchttpclient.netty.handler.HttpHandler - 

Request DefaultHttpRequest(decodeResult: success, version: HTTP/1.1)
POST /session/ce2ab638945a9fd7e07078e1dc016fe7/element/87876b1e-0f8d-427f-9acb-e56c429d5a6b/click HTTP/1.1
User-Agent: selenium/4.7.1 (java windows)
Content-Length: 50
Content-Type: application/json; charset=utf-8
host: localhost:4003
accept: */*

Response DefaultHttpResponse(decodeResult: success, version: HTTP/1.1)
HTTP/1.1 200 OK
Content-Type: application/json; charset=utf-8
cache-control: no-cache
content-length: 14

10:03:04.696 [AsyncHttpClient-1-10] DEBUG org.asynchttpclient.netty.channel.ChannelManager - Adding key: http://localhost:4003 for channel [id: 0x30146da3, L:/127.0.0.1:50090 - R:localhost/127.0.0.1:4003]
10:03:04.712 [Forwarding getCurrentWindowHandle on session ce2ab638945a9fd7e07078e1dc016fe7 to remote] DEBUG org.asynchttpclient.netty.request.NettyRequestSender - Using pooled Channel '[id: 0x30146da3, L:/127.0.0.1:50090 - R:localhost/127.0.0.1:4003]' for 'GET' to 'http://localhost:4003/session/ce2ab638945a9fd7e07078e1dc016fe7/window'
10:03:04.712 [Forwarding getCurrentWindowHandle on session ce2ab638945a9fd7e07078e1dc016fe7 to remote] DEBUG org.asynchttpclient.netty.request.NettyRequestSender - Using open Channel [id: 0x30146da3, L:/127.0.0.1:50090 - R:localhost/127.0.0.1:4003] for GET '/session/ce2ab638945a9fd7e07078e1dc016fe7/window'
10:03:04.713 [AsyncHttpClient-1-10] DEBUG org.asynchttpclient.netty.handler.HttpHandler - 

Request DefaultFullHttpRequest(decodeResult: success, version: HTTP/1.1, content: EmptyByteBufBE)
GET /session/ce2ab638945a9fd7e07078e1dc016fe7/window HTTP/1.1
User-Agent: selenium/4.7.1 (java windows)
Cache-Control: no-cache
Content-Type: application/json; charset=utf-8
host: localhost:4003
accept: */*

Response DefaultHttpResponse(decodeResult: success, version: HTTP/1.1)
HTTP/1.1 200 OK
Content-Type: application/json; charset=utf-8
cache-control: no-cache
content-length: 44

10:03:04.714 [AsyncHttpClient-1-10] DEBUG org.asynchttpclient.netty.channel.ChannelManager - Adding key: http://localhost:4003 for channel [id: 0x30146da3, L:/127.0.0.1:50090 - R:localhost/127.0.0.1:4003]
10:03:04.721 [Forwarding getAlertText on session ce2ab638945a9fd7e07078e1dc016fe7 to remote] DEBUG org.asynchttpclient.netty.request.NettyRequestSender - Using pooled Channel '[id: 0x30146da3, L:/127.0.0.1:50090 - R:localhost/127.0.0.1:4003]' for 'GET' to 'http://localhost:4003/session/ce2ab638945a9fd7e07078e1dc016fe7/alert/text'
10:03:04.721 [Forwarding getAlertText on session ce2ab638945a9fd7e07078e1dc016fe7 to remote] DEBUG org.asynchttpclient.netty.request.NettyRequestSender - Using open Channel [id: 0x30146da3, L:/127.0.0.1:50090 - R:localhost/127.0.0.1:4003] for GET '/session/ce2ab638945a9fd7e07078e1dc016fe7/alert/text'
10:03:04.757 [AsyncHttpClient-1-10] DEBUG org.asynchttpclient.netty.handler.HttpHandler - 

Request DefaultFullHttpRequest(decodeResult: success, version: HTTP/1.1, content: EmptyByteBufBE)
GET /session/ce2ab638945a9fd7e07078e1dc016fe7/alert/text HTTP/1.1
User-Agent: selenium/4.7.1 (java windows)
Cache-Control: no-cache
Content-Type: application/json; charset=utf-8
host: localhost:4003
accept: */*

Response DefaultHttpResponse(decodeResult: success, version: HTTP/1.1)
HTTP/1.1 404 Not Found
Content-Type: application/json; charset=utf-8
cache-control: no-cache
content-length: 821

10:03:04.757 [AsyncHttpClient-1-10] DEBUG org.asynchttpclient.netty.channel.ChannelManager - Adding key: http://localhost:4003 for channel [id: 0x30146da3, L:/127.0.0.1:50090 - R:localhost/127.0.0.1:4003]
10:03:04.760 [Forwarding switchToWindow on session ce2ab638945a9fd7e07078e1dc016fe7 to remote] DEBUG org.asynchttpclient.netty.request.NettyRequestSender - Using pooled Channel '[id: 0x30146da3, L:/127.0.0.1:50090 - R:localhost/127.0.0.1:4003]' for 'POST' to 'http://localhost:4003/session/ce2ab638945a9fd7e07078e1dc016fe7/window'
10:03:04.760 [Forwarding switchToWindow on session ce2ab638945a9fd7e07078e1dc016fe7 to remote] DEBUG org.asynchttpclient.netty.request.NettyRequestSender - Using open Channel [id: 0x30146da3, L:/127.0.0.1:50090 - R:localhost/127.0.0.1:4003] for POST '/session/ce2ab638945a9fd7e07078e1dc016fe7/window'
10:03:04.764 [AsyncHttpClient-1-10] DEBUG org.asynchttpclient.netty.handler.HttpHandler - 

Request DefaultHttpRequest(decodeResult: success, version: HTTP/1.1)
POST /session/ce2ab638945a9fd7e07078e1dc016fe7/window HTTP/1.1
User-Agent: selenium/4.7.1 (java windows)
Content-Length: 50
Content-Type: application/json; charset=utf-8
host: localhost:4003
accept: */*

Response DefaultHttpResponse(decodeResult: success, version: HTTP/1.1)
HTTP/1.1 200 OK
Content-Type: application/json; charset=utf-8
cache-control: no-cache
content-length: 14

10:03:04.764 [AsyncHttpClient-1-10] DEBUG org.asynchttpclient.netty.channel.ChannelManager - Adding key: http://localhost:4003 for channel [id: 0x30146da3, L:/127.0.0.1:50090 - R:localhost/127.0.0.1:4003]
10:03:04.765 [Forwarding getCurrentUrl on session ce2ab638945a9fd7e07078e1dc016fe7 to remote] DEBUG org.asynchttpclient.netty.request.NettyRequestSender - Using pooled Channel '[id: 0x30146da3, L:/127.0.0.1:50090 - R:localhost/127.0.0.1:4003]' for 'GET' to 'http://localhost:4003/session/ce2ab638945a9fd7e07078e1dc016fe7/url'
10:03:04.765 [Forwarding getCurrentUrl on session ce2ab638945a9fd7e07078e1dc016fe7 to remote] DEBUG org.asynchttpclient.netty.request.NettyRequestSender - Using open Channel [id: 0x30146da3, L:/127.0.0.1:50090 - R:localhost/127.0.0.1:4003] for GET '/session/ce2ab638945a9fd7e07078e1dc016fe7/url'
10:03:04.777 [AsyncHttpClient-1-10] DEBUG org.asynchttpclient.netty.handler.HttpHandler - 

Request DefaultFullHttpRequest(decodeResult: success, version: HTTP/1.1, content: EmptyByteBufBE)
GET /session/ce2ab638945a9fd7e07078e1dc016fe7/url HTTP/1.1
User-Agent: selenium/4.7.1 (java windows)
Cache-Control: no-cache
Content-Type: application/json; charset=utf-8
host: localhost:4003
accept: */*

Response DefaultHttpResponse(decodeResult: success, version: HTTP/1.1)
HTTP/1.1 200 OK
Content-Type: application/json; charset=utf-8
cache-control: no-cache
content-length: 54

10:03:04.777 [AsyncHttpClient-1-10] DEBUG org.asynchttpclient.netty.channel.ChannelManager - Adding key: http://localhost:4003 for channel [id: 0x30146da3, L:/127.0.0.1:50090 - R:localhost/127.0.0.1:4003]
10:03:04.778 [Forwarding screenshot on session ce2ab638945a9fd7e07078e1dc016fe7 to remote] DEBUG org.asynchttpclient.netty.request.NettyRequestSender - Using pooled Channel '[id: 0x30146da3, L:/127.0.0.1:50090 - R:localhost/127.0.0.1:4003]' for 'GET' to 'http://localhost:4003/session/ce2ab638945a9fd7e07078e1dc016fe7/screenshot'
10:03:04.778 [Forwarding screenshot on session ce2ab638945a9fd7e07078e1dc016fe7 to remote] DEBUG org.asynchttpclient.netty.request.NettyRequestSender - Using open Channel [id: 0x30146da3, L:/127.0.0.1:50090 - R:localhost/127.0.0.1:4003] for GET '/session/ce2ab638945a9fd7e07078e1dc016fe7/screenshot'
10:03:04.931 [AsyncHttpClient-1-10] DEBUG org.asynchttpclient.netty.handler.HttpHandler - 

Request DefaultFullHttpRequest(decodeResult: success, version: HTTP/1.1, content: EmptyByteBufBE)
GET /session/ce2ab638945a9fd7e07078e1dc016fe7/screenshot HTTP/1.1
User-Agent: selenium/4.7.1 (java windows)
Cache-Control: no-cache
Content-Type: application/json; charset=utf-8
host: localhost:4003
accept: */*

Response DefaultHttpResponse(decodeResult: success, version: HTTP/1.1)
HTTP/1.1 200 OK
Content-Type: application/json; charset=utf-8
cache-control: no-cache
content-length: 30388

10:03:04.931 [AsyncHttpClient-1-10] DEBUG org.asynchttpclient.netty.channel.ChannelManager - Adding key: http://localhost:4003 for channel [id: 0x30146da3, L:/127.0.0.1:50090 - R:localhost/127.0.0.1:4003]
10:03:04.934 [main] DEBUG net.serenitybdd.core.photography.Darkroom - Send negative for processing for target\site\serenity\e4e6fa2f33e255e6bcbaefb32f3a5f85b60a872ac8dfea058260a86047e3bb19.png
10:03:04.935 [main] DEBUG net.thucydides.core.steps.StepInterceptor - STEP DONE: klikLinkRegister
  &amp#27;[32mThen &amp#27;[0m&amp#27;[32muser klik register&amp#27;[0m                                   &amp#27;[90m# starter.stepdefinitions.RegisterSteps.userKlikRegister()&amp#27;[0m
10:03:04.935 [Darkroom Processing Line] DEBUG net.serenitybdd.core.photography.DarkroomProcessingLine - Processing screenshot image in /var/screenshots/screenshot-675914736065780805
10:03:04.935 [Darkroom Processing Line] DEBUG net.serenitybdd.core.photography.DarkroomProcessingLine - Saving screenshot to target\site\serenity\e4e6fa2f33e255e6bcbaefb32f3a5f85b60a872ac8dfea058260a86047e3bb19.png
10:03:04.951 [main] DEBUG net.thucydides.core.steps.StepInterceptor - STARTING STEP: RegisterSteps.userInputNamaLengkap - inputNamaLengkap
10:03:04.953 [Forwarding findElement on session ce2ab638945a9fd7e07078e1dc016fe7 to remote] DEBUG org.asynchttpclient.netty.request.NettyRequestSender - Using pooled Channel '[id: 0x30146da3, L:/127.0.0.1:50090 - R:localhost/127.0.0.1:4003]' for 'POST' to 'http://localhost:4003/session/ce2ab638945a9fd7e07078e1dc016fe7/element'
10:03:04.953 [Forwarding findElement on session ce2ab638945a9fd7e07078e1dc016fe7 to remote] DEBUG org.asynchttpclient.netty.request.NettyRequestSender - Using open Channel [id: 0x30146da3, L:/127.0.0.1:50090 - R:localhost/127.0.0.1:4003] for POST '/session/ce2ab638945a9fd7e07078e1dc016fe7/element'
10:03:04.971 [AsyncHttpClient-1-10] DEBUG org.asynchttpclient.netty.handler.HttpHandler - 

Request DefaultHttpRequest(decodeResult: success, version: HTTP/1.1)
POST /session/ce2ab638945a9fd7e07078e1dc016fe7/element HTTP/1.1
User-Agent: selenium/4.7.1 (java windows)
Content-Length: 187
Content-Type: application/json; charset=utf-8
host: localhost:4003
accept: */*

Response DefaultHttpResponse(decodeResult: success, version: HTTP/1.1)
HTTP/1.1 200 OK
Content-Type: application/json; charset=utf-8
cache-control: no-cache
content-length: 88

10:03:04.972 [AsyncHttpClient-1-10] DEBUG org.asynchttpclient.netty.channel.ChannelManager - Adding key: http://localhost:4003 for channel [id: 0x30146da3, L:/127.0.0.1:50090 - R:localhost/127.0.0.1:4003]
10:03:04.974 [Forwarding clearElement on session ce2ab638945a9fd7e07078e1dc016fe7 to remote] DEBUG org.asynchttpclient.netty.request.NettyRequestSender - Using pooled Channel '[id: 0x30146da3, L:/127.0.0.1:50090 - R:localhost/127.0.0.1:4003]' for 'POST' to 'http://localhost:4003/session/ce2ab638945a9fd7e07078e1dc016fe7/element/b99270fa-4a85-41ad-95a3-6c54f4a4b44e/clear'
10:03:04.974 [Forwarding clearElement on session ce2ab638945a9fd7e07078e1dc016fe7 to remote] DEBUG org.asynchttpclient.netty.request.NettyRequestSender - Using open Channel [id: 0x30146da3, L:/127.0.0.1:50090 - R:localhost/127.0.0.1:4003] for POST '/session/ce2ab638945a9fd7e07078e1dc016fe7/element/b99270fa-4a85-41ad-95a3-6c54f4a4b44e/clear'
10:03:05.022 [AsyncHttpClient-1-10] DEBUG org.asynchttpclient.netty.handler.HttpHandler - 

Request DefaultHttpRequest(decodeResult: success, version: HTTP/1.1)
POST /session/ce2ab638945a9fd7e07078e1dc016fe7/element/b99270fa-4a85-41ad-95a3-6c54f4a4b44e/clear HTTP/1.1
User-Agent: selenium/4.7.1 (java windows)
Content-Length: 50
Content-Type: application/json; charset=utf-8
host: localhost:4003
accept: */*

Response DefaultHttpResponse(decodeResult: success, version: HTTP/1.1)
HTTP/1.1 200 OK
Content-Type: application/json; charset=utf-8
cache-control: no-cache
content-length: 14

10:03:05.022 [AsyncHttpClient-1-10] DEBUG org.asynchttpclient.netty.channel.ChannelManager - Adding key: http://localhost:4003 for channel [id: 0x30146da3, L:/127.0.0.1:50090 - R:localhost/127.0.0.1:4003]
10:03:05.025 [Forwarding sendKeysToElement on session ce2ab638945a9fd7e07078e1dc016fe7 to remote] DEBUG org.asynchttpclient.netty.request.NettyRequestSender - Using pooled Channel '[id: 0x30146da3, L:/127.0.0.1:50090 - R:localhost/127.0.0.1:4003]' for 'POST' to 'http://localhost:4003/session/ce2ab638945a9fd7e07078e1dc016fe7/element/b99270fa-4a85-41ad-95a3-6c54f4a4b44e/value'
10:03:05.025 [Forwarding sendKeysToElement on session ce2ab638945a9fd7e07078e1dc016fe7 to remote] DEBUG org.asynchttpclient.netty.request.NettyRequestSender - Using open Channel [id: 0x30146da3, L:/127.0.0.1:50090 - R:localhost/127.0.0.1:4003] for POST '/session/ce2ab638945a9fd7e07078e1dc016fe7/element/b99270fa-4a85-41ad-95a3-6c54f4a4b44e/value'
10:03:05.221 [AsyncHttpClient-1-10] DEBUG org.asynchttpclient.netty.handler.HttpHandler - 

Request DefaultHttpRequest(decodeResult: success, version: HTTP/1.1)
POST /session/ce2ab638945a9fd7e07078e1dc016fe7/element/b99270fa-4a85-41ad-95a3-6c54f4a4b44e/value HTTP/1.1
User-Agent: selenium/4.7.1 (java windows)
Content-Length: 201
Content-Type: application/json; charset=utf-8
host: localhost:4003
accept: */*

Response DefaultHttpResponse(decodeResult: success, version: HTTP/1.1)
HTTP/1.1 200 OK
Content-Type: application/json; charset=utf-8
cache-control: no-cache
content-length: 14

10:03:05.222 [AsyncHttpClient-1-10] DEBUG org.asynchttpclient.netty.channel.ChannelManager - Adding key: http://localhost:4003 for channel [id: 0x30146da3, L:/127.0.0.1:50090 - R:localhost/127.0.0.1:4003]
10:03:05.234 [Forwarding getCurrentWindowHandle on session ce2ab638945a9fd7e07078e1dc016fe7 to remote] DEBUG org.asynchttpclient.netty.request.NettyRequestSender - Using pooled Channel '[id: 0x30146da3, L:/127.0.0.1:50090 - R:localhost/127.0.0.1:4003]' for 'GET' to 'http://localhost:4003/session/ce2ab638945a9fd7e07078e1dc016fe7/window'
10:03:05.234 [Forwarding getCurrentWindowHandle on session ce2ab638945a9fd7e07078e1dc016fe7 to remote] DEBUG org.asynchttpclient.netty.request.NettyRequestSender - Using open Channel [id: 0x30146da3, L:/127.0.0.1:50090 - R:localhost/127.0.0.1:4003] for GET '/session/ce2ab638945a9fd7e07078e1dc016fe7/window'
10:03:05.235 [AsyncHttpClient-1-10] DEBUG org.asynchttpclient.netty.handler.HttpHandler - 

Request DefaultFullHttpRequest(decodeResult: success, version: HTTP/1.1, content: EmptyByteBufBE)
GET /session/ce2ab638945a9fd7e07078e1dc016fe7/window HTTP/1.1
User-Agent: selenium/4.7.1 (java windows)
Cache-Control: no-cache
Content-Type: application/json; charset=utf-8
host: localhost:4003
accept: */*

Response DefaultHttpResponse(decodeResult: success, version: HTTP/1.1)
HTTP/1.1 200 OK
Content-Type: application/json; charset=utf-8
cache-control: no-cache
content-length: 44

10:03:05.236 [AsyncHttpClient-1-10] DEBUG org.asynchttpclient.netty.channel.ChannelManager - Adding key: http://localhost:4003 for channel [id: 0x30146da3, L:/127.0.0.1:50090 - R:localhost/127.0.0.1:4003]
10:03:05.238 [Forwarding getAlertText on session ce2ab638945a9fd7e07078e1dc016fe7 to remote] DEBUG org.asynchttpclient.netty.request.NettyRequestSender - Using pooled Channel '[id: 0x30146da3, L:/127.0.0.1:50090 - R:localhost/127.0.0.1:4003]' for 'GET' to 'http://localhost:4003/session/ce2ab638945a9fd7e07078e1dc016fe7/alert/text'
10:03:05.238 [Forwarding getAlertText on session ce2ab638945a9fd7e07078e1dc016fe7 to remote] DEBUG org.asynchttpclient.netty.request.NettyRequestSender - Using open Channel [id: 0x30146da3, L:/127.0.0.1:50090 - R:localhost/127.0.0.1:4003] for GET '/session/ce2ab638945a9fd7e07078e1dc016fe7/alert/text'
10:03:05.243 [AsyncHttpClient-1-10] DEBUG org.asynchttpclient.netty.handler.HttpHandler - 

Request DefaultFullHttpRequest(decodeResult: success, version: HTTP/1.1, content: EmptyByteBufBE)
GET /session/ce2ab638945a9fd7e07078e1dc016fe7/alert/text HTTP/1.1
User-Agent: selenium/4.7.1 (java windows)
Cache-Control: no-cache
Content-Type: application/json; charset=utf-8
host: localhost:4003
accept: */*

Response DefaultHttpResponse(decodeResult: success, version: HTTP/1.1)
HTTP/1.1 404 Not Found
Content-Type: application/json; charset=utf-8
cache-control: no-cache
content-length: 821

10:03:05.243 [AsyncHttpClient-1-10] DEBUG org.asynchttpclient.netty.channel.ChannelManager - Adding key: http://localhost:4003 for channel [id: 0x30146da3, L:/127.0.0.1:50090 - R:localhost/127.0.0.1:4003]
10:03:05.254 [Forwarding switchToWindow on session ce2ab638945a9fd7e07078e1dc016fe7 to remote] DEBUG org.asynchttpclient.netty.request.NettyRequestSender - Using pooled Channel '[id: 0x30146da3, L:/127.0.0.1:50090 - R:localhost/127.0.0.1:4003]' for 'POST' to 'http://localhost:4003/session/ce2ab638945a9fd7e07078e1dc016fe7/window'
10:03:05.254 [Forwarding switchToWindow on session ce2ab638945a9fd7e07078e1dc016fe7 to remote] DEBUG org.asynchttpclient.netty.request.NettyRequestSender - Using open Channel [id: 0x30146da3, L:/127.0.0.1:50090 - R:localhost/127.0.0.1:4003] for POST '/session/ce2ab638945a9fd7e07078e1dc016fe7/window'
10:03:05.258 [AsyncHttpClient-1-10] DEBUG org.asynchttpclient.netty.handler.HttpHandler - 

Request DefaultHttpRequest(decodeResult: success, version: HTTP/1.1)
POST /session/ce2ab638945a9fd7e07078e1dc016fe7/window HTTP/1.1
User-Agent: selenium/4.7.1 (java windows)
Content-Length: 50
Content-Type: application/json; charset=utf-8
host: localhost:4003
accept: */*

Response DefaultHttpResponse(decodeResult: success, version: HTTP/1.1)
HTTP/1.1 200 OK
Content-Type: application/json; charset=utf-8
cache-control: no-cache
content-length: 14

10:03:05.258 [AsyncHttpClient-1-10] DEBUG org.asynchttpclient.netty.channel.ChannelManager - Adding key: http://localhost:4003 for channel [id: 0x30146da3, L:/127.0.0.1:50090 - R:localhost/127.0.0.1:4003]
10:03:05.260 [Forwarding getCurrentUrl on session ce2ab638945a9fd7e07078e1dc016fe7 to remote] DEBUG org.asynchttpclient.netty.request.NettyRequestSender - Using pooled Channel '[id: 0x30146da3, L:/127.0.0.1:50090 - R:localhost/127.0.0.1:4003]' for 'GET' to 'http://localhost:4003/session/ce2ab638945a9fd7e07078e1dc016fe7/url'
10:03:05.260 [Forwarding getCurrentUrl on session ce2ab638945a9fd7e07078e1dc016fe7 to remote] DEBUG org.asynchttpclient.netty.request.NettyRequestSender - Using open Channel [id: 0x30146da3, L:/127.0.0.1:50090 - R:localhost/127.0.0.1:4003] for GET '/session/ce2ab638945a9fd7e07078e1dc016fe7/url'
10:03:05.271 [AsyncHttpClient-1-10] DEBUG org.asynchttpclient.netty.handler.HttpHandler - 

Request DefaultFullHttpRequest(decodeResult: success, version: HTTP/1.1, content: EmptyByteBufBE)
GET /session/ce2ab638945a9fd7e07078e1dc016fe7/url HTTP/1.1
User-Agent: selenium/4.7.1 (java windows)
Cache-Control: no-cache
Content-Type: application/json; charset=utf-8
host: localhost:4003
accept: */*

Response DefaultHttpResponse(decodeResult: success, version: HTTP/1.1)
HTTP/1.1 200 OK
Content-Type: application/json; charset=utf-8
cache-control: no-cache
content-length: 54

10:03:05.271 [AsyncHttpClient-1-10] DEBUG org.asynchttpclient.netty.channel.ChannelManager - Adding key: http://localhost:4003 for channel [id: 0x30146da3, L:/127.0.0.1:50090 - R:localhost/127.0.0.1:4003]
10:03:05.273 [Forwarding screenshot on session ce2ab638945a9fd7e07078e1dc016fe7 to remote] DEBUG org.asynchttpclient.netty.request.NettyRequestSender - Using pooled Channel '[id: 0x30146da3, L:/127.0.0.1:50090 - R:localhost/127.0.0.1:4003]' for 'GET' to 'http://localhost:4003/session/ce2ab638945a9fd7e07078e1dc016fe7/screenshot'
10:03:05.273 [Forwarding screenshot on session ce2ab638945a9fd7e07078e1dc016fe7 to remote] DEBUG org.asynchttpclient.netty.request.NettyRequestSender - Using open Channel [id: 0x30146da3, L:/127.0.0.1:50090 - R:localhost/127.0.0.1:4003] for GET '/session/ce2ab638945a9fd7e07078e1dc016fe7/screenshot'
10:03:05.425 [AsyncHttpClient-1-10] DEBUG org.asynchttpclient.netty.handler.HttpHandler - 

Request DefaultFullHttpRequest(decodeResult: success, version: HTTP/1.1, content: EmptyByteBufBE)
GET /session/ce2ab638945a9fd7e07078e1dc016fe7/screenshot HTTP/1.1
User-Agent: selenium/4.7.1 (java windows)
Cache-Control: no-cache
Content-Type: application/json; charset=utf-8
host: localhost:4003
accept: */*

Response DefaultHttpResponse(decodeResult: success, version: HTTP/1.1)
HTTP/1.1 200 OK
Content-Type: application/json; charset=utf-8
cache-control: no-cache
content-length: 30900

10:03:05.426 [AsyncHttpClient-1-10] DEBUG org.asynchttpclient.netty.channel.ChannelManager - Adding key: http://localhost:4003 for channel [id: 0x30146da3, L:/127.0.0.1:50090 - R:localhost/127.0.0.1:4003]
10:03:05.428 [main] DEBUG net.serenitybdd.core.photography.Darkroom - Send negative for processing for target\site\serenity\8b0b7811bff38d23aa6e4627942ad85100f0972d91ea97606a5e06f720fd6408.png
10:03:05.428 [main] DEBUG net.thucydides.core.steps.StepInterceptor - STEP DONE: inputNamaLengkap
  &amp#27;[32mAnd &amp#27;[0m&amp#27;[32muser input nama lengkap&amp#27;[0m                               &amp#27;[90m# starter.stepdefinitions.RegisterSteps.userInputNamaLengkap()&amp#27;[0m
10:03:05.430 [Darkroom Processing Line] DEBUG net.serenitybdd.core.photography.DarkroomProcessingLine - Processing screenshot image in /var/screenshots/screenshot-18004193235453897347
10:03:05.430 [Darkroom Processing Line] DEBUG net.serenitybdd.core.photography.DarkroomProcessingLine - Saving screenshot to target\site\serenity\8b0b7811bff38d23aa6e4627942ad85100f0972d91ea97606a5e06f720fd6408.png
10:03:05.444 [main] DEBUG net.thucydides.core.steps.StepInterceptor - STARTING STEP: RegisterSteps.userTidakInputEmailUntukRegister - inputEmail
10:03:05.446 [Forwarding findElement on session ce2ab638945a9fd7e07078e1dc016fe7 to remote] DEBUG org.asynchttpclient.netty.request.NettyRequestSender - Using pooled Channel '[id: 0x30146da3, L:/127.0.0.1:50090 - R:localhost/127.0.0.1:4003]' for 'POST' to 'http://localhost:4003/session/ce2ab638945a9fd7e07078e1dc016fe7/element'
10:03:05.446 [Forwarding findElement on session ce2ab638945a9fd7e07078e1dc016fe7 to remote] DEBUG org.asynchttpclient.netty.request.NettyRequestSender - Using open Channel [id: 0x30146da3, L:/127.0.0.1:50090 - R:localhost/127.0.0.1:4003] for POST '/session/ce2ab638945a9fd7e07078e1dc016fe7/element'
10:03:05.465 [AsyncHttpClient-1-10] DEBUG org.asynchttpclient.netty.handler.HttpHandler - 

Request DefaultHttpRequest(decodeResult: success, version: HTTP/1.1)
POST /session/ce2ab638945a9fd7e07078e1dc016fe7/element HTTP/1.1
User-Agent: selenium/4.7.1 (java windows)
Content-Length: 187
Content-Type: application/json; charset=utf-8
host: localhost:4003
accept: */*

Response DefaultHttpResponse(decodeResult: success, version: HTTP/1.1)
HTTP/1.1 200 OK
Content-Type: application/json; charset=utf-8
cache-control: no-cache
content-length: 88

10:03:05.465 [AsyncHttpClient-1-10] DEBUG org.asynchttpclient.netty.channel.ChannelManager - Adding key: http://localhost:4003 for channel [id: 0x30146da3, L:/127.0.0.1:50090 - R:localhost/127.0.0.1:4003]
10:03:05.467 [Forwarding clearElement on session ce2ab638945a9fd7e07078e1dc016fe7 to remote] DEBUG org.asynchttpclient.netty.request.NettyRequestSender - Using pooled Channel '[id: 0x30146da3, L:/127.0.0.1:50090 - R:localhost/127.0.0.1:4003]' for 'POST' to 'http://localhost:4003/session/ce2ab638945a9fd7e07078e1dc016fe7/element/41c684d3-00b3-4d08-9adf-6f1966c26dd6/clear'
10:03:05.467 [Forwarding clearElement on session ce2ab638945a9fd7e07078e1dc016fe7 to remote] DEBUG org.asynchttpclient.netty.request.NettyRequestSender - Using open Channel [id: 0x30146da3, L:/127.0.0.1:50090 - R:localhost/127.0.0.1:4003] for POST '/session/ce2ab638945a9fd7e07078e1dc016fe7/element/41c684d3-00b3-4d08-9adf-6f1966c26dd6/clear'
10:03:05.522 [AsyncHttpClient-1-10] DEBUG org.asynchttpclient.netty.handler.HttpHandler - 

Request DefaultHttpRequest(decodeResult: success, version: HTTP/1.1)
POST /session/ce2ab638945a9fd7e07078e1dc016fe7/element/41c684d3-00b3-4d08-9adf-6f1966c26dd6/clear HTTP/1.1
User-Agent: selenium/4.7.1 (java windows)
Content-Length: 50
Content-Type: application/json; charset=utf-8
host: localhost:4003
accept: */*

Response DefaultHttpResponse(decodeResult: success, version: HTTP/1.1)
HTTP/1.1 200 OK
Content-Type: application/json; charset=utf-8
cache-control: no-cache
content-length: 14

10:03:05.522 [AsyncHttpClient-1-10] DEBUG org.asynchttpclient.netty.channel.ChannelManager - Adding key: http://localhost:4003 for channel [id: 0x30146da3, L:/127.0.0.1:50090 - R:localhost/127.0.0.1:4003]
10:03:05.525 [Forwarding sendKeysToElement on session ce2ab638945a9fd7e07078e1dc016fe7 to remote] DEBUG org.asynchttpclient.netty.request.NettyRequestSender - Using pooled Channel '[id: 0x30146da3, L:/127.0.0.1:50090 - R:localhost/127.0.0.1:4003]' for 'POST' to 'http://localhost:4003/session/ce2ab638945a9fd7e07078e1dc016fe7/element/41c684d3-00b3-4d08-9adf-6f1966c26dd6/value'
10:03:05.525 [Forwarding sendKeysToElement on session ce2ab638945a9fd7e07078e1dc016fe7 to remote] DEBUG org.asynchttpclient.netty.request.NettyRequestSender - Using open Channel [id: 0x30146da3, L:/127.0.0.1:50090 - R:localhost/127.0.0.1:4003] for POST '/session/ce2ab638945a9fd7e07078e1dc016fe7/element/41c684d3-00b3-4d08-9adf-6f1966c26dd6/value'
10:03:05.595 [AsyncHttpClient-1-10] DEBUG org.asynchttpclient.netty.handler.HttpHandler - 

Request DefaultHttpRequest(decodeResult: success, version: HTTP/1.1)
POST /session/ce2ab638945a9fd7e07078e1dc016fe7/element/41c684d3-00b3-4d08-9adf-6f1966c26dd6/value HTTP/1.1
User-Agent: selenium/4.7.1 (java windows)
Content-Length: 82
Content-Type: application/json; charset=utf-8
host: localhost:4003
accept: */*

Response DefaultHttpResponse(decodeResult: success, version: HTTP/1.1)
HTTP/1.1 200 OK
Content-Type: application/json; charset=utf-8
cache-control: no-cache
content-length: 14

10:03:05.596 [AsyncHttpClient-1-10] DEBUG org.asynchttpclient.netty.channel.ChannelManager - Adding key: http://localhost:4003 for channel [id: 0x30146da3, L:/127.0.0.1:50090 - R:localhost/127.0.0.1:4003]
10:03:05.609 [Forwarding getCurrentWindowHandle on session ce2ab638945a9fd7e07078e1dc016fe7 to remote] DEBUG org.asynchttpclient.netty.request.NettyRequestSender - Using pooled Channel '[id: 0x30146da3, L:/127.0.0.1:50090 - R:localhost/127.0.0.1:4003]' for 'GET' to 'http://localhost:4003/session/ce2ab638945a9fd7e07078e1dc016fe7/window'
10:03:05.609 [Forwarding getCurrentWindowHandle on session ce2ab638945a9fd7e07078e1dc016fe7 to remote] DEBUG org.asynchttpclient.netty.request.NettyRequestSender - Using open Channel [id: 0x30146da3, L:/127.0.0.1:50090 - R:localhost/127.0.0.1:4003] for GET '/session/ce2ab638945a9fd7e07078e1dc016fe7/window'
10:03:05.611 [AsyncHttpClient-1-10] DEBUG org.asynchttpclient.netty.handler.HttpHandler - 

Request DefaultFullHttpRequest(decodeResult: success, version: HTTP/1.1, content: EmptyByteBufBE)
GET /session/ce2ab638945a9fd7e07078e1dc016fe7/window HTTP/1.1
User-Agent: selenium/4.7.1 (java windows)
Cache-Control: no-cache
Content-Type: application/json; charset=utf-8
host: localhost:4003
accept: */*

Response DefaultHttpResponse(decodeResult: success, version: HTTP/1.1)
HTTP/1.1 200 OK
Content-Type: application/json; charset=utf-8
cache-control: no-cache
content-length: 44

10:03:05.611 [AsyncHttpClient-1-10] DEBUG org.asynchttpclient.netty.channel.ChannelManager - Adding key: http://localhost:4003 for channel [id: 0x30146da3, L:/127.0.0.1:50090 - R:localhost/127.0.0.1:4003]
10:03:05.614 [Forwarding getAlertText on session ce2ab638945a9fd7e07078e1dc016fe7 to remote] DEBUG org.asynchttpclient.netty.request.NettyRequestSender - Using pooled Channel '[id: 0x30146da3, L:/127.0.0.1:50090 - R:localhost/127.0.0.1:4003]' for 'GET' to 'http://localhost:4003/session/ce2ab638945a9fd7e07078e1dc016fe7/alert/text'
10:03:05.614 [Forwarding getAlertText on session ce2ab638945a9fd7e07078e1dc016fe7 to remote] DEBUG org.asynchttpclient.netty.request.NettyRequestSender - Using open Channel [id: 0x30146da3, L:/127.0.0.1:50090 - R:localhost/127.0.0.1:4003] for GET '/session/ce2ab638945a9fd7e07078e1dc016fe7/alert/text'
10:03:05.624 [AsyncHttpClient-1-10] DEBUG org.asynchttpclient.netty.handler.HttpHandler - 

Request DefaultFullHttpRequest(decodeResult: success, version: HTTP/1.1, content: EmptyByteBufBE)
GET /session/ce2ab638945a9fd7e07078e1dc016fe7/alert/text HTTP/1.1
User-Agent: selenium/4.7.1 (java windows)
Cache-Control: no-cache
Content-Type: application/json; charset=utf-8
host: localhost:4003
accept: */*

Response DefaultHttpResponse(decodeResult: success, version: HTTP/1.1)
HTTP/1.1 404 Not Found
Content-Type: application/json; charset=utf-8
cache-control: no-cache
content-length: 821

10:03:05.624 [AsyncHttpClient-1-10] DEBUG org.asynchttpclient.netty.channel.ChannelManager - Adding key: http://localhost:4003 for channel [id: 0x30146da3, L:/127.0.0.1:50090 - R:localhost/127.0.0.1:4003]
10:03:05.628 [Forwarding switchToWindow on session ce2ab638945a9fd7e07078e1dc016fe7 to remote] DEBUG org.asynchttpclient.netty.request.NettyRequestSender - Using pooled Channel '[id: 0x30146da3, L:/127.0.0.1:50090 - R:localhost/127.0.0.1:4003]' for 'POST' to 'http://localhost:4003/session/ce2ab638945a9fd7e07078e1dc016fe7/window'
10:03:05.628 [Forwarding switchToWindow on session ce2ab638945a9fd7e07078e1dc016fe7 to remote] DEBUG org.asynchttpclient.netty.request.NettyRequestSender - Using open Channel [id: 0x30146da3, L:/127.0.0.1:50090 - R:localhost/127.0.0.1:4003] for POST '/session/ce2ab638945a9fd7e07078e1dc016fe7/window'
10:03:05.633 [AsyncHttpClient-1-10] DEBUG org.asynchttpclient.netty.handler.HttpHandler - 

Request DefaultHttpRequest(decodeResult: success, version: HTTP/1.1)
POST /session/ce2ab638945a9fd7e07078e1dc016fe7/window HTTP/1.1
User-Agent: selenium/4.7.1 (java windows)
Content-Length: 50
Content-Type: application/json; charset=utf-8
host: localhost:4003
accept: */*

Response DefaultHttpResponse(decodeResult: success, version: HTTP/1.1)
HTTP/1.1 200 OK
Content-Type: application/json; charset=utf-8
cache-control: no-cache
content-length: 14

10:03:05.633 [AsyncHttpClient-1-10] DEBUG org.asynchttpclient.netty.channel.ChannelManager - Adding key: http://localhost:4003 for channel [id: 0x30146da3, L:/127.0.0.1:50090 - R:localhost/127.0.0.1:4003]
10:03:05.635 [Forwarding getCurrentUrl on session ce2ab638945a9fd7e07078e1dc016fe7 to remote] DEBUG org.asynchttpclient.netty.request.NettyRequestSender - Using pooled Channel '[id: 0x30146da3, L:/127.0.0.1:50090 - R:localhost/127.0.0.1:4003]' for 'GET' to 'http://localhost:4003/session/ce2ab638945a9fd7e07078e1dc016fe7/url'
10:03:05.635 [Forwarding getCurrentUrl on session ce2ab638945a9fd7e07078e1dc016fe7 to remote] DEBUG org.asynchttpclient.netty.request.NettyRequestSender - Using open Channel [id: 0x30146da3, L:/127.0.0.1:50090 - R:localhost/127.0.0.1:4003] for GET '/session/ce2ab638945a9fd7e07078e1dc016fe7/url'
10:03:05.646 [AsyncHttpClient-1-10] DEBUG org.asynchttpclient.netty.handler.HttpHandler - 

Request DefaultFullHttpRequest(decodeResult: success, version: HTTP/1.1, content: EmptyByteBufBE)
GET /session/ce2ab638945a9fd7e07078e1dc016fe7/url HTTP/1.1
User-Agent: selenium/4.7.1 (java windows)
Cache-Control: no-cache
Content-Type: application/json; charset=utf-8
host: localhost:4003
accept: */*

Response DefaultHttpResponse(decodeResult: success, version: HTTP/1.1)
HTTP/1.1 200 OK
Content-Type: application/json; charset=utf-8
cache-control: no-cache
content-length: 54

10:03:05.647 [AsyncHttpClient-1-10] DEBUG org.asynchttpclient.netty.channel.ChannelManager - Adding key: http://localhost:4003 for channel [id: 0x30146da3, L:/127.0.0.1:50090 - R:localhost/127.0.0.1:4003]
10:03:05.648 [Forwarding screenshot on session ce2ab638945a9fd7e07078e1dc016fe7 to remote] DEBUG org.asynchttpclient.netty.request.NettyRequestSender - Using pooled Channel '[id: 0x30146da3, L:/127.0.0.1:50090 - R:localhost/127.0.0.1:4003]' for 'GET' to 'http://localhost:4003/session/ce2ab638945a9fd7e07078e1dc016fe7/screenshot'
10:03:05.648 [Forwarding screenshot on session ce2ab638945a9fd7e07078e1dc016fe7 to remote] DEBUG org.asynchttpclient.netty.request.NettyRequestSender - Using open Channel [id: 0x30146da3, L:/127.0.0.1:50090 - R:localhost/127.0.0.1:4003] for GET '/session/ce2ab638945a9fd7e07078e1dc016fe7/screenshot'
10:03:05.776 [AsyncHttpClient-1-1] DEBUG org.asynchttpclient.netty.channel.DefaultChannelPool - Entry count for : http://localhost:50091 : 1
10:03:05.805 [AsyncHttpClient-1-10] DEBUG org.asynchttpclient.netty.handler.HttpHandler - 

Request DefaultFullHttpRequest(decodeResult: success, version: HTTP/1.1, content: EmptyByteBufBE)
GET /session/ce2ab638945a9fd7e07078e1dc016fe7/screenshot HTTP/1.1
User-Agent: selenium/4.7.1 (java windows)
Cache-Control: no-cache
Content-Type: application/json; charset=utf-8
host: localhost:4003
accept: */*

Response DefaultHttpResponse(decodeResult: success, version: HTTP/1.1)
HTTP/1.1 200 OK
Content-Type: application/json; charset=utf-8
cache-control: no-cache
content-length: 30476

10:03:05.805 [AsyncHttpClient-1-10] DEBUG org.asynchttpclient.netty.channel.ChannelManager - Adding key: http://localhost:4003 for channel [id: 0x30146da3, L:/127.0.0.1:50090 - R:localhost/127.0.0.1:4003]
10:03:05.807 [main] DEBUG net.serenitybdd.core.photography.Darkroom - Send negative for processing for target\site\serenity\ff20911ca8b1c8c0d022cb2581610ef70e0a4e3f26f4210dd658b1bd979b2c42.png
10:03:05.807 [main] DEBUG net.thucydides.core.steps.StepInterceptor - STEP DONE: inputEmail
  &amp#27;[32mAnd &amp#27;[0m&amp#27;[32muser tidak input email untuk register&amp#27;[0m                 &amp#27;[90m# starter.stepdefinitions.RegisterSteps.userTidakInputEmailUntukRegister()&amp#27;[0m
10:03:05.808 [Darkroom Processing Line] DEBUG net.serenitybdd.core.photography.DarkroomProcessingLine - Processing screenshot image in /var/screenshots/screenshot-7120172194521953432
10:03:05.808 [Darkroom Processing Line] DEBUG net.serenitybdd.core.photography.DarkroomProcessingLine - Saving screenshot to target\site\serenity\ff20911ca8b1c8c0d022cb2581610ef70e0a4e3f26f4210dd658b1bd979b2c42.png
10:03:05.825 [main] DEBUG net.thucydides.core.steps.StepInterceptor - STARTING STEP: RegisterSteps.userInputPasswordUntukRegister - inputPassword
10:03:05.829 [Forwarding findElement on session ce2ab638945a9fd7e07078e1dc016fe7 to remote] DEBUG org.asynchttpclient.netty.request.NettyRequestSender - Using pooled Channel '[id: 0x30146da3, L:/127.0.0.1:50090 - R:localhost/127.0.0.1:4003]' for 'POST' to 'http://localhost:4003/session/ce2ab638945a9fd7e07078e1dc016fe7/element'
10:03:05.829 [Forwarding findElement on session ce2ab638945a9fd7e07078e1dc016fe7 to remote] DEBUG org.asynchttpclient.netty.request.NettyRequestSender - Using open Channel [id: 0x30146da3, L:/127.0.0.1:50090 - R:localhost/127.0.0.1:4003] for POST '/session/ce2ab638945a9fd7e07078e1dc016fe7/element'
10:03:05.887 [AsyncHttpClient-1-10] DEBUG org.asynchttpclient.netty.handler.HttpHandler - 

Request DefaultHttpRequest(decodeResult: success, version: HTTP/1.1)
POST /session/ce2ab638945a9fd7e07078e1dc016fe7/element HTTP/1.1
User-Agent: selenium/4.7.1 (java windows)
Content-Length: 187
Content-Type: application/json; charset=utf-8
host: localhost:4003
accept: */*

Response DefaultHttpResponse(decodeResult: success, version: HTTP/1.1)
HTTP/1.1 200 OK
Content-Type: application/json; charset=utf-8
cache-control: no-cache
content-length: 88

10:03:05.888 [AsyncHttpClient-1-10] DEBUG org.asynchttpclient.netty.channel.ChannelManager - Adding key: http://localhost:4003 for channel [id: 0x30146da3, L:/127.0.0.1:50090 - R:localhost/127.0.0.1:4003]
10:03:05.889 [Forwarding clearElement on session ce2ab638945a9fd7e07078e1dc016fe7 to remote] DEBUG org.asynchttpclient.netty.request.NettyRequestSender - Using pooled Channel '[id: 0x30146da3, L:/127.0.0.1:50090 - R:localhost/127.0.0.1:4003]' for 'POST' to 'http://localhost:4003/session/ce2ab638945a9fd7e07078e1dc016fe7/element/ebc8510c-0893-4be1-b5a9-ca4afac2707b/clear'
10:03:05.889 [Forwarding clearElement on session ce2ab638945a9fd7e07078e1dc016fe7 to remote] DEBUG org.asynchttpclient.netty.request.NettyRequestSender - Using open Channel [id: 0x30146da3, L:/127.0.0.1:50090 - R:localhost/127.0.0.1:4003] for POST '/session/ce2ab638945a9fd7e07078e1dc016fe7/element/ebc8510c-0893-4be1-b5a9-ca4afac2707b/clear'
10:03:05.947 [AsyncHttpClient-1-10] DEBUG org.asynchttpclient.netty.handler.HttpHandler - 

Request DefaultHttpRequest(decodeResult: success, version: HTTP/1.1)
POST /session/ce2ab638945a9fd7e07078e1dc016fe7/element/ebc8510c-0893-4be1-b5a9-ca4afac2707b/clear HTTP/1.1
User-Agent: selenium/4.7.1 (java windows)
Content-Length: 50
Content-Type: application/json; charset=utf-8
host: localhost:4003
accept: */*

Response DefaultHttpResponse(decodeResult: success, version: HTTP/1.1)
HTTP/1.1 200 OK
Content-Type: application/json; charset=utf-8
cache-control: no-cache
content-length: 14

10:03:05.947 [AsyncHttpClient-1-10] DEBUG org.asynchttpclient.netty.channel.ChannelManager - Adding key: http://localhost:4003 for channel [id: 0x30146da3, L:/127.0.0.1:50090 - R:localhost/127.0.0.1:4003]
10:03:05.950 [Forwarding sendKeysToElement on session ce2ab638945a9fd7e07078e1dc016fe7 to remote] DEBUG org.asynchttpclient.netty.request.NettyRequestSender - Using pooled Channel '[id: 0x30146da3, L:/127.0.0.1:50090 - R:localhost/127.0.0.1:4003]' for 'POST' to 'http://localhost:4003/session/ce2ab638945a9fd7e07078e1dc016fe7/element/ebc8510c-0893-4be1-b5a9-ca4afac2707b/value'
10:03:05.950 [Forwarding sendKeysToElement on session ce2ab638945a9fd7e07078e1dc016fe7 to remote] DEBUG org.asynchttpclient.netty.request.NettyRequestSender - Using open Channel [id: 0x30146da3, L:/127.0.0.1:50090 - R:localhost/127.0.0.1:4003] for POST '/session/ce2ab638945a9fd7e07078e1dc016fe7/element/ebc8510c-0893-4be1-b5a9-ca4afac2707b/value'
10:03:06.076 [AsyncHttpClient-1-10] DEBUG org.asynchttpclient.netty.handler.HttpHandler - 

Request DefaultHttpRequest(decodeResult: success, version: HTTP/1.1)
POST /session/ce2ab638945a9fd7e07078e1dc016fe7/element/ebc8510c-0893-4be1-b5a9-ca4afac2707b/value HTTP/1.1
User-Agent: selenium/4.7.1 (java windows)
Content-Length: 111
Content-Type: application/json; charset=utf-8
host: localhost:4003
accept: */*

Response DefaultHttpResponse(decodeResult: success, version: HTTP/1.1)
HTTP/1.1 200 OK
Content-Type: application/json; charset=utf-8
cache-control: no-cache
content-length: 14

10:03:06.077 [AsyncHttpClient-1-10] DEBUG org.asynchttpclient.netty.channel.ChannelManager - Adding key: http://localhost:4003 for channel [id: 0x30146da3, L:/127.0.0.1:50090 - R:localhost/127.0.0.1:4003]
10:03:06.090 [Forwarding getCurrentWindowHandle on session ce2ab638945a9fd7e07078e1dc016fe7 to remote] DEBUG org.asynchttpclient.netty.request.NettyRequestSender - Using pooled Channel '[id: 0x30146da3, L:/127.0.0.1:50090 - R:localhost/127.0.0.1:4003]' for 'GET' to 'http://localhost:4003/session/ce2ab638945a9fd7e07078e1dc016fe7/window'
10:03:06.090 [Forwarding getCurrentWindowHandle on session ce2ab638945a9fd7e07078e1dc016fe7 to remote] DEBUG org.asynchttpclient.netty.request.NettyRequestSender - Using open Channel [id: 0x30146da3, L:/127.0.0.1:50090 - R:localhost/127.0.0.1:4003] for GET '/session/ce2ab638945a9fd7e07078e1dc016fe7/window'
10:03:06.093 [AsyncHttpClient-1-10] DEBUG org.asynchttpclient.netty.handler.HttpHandler - 

Request DefaultFullHttpRequest(decodeResult: success, version: HTTP/1.1, content: EmptyByteBufBE)
GET /session/ce2ab638945a9fd7e07078e1dc016fe7/window HTTP/1.1
User-Agent: selenium/4.7.1 (java windows)
Cache-Control: no-cache
Content-Type: application/json; charset=utf-8
host: localhost:4003
accept: */*

Response DefaultHttpResponse(decodeResult: success, version: HTTP/1.1)
HTTP/1.1 200 OK
Content-Type: application/json; charset=utf-8
cache-control: no-cache
content-length: 44

10:03:06.094 [AsyncHttpClient-1-10] DEBUG org.asynchttpclient.netty.channel.ChannelManager - Adding key: http://localhost:4003 for channel [id: 0x30146da3, L:/127.0.0.1:50090 - R:localhost/127.0.0.1:4003]
10:03:06.097 [Forwarding getAlertText on session ce2ab638945a9fd7e07078e1dc016fe7 to remote] DEBUG org.asynchttpclient.netty.request.NettyRequestSender - Using pooled Channel '[id: 0x30146da3, L:/127.0.0.1:50090 - R:localhost/127.0.0.1:4003]' for 'GET' to 'http://localhost:4003/session/ce2ab638945a9fd7e07078e1dc016fe7/alert/text'
10:03:06.097 [Forwarding getAlertText on session ce2ab638945a9fd7e07078e1dc016fe7 to remote] DEBUG org.asynchttpclient.netty.request.NettyRequestSender - Using open Channel [id: 0x30146da3, L:/127.0.0.1:50090 - R:localhost/127.0.0.1:4003] for GET '/session/ce2ab638945a9fd7e07078e1dc016fe7/alert/text'
10:03:06.107 [AsyncHttpClient-1-10] DEBUG org.asynchttpclient.netty.handler.HttpHandler - 

Request DefaultFullHttpRequest(decodeResult: success, version: HTTP/1.1, content: EmptyByteBufBE)
GET /session/ce2ab638945a9fd7e07078e1dc016fe7/alert/text HTTP/1.1
User-Agent: selenium/4.7.1 (java windows)
Cache-Control: no-cache
Content-Type: application/json; charset=utf-8
host: localhost:4003
accept: */*

Response DefaultHttpResponse(decodeResult: success, version: HTTP/1.1)
HTTP/1.1 404 Not Found
Content-Type: application/json; charset=utf-8
cache-control: no-cache
content-length: 821

10:03:06.107 [AsyncHttpClient-1-10] DEBUG org.asynchttpclient.netty.channel.ChannelManager - Adding key: http://localhost:4003 for channel [id: 0x30146da3, L:/127.0.0.1:50090 - R:localhost/127.0.0.1:4003]
10:03:06.112 [Forwarding switchToWindow on session ce2ab638945a9fd7e07078e1dc016fe7 to remote] DEBUG org.asynchttpclient.netty.request.NettyRequestSender - Using pooled Channel '[id: 0x30146da3, L:/127.0.0.1:50090 - R:localhost/127.0.0.1:4003]' for 'POST' to 'http://localhost:4003/session/ce2ab638945a9fd7e07078e1dc016fe7/window'
10:03:06.113 [Forwarding switchToWindow on session ce2ab638945a9fd7e07078e1dc016fe7 to remote] DEBUG org.asynchttpclient.netty.request.NettyRequestSender - Using open Channel [id: 0x30146da3, L:/127.0.0.1:50090 - R:localhost/127.0.0.1:4003] for POST '/session/ce2ab638945a9fd7e07078e1dc016fe7/window'
10:03:06.116 [AsyncHttpClient-1-10] DEBUG org.asynchttpclient.netty.handler.HttpHandler - 

Request DefaultHttpRequest(decodeResult: success, version: HTTP/1.1)
POST /session/ce2ab638945a9fd7e07078e1dc016fe7/window HTTP/1.1
User-Agent: selenium/4.7.1 (java windows)
Content-Length: 50
Content-Type: application/json; charset=utf-8
host: localhost:4003
accept: */*

Response DefaultHttpResponse(decodeResult: success, version: HTTP/1.1)
HTTP/1.1 200 OK
Content-Type: application/json; charset=utf-8
cache-control: no-cache
content-length: 14

10:03:06.116 [AsyncHttpClient-1-10] DEBUG org.asynchttpclient.netty.channel.ChannelManager - Adding key: http://localhost:4003 for channel [id: 0x30146da3, L:/127.0.0.1:50090 - R:localhost/127.0.0.1:4003]
10:03:06.118 [Forwarding getCurrentUrl on session ce2ab638945a9fd7e07078e1dc016fe7 to remote] DEBUG org.asynchttpclient.netty.request.NettyRequestSender - Using pooled Channel '[id: 0x30146da3, L:/127.0.0.1:50090 - R:localhost/127.0.0.1:4003]' for 'GET' to 'http://localhost:4003/session/ce2ab638945a9fd7e07078e1dc016fe7/url'
10:03:06.118 [Forwarding getCurrentUrl on session ce2ab638945a9fd7e07078e1dc016fe7 to remote] DEBUG org.asynchttpclient.netty.request.NettyRequestSender - Using open Channel [id: 0x30146da3, L:/127.0.0.1:50090 - R:localhost/127.0.0.1:4003] for GET '/session/ce2ab638945a9fd7e07078e1dc016fe7/url'
10:03:06.126 [AsyncHttpClient-1-10] DEBUG org.asynchttpclient.netty.handler.HttpHandler - 

Request DefaultFullHttpRequest(decodeResult: success, version: HTTP/1.1, content: EmptyByteBufBE)
GET /session/ce2ab638945a9fd7e07078e1dc016fe7/url HTTP/1.1
User-Agent: selenium/4.7.1 (java windows)
Cache-Control: no-cache
Content-Type: application/json; charset=utf-8
host: localhost:4003
accept: */*

Response DefaultHttpResponse(decodeResult: success, version: HTTP/1.1)
HTTP/1.1 200 OK
Content-Type: application/json; charset=utf-8
cache-control: no-cache
content-length: 54

10:03:06.126 [AsyncHttpClient-1-10] DEBUG org.asynchttpclient.netty.channel.ChannelManager - Adding key: http://localhost:4003 for channel [id: 0x30146da3, L:/127.0.0.1:50090 - R:localhost/127.0.0.1:4003]
10:03:06.127 [Forwarding screenshot on session ce2ab638945a9fd7e07078e1dc016fe7 to remote] DEBUG org.asynchttpclient.netty.request.NettyRequestSender - Using pooled Channel '[id: 0x30146da3, L:/127.0.0.1:50090 - R:localhost/127.0.0.1:4003]' for 'GET' to 'http://localhost:4003/session/ce2ab638945a9fd7e07078e1dc016fe7/screenshot'
10:03:06.128 [Forwarding screenshot on session ce2ab638945a9fd7e07078e1dc016fe7 to remote] DEBUG org.asynchttpclient.netty.request.NettyRequestSender - Using open Channel [id: 0x30146da3, L:/127.0.0.1:50090 - R:localhost/127.0.0.1:4003] for GET '/session/ce2ab638945a9fd7e07078e1dc016fe7/screenshot'
10:03:06.257 [AsyncHttpClient-1-10] DEBUG org.asynchttpclient.netty.handler.HttpHandler - 

Request DefaultFullHttpRequest(decodeResult: success, version: HTTP/1.1, content: EmptyByteBufBE)
GET /session/ce2ab638945a9fd7e07078e1dc016fe7/screenshot HTTP/1.1
User-Agent: selenium/4.7.1 (java windows)
Cache-Control: no-cache
Content-Type: application/json; charset=utf-8
host: localhost:4003
accept: */*

Response DefaultHttpResponse(decodeResult: success, version: HTTP/1.1)
HTTP/1.1 200 OK
Content-Type: application/json; charset=utf-8
cache-control: no-cache
content-length: 30896

10:03:06.258 [AsyncHttpClient-1-10] DEBUG org.asynchttpclient.netty.channel.ChannelManager - Adding key: http://localhost:4003 for channel [id: 0x30146da3, L:/127.0.0.1:50090 - R:localhost/127.0.0.1:4003]
10:03:06.261 [main] DEBUG net.serenitybdd.core.photography.Darkroom - Send negative for processing for target\site\serenity\f1fdeb9580a3ec9e36bfad37cd238bdcd8706267b728aa66107c9e143da9ca2c.png
10:03:06.262 [main] DEBUG net.thucydides.core.steps.StepInterceptor - STEP DONE: inputPassword
10:03:06.262 [Darkroom Processing Line] DEBUG net.serenitybdd.core.photography.DarkroomProcessingLine - Processing screenshot image in /var/screenshots/screenshot-8492498457145237673
10:03:06.262 [Darkroom Processing Line] DEBUG net.serenitybdd.core.photography.DarkroomProcessingLine - Saving screenshot to target\site\serenity\f1fdeb9580a3ec9e36bfad37cd238bdcd8706267b728aa66107c9e143da9ca2c.png
  &amp#27;[32mAnd &amp#27;[0m&amp#27;[32muser input password untuk register&amp#27;[0m                    &amp#27;[90m# starter.stepdefinitions.RegisterSteps.userInputPasswordUntukRegister()&amp#27;[0m
10:03:06.280 [main] DEBUG net.thucydides.core.steps.StepInterceptor - STARTING STEP: RegisterSteps.userKlikRegisterYangKedua - klikButtonRegister
10:03:06.288 [Forwarding findElement on session ce2ab638945a9fd7e07078e1dc016fe7 to remote] DEBUG org.asynchttpclient.netty.request.NettyRequestSender - Using pooled Channel '[id: 0x30146da3, L:/127.0.0.1:50090 - R:localhost/127.0.0.1:4003]' for 'POST' to 'http://localhost:4003/session/ce2ab638945a9fd7e07078e1dc016fe7/element'
10:03:06.288 [Forwarding findElement on session ce2ab638945a9fd7e07078e1dc016fe7 to remote] DEBUG org.asynchttpclient.netty.request.NettyRequestSender - Using open Channel [id: 0x30146da3, L:/127.0.0.1:50090 - R:localhost/127.0.0.1:4003] for POST '/session/ce2ab638945a9fd7e07078e1dc016fe7/element'
10:03:06.310 [AsyncHttpClient-1-10] DEBUG org.asynchttpclient.netty.handler.HttpHandler - 

Request DefaultHttpRequest(decodeResult: success, version: HTTP/1.1)
POST /session/ce2ab638945a9fd7e07078e1dc016fe7/element HTTP/1.1
User-Agent: selenium/4.7.1 (java windows)
Content-Length: 141
Content-Type: application/json; charset=utf-8
host: localhost:4003
accept: */*

Response DefaultHttpResponse(decodeResult: success, version: HTTP/1.1)
HTTP/1.1 200 OK
Content-Type: application/json; charset=utf-8
cache-control: no-cache
content-length: 88

10:03:06.310 [AsyncHttpClient-1-10] DEBUG org.asynchttpclient.netty.channel.ChannelManager - Adding key: http://localhost:4003 for channel [id: 0x30146da3, L:/127.0.0.1:50090 - R:localhost/127.0.0.1:4003]
10:03:06.313 [Forwarding getElementTagName on session ce2ab638945a9fd7e07078e1dc016fe7 to remote] DEBUG org.asynchttpclient.netty.request.NettyRequestSender - Using pooled Channel '[id: 0x30146da3, L:/127.0.0.1:50090 - R:localhost/127.0.0.1:4003]' for 'GET' to 'http://localhost:4003/session/ce2ab638945a9fd7e07078e1dc016fe7/element/8db11bce-e033-40a6-b7f7-a626183999f0/name'
10:03:06.313 [Forwarding getElementTagName on session ce2ab638945a9fd7e07078e1dc016fe7 to remote] DEBUG org.asynchttpclient.netty.request.NettyRequestSender - Using open Channel [id: 0x30146da3, L:/127.0.0.1:50090 - R:localhost/127.0.0.1:4003] for GET '/session/ce2ab638945a9fd7e07078e1dc016fe7/element/8db11bce-e033-40a6-b7f7-a626183999f0/name'
10:03:06.324 [AsyncHttpClient-1-10] DEBUG org.asynchttpclient.netty.handler.HttpHandler - 

Request DefaultFullHttpRequest(decodeResult: success, version: HTTP/1.1, content: EmptyByteBufBE)
GET /session/ce2ab638945a9fd7e07078e1dc016fe7/element/8db11bce-e033-40a6-b7f7-a626183999f0/name HTTP/1.1
User-Agent: selenium/4.7.1 (java windows)
Cache-Control: no-cache
Content-Type: application/json; charset=utf-8
host: localhost:4003
accept: */*

Response DefaultHttpResponse(decodeResult: success, version: HTTP/1.1)
HTTP/1.1 200 OK
Content-Type: application/json; charset=utf-8
cache-control: no-cache
content-length: 18

10:03:06.324 [AsyncHttpClient-1-10] DEBUG org.asynchttpclient.netty.channel.ChannelManager - Adding key: http://localhost:4003 for channel [id: 0x30146da3, L:/127.0.0.1:50090 - R:localhost/127.0.0.1:4003]
10:03:06.326 [Forwarding getElementTagName on session ce2ab638945a9fd7e07078e1dc016fe7 to remote] DEBUG org.asynchttpclient.netty.request.NettyRequestSender - Using pooled Channel '[id: 0x30146da3, L:/127.0.0.1:50090 - R:localhost/127.0.0.1:4003]' for 'GET' to 'http://localhost:4003/session/ce2ab638945a9fd7e07078e1dc016fe7/element/8db11bce-e033-40a6-b7f7-a626183999f0/name'
10:03:06.326 [Forwarding getElementTagName on session ce2ab638945a9fd7e07078e1dc016fe7 to remote] DEBUG org.asynchttpclient.netty.request.NettyRequestSender - Using open Channel [id: 0x30146da3, L:/127.0.0.1:50090 - R:localhost/127.0.0.1:4003] for GET '/session/ce2ab638945a9fd7e07078e1dc016fe7/element/8db11bce-e033-40a6-b7f7-a626183999f0/name'
10:03:06.337 [AsyncHttpClient-1-10] DEBUG org.asynchttpclient.netty.handler.HttpHandler - 

Request DefaultFullHttpRequest(decodeResult: success, version: HTTP/1.1, content: EmptyByteBufBE)
GET /session/ce2ab638945a9fd7e07078e1dc016fe7/element/8db11bce-e033-40a6-b7f7-a626183999f0/name HTTP/1.1
User-Agent: selenium/4.7.1 (java windows)
Cache-Control: no-cache
Content-Type: application/json; charset=utf-8
host: localhost:4003
accept: */*

Response DefaultHttpResponse(decodeResult: success, version: HTTP/1.1)
HTTP/1.1 200 OK
Content-Type: application/json; charset=utf-8
cache-control: no-cache
content-length: 18

10:03:06.337 [AsyncHttpClient-1-10] DEBUG org.asynchttpclient.netty.channel.ChannelManager - Adding key: http://localhost:4003 for channel [id: 0x30146da3, L:/127.0.0.1:50090 - R:localhost/127.0.0.1:4003]
10:03:06.340 [Forwarding isElementEnabled on session ce2ab638945a9fd7e07078e1dc016fe7 to remote] DEBUG org.asynchttpclient.netty.request.NettyRequestSender - Using pooled Channel '[id: 0x30146da3, L:/127.0.0.1:50090 - R:localhost/127.0.0.1:4003]' for 'GET' to 'http://localhost:4003/session/ce2ab638945a9fd7e07078e1dc016fe7/element/8db11bce-e033-40a6-b7f7-a626183999f0/enabled'
10:03:06.340 [Forwarding isElementEnabled on session ce2ab638945a9fd7e07078e1dc016fe7 to remote] DEBUG org.asynchttpclient.netty.request.NettyRequestSender - Using open Channel [id: 0x30146da3, L:/127.0.0.1:50090 - R:localhost/127.0.0.1:4003] for GET '/session/ce2ab638945a9fd7e07078e1dc016fe7/element/8db11bce-e033-40a6-b7f7-a626183999f0/enabled'
10:03:06.355 [AsyncHttpClient-1-10] DEBUG org.asynchttpclient.netty.handler.HttpHandler - 

Request DefaultFullHttpRequest(decodeResult: success, version: HTTP/1.1, content: EmptyByteBufBE)
GET /session/ce2ab638945a9fd7e07078e1dc016fe7/element/8db11bce-e033-40a6-b7f7-a626183999f0/enabled HTTP/1.1
User-Agent: selenium/4.7.1 (java windows)
Cache-Control: no-cache
Content-Type: application/json; charset=utf-8
host: localhost:4003
accept: */*

Response DefaultHttpResponse(decodeResult: success, version: HTTP/1.1)
HTTP/1.1 200 OK
Content-Type: application/json; charset=utf-8
cache-control: no-cache
content-length: 14

10:03:06.356 [AsyncHttpClient-1-10] DEBUG org.asynchttpclient.netty.channel.ChannelManager - Adding key: http://localhost:4003 for channel [id: 0x30146da3, L:/127.0.0.1:50090 - R:localhost/127.0.0.1:4003]
10:03:06.357 [Forwarding isElementEnabled on session ce2ab638945a9fd7e07078e1dc016fe7 to remote] DEBUG org.asynchttpclient.netty.request.NettyRequestSender - Using pooled Channel '[id: 0x30146da3, L:/127.0.0.1:50090 - R:localhost/127.0.0.1:4003]' for 'GET' to 'http://localhost:4003/session/ce2ab638945a9fd7e07078e1dc016fe7/element/8db11bce-e033-40a6-b7f7-a626183999f0/enabled'
10:03:06.357 [Forwarding isElementEnabled on session ce2ab638945a9fd7e07078e1dc016fe7 to remote] DEBUG org.asynchttpclient.netty.request.NettyRequestSender - Using open Channel [id: 0x30146da3, L:/127.0.0.1:50090 - R:localhost/127.0.0.1:4003] for GET '/session/ce2ab638945a9fd7e07078e1dc016fe7/element/8db11bce-e033-40a6-b7f7-a626183999f0/enabled'
10:03:06.372 [AsyncHttpClient-1-10] DEBUG org.asynchttpclient.netty.handler.HttpHandler - 

Request DefaultFullHttpRequest(decodeResult: success, version: HTTP/1.1, content: EmptyByteBufBE)
GET /session/ce2ab638945a9fd7e07078e1dc016fe7/element/8db11bce-e033-40a6-b7f7-a626183999f0/enabled HTTP/1.1
User-Agent: selenium/4.7.1 (java windows)
Cache-Control: no-cache
Content-Type: application/json; charset=utf-8
host: localhost:4003
accept: */*

Response DefaultHttpResponse(decodeResult: success, version: HTTP/1.1)
HTTP/1.1 200 OK
Content-Type: application/json; charset=utf-8
cache-control: no-cache
content-length: 14

10:03:06.372 [AsyncHttpClient-1-10] DEBUG org.asynchttpclient.netty.channel.ChannelManager - Adding key: http://localhost:4003 for channel [id: 0x30146da3, L:/127.0.0.1:50090 - R:localhost/127.0.0.1:4003]
10:03:06.375 [Forwarding findElement on session ce2ab638945a9fd7e07078e1dc016fe7 to remote] DEBUG org.asynchttpclient.netty.request.NettyRequestSender - Using pooled Channel '[id: 0x30146da3, L:/127.0.0.1:50090 - R:localhost/127.0.0.1:4003]' for 'POST' to 'http://localhost:4003/session/ce2ab638945a9fd7e07078e1dc016fe7/element'
10:03:06.375 [Forwarding findElement on session ce2ab638945a9fd7e07078e1dc016fe7 to remote] DEBUG org.asynchttpclient.netty.request.NettyRequestSender - Using open Channel [id: 0x30146da3, L:/127.0.0.1:50090 - R:localhost/127.0.0.1:4003] for POST '/session/ce2ab638945a9fd7e07078e1dc016fe7/element'
10:03:06.389 [AsyncHttpClient-1-10] DEBUG org.asynchttpclient.netty.handler.HttpHandler - 

Request DefaultHttpRequest(decodeResult: success, version: HTTP/1.1)
POST /session/ce2ab638945a9fd7e07078e1dc016fe7/element HTTP/1.1
User-Agent: selenium/4.7.1 (java windows)
Content-Length: 141
Content-Type: application/json; charset=utf-8
host: localhost:4003
accept: */*

Response DefaultHttpResponse(decodeResult: success, version: HTTP/1.1)
HTTP/1.1 200 OK
Content-Type: application/json; charset=utf-8
cache-control: no-cache
content-length: 88

10:03:06.389 [AsyncHttpClient-1-10] DEBUG org.asynchttpclient.netty.channel.ChannelManager - Adding key: http://localhost:4003 for channel [id: 0x30146da3, L:/127.0.0.1:50090 - R:localhost/127.0.0.1:4003]
10:03:06.391 [Forwarding clickElement on session ce2ab638945a9fd7e07078e1dc016fe7 to remote] DEBUG org.asynchttpclient.netty.request.NettyRequestSender - Using pooled Channel '[id: 0x30146da3, L:/127.0.0.1:50090 - R:localhost/127.0.0.1:4003]' for 'POST' to 'http://localhost:4003/session/ce2ab638945a9fd7e07078e1dc016fe7/element/8db11bce-e033-40a6-b7f7-a626183999f0/click'
10:03:06.391 [Forwarding clickElement on session ce2ab638945a9fd7e07078e1dc016fe7 to remote] DEBUG org.asynchttpclient.netty.request.NettyRequestSender - Using open Channel [id: 0x30146da3, L:/127.0.0.1:50090 - R:localhost/127.0.0.1:4003] for POST '/session/ce2ab638945a9fd7e07078e1dc016fe7/element/8db11bce-e033-40a6-b7f7-a626183999f0/click'
10:03:06.461 [AsyncHttpClient-1-10] DEBUG org.asynchttpclient.netty.handler.HttpHandler - 

Request DefaultHttpRequest(decodeResult: success, version: HTTP/1.1)
POST /session/ce2ab638945a9fd7e07078e1dc016fe7/element/8db11bce-e033-40a6-b7f7-a626183999f0/click HTTP/1.1
User-Agent: selenium/4.7.1 (java windows)
Content-Length: 50
Content-Type: application/json; charset=utf-8
host: localhost:4003
accept: */*

Response DefaultHttpResponse(decodeResult: success, version: HTTP/1.1)
HTTP/1.1 200 OK
Content-Type: application/json; charset=utf-8
cache-control: no-cache
content-length: 14

10:03:06.461 [AsyncHttpClient-1-10] DEBUG org.asynchttpclient.netty.channel.ChannelManager - Adding key: http://localhost:4003 for channel [id: 0x30146da3, L:/127.0.0.1:50090 - R:localhost/127.0.0.1:4003]
10:03:06.471 [Forwarding getCurrentWindowHandle on session ce2ab638945a9fd7e07078e1dc016fe7 to remote] DEBUG org.asynchttpclient.netty.request.NettyRequestSender - Using pooled Channel '[id: 0x30146da3, L:/127.0.0.1:50090 - R:localhost/127.0.0.1:4003]' for 'GET' to 'http://localhost:4003/session/ce2ab638945a9fd7e07078e1dc016fe7/window'
10:03:06.471 [Forwarding getCurrentWindowHandle on session ce2ab638945a9fd7e07078e1dc016fe7 to remote] DEBUG org.asynchttpclient.netty.request.NettyRequestSender - Using open Channel [id: 0x30146da3, L:/127.0.0.1:50090 - R:localhost/127.0.0.1:4003] for GET '/session/ce2ab638945a9fd7e07078e1dc016fe7/window'
10:03:06.473 [AsyncHttpClient-1-10] DEBUG org.asynchttpclient.netty.handler.HttpHandler - 

Request DefaultFullHttpRequest(decodeResult: success, version: HTTP/1.1, content: EmptyByteBufBE)
GET /session/ce2ab638945a9fd7e07078e1dc016fe7/window HTTP/1.1
User-Agent: selenium/4.7.1 (java windows)
Cache-Control: no-cache
Content-Type: application/json; charset=utf-8
host: localhost:4003
accept: */*

Response DefaultHttpResponse(decodeResult: success, version: HTTP/1.1)
HTTP/1.1 200 OK
Content-Type: application/json; charset=utf-8
cache-control: no-cache
content-length: 44

10:03:06.474 [AsyncHttpClient-1-10] DEBUG org.asynchttpclient.netty.channel.ChannelManager - Adding key: http://localhost:4003 for channel [id: 0x30146da3, L:/127.0.0.1:50090 - R:localhost/127.0.0.1:4003]
10:03:06.475 [Forwarding getAlertText on session ce2ab638945a9fd7e07078e1dc016fe7 to remote] DEBUG org.asynchttpclient.netty.request.NettyRequestSender - Using pooled Channel '[id: 0x30146da3, L:/127.0.0.1:50090 - R:localhost/127.0.0.1:4003]' for 'GET' to 'http://localhost:4003/session/ce2ab638945a9fd7e07078e1dc016fe7/alert/text'
10:03:06.476 [Forwarding getAlertText on session ce2ab638945a9fd7e07078e1dc016fe7 to remote] DEBUG org.asynchttpclient.netty.request.NettyRequestSender - Using open Channel [id: 0x30146da3, L:/127.0.0.1:50090 - R:localhost/127.0.0.1:4003] for GET '/session/ce2ab638945a9fd7e07078e1dc016fe7/alert/text'
10:03:06.477 [AsyncHttpClient-1-10] DEBUG org.asynchttpclient.netty.handler.HttpHandler - 

Request DefaultFullHttpRequest(decodeResult: success, version: HTTP/1.1, content: EmptyByteBufBE)
GET /session/ce2ab638945a9fd7e07078e1dc016fe7/alert/text HTTP/1.1
User-Agent: selenium/4.7.1 (java windows)
Cache-Control: no-cache
Content-Type: application/json; charset=utf-8
host: localhost:4003
accept: */*

Response DefaultHttpResponse(decodeResult: success, version: HTTP/1.1)
HTTP/1.1 404 Not Found
Content-Type: application/json; charset=utf-8
cache-control: no-cache
content-length: 821

10:03:06.478 [AsyncHttpClient-1-10] DEBUG org.asynchttpclient.netty.channel.ChannelManager - Adding key: http://localhost:4003 for channel [id: 0x30146da3, L:/127.0.0.1:50090 - R:localhost/127.0.0.1:4003]
10:03:06.480 [Forwarding switchToWindow on session ce2ab638945a9fd7e07078e1dc016fe7 to remote] DEBUG org.asynchttpclient.netty.request.NettyRequestSender - Using pooled Channel '[id: 0x30146da3, L:/127.0.0.1:50090 - R:localhost/127.0.0.1:4003]' for 'POST' to 'http://localhost:4003/session/ce2ab638945a9fd7e07078e1dc016fe7/window'
10:03:06.480 [Forwarding switchToWindow on session ce2ab638945a9fd7e07078e1dc016fe7 to remote] DEBUG org.asynchttpclient.netty.request.NettyRequestSender - Using open Channel [id: 0x30146da3, L:/127.0.0.1:50090 - R:localhost/127.0.0.1:4003] for POST '/session/ce2ab638945a9fd7e07078e1dc016fe7/window'
10:03:06.485 [AsyncHttpClient-1-10] DEBUG org.asynchttpclient.netty.handler.HttpHandler - 

Request DefaultHttpRequest(decodeResult: success, version: HTTP/1.1)
POST /session/ce2ab638945a9fd7e07078e1dc016fe7/window HTTP/1.1
User-Agent: selenium/4.7.1 (java windows)
Content-Length: 50
Content-Type: application/json; charset=utf-8
host: localhost:4003
accept: */*

Response DefaultHttpResponse(decodeResult: success, version: HTTP/1.1)
HTTP/1.1 200 OK
Content-Type: application/json; charset=utf-8
cache-control: no-cache
content-length: 14

10:03:06.485 [AsyncHttpClient-1-10] DEBUG org.asynchttpclient.netty.channel.ChannelManager - Adding key: http://localhost:4003 for channel [id: 0x30146da3, L:/127.0.0.1:50090 - R:localhost/127.0.0.1:4003]
10:03:06.487 [Forwarding getCurrentUrl on session ce2ab638945a9fd7e07078e1dc016fe7 to remote] DEBUG org.asynchttpclient.netty.request.NettyRequestSender - Using pooled Channel '[id: 0x30146da3, L:/127.0.0.1:50090 - R:localhost/127.0.0.1:4003]' for 'GET' to 'http://localhost:4003/session/ce2ab638945a9fd7e07078e1dc016fe7/url'
10:03:06.487 [Forwarding getCurrentUrl on session ce2ab638945a9fd7e07078e1dc016fe7 to remote] DEBUG org.asynchttpclient.netty.request.NettyRequestSender - Using open Channel [id: 0x30146da3, L:/127.0.0.1:50090 - R:localhost/127.0.0.1:4003] for GET '/session/ce2ab638945a9fd7e07078e1dc016fe7/url'
10:03:06.495 [AsyncHttpClient-1-10] DEBUG org.asynchttpclient.netty.handler.HttpHandler - 

Request DefaultFullHttpRequest(decodeResult: success, version: HTTP/1.1, content: EmptyByteBufBE)
GET /session/ce2ab638945a9fd7e07078e1dc016fe7/url HTTP/1.1
User-Agent: selenium/4.7.1 (java windows)
Cache-Control: no-cache
Content-Type: application/json; charset=utf-8
host: localhost:4003
accept: */*

Response DefaultHttpResponse(decodeResult: success, version: HTTP/1.1)
HTTP/1.1 200 OK
Content-Type: application/json; charset=utf-8
cache-control: no-cache
content-length: 54

10:03:06.495 [AsyncHttpClient-1-10] DEBUG org.asynchttpclient.netty.channel.ChannelManager - Adding key: http://localhost:4003 for channel [id: 0x30146da3, L:/127.0.0.1:50090 - R:localhost/127.0.0.1:4003]
10:03:06.497 [Forwarding screenshot on session ce2ab638945a9fd7e07078e1dc016fe7 to remote] DEBUG org.asynchttpclient.netty.request.NettyRequestSender - Using pooled Channel '[id: 0x30146da3, L:/127.0.0.1:50090 - R:localhost/127.0.0.1:4003]' for 'GET' to 'http://localhost:4003/session/ce2ab638945a9fd7e07078e1dc016fe7/screenshot'
10:03:06.497 [Forwarding screenshot on session ce2ab638945a9fd7e07078e1dc016fe7 to remote] DEBUG org.asynchttpclient.netty.request.NettyRequestSender - Using open Channel [id: 0x30146da3, L:/127.0.0.1:50090 - R:localhost/127.0.0.1:4003] for GET '/session/ce2ab638945a9fd7e07078e1dc016fe7/screenshot'
10:03:06.640 [AsyncHttpClient-1-10] DEBUG org.asynchttpclient.netty.handler.HttpHandler - 

Request DefaultFullHttpRequest(decodeResult: success, version: HTTP/1.1, content: EmptyByteBufBE)
GET /session/ce2ab638945a9fd7e07078e1dc016fe7/screenshot HTTP/1.1
User-Agent: selenium/4.7.1 (java windows)
Cache-Control: no-cache
Content-Type: application/json; charset=utf-8
host: localhost:4003
accept: */*

Response DefaultHttpResponse(decodeResult: success, version: HTTP/1.1)
HTTP/1.1 200 OK
Content-Type: application/json; charset=utf-8
cache-control: no-cache
content-length: 29996

10:03:06.640 [AsyncHttpClient-1-10] DEBUG org.asynchttpclient.netty.channel.ChannelManager - Adding key: http://localhost:4003 for channel [id: 0x30146da3, L:/127.0.0.1:50090 - R:localhost/127.0.0.1:4003]
10:03:06.642 [main] DEBUG net.serenitybdd.core.photography.Darkroom - Send negative for processing for target\site\serenity\c1e85c287f68b0a479a06b1c4d12bbf44fef36e38788e709be5f13a354870c7f.png
10:03:06.643 [main] DEBUG net.thucydides.core.steps.StepInterceptor - STEP DONE: klikButtonRegister
10:03:06.643 [Darkroom Processing Line] DEBUG net.serenitybdd.core.photography.DarkroomProcessingLine - Processing screenshot image in /var/screenshots/screenshot-5061684148827311767
10:03:06.643 [Darkroom Processing Line] DEBUG net.serenitybdd.core.photography.DarkroomProcessingLine - Saving screenshot to target\site\serenity\c1e85c287f68b0a479a06b1c4d12bbf44fef36e38788e709be5f13a354870c7f.png
  &amp#27;[32mThen &amp#27;[0m&amp#27;[32muser klik register yang kedua&amp#27;[0m                        &amp#27;[90m# starter.stepdefinitions.RegisterSteps.userKlikRegisterYangKedua()&amp#27;[0m
10:03:06.658 [main] DEBUG net.thucydides.core.steps.StepInterceptor - STARTING STEP: RegisterSteps.userMenerimaERRORMessage - munculErrorMessage
10:03:06.661 [Forwarding findElement on session ce2ab638945a9fd7e07078e1dc016fe7 to remote] DEBUG org.asynchttpclient.netty.request.NettyRequestSender - Using pooled Channel '[id: 0x30146da3, L:/127.0.0.1:50090 - R:localhost/127.0.0.1:4003]' for 'POST' to 'http://localhost:4003/session/ce2ab638945a9fd7e07078e1dc016fe7/element'
10:03:06.661 [Forwarding findElement on session ce2ab638945a9fd7e07078e1dc016fe7 to remote] DEBUG org.asynchttpclient.netty.request.NettyRequestSender - Using open Channel [id: 0x30146da3, L:/127.0.0.1:50090 - R:localhost/127.0.0.1:4003] for POST '/session/ce2ab638945a9fd7e07078e1dc016fe7/element'
10:03:06.869 [AsyncHttpClient-1-1] DEBUG org.asynchttpclient.netty.channel.DefaultChannelPool - Entry count for : http://localhost:50091 : 1
10:03:06.884 [AsyncHttpClient-1-10] DEBUG org.asynchttpclient.netty.handler.HttpHandler - 

Request DefaultHttpRequest(decodeResult: success, version: HTTP/1.1)
POST /session/ce2ab638945a9fd7e07078e1dc016fe7/element HTTP/1.1
User-Agent: selenium/4.7.1 (java windows)
Content-Length: 79
Content-Type: application/json; charset=utf-8
host: localhost:4003
accept: */*

Response DefaultHttpResponse(decodeResult: success, version: HTTP/1.1)
HTTP/1.1 200 OK
Content-Type: application/json; charset=utf-8
cache-control: no-cache
content-length: 88

10:03:06.884 [AsyncHttpClient-1-10] DEBUG org.asynchttpclient.netty.channel.ChannelManager - Adding key: http://localhost:4003 for channel [id: 0x30146da3, L:/127.0.0.1:50090 - R:localhost/127.0.0.1:4003]
10:03:06.890 [Forwarding isElementDisplayed on session ce2ab638945a9fd7e07078e1dc016fe7 to remote] DEBUG org.asynchttpclient.netty.request.NettyRequestSender - Using pooled Channel '[id: 0x30146da3, L:/127.0.0.1:50090 - R:localhost/127.0.0.1:4003]' for 'POST' to 'http://localhost:4003/session/ce2ab638945a9fd7e07078e1dc016fe7/execute/sync'
10:03:06.890 [Forwarding isElementDisplayed on session ce2ab638945a9fd7e07078e1dc016fe7 to remote] DEBUG org.asynchttpclient.netty.request.NettyRequestSender - Using open Channel [id: 0x30146da3, L:/127.0.0.1:50090 - R:localhost/127.0.0.1:4003] for POST '/session/ce2ab638945a9fd7e07078e1dc016fe7/execute/sync'
10:03:06.908 [AsyncHttpClient-1-10] DEBUG org.asynchttpclient.netty.handler.HttpHandler - 

Request DefaultHttpRequest(decodeResult: success, version: HTTP/1.1)
POST /session/ce2ab638945a9fd7e07078e1dc016fe7/execute/sync HTTP/1.1
User-Agent: selenium/4.7.1 (java windows)
Content-Length: 48780
Content-Type: application/json; charset=utf-8
host: localhost:4003
accept: */*

Response DefaultHttpResponse(decodeResult: success, version: HTTP/1.1)
HTTP/1.1 200 OK
Content-Type: application/json; charset=utf-8
cache-control: no-cache
content-length: 14

10:03:06.909 [AsyncHttpClient-1-10] DEBUG org.asynchttpclient.netty.channel.ChannelManager - Adding key: http://localhost:4003 for channel [id: 0x30146da3, L:/127.0.0.1:50090 - R:localhost/127.0.0.1:4003]
10:03:06.918 [Forwarding getCurrentWindowHandle on session ce2ab638945a9fd7e07078e1dc016fe7 to remote] DEBUG org.asynchttpclient.netty.request.NettyRequestSender - Using pooled Channel '[id: 0x30146da3, L:/127.0.0.1:50090 - R:localhost/127.0.0.1:4003]' for 'GET' to 'http://localhost:4003/session/ce2ab638945a9fd7e07078e1dc016fe7/window'
10:03:06.918 [Forwarding getCurrentWindowHandle on session ce2ab638945a9fd7e07078e1dc016fe7 to remote] DEBUG org.asynchttpclient.netty.request.NettyRequestSender - Using open Channel [id: 0x30146da3, L:/127.0.0.1:50090 - R:localhost/127.0.0.1:4003] for GET '/session/ce2ab638945a9fd7e07078e1dc016fe7/window'
10:03:06.920 [AsyncHttpClient-1-10] DEBUG org.asynchttpclient.netty.handler.HttpHandler - 

Request DefaultFullHttpRequest(decodeResult: success, version: HTTP/1.1, content: EmptyByteBufBE)
GET /session/ce2ab638945a9fd7e07078e1dc016fe7/window HTTP/1.1
User-Agent: selenium/4.7.1 (java windows)
Cache-Control: no-cache
Content-Type: application/json; charset=utf-8
host: localhost:4003
accept: */*

Response DefaultHttpResponse(decodeResult: success, version: HTTP/1.1)
HTTP/1.1 200 OK
Content-Type: application/json; charset=utf-8
cache-control: no-cache
content-length: 44

10:03:06.920 [AsyncHttpClient-1-10] DEBUG org.asynchttpclient.netty.channel.ChannelManager - Adding key: http://localhost:4003 for channel [id: 0x30146da3, L:/127.0.0.1:50090 - R:localhost/127.0.0.1:4003]
10:03:06.922 [Forwarding getAlertText on session ce2ab638945a9fd7e07078e1dc016fe7 to remote] DEBUG org.asynchttpclient.netty.request.NettyRequestSender - Using pooled Channel '[id: 0x30146da3, L:/127.0.0.1:50090 - R:localhost/127.0.0.1:4003]' for 'GET' to 'http://localhost:4003/session/ce2ab638945a9fd7e07078e1dc016fe7/alert/text'
10:03:06.922 [Forwarding getAlertText on session ce2ab638945a9fd7e07078e1dc016fe7 to remote] DEBUG org.asynchttpclient.netty.request.NettyRequestSender - Using open Channel [id: 0x30146da3, L:/127.0.0.1:50090 - R:localhost/127.0.0.1:4003] for GET '/session/ce2ab638945a9fd7e07078e1dc016fe7/alert/text'
10:03:06.927 [AsyncHttpClient-1-10] DEBUG org.asynchttpclient.netty.handler.HttpHandler - 

Request DefaultFullHttpRequest(decodeResult: success, version: HTTP/1.1, content: EmptyByteBufBE)
GET /session/ce2ab638945a9fd7e07078e1dc016fe7/alert/text HTTP/1.1
User-Agent: selenium/4.7.1 (java windows)
Cache-Control: no-cache
Content-Type: application/json; charset=utf-8
host: localhost:4003
accept: */*

Response DefaultHttpResponse(decodeResult: success, version: HTTP/1.1)
HTTP/1.1 404 Not Found
Content-Type: application/json; charset=utf-8
cache-control: no-cache
content-length: 821

10:03:06.927 [AsyncHttpClient-1-10] DEBUG org.asynchttpclient.netty.channel.ChannelManager - Adding key: http://localhost:4003 for channel [id: 0x30146da3, L:/127.0.0.1:50090 - R:localhost/127.0.0.1:4003]
10:03:06.930 [Forwarding switchToWindow on session ce2ab638945a9fd7e07078e1dc016fe7 to remote] DEBUG org.asynchttpclient.netty.request.NettyRequestSender - Using pooled Channel '[id: 0x30146da3, L:/127.0.0.1:50090 - R:localhost/127.0.0.1:4003]' for 'POST' to 'http://localhost:4003/session/ce2ab638945a9fd7e07078e1dc016fe7/window'
10:03:06.930 [Forwarding switchToWindow on session ce2ab638945a9fd7e07078e1dc016fe7 to remote] DEBUG org.asynchttpclient.netty.request.NettyRequestSender - Using open Channel [id: 0x30146da3, L:/127.0.0.1:50090 - R:localhost/127.0.0.1:4003] for POST '/session/ce2ab638945a9fd7e07078e1dc016fe7/window'
10:03:06.940 [AsyncHttpClient-1-10] DEBUG org.asynchttpclient.netty.handler.HttpHandler - 

Request DefaultHttpRequest(decodeResult: success, version: HTTP/1.1)
POST /session/ce2ab638945a9fd7e07078e1dc016fe7/window HTTP/1.1
User-Agent: selenium/4.7.1 (java windows)
Content-Length: 50
Content-Type: application/json; charset=utf-8
host: localhost:4003
accept: */*

Response DefaultHttpResponse(decodeResult: success, version: HTTP/1.1)
HTTP/1.1 200 OK
Content-Type: application/json; charset=utf-8
cache-control: no-cache
content-length: 14

10:03:06.941 [AsyncHttpClient-1-10] DEBUG org.asynchttpclient.netty.channel.ChannelManager - Adding key: http://localhost:4003 for channel [id: 0x30146da3, L:/127.0.0.1:50090 - R:localhost/127.0.0.1:4003]
10:03:06.942 [Forwarding getCurrentUrl on session ce2ab638945a9fd7e07078e1dc016fe7 to remote] DEBUG org.asynchttpclient.netty.request.NettyRequestSender - Using pooled Channel '[id: 0x30146da3, L:/127.0.0.1:50090 - R:localhost/127.0.0.1:4003]' for 'GET' to 'http://localhost:4003/session/ce2ab638945a9fd7e07078e1dc016fe7/url'
10:03:06.942 [Forwarding getCurrentUrl on session ce2ab638945a9fd7e07078e1dc016fe7 to remote] DEBUG org.asynchttpclient.netty.request.NettyRequestSender - Using open Channel [id: 0x30146da3, L:/127.0.0.1:50090 - R:localhost/127.0.0.1:4003] for GET '/session/ce2ab638945a9fd7e07078e1dc016fe7/url'
10:03:06.952 [AsyncHttpClient-1-10] DEBUG org.asynchttpclient.netty.handler.HttpHandler - 

Request DefaultFullHttpRequest(decodeResult: success, version: HTTP/1.1, content: EmptyByteBufBE)
GET /session/ce2ab638945a9fd7e07078e1dc016fe7/url HTTP/1.1
User-Agent: selenium/4.7.1 (java windows)
Cache-Control: no-cache
Content-Type: application/json; charset=utf-8
host: localhost:4003
accept: */*

Response DefaultHttpResponse(decodeResult: success, version: HTTP/1.1)
HTTP/1.1 200 OK
Content-Type: application/json; charset=utf-8
cache-control: no-cache
content-length: 54

10:03:06.952 [AsyncHttpClient-1-10] DEBUG org.asynchttpclient.netty.channel.ChannelManager - Adding key: http://localhost:4003 for channel [id: 0x30146da3, L:/127.0.0.1:50090 - R:localhost/127.0.0.1:4003]
10:03:06.954 [Forwarding screenshot on session ce2ab638945a9fd7e07078e1dc016fe7 to remote] DEBUG org.asynchttpclient.netty.request.NettyRequestSender - Using pooled Channel '[id: 0x30146da3, L:/127.0.0.1:50090 - R:localhost/127.0.0.1:4003]' for 'GET' to 'http://localhost:4003/session/ce2ab638945a9fd7e07078e1dc016fe7/screenshot'
10:03:06.954 [Forwarding screenshot on session ce2ab638945a9fd7e07078e1dc016fe7 to remote] DEBUG org.asynchttpclient.netty.request.NettyRequestSender - Using open Channel [id: 0x30146da3, L:/127.0.0.1:50090 - R:localhost/127.0.0.1:4003] for GET '/session/ce2ab638945a9fd7e07078e1dc016fe7/screenshot'
10:03:07.103 [AsyncHttpClient-1-10] DEBUG org.asynchttpclient.netty.handler.HttpHandler - 

Request DefaultFullHttpRequest(decodeResult: success, version: HTTP/1.1, content: EmptyByteBufBE)
GET /session/ce2ab638945a9fd7e07078e1dc016fe7/screenshot HTTP/1.1
User-Agent: selenium/4.7.1 (java windows)
Cache-Control: no-cache
Content-Type: application/json; charset=utf-8
host: localhost:4003
accept: */*

Response DefaultHttpResponse(decodeResult: success, version: HTTP/1.1)
HTTP/1.1 200 OK
Content-Type: application/json; charset=utf-8
cache-control: no-cache
content-length: 31352

10:03:07.104 [AsyncHttpClient-1-10] DEBUG org.asynchttpclient.netty.channel.ChannelManager - Adding key: http://localhost:4003 for channel [id: 0x30146da3, L:/127.0.0.1:50090 - R:localhost/127.0.0.1:4003]
10:03:07.106 [main] DEBUG net.serenitybdd.core.photography.Darkroom - Send negative for processing for target\site\serenity\a8d275687a4b9f1633a9ed0b83e4a8c877d7eee5203ba2a122121995962f8d28.png
10:03:07.107 [main] DEBUG net.thucydides.core.steps.StepInterceptor - STEP DONE: munculErrorMessage
10:03:07.108 [Darkroom Processing Line] DEBUG net.serenitybdd.core.photography.DarkroomProcessingLine - Processing screenshot image in /var/screenshots/screenshot-7499672829694431604
10:03:07.108 [Darkroom Processing Line] DEBUG net.serenitybdd.core.photography.DarkroomProcessingLine - Saving screenshot to target\site\serenity\a8d275687a4b9f1633a9ed0b83e4a8c877d7eee5203ba2a122121995962f8d28.png
  &amp#27;[32mAnd &amp#27;[0m&amp#27;[32muser menerima ERROR message &amp#27;[0m&amp#27;[32m&amp#27;[1m"email is required"&amp#27;[0m       &amp#27;[90m# starter.stepdefinitions.RegisterSteps.userMenerimaERRORMessage(java.lang.String)&amp#27;[0m
10:03:07.120 [main] INFO  - 
  _____   ___   ___   _____     ___     _     ___   ___   ___   ___  
 |_   _| | __| / __| |_   _|   | _ \   /_\   / __| / __| | __| |   \ 
   | |   | _|  \__ \   | |     |  _/  / _ \  \__ \ \__ \ | _|  | |) |
   |_|   |___| |___/   |_|     |_|   /_/ \_\ |___/ |___/ |___| |___/ 

user tidak bisa register karena tidak input email
----------------------------------------------------------------------
10:03:07.125 [AsyncHttpClient-1-12] DEBUG org.asynchttpclient.netty.handler.WebSocketHandler - Channel Closed: [id: 0xcaee8a16, L:/127.0.0.1:50100 ! R:localhost/127.0.0.1:50091] with attribute NettyResponseFuture{currentRetry=0,
	isDone=1,
	isCancelled=0,
	asyncHandler=org.asynchttpclient.ws.WebSocketUpgradeHandler@6657a46f,
	nettyRequest=org.asynchttpclient.netty.request.NettyRequest@2642b309,
	future=java.util.concurrent.CompletableFuture@1ee08d1f[Completed normally],
	uri=ws://localhost:50091/devtools/browser/7405c8cf-11ef-41b4-ab8f-5f9f7d342efe,
	keepAlive=true,
	redirectCount=0,
	timeoutsHolder=null,
	inAuth=0,
	touch=1683514980335}
10:03:07.125 [AsyncHttpClient-1-12] DEBUG org.asynchttpclient.netty.channel.ChannelManager - Closing Channel [id: 0xcaee8a16, L:/127.0.0.1:50100 ! R:localhost/127.0.0.1:50091] 
10:03:07.125 [Driver Command Executor] DEBUG org.asynchttpclient.netty.request.NettyRequestSender - Using pooled Channel '[id: 0x30146da3, L:/127.0.0.1:50090 - R:localhost/127.0.0.1:4003]' for 'DELETE' to 'http://localhost:4003/session/ce2ab638945a9fd7e07078e1dc016fe7'
10:03:07.126 [Driver Command Executor] DEBUG org.asynchttpclient.netty.request.NettyRequestSender - Using open Channel [id: 0x30146da3, L:/127.0.0.1:50090 - R:localhost/127.0.0.1:4003] for DELETE '/session/ce2ab638945a9fd7e07078e1dc016fe7'
10:03:07.305 [AsyncHttpClient-1-11] DEBUG org.asynchttpclient.netty.handler.HttpHandler - Unexpected I/O exception on channel [id: 0x9adad72b, L:/127.0.0.1:50099 - R:localhost/127.0.0.1:50091]
java.net.SocketException: Connection reset
	at java.base/sun.nio.ch.SocketChannelImpl.throwConnectionReset(SocketChannelImpl.java:401)
	at java.base/sun.nio.ch.SocketChannelImpl.read(SocketChannelImpl.java:434)
	at io.netty.buffer.PooledByteBuf.setBytes(PooledByteBuf.java:259)
	at io.netty.buffer.AbstractByteBuf.writeBytes(AbstractByteBuf.java:1132)
	at io.netty.channel.socket.nio.NioSocketChannel.doReadBytes(NioSocketChannel.java:357)
	at io.netty.channel.nio.AbstractNioByteChannel$NioByteUnsafe.read(AbstractNioByteChannel.java:151)
	at io.netty.channel.nio.NioEventLoop.processSelectedKey(NioEventLoop.java:788)
	at io.netty.channel.nio.NioEventLoop.processSelectedKeysOptimized(NioEventLoop.java:724)
	at io.netty.channel.nio.NioEventLoop.processSelectedKeys(NioEventLoop.java:650)
	at io.netty.channel.nio.NioEventLoop.run(NioEventLoop.java:562)
	at io.netty.util.concurrent.SingleThreadEventExecutor$4.run(SingleThreadEventExecutor.java:997)
	at io.netty.util.internal.ThreadExecutorMap$2.run(ThreadExecutorMap.java:74)
	at io.netty.util.concurrent.FastThreadLocalRunnable.run(FastThreadLocalRunnable.java:30)
	at java.base/java.lang.Thread.run(Thread.java:1589)
10:03:07.305 [AsyncHttpClient-1-11] DEBUG org.asynchttpclient.netty.channel.ChannelManager - Closing Channel [id: 0x9adad72b, L:/127.0.0.1:50099 - R:localhost/127.0.0.1:50091] 
10:03:07.305 [AsyncHttpClient-1-11] DEBUG org.asynchttpclient.netty.handler.HttpHandler - Channel Closed: [id: 0x9adad72b, L:/127.0.0.1:50099 ! R:localhost/127.0.0.1:50091] with attribute DISCARD
10:03:07.338 [AsyncHttpClient-1-10] DEBUG org.asynchttpclient.netty.handler.HttpHandler - 

Request DefaultFullHttpRequest(decodeResult: success, version: HTTP/1.1, content: EmptyByteBufBE)
DELETE /session/ce2ab638945a9fd7e07078e1dc016fe7 HTTP/1.1
User-Agent: selenium/4.7.1 (java windows)
Content-Type: application/json; charset=utf-8
host: localhost:4003
accept: */*

Response DefaultHttpResponse(decodeResult: success, version: HTTP/1.1)
HTTP/1.1 200 OK
Content-Type: application/json; charset=utf-8
cache-control: no-cache
content-length: 14

10:03:07.338 [AsyncHttpClient-1-10] DEBUG org.asynchttpclient.netty.channel.ChannelManager - Adding key: http://localhost:4003 for channel [id: 0x30146da3, L:/127.0.0.1:50090 - R:localhost/127.0.0.1:4003]
10:03:07.434 [AsyncHttpClient-1-10] DEBUG org.asynchttpclient.netty.handler.HttpHandler - Channel Closed: [id: 0x30146da3, L:/127.0.0.1:50090 ! R:localhost/127.0.0.1:4003] with attribute DISCARD
]]></system-out>
    <system-err><![CDATA[Starting ChromeDriver 112.0.5615.49 (bd2a7bcb881c11e8cfe3078709382934e3916914-refs/branch-heads/5615@{#936}) on port 4003
Only local connections are allowed.
Please see https://chromedriver.chromium.org/security-considerations for suggestions on keeping ChromeDriver safe.
ChromeDriver was started successfully.
May 08, 2023 10:03:00 AM org.openqa.selenium.devtools.CdpVersionFinder findNearestMatch
WARNING: Unable to find an exact match for CDP version 112, so returning the closest version found: 108
]]></system-err>
  </testcase>
  <testcase name="user tidak bisa register karena tidak input password" classname="register" time="10.115">
    <system-out><![CDATA[
@AS10-negative
Scenario: user tidak bisa register karena tidak input password &amp#27;[90m# src/test/resources/features/2. Register.feature:37&amp#27;[0m
10:03:07.554 [main] INFO io.cucumber.core.plugin.SerenityReporter - Running feature from file:///C:/Users/HP/Downloads/Mini-Project-QA/ALTASHOP%20WEB%20AUTOMATION/src/test/resources/features/2.%20Register.feature
10:03:07.559 [main] INFO  - 
  _____   ___   ___   _____     ___   _____     _     ___   _____   ___   ___  
 |_   _| | __| / __| |_   _|   / __| |_   _|   /_\   | _ \ |_   _| | __| |   \ 
   | |   | _|  \__ \   | |     \__ \   | |    / _ \  |   /   | |   | _|  | |) |
   |_|   |___| |___/   |_|     |___/   |_|   /_/ \_\ |_|_\   |_|   |___| |___/ 

user tidak bisa register karena tidak input password(register;user-tidak-bisa-register-karena-tidak-input-password)
--------------------------------------------------------------------------------
10:03:07.610 [main] DEBUG net.thucydides.core.steps.StepInterceptor - STARTING STEP: LoginRegisterSteps.userBeradaDiHomepageAlta - diHomepageAltaShop
10:03:07.696 [main] INFO net.serenitybdd.core.webdriver.driverproviders.ChromeDriverProvider - Starting Chrome driver instance with capabilities:
10:03:07.696 [main] INFO net.serenitybdd.core.webdriver.driverproviders.ChromeDriverProvider - Capabilities {acceptInsecureCerts: true, browserName: chrome, goog:chromeOptions: {args: [remote-allow-origins=*, test-type, no-sandbox, ignore-certificate-errors, start-maximized, incognito, disable-infobars, disable-gpu, disable-default-apps, disable-popup-blocking, remote-allow-origins=*, test-type, no-sandbox, ignore-certificate-errors, start-maximized, incognito, disable-infobars, disable-gpu, disable-default-apps, disable-popup-blocking], extensions: []}}
10:03:07.885 [AsyncHttpClient-1-13] DEBUG org.asynchttpclient.netty.channel.NettyConnectListener - Using new Channel '[id: 0x8a1a84af, L:/127.0.0.1:50119 - R:localhost/127.0.0.1:44011]' for 'POST' to '/session'
10:03:07.974 [AsyncHttpClient-1-1] DEBUG org.asynchttpclient.netty.channel.DefaultChannelPool - Entry count for : http://localhost:4003 : 1
10:03:07.974 [AsyncHttpClient-1-1] DEBUG org.asynchttpclient.netty.channel.DefaultChannelPool - Entry count for : http://localhost:50091 : 1
10:03:07.974 [AsyncHttpClient-1-1] DEBUG org.asynchttpclient.netty.channel.DefaultChannelPool - Adding Candidate expired Channel [id: 0x30146da3, L:/127.0.0.1:50090 ! R:localhost/127.0.0.1:4003] isIdleTimeoutExpired=false isRemotelyClosed=true isTtlExpired=false
10:03:07.974 [AsyncHttpClient-1-1] DEBUG org.asynchttpclient.netty.channel.DefaultChannelPool - Closing Idle Channel [id: 0x30146da3, L:/127.0.0.1:50090 ! R:localhost/127.0.0.1:4003]
10:03:07.974 [AsyncHttpClient-1-1] DEBUG org.asynchttpclient.netty.channel.DefaultChannelPool - Adding Candidate expired Channel [id: 0x9adad72b, L:/127.0.0.1:50099 ! R:localhost/127.0.0.1:50091] isIdleTimeoutExpired=false isRemotelyClosed=true isTtlExpired=false
10:03:07.974 [AsyncHttpClient-1-1] DEBUG org.asynchttpclient.netty.channel.DefaultChannelPool - Closing Idle Channel [id: 0x9adad72b, L:/127.0.0.1:50099 ! R:localhost/127.0.0.1:50091]
10:03:07.974 [AsyncHttpClient-1-1] DEBUG org.asynchttpclient.netty.channel.DefaultChannelPool - Closed 2 connections out of 2 in 0 ms
10:03:09.877 [AsyncHttpClient-1-13] DEBUG org.asynchttpclient.netty.handler.HttpHandler - 

Request DefaultHttpRequest(decodeResult: success, version: HTTP/1.1)
POST /session HTTP/1.1
User-Agent: selenium/4.7.1 (java windows)
Content-Length: 1629
Content-Type: application/json; charset=utf-8
host: localhost:44011
accept: */*

Response DefaultHttpResponse(decodeResult: success, version: HTTP/1.1)
HTTP/1.1 200 OK
Content-Type: application/json; charset=utf-8
cache-control: no-cache
content-length: 855

10:03:09.877 [AsyncHttpClient-1-13] DEBUG org.asynchttpclient.netty.channel.ChannelManager - Adding key: http://localhost:44011 for channel [id: 0x8a1a84af, L:/127.0.0.1:50119 - R:localhost/127.0.0.1:44011]
10:03:09.895 [AsyncHttpClient-1-14] DEBUG org.asynchttpclient.netty.channel.NettyConnectListener - Using new Channel '[id: 0x2836f066, L:/127.0.0.1:50126 - R:localhost/127.0.0.1:50120]' for 'GET' to '/json/version'
10:03:09.896 [AsyncHttpClient-1-14] DEBUG org.asynchttpclient.netty.handler.HttpHandler - 

Request DefaultFullHttpRequest(decodeResult: success, version: HTTP/1.1, content: EmptyByteBufBE)
GET /json/version HTTP/1.1
User-Agent: selenium/4.7.1 (java windows)
host: localhost:50120
accept: */*

Response DefaultHttpResponse(decodeResult: success, version: HTTP/1.1)
HTTP/1.1 200 OK
Content-Security-Policy: frame-ancestors 'none'
Content-Type: application/json; charset=UTF-8
content-length: 424

10:03:09.897 [AsyncHttpClient-1-14] DEBUG org.asynchttpclient.netty.channel.ChannelManager - Adding key: http://localhost:50120 for channel [id: 0x2836f066, L:/127.0.0.1:50126 - R:localhost/127.0.0.1:50120]
10:03:09.900 [AsyncHttpClient-1-15] DEBUG org.asynchttpclient.netty.channel.NettyConnectListener - Using new Channel '[id: 0xe11da1a2, L:/127.0.0.1:50127 - R:localhost/127.0.0.1:50120]' for 'GET' to '/devtools/browser/0b335119-fe47-4ac3-93f7-19cbac4a34c5'
10:03:09.902 [AsyncHttpClient-1-15] DEBUG org.asynchttpclient.netty.handler.WebSocketHandler - 

Request DefaultFullHttpRequest(decodeResult: success, version: HTTP/1.1, content: EmptyByteBufBE)
GET /devtools/browser/0b335119-fe47-4ac3-93f7-19cbac4a34c5 HTTP/1.1
upgrade: websocket
connection: upgrade
sec-websocket-key: nlVBsF6hDNegMg4l7QjrHw==
sec-websocket-version: 13
origin: http://localhost:50120
host: localhost:50120
accept: */*
user-agent: AHC/2.1

Response DefaultHttpResponse(decodeResult: success, version: HTTP/1.1)
HTTP/1.1 101 WebSocket Protocol Handshake
Upgrade: WebSocket
Connection: Upgrade
Sec-WebSocket-Accept: a7zNN1enKlnT+pBB0iqGnfbI6GE=

10:03:09.913 [Forwarding get on session 0d3929fc85d64e993c83b31c9b8a6a41 to remote] DEBUG org.asynchttpclient.netty.request.NettyRequestSender - Using pooled Channel '[id: 0x8a1a84af, L:/127.0.0.1:50119 - R:localhost/127.0.0.1:44011]' for 'POST' to 'http://localhost:44011/session/0d3929fc85d64e993c83b31c9b8a6a41/url'
10:03:09.913 [Forwarding get on session 0d3929fc85d64e993c83b31c9b8a6a41 to remote] DEBUG org.asynchttpclient.netty.request.NettyRequestSender - Using open Channel [id: 0x8a1a84af, L:/127.0.0.1:50119 - R:localhost/127.0.0.1:44011] for POST '/session/0d3929fc85d64e993c83b31c9b8a6a41/url'
10:03:10.171 [AsyncHttpClient-1-1] DEBUG org.asynchttpclient.netty.channel.DefaultChannelPool - Entry count for : http://localhost:50120 : 1
10:03:11.269 [AsyncHttpClient-1-1] DEBUG org.asynchttpclient.netty.channel.DefaultChannelPool - Entry count for : http://localhost:50120 : 1
10:03:11.299 [AsyncHttpClient-1-13] DEBUG org.asynchttpclient.netty.handler.HttpHandler - 

Request DefaultHttpRequest(decodeResult: success, version: HTTP/1.1)
POST /session/0d3929fc85d64e993c83b31c9b8a6a41/url HTTP/1.1
User-Agent: selenium/4.7.1 (java windows)
Content-Length: 59
Content-Type: application/json; charset=utf-8
host: localhost:44011
accept: */*

Response DefaultHttpResponse(decodeResult: success, version: HTTP/1.1)
HTTP/1.1 200 OK
Content-Type: application/json; charset=utf-8
cache-control: no-cache
content-length: 14

10:03:11.299 [AsyncHttpClient-1-13] DEBUG org.asynchttpclient.netty.channel.ChannelManager - Adding key: http://localhost:44011 for channel [id: 0x8a1a84af, L:/127.0.0.1:50119 - R:localhost/127.0.0.1:44011]
10:03:11.302 [Forwarding setTimeout on session 0d3929fc85d64e993c83b31c9b8a6a41 to remote] DEBUG org.asynchttpclient.netty.request.NettyRequestSender - Using pooled Channel '[id: 0x8a1a84af, L:/127.0.0.1:50119 - R:localhost/127.0.0.1:44011]' for 'POST' to 'http://localhost:44011/session/0d3929fc85d64e993c83b31c9b8a6a41/timeouts'
10:03:11.302 [Forwarding setTimeout on session 0d3929fc85d64e993c83b31c9b8a6a41 to remote] DEBUG org.asynchttpclient.netty.request.NettyRequestSender - Using open Channel [id: 0x8a1a84af, L:/127.0.0.1:50119 - R:localhost/127.0.0.1:44011] for POST '/session/0d3929fc85d64e993c83b31c9b8a6a41/timeouts'
10:03:11.310 [AsyncHttpClient-1-13] DEBUG org.asynchttpclient.netty.handler.HttpHandler - 

Request DefaultHttpRequest(decodeResult: success, version: HTTP/1.1)
POST /session/0d3929fc85d64e993c83b31c9b8a6a41/timeouts HTTP/1.1
User-Agent: selenium/4.7.1 (java windows)
Content-Length: 22
Content-Type: application/json; charset=utf-8
host: localhost:44011
accept: */*

Response DefaultHttpResponse(decodeResult: success, version: HTTP/1.1)
HTTP/1.1 200 OK
Content-Type: application/json; charset=utf-8
cache-control: no-cache
content-length: 14

10:03:11.311 [AsyncHttpClient-1-13] DEBUG org.asynchttpclient.netty.channel.ChannelManager - Adding key: http://localhost:44011 for channel [id: 0x8a1a84af, L:/127.0.0.1:50119 - R:localhost/127.0.0.1:44011]
10:03:11.317 [Forwarding getCurrentUrl on session 0d3929fc85d64e993c83b31c9b8a6a41 to remote] DEBUG org.asynchttpclient.netty.request.NettyRequestSender - Using pooled Channel '[id: 0x8a1a84af, L:/127.0.0.1:50119 - R:localhost/127.0.0.1:44011]' for 'GET' to 'http://localhost:44011/session/0d3929fc85d64e993c83b31c9b8a6a41/url'
10:03:11.317 [Forwarding getCurrentUrl on session 0d3929fc85d64e993c83b31c9b8a6a41 to remote] DEBUG org.asynchttpclient.netty.request.NettyRequestSender - Using open Channel [id: 0x8a1a84af, L:/127.0.0.1:50119 - R:localhost/127.0.0.1:44011] for GET '/session/0d3929fc85d64e993c83b31c9b8a6a41/url'
10:03:11.331 [AsyncHttpClient-1-13] DEBUG org.asynchttpclient.netty.handler.HttpHandler - 

Request DefaultFullHttpRequest(decodeResult: success, version: HTTP/1.1, content: EmptyByteBufBE)
GET /session/0d3929fc85d64e993c83b31c9b8a6a41/url HTTP/1.1
User-Agent: selenium/4.7.1 (java windows)
Cache-Control: no-cache
Content-Type: application/json; charset=utf-8
host: localhost:44011
accept: */*

Response DefaultHttpResponse(decodeResult: success, version: HTTP/1.1)
HTTP/1.1 200 OK
Content-Type: application/json; charset=utf-8
cache-control: no-cache
content-length: 41

10:03:11.332 [AsyncHttpClient-1-13] DEBUG org.asynchttpclient.netty.channel.ChannelManager - Adding key: http://localhost:44011 for channel [id: 0x8a1a84af, L:/127.0.0.1:50119 - R:localhost/127.0.0.1:44011]
10:03:11.345 [Forwarding getCurrentUrl on session 0d3929fc85d64e993c83b31c9b8a6a41 to remote] DEBUG org.asynchttpclient.netty.request.NettyRequestSender - Using pooled Channel '[id: 0x8a1a84af, L:/127.0.0.1:50119 - R:localhost/127.0.0.1:44011]' for 'GET' to 'http://localhost:44011/session/0d3929fc85d64e993c83b31c9b8a6a41/url'
10:03:11.345 [Forwarding getCurrentUrl on session 0d3929fc85d64e993c83b31c9b8a6a41 to remote] DEBUG org.asynchttpclient.netty.request.NettyRequestSender - Using open Channel [id: 0x8a1a84af, L:/127.0.0.1:50119 - R:localhost/127.0.0.1:44011] for GET '/session/0d3929fc85d64e993c83b31c9b8a6a41/url'
10:03:11.353 [AsyncHttpClient-1-13] DEBUG org.asynchttpclient.netty.handler.HttpHandler - 

Request DefaultFullHttpRequest(decodeResult: success, version: HTTP/1.1, content: EmptyByteBufBE)
GET /session/0d3929fc85d64e993c83b31c9b8a6a41/url HTTP/1.1
User-Agent: selenium/4.7.1 (java windows)
Cache-Control: no-cache
Content-Type: application/json; charset=utf-8
host: localhost:44011
accept: */*

Response DefaultHttpResponse(decodeResult: success, version: HTTP/1.1)
HTTP/1.1 200 OK
Content-Type: application/json; charset=utf-8
cache-control: no-cache
content-length: 41

10:03:11.353 [AsyncHttpClient-1-13] DEBUG org.asynchttpclient.netty.channel.ChannelManager - Adding key: http://localhost:44011 for channel [id: 0x8a1a84af, L:/127.0.0.1:50119 - R:localhost/127.0.0.1:44011]
10:03:11.360 [Forwarding findElement on session 0d3929fc85d64e993c83b31c9b8a6a41 to remote] DEBUG org.asynchttpclient.netty.request.NettyRequestSender - Using pooled Channel '[id: 0x8a1a84af, L:/127.0.0.1:50119 - R:localhost/127.0.0.1:44011]' for 'POST' to 'http://localhost:44011/session/0d3929fc85d64e993c83b31c9b8a6a41/element'
10:03:11.360 [Forwarding findElement on session 0d3929fc85d64e993c83b31c9b8a6a41 to remote] DEBUG org.asynchttpclient.netty.request.NettyRequestSender - Using open Channel [id: 0x8a1a84af, L:/127.0.0.1:50119 - R:localhost/127.0.0.1:44011] for POST '/session/0d3929fc85d64e993c83b31c9b8a6a41/element'
10:03:11.393 [AsyncHttpClient-1-13] DEBUG org.asynchttpclient.netty.handler.HttpHandler - 

Request DefaultHttpRequest(decodeResult: success, version: HTTP/1.1)
POST /session/0d3929fc85d64e993c83b31c9b8a6a41/element HTTP/1.1
User-Agent: selenium/4.7.1 (java windows)
Content-Length: 108
Content-Type: application/json; charset=utf-8
host: localhost:44011
accept: */*

Response DefaultHttpResponse(decodeResult: success, version: HTTP/1.1)
HTTP/1.1 200 OK
Content-Type: application/json; charset=utf-8
cache-control: no-cache
content-length: 88

10:03:11.393 [AsyncHttpClient-1-13] DEBUG org.asynchttpclient.netty.channel.ChannelManager - Adding key: http://localhost:44011 for channel [id: 0x8a1a84af, L:/127.0.0.1:50119 - R:localhost/127.0.0.1:44011]
10:03:11.401 [Forwarding isElementDisplayed on session 0d3929fc85d64e993c83b31c9b8a6a41 to remote] DEBUG org.asynchttpclient.netty.request.NettyRequestSender - Using pooled Channel '[id: 0x8a1a84af, L:/127.0.0.1:50119 - R:localhost/127.0.0.1:44011]' for 'POST' to 'http://localhost:44011/session/0d3929fc85d64e993c83b31c9b8a6a41/execute/sync'
10:03:11.401 [Forwarding isElementDisplayed on session 0d3929fc85d64e993c83b31c9b8a6a41 to remote] DEBUG org.asynchttpclient.netty.request.NettyRequestSender - Using open Channel [id: 0x8a1a84af, L:/127.0.0.1:50119 - R:localhost/127.0.0.1:44011] for POST '/session/0d3929fc85d64e993c83b31c9b8a6a41/execute/sync'
10:03:11.481 [AsyncHttpClient-1-13] DEBUG org.asynchttpclient.netty.handler.HttpHandler - 

Request DefaultHttpRequest(decodeResult: success, version: HTTP/1.1)
POST /session/0d3929fc85d64e993c83b31c9b8a6a41/execute/sync HTTP/1.1
User-Agent: selenium/4.7.1 (java windows)
Content-Length: 48780
Content-Type: application/json; charset=utf-8
host: localhost:44011
accept: */*

Response DefaultHttpResponse(decodeResult: success, version: HTTP/1.1)
HTTP/1.1 200 OK
Content-Type: application/json; charset=utf-8
cache-control: no-cache
content-length: 14

10:03:11.481 [AsyncHttpClient-1-13] DEBUG org.asynchttpclient.netty.channel.ChannelManager - Adding key: http://localhost:44011 for channel [id: 0x8a1a84af, L:/127.0.0.1:50119 - R:localhost/127.0.0.1:44011]
10:03:11.491 [Forwarding isElementDisplayed on session 0d3929fc85d64e993c83b31c9b8a6a41 to remote] DEBUG org.asynchttpclient.netty.request.NettyRequestSender - Using pooled Channel '[id: 0x8a1a84af, L:/127.0.0.1:50119 - R:localhost/127.0.0.1:44011]' for 'POST' to 'http://localhost:44011/session/0d3929fc85d64e993c83b31c9b8a6a41/execute/sync'
10:03:11.492 [Forwarding isElementDisplayed on session 0d3929fc85d64e993c83b31c9b8a6a41 to remote] DEBUG org.asynchttpclient.netty.request.NettyRequestSender - Using open Channel [id: 0x8a1a84af, L:/127.0.0.1:50119 - R:localhost/127.0.0.1:44011] for POST '/session/0d3929fc85d64e993c83b31c9b8a6a41/execute/sync'
10:03:11.537 [AsyncHttpClient-1-13] DEBUG org.asynchttpclient.netty.handler.HttpHandler - 

Request DefaultHttpRequest(decodeResult: success, version: HTTP/1.1)
POST /session/0d3929fc85d64e993c83b31c9b8a6a41/execute/sync HTTP/1.1
User-Agent: selenium/4.7.1 (java windows)
Content-Length: 48780
Content-Type: application/json; charset=utf-8
host: localhost:44011
accept: */*

Response DefaultHttpResponse(decodeResult: success, version: HTTP/1.1)
HTTP/1.1 200 OK
Content-Type: application/json; charset=utf-8
cache-control: no-cache
content-length: 14

10:03:11.537 [AsyncHttpClient-1-13] DEBUG org.asynchttpclient.netty.channel.ChannelManager - Adding key: http://localhost:44011 for channel [id: 0x8a1a84af, L:/127.0.0.1:50119 - R:localhost/127.0.0.1:44011]
10:03:11.576 [Forwarding getCurrentWindowHandle on session 0d3929fc85d64e993c83b31c9b8a6a41 to remote] DEBUG org.asynchttpclient.netty.request.NettyRequestSender - Using pooled Channel '[id: 0x8a1a84af, L:/127.0.0.1:50119 - R:localhost/127.0.0.1:44011]' for 'GET' to 'http://localhost:44011/session/0d3929fc85d64e993c83b31c9b8a6a41/window'
10:03:11.576 [Forwarding getCurrentWindowHandle on session 0d3929fc85d64e993c83b31c9b8a6a41 to remote] DEBUG org.asynchttpclient.netty.request.NettyRequestSender - Using open Channel [id: 0x8a1a84af, L:/127.0.0.1:50119 - R:localhost/127.0.0.1:44011] for GET '/session/0d3929fc85d64e993c83b31c9b8a6a41/window'
10:03:11.594 [AsyncHttpClient-1-13] DEBUG org.asynchttpclient.netty.handler.HttpHandler - 

Request DefaultFullHttpRequest(decodeResult: success, version: HTTP/1.1, content: EmptyByteBufBE)
GET /session/0d3929fc85d64e993c83b31c9b8a6a41/window HTTP/1.1
User-Agent: selenium/4.7.1 (java windows)
Cache-Control: no-cache
Content-Type: application/json; charset=utf-8
host: localhost:44011
accept: */*

Response DefaultHttpResponse(decodeResult: success, version: HTTP/1.1)
HTTP/1.1 200 OK
Content-Type: application/json; charset=utf-8
cache-control: no-cache
content-length: 44

10:03:11.594 [AsyncHttpClient-1-13] DEBUG org.asynchttpclient.netty.channel.ChannelManager - Adding key: http://localhost:44011 for channel [id: 0x8a1a84af, L:/127.0.0.1:50119 - R:localhost/127.0.0.1:44011]
10:03:11.597 [Forwarding getAlertText on session 0d3929fc85d64e993c83b31c9b8a6a41 to remote] DEBUG org.asynchttpclient.netty.request.NettyRequestSender - Using pooled Channel '[id: 0x8a1a84af, L:/127.0.0.1:50119 - R:localhost/127.0.0.1:44011]' for 'GET' to 'http://localhost:44011/session/0d3929fc85d64e993c83b31c9b8a6a41/alert/text'
10:03:11.597 [Forwarding getAlertText on session 0d3929fc85d64e993c83b31c9b8a6a41 to remote] DEBUG org.asynchttpclient.netty.request.NettyRequestSender - Using open Channel [id: 0x8a1a84af, L:/127.0.0.1:50119 - R:localhost/127.0.0.1:44011] for GET '/session/0d3929fc85d64e993c83b31c9b8a6a41/alert/text'
10:03:12.367 [AsyncHttpClient-1-1] DEBUG org.asynchttpclient.netty.channel.DefaultChannelPool - Entry count for : http://localhost:50120 : 1
10:03:13.475 [AsyncHttpClient-1-1] DEBUG org.asynchttpclient.netty.channel.DefaultChannelPool - Entry count for : http://localhost:50120 : 1
10:03:14.140 [AsyncHttpClient-1-13] DEBUG org.asynchttpclient.netty.handler.HttpHandler - 

Request DefaultFullHttpRequest(decodeResult: success, version: HTTP/1.1, content: EmptyByteBufBE)
GET /session/0d3929fc85d64e993c83b31c9b8a6a41/alert/text HTTP/1.1
User-Agent: selenium/4.7.1 (java windows)
Cache-Control: no-cache
Content-Type: application/json; charset=utf-8
host: localhost:44011
accept: */*

Response DefaultHttpResponse(decodeResult: success, version: HTTP/1.1)
HTTP/1.1 404 Not Found
Content-Type: application/json; charset=utf-8
cache-control: no-cache
content-length: 821

10:03:14.141 [AsyncHttpClient-1-13] DEBUG org.asynchttpclient.netty.channel.ChannelManager - Adding key: http://localhost:44011 for channel [id: 0x8a1a84af, L:/127.0.0.1:50119 - R:localhost/127.0.0.1:44011]
10:03:14.144 [Forwarding switchToWindow on session 0d3929fc85d64e993c83b31c9b8a6a41 to remote] DEBUG org.asynchttpclient.netty.request.NettyRequestSender - Using pooled Channel '[id: 0x8a1a84af, L:/127.0.0.1:50119 - R:localhost/127.0.0.1:44011]' for 'POST' to 'http://localhost:44011/session/0d3929fc85d64e993c83b31c9b8a6a41/window'
10:03:14.144 [Forwarding switchToWindow on session 0d3929fc85d64e993c83b31c9b8a6a41 to remote] DEBUG org.asynchttpclient.netty.request.NettyRequestSender - Using open Channel [id: 0x8a1a84af, L:/127.0.0.1:50119 - R:localhost/127.0.0.1:44011] for POST '/session/0d3929fc85d64e993c83b31c9b8a6a41/window'
10:03:14.151 [AsyncHttpClient-1-13] DEBUG org.asynchttpclient.netty.handler.HttpHandler - 

Request DefaultHttpRequest(decodeResult: success, version: HTTP/1.1)
POST /session/0d3929fc85d64e993c83b31c9b8a6a41/window HTTP/1.1
User-Agent: selenium/4.7.1 (java windows)
Content-Length: 50
Content-Type: application/json; charset=utf-8
host: localhost:44011
accept: */*

Response DefaultHttpResponse(decodeResult: success, version: HTTP/1.1)
HTTP/1.1 200 OK
Content-Type: application/json; charset=utf-8
cache-control: no-cache
content-length: 14

10:03:14.152 [AsyncHttpClient-1-13] DEBUG org.asynchttpclient.netty.channel.ChannelManager - Adding key: http://localhost:44011 for channel [id: 0x8a1a84af, L:/127.0.0.1:50119 - R:localhost/127.0.0.1:44011]
10:03:14.153 [Forwarding getCurrentUrl on session 0d3929fc85d64e993c83b31c9b8a6a41 to remote] DEBUG org.asynchttpclient.netty.request.NettyRequestSender - Using pooled Channel '[id: 0x8a1a84af, L:/127.0.0.1:50119 - R:localhost/127.0.0.1:44011]' for 'GET' to 'http://localhost:44011/session/0d3929fc85d64e993c83b31c9b8a6a41/url'
10:03:14.153 [Forwarding getCurrentUrl on session 0d3929fc85d64e993c83b31c9b8a6a41 to remote] DEBUG org.asynchttpclient.netty.request.NettyRequestSender - Using open Channel [id: 0x8a1a84af, L:/127.0.0.1:50119 - R:localhost/127.0.0.1:44011] for GET '/session/0d3929fc85d64e993c83b31c9b8a6a41/url'
10:03:14.169 [AsyncHttpClient-1-13] DEBUG org.asynchttpclient.netty.handler.HttpHandler - 

Request DefaultFullHttpRequest(decodeResult: success, version: HTTP/1.1, content: EmptyByteBufBE)
GET /session/0d3929fc85d64e993c83b31c9b8a6a41/url HTTP/1.1
User-Agent: selenium/4.7.1 (java windows)
Cache-Control: no-cache
Content-Type: application/json; charset=utf-8
host: localhost:44011
accept: */*

Response DefaultHttpResponse(decodeResult: success, version: HTTP/1.1)
HTTP/1.1 200 OK
Content-Type: application/json; charset=utf-8
cache-control: no-cache
content-length: 41

10:03:14.169 [AsyncHttpClient-1-13] DEBUG org.asynchttpclient.netty.channel.ChannelManager - Adding key: http://localhost:44011 for channel [id: 0x8a1a84af, L:/127.0.0.1:50119 - R:localhost/127.0.0.1:44011]
10:03:14.170 [Forwarding screenshot on session 0d3929fc85d64e993c83b31c9b8a6a41 to remote] DEBUG org.asynchttpclient.netty.request.NettyRequestSender - Using pooled Channel '[id: 0x8a1a84af, L:/127.0.0.1:50119 - R:localhost/127.0.0.1:44011]' for 'GET' to 'http://localhost:44011/session/0d3929fc85d64e993c83b31c9b8a6a41/screenshot'
10:03:14.170 [Forwarding screenshot on session 0d3929fc85d64e993c83b31c9b8a6a41 to remote] DEBUG org.asynchttpclient.netty.request.NettyRequestSender - Using open Channel [id: 0x8a1a84af, L:/127.0.0.1:50119 - R:localhost/127.0.0.1:44011] for GET '/session/0d3929fc85d64e993c83b31c9b8a6a41/screenshot'
10:03:14.270 [AsyncHttpClient-1-13] DEBUG org.asynchttpclient.netty.handler.HttpHandler - 

Request DefaultFullHttpRequest(decodeResult: success, version: HTTP/1.1, content: EmptyByteBufBE)
GET /session/0d3929fc85d64e993c83b31c9b8a6a41/screenshot HTTP/1.1
User-Agent: selenium/4.7.1 (java windows)
Cache-Control: no-cache
Content-Type: application/json; charset=utf-8
host: localhost:44011
accept: */*

Response DefaultHttpResponse(decodeResult: success, version: HTTP/1.1)
HTTP/1.1 200 OK
Content-Type: application/json; charset=utf-8
cache-control: no-cache
content-length: 116604

10:03:14.271 [AsyncHttpClient-1-13] DEBUG org.asynchttpclient.netty.channel.ChannelManager - Adding key: http://localhost:44011 for channel [id: 0x8a1a84af, L:/127.0.0.1:50119 - R:localhost/127.0.0.1:44011]
10:03:14.275 [main] DEBUG net.serenitybdd.core.photography.Darkroom - Send negative for processing for target\site\serenity\4df796af2a8bdb756d1884b1e063cc00b8bad9b7c3d312055b4347f07439074a.png
10:03:14.275 [main] DEBUG net.thucydides.core.steps.StepInterceptor - STEP DONE: diHomepageAltaShop
  &amp#27;[32mGiven &amp#27;[0m&amp#27;[32muser berada di Homepage AltaShop&amp#27;[0m                       &amp#27;[90m# starter.stepdefinitions.LoginRegisterSteps.userBeradaDiHomepageAlta()&amp#27;[0m
10:03:14.288 [main] DEBUG net.thucydides.core.steps.StepInterceptor - STARTING STEP: LoginRegisterSteps.userKlikButtonLogin - klikButtonLogin
10:03:14.291 [Forwarding findElement on session 0d3929fc85d64e993c83b31c9b8a6a41 to remote] DEBUG org.asynchttpclient.netty.request.NettyRequestSender - Using pooled Channel '[id: 0x8a1a84af, L:/127.0.0.1:50119 - R:localhost/127.0.0.1:44011]' for 'POST' to 'http://localhost:44011/session/0d3929fc85d64e993c83b31c9b8a6a41/element'
10:03:14.291 [Forwarding findElement on session 0d3929fc85d64e993c83b31c9b8a6a41 to remote] DEBUG org.asynchttpclient.netty.request.NettyRequestSender - Using open Channel [id: 0x8a1a84af, L:/127.0.0.1:50119 - R:localhost/127.0.0.1:44011] for POST '/session/0d3929fc85d64e993c83b31c9b8a6a41/element'
10:03:14.310 [AsyncHttpClient-1-13] DEBUG org.asynchttpclient.netty.handler.HttpHandler - 

Request DefaultHttpRequest(decodeResult: success, version: HTTP/1.1)
POST /session/0d3929fc85d64e993c83b31c9b8a6a41/element HTTP/1.1
User-Agent: selenium/4.7.1 (java windows)
Content-Length: 108
Content-Type: application/json; charset=utf-8
host: localhost:44011
accept: */*

Response DefaultHttpResponse(decodeResult: success, version: HTTP/1.1)
HTTP/1.1 200 OK
Content-Type: application/json; charset=utf-8
cache-control: no-cache
content-length: 88

10:03:14.310 [AsyncHttpClient-1-13] DEBUG org.asynchttpclient.netty.channel.ChannelManager - Adding key: http://localhost:44011 for channel [id: 0x8a1a84af, L:/127.0.0.1:50119 - R:localhost/127.0.0.1:44011]
10:03:14.311 [Forwarding getElementTagName on session 0d3929fc85d64e993c83b31c9b8a6a41 to remote] DEBUG org.asynchttpclient.netty.request.NettyRequestSender - Using pooled Channel '[id: 0x8a1a84af, L:/127.0.0.1:50119 - R:localhost/127.0.0.1:44011]' for 'GET' to 'http://localhost:44011/session/0d3929fc85d64e993c83b31c9b8a6a41/element/b36dee8c-1c91-42d1-8852-b7f857307266/name'
10:03:14.312 [Forwarding getElementTagName on session 0d3929fc85d64e993c83b31c9b8a6a41 to remote] DEBUG org.asynchttpclient.netty.request.NettyRequestSender - Using open Channel [id: 0x8a1a84af, L:/127.0.0.1:50119 - R:localhost/127.0.0.1:44011] for GET '/session/0d3929fc85d64e993c83b31c9b8a6a41/element/b36dee8c-1c91-42d1-8852-b7f857307266/name'
10:03:14.319 [AsyncHttpClient-1-13] DEBUG org.asynchttpclient.netty.handler.HttpHandler - 

Request DefaultFullHttpRequest(decodeResult: success, version: HTTP/1.1, content: EmptyByteBufBE)
GET /session/0d3929fc85d64e993c83b31c9b8a6a41/element/b36dee8c-1c91-42d1-8852-b7f857307266/name HTTP/1.1
User-Agent: selenium/4.7.1 (java windows)
Cache-Control: no-cache
Content-Type: application/json; charset=utf-8
host: localhost:44011
accept: */*

Response DefaultHttpResponse(decodeResult: success, version: HTTP/1.1)
HTTP/1.1 200 OK
Content-Type: application/json; charset=utf-8
cache-control: no-cache
content-length: 18

10:03:14.319 [AsyncHttpClient-1-13] DEBUG org.asynchttpclient.netty.channel.ChannelManager - Adding key: http://localhost:44011 for channel [id: 0x8a1a84af, L:/127.0.0.1:50119 - R:localhost/127.0.0.1:44011]
10:03:14.320 [Forwarding getElementTagName on session 0d3929fc85d64e993c83b31c9b8a6a41 to remote] DEBUG org.asynchttpclient.netty.request.NettyRequestSender - Using pooled Channel '[id: 0x8a1a84af, L:/127.0.0.1:50119 - R:localhost/127.0.0.1:44011]' for 'GET' to 'http://localhost:44011/session/0d3929fc85d64e993c83b31c9b8a6a41/element/b36dee8c-1c91-42d1-8852-b7f857307266/name'
10:03:14.320 [Forwarding getElementTagName on session 0d3929fc85d64e993c83b31c9b8a6a41 to remote] DEBUG org.asynchttpclient.netty.request.NettyRequestSender - Using open Channel [id: 0x8a1a84af, L:/127.0.0.1:50119 - R:localhost/127.0.0.1:44011] for GET '/session/0d3929fc85d64e993c83b31c9b8a6a41/element/b36dee8c-1c91-42d1-8852-b7f857307266/name'
10:03:14.326 [AsyncHttpClient-1-13] DEBUG org.asynchttpclient.netty.handler.HttpHandler - 

Request DefaultFullHttpRequest(decodeResult: success, version: HTTP/1.1, content: EmptyByteBufBE)
GET /session/0d3929fc85d64e993c83b31c9b8a6a41/element/b36dee8c-1c91-42d1-8852-b7f857307266/name HTTP/1.1
User-Agent: selenium/4.7.1 (java windows)
Cache-Control: no-cache
Content-Type: application/json; charset=utf-8
host: localhost:44011
accept: */*

Response DefaultHttpResponse(decodeResult: success, version: HTTP/1.1)
HTTP/1.1 200 OK
Content-Type: application/json; charset=utf-8
cache-control: no-cache
content-length: 18

10:03:14.327 [AsyncHttpClient-1-13] DEBUG org.asynchttpclient.netty.channel.ChannelManager - Adding key: http://localhost:44011 for channel [id: 0x8a1a84af, L:/127.0.0.1:50119 - R:localhost/127.0.0.1:44011]
10:03:14.330 [Forwarding isElementEnabled on session 0d3929fc85d64e993c83b31c9b8a6a41 to remote] DEBUG org.asynchttpclient.netty.request.NettyRequestSender - Using pooled Channel '[id: 0x8a1a84af, L:/127.0.0.1:50119 - R:localhost/127.0.0.1:44011]' for 'GET' to 'http://localhost:44011/session/0d3929fc85d64e993c83b31c9b8a6a41/element/b36dee8c-1c91-42d1-8852-b7f857307266/enabled'
10:03:14.330 [Forwarding isElementEnabled on session 0d3929fc85d64e993c83b31c9b8a6a41 to remote] DEBUG org.asynchttpclient.netty.request.NettyRequestSender - Using open Channel [id: 0x8a1a84af, L:/127.0.0.1:50119 - R:localhost/127.0.0.1:44011] for GET '/session/0d3929fc85d64e993c83b31c9b8a6a41/element/b36dee8c-1c91-42d1-8852-b7f857307266/enabled'
10:03:14.345 [AsyncHttpClient-1-13] DEBUG org.asynchttpclient.netty.handler.HttpHandler - 

Request DefaultFullHttpRequest(decodeResult: success, version: HTTP/1.1, content: EmptyByteBufBE)
GET /session/0d3929fc85d64e993c83b31c9b8a6a41/element/b36dee8c-1c91-42d1-8852-b7f857307266/enabled HTTP/1.1
User-Agent: selenium/4.7.1 (java windows)
Cache-Control: no-cache
Content-Type: application/json; charset=utf-8
host: localhost:44011
accept: */*

Response DefaultHttpResponse(decodeResult: success, version: HTTP/1.1)
HTTP/1.1 200 OK
Content-Type: application/json; charset=utf-8
cache-control: no-cache
content-length: 14

10:03:14.345 [AsyncHttpClient-1-13] DEBUG org.asynchttpclient.netty.channel.ChannelManager - Adding key: http://localhost:44011 for channel [id: 0x8a1a84af, L:/127.0.0.1:50119 - R:localhost/127.0.0.1:44011]
10:03:14.347 [Forwarding isElementEnabled on session 0d3929fc85d64e993c83b31c9b8a6a41 to remote] DEBUG org.asynchttpclient.netty.request.NettyRequestSender - Using pooled Channel '[id: 0x8a1a84af, L:/127.0.0.1:50119 - R:localhost/127.0.0.1:44011]' for 'GET' to 'http://localhost:44011/session/0d3929fc85d64e993c83b31c9b8a6a41/element/b36dee8c-1c91-42d1-8852-b7f857307266/enabled'
10:03:14.347 [Forwarding isElementEnabled on session 0d3929fc85d64e993c83b31c9b8a6a41 to remote] DEBUG org.asynchttpclient.netty.request.NettyRequestSender - Using open Channel [id: 0x8a1a84af, L:/127.0.0.1:50119 - R:localhost/127.0.0.1:44011] for GET '/session/0d3929fc85d64e993c83b31c9b8a6a41/element/b36dee8c-1c91-42d1-8852-b7f857307266/enabled'
10:03:14.358 [AsyncHttpClient-1-13] DEBUG org.asynchttpclient.netty.handler.HttpHandler - 

Request DefaultFullHttpRequest(decodeResult: success, version: HTTP/1.1, content: EmptyByteBufBE)
GET /session/0d3929fc85d64e993c83b31c9b8a6a41/element/b36dee8c-1c91-42d1-8852-b7f857307266/enabled HTTP/1.1
User-Agent: selenium/4.7.1 (java windows)
Cache-Control: no-cache
Content-Type: application/json; charset=utf-8
host: localhost:44011
accept: */*

Response DefaultHttpResponse(decodeResult: success, version: HTTP/1.1)
HTTP/1.1 200 OK
Content-Type: application/json; charset=utf-8
cache-control: no-cache
content-length: 14

10:03:14.358 [AsyncHttpClient-1-13] DEBUG org.asynchttpclient.netty.channel.ChannelManager - Adding key: http://localhost:44011 for channel [id: 0x8a1a84af, L:/127.0.0.1:50119 - R:localhost/127.0.0.1:44011]
10:03:14.364 [Forwarding findElement on session 0d3929fc85d64e993c83b31c9b8a6a41 to remote] DEBUG org.asynchttpclient.netty.request.NettyRequestSender - Using pooled Channel '[id: 0x8a1a84af, L:/127.0.0.1:50119 - R:localhost/127.0.0.1:44011]' for 'POST' to 'http://localhost:44011/session/0d3929fc85d64e993c83b31c9b8a6a41/element'
10:03:14.364 [Forwarding findElement on session 0d3929fc85d64e993c83b31c9b8a6a41 to remote] DEBUG org.asynchttpclient.netty.request.NettyRequestSender - Using open Channel [id: 0x8a1a84af, L:/127.0.0.1:50119 - R:localhost/127.0.0.1:44011] for POST '/session/0d3929fc85d64e993c83b31c9b8a6a41/element'
10:03:14.395 [AsyncHttpClient-1-13] DEBUG org.asynchttpclient.netty.handler.HttpHandler - 

Request DefaultHttpRequest(decodeResult: success, version: HTTP/1.1)
POST /session/0d3929fc85d64e993c83b31c9b8a6a41/element HTTP/1.1
User-Agent: selenium/4.7.1 (java windows)
Content-Length: 108
Content-Type: application/json; charset=utf-8
host: localhost:44011
accept: */*

Response DefaultHttpResponse(decodeResult: success, version: HTTP/1.1)
HTTP/1.1 200 OK
Content-Type: application/json; charset=utf-8
cache-control: no-cache
content-length: 88

10:03:14.395 [AsyncHttpClient-1-13] DEBUG org.asynchttpclient.netty.channel.ChannelManager - Adding key: http://localhost:44011 for channel [id: 0x8a1a84af, L:/127.0.0.1:50119 - R:localhost/127.0.0.1:44011]
10:03:14.397 [Forwarding clickElement on session 0d3929fc85d64e993c83b31c9b8a6a41 to remote] DEBUG org.asynchttpclient.netty.request.NettyRequestSender - Using pooled Channel '[id: 0x8a1a84af, L:/127.0.0.1:50119 - R:localhost/127.0.0.1:44011]' for 'POST' to 'http://localhost:44011/session/0d3929fc85d64e993c83b31c9b8a6a41/element/b36dee8c-1c91-42d1-8852-b7f857307266/click'
10:03:14.397 [Forwarding clickElement on session 0d3929fc85d64e993c83b31c9b8a6a41 to remote] DEBUG org.asynchttpclient.netty.request.NettyRequestSender - Using open Channel [id: 0x8a1a84af, L:/127.0.0.1:50119 - R:localhost/127.0.0.1:44011] for POST '/session/0d3929fc85d64e993c83b31c9b8a6a41/element/b36dee8c-1c91-42d1-8852-b7f857307266/click'
10:03:14.489 [AsyncHttpClient-1-13] DEBUG org.asynchttpclient.netty.handler.HttpHandler - 

Request DefaultHttpRequest(decodeResult: success, version: HTTP/1.1)
POST /session/0d3929fc85d64e993c83b31c9b8a6a41/element/b36dee8c-1c91-42d1-8852-b7f857307266/click HTTP/1.1
User-Agent: selenium/4.7.1 (java windows)
Content-Length: 50
Content-Type: application/json; charset=utf-8
host: localhost:44011
accept: */*

Response DefaultHttpResponse(decodeResult: success, version: HTTP/1.1)
HTTP/1.1 200 OK
Content-Type: application/json; charset=utf-8
cache-control: no-cache
content-length: 14

10:03:14.490 [AsyncHttpClient-1-13] DEBUG org.asynchttpclient.netty.channel.ChannelManager - Adding key: http://localhost:44011 for channel [id: 0x8a1a84af, L:/127.0.0.1:50119 - R:localhost/127.0.0.1:44011]
10:03:14.502 [Forwarding getCurrentWindowHandle on session 0d3929fc85d64e993c83b31c9b8a6a41 to remote] DEBUG org.asynchttpclient.netty.request.NettyRequestSender - Using pooled Channel '[id: 0x8a1a84af, L:/127.0.0.1:50119 - R:localhost/127.0.0.1:44011]' for 'GET' to 'http://localhost:44011/session/0d3929fc85d64e993c83b31c9b8a6a41/window'
10:03:14.502 [Forwarding getCurrentWindowHandle on session 0d3929fc85d64e993c83b31c9b8a6a41 to remote] DEBUG org.asynchttpclient.netty.request.NettyRequestSender - Using open Channel [id: 0x8a1a84af, L:/127.0.0.1:50119 - R:localhost/127.0.0.1:44011] for GET '/session/0d3929fc85d64e993c83b31c9b8a6a41/window'
10:03:14.504 [AsyncHttpClient-1-13] DEBUG org.asynchttpclient.netty.handler.HttpHandler - 

Request DefaultFullHttpRequest(decodeResult: success, version: HTTP/1.1, content: EmptyByteBufBE)
GET /session/0d3929fc85d64e993c83b31c9b8a6a41/window HTTP/1.1
User-Agent: selenium/4.7.1 (java windows)
Cache-Control: no-cache
Content-Type: application/json; charset=utf-8
host: localhost:44011
accept: */*

Response DefaultHttpResponse(decodeResult: success, version: HTTP/1.1)
HTTP/1.1 200 OK
Content-Type: application/json; charset=utf-8
cache-control: no-cache
content-length: 44

10:03:14.504 [AsyncHttpClient-1-13] DEBUG org.asynchttpclient.netty.channel.ChannelManager - Adding key: http://localhost:44011 for channel [id: 0x8a1a84af, L:/127.0.0.1:50119 - R:localhost/127.0.0.1:44011]
10:03:14.506 [Forwarding getAlertText on session 0d3929fc85d64e993c83b31c9b8a6a41 to remote] DEBUG org.asynchttpclient.netty.request.NettyRequestSender - Using pooled Channel '[id: 0x8a1a84af, L:/127.0.0.1:50119 - R:localhost/127.0.0.1:44011]' for 'GET' to 'http://localhost:44011/session/0d3929fc85d64e993c83b31c9b8a6a41/alert/text'
10:03:14.506 [Forwarding getAlertText on session 0d3929fc85d64e993c83b31c9b8a6a41 to remote] DEBUG org.asynchttpclient.netty.request.NettyRequestSender - Using open Channel [id: 0x8a1a84af, L:/127.0.0.1:50119 - R:localhost/127.0.0.1:44011] for GET '/session/0d3929fc85d64e993c83b31c9b8a6a41/alert/text'
10:03:14.564 [AsyncHttpClient-1-1] DEBUG org.asynchttpclient.netty.channel.DefaultChannelPool - Entry count for : http://localhost:50120 : 1
10:03:14.715 [AsyncHttpClient-1-13] DEBUG org.asynchttpclient.netty.handler.HttpHandler - 

Request DefaultFullHttpRequest(decodeResult: success, version: HTTP/1.1, content: EmptyByteBufBE)
GET /session/0d3929fc85d64e993c83b31c9b8a6a41/alert/text HTTP/1.1
User-Agent: selenium/4.7.1 (java windows)
Cache-Control: no-cache
Content-Type: application/json; charset=utf-8
host: localhost:44011
accept: */*

Response DefaultHttpResponse(decodeResult: success, version: HTTP/1.1)
HTTP/1.1 404 Not Found
Content-Type: application/json; charset=utf-8
cache-control: no-cache
content-length: 821

10:03:14.715 [AsyncHttpClient-1-13] DEBUG org.asynchttpclient.netty.channel.ChannelManager - Adding key: http://localhost:44011 for channel [id: 0x8a1a84af, L:/127.0.0.1:50119 - R:localhost/127.0.0.1:44011]
10:03:14.718 [Forwarding switchToWindow on session 0d3929fc85d64e993c83b31c9b8a6a41 to remote] DEBUG org.asynchttpclient.netty.request.NettyRequestSender - Using pooled Channel '[id: 0x8a1a84af, L:/127.0.0.1:50119 - R:localhost/127.0.0.1:44011]' for 'POST' to 'http://localhost:44011/session/0d3929fc85d64e993c83b31c9b8a6a41/window'
10:03:14.718 [Forwarding switchToWindow on session 0d3929fc85d64e993c83b31c9b8a6a41 to remote] DEBUG org.asynchttpclient.netty.request.NettyRequestSender - Using open Channel [id: 0x8a1a84af, L:/127.0.0.1:50119 - R:localhost/127.0.0.1:44011] for POST '/session/0d3929fc85d64e993c83b31c9b8a6a41/window'
10:03:14.723 [AsyncHttpClient-1-13] DEBUG org.asynchttpclient.netty.handler.HttpHandler - 

Request DefaultHttpRequest(decodeResult: success, version: HTTP/1.1)
POST /session/0d3929fc85d64e993c83b31c9b8a6a41/window HTTP/1.1
User-Agent: selenium/4.7.1 (java windows)
Content-Length: 50
Content-Type: application/json; charset=utf-8
host: localhost:44011
accept: */*

Response DefaultHttpResponse(decodeResult: success, version: HTTP/1.1)
HTTP/1.1 200 OK
Content-Type: application/json; charset=utf-8
cache-control: no-cache
content-length: 14

10:03:14.724 [AsyncHttpClient-1-13] DEBUG org.asynchttpclient.netty.channel.ChannelManager - Adding key: http://localhost:44011 for channel [id: 0x8a1a84af, L:/127.0.0.1:50119 - R:localhost/127.0.0.1:44011]
10:03:14.725 [Forwarding getCurrentUrl on session 0d3929fc85d64e993c83b31c9b8a6a41 to remote] DEBUG org.asynchttpclient.netty.request.NettyRequestSender - Using pooled Channel '[id: 0x8a1a84af, L:/127.0.0.1:50119 - R:localhost/127.0.0.1:44011]' for 'GET' to 'http://localhost:44011/session/0d3929fc85d64e993c83b31c9b8a6a41/url'
10:03:14.725 [Forwarding getCurrentUrl on session 0d3929fc85d64e993c83b31c9b8a6a41 to remote] DEBUG org.asynchttpclient.netty.request.NettyRequestSender - Using open Channel [id: 0x8a1a84af, L:/127.0.0.1:50119 - R:localhost/127.0.0.1:44011] for GET '/session/0d3929fc85d64e993c83b31c9b8a6a41/url'
10:03:14.734 [AsyncHttpClient-1-13] DEBUG org.asynchttpclient.netty.handler.HttpHandler - 

Request DefaultFullHttpRequest(decodeResult: success, version: HTTP/1.1, content: EmptyByteBufBE)
GET /session/0d3929fc85d64e993c83b31c9b8a6a41/url HTTP/1.1
User-Agent: selenium/4.7.1 (java windows)
Cache-Control: no-cache
Content-Type: application/json; charset=utf-8
host: localhost:44011
accept: */*

Response DefaultHttpResponse(decodeResult: success, version: HTTP/1.1)
HTTP/1.1 200 OK
Content-Type: application/json; charset=utf-8
cache-control: no-cache
content-length: 51

10:03:14.734 [AsyncHttpClient-1-13] DEBUG org.asynchttpclient.netty.channel.ChannelManager - Adding key: http://localhost:44011 for channel [id: 0x8a1a84af, L:/127.0.0.1:50119 - R:localhost/127.0.0.1:44011]
10:03:14.736 [Forwarding screenshot on session 0d3929fc85d64e993c83b31c9b8a6a41 to remote] DEBUG org.asynchttpclient.netty.request.NettyRequestSender - Using pooled Channel '[id: 0x8a1a84af, L:/127.0.0.1:50119 - R:localhost/127.0.0.1:44011]' for 'GET' to 'http://localhost:44011/session/0d3929fc85d64e993c83b31c9b8a6a41/screenshot'
10:03:14.736 [Forwarding screenshot on session 0d3929fc85d64e993c83b31c9b8a6a41 to remote] DEBUG org.asynchttpclient.netty.request.NettyRequestSender - Using open Channel [id: 0x8a1a84af, L:/127.0.0.1:50119 - R:localhost/127.0.0.1:44011] for GET '/session/0d3929fc85d64e993c83b31c9b8a6a41/screenshot'
10:03:14.857 [AsyncHttpClient-1-13] DEBUG org.asynchttpclient.netty.handler.HttpHandler - 

Request DefaultFullHttpRequest(decodeResult: success, version: HTTP/1.1, content: EmptyByteBufBE)
GET /session/0d3929fc85d64e993c83b31c9b8a6a41/screenshot HTTP/1.1
User-Agent: selenium/4.7.1 (java windows)
Cache-Control: no-cache
Content-Type: application/json; charset=utf-8
host: localhost:44011
accept: */*

Response DefaultHttpResponse(decodeResult: success, version: HTTP/1.1)
HTTP/1.1 200 OK
Content-Type: application/json; charset=utf-8
cache-control: no-cache
content-length: 26172

10:03:14.857 [AsyncHttpClient-1-13] DEBUG org.asynchttpclient.netty.channel.ChannelManager - Adding key: http://localhost:44011 for channel [id: 0x8a1a84af, L:/127.0.0.1:50119 - R:localhost/127.0.0.1:44011]
10:03:14.859 [main] DEBUG net.serenitybdd.core.photography.Darkroom - Send negative for processing for target\site\serenity\f035198f28bcaf95684f4b1a3b9e5d031fc0873bb044f55c4913aef571773aa0.png
10:03:14.860 [main] DEBUG net.thucydides.core.steps.StepInterceptor - STEP DONE: klikButtonLogin
  &amp#27;[32mWhen &amp#27;[0m&amp#27;[32muser klik button login&amp#27;[0m                                  &amp#27;[90m# starter.stepdefinitions.LoginRegisterSteps.userKlikButtonLogin()&amp#27;[0m
10:03:14.883 [main] DEBUG net.thucydides.core.steps.StepInterceptor - STARTING STEP: RegisterSteps.userKlikRegister - klikLinkRegister
10:03:14.887 [Forwarding findElement on session 0d3929fc85d64e993c83b31c9b8a6a41 to remote] DEBUG org.asynchttpclient.netty.request.NettyRequestSender - Using pooled Channel '[id: 0x8a1a84af, L:/127.0.0.1:50119 - R:localhost/127.0.0.1:44011]' for 'POST' to 'http://localhost:44011/session/0d3929fc85d64e993c83b31c9b8a6a41/element'
10:03:14.887 [Forwarding findElement on session 0d3929fc85d64e993c83b31c9b8a6a41 to remote] DEBUG org.asynchttpclient.netty.request.NettyRequestSender - Using open Channel [id: 0x8a1a84af, L:/127.0.0.1:50119 - R:localhost/127.0.0.1:44011] for POST '/session/0d3929fc85d64e993c83b31c9b8a6a41/element'
10:03:14.903 [AsyncHttpClient-1-13] DEBUG org.asynchttpclient.netty.handler.HttpHandler - 

Request DefaultHttpRequest(decodeResult: success, version: HTTP/1.1)
POST /session/0d3929fc85d64e993c83b31c9b8a6a41/element HTTP/1.1
User-Agent: selenium/4.7.1 (java windows)
Content-Length: 84
Content-Type: application/json; charset=utf-8
host: localhost:44011
accept: */*

Response DefaultHttpResponse(decodeResult: success, version: HTTP/1.1)
HTTP/1.1 200 OK
Content-Type: application/json; charset=utf-8
cache-control: no-cache
content-length: 88

10:03:14.903 [AsyncHttpClient-1-13] DEBUG org.asynchttpclient.netty.channel.ChannelManager - Adding key: http://localhost:44011 for channel [id: 0x8a1a84af, L:/127.0.0.1:50119 - R:localhost/127.0.0.1:44011]
10:03:14.905 [Forwarding getElementTagName on session 0d3929fc85d64e993c83b31c9b8a6a41 to remote] DEBUG org.asynchttpclient.netty.request.NettyRequestSender - Using pooled Channel '[id: 0x8a1a84af, L:/127.0.0.1:50119 - R:localhost/127.0.0.1:44011]' for 'GET' to 'http://localhost:44011/session/0d3929fc85d64e993c83b31c9b8a6a41/element/7441d77e-0a68-412e-ba2b-6138b456dae6/name'
10:03:14.905 [Forwarding getElementTagName on session 0d3929fc85d64e993c83b31c9b8a6a41 to remote] DEBUG org.asynchttpclient.netty.request.NettyRequestSender - Using open Channel [id: 0x8a1a84af, L:/127.0.0.1:50119 - R:localhost/127.0.0.1:44011] for GET '/session/0d3929fc85d64e993c83b31c9b8a6a41/element/7441d77e-0a68-412e-ba2b-6138b456dae6/name'
10:03:14.911 [AsyncHttpClient-1-13] DEBUG org.asynchttpclient.netty.handler.HttpHandler - 

Request DefaultFullHttpRequest(decodeResult: success, version: HTTP/1.1, content: EmptyByteBufBE)
GET /session/0d3929fc85d64e993c83b31c9b8a6a41/element/7441d77e-0a68-412e-ba2b-6138b456dae6/name HTTP/1.1
User-Agent: selenium/4.7.1 (java windows)
Cache-Control: no-cache
Content-Type: application/json; charset=utf-8
host: localhost:44011
accept: */*

Response DefaultHttpResponse(decodeResult: success, version: HTTP/1.1)
HTTP/1.1 200 OK
Content-Type: application/json; charset=utf-8
cache-control: no-cache
content-length: 13

10:03:14.912 [AsyncHttpClient-1-13] DEBUG org.asynchttpclient.netty.channel.ChannelManager - Adding key: http://localhost:44011 for channel [id: 0x8a1a84af, L:/127.0.0.1:50119 - R:localhost/127.0.0.1:44011]
10:03:14.913 [Forwarding getElementTagName on session 0d3929fc85d64e993c83b31c9b8a6a41 to remote] DEBUG org.asynchttpclient.netty.request.NettyRequestSender - Using pooled Channel '[id: 0x8a1a84af, L:/127.0.0.1:50119 - R:localhost/127.0.0.1:44011]' for 'GET' to 'http://localhost:44011/session/0d3929fc85d64e993c83b31c9b8a6a41/element/7441d77e-0a68-412e-ba2b-6138b456dae6/name'
10:03:14.913 [Forwarding getElementTagName on session 0d3929fc85d64e993c83b31c9b8a6a41 to remote] DEBUG org.asynchttpclient.netty.request.NettyRequestSender - Using open Channel [id: 0x8a1a84af, L:/127.0.0.1:50119 - R:localhost/127.0.0.1:44011] for GET '/session/0d3929fc85d64e993c83b31c9b8a6a41/element/7441d77e-0a68-412e-ba2b-6138b456dae6/name'
10:03:14.920 [AsyncHttpClient-1-13] DEBUG org.asynchttpclient.netty.handler.HttpHandler - 

Request DefaultFullHttpRequest(decodeResult: success, version: HTTP/1.1, content: EmptyByteBufBE)
GET /session/0d3929fc85d64e993c83b31c9b8a6a41/element/7441d77e-0a68-412e-ba2b-6138b456dae6/name HTTP/1.1
User-Agent: selenium/4.7.1 (java windows)
Cache-Control: no-cache
Content-Type: application/json; charset=utf-8
host: localhost:44011
accept: */*

Response DefaultHttpResponse(decodeResult: success, version: HTTP/1.1)
HTTP/1.1 200 OK
Content-Type: application/json; charset=utf-8
cache-control: no-cache
content-length: 13

10:03:14.920 [AsyncHttpClient-1-13] DEBUG org.asynchttpclient.netty.channel.ChannelManager - Adding key: http://localhost:44011 for channel [id: 0x8a1a84af, L:/127.0.0.1:50119 - R:localhost/127.0.0.1:44011]
10:03:14.923 [Forwarding findElement on session 0d3929fc85d64e993c83b31c9b8a6a41 to remote] DEBUG org.asynchttpclient.netty.request.NettyRequestSender - Using pooled Channel '[id: 0x8a1a84af, L:/127.0.0.1:50119 - R:localhost/127.0.0.1:44011]' for 'POST' to 'http://localhost:44011/session/0d3929fc85d64e993c83b31c9b8a6a41/element'
10:03:14.923 [Forwarding findElement on session 0d3929fc85d64e993c83b31c9b8a6a41 to remote] DEBUG org.asynchttpclient.netty.request.NettyRequestSender - Using open Channel [id: 0x8a1a84af, L:/127.0.0.1:50119 - R:localhost/127.0.0.1:44011] for POST '/session/0d3929fc85d64e993c83b31c9b8a6a41/element'
10:03:14.933 [AsyncHttpClient-1-13] DEBUG org.asynchttpclient.netty.handler.HttpHandler - 

Request DefaultHttpRequest(decodeResult: success, version: HTTP/1.1)
POST /session/0d3929fc85d64e993c83b31c9b8a6a41/element HTTP/1.1
User-Agent: selenium/4.7.1 (java windows)
Content-Length: 84
Content-Type: application/json; charset=utf-8
host: localhost:44011
accept: */*

Response DefaultHttpResponse(decodeResult: success, version: HTTP/1.1)
HTTP/1.1 200 OK
Content-Type: application/json; charset=utf-8
cache-control: no-cache
content-length: 88

10:03:14.933 [AsyncHttpClient-1-13] DEBUG org.asynchttpclient.netty.channel.ChannelManager - Adding key: http://localhost:44011 for channel [id: 0x8a1a84af, L:/127.0.0.1:50119 - R:localhost/127.0.0.1:44011]
10:03:14.935 [Forwarding clickElement on session 0d3929fc85d64e993c83b31c9b8a6a41 to remote] DEBUG org.asynchttpclient.netty.request.NettyRequestSender - Using pooled Channel '[id: 0x8a1a84af, L:/127.0.0.1:50119 - R:localhost/127.0.0.1:44011]' for 'POST' to 'http://localhost:44011/session/0d3929fc85d64e993c83b31c9b8a6a41/element/7441d77e-0a68-412e-ba2b-6138b456dae6/click'
10:03:14.935 [Forwarding clickElement on session 0d3929fc85d64e993c83b31c9b8a6a41 to remote] DEBUG org.asynchttpclient.netty.request.NettyRequestSender - Using open Channel [id: 0x8a1a84af, L:/127.0.0.1:50119 - R:localhost/127.0.0.1:44011] for POST '/session/0d3929fc85d64e993c83b31c9b8a6a41/element/7441d77e-0a68-412e-ba2b-6138b456dae6/click'
10:03:14.992 [AsyncHttpClient-1-13] DEBUG org.asynchttpclient.netty.handler.HttpHandler - 

Request DefaultHttpRequest(decodeResult: success, version: HTTP/1.1)
POST /session/0d3929fc85d64e993c83b31c9b8a6a41/element/7441d77e-0a68-412e-ba2b-6138b456dae6/click HTTP/1.1
User-Agent: selenium/4.7.1 (java windows)
Content-Length: 50
Content-Type: application/json; charset=utf-8
host: localhost:44011
accept: */*

Response DefaultHttpResponse(decodeResult: success, version: HTTP/1.1)
HTTP/1.1 200 OK
Content-Type: application/json; charset=utf-8
cache-control: no-cache
content-length: 14

10:03:14.993 [AsyncHttpClient-1-13] DEBUG org.asynchttpclient.netty.channel.ChannelManager - Adding key: http://localhost:44011 for channel [id: 0x8a1a84af, L:/127.0.0.1:50119 - R:localhost/127.0.0.1:44011]
10:03:15.007 [Forwarding getCurrentWindowHandle on session 0d3929fc85d64e993c83b31c9b8a6a41 to remote] DEBUG org.asynchttpclient.netty.request.NettyRequestSender - Using pooled Channel '[id: 0x8a1a84af, L:/127.0.0.1:50119 - R:localhost/127.0.0.1:44011]' for 'GET' to 'http://localhost:44011/session/0d3929fc85d64e993c83b31c9b8a6a41/window'
10:03:15.008 [Forwarding getCurrentWindowHandle on session 0d3929fc85d64e993c83b31c9b8a6a41 to remote] DEBUG org.asynchttpclient.netty.request.NettyRequestSender - Using open Channel [id: 0x8a1a84af, L:/127.0.0.1:50119 - R:localhost/127.0.0.1:44011] for GET '/session/0d3929fc85d64e993c83b31c9b8a6a41/window'
10:03:15.009 [AsyncHttpClient-1-13] DEBUG org.asynchttpclient.netty.handler.HttpHandler - 

Request DefaultFullHttpRequest(decodeResult: success, version: HTTP/1.1, content: EmptyByteBufBE)
GET /session/0d3929fc85d64e993c83b31c9b8a6a41/window HTTP/1.1
User-Agent: selenium/4.7.1 (java windows)
Cache-Control: no-cache
Content-Type: application/json; charset=utf-8
host: localhost:44011
accept: */*

Response DefaultHttpResponse(decodeResult: success, version: HTTP/1.1)
HTTP/1.1 200 OK
Content-Type: application/json; charset=utf-8
cache-control: no-cache
content-length: 44

10:03:15.009 [AsyncHttpClient-1-13] DEBUG org.asynchttpclient.netty.channel.ChannelManager - Adding key: http://localhost:44011 for channel [id: 0x8a1a84af, L:/127.0.0.1:50119 - R:localhost/127.0.0.1:44011]
10:03:15.012 [Forwarding getAlertText on session 0d3929fc85d64e993c83b31c9b8a6a41 to remote] DEBUG org.asynchttpclient.netty.request.NettyRequestSender - Using pooled Channel '[id: 0x8a1a84af, L:/127.0.0.1:50119 - R:localhost/127.0.0.1:44011]' for 'GET' to 'http://localhost:44011/session/0d3929fc85d64e993c83b31c9b8a6a41/alert/text'
10:03:15.012 [Forwarding getAlertText on session 0d3929fc85d64e993c83b31c9b8a6a41 to remote] DEBUG org.asynchttpclient.netty.request.NettyRequestSender - Using open Channel [id: 0x8a1a84af, L:/127.0.0.1:50119 - R:localhost/127.0.0.1:44011] for GET '/session/0d3929fc85d64e993c83b31c9b8a6a41/alert/text'
10:03:15.035 [AsyncHttpClient-1-13] DEBUG org.asynchttpclient.netty.handler.HttpHandler - 

Request DefaultFullHttpRequest(decodeResult: success, version: HTTP/1.1, content: EmptyByteBufBE)
GET /session/0d3929fc85d64e993c83b31c9b8a6a41/alert/text HTTP/1.1
User-Agent: selenium/4.7.1 (java windows)
Cache-Control: no-cache
Content-Type: application/json; charset=utf-8
host: localhost:44011
accept: */*

Response DefaultHttpResponse(decodeResult: success, version: HTTP/1.1)
HTTP/1.1 404 Not Found
Content-Type: application/json; charset=utf-8
cache-control: no-cache
content-length: 821

10:03:15.035 [AsyncHttpClient-1-13] DEBUG org.asynchttpclient.netty.channel.ChannelManager - Adding key: http://localhost:44011 for channel [id: 0x8a1a84af, L:/127.0.0.1:50119 - R:localhost/127.0.0.1:44011]
10:03:15.039 [Forwarding switchToWindow on session 0d3929fc85d64e993c83b31c9b8a6a41 to remote] DEBUG org.asynchttpclient.netty.request.NettyRequestSender - Using pooled Channel '[id: 0x8a1a84af, L:/127.0.0.1:50119 - R:localhost/127.0.0.1:44011]' for 'POST' to 'http://localhost:44011/session/0d3929fc85d64e993c83b31c9b8a6a41/window'
10:03:15.039 [Forwarding switchToWindow on session 0d3929fc85d64e993c83b31c9b8a6a41 to remote] DEBUG org.asynchttpclient.netty.request.NettyRequestSender - Using open Channel [id: 0x8a1a84af, L:/127.0.0.1:50119 - R:localhost/127.0.0.1:44011] for POST '/session/0d3929fc85d64e993c83b31c9b8a6a41/window'
10:03:15.042 [AsyncHttpClient-1-13] DEBUG org.asynchttpclient.netty.handler.HttpHandler - 

Request DefaultHttpRequest(decodeResult: success, version: HTTP/1.1)
POST /session/0d3929fc85d64e993c83b31c9b8a6a41/window HTTP/1.1
User-Agent: selenium/4.7.1 (java windows)
Content-Length: 50
Content-Type: application/json; charset=utf-8
host: localhost:44011
accept: */*

Response DefaultHttpResponse(decodeResult: success, version: HTTP/1.1)
HTTP/1.1 200 OK
Content-Type: application/json; charset=utf-8
cache-control: no-cache
content-length: 14

10:03:15.042 [AsyncHttpClient-1-13] DEBUG org.asynchttpclient.netty.channel.ChannelManager - Adding key: http://localhost:44011 for channel [id: 0x8a1a84af, L:/127.0.0.1:50119 - R:localhost/127.0.0.1:44011]
10:03:15.043 [Forwarding getCurrentUrl on session 0d3929fc85d64e993c83b31c9b8a6a41 to remote] DEBUG org.asynchttpclient.netty.request.NettyRequestSender - Using pooled Channel '[id: 0x8a1a84af, L:/127.0.0.1:50119 - R:localhost/127.0.0.1:44011]' for 'GET' to 'http://localhost:44011/session/0d3929fc85d64e993c83b31c9b8a6a41/url'
10:03:15.043 [Forwarding getCurrentUrl on session 0d3929fc85d64e993c83b31c9b8a6a41 to remote] DEBUG org.asynchttpclient.netty.request.NettyRequestSender - Using open Channel [id: 0x8a1a84af, L:/127.0.0.1:50119 - R:localhost/127.0.0.1:44011] for GET '/session/0d3929fc85d64e993c83b31c9b8a6a41/url'
10:03:15.054 [AsyncHttpClient-1-13] DEBUG org.asynchttpclient.netty.handler.HttpHandler - 

Request DefaultFullHttpRequest(decodeResult: success, version: HTTP/1.1, content: EmptyByteBufBE)
GET /session/0d3929fc85d64e993c83b31c9b8a6a41/url HTTP/1.1
User-Agent: selenium/4.7.1 (java windows)
Cache-Control: no-cache
Content-Type: application/json; charset=utf-8
host: localhost:44011
accept: */*

Response DefaultHttpResponse(decodeResult: success, version: HTTP/1.1)
HTTP/1.1 200 OK
Content-Type: application/json; charset=utf-8
cache-control: no-cache
content-length: 54

10:03:15.055 [AsyncHttpClient-1-13] DEBUG org.asynchttpclient.netty.channel.ChannelManager - Adding key: http://localhost:44011 for channel [id: 0x8a1a84af, L:/127.0.0.1:50119 - R:localhost/127.0.0.1:44011]
10:03:15.056 [Forwarding screenshot on session 0d3929fc85d64e993c83b31c9b8a6a41 to remote] DEBUG org.asynchttpclient.netty.request.NettyRequestSender - Using pooled Channel '[id: 0x8a1a84af, L:/127.0.0.1:50119 - R:localhost/127.0.0.1:44011]' for 'GET' to 'http://localhost:44011/session/0d3929fc85d64e993c83b31c9b8a6a41/screenshot'
10:03:15.056 [Forwarding screenshot on session 0d3929fc85d64e993c83b31c9b8a6a41 to remote] DEBUG org.asynchttpclient.netty.request.NettyRequestSender - Using open Channel [id: 0x8a1a84af, L:/127.0.0.1:50119 - R:localhost/127.0.0.1:44011] for GET '/session/0d3929fc85d64e993c83b31c9b8a6a41/screenshot'
10:03:15.213 [AsyncHttpClient-1-13] DEBUG org.asynchttpclient.netty.handler.HttpHandler - 

Request DefaultFullHttpRequest(decodeResult: success, version: HTTP/1.1, content: EmptyByteBufBE)
GET /session/0d3929fc85d64e993c83b31c9b8a6a41/screenshot HTTP/1.1
User-Agent: selenium/4.7.1 (java windows)
Cache-Control: no-cache
Content-Type: application/json; charset=utf-8
host: localhost:44011
accept: */*

Response DefaultHttpResponse(decodeResult: success, version: HTTP/1.1)
HTTP/1.1 200 OK
Content-Type: application/json; charset=utf-8
cache-control: no-cache
content-length: 30544

10:03:15.213 [AsyncHttpClient-1-13] DEBUG org.asynchttpclient.netty.channel.ChannelManager - Adding key: http://localhost:44011 for channel [id: 0x8a1a84af, L:/127.0.0.1:50119 - R:localhost/127.0.0.1:44011]
10:03:15.216 [main] DEBUG net.serenitybdd.core.photography.Darkroom - Send negative for processing for target\site\serenity\a2f41dfcbad31c3f26c6ddb28e28ffa01b21d714e23eae33b098d265ae8a2ca0.png
10:03:15.217 [main] DEBUG net.thucydides.core.steps.StepInterceptor - STEP DONE: klikLinkRegister
10:03:15.217 [Darkroom Processing Line] DEBUG net.serenitybdd.core.photography.DarkroomProcessingLine - Processing screenshot image in /var/screenshots/screenshot-490343626177599174
10:03:15.217 [Darkroom Processing Line] DEBUG net.serenitybdd.core.photography.DarkroomProcessingLine - Saving screenshot to target\site\serenity\a2f41dfcbad31c3f26c6ddb28e28ffa01b21d714e23eae33b098d265ae8a2ca0.png
  &amp#27;[32mThen &amp#27;[0m&amp#27;[32muser klik register&amp#27;[0m                                      &amp#27;[90m# starter.stepdefinitions.RegisterSteps.userKlikRegister()&amp#27;[0m
10:03:15.240 [main] DEBUG net.thucydides.core.steps.StepInterceptor - STARTING STEP: RegisterSteps.userInputNamaLengkap - inputNamaLengkap
10:03:15.243 [Forwarding findElement on session 0d3929fc85d64e993c83b31c9b8a6a41 to remote] DEBUG org.asynchttpclient.netty.request.NettyRequestSender - Using pooled Channel '[id: 0x8a1a84af, L:/127.0.0.1:50119 - R:localhost/127.0.0.1:44011]' for 'POST' to 'http://localhost:44011/session/0d3929fc85d64e993c83b31c9b8a6a41/element'
10:03:15.243 [Forwarding findElement on session 0d3929fc85d64e993c83b31c9b8a6a41 to remote] DEBUG org.asynchttpclient.netty.request.NettyRequestSender - Using open Channel [id: 0x8a1a84af, L:/127.0.0.1:50119 - R:localhost/127.0.0.1:44011] for POST '/session/0d3929fc85d64e993c83b31c9b8a6a41/element'
10:03:15.263 [AsyncHttpClient-1-13] DEBUG org.asynchttpclient.netty.handler.HttpHandler - 

Request DefaultHttpRequest(decodeResult: success, version: HTTP/1.1)
POST /session/0d3929fc85d64e993c83b31c9b8a6a41/element HTTP/1.1
User-Agent: selenium/4.7.1 (java windows)
Content-Length: 187
Content-Type: application/json; charset=utf-8
host: localhost:44011
accept: */*

Response DefaultHttpResponse(decodeResult: success, version: HTTP/1.1)
HTTP/1.1 200 OK
Content-Type: application/json; charset=utf-8
cache-control: no-cache
content-length: 88

10:03:15.263 [AsyncHttpClient-1-13] DEBUG org.asynchttpclient.netty.channel.ChannelManager - Adding key: http://localhost:44011 for channel [id: 0x8a1a84af, L:/127.0.0.1:50119 - R:localhost/127.0.0.1:44011]
10:03:15.265 [Forwarding clearElement on session 0d3929fc85d64e993c83b31c9b8a6a41 to remote] DEBUG org.asynchttpclient.netty.request.NettyRequestSender - Using pooled Channel '[id: 0x8a1a84af, L:/127.0.0.1:50119 - R:localhost/127.0.0.1:44011]' for 'POST' to 'http://localhost:44011/session/0d3929fc85d64e993c83b31c9b8a6a41/element/399cefa7-52e7-48ca-80fb-80bd615f4223/clear'
10:03:15.265 [Forwarding clearElement on session 0d3929fc85d64e993c83b31c9b8a6a41 to remote] DEBUG org.asynchttpclient.netty.request.NettyRequestSender - Using open Channel [id: 0x8a1a84af, L:/127.0.0.1:50119 - R:localhost/127.0.0.1:44011] for POST '/session/0d3929fc85d64e993c83b31c9b8a6a41/element/399cefa7-52e7-48ca-80fb-80bd615f4223/clear'
10:03:15.322 [AsyncHttpClient-1-13] DEBUG org.asynchttpclient.netty.handler.HttpHandler - 

Request DefaultHttpRequest(decodeResult: success, version: HTTP/1.1)
POST /session/0d3929fc85d64e993c83b31c9b8a6a41/element/399cefa7-52e7-48ca-80fb-80bd615f4223/clear HTTP/1.1
User-Agent: selenium/4.7.1 (java windows)
Content-Length: 50
Content-Type: application/json; charset=utf-8
host: localhost:44011
accept: */*

Response DefaultHttpResponse(decodeResult: success, version: HTTP/1.1)
HTTP/1.1 200 OK
Content-Type: application/json; charset=utf-8
cache-control: no-cache
content-length: 14

10:03:15.322 [AsyncHttpClient-1-13] DEBUG org.asynchttpclient.netty.channel.ChannelManager - Adding key: http://localhost:44011 for channel [id: 0x8a1a84af, L:/127.0.0.1:50119 - R:localhost/127.0.0.1:44011]
10:03:15.324 [Forwarding sendKeysToElement on session 0d3929fc85d64e993c83b31c9b8a6a41 to remote] DEBUG org.asynchttpclient.netty.request.NettyRequestSender - Using pooled Channel '[id: 0x8a1a84af, L:/127.0.0.1:50119 - R:localhost/127.0.0.1:44011]' for 'POST' to 'http://localhost:44011/session/0d3929fc85d64e993c83b31c9b8a6a41/element/399cefa7-52e7-48ca-80fb-80bd615f4223/value'
10:03:15.324 [Forwarding sendKeysToElement on session 0d3929fc85d64e993c83b31c9b8a6a41 to remote] DEBUG org.asynchttpclient.netty.request.NettyRequestSender - Using open Channel [id: 0x8a1a84af, L:/127.0.0.1:50119 - R:localhost/127.0.0.1:44011] for POST '/session/0d3929fc85d64e993c83b31c9b8a6a41/element/399cefa7-52e7-48ca-80fb-80bd615f4223/value'
10:03:15.463 [AsyncHttpClient-1-13] DEBUG org.asynchttpclient.netty.handler.HttpHandler - 

Request DefaultHttpRequest(decodeResult: success, version: HTTP/1.1)
POST /session/0d3929fc85d64e993c83b31c9b8a6a41/element/399cefa7-52e7-48ca-80fb-80bd615f4223/value HTTP/1.1
User-Agent: selenium/4.7.1 (java windows)
Content-Length: 201
Content-Type: application/json; charset=utf-8
host: localhost:44011
accept: */*

Response DefaultHttpResponse(decodeResult: success, version: HTTP/1.1)
HTTP/1.1 200 OK
Content-Type: application/json; charset=utf-8
cache-control: no-cache
content-length: 14

10:03:15.463 [AsyncHttpClient-1-13] DEBUG org.asynchttpclient.netty.channel.ChannelManager - Adding key: http://localhost:44011 for channel [id: 0x8a1a84af, L:/127.0.0.1:50119 - R:localhost/127.0.0.1:44011]
10:03:15.472 [Forwarding getCurrentWindowHandle on session 0d3929fc85d64e993c83b31c9b8a6a41 to remote] DEBUG org.asynchttpclient.netty.request.NettyRequestSender - Using pooled Channel '[id: 0x8a1a84af, L:/127.0.0.1:50119 - R:localhost/127.0.0.1:44011]' for 'GET' to 'http://localhost:44011/session/0d3929fc85d64e993c83b31c9b8a6a41/window'
10:03:15.472 [Forwarding getCurrentWindowHandle on session 0d3929fc85d64e993c83b31c9b8a6a41 to remote] DEBUG org.asynchttpclient.netty.request.NettyRequestSender - Using open Channel [id: 0x8a1a84af, L:/127.0.0.1:50119 - R:localhost/127.0.0.1:44011] for GET '/session/0d3929fc85d64e993c83b31c9b8a6a41/window'
10:03:15.473 [AsyncHttpClient-1-13] DEBUG org.asynchttpclient.netty.handler.HttpHandler - 

Request DefaultFullHttpRequest(decodeResult: success, version: HTTP/1.1, content: EmptyByteBufBE)
GET /session/0d3929fc85d64e993c83b31c9b8a6a41/window HTTP/1.1
User-Agent: selenium/4.7.1 (java windows)
Cache-Control: no-cache
Content-Type: application/json; charset=utf-8
host: localhost:44011
accept: */*

Response DefaultHttpResponse(decodeResult: success, version: HTTP/1.1)
HTTP/1.1 200 OK
Content-Type: application/json; charset=utf-8
cache-control: no-cache
content-length: 44

10:03:15.473 [AsyncHttpClient-1-13] DEBUG org.asynchttpclient.netty.channel.ChannelManager - Adding key: http://localhost:44011 for channel [id: 0x8a1a84af, L:/127.0.0.1:50119 - R:localhost/127.0.0.1:44011]
10:03:15.475 [Forwarding getAlertText on session 0d3929fc85d64e993c83b31c9b8a6a41 to remote] DEBUG org.asynchttpclient.netty.request.NettyRequestSender - Using pooled Channel '[id: 0x8a1a84af, L:/127.0.0.1:50119 - R:localhost/127.0.0.1:44011]' for 'GET' to 'http://localhost:44011/session/0d3929fc85d64e993c83b31c9b8a6a41/alert/text'
10:03:15.475 [Forwarding getAlertText on session 0d3929fc85d64e993c83b31c9b8a6a41 to remote] DEBUG org.asynchttpclient.netty.request.NettyRequestSender - Using open Channel [id: 0x8a1a84af, L:/127.0.0.1:50119 - R:localhost/127.0.0.1:44011] for GET '/session/0d3929fc85d64e993c83b31c9b8a6a41/alert/text'
10:03:15.478 [AsyncHttpClient-1-13] DEBUG org.asynchttpclient.netty.handler.HttpHandler - 

Request DefaultFullHttpRequest(decodeResult: success, version: HTTP/1.1, content: EmptyByteBufBE)
GET /session/0d3929fc85d64e993c83b31c9b8a6a41/alert/text HTTP/1.1
User-Agent: selenium/4.7.1 (java windows)
Cache-Control: no-cache
Content-Type: application/json; charset=utf-8
host: localhost:44011
accept: */*

Response DefaultHttpResponse(decodeResult: success, version: HTTP/1.1)
HTTP/1.1 404 Not Found
Content-Type: application/json; charset=utf-8
cache-control: no-cache
content-length: 821

10:03:15.478 [AsyncHttpClient-1-13] DEBUG org.asynchttpclient.netty.channel.ChannelManager - Adding key: http://localhost:44011 for channel [id: 0x8a1a84af, L:/127.0.0.1:50119 - R:localhost/127.0.0.1:44011]
10:03:15.480 [Forwarding switchToWindow on session 0d3929fc85d64e993c83b31c9b8a6a41 to remote] DEBUG org.asynchttpclient.netty.request.NettyRequestSender - Using pooled Channel '[id: 0x8a1a84af, L:/127.0.0.1:50119 - R:localhost/127.0.0.1:44011]' for 'POST' to 'http://localhost:44011/session/0d3929fc85d64e993c83b31c9b8a6a41/window'
10:03:15.480 [Forwarding switchToWindow on session 0d3929fc85d64e993c83b31c9b8a6a41 to remote] DEBUG org.asynchttpclient.netty.request.NettyRequestSender - Using open Channel [id: 0x8a1a84af, L:/127.0.0.1:50119 - R:localhost/127.0.0.1:44011] for POST '/session/0d3929fc85d64e993c83b31c9b8a6a41/window'
10:03:15.485 [AsyncHttpClient-1-13] DEBUG org.asynchttpclient.netty.handler.HttpHandler - 

Request DefaultHttpRequest(decodeResult: success, version: HTTP/1.1)
POST /session/0d3929fc85d64e993c83b31c9b8a6a41/window HTTP/1.1
User-Agent: selenium/4.7.1 (java windows)
Content-Length: 50
Content-Type: application/json; charset=utf-8
host: localhost:44011
accept: */*

Response DefaultHttpResponse(decodeResult: success, version: HTTP/1.1)
HTTP/1.1 200 OK
Content-Type: application/json; charset=utf-8
cache-control: no-cache
content-length: 14

10:03:15.485 [AsyncHttpClient-1-13] DEBUG org.asynchttpclient.netty.channel.ChannelManager - Adding key: http://localhost:44011 for channel [id: 0x8a1a84af, L:/127.0.0.1:50119 - R:localhost/127.0.0.1:44011]
10:03:15.486 [Forwarding getCurrentUrl on session 0d3929fc85d64e993c83b31c9b8a6a41 to remote] DEBUG org.asynchttpclient.netty.request.NettyRequestSender - Using pooled Channel '[id: 0x8a1a84af, L:/127.0.0.1:50119 - R:localhost/127.0.0.1:44011]' for 'GET' to 'http://localhost:44011/session/0d3929fc85d64e993c83b31c9b8a6a41/url'
10:03:15.486 [Forwarding getCurrentUrl on session 0d3929fc85d64e993c83b31c9b8a6a41 to remote] DEBUG org.asynchttpclient.netty.request.NettyRequestSender - Using open Channel [id: 0x8a1a84af, L:/127.0.0.1:50119 - R:localhost/127.0.0.1:44011] for GET '/session/0d3929fc85d64e993c83b31c9b8a6a41/url'
10:03:15.492 [AsyncHttpClient-1-13] DEBUG org.asynchttpclient.netty.handler.HttpHandler - 

Request DefaultFullHttpRequest(decodeResult: success, version: HTTP/1.1, content: EmptyByteBufBE)
GET /session/0d3929fc85d64e993c83b31c9b8a6a41/url HTTP/1.1
User-Agent: selenium/4.7.1 (java windows)
Cache-Control: no-cache
Content-Type: application/json; charset=utf-8
host: localhost:44011
accept: */*

Response DefaultHttpResponse(decodeResult: success, version: HTTP/1.1)
HTTP/1.1 200 OK
Content-Type: application/json; charset=utf-8
cache-control: no-cache
content-length: 54

10:03:15.492 [AsyncHttpClient-1-13] DEBUG org.asynchttpclient.netty.channel.ChannelManager - Adding key: http://localhost:44011 for channel [id: 0x8a1a84af, L:/127.0.0.1:50119 - R:localhost/127.0.0.1:44011]
10:03:15.493 [Forwarding screenshot on session 0d3929fc85d64e993c83b31c9b8a6a41 to remote] DEBUG org.asynchttpclient.netty.request.NettyRequestSender - Using pooled Channel '[id: 0x8a1a84af, L:/127.0.0.1:50119 - R:localhost/127.0.0.1:44011]' for 'GET' to 'http://localhost:44011/session/0d3929fc85d64e993c83b31c9b8a6a41/screenshot'
10:03:15.493 [Forwarding screenshot on session 0d3929fc85d64e993c83b31c9b8a6a41 to remote] DEBUG org.asynchttpclient.netty.request.NettyRequestSender - Using open Channel [id: 0x8a1a84af, L:/127.0.0.1:50119 - R:localhost/127.0.0.1:44011] for GET '/session/0d3929fc85d64e993c83b31c9b8a6a41/screenshot'
10:03:15.649 [AsyncHttpClient-1-13] DEBUG org.asynchttpclient.netty.handler.HttpHandler - 

Request DefaultFullHttpRequest(decodeResult: success, version: HTTP/1.1, content: EmptyByteBufBE)
GET /session/0d3929fc85d64e993c83b31c9b8a6a41/screenshot HTTP/1.1
User-Agent: selenium/4.7.1 (java windows)
Cache-Control: no-cache
Content-Type: application/json; charset=utf-8
host: localhost:44011
accept: */*

Response DefaultHttpResponse(decodeResult: success, version: HTTP/1.1)
HTTP/1.1 200 OK
Content-Type: application/json; charset=utf-8
cache-control: no-cache
content-length: 31256

10:03:15.650 [AsyncHttpClient-1-13] DEBUG org.asynchttpclient.netty.channel.ChannelManager - Adding key: http://localhost:44011 for channel [id: 0x8a1a84af, L:/127.0.0.1:50119 - R:localhost/127.0.0.1:44011]
10:03:15.652 [main] DEBUG net.serenitybdd.core.photography.Darkroom - Send negative for processing for target\site\serenity\9723aea85748af453051eb0c50b7c4e5c113a20bde1b7b746398e6e4e2fbd872.png
10:03:15.652 [main] DEBUG net.thucydides.core.steps.StepInterceptor - STEP DONE: inputNamaLengkap
10:03:15.652 [Darkroom Processing Line] DEBUG net.serenitybdd.core.photography.DarkroomProcessingLine - Processing screenshot image in /var/screenshots/screenshot-17947531293139590868
10:03:15.652 [Darkroom Processing Line] DEBUG net.serenitybdd.core.photography.DarkroomProcessingLine - Saving screenshot to target\site\serenity\9723aea85748af453051eb0c50b7c4e5c113a20bde1b7b746398e6e4e2fbd872.png
  &amp#27;[32mAnd &amp#27;[0m&amp#27;[32muser input nama lengkap&amp#27;[0m                                  &amp#27;[90m# starter.stepdefinitions.RegisterSteps.userInputNamaLengkap()&amp#27;[0m
10:03:15.665 [AsyncHttpClient-1-1] DEBUG org.asynchttpclient.netty.channel.DefaultChannelPool - Entry count for : http://localhost:50120 : 1
10:03:15.665 [AsyncHttpClient-1-1] DEBUG org.asynchttpclient.netty.channel.DefaultChannelPool - Entry count for : http://localhost:44011 : 1
10:03:15.668 [main] DEBUG net.thucydides.core.steps.StepInterceptor - STARTING STEP: RegisterSteps.userInputEmailUntukRegister - inputEmail
10:03:15.671 [Forwarding findElement on session 0d3929fc85d64e993c83b31c9b8a6a41 to remote] DEBUG org.asynchttpclient.netty.request.NettyRequestSender - Using pooled Channel '[id: 0x8a1a84af, L:/127.0.0.1:50119 - R:localhost/127.0.0.1:44011]' for 'POST' to 'http://localhost:44011/session/0d3929fc85d64e993c83b31c9b8a6a41/element'
10:03:15.671 [Forwarding findElement on session 0d3929fc85d64e993c83b31c9b8a6a41 to remote] DEBUG org.asynchttpclient.netty.request.NettyRequestSender - Using open Channel [id: 0x8a1a84af, L:/127.0.0.1:50119 - R:localhost/127.0.0.1:44011] for POST '/session/0d3929fc85d64e993c83b31c9b8a6a41/element'
10:03:15.690 [AsyncHttpClient-1-13] DEBUG org.asynchttpclient.netty.handler.HttpHandler - 

Request DefaultHttpRequest(decodeResult: success, version: HTTP/1.1)
POST /session/0d3929fc85d64e993c83b31c9b8a6a41/element HTTP/1.1
User-Agent: selenium/4.7.1 (java windows)
Content-Length: 187
Content-Type: application/json; charset=utf-8
host: localhost:44011
accept: */*

Response DefaultHttpResponse(decodeResult: success, version: HTTP/1.1)
HTTP/1.1 200 OK
Content-Type: application/json; charset=utf-8
cache-control: no-cache
content-length: 88

10:03:15.690 [AsyncHttpClient-1-13] DEBUG org.asynchttpclient.netty.channel.ChannelManager - Adding key: http://localhost:44011 for channel [id: 0x8a1a84af, L:/127.0.0.1:50119 - R:localhost/127.0.0.1:44011]
10:03:15.691 [Forwarding clearElement on session 0d3929fc85d64e993c83b31c9b8a6a41 to remote] DEBUG org.asynchttpclient.netty.request.NettyRequestSender - Using pooled Channel '[id: 0x8a1a84af, L:/127.0.0.1:50119 - R:localhost/127.0.0.1:44011]' for 'POST' to 'http://localhost:44011/session/0d3929fc85d64e993c83b31c9b8a6a41/element/56c37aa8-5449-4256-92de-71edfd3cb5e5/clear'
10:03:15.691 [Forwarding clearElement on session 0d3929fc85d64e993c83b31c9b8a6a41 to remote] DEBUG org.asynchttpclient.netty.request.NettyRequestSender - Using open Channel [id: 0x8a1a84af, L:/127.0.0.1:50119 - R:localhost/127.0.0.1:44011] for POST '/session/0d3929fc85d64e993c83b31c9b8a6a41/element/56c37aa8-5449-4256-92de-71edfd3cb5e5/clear'
10:03:15.739 [AsyncHttpClient-1-13] DEBUG org.asynchttpclient.netty.handler.HttpHandler - 

Request DefaultHttpRequest(decodeResult: success, version: HTTP/1.1)
POST /session/0d3929fc85d64e993c83b31c9b8a6a41/element/56c37aa8-5449-4256-92de-71edfd3cb5e5/clear HTTP/1.1
User-Agent: selenium/4.7.1 (java windows)
Content-Length: 50
Content-Type: application/json; charset=utf-8
host: localhost:44011
accept: */*

Response DefaultHttpResponse(decodeResult: success, version: HTTP/1.1)
HTTP/1.1 200 OK
Content-Type: application/json; charset=utf-8
cache-control: no-cache
content-length: 14

10:03:15.740 [AsyncHttpClient-1-13] DEBUG org.asynchttpclient.netty.channel.ChannelManager - Adding key: http://localhost:44011 for channel [id: 0x8a1a84af, L:/127.0.0.1:50119 - R:localhost/127.0.0.1:44011]
10:03:15.742 [Forwarding sendKeysToElement on session 0d3929fc85d64e993c83b31c9b8a6a41 to remote] DEBUG org.asynchttpclient.netty.request.NettyRequestSender - Using pooled Channel '[id: 0x8a1a84af, L:/127.0.0.1:50119 - R:localhost/127.0.0.1:44011]' for 'POST' to 'http://localhost:44011/session/0d3929fc85d64e993c83b31c9b8a6a41/element/56c37aa8-5449-4256-92de-71edfd3cb5e5/value'
10:03:15.742 [Forwarding sendKeysToElement on session 0d3929fc85d64e993c83b31c9b8a6a41 to remote] DEBUG org.asynchttpclient.netty.request.NettyRequestSender - Using open Channel [id: 0x8a1a84af, L:/127.0.0.1:50119 - R:localhost/127.0.0.1:44011] for POST '/session/0d3929fc85d64e993c83b31c9b8a6a41/element/56c37aa8-5449-4256-92de-71edfd3cb5e5/value'
10:03:15.950 [AsyncHttpClient-1-13] DEBUG org.asynchttpclient.netty.handler.HttpHandler - 

Request DefaultHttpRequest(decodeResult: success, version: HTTP/1.1)
POST /session/0d3929fc85d64e993c83b31c9b8a6a41/element/56c37aa8-5449-4256-92de-71edfd3cb5e5/value HTTP/1.1
User-Agent: selenium/4.7.1 (java windows)
Content-Length: 211
Content-Type: application/json; charset=utf-8
host: localhost:44011
accept: */*

Response DefaultHttpResponse(decodeResult: success, version: HTTP/1.1)
HTTP/1.1 200 OK
Content-Type: application/json; charset=utf-8
cache-control: no-cache
content-length: 14

10:03:15.950 [AsyncHttpClient-1-13] DEBUG org.asynchttpclient.netty.channel.ChannelManager - Adding key: http://localhost:44011 for channel [id: 0x8a1a84af, L:/127.0.0.1:50119 - R:localhost/127.0.0.1:44011]
10:03:15.960 [Forwarding getCurrentWindowHandle on session 0d3929fc85d64e993c83b31c9b8a6a41 to remote] DEBUG org.asynchttpclient.netty.request.NettyRequestSender - Using pooled Channel '[id: 0x8a1a84af, L:/127.0.0.1:50119 - R:localhost/127.0.0.1:44011]' for 'GET' to 'http://localhost:44011/session/0d3929fc85d64e993c83b31c9b8a6a41/window'
10:03:15.960 [Forwarding getCurrentWindowHandle on session 0d3929fc85d64e993c83b31c9b8a6a41 to remote] DEBUG org.asynchttpclient.netty.request.NettyRequestSender - Using open Channel [id: 0x8a1a84af, L:/127.0.0.1:50119 - R:localhost/127.0.0.1:44011] for GET '/session/0d3929fc85d64e993c83b31c9b8a6a41/window'
10:03:15.962 [AsyncHttpClient-1-13] DEBUG org.asynchttpclient.netty.handler.HttpHandler - 

Request DefaultFullHttpRequest(decodeResult: success, version: HTTP/1.1, content: EmptyByteBufBE)
GET /session/0d3929fc85d64e993c83b31c9b8a6a41/window HTTP/1.1
User-Agent: selenium/4.7.1 (java windows)
Cache-Control: no-cache
Content-Type: application/json; charset=utf-8
host: localhost:44011
accept: */*

Response DefaultHttpResponse(decodeResult: success, version: HTTP/1.1)
HTTP/1.1 200 OK
Content-Type: application/json; charset=utf-8
cache-control: no-cache
content-length: 44

10:03:15.962 [AsyncHttpClient-1-13] DEBUG org.asynchttpclient.netty.channel.ChannelManager - Adding key: http://localhost:44011 for channel [id: 0x8a1a84af, L:/127.0.0.1:50119 - R:localhost/127.0.0.1:44011]
10:03:15.964 [Forwarding getAlertText on session 0d3929fc85d64e993c83b31c9b8a6a41 to remote] DEBUG org.asynchttpclient.netty.request.NettyRequestSender - Using pooled Channel '[id: 0x8a1a84af, L:/127.0.0.1:50119 - R:localhost/127.0.0.1:44011]' for 'GET' to 'http://localhost:44011/session/0d3929fc85d64e993c83b31c9b8a6a41/alert/text'
10:03:15.965 [Forwarding getAlertText on session 0d3929fc85d64e993c83b31c9b8a6a41 to remote] DEBUG org.asynchttpclient.netty.request.NettyRequestSender - Using open Channel [id: 0x8a1a84af, L:/127.0.0.1:50119 - R:localhost/127.0.0.1:44011] for GET '/session/0d3929fc85d64e993c83b31c9b8a6a41/alert/text'
10:03:15.975 [AsyncHttpClient-1-13] DEBUG org.asynchttpclient.netty.handler.HttpHandler - 

Request DefaultFullHttpRequest(decodeResult: success, version: HTTP/1.1, content: EmptyByteBufBE)
GET /session/0d3929fc85d64e993c83b31c9b8a6a41/alert/text HTTP/1.1
User-Agent: selenium/4.7.1 (java windows)
Cache-Control: no-cache
Content-Type: application/json; charset=utf-8
host: localhost:44011
accept: */*

Response DefaultHttpResponse(decodeResult: success, version: HTTP/1.1)
HTTP/1.1 404 Not Found
Content-Type: application/json; charset=utf-8
cache-control: no-cache
content-length: 821

10:03:15.975 [AsyncHttpClient-1-13] DEBUG org.asynchttpclient.netty.channel.ChannelManager - Adding key: http://localhost:44011 for channel [id: 0x8a1a84af, L:/127.0.0.1:50119 - R:localhost/127.0.0.1:44011]
10:03:15.979 [Forwarding switchToWindow on session 0d3929fc85d64e993c83b31c9b8a6a41 to remote] DEBUG org.asynchttpclient.netty.request.NettyRequestSender - Using pooled Channel '[id: 0x8a1a84af, L:/127.0.0.1:50119 - R:localhost/127.0.0.1:44011]' for 'POST' to 'http://localhost:44011/session/0d3929fc85d64e993c83b31c9b8a6a41/window'
10:03:15.979 [Forwarding switchToWindow on session 0d3929fc85d64e993c83b31c9b8a6a41 to remote] DEBUG org.asynchttpclient.netty.request.NettyRequestSender - Using open Channel [id: 0x8a1a84af, L:/127.0.0.1:50119 - R:localhost/127.0.0.1:44011] for POST '/session/0d3929fc85d64e993c83b31c9b8a6a41/window'
10:03:15.984 [AsyncHttpClient-1-13] DEBUG org.asynchttpclient.netty.handler.HttpHandler - 

Request DefaultHttpRequest(decodeResult: success, version: HTTP/1.1)
POST /session/0d3929fc85d64e993c83b31c9b8a6a41/window HTTP/1.1
User-Agent: selenium/4.7.1 (java windows)
Content-Length: 50
Content-Type: application/json; charset=utf-8
host: localhost:44011
accept: */*

Response DefaultHttpResponse(decodeResult: success, version: HTTP/1.1)
HTTP/1.1 200 OK
Content-Type: application/json; charset=utf-8
cache-control: no-cache
content-length: 14

10:03:15.984 [AsyncHttpClient-1-13] DEBUG org.asynchttpclient.netty.channel.ChannelManager - Adding key: http://localhost:44011 for channel [id: 0x8a1a84af, L:/127.0.0.1:50119 - R:localhost/127.0.0.1:44011]
10:03:15.986 [Forwarding getCurrentUrl on session 0d3929fc85d64e993c83b31c9b8a6a41 to remote] DEBUG org.asynchttpclient.netty.request.NettyRequestSender - Using pooled Channel '[id: 0x8a1a84af, L:/127.0.0.1:50119 - R:localhost/127.0.0.1:44011]' for 'GET' to 'http://localhost:44011/session/0d3929fc85d64e993c83b31c9b8a6a41/url'
10:03:15.986 [Forwarding getCurrentUrl on session 0d3929fc85d64e993c83b31c9b8a6a41 to remote] DEBUG org.asynchttpclient.netty.request.NettyRequestSender - Using open Channel [id: 0x8a1a84af, L:/127.0.0.1:50119 - R:localhost/127.0.0.1:44011] for GET '/session/0d3929fc85d64e993c83b31c9b8a6a41/url'
10:03:15.994 [AsyncHttpClient-1-13] DEBUG org.asynchttpclient.netty.handler.HttpHandler - 

Request DefaultFullHttpRequest(decodeResult: success, version: HTTP/1.1, content: EmptyByteBufBE)
GET /session/0d3929fc85d64e993c83b31c9b8a6a41/url HTTP/1.1
User-Agent: selenium/4.7.1 (java windows)
Cache-Control: no-cache
Content-Type: application/json; charset=utf-8
host: localhost:44011
accept: */*

Response DefaultHttpResponse(decodeResult: success, version: HTTP/1.1)
HTTP/1.1 200 OK
Content-Type: application/json; charset=utf-8
cache-control: no-cache
content-length: 54

10:03:15.994 [AsyncHttpClient-1-13] DEBUG org.asynchttpclient.netty.channel.ChannelManager - Adding key: http://localhost:44011 for channel [id: 0x8a1a84af, L:/127.0.0.1:50119 - R:localhost/127.0.0.1:44011]
10:03:15.996 [Forwarding screenshot on session 0d3929fc85d64e993c83b31c9b8a6a41 to remote] DEBUG org.asynchttpclient.netty.request.NettyRequestSender - Using pooled Channel '[id: 0x8a1a84af, L:/127.0.0.1:50119 - R:localhost/127.0.0.1:44011]' for 'GET' to 'http://localhost:44011/session/0d3929fc85d64e993c83b31c9b8a6a41/screenshot'
10:03:15.996 [Forwarding screenshot on session 0d3929fc85d64e993c83b31c9b8a6a41 to remote] DEBUG org.asynchttpclient.netty.request.NettyRequestSender - Using open Channel [id: 0x8a1a84af, L:/127.0.0.1:50119 - R:localhost/127.0.0.1:44011] for GET '/session/0d3929fc85d64e993c83b31c9b8a6a41/screenshot'
10:03:16.141 [AsyncHttpClient-1-13] DEBUG org.asynchttpclient.netty.handler.HttpHandler - 

Request DefaultFullHttpRequest(decodeResult: success, version: HTTP/1.1, content: EmptyByteBufBE)
GET /session/0d3929fc85d64e993c83b31c9b8a6a41/screenshot HTTP/1.1
User-Agent: selenium/4.7.1 (java windows)
Cache-Control: no-cache
Content-Type: application/json; charset=utf-8
host: localhost:44011
accept: */*

Response DefaultHttpResponse(decodeResult: success, version: HTTP/1.1)
HTTP/1.1 200 OK
Content-Type: application/json; charset=utf-8
cache-control: no-cache
content-length: 34076

10:03:16.141 [AsyncHttpClient-1-13] DEBUG org.asynchttpclient.netty.channel.ChannelManager - Adding key: http://localhost:44011 for channel [id: 0x8a1a84af, L:/127.0.0.1:50119 - R:localhost/127.0.0.1:44011]
10:03:16.144 [main] DEBUG net.serenitybdd.core.photography.Darkroom - Send negative for processing for target\site\serenity\a1364fb60a07a65e96bd3846b7c1b50ad802eb2e4fc2ea736d90f8b9c082d6a6.png
10:03:16.145 [main] DEBUG net.thucydides.core.steps.StepInterceptor - STEP DONE: inputEmail
  &amp#27;[32mAnd &amp#27;[0m&amp#27;[32muser input email untuk register&amp#27;[0m                          &amp#27;[90m# starter.stepdefinitions.RegisterSteps.userInputEmailUntukRegister()&amp#27;[0m
10:03:16.145 [Darkroom Processing Line] DEBUG net.serenitybdd.core.photography.DarkroomProcessingLine - Processing screenshot image in /var/screenshots/screenshot-15430475303239570605
10:03:16.145 [Darkroom Processing Line] DEBUG net.serenitybdd.core.photography.DarkroomProcessingLine - Saving screenshot to target\site\serenity\a1364fb60a07a65e96bd3846b7c1b50ad802eb2e4fc2ea736d90f8b9c082d6a6.png
10:03:16.167 [main] DEBUG net.thucydides.core.steps.StepInterceptor - STARTING STEP: RegisterSteps.userTidakInputPasswordUntukRegister - inputPassword
10:03:16.171 [Forwarding findElement on session 0d3929fc85d64e993c83b31c9b8a6a41 to remote] DEBUG org.asynchttpclient.netty.request.NettyRequestSender - Using pooled Channel '[id: 0x8a1a84af, L:/127.0.0.1:50119 - R:localhost/127.0.0.1:44011]' for 'POST' to 'http://localhost:44011/session/0d3929fc85d64e993c83b31c9b8a6a41/element'
10:03:16.171 [Forwarding findElement on session 0d3929fc85d64e993c83b31c9b8a6a41 to remote] DEBUG org.asynchttpclient.netty.request.NettyRequestSender - Using open Channel [id: 0x8a1a84af, L:/127.0.0.1:50119 - R:localhost/127.0.0.1:44011] for POST '/session/0d3929fc85d64e993c83b31c9b8a6a41/element'
10:03:16.189 [AsyncHttpClient-1-13] DEBUG org.asynchttpclient.netty.handler.HttpHandler - 

Request DefaultHttpRequest(decodeResult: success, version: HTTP/1.1)
POST /session/0d3929fc85d64e993c83b31c9b8a6a41/element HTTP/1.1
User-Agent: selenium/4.7.1 (java windows)
Content-Length: 187
Content-Type: application/json; charset=utf-8
host: localhost:44011
accept: */*

Response DefaultHttpResponse(decodeResult: success, version: HTTP/1.1)
HTTP/1.1 200 OK
Content-Type: application/json; charset=utf-8
cache-control: no-cache
content-length: 88

10:03:16.189 [AsyncHttpClient-1-13] DEBUG org.asynchttpclient.netty.channel.ChannelManager - Adding key: http://localhost:44011 for channel [id: 0x8a1a84af, L:/127.0.0.1:50119 - R:localhost/127.0.0.1:44011]
10:03:16.191 [Forwarding clearElement on session 0d3929fc85d64e993c83b31c9b8a6a41 to remote] DEBUG org.asynchttpclient.netty.request.NettyRequestSender - Using pooled Channel '[id: 0x8a1a84af, L:/127.0.0.1:50119 - R:localhost/127.0.0.1:44011]' for 'POST' to 'http://localhost:44011/session/0d3929fc85d64e993c83b31c9b8a6a41/element/df420898-fe71-4341-af27-86f24317fae9/clear'
10:03:16.191 [Forwarding clearElement on session 0d3929fc85d64e993c83b31c9b8a6a41 to remote] DEBUG org.asynchttpclient.netty.request.NettyRequestSender - Using open Channel [id: 0x8a1a84af, L:/127.0.0.1:50119 - R:localhost/127.0.0.1:44011] for POST '/session/0d3929fc85d64e993c83b31c9b8a6a41/element/df420898-fe71-4341-af27-86f24317fae9/clear'
10:03:16.239 [AsyncHttpClient-1-13] DEBUG org.asynchttpclient.netty.handler.HttpHandler - 

Request DefaultHttpRequest(decodeResult: success, version: HTTP/1.1)
POST /session/0d3929fc85d64e993c83b31c9b8a6a41/element/df420898-fe71-4341-af27-86f24317fae9/clear HTTP/1.1
User-Agent: selenium/4.7.1 (java windows)
Content-Length: 50
Content-Type: application/json; charset=utf-8
host: localhost:44011
accept: */*

Response DefaultHttpResponse(decodeResult: success, version: HTTP/1.1)
HTTP/1.1 200 OK
Content-Type: application/json; charset=utf-8
cache-control: no-cache
content-length: 14

10:03:16.239 [AsyncHttpClient-1-13] DEBUG org.asynchttpclient.netty.channel.ChannelManager - Adding key: http://localhost:44011 for channel [id: 0x8a1a84af, L:/127.0.0.1:50119 - R:localhost/127.0.0.1:44011]
10:03:16.241 [Forwarding sendKeysToElement on session 0d3929fc85d64e993c83b31c9b8a6a41 to remote] DEBUG org.asynchttpclient.netty.request.NettyRequestSender - Using pooled Channel '[id: 0x8a1a84af, L:/127.0.0.1:50119 - R:localhost/127.0.0.1:44011]' for 'POST' to 'http://localhost:44011/session/0d3929fc85d64e993c83b31c9b8a6a41/element/df420898-fe71-4341-af27-86f24317fae9/value'
10:03:16.241 [Forwarding sendKeysToElement on session 0d3929fc85d64e993c83b31c9b8a6a41 to remote] DEBUG org.asynchttpclient.netty.request.NettyRequestSender - Using open Channel [id: 0x8a1a84af, L:/127.0.0.1:50119 - R:localhost/127.0.0.1:44011] for POST '/session/0d3929fc85d64e993c83b31c9b8a6a41/element/df420898-fe71-4341-af27-86f24317fae9/value'
10:03:16.303 [AsyncHttpClient-1-13] DEBUG org.asynchttpclient.netty.handler.HttpHandler - 

Request DefaultHttpRequest(decodeResult: success, version: HTTP/1.1)
POST /session/0d3929fc85d64e993c83b31c9b8a6a41/element/df420898-fe71-4341-af27-86f24317fae9/value HTTP/1.1
User-Agent: selenium/4.7.1 (java windows)
Content-Length: 82
Content-Type: application/json; charset=utf-8
host: localhost:44011
accept: */*

Response DefaultHttpResponse(decodeResult: success, version: HTTP/1.1)
HTTP/1.1 200 OK
Content-Type: application/json; charset=utf-8
cache-control: no-cache
content-length: 14

10:03:16.304 [AsyncHttpClient-1-13] DEBUG org.asynchttpclient.netty.channel.ChannelManager - Adding key: http://localhost:44011 for channel [id: 0x8a1a84af, L:/127.0.0.1:50119 - R:localhost/127.0.0.1:44011]
10:03:16.311 [Forwarding getCurrentWindowHandle on session 0d3929fc85d64e993c83b31c9b8a6a41 to remote] DEBUG org.asynchttpclient.netty.request.NettyRequestSender - Using pooled Channel '[id: 0x8a1a84af, L:/127.0.0.1:50119 - R:localhost/127.0.0.1:44011]' for 'GET' to 'http://localhost:44011/session/0d3929fc85d64e993c83b31c9b8a6a41/window'
10:03:16.311 [Forwarding getCurrentWindowHandle on session 0d3929fc85d64e993c83b31c9b8a6a41 to remote] DEBUG org.asynchttpclient.netty.request.NettyRequestSender - Using open Channel [id: 0x8a1a84af, L:/127.0.0.1:50119 - R:localhost/127.0.0.1:44011] for GET '/session/0d3929fc85d64e993c83b31c9b8a6a41/window'
10:03:16.312 [AsyncHttpClient-1-13] DEBUG org.asynchttpclient.netty.handler.HttpHandler - 

Request DefaultFullHttpRequest(decodeResult: success, version: HTTP/1.1, content: EmptyByteBufBE)
GET /session/0d3929fc85d64e993c83b31c9b8a6a41/window HTTP/1.1
User-Agent: selenium/4.7.1 (java windows)
Cache-Control: no-cache
Content-Type: application/json; charset=utf-8
host: localhost:44011
accept: */*

Response DefaultHttpResponse(decodeResult: success, version: HTTP/1.1)
HTTP/1.1 200 OK
Content-Type: application/json; charset=utf-8
cache-control: no-cache
content-length: 44

10:03:16.312 [AsyncHttpClient-1-13] DEBUG org.asynchttpclient.netty.channel.ChannelManager - Adding key: http://localhost:44011 for channel [id: 0x8a1a84af, L:/127.0.0.1:50119 - R:localhost/127.0.0.1:44011]
10:03:16.314 [Forwarding getAlertText on session 0d3929fc85d64e993c83b31c9b8a6a41 to remote] DEBUG org.asynchttpclient.netty.request.NettyRequestSender - Using pooled Channel '[id: 0x8a1a84af, L:/127.0.0.1:50119 - R:localhost/127.0.0.1:44011]' for 'GET' to 'http://localhost:44011/session/0d3929fc85d64e993c83b31c9b8a6a41/alert/text'
10:03:16.314 [Forwarding getAlertText on session 0d3929fc85d64e993c83b31c9b8a6a41 to remote] DEBUG org.asynchttpclient.netty.request.NettyRequestSender - Using open Channel [id: 0x8a1a84af, L:/127.0.0.1:50119 - R:localhost/127.0.0.1:44011] for GET '/session/0d3929fc85d64e993c83b31c9b8a6a41/alert/text'
10:03:16.319 [AsyncHttpClient-1-13] DEBUG org.asynchttpclient.netty.handler.HttpHandler - 

Request DefaultFullHttpRequest(decodeResult: success, version: HTTP/1.1, content: EmptyByteBufBE)
GET /session/0d3929fc85d64e993c83b31c9b8a6a41/alert/text HTTP/1.1
User-Agent: selenium/4.7.1 (java windows)
Cache-Control: no-cache
Content-Type: application/json; charset=utf-8
host: localhost:44011
accept: */*

Response DefaultHttpResponse(decodeResult: success, version: HTTP/1.1)
HTTP/1.1 404 Not Found
Content-Type: application/json; charset=utf-8
cache-control: no-cache
content-length: 821

10:03:16.319 [AsyncHttpClient-1-13] DEBUG org.asynchttpclient.netty.channel.ChannelManager - Adding key: http://localhost:44011 for channel [id: 0x8a1a84af, L:/127.0.0.1:50119 - R:localhost/127.0.0.1:44011]
10:03:16.321 [Forwarding switchToWindow on session 0d3929fc85d64e993c83b31c9b8a6a41 to remote] DEBUG org.asynchttpclient.netty.request.NettyRequestSender - Using pooled Channel '[id: 0x8a1a84af, L:/127.0.0.1:50119 - R:localhost/127.0.0.1:44011]' for 'POST' to 'http://localhost:44011/session/0d3929fc85d64e993c83b31c9b8a6a41/window'
10:03:16.321 [Forwarding switchToWindow on session 0d3929fc85d64e993c83b31c9b8a6a41 to remote] DEBUG org.asynchttpclient.netty.request.NettyRequestSender - Using open Channel [id: 0x8a1a84af, L:/127.0.0.1:50119 - R:localhost/127.0.0.1:44011] for POST '/session/0d3929fc85d64e993c83b31c9b8a6a41/window'
10:03:16.324 [AsyncHttpClient-1-13] DEBUG org.asynchttpclient.netty.handler.HttpHandler - 

Request DefaultHttpRequest(decodeResult: success, version: HTTP/1.1)
POST /session/0d3929fc85d64e993c83b31c9b8a6a41/window HTTP/1.1
User-Agent: selenium/4.7.1 (java windows)
Content-Length: 50
Content-Type: application/json; charset=utf-8
host: localhost:44011
accept: */*

Response DefaultHttpResponse(decodeResult: success, version: HTTP/1.1)
HTTP/1.1 200 OK
Content-Type: application/json; charset=utf-8
cache-control: no-cache
content-length: 14

10:03:16.325 [AsyncHttpClient-1-13] DEBUG org.asynchttpclient.netty.channel.ChannelManager - Adding key: http://localhost:44011 for channel [id: 0x8a1a84af, L:/127.0.0.1:50119 - R:localhost/127.0.0.1:44011]
10:03:16.325 [Forwarding getCurrentUrl on session 0d3929fc85d64e993c83b31c9b8a6a41 to remote] DEBUG org.asynchttpclient.netty.request.NettyRequestSender - Using pooled Channel '[id: 0x8a1a84af, L:/127.0.0.1:50119 - R:localhost/127.0.0.1:44011]' for 'GET' to 'http://localhost:44011/session/0d3929fc85d64e993c83b31c9b8a6a41/url'
10:03:16.325 [Forwarding getCurrentUrl on session 0d3929fc85d64e993c83b31c9b8a6a41 to remote] DEBUG org.asynchttpclient.netty.request.NettyRequestSender - Using open Channel [id: 0x8a1a84af, L:/127.0.0.1:50119 - R:localhost/127.0.0.1:44011] for GET '/session/0d3929fc85d64e993c83b31c9b8a6a41/url'
10:03:16.331 [AsyncHttpClient-1-13] DEBUG org.asynchttpclient.netty.handler.HttpHandler - 

Request DefaultFullHttpRequest(decodeResult: success, version: HTTP/1.1, content: EmptyByteBufBE)
GET /session/0d3929fc85d64e993c83b31c9b8a6a41/url HTTP/1.1
User-Agent: selenium/4.7.1 (java windows)
Cache-Control: no-cache
Content-Type: application/json; charset=utf-8
host: localhost:44011
accept: */*

Response DefaultHttpResponse(decodeResult: success, version: HTTP/1.1)
HTTP/1.1 200 OK
Content-Type: application/json; charset=utf-8
cache-control: no-cache
content-length: 54

10:03:16.332 [AsyncHttpClient-1-13] DEBUG org.asynchttpclient.netty.channel.ChannelManager - Adding key: http://localhost:44011 for channel [id: 0x8a1a84af, L:/127.0.0.1:50119 - R:localhost/127.0.0.1:44011]
10:03:16.333 [Forwarding screenshot on session 0d3929fc85d64e993c83b31c9b8a6a41 to remote] DEBUG org.asynchttpclient.netty.request.NettyRequestSender - Using pooled Channel '[id: 0x8a1a84af, L:/127.0.0.1:50119 - R:localhost/127.0.0.1:44011]' for 'GET' to 'http://localhost:44011/session/0d3929fc85d64e993c83b31c9b8a6a41/screenshot'
10:03:16.333 [Forwarding screenshot on session 0d3929fc85d64e993c83b31c9b8a6a41 to remote] DEBUG org.asynchttpclient.netty.request.NettyRequestSender - Using open Channel [id: 0x8a1a84af, L:/127.0.0.1:50119 - R:localhost/127.0.0.1:44011] for GET '/session/0d3929fc85d64e993c83b31c9b8a6a41/screenshot'
10:03:16.487 [AsyncHttpClient-1-13] DEBUG org.asynchttpclient.netty.handler.HttpHandler - 

Request DefaultFullHttpRequest(decodeResult: success, version: HTTP/1.1, content: EmptyByteBufBE)
GET /session/0d3929fc85d64e993c83b31c9b8a6a41/screenshot HTTP/1.1
User-Agent: selenium/4.7.1 (java windows)
Cache-Control: no-cache
Content-Type: application/json; charset=utf-8
host: localhost:44011
accept: */*

Response DefaultHttpResponse(decodeResult: success, version: HTTP/1.1)
HTTP/1.1 200 OK
Content-Type: application/json; charset=utf-8
cache-control: no-cache
content-length: 33476

10:03:16.487 [AsyncHttpClient-1-13] DEBUG org.asynchttpclient.netty.channel.ChannelManager - Adding key: http://localhost:44011 for channel [id: 0x8a1a84af, L:/127.0.0.1:50119 - R:localhost/127.0.0.1:44011]
10:03:16.489 [main] DEBUG net.serenitybdd.core.photography.Darkroom - Send negative for processing for target\site\serenity\3f0bacf4a59913ae0d8213a8924b615b617eec6e67efdf2f0c509eab05a77a22.png
10:03:16.490 [main] DEBUG net.thucydides.core.steps.StepInterceptor - STEP DONE: inputPassword
10:03:16.490 [Darkroom Processing Line] DEBUG net.serenitybdd.core.photography.DarkroomProcessingLine - Processing screenshot image in /var/screenshots/screenshot-15939861446371336951
  &amp#27;[32mAnd &amp#27;[0m&amp#27;[32muser tidak input password untuk register&amp#27;[0m                 &amp#27;[90m# starter.stepdefinitions.RegisterSteps.userTidakInputPasswordUntukRegister()&amp#27;[0m
10:03:16.490 [Darkroom Processing Line] DEBUG net.serenitybdd.core.photography.DarkroomProcessingLine - Saving screenshot to target\site\serenity\3f0bacf4a59913ae0d8213a8924b615b617eec6e67efdf2f0c509eab05a77a22.png
10:03:16.507 [main] DEBUG net.thucydides.core.steps.StepInterceptor - STARTING STEP: RegisterSteps.userKlikRegisterYangKedua - klikButtonRegister
10:03:16.510 [Forwarding findElement on session 0d3929fc85d64e993c83b31c9b8a6a41 to remote] DEBUG org.asynchttpclient.netty.request.NettyRequestSender - Using pooled Channel '[id: 0x8a1a84af, L:/127.0.0.1:50119 - R:localhost/127.0.0.1:44011]' for 'POST' to 'http://localhost:44011/session/0d3929fc85d64e993c83b31c9b8a6a41/element'
10:03:16.510 [Forwarding findElement on session 0d3929fc85d64e993c83b31c9b8a6a41 to remote] DEBUG org.asynchttpclient.netty.request.NettyRequestSender - Using open Channel [id: 0x8a1a84af, L:/127.0.0.1:50119 - R:localhost/127.0.0.1:44011] for POST '/session/0d3929fc85d64e993c83b31c9b8a6a41/element'
10:03:16.528 [AsyncHttpClient-1-13] DEBUG org.asynchttpclient.netty.handler.HttpHandler - 

Request DefaultHttpRequest(decodeResult: success, version: HTTP/1.1)
POST /session/0d3929fc85d64e993c83b31c9b8a6a41/element HTTP/1.1
User-Agent: selenium/4.7.1 (java windows)
Content-Length: 141
Content-Type: application/json; charset=utf-8
host: localhost:44011
accept: */*

Response DefaultHttpResponse(decodeResult: success, version: HTTP/1.1)
HTTP/1.1 200 OK
Content-Type: application/json; charset=utf-8
cache-control: no-cache
content-length: 88

10:03:16.529 [AsyncHttpClient-1-13] DEBUG org.asynchttpclient.netty.channel.ChannelManager - Adding key: http://localhost:44011 for channel [id: 0x8a1a84af, L:/127.0.0.1:50119 - R:localhost/127.0.0.1:44011]
10:03:16.530 [Forwarding getElementTagName on session 0d3929fc85d64e993c83b31c9b8a6a41 to remote] DEBUG org.asynchttpclient.netty.request.NettyRequestSender - Using pooled Channel '[id: 0x8a1a84af, L:/127.0.0.1:50119 - R:localhost/127.0.0.1:44011]' for 'GET' to 'http://localhost:44011/session/0d3929fc85d64e993c83b31c9b8a6a41/element/30f932a4-4393-4512-8bea-85784f298c8c/name'
10:03:16.530 [Forwarding getElementTagName on session 0d3929fc85d64e993c83b31c9b8a6a41 to remote] DEBUG org.asynchttpclient.netty.request.NettyRequestSender - Using open Channel [id: 0x8a1a84af, L:/127.0.0.1:50119 - R:localhost/127.0.0.1:44011] for GET '/session/0d3929fc85d64e993c83b31c9b8a6a41/element/30f932a4-4393-4512-8bea-85784f298c8c/name'
10:03:16.541 [AsyncHttpClient-1-13] DEBUG org.asynchttpclient.netty.handler.HttpHandler - 

Request DefaultFullHttpRequest(decodeResult: success, version: HTTP/1.1, content: EmptyByteBufBE)
GET /session/0d3929fc85d64e993c83b31c9b8a6a41/element/30f932a4-4393-4512-8bea-85784f298c8c/name HTTP/1.1
User-Agent: selenium/4.7.1 (java windows)
Cache-Control: no-cache
Content-Type: application/json; charset=utf-8
host: localhost:44011
accept: */*

Response DefaultHttpResponse(decodeResult: success, version: HTTP/1.1)
HTTP/1.1 200 OK
Content-Type: application/json; charset=utf-8
cache-control: no-cache
content-length: 18

10:03:16.541 [AsyncHttpClient-1-13] DEBUG org.asynchttpclient.netty.channel.ChannelManager - Adding key: http://localhost:44011 for channel [id: 0x8a1a84af, L:/127.0.0.1:50119 - R:localhost/127.0.0.1:44011]
10:03:16.543 [Forwarding getElementTagName on session 0d3929fc85d64e993c83b31c9b8a6a41 to remote] DEBUG org.asynchttpclient.netty.request.NettyRequestSender - Using pooled Channel '[id: 0x8a1a84af, L:/127.0.0.1:50119 - R:localhost/127.0.0.1:44011]' for 'GET' to 'http://localhost:44011/session/0d3929fc85d64e993c83b31c9b8a6a41/element/30f932a4-4393-4512-8bea-85784f298c8c/name'
10:03:16.543 [Forwarding getElementTagName on session 0d3929fc85d64e993c83b31c9b8a6a41 to remote] DEBUG org.asynchttpclient.netty.request.NettyRequestSender - Using open Channel [id: 0x8a1a84af, L:/127.0.0.1:50119 - R:localhost/127.0.0.1:44011] for GET '/session/0d3929fc85d64e993c83b31c9b8a6a41/element/30f932a4-4393-4512-8bea-85784f298c8c/name'
10:03:16.553 [AsyncHttpClient-1-13] DEBUG org.asynchttpclient.netty.handler.HttpHandler - 

Request DefaultFullHttpRequest(decodeResult: success, version: HTTP/1.1, content: EmptyByteBufBE)
GET /session/0d3929fc85d64e993c83b31c9b8a6a41/element/30f932a4-4393-4512-8bea-85784f298c8c/name HTTP/1.1
User-Agent: selenium/4.7.1 (java windows)
Cache-Control: no-cache
Content-Type: application/json; charset=utf-8
host: localhost:44011
accept: */*

Response DefaultHttpResponse(decodeResult: success, version: HTTP/1.1)
HTTP/1.1 200 OK
Content-Type: application/json; charset=utf-8
cache-control: no-cache
content-length: 18

10:03:16.553 [AsyncHttpClient-1-13] DEBUG org.asynchttpclient.netty.channel.ChannelManager - Adding key: http://localhost:44011 for channel [id: 0x8a1a84af, L:/127.0.0.1:50119 - R:localhost/127.0.0.1:44011]
10:03:16.556 [Forwarding isElementEnabled on session 0d3929fc85d64e993c83b31c9b8a6a41 to remote] DEBUG org.asynchttpclient.netty.request.NettyRequestSender - Using pooled Channel '[id: 0x8a1a84af, L:/127.0.0.1:50119 - R:localhost/127.0.0.1:44011]' for 'GET' to 'http://localhost:44011/session/0d3929fc85d64e993c83b31c9b8a6a41/element/30f932a4-4393-4512-8bea-85784f298c8c/enabled'
10:03:16.556 [Forwarding isElementEnabled on session 0d3929fc85d64e993c83b31c9b8a6a41 to remote] DEBUG org.asynchttpclient.netty.request.NettyRequestSender - Using open Channel [id: 0x8a1a84af, L:/127.0.0.1:50119 - R:localhost/127.0.0.1:44011] for GET '/session/0d3929fc85d64e993c83b31c9b8a6a41/element/30f932a4-4393-4512-8bea-85784f298c8c/enabled'
10:03:16.570 [AsyncHttpClient-1-13] DEBUG org.asynchttpclient.netty.handler.HttpHandler - 

Request DefaultFullHttpRequest(decodeResult: success, version: HTTP/1.1, content: EmptyByteBufBE)
GET /session/0d3929fc85d64e993c83b31c9b8a6a41/element/30f932a4-4393-4512-8bea-85784f298c8c/enabled HTTP/1.1
User-Agent: selenium/4.7.1 (java windows)
Cache-Control: no-cache
Content-Type: application/json; charset=utf-8
host: localhost:44011
accept: */*

Response DefaultHttpResponse(decodeResult: success, version: HTTP/1.1)
HTTP/1.1 200 OK
Content-Type: application/json; charset=utf-8
cache-control: no-cache
content-length: 14

10:03:16.570 [AsyncHttpClient-1-13] DEBUG org.asynchttpclient.netty.channel.ChannelManager - Adding key: http://localhost:44011 for channel [id: 0x8a1a84af, L:/127.0.0.1:50119 - R:localhost/127.0.0.1:44011]
10:03:16.572 [Forwarding isElementEnabled on session 0d3929fc85d64e993c83b31c9b8a6a41 to remote] DEBUG org.asynchttpclient.netty.request.NettyRequestSender - Using pooled Channel '[id: 0x8a1a84af, L:/127.0.0.1:50119 - R:localhost/127.0.0.1:44011]' for 'GET' to 'http://localhost:44011/session/0d3929fc85d64e993c83b31c9b8a6a41/element/30f932a4-4393-4512-8bea-85784f298c8c/enabled'
10:03:16.572 [Forwarding isElementEnabled on session 0d3929fc85d64e993c83b31c9b8a6a41 to remote] DEBUG org.asynchttpclient.netty.request.NettyRequestSender - Using open Channel [id: 0x8a1a84af, L:/127.0.0.1:50119 - R:localhost/127.0.0.1:44011] for GET '/session/0d3929fc85d64e993c83b31c9b8a6a41/element/30f932a4-4393-4512-8bea-85784f298c8c/enabled'
10:03:16.586 [AsyncHttpClient-1-13] DEBUG org.asynchttpclient.netty.handler.HttpHandler - 

Request DefaultFullHttpRequest(decodeResult: success, version: HTTP/1.1, content: EmptyByteBufBE)
GET /session/0d3929fc85d64e993c83b31c9b8a6a41/element/30f932a4-4393-4512-8bea-85784f298c8c/enabled HTTP/1.1
User-Agent: selenium/4.7.1 (java windows)
Cache-Control: no-cache
Content-Type: application/json; charset=utf-8
host: localhost:44011
accept: */*

Response DefaultHttpResponse(decodeResult: success, version: HTTP/1.1)
HTTP/1.1 200 OK
Content-Type: application/json; charset=utf-8
cache-control: no-cache
content-length: 14

10:03:16.586 [AsyncHttpClient-1-13] DEBUG org.asynchttpclient.netty.channel.ChannelManager - Adding key: http://localhost:44011 for channel [id: 0x8a1a84af, L:/127.0.0.1:50119 - R:localhost/127.0.0.1:44011]
10:03:16.588 [Forwarding findElement on session 0d3929fc85d64e993c83b31c9b8a6a41 to remote] DEBUG org.asynchttpclient.netty.request.NettyRequestSender - Using pooled Channel '[id: 0x8a1a84af, L:/127.0.0.1:50119 - R:localhost/127.0.0.1:44011]' for 'POST' to 'http://localhost:44011/session/0d3929fc85d64e993c83b31c9b8a6a41/element'
10:03:16.588 [Forwarding findElement on session 0d3929fc85d64e993c83b31c9b8a6a41 to remote] DEBUG org.asynchttpclient.netty.request.NettyRequestSender - Using open Channel [id: 0x8a1a84af, L:/127.0.0.1:50119 - R:localhost/127.0.0.1:44011] for POST '/session/0d3929fc85d64e993c83b31c9b8a6a41/element'
10:03:16.600 [AsyncHttpClient-1-13] DEBUG org.asynchttpclient.netty.handler.HttpHandler - 

Request DefaultHttpRequest(decodeResult: success, version: HTTP/1.1)
POST /session/0d3929fc85d64e993c83b31c9b8a6a41/element HTTP/1.1
User-Agent: selenium/4.7.1 (java windows)
Content-Length: 141
Content-Type: application/json; charset=utf-8
host: localhost:44011
accept: */*

Response DefaultHttpResponse(decodeResult: success, version: HTTP/1.1)
HTTP/1.1 200 OK
Content-Type: application/json; charset=utf-8
cache-control: no-cache
content-length: 88

10:03:16.600 [AsyncHttpClient-1-13] DEBUG org.asynchttpclient.netty.channel.ChannelManager - Adding key: http://localhost:44011 for channel [id: 0x8a1a84af, L:/127.0.0.1:50119 - R:localhost/127.0.0.1:44011]
10:03:16.602 [Forwarding clickElement on session 0d3929fc85d64e993c83b31c9b8a6a41 to remote] DEBUG org.asynchttpclient.netty.request.NettyRequestSender - Using pooled Channel '[id: 0x8a1a84af, L:/127.0.0.1:50119 - R:localhost/127.0.0.1:44011]' for 'POST' to 'http://localhost:44011/session/0d3929fc85d64e993c83b31c9b8a6a41/element/30f932a4-4393-4512-8bea-85784f298c8c/click'
10:03:16.603 [Forwarding clickElement on session 0d3929fc85d64e993c83b31c9b8a6a41 to remote] DEBUG org.asynchttpclient.netty.request.NettyRequestSender - Using open Channel [id: 0x8a1a84af, L:/127.0.0.1:50119 - R:localhost/127.0.0.1:44011] for POST '/session/0d3929fc85d64e993c83b31c9b8a6a41/element/30f932a4-4393-4512-8bea-85784f298c8c/click'
10:03:16.668 [AsyncHttpClient-1-13] DEBUG org.asynchttpclient.netty.handler.HttpHandler - 

Request DefaultHttpRequest(decodeResult: success, version: HTTP/1.1)
POST /session/0d3929fc85d64e993c83b31c9b8a6a41/element/30f932a4-4393-4512-8bea-85784f298c8c/click HTTP/1.1
User-Agent: selenium/4.7.1 (java windows)
Content-Length: 50
Content-Type: application/json; charset=utf-8
host: localhost:44011
accept: */*

Response DefaultHttpResponse(decodeResult: success, version: HTTP/1.1)
HTTP/1.1 200 OK
Content-Type: application/json; charset=utf-8
cache-control: no-cache
content-length: 14

10:03:16.668 [AsyncHttpClient-1-13] DEBUG org.asynchttpclient.netty.channel.ChannelManager - Adding key: http://localhost:44011 for channel [id: 0x8a1a84af, L:/127.0.0.1:50119 - R:localhost/127.0.0.1:44011]
10:03:16.677 [Forwarding getCurrentWindowHandle on session 0d3929fc85d64e993c83b31c9b8a6a41 to remote] DEBUG org.asynchttpclient.netty.request.NettyRequestSender - Using pooled Channel '[id: 0x8a1a84af, L:/127.0.0.1:50119 - R:localhost/127.0.0.1:44011]' for 'GET' to 'http://localhost:44011/session/0d3929fc85d64e993c83b31c9b8a6a41/window'
10:03:16.677 [Forwarding getCurrentWindowHandle on session 0d3929fc85d64e993c83b31c9b8a6a41 to remote] DEBUG org.asynchttpclient.netty.request.NettyRequestSender - Using open Channel [id: 0x8a1a84af, L:/127.0.0.1:50119 - R:localhost/127.0.0.1:44011] for GET '/session/0d3929fc85d64e993c83b31c9b8a6a41/window'
10:03:16.678 [AsyncHttpClient-1-13] DEBUG org.asynchttpclient.netty.handler.HttpHandler - 

Request DefaultFullHttpRequest(decodeResult: success, version: HTTP/1.1, content: EmptyByteBufBE)
GET /session/0d3929fc85d64e993c83b31c9b8a6a41/window HTTP/1.1
User-Agent: selenium/4.7.1 (java windows)
Cache-Control: no-cache
Content-Type: application/json; charset=utf-8
host: localhost:44011
accept: */*

Response DefaultHttpResponse(decodeResult: success, version: HTTP/1.1)
HTTP/1.1 200 OK
Content-Type: application/json; charset=utf-8
cache-control: no-cache
content-length: 44

10:03:16.678 [AsyncHttpClient-1-13] DEBUG org.asynchttpclient.netty.channel.ChannelManager - Adding key: http://localhost:44011 for channel [id: 0x8a1a84af, L:/127.0.0.1:50119 - R:localhost/127.0.0.1:44011]
10:03:16.680 [Forwarding getAlertText on session 0d3929fc85d64e993c83b31c9b8a6a41 to remote] DEBUG org.asynchttpclient.netty.request.NettyRequestSender - Using pooled Channel '[id: 0x8a1a84af, L:/127.0.0.1:50119 - R:localhost/127.0.0.1:44011]' for 'GET' to 'http://localhost:44011/session/0d3929fc85d64e993c83b31c9b8a6a41/alert/text'
10:03:16.680 [Forwarding getAlertText on session 0d3929fc85d64e993c83b31c9b8a6a41 to remote] DEBUG org.asynchttpclient.netty.request.NettyRequestSender - Using open Channel [id: 0x8a1a84af, L:/127.0.0.1:50119 - R:localhost/127.0.0.1:44011] for GET '/session/0d3929fc85d64e993c83b31c9b8a6a41/alert/text'
10:03:16.684 [AsyncHttpClient-1-13] DEBUG org.asynchttpclient.netty.handler.HttpHandler - 

Request DefaultFullHttpRequest(decodeResult: success, version: HTTP/1.1, content: EmptyByteBufBE)
GET /session/0d3929fc85d64e993c83b31c9b8a6a41/alert/text HTTP/1.1
User-Agent: selenium/4.7.1 (java windows)
Cache-Control: no-cache
Content-Type: application/json; charset=utf-8
host: localhost:44011
accept: */*

Response DefaultHttpResponse(decodeResult: success, version: HTTP/1.1)
HTTP/1.1 404 Not Found
Content-Type: application/json; charset=utf-8
cache-control: no-cache
content-length: 821

10:03:16.684 [AsyncHttpClient-1-13] DEBUG org.asynchttpclient.netty.channel.ChannelManager - Adding key: http://localhost:44011 for channel [id: 0x8a1a84af, L:/127.0.0.1:50119 - R:localhost/127.0.0.1:44011]
10:03:16.687 [Forwarding switchToWindow on session 0d3929fc85d64e993c83b31c9b8a6a41 to remote] DEBUG org.asynchttpclient.netty.request.NettyRequestSender - Using pooled Channel '[id: 0x8a1a84af, L:/127.0.0.1:50119 - R:localhost/127.0.0.1:44011]' for 'POST' to 'http://localhost:44011/session/0d3929fc85d64e993c83b31c9b8a6a41/window'
10:03:16.687 [Forwarding switchToWindow on session 0d3929fc85d64e993c83b31c9b8a6a41 to remote] DEBUG org.asynchttpclient.netty.request.NettyRequestSender - Using open Channel [id: 0x8a1a84af, L:/127.0.0.1:50119 - R:localhost/127.0.0.1:44011] for POST '/session/0d3929fc85d64e993c83b31c9b8a6a41/window'
10:03:16.690 [AsyncHttpClient-1-13] DEBUG org.asynchttpclient.netty.handler.HttpHandler - 

Request DefaultHttpRequest(decodeResult: success, version: HTTP/1.1)
POST /session/0d3929fc85d64e993c83b31c9b8a6a41/window HTTP/1.1
User-Agent: selenium/4.7.1 (java windows)
Content-Length: 50
Content-Type: application/json; charset=utf-8
host: localhost:44011
accept: */*

Response DefaultHttpResponse(decodeResult: success, version: HTTP/1.1)
HTTP/1.1 200 OK
Content-Type: application/json; charset=utf-8
cache-control: no-cache
content-length: 14

10:03:16.690 [AsyncHttpClient-1-13] DEBUG org.asynchttpclient.netty.channel.ChannelManager - Adding key: http://localhost:44011 for channel [id: 0x8a1a84af, L:/127.0.0.1:50119 - R:localhost/127.0.0.1:44011]
10:03:16.691 [Forwarding getCurrentUrl on session 0d3929fc85d64e993c83b31c9b8a6a41 to remote] DEBUG org.asynchttpclient.netty.request.NettyRequestSender - Using pooled Channel '[id: 0x8a1a84af, L:/127.0.0.1:50119 - R:localhost/127.0.0.1:44011]' for 'GET' to 'http://localhost:44011/session/0d3929fc85d64e993c83b31c9b8a6a41/url'
10:03:16.691 [Forwarding getCurrentUrl on session 0d3929fc85d64e993c83b31c9b8a6a41 to remote] DEBUG org.asynchttpclient.netty.request.NettyRequestSender - Using open Channel [id: 0x8a1a84af, L:/127.0.0.1:50119 - R:localhost/127.0.0.1:44011] for GET '/session/0d3929fc85d64e993c83b31c9b8a6a41/url'
10:03:16.697 [AsyncHttpClient-1-13] DEBUG org.asynchttpclient.netty.handler.HttpHandler - 

Request DefaultFullHttpRequest(decodeResult: success, version: HTTP/1.1, content: EmptyByteBufBE)
GET /session/0d3929fc85d64e993c83b31c9b8a6a41/url HTTP/1.1
User-Agent: selenium/4.7.1 (java windows)
Cache-Control: no-cache
Content-Type: application/json; charset=utf-8
host: localhost:44011
accept: */*

Response DefaultHttpResponse(decodeResult: success, version: HTTP/1.1)
HTTP/1.1 200 OK
Content-Type: application/json; charset=utf-8
cache-control: no-cache
content-length: 54

10:03:16.698 [AsyncHttpClient-1-13] DEBUG org.asynchttpclient.netty.channel.ChannelManager - Adding key: http://localhost:44011 for channel [id: 0x8a1a84af, L:/127.0.0.1:50119 - R:localhost/127.0.0.1:44011]
10:03:16.699 [Forwarding screenshot on session 0d3929fc85d64e993c83b31c9b8a6a41 to remote] DEBUG org.asynchttpclient.netty.request.NettyRequestSender - Using pooled Channel '[id: 0x8a1a84af, L:/127.0.0.1:50119 - R:localhost/127.0.0.1:44011]' for 'GET' to 'http://localhost:44011/session/0d3929fc85d64e993c83b31c9b8a6a41/screenshot'
10:03:16.699 [Forwarding screenshot on session 0d3929fc85d64e993c83b31c9b8a6a41 to remote] DEBUG org.asynchttpclient.netty.request.NettyRequestSender - Using open Channel [id: 0x8a1a84af, L:/127.0.0.1:50119 - R:localhost/127.0.0.1:44011] for GET '/session/0d3929fc85d64e993c83b31c9b8a6a41/screenshot'
10:03:16.767 [AsyncHttpClient-1-1] DEBUG org.asynchttpclient.netty.channel.DefaultChannelPool - Entry count for : http://localhost:50120 : 1
10:03:16.847 [AsyncHttpClient-1-13] DEBUG org.asynchttpclient.netty.handler.HttpHandler - 

Request DefaultFullHttpRequest(decodeResult: success, version: HTTP/1.1, content: EmptyByteBufBE)
GET /session/0d3929fc85d64e993c83b31c9b8a6a41/screenshot HTTP/1.1
User-Agent: selenium/4.7.1 (java windows)
Cache-Control: no-cache
Content-Type: application/json; charset=utf-8
host: localhost:44011
accept: */*

Response DefaultHttpResponse(decodeResult: success, version: HTTP/1.1)
HTTP/1.1 200 OK
Content-Type: application/json; charset=utf-8
cache-control: no-cache
content-length: 33808

10:03:16.847 [AsyncHttpClient-1-13] DEBUG org.asynchttpclient.netty.channel.ChannelManager - Adding key: http://localhost:44011 for channel [id: 0x8a1a84af, L:/127.0.0.1:50119 - R:localhost/127.0.0.1:44011]
10:03:16.849 [main] DEBUG net.serenitybdd.core.photography.Darkroom - Send negative for processing for target\site\serenity\dd83b00e67fd6e12c7ac2462318667f7048a24004bff16df56a842f182748ea6.png
10:03:16.850 [main] DEBUG net.thucydides.core.steps.StepInterceptor - STEP DONE: klikButtonRegister
10:03:16.850 [Darkroom Processing Line] DEBUG net.serenitybdd.core.photography.DarkroomProcessingLine - Processing screenshot image in /var/screenshots/screenshot-13893554667585160606
10:03:16.850 [Darkroom Processing Line] DEBUG net.serenitybdd.core.photography.DarkroomProcessingLine - Saving screenshot to target\site\serenity\dd83b00e67fd6e12c7ac2462318667f7048a24004bff16df56a842f182748ea6.png
  &amp#27;[32mThen &amp#27;[0m&amp#27;[32muser klik register yang kedua&amp#27;[0m                           &amp#27;[90m# starter.stepdefinitions.RegisterSteps.userKlikRegisterYangKedua()&amp#27;[0m
10:03:16.864 [main] DEBUG net.thucydides.core.steps.StepInterceptor - STARTING STEP: RegisterSteps.userMenerimaERRORMessage - munculErrorMessage
10:03:16.868 [Forwarding findElement on session 0d3929fc85d64e993c83b31c9b8a6a41 to remote] DEBUG org.asynchttpclient.netty.request.NettyRequestSender - Using pooled Channel '[id: 0x8a1a84af, L:/127.0.0.1:50119 - R:localhost/127.0.0.1:44011]' for 'POST' to 'http://localhost:44011/session/0d3929fc85d64e993c83b31c9b8a6a41/element'
10:03:16.868 [Forwarding findElement on session 0d3929fc85d64e993c83b31c9b8a6a41 to remote] DEBUG org.asynchttpclient.netty.request.NettyRequestSender - Using open Channel [id: 0x8a1a84af, L:/127.0.0.1:50119 - R:localhost/127.0.0.1:44011] for POST '/session/0d3929fc85d64e993c83b31c9b8a6a41/element'
10:03:17.142 [AsyncHttpClient-1-13] DEBUG org.asynchttpclient.netty.handler.HttpHandler - 

Request DefaultHttpRequest(decodeResult: success, version: HTTP/1.1)
POST /session/0d3929fc85d64e993c83b31c9b8a6a41/element HTTP/1.1
User-Agent: selenium/4.7.1 (java windows)
Content-Length: 79
Content-Type: application/json; charset=utf-8
host: localhost:44011
accept: */*

Response DefaultHttpResponse(decodeResult: success, version: HTTP/1.1)
HTTP/1.1 200 OK
Content-Type: application/json; charset=utf-8
cache-control: no-cache
content-length: 88

10:03:17.142 [AsyncHttpClient-1-13] DEBUG org.asynchttpclient.netty.channel.ChannelManager - Adding key: http://localhost:44011 for channel [id: 0x8a1a84af, L:/127.0.0.1:50119 - R:localhost/127.0.0.1:44011]
10:03:17.147 [Forwarding isElementDisplayed on session 0d3929fc85d64e993c83b31c9b8a6a41 to remote] DEBUG org.asynchttpclient.netty.request.NettyRequestSender - Using pooled Channel '[id: 0x8a1a84af, L:/127.0.0.1:50119 - R:localhost/127.0.0.1:44011]' for 'POST' to 'http://localhost:44011/session/0d3929fc85d64e993c83b31c9b8a6a41/execute/sync'
10:03:17.147 [Forwarding isElementDisplayed on session 0d3929fc85d64e993c83b31c9b8a6a41 to remote] DEBUG org.asynchttpclient.netty.request.NettyRequestSender - Using open Channel [id: 0x8a1a84af, L:/127.0.0.1:50119 - R:localhost/127.0.0.1:44011] for POST '/session/0d3929fc85d64e993c83b31c9b8a6a41/execute/sync'
10:03:17.169 [AsyncHttpClient-1-13] DEBUG org.asynchttpclient.netty.handler.HttpHandler - 

Request DefaultHttpRequest(decodeResult: success, version: HTTP/1.1)
POST /session/0d3929fc85d64e993c83b31c9b8a6a41/execute/sync HTTP/1.1
User-Agent: selenium/4.7.1 (java windows)
Content-Length: 48780
Content-Type: application/json; charset=utf-8
host: localhost:44011
accept: */*

Response DefaultHttpResponse(decodeResult: success, version: HTTP/1.1)
HTTP/1.1 200 OK
Content-Type: application/json; charset=utf-8
cache-control: no-cache
content-length: 14

10:03:17.169 [AsyncHttpClient-1-13] DEBUG org.asynchttpclient.netty.channel.ChannelManager - Adding key: http://localhost:44011 for channel [id: 0x8a1a84af, L:/127.0.0.1:50119 - R:localhost/127.0.0.1:44011]
10:03:17.181 [Forwarding getCurrentWindowHandle on session 0d3929fc85d64e993c83b31c9b8a6a41 to remote] DEBUG org.asynchttpclient.netty.request.NettyRequestSender - Using pooled Channel '[id: 0x8a1a84af, L:/127.0.0.1:50119 - R:localhost/127.0.0.1:44011]' for 'GET' to 'http://localhost:44011/session/0d3929fc85d64e993c83b31c9b8a6a41/window'
10:03:17.181 [Forwarding getCurrentWindowHandle on session 0d3929fc85d64e993c83b31c9b8a6a41 to remote] DEBUG org.asynchttpclient.netty.request.NettyRequestSender - Using open Channel [id: 0x8a1a84af, L:/127.0.0.1:50119 - R:localhost/127.0.0.1:44011] for GET '/session/0d3929fc85d64e993c83b31c9b8a6a41/window'
10:03:17.183 [AsyncHttpClient-1-13] DEBUG org.asynchttpclient.netty.handler.HttpHandler - 

Request DefaultFullHttpRequest(decodeResult: success, version: HTTP/1.1, content: EmptyByteBufBE)
GET /session/0d3929fc85d64e993c83b31c9b8a6a41/window HTTP/1.1
User-Agent: selenium/4.7.1 (java windows)
Cache-Control: no-cache
Content-Type: application/json; charset=utf-8
host: localhost:44011
accept: */*

Response DefaultHttpResponse(decodeResult: success, version: HTTP/1.1)
HTTP/1.1 200 OK
Content-Type: application/json; charset=utf-8
cache-control: no-cache
content-length: 44

10:03:17.183 [AsyncHttpClient-1-13] DEBUG org.asynchttpclient.netty.channel.ChannelManager - Adding key: http://localhost:44011 for channel [id: 0x8a1a84af, L:/127.0.0.1:50119 - R:localhost/127.0.0.1:44011]
10:03:17.185 [Forwarding getAlertText on session 0d3929fc85d64e993c83b31c9b8a6a41 to remote] DEBUG org.asynchttpclient.netty.request.NettyRequestSender - Using pooled Channel '[id: 0x8a1a84af, L:/127.0.0.1:50119 - R:localhost/127.0.0.1:44011]' for 'GET' to 'http://localhost:44011/session/0d3929fc85d64e993c83b31c9b8a6a41/alert/text'
10:03:17.185 [Forwarding getAlertText on session 0d3929fc85d64e993c83b31c9b8a6a41 to remote] DEBUG org.asynchttpclient.netty.request.NettyRequestSender - Using open Channel [id: 0x8a1a84af, L:/127.0.0.1:50119 - R:localhost/127.0.0.1:44011] for GET '/session/0d3929fc85d64e993c83b31c9b8a6a41/alert/text'
10:03:17.189 [AsyncHttpClient-1-13] DEBUG org.asynchttpclient.netty.handler.HttpHandler - 

Request DefaultFullHttpRequest(decodeResult: success, version: HTTP/1.1, content: EmptyByteBufBE)
GET /session/0d3929fc85d64e993c83b31c9b8a6a41/alert/text HTTP/1.1
User-Agent: selenium/4.7.1 (java windows)
Cache-Control: no-cache
Content-Type: application/json; charset=utf-8
host: localhost:44011
accept: */*

Response DefaultHttpResponse(decodeResult: success, version: HTTP/1.1)
HTTP/1.1 404 Not Found
Content-Type: application/json; charset=utf-8
cache-control: no-cache
content-length: 821

10:03:17.189 [AsyncHttpClient-1-13] DEBUG org.asynchttpclient.netty.channel.ChannelManager - Adding key: http://localhost:44011 for channel [id: 0x8a1a84af, L:/127.0.0.1:50119 - R:localhost/127.0.0.1:44011]
10:03:17.191 [Forwarding switchToWindow on session 0d3929fc85d64e993c83b31c9b8a6a41 to remote] DEBUG org.asynchttpclient.netty.request.NettyRequestSender - Using pooled Channel '[id: 0x8a1a84af, L:/127.0.0.1:50119 - R:localhost/127.0.0.1:44011]' for 'POST' to 'http://localhost:44011/session/0d3929fc85d64e993c83b31c9b8a6a41/window'
10:03:17.191 [Forwarding switchToWindow on session 0d3929fc85d64e993c83b31c9b8a6a41 to remote] DEBUG org.asynchttpclient.netty.request.NettyRequestSender - Using open Channel [id: 0x8a1a84af, L:/127.0.0.1:50119 - R:localhost/127.0.0.1:44011] for POST '/session/0d3929fc85d64e993c83b31c9b8a6a41/window'
10:03:17.196 [AsyncHttpClient-1-13] DEBUG org.asynchttpclient.netty.handler.HttpHandler - 

Request DefaultHttpRequest(decodeResult: success, version: HTTP/1.1)
POST /session/0d3929fc85d64e993c83b31c9b8a6a41/window HTTP/1.1
User-Agent: selenium/4.7.1 (java windows)
Content-Length: 50
Content-Type: application/json; charset=utf-8
host: localhost:44011
accept: */*

Response DefaultHttpResponse(decodeResult: success, version: HTTP/1.1)
HTTP/1.1 200 OK
Content-Type: application/json; charset=utf-8
cache-control: no-cache
content-length: 14

10:03:17.197 [AsyncHttpClient-1-13] DEBUG org.asynchttpclient.netty.channel.ChannelManager - Adding key: http://localhost:44011 for channel [id: 0x8a1a84af, L:/127.0.0.1:50119 - R:localhost/127.0.0.1:44011]
10:03:17.199 [Forwarding getCurrentUrl on session 0d3929fc85d64e993c83b31c9b8a6a41 to remote] DEBUG org.asynchttpclient.netty.request.NettyRequestSender - Using pooled Channel '[id: 0x8a1a84af, L:/127.0.0.1:50119 - R:localhost/127.0.0.1:44011]' for 'GET' to 'http://localhost:44011/session/0d3929fc85d64e993c83b31c9b8a6a41/url'
10:03:17.199 [Forwarding getCurrentUrl on session 0d3929fc85d64e993c83b31c9b8a6a41 to remote] DEBUG org.asynchttpclient.netty.request.NettyRequestSender - Using open Channel [id: 0x8a1a84af, L:/127.0.0.1:50119 - R:localhost/127.0.0.1:44011] for GET '/session/0d3929fc85d64e993c83b31c9b8a6a41/url'
10:03:17.211 [AsyncHttpClient-1-13] DEBUG org.asynchttpclient.netty.handler.HttpHandler - 

Request DefaultFullHttpRequest(decodeResult: success, version: HTTP/1.1, content: EmptyByteBufBE)
GET /session/0d3929fc85d64e993c83b31c9b8a6a41/url HTTP/1.1
User-Agent: selenium/4.7.1 (java windows)
Cache-Control: no-cache
Content-Type: application/json; charset=utf-8
host: localhost:44011
accept: */*

Response DefaultHttpResponse(decodeResult: success, version: HTTP/1.1)
HTTP/1.1 200 OK
Content-Type: application/json; charset=utf-8
cache-control: no-cache
content-length: 54

10:03:17.212 [AsyncHttpClient-1-13] DEBUG org.asynchttpclient.netty.channel.ChannelManager - Adding key: http://localhost:44011 for channel [id: 0x8a1a84af, L:/127.0.0.1:50119 - R:localhost/127.0.0.1:44011]
10:03:17.213 [Forwarding screenshot on session 0d3929fc85d64e993c83b31c9b8a6a41 to remote] DEBUG org.asynchttpclient.netty.request.NettyRequestSender - Using pooled Channel '[id: 0x8a1a84af, L:/127.0.0.1:50119 - R:localhost/127.0.0.1:44011]' for 'GET' to 'http://localhost:44011/session/0d3929fc85d64e993c83b31c9b8a6a41/screenshot'
10:03:17.213 [Forwarding screenshot on session 0d3929fc85d64e993c83b31c9b8a6a41 to remote] DEBUG org.asynchttpclient.netty.request.NettyRequestSender - Using open Channel [id: 0x8a1a84af, L:/127.0.0.1:50119 - R:localhost/127.0.0.1:44011] for GET '/session/0d3929fc85d64e993c83b31c9b8a6a41/screenshot'
10:03:17.351 [AsyncHttpClient-1-13] DEBUG org.asynchttpclient.netty.handler.HttpHandler - 

Request DefaultFullHttpRequest(decodeResult: success, version: HTTP/1.1, content: EmptyByteBufBE)
GET /session/0d3929fc85d64e993c83b31c9b8a6a41/screenshot HTTP/1.1
User-Agent: selenium/4.7.1 (java windows)
Cache-Control: no-cache
Content-Type: application/json; charset=utf-8
host: localhost:44011
accept: */*

Response DefaultHttpResponse(decodeResult: success, version: HTTP/1.1)
HTTP/1.1 200 OK
Content-Type: application/json; charset=utf-8
cache-control: no-cache
content-length: 35420

10:03:17.351 [AsyncHttpClient-1-13] DEBUG org.asynchttpclient.netty.channel.ChannelManager - Adding key: http://localhost:44011 for channel [id: 0x8a1a84af, L:/127.0.0.1:50119 - R:localhost/127.0.0.1:44011]
10:03:17.358 [main] DEBUG net.serenitybdd.core.photography.Darkroom - Send negative for processing for target\site\serenity\b03348745c3c5c593f5c4c994bf63968eec5c5524a78927e57e35a3b85b35d93.png
10:03:17.358 [main] DEBUG net.thucydides.core.steps.StepInterceptor - STEP DONE: munculErrorMessage
10:03:17.358 [Darkroom Processing Line] DEBUG net.serenitybdd.core.photography.DarkroomProcessingLine - Processing screenshot image in /var/screenshots/screenshot-17302332160427992562
10:03:17.358 [Darkroom Processing Line] DEBUG net.serenitybdd.core.photography.DarkroomProcessingLine - Saving screenshot to target\site\serenity\b03348745c3c5c593f5c4c994bf63968eec5c5524a78927e57e35a3b85b35d93.png
  &amp#27;[32mAnd &amp#27;[0m&amp#27;[32muser menerima ERROR message &amp#27;[0m&amp#27;[32m&amp#27;[1m"password is required"&amp#27;[0m       &amp#27;[90m# starter.stepdefinitions.RegisterSteps.userMenerimaERRORMessage(java.lang.String)&amp#27;[0m
10:03:17.369 [main] INFO  - 
  _____   ___   ___   _____     ___     _     ___   ___   ___   ___  
 |_   _| | __| / __| |_   _|   | _ \   /_\   / __| / __| | __| |   \ 
   | |   | _|  \__ \   | |     |  _/  / _ \  \__ \ \__ \ | _|  | |) |
   |_|   |___| |___/   |_|     |_|   /_/ \_\ |___/ |___/ |___| |___/ 

user tidak bisa register karena tidak input password
----------------------------------------------------------------------
10:03:17.372 [AsyncHttpClient-1-15] DEBUG org.asynchttpclient.netty.handler.WebSocketHandler - Channel Closed: [id: 0xe11da1a2, L:/127.0.0.1:50127 ! R:localhost/127.0.0.1:50120] with attribute NettyResponseFuture{currentRetry=0,
	isDone=1,
	isCancelled=0,
	asyncHandler=org.asynchttpclient.ws.WebSocketUpgradeHandler@67d1d13c,
	nettyRequest=org.asynchttpclient.netty.request.NettyRequest@7c488987,
	future=java.util.concurrent.CompletableFuture@1f3ce22c[Completed normally],
	uri=ws://localhost:50120/devtools/browser/0b335119-fe47-4ac3-93f7-19cbac4a34c5,
	keepAlive=true,
	redirectCount=0,
	timeoutsHolder=null,
	inAuth=0,
	touch=1683514989903}
10:03:17.372 [AsyncHttpClient-1-15] DEBUG org.asynchttpclient.netty.channel.ChannelManager - Closing Channel [id: 0xe11da1a2, L:/127.0.0.1:50127 ! R:localhost/127.0.0.1:50120] 
10:03:17.372 [Driver Command Executor] DEBUG org.asynchttpclient.netty.request.NettyRequestSender - Using pooled Channel '[id: 0x8a1a84af, L:/127.0.0.1:50119 - R:localhost/127.0.0.1:44011]' for 'DELETE' to 'http://localhost:44011/session/0d3929fc85d64e993c83b31c9b8a6a41'
10:03:17.372 [Driver Command Executor] DEBUG org.asynchttpclient.netty.request.NettyRequestSender - Using open Channel [id: 0x8a1a84af, L:/127.0.0.1:50119 - R:localhost/127.0.0.1:44011] for DELETE '/session/0d3929fc85d64e993c83b31c9b8a6a41'
10:03:17.461 [AsyncHttpClient-1-14] DEBUG org.asynchttpclient.netty.handler.HttpHandler - Unexpected I/O exception on channel [id: 0x2836f066, L:/127.0.0.1:50126 - R:localhost/127.0.0.1:50120]
java.net.SocketException: Connection reset
	at java.base/sun.nio.ch.SocketChannelImpl.throwConnectionReset(SocketChannelImpl.java:401)
	at java.base/sun.nio.ch.SocketChannelImpl.read(SocketChannelImpl.java:434)
	at io.netty.buffer.PooledByteBuf.setBytes(PooledByteBuf.java:259)
	at io.netty.buffer.AbstractByteBuf.writeBytes(AbstractByteBuf.java:1132)
	at io.netty.channel.socket.nio.NioSocketChannel.doReadBytes(NioSocketChannel.java:357)
	at io.netty.channel.nio.AbstractNioByteChannel$NioByteUnsafe.read(AbstractNioByteChannel.java:151)
	at io.netty.channel.nio.NioEventLoop.processSelectedKey(NioEventLoop.java:788)
	at io.netty.channel.nio.NioEventLoop.processSelectedKeysOptimized(NioEventLoop.java:724)
	at io.netty.channel.nio.NioEventLoop.processSelectedKeys(NioEventLoop.java:650)
	at io.netty.channel.nio.NioEventLoop.run(NioEventLoop.java:562)
	at io.netty.util.concurrent.SingleThreadEventExecutor$4.run(SingleThreadEventExecutor.java:997)
	at io.netty.util.internal.ThreadExecutorMap$2.run(ThreadExecutorMap.java:74)
	at io.netty.util.concurrent.FastThreadLocalRunnable.run(FastThreadLocalRunnable.java:30)
	at java.base/java.lang.Thread.run(Thread.java:1589)
10:03:17.461 [AsyncHttpClient-1-14] DEBUG org.asynchttpclient.netty.channel.ChannelManager - Closing Channel [id: 0x2836f066, L:/127.0.0.1:50126 - R:localhost/127.0.0.1:50120] 
10:03:17.461 [AsyncHttpClient-1-14] DEBUG org.asynchttpclient.netty.handler.HttpHandler - Channel Closed: [id: 0x2836f066, L:/127.0.0.1:50126 ! R:localhost/127.0.0.1:50120] with attribute DISCARD
10:03:17.502 [AsyncHttpClient-1-13] DEBUG org.asynchttpclient.netty.handler.HttpHandler - 

Request DefaultFullHttpRequest(decodeResult: success, version: HTTP/1.1, content: EmptyByteBufBE)
DELETE /session/0d3929fc85d64e993c83b31c9b8a6a41 HTTP/1.1
User-Agent: selenium/4.7.1 (java windows)
Content-Type: application/json; charset=utf-8
host: localhost:44011
accept: */*

Response DefaultHttpResponse(decodeResult: success, version: HTTP/1.1)
HTTP/1.1 200 OK
Content-Type: application/json; charset=utf-8
cache-control: no-cache
content-length: 14

10:03:17.502 [AsyncHttpClient-1-13] DEBUG org.asynchttpclient.netty.channel.ChannelManager - Adding key: http://localhost:44011 for channel [id: 0x8a1a84af, L:/127.0.0.1:50119 - R:localhost/127.0.0.1:44011]
10:03:17.585 [AsyncHttpClient-1-13] DEBUG org.asynchttpclient.netty.handler.HttpHandler - Channel Closed: [id: 0x8a1a84af, L:/127.0.0.1:50119 ! R:localhost/127.0.0.1:44011] with attribute DISCARD
]]></system-out>
    <system-err><![CDATA[Starting ChromeDriver 112.0.5615.49 (bd2a7bcb881c11e8cfe3078709382934e3916914-refs/branch-heads/5615@{#936}) on port 44011
Only local connections are allowed.
Please see https://chromedriver.chromium.org/security-considerations for suggestions on keeping ChromeDriver safe.
ChromeDriver was started successfully.
May 08, 2023 10:03:09 AM org.openqa.selenium.devtools.CdpVersionFinder findNearestMatch
WARNING: Unable to find an exact match for CDP version 112, so returning the closest version found: 108
]]></system-err>
  </testcase>
  <testcase name="user bisa register" classname="register" time="9.917">
    <system-out><![CDATA[
@AS11-positive
Scenario: user bisa register                                      &amp#27;[90m# src/test/resources/features/2. Register.feature:48&amp#27;[0m
10:03:17.658 [main] INFO io.cucumber.core.plugin.SerenityReporter - Running feature from file:///C:/Users/HP/Downloads/Mini-Project-QA/ALTASHOP%20WEB%20AUTOMATION/src/test/resources/features/2.%20Register.feature
10:03:17.662 [main] INFO  - 
  _____   ___   ___   _____     ___   _____     _     ___   _____   ___   ___  
 |_   _| | __| / __| |_   _|   / __| |_   _|   /_\   | _ \ |_   _| | __| |   \ 
   | |   | _|  \__ \   | |     \__ \   | |    / _ \  |   /   | |   | _|  | |) |
   |_|   |___| |___/   |_|     |___/   |_|   /_/ \_\ |_|_\   |_|   |___| |___/ 

user bisa register(register;user-bisa-register)
--------------------------------------------------------------------------------
10:03:17.694 [main] DEBUG net.thucydides.core.steps.StepInterceptor - STARTING STEP: LoginRegisterSteps.userBeradaDiHomepageAlta - diHomepageAltaShop
10:03:17.775 [main] INFO net.serenitybdd.core.webdriver.driverproviders.ChromeDriverProvider - Starting Chrome driver instance with capabilities:
10:03:17.775 [main] INFO net.serenitybdd.core.webdriver.driverproviders.ChromeDriverProvider - Capabilities {acceptInsecureCerts: true, browserName: chrome, goog:chromeOptions: {args: [remote-allow-origins=*, test-type, no-sandbox, ignore-certificate-errors, start-maximized, incognito, disable-infobars, disable-gpu, disable-default-apps, disable-popup-blocking, remote-allow-origins=*, test-type, no-sandbox, ignore-certificate-errors, start-maximized, incognito, disable-infobars, disable-gpu, disable-default-apps, disable-popup-blocking], extensions: []}}
10:03:17.869 [AsyncHttpClient-1-1] DEBUG org.asynchttpclient.netty.channel.DefaultChannelPool - Entry count for : http://localhost:50120 : 1
10:03:17.869 [AsyncHttpClient-1-1] DEBUG org.asynchttpclient.netty.channel.DefaultChannelPool - Entry count for : http://localhost:44011 : 1
10:03:17.869 [AsyncHttpClient-1-1] DEBUG org.asynchttpclient.netty.channel.DefaultChannelPool - Adding Candidate expired Channel [id: 0x2836f066, L:/127.0.0.1:50126 ! R:localhost/127.0.0.1:50120] isIdleTimeoutExpired=false isRemotelyClosed=true isTtlExpired=false
10:03:17.870 [AsyncHttpClient-1-1] DEBUG org.asynchttpclient.netty.channel.DefaultChannelPool - Closing Idle Channel [id: 0x2836f066, L:/127.0.0.1:50126 ! R:localhost/127.0.0.1:50120]
10:03:17.871 [AsyncHttpClient-1-1] DEBUG org.asynchttpclient.netty.channel.DefaultChannelPool - Adding Candidate expired Channel [id: 0x8a1a84af, L:/127.0.0.1:50119 ! R:localhost/127.0.0.1:44011] isIdleTimeoutExpired=false isRemotelyClosed=true isTtlExpired=false
10:03:17.871 [AsyncHttpClient-1-1] DEBUG org.asynchttpclient.netty.channel.DefaultChannelPool - Closing Idle Channel [id: 0x8a1a84af, L:/127.0.0.1:50119 ! R:localhost/127.0.0.1:44011]
10:03:17.871 [AsyncHttpClient-1-1] DEBUG org.asynchttpclient.netty.channel.DefaultChannelPool - Closed 2 connections out of 2 in 2 ms
10:03:17.949 [AsyncHttpClient-1-16] DEBUG org.asynchttpclient.netty.channel.NettyConnectListener - Using new Channel '[id: 0x6cba7a08, L:/127.0.0.1:50149 - R:localhost/127.0.0.1:26055]' for 'POST' to '/session'
10:03:20.298 [AsyncHttpClient-1-16] DEBUG org.asynchttpclient.netty.handler.HttpHandler - 

Request DefaultHttpRequest(decodeResult: success, version: HTTP/1.1)
POST /session HTTP/1.1
User-Agent: selenium/4.7.1 (java windows)
Content-Length: 1629
Content-Type: application/json; charset=utf-8
host: localhost:26055
accept: */*

Response DefaultHttpResponse(decodeResult: success, version: HTTP/1.1)
HTTP/1.1 200 OK
Content-Type: application/json; charset=utf-8
cache-control: no-cache
content-length: 854

10:03:20.298 [AsyncHttpClient-1-16] DEBUG org.asynchttpclient.netty.channel.ChannelManager - Adding key: http://localhost:26055 for channel [id: 0x6cba7a08, L:/127.0.0.1:50149 - R:localhost/127.0.0.1:26055]
10:03:20.306 [AsyncHttpClient-1-17] DEBUG org.asynchttpclient.netty.channel.NettyConnectListener - Using new Channel '[id: 0x6c14e4b7, L:/127.0.0.1:50157 - R:localhost/127.0.0.1:50150]' for 'GET' to '/json/version'
10:03:20.307 [AsyncHttpClient-1-17] DEBUG org.asynchttpclient.netty.handler.HttpHandler - 

Request DefaultFullHttpRequest(decodeResult: success, version: HTTP/1.1, content: EmptyByteBufBE)
GET /json/version HTTP/1.1
User-Agent: selenium/4.7.1 (java windows)
host: localhost:50150
accept: */*

Response DefaultHttpResponse(decodeResult: success, version: HTTP/1.1)
HTTP/1.1 200 OK
Content-Security-Policy: frame-ancestors 'none'
Content-Type: application/json; charset=UTF-8
content-length: 424

10:03:20.307 [AsyncHttpClient-1-17] DEBUG org.asynchttpclient.netty.channel.ChannelManager - Adding key: http://localhost:50150 for channel [id: 0x6c14e4b7, L:/127.0.0.1:50157 - R:localhost/127.0.0.1:50150]
10:03:20.312 [AsyncHttpClient-1-2] DEBUG org.asynchttpclient.netty.channel.NettyConnectListener - Using new Channel '[id: 0x58c399e8, L:/127.0.0.1:50158 - R:localhost/127.0.0.1:50150]' for 'GET' to '/devtools/browser/6cb54365-3cec-4f4c-8f56-0a447ef8ef7f'
10:03:20.313 [AsyncHttpClient-1-2] DEBUG org.asynchttpclient.netty.handler.WebSocketHandler - 

Request DefaultFullHttpRequest(decodeResult: success, version: HTTP/1.1, content: EmptyByteBufBE)
GET /devtools/browser/6cb54365-3cec-4f4c-8f56-0a447ef8ef7f HTTP/1.1
upgrade: websocket
connection: upgrade
sec-websocket-key: Xt2Ubk/9awHbQl/Z1+FFuQ==
sec-websocket-version: 13
origin: http://localhost:50150
host: localhost:50150
accept: */*
user-agent: AHC/2.1

Response DefaultHttpResponse(decodeResult: success, version: HTTP/1.1)
HTTP/1.1 101 WebSocket Protocol Handshake
Upgrade: WebSocket
Connection: Upgrade
Sec-WebSocket-Accept: LIAIUcuaY2ZX6yT5CjnXVaqQ6E8=

10:03:20.320 [Forwarding get on session b98aa0d690e6f260a654a3be833d257e to remote] DEBUG org.asynchttpclient.netty.request.NettyRequestSender - Using pooled Channel '[id: 0x6cba7a08, L:/127.0.0.1:50149 - R:localhost/127.0.0.1:26055]' for 'POST' to 'http://localhost:26055/session/b98aa0d690e6f260a654a3be833d257e/url'
10:03:20.320 [Forwarding get on session b98aa0d690e6f260a654a3be833d257e to remote] DEBUG org.asynchttpclient.netty.request.NettyRequestSender - Using open Channel [id: 0x6cba7a08, L:/127.0.0.1:50149 - R:localhost/127.0.0.1:26055] for POST '/session/b98aa0d690e6f260a654a3be833d257e/url'
10:03:21.176 [AsyncHttpClient-1-1] DEBUG org.asynchttpclient.netty.channel.DefaultChannelPool - Entry count for : http://localhost:50150 : 1
10:03:21.308 [AsyncHttpClient-1-16] DEBUG org.asynchttpclient.netty.handler.HttpHandler - 

Request DefaultHttpRequest(decodeResult: success, version: HTTP/1.1)
POST /session/b98aa0d690e6f260a654a3be833d257e/url HTTP/1.1
User-Agent: selenium/4.7.1 (java windows)
Content-Length: 59
Content-Type: application/json; charset=utf-8
host: localhost:26055
accept: */*

Response DefaultHttpResponse(decodeResult: success, version: HTTP/1.1)
HTTP/1.1 200 OK
Content-Type: application/json; charset=utf-8
cache-control: no-cache
content-length: 14

10:03:21.308 [AsyncHttpClient-1-16] DEBUG org.asynchttpclient.netty.channel.ChannelManager - Adding key: http://localhost:26055 for channel [id: 0x6cba7a08, L:/127.0.0.1:50149 - R:localhost/127.0.0.1:26055]
10:03:21.313 [Forwarding setTimeout on session b98aa0d690e6f260a654a3be833d257e to remote] DEBUG org.asynchttpclient.netty.request.NettyRequestSender - Using pooled Channel '[id: 0x6cba7a08, L:/127.0.0.1:50149 - R:localhost/127.0.0.1:26055]' for 'POST' to 'http://localhost:26055/session/b98aa0d690e6f260a654a3be833d257e/timeouts'
10:03:21.313 [Forwarding setTimeout on session b98aa0d690e6f260a654a3be833d257e to remote] DEBUG org.asynchttpclient.netty.request.NettyRequestSender - Using open Channel [id: 0x6cba7a08, L:/127.0.0.1:50149 - R:localhost/127.0.0.1:26055] for POST '/session/b98aa0d690e6f260a654a3be833d257e/timeouts'
10:03:21.317 [AsyncHttpClient-1-16] DEBUG org.asynchttpclient.netty.handler.HttpHandler - 

Request DefaultHttpRequest(decodeResult: success, version: HTTP/1.1)
POST /session/b98aa0d690e6f260a654a3be833d257e/timeouts HTTP/1.1
User-Agent: selenium/4.7.1 (java windows)
Content-Length: 22
Content-Type: application/json; charset=utf-8
host: localhost:26055
accept: */*

Response DefaultHttpResponse(decodeResult: success, version: HTTP/1.1)
HTTP/1.1 200 OK
Content-Type: application/json; charset=utf-8
cache-control: no-cache
content-length: 14

10:03:21.317 [AsyncHttpClient-1-16] DEBUG org.asynchttpclient.netty.channel.ChannelManager - Adding key: http://localhost:26055 for channel [id: 0x6cba7a08, L:/127.0.0.1:50149 - R:localhost/127.0.0.1:26055]
10:03:21.325 [Forwarding getCurrentUrl on session b98aa0d690e6f260a654a3be833d257e to remote] DEBUG org.asynchttpclient.netty.request.NettyRequestSender - Using pooled Channel '[id: 0x6cba7a08, L:/127.0.0.1:50149 - R:localhost/127.0.0.1:26055]' for 'GET' to 'http://localhost:26055/session/b98aa0d690e6f260a654a3be833d257e/url'
10:03:21.325 [Forwarding getCurrentUrl on session b98aa0d690e6f260a654a3be833d257e to remote] DEBUG org.asynchttpclient.netty.request.NettyRequestSender - Using open Channel [id: 0x6cba7a08, L:/127.0.0.1:50149 - R:localhost/127.0.0.1:26055] for GET '/session/b98aa0d690e6f260a654a3be833d257e/url'
10:03:22.270 [AsyncHttpClient-1-1] DEBUG org.asynchttpclient.netty.channel.DefaultChannelPool - Entry count for : http://localhost:50150 : 1
10:03:23.364 [AsyncHttpClient-1-1] DEBUG org.asynchttpclient.netty.channel.DefaultChannelPool - Entry count for : http://localhost:50150 : 1
10:03:23.967 [AsyncHttpClient-1-16] DEBUG org.asynchttpclient.netty.handler.HttpHandler - 

Request DefaultFullHttpRequest(decodeResult: success, version: HTTP/1.1, content: EmptyByteBufBE)
GET /session/b98aa0d690e6f260a654a3be833d257e/url HTTP/1.1
User-Agent: selenium/4.7.1 (java windows)
Cache-Control: no-cache
Content-Type: application/json; charset=utf-8
host: localhost:26055
accept: */*

Response DefaultHttpResponse(decodeResult: success, version: HTTP/1.1)
HTTP/1.1 200 OK
Content-Type: application/json; charset=utf-8
cache-control: no-cache
content-length: 41

10:03:23.967 [AsyncHttpClient-1-16] DEBUG org.asynchttpclient.netty.channel.ChannelManager - Adding key: http://localhost:26055 for channel [id: 0x6cba7a08, L:/127.0.0.1:50149 - R:localhost/127.0.0.1:26055]
10:03:23.970 [Forwarding getCurrentUrl on session b98aa0d690e6f260a654a3be833d257e to remote] DEBUG org.asynchttpclient.netty.request.NettyRequestSender - Using pooled Channel '[id: 0x6cba7a08, L:/127.0.0.1:50149 - R:localhost/127.0.0.1:26055]' for 'GET' to 'http://localhost:26055/session/b98aa0d690e6f260a654a3be833d257e/url'
10:03:23.970 [Forwarding getCurrentUrl on session b98aa0d690e6f260a654a3be833d257e to remote] DEBUG org.asynchttpclient.netty.request.NettyRequestSender - Using open Channel [id: 0x6cba7a08, L:/127.0.0.1:50149 - R:localhost/127.0.0.1:26055] for GET '/session/b98aa0d690e6f260a654a3be833d257e/url'
10:03:23.975 [AsyncHttpClient-1-16] DEBUG org.asynchttpclient.netty.handler.HttpHandler - 

Request DefaultFullHttpRequest(decodeResult: success, version: HTTP/1.1, content: EmptyByteBufBE)
GET /session/b98aa0d690e6f260a654a3be833d257e/url HTTP/1.1
User-Agent: selenium/4.7.1 (java windows)
Cache-Control: no-cache
Content-Type: application/json; charset=utf-8
host: localhost:26055
accept: */*

Response DefaultHttpResponse(decodeResult: success, version: HTTP/1.1)
HTTP/1.1 200 OK
Content-Type: application/json; charset=utf-8
cache-control: no-cache
content-length: 41

10:03:23.975 [AsyncHttpClient-1-16] DEBUG org.asynchttpclient.netty.channel.ChannelManager - Adding key: http://localhost:26055 for channel [id: 0x6cba7a08, L:/127.0.0.1:50149 - R:localhost/127.0.0.1:26055]
10:03:23.979 [Forwarding findElement on session b98aa0d690e6f260a654a3be833d257e to remote] DEBUG org.asynchttpclient.netty.request.NettyRequestSender - Using pooled Channel '[id: 0x6cba7a08, L:/127.0.0.1:50149 - R:localhost/127.0.0.1:26055]' for 'POST' to 'http://localhost:26055/session/b98aa0d690e6f260a654a3be833d257e/element'
10:03:23.979 [Forwarding findElement on session b98aa0d690e6f260a654a3be833d257e to remote] DEBUG org.asynchttpclient.netty.request.NettyRequestSender - Using open Channel [id: 0x6cba7a08, L:/127.0.0.1:50149 - R:localhost/127.0.0.1:26055] for POST '/session/b98aa0d690e6f260a654a3be833d257e/element'
10:03:24.004 [AsyncHttpClient-1-16] DEBUG org.asynchttpclient.netty.handler.HttpHandler - 

Request DefaultHttpRequest(decodeResult: success, version: HTTP/1.1)
POST /session/b98aa0d690e6f260a654a3be833d257e/element HTTP/1.1
User-Agent: selenium/4.7.1 (java windows)
Content-Length: 108
Content-Type: application/json; charset=utf-8
host: localhost:26055
accept: */*

Response DefaultHttpResponse(decodeResult: success, version: HTTP/1.1)
HTTP/1.1 200 OK
Content-Type: application/json; charset=utf-8
cache-control: no-cache
content-length: 88

10:03:24.005 [AsyncHttpClient-1-16] DEBUG org.asynchttpclient.netty.channel.ChannelManager - Adding key: http://localhost:26055 for channel [id: 0x6cba7a08, L:/127.0.0.1:50149 - R:localhost/127.0.0.1:26055]
10:03:24.008 [Forwarding isElementDisplayed on session b98aa0d690e6f260a654a3be833d257e to remote] DEBUG org.asynchttpclient.netty.request.NettyRequestSender - Using pooled Channel '[id: 0x6cba7a08, L:/127.0.0.1:50149 - R:localhost/127.0.0.1:26055]' for 'POST' to 'http://localhost:26055/session/b98aa0d690e6f260a654a3be833d257e/execute/sync'
10:03:24.009 [Forwarding isElementDisplayed on session b98aa0d690e6f260a654a3be833d257e to remote] DEBUG org.asynchttpclient.netty.request.NettyRequestSender - Using open Channel [id: 0x6cba7a08, L:/127.0.0.1:50149 - R:localhost/127.0.0.1:26055] for POST '/session/b98aa0d690e6f260a654a3be833d257e/execute/sync'
10:03:24.028 [AsyncHttpClient-1-16] DEBUG org.asynchttpclient.netty.handler.HttpHandler - 

Request DefaultHttpRequest(decodeResult: success, version: HTTP/1.1)
POST /session/b98aa0d690e6f260a654a3be833d257e/execute/sync HTTP/1.1
User-Agent: selenium/4.7.1 (java windows)
Content-Length: 48780
Content-Type: application/json; charset=utf-8
host: localhost:26055
accept: */*

Response DefaultHttpResponse(decodeResult: success, version: HTTP/1.1)
HTTP/1.1 200 OK
Content-Type: application/json; charset=utf-8
cache-control: no-cache
content-length: 14

10:03:24.028 [AsyncHttpClient-1-16] DEBUG org.asynchttpclient.netty.channel.ChannelManager - Adding key: http://localhost:26055 for channel [id: 0x6cba7a08, L:/127.0.0.1:50149 - R:localhost/127.0.0.1:26055]
10:03:24.031 [Forwarding isElementDisplayed on session b98aa0d690e6f260a654a3be833d257e to remote] DEBUG org.asynchttpclient.netty.request.NettyRequestSender - Using pooled Channel '[id: 0x6cba7a08, L:/127.0.0.1:50149 - R:localhost/127.0.0.1:26055]' for 'POST' to 'http://localhost:26055/session/b98aa0d690e6f260a654a3be833d257e/execute/sync'
10:03:24.031 [Forwarding isElementDisplayed on session b98aa0d690e6f260a654a3be833d257e to remote] DEBUG org.asynchttpclient.netty.request.NettyRequestSender - Using open Channel [id: 0x6cba7a08, L:/127.0.0.1:50149 - R:localhost/127.0.0.1:26055] for POST '/session/b98aa0d690e6f260a654a3be833d257e/execute/sync'
10:03:24.047 [AsyncHttpClient-1-16] DEBUG org.asynchttpclient.netty.handler.HttpHandler - 

Request DefaultHttpRequest(decodeResult: success, version: HTTP/1.1)
POST /session/b98aa0d690e6f260a654a3be833d257e/execute/sync HTTP/1.1
User-Agent: selenium/4.7.1 (java windows)
Content-Length: 48780
Content-Type: application/json; charset=utf-8
host: localhost:26055
accept: */*

Response DefaultHttpResponse(decodeResult: success, version: HTTP/1.1)
HTTP/1.1 200 OK
Content-Type: application/json; charset=utf-8
cache-control: no-cache
content-length: 14

10:03:24.048 [AsyncHttpClient-1-16] DEBUG org.asynchttpclient.netty.channel.ChannelManager - Adding key: http://localhost:26055 for channel [id: 0x6cba7a08, L:/127.0.0.1:50149 - R:localhost/127.0.0.1:26055]
10:03:24.053 [Forwarding getCurrentWindowHandle on session b98aa0d690e6f260a654a3be833d257e to remote] DEBUG org.asynchttpclient.netty.request.NettyRequestSender - Using pooled Channel '[id: 0x6cba7a08, L:/127.0.0.1:50149 - R:localhost/127.0.0.1:26055]' for 'GET' to 'http://localhost:26055/session/b98aa0d690e6f260a654a3be833d257e/window'
10:03:24.053 [Forwarding getCurrentWindowHandle on session b98aa0d690e6f260a654a3be833d257e to remote] DEBUG org.asynchttpclient.netty.request.NettyRequestSender - Using open Channel [id: 0x6cba7a08, L:/127.0.0.1:50149 - R:localhost/127.0.0.1:26055] for GET '/session/b98aa0d690e6f260a654a3be833d257e/window'
10:03:24.054 [AsyncHttpClient-1-16] DEBUG org.asynchttpclient.netty.handler.HttpHandler - 

Request DefaultFullHttpRequest(decodeResult: success, version: HTTP/1.1, content: EmptyByteBufBE)
GET /session/b98aa0d690e6f260a654a3be833d257e/window HTTP/1.1
User-Agent: selenium/4.7.1 (java windows)
Cache-Control: no-cache
Content-Type: application/json; charset=utf-8
host: localhost:26055
accept: */*

Response DefaultHttpResponse(decodeResult: success, version: HTTP/1.1)
HTTP/1.1 200 OK
Content-Type: application/json; charset=utf-8
cache-control: no-cache
content-length: 44

10:03:24.054 [AsyncHttpClient-1-16] DEBUG org.asynchttpclient.netty.channel.ChannelManager - Adding key: http://localhost:26055 for channel [id: 0x6cba7a08, L:/127.0.0.1:50149 - R:localhost/127.0.0.1:26055]
10:03:24.056 [Forwarding getAlertText on session b98aa0d690e6f260a654a3be833d257e to remote] DEBUG org.asynchttpclient.netty.request.NettyRequestSender - Using pooled Channel '[id: 0x6cba7a08, L:/127.0.0.1:50149 - R:localhost/127.0.0.1:26055]' for 'GET' to 'http://localhost:26055/session/b98aa0d690e6f260a654a3be833d257e/alert/text'
10:03:24.056 [Forwarding getAlertText on session b98aa0d690e6f260a654a3be833d257e to remote] DEBUG org.asynchttpclient.netty.request.NettyRequestSender - Using open Channel [id: 0x6cba7a08, L:/127.0.0.1:50149 - R:localhost/127.0.0.1:26055] for GET '/session/b98aa0d690e6f260a654a3be833d257e/alert/text'
10:03:24.059 [AsyncHttpClient-1-16] DEBUG org.asynchttpclient.netty.handler.HttpHandler - 

Request DefaultFullHttpRequest(decodeResult: success, version: HTTP/1.1, content: EmptyByteBufBE)
GET /session/b98aa0d690e6f260a654a3be833d257e/alert/text HTTP/1.1
User-Agent: selenium/4.7.1 (java windows)
Cache-Control: no-cache
Content-Type: application/json; charset=utf-8
host: localhost:26055
accept: */*

Response DefaultHttpResponse(decodeResult: success, version: HTTP/1.1)
HTTP/1.1 404 Not Found
Content-Type: application/json; charset=utf-8
cache-control: no-cache
content-length: 821

10:03:24.060 [AsyncHttpClient-1-16] DEBUG org.asynchttpclient.netty.channel.ChannelManager - Adding key: http://localhost:26055 for channel [id: 0x6cba7a08, L:/127.0.0.1:50149 - R:localhost/127.0.0.1:26055]
10:03:24.062 [Forwarding switchToWindow on session b98aa0d690e6f260a654a3be833d257e to remote] DEBUG org.asynchttpclient.netty.request.NettyRequestSender - Using pooled Channel '[id: 0x6cba7a08, L:/127.0.0.1:50149 - R:localhost/127.0.0.1:26055]' for 'POST' to 'http://localhost:26055/session/b98aa0d690e6f260a654a3be833d257e/window'
10:03:24.062 [Forwarding switchToWindow on session b98aa0d690e6f260a654a3be833d257e to remote] DEBUG org.asynchttpclient.netty.request.NettyRequestSender - Using open Channel [id: 0x6cba7a08, L:/127.0.0.1:50149 - R:localhost/127.0.0.1:26055] for POST '/session/b98aa0d690e6f260a654a3be833d257e/window'
10:03:24.065 [AsyncHttpClient-1-16] DEBUG org.asynchttpclient.netty.handler.HttpHandler - 

Request DefaultHttpRequest(decodeResult: success, version: HTTP/1.1)
POST /session/b98aa0d690e6f260a654a3be833d257e/window HTTP/1.1
User-Agent: selenium/4.7.1 (java windows)
Content-Length: 50
Content-Type: application/json; charset=utf-8
host: localhost:26055
accept: */*

Response DefaultHttpResponse(decodeResult: success, version: HTTP/1.1)
HTTP/1.1 200 OK
Content-Type: application/json; charset=utf-8
cache-control: no-cache
content-length: 14

10:03:24.066 [AsyncHttpClient-1-16] DEBUG org.asynchttpclient.netty.channel.ChannelManager - Adding key: http://localhost:26055 for channel [id: 0x6cba7a08, L:/127.0.0.1:50149 - R:localhost/127.0.0.1:26055]
10:03:24.066 [Forwarding getCurrentUrl on session b98aa0d690e6f260a654a3be833d257e to remote] DEBUG org.asynchttpclient.netty.request.NettyRequestSender - Using pooled Channel '[id: 0x6cba7a08, L:/127.0.0.1:50149 - R:localhost/127.0.0.1:26055]' for 'GET' to 'http://localhost:26055/session/b98aa0d690e6f260a654a3be833d257e/url'
10:03:24.066 [Forwarding getCurrentUrl on session b98aa0d690e6f260a654a3be833d257e to remote] DEBUG org.asynchttpclient.netty.request.NettyRequestSender - Using open Channel [id: 0x6cba7a08, L:/127.0.0.1:50149 - R:localhost/127.0.0.1:26055] for GET '/session/b98aa0d690e6f260a654a3be833d257e/url'
10:03:24.073 [AsyncHttpClient-1-16] DEBUG org.asynchttpclient.netty.handler.HttpHandler - 

Request DefaultFullHttpRequest(decodeResult: success, version: HTTP/1.1, content: EmptyByteBufBE)
GET /session/b98aa0d690e6f260a654a3be833d257e/url HTTP/1.1
User-Agent: selenium/4.7.1 (java windows)
Cache-Control: no-cache
Content-Type: application/json; charset=utf-8
host: localhost:26055
accept: */*

Response DefaultHttpResponse(decodeResult: success, version: HTTP/1.1)
HTTP/1.1 200 OK
Content-Type: application/json; charset=utf-8
cache-control: no-cache
content-length: 41

10:03:24.073 [AsyncHttpClient-1-16] DEBUG org.asynchttpclient.netty.channel.ChannelManager - Adding key: http://localhost:26055 for channel [id: 0x6cba7a08, L:/127.0.0.1:50149 - R:localhost/127.0.0.1:26055]
10:03:24.074 [Forwarding screenshot on session b98aa0d690e6f260a654a3be833d257e to remote] DEBUG org.asynchttpclient.netty.request.NettyRequestSender - Using pooled Channel '[id: 0x6cba7a08, L:/127.0.0.1:50149 - R:localhost/127.0.0.1:26055]' for 'GET' to 'http://localhost:26055/session/b98aa0d690e6f260a654a3be833d257e/screenshot'
10:03:24.074 [Forwarding screenshot on session b98aa0d690e6f260a654a3be833d257e to remote] DEBUG org.asynchttpclient.netty.request.NettyRequestSender - Using open Channel [id: 0x6cba7a08, L:/127.0.0.1:50149 - R:localhost/127.0.0.1:26055] for GET '/session/b98aa0d690e6f260a654a3be833d257e/screenshot'
10:03:24.178 [AsyncHttpClient-1-16] DEBUG org.asynchttpclient.netty.handler.HttpHandler - 

Request DefaultFullHttpRequest(decodeResult: success, version: HTTP/1.1, content: EmptyByteBufBE)
GET /session/b98aa0d690e6f260a654a3be833d257e/screenshot HTTP/1.1
User-Agent: selenium/4.7.1 (java windows)
Cache-Control: no-cache
Content-Type: application/json; charset=utf-8
host: localhost:26055
accept: */*

Response DefaultHttpResponse(decodeResult: success, version: HTTP/1.1)
HTTP/1.1 200 OK
Content-Type: application/json; charset=utf-8
cache-control: no-cache
content-length: 116604

10:03:24.179 [AsyncHttpClient-1-16] DEBUG org.asynchttpclient.netty.channel.ChannelManager - Adding key: http://localhost:26055 for channel [id: 0x6cba7a08, L:/127.0.0.1:50149 - R:localhost/127.0.0.1:26055]
10:03:24.182 [main] DEBUG net.serenitybdd.core.photography.Darkroom - Send negative for processing for target\site\serenity\4df796af2a8bdb756d1884b1e063cc00b8bad9b7c3d312055b4347f07439074a.png
10:03:24.182 [main] DEBUG net.thucydides.core.steps.StepInterceptor - STEP DONE: diHomepageAltaShop
  &amp#27;[32mGiven &amp#27;[0m&amp#27;[32muser berada di Homepage AltaShop&amp#27;[0m                          &amp#27;[90m# starter.stepdefinitions.LoginRegisterSteps.userBeradaDiHomepageAlta()&amp#27;[0m
10:03:24.196 [main] DEBUG net.thucydides.core.steps.StepInterceptor - STARTING STEP: LoginRegisterSteps.userKlikButtonLogin - klikButtonLogin
10:03:24.199 [Forwarding findElement on session b98aa0d690e6f260a654a3be833d257e to remote] DEBUG org.asynchttpclient.netty.request.NettyRequestSender - Using pooled Channel '[id: 0x6cba7a08, L:/127.0.0.1:50149 - R:localhost/127.0.0.1:26055]' for 'POST' to 'http://localhost:26055/session/b98aa0d690e6f260a654a3be833d257e/element'
10:03:24.199 [Forwarding findElement on session b98aa0d690e6f260a654a3be833d257e to remote] DEBUG org.asynchttpclient.netty.request.NettyRequestSender - Using open Channel [id: 0x6cba7a08, L:/127.0.0.1:50149 - R:localhost/127.0.0.1:26055] for POST '/session/b98aa0d690e6f260a654a3be833d257e/element'
10:03:24.217 [AsyncHttpClient-1-16] DEBUG org.asynchttpclient.netty.handler.HttpHandler - 

Request DefaultHttpRequest(decodeResult: success, version: HTTP/1.1)
POST /session/b98aa0d690e6f260a654a3be833d257e/element HTTP/1.1
User-Agent: selenium/4.7.1 (java windows)
Content-Length: 108
Content-Type: application/json; charset=utf-8
host: localhost:26055
accept: */*

Response DefaultHttpResponse(decodeResult: success, version: HTTP/1.1)
HTTP/1.1 200 OK
Content-Type: application/json; charset=utf-8
cache-control: no-cache
content-length: 88

10:03:24.217 [AsyncHttpClient-1-16] DEBUG org.asynchttpclient.netty.channel.ChannelManager - Adding key: http://localhost:26055 for channel [id: 0x6cba7a08, L:/127.0.0.1:50149 - R:localhost/127.0.0.1:26055]
10:03:24.219 [Forwarding getElementTagName on session b98aa0d690e6f260a654a3be833d257e to remote] DEBUG org.asynchttpclient.netty.request.NettyRequestSender - Using pooled Channel '[id: 0x6cba7a08, L:/127.0.0.1:50149 - R:localhost/127.0.0.1:26055]' for 'GET' to 'http://localhost:26055/session/b98aa0d690e6f260a654a3be833d257e/element/c1ed73fe-8f3f-46e9-8404-b06059fe6a57/name'
10:03:24.219 [Forwarding getElementTagName on session b98aa0d690e6f260a654a3be833d257e to remote] DEBUG org.asynchttpclient.netty.request.NettyRequestSender - Using open Channel [id: 0x6cba7a08, L:/127.0.0.1:50149 - R:localhost/127.0.0.1:26055] for GET '/session/b98aa0d690e6f260a654a3be833d257e/element/c1ed73fe-8f3f-46e9-8404-b06059fe6a57/name'
10:03:24.226 [AsyncHttpClient-1-16] DEBUG org.asynchttpclient.netty.handler.HttpHandler - 

Request DefaultFullHttpRequest(decodeResult: success, version: HTTP/1.1, content: EmptyByteBufBE)
GET /session/b98aa0d690e6f260a654a3be833d257e/element/c1ed73fe-8f3f-46e9-8404-b06059fe6a57/name HTTP/1.1
User-Agent: selenium/4.7.1 (java windows)
Cache-Control: no-cache
Content-Type: application/json; charset=utf-8
host: localhost:26055
accept: */*

Response DefaultHttpResponse(decodeResult: success, version: HTTP/1.1)
HTTP/1.1 200 OK
Content-Type: application/json; charset=utf-8
cache-control: no-cache
content-length: 18

10:03:24.226 [AsyncHttpClient-1-16] DEBUG org.asynchttpclient.netty.channel.ChannelManager - Adding key: http://localhost:26055 for channel [id: 0x6cba7a08, L:/127.0.0.1:50149 - R:localhost/127.0.0.1:26055]
10:03:24.228 [Forwarding getElementTagName on session b98aa0d690e6f260a654a3be833d257e to remote] DEBUG org.asynchttpclient.netty.request.NettyRequestSender - Using pooled Channel '[id: 0x6cba7a08, L:/127.0.0.1:50149 - R:localhost/127.0.0.1:26055]' for 'GET' to 'http://localhost:26055/session/b98aa0d690e6f260a654a3be833d257e/element/c1ed73fe-8f3f-46e9-8404-b06059fe6a57/name'
10:03:24.228 [Forwarding getElementTagName on session b98aa0d690e6f260a654a3be833d257e to remote] DEBUG org.asynchttpclient.netty.request.NettyRequestSender - Using open Channel [id: 0x6cba7a08, L:/127.0.0.1:50149 - R:localhost/127.0.0.1:26055] for GET '/session/b98aa0d690e6f260a654a3be833d257e/element/c1ed73fe-8f3f-46e9-8404-b06059fe6a57/name'
10:03:24.234 [AsyncHttpClient-1-16] DEBUG org.asynchttpclient.netty.handler.HttpHandler - 

Request DefaultFullHttpRequest(decodeResult: success, version: HTTP/1.1, content: EmptyByteBufBE)
GET /session/b98aa0d690e6f260a654a3be833d257e/element/c1ed73fe-8f3f-46e9-8404-b06059fe6a57/name HTTP/1.1
User-Agent: selenium/4.7.1 (java windows)
Cache-Control: no-cache
Content-Type: application/json; charset=utf-8
host: localhost:26055
accept: */*

Response DefaultHttpResponse(decodeResult: success, version: HTTP/1.1)
HTTP/1.1 200 OK
Content-Type: application/json; charset=utf-8
cache-control: no-cache
content-length: 18

10:03:24.234 [AsyncHttpClient-1-16] DEBUG org.asynchttpclient.netty.channel.ChannelManager - Adding key: http://localhost:26055 for channel [id: 0x6cba7a08, L:/127.0.0.1:50149 - R:localhost/127.0.0.1:26055]
10:03:24.236 [Forwarding isElementEnabled on session b98aa0d690e6f260a654a3be833d257e to remote] DEBUG org.asynchttpclient.netty.request.NettyRequestSender - Using pooled Channel '[id: 0x6cba7a08, L:/127.0.0.1:50149 - R:localhost/127.0.0.1:26055]' for 'GET' to 'http://localhost:26055/session/b98aa0d690e6f260a654a3be833d257e/element/c1ed73fe-8f3f-46e9-8404-b06059fe6a57/enabled'
10:03:24.236 [Forwarding isElementEnabled on session b98aa0d690e6f260a654a3be833d257e to remote] DEBUG org.asynchttpclient.netty.request.NettyRequestSender - Using open Channel [id: 0x6cba7a08, L:/127.0.0.1:50149 - R:localhost/127.0.0.1:26055] for GET '/session/b98aa0d690e6f260a654a3be833d257e/element/c1ed73fe-8f3f-46e9-8404-b06059fe6a57/enabled'
10:03:24.248 [AsyncHttpClient-1-16] DEBUG org.asynchttpclient.netty.handler.HttpHandler - 

Request DefaultFullHttpRequest(decodeResult: success, version: HTTP/1.1, content: EmptyByteBufBE)
GET /session/b98aa0d690e6f260a654a3be833d257e/element/c1ed73fe-8f3f-46e9-8404-b06059fe6a57/enabled HTTP/1.1
User-Agent: selenium/4.7.1 (java windows)
Cache-Control: no-cache
Content-Type: application/json; charset=utf-8
host: localhost:26055
accept: */*

Response DefaultHttpResponse(decodeResult: success, version: HTTP/1.1)
HTTP/1.1 200 OK
Content-Type: application/json; charset=utf-8
cache-control: no-cache
content-length: 14

10:03:24.248 [AsyncHttpClient-1-16] DEBUG org.asynchttpclient.netty.channel.ChannelManager - Adding key: http://localhost:26055 for channel [id: 0x6cba7a08, L:/127.0.0.1:50149 - R:localhost/127.0.0.1:26055]
10:03:24.249 [Forwarding isElementEnabled on session b98aa0d690e6f260a654a3be833d257e to remote] DEBUG org.asynchttpclient.netty.request.NettyRequestSender - Using pooled Channel '[id: 0x6cba7a08, L:/127.0.0.1:50149 - R:localhost/127.0.0.1:26055]' for 'GET' to 'http://localhost:26055/session/b98aa0d690e6f260a654a3be833d257e/element/c1ed73fe-8f3f-46e9-8404-b06059fe6a57/enabled'
10:03:24.250 [Forwarding isElementEnabled on session b98aa0d690e6f260a654a3be833d257e to remote] DEBUG org.asynchttpclient.netty.request.NettyRequestSender - Using open Channel [id: 0x6cba7a08, L:/127.0.0.1:50149 - R:localhost/127.0.0.1:26055] for GET '/session/b98aa0d690e6f260a654a3be833d257e/element/c1ed73fe-8f3f-46e9-8404-b06059fe6a57/enabled'
10:03:24.261 [AsyncHttpClient-1-16] DEBUG org.asynchttpclient.netty.handler.HttpHandler - 

Request DefaultFullHttpRequest(decodeResult: success, version: HTTP/1.1, content: EmptyByteBufBE)
GET /session/b98aa0d690e6f260a654a3be833d257e/element/c1ed73fe-8f3f-46e9-8404-b06059fe6a57/enabled HTTP/1.1
User-Agent: selenium/4.7.1 (java windows)
Cache-Control: no-cache
Content-Type: application/json; charset=utf-8
host: localhost:26055
accept: */*

Response DefaultHttpResponse(decodeResult: success, version: HTTP/1.1)
HTTP/1.1 200 OK
Content-Type: application/json; charset=utf-8
cache-control: no-cache
content-length: 14

10:03:24.261 [AsyncHttpClient-1-16] DEBUG org.asynchttpclient.netty.channel.ChannelManager - Adding key: http://localhost:26055 for channel [id: 0x6cba7a08, L:/127.0.0.1:50149 - R:localhost/127.0.0.1:26055]
10:03:24.263 [Forwarding findElement on session b98aa0d690e6f260a654a3be833d257e to remote] DEBUG org.asynchttpclient.netty.request.NettyRequestSender - Using pooled Channel '[id: 0x6cba7a08, L:/127.0.0.1:50149 - R:localhost/127.0.0.1:26055]' for 'POST' to 'http://localhost:26055/session/b98aa0d690e6f260a654a3be833d257e/element'
10:03:24.264 [Forwarding findElement on session b98aa0d690e6f260a654a3be833d257e to remote] DEBUG org.asynchttpclient.netty.request.NettyRequestSender - Using open Channel [id: 0x6cba7a08, L:/127.0.0.1:50149 - R:localhost/127.0.0.1:26055] for POST '/session/b98aa0d690e6f260a654a3be833d257e/element'
10:03:24.286 [AsyncHttpClient-1-16] DEBUG org.asynchttpclient.netty.handler.HttpHandler - 

Request DefaultHttpRequest(decodeResult: success, version: HTTP/1.1)
POST /session/b98aa0d690e6f260a654a3be833d257e/element HTTP/1.1
User-Agent: selenium/4.7.1 (java windows)
Content-Length: 108
Content-Type: application/json; charset=utf-8
host: localhost:26055
accept: */*

Response DefaultHttpResponse(decodeResult: success, version: HTTP/1.1)
HTTP/1.1 200 OK
Content-Type: application/json; charset=utf-8
cache-control: no-cache
content-length: 88

10:03:24.286 [AsyncHttpClient-1-16] DEBUG org.asynchttpclient.netty.channel.ChannelManager - Adding key: http://localhost:26055 for channel [id: 0x6cba7a08, L:/127.0.0.1:50149 - R:localhost/127.0.0.1:26055]
10:03:24.288 [Forwarding clickElement on session b98aa0d690e6f260a654a3be833d257e to remote] DEBUG org.asynchttpclient.netty.request.NettyRequestSender - Using pooled Channel '[id: 0x6cba7a08, L:/127.0.0.1:50149 - R:localhost/127.0.0.1:26055]' for 'POST' to 'http://localhost:26055/session/b98aa0d690e6f260a654a3be833d257e/element/c1ed73fe-8f3f-46e9-8404-b06059fe6a57/click'
10:03:24.288 [Forwarding clickElement on session b98aa0d690e6f260a654a3be833d257e to remote] DEBUG org.asynchttpclient.netty.request.NettyRequestSender - Using open Channel [id: 0x6cba7a08, L:/127.0.0.1:50149 - R:localhost/127.0.0.1:26055] for POST '/session/b98aa0d690e6f260a654a3be833d257e/element/c1ed73fe-8f3f-46e9-8404-b06059fe6a57/click'
10:03:24.382 [AsyncHttpClient-1-16] DEBUG org.asynchttpclient.netty.handler.HttpHandler - 

Request DefaultHttpRequest(decodeResult: success, version: HTTP/1.1)
POST /session/b98aa0d690e6f260a654a3be833d257e/element/c1ed73fe-8f3f-46e9-8404-b06059fe6a57/click HTTP/1.1
User-Agent: selenium/4.7.1 (java windows)
Content-Length: 50
Content-Type: application/json; charset=utf-8
host: localhost:26055
accept: */*

Response DefaultHttpResponse(decodeResult: success, version: HTTP/1.1)
HTTP/1.1 200 OK
Content-Type: application/json; charset=utf-8
cache-control: no-cache
content-length: 14

10:03:24.383 [AsyncHttpClient-1-16] DEBUG org.asynchttpclient.netty.channel.ChannelManager - Adding key: http://localhost:26055 for channel [id: 0x6cba7a08, L:/127.0.0.1:50149 - R:localhost/127.0.0.1:26055]
10:03:24.395 [Forwarding getCurrentWindowHandle on session b98aa0d690e6f260a654a3be833d257e to remote] DEBUG org.asynchttpclient.netty.request.NettyRequestSender - Using pooled Channel '[id: 0x6cba7a08, L:/127.0.0.1:50149 - R:localhost/127.0.0.1:26055]' for 'GET' to 'http://localhost:26055/session/b98aa0d690e6f260a654a3be833d257e/window'
10:03:24.395 [Forwarding getCurrentWindowHandle on session b98aa0d690e6f260a654a3be833d257e to remote] DEBUG org.asynchttpclient.netty.request.NettyRequestSender - Using open Channel [id: 0x6cba7a08, L:/127.0.0.1:50149 - R:localhost/127.0.0.1:26055] for GET '/session/b98aa0d690e6f260a654a3be833d257e/window'
10:03:24.397 [AsyncHttpClient-1-16] DEBUG org.asynchttpclient.netty.handler.HttpHandler - 

Request DefaultFullHttpRequest(decodeResult: success, version: HTTP/1.1, content: EmptyByteBufBE)
GET /session/b98aa0d690e6f260a654a3be833d257e/window HTTP/1.1
User-Agent: selenium/4.7.1 (java windows)
Cache-Control: no-cache
Content-Type: application/json; charset=utf-8
host: localhost:26055
accept: */*

Response DefaultHttpResponse(decodeResult: success, version: HTTP/1.1)
HTTP/1.1 200 OK
Content-Type: application/json; charset=utf-8
cache-control: no-cache
content-length: 44

10:03:24.397 [AsyncHttpClient-1-16] DEBUG org.asynchttpclient.netty.channel.ChannelManager - Adding key: http://localhost:26055 for channel [id: 0x6cba7a08, L:/127.0.0.1:50149 - R:localhost/127.0.0.1:26055]
10:03:24.400 [Forwarding getAlertText on session b98aa0d690e6f260a654a3be833d257e to remote] DEBUG org.asynchttpclient.netty.request.NettyRequestSender - Using pooled Channel '[id: 0x6cba7a08, L:/127.0.0.1:50149 - R:localhost/127.0.0.1:26055]' for 'GET' to 'http://localhost:26055/session/b98aa0d690e6f260a654a3be833d257e/alert/text'
10:03:24.400 [Forwarding getAlertText on session b98aa0d690e6f260a654a3be833d257e to remote] DEBUG org.asynchttpclient.netty.request.NettyRequestSender - Using open Channel [id: 0x6cba7a08, L:/127.0.0.1:50149 - R:localhost/127.0.0.1:26055] for GET '/session/b98aa0d690e6f260a654a3be833d257e/alert/text'
10:03:24.465 [AsyncHttpClient-1-1] DEBUG org.asynchttpclient.netty.channel.DefaultChannelPool - Entry count for : http://localhost:50150 : 1
10:03:24.602 [AsyncHttpClient-1-16] DEBUG org.asynchttpclient.netty.handler.HttpHandler - 

Request DefaultFullHttpRequest(decodeResult: success, version: HTTP/1.1, content: EmptyByteBufBE)
GET /session/b98aa0d690e6f260a654a3be833d257e/alert/text HTTP/1.1
User-Agent: selenium/4.7.1 (java windows)
Cache-Control: no-cache
Content-Type: application/json; charset=utf-8
host: localhost:26055
accept: */*

Response DefaultHttpResponse(decodeResult: success, version: HTTP/1.1)
HTTP/1.1 404 Not Found
Content-Type: application/json; charset=utf-8
cache-control: no-cache
content-length: 821

10:03:24.602 [AsyncHttpClient-1-16] DEBUG org.asynchttpclient.netty.channel.ChannelManager - Adding key: http://localhost:26055 for channel [id: 0x6cba7a08, L:/127.0.0.1:50149 - R:localhost/127.0.0.1:26055]
10:03:24.604 [Forwarding switchToWindow on session b98aa0d690e6f260a654a3be833d257e to remote] DEBUG org.asynchttpclient.netty.request.NettyRequestSender - Using pooled Channel '[id: 0x6cba7a08, L:/127.0.0.1:50149 - R:localhost/127.0.0.1:26055]' for 'POST' to 'http://localhost:26055/session/b98aa0d690e6f260a654a3be833d257e/window'
10:03:24.604 [Forwarding switchToWindow on session b98aa0d690e6f260a654a3be833d257e to remote] DEBUG org.asynchttpclient.netty.request.NettyRequestSender - Using open Channel [id: 0x6cba7a08, L:/127.0.0.1:50149 - R:localhost/127.0.0.1:26055] for POST '/session/b98aa0d690e6f260a654a3be833d257e/window'
10:03:24.608 [AsyncHttpClient-1-16] DEBUG org.asynchttpclient.netty.handler.HttpHandler - 

Request DefaultHttpRequest(decodeResult: success, version: HTTP/1.1)
POST /session/b98aa0d690e6f260a654a3be833d257e/window HTTP/1.1
User-Agent: selenium/4.7.1 (java windows)
Content-Length: 50
Content-Type: application/json; charset=utf-8
host: localhost:26055
accept: */*

Response DefaultHttpResponse(decodeResult: success, version: HTTP/1.1)
HTTP/1.1 200 OK
Content-Type: application/json; charset=utf-8
cache-control: no-cache
content-length: 14

10:03:24.608 [AsyncHttpClient-1-16] DEBUG org.asynchttpclient.netty.channel.ChannelManager - Adding key: http://localhost:26055 for channel [id: 0x6cba7a08, L:/127.0.0.1:50149 - R:localhost/127.0.0.1:26055]
10:03:24.609 [Forwarding getCurrentUrl on session b98aa0d690e6f260a654a3be833d257e to remote] DEBUG org.asynchttpclient.netty.request.NettyRequestSender - Using pooled Channel '[id: 0x6cba7a08, L:/127.0.0.1:50149 - R:localhost/127.0.0.1:26055]' for 'GET' to 'http://localhost:26055/session/b98aa0d690e6f260a654a3be833d257e/url'
10:03:24.609 [Forwarding getCurrentUrl on session b98aa0d690e6f260a654a3be833d257e to remote] DEBUG org.asynchttpclient.netty.request.NettyRequestSender - Using open Channel [id: 0x6cba7a08, L:/127.0.0.1:50149 - R:localhost/127.0.0.1:26055] for GET '/session/b98aa0d690e6f260a654a3be833d257e/url'
10:03:24.619 [AsyncHttpClient-1-16] DEBUG org.asynchttpclient.netty.handler.HttpHandler - 

Request DefaultFullHttpRequest(decodeResult: success, version: HTTP/1.1, content: EmptyByteBufBE)
GET /session/b98aa0d690e6f260a654a3be833d257e/url HTTP/1.1
User-Agent: selenium/4.7.1 (java windows)
Cache-Control: no-cache
Content-Type: application/json; charset=utf-8
host: localhost:26055
accept: */*

Response DefaultHttpResponse(decodeResult: success, version: HTTP/1.1)
HTTP/1.1 200 OK
Content-Type: application/json; charset=utf-8
cache-control: no-cache
content-length: 51

10:03:24.620 [AsyncHttpClient-1-16] DEBUG org.asynchttpclient.netty.channel.ChannelManager - Adding key: http://localhost:26055 for channel [id: 0x6cba7a08, L:/127.0.0.1:50149 - R:localhost/127.0.0.1:26055]
10:03:24.621 [Forwarding screenshot on session b98aa0d690e6f260a654a3be833d257e to remote] DEBUG org.asynchttpclient.netty.request.NettyRequestSender - Using pooled Channel '[id: 0x6cba7a08, L:/127.0.0.1:50149 - R:localhost/127.0.0.1:26055]' for 'GET' to 'http://localhost:26055/session/b98aa0d690e6f260a654a3be833d257e/screenshot'
10:03:24.621 [Forwarding screenshot on session b98aa0d690e6f260a654a3be833d257e to remote] DEBUG org.asynchttpclient.netty.request.NettyRequestSender - Using open Channel [id: 0x6cba7a08, L:/127.0.0.1:50149 - R:localhost/127.0.0.1:26055] for GET '/session/b98aa0d690e6f260a654a3be833d257e/screenshot'
10:03:24.794 [AsyncHttpClient-1-16] DEBUG org.asynchttpclient.netty.handler.HttpHandler - 

Request DefaultFullHttpRequest(decodeResult: success, version: HTTP/1.1, content: EmptyByteBufBE)
GET /session/b98aa0d690e6f260a654a3be833d257e/screenshot HTTP/1.1
User-Agent: selenium/4.7.1 (java windows)
Cache-Control: no-cache
Content-Type: application/json; charset=utf-8
host: localhost:26055
accept: */*

Response DefaultHttpResponse(decodeResult: success, version: HTTP/1.1)
HTTP/1.1 200 OK
Content-Type: application/json; charset=utf-8
cache-control: no-cache
content-length: 26172

10:03:24.794 [AsyncHttpClient-1-16] DEBUG org.asynchttpclient.netty.channel.ChannelManager - Adding key: http://localhost:26055 for channel [id: 0x6cba7a08, L:/127.0.0.1:50149 - R:localhost/127.0.0.1:26055]
10:03:24.796 [main] DEBUG net.serenitybdd.core.photography.Darkroom - Send negative for processing for target\site\serenity\f035198f28bcaf95684f4b1a3b9e5d031fc0873bb044f55c4913aef571773aa0.png
10:03:24.796 [main] DEBUG net.thucydides.core.steps.StepInterceptor - STEP DONE: klikButtonLogin
  &amp#27;[32mWhen &amp#27;[0m&amp#27;[32muser klik button login&amp#27;[0m                                     &amp#27;[90m# starter.stepdefinitions.LoginRegisterSteps.userKlikButtonLogin()&amp#27;[0m
10:03:24.817 [main] DEBUG net.thucydides.core.steps.StepInterceptor - STARTING STEP: RegisterSteps.userKlikRegister - klikLinkRegister
10:03:24.820 [Forwarding findElement on session b98aa0d690e6f260a654a3be833d257e to remote] DEBUG org.asynchttpclient.netty.request.NettyRequestSender - Using pooled Channel '[id: 0x6cba7a08, L:/127.0.0.1:50149 - R:localhost/127.0.0.1:26055]' for 'POST' to 'http://localhost:26055/session/b98aa0d690e6f260a654a3be833d257e/element'
10:03:24.820 [Forwarding findElement on session b98aa0d690e6f260a654a3be833d257e to remote] DEBUG org.asynchttpclient.netty.request.NettyRequestSender - Using open Channel [id: 0x6cba7a08, L:/127.0.0.1:50149 - R:localhost/127.0.0.1:26055] for POST '/session/b98aa0d690e6f260a654a3be833d257e/element'
10:03:24.837 [AsyncHttpClient-1-16] DEBUG org.asynchttpclient.netty.handler.HttpHandler - 

Request DefaultHttpRequest(decodeResult: success, version: HTTP/1.1)
POST /session/b98aa0d690e6f260a654a3be833d257e/element HTTP/1.1
User-Agent: selenium/4.7.1 (java windows)
Content-Length: 84
Content-Type: application/json; charset=utf-8
host: localhost:26055
accept: */*

Response DefaultHttpResponse(decodeResult: success, version: HTTP/1.1)
HTTP/1.1 200 OK
Content-Type: application/json; charset=utf-8
cache-control: no-cache
content-length: 88

10:03:24.838 [AsyncHttpClient-1-16] DEBUG org.asynchttpclient.netty.channel.ChannelManager - Adding key: http://localhost:26055 for channel [id: 0x6cba7a08, L:/127.0.0.1:50149 - R:localhost/127.0.0.1:26055]
10:03:24.840 [Forwarding getElementTagName on session b98aa0d690e6f260a654a3be833d257e to remote] DEBUG org.asynchttpclient.netty.request.NettyRequestSender - Using pooled Channel '[id: 0x6cba7a08, L:/127.0.0.1:50149 - R:localhost/127.0.0.1:26055]' for 'GET' to 'http://localhost:26055/session/b98aa0d690e6f260a654a3be833d257e/element/a1dd9e79-6e56-4b57-b33e-2618554bfba1/name'
10:03:24.840 [Forwarding getElementTagName on session b98aa0d690e6f260a654a3be833d257e to remote] DEBUG org.asynchttpclient.netty.request.NettyRequestSender - Using open Channel [id: 0x6cba7a08, L:/127.0.0.1:50149 - R:localhost/127.0.0.1:26055] for GET '/session/b98aa0d690e6f260a654a3be833d257e/element/a1dd9e79-6e56-4b57-b33e-2618554bfba1/name'
10:03:24.847 [AsyncHttpClient-1-16] DEBUG org.asynchttpclient.netty.handler.HttpHandler - 

Request DefaultFullHttpRequest(decodeResult: success, version: HTTP/1.1, content: EmptyByteBufBE)
GET /session/b98aa0d690e6f260a654a3be833d257e/element/a1dd9e79-6e56-4b57-b33e-2618554bfba1/name HTTP/1.1
User-Agent: selenium/4.7.1 (java windows)
Cache-Control: no-cache
Content-Type: application/json; charset=utf-8
host: localhost:26055
accept: */*

Response DefaultHttpResponse(decodeResult: success, version: HTTP/1.1)
HTTP/1.1 200 OK
Content-Type: application/json; charset=utf-8
cache-control: no-cache
content-length: 13

10:03:24.848 [AsyncHttpClient-1-16] DEBUG org.asynchttpclient.netty.channel.ChannelManager - Adding key: http://localhost:26055 for channel [id: 0x6cba7a08, L:/127.0.0.1:50149 - R:localhost/127.0.0.1:26055]
10:03:24.849 [Forwarding getElementTagName on session b98aa0d690e6f260a654a3be833d257e to remote] DEBUG org.asynchttpclient.netty.request.NettyRequestSender - Using pooled Channel '[id: 0x6cba7a08, L:/127.0.0.1:50149 - R:localhost/127.0.0.1:26055]' for 'GET' to 'http://localhost:26055/session/b98aa0d690e6f260a654a3be833d257e/element/a1dd9e79-6e56-4b57-b33e-2618554bfba1/name'
10:03:24.849 [Forwarding getElementTagName on session b98aa0d690e6f260a654a3be833d257e to remote] DEBUG org.asynchttpclient.netty.request.NettyRequestSender - Using open Channel [id: 0x6cba7a08, L:/127.0.0.1:50149 - R:localhost/127.0.0.1:26055] for GET '/session/b98aa0d690e6f260a654a3be833d257e/element/a1dd9e79-6e56-4b57-b33e-2618554bfba1/name'
10:03:24.856 [AsyncHttpClient-1-16] DEBUG org.asynchttpclient.netty.handler.HttpHandler - 

Request DefaultFullHttpRequest(decodeResult: success, version: HTTP/1.1, content: EmptyByteBufBE)
GET /session/b98aa0d690e6f260a654a3be833d257e/element/a1dd9e79-6e56-4b57-b33e-2618554bfba1/name HTTP/1.1
User-Agent: selenium/4.7.1 (java windows)
Cache-Control: no-cache
Content-Type: application/json; charset=utf-8
host: localhost:26055
accept: */*

Response DefaultHttpResponse(decodeResult: success, version: HTTP/1.1)
HTTP/1.1 200 OK
Content-Type: application/json; charset=utf-8
cache-control: no-cache
content-length: 13

10:03:24.856 [AsyncHttpClient-1-16] DEBUG org.asynchttpclient.netty.channel.ChannelManager - Adding key: http://localhost:26055 for channel [id: 0x6cba7a08, L:/127.0.0.1:50149 - R:localhost/127.0.0.1:26055]
10:03:24.858 [Forwarding findElement on session b98aa0d690e6f260a654a3be833d257e to remote] DEBUG org.asynchttpclient.netty.request.NettyRequestSender - Using pooled Channel '[id: 0x6cba7a08, L:/127.0.0.1:50149 - R:localhost/127.0.0.1:26055]' for 'POST' to 'http://localhost:26055/session/b98aa0d690e6f260a654a3be833d257e/element'
10:03:24.858 [Forwarding findElement on session b98aa0d690e6f260a654a3be833d257e to remote] DEBUG org.asynchttpclient.netty.request.NettyRequestSender - Using open Channel [id: 0x6cba7a08, L:/127.0.0.1:50149 - R:localhost/127.0.0.1:26055] for POST '/session/b98aa0d690e6f260a654a3be833d257e/element'
10:03:24.872 [AsyncHttpClient-1-16] DEBUG org.asynchttpclient.netty.handler.HttpHandler - 

Request DefaultHttpRequest(decodeResult: success, version: HTTP/1.1)
POST /session/b98aa0d690e6f260a654a3be833d257e/element HTTP/1.1
User-Agent: selenium/4.7.1 (java windows)
Content-Length: 84
Content-Type: application/json; charset=utf-8
host: localhost:26055
accept: */*

Response DefaultHttpResponse(decodeResult: success, version: HTTP/1.1)
HTTP/1.1 200 OK
Content-Type: application/json; charset=utf-8
cache-control: no-cache
content-length: 88

10:03:24.872 [AsyncHttpClient-1-16] DEBUG org.asynchttpclient.netty.channel.ChannelManager - Adding key: http://localhost:26055 for channel [id: 0x6cba7a08, L:/127.0.0.1:50149 - R:localhost/127.0.0.1:26055]
10:03:24.873 [Forwarding clickElement on session b98aa0d690e6f260a654a3be833d257e to remote] DEBUG org.asynchttpclient.netty.request.NettyRequestSender - Using pooled Channel '[id: 0x6cba7a08, L:/127.0.0.1:50149 - R:localhost/127.0.0.1:26055]' for 'POST' to 'http://localhost:26055/session/b98aa0d690e6f260a654a3be833d257e/element/a1dd9e79-6e56-4b57-b33e-2618554bfba1/click'
10:03:24.873 [Forwarding clickElement on session b98aa0d690e6f260a654a3be833d257e to remote] DEBUG org.asynchttpclient.netty.request.NettyRequestSender - Using open Channel [id: 0x6cba7a08, L:/127.0.0.1:50149 - R:localhost/127.0.0.1:26055] for POST '/session/b98aa0d690e6f260a654a3be833d257e/element/a1dd9e79-6e56-4b57-b33e-2618554bfba1/click'
10:03:24.937 [AsyncHttpClient-1-16] DEBUG org.asynchttpclient.netty.handler.HttpHandler - 

Request DefaultHttpRequest(decodeResult: success, version: HTTP/1.1)
POST /session/b98aa0d690e6f260a654a3be833d257e/element/a1dd9e79-6e56-4b57-b33e-2618554bfba1/click HTTP/1.1
User-Agent: selenium/4.7.1 (java windows)
Content-Length: 50
Content-Type: application/json; charset=utf-8
host: localhost:26055
accept: */*

Response DefaultHttpResponse(decodeResult: success, version: HTTP/1.1)
HTTP/1.1 200 OK
Content-Type: application/json; charset=utf-8
cache-control: no-cache
content-length: 14

10:03:24.937 [AsyncHttpClient-1-16] DEBUG org.asynchttpclient.netty.channel.ChannelManager - Adding key: http://localhost:26055 for channel [id: 0x6cba7a08, L:/127.0.0.1:50149 - R:localhost/127.0.0.1:26055]
10:03:24.952 [Forwarding getCurrentWindowHandle on session b98aa0d690e6f260a654a3be833d257e to remote] DEBUG org.asynchttpclient.netty.request.NettyRequestSender - Using pooled Channel '[id: 0x6cba7a08, L:/127.0.0.1:50149 - R:localhost/127.0.0.1:26055]' for 'GET' to 'http://localhost:26055/session/b98aa0d690e6f260a654a3be833d257e/window'
10:03:24.952 [Forwarding getCurrentWindowHandle on session b98aa0d690e6f260a654a3be833d257e to remote] DEBUG org.asynchttpclient.netty.request.NettyRequestSender - Using open Channel [id: 0x6cba7a08, L:/127.0.0.1:50149 - R:localhost/127.0.0.1:26055] for GET '/session/b98aa0d690e6f260a654a3be833d257e/window'
10:03:24.954 [AsyncHttpClient-1-16] DEBUG org.asynchttpclient.netty.handler.HttpHandler - 

Request DefaultFullHttpRequest(decodeResult: success, version: HTTP/1.1, content: EmptyByteBufBE)
GET /session/b98aa0d690e6f260a654a3be833d257e/window HTTP/1.1
User-Agent: selenium/4.7.1 (java windows)
Cache-Control: no-cache
Content-Type: application/json; charset=utf-8
host: localhost:26055
accept: */*

Response DefaultHttpResponse(decodeResult: success, version: HTTP/1.1)
HTTP/1.1 200 OK
Content-Type: application/json; charset=utf-8
cache-control: no-cache
content-length: 44

10:03:24.955 [AsyncHttpClient-1-16] DEBUG org.asynchttpclient.netty.channel.ChannelManager - Adding key: http://localhost:26055 for channel [id: 0x6cba7a08, L:/127.0.0.1:50149 - R:localhost/127.0.0.1:26055]
10:03:24.957 [Forwarding getAlertText on session b98aa0d690e6f260a654a3be833d257e to remote] DEBUG org.asynchttpclient.netty.request.NettyRequestSender - Using pooled Channel '[id: 0x6cba7a08, L:/127.0.0.1:50149 - R:localhost/127.0.0.1:26055]' for 'GET' to 'http://localhost:26055/session/b98aa0d690e6f260a654a3be833d257e/alert/text'
10:03:24.958 [Forwarding getAlertText on session b98aa0d690e6f260a654a3be833d257e to remote] DEBUG org.asynchttpclient.netty.request.NettyRequestSender - Using open Channel [id: 0x6cba7a08, L:/127.0.0.1:50149 - R:localhost/127.0.0.1:26055] for GET '/session/b98aa0d690e6f260a654a3be833d257e/alert/text'
10:03:24.972 [AsyncHttpClient-1-16] DEBUG org.asynchttpclient.netty.handler.HttpHandler - 

Request DefaultFullHttpRequest(decodeResult: success, version: HTTP/1.1, content: EmptyByteBufBE)
GET /session/b98aa0d690e6f260a654a3be833d257e/alert/text HTTP/1.1
User-Agent: selenium/4.7.1 (java windows)
Cache-Control: no-cache
Content-Type: application/json; charset=utf-8
host: localhost:26055
accept: */*

Response DefaultHttpResponse(decodeResult: success, version: HTTP/1.1)
HTTP/1.1 404 Not Found
Content-Type: application/json; charset=utf-8
cache-control: no-cache
content-length: 821

10:03:24.972 [AsyncHttpClient-1-16] DEBUG org.asynchttpclient.netty.channel.ChannelManager - Adding key: http://localhost:26055 for channel [id: 0x6cba7a08, L:/127.0.0.1:50149 - R:localhost/127.0.0.1:26055]
10:03:24.977 [Forwarding switchToWindow on session b98aa0d690e6f260a654a3be833d257e to remote] DEBUG org.asynchttpclient.netty.request.NettyRequestSender - Using pooled Channel '[id: 0x6cba7a08, L:/127.0.0.1:50149 - R:localhost/127.0.0.1:26055]' for 'POST' to 'http://localhost:26055/session/b98aa0d690e6f260a654a3be833d257e/window'
10:03:24.977 [Forwarding switchToWindow on session b98aa0d690e6f260a654a3be833d257e to remote] DEBUG org.asynchttpclient.netty.request.NettyRequestSender - Using open Channel [id: 0x6cba7a08, L:/127.0.0.1:50149 - R:localhost/127.0.0.1:26055] for POST '/session/b98aa0d690e6f260a654a3be833d257e/window'
10:03:24.982 [AsyncHttpClient-1-16] DEBUG org.asynchttpclient.netty.handler.HttpHandler - 

Request DefaultHttpRequest(decodeResult: success, version: HTTP/1.1)
POST /session/b98aa0d690e6f260a654a3be833d257e/window HTTP/1.1
User-Agent: selenium/4.7.1 (java windows)
Content-Length: 50
Content-Type: application/json; charset=utf-8
host: localhost:26055
accept: */*

Response DefaultHttpResponse(decodeResult: success, version: HTTP/1.1)
HTTP/1.1 200 OK
Content-Type: application/json; charset=utf-8
cache-control: no-cache
content-length: 14

10:03:24.982 [AsyncHttpClient-1-16] DEBUG org.asynchttpclient.netty.channel.ChannelManager - Adding key: http://localhost:26055 for channel [id: 0x6cba7a08, L:/127.0.0.1:50149 - R:localhost/127.0.0.1:26055]
10:03:24.984 [Forwarding getCurrentUrl on session b98aa0d690e6f260a654a3be833d257e to remote] DEBUG org.asynchttpclient.netty.request.NettyRequestSender - Using pooled Channel '[id: 0x6cba7a08, L:/127.0.0.1:50149 - R:localhost/127.0.0.1:26055]' for 'GET' to 'http://localhost:26055/session/b98aa0d690e6f260a654a3be833d257e/url'
10:03:24.984 [Forwarding getCurrentUrl on session b98aa0d690e6f260a654a3be833d257e to remote] DEBUG org.asynchttpclient.netty.request.NettyRequestSender - Using open Channel [id: 0x6cba7a08, L:/127.0.0.1:50149 - R:localhost/127.0.0.1:26055] for GET '/session/b98aa0d690e6f260a654a3be833d257e/url'
10:03:24.994 [AsyncHttpClient-1-16] DEBUG org.asynchttpclient.netty.handler.HttpHandler - 

Request DefaultFullHttpRequest(decodeResult: success, version: HTTP/1.1, content: EmptyByteBufBE)
GET /session/b98aa0d690e6f260a654a3be833d257e/url HTTP/1.1
User-Agent: selenium/4.7.1 (java windows)
Cache-Control: no-cache
Content-Type: application/json; charset=utf-8
host: localhost:26055
accept: */*

Response DefaultHttpResponse(decodeResult: success, version: HTTP/1.1)
HTTP/1.1 200 OK
Content-Type: application/json; charset=utf-8
cache-control: no-cache
content-length: 54

10:03:24.995 [AsyncHttpClient-1-16] DEBUG org.asynchttpclient.netty.channel.ChannelManager - Adding key: http://localhost:26055 for channel [id: 0x6cba7a08, L:/127.0.0.1:50149 - R:localhost/127.0.0.1:26055]
10:03:24.996 [Forwarding screenshot on session b98aa0d690e6f260a654a3be833d257e to remote] DEBUG org.asynchttpclient.netty.request.NettyRequestSender - Using pooled Channel '[id: 0x6cba7a08, L:/127.0.0.1:50149 - R:localhost/127.0.0.1:26055]' for 'GET' to 'http://localhost:26055/session/b98aa0d690e6f260a654a3be833d257e/screenshot'
10:03:24.996 [Forwarding screenshot on session b98aa0d690e6f260a654a3be833d257e to remote] DEBUG org.asynchttpclient.netty.request.NettyRequestSender - Using open Channel [id: 0x6cba7a08, L:/127.0.0.1:50149 - R:localhost/127.0.0.1:26055] for GET '/session/b98aa0d690e6f260a654a3be833d257e/screenshot'
10:03:25.177 [AsyncHttpClient-1-16] DEBUG org.asynchttpclient.netty.handler.HttpHandler - 

Request DefaultFullHttpRequest(decodeResult: success, version: HTTP/1.1, content: EmptyByteBufBE)
GET /session/b98aa0d690e6f260a654a3be833d257e/screenshot HTTP/1.1
User-Agent: selenium/4.7.1 (java windows)
Cache-Control: no-cache
Content-Type: application/json; charset=utf-8
host: localhost:26055
accept: */*

Response DefaultHttpResponse(decodeResult: success, version: HTTP/1.1)
HTTP/1.1 200 OK
Content-Type: application/json; charset=utf-8
cache-control: no-cache
content-length: 30388

10:03:25.177 [AsyncHttpClient-1-16] DEBUG org.asynchttpclient.netty.channel.ChannelManager - Adding key: http://localhost:26055 for channel [id: 0x6cba7a08, L:/127.0.0.1:50149 - R:localhost/127.0.0.1:26055]
10:03:25.179 [main] DEBUG net.serenitybdd.core.photography.Darkroom - Send negative for processing for target\site\serenity\e7f7377a79f5e1159110c5c4b7f4ed9c350aeebd89ee330c98d58c0bf9a08570.png
10:03:25.180 [main] DEBUG net.thucydides.core.steps.StepInterceptor - STEP DONE: klikLinkRegister
  &amp#27;[32mThen &amp#27;[0m&amp#27;[32muser klik register&amp#27;[0m                                         &amp#27;[90m# starter.stepdefinitions.RegisterSteps.userKlikRegister()&amp#27;[0m
10:03:25.180 [Darkroom Processing Line] DEBUG net.serenitybdd.core.photography.DarkroomProcessingLine - Processing screenshot image in /var/screenshots/screenshot-7578498027264089927
10:03:25.180 [Darkroom Processing Line] DEBUG net.serenitybdd.core.photography.DarkroomProcessingLine - Saving screenshot to target\site\serenity\e7f7377a79f5e1159110c5c4b7f4ed9c350aeebd89ee330c98d58c0bf9a08570.png
10:03:25.198 [main] DEBUG net.thucydides.core.steps.StepInterceptor - STARTING STEP: RegisterSteps.userInputNamaLengkap - inputNamaLengkap
10:03:25.201 [Forwarding findElement on session b98aa0d690e6f260a654a3be833d257e to remote] DEBUG org.asynchttpclient.netty.request.NettyRequestSender - Using pooled Channel '[id: 0x6cba7a08, L:/127.0.0.1:50149 - R:localhost/127.0.0.1:26055]' for 'POST' to 'http://localhost:26055/session/b98aa0d690e6f260a654a3be833d257e/element'
10:03:25.201 [Forwarding findElement on session b98aa0d690e6f260a654a3be833d257e to remote] DEBUG org.asynchttpclient.netty.request.NettyRequestSender - Using open Channel [id: 0x6cba7a08, L:/127.0.0.1:50149 - R:localhost/127.0.0.1:26055] for POST '/session/b98aa0d690e6f260a654a3be833d257e/element'
10:03:25.218 [AsyncHttpClient-1-16] DEBUG org.asynchttpclient.netty.handler.HttpHandler - 

Request DefaultHttpRequest(decodeResult: success, version: HTTP/1.1)
POST /session/b98aa0d690e6f260a654a3be833d257e/element HTTP/1.1
User-Agent: selenium/4.7.1 (java windows)
Content-Length: 187
Content-Type: application/json; charset=utf-8
host: localhost:26055
accept: */*

Response DefaultHttpResponse(decodeResult: success, version: HTTP/1.1)
HTTP/1.1 200 OK
Content-Type: application/json; charset=utf-8
cache-control: no-cache
content-length: 88

10:03:25.218 [AsyncHttpClient-1-16] DEBUG org.asynchttpclient.netty.channel.ChannelManager - Adding key: http://localhost:26055 for channel [id: 0x6cba7a08, L:/127.0.0.1:50149 - R:localhost/127.0.0.1:26055]
10:03:25.220 [Forwarding clearElement on session b98aa0d690e6f260a654a3be833d257e to remote] DEBUG org.asynchttpclient.netty.request.NettyRequestSender - Using pooled Channel '[id: 0x6cba7a08, L:/127.0.0.1:50149 - R:localhost/127.0.0.1:26055]' for 'POST' to 'http://localhost:26055/session/b98aa0d690e6f260a654a3be833d257e/element/30c0bdfd-2621-4538-ae31-afe11d59d356/clear'
10:03:25.220 [Forwarding clearElement on session b98aa0d690e6f260a654a3be833d257e to remote] DEBUG org.asynchttpclient.netty.request.NettyRequestSender - Using open Channel [id: 0x6cba7a08, L:/127.0.0.1:50149 - R:localhost/127.0.0.1:26055] for POST '/session/b98aa0d690e6f260a654a3be833d257e/element/30c0bdfd-2621-4538-ae31-afe11d59d356/clear'
10:03:25.279 [AsyncHttpClient-1-16] DEBUG org.asynchttpclient.netty.handler.HttpHandler - 

Request DefaultHttpRequest(decodeResult: success, version: HTTP/1.1)
POST /session/b98aa0d690e6f260a654a3be833d257e/element/30c0bdfd-2621-4538-ae31-afe11d59d356/clear HTTP/1.1
User-Agent: selenium/4.7.1 (java windows)
Content-Length: 50
Content-Type: application/json; charset=utf-8
host: localhost:26055
accept: */*

Response DefaultHttpResponse(decodeResult: success, version: HTTP/1.1)
HTTP/1.1 200 OK
Content-Type: application/json; charset=utf-8
cache-control: no-cache
content-length: 14

10:03:25.279 [AsyncHttpClient-1-16] DEBUG org.asynchttpclient.netty.channel.ChannelManager - Adding key: http://localhost:26055 for channel [id: 0x6cba7a08, L:/127.0.0.1:50149 - R:localhost/127.0.0.1:26055]
10:03:25.284 [Forwarding sendKeysToElement on session b98aa0d690e6f260a654a3be833d257e to remote] DEBUG org.asynchttpclient.netty.request.NettyRequestSender - Using pooled Channel '[id: 0x6cba7a08, L:/127.0.0.1:50149 - R:localhost/127.0.0.1:26055]' for 'POST' to 'http://localhost:26055/session/b98aa0d690e6f260a654a3be833d257e/element/30c0bdfd-2621-4538-ae31-afe11d59d356/value'
10:03:25.284 [Forwarding sendKeysToElement on session b98aa0d690e6f260a654a3be833d257e to remote] DEBUG org.asynchttpclient.netty.request.NettyRequestSender - Using open Channel [id: 0x6cba7a08, L:/127.0.0.1:50149 - R:localhost/127.0.0.1:26055] for POST '/session/b98aa0d690e6f260a654a3be833d257e/element/30c0bdfd-2621-4538-ae31-afe11d59d356/value'
10:03:25.447 [AsyncHttpClient-1-16] DEBUG org.asynchttpclient.netty.handler.HttpHandler - 

Request DefaultHttpRequest(decodeResult: success, version: HTTP/1.1)
POST /session/b98aa0d690e6f260a654a3be833d257e/element/30c0bdfd-2621-4538-ae31-afe11d59d356/value HTTP/1.1
User-Agent: selenium/4.7.1 (java windows)
Content-Length: 201
Content-Type: application/json; charset=utf-8
host: localhost:26055
accept: */*

Response DefaultHttpResponse(decodeResult: success, version: HTTP/1.1)
HTTP/1.1 200 OK
Content-Type: application/json; charset=utf-8
cache-control: no-cache
content-length: 14

10:03:25.448 [AsyncHttpClient-1-16] DEBUG org.asynchttpclient.netty.channel.ChannelManager - Adding key: http://localhost:26055 for channel [id: 0x6cba7a08, L:/127.0.0.1:50149 - R:localhost/127.0.0.1:26055]
10:03:25.460 [Forwarding getCurrentWindowHandle on session b98aa0d690e6f260a654a3be833d257e to remote] DEBUG org.asynchttpclient.netty.request.NettyRequestSender - Using pooled Channel '[id: 0x6cba7a08, L:/127.0.0.1:50149 - R:localhost/127.0.0.1:26055]' for 'GET' to 'http://localhost:26055/session/b98aa0d690e6f260a654a3be833d257e/window'
10:03:25.460 [Forwarding getCurrentWindowHandle on session b98aa0d690e6f260a654a3be833d257e to remote] DEBUG org.asynchttpclient.netty.request.NettyRequestSender - Using open Channel [id: 0x6cba7a08, L:/127.0.0.1:50149 - R:localhost/127.0.0.1:26055] for GET '/session/b98aa0d690e6f260a654a3be833d257e/window'
10:03:25.461 [AsyncHttpClient-1-16] DEBUG org.asynchttpclient.netty.handler.HttpHandler - 

Request DefaultFullHttpRequest(decodeResult: success, version: HTTP/1.1, content: EmptyByteBufBE)
GET /session/b98aa0d690e6f260a654a3be833d257e/window HTTP/1.1
User-Agent: selenium/4.7.1 (java windows)
Cache-Control: no-cache
Content-Type: application/json; charset=utf-8
host: localhost:26055
accept: */*

Response DefaultHttpResponse(decodeResult: success, version: HTTP/1.1)
HTTP/1.1 200 OK
Content-Type: application/json; charset=utf-8
cache-control: no-cache
content-length: 44

10:03:25.461 [AsyncHttpClient-1-16] DEBUG org.asynchttpclient.netty.channel.ChannelManager - Adding key: http://localhost:26055 for channel [id: 0x6cba7a08, L:/127.0.0.1:50149 - R:localhost/127.0.0.1:26055]
10:03:25.463 [Forwarding getAlertText on session b98aa0d690e6f260a654a3be833d257e to remote] DEBUG org.asynchttpclient.netty.request.NettyRequestSender - Using pooled Channel '[id: 0x6cba7a08, L:/127.0.0.1:50149 - R:localhost/127.0.0.1:26055]' for 'GET' to 'http://localhost:26055/session/b98aa0d690e6f260a654a3be833d257e/alert/text'
10:03:25.463 [Forwarding getAlertText on session b98aa0d690e6f260a654a3be833d257e to remote] DEBUG org.asynchttpclient.netty.request.NettyRequestSender - Using open Channel [id: 0x6cba7a08, L:/127.0.0.1:50149 - R:localhost/127.0.0.1:26055] for GET '/session/b98aa0d690e6f260a654a3be833d257e/alert/text'
10:03:25.469 [AsyncHttpClient-1-16] DEBUG org.asynchttpclient.netty.handler.HttpHandler - 

Request DefaultFullHttpRequest(decodeResult: success, version: HTTP/1.1, content: EmptyByteBufBE)
GET /session/b98aa0d690e6f260a654a3be833d257e/alert/text HTTP/1.1
User-Agent: selenium/4.7.1 (java windows)
Cache-Control: no-cache
Content-Type: application/json; charset=utf-8
host: localhost:26055
accept: */*

Response DefaultHttpResponse(decodeResult: success, version: HTTP/1.1)
HTTP/1.1 404 Not Found
Content-Type: application/json; charset=utf-8
cache-control: no-cache
content-length: 821

10:03:25.469 [AsyncHttpClient-1-16] DEBUG org.asynchttpclient.netty.channel.ChannelManager - Adding key: http://localhost:26055 for channel [id: 0x6cba7a08, L:/127.0.0.1:50149 - R:localhost/127.0.0.1:26055]
10:03:25.472 [Forwarding switchToWindow on session b98aa0d690e6f260a654a3be833d257e to remote] DEBUG org.asynchttpclient.netty.request.NettyRequestSender - Using pooled Channel '[id: 0x6cba7a08, L:/127.0.0.1:50149 - R:localhost/127.0.0.1:26055]' for 'POST' to 'http://localhost:26055/session/b98aa0d690e6f260a654a3be833d257e/window'
10:03:25.472 [Forwarding switchToWindow on session b98aa0d690e6f260a654a3be833d257e to remote] DEBUG org.asynchttpclient.netty.request.NettyRequestSender - Using open Channel [id: 0x6cba7a08, L:/127.0.0.1:50149 - R:localhost/127.0.0.1:26055] for POST '/session/b98aa0d690e6f260a654a3be833d257e/window'
10:03:25.475 [AsyncHttpClient-1-16] DEBUG org.asynchttpclient.netty.handler.HttpHandler - 

Request DefaultHttpRequest(decodeResult: success, version: HTTP/1.1)
POST /session/b98aa0d690e6f260a654a3be833d257e/window HTTP/1.1
User-Agent: selenium/4.7.1 (java windows)
Content-Length: 50
Content-Type: application/json; charset=utf-8
host: localhost:26055
accept: */*

Response DefaultHttpResponse(decodeResult: success, version: HTTP/1.1)
HTTP/1.1 200 OK
Content-Type: application/json; charset=utf-8
cache-control: no-cache
content-length: 14

10:03:25.475 [AsyncHttpClient-1-16] DEBUG org.asynchttpclient.netty.channel.ChannelManager - Adding key: http://localhost:26055 for channel [id: 0x6cba7a08, L:/127.0.0.1:50149 - R:localhost/127.0.0.1:26055]
10:03:25.476 [Forwarding getCurrentUrl on session b98aa0d690e6f260a654a3be833d257e to remote] DEBUG org.asynchttpclient.netty.request.NettyRequestSender - Using pooled Channel '[id: 0x6cba7a08, L:/127.0.0.1:50149 - R:localhost/127.0.0.1:26055]' for 'GET' to 'http://localhost:26055/session/b98aa0d690e6f260a654a3be833d257e/url'
10:03:25.476 [Forwarding getCurrentUrl on session b98aa0d690e6f260a654a3be833d257e to remote] DEBUG org.asynchttpclient.netty.request.NettyRequestSender - Using open Channel [id: 0x6cba7a08, L:/127.0.0.1:50149 - R:localhost/127.0.0.1:26055] for GET '/session/b98aa0d690e6f260a654a3be833d257e/url'
10:03:25.487 [AsyncHttpClient-1-16] DEBUG org.asynchttpclient.netty.handler.HttpHandler - 

Request DefaultFullHttpRequest(decodeResult: success, version: HTTP/1.1, content: EmptyByteBufBE)
GET /session/b98aa0d690e6f260a654a3be833d257e/url HTTP/1.1
User-Agent: selenium/4.7.1 (java windows)
Cache-Control: no-cache
Content-Type: application/json; charset=utf-8
host: localhost:26055
accept: */*

Response DefaultHttpResponse(decodeResult: success, version: HTTP/1.1)
HTTP/1.1 200 OK
Content-Type: application/json; charset=utf-8
cache-control: no-cache
content-length: 54

10:03:25.488 [AsyncHttpClient-1-16] DEBUG org.asynchttpclient.netty.channel.ChannelManager - Adding key: http://localhost:26055 for channel [id: 0x6cba7a08, L:/127.0.0.1:50149 - R:localhost/127.0.0.1:26055]
10:03:25.489 [Forwarding screenshot on session b98aa0d690e6f260a654a3be833d257e to remote] DEBUG org.asynchttpclient.netty.request.NettyRequestSender - Using pooled Channel '[id: 0x6cba7a08, L:/127.0.0.1:50149 - R:localhost/127.0.0.1:26055]' for 'GET' to 'http://localhost:26055/session/b98aa0d690e6f260a654a3be833d257e/screenshot'
10:03:25.489 [Forwarding screenshot on session b98aa0d690e6f260a654a3be833d257e to remote] DEBUG org.asynchttpclient.netty.request.NettyRequestSender - Using open Channel [id: 0x6cba7a08, L:/127.0.0.1:50149 - R:localhost/127.0.0.1:26055] for GET '/session/b98aa0d690e6f260a654a3be833d257e/screenshot'
10:03:25.566 [AsyncHttpClient-1-1] DEBUG org.asynchttpclient.netty.channel.DefaultChannelPool - Entry count for : http://localhost:50150 : 1
10:03:25.614 [AsyncHttpClient-1-16] DEBUG org.asynchttpclient.netty.handler.HttpHandler - 

Request DefaultFullHttpRequest(decodeResult: success, version: HTTP/1.1, content: EmptyByteBufBE)
GET /session/b98aa0d690e6f260a654a3be833d257e/screenshot HTTP/1.1
User-Agent: selenium/4.7.1 (java windows)
Cache-Control: no-cache
Content-Type: application/json; charset=utf-8
host: localhost:26055
accept: */*

Response DefaultHttpResponse(decodeResult: success, version: HTTP/1.1)
HTTP/1.1 200 OK
Content-Type: application/json; charset=utf-8
cache-control: no-cache
content-length: 31076

10:03:25.615 [AsyncHttpClient-1-16] DEBUG org.asynchttpclient.netty.channel.ChannelManager - Adding key: http://localhost:26055 for channel [id: 0x6cba7a08, L:/127.0.0.1:50149 - R:localhost/127.0.0.1:26055]
10:03:25.618 [main] DEBUG net.serenitybdd.core.photography.Darkroom - Send negative for processing for target\site\serenity\2ed2b27e931e440068b7fcf03682c1d9afbeb07768037f894545c10393edefe0.png
10:03:25.619 [main] DEBUG net.thucydides.core.steps.StepInterceptor - STEP DONE: inputNamaLengkap
  &amp#27;[32mAnd &amp#27;[0m&amp#27;[32muser input nama lengkap&amp#27;[0m                                     &amp#27;[90m# starter.stepdefinitions.RegisterSteps.userInputNamaLengkap()&amp#27;[0m
10:03:25.619 [Darkroom Processing Line] DEBUG net.serenitybdd.core.photography.DarkroomProcessingLine - Processing screenshot image in /var/screenshots/screenshot-6426697977381789128
10:03:25.619 [Darkroom Processing Line] DEBUG net.serenitybdd.core.photography.DarkroomProcessingLine - Saving screenshot to target\site\serenity\2ed2b27e931e440068b7fcf03682c1d9afbeb07768037f894545c10393edefe0.png
10:03:25.635 [main] DEBUG net.thucydides.core.steps.StepInterceptor - STARTING STEP: RegisterSteps.userInputEmailUntukRegisterYangBelumPernahTerdaftar - inputEmail
10:03:25.637 [Forwarding findElement on session b98aa0d690e6f260a654a3be833d257e to remote] DEBUG org.asynchttpclient.netty.request.NettyRequestSender - Using pooled Channel '[id: 0x6cba7a08, L:/127.0.0.1:50149 - R:localhost/127.0.0.1:26055]' for 'POST' to 'http://localhost:26055/session/b98aa0d690e6f260a654a3be833d257e/element'
10:03:25.637 [Forwarding findElement on session b98aa0d690e6f260a654a3be833d257e to remote] DEBUG org.asynchttpclient.netty.request.NettyRequestSender - Using open Channel [id: 0x6cba7a08, L:/127.0.0.1:50149 - R:localhost/127.0.0.1:26055] for POST '/session/b98aa0d690e6f260a654a3be833d257e/element'
10:03:25.667 [AsyncHttpClient-1-16] DEBUG org.asynchttpclient.netty.handler.HttpHandler - 

Request DefaultHttpRequest(decodeResult: success, version: HTTP/1.1)
POST /session/b98aa0d690e6f260a654a3be833d257e/element HTTP/1.1
User-Agent: selenium/4.7.1 (java windows)
Content-Length: 187
Content-Type: application/json; charset=utf-8
host: localhost:26055
accept: */*

Response DefaultHttpResponse(decodeResult: success, version: HTTP/1.1)
HTTP/1.1 200 OK
Content-Type: application/json; charset=utf-8
cache-control: no-cache
content-length: 88

10:03:25.667 [AsyncHttpClient-1-16] DEBUG org.asynchttpclient.netty.channel.ChannelManager - Adding key: http://localhost:26055 for channel [id: 0x6cba7a08, L:/127.0.0.1:50149 - R:localhost/127.0.0.1:26055]
10:03:25.670 [Forwarding clearElement on session b98aa0d690e6f260a654a3be833d257e to remote] DEBUG org.asynchttpclient.netty.request.NettyRequestSender - Using pooled Channel '[id: 0x6cba7a08, L:/127.0.0.1:50149 - R:localhost/127.0.0.1:26055]' for 'POST' to 'http://localhost:26055/session/b98aa0d690e6f260a654a3be833d257e/element/f11e11af-1fda-4d73-86b0-62109f19f290/clear'
10:03:25.670 [Forwarding clearElement on session b98aa0d690e6f260a654a3be833d257e to remote] DEBUG org.asynchttpclient.netty.request.NettyRequestSender - Using open Channel [id: 0x6cba7a08, L:/127.0.0.1:50149 - R:localhost/127.0.0.1:26055] for POST '/session/b98aa0d690e6f260a654a3be833d257e/element/f11e11af-1fda-4d73-86b0-62109f19f290/clear'
10:03:25.730 [AsyncHttpClient-1-16] DEBUG org.asynchttpclient.netty.handler.HttpHandler - 

Request DefaultHttpRequest(decodeResult: success, version: HTTP/1.1)
POST /session/b98aa0d690e6f260a654a3be833d257e/element/f11e11af-1fda-4d73-86b0-62109f19f290/clear HTTP/1.1
User-Agent: selenium/4.7.1 (java windows)
Content-Length: 50
Content-Type: application/json; charset=utf-8
host: localhost:26055
accept: */*

Response DefaultHttpResponse(decodeResult: success, version: HTTP/1.1)
HTTP/1.1 200 OK
Content-Type: application/json; charset=utf-8
cache-control: no-cache
content-length: 14

10:03:25.730 [AsyncHttpClient-1-16] DEBUG org.asynchttpclient.netty.channel.ChannelManager - Adding key: http://localhost:26055 for channel [id: 0x6cba7a08, L:/127.0.0.1:50149 - R:localhost/127.0.0.1:26055]
10:03:25.733 [Forwarding sendKeysToElement on session b98aa0d690e6f260a654a3be833d257e to remote] DEBUG org.asynchttpclient.netty.request.NettyRequestSender - Using pooled Channel '[id: 0x6cba7a08, L:/127.0.0.1:50149 - R:localhost/127.0.0.1:26055]' for 'POST' to 'http://localhost:26055/session/b98aa0d690e6f260a654a3be833d257e/element/f11e11af-1fda-4d73-86b0-62109f19f290/value'
10:03:25.733 [Forwarding sendKeysToElement on session b98aa0d690e6f260a654a3be833d257e to remote] DEBUG org.asynchttpclient.netty.request.NettyRequestSender - Using open Channel [id: 0x6cba7a08, L:/127.0.0.1:50149 - R:localhost/127.0.0.1:26055] for POST '/session/b98aa0d690e6f260a654a3be833d257e/element/f11e11af-1fda-4d73-86b0-62109f19f290/value'
10:03:25.944 [AsyncHttpClient-1-16] DEBUG org.asynchttpclient.netty.handler.HttpHandler - 

Request DefaultHttpRequest(decodeResult: success, version: HTTP/1.1)
POST /session/b98aa0d690e6f260a654a3be833d257e/element/f11e11af-1fda-4d73-86b0-62109f19f290/value HTTP/1.1
User-Agent: selenium/4.7.1 (java windows)
Content-Length: 251
Content-Type: application/json; charset=utf-8
host: localhost:26055
accept: */*

Response DefaultHttpResponse(decodeResult: success, version: HTTP/1.1)
HTTP/1.1 200 OK
Content-Type: application/json; charset=utf-8
cache-control: no-cache
content-length: 14

10:03:25.944 [AsyncHttpClient-1-16] DEBUG org.asynchttpclient.netty.channel.ChannelManager - Adding key: http://localhost:26055 for channel [id: 0x6cba7a08, L:/127.0.0.1:50149 - R:localhost/127.0.0.1:26055]
10:03:25.953 [Forwarding getCurrentWindowHandle on session b98aa0d690e6f260a654a3be833d257e to remote] DEBUG org.asynchttpclient.netty.request.NettyRequestSender - Using pooled Channel '[id: 0x6cba7a08, L:/127.0.0.1:50149 - R:localhost/127.0.0.1:26055]' for 'GET' to 'http://localhost:26055/session/b98aa0d690e6f260a654a3be833d257e/window'
10:03:25.953 [Forwarding getCurrentWindowHandle on session b98aa0d690e6f260a654a3be833d257e to remote] DEBUG org.asynchttpclient.netty.request.NettyRequestSender - Using open Channel [id: 0x6cba7a08, L:/127.0.0.1:50149 - R:localhost/127.0.0.1:26055] for GET '/session/b98aa0d690e6f260a654a3be833d257e/window'
10:03:25.954 [AsyncHttpClient-1-16] DEBUG org.asynchttpclient.netty.handler.HttpHandler - 

Request DefaultFullHttpRequest(decodeResult: success, version: HTTP/1.1, content: EmptyByteBufBE)
GET /session/b98aa0d690e6f260a654a3be833d257e/window HTTP/1.1
User-Agent: selenium/4.7.1 (java windows)
Cache-Control: no-cache
Content-Type: application/json; charset=utf-8
host: localhost:26055
accept: */*

Response DefaultHttpResponse(decodeResult: success, version: HTTP/1.1)
HTTP/1.1 200 OK
Content-Type: application/json; charset=utf-8
cache-control: no-cache
content-length: 44

10:03:25.954 [AsyncHttpClient-1-16] DEBUG org.asynchttpclient.netty.channel.ChannelManager - Adding key: http://localhost:26055 for channel [id: 0x6cba7a08, L:/127.0.0.1:50149 - R:localhost/127.0.0.1:26055]
10:03:25.956 [Forwarding getAlertText on session b98aa0d690e6f260a654a3be833d257e to remote] DEBUG org.asynchttpclient.netty.request.NettyRequestSender - Using pooled Channel '[id: 0x6cba7a08, L:/127.0.0.1:50149 - R:localhost/127.0.0.1:26055]' for 'GET' to 'http://localhost:26055/session/b98aa0d690e6f260a654a3be833d257e/alert/text'
10:03:25.956 [Forwarding getAlertText on session b98aa0d690e6f260a654a3be833d257e to remote] DEBUG org.asynchttpclient.netty.request.NettyRequestSender - Using open Channel [id: 0x6cba7a08, L:/127.0.0.1:50149 - R:localhost/127.0.0.1:26055] for GET '/session/b98aa0d690e6f260a654a3be833d257e/alert/text'
10:03:25.958 [AsyncHttpClient-1-16] DEBUG org.asynchttpclient.netty.handler.HttpHandler - 

Request DefaultFullHttpRequest(decodeResult: success, version: HTTP/1.1, content: EmptyByteBufBE)
GET /session/b98aa0d690e6f260a654a3be833d257e/alert/text HTTP/1.1
User-Agent: selenium/4.7.1 (java windows)
Cache-Control: no-cache
Content-Type: application/json; charset=utf-8
host: localhost:26055
accept: */*

Response DefaultHttpResponse(decodeResult: success, version: HTTP/1.1)
HTTP/1.1 404 Not Found
Content-Type: application/json; charset=utf-8
cache-control: no-cache
content-length: 821

10:03:25.959 [AsyncHttpClient-1-16] DEBUG org.asynchttpclient.netty.channel.ChannelManager - Adding key: http://localhost:26055 for channel [id: 0x6cba7a08, L:/127.0.0.1:50149 - R:localhost/127.0.0.1:26055]
10:03:25.961 [Forwarding switchToWindow on session b98aa0d690e6f260a654a3be833d257e to remote] DEBUG org.asynchttpclient.netty.request.NettyRequestSender - Using pooled Channel '[id: 0x6cba7a08, L:/127.0.0.1:50149 - R:localhost/127.0.0.1:26055]' for 'POST' to 'http://localhost:26055/session/b98aa0d690e6f260a654a3be833d257e/window'
10:03:25.961 [Forwarding switchToWindow on session b98aa0d690e6f260a654a3be833d257e to remote] DEBUG org.asynchttpclient.netty.request.NettyRequestSender - Using open Channel [id: 0x6cba7a08, L:/127.0.0.1:50149 - R:localhost/127.0.0.1:26055] for POST '/session/b98aa0d690e6f260a654a3be833d257e/window'
10:03:25.965 [AsyncHttpClient-1-16] DEBUG org.asynchttpclient.netty.handler.HttpHandler - 

Request DefaultHttpRequest(decodeResult: success, version: HTTP/1.1)
POST /session/b98aa0d690e6f260a654a3be833d257e/window HTTP/1.1
User-Agent: selenium/4.7.1 (java windows)
Content-Length: 50
Content-Type: application/json; charset=utf-8
host: localhost:26055
accept: */*

Response DefaultHttpResponse(decodeResult: success, version: HTTP/1.1)
HTTP/1.1 200 OK
Content-Type: application/json; charset=utf-8
cache-control: no-cache
content-length: 14

10:03:25.965 [AsyncHttpClient-1-16] DEBUG org.asynchttpclient.netty.channel.ChannelManager - Adding key: http://localhost:26055 for channel [id: 0x6cba7a08, L:/127.0.0.1:50149 - R:localhost/127.0.0.1:26055]
10:03:25.966 [Forwarding getCurrentUrl on session b98aa0d690e6f260a654a3be833d257e to remote] DEBUG org.asynchttpclient.netty.request.NettyRequestSender - Using pooled Channel '[id: 0x6cba7a08, L:/127.0.0.1:50149 - R:localhost/127.0.0.1:26055]' for 'GET' to 'http://localhost:26055/session/b98aa0d690e6f260a654a3be833d257e/url'
10:03:25.966 [Forwarding getCurrentUrl on session b98aa0d690e6f260a654a3be833d257e to remote] DEBUG org.asynchttpclient.netty.request.NettyRequestSender - Using open Channel [id: 0x6cba7a08, L:/127.0.0.1:50149 - R:localhost/127.0.0.1:26055] for GET '/session/b98aa0d690e6f260a654a3be833d257e/url'
10:03:25.972 [AsyncHttpClient-1-16] DEBUG org.asynchttpclient.netty.handler.HttpHandler - 

Request DefaultFullHttpRequest(decodeResult: success, version: HTTP/1.1, content: EmptyByteBufBE)
GET /session/b98aa0d690e6f260a654a3be833d257e/url HTTP/1.1
User-Agent: selenium/4.7.1 (java windows)
Cache-Control: no-cache
Content-Type: application/json; charset=utf-8
host: localhost:26055
accept: */*

Response DefaultHttpResponse(decodeResult: success, version: HTTP/1.1)
HTTP/1.1 200 OK
Content-Type: application/json; charset=utf-8
cache-control: no-cache
content-length: 54

10:03:25.973 [AsyncHttpClient-1-16] DEBUG org.asynchttpclient.netty.channel.ChannelManager - Adding key: http://localhost:26055 for channel [id: 0x6cba7a08, L:/127.0.0.1:50149 - R:localhost/127.0.0.1:26055]
10:03:25.974 [Forwarding screenshot on session b98aa0d690e6f260a654a3be833d257e to remote] DEBUG org.asynchttpclient.netty.request.NettyRequestSender - Using pooled Channel '[id: 0x6cba7a08, L:/127.0.0.1:50149 - R:localhost/127.0.0.1:26055]' for 'GET' to 'http://localhost:26055/session/b98aa0d690e6f260a654a3be833d257e/screenshot'
10:03:25.974 [Forwarding screenshot on session b98aa0d690e6f260a654a3be833d257e to remote] DEBUG org.asynchttpclient.netty.request.NettyRequestSender - Using open Channel [id: 0x6cba7a08, L:/127.0.0.1:50149 - R:localhost/127.0.0.1:26055] for GET '/session/b98aa0d690e6f260a654a3be833d257e/screenshot'
10:03:26.097 [AsyncHttpClient-1-16] DEBUG org.asynchttpclient.netty.handler.HttpHandler - 

Request DefaultFullHttpRequest(decodeResult: success, version: HTTP/1.1, content: EmptyByteBufBE)
GET /session/b98aa0d690e6f260a654a3be833d257e/screenshot HTTP/1.1
User-Agent: selenium/4.7.1 (java windows)
Cache-Control: no-cache
Content-Type: application/json; charset=utf-8
host: localhost:26055
accept: */*

Response DefaultHttpResponse(decodeResult: success, version: HTTP/1.1)
HTTP/1.1 200 OK
Content-Type: application/json; charset=utf-8
cache-control: no-cache
content-length: 34600

10:03:26.098 [AsyncHttpClient-1-16] DEBUG org.asynchttpclient.netty.channel.ChannelManager - Adding key: http://localhost:26055 for channel [id: 0x6cba7a08, L:/127.0.0.1:50149 - R:localhost/127.0.0.1:26055]
10:03:26.100 [main] DEBUG net.serenitybdd.core.photography.Darkroom - Send negative for processing for target\site\serenity\27d18aa09a08c502a0b484abc04cc270b233e153fa9b226b9f1cb14233fdb74e.png
10:03:26.100 [main] DEBUG net.thucydides.core.steps.StepInterceptor - STEP DONE: inputEmail
  &amp#27;[32mAnd &amp#27;[0m&amp#27;[32muser input email untuk register yang belum pernah terdaftar&amp#27;[0m &amp#27;[90m# starter.stepdefinitions.RegisterSteps.userInputEmailUntukRegisterYangBelumPernahTerdaftar()&amp#27;[0m
10:03:26.101 [Darkroom Processing Line] DEBUG net.serenitybdd.core.photography.DarkroomProcessingLine - Processing screenshot image in /var/screenshots/screenshot-10581964978388445573
10:03:26.101 [Darkroom Processing Line] DEBUG net.serenitybdd.core.photography.DarkroomProcessingLine - Saving screenshot to target\site\serenity\27d18aa09a08c502a0b484abc04cc270b233e153fa9b226b9f1cb14233fdb74e.png
10:03:26.114 [main] DEBUG net.thucydides.core.steps.StepInterceptor - STARTING STEP: RegisterSteps.userInputPasswordUntukRegister - inputPassword
10:03:26.117 [Forwarding findElement on session b98aa0d690e6f260a654a3be833d257e to remote] DEBUG org.asynchttpclient.netty.request.NettyRequestSender - Using pooled Channel '[id: 0x6cba7a08, L:/127.0.0.1:50149 - R:localhost/127.0.0.1:26055]' for 'POST' to 'http://localhost:26055/session/b98aa0d690e6f260a654a3be833d257e/element'
10:03:26.117 [Forwarding findElement on session b98aa0d690e6f260a654a3be833d257e to remote] DEBUG org.asynchttpclient.netty.request.NettyRequestSender - Using open Channel [id: 0x6cba7a08, L:/127.0.0.1:50149 - R:localhost/127.0.0.1:26055] for POST '/session/b98aa0d690e6f260a654a3be833d257e/element'
10:03:26.136 [AsyncHttpClient-1-16] DEBUG org.asynchttpclient.netty.handler.HttpHandler - 

Request DefaultHttpRequest(decodeResult: success, version: HTTP/1.1)
POST /session/b98aa0d690e6f260a654a3be833d257e/element HTTP/1.1
User-Agent: selenium/4.7.1 (java windows)
Content-Length: 187
Content-Type: application/json; charset=utf-8
host: localhost:26055
accept: */*

Response DefaultHttpResponse(decodeResult: success, version: HTTP/1.1)
HTTP/1.1 200 OK
Content-Type: application/json; charset=utf-8
cache-control: no-cache
content-length: 88

10:03:26.136 [AsyncHttpClient-1-16] DEBUG org.asynchttpclient.netty.channel.ChannelManager - Adding key: http://localhost:26055 for channel [id: 0x6cba7a08, L:/127.0.0.1:50149 - R:localhost/127.0.0.1:26055]
10:03:26.138 [Forwarding clearElement on session b98aa0d690e6f260a654a3be833d257e to remote] DEBUG org.asynchttpclient.netty.request.NettyRequestSender - Using pooled Channel '[id: 0x6cba7a08, L:/127.0.0.1:50149 - R:localhost/127.0.0.1:26055]' for 'POST' to 'http://localhost:26055/session/b98aa0d690e6f260a654a3be833d257e/element/6cacbaf3-ee11-436e-ba64-b4947bf714d1/clear'
10:03:26.138 [Forwarding clearElement on session b98aa0d690e6f260a654a3be833d257e to remote] DEBUG org.asynchttpclient.netty.request.NettyRequestSender - Using open Channel [id: 0x6cba7a08, L:/127.0.0.1:50149 - R:localhost/127.0.0.1:26055] for POST '/session/b98aa0d690e6f260a654a3be833d257e/element/6cacbaf3-ee11-436e-ba64-b4947bf714d1/clear'
10:03:26.189 [AsyncHttpClient-1-16] DEBUG org.asynchttpclient.netty.handler.HttpHandler - 

Request DefaultHttpRequest(decodeResult: success, version: HTTP/1.1)
POST /session/b98aa0d690e6f260a654a3be833d257e/element/6cacbaf3-ee11-436e-ba64-b4947bf714d1/clear HTTP/1.1
User-Agent: selenium/4.7.1 (java windows)
Content-Length: 50
Content-Type: application/json; charset=utf-8
host: localhost:26055
accept: */*

Response DefaultHttpResponse(decodeResult: success, version: HTTP/1.1)
HTTP/1.1 200 OK
Content-Type: application/json; charset=utf-8
cache-control: no-cache
content-length: 14

10:03:26.189 [AsyncHttpClient-1-16] DEBUG org.asynchttpclient.netty.channel.ChannelManager - Adding key: http://localhost:26055 for channel [id: 0x6cba7a08, L:/127.0.0.1:50149 - R:localhost/127.0.0.1:26055]
10:03:26.192 [Forwarding sendKeysToElement on session b98aa0d690e6f260a654a3be833d257e to remote] DEBUG org.asynchttpclient.netty.request.NettyRequestSender - Using pooled Channel '[id: 0x6cba7a08, L:/127.0.0.1:50149 - R:localhost/127.0.0.1:26055]' for 'POST' to 'http://localhost:26055/session/b98aa0d690e6f260a654a3be833d257e/element/6cacbaf3-ee11-436e-ba64-b4947bf714d1/value'
10:03:26.192 [Forwarding sendKeysToElement on session b98aa0d690e6f260a654a3be833d257e to remote] DEBUG org.asynchttpclient.netty.request.NettyRequestSender - Using open Channel [id: 0x6cba7a08, L:/127.0.0.1:50149 - R:localhost/127.0.0.1:26055] for POST '/session/b98aa0d690e6f260a654a3be833d257e/element/6cacbaf3-ee11-436e-ba64-b4947bf714d1/value'
10:03:26.281 [AsyncHttpClient-1-16] DEBUG org.asynchttpclient.netty.handler.HttpHandler - 

Request DefaultHttpRequest(decodeResult: success, version: HTTP/1.1)
POST /session/b98aa0d690e6f260a654a3be833d257e/element/6cacbaf3-ee11-436e-ba64-b4947bf714d1/value HTTP/1.1
User-Agent: selenium/4.7.1 (java windows)
Content-Length: 111
Content-Type: application/json; charset=utf-8
host: localhost:26055
accept: */*

Response DefaultHttpResponse(decodeResult: success, version: HTTP/1.1)
HTTP/1.1 200 OK
Content-Type: application/json; charset=utf-8
cache-control: no-cache
content-length: 14

10:03:26.281 [AsyncHttpClient-1-16] DEBUG org.asynchttpclient.netty.channel.ChannelManager - Adding key: http://localhost:26055 for channel [id: 0x6cba7a08, L:/127.0.0.1:50149 - R:localhost/127.0.0.1:26055]
10:03:26.289 [Forwarding getCurrentWindowHandle on session b98aa0d690e6f260a654a3be833d257e to remote] DEBUG org.asynchttpclient.netty.request.NettyRequestSender - Using pooled Channel '[id: 0x6cba7a08, L:/127.0.0.1:50149 - R:localhost/127.0.0.1:26055]' for 'GET' to 'http://localhost:26055/session/b98aa0d690e6f260a654a3be833d257e/window'
10:03:26.289 [Forwarding getCurrentWindowHandle on session b98aa0d690e6f260a654a3be833d257e to remote] DEBUG org.asynchttpclient.netty.request.NettyRequestSender - Using open Channel [id: 0x6cba7a08, L:/127.0.0.1:50149 - R:localhost/127.0.0.1:26055] for GET '/session/b98aa0d690e6f260a654a3be833d257e/window'
10:03:26.291 [AsyncHttpClient-1-16] DEBUG org.asynchttpclient.netty.handler.HttpHandler - 

Request DefaultFullHttpRequest(decodeResult: success, version: HTTP/1.1, content: EmptyByteBufBE)
GET /session/b98aa0d690e6f260a654a3be833d257e/window HTTP/1.1
User-Agent: selenium/4.7.1 (java windows)
Cache-Control: no-cache
Content-Type: application/json; charset=utf-8
host: localhost:26055
accept: */*

Response DefaultHttpResponse(decodeResult: success, version: HTTP/1.1)
HTTP/1.1 200 OK
Content-Type: application/json; charset=utf-8
cache-control: no-cache
content-length: 44

10:03:26.291 [AsyncHttpClient-1-16] DEBUG org.asynchttpclient.netty.channel.ChannelManager - Adding key: http://localhost:26055 for channel [id: 0x6cba7a08, L:/127.0.0.1:50149 - R:localhost/127.0.0.1:26055]
10:03:26.293 [Forwarding getAlertText on session b98aa0d690e6f260a654a3be833d257e to remote] DEBUG org.asynchttpclient.netty.request.NettyRequestSender - Using pooled Channel '[id: 0x6cba7a08, L:/127.0.0.1:50149 - R:localhost/127.0.0.1:26055]' for 'GET' to 'http://localhost:26055/session/b98aa0d690e6f260a654a3be833d257e/alert/text'
10:03:26.293 [Forwarding getAlertText on session b98aa0d690e6f260a654a3be833d257e to remote] DEBUG org.asynchttpclient.netty.request.NettyRequestSender - Using open Channel [id: 0x6cba7a08, L:/127.0.0.1:50149 - R:localhost/127.0.0.1:26055] for GET '/session/b98aa0d690e6f260a654a3be833d257e/alert/text'
10:03:26.296 [AsyncHttpClient-1-16] DEBUG org.asynchttpclient.netty.handler.HttpHandler - 

Request DefaultFullHttpRequest(decodeResult: success, version: HTTP/1.1, content: EmptyByteBufBE)
GET /session/b98aa0d690e6f260a654a3be833d257e/alert/text HTTP/1.1
User-Agent: selenium/4.7.1 (java windows)
Cache-Control: no-cache
Content-Type: application/json; charset=utf-8
host: localhost:26055
accept: */*

Response DefaultHttpResponse(decodeResult: success, version: HTTP/1.1)
HTTP/1.1 404 Not Found
Content-Type: application/json; charset=utf-8
cache-control: no-cache
content-length: 821

10:03:26.297 [AsyncHttpClient-1-16] DEBUG org.asynchttpclient.netty.channel.ChannelManager - Adding key: http://localhost:26055 for channel [id: 0x6cba7a08, L:/127.0.0.1:50149 - R:localhost/127.0.0.1:26055]
10:03:26.300 [Forwarding switchToWindow on session b98aa0d690e6f260a654a3be833d257e to remote] DEBUG org.asynchttpclient.netty.request.NettyRequestSender - Using pooled Channel '[id: 0x6cba7a08, L:/127.0.0.1:50149 - R:localhost/127.0.0.1:26055]' for 'POST' to 'http://localhost:26055/session/b98aa0d690e6f260a654a3be833d257e/window'
10:03:26.300 [Forwarding switchToWindow on session b98aa0d690e6f260a654a3be833d257e to remote] DEBUG org.asynchttpclient.netty.request.NettyRequestSender - Using open Channel [id: 0x6cba7a08, L:/127.0.0.1:50149 - R:localhost/127.0.0.1:26055] for POST '/session/b98aa0d690e6f260a654a3be833d257e/window'
10:03:26.304 [AsyncHttpClient-1-16] DEBUG org.asynchttpclient.netty.handler.HttpHandler - 

Request DefaultHttpRequest(decodeResult: success, version: HTTP/1.1)
POST /session/b98aa0d690e6f260a654a3be833d257e/window HTTP/1.1
User-Agent: selenium/4.7.1 (java windows)
Content-Length: 50
Content-Type: application/json; charset=utf-8
host: localhost:26055
accept: */*

Response DefaultHttpResponse(decodeResult: success, version: HTTP/1.1)
HTTP/1.1 200 OK
Content-Type: application/json; charset=utf-8
cache-control: no-cache
content-length: 14

10:03:26.304 [AsyncHttpClient-1-16] DEBUG org.asynchttpclient.netty.channel.ChannelManager - Adding key: http://localhost:26055 for channel [id: 0x6cba7a08, L:/127.0.0.1:50149 - R:localhost/127.0.0.1:26055]
10:03:26.305 [Forwarding getCurrentUrl on session b98aa0d690e6f260a654a3be833d257e to remote] DEBUG org.asynchttpclient.netty.request.NettyRequestSender - Using pooled Channel '[id: 0x6cba7a08, L:/127.0.0.1:50149 - R:localhost/127.0.0.1:26055]' for 'GET' to 'http://localhost:26055/session/b98aa0d690e6f260a654a3be833d257e/url'
10:03:26.305 [Forwarding getCurrentUrl on session b98aa0d690e6f260a654a3be833d257e to remote] DEBUG org.asynchttpclient.netty.request.NettyRequestSender - Using open Channel [id: 0x6cba7a08, L:/127.0.0.1:50149 - R:localhost/127.0.0.1:26055] for GET '/session/b98aa0d690e6f260a654a3be833d257e/url'
10:03:26.311 [AsyncHttpClient-1-16] DEBUG org.asynchttpclient.netty.handler.HttpHandler - 

Request DefaultFullHttpRequest(decodeResult: success, version: HTTP/1.1, content: EmptyByteBufBE)
GET /session/b98aa0d690e6f260a654a3be833d257e/url HTTP/1.1
User-Agent: selenium/4.7.1 (java windows)
Cache-Control: no-cache
Content-Type: application/json; charset=utf-8
host: localhost:26055
accept: */*

Response DefaultHttpResponse(decodeResult: success, version: HTTP/1.1)
HTTP/1.1 200 OK
Content-Type: application/json; charset=utf-8
cache-control: no-cache
content-length: 54

10:03:26.311 [AsyncHttpClient-1-16] DEBUG org.asynchttpclient.netty.channel.ChannelManager - Adding key: http://localhost:26055 for channel [id: 0x6cba7a08, L:/127.0.0.1:50149 - R:localhost/127.0.0.1:26055]
10:03:26.312 [Forwarding screenshot on session b98aa0d690e6f260a654a3be833d257e to remote] DEBUG org.asynchttpclient.netty.request.NettyRequestSender - Using pooled Channel '[id: 0x6cba7a08, L:/127.0.0.1:50149 - R:localhost/127.0.0.1:26055]' for 'GET' to 'http://localhost:26055/session/b98aa0d690e6f260a654a3be833d257e/screenshot'
10:03:26.312 [Forwarding screenshot on session b98aa0d690e6f260a654a3be833d257e to remote] DEBUG org.asynchttpclient.netty.request.NettyRequestSender - Using open Channel [id: 0x6cba7a08, L:/127.0.0.1:50149 - R:localhost/127.0.0.1:26055] for GET '/session/b98aa0d690e6f260a654a3be833d257e/screenshot'
10:03:26.443 [AsyncHttpClient-1-16] DEBUG org.asynchttpclient.netty.handler.HttpHandler - 

Request DefaultFullHttpRequest(decodeResult: success, version: HTTP/1.1, content: EmptyByteBufBE)
GET /session/b98aa0d690e6f260a654a3be833d257e/screenshot HTTP/1.1
User-Agent: selenium/4.7.1 (java windows)
Cache-Control: no-cache
Content-Type: application/json; charset=utf-8
host: localhost:26055
accept: */*

Response DefaultHttpResponse(decodeResult: success, version: HTTP/1.1)
HTTP/1.1 200 OK
Content-Type: application/json; charset=utf-8
cache-control: no-cache
content-length: 34516

10:03:26.443 [AsyncHttpClient-1-16] DEBUG org.asynchttpclient.netty.channel.ChannelManager - Adding key: http://localhost:26055 for channel [id: 0x6cba7a08, L:/127.0.0.1:50149 - R:localhost/127.0.0.1:26055]
10:03:26.445 [main] DEBUG net.serenitybdd.core.photography.Darkroom - Send negative for processing for target\site\serenity\0245ebe700bc9b67552e0cbdd5c1be17ea502a8a68f22da00cd558a3e084beff.png
10:03:26.446 [Darkroom Processing Line] DEBUG net.serenitybdd.core.photography.DarkroomProcessingLine - Processing screenshot image in /var/screenshots/screenshot-17056534109606010390
10:03:26.446 [Darkroom Processing Line] DEBUG net.serenitybdd.core.photography.DarkroomProcessingLine - Saving screenshot to target\site\serenity\0245ebe700bc9b67552e0cbdd5c1be17ea502a8a68f22da00cd558a3e084beff.png
10:03:26.446 [main] DEBUG net.thucydides.core.steps.StepInterceptor - STEP DONE: inputPassword
  &amp#27;[32mAnd &amp#27;[0m&amp#27;[32muser input password untuk register&amp#27;[0m                          &amp#27;[90m# starter.stepdefinitions.RegisterSteps.userInputPasswordUntukRegister()&amp#27;[0m
10:03:26.463 [main] DEBUG net.thucydides.core.steps.StepInterceptor - STARTING STEP: RegisterSteps.userKlikRegisterYangKedua - klikButtonRegister
10:03:26.468 [Forwarding findElement on session b98aa0d690e6f260a654a3be833d257e to remote] DEBUG org.asynchttpclient.netty.request.NettyRequestSender - Using pooled Channel '[id: 0x6cba7a08, L:/127.0.0.1:50149 - R:localhost/127.0.0.1:26055]' for 'POST' to 'http://localhost:26055/session/b98aa0d690e6f260a654a3be833d257e/element'
10:03:26.468 [Forwarding findElement on session b98aa0d690e6f260a654a3be833d257e to remote] DEBUG org.asynchttpclient.netty.request.NettyRequestSender - Using open Channel [id: 0x6cba7a08, L:/127.0.0.1:50149 - R:localhost/127.0.0.1:26055] for POST '/session/b98aa0d690e6f260a654a3be833d257e/element'
10:03:26.488 [AsyncHttpClient-1-16] DEBUG org.asynchttpclient.netty.handler.HttpHandler - 

Request DefaultHttpRequest(decodeResult: success, version: HTTP/1.1)
POST /session/b98aa0d690e6f260a654a3be833d257e/element HTTP/1.1
User-Agent: selenium/4.7.1 (java windows)
Content-Length: 141
Content-Type: application/json; charset=utf-8
host: localhost:26055
accept: */*

Response DefaultHttpResponse(decodeResult: success, version: HTTP/1.1)
HTTP/1.1 200 OK
Content-Type: application/json; charset=utf-8
cache-control: no-cache
content-length: 88

10:03:26.488 [AsyncHttpClient-1-16] DEBUG org.asynchttpclient.netty.channel.ChannelManager - Adding key: http://localhost:26055 for channel [id: 0x6cba7a08, L:/127.0.0.1:50149 - R:localhost/127.0.0.1:26055]
10:03:26.490 [Forwarding getElementTagName on session b98aa0d690e6f260a654a3be833d257e to remote] DEBUG org.asynchttpclient.netty.request.NettyRequestSender - Using pooled Channel '[id: 0x6cba7a08, L:/127.0.0.1:50149 - R:localhost/127.0.0.1:26055]' for 'GET' to 'http://localhost:26055/session/b98aa0d690e6f260a654a3be833d257e/element/f3bcc9d3-f31a-49d4-8689-c4e8b1200aff/name'
10:03:26.490 [Forwarding getElementTagName on session b98aa0d690e6f260a654a3be833d257e to remote] DEBUG org.asynchttpclient.netty.request.NettyRequestSender - Using open Channel [id: 0x6cba7a08, L:/127.0.0.1:50149 - R:localhost/127.0.0.1:26055] for GET '/session/b98aa0d690e6f260a654a3be833d257e/element/f3bcc9d3-f31a-49d4-8689-c4e8b1200aff/name'
10:03:26.499 [AsyncHttpClient-1-16] DEBUG org.asynchttpclient.netty.handler.HttpHandler - 

Request DefaultFullHttpRequest(decodeResult: success, version: HTTP/1.1, content: EmptyByteBufBE)
GET /session/b98aa0d690e6f260a654a3be833d257e/element/f3bcc9d3-f31a-49d4-8689-c4e8b1200aff/name HTTP/1.1
User-Agent: selenium/4.7.1 (java windows)
Cache-Control: no-cache
Content-Type: application/json; charset=utf-8
host: localhost:26055
accept: */*

Response DefaultHttpResponse(decodeResult: success, version: HTTP/1.1)
HTTP/1.1 200 OK
Content-Type: application/json; charset=utf-8
cache-control: no-cache
content-length: 18

10:03:26.499 [AsyncHttpClient-1-16] DEBUG org.asynchttpclient.netty.channel.ChannelManager - Adding key: http://localhost:26055 for channel [id: 0x6cba7a08, L:/127.0.0.1:50149 - R:localhost/127.0.0.1:26055]
10:03:26.501 [Forwarding getElementTagName on session b98aa0d690e6f260a654a3be833d257e to remote] DEBUG org.asynchttpclient.netty.request.NettyRequestSender - Using pooled Channel '[id: 0x6cba7a08, L:/127.0.0.1:50149 - R:localhost/127.0.0.1:26055]' for 'GET' to 'http://localhost:26055/session/b98aa0d690e6f260a654a3be833d257e/element/f3bcc9d3-f31a-49d4-8689-c4e8b1200aff/name'
10:03:26.501 [Forwarding getElementTagName on session b98aa0d690e6f260a654a3be833d257e to remote] DEBUG org.asynchttpclient.netty.request.NettyRequestSender - Using open Channel [id: 0x6cba7a08, L:/127.0.0.1:50149 - R:localhost/127.0.0.1:26055] for GET '/session/b98aa0d690e6f260a654a3be833d257e/element/f3bcc9d3-f31a-49d4-8689-c4e8b1200aff/name'
10:03:26.507 [AsyncHttpClient-1-16] DEBUG org.asynchttpclient.netty.handler.HttpHandler - 

Request DefaultFullHttpRequest(decodeResult: success, version: HTTP/1.1, content: EmptyByteBufBE)
GET /session/b98aa0d690e6f260a654a3be833d257e/element/f3bcc9d3-f31a-49d4-8689-c4e8b1200aff/name HTTP/1.1
User-Agent: selenium/4.7.1 (java windows)
Cache-Control: no-cache
Content-Type: application/json; charset=utf-8
host: localhost:26055
accept: */*

Response DefaultHttpResponse(decodeResult: success, version: HTTP/1.1)
HTTP/1.1 200 OK
Content-Type: application/json; charset=utf-8
cache-control: no-cache
content-length: 18

10:03:26.508 [AsyncHttpClient-1-16] DEBUG org.asynchttpclient.netty.channel.ChannelManager - Adding key: http://localhost:26055 for channel [id: 0x6cba7a08, L:/127.0.0.1:50149 - R:localhost/127.0.0.1:26055]
10:03:26.510 [Forwarding isElementEnabled on session b98aa0d690e6f260a654a3be833d257e to remote] DEBUG org.asynchttpclient.netty.request.NettyRequestSender - Using pooled Channel '[id: 0x6cba7a08, L:/127.0.0.1:50149 - R:localhost/127.0.0.1:26055]' for 'GET' to 'http://localhost:26055/session/b98aa0d690e6f260a654a3be833d257e/element/f3bcc9d3-f31a-49d4-8689-c4e8b1200aff/enabled'
10:03:26.510 [Forwarding isElementEnabled on session b98aa0d690e6f260a654a3be833d257e to remote] DEBUG org.asynchttpclient.netty.request.NettyRequestSender - Using open Channel [id: 0x6cba7a08, L:/127.0.0.1:50149 - R:localhost/127.0.0.1:26055] for GET '/session/b98aa0d690e6f260a654a3be833d257e/element/f3bcc9d3-f31a-49d4-8689-c4e8b1200aff/enabled'
10:03:26.524 [AsyncHttpClient-1-16] DEBUG org.asynchttpclient.netty.handler.HttpHandler - 

Request DefaultFullHttpRequest(decodeResult: success, version: HTTP/1.1, content: EmptyByteBufBE)
GET /session/b98aa0d690e6f260a654a3be833d257e/element/f3bcc9d3-f31a-49d4-8689-c4e8b1200aff/enabled HTTP/1.1
User-Agent: selenium/4.7.1 (java windows)
Cache-Control: no-cache
Content-Type: application/json; charset=utf-8
host: localhost:26055
accept: */*

Response DefaultHttpResponse(decodeResult: success, version: HTTP/1.1)
HTTP/1.1 200 OK
Content-Type: application/json; charset=utf-8
cache-control: no-cache
content-length: 14

10:03:26.524 [AsyncHttpClient-1-16] DEBUG org.asynchttpclient.netty.channel.ChannelManager - Adding key: http://localhost:26055 for channel [id: 0x6cba7a08, L:/127.0.0.1:50149 - R:localhost/127.0.0.1:26055]
10:03:26.526 [Forwarding isElementEnabled on session b98aa0d690e6f260a654a3be833d257e to remote] DEBUG org.asynchttpclient.netty.request.NettyRequestSender - Using pooled Channel '[id: 0x6cba7a08, L:/127.0.0.1:50149 - R:localhost/127.0.0.1:26055]' for 'GET' to 'http://localhost:26055/session/b98aa0d690e6f260a654a3be833d257e/element/f3bcc9d3-f31a-49d4-8689-c4e8b1200aff/enabled'
10:03:26.526 [Forwarding isElementEnabled on session b98aa0d690e6f260a654a3be833d257e to remote] DEBUG org.asynchttpclient.netty.request.NettyRequestSender - Using open Channel [id: 0x6cba7a08, L:/127.0.0.1:50149 - R:localhost/127.0.0.1:26055] for GET '/session/b98aa0d690e6f260a654a3be833d257e/element/f3bcc9d3-f31a-49d4-8689-c4e8b1200aff/enabled'
10:03:26.538 [AsyncHttpClient-1-16] DEBUG org.asynchttpclient.netty.handler.HttpHandler - 

Request DefaultFullHttpRequest(decodeResult: success, version: HTTP/1.1, content: EmptyByteBufBE)
GET /session/b98aa0d690e6f260a654a3be833d257e/element/f3bcc9d3-f31a-49d4-8689-c4e8b1200aff/enabled HTTP/1.1
User-Agent: selenium/4.7.1 (java windows)
Cache-Control: no-cache
Content-Type: application/json; charset=utf-8
host: localhost:26055
accept: */*

Response DefaultHttpResponse(decodeResult: success, version: HTTP/1.1)
HTTP/1.1 200 OK
Content-Type: application/json; charset=utf-8
cache-control: no-cache
content-length: 14

10:03:26.539 [AsyncHttpClient-1-16] DEBUG org.asynchttpclient.netty.channel.ChannelManager - Adding key: http://localhost:26055 for channel [id: 0x6cba7a08, L:/127.0.0.1:50149 - R:localhost/127.0.0.1:26055]
10:03:26.541 [Forwarding findElement on session b98aa0d690e6f260a654a3be833d257e to remote] DEBUG org.asynchttpclient.netty.request.NettyRequestSender - Using pooled Channel '[id: 0x6cba7a08, L:/127.0.0.1:50149 - R:localhost/127.0.0.1:26055]' for 'POST' to 'http://localhost:26055/session/b98aa0d690e6f260a654a3be833d257e/element'
10:03:26.541 [Forwarding findElement on session b98aa0d690e6f260a654a3be833d257e to remote] DEBUG org.asynchttpclient.netty.request.NettyRequestSender - Using open Channel [id: 0x6cba7a08, L:/127.0.0.1:50149 - R:localhost/127.0.0.1:26055] for POST '/session/b98aa0d690e6f260a654a3be833d257e/element'
10:03:26.554 [AsyncHttpClient-1-16] DEBUG org.asynchttpclient.netty.handler.HttpHandler - 

Request DefaultHttpRequest(decodeResult: success, version: HTTP/1.1)
POST /session/b98aa0d690e6f260a654a3be833d257e/element HTTP/1.1
User-Agent: selenium/4.7.1 (java windows)
Content-Length: 141
Content-Type: application/json; charset=utf-8
host: localhost:26055
accept: */*

Response DefaultHttpResponse(decodeResult: success, version: HTTP/1.1)
HTTP/1.1 200 OK
Content-Type: application/json; charset=utf-8
cache-control: no-cache
content-length: 88

10:03:26.554 [AsyncHttpClient-1-16] DEBUG org.asynchttpclient.netty.channel.ChannelManager - Adding key: http://localhost:26055 for channel [id: 0x6cba7a08, L:/127.0.0.1:50149 - R:localhost/127.0.0.1:26055]
10:03:26.556 [Forwarding clickElement on session b98aa0d690e6f260a654a3be833d257e to remote] DEBUG org.asynchttpclient.netty.request.NettyRequestSender - Using pooled Channel '[id: 0x6cba7a08, L:/127.0.0.1:50149 - R:localhost/127.0.0.1:26055]' for 'POST' to 'http://localhost:26055/session/b98aa0d690e6f260a654a3be833d257e/element/f3bcc9d3-f31a-49d4-8689-c4e8b1200aff/click'
10:03:26.556 [Forwarding clickElement on session b98aa0d690e6f260a654a3be833d257e to remote] DEBUG org.asynchttpclient.netty.request.NettyRequestSender - Using open Channel [id: 0x6cba7a08, L:/127.0.0.1:50149 - R:localhost/127.0.0.1:26055] for POST '/session/b98aa0d690e6f260a654a3be833d257e/element/f3bcc9d3-f31a-49d4-8689-c4e8b1200aff/click'
10:03:26.621 [AsyncHttpClient-1-16] DEBUG org.asynchttpclient.netty.handler.HttpHandler - 

Request DefaultHttpRequest(decodeResult: success, version: HTTP/1.1)
POST /session/b98aa0d690e6f260a654a3be833d257e/element/f3bcc9d3-f31a-49d4-8689-c4e8b1200aff/click HTTP/1.1
User-Agent: selenium/4.7.1 (java windows)
Content-Length: 50
Content-Type: application/json; charset=utf-8
host: localhost:26055
accept: */*

Response DefaultHttpResponse(decodeResult: success, version: HTTP/1.1)
HTTP/1.1 200 OK
Content-Type: application/json; charset=utf-8
cache-control: no-cache
content-length: 14

10:03:26.621 [AsyncHttpClient-1-16] DEBUG org.asynchttpclient.netty.channel.ChannelManager - Adding key: http://localhost:26055 for channel [id: 0x6cba7a08, L:/127.0.0.1:50149 - R:localhost/127.0.0.1:26055]
10:03:26.628 [Forwarding getCurrentWindowHandle on session b98aa0d690e6f260a654a3be833d257e to remote] DEBUG org.asynchttpclient.netty.request.NettyRequestSender - Using pooled Channel '[id: 0x6cba7a08, L:/127.0.0.1:50149 - R:localhost/127.0.0.1:26055]' for 'GET' to 'http://localhost:26055/session/b98aa0d690e6f260a654a3be833d257e/window'
10:03:26.628 [Forwarding getCurrentWindowHandle on session b98aa0d690e6f260a654a3be833d257e to remote] DEBUG org.asynchttpclient.netty.request.NettyRequestSender - Using open Channel [id: 0x6cba7a08, L:/127.0.0.1:50149 - R:localhost/127.0.0.1:26055] for GET '/session/b98aa0d690e6f260a654a3be833d257e/window'
10:03:26.630 [AsyncHttpClient-1-16] DEBUG org.asynchttpclient.netty.handler.HttpHandler - 

Request DefaultFullHttpRequest(decodeResult: success, version: HTTP/1.1, content: EmptyByteBufBE)
GET /session/b98aa0d690e6f260a654a3be833d257e/window HTTP/1.1
User-Agent: selenium/4.7.1 (java windows)
Cache-Control: no-cache
Content-Type: application/json; charset=utf-8
host: localhost:26055
accept: */*

Response DefaultHttpResponse(decodeResult: success, version: HTTP/1.1)
HTTP/1.1 200 OK
Content-Type: application/json; charset=utf-8
cache-control: no-cache
content-length: 44

10:03:26.630 [AsyncHttpClient-1-16] DEBUG org.asynchttpclient.netty.channel.ChannelManager - Adding key: http://localhost:26055 for channel [id: 0x6cba7a08, L:/127.0.0.1:50149 - R:localhost/127.0.0.1:26055]
10:03:26.632 [Forwarding getAlertText on session b98aa0d690e6f260a654a3be833d257e to remote] DEBUG org.asynchttpclient.netty.request.NettyRequestSender - Using pooled Channel '[id: 0x6cba7a08, L:/127.0.0.1:50149 - R:localhost/127.0.0.1:26055]' for 'GET' to 'http://localhost:26055/session/b98aa0d690e6f260a654a3be833d257e/alert/text'
10:03:26.632 [Forwarding getAlertText on session b98aa0d690e6f260a654a3be833d257e to remote] DEBUG org.asynchttpclient.netty.request.NettyRequestSender - Using open Channel [id: 0x6cba7a08, L:/127.0.0.1:50149 - R:localhost/127.0.0.1:26055] for GET '/session/b98aa0d690e6f260a654a3be833d257e/alert/text'
10:03:26.635 [AsyncHttpClient-1-16] DEBUG org.asynchttpclient.netty.handler.HttpHandler - 

Request DefaultFullHttpRequest(decodeResult: success, version: HTTP/1.1, content: EmptyByteBufBE)
GET /session/b98aa0d690e6f260a654a3be833d257e/alert/text HTTP/1.1
User-Agent: selenium/4.7.1 (java windows)
Cache-Control: no-cache
Content-Type: application/json; charset=utf-8
host: localhost:26055
accept: */*

Response DefaultHttpResponse(decodeResult: success, version: HTTP/1.1)
HTTP/1.1 404 Not Found
Content-Type: application/json; charset=utf-8
cache-control: no-cache
content-length: 821

10:03:26.635 [AsyncHttpClient-1-16] DEBUG org.asynchttpclient.netty.channel.ChannelManager - Adding key: http://localhost:26055 for channel [id: 0x6cba7a08, L:/127.0.0.1:50149 - R:localhost/127.0.0.1:26055]
10:03:26.637 [Forwarding switchToWindow on session b98aa0d690e6f260a654a3be833d257e to remote] DEBUG org.asynchttpclient.netty.request.NettyRequestSender - Using pooled Channel '[id: 0x6cba7a08, L:/127.0.0.1:50149 - R:localhost/127.0.0.1:26055]' for 'POST' to 'http://localhost:26055/session/b98aa0d690e6f260a654a3be833d257e/window'
10:03:26.637 [Forwarding switchToWindow on session b98aa0d690e6f260a654a3be833d257e to remote] DEBUG org.asynchttpclient.netty.request.NettyRequestSender - Using open Channel [id: 0x6cba7a08, L:/127.0.0.1:50149 - R:localhost/127.0.0.1:26055] for POST '/session/b98aa0d690e6f260a654a3be833d257e/window'
10:03:26.641 [AsyncHttpClient-1-16] DEBUG org.asynchttpclient.netty.handler.HttpHandler - 

Request DefaultHttpRequest(decodeResult: success, version: HTTP/1.1)
POST /session/b98aa0d690e6f260a654a3be833d257e/window HTTP/1.1
User-Agent: selenium/4.7.1 (java windows)
Content-Length: 50
Content-Type: application/json; charset=utf-8
host: localhost:26055
accept: */*

Response DefaultHttpResponse(decodeResult: success, version: HTTP/1.1)
HTTP/1.1 200 OK
Content-Type: application/json; charset=utf-8
cache-control: no-cache
content-length: 14

10:03:26.641 [AsyncHttpClient-1-16] DEBUG org.asynchttpclient.netty.channel.ChannelManager - Adding key: http://localhost:26055 for channel [id: 0x6cba7a08, L:/127.0.0.1:50149 - R:localhost/127.0.0.1:26055]
10:03:26.642 [Forwarding getCurrentUrl on session b98aa0d690e6f260a654a3be833d257e to remote] DEBUG org.asynchttpclient.netty.request.NettyRequestSender - Using pooled Channel '[id: 0x6cba7a08, L:/127.0.0.1:50149 - R:localhost/127.0.0.1:26055]' for 'GET' to 'http://localhost:26055/session/b98aa0d690e6f260a654a3be833d257e/url'
10:03:26.642 [Forwarding getCurrentUrl on session b98aa0d690e6f260a654a3be833d257e to remote] DEBUG org.asynchttpclient.netty.request.NettyRequestSender - Using open Channel [id: 0x6cba7a08, L:/127.0.0.1:50149 - R:localhost/127.0.0.1:26055] for GET '/session/b98aa0d690e6f260a654a3be833d257e/url'
10:03:26.650 [AsyncHttpClient-1-16] DEBUG org.asynchttpclient.netty.handler.HttpHandler - 

Request DefaultFullHttpRequest(decodeResult: success, version: HTTP/1.1, content: EmptyByteBufBE)
GET /session/b98aa0d690e6f260a654a3be833d257e/url HTTP/1.1
User-Agent: selenium/4.7.1 (java windows)
Cache-Control: no-cache
Content-Type: application/json; charset=utf-8
host: localhost:26055
accept: */*

Response DefaultHttpResponse(decodeResult: success, version: HTTP/1.1)
HTTP/1.1 200 OK
Content-Type: application/json; charset=utf-8
cache-control: no-cache
content-length: 54

10:03:26.651 [AsyncHttpClient-1-16] DEBUG org.asynchttpclient.netty.channel.ChannelManager - Adding key: http://localhost:26055 for channel [id: 0x6cba7a08, L:/127.0.0.1:50149 - R:localhost/127.0.0.1:26055]
10:03:26.651 [Forwarding screenshot on session b98aa0d690e6f260a654a3be833d257e to remote] DEBUG org.asynchttpclient.netty.request.NettyRequestSender - Using pooled Channel '[id: 0x6cba7a08, L:/127.0.0.1:50149 - R:localhost/127.0.0.1:26055]' for 'GET' to 'http://localhost:26055/session/b98aa0d690e6f260a654a3be833d257e/screenshot'
10:03:26.652 [Forwarding screenshot on session b98aa0d690e6f260a654a3be833d257e to remote] DEBUG org.asynchttpclient.netty.request.NettyRequestSender - Using open Channel [id: 0x6cba7a08, L:/127.0.0.1:50149 - R:localhost/127.0.0.1:26055] for GET '/session/b98aa0d690e6f260a654a3be833d257e/screenshot'
10:03:26.665 [AsyncHttpClient-1-1] DEBUG org.asynchttpclient.netty.channel.DefaultChannelPool - Entry count for : http://localhost:50150 : 1
10:03:26.786 [AsyncHttpClient-1-16] DEBUG org.asynchttpclient.netty.handler.HttpHandler - 

Request DefaultFullHttpRequest(decodeResult: success, version: HTTP/1.1, content: EmptyByteBufBE)
GET /session/b98aa0d690e6f260a654a3be833d257e/screenshot HTTP/1.1
User-Agent: selenium/4.7.1 (java windows)
Cache-Control: no-cache
Content-Type: application/json; charset=utf-8
host: localhost:26055
accept: */*

Response DefaultHttpResponse(decodeResult: success, version: HTTP/1.1)
HTTP/1.1 200 OK
Content-Type: application/json; charset=utf-8
cache-control: no-cache
content-length: 34056

10:03:26.787 [AsyncHttpClient-1-16] DEBUG org.asynchttpclient.netty.channel.ChannelManager - Adding key: http://localhost:26055 for channel [id: 0x6cba7a08, L:/127.0.0.1:50149 - R:localhost/127.0.0.1:26055]
10:03:26.788 [main] DEBUG net.serenitybdd.core.photography.Darkroom - Send negative for processing for target\site\serenity\a2e689301510d8c3035785773e7596749d4fab7496b6a339e4fe01a1ee9bb70b.png
10:03:26.789 [main] DEBUG net.thucydides.core.steps.StepInterceptor - STEP DONE: klikButtonRegister
  &amp#27;[32mThen &amp#27;[0m&amp#27;[32muser klik register yang kedua&amp#27;[0m                              &amp#27;[90m# starter.stepdefinitions.RegisterSteps.userKlikRegisterYangKedua()&amp#27;[0m
10:03:26.789 [Darkroom Processing Line] DEBUG net.serenitybdd.core.photography.DarkroomProcessingLine - Processing screenshot image in /var/screenshots/screenshot-16761724380117157290
10:03:26.789 [Darkroom Processing Line] DEBUG net.serenitybdd.core.photography.DarkroomProcessingLine - Saving screenshot to target\site\serenity\a2e689301510d8c3035785773e7596749d4fab7496b6a339e4fe01a1ee9bb70b.png
10:03:26.804 [main] DEBUG net.thucydides.core.steps.StepInterceptor - STARTING STEP: RegisterSteps.userBeradaDiHalamanLogin - halamanLogin
10:03:26.807 [Forwarding findElement on session b98aa0d690e6f260a654a3be833d257e to remote] DEBUG org.asynchttpclient.netty.request.NettyRequestSender - Using pooled Channel '[id: 0x6cba7a08, L:/127.0.0.1:50149 - R:localhost/127.0.0.1:26055]' for 'POST' to 'http://localhost:26055/session/b98aa0d690e6f260a654a3be833d257e/element'
10:03:26.807 [Forwarding findElement on session b98aa0d690e6f260a654a3be833d257e to remote] DEBUG org.asynchttpclient.netty.request.NettyRequestSender - Using open Channel [id: 0x6cba7a08, L:/127.0.0.1:50149 - R:localhost/127.0.0.1:26055] for POST '/session/b98aa0d690e6f260a654a3be833d257e/element'
10:03:27.012 [AsyncHttpClient-1-16] DEBUG org.asynchttpclient.netty.handler.HttpHandler - 

Request DefaultHttpRequest(decodeResult: success, version: HTTP/1.1)
POST /session/b98aa0d690e6f260a654a3be833d257e/element HTTP/1.1
User-Agent: selenium/4.7.1 (java windows)
Content-Length: 141
Content-Type: application/json; charset=utf-8
host: localhost:26055
accept: */*

Response DefaultHttpResponse(decodeResult: success, version: HTTP/1.1)
HTTP/1.1 200 OK
Content-Type: application/json; charset=utf-8
cache-control: no-cache
content-length: 88

10:03:27.012 [AsyncHttpClient-1-16] DEBUG org.asynchttpclient.netty.channel.ChannelManager - Adding key: http://localhost:26055 for channel [id: 0x6cba7a08, L:/127.0.0.1:50149 - R:localhost/127.0.0.1:26055]
10:03:27.018 [Forwarding isElementDisplayed on session b98aa0d690e6f260a654a3be833d257e to remote] DEBUG org.asynchttpclient.netty.request.NettyRequestSender - Using pooled Channel '[id: 0x6cba7a08, L:/127.0.0.1:50149 - R:localhost/127.0.0.1:26055]' for 'POST' to 'http://localhost:26055/session/b98aa0d690e6f260a654a3be833d257e/execute/sync'
10:03:27.018 [Forwarding isElementDisplayed on session b98aa0d690e6f260a654a3be833d257e to remote] DEBUG org.asynchttpclient.netty.request.NettyRequestSender - Using open Channel [id: 0x6cba7a08, L:/127.0.0.1:50149 - R:localhost/127.0.0.1:26055] for POST '/session/b98aa0d690e6f260a654a3be833d257e/execute/sync'
10:03:27.038 [AsyncHttpClient-1-16] DEBUG org.asynchttpclient.netty.handler.HttpHandler - 

Request DefaultHttpRequest(decodeResult: success, version: HTTP/1.1)
POST /session/b98aa0d690e6f260a654a3be833d257e/execute/sync HTTP/1.1
User-Agent: selenium/4.7.1 (java windows)
Content-Length: 48780
Content-Type: application/json; charset=utf-8
host: localhost:26055
accept: */*

Response DefaultHttpResponse(decodeResult: success, version: HTTP/1.1)
HTTP/1.1 200 OK
Content-Type: application/json; charset=utf-8
cache-control: no-cache
content-length: 14

10:03:27.038 [AsyncHttpClient-1-16] DEBUG org.asynchttpclient.netty.channel.ChannelManager - Adding key: http://localhost:26055 for channel [id: 0x6cba7a08, L:/127.0.0.1:50149 - R:localhost/127.0.0.1:26055]
10:03:27.048 [Forwarding isElementDisplayed on session b98aa0d690e6f260a654a3be833d257e to remote] DEBUG org.asynchttpclient.netty.request.NettyRequestSender - Using pooled Channel '[id: 0x6cba7a08, L:/127.0.0.1:50149 - R:localhost/127.0.0.1:26055]' for 'POST' to 'http://localhost:26055/session/b98aa0d690e6f260a654a3be833d257e/execute/sync'
10:03:27.048 [Forwarding isElementDisplayed on session b98aa0d690e6f260a654a3be833d257e to remote] DEBUG org.asynchttpclient.netty.request.NettyRequestSender - Using open Channel [id: 0x6cba7a08, L:/127.0.0.1:50149 - R:localhost/127.0.0.1:26055] for POST '/session/b98aa0d690e6f260a654a3be833d257e/execute/sync'
10:03:27.067 [AsyncHttpClient-1-16] DEBUG org.asynchttpclient.netty.handler.HttpHandler - 

Request DefaultHttpRequest(decodeResult: success, version: HTTP/1.1)
POST /session/b98aa0d690e6f260a654a3be833d257e/execute/sync HTTP/1.1
User-Agent: selenium/4.7.1 (java windows)
Content-Length: 48780
Content-Type: application/json; charset=utf-8
host: localhost:26055
accept: */*

Response DefaultHttpResponse(decodeResult: success, version: HTTP/1.1)
HTTP/1.1 200 OK
Content-Type: application/json; charset=utf-8
cache-control: no-cache
content-length: 14

10:03:27.067 [AsyncHttpClient-1-16] DEBUG org.asynchttpclient.netty.channel.ChannelManager - Adding key: http://localhost:26055 for channel [id: 0x6cba7a08, L:/127.0.0.1:50149 - R:localhost/127.0.0.1:26055]
10:03:27.077 [Forwarding getCurrentWindowHandle on session b98aa0d690e6f260a654a3be833d257e to remote] DEBUG org.asynchttpclient.netty.request.NettyRequestSender - Using pooled Channel '[id: 0x6cba7a08, L:/127.0.0.1:50149 - R:localhost/127.0.0.1:26055]' for 'GET' to 'http://localhost:26055/session/b98aa0d690e6f260a654a3be833d257e/window'
10:03:27.077 [Forwarding getCurrentWindowHandle on session b98aa0d690e6f260a654a3be833d257e to remote] DEBUG org.asynchttpclient.netty.request.NettyRequestSender - Using open Channel [id: 0x6cba7a08, L:/127.0.0.1:50149 - R:localhost/127.0.0.1:26055] for GET '/session/b98aa0d690e6f260a654a3be833d257e/window'
10:03:27.079 [AsyncHttpClient-1-16] DEBUG org.asynchttpclient.netty.handler.HttpHandler - 

Request DefaultFullHttpRequest(decodeResult: success, version: HTTP/1.1, content: EmptyByteBufBE)
GET /session/b98aa0d690e6f260a654a3be833d257e/window HTTP/1.1
User-Agent: selenium/4.7.1 (java windows)
Cache-Control: no-cache
Content-Type: application/json; charset=utf-8
host: localhost:26055
accept: */*

Response DefaultHttpResponse(decodeResult: success, version: HTTP/1.1)
HTTP/1.1 200 OK
Content-Type: application/json; charset=utf-8
cache-control: no-cache
content-length: 44

10:03:27.079 [AsyncHttpClient-1-16] DEBUG org.asynchttpclient.netty.channel.ChannelManager - Adding key: http://localhost:26055 for channel [id: 0x6cba7a08, L:/127.0.0.1:50149 - R:localhost/127.0.0.1:26055]
10:03:27.082 [Forwarding getAlertText on session b98aa0d690e6f260a654a3be833d257e to remote] DEBUG org.asynchttpclient.netty.request.NettyRequestSender - Using pooled Channel '[id: 0x6cba7a08, L:/127.0.0.1:50149 - R:localhost/127.0.0.1:26055]' for 'GET' to 'http://localhost:26055/session/b98aa0d690e6f260a654a3be833d257e/alert/text'
10:03:27.082 [Forwarding getAlertText on session b98aa0d690e6f260a654a3be833d257e to remote] DEBUG org.asynchttpclient.netty.request.NettyRequestSender - Using open Channel [id: 0x6cba7a08, L:/127.0.0.1:50149 - R:localhost/127.0.0.1:26055] for GET '/session/b98aa0d690e6f260a654a3be833d257e/alert/text'
10:03:27.085 [AsyncHttpClient-1-16] DEBUG org.asynchttpclient.netty.handler.HttpHandler - 

Request DefaultFullHttpRequest(decodeResult: success, version: HTTP/1.1, content: EmptyByteBufBE)
GET /session/b98aa0d690e6f260a654a3be833d257e/alert/text HTTP/1.1
User-Agent: selenium/4.7.1 (java windows)
Cache-Control: no-cache
Content-Type: application/json; charset=utf-8
host: localhost:26055
accept: */*

Response DefaultHttpResponse(decodeResult: success, version: HTTP/1.1)
HTTP/1.1 404 Not Found
Content-Type: application/json; charset=utf-8
cache-control: no-cache
content-length: 821

10:03:27.086 [AsyncHttpClient-1-16] DEBUG org.asynchttpclient.netty.channel.ChannelManager - Adding key: http://localhost:26055 for channel [id: 0x6cba7a08, L:/127.0.0.1:50149 - R:localhost/127.0.0.1:26055]
10:03:27.088 [Forwarding switchToWindow on session b98aa0d690e6f260a654a3be833d257e to remote] DEBUG org.asynchttpclient.netty.request.NettyRequestSender - Using pooled Channel '[id: 0x6cba7a08, L:/127.0.0.1:50149 - R:localhost/127.0.0.1:26055]' for 'POST' to 'http://localhost:26055/session/b98aa0d690e6f260a654a3be833d257e/window'
10:03:27.089 [Forwarding switchToWindow on session b98aa0d690e6f260a654a3be833d257e to remote] DEBUG org.asynchttpclient.netty.request.NettyRequestSender - Using open Channel [id: 0x6cba7a08, L:/127.0.0.1:50149 - R:localhost/127.0.0.1:26055] for POST '/session/b98aa0d690e6f260a654a3be833d257e/window'
10:03:27.092 [AsyncHttpClient-1-16] DEBUG org.asynchttpclient.netty.handler.HttpHandler - 

Request DefaultHttpRequest(decodeResult: success, version: HTTP/1.1)
POST /session/b98aa0d690e6f260a654a3be833d257e/window HTTP/1.1
User-Agent: selenium/4.7.1 (java windows)
Content-Length: 50
Content-Type: application/json; charset=utf-8
host: localhost:26055
accept: */*

Response DefaultHttpResponse(decodeResult: success, version: HTTP/1.1)
HTTP/1.1 200 OK
Content-Type: application/json; charset=utf-8
cache-control: no-cache
content-length: 14

10:03:27.092 [AsyncHttpClient-1-16] DEBUG org.asynchttpclient.netty.channel.ChannelManager - Adding key: http://localhost:26055 for channel [id: 0x6cba7a08, L:/127.0.0.1:50149 - R:localhost/127.0.0.1:26055]
10:03:27.093 [Forwarding getCurrentUrl on session b98aa0d690e6f260a654a3be833d257e to remote] DEBUG org.asynchttpclient.netty.request.NettyRequestSender - Using pooled Channel '[id: 0x6cba7a08, L:/127.0.0.1:50149 - R:localhost/127.0.0.1:26055]' for 'GET' to 'http://localhost:26055/session/b98aa0d690e6f260a654a3be833d257e/url'
10:03:27.093 [Forwarding getCurrentUrl on session b98aa0d690e6f260a654a3be833d257e to remote] DEBUG org.asynchttpclient.netty.request.NettyRequestSender - Using open Channel [id: 0x6cba7a08, L:/127.0.0.1:50149 - R:localhost/127.0.0.1:26055] for GET '/session/b98aa0d690e6f260a654a3be833d257e/url'
10:03:27.102 [AsyncHttpClient-1-16] DEBUG org.asynchttpclient.netty.handler.HttpHandler - 

Request DefaultFullHttpRequest(decodeResult: success, version: HTTP/1.1, content: EmptyByteBufBE)
GET /session/b98aa0d690e6f260a654a3be833d257e/url HTTP/1.1
User-Agent: selenium/4.7.1 (java windows)
Cache-Control: no-cache
Content-Type: application/json; charset=utf-8
host: localhost:26055
accept: */*

Response DefaultHttpResponse(decodeResult: success, version: HTTP/1.1)
HTTP/1.1 200 OK
Content-Type: application/json; charset=utf-8
cache-control: no-cache
content-length: 51

10:03:27.102 [AsyncHttpClient-1-16] DEBUG org.asynchttpclient.netty.channel.ChannelManager - Adding key: http://localhost:26055 for channel [id: 0x6cba7a08, L:/127.0.0.1:50149 - R:localhost/127.0.0.1:26055]
10:03:27.103 [Forwarding screenshot on session b98aa0d690e6f260a654a3be833d257e to remote] DEBUG org.asynchttpclient.netty.request.NettyRequestSender - Using pooled Channel '[id: 0x6cba7a08, L:/127.0.0.1:50149 - R:localhost/127.0.0.1:26055]' for 'GET' to 'http://localhost:26055/session/b98aa0d690e6f260a654a3be833d257e/screenshot'
10:03:27.103 [Forwarding screenshot on session b98aa0d690e6f260a654a3be833d257e to remote] DEBUG org.asynchttpclient.netty.request.NettyRequestSender - Using open Channel [id: 0x6cba7a08, L:/127.0.0.1:50149 - R:localhost/127.0.0.1:26055] for GET '/session/b98aa0d690e6f260a654a3be833d257e/screenshot'
10:03:27.217 [AsyncHttpClient-1-16] DEBUG org.asynchttpclient.netty.handler.HttpHandler - 

Request DefaultFullHttpRequest(decodeResult: success, version: HTTP/1.1, content: EmptyByteBufBE)
GET /session/b98aa0d690e6f260a654a3be833d257e/screenshot HTTP/1.1
User-Agent: selenium/4.7.1 (java windows)
Cache-Control: no-cache
Content-Type: application/json; charset=utf-8
host: localhost:26055
accept: */*

Response DefaultHttpResponse(decodeResult: success, version: HTTP/1.1)
HTTP/1.1 200 OK
Content-Type: application/json; charset=utf-8
cache-control: no-cache
content-length: 24976

10:03:27.218 [AsyncHttpClient-1-16] DEBUG org.asynchttpclient.netty.channel.ChannelManager - Adding key: http://localhost:26055 for channel [id: 0x6cba7a08, L:/127.0.0.1:50149 - R:localhost/127.0.0.1:26055]
10:03:27.219 [main] DEBUG net.serenitybdd.core.photography.Darkroom - Send negative for processing for target\site\serenity\0b2478f350eeea5e57067151f17b8151952dc39287b744b161042dee08b86482.png
10:03:27.220 [main] DEBUG net.thucydides.core.steps.StepInterceptor - STEP DONE: halamanLogin
  &amp#27;[32mAnd &amp#27;[0m&amp#27;[32muser berada di halaman login&amp#27;[0m                                &amp#27;[90m# starter.stepdefinitions.RegisterSteps.userBeradaDiHalamanLogin()&amp#27;[0m
10:03:27.220 [Darkroom Processing Line] DEBUG net.serenitybdd.core.photography.DarkroomProcessingLine - Processing screenshot image in /var/screenshots/screenshot-10719825216075689225
10:03:27.220 [Darkroom Processing Line] DEBUG net.serenitybdd.core.photography.DarkroomProcessingLine - Saving screenshot to target\site\serenity\0b2478f350eeea5e57067151f17b8151952dc39287b744b161042dee08b86482.png
10:03:27.230 [main] INFO  - 
  _____   ___   ___   _____     ___     _     ___   ___   ___   ___  
 |_   _| | __| / __| |_   _|   | _ \   /_\   / __| / __| | __| |   \ 
   | |   | _|  \__ \   | |     |  _/  / _ \  \__ \ \__ \ | _|  | |) |
   |_|   |___| |___/   |_|     |_|   /_/ \_\ |___/ |___/ |___| |___/ 

user bisa register
----------------------------------------------------------------------
10:03:27.233 [AsyncHttpClient-1-2] DEBUG org.asynchttpclient.netty.handler.WebSocketHandler - Channel Closed: [id: 0x58c399e8, L:/127.0.0.1:50158 ! R:localhost/127.0.0.1:50150] with attribute NettyResponseFuture{currentRetry=0,
	isDone=1,
	isCancelled=0,
	asyncHandler=org.asynchttpclient.ws.WebSocketUpgradeHandler@69b04e8a,
	nettyRequest=org.asynchttpclient.netty.request.NettyRequest@610834a9,
	future=java.util.concurrent.CompletableFuture@29cb5075[Completed normally],
	uri=ws://localhost:50150/devtools/browser/6cb54365-3cec-4f4c-8f56-0a447ef8ef7f,
	keepAlive=true,
	redirectCount=0,
	timeoutsHolder=null,
	inAuth=0,
	touch=1683515000314}
10:03:27.233 [Driver Command Executor] DEBUG org.asynchttpclient.netty.request.NettyRequestSender - Using pooled Channel '[id: 0x6cba7a08, L:/127.0.0.1:50149 - R:localhost/127.0.0.1:26055]' for 'DELETE' to 'http://localhost:26055/session/b98aa0d690e6f260a654a3be833d257e'
10:03:27.233 [Driver Command Executor] DEBUG org.asynchttpclient.netty.request.NettyRequestSender - Using open Channel [id: 0x6cba7a08, L:/127.0.0.1:50149 - R:localhost/127.0.0.1:26055] for DELETE '/session/b98aa0d690e6f260a654a3be833d257e'
10:03:27.233 [AsyncHttpClient-1-2] DEBUG org.asynchttpclient.netty.channel.ChannelManager - Closing Channel [id: 0x58c399e8, L:/127.0.0.1:50158 ! R:localhost/127.0.0.1:50150] 
10:03:27.385 [AsyncHttpClient-1-17] DEBUG org.asynchttpclient.netty.handler.HttpHandler - Unexpected I/O exception on channel [id: 0x6c14e4b7, L:/127.0.0.1:50157 - R:localhost/127.0.0.1:50150]
java.net.SocketException: Connection reset
	at java.base/sun.nio.ch.SocketChannelImpl.throwConnectionReset(SocketChannelImpl.java:401)
	at java.base/sun.nio.ch.SocketChannelImpl.read(SocketChannelImpl.java:434)
	at io.netty.buffer.PooledByteBuf.setBytes(PooledByteBuf.java:259)
	at io.netty.buffer.AbstractByteBuf.writeBytes(AbstractByteBuf.java:1132)
	at io.netty.channel.socket.nio.NioSocketChannel.doReadBytes(NioSocketChannel.java:357)
	at io.netty.channel.nio.AbstractNioByteChannel$NioByteUnsafe.read(AbstractNioByteChannel.java:151)
	at io.netty.channel.nio.NioEventLoop.processSelectedKey(NioEventLoop.java:788)
	at io.netty.channel.nio.NioEventLoop.processSelectedKeysOptimized(NioEventLoop.java:724)
	at io.netty.channel.nio.NioEventLoop.processSelectedKeys(NioEventLoop.java:650)
	at io.netty.channel.nio.NioEventLoop.run(NioEventLoop.java:562)
	at io.netty.util.concurrent.SingleThreadEventExecutor$4.run(SingleThreadEventExecutor.java:997)
	at io.netty.util.internal.ThreadExecutorMap$2.run(ThreadExecutorMap.java:74)
	at io.netty.util.concurrent.FastThreadLocalRunnable.run(FastThreadLocalRunnable.java:30)
	at java.base/java.lang.Thread.run(Thread.java:1589)
10:03:27.385 [AsyncHttpClient-1-17] DEBUG org.asynchttpclient.netty.channel.ChannelManager - Closing Channel [id: 0x6c14e4b7, L:/127.0.0.1:50157 - R:localhost/127.0.0.1:50150] 
10:03:27.386 [AsyncHttpClient-1-17] DEBUG org.asynchttpclient.netty.handler.HttpHandler - Channel Closed: [id: 0x6c14e4b7, L:/127.0.0.1:50157 ! R:localhost/127.0.0.1:50150] with attribute DISCARD
10:03:27.415 [AsyncHttpClient-1-16] DEBUG org.asynchttpclient.netty.handler.HttpHandler - 

Request DefaultFullHttpRequest(decodeResult: success, version: HTTP/1.1, content: EmptyByteBufBE)
DELETE /session/b98aa0d690e6f260a654a3be833d257e HTTP/1.1
User-Agent: selenium/4.7.1 (java windows)
Content-Type: application/json; charset=utf-8
host: localhost:26055
accept: */*

Response DefaultHttpResponse(decodeResult: success, version: HTTP/1.1)
HTTP/1.1 200 OK
Content-Type: application/json; charset=utf-8
cache-control: no-cache
content-length: 14

10:03:27.416 [AsyncHttpClient-1-16] DEBUG org.asynchttpclient.netty.channel.ChannelManager - Adding key: http://localhost:26055 for channel [id: 0x6cba7a08, L:/127.0.0.1:50149 - R:localhost/127.0.0.1:26055]
10:03:27.502 [AsyncHttpClient-1-16] DEBUG org.asynchttpclient.netty.handler.HttpHandler - Channel Closed: [id: 0x6cba7a08, L:/127.0.0.1:50149 ! R:localhost/127.0.0.1:26055] with attribute DISCARD
]]></system-out>
    <system-err><![CDATA[Starting ChromeDriver 112.0.5615.49 (bd2a7bcb881c11e8cfe3078709382934e3916914-refs/branch-heads/5615@{#936}) on port 26055
Only local connections are allowed.
Please see https://chromedriver.chromium.org/security-considerations for suggestions on keeping ChromeDriver safe.
ChromeDriver was started successfully.
May 08, 2023 10:03:20 AM org.openqa.selenium.devtools.CdpVersionFinder findNearestMatch
WARNING: Unable to find an exact match for CDP version 112, so returning the closest version found: 108
]]></system-err>
  </testcase>
  <testcase name="user bisa membayar produk yang diinginkan" classname="Transaksi" time="15.383">
    <system-out><![CDATA[10:03:27.559 [main] INFO io.cucumber.core.plugin.SerenityReporter - Running feature from file:///C:/Users/HP/Downloads/Mini-Project-QA/ALTASHOP%20WEB%20AUTOMATION/src/test/resources/features/3.%20Transaksi.feature
10:03:27.568 [main] DEBUG net.thucydides.core.steps.StepEventBus - Test suite started for story net.thucydides.core.model.Story@75f83c00
10:03:27.570 [main] INFO  - Test Suite Started: Transaksi

@AS15-positive
Scenario: user bisa membayar produk yang diinginkan                       &amp#27;[90m# src/test/resources/features/3. Transaksi.feature:5&amp#27;[0m
10:03:27.594 [main] INFO io.cucumber.core.plugin.SerenityReporter - Running feature from file:///C:/Users/HP/Downloads/Mini-Project-QA/ALTASHOP%20WEB%20AUTOMATION/src/test/resources/features/3.%20Transaksi.feature
10:03:27.602 [main] INFO  - 
  _____   ___   ___   _____     ___   _____     _     ___   _____   ___   ___  
 |_   _| | __| / __| |_   _|   / __| |_   _|   /_\   | _ \ |_   _| | __| |   \ 
   | |   | _|  \__ \   | |     \__ \   | |    / _ \  |   /   | |   | _|  | |) |
   |_|   |___| |___/   |_|     |___/   |_|   /_/ \_\ |_|_\   |_|   |___| |___/ 

user bisa membayar produk yang diinginkan(transaksi;user-bisa-membayar-produk-yang-diinginkan)
--------------------------------------------------------------------------------
10:03:27.778 [AsyncHttpClient-1-1] DEBUG org.asynchttpclient.netty.channel.DefaultChannelPool - Entry count for : http://localhost:50150 : 1
10:03:27.778 [AsyncHttpClient-1-1] DEBUG org.asynchttpclient.netty.channel.DefaultChannelPool - Entry count for : http://localhost:26055 : 1
10:03:27.779 [AsyncHttpClient-1-1] DEBUG org.asynchttpclient.netty.channel.DefaultChannelPool - Adding Candidate expired Channel [id: 0x6c14e4b7, L:/127.0.0.1:50157 ! R:localhost/127.0.0.1:50150] isIdleTimeoutExpired=false isRemotelyClosed=true isTtlExpired=false
10:03:27.779 [AsyncHttpClient-1-1] DEBUG org.asynchttpclient.netty.channel.DefaultChannelPool - Closing Idle Channel [id: 0x6c14e4b7, L:/127.0.0.1:50157 ! R:localhost/127.0.0.1:50150]
10:03:27.779 [AsyncHttpClient-1-1] DEBUG org.asynchttpclient.netty.channel.DefaultChannelPool - Adding Candidate expired Channel [id: 0x6cba7a08, L:/127.0.0.1:50149 ! R:localhost/127.0.0.1:26055] isIdleTimeoutExpired=false isRemotelyClosed=true isTtlExpired=false
10:03:27.779 [AsyncHttpClient-1-1] DEBUG org.asynchttpclient.netty.channel.DefaultChannelPool - Closing Idle Channel [id: 0x6cba7a08, L:/127.0.0.1:50149 ! R:localhost/127.0.0.1:26055]
10:03:27.779 [AsyncHttpClient-1-1] DEBUG org.asynchttpclient.netty.channel.DefaultChannelPool - Closed 2 connections out of 2 in 1 ms
10:03:28.119 [main] DEBUG net.thucydides.core.steps.StepInterceptor - STARTING STEP: TransaksiSteps.userBeradaDiHomepageAltaShopDanLoginAkun - diHomepageAltaShop
10:03:28.236 [main] INFO net.serenitybdd.core.webdriver.driverproviders.ChromeDriverProvider - Starting Chrome driver instance with capabilities:
10:03:28.237 [main] INFO net.serenitybdd.core.webdriver.driverproviders.ChromeDriverProvider - Capabilities {acceptInsecureCerts: true, browserName: chrome, goog:chromeOptions: {args: [remote-allow-origins=*, test-type, no-sandbox, ignore-certificate-errors, start-maximized, incognito, disable-infobars, disable-gpu, disable-default-apps, disable-popup-blocking, remote-allow-origins=*, test-type, no-sandbox, ignore-certificate-errors, start-maximized, incognito, disable-infobars, disable-gpu, disable-default-apps, disable-popup-blocking], extensions: []}}
10:03:28.823 [AsyncHttpClient-1-3] DEBUG org.asynchttpclient.netty.channel.NettyConnectListener - Using new Channel '[id: 0x3ede9073, L:/127.0.0.1:50179 - R:localhost/127.0.0.1:36178]' for 'POST' to '/session'
10:03:30.402 [AsyncHttpClient-1-3] DEBUG org.asynchttpclient.netty.handler.HttpHandler - 

Request DefaultHttpRequest(decodeResult: success, version: HTTP/1.1)
POST /session HTTP/1.1
User-Agent: selenium/4.7.1 (java windows)
Content-Length: 1629
Content-Type: application/json; charset=utf-8
host: localhost:36178
accept: */*

Response DefaultHttpResponse(decodeResult: success, version: HTTP/1.1)
HTTP/1.1 200 OK
Content-Type: application/json; charset=utf-8
cache-control: no-cache
content-length: 855

10:03:30.402 [AsyncHttpClient-1-3] DEBUG org.asynchttpclient.netty.channel.ChannelManager - Adding key: http://localhost:36178 for channel [id: 0x3ede9073, L:/127.0.0.1:50179 - R:localhost/127.0.0.1:36178]
10:03:30.411 [AsyncHttpClient-1-4] DEBUG org.asynchttpclient.netty.channel.NettyConnectListener - Using new Channel '[id: 0xe2382c81, L:/127.0.0.1:50186 - R:localhost/127.0.0.1:50180]' for 'GET' to '/json/version'
10:03:30.412 [AsyncHttpClient-1-4] DEBUG org.asynchttpclient.netty.handler.HttpHandler - 

Request DefaultFullHttpRequest(decodeResult: success, version: HTTP/1.1, content: EmptyByteBufBE)
GET /json/version HTTP/1.1
User-Agent: selenium/4.7.1 (java windows)
host: localhost:50180
accept: */*

Response DefaultHttpResponse(decodeResult: success, version: HTTP/1.1)
HTTP/1.1 200 OK
Content-Security-Policy: frame-ancestors 'none'
Content-Type: application/json; charset=UTF-8
content-length: 424

10:03:30.412 [AsyncHttpClient-1-4] DEBUG org.asynchttpclient.netty.channel.ChannelManager - Adding key: http://localhost:50180 for channel [id: 0xe2382c81, L:/127.0.0.1:50186 - R:localhost/127.0.0.1:50180]
10:03:30.416 [AsyncHttpClient-1-5] DEBUG org.asynchttpclient.netty.channel.NettyConnectListener - Using new Channel '[id: 0x2880a2f2, L:/127.0.0.1:50187 - R:localhost/127.0.0.1:50180]' for 'GET' to '/devtools/browser/19b566d2-364d-43ae-a778-55f1f688b4a4'
10:03:30.418 [AsyncHttpClient-1-5] DEBUG org.asynchttpclient.netty.handler.WebSocketHandler - 

Request DefaultFullHttpRequest(decodeResult: success, version: HTTP/1.1, content: EmptyByteBufBE)
GET /devtools/browser/19b566d2-364d-43ae-a778-55f1f688b4a4 HTTP/1.1
upgrade: websocket
connection: upgrade
sec-websocket-key: 4p5eesHTMdLDTFqsrBNaqA==
sec-websocket-version: 13
origin: http://localhost:50180
host: localhost:50180
accept: */*
user-agent: AHC/2.1

Response DefaultHttpResponse(decodeResult: success, version: HTTP/1.1)
HTTP/1.1 101 WebSocket Protocol Handshake
Upgrade: WebSocket
Connection: Upgrade
Sec-WebSocket-Accept: B+Cc8YwvDI7fdLFqlPE0BO8eTSE=

10:03:30.426 [Forwarding get on session e9c19043da033c9c4a056c9adb5f8e0e to remote] DEBUG org.asynchttpclient.netty.request.NettyRequestSender - Using pooled Channel '[id: 0x3ede9073, L:/127.0.0.1:50179 - R:localhost/127.0.0.1:36178]' for 'POST' to 'http://localhost:36178/session/e9c19043da033c9c4a056c9adb5f8e0e/url'
10:03:30.426 [Forwarding get on session e9c19043da033c9c4a056c9adb5f8e0e to remote] DEBUG org.asynchttpclient.netty.request.NettyRequestSender - Using open Channel [id: 0x3ede9073, L:/127.0.0.1:50179 - R:localhost/127.0.0.1:36178] for POST '/session/e9c19043da033c9c4a056c9adb5f8e0e/url'
10:03:31.063 [AsyncHttpClient-1-1] DEBUG org.asynchttpclient.netty.channel.DefaultChannelPool - Entry count for : http://localhost:50180 : 1
10:03:31.967 [AsyncHttpClient-1-3] DEBUG org.asynchttpclient.netty.handler.HttpHandler - 

Request DefaultHttpRequest(decodeResult: success, version: HTTP/1.1)
POST /session/e9c19043da033c9c4a056c9adb5f8e0e/url HTTP/1.1
User-Agent: selenium/4.7.1 (java windows)
Content-Length: 59
Content-Type: application/json; charset=utf-8
host: localhost:36178
accept: */*

Response DefaultHttpResponse(decodeResult: success, version: HTTP/1.1)
HTTP/1.1 200 OK
Content-Type: application/json; charset=utf-8
cache-control: no-cache
content-length: 14

10:03:31.967 [AsyncHttpClient-1-3] DEBUG org.asynchttpclient.netty.channel.ChannelManager - Adding key: http://localhost:36178 for channel [id: 0x3ede9073, L:/127.0.0.1:50179 - R:localhost/127.0.0.1:36178]
10:03:31.970 [Forwarding setTimeout on session e9c19043da033c9c4a056c9adb5f8e0e to remote] DEBUG org.asynchttpclient.netty.request.NettyRequestSender - Using pooled Channel '[id: 0x3ede9073, L:/127.0.0.1:50179 - R:localhost/127.0.0.1:36178]' for 'POST' to 'http://localhost:36178/session/e9c19043da033c9c4a056c9adb5f8e0e/timeouts'
10:03:31.970 [Forwarding setTimeout on session e9c19043da033c9c4a056c9adb5f8e0e to remote] DEBUG org.asynchttpclient.netty.request.NettyRequestSender - Using open Channel [id: 0x3ede9073, L:/127.0.0.1:50179 - R:localhost/127.0.0.1:36178] for POST '/session/e9c19043da033c9c4a056c9adb5f8e0e/timeouts'
10:03:31.983 [AsyncHttpClient-1-3] DEBUG org.asynchttpclient.netty.handler.HttpHandler - 

Request DefaultHttpRequest(decodeResult: success, version: HTTP/1.1)
POST /session/e9c19043da033c9c4a056c9adb5f8e0e/timeouts HTTP/1.1
User-Agent: selenium/4.7.1 (java windows)
Content-Length: 22
Content-Type: application/json; charset=utf-8
host: localhost:36178
accept: */*

Response DefaultHttpResponse(decodeResult: success, version: HTTP/1.1)
HTTP/1.1 200 OK
Content-Type: application/json; charset=utf-8
cache-control: no-cache
content-length: 14

10:03:31.984 [AsyncHttpClient-1-3] DEBUG org.asynchttpclient.netty.channel.ChannelManager - Adding key: http://localhost:36178 for channel [id: 0x3ede9073, L:/127.0.0.1:50179 - R:localhost/127.0.0.1:36178]
10:03:31.992 [Forwarding getCurrentUrl on session e9c19043da033c9c4a056c9adb5f8e0e to remote] DEBUG org.asynchttpclient.netty.request.NettyRequestSender - Using pooled Channel '[id: 0x3ede9073, L:/127.0.0.1:50179 - R:localhost/127.0.0.1:36178]' for 'GET' to 'http://localhost:36178/session/e9c19043da033c9c4a056c9adb5f8e0e/url'
10:03:31.992 [Forwarding getCurrentUrl on session e9c19043da033c9c4a056c9adb5f8e0e to remote] DEBUG org.asynchttpclient.netty.request.NettyRequestSender - Using open Channel [id: 0x3ede9073, L:/127.0.0.1:50179 - R:localhost/127.0.0.1:36178] for GET '/session/e9c19043da033c9c4a056c9adb5f8e0e/url'
10:03:32.168 [AsyncHttpClient-1-1] DEBUG org.asynchttpclient.netty.channel.DefaultChannelPool - Entry count for : http://localhost:50180 : 1
10:03:33.287 [AsyncHttpClient-1-1] DEBUG org.asynchttpclient.netty.channel.DefaultChannelPool - Entry count for : http://localhost:50180 : 1
10:03:34.225 [AsyncHttpClient-1-3] DEBUG org.asynchttpclient.netty.handler.HttpHandler - 

Request DefaultFullHttpRequest(decodeResult: success, version: HTTP/1.1, content: EmptyByteBufBE)
GET /session/e9c19043da033c9c4a056c9adb5f8e0e/url HTTP/1.1
User-Agent: selenium/4.7.1 (java windows)
Cache-Control: no-cache
Content-Type: application/json; charset=utf-8
host: localhost:36178
accept: */*

Response DefaultHttpResponse(decodeResult: success, version: HTTP/1.1)
HTTP/1.1 200 OK
Content-Type: application/json; charset=utf-8
cache-control: no-cache
content-length: 41

10:03:34.225 [AsyncHttpClient-1-3] DEBUG org.asynchttpclient.netty.channel.ChannelManager - Adding key: http://localhost:36178 for channel [id: 0x3ede9073, L:/127.0.0.1:50179 - R:localhost/127.0.0.1:36178]
10:03:34.228 [Forwarding getCurrentUrl on session e9c19043da033c9c4a056c9adb5f8e0e to remote] DEBUG org.asynchttpclient.netty.request.NettyRequestSender - Using pooled Channel '[id: 0x3ede9073, L:/127.0.0.1:50179 - R:localhost/127.0.0.1:36178]' for 'GET' to 'http://localhost:36178/session/e9c19043da033c9c4a056c9adb5f8e0e/url'
10:03:34.228 [Forwarding getCurrentUrl on session e9c19043da033c9c4a056c9adb5f8e0e to remote] DEBUG org.asynchttpclient.netty.request.NettyRequestSender - Using open Channel [id: 0x3ede9073, L:/127.0.0.1:50179 - R:localhost/127.0.0.1:36178] for GET '/session/e9c19043da033c9c4a056c9adb5f8e0e/url'
10:03:34.234 [AsyncHttpClient-1-3] DEBUG org.asynchttpclient.netty.handler.HttpHandler - 

Request DefaultFullHttpRequest(decodeResult: success, version: HTTP/1.1, content: EmptyByteBufBE)
GET /session/e9c19043da033c9c4a056c9adb5f8e0e/url HTTP/1.1
User-Agent: selenium/4.7.1 (java windows)
Cache-Control: no-cache
Content-Type: application/json; charset=utf-8
host: localhost:36178
accept: */*

Response DefaultHttpResponse(decodeResult: success, version: HTTP/1.1)
HTTP/1.1 200 OK
Content-Type: application/json; charset=utf-8
cache-control: no-cache
content-length: 41

10:03:34.234 [AsyncHttpClient-1-3] DEBUG org.asynchttpclient.netty.channel.ChannelManager - Adding key: http://localhost:36178 for channel [id: 0x3ede9073, L:/127.0.0.1:50179 - R:localhost/127.0.0.1:36178]
10:03:34.238 [Forwarding findElement on session e9c19043da033c9c4a056c9adb5f8e0e to remote] DEBUG org.asynchttpclient.netty.request.NettyRequestSender - Using pooled Channel '[id: 0x3ede9073, L:/127.0.0.1:50179 - R:localhost/127.0.0.1:36178]' for 'POST' to 'http://localhost:36178/session/e9c19043da033c9c4a056c9adb5f8e0e/element'
10:03:34.238 [Forwarding findElement on session e9c19043da033c9c4a056c9adb5f8e0e to remote] DEBUG org.asynchttpclient.netty.request.NettyRequestSender - Using open Channel [id: 0x3ede9073, L:/127.0.0.1:50179 - R:localhost/127.0.0.1:36178] for POST '/session/e9c19043da033c9c4a056c9adb5f8e0e/element'
10:03:34.264 [AsyncHttpClient-1-3] DEBUG org.asynchttpclient.netty.handler.HttpHandler - 

Request DefaultHttpRequest(decodeResult: success, version: HTTP/1.1)
POST /session/e9c19043da033c9c4a056c9adb5f8e0e/element HTTP/1.1
User-Agent: selenium/4.7.1 (java windows)
Content-Length: 108
Content-Type: application/json; charset=utf-8
host: localhost:36178
accept: */*

Response DefaultHttpResponse(decodeResult: success, version: HTTP/1.1)
HTTP/1.1 200 OK
Content-Type: application/json; charset=utf-8
cache-control: no-cache
content-length: 88

10:03:34.264 [AsyncHttpClient-1-3] DEBUG org.asynchttpclient.netty.channel.ChannelManager - Adding key: http://localhost:36178 for channel [id: 0x3ede9073, L:/127.0.0.1:50179 - R:localhost/127.0.0.1:36178]
10:03:34.268 [Forwarding isElementDisplayed on session e9c19043da033c9c4a056c9adb5f8e0e to remote] DEBUG org.asynchttpclient.netty.request.NettyRequestSender - Using pooled Channel '[id: 0x3ede9073, L:/127.0.0.1:50179 - R:localhost/127.0.0.1:36178]' for 'POST' to 'http://localhost:36178/session/e9c19043da033c9c4a056c9adb5f8e0e/execute/sync'
10:03:34.268 [Forwarding isElementDisplayed on session e9c19043da033c9c4a056c9adb5f8e0e to remote] DEBUG org.asynchttpclient.netty.request.NettyRequestSender - Using open Channel [id: 0x3ede9073, L:/127.0.0.1:50179 - R:localhost/127.0.0.1:36178] for POST '/session/e9c19043da033c9c4a056c9adb5f8e0e/execute/sync'
10:03:34.287 [AsyncHttpClient-1-3] DEBUG org.asynchttpclient.netty.handler.HttpHandler - 

Request DefaultHttpRequest(decodeResult: success, version: HTTP/1.1)
POST /session/e9c19043da033c9c4a056c9adb5f8e0e/execute/sync HTTP/1.1
User-Agent: selenium/4.7.1 (java windows)
Content-Length: 48780
Content-Type: application/json; charset=utf-8
host: localhost:36178
accept: */*

Response DefaultHttpResponse(decodeResult: success, version: HTTP/1.1)
HTTP/1.1 200 OK
Content-Type: application/json; charset=utf-8
cache-control: no-cache
content-length: 14

10:03:34.287 [AsyncHttpClient-1-3] DEBUG org.asynchttpclient.netty.channel.ChannelManager - Adding key: http://localhost:36178 for channel [id: 0x3ede9073, L:/127.0.0.1:50179 - R:localhost/127.0.0.1:36178]
10:03:34.290 [Forwarding isElementDisplayed on session e9c19043da033c9c4a056c9adb5f8e0e to remote] DEBUG org.asynchttpclient.netty.request.NettyRequestSender - Using pooled Channel '[id: 0x3ede9073, L:/127.0.0.1:50179 - R:localhost/127.0.0.1:36178]' for 'POST' to 'http://localhost:36178/session/e9c19043da033c9c4a056c9adb5f8e0e/execute/sync'
10:03:34.290 [Forwarding isElementDisplayed on session e9c19043da033c9c4a056c9adb5f8e0e to remote] DEBUG org.asynchttpclient.netty.request.NettyRequestSender - Using open Channel [id: 0x3ede9073, L:/127.0.0.1:50179 - R:localhost/127.0.0.1:36178] for POST '/session/e9c19043da033c9c4a056c9adb5f8e0e/execute/sync'
10:03:34.307 [AsyncHttpClient-1-3] DEBUG org.asynchttpclient.netty.handler.HttpHandler - 

Request DefaultHttpRequest(decodeResult: success, version: HTTP/1.1)
POST /session/e9c19043da033c9c4a056c9adb5f8e0e/execute/sync HTTP/1.1
User-Agent: selenium/4.7.1 (java windows)
Content-Length: 48780
Content-Type: application/json; charset=utf-8
host: localhost:36178
accept: */*

Response DefaultHttpResponse(decodeResult: success, version: HTTP/1.1)
HTTP/1.1 200 OK
Content-Type: application/json; charset=utf-8
cache-control: no-cache
content-length: 14

10:03:34.307 [AsyncHttpClient-1-3] DEBUG org.asynchttpclient.netty.channel.ChannelManager - Adding key: http://localhost:36178 for channel [id: 0x3ede9073, L:/127.0.0.1:50179 - R:localhost/127.0.0.1:36178]
10:03:34.312 [main] DEBUG net.serenitybdd.core.photography.Darkroom - Opening darkroom
10:03:34.313 [Darkroom Processing Line] DEBUG net.serenitybdd.core.photography.DarkroomProcessingLine - Darkroom processing line starting up
10:03:34.313 [Forwarding getCurrentWindowHandle on session e9c19043da033c9c4a056c9adb5f8e0e to remote] DEBUG org.asynchttpclient.netty.request.NettyRequestSender - Using pooled Channel '[id: 0x3ede9073, L:/127.0.0.1:50179 - R:localhost/127.0.0.1:36178]' for 'GET' to 'http://localhost:36178/session/e9c19043da033c9c4a056c9adb5f8e0e/window'
10:03:34.314 [Forwarding getCurrentWindowHandle on session e9c19043da033c9c4a056c9adb5f8e0e to remote] DEBUG org.asynchttpclient.netty.request.NettyRequestSender - Using open Channel [id: 0x3ede9073, L:/127.0.0.1:50179 - R:localhost/127.0.0.1:36178] for GET '/session/e9c19043da033c9c4a056c9adb5f8e0e/window'
10:03:34.315 [AsyncHttpClient-1-3] DEBUG org.asynchttpclient.netty.handler.HttpHandler - 

Request DefaultFullHttpRequest(decodeResult: success, version: HTTP/1.1, content: EmptyByteBufBE)
GET /session/e9c19043da033c9c4a056c9adb5f8e0e/window HTTP/1.1
User-Agent: selenium/4.7.1 (java windows)
Cache-Control: no-cache
Content-Type: application/json; charset=utf-8
host: localhost:36178
accept: */*

Response DefaultHttpResponse(decodeResult: success, version: HTTP/1.1)
HTTP/1.1 200 OK
Content-Type: application/json; charset=utf-8
cache-control: no-cache
content-length: 44

10:03:34.315 [AsyncHttpClient-1-3] DEBUG org.asynchttpclient.netty.channel.ChannelManager - Adding key: http://localhost:36178 for channel [id: 0x3ede9073, L:/127.0.0.1:50179 - R:localhost/127.0.0.1:36178]
10:03:34.316 [Forwarding getAlertText on session e9c19043da033c9c4a056c9adb5f8e0e to remote] DEBUG org.asynchttpclient.netty.request.NettyRequestSender - Using pooled Channel '[id: 0x3ede9073, L:/127.0.0.1:50179 - R:localhost/127.0.0.1:36178]' for 'GET' to 'http://localhost:36178/session/e9c19043da033c9c4a056c9adb5f8e0e/alert/text'
10:03:34.316 [Forwarding getAlertText on session e9c19043da033c9c4a056c9adb5f8e0e to remote] DEBUG org.asynchttpclient.netty.request.NettyRequestSender - Using open Channel [id: 0x3ede9073, L:/127.0.0.1:50179 - R:localhost/127.0.0.1:36178] for GET '/session/e9c19043da033c9c4a056c9adb5f8e0e/alert/text'
10:03:34.319 [AsyncHttpClient-1-3] DEBUG org.asynchttpclient.netty.handler.HttpHandler - 

Request DefaultFullHttpRequest(decodeResult: success, version: HTTP/1.1, content: EmptyByteBufBE)
GET /session/e9c19043da033c9c4a056c9adb5f8e0e/alert/text HTTP/1.1
User-Agent: selenium/4.7.1 (java windows)
Cache-Control: no-cache
Content-Type: application/json; charset=utf-8
host: localhost:36178
accept: */*

Response DefaultHttpResponse(decodeResult: success, version: HTTP/1.1)
HTTP/1.1 404 Not Found
Content-Type: application/json; charset=utf-8
cache-control: no-cache
content-length: 821

10:03:34.319 [AsyncHttpClient-1-3] DEBUG org.asynchttpclient.netty.channel.ChannelManager - Adding key: http://localhost:36178 for channel [id: 0x3ede9073, L:/127.0.0.1:50179 - R:localhost/127.0.0.1:36178]
10:03:34.321 [Forwarding switchToWindow on session e9c19043da033c9c4a056c9adb5f8e0e to remote] DEBUG org.asynchttpclient.netty.request.NettyRequestSender - Using pooled Channel '[id: 0x3ede9073, L:/127.0.0.1:50179 - R:localhost/127.0.0.1:36178]' for 'POST' to 'http://localhost:36178/session/e9c19043da033c9c4a056c9adb5f8e0e/window'
10:03:34.321 [Forwarding switchToWindow on session e9c19043da033c9c4a056c9adb5f8e0e to remote] DEBUG org.asynchttpclient.netty.request.NettyRequestSender - Using open Channel [id: 0x3ede9073, L:/127.0.0.1:50179 - R:localhost/127.0.0.1:36178] for POST '/session/e9c19043da033c9c4a056c9adb5f8e0e/window'
10:03:34.330 [AsyncHttpClient-1-3] DEBUG org.asynchttpclient.netty.handler.HttpHandler - 

Request DefaultHttpRequest(decodeResult: success, version: HTTP/1.1)
POST /session/e9c19043da033c9c4a056c9adb5f8e0e/window HTTP/1.1
User-Agent: selenium/4.7.1 (java windows)
Content-Length: 50
Content-Type: application/json; charset=utf-8
host: localhost:36178
accept: */*

Response DefaultHttpResponse(decodeResult: success, version: HTTP/1.1)
HTTP/1.1 200 OK
Content-Type: application/json; charset=utf-8
cache-control: no-cache
content-length: 14

10:03:34.331 [AsyncHttpClient-1-3] DEBUG org.asynchttpclient.netty.channel.ChannelManager - Adding key: http://localhost:36178 for channel [id: 0x3ede9073, L:/127.0.0.1:50179 - R:localhost/127.0.0.1:36178]
10:03:34.332 [Forwarding getCurrentUrl on session e9c19043da033c9c4a056c9adb5f8e0e to remote] DEBUG org.asynchttpclient.netty.request.NettyRequestSender - Using pooled Channel '[id: 0x3ede9073, L:/127.0.0.1:50179 - R:localhost/127.0.0.1:36178]' for 'GET' to 'http://localhost:36178/session/e9c19043da033c9c4a056c9adb5f8e0e/url'
10:03:34.332 [Forwarding getCurrentUrl on session e9c19043da033c9c4a056c9adb5f8e0e to remote] DEBUG org.asynchttpclient.netty.request.NettyRequestSender - Using open Channel [id: 0x3ede9073, L:/127.0.0.1:50179 - R:localhost/127.0.0.1:36178] for GET '/session/e9c19043da033c9c4a056c9adb5f8e0e/url'
10:03:34.340 [AsyncHttpClient-1-3] DEBUG org.asynchttpclient.netty.handler.HttpHandler - 

Request DefaultFullHttpRequest(decodeResult: success, version: HTTP/1.1, content: EmptyByteBufBE)
GET /session/e9c19043da033c9c4a056c9adb5f8e0e/url HTTP/1.1
User-Agent: selenium/4.7.1 (java windows)
Cache-Control: no-cache
Content-Type: application/json; charset=utf-8
host: localhost:36178
accept: */*

Response DefaultHttpResponse(decodeResult: success, version: HTTP/1.1)
HTTP/1.1 200 OK
Content-Type: application/json; charset=utf-8
cache-control: no-cache
content-length: 41

10:03:34.341 [AsyncHttpClient-1-3] DEBUG org.asynchttpclient.netty.channel.ChannelManager - Adding key: http://localhost:36178 for channel [id: 0x3ede9073, L:/127.0.0.1:50179 - R:localhost/127.0.0.1:36178]
10:03:34.342 [Forwarding screenshot on session e9c19043da033c9c4a056c9adb5f8e0e to remote] DEBUG org.asynchttpclient.netty.request.NettyRequestSender - Using pooled Channel '[id: 0x3ede9073, L:/127.0.0.1:50179 - R:localhost/127.0.0.1:36178]' for 'GET' to 'http://localhost:36178/session/e9c19043da033c9c4a056c9adb5f8e0e/screenshot'
10:03:34.342 [Forwarding screenshot on session e9c19043da033c9c4a056c9adb5f8e0e to remote] DEBUG org.asynchttpclient.netty.request.NettyRequestSender - Using open Channel [id: 0x3ede9073, L:/127.0.0.1:50179 - R:localhost/127.0.0.1:36178] for GET '/session/e9c19043da033c9c4a056c9adb5f8e0e/screenshot'
10:03:34.364 [AsyncHttpClient-1-1] DEBUG org.asynchttpclient.netty.channel.DefaultChannelPool - Entry count for : http://localhost:50180 : 1
10:03:34.454 [AsyncHttpClient-1-3] DEBUG org.asynchttpclient.netty.handler.HttpHandler - 

Request DefaultFullHttpRequest(decodeResult: success, version: HTTP/1.1, content: EmptyByteBufBE)
GET /session/e9c19043da033c9c4a056c9adb5f8e0e/screenshot HTTP/1.1
User-Agent: selenium/4.7.1 (java windows)
Cache-Control: no-cache
Content-Type: application/json; charset=utf-8
host: localhost:36178
accept: */*

Response DefaultHttpResponse(decodeResult: success, version: HTTP/1.1)
HTTP/1.1 200 OK
Content-Type: application/json; charset=utf-8
cache-control: no-cache
content-length: 116604

10:03:34.454 [AsyncHttpClient-1-3] DEBUG org.asynchttpclient.netty.channel.ChannelManager - Adding key: http://localhost:36178 for channel [id: 0x3ede9073, L:/127.0.0.1:50179 - R:localhost/127.0.0.1:36178]
10:03:34.457 [main] DEBUG net.serenitybdd.core.photography.Darkroom - Send negative for processing for target\site\serenity\4df796af2a8bdb756d1884b1e063cc00b8bad9b7c3d312055b4347f07439074a.png
10:03:34.458 [main] DEBUG net.thucydides.core.steps.StepInterceptor - STEP DONE: diHomepageAltaShop
10:03:34.463 [main] DEBUG net.thucydides.core.steps.StepInterceptor - STARTING STEP: TransaksiSteps.userBeradaDiHomepageAltaShopDanLoginAkun - klikButtonLogin
10:03:34.467 [Forwarding findElement on session e9c19043da033c9c4a056c9adb5f8e0e to remote] DEBUG org.asynchttpclient.netty.request.NettyRequestSender - Using pooled Channel '[id: 0x3ede9073, L:/127.0.0.1:50179 - R:localhost/127.0.0.1:36178]' for 'POST' to 'http://localhost:36178/session/e9c19043da033c9c4a056c9adb5f8e0e/element'
10:03:34.467 [Forwarding findElement on session e9c19043da033c9c4a056c9adb5f8e0e to remote] DEBUG org.asynchttpclient.netty.request.NettyRequestSender - Using open Channel [id: 0x3ede9073, L:/127.0.0.1:50179 - R:localhost/127.0.0.1:36178] for POST '/session/e9c19043da033c9c4a056c9adb5f8e0e/element'
10:03:34.485 [AsyncHttpClient-1-3] DEBUG org.asynchttpclient.netty.handler.HttpHandler - 

Request DefaultHttpRequest(decodeResult: success, version: HTTP/1.1)
POST /session/e9c19043da033c9c4a056c9adb5f8e0e/element HTTP/1.1
User-Agent: selenium/4.7.1 (java windows)
Content-Length: 108
Content-Type: application/json; charset=utf-8
host: localhost:36178
accept: */*

Response DefaultHttpResponse(decodeResult: success, version: HTTP/1.1)
HTTP/1.1 200 OK
Content-Type: application/json; charset=utf-8
cache-control: no-cache
content-length: 88

10:03:34.485 [AsyncHttpClient-1-3] DEBUG org.asynchttpclient.netty.channel.ChannelManager - Adding key: http://localhost:36178 for channel [id: 0x3ede9073, L:/127.0.0.1:50179 - R:localhost/127.0.0.1:36178]
10:03:34.487 [Forwarding getElementTagName on session e9c19043da033c9c4a056c9adb5f8e0e to remote] DEBUG org.asynchttpclient.netty.request.NettyRequestSender - Using pooled Channel '[id: 0x3ede9073, L:/127.0.0.1:50179 - R:localhost/127.0.0.1:36178]' for 'GET' to 'http://localhost:36178/session/e9c19043da033c9c4a056c9adb5f8e0e/element/753d7a4f-585d-4512-ad21-6b94a6d32489/name'
10:03:34.487 [Forwarding getElementTagName on session e9c19043da033c9c4a056c9adb5f8e0e to remote] DEBUG org.asynchttpclient.netty.request.NettyRequestSender - Using open Channel [id: 0x3ede9073, L:/127.0.0.1:50179 - R:localhost/127.0.0.1:36178] for GET '/session/e9c19043da033c9c4a056c9adb5f8e0e/element/753d7a4f-585d-4512-ad21-6b94a6d32489/name'
10:03:34.493 [AsyncHttpClient-1-3] DEBUG org.asynchttpclient.netty.handler.HttpHandler - 

Request DefaultFullHttpRequest(decodeResult: success, version: HTTP/1.1, content: EmptyByteBufBE)
GET /session/e9c19043da033c9c4a056c9adb5f8e0e/element/753d7a4f-585d-4512-ad21-6b94a6d32489/name HTTP/1.1
User-Agent: selenium/4.7.1 (java windows)
Cache-Control: no-cache
Content-Type: application/json; charset=utf-8
host: localhost:36178
accept: */*

Response DefaultHttpResponse(decodeResult: success, version: HTTP/1.1)
HTTP/1.1 200 OK
Content-Type: application/json; charset=utf-8
cache-control: no-cache
content-length: 18

10:03:34.494 [AsyncHttpClient-1-3] DEBUG org.asynchttpclient.netty.channel.ChannelManager - Adding key: http://localhost:36178 for channel [id: 0x3ede9073, L:/127.0.0.1:50179 - R:localhost/127.0.0.1:36178]
10:03:34.495 [Forwarding getElementTagName on session e9c19043da033c9c4a056c9adb5f8e0e to remote] DEBUG org.asynchttpclient.netty.request.NettyRequestSender - Using pooled Channel '[id: 0x3ede9073, L:/127.0.0.1:50179 - R:localhost/127.0.0.1:36178]' for 'GET' to 'http://localhost:36178/session/e9c19043da033c9c4a056c9adb5f8e0e/element/753d7a4f-585d-4512-ad21-6b94a6d32489/name'
10:03:34.495 [Forwarding getElementTagName on session e9c19043da033c9c4a056c9adb5f8e0e to remote] DEBUG org.asynchttpclient.netty.request.NettyRequestSender - Using open Channel [id: 0x3ede9073, L:/127.0.0.1:50179 - R:localhost/127.0.0.1:36178] for GET '/session/e9c19043da033c9c4a056c9adb5f8e0e/element/753d7a4f-585d-4512-ad21-6b94a6d32489/name'
10:03:34.502 [AsyncHttpClient-1-3] DEBUG org.asynchttpclient.netty.handler.HttpHandler - 

Request DefaultFullHttpRequest(decodeResult: success, version: HTTP/1.1, content: EmptyByteBufBE)
GET /session/e9c19043da033c9c4a056c9adb5f8e0e/element/753d7a4f-585d-4512-ad21-6b94a6d32489/name HTTP/1.1
User-Agent: selenium/4.7.1 (java windows)
Cache-Control: no-cache
Content-Type: application/json; charset=utf-8
host: localhost:36178
accept: */*

Response DefaultHttpResponse(decodeResult: success, version: HTTP/1.1)
HTTP/1.1 200 OK
Content-Type: application/json; charset=utf-8
cache-control: no-cache
content-length: 18

10:03:34.502 [AsyncHttpClient-1-3] DEBUG org.asynchttpclient.netty.channel.ChannelManager - Adding key: http://localhost:36178 for channel [id: 0x3ede9073, L:/127.0.0.1:50179 - R:localhost/127.0.0.1:36178]
10:03:34.505 [Forwarding isElementEnabled on session e9c19043da033c9c4a056c9adb5f8e0e to remote] DEBUG org.asynchttpclient.netty.request.NettyRequestSender - Using pooled Channel '[id: 0x3ede9073, L:/127.0.0.1:50179 - R:localhost/127.0.0.1:36178]' for 'GET' to 'http://localhost:36178/session/e9c19043da033c9c4a056c9adb5f8e0e/element/753d7a4f-585d-4512-ad21-6b94a6d32489/enabled'
10:03:34.505 [Forwarding isElementEnabled on session e9c19043da033c9c4a056c9adb5f8e0e to remote] DEBUG org.asynchttpclient.netty.request.NettyRequestSender - Using open Channel [id: 0x3ede9073, L:/127.0.0.1:50179 - R:localhost/127.0.0.1:36178] for GET '/session/e9c19043da033c9c4a056c9adb5f8e0e/element/753d7a4f-585d-4512-ad21-6b94a6d32489/enabled'
10:03:34.517 [AsyncHttpClient-1-3] DEBUG org.asynchttpclient.netty.handler.HttpHandler - 

Request DefaultFullHttpRequest(decodeResult: success, version: HTTP/1.1, content: EmptyByteBufBE)
GET /session/e9c19043da033c9c4a056c9adb5f8e0e/element/753d7a4f-585d-4512-ad21-6b94a6d32489/enabled HTTP/1.1
User-Agent: selenium/4.7.1 (java windows)
Cache-Control: no-cache
Content-Type: application/json; charset=utf-8
host: localhost:36178
accept: */*

Response DefaultHttpResponse(decodeResult: success, version: HTTP/1.1)
HTTP/1.1 200 OK
Content-Type: application/json; charset=utf-8
cache-control: no-cache
content-length: 14

10:03:34.517 [AsyncHttpClient-1-3] DEBUG org.asynchttpclient.netty.channel.ChannelManager - Adding key: http://localhost:36178 for channel [id: 0x3ede9073, L:/127.0.0.1:50179 - R:localhost/127.0.0.1:36178]
10:03:34.518 [Forwarding isElementEnabled on session e9c19043da033c9c4a056c9adb5f8e0e to remote] DEBUG org.asynchttpclient.netty.request.NettyRequestSender - Using pooled Channel '[id: 0x3ede9073, L:/127.0.0.1:50179 - R:localhost/127.0.0.1:36178]' for 'GET' to 'http://localhost:36178/session/e9c19043da033c9c4a056c9adb5f8e0e/element/753d7a4f-585d-4512-ad21-6b94a6d32489/enabled'
10:03:34.518 [Forwarding isElementEnabled on session e9c19043da033c9c4a056c9adb5f8e0e to remote] DEBUG org.asynchttpclient.netty.request.NettyRequestSender - Using open Channel [id: 0x3ede9073, L:/127.0.0.1:50179 - R:localhost/127.0.0.1:36178] for GET '/session/e9c19043da033c9c4a056c9adb5f8e0e/element/753d7a4f-585d-4512-ad21-6b94a6d32489/enabled'
10:03:34.530 [AsyncHttpClient-1-3] DEBUG org.asynchttpclient.netty.handler.HttpHandler - 

Request DefaultFullHttpRequest(decodeResult: success, version: HTTP/1.1, content: EmptyByteBufBE)
GET /session/e9c19043da033c9c4a056c9adb5f8e0e/element/753d7a4f-585d-4512-ad21-6b94a6d32489/enabled HTTP/1.1
User-Agent: selenium/4.7.1 (java windows)
Cache-Control: no-cache
Content-Type: application/json; charset=utf-8
host: localhost:36178
accept: */*

Response DefaultHttpResponse(decodeResult: success, version: HTTP/1.1)
HTTP/1.1 200 OK
Content-Type: application/json; charset=utf-8
cache-control: no-cache
content-length: 14

10:03:34.531 [AsyncHttpClient-1-3] DEBUG org.asynchttpclient.netty.channel.ChannelManager - Adding key: http://localhost:36178 for channel [id: 0x3ede9073, L:/127.0.0.1:50179 - R:localhost/127.0.0.1:36178]
10:03:34.533 [Forwarding findElement on session e9c19043da033c9c4a056c9adb5f8e0e to remote] DEBUG org.asynchttpclient.netty.request.NettyRequestSender - Using pooled Channel '[id: 0x3ede9073, L:/127.0.0.1:50179 - R:localhost/127.0.0.1:36178]' for 'POST' to 'http://localhost:36178/session/e9c19043da033c9c4a056c9adb5f8e0e/element'
10:03:34.533 [Forwarding findElement on session e9c19043da033c9c4a056c9adb5f8e0e to remote] DEBUG org.asynchttpclient.netty.request.NettyRequestSender - Using open Channel [id: 0x3ede9073, L:/127.0.0.1:50179 - R:localhost/127.0.0.1:36178] for POST '/session/e9c19043da033c9c4a056c9adb5f8e0e/element'
10:03:34.555 [AsyncHttpClient-1-3] DEBUG org.asynchttpclient.netty.handler.HttpHandler - 

Request DefaultHttpRequest(decodeResult: success, version: HTTP/1.1)
POST /session/e9c19043da033c9c4a056c9adb5f8e0e/element HTTP/1.1
User-Agent: selenium/4.7.1 (java windows)
Content-Length: 108
Content-Type: application/json; charset=utf-8
host: localhost:36178
accept: */*

Response DefaultHttpResponse(decodeResult: success, version: HTTP/1.1)
HTTP/1.1 200 OK
Content-Type: application/json; charset=utf-8
cache-control: no-cache
content-length: 88

10:03:34.556 [AsyncHttpClient-1-3] DEBUG org.asynchttpclient.netty.channel.ChannelManager - Adding key: http://localhost:36178 for channel [id: 0x3ede9073, L:/127.0.0.1:50179 - R:localhost/127.0.0.1:36178]
10:03:34.557 [Forwarding clickElement on session e9c19043da033c9c4a056c9adb5f8e0e to remote] DEBUG org.asynchttpclient.netty.request.NettyRequestSender - Using pooled Channel '[id: 0x3ede9073, L:/127.0.0.1:50179 - R:localhost/127.0.0.1:36178]' for 'POST' to 'http://localhost:36178/session/e9c19043da033c9c4a056c9adb5f8e0e/element/753d7a4f-585d-4512-ad21-6b94a6d32489/click'
10:03:34.557 [Forwarding clickElement on session e9c19043da033c9c4a056c9adb5f8e0e to remote] DEBUG org.asynchttpclient.netty.request.NettyRequestSender - Using open Channel [id: 0x3ede9073, L:/127.0.0.1:50179 - R:localhost/127.0.0.1:36178] for POST '/session/e9c19043da033c9c4a056c9adb5f8e0e/element/753d7a4f-585d-4512-ad21-6b94a6d32489/click'
10:03:34.658 [AsyncHttpClient-1-3] DEBUG org.asynchttpclient.netty.handler.HttpHandler - 

Request DefaultHttpRequest(decodeResult: success, version: HTTP/1.1)
POST /session/e9c19043da033c9c4a056c9adb5f8e0e/element/753d7a4f-585d-4512-ad21-6b94a6d32489/click HTTP/1.1
User-Agent: selenium/4.7.1 (java windows)
Content-Length: 50
Content-Type: application/json; charset=utf-8
host: localhost:36178
accept: */*

Response DefaultHttpResponse(decodeResult: success, version: HTTP/1.1)
HTTP/1.1 200 OK
Content-Type: application/json; charset=utf-8
cache-control: no-cache
content-length: 14

10:03:34.658 [AsyncHttpClient-1-3] DEBUG org.asynchttpclient.netty.channel.ChannelManager - Adding key: http://localhost:36178 for channel [id: 0x3ede9073, L:/127.0.0.1:50179 - R:localhost/127.0.0.1:36178]
10:03:34.674 [Forwarding getCurrentWindowHandle on session e9c19043da033c9c4a056c9adb5f8e0e to remote] DEBUG org.asynchttpclient.netty.request.NettyRequestSender - Using pooled Channel '[id: 0x3ede9073, L:/127.0.0.1:50179 - R:localhost/127.0.0.1:36178]' for 'GET' to 'http://localhost:36178/session/e9c19043da033c9c4a056c9adb5f8e0e/window'
10:03:34.675 [Forwarding getCurrentWindowHandle on session e9c19043da033c9c4a056c9adb5f8e0e to remote] DEBUG org.asynchttpclient.netty.request.NettyRequestSender - Using open Channel [id: 0x3ede9073, L:/127.0.0.1:50179 - R:localhost/127.0.0.1:36178] for GET '/session/e9c19043da033c9c4a056c9adb5f8e0e/window'
10:03:34.676 [AsyncHttpClient-1-3] DEBUG org.asynchttpclient.netty.handler.HttpHandler - 

Request DefaultFullHttpRequest(decodeResult: success, version: HTTP/1.1, content: EmptyByteBufBE)
GET /session/e9c19043da033c9c4a056c9adb5f8e0e/window HTTP/1.1
User-Agent: selenium/4.7.1 (java windows)
Cache-Control: no-cache
Content-Type: application/json; charset=utf-8
host: localhost:36178
accept: */*

Response DefaultHttpResponse(decodeResult: success, version: HTTP/1.1)
HTTP/1.1 200 OK
Content-Type: application/json; charset=utf-8
cache-control: no-cache
content-length: 44

10:03:34.676 [AsyncHttpClient-1-3] DEBUG org.asynchttpclient.netty.channel.ChannelManager - Adding key: http://localhost:36178 for channel [id: 0x3ede9073, L:/127.0.0.1:50179 - R:localhost/127.0.0.1:36178]
10:03:34.678 [Forwarding getAlertText on session e9c19043da033c9c4a056c9adb5f8e0e to remote] DEBUG org.asynchttpclient.netty.request.NettyRequestSender - Using pooled Channel '[id: 0x3ede9073, L:/127.0.0.1:50179 - R:localhost/127.0.0.1:36178]' for 'GET' to 'http://localhost:36178/session/e9c19043da033c9c4a056c9adb5f8e0e/alert/text'
10:03:34.678 [Forwarding getAlertText on session e9c19043da033c9c4a056c9adb5f8e0e to remote] DEBUG org.asynchttpclient.netty.request.NettyRequestSender - Using open Channel [id: 0x3ede9073, L:/127.0.0.1:50179 - R:localhost/127.0.0.1:36178] for GET '/session/e9c19043da033c9c4a056c9adb5f8e0e/alert/text'
10:03:34.880 [AsyncHttpClient-1-3] DEBUG org.asynchttpclient.netty.handler.HttpHandler - 

Request DefaultFullHttpRequest(decodeResult: success, version: HTTP/1.1, content: EmptyByteBufBE)
GET /session/e9c19043da033c9c4a056c9adb5f8e0e/alert/text HTTP/1.1
User-Agent: selenium/4.7.1 (java windows)
Cache-Control: no-cache
Content-Type: application/json; charset=utf-8
host: localhost:36178
accept: */*

Response DefaultHttpResponse(decodeResult: success, version: HTTP/1.1)
HTTP/1.1 404 Not Found
Content-Type: application/json; charset=utf-8
cache-control: no-cache
content-length: 821

10:03:34.880 [AsyncHttpClient-1-3] DEBUG org.asynchttpclient.netty.channel.ChannelManager - Adding key: http://localhost:36178 for channel [id: 0x3ede9073, L:/127.0.0.1:50179 - R:localhost/127.0.0.1:36178]
10:03:34.883 [Forwarding switchToWindow on session e9c19043da033c9c4a056c9adb5f8e0e to remote] DEBUG org.asynchttpclient.netty.request.NettyRequestSender - Using pooled Channel '[id: 0x3ede9073, L:/127.0.0.1:50179 - R:localhost/127.0.0.1:36178]' for 'POST' to 'http://localhost:36178/session/e9c19043da033c9c4a056c9adb5f8e0e/window'
10:03:34.883 [Forwarding switchToWindow on session e9c19043da033c9c4a056c9adb5f8e0e to remote] DEBUG org.asynchttpclient.netty.request.NettyRequestSender - Using open Channel [id: 0x3ede9073, L:/127.0.0.1:50179 - R:localhost/127.0.0.1:36178] for POST '/session/e9c19043da033c9c4a056c9adb5f8e0e/window'
10:03:34.889 [AsyncHttpClient-1-3] DEBUG org.asynchttpclient.netty.handler.HttpHandler - 

Request DefaultHttpRequest(decodeResult: success, version: HTTP/1.1)
POST /session/e9c19043da033c9c4a056c9adb5f8e0e/window HTTP/1.1
User-Agent: selenium/4.7.1 (java windows)
Content-Length: 50
Content-Type: application/json; charset=utf-8
host: localhost:36178
accept: */*

Response DefaultHttpResponse(decodeResult: success, version: HTTP/1.1)
HTTP/1.1 200 OK
Content-Type: application/json; charset=utf-8
cache-control: no-cache
content-length: 14

10:03:34.890 [AsyncHttpClient-1-3] DEBUG org.asynchttpclient.netty.channel.ChannelManager - Adding key: http://localhost:36178 for channel [id: 0x3ede9073, L:/127.0.0.1:50179 - R:localhost/127.0.0.1:36178]
10:03:34.891 [Forwarding getCurrentUrl on session e9c19043da033c9c4a056c9adb5f8e0e to remote] DEBUG org.asynchttpclient.netty.request.NettyRequestSender - Using pooled Channel '[id: 0x3ede9073, L:/127.0.0.1:50179 - R:localhost/127.0.0.1:36178]' for 'GET' to 'http://localhost:36178/session/e9c19043da033c9c4a056c9adb5f8e0e/url'
10:03:34.891 [Forwarding getCurrentUrl on session e9c19043da033c9c4a056c9adb5f8e0e to remote] DEBUG org.asynchttpclient.netty.request.NettyRequestSender - Using open Channel [id: 0x3ede9073, L:/127.0.0.1:50179 - R:localhost/127.0.0.1:36178] for GET '/session/e9c19043da033c9c4a056c9adb5f8e0e/url'
10:03:34.898 [AsyncHttpClient-1-3] DEBUG org.asynchttpclient.netty.handler.HttpHandler - 

Request DefaultFullHttpRequest(decodeResult: success, version: HTTP/1.1, content: EmptyByteBufBE)
GET /session/e9c19043da033c9c4a056c9adb5f8e0e/url HTTP/1.1
User-Agent: selenium/4.7.1 (java windows)
Cache-Control: no-cache
Content-Type: application/json; charset=utf-8
host: localhost:36178
accept: */*

Response DefaultHttpResponse(decodeResult: success, version: HTTP/1.1)
HTTP/1.1 200 OK
Content-Type: application/json; charset=utf-8
cache-control: no-cache
content-length: 51

10:03:34.899 [AsyncHttpClient-1-3] DEBUG org.asynchttpclient.netty.channel.ChannelManager - Adding key: http://localhost:36178 for channel [id: 0x3ede9073, L:/127.0.0.1:50179 - R:localhost/127.0.0.1:36178]
10:03:34.900 [Forwarding screenshot on session e9c19043da033c9c4a056c9adb5f8e0e to remote] DEBUG org.asynchttpclient.netty.request.NettyRequestSender - Using pooled Channel '[id: 0x3ede9073, L:/127.0.0.1:50179 - R:localhost/127.0.0.1:36178]' for 'GET' to 'http://localhost:36178/session/e9c19043da033c9c4a056c9adb5f8e0e/screenshot'
10:03:34.900 [Forwarding screenshot on session e9c19043da033c9c4a056c9adb5f8e0e to remote] DEBUG org.asynchttpclient.netty.request.NettyRequestSender - Using open Channel [id: 0x3ede9073, L:/127.0.0.1:50179 - R:localhost/127.0.0.1:36178] for GET '/session/e9c19043da033c9c4a056c9adb5f8e0e/screenshot'
10:03:35.025 [AsyncHttpClient-1-3] DEBUG org.asynchttpclient.netty.handler.HttpHandler - 

Request DefaultFullHttpRequest(decodeResult: success, version: HTTP/1.1, content: EmptyByteBufBE)
GET /session/e9c19043da033c9c4a056c9adb5f8e0e/screenshot HTTP/1.1
User-Agent: selenium/4.7.1 (java windows)
Cache-Control: no-cache
Content-Type: application/json; charset=utf-8
host: localhost:36178
accept: */*

Response DefaultHttpResponse(decodeResult: success, version: HTTP/1.1)
HTTP/1.1 200 OK
Content-Type: application/json; charset=utf-8
cache-control: no-cache
content-length: 26172

10:03:35.025 [AsyncHttpClient-1-3] DEBUG org.asynchttpclient.netty.channel.ChannelManager - Adding key: http://localhost:36178 for channel [id: 0x3ede9073, L:/127.0.0.1:50179 - R:localhost/127.0.0.1:36178]
10:03:35.027 [main] DEBUG net.serenitybdd.core.photography.Darkroom - Send negative for processing for target\site\serenity\f035198f28bcaf95684f4b1a3b9e5d031fc0873bb044f55c4913aef571773aa0.png
10:03:35.027 [main] DEBUG net.thucydides.core.steps.StepInterceptor - STEP DONE: klikButtonLogin
10:03:35.033 [main] DEBUG net.thucydides.core.steps.StepInterceptor - STARTING STEP: TransaksiSteps.userBeradaDiHomepageAltaShopDanLoginAkun - inputEmail
10:03:35.035 [Forwarding findElement on session e9c19043da033c9c4a056c9adb5f8e0e to remote] DEBUG org.asynchttpclient.netty.request.NettyRequestSender - Using pooled Channel '[id: 0x3ede9073, L:/127.0.0.1:50179 - R:localhost/127.0.0.1:36178]' for 'POST' to 'http://localhost:36178/session/e9c19043da033c9c4a056c9adb5f8e0e/element'
10:03:35.035 [Forwarding findElement on session e9c19043da033c9c4a056c9adb5f8e0e to remote] DEBUG org.asynchttpclient.netty.request.NettyRequestSender - Using open Channel [id: 0x3ede9073, L:/127.0.0.1:50179 - R:localhost/127.0.0.1:36178] for POST '/session/e9c19043da033c9c4a056c9adb5f8e0e/element'
10:03:35.052 [AsyncHttpClient-1-3] DEBUG org.asynchttpclient.netty.handler.HttpHandler - 

Request DefaultHttpRequest(decodeResult: success, version: HTTP/1.1)
POST /session/e9c19043da033c9c4a056c9adb5f8e0e/element HTTP/1.1
User-Agent: selenium/4.7.1 (java windows)
Content-Length: 187
Content-Type: application/json; charset=utf-8
host: localhost:36178
accept: */*

Response DefaultHttpResponse(decodeResult: success, version: HTTP/1.1)
HTTP/1.1 200 OK
Content-Type: application/json; charset=utf-8
cache-control: no-cache
content-length: 88

10:03:35.052 [AsyncHttpClient-1-3] DEBUG org.asynchttpclient.netty.channel.ChannelManager - Adding key: http://localhost:36178 for channel [id: 0x3ede9073, L:/127.0.0.1:50179 - R:localhost/127.0.0.1:36178]
10:03:35.053 [Forwarding clearElement on session e9c19043da033c9c4a056c9adb5f8e0e to remote] DEBUG org.asynchttpclient.netty.request.NettyRequestSender - Using pooled Channel '[id: 0x3ede9073, L:/127.0.0.1:50179 - R:localhost/127.0.0.1:36178]' for 'POST' to 'http://localhost:36178/session/e9c19043da033c9c4a056c9adb5f8e0e/element/42530c61-e4ef-4ebe-a714-f22cbc68f991/clear'
10:03:35.053 [Forwarding clearElement on session e9c19043da033c9c4a056c9adb5f8e0e to remote] DEBUG org.asynchttpclient.netty.request.NettyRequestSender - Using open Channel [id: 0x3ede9073, L:/127.0.0.1:50179 - R:localhost/127.0.0.1:36178] for POST '/session/e9c19043da033c9c4a056c9adb5f8e0e/element/42530c61-e4ef-4ebe-a714-f22cbc68f991/clear'
10:03:35.100 [AsyncHttpClient-1-3] DEBUG org.asynchttpclient.netty.handler.HttpHandler - 

Request DefaultHttpRequest(decodeResult: success, version: HTTP/1.1)
POST /session/e9c19043da033c9c4a056c9adb5f8e0e/element/42530c61-e4ef-4ebe-a714-f22cbc68f991/clear HTTP/1.1
User-Agent: selenium/4.7.1 (java windows)
Content-Length: 50
Content-Type: application/json; charset=utf-8
host: localhost:36178
accept: */*

Response DefaultHttpResponse(decodeResult: success, version: HTTP/1.1)
HTTP/1.1 200 OK
Content-Type: application/json; charset=utf-8
cache-control: no-cache
content-length: 14

10:03:35.100 [AsyncHttpClient-1-3] DEBUG org.asynchttpclient.netty.channel.ChannelManager - Adding key: http://localhost:36178 for channel [id: 0x3ede9073, L:/127.0.0.1:50179 - R:localhost/127.0.0.1:36178]
10:03:35.103 [Forwarding sendKeysToElement on session e9c19043da033c9c4a056c9adb5f8e0e to remote] DEBUG org.asynchttpclient.netty.request.NettyRequestSender - Using pooled Channel '[id: 0x3ede9073, L:/127.0.0.1:50179 - R:localhost/127.0.0.1:36178]' for 'POST' to 'http://localhost:36178/session/e9c19043da033c9c4a056c9adb5f8e0e/element/42530c61-e4ef-4ebe-a714-f22cbc68f991/value'
10:03:35.103 [Forwarding sendKeysToElement on session e9c19043da033c9c4a056c9adb5f8e0e to remote] DEBUG org.asynchttpclient.netty.request.NettyRequestSender - Using open Channel [id: 0x3ede9073, L:/127.0.0.1:50179 - R:localhost/127.0.0.1:36178] for POST '/session/e9c19043da033c9c4a056c9adb5f8e0e/element/42530c61-e4ef-4ebe-a714-f22cbc68f991/value'
10:03:35.271 [AsyncHttpClient-1-3] DEBUG org.asynchttpclient.netty.handler.HttpHandler - 

Request DefaultHttpRequest(decodeResult: success, version: HTTP/1.1)
POST /session/e9c19043da033c9c4a056c9adb5f8e0e/element/42530c61-e4ef-4ebe-a714-f22cbc68f991/value HTTP/1.1
User-Agent: selenium/4.7.1 (java windows)
Content-Length: 211
Content-Type: application/json; charset=utf-8
host: localhost:36178
accept: */*

Response DefaultHttpResponse(decodeResult: success, version: HTTP/1.1)
HTTP/1.1 200 OK
Content-Type: application/json; charset=utf-8
cache-control: no-cache
content-length: 14

10:03:35.271 [AsyncHttpClient-1-3] DEBUG org.asynchttpclient.netty.channel.ChannelManager - Adding key: http://localhost:36178 for channel [id: 0x3ede9073, L:/127.0.0.1:50179 - R:localhost/127.0.0.1:36178]
10:03:35.279 [Forwarding getCurrentWindowHandle on session e9c19043da033c9c4a056c9adb5f8e0e to remote] DEBUG org.asynchttpclient.netty.request.NettyRequestSender - Using pooled Channel '[id: 0x3ede9073, L:/127.0.0.1:50179 - R:localhost/127.0.0.1:36178]' for 'GET' to 'http://localhost:36178/session/e9c19043da033c9c4a056c9adb5f8e0e/window'
10:03:35.279 [Forwarding getCurrentWindowHandle on session e9c19043da033c9c4a056c9adb5f8e0e to remote] DEBUG org.asynchttpclient.netty.request.NettyRequestSender - Using open Channel [id: 0x3ede9073, L:/127.0.0.1:50179 - R:localhost/127.0.0.1:36178] for GET '/session/e9c19043da033c9c4a056c9adb5f8e0e/window'
10:03:35.280 [AsyncHttpClient-1-3] DEBUG org.asynchttpclient.netty.handler.HttpHandler - 

Request DefaultFullHttpRequest(decodeResult: success, version: HTTP/1.1, content: EmptyByteBufBE)
GET /session/e9c19043da033c9c4a056c9adb5f8e0e/window HTTP/1.1
User-Agent: selenium/4.7.1 (java windows)
Cache-Control: no-cache
Content-Type: application/json; charset=utf-8
host: localhost:36178
accept: */*

Response DefaultHttpResponse(decodeResult: success, version: HTTP/1.1)
HTTP/1.1 200 OK
Content-Type: application/json; charset=utf-8
cache-control: no-cache
content-length: 44

10:03:35.280 [AsyncHttpClient-1-3] DEBUG org.asynchttpclient.netty.channel.ChannelManager - Adding key: http://localhost:36178 for channel [id: 0x3ede9073, L:/127.0.0.1:50179 - R:localhost/127.0.0.1:36178]
10:03:35.283 [Forwarding getAlertText on session e9c19043da033c9c4a056c9adb5f8e0e to remote] DEBUG org.asynchttpclient.netty.request.NettyRequestSender - Using pooled Channel '[id: 0x3ede9073, L:/127.0.0.1:50179 - R:localhost/127.0.0.1:36178]' for 'GET' to 'http://localhost:36178/session/e9c19043da033c9c4a056c9adb5f8e0e/alert/text'
10:03:35.283 [Forwarding getAlertText on session e9c19043da033c9c4a056c9adb5f8e0e to remote] DEBUG org.asynchttpclient.netty.request.NettyRequestSender - Using open Channel [id: 0x3ede9073, L:/127.0.0.1:50179 - R:localhost/127.0.0.1:36178] for GET '/session/e9c19043da033c9c4a056c9adb5f8e0e/alert/text'
10:03:35.285 [AsyncHttpClient-1-3] DEBUG org.asynchttpclient.netty.handler.HttpHandler - 

Request DefaultFullHttpRequest(decodeResult: success, version: HTTP/1.1, content: EmptyByteBufBE)
GET /session/e9c19043da033c9c4a056c9adb5f8e0e/alert/text HTTP/1.1
User-Agent: selenium/4.7.1 (java windows)
Cache-Control: no-cache
Content-Type: application/json; charset=utf-8
host: localhost:36178
accept: */*

Response DefaultHttpResponse(decodeResult: success, version: HTTP/1.1)
HTTP/1.1 404 Not Found
Content-Type: application/json; charset=utf-8
cache-control: no-cache
content-length: 821

10:03:35.286 [AsyncHttpClient-1-3] DEBUG org.asynchttpclient.netty.channel.ChannelManager - Adding key: http://localhost:36178 for channel [id: 0x3ede9073, L:/127.0.0.1:50179 - R:localhost/127.0.0.1:36178]
10:03:35.288 [Forwarding switchToWindow on session e9c19043da033c9c4a056c9adb5f8e0e to remote] DEBUG org.asynchttpclient.netty.request.NettyRequestSender - Using pooled Channel '[id: 0x3ede9073, L:/127.0.0.1:50179 - R:localhost/127.0.0.1:36178]' for 'POST' to 'http://localhost:36178/session/e9c19043da033c9c4a056c9adb5f8e0e/window'
10:03:35.288 [Forwarding switchToWindow on session e9c19043da033c9c4a056c9adb5f8e0e to remote] DEBUG org.asynchttpclient.netty.request.NettyRequestSender - Using open Channel [id: 0x3ede9073, L:/127.0.0.1:50179 - R:localhost/127.0.0.1:36178] for POST '/session/e9c19043da033c9c4a056c9adb5f8e0e/window'
10:03:35.291 [AsyncHttpClient-1-3] DEBUG org.asynchttpclient.netty.handler.HttpHandler - 

Request DefaultHttpRequest(decodeResult: success, version: HTTP/1.1)
POST /session/e9c19043da033c9c4a056c9adb5f8e0e/window HTTP/1.1
User-Agent: selenium/4.7.1 (java windows)
Content-Length: 50
Content-Type: application/json; charset=utf-8
host: localhost:36178
accept: */*

Response DefaultHttpResponse(decodeResult: success, version: HTTP/1.1)
HTTP/1.1 200 OK
Content-Type: application/json; charset=utf-8
cache-control: no-cache
content-length: 14

10:03:35.291 [AsyncHttpClient-1-3] DEBUG org.asynchttpclient.netty.channel.ChannelManager - Adding key: http://localhost:36178 for channel [id: 0x3ede9073, L:/127.0.0.1:50179 - R:localhost/127.0.0.1:36178]
10:03:35.292 [Forwarding getCurrentUrl on session e9c19043da033c9c4a056c9adb5f8e0e to remote] DEBUG org.asynchttpclient.netty.request.NettyRequestSender - Using pooled Channel '[id: 0x3ede9073, L:/127.0.0.1:50179 - R:localhost/127.0.0.1:36178]' for 'GET' to 'http://localhost:36178/session/e9c19043da033c9c4a056c9adb5f8e0e/url'
10:03:35.292 [Forwarding getCurrentUrl on session e9c19043da033c9c4a056c9adb5f8e0e to remote] DEBUG org.asynchttpclient.netty.request.NettyRequestSender - Using open Channel [id: 0x3ede9073, L:/127.0.0.1:50179 - R:localhost/127.0.0.1:36178] for GET '/session/e9c19043da033c9c4a056c9adb5f8e0e/url'
10:03:35.301 [AsyncHttpClient-1-3] DEBUG org.asynchttpclient.netty.handler.HttpHandler - 

Request DefaultFullHttpRequest(decodeResult: success, version: HTTP/1.1, content: EmptyByteBufBE)
GET /session/e9c19043da033c9c4a056c9adb5f8e0e/url HTTP/1.1
User-Agent: selenium/4.7.1 (java windows)
Cache-Control: no-cache
Content-Type: application/json; charset=utf-8
host: localhost:36178
accept: */*

Response DefaultHttpResponse(decodeResult: success, version: HTTP/1.1)
HTTP/1.1 200 OK
Content-Type: application/json; charset=utf-8
cache-control: no-cache
content-length: 51

10:03:35.301 [AsyncHttpClient-1-3] DEBUG org.asynchttpclient.netty.channel.ChannelManager - Adding key: http://localhost:36178 for channel [id: 0x3ede9073, L:/127.0.0.1:50179 - R:localhost/127.0.0.1:36178]
10:03:35.302 [Forwarding screenshot on session e9c19043da033c9c4a056c9adb5f8e0e to remote] DEBUG org.asynchttpclient.netty.request.NettyRequestSender - Using pooled Channel '[id: 0x3ede9073, L:/127.0.0.1:50179 - R:localhost/127.0.0.1:36178]' for 'GET' to 'http://localhost:36178/session/e9c19043da033c9c4a056c9adb5f8e0e/screenshot'
10:03:35.302 [Forwarding screenshot on session e9c19043da033c9c4a056c9adb5f8e0e to remote] DEBUG org.asynchttpclient.netty.request.NettyRequestSender - Using open Channel [id: 0x3ede9073, L:/127.0.0.1:50179 - R:localhost/127.0.0.1:36178] for GET '/session/e9c19043da033c9c4a056c9adb5f8e0e/screenshot'
10:03:35.474 [AsyncHttpClient-1-1] DEBUG org.asynchttpclient.netty.channel.DefaultChannelPool - Entry count for : http://localhost:50180 : 1
10:03:35.480 [AsyncHttpClient-1-3] DEBUG org.asynchttpclient.netty.handler.HttpHandler - 

Request DefaultFullHttpRequest(decodeResult: success, version: HTTP/1.1, content: EmptyByteBufBE)
GET /session/e9c19043da033c9c4a056c9adb5f8e0e/screenshot HTTP/1.1
User-Agent: selenium/4.7.1 (java windows)
Cache-Control: no-cache
Content-Type: application/json; charset=utf-8
host: localhost:36178
accept: */*

Response DefaultHttpResponse(decodeResult: success, version: HTTP/1.1)
HTTP/1.1 200 OK
Content-Type: application/json; charset=utf-8
cache-control: no-cache
content-length: 29760

10:03:35.481 [AsyncHttpClient-1-3] DEBUG org.asynchttpclient.netty.channel.ChannelManager - Adding key: http://localhost:36178 for channel [id: 0x3ede9073, L:/127.0.0.1:50179 - R:localhost/127.0.0.1:36178]
10:03:35.483 [main] DEBUG net.serenitybdd.core.photography.Darkroom - Send negative for processing for target\site\serenity\42d9b0d61c4e785fbbfbaf8153efad28a433a795ac01cbba246118a6c3f4c2f2.png
10:03:35.483 [main] DEBUG net.thucydides.core.steps.StepInterceptor - STEP DONE: inputEmail
10:03:35.483 [Darkroom Processing Line] DEBUG net.serenitybdd.core.photography.DarkroomProcessingLine - Processing screenshot image in /var/screenshots/screenshot-7701334938974219653
10:03:35.483 [Darkroom Processing Line] DEBUG net.serenitybdd.core.photography.DarkroomProcessingLine - Saving screenshot to target\site\serenity\42d9b0d61c4e785fbbfbaf8153efad28a433a795ac01cbba246118a6c3f4c2f2.png
10:03:35.487 [main] DEBUG net.thucydides.core.steps.StepInterceptor - STARTING STEP: TransaksiSteps.userBeradaDiHomepageAltaShopDanLoginAkun - inputPassword
10:03:35.490 [Forwarding findElement on session e9c19043da033c9c4a056c9adb5f8e0e to remote] DEBUG org.asynchttpclient.netty.request.NettyRequestSender - Using pooled Channel '[id: 0x3ede9073, L:/127.0.0.1:50179 - R:localhost/127.0.0.1:36178]' for 'POST' to 'http://localhost:36178/session/e9c19043da033c9c4a056c9adb5f8e0e/element'
10:03:35.490 [Forwarding findElement on session e9c19043da033c9c4a056c9adb5f8e0e to remote] DEBUG org.asynchttpclient.netty.request.NettyRequestSender - Using open Channel [id: 0x3ede9073, L:/127.0.0.1:50179 - R:localhost/127.0.0.1:36178] for POST '/session/e9c19043da033c9c4a056c9adb5f8e0e/element'
10:03:35.508 [AsyncHttpClient-1-3] DEBUG org.asynchttpclient.netty.handler.HttpHandler - 

Request DefaultHttpRequest(decodeResult: success, version: HTTP/1.1)
POST /session/e9c19043da033c9c4a056c9adb5f8e0e/element HTTP/1.1
User-Agent: selenium/4.7.1 (java windows)
Content-Length: 187
Content-Type: application/json; charset=utf-8
host: localhost:36178
accept: */*

Response DefaultHttpResponse(decodeResult: success, version: HTTP/1.1)
HTTP/1.1 200 OK
Content-Type: application/json; charset=utf-8
cache-control: no-cache
content-length: 88

10:03:35.508 [AsyncHttpClient-1-3] DEBUG org.asynchttpclient.netty.channel.ChannelManager - Adding key: http://localhost:36178 for channel [id: 0x3ede9073, L:/127.0.0.1:50179 - R:localhost/127.0.0.1:36178]
10:03:35.509 [Forwarding clearElement on session e9c19043da033c9c4a056c9adb5f8e0e to remote] DEBUG org.asynchttpclient.netty.request.NettyRequestSender - Using pooled Channel '[id: 0x3ede9073, L:/127.0.0.1:50179 - R:localhost/127.0.0.1:36178]' for 'POST' to 'http://localhost:36178/session/e9c19043da033c9c4a056c9adb5f8e0e/element/450bf8c4-26f6-4a8c-821f-349f0f5a582c/clear'
10:03:35.509 [Forwarding clearElement on session e9c19043da033c9c4a056c9adb5f8e0e to remote] DEBUG org.asynchttpclient.netty.request.NettyRequestSender - Using open Channel [id: 0x3ede9073, L:/127.0.0.1:50179 - R:localhost/127.0.0.1:36178] for POST '/session/e9c19043da033c9c4a056c9adb5f8e0e/element/450bf8c4-26f6-4a8c-821f-349f0f5a582c/clear'
10:03:35.565 [AsyncHttpClient-1-3] DEBUG org.asynchttpclient.netty.handler.HttpHandler - 

Request DefaultHttpRequest(decodeResult: success, version: HTTP/1.1)
POST /session/e9c19043da033c9c4a056c9adb5f8e0e/element/450bf8c4-26f6-4a8c-821f-349f0f5a582c/clear HTTP/1.1
User-Agent: selenium/4.7.1 (java windows)
Content-Length: 50
Content-Type: application/json; charset=utf-8
host: localhost:36178
accept: */*

Response DefaultHttpResponse(decodeResult: success, version: HTTP/1.1)
HTTP/1.1 200 OK
Content-Type: application/json; charset=utf-8
cache-control: no-cache
content-length: 14

10:03:35.565 [AsyncHttpClient-1-3] DEBUG org.asynchttpclient.netty.channel.ChannelManager - Adding key: http://localhost:36178 for channel [id: 0x3ede9073, L:/127.0.0.1:50179 - R:localhost/127.0.0.1:36178]
10:03:35.568 [Forwarding sendKeysToElement on session e9c19043da033c9c4a056c9adb5f8e0e to remote] DEBUG org.asynchttpclient.netty.request.NettyRequestSender - Using pooled Channel '[id: 0x3ede9073, L:/127.0.0.1:50179 - R:localhost/127.0.0.1:36178]' for 'POST' to 'http://localhost:36178/session/e9c19043da033c9c4a056c9adb5f8e0e/element/450bf8c4-26f6-4a8c-821f-349f0f5a582c/value'
10:03:35.568 [Forwarding sendKeysToElement on session e9c19043da033c9c4a056c9adb5f8e0e to remote] DEBUG org.asynchttpclient.netty.request.NettyRequestSender - Using open Channel [id: 0x3ede9073, L:/127.0.0.1:50179 - R:localhost/127.0.0.1:36178] for POST '/session/e9c19043da033c9c4a056c9adb5f8e0e/element/450bf8c4-26f6-4a8c-821f-349f0f5a582c/value'
10:03:35.671 [AsyncHttpClient-1-3] DEBUG org.asynchttpclient.netty.handler.HttpHandler - 

Request DefaultHttpRequest(decodeResult: success, version: HTTP/1.1)
POST /session/e9c19043da033c9c4a056c9adb5f8e0e/element/450bf8c4-26f6-4a8c-821f-349f0f5a582c/value HTTP/1.1
User-Agent: selenium/4.7.1 (java windows)
Content-Length: 111
Content-Type: application/json; charset=utf-8
host: localhost:36178
accept: */*

Response DefaultHttpResponse(decodeResult: success, version: HTTP/1.1)
HTTP/1.1 200 OK
Content-Type: application/json; charset=utf-8
cache-control: no-cache
content-length: 14

10:03:35.671 [AsyncHttpClient-1-3] DEBUG org.asynchttpclient.netty.channel.ChannelManager - Adding key: http://localhost:36178 for channel [id: 0x3ede9073, L:/127.0.0.1:50179 - R:localhost/127.0.0.1:36178]
10:03:35.685 [Forwarding getCurrentWindowHandle on session e9c19043da033c9c4a056c9adb5f8e0e to remote] DEBUG org.asynchttpclient.netty.request.NettyRequestSender - Using pooled Channel '[id: 0x3ede9073, L:/127.0.0.1:50179 - R:localhost/127.0.0.1:36178]' for 'GET' to 'http://localhost:36178/session/e9c19043da033c9c4a056c9adb5f8e0e/window'
10:03:35.685 [Forwarding getCurrentWindowHandle on session e9c19043da033c9c4a056c9adb5f8e0e to remote] DEBUG org.asynchttpclient.netty.request.NettyRequestSender - Using open Channel [id: 0x3ede9073, L:/127.0.0.1:50179 - R:localhost/127.0.0.1:36178] for GET '/session/e9c19043da033c9c4a056c9adb5f8e0e/window'
10:03:35.686 [AsyncHttpClient-1-3] DEBUG org.asynchttpclient.netty.handler.HttpHandler - 

Request DefaultFullHttpRequest(decodeResult: success, version: HTTP/1.1, content: EmptyByteBufBE)
GET /session/e9c19043da033c9c4a056c9adb5f8e0e/window HTTP/1.1
User-Agent: selenium/4.7.1 (java windows)
Cache-Control: no-cache
Content-Type: application/json; charset=utf-8
host: localhost:36178
accept: */*

Response DefaultHttpResponse(decodeResult: success, version: HTTP/1.1)
HTTP/1.1 200 OK
Content-Type: application/json; charset=utf-8
cache-control: no-cache
content-length: 44

10:03:35.686 [AsyncHttpClient-1-3] DEBUG org.asynchttpclient.netty.channel.ChannelManager - Adding key: http://localhost:36178 for channel [id: 0x3ede9073, L:/127.0.0.1:50179 - R:localhost/127.0.0.1:36178]
10:03:35.688 [Forwarding getAlertText on session e9c19043da033c9c4a056c9adb5f8e0e to remote] DEBUG org.asynchttpclient.netty.request.NettyRequestSender - Using pooled Channel '[id: 0x3ede9073, L:/127.0.0.1:50179 - R:localhost/127.0.0.1:36178]' for 'GET' to 'http://localhost:36178/session/e9c19043da033c9c4a056c9adb5f8e0e/alert/text'
10:03:35.688 [Forwarding getAlertText on session e9c19043da033c9c4a056c9adb5f8e0e to remote] DEBUG org.asynchttpclient.netty.request.NettyRequestSender - Using open Channel [id: 0x3ede9073, L:/127.0.0.1:50179 - R:localhost/127.0.0.1:36178] for GET '/session/e9c19043da033c9c4a056c9adb5f8e0e/alert/text'
10:03:35.691 [AsyncHttpClient-1-3] DEBUG org.asynchttpclient.netty.handler.HttpHandler - 

Request DefaultFullHttpRequest(decodeResult: success, version: HTTP/1.1, content: EmptyByteBufBE)
GET /session/e9c19043da033c9c4a056c9adb5f8e0e/alert/text HTTP/1.1
User-Agent: selenium/4.7.1 (java windows)
Cache-Control: no-cache
Content-Type: application/json; charset=utf-8
host: localhost:36178
accept: */*

Response DefaultHttpResponse(decodeResult: success, version: HTTP/1.1)
HTTP/1.1 404 Not Found
Content-Type: application/json; charset=utf-8
cache-control: no-cache
content-length: 821

10:03:35.691 [AsyncHttpClient-1-3] DEBUG org.asynchttpclient.netty.channel.ChannelManager - Adding key: http://localhost:36178 for channel [id: 0x3ede9073, L:/127.0.0.1:50179 - R:localhost/127.0.0.1:36178]
10:03:35.695 [Forwarding switchToWindow on session e9c19043da033c9c4a056c9adb5f8e0e to remote] DEBUG org.asynchttpclient.netty.request.NettyRequestSender - Using pooled Channel '[id: 0x3ede9073, L:/127.0.0.1:50179 - R:localhost/127.0.0.1:36178]' for 'POST' to 'http://localhost:36178/session/e9c19043da033c9c4a056c9adb5f8e0e/window'
10:03:35.696 [Forwarding switchToWindow on session e9c19043da033c9c4a056c9adb5f8e0e to remote] DEBUG org.asynchttpclient.netty.request.NettyRequestSender - Using open Channel [id: 0x3ede9073, L:/127.0.0.1:50179 - R:localhost/127.0.0.1:36178] for POST '/session/e9c19043da033c9c4a056c9adb5f8e0e/window'
10:03:35.700 [AsyncHttpClient-1-3] DEBUG org.asynchttpclient.netty.handler.HttpHandler - 

Request DefaultHttpRequest(decodeResult: success, version: HTTP/1.1)
POST /session/e9c19043da033c9c4a056c9adb5f8e0e/window HTTP/1.1
User-Agent: selenium/4.7.1 (java windows)
Content-Length: 50
Content-Type: application/json; charset=utf-8
host: localhost:36178
accept: */*

Response DefaultHttpResponse(decodeResult: success, version: HTTP/1.1)
HTTP/1.1 200 OK
Content-Type: application/json; charset=utf-8
cache-control: no-cache
content-length: 14

10:03:35.700 [AsyncHttpClient-1-3] DEBUG org.asynchttpclient.netty.channel.ChannelManager - Adding key: http://localhost:36178 for channel [id: 0x3ede9073, L:/127.0.0.1:50179 - R:localhost/127.0.0.1:36178]
10:03:35.701 [Forwarding getCurrentUrl on session e9c19043da033c9c4a056c9adb5f8e0e to remote] DEBUG org.asynchttpclient.netty.request.NettyRequestSender - Using pooled Channel '[id: 0x3ede9073, L:/127.0.0.1:50179 - R:localhost/127.0.0.1:36178]' for 'GET' to 'http://localhost:36178/session/e9c19043da033c9c4a056c9adb5f8e0e/url'
10:03:35.701 [Forwarding getCurrentUrl on session e9c19043da033c9c4a056c9adb5f8e0e to remote] DEBUG org.asynchttpclient.netty.request.NettyRequestSender - Using open Channel [id: 0x3ede9073, L:/127.0.0.1:50179 - R:localhost/127.0.0.1:36178] for GET '/session/e9c19043da033c9c4a056c9adb5f8e0e/url'
10:03:35.709 [AsyncHttpClient-1-3] DEBUG org.asynchttpclient.netty.handler.HttpHandler - 

Request DefaultFullHttpRequest(decodeResult: success, version: HTTP/1.1, content: EmptyByteBufBE)
GET /session/e9c19043da033c9c4a056c9adb5f8e0e/url HTTP/1.1
User-Agent: selenium/4.7.1 (java windows)
Cache-Control: no-cache
Content-Type: application/json; charset=utf-8
host: localhost:36178
accept: */*

Response DefaultHttpResponse(decodeResult: success, version: HTTP/1.1)
HTTP/1.1 200 OK
Content-Type: application/json; charset=utf-8
cache-control: no-cache
content-length: 51

10:03:35.709 [AsyncHttpClient-1-3] DEBUG org.asynchttpclient.netty.channel.ChannelManager - Adding key: http://localhost:36178 for channel [id: 0x3ede9073, L:/127.0.0.1:50179 - R:localhost/127.0.0.1:36178]
10:03:35.711 [Forwarding screenshot on session e9c19043da033c9c4a056c9adb5f8e0e to remote] DEBUG org.asynchttpclient.netty.request.NettyRequestSender - Using pooled Channel '[id: 0x3ede9073, L:/127.0.0.1:50179 - R:localhost/127.0.0.1:36178]' for 'GET' to 'http://localhost:36178/session/e9c19043da033c9c4a056c9adb5f8e0e/screenshot'
10:03:35.711 [Forwarding screenshot on session e9c19043da033c9c4a056c9adb5f8e0e to remote] DEBUG org.asynchttpclient.netty.request.NettyRequestSender - Using open Channel [id: 0x3ede9073, L:/127.0.0.1:50179 - R:localhost/127.0.0.1:36178] for GET '/session/e9c19043da033c9c4a056c9adb5f8e0e/screenshot'
10:03:35.896 [AsyncHttpClient-1-3] DEBUG org.asynchttpclient.netty.handler.HttpHandler - 

Request DefaultFullHttpRequest(decodeResult: success, version: HTTP/1.1, content: EmptyByteBufBE)
GET /session/e9c19043da033c9c4a056c9adb5f8e0e/screenshot HTTP/1.1
User-Agent: selenium/4.7.1 (java windows)
Cache-Control: no-cache
Content-Type: application/json; charset=utf-8
host: localhost:36178
accept: */*

Response DefaultHttpResponse(decodeResult: success, version: HTTP/1.1)
HTTP/1.1 200 OK
Content-Type: application/json; charset=utf-8
cache-control: no-cache
content-length: 29772

10:03:35.896 [AsyncHttpClient-1-3] DEBUG org.asynchttpclient.netty.channel.ChannelManager - Adding key: http://localhost:36178 for channel [id: 0x3ede9073, L:/127.0.0.1:50179 - R:localhost/127.0.0.1:36178]
10:03:35.899 [main] DEBUG net.serenitybdd.core.photography.Darkroom - Send negative for processing for target\site\serenity\d0566cd2487f7d87fdc301cb30b4d7f8eee9431c0d02860626273f8bcc736b0a.png
10:03:35.899 [main] DEBUG net.thucydides.core.steps.StepInterceptor - STEP DONE: inputPassword
10:03:35.900 [Darkroom Processing Line] DEBUG net.serenitybdd.core.photography.DarkroomProcessingLine - Processing screenshot image in /var/screenshots/screenshot-11142495769536224051
10:03:35.900 [Darkroom Processing Line] DEBUG net.serenitybdd.core.photography.DarkroomProcessingLine - Saving screenshot to target\site\serenity\d0566cd2487f7d87fdc301cb30b4d7f8eee9431c0d02860626273f8bcc736b0a.png
10:03:35.905 [main] DEBUG net.thucydides.core.steps.StepInterceptor - STARTING STEP: TransaksiSteps.userBeradaDiHomepageAltaShopDanLoginAkun - klikButtonLoginKedua
10:03:35.908 [Forwarding findElement on session e9c19043da033c9c4a056c9adb5f8e0e to remote] DEBUG org.asynchttpclient.netty.request.NettyRequestSender - Using pooled Channel '[id: 0x3ede9073, L:/127.0.0.1:50179 - R:localhost/127.0.0.1:36178]' for 'POST' to 'http://localhost:36178/session/e9c19043da033c9c4a056c9adb5f8e0e/element'
10:03:35.908 [Forwarding findElement on session e9c19043da033c9c4a056c9adb5f8e0e to remote] DEBUG org.asynchttpclient.netty.request.NettyRequestSender - Using open Channel [id: 0x3ede9073, L:/127.0.0.1:50179 - R:localhost/127.0.0.1:36178] for POST '/session/e9c19043da033c9c4a056c9adb5f8e0e/element'
10:03:35.929 [AsyncHttpClient-1-3] DEBUG org.asynchttpclient.netty.handler.HttpHandler - 

Request DefaultHttpRequest(decodeResult: success, version: HTTP/1.1)
POST /session/e9c19043da033c9c4a056c9adb5f8e0e/element HTTP/1.1
User-Agent: selenium/4.7.1 (java windows)
Content-Length: 141
Content-Type: application/json; charset=utf-8
host: localhost:36178
accept: */*

Response DefaultHttpResponse(decodeResult: success, version: HTTP/1.1)
HTTP/1.1 200 OK
Content-Type: application/json; charset=utf-8
cache-control: no-cache
content-length: 88

10:03:35.929 [AsyncHttpClient-1-3] DEBUG org.asynchttpclient.netty.channel.ChannelManager - Adding key: http://localhost:36178 for channel [id: 0x3ede9073, L:/127.0.0.1:50179 - R:localhost/127.0.0.1:36178]
10:03:35.931 [Forwarding getElementTagName on session e9c19043da033c9c4a056c9adb5f8e0e to remote] DEBUG org.asynchttpclient.netty.request.NettyRequestSender - Using pooled Channel '[id: 0x3ede9073, L:/127.0.0.1:50179 - R:localhost/127.0.0.1:36178]' for 'GET' to 'http://localhost:36178/session/e9c19043da033c9c4a056c9adb5f8e0e/element/ed920a66-ab81-49b2-a447-ed06828c97c4/name'
10:03:35.931 [Forwarding getElementTagName on session e9c19043da033c9c4a056c9adb5f8e0e to remote] DEBUG org.asynchttpclient.netty.request.NettyRequestSender - Using open Channel [id: 0x3ede9073, L:/127.0.0.1:50179 - R:localhost/127.0.0.1:36178] for GET '/session/e9c19043da033c9c4a056c9adb5f8e0e/element/ed920a66-ab81-49b2-a447-ed06828c97c4/name'
10:03:35.941 [AsyncHttpClient-1-3] DEBUG org.asynchttpclient.netty.handler.HttpHandler - 

Request DefaultFullHttpRequest(decodeResult: success, version: HTTP/1.1, content: EmptyByteBufBE)
GET /session/e9c19043da033c9c4a056c9adb5f8e0e/element/ed920a66-ab81-49b2-a447-ed06828c97c4/name HTTP/1.1
User-Agent: selenium/4.7.1 (java windows)
Cache-Control: no-cache
Content-Type: application/json; charset=utf-8
host: localhost:36178
accept: */*

Response DefaultHttpResponse(decodeResult: success, version: HTTP/1.1)
HTTP/1.1 200 OK
Content-Type: application/json; charset=utf-8
cache-control: no-cache
content-length: 18

10:03:35.941 [AsyncHttpClient-1-3] DEBUG org.asynchttpclient.netty.channel.ChannelManager - Adding key: http://localhost:36178 for channel [id: 0x3ede9073, L:/127.0.0.1:50179 - R:localhost/127.0.0.1:36178]
10:03:35.942 [Forwarding getElementTagName on session e9c19043da033c9c4a056c9adb5f8e0e to remote] DEBUG org.asynchttpclient.netty.request.NettyRequestSender - Using pooled Channel '[id: 0x3ede9073, L:/127.0.0.1:50179 - R:localhost/127.0.0.1:36178]' for 'GET' to 'http://localhost:36178/session/e9c19043da033c9c4a056c9adb5f8e0e/element/ed920a66-ab81-49b2-a447-ed06828c97c4/name'
10:03:35.943 [Forwarding getElementTagName on session e9c19043da033c9c4a056c9adb5f8e0e to remote] DEBUG org.asynchttpclient.netty.request.NettyRequestSender - Using open Channel [id: 0x3ede9073, L:/127.0.0.1:50179 - R:localhost/127.0.0.1:36178] for GET '/session/e9c19043da033c9c4a056c9adb5f8e0e/element/ed920a66-ab81-49b2-a447-ed06828c97c4/name'
10:03:35.952 [AsyncHttpClient-1-3] DEBUG org.asynchttpclient.netty.handler.HttpHandler - 

Request DefaultFullHttpRequest(decodeResult: success, version: HTTP/1.1, content: EmptyByteBufBE)
GET /session/e9c19043da033c9c4a056c9adb5f8e0e/element/ed920a66-ab81-49b2-a447-ed06828c97c4/name HTTP/1.1
User-Agent: selenium/4.7.1 (java windows)
Cache-Control: no-cache
Content-Type: application/json; charset=utf-8
host: localhost:36178
accept: */*

Response DefaultHttpResponse(decodeResult: success, version: HTTP/1.1)
HTTP/1.1 200 OK
Content-Type: application/json; charset=utf-8
cache-control: no-cache
content-length: 18

10:03:35.952 [AsyncHttpClient-1-3] DEBUG org.asynchttpclient.netty.channel.ChannelManager - Adding key: http://localhost:36178 for channel [id: 0x3ede9073, L:/127.0.0.1:50179 - R:localhost/127.0.0.1:36178]
10:03:35.954 [Forwarding isElementEnabled on session e9c19043da033c9c4a056c9adb5f8e0e to remote] DEBUG org.asynchttpclient.netty.request.NettyRequestSender - Using pooled Channel '[id: 0x3ede9073, L:/127.0.0.1:50179 - R:localhost/127.0.0.1:36178]' for 'GET' to 'http://localhost:36178/session/e9c19043da033c9c4a056c9adb5f8e0e/element/ed920a66-ab81-49b2-a447-ed06828c97c4/enabled'
10:03:35.954 [Forwarding isElementEnabled on session e9c19043da033c9c4a056c9adb5f8e0e to remote] DEBUG org.asynchttpclient.netty.request.NettyRequestSender - Using open Channel [id: 0x3ede9073, L:/127.0.0.1:50179 - R:localhost/127.0.0.1:36178] for GET '/session/e9c19043da033c9c4a056c9adb5f8e0e/element/ed920a66-ab81-49b2-a447-ed06828c97c4/enabled'
10:03:35.969 [AsyncHttpClient-1-3] DEBUG org.asynchttpclient.netty.handler.HttpHandler - 

Request DefaultFullHttpRequest(decodeResult: success, version: HTTP/1.1, content: EmptyByteBufBE)
GET /session/e9c19043da033c9c4a056c9adb5f8e0e/element/ed920a66-ab81-49b2-a447-ed06828c97c4/enabled HTTP/1.1
User-Agent: selenium/4.7.1 (java windows)
Cache-Control: no-cache
Content-Type: application/json; charset=utf-8
host: localhost:36178
accept: */*

Response DefaultHttpResponse(decodeResult: success, version: HTTP/1.1)
HTTP/1.1 200 OK
Content-Type: application/json; charset=utf-8
cache-control: no-cache
content-length: 14

10:03:35.969 [AsyncHttpClient-1-3] DEBUG org.asynchttpclient.netty.channel.ChannelManager - Adding key: http://localhost:36178 for channel [id: 0x3ede9073, L:/127.0.0.1:50179 - R:localhost/127.0.0.1:36178]
10:03:35.970 [Forwarding isElementEnabled on session e9c19043da033c9c4a056c9adb5f8e0e to remote] DEBUG org.asynchttpclient.netty.request.NettyRequestSender - Using pooled Channel '[id: 0x3ede9073, L:/127.0.0.1:50179 - R:localhost/127.0.0.1:36178]' for 'GET' to 'http://localhost:36178/session/e9c19043da033c9c4a056c9adb5f8e0e/element/ed920a66-ab81-49b2-a447-ed06828c97c4/enabled'
10:03:35.970 [Forwarding isElementEnabled on session e9c19043da033c9c4a056c9adb5f8e0e to remote] DEBUG org.asynchttpclient.netty.request.NettyRequestSender - Using open Channel [id: 0x3ede9073, L:/127.0.0.1:50179 - R:localhost/127.0.0.1:36178] for GET '/session/e9c19043da033c9c4a056c9adb5f8e0e/element/ed920a66-ab81-49b2-a447-ed06828c97c4/enabled'
10:03:35.985 [AsyncHttpClient-1-3] DEBUG org.asynchttpclient.netty.handler.HttpHandler - 

Request DefaultFullHttpRequest(decodeResult: success, version: HTTP/1.1, content: EmptyByteBufBE)
GET /session/e9c19043da033c9c4a056c9adb5f8e0e/element/ed920a66-ab81-49b2-a447-ed06828c97c4/enabled HTTP/1.1
User-Agent: selenium/4.7.1 (java windows)
Cache-Control: no-cache
Content-Type: application/json; charset=utf-8
host: localhost:36178
accept: */*

Response DefaultHttpResponse(decodeResult: success, version: HTTP/1.1)
HTTP/1.1 200 OK
Content-Type: application/json; charset=utf-8
cache-control: no-cache
content-length: 14

10:03:35.986 [AsyncHttpClient-1-3] DEBUG org.asynchttpclient.netty.channel.ChannelManager - Adding key: http://localhost:36178 for channel [id: 0x3ede9073, L:/127.0.0.1:50179 - R:localhost/127.0.0.1:36178]
10:03:35.988 [Forwarding findElement on session e9c19043da033c9c4a056c9adb5f8e0e to remote] DEBUG org.asynchttpclient.netty.request.NettyRequestSender - Using pooled Channel '[id: 0x3ede9073, L:/127.0.0.1:50179 - R:localhost/127.0.0.1:36178]' for 'POST' to 'http://localhost:36178/session/e9c19043da033c9c4a056c9adb5f8e0e/element'
10:03:35.988 [Forwarding findElement on session e9c19043da033c9c4a056c9adb5f8e0e to remote] DEBUG org.asynchttpclient.netty.request.NettyRequestSender - Using open Channel [id: 0x3ede9073, L:/127.0.0.1:50179 - R:localhost/127.0.0.1:36178] for POST '/session/e9c19043da033c9c4a056c9adb5f8e0e/element'
10:03:36.003 [AsyncHttpClient-1-3] DEBUG org.asynchttpclient.netty.handler.HttpHandler - 

Request DefaultHttpRequest(decodeResult: success, version: HTTP/1.1)
POST /session/e9c19043da033c9c4a056c9adb5f8e0e/element HTTP/1.1
User-Agent: selenium/4.7.1 (java windows)
Content-Length: 141
Content-Type: application/json; charset=utf-8
host: localhost:36178
accept: */*

Response DefaultHttpResponse(decodeResult: success, version: HTTP/1.1)
HTTP/1.1 200 OK
Content-Type: application/json; charset=utf-8
cache-control: no-cache
content-length: 88

10:03:36.007 [AsyncHttpClient-1-3] DEBUG org.asynchttpclient.netty.channel.ChannelManager - Adding key: http://localhost:36178 for channel [id: 0x3ede9073, L:/127.0.0.1:50179 - R:localhost/127.0.0.1:36178]
10:03:36.010 [Forwarding clickElement on session e9c19043da033c9c4a056c9adb5f8e0e to remote] DEBUG org.asynchttpclient.netty.request.NettyRequestSender - Using pooled Channel '[id: 0x3ede9073, L:/127.0.0.1:50179 - R:localhost/127.0.0.1:36178]' for 'POST' to 'http://localhost:36178/session/e9c19043da033c9c4a056c9adb5f8e0e/element/ed920a66-ab81-49b2-a447-ed06828c97c4/click'
10:03:36.010 [Forwarding clickElement on session e9c19043da033c9c4a056c9adb5f8e0e to remote] DEBUG org.asynchttpclient.netty.request.NettyRequestSender - Using open Channel [id: 0x3ede9073, L:/127.0.0.1:50179 - R:localhost/127.0.0.1:36178] for POST '/session/e9c19043da033c9c4a056c9adb5f8e0e/element/ed920a66-ab81-49b2-a447-ed06828c97c4/click'
10:03:36.097 [AsyncHttpClient-1-3] DEBUG org.asynchttpclient.netty.handler.HttpHandler - 

Request DefaultHttpRequest(decodeResult: success, version: HTTP/1.1)
POST /session/e9c19043da033c9c4a056c9adb5f8e0e/element/ed920a66-ab81-49b2-a447-ed06828c97c4/click HTTP/1.1
User-Agent: selenium/4.7.1 (java windows)
Content-Length: 50
Content-Type: application/json; charset=utf-8
host: localhost:36178
accept: */*

Response DefaultHttpResponse(decodeResult: success, version: HTTP/1.1)
HTTP/1.1 200 OK
Content-Type: application/json; charset=utf-8
cache-control: no-cache
content-length: 14

10:03:36.098 [AsyncHttpClient-1-3] DEBUG org.asynchttpclient.netty.channel.ChannelManager - Adding key: http://localhost:36178 for channel [id: 0x3ede9073, L:/127.0.0.1:50179 - R:localhost/127.0.0.1:36178]
10:03:36.110 [Forwarding getCurrentWindowHandle on session e9c19043da033c9c4a056c9adb5f8e0e to remote] DEBUG org.asynchttpclient.netty.request.NettyRequestSender - Using pooled Channel '[id: 0x3ede9073, L:/127.0.0.1:50179 - R:localhost/127.0.0.1:36178]' for 'GET' to 'http://localhost:36178/session/e9c19043da033c9c4a056c9adb5f8e0e/window'
10:03:36.110 [Forwarding getCurrentWindowHandle on session e9c19043da033c9c4a056c9adb5f8e0e to remote] DEBUG org.asynchttpclient.netty.request.NettyRequestSender - Using open Channel [id: 0x3ede9073, L:/127.0.0.1:50179 - R:localhost/127.0.0.1:36178] for GET '/session/e9c19043da033c9c4a056c9adb5f8e0e/window'
10:03:36.112 [AsyncHttpClient-1-3] DEBUG org.asynchttpclient.netty.handler.HttpHandler - 

Request DefaultFullHttpRequest(decodeResult: success, version: HTTP/1.1, content: EmptyByteBufBE)
GET /session/e9c19043da033c9c4a056c9adb5f8e0e/window HTTP/1.1
User-Agent: selenium/4.7.1 (java windows)
Cache-Control: no-cache
Content-Type: application/json; charset=utf-8
host: localhost:36178
accept: */*

Response DefaultHttpResponse(decodeResult: success, version: HTTP/1.1)
HTTP/1.1 200 OK
Content-Type: application/json; charset=utf-8
cache-control: no-cache
content-length: 44

10:03:36.112 [AsyncHttpClient-1-3] DEBUG org.asynchttpclient.netty.channel.ChannelManager - Adding key: http://localhost:36178 for channel [id: 0x3ede9073, L:/127.0.0.1:50179 - R:localhost/127.0.0.1:36178]
10:03:36.115 [Forwarding getAlertText on session e9c19043da033c9c4a056c9adb5f8e0e to remote] DEBUG org.asynchttpclient.netty.request.NettyRequestSender - Using pooled Channel '[id: 0x3ede9073, L:/127.0.0.1:50179 - R:localhost/127.0.0.1:36178]' for 'GET' to 'http://localhost:36178/session/e9c19043da033c9c4a056c9adb5f8e0e/alert/text'
10:03:36.115 [Forwarding getAlertText on session e9c19043da033c9c4a056c9adb5f8e0e to remote] DEBUG org.asynchttpclient.netty.request.NettyRequestSender - Using open Channel [id: 0x3ede9073, L:/127.0.0.1:50179 - R:localhost/127.0.0.1:36178] for GET '/session/e9c19043da033c9c4a056c9adb5f8e0e/alert/text'
10:03:36.123 [AsyncHttpClient-1-3] DEBUG org.asynchttpclient.netty.handler.HttpHandler - 

Request DefaultFullHttpRequest(decodeResult: success, version: HTTP/1.1, content: EmptyByteBufBE)
GET /session/e9c19043da033c9c4a056c9adb5f8e0e/alert/text HTTP/1.1
User-Agent: selenium/4.7.1 (java windows)
Cache-Control: no-cache
Content-Type: application/json; charset=utf-8
host: localhost:36178
accept: */*

Response DefaultHttpResponse(decodeResult: success, version: HTTP/1.1)
HTTP/1.1 404 Not Found
Content-Type: application/json; charset=utf-8
cache-control: no-cache
content-length: 821

10:03:36.123 [AsyncHttpClient-1-3] DEBUG org.asynchttpclient.netty.channel.ChannelManager - Adding key: http://localhost:36178 for channel [id: 0x3ede9073, L:/127.0.0.1:50179 - R:localhost/127.0.0.1:36178]
10:03:36.126 [Forwarding switchToWindow on session e9c19043da033c9c4a056c9adb5f8e0e to remote] DEBUG org.asynchttpclient.netty.request.NettyRequestSender - Using pooled Channel '[id: 0x3ede9073, L:/127.0.0.1:50179 - R:localhost/127.0.0.1:36178]' for 'POST' to 'http://localhost:36178/session/e9c19043da033c9c4a056c9adb5f8e0e/window'
10:03:36.126 [Forwarding switchToWindow on session e9c19043da033c9c4a056c9adb5f8e0e to remote] DEBUG org.asynchttpclient.netty.request.NettyRequestSender - Using open Channel [id: 0x3ede9073, L:/127.0.0.1:50179 - R:localhost/127.0.0.1:36178] for POST '/session/e9c19043da033c9c4a056c9adb5f8e0e/window'
10:03:36.132 [AsyncHttpClient-1-3] DEBUG org.asynchttpclient.netty.handler.HttpHandler - 

Request DefaultHttpRequest(decodeResult: success, version: HTTP/1.1)
POST /session/e9c19043da033c9c4a056c9adb5f8e0e/window HTTP/1.1
User-Agent: selenium/4.7.1 (java windows)
Content-Length: 50
Content-Type: application/json; charset=utf-8
host: localhost:36178
accept: */*

Response DefaultHttpResponse(decodeResult: success, version: HTTP/1.1)
HTTP/1.1 200 OK
Content-Type: application/json; charset=utf-8
cache-control: no-cache
content-length: 14

10:03:36.132 [AsyncHttpClient-1-3] DEBUG org.asynchttpclient.netty.channel.ChannelManager - Adding key: http://localhost:36178 for channel [id: 0x3ede9073, L:/127.0.0.1:50179 - R:localhost/127.0.0.1:36178]
10:03:36.134 [Forwarding getCurrentUrl on session e9c19043da033c9c4a056c9adb5f8e0e to remote] DEBUG org.asynchttpclient.netty.request.NettyRequestSender - Using pooled Channel '[id: 0x3ede9073, L:/127.0.0.1:50179 - R:localhost/127.0.0.1:36178]' for 'GET' to 'http://localhost:36178/session/e9c19043da033c9c4a056c9adb5f8e0e/url'
10:03:36.134 [Forwarding getCurrentUrl on session e9c19043da033c9c4a056c9adb5f8e0e to remote] DEBUG org.asynchttpclient.netty.request.NettyRequestSender - Using open Channel [id: 0x3ede9073, L:/127.0.0.1:50179 - R:localhost/127.0.0.1:36178] for GET '/session/e9c19043da033c9c4a056c9adb5f8e0e/url'
10:03:36.142 [AsyncHttpClient-1-3] DEBUG org.asynchttpclient.netty.handler.HttpHandler - 

Request DefaultFullHttpRequest(decodeResult: success, version: HTTP/1.1, content: EmptyByteBufBE)
GET /session/e9c19043da033c9c4a056c9adb5f8e0e/url HTTP/1.1
User-Agent: selenium/4.7.1 (java windows)
Cache-Control: no-cache
Content-Type: application/json; charset=utf-8
host: localhost:36178
accept: */*

Response DefaultHttpResponse(decodeResult: success, version: HTTP/1.1)
HTTP/1.1 200 OK
Content-Type: application/json; charset=utf-8
cache-control: no-cache
content-length: 51

10:03:36.143 [AsyncHttpClient-1-3] DEBUG org.asynchttpclient.netty.channel.ChannelManager - Adding key: http://localhost:36178 for channel [id: 0x3ede9073, L:/127.0.0.1:50179 - R:localhost/127.0.0.1:36178]
10:03:36.144 [Forwarding screenshot on session e9c19043da033c9c4a056c9adb5f8e0e to remote] DEBUG org.asynchttpclient.netty.request.NettyRequestSender - Using pooled Channel '[id: 0x3ede9073, L:/127.0.0.1:50179 - R:localhost/127.0.0.1:36178]' for 'GET' to 'http://localhost:36178/session/e9c19043da033c9c4a056c9adb5f8e0e/screenshot'
10:03:36.144 [Forwarding screenshot on session e9c19043da033c9c4a056c9adb5f8e0e to remote] DEBUG org.asynchttpclient.netty.request.NettyRequestSender - Using open Channel [id: 0x3ede9073, L:/127.0.0.1:50179 - R:localhost/127.0.0.1:36178] for GET '/session/e9c19043da033c9c4a056c9adb5f8e0e/screenshot'
10:03:36.325 [AsyncHttpClient-1-3] DEBUG org.asynchttpclient.netty.handler.HttpHandler - 

Request DefaultFullHttpRequest(decodeResult: success, version: HTTP/1.1, content: EmptyByteBufBE)
GET /session/e9c19043da033c9c4a056c9adb5f8e0e/screenshot HTTP/1.1
User-Agent: selenium/4.7.1 (java windows)
Cache-Control: no-cache
Content-Type: application/json; charset=utf-8
host: localhost:36178
accept: */*

Response DefaultHttpResponse(decodeResult: success, version: HTTP/1.1)
HTTP/1.1 200 OK
Content-Type: application/json; charset=utf-8
cache-control: no-cache
content-length: 29148

10:03:36.326 [AsyncHttpClient-1-3] DEBUG org.asynchttpclient.netty.channel.ChannelManager - Adding key: http://localhost:36178 for channel [id: 0x3ede9073, L:/127.0.0.1:50179 - R:localhost/127.0.0.1:36178]
10:03:36.327 [main] DEBUG net.serenitybdd.core.photography.Darkroom - Send negative for processing for target\site\serenity\dc8d3d61478499e224800dd3f810091630f9bd71fcf78eefae6386c22ed5e46f.png
10:03:36.328 [main] DEBUG net.thucydides.core.steps.StepInterceptor - STEP DONE: klikButtonLoginKedua
10:03:36.328 [Darkroom Processing Line] DEBUG net.serenitybdd.core.photography.DarkroomProcessingLine - Processing screenshot image in /var/screenshots/screenshot-5754243536072642349
10:03:36.328 [Darkroom Processing Line] DEBUG net.serenitybdd.core.photography.DarkroomProcessingLine - Saving screenshot to target\site\serenity\dc8d3d61478499e224800dd3f810091630f9bd71fcf78eefae6386c22ed5e46f.png
  &amp#27;[32mGiven &amp#27;[0m&amp#27;[32muser berada di Homepage AltaShop dan login akun&amp#27;[0m                   &amp#27;[90m# starter.stepdefinitions.TransaksiSteps.userBeradaDiHomepageAltaShopDanLoginAkun()&amp#27;[0m
10:03:36.345 [main] DEBUG net.thucydides.core.steps.StepInterceptor - STARTING STEP: TransaksiSteps.userKlikBeliPadaProdukYangDiinginkan - diHomepageKembali
10:03:36.350 [Forwarding findElement on session e9c19043da033c9c4a056c9adb5f8e0e to remote] DEBUG org.asynchttpclient.netty.request.NettyRequestSender - Using pooled Channel '[id: 0x3ede9073, L:/127.0.0.1:50179 - R:localhost/127.0.0.1:36178]' for 'POST' to 'http://localhost:36178/session/e9c19043da033c9c4a056c9adb5f8e0e/element'
10:03:36.350 [Forwarding findElement on session e9c19043da033c9c4a056c9adb5f8e0e to remote] DEBUG org.asynchttpclient.netty.request.NettyRequestSender - Using open Channel [id: 0x3ede9073, L:/127.0.0.1:50179 - R:localhost/127.0.0.1:36178] for POST '/session/e9c19043da033c9c4a056c9adb5f8e0e/element'
10:03:36.564 [AsyncHttpClient-1-1] DEBUG org.asynchttpclient.netty.channel.DefaultChannelPool - Entry count for : http://localhost:50180 : 1
10:03:37.671 [AsyncHttpClient-1-1] DEBUG org.asynchttpclient.netty.channel.DefaultChannelPool - Entry count for : http://localhost:50180 : 1
10:03:38.769 [AsyncHttpClient-1-1] DEBUG org.asynchttpclient.netty.channel.DefaultChannelPool - Entry count for : http://localhost:50180 : 1
10:03:39.871 [AsyncHttpClient-1-1] DEBUG org.asynchttpclient.netty.channel.DefaultChannelPool - Entry count for : http://localhost:50180 : 1
10:03:40.271 [AsyncHttpClient-1-3] DEBUG org.asynchttpclient.netty.handler.HttpHandler - 

Request DefaultHttpRequest(decodeResult: success, version: HTTP/1.1)
POST /session/e9c19043da033c9c4a056c9adb5f8e0e/element HTTP/1.1
User-Agent: selenium/4.7.1 (java windows)
Content-Length: 194
Content-Type: application/json; charset=utf-8
host: localhost:36178
accept: */*

Response DefaultHttpResponse(decodeResult: success, version: HTTP/1.1)
HTTP/1.1 200 OK
Content-Type: application/json; charset=utf-8
cache-control: no-cache
content-length: 88

10:03:40.271 [AsyncHttpClient-1-3] DEBUG org.asynchttpclient.netty.channel.ChannelManager - Adding key: http://localhost:36178 for channel [id: 0x3ede9073, L:/127.0.0.1:50179 - R:localhost/127.0.0.1:36178]
10:03:40.275 [Forwarding isElementDisplayed on session e9c19043da033c9c4a056c9adb5f8e0e to remote] DEBUG org.asynchttpclient.netty.request.NettyRequestSender - Using pooled Channel '[id: 0x3ede9073, L:/127.0.0.1:50179 - R:localhost/127.0.0.1:36178]' for 'POST' to 'http://localhost:36178/session/e9c19043da033c9c4a056c9adb5f8e0e/execute/sync'
10:03:40.275 [Forwarding isElementDisplayed on session e9c19043da033c9c4a056c9adb5f8e0e to remote] DEBUG org.asynchttpclient.netty.request.NettyRequestSender - Using open Channel [id: 0x3ede9073, L:/127.0.0.1:50179 - R:localhost/127.0.0.1:36178] for POST '/session/e9c19043da033c9c4a056c9adb5f8e0e/execute/sync'
10:03:40.290 [AsyncHttpClient-1-3] DEBUG org.asynchttpclient.netty.handler.HttpHandler - 

Request DefaultHttpRequest(decodeResult: success, version: HTTP/1.1)
POST /session/e9c19043da033c9c4a056c9adb5f8e0e/execute/sync HTTP/1.1
User-Agent: selenium/4.7.1 (java windows)
Content-Length: 48780
Content-Type: application/json; charset=utf-8
host: localhost:36178
accept: */*

Response DefaultHttpResponse(decodeResult: success, version: HTTP/1.1)
HTTP/1.1 200 OK
Content-Type: application/json; charset=utf-8
cache-control: no-cache
content-length: 14

10:03:40.290 [AsyncHttpClient-1-3] DEBUG org.asynchttpclient.netty.channel.ChannelManager - Adding key: http://localhost:36178 for channel [id: 0x3ede9073, L:/127.0.0.1:50179 - R:localhost/127.0.0.1:36178]
10:03:40.293 [Forwarding isElementDisplayed on session e9c19043da033c9c4a056c9adb5f8e0e to remote] DEBUG org.asynchttpclient.netty.request.NettyRequestSender - Using pooled Channel '[id: 0x3ede9073, L:/127.0.0.1:50179 - R:localhost/127.0.0.1:36178]' for 'POST' to 'http://localhost:36178/session/e9c19043da033c9c4a056c9adb5f8e0e/execute/sync'
10:03:40.293 [Forwarding isElementDisplayed on session e9c19043da033c9c4a056c9adb5f8e0e to remote] DEBUG org.asynchttpclient.netty.request.NettyRequestSender - Using open Channel [id: 0x3ede9073, L:/127.0.0.1:50179 - R:localhost/127.0.0.1:36178] for POST '/session/e9c19043da033c9c4a056c9adb5f8e0e/execute/sync'
10:03:40.307 [AsyncHttpClient-1-3] DEBUG org.asynchttpclient.netty.handler.HttpHandler - 

Request DefaultHttpRequest(decodeResult: success, version: HTTP/1.1)
POST /session/e9c19043da033c9c4a056c9adb5f8e0e/execute/sync HTTP/1.1
User-Agent: selenium/4.7.1 (java windows)
Content-Length: 48780
Content-Type: application/json; charset=utf-8
host: localhost:36178
accept: */*

Response DefaultHttpResponse(decodeResult: success, version: HTTP/1.1)
HTTP/1.1 200 OK
Content-Type: application/json; charset=utf-8
cache-control: no-cache
content-length: 14

10:03:40.307 [AsyncHttpClient-1-3] DEBUG org.asynchttpclient.netty.channel.ChannelManager - Adding key: http://localhost:36178 for channel [id: 0x3ede9073, L:/127.0.0.1:50179 - R:localhost/127.0.0.1:36178]
10:03:40.313 [Forwarding getCurrentWindowHandle on session e9c19043da033c9c4a056c9adb5f8e0e to remote] DEBUG org.asynchttpclient.netty.request.NettyRequestSender - Using pooled Channel '[id: 0x3ede9073, L:/127.0.0.1:50179 - R:localhost/127.0.0.1:36178]' for 'GET' to 'http://localhost:36178/session/e9c19043da033c9c4a056c9adb5f8e0e/window'
10:03:40.313 [Forwarding getCurrentWindowHandle on session e9c19043da033c9c4a056c9adb5f8e0e to remote] DEBUG org.asynchttpclient.netty.request.NettyRequestSender - Using open Channel [id: 0x3ede9073, L:/127.0.0.1:50179 - R:localhost/127.0.0.1:36178] for GET '/session/e9c19043da033c9c4a056c9adb5f8e0e/window'
10:03:40.314 [AsyncHttpClient-1-3] DEBUG org.asynchttpclient.netty.handler.HttpHandler - 

Request DefaultFullHttpRequest(decodeResult: success, version: HTTP/1.1, content: EmptyByteBufBE)
GET /session/e9c19043da033c9c4a056c9adb5f8e0e/window HTTP/1.1
User-Agent: selenium/4.7.1 (java windows)
Cache-Control: no-cache
Content-Type: application/json; charset=utf-8
host: localhost:36178
accept: */*

Response DefaultHttpResponse(decodeResult: success, version: HTTP/1.1)
HTTP/1.1 200 OK
Content-Type: application/json; charset=utf-8
cache-control: no-cache
content-length: 44

10:03:40.314 [AsyncHttpClient-1-3] DEBUG org.asynchttpclient.netty.channel.ChannelManager - Adding key: http://localhost:36178 for channel [id: 0x3ede9073, L:/127.0.0.1:50179 - R:localhost/127.0.0.1:36178]
10:03:40.316 [Forwarding getAlertText on session e9c19043da033c9c4a056c9adb5f8e0e to remote] DEBUG org.asynchttpclient.netty.request.NettyRequestSender - Using pooled Channel '[id: 0x3ede9073, L:/127.0.0.1:50179 - R:localhost/127.0.0.1:36178]' for 'GET' to 'http://localhost:36178/session/e9c19043da033c9c4a056c9adb5f8e0e/alert/text'
10:03:40.316 [Forwarding getAlertText on session e9c19043da033c9c4a056c9adb5f8e0e to remote] DEBUG org.asynchttpclient.netty.request.NettyRequestSender - Using open Channel [id: 0x3ede9073, L:/127.0.0.1:50179 - R:localhost/127.0.0.1:36178] for GET '/session/e9c19043da033c9c4a056c9adb5f8e0e/alert/text'
10:03:40.319 [AsyncHttpClient-1-3] DEBUG org.asynchttpclient.netty.handler.HttpHandler - 

Request DefaultFullHttpRequest(decodeResult: success, version: HTTP/1.1, content: EmptyByteBufBE)
GET /session/e9c19043da033c9c4a056c9adb5f8e0e/alert/text HTTP/1.1
User-Agent: selenium/4.7.1 (java windows)
Cache-Control: no-cache
Content-Type: application/json; charset=utf-8
host: localhost:36178
accept: */*

Response DefaultHttpResponse(decodeResult: success, version: HTTP/1.1)
HTTP/1.1 404 Not Found
Content-Type: application/json; charset=utf-8
cache-control: no-cache
content-length: 821

10:03:40.319 [AsyncHttpClient-1-3] DEBUG org.asynchttpclient.netty.channel.ChannelManager - Adding key: http://localhost:36178 for channel [id: 0x3ede9073, L:/127.0.0.1:50179 - R:localhost/127.0.0.1:36178]
10:03:40.322 [Forwarding switchToWindow on session e9c19043da033c9c4a056c9adb5f8e0e to remote] DEBUG org.asynchttpclient.netty.request.NettyRequestSender - Using pooled Channel '[id: 0x3ede9073, L:/127.0.0.1:50179 - R:localhost/127.0.0.1:36178]' for 'POST' to 'http://localhost:36178/session/e9c19043da033c9c4a056c9adb5f8e0e/window'
10:03:40.322 [Forwarding switchToWindow on session e9c19043da033c9c4a056c9adb5f8e0e to remote] DEBUG org.asynchttpclient.netty.request.NettyRequestSender - Using open Channel [id: 0x3ede9073, L:/127.0.0.1:50179 - R:localhost/127.0.0.1:36178] for POST '/session/e9c19043da033c9c4a056c9adb5f8e0e/window'
10:03:40.324 [AsyncHttpClient-1-3] DEBUG org.asynchttpclient.netty.handler.HttpHandler - 

Request DefaultHttpRequest(decodeResult: success, version: HTTP/1.1)
POST /session/e9c19043da033c9c4a056c9adb5f8e0e/window HTTP/1.1
User-Agent: selenium/4.7.1 (java windows)
Content-Length: 50
Content-Type: application/json; charset=utf-8
host: localhost:36178
accept: */*

Response DefaultHttpResponse(decodeResult: success, version: HTTP/1.1)
HTTP/1.1 200 OK
Content-Type: application/json; charset=utf-8
cache-control: no-cache
content-length: 14

10:03:40.325 [AsyncHttpClient-1-3] DEBUG org.asynchttpclient.netty.channel.ChannelManager - Adding key: http://localhost:36178 for channel [id: 0x3ede9073, L:/127.0.0.1:50179 - R:localhost/127.0.0.1:36178]
10:03:40.325 [Forwarding getCurrentUrl on session e9c19043da033c9c4a056c9adb5f8e0e to remote] DEBUG org.asynchttpclient.netty.request.NettyRequestSender - Using pooled Channel '[id: 0x3ede9073, L:/127.0.0.1:50179 - R:localhost/127.0.0.1:36178]' for 'GET' to 'http://localhost:36178/session/e9c19043da033c9c4a056c9adb5f8e0e/url'
10:03:40.325 [Forwarding getCurrentUrl on session e9c19043da033c9c4a056c9adb5f8e0e to remote] DEBUG org.asynchttpclient.netty.request.NettyRequestSender - Using open Channel [id: 0x3ede9073, L:/127.0.0.1:50179 - R:localhost/127.0.0.1:36178] for GET '/session/e9c19043da033c9c4a056c9adb5f8e0e/url'
10:03:40.332 [AsyncHttpClient-1-3] DEBUG org.asynchttpclient.netty.handler.HttpHandler - 

Request DefaultFullHttpRequest(decodeResult: success, version: HTTP/1.1, content: EmptyByteBufBE)
GET /session/e9c19043da033c9c4a056c9adb5f8e0e/url HTTP/1.1
User-Agent: selenium/4.7.1 (java windows)
Cache-Control: no-cache
Content-Type: application/json; charset=utf-8
host: localhost:36178
accept: */*

Response DefaultHttpResponse(decodeResult: success, version: HTTP/1.1)
HTTP/1.1 200 OK
Content-Type: application/json; charset=utf-8
cache-control: no-cache
content-length: 41

10:03:40.332 [AsyncHttpClient-1-3] DEBUG org.asynchttpclient.netty.channel.ChannelManager - Adding key: http://localhost:36178 for channel [id: 0x3ede9073, L:/127.0.0.1:50179 - R:localhost/127.0.0.1:36178]
10:03:40.333 [Forwarding screenshot on session e9c19043da033c9c4a056c9adb5f8e0e to remote] DEBUG org.asynchttpclient.netty.request.NettyRequestSender - Using pooled Channel '[id: 0x3ede9073, L:/127.0.0.1:50179 - R:localhost/127.0.0.1:36178]' for 'GET' to 'http://localhost:36178/session/e9c19043da033c9c4a056c9adb5f8e0e/screenshot'
10:03:40.333 [Forwarding screenshot on session e9c19043da033c9c4a056c9adb5f8e0e to remote] DEBUG org.asynchttpclient.netty.request.NettyRequestSender - Using open Channel [id: 0x3ede9073, L:/127.0.0.1:50179 - R:localhost/127.0.0.1:36178] for GET '/session/e9c19043da033c9c4a056c9adb5f8e0e/screenshot'
10:03:40.433 [AsyncHttpClient-1-3] DEBUG org.asynchttpclient.netty.handler.HttpHandler - 

Request DefaultFullHttpRequest(decodeResult: success, version: HTTP/1.1, content: EmptyByteBufBE)
GET /session/e9c19043da033c9c4a056c9adb5f8e0e/screenshot HTTP/1.1
User-Agent: selenium/4.7.1 (java windows)
Cache-Control: no-cache
Content-Type: application/json; charset=utf-8
host: localhost:36178
accept: */*

Response DefaultHttpResponse(decodeResult: success, version: HTTP/1.1)
HTTP/1.1 200 OK
Content-Type: application/json; charset=utf-8
cache-control: no-cache
content-length: 116560

10:03:40.434 [AsyncHttpClient-1-3] DEBUG org.asynchttpclient.netty.channel.ChannelManager - Adding key: http://localhost:36178 for channel [id: 0x3ede9073, L:/127.0.0.1:50179 - R:localhost/127.0.0.1:36178]
10:03:40.437 [main] DEBUG net.serenitybdd.core.photography.Darkroom - Send negative for processing for target\site\serenity\460d7ead43fa1fe8ad55ee609e5b1333d92eeea0cef3a20e4b0e5e8acb346d51.png
10:03:40.437 [main] DEBUG net.thucydides.core.steps.StepInterceptor - STEP DONE: diHomepageKembali
10:03:40.437 [Darkroom Processing Line] DEBUG net.serenitybdd.core.photography.DarkroomProcessingLine - Processing screenshot image in /var/screenshots/screenshot-5810841633023079278
10:03:40.438 [Darkroom Processing Line] DEBUG net.serenitybdd.core.photography.DarkroomProcessingLine - Saving screenshot to target\site\serenity\460d7ead43fa1fe8ad55ee609e5b1333d92eeea0cef3a20e4b0e5e8acb346d51.png
10:03:40.442 [main] DEBUG net.thucydides.core.steps.StepInterceptor - STARTING STEP: TransaksiSteps.userKlikBeliPadaProdukYangDiinginkan - klikButtonBeli
10:03:40.446 [Forwarding findElement on session e9c19043da033c9c4a056c9adb5f8e0e to remote] DEBUG org.asynchttpclient.netty.request.NettyRequestSender - Using pooled Channel '[id: 0x3ede9073, L:/127.0.0.1:50179 - R:localhost/127.0.0.1:36178]' for 'POST' to 'http://localhost:36178/session/e9c19043da033c9c4a056c9adb5f8e0e/element'
10:03:40.446 [Forwarding findElement on session e9c19043da033c9c4a056c9adb5f8e0e to remote] DEBUG org.asynchttpclient.netty.request.NettyRequestSender - Using open Channel [id: 0x3ede9073, L:/127.0.0.1:50179 - R:localhost/127.0.0.1:36178] for POST '/session/e9c19043da033c9c4a056c9adb5f8e0e/element'
10:03:40.460 [AsyncHttpClient-1-3] DEBUG org.asynchttpclient.netty.handler.HttpHandler - 

Request DefaultHttpRequest(decodeResult: success, version: HTTP/1.1)
POST /session/e9c19043da033c9c4a056c9adb5f8e0e/element HTTP/1.1
User-Agent: selenium/4.7.1 (java windows)
Content-Length: 194
Content-Type: application/json; charset=utf-8
host: localhost:36178
accept: */*

Response DefaultHttpResponse(decodeResult: success, version: HTTP/1.1)
HTTP/1.1 200 OK
Content-Type: application/json; charset=utf-8
cache-control: no-cache
content-length: 88

10:03:40.460 [AsyncHttpClient-1-3] DEBUG org.asynchttpclient.netty.channel.ChannelManager - Adding key: http://localhost:36178 for channel [id: 0x3ede9073, L:/127.0.0.1:50179 - R:localhost/127.0.0.1:36178]
10:03:40.462 [Forwarding getElementTagName on session e9c19043da033c9c4a056c9adb5f8e0e to remote] DEBUG org.asynchttpclient.netty.request.NettyRequestSender - Using pooled Channel '[id: 0x3ede9073, L:/127.0.0.1:50179 - R:localhost/127.0.0.1:36178]' for 'GET' to 'http://localhost:36178/session/e9c19043da033c9c4a056c9adb5f8e0e/element/a61c1abc-e2b0-4810-a5e1-27ed18f825f1/name'
10:03:40.462 [Forwarding getElementTagName on session e9c19043da033c9c4a056c9adb5f8e0e to remote] DEBUG org.asynchttpclient.netty.request.NettyRequestSender - Using open Channel [id: 0x3ede9073, L:/127.0.0.1:50179 - R:localhost/127.0.0.1:36178] for GET '/session/e9c19043da033c9c4a056c9adb5f8e0e/element/a61c1abc-e2b0-4810-a5e1-27ed18f825f1/name'
10:03:40.472 [AsyncHttpClient-1-3] DEBUG org.asynchttpclient.netty.handler.HttpHandler - 

Request DefaultFullHttpRequest(decodeResult: success, version: HTTP/1.1, content: EmptyByteBufBE)
GET /session/e9c19043da033c9c4a056c9adb5f8e0e/element/a61c1abc-e2b0-4810-a5e1-27ed18f825f1/name HTTP/1.1
User-Agent: selenium/4.7.1 (java windows)
Cache-Control: no-cache
Content-Type: application/json; charset=utf-8
host: localhost:36178
accept: */*

Response DefaultHttpResponse(decodeResult: success, version: HTTP/1.1)
HTTP/1.1 200 OK
Content-Type: application/json; charset=utf-8
cache-control: no-cache
content-length: 16

10:03:40.472 [AsyncHttpClient-1-3] DEBUG org.asynchttpclient.netty.channel.ChannelManager - Adding key: http://localhost:36178 for channel [id: 0x3ede9073, L:/127.0.0.1:50179 - R:localhost/127.0.0.1:36178]
10:03:40.474 [Forwarding getElementTagName on session e9c19043da033c9c4a056c9adb5f8e0e to remote] DEBUG org.asynchttpclient.netty.request.NettyRequestSender - Using pooled Channel '[id: 0x3ede9073, L:/127.0.0.1:50179 - R:localhost/127.0.0.1:36178]' for 'GET' to 'http://localhost:36178/session/e9c19043da033c9c4a056c9adb5f8e0e/element/a61c1abc-e2b0-4810-a5e1-27ed18f825f1/name'
10:03:40.474 [Forwarding getElementTagName on session e9c19043da033c9c4a056c9adb5f8e0e to remote] DEBUG org.asynchttpclient.netty.request.NettyRequestSender - Using open Channel [id: 0x3ede9073, L:/127.0.0.1:50179 - R:localhost/127.0.0.1:36178] for GET '/session/e9c19043da033c9c4a056c9adb5f8e0e/element/a61c1abc-e2b0-4810-a5e1-27ed18f825f1/name'
10:03:40.480 [AsyncHttpClient-1-3] DEBUG org.asynchttpclient.netty.handler.HttpHandler - 

Request DefaultFullHttpRequest(decodeResult: success, version: HTTP/1.1, content: EmptyByteBufBE)
GET /session/e9c19043da033c9c4a056c9adb5f8e0e/element/a61c1abc-e2b0-4810-a5e1-27ed18f825f1/name HTTP/1.1
User-Agent: selenium/4.7.1 (java windows)
Cache-Control: no-cache
Content-Type: application/json; charset=utf-8
host: localhost:36178
accept: */*

Response DefaultHttpResponse(decodeResult: success, version: HTTP/1.1)
HTTP/1.1 200 OK
Content-Type: application/json; charset=utf-8
cache-control: no-cache
content-length: 16

10:03:40.480 [AsyncHttpClient-1-3] DEBUG org.asynchttpclient.netty.channel.ChannelManager - Adding key: http://localhost:36178 for channel [id: 0x3ede9073, L:/127.0.0.1:50179 - R:localhost/127.0.0.1:36178]
10:03:40.482 [Forwarding findElement on session e9c19043da033c9c4a056c9adb5f8e0e to remote] DEBUG org.asynchttpclient.netty.request.NettyRequestSender - Using pooled Channel '[id: 0x3ede9073, L:/127.0.0.1:50179 - R:localhost/127.0.0.1:36178]' for 'POST' to 'http://localhost:36178/session/e9c19043da033c9c4a056c9adb5f8e0e/element'
10:03:40.483 [Forwarding findElement on session e9c19043da033c9c4a056c9adb5f8e0e to remote] DEBUG org.asynchttpclient.netty.request.NettyRequestSender - Using open Channel [id: 0x3ede9073, L:/127.0.0.1:50179 - R:localhost/127.0.0.1:36178] for POST '/session/e9c19043da033c9c4a056c9adb5f8e0e/element'
10:03:40.497 [AsyncHttpClient-1-3] DEBUG org.asynchttpclient.netty.handler.HttpHandler - 

Request DefaultHttpRequest(decodeResult: success, version: HTTP/1.1)
POST /session/e9c19043da033c9c4a056c9adb5f8e0e/element HTTP/1.1
User-Agent: selenium/4.7.1 (java windows)
Content-Length: 194
Content-Type: application/json; charset=utf-8
host: localhost:36178
accept: */*

Response DefaultHttpResponse(decodeResult: success, version: HTTP/1.1)
HTTP/1.1 200 OK
Content-Type: application/json; charset=utf-8
cache-control: no-cache
content-length: 88

10:03:40.497 [AsyncHttpClient-1-3] DEBUG org.asynchttpclient.netty.channel.ChannelManager - Adding key: http://localhost:36178 for channel [id: 0x3ede9073, L:/127.0.0.1:50179 - R:localhost/127.0.0.1:36178]
10:03:40.498 [Forwarding clickElement on session e9c19043da033c9c4a056c9adb5f8e0e to remote] DEBUG org.asynchttpclient.netty.request.NettyRequestSender - Using pooled Channel '[id: 0x3ede9073, L:/127.0.0.1:50179 - R:localhost/127.0.0.1:36178]' for 'POST' to 'http://localhost:36178/session/e9c19043da033c9c4a056c9adb5f8e0e/element/a61c1abc-e2b0-4810-a5e1-27ed18f825f1/click'
10:03:40.498 [Forwarding clickElement on session e9c19043da033c9c4a056c9adb5f8e0e to remote] DEBUG org.asynchttpclient.netty.request.NettyRequestSender - Using open Channel [id: 0x3ede9073, L:/127.0.0.1:50179 - R:localhost/127.0.0.1:36178] for POST '/session/e9c19043da033c9c4a056c9adb5f8e0e/element/a61c1abc-e2b0-4810-a5e1-27ed18f825f1/click'
10:03:40.652 [AsyncHttpClient-1-3] DEBUG org.asynchttpclient.netty.handler.HttpHandler - 

Request DefaultHttpRequest(decodeResult: success, version: HTTP/1.1)
POST /session/e9c19043da033c9c4a056c9adb5f8e0e/element/a61c1abc-e2b0-4810-a5e1-27ed18f825f1/click HTTP/1.1
User-Agent: selenium/4.7.1 (java windows)
Content-Length: 50
Content-Type: application/json; charset=utf-8
host: localhost:36178
accept: */*

Response DefaultHttpResponse(decodeResult: success, version: HTTP/1.1)
HTTP/1.1 200 OK
Content-Type: application/json; charset=utf-8
cache-control: no-cache
content-length: 14

10:03:40.652 [AsyncHttpClient-1-3] DEBUG org.asynchttpclient.netty.channel.ChannelManager - Adding key: http://localhost:36178 for channel [id: 0x3ede9073, L:/127.0.0.1:50179 - R:localhost/127.0.0.1:36178]
10:03:40.661 [Forwarding getCurrentWindowHandle on session e9c19043da033c9c4a056c9adb5f8e0e to remote] DEBUG org.asynchttpclient.netty.request.NettyRequestSender - Using pooled Channel '[id: 0x3ede9073, L:/127.0.0.1:50179 - R:localhost/127.0.0.1:36178]' for 'GET' to 'http://localhost:36178/session/e9c19043da033c9c4a056c9adb5f8e0e/window'
10:03:40.661 [Forwarding getCurrentWindowHandle on session e9c19043da033c9c4a056c9adb5f8e0e to remote] DEBUG org.asynchttpclient.netty.request.NettyRequestSender - Using open Channel [id: 0x3ede9073, L:/127.0.0.1:50179 - R:localhost/127.0.0.1:36178] for GET '/session/e9c19043da033c9c4a056c9adb5f8e0e/window'
10:03:40.663 [AsyncHttpClient-1-3] DEBUG org.asynchttpclient.netty.handler.HttpHandler - 

Request DefaultFullHttpRequest(decodeResult: success, version: HTTP/1.1, content: EmptyByteBufBE)
GET /session/e9c19043da033c9c4a056c9adb5f8e0e/window HTTP/1.1
User-Agent: selenium/4.7.1 (java windows)
Cache-Control: no-cache
Content-Type: application/json; charset=utf-8
host: localhost:36178
accept: */*

Response DefaultHttpResponse(decodeResult: success, version: HTTP/1.1)
HTTP/1.1 200 OK
Content-Type: application/json; charset=utf-8
cache-control: no-cache
content-length: 44

10:03:40.663 [AsyncHttpClient-1-3] DEBUG org.asynchttpclient.netty.channel.ChannelManager - Adding key: http://localhost:36178 for channel [id: 0x3ede9073, L:/127.0.0.1:50179 - R:localhost/127.0.0.1:36178]
10:03:40.665 [Forwarding getAlertText on session e9c19043da033c9c4a056c9adb5f8e0e to remote] DEBUG org.asynchttpclient.netty.request.NettyRequestSender - Using pooled Channel '[id: 0x3ede9073, L:/127.0.0.1:50179 - R:localhost/127.0.0.1:36178]' for 'GET' to 'http://localhost:36178/session/e9c19043da033c9c4a056c9adb5f8e0e/alert/text'
10:03:40.666 [Forwarding getAlertText on session e9c19043da033c9c4a056c9adb5f8e0e to remote] DEBUG org.asynchttpclient.netty.request.NettyRequestSender - Using open Channel [id: 0x3ede9073, L:/127.0.0.1:50179 - R:localhost/127.0.0.1:36178] for GET '/session/e9c19043da033c9c4a056c9adb5f8e0e/alert/text'
10:03:40.669 [AsyncHttpClient-1-3] DEBUG org.asynchttpclient.netty.handler.HttpHandler - 

Request DefaultFullHttpRequest(decodeResult: success, version: HTTP/1.1, content: EmptyByteBufBE)
GET /session/e9c19043da033c9c4a056c9adb5f8e0e/alert/text HTTP/1.1
User-Agent: selenium/4.7.1 (java windows)
Cache-Control: no-cache
Content-Type: application/json; charset=utf-8
host: localhost:36178
accept: */*

Response DefaultHttpResponse(decodeResult: success, version: HTTP/1.1)
HTTP/1.1 404 Not Found
Content-Type: application/json; charset=utf-8
cache-control: no-cache
content-length: 821

10:03:40.670 [AsyncHttpClient-1-3] DEBUG org.asynchttpclient.netty.channel.ChannelManager - Adding key: http://localhost:36178 for channel [id: 0x3ede9073, L:/127.0.0.1:50179 - R:localhost/127.0.0.1:36178]
10:03:40.672 [Forwarding switchToWindow on session e9c19043da033c9c4a056c9adb5f8e0e to remote] DEBUG org.asynchttpclient.netty.request.NettyRequestSender - Using pooled Channel '[id: 0x3ede9073, L:/127.0.0.1:50179 - R:localhost/127.0.0.1:36178]' for 'POST' to 'http://localhost:36178/session/e9c19043da033c9c4a056c9adb5f8e0e/window'
10:03:40.672 [Forwarding switchToWindow on session e9c19043da033c9c4a056c9adb5f8e0e to remote] DEBUG org.asynchttpclient.netty.request.NettyRequestSender - Using open Channel [id: 0x3ede9073, L:/127.0.0.1:50179 - R:localhost/127.0.0.1:36178] for POST '/session/e9c19043da033c9c4a056c9adb5f8e0e/window'
10:03:40.676 [AsyncHttpClient-1-3] DEBUG org.asynchttpclient.netty.handler.HttpHandler - 

Request DefaultHttpRequest(decodeResult: success, version: HTTP/1.1)
POST /session/e9c19043da033c9c4a056c9adb5f8e0e/window HTTP/1.1
User-Agent: selenium/4.7.1 (java windows)
Content-Length: 50
Content-Type: application/json; charset=utf-8
host: localhost:36178
accept: */*

Response DefaultHttpResponse(decodeResult: success, version: HTTP/1.1)
HTTP/1.1 200 OK
Content-Type: application/json; charset=utf-8
cache-control: no-cache
content-length: 14

10:03:40.676 [AsyncHttpClient-1-3] DEBUG org.asynchttpclient.netty.channel.ChannelManager - Adding key: http://localhost:36178 for channel [id: 0x3ede9073, L:/127.0.0.1:50179 - R:localhost/127.0.0.1:36178]
10:03:40.677 [Forwarding getCurrentUrl on session e9c19043da033c9c4a056c9adb5f8e0e to remote] DEBUG org.asynchttpclient.netty.request.NettyRequestSender - Using pooled Channel '[id: 0x3ede9073, L:/127.0.0.1:50179 - R:localhost/127.0.0.1:36178]' for 'GET' to 'http://localhost:36178/session/e9c19043da033c9c4a056c9adb5f8e0e/url'
10:03:40.677 [Forwarding getCurrentUrl on session e9c19043da033c9c4a056c9adb5f8e0e to remote] DEBUG org.asynchttpclient.netty.request.NettyRequestSender - Using open Channel [id: 0x3ede9073, L:/127.0.0.1:50179 - R:localhost/127.0.0.1:36178] for GET '/session/e9c19043da033c9c4a056c9adb5f8e0e/url'
10:03:40.687 [AsyncHttpClient-1-3] DEBUG org.asynchttpclient.netty.handler.HttpHandler - 

Request DefaultFullHttpRequest(decodeResult: success, version: HTTP/1.1, content: EmptyByteBufBE)
GET /session/e9c19043da033c9c4a056c9adb5f8e0e/url HTTP/1.1
User-Agent: selenium/4.7.1 (java windows)
Cache-Control: no-cache
Content-Type: application/json; charset=utf-8
host: localhost:36178
accept: */*

Response DefaultHttpResponse(decodeResult: success, version: HTTP/1.1)
HTTP/1.1 200 OK
Content-Type: application/json; charset=utf-8
cache-control: no-cache
content-length: 41

10:03:40.687 [AsyncHttpClient-1-3] DEBUG org.asynchttpclient.netty.channel.ChannelManager - Adding key: http://localhost:36178 for channel [id: 0x3ede9073, L:/127.0.0.1:50179 - R:localhost/127.0.0.1:36178]
10:03:40.688 [Forwarding screenshot on session e9c19043da033c9c4a056c9adb5f8e0e to remote] DEBUG org.asynchttpclient.netty.request.NettyRequestSender - Using pooled Channel '[id: 0x3ede9073, L:/127.0.0.1:50179 - R:localhost/127.0.0.1:36178]' for 'GET' to 'http://localhost:36178/session/e9c19043da033c9c4a056c9adb5f8e0e/screenshot'
10:03:40.688 [Forwarding screenshot on session e9c19043da033c9c4a056c9adb5f8e0e to remote] DEBUG org.asynchttpclient.netty.request.NettyRequestSender - Using open Channel [id: 0x3ede9073, L:/127.0.0.1:50179 - R:localhost/127.0.0.1:36178] for GET '/session/e9c19043da033c9c4a056c9adb5f8e0e/screenshot'
10:03:40.856 [AsyncHttpClient-1-3] DEBUG org.asynchttpclient.netty.handler.HttpHandler - 

Request DefaultFullHttpRequest(decodeResult: success, version: HTTP/1.1, content: EmptyByteBufBE)
GET /session/e9c19043da033c9c4a056c9adb5f8e0e/screenshot HTTP/1.1
User-Agent: selenium/4.7.1 (java windows)
Cache-Control: no-cache
Content-Type: application/json; charset=utf-8
host: localhost:36178
accept: */*

Response DefaultHttpResponse(decodeResult: success, version: HTTP/1.1)
HTTP/1.1 200 OK
Content-Type: application/json; charset=utf-8
cache-control: no-cache
content-length: 118196

10:03:40.856 [AsyncHttpClient-1-3] DEBUG org.asynchttpclient.netty.channel.ChannelManager - Adding key: http://localhost:36178 for channel [id: 0x3ede9073, L:/127.0.0.1:50179 - R:localhost/127.0.0.1:36178]
10:03:40.859 [main] DEBUG net.serenitybdd.core.photography.Darkroom - Send negative for processing for target\site\serenity\71d7561c6899162de6c509dc7d1a51deac30b39a8e319d00b89036104168736c.png
10:03:40.860 [main] DEBUG net.thucydides.core.steps.StepInterceptor - STEP DONE: klikButtonBeli
10:03:40.860 [Darkroom Processing Line] DEBUG net.serenitybdd.core.photography.DarkroomProcessingLine - Processing screenshot image in /var/screenshots/screenshot-17156191485644685886
10:03:40.860 [Darkroom Processing Line] DEBUG net.serenitybdd.core.photography.DarkroomProcessingLine - Saving screenshot to target\site\serenity\71d7561c6899162de6c509dc7d1a51deac30b39a8e319d00b89036104168736c.png
  &amp#27;[32mWhen &amp#27;[0m&amp#27;[32muser berada di homepage lalu klik beli pada produk yang diinginkan&amp#27;[0m &amp#27;[90m# starter.stepdefinitions.TransaksiSteps.userKlikBeliPadaProdukYangDiinginkan()&amp#27;[0m
  &amp#27;[32mAnd &amp#27;[0m&amp#27;[32mmuncul notif pada cart&amp#27;[0m                                              &amp#27;[90m# starter.stepdefinitions.TransaksiSteps.munculNotifPadaCart()&amp#27;[0m
10:03:40.888 [main] DEBUG net.thucydides.core.steps.StepInterceptor - STARTING STEP: TransaksiSteps.userKlikCart - klikButtonCart
10:03:40.891 [Forwarding findElement on session e9c19043da033c9c4a056c9adb5f8e0e to remote] DEBUG org.asynchttpclient.netty.request.NettyRequestSender - Using pooled Channel '[id: 0x3ede9073, L:/127.0.0.1:50179 - R:localhost/127.0.0.1:36178]' for 'POST' to 'http://localhost:36178/session/e9c19043da033c9c4a056c9adb5f8e0e/element'
10:03:40.891 [Forwarding findElement on session e9c19043da033c9c4a056c9adb5f8e0e to remote] DEBUG org.asynchttpclient.netty.request.NettyRequestSender - Using open Channel [id: 0x3ede9073, L:/127.0.0.1:50179 - R:localhost/127.0.0.1:36178] for POST '/session/e9c19043da033c9c4a056c9adb5f8e0e/element'
10:03:40.916 [AsyncHttpClient-1-3] DEBUG org.asynchttpclient.netty.handler.HttpHandler - 

Request DefaultHttpRequest(decodeResult: success, version: HTTP/1.1)
POST /session/e9c19043da033c9c4a056c9adb5f8e0e/element HTTP/1.1
User-Agent: selenium/4.7.1 (java windows)
Content-Length: 111
Content-Type: application/json; charset=utf-8
host: localhost:36178
accept: */*

Response DefaultHttpResponse(decodeResult: success, version: HTTP/1.1)
HTTP/1.1 200 OK
Content-Type: application/json; charset=utf-8
cache-control: no-cache
content-length: 88

10:03:40.917 [AsyncHttpClient-1-3] DEBUG org.asynchttpclient.netty.channel.ChannelManager - Adding key: http://localhost:36178 for channel [id: 0x3ede9073, L:/127.0.0.1:50179 - R:localhost/127.0.0.1:36178]
10:03:40.918 [Forwarding getElementTagName on session e9c19043da033c9c4a056c9adb5f8e0e to remote] DEBUG org.asynchttpclient.netty.request.NettyRequestSender - Using pooled Channel '[id: 0x3ede9073, L:/127.0.0.1:50179 - R:localhost/127.0.0.1:36178]' for 'GET' to 'http://localhost:36178/session/e9c19043da033c9c4a056c9adb5f8e0e/element/44072310-20a6-402d-a533-635ca386fdf2/name'
10:03:40.918 [Forwarding getElementTagName on session e9c19043da033c9c4a056c9adb5f8e0e to remote] DEBUG org.asynchttpclient.netty.request.NettyRequestSender - Using open Channel [id: 0x3ede9073, L:/127.0.0.1:50179 - R:localhost/127.0.0.1:36178] for GET '/session/e9c19043da033c9c4a056c9adb5f8e0e/element/44072310-20a6-402d-a533-635ca386fdf2/name'
10:03:40.924 [AsyncHttpClient-1-3] DEBUG org.asynchttpclient.netty.handler.HttpHandler - 

Request DefaultFullHttpRequest(decodeResult: success, version: HTTP/1.1, content: EmptyByteBufBE)
GET /session/e9c19043da033c9c4a056c9adb5f8e0e/element/44072310-20a6-402d-a533-635ca386fdf2/name HTTP/1.1
User-Agent: selenium/4.7.1 (java windows)
Cache-Control: no-cache
Content-Type: application/json; charset=utf-8
host: localhost:36178
accept: */*

Response DefaultHttpResponse(decodeResult: success, version: HTTP/1.1)
HTTP/1.1 200 OK
Content-Type: application/json; charset=utf-8
cache-control: no-cache
content-length: 18

10:03:40.925 [AsyncHttpClient-1-3] DEBUG org.asynchttpclient.netty.channel.ChannelManager - Adding key: http://localhost:36178 for channel [id: 0x3ede9073, L:/127.0.0.1:50179 - R:localhost/127.0.0.1:36178]
10:03:40.926 [Forwarding getElementTagName on session e9c19043da033c9c4a056c9adb5f8e0e to remote] DEBUG org.asynchttpclient.netty.request.NettyRequestSender - Using pooled Channel '[id: 0x3ede9073, L:/127.0.0.1:50179 - R:localhost/127.0.0.1:36178]' for 'GET' to 'http://localhost:36178/session/e9c19043da033c9c4a056c9adb5f8e0e/element/44072310-20a6-402d-a533-635ca386fdf2/name'
10:03:40.926 [Forwarding getElementTagName on session e9c19043da033c9c4a056c9adb5f8e0e to remote] DEBUG org.asynchttpclient.netty.request.NettyRequestSender - Using open Channel [id: 0x3ede9073, L:/127.0.0.1:50179 - R:localhost/127.0.0.1:36178] for GET '/session/e9c19043da033c9c4a056c9adb5f8e0e/element/44072310-20a6-402d-a533-635ca386fdf2/name'
10:03:40.938 [AsyncHttpClient-1-3] DEBUG org.asynchttpclient.netty.handler.HttpHandler - 

Request DefaultFullHttpRequest(decodeResult: success, version: HTTP/1.1, content: EmptyByteBufBE)
GET /session/e9c19043da033c9c4a056c9adb5f8e0e/element/44072310-20a6-402d-a533-635ca386fdf2/name HTTP/1.1
User-Agent: selenium/4.7.1 (java windows)
Cache-Control: no-cache
Content-Type: application/json; charset=utf-8
host: localhost:36178
accept: */*

Response DefaultHttpResponse(decodeResult: success, version: HTTP/1.1)
HTTP/1.1 200 OK
Content-Type: application/json; charset=utf-8
cache-control: no-cache
content-length: 18

10:03:40.939 [AsyncHttpClient-1-3] DEBUG org.asynchttpclient.netty.channel.ChannelManager - Adding key: http://localhost:36178 for channel [id: 0x3ede9073, L:/127.0.0.1:50179 - R:localhost/127.0.0.1:36178]
10:03:40.942 [Forwarding isElementEnabled on session e9c19043da033c9c4a056c9adb5f8e0e to remote] DEBUG org.asynchttpclient.netty.request.NettyRequestSender - Using pooled Channel '[id: 0x3ede9073, L:/127.0.0.1:50179 - R:localhost/127.0.0.1:36178]' for 'GET' to 'http://localhost:36178/session/e9c19043da033c9c4a056c9adb5f8e0e/element/44072310-20a6-402d-a533-635ca386fdf2/enabled'
10:03:40.942 [Forwarding isElementEnabled on session e9c19043da033c9c4a056c9adb5f8e0e to remote] DEBUG org.asynchttpclient.netty.request.NettyRequestSender - Using open Channel [id: 0x3ede9073, L:/127.0.0.1:50179 - R:localhost/127.0.0.1:36178] for GET '/session/e9c19043da033c9c4a056c9adb5f8e0e/element/44072310-20a6-402d-a533-635ca386fdf2/enabled'
10:03:40.965 [AsyncHttpClient-1-1] DEBUG org.asynchttpclient.netty.channel.DefaultChannelPool - Entry count for : http://localhost:50180 : 1
10:03:40.992 [AsyncHttpClient-1-3] DEBUG org.asynchttpclient.netty.handler.HttpHandler - 

Request DefaultFullHttpRequest(decodeResult: success, version: HTTP/1.1, content: EmptyByteBufBE)
GET /session/e9c19043da033c9c4a056c9adb5f8e0e/element/44072310-20a6-402d-a533-635ca386fdf2/enabled HTTP/1.1
User-Agent: selenium/4.7.1 (java windows)
Cache-Control: no-cache
Content-Type: application/json; charset=utf-8
host: localhost:36178
accept: */*

Response DefaultHttpResponse(decodeResult: success, version: HTTP/1.1)
HTTP/1.1 200 OK
Content-Type: application/json; charset=utf-8
cache-control: no-cache
content-length: 14

10:03:40.992 [AsyncHttpClient-1-3] DEBUG org.asynchttpclient.netty.channel.ChannelManager - Adding key: http://localhost:36178 for channel [id: 0x3ede9073, L:/127.0.0.1:50179 - R:localhost/127.0.0.1:36178]
10:03:40.994 [Forwarding isElementEnabled on session e9c19043da033c9c4a056c9adb5f8e0e to remote] DEBUG org.asynchttpclient.netty.request.NettyRequestSender - Using pooled Channel '[id: 0x3ede9073, L:/127.0.0.1:50179 - R:localhost/127.0.0.1:36178]' for 'GET' to 'http://localhost:36178/session/e9c19043da033c9c4a056c9adb5f8e0e/element/44072310-20a6-402d-a533-635ca386fdf2/enabled'
10:03:40.994 [Forwarding isElementEnabled on session e9c19043da033c9c4a056c9adb5f8e0e to remote] DEBUG org.asynchttpclient.netty.request.NettyRequestSender - Using open Channel [id: 0x3ede9073, L:/127.0.0.1:50179 - R:localhost/127.0.0.1:36178] for GET '/session/e9c19043da033c9c4a056c9adb5f8e0e/element/44072310-20a6-402d-a533-635ca386fdf2/enabled'
10:03:41.006 [AsyncHttpClient-1-3] DEBUG org.asynchttpclient.netty.handler.HttpHandler - 

Request DefaultFullHttpRequest(decodeResult: success, version: HTTP/1.1, content: EmptyByteBufBE)
GET /session/e9c19043da033c9c4a056c9adb5f8e0e/element/44072310-20a6-402d-a533-635ca386fdf2/enabled HTTP/1.1
User-Agent: selenium/4.7.1 (java windows)
Cache-Control: no-cache
Content-Type: application/json; charset=utf-8
host: localhost:36178
accept: */*

Response DefaultHttpResponse(decodeResult: success, version: HTTP/1.1)
HTTP/1.1 200 OK
Content-Type: application/json; charset=utf-8
cache-control: no-cache
content-length: 14

10:03:41.006 [AsyncHttpClient-1-3] DEBUG org.asynchttpclient.netty.channel.ChannelManager - Adding key: http://localhost:36178 for channel [id: 0x3ede9073, L:/127.0.0.1:50179 - R:localhost/127.0.0.1:36178]
10:03:41.009 [Forwarding findElement on session e9c19043da033c9c4a056c9adb5f8e0e to remote] DEBUG org.asynchttpclient.netty.request.NettyRequestSender - Using pooled Channel '[id: 0x3ede9073, L:/127.0.0.1:50179 - R:localhost/127.0.0.1:36178]' for 'POST' to 'http://localhost:36178/session/e9c19043da033c9c4a056c9adb5f8e0e/element'
10:03:41.009 [Forwarding findElement on session e9c19043da033c9c4a056c9adb5f8e0e to remote] DEBUG org.asynchttpclient.netty.request.NettyRequestSender - Using open Channel [id: 0x3ede9073, L:/127.0.0.1:50179 - R:localhost/127.0.0.1:36178] for POST '/session/e9c19043da033c9c4a056c9adb5f8e0e/element'
10:03:41.035 [AsyncHttpClient-1-3] DEBUG org.asynchttpclient.netty.handler.HttpHandler - 

Request DefaultHttpRequest(decodeResult: success, version: HTTP/1.1)
POST /session/e9c19043da033c9c4a056c9adb5f8e0e/element HTTP/1.1
User-Agent: selenium/4.7.1 (java windows)
Content-Length: 111
Content-Type: application/json; charset=utf-8
host: localhost:36178
accept: */*

Response DefaultHttpResponse(decodeResult: success, version: HTTP/1.1)
HTTP/1.1 200 OK
Content-Type: application/json; charset=utf-8
cache-control: no-cache
content-length: 88

10:03:41.035 [AsyncHttpClient-1-3] DEBUG org.asynchttpclient.netty.channel.ChannelManager - Adding key: http://localhost:36178 for channel [id: 0x3ede9073, L:/127.0.0.1:50179 - R:localhost/127.0.0.1:36178]
10:03:41.037 [Forwarding clickElement on session e9c19043da033c9c4a056c9adb5f8e0e to remote] DEBUG org.asynchttpclient.netty.request.NettyRequestSender - Using pooled Channel '[id: 0x3ede9073, L:/127.0.0.1:50179 - R:localhost/127.0.0.1:36178]' for 'POST' to 'http://localhost:36178/session/e9c19043da033c9c4a056c9adb5f8e0e/element/44072310-20a6-402d-a533-635ca386fdf2/click'
10:03:41.037 [Forwarding clickElement on session e9c19043da033c9c4a056c9adb5f8e0e to remote] DEBUG org.asynchttpclient.netty.request.NettyRequestSender - Using open Channel [id: 0x3ede9073, L:/127.0.0.1:50179 - R:localhost/127.0.0.1:36178] for POST '/session/e9c19043da033c9c4a056c9adb5f8e0e/element/44072310-20a6-402d-a533-635ca386fdf2/click'
10:03:41.143 [AsyncHttpClient-1-3] DEBUG org.asynchttpclient.netty.handler.HttpHandler - 

Request DefaultHttpRequest(decodeResult: success, version: HTTP/1.1)
POST /session/e9c19043da033c9c4a056c9adb5f8e0e/element/44072310-20a6-402d-a533-635ca386fdf2/click HTTP/1.1
User-Agent: selenium/4.7.1 (java windows)
Content-Length: 50
Content-Type: application/json; charset=utf-8
host: localhost:36178
accept: */*

Response DefaultHttpResponse(decodeResult: success, version: HTTP/1.1)
HTTP/1.1 200 OK
Content-Type: application/json; charset=utf-8
cache-control: no-cache
content-length: 14

10:03:41.143 [AsyncHttpClient-1-3] DEBUG org.asynchttpclient.netty.channel.ChannelManager - Adding key: http://localhost:36178 for channel [id: 0x3ede9073, L:/127.0.0.1:50179 - R:localhost/127.0.0.1:36178]
10:03:41.153 [Forwarding getCurrentWindowHandle on session e9c19043da033c9c4a056c9adb5f8e0e to remote] DEBUG org.asynchttpclient.netty.request.NettyRequestSender - Using pooled Channel '[id: 0x3ede9073, L:/127.0.0.1:50179 - R:localhost/127.0.0.1:36178]' for 'GET' to 'http://localhost:36178/session/e9c19043da033c9c4a056c9adb5f8e0e/window'
10:03:41.153 [Forwarding getCurrentWindowHandle on session e9c19043da033c9c4a056c9adb5f8e0e to remote] DEBUG org.asynchttpclient.netty.request.NettyRequestSender - Using open Channel [id: 0x3ede9073, L:/127.0.0.1:50179 - R:localhost/127.0.0.1:36178] for GET '/session/e9c19043da033c9c4a056c9adb5f8e0e/window'
10:03:41.154 [AsyncHttpClient-1-3] DEBUG org.asynchttpclient.netty.handler.HttpHandler - 

Request DefaultFullHttpRequest(decodeResult: success, version: HTTP/1.1, content: EmptyByteBufBE)
GET /session/e9c19043da033c9c4a056c9adb5f8e0e/window HTTP/1.1
User-Agent: selenium/4.7.1 (java windows)
Cache-Control: no-cache
Content-Type: application/json; charset=utf-8
host: localhost:36178
accept: */*

Response DefaultHttpResponse(decodeResult: success, version: HTTP/1.1)
HTTP/1.1 200 OK
Content-Type: application/json; charset=utf-8
cache-control: no-cache
content-length: 44

10:03:41.155 [AsyncHttpClient-1-3] DEBUG org.asynchttpclient.netty.channel.ChannelManager - Adding key: http://localhost:36178 for channel [id: 0x3ede9073, L:/127.0.0.1:50179 - R:localhost/127.0.0.1:36178]
10:03:41.157 [Forwarding getAlertText on session e9c19043da033c9c4a056c9adb5f8e0e to remote] DEBUG org.asynchttpclient.netty.request.NettyRequestSender - Using pooled Channel '[id: 0x3ede9073, L:/127.0.0.1:50179 - R:localhost/127.0.0.1:36178]' for 'GET' to 'http://localhost:36178/session/e9c19043da033c9c4a056c9adb5f8e0e/alert/text'
10:03:41.157 [Forwarding getAlertText on session e9c19043da033c9c4a056c9adb5f8e0e to remote] DEBUG org.asynchttpclient.netty.request.NettyRequestSender - Using open Channel [id: 0x3ede9073, L:/127.0.0.1:50179 - R:localhost/127.0.0.1:36178] for GET '/session/e9c19043da033c9c4a056c9adb5f8e0e/alert/text'
10:03:41.356 [AsyncHttpClient-1-3] DEBUG org.asynchttpclient.netty.handler.HttpHandler - 

Request DefaultFullHttpRequest(decodeResult: success, version: HTTP/1.1, content: EmptyByteBufBE)
GET /session/e9c19043da033c9c4a056c9adb5f8e0e/alert/text HTTP/1.1
User-Agent: selenium/4.7.1 (java windows)
Cache-Control: no-cache
Content-Type: application/json; charset=utf-8
host: localhost:36178
accept: */*

Response DefaultHttpResponse(decodeResult: success, version: HTTP/1.1)
HTTP/1.1 404 Not Found
Content-Type: application/json; charset=utf-8
cache-control: no-cache
content-length: 821

10:03:41.356 [AsyncHttpClient-1-3] DEBUG org.asynchttpclient.netty.channel.ChannelManager - Adding key: http://localhost:36178 for channel [id: 0x3ede9073, L:/127.0.0.1:50179 - R:localhost/127.0.0.1:36178]
10:03:41.362 [Forwarding switchToWindow on session e9c19043da033c9c4a056c9adb5f8e0e to remote] DEBUG org.asynchttpclient.netty.request.NettyRequestSender - Using pooled Channel '[id: 0x3ede9073, L:/127.0.0.1:50179 - R:localhost/127.0.0.1:36178]' for 'POST' to 'http://localhost:36178/session/e9c19043da033c9c4a056c9adb5f8e0e/window'
10:03:41.363 [Forwarding switchToWindow on session e9c19043da033c9c4a056c9adb5f8e0e to remote] DEBUG org.asynchttpclient.netty.request.NettyRequestSender - Using open Channel [id: 0x3ede9073, L:/127.0.0.1:50179 - R:localhost/127.0.0.1:36178] for POST '/session/e9c19043da033c9c4a056c9adb5f8e0e/window'
10:03:41.369 [AsyncHttpClient-1-3] DEBUG org.asynchttpclient.netty.handler.HttpHandler - 

Request DefaultHttpRequest(decodeResult: success, version: HTTP/1.1)
POST /session/e9c19043da033c9c4a056c9adb5f8e0e/window HTTP/1.1
User-Agent: selenium/4.7.1 (java windows)
Content-Length: 50
Content-Type: application/json; charset=utf-8
host: localhost:36178
accept: */*

Response DefaultHttpResponse(decodeResult: success, version: HTTP/1.1)
HTTP/1.1 200 OK
Content-Type: application/json; charset=utf-8
cache-control: no-cache
content-length: 14

10:03:41.369 [AsyncHttpClient-1-3] DEBUG org.asynchttpclient.netty.channel.ChannelManager - Adding key: http://localhost:36178 for channel [id: 0x3ede9073, L:/127.0.0.1:50179 - R:localhost/127.0.0.1:36178]
10:03:41.370 [Forwarding getCurrentUrl on session e9c19043da033c9c4a056c9adb5f8e0e to remote] DEBUG org.asynchttpclient.netty.request.NettyRequestSender - Using pooled Channel '[id: 0x3ede9073, L:/127.0.0.1:50179 - R:localhost/127.0.0.1:36178]' for 'GET' to 'http://localhost:36178/session/e9c19043da033c9c4a056c9adb5f8e0e/url'
10:03:41.370 [Forwarding getCurrentUrl on session e9c19043da033c9c4a056c9adb5f8e0e to remote] DEBUG org.asynchttpclient.netty.request.NettyRequestSender - Using open Channel [id: 0x3ede9073, L:/127.0.0.1:50179 - R:localhost/127.0.0.1:36178] for GET '/session/e9c19043da033c9c4a056c9adb5f8e0e/url'
10:03:41.378 [AsyncHttpClient-1-3] DEBUG org.asynchttpclient.netty.handler.HttpHandler - 

Request DefaultFullHttpRequest(decodeResult: success, version: HTTP/1.1, content: EmptyByteBufBE)
GET /session/e9c19043da033c9c4a056c9adb5f8e0e/url HTTP/1.1
User-Agent: selenium/4.7.1 (java windows)
Cache-Control: no-cache
Content-Type: application/json; charset=utf-8
host: localhost:36178
accept: */*

Response DefaultHttpResponse(decodeResult: success, version: HTTP/1.1)
HTTP/1.1 200 OK
Content-Type: application/json; charset=utf-8
cache-control: no-cache
content-length: 46

10:03:41.378 [AsyncHttpClient-1-3] DEBUG org.asynchttpclient.netty.channel.ChannelManager - Adding key: http://localhost:36178 for channel [id: 0x3ede9073, L:/127.0.0.1:50179 - R:localhost/127.0.0.1:36178]
10:03:41.379 [Forwarding screenshot on session e9c19043da033c9c4a056c9adb5f8e0e to remote] DEBUG org.asynchttpclient.netty.request.NettyRequestSender - Using pooled Channel '[id: 0x3ede9073, L:/127.0.0.1:50179 - R:localhost/127.0.0.1:36178]' for 'GET' to 'http://localhost:36178/session/e9c19043da033c9c4a056c9adb5f8e0e/screenshot'
10:03:41.379 [Forwarding screenshot on session e9c19043da033c9c4a056c9adb5f8e0e to remote] DEBUG org.asynchttpclient.netty.request.NettyRequestSender - Using open Channel [id: 0x3ede9073, L:/127.0.0.1:50179 - R:localhost/127.0.0.1:36178] for GET '/session/e9c19043da033c9c4a056c9adb5f8e0e/screenshot'
10:03:41.512 [AsyncHttpClient-1-3] DEBUG org.asynchttpclient.netty.handler.HttpHandler - 

Request DefaultFullHttpRequest(decodeResult: success, version: HTTP/1.1, content: EmptyByteBufBE)
GET /session/e9c19043da033c9c4a056c9adb5f8e0e/screenshot HTTP/1.1
User-Agent: selenium/4.7.1 (java windows)
Cache-Control: no-cache
Content-Type: application/json; charset=utf-8
host: localhost:36178
accept: */*

Response DefaultHttpResponse(decodeResult: success, version: HTTP/1.1)
HTTP/1.1 200 OK
Content-Type: application/json; charset=utf-8
cache-control: no-cache
content-length: 29004

10:03:41.512 [AsyncHttpClient-1-3] DEBUG org.asynchttpclient.netty.channel.ChannelManager - Adding key: http://localhost:36178 for channel [id: 0x3ede9073, L:/127.0.0.1:50179 - R:localhost/127.0.0.1:36178]
10:03:41.515 [main] DEBUG net.serenitybdd.core.photography.Darkroom - Send negative for processing for target\site\serenity\2c926b3a235df7678a598e439c23a2e0eb3dc7c982ea47ace7fa3ffad730d07e.png
10:03:41.515 [main] DEBUG net.thucydides.core.steps.StepInterceptor - STEP DONE: klikButtonCart
10:03:41.515 [Darkroom Processing Line] DEBUG net.serenitybdd.core.photography.DarkroomProcessingLine - Processing screenshot image in /var/screenshots/screenshot-15754300430079502110
10:03:41.515 [Darkroom Processing Line] DEBUG net.serenitybdd.core.photography.DarkroomProcessingLine - Saving screenshot to target\site\serenity\2c926b3a235df7678a598e439c23a2e0eb3dc7c982ea47ace7fa3ffad730d07e.png
  &amp#27;[32mAnd &amp#27;[0m&amp#27;[32muser klik cart&amp#27;[0m                                                      &amp#27;[90m# starter.stepdefinitions.TransaksiSteps.userKlikCart()&amp#27;[0m
10:03:41.534 [main] DEBUG net.thucydides.core.steps.StepInterceptor - STARTING STEP: TransaksiSteps.userKlikBayar - klikButtonBayar
10:03:41.538 [Forwarding findElement on session e9c19043da033c9c4a056c9adb5f8e0e to remote] DEBUG org.asynchttpclient.netty.request.NettyRequestSender - Using pooled Channel '[id: 0x3ede9073, L:/127.0.0.1:50179 - R:localhost/127.0.0.1:36178]' for 'POST' to 'http://localhost:36178/session/e9c19043da033c9c4a056c9adb5f8e0e/element'
10:03:41.538 [Forwarding findElement on session e9c19043da033c9c4a056c9adb5f8e0e to remote] DEBUG org.asynchttpclient.netty.request.NettyRequestSender - Using open Channel [id: 0x3ede9073, L:/127.0.0.1:50179 - R:localhost/127.0.0.1:36178] for POST '/session/e9c19043da033c9c4a056c9adb5f8e0e/element'
10:03:41.560 [AsyncHttpClient-1-3] DEBUG org.asynchttpclient.netty.handler.HttpHandler - 

Request DefaultHttpRequest(decodeResult: success, version: HTTP/1.1)
POST /session/e9c19043da033c9c4a056c9adb5f8e0e/element HTTP/1.1
User-Agent: selenium/4.7.1 (java windows)
Content-Length: 72
Content-Type: application/json; charset=utf-8
host: localhost:36178
accept: */*

Response DefaultHttpResponse(decodeResult: success, version: HTTP/1.1)
HTTP/1.1 200 OK
Content-Type: application/json; charset=utf-8
cache-control: no-cache
content-length: 88

10:03:41.561 [AsyncHttpClient-1-3] DEBUG org.asynchttpclient.netty.channel.ChannelManager - Adding key: http://localhost:36178 for channel [id: 0x3ede9073, L:/127.0.0.1:50179 - R:localhost/127.0.0.1:36178]
10:03:41.563 [Forwarding getElementTagName on session e9c19043da033c9c4a056c9adb5f8e0e to remote] DEBUG org.asynchttpclient.netty.request.NettyRequestSender - Using pooled Channel '[id: 0x3ede9073, L:/127.0.0.1:50179 - R:localhost/127.0.0.1:36178]' for 'GET' to 'http://localhost:36178/session/e9c19043da033c9c4a056c9adb5f8e0e/element/05573cb5-cb27-4281-87e5-7deb98d33df0/name'
10:03:41.563 [Forwarding getElementTagName on session e9c19043da033c9c4a056c9adb5f8e0e to remote] DEBUG org.asynchttpclient.netty.request.NettyRequestSender - Using open Channel [id: 0x3ede9073, L:/127.0.0.1:50179 - R:localhost/127.0.0.1:36178] for GET '/session/e9c19043da033c9c4a056c9adb5f8e0e/element/05573cb5-cb27-4281-87e5-7deb98d33df0/name'
10:03:41.572 [AsyncHttpClient-1-3] DEBUG org.asynchttpclient.netty.handler.HttpHandler - 

Request DefaultFullHttpRequest(decodeResult: success, version: HTTP/1.1, content: EmptyByteBufBE)
GET /session/e9c19043da033c9c4a056c9adb5f8e0e/element/05573cb5-cb27-4281-87e5-7deb98d33df0/name HTTP/1.1
User-Agent: selenium/4.7.1 (java windows)
Cache-Control: no-cache
Content-Type: application/json; charset=utf-8
host: localhost:36178
accept: */*

Response DefaultHttpResponse(decodeResult: success, version: HTTP/1.1)
HTTP/1.1 200 OK
Content-Type: application/json; charset=utf-8
cache-control: no-cache
content-length: 18

10:03:41.572 [AsyncHttpClient-1-3] DEBUG org.asynchttpclient.netty.channel.ChannelManager - Adding key: http://localhost:36178 for channel [id: 0x3ede9073, L:/127.0.0.1:50179 - R:localhost/127.0.0.1:36178]
10:03:41.574 [Forwarding getElementTagName on session e9c19043da033c9c4a056c9adb5f8e0e to remote] DEBUG org.asynchttpclient.netty.request.NettyRequestSender - Using pooled Channel '[id: 0x3ede9073, L:/127.0.0.1:50179 - R:localhost/127.0.0.1:36178]' for 'GET' to 'http://localhost:36178/session/e9c19043da033c9c4a056c9adb5f8e0e/element/05573cb5-cb27-4281-87e5-7deb98d33df0/name'
10:03:41.574 [Forwarding getElementTagName on session e9c19043da033c9c4a056c9adb5f8e0e to remote] DEBUG org.asynchttpclient.netty.request.NettyRequestSender - Using open Channel [id: 0x3ede9073, L:/127.0.0.1:50179 - R:localhost/127.0.0.1:36178] for GET '/session/e9c19043da033c9c4a056c9adb5f8e0e/element/05573cb5-cb27-4281-87e5-7deb98d33df0/name'
10:03:41.581 [AsyncHttpClient-1-3] DEBUG org.asynchttpclient.netty.handler.HttpHandler - 

Request DefaultFullHttpRequest(decodeResult: success, version: HTTP/1.1, content: EmptyByteBufBE)
GET /session/e9c19043da033c9c4a056c9adb5f8e0e/element/05573cb5-cb27-4281-87e5-7deb98d33df0/name HTTP/1.1
User-Agent: selenium/4.7.1 (java windows)
Cache-Control: no-cache
Content-Type: application/json; charset=utf-8
host: localhost:36178
accept: */*

Response DefaultHttpResponse(decodeResult: success, version: HTTP/1.1)
HTTP/1.1 200 OK
Content-Type: application/json; charset=utf-8
cache-control: no-cache
content-length: 18

10:03:41.582 [AsyncHttpClient-1-3] DEBUG org.asynchttpclient.netty.channel.ChannelManager - Adding key: http://localhost:36178 for channel [id: 0x3ede9073, L:/127.0.0.1:50179 - R:localhost/127.0.0.1:36178]
10:03:41.584 [Forwarding isElementEnabled on session e9c19043da033c9c4a056c9adb5f8e0e to remote] DEBUG org.asynchttpclient.netty.request.NettyRequestSender - Using pooled Channel '[id: 0x3ede9073, L:/127.0.0.1:50179 - R:localhost/127.0.0.1:36178]' for 'GET' to 'http://localhost:36178/session/e9c19043da033c9c4a056c9adb5f8e0e/element/05573cb5-cb27-4281-87e5-7deb98d33df0/enabled'
10:03:41.584 [Forwarding isElementEnabled on session e9c19043da033c9c4a056c9adb5f8e0e to remote] DEBUG org.asynchttpclient.netty.request.NettyRequestSender - Using open Channel [id: 0x3ede9073, L:/127.0.0.1:50179 - R:localhost/127.0.0.1:36178] for GET '/session/e9c19043da033c9c4a056c9adb5f8e0e/element/05573cb5-cb27-4281-87e5-7deb98d33df0/enabled'
10:03:41.599 [AsyncHttpClient-1-3] DEBUG org.asynchttpclient.netty.handler.HttpHandler - 

Request DefaultFullHttpRequest(decodeResult: success, version: HTTP/1.1, content: EmptyByteBufBE)
GET /session/e9c19043da033c9c4a056c9adb5f8e0e/element/05573cb5-cb27-4281-87e5-7deb98d33df0/enabled HTTP/1.1
User-Agent: selenium/4.7.1 (java windows)
Cache-Control: no-cache
Content-Type: application/json; charset=utf-8
host: localhost:36178
accept: */*

Response DefaultHttpResponse(decodeResult: success, version: HTTP/1.1)
HTTP/1.1 200 OK
Content-Type: application/json; charset=utf-8
cache-control: no-cache
content-length: 14

10:03:41.599 [AsyncHttpClient-1-3] DEBUG org.asynchttpclient.netty.channel.ChannelManager - Adding key: http://localhost:36178 for channel [id: 0x3ede9073, L:/127.0.0.1:50179 - R:localhost/127.0.0.1:36178]
10:03:41.601 [Forwarding isElementEnabled on session e9c19043da033c9c4a056c9adb5f8e0e to remote] DEBUG org.asynchttpclient.netty.request.NettyRequestSender - Using pooled Channel '[id: 0x3ede9073, L:/127.0.0.1:50179 - R:localhost/127.0.0.1:36178]' for 'GET' to 'http://localhost:36178/session/e9c19043da033c9c4a056c9adb5f8e0e/element/05573cb5-cb27-4281-87e5-7deb98d33df0/enabled'
10:03:41.601 [Forwarding isElementEnabled on session e9c19043da033c9c4a056c9adb5f8e0e to remote] DEBUG org.asynchttpclient.netty.request.NettyRequestSender - Using open Channel [id: 0x3ede9073, L:/127.0.0.1:50179 - R:localhost/127.0.0.1:36178] for GET '/session/e9c19043da033c9c4a056c9adb5f8e0e/element/05573cb5-cb27-4281-87e5-7deb98d33df0/enabled'
10:03:41.611 [AsyncHttpClient-1-3] DEBUG org.asynchttpclient.netty.handler.HttpHandler - 

Request DefaultFullHttpRequest(decodeResult: success, version: HTTP/1.1, content: EmptyByteBufBE)
GET /session/e9c19043da033c9c4a056c9adb5f8e0e/element/05573cb5-cb27-4281-87e5-7deb98d33df0/enabled HTTP/1.1
User-Agent: selenium/4.7.1 (java windows)
Cache-Control: no-cache
Content-Type: application/json; charset=utf-8
host: localhost:36178
accept: */*

Response DefaultHttpResponse(decodeResult: success, version: HTTP/1.1)
HTTP/1.1 200 OK
Content-Type: application/json; charset=utf-8
cache-control: no-cache
content-length: 14

10:03:41.612 [AsyncHttpClient-1-3] DEBUG org.asynchttpclient.netty.channel.ChannelManager - Adding key: http://localhost:36178 for channel [id: 0x3ede9073, L:/127.0.0.1:50179 - R:localhost/127.0.0.1:36178]
10:03:41.615 [Forwarding findElement on session e9c19043da033c9c4a056c9adb5f8e0e to remote] DEBUG org.asynchttpclient.netty.request.NettyRequestSender - Using pooled Channel '[id: 0x3ede9073, L:/127.0.0.1:50179 - R:localhost/127.0.0.1:36178]' for 'POST' to 'http://localhost:36178/session/e9c19043da033c9c4a056c9adb5f8e0e/element'
10:03:41.615 [Forwarding findElement on session e9c19043da033c9c4a056c9adb5f8e0e to remote] DEBUG org.asynchttpclient.netty.request.NettyRequestSender - Using open Channel [id: 0x3ede9073, L:/127.0.0.1:50179 - R:localhost/127.0.0.1:36178] for POST '/session/e9c19043da033c9c4a056c9adb5f8e0e/element'
10:03:41.630 [AsyncHttpClient-1-3] DEBUG org.asynchttpclient.netty.handler.HttpHandler - 

Request DefaultHttpRequest(decodeResult: success, version: HTTP/1.1)
POST /session/e9c19043da033c9c4a056c9adb5f8e0e/element HTTP/1.1
User-Agent: selenium/4.7.1 (java windows)
Content-Length: 72
Content-Type: application/json; charset=utf-8
host: localhost:36178
accept: */*

Response DefaultHttpResponse(decodeResult: success, version: HTTP/1.1)
HTTP/1.1 200 OK
Content-Type: application/json; charset=utf-8
cache-control: no-cache
content-length: 88

10:03:41.630 [AsyncHttpClient-1-3] DEBUG org.asynchttpclient.netty.channel.ChannelManager - Adding key: http://localhost:36178 for channel [id: 0x3ede9073, L:/127.0.0.1:50179 - R:localhost/127.0.0.1:36178]
10:03:41.632 [Forwarding clickElement on session e9c19043da033c9c4a056c9adb5f8e0e to remote] DEBUG org.asynchttpclient.netty.request.NettyRequestSender - Using pooled Channel '[id: 0x3ede9073, L:/127.0.0.1:50179 - R:localhost/127.0.0.1:36178]' for 'POST' to 'http://localhost:36178/session/e9c19043da033c9c4a056c9adb5f8e0e/element/05573cb5-cb27-4281-87e5-7deb98d33df0/click'
10:03:41.632 [Forwarding clickElement on session e9c19043da033c9c4a056c9adb5f8e0e to remote] DEBUG org.asynchttpclient.netty.request.NettyRequestSender - Using open Channel [id: 0x3ede9073, L:/127.0.0.1:50179 - R:localhost/127.0.0.1:36178] for POST '/session/e9c19043da033c9c4a056c9adb5f8e0e/element/05573cb5-cb27-4281-87e5-7deb98d33df0/click'
10:03:41.707 [AsyncHttpClient-1-3] DEBUG org.asynchttpclient.netty.handler.HttpHandler - 

Request DefaultHttpRequest(decodeResult: success, version: HTTP/1.1)
POST /session/e9c19043da033c9c4a056c9adb5f8e0e/element/05573cb5-cb27-4281-87e5-7deb98d33df0/click HTTP/1.1
User-Agent: selenium/4.7.1 (java windows)
Content-Length: 50
Content-Type: application/json; charset=utf-8
host: localhost:36178
accept: */*

Response DefaultHttpResponse(decodeResult: success, version: HTTP/1.1)
HTTP/1.1 200 OK
Content-Type: application/json; charset=utf-8
cache-control: no-cache
content-length: 14

10:03:41.707 [AsyncHttpClient-1-3] DEBUG org.asynchttpclient.netty.channel.ChannelManager - Adding key: http://localhost:36178 for channel [id: 0x3ede9073, L:/127.0.0.1:50179 - R:localhost/127.0.0.1:36178]
10:03:41.724 [Forwarding getCurrentWindowHandle on session e9c19043da033c9c4a056c9adb5f8e0e to remote] DEBUG org.asynchttpclient.netty.request.NettyRequestSender - Using pooled Channel '[id: 0x3ede9073, L:/127.0.0.1:50179 - R:localhost/127.0.0.1:36178]' for 'GET' to 'http://localhost:36178/session/e9c19043da033c9c4a056c9adb5f8e0e/window'
10:03:41.724 [Forwarding getCurrentWindowHandle on session e9c19043da033c9c4a056c9adb5f8e0e to remote] DEBUG org.asynchttpclient.netty.request.NettyRequestSender - Using open Channel [id: 0x3ede9073, L:/127.0.0.1:50179 - R:localhost/127.0.0.1:36178] for GET '/session/e9c19043da033c9c4a056c9adb5f8e0e/window'
10:03:41.726 [AsyncHttpClient-1-3] DEBUG org.asynchttpclient.netty.handler.HttpHandler - 

Request DefaultFullHttpRequest(decodeResult: success, version: HTTP/1.1, content: EmptyByteBufBE)
GET /session/e9c19043da033c9c4a056c9adb5f8e0e/window HTTP/1.1
User-Agent: selenium/4.7.1 (java windows)
Cache-Control: no-cache
Content-Type: application/json; charset=utf-8
host: localhost:36178
accept: */*

Response DefaultHttpResponse(decodeResult: success, version: HTTP/1.1)
HTTP/1.1 200 OK
Content-Type: application/json; charset=utf-8
cache-control: no-cache
content-length: 44

10:03:41.726 [AsyncHttpClient-1-3] DEBUG org.asynchttpclient.netty.channel.ChannelManager - Adding key: http://localhost:36178 for channel [id: 0x3ede9073, L:/127.0.0.1:50179 - R:localhost/127.0.0.1:36178]
10:03:41.728 [Forwarding getAlertText on session e9c19043da033c9c4a056c9adb5f8e0e to remote] DEBUG org.asynchttpclient.netty.request.NettyRequestSender - Using pooled Channel '[id: 0x3ede9073, L:/127.0.0.1:50179 - R:localhost/127.0.0.1:36178]' for 'GET' to 'http://localhost:36178/session/e9c19043da033c9c4a056c9adb5f8e0e/alert/text'
10:03:41.728 [Forwarding getAlertText on session e9c19043da033c9c4a056c9adb5f8e0e to remote] DEBUG org.asynchttpclient.netty.request.NettyRequestSender - Using open Channel [id: 0x3ede9073, L:/127.0.0.1:50179 - R:localhost/127.0.0.1:36178] for GET '/session/e9c19043da033c9c4a056c9adb5f8e0e/alert/text'
10:03:41.787 [AsyncHttpClient-1-3] DEBUG org.asynchttpclient.netty.handler.HttpHandler - 

Request DefaultFullHttpRequest(decodeResult: success, version: HTTP/1.1, content: EmptyByteBufBE)
GET /session/e9c19043da033c9c4a056c9adb5f8e0e/alert/text HTTP/1.1
User-Agent: selenium/4.7.1 (java windows)
Cache-Control: no-cache
Content-Type: application/json; charset=utf-8
host: localhost:36178
accept: */*

Response DefaultHttpResponse(decodeResult: success, version: HTTP/1.1)
HTTP/1.1 404 Not Found
Content-Type: application/json; charset=utf-8
cache-control: no-cache
content-length: 821

10:03:41.788 [AsyncHttpClient-1-3] DEBUG org.asynchttpclient.netty.channel.ChannelManager - Adding key: http://localhost:36178 for channel [id: 0x3ede9073, L:/127.0.0.1:50179 - R:localhost/127.0.0.1:36178]
10:03:41.790 [Forwarding switchToWindow on session e9c19043da033c9c4a056c9adb5f8e0e to remote] DEBUG org.asynchttpclient.netty.request.NettyRequestSender - Using pooled Channel '[id: 0x3ede9073, L:/127.0.0.1:50179 - R:localhost/127.0.0.1:36178]' for 'POST' to 'http://localhost:36178/session/e9c19043da033c9c4a056c9adb5f8e0e/window'
10:03:41.790 [Forwarding switchToWindow on session e9c19043da033c9c4a056c9adb5f8e0e to remote] DEBUG org.asynchttpclient.netty.request.NettyRequestSender - Using open Channel [id: 0x3ede9073, L:/127.0.0.1:50179 - R:localhost/127.0.0.1:36178] for POST '/session/e9c19043da033c9c4a056c9adb5f8e0e/window'
10:03:41.793 [AsyncHttpClient-1-3] DEBUG org.asynchttpclient.netty.handler.HttpHandler - 

Request DefaultHttpRequest(decodeResult: success, version: HTTP/1.1)
POST /session/e9c19043da033c9c4a056c9adb5f8e0e/window HTTP/1.1
User-Agent: selenium/4.7.1 (java windows)
Content-Length: 50
Content-Type: application/json; charset=utf-8
host: localhost:36178
accept: */*

Response DefaultHttpResponse(decodeResult: success, version: HTTP/1.1)
HTTP/1.1 200 OK
Content-Type: application/json; charset=utf-8
cache-control: no-cache
content-length: 14

10:03:41.793 [AsyncHttpClient-1-3] DEBUG org.asynchttpclient.netty.channel.ChannelManager - Adding key: http://localhost:36178 for channel [id: 0x3ede9073, L:/127.0.0.1:50179 - R:localhost/127.0.0.1:36178]
10:03:41.794 [Forwarding getCurrentUrl on session e9c19043da033c9c4a056c9adb5f8e0e to remote] DEBUG org.asynchttpclient.netty.request.NettyRequestSender - Using pooled Channel '[id: 0x3ede9073, L:/127.0.0.1:50179 - R:localhost/127.0.0.1:36178]' for 'GET' to 'http://localhost:36178/session/e9c19043da033c9c4a056c9adb5f8e0e/url'
10:03:41.794 [Forwarding getCurrentUrl on session e9c19043da033c9c4a056c9adb5f8e0e to remote] DEBUG org.asynchttpclient.netty.request.NettyRequestSender - Using open Channel [id: 0x3ede9073, L:/127.0.0.1:50179 - R:localhost/127.0.0.1:36178] for GET '/session/e9c19043da033c9c4a056c9adb5f8e0e/url'
10:03:41.803 [AsyncHttpClient-1-3] DEBUG org.asynchttpclient.netty.handler.HttpHandler - 

Request DefaultFullHttpRequest(decodeResult: success, version: HTTP/1.1, content: EmptyByteBufBE)
GET /session/e9c19043da033c9c4a056c9adb5f8e0e/url HTTP/1.1
User-Agent: selenium/4.7.1 (java windows)
Cache-Control: no-cache
Content-Type: application/json; charset=utf-8
host: localhost:36178
accept: */*

Response DefaultHttpResponse(decodeResult: success, version: HTTP/1.1)
HTTP/1.1 200 OK
Content-Type: application/json; charset=utf-8
cache-control: no-cache
content-length: 113

10:03:41.803 [AsyncHttpClient-1-3] DEBUG org.asynchttpclient.netty.channel.ChannelManager - Adding key: http://localhost:36178 for channel [id: 0x3ede9073, L:/127.0.0.1:50179 - R:localhost/127.0.0.1:36178]
10:03:41.804 [Forwarding screenshot on session e9c19043da033c9c4a056c9adb5f8e0e to remote] DEBUG org.asynchttpclient.netty.request.NettyRequestSender - Using pooled Channel '[id: 0x3ede9073, L:/127.0.0.1:50179 - R:localhost/127.0.0.1:36178]' for 'GET' to 'http://localhost:36178/session/e9c19043da033c9c4a056c9adb5f8e0e/screenshot'
10:03:41.804 [Forwarding screenshot on session e9c19043da033c9c4a056c9adb5f8e0e to remote] DEBUG org.asynchttpclient.netty.request.NettyRequestSender - Using open Channel [id: 0x3ede9073, L:/127.0.0.1:50179 - R:localhost/127.0.0.1:36178] for GET '/session/e9c19043da033c9c4a056c9adb5f8e0e/screenshot'
10:03:41.956 [AsyncHttpClient-1-3] DEBUG org.asynchttpclient.netty.handler.HttpHandler - 

Request DefaultFullHttpRequest(decodeResult: success, version: HTTP/1.1, content: EmptyByteBufBE)
GET /session/e9c19043da033c9c4a056c9adb5f8e0e/screenshot HTTP/1.1
User-Agent: selenium/4.7.1 (java windows)
Cache-Control: no-cache
Content-Type: application/json; charset=utf-8
host: localhost:36178
accept: */*

Response DefaultHttpResponse(decodeResult: success, version: HTTP/1.1)
HTTP/1.1 200 OK
Content-Type: application/json; charset=utf-8
cache-control: no-cache
content-length: 31016

10:03:41.957 [AsyncHttpClient-1-3] DEBUG org.asynchttpclient.netty.channel.ChannelManager - Adding key: http://localhost:36178 for channel [id: 0x3ede9073, L:/127.0.0.1:50179 - R:localhost/127.0.0.1:36178]
10:03:41.959 [main] DEBUG net.serenitybdd.core.photography.Darkroom - Send negative for processing for target\site\serenity\9b2bbfed00855a8a2b61addec3bc0819d62fa14ecd958b278ddd2c69bf532903.png
10:03:41.960 [main] DEBUG net.thucydides.core.steps.StepInterceptor - STEP DONE: klikButtonBayar
10:03:41.960 [Darkroom Processing Line] DEBUG net.serenitybdd.core.photography.DarkroomProcessingLine - Processing screenshot image in /var/screenshots/screenshot-12555879663955496972
10:03:41.960 [Darkroom Processing Line] DEBUG net.serenitybdd.core.photography.DarkroomProcessingLine - Saving screenshot to target\site\serenity\9b2bbfed00855a8a2b61addec3bc0819d62fa14ecd958b278ddd2c69bf532903.png
  &amp#27;[32mAnd &amp#27;[0m&amp#27;[32muser klik bayar&amp#27;[0m                                                     &amp#27;[90m# starter.stepdefinitions.TransaksiSteps.userKlikBayar()&amp#27;[0m
10:03:41.982 [main] DEBUG net.thucydides.core.steps.StepInterceptor - STARTING STEP: TransaksiSteps.userMasukKeHalamanTransaksi - halamanTransaksi
10:03:41.986 [Forwarding findElement on session e9c19043da033c9c4a056c9adb5f8e0e to remote] DEBUG org.asynchttpclient.netty.request.NettyRequestSender - Using pooled Channel '[id: 0x3ede9073, L:/127.0.0.1:50179 - R:localhost/127.0.0.1:36178]' for 'POST' to 'http://localhost:36178/session/e9c19043da033c9c4a056c9adb5f8e0e/element'
10:03:41.986 [Forwarding findElement on session e9c19043da033c9c4a056c9adb5f8e0e to remote] DEBUG org.asynchttpclient.netty.request.NettyRequestSender - Using open Channel [id: 0x3ede9073, L:/127.0.0.1:50179 - R:localhost/127.0.0.1:36178] for POST '/session/e9c19043da033c9c4a056c9adb5f8e0e/element'
10:03:42.004 [AsyncHttpClient-1-3] DEBUG org.asynchttpclient.netty.handler.HttpHandler - 

Request DefaultHttpRequest(decodeResult: success, version: HTTP/1.1)
POST /session/e9c19043da033c9c4a056c9adb5f8e0e/element HTTP/1.1
User-Agent: selenium/4.7.1 (java windows)
Content-Length: 112
Content-Type: application/json; charset=utf-8
host: localhost:36178
accept: */*

Response DefaultHttpResponse(decodeResult: success, version: HTTP/1.1)
HTTP/1.1 200 OK
Content-Type: application/json; charset=utf-8
cache-control: no-cache
content-length: 88

10:03:42.004 [AsyncHttpClient-1-3] DEBUG org.asynchttpclient.netty.channel.ChannelManager - Adding key: http://localhost:36178 for channel [id: 0x3ede9073, L:/127.0.0.1:50179 - R:localhost/127.0.0.1:36178]
10:03:42.008 [Forwarding isElementDisplayed on session e9c19043da033c9c4a056c9adb5f8e0e to remote] DEBUG org.asynchttpclient.netty.request.NettyRequestSender - Using pooled Channel '[id: 0x3ede9073, L:/127.0.0.1:50179 - R:localhost/127.0.0.1:36178]' for 'POST' to 'http://localhost:36178/session/e9c19043da033c9c4a056c9adb5f8e0e/execute/sync'
10:03:42.008 [Forwarding isElementDisplayed on session e9c19043da033c9c4a056c9adb5f8e0e to remote] DEBUG org.asynchttpclient.netty.request.NettyRequestSender - Using open Channel [id: 0x3ede9073, L:/127.0.0.1:50179 - R:localhost/127.0.0.1:36178] for POST '/session/e9c19043da033c9c4a056c9adb5f8e0e/execute/sync'
10:03:42.022 [AsyncHttpClient-1-3] DEBUG org.asynchttpclient.netty.handler.HttpHandler - 

Request DefaultHttpRequest(decodeResult: success, version: HTTP/1.1)
POST /session/e9c19043da033c9c4a056c9adb5f8e0e/execute/sync HTTP/1.1
User-Agent: selenium/4.7.1 (java windows)
Content-Length: 48780
Content-Type: application/json; charset=utf-8
host: localhost:36178
accept: */*

Response DefaultHttpResponse(decodeResult: success, version: HTTP/1.1)
HTTP/1.1 200 OK
Content-Type: application/json; charset=utf-8
cache-control: no-cache
content-length: 14

10:03:42.022 [AsyncHttpClient-1-3] DEBUG org.asynchttpclient.netty.channel.ChannelManager - Adding key: http://localhost:36178 for channel [id: 0x3ede9073, L:/127.0.0.1:50179 - R:localhost/127.0.0.1:36178]
10:03:42.028 [Forwarding getCurrentWindowHandle on session e9c19043da033c9c4a056c9adb5f8e0e to remote] DEBUG org.asynchttpclient.netty.request.NettyRequestSender - Using pooled Channel '[id: 0x3ede9073, L:/127.0.0.1:50179 - R:localhost/127.0.0.1:36178]' for 'GET' to 'http://localhost:36178/session/e9c19043da033c9c4a056c9adb5f8e0e/window'
10:03:42.028 [Forwarding getCurrentWindowHandle on session e9c19043da033c9c4a056c9adb5f8e0e to remote] DEBUG org.asynchttpclient.netty.request.NettyRequestSender - Using open Channel [id: 0x3ede9073, L:/127.0.0.1:50179 - R:localhost/127.0.0.1:36178] for GET '/session/e9c19043da033c9c4a056c9adb5f8e0e/window'
10:03:42.029 [AsyncHttpClient-1-3] DEBUG org.asynchttpclient.netty.handler.HttpHandler - 

Request DefaultFullHttpRequest(decodeResult: success, version: HTTP/1.1, content: EmptyByteBufBE)
GET /session/e9c19043da033c9c4a056c9adb5f8e0e/window HTTP/1.1
User-Agent: selenium/4.7.1 (java windows)
Cache-Control: no-cache
Content-Type: application/json; charset=utf-8
host: localhost:36178
accept: */*

Response DefaultHttpResponse(decodeResult: success, version: HTTP/1.1)
HTTP/1.1 200 OK
Content-Type: application/json; charset=utf-8
cache-control: no-cache
content-length: 44

10:03:42.029 [AsyncHttpClient-1-3] DEBUG org.asynchttpclient.netty.channel.ChannelManager - Adding key: http://localhost:36178 for channel [id: 0x3ede9073, L:/127.0.0.1:50179 - R:localhost/127.0.0.1:36178]
10:03:42.031 [Forwarding getAlertText on session e9c19043da033c9c4a056c9adb5f8e0e to remote] DEBUG org.asynchttpclient.netty.request.NettyRequestSender - Using pooled Channel '[id: 0x3ede9073, L:/127.0.0.1:50179 - R:localhost/127.0.0.1:36178]' for 'GET' to 'http://localhost:36178/session/e9c19043da033c9c4a056c9adb5f8e0e/alert/text'
10:03:42.031 [Forwarding getAlertText on session e9c19043da033c9c4a056c9adb5f8e0e to remote] DEBUG org.asynchttpclient.netty.request.NettyRequestSender - Using open Channel [id: 0x3ede9073, L:/127.0.0.1:50179 - R:localhost/127.0.0.1:36178] for GET '/session/e9c19043da033c9c4a056c9adb5f8e0e/alert/text'
10:03:42.033 [AsyncHttpClient-1-3] DEBUG org.asynchttpclient.netty.handler.HttpHandler - 

Request DefaultFullHttpRequest(decodeResult: success, version: HTTP/1.1, content: EmptyByteBufBE)
GET /session/e9c19043da033c9c4a056c9adb5f8e0e/alert/text HTTP/1.1
User-Agent: selenium/4.7.1 (java windows)
Cache-Control: no-cache
Content-Type: application/json; charset=utf-8
host: localhost:36178
accept: */*

Response DefaultHttpResponse(decodeResult: success, version: HTTP/1.1)
HTTP/1.1 404 Not Found
Content-Type: application/json; charset=utf-8
cache-control: no-cache
content-length: 821

10:03:42.033 [AsyncHttpClient-1-3] DEBUG org.asynchttpclient.netty.channel.ChannelManager - Adding key: http://localhost:36178 for channel [id: 0x3ede9073, L:/127.0.0.1:50179 - R:localhost/127.0.0.1:36178]
10:03:42.035 [Forwarding switchToWindow on session e9c19043da033c9c4a056c9adb5f8e0e to remote] DEBUG org.asynchttpclient.netty.request.NettyRequestSender - Using pooled Channel '[id: 0x3ede9073, L:/127.0.0.1:50179 - R:localhost/127.0.0.1:36178]' for 'POST' to 'http://localhost:36178/session/e9c19043da033c9c4a056c9adb5f8e0e/window'
10:03:42.035 [Forwarding switchToWindow on session e9c19043da033c9c4a056c9adb5f8e0e to remote] DEBUG org.asynchttpclient.netty.request.NettyRequestSender - Using open Channel [id: 0x3ede9073, L:/127.0.0.1:50179 - R:localhost/127.0.0.1:36178] for POST '/session/e9c19043da033c9c4a056c9adb5f8e0e/window'
10:03:42.038 [AsyncHttpClient-1-3] DEBUG org.asynchttpclient.netty.handler.HttpHandler - 

Request DefaultHttpRequest(decodeResult: success, version: HTTP/1.1)
POST /session/e9c19043da033c9c4a056c9adb5f8e0e/window HTTP/1.1
User-Agent: selenium/4.7.1 (java windows)
Content-Length: 50
Content-Type: application/json; charset=utf-8
host: localhost:36178
accept: */*

Response DefaultHttpResponse(decodeResult: success, version: HTTP/1.1)
HTTP/1.1 200 OK
Content-Type: application/json; charset=utf-8
cache-control: no-cache
content-length: 14

10:03:42.038 [AsyncHttpClient-1-3] DEBUG org.asynchttpclient.netty.channel.ChannelManager - Adding key: http://localhost:36178 for channel [id: 0x3ede9073, L:/127.0.0.1:50179 - R:localhost/127.0.0.1:36178]
10:03:42.039 [Forwarding getCurrentUrl on session e9c19043da033c9c4a056c9adb5f8e0e to remote] DEBUG org.asynchttpclient.netty.request.NettyRequestSender - Using pooled Channel '[id: 0x3ede9073, L:/127.0.0.1:50179 - R:localhost/127.0.0.1:36178]' for 'GET' to 'http://localhost:36178/session/e9c19043da033c9c4a056c9adb5f8e0e/url'
10:03:42.039 [Forwarding getCurrentUrl on session e9c19043da033c9c4a056c9adb5f8e0e to remote] DEBUG org.asynchttpclient.netty.request.NettyRequestSender - Using open Channel [id: 0x3ede9073, L:/127.0.0.1:50179 - R:localhost/127.0.0.1:36178] for GET '/session/e9c19043da033c9c4a056c9adb5f8e0e/url'
10:03:42.044 [AsyncHttpClient-1-3] DEBUG org.asynchttpclient.netty.handler.HttpHandler - 

Request DefaultFullHttpRequest(decodeResult: success, version: HTTP/1.1, content: EmptyByteBufBE)
GET /session/e9c19043da033c9c4a056c9adb5f8e0e/url HTTP/1.1
User-Agent: selenium/4.7.1 (java windows)
Cache-Control: no-cache
Content-Type: application/json; charset=utf-8
host: localhost:36178
accept: */*

Response DefaultHttpResponse(decodeResult: success, version: HTTP/1.1)
HTTP/1.1 200 OK
Content-Type: application/json; charset=utf-8
cache-control: no-cache
content-length: 113

10:03:42.044 [AsyncHttpClient-1-3] DEBUG org.asynchttpclient.netty.channel.ChannelManager - Adding key: http://localhost:36178 for channel [id: 0x3ede9073, L:/127.0.0.1:50179 - R:localhost/127.0.0.1:36178]
10:03:42.046 [Forwarding screenshot on session e9c19043da033c9c4a056c9adb5f8e0e to remote] DEBUG org.asynchttpclient.netty.request.NettyRequestSender - Using pooled Channel '[id: 0x3ede9073, L:/127.0.0.1:50179 - R:localhost/127.0.0.1:36178]' for 'GET' to 'http://localhost:36178/session/e9c19043da033c9c4a056c9adb5f8e0e/screenshot'
10:03:42.046 [Forwarding screenshot on session e9c19043da033c9c4a056c9adb5f8e0e to remote] DEBUG org.asynchttpclient.netty.request.NettyRequestSender - Using open Channel [id: 0x3ede9073, L:/127.0.0.1:50179 - R:localhost/127.0.0.1:36178] for GET '/session/e9c19043da033c9c4a056c9adb5f8e0e/screenshot'
10:03:42.069 [AsyncHttpClient-1-1] DEBUG org.asynchttpclient.netty.channel.DefaultChannelPool - Entry count for : http://localhost:50180 : 1
10:03:42.459 [AsyncHttpClient-1-3] DEBUG org.asynchttpclient.netty.handler.HttpHandler - 

Request DefaultFullHttpRequest(decodeResult: success, version: HTTP/1.1, content: EmptyByteBufBE)
GET /session/e9c19043da033c9c4a056c9adb5f8e0e/screenshot HTTP/1.1
User-Agent: selenium/4.7.1 (java windows)
Cache-Control: no-cache
Content-Type: application/json; charset=utf-8
host: localhost:36178
accept: */*

Response DefaultHttpResponse(decodeResult: success, version: HTTP/1.1)
HTTP/1.1 200 OK
Content-Type: application/json; charset=utf-8
cache-control: no-cache
content-length: 30332

10:03:42.459 [AsyncHttpClient-1-3] DEBUG org.asynchttpclient.netty.channel.ChannelManager - Adding key: http://localhost:36178 for channel [id: 0x3ede9073, L:/127.0.0.1:50179 - R:localhost/127.0.0.1:36178]
10:03:42.463 [main] DEBUG net.serenitybdd.core.photography.Darkroom - Send negative for processing for target\site\serenity\a9d16a977728d215c70a2b3c60ca04fb278a532d2b9bb4716d92bc27a905e3d5.png
10:03:42.465 [main] DEBUG net.thucydides.core.steps.StepInterceptor - STEP DONE: halamanTransaksi
10:03:42.465 [Darkroom Processing Line] DEBUG net.serenitybdd.core.photography.DarkroomProcessingLine - Processing screenshot image in /var/screenshots/screenshot-17056147114958571629
10:03:42.465 [Darkroom Processing Line] DEBUG net.serenitybdd.core.photography.DarkroomProcessingLine - Saving screenshot to target\site\serenity\a9d16a977728d215c70a2b3c60ca04fb278a532d2b9bb4716d92bc27a905e3d5.png
  &amp#27;[32mAnd &amp#27;[0m&amp#27;[32muser masuk ke halaman transaksi&amp#27;[0m                                     &amp#27;[90m# starter.stepdefinitions.TransaksiSteps.userMasukKeHalamanTransaksi()&amp#27;[0m
10:03:42.480 [main] INFO  - 
  _____   ___   ___   _____     ___     _     ___   ___   ___   ___  
 |_   _| | __| / __| |_   _|   | _ \   /_\   / __| / __| | __| |   \ 
   | |   | _|  \__ \   | |     |  _/  / _ \  \__ \ \__ \ | _|  | |) |
   |_|   |___| |___/   |_|     |_|   /_/ \_\ |___/ |___/ |___| |___/ 

user bisa membayar produk yang diinginkan
----------------------------------------------------------------------
10:03:42.484 [AsyncHttpClient-1-5] DEBUG org.asynchttpclient.netty.handler.WebSocketHandler - Channel Closed: [id: 0x2880a2f2, L:/127.0.0.1:50187 ! R:localhost/127.0.0.1:50180] with attribute NettyResponseFuture{currentRetry=0,
	isDone=1,
	isCancelled=0,
	asyncHandler=org.asynchttpclient.ws.WebSocketUpgradeHandler@789e3455,
	nettyRequest=org.asynchttpclient.netty.request.NettyRequest@34d95f6f,
	future=java.util.concurrent.CompletableFuture@3f41e096[Completed normally],
	uri=ws://localhost:50180/devtools/browser/19b566d2-364d-43ae-a778-55f1f688b4a4,
	keepAlive=true,
	redirectCount=0,
	timeoutsHolder=null,
	inAuth=0,
	touch=1683515010419}
10:03:42.484 [AsyncHttpClient-1-5] DEBUG org.asynchttpclient.netty.channel.ChannelManager - Closing Channel [id: 0x2880a2f2, L:/127.0.0.1:50187 ! R:localhost/127.0.0.1:50180] 
10:03:42.486 [Driver Command Executor] DEBUG org.asynchttpclient.netty.request.NettyRequestSender - Using pooled Channel '[id: 0x3ede9073, L:/127.0.0.1:50179 - R:localhost/127.0.0.1:36178]' for 'DELETE' to 'http://localhost:36178/session/e9c19043da033c9c4a056c9adb5f8e0e'
10:03:42.486 [Driver Command Executor] DEBUG org.asynchttpclient.netty.request.NettyRequestSender - Using open Channel [id: 0x3ede9073, L:/127.0.0.1:50179 - R:localhost/127.0.0.1:36178] for DELETE '/session/e9c19043da033c9c4a056c9adb5f8e0e'
10:03:42.707 [AsyncHttpClient-1-4] DEBUG org.asynchttpclient.netty.handler.HttpHandler - Unexpected I/O exception on channel [id: 0xe2382c81, L:/127.0.0.1:50186 - R:localhost/127.0.0.1:50180]
java.net.SocketException: Connection reset
	at java.base/sun.nio.ch.SocketChannelImpl.throwConnectionReset(SocketChannelImpl.java:401)
	at java.base/sun.nio.ch.SocketChannelImpl.read(SocketChannelImpl.java:434)
	at io.netty.buffer.PooledByteBuf.setBytes(PooledByteBuf.java:259)
	at io.netty.buffer.AbstractByteBuf.writeBytes(AbstractByteBuf.java:1132)
	at io.netty.channel.socket.nio.NioSocketChannel.doReadBytes(NioSocketChannel.java:357)
	at io.netty.channel.nio.AbstractNioByteChannel$NioByteUnsafe.read(AbstractNioByteChannel.java:151)
	at io.netty.channel.nio.NioEventLoop.processSelectedKey(NioEventLoop.java:788)
	at io.netty.channel.nio.NioEventLoop.processSelectedKeysOptimized(NioEventLoop.java:724)
	at io.netty.channel.nio.NioEventLoop.processSelectedKeys(NioEventLoop.java:650)
	at io.netty.channel.nio.NioEventLoop.run(NioEventLoop.java:562)
	at io.netty.util.concurrent.SingleThreadEventExecutor$4.run(SingleThreadEventExecutor.java:997)
	at io.netty.util.internal.ThreadExecutorMap$2.run(ThreadExecutorMap.java:74)
	at io.netty.util.concurrent.FastThreadLocalRunnable.run(FastThreadLocalRunnable.java:30)
	at java.base/java.lang.Thread.run(Thread.java:1589)
10:03:42.708 [AsyncHttpClient-1-4] DEBUG org.asynchttpclient.netty.channel.ChannelManager - Closing Channel [id: 0xe2382c81, L:/127.0.0.1:50186 - R:localhost/127.0.0.1:50180] 
10:03:42.709 [AsyncHttpClient-1-4] DEBUG org.asynchttpclient.netty.handler.HttpHandler - Channel Closed: [id: 0xe2382c81, L:/127.0.0.1:50186 ! R:localhost/127.0.0.1:50180] with attribute DISCARD
10:03:42.758 [AsyncHttpClient-1-3] DEBUG org.asynchttpclient.netty.handler.HttpHandler - 

Request DefaultFullHttpRequest(decodeResult: success, version: HTTP/1.1, content: EmptyByteBufBE)
DELETE /session/e9c19043da033c9c4a056c9adb5f8e0e HTTP/1.1
User-Agent: selenium/4.7.1 (java windows)
Content-Type: application/json; charset=utf-8
host: localhost:36178
accept: */*

Response DefaultHttpResponse(decodeResult: success, version: HTTP/1.1)
HTTP/1.1 200 OK
Content-Type: application/json; charset=utf-8
cache-control: no-cache
content-length: 14

10:03:42.758 [AsyncHttpClient-1-3] DEBUG org.asynchttpclient.netty.channel.ChannelManager - Adding key: http://localhost:36178 for channel [id: 0x3ede9073, L:/127.0.0.1:50179 - R:localhost/127.0.0.1:36178]
10:03:42.878 [AsyncHttpClient-1-3] DEBUG org.asynchttpclient.netty.handler.HttpHandler - Channel Closed: [id: 0x3ede9073, L:/127.0.0.1:50179 ! R:localhost/127.0.0.1:36178] with attribute DISCARD
]]></system-out>
    <system-err><![CDATA[Starting ChromeDriver 112.0.5615.49 (bd2a7bcb881c11e8cfe3078709382934e3916914-refs/branch-heads/5615@{#936}) on port 36178
Only local connections are allowed.
Please see https://chromedriver.chromium.org/security-considerations for suggestions on keeping ChromeDriver safe.
ChromeDriver was started successfully.
May 08, 2023 10:03:30 AM org.openqa.selenium.devtools.CdpVersionFinder findNearestMatch
WARNING: Unable to find an exact match for CDP version 112, so returning the closest version found: 108
]]></system-err>
  </testcase>
  <testcase name="user bisa melakukan pencarian produk dari listdown categories" classname="Transaksi" time="16.388">
    <error type="org.openqa.selenium.StaleElementReferenceException"><![CDATA[org.openqa.selenium.StaleElementReferenceException: 
stale element reference: element is not attached to the page document
  (Session info: chrome=112.0.5615.138)
For documentation on this error, please visit: https://selenium.dev/exceptions/#stale_element_reference
Build info: version: '4.7.1', revision: 'c6795baf1a3'
System info: os.name: 'Windows 11', os.arch: 'amd64', os.version: '10.0', java.version: '19.0.2'
Driver info: org.openqa.selenium.chrome.ChromeDriver
Command: [074ae795fb97feb7e8cafa7dfc7ebd0b, clickElement {id=5932ca3f-fcd9-4038-aec9-29aeecb6c72b}]
Capabilities {acceptInsecureCerts: true, browserName: chrome, browserVersion: 112.0.5615.138, chrome: {chromedriverVersion: 112.0.5615.49 (bd2a7bcb881c..., userDataDir: C:\Users\HP\AppData\Local\T...}, goog:chromeOptions: {debuggerAddress: localhost:50209}, networkConnectionEnabled: false, pageLoadStrategy: normal, platformName: WINDOWS, proxy: Proxy(), se:cdp: ws://localhost:50209/devtoo..., se:cdpVersion: 112.0.5615.138, setWindowRect: true, strictFileInteractability: false, timeouts: {implicit: 0, pageLoad: 300000, script: 30000}, unhandledPromptBehavior: dismiss and notify, webauthn:extension:credBlob: true, webauthn:extension:largeBlob: true, webauthn:extension:minPinLength: true, webauthn:extension:prf: true, webauthn:virtualAuthenticators: true}
Element: [[ChromeDriver: chrome on WINDOWS (074ae795fb97feb7e8cafa7dfc7ebd0b)] -> xpath: /html/body/div[1]/div[1]/main/div/div/div[1]]
Session ID: 074ae795fb97feb7e8cafa7dfc7ebd0b
]]></error>
    <system-out><![CDATA[
@AS16-positive
Scenario: user bisa melakukan pencarian produk dari listdown categories   &amp#27;[90m# src/test/resources/features/3. Transaksi.feature:14&amp#27;[0m
10:03:42.974 [main] INFO io.cucumber.core.plugin.SerenityReporter - Running feature from file:///C:/Users/HP/Downloads/Mini-Project-QA/ALTASHOP%20WEB%20AUTOMATION/src/test/resources/features/3.%20Transaksi.feature
10:03:42.982 [main] INFO  - 
  _____   ___   ___   _____     ___   _____     _     ___   _____   ___   ___  
 |_   _| | __| / __| |_   _|   / __| |_   _|   /_\   | _ \ |_   _| | __| |   \ 
   | |   | _|  \__ \   | |     \__ \   | |    / _ \  |   /   | |   | _|  | |) |
   |_|   |___| |___/   |_|     |___/   |_|   /_/ \_\ |_|_\   |_|   |___| |___/ 

user bisa melakukan pencarian produk dari listdown categories(transaksi;user-bisa-melakukan-pencarian-produk-dari-listdown-categories)
--------------------------------------------------------------------------------
10:03:43.030 [main] DEBUG net.thucydides.core.steps.StepInterceptor - STARTING STEP: TransaksiSteps.userBeradaDiHomepageAltaShopDanLoginAkun - diHomepageAltaShop
10:03:43.124 [main] INFO net.serenitybdd.core.webdriver.driverproviders.ChromeDriverProvider - Starting Chrome driver instance with capabilities:
10:03:43.125 [main] INFO net.serenitybdd.core.webdriver.driverproviders.ChromeDriverProvider - Capabilities {acceptInsecureCerts: true, browserName: chrome, goog:chromeOptions: {args: [remote-allow-origins=*, test-type, no-sandbox, ignore-certificate-errors, start-maximized, incognito, disable-infobars, disable-gpu, disable-default-apps, disable-popup-blocking, remote-allow-origins=*, test-type, no-sandbox, ignore-certificate-errors, start-maximized, incognito, disable-infobars, disable-gpu, disable-default-apps, disable-popup-blocking], extensions: []}}
10:03:43.164 [AsyncHttpClient-1-1] DEBUG org.asynchttpclient.netty.channel.DefaultChannelPool - Entry count for : http://localhost:36178 : 1
10:03:43.165 [AsyncHttpClient-1-1] DEBUG org.asynchttpclient.netty.channel.DefaultChannelPool - Entry count for : http://localhost:50180 : 1
10:03:43.165 [AsyncHttpClient-1-1] DEBUG org.asynchttpclient.netty.channel.DefaultChannelPool - Adding Candidate expired Channel [id: 0x3ede9073, L:/127.0.0.1:50179 ! R:localhost/127.0.0.1:36178] isIdleTimeoutExpired=false isRemotelyClosed=true isTtlExpired=false
10:03:43.165 [AsyncHttpClient-1-1] DEBUG org.asynchttpclient.netty.channel.DefaultChannelPool - Closing Idle Channel [id: 0x3ede9073, L:/127.0.0.1:50179 ! R:localhost/127.0.0.1:36178]
10:03:43.165 [AsyncHttpClient-1-1] DEBUG org.asynchttpclient.netty.channel.DefaultChannelPool - Adding Candidate expired Channel [id: 0xe2382c81, L:/127.0.0.1:50186 ! R:localhost/127.0.0.1:50180] isIdleTimeoutExpired=false isRemotelyClosed=true isTtlExpired=false
10:03:43.165 [AsyncHttpClient-1-1] DEBUG org.asynchttpclient.netty.channel.DefaultChannelPool - Closing Idle Channel [id: 0xe2382c81, L:/127.0.0.1:50186 ! R:localhost/127.0.0.1:50180]
10:03:43.165 [AsyncHttpClient-1-1] DEBUG org.asynchttpclient.netty.channel.DefaultChannelPool - Closed 2 connections out of 2 in 0 ms
10:03:43.305 [AsyncHttpClient-1-6] DEBUG org.asynchttpclient.netty.channel.NettyConnectListener - Using new Channel '[id: 0xe6da3b82, L:/127.0.0.1:50208 - R:localhost/127.0.0.1:11831]' for 'POST' to '/session'
10:03:45.664 [AsyncHttpClient-1-6] DEBUG org.asynchttpclient.netty.handler.HttpHandler - 

Request DefaultHttpRequest(decodeResult: success, version: HTTP/1.1)
POST /session HTTP/1.1
User-Agent: selenium/4.7.1 (java windows)
Content-Length: 1629
Content-Type: application/json; charset=utf-8
host: localhost:11831
accept: */*

Response DefaultHttpResponse(decodeResult: success, version: HTTP/1.1)
HTTP/1.1 200 OK
Content-Type: application/json; charset=utf-8
cache-control: no-cache
content-length: 855

10:03:45.664 [AsyncHttpClient-1-6] DEBUG org.asynchttpclient.netty.channel.ChannelManager - Adding key: http://localhost:11831 for channel [id: 0xe6da3b82, L:/127.0.0.1:50208 - R:localhost/127.0.0.1:11831]
10:03:45.676 [AsyncHttpClient-1-7] DEBUG org.asynchttpclient.netty.channel.NettyConnectListener - Using new Channel '[id: 0x379695e8, L:/127.0.0.1:50215 - R:localhost/127.0.0.1:50209]' for 'GET' to '/json/version'
10:03:45.677 [AsyncHttpClient-1-7] DEBUG org.asynchttpclient.netty.handler.HttpHandler - 

Request DefaultFullHttpRequest(decodeResult: success, version: HTTP/1.1, content: EmptyByteBufBE)
GET /json/version HTTP/1.1
User-Agent: selenium/4.7.1 (java windows)
host: localhost:50209
accept: */*

Response DefaultHttpResponse(decodeResult: success, version: HTTP/1.1)
HTTP/1.1 200 OK
Content-Security-Policy: frame-ancestors 'none'
Content-Type: application/json; charset=UTF-8
content-length: 424

10:03:45.678 [AsyncHttpClient-1-7] DEBUG org.asynchttpclient.netty.channel.ChannelManager - Adding key: http://localhost:50209 for channel [id: 0x379695e8, L:/127.0.0.1:50215 - R:localhost/127.0.0.1:50209]
10:03:45.683 [AsyncHttpClient-1-8] DEBUG org.asynchttpclient.netty.channel.NettyConnectListener - Using new Channel '[id: 0xe3714001, L:/127.0.0.1:50216 - R:localhost/127.0.0.1:50209]' for 'GET' to '/devtools/browser/efa33510-85d3-446b-8376-a2699238e86f'
10:03:45.687 [AsyncHttpClient-1-8] DEBUG org.asynchttpclient.netty.handler.WebSocketHandler - 

Request DefaultFullHttpRequest(decodeResult: success, version: HTTP/1.1, content: EmptyByteBufBE)
GET /devtools/browser/efa33510-85d3-446b-8376-a2699238e86f HTTP/1.1
upgrade: websocket
connection: upgrade
sec-websocket-key: KCkx8RMm0HA1ifXjQ0IHzg==
sec-websocket-version: 13
origin: http://localhost:50209
host: localhost:50209
accept: */*
user-agent: AHC/2.1

Response DefaultHttpResponse(decodeResult: success, version: HTTP/1.1)
HTTP/1.1 101 WebSocket Protocol Handshake
Upgrade: WebSocket
Connection: Upgrade
Sec-WebSocket-Accept: PozHumAxpk01eytVp5F6bKkwiIo=

10:03:45.693 [Forwarding get on session 074ae795fb97feb7e8cafa7dfc7ebd0b to remote] DEBUG org.asynchttpclient.netty.request.NettyRequestSender - Using pooled Channel '[id: 0xe6da3b82, L:/127.0.0.1:50208 - R:localhost/127.0.0.1:11831]' for 'POST' to 'http://localhost:11831/session/074ae795fb97feb7e8cafa7dfc7ebd0b/url'
10:03:45.693 [Forwarding get on session 074ae795fb97feb7e8cafa7dfc7ebd0b to remote] DEBUG org.asynchttpclient.netty.request.NettyRequestSender - Using open Channel [id: 0xe6da3b82, L:/127.0.0.1:50208 - R:localhost/127.0.0.1:11831] for POST '/session/074ae795fb97feb7e8cafa7dfc7ebd0b/url'
10:03:46.472 [AsyncHttpClient-1-1] DEBUG org.asynchttpclient.netty.channel.DefaultChannelPool - Entry count for : http://localhost:50209 : 1
10:03:47.567 [AsyncHttpClient-1-1] DEBUG org.asynchttpclient.netty.channel.DefaultChannelPool - Entry count for : http://localhost:50209 : 1
10:03:48.675 [AsyncHttpClient-1-1] DEBUG org.asynchttpclient.netty.channel.DefaultChannelPool - Entry count for : http://localhost:50209 : 1
10:03:49.765 [AsyncHttpClient-1-1] DEBUG org.asynchttpclient.netty.channel.DefaultChannelPool - Entry count for : http://localhost:50209 : 1
10:03:49.974 [AsyncHttpClient-1-6] DEBUG org.asynchttpclient.netty.handler.HttpHandler - 

Request DefaultHttpRequest(decodeResult: success, version: HTTP/1.1)
POST /session/074ae795fb97feb7e8cafa7dfc7ebd0b/url HTTP/1.1
User-Agent: selenium/4.7.1 (java windows)
Content-Length: 59
Content-Type: application/json; charset=utf-8
host: localhost:11831
accept: */*

Response DefaultHttpResponse(decodeResult: success, version: HTTP/1.1)
HTTP/1.1 200 OK
Content-Type: application/json; charset=utf-8
cache-control: no-cache
content-length: 14

10:03:49.974 [AsyncHttpClient-1-6] DEBUG org.asynchttpclient.netty.channel.ChannelManager - Adding key: http://localhost:11831 for channel [id: 0xe6da3b82, L:/127.0.0.1:50208 - R:localhost/127.0.0.1:11831]
10:03:49.976 [Forwarding setTimeout on session 074ae795fb97feb7e8cafa7dfc7ebd0b to remote] DEBUG org.asynchttpclient.netty.request.NettyRequestSender - Using pooled Channel '[id: 0xe6da3b82, L:/127.0.0.1:50208 - R:localhost/127.0.0.1:11831]' for 'POST' to 'http://localhost:11831/session/074ae795fb97feb7e8cafa7dfc7ebd0b/timeouts'
10:03:49.976 [Forwarding setTimeout on session 074ae795fb97feb7e8cafa7dfc7ebd0b to remote] DEBUG org.asynchttpclient.netty.request.NettyRequestSender - Using open Channel [id: 0xe6da3b82, L:/127.0.0.1:50208 - R:localhost/127.0.0.1:11831] for POST '/session/074ae795fb97feb7e8cafa7dfc7ebd0b/timeouts'
10:03:49.977 [AsyncHttpClient-1-6] DEBUG org.asynchttpclient.netty.handler.HttpHandler - 

Request DefaultHttpRequest(decodeResult: success, version: HTTP/1.1)
POST /session/074ae795fb97feb7e8cafa7dfc7ebd0b/timeouts HTTP/1.1
User-Agent: selenium/4.7.1 (java windows)
Content-Length: 22
Content-Type: application/json; charset=utf-8
host: localhost:11831
accept: */*

Response DefaultHttpResponse(decodeResult: success, version: HTTP/1.1)
HTTP/1.1 200 OK
Content-Type: application/json; charset=utf-8
cache-control: no-cache
content-length: 14

10:03:49.977 [AsyncHttpClient-1-6] DEBUG org.asynchttpclient.netty.channel.ChannelManager - Adding key: http://localhost:11831 for channel [id: 0xe6da3b82, L:/127.0.0.1:50208 - R:localhost/127.0.0.1:11831]
10:03:49.980 [Forwarding getCurrentUrl on session 074ae795fb97feb7e8cafa7dfc7ebd0b to remote] DEBUG org.asynchttpclient.netty.request.NettyRequestSender - Using pooled Channel '[id: 0xe6da3b82, L:/127.0.0.1:50208 - R:localhost/127.0.0.1:11831]' for 'GET' to 'http://localhost:11831/session/074ae795fb97feb7e8cafa7dfc7ebd0b/url'
10:03:49.980 [Forwarding getCurrentUrl on session 074ae795fb97feb7e8cafa7dfc7ebd0b to remote] DEBUG org.asynchttpclient.netty.request.NettyRequestSender - Using open Channel [id: 0xe6da3b82, L:/127.0.0.1:50208 - R:localhost/127.0.0.1:11831] for GET '/session/074ae795fb97feb7e8cafa7dfc7ebd0b/url'
10:03:49.987 [AsyncHttpClient-1-6] DEBUG org.asynchttpclient.netty.handler.HttpHandler - 

Request DefaultFullHttpRequest(decodeResult: success, version: HTTP/1.1, content: EmptyByteBufBE)
GET /session/074ae795fb97feb7e8cafa7dfc7ebd0b/url HTTP/1.1
User-Agent: selenium/4.7.1 (java windows)
Cache-Control: no-cache
Content-Type: application/json; charset=utf-8
host: localhost:11831
accept: */*

Response DefaultHttpResponse(decodeResult: success, version: HTTP/1.1)
HTTP/1.1 200 OK
Content-Type: application/json; charset=utf-8
cache-control: no-cache
content-length: 41

10:03:49.987 [AsyncHttpClient-1-6] DEBUG org.asynchttpclient.netty.channel.ChannelManager - Adding key: http://localhost:11831 for channel [id: 0xe6da3b82, L:/127.0.0.1:50208 - R:localhost/127.0.0.1:11831]
10:03:49.991 [Forwarding getCurrentUrl on session 074ae795fb97feb7e8cafa7dfc7ebd0b to remote] DEBUG org.asynchttpclient.netty.request.NettyRequestSender - Using pooled Channel '[id: 0xe6da3b82, L:/127.0.0.1:50208 - R:localhost/127.0.0.1:11831]' for 'GET' to 'http://localhost:11831/session/074ae795fb97feb7e8cafa7dfc7ebd0b/url'
10:03:49.991 [Forwarding getCurrentUrl on session 074ae795fb97feb7e8cafa7dfc7ebd0b to remote] DEBUG org.asynchttpclient.netty.request.NettyRequestSender - Using open Channel [id: 0xe6da3b82, L:/127.0.0.1:50208 - R:localhost/127.0.0.1:11831] for GET '/session/074ae795fb97feb7e8cafa7dfc7ebd0b/url'
10:03:49.996 [AsyncHttpClient-1-6] DEBUG org.asynchttpclient.netty.handler.HttpHandler - 

Request DefaultFullHttpRequest(decodeResult: success, version: HTTP/1.1, content: EmptyByteBufBE)
GET /session/074ae795fb97feb7e8cafa7dfc7ebd0b/url HTTP/1.1
User-Agent: selenium/4.7.1 (java windows)
Cache-Control: no-cache
Content-Type: application/json; charset=utf-8
host: localhost:11831
accept: */*

Response DefaultHttpResponse(decodeResult: success, version: HTTP/1.1)
HTTP/1.1 200 OK
Content-Type: application/json; charset=utf-8
cache-control: no-cache
content-length: 41

10:03:49.996 [AsyncHttpClient-1-6] DEBUG org.asynchttpclient.netty.channel.ChannelManager - Adding key: http://localhost:11831 for channel [id: 0xe6da3b82, L:/127.0.0.1:50208 - R:localhost/127.0.0.1:11831]
10:03:50.000 [Forwarding findElement on session 074ae795fb97feb7e8cafa7dfc7ebd0b to remote] DEBUG org.asynchttpclient.netty.request.NettyRequestSender - Using pooled Channel '[id: 0xe6da3b82, L:/127.0.0.1:50208 - R:localhost/127.0.0.1:11831]' for 'POST' to 'http://localhost:11831/session/074ae795fb97feb7e8cafa7dfc7ebd0b/element'
10:03:50.000 [Forwarding findElement on session 074ae795fb97feb7e8cafa7dfc7ebd0b to remote] DEBUG org.asynchttpclient.netty.request.NettyRequestSender - Using open Channel [id: 0xe6da3b82, L:/127.0.0.1:50208 - R:localhost/127.0.0.1:11831] for POST '/session/074ae795fb97feb7e8cafa7dfc7ebd0b/element'
10:03:50.022 [AsyncHttpClient-1-6] DEBUG org.asynchttpclient.netty.handler.HttpHandler - 

Request DefaultHttpRequest(decodeResult: success, version: HTTP/1.1)
POST /session/074ae795fb97feb7e8cafa7dfc7ebd0b/element HTTP/1.1
User-Agent: selenium/4.7.1 (java windows)
Content-Length: 108
Content-Type: application/json; charset=utf-8
host: localhost:11831
accept: */*

Response DefaultHttpResponse(decodeResult: success, version: HTTP/1.1)
HTTP/1.1 200 OK
Content-Type: application/json; charset=utf-8
cache-control: no-cache
content-length: 88

10:03:50.023 [AsyncHttpClient-1-6] DEBUG org.asynchttpclient.netty.channel.ChannelManager - Adding key: http://localhost:11831 for channel [id: 0xe6da3b82, L:/127.0.0.1:50208 - R:localhost/127.0.0.1:11831]
10:03:50.026 [Forwarding isElementDisplayed on session 074ae795fb97feb7e8cafa7dfc7ebd0b to remote] DEBUG org.asynchttpclient.netty.request.NettyRequestSender - Using pooled Channel '[id: 0xe6da3b82, L:/127.0.0.1:50208 - R:localhost/127.0.0.1:11831]' for 'POST' to 'http://localhost:11831/session/074ae795fb97feb7e8cafa7dfc7ebd0b/execute/sync'
10:03:50.026 [Forwarding isElementDisplayed on session 074ae795fb97feb7e8cafa7dfc7ebd0b to remote] DEBUG org.asynchttpclient.netty.request.NettyRequestSender - Using open Channel [id: 0xe6da3b82, L:/127.0.0.1:50208 - R:localhost/127.0.0.1:11831] for POST '/session/074ae795fb97feb7e8cafa7dfc7ebd0b/execute/sync'
10:03:50.043 [AsyncHttpClient-1-6] DEBUG org.asynchttpclient.netty.handler.HttpHandler - 

Request DefaultHttpRequest(decodeResult: success, version: HTTP/1.1)
POST /session/074ae795fb97feb7e8cafa7dfc7ebd0b/execute/sync HTTP/1.1
User-Agent: selenium/4.7.1 (java windows)
Content-Length: 48780
Content-Type: application/json; charset=utf-8
host: localhost:11831
accept: */*

Response DefaultHttpResponse(decodeResult: success, version: HTTP/1.1)
HTTP/1.1 200 OK
Content-Type: application/json; charset=utf-8
cache-control: no-cache
content-length: 14

10:03:50.043 [AsyncHttpClient-1-6] DEBUG org.asynchttpclient.netty.channel.ChannelManager - Adding key: http://localhost:11831 for channel [id: 0xe6da3b82, L:/127.0.0.1:50208 - R:localhost/127.0.0.1:11831]
10:03:50.045 [Forwarding isElementDisplayed on session 074ae795fb97feb7e8cafa7dfc7ebd0b to remote] DEBUG org.asynchttpclient.netty.request.NettyRequestSender - Using pooled Channel '[id: 0xe6da3b82, L:/127.0.0.1:50208 - R:localhost/127.0.0.1:11831]' for 'POST' to 'http://localhost:11831/session/074ae795fb97feb7e8cafa7dfc7ebd0b/execute/sync'
10:03:50.046 [Forwarding isElementDisplayed on session 074ae795fb97feb7e8cafa7dfc7ebd0b to remote] DEBUG org.asynchttpclient.netty.request.NettyRequestSender - Using open Channel [id: 0xe6da3b82, L:/127.0.0.1:50208 - R:localhost/127.0.0.1:11831] for POST '/session/074ae795fb97feb7e8cafa7dfc7ebd0b/execute/sync'
10:03:50.061 [AsyncHttpClient-1-6] DEBUG org.asynchttpclient.netty.handler.HttpHandler - 

Request DefaultHttpRequest(decodeResult: success, version: HTTP/1.1)
POST /session/074ae795fb97feb7e8cafa7dfc7ebd0b/execute/sync HTTP/1.1
User-Agent: selenium/4.7.1 (java windows)
Content-Length: 48780
Content-Type: application/json; charset=utf-8
host: localhost:11831
accept: */*

Response DefaultHttpResponse(decodeResult: success, version: HTTP/1.1)
HTTP/1.1 200 OK
Content-Type: application/json; charset=utf-8
cache-control: no-cache
content-length: 14

10:03:50.061 [AsyncHttpClient-1-6] DEBUG org.asynchttpclient.netty.channel.ChannelManager - Adding key: http://localhost:11831 for channel [id: 0xe6da3b82, L:/127.0.0.1:50208 - R:localhost/127.0.0.1:11831]
10:03:50.067 [Forwarding getCurrentWindowHandle on session 074ae795fb97feb7e8cafa7dfc7ebd0b to remote] DEBUG org.asynchttpclient.netty.request.NettyRequestSender - Using pooled Channel '[id: 0xe6da3b82, L:/127.0.0.1:50208 - R:localhost/127.0.0.1:11831]' for 'GET' to 'http://localhost:11831/session/074ae795fb97feb7e8cafa7dfc7ebd0b/window'
10:03:50.067 [Forwarding getCurrentWindowHandle on session 074ae795fb97feb7e8cafa7dfc7ebd0b to remote] DEBUG org.asynchttpclient.netty.request.NettyRequestSender - Using open Channel [id: 0xe6da3b82, L:/127.0.0.1:50208 - R:localhost/127.0.0.1:11831] for GET '/session/074ae795fb97feb7e8cafa7dfc7ebd0b/window'
10:03:50.067 [AsyncHttpClient-1-6] DEBUG org.asynchttpclient.netty.handler.HttpHandler - 

Request DefaultFullHttpRequest(decodeResult: success, version: HTTP/1.1, content: EmptyByteBufBE)
GET /session/074ae795fb97feb7e8cafa7dfc7ebd0b/window HTTP/1.1
User-Agent: selenium/4.7.1 (java windows)
Cache-Control: no-cache
Content-Type: application/json; charset=utf-8
host: localhost:11831
accept: */*

Response DefaultHttpResponse(decodeResult: success, version: HTTP/1.1)
HTTP/1.1 200 OK
Content-Type: application/json; charset=utf-8
cache-control: no-cache
content-length: 44

10:03:50.068 [AsyncHttpClient-1-6] DEBUG org.asynchttpclient.netty.channel.ChannelManager - Adding key: http://localhost:11831 for channel [id: 0xe6da3b82, L:/127.0.0.1:50208 - R:localhost/127.0.0.1:11831]
10:03:50.069 [Forwarding getAlertText on session 074ae795fb97feb7e8cafa7dfc7ebd0b to remote] DEBUG org.asynchttpclient.netty.request.NettyRequestSender - Using pooled Channel '[id: 0xe6da3b82, L:/127.0.0.1:50208 - R:localhost/127.0.0.1:11831]' for 'GET' to 'http://localhost:11831/session/074ae795fb97feb7e8cafa7dfc7ebd0b/alert/text'
10:03:50.069 [Forwarding getAlertText on session 074ae795fb97feb7e8cafa7dfc7ebd0b to remote] DEBUG org.asynchttpclient.netty.request.NettyRequestSender - Using open Channel [id: 0xe6da3b82, L:/127.0.0.1:50208 - R:localhost/127.0.0.1:11831] for GET '/session/074ae795fb97feb7e8cafa7dfc7ebd0b/alert/text'
10:03:50.071 [AsyncHttpClient-1-6] DEBUG org.asynchttpclient.netty.handler.HttpHandler - 

Request DefaultFullHttpRequest(decodeResult: success, version: HTTP/1.1, content: EmptyByteBufBE)
GET /session/074ae795fb97feb7e8cafa7dfc7ebd0b/alert/text HTTP/1.1
User-Agent: selenium/4.7.1 (java windows)
Cache-Control: no-cache
Content-Type: application/json; charset=utf-8
host: localhost:11831
accept: */*

Response DefaultHttpResponse(decodeResult: success, version: HTTP/1.1)
HTTP/1.1 404 Not Found
Content-Type: application/json; charset=utf-8
cache-control: no-cache
content-length: 821

10:03:50.071 [AsyncHttpClient-1-6] DEBUG org.asynchttpclient.netty.channel.ChannelManager - Adding key: http://localhost:11831 for channel [id: 0xe6da3b82, L:/127.0.0.1:50208 - R:localhost/127.0.0.1:11831]
10:03:50.073 [Forwarding switchToWindow on session 074ae795fb97feb7e8cafa7dfc7ebd0b to remote] DEBUG org.asynchttpclient.netty.request.NettyRequestSender - Using pooled Channel '[id: 0xe6da3b82, L:/127.0.0.1:50208 - R:localhost/127.0.0.1:11831]' for 'POST' to 'http://localhost:11831/session/074ae795fb97feb7e8cafa7dfc7ebd0b/window'
10:03:50.073 [Forwarding switchToWindow on session 074ae795fb97feb7e8cafa7dfc7ebd0b to remote] DEBUG org.asynchttpclient.netty.request.NettyRequestSender - Using open Channel [id: 0xe6da3b82, L:/127.0.0.1:50208 - R:localhost/127.0.0.1:11831] for POST '/session/074ae795fb97feb7e8cafa7dfc7ebd0b/window'
10:03:50.075 [AsyncHttpClient-1-6] DEBUG org.asynchttpclient.netty.handler.HttpHandler - 

Request DefaultHttpRequest(decodeResult: success, version: HTTP/1.1)
POST /session/074ae795fb97feb7e8cafa7dfc7ebd0b/window HTTP/1.1
User-Agent: selenium/4.7.1 (java windows)
Content-Length: 50
Content-Type: application/json; charset=utf-8
host: localhost:11831
accept: */*

Response DefaultHttpResponse(decodeResult: success, version: HTTP/1.1)
HTTP/1.1 200 OK
Content-Type: application/json; charset=utf-8
cache-control: no-cache
content-length: 14

10:03:50.075 [AsyncHttpClient-1-6] DEBUG org.asynchttpclient.netty.channel.ChannelManager - Adding key: http://localhost:11831 for channel [id: 0xe6da3b82, L:/127.0.0.1:50208 - R:localhost/127.0.0.1:11831]
10:03:50.076 [Forwarding getCurrentUrl on session 074ae795fb97feb7e8cafa7dfc7ebd0b to remote] DEBUG org.asynchttpclient.netty.request.NettyRequestSender - Using pooled Channel '[id: 0xe6da3b82, L:/127.0.0.1:50208 - R:localhost/127.0.0.1:11831]' for 'GET' to 'http://localhost:11831/session/074ae795fb97feb7e8cafa7dfc7ebd0b/url'
10:03:50.076 [Forwarding getCurrentUrl on session 074ae795fb97feb7e8cafa7dfc7ebd0b to remote] DEBUG org.asynchttpclient.netty.request.NettyRequestSender - Using open Channel [id: 0xe6da3b82, L:/127.0.0.1:50208 - R:localhost/127.0.0.1:11831] for GET '/session/074ae795fb97feb7e8cafa7dfc7ebd0b/url'
10:03:50.081 [AsyncHttpClient-1-6] DEBUG org.asynchttpclient.netty.handler.HttpHandler - 

Request DefaultFullHttpRequest(decodeResult: success, version: HTTP/1.1, content: EmptyByteBufBE)
GET /session/074ae795fb97feb7e8cafa7dfc7ebd0b/url HTTP/1.1
User-Agent: selenium/4.7.1 (java windows)
Cache-Control: no-cache
Content-Type: application/json; charset=utf-8
host: localhost:11831
accept: */*

Response DefaultHttpResponse(decodeResult: success, version: HTTP/1.1)
HTTP/1.1 200 OK
Content-Type: application/json; charset=utf-8
cache-control: no-cache
content-length: 41

10:03:50.081 [AsyncHttpClient-1-6] DEBUG org.asynchttpclient.netty.channel.ChannelManager - Adding key: http://localhost:11831 for channel [id: 0xe6da3b82, L:/127.0.0.1:50208 - R:localhost/127.0.0.1:11831]
10:03:50.082 [Forwarding screenshot on session 074ae795fb97feb7e8cafa7dfc7ebd0b to remote] DEBUG org.asynchttpclient.netty.request.NettyRequestSender - Using pooled Channel '[id: 0xe6da3b82, L:/127.0.0.1:50208 - R:localhost/127.0.0.1:11831]' for 'GET' to 'http://localhost:11831/session/074ae795fb97feb7e8cafa7dfc7ebd0b/screenshot'
10:03:50.082 [Forwarding screenshot on session 074ae795fb97feb7e8cafa7dfc7ebd0b to remote] DEBUG org.asynchttpclient.netty.request.NettyRequestSender - Using open Channel [id: 0xe6da3b82, L:/127.0.0.1:50208 - R:localhost/127.0.0.1:11831] for GET '/session/074ae795fb97feb7e8cafa7dfc7ebd0b/screenshot'
10:03:50.231 [AsyncHttpClient-1-6] DEBUG org.asynchttpclient.netty.handler.HttpHandler - 

Request DefaultFullHttpRequest(decodeResult: success, version: HTTP/1.1, content: EmptyByteBufBE)
GET /session/074ae795fb97feb7e8cafa7dfc7ebd0b/screenshot HTTP/1.1
User-Agent: selenium/4.7.1 (java windows)
Cache-Control: no-cache
Content-Type: application/json; charset=utf-8
host: localhost:11831
accept: */*

Response DefaultHttpResponse(decodeResult: success, version: HTTP/1.1)
HTTP/1.1 200 OK
Content-Type: application/json; charset=utf-8
cache-control: no-cache
content-length: 117340

10:03:50.232 [AsyncHttpClient-1-6] DEBUG org.asynchttpclient.netty.channel.ChannelManager - Adding key: http://localhost:11831 for channel [id: 0xe6da3b82, L:/127.0.0.1:50208 - R:localhost/127.0.0.1:11831]
10:03:50.235 [main] DEBUG net.serenitybdd.core.photography.Darkroom - Send negative for processing for target\site\serenity\df55d743186c521fda5ec368b0658c6ceea6caf8d58ca16c8b72302e5626647d.png
10:03:50.236 [main] DEBUG net.thucydides.core.steps.StepInterceptor - STEP DONE: diHomepageAltaShop
10:03:50.236 [Darkroom Processing Line] DEBUG net.serenitybdd.core.photography.DarkroomProcessingLine - Processing screenshot image in /var/screenshots/screenshot-3452231710399261372
10:03:50.236 [Darkroom Processing Line] DEBUG net.serenitybdd.core.photography.DarkroomProcessingLine - Saving screenshot to target\site\serenity\df55d743186c521fda5ec368b0658c6ceea6caf8d58ca16c8b72302e5626647d.png
10:03:50.241 [main] DEBUG net.thucydides.core.steps.StepInterceptor - STARTING STEP: TransaksiSteps.userBeradaDiHomepageAltaShopDanLoginAkun - klikButtonLogin
10:03:50.244 [Forwarding findElement on session 074ae795fb97feb7e8cafa7dfc7ebd0b to remote] DEBUG org.asynchttpclient.netty.request.NettyRequestSender - Using pooled Channel '[id: 0xe6da3b82, L:/127.0.0.1:50208 - R:localhost/127.0.0.1:11831]' for 'POST' to 'http://localhost:11831/session/074ae795fb97feb7e8cafa7dfc7ebd0b/element'
10:03:50.244 [Forwarding findElement on session 074ae795fb97feb7e8cafa7dfc7ebd0b to remote] DEBUG org.asynchttpclient.netty.request.NettyRequestSender - Using open Channel [id: 0xe6da3b82, L:/127.0.0.1:50208 - R:localhost/127.0.0.1:11831] for POST '/session/074ae795fb97feb7e8cafa7dfc7ebd0b/element'
10:03:50.258 [AsyncHttpClient-1-6] DEBUG org.asynchttpclient.netty.handler.HttpHandler - 

Request DefaultHttpRequest(decodeResult: success, version: HTTP/1.1)
POST /session/074ae795fb97feb7e8cafa7dfc7ebd0b/element HTTP/1.1
User-Agent: selenium/4.7.1 (java windows)
Content-Length: 108
Content-Type: application/json; charset=utf-8
host: localhost:11831
accept: */*

Response DefaultHttpResponse(decodeResult: success, version: HTTP/1.1)
HTTP/1.1 200 OK
Content-Type: application/json; charset=utf-8
cache-control: no-cache
content-length: 88

10:03:50.259 [AsyncHttpClient-1-6] DEBUG org.asynchttpclient.netty.channel.ChannelManager - Adding key: http://localhost:11831 for channel [id: 0xe6da3b82, L:/127.0.0.1:50208 - R:localhost/127.0.0.1:11831]
10:03:50.260 [Forwarding getElementTagName on session 074ae795fb97feb7e8cafa7dfc7ebd0b to remote] DEBUG org.asynchttpclient.netty.request.NettyRequestSender - Using pooled Channel '[id: 0xe6da3b82, L:/127.0.0.1:50208 - R:localhost/127.0.0.1:11831]' for 'GET' to 'http://localhost:11831/session/074ae795fb97feb7e8cafa7dfc7ebd0b/element/2e93430e-014e-4720-a266-e81aac35f884/name'
10:03:50.260 [Forwarding getElementTagName on session 074ae795fb97feb7e8cafa7dfc7ebd0b to remote] DEBUG org.asynchttpclient.netty.request.NettyRequestSender - Using open Channel [id: 0xe6da3b82, L:/127.0.0.1:50208 - R:localhost/127.0.0.1:11831] for GET '/session/074ae795fb97feb7e8cafa7dfc7ebd0b/element/2e93430e-014e-4720-a266-e81aac35f884/name'
10:03:50.266 [AsyncHttpClient-1-6] DEBUG org.asynchttpclient.netty.handler.HttpHandler - 

Request DefaultFullHttpRequest(decodeResult: success, version: HTTP/1.1, content: EmptyByteBufBE)
GET /session/074ae795fb97feb7e8cafa7dfc7ebd0b/element/2e93430e-014e-4720-a266-e81aac35f884/name HTTP/1.1
User-Agent: selenium/4.7.1 (java windows)
Cache-Control: no-cache
Content-Type: application/json; charset=utf-8
host: localhost:11831
accept: */*

Response DefaultHttpResponse(decodeResult: success, version: HTTP/1.1)
HTTP/1.1 200 OK
Content-Type: application/json; charset=utf-8
cache-control: no-cache
content-length: 18

10:03:50.266 [AsyncHttpClient-1-6] DEBUG org.asynchttpclient.netty.channel.ChannelManager - Adding key: http://localhost:11831 for channel [id: 0xe6da3b82, L:/127.0.0.1:50208 - R:localhost/127.0.0.1:11831]
10:03:50.267 [Forwarding getElementTagName on session 074ae795fb97feb7e8cafa7dfc7ebd0b to remote] DEBUG org.asynchttpclient.netty.request.NettyRequestSender - Using pooled Channel '[id: 0xe6da3b82, L:/127.0.0.1:50208 - R:localhost/127.0.0.1:11831]' for 'GET' to 'http://localhost:11831/session/074ae795fb97feb7e8cafa7dfc7ebd0b/element/2e93430e-014e-4720-a266-e81aac35f884/name'
10:03:50.267 [Forwarding getElementTagName on session 074ae795fb97feb7e8cafa7dfc7ebd0b to remote] DEBUG org.asynchttpclient.netty.request.NettyRequestSender - Using open Channel [id: 0xe6da3b82, L:/127.0.0.1:50208 - R:localhost/127.0.0.1:11831] for GET '/session/074ae795fb97feb7e8cafa7dfc7ebd0b/element/2e93430e-014e-4720-a266-e81aac35f884/name'
10:03:50.272 [AsyncHttpClient-1-6] DEBUG org.asynchttpclient.netty.handler.HttpHandler - 

Request DefaultFullHttpRequest(decodeResult: success, version: HTTP/1.1, content: EmptyByteBufBE)
GET /session/074ae795fb97feb7e8cafa7dfc7ebd0b/element/2e93430e-014e-4720-a266-e81aac35f884/name HTTP/1.1
User-Agent: selenium/4.7.1 (java windows)
Cache-Control: no-cache
Content-Type: application/json; charset=utf-8
host: localhost:11831
accept: */*

Response DefaultHttpResponse(decodeResult: success, version: HTTP/1.1)
HTTP/1.1 200 OK
Content-Type: application/json; charset=utf-8
cache-control: no-cache
content-length: 18

10:03:50.272 [AsyncHttpClient-1-6] DEBUG org.asynchttpclient.netty.channel.ChannelManager - Adding key: http://localhost:11831 for channel [id: 0xe6da3b82, L:/127.0.0.1:50208 - R:localhost/127.0.0.1:11831]
10:03:50.275 [Forwarding isElementEnabled on session 074ae795fb97feb7e8cafa7dfc7ebd0b to remote] DEBUG org.asynchttpclient.netty.request.NettyRequestSender - Using pooled Channel '[id: 0xe6da3b82, L:/127.0.0.1:50208 - R:localhost/127.0.0.1:11831]' for 'GET' to 'http://localhost:11831/session/074ae795fb97feb7e8cafa7dfc7ebd0b/element/2e93430e-014e-4720-a266-e81aac35f884/enabled'
10:03:50.275 [Forwarding isElementEnabled on session 074ae795fb97feb7e8cafa7dfc7ebd0b to remote] DEBUG org.asynchttpclient.netty.request.NettyRequestSender - Using open Channel [id: 0xe6da3b82, L:/127.0.0.1:50208 - R:localhost/127.0.0.1:11831] for GET '/session/074ae795fb97feb7e8cafa7dfc7ebd0b/element/2e93430e-014e-4720-a266-e81aac35f884/enabled'
10:03:50.286 [AsyncHttpClient-1-6] DEBUG org.asynchttpclient.netty.handler.HttpHandler - 

Request DefaultFullHttpRequest(decodeResult: success, version: HTTP/1.1, content: EmptyByteBufBE)
GET /session/074ae795fb97feb7e8cafa7dfc7ebd0b/element/2e93430e-014e-4720-a266-e81aac35f884/enabled HTTP/1.1
User-Agent: selenium/4.7.1 (java windows)
Cache-Control: no-cache
Content-Type: application/json; charset=utf-8
host: localhost:11831
accept: */*

Response DefaultHttpResponse(decodeResult: success, version: HTTP/1.1)
HTTP/1.1 200 OK
Content-Type: application/json; charset=utf-8
cache-control: no-cache
content-length: 14

10:03:50.286 [AsyncHttpClient-1-6] DEBUG org.asynchttpclient.netty.channel.ChannelManager - Adding key: http://localhost:11831 for channel [id: 0xe6da3b82, L:/127.0.0.1:50208 - R:localhost/127.0.0.1:11831]
10:03:50.287 [Forwarding isElementEnabled on session 074ae795fb97feb7e8cafa7dfc7ebd0b to remote] DEBUG org.asynchttpclient.netty.request.NettyRequestSender - Using pooled Channel '[id: 0xe6da3b82, L:/127.0.0.1:50208 - R:localhost/127.0.0.1:11831]' for 'GET' to 'http://localhost:11831/session/074ae795fb97feb7e8cafa7dfc7ebd0b/element/2e93430e-014e-4720-a266-e81aac35f884/enabled'
10:03:50.287 [Forwarding isElementEnabled on session 074ae795fb97feb7e8cafa7dfc7ebd0b to remote] DEBUG org.asynchttpclient.netty.request.NettyRequestSender - Using open Channel [id: 0xe6da3b82, L:/127.0.0.1:50208 - R:localhost/127.0.0.1:11831] for GET '/session/074ae795fb97feb7e8cafa7dfc7ebd0b/element/2e93430e-014e-4720-a266-e81aac35f884/enabled'
10:03:50.299 [AsyncHttpClient-1-6] DEBUG org.asynchttpclient.netty.handler.HttpHandler - 

Request DefaultFullHttpRequest(decodeResult: success, version: HTTP/1.1, content: EmptyByteBufBE)
GET /session/074ae795fb97feb7e8cafa7dfc7ebd0b/element/2e93430e-014e-4720-a266-e81aac35f884/enabled HTTP/1.1
User-Agent: selenium/4.7.1 (java windows)
Cache-Control: no-cache
Content-Type: application/json; charset=utf-8
host: localhost:11831
accept: */*

Response DefaultHttpResponse(decodeResult: success, version: HTTP/1.1)
HTTP/1.1 200 OK
Content-Type: application/json; charset=utf-8
cache-control: no-cache
content-length: 14

10:03:50.299 [AsyncHttpClient-1-6] DEBUG org.asynchttpclient.netty.channel.ChannelManager - Adding key: http://localhost:11831 for channel [id: 0xe6da3b82, L:/127.0.0.1:50208 - R:localhost/127.0.0.1:11831]
10:03:50.301 [Forwarding findElement on session 074ae795fb97feb7e8cafa7dfc7ebd0b to remote] DEBUG org.asynchttpclient.netty.request.NettyRequestSender - Using pooled Channel '[id: 0xe6da3b82, L:/127.0.0.1:50208 - R:localhost/127.0.0.1:11831]' for 'POST' to 'http://localhost:11831/session/074ae795fb97feb7e8cafa7dfc7ebd0b/element'
10:03:50.302 [Forwarding findElement on session 074ae795fb97feb7e8cafa7dfc7ebd0b to remote] DEBUG org.asynchttpclient.netty.request.NettyRequestSender - Using open Channel [id: 0xe6da3b82, L:/127.0.0.1:50208 - R:localhost/127.0.0.1:11831] for POST '/session/074ae795fb97feb7e8cafa7dfc7ebd0b/element'
10:03:50.319 [AsyncHttpClient-1-6] DEBUG org.asynchttpclient.netty.handler.HttpHandler - 

Request DefaultHttpRequest(decodeResult: success, version: HTTP/1.1)
POST /session/074ae795fb97feb7e8cafa7dfc7ebd0b/element HTTP/1.1
User-Agent: selenium/4.7.1 (java windows)
Content-Length: 108
Content-Type: application/json; charset=utf-8
host: localhost:11831
accept: */*

Response DefaultHttpResponse(decodeResult: success, version: HTTP/1.1)
HTTP/1.1 200 OK
Content-Type: application/json; charset=utf-8
cache-control: no-cache
content-length: 88

10:03:50.319 [AsyncHttpClient-1-6] DEBUG org.asynchttpclient.netty.channel.ChannelManager - Adding key: http://localhost:11831 for channel [id: 0xe6da3b82, L:/127.0.0.1:50208 - R:localhost/127.0.0.1:11831]
10:03:50.321 [Forwarding clickElement on session 074ae795fb97feb7e8cafa7dfc7ebd0b to remote] DEBUG org.asynchttpclient.netty.request.NettyRequestSender - Using pooled Channel '[id: 0xe6da3b82, L:/127.0.0.1:50208 - R:localhost/127.0.0.1:11831]' for 'POST' to 'http://localhost:11831/session/074ae795fb97feb7e8cafa7dfc7ebd0b/element/2e93430e-014e-4720-a266-e81aac35f884/click'
10:03:50.321 [Forwarding clickElement on session 074ae795fb97feb7e8cafa7dfc7ebd0b to remote] DEBUG org.asynchttpclient.netty.request.NettyRequestSender - Using open Channel [id: 0xe6da3b82, L:/127.0.0.1:50208 - R:localhost/127.0.0.1:11831] for POST '/session/074ae795fb97feb7e8cafa7dfc7ebd0b/element/2e93430e-014e-4720-a266-e81aac35f884/click'
10:03:50.412 [AsyncHttpClient-1-6] DEBUG org.asynchttpclient.netty.handler.HttpHandler - 

Request DefaultHttpRequest(decodeResult: success, version: HTTP/1.1)
POST /session/074ae795fb97feb7e8cafa7dfc7ebd0b/element/2e93430e-014e-4720-a266-e81aac35f884/click HTTP/1.1
User-Agent: selenium/4.7.1 (java windows)
Content-Length: 50
Content-Type: application/json; charset=utf-8
host: localhost:11831
accept: */*

Response DefaultHttpResponse(decodeResult: success, version: HTTP/1.1)
HTTP/1.1 200 OK
Content-Type: application/json; charset=utf-8
cache-control: no-cache
content-length: 14

10:03:50.412 [AsyncHttpClient-1-6] DEBUG org.asynchttpclient.netty.channel.ChannelManager - Adding key: http://localhost:11831 for channel [id: 0xe6da3b82, L:/127.0.0.1:50208 - R:localhost/127.0.0.1:11831]
10:03:50.428 [Forwarding getCurrentWindowHandle on session 074ae795fb97feb7e8cafa7dfc7ebd0b to remote] DEBUG org.asynchttpclient.netty.request.NettyRequestSender - Using pooled Channel '[id: 0xe6da3b82, L:/127.0.0.1:50208 - R:localhost/127.0.0.1:11831]' for 'GET' to 'http://localhost:11831/session/074ae795fb97feb7e8cafa7dfc7ebd0b/window'
10:03:50.429 [Forwarding getCurrentWindowHandle on session 074ae795fb97feb7e8cafa7dfc7ebd0b to remote] DEBUG org.asynchttpclient.netty.request.NettyRequestSender - Using open Channel [id: 0xe6da3b82, L:/127.0.0.1:50208 - R:localhost/127.0.0.1:11831] for GET '/session/074ae795fb97feb7e8cafa7dfc7ebd0b/window'
10:03:50.430 [AsyncHttpClient-1-6] DEBUG org.asynchttpclient.netty.handler.HttpHandler - 

Request DefaultFullHttpRequest(decodeResult: success, version: HTTP/1.1, content: EmptyByteBufBE)
GET /session/074ae795fb97feb7e8cafa7dfc7ebd0b/window HTTP/1.1
User-Agent: selenium/4.7.1 (java windows)
Cache-Control: no-cache
Content-Type: application/json; charset=utf-8
host: localhost:11831
accept: */*

Response DefaultHttpResponse(decodeResult: success, version: HTTP/1.1)
HTTP/1.1 200 OK
Content-Type: application/json; charset=utf-8
cache-control: no-cache
content-length: 44

10:03:50.430 [AsyncHttpClient-1-6] DEBUG org.asynchttpclient.netty.channel.ChannelManager - Adding key: http://localhost:11831 for channel [id: 0xe6da3b82, L:/127.0.0.1:50208 - R:localhost/127.0.0.1:11831]
10:03:50.432 [Forwarding getAlertText on session 074ae795fb97feb7e8cafa7dfc7ebd0b to remote] DEBUG org.asynchttpclient.netty.request.NettyRequestSender - Using pooled Channel '[id: 0xe6da3b82, L:/127.0.0.1:50208 - R:localhost/127.0.0.1:11831]' for 'GET' to 'http://localhost:11831/session/074ae795fb97feb7e8cafa7dfc7ebd0b/alert/text'
10:03:50.432 [Forwarding getAlertText on session 074ae795fb97feb7e8cafa7dfc7ebd0b to remote] DEBUG org.asynchttpclient.netty.request.NettyRequestSender - Using open Channel [id: 0xe6da3b82, L:/127.0.0.1:50208 - R:localhost/127.0.0.1:11831] for GET '/session/074ae795fb97feb7e8cafa7dfc7ebd0b/alert/text'
10:03:50.644 [AsyncHttpClient-1-6] DEBUG org.asynchttpclient.netty.handler.HttpHandler - 

Request DefaultFullHttpRequest(decodeResult: success, version: HTTP/1.1, content: EmptyByteBufBE)
GET /session/074ae795fb97feb7e8cafa7dfc7ebd0b/alert/text HTTP/1.1
User-Agent: selenium/4.7.1 (java windows)
Cache-Control: no-cache
Content-Type: application/json; charset=utf-8
host: localhost:11831
accept: */*

Response DefaultHttpResponse(decodeResult: success, version: HTTP/1.1)
HTTP/1.1 404 Not Found
Content-Type: application/json; charset=utf-8
cache-control: no-cache
content-length: 821

10:03:50.644 [AsyncHttpClient-1-6] DEBUG org.asynchttpclient.netty.channel.ChannelManager - Adding key: http://localhost:11831 for channel [id: 0xe6da3b82, L:/127.0.0.1:50208 - R:localhost/127.0.0.1:11831]
10:03:50.648 [Forwarding switchToWindow on session 074ae795fb97feb7e8cafa7dfc7ebd0b to remote] DEBUG org.asynchttpclient.netty.request.NettyRequestSender - Using pooled Channel '[id: 0xe6da3b82, L:/127.0.0.1:50208 - R:localhost/127.0.0.1:11831]' for 'POST' to 'http://localhost:11831/session/074ae795fb97feb7e8cafa7dfc7ebd0b/window'
10:03:50.649 [Forwarding switchToWindow on session 074ae795fb97feb7e8cafa7dfc7ebd0b to remote] DEBUG org.asynchttpclient.netty.request.NettyRequestSender - Using open Channel [id: 0xe6da3b82, L:/127.0.0.1:50208 - R:localhost/127.0.0.1:11831] for POST '/session/074ae795fb97feb7e8cafa7dfc7ebd0b/window'
10:03:50.653 [AsyncHttpClient-1-6] DEBUG org.asynchttpclient.netty.handler.HttpHandler - 

Request DefaultHttpRequest(decodeResult: success, version: HTTP/1.1)
POST /session/074ae795fb97feb7e8cafa7dfc7ebd0b/window HTTP/1.1
User-Agent: selenium/4.7.1 (java windows)
Content-Length: 50
Content-Type: application/json; charset=utf-8
host: localhost:11831
accept: */*

Response DefaultHttpResponse(decodeResult: success, version: HTTP/1.1)
HTTP/1.1 200 OK
Content-Type: application/json; charset=utf-8
cache-control: no-cache
content-length: 14

10:03:50.654 [AsyncHttpClient-1-6] DEBUG org.asynchttpclient.netty.channel.ChannelManager - Adding key: http://localhost:11831 for channel [id: 0xe6da3b82, L:/127.0.0.1:50208 - R:localhost/127.0.0.1:11831]
10:03:50.655 [Forwarding getCurrentUrl on session 074ae795fb97feb7e8cafa7dfc7ebd0b to remote] DEBUG org.asynchttpclient.netty.request.NettyRequestSender - Using pooled Channel '[id: 0xe6da3b82, L:/127.0.0.1:50208 - R:localhost/127.0.0.1:11831]' for 'GET' to 'http://localhost:11831/session/074ae795fb97feb7e8cafa7dfc7ebd0b/url'
10:03:50.655 [Forwarding getCurrentUrl on session 074ae795fb97feb7e8cafa7dfc7ebd0b to remote] DEBUG org.asynchttpclient.netty.request.NettyRequestSender - Using open Channel [id: 0xe6da3b82, L:/127.0.0.1:50208 - R:localhost/127.0.0.1:11831] for GET '/session/074ae795fb97feb7e8cafa7dfc7ebd0b/url'
10:03:50.663 [AsyncHttpClient-1-6] DEBUG org.asynchttpclient.netty.handler.HttpHandler - 

Request DefaultFullHttpRequest(decodeResult: success, version: HTTP/1.1, content: EmptyByteBufBE)
GET /session/074ae795fb97feb7e8cafa7dfc7ebd0b/url HTTP/1.1
User-Agent: selenium/4.7.1 (java windows)
Cache-Control: no-cache
Content-Type: application/json; charset=utf-8
host: localhost:11831
accept: */*

Response DefaultHttpResponse(decodeResult: success, version: HTTP/1.1)
HTTP/1.1 200 OK
Content-Type: application/json; charset=utf-8
cache-control: no-cache
content-length: 51

10:03:50.663 [AsyncHttpClient-1-6] DEBUG org.asynchttpclient.netty.channel.ChannelManager - Adding key: http://localhost:11831 for channel [id: 0xe6da3b82, L:/127.0.0.1:50208 - R:localhost/127.0.0.1:11831]
10:03:50.665 [Forwarding screenshot on session 074ae795fb97feb7e8cafa7dfc7ebd0b to remote] DEBUG org.asynchttpclient.netty.request.NettyRequestSender - Using pooled Channel '[id: 0xe6da3b82, L:/127.0.0.1:50208 - R:localhost/127.0.0.1:11831]' for 'GET' to 'http://localhost:11831/session/074ae795fb97feb7e8cafa7dfc7ebd0b/screenshot'
10:03:50.665 [Forwarding screenshot on session 074ae795fb97feb7e8cafa7dfc7ebd0b to remote] DEBUG org.asynchttpclient.netty.request.NettyRequestSender - Using open Channel [id: 0xe6da3b82, L:/127.0.0.1:50208 - R:localhost/127.0.0.1:11831] for GET '/session/074ae795fb97feb7e8cafa7dfc7ebd0b/screenshot'
10:03:50.770 [AsyncHttpClient-1-6] DEBUG org.asynchttpclient.netty.handler.HttpHandler - 

Request DefaultFullHttpRequest(decodeResult: success, version: HTTP/1.1, content: EmptyByteBufBE)
GET /session/074ae795fb97feb7e8cafa7dfc7ebd0b/screenshot HTTP/1.1
User-Agent: selenium/4.7.1 (java windows)
Cache-Control: no-cache
Content-Type: application/json; charset=utf-8
host: localhost:11831
accept: */*

Response DefaultHttpResponse(decodeResult: success, version: HTTP/1.1)
HTTP/1.1 200 OK
Content-Type: application/json; charset=utf-8
cache-control: no-cache
content-length: 26172

10:03:50.770 [AsyncHttpClient-1-6] DEBUG org.asynchttpclient.netty.channel.ChannelManager - Adding key: http://localhost:11831 for channel [id: 0xe6da3b82, L:/127.0.0.1:50208 - R:localhost/127.0.0.1:11831]
10:03:50.773 [main] DEBUG net.serenitybdd.core.photography.Darkroom - Send negative for processing for target\site\serenity\f035198f28bcaf95684f4b1a3b9e5d031fc0873bb044f55c4913aef571773aa0.png
10:03:50.773 [main] DEBUG net.thucydides.core.steps.StepInterceptor - STEP DONE: klikButtonLogin
10:03:50.780 [main] DEBUG net.thucydides.core.steps.StepInterceptor - STARTING STEP: TransaksiSteps.userBeradaDiHomepageAltaShopDanLoginAkun - inputEmail
10:03:50.783 [Forwarding findElement on session 074ae795fb97feb7e8cafa7dfc7ebd0b to remote] DEBUG org.asynchttpclient.netty.request.NettyRequestSender - Using pooled Channel '[id: 0xe6da3b82, L:/127.0.0.1:50208 - R:localhost/127.0.0.1:11831]' for 'POST' to 'http://localhost:11831/session/074ae795fb97feb7e8cafa7dfc7ebd0b/element'
10:03:50.783 [Forwarding findElement on session 074ae795fb97feb7e8cafa7dfc7ebd0b to remote] DEBUG org.asynchttpclient.netty.request.NettyRequestSender - Using open Channel [id: 0xe6da3b82, L:/127.0.0.1:50208 - R:localhost/127.0.0.1:11831] for POST '/session/074ae795fb97feb7e8cafa7dfc7ebd0b/element'
10:03:50.805 [AsyncHttpClient-1-6] DEBUG org.asynchttpclient.netty.handler.HttpHandler - 

Request DefaultHttpRequest(decodeResult: success, version: HTTP/1.1)
POST /session/074ae795fb97feb7e8cafa7dfc7ebd0b/element HTTP/1.1
User-Agent: selenium/4.7.1 (java windows)
Content-Length: 187
Content-Type: application/json; charset=utf-8
host: localhost:11831
accept: */*

Response DefaultHttpResponse(decodeResult: success, version: HTTP/1.1)
HTTP/1.1 200 OK
Content-Type: application/json; charset=utf-8
cache-control: no-cache
content-length: 88

10:03:50.805 [AsyncHttpClient-1-6] DEBUG org.asynchttpclient.netty.channel.ChannelManager - Adding key: http://localhost:11831 for channel [id: 0xe6da3b82, L:/127.0.0.1:50208 - R:localhost/127.0.0.1:11831]
10:03:50.807 [Forwarding clearElement on session 074ae795fb97feb7e8cafa7dfc7ebd0b to remote] DEBUG org.asynchttpclient.netty.request.NettyRequestSender - Using pooled Channel '[id: 0xe6da3b82, L:/127.0.0.1:50208 - R:localhost/127.0.0.1:11831]' for 'POST' to 'http://localhost:11831/session/074ae795fb97feb7e8cafa7dfc7ebd0b/element/5487314a-2e08-4820-92f4-9cb4740a3b69/clear'
10:03:50.807 [Forwarding clearElement on session 074ae795fb97feb7e8cafa7dfc7ebd0b to remote] DEBUG org.asynchttpclient.netty.request.NettyRequestSender - Using open Channel [id: 0xe6da3b82, L:/127.0.0.1:50208 - R:localhost/127.0.0.1:11831] for POST '/session/074ae795fb97feb7e8cafa7dfc7ebd0b/element/5487314a-2e08-4820-92f4-9cb4740a3b69/clear'
10:03:50.860 [AsyncHttpClient-1-6] DEBUG org.asynchttpclient.netty.handler.HttpHandler - 

Request DefaultHttpRequest(decodeResult: success, version: HTTP/1.1)
POST /session/074ae795fb97feb7e8cafa7dfc7ebd0b/element/5487314a-2e08-4820-92f4-9cb4740a3b69/clear HTTP/1.1
User-Agent: selenium/4.7.1 (java windows)
Content-Length: 50
Content-Type: application/json; charset=utf-8
host: localhost:11831
accept: */*

Response DefaultHttpResponse(decodeResult: success, version: HTTP/1.1)
HTTP/1.1 200 OK
Content-Type: application/json; charset=utf-8
cache-control: no-cache
content-length: 14

10:03:50.860 [AsyncHttpClient-1-6] DEBUG org.asynchttpclient.netty.channel.ChannelManager - Adding key: http://localhost:11831 for channel [id: 0xe6da3b82, L:/127.0.0.1:50208 - R:localhost/127.0.0.1:11831]
10:03:50.862 [Forwarding sendKeysToElement on session 074ae795fb97feb7e8cafa7dfc7ebd0b to remote] DEBUG org.asynchttpclient.netty.request.NettyRequestSender - Using pooled Channel '[id: 0xe6da3b82, L:/127.0.0.1:50208 - R:localhost/127.0.0.1:11831]' for 'POST' to 'http://localhost:11831/session/074ae795fb97feb7e8cafa7dfc7ebd0b/element/5487314a-2e08-4820-92f4-9cb4740a3b69/value'
10:03:50.862 [Forwarding sendKeysToElement on session 074ae795fb97feb7e8cafa7dfc7ebd0b to remote] DEBUG org.asynchttpclient.netty.request.NettyRequestSender - Using open Channel [id: 0xe6da3b82, L:/127.0.0.1:50208 - R:localhost/127.0.0.1:11831] for POST '/session/074ae795fb97feb7e8cafa7dfc7ebd0b/element/5487314a-2e08-4820-92f4-9cb4740a3b69/value'
10:03:50.870 [AsyncHttpClient-1-1] DEBUG org.asynchttpclient.netty.channel.DefaultChannelPool - Entry count for : http://localhost:50209 : 1
10:03:51.025 [AsyncHttpClient-1-6] DEBUG org.asynchttpclient.netty.handler.HttpHandler - 

Request DefaultHttpRequest(decodeResult: success, version: HTTP/1.1)
POST /session/074ae795fb97feb7e8cafa7dfc7ebd0b/element/5487314a-2e08-4820-92f4-9cb4740a3b69/value HTTP/1.1
User-Agent: selenium/4.7.1 (java windows)
Content-Length: 211
Content-Type: application/json; charset=utf-8
host: localhost:11831
accept: */*

Response DefaultHttpResponse(decodeResult: success, version: HTTP/1.1)
HTTP/1.1 200 OK
Content-Type: application/json; charset=utf-8
cache-control: no-cache
content-length: 14

10:03:51.025 [AsyncHttpClient-1-6] DEBUG org.asynchttpclient.netty.channel.ChannelManager - Adding key: http://localhost:11831 for channel [id: 0xe6da3b82, L:/127.0.0.1:50208 - R:localhost/127.0.0.1:11831]
10:03:51.035 [Forwarding getCurrentWindowHandle on session 074ae795fb97feb7e8cafa7dfc7ebd0b to remote] DEBUG org.asynchttpclient.netty.request.NettyRequestSender - Using pooled Channel '[id: 0xe6da3b82, L:/127.0.0.1:50208 - R:localhost/127.0.0.1:11831]' for 'GET' to 'http://localhost:11831/session/074ae795fb97feb7e8cafa7dfc7ebd0b/window'
10:03:51.035 [Forwarding getCurrentWindowHandle on session 074ae795fb97feb7e8cafa7dfc7ebd0b to remote] DEBUG org.asynchttpclient.netty.request.NettyRequestSender - Using open Channel [id: 0xe6da3b82, L:/127.0.0.1:50208 - R:localhost/127.0.0.1:11831] for GET '/session/074ae795fb97feb7e8cafa7dfc7ebd0b/window'
10:03:51.036 [AsyncHttpClient-1-6] DEBUG org.asynchttpclient.netty.handler.HttpHandler - 

Request DefaultFullHttpRequest(decodeResult: success, version: HTTP/1.1, content: EmptyByteBufBE)
GET /session/074ae795fb97feb7e8cafa7dfc7ebd0b/window HTTP/1.1
User-Agent: selenium/4.7.1 (java windows)
Cache-Control: no-cache
Content-Type: application/json; charset=utf-8
host: localhost:11831
accept: */*

Response DefaultHttpResponse(decodeResult: success, version: HTTP/1.1)
HTTP/1.1 200 OK
Content-Type: application/json; charset=utf-8
cache-control: no-cache
content-length: 44

10:03:51.036 [AsyncHttpClient-1-6] DEBUG org.asynchttpclient.netty.channel.ChannelManager - Adding key: http://localhost:11831 for channel [id: 0xe6da3b82, L:/127.0.0.1:50208 - R:localhost/127.0.0.1:11831]
10:03:51.038 [Forwarding getAlertText on session 074ae795fb97feb7e8cafa7dfc7ebd0b to remote] DEBUG org.asynchttpclient.netty.request.NettyRequestSender - Using pooled Channel '[id: 0xe6da3b82, L:/127.0.0.1:50208 - R:localhost/127.0.0.1:11831]' for 'GET' to 'http://localhost:11831/session/074ae795fb97feb7e8cafa7dfc7ebd0b/alert/text'
10:03:51.038 [Forwarding getAlertText on session 074ae795fb97feb7e8cafa7dfc7ebd0b to remote] DEBUG org.asynchttpclient.netty.request.NettyRequestSender - Using open Channel [id: 0xe6da3b82, L:/127.0.0.1:50208 - R:localhost/127.0.0.1:11831] for GET '/session/074ae795fb97feb7e8cafa7dfc7ebd0b/alert/text'
10:03:51.041 [AsyncHttpClient-1-6] DEBUG org.asynchttpclient.netty.handler.HttpHandler - 

Request DefaultFullHttpRequest(decodeResult: success, version: HTTP/1.1, content: EmptyByteBufBE)
GET /session/074ae795fb97feb7e8cafa7dfc7ebd0b/alert/text HTTP/1.1
User-Agent: selenium/4.7.1 (java windows)
Cache-Control: no-cache
Content-Type: application/json; charset=utf-8
host: localhost:11831
accept: */*

Response DefaultHttpResponse(decodeResult: success, version: HTTP/1.1)
HTTP/1.1 404 Not Found
Content-Type: application/json; charset=utf-8
cache-control: no-cache
content-length: 821

10:03:51.041 [AsyncHttpClient-1-6] DEBUG org.asynchttpclient.netty.channel.ChannelManager - Adding key: http://localhost:11831 for channel [id: 0xe6da3b82, L:/127.0.0.1:50208 - R:localhost/127.0.0.1:11831]
10:03:51.044 [Forwarding switchToWindow on session 074ae795fb97feb7e8cafa7dfc7ebd0b to remote] DEBUG org.asynchttpclient.netty.request.NettyRequestSender - Using pooled Channel '[id: 0xe6da3b82, L:/127.0.0.1:50208 - R:localhost/127.0.0.1:11831]' for 'POST' to 'http://localhost:11831/session/074ae795fb97feb7e8cafa7dfc7ebd0b/window'
10:03:51.044 [Forwarding switchToWindow on session 074ae795fb97feb7e8cafa7dfc7ebd0b to remote] DEBUG org.asynchttpclient.netty.request.NettyRequestSender - Using open Channel [id: 0xe6da3b82, L:/127.0.0.1:50208 - R:localhost/127.0.0.1:11831] for POST '/session/074ae795fb97feb7e8cafa7dfc7ebd0b/window'
10:03:51.049 [AsyncHttpClient-1-6] DEBUG org.asynchttpclient.netty.handler.HttpHandler - 

Request DefaultHttpRequest(decodeResult: success, version: HTTP/1.1)
POST /session/074ae795fb97feb7e8cafa7dfc7ebd0b/window HTTP/1.1
User-Agent: selenium/4.7.1 (java windows)
Content-Length: 50
Content-Type: application/json; charset=utf-8
host: localhost:11831
accept: */*

Response DefaultHttpResponse(decodeResult: success, version: HTTP/1.1)
HTTP/1.1 200 OK
Content-Type: application/json; charset=utf-8
cache-control: no-cache
content-length: 14

10:03:51.049 [AsyncHttpClient-1-6] DEBUG org.asynchttpclient.netty.channel.ChannelManager - Adding key: http://localhost:11831 for channel [id: 0xe6da3b82, L:/127.0.0.1:50208 - R:localhost/127.0.0.1:11831]
10:03:51.050 [Forwarding getCurrentUrl on session 074ae795fb97feb7e8cafa7dfc7ebd0b to remote] DEBUG org.asynchttpclient.netty.request.NettyRequestSender - Using pooled Channel '[id: 0xe6da3b82, L:/127.0.0.1:50208 - R:localhost/127.0.0.1:11831]' for 'GET' to 'http://localhost:11831/session/074ae795fb97feb7e8cafa7dfc7ebd0b/url'
10:03:51.050 [Forwarding getCurrentUrl on session 074ae795fb97feb7e8cafa7dfc7ebd0b to remote] DEBUG org.asynchttpclient.netty.request.NettyRequestSender - Using open Channel [id: 0xe6da3b82, L:/127.0.0.1:50208 - R:localhost/127.0.0.1:11831] for GET '/session/074ae795fb97feb7e8cafa7dfc7ebd0b/url'
10:03:51.056 [AsyncHttpClient-1-6] DEBUG org.asynchttpclient.netty.handler.HttpHandler - 

Request DefaultFullHttpRequest(decodeResult: success, version: HTTP/1.1, content: EmptyByteBufBE)
GET /session/074ae795fb97feb7e8cafa7dfc7ebd0b/url HTTP/1.1
User-Agent: selenium/4.7.1 (java windows)
Cache-Control: no-cache
Content-Type: application/json; charset=utf-8
host: localhost:11831
accept: */*

Response DefaultHttpResponse(decodeResult: success, version: HTTP/1.1)
HTTP/1.1 200 OK
Content-Type: application/json; charset=utf-8
cache-control: no-cache
content-length: 51

10:03:51.056 [AsyncHttpClient-1-6] DEBUG org.asynchttpclient.netty.channel.ChannelManager - Adding key: http://localhost:11831 for channel [id: 0xe6da3b82, L:/127.0.0.1:50208 - R:localhost/127.0.0.1:11831]
10:03:51.057 [Forwarding screenshot on session 074ae795fb97feb7e8cafa7dfc7ebd0b to remote] DEBUG org.asynchttpclient.netty.request.NettyRequestSender - Using pooled Channel '[id: 0xe6da3b82, L:/127.0.0.1:50208 - R:localhost/127.0.0.1:11831]' for 'GET' to 'http://localhost:11831/session/074ae795fb97feb7e8cafa7dfc7ebd0b/screenshot'
10:03:51.057 [Forwarding screenshot on session 074ae795fb97feb7e8cafa7dfc7ebd0b to remote] DEBUG org.asynchttpclient.netty.request.NettyRequestSender - Using open Channel [id: 0xe6da3b82, L:/127.0.0.1:50208 - R:localhost/127.0.0.1:11831] for GET '/session/074ae795fb97feb7e8cafa7dfc7ebd0b/screenshot'
10:03:51.185 [AsyncHttpClient-1-6] DEBUG org.asynchttpclient.netty.handler.HttpHandler - 

Request DefaultFullHttpRequest(decodeResult: success, version: HTTP/1.1, content: EmptyByteBufBE)
GET /session/074ae795fb97feb7e8cafa7dfc7ebd0b/screenshot HTTP/1.1
User-Agent: selenium/4.7.1 (java windows)
Cache-Control: no-cache
Content-Type: application/json; charset=utf-8
host: localhost:11831
accept: */*

Response DefaultHttpResponse(decodeResult: success, version: HTTP/1.1)
HTTP/1.1 200 OK
Content-Type: application/json; charset=utf-8
cache-control: no-cache
content-length: 29848

10:03:51.186 [AsyncHttpClient-1-6] DEBUG org.asynchttpclient.netty.channel.ChannelManager - Adding key: http://localhost:11831 for channel [id: 0xe6da3b82, L:/127.0.0.1:50208 - R:localhost/127.0.0.1:11831]
10:03:51.187 [main] DEBUG net.serenitybdd.core.photography.Darkroom - Send negative for processing for target\site\serenity\5941248e67728f8857128b1e2bcc83ac747c57763954972421a0d760fd6f65e5.png
10:03:51.188 [main] DEBUG net.thucydides.core.steps.StepInterceptor - STEP DONE: inputEmail
10:03:51.188 [Darkroom Processing Line] DEBUG net.serenitybdd.core.photography.DarkroomProcessingLine - Processing screenshot image in /var/screenshots/screenshot-6266765325665086963
10:03:51.188 [Darkroom Processing Line] DEBUG net.serenitybdd.core.photography.DarkroomProcessingLine - Saving screenshot to target\site\serenity\5941248e67728f8857128b1e2bcc83ac747c57763954972421a0d760fd6f65e5.png
10:03:51.193 [main] DEBUG net.thucydides.core.steps.StepInterceptor - STARTING STEP: TransaksiSteps.userBeradaDiHomepageAltaShopDanLoginAkun - inputPassword
10:03:51.197 [Forwarding findElement on session 074ae795fb97feb7e8cafa7dfc7ebd0b to remote] DEBUG org.asynchttpclient.netty.request.NettyRequestSender - Using pooled Channel '[id: 0xe6da3b82, L:/127.0.0.1:50208 - R:localhost/127.0.0.1:11831]' for 'POST' to 'http://localhost:11831/session/074ae795fb97feb7e8cafa7dfc7ebd0b/element'
10:03:51.197 [Forwarding findElement on session 074ae795fb97feb7e8cafa7dfc7ebd0b to remote] DEBUG org.asynchttpclient.netty.request.NettyRequestSender - Using open Channel [id: 0xe6da3b82, L:/127.0.0.1:50208 - R:localhost/127.0.0.1:11831] for POST '/session/074ae795fb97feb7e8cafa7dfc7ebd0b/element'
10:03:51.219 [AsyncHttpClient-1-6] DEBUG org.asynchttpclient.netty.handler.HttpHandler - 

Request DefaultHttpRequest(decodeResult: success, version: HTTP/1.1)
POST /session/074ae795fb97feb7e8cafa7dfc7ebd0b/element HTTP/1.1
User-Agent: selenium/4.7.1 (java windows)
Content-Length: 187
Content-Type: application/json; charset=utf-8
host: localhost:11831
accept: */*

Response DefaultHttpResponse(decodeResult: success, version: HTTP/1.1)
HTTP/1.1 200 OK
Content-Type: application/json; charset=utf-8
cache-control: no-cache
content-length: 88

10:03:51.219 [AsyncHttpClient-1-6] DEBUG org.asynchttpclient.netty.channel.ChannelManager - Adding key: http://localhost:11831 for channel [id: 0xe6da3b82, L:/127.0.0.1:50208 - R:localhost/127.0.0.1:11831]
10:03:51.221 [Forwarding clearElement on session 074ae795fb97feb7e8cafa7dfc7ebd0b to remote] DEBUG org.asynchttpclient.netty.request.NettyRequestSender - Using pooled Channel '[id: 0xe6da3b82, L:/127.0.0.1:50208 - R:localhost/127.0.0.1:11831]' for 'POST' to 'http://localhost:11831/session/074ae795fb97feb7e8cafa7dfc7ebd0b/element/b4c34764-5689-473e-a80f-57551f0e8df6/clear'
10:03:51.221 [Forwarding clearElement on session 074ae795fb97feb7e8cafa7dfc7ebd0b to remote] DEBUG org.asynchttpclient.netty.request.NettyRequestSender - Using open Channel [id: 0xe6da3b82, L:/127.0.0.1:50208 - R:localhost/127.0.0.1:11831] for POST '/session/074ae795fb97feb7e8cafa7dfc7ebd0b/element/b4c34764-5689-473e-a80f-57551f0e8df6/clear'
10:03:51.276 [AsyncHttpClient-1-6] DEBUG org.asynchttpclient.netty.handler.HttpHandler - 

Request DefaultHttpRequest(decodeResult: success, version: HTTP/1.1)
POST /session/074ae795fb97feb7e8cafa7dfc7ebd0b/element/b4c34764-5689-473e-a80f-57551f0e8df6/clear HTTP/1.1
User-Agent: selenium/4.7.1 (java windows)
Content-Length: 50
Content-Type: application/json; charset=utf-8
host: localhost:11831
accept: */*

Response DefaultHttpResponse(decodeResult: success, version: HTTP/1.1)
HTTP/1.1 200 OK
Content-Type: application/json; charset=utf-8
cache-control: no-cache
content-length: 14

10:03:51.276 [AsyncHttpClient-1-6] DEBUG org.asynchttpclient.netty.channel.ChannelManager - Adding key: http://localhost:11831 for channel [id: 0xe6da3b82, L:/127.0.0.1:50208 - R:localhost/127.0.0.1:11831]
10:03:51.279 [Forwarding sendKeysToElement on session 074ae795fb97feb7e8cafa7dfc7ebd0b to remote] DEBUG org.asynchttpclient.netty.request.NettyRequestSender - Using pooled Channel '[id: 0xe6da3b82, L:/127.0.0.1:50208 - R:localhost/127.0.0.1:11831]' for 'POST' to 'http://localhost:11831/session/074ae795fb97feb7e8cafa7dfc7ebd0b/element/b4c34764-5689-473e-a80f-57551f0e8df6/value'
10:03:51.279 [Forwarding sendKeysToElement on session 074ae795fb97feb7e8cafa7dfc7ebd0b to remote] DEBUG org.asynchttpclient.netty.request.NettyRequestSender - Using open Channel [id: 0xe6da3b82, L:/127.0.0.1:50208 - R:localhost/127.0.0.1:11831] for POST '/session/074ae795fb97feb7e8cafa7dfc7ebd0b/element/b4c34764-5689-473e-a80f-57551f0e8df6/value'
10:03:51.374 [AsyncHttpClient-1-6] DEBUG org.asynchttpclient.netty.handler.HttpHandler - 

Request DefaultHttpRequest(decodeResult: success, version: HTTP/1.1)
POST /session/074ae795fb97feb7e8cafa7dfc7ebd0b/element/b4c34764-5689-473e-a80f-57551f0e8df6/value HTTP/1.1
User-Agent: selenium/4.7.1 (java windows)
Content-Length: 111
Content-Type: application/json; charset=utf-8
host: localhost:11831
accept: */*

Response DefaultHttpResponse(decodeResult: success, version: HTTP/1.1)
HTTP/1.1 200 OK
Content-Type: application/json; charset=utf-8
cache-control: no-cache
content-length: 14

10:03:51.375 [AsyncHttpClient-1-6] DEBUG org.asynchttpclient.netty.channel.ChannelManager - Adding key: http://localhost:11831 for channel [id: 0xe6da3b82, L:/127.0.0.1:50208 - R:localhost/127.0.0.1:11831]
10:03:51.385 [Forwarding getCurrentWindowHandle on session 074ae795fb97feb7e8cafa7dfc7ebd0b to remote] DEBUG org.asynchttpclient.netty.request.NettyRequestSender - Using pooled Channel '[id: 0xe6da3b82, L:/127.0.0.1:50208 - R:localhost/127.0.0.1:11831]' for 'GET' to 'http://localhost:11831/session/074ae795fb97feb7e8cafa7dfc7ebd0b/window'
10:03:51.385 [Forwarding getCurrentWindowHandle on session 074ae795fb97feb7e8cafa7dfc7ebd0b to remote] DEBUG org.asynchttpclient.netty.request.NettyRequestSender - Using open Channel [id: 0xe6da3b82, L:/127.0.0.1:50208 - R:localhost/127.0.0.1:11831] for GET '/session/074ae795fb97feb7e8cafa7dfc7ebd0b/window'
10:03:51.386 [AsyncHttpClient-1-6] DEBUG org.asynchttpclient.netty.handler.HttpHandler - 

Request DefaultFullHttpRequest(decodeResult: success, version: HTTP/1.1, content: EmptyByteBufBE)
GET /session/074ae795fb97feb7e8cafa7dfc7ebd0b/window HTTP/1.1
User-Agent: selenium/4.7.1 (java windows)
Cache-Control: no-cache
Content-Type: application/json; charset=utf-8
host: localhost:11831
accept: */*

Response DefaultHttpResponse(decodeResult: success, version: HTTP/1.1)
HTTP/1.1 200 OK
Content-Type: application/json; charset=utf-8
cache-control: no-cache
content-length: 44

10:03:51.387 [AsyncHttpClient-1-6] DEBUG org.asynchttpclient.netty.channel.ChannelManager - Adding key: http://localhost:11831 for channel [id: 0xe6da3b82, L:/127.0.0.1:50208 - R:localhost/127.0.0.1:11831]
10:03:51.388 [Forwarding getAlertText on session 074ae795fb97feb7e8cafa7dfc7ebd0b to remote] DEBUG org.asynchttpclient.netty.request.NettyRequestSender - Using pooled Channel '[id: 0xe6da3b82, L:/127.0.0.1:50208 - R:localhost/127.0.0.1:11831]' for 'GET' to 'http://localhost:11831/session/074ae795fb97feb7e8cafa7dfc7ebd0b/alert/text'
10:03:51.388 [Forwarding getAlertText on session 074ae795fb97feb7e8cafa7dfc7ebd0b to remote] DEBUG org.asynchttpclient.netty.request.NettyRequestSender - Using open Channel [id: 0xe6da3b82, L:/127.0.0.1:50208 - R:localhost/127.0.0.1:11831] for GET '/session/074ae795fb97feb7e8cafa7dfc7ebd0b/alert/text'
10:03:51.392 [AsyncHttpClient-1-6] DEBUG org.asynchttpclient.netty.handler.HttpHandler - 

Request DefaultFullHttpRequest(decodeResult: success, version: HTTP/1.1, content: EmptyByteBufBE)
GET /session/074ae795fb97feb7e8cafa7dfc7ebd0b/alert/text HTTP/1.1
User-Agent: selenium/4.7.1 (java windows)
Cache-Control: no-cache
Content-Type: application/json; charset=utf-8
host: localhost:11831
accept: */*

Response DefaultHttpResponse(decodeResult: success, version: HTTP/1.1)
HTTP/1.1 404 Not Found
Content-Type: application/json; charset=utf-8
cache-control: no-cache
content-length: 821

10:03:51.392 [AsyncHttpClient-1-6] DEBUG org.asynchttpclient.netty.channel.ChannelManager - Adding key: http://localhost:11831 for channel [id: 0xe6da3b82, L:/127.0.0.1:50208 - R:localhost/127.0.0.1:11831]
10:03:51.395 [Forwarding switchToWindow on session 074ae795fb97feb7e8cafa7dfc7ebd0b to remote] DEBUG org.asynchttpclient.netty.request.NettyRequestSender - Using pooled Channel '[id: 0xe6da3b82, L:/127.0.0.1:50208 - R:localhost/127.0.0.1:11831]' for 'POST' to 'http://localhost:11831/session/074ae795fb97feb7e8cafa7dfc7ebd0b/window'
10:03:51.395 [Forwarding switchToWindow on session 074ae795fb97feb7e8cafa7dfc7ebd0b to remote] DEBUG org.asynchttpclient.netty.request.NettyRequestSender - Using open Channel [id: 0xe6da3b82, L:/127.0.0.1:50208 - R:localhost/127.0.0.1:11831] for POST '/session/074ae795fb97feb7e8cafa7dfc7ebd0b/window'
10:03:51.399 [AsyncHttpClient-1-6] DEBUG org.asynchttpclient.netty.handler.HttpHandler - 

Request DefaultHttpRequest(decodeResult: success, version: HTTP/1.1)
POST /session/074ae795fb97feb7e8cafa7dfc7ebd0b/window HTTP/1.1
User-Agent: selenium/4.7.1 (java windows)
Content-Length: 50
Content-Type: application/json; charset=utf-8
host: localhost:11831
accept: */*

Response DefaultHttpResponse(decodeResult: success, version: HTTP/1.1)
HTTP/1.1 200 OK
Content-Type: application/json; charset=utf-8
cache-control: no-cache
content-length: 14

10:03:51.399 [AsyncHttpClient-1-6] DEBUG org.asynchttpclient.netty.channel.ChannelManager - Adding key: http://localhost:11831 for channel [id: 0xe6da3b82, L:/127.0.0.1:50208 - R:localhost/127.0.0.1:11831]
10:03:51.400 [Forwarding getCurrentUrl on session 074ae795fb97feb7e8cafa7dfc7ebd0b to remote] DEBUG org.asynchttpclient.netty.request.NettyRequestSender - Using pooled Channel '[id: 0xe6da3b82, L:/127.0.0.1:50208 - R:localhost/127.0.0.1:11831]' for 'GET' to 'http://localhost:11831/session/074ae795fb97feb7e8cafa7dfc7ebd0b/url'
10:03:51.400 [Forwarding getCurrentUrl on session 074ae795fb97feb7e8cafa7dfc7ebd0b to remote] DEBUG org.asynchttpclient.netty.request.NettyRequestSender - Using open Channel [id: 0xe6da3b82, L:/127.0.0.1:50208 - R:localhost/127.0.0.1:11831] for GET '/session/074ae795fb97feb7e8cafa7dfc7ebd0b/url'
10:03:51.407 [AsyncHttpClient-1-6] DEBUG org.asynchttpclient.netty.handler.HttpHandler - 

Request DefaultFullHttpRequest(decodeResult: success, version: HTTP/1.1, content: EmptyByteBufBE)
GET /session/074ae795fb97feb7e8cafa7dfc7ebd0b/url HTTP/1.1
User-Agent: selenium/4.7.1 (java windows)
Cache-Control: no-cache
Content-Type: application/json; charset=utf-8
host: localhost:11831
accept: */*

Response DefaultHttpResponse(decodeResult: success, version: HTTP/1.1)
HTTP/1.1 200 OK
Content-Type: application/json; charset=utf-8
cache-control: no-cache
content-length: 51

10:03:51.407 [AsyncHttpClient-1-6] DEBUG org.asynchttpclient.netty.channel.ChannelManager - Adding key: http://localhost:11831 for channel [id: 0xe6da3b82, L:/127.0.0.1:50208 - R:localhost/127.0.0.1:11831]
10:03:51.408 [Forwarding screenshot on session 074ae795fb97feb7e8cafa7dfc7ebd0b to remote] DEBUG org.asynchttpclient.netty.request.NettyRequestSender - Using pooled Channel '[id: 0xe6da3b82, L:/127.0.0.1:50208 - R:localhost/127.0.0.1:11831]' for 'GET' to 'http://localhost:11831/session/074ae795fb97feb7e8cafa7dfc7ebd0b/screenshot'
10:03:51.408 [Forwarding screenshot on session 074ae795fb97feb7e8cafa7dfc7ebd0b to remote] DEBUG org.asynchttpclient.netty.request.NettyRequestSender - Using open Channel [id: 0xe6da3b82, L:/127.0.0.1:50208 - R:localhost/127.0.0.1:11831] for GET '/session/074ae795fb97feb7e8cafa7dfc7ebd0b/screenshot'
10:03:51.555 [AsyncHttpClient-1-6] DEBUG org.asynchttpclient.netty.handler.HttpHandler - 

Request DefaultFullHttpRequest(decodeResult: success, version: HTTP/1.1, content: EmptyByteBufBE)
GET /session/074ae795fb97feb7e8cafa7dfc7ebd0b/screenshot HTTP/1.1
User-Agent: selenium/4.7.1 (java windows)
Cache-Control: no-cache
Content-Type: application/json; charset=utf-8
host: localhost:11831
accept: */*

Response DefaultHttpResponse(decodeResult: success, version: HTTP/1.1)
HTTP/1.1 200 OK
Content-Type: application/json; charset=utf-8
cache-control: no-cache
content-length: 29884

10:03:51.556 [AsyncHttpClient-1-6] DEBUG org.asynchttpclient.netty.channel.ChannelManager - Adding key: http://localhost:11831 for channel [id: 0xe6da3b82, L:/127.0.0.1:50208 - R:localhost/127.0.0.1:11831]
10:03:51.557 [main] DEBUG net.serenitybdd.core.photography.Darkroom - Send negative for processing for target\site\serenity\1f6e986440ef1618ac27a87eb26f2fe20aae7bfa075e6f5436b174dac42a5d1e.png
10:03:51.558 [main] DEBUG net.thucydides.core.steps.StepInterceptor - STEP DONE: inputPassword
10:03:51.558 [Darkroom Processing Line] DEBUG net.serenitybdd.core.photography.DarkroomProcessingLine - Processing screenshot image in /var/screenshots/screenshot-16577550329732703204
10:03:51.558 [Darkroom Processing Line] DEBUG net.serenitybdd.core.photography.DarkroomProcessingLine - Saving screenshot to target\site\serenity\1f6e986440ef1618ac27a87eb26f2fe20aae7bfa075e6f5436b174dac42a5d1e.png
10:03:51.565 [main] DEBUG net.thucydides.core.steps.StepInterceptor - STARTING STEP: TransaksiSteps.userBeradaDiHomepageAltaShopDanLoginAkun - klikButtonLoginKedua
10:03:51.570 [Forwarding findElement on session 074ae795fb97feb7e8cafa7dfc7ebd0b to remote] DEBUG org.asynchttpclient.netty.request.NettyRequestSender - Using pooled Channel '[id: 0xe6da3b82, L:/127.0.0.1:50208 - R:localhost/127.0.0.1:11831]' for 'POST' to 'http://localhost:11831/session/074ae795fb97feb7e8cafa7dfc7ebd0b/element'
10:03:51.570 [Forwarding findElement on session 074ae795fb97feb7e8cafa7dfc7ebd0b to remote] DEBUG org.asynchttpclient.netty.request.NettyRequestSender - Using open Channel [id: 0xe6da3b82, L:/127.0.0.1:50208 - R:localhost/127.0.0.1:11831] for POST '/session/074ae795fb97feb7e8cafa7dfc7ebd0b/element'
10:03:51.590 [AsyncHttpClient-1-6] DEBUG org.asynchttpclient.netty.handler.HttpHandler - 

Request DefaultHttpRequest(decodeResult: success, version: HTTP/1.1)
POST /session/074ae795fb97feb7e8cafa7dfc7ebd0b/element HTTP/1.1
User-Agent: selenium/4.7.1 (java windows)
Content-Length: 141
Content-Type: application/json; charset=utf-8
host: localhost:11831
accept: */*

Response DefaultHttpResponse(decodeResult: success, version: HTTP/1.1)
HTTP/1.1 200 OK
Content-Type: application/json; charset=utf-8
cache-control: no-cache
content-length: 88

10:03:51.590 [AsyncHttpClient-1-6] DEBUG org.asynchttpclient.netty.channel.ChannelManager - Adding key: http://localhost:11831 for channel [id: 0xe6da3b82, L:/127.0.0.1:50208 - R:localhost/127.0.0.1:11831]
10:03:51.592 [Forwarding getElementTagName on session 074ae795fb97feb7e8cafa7dfc7ebd0b to remote] DEBUG org.asynchttpclient.netty.request.NettyRequestSender - Using pooled Channel '[id: 0xe6da3b82, L:/127.0.0.1:50208 - R:localhost/127.0.0.1:11831]' for 'GET' to 'http://localhost:11831/session/074ae795fb97feb7e8cafa7dfc7ebd0b/element/4fe57e88-046e-4c03-ae6d-43d3654586e3/name'
10:03:51.592 [Forwarding getElementTagName on session 074ae795fb97feb7e8cafa7dfc7ebd0b to remote] DEBUG org.asynchttpclient.netty.request.NettyRequestSender - Using open Channel [id: 0xe6da3b82, L:/127.0.0.1:50208 - R:localhost/127.0.0.1:11831] for GET '/session/074ae795fb97feb7e8cafa7dfc7ebd0b/element/4fe57e88-046e-4c03-ae6d-43d3654586e3/name'
10:03:51.605 [AsyncHttpClient-1-6] DEBUG org.asynchttpclient.netty.handler.HttpHandler - 

Request DefaultFullHttpRequest(decodeResult: success, version: HTTP/1.1, content: EmptyByteBufBE)
GET /session/074ae795fb97feb7e8cafa7dfc7ebd0b/element/4fe57e88-046e-4c03-ae6d-43d3654586e3/name HTTP/1.1
User-Agent: selenium/4.7.1 (java windows)
Cache-Control: no-cache
Content-Type: application/json; charset=utf-8
host: localhost:11831
accept: */*

Response DefaultHttpResponse(decodeResult: success, version: HTTP/1.1)
HTTP/1.1 200 OK
Content-Type: application/json; charset=utf-8
cache-control: no-cache
content-length: 18

10:03:51.605 [AsyncHttpClient-1-6] DEBUG org.asynchttpclient.netty.channel.ChannelManager - Adding key: http://localhost:11831 for channel [id: 0xe6da3b82, L:/127.0.0.1:50208 - R:localhost/127.0.0.1:11831]
10:03:51.607 [Forwarding getElementTagName on session 074ae795fb97feb7e8cafa7dfc7ebd0b to remote] DEBUG org.asynchttpclient.netty.request.NettyRequestSender - Using pooled Channel '[id: 0xe6da3b82, L:/127.0.0.1:50208 - R:localhost/127.0.0.1:11831]' for 'GET' to 'http://localhost:11831/session/074ae795fb97feb7e8cafa7dfc7ebd0b/element/4fe57e88-046e-4c03-ae6d-43d3654586e3/name'
10:03:51.607 [Forwarding getElementTagName on session 074ae795fb97feb7e8cafa7dfc7ebd0b to remote] DEBUG org.asynchttpclient.netty.request.NettyRequestSender - Using open Channel [id: 0xe6da3b82, L:/127.0.0.1:50208 - R:localhost/127.0.0.1:11831] for GET '/session/074ae795fb97feb7e8cafa7dfc7ebd0b/element/4fe57e88-046e-4c03-ae6d-43d3654586e3/name'
10:03:51.617 [AsyncHttpClient-1-6] DEBUG org.asynchttpclient.netty.handler.HttpHandler - 

Request DefaultFullHttpRequest(decodeResult: success, version: HTTP/1.1, content: EmptyByteBufBE)
GET /session/074ae795fb97feb7e8cafa7dfc7ebd0b/element/4fe57e88-046e-4c03-ae6d-43d3654586e3/name HTTP/1.1
User-Agent: selenium/4.7.1 (java windows)
Cache-Control: no-cache
Content-Type: application/json; charset=utf-8
host: localhost:11831
accept: */*

Response DefaultHttpResponse(decodeResult: success, version: HTTP/1.1)
HTTP/1.1 200 OK
Content-Type: application/json; charset=utf-8
cache-control: no-cache
content-length: 18

10:03:51.617 [AsyncHttpClient-1-6] DEBUG org.asynchttpclient.netty.channel.ChannelManager - Adding key: http://localhost:11831 for channel [id: 0xe6da3b82, L:/127.0.0.1:50208 - R:localhost/127.0.0.1:11831]
10:03:51.620 [Forwarding isElementEnabled on session 074ae795fb97feb7e8cafa7dfc7ebd0b to remote] DEBUG org.asynchttpclient.netty.request.NettyRequestSender - Using pooled Channel '[id: 0xe6da3b82, L:/127.0.0.1:50208 - R:localhost/127.0.0.1:11831]' for 'GET' to 'http://localhost:11831/session/074ae795fb97feb7e8cafa7dfc7ebd0b/element/4fe57e88-046e-4c03-ae6d-43d3654586e3/enabled'
10:03:51.620 [Forwarding isElementEnabled on session 074ae795fb97feb7e8cafa7dfc7ebd0b to remote] DEBUG org.asynchttpclient.netty.request.NettyRequestSender - Using open Channel [id: 0xe6da3b82, L:/127.0.0.1:50208 - R:localhost/127.0.0.1:11831] for GET '/session/074ae795fb97feb7e8cafa7dfc7ebd0b/element/4fe57e88-046e-4c03-ae6d-43d3654586e3/enabled'
10:03:51.637 [AsyncHttpClient-1-6] DEBUG org.asynchttpclient.netty.handler.HttpHandler - 

Request DefaultFullHttpRequest(decodeResult: success, version: HTTP/1.1, content: EmptyByteBufBE)
GET /session/074ae795fb97feb7e8cafa7dfc7ebd0b/element/4fe57e88-046e-4c03-ae6d-43d3654586e3/enabled HTTP/1.1
User-Agent: selenium/4.7.1 (java windows)
Cache-Control: no-cache
Content-Type: application/json; charset=utf-8
host: localhost:11831
accept: */*

Response DefaultHttpResponse(decodeResult: success, version: HTTP/1.1)
HTTP/1.1 200 OK
Content-Type: application/json; charset=utf-8
cache-control: no-cache
content-length: 14

10:03:51.638 [AsyncHttpClient-1-6] DEBUG org.asynchttpclient.netty.channel.ChannelManager - Adding key: http://localhost:11831 for channel [id: 0xe6da3b82, L:/127.0.0.1:50208 - R:localhost/127.0.0.1:11831]
10:03:51.640 [Forwarding isElementEnabled on session 074ae795fb97feb7e8cafa7dfc7ebd0b to remote] DEBUG org.asynchttpclient.netty.request.NettyRequestSender - Using pooled Channel '[id: 0xe6da3b82, L:/127.0.0.1:50208 - R:localhost/127.0.0.1:11831]' for 'GET' to 'http://localhost:11831/session/074ae795fb97feb7e8cafa7dfc7ebd0b/element/4fe57e88-046e-4c03-ae6d-43d3654586e3/enabled'
10:03:51.640 [Forwarding isElementEnabled on session 074ae795fb97feb7e8cafa7dfc7ebd0b to remote] DEBUG org.asynchttpclient.netty.request.NettyRequestSender - Using open Channel [id: 0xe6da3b82, L:/127.0.0.1:50208 - R:localhost/127.0.0.1:11831] for GET '/session/074ae795fb97feb7e8cafa7dfc7ebd0b/element/4fe57e88-046e-4c03-ae6d-43d3654586e3/enabled'
10:03:51.663 [AsyncHttpClient-1-6] DEBUG org.asynchttpclient.netty.handler.HttpHandler - 

Request DefaultFullHttpRequest(decodeResult: success, version: HTTP/1.1, content: EmptyByteBufBE)
GET /session/074ae795fb97feb7e8cafa7dfc7ebd0b/element/4fe57e88-046e-4c03-ae6d-43d3654586e3/enabled HTTP/1.1
User-Agent: selenium/4.7.1 (java windows)
Cache-Control: no-cache
Content-Type: application/json; charset=utf-8
host: localhost:11831
accept: */*

Response DefaultHttpResponse(decodeResult: success, version: HTTP/1.1)
HTTP/1.1 200 OK
Content-Type: application/json; charset=utf-8
cache-control: no-cache
content-length: 14

10:03:51.664 [AsyncHttpClient-1-6] DEBUG org.asynchttpclient.netty.channel.ChannelManager - Adding key: http://localhost:11831 for channel [id: 0xe6da3b82, L:/127.0.0.1:50208 - R:localhost/127.0.0.1:11831]
10:03:51.668 [Forwarding findElement on session 074ae795fb97feb7e8cafa7dfc7ebd0b to remote] DEBUG org.asynchttpclient.netty.request.NettyRequestSender - Using pooled Channel '[id: 0xe6da3b82, L:/127.0.0.1:50208 - R:localhost/127.0.0.1:11831]' for 'POST' to 'http://localhost:11831/session/074ae795fb97feb7e8cafa7dfc7ebd0b/element'
10:03:51.668 [Forwarding findElement on session 074ae795fb97feb7e8cafa7dfc7ebd0b to remote] DEBUG org.asynchttpclient.netty.request.NettyRequestSender - Using open Channel [id: 0xe6da3b82, L:/127.0.0.1:50208 - R:localhost/127.0.0.1:11831] for POST '/session/074ae795fb97feb7e8cafa7dfc7ebd0b/element'
10:03:51.690 [AsyncHttpClient-1-6] DEBUG org.asynchttpclient.netty.handler.HttpHandler - 

Request DefaultHttpRequest(decodeResult: success, version: HTTP/1.1)
POST /session/074ae795fb97feb7e8cafa7dfc7ebd0b/element HTTP/1.1
User-Agent: selenium/4.7.1 (java windows)
Content-Length: 141
Content-Type: application/json; charset=utf-8
host: localhost:11831
accept: */*

Response DefaultHttpResponse(decodeResult: success, version: HTTP/1.1)
HTTP/1.1 200 OK
Content-Type: application/json; charset=utf-8
cache-control: no-cache
content-length: 88

10:03:51.690 [AsyncHttpClient-1-6] DEBUG org.asynchttpclient.netty.channel.ChannelManager - Adding key: http://localhost:11831 for channel [id: 0xe6da3b82, L:/127.0.0.1:50208 - R:localhost/127.0.0.1:11831]
10:03:51.692 [Forwarding clickElement on session 074ae795fb97feb7e8cafa7dfc7ebd0b to remote] DEBUG org.asynchttpclient.netty.request.NettyRequestSender - Using pooled Channel '[id: 0xe6da3b82, L:/127.0.0.1:50208 - R:localhost/127.0.0.1:11831]' for 'POST' to 'http://localhost:11831/session/074ae795fb97feb7e8cafa7dfc7ebd0b/element/4fe57e88-046e-4c03-ae6d-43d3654586e3/click'
10:03:51.692 [Forwarding clickElement on session 074ae795fb97feb7e8cafa7dfc7ebd0b to remote] DEBUG org.asynchttpclient.netty.request.NettyRequestSender - Using open Channel [id: 0xe6da3b82, L:/127.0.0.1:50208 - R:localhost/127.0.0.1:11831] for POST '/session/074ae795fb97feb7e8cafa7dfc7ebd0b/element/4fe57e88-046e-4c03-ae6d-43d3654586e3/click'
10:03:51.788 [AsyncHttpClient-1-6] DEBUG org.asynchttpclient.netty.handler.HttpHandler - 

Request DefaultHttpRequest(decodeResult: success, version: HTTP/1.1)
POST /session/074ae795fb97feb7e8cafa7dfc7ebd0b/element/4fe57e88-046e-4c03-ae6d-43d3654586e3/click HTTP/1.1
User-Agent: selenium/4.7.1 (java windows)
Content-Length: 50
Content-Type: application/json; charset=utf-8
host: localhost:11831
accept: */*

Response DefaultHttpResponse(decodeResult: success, version: HTTP/1.1)
HTTP/1.1 200 OK
Content-Type: application/json; charset=utf-8
cache-control: no-cache
content-length: 14

10:03:51.788 [AsyncHttpClient-1-6] DEBUG org.asynchttpclient.netty.channel.ChannelManager - Adding key: http://localhost:11831 for channel [id: 0xe6da3b82, L:/127.0.0.1:50208 - R:localhost/127.0.0.1:11831]
10:03:51.805 [Forwarding getCurrentWindowHandle on session 074ae795fb97feb7e8cafa7dfc7ebd0b to remote] DEBUG org.asynchttpclient.netty.request.NettyRequestSender - Using pooled Channel '[id: 0xe6da3b82, L:/127.0.0.1:50208 - R:localhost/127.0.0.1:11831]' for 'GET' to 'http://localhost:11831/session/074ae795fb97feb7e8cafa7dfc7ebd0b/window'
10:03:51.805 [Forwarding getCurrentWindowHandle on session 074ae795fb97feb7e8cafa7dfc7ebd0b to remote] DEBUG org.asynchttpclient.netty.request.NettyRequestSender - Using open Channel [id: 0xe6da3b82, L:/127.0.0.1:50208 - R:localhost/127.0.0.1:11831] for GET '/session/074ae795fb97feb7e8cafa7dfc7ebd0b/window'
10:03:51.807 [AsyncHttpClient-1-6] DEBUG org.asynchttpclient.netty.handler.HttpHandler - 

Request DefaultFullHttpRequest(decodeResult: success, version: HTTP/1.1, content: EmptyByteBufBE)
GET /session/074ae795fb97feb7e8cafa7dfc7ebd0b/window HTTP/1.1
User-Agent: selenium/4.7.1 (java windows)
Cache-Control: no-cache
Content-Type: application/json; charset=utf-8
host: localhost:11831
accept: */*

Response DefaultHttpResponse(decodeResult: success, version: HTTP/1.1)
HTTP/1.1 200 OK
Content-Type: application/json; charset=utf-8
cache-control: no-cache
content-length: 44

10:03:51.807 [AsyncHttpClient-1-6] DEBUG org.asynchttpclient.netty.channel.ChannelManager - Adding key: http://localhost:11831 for channel [id: 0xe6da3b82, L:/127.0.0.1:50208 - R:localhost/127.0.0.1:11831]
10:03:51.809 [Forwarding getAlertText on session 074ae795fb97feb7e8cafa7dfc7ebd0b to remote] DEBUG org.asynchttpclient.netty.request.NettyRequestSender - Using pooled Channel '[id: 0xe6da3b82, L:/127.0.0.1:50208 - R:localhost/127.0.0.1:11831]' for 'GET' to 'http://localhost:11831/session/074ae795fb97feb7e8cafa7dfc7ebd0b/alert/text'
10:03:51.809 [Forwarding getAlertText on session 074ae795fb97feb7e8cafa7dfc7ebd0b to remote] DEBUG org.asynchttpclient.netty.request.NettyRequestSender - Using open Channel [id: 0xe6da3b82, L:/127.0.0.1:50208 - R:localhost/127.0.0.1:11831] for GET '/session/074ae795fb97feb7e8cafa7dfc7ebd0b/alert/text'
10:03:51.811 [AsyncHttpClient-1-6] DEBUG org.asynchttpclient.netty.handler.HttpHandler - 

Request DefaultFullHttpRequest(decodeResult: success, version: HTTP/1.1, content: EmptyByteBufBE)
GET /session/074ae795fb97feb7e8cafa7dfc7ebd0b/alert/text HTTP/1.1
User-Agent: selenium/4.7.1 (java windows)
Cache-Control: no-cache
Content-Type: application/json; charset=utf-8
host: localhost:11831
accept: */*

Response DefaultHttpResponse(decodeResult: success, version: HTTP/1.1)
HTTP/1.1 404 Not Found
Content-Type: application/json; charset=utf-8
cache-control: no-cache
content-length: 821

10:03:51.812 [AsyncHttpClient-1-6] DEBUG org.asynchttpclient.netty.channel.ChannelManager - Adding key: http://localhost:11831 for channel [id: 0xe6da3b82, L:/127.0.0.1:50208 - R:localhost/127.0.0.1:11831]
10:03:51.816 [Forwarding switchToWindow on session 074ae795fb97feb7e8cafa7dfc7ebd0b to remote] DEBUG org.asynchttpclient.netty.request.NettyRequestSender - Using pooled Channel '[id: 0xe6da3b82, L:/127.0.0.1:50208 - R:localhost/127.0.0.1:11831]' for 'POST' to 'http://localhost:11831/session/074ae795fb97feb7e8cafa7dfc7ebd0b/window'
10:03:51.817 [Forwarding switchToWindow on session 074ae795fb97feb7e8cafa7dfc7ebd0b to remote] DEBUG org.asynchttpclient.netty.request.NettyRequestSender - Using open Channel [id: 0xe6da3b82, L:/127.0.0.1:50208 - R:localhost/127.0.0.1:11831] for POST '/session/074ae795fb97feb7e8cafa7dfc7ebd0b/window'
10:03:51.821 [AsyncHttpClient-1-6] DEBUG org.asynchttpclient.netty.handler.HttpHandler - 

Request DefaultHttpRequest(decodeResult: success, version: HTTP/1.1)
POST /session/074ae795fb97feb7e8cafa7dfc7ebd0b/window HTTP/1.1
User-Agent: selenium/4.7.1 (java windows)
Content-Length: 50
Content-Type: application/json; charset=utf-8
host: localhost:11831
accept: */*

Response DefaultHttpResponse(decodeResult: success, version: HTTP/1.1)
HTTP/1.1 200 OK
Content-Type: application/json; charset=utf-8
cache-control: no-cache
content-length: 14

10:03:51.821 [AsyncHttpClient-1-6] DEBUG org.asynchttpclient.netty.channel.ChannelManager - Adding key: http://localhost:11831 for channel [id: 0xe6da3b82, L:/127.0.0.1:50208 - R:localhost/127.0.0.1:11831]
10:03:51.822 [Forwarding getCurrentUrl on session 074ae795fb97feb7e8cafa7dfc7ebd0b to remote] DEBUG org.asynchttpclient.netty.request.NettyRequestSender - Using pooled Channel '[id: 0xe6da3b82, L:/127.0.0.1:50208 - R:localhost/127.0.0.1:11831]' for 'GET' to 'http://localhost:11831/session/074ae795fb97feb7e8cafa7dfc7ebd0b/url'
10:03:51.822 [Forwarding getCurrentUrl on session 074ae795fb97feb7e8cafa7dfc7ebd0b to remote] DEBUG org.asynchttpclient.netty.request.NettyRequestSender - Using open Channel [id: 0xe6da3b82, L:/127.0.0.1:50208 - R:localhost/127.0.0.1:11831] for GET '/session/074ae795fb97feb7e8cafa7dfc7ebd0b/url'
10:03:51.836 [AsyncHttpClient-1-6] DEBUG org.asynchttpclient.netty.handler.HttpHandler - 

Request DefaultFullHttpRequest(decodeResult: success, version: HTTP/1.1, content: EmptyByteBufBE)
GET /session/074ae795fb97feb7e8cafa7dfc7ebd0b/url HTTP/1.1
User-Agent: selenium/4.7.1 (java windows)
Cache-Control: no-cache
Content-Type: application/json; charset=utf-8
host: localhost:11831
accept: */*

Response DefaultHttpResponse(decodeResult: success, version: HTTP/1.1)
HTTP/1.1 200 OK
Content-Type: application/json; charset=utf-8
cache-control: no-cache
content-length: 51

10:03:51.837 [AsyncHttpClient-1-6] DEBUG org.asynchttpclient.netty.channel.ChannelManager - Adding key: http://localhost:11831 for channel [id: 0xe6da3b82, L:/127.0.0.1:50208 - R:localhost/127.0.0.1:11831]
10:03:51.838 [Forwarding screenshot on session 074ae795fb97feb7e8cafa7dfc7ebd0b to remote] DEBUG org.asynchttpclient.netty.request.NettyRequestSender - Using pooled Channel '[id: 0xe6da3b82, L:/127.0.0.1:50208 - R:localhost/127.0.0.1:11831]' for 'GET' to 'http://localhost:11831/session/074ae795fb97feb7e8cafa7dfc7ebd0b/screenshot'
10:03:51.838 [Forwarding screenshot on session 074ae795fb97feb7e8cafa7dfc7ebd0b to remote] DEBUG org.asynchttpclient.netty.request.NettyRequestSender - Using open Channel [id: 0xe6da3b82, L:/127.0.0.1:50208 - R:localhost/127.0.0.1:11831] for GET '/session/074ae795fb97feb7e8cafa7dfc7ebd0b/screenshot'
10:03:51.960 [AsyncHttpClient-1-6] DEBUG org.asynchttpclient.netty.handler.HttpHandler - 

Request DefaultFullHttpRequest(decodeResult: success, version: HTTP/1.1, content: EmptyByteBufBE)
GET /session/074ae795fb97feb7e8cafa7dfc7ebd0b/screenshot HTTP/1.1
User-Agent: selenium/4.7.1 (java windows)
Cache-Control: no-cache
Content-Type: application/json; charset=utf-8
host: localhost:11831
accept: */*

Response DefaultHttpResponse(decodeResult: success, version: HTTP/1.1)
HTTP/1.1 200 OK
Content-Type: application/json; charset=utf-8
cache-control: no-cache
content-length: 29396

10:03:51.961 [AsyncHttpClient-1-6] DEBUG org.asynchttpclient.netty.channel.ChannelManager - Adding key: http://localhost:11831 for channel [id: 0xe6da3b82, L:/127.0.0.1:50208 - R:localhost/127.0.0.1:11831]
10:03:51.962 [main] DEBUG net.serenitybdd.core.photography.Darkroom - Send negative for processing for target\site\serenity\e821cb7a4889f9cd4db27abb39c5a25e7795cace4fbc89c064a2202ed9e4d4de.png
10:03:51.963 [main] DEBUG net.thucydides.core.steps.StepInterceptor - STEP DONE: klikButtonLoginKedua
  &amp#27;[32mGiven &amp#27;[0m&amp#27;[32muser berada di Homepage AltaShop dan login akun&amp#27;[0m                   &amp#27;[90m# starter.stepdefinitions.TransaksiSteps.userBeradaDiHomepageAltaShopDanLoginAkun()&amp#27;[0m
10:03:51.963 [Darkroom Processing Line] DEBUG net.serenitybdd.core.photography.DarkroomProcessingLine - Processing screenshot image in /var/screenshots/screenshot-6340593948506974962
10:03:51.964 [Darkroom Processing Line] DEBUG net.serenitybdd.core.photography.DarkroomProcessingLine - Saving screenshot to target\site\serenity\e821cb7a4889f9cd4db27abb39c5a25e7795cace4fbc89c064a2202ed9e4d4de.png
10:03:51.966 [AsyncHttpClient-1-1] DEBUG org.asynchttpclient.netty.channel.DefaultChannelPool - Entry count for : http://localhost:11831 : 1
10:03:51.967 [AsyncHttpClient-1-1] DEBUG org.asynchttpclient.netty.channel.DefaultChannelPool - Entry count for : http://localhost:50209 : 1
10:03:51.980 [main] DEBUG net.thucydides.core.steps.StepInterceptor - STARTING STEP: TransaksiSteps.userKlikSelectCategories - klikFieldCategories
10:03:51.988 [Forwarding findElement on session 074ae795fb97feb7e8cafa7dfc7ebd0b to remote] DEBUG org.asynchttpclient.netty.request.NettyRequestSender - Using pooled Channel '[id: 0xe6da3b82, L:/127.0.0.1:50208 - R:localhost/127.0.0.1:11831]' for 'POST' to 'http://localhost:11831/session/074ae795fb97feb7e8cafa7dfc7ebd0b/element'
10:03:51.988 [Forwarding findElement on session 074ae795fb97feb7e8cafa7dfc7ebd0b to remote] DEBUG org.asynchttpclient.netty.request.NettyRequestSender - Using open Channel [id: 0xe6da3b82, L:/127.0.0.1:50208 - R:localhost/127.0.0.1:11831] for POST '/session/074ae795fb97feb7e8cafa7dfc7ebd0b/element'
10:03:53.074 [AsyncHttpClient-1-1] DEBUG org.asynchttpclient.netty.channel.DefaultChannelPool - Entry count for : http://localhost:50209 : 1
10:03:54.172 [AsyncHttpClient-1-1] DEBUG org.asynchttpclient.netty.channel.DefaultChannelPool - Entry count for : http://localhost:50209 : 1
10:03:55.264 [AsyncHttpClient-1-1] DEBUG org.asynchttpclient.netty.channel.DefaultChannelPool - Entry count for : http://localhost:50209 : 1
10:03:55.375 [AsyncHttpClient-1-6] DEBUG org.asynchttpclient.netty.handler.HttpHandler - 

Request DefaultHttpRequest(decodeResult: success, version: HTTP/1.1)
POST /session/074ae795fb97feb7e8cafa7dfc7ebd0b/element HTTP/1.1
User-Agent: selenium/4.7.1 (java windows)
Content-Length: 160
Content-Type: application/json; charset=utf-8
host: localhost:11831
accept: */*

Response DefaultHttpResponse(decodeResult: success, version: HTTP/1.1)
HTTP/1.1 200 OK
Content-Type: application/json; charset=utf-8
cache-control: no-cache
content-length: 88

10:03:55.375 [AsyncHttpClient-1-6] DEBUG org.asynchttpclient.netty.channel.ChannelManager - Adding key: http://localhost:11831 for channel [id: 0xe6da3b82, L:/127.0.0.1:50208 - R:localhost/127.0.0.1:11831]
10:03:55.378 [Forwarding getElementTagName on session 074ae795fb97feb7e8cafa7dfc7ebd0b to remote] DEBUG org.asynchttpclient.netty.request.NettyRequestSender - Using pooled Channel '[id: 0xe6da3b82, L:/127.0.0.1:50208 - R:localhost/127.0.0.1:11831]' for 'GET' to 'http://localhost:11831/session/074ae795fb97feb7e8cafa7dfc7ebd0b/element/d979871e-ae0a-4fb8-bdcb-bebc40ab669d/name'
10:03:55.378 [Forwarding getElementTagName on session 074ae795fb97feb7e8cafa7dfc7ebd0b to remote] DEBUG org.asynchttpclient.netty.request.NettyRequestSender - Using open Channel [id: 0xe6da3b82, L:/127.0.0.1:50208 - R:localhost/127.0.0.1:11831] for GET '/session/074ae795fb97feb7e8cafa7dfc7ebd0b/element/d979871e-ae0a-4fb8-bdcb-bebc40ab669d/name'
10:03:55.390 [AsyncHttpClient-1-6] DEBUG org.asynchttpclient.netty.handler.HttpHandler - 

Request DefaultFullHttpRequest(decodeResult: success, version: HTTP/1.1, content: EmptyByteBufBE)
GET /session/074ae795fb97feb7e8cafa7dfc7ebd0b/element/d979871e-ae0a-4fb8-bdcb-bebc40ab669d/name HTTP/1.1
User-Agent: selenium/4.7.1 (java windows)
Cache-Control: no-cache
Content-Type: application/json; charset=utf-8
host: localhost:11831
accept: */*

Response DefaultHttpResponse(decodeResult: success, version: HTTP/1.1)
HTTP/1.1 200 OK
Content-Type: application/json; charset=utf-8
cache-control: no-cache
content-length: 15

10:03:55.390 [AsyncHttpClient-1-6] DEBUG org.asynchttpclient.netty.channel.ChannelManager - Adding key: http://localhost:11831 for channel [id: 0xe6da3b82, L:/127.0.0.1:50208 - R:localhost/127.0.0.1:11831]
10:03:55.392 [Forwarding getElementTagName on session 074ae795fb97feb7e8cafa7dfc7ebd0b to remote] DEBUG org.asynchttpclient.netty.request.NettyRequestSender - Using pooled Channel '[id: 0xe6da3b82, L:/127.0.0.1:50208 - R:localhost/127.0.0.1:11831]' for 'GET' to 'http://localhost:11831/session/074ae795fb97feb7e8cafa7dfc7ebd0b/element/d979871e-ae0a-4fb8-bdcb-bebc40ab669d/name'
10:03:55.393 [Forwarding getElementTagName on session 074ae795fb97feb7e8cafa7dfc7ebd0b to remote] DEBUG org.asynchttpclient.netty.request.NettyRequestSender - Using open Channel [id: 0xe6da3b82, L:/127.0.0.1:50208 - R:localhost/127.0.0.1:11831] for GET '/session/074ae795fb97feb7e8cafa7dfc7ebd0b/element/d979871e-ae0a-4fb8-bdcb-bebc40ab669d/name'
10:03:55.404 [AsyncHttpClient-1-6] DEBUG org.asynchttpclient.netty.handler.HttpHandler - 

Request DefaultFullHttpRequest(decodeResult: success, version: HTTP/1.1, content: EmptyByteBufBE)
GET /session/074ae795fb97feb7e8cafa7dfc7ebd0b/element/d979871e-ae0a-4fb8-bdcb-bebc40ab669d/name HTTP/1.1
User-Agent: selenium/4.7.1 (java windows)
Cache-Control: no-cache
Content-Type: application/json; charset=utf-8
host: localhost:11831
accept: */*

Response DefaultHttpResponse(decodeResult: success, version: HTTP/1.1)
HTTP/1.1 200 OK
Content-Type: application/json; charset=utf-8
cache-control: no-cache
content-length: 15

10:03:55.404 [AsyncHttpClient-1-6] DEBUG org.asynchttpclient.netty.channel.ChannelManager - Adding key: http://localhost:11831 for channel [id: 0xe6da3b82, L:/127.0.0.1:50208 - R:localhost/127.0.0.1:11831]
10:03:55.406 [Forwarding findElement on session 074ae795fb97feb7e8cafa7dfc7ebd0b to remote] DEBUG org.asynchttpclient.netty.request.NettyRequestSender - Using pooled Channel '[id: 0xe6da3b82, L:/127.0.0.1:50208 - R:localhost/127.0.0.1:11831]' for 'POST' to 'http://localhost:11831/session/074ae795fb97feb7e8cafa7dfc7ebd0b/element'
10:03:55.406 [Forwarding findElement on session 074ae795fb97feb7e8cafa7dfc7ebd0b to remote] DEBUG org.asynchttpclient.netty.request.NettyRequestSender - Using open Channel [id: 0xe6da3b82, L:/127.0.0.1:50208 - R:localhost/127.0.0.1:11831] for POST '/session/074ae795fb97feb7e8cafa7dfc7ebd0b/element'
10:03:55.425 [AsyncHttpClient-1-6] DEBUG org.asynchttpclient.netty.handler.HttpHandler - 

Request DefaultHttpRequest(decodeResult: success, version: HTTP/1.1)
POST /session/074ae795fb97feb7e8cafa7dfc7ebd0b/element HTTP/1.1
User-Agent: selenium/4.7.1 (java windows)
Content-Length: 160
Content-Type: application/json; charset=utf-8
host: localhost:11831
accept: */*

Response DefaultHttpResponse(decodeResult: success, version: HTTP/1.1)
HTTP/1.1 200 OK
Content-Type: application/json; charset=utf-8
cache-control: no-cache
content-length: 88

10:03:55.425 [AsyncHttpClient-1-6] DEBUG org.asynchttpclient.netty.channel.ChannelManager - Adding key: http://localhost:11831 for channel [id: 0xe6da3b82, L:/127.0.0.1:50208 - R:localhost/127.0.0.1:11831]
10:03:55.427 [Forwarding clickElement on session 074ae795fb97feb7e8cafa7dfc7ebd0b to remote] DEBUG org.asynchttpclient.netty.request.NettyRequestSender - Using pooled Channel '[id: 0xe6da3b82, L:/127.0.0.1:50208 - R:localhost/127.0.0.1:11831]' for 'POST' to 'http://localhost:11831/session/074ae795fb97feb7e8cafa7dfc7ebd0b/element/d979871e-ae0a-4fb8-bdcb-bebc40ab669d/click'
10:03:55.427 [Forwarding clickElement on session 074ae795fb97feb7e8cafa7dfc7ebd0b to remote] DEBUG org.asynchttpclient.netty.request.NettyRequestSender - Using open Channel [id: 0xe6da3b82, L:/127.0.0.1:50208 - R:localhost/127.0.0.1:11831] for POST '/session/074ae795fb97feb7e8cafa7dfc7ebd0b/element/d979871e-ae0a-4fb8-bdcb-bebc40ab669d/click'
10:03:55.496 [AsyncHttpClient-1-6] DEBUG org.asynchttpclient.netty.handler.HttpHandler - 

Request DefaultHttpRequest(decodeResult: success, version: HTTP/1.1)
POST /session/074ae795fb97feb7e8cafa7dfc7ebd0b/element/d979871e-ae0a-4fb8-bdcb-bebc40ab669d/click HTTP/1.1
User-Agent: selenium/4.7.1 (java windows)
Content-Length: 50
Content-Type: application/json; charset=utf-8
host: localhost:11831
accept: */*

Response DefaultHttpResponse(decodeResult: success, version: HTTP/1.1)
HTTP/1.1 200 OK
Content-Type: application/json; charset=utf-8
cache-control: no-cache
content-length: 14

10:03:55.496 [AsyncHttpClient-1-6] DEBUG org.asynchttpclient.netty.channel.ChannelManager - Adding key: http://localhost:11831 for channel [id: 0xe6da3b82, L:/127.0.0.1:50208 - R:localhost/127.0.0.1:11831]
10:03:55.509 [Forwarding getCurrentWindowHandle on session 074ae795fb97feb7e8cafa7dfc7ebd0b to remote] DEBUG org.asynchttpclient.netty.request.NettyRequestSender - Using pooled Channel '[id: 0xe6da3b82, L:/127.0.0.1:50208 - R:localhost/127.0.0.1:11831]' for 'GET' to 'http://localhost:11831/session/074ae795fb97feb7e8cafa7dfc7ebd0b/window'
10:03:55.509 [Forwarding getCurrentWindowHandle on session 074ae795fb97feb7e8cafa7dfc7ebd0b to remote] DEBUG org.asynchttpclient.netty.request.NettyRequestSender - Using open Channel [id: 0xe6da3b82, L:/127.0.0.1:50208 - R:localhost/127.0.0.1:11831] for GET '/session/074ae795fb97feb7e8cafa7dfc7ebd0b/window'
10:03:55.511 [AsyncHttpClient-1-6] DEBUG org.asynchttpclient.netty.handler.HttpHandler - 

Request DefaultFullHttpRequest(decodeResult: success, version: HTTP/1.1, content: EmptyByteBufBE)
GET /session/074ae795fb97feb7e8cafa7dfc7ebd0b/window HTTP/1.1
User-Agent: selenium/4.7.1 (java windows)
Cache-Control: no-cache
Content-Type: application/json; charset=utf-8
host: localhost:11831
accept: */*

Response DefaultHttpResponse(decodeResult: success, version: HTTP/1.1)
HTTP/1.1 200 OK
Content-Type: application/json; charset=utf-8
cache-control: no-cache
content-length: 44

10:03:55.511 [AsyncHttpClient-1-6] DEBUG org.asynchttpclient.netty.channel.ChannelManager - Adding key: http://localhost:11831 for channel [id: 0xe6da3b82, L:/127.0.0.1:50208 - R:localhost/127.0.0.1:11831]
10:03:55.514 [Forwarding getAlertText on session 074ae795fb97feb7e8cafa7dfc7ebd0b to remote] DEBUG org.asynchttpclient.netty.request.NettyRequestSender - Using pooled Channel '[id: 0xe6da3b82, L:/127.0.0.1:50208 - R:localhost/127.0.0.1:11831]' for 'GET' to 'http://localhost:11831/session/074ae795fb97feb7e8cafa7dfc7ebd0b/alert/text'
10:03:55.514 [Forwarding getAlertText on session 074ae795fb97feb7e8cafa7dfc7ebd0b to remote] DEBUG org.asynchttpclient.netty.request.NettyRequestSender - Using open Channel [id: 0xe6da3b82, L:/127.0.0.1:50208 - R:localhost/127.0.0.1:11831] for GET '/session/074ae795fb97feb7e8cafa7dfc7ebd0b/alert/text'
10:03:55.531 [AsyncHttpClient-1-6] DEBUG org.asynchttpclient.netty.handler.HttpHandler - 

Request DefaultFullHttpRequest(decodeResult: success, version: HTTP/1.1, content: EmptyByteBufBE)
GET /session/074ae795fb97feb7e8cafa7dfc7ebd0b/alert/text HTTP/1.1
User-Agent: selenium/4.7.1 (java windows)
Cache-Control: no-cache
Content-Type: application/json; charset=utf-8
host: localhost:11831
accept: */*

Response DefaultHttpResponse(decodeResult: success, version: HTTP/1.1)
HTTP/1.1 404 Not Found
Content-Type: application/json; charset=utf-8
cache-control: no-cache
content-length: 821

10:03:55.532 [AsyncHttpClient-1-6] DEBUG org.asynchttpclient.netty.channel.ChannelManager - Adding key: http://localhost:11831 for channel [id: 0xe6da3b82, L:/127.0.0.1:50208 - R:localhost/127.0.0.1:11831]
10:03:55.536 [Forwarding switchToWindow on session 074ae795fb97feb7e8cafa7dfc7ebd0b to remote] DEBUG org.asynchttpclient.netty.request.NettyRequestSender - Using pooled Channel '[id: 0xe6da3b82, L:/127.0.0.1:50208 - R:localhost/127.0.0.1:11831]' for 'POST' to 'http://localhost:11831/session/074ae795fb97feb7e8cafa7dfc7ebd0b/window'
10:03:55.536 [Forwarding switchToWindow on session 074ae795fb97feb7e8cafa7dfc7ebd0b to remote] DEBUG org.asynchttpclient.netty.request.NettyRequestSender - Using open Channel [id: 0xe6da3b82, L:/127.0.0.1:50208 - R:localhost/127.0.0.1:11831] for POST '/session/074ae795fb97feb7e8cafa7dfc7ebd0b/window'
10:03:55.539 [AsyncHttpClient-1-6] DEBUG org.asynchttpclient.netty.handler.HttpHandler - 

Request DefaultHttpRequest(decodeResult: success, version: HTTP/1.1)
POST /session/074ae795fb97feb7e8cafa7dfc7ebd0b/window HTTP/1.1
User-Agent: selenium/4.7.1 (java windows)
Content-Length: 50
Content-Type: application/json; charset=utf-8
host: localhost:11831
accept: */*

Response DefaultHttpResponse(decodeResult: success, version: HTTP/1.1)
HTTP/1.1 200 OK
Content-Type: application/json; charset=utf-8
cache-control: no-cache
content-length: 14

10:03:55.539 [AsyncHttpClient-1-6] DEBUG org.asynchttpclient.netty.channel.ChannelManager - Adding key: http://localhost:11831 for channel [id: 0xe6da3b82, L:/127.0.0.1:50208 - R:localhost/127.0.0.1:11831]
10:03:55.540 [Forwarding getCurrentUrl on session 074ae795fb97feb7e8cafa7dfc7ebd0b to remote] DEBUG org.asynchttpclient.netty.request.NettyRequestSender - Using pooled Channel '[id: 0xe6da3b82, L:/127.0.0.1:50208 - R:localhost/127.0.0.1:11831]' for 'GET' to 'http://localhost:11831/session/074ae795fb97feb7e8cafa7dfc7ebd0b/url'
10:03:55.540 [Forwarding getCurrentUrl on session 074ae795fb97feb7e8cafa7dfc7ebd0b to remote] DEBUG org.asynchttpclient.netty.request.NettyRequestSender - Using open Channel [id: 0xe6da3b82, L:/127.0.0.1:50208 - R:localhost/127.0.0.1:11831] for GET '/session/074ae795fb97feb7e8cafa7dfc7ebd0b/url'
10:03:55.554 [AsyncHttpClient-1-6] DEBUG org.asynchttpclient.netty.handler.HttpHandler - 

Request DefaultFullHttpRequest(decodeResult: success, version: HTTP/1.1, content: EmptyByteBufBE)
GET /session/074ae795fb97feb7e8cafa7dfc7ebd0b/url HTTP/1.1
User-Agent: selenium/4.7.1 (java windows)
Cache-Control: no-cache
Content-Type: application/json; charset=utf-8
host: localhost:11831
accept: */*

Response DefaultHttpResponse(decodeResult: success, version: HTTP/1.1)
HTTP/1.1 200 OK
Content-Type: application/json; charset=utf-8
cache-control: no-cache
content-length: 41

10:03:55.554 [AsyncHttpClient-1-6] DEBUG org.asynchttpclient.netty.channel.ChannelManager - Adding key: http://localhost:11831 for channel [id: 0xe6da3b82, L:/127.0.0.1:50208 - R:localhost/127.0.0.1:11831]
10:03:55.555 [Forwarding screenshot on session 074ae795fb97feb7e8cafa7dfc7ebd0b to remote] DEBUG org.asynchttpclient.netty.request.NettyRequestSender - Using pooled Channel '[id: 0xe6da3b82, L:/127.0.0.1:50208 - R:localhost/127.0.0.1:11831]' for 'GET' to 'http://localhost:11831/session/074ae795fb97feb7e8cafa7dfc7ebd0b/screenshot'
10:03:55.555 [Forwarding screenshot on session 074ae795fb97feb7e8cafa7dfc7ebd0b to remote] DEBUG org.asynchttpclient.netty.request.NettyRequestSender - Using open Channel [id: 0xe6da3b82, L:/127.0.0.1:50208 - R:localhost/127.0.0.1:11831] for GET '/session/074ae795fb97feb7e8cafa7dfc7ebd0b/screenshot'
10:03:55.677 [AsyncHttpClient-1-6] DEBUG org.asynchttpclient.netty.handler.HttpHandler - 

Request DefaultFullHttpRequest(decodeResult: success, version: HTTP/1.1, content: EmptyByteBufBE)
GET /session/074ae795fb97feb7e8cafa7dfc7ebd0b/screenshot HTTP/1.1
User-Agent: selenium/4.7.1 (java windows)
Cache-Control: no-cache
Content-Type: application/json; charset=utf-8
host: localhost:11831
accept: */*

Response DefaultHttpResponse(decodeResult: success, version: HTTP/1.1)
HTTP/1.1 200 OK
Content-Type: application/json; charset=utf-8
cache-control: no-cache
content-length: 30980

10:03:55.677 [AsyncHttpClient-1-6] DEBUG org.asynchttpclient.netty.channel.ChannelManager - Adding key: http://localhost:11831 for channel [id: 0xe6da3b82, L:/127.0.0.1:50208 - R:localhost/127.0.0.1:11831]
10:03:55.680 [main] DEBUG net.serenitybdd.core.photography.Darkroom - Send negative for processing for target\site\serenity\2fecff73c47a2e74df7f176992de274fcc03e03f0885c931a53597b9b9bea66f.png
10:03:55.680 [main] DEBUG net.thucydides.core.steps.StepInterceptor - STEP DONE: klikFieldCategories
10:03:55.680 [Darkroom Processing Line] DEBUG net.serenitybdd.core.photography.DarkroomProcessingLine - Processing screenshot image in /var/screenshots/screenshot-14886446031647539657
10:03:55.680 [Darkroom Processing Line] DEBUG net.serenitybdd.core.photography.DarkroomProcessingLine - Saving screenshot to target\site\serenity\2fecff73c47a2e74df7f176992de274fcc03e03f0885c931a53597b9b9bea66f.png
  &amp#27;[32mWhen &amp#27;[0m&amp#27;[32muser klik select categories&amp#27;[0m                                        &amp#27;[90m# starter.stepdefinitions.TransaksiSteps.userKlikSelectCategories()&amp#27;[0m
10:03:55.701 [main] DEBUG net.thucydides.core.steps.StepInterceptor - STARTING STEP: TransaksiSteps.userMemilihSalahSatuCategories - klikSelectCategories
10:03:55.705 [Forwarding findElement on session 074ae795fb97feb7e8cafa7dfc7ebd0b to remote] DEBUG org.asynchttpclient.netty.request.NettyRequestSender - Using pooled Channel '[id: 0xe6da3b82, L:/127.0.0.1:50208 - R:localhost/127.0.0.1:11831]' for 'POST' to 'http://localhost:11831/session/074ae795fb97feb7e8cafa7dfc7ebd0b/element'
10:03:55.705 [Forwarding findElement on session 074ae795fb97feb7e8cafa7dfc7ebd0b to remote] DEBUG org.asynchttpclient.netty.request.NettyRequestSender - Using open Channel [id: 0xe6da3b82, L:/127.0.0.1:50208 - R:localhost/127.0.0.1:11831] for POST '/session/074ae795fb97feb7e8cafa7dfc7ebd0b/element'
10:03:55.731 [AsyncHttpClient-1-6] DEBUG org.asynchttpclient.netty.handler.HttpHandler - 

Request DefaultHttpRequest(decodeResult: success, version: HTTP/1.1)
POST /session/074ae795fb97feb7e8cafa7dfc7ebd0b/element HTTP/1.1
User-Agent: selenium/4.7.1 (java windows)
Content-Length: 121
Content-Type: application/json; charset=utf-8
host: localhost:11831
accept: */*

Response DefaultHttpResponse(decodeResult: success, version: HTTP/1.1)
HTTP/1.1 200 OK
Content-Type: application/json; charset=utf-8
cache-control: no-cache
content-length: 88

10:03:55.731 [AsyncHttpClient-1-6] DEBUG org.asynchttpclient.netty.channel.ChannelManager - Adding key: http://localhost:11831 for channel [id: 0xe6da3b82, L:/127.0.0.1:50208 - R:localhost/127.0.0.1:11831]
10:03:55.733 [Forwarding getElementTagName on session 074ae795fb97feb7e8cafa7dfc7ebd0b to remote] DEBUG org.asynchttpclient.netty.request.NettyRequestSender - Using pooled Channel '[id: 0xe6da3b82, L:/127.0.0.1:50208 - R:localhost/127.0.0.1:11831]' for 'GET' to 'http://localhost:11831/session/074ae795fb97feb7e8cafa7dfc7ebd0b/element/5932ca3f-fcd9-4038-aec9-29aeecb6c72b/name'
10:03:55.733 [Forwarding getElementTagName on session 074ae795fb97feb7e8cafa7dfc7ebd0b to remote] DEBUG org.asynchttpclient.netty.request.NettyRequestSender - Using open Channel [id: 0xe6da3b82, L:/127.0.0.1:50208 - R:localhost/127.0.0.1:11831] for GET '/session/074ae795fb97feb7e8cafa7dfc7ebd0b/element/5932ca3f-fcd9-4038-aec9-29aeecb6c72b/name'
10:03:55.744 [AsyncHttpClient-1-6] DEBUG org.asynchttpclient.netty.handler.HttpHandler - 

Request DefaultFullHttpRequest(decodeResult: success, version: HTTP/1.1, content: EmptyByteBufBE)
GET /session/074ae795fb97feb7e8cafa7dfc7ebd0b/element/5932ca3f-fcd9-4038-aec9-29aeecb6c72b/name HTTP/1.1
User-Agent: selenium/4.7.1 (java windows)
Cache-Control: no-cache
Content-Type: application/json; charset=utf-8
host: localhost:11831
accept: */*

Response DefaultHttpResponse(decodeResult: success, version: HTTP/1.1)
HTTP/1.1 200 OK
Content-Type: application/json; charset=utf-8
cache-control: no-cache
content-length: 15

10:03:55.748 [AsyncHttpClient-1-6] DEBUG org.asynchttpclient.netty.channel.ChannelManager - Adding key: http://localhost:11831 for channel [id: 0xe6da3b82, L:/127.0.0.1:50208 - R:localhost/127.0.0.1:11831]
10:03:55.750 [Forwarding getElementTagName on session 074ae795fb97feb7e8cafa7dfc7ebd0b to remote] DEBUG org.asynchttpclient.netty.request.NettyRequestSender - Using pooled Channel '[id: 0xe6da3b82, L:/127.0.0.1:50208 - R:localhost/127.0.0.1:11831]' for 'GET' to 'http://localhost:11831/session/074ae795fb97feb7e8cafa7dfc7ebd0b/element/5932ca3f-fcd9-4038-aec9-29aeecb6c72b/name'
10:03:55.751 [Forwarding getElementTagName on session 074ae795fb97feb7e8cafa7dfc7ebd0b to remote] DEBUG org.asynchttpclient.netty.request.NettyRequestSender - Using open Channel [id: 0xe6da3b82, L:/127.0.0.1:50208 - R:localhost/127.0.0.1:11831] for GET '/session/074ae795fb97feb7e8cafa7dfc7ebd0b/element/5932ca3f-fcd9-4038-aec9-29aeecb6c72b/name'
10:03:55.759 [AsyncHttpClient-1-6] DEBUG org.asynchttpclient.netty.handler.HttpHandler - 

Request DefaultFullHttpRequest(decodeResult: success, version: HTTP/1.1, content: EmptyByteBufBE)
GET /session/074ae795fb97feb7e8cafa7dfc7ebd0b/element/5932ca3f-fcd9-4038-aec9-29aeecb6c72b/name HTTP/1.1
User-Agent: selenium/4.7.1 (java windows)
Cache-Control: no-cache
Content-Type: application/json; charset=utf-8
host: localhost:11831
accept: */*

Response DefaultHttpResponse(decodeResult: success, version: HTTP/1.1)
HTTP/1.1 200 OK
Content-Type: application/json; charset=utf-8
cache-control: no-cache
content-length: 15

10:03:55.759 [AsyncHttpClient-1-6] DEBUG org.asynchttpclient.netty.channel.ChannelManager - Adding key: http://localhost:11831 for channel [id: 0xe6da3b82, L:/127.0.0.1:50208 - R:localhost/127.0.0.1:11831]
10:03:55.763 [Forwarding findElement on session 074ae795fb97feb7e8cafa7dfc7ebd0b to remote] DEBUG org.asynchttpclient.netty.request.NettyRequestSender - Using pooled Channel '[id: 0xe6da3b82, L:/127.0.0.1:50208 - R:localhost/127.0.0.1:11831]' for 'POST' to 'http://localhost:11831/session/074ae795fb97feb7e8cafa7dfc7ebd0b/element'
10:03:55.764 [Forwarding findElement on session 074ae795fb97feb7e8cafa7dfc7ebd0b to remote] DEBUG org.asynchttpclient.netty.request.NettyRequestSender - Using open Channel [id: 0xe6da3b82, L:/127.0.0.1:50208 - R:localhost/127.0.0.1:11831] for POST '/session/074ae795fb97feb7e8cafa7dfc7ebd0b/element'
10:03:55.779 [AsyncHttpClient-1-6] DEBUG org.asynchttpclient.netty.handler.HttpHandler - 

Request DefaultHttpRequest(decodeResult: success, version: HTTP/1.1)
POST /session/074ae795fb97feb7e8cafa7dfc7ebd0b/element HTTP/1.1
User-Agent: selenium/4.7.1 (java windows)
Content-Length: 121
Content-Type: application/json; charset=utf-8
host: localhost:11831
accept: */*

Response DefaultHttpResponse(decodeResult: success, version: HTTP/1.1)
HTTP/1.1 200 OK
Content-Type: application/json; charset=utf-8
cache-control: no-cache
content-length: 88

10:03:55.779 [AsyncHttpClient-1-6] DEBUG org.asynchttpclient.netty.channel.ChannelManager - Adding key: http://localhost:11831 for channel [id: 0xe6da3b82, L:/127.0.0.1:50208 - R:localhost/127.0.0.1:11831]
10:03:55.781 [Forwarding clickElement on session 074ae795fb97feb7e8cafa7dfc7ebd0b to remote] DEBUG org.asynchttpclient.netty.request.NettyRequestSender - Using pooled Channel '[id: 0xe6da3b82, L:/127.0.0.1:50208 - R:localhost/127.0.0.1:11831]' for 'POST' to 'http://localhost:11831/session/074ae795fb97feb7e8cafa7dfc7ebd0b/element/5932ca3f-fcd9-4038-aec9-29aeecb6c72b/click'
10:03:55.782 [Forwarding clickElement on session 074ae795fb97feb7e8cafa7dfc7ebd0b to remote] DEBUG org.asynchttpclient.netty.request.NettyRequestSender - Using open Channel [id: 0xe6da3b82, L:/127.0.0.1:50208 - R:localhost/127.0.0.1:11831] for POST '/session/074ae795fb97feb7e8cafa7dfc7ebd0b/element/5932ca3f-fcd9-4038-aec9-29aeecb6c72b/click'
10:03:56.371 [AsyncHttpClient-1-1] DEBUG org.asynchttpclient.netty.channel.DefaultChannelPool - Entry count for : http://localhost:50209 : 1
10:03:57.468 [AsyncHttpClient-1-1] DEBUG org.asynchttpclient.netty.channel.DefaultChannelPool - Entry count for : http://localhost:50209 : 1
10:03:58.295 [AsyncHttpClient-1-6] DEBUG org.asynchttpclient.netty.handler.HttpHandler - 

Request DefaultHttpRequest(decodeResult: success, version: HTTP/1.1)
POST /session/074ae795fb97feb7e8cafa7dfc7ebd0b/element/5932ca3f-fcd9-4038-aec9-29aeecb6c72b/click HTTP/1.1
User-Agent: selenium/4.7.1 (java windows)
Content-Length: 50
Content-Type: application/json; charset=utf-8
host: localhost:11831
accept: */*

Response DefaultHttpResponse(decodeResult: success, version: HTTP/1.1)
HTTP/1.1 404 Not Found
Content-Type: application/json; charset=utf-8
cache-control: no-cache
content-length: 1055

10:03:58.295 [AsyncHttpClient-1-6] DEBUG org.asynchttpclient.netty.channel.ChannelManager - Adding key: http://localhost:11831 for channel [id: 0xe6da3b82, L:/127.0.0.1:50208 - R:localhost/127.0.0.1:11831]
10:03:58.311 [Forwarding getCurrentWindowHandle on session 074ae795fb97feb7e8cafa7dfc7ebd0b to remote] DEBUG org.asynchttpclient.netty.request.NettyRequestSender - Using pooled Channel '[id: 0xe6da3b82, L:/127.0.0.1:50208 - R:localhost/127.0.0.1:11831]' for 'GET' to 'http://localhost:11831/session/074ae795fb97feb7e8cafa7dfc7ebd0b/window'
10:03:58.311 [Forwarding getCurrentWindowHandle on session 074ae795fb97feb7e8cafa7dfc7ebd0b to remote] DEBUG org.asynchttpclient.netty.request.NettyRequestSender - Using open Channel [id: 0xe6da3b82, L:/127.0.0.1:50208 - R:localhost/127.0.0.1:11831] for GET '/session/074ae795fb97feb7e8cafa7dfc7ebd0b/window'
10:03:58.313 [AsyncHttpClient-1-6] DEBUG org.asynchttpclient.netty.handler.HttpHandler - 

Request DefaultFullHttpRequest(decodeResult: success, version: HTTP/1.1, content: EmptyByteBufBE)
GET /session/074ae795fb97feb7e8cafa7dfc7ebd0b/window HTTP/1.1
User-Agent: selenium/4.7.1 (java windows)
Cache-Control: no-cache
Content-Type: application/json; charset=utf-8
host: localhost:11831
accept: */*

Response DefaultHttpResponse(decodeResult: success, version: HTTP/1.1)
HTTP/1.1 200 OK
Content-Type: application/json; charset=utf-8
cache-control: no-cache
content-length: 44

10:03:58.313 [AsyncHttpClient-1-6] DEBUG org.asynchttpclient.netty.channel.ChannelManager - Adding key: http://localhost:11831 for channel [id: 0xe6da3b82, L:/127.0.0.1:50208 - R:localhost/127.0.0.1:11831]
10:03:58.315 [Forwarding getAlertText on session 074ae795fb97feb7e8cafa7dfc7ebd0b to remote] DEBUG org.asynchttpclient.netty.request.NettyRequestSender - Using pooled Channel '[id: 0xe6da3b82, L:/127.0.0.1:50208 - R:localhost/127.0.0.1:11831]' for 'GET' to 'http://localhost:11831/session/074ae795fb97feb7e8cafa7dfc7ebd0b/alert/text'
10:03:58.315 [Forwarding getAlertText on session 074ae795fb97feb7e8cafa7dfc7ebd0b to remote] DEBUG org.asynchttpclient.netty.request.NettyRequestSender - Using open Channel [id: 0xe6da3b82, L:/127.0.0.1:50208 - R:localhost/127.0.0.1:11831] for GET '/session/074ae795fb97feb7e8cafa7dfc7ebd0b/alert/text'
10:03:58.318 [AsyncHttpClient-1-6] DEBUG org.asynchttpclient.netty.handler.HttpHandler - 

Request DefaultFullHttpRequest(decodeResult: success, version: HTTP/1.1, content: EmptyByteBufBE)
GET /session/074ae795fb97feb7e8cafa7dfc7ebd0b/alert/text HTTP/1.1
User-Agent: selenium/4.7.1 (java windows)
Cache-Control: no-cache
Content-Type: application/json; charset=utf-8
host: localhost:11831
accept: */*

Response DefaultHttpResponse(decodeResult: success, version: HTTP/1.1)
HTTP/1.1 404 Not Found
Content-Type: application/json; charset=utf-8
cache-control: no-cache
content-length: 821

10:03:58.319 [AsyncHttpClient-1-6] DEBUG org.asynchttpclient.netty.channel.ChannelManager - Adding key: http://localhost:11831 for channel [id: 0xe6da3b82, L:/127.0.0.1:50208 - R:localhost/127.0.0.1:11831]
10:03:58.321 [Forwarding switchToWindow on session 074ae795fb97feb7e8cafa7dfc7ebd0b to remote] DEBUG org.asynchttpclient.netty.request.NettyRequestSender - Using pooled Channel '[id: 0xe6da3b82, L:/127.0.0.1:50208 - R:localhost/127.0.0.1:11831]' for 'POST' to 'http://localhost:11831/session/074ae795fb97feb7e8cafa7dfc7ebd0b/window'
10:03:58.321 [Forwarding switchToWindow on session 074ae795fb97feb7e8cafa7dfc7ebd0b to remote] DEBUG org.asynchttpclient.netty.request.NettyRequestSender - Using open Channel [id: 0xe6da3b82, L:/127.0.0.1:50208 - R:localhost/127.0.0.1:11831] for POST '/session/074ae795fb97feb7e8cafa7dfc7ebd0b/window'
10:03:58.324 [AsyncHttpClient-1-6] DEBUG org.asynchttpclient.netty.handler.HttpHandler - 

Request DefaultHttpRequest(decodeResult: success, version: HTTP/1.1)
POST /session/074ae795fb97feb7e8cafa7dfc7ebd0b/window HTTP/1.1
User-Agent: selenium/4.7.1 (java windows)
Content-Length: 50
Content-Type: application/json; charset=utf-8
host: localhost:11831
accept: */*

Response DefaultHttpResponse(decodeResult: success, version: HTTP/1.1)
HTTP/1.1 200 OK
Content-Type: application/json; charset=utf-8
cache-control: no-cache
content-length: 14

10:03:58.324 [AsyncHttpClient-1-6] DEBUG org.asynchttpclient.netty.channel.ChannelManager - Adding key: http://localhost:11831 for channel [id: 0xe6da3b82, L:/127.0.0.1:50208 - R:localhost/127.0.0.1:11831]
10:03:58.325 [Forwarding getCurrentUrl on session 074ae795fb97feb7e8cafa7dfc7ebd0b to remote] DEBUG org.asynchttpclient.netty.request.NettyRequestSender - Using pooled Channel '[id: 0xe6da3b82, L:/127.0.0.1:50208 - R:localhost/127.0.0.1:11831]' for 'GET' to 'http://localhost:11831/session/074ae795fb97feb7e8cafa7dfc7ebd0b/url'
10:03:58.325 [Forwarding getCurrentUrl on session 074ae795fb97feb7e8cafa7dfc7ebd0b to remote] DEBUG org.asynchttpclient.netty.request.NettyRequestSender - Using open Channel [id: 0xe6da3b82, L:/127.0.0.1:50208 - R:localhost/127.0.0.1:11831] for GET '/session/074ae795fb97feb7e8cafa7dfc7ebd0b/url'
10:03:58.332 [AsyncHttpClient-1-6] DEBUG org.asynchttpclient.netty.handler.HttpHandler - 

Request DefaultFullHttpRequest(decodeResult: success, version: HTTP/1.1, content: EmptyByteBufBE)
GET /session/074ae795fb97feb7e8cafa7dfc7ebd0b/url HTTP/1.1
User-Agent: selenium/4.7.1 (java windows)
Cache-Control: no-cache
Content-Type: application/json; charset=utf-8
host: localhost:11831
accept: */*

Response DefaultHttpResponse(decodeResult: success, version: HTTP/1.1)
HTTP/1.1 200 OK
Content-Type: application/json; charset=utf-8
cache-control: no-cache
content-length: 41

10:03:58.332 [AsyncHttpClient-1-6] DEBUG org.asynchttpclient.netty.channel.ChannelManager - Adding key: http://localhost:11831 for channel [id: 0xe6da3b82, L:/127.0.0.1:50208 - R:localhost/127.0.0.1:11831]
10:03:58.333 [Forwarding screenshot on session 074ae795fb97feb7e8cafa7dfc7ebd0b to remote] DEBUG org.asynchttpclient.netty.request.NettyRequestSender - Using pooled Channel '[id: 0xe6da3b82, L:/127.0.0.1:50208 - R:localhost/127.0.0.1:11831]' for 'GET' to 'http://localhost:11831/session/074ae795fb97feb7e8cafa7dfc7ebd0b/screenshot'
10:03:58.333 [Forwarding screenshot on session 074ae795fb97feb7e8cafa7dfc7ebd0b to remote] DEBUG org.asynchttpclient.netty.request.NettyRequestSender - Using open Channel [id: 0xe6da3b82, L:/127.0.0.1:50208 - R:localhost/127.0.0.1:11831] for GET '/session/074ae795fb97feb7e8cafa7dfc7ebd0b/screenshot'
10:03:58.432 [AsyncHttpClient-1-6] DEBUG org.asynchttpclient.netty.handler.HttpHandler - 

Request DefaultFullHttpRequest(decodeResult: success, version: HTTP/1.1, content: EmptyByteBufBE)
GET /session/074ae795fb97feb7e8cafa7dfc7ebd0b/screenshot HTTP/1.1
User-Agent: selenium/4.7.1 (java windows)
Cache-Control: no-cache
Content-Type: application/json; charset=utf-8
host: localhost:11831
accept: */*

Response DefaultHttpResponse(decodeResult: success, version: HTTP/1.1)
HTTP/1.1 200 OK
Content-Type: application/json; charset=utf-8
cache-control: no-cache
content-length: 116560

10:03:58.433 [AsyncHttpClient-1-6] DEBUG org.asynchttpclient.netty.channel.ChannelManager - Adding key: http://localhost:11831 for channel [id: 0xe6da3b82, L:/127.0.0.1:50208 - R:localhost/127.0.0.1:11831]
10:03:58.437 [main] DEBUG net.serenitybdd.core.photography.Darkroom - Send negative for processing for target\site\serenity\460d7ead43fa1fe8ad55ee609e5b1333d92eeea0cef3a20e4b0e5e8acb346d51.png
10:03:58.440 [Forwarding getPageSource on session 074ae795fb97feb7e8cafa7dfc7ebd0b to remote] DEBUG org.asynchttpclient.netty.request.NettyRequestSender - Using pooled Channel '[id: 0xe6da3b82, L:/127.0.0.1:50208 - R:localhost/127.0.0.1:11831]' for 'POST' to 'http://localhost:11831/session/074ae795fb97feb7e8cafa7dfc7ebd0b/execute/sync'
10:03:58.440 [Forwarding getPageSource on session 074ae795fb97feb7e8cafa7dfc7ebd0b to remote] DEBUG org.asynchttpclient.netty.request.NettyRequestSender - Using open Channel [id: 0xe6da3b82, L:/127.0.0.1:50208 - R:localhost/127.0.0.1:11831] for POST '/session/074ae795fb97feb7e8cafa7dfc7ebd0b/execute/sync'
10:03:58.504 [AsyncHttpClient-1-6] DEBUG org.asynchttpclient.netty.handler.HttpHandler - 

Request DefaultHttpRequest(decodeResult: success, version: HTTP/1.1)
POST /session/074ae795fb97feb7e8cafa7dfc7ebd0b/execute/sync HTTP/1.1
User-Agent: selenium/4.7.1 (java windows)
Content-Length: 176
Content-Type: application/json; charset=utf-8
host: localhost:11831
accept: */*

Response DefaultHttpResponse(decodeResult: success, version: HTTP/1.1)
HTTP/1.1 200 OK
Content-Type: application/json; charset=utf-8
cache-control: no-cache
content-length: 561173

10:03:58.506 [AsyncHttpClient-1-6] DEBUG org.asynchttpclient.netty.channel.ChannelManager - Adding key: http://localhost:11831 for channel [id: 0xe6da3b82, L:/127.0.0.1:50208 - R:localhost/127.0.0.1:11831]
10:03:58.578 [AsyncHttpClient-1-1] DEBUG org.asynchttpclient.netty.channel.DefaultChannelPool - Entry count for : http://localhost:11831 : 1
10:03:58.578 [AsyncHttpClient-1-1] DEBUG org.asynchttpclient.netty.channel.DefaultChannelPool - Entry count for : http://localhost:50209 : 1
10:03:58.903 [Forwarding getCurrentUrl on session 074ae795fb97feb7e8cafa7dfc7ebd0b to remote] DEBUG org.asynchttpclient.netty.request.NettyRequestSender - Using pooled Channel '[id: 0xe6da3b82, L:/127.0.0.1:50208 - R:localhost/127.0.0.1:11831]' for 'GET' to 'http://localhost:11831/session/074ae795fb97feb7e8cafa7dfc7ebd0b/url'
10:03:58.903 [Forwarding getCurrentUrl on session 074ae795fb97feb7e8cafa7dfc7ebd0b to remote] DEBUG org.asynchttpclient.netty.request.NettyRequestSender - Using open Channel [id: 0xe6da3b82, L:/127.0.0.1:50208 - R:localhost/127.0.0.1:11831] for GET '/session/074ae795fb97feb7e8cafa7dfc7ebd0b/url'
10:03:58.912 [AsyncHttpClient-1-6] DEBUG org.asynchttpclient.netty.handler.HttpHandler - 

Request DefaultFullHttpRequest(decodeResult: success, version: HTTP/1.1, content: EmptyByteBufBE)
GET /session/074ae795fb97feb7e8cafa7dfc7ebd0b/url HTTP/1.1
User-Agent: selenium/4.7.1 (java windows)
Cache-Control: no-cache
Content-Type: application/json; charset=utf-8
host: localhost:11831
accept: */*

Response DefaultHttpResponse(decodeResult: success, version: HTTP/1.1)
HTTP/1.1 200 OK
Content-Type: application/json; charset=utf-8
cache-control: no-cache
content-length: 41

10:03:58.912 [AsyncHttpClient-1-6] DEBUG org.asynchttpclient.netty.channel.ChannelManager - Adding key: http://localhost:11831 for channel [id: 0xe6da3b82, L:/127.0.0.1:50208 - R:localhost/127.0.0.1:11831]
  &amp#27;[31mAnd &amp#27;[0m&amp#27;[31muser memilih salah satu categories&amp#27;[0m                                  &amp#27;[90m# starter.stepdefinitions.TransaksiSteps.userMemilihSalahSatuCategories()&amp#27;[0m
      &amp#27;[31morg.openqa.selenium.StaleElementReferenceException: stale element reference: element is not attached to the page document
  (Session info: chrome=112.0.5615.138)
For documentation on this error, please visit: https://selenium.dev/exceptions/#stale_element_reference
Build info: version: '4.7.1', revision: 'c6795baf1a3'
System info: os.name: 'Windows 11', os.arch: 'amd64', os.version: '10.0', java.version: '19.0.2'
Driver info: org.openqa.selenium.chrome.ChromeDriver
Command: [074ae795fb97feb7e8cafa7dfc7ebd0b, clickElement {id=5932ca3f-fcd9-4038-aec9-29aeecb6c72b}]
Capabilities {acceptInsecureCerts: true, browserName: chrome, browserVersion: 112.0.5615.138, chrome: {chromedriverVersion: 112.0.5615.49 (bd2a7bcb881c..., userDataDir: C:\Users\HP\AppData\Local\T...}, goog:chromeOptions: {debuggerAddress: localhost:50209}, networkConnectionEnabled: false, pageLoadStrategy: normal, platformName: WINDOWS, proxy: Proxy(), se:cdp: ws://localhost:50209/devtoo..., se:cdpVersion: 112.0.5615.138, setWindowRect: true, strictFileInteractability: false, timeouts: {implicit: 0, pageLoad: 300000, script: 30000}, unhandledPromptBehavior: dismiss and notify, webauthn:extension:credBlob: true, webauthn:extension:largeBlob: true, webauthn:extension:minPinLength: true, webauthn:extension:prf: true, webauthn:virtualAuthenticators: true}
Element: [[ChromeDriver: chrome on WINDOWS (074ae795fb97feb7e8cafa7dfc7ebd0b)] -> xpath: /html/body/div[1]/div[1]/main/div/div/div[1]]
Session ID: 074ae795fb97feb7e8cafa7dfc7ebd0b
	at java.base/jdk.internal.reflect.DirectConstructorHandleAccessor.newInstance(DirectConstructorHandleAccessor.java:67)
	at java.base/java.lang.reflect.Constructor.newInstanceWithCaller(Constructor.java:500)
	at java.base/java.lang.reflect.Constructor.newInstance(Constructor.java:484)
	at org.openqa.selenium.remote.codec.w3c.W3CHttpResponseCodec.createException(W3CHttpResponseCodec.java:200)
	at org.openqa.selenium.remote.codec.w3c.W3CHttpResponseCodec.decode(W3CHttpResponseCodec.java:133)
	at org.openqa.selenium.remote.codec.w3c.W3CHttpResponseCodec.decode(W3CHttpResponseCodec.java:53)
	at org.openqa.selenium.remote.HttpCommandExecutor.execute(HttpCommandExecutor.java:184)
	at org.openqa.selenium.remote.service.DriverCommandExecutor.invokeExecute(DriverCommandExecutor.java:167)
	at org.openqa.selenium.remote.service.DriverCommandExecutor.execute(DriverCommandExecutor.java:142)
	at org.openqa.selenium.remote.RemoteWebDriver.execute(RemoteWebDriver.java:551)
	at org.openqa.selenium.remote.RemoteWebElement.execute(RemoteWebElement.java:257)
	at org.openqa.selenium.remote.RemoteWebElement.click(RemoteWebElement.java:78)
	at net.serenitybdd.core.pages.WebElementFacadeImpl.lambda$click$6(WebElementFacadeImpl.java:1213)
	at net.serenitybdd.core.pages.WithRetries.perform(WithRetries.java:22)
	at net.serenitybdd.core.pages.WebElementFacadeImpl.click(WebElementFacadeImpl.java:1213)
	at net.serenitybdd.core.pages.WebElementFacadeImpl.click(WebElementFacadeImpl.java:1224)
	at alta@1.0-SNAPSHOT/starter.pages.TransaksiPage.klikSelectCategories(TransaksiPage.java:114)
	at alta@1.0-SNAPSHOT/starter.pages.TransaksiPage$ByteBuddy$Dd0jDgrJ.klikSelectCategories$accessor$o85VDaSD(Unknown Source)
	at java.base/jdk.internal.reflect.DirectMethodHandleAccessor.invoke(DirectMethodHandleAccessor.java:104)
	at java.base/java.lang.reflect.Method.invoke(Method.java:578)
	at net.thucydides.core.steps.StepInterceptor.invokeMethod(StepInterceptor.java:503)
	at net.thucydides.core.steps.StepInterceptor.executeTestStepMethod(StepInterceptor.java:483)
	at net.thucydides.core.steps.StepInterceptor.runTestStep(StepInterceptor.java:457)
	at net.thucydides.core.steps.StepInterceptor.runOrSkipMethod(StepInterceptor.java:209)
	at net.thucydides.core.steps.StepInterceptor.testStepResult(StepInterceptor.java:196)
	at net.thucydides.core.steps.StepInterceptor.intercept(StepInterceptor.java:84)
	at net.thucydides.core.steps.ProxyConfiguration$InterceptorDispatcher.intercept(ProxyConfiguration.java:51)
	at alta@1.0-SNAPSHOT/starter.pages.TransaksiPage$ByteBuddy$Dd0jDgrJ.klikSelectCategories(Unknown Source)
	at alta@1.0-SNAPSHOT/starter.stepdefinitions.TransaksiSteps.userMemilihSalahSatuCategories(TransaksiSteps.java:48)
	at ✽.user memilih salah satu categories(file:///C:/Users/HP/Downloads/Mini-Project-QA/ALTASHOP%20WEB%20AUTOMATION/src/test/resources/features/3.%20Transaksi.feature:17)
&amp#27;[0m
  &amp#27;[36mAnd &amp#27;[0m&amp#27;[36mProduk yang dicari pada categori tersebut muncul di hasil pencarian&amp#27;[0m &amp#27;[90m# starter.stepdefinitions.TransaksiSteps.produkYangDicariPadaCategoriTersebutMunculDiHasilPencarian()&amp#27;[0m
10:03:59.013 [main] ERROR  - 
  _____   ___   ___   _____     ___   ___   ___    ___    ___ 
 |_   _| | __| / __| |_   _|   | __| | _ \ | _ \  / _ \  | _ \
   | |   | _|  \__ \   | |     | _|  |   / |   / | (_) | |   /
   |_|   |___| |___/   |_|     |___| |_|_\ |_|_\  \___/  |_|_\

user bisa melakukan pencarian produk dari listdown categories
---------------------------------------------------------------
10:03:59.018 [main] DEBUG  - RELATED ISSUES: 
10:03:59.022 [main] ERROR  -     Test failed at step: Klik select categories
10:03:59.023 [main] ERROR  -     stale element reference: element is not attached to the page document
10:03:59.029 [AsyncHttpClient-1-8] DEBUG org.asynchttpclient.netty.handler.WebSocketHandler - Channel Closed: [id: 0xe3714001, L:/127.0.0.1:50216 ! R:localhost/127.0.0.1:50209] with attribute NettyResponseFuture{currentRetry=0,
	isDone=1,
	isCancelled=0,
	asyncHandler=org.asynchttpclient.ws.WebSocketUpgradeHandler@4325fee6,
	nettyRequest=org.asynchttpclient.netty.request.NettyRequest@246b82f9,
	future=java.util.concurrent.CompletableFuture@1520db3f[Completed normally],
	uri=ws://localhost:50209/devtools/browser/efa33510-85d3-446b-8376-a2699238e86f,
	keepAlive=true,
	redirectCount=0,
	timeoutsHolder=null,
	inAuth=0,
	touch=1683515025688}
10:03:59.029 [AsyncHttpClient-1-8] DEBUG org.asynchttpclient.netty.channel.ChannelManager - Closing Channel [id: 0xe3714001, L:/127.0.0.1:50216 ! R:localhost/127.0.0.1:50209] 
10:03:59.030 [Driver Command Executor] DEBUG org.asynchttpclient.netty.request.NettyRequestSender - Using pooled Channel '[id: 0xe6da3b82, L:/127.0.0.1:50208 - R:localhost/127.0.0.1:11831]' for 'DELETE' to 'http://localhost:11831/session/074ae795fb97feb7e8cafa7dfc7ebd0b'
10:03:59.030 [Driver Command Executor] DEBUG org.asynchttpclient.netty.request.NettyRequestSender - Using open Channel [id: 0xe6da3b82, L:/127.0.0.1:50208 - R:localhost/127.0.0.1:11831] for DELETE '/session/074ae795fb97feb7e8cafa7dfc7ebd0b'
10:03:59.118 [AsyncHttpClient-1-7] DEBUG org.asynchttpclient.netty.handler.HttpHandler - Unexpected I/O exception on channel [id: 0x379695e8, L:/127.0.0.1:50215 - R:localhost/127.0.0.1:50209]
java.net.SocketException: Connection reset
	at java.base/sun.nio.ch.SocketChannelImpl.throwConnectionReset(SocketChannelImpl.java:401)
	at java.base/sun.nio.ch.SocketChannelImpl.read(SocketChannelImpl.java:434)
	at io.netty.buffer.PooledByteBuf.setBytes(PooledByteBuf.java:259)
	at io.netty.buffer.AbstractByteBuf.writeBytes(AbstractByteBuf.java:1132)
	at io.netty.channel.socket.nio.NioSocketChannel.doReadBytes(NioSocketChannel.java:357)
	at io.netty.channel.nio.AbstractNioByteChannel$NioByteUnsafe.read(AbstractNioByteChannel.java:151)
	at io.netty.channel.nio.NioEventLoop.processSelectedKey(NioEventLoop.java:788)
	at io.netty.channel.nio.NioEventLoop.processSelectedKeysOptimized(NioEventLoop.java:724)
	at io.netty.channel.nio.NioEventLoop.processSelectedKeys(NioEventLoop.java:650)
	at io.netty.channel.nio.NioEventLoop.run(NioEventLoop.java:562)
	at io.netty.util.concurrent.SingleThreadEventExecutor$4.run(SingleThreadEventExecutor.java:997)
	at io.netty.util.internal.ThreadExecutorMap$2.run(ThreadExecutorMap.java:74)
	at io.netty.util.concurrent.FastThreadLocalRunnable.run(FastThreadLocalRunnable.java:30)
	at java.base/java.lang.Thread.run(Thread.java:1589)
10:03:59.119 [AsyncHttpClient-1-7] DEBUG org.asynchttpclient.netty.channel.ChannelManager - Closing Channel [id: 0x379695e8, L:/127.0.0.1:50215 - R:localhost/127.0.0.1:50209] 
10:03:59.120 [AsyncHttpClient-1-7] DEBUG org.asynchttpclient.netty.handler.HttpHandler - Channel Closed: [id: 0x379695e8, L:/127.0.0.1:50215 ! R:localhost/127.0.0.1:50209] with attribute DISCARD
10:03:59.188 [AsyncHttpClient-1-6] DEBUG org.asynchttpclient.netty.handler.HttpHandler - 

Request DefaultFullHttpRequest(decodeResult: success, version: HTTP/1.1, content: EmptyByteBufBE)
DELETE /session/074ae795fb97feb7e8cafa7dfc7ebd0b HTTP/1.1
User-Agent: selenium/4.7.1 (java windows)
Content-Type: application/json; charset=utf-8
host: localhost:11831
accept: */*

Response DefaultHttpResponse(decodeResult: success, version: HTTP/1.1)
HTTP/1.1 200 OK
Content-Type: application/json; charset=utf-8
cache-control: no-cache
content-length: 14

10:03:59.189 [AsyncHttpClient-1-6] DEBUG org.asynchttpclient.netty.channel.ChannelManager - Adding key: http://localhost:11831 for channel [id: 0xe6da3b82, L:/127.0.0.1:50208 - R:localhost/127.0.0.1:11831]
10:03:59.270 [AsyncHttpClient-1-6] DEBUG org.asynchttpclient.netty.handler.HttpHandler - Channel Closed: [id: 0xe6da3b82, L:/127.0.0.1:50208 ! R:localhost/127.0.0.1:11831] with attribute DISCARD
]]></system-out>
    <system-err><![CDATA[Starting ChromeDriver 112.0.5615.49 (bd2a7bcb881c11e8cfe3078709382934e3916914-refs/branch-heads/5615@{#936}) on port 11831
Only local connections are allowed.
Please see https://chromedriver.chromium.org/security-considerations for suggestions on keeping ChromeDriver safe.
ChromeDriver was started successfully.
May 08, 2023 10:03:45 AM org.openqa.selenium.devtools.CdpVersionFinder findNearestMatch
WARNING: Unable to find an exact match for CDP version 112, so returning the closest version found: 108
]]></system-err>
  </testcase>
  <testcase name="user bisa melihat riwayat transaksi" classname="Transaksi" time="15.851">
    <error type="net.thucydides.core.webdriver.exceptions.ElementShouldBeEnabledException"><![CDATA[net.thucydides.core.webdriver.exceptions.ElementShouldBeEnabledException: Expected enabled element was not enabled
Caused by: org.openqa.selenium.TimeoutException: Expected condition failed: waiting for By.xpath: /html/body/div[1]/div[2]/div/div[1] to be enabled (tried for 5 second(s) with 100 milliseconds interval)
Caused by: org.openqa.selenium.NoSuchElementException: 
no such element: Unable to locate element: {"method":"xpath","selector":"/html/body/div[1]/div[2]/div/div[1]"}
  (Session info: chrome=112.0.5615.138)
For documentation on this error, please visit: https://selenium.dev/exceptions/#no_such_element
Build info: version: '4.7.1', revision: 'c6795baf1a3'
System info: os.name: 'Windows 11', os.arch: 'amd64', os.version: '10.0', java.version: '19.0.2'
Driver info: org.openqa.selenium.chrome.ChromeDriver
Command: [2499f3e7adb3620ccc862a84f5915aaf, findElement {using=xpath, value=/html/body/div[1]/div[2]/div/div[1]}]
Capabilities {acceptInsecureCerts: true, browserName: chrome, browserVersion: 112.0.5615.138, chrome: {chromedriverVersion: 112.0.5615.49 (bd2a7bcb881c..., userDataDir: C:\Users\HP\AppData\Local\T...}, goog:chromeOptions: {debuggerAddress: localhost:50238}, networkConnectionEnabled: false, pageLoadStrategy: normal, platformName: WINDOWS, proxy: Proxy(), se:cdp: ws://localhost:50238/devtoo..., se:cdpVersion: 112.0.5615.138, setWindowRect: true, strictFileInteractability: false, timeouts: {implicit: 0, pageLoad: 300000, script: 30000}, unhandledPromptBehavior: dismiss and notify, webauthn:extension:credBlob: true, webauthn:extension:largeBlob: true, webauthn:extension:minPinLength: true, webauthn:extension:prf: true, webauthn:virtualAuthenticators: true}
Session ID: 2499f3e7adb3620ccc862a84f5915aaf
]]></error>
    <system-out><![CDATA[
@AS17-positive
Scenario: user bisa melihat riwayat transaksi           &amp#27;[90m# src/test/resources/features/3. Transaksi.feature:21&amp#27;[0m
10:03:59.370 [main] INFO io.cucumber.core.plugin.SerenityReporter - Running feature from file:///C:/Users/HP/Downloads/Mini-Project-QA/ALTASHOP%20WEB%20AUTOMATION/src/test/resources/features/3.%20Transaksi.feature
10:03:59.376 [main] INFO  - 
  _____   ___   ___   _____     ___   _____     _     ___   _____   ___   ___  
 |_   _| | __| / __| |_   _|   / __| |_   _|   /_\   | _ \ |_   _| | __| |   \ 
   | |   | _|  \__ \   | |     \__ \   | |    / _ \  |   /   | |   | _|  | |) |
   |_|   |___| |___/   |_|     |___/   |_|   /_/ \_\ |_|_\   |_|   |___| |___/ 

user bisa melihat riwayat transaksi(transaksi;user-bisa-melihat-riwayat-transaksi)
--------------------------------------------------------------------------------
10:03:59.417 [main] DEBUG net.thucydides.core.steps.StepInterceptor - STARTING STEP: TransaksiSteps.userBeradaDiHomepageAltaShopDanLoginAkun - diHomepageAltaShop
10:03:59.519 [main] INFO net.serenitybdd.core.webdriver.driverproviders.ChromeDriverProvider - Starting Chrome driver instance with capabilities:
10:03:59.520 [main] INFO net.serenitybdd.core.webdriver.driverproviders.ChromeDriverProvider - Capabilities {acceptInsecureCerts: true, browserName: chrome, goog:chromeOptions: {args: [remote-allow-origins=*, test-type, no-sandbox, ignore-certificate-errors, start-maximized, incognito, disable-infobars, disable-gpu, disable-default-apps, disable-popup-blocking, remote-allow-origins=*, test-type, no-sandbox, ignore-certificate-errors, start-maximized, incognito, disable-infobars, disable-gpu, disable-default-apps, disable-popup-blocking], extensions: []}}
10:03:59.669 [AsyncHttpClient-1-1] DEBUG org.asynchttpclient.netty.channel.DefaultChannelPool - Entry count for : http://localhost:11831 : 1
10:03:59.669 [AsyncHttpClient-1-1] DEBUG org.asynchttpclient.netty.channel.DefaultChannelPool - Entry count for : http://localhost:50209 : 1
10:03:59.669 [AsyncHttpClient-1-1] DEBUG org.asynchttpclient.netty.channel.DefaultChannelPool - Adding Candidate expired Channel [id: 0xe6da3b82, L:/127.0.0.1:50208 ! R:localhost/127.0.0.1:11831] isIdleTimeoutExpired=false isRemotelyClosed=true isTtlExpired=false
10:03:59.670 [AsyncHttpClient-1-1] DEBUG org.asynchttpclient.netty.channel.DefaultChannelPool - Closing Idle Channel [id: 0xe6da3b82, L:/127.0.0.1:50208 ! R:localhost/127.0.0.1:11831]
10:03:59.670 [AsyncHttpClient-1-1] DEBUG org.asynchttpclient.netty.channel.DefaultChannelPool - Adding Candidate expired Channel [id: 0x379695e8, L:/127.0.0.1:50215 ! R:localhost/127.0.0.1:50209] isIdleTimeoutExpired=false isRemotelyClosed=true isTtlExpired=false
10:03:59.670 [AsyncHttpClient-1-1] DEBUG org.asynchttpclient.netty.channel.DefaultChannelPool - Closing Idle Channel [id: 0x379695e8, L:/127.0.0.1:50215 ! R:localhost/127.0.0.1:50209]
10:03:59.670 [AsyncHttpClient-1-1] DEBUG org.asynchttpclient.netty.channel.DefaultChannelPool - Closed 2 connections out of 2 in 1 ms
10:03:59.685 [AsyncHttpClient-1-9] DEBUG org.asynchttpclient.netty.channel.NettyConnectListener - Using new Channel '[id: 0x6eca6914, L:/127.0.0.1:50237 - R:localhost/127.0.0.1:22994]' for 'POST' to '/session'
10:04:02.322 [AsyncHttpClient-1-9] DEBUG org.asynchttpclient.netty.handler.HttpHandler - 

Request DefaultHttpRequest(decodeResult: success, version: HTTP/1.1)
POST /session HTTP/1.1
User-Agent: selenium/4.7.1 (java windows)
Content-Length: 1629
Content-Type: application/json; charset=utf-8
host: localhost:22994
accept: */*

Response DefaultHttpResponse(decodeResult: success, version: HTTP/1.1)
HTTP/1.1 200 OK
Content-Type: application/json; charset=utf-8
cache-control: no-cache
content-length: 854

10:04:02.322 [AsyncHttpClient-1-9] DEBUG org.asynchttpclient.netty.channel.ChannelManager - Adding key: http://localhost:22994 for channel [id: 0x6eca6914, L:/127.0.0.1:50237 - R:localhost/127.0.0.1:22994]
10:04:02.343 [AsyncHttpClient-1-10] DEBUG org.asynchttpclient.netty.channel.NettyConnectListener - Using new Channel '[id: 0xe98090bc, L:/127.0.0.1:50246 - R:localhost/127.0.0.1:50238]' for 'GET' to '/json/version'
10:04:02.352 [AsyncHttpClient-1-10] DEBUG org.asynchttpclient.netty.handler.HttpHandler - 

Request DefaultFullHttpRequest(decodeResult: success, version: HTTP/1.1, content: EmptyByteBufBE)
GET /json/version HTTP/1.1
User-Agent: selenium/4.7.1 (java windows)
host: localhost:50238
accept: */*

Response DefaultHttpResponse(decodeResult: success, version: HTTP/1.1)
HTTP/1.1 200 OK
Content-Security-Policy: frame-ancestors 'none'
Content-Type: application/json; charset=UTF-8
content-length: 424

10:04:02.353 [AsyncHttpClient-1-10] DEBUG org.asynchttpclient.netty.channel.ChannelManager - Adding key: http://localhost:50238 for channel [id: 0xe98090bc, L:/127.0.0.1:50246 - R:localhost/127.0.0.1:50238]
10:04:02.359 [AsyncHttpClient-1-11] DEBUG org.asynchttpclient.netty.channel.NettyConnectListener - Using new Channel '[id: 0x0b0432c2, L:/127.0.0.1:50247 - R:localhost/127.0.0.1:50238]' for 'GET' to '/devtools/browser/42e2cc30-cd91-4f60-9a69-a4274bc581dc'
10:04:02.367 [AsyncHttpClient-1-11] DEBUG org.asynchttpclient.netty.handler.WebSocketHandler - 

Request DefaultFullHttpRequest(decodeResult: success, version: HTTP/1.1, content: EmptyByteBufBE)
GET /devtools/browser/42e2cc30-cd91-4f60-9a69-a4274bc581dc HTTP/1.1
upgrade: websocket
connection: upgrade
sec-websocket-key: NmESVCtwd00ttPhusRJMFg==
sec-websocket-version: 13
origin: http://localhost:50238
host: localhost:50238
accept: */*
user-agent: AHC/2.1

Response DefaultHttpResponse(decodeResult: success, version: HTTP/1.1)
HTTP/1.1 101 WebSocket Protocol Handshake
Upgrade: WebSocket
Connection: Upgrade
Sec-WebSocket-Accept: IniADdfUuB9GbUi+eVFT42g0Xxw=

10:04:02.386 [Forwarding get on session 2499f3e7adb3620ccc862a84f5915aaf to remote] DEBUG org.asynchttpclient.netty.request.NettyRequestSender - Using pooled Channel '[id: 0x6eca6914, L:/127.0.0.1:50237 - R:localhost/127.0.0.1:22994]' for 'POST' to 'http://localhost:22994/session/2499f3e7adb3620ccc862a84f5915aaf/url'
10:04:02.387 [Forwarding get on session 2499f3e7adb3620ccc862a84f5915aaf to remote] DEBUG org.asynchttpclient.netty.request.NettyRequestSender - Using open Channel [id: 0x6eca6914, L:/127.0.0.1:50237 - R:localhost/127.0.0.1:22994] for POST '/session/2499f3e7adb3620ccc862a84f5915aaf/url'
10:04:02.973 [AsyncHttpClient-1-1] DEBUG org.asynchttpclient.netty.channel.DefaultChannelPool - Entry count for : http://localhost:50238 : 1
10:04:04.071 [AsyncHttpClient-1-1] DEBUG org.asynchttpclient.netty.channel.DefaultChannelPool - Entry count for : http://localhost:50238 : 1
10:04:05.164 [AsyncHttpClient-1-1] DEBUG org.asynchttpclient.netty.channel.DefaultChannelPool - Entry count for : http://localhost:50238 : 1
10:04:05.688 [AsyncHttpClient-1-9] DEBUG org.asynchttpclient.netty.handler.HttpHandler - 

Request DefaultHttpRequest(decodeResult: success, version: HTTP/1.1)
POST /session/2499f3e7adb3620ccc862a84f5915aaf/url HTTP/1.1
User-Agent: selenium/4.7.1 (java windows)
Content-Length: 59
Content-Type: application/json; charset=utf-8
host: localhost:22994
accept: */*

Response DefaultHttpResponse(decodeResult: success, version: HTTP/1.1)
HTTP/1.1 200 OK
Content-Type: application/json; charset=utf-8
cache-control: no-cache
content-length: 14

10:04:05.688 [AsyncHttpClient-1-9] DEBUG org.asynchttpclient.netty.channel.ChannelManager - Adding key: http://localhost:22994 for channel [id: 0x6eca6914, L:/127.0.0.1:50237 - R:localhost/127.0.0.1:22994]
10:04:05.690 [Forwarding setTimeout on session 2499f3e7adb3620ccc862a84f5915aaf to remote] DEBUG org.asynchttpclient.netty.request.NettyRequestSender - Using pooled Channel '[id: 0x6eca6914, L:/127.0.0.1:50237 - R:localhost/127.0.0.1:22994]' for 'POST' to 'http://localhost:22994/session/2499f3e7adb3620ccc862a84f5915aaf/timeouts'
10:04:05.690 [Forwarding setTimeout on session 2499f3e7adb3620ccc862a84f5915aaf to remote] DEBUG org.asynchttpclient.netty.request.NettyRequestSender - Using open Channel [id: 0x6eca6914, L:/127.0.0.1:50237 - R:localhost/127.0.0.1:22994] for POST '/session/2499f3e7adb3620ccc862a84f5915aaf/timeouts'
10:04:05.691 [AsyncHttpClient-1-9] DEBUG org.asynchttpclient.netty.handler.HttpHandler - 

Request DefaultHttpRequest(decodeResult: success, version: HTTP/1.1)
POST /session/2499f3e7adb3620ccc862a84f5915aaf/timeouts HTTP/1.1
User-Agent: selenium/4.7.1 (java windows)
Content-Length: 22
Content-Type: application/json; charset=utf-8
host: localhost:22994
accept: */*

Response DefaultHttpResponse(decodeResult: success, version: HTTP/1.1)
HTTP/1.1 200 OK
Content-Type: application/json; charset=utf-8
cache-control: no-cache
content-length: 14

10:04:05.691 [AsyncHttpClient-1-9] DEBUG org.asynchttpclient.netty.channel.ChannelManager - Adding key: http://localhost:22994 for channel [id: 0x6eca6914, L:/127.0.0.1:50237 - R:localhost/127.0.0.1:22994]
10:04:05.696 [Forwarding getCurrentUrl on session 2499f3e7adb3620ccc862a84f5915aaf to remote] DEBUG org.asynchttpclient.netty.request.NettyRequestSender - Using pooled Channel '[id: 0x6eca6914, L:/127.0.0.1:50237 - R:localhost/127.0.0.1:22994]' for 'GET' to 'http://localhost:22994/session/2499f3e7adb3620ccc862a84f5915aaf/url'
10:04:05.696 [Forwarding getCurrentUrl on session 2499f3e7adb3620ccc862a84f5915aaf to remote] DEBUG org.asynchttpclient.netty.request.NettyRequestSender - Using open Channel [id: 0x6eca6914, L:/127.0.0.1:50237 - R:localhost/127.0.0.1:22994] for GET '/session/2499f3e7adb3620ccc862a84f5915aaf/url'
10:04:05.720 [AsyncHttpClient-1-9] DEBUG org.asynchttpclient.netty.handler.HttpHandler - 

Request DefaultFullHttpRequest(decodeResult: success, version: HTTP/1.1, content: EmptyByteBufBE)
GET /session/2499f3e7adb3620ccc862a84f5915aaf/url HTTP/1.1
User-Agent: selenium/4.7.1 (java windows)
Cache-Control: no-cache
Content-Type: application/json; charset=utf-8
host: localhost:22994
accept: */*

Response DefaultHttpResponse(decodeResult: success, version: HTTP/1.1)
HTTP/1.1 200 OK
Content-Type: application/json; charset=utf-8
cache-control: no-cache
content-length: 41

10:04:05.720 [AsyncHttpClient-1-9] DEBUG org.asynchttpclient.netty.channel.ChannelManager - Adding key: http://localhost:22994 for channel [id: 0x6eca6914, L:/127.0.0.1:50237 - R:localhost/127.0.0.1:22994]
10:04:05.724 [Forwarding getCurrentUrl on session 2499f3e7adb3620ccc862a84f5915aaf to remote] DEBUG org.asynchttpclient.netty.request.NettyRequestSender - Using pooled Channel '[id: 0x6eca6914, L:/127.0.0.1:50237 - R:localhost/127.0.0.1:22994]' for 'GET' to 'http://localhost:22994/session/2499f3e7adb3620ccc862a84f5915aaf/url'
10:04:05.724 [Forwarding getCurrentUrl on session 2499f3e7adb3620ccc862a84f5915aaf to remote] DEBUG org.asynchttpclient.netty.request.NettyRequestSender - Using open Channel [id: 0x6eca6914, L:/127.0.0.1:50237 - R:localhost/127.0.0.1:22994] for GET '/session/2499f3e7adb3620ccc862a84f5915aaf/url'
10:04:05.732 [AsyncHttpClient-1-9] DEBUG org.asynchttpclient.netty.handler.HttpHandler - 

Request DefaultFullHttpRequest(decodeResult: success, version: HTTP/1.1, content: EmptyByteBufBE)
GET /session/2499f3e7adb3620ccc862a84f5915aaf/url HTTP/1.1
User-Agent: selenium/4.7.1 (java windows)
Cache-Control: no-cache
Content-Type: application/json; charset=utf-8
host: localhost:22994
accept: */*

Response DefaultHttpResponse(decodeResult: success, version: HTTP/1.1)
HTTP/1.1 200 OK
Content-Type: application/json; charset=utf-8
cache-control: no-cache
content-length: 41

10:04:05.732 [AsyncHttpClient-1-9] DEBUG org.asynchttpclient.netty.channel.ChannelManager - Adding key: http://localhost:22994 for channel [id: 0x6eca6914, L:/127.0.0.1:50237 - R:localhost/127.0.0.1:22994]
10:04:05.735 [Forwarding findElement on session 2499f3e7adb3620ccc862a84f5915aaf to remote] DEBUG org.asynchttpclient.netty.request.NettyRequestSender - Using pooled Channel '[id: 0x6eca6914, L:/127.0.0.1:50237 - R:localhost/127.0.0.1:22994]' for 'POST' to 'http://localhost:22994/session/2499f3e7adb3620ccc862a84f5915aaf/element'
10:04:05.735 [Forwarding findElement on session 2499f3e7adb3620ccc862a84f5915aaf to remote] DEBUG org.asynchttpclient.netty.request.NettyRequestSender - Using open Channel [id: 0x6eca6914, L:/127.0.0.1:50237 - R:localhost/127.0.0.1:22994] for POST '/session/2499f3e7adb3620ccc862a84f5915aaf/element'
10:04:05.763 [AsyncHttpClient-1-9] DEBUG org.asynchttpclient.netty.handler.HttpHandler - 

Request DefaultHttpRequest(decodeResult: success, version: HTTP/1.1)
POST /session/2499f3e7adb3620ccc862a84f5915aaf/element HTTP/1.1
User-Agent: selenium/4.7.1 (java windows)
Content-Length: 108
Content-Type: application/json; charset=utf-8
host: localhost:22994
accept: */*

Response DefaultHttpResponse(decodeResult: success, version: HTTP/1.1)
HTTP/1.1 200 OK
Content-Type: application/json; charset=utf-8
cache-control: no-cache
content-length: 88

10:04:05.764 [AsyncHttpClient-1-9] DEBUG org.asynchttpclient.netty.channel.ChannelManager - Adding key: http://localhost:22994 for channel [id: 0x6eca6914, L:/127.0.0.1:50237 - R:localhost/127.0.0.1:22994]
10:04:05.768 [Forwarding isElementDisplayed on session 2499f3e7adb3620ccc862a84f5915aaf to remote] DEBUG org.asynchttpclient.netty.request.NettyRequestSender - Using pooled Channel '[id: 0x6eca6914, L:/127.0.0.1:50237 - R:localhost/127.0.0.1:22994]' for 'POST' to 'http://localhost:22994/session/2499f3e7adb3620ccc862a84f5915aaf/execute/sync'
10:04:05.768 [Forwarding isElementDisplayed on session 2499f3e7adb3620ccc862a84f5915aaf to remote] DEBUG org.asynchttpclient.netty.request.NettyRequestSender - Using open Channel [id: 0x6eca6914, L:/127.0.0.1:50237 - R:localhost/127.0.0.1:22994] for POST '/session/2499f3e7adb3620ccc862a84f5915aaf/execute/sync'
10:04:05.788 [AsyncHttpClient-1-9] DEBUG org.asynchttpclient.netty.handler.HttpHandler - 

Request DefaultHttpRequest(decodeResult: success, version: HTTP/1.1)
POST /session/2499f3e7adb3620ccc862a84f5915aaf/execute/sync HTTP/1.1
User-Agent: selenium/4.7.1 (java windows)
Content-Length: 48780
Content-Type: application/json; charset=utf-8
host: localhost:22994
accept: */*

Response DefaultHttpResponse(decodeResult: success, version: HTTP/1.1)
HTTP/1.1 200 OK
Content-Type: application/json; charset=utf-8
cache-control: no-cache
content-length: 14

10:04:05.788 [AsyncHttpClient-1-9] DEBUG org.asynchttpclient.netty.channel.ChannelManager - Adding key: http://localhost:22994 for channel [id: 0x6eca6914, L:/127.0.0.1:50237 - R:localhost/127.0.0.1:22994]
10:04:05.791 [Forwarding isElementDisplayed on session 2499f3e7adb3620ccc862a84f5915aaf to remote] DEBUG org.asynchttpclient.netty.request.NettyRequestSender - Using pooled Channel '[id: 0x6eca6914, L:/127.0.0.1:50237 - R:localhost/127.0.0.1:22994]' for 'POST' to 'http://localhost:22994/session/2499f3e7adb3620ccc862a84f5915aaf/execute/sync'
10:04:05.791 [Forwarding isElementDisplayed on session 2499f3e7adb3620ccc862a84f5915aaf to remote] DEBUG org.asynchttpclient.netty.request.NettyRequestSender - Using open Channel [id: 0x6eca6914, L:/127.0.0.1:50237 - R:localhost/127.0.0.1:22994] for POST '/session/2499f3e7adb3620ccc862a84f5915aaf/execute/sync'
10:04:05.809 [AsyncHttpClient-1-9] DEBUG org.asynchttpclient.netty.handler.HttpHandler - 

Request DefaultHttpRequest(decodeResult: success, version: HTTP/1.1)
POST /session/2499f3e7adb3620ccc862a84f5915aaf/execute/sync HTTP/1.1
User-Agent: selenium/4.7.1 (java windows)
Content-Length: 48780
Content-Type: application/json; charset=utf-8
host: localhost:22994
accept: */*

Response DefaultHttpResponse(decodeResult: success, version: HTTP/1.1)
HTTP/1.1 200 OK
Content-Type: application/json; charset=utf-8
cache-control: no-cache
content-length: 14

10:04:05.809 [AsyncHttpClient-1-9] DEBUG org.asynchttpclient.netty.channel.ChannelManager - Adding key: http://localhost:22994 for channel [id: 0x6eca6914, L:/127.0.0.1:50237 - R:localhost/127.0.0.1:22994]
10:04:05.815 [Forwarding getCurrentWindowHandle on session 2499f3e7adb3620ccc862a84f5915aaf to remote] DEBUG org.asynchttpclient.netty.request.NettyRequestSender - Using pooled Channel '[id: 0x6eca6914, L:/127.0.0.1:50237 - R:localhost/127.0.0.1:22994]' for 'GET' to 'http://localhost:22994/session/2499f3e7adb3620ccc862a84f5915aaf/window'
10:04:05.816 [Forwarding getCurrentWindowHandle on session 2499f3e7adb3620ccc862a84f5915aaf to remote] DEBUG org.asynchttpclient.netty.request.NettyRequestSender - Using open Channel [id: 0x6eca6914, L:/127.0.0.1:50237 - R:localhost/127.0.0.1:22994] for GET '/session/2499f3e7adb3620ccc862a84f5915aaf/window'
10:04:05.817 [AsyncHttpClient-1-9] DEBUG org.asynchttpclient.netty.handler.HttpHandler - 

Request DefaultFullHttpRequest(decodeResult: success, version: HTTP/1.1, content: EmptyByteBufBE)
GET /session/2499f3e7adb3620ccc862a84f5915aaf/window HTTP/1.1
User-Agent: selenium/4.7.1 (java windows)
Cache-Control: no-cache
Content-Type: application/json; charset=utf-8
host: localhost:22994
accept: */*

Response DefaultHttpResponse(decodeResult: success, version: HTTP/1.1)
HTTP/1.1 200 OK
Content-Type: application/json; charset=utf-8
cache-control: no-cache
content-length: 44

10:04:05.817 [AsyncHttpClient-1-9] DEBUG org.asynchttpclient.netty.channel.ChannelManager - Adding key: http://localhost:22994 for channel [id: 0x6eca6914, L:/127.0.0.1:50237 - R:localhost/127.0.0.1:22994]
10:04:05.818 [Forwarding getAlertText on session 2499f3e7adb3620ccc862a84f5915aaf to remote] DEBUG org.asynchttpclient.netty.request.NettyRequestSender - Using pooled Channel '[id: 0x6eca6914, L:/127.0.0.1:50237 - R:localhost/127.0.0.1:22994]' for 'GET' to 'http://localhost:22994/session/2499f3e7adb3620ccc862a84f5915aaf/alert/text'
10:04:05.818 [Forwarding getAlertText on session 2499f3e7adb3620ccc862a84f5915aaf to remote] DEBUG org.asynchttpclient.netty.request.NettyRequestSender - Using open Channel [id: 0x6eca6914, L:/127.0.0.1:50237 - R:localhost/127.0.0.1:22994] for GET '/session/2499f3e7adb3620ccc862a84f5915aaf/alert/text'
10:04:05.821 [AsyncHttpClient-1-9] DEBUG org.asynchttpclient.netty.handler.HttpHandler - 

Request DefaultFullHttpRequest(decodeResult: success, version: HTTP/1.1, content: EmptyByteBufBE)
GET /session/2499f3e7adb3620ccc862a84f5915aaf/alert/text HTTP/1.1
User-Agent: selenium/4.7.1 (java windows)
Cache-Control: no-cache
Content-Type: application/json; charset=utf-8
host: localhost:22994
accept: */*

Response DefaultHttpResponse(decodeResult: success, version: HTTP/1.1)
HTTP/1.1 404 Not Found
Content-Type: application/json; charset=utf-8
cache-control: no-cache
content-length: 821

10:04:05.822 [AsyncHttpClient-1-9] DEBUG org.asynchttpclient.netty.channel.ChannelManager - Adding key: http://localhost:22994 for channel [id: 0x6eca6914, L:/127.0.0.1:50237 - R:localhost/127.0.0.1:22994]
10:04:05.825 [Forwarding switchToWindow on session 2499f3e7adb3620ccc862a84f5915aaf to remote] DEBUG org.asynchttpclient.netty.request.NettyRequestSender - Using pooled Channel '[id: 0x6eca6914, L:/127.0.0.1:50237 - R:localhost/127.0.0.1:22994]' for 'POST' to 'http://localhost:22994/session/2499f3e7adb3620ccc862a84f5915aaf/window'
10:04:05.825 [Forwarding switchToWindow on session 2499f3e7adb3620ccc862a84f5915aaf to remote] DEBUG org.asynchttpclient.netty.request.NettyRequestSender - Using open Channel [id: 0x6eca6914, L:/127.0.0.1:50237 - R:localhost/127.0.0.1:22994] for POST '/session/2499f3e7adb3620ccc862a84f5915aaf/window'
10:04:05.828 [AsyncHttpClient-1-9] DEBUG org.asynchttpclient.netty.handler.HttpHandler - 

Request DefaultHttpRequest(decodeResult: success, version: HTTP/1.1)
POST /session/2499f3e7adb3620ccc862a84f5915aaf/window HTTP/1.1
User-Agent: selenium/4.7.1 (java windows)
Content-Length: 50
Content-Type: application/json; charset=utf-8
host: localhost:22994
accept: */*

Response DefaultHttpResponse(decodeResult: success, version: HTTP/1.1)
HTTP/1.1 200 OK
Content-Type: application/json; charset=utf-8
cache-control: no-cache
content-length: 14

10:04:05.829 [AsyncHttpClient-1-9] DEBUG org.asynchttpclient.netty.channel.ChannelManager - Adding key: http://localhost:22994 for channel [id: 0x6eca6914, L:/127.0.0.1:50237 - R:localhost/127.0.0.1:22994]
10:04:05.830 [Forwarding getCurrentUrl on session 2499f3e7adb3620ccc862a84f5915aaf to remote] DEBUG org.asynchttpclient.netty.request.NettyRequestSender - Using pooled Channel '[id: 0x6eca6914, L:/127.0.0.1:50237 - R:localhost/127.0.0.1:22994]' for 'GET' to 'http://localhost:22994/session/2499f3e7adb3620ccc862a84f5915aaf/url'
10:04:05.830 [Forwarding getCurrentUrl on session 2499f3e7adb3620ccc862a84f5915aaf to remote] DEBUG org.asynchttpclient.netty.request.NettyRequestSender - Using open Channel [id: 0x6eca6914, L:/127.0.0.1:50237 - R:localhost/127.0.0.1:22994] for GET '/session/2499f3e7adb3620ccc862a84f5915aaf/url'
10:04:05.835 [AsyncHttpClient-1-9] DEBUG org.asynchttpclient.netty.handler.HttpHandler - 

Request DefaultFullHttpRequest(decodeResult: success, version: HTTP/1.1, content: EmptyByteBufBE)
GET /session/2499f3e7adb3620ccc862a84f5915aaf/url HTTP/1.1
User-Agent: selenium/4.7.1 (java windows)
Cache-Control: no-cache
Content-Type: application/json; charset=utf-8
host: localhost:22994
accept: */*

Response DefaultHttpResponse(decodeResult: success, version: HTTP/1.1)
HTTP/1.1 200 OK
Content-Type: application/json; charset=utf-8
cache-control: no-cache
content-length: 41

10:04:05.836 [AsyncHttpClient-1-9] DEBUG org.asynchttpclient.netty.channel.ChannelManager - Adding key: http://localhost:22994 for channel [id: 0x6eca6914, L:/127.0.0.1:50237 - R:localhost/127.0.0.1:22994]
10:04:05.836 [Forwarding screenshot on session 2499f3e7adb3620ccc862a84f5915aaf to remote] DEBUG org.asynchttpclient.netty.request.NettyRequestSender - Using pooled Channel '[id: 0x6eca6914, L:/127.0.0.1:50237 - R:localhost/127.0.0.1:22994]' for 'GET' to 'http://localhost:22994/session/2499f3e7adb3620ccc862a84f5915aaf/screenshot'
10:04:05.836 [Forwarding screenshot on session 2499f3e7adb3620ccc862a84f5915aaf to remote] DEBUG org.asynchttpclient.netty.request.NettyRequestSender - Using open Channel [id: 0x6eca6914, L:/127.0.0.1:50237 - R:localhost/127.0.0.1:22994] for GET '/session/2499f3e7adb3620ccc862a84f5915aaf/screenshot'
10:04:05.961 [AsyncHttpClient-1-9] DEBUG org.asynchttpclient.netty.handler.HttpHandler - 

Request DefaultFullHttpRequest(decodeResult: success, version: HTTP/1.1, content: EmptyByteBufBE)
GET /session/2499f3e7adb3620ccc862a84f5915aaf/screenshot HTTP/1.1
User-Agent: selenium/4.7.1 (java windows)
Cache-Control: no-cache
Content-Type: application/json; charset=utf-8
host: localhost:22994
accept: */*

Response DefaultHttpResponse(decodeResult: success, version: HTTP/1.1)
HTTP/1.1 200 OK
Content-Type: application/json; charset=utf-8
cache-control: no-cache
content-length: 117316

10:04:05.962 [AsyncHttpClient-1-9] DEBUG org.asynchttpclient.netty.channel.ChannelManager - Adding key: http://localhost:22994 for channel [id: 0x6eca6914, L:/127.0.0.1:50237 - R:localhost/127.0.0.1:22994]
10:04:05.965 [main] DEBUG net.serenitybdd.core.photography.Darkroom - Send negative for processing for target\site\serenity\f5192530e05cb404d28257d53fcda2caea810e87ea3a99aca8c746b4c525f8f1.png
10:04:05.966 [main] DEBUG net.thucydides.core.steps.StepInterceptor - STEP DONE: diHomepageAltaShop
10:04:05.966 [Darkroom Processing Line] DEBUG net.serenitybdd.core.photography.DarkroomProcessingLine - Processing screenshot image in /var/screenshots/screenshot-17960490668080934598
10:04:05.966 [Darkroom Processing Line] DEBUG net.serenitybdd.core.photography.DarkroomProcessingLine - Saving screenshot to target\site\serenity\f5192530e05cb404d28257d53fcda2caea810e87ea3a99aca8c746b4c525f8f1.png
10:04:05.970 [main] DEBUG net.thucydides.core.steps.StepInterceptor - STARTING STEP: TransaksiSteps.userBeradaDiHomepageAltaShopDanLoginAkun - klikButtonLogin
10:04:05.973 [Forwarding findElement on session 2499f3e7adb3620ccc862a84f5915aaf to remote] DEBUG org.asynchttpclient.netty.request.NettyRequestSender - Using pooled Channel '[id: 0x6eca6914, L:/127.0.0.1:50237 - R:localhost/127.0.0.1:22994]' for 'POST' to 'http://localhost:22994/session/2499f3e7adb3620ccc862a84f5915aaf/element'
10:04:05.973 [Forwarding findElement on session 2499f3e7adb3620ccc862a84f5915aaf to remote] DEBUG org.asynchttpclient.netty.request.NettyRequestSender - Using open Channel [id: 0x6eca6914, L:/127.0.0.1:50237 - R:localhost/127.0.0.1:22994] for POST '/session/2499f3e7adb3620ccc862a84f5915aaf/element'
10:04:05.991 [AsyncHttpClient-1-9] DEBUG org.asynchttpclient.netty.handler.HttpHandler - 

Request DefaultHttpRequest(decodeResult: success, version: HTTP/1.1)
POST /session/2499f3e7adb3620ccc862a84f5915aaf/element HTTP/1.1
User-Agent: selenium/4.7.1 (java windows)
Content-Length: 108
Content-Type: application/json; charset=utf-8
host: localhost:22994
accept: */*

Response DefaultHttpResponse(decodeResult: success, version: HTTP/1.1)
HTTP/1.1 200 OK
Content-Type: application/json; charset=utf-8
cache-control: no-cache
content-length: 88

10:04:05.991 [AsyncHttpClient-1-9] DEBUG org.asynchttpclient.netty.channel.ChannelManager - Adding key: http://localhost:22994 for channel [id: 0x6eca6914, L:/127.0.0.1:50237 - R:localhost/127.0.0.1:22994]
10:04:05.993 [Forwarding getElementTagName on session 2499f3e7adb3620ccc862a84f5915aaf to remote] DEBUG org.asynchttpclient.netty.request.NettyRequestSender - Using pooled Channel '[id: 0x6eca6914, L:/127.0.0.1:50237 - R:localhost/127.0.0.1:22994]' for 'GET' to 'http://localhost:22994/session/2499f3e7adb3620ccc862a84f5915aaf/element/f484086e-e23c-4d67-b1ea-4628dd80009a/name'
10:04:05.993 [Forwarding getElementTagName on session 2499f3e7adb3620ccc862a84f5915aaf to remote] DEBUG org.asynchttpclient.netty.request.NettyRequestSender - Using open Channel [id: 0x6eca6914, L:/127.0.0.1:50237 - R:localhost/127.0.0.1:22994] for GET '/session/2499f3e7adb3620ccc862a84f5915aaf/element/f484086e-e23c-4d67-b1ea-4628dd80009a/name'
10:04:06.002 [AsyncHttpClient-1-9] DEBUG org.asynchttpclient.netty.handler.HttpHandler - 

Request DefaultFullHttpRequest(decodeResult: success, version: HTTP/1.1, content: EmptyByteBufBE)
GET /session/2499f3e7adb3620ccc862a84f5915aaf/element/f484086e-e23c-4d67-b1ea-4628dd80009a/name HTTP/1.1
User-Agent: selenium/4.7.1 (java windows)
Cache-Control: no-cache
Content-Type: application/json; charset=utf-8
host: localhost:22994
accept: */*

Response DefaultHttpResponse(decodeResult: success, version: HTTP/1.1)
HTTP/1.1 200 OK
Content-Type: application/json; charset=utf-8
cache-control: no-cache
content-length: 18

10:04:06.002 [AsyncHttpClient-1-9] DEBUG org.asynchttpclient.netty.channel.ChannelManager - Adding key: http://localhost:22994 for channel [id: 0x6eca6914, L:/127.0.0.1:50237 - R:localhost/127.0.0.1:22994]
10:04:06.004 [Forwarding getElementTagName on session 2499f3e7adb3620ccc862a84f5915aaf to remote] DEBUG org.asynchttpclient.netty.request.NettyRequestSender - Using pooled Channel '[id: 0x6eca6914, L:/127.0.0.1:50237 - R:localhost/127.0.0.1:22994]' for 'GET' to 'http://localhost:22994/session/2499f3e7adb3620ccc862a84f5915aaf/element/f484086e-e23c-4d67-b1ea-4628dd80009a/name'
10:04:06.004 [Forwarding getElementTagName on session 2499f3e7adb3620ccc862a84f5915aaf to remote] DEBUG org.asynchttpclient.netty.request.NettyRequestSender - Using open Channel [id: 0x6eca6914, L:/127.0.0.1:50237 - R:localhost/127.0.0.1:22994] for GET '/session/2499f3e7adb3620ccc862a84f5915aaf/element/f484086e-e23c-4d67-b1ea-4628dd80009a/name'
10:04:06.011 [AsyncHttpClient-1-9] DEBUG org.asynchttpclient.netty.handler.HttpHandler - 

Request DefaultFullHttpRequest(decodeResult: success, version: HTTP/1.1, content: EmptyByteBufBE)
GET /session/2499f3e7adb3620ccc862a84f5915aaf/element/f484086e-e23c-4d67-b1ea-4628dd80009a/name HTTP/1.1
User-Agent: selenium/4.7.1 (java windows)
Cache-Control: no-cache
Content-Type: application/json; charset=utf-8
host: localhost:22994
accept: */*

Response DefaultHttpResponse(decodeResult: success, version: HTTP/1.1)
HTTP/1.1 200 OK
Content-Type: application/json; charset=utf-8
cache-control: no-cache
content-length: 18

10:04:06.011 [AsyncHttpClient-1-9] DEBUG org.asynchttpclient.netty.channel.ChannelManager - Adding key: http://localhost:22994 for channel [id: 0x6eca6914, L:/127.0.0.1:50237 - R:localhost/127.0.0.1:22994]
10:04:06.013 [Forwarding isElementEnabled on session 2499f3e7adb3620ccc862a84f5915aaf to remote] DEBUG org.asynchttpclient.netty.request.NettyRequestSender - Using pooled Channel '[id: 0x6eca6914, L:/127.0.0.1:50237 - R:localhost/127.0.0.1:22994]' for 'GET' to 'http://localhost:22994/session/2499f3e7adb3620ccc862a84f5915aaf/element/f484086e-e23c-4d67-b1ea-4628dd80009a/enabled'
10:04:06.014 [Forwarding isElementEnabled on session 2499f3e7adb3620ccc862a84f5915aaf to remote] DEBUG org.asynchttpclient.netty.request.NettyRequestSender - Using open Channel [id: 0x6eca6914, L:/127.0.0.1:50237 - R:localhost/127.0.0.1:22994] for GET '/session/2499f3e7adb3620ccc862a84f5915aaf/element/f484086e-e23c-4d67-b1ea-4628dd80009a/enabled'
10:04:06.031 [AsyncHttpClient-1-9] DEBUG org.asynchttpclient.netty.handler.HttpHandler - 

Request DefaultFullHttpRequest(decodeResult: success, version: HTTP/1.1, content: EmptyByteBufBE)
GET /session/2499f3e7adb3620ccc862a84f5915aaf/element/f484086e-e23c-4d67-b1ea-4628dd80009a/enabled HTTP/1.1
User-Agent: selenium/4.7.1 (java windows)
Cache-Control: no-cache
Content-Type: application/json; charset=utf-8
host: localhost:22994
accept: */*

Response DefaultHttpResponse(decodeResult: success, version: HTTP/1.1)
HTTP/1.1 200 OK
Content-Type: application/json; charset=utf-8
cache-control: no-cache
content-length: 14

10:04:06.031 [AsyncHttpClient-1-9] DEBUG org.asynchttpclient.netty.channel.ChannelManager - Adding key: http://localhost:22994 for channel [id: 0x6eca6914, L:/127.0.0.1:50237 - R:localhost/127.0.0.1:22994]
10:04:06.032 [Forwarding isElementEnabled on session 2499f3e7adb3620ccc862a84f5915aaf to remote] DEBUG org.asynchttpclient.netty.request.NettyRequestSender - Using pooled Channel '[id: 0x6eca6914, L:/127.0.0.1:50237 - R:localhost/127.0.0.1:22994]' for 'GET' to 'http://localhost:22994/session/2499f3e7adb3620ccc862a84f5915aaf/element/f484086e-e23c-4d67-b1ea-4628dd80009a/enabled'
10:04:06.032 [Forwarding isElementEnabled on session 2499f3e7adb3620ccc862a84f5915aaf to remote] DEBUG org.asynchttpclient.netty.request.NettyRequestSender - Using open Channel [id: 0x6eca6914, L:/127.0.0.1:50237 - R:localhost/127.0.0.1:22994] for GET '/session/2499f3e7adb3620ccc862a84f5915aaf/element/f484086e-e23c-4d67-b1ea-4628dd80009a/enabled'
10:04:06.047 [AsyncHttpClient-1-9] DEBUG org.asynchttpclient.netty.handler.HttpHandler - 

Request DefaultFullHttpRequest(decodeResult: success, version: HTTP/1.1, content: EmptyByteBufBE)
GET /session/2499f3e7adb3620ccc862a84f5915aaf/element/f484086e-e23c-4d67-b1ea-4628dd80009a/enabled HTTP/1.1
User-Agent: selenium/4.7.1 (java windows)
Cache-Control: no-cache
Content-Type: application/json; charset=utf-8
host: localhost:22994
accept: */*

Response DefaultHttpResponse(decodeResult: success, version: HTTP/1.1)
HTTP/1.1 200 OK
Content-Type: application/json; charset=utf-8
cache-control: no-cache
content-length: 14

10:04:06.047 [AsyncHttpClient-1-9] DEBUG org.asynchttpclient.netty.channel.ChannelManager - Adding key: http://localhost:22994 for channel [id: 0x6eca6914, L:/127.0.0.1:50237 - R:localhost/127.0.0.1:22994]
10:04:06.050 [Forwarding findElement on session 2499f3e7adb3620ccc862a84f5915aaf to remote] DEBUG org.asynchttpclient.netty.request.NettyRequestSender - Using pooled Channel '[id: 0x6eca6914, L:/127.0.0.1:50237 - R:localhost/127.0.0.1:22994]' for 'POST' to 'http://localhost:22994/session/2499f3e7adb3620ccc862a84f5915aaf/element'
10:04:06.050 [Forwarding findElement on session 2499f3e7adb3620ccc862a84f5915aaf to remote] DEBUG org.asynchttpclient.netty.request.NettyRequestSender - Using open Channel [id: 0x6eca6914, L:/127.0.0.1:50237 - R:localhost/127.0.0.1:22994] for POST '/session/2499f3e7adb3620ccc862a84f5915aaf/element'
10:04:06.076 [AsyncHttpClient-1-9] DEBUG org.asynchttpclient.netty.handler.HttpHandler - 

Request DefaultHttpRequest(decodeResult: success, version: HTTP/1.1)
POST /session/2499f3e7adb3620ccc862a84f5915aaf/element HTTP/1.1
User-Agent: selenium/4.7.1 (java windows)
Content-Length: 108
Content-Type: application/json; charset=utf-8
host: localhost:22994
accept: */*

Response DefaultHttpResponse(decodeResult: success, version: HTTP/1.1)
HTTP/1.1 200 OK
Content-Type: application/json; charset=utf-8
cache-control: no-cache
content-length: 88

10:04:06.076 [AsyncHttpClient-1-9] DEBUG org.asynchttpclient.netty.channel.ChannelManager - Adding key: http://localhost:22994 for channel [id: 0x6eca6914, L:/127.0.0.1:50237 - R:localhost/127.0.0.1:22994]
10:04:06.077 [Forwarding clickElement on session 2499f3e7adb3620ccc862a84f5915aaf to remote] DEBUG org.asynchttpclient.netty.request.NettyRequestSender - Using pooled Channel '[id: 0x6eca6914, L:/127.0.0.1:50237 - R:localhost/127.0.0.1:22994]' for 'POST' to 'http://localhost:22994/session/2499f3e7adb3620ccc862a84f5915aaf/element/f484086e-e23c-4d67-b1ea-4628dd80009a/click'
10:04:06.077 [Forwarding clickElement on session 2499f3e7adb3620ccc862a84f5915aaf to remote] DEBUG org.asynchttpclient.netty.request.NettyRequestSender - Using open Channel [id: 0x6eca6914, L:/127.0.0.1:50237 - R:localhost/127.0.0.1:22994] for POST '/session/2499f3e7adb3620ccc862a84f5915aaf/element/f484086e-e23c-4d67-b1ea-4628dd80009a/click'
10:04:06.174 [AsyncHttpClient-1-9] DEBUG org.asynchttpclient.netty.handler.HttpHandler - 

Request DefaultHttpRequest(decodeResult: success, version: HTTP/1.1)
POST /session/2499f3e7adb3620ccc862a84f5915aaf/element/f484086e-e23c-4d67-b1ea-4628dd80009a/click HTTP/1.1
User-Agent: selenium/4.7.1 (java windows)
Content-Length: 50
Content-Type: application/json; charset=utf-8
host: localhost:22994
accept: */*

Response DefaultHttpResponse(decodeResult: success, version: HTTP/1.1)
HTTP/1.1 200 OK
Content-Type: application/json; charset=utf-8
cache-control: no-cache
content-length: 14

10:04:06.174 [AsyncHttpClient-1-9] DEBUG org.asynchttpclient.netty.channel.ChannelManager - Adding key: http://localhost:22994 for channel [id: 0x6eca6914, L:/127.0.0.1:50237 - R:localhost/127.0.0.1:22994]
10:04:06.197 [Forwarding getCurrentWindowHandle on session 2499f3e7adb3620ccc862a84f5915aaf to remote] DEBUG org.asynchttpclient.netty.request.NettyRequestSender - Using pooled Channel '[id: 0x6eca6914, L:/127.0.0.1:50237 - R:localhost/127.0.0.1:22994]' for 'GET' to 'http://localhost:22994/session/2499f3e7adb3620ccc862a84f5915aaf/window'
10:04:06.197 [Forwarding getCurrentWindowHandle on session 2499f3e7adb3620ccc862a84f5915aaf to remote] DEBUG org.asynchttpclient.netty.request.NettyRequestSender - Using open Channel [id: 0x6eca6914, L:/127.0.0.1:50237 - R:localhost/127.0.0.1:22994] for GET '/session/2499f3e7adb3620ccc862a84f5915aaf/window'
10:04:06.200 [AsyncHttpClient-1-9] DEBUG org.asynchttpclient.netty.handler.HttpHandler - 

Request DefaultFullHttpRequest(decodeResult: success, version: HTTP/1.1, content: EmptyByteBufBE)
GET /session/2499f3e7adb3620ccc862a84f5915aaf/window HTTP/1.1
User-Agent: selenium/4.7.1 (java windows)
Cache-Control: no-cache
Content-Type: application/json; charset=utf-8
host: localhost:22994
accept: */*

Response DefaultHttpResponse(decodeResult: success, version: HTTP/1.1)
HTTP/1.1 200 OK
Content-Type: application/json; charset=utf-8
cache-control: no-cache
content-length: 44

10:04:06.201 [AsyncHttpClient-1-9] DEBUG org.asynchttpclient.netty.channel.ChannelManager - Adding key: http://localhost:22994 for channel [id: 0x6eca6914, L:/127.0.0.1:50237 - R:localhost/127.0.0.1:22994]
10:04:06.204 [Forwarding getAlertText on session 2499f3e7adb3620ccc862a84f5915aaf to remote] DEBUG org.asynchttpclient.netty.request.NettyRequestSender - Using pooled Channel '[id: 0x6eca6914, L:/127.0.0.1:50237 - R:localhost/127.0.0.1:22994]' for 'GET' to 'http://localhost:22994/session/2499f3e7adb3620ccc862a84f5915aaf/alert/text'
10:04:06.204 [Forwarding getAlertText on session 2499f3e7adb3620ccc862a84f5915aaf to remote] DEBUG org.asynchttpclient.netty.request.NettyRequestSender - Using open Channel [id: 0x6eca6914, L:/127.0.0.1:50237 - R:localhost/127.0.0.1:22994] for GET '/session/2499f3e7adb3620ccc862a84f5915aaf/alert/text'
10:04:06.264 [AsyncHttpClient-1-1] DEBUG org.asynchttpclient.netty.channel.DefaultChannelPool - Entry count for : http://localhost:50238 : 1
10:04:06.406 [AsyncHttpClient-1-9] DEBUG org.asynchttpclient.netty.handler.HttpHandler - 

Request DefaultFullHttpRequest(decodeResult: success, version: HTTP/1.1, content: EmptyByteBufBE)
GET /session/2499f3e7adb3620ccc862a84f5915aaf/alert/text HTTP/1.1
User-Agent: selenium/4.7.1 (java windows)
Cache-Control: no-cache
Content-Type: application/json; charset=utf-8
host: localhost:22994
accept: */*

Response DefaultHttpResponse(decodeResult: success, version: HTTP/1.1)
HTTP/1.1 404 Not Found
Content-Type: application/json; charset=utf-8
cache-control: no-cache
content-length: 821

10:04:06.406 [AsyncHttpClient-1-9] DEBUG org.asynchttpclient.netty.channel.ChannelManager - Adding key: http://localhost:22994 for channel [id: 0x6eca6914, L:/127.0.0.1:50237 - R:localhost/127.0.0.1:22994]
10:04:06.408 [Forwarding switchToWindow on session 2499f3e7adb3620ccc862a84f5915aaf to remote] DEBUG org.asynchttpclient.netty.request.NettyRequestSender - Using pooled Channel '[id: 0x6eca6914, L:/127.0.0.1:50237 - R:localhost/127.0.0.1:22994]' for 'POST' to 'http://localhost:22994/session/2499f3e7adb3620ccc862a84f5915aaf/window'
10:04:06.408 [Forwarding switchToWindow on session 2499f3e7adb3620ccc862a84f5915aaf to remote] DEBUG org.asynchttpclient.netty.request.NettyRequestSender - Using open Channel [id: 0x6eca6914, L:/127.0.0.1:50237 - R:localhost/127.0.0.1:22994] for POST '/session/2499f3e7adb3620ccc862a84f5915aaf/window'
10:04:06.413 [AsyncHttpClient-1-9] DEBUG org.asynchttpclient.netty.handler.HttpHandler - 

Request DefaultHttpRequest(decodeResult: success, version: HTTP/1.1)
POST /session/2499f3e7adb3620ccc862a84f5915aaf/window HTTP/1.1
User-Agent: selenium/4.7.1 (java windows)
Content-Length: 50
Content-Type: application/json; charset=utf-8
host: localhost:22994
accept: */*

Response DefaultHttpResponse(decodeResult: success, version: HTTP/1.1)
HTTP/1.1 200 OK
Content-Type: application/json; charset=utf-8
cache-control: no-cache
content-length: 14

10:04:06.413 [AsyncHttpClient-1-9] DEBUG org.asynchttpclient.netty.channel.ChannelManager - Adding key: http://localhost:22994 for channel [id: 0x6eca6914, L:/127.0.0.1:50237 - R:localhost/127.0.0.1:22994]
10:04:06.414 [Forwarding getCurrentUrl on session 2499f3e7adb3620ccc862a84f5915aaf to remote] DEBUG org.asynchttpclient.netty.request.NettyRequestSender - Using pooled Channel '[id: 0x6eca6914, L:/127.0.0.1:50237 - R:localhost/127.0.0.1:22994]' for 'GET' to 'http://localhost:22994/session/2499f3e7adb3620ccc862a84f5915aaf/url'
10:04:06.414 [Forwarding getCurrentUrl on session 2499f3e7adb3620ccc862a84f5915aaf to remote] DEBUG org.asynchttpclient.netty.request.NettyRequestSender - Using open Channel [id: 0x6eca6914, L:/127.0.0.1:50237 - R:localhost/127.0.0.1:22994] for GET '/session/2499f3e7adb3620ccc862a84f5915aaf/url'
10:04:06.420 [AsyncHttpClient-1-9] DEBUG org.asynchttpclient.netty.handler.HttpHandler - 

Request DefaultFullHttpRequest(decodeResult: success, version: HTTP/1.1, content: EmptyByteBufBE)
GET /session/2499f3e7adb3620ccc862a84f5915aaf/url HTTP/1.1
User-Agent: selenium/4.7.1 (java windows)
Cache-Control: no-cache
Content-Type: application/json; charset=utf-8
host: localhost:22994
accept: */*

Response DefaultHttpResponse(decodeResult: success, version: HTTP/1.1)
HTTP/1.1 200 OK
Content-Type: application/json; charset=utf-8
cache-control: no-cache
content-length: 51

10:04:06.420 [AsyncHttpClient-1-9] DEBUG org.asynchttpclient.netty.channel.ChannelManager - Adding key: http://localhost:22994 for channel [id: 0x6eca6914, L:/127.0.0.1:50237 - R:localhost/127.0.0.1:22994]
10:04:06.421 [Forwarding screenshot on session 2499f3e7adb3620ccc862a84f5915aaf to remote] DEBUG org.asynchttpclient.netty.request.NettyRequestSender - Using pooled Channel '[id: 0x6eca6914, L:/127.0.0.1:50237 - R:localhost/127.0.0.1:22994]' for 'GET' to 'http://localhost:22994/session/2499f3e7adb3620ccc862a84f5915aaf/screenshot'
10:04:06.421 [Forwarding screenshot on session 2499f3e7adb3620ccc862a84f5915aaf to remote] DEBUG org.asynchttpclient.netty.request.NettyRequestSender - Using open Channel [id: 0x6eca6914, L:/127.0.0.1:50237 - R:localhost/127.0.0.1:22994] for GET '/session/2499f3e7adb3620ccc862a84f5915aaf/screenshot'
10:04:06.524 [AsyncHttpClient-1-9] DEBUG org.asynchttpclient.netty.handler.HttpHandler - 

Request DefaultFullHttpRequest(decodeResult: success, version: HTTP/1.1, content: EmptyByteBufBE)
GET /session/2499f3e7adb3620ccc862a84f5915aaf/screenshot HTTP/1.1
User-Agent: selenium/4.7.1 (java windows)
Cache-Control: no-cache
Content-Type: application/json; charset=utf-8
host: localhost:22994
accept: */*

Response DefaultHttpResponse(decodeResult: success, version: HTTP/1.1)
HTTP/1.1 200 OK
Content-Type: application/json; charset=utf-8
cache-control: no-cache
content-length: 26172

10:04:06.525 [AsyncHttpClient-1-9] DEBUG org.asynchttpclient.netty.channel.ChannelManager - Adding key: http://localhost:22994 for channel [id: 0x6eca6914, L:/127.0.0.1:50237 - R:localhost/127.0.0.1:22994]
10:04:06.527 [main] DEBUG net.serenitybdd.core.photography.Darkroom - Send negative for processing for target\site\serenity\f035198f28bcaf95684f4b1a3b9e5d031fc0873bb044f55c4913aef571773aa0.png
10:04:06.527 [main] DEBUG net.thucydides.core.steps.StepInterceptor - STEP DONE: klikButtonLogin
10:04:06.533 [main] DEBUG net.thucydides.core.steps.StepInterceptor - STARTING STEP: TransaksiSteps.userBeradaDiHomepageAltaShopDanLoginAkun - inputEmail
10:04:06.538 [Forwarding findElement on session 2499f3e7adb3620ccc862a84f5915aaf to remote] DEBUG org.asynchttpclient.netty.request.NettyRequestSender - Using pooled Channel '[id: 0x6eca6914, L:/127.0.0.1:50237 - R:localhost/127.0.0.1:22994]' for 'POST' to 'http://localhost:22994/session/2499f3e7adb3620ccc862a84f5915aaf/element'
10:04:06.538 [Forwarding findElement on session 2499f3e7adb3620ccc862a84f5915aaf to remote] DEBUG org.asynchttpclient.netty.request.NettyRequestSender - Using open Channel [id: 0x6eca6914, L:/127.0.0.1:50237 - R:localhost/127.0.0.1:22994] for POST '/session/2499f3e7adb3620ccc862a84f5915aaf/element'
10:04:06.585 [AsyncHttpClient-1-9] DEBUG org.asynchttpclient.netty.handler.HttpHandler - 

Request DefaultHttpRequest(decodeResult: success, version: HTTP/1.1)
POST /session/2499f3e7adb3620ccc862a84f5915aaf/element HTTP/1.1
User-Agent: selenium/4.7.1 (java windows)
Content-Length: 187
Content-Type: application/json; charset=utf-8
host: localhost:22994
accept: */*

Response DefaultHttpResponse(decodeResult: success, version: HTTP/1.1)
HTTP/1.1 200 OK
Content-Type: application/json; charset=utf-8
cache-control: no-cache
content-length: 88

10:04:06.586 [AsyncHttpClient-1-9] DEBUG org.asynchttpclient.netty.channel.ChannelManager - Adding key: http://localhost:22994 for channel [id: 0x6eca6914, L:/127.0.0.1:50237 - R:localhost/127.0.0.1:22994]
10:04:06.588 [Forwarding clearElement on session 2499f3e7adb3620ccc862a84f5915aaf to remote] DEBUG org.asynchttpclient.netty.request.NettyRequestSender - Using pooled Channel '[id: 0x6eca6914, L:/127.0.0.1:50237 - R:localhost/127.0.0.1:22994]' for 'POST' to 'http://localhost:22994/session/2499f3e7adb3620ccc862a84f5915aaf/element/064148f5-0a96-42ca-9a7e-24bc7eae8bd9/clear'
10:04:06.588 [Forwarding clearElement on session 2499f3e7adb3620ccc862a84f5915aaf to remote] DEBUG org.asynchttpclient.netty.request.NettyRequestSender - Using open Channel [id: 0x6eca6914, L:/127.0.0.1:50237 - R:localhost/127.0.0.1:22994] for POST '/session/2499f3e7adb3620ccc862a84f5915aaf/element/064148f5-0a96-42ca-9a7e-24bc7eae8bd9/clear'
10:04:06.641 [AsyncHttpClient-1-9] DEBUG org.asynchttpclient.netty.handler.HttpHandler - 

Request DefaultHttpRequest(decodeResult: success, version: HTTP/1.1)
POST /session/2499f3e7adb3620ccc862a84f5915aaf/element/064148f5-0a96-42ca-9a7e-24bc7eae8bd9/clear HTTP/1.1
User-Agent: selenium/4.7.1 (java windows)
Content-Length: 50
Content-Type: application/json; charset=utf-8
host: localhost:22994
accept: */*

Response DefaultHttpResponse(decodeResult: success, version: HTTP/1.1)
HTTP/1.1 200 OK
Content-Type: application/json; charset=utf-8
cache-control: no-cache
content-length: 14

10:04:06.641 [AsyncHttpClient-1-9] DEBUG org.asynchttpclient.netty.channel.ChannelManager - Adding key: http://localhost:22994 for channel [id: 0x6eca6914, L:/127.0.0.1:50237 - R:localhost/127.0.0.1:22994]
10:04:06.644 [Forwarding sendKeysToElement on session 2499f3e7adb3620ccc862a84f5915aaf to remote] DEBUG org.asynchttpclient.netty.request.NettyRequestSender - Using pooled Channel '[id: 0x6eca6914, L:/127.0.0.1:50237 - R:localhost/127.0.0.1:22994]' for 'POST' to 'http://localhost:22994/session/2499f3e7adb3620ccc862a84f5915aaf/element/064148f5-0a96-42ca-9a7e-24bc7eae8bd9/value'
10:04:06.644 [Forwarding sendKeysToElement on session 2499f3e7adb3620ccc862a84f5915aaf to remote] DEBUG org.asynchttpclient.netty.request.NettyRequestSender - Using open Channel [id: 0x6eca6914, L:/127.0.0.1:50237 - R:localhost/127.0.0.1:22994] for POST '/session/2499f3e7adb3620ccc862a84f5915aaf/element/064148f5-0a96-42ca-9a7e-24bc7eae8bd9/value'
10:04:06.784 [AsyncHttpClient-1-9] DEBUG org.asynchttpclient.netty.handler.HttpHandler - 

Request DefaultHttpRequest(decodeResult: success, version: HTTP/1.1)
POST /session/2499f3e7adb3620ccc862a84f5915aaf/element/064148f5-0a96-42ca-9a7e-24bc7eae8bd9/value HTTP/1.1
User-Agent: selenium/4.7.1 (java windows)
Content-Length: 211
Content-Type: application/json; charset=utf-8
host: localhost:22994
accept: */*

Response DefaultHttpResponse(decodeResult: success, version: HTTP/1.1)
HTTP/1.1 200 OK
Content-Type: application/json; charset=utf-8
cache-control: no-cache
content-length: 14

10:04:06.784 [AsyncHttpClient-1-9] DEBUG org.asynchttpclient.netty.channel.ChannelManager - Adding key: http://localhost:22994 for channel [id: 0x6eca6914, L:/127.0.0.1:50237 - R:localhost/127.0.0.1:22994]
10:04:06.792 [Forwarding getCurrentWindowHandle on session 2499f3e7adb3620ccc862a84f5915aaf to remote] DEBUG org.asynchttpclient.netty.request.NettyRequestSender - Using pooled Channel '[id: 0x6eca6914, L:/127.0.0.1:50237 - R:localhost/127.0.0.1:22994]' for 'GET' to 'http://localhost:22994/session/2499f3e7adb3620ccc862a84f5915aaf/window'
10:04:06.792 [Forwarding getCurrentWindowHandle on session 2499f3e7adb3620ccc862a84f5915aaf to remote] DEBUG org.asynchttpclient.netty.request.NettyRequestSender - Using open Channel [id: 0x6eca6914, L:/127.0.0.1:50237 - R:localhost/127.0.0.1:22994] for GET '/session/2499f3e7adb3620ccc862a84f5915aaf/window'
10:04:06.793 [AsyncHttpClient-1-9] DEBUG org.asynchttpclient.netty.handler.HttpHandler - 

Request DefaultFullHttpRequest(decodeResult: success, version: HTTP/1.1, content: EmptyByteBufBE)
GET /session/2499f3e7adb3620ccc862a84f5915aaf/window HTTP/1.1
User-Agent: selenium/4.7.1 (java windows)
Cache-Control: no-cache
Content-Type: application/json; charset=utf-8
host: localhost:22994
accept: */*

Response DefaultHttpResponse(decodeResult: success, version: HTTP/1.1)
HTTP/1.1 200 OK
Content-Type: application/json; charset=utf-8
cache-control: no-cache
content-length: 44

10:04:06.793 [AsyncHttpClient-1-9] DEBUG org.asynchttpclient.netty.channel.ChannelManager - Adding key: http://localhost:22994 for channel [id: 0x6eca6914, L:/127.0.0.1:50237 - R:localhost/127.0.0.1:22994]
10:04:06.795 [Forwarding getAlertText on session 2499f3e7adb3620ccc862a84f5915aaf to remote] DEBUG org.asynchttpclient.netty.request.NettyRequestSender - Using pooled Channel '[id: 0x6eca6914, L:/127.0.0.1:50237 - R:localhost/127.0.0.1:22994]' for 'GET' to 'http://localhost:22994/session/2499f3e7adb3620ccc862a84f5915aaf/alert/text'
10:04:06.795 [Forwarding getAlertText on session 2499f3e7adb3620ccc862a84f5915aaf to remote] DEBUG org.asynchttpclient.netty.request.NettyRequestSender - Using open Channel [id: 0x6eca6914, L:/127.0.0.1:50237 - R:localhost/127.0.0.1:22994] for GET '/session/2499f3e7adb3620ccc862a84f5915aaf/alert/text'
10:04:06.801 [AsyncHttpClient-1-9] DEBUG org.asynchttpclient.netty.handler.HttpHandler - 

Request DefaultFullHttpRequest(decodeResult: success, version: HTTP/1.1, content: EmptyByteBufBE)
GET /session/2499f3e7adb3620ccc862a84f5915aaf/alert/text HTTP/1.1
User-Agent: selenium/4.7.1 (java windows)
Cache-Control: no-cache
Content-Type: application/json; charset=utf-8
host: localhost:22994
accept: */*

Response DefaultHttpResponse(decodeResult: success, version: HTTP/1.1)
HTTP/1.1 404 Not Found
Content-Type: application/json; charset=utf-8
cache-control: no-cache
content-length: 821

10:04:06.801 [AsyncHttpClient-1-9] DEBUG org.asynchttpclient.netty.channel.ChannelManager - Adding key: http://localhost:22994 for channel [id: 0x6eca6914, L:/127.0.0.1:50237 - R:localhost/127.0.0.1:22994]
10:04:06.804 [Forwarding switchToWindow on session 2499f3e7adb3620ccc862a84f5915aaf to remote] DEBUG org.asynchttpclient.netty.request.NettyRequestSender - Using pooled Channel '[id: 0x6eca6914, L:/127.0.0.1:50237 - R:localhost/127.0.0.1:22994]' for 'POST' to 'http://localhost:22994/session/2499f3e7adb3620ccc862a84f5915aaf/window'
10:04:06.804 [Forwarding switchToWindow on session 2499f3e7adb3620ccc862a84f5915aaf to remote] DEBUG org.asynchttpclient.netty.request.NettyRequestSender - Using open Channel [id: 0x6eca6914, L:/127.0.0.1:50237 - R:localhost/127.0.0.1:22994] for POST '/session/2499f3e7adb3620ccc862a84f5915aaf/window'
10:04:06.806 [AsyncHttpClient-1-9] DEBUG org.asynchttpclient.netty.handler.HttpHandler - 

Request DefaultHttpRequest(decodeResult: success, version: HTTP/1.1)
POST /session/2499f3e7adb3620ccc862a84f5915aaf/window HTTP/1.1
User-Agent: selenium/4.7.1 (java windows)
Content-Length: 50
Content-Type: application/json; charset=utf-8
host: localhost:22994
accept: */*

Response DefaultHttpResponse(decodeResult: success, version: HTTP/1.1)
HTTP/1.1 200 OK
Content-Type: application/json; charset=utf-8
cache-control: no-cache
content-length: 14

10:04:06.807 [AsyncHttpClient-1-9] DEBUG org.asynchttpclient.netty.channel.ChannelManager - Adding key: http://localhost:22994 for channel [id: 0x6eca6914, L:/127.0.0.1:50237 - R:localhost/127.0.0.1:22994]
10:04:06.807 [Forwarding getCurrentUrl on session 2499f3e7adb3620ccc862a84f5915aaf to remote] DEBUG org.asynchttpclient.netty.request.NettyRequestSender - Using pooled Channel '[id: 0x6eca6914, L:/127.0.0.1:50237 - R:localhost/127.0.0.1:22994]' for 'GET' to 'http://localhost:22994/session/2499f3e7adb3620ccc862a84f5915aaf/url'
10:04:06.807 [Forwarding getCurrentUrl on session 2499f3e7adb3620ccc862a84f5915aaf to remote] DEBUG org.asynchttpclient.netty.request.NettyRequestSender - Using open Channel [id: 0x6eca6914, L:/127.0.0.1:50237 - R:localhost/127.0.0.1:22994] for GET '/session/2499f3e7adb3620ccc862a84f5915aaf/url'
10:04:06.816 [AsyncHttpClient-1-9] DEBUG org.asynchttpclient.netty.handler.HttpHandler - 

Request DefaultFullHttpRequest(decodeResult: success, version: HTTP/1.1, content: EmptyByteBufBE)
GET /session/2499f3e7adb3620ccc862a84f5915aaf/url HTTP/1.1
User-Agent: selenium/4.7.1 (java windows)
Cache-Control: no-cache
Content-Type: application/json; charset=utf-8
host: localhost:22994
accept: */*

Response DefaultHttpResponse(decodeResult: success, version: HTTP/1.1)
HTTP/1.1 200 OK
Content-Type: application/json; charset=utf-8
cache-control: no-cache
content-length: 51

10:04:06.816 [AsyncHttpClient-1-9] DEBUG org.asynchttpclient.netty.channel.ChannelManager - Adding key: http://localhost:22994 for channel [id: 0x6eca6914, L:/127.0.0.1:50237 - R:localhost/127.0.0.1:22994]
10:04:06.817 [Forwarding screenshot on session 2499f3e7adb3620ccc862a84f5915aaf to remote] DEBUG org.asynchttpclient.netty.request.NettyRequestSender - Using pooled Channel '[id: 0x6eca6914, L:/127.0.0.1:50237 - R:localhost/127.0.0.1:22994]' for 'GET' to 'http://localhost:22994/session/2499f3e7adb3620ccc862a84f5915aaf/screenshot'
10:04:06.817 [Forwarding screenshot on session 2499f3e7adb3620ccc862a84f5915aaf to remote] DEBUG org.asynchttpclient.netty.request.NettyRequestSender - Using open Channel [id: 0x6eca6914, L:/127.0.0.1:50237 - R:localhost/127.0.0.1:22994] for GET '/session/2499f3e7adb3620ccc862a84f5915aaf/screenshot'
10:04:06.939 [AsyncHttpClient-1-9] DEBUG org.asynchttpclient.netty.handler.HttpHandler - 

Request DefaultFullHttpRequest(decodeResult: success, version: HTTP/1.1, content: EmptyByteBufBE)
GET /session/2499f3e7adb3620ccc862a84f5915aaf/screenshot HTTP/1.1
User-Agent: selenium/4.7.1 (java windows)
Cache-Control: no-cache
Content-Type: application/json; charset=utf-8
host: localhost:22994
accept: */*

Response DefaultHttpResponse(decodeResult: success, version: HTTP/1.1)
HTTP/1.1 200 OK
Content-Type: application/json; charset=utf-8
cache-control: no-cache
content-length: 29904

10:04:06.940 [AsyncHttpClient-1-9] DEBUG org.asynchttpclient.netty.channel.ChannelManager - Adding key: http://localhost:22994 for channel [id: 0x6eca6914, L:/127.0.0.1:50237 - R:localhost/127.0.0.1:22994]
10:04:06.941 [main] DEBUG net.serenitybdd.core.photography.Darkroom - Send negative for processing for target\site\serenity\ff50e67ed9ed40e72fb397fc7a09bfe209c3f680fb3b696510ea6780568d1463.png
10:04:06.942 [main] DEBUG net.thucydides.core.steps.StepInterceptor - STEP DONE: inputEmail
10:04:06.942 [Darkroom Processing Line] DEBUG net.serenitybdd.core.photography.DarkroomProcessingLine - Processing screenshot image in /var/screenshots/screenshot-4509064683510321600
10:04:06.942 [Darkroom Processing Line] DEBUG net.serenitybdd.core.photography.DarkroomProcessingLine - Saving screenshot to target\site\serenity\ff50e67ed9ed40e72fb397fc7a09bfe209c3f680fb3b696510ea6780568d1463.png
10:04:06.949 [main] DEBUG net.thucydides.core.steps.StepInterceptor - STARTING STEP: TransaksiSteps.userBeradaDiHomepageAltaShopDanLoginAkun - inputPassword
10:04:06.951 [Forwarding findElement on session 2499f3e7adb3620ccc862a84f5915aaf to remote] DEBUG org.asynchttpclient.netty.request.NettyRequestSender - Using pooled Channel '[id: 0x6eca6914, L:/127.0.0.1:50237 - R:localhost/127.0.0.1:22994]' for 'POST' to 'http://localhost:22994/session/2499f3e7adb3620ccc862a84f5915aaf/element'
10:04:06.951 [Forwarding findElement on session 2499f3e7adb3620ccc862a84f5915aaf to remote] DEBUG org.asynchttpclient.netty.request.NettyRequestSender - Using open Channel [id: 0x6eca6914, L:/127.0.0.1:50237 - R:localhost/127.0.0.1:22994] for POST '/session/2499f3e7adb3620ccc862a84f5915aaf/element'
10:04:06.970 [AsyncHttpClient-1-9] DEBUG org.asynchttpclient.netty.handler.HttpHandler - 

Request DefaultHttpRequest(decodeResult: success, version: HTTP/1.1)
POST /session/2499f3e7adb3620ccc862a84f5915aaf/element HTTP/1.1
User-Agent: selenium/4.7.1 (java windows)
Content-Length: 187
Content-Type: application/json; charset=utf-8
host: localhost:22994
accept: */*

Response DefaultHttpResponse(decodeResult: success, version: HTTP/1.1)
HTTP/1.1 200 OK
Content-Type: application/json; charset=utf-8
cache-control: no-cache
content-length: 88

10:04:06.971 [AsyncHttpClient-1-9] DEBUG org.asynchttpclient.netty.channel.ChannelManager - Adding key: http://localhost:22994 for channel [id: 0x6eca6914, L:/127.0.0.1:50237 - R:localhost/127.0.0.1:22994]
10:04:06.972 [Forwarding clearElement on session 2499f3e7adb3620ccc862a84f5915aaf to remote] DEBUG org.asynchttpclient.netty.request.NettyRequestSender - Using pooled Channel '[id: 0x6eca6914, L:/127.0.0.1:50237 - R:localhost/127.0.0.1:22994]' for 'POST' to 'http://localhost:22994/session/2499f3e7adb3620ccc862a84f5915aaf/element/2551309b-a212-485b-ada9-dbe7cd20d22d/clear'
10:04:06.972 [Forwarding clearElement on session 2499f3e7adb3620ccc862a84f5915aaf to remote] DEBUG org.asynchttpclient.netty.request.NettyRequestSender - Using open Channel [id: 0x6eca6914, L:/127.0.0.1:50237 - R:localhost/127.0.0.1:22994] for POST '/session/2499f3e7adb3620ccc862a84f5915aaf/element/2551309b-a212-485b-ada9-dbe7cd20d22d/clear'
10:04:07.022 [AsyncHttpClient-1-9] DEBUG org.asynchttpclient.netty.handler.HttpHandler - 

Request DefaultHttpRequest(decodeResult: success, version: HTTP/1.1)
POST /session/2499f3e7adb3620ccc862a84f5915aaf/element/2551309b-a212-485b-ada9-dbe7cd20d22d/clear HTTP/1.1
User-Agent: selenium/4.7.1 (java windows)
Content-Length: 50
Content-Type: application/json; charset=utf-8
host: localhost:22994
accept: */*

Response DefaultHttpResponse(decodeResult: success, version: HTTP/1.1)
HTTP/1.1 200 OK
Content-Type: application/json; charset=utf-8
cache-control: no-cache
content-length: 14

10:04:07.023 [AsyncHttpClient-1-9] DEBUG org.asynchttpclient.netty.channel.ChannelManager - Adding key: http://localhost:22994 for channel [id: 0x6eca6914, L:/127.0.0.1:50237 - R:localhost/127.0.0.1:22994]
10:04:07.024 [Forwarding sendKeysToElement on session 2499f3e7adb3620ccc862a84f5915aaf to remote] DEBUG org.asynchttpclient.netty.request.NettyRequestSender - Using pooled Channel '[id: 0x6eca6914, L:/127.0.0.1:50237 - R:localhost/127.0.0.1:22994]' for 'POST' to 'http://localhost:22994/session/2499f3e7adb3620ccc862a84f5915aaf/element/2551309b-a212-485b-ada9-dbe7cd20d22d/value'
10:04:07.025 [Forwarding sendKeysToElement on session 2499f3e7adb3620ccc862a84f5915aaf to remote] DEBUG org.asynchttpclient.netty.request.NettyRequestSender - Using open Channel [id: 0x6eca6914, L:/127.0.0.1:50237 - R:localhost/127.0.0.1:22994] for POST '/session/2499f3e7adb3620ccc862a84f5915aaf/element/2551309b-a212-485b-ada9-dbe7cd20d22d/value'
10:04:07.117 [AsyncHttpClient-1-9] DEBUG org.asynchttpclient.netty.handler.HttpHandler - 

Request DefaultHttpRequest(decodeResult: success, version: HTTP/1.1)
POST /session/2499f3e7adb3620ccc862a84f5915aaf/element/2551309b-a212-485b-ada9-dbe7cd20d22d/value HTTP/1.1
User-Agent: selenium/4.7.1 (java windows)
Content-Length: 111
Content-Type: application/json; charset=utf-8
host: localhost:22994
accept: */*

Response DefaultHttpResponse(decodeResult: success, version: HTTP/1.1)
HTTP/1.1 200 OK
Content-Type: application/json; charset=utf-8
cache-control: no-cache
content-length: 14

10:04:07.117 [AsyncHttpClient-1-9] DEBUG org.asynchttpclient.netty.channel.ChannelManager - Adding key: http://localhost:22994 for channel [id: 0x6eca6914, L:/127.0.0.1:50237 - R:localhost/127.0.0.1:22994]
10:04:07.130 [Forwarding getCurrentWindowHandle on session 2499f3e7adb3620ccc862a84f5915aaf to remote] DEBUG org.asynchttpclient.netty.request.NettyRequestSender - Using pooled Channel '[id: 0x6eca6914, L:/127.0.0.1:50237 - R:localhost/127.0.0.1:22994]' for 'GET' to 'http://localhost:22994/session/2499f3e7adb3620ccc862a84f5915aaf/window'
10:04:07.131 [Forwarding getCurrentWindowHandle on session 2499f3e7adb3620ccc862a84f5915aaf to remote] DEBUG org.asynchttpclient.netty.request.NettyRequestSender - Using open Channel [id: 0x6eca6914, L:/127.0.0.1:50237 - R:localhost/127.0.0.1:22994] for GET '/session/2499f3e7adb3620ccc862a84f5915aaf/window'
10:04:07.135 [AsyncHttpClient-1-9] DEBUG org.asynchttpclient.netty.handler.HttpHandler - 

Request DefaultFullHttpRequest(decodeResult: success, version: HTTP/1.1, content: EmptyByteBufBE)
GET /session/2499f3e7adb3620ccc862a84f5915aaf/window HTTP/1.1
User-Agent: selenium/4.7.1 (java windows)
Cache-Control: no-cache
Content-Type: application/json; charset=utf-8
host: localhost:22994
accept: */*

Response DefaultHttpResponse(decodeResult: success, version: HTTP/1.1)
HTTP/1.1 200 OK
Content-Type: application/json; charset=utf-8
cache-control: no-cache
content-length: 44

10:04:07.135 [AsyncHttpClient-1-9] DEBUG org.asynchttpclient.netty.channel.ChannelManager - Adding key: http://localhost:22994 for channel [id: 0x6eca6914, L:/127.0.0.1:50237 - R:localhost/127.0.0.1:22994]
10:04:07.139 [Forwarding getAlertText on session 2499f3e7adb3620ccc862a84f5915aaf to remote] DEBUG org.asynchttpclient.netty.request.NettyRequestSender - Using pooled Channel '[id: 0x6eca6914, L:/127.0.0.1:50237 - R:localhost/127.0.0.1:22994]' for 'GET' to 'http://localhost:22994/session/2499f3e7adb3620ccc862a84f5915aaf/alert/text'
10:04:07.139 [Forwarding getAlertText on session 2499f3e7adb3620ccc862a84f5915aaf to remote] DEBUG org.asynchttpclient.netty.request.NettyRequestSender - Using open Channel [id: 0x6eca6914, L:/127.0.0.1:50237 - R:localhost/127.0.0.1:22994] for GET '/session/2499f3e7adb3620ccc862a84f5915aaf/alert/text'
10:04:07.142 [AsyncHttpClient-1-9] DEBUG org.asynchttpclient.netty.handler.HttpHandler - 

Request DefaultFullHttpRequest(decodeResult: success, version: HTTP/1.1, content: EmptyByteBufBE)
GET /session/2499f3e7adb3620ccc862a84f5915aaf/alert/text HTTP/1.1
User-Agent: selenium/4.7.1 (java windows)
Cache-Control: no-cache
Content-Type: application/json; charset=utf-8
host: localhost:22994
accept: */*

Response DefaultHttpResponse(decodeResult: success, version: HTTP/1.1)
HTTP/1.1 404 Not Found
Content-Type: application/json; charset=utf-8
cache-control: no-cache
content-length: 821

10:04:07.142 [AsyncHttpClient-1-9] DEBUG org.asynchttpclient.netty.channel.ChannelManager - Adding key: http://localhost:22994 for channel [id: 0x6eca6914, L:/127.0.0.1:50237 - R:localhost/127.0.0.1:22994]
10:04:07.146 [Forwarding switchToWindow on session 2499f3e7adb3620ccc862a84f5915aaf to remote] DEBUG org.asynchttpclient.netty.request.NettyRequestSender - Using pooled Channel '[id: 0x6eca6914, L:/127.0.0.1:50237 - R:localhost/127.0.0.1:22994]' for 'POST' to 'http://localhost:22994/session/2499f3e7adb3620ccc862a84f5915aaf/window'
10:04:07.146 [Forwarding switchToWindow on session 2499f3e7adb3620ccc862a84f5915aaf to remote] DEBUG org.asynchttpclient.netty.request.NettyRequestSender - Using open Channel [id: 0x6eca6914, L:/127.0.0.1:50237 - R:localhost/127.0.0.1:22994] for POST '/session/2499f3e7adb3620ccc862a84f5915aaf/window'
10:04:07.151 [AsyncHttpClient-1-9] DEBUG org.asynchttpclient.netty.handler.HttpHandler - 

Request DefaultHttpRequest(decodeResult: success, version: HTTP/1.1)
POST /session/2499f3e7adb3620ccc862a84f5915aaf/window HTTP/1.1
User-Agent: selenium/4.7.1 (java windows)
Content-Length: 50
Content-Type: application/json; charset=utf-8
host: localhost:22994
accept: */*

Response DefaultHttpResponse(decodeResult: success, version: HTTP/1.1)
HTTP/1.1 200 OK
Content-Type: application/json; charset=utf-8
cache-control: no-cache
content-length: 14

10:04:07.152 [AsyncHttpClient-1-9] DEBUG org.asynchttpclient.netty.channel.ChannelManager - Adding key: http://localhost:22994 for channel [id: 0x6eca6914, L:/127.0.0.1:50237 - R:localhost/127.0.0.1:22994]
10:04:07.153 [Forwarding getCurrentUrl on session 2499f3e7adb3620ccc862a84f5915aaf to remote] DEBUG org.asynchttpclient.netty.request.NettyRequestSender - Using pooled Channel '[id: 0x6eca6914, L:/127.0.0.1:50237 - R:localhost/127.0.0.1:22994]' for 'GET' to 'http://localhost:22994/session/2499f3e7adb3620ccc862a84f5915aaf/url'
10:04:07.153 [Forwarding getCurrentUrl on session 2499f3e7adb3620ccc862a84f5915aaf to remote] DEBUG org.asynchttpclient.netty.request.NettyRequestSender - Using open Channel [id: 0x6eca6914, L:/127.0.0.1:50237 - R:localhost/127.0.0.1:22994] for GET '/session/2499f3e7adb3620ccc862a84f5915aaf/url'
10:04:07.161 [AsyncHttpClient-1-9] DEBUG org.asynchttpclient.netty.handler.HttpHandler - 

Request DefaultFullHttpRequest(decodeResult: success, version: HTTP/1.1, content: EmptyByteBufBE)
GET /session/2499f3e7adb3620ccc862a84f5915aaf/url HTTP/1.1
User-Agent: selenium/4.7.1 (java windows)
Cache-Control: no-cache
Content-Type: application/json; charset=utf-8
host: localhost:22994
accept: */*

Response DefaultHttpResponse(decodeResult: success, version: HTTP/1.1)
HTTP/1.1 200 OK
Content-Type: application/json; charset=utf-8
cache-control: no-cache
content-length: 51

10:04:07.162 [AsyncHttpClient-1-9] DEBUG org.asynchttpclient.netty.channel.ChannelManager - Adding key: http://localhost:22994 for channel [id: 0x6eca6914, L:/127.0.0.1:50237 - R:localhost/127.0.0.1:22994]
10:04:07.164 [Forwarding screenshot on session 2499f3e7adb3620ccc862a84f5915aaf to remote] DEBUG org.asynchttpclient.netty.request.NettyRequestSender - Using pooled Channel '[id: 0x6eca6914, L:/127.0.0.1:50237 - R:localhost/127.0.0.1:22994]' for 'GET' to 'http://localhost:22994/session/2499f3e7adb3620ccc862a84f5915aaf/screenshot'
10:04:07.164 [Forwarding screenshot on session 2499f3e7adb3620ccc862a84f5915aaf to remote] DEBUG org.asynchttpclient.netty.request.NettyRequestSender - Using open Channel [id: 0x6eca6914, L:/127.0.0.1:50237 - R:localhost/127.0.0.1:22994] for GET '/session/2499f3e7adb3620ccc862a84f5915aaf/screenshot'
10:04:07.304 [AsyncHttpClient-1-9] DEBUG org.asynchttpclient.netty.handler.HttpHandler - 

Request DefaultFullHttpRequest(decodeResult: success, version: HTTP/1.1, content: EmptyByteBufBE)
GET /session/2499f3e7adb3620ccc862a84f5915aaf/screenshot HTTP/1.1
User-Agent: selenium/4.7.1 (java windows)
Cache-Control: no-cache
Content-Type: application/json; charset=utf-8
host: localhost:22994
accept: */*

Response DefaultHttpResponse(decodeResult: success, version: HTTP/1.1)
HTTP/1.1 200 OK
Content-Type: application/json; charset=utf-8
cache-control: no-cache
content-length: 29760

10:04:07.305 [AsyncHttpClient-1-9] DEBUG org.asynchttpclient.netty.channel.ChannelManager - Adding key: http://localhost:22994 for channel [id: 0x6eca6914, L:/127.0.0.1:50237 - R:localhost/127.0.0.1:22994]
10:04:07.306 [main] DEBUG net.serenitybdd.core.photography.Darkroom - Send negative for processing for target\site\serenity\f8ed82fd55bdf8d1eb82cbd12fedaef002ea832a2e7ce085b75000cb94eafdc7.png
10:04:07.307 [main] DEBUG net.thucydides.core.steps.StepInterceptor - STEP DONE: inputPassword
10:04:07.307 [Darkroom Processing Line] DEBUG net.serenitybdd.core.photography.DarkroomProcessingLine - Processing screenshot image in /var/screenshots/screenshot-18046190029779186427
10:04:07.307 [Darkroom Processing Line] DEBUG net.serenitybdd.core.photography.DarkroomProcessingLine - Saving screenshot to target\site\serenity\f8ed82fd55bdf8d1eb82cbd12fedaef002ea832a2e7ce085b75000cb94eafdc7.png
10:04:07.313 [main] DEBUG net.thucydides.core.steps.StepInterceptor - STARTING STEP: TransaksiSteps.userBeradaDiHomepageAltaShopDanLoginAkun - klikButtonLoginKedua
10:04:07.317 [Forwarding findElement on session 2499f3e7adb3620ccc862a84f5915aaf to remote] DEBUG org.asynchttpclient.netty.request.NettyRequestSender - Using pooled Channel '[id: 0x6eca6914, L:/127.0.0.1:50237 - R:localhost/127.0.0.1:22994]' for 'POST' to 'http://localhost:22994/session/2499f3e7adb3620ccc862a84f5915aaf/element'
10:04:07.317 [Forwarding findElement on session 2499f3e7adb3620ccc862a84f5915aaf to remote] DEBUG org.asynchttpclient.netty.request.NettyRequestSender - Using open Channel [id: 0x6eca6914, L:/127.0.0.1:50237 - R:localhost/127.0.0.1:22994] for POST '/session/2499f3e7adb3620ccc862a84f5915aaf/element'
10:04:07.337 [AsyncHttpClient-1-9] DEBUG org.asynchttpclient.netty.handler.HttpHandler - 

Request DefaultHttpRequest(decodeResult: success, version: HTTP/1.1)
POST /session/2499f3e7adb3620ccc862a84f5915aaf/element HTTP/1.1
User-Agent: selenium/4.7.1 (java windows)
Content-Length: 141
Content-Type: application/json; charset=utf-8
host: localhost:22994
accept: */*

Response DefaultHttpResponse(decodeResult: success, version: HTTP/1.1)
HTTP/1.1 200 OK
Content-Type: application/json; charset=utf-8
cache-control: no-cache
content-length: 88

10:04:07.337 [AsyncHttpClient-1-9] DEBUG org.asynchttpclient.netty.channel.ChannelManager - Adding key: http://localhost:22994 for channel [id: 0x6eca6914, L:/127.0.0.1:50237 - R:localhost/127.0.0.1:22994]
10:04:07.339 [Forwarding getElementTagName on session 2499f3e7adb3620ccc862a84f5915aaf to remote] DEBUG org.asynchttpclient.netty.request.NettyRequestSender - Using pooled Channel '[id: 0x6eca6914, L:/127.0.0.1:50237 - R:localhost/127.0.0.1:22994]' for 'GET' to 'http://localhost:22994/session/2499f3e7adb3620ccc862a84f5915aaf/element/cd4ab6b4-2bd2-40f5-99c6-270b205d87bc/name'
10:04:07.339 [Forwarding getElementTagName on session 2499f3e7adb3620ccc862a84f5915aaf to remote] DEBUG org.asynchttpclient.netty.request.NettyRequestSender - Using open Channel [id: 0x6eca6914, L:/127.0.0.1:50237 - R:localhost/127.0.0.1:22994] for GET '/session/2499f3e7adb3620ccc862a84f5915aaf/element/cd4ab6b4-2bd2-40f5-99c6-270b205d87bc/name'
10:04:07.346 [AsyncHttpClient-1-9] DEBUG org.asynchttpclient.netty.handler.HttpHandler - 

Request DefaultFullHttpRequest(decodeResult: success, version: HTTP/1.1, content: EmptyByteBufBE)
GET /session/2499f3e7adb3620ccc862a84f5915aaf/element/cd4ab6b4-2bd2-40f5-99c6-270b205d87bc/name HTTP/1.1
User-Agent: selenium/4.7.1 (java windows)
Cache-Control: no-cache
Content-Type: application/json; charset=utf-8
host: localhost:22994
accept: */*

Response DefaultHttpResponse(decodeResult: success, version: HTTP/1.1)
HTTP/1.1 200 OK
Content-Type: application/json; charset=utf-8
cache-control: no-cache
content-length: 18

10:04:07.346 [AsyncHttpClient-1-9] DEBUG org.asynchttpclient.netty.channel.ChannelManager - Adding key: http://localhost:22994 for channel [id: 0x6eca6914, L:/127.0.0.1:50237 - R:localhost/127.0.0.1:22994]
10:04:07.348 [Forwarding getElementTagName on session 2499f3e7adb3620ccc862a84f5915aaf to remote] DEBUG org.asynchttpclient.netty.request.NettyRequestSender - Using pooled Channel '[id: 0x6eca6914, L:/127.0.0.1:50237 - R:localhost/127.0.0.1:22994]' for 'GET' to 'http://localhost:22994/session/2499f3e7adb3620ccc862a84f5915aaf/element/cd4ab6b4-2bd2-40f5-99c6-270b205d87bc/name'
10:04:07.348 [Forwarding getElementTagName on session 2499f3e7adb3620ccc862a84f5915aaf to remote] DEBUG org.asynchttpclient.netty.request.NettyRequestSender - Using open Channel [id: 0x6eca6914, L:/127.0.0.1:50237 - R:localhost/127.0.0.1:22994] for GET '/session/2499f3e7adb3620ccc862a84f5915aaf/element/cd4ab6b4-2bd2-40f5-99c6-270b205d87bc/name'
10:04:07.355 [AsyncHttpClient-1-9] DEBUG org.asynchttpclient.netty.handler.HttpHandler - 

Request DefaultFullHttpRequest(decodeResult: success, version: HTTP/1.1, content: EmptyByteBufBE)
GET /session/2499f3e7adb3620ccc862a84f5915aaf/element/cd4ab6b4-2bd2-40f5-99c6-270b205d87bc/name HTTP/1.1
User-Agent: selenium/4.7.1 (java windows)
Cache-Control: no-cache
Content-Type: application/json; charset=utf-8
host: localhost:22994
accept: */*

Response DefaultHttpResponse(decodeResult: success, version: HTTP/1.1)
HTTP/1.1 200 OK
Content-Type: application/json; charset=utf-8
cache-control: no-cache
content-length: 18

10:04:07.356 [AsyncHttpClient-1-9] DEBUG org.asynchttpclient.netty.channel.ChannelManager - Adding key: http://localhost:22994 for channel [id: 0x6eca6914, L:/127.0.0.1:50237 - R:localhost/127.0.0.1:22994]
10:04:07.358 [Forwarding isElementEnabled on session 2499f3e7adb3620ccc862a84f5915aaf to remote] DEBUG org.asynchttpclient.netty.request.NettyRequestSender - Using pooled Channel '[id: 0x6eca6914, L:/127.0.0.1:50237 - R:localhost/127.0.0.1:22994]' for 'GET' to 'http://localhost:22994/session/2499f3e7adb3620ccc862a84f5915aaf/element/cd4ab6b4-2bd2-40f5-99c6-270b205d87bc/enabled'
10:04:07.358 [Forwarding isElementEnabled on session 2499f3e7adb3620ccc862a84f5915aaf to remote] DEBUG org.asynchttpclient.netty.request.NettyRequestSender - Using open Channel [id: 0x6eca6914, L:/127.0.0.1:50237 - R:localhost/127.0.0.1:22994] for GET '/session/2499f3e7adb3620ccc862a84f5915aaf/element/cd4ab6b4-2bd2-40f5-99c6-270b205d87bc/enabled'
10:04:07.367 [AsyncHttpClient-1-1] DEBUG org.asynchttpclient.netty.channel.DefaultChannelPool - Entry count for : http://localhost:50238 : 1
10:04:07.375 [AsyncHttpClient-1-9] DEBUG org.asynchttpclient.netty.handler.HttpHandler - 

Request DefaultFullHttpRequest(decodeResult: success, version: HTTP/1.1, content: EmptyByteBufBE)
GET /session/2499f3e7adb3620ccc862a84f5915aaf/element/cd4ab6b4-2bd2-40f5-99c6-270b205d87bc/enabled HTTP/1.1
User-Agent: selenium/4.7.1 (java windows)
Cache-Control: no-cache
Content-Type: application/json; charset=utf-8
host: localhost:22994
accept: */*

Response DefaultHttpResponse(decodeResult: success, version: HTTP/1.1)
HTTP/1.1 200 OK
Content-Type: application/json; charset=utf-8
cache-control: no-cache
content-length: 14

10:04:07.375 [AsyncHttpClient-1-9] DEBUG org.asynchttpclient.netty.channel.ChannelManager - Adding key: http://localhost:22994 for channel [id: 0x6eca6914, L:/127.0.0.1:50237 - R:localhost/127.0.0.1:22994]
10:04:07.376 [Forwarding isElementEnabled on session 2499f3e7adb3620ccc862a84f5915aaf to remote] DEBUG org.asynchttpclient.netty.request.NettyRequestSender - Using pooled Channel '[id: 0x6eca6914, L:/127.0.0.1:50237 - R:localhost/127.0.0.1:22994]' for 'GET' to 'http://localhost:22994/session/2499f3e7adb3620ccc862a84f5915aaf/element/cd4ab6b4-2bd2-40f5-99c6-270b205d87bc/enabled'
10:04:07.376 [Forwarding isElementEnabled on session 2499f3e7adb3620ccc862a84f5915aaf to remote] DEBUG org.asynchttpclient.netty.request.NettyRequestSender - Using open Channel [id: 0x6eca6914, L:/127.0.0.1:50237 - R:localhost/127.0.0.1:22994] for GET '/session/2499f3e7adb3620ccc862a84f5915aaf/element/cd4ab6b4-2bd2-40f5-99c6-270b205d87bc/enabled'
10:04:07.394 [AsyncHttpClient-1-9] DEBUG org.asynchttpclient.netty.handler.HttpHandler - 

Request DefaultFullHttpRequest(decodeResult: success, version: HTTP/1.1, content: EmptyByteBufBE)
GET /session/2499f3e7adb3620ccc862a84f5915aaf/element/cd4ab6b4-2bd2-40f5-99c6-270b205d87bc/enabled HTTP/1.1
User-Agent: selenium/4.7.1 (java windows)
Cache-Control: no-cache
Content-Type: application/json; charset=utf-8
host: localhost:22994
accept: */*

Response DefaultHttpResponse(decodeResult: success, version: HTTP/1.1)
HTTP/1.1 200 OK
Content-Type: application/json; charset=utf-8
cache-control: no-cache
content-length: 14

10:04:07.394 [AsyncHttpClient-1-9] DEBUG org.asynchttpclient.netty.channel.ChannelManager - Adding key: http://localhost:22994 for channel [id: 0x6eca6914, L:/127.0.0.1:50237 - R:localhost/127.0.0.1:22994]
10:04:07.398 [Forwarding findElement on session 2499f3e7adb3620ccc862a84f5915aaf to remote] DEBUG org.asynchttpclient.netty.request.NettyRequestSender - Using pooled Channel '[id: 0x6eca6914, L:/127.0.0.1:50237 - R:localhost/127.0.0.1:22994]' for 'POST' to 'http://localhost:22994/session/2499f3e7adb3620ccc862a84f5915aaf/element'
10:04:07.398 [Forwarding findElement on session 2499f3e7adb3620ccc862a84f5915aaf to remote] DEBUG org.asynchttpclient.netty.request.NettyRequestSender - Using open Channel [id: 0x6eca6914, L:/127.0.0.1:50237 - R:localhost/127.0.0.1:22994] for POST '/session/2499f3e7adb3620ccc862a84f5915aaf/element'
10:04:07.411 [AsyncHttpClient-1-9] DEBUG org.asynchttpclient.netty.handler.HttpHandler - 

Request DefaultHttpRequest(decodeResult: success, version: HTTP/1.1)
POST /session/2499f3e7adb3620ccc862a84f5915aaf/element HTTP/1.1
User-Agent: selenium/4.7.1 (java windows)
Content-Length: 141
Content-Type: application/json; charset=utf-8
host: localhost:22994
accept: */*

Response DefaultHttpResponse(decodeResult: success, version: HTTP/1.1)
HTTP/1.1 200 OK
Content-Type: application/json; charset=utf-8
cache-control: no-cache
content-length: 88

10:04:07.411 [AsyncHttpClient-1-9] DEBUG org.asynchttpclient.netty.channel.ChannelManager - Adding key: http://localhost:22994 for channel [id: 0x6eca6914, L:/127.0.0.1:50237 - R:localhost/127.0.0.1:22994]
10:04:07.413 [Forwarding clickElement on session 2499f3e7adb3620ccc862a84f5915aaf to remote] DEBUG org.asynchttpclient.netty.request.NettyRequestSender - Using pooled Channel '[id: 0x6eca6914, L:/127.0.0.1:50237 - R:localhost/127.0.0.1:22994]' for 'POST' to 'http://localhost:22994/session/2499f3e7adb3620ccc862a84f5915aaf/element/cd4ab6b4-2bd2-40f5-99c6-270b205d87bc/click'
10:04:07.413 [Forwarding clickElement on session 2499f3e7adb3620ccc862a84f5915aaf to remote] DEBUG org.asynchttpclient.netty.request.NettyRequestSender - Using open Channel [id: 0x6eca6914, L:/127.0.0.1:50237 - R:localhost/127.0.0.1:22994] for POST '/session/2499f3e7adb3620ccc862a84f5915aaf/element/cd4ab6b4-2bd2-40f5-99c6-270b205d87bc/click'
10:04:07.494 [AsyncHttpClient-1-9] DEBUG org.asynchttpclient.netty.handler.HttpHandler - 

Request DefaultHttpRequest(decodeResult: success, version: HTTP/1.1)
POST /session/2499f3e7adb3620ccc862a84f5915aaf/element/cd4ab6b4-2bd2-40f5-99c6-270b205d87bc/click HTTP/1.1
User-Agent: selenium/4.7.1 (java windows)
Content-Length: 50
Content-Type: application/json; charset=utf-8
host: localhost:22994
accept: */*

Response DefaultHttpResponse(decodeResult: success, version: HTTP/1.1)
HTTP/1.1 200 OK
Content-Type: application/json; charset=utf-8
cache-control: no-cache
content-length: 14

10:04:07.494 [AsyncHttpClient-1-9] DEBUG org.asynchttpclient.netty.channel.ChannelManager - Adding key: http://localhost:22994 for channel [id: 0x6eca6914, L:/127.0.0.1:50237 - R:localhost/127.0.0.1:22994]
10:04:07.505 [Forwarding getCurrentWindowHandle on session 2499f3e7adb3620ccc862a84f5915aaf to remote] DEBUG org.asynchttpclient.netty.request.NettyRequestSender - Using pooled Channel '[id: 0x6eca6914, L:/127.0.0.1:50237 - R:localhost/127.0.0.1:22994]' for 'GET' to 'http://localhost:22994/session/2499f3e7adb3620ccc862a84f5915aaf/window'
10:04:07.505 [Forwarding getCurrentWindowHandle on session 2499f3e7adb3620ccc862a84f5915aaf to remote] DEBUG org.asynchttpclient.netty.request.NettyRequestSender - Using open Channel [id: 0x6eca6914, L:/127.0.0.1:50237 - R:localhost/127.0.0.1:22994] for GET '/session/2499f3e7adb3620ccc862a84f5915aaf/window'
10:04:07.507 [AsyncHttpClient-1-9] DEBUG org.asynchttpclient.netty.handler.HttpHandler - 

Request DefaultFullHttpRequest(decodeResult: success, version: HTTP/1.1, content: EmptyByteBufBE)
GET /session/2499f3e7adb3620ccc862a84f5915aaf/window HTTP/1.1
User-Agent: selenium/4.7.1 (java windows)
Cache-Control: no-cache
Content-Type: application/json; charset=utf-8
host: localhost:22994
accept: */*

Response DefaultHttpResponse(decodeResult: success, version: HTTP/1.1)
HTTP/1.1 200 OK
Content-Type: application/json; charset=utf-8
cache-control: no-cache
content-length: 44

10:04:07.507 [AsyncHttpClient-1-9] DEBUG org.asynchttpclient.netty.channel.ChannelManager - Adding key: http://localhost:22994 for channel [id: 0x6eca6914, L:/127.0.0.1:50237 - R:localhost/127.0.0.1:22994]
10:04:07.509 [Forwarding getAlertText on session 2499f3e7adb3620ccc862a84f5915aaf to remote] DEBUG org.asynchttpclient.netty.request.NettyRequestSender - Using pooled Channel '[id: 0x6eca6914, L:/127.0.0.1:50237 - R:localhost/127.0.0.1:22994]' for 'GET' to 'http://localhost:22994/session/2499f3e7adb3620ccc862a84f5915aaf/alert/text'
10:04:07.509 [Forwarding getAlertText on session 2499f3e7adb3620ccc862a84f5915aaf to remote] DEBUG org.asynchttpclient.netty.request.NettyRequestSender - Using open Channel [id: 0x6eca6914, L:/127.0.0.1:50237 - R:localhost/127.0.0.1:22994] for GET '/session/2499f3e7adb3620ccc862a84f5915aaf/alert/text'
10:04:07.515 [AsyncHttpClient-1-9] DEBUG org.asynchttpclient.netty.handler.HttpHandler - 

Request DefaultFullHttpRequest(decodeResult: success, version: HTTP/1.1, content: EmptyByteBufBE)
GET /session/2499f3e7adb3620ccc862a84f5915aaf/alert/text HTTP/1.1
User-Agent: selenium/4.7.1 (java windows)
Cache-Control: no-cache
Content-Type: application/json; charset=utf-8
host: localhost:22994
accept: */*

Response DefaultHttpResponse(decodeResult: success, version: HTTP/1.1)
HTTP/1.1 404 Not Found
Content-Type: application/json; charset=utf-8
cache-control: no-cache
content-length: 821

10:04:07.515 [AsyncHttpClient-1-9] DEBUG org.asynchttpclient.netty.channel.ChannelManager - Adding key: http://localhost:22994 for channel [id: 0x6eca6914, L:/127.0.0.1:50237 - R:localhost/127.0.0.1:22994]
10:04:07.519 [Forwarding switchToWindow on session 2499f3e7adb3620ccc862a84f5915aaf to remote] DEBUG org.asynchttpclient.netty.request.NettyRequestSender - Using pooled Channel '[id: 0x6eca6914, L:/127.0.0.1:50237 - R:localhost/127.0.0.1:22994]' for 'POST' to 'http://localhost:22994/session/2499f3e7adb3620ccc862a84f5915aaf/window'
10:04:07.520 [Forwarding switchToWindow on session 2499f3e7adb3620ccc862a84f5915aaf to remote] DEBUG org.asynchttpclient.netty.request.NettyRequestSender - Using open Channel [id: 0x6eca6914, L:/127.0.0.1:50237 - R:localhost/127.0.0.1:22994] for POST '/session/2499f3e7adb3620ccc862a84f5915aaf/window'
10:04:07.524 [AsyncHttpClient-1-9] DEBUG org.asynchttpclient.netty.handler.HttpHandler - 

Request DefaultHttpRequest(decodeResult: success, version: HTTP/1.1)
POST /session/2499f3e7adb3620ccc862a84f5915aaf/window HTTP/1.1
User-Agent: selenium/4.7.1 (java windows)
Content-Length: 50
Content-Type: application/json; charset=utf-8
host: localhost:22994
accept: */*

Response DefaultHttpResponse(decodeResult: success, version: HTTP/1.1)
HTTP/1.1 200 OK
Content-Type: application/json; charset=utf-8
cache-control: no-cache
content-length: 14

10:04:07.524 [AsyncHttpClient-1-9] DEBUG org.asynchttpclient.netty.channel.ChannelManager - Adding key: http://localhost:22994 for channel [id: 0x6eca6914, L:/127.0.0.1:50237 - R:localhost/127.0.0.1:22994]
10:04:07.525 [Forwarding getCurrentUrl on session 2499f3e7adb3620ccc862a84f5915aaf to remote] DEBUG org.asynchttpclient.netty.request.NettyRequestSender - Using pooled Channel '[id: 0x6eca6914, L:/127.0.0.1:50237 - R:localhost/127.0.0.1:22994]' for 'GET' to 'http://localhost:22994/session/2499f3e7adb3620ccc862a84f5915aaf/url'
10:04:07.525 [Forwarding getCurrentUrl on session 2499f3e7adb3620ccc862a84f5915aaf to remote] DEBUG org.asynchttpclient.netty.request.NettyRequestSender - Using open Channel [id: 0x6eca6914, L:/127.0.0.1:50237 - R:localhost/127.0.0.1:22994] for GET '/session/2499f3e7adb3620ccc862a84f5915aaf/url'
10:04:07.540 [AsyncHttpClient-1-9] DEBUG org.asynchttpclient.netty.handler.HttpHandler - 

Request DefaultFullHttpRequest(decodeResult: success, version: HTTP/1.1, content: EmptyByteBufBE)
GET /session/2499f3e7adb3620ccc862a84f5915aaf/url HTTP/1.1
User-Agent: selenium/4.7.1 (java windows)
Cache-Control: no-cache
Content-Type: application/json; charset=utf-8
host: localhost:22994
accept: */*

Response DefaultHttpResponse(decodeResult: success, version: HTTP/1.1)
HTTP/1.1 200 OK
Content-Type: application/json; charset=utf-8
cache-control: no-cache
content-length: 51

10:04:07.540 [AsyncHttpClient-1-9] DEBUG org.asynchttpclient.netty.channel.ChannelManager - Adding key: http://localhost:22994 for channel [id: 0x6eca6914, L:/127.0.0.1:50237 - R:localhost/127.0.0.1:22994]
10:04:07.542 [Forwarding screenshot on session 2499f3e7adb3620ccc862a84f5915aaf to remote] DEBUG org.asynchttpclient.netty.request.NettyRequestSender - Using pooled Channel '[id: 0x6eca6914, L:/127.0.0.1:50237 - R:localhost/127.0.0.1:22994]' for 'GET' to 'http://localhost:22994/session/2499f3e7adb3620ccc862a84f5915aaf/screenshot'
10:04:07.542 [Forwarding screenshot on session 2499f3e7adb3620ccc862a84f5915aaf to remote] DEBUG org.asynchttpclient.netty.request.NettyRequestSender - Using open Channel [id: 0x6eca6914, L:/127.0.0.1:50237 - R:localhost/127.0.0.1:22994] for GET '/session/2499f3e7adb3620ccc862a84f5915aaf/screenshot'
10:04:07.684 [AsyncHttpClient-1-9] DEBUG org.asynchttpclient.netty.handler.HttpHandler - 

Request DefaultFullHttpRequest(decodeResult: success, version: HTTP/1.1, content: EmptyByteBufBE)
GET /session/2499f3e7adb3620ccc862a84f5915aaf/screenshot HTTP/1.1
User-Agent: selenium/4.7.1 (java windows)
Cache-Control: no-cache
Content-Type: application/json; charset=utf-8
host: localhost:22994
accept: */*

Response DefaultHttpResponse(decodeResult: success, version: HTTP/1.1)
HTTP/1.1 200 OK
Content-Type: application/json; charset=utf-8
cache-control: no-cache
content-length: 29372

10:04:07.684 [AsyncHttpClient-1-9] DEBUG org.asynchttpclient.netty.channel.ChannelManager - Adding key: http://localhost:22994 for channel [id: 0x6eca6914, L:/127.0.0.1:50237 - R:localhost/127.0.0.1:22994]
10:04:07.686 [main] DEBUG net.serenitybdd.core.photography.Darkroom - Send negative for processing for target\site\serenity\ac0746c10964bd85aa1bf485154f6facfe75ef2baef4f978359e106db757408f.png
10:04:07.686 [main] DEBUG net.thucydides.core.steps.StepInterceptor - STEP DONE: klikButtonLoginKedua
10:04:07.686 [Darkroom Processing Line] DEBUG net.serenitybdd.core.photography.DarkroomProcessingLine - Processing screenshot image in /var/screenshots/screenshot-398066343378657428
10:04:07.687 [Darkroom Processing Line] DEBUG net.serenitybdd.core.photography.DarkroomProcessingLine - Saving screenshot to target\site\serenity\ac0746c10964bd85aa1bf485154f6facfe75ef2baef4f978359e106db757408f.png
  &amp#27;[32mGiven &amp#27;[0m&amp#27;[32muser berada di Homepage AltaShop dan login akun&amp#27;[0m &amp#27;[90m# starter.stepdefinitions.TransaksiSteps.userBeradaDiHomepageAltaShopDanLoginAkun()&amp#27;[0m
10:04:07.706 [main] DEBUG net.thucydides.core.steps.StepInterceptor - STARTING STEP: TransaksiSteps.userKlikLogoUser - klikLogoUser
10:04:07.710 [Forwarding findElement on session 2499f3e7adb3620ccc862a84f5915aaf to remote] DEBUG org.asynchttpclient.netty.request.NettyRequestSender - Using pooled Channel '[id: 0x6eca6914, L:/127.0.0.1:50237 - R:localhost/127.0.0.1:22994]' for 'POST' to 'http://localhost:22994/session/2499f3e7adb3620ccc862a84f5915aaf/element'
10:04:07.711 [Forwarding findElement on session 2499f3e7adb3620ccc862a84f5915aaf to remote] DEBUG org.asynchttpclient.netty.request.NettyRequestSender - Using open Channel [id: 0x6eca6914, L:/127.0.0.1:50237 - R:localhost/127.0.0.1:22994] for POST '/session/2499f3e7adb3620ccc862a84f5915aaf/element'
10:04:07.735 [AsyncHttpClient-1-9] DEBUG org.asynchttpclient.netty.handler.HttpHandler - 

Request DefaultHttpRequest(decodeResult: success, version: HTTP/1.1)
POST /session/2499f3e7adb3620ccc862a84f5915aaf/element HTTP/1.1
User-Agent: selenium/4.7.1 (java windows)
Content-Length: 111
Content-Type: application/json; charset=utf-8
host: localhost:22994
accept: */*

Response DefaultHttpResponse(decodeResult: success, version: HTTP/1.1)
HTTP/1.1 200 OK
Content-Type: application/json; charset=utf-8
cache-control: no-cache
content-length: 88

10:04:07.735 [AsyncHttpClient-1-9] DEBUG org.asynchttpclient.netty.channel.ChannelManager - Adding key: http://localhost:22994 for channel [id: 0x6eca6914, L:/127.0.0.1:50237 - R:localhost/127.0.0.1:22994]
10:04:07.737 [Forwarding getElementTagName on session 2499f3e7adb3620ccc862a84f5915aaf to remote] DEBUG org.asynchttpclient.netty.request.NettyRequestSender - Using pooled Channel '[id: 0x6eca6914, L:/127.0.0.1:50237 - R:localhost/127.0.0.1:22994]' for 'GET' to 'http://localhost:22994/session/2499f3e7adb3620ccc862a84f5915aaf/element/f484086e-e23c-4d67-b1ea-4628dd80009a/name'
10:04:07.737 [Forwarding getElementTagName on session 2499f3e7adb3620ccc862a84f5915aaf to remote] DEBUG org.asynchttpclient.netty.request.NettyRequestSender - Using open Channel [id: 0x6eca6914, L:/127.0.0.1:50237 - R:localhost/127.0.0.1:22994] for GET '/session/2499f3e7adb3620ccc862a84f5915aaf/element/f484086e-e23c-4d67-b1ea-4628dd80009a/name'
10:04:07.744 [AsyncHttpClient-1-9] DEBUG org.asynchttpclient.netty.handler.HttpHandler - 

Request DefaultFullHttpRequest(decodeResult: success, version: HTTP/1.1, content: EmptyByteBufBE)
GET /session/2499f3e7adb3620ccc862a84f5915aaf/element/f484086e-e23c-4d67-b1ea-4628dd80009a/name HTTP/1.1
User-Agent: selenium/4.7.1 (java windows)
Cache-Control: no-cache
Content-Type: application/json; charset=utf-8
host: localhost:22994
accept: */*

Response DefaultHttpResponse(decodeResult: success, version: HTTP/1.1)
HTTP/1.1 200 OK
Content-Type: application/json; charset=utf-8
cache-control: no-cache
content-length: 18

10:04:07.744 [AsyncHttpClient-1-9] DEBUG org.asynchttpclient.netty.channel.ChannelManager - Adding key: http://localhost:22994 for channel [id: 0x6eca6914, L:/127.0.0.1:50237 - R:localhost/127.0.0.1:22994]
10:04:07.746 [Forwarding getElementTagName on session 2499f3e7adb3620ccc862a84f5915aaf to remote] DEBUG org.asynchttpclient.netty.request.NettyRequestSender - Using pooled Channel '[id: 0x6eca6914, L:/127.0.0.1:50237 - R:localhost/127.0.0.1:22994]' for 'GET' to 'http://localhost:22994/session/2499f3e7adb3620ccc862a84f5915aaf/element/f484086e-e23c-4d67-b1ea-4628dd80009a/name'
10:04:07.747 [Forwarding getElementTagName on session 2499f3e7adb3620ccc862a84f5915aaf to remote] DEBUG org.asynchttpclient.netty.request.NettyRequestSender - Using open Channel [id: 0x6eca6914, L:/127.0.0.1:50237 - R:localhost/127.0.0.1:22994] for GET '/session/2499f3e7adb3620ccc862a84f5915aaf/element/f484086e-e23c-4d67-b1ea-4628dd80009a/name'
10:04:07.754 [AsyncHttpClient-1-9] DEBUG org.asynchttpclient.netty.handler.HttpHandler - 

Request DefaultFullHttpRequest(decodeResult: success, version: HTTP/1.1, content: EmptyByteBufBE)
GET /session/2499f3e7adb3620ccc862a84f5915aaf/element/f484086e-e23c-4d67-b1ea-4628dd80009a/name HTTP/1.1
User-Agent: selenium/4.7.1 (java windows)
Cache-Control: no-cache
Content-Type: application/json; charset=utf-8
host: localhost:22994
accept: */*

Response DefaultHttpResponse(decodeResult: success, version: HTTP/1.1)
HTTP/1.1 200 OK
Content-Type: application/json; charset=utf-8
cache-control: no-cache
content-length: 18

10:04:07.754 [AsyncHttpClient-1-9] DEBUG org.asynchttpclient.netty.channel.ChannelManager - Adding key: http://localhost:22994 for channel [id: 0x6eca6914, L:/127.0.0.1:50237 - R:localhost/127.0.0.1:22994]
10:04:07.756 [Forwarding isElementEnabled on session 2499f3e7adb3620ccc862a84f5915aaf to remote] DEBUG org.asynchttpclient.netty.request.NettyRequestSender - Using pooled Channel '[id: 0x6eca6914, L:/127.0.0.1:50237 - R:localhost/127.0.0.1:22994]' for 'GET' to 'http://localhost:22994/session/2499f3e7adb3620ccc862a84f5915aaf/element/f484086e-e23c-4d67-b1ea-4628dd80009a/enabled'
10:04:07.756 [Forwarding isElementEnabled on session 2499f3e7adb3620ccc862a84f5915aaf to remote] DEBUG org.asynchttpclient.netty.request.NettyRequestSender - Using open Channel [id: 0x6eca6914, L:/127.0.0.1:50237 - R:localhost/127.0.0.1:22994] for GET '/session/2499f3e7adb3620ccc862a84f5915aaf/element/f484086e-e23c-4d67-b1ea-4628dd80009a/enabled'
10:04:07.767 [AsyncHttpClient-1-9] DEBUG org.asynchttpclient.netty.handler.HttpHandler - 

Request DefaultFullHttpRequest(decodeResult: success, version: HTTP/1.1, content: EmptyByteBufBE)
GET /session/2499f3e7adb3620ccc862a84f5915aaf/element/f484086e-e23c-4d67-b1ea-4628dd80009a/enabled HTTP/1.1
User-Agent: selenium/4.7.1 (java windows)
Cache-Control: no-cache
Content-Type: application/json; charset=utf-8
host: localhost:22994
accept: */*

Response DefaultHttpResponse(decodeResult: success, version: HTTP/1.1)
HTTP/1.1 200 OK
Content-Type: application/json; charset=utf-8
cache-control: no-cache
content-length: 14

10:04:07.768 [AsyncHttpClient-1-9] DEBUG org.asynchttpclient.netty.channel.ChannelManager - Adding key: http://localhost:22994 for channel [id: 0x6eca6914, L:/127.0.0.1:50237 - R:localhost/127.0.0.1:22994]
10:04:07.769 [Forwarding isElementEnabled on session 2499f3e7adb3620ccc862a84f5915aaf to remote] DEBUG org.asynchttpclient.netty.request.NettyRequestSender - Using pooled Channel '[id: 0x6eca6914, L:/127.0.0.1:50237 - R:localhost/127.0.0.1:22994]' for 'GET' to 'http://localhost:22994/session/2499f3e7adb3620ccc862a84f5915aaf/element/f484086e-e23c-4d67-b1ea-4628dd80009a/enabled'
10:04:07.769 [Forwarding isElementEnabled on session 2499f3e7adb3620ccc862a84f5915aaf to remote] DEBUG org.asynchttpclient.netty.request.NettyRequestSender - Using open Channel [id: 0x6eca6914, L:/127.0.0.1:50237 - R:localhost/127.0.0.1:22994] for GET '/session/2499f3e7adb3620ccc862a84f5915aaf/element/f484086e-e23c-4d67-b1ea-4628dd80009a/enabled'
10:04:07.778 [AsyncHttpClient-1-9] DEBUG org.asynchttpclient.netty.handler.HttpHandler - 

Request DefaultFullHttpRequest(decodeResult: success, version: HTTP/1.1, content: EmptyByteBufBE)
GET /session/2499f3e7adb3620ccc862a84f5915aaf/element/f484086e-e23c-4d67-b1ea-4628dd80009a/enabled HTTP/1.1
User-Agent: selenium/4.7.1 (java windows)
Cache-Control: no-cache
Content-Type: application/json; charset=utf-8
host: localhost:22994
accept: */*

Response DefaultHttpResponse(decodeResult: success, version: HTTP/1.1)
HTTP/1.1 200 OK
Content-Type: application/json; charset=utf-8
cache-control: no-cache
content-length: 14

10:04:07.778 [AsyncHttpClient-1-9] DEBUG org.asynchttpclient.netty.channel.ChannelManager - Adding key: http://localhost:22994 for channel [id: 0x6eca6914, L:/127.0.0.1:50237 - R:localhost/127.0.0.1:22994]
10:04:07.781 [Forwarding findElement on session 2499f3e7adb3620ccc862a84f5915aaf to remote] DEBUG org.asynchttpclient.netty.request.NettyRequestSender - Using pooled Channel '[id: 0x6eca6914, L:/127.0.0.1:50237 - R:localhost/127.0.0.1:22994]' for 'POST' to 'http://localhost:22994/session/2499f3e7adb3620ccc862a84f5915aaf/element'
10:04:07.781 [Forwarding findElement on session 2499f3e7adb3620ccc862a84f5915aaf to remote] DEBUG org.asynchttpclient.netty.request.NettyRequestSender - Using open Channel [id: 0x6eca6914, L:/127.0.0.1:50237 - R:localhost/127.0.0.1:22994] for POST '/session/2499f3e7adb3620ccc862a84f5915aaf/element'
10:04:07.793 [AsyncHttpClient-1-9] DEBUG org.asynchttpclient.netty.handler.HttpHandler - 

Request DefaultHttpRequest(decodeResult: success, version: HTTP/1.1)
POST /session/2499f3e7adb3620ccc862a84f5915aaf/element HTTP/1.1
User-Agent: selenium/4.7.1 (java windows)
Content-Length: 111
Content-Type: application/json; charset=utf-8
host: localhost:22994
accept: */*

Response DefaultHttpResponse(decodeResult: success, version: HTTP/1.1)
HTTP/1.1 200 OK
Content-Type: application/json; charset=utf-8
cache-control: no-cache
content-length: 88

10:04:07.793 [AsyncHttpClient-1-9] DEBUG org.asynchttpclient.netty.channel.ChannelManager - Adding key: http://localhost:22994 for channel [id: 0x6eca6914, L:/127.0.0.1:50237 - R:localhost/127.0.0.1:22994]
10:04:07.795 [Forwarding clickElement on session 2499f3e7adb3620ccc862a84f5915aaf to remote] DEBUG org.asynchttpclient.netty.request.NettyRequestSender - Using pooled Channel '[id: 0x6eca6914, L:/127.0.0.1:50237 - R:localhost/127.0.0.1:22994]' for 'POST' to 'http://localhost:22994/session/2499f3e7adb3620ccc862a84f5915aaf/element/f484086e-e23c-4d67-b1ea-4628dd80009a/click'
10:04:07.795 [Forwarding clickElement on session 2499f3e7adb3620ccc862a84f5915aaf to remote] DEBUG org.asynchttpclient.netty.request.NettyRequestSender - Using open Channel [id: 0x6eca6914, L:/127.0.0.1:50237 - R:localhost/127.0.0.1:22994] for POST '/session/2499f3e7adb3620ccc862a84f5915aaf/element/f484086e-e23c-4d67-b1ea-4628dd80009a/click'
10:04:07.837 [AsyncHttpClient-1-9] DEBUG org.asynchttpclient.netty.handler.HttpHandler - 

Request DefaultHttpRequest(decodeResult: success, version: HTTP/1.1)
POST /session/2499f3e7adb3620ccc862a84f5915aaf/element/f484086e-e23c-4d67-b1ea-4628dd80009a/click HTTP/1.1
User-Agent: selenium/4.7.1 (java windows)
Content-Length: 50
Content-Type: application/json; charset=utf-8
host: localhost:22994
accept: */*

Response DefaultHttpResponse(decodeResult: success, version: HTTP/1.1)
HTTP/1.1 200 OK
Content-Type: application/json; charset=utf-8
cache-control: no-cache
content-length: 14

10:04:07.837 [AsyncHttpClient-1-9] DEBUG org.asynchttpclient.netty.channel.ChannelManager - Adding key: http://localhost:22994 for channel [id: 0x6eca6914, L:/127.0.0.1:50237 - R:localhost/127.0.0.1:22994]
10:04:07.847 [Forwarding getCurrentWindowHandle on session 2499f3e7adb3620ccc862a84f5915aaf to remote] DEBUG org.asynchttpclient.netty.request.NettyRequestSender - Using pooled Channel '[id: 0x6eca6914, L:/127.0.0.1:50237 - R:localhost/127.0.0.1:22994]' for 'GET' to 'http://localhost:22994/session/2499f3e7adb3620ccc862a84f5915aaf/window'
10:04:07.847 [Forwarding getCurrentWindowHandle on session 2499f3e7adb3620ccc862a84f5915aaf to remote] DEBUG org.asynchttpclient.netty.request.NettyRequestSender - Using open Channel [id: 0x6eca6914, L:/127.0.0.1:50237 - R:localhost/127.0.0.1:22994] for GET '/session/2499f3e7adb3620ccc862a84f5915aaf/window'
10:04:07.849 [AsyncHttpClient-1-9] DEBUG org.asynchttpclient.netty.handler.HttpHandler - 

Request DefaultFullHttpRequest(decodeResult: success, version: HTTP/1.1, content: EmptyByteBufBE)
GET /session/2499f3e7adb3620ccc862a84f5915aaf/window HTTP/1.1
User-Agent: selenium/4.7.1 (java windows)
Cache-Control: no-cache
Content-Type: application/json; charset=utf-8
host: localhost:22994
accept: */*

Response DefaultHttpResponse(decodeResult: success, version: HTTP/1.1)
HTTP/1.1 200 OK
Content-Type: application/json; charset=utf-8
cache-control: no-cache
content-length: 44

10:04:07.849 [AsyncHttpClient-1-9] DEBUG org.asynchttpclient.netty.channel.ChannelManager - Adding key: http://localhost:22994 for channel [id: 0x6eca6914, L:/127.0.0.1:50237 - R:localhost/127.0.0.1:22994]
10:04:07.850 [Forwarding getAlertText on session 2499f3e7adb3620ccc862a84f5915aaf to remote] DEBUG org.asynchttpclient.netty.request.NettyRequestSender - Using pooled Channel '[id: 0x6eca6914, L:/127.0.0.1:50237 - R:localhost/127.0.0.1:22994]' for 'GET' to 'http://localhost:22994/session/2499f3e7adb3620ccc862a84f5915aaf/alert/text'
10:04:07.850 [Forwarding getAlertText on session 2499f3e7adb3620ccc862a84f5915aaf to remote] DEBUG org.asynchttpclient.netty.request.NettyRequestSender - Using open Channel [id: 0x6eca6914, L:/127.0.0.1:50237 - R:localhost/127.0.0.1:22994] for GET '/session/2499f3e7adb3620ccc862a84f5915aaf/alert/text'
10:04:07.854 [AsyncHttpClient-1-9] DEBUG org.asynchttpclient.netty.handler.HttpHandler - 

Request DefaultFullHttpRequest(decodeResult: success, version: HTTP/1.1, content: EmptyByteBufBE)
GET /session/2499f3e7adb3620ccc862a84f5915aaf/alert/text HTTP/1.1
User-Agent: selenium/4.7.1 (java windows)
Cache-Control: no-cache
Content-Type: application/json; charset=utf-8
host: localhost:22994
accept: */*

Response DefaultHttpResponse(decodeResult: success, version: HTTP/1.1)
HTTP/1.1 404 Not Found
Content-Type: application/json; charset=utf-8
cache-control: no-cache
content-length: 821

10:04:07.854 [AsyncHttpClient-1-9] DEBUG org.asynchttpclient.netty.channel.ChannelManager - Adding key: http://localhost:22994 for channel [id: 0x6eca6914, L:/127.0.0.1:50237 - R:localhost/127.0.0.1:22994]
10:04:07.856 [Forwarding switchToWindow on session 2499f3e7adb3620ccc862a84f5915aaf to remote] DEBUG org.asynchttpclient.netty.request.NettyRequestSender - Using pooled Channel '[id: 0x6eca6914, L:/127.0.0.1:50237 - R:localhost/127.0.0.1:22994]' for 'POST' to 'http://localhost:22994/session/2499f3e7adb3620ccc862a84f5915aaf/window'
10:04:07.856 [Forwarding switchToWindow on session 2499f3e7adb3620ccc862a84f5915aaf to remote] DEBUG org.asynchttpclient.netty.request.NettyRequestSender - Using open Channel [id: 0x6eca6914, L:/127.0.0.1:50237 - R:localhost/127.0.0.1:22994] for POST '/session/2499f3e7adb3620ccc862a84f5915aaf/window'
10:04:07.860 [AsyncHttpClient-1-9] DEBUG org.asynchttpclient.netty.handler.HttpHandler - 

Request DefaultHttpRequest(decodeResult: success, version: HTTP/1.1)
POST /session/2499f3e7adb3620ccc862a84f5915aaf/window HTTP/1.1
User-Agent: selenium/4.7.1 (java windows)
Content-Length: 50
Content-Type: application/json; charset=utf-8
host: localhost:22994
accept: */*

Response DefaultHttpResponse(decodeResult: success, version: HTTP/1.1)
HTTP/1.1 200 OK
Content-Type: application/json; charset=utf-8
cache-control: no-cache
content-length: 14

10:04:07.860 [AsyncHttpClient-1-9] DEBUG org.asynchttpclient.netty.channel.ChannelManager - Adding key: http://localhost:22994 for channel [id: 0x6eca6914, L:/127.0.0.1:50237 - R:localhost/127.0.0.1:22994]
10:04:07.861 [Forwarding getCurrentUrl on session 2499f3e7adb3620ccc862a84f5915aaf to remote] DEBUG org.asynchttpclient.netty.request.NettyRequestSender - Using pooled Channel '[id: 0x6eca6914, L:/127.0.0.1:50237 - R:localhost/127.0.0.1:22994]' for 'GET' to 'http://localhost:22994/session/2499f3e7adb3620ccc862a84f5915aaf/url'
10:04:07.861 [Forwarding getCurrentUrl on session 2499f3e7adb3620ccc862a84f5915aaf to remote] DEBUG org.asynchttpclient.netty.request.NettyRequestSender - Using open Channel [id: 0x6eca6914, L:/127.0.0.1:50237 - R:localhost/127.0.0.1:22994] for GET '/session/2499f3e7adb3620ccc862a84f5915aaf/url'
10:04:07.870 [AsyncHttpClient-1-9] DEBUG org.asynchttpclient.netty.handler.HttpHandler - 

Request DefaultFullHttpRequest(decodeResult: success, version: HTTP/1.1, content: EmptyByteBufBE)
GET /session/2499f3e7adb3620ccc862a84f5915aaf/url HTTP/1.1
User-Agent: selenium/4.7.1 (java windows)
Cache-Control: no-cache
Content-Type: application/json; charset=utf-8
host: localhost:22994
accept: */*

Response DefaultHttpResponse(decodeResult: success, version: HTTP/1.1)
HTTP/1.1 200 OK
Content-Type: application/json; charset=utf-8
cache-control: no-cache
content-length: 51

10:04:07.871 [AsyncHttpClient-1-9] DEBUG org.asynchttpclient.netty.channel.ChannelManager - Adding key: http://localhost:22994 for channel [id: 0x6eca6914, L:/127.0.0.1:50237 - R:localhost/127.0.0.1:22994]
10:04:07.872 [Forwarding screenshot on session 2499f3e7adb3620ccc862a84f5915aaf to remote] DEBUG org.asynchttpclient.netty.request.NettyRequestSender - Using pooled Channel '[id: 0x6eca6914, L:/127.0.0.1:50237 - R:localhost/127.0.0.1:22994]' for 'GET' to 'http://localhost:22994/session/2499f3e7adb3620ccc862a84f5915aaf/screenshot'
10:04:07.872 [Forwarding screenshot on session 2499f3e7adb3620ccc862a84f5915aaf to remote] DEBUG org.asynchttpclient.netty.request.NettyRequestSender - Using open Channel [id: 0x6eca6914, L:/127.0.0.1:50237 - R:localhost/127.0.0.1:22994] for GET '/session/2499f3e7adb3620ccc862a84f5915aaf/screenshot'
10:04:08.002 [AsyncHttpClient-1-9] DEBUG org.asynchttpclient.netty.handler.HttpHandler - 

Request DefaultFullHttpRequest(decodeResult: success, version: HTTP/1.1, content: EmptyByteBufBE)
GET /session/2499f3e7adb3620ccc862a84f5915aaf/screenshot HTTP/1.1
User-Agent: selenium/4.7.1 (java windows)
Cache-Control: no-cache
Content-Type: application/json; charset=utf-8
host: localhost:22994
accept: */*

Response DefaultHttpResponse(decodeResult: success, version: HTTP/1.1)
HTTP/1.1 200 OK
Content-Type: application/json; charset=utf-8
cache-control: no-cache
content-length: 28576

10:04:08.003 [AsyncHttpClient-1-9] DEBUG org.asynchttpclient.netty.channel.ChannelManager - Adding key: http://localhost:22994 for channel [id: 0x6eca6914, L:/127.0.0.1:50237 - R:localhost/127.0.0.1:22994]
10:04:08.004 [main] DEBUG net.serenitybdd.core.photography.Darkroom - Send negative for processing for target\site\serenity\e18e88abda9e57923d16dfe409042d2b29a664887c9ec394a76dbd726635ded8.png
10:04:08.005 [main] DEBUG net.thucydides.core.steps.StepInterceptor - STEP DONE: klikLogoUser
  &amp#27;[32mWhen &amp#27;[0m&amp#27;[32muser klik logo user&amp#27;[0m                              &amp#27;[90m# starter.stepdefinitions.TransaksiSteps.userKlikLogoUser()&amp#27;[0m
10:04:08.005 [Darkroom Processing Line] DEBUG net.serenitybdd.core.photography.DarkroomProcessingLine - Processing screenshot image in /var/screenshots/screenshot-5357111806156587581
10:04:08.005 [Darkroom Processing Line] DEBUG net.serenitybdd.core.photography.DarkroomProcessingLine - Saving screenshot to target\site\serenity\e18e88abda9e57923d16dfe409042d2b29a664887c9ec394a76dbd726635ded8.png
10:04:08.022 [main] DEBUG net.thucydides.core.steps.StepInterceptor - STARTING STEP: TransaksiSteps.userKlikTransaksi - klikRiwayatTransaksi
10:04:08.026 [Forwarding findElement on session 2499f3e7adb3620ccc862a84f5915aaf to remote] DEBUG org.asynchttpclient.netty.request.NettyRequestSender - Using pooled Channel '[id: 0x6eca6914, L:/127.0.0.1:50237 - R:localhost/127.0.0.1:22994]' for 'POST' to 'http://localhost:22994/session/2499f3e7adb3620ccc862a84f5915aaf/element'
10:04:08.026 [Forwarding findElement on session 2499f3e7adb3620ccc862a84f5915aaf to remote] DEBUG org.asynchttpclient.netty.request.NettyRequestSender - Using open Channel [id: 0x6eca6914, L:/127.0.0.1:50237 - R:localhost/127.0.0.1:22994] for POST '/session/2499f3e7adb3620ccc862a84f5915aaf/element'
10:04:08.466 [AsyncHttpClient-1-1] DEBUG org.asynchttpclient.netty.channel.DefaultChannelPool - Entry count for : http://localhost:50238 : 1
10:04:09.570 [AsyncHttpClient-1-1] DEBUG org.asynchttpclient.netty.channel.DefaultChannelPool - Entry count for : http://localhost:50238 : 1
10:04:10.666 [AsyncHttpClient-1-1] DEBUG org.asynchttpclient.netty.channel.DefaultChannelPool - Entry count for : http://localhost:50238 : 1
10:04:11.775 [AsyncHttpClient-1-1] DEBUG org.asynchttpclient.netty.channel.DefaultChannelPool - Entry count for : http://localhost:50238 : 1
10:04:11.955 [AsyncHttpClient-1-9] DEBUG org.asynchttpclient.netty.handler.HttpHandler - 

Request DefaultHttpRequest(decodeResult: success, version: HTTP/1.1)
POST /session/2499f3e7adb3620ccc862a84f5915aaf/element HTTP/1.1
User-Agent: selenium/4.7.1 (java windows)
Content-Length: 102
Content-Type: application/json; charset=utf-8
host: localhost:22994
accept: */*

Response DefaultHttpResponse(decodeResult: success, version: HTTP/1.1)
HTTP/1.1 404 Not Found
Content-Type: application/json; charset=utf-8
cache-control: no-cache
content-length: 956

10:04:11.955 [AsyncHttpClient-1-9] DEBUG org.asynchttpclient.netty.channel.ChannelManager - Adding key: http://localhost:22994 for channel [id: 0x6eca6914, L:/127.0.0.1:50237 - R:localhost/127.0.0.1:22994]
10:04:12.061 [Forwarding findElement on session 2499f3e7adb3620ccc862a84f5915aaf to remote] DEBUG org.asynchttpclient.netty.request.NettyRequestSender - Using pooled Channel '[id: 0x6eca6914, L:/127.0.0.1:50237 - R:localhost/127.0.0.1:22994]' for 'POST' to 'http://localhost:22994/session/2499f3e7adb3620ccc862a84f5915aaf/element'
10:04:12.061 [Forwarding findElement on session 2499f3e7adb3620ccc862a84f5915aaf to remote] DEBUG org.asynchttpclient.netty.request.NettyRequestSender - Using open Channel [id: 0x6eca6914, L:/127.0.0.1:50237 - R:localhost/127.0.0.1:22994] for POST '/session/2499f3e7adb3620ccc862a84f5915aaf/element'
10:04:12.874 [AsyncHttpClient-1-1] DEBUG org.asynchttpclient.netty.channel.DefaultChannelPool - Entry count for : http://localhost:50238 : 1
10:04:13.972 [AsyncHttpClient-1-1] DEBUG org.asynchttpclient.netty.channel.DefaultChannelPool - Entry count for : http://localhost:50238 : 1
10:04:14.098 [AsyncHttpClient-1-9] DEBUG org.asynchttpclient.netty.handler.HttpHandler - 

Request DefaultHttpRequest(decodeResult: success, version: HTTP/1.1)
POST /session/2499f3e7adb3620ccc862a84f5915aaf/element HTTP/1.1
User-Agent: selenium/4.7.1 (java windows)
Content-Length: 102
Content-Type: application/json; charset=utf-8
host: localhost:22994
accept: */*

Response DefaultHttpResponse(decodeResult: success, version: HTTP/1.1)
HTTP/1.1 404 Not Found
Content-Type: application/json; charset=utf-8
cache-control: no-cache
content-length: 956

10:04:14.098 [AsyncHttpClient-1-9] DEBUG org.asynchttpclient.netty.channel.ChannelManager - Adding key: http://localhost:22994 for channel [id: 0x6eca6914, L:/127.0.0.1:50237 - R:localhost/127.0.0.1:22994]
10:04:14.107 [Forwarding getCurrentWindowHandle on session 2499f3e7adb3620ccc862a84f5915aaf to remote] DEBUG org.asynchttpclient.netty.request.NettyRequestSender - Using pooled Channel '[id: 0x6eca6914, L:/127.0.0.1:50237 - R:localhost/127.0.0.1:22994]' for 'GET' to 'http://localhost:22994/session/2499f3e7adb3620ccc862a84f5915aaf/window'
10:04:14.107 [Forwarding getCurrentWindowHandle on session 2499f3e7adb3620ccc862a84f5915aaf to remote] DEBUG org.asynchttpclient.netty.request.NettyRequestSender - Using open Channel [id: 0x6eca6914, L:/127.0.0.1:50237 - R:localhost/127.0.0.1:22994] for GET '/session/2499f3e7adb3620ccc862a84f5915aaf/window'
10:04:14.108 [AsyncHttpClient-1-9] DEBUG org.asynchttpclient.netty.handler.HttpHandler - 

Request DefaultFullHttpRequest(decodeResult: success, version: HTTP/1.1, content: EmptyByteBufBE)
GET /session/2499f3e7adb3620ccc862a84f5915aaf/window HTTP/1.1
User-Agent: selenium/4.7.1 (java windows)
Cache-Control: no-cache
Content-Type: application/json; charset=utf-8
host: localhost:22994
accept: */*

Response DefaultHttpResponse(decodeResult: success, version: HTTP/1.1)
HTTP/1.1 200 OK
Content-Type: application/json; charset=utf-8
cache-control: no-cache
content-length: 44

10:04:14.108 [AsyncHttpClient-1-9] DEBUG org.asynchttpclient.netty.channel.ChannelManager - Adding key: http://localhost:22994 for channel [id: 0x6eca6914, L:/127.0.0.1:50237 - R:localhost/127.0.0.1:22994]
10:04:14.110 [Forwarding getAlertText on session 2499f3e7adb3620ccc862a84f5915aaf to remote] DEBUG org.asynchttpclient.netty.request.NettyRequestSender - Using pooled Channel '[id: 0x6eca6914, L:/127.0.0.1:50237 - R:localhost/127.0.0.1:22994]' for 'GET' to 'http://localhost:22994/session/2499f3e7adb3620ccc862a84f5915aaf/alert/text'
10:04:14.110 [Forwarding getAlertText on session 2499f3e7adb3620ccc862a84f5915aaf to remote] DEBUG org.asynchttpclient.netty.request.NettyRequestSender - Using open Channel [id: 0x6eca6914, L:/127.0.0.1:50237 - R:localhost/127.0.0.1:22994] for GET '/session/2499f3e7adb3620ccc862a84f5915aaf/alert/text'
10:04:14.113 [AsyncHttpClient-1-9] DEBUG org.asynchttpclient.netty.handler.HttpHandler - 

Request DefaultFullHttpRequest(decodeResult: success, version: HTTP/1.1, content: EmptyByteBufBE)
GET /session/2499f3e7adb3620ccc862a84f5915aaf/alert/text HTTP/1.1
User-Agent: selenium/4.7.1 (java windows)
Cache-Control: no-cache
Content-Type: application/json; charset=utf-8
host: localhost:22994
accept: */*

Response DefaultHttpResponse(decodeResult: success, version: HTTP/1.1)
HTTP/1.1 404 Not Found
Content-Type: application/json; charset=utf-8
cache-control: no-cache
content-length: 821

10:04:14.113 [AsyncHttpClient-1-9] DEBUG org.asynchttpclient.netty.channel.ChannelManager - Adding key: http://localhost:22994 for channel [id: 0x6eca6914, L:/127.0.0.1:50237 - R:localhost/127.0.0.1:22994]
10:04:14.116 [Forwarding switchToWindow on session 2499f3e7adb3620ccc862a84f5915aaf to remote] DEBUG org.asynchttpclient.netty.request.NettyRequestSender - Using pooled Channel '[id: 0x6eca6914, L:/127.0.0.1:50237 - R:localhost/127.0.0.1:22994]' for 'POST' to 'http://localhost:22994/session/2499f3e7adb3620ccc862a84f5915aaf/window'
10:04:14.116 [Forwarding switchToWindow on session 2499f3e7adb3620ccc862a84f5915aaf to remote] DEBUG org.asynchttpclient.netty.request.NettyRequestSender - Using open Channel [id: 0x6eca6914, L:/127.0.0.1:50237 - R:localhost/127.0.0.1:22994] for POST '/session/2499f3e7adb3620ccc862a84f5915aaf/window'
10:04:14.119 [AsyncHttpClient-1-9] DEBUG org.asynchttpclient.netty.handler.HttpHandler - 

Request DefaultHttpRequest(decodeResult: success, version: HTTP/1.1)
POST /session/2499f3e7adb3620ccc862a84f5915aaf/window HTTP/1.1
User-Agent: selenium/4.7.1 (java windows)
Content-Length: 50
Content-Type: application/json; charset=utf-8
host: localhost:22994
accept: */*

Response DefaultHttpResponse(decodeResult: success, version: HTTP/1.1)
HTTP/1.1 200 OK
Content-Type: application/json; charset=utf-8
cache-control: no-cache
content-length: 14

10:04:14.119 [AsyncHttpClient-1-9] DEBUG org.asynchttpclient.netty.channel.ChannelManager - Adding key: http://localhost:22994 for channel [id: 0x6eca6914, L:/127.0.0.1:50237 - R:localhost/127.0.0.1:22994]
10:04:14.120 [Forwarding getCurrentUrl on session 2499f3e7adb3620ccc862a84f5915aaf to remote] DEBUG org.asynchttpclient.netty.request.NettyRequestSender - Using pooled Channel '[id: 0x6eca6914, L:/127.0.0.1:50237 - R:localhost/127.0.0.1:22994]' for 'GET' to 'http://localhost:22994/session/2499f3e7adb3620ccc862a84f5915aaf/url'
10:04:14.120 [Forwarding getCurrentUrl on session 2499f3e7adb3620ccc862a84f5915aaf to remote] DEBUG org.asynchttpclient.netty.request.NettyRequestSender - Using open Channel [id: 0x6eca6914, L:/127.0.0.1:50237 - R:localhost/127.0.0.1:22994] for GET '/session/2499f3e7adb3620ccc862a84f5915aaf/url'
10:04:14.127 [AsyncHttpClient-1-9] DEBUG org.asynchttpclient.netty.handler.HttpHandler - 

Request DefaultFullHttpRequest(decodeResult: success, version: HTTP/1.1, content: EmptyByteBufBE)
GET /session/2499f3e7adb3620ccc862a84f5915aaf/url HTTP/1.1
User-Agent: selenium/4.7.1 (java windows)
Cache-Control: no-cache
Content-Type: application/json; charset=utf-8
host: localhost:22994
accept: */*

Response DefaultHttpResponse(decodeResult: success, version: HTTP/1.1)
HTTP/1.1 200 OK
Content-Type: application/json; charset=utf-8
cache-control: no-cache
content-length: 41

10:04:14.127 [AsyncHttpClient-1-9] DEBUG org.asynchttpclient.netty.channel.ChannelManager - Adding key: http://localhost:22994 for channel [id: 0x6eca6914, L:/127.0.0.1:50237 - R:localhost/127.0.0.1:22994]
10:04:14.128 [Forwarding screenshot on session 2499f3e7adb3620ccc862a84f5915aaf to remote] DEBUG org.asynchttpclient.netty.request.NettyRequestSender - Using pooled Channel '[id: 0x6eca6914, L:/127.0.0.1:50237 - R:localhost/127.0.0.1:22994]' for 'GET' to 'http://localhost:22994/session/2499f3e7adb3620ccc862a84f5915aaf/screenshot'
10:04:14.128 [Forwarding screenshot on session 2499f3e7adb3620ccc862a84f5915aaf to remote] DEBUG org.asynchttpclient.netty.request.NettyRequestSender - Using open Channel [id: 0x6eca6914, L:/127.0.0.1:50237 - R:localhost/127.0.0.1:22994] for GET '/session/2499f3e7adb3620ccc862a84f5915aaf/screenshot'
10:04:14.234 [AsyncHttpClient-1-9] DEBUG org.asynchttpclient.netty.handler.HttpHandler - 

Request DefaultFullHttpRequest(decodeResult: success, version: HTTP/1.1, content: EmptyByteBufBE)
GET /session/2499f3e7adb3620ccc862a84f5915aaf/screenshot HTTP/1.1
User-Agent: selenium/4.7.1 (java windows)
Cache-Control: no-cache
Content-Type: application/json; charset=utf-8
host: localhost:22994
accept: */*

Response DefaultHttpResponse(decodeResult: success, version: HTTP/1.1)
HTTP/1.1 200 OK
Content-Type: application/json; charset=utf-8
cache-control: no-cache
content-length: 117744

10:04:14.235 [AsyncHttpClient-1-9] DEBUG org.asynchttpclient.netty.channel.ChannelManager - Adding key: http://localhost:22994 for channel [id: 0x6eca6914, L:/127.0.0.1:50237 - R:localhost/127.0.0.1:22994]
10:04:14.238 [main] DEBUG net.serenitybdd.core.photography.Darkroom - Send negative for processing for target\site\serenity\99e46a70f6807f41b7dcd36579c13969f008f58b2b48214f0f5f78f5db086e52.png
10:04:14.239 [Darkroom Processing Line] DEBUG net.serenitybdd.core.photography.DarkroomProcessingLine - Processing screenshot image in /var/screenshots/screenshot-11047265672136173778
10:04:14.239 [Darkroom Processing Line] DEBUG net.serenitybdd.core.photography.DarkroomProcessingLine - Saving screenshot to target\site\serenity\99e46a70f6807f41b7dcd36579c13969f008f58b2b48214f0f5f78f5db086e52.png
10:04:14.241 [Forwarding getPageSource on session 2499f3e7adb3620ccc862a84f5915aaf to remote] DEBUG org.asynchttpclient.netty.request.NettyRequestSender - Using pooled Channel '[id: 0x6eca6914, L:/127.0.0.1:50237 - R:localhost/127.0.0.1:22994]' for 'POST' to 'http://localhost:22994/session/2499f3e7adb3620ccc862a84f5915aaf/execute/sync'
10:04:14.241 [Forwarding getPageSource on session 2499f3e7adb3620ccc862a84f5915aaf to remote] DEBUG org.asynchttpclient.netty.request.NettyRequestSender - Using open Channel [id: 0x6eca6914, L:/127.0.0.1:50237 - R:localhost/127.0.0.1:22994] for POST '/session/2499f3e7adb3620ccc862a84f5915aaf/execute/sync'
10:04:14.299 [AsyncHttpClient-1-9] DEBUG org.asynchttpclient.netty.handler.HttpHandler - 

Request DefaultHttpRequest(decodeResult: success, version: HTTP/1.1)
POST /session/2499f3e7adb3620ccc862a84f5915aaf/execute/sync HTTP/1.1
User-Agent: selenium/4.7.1 (java windows)
Content-Length: 176
Content-Type: application/json; charset=utf-8
host: localhost:22994
accept: */*

Response DefaultHttpResponse(decodeResult: success, version: HTTP/1.1)
HTTP/1.1 200 OK
Content-Type: application/json; charset=utf-8
cache-control: no-cache
content-length: 561173

10:04:14.302 [AsyncHttpClient-1-9] DEBUG org.asynchttpclient.netty.channel.ChannelManager - Adding key: http://localhost:22994 for channel [id: 0x6eca6914, L:/127.0.0.1:50237 - R:localhost/127.0.0.1:22994]
10:04:14.564 [Forwarding getCurrentUrl on session 2499f3e7adb3620ccc862a84f5915aaf to remote] DEBUG org.asynchttpclient.netty.request.NettyRequestSender - Using pooled Channel '[id: 0x6eca6914, L:/127.0.0.1:50237 - R:localhost/127.0.0.1:22994]' for 'GET' to 'http://localhost:22994/session/2499f3e7adb3620ccc862a84f5915aaf/url'
10:04:14.564 [Forwarding getCurrentUrl on session 2499f3e7adb3620ccc862a84f5915aaf to remote] DEBUG org.asynchttpclient.netty.request.NettyRequestSender - Using open Channel [id: 0x6eca6914, L:/127.0.0.1:50237 - R:localhost/127.0.0.1:22994] for GET '/session/2499f3e7adb3620ccc862a84f5915aaf/url'
10:04:14.643 [AsyncHttpClient-1-9] DEBUG org.asynchttpclient.netty.handler.HttpHandler - 

Request DefaultFullHttpRequest(decodeResult: success, version: HTTP/1.1, content: EmptyByteBufBE)
GET /session/2499f3e7adb3620ccc862a84f5915aaf/url HTTP/1.1
User-Agent: selenium/4.7.1 (java windows)
Cache-Control: no-cache
Content-Type: application/json; charset=utf-8
host: localhost:22994
accept: */*

Response DefaultHttpResponse(decodeResult: success, version: HTTP/1.1)
HTTP/1.1 200 OK
Content-Type: application/json; charset=utf-8
cache-control: no-cache
content-length: 41

10:04:14.646 [AsyncHttpClient-1-9] DEBUG org.asynchttpclient.netty.channel.ChannelManager - Adding key: http://localhost:22994 for channel [id: 0x6eca6914, L:/127.0.0.1:50237 - R:localhost/127.0.0.1:22994]
  &amp#27;[31mAnd &amp#27;[0m&amp#27;[31muser klik transaksi&amp#27;[0m                               &amp#27;[90m# starter.stepdefinitions.TransaksiSteps.userKlikTransaksi()&amp#27;[0m
      &amp#27;[31mnet.thucydides.core.webdriver.exceptions.ElementShouldBeEnabledException: Expected enabled element was not enabled
	at net.serenitybdd.core.pages.WebElementFacadeImpl.waitUntilEnabled(WebElementFacadeImpl.java:1122)
	at net.serenitybdd.core.pages.WebElementFacadeImpl.waitUntilElementAvailable(WebElementFacadeImpl.java:906)
	at net.serenitybdd.core.pages.WebElementFacadeImpl.click(WebElementFacadeImpl.java:1204)
	at net.serenitybdd.core.pages.WebElementFacadeImpl.click(WebElementFacadeImpl.java:1224)
	at alta@1.0-SNAPSHOT/starter.pages.TransaksiPage.klikRiwayatTransaksi(TransaksiPage.java:126)
	at alta@1.0-SNAPSHOT/starter.pages.TransaksiPage$ByteBuddy$Dd0jDgrJ.klikRiwayatTransaksi$accessor$o85VDaSD(Unknown Source)
	at java.base/jdk.internal.reflect.DirectMethodHandleAccessor.invoke(DirectMethodHandleAccessor.java:104)
	at java.base/java.lang.reflect.Method.invoke(Method.java:578)
	at net.thucydides.core.steps.StepInterceptor.invokeMethod(StepInterceptor.java:503)
	at net.thucydides.core.steps.StepInterceptor.executeTestStepMethod(StepInterceptor.java:483)
	at net.thucydides.core.steps.StepInterceptor.runTestStep(StepInterceptor.java:457)
	at net.thucydides.core.steps.StepInterceptor.runOrSkipMethod(StepInterceptor.java:209)
	at net.thucydides.core.steps.StepInterceptor.testStepResult(StepInterceptor.java:196)
	at net.thucydides.core.steps.StepInterceptor.intercept(StepInterceptor.java:84)
	at net.thucydides.core.steps.ProxyConfiguration$InterceptorDispatcher.intercept(ProxyConfiguration.java:51)
	at alta@1.0-SNAPSHOT/starter.pages.TransaksiPage$ByteBuddy$Dd0jDgrJ.klikRiwayatTransaksi(Unknown Source)
	at alta@1.0-SNAPSHOT/starter.stepdefinitions.TransaksiSteps.userKlikTransaksi(TransaksiSteps.java:60)
	at ✽.user klik transaksi(file:///C:/Users/HP/Downloads/Mini-Project-QA/ALTASHOP%20WEB%20AUTOMATION/src/test/resources/features/3.%20Transaksi.feature:24)
Caused by: org.openqa.selenium.TimeoutException: Expected condition failed: waiting for By.xpath: /html/body/div[1]/div[2]/div/div[1] to be enabled (tried for 5 second(s) with 100 milliseconds interval)
	at org.openqa.selenium.support.ui.FluentWait.timeoutException(FluentWait.java:263)
	at org.openqa.selenium.support.ui.FluentWait.until(FluentWait.java:231)
	at net.serenitybdd.core.pages.WebElementFacadeImpl.waitUntilEnabled(WebElementFacadeImpl.java:1119)
	at net.serenitybdd.core.pages.WebElementFacadeImpl.waitUntilElementAvailable(WebElementFacadeImpl.java:906)
	at net.serenitybdd.core.pages.WebElementFacadeImpl.click(WebElementFacadeImpl.java:1204)
	at net.serenitybdd.core.pages.WebElementFacadeImpl.click(WebElementFacadeImpl.java:1224)
	at alta@1.0-SNAPSHOT/starter.pages.TransaksiPage.klikRiwayatTransaksi(TransaksiPage.java:126)
	at alta@1.0-SNAPSHOT/starter.pages.TransaksiPage$ByteBuddy$Dd0jDgrJ.klikRiwayatTransaksi$accessor$o85VDaSD(Unknown Source)
	at java.base/jdk.internal.reflect.DirectMethodHandleAccessor.invoke(DirectMethodHandleAccessor.java:104)
	at java.base/java.lang.reflect.Method.invoke(Method.java:578)
	at net.thucydides.core.steps.StepInterceptor.invokeMethod(StepInterceptor.java:503)
	at net.thucydides.core.steps.StepInterceptor.executeTestStepMethod(StepInterceptor.java:483)
	at net.thucydides.core.steps.StepInterceptor.runTestStep(StepInterceptor.java:457)
	at net.thucydides.core.steps.StepInterceptor.runOrSkipMethod(StepInterceptor.java:209)
	at net.thucydides.core.steps.StepInterceptor.testStepResult(StepInterceptor.java:196)
	at net.thucydides.core.steps.StepInterceptor.intercept(StepInterceptor.java:84)
	at net.thucydides.core.steps.ProxyConfiguration$InterceptorDispatcher.intercept(ProxyConfiguration.java:51)
	at alta@1.0-SNAPSHOT/starter.pages.TransaksiPage$ByteBuddy$Dd0jDgrJ.klikRiwayatTransaksi(Unknown Source)
	at alta@1.0-SNAPSHOT/starter.stepdefinitions.TransaksiSteps.userKlikTransaksi(TransaksiSteps.java:60)
	at java.base/jdk.internal.reflect.DirectMethodHandleAccessor.invoke(DirectMethodHandleAccessor.java:104)
	at java.base/java.lang.reflect.Method.invoke(Method.java:578)
	at io.cucumber.java.Invoker.doInvoke(Invoker.java:66)
	at io.cucumber.java.Invoker.invoke(Invoker.java:24)
	at io.cucumber.java.AbstractGlueDefinition.invokeMethod(AbstractGlueDefinition.java:47)
	at io.cucumber.java.JavaStepDefinition.execute(JavaStepDefinition.java:29)
	at io.cucumber.core.runner.CoreStepDefinition.execute(CoreStepDefinition.java:66)
	at io.cucumber.core.runner.PickleStepDefinitionMatch.runStep(PickleStepDefinitionMatch.java:63)
	at io.cucumber.core.runner.ExecutionMode$1.execute(ExecutionMode.java:10)
	at io.cucumber.core.runner.TestStep.executeStep(TestStep.java:85)
	at io.cucumber.core.runner.TestStep.run(TestStep.java:57)
	at io.cucumber.core.runner.PickleStepTestStep.run(PickleStepTestStep.java:51)
	at io.cucumber.core.runner.TestCase.run(TestCase.java:84)
	at io.cucumber.core.runner.Runner.runPickle(Runner.java:75)
	at io.cucumber.junit.PickleRunners$NoStepDescriptions.lambda$run$0(PickleRunners.java:151)
	at io.cucumber.core.runtime.CucumberExecutionContext.lambda$runTestCase$5(CucumberExecutionContext.java:129)
	at io.cucumber.core.runtime.RethrowingThrowableCollector.executeAndThrow(RethrowingThrowableCollector.java:23)
	at io.cucumber.core.runtime.CucumberExecutionContext.runTestCase(CucumberExecutionContext.java:129)
	at io.cucumber.junit.PickleRunners$NoStepDescriptions.run(PickleRunners.java:148)
	at io.cucumber.junit.FeatureRunner.runChild(FeatureRunner.java:144)
	at io.cucumber.junit.FeatureRunner.runChild(FeatureRunner.java:28)
	at org.junit.runners.ParentRunner$4.run(ParentRunner.java:331)
	at org.junit.runners.ParentRunner$1.schedule(ParentRunner.java:79)
	at org.junit.runners.ParentRunner.runChildren(ParentRunner.java:329)
	at org.junit.runners.ParentRunner.access$100(ParentRunner.java:66)
	at org.junit.runners.ParentRunner$2.evaluate(ParentRunner.java:293)
	at org.junit.runners.ParentRunner$3.evaluate(ParentRunner.java:306)
	at org.junit.runners.ParentRunner.run(ParentRunner.java:413)
	at io.cucumber.junit.FeatureRunner.run(FeatureRunner.java:137)
	at io.cucumber.junit.CucumberSerenityRunner.runChild(CucumberSerenityRunner.java:259)
	at io.cucumber.junit.CucumberSerenityRunner.runChild(CucumberSerenityRunner.java:59)
	at org.junit.runners.ParentRunner$4.run(ParentRunner.java:331)
	at org.junit.runners.ParentRunner$1.schedule(ParentRunner.java:79)
	at org.junit.runners.ParentRunner.runChildren(ParentRunner.java:329)
	at org.junit.runners.ParentRunner.access$100(ParentRunner.java:66)
	at org.junit.runners.ParentRunner$2.evaluate(ParentRunner.java:293)
	at io.cucumber.junit.CucumberSerenityRunner$RunCucumber.evaluate(CucumberSerenityRunner.java:288)
	at org.junit.runners.ParentRunner$3.evaluate(ParentRunner.java:306)
	at org.junit.runners.ParentRunner.run(ParentRunner.java:413)
	at org.junit.runner.JUnitCore.run(JUnitCore.java:137)
	at org.junit.runner.JUnitCore.run(JUnitCore.java:115)
	at org.junit.vintage.engine.execution.RunnerExecutor.execute(RunnerExecutor.java:42)
	at org.junit.vintage.engine.VintageTestEngine.executeAllChildren(VintageTestEngine.java:80)
	at org.junit.vintage.engine.VintageTestEngine.execute(VintageTestEngine.java:72)
	at org.junit.platform.launcher.core.EngineExecutionOrchestrator.execute(EngineExecutionOrchestrator.java:107)
	at org.junit.platform.launcher.core.EngineExecutionOrchestrator.execute(EngineExecutionOrchestrator.java:88)
	at org.junit.platform.launcher.core.EngineExecutionOrchestrator.lambda$execute$0(EngineExecutionOrchestrator.java:54)
	at org.junit.platform.launcher.core.EngineExecutionOrchestrator.withInterceptedStreams(EngineExecutionOrchestrator.java:67)
	at org.junit.platform.launcher.core.EngineExecutionOrchestrator.execute(EngineExecutionOrchestrator.java:52)
	at org.junit.platform.launcher.core.DefaultLauncher.execute(DefaultLauncher.java:114)
	at org.junit.platform.launcher.core.DefaultLauncher.execute(DefaultLauncher.java:86)
	at org.junit.platform.launcher.core.DefaultLauncherSession$DelegatingLauncher.execute(DefaultLauncherSession.java:86)
	at org.junit.platform.launcher.core.SessionPerRequestLauncher.execute(SessionPerRequestLauncher.java:53)
	at org.apache.maven.surefire.junitplatform.JUnitPlatformProvider.execute(JUnitPlatformProvider.java:188)
	at org.apache.maven.surefire.junitplatform.JUnitPlatformProvider.invokeAllTests(JUnitPlatformProvider.java:154)
	at org.apache.maven.surefire.junitplatform.JUnitPlatformProvider.invoke(JUnitPlatformProvider.java:128)
	at org.apache.maven.surefire.booter.ForkedBooter.runSuitesInProcess(ForkedBooter.java:428)
	at org.apache.maven.surefire.booter.ForkedBooter.execute(ForkedBooter.java:162)
	at org.apache.maven.surefire.booter.ForkedBooter.run(ForkedBooter.java:562)
	at org.apache.maven.surefire.booter.ForkedBooter.main(ForkedBooter.java:548)
Caused by: org.openqa.selenium.NoSuchElementException: no such element: Unable to locate element: {"method":"xpath","selector":"/html/body/div[1]/div[2]/div/div[1]"}
  (Session info: chrome=112.0.5615.138)
For documentation on this error, please visit: https://selenium.dev/exceptions/#no_such_element
Build info: version: '4.7.1', revision: 'c6795baf1a3'
System info: os.name: 'Windows 11', os.arch: 'amd64', os.version: '10.0', java.version: '19.0.2'
Driver info: org.openqa.selenium.chrome.ChromeDriver
Command: [2499f3e7adb3620ccc862a84f5915aaf, findElement {using=xpath, value=/html/body/div[1]/div[2]/div/div[1]}]
Capabilities {acceptInsecureCerts: true, browserName: chrome, browserVersion: 112.0.5615.138, chrome: {chromedriverVersion: 112.0.5615.49 (bd2a7bcb881c..., userDataDir: C:\Users\HP\AppData\Local\T...}, goog:chromeOptions: {debuggerAddress: localhost:50238}, networkConnectionEnabled: false, pageLoadStrategy: normal, platformName: WINDOWS, proxy: Proxy(), se:cdp: ws://localhost:50238/devtoo..., se:cdpVersion: 112.0.5615.138, setWindowRect: true, strictFileInteractability: false, timeouts: {implicit: 0, pageLoad: 300000, script: 30000}, unhandledPromptBehavior: dismiss and notify, webauthn:extension:credBlob: true, webauthn:extension:largeBlob: true, webauthn:extension:minPinLength: true, webauthn:extension:prf: true, webauthn:virtualAuthenticators: true}
Session ID: 2499f3e7adb3620ccc862a84f5915aaf
	at java.base/jdk.internal.reflect.DirectConstructorHandleAccessor.newInstance(DirectConstructorHandleAccessor.java:67)
	at java.base/java.lang.reflect.Constructor.newInstanceWithCaller(Constructor.java:500)
	at java.base/java.lang.reflect.Constructor.newInstance(Constructor.java:484)
	at org.openqa.selenium.remote.codec.w3c.W3CHttpResponseCodec.createException(W3CHttpResponseCodec.java:200)
	at org.openqa.selenium.remote.codec.w3c.W3CHttpResponseCodec.decode(W3CHttpResponseCodec.java:133)
	at org.openqa.selenium.remote.codec.w3c.W3CHttpResponseCodec.decode(W3CHttpResponseCodec.java:53)
	at org.openqa.selenium.remote.HttpCommandExecutor.execute(HttpCommandExecutor.java:184)
	at org.openqa.selenium.remote.service.DriverCommandExecutor.invokeExecute(DriverCommandExecutor.java:167)
	at org.openqa.selenium.remote.service.DriverCommandExecutor.execute(DriverCommandExecutor.java:142)
	at org.openqa.selenium.remote.RemoteWebDriver.execute(RemoteWebDriver.java:551)
	at org.openqa.selenium.remote.ElementLocation$ElementFinder$2.findElement(ElementLocation.java:162)
	at org.openqa.selenium.remote.ElementLocation.findElement(ElementLocation.java:60)
	at org.openqa.selenium.remote.RemoteWebDriver.findElement(RemoteWebDriver.java:367)
	at org.openqa.selenium.remote.RemoteWebDriver.findElement(RemoteWebDriver.java:359)
	at net.thucydides.core.webdriver.WebDriverFacade.findElement(WebDriverFacade.java:239)
	at net.serenitybdd.core.pages.WebElementResolverByLocator.resolveForDriver(WebElementResolverByLocator.java:25)
	at net.serenitybdd.core.pages.WebElementFacadeImpl.getResolvedElement(WebElementFacadeImpl.java:189)
	at net.serenitybdd.core.pages.WebElementFacadeImpl.getElement(WebElementFacadeImpl.java:184)
	at net.serenitybdd.core.pages.WebElementExpectations$3.apply(WebElementExpectations.java:63)
	at net.serenitybdd.core.pages.WebElementExpectations$3.apply(WebElementExpectations.java:55)
	at org.openqa.selenium.support.ui.FluentWait.until(FluentWait.java:208)
	... 77 more
&amp#27;[0m
  &amp#27;[36mAnd &amp#27;[0m&amp#27;[36muser dibawa ke halaman transaksi&amp#27;[0m                  &amp#27;[90m# starter.stepdefinitions.TransaksiSteps.userDibawaKeHalamanTransaksi()&amp#27;[0m
10:04:14.761 [main] ERROR  - 
  _____   ___   ___   _____     ___     _     ___   _      ___   ___  
 |_   _| | __| / __| |_   _|   | __|   /_\   |_ _| | |    | __| |   \ 
   | |   | _|  \__ \   | |     | _|   / _ \   | |  | |__  | _|  | |) |
   |_|   |___| |___/   |_|     |_|   /_/ \_\ |___| |____| |___| |___/ 

user bisa melihat riwayat transaksi
-----------------------------------------------------------------------
10:04:14.762 [main] DEBUG  - RELATED ISSUES: 
10:04:14.765 [main] ERROR  -     Test failed at step: Klik riwayat transaksi
10:04:14.767 [main] ERROR  -     Expected enabled element was not enabled
10:04:14.775 [AsyncHttpClient-1-11] DEBUG org.asynchttpclient.netty.handler.WebSocketHandler - Channel Closed: [id: 0x0b0432c2, L:/127.0.0.1:50247 ! R:localhost/127.0.0.1:50238] with attribute NettyResponseFuture{currentRetry=0,
	isDone=1,
	isCancelled=0,
	asyncHandler=org.asynchttpclient.ws.WebSocketUpgradeHandler@2c419c47,
	nettyRequest=org.asynchttpclient.netty.request.NettyRequest@49458b58,
	future=java.util.concurrent.CompletableFuture@4fbeb7c8[Completed normally],
	uri=ws://localhost:50238/devtools/browser/42e2cc30-cd91-4f60-9a69-a4274bc581dc,
	keepAlive=true,
	redirectCount=0,
	timeoutsHolder=null,
	inAuth=0,
	touch=1683515042370}
10:04:14.775 [AsyncHttpClient-1-11] DEBUG org.asynchttpclient.netty.channel.ChannelManager - Closing Channel [id: 0x0b0432c2, L:/127.0.0.1:50247 ! R:localhost/127.0.0.1:50238] 
10:04:14.782 [Driver Command Executor] DEBUG org.asynchttpclient.netty.request.NettyRequestSender - Using pooled Channel '[id: 0x6eca6914, L:/127.0.0.1:50237 - R:localhost/127.0.0.1:22994]' for 'DELETE' to 'http://localhost:22994/session/2499f3e7adb3620ccc862a84f5915aaf'
10:04:14.782 [Driver Command Executor] DEBUG org.asynchttpclient.netty.request.NettyRequestSender - Using open Channel [id: 0x6eca6914, L:/127.0.0.1:50237 - R:localhost/127.0.0.1:22994] for DELETE '/session/2499f3e7adb3620ccc862a84f5915aaf'
10:04:14.944 [AsyncHttpClient-1-10] DEBUG org.asynchttpclient.netty.handler.HttpHandler - Unexpected I/O exception on channel [id: 0xe98090bc, L:/127.0.0.1:50246 - R:localhost/127.0.0.1:50238]
java.net.SocketException: Connection reset
	at java.base/sun.nio.ch.SocketChannelImpl.throwConnectionReset(SocketChannelImpl.java:401)
	at java.base/sun.nio.ch.SocketChannelImpl.read(SocketChannelImpl.java:434)
	at io.netty.buffer.PooledByteBuf.setBytes(PooledByteBuf.java:259)
	at io.netty.buffer.AbstractByteBuf.writeBytes(AbstractByteBuf.java:1132)
	at io.netty.channel.socket.nio.NioSocketChannel.doReadBytes(NioSocketChannel.java:357)
	at io.netty.channel.nio.AbstractNioByteChannel$NioByteUnsafe.read(AbstractNioByteChannel.java:151)
	at io.netty.channel.nio.NioEventLoop.processSelectedKey(NioEventLoop.java:788)
	at io.netty.channel.nio.NioEventLoop.processSelectedKeysOptimized(NioEventLoop.java:724)
	at io.netty.channel.nio.NioEventLoop.processSelectedKeys(NioEventLoop.java:650)
	at io.netty.channel.nio.NioEventLoop.run(NioEventLoop.java:562)
	at io.netty.util.concurrent.SingleThreadEventExecutor$4.run(SingleThreadEventExecutor.java:997)
	at io.netty.util.internal.ThreadExecutorMap$2.run(ThreadExecutorMap.java:74)
	at io.netty.util.concurrent.FastThreadLocalRunnable.run(FastThreadLocalRunnable.java:30)
	at java.base/java.lang.Thread.run(Thread.java:1589)
10:04:14.944 [AsyncHttpClient-1-10] DEBUG org.asynchttpclient.netty.channel.ChannelManager - Closing Channel [id: 0xe98090bc, L:/127.0.0.1:50246 - R:localhost/127.0.0.1:50238] 
10:04:14.944 [AsyncHttpClient-1-10] DEBUG org.asynchttpclient.netty.handler.HttpHandler - Channel Closed: [id: 0xe98090bc, L:/127.0.0.1:50246 ! R:localhost/127.0.0.1:50238] with attribute DISCARD
10:04:15.012 [AsyncHttpClient-1-9] DEBUG org.asynchttpclient.netty.handler.HttpHandler - 

Request DefaultFullHttpRequest(decodeResult: success, version: HTTP/1.1, content: EmptyByteBufBE)
DELETE /session/2499f3e7adb3620ccc862a84f5915aaf HTTP/1.1
User-Agent: selenium/4.7.1 (java windows)
Content-Type: application/json; charset=utf-8
host: localhost:22994
accept: */*

Response DefaultHttpResponse(decodeResult: success, version: HTTP/1.1)
HTTP/1.1 200 OK
Content-Type: application/json; charset=utf-8
cache-control: no-cache
content-length: 14

10:04:15.012 [AsyncHttpClient-1-9] DEBUG org.asynchttpclient.netty.channel.ChannelManager - Adding key: http://localhost:22994 for channel [id: 0x6eca6914, L:/127.0.0.1:50237 - R:localhost/127.0.0.1:22994]
10:04:15.064 [AsyncHttpClient-1-1] DEBUG org.asynchttpclient.netty.channel.DefaultChannelPool - Entry count for : http://localhost:50238 : 1
10:04:15.064 [AsyncHttpClient-1-1] DEBUG org.asynchttpclient.netty.channel.DefaultChannelPool - Entry count for : http://localhost:22994 : 1
10:04:15.064 [AsyncHttpClient-1-1] DEBUG org.asynchttpclient.netty.channel.DefaultChannelPool - Adding Candidate expired Channel [id: 0xe98090bc, L:/127.0.0.1:50246 ! R:localhost/127.0.0.1:50238] isIdleTimeoutExpired=false isRemotelyClosed=true isTtlExpired=false
10:04:15.064 [AsyncHttpClient-1-1] DEBUG org.asynchttpclient.netty.channel.DefaultChannelPool - Closing Idle Channel [id: 0xe98090bc, L:/127.0.0.1:50246 ! R:localhost/127.0.0.1:50238]
10:04:15.064 [AsyncHttpClient-1-1] DEBUG org.asynchttpclient.netty.channel.DefaultChannelPool - Closed 1 connections out of 2 in 0 ms
10:04:15.125 [AsyncHttpClient-1-9] DEBUG org.asynchttpclient.netty.handler.HttpHandler - Channel Closed: [id: 0x6eca6914, L:/127.0.0.1:50237 ! R:localhost/127.0.0.1:22994] with attribute DISCARD
]]></system-out>
    <system-err><![CDATA[Starting ChromeDriver 112.0.5615.49 (bd2a7bcb881c11e8cfe3078709382934e3916914-refs/branch-heads/5615@{#936}) on port 22994
Only local connections are allowed.
Please see https://chromedriver.chromium.org/security-considerations for suggestions on keeping ChromeDriver safe.
ChromeDriver was started successfully.
May 08, 2023 10:04:02 AM org.openqa.selenium.devtools.CdpVersionFinder findNearestMatch
WARNING: Unable to find an exact match for CDP version 112, so returning the closest version found: 108
]]></system-err>
  </testcase>
  <testcase name="user bisa Mengubah Jumlah Produk pada Keranjang Belanja" classname="Transaksi" time="14.498">
    <system-out><![CDATA[
@AS18-positive
Scenario: user bisa Mengubah Jumlah Produk pada Keranjang Belanja         &amp#27;[90m# src/test/resources/features/3. Transaksi.feature:28&amp#27;[0m
10:04:15.223 [main] INFO io.cucumber.core.plugin.SerenityReporter - Running feature from file:///C:/Users/HP/Downloads/Mini-Project-QA/ALTASHOP%20WEB%20AUTOMATION/src/test/resources/features/3.%20Transaksi.feature
10:04:15.229 [main] INFO  - 
  _____   ___   ___   _____     ___   _____     _     ___   _____   ___   ___  
 |_   _| | __| / __| |_   _|   / __| |_   _|   /_\   | _ \ |_   _| | __| |   \ 
   | |   | _|  \__ \   | |     \__ \   | |    / _ \  |   /   | |   | _|  | |) |
   |_|   |___| |___/   |_|     |___/   |_|   /_/ \_\ |_|_\   |_|   |___| |___/ 

user bisa Mengubah Jumlah Produk pada Keranjang Belanja(transaksi;user-bisa-mengubah-jumlah-produk-pada-keranjang-belanja)
--------------------------------------------------------------------------------
10:04:15.259 [main] DEBUG net.thucydides.core.steps.StepInterceptor - STARTING STEP: TransaksiSteps.userBeradaDiHomepageAltaShopDanLoginAkun - diHomepageAltaShop
10:04:15.352 [main] INFO net.serenitybdd.core.webdriver.driverproviders.ChromeDriverProvider - Starting Chrome driver instance with capabilities:
10:04:15.353 [main] INFO net.serenitybdd.core.webdriver.driverproviders.ChromeDriverProvider - Capabilities {acceptInsecureCerts: true, browserName: chrome, goog:chromeOptions: {args: [remote-allow-origins=*, test-type, no-sandbox, ignore-certificate-errors, start-maximized, incognito, disable-infobars, disable-gpu, disable-default-apps, disable-popup-blocking, remote-allow-origins=*, test-type, no-sandbox, ignore-certificate-errors, start-maximized, incognito, disable-infobars, disable-gpu, disable-default-apps, disable-popup-blocking], extensions: []}}
10:04:15.612 [AsyncHttpClient-1-12] DEBUG org.asynchttpclient.netty.channel.NettyConnectListener - Using new Channel '[id: 0xaf6d19ac, L:/127.0.0.1:50268 - R:localhost/127.0.0.1:3475]' for 'POST' to '/session'
10:04:16.200 [AsyncHttpClient-1-1] DEBUG org.asynchttpclient.netty.channel.DefaultChannelPool - Entry count for : http://localhost:22994 : 1
10:04:16.200 [AsyncHttpClient-1-1] DEBUG org.asynchttpclient.netty.channel.DefaultChannelPool - Adding Candidate expired Channel [id: 0x6eca6914, L:/127.0.0.1:50237 ! R:localhost/127.0.0.1:22994] isIdleTimeoutExpired=false isRemotelyClosed=true isTtlExpired=false
10:04:16.200 [AsyncHttpClient-1-1] DEBUG org.asynchttpclient.netty.channel.DefaultChannelPool - Closing Idle Channel [id: 0x6eca6914, L:/127.0.0.1:50237 ! R:localhost/127.0.0.1:22994]
10:04:16.200 [AsyncHttpClient-1-1] DEBUG org.asynchttpclient.netty.channel.DefaultChannelPool - Closed 1 connections out of 1 in 0 ms
10:04:18.098 [AsyncHttpClient-1-12] DEBUG org.asynchttpclient.netty.handler.HttpHandler - 

Request DefaultHttpRequest(decodeResult: success, version: HTTP/1.1)
POST /session HTTP/1.1
User-Agent: selenium/4.7.1 (java windows)
Content-Length: 1629
Content-Type: application/json; charset=utf-8
host: localhost:3475
accept: */*

Response DefaultHttpResponse(decodeResult: success, version: HTTP/1.1)
HTTP/1.1 200 OK
Content-Type: application/json; charset=utf-8
cache-control: no-cache
content-length: 855

10:04:18.099 [AsyncHttpClient-1-12] DEBUG org.asynchttpclient.netty.channel.ChannelManager - Adding key: http://localhost:3475 for channel [id: 0xaf6d19ac, L:/127.0.0.1:50268 - R:localhost/127.0.0.1:3475]
10:04:18.117 [AsyncHttpClient-1-13] DEBUG org.asynchttpclient.netty.channel.NettyConnectListener - Using new Channel '[id: 0x7442020f, L:/127.0.0.1:50275 - R:localhost/127.0.0.1:50269]' for 'GET' to '/json/version'
10:04:18.119 [AsyncHttpClient-1-13] DEBUG org.asynchttpclient.netty.handler.HttpHandler - 

Request DefaultFullHttpRequest(decodeResult: success, version: HTTP/1.1, content: EmptyByteBufBE)
GET /json/version HTTP/1.1
User-Agent: selenium/4.7.1 (java windows)
host: localhost:50269
accept: */*

Response DefaultHttpResponse(decodeResult: success, version: HTTP/1.1)
HTTP/1.1 200 OK
Content-Security-Policy: frame-ancestors 'none'
Content-Type: application/json; charset=UTF-8
content-length: 424

10:04:18.119 [AsyncHttpClient-1-13] DEBUG org.asynchttpclient.netty.channel.ChannelManager - Adding key: http://localhost:50269 for channel [id: 0x7442020f, L:/127.0.0.1:50275 - R:localhost/127.0.0.1:50269]
10:04:18.123 [AsyncHttpClient-1-14] DEBUG org.asynchttpclient.netty.channel.NettyConnectListener - Using new Channel '[id: 0x6b99bae4, L:/127.0.0.1:50276 - R:localhost/127.0.0.1:50269]' for 'GET' to '/devtools/browser/dc41d41f-9974-4e96-aa83-2ce9878c878a'
10:04:18.125 [AsyncHttpClient-1-14] DEBUG org.asynchttpclient.netty.handler.WebSocketHandler - 

Request DefaultFullHttpRequest(decodeResult: success, version: HTTP/1.1, content: EmptyByteBufBE)
GET /devtools/browser/dc41d41f-9974-4e96-aa83-2ce9878c878a HTTP/1.1
upgrade: websocket
connection: upgrade
sec-websocket-key: epQt+yPeVqbH+2DeZEqfQA==
sec-websocket-version: 13
origin: http://localhost:50269
host: localhost:50269
accept: */*
user-agent: AHC/2.1

Response DefaultHttpResponse(decodeResult: success, version: HTTP/1.1)
HTTP/1.1 101 WebSocket Protocol Handshake
Upgrade: WebSocket
Connection: Upgrade
Sec-WebSocket-Accept: BVP9blczZsPWMjwZG4C+I3obPW0=

10:04:18.137 [Forwarding get on session 0b844396b58e04175c6db013a31ddf70 to remote] DEBUG org.asynchttpclient.netty.request.NettyRequestSender - Using pooled Channel '[id: 0xaf6d19ac, L:/127.0.0.1:50268 - R:localhost/127.0.0.1:3475]' for 'POST' to 'http://localhost:3475/session/0b844396b58e04175c6db013a31ddf70/url'
10:04:18.137 [Forwarding get on session 0b844396b58e04175c6db013a31ddf70 to remote] DEBUG org.asynchttpclient.netty.request.NettyRequestSender - Using open Channel [id: 0xaf6d19ac, L:/127.0.0.1:50268 - R:localhost/127.0.0.1:3475] for POST '/session/0b844396b58e04175c6db013a31ddf70/url'
10:04:18.365 [AsyncHttpClient-1-1] DEBUG org.asynchttpclient.netty.channel.DefaultChannelPool - Entry count for : http://localhost:50269 : 1
10:04:19.176 [AsyncHttpClient-1-12] DEBUG org.asynchttpclient.netty.handler.HttpHandler - 

Request DefaultHttpRequest(decodeResult: success, version: HTTP/1.1)
POST /session/0b844396b58e04175c6db013a31ddf70/url HTTP/1.1
User-Agent: selenium/4.7.1 (java windows)
Content-Length: 59
Content-Type: application/json; charset=utf-8
host: localhost:3475
accept: */*

Response DefaultHttpResponse(decodeResult: success, version: HTTP/1.1)
HTTP/1.1 200 OK
Content-Type: application/json; charset=utf-8
cache-control: no-cache
content-length: 14

10:04:19.176 [AsyncHttpClient-1-12] DEBUG org.asynchttpclient.netty.channel.ChannelManager - Adding key: http://localhost:3475 for channel [id: 0xaf6d19ac, L:/127.0.0.1:50268 - R:localhost/127.0.0.1:3475]
10:04:19.181 [Forwarding setTimeout on session 0b844396b58e04175c6db013a31ddf70 to remote] DEBUG org.asynchttpclient.netty.request.NettyRequestSender - Using pooled Channel '[id: 0xaf6d19ac, L:/127.0.0.1:50268 - R:localhost/127.0.0.1:3475]' for 'POST' to 'http://localhost:3475/session/0b844396b58e04175c6db013a31ddf70/timeouts'
10:04:19.181 [Forwarding setTimeout on session 0b844396b58e04175c6db013a31ddf70 to remote] DEBUG org.asynchttpclient.netty.request.NettyRequestSender - Using open Channel [id: 0xaf6d19ac, L:/127.0.0.1:50268 - R:localhost/127.0.0.1:3475] for POST '/session/0b844396b58e04175c6db013a31ddf70/timeouts'
10:04:19.184 [AsyncHttpClient-1-12] DEBUG org.asynchttpclient.netty.handler.HttpHandler - 

Request DefaultHttpRequest(decodeResult: success, version: HTTP/1.1)
POST /session/0b844396b58e04175c6db013a31ddf70/timeouts HTTP/1.1
User-Agent: selenium/4.7.1 (java windows)
Content-Length: 22
Content-Type: application/json; charset=utf-8
host: localhost:3475
accept: */*

Response DefaultHttpResponse(decodeResult: success, version: HTTP/1.1)
HTTP/1.1 200 OK
Content-Type: application/json; charset=utf-8
cache-control: no-cache
content-length: 14

10:04:19.184 [AsyncHttpClient-1-12] DEBUG org.asynchttpclient.netty.channel.ChannelManager - Adding key: http://localhost:3475 for channel [id: 0xaf6d19ac, L:/127.0.0.1:50268 - R:localhost/127.0.0.1:3475]
10:04:19.191 [Forwarding getCurrentUrl on session 0b844396b58e04175c6db013a31ddf70 to remote] DEBUG org.asynchttpclient.netty.request.NettyRequestSender - Using pooled Channel '[id: 0xaf6d19ac, L:/127.0.0.1:50268 - R:localhost/127.0.0.1:3475]' for 'GET' to 'http://localhost:3475/session/0b844396b58e04175c6db013a31ddf70/url'
10:04:19.191 [Forwarding getCurrentUrl on session 0b844396b58e04175c6db013a31ddf70 to remote] DEBUG org.asynchttpclient.netty.request.NettyRequestSender - Using open Channel [id: 0xaf6d19ac, L:/127.0.0.1:50268 - R:localhost/127.0.0.1:3475] for GET '/session/0b844396b58e04175c6db013a31ddf70/url'
10:04:19.466 [AsyncHttpClient-1-1] DEBUG org.asynchttpclient.netty.channel.DefaultChannelPool - Entry count for : http://localhost:50269 : 1
10:04:20.565 [AsyncHttpClient-1-1] DEBUG org.asynchttpclient.netty.channel.DefaultChannelPool - Entry count for : http://localhost:50269 : 1
10:04:21.664 [AsyncHttpClient-1-1] DEBUG org.asynchttpclient.netty.channel.DefaultChannelPool - Entry count for : http://localhost:50269 : 1
10:04:21.977 [AsyncHttpClient-1-12] DEBUG org.asynchttpclient.netty.handler.HttpHandler - 

Request DefaultFullHttpRequest(decodeResult: success, version: HTTP/1.1, content: EmptyByteBufBE)
GET /session/0b844396b58e04175c6db013a31ddf70/url HTTP/1.1
User-Agent: selenium/4.7.1 (java windows)
Cache-Control: no-cache
Content-Type: application/json; charset=utf-8
host: localhost:3475
accept: */*

Response DefaultHttpResponse(decodeResult: success, version: HTTP/1.1)
HTTP/1.1 200 OK
Content-Type: application/json; charset=utf-8
cache-control: no-cache
content-length: 41

10:04:21.977 [AsyncHttpClient-1-12] DEBUG org.asynchttpclient.netty.channel.ChannelManager - Adding key: http://localhost:3475 for channel [id: 0xaf6d19ac, L:/127.0.0.1:50268 - R:localhost/127.0.0.1:3475]
10:04:21.981 [Forwarding getCurrentUrl on session 0b844396b58e04175c6db013a31ddf70 to remote] DEBUG org.asynchttpclient.netty.request.NettyRequestSender - Using pooled Channel '[id: 0xaf6d19ac, L:/127.0.0.1:50268 - R:localhost/127.0.0.1:3475]' for 'GET' to 'http://localhost:3475/session/0b844396b58e04175c6db013a31ddf70/url'
10:04:21.981 [Forwarding getCurrentUrl on session 0b844396b58e04175c6db013a31ddf70 to remote] DEBUG org.asynchttpclient.netty.request.NettyRequestSender - Using open Channel [id: 0xaf6d19ac, L:/127.0.0.1:50268 - R:localhost/127.0.0.1:3475] for GET '/session/0b844396b58e04175c6db013a31ddf70/url'
10:04:21.988 [AsyncHttpClient-1-12] DEBUG org.asynchttpclient.netty.handler.HttpHandler - 

Request DefaultFullHttpRequest(decodeResult: success, version: HTTP/1.1, content: EmptyByteBufBE)
GET /session/0b844396b58e04175c6db013a31ddf70/url HTTP/1.1
User-Agent: selenium/4.7.1 (java windows)
Cache-Control: no-cache
Content-Type: application/json; charset=utf-8
host: localhost:3475
accept: */*

Response DefaultHttpResponse(decodeResult: success, version: HTTP/1.1)
HTTP/1.1 200 OK
Content-Type: application/json; charset=utf-8
cache-control: no-cache
content-length: 41

10:04:21.988 [AsyncHttpClient-1-12] DEBUG org.asynchttpclient.netty.channel.ChannelManager - Adding key: http://localhost:3475 for channel [id: 0xaf6d19ac, L:/127.0.0.1:50268 - R:localhost/127.0.0.1:3475]
10:04:21.991 [Forwarding findElement on session 0b844396b58e04175c6db013a31ddf70 to remote] DEBUG org.asynchttpclient.netty.request.NettyRequestSender - Using pooled Channel '[id: 0xaf6d19ac, L:/127.0.0.1:50268 - R:localhost/127.0.0.1:3475]' for 'POST' to 'http://localhost:3475/session/0b844396b58e04175c6db013a31ddf70/element'
10:04:21.992 [Forwarding findElement on session 0b844396b58e04175c6db013a31ddf70 to remote] DEBUG org.asynchttpclient.netty.request.NettyRequestSender - Using open Channel [id: 0xaf6d19ac, L:/127.0.0.1:50268 - R:localhost/127.0.0.1:3475] for POST '/session/0b844396b58e04175c6db013a31ddf70/element'
10:04:22.018 [AsyncHttpClient-1-12] DEBUG org.asynchttpclient.netty.handler.HttpHandler - 

Request DefaultHttpRequest(decodeResult: success, version: HTTP/1.1)
POST /session/0b844396b58e04175c6db013a31ddf70/element HTTP/1.1
User-Agent: selenium/4.7.1 (java windows)
Content-Length: 108
Content-Type: application/json; charset=utf-8
host: localhost:3475
accept: */*

Response DefaultHttpResponse(decodeResult: success, version: HTTP/1.1)
HTTP/1.1 200 OK
Content-Type: application/json; charset=utf-8
cache-control: no-cache
content-length: 88

10:04:22.018 [AsyncHttpClient-1-12] DEBUG org.asynchttpclient.netty.channel.ChannelManager - Adding key: http://localhost:3475 for channel [id: 0xaf6d19ac, L:/127.0.0.1:50268 - R:localhost/127.0.0.1:3475]
10:04:22.021 [Forwarding isElementDisplayed on session 0b844396b58e04175c6db013a31ddf70 to remote] DEBUG org.asynchttpclient.netty.request.NettyRequestSender - Using pooled Channel '[id: 0xaf6d19ac, L:/127.0.0.1:50268 - R:localhost/127.0.0.1:3475]' for 'POST' to 'http://localhost:3475/session/0b844396b58e04175c6db013a31ddf70/execute/sync'
10:04:22.021 [Forwarding isElementDisplayed on session 0b844396b58e04175c6db013a31ddf70 to remote] DEBUG org.asynchttpclient.netty.request.NettyRequestSender - Using open Channel [id: 0xaf6d19ac, L:/127.0.0.1:50268 - R:localhost/127.0.0.1:3475] for POST '/session/0b844396b58e04175c6db013a31ddf70/execute/sync'
10:04:22.040 [AsyncHttpClient-1-12] DEBUG org.asynchttpclient.netty.handler.HttpHandler - 

Request DefaultHttpRequest(decodeResult: success, version: HTTP/1.1)
POST /session/0b844396b58e04175c6db013a31ddf70/execute/sync HTTP/1.1
User-Agent: selenium/4.7.1 (java windows)
Content-Length: 48780
Content-Type: application/json; charset=utf-8
host: localhost:3475
accept: */*

Response DefaultHttpResponse(decodeResult: success, version: HTTP/1.1)
HTTP/1.1 200 OK
Content-Type: application/json; charset=utf-8
cache-control: no-cache
content-length: 14

10:04:22.040 [AsyncHttpClient-1-12] DEBUG org.asynchttpclient.netty.channel.ChannelManager - Adding key: http://localhost:3475 for channel [id: 0xaf6d19ac, L:/127.0.0.1:50268 - R:localhost/127.0.0.1:3475]
10:04:22.046 [Forwarding isElementDisplayed on session 0b844396b58e04175c6db013a31ddf70 to remote] DEBUG org.asynchttpclient.netty.request.NettyRequestSender - Using pooled Channel '[id: 0xaf6d19ac, L:/127.0.0.1:50268 - R:localhost/127.0.0.1:3475]' for 'POST' to 'http://localhost:3475/session/0b844396b58e04175c6db013a31ddf70/execute/sync'
10:04:22.046 [Forwarding isElementDisplayed on session 0b844396b58e04175c6db013a31ddf70 to remote] DEBUG org.asynchttpclient.netty.request.NettyRequestSender - Using open Channel [id: 0xaf6d19ac, L:/127.0.0.1:50268 - R:localhost/127.0.0.1:3475] for POST '/session/0b844396b58e04175c6db013a31ddf70/execute/sync'
10:04:22.064 [AsyncHttpClient-1-12] DEBUG org.asynchttpclient.netty.handler.HttpHandler - 

Request DefaultHttpRequest(decodeResult: success, version: HTTP/1.1)
POST /session/0b844396b58e04175c6db013a31ddf70/execute/sync HTTP/1.1
User-Agent: selenium/4.7.1 (java windows)
Content-Length: 48780
Content-Type: application/json; charset=utf-8
host: localhost:3475
accept: */*

Response DefaultHttpResponse(decodeResult: success, version: HTTP/1.1)
HTTP/1.1 200 OK
Content-Type: application/json; charset=utf-8
cache-control: no-cache
content-length: 14

10:04:22.064 [AsyncHttpClient-1-12] DEBUG org.asynchttpclient.netty.channel.ChannelManager - Adding key: http://localhost:3475 for channel [id: 0xaf6d19ac, L:/127.0.0.1:50268 - R:localhost/127.0.0.1:3475]
10:04:22.070 [Forwarding getCurrentWindowHandle on session 0b844396b58e04175c6db013a31ddf70 to remote] DEBUG org.asynchttpclient.netty.request.NettyRequestSender - Using pooled Channel '[id: 0xaf6d19ac, L:/127.0.0.1:50268 - R:localhost/127.0.0.1:3475]' for 'GET' to 'http://localhost:3475/session/0b844396b58e04175c6db013a31ddf70/window'
10:04:22.070 [Forwarding getCurrentWindowHandle on session 0b844396b58e04175c6db013a31ddf70 to remote] DEBUG org.asynchttpclient.netty.request.NettyRequestSender - Using open Channel [id: 0xaf6d19ac, L:/127.0.0.1:50268 - R:localhost/127.0.0.1:3475] for GET '/session/0b844396b58e04175c6db013a31ddf70/window'
10:04:22.072 [AsyncHttpClient-1-12] DEBUG org.asynchttpclient.netty.handler.HttpHandler - 

Request DefaultFullHttpRequest(decodeResult: success, version: HTTP/1.1, content: EmptyByteBufBE)
GET /session/0b844396b58e04175c6db013a31ddf70/window HTTP/1.1
User-Agent: selenium/4.7.1 (java windows)
Cache-Control: no-cache
Content-Type: application/json; charset=utf-8
host: localhost:3475
accept: */*

Response DefaultHttpResponse(decodeResult: success, version: HTTP/1.1)
HTTP/1.1 200 OK
Content-Type: application/json; charset=utf-8
cache-control: no-cache
content-length: 44

10:04:22.072 [AsyncHttpClient-1-12] DEBUG org.asynchttpclient.netty.channel.ChannelManager - Adding key: http://localhost:3475 for channel [id: 0xaf6d19ac, L:/127.0.0.1:50268 - R:localhost/127.0.0.1:3475]
10:04:22.074 [Forwarding getAlertText on session 0b844396b58e04175c6db013a31ddf70 to remote] DEBUG org.asynchttpclient.netty.request.NettyRequestSender - Using pooled Channel '[id: 0xaf6d19ac, L:/127.0.0.1:50268 - R:localhost/127.0.0.1:3475]' for 'GET' to 'http://localhost:3475/session/0b844396b58e04175c6db013a31ddf70/alert/text'
10:04:22.074 [Forwarding getAlertText on session 0b844396b58e04175c6db013a31ddf70 to remote] DEBUG org.asynchttpclient.netty.request.NettyRequestSender - Using open Channel [id: 0xaf6d19ac, L:/127.0.0.1:50268 - R:localhost/127.0.0.1:3475] for GET '/session/0b844396b58e04175c6db013a31ddf70/alert/text'
10:04:22.077 [AsyncHttpClient-1-12] DEBUG org.asynchttpclient.netty.handler.HttpHandler - 

Request DefaultFullHttpRequest(decodeResult: success, version: HTTP/1.1, content: EmptyByteBufBE)
GET /session/0b844396b58e04175c6db013a31ddf70/alert/text HTTP/1.1
User-Agent: selenium/4.7.1 (java windows)
Cache-Control: no-cache
Content-Type: application/json; charset=utf-8
host: localhost:3475
accept: */*

Response DefaultHttpResponse(decodeResult: success, version: HTTP/1.1)
HTTP/1.1 404 Not Found
Content-Type: application/json; charset=utf-8
cache-control: no-cache
content-length: 821

10:04:22.077 [AsyncHttpClient-1-12] DEBUG org.asynchttpclient.netty.channel.ChannelManager - Adding key: http://localhost:3475 for channel [id: 0xaf6d19ac, L:/127.0.0.1:50268 - R:localhost/127.0.0.1:3475]
10:04:22.080 [Forwarding switchToWindow on session 0b844396b58e04175c6db013a31ddf70 to remote] DEBUG org.asynchttpclient.netty.request.NettyRequestSender - Using pooled Channel '[id: 0xaf6d19ac, L:/127.0.0.1:50268 - R:localhost/127.0.0.1:3475]' for 'POST' to 'http://localhost:3475/session/0b844396b58e04175c6db013a31ddf70/window'
10:04:22.080 [Forwarding switchToWindow on session 0b844396b58e04175c6db013a31ddf70 to remote] DEBUG org.asynchttpclient.netty.request.NettyRequestSender - Using open Channel [id: 0xaf6d19ac, L:/127.0.0.1:50268 - R:localhost/127.0.0.1:3475] for POST '/session/0b844396b58e04175c6db013a31ddf70/window'
10:04:22.084 [AsyncHttpClient-1-12] DEBUG org.asynchttpclient.netty.handler.HttpHandler - 

Request DefaultHttpRequest(decodeResult: success, version: HTTP/1.1)
POST /session/0b844396b58e04175c6db013a31ddf70/window HTTP/1.1
User-Agent: selenium/4.7.1 (java windows)
Content-Length: 50
Content-Type: application/json; charset=utf-8
host: localhost:3475
accept: */*

Response DefaultHttpResponse(decodeResult: success, version: HTTP/1.1)
HTTP/1.1 200 OK
Content-Type: application/json; charset=utf-8
cache-control: no-cache
content-length: 14

10:04:22.085 [AsyncHttpClient-1-12] DEBUG org.asynchttpclient.netty.channel.ChannelManager - Adding key: http://localhost:3475 for channel [id: 0xaf6d19ac, L:/127.0.0.1:50268 - R:localhost/127.0.0.1:3475]
10:04:22.085 [Forwarding getCurrentUrl on session 0b844396b58e04175c6db013a31ddf70 to remote] DEBUG org.asynchttpclient.netty.request.NettyRequestSender - Using pooled Channel '[id: 0xaf6d19ac, L:/127.0.0.1:50268 - R:localhost/127.0.0.1:3475]' for 'GET' to 'http://localhost:3475/session/0b844396b58e04175c6db013a31ddf70/url'
10:04:22.085 [Forwarding getCurrentUrl on session 0b844396b58e04175c6db013a31ddf70 to remote] DEBUG org.asynchttpclient.netty.request.NettyRequestSender - Using open Channel [id: 0xaf6d19ac, L:/127.0.0.1:50268 - R:localhost/127.0.0.1:3475] for GET '/session/0b844396b58e04175c6db013a31ddf70/url'
10:04:22.093 [AsyncHttpClient-1-12] DEBUG org.asynchttpclient.netty.handler.HttpHandler - 

Request DefaultFullHttpRequest(decodeResult: success, version: HTTP/1.1, content: EmptyByteBufBE)
GET /session/0b844396b58e04175c6db013a31ddf70/url HTTP/1.1
User-Agent: selenium/4.7.1 (java windows)
Cache-Control: no-cache
Content-Type: application/json; charset=utf-8
host: localhost:3475
accept: */*

Response DefaultHttpResponse(decodeResult: success, version: HTTP/1.1)
HTTP/1.1 200 OK
Content-Type: application/json; charset=utf-8
cache-control: no-cache
content-length: 41

10:04:22.093 [AsyncHttpClient-1-12] DEBUG org.asynchttpclient.netty.channel.ChannelManager - Adding key: http://localhost:3475 for channel [id: 0xaf6d19ac, L:/127.0.0.1:50268 - R:localhost/127.0.0.1:3475]
10:04:22.095 [Forwarding screenshot on session 0b844396b58e04175c6db013a31ddf70 to remote] DEBUG org.asynchttpclient.netty.request.NettyRequestSender - Using pooled Channel '[id: 0xaf6d19ac, L:/127.0.0.1:50268 - R:localhost/127.0.0.1:3475]' for 'GET' to 'http://localhost:3475/session/0b844396b58e04175c6db013a31ddf70/screenshot'
10:04:22.095 [Forwarding screenshot on session 0b844396b58e04175c6db013a31ddf70 to remote] DEBUG org.asynchttpclient.netty.request.NettyRequestSender - Using open Channel [id: 0xaf6d19ac, L:/127.0.0.1:50268 - R:localhost/127.0.0.1:3475] for GET '/session/0b844396b58e04175c6db013a31ddf70/screenshot'
10:04:22.223 [AsyncHttpClient-1-12] DEBUG org.asynchttpclient.netty.handler.HttpHandler - 

Request DefaultFullHttpRequest(decodeResult: success, version: HTTP/1.1, content: EmptyByteBufBE)
GET /session/0b844396b58e04175c6db013a31ddf70/screenshot HTTP/1.1
User-Agent: selenium/4.7.1 (java windows)
Cache-Control: no-cache
Content-Type: application/json; charset=utf-8
host: localhost:3475
accept: */*

Response DefaultHttpResponse(decodeResult: success, version: HTTP/1.1)
HTTP/1.1 200 OK
Content-Type: application/json; charset=utf-8
cache-control: no-cache
content-length: 117316

10:04:22.224 [AsyncHttpClient-1-12] DEBUG org.asynchttpclient.netty.channel.ChannelManager - Adding key: http://localhost:3475 for channel [id: 0xaf6d19ac, L:/127.0.0.1:50268 - R:localhost/127.0.0.1:3475]
10:04:22.228 [main] DEBUG net.serenitybdd.core.photography.Darkroom - Send negative for processing for target\site\serenity\f5192530e05cb404d28257d53fcda2caea810e87ea3a99aca8c746b4c525f8f1.png
10:04:22.228 [main] DEBUG net.thucydides.core.steps.StepInterceptor - STEP DONE: diHomepageAltaShop
10:04:22.232 [main] DEBUG net.thucydides.core.steps.StepInterceptor - STARTING STEP: TransaksiSteps.userBeradaDiHomepageAltaShopDanLoginAkun - klikButtonLogin
10:04:22.235 [Forwarding findElement on session 0b844396b58e04175c6db013a31ddf70 to remote] DEBUG org.asynchttpclient.netty.request.NettyRequestSender - Using pooled Channel '[id: 0xaf6d19ac, L:/127.0.0.1:50268 - R:localhost/127.0.0.1:3475]' for 'POST' to 'http://localhost:3475/session/0b844396b58e04175c6db013a31ddf70/element'
10:04:22.235 [Forwarding findElement on session 0b844396b58e04175c6db013a31ddf70 to remote] DEBUG org.asynchttpclient.netty.request.NettyRequestSender - Using open Channel [id: 0xaf6d19ac, L:/127.0.0.1:50268 - R:localhost/127.0.0.1:3475] for POST '/session/0b844396b58e04175c6db013a31ddf70/element'
10:04:22.252 [AsyncHttpClient-1-12] DEBUG org.asynchttpclient.netty.handler.HttpHandler - 

Request DefaultHttpRequest(decodeResult: success, version: HTTP/1.1)
POST /session/0b844396b58e04175c6db013a31ddf70/element HTTP/1.1
User-Agent: selenium/4.7.1 (java windows)
Content-Length: 108
Content-Type: application/json; charset=utf-8
host: localhost:3475
accept: */*

Response DefaultHttpResponse(decodeResult: success, version: HTTP/1.1)
HTTP/1.1 200 OK
Content-Type: application/json; charset=utf-8
cache-control: no-cache
content-length: 88

10:04:22.252 [AsyncHttpClient-1-12] DEBUG org.asynchttpclient.netty.channel.ChannelManager - Adding key: http://localhost:3475 for channel [id: 0xaf6d19ac, L:/127.0.0.1:50268 - R:localhost/127.0.0.1:3475]
10:04:22.254 [Forwarding getElementTagName on session 0b844396b58e04175c6db013a31ddf70 to remote] DEBUG org.asynchttpclient.netty.request.NettyRequestSender - Using pooled Channel '[id: 0xaf6d19ac, L:/127.0.0.1:50268 - R:localhost/127.0.0.1:3475]' for 'GET' to 'http://localhost:3475/session/0b844396b58e04175c6db013a31ddf70/element/558d33d5-e745-4baa-a6aa-d32695c777f5/name'
10:04:22.254 [Forwarding getElementTagName on session 0b844396b58e04175c6db013a31ddf70 to remote] DEBUG org.asynchttpclient.netty.request.NettyRequestSender - Using open Channel [id: 0xaf6d19ac, L:/127.0.0.1:50268 - R:localhost/127.0.0.1:3475] for GET '/session/0b844396b58e04175c6db013a31ddf70/element/558d33d5-e745-4baa-a6aa-d32695c777f5/name'
10:04:22.262 [AsyncHttpClient-1-12] DEBUG org.asynchttpclient.netty.handler.HttpHandler - 

Request DefaultFullHttpRequest(decodeResult: success, version: HTTP/1.1, content: EmptyByteBufBE)
GET /session/0b844396b58e04175c6db013a31ddf70/element/558d33d5-e745-4baa-a6aa-d32695c777f5/name HTTP/1.1
User-Agent: selenium/4.7.1 (java windows)
Cache-Control: no-cache
Content-Type: application/json; charset=utf-8
host: localhost:3475
accept: */*

Response DefaultHttpResponse(decodeResult: success, version: HTTP/1.1)
HTTP/1.1 200 OK
Content-Type: application/json; charset=utf-8
cache-control: no-cache
content-length: 18

10:04:22.262 [AsyncHttpClient-1-12] DEBUG org.asynchttpclient.netty.channel.ChannelManager - Adding key: http://localhost:3475 for channel [id: 0xaf6d19ac, L:/127.0.0.1:50268 - R:localhost/127.0.0.1:3475]
10:04:22.263 [Forwarding getElementTagName on session 0b844396b58e04175c6db013a31ddf70 to remote] DEBUG org.asynchttpclient.netty.request.NettyRequestSender - Using pooled Channel '[id: 0xaf6d19ac, L:/127.0.0.1:50268 - R:localhost/127.0.0.1:3475]' for 'GET' to 'http://localhost:3475/session/0b844396b58e04175c6db013a31ddf70/element/558d33d5-e745-4baa-a6aa-d32695c777f5/name'
10:04:22.264 [Forwarding getElementTagName on session 0b844396b58e04175c6db013a31ddf70 to remote] DEBUG org.asynchttpclient.netty.request.NettyRequestSender - Using open Channel [id: 0xaf6d19ac, L:/127.0.0.1:50268 - R:localhost/127.0.0.1:3475] for GET '/session/0b844396b58e04175c6db013a31ddf70/element/558d33d5-e745-4baa-a6aa-d32695c777f5/name'
10:04:22.269 [AsyncHttpClient-1-12] DEBUG org.asynchttpclient.netty.handler.HttpHandler - 

Request DefaultFullHttpRequest(decodeResult: success, version: HTTP/1.1, content: EmptyByteBufBE)
GET /session/0b844396b58e04175c6db013a31ddf70/element/558d33d5-e745-4baa-a6aa-d32695c777f5/name HTTP/1.1
User-Agent: selenium/4.7.1 (java windows)
Cache-Control: no-cache
Content-Type: application/json; charset=utf-8
host: localhost:3475
accept: */*

Response DefaultHttpResponse(decodeResult: success, version: HTTP/1.1)
HTTP/1.1 200 OK
Content-Type: application/json; charset=utf-8
cache-control: no-cache
content-length: 18

10:04:22.269 [AsyncHttpClient-1-12] DEBUG org.asynchttpclient.netty.channel.ChannelManager - Adding key: http://localhost:3475 for channel [id: 0xaf6d19ac, L:/127.0.0.1:50268 - R:localhost/127.0.0.1:3475]
10:04:22.271 [Forwarding isElementEnabled on session 0b844396b58e04175c6db013a31ddf70 to remote] DEBUG org.asynchttpclient.netty.request.NettyRequestSender - Using pooled Channel '[id: 0xaf6d19ac, L:/127.0.0.1:50268 - R:localhost/127.0.0.1:3475]' for 'GET' to 'http://localhost:3475/session/0b844396b58e04175c6db013a31ddf70/element/558d33d5-e745-4baa-a6aa-d32695c777f5/enabled'
10:04:22.271 [Forwarding isElementEnabled on session 0b844396b58e04175c6db013a31ddf70 to remote] DEBUG org.asynchttpclient.netty.request.NettyRequestSender - Using open Channel [id: 0xaf6d19ac, L:/127.0.0.1:50268 - R:localhost/127.0.0.1:3475] for GET '/session/0b844396b58e04175c6db013a31ddf70/element/558d33d5-e745-4baa-a6aa-d32695c777f5/enabled'
10:04:22.284 [AsyncHttpClient-1-12] DEBUG org.asynchttpclient.netty.handler.HttpHandler - 

Request DefaultFullHttpRequest(decodeResult: success, version: HTTP/1.1, content: EmptyByteBufBE)
GET /session/0b844396b58e04175c6db013a31ddf70/element/558d33d5-e745-4baa-a6aa-d32695c777f5/enabled HTTP/1.1
User-Agent: selenium/4.7.1 (java windows)
Cache-Control: no-cache
Content-Type: application/json; charset=utf-8
host: localhost:3475
accept: */*

Response DefaultHttpResponse(decodeResult: success, version: HTTP/1.1)
HTTP/1.1 200 OK
Content-Type: application/json; charset=utf-8
cache-control: no-cache
content-length: 14

10:04:22.284 [AsyncHttpClient-1-12] DEBUG org.asynchttpclient.netty.channel.ChannelManager - Adding key: http://localhost:3475 for channel [id: 0xaf6d19ac, L:/127.0.0.1:50268 - R:localhost/127.0.0.1:3475]
10:04:22.285 [Forwarding isElementEnabled on session 0b844396b58e04175c6db013a31ddf70 to remote] DEBUG org.asynchttpclient.netty.request.NettyRequestSender - Using pooled Channel '[id: 0xaf6d19ac, L:/127.0.0.1:50268 - R:localhost/127.0.0.1:3475]' for 'GET' to 'http://localhost:3475/session/0b844396b58e04175c6db013a31ddf70/element/558d33d5-e745-4baa-a6aa-d32695c777f5/enabled'
10:04:22.286 [Forwarding isElementEnabled on session 0b844396b58e04175c6db013a31ddf70 to remote] DEBUG org.asynchttpclient.netty.request.NettyRequestSender - Using open Channel [id: 0xaf6d19ac, L:/127.0.0.1:50268 - R:localhost/127.0.0.1:3475] for GET '/session/0b844396b58e04175c6db013a31ddf70/element/558d33d5-e745-4baa-a6aa-d32695c777f5/enabled'
10:04:22.295 [AsyncHttpClient-1-12] DEBUG org.asynchttpclient.netty.handler.HttpHandler - 

Request DefaultFullHttpRequest(decodeResult: success, version: HTTP/1.1, content: EmptyByteBufBE)
GET /session/0b844396b58e04175c6db013a31ddf70/element/558d33d5-e745-4baa-a6aa-d32695c777f5/enabled HTTP/1.1
User-Agent: selenium/4.7.1 (java windows)
Cache-Control: no-cache
Content-Type: application/json; charset=utf-8
host: localhost:3475
accept: */*

Response DefaultHttpResponse(decodeResult: success, version: HTTP/1.1)
HTTP/1.1 200 OK
Content-Type: application/json; charset=utf-8
cache-control: no-cache
content-length: 14

10:04:22.295 [AsyncHttpClient-1-12] DEBUG org.asynchttpclient.netty.channel.ChannelManager - Adding key: http://localhost:3475 for channel [id: 0xaf6d19ac, L:/127.0.0.1:50268 - R:localhost/127.0.0.1:3475]
10:04:22.299 [Forwarding findElement on session 0b844396b58e04175c6db013a31ddf70 to remote] DEBUG org.asynchttpclient.netty.request.NettyRequestSender - Using pooled Channel '[id: 0xaf6d19ac, L:/127.0.0.1:50268 - R:localhost/127.0.0.1:3475]' for 'POST' to 'http://localhost:3475/session/0b844396b58e04175c6db013a31ddf70/element'
10:04:22.299 [Forwarding findElement on session 0b844396b58e04175c6db013a31ddf70 to remote] DEBUG org.asynchttpclient.netty.request.NettyRequestSender - Using open Channel [id: 0xaf6d19ac, L:/127.0.0.1:50268 - R:localhost/127.0.0.1:3475] for POST '/session/0b844396b58e04175c6db013a31ddf70/element'
10:04:22.320 [AsyncHttpClient-1-12] DEBUG org.asynchttpclient.netty.handler.HttpHandler - 

Request DefaultHttpRequest(decodeResult: success, version: HTTP/1.1)
POST /session/0b844396b58e04175c6db013a31ddf70/element HTTP/1.1
User-Agent: selenium/4.7.1 (java windows)
Content-Length: 108
Content-Type: application/json; charset=utf-8
host: localhost:3475
accept: */*

Response DefaultHttpResponse(decodeResult: success, version: HTTP/1.1)
HTTP/1.1 200 OK
Content-Type: application/json; charset=utf-8
cache-control: no-cache
content-length: 88

10:04:22.320 [AsyncHttpClient-1-12] DEBUG org.asynchttpclient.netty.channel.ChannelManager - Adding key: http://localhost:3475 for channel [id: 0xaf6d19ac, L:/127.0.0.1:50268 - R:localhost/127.0.0.1:3475]
10:04:22.322 [Forwarding clickElement on session 0b844396b58e04175c6db013a31ddf70 to remote] DEBUG org.asynchttpclient.netty.request.NettyRequestSender - Using pooled Channel '[id: 0xaf6d19ac, L:/127.0.0.1:50268 - R:localhost/127.0.0.1:3475]' for 'POST' to 'http://localhost:3475/session/0b844396b58e04175c6db013a31ddf70/element/558d33d5-e745-4baa-a6aa-d32695c777f5/click'
10:04:22.322 [Forwarding clickElement on session 0b844396b58e04175c6db013a31ddf70 to remote] DEBUG org.asynchttpclient.netty.request.NettyRequestSender - Using open Channel [id: 0xaf6d19ac, L:/127.0.0.1:50268 - R:localhost/127.0.0.1:3475] for POST '/session/0b844396b58e04175c6db013a31ddf70/element/558d33d5-e745-4baa-a6aa-d32695c777f5/click'
10:04:22.422 [AsyncHttpClient-1-12] DEBUG org.asynchttpclient.netty.handler.HttpHandler - 

Request DefaultHttpRequest(decodeResult: success, version: HTTP/1.1)
POST /session/0b844396b58e04175c6db013a31ddf70/element/558d33d5-e745-4baa-a6aa-d32695c777f5/click HTTP/1.1
User-Agent: selenium/4.7.1 (java windows)
Content-Length: 50
Content-Type: application/json; charset=utf-8
host: localhost:3475
accept: */*

Response DefaultHttpResponse(decodeResult: success, version: HTTP/1.1)
HTTP/1.1 200 OK
Content-Type: application/json; charset=utf-8
cache-control: no-cache
content-length: 14

10:04:22.422 [AsyncHttpClient-1-12] DEBUG org.asynchttpclient.netty.channel.ChannelManager - Adding key: http://localhost:3475 for channel [id: 0xaf6d19ac, L:/127.0.0.1:50268 - R:localhost/127.0.0.1:3475]
10:04:22.434 [Forwarding getCurrentWindowHandle on session 0b844396b58e04175c6db013a31ddf70 to remote] DEBUG org.asynchttpclient.netty.request.NettyRequestSender - Using pooled Channel '[id: 0xaf6d19ac, L:/127.0.0.1:50268 - R:localhost/127.0.0.1:3475]' for 'GET' to 'http://localhost:3475/session/0b844396b58e04175c6db013a31ddf70/window'
10:04:22.434 [Forwarding getCurrentWindowHandle on session 0b844396b58e04175c6db013a31ddf70 to remote] DEBUG org.asynchttpclient.netty.request.NettyRequestSender - Using open Channel [id: 0xaf6d19ac, L:/127.0.0.1:50268 - R:localhost/127.0.0.1:3475] for GET '/session/0b844396b58e04175c6db013a31ddf70/window'
10:04:22.436 [AsyncHttpClient-1-12] DEBUG org.asynchttpclient.netty.handler.HttpHandler - 

Request DefaultFullHttpRequest(decodeResult: success, version: HTTP/1.1, content: EmptyByteBufBE)
GET /session/0b844396b58e04175c6db013a31ddf70/window HTTP/1.1
User-Agent: selenium/4.7.1 (java windows)
Cache-Control: no-cache
Content-Type: application/json; charset=utf-8
host: localhost:3475
accept: */*

Response DefaultHttpResponse(decodeResult: success, version: HTTP/1.1)
HTTP/1.1 200 OK
Content-Type: application/json; charset=utf-8
cache-control: no-cache
content-length: 44

10:04:22.436 [AsyncHttpClient-1-12] DEBUG org.asynchttpclient.netty.channel.ChannelManager - Adding key: http://localhost:3475 for channel [id: 0xaf6d19ac, L:/127.0.0.1:50268 - R:localhost/127.0.0.1:3475]
10:04:22.439 [Forwarding getAlertText on session 0b844396b58e04175c6db013a31ddf70 to remote] DEBUG org.asynchttpclient.netty.request.NettyRequestSender - Using pooled Channel '[id: 0xaf6d19ac, L:/127.0.0.1:50268 - R:localhost/127.0.0.1:3475]' for 'GET' to 'http://localhost:3475/session/0b844396b58e04175c6db013a31ddf70/alert/text'
10:04:22.439 [Forwarding getAlertText on session 0b844396b58e04175c6db013a31ddf70 to remote] DEBUG org.asynchttpclient.netty.request.NettyRequestSender - Using open Channel [id: 0xaf6d19ac, L:/127.0.0.1:50268 - R:localhost/127.0.0.1:3475] for GET '/session/0b844396b58e04175c6db013a31ddf70/alert/text'
10:04:22.640 [AsyncHttpClient-1-12] DEBUG org.asynchttpclient.netty.handler.HttpHandler - 

Request DefaultFullHttpRequest(decodeResult: success, version: HTTP/1.1, content: EmptyByteBufBE)
GET /session/0b844396b58e04175c6db013a31ddf70/alert/text HTTP/1.1
User-Agent: selenium/4.7.1 (java windows)
Cache-Control: no-cache
Content-Type: application/json; charset=utf-8
host: localhost:3475
accept: */*

Response DefaultHttpResponse(decodeResult: success, version: HTTP/1.1)
HTTP/1.1 404 Not Found
Content-Type: application/json; charset=utf-8
cache-control: no-cache
content-length: 821

10:04:22.641 [AsyncHttpClient-1-12] DEBUG org.asynchttpclient.netty.channel.ChannelManager - Adding key: http://localhost:3475 for channel [id: 0xaf6d19ac, L:/127.0.0.1:50268 - R:localhost/127.0.0.1:3475]
10:04:22.643 [Forwarding switchToWindow on session 0b844396b58e04175c6db013a31ddf70 to remote] DEBUG org.asynchttpclient.netty.request.NettyRequestSender - Using pooled Channel '[id: 0xaf6d19ac, L:/127.0.0.1:50268 - R:localhost/127.0.0.1:3475]' for 'POST' to 'http://localhost:3475/session/0b844396b58e04175c6db013a31ddf70/window'
10:04:22.643 [Forwarding switchToWindow on session 0b844396b58e04175c6db013a31ddf70 to remote] DEBUG org.asynchttpclient.netty.request.NettyRequestSender - Using open Channel [id: 0xaf6d19ac, L:/127.0.0.1:50268 - R:localhost/127.0.0.1:3475] for POST '/session/0b844396b58e04175c6db013a31ddf70/window'
10:04:22.647 [AsyncHttpClient-1-12] DEBUG org.asynchttpclient.netty.handler.HttpHandler - 

Request DefaultHttpRequest(decodeResult: success, version: HTTP/1.1)
POST /session/0b844396b58e04175c6db013a31ddf70/window HTTP/1.1
User-Agent: selenium/4.7.1 (java windows)
Content-Length: 50
Content-Type: application/json; charset=utf-8
host: localhost:3475
accept: */*

Response DefaultHttpResponse(decodeResult: success, version: HTTP/1.1)
HTTP/1.1 200 OK
Content-Type: application/json; charset=utf-8
cache-control: no-cache
content-length: 14

10:04:22.648 [AsyncHttpClient-1-12] DEBUG org.asynchttpclient.netty.channel.ChannelManager - Adding key: http://localhost:3475 for channel [id: 0xaf6d19ac, L:/127.0.0.1:50268 - R:localhost/127.0.0.1:3475]
10:04:22.648 [Forwarding getCurrentUrl on session 0b844396b58e04175c6db013a31ddf70 to remote] DEBUG org.asynchttpclient.netty.request.NettyRequestSender - Using pooled Channel '[id: 0xaf6d19ac, L:/127.0.0.1:50268 - R:localhost/127.0.0.1:3475]' for 'GET' to 'http://localhost:3475/session/0b844396b58e04175c6db013a31ddf70/url'
10:04:22.648 [Forwarding getCurrentUrl on session 0b844396b58e04175c6db013a31ddf70 to remote] DEBUG org.asynchttpclient.netty.request.NettyRequestSender - Using open Channel [id: 0xaf6d19ac, L:/127.0.0.1:50268 - R:localhost/127.0.0.1:3475] for GET '/session/0b844396b58e04175c6db013a31ddf70/url'
10:04:22.657 [AsyncHttpClient-1-12] DEBUG org.asynchttpclient.netty.handler.HttpHandler - 

Request DefaultFullHttpRequest(decodeResult: success, version: HTTP/1.1, content: EmptyByteBufBE)
GET /session/0b844396b58e04175c6db013a31ddf70/url HTTP/1.1
User-Agent: selenium/4.7.1 (java windows)
Cache-Control: no-cache
Content-Type: application/json; charset=utf-8
host: localhost:3475
accept: */*

Response DefaultHttpResponse(decodeResult: success, version: HTTP/1.1)
HTTP/1.1 200 OK
Content-Type: application/json; charset=utf-8
cache-control: no-cache
content-length: 51

10:04:22.657 [AsyncHttpClient-1-12] DEBUG org.asynchttpclient.netty.channel.ChannelManager - Adding key: http://localhost:3475 for channel [id: 0xaf6d19ac, L:/127.0.0.1:50268 - R:localhost/127.0.0.1:3475]
10:04:22.658 [Forwarding screenshot on session 0b844396b58e04175c6db013a31ddf70 to remote] DEBUG org.asynchttpclient.netty.request.NettyRequestSender - Using pooled Channel '[id: 0xaf6d19ac, L:/127.0.0.1:50268 - R:localhost/127.0.0.1:3475]' for 'GET' to 'http://localhost:3475/session/0b844396b58e04175c6db013a31ddf70/screenshot'
10:04:22.658 [Forwarding screenshot on session 0b844396b58e04175c6db013a31ddf70 to remote] DEBUG org.asynchttpclient.netty.request.NettyRequestSender - Using open Channel [id: 0xaf6d19ac, L:/127.0.0.1:50268 - R:localhost/127.0.0.1:3475] for GET '/session/0b844396b58e04175c6db013a31ddf70/screenshot'
10:04:22.764 [AsyncHttpClient-1-1] DEBUG org.asynchttpclient.netty.channel.DefaultChannelPool - Entry count for : http://localhost:50269 : 1
10:04:22.803 [AsyncHttpClient-1-12] DEBUG org.asynchttpclient.netty.handler.HttpHandler - 

Request DefaultFullHttpRequest(decodeResult: success, version: HTTP/1.1, content: EmptyByteBufBE)
GET /session/0b844396b58e04175c6db013a31ddf70/screenshot HTTP/1.1
User-Agent: selenium/4.7.1 (java windows)
Cache-Control: no-cache
Content-Type: application/json; charset=utf-8
host: localhost:3475
accept: */*

Response DefaultHttpResponse(decodeResult: success, version: HTTP/1.1)
HTTP/1.1 200 OK
Content-Type: application/json; charset=utf-8
cache-control: no-cache
content-length: 26172

10:04:22.803 [AsyncHttpClient-1-12] DEBUG org.asynchttpclient.netty.channel.ChannelManager - Adding key: http://localhost:3475 for channel [id: 0xaf6d19ac, L:/127.0.0.1:50268 - R:localhost/127.0.0.1:3475]
10:04:22.805 [main] DEBUG net.serenitybdd.core.photography.Darkroom - Send negative for processing for target\site\serenity\f035198f28bcaf95684f4b1a3b9e5d031fc0873bb044f55c4913aef571773aa0.png
10:04:22.806 [main] DEBUG net.thucydides.core.steps.StepInterceptor - STEP DONE: klikButtonLogin
10:04:22.810 [main] DEBUG net.thucydides.core.steps.StepInterceptor - STARTING STEP: TransaksiSteps.userBeradaDiHomepageAltaShopDanLoginAkun - inputEmail
10:04:22.812 [Forwarding findElement on session 0b844396b58e04175c6db013a31ddf70 to remote] DEBUG org.asynchttpclient.netty.request.NettyRequestSender - Using pooled Channel '[id: 0xaf6d19ac, L:/127.0.0.1:50268 - R:localhost/127.0.0.1:3475]' for 'POST' to 'http://localhost:3475/session/0b844396b58e04175c6db013a31ddf70/element'
10:04:22.812 [Forwarding findElement on session 0b844396b58e04175c6db013a31ddf70 to remote] DEBUG org.asynchttpclient.netty.request.NettyRequestSender - Using open Channel [id: 0xaf6d19ac, L:/127.0.0.1:50268 - R:localhost/127.0.0.1:3475] for POST '/session/0b844396b58e04175c6db013a31ddf70/element'
10:04:22.830 [AsyncHttpClient-1-12] DEBUG org.asynchttpclient.netty.handler.HttpHandler - 

Request DefaultHttpRequest(decodeResult: success, version: HTTP/1.1)
POST /session/0b844396b58e04175c6db013a31ddf70/element HTTP/1.1
User-Agent: selenium/4.7.1 (java windows)
Content-Length: 187
Content-Type: application/json; charset=utf-8
host: localhost:3475
accept: */*

Response DefaultHttpResponse(decodeResult: success, version: HTTP/1.1)
HTTP/1.1 200 OK
Content-Type: application/json; charset=utf-8
cache-control: no-cache
content-length: 88

10:04:22.830 [AsyncHttpClient-1-12] DEBUG org.asynchttpclient.netty.channel.ChannelManager - Adding key: http://localhost:3475 for channel [id: 0xaf6d19ac, L:/127.0.0.1:50268 - R:localhost/127.0.0.1:3475]
10:04:22.831 [Forwarding clearElement on session 0b844396b58e04175c6db013a31ddf70 to remote] DEBUG org.asynchttpclient.netty.request.NettyRequestSender - Using pooled Channel '[id: 0xaf6d19ac, L:/127.0.0.1:50268 - R:localhost/127.0.0.1:3475]' for 'POST' to 'http://localhost:3475/session/0b844396b58e04175c6db013a31ddf70/element/c1abc792-f5e3-4edc-9f2b-5a6da37bc123/clear'
10:04:22.832 [Forwarding clearElement on session 0b844396b58e04175c6db013a31ddf70 to remote] DEBUG org.asynchttpclient.netty.request.NettyRequestSender - Using open Channel [id: 0xaf6d19ac, L:/127.0.0.1:50268 - R:localhost/127.0.0.1:3475] for POST '/session/0b844396b58e04175c6db013a31ddf70/element/c1abc792-f5e3-4edc-9f2b-5a6da37bc123/clear'
10:04:22.879 [AsyncHttpClient-1-12] DEBUG org.asynchttpclient.netty.handler.HttpHandler - 

Request DefaultHttpRequest(decodeResult: success, version: HTTP/1.1)
POST /session/0b844396b58e04175c6db013a31ddf70/element/c1abc792-f5e3-4edc-9f2b-5a6da37bc123/clear HTTP/1.1
User-Agent: selenium/4.7.1 (java windows)
Content-Length: 50
Content-Type: application/json; charset=utf-8
host: localhost:3475
accept: */*

Response DefaultHttpResponse(decodeResult: success, version: HTTP/1.1)
HTTP/1.1 200 OK
Content-Type: application/json; charset=utf-8
cache-control: no-cache
content-length: 14

10:04:22.879 [AsyncHttpClient-1-12] DEBUG org.asynchttpclient.netty.channel.ChannelManager - Adding key: http://localhost:3475 for channel [id: 0xaf6d19ac, L:/127.0.0.1:50268 - R:localhost/127.0.0.1:3475]
10:04:22.881 [Forwarding sendKeysToElement on session 0b844396b58e04175c6db013a31ddf70 to remote] DEBUG org.asynchttpclient.netty.request.NettyRequestSender - Using pooled Channel '[id: 0xaf6d19ac, L:/127.0.0.1:50268 - R:localhost/127.0.0.1:3475]' for 'POST' to 'http://localhost:3475/session/0b844396b58e04175c6db013a31ddf70/element/c1abc792-f5e3-4edc-9f2b-5a6da37bc123/value'
10:04:22.881 [Forwarding sendKeysToElement on session 0b844396b58e04175c6db013a31ddf70 to remote] DEBUG org.asynchttpclient.netty.request.NettyRequestSender - Using open Channel [id: 0xaf6d19ac, L:/127.0.0.1:50268 - R:localhost/127.0.0.1:3475] for POST '/session/0b844396b58e04175c6db013a31ddf70/element/c1abc792-f5e3-4edc-9f2b-5a6da37bc123/value'
10:04:23.067 [AsyncHttpClient-1-12] DEBUG org.asynchttpclient.netty.handler.HttpHandler - 

Request DefaultHttpRequest(decodeResult: success, version: HTTP/1.1)
POST /session/0b844396b58e04175c6db013a31ddf70/element/c1abc792-f5e3-4edc-9f2b-5a6da37bc123/value HTTP/1.1
User-Agent: selenium/4.7.1 (java windows)
Content-Length: 211
Content-Type: application/json; charset=utf-8
host: localhost:3475
accept: */*

Response DefaultHttpResponse(decodeResult: success, version: HTTP/1.1)
HTTP/1.1 200 OK
Content-Type: application/json; charset=utf-8
cache-control: no-cache
content-length: 14

10:04:23.067 [AsyncHttpClient-1-12] DEBUG org.asynchttpclient.netty.channel.ChannelManager - Adding key: http://localhost:3475 for channel [id: 0xaf6d19ac, L:/127.0.0.1:50268 - R:localhost/127.0.0.1:3475]
10:04:23.075 [Forwarding getCurrentWindowHandle on session 0b844396b58e04175c6db013a31ddf70 to remote] DEBUG org.asynchttpclient.netty.request.NettyRequestSender - Using pooled Channel '[id: 0xaf6d19ac, L:/127.0.0.1:50268 - R:localhost/127.0.0.1:3475]' for 'GET' to 'http://localhost:3475/session/0b844396b58e04175c6db013a31ddf70/window'
10:04:23.075 [Forwarding getCurrentWindowHandle on session 0b844396b58e04175c6db013a31ddf70 to remote] DEBUG org.asynchttpclient.netty.request.NettyRequestSender - Using open Channel [id: 0xaf6d19ac, L:/127.0.0.1:50268 - R:localhost/127.0.0.1:3475] for GET '/session/0b844396b58e04175c6db013a31ddf70/window'
10:04:23.077 [AsyncHttpClient-1-12] DEBUG org.asynchttpclient.netty.handler.HttpHandler - 

Request DefaultFullHttpRequest(decodeResult: success, version: HTTP/1.1, content: EmptyByteBufBE)
GET /session/0b844396b58e04175c6db013a31ddf70/window HTTP/1.1
User-Agent: selenium/4.7.1 (java windows)
Cache-Control: no-cache
Content-Type: application/json; charset=utf-8
host: localhost:3475
accept: */*

Response DefaultHttpResponse(decodeResult: success, version: HTTP/1.1)
HTTP/1.1 200 OK
Content-Type: application/json; charset=utf-8
cache-control: no-cache
content-length: 44

10:04:23.077 [AsyncHttpClient-1-12] DEBUG org.asynchttpclient.netty.channel.ChannelManager - Adding key: http://localhost:3475 for channel [id: 0xaf6d19ac, L:/127.0.0.1:50268 - R:localhost/127.0.0.1:3475]
10:04:23.079 [Forwarding getAlertText on session 0b844396b58e04175c6db013a31ddf70 to remote] DEBUG org.asynchttpclient.netty.request.NettyRequestSender - Using pooled Channel '[id: 0xaf6d19ac, L:/127.0.0.1:50268 - R:localhost/127.0.0.1:3475]' for 'GET' to 'http://localhost:3475/session/0b844396b58e04175c6db013a31ddf70/alert/text'
10:04:23.079 [Forwarding getAlertText on session 0b844396b58e04175c6db013a31ddf70 to remote] DEBUG org.asynchttpclient.netty.request.NettyRequestSender - Using open Channel [id: 0xaf6d19ac, L:/127.0.0.1:50268 - R:localhost/127.0.0.1:3475] for GET '/session/0b844396b58e04175c6db013a31ddf70/alert/text'
10:04:23.083 [AsyncHttpClient-1-12] DEBUG org.asynchttpclient.netty.handler.HttpHandler - 

Request DefaultFullHttpRequest(decodeResult: success, version: HTTP/1.1, content: EmptyByteBufBE)
GET /session/0b844396b58e04175c6db013a31ddf70/alert/text HTTP/1.1
User-Agent: selenium/4.7.1 (java windows)
Cache-Control: no-cache
Content-Type: application/json; charset=utf-8
host: localhost:3475
accept: */*

Response DefaultHttpResponse(decodeResult: success, version: HTTP/1.1)
HTTP/1.1 404 Not Found
Content-Type: application/json; charset=utf-8
cache-control: no-cache
content-length: 821

10:04:23.083 [AsyncHttpClient-1-12] DEBUG org.asynchttpclient.netty.channel.ChannelManager - Adding key: http://localhost:3475 for channel [id: 0xaf6d19ac, L:/127.0.0.1:50268 - R:localhost/127.0.0.1:3475]
10:04:23.086 [Forwarding switchToWindow on session 0b844396b58e04175c6db013a31ddf70 to remote] DEBUG org.asynchttpclient.netty.request.NettyRequestSender - Using pooled Channel '[id: 0xaf6d19ac, L:/127.0.0.1:50268 - R:localhost/127.0.0.1:3475]' for 'POST' to 'http://localhost:3475/session/0b844396b58e04175c6db013a31ddf70/window'
10:04:23.086 [Forwarding switchToWindow on session 0b844396b58e04175c6db013a31ddf70 to remote] DEBUG org.asynchttpclient.netty.request.NettyRequestSender - Using open Channel [id: 0xaf6d19ac, L:/127.0.0.1:50268 - R:localhost/127.0.0.1:3475] for POST '/session/0b844396b58e04175c6db013a31ddf70/window'
10:04:23.089 [AsyncHttpClient-1-12] DEBUG org.asynchttpclient.netty.handler.HttpHandler - 

Request DefaultHttpRequest(decodeResult: success, version: HTTP/1.1)
POST /session/0b844396b58e04175c6db013a31ddf70/window HTTP/1.1
User-Agent: selenium/4.7.1 (java windows)
Content-Length: 50
Content-Type: application/json; charset=utf-8
host: localhost:3475
accept: */*

Response DefaultHttpResponse(decodeResult: success, version: HTTP/1.1)
HTTP/1.1 200 OK
Content-Type: application/json; charset=utf-8
cache-control: no-cache
content-length: 14

10:04:23.090 [AsyncHttpClient-1-12] DEBUG org.asynchttpclient.netty.channel.ChannelManager - Adding key: http://localhost:3475 for channel [id: 0xaf6d19ac, L:/127.0.0.1:50268 - R:localhost/127.0.0.1:3475]
10:04:23.091 [Forwarding getCurrentUrl on session 0b844396b58e04175c6db013a31ddf70 to remote] DEBUG org.asynchttpclient.netty.request.NettyRequestSender - Using pooled Channel '[id: 0xaf6d19ac, L:/127.0.0.1:50268 - R:localhost/127.0.0.1:3475]' for 'GET' to 'http://localhost:3475/session/0b844396b58e04175c6db013a31ddf70/url'
10:04:23.091 [Forwarding getCurrentUrl on session 0b844396b58e04175c6db013a31ddf70 to remote] DEBUG org.asynchttpclient.netty.request.NettyRequestSender - Using open Channel [id: 0xaf6d19ac, L:/127.0.0.1:50268 - R:localhost/127.0.0.1:3475] for GET '/session/0b844396b58e04175c6db013a31ddf70/url'
10:04:23.099 [AsyncHttpClient-1-12] DEBUG org.asynchttpclient.netty.handler.HttpHandler - 

Request DefaultFullHttpRequest(decodeResult: success, version: HTTP/1.1, content: EmptyByteBufBE)
GET /session/0b844396b58e04175c6db013a31ddf70/url HTTP/1.1
User-Agent: selenium/4.7.1 (java windows)
Cache-Control: no-cache
Content-Type: application/json; charset=utf-8
host: localhost:3475
accept: */*

Response DefaultHttpResponse(decodeResult: success, version: HTTP/1.1)
HTTP/1.1 200 OK
Content-Type: application/json; charset=utf-8
cache-control: no-cache
content-length: 51

10:04:23.099 [AsyncHttpClient-1-12] DEBUG org.asynchttpclient.netty.channel.ChannelManager - Adding key: http://localhost:3475 for channel [id: 0xaf6d19ac, L:/127.0.0.1:50268 - R:localhost/127.0.0.1:3475]
10:04:23.100 [Forwarding screenshot on session 0b844396b58e04175c6db013a31ddf70 to remote] DEBUG org.asynchttpclient.netty.request.NettyRequestSender - Using pooled Channel '[id: 0xaf6d19ac, L:/127.0.0.1:50268 - R:localhost/127.0.0.1:3475]' for 'GET' to 'http://localhost:3475/session/0b844396b58e04175c6db013a31ddf70/screenshot'
10:04:23.100 [Forwarding screenshot on session 0b844396b58e04175c6db013a31ddf70 to remote] DEBUG org.asynchttpclient.netty.request.NettyRequestSender - Using open Channel [id: 0xaf6d19ac, L:/127.0.0.1:50268 - R:localhost/127.0.0.1:3475] for GET '/session/0b844396b58e04175c6db013a31ddf70/screenshot'
10:04:23.210 [AsyncHttpClient-1-12] DEBUG org.asynchttpclient.netty.handler.HttpHandler - 

Request DefaultFullHttpRequest(decodeResult: success, version: HTTP/1.1, content: EmptyByteBufBE)
GET /session/0b844396b58e04175c6db013a31ddf70/screenshot HTTP/1.1
User-Agent: selenium/4.7.1 (java windows)
Cache-Control: no-cache
Content-Type: application/json; charset=utf-8
host: localhost:3475
accept: */*

Response DefaultHttpResponse(decodeResult: success, version: HTTP/1.1)
HTTP/1.1 200 OK
Content-Type: application/json; charset=utf-8
cache-control: no-cache
content-length: 29904

10:04:23.210 [AsyncHttpClient-1-12] DEBUG org.asynchttpclient.netty.channel.ChannelManager - Adding key: http://localhost:3475 for channel [id: 0xaf6d19ac, L:/127.0.0.1:50268 - R:localhost/127.0.0.1:3475]
10:04:23.212 [main] DEBUG net.serenitybdd.core.photography.Darkroom - Send negative for processing for target\site\serenity\0b8e2995711b07005dea398ee9bdb9237cc59849f8a6b3e23280a5362a7ad410.png
10:04:23.213 [main] DEBUG net.thucydides.core.steps.StepInterceptor - STEP DONE: inputEmail
10:04:23.213 [Darkroom Processing Line] DEBUG net.serenitybdd.core.photography.DarkroomProcessingLine - Processing screenshot image in /var/screenshots/screenshot-3200101413509434557
10:04:23.213 [Darkroom Processing Line] DEBUG net.serenitybdd.core.photography.DarkroomProcessingLine - Saving screenshot to target\site\serenity\0b8e2995711b07005dea398ee9bdb9237cc59849f8a6b3e23280a5362a7ad410.png
10:04:23.220 [main] DEBUG net.thucydides.core.steps.StepInterceptor - STARTING STEP: TransaksiSteps.userBeradaDiHomepageAltaShopDanLoginAkun - inputPassword
10:04:23.224 [Forwarding findElement on session 0b844396b58e04175c6db013a31ddf70 to remote] DEBUG org.asynchttpclient.netty.request.NettyRequestSender - Using pooled Channel '[id: 0xaf6d19ac, L:/127.0.0.1:50268 - R:localhost/127.0.0.1:3475]' for 'POST' to 'http://localhost:3475/session/0b844396b58e04175c6db013a31ddf70/element'
10:04:23.224 [Forwarding findElement on session 0b844396b58e04175c6db013a31ddf70 to remote] DEBUG org.asynchttpclient.netty.request.NettyRequestSender - Using open Channel [id: 0xaf6d19ac, L:/127.0.0.1:50268 - R:localhost/127.0.0.1:3475] for POST '/session/0b844396b58e04175c6db013a31ddf70/element'
10:04:23.241 [AsyncHttpClient-1-12] DEBUG org.asynchttpclient.netty.handler.HttpHandler - 

Request DefaultHttpRequest(decodeResult: success, version: HTTP/1.1)
POST /session/0b844396b58e04175c6db013a31ddf70/element HTTP/1.1
User-Agent: selenium/4.7.1 (java windows)
Content-Length: 187
Content-Type: application/json; charset=utf-8
host: localhost:3475
accept: */*

Response DefaultHttpResponse(decodeResult: success, version: HTTP/1.1)
HTTP/1.1 200 OK
Content-Type: application/json; charset=utf-8
cache-control: no-cache
content-length: 88

10:04:23.242 [AsyncHttpClient-1-12] DEBUG org.asynchttpclient.netty.channel.ChannelManager - Adding key: http://localhost:3475 for channel [id: 0xaf6d19ac, L:/127.0.0.1:50268 - R:localhost/127.0.0.1:3475]
10:04:23.243 [Forwarding clearElement on session 0b844396b58e04175c6db013a31ddf70 to remote] DEBUG org.asynchttpclient.netty.request.NettyRequestSender - Using pooled Channel '[id: 0xaf6d19ac, L:/127.0.0.1:50268 - R:localhost/127.0.0.1:3475]' for 'POST' to 'http://localhost:3475/session/0b844396b58e04175c6db013a31ddf70/element/2dcd2c98-dffd-43dc-a10c-2c68f52b24d2/clear'
10:04:23.243 [Forwarding clearElement on session 0b844396b58e04175c6db013a31ddf70 to remote] DEBUG org.asynchttpclient.netty.request.NettyRequestSender - Using open Channel [id: 0xaf6d19ac, L:/127.0.0.1:50268 - R:localhost/127.0.0.1:3475] for POST '/session/0b844396b58e04175c6db013a31ddf70/element/2dcd2c98-dffd-43dc-a10c-2c68f52b24d2/clear'
10:04:23.293 [AsyncHttpClient-1-12] DEBUG org.asynchttpclient.netty.handler.HttpHandler - 

Request DefaultHttpRequest(decodeResult: success, version: HTTP/1.1)
POST /session/0b844396b58e04175c6db013a31ddf70/element/2dcd2c98-dffd-43dc-a10c-2c68f52b24d2/clear HTTP/1.1
User-Agent: selenium/4.7.1 (java windows)
Content-Length: 50
Content-Type: application/json; charset=utf-8
host: localhost:3475
accept: */*

Response DefaultHttpResponse(decodeResult: success, version: HTTP/1.1)
HTTP/1.1 200 OK
Content-Type: application/json; charset=utf-8
cache-control: no-cache
content-length: 14

10:04:23.294 [AsyncHttpClient-1-12] DEBUG org.asynchttpclient.netty.channel.ChannelManager - Adding key: http://localhost:3475 for channel [id: 0xaf6d19ac, L:/127.0.0.1:50268 - R:localhost/127.0.0.1:3475]
10:04:23.296 [Forwarding sendKeysToElement on session 0b844396b58e04175c6db013a31ddf70 to remote] DEBUG org.asynchttpclient.netty.request.NettyRequestSender - Using pooled Channel '[id: 0xaf6d19ac, L:/127.0.0.1:50268 - R:localhost/127.0.0.1:3475]' for 'POST' to 'http://localhost:3475/session/0b844396b58e04175c6db013a31ddf70/element/2dcd2c98-dffd-43dc-a10c-2c68f52b24d2/value'
10:04:23.296 [Forwarding sendKeysToElement on session 0b844396b58e04175c6db013a31ddf70 to remote] DEBUG org.asynchttpclient.netty.request.NettyRequestSender - Using open Channel [id: 0xaf6d19ac, L:/127.0.0.1:50268 - R:localhost/127.0.0.1:3475] for POST '/session/0b844396b58e04175c6db013a31ddf70/element/2dcd2c98-dffd-43dc-a10c-2c68f52b24d2/value'
10:04:23.381 [AsyncHttpClient-1-12] DEBUG org.asynchttpclient.netty.handler.HttpHandler - 

Request DefaultHttpRequest(decodeResult: success, version: HTTP/1.1)
POST /session/0b844396b58e04175c6db013a31ddf70/element/2dcd2c98-dffd-43dc-a10c-2c68f52b24d2/value HTTP/1.1
User-Agent: selenium/4.7.1 (java windows)
Content-Length: 111
Content-Type: application/json; charset=utf-8
host: localhost:3475
accept: */*

Response DefaultHttpResponse(decodeResult: success, version: HTTP/1.1)
HTTP/1.1 200 OK
Content-Type: application/json; charset=utf-8
cache-control: no-cache
content-length: 14

10:04:23.381 [AsyncHttpClient-1-12] DEBUG org.asynchttpclient.netty.channel.ChannelManager - Adding key: http://localhost:3475 for channel [id: 0xaf6d19ac, L:/127.0.0.1:50268 - R:localhost/127.0.0.1:3475]
10:04:23.395 [Forwarding getCurrentWindowHandle on session 0b844396b58e04175c6db013a31ddf70 to remote] DEBUG org.asynchttpclient.netty.request.NettyRequestSender - Using pooled Channel '[id: 0xaf6d19ac, L:/127.0.0.1:50268 - R:localhost/127.0.0.1:3475]' for 'GET' to 'http://localhost:3475/session/0b844396b58e04175c6db013a31ddf70/window'
10:04:23.395 [Forwarding getCurrentWindowHandle on session 0b844396b58e04175c6db013a31ddf70 to remote] DEBUG org.asynchttpclient.netty.request.NettyRequestSender - Using open Channel [id: 0xaf6d19ac, L:/127.0.0.1:50268 - R:localhost/127.0.0.1:3475] for GET '/session/0b844396b58e04175c6db013a31ddf70/window'
10:04:23.397 [AsyncHttpClient-1-12] DEBUG org.asynchttpclient.netty.handler.HttpHandler - 

Request DefaultFullHttpRequest(decodeResult: success, version: HTTP/1.1, content: EmptyByteBufBE)
GET /session/0b844396b58e04175c6db013a31ddf70/window HTTP/1.1
User-Agent: selenium/4.7.1 (java windows)
Cache-Control: no-cache
Content-Type: application/json; charset=utf-8
host: localhost:3475
accept: */*

Response DefaultHttpResponse(decodeResult: success, version: HTTP/1.1)
HTTP/1.1 200 OK
Content-Type: application/json; charset=utf-8
cache-control: no-cache
content-length: 44

10:04:23.397 [AsyncHttpClient-1-12] DEBUG org.asynchttpclient.netty.channel.ChannelManager - Adding key: http://localhost:3475 for channel [id: 0xaf6d19ac, L:/127.0.0.1:50268 - R:localhost/127.0.0.1:3475]
10:04:23.399 [Forwarding getAlertText on session 0b844396b58e04175c6db013a31ddf70 to remote] DEBUG org.asynchttpclient.netty.request.NettyRequestSender - Using pooled Channel '[id: 0xaf6d19ac, L:/127.0.0.1:50268 - R:localhost/127.0.0.1:3475]' for 'GET' to 'http://localhost:3475/session/0b844396b58e04175c6db013a31ddf70/alert/text'
10:04:23.399 [Forwarding getAlertText on session 0b844396b58e04175c6db013a31ddf70 to remote] DEBUG org.asynchttpclient.netty.request.NettyRequestSender - Using open Channel [id: 0xaf6d19ac, L:/127.0.0.1:50268 - R:localhost/127.0.0.1:3475] for GET '/session/0b844396b58e04175c6db013a31ddf70/alert/text'
10:04:23.402 [AsyncHttpClient-1-12] DEBUG org.asynchttpclient.netty.handler.HttpHandler - 

Request DefaultFullHttpRequest(decodeResult: success, version: HTTP/1.1, content: EmptyByteBufBE)
GET /session/0b844396b58e04175c6db013a31ddf70/alert/text HTTP/1.1
User-Agent: selenium/4.7.1 (java windows)
Cache-Control: no-cache
Content-Type: application/json; charset=utf-8
host: localhost:3475
accept: */*

Response DefaultHttpResponse(decodeResult: success, version: HTTP/1.1)
HTTP/1.1 404 Not Found
Content-Type: application/json; charset=utf-8
cache-control: no-cache
content-length: 821

10:04:23.402 [AsyncHttpClient-1-12] DEBUG org.asynchttpclient.netty.channel.ChannelManager - Adding key: http://localhost:3475 for channel [id: 0xaf6d19ac, L:/127.0.0.1:50268 - R:localhost/127.0.0.1:3475]
10:04:23.405 [Forwarding switchToWindow on session 0b844396b58e04175c6db013a31ddf70 to remote] DEBUG org.asynchttpclient.netty.request.NettyRequestSender - Using pooled Channel '[id: 0xaf6d19ac, L:/127.0.0.1:50268 - R:localhost/127.0.0.1:3475]' for 'POST' to 'http://localhost:3475/session/0b844396b58e04175c6db013a31ddf70/window'
10:04:23.405 [Forwarding switchToWindow on session 0b844396b58e04175c6db013a31ddf70 to remote] DEBUG org.asynchttpclient.netty.request.NettyRequestSender - Using open Channel [id: 0xaf6d19ac, L:/127.0.0.1:50268 - R:localhost/127.0.0.1:3475] for POST '/session/0b844396b58e04175c6db013a31ddf70/window'
10:04:23.408 [AsyncHttpClient-1-12] DEBUG org.asynchttpclient.netty.handler.HttpHandler - 

Request DefaultHttpRequest(decodeResult: success, version: HTTP/1.1)
POST /session/0b844396b58e04175c6db013a31ddf70/window HTTP/1.1
User-Agent: selenium/4.7.1 (java windows)
Content-Length: 50
Content-Type: application/json; charset=utf-8
host: localhost:3475
accept: */*

Response DefaultHttpResponse(decodeResult: success, version: HTTP/1.1)
HTTP/1.1 200 OK
Content-Type: application/json; charset=utf-8
cache-control: no-cache
content-length: 14

10:04:23.408 [AsyncHttpClient-1-12] DEBUG org.asynchttpclient.netty.channel.ChannelManager - Adding key: http://localhost:3475 for channel [id: 0xaf6d19ac, L:/127.0.0.1:50268 - R:localhost/127.0.0.1:3475]
10:04:23.409 [Forwarding getCurrentUrl on session 0b844396b58e04175c6db013a31ddf70 to remote] DEBUG org.asynchttpclient.netty.request.NettyRequestSender - Using pooled Channel '[id: 0xaf6d19ac, L:/127.0.0.1:50268 - R:localhost/127.0.0.1:3475]' for 'GET' to 'http://localhost:3475/session/0b844396b58e04175c6db013a31ddf70/url'
10:04:23.409 [Forwarding getCurrentUrl on session 0b844396b58e04175c6db013a31ddf70 to remote] DEBUG org.asynchttpclient.netty.request.NettyRequestSender - Using open Channel [id: 0xaf6d19ac, L:/127.0.0.1:50268 - R:localhost/127.0.0.1:3475] for GET '/session/0b844396b58e04175c6db013a31ddf70/url'
10:04:23.418 [AsyncHttpClient-1-12] DEBUG org.asynchttpclient.netty.handler.HttpHandler - 

Request DefaultFullHttpRequest(decodeResult: success, version: HTTP/1.1, content: EmptyByteBufBE)
GET /session/0b844396b58e04175c6db013a31ddf70/url HTTP/1.1
User-Agent: selenium/4.7.1 (java windows)
Cache-Control: no-cache
Content-Type: application/json; charset=utf-8
host: localhost:3475
accept: */*

Response DefaultHttpResponse(decodeResult: success, version: HTTP/1.1)
HTTP/1.1 200 OK
Content-Type: application/json; charset=utf-8
cache-control: no-cache
content-length: 51

10:04:23.419 [AsyncHttpClient-1-12] DEBUG org.asynchttpclient.netty.channel.ChannelManager - Adding key: http://localhost:3475 for channel [id: 0xaf6d19ac, L:/127.0.0.1:50268 - R:localhost/127.0.0.1:3475]
10:04:23.420 [Forwarding screenshot on session 0b844396b58e04175c6db013a31ddf70 to remote] DEBUG org.asynchttpclient.netty.request.NettyRequestSender - Using pooled Channel '[id: 0xaf6d19ac, L:/127.0.0.1:50268 - R:localhost/127.0.0.1:3475]' for 'GET' to 'http://localhost:3475/session/0b844396b58e04175c6db013a31ddf70/screenshot'
10:04:23.420 [Forwarding screenshot on session 0b844396b58e04175c6db013a31ddf70 to remote] DEBUG org.asynchttpclient.netty.request.NettyRequestSender - Using open Channel [id: 0xaf6d19ac, L:/127.0.0.1:50268 - R:localhost/127.0.0.1:3475] for GET '/session/0b844396b58e04175c6db013a31ddf70/screenshot'
10:04:23.546 [AsyncHttpClient-1-12] DEBUG org.asynchttpclient.netty.handler.HttpHandler - 

Request DefaultFullHttpRequest(decodeResult: success, version: HTTP/1.1, content: EmptyByteBufBE)
GET /session/0b844396b58e04175c6db013a31ddf70/screenshot HTTP/1.1
User-Agent: selenium/4.7.1 (java windows)
Cache-Control: no-cache
Content-Type: application/json; charset=utf-8
host: localhost:3475
accept: */*

Response DefaultHttpResponse(decodeResult: success, version: HTTP/1.1)
HTTP/1.1 200 OK
Content-Type: application/json; charset=utf-8
cache-control: no-cache
content-length: 29812

10:04:23.546 [AsyncHttpClient-1-12] DEBUG org.asynchttpclient.netty.channel.ChannelManager - Adding key: http://localhost:3475 for channel [id: 0xaf6d19ac, L:/127.0.0.1:50268 - R:localhost/127.0.0.1:3475]
10:04:23.549 [main] DEBUG net.serenitybdd.core.photography.Darkroom - Send negative for processing for target\site\serenity\88e96c214cdc2e05bbfb30c4f309c2abd1d4ae357c405b3df7edd5ea3b7293ac.png
10:04:23.549 [main] DEBUG net.thucydides.core.steps.StepInterceptor - STEP DONE: inputPassword
10:04:23.549 [Darkroom Processing Line] DEBUG net.serenitybdd.core.photography.DarkroomProcessingLine - Processing screenshot image in /var/screenshots/screenshot-12396650833422607733
10:04:23.550 [Darkroom Processing Line] DEBUG net.serenitybdd.core.photography.DarkroomProcessingLine - Saving screenshot to target\site\serenity\88e96c214cdc2e05bbfb30c4f309c2abd1d4ae357c405b3df7edd5ea3b7293ac.png
10:04:23.555 [main] DEBUG net.thucydides.core.steps.StepInterceptor - STARTING STEP: TransaksiSteps.userBeradaDiHomepageAltaShopDanLoginAkun - klikButtonLoginKedua
10:04:23.558 [Forwarding findElement on session 0b844396b58e04175c6db013a31ddf70 to remote] DEBUG org.asynchttpclient.netty.request.NettyRequestSender - Using pooled Channel '[id: 0xaf6d19ac, L:/127.0.0.1:50268 - R:localhost/127.0.0.1:3475]' for 'POST' to 'http://localhost:3475/session/0b844396b58e04175c6db013a31ddf70/element'
10:04:23.558 [Forwarding findElement on session 0b844396b58e04175c6db013a31ddf70 to remote] DEBUG org.asynchttpclient.netty.request.NettyRequestSender - Using open Channel [id: 0xaf6d19ac, L:/127.0.0.1:50268 - R:localhost/127.0.0.1:3475] for POST '/session/0b844396b58e04175c6db013a31ddf70/element'
10:04:23.577 [AsyncHttpClient-1-12] DEBUG org.asynchttpclient.netty.handler.HttpHandler - 

Request DefaultHttpRequest(decodeResult: success, version: HTTP/1.1)
POST /session/0b844396b58e04175c6db013a31ddf70/element HTTP/1.1
User-Agent: selenium/4.7.1 (java windows)
Content-Length: 141
Content-Type: application/json; charset=utf-8
host: localhost:3475
accept: */*

Response DefaultHttpResponse(decodeResult: success, version: HTTP/1.1)
HTTP/1.1 200 OK
Content-Type: application/json; charset=utf-8
cache-control: no-cache
content-length: 88

10:04:23.578 [AsyncHttpClient-1-12] DEBUG org.asynchttpclient.netty.channel.ChannelManager - Adding key: http://localhost:3475 for channel [id: 0xaf6d19ac, L:/127.0.0.1:50268 - R:localhost/127.0.0.1:3475]
10:04:23.581 [Forwarding getElementTagName on session 0b844396b58e04175c6db013a31ddf70 to remote] DEBUG org.asynchttpclient.netty.request.NettyRequestSender - Using pooled Channel '[id: 0xaf6d19ac, L:/127.0.0.1:50268 - R:localhost/127.0.0.1:3475]' for 'GET' to 'http://localhost:3475/session/0b844396b58e04175c6db013a31ddf70/element/e7829138-e219-466e-a76f-0d43c3b60dd9/name'
10:04:23.581 [Forwarding getElementTagName on session 0b844396b58e04175c6db013a31ddf70 to remote] DEBUG org.asynchttpclient.netty.request.NettyRequestSender - Using open Channel [id: 0xaf6d19ac, L:/127.0.0.1:50268 - R:localhost/127.0.0.1:3475] for GET '/session/0b844396b58e04175c6db013a31ddf70/element/e7829138-e219-466e-a76f-0d43c3b60dd9/name'
10:04:23.591 [AsyncHttpClient-1-12] DEBUG org.asynchttpclient.netty.handler.HttpHandler - 

Request DefaultFullHttpRequest(decodeResult: success, version: HTTP/1.1, content: EmptyByteBufBE)
GET /session/0b844396b58e04175c6db013a31ddf70/element/e7829138-e219-466e-a76f-0d43c3b60dd9/name HTTP/1.1
User-Agent: selenium/4.7.1 (java windows)
Cache-Control: no-cache
Content-Type: application/json; charset=utf-8
host: localhost:3475
accept: */*

Response DefaultHttpResponse(decodeResult: success, version: HTTP/1.1)
HTTP/1.1 200 OK
Content-Type: application/json; charset=utf-8
cache-control: no-cache
content-length: 18

10:04:23.591 [AsyncHttpClient-1-12] DEBUG org.asynchttpclient.netty.channel.ChannelManager - Adding key: http://localhost:3475 for channel [id: 0xaf6d19ac, L:/127.0.0.1:50268 - R:localhost/127.0.0.1:3475]
10:04:23.593 [Forwarding getElementTagName on session 0b844396b58e04175c6db013a31ddf70 to remote] DEBUG org.asynchttpclient.netty.request.NettyRequestSender - Using pooled Channel '[id: 0xaf6d19ac, L:/127.0.0.1:50268 - R:localhost/127.0.0.1:3475]' for 'GET' to 'http://localhost:3475/session/0b844396b58e04175c6db013a31ddf70/element/e7829138-e219-466e-a76f-0d43c3b60dd9/name'
10:04:23.593 [Forwarding getElementTagName on session 0b844396b58e04175c6db013a31ddf70 to remote] DEBUG org.asynchttpclient.netty.request.NettyRequestSender - Using open Channel [id: 0xaf6d19ac, L:/127.0.0.1:50268 - R:localhost/127.0.0.1:3475] for GET '/session/0b844396b58e04175c6db013a31ddf70/element/e7829138-e219-466e-a76f-0d43c3b60dd9/name'
10:04:23.606 [AsyncHttpClient-1-12] DEBUG org.asynchttpclient.netty.handler.HttpHandler - 

Request DefaultFullHttpRequest(decodeResult: success, version: HTTP/1.1, content: EmptyByteBufBE)
GET /session/0b844396b58e04175c6db013a31ddf70/element/e7829138-e219-466e-a76f-0d43c3b60dd9/name HTTP/1.1
User-Agent: selenium/4.7.1 (java windows)
Cache-Control: no-cache
Content-Type: application/json; charset=utf-8
host: localhost:3475
accept: */*

Response DefaultHttpResponse(decodeResult: success, version: HTTP/1.1)
HTTP/1.1 200 OK
Content-Type: application/json; charset=utf-8
cache-control: no-cache
content-length: 18

10:04:23.606 [AsyncHttpClient-1-12] DEBUG org.asynchttpclient.netty.channel.ChannelManager - Adding key: http://localhost:3475 for channel [id: 0xaf6d19ac, L:/127.0.0.1:50268 - R:localhost/127.0.0.1:3475]
10:04:23.610 [Forwarding isElementEnabled on session 0b844396b58e04175c6db013a31ddf70 to remote] DEBUG org.asynchttpclient.netty.request.NettyRequestSender - Using pooled Channel '[id: 0xaf6d19ac, L:/127.0.0.1:50268 - R:localhost/127.0.0.1:3475]' for 'GET' to 'http://localhost:3475/session/0b844396b58e04175c6db013a31ddf70/element/e7829138-e219-466e-a76f-0d43c3b60dd9/enabled'
10:04:23.610 [Forwarding isElementEnabled on session 0b844396b58e04175c6db013a31ddf70 to remote] DEBUG org.asynchttpclient.netty.request.NettyRequestSender - Using open Channel [id: 0xaf6d19ac, L:/127.0.0.1:50268 - R:localhost/127.0.0.1:3475] for GET '/session/0b844396b58e04175c6db013a31ddf70/element/e7829138-e219-466e-a76f-0d43c3b60dd9/enabled'
10:04:23.631 [AsyncHttpClient-1-12] DEBUG org.asynchttpclient.netty.handler.HttpHandler - 

Request DefaultFullHttpRequest(decodeResult: success, version: HTTP/1.1, content: EmptyByteBufBE)
GET /session/0b844396b58e04175c6db013a31ddf70/element/e7829138-e219-466e-a76f-0d43c3b60dd9/enabled HTTP/1.1
User-Agent: selenium/4.7.1 (java windows)
Cache-Control: no-cache
Content-Type: application/json; charset=utf-8
host: localhost:3475
accept: */*

Response DefaultHttpResponse(decodeResult: success, version: HTTP/1.1)
HTTP/1.1 200 OK
Content-Type: application/json; charset=utf-8
cache-control: no-cache
content-length: 14

10:04:23.632 [AsyncHttpClient-1-12] DEBUG org.asynchttpclient.netty.channel.ChannelManager - Adding key: http://localhost:3475 for channel [id: 0xaf6d19ac, L:/127.0.0.1:50268 - R:localhost/127.0.0.1:3475]
10:04:23.633 [Forwarding isElementEnabled on session 0b844396b58e04175c6db013a31ddf70 to remote] DEBUG org.asynchttpclient.netty.request.NettyRequestSender - Using pooled Channel '[id: 0xaf6d19ac, L:/127.0.0.1:50268 - R:localhost/127.0.0.1:3475]' for 'GET' to 'http://localhost:3475/session/0b844396b58e04175c6db013a31ddf70/element/e7829138-e219-466e-a76f-0d43c3b60dd9/enabled'
10:04:23.634 [Forwarding isElementEnabled on session 0b844396b58e04175c6db013a31ddf70 to remote] DEBUG org.asynchttpclient.netty.request.NettyRequestSender - Using open Channel [id: 0xaf6d19ac, L:/127.0.0.1:50268 - R:localhost/127.0.0.1:3475] for GET '/session/0b844396b58e04175c6db013a31ddf70/element/e7829138-e219-466e-a76f-0d43c3b60dd9/enabled'
10:04:23.644 [AsyncHttpClient-1-12] DEBUG org.asynchttpclient.netty.handler.HttpHandler - 

Request DefaultFullHttpRequest(decodeResult: success, version: HTTP/1.1, content: EmptyByteBufBE)
GET /session/0b844396b58e04175c6db013a31ddf70/element/e7829138-e219-466e-a76f-0d43c3b60dd9/enabled HTTP/1.1
User-Agent: selenium/4.7.1 (java windows)
Cache-Control: no-cache
Content-Type: application/json; charset=utf-8
host: localhost:3475
accept: */*

Response DefaultHttpResponse(decodeResult: success, version: HTTP/1.1)
HTTP/1.1 200 OK
Content-Type: application/json; charset=utf-8
cache-control: no-cache
content-length: 14

10:04:23.644 [AsyncHttpClient-1-12] DEBUG org.asynchttpclient.netty.channel.ChannelManager - Adding key: http://localhost:3475 for channel [id: 0xaf6d19ac, L:/127.0.0.1:50268 - R:localhost/127.0.0.1:3475]
10:04:23.648 [Forwarding findElement on session 0b844396b58e04175c6db013a31ddf70 to remote] DEBUG org.asynchttpclient.netty.request.NettyRequestSender - Using pooled Channel '[id: 0xaf6d19ac, L:/127.0.0.1:50268 - R:localhost/127.0.0.1:3475]' for 'POST' to 'http://localhost:3475/session/0b844396b58e04175c6db013a31ddf70/element'
10:04:23.648 [Forwarding findElement on session 0b844396b58e04175c6db013a31ddf70 to remote] DEBUG org.asynchttpclient.netty.request.NettyRequestSender - Using open Channel [id: 0xaf6d19ac, L:/127.0.0.1:50268 - R:localhost/127.0.0.1:3475] for POST '/session/0b844396b58e04175c6db013a31ddf70/element'
10:04:23.661 [AsyncHttpClient-1-12] DEBUG org.asynchttpclient.netty.handler.HttpHandler - 

Request DefaultHttpRequest(decodeResult: success, version: HTTP/1.1)
POST /session/0b844396b58e04175c6db013a31ddf70/element HTTP/1.1
User-Agent: selenium/4.7.1 (java windows)
Content-Length: 141
Content-Type: application/json; charset=utf-8
host: localhost:3475
accept: */*

Response DefaultHttpResponse(decodeResult: success, version: HTTP/1.1)
HTTP/1.1 200 OK
Content-Type: application/json; charset=utf-8
cache-control: no-cache
content-length: 88

10:04:23.662 [AsyncHttpClient-1-12] DEBUG org.asynchttpclient.netty.channel.ChannelManager - Adding key: http://localhost:3475 for channel [id: 0xaf6d19ac, L:/127.0.0.1:50268 - R:localhost/127.0.0.1:3475]
10:04:23.665 [Forwarding clickElement on session 0b844396b58e04175c6db013a31ddf70 to remote] DEBUG org.asynchttpclient.netty.request.NettyRequestSender - Using pooled Channel '[id: 0xaf6d19ac, L:/127.0.0.1:50268 - R:localhost/127.0.0.1:3475]' for 'POST' to 'http://localhost:3475/session/0b844396b58e04175c6db013a31ddf70/element/e7829138-e219-466e-a76f-0d43c3b60dd9/click'
10:04:23.665 [Forwarding clickElement on session 0b844396b58e04175c6db013a31ddf70 to remote] DEBUG org.asynchttpclient.netty.request.NettyRequestSender - Using open Channel [id: 0xaf6d19ac, L:/127.0.0.1:50268 - R:localhost/127.0.0.1:3475] for POST '/session/0b844396b58e04175c6db013a31ddf70/element/e7829138-e219-466e-a76f-0d43c3b60dd9/click'
10:04:23.767 [AsyncHttpClient-1-12] DEBUG org.asynchttpclient.netty.handler.HttpHandler - 

Request DefaultHttpRequest(decodeResult: success, version: HTTP/1.1)
POST /session/0b844396b58e04175c6db013a31ddf70/element/e7829138-e219-466e-a76f-0d43c3b60dd9/click HTTP/1.1
User-Agent: selenium/4.7.1 (java windows)
Content-Length: 50
Content-Type: application/json; charset=utf-8
host: localhost:3475
accept: */*

Response DefaultHttpResponse(decodeResult: success, version: HTTP/1.1)
HTTP/1.1 200 OK
Content-Type: application/json; charset=utf-8
cache-control: no-cache
content-length: 14

10:04:23.768 [AsyncHttpClient-1-12] DEBUG org.asynchttpclient.netty.channel.ChannelManager - Adding key: http://localhost:3475 for channel [id: 0xaf6d19ac, L:/127.0.0.1:50268 - R:localhost/127.0.0.1:3475]
10:04:23.785 [Forwarding getCurrentWindowHandle on session 0b844396b58e04175c6db013a31ddf70 to remote] DEBUG org.asynchttpclient.netty.request.NettyRequestSender - Using pooled Channel '[id: 0xaf6d19ac, L:/127.0.0.1:50268 - R:localhost/127.0.0.1:3475]' for 'GET' to 'http://localhost:3475/session/0b844396b58e04175c6db013a31ddf70/window'
10:04:23.785 [Forwarding getCurrentWindowHandle on session 0b844396b58e04175c6db013a31ddf70 to remote] DEBUG org.asynchttpclient.netty.request.NettyRequestSender - Using open Channel [id: 0xaf6d19ac, L:/127.0.0.1:50268 - R:localhost/127.0.0.1:3475] for GET '/session/0b844396b58e04175c6db013a31ddf70/window'
10:04:23.787 [AsyncHttpClient-1-12] DEBUG org.asynchttpclient.netty.handler.HttpHandler - 

Request DefaultFullHttpRequest(decodeResult: success, version: HTTP/1.1, content: EmptyByteBufBE)
GET /session/0b844396b58e04175c6db013a31ddf70/window HTTP/1.1
User-Agent: selenium/4.7.1 (java windows)
Cache-Control: no-cache
Content-Type: application/json; charset=utf-8
host: localhost:3475
accept: */*

Response DefaultHttpResponse(decodeResult: success, version: HTTP/1.1)
HTTP/1.1 200 OK
Content-Type: application/json; charset=utf-8
cache-control: no-cache
content-length: 44

10:04:23.788 [AsyncHttpClient-1-12] DEBUG org.asynchttpclient.netty.channel.ChannelManager - Adding key: http://localhost:3475 for channel [id: 0xaf6d19ac, L:/127.0.0.1:50268 - R:localhost/127.0.0.1:3475]
10:04:23.791 [Forwarding getAlertText on session 0b844396b58e04175c6db013a31ddf70 to remote] DEBUG org.asynchttpclient.netty.request.NettyRequestSender - Using pooled Channel '[id: 0xaf6d19ac, L:/127.0.0.1:50268 - R:localhost/127.0.0.1:3475]' for 'GET' to 'http://localhost:3475/session/0b844396b58e04175c6db013a31ddf70/alert/text'
10:04:23.791 [Forwarding getAlertText on session 0b844396b58e04175c6db013a31ddf70 to remote] DEBUG org.asynchttpclient.netty.request.NettyRequestSender - Using open Channel [id: 0xaf6d19ac, L:/127.0.0.1:50268 - R:localhost/127.0.0.1:3475] for GET '/session/0b844396b58e04175c6db013a31ddf70/alert/text'
10:04:23.798 [AsyncHttpClient-1-12] DEBUG org.asynchttpclient.netty.handler.HttpHandler - 

Request DefaultFullHttpRequest(decodeResult: success, version: HTTP/1.1, content: EmptyByteBufBE)
GET /session/0b844396b58e04175c6db013a31ddf70/alert/text HTTP/1.1
User-Agent: selenium/4.7.1 (java windows)
Cache-Control: no-cache
Content-Type: application/json; charset=utf-8
host: localhost:3475
accept: */*

Response DefaultHttpResponse(decodeResult: success, version: HTTP/1.1)
HTTP/1.1 404 Not Found
Content-Type: application/json; charset=utf-8
cache-control: no-cache
content-length: 821

10:04:23.798 [AsyncHttpClient-1-12] DEBUG org.asynchttpclient.netty.channel.ChannelManager - Adding key: http://localhost:3475 for channel [id: 0xaf6d19ac, L:/127.0.0.1:50268 - R:localhost/127.0.0.1:3475]
10:04:23.801 [Forwarding switchToWindow on session 0b844396b58e04175c6db013a31ddf70 to remote] DEBUG org.asynchttpclient.netty.request.NettyRequestSender - Using pooled Channel '[id: 0xaf6d19ac, L:/127.0.0.1:50268 - R:localhost/127.0.0.1:3475]' for 'POST' to 'http://localhost:3475/session/0b844396b58e04175c6db013a31ddf70/window'
10:04:23.801 [Forwarding switchToWindow on session 0b844396b58e04175c6db013a31ddf70 to remote] DEBUG org.asynchttpclient.netty.request.NettyRequestSender - Using open Channel [id: 0xaf6d19ac, L:/127.0.0.1:50268 - R:localhost/127.0.0.1:3475] for POST '/session/0b844396b58e04175c6db013a31ddf70/window'
10:04:23.805 [AsyncHttpClient-1-12] DEBUG org.asynchttpclient.netty.handler.HttpHandler - 

Request DefaultHttpRequest(decodeResult: success, version: HTTP/1.1)
POST /session/0b844396b58e04175c6db013a31ddf70/window HTTP/1.1
User-Agent: selenium/4.7.1 (java windows)
Content-Length: 50
Content-Type: application/json; charset=utf-8
host: localhost:3475
accept: */*

Response DefaultHttpResponse(decodeResult: success, version: HTTP/1.1)
HTTP/1.1 200 OK
Content-Type: application/json; charset=utf-8
cache-control: no-cache
content-length: 14

10:04:23.805 [AsyncHttpClient-1-12] DEBUG org.asynchttpclient.netty.channel.ChannelManager - Adding key: http://localhost:3475 for channel [id: 0xaf6d19ac, L:/127.0.0.1:50268 - R:localhost/127.0.0.1:3475]
10:04:23.806 [Forwarding getCurrentUrl on session 0b844396b58e04175c6db013a31ddf70 to remote] DEBUG org.asynchttpclient.netty.request.NettyRequestSender - Using pooled Channel '[id: 0xaf6d19ac, L:/127.0.0.1:50268 - R:localhost/127.0.0.1:3475]' for 'GET' to 'http://localhost:3475/session/0b844396b58e04175c6db013a31ddf70/url'
10:04:23.806 [Forwarding getCurrentUrl on session 0b844396b58e04175c6db013a31ddf70 to remote] DEBUG org.asynchttpclient.netty.request.NettyRequestSender - Using open Channel [id: 0xaf6d19ac, L:/127.0.0.1:50268 - R:localhost/127.0.0.1:3475] for GET '/session/0b844396b58e04175c6db013a31ddf70/url'
10:04:23.818 [AsyncHttpClient-1-12] DEBUG org.asynchttpclient.netty.handler.HttpHandler - 

Request DefaultFullHttpRequest(decodeResult: success, version: HTTP/1.1, content: EmptyByteBufBE)
GET /session/0b844396b58e04175c6db013a31ddf70/url HTTP/1.1
User-Agent: selenium/4.7.1 (java windows)
Cache-Control: no-cache
Content-Type: application/json; charset=utf-8
host: localhost:3475
accept: */*

Response DefaultHttpResponse(decodeResult: success, version: HTTP/1.1)
HTTP/1.1 200 OK
Content-Type: application/json; charset=utf-8
cache-control: no-cache
content-length: 51

10:04:23.818 [AsyncHttpClient-1-12] DEBUG org.asynchttpclient.netty.channel.ChannelManager - Adding key: http://localhost:3475 for channel [id: 0xaf6d19ac, L:/127.0.0.1:50268 - R:localhost/127.0.0.1:3475]
10:04:23.820 [Forwarding screenshot on session 0b844396b58e04175c6db013a31ddf70 to remote] DEBUG org.asynchttpclient.netty.request.NettyRequestSender - Using pooled Channel '[id: 0xaf6d19ac, L:/127.0.0.1:50268 - R:localhost/127.0.0.1:3475]' for 'GET' to 'http://localhost:3475/session/0b844396b58e04175c6db013a31ddf70/screenshot'
10:04:23.821 [Forwarding screenshot on session 0b844396b58e04175c6db013a31ddf70 to remote] DEBUG org.asynchttpclient.netty.request.NettyRequestSender - Using open Channel [id: 0xaf6d19ac, L:/127.0.0.1:50268 - R:localhost/127.0.0.1:3475] for GET '/session/0b844396b58e04175c6db013a31ddf70/screenshot'
10:04:23.866 [AsyncHttpClient-1-1] DEBUG org.asynchttpclient.netty.channel.DefaultChannelPool - Entry count for : http://localhost:50269 : 1
10:04:23.958 [AsyncHttpClient-1-12] DEBUG org.asynchttpclient.netty.handler.HttpHandler - 

Request DefaultFullHttpRequest(decodeResult: success, version: HTTP/1.1, content: EmptyByteBufBE)
GET /session/0b844396b58e04175c6db013a31ddf70/screenshot HTTP/1.1
User-Agent: selenium/4.7.1 (java windows)
Cache-Control: no-cache
Content-Type: application/json; charset=utf-8
host: localhost:3475
accept: */*

Response DefaultHttpResponse(decodeResult: success, version: HTTP/1.1)
HTTP/1.1 200 OK
Content-Type: application/json; charset=utf-8
cache-control: no-cache
content-length: 29364

10:04:23.958 [AsyncHttpClient-1-12] DEBUG org.asynchttpclient.netty.channel.ChannelManager - Adding key: http://localhost:3475 for channel [id: 0xaf6d19ac, L:/127.0.0.1:50268 - R:localhost/127.0.0.1:3475]
10:04:23.961 [main] DEBUG net.serenitybdd.core.photography.Darkroom - Send negative for processing for target\site\serenity\cad552ed5d9aefa0f1572bd5106390efc2ced8c4c4914f28a2f9a38a5d7bb1ef.png
10:04:23.962 [main] DEBUG net.thucydides.core.steps.StepInterceptor - STEP DONE: klikButtonLoginKedua
10:04:23.962 [Darkroom Processing Line] DEBUG net.serenitybdd.core.photography.DarkroomProcessingLine - Processing screenshot image in /var/screenshots/screenshot-11341556965998012944
  &amp#27;[32mGiven &amp#27;[0m&amp#27;[32muser berada di Homepage AltaShop dan login akun&amp#27;[0m                   &amp#27;[90m# starter.stepdefinitions.TransaksiSteps.userBeradaDiHomepageAltaShopDanLoginAkun()&amp#27;[0m
10:04:23.962 [Darkroom Processing Line] DEBUG net.serenitybdd.core.photography.DarkroomProcessingLine - Saving screenshot to target\site\serenity\cad552ed5d9aefa0f1572bd5106390efc2ced8c4c4914f28a2f9a38a5d7bb1ef.png
10:04:23.986 [main] DEBUG net.thucydides.core.steps.StepInterceptor - STARTING STEP: TransaksiSteps.userKlikBeliPadaProdukYangDiinginkan - diHomepageKembali
10:04:23.989 [Forwarding findElement on session 0b844396b58e04175c6db013a31ddf70 to remote] DEBUG org.asynchttpclient.netty.request.NettyRequestSender - Using pooled Channel '[id: 0xaf6d19ac, L:/127.0.0.1:50268 - R:localhost/127.0.0.1:3475]' for 'POST' to 'http://localhost:3475/session/0b844396b58e04175c6db013a31ddf70/element'
10:04:23.989 [Forwarding findElement on session 0b844396b58e04175c6db013a31ddf70 to remote] DEBUG org.asynchttpclient.netty.request.NettyRequestSender - Using open Channel [id: 0xaf6d19ac, L:/127.0.0.1:50268 - R:localhost/127.0.0.1:3475] for POST '/session/0b844396b58e04175c6db013a31ddf70/element'
10:04:24.973 [AsyncHttpClient-1-1] DEBUG org.asynchttpclient.netty.channel.DefaultChannelPool - Entry count for : http://localhost:50269 : 1
10:04:26.079 [AsyncHttpClient-1-1] DEBUG org.asynchttpclient.netty.channel.DefaultChannelPool - Entry count for : http://localhost:50269 : 1
10:04:27.171 [AsyncHttpClient-1-1] DEBUG org.asynchttpclient.netty.channel.DefaultChannelPool - Entry count for : http://localhost:50269 : 1
10:04:27.810 [AsyncHttpClient-1-12] DEBUG org.asynchttpclient.netty.handler.HttpHandler - 

Request DefaultHttpRequest(decodeResult: success, version: HTTP/1.1)
POST /session/0b844396b58e04175c6db013a31ddf70/element HTTP/1.1
User-Agent: selenium/4.7.1 (java windows)
Content-Length: 194
Content-Type: application/json; charset=utf-8
host: localhost:3475
accept: */*

Response DefaultHttpResponse(decodeResult: success, version: HTTP/1.1)
HTTP/1.1 200 OK
Content-Type: application/json; charset=utf-8
cache-control: no-cache
content-length: 88

10:04:27.810 [AsyncHttpClient-1-12] DEBUG org.asynchttpclient.netty.channel.ChannelManager - Adding key: http://localhost:3475 for channel [id: 0xaf6d19ac, L:/127.0.0.1:50268 - R:localhost/127.0.0.1:3475]
10:04:27.814 [Forwarding isElementDisplayed on session 0b844396b58e04175c6db013a31ddf70 to remote] DEBUG org.asynchttpclient.netty.request.NettyRequestSender - Using pooled Channel '[id: 0xaf6d19ac, L:/127.0.0.1:50268 - R:localhost/127.0.0.1:3475]' for 'POST' to 'http://localhost:3475/session/0b844396b58e04175c6db013a31ddf70/execute/sync'
10:04:27.814 [Forwarding isElementDisplayed on session 0b844396b58e04175c6db013a31ddf70 to remote] DEBUG org.asynchttpclient.netty.request.NettyRequestSender - Using open Channel [id: 0xaf6d19ac, L:/127.0.0.1:50268 - R:localhost/127.0.0.1:3475] for POST '/session/0b844396b58e04175c6db013a31ddf70/execute/sync'
10:04:27.829 [AsyncHttpClient-1-12] DEBUG org.asynchttpclient.netty.handler.HttpHandler - 

Request DefaultHttpRequest(decodeResult: success, version: HTTP/1.1)
POST /session/0b844396b58e04175c6db013a31ddf70/execute/sync HTTP/1.1
User-Agent: selenium/4.7.1 (java windows)
Content-Length: 48780
Content-Type: application/json; charset=utf-8
host: localhost:3475
accept: */*

Response DefaultHttpResponse(decodeResult: success, version: HTTP/1.1)
HTTP/1.1 200 OK
Content-Type: application/json; charset=utf-8
cache-control: no-cache
content-length: 14

10:04:27.829 [AsyncHttpClient-1-12] DEBUG org.asynchttpclient.netty.channel.ChannelManager - Adding key: http://localhost:3475 for channel [id: 0xaf6d19ac, L:/127.0.0.1:50268 - R:localhost/127.0.0.1:3475]
10:04:27.832 [Forwarding isElementDisplayed on session 0b844396b58e04175c6db013a31ddf70 to remote] DEBUG org.asynchttpclient.netty.request.NettyRequestSender - Using pooled Channel '[id: 0xaf6d19ac, L:/127.0.0.1:50268 - R:localhost/127.0.0.1:3475]' for 'POST' to 'http://localhost:3475/session/0b844396b58e04175c6db013a31ddf70/execute/sync'
10:04:27.832 [Forwarding isElementDisplayed on session 0b844396b58e04175c6db013a31ddf70 to remote] DEBUG org.asynchttpclient.netty.request.NettyRequestSender - Using open Channel [id: 0xaf6d19ac, L:/127.0.0.1:50268 - R:localhost/127.0.0.1:3475] for POST '/session/0b844396b58e04175c6db013a31ddf70/execute/sync'
10:04:27.844 [AsyncHttpClient-1-12] DEBUG org.asynchttpclient.netty.handler.HttpHandler - 

Request DefaultHttpRequest(decodeResult: success, version: HTTP/1.1)
POST /session/0b844396b58e04175c6db013a31ddf70/execute/sync HTTP/1.1
User-Agent: selenium/4.7.1 (java windows)
Content-Length: 48780
Content-Type: application/json; charset=utf-8
host: localhost:3475
accept: */*

Response DefaultHttpResponse(decodeResult: success, version: HTTP/1.1)
HTTP/1.1 200 OK
Content-Type: application/json; charset=utf-8
cache-control: no-cache
content-length: 14

10:04:27.844 [AsyncHttpClient-1-12] DEBUG org.asynchttpclient.netty.channel.ChannelManager - Adding key: http://localhost:3475 for channel [id: 0xaf6d19ac, L:/127.0.0.1:50268 - R:localhost/127.0.0.1:3475]
10:04:27.853 [Forwarding getCurrentWindowHandle on session 0b844396b58e04175c6db013a31ddf70 to remote] DEBUG org.asynchttpclient.netty.request.NettyRequestSender - Using pooled Channel '[id: 0xaf6d19ac, L:/127.0.0.1:50268 - R:localhost/127.0.0.1:3475]' for 'GET' to 'http://localhost:3475/session/0b844396b58e04175c6db013a31ddf70/window'
10:04:27.853 [Forwarding getCurrentWindowHandle on session 0b844396b58e04175c6db013a31ddf70 to remote] DEBUG org.asynchttpclient.netty.request.NettyRequestSender - Using open Channel [id: 0xaf6d19ac, L:/127.0.0.1:50268 - R:localhost/127.0.0.1:3475] for GET '/session/0b844396b58e04175c6db013a31ddf70/window'
10:04:27.854 [AsyncHttpClient-1-12] DEBUG org.asynchttpclient.netty.handler.HttpHandler - 

Request DefaultFullHttpRequest(decodeResult: success, version: HTTP/1.1, content: EmptyByteBufBE)
GET /session/0b844396b58e04175c6db013a31ddf70/window HTTP/1.1
User-Agent: selenium/4.7.1 (java windows)
Cache-Control: no-cache
Content-Type: application/json; charset=utf-8
host: localhost:3475
accept: */*

Response DefaultHttpResponse(decodeResult: success, version: HTTP/1.1)
HTTP/1.1 200 OK
Content-Type: application/json; charset=utf-8
cache-control: no-cache
content-length: 44

10:04:27.855 [AsyncHttpClient-1-12] DEBUG org.asynchttpclient.netty.channel.ChannelManager - Adding key: http://localhost:3475 for channel [id: 0xaf6d19ac, L:/127.0.0.1:50268 - R:localhost/127.0.0.1:3475]
10:04:27.856 [Forwarding getAlertText on session 0b844396b58e04175c6db013a31ddf70 to remote] DEBUG org.asynchttpclient.netty.request.NettyRequestSender - Using pooled Channel '[id: 0xaf6d19ac, L:/127.0.0.1:50268 - R:localhost/127.0.0.1:3475]' for 'GET' to 'http://localhost:3475/session/0b844396b58e04175c6db013a31ddf70/alert/text'
10:04:27.857 [Forwarding getAlertText on session 0b844396b58e04175c6db013a31ddf70 to remote] DEBUG org.asynchttpclient.netty.request.NettyRequestSender - Using open Channel [id: 0xaf6d19ac, L:/127.0.0.1:50268 - R:localhost/127.0.0.1:3475] for GET '/session/0b844396b58e04175c6db013a31ddf70/alert/text'
10:04:27.860 [AsyncHttpClient-1-12] DEBUG org.asynchttpclient.netty.handler.HttpHandler - 

Request DefaultFullHttpRequest(decodeResult: success, version: HTTP/1.1, content: EmptyByteBufBE)
GET /session/0b844396b58e04175c6db013a31ddf70/alert/text HTTP/1.1
User-Agent: selenium/4.7.1 (java windows)
Cache-Control: no-cache
Content-Type: application/json; charset=utf-8
host: localhost:3475
accept: */*

Response DefaultHttpResponse(decodeResult: success, version: HTTP/1.1)
HTTP/1.1 404 Not Found
Content-Type: application/json; charset=utf-8
cache-control: no-cache
content-length: 821

10:04:27.860 [AsyncHttpClient-1-12] DEBUG org.asynchttpclient.netty.channel.ChannelManager - Adding key: http://localhost:3475 for channel [id: 0xaf6d19ac, L:/127.0.0.1:50268 - R:localhost/127.0.0.1:3475]
10:04:27.862 [Forwarding switchToWindow on session 0b844396b58e04175c6db013a31ddf70 to remote] DEBUG org.asynchttpclient.netty.request.NettyRequestSender - Using pooled Channel '[id: 0xaf6d19ac, L:/127.0.0.1:50268 - R:localhost/127.0.0.1:3475]' for 'POST' to 'http://localhost:3475/session/0b844396b58e04175c6db013a31ddf70/window'
10:04:27.862 [Forwarding switchToWindow on session 0b844396b58e04175c6db013a31ddf70 to remote] DEBUG org.asynchttpclient.netty.request.NettyRequestSender - Using open Channel [id: 0xaf6d19ac, L:/127.0.0.1:50268 - R:localhost/127.0.0.1:3475] for POST '/session/0b844396b58e04175c6db013a31ddf70/window'
10:04:27.865 [AsyncHttpClient-1-12] DEBUG org.asynchttpclient.netty.handler.HttpHandler - 

Request DefaultHttpRequest(decodeResult: success, version: HTTP/1.1)
POST /session/0b844396b58e04175c6db013a31ddf70/window HTTP/1.1
User-Agent: selenium/4.7.1 (java windows)
Content-Length: 50
Content-Type: application/json; charset=utf-8
host: localhost:3475
accept: */*

Response DefaultHttpResponse(decodeResult: success, version: HTTP/1.1)
HTTP/1.1 200 OK
Content-Type: application/json; charset=utf-8
cache-control: no-cache
content-length: 14

10:04:27.865 [AsyncHttpClient-1-12] DEBUG org.asynchttpclient.netty.channel.ChannelManager - Adding key: http://localhost:3475 for channel [id: 0xaf6d19ac, L:/127.0.0.1:50268 - R:localhost/127.0.0.1:3475]
10:04:27.866 [Forwarding getCurrentUrl on session 0b844396b58e04175c6db013a31ddf70 to remote] DEBUG org.asynchttpclient.netty.request.NettyRequestSender - Using pooled Channel '[id: 0xaf6d19ac, L:/127.0.0.1:50268 - R:localhost/127.0.0.1:3475]' for 'GET' to 'http://localhost:3475/session/0b844396b58e04175c6db013a31ddf70/url'
10:04:27.866 [Forwarding getCurrentUrl on session 0b844396b58e04175c6db013a31ddf70 to remote] DEBUG org.asynchttpclient.netty.request.NettyRequestSender - Using open Channel [id: 0xaf6d19ac, L:/127.0.0.1:50268 - R:localhost/127.0.0.1:3475] for GET '/session/0b844396b58e04175c6db013a31ddf70/url'
10:04:27.873 [AsyncHttpClient-1-12] DEBUG org.asynchttpclient.netty.handler.HttpHandler - 

Request DefaultFullHttpRequest(decodeResult: success, version: HTTP/1.1, content: EmptyByteBufBE)
GET /session/0b844396b58e04175c6db013a31ddf70/url HTTP/1.1
User-Agent: selenium/4.7.1 (java windows)
Cache-Control: no-cache
Content-Type: application/json; charset=utf-8
host: localhost:3475
accept: */*

Response DefaultHttpResponse(decodeResult: success, version: HTTP/1.1)
HTTP/1.1 200 OK
Content-Type: application/json; charset=utf-8
cache-control: no-cache
content-length: 41

10:04:27.873 [AsyncHttpClient-1-12] DEBUG org.asynchttpclient.netty.channel.ChannelManager - Adding key: http://localhost:3475 for channel [id: 0xaf6d19ac, L:/127.0.0.1:50268 - R:localhost/127.0.0.1:3475]
10:04:27.874 [Forwarding screenshot on session 0b844396b58e04175c6db013a31ddf70 to remote] DEBUG org.asynchttpclient.netty.request.NettyRequestSender - Using pooled Channel '[id: 0xaf6d19ac, L:/127.0.0.1:50268 - R:localhost/127.0.0.1:3475]' for 'GET' to 'http://localhost:3475/session/0b844396b58e04175c6db013a31ddf70/screenshot'
10:04:27.874 [Forwarding screenshot on session 0b844396b58e04175c6db013a31ddf70 to remote] DEBUG org.asynchttpclient.netty.request.NettyRequestSender - Using open Channel [id: 0xaf6d19ac, L:/127.0.0.1:50268 - R:localhost/127.0.0.1:3475] for GET '/session/0b844396b58e04175c6db013a31ddf70/screenshot'
10:04:27.991 [AsyncHttpClient-1-12] DEBUG org.asynchttpclient.netty.handler.HttpHandler - 

Request DefaultFullHttpRequest(decodeResult: success, version: HTTP/1.1, content: EmptyByteBufBE)
GET /session/0b844396b58e04175c6db013a31ddf70/screenshot HTTP/1.1
User-Agent: selenium/4.7.1 (java windows)
Cache-Control: no-cache
Content-Type: application/json; charset=utf-8
host: localhost:3475
accept: */*

Response DefaultHttpResponse(decodeResult: success, version: HTTP/1.1)
HTTP/1.1 200 OK
Content-Type: application/json; charset=utf-8
cache-control: no-cache
content-length: 116560

10:04:27.992 [AsyncHttpClient-1-12] DEBUG org.asynchttpclient.netty.channel.ChannelManager - Adding key: http://localhost:3475 for channel [id: 0xaf6d19ac, L:/127.0.0.1:50268 - R:localhost/127.0.0.1:3475]
10:04:27.995 [main] DEBUG net.serenitybdd.core.photography.Darkroom - Send negative for processing for target\site\serenity\460d7ead43fa1fe8ad55ee609e5b1333d92eeea0cef3a20e4b0e5e8acb346d51.png
10:04:27.995 [main] DEBUG net.thucydides.core.steps.StepInterceptor - STEP DONE: diHomepageKembali
10:04:28.002 [main] DEBUG net.thucydides.core.steps.StepInterceptor - STARTING STEP: TransaksiSteps.userKlikBeliPadaProdukYangDiinginkan - klikButtonBeli
10:04:28.005 [Forwarding findElement on session 0b844396b58e04175c6db013a31ddf70 to remote] DEBUG org.asynchttpclient.netty.request.NettyRequestSender - Using pooled Channel '[id: 0xaf6d19ac, L:/127.0.0.1:50268 - R:localhost/127.0.0.1:3475]' for 'POST' to 'http://localhost:3475/session/0b844396b58e04175c6db013a31ddf70/element'
10:04:28.005 [Forwarding findElement on session 0b844396b58e04175c6db013a31ddf70 to remote] DEBUG org.asynchttpclient.netty.request.NettyRequestSender - Using open Channel [id: 0xaf6d19ac, L:/127.0.0.1:50268 - R:localhost/127.0.0.1:3475] for POST '/session/0b844396b58e04175c6db013a31ddf70/element'
10:04:28.025 [AsyncHttpClient-1-12] DEBUG org.asynchttpclient.netty.handler.HttpHandler - 

Request DefaultHttpRequest(decodeResult: success, version: HTTP/1.1)
POST /session/0b844396b58e04175c6db013a31ddf70/element HTTP/1.1
User-Agent: selenium/4.7.1 (java windows)
Content-Length: 194
Content-Type: application/json; charset=utf-8
host: localhost:3475
accept: */*

Response DefaultHttpResponse(decodeResult: success, version: HTTP/1.1)
HTTP/1.1 200 OK
Content-Type: application/json; charset=utf-8
cache-control: no-cache
content-length: 88

10:04:28.025 [AsyncHttpClient-1-12] DEBUG org.asynchttpclient.netty.channel.ChannelManager - Adding key: http://localhost:3475 for channel [id: 0xaf6d19ac, L:/127.0.0.1:50268 - R:localhost/127.0.0.1:3475]
10:04:28.027 [Forwarding getElementTagName on session 0b844396b58e04175c6db013a31ddf70 to remote] DEBUG org.asynchttpclient.netty.request.NettyRequestSender - Using pooled Channel '[id: 0xaf6d19ac, L:/127.0.0.1:50268 - R:localhost/127.0.0.1:3475]' for 'GET' to 'http://localhost:3475/session/0b844396b58e04175c6db013a31ddf70/element/4123c3a0-45e1-41fa-8890-b501dd84952c/name'
10:04:28.028 [Forwarding getElementTagName on session 0b844396b58e04175c6db013a31ddf70 to remote] DEBUG org.asynchttpclient.netty.request.NettyRequestSender - Using open Channel [id: 0xaf6d19ac, L:/127.0.0.1:50268 - R:localhost/127.0.0.1:3475] for GET '/session/0b844396b58e04175c6db013a31ddf70/element/4123c3a0-45e1-41fa-8890-b501dd84952c/name'
10:04:28.037 [AsyncHttpClient-1-12] DEBUG org.asynchttpclient.netty.handler.HttpHandler - 

Request DefaultFullHttpRequest(decodeResult: success, version: HTTP/1.1, content: EmptyByteBufBE)
GET /session/0b844396b58e04175c6db013a31ddf70/element/4123c3a0-45e1-41fa-8890-b501dd84952c/name HTTP/1.1
User-Agent: selenium/4.7.1 (java windows)
Cache-Control: no-cache
Content-Type: application/json; charset=utf-8
host: localhost:3475
accept: */*

Response DefaultHttpResponse(decodeResult: success, version: HTTP/1.1)
HTTP/1.1 200 OK
Content-Type: application/json; charset=utf-8
cache-control: no-cache
content-length: 16

10:04:28.037 [AsyncHttpClient-1-12] DEBUG org.asynchttpclient.netty.channel.ChannelManager - Adding key: http://localhost:3475 for channel [id: 0xaf6d19ac, L:/127.0.0.1:50268 - R:localhost/127.0.0.1:3475]
10:04:28.039 [Forwarding getElementTagName on session 0b844396b58e04175c6db013a31ddf70 to remote] DEBUG org.asynchttpclient.netty.request.NettyRequestSender - Using pooled Channel '[id: 0xaf6d19ac, L:/127.0.0.1:50268 - R:localhost/127.0.0.1:3475]' for 'GET' to 'http://localhost:3475/session/0b844396b58e04175c6db013a31ddf70/element/4123c3a0-45e1-41fa-8890-b501dd84952c/name'
10:04:28.039 [Forwarding getElementTagName on session 0b844396b58e04175c6db013a31ddf70 to remote] DEBUG org.asynchttpclient.netty.request.NettyRequestSender - Using open Channel [id: 0xaf6d19ac, L:/127.0.0.1:50268 - R:localhost/127.0.0.1:3475] for GET '/session/0b844396b58e04175c6db013a31ddf70/element/4123c3a0-45e1-41fa-8890-b501dd84952c/name'
10:04:28.047 [AsyncHttpClient-1-12] DEBUG org.asynchttpclient.netty.handler.HttpHandler - 

Request DefaultFullHttpRequest(decodeResult: success, version: HTTP/1.1, content: EmptyByteBufBE)
GET /session/0b844396b58e04175c6db013a31ddf70/element/4123c3a0-45e1-41fa-8890-b501dd84952c/name HTTP/1.1
User-Agent: selenium/4.7.1 (java windows)
Cache-Control: no-cache
Content-Type: application/json; charset=utf-8
host: localhost:3475
accept: */*

Response DefaultHttpResponse(decodeResult: success, version: HTTP/1.1)
HTTP/1.1 200 OK
Content-Type: application/json; charset=utf-8
cache-control: no-cache
content-length: 16

10:04:28.047 [AsyncHttpClient-1-12] DEBUG org.asynchttpclient.netty.channel.ChannelManager - Adding key: http://localhost:3475 for channel [id: 0xaf6d19ac, L:/127.0.0.1:50268 - R:localhost/127.0.0.1:3475]
10:04:28.050 [Forwarding findElement on session 0b844396b58e04175c6db013a31ddf70 to remote] DEBUG org.asynchttpclient.netty.request.NettyRequestSender - Using pooled Channel '[id: 0xaf6d19ac, L:/127.0.0.1:50268 - R:localhost/127.0.0.1:3475]' for 'POST' to 'http://localhost:3475/session/0b844396b58e04175c6db013a31ddf70/element'
10:04:28.050 [Forwarding findElement on session 0b844396b58e04175c6db013a31ddf70 to remote] DEBUG org.asynchttpclient.netty.request.NettyRequestSender - Using open Channel [id: 0xaf6d19ac, L:/127.0.0.1:50268 - R:localhost/127.0.0.1:3475] for POST '/session/0b844396b58e04175c6db013a31ddf70/element'
10:04:28.069 [AsyncHttpClient-1-12] DEBUG org.asynchttpclient.netty.handler.HttpHandler - 

Request DefaultHttpRequest(decodeResult: success, version: HTTP/1.1)
POST /session/0b844396b58e04175c6db013a31ddf70/element HTTP/1.1
User-Agent: selenium/4.7.1 (java windows)
Content-Length: 194
Content-Type: application/json; charset=utf-8
host: localhost:3475
accept: */*

Response DefaultHttpResponse(decodeResult: success, version: HTTP/1.1)
HTTP/1.1 200 OK
Content-Type: application/json; charset=utf-8
cache-control: no-cache
content-length: 88

10:04:28.069 [AsyncHttpClient-1-12] DEBUG org.asynchttpclient.netty.channel.ChannelManager - Adding key: http://localhost:3475 for channel [id: 0xaf6d19ac, L:/127.0.0.1:50268 - R:localhost/127.0.0.1:3475]
10:04:28.071 [Forwarding clickElement on session 0b844396b58e04175c6db013a31ddf70 to remote] DEBUG org.asynchttpclient.netty.request.NettyRequestSender - Using pooled Channel '[id: 0xaf6d19ac, L:/127.0.0.1:50268 - R:localhost/127.0.0.1:3475]' for 'POST' to 'http://localhost:3475/session/0b844396b58e04175c6db013a31ddf70/element/4123c3a0-45e1-41fa-8890-b501dd84952c/click'
10:04:28.071 [Forwarding clickElement on session 0b844396b58e04175c6db013a31ddf70 to remote] DEBUG org.asynchttpclient.netty.request.NettyRequestSender - Using open Channel [id: 0xaf6d19ac, L:/127.0.0.1:50268 - R:localhost/127.0.0.1:3475] for POST '/session/0b844396b58e04175c6db013a31ddf70/element/4123c3a0-45e1-41fa-8890-b501dd84952c/click'
10:04:28.255 [AsyncHttpClient-1-12] DEBUG org.asynchttpclient.netty.handler.HttpHandler - 

Request DefaultHttpRequest(decodeResult: success, version: HTTP/1.1)
POST /session/0b844396b58e04175c6db013a31ddf70/element/4123c3a0-45e1-41fa-8890-b501dd84952c/click HTTP/1.1
User-Agent: selenium/4.7.1 (java windows)
Content-Length: 50
Content-Type: application/json; charset=utf-8
host: localhost:3475
accept: */*

Response DefaultHttpResponse(decodeResult: success, version: HTTP/1.1)
HTTP/1.1 200 OK
Content-Type: application/json; charset=utf-8
cache-control: no-cache
content-length: 14

10:04:28.255 [AsyncHttpClient-1-12] DEBUG org.asynchttpclient.netty.channel.ChannelManager - Adding key: http://localhost:3475 for channel [id: 0xaf6d19ac, L:/127.0.0.1:50268 - R:localhost/127.0.0.1:3475]
10:04:28.263 [Forwarding getCurrentWindowHandle on session 0b844396b58e04175c6db013a31ddf70 to remote] DEBUG org.asynchttpclient.netty.request.NettyRequestSender - Using pooled Channel '[id: 0xaf6d19ac, L:/127.0.0.1:50268 - R:localhost/127.0.0.1:3475]' for 'GET' to 'http://localhost:3475/session/0b844396b58e04175c6db013a31ddf70/window'
10:04:28.263 [Forwarding getCurrentWindowHandle on session 0b844396b58e04175c6db013a31ddf70 to remote] DEBUG org.asynchttpclient.netty.request.NettyRequestSender - Using open Channel [id: 0xaf6d19ac, L:/127.0.0.1:50268 - R:localhost/127.0.0.1:3475] for GET '/session/0b844396b58e04175c6db013a31ddf70/window'
10:04:28.264 [AsyncHttpClient-1-12] DEBUG org.asynchttpclient.netty.handler.HttpHandler - 

Request DefaultFullHttpRequest(decodeResult: success, version: HTTP/1.1, content: EmptyByteBufBE)
GET /session/0b844396b58e04175c6db013a31ddf70/window HTTP/1.1
User-Agent: selenium/4.7.1 (java windows)
Cache-Control: no-cache
Content-Type: application/json; charset=utf-8
host: localhost:3475
accept: */*

Response DefaultHttpResponse(decodeResult: success, version: HTTP/1.1)
HTTP/1.1 200 OK
Content-Type: application/json; charset=utf-8
cache-control: no-cache
content-length: 44

10:04:28.264 [AsyncHttpClient-1-12] DEBUG org.asynchttpclient.netty.channel.ChannelManager - Adding key: http://localhost:3475 for channel [id: 0xaf6d19ac, L:/127.0.0.1:50268 - R:localhost/127.0.0.1:3475]
10:04:28.266 [Forwarding getAlertText on session 0b844396b58e04175c6db013a31ddf70 to remote] DEBUG org.asynchttpclient.netty.request.NettyRequestSender - Using pooled Channel '[id: 0xaf6d19ac, L:/127.0.0.1:50268 - R:localhost/127.0.0.1:3475]' for 'GET' to 'http://localhost:3475/session/0b844396b58e04175c6db013a31ddf70/alert/text'
10:04:28.266 [Forwarding getAlertText on session 0b844396b58e04175c6db013a31ddf70 to remote] DEBUG org.asynchttpclient.netty.request.NettyRequestSender - Using open Channel [id: 0xaf6d19ac, L:/127.0.0.1:50268 - R:localhost/127.0.0.1:3475] for GET '/session/0b844396b58e04175c6db013a31ddf70/alert/text'
10:04:28.268 [AsyncHttpClient-1-1] DEBUG org.asynchttpclient.netty.channel.DefaultChannelPool - Entry count for : http://localhost:50269 : 1
10:04:28.268 [AsyncHttpClient-1-12] DEBUG org.asynchttpclient.netty.handler.HttpHandler - 

Request DefaultFullHttpRequest(decodeResult: success, version: HTTP/1.1, content: EmptyByteBufBE)
GET /session/0b844396b58e04175c6db013a31ddf70/alert/text HTTP/1.1
User-Agent: selenium/4.7.1 (java windows)
Cache-Control: no-cache
Content-Type: application/json; charset=utf-8
host: localhost:3475
accept: */*

Response DefaultHttpResponse(decodeResult: success, version: HTTP/1.1)
HTTP/1.1 404 Not Found
Content-Type: application/json; charset=utf-8
cache-control: no-cache
content-length: 821

10:04:28.269 [AsyncHttpClient-1-12] DEBUG org.asynchttpclient.netty.channel.ChannelManager - Adding key: http://localhost:3475 for channel [id: 0xaf6d19ac, L:/127.0.0.1:50268 - R:localhost/127.0.0.1:3475]
10:04:28.271 [Forwarding switchToWindow on session 0b844396b58e04175c6db013a31ddf70 to remote] DEBUG org.asynchttpclient.netty.request.NettyRequestSender - Using pooled Channel '[id: 0xaf6d19ac, L:/127.0.0.1:50268 - R:localhost/127.0.0.1:3475]' for 'POST' to 'http://localhost:3475/session/0b844396b58e04175c6db013a31ddf70/window'
10:04:28.271 [Forwarding switchToWindow on session 0b844396b58e04175c6db013a31ddf70 to remote] DEBUG org.asynchttpclient.netty.request.NettyRequestSender - Using open Channel [id: 0xaf6d19ac, L:/127.0.0.1:50268 - R:localhost/127.0.0.1:3475] for POST '/session/0b844396b58e04175c6db013a31ddf70/window'
10:04:28.273 [AsyncHttpClient-1-12] DEBUG org.asynchttpclient.netty.handler.HttpHandler - 

Request DefaultHttpRequest(decodeResult: success, version: HTTP/1.1)
POST /session/0b844396b58e04175c6db013a31ddf70/window HTTP/1.1
User-Agent: selenium/4.7.1 (java windows)
Content-Length: 50
Content-Type: application/json; charset=utf-8
host: localhost:3475
accept: */*

Response DefaultHttpResponse(decodeResult: success, version: HTTP/1.1)
HTTP/1.1 200 OK
Content-Type: application/json; charset=utf-8
cache-control: no-cache
content-length: 14

10:04:28.274 [AsyncHttpClient-1-12] DEBUG org.asynchttpclient.netty.channel.ChannelManager - Adding key: http://localhost:3475 for channel [id: 0xaf6d19ac, L:/127.0.0.1:50268 - R:localhost/127.0.0.1:3475]
10:04:28.274 [Forwarding getCurrentUrl on session 0b844396b58e04175c6db013a31ddf70 to remote] DEBUG org.asynchttpclient.netty.request.NettyRequestSender - Using pooled Channel '[id: 0xaf6d19ac, L:/127.0.0.1:50268 - R:localhost/127.0.0.1:3475]' for 'GET' to 'http://localhost:3475/session/0b844396b58e04175c6db013a31ddf70/url'
10:04:28.274 [Forwarding getCurrentUrl on session 0b844396b58e04175c6db013a31ddf70 to remote] DEBUG org.asynchttpclient.netty.request.NettyRequestSender - Using open Channel [id: 0xaf6d19ac, L:/127.0.0.1:50268 - R:localhost/127.0.0.1:3475] for GET '/session/0b844396b58e04175c6db013a31ddf70/url'
10:04:28.282 [AsyncHttpClient-1-12] DEBUG org.asynchttpclient.netty.handler.HttpHandler - 

Request DefaultFullHttpRequest(decodeResult: success, version: HTTP/1.1, content: EmptyByteBufBE)
GET /session/0b844396b58e04175c6db013a31ddf70/url HTTP/1.1
User-Agent: selenium/4.7.1 (java windows)
Cache-Control: no-cache
Content-Type: application/json; charset=utf-8
host: localhost:3475
accept: */*

Response DefaultHttpResponse(decodeResult: success, version: HTTP/1.1)
HTTP/1.1 200 OK
Content-Type: application/json; charset=utf-8
cache-control: no-cache
content-length: 41

10:04:28.282 [AsyncHttpClient-1-12] DEBUG org.asynchttpclient.netty.channel.ChannelManager - Adding key: http://localhost:3475 for channel [id: 0xaf6d19ac, L:/127.0.0.1:50268 - R:localhost/127.0.0.1:3475]
10:04:28.283 [Forwarding screenshot on session 0b844396b58e04175c6db013a31ddf70 to remote] DEBUG org.asynchttpclient.netty.request.NettyRequestSender - Using pooled Channel '[id: 0xaf6d19ac, L:/127.0.0.1:50268 - R:localhost/127.0.0.1:3475]' for 'GET' to 'http://localhost:3475/session/0b844396b58e04175c6db013a31ddf70/screenshot'
10:04:28.283 [Forwarding screenshot on session 0b844396b58e04175c6db013a31ddf70 to remote] DEBUG org.asynchttpclient.netty.request.NettyRequestSender - Using open Channel [id: 0xaf6d19ac, L:/127.0.0.1:50268 - R:localhost/127.0.0.1:3475] for GET '/session/0b844396b58e04175c6db013a31ddf70/screenshot'
10:04:28.426 [AsyncHttpClient-1-12] DEBUG org.asynchttpclient.netty.handler.HttpHandler - 

Request DefaultFullHttpRequest(decodeResult: success, version: HTTP/1.1, content: EmptyByteBufBE)
GET /session/0b844396b58e04175c6db013a31ddf70/screenshot HTTP/1.1
User-Agent: selenium/4.7.1 (java windows)
Cache-Control: no-cache
Content-Type: application/json; charset=utf-8
host: localhost:3475
accept: */*

Response DefaultHttpResponse(decodeResult: success, version: HTTP/1.1)
HTTP/1.1 200 OK
Content-Type: application/json; charset=utf-8
cache-control: no-cache
content-length: 118160

10:04:28.426 [AsyncHttpClient-1-12] DEBUG org.asynchttpclient.netty.channel.ChannelManager - Adding key: http://localhost:3475 for channel [id: 0xaf6d19ac, L:/127.0.0.1:50268 - R:localhost/127.0.0.1:3475]
10:04:28.429 [main] DEBUG net.serenitybdd.core.photography.Darkroom - Send negative for processing for target\site\serenity\87e2d91869bd76ae944076763c8b789c9f966d82c84562c89e420b0644036889.png
10:04:28.430 [main] DEBUG net.thucydides.core.steps.StepInterceptor - STEP DONE: klikButtonBeli
10:04:28.430 [Darkroom Processing Line] DEBUG net.serenitybdd.core.photography.DarkroomProcessingLine - Processing screenshot image in /var/screenshots/screenshot-8811553070289384047
10:04:28.430 [Darkroom Processing Line] DEBUG net.serenitybdd.core.photography.DarkroomProcessingLine - Saving screenshot to target\site\serenity\87e2d91869bd76ae944076763c8b789c9f966d82c84562c89e420b0644036889.png
  &amp#27;[32mWhen &amp#27;[0m&amp#27;[32muser berada di homepage lalu klik beli pada produk yang diinginkan&amp#27;[0m &amp#27;[90m# starter.stepdefinitions.TransaksiSteps.userKlikBeliPadaProdukYangDiinginkan()&amp#27;[0m
  &amp#27;[32mAnd &amp#27;[0m&amp#27;[32mmuncul notif pada cart&amp#27;[0m                                              &amp#27;[90m# starter.stepdefinitions.TransaksiSteps.munculNotifPadaCart()&amp#27;[0m
10:04:28.464 [main] DEBUG net.thucydides.core.steps.StepInterceptor - STARTING STEP: TransaksiSteps.userKlikCart - klikButtonCart
10:04:28.467 [Forwarding findElement on session 0b844396b58e04175c6db013a31ddf70 to remote] DEBUG org.asynchttpclient.netty.request.NettyRequestSender - Using pooled Channel '[id: 0xaf6d19ac, L:/127.0.0.1:50268 - R:localhost/127.0.0.1:3475]' for 'POST' to 'http://localhost:3475/session/0b844396b58e04175c6db013a31ddf70/element'
10:04:28.468 [Forwarding findElement on session 0b844396b58e04175c6db013a31ddf70 to remote] DEBUG org.asynchttpclient.netty.request.NettyRequestSender - Using open Channel [id: 0xaf6d19ac, L:/127.0.0.1:50268 - R:localhost/127.0.0.1:3475] for POST '/session/0b844396b58e04175c6db013a31ddf70/element'
10:04:28.493 [AsyncHttpClient-1-12] DEBUG org.asynchttpclient.netty.handler.HttpHandler - 

Request DefaultHttpRequest(decodeResult: success, version: HTTP/1.1)
POST /session/0b844396b58e04175c6db013a31ddf70/element HTTP/1.1
User-Agent: selenium/4.7.1 (java windows)
Content-Length: 111
Content-Type: application/json; charset=utf-8
host: localhost:3475
accept: */*

Response DefaultHttpResponse(decodeResult: success, version: HTTP/1.1)
HTTP/1.1 200 OK
Content-Type: application/json; charset=utf-8
cache-control: no-cache
content-length: 88

10:04:28.493 [AsyncHttpClient-1-12] DEBUG org.asynchttpclient.netty.channel.ChannelManager - Adding key: http://localhost:3475 for channel [id: 0xaf6d19ac, L:/127.0.0.1:50268 - R:localhost/127.0.0.1:3475]
10:04:28.495 [Forwarding getElementTagName on session 0b844396b58e04175c6db013a31ddf70 to remote] DEBUG org.asynchttpclient.netty.request.NettyRequestSender - Using pooled Channel '[id: 0xaf6d19ac, L:/127.0.0.1:50268 - R:localhost/127.0.0.1:3475]' for 'GET' to 'http://localhost:3475/session/0b844396b58e04175c6db013a31ddf70/element/06270781-9044-4ff5-a797-7c6ccab8920f/name'
10:04:28.495 [Forwarding getElementTagName on session 0b844396b58e04175c6db013a31ddf70 to remote] DEBUG org.asynchttpclient.netty.request.NettyRequestSender - Using open Channel [id: 0xaf6d19ac, L:/127.0.0.1:50268 - R:localhost/127.0.0.1:3475] for GET '/session/0b844396b58e04175c6db013a31ddf70/element/06270781-9044-4ff5-a797-7c6ccab8920f/name'
10:04:28.503 [AsyncHttpClient-1-12] DEBUG org.asynchttpclient.netty.handler.HttpHandler - 

Request DefaultFullHttpRequest(decodeResult: success, version: HTTP/1.1, content: EmptyByteBufBE)
GET /session/0b844396b58e04175c6db013a31ddf70/element/06270781-9044-4ff5-a797-7c6ccab8920f/name HTTP/1.1
User-Agent: selenium/4.7.1 (java windows)
Cache-Control: no-cache
Content-Type: application/json; charset=utf-8
host: localhost:3475
accept: */*

Response DefaultHttpResponse(decodeResult: success, version: HTTP/1.1)
HTTP/1.1 200 OK
Content-Type: application/json; charset=utf-8
cache-control: no-cache
content-length: 18

10:04:28.503 [AsyncHttpClient-1-12] DEBUG org.asynchttpclient.netty.channel.ChannelManager - Adding key: http://localhost:3475 for channel [id: 0xaf6d19ac, L:/127.0.0.1:50268 - R:localhost/127.0.0.1:3475]
10:04:28.505 [Forwarding getElementTagName on session 0b844396b58e04175c6db013a31ddf70 to remote] DEBUG org.asynchttpclient.netty.request.NettyRequestSender - Using pooled Channel '[id: 0xaf6d19ac, L:/127.0.0.1:50268 - R:localhost/127.0.0.1:3475]' for 'GET' to 'http://localhost:3475/session/0b844396b58e04175c6db013a31ddf70/element/06270781-9044-4ff5-a797-7c6ccab8920f/name'
10:04:28.505 [Forwarding getElementTagName on session 0b844396b58e04175c6db013a31ddf70 to remote] DEBUG org.asynchttpclient.netty.request.NettyRequestSender - Using open Channel [id: 0xaf6d19ac, L:/127.0.0.1:50268 - R:localhost/127.0.0.1:3475] for GET '/session/0b844396b58e04175c6db013a31ddf70/element/06270781-9044-4ff5-a797-7c6ccab8920f/name'
10:04:28.512 [AsyncHttpClient-1-12] DEBUG org.asynchttpclient.netty.handler.HttpHandler - 

Request DefaultFullHttpRequest(decodeResult: success, version: HTTP/1.1, content: EmptyByteBufBE)
GET /session/0b844396b58e04175c6db013a31ddf70/element/06270781-9044-4ff5-a797-7c6ccab8920f/name HTTP/1.1
User-Agent: selenium/4.7.1 (java windows)
Cache-Control: no-cache
Content-Type: application/json; charset=utf-8
host: localhost:3475
accept: */*

Response DefaultHttpResponse(decodeResult: success, version: HTTP/1.1)
HTTP/1.1 200 OK
Content-Type: application/json; charset=utf-8
cache-control: no-cache
content-length: 18

10:04:28.512 [AsyncHttpClient-1-12] DEBUG org.asynchttpclient.netty.channel.ChannelManager - Adding key: http://localhost:3475 for channel [id: 0xaf6d19ac, L:/127.0.0.1:50268 - R:localhost/127.0.0.1:3475]
10:04:28.515 [Forwarding isElementEnabled on session 0b844396b58e04175c6db013a31ddf70 to remote] DEBUG org.asynchttpclient.netty.request.NettyRequestSender - Using pooled Channel '[id: 0xaf6d19ac, L:/127.0.0.1:50268 - R:localhost/127.0.0.1:3475]' for 'GET' to 'http://localhost:3475/session/0b844396b58e04175c6db013a31ddf70/element/06270781-9044-4ff5-a797-7c6ccab8920f/enabled'
10:04:28.516 [Forwarding isElementEnabled on session 0b844396b58e04175c6db013a31ddf70 to remote] DEBUG org.asynchttpclient.netty.request.NettyRequestSender - Using open Channel [id: 0xaf6d19ac, L:/127.0.0.1:50268 - R:localhost/127.0.0.1:3475] for GET '/session/0b844396b58e04175c6db013a31ddf70/element/06270781-9044-4ff5-a797-7c6ccab8920f/enabled'
10:04:28.540 [AsyncHttpClient-1-12] DEBUG org.asynchttpclient.netty.handler.HttpHandler - 

Request DefaultFullHttpRequest(decodeResult: success, version: HTTP/1.1, content: EmptyByteBufBE)
GET /session/0b844396b58e04175c6db013a31ddf70/element/06270781-9044-4ff5-a797-7c6ccab8920f/enabled HTTP/1.1
User-Agent: selenium/4.7.1 (java windows)
Cache-Control: no-cache
Content-Type: application/json; charset=utf-8
host: localhost:3475
accept: */*

Response DefaultHttpResponse(decodeResult: success, version: HTTP/1.1)
HTTP/1.1 200 OK
Content-Type: application/json; charset=utf-8
cache-control: no-cache
content-length: 14

10:04:28.540 [AsyncHttpClient-1-12] DEBUG org.asynchttpclient.netty.channel.ChannelManager - Adding key: http://localhost:3475 for channel [id: 0xaf6d19ac, L:/127.0.0.1:50268 - R:localhost/127.0.0.1:3475]
10:04:28.542 [Forwarding isElementEnabled on session 0b844396b58e04175c6db013a31ddf70 to remote] DEBUG org.asynchttpclient.netty.request.NettyRequestSender - Using pooled Channel '[id: 0xaf6d19ac, L:/127.0.0.1:50268 - R:localhost/127.0.0.1:3475]' for 'GET' to 'http://localhost:3475/session/0b844396b58e04175c6db013a31ddf70/element/06270781-9044-4ff5-a797-7c6ccab8920f/enabled'
10:04:28.542 [Forwarding isElementEnabled on session 0b844396b58e04175c6db013a31ddf70 to remote] DEBUG org.asynchttpclient.netty.request.NettyRequestSender - Using open Channel [id: 0xaf6d19ac, L:/127.0.0.1:50268 - R:localhost/127.0.0.1:3475] for GET '/session/0b844396b58e04175c6db013a31ddf70/element/06270781-9044-4ff5-a797-7c6ccab8920f/enabled'
10:04:28.584 [AsyncHttpClient-1-12] DEBUG org.asynchttpclient.netty.handler.HttpHandler - 

Request DefaultFullHttpRequest(decodeResult: success, version: HTTP/1.1, content: EmptyByteBufBE)
GET /session/0b844396b58e04175c6db013a31ddf70/element/06270781-9044-4ff5-a797-7c6ccab8920f/enabled HTTP/1.1
User-Agent: selenium/4.7.1 (java windows)
Cache-Control: no-cache
Content-Type: application/json; charset=utf-8
host: localhost:3475
accept: */*

Response DefaultHttpResponse(decodeResult: success, version: HTTP/1.1)
HTTP/1.1 200 OK
Content-Type: application/json; charset=utf-8
cache-control: no-cache
content-length: 14

10:04:28.584 [AsyncHttpClient-1-12] DEBUG org.asynchttpclient.netty.channel.ChannelManager - Adding key: http://localhost:3475 for channel [id: 0xaf6d19ac, L:/127.0.0.1:50268 - R:localhost/127.0.0.1:3475]
10:04:28.586 [Forwarding findElement on session 0b844396b58e04175c6db013a31ddf70 to remote] DEBUG org.asynchttpclient.netty.request.NettyRequestSender - Using pooled Channel '[id: 0xaf6d19ac, L:/127.0.0.1:50268 - R:localhost/127.0.0.1:3475]' for 'POST' to 'http://localhost:3475/session/0b844396b58e04175c6db013a31ddf70/element'
10:04:28.587 [Forwarding findElement on session 0b844396b58e04175c6db013a31ddf70 to remote] DEBUG org.asynchttpclient.netty.request.NettyRequestSender - Using open Channel [id: 0xaf6d19ac, L:/127.0.0.1:50268 - R:localhost/127.0.0.1:3475] for POST '/session/0b844396b58e04175c6db013a31ddf70/element'
10:04:28.610 [AsyncHttpClient-1-12] DEBUG org.asynchttpclient.netty.handler.HttpHandler - 

Request DefaultHttpRequest(decodeResult: success, version: HTTP/1.1)
POST /session/0b844396b58e04175c6db013a31ddf70/element HTTP/1.1
User-Agent: selenium/4.7.1 (java windows)
Content-Length: 111
Content-Type: application/json; charset=utf-8
host: localhost:3475
accept: */*

Response DefaultHttpResponse(decodeResult: success, version: HTTP/1.1)
HTTP/1.1 200 OK
Content-Type: application/json; charset=utf-8
cache-control: no-cache
content-length: 88

10:04:28.611 [AsyncHttpClient-1-12] DEBUG org.asynchttpclient.netty.channel.ChannelManager - Adding key: http://localhost:3475 for channel [id: 0xaf6d19ac, L:/127.0.0.1:50268 - R:localhost/127.0.0.1:3475]
10:04:28.612 [Forwarding clickElement on session 0b844396b58e04175c6db013a31ddf70 to remote] DEBUG org.asynchttpclient.netty.request.NettyRequestSender - Using pooled Channel '[id: 0xaf6d19ac, L:/127.0.0.1:50268 - R:localhost/127.0.0.1:3475]' for 'POST' to 'http://localhost:3475/session/0b844396b58e04175c6db013a31ddf70/element/06270781-9044-4ff5-a797-7c6ccab8920f/click'
10:04:28.613 [Forwarding clickElement on session 0b844396b58e04175c6db013a31ddf70 to remote] DEBUG org.asynchttpclient.netty.request.NettyRequestSender - Using open Channel [id: 0xaf6d19ac, L:/127.0.0.1:50268 - R:localhost/127.0.0.1:3475] for POST '/session/0b844396b58e04175c6db013a31ddf70/element/06270781-9044-4ff5-a797-7c6ccab8920f/click'
10:04:28.701 [AsyncHttpClient-1-12] DEBUG org.asynchttpclient.netty.handler.HttpHandler - 

Request DefaultHttpRequest(decodeResult: success, version: HTTP/1.1)
POST /session/0b844396b58e04175c6db013a31ddf70/element/06270781-9044-4ff5-a797-7c6ccab8920f/click HTTP/1.1
User-Agent: selenium/4.7.1 (java windows)
Content-Length: 50
Content-Type: application/json; charset=utf-8
host: localhost:3475
accept: */*

Response DefaultHttpResponse(decodeResult: success, version: HTTP/1.1)
HTTP/1.1 200 OK
Content-Type: application/json; charset=utf-8
cache-control: no-cache
content-length: 14

10:04:28.701 [AsyncHttpClient-1-12] DEBUG org.asynchttpclient.netty.channel.ChannelManager - Adding key: http://localhost:3475 for channel [id: 0xaf6d19ac, L:/127.0.0.1:50268 - R:localhost/127.0.0.1:3475]
10:04:28.709 [Forwarding getCurrentWindowHandle on session 0b844396b58e04175c6db013a31ddf70 to remote] DEBUG org.asynchttpclient.netty.request.NettyRequestSender - Using pooled Channel '[id: 0xaf6d19ac, L:/127.0.0.1:50268 - R:localhost/127.0.0.1:3475]' for 'GET' to 'http://localhost:3475/session/0b844396b58e04175c6db013a31ddf70/window'
10:04:28.709 [Forwarding getCurrentWindowHandle on session 0b844396b58e04175c6db013a31ddf70 to remote] DEBUG org.asynchttpclient.netty.request.NettyRequestSender - Using open Channel [id: 0xaf6d19ac, L:/127.0.0.1:50268 - R:localhost/127.0.0.1:3475] for GET '/session/0b844396b58e04175c6db013a31ddf70/window'
10:04:28.711 [AsyncHttpClient-1-12] DEBUG org.asynchttpclient.netty.handler.HttpHandler - 

Request DefaultFullHttpRequest(decodeResult: success, version: HTTP/1.1, content: EmptyByteBufBE)
GET /session/0b844396b58e04175c6db013a31ddf70/window HTTP/1.1
User-Agent: selenium/4.7.1 (java windows)
Cache-Control: no-cache
Content-Type: application/json; charset=utf-8
host: localhost:3475
accept: */*

Response DefaultHttpResponse(decodeResult: success, version: HTTP/1.1)
HTTP/1.1 200 OK
Content-Type: application/json; charset=utf-8
cache-control: no-cache
content-length: 44

10:04:28.711 [AsyncHttpClient-1-12] DEBUG org.asynchttpclient.netty.channel.ChannelManager - Adding key: http://localhost:3475 for channel [id: 0xaf6d19ac, L:/127.0.0.1:50268 - R:localhost/127.0.0.1:3475]
10:04:28.713 [Forwarding getAlertText on session 0b844396b58e04175c6db013a31ddf70 to remote] DEBUG org.asynchttpclient.netty.request.NettyRequestSender - Using pooled Channel '[id: 0xaf6d19ac, L:/127.0.0.1:50268 - R:localhost/127.0.0.1:3475]' for 'GET' to 'http://localhost:3475/session/0b844396b58e04175c6db013a31ddf70/alert/text'
10:04:28.713 [Forwarding getAlertText on session 0b844396b58e04175c6db013a31ddf70 to remote] DEBUG org.asynchttpclient.netty.request.NettyRequestSender - Using open Channel [id: 0xaf6d19ac, L:/127.0.0.1:50268 - R:localhost/127.0.0.1:3475] for GET '/session/0b844396b58e04175c6db013a31ddf70/alert/text'
10:04:28.904 [AsyncHttpClient-1-12] DEBUG org.asynchttpclient.netty.handler.HttpHandler - 

Request DefaultFullHttpRequest(decodeResult: success, version: HTTP/1.1, content: EmptyByteBufBE)
GET /session/0b844396b58e04175c6db013a31ddf70/alert/text HTTP/1.1
User-Agent: selenium/4.7.1 (java windows)
Cache-Control: no-cache
Content-Type: application/json; charset=utf-8
host: localhost:3475
accept: */*

Response DefaultHttpResponse(decodeResult: success, version: HTTP/1.1)
HTTP/1.1 404 Not Found
Content-Type: application/json; charset=utf-8
cache-control: no-cache
content-length: 821

10:04:28.904 [AsyncHttpClient-1-12] DEBUG org.asynchttpclient.netty.channel.ChannelManager - Adding key: http://localhost:3475 for channel [id: 0xaf6d19ac, L:/127.0.0.1:50268 - R:localhost/127.0.0.1:3475]
10:04:28.907 [Forwarding switchToWindow on session 0b844396b58e04175c6db013a31ddf70 to remote] DEBUG org.asynchttpclient.netty.request.NettyRequestSender - Using pooled Channel '[id: 0xaf6d19ac, L:/127.0.0.1:50268 - R:localhost/127.0.0.1:3475]' for 'POST' to 'http://localhost:3475/session/0b844396b58e04175c6db013a31ddf70/window'
10:04:28.907 [Forwarding switchToWindow on session 0b844396b58e04175c6db013a31ddf70 to remote] DEBUG org.asynchttpclient.netty.request.NettyRequestSender - Using open Channel [id: 0xaf6d19ac, L:/127.0.0.1:50268 - R:localhost/127.0.0.1:3475] for POST '/session/0b844396b58e04175c6db013a31ddf70/window'
10:04:28.911 [AsyncHttpClient-1-12] DEBUG org.asynchttpclient.netty.handler.HttpHandler - 

Request DefaultHttpRequest(decodeResult: success, version: HTTP/1.1)
POST /session/0b844396b58e04175c6db013a31ddf70/window HTTP/1.1
User-Agent: selenium/4.7.1 (java windows)
Content-Length: 50
Content-Type: application/json; charset=utf-8
host: localhost:3475
accept: */*

Response DefaultHttpResponse(decodeResult: success, version: HTTP/1.1)
HTTP/1.1 200 OK
Content-Type: application/json; charset=utf-8
cache-control: no-cache
content-length: 14

10:04:28.911 [AsyncHttpClient-1-12] DEBUG org.asynchttpclient.netty.channel.ChannelManager - Adding key: http://localhost:3475 for channel [id: 0xaf6d19ac, L:/127.0.0.1:50268 - R:localhost/127.0.0.1:3475]
10:04:28.912 [Forwarding getCurrentUrl on session 0b844396b58e04175c6db013a31ddf70 to remote] DEBUG org.asynchttpclient.netty.request.NettyRequestSender - Using pooled Channel '[id: 0xaf6d19ac, L:/127.0.0.1:50268 - R:localhost/127.0.0.1:3475]' for 'GET' to 'http://localhost:3475/session/0b844396b58e04175c6db013a31ddf70/url'
10:04:28.912 [Forwarding getCurrentUrl on session 0b844396b58e04175c6db013a31ddf70 to remote] DEBUG org.asynchttpclient.netty.request.NettyRequestSender - Using open Channel [id: 0xaf6d19ac, L:/127.0.0.1:50268 - R:localhost/127.0.0.1:3475] for GET '/session/0b844396b58e04175c6db013a31ddf70/url'
10:04:28.920 [AsyncHttpClient-1-12] DEBUG org.asynchttpclient.netty.handler.HttpHandler - 

Request DefaultFullHttpRequest(decodeResult: success, version: HTTP/1.1, content: EmptyByteBufBE)
GET /session/0b844396b58e04175c6db013a31ddf70/url HTTP/1.1
User-Agent: selenium/4.7.1 (java windows)
Cache-Control: no-cache
Content-Type: application/json; charset=utf-8
host: localhost:3475
accept: */*

Response DefaultHttpResponse(decodeResult: success, version: HTTP/1.1)
HTTP/1.1 200 OK
Content-Type: application/json; charset=utf-8
cache-control: no-cache
content-length: 46

10:04:28.920 [AsyncHttpClient-1-12] DEBUG org.asynchttpclient.netty.channel.ChannelManager - Adding key: http://localhost:3475 for channel [id: 0xaf6d19ac, L:/127.0.0.1:50268 - R:localhost/127.0.0.1:3475]
10:04:28.921 [Forwarding screenshot on session 0b844396b58e04175c6db013a31ddf70 to remote] DEBUG org.asynchttpclient.netty.request.NettyRequestSender - Using pooled Channel '[id: 0xaf6d19ac, L:/127.0.0.1:50268 - R:localhost/127.0.0.1:3475]' for 'GET' to 'http://localhost:3475/session/0b844396b58e04175c6db013a31ddf70/screenshot'
10:04:28.921 [Forwarding screenshot on session 0b844396b58e04175c6db013a31ddf70 to remote] DEBUG org.asynchttpclient.netty.request.NettyRequestSender - Using open Channel [id: 0xaf6d19ac, L:/127.0.0.1:50268 - R:localhost/127.0.0.1:3475] for GET '/session/0b844396b58e04175c6db013a31ddf70/screenshot'
10:04:29.085 [AsyncHttpClient-1-12] DEBUG org.asynchttpclient.netty.handler.HttpHandler - 

Request DefaultFullHttpRequest(decodeResult: success, version: HTTP/1.1, content: EmptyByteBufBE)
GET /session/0b844396b58e04175c6db013a31ddf70/screenshot HTTP/1.1
User-Agent: selenium/4.7.1 (java windows)
Cache-Control: no-cache
Content-Type: application/json; charset=utf-8
host: localhost:3475
accept: */*

Response DefaultHttpResponse(decodeResult: success, version: HTTP/1.1)
HTTP/1.1 200 OK
Content-Type: application/json; charset=utf-8
cache-control: no-cache
content-length: 29144

10:04:29.086 [AsyncHttpClient-1-12] DEBUG org.asynchttpclient.netty.channel.ChannelManager - Adding key: http://localhost:3475 for channel [id: 0xaf6d19ac, L:/127.0.0.1:50268 - R:localhost/127.0.0.1:3475]
10:04:29.088 [main] DEBUG net.serenitybdd.core.photography.Darkroom - Send negative for processing for target\site\serenity\4c9bee4bc46da336128f8f5e241111223f7559ee079604387701a789b434aeb9.png
10:04:29.089 [main] DEBUG net.thucydides.core.steps.StepInterceptor - STEP DONE: klikButtonCart
  &amp#27;[32mAnd &amp#27;[0m&amp#27;[32muser klik cart&amp#27;[0m                                                      &amp#27;[90m# starter.stepdefinitions.TransaksiSteps.userKlikCart()&amp#27;[0m
10:04:29.089 [Darkroom Processing Line] DEBUG net.serenitybdd.core.photography.DarkroomProcessingLine - Processing screenshot image in /var/screenshots/screenshot-237560262886083007
10:04:29.089 [Darkroom Processing Line] DEBUG net.serenitybdd.core.photography.DarkroomProcessingLine - Saving screenshot to target\site\serenity\4c9bee4bc46da336128f8f5e241111223f7559ee079604387701a789b434aeb9.png
10:04:29.104 [main] DEBUG net.thucydides.core.steps.StepInterceptor - STARTING STEP: TransaksiSteps.userKlikTombolTambah - klikTombolTambah
10:04:29.107 [Forwarding findElement on session 0b844396b58e04175c6db013a31ddf70 to remote] DEBUG org.asynchttpclient.netty.request.NettyRequestSender - Using pooled Channel '[id: 0xaf6d19ac, L:/127.0.0.1:50268 - R:localhost/127.0.0.1:3475]' for 'POST' to 'http://localhost:3475/session/0b844396b58e04175c6db013a31ddf70/element'
10:04:29.107 [Forwarding findElement on session 0b844396b58e04175c6db013a31ddf70 to remote] DEBUG org.asynchttpclient.netty.request.NettyRequestSender - Using open Channel [id: 0xaf6d19ac, L:/127.0.0.1:50268 - R:localhost/127.0.0.1:3475] for POST '/session/0b844396b58e04175c6db013a31ddf70/element'
10:04:29.125 [AsyncHttpClient-1-12] DEBUG org.asynchttpclient.netty.handler.HttpHandler - 

Request DefaultHttpRequest(decodeResult: success, version: HTTP/1.1)
POST /session/0b844396b58e04175c6db013a31ddf70/element HTTP/1.1
User-Agent: selenium/4.7.1 (java windows)
Content-Length: 179
Content-Type: application/json; charset=utf-8
host: localhost:3475
accept: */*

Response DefaultHttpResponse(decodeResult: success, version: HTTP/1.1)
HTTP/1.1 200 OK
Content-Type: application/json; charset=utf-8
cache-control: no-cache
content-length: 88

10:04:29.125 [AsyncHttpClient-1-12] DEBUG org.asynchttpclient.netty.channel.ChannelManager - Adding key: http://localhost:3475 for channel [id: 0xaf6d19ac, L:/127.0.0.1:50268 - R:localhost/127.0.0.1:3475]
10:04:29.127 [Forwarding getElementTagName on session 0b844396b58e04175c6db013a31ddf70 to remote] DEBUG org.asynchttpclient.netty.request.NettyRequestSender - Using pooled Channel '[id: 0xaf6d19ac, L:/127.0.0.1:50268 - R:localhost/127.0.0.1:3475]' for 'GET' to 'http://localhost:3475/session/0b844396b58e04175c6db013a31ddf70/element/b3d82ae7-864e-413b-b3b6-8c0aa55dbdb9/name'
10:04:29.127 [Forwarding getElementTagName on session 0b844396b58e04175c6db013a31ddf70 to remote] DEBUG org.asynchttpclient.netty.request.NettyRequestSender - Using open Channel [id: 0xaf6d19ac, L:/127.0.0.1:50268 - R:localhost/127.0.0.1:3475] for GET '/session/0b844396b58e04175c6db013a31ddf70/element/b3d82ae7-864e-413b-b3b6-8c0aa55dbdb9/name'
10:04:29.135 [AsyncHttpClient-1-12] DEBUG org.asynchttpclient.netty.handler.HttpHandler - 

Request DefaultFullHttpRequest(decodeResult: success, version: HTTP/1.1, content: EmptyByteBufBE)
GET /session/0b844396b58e04175c6db013a31ddf70/element/b3d82ae7-864e-413b-b3b6-8c0aa55dbdb9/name HTTP/1.1
User-Agent: selenium/4.7.1 (java windows)
Cache-Control: no-cache
Content-Type: application/json; charset=utf-8
host: localhost:3475
accept: */*

Response DefaultHttpResponse(decodeResult: success, version: HTTP/1.1)
HTTP/1.1 200 OK
Content-Type: application/json; charset=utf-8
cache-control: no-cache
content-length: 16

10:04:29.135 [AsyncHttpClient-1-12] DEBUG org.asynchttpclient.netty.channel.ChannelManager - Adding key: http://localhost:3475 for channel [id: 0xaf6d19ac, L:/127.0.0.1:50268 - R:localhost/127.0.0.1:3475]
10:04:29.136 [Forwarding getElementTagName on session 0b844396b58e04175c6db013a31ddf70 to remote] DEBUG org.asynchttpclient.netty.request.NettyRequestSender - Using pooled Channel '[id: 0xaf6d19ac, L:/127.0.0.1:50268 - R:localhost/127.0.0.1:3475]' for 'GET' to 'http://localhost:3475/session/0b844396b58e04175c6db013a31ddf70/element/b3d82ae7-864e-413b-b3b6-8c0aa55dbdb9/name'
10:04:29.136 [Forwarding getElementTagName on session 0b844396b58e04175c6db013a31ddf70 to remote] DEBUG org.asynchttpclient.netty.request.NettyRequestSender - Using open Channel [id: 0xaf6d19ac, L:/127.0.0.1:50268 - R:localhost/127.0.0.1:3475] for GET '/session/0b844396b58e04175c6db013a31ddf70/element/b3d82ae7-864e-413b-b3b6-8c0aa55dbdb9/name'
10:04:29.142 [AsyncHttpClient-1-12] DEBUG org.asynchttpclient.netty.handler.HttpHandler - 

Request DefaultFullHttpRequest(decodeResult: success, version: HTTP/1.1, content: EmptyByteBufBE)
GET /session/0b844396b58e04175c6db013a31ddf70/element/b3d82ae7-864e-413b-b3b6-8c0aa55dbdb9/name HTTP/1.1
User-Agent: selenium/4.7.1 (java windows)
Cache-Control: no-cache
Content-Type: application/json; charset=utf-8
host: localhost:3475
accept: */*

Response DefaultHttpResponse(decodeResult: success, version: HTTP/1.1)
HTTP/1.1 200 OK
Content-Type: application/json; charset=utf-8
cache-control: no-cache
content-length: 16

10:04:29.142 [AsyncHttpClient-1-12] DEBUG org.asynchttpclient.netty.channel.ChannelManager - Adding key: http://localhost:3475 for channel [id: 0xaf6d19ac, L:/127.0.0.1:50268 - R:localhost/127.0.0.1:3475]
10:04:29.144 [Forwarding findElement on session 0b844396b58e04175c6db013a31ddf70 to remote] DEBUG org.asynchttpclient.netty.request.NettyRequestSender - Using pooled Channel '[id: 0xaf6d19ac, L:/127.0.0.1:50268 - R:localhost/127.0.0.1:3475]' for 'POST' to 'http://localhost:3475/session/0b844396b58e04175c6db013a31ddf70/element'
10:04:29.144 [Forwarding findElement on session 0b844396b58e04175c6db013a31ddf70 to remote] DEBUG org.asynchttpclient.netty.request.NettyRequestSender - Using open Channel [id: 0xaf6d19ac, L:/127.0.0.1:50268 - R:localhost/127.0.0.1:3475] for POST '/session/0b844396b58e04175c6db013a31ddf70/element'
10:04:29.155 [AsyncHttpClient-1-12] DEBUG org.asynchttpclient.netty.handler.HttpHandler - 

Request DefaultHttpRequest(decodeResult: success, version: HTTP/1.1)
POST /session/0b844396b58e04175c6db013a31ddf70/element HTTP/1.1
User-Agent: selenium/4.7.1 (java windows)
Content-Length: 179
Content-Type: application/json; charset=utf-8
host: localhost:3475
accept: */*

Response DefaultHttpResponse(decodeResult: success, version: HTTP/1.1)
HTTP/1.1 200 OK
Content-Type: application/json; charset=utf-8
cache-control: no-cache
content-length: 88

10:04:29.155 [AsyncHttpClient-1-12] DEBUG org.asynchttpclient.netty.channel.ChannelManager - Adding key: http://localhost:3475 for channel [id: 0xaf6d19ac, L:/127.0.0.1:50268 - R:localhost/127.0.0.1:3475]
10:04:29.157 [Forwarding clickElement on session 0b844396b58e04175c6db013a31ddf70 to remote] DEBUG org.asynchttpclient.netty.request.NettyRequestSender - Using pooled Channel '[id: 0xaf6d19ac, L:/127.0.0.1:50268 - R:localhost/127.0.0.1:3475]' for 'POST' to 'http://localhost:3475/session/0b844396b58e04175c6db013a31ddf70/element/b3d82ae7-864e-413b-b3b6-8c0aa55dbdb9/click'
10:04:29.157 [Forwarding clickElement on session 0b844396b58e04175c6db013a31ddf70 to remote] DEBUG org.asynchttpclient.netty.request.NettyRequestSender - Using open Channel [id: 0xaf6d19ac, L:/127.0.0.1:50268 - R:localhost/127.0.0.1:3475] for POST '/session/0b844396b58e04175c6db013a31ddf70/element/b3d82ae7-864e-413b-b3b6-8c0aa55dbdb9/click'
10:04:29.222 [AsyncHttpClient-1-12] DEBUG org.asynchttpclient.netty.handler.HttpHandler - 

Request DefaultHttpRequest(decodeResult: success, version: HTTP/1.1)
POST /session/0b844396b58e04175c6db013a31ddf70/element/b3d82ae7-864e-413b-b3b6-8c0aa55dbdb9/click HTTP/1.1
User-Agent: selenium/4.7.1 (java windows)
Content-Length: 50
Content-Type: application/json; charset=utf-8
host: localhost:3475
accept: */*

Response DefaultHttpResponse(decodeResult: success, version: HTTP/1.1)
HTTP/1.1 200 OK
Content-Type: application/json; charset=utf-8
cache-control: no-cache
content-length: 14

10:04:29.223 [AsyncHttpClient-1-12] DEBUG org.asynchttpclient.netty.channel.ChannelManager - Adding key: http://localhost:3475 for channel [id: 0xaf6d19ac, L:/127.0.0.1:50268 - R:localhost/127.0.0.1:3475]
10:04:29.233 [Forwarding getCurrentWindowHandle on session 0b844396b58e04175c6db013a31ddf70 to remote] DEBUG org.asynchttpclient.netty.request.NettyRequestSender - Using pooled Channel '[id: 0xaf6d19ac, L:/127.0.0.1:50268 - R:localhost/127.0.0.1:3475]' for 'GET' to 'http://localhost:3475/session/0b844396b58e04175c6db013a31ddf70/window'
10:04:29.233 [Forwarding getCurrentWindowHandle on session 0b844396b58e04175c6db013a31ddf70 to remote] DEBUG org.asynchttpclient.netty.request.NettyRequestSender - Using open Channel [id: 0xaf6d19ac, L:/127.0.0.1:50268 - R:localhost/127.0.0.1:3475] for GET '/session/0b844396b58e04175c6db013a31ddf70/window'
10:04:29.235 [AsyncHttpClient-1-12] DEBUG org.asynchttpclient.netty.handler.HttpHandler - 

Request DefaultFullHttpRequest(decodeResult: success, version: HTTP/1.1, content: EmptyByteBufBE)
GET /session/0b844396b58e04175c6db013a31ddf70/window HTTP/1.1
User-Agent: selenium/4.7.1 (java windows)
Cache-Control: no-cache
Content-Type: application/json; charset=utf-8
host: localhost:3475
accept: */*

Response DefaultHttpResponse(decodeResult: success, version: HTTP/1.1)
HTTP/1.1 200 OK
Content-Type: application/json; charset=utf-8
cache-control: no-cache
content-length: 44

10:04:29.235 [AsyncHttpClient-1-12] DEBUG org.asynchttpclient.netty.channel.ChannelManager - Adding key: http://localhost:3475 for channel [id: 0xaf6d19ac, L:/127.0.0.1:50268 - R:localhost/127.0.0.1:3475]
10:04:29.236 [Forwarding getAlertText on session 0b844396b58e04175c6db013a31ddf70 to remote] DEBUG org.asynchttpclient.netty.request.NettyRequestSender - Using pooled Channel '[id: 0xaf6d19ac, L:/127.0.0.1:50268 - R:localhost/127.0.0.1:3475]' for 'GET' to 'http://localhost:3475/session/0b844396b58e04175c6db013a31ddf70/alert/text'
10:04:29.236 [Forwarding getAlertText on session 0b844396b58e04175c6db013a31ddf70 to remote] DEBUG org.asynchttpclient.netty.request.NettyRequestSender - Using open Channel [id: 0xaf6d19ac, L:/127.0.0.1:50268 - R:localhost/127.0.0.1:3475] for GET '/session/0b844396b58e04175c6db013a31ddf70/alert/text'
10:04:29.238 [AsyncHttpClient-1-12] DEBUG org.asynchttpclient.netty.handler.HttpHandler - 

Request DefaultFullHttpRequest(decodeResult: success, version: HTTP/1.1, content: EmptyByteBufBE)
GET /session/0b844396b58e04175c6db013a31ddf70/alert/text HTTP/1.1
User-Agent: selenium/4.7.1 (java windows)
Cache-Control: no-cache
Content-Type: application/json; charset=utf-8
host: localhost:3475
accept: */*

Response DefaultHttpResponse(decodeResult: success, version: HTTP/1.1)
HTTP/1.1 404 Not Found
Content-Type: application/json; charset=utf-8
cache-control: no-cache
content-length: 821

10:04:29.238 [AsyncHttpClient-1-12] DEBUG org.asynchttpclient.netty.channel.ChannelManager - Adding key: http://localhost:3475 for channel [id: 0xaf6d19ac, L:/127.0.0.1:50268 - R:localhost/127.0.0.1:3475]
10:04:29.240 [Forwarding switchToWindow on session 0b844396b58e04175c6db013a31ddf70 to remote] DEBUG org.asynchttpclient.netty.request.NettyRequestSender - Using pooled Channel '[id: 0xaf6d19ac, L:/127.0.0.1:50268 - R:localhost/127.0.0.1:3475]' for 'POST' to 'http://localhost:3475/session/0b844396b58e04175c6db013a31ddf70/window'
10:04:29.240 [Forwarding switchToWindow on session 0b844396b58e04175c6db013a31ddf70 to remote] DEBUG org.asynchttpclient.netty.request.NettyRequestSender - Using open Channel [id: 0xaf6d19ac, L:/127.0.0.1:50268 - R:localhost/127.0.0.1:3475] for POST '/session/0b844396b58e04175c6db013a31ddf70/window'
10:04:29.244 [AsyncHttpClient-1-12] DEBUG org.asynchttpclient.netty.handler.HttpHandler - 

Request DefaultHttpRequest(decodeResult: success, version: HTTP/1.1)
POST /session/0b844396b58e04175c6db013a31ddf70/window HTTP/1.1
User-Agent: selenium/4.7.1 (java windows)
Content-Length: 50
Content-Type: application/json; charset=utf-8
host: localhost:3475
accept: */*

Response DefaultHttpResponse(decodeResult: success, version: HTTP/1.1)
HTTP/1.1 200 OK
Content-Type: application/json; charset=utf-8
cache-control: no-cache
content-length: 14

10:04:29.244 [AsyncHttpClient-1-12] DEBUG org.asynchttpclient.netty.channel.ChannelManager - Adding key: http://localhost:3475 for channel [id: 0xaf6d19ac, L:/127.0.0.1:50268 - R:localhost/127.0.0.1:3475]
10:04:29.245 [Forwarding getCurrentUrl on session 0b844396b58e04175c6db013a31ddf70 to remote] DEBUG org.asynchttpclient.netty.request.NettyRequestSender - Using pooled Channel '[id: 0xaf6d19ac, L:/127.0.0.1:50268 - R:localhost/127.0.0.1:3475]' for 'GET' to 'http://localhost:3475/session/0b844396b58e04175c6db013a31ddf70/url'
10:04:29.245 [Forwarding getCurrentUrl on session 0b844396b58e04175c6db013a31ddf70 to remote] DEBUG org.asynchttpclient.netty.request.NettyRequestSender - Using open Channel [id: 0xaf6d19ac, L:/127.0.0.1:50268 - R:localhost/127.0.0.1:3475] for GET '/session/0b844396b58e04175c6db013a31ddf70/url'
10:04:29.251 [AsyncHttpClient-1-12] DEBUG org.asynchttpclient.netty.handler.HttpHandler - 

Request DefaultFullHttpRequest(decodeResult: success, version: HTTP/1.1, content: EmptyByteBufBE)
GET /session/0b844396b58e04175c6db013a31ddf70/url HTTP/1.1
User-Agent: selenium/4.7.1 (java windows)
Cache-Control: no-cache
Content-Type: application/json; charset=utf-8
host: localhost:3475
accept: */*

Response DefaultHttpResponse(decodeResult: success, version: HTTP/1.1)
HTTP/1.1 200 OK
Content-Type: application/json; charset=utf-8
cache-control: no-cache
content-length: 46

10:04:29.251 [AsyncHttpClient-1-12] DEBUG org.asynchttpclient.netty.channel.ChannelManager - Adding key: http://localhost:3475 for channel [id: 0xaf6d19ac, L:/127.0.0.1:50268 - R:localhost/127.0.0.1:3475]
10:04:29.252 [Forwarding screenshot on session 0b844396b58e04175c6db013a31ddf70 to remote] DEBUG org.asynchttpclient.netty.request.NettyRequestSender - Using pooled Channel '[id: 0xaf6d19ac, L:/127.0.0.1:50268 - R:localhost/127.0.0.1:3475]' for 'GET' to 'http://localhost:3475/session/0b844396b58e04175c6db013a31ddf70/screenshot'
10:04:29.252 [Forwarding screenshot on session 0b844396b58e04175c6db013a31ddf70 to remote] DEBUG org.asynchttpclient.netty.request.NettyRequestSender - Using open Channel [id: 0xaf6d19ac, L:/127.0.0.1:50268 - R:localhost/127.0.0.1:3475] for GET '/session/0b844396b58e04175c6db013a31ddf70/screenshot'
10:04:29.371 [AsyncHttpClient-1-1] DEBUG org.asynchttpclient.netty.channel.DefaultChannelPool - Entry count for : http://localhost:50269 : 1
10:04:29.397 [AsyncHttpClient-1-12] DEBUG org.asynchttpclient.netty.handler.HttpHandler - 

Request DefaultFullHttpRequest(decodeResult: success, version: HTTP/1.1, content: EmptyByteBufBE)
GET /session/0b844396b58e04175c6db013a31ddf70/screenshot HTTP/1.1
User-Agent: selenium/4.7.1 (java windows)
Cache-Control: no-cache
Content-Type: application/json; charset=utf-8
host: localhost:3475
accept: */*

Response DefaultHttpResponse(decodeResult: success, version: HTTP/1.1)
HTTP/1.1 200 OK
Content-Type: application/json; charset=utf-8
cache-control: no-cache
content-length: 30884

10:04:29.398 [AsyncHttpClient-1-12] DEBUG org.asynchttpclient.netty.channel.ChannelManager - Adding key: http://localhost:3475 for channel [id: 0xaf6d19ac, L:/127.0.0.1:50268 - R:localhost/127.0.0.1:3475]
10:04:29.399 [main] DEBUG net.serenitybdd.core.photography.Darkroom - Send negative for processing for target\site\serenity\0797f6e7d4d3ad7fa6684d08e7a93e28ebc8e9c862eef892919c1f2d5c09c57b.png
10:04:29.399 [main] DEBUG net.thucydides.core.steps.StepInterceptor - STEP DONE: klikTombolTambah
10:04:29.400 [Darkroom Processing Line] DEBUG net.serenitybdd.core.photography.DarkroomProcessingLine - Processing screenshot image in /var/screenshots/screenshot-11189737494379343423
  &amp#27;[32mThen &amp#27;[0m&amp#27;[32muser klik tombol tambah&amp#27;[0m                                            &amp#27;[90m# starter.stepdefinitions.TransaksiSteps.userKlikTombolTambah()&amp#27;[0m
10:04:29.400 [Darkroom Processing Line] DEBUG net.serenitybdd.core.photography.DarkroomProcessingLine - Saving screenshot to target\site\serenity\0797f6e7d4d3ad7fa6684d08e7a93e28ebc8e9c862eef892919c1f2d5c09c57b.png
10:04:29.407 [main] INFO  - 
  _____   ___   ___   _____     ___     _     ___   ___   ___   ___  
 |_   _| | __| / __| |_   _|   | _ \   /_\   / __| / __| | __| |   \ 
   | |   | _|  \__ \   | |     |  _/  / _ \  \__ \ \__ \ | _|  | |) |
   |_|   |___| |___/   |_|     |_|   /_/ \_\ |___/ |___/ |___| |___/ 

user bisa Mengubah Jumlah Produk pada Keranjang Belanja
----------------------------------------------------------------------
10:04:29.410 [AsyncHttpClient-1-14] DEBUG org.asynchttpclient.netty.handler.WebSocketHandler - Channel Closed: [id: 0x6b99bae4, L:/127.0.0.1:50276 ! R:localhost/127.0.0.1:50269] with attribute NettyResponseFuture{currentRetry=0,
	isDone=1,
	isCancelled=0,
	asyncHandler=org.asynchttpclient.ws.WebSocketUpgradeHandler@f087897,
	nettyRequest=org.asynchttpclient.netty.request.NettyRequest@5eae56cb,
	future=java.util.concurrent.CompletableFuture@4ae16cf8[Completed normally],
	uri=ws://localhost:50269/devtools/browser/dc41d41f-9974-4e96-aa83-2ce9878c878a,
	keepAlive=true,
	redirectCount=0,
	timeoutsHolder=null,
	inAuth=0,
	touch=1683515058126}
10:04:29.410 [AsyncHttpClient-1-14] DEBUG org.asynchttpclient.netty.channel.ChannelManager - Closing Channel [id: 0x6b99bae4, L:/127.0.0.1:50276 ! R:localhost/127.0.0.1:50269] 
10:04:29.410 [Driver Command Executor] DEBUG org.asynchttpclient.netty.request.NettyRequestSender - Using pooled Channel '[id: 0xaf6d19ac, L:/127.0.0.1:50268 - R:localhost/127.0.0.1:3475]' for 'DELETE' to 'http://localhost:3475/session/0b844396b58e04175c6db013a31ddf70'
10:04:29.410 [Driver Command Executor] DEBUG org.asynchttpclient.netty.request.NettyRequestSender - Using open Channel [id: 0xaf6d19ac, L:/127.0.0.1:50268 - R:localhost/127.0.0.1:3475] for DELETE '/session/0b844396b58e04175c6db013a31ddf70'
10:04:29.504 [AsyncHttpClient-1-13] DEBUG org.asynchttpclient.netty.handler.HttpHandler - Unexpected I/O exception on channel [id: 0x7442020f, L:/127.0.0.1:50275 - R:localhost/127.0.0.1:50269]
java.net.SocketException: Connection reset
	at java.base/sun.nio.ch.SocketChannelImpl.throwConnectionReset(SocketChannelImpl.java:401)
	at java.base/sun.nio.ch.SocketChannelImpl.read(SocketChannelImpl.java:434)
	at io.netty.buffer.PooledByteBuf.setBytes(PooledByteBuf.java:259)
	at io.netty.buffer.AbstractByteBuf.writeBytes(AbstractByteBuf.java:1132)
	at io.netty.channel.socket.nio.NioSocketChannel.doReadBytes(NioSocketChannel.java:357)
	at io.netty.channel.nio.AbstractNioByteChannel$NioByteUnsafe.read(AbstractNioByteChannel.java:151)
	at io.netty.channel.nio.NioEventLoop.processSelectedKey(NioEventLoop.java:788)
	at io.netty.channel.nio.NioEventLoop.processSelectedKeysOptimized(NioEventLoop.java:724)
	at io.netty.channel.nio.NioEventLoop.processSelectedKeys(NioEventLoop.java:650)
	at io.netty.channel.nio.NioEventLoop.run(NioEventLoop.java:562)
	at io.netty.util.concurrent.SingleThreadEventExecutor$4.run(SingleThreadEventExecutor.java:997)
	at io.netty.util.internal.ThreadExecutorMap$2.run(ThreadExecutorMap.java:74)
	at io.netty.util.concurrent.FastThreadLocalRunnable.run(FastThreadLocalRunnable.java:30)
	at java.base/java.lang.Thread.run(Thread.java:1589)
10:04:29.505 [AsyncHttpClient-1-13] DEBUG org.asynchttpclient.netty.channel.ChannelManager - Closing Channel [id: 0x7442020f, L:/127.0.0.1:50275 - R:localhost/127.0.0.1:50269] 
10:04:29.505 [AsyncHttpClient-1-13] DEBUG org.asynchttpclient.netty.handler.HttpHandler - Channel Closed: [id: 0x7442020f, L:/127.0.0.1:50275 ! R:localhost/127.0.0.1:50269] with attribute DISCARD
10:04:29.540 [AsyncHttpClient-1-12] DEBUG org.asynchttpclient.netty.handler.HttpHandler - 

Request DefaultFullHttpRequest(decodeResult: success, version: HTTP/1.1, content: EmptyByteBufBE)
DELETE /session/0b844396b58e04175c6db013a31ddf70 HTTP/1.1
User-Agent: selenium/4.7.1 (java windows)
Content-Type: application/json; charset=utf-8
host: localhost:3475
accept: */*

Response DefaultHttpResponse(decodeResult: success, version: HTTP/1.1)
HTTP/1.1 200 OK
Content-Type: application/json; charset=utf-8
cache-control: no-cache
content-length: 14

10:04:29.540 [AsyncHttpClient-1-12] DEBUG org.asynchttpclient.netty.channel.ChannelManager - Adding key: http://localhost:3475 for channel [id: 0xaf6d19ac, L:/127.0.0.1:50268 - R:localhost/127.0.0.1:3475]
10:04:29.626 [AsyncHttpClient-1-12] DEBUG org.asynchttpclient.netty.handler.HttpHandler - Channel Closed: [id: 0xaf6d19ac, L:/127.0.0.1:50268 ! R:localhost/127.0.0.1:3475] with attribute DISCARD
]]></system-out>
    <system-err><![CDATA[Starting ChromeDriver 112.0.5615.49 (bd2a7bcb881c11e8cfe3078709382934e3916914-refs/branch-heads/5615@{#936}) on port 3475
Only local connections are allowed.
Please see https://chromedriver.chromium.org/security-considerations for suggestions on keeping ChromeDriver safe.
ChromeDriver was started successfully.
May 08, 2023 10:04:18 AM org.openqa.selenium.devtools.CdpVersionFinder findNearestMatch
WARNING: Unable to find an exact match for CDP version 112, so returning the closest version found: 108
]]></system-err>
  </testcase>
  <testcase name="user bisa menghapus produk dari keranjang belanja" classname="Transaksi" time="14.178">
    <system-out><![CDATA[
@AS19-positive
Scenario: user bisa menghapus produk dari keranjang belanja               &amp#27;[90m# src/test/resources/features/3. Transaksi.feature:36&amp#27;[0m
10:04:29.721 [main] INFO io.cucumber.core.plugin.SerenityReporter - Running feature from file:///C:/Users/HP/Downloads/Mini-Project-QA/ALTASHOP%20WEB%20AUTOMATION/src/test/resources/features/3.%20Transaksi.feature
10:04:29.728 [main] INFO  - 
  _____   ___   ___   _____     ___   _____     _     ___   _____   ___   ___  
 |_   _| | __| / __| |_   _|   / __| |_   _|   /_\   | _ \ |_   _| | __| |   \ 
   | |   | _|  \__ \   | |     \__ \   | |    / _ \  |   /   | |   | _|  | |) |
   |_|   |___| |___/   |_|     |___/   |_|   /_/ \_\ |_|_\   |_|   |___| |___/ 

user bisa menghapus produk dari keranjang belanja(transaksi;user-bisa-menghapus-produk-dari-keranjang-belanja)
--------------------------------------------------------------------------------
10:04:29.762 [main] DEBUG net.thucydides.core.steps.StepInterceptor - STARTING STEP: TransaksiSteps.userBeradaDiHomepageAltaShopDanLoginAkun - diHomepageAltaShop
10:04:29.844 [main] INFO net.serenitybdd.core.webdriver.driverproviders.ChromeDriverProvider - Starting Chrome driver instance with capabilities:
10:04:29.844 [main] INFO net.serenitybdd.core.webdriver.driverproviders.ChromeDriverProvider - Capabilities {acceptInsecureCerts: true, browserName: chrome, goog:chromeOptions: {args: [remote-allow-origins=*, test-type, no-sandbox, ignore-certificate-errors, start-maximized, incognito, disable-infobars, disable-gpu, disable-default-apps, disable-popup-blocking, remote-allow-origins=*, test-type, no-sandbox, ignore-certificate-errors, start-maximized, incognito, disable-infobars, disable-gpu, disable-default-apps, disable-popup-blocking], extensions: []}}
10:04:30.016 [AsyncHttpClient-1-15] DEBUG org.asynchttpclient.netty.channel.NettyConnectListener - Using new Channel '[id: 0xf6aa35bc, L:/127.0.0.1:50296 - R:localhost/127.0.0.1:39095]' for 'POST' to '/session'
10:04:30.474 [AsyncHttpClient-1-1] DEBUG org.asynchttpclient.netty.channel.DefaultChannelPool - Entry count for : http://localhost:3475 : 1
10:04:30.474 [AsyncHttpClient-1-1] DEBUG org.asynchttpclient.netty.channel.DefaultChannelPool - Entry count for : http://localhost:50269 : 1
10:04:30.474 [AsyncHttpClient-1-1] DEBUG org.asynchttpclient.netty.channel.DefaultChannelPool - Adding Candidate expired Channel [id: 0xaf6d19ac, L:/127.0.0.1:50268 ! R:localhost/127.0.0.1:3475] isIdleTimeoutExpired=false isRemotelyClosed=true isTtlExpired=false
10:04:30.474 [AsyncHttpClient-1-1] DEBUG org.asynchttpclient.netty.channel.DefaultChannelPool - Closing Idle Channel [id: 0xaf6d19ac, L:/127.0.0.1:50268 ! R:localhost/127.0.0.1:3475]
10:04:30.474 [AsyncHttpClient-1-1] DEBUG org.asynchttpclient.netty.channel.DefaultChannelPool - Adding Candidate expired Channel [id: 0x7442020f, L:/127.0.0.1:50275 ! R:localhost/127.0.0.1:50269] isIdleTimeoutExpired=false isRemotelyClosed=true isTtlExpired=false
10:04:30.474 [AsyncHttpClient-1-1] DEBUG org.asynchttpclient.netty.channel.DefaultChannelPool - Closing Idle Channel [id: 0x7442020f, L:/127.0.0.1:50275 ! R:localhost/127.0.0.1:50269]
10:04:30.475 [AsyncHttpClient-1-1] DEBUG org.asynchttpclient.netty.channel.DefaultChannelPool - Closed 2 connections out of 2 in 1 ms
10:04:32.478 [AsyncHttpClient-1-15] DEBUG org.asynchttpclient.netty.handler.HttpHandler - 

Request DefaultHttpRequest(decodeResult: success, version: HTTP/1.1)
POST /session HTTP/1.1
User-Agent: selenium/4.7.1 (java windows)
Content-Length: 1629
Content-Type: application/json; charset=utf-8
host: localhost:39095
accept: */*

Response DefaultHttpResponse(decodeResult: success, version: HTTP/1.1)
HTTP/1.1 200 OK
Content-Type: application/json; charset=utf-8
cache-control: no-cache
content-length: 854

10:04:32.478 [AsyncHttpClient-1-15] DEBUG org.asynchttpclient.netty.channel.ChannelManager - Adding key: http://localhost:39095 for channel [id: 0xf6aa35bc, L:/127.0.0.1:50296 - R:localhost/127.0.0.1:39095]
10:04:32.490 [AsyncHttpClient-1-16] DEBUG org.asynchttpclient.netty.channel.NettyConnectListener - Using new Channel '[id: 0xc242efd6, L:/127.0.0.1:50304 - R:localhost/127.0.0.1:50297]' for 'GET' to '/json/version'
10:04:32.491 [AsyncHttpClient-1-16] DEBUG org.asynchttpclient.netty.handler.HttpHandler - 

Request DefaultFullHttpRequest(decodeResult: success, version: HTTP/1.1, content: EmptyByteBufBE)
GET /json/version HTTP/1.1
User-Agent: selenium/4.7.1 (java windows)
host: localhost:50297
accept: */*

Response DefaultHttpResponse(decodeResult: success, version: HTTP/1.1)
HTTP/1.1 200 OK
Content-Security-Policy: frame-ancestors 'none'
Content-Type: application/json; charset=UTF-8
content-length: 424

10:04:32.492 [AsyncHttpClient-1-16] DEBUG org.asynchttpclient.netty.channel.ChannelManager - Adding key: http://localhost:50297 for channel [id: 0xc242efd6, L:/127.0.0.1:50304 - R:localhost/127.0.0.1:50297]
10:04:32.495 [AsyncHttpClient-1-17] DEBUG org.asynchttpclient.netty.channel.NettyConnectListener - Using new Channel '[id: 0xcfe62c15, L:/127.0.0.1:50305 - R:localhost/127.0.0.1:50297]' for 'GET' to '/devtools/browser/3b08291e-71e8-4267-9c2c-23253af537b3'
10:04:32.497 [AsyncHttpClient-1-17] DEBUG org.asynchttpclient.netty.handler.WebSocketHandler - 

Request DefaultFullHttpRequest(decodeResult: success, version: HTTP/1.1, content: EmptyByteBufBE)
GET /devtools/browser/3b08291e-71e8-4267-9c2c-23253af537b3 HTTP/1.1
upgrade: websocket
connection: upgrade
sec-websocket-key: CZexJR1DpXgVIXf3N5GtGg==
sec-websocket-version: 13
origin: http://localhost:50297
host: localhost:50297
accept: */*
user-agent: AHC/2.1

Response DefaultHttpResponse(decodeResult: success, version: HTTP/1.1)
HTTP/1.1 101 WebSocket Protocol Handshake
Upgrade: WebSocket
Connection: Upgrade
Sec-WebSocket-Accept: /oSCINFb3+LZOYjG6dsvbAlHHKE=

10:04:32.506 [Forwarding get on session 8629b2d1410acfede81c49d4d581eea4 to remote] DEBUG org.asynchttpclient.netty.request.NettyRequestSender - Using pooled Channel '[id: 0xf6aa35bc, L:/127.0.0.1:50296 - R:localhost/127.0.0.1:39095]' for 'POST' to 'http://localhost:39095/session/8629b2d1410acfede81c49d4d581eea4/url'
10:04:32.506 [Forwarding get on session 8629b2d1410acfede81c49d4d581eea4 to remote] DEBUG org.asynchttpclient.netty.request.NettyRequestSender - Using open Channel [id: 0xf6aa35bc, L:/127.0.0.1:50296 - R:localhost/127.0.0.1:39095] for POST '/session/8629b2d1410acfede81c49d4d581eea4/url'
10:04:32.674 [AsyncHttpClient-1-1] DEBUG org.asynchttpclient.netty.channel.DefaultChannelPool - Entry count for : http://localhost:50297 : 1
10:04:33.573 [AsyncHttpClient-1-15] DEBUG org.asynchttpclient.netty.handler.HttpHandler - 

Request DefaultHttpRequest(decodeResult: success, version: HTTP/1.1)
POST /session/8629b2d1410acfede81c49d4d581eea4/url HTTP/1.1
User-Agent: selenium/4.7.1 (java windows)
Content-Length: 59
Content-Type: application/json; charset=utf-8
host: localhost:39095
accept: */*

Response DefaultHttpResponse(decodeResult: success, version: HTTP/1.1)
HTTP/1.1 200 OK
Content-Type: application/json; charset=utf-8
cache-control: no-cache
content-length: 14

10:04:33.573 [AsyncHttpClient-1-15] DEBUG org.asynchttpclient.netty.channel.ChannelManager - Adding key: http://localhost:39095 for channel [id: 0xf6aa35bc, L:/127.0.0.1:50296 - R:localhost/127.0.0.1:39095]
10:04:33.577 [Forwarding setTimeout on session 8629b2d1410acfede81c49d4d581eea4 to remote] DEBUG org.asynchttpclient.netty.request.NettyRequestSender - Using pooled Channel '[id: 0xf6aa35bc, L:/127.0.0.1:50296 - R:localhost/127.0.0.1:39095]' for 'POST' to 'http://localhost:39095/session/8629b2d1410acfede81c49d4d581eea4/timeouts'
10:04:33.577 [Forwarding setTimeout on session 8629b2d1410acfede81c49d4d581eea4 to remote] DEBUG org.asynchttpclient.netty.request.NettyRequestSender - Using open Channel [id: 0xf6aa35bc, L:/127.0.0.1:50296 - R:localhost/127.0.0.1:39095] for POST '/session/8629b2d1410acfede81c49d4d581eea4/timeouts'
10:04:33.584 [AsyncHttpClient-1-15] DEBUG org.asynchttpclient.netty.handler.HttpHandler - 

Request DefaultHttpRequest(decodeResult: success, version: HTTP/1.1)
POST /session/8629b2d1410acfede81c49d4d581eea4/timeouts HTTP/1.1
User-Agent: selenium/4.7.1 (java windows)
Content-Length: 22
Content-Type: application/json; charset=utf-8
host: localhost:39095
accept: */*

Response DefaultHttpResponse(decodeResult: success, version: HTTP/1.1)
HTTP/1.1 200 OK
Content-Type: application/json; charset=utf-8
cache-control: no-cache
content-length: 14

10:04:33.585 [AsyncHttpClient-1-15] DEBUG org.asynchttpclient.netty.channel.ChannelManager - Adding key: http://localhost:39095 for channel [id: 0xf6aa35bc, L:/127.0.0.1:50296 - R:localhost/127.0.0.1:39095]
10:04:33.596 [Forwarding getCurrentUrl on session 8629b2d1410acfede81c49d4d581eea4 to remote] DEBUG org.asynchttpclient.netty.request.NettyRequestSender - Using pooled Channel '[id: 0xf6aa35bc, L:/127.0.0.1:50296 - R:localhost/127.0.0.1:39095]' for 'GET' to 'http://localhost:39095/session/8629b2d1410acfede81c49d4d581eea4/url'
10:04:33.597 [Forwarding getCurrentUrl on session 8629b2d1410acfede81c49d4d581eea4 to remote] DEBUG org.asynchttpclient.netty.request.NettyRequestSender - Using open Channel [id: 0xf6aa35bc, L:/127.0.0.1:50296 - R:localhost/127.0.0.1:39095] for GET '/session/8629b2d1410acfede81c49d4d581eea4/url'
10:04:33.765 [AsyncHttpClient-1-1] DEBUG org.asynchttpclient.netty.channel.DefaultChannelPool - Entry count for : http://localhost:50297 : 1
10:04:34.871 [AsyncHttpClient-1-1] DEBUG org.asynchttpclient.netty.channel.DefaultChannelPool - Entry count for : http://localhost:50297 : 1
10:04:35.960 [AsyncHttpClient-1-15] DEBUG org.asynchttpclient.netty.handler.HttpHandler - 

Request DefaultFullHttpRequest(decodeResult: success, version: HTTP/1.1, content: EmptyByteBufBE)
GET /session/8629b2d1410acfede81c49d4d581eea4/url HTTP/1.1
User-Agent: selenium/4.7.1 (java windows)
Cache-Control: no-cache
Content-Type: application/json; charset=utf-8
host: localhost:39095
accept: */*

Response DefaultHttpResponse(decodeResult: success, version: HTTP/1.1)
HTTP/1.1 200 OK
Content-Type: application/json; charset=utf-8
cache-control: no-cache
content-length: 41

10:04:35.960 [AsyncHttpClient-1-15] DEBUG org.asynchttpclient.netty.channel.ChannelManager - Adding key: http://localhost:39095 for channel [id: 0xf6aa35bc, L:/127.0.0.1:50296 - R:localhost/127.0.0.1:39095]
10:04:35.963 [Forwarding getCurrentUrl on session 8629b2d1410acfede81c49d4d581eea4 to remote] DEBUG org.asynchttpclient.netty.request.NettyRequestSender - Using pooled Channel '[id: 0xf6aa35bc, L:/127.0.0.1:50296 - R:localhost/127.0.0.1:39095]' for 'GET' to 'http://localhost:39095/session/8629b2d1410acfede81c49d4d581eea4/url'
10:04:35.963 [Forwarding getCurrentUrl on session 8629b2d1410acfede81c49d4d581eea4 to remote] DEBUG org.asynchttpclient.netty.request.NettyRequestSender - Using open Channel [id: 0xf6aa35bc, L:/127.0.0.1:50296 - R:localhost/127.0.0.1:39095] for GET '/session/8629b2d1410acfede81c49d4d581eea4/url'
10:04:35.964 [AsyncHttpClient-1-1] DEBUG org.asynchttpclient.netty.channel.DefaultChannelPool - Entry count for : http://localhost:50297 : 1
10:04:35.970 [AsyncHttpClient-1-15] DEBUG org.asynchttpclient.netty.handler.HttpHandler - 

Request DefaultFullHttpRequest(decodeResult: success, version: HTTP/1.1, content: EmptyByteBufBE)
GET /session/8629b2d1410acfede81c49d4d581eea4/url HTTP/1.1
User-Agent: selenium/4.7.1 (java windows)
Cache-Control: no-cache
Content-Type: application/json; charset=utf-8
host: localhost:39095
accept: */*

Response DefaultHttpResponse(decodeResult: success, version: HTTP/1.1)
HTTP/1.1 200 OK
Content-Type: application/json; charset=utf-8
cache-control: no-cache
content-length: 41

10:04:35.970 [AsyncHttpClient-1-15] DEBUG org.asynchttpclient.netty.channel.ChannelManager - Adding key: http://localhost:39095 for channel [id: 0xf6aa35bc, L:/127.0.0.1:50296 - R:localhost/127.0.0.1:39095]
10:04:35.973 [Forwarding findElement on session 8629b2d1410acfede81c49d4d581eea4 to remote] DEBUG org.asynchttpclient.netty.request.NettyRequestSender - Using pooled Channel '[id: 0xf6aa35bc, L:/127.0.0.1:50296 - R:localhost/127.0.0.1:39095]' for 'POST' to 'http://localhost:39095/session/8629b2d1410acfede81c49d4d581eea4/element'
10:04:35.973 [Forwarding findElement on session 8629b2d1410acfede81c49d4d581eea4 to remote] DEBUG org.asynchttpclient.netty.request.NettyRequestSender - Using open Channel [id: 0xf6aa35bc, L:/127.0.0.1:50296 - R:localhost/127.0.0.1:39095] for POST '/session/8629b2d1410acfede81c49d4d581eea4/element'
10:04:36.000 [AsyncHttpClient-1-15] DEBUG org.asynchttpclient.netty.handler.HttpHandler - 

Request DefaultHttpRequest(decodeResult: success, version: HTTP/1.1)
POST /session/8629b2d1410acfede81c49d4d581eea4/element HTTP/1.1
User-Agent: selenium/4.7.1 (java windows)
Content-Length: 108
Content-Type: application/json; charset=utf-8
host: localhost:39095
accept: */*

Response DefaultHttpResponse(decodeResult: success, version: HTTP/1.1)
HTTP/1.1 200 OK
Content-Type: application/json; charset=utf-8
cache-control: no-cache
content-length: 88

10:04:36.000 [AsyncHttpClient-1-15] DEBUG org.asynchttpclient.netty.channel.ChannelManager - Adding key: http://localhost:39095 for channel [id: 0xf6aa35bc, L:/127.0.0.1:50296 - R:localhost/127.0.0.1:39095]
10:04:36.004 [Forwarding isElementDisplayed on session 8629b2d1410acfede81c49d4d581eea4 to remote] DEBUG org.asynchttpclient.netty.request.NettyRequestSender - Using pooled Channel '[id: 0xf6aa35bc, L:/127.0.0.1:50296 - R:localhost/127.0.0.1:39095]' for 'POST' to 'http://localhost:39095/session/8629b2d1410acfede81c49d4d581eea4/execute/sync'
10:04:36.004 [Forwarding isElementDisplayed on session 8629b2d1410acfede81c49d4d581eea4 to remote] DEBUG org.asynchttpclient.netty.request.NettyRequestSender - Using open Channel [id: 0xf6aa35bc, L:/127.0.0.1:50296 - R:localhost/127.0.0.1:39095] for POST '/session/8629b2d1410acfede81c49d4d581eea4/execute/sync'
10:04:36.022 [AsyncHttpClient-1-15] DEBUG org.asynchttpclient.netty.handler.HttpHandler - 

Request DefaultHttpRequest(decodeResult: success, version: HTTP/1.1)
POST /session/8629b2d1410acfede81c49d4d581eea4/execute/sync HTTP/1.1
User-Agent: selenium/4.7.1 (java windows)
Content-Length: 48780
Content-Type: application/json; charset=utf-8
host: localhost:39095
accept: */*

Response DefaultHttpResponse(decodeResult: success, version: HTTP/1.1)
HTTP/1.1 200 OK
Content-Type: application/json; charset=utf-8
cache-control: no-cache
content-length: 14

10:04:36.023 [AsyncHttpClient-1-15] DEBUG org.asynchttpclient.netty.channel.ChannelManager - Adding key: http://localhost:39095 for channel [id: 0xf6aa35bc, L:/127.0.0.1:50296 - R:localhost/127.0.0.1:39095]
10:04:36.026 [Forwarding isElementDisplayed on session 8629b2d1410acfede81c49d4d581eea4 to remote] DEBUG org.asynchttpclient.netty.request.NettyRequestSender - Using pooled Channel '[id: 0xf6aa35bc, L:/127.0.0.1:50296 - R:localhost/127.0.0.1:39095]' for 'POST' to 'http://localhost:39095/session/8629b2d1410acfede81c49d4d581eea4/execute/sync'
10:04:36.026 [Forwarding isElementDisplayed on session 8629b2d1410acfede81c49d4d581eea4 to remote] DEBUG org.asynchttpclient.netty.request.NettyRequestSender - Using open Channel [id: 0xf6aa35bc, L:/127.0.0.1:50296 - R:localhost/127.0.0.1:39095] for POST '/session/8629b2d1410acfede81c49d4d581eea4/execute/sync'
10:04:36.044 [AsyncHttpClient-1-15] DEBUG org.asynchttpclient.netty.handler.HttpHandler - 

Request DefaultHttpRequest(decodeResult: success, version: HTTP/1.1)
POST /session/8629b2d1410acfede81c49d4d581eea4/execute/sync HTTP/1.1
User-Agent: selenium/4.7.1 (java windows)
Content-Length: 48780
Content-Type: application/json; charset=utf-8
host: localhost:39095
accept: */*

Response DefaultHttpResponse(decodeResult: success, version: HTTP/1.1)
HTTP/1.1 200 OK
Content-Type: application/json; charset=utf-8
cache-control: no-cache
content-length: 14

10:04:36.044 [AsyncHttpClient-1-15] DEBUG org.asynchttpclient.netty.channel.ChannelManager - Adding key: http://localhost:39095 for channel [id: 0xf6aa35bc, L:/127.0.0.1:50296 - R:localhost/127.0.0.1:39095]
10:04:36.050 [Forwarding getCurrentWindowHandle on session 8629b2d1410acfede81c49d4d581eea4 to remote] DEBUG org.asynchttpclient.netty.request.NettyRequestSender - Using pooled Channel '[id: 0xf6aa35bc, L:/127.0.0.1:50296 - R:localhost/127.0.0.1:39095]' for 'GET' to 'http://localhost:39095/session/8629b2d1410acfede81c49d4d581eea4/window'
10:04:36.050 [Forwarding getCurrentWindowHandle on session 8629b2d1410acfede81c49d4d581eea4 to remote] DEBUG org.asynchttpclient.netty.request.NettyRequestSender - Using open Channel [id: 0xf6aa35bc, L:/127.0.0.1:50296 - R:localhost/127.0.0.1:39095] for GET '/session/8629b2d1410acfede81c49d4d581eea4/window'
10:04:36.051 [AsyncHttpClient-1-15] DEBUG org.asynchttpclient.netty.handler.HttpHandler - 

Request DefaultFullHttpRequest(decodeResult: success, version: HTTP/1.1, content: EmptyByteBufBE)
GET /session/8629b2d1410acfede81c49d4d581eea4/window HTTP/1.1
User-Agent: selenium/4.7.1 (java windows)
Cache-Control: no-cache
Content-Type: application/json; charset=utf-8
host: localhost:39095
accept: */*

Response DefaultHttpResponse(decodeResult: success, version: HTTP/1.1)
HTTP/1.1 200 OK
Content-Type: application/json; charset=utf-8
cache-control: no-cache
content-length: 44

10:04:36.051 [AsyncHttpClient-1-15] DEBUG org.asynchttpclient.netty.channel.ChannelManager - Adding key: http://localhost:39095 for channel [id: 0xf6aa35bc, L:/127.0.0.1:50296 - R:localhost/127.0.0.1:39095]
10:04:36.053 [Forwarding getAlertText on session 8629b2d1410acfede81c49d4d581eea4 to remote] DEBUG org.asynchttpclient.netty.request.NettyRequestSender - Using pooled Channel '[id: 0xf6aa35bc, L:/127.0.0.1:50296 - R:localhost/127.0.0.1:39095]' for 'GET' to 'http://localhost:39095/session/8629b2d1410acfede81c49d4d581eea4/alert/text'
10:04:36.053 [Forwarding getAlertText on session 8629b2d1410acfede81c49d4d581eea4 to remote] DEBUG org.asynchttpclient.netty.request.NettyRequestSender - Using open Channel [id: 0xf6aa35bc, L:/127.0.0.1:50296 - R:localhost/127.0.0.1:39095] for GET '/session/8629b2d1410acfede81c49d4d581eea4/alert/text'
10:04:36.055 [AsyncHttpClient-1-15] DEBUG org.asynchttpclient.netty.handler.HttpHandler - 

Request DefaultFullHttpRequest(decodeResult: success, version: HTTP/1.1, content: EmptyByteBufBE)
GET /session/8629b2d1410acfede81c49d4d581eea4/alert/text HTTP/1.1
User-Agent: selenium/4.7.1 (java windows)
Cache-Control: no-cache
Content-Type: application/json; charset=utf-8
host: localhost:39095
accept: */*

Response DefaultHttpResponse(decodeResult: success, version: HTTP/1.1)
HTTP/1.1 404 Not Found
Content-Type: application/json; charset=utf-8
cache-control: no-cache
content-length: 821

10:04:36.055 [AsyncHttpClient-1-15] DEBUG org.asynchttpclient.netty.channel.ChannelManager - Adding key: http://localhost:39095 for channel [id: 0xf6aa35bc, L:/127.0.0.1:50296 - R:localhost/127.0.0.1:39095]
10:04:36.057 [Forwarding switchToWindow on session 8629b2d1410acfede81c49d4d581eea4 to remote] DEBUG org.asynchttpclient.netty.request.NettyRequestSender - Using pooled Channel '[id: 0xf6aa35bc, L:/127.0.0.1:50296 - R:localhost/127.0.0.1:39095]' for 'POST' to 'http://localhost:39095/session/8629b2d1410acfede81c49d4d581eea4/window'
10:04:36.058 [Forwarding switchToWindow on session 8629b2d1410acfede81c49d4d581eea4 to remote] DEBUG org.asynchttpclient.netty.request.NettyRequestSender - Using open Channel [id: 0xf6aa35bc, L:/127.0.0.1:50296 - R:localhost/127.0.0.1:39095] for POST '/session/8629b2d1410acfede81c49d4d581eea4/window'
10:04:36.062 [AsyncHttpClient-1-15] DEBUG org.asynchttpclient.netty.handler.HttpHandler - 

Request DefaultHttpRequest(decodeResult: success, version: HTTP/1.1)
POST /session/8629b2d1410acfede81c49d4d581eea4/window HTTP/1.1
User-Agent: selenium/4.7.1 (java windows)
Content-Length: 50
Content-Type: application/json; charset=utf-8
host: localhost:39095
accept: */*

Response DefaultHttpResponse(decodeResult: success, version: HTTP/1.1)
HTTP/1.1 200 OK
Content-Type: application/json; charset=utf-8
cache-control: no-cache
content-length: 14

10:04:36.062 [AsyncHttpClient-1-15] DEBUG org.asynchttpclient.netty.channel.ChannelManager - Adding key: http://localhost:39095 for channel [id: 0xf6aa35bc, L:/127.0.0.1:50296 - R:localhost/127.0.0.1:39095]
10:04:36.063 [Forwarding getCurrentUrl on session 8629b2d1410acfede81c49d4d581eea4 to remote] DEBUG org.asynchttpclient.netty.request.NettyRequestSender - Using pooled Channel '[id: 0xf6aa35bc, L:/127.0.0.1:50296 - R:localhost/127.0.0.1:39095]' for 'GET' to 'http://localhost:39095/session/8629b2d1410acfede81c49d4d581eea4/url'
10:04:36.063 [Forwarding getCurrentUrl on session 8629b2d1410acfede81c49d4d581eea4 to remote] DEBUG org.asynchttpclient.netty.request.NettyRequestSender - Using open Channel [id: 0xf6aa35bc, L:/127.0.0.1:50296 - R:localhost/127.0.0.1:39095] for GET '/session/8629b2d1410acfede81c49d4d581eea4/url'
10:04:36.069 [AsyncHttpClient-1-15] DEBUG org.asynchttpclient.netty.handler.HttpHandler - 

Request DefaultFullHttpRequest(decodeResult: success, version: HTTP/1.1, content: EmptyByteBufBE)
GET /session/8629b2d1410acfede81c49d4d581eea4/url HTTP/1.1
User-Agent: selenium/4.7.1 (java windows)
Cache-Control: no-cache
Content-Type: application/json; charset=utf-8
host: localhost:39095
accept: */*

Response DefaultHttpResponse(decodeResult: success, version: HTTP/1.1)
HTTP/1.1 200 OK
Content-Type: application/json; charset=utf-8
cache-control: no-cache
content-length: 41

10:04:36.069 [AsyncHttpClient-1-15] DEBUG org.asynchttpclient.netty.channel.ChannelManager - Adding key: http://localhost:39095 for channel [id: 0xf6aa35bc, L:/127.0.0.1:50296 - R:localhost/127.0.0.1:39095]
10:04:36.070 [Forwarding screenshot on session 8629b2d1410acfede81c49d4d581eea4 to remote] DEBUG org.asynchttpclient.netty.request.NettyRequestSender - Using pooled Channel '[id: 0xf6aa35bc, L:/127.0.0.1:50296 - R:localhost/127.0.0.1:39095]' for 'GET' to 'http://localhost:39095/session/8629b2d1410acfede81c49d4d581eea4/screenshot'
10:04:36.070 [Forwarding screenshot on session 8629b2d1410acfede81c49d4d581eea4 to remote] DEBUG org.asynchttpclient.netty.request.NettyRequestSender - Using open Channel [id: 0xf6aa35bc, L:/127.0.0.1:50296 - R:localhost/127.0.0.1:39095] for GET '/session/8629b2d1410acfede81c49d4d581eea4/screenshot'
10:04:36.244 [AsyncHttpClient-1-15] DEBUG org.asynchttpclient.netty.handler.HttpHandler - 

Request DefaultFullHttpRequest(decodeResult: success, version: HTTP/1.1, content: EmptyByteBufBE)
GET /session/8629b2d1410acfede81c49d4d581eea4/screenshot HTTP/1.1
User-Agent: selenium/4.7.1 (java windows)
Cache-Control: no-cache
Content-Type: application/json; charset=utf-8
host: localhost:39095
accept: */*

Response DefaultHttpResponse(decodeResult: success, version: HTTP/1.1)
HTTP/1.1 200 OK
Content-Type: application/json; charset=utf-8
cache-control: no-cache
content-length: 117336

10:04:36.244 [AsyncHttpClient-1-15] DEBUG org.asynchttpclient.netty.channel.ChannelManager - Adding key: http://localhost:39095 for channel [id: 0xf6aa35bc, L:/127.0.0.1:50296 - R:localhost/127.0.0.1:39095]
10:04:36.247 [main] DEBUG net.serenitybdd.core.photography.Darkroom - Send negative for processing for target\site\serenity\0be6a1bfcc78b87b2cbad46643fef36ffb54dabc4ca3672c2c2b4060800454da.png
10:04:36.248 [main] DEBUG net.thucydides.core.steps.StepInterceptor - STEP DONE: diHomepageAltaShop
10:04:36.248 [Darkroom Processing Line] DEBUG net.serenitybdd.core.photography.DarkroomProcessingLine - Processing screenshot image in /var/screenshots/screenshot-17421101859641729562
10:04:36.248 [Darkroom Processing Line] DEBUG net.serenitybdd.core.photography.DarkroomProcessingLine - Saving screenshot to target\site\serenity\0be6a1bfcc78b87b2cbad46643fef36ffb54dabc4ca3672c2c2b4060800454da.png
10:04:36.252 [main] DEBUG net.thucydides.core.steps.StepInterceptor - STARTING STEP: TransaksiSteps.userBeradaDiHomepageAltaShopDanLoginAkun - klikButtonLogin
10:04:36.256 [Forwarding findElement on session 8629b2d1410acfede81c49d4d581eea4 to remote] DEBUG org.asynchttpclient.netty.request.NettyRequestSender - Using pooled Channel '[id: 0xf6aa35bc, L:/127.0.0.1:50296 - R:localhost/127.0.0.1:39095]' for 'POST' to 'http://localhost:39095/session/8629b2d1410acfede81c49d4d581eea4/element'
10:04:36.256 [Forwarding findElement on session 8629b2d1410acfede81c49d4d581eea4 to remote] DEBUG org.asynchttpclient.netty.request.NettyRequestSender - Using open Channel [id: 0xf6aa35bc, L:/127.0.0.1:50296 - R:localhost/127.0.0.1:39095] for POST '/session/8629b2d1410acfede81c49d4d581eea4/element'
10:04:36.274 [AsyncHttpClient-1-15] DEBUG org.asynchttpclient.netty.handler.HttpHandler - 

Request DefaultHttpRequest(decodeResult: success, version: HTTP/1.1)
POST /session/8629b2d1410acfede81c49d4d581eea4/element HTTP/1.1
User-Agent: selenium/4.7.1 (java windows)
Content-Length: 108
Content-Type: application/json; charset=utf-8
host: localhost:39095
accept: */*

Response DefaultHttpResponse(decodeResult: success, version: HTTP/1.1)
HTTP/1.1 200 OK
Content-Type: application/json; charset=utf-8
cache-control: no-cache
content-length: 88

10:04:36.274 [AsyncHttpClient-1-15] DEBUG org.asynchttpclient.netty.channel.ChannelManager - Adding key: http://localhost:39095 for channel [id: 0xf6aa35bc, L:/127.0.0.1:50296 - R:localhost/127.0.0.1:39095]
10:04:36.276 [Forwarding getElementTagName on session 8629b2d1410acfede81c49d4d581eea4 to remote] DEBUG org.asynchttpclient.netty.request.NettyRequestSender - Using pooled Channel '[id: 0xf6aa35bc, L:/127.0.0.1:50296 - R:localhost/127.0.0.1:39095]' for 'GET' to 'http://localhost:39095/session/8629b2d1410acfede81c49d4d581eea4/element/1aca4830-be45-4d08-b110-92d0869e491d/name'
10:04:36.276 [Forwarding getElementTagName on session 8629b2d1410acfede81c49d4d581eea4 to remote] DEBUG org.asynchttpclient.netty.request.NettyRequestSender - Using open Channel [id: 0xf6aa35bc, L:/127.0.0.1:50296 - R:localhost/127.0.0.1:39095] for GET '/session/8629b2d1410acfede81c49d4d581eea4/element/1aca4830-be45-4d08-b110-92d0869e491d/name'
10:04:36.283 [AsyncHttpClient-1-15] DEBUG org.asynchttpclient.netty.handler.HttpHandler - 

Request DefaultFullHttpRequest(decodeResult: success, version: HTTP/1.1, content: EmptyByteBufBE)
GET /session/8629b2d1410acfede81c49d4d581eea4/element/1aca4830-be45-4d08-b110-92d0869e491d/name HTTP/1.1
User-Agent: selenium/4.7.1 (java windows)
Cache-Control: no-cache
Content-Type: application/json; charset=utf-8
host: localhost:39095
accept: */*

Response DefaultHttpResponse(decodeResult: success, version: HTTP/1.1)
HTTP/1.1 200 OK
Content-Type: application/json; charset=utf-8
cache-control: no-cache
content-length: 18

10:04:36.283 [AsyncHttpClient-1-15] DEBUG org.asynchttpclient.netty.channel.ChannelManager - Adding key: http://localhost:39095 for channel [id: 0xf6aa35bc, L:/127.0.0.1:50296 - R:localhost/127.0.0.1:39095]
10:04:36.284 [Forwarding getElementTagName on session 8629b2d1410acfede81c49d4d581eea4 to remote] DEBUG org.asynchttpclient.netty.request.NettyRequestSender - Using pooled Channel '[id: 0xf6aa35bc, L:/127.0.0.1:50296 - R:localhost/127.0.0.1:39095]' for 'GET' to 'http://localhost:39095/session/8629b2d1410acfede81c49d4d581eea4/element/1aca4830-be45-4d08-b110-92d0869e491d/name'
10:04:36.284 [Forwarding getElementTagName on session 8629b2d1410acfede81c49d4d581eea4 to remote] DEBUG org.asynchttpclient.netty.request.NettyRequestSender - Using open Channel [id: 0xf6aa35bc, L:/127.0.0.1:50296 - R:localhost/127.0.0.1:39095] for GET '/session/8629b2d1410acfede81c49d4d581eea4/element/1aca4830-be45-4d08-b110-92d0869e491d/name'
10:04:36.290 [AsyncHttpClient-1-15] DEBUG org.asynchttpclient.netty.handler.HttpHandler - 

Request DefaultFullHttpRequest(decodeResult: success, version: HTTP/1.1, content: EmptyByteBufBE)
GET /session/8629b2d1410acfede81c49d4d581eea4/element/1aca4830-be45-4d08-b110-92d0869e491d/name HTTP/1.1
User-Agent: selenium/4.7.1 (java windows)
Cache-Control: no-cache
Content-Type: application/json; charset=utf-8
host: localhost:39095
accept: */*

Response DefaultHttpResponse(decodeResult: success, version: HTTP/1.1)
HTTP/1.1 200 OK
Content-Type: application/json; charset=utf-8
cache-control: no-cache
content-length: 18

10:04:36.290 [AsyncHttpClient-1-15] DEBUG org.asynchttpclient.netty.channel.ChannelManager - Adding key: http://localhost:39095 for channel [id: 0xf6aa35bc, L:/127.0.0.1:50296 - R:localhost/127.0.0.1:39095]
10:04:36.292 [Forwarding isElementEnabled on session 8629b2d1410acfede81c49d4d581eea4 to remote] DEBUG org.asynchttpclient.netty.request.NettyRequestSender - Using pooled Channel '[id: 0xf6aa35bc, L:/127.0.0.1:50296 - R:localhost/127.0.0.1:39095]' for 'GET' to 'http://localhost:39095/session/8629b2d1410acfede81c49d4d581eea4/element/1aca4830-be45-4d08-b110-92d0869e491d/enabled'
10:04:36.292 [Forwarding isElementEnabled on session 8629b2d1410acfede81c49d4d581eea4 to remote] DEBUG org.asynchttpclient.netty.request.NettyRequestSender - Using open Channel [id: 0xf6aa35bc, L:/127.0.0.1:50296 - R:localhost/127.0.0.1:39095] for GET '/session/8629b2d1410acfede81c49d4d581eea4/element/1aca4830-be45-4d08-b110-92d0869e491d/enabled'
10:04:36.304 [AsyncHttpClient-1-15] DEBUG org.asynchttpclient.netty.handler.HttpHandler - 

Request DefaultFullHttpRequest(decodeResult: success, version: HTTP/1.1, content: EmptyByteBufBE)
GET /session/8629b2d1410acfede81c49d4d581eea4/element/1aca4830-be45-4d08-b110-92d0869e491d/enabled HTTP/1.1
User-Agent: selenium/4.7.1 (java windows)
Cache-Control: no-cache
Content-Type: application/json; charset=utf-8
host: localhost:39095
accept: */*

Response DefaultHttpResponse(decodeResult: success, version: HTTP/1.1)
HTTP/1.1 200 OK
Content-Type: application/json; charset=utf-8
cache-control: no-cache
content-length: 14

10:04:36.305 [AsyncHttpClient-1-15] DEBUG org.asynchttpclient.netty.channel.ChannelManager - Adding key: http://localhost:39095 for channel [id: 0xf6aa35bc, L:/127.0.0.1:50296 - R:localhost/127.0.0.1:39095]
10:04:36.306 [Forwarding isElementEnabled on session 8629b2d1410acfede81c49d4d581eea4 to remote] DEBUG org.asynchttpclient.netty.request.NettyRequestSender - Using pooled Channel '[id: 0xf6aa35bc, L:/127.0.0.1:50296 - R:localhost/127.0.0.1:39095]' for 'GET' to 'http://localhost:39095/session/8629b2d1410acfede81c49d4d581eea4/element/1aca4830-be45-4d08-b110-92d0869e491d/enabled'
10:04:36.306 [Forwarding isElementEnabled on session 8629b2d1410acfede81c49d4d581eea4 to remote] DEBUG org.asynchttpclient.netty.request.NettyRequestSender - Using open Channel [id: 0xf6aa35bc, L:/127.0.0.1:50296 - R:localhost/127.0.0.1:39095] for GET '/session/8629b2d1410acfede81c49d4d581eea4/element/1aca4830-be45-4d08-b110-92d0869e491d/enabled'
10:04:36.319 [AsyncHttpClient-1-15] DEBUG org.asynchttpclient.netty.handler.HttpHandler - 

Request DefaultFullHttpRequest(decodeResult: success, version: HTTP/1.1, content: EmptyByteBufBE)
GET /session/8629b2d1410acfede81c49d4d581eea4/element/1aca4830-be45-4d08-b110-92d0869e491d/enabled HTTP/1.1
User-Agent: selenium/4.7.1 (java windows)
Cache-Control: no-cache
Content-Type: application/json; charset=utf-8
host: localhost:39095
accept: */*

Response DefaultHttpResponse(decodeResult: success, version: HTTP/1.1)
HTTP/1.1 200 OK
Content-Type: application/json; charset=utf-8
cache-control: no-cache
content-length: 14

10:04:36.319 [AsyncHttpClient-1-15] DEBUG org.asynchttpclient.netty.channel.ChannelManager - Adding key: http://localhost:39095 for channel [id: 0xf6aa35bc, L:/127.0.0.1:50296 - R:localhost/127.0.0.1:39095]
10:04:36.322 [Forwarding findElement on session 8629b2d1410acfede81c49d4d581eea4 to remote] DEBUG org.asynchttpclient.netty.request.NettyRequestSender - Using pooled Channel '[id: 0xf6aa35bc, L:/127.0.0.1:50296 - R:localhost/127.0.0.1:39095]' for 'POST' to 'http://localhost:39095/session/8629b2d1410acfede81c49d4d581eea4/element'
10:04:36.322 [Forwarding findElement on session 8629b2d1410acfede81c49d4d581eea4 to remote] DEBUG org.asynchttpclient.netty.request.NettyRequestSender - Using open Channel [id: 0xf6aa35bc, L:/127.0.0.1:50296 - R:localhost/127.0.0.1:39095] for POST '/session/8629b2d1410acfede81c49d4d581eea4/element'
10:04:36.351 [AsyncHttpClient-1-15] DEBUG org.asynchttpclient.netty.handler.HttpHandler - 

Request DefaultHttpRequest(decodeResult: success, version: HTTP/1.1)
POST /session/8629b2d1410acfede81c49d4d581eea4/element HTTP/1.1
User-Agent: selenium/4.7.1 (java windows)
Content-Length: 108
Content-Type: application/json; charset=utf-8
host: localhost:39095
accept: */*

Response DefaultHttpResponse(decodeResult: success, version: HTTP/1.1)
HTTP/1.1 200 OK
Content-Type: application/json; charset=utf-8
cache-control: no-cache
content-length: 88

10:04:36.351 [AsyncHttpClient-1-15] DEBUG org.asynchttpclient.netty.channel.ChannelManager - Adding key: http://localhost:39095 for channel [id: 0xf6aa35bc, L:/127.0.0.1:50296 - R:localhost/127.0.0.1:39095]
10:04:36.353 [Forwarding clickElement on session 8629b2d1410acfede81c49d4d581eea4 to remote] DEBUG org.asynchttpclient.netty.request.NettyRequestSender - Using pooled Channel '[id: 0xf6aa35bc, L:/127.0.0.1:50296 - R:localhost/127.0.0.1:39095]' for 'POST' to 'http://localhost:39095/session/8629b2d1410acfede81c49d4d581eea4/element/1aca4830-be45-4d08-b110-92d0869e491d/click'
10:04:36.353 [Forwarding clickElement on session 8629b2d1410acfede81c49d4d581eea4 to remote] DEBUG org.asynchttpclient.netty.request.NettyRequestSender - Using open Channel [id: 0xf6aa35bc, L:/127.0.0.1:50296 - R:localhost/127.0.0.1:39095] for POST '/session/8629b2d1410acfede81c49d4d581eea4/element/1aca4830-be45-4d08-b110-92d0869e491d/click'
10:04:36.437 [AsyncHttpClient-1-15] DEBUG org.asynchttpclient.netty.handler.HttpHandler - 

Request DefaultHttpRequest(decodeResult: success, version: HTTP/1.1)
POST /session/8629b2d1410acfede81c49d4d581eea4/element/1aca4830-be45-4d08-b110-92d0869e491d/click HTTP/1.1
User-Agent: selenium/4.7.1 (java windows)
Content-Length: 50
Content-Type: application/json; charset=utf-8
host: localhost:39095
accept: */*

Response DefaultHttpResponse(decodeResult: success, version: HTTP/1.1)
HTTP/1.1 200 OK
Content-Type: application/json; charset=utf-8
cache-control: no-cache
content-length: 14

10:04:36.437 [AsyncHttpClient-1-15] DEBUG org.asynchttpclient.netty.channel.ChannelManager - Adding key: http://localhost:39095 for channel [id: 0xf6aa35bc, L:/127.0.0.1:50296 - R:localhost/127.0.0.1:39095]
10:04:36.450 [Forwarding getCurrentWindowHandle on session 8629b2d1410acfede81c49d4d581eea4 to remote] DEBUG org.asynchttpclient.netty.request.NettyRequestSender - Using pooled Channel '[id: 0xf6aa35bc, L:/127.0.0.1:50296 - R:localhost/127.0.0.1:39095]' for 'GET' to 'http://localhost:39095/session/8629b2d1410acfede81c49d4d581eea4/window'
10:04:36.450 [Forwarding getCurrentWindowHandle on session 8629b2d1410acfede81c49d4d581eea4 to remote] DEBUG org.asynchttpclient.netty.request.NettyRequestSender - Using open Channel [id: 0xf6aa35bc, L:/127.0.0.1:50296 - R:localhost/127.0.0.1:39095] for GET '/session/8629b2d1410acfede81c49d4d581eea4/window'
10:04:36.451 [AsyncHttpClient-1-15] DEBUG org.asynchttpclient.netty.handler.HttpHandler - 

Request DefaultFullHttpRequest(decodeResult: success, version: HTTP/1.1, content: EmptyByteBufBE)
GET /session/8629b2d1410acfede81c49d4d581eea4/window HTTP/1.1
User-Agent: selenium/4.7.1 (java windows)
Cache-Control: no-cache
Content-Type: application/json; charset=utf-8
host: localhost:39095
accept: */*

Response DefaultHttpResponse(decodeResult: success, version: HTTP/1.1)
HTTP/1.1 200 OK
Content-Type: application/json; charset=utf-8
cache-control: no-cache
content-length: 44

10:04:36.452 [AsyncHttpClient-1-15] DEBUG org.asynchttpclient.netty.channel.ChannelManager - Adding key: http://localhost:39095 for channel [id: 0xf6aa35bc, L:/127.0.0.1:50296 - R:localhost/127.0.0.1:39095]
10:04:36.454 [Forwarding getAlertText on session 8629b2d1410acfede81c49d4d581eea4 to remote] DEBUG org.asynchttpclient.netty.request.NettyRequestSender - Using pooled Channel '[id: 0xf6aa35bc, L:/127.0.0.1:50296 - R:localhost/127.0.0.1:39095]' for 'GET' to 'http://localhost:39095/session/8629b2d1410acfede81c49d4d581eea4/alert/text'
10:04:36.454 [Forwarding getAlertText on session 8629b2d1410acfede81c49d4d581eea4 to remote] DEBUG org.asynchttpclient.netty.request.NettyRequestSender - Using open Channel [id: 0xf6aa35bc, L:/127.0.0.1:50296 - R:localhost/127.0.0.1:39095] for GET '/session/8629b2d1410acfede81c49d4d581eea4/alert/text'
10:04:36.648 [AsyncHttpClient-1-15] DEBUG org.asynchttpclient.netty.handler.HttpHandler - 

Request DefaultFullHttpRequest(decodeResult: success, version: HTTP/1.1, content: EmptyByteBufBE)
GET /session/8629b2d1410acfede81c49d4d581eea4/alert/text HTTP/1.1
User-Agent: selenium/4.7.1 (java windows)
Cache-Control: no-cache
Content-Type: application/json; charset=utf-8
host: localhost:39095
accept: */*

Response DefaultHttpResponse(decodeResult: success, version: HTTP/1.1)
HTTP/1.1 404 Not Found
Content-Type: application/json; charset=utf-8
cache-control: no-cache
content-length: 821

10:04:36.648 [AsyncHttpClient-1-15] DEBUG org.asynchttpclient.netty.channel.ChannelManager - Adding key: http://localhost:39095 for channel [id: 0xf6aa35bc, L:/127.0.0.1:50296 - R:localhost/127.0.0.1:39095]
10:04:36.651 [Forwarding switchToWindow on session 8629b2d1410acfede81c49d4d581eea4 to remote] DEBUG org.asynchttpclient.netty.request.NettyRequestSender - Using pooled Channel '[id: 0xf6aa35bc, L:/127.0.0.1:50296 - R:localhost/127.0.0.1:39095]' for 'POST' to 'http://localhost:39095/session/8629b2d1410acfede81c49d4d581eea4/window'
10:04:36.651 [Forwarding switchToWindow on session 8629b2d1410acfede81c49d4d581eea4 to remote] DEBUG org.asynchttpclient.netty.request.NettyRequestSender - Using open Channel [id: 0xf6aa35bc, L:/127.0.0.1:50296 - R:localhost/127.0.0.1:39095] for POST '/session/8629b2d1410acfede81c49d4d581eea4/window'
10:04:36.655 [AsyncHttpClient-1-15] DEBUG org.asynchttpclient.netty.handler.HttpHandler - 

Request DefaultHttpRequest(decodeResult: success, version: HTTP/1.1)
POST /session/8629b2d1410acfede81c49d4d581eea4/window HTTP/1.1
User-Agent: selenium/4.7.1 (java windows)
Content-Length: 50
Content-Type: application/json; charset=utf-8
host: localhost:39095
accept: */*

Response DefaultHttpResponse(decodeResult: success, version: HTTP/1.1)
HTTP/1.1 200 OK
Content-Type: application/json; charset=utf-8
cache-control: no-cache
content-length: 14

10:04:36.655 [AsyncHttpClient-1-15] DEBUG org.asynchttpclient.netty.channel.ChannelManager - Adding key: http://localhost:39095 for channel [id: 0xf6aa35bc, L:/127.0.0.1:50296 - R:localhost/127.0.0.1:39095]
10:04:36.656 [Forwarding getCurrentUrl on session 8629b2d1410acfede81c49d4d581eea4 to remote] DEBUG org.asynchttpclient.netty.request.NettyRequestSender - Using pooled Channel '[id: 0xf6aa35bc, L:/127.0.0.1:50296 - R:localhost/127.0.0.1:39095]' for 'GET' to 'http://localhost:39095/session/8629b2d1410acfede81c49d4d581eea4/url'
10:04:36.656 [Forwarding getCurrentUrl on session 8629b2d1410acfede81c49d4d581eea4 to remote] DEBUG org.asynchttpclient.netty.request.NettyRequestSender - Using open Channel [id: 0xf6aa35bc, L:/127.0.0.1:50296 - R:localhost/127.0.0.1:39095] for GET '/session/8629b2d1410acfede81c49d4d581eea4/url'
10:04:36.664 [AsyncHttpClient-1-15] DEBUG org.asynchttpclient.netty.handler.HttpHandler - 

Request DefaultFullHttpRequest(decodeResult: success, version: HTTP/1.1, content: EmptyByteBufBE)
GET /session/8629b2d1410acfede81c49d4d581eea4/url HTTP/1.1
User-Agent: selenium/4.7.1 (java windows)
Cache-Control: no-cache
Content-Type: application/json; charset=utf-8
host: localhost:39095
accept: */*

Response DefaultHttpResponse(decodeResult: success, version: HTTP/1.1)
HTTP/1.1 200 OK
Content-Type: application/json; charset=utf-8
cache-control: no-cache
content-length: 51

10:04:36.664 [AsyncHttpClient-1-15] DEBUG org.asynchttpclient.netty.channel.ChannelManager - Adding key: http://localhost:39095 for channel [id: 0xf6aa35bc, L:/127.0.0.1:50296 - R:localhost/127.0.0.1:39095]
10:04:36.665 [Forwarding screenshot on session 8629b2d1410acfede81c49d4d581eea4 to remote] DEBUG org.asynchttpclient.netty.request.NettyRequestSender - Using pooled Channel '[id: 0xf6aa35bc, L:/127.0.0.1:50296 - R:localhost/127.0.0.1:39095]' for 'GET' to 'http://localhost:39095/session/8629b2d1410acfede81c49d4d581eea4/screenshot'
10:04:36.665 [Forwarding screenshot on session 8629b2d1410acfede81c49d4d581eea4 to remote] DEBUG org.asynchttpclient.netty.request.NettyRequestSender - Using open Channel [id: 0xf6aa35bc, L:/127.0.0.1:50296 - R:localhost/127.0.0.1:39095] for GET '/session/8629b2d1410acfede81c49d4d581eea4/screenshot'
10:04:36.814 [AsyncHttpClient-1-15] DEBUG org.asynchttpclient.netty.handler.HttpHandler - 

Request DefaultFullHttpRequest(decodeResult: success, version: HTTP/1.1, content: EmptyByteBufBE)
GET /session/8629b2d1410acfede81c49d4d581eea4/screenshot HTTP/1.1
User-Agent: selenium/4.7.1 (java windows)
Cache-Control: no-cache
Content-Type: application/json; charset=utf-8
host: localhost:39095
accept: */*

Response DefaultHttpResponse(decodeResult: success, version: HTTP/1.1)
HTTP/1.1 200 OK
Content-Type: application/json; charset=utf-8
cache-control: no-cache
content-length: 26304

10:04:36.815 [AsyncHttpClient-1-15] DEBUG org.asynchttpclient.netty.channel.ChannelManager - Adding key: http://localhost:39095 for channel [id: 0xf6aa35bc, L:/127.0.0.1:50296 - R:localhost/127.0.0.1:39095]
10:04:36.816 [main] DEBUG net.serenitybdd.core.photography.Darkroom - Send negative for processing for target\site\serenity\680a86210e0d9eb225f9f5854701b236a567fa276fb136108e3a61aa9ab60041.png
10:04:36.817 [main] DEBUG net.thucydides.core.steps.StepInterceptor - STEP DONE: klikButtonLogin
10:04:36.817 [Darkroom Processing Line] DEBUG net.serenitybdd.core.photography.DarkroomProcessingLine - Processing screenshot image in /var/screenshots/screenshot-11569148567494477864
10:04:36.817 [Darkroom Processing Line] DEBUG net.serenitybdd.core.photography.DarkroomProcessingLine - Saving screenshot to target\site\serenity\680a86210e0d9eb225f9f5854701b236a567fa276fb136108e3a61aa9ab60041.png
10:04:36.821 [main] DEBUG net.thucydides.core.steps.StepInterceptor - STARTING STEP: TransaksiSteps.userBeradaDiHomepageAltaShopDanLoginAkun - inputEmail
10:04:36.823 [Forwarding findElement on session 8629b2d1410acfede81c49d4d581eea4 to remote] DEBUG org.asynchttpclient.netty.request.NettyRequestSender - Using pooled Channel '[id: 0xf6aa35bc, L:/127.0.0.1:50296 - R:localhost/127.0.0.1:39095]' for 'POST' to 'http://localhost:39095/session/8629b2d1410acfede81c49d4d581eea4/element'
10:04:36.823 [Forwarding findElement on session 8629b2d1410acfede81c49d4d581eea4 to remote] DEBUG org.asynchttpclient.netty.request.NettyRequestSender - Using open Channel [id: 0xf6aa35bc, L:/127.0.0.1:50296 - R:localhost/127.0.0.1:39095] for POST '/session/8629b2d1410acfede81c49d4d581eea4/element'
10:04:36.841 [AsyncHttpClient-1-15] DEBUG org.asynchttpclient.netty.handler.HttpHandler - 

Request DefaultHttpRequest(decodeResult: success, version: HTTP/1.1)
POST /session/8629b2d1410acfede81c49d4d581eea4/element HTTP/1.1
User-Agent: selenium/4.7.1 (java windows)
Content-Length: 187
Content-Type: application/json; charset=utf-8
host: localhost:39095
accept: */*

Response DefaultHttpResponse(decodeResult: success, version: HTTP/1.1)
HTTP/1.1 200 OK
Content-Type: application/json; charset=utf-8
cache-control: no-cache
content-length: 88

10:04:36.841 [AsyncHttpClient-1-15] DEBUG org.asynchttpclient.netty.channel.ChannelManager - Adding key: http://localhost:39095 for channel [id: 0xf6aa35bc, L:/127.0.0.1:50296 - R:localhost/127.0.0.1:39095]
10:04:36.842 [Forwarding clearElement on session 8629b2d1410acfede81c49d4d581eea4 to remote] DEBUG org.asynchttpclient.netty.request.NettyRequestSender - Using pooled Channel '[id: 0xf6aa35bc, L:/127.0.0.1:50296 - R:localhost/127.0.0.1:39095]' for 'POST' to 'http://localhost:39095/session/8629b2d1410acfede81c49d4d581eea4/element/5045e8f4-79c1-4d85-8b66-145ee6df0264/clear'
10:04:36.842 [Forwarding clearElement on session 8629b2d1410acfede81c49d4d581eea4 to remote] DEBUG org.asynchttpclient.netty.request.NettyRequestSender - Using open Channel [id: 0xf6aa35bc, L:/127.0.0.1:50296 - R:localhost/127.0.0.1:39095] for POST '/session/8629b2d1410acfede81c49d4d581eea4/element/5045e8f4-79c1-4d85-8b66-145ee6df0264/clear'
10:04:36.888 [AsyncHttpClient-1-15] DEBUG org.asynchttpclient.netty.handler.HttpHandler - 

Request DefaultHttpRequest(decodeResult: success, version: HTTP/1.1)
POST /session/8629b2d1410acfede81c49d4d581eea4/element/5045e8f4-79c1-4d85-8b66-145ee6df0264/clear HTTP/1.1
User-Agent: selenium/4.7.1 (java windows)
Content-Length: 50
Content-Type: application/json; charset=utf-8
host: localhost:39095
accept: */*

Response DefaultHttpResponse(decodeResult: success, version: HTTP/1.1)
HTTP/1.1 200 OK
Content-Type: application/json; charset=utf-8
cache-control: no-cache
content-length: 14

10:04:36.888 [AsyncHttpClient-1-15] DEBUG org.asynchttpclient.netty.channel.ChannelManager - Adding key: http://localhost:39095 for channel [id: 0xf6aa35bc, L:/127.0.0.1:50296 - R:localhost/127.0.0.1:39095]
10:04:36.890 [Forwarding sendKeysToElement on session 8629b2d1410acfede81c49d4d581eea4 to remote] DEBUG org.asynchttpclient.netty.request.NettyRequestSender - Using pooled Channel '[id: 0xf6aa35bc, L:/127.0.0.1:50296 - R:localhost/127.0.0.1:39095]' for 'POST' to 'http://localhost:39095/session/8629b2d1410acfede81c49d4d581eea4/element/5045e8f4-79c1-4d85-8b66-145ee6df0264/value'
10:04:36.890 [Forwarding sendKeysToElement on session 8629b2d1410acfede81c49d4d581eea4 to remote] DEBUG org.asynchttpclient.netty.request.NettyRequestSender - Using open Channel [id: 0xf6aa35bc, L:/127.0.0.1:50296 - R:localhost/127.0.0.1:39095] for POST '/session/8629b2d1410acfede81c49d4d581eea4/element/5045e8f4-79c1-4d85-8b66-145ee6df0264/value'
10:04:37.040 [AsyncHttpClient-1-15] DEBUG org.asynchttpclient.netty.handler.HttpHandler - 

Request DefaultHttpRequest(decodeResult: success, version: HTTP/1.1)
POST /session/8629b2d1410acfede81c49d4d581eea4/element/5045e8f4-79c1-4d85-8b66-145ee6df0264/value HTTP/1.1
User-Agent: selenium/4.7.1 (java windows)
Content-Length: 211
Content-Type: application/json; charset=utf-8
host: localhost:39095
accept: */*

Response DefaultHttpResponse(decodeResult: success, version: HTTP/1.1)
HTTP/1.1 200 OK
Content-Type: application/json; charset=utf-8
cache-control: no-cache
content-length: 14

10:04:37.040 [AsyncHttpClient-1-15] DEBUG org.asynchttpclient.netty.channel.ChannelManager - Adding key: http://localhost:39095 for channel [id: 0xf6aa35bc, L:/127.0.0.1:50296 - R:localhost/127.0.0.1:39095]
10:04:37.052 [Forwarding getCurrentWindowHandle on session 8629b2d1410acfede81c49d4d581eea4 to remote] DEBUG org.asynchttpclient.netty.request.NettyRequestSender - Using pooled Channel '[id: 0xf6aa35bc, L:/127.0.0.1:50296 - R:localhost/127.0.0.1:39095]' for 'GET' to 'http://localhost:39095/session/8629b2d1410acfede81c49d4d581eea4/window'
10:04:37.052 [Forwarding getCurrentWindowHandle on session 8629b2d1410acfede81c49d4d581eea4 to remote] DEBUG org.asynchttpclient.netty.request.NettyRequestSender - Using open Channel [id: 0xf6aa35bc, L:/127.0.0.1:50296 - R:localhost/127.0.0.1:39095] for GET '/session/8629b2d1410acfede81c49d4d581eea4/window'
10:04:37.054 [AsyncHttpClient-1-15] DEBUG org.asynchttpclient.netty.handler.HttpHandler - 

Request DefaultFullHttpRequest(decodeResult: success, version: HTTP/1.1, content: EmptyByteBufBE)
GET /session/8629b2d1410acfede81c49d4d581eea4/window HTTP/1.1
User-Agent: selenium/4.7.1 (java windows)
Cache-Control: no-cache
Content-Type: application/json; charset=utf-8
host: localhost:39095
accept: */*

Response DefaultHttpResponse(decodeResult: success, version: HTTP/1.1)
HTTP/1.1 200 OK
Content-Type: application/json; charset=utf-8
cache-control: no-cache
content-length: 44

10:04:37.054 [AsyncHttpClient-1-15] DEBUG org.asynchttpclient.netty.channel.ChannelManager - Adding key: http://localhost:39095 for channel [id: 0xf6aa35bc, L:/127.0.0.1:50296 - R:localhost/127.0.0.1:39095]
10:04:37.056 [Forwarding getAlertText on session 8629b2d1410acfede81c49d4d581eea4 to remote] DEBUG org.asynchttpclient.netty.request.NettyRequestSender - Using pooled Channel '[id: 0xf6aa35bc, L:/127.0.0.1:50296 - R:localhost/127.0.0.1:39095]' for 'GET' to 'http://localhost:39095/session/8629b2d1410acfede81c49d4d581eea4/alert/text'
10:04:37.056 [Forwarding getAlertText on session 8629b2d1410acfede81c49d4d581eea4 to remote] DEBUG org.asynchttpclient.netty.request.NettyRequestSender - Using open Channel [id: 0xf6aa35bc, L:/127.0.0.1:50296 - R:localhost/127.0.0.1:39095] for GET '/session/8629b2d1410acfede81c49d4d581eea4/alert/text'
10:04:37.060 [AsyncHttpClient-1-15] DEBUG org.asynchttpclient.netty.handler.HttpHandler - 

Request DefaultFullHttpRequest(decodeResult: success, version: HTTP/1.1, content: EmptyByteBufBE)
GET /session/8629b2d1410acfede81c49d4d581eea4/alert/text HTTP/1.1
User-Agent: selenium/4.7.1 (java windows)
Cache-Control: no-cache
Content-Type: application/json; charset=utf-8
host: localhost:39095
accept: */*

Response DefaultHttpResponse(decodeResult: success, version: HTTP/1.1)
HTTP/1.1 404 Not Found
Content-Type: application/json; charset=utf-8
cache-control: no-cache
content-length: 821

10:04:37.061 [AsyncHttpClient-1-15] DEBUG org.asynchttpclient.netty.channel.ChannelManager - Adding key: http://localhost:39095 for channel [id: 0xf6aa35bc, L:/127.0.0.1:50296 - R:localhost/127.0.0.1:39095]
10:04:37.065 [Forwarding switchToWindow on session 8629b2d1410acfede81c49d4d581eea4 to remote] DEBUG org.asynchttpclient.netty.request.NettyRequestSender - Using pooled Channel '[id: 0xf6aa35bc, L:/127.0.0.1:50296 - R:localhost/127.0.0.1:39095]' for 'POST' to 'http://localhost:39095/session/8629b2d1410acfede81c49d4d581eea4/window'
10:04:37.065 [Forwarding switchToWindow on session 8629b2d1410acfede81c49d4d581eea4 to remote] DEBUG org.asynchttpclient.netty.request.NettyRequestSender - Using open Channel [id: 0xf6aa35bc, L:/127.0.0.1:50296 - R:localhost/127.0.0.1:39095] for POST '/session/8629b2d1410acfede81c49d4d581eea4/window'
10:04:37.068 [AsyncHttpClient-1-15] DEBUG org.asynchttpclient.netty.handler.HttpHandler - 

Request DefaultHttpRequest(decodeResult: success, version: HTTP/1.1)
POST /session/8629b2d1410acfede81c49d4d581eea4/window HTTP/1.1
User-Agent: selenium/4.7.1 (java windows)
Content-Length: 50
Content-Type: application/json; charset=utf-8
host: localhost:39095
accept: */*

Response DefaultHttpResponse(decodeResult: success, version: HTTP/1.1)
HTTP/1.1 200 OK
Content-Type: application/json; charset=utf-8
cache-control: no-cache
content-length: 14

10:04:37.068 [AsyncHttpClient-1-15] DEBUG org.asynchttpclient.netty.channel.ChannelManager - Adding key: http://localhost:39095 for channel [id: 0xf6aa35bc, L:/127.0.0.1:50296 - R:localhost/127.0.0.1:39095]
10:04:37.069 [AsyncHttpClient-1-1] DEBUG org.asynchttpclient.netty.channel.DefaultChannelPool - Entry count for : http://localhost:50297 : 1
10:04:37.069 [AsyncHttpClient-1-1] DEBUG org.asynchttpclient.netty.channel.DefaultChannelPool - Entry count for : http://localhost:39095 : 1
10:04:37.070 [Forwarding getCurrentUrl on session 8629b2d1410acfede81c49d4d581eea4 to remote] DEBUG org.asynchttpclient.netty.request.NettyRequestSender - Using pooled Channel '[id: 0xf6aa35bc, L:/127.0.0.1:50296 - R:localhost/127.0.0.1:39095]' for 'GET' to 'http://localhost:39095/session/8629b2d1410acfede81c49d4d581eea4/url'
10:04:37.070 [Forwarding getCurrentUrl on session 8629b2d1410acfede81c49d4d581eea4 to remote] DEBUG org.asynchttpclient.netty.request.NettyRequestSender - Using open Channel [id: 0xf6aa35bc, L:/127.0.0.1:50296 - R:localhost/127.0.0.1:39095] for GET '/session/8629b2d1410acfede81c49d4d581eea4/url'
10:04:37.076 [AsyncHttpClient-1-15] DEBUG org.asynchttpclient.netty.handler.HttpHandler - 

Request DefaultFullHttpRequest(decodeResult: success, version: HTTP/1.1, content: EmptyByteBufBE)
GET /session/8629b2d1410acfede81c49d4d581eea4/url HTTP/1.1
User-Agent: selenium/4.7.1 (java windows)
Cache-Control: no-cache
Content-Type: application/json; charset=utf-8
host: localhost:39095
accept: */*

Response DefaultHttpResponse(decodeResult: success, version: HTTP/1.1)
HTTP/1.1 200 OK
Content-Type: application/json; charset=utf-8
cache-control: no-cache
content-length: 51

10:04:37.077 [AsyncHttpClient-1-15] DEBUG org.asynchttpclient.netty.channel.ChannelManager - Adding key: http://localhost:39095 for channel [id: 0xf6aa35bc, L:/127.0.0.1:50296 - R:localhost/127.0.0.1:39095]
10:04:37.078 [Forwarding screenshot on session 8629b2d1410acfede81c49d4d581eea4 to remote] DEBUG org.asynchttpclient.netty.request.NettyRequestSender - Using pooled Channel '[id: 0xf6aa35bc, L:/127.0.0.1:50296 - R:localhost/127.0.0.1:39095]' for 'GET' to 'http://localhost:39095/session/8629b2d1410acfede81c49d4d581eea4/screenshot'
10:04:37.078 [Forwarding screenshot on session 8629b2d1410acfede81c49d4d581eea4 to remote] DEBUG org.asynchttpclient.netty.request.NettyRequestSender - Using open Channel [id: 0xf6aa35bc, L:/127.0.0.1:50296 - R:localhost/127.0.0.1:39095] for GET '/session/8629b2d1410acfede81c49d4d581eea4/screenshot'
10:04:37.249 [AsyncHttpClient-1-15] DEBUG org.asynchttpclient.netty.handler.HttpHandler - 

Request DefaultFullHttpRequest(decodeResult: success, version: HTTP/1.1, content: EmptyByteBufBE)
GET /session/8629b2d1410acfede81c49d4d581eea4/screenshot HTTP/1.1
User-Agent: selenium/4.7.1 (java windows)
Cache-Control: no-cache
Content-Type: application/json; charset=utf-8
host: localhost:39095
accept: */*

Response DefaultHttpResponse(decodeResult: success, version: HTTP/1.1)
HTTP/1.1 200 OK
Content-Type: application/json; charset=utf-8
cache-control: no-cache
content-length: 29840

10:04:37.249 [AsyncHttpClient-1-15] DEBUG org.asynchttpclient.netty.channel.ChannelManager - Adding key: http://localhost:39095 for channel [id: 0xf6aa35bc, L:/127.0.0.1:50296 - R:localhost/127.0.0.1:39095]
10:04:37.252 [main] DEBUG net.serenitybdd.core.photography.Darkroom - Send negative for processing for target\site\serenity\81878c6f8636ed68dcc4c71989cab328b5ba11166299b6b117e0770511736236.png
10:04:37.252 [main] DEBUG net.thucydides.core.steps.StepInterceptor - STEP DONE: inputEmail
10:04:37.252 [Darkroom Processing Line] DEBUG net.serenitybdd.core.photography.DarkroomProcessingLine - Processing screenshot image in /var/screenshots/screenshot-16619674155443236270
10:04:37.252 [Darkroom Processing Line] DEBUG net.serenitybdd.core.photography.DarkroomProcessingLine - Saving screenshot to target\site\serenity\81878c6f8636ed68dcc4c71989cab328b5ba11166299b6b117e0770511736236.png
10:04:37.257 [main] DEBUG net.thucydides.core.steps.StepInterceptor - STARTING STEP: TransaksiSteps.userBeradaDiHomepageAltaShopDanLoginAkun - inputPassword
10:04:37.259 [Forwarding findElement on session 8629b2d1410acfede81c49d4d581eea4 to remote] DEBUG org.asynchttpclient.netty.request.NettyRequestSender - Using pooled Channel '[id: 0xf6aa35bc, L:/127.0.0.1:50296 - R:localhost/127.0.0.1:39095]' for 'POST' to 'http://localhost:39095/session/8629b2d1410acfede81c49d4d581eea4/element'
10:04:37.259 [Forwarding findElement on session 8629b2d1410acfede81c49d4d581eea4 to remote] DEBUG org.asynchttpclient.netty.request.NettyRequestSender - Using open Channel [id: 0xf6aa35bc, L:/127.0.0.1:50296 - R:localhost/127.0.0.1:39095] for POST '/session/8629b2d1410acfede81c49d4d581eea4/element'
10:04:37.281 [AsyncHttpClient-1-15] DEBUG org.asynchttpclient.netty.handler.HttpHandler - 

Request DefaultHttpRequest(decodeResult: success, version: HTTP/1.1)
POST /session/8629b2d1410acfede81c49d4d581eea4/element HTTP/1.1
User-Agent: selenium/4.7.1 (java windows)
Content-Length: 187
Content-Type: application/json; charset=utf-8
host: localhost:39095
accept: */*

Response DefaultHttpResponse(decodeResult: success, version: HTTP/1.1)
HTTP/1.1 200 OK
Content-Type: application/json; charset=utf-8
cache-control: no-cache
content-length: 88

10:04:37.281 [AsyncHttpClient-1-15] DEBUG org.asynchttpclient.netty.channel.ChannelManager - Adding key: http://localhost:39095 for channel [id: 0xf6aa35bc, L:/127.0.0.1:50296 - R:localhost/127.0.0.1:39095]
10:04:37.284 [Forwarding clearElement on session 8629b2d1410acfede81c49d4d581eea4 to remote] DEBUG org.asynchttpclient.netty.request.NettyRequestSender - Using pooled Channel '[id: 0xf6aa35bc, L:/127.0.0.1:50296 - R:localhost/127.0.0.1:39095]' for 'POST' to 'http://localhost:39095/session/8629b2d1410acfede81c49d4d581eea4/element/f14acf72-8878-4ed4-876a-3e3c64692ba0/clear'
10:04:37.284 [Forwarding clearElement on session 8629b2d1410acfede81c49d4d581eea4 to remote] DEBUG org.asynchttpclient.netty.request.NettyRequestSender - Using open Channel [id: 0xf6aa35bc, L:/127.0.0.1:50296 - R:localhost/127.0.0.1:39095] for POST '/session/8629b2d1410acfede81c49d4d581eea4/element/f14acf72-8878-4ed4-876a-3e3c64692ba0/clear'
10:04:37.348 [AsyncHttpClient-1-15] DEBUG org.asynchttpclient.netty.handler.HttpHandler - 

Request DefaultHttpRequest(decodeResult: success, version: HTTP/1.1)
POST /session/8629b2d1410acfede81c49d4d581eea4/element/f14acf72-8878-4ed4-876a-3e3c64692ba0/clear HTTP/1.1
User-Agent: selenium/4.7.1 (java windows)
Content-Length: 50
Content-Type: application/json; charset=utf-8
host: localhost:39095
accept: */*

Response DefaultHttpResponse(decodeResult: success, version: HTTP/1.1)
HTTP/1.1 200 OK
Content-Type: application/json; charset=utf-8
cache-control: no-cache
content-length: 14

10:04:37.348 [AsyncHttpClient-1-15] DEBUG org.asynchttpclient.netty.channel.ChannelManager - Adding key: http://localhost:39095 for channel [id: 0xf6aa35bc, L:/127.0.0.1:50296 - R:localhost/127.0.0.1:39095]
10:04:37.350 [Forwarding sendKeysToElement on session 8629b2d1410acfede81c49d4d581eea4 to remote] DEBUG org.asynchttpclient.netty.request.NettyRequestSender - Using pooled Channel '[id: 0xf6aa35bc, L:/127.0.0.1:50296 - R:localhost/127.0.0.1:39095]' for 'POST' to 'http://localhost:39095/session/8629b2d1410acfede81c49d4d581eea4/element/f14acf72-8878-4ed4-876a-3e3c64692ba0/value'
10:04:37.350 [Forwarding sendKeysToElement on session 8629b2d1410acfede81c49d4d581eea4 to remote] DEBUG org.asynchttpclient.netty.request.NettyRequestSender - Using open Channel [id: 0xf6aa35bc, L:/127.0.0.1:50296 - R:localhost/127.0.0.1:39095] for POST '/session/8629b2d1410acfede81c49d4d581eea4/element/f14acf72-8878-4ed4-876a-3e3c64692ba0/value'
10:04:37.473 [AsyncHttpClient-1-15] DEBUG org.asynchttpclient.netty.handler.HttpHandler - 

Request DefaultHttpRequest(decodeResult: success, version: HTTP/1.1)
POST /session/8629b2d1410acfede81c49d4d581eea4/element/f14acf72-8878-4ed4-876a-3e3c64692ba0/value HTTP/1.1
User-Agent: selenium/4.7.1 (java windows)
Content-Length: 111
Content-Type: application/json; charset=utf-8
host: localhost:39095
accept: */*

Response DefaultHttpResponse(decodeResult: success, version: HTTP/1.1)
HTTP/1.1 200 OK
Content-Type: application/json; charset=utf-8
cache-control: no-cache
content-length: 14

10:04:37.473 [AsyncHttpClient-1-15] DEBUG org.asynchttpclient.netty.channel.ChannelManager - Adding key: http://localhost:39095 for channel [id: 0xf6aa35bc, L:/127.0.0.1:50296 - R:localhost/127.0.0.1:39095]
10:04:37.486 [Forwarding getCurrentWindowHandle on session 8629b2d1410acfede81c49d4d581eea4 to remote] DEBUG org.asynchttpclient.netty.request.NettyRequestSender - Using pooled Channel '[id: 0xf6aa35bc, L:/127.0.0.1:50296 - R:localhost/127.0.0.1:39095]' for 'GET' to 'http://localhost:39095/session/8629b2d1410acfede81c49d4d581eea4/window'
10:04:37.486 [Forwarding getCurrentWindowHandle on session 8629b2d1410acfede81c49d4d581eea4 to remote] DEBUG org.asynchttpclient.netty.request.NettyRequestSender - Using open Channel [id: 0xf6aa35bc, L:/127.0.0.1:50296 - R:localhost/127.0.0.1:39095] for GET '/session/8629b2d1410acfede81c49d4d581eea4/window'
10:04:37.488 [AsyncHttpClient-1-15] DEBUG org.asynchttpclient.netty.handler.HttpHandler - 

Request DefaultFullHttpRequest(decodeResult: success, version: HTTP/1.1, content: EmptyByteBufBE)
GET /session/8629b2d1410acfede81c49d4d581eea4/window HTTP/1.1
User-Agent: selenium/4.7.1 (java windows)
Cache-Control: no-cache
Content-Type: application/json; charset=utf-8
host: localhost:39095
accept: */*

Response DefaultHttpResponse(decodeResult: success, version: HTTP/1.1)
HTTP/1.1 200 OK
Content-Type: application/json; charset=utf-8
cache-control: no-cache
content-length: 44

10:04:37.488 [AsyncHttpClient-1-15] DEBUG org.asynchttpclient.netty.channel.ChannelManager - Adding key: http://localhost:39095 for channel [id: 0xf6aa35bc, L:/127.0.0.1:50296 - R:localhost/127.0.0.1:39095]
10:04:37.489 [Forwarding getAlertText on session 8629b2d1410acfede81c49d4d581eea4 to remote] DEBUG org.asynchttpclient.netty.request.NettyRequestSender - Using pooled Channel '[id: 0xf6aa35bc, L:/127.0.0.1:50296 - R:localhost/127.0.0.1:39095]' for 'GET' to 'http://localhost:39095/session/8629b2d1410acfede81c49d4d581eea4/alert/text'
10:04:37.489 [Forwarding getAlertText on session 8629b2d1410acfede81c49d4d581eea4 to remote] DEBUG org.asynchttpclient.netty.request.NettyRequestSender - Using open Channel [id: 0xf6aa35bc, L:/127.0.0.1:50296 - R:localhost/127.0.0.1:39095] for GET '/session/8629b2d1410acfede81c49d4d581eea4/alert/text'
10:04:37.492 [AsyncHttpClient-1-15] DEBUG org.asynchttpclient.netty.handler.HttpHandler - 

Request DefaultFullHttpRequest(decodeResult: success, version: HTTP/1.1, content: EmptyByteBufBE)
GET /session/8629b2d1410acfede81c49d4d581eea4/alert/text HTTP/1.1
User-Agent: selenium/4.7.1 (java windows)
Cache-Control: no-cache
Content-Type: application/json; charset=utf-8
host: localhost:39095
accept: */*

Response DefaultHttpResponse(decodeResult: success, version: HTTP/1.1)
HTTP/1.1 404 Not Found
Content-Type: application/json; charset=utf-8
cache-control: no-cache
content-length: 821

10:04:37.493 [AsyncHttpClient-1-15] DEBUG org.asynchttpclient.netty.channel.ChannelManager - Adding key: http://localhost:39095 for channel [id: 0xf6aa35bc, L:/127.0.0.1:50296 - R:localhost/127.0.0.1:39095]
10:04:37.496 [Forwarding switchToWindow on session 8629b2d1410acfede81c49d4d581eea4 to remote] DEBUG org.asynchttpclient.netty.request.NettyRequestSender - Using pooled Channel '[id: 0xf6aa35bc, L:/127.0.0.1:50296 - R:localhost/127.0.0.1:39095]' for 'POST' to 'http://localhost:39095/session/8629b2d1410acfede81c49d4d581eea4/window'
10:04:37.496 [Forwarding switchToWindow on session 8629b2d1410acfede81c49d4d581eea4 to remote] DEBUG org.asynchttpclient.netty.request.NettyRequestSender - Using open Channel [id: 0xf6aa35bc, L:/127.0.0.1:50296 - R:localhost/127.0.0.1:39095] for POST '/session/8629b2d1410acfede81c49d4d581eea4/window'
10:04:37.499 [AsyncHttpClient-1-15] DEBUG org.asynchttpclient.netty.handler.HttpHandler - 

Request DefaultHttpRequest(decodeResult: success, version: HTTP/1.1)
POST /session/8629b2d1410acfede81c49d4d581eea4/window HTTP/1.1
User-Agent: selenium/4.7.1 (java windows)
Content-Length: 50
Content-Type: application/json; charset=utf-8
host: localhost:39095
accept: */*

Response DefaultHttpResponse(decodeResult: success, version: HTTP/1.1)
HTTP/1.1 200 OK
Content-Type: application/json; charset=utf-8
cache-control: no-cache
content-length: 14

10:04:37.499 [AsyncHttpClient-1-15] DEBUG org.asynchttpclient.netty.channel.ChannelManager - Adding key: http://localhost:39095 for channel [id: 0xf6aa35bc, L:/127.0.0.1:50296 - R:localhost/127.0.0.1:39095]
10:04:37.500 [Forwarding getCurrentUrl on session 8629b2d1410acfede81c49d4d581eea4 to remote] DEBUG org.asynchttpclient.netty.request.NettyRequestSender - Using pooled Channel '[id: 0xf6aa35bc, L:/127.0.0.1:50296 - R:localhost/127.0.0.1:39095]' for 'GET' to 'http://localhost:39095/session/8629b2d1410acfede81c49d4d581eea4/url'
10:04:37.500 [Forwarding getCurrentUrl on session 8629b2d1410acfede81c49d4d581eea4 to remote] DEBUG org.asynchttpclient.netty.request.NettyRequestSender - Using open Channel [id: 0xf6aa35bc, L:/127.0.0.1:50296 - R:localhost/127.0.0.1:39095] for GET '/session/8629b2d1410acfede81c49d4d581eea4/url'
10:04:37.507 [AsyncHttpClient-1-15] DEBUG org.asynchttpclient.netty.handler.HttpHandler - 

Request DefaultFullHttpRequest(decodeResult: success, version: HTTP/1.1, content: EmptyByteBufBE)
GET /session/8629b2d1410acfede81c49d4d581eea4/url HTTP/1.1
User-Agent: selenium/4.7.1 (java windows)
Cache-Control: no-cache
Content-Type: application/json; charset=utf-8
host: localhost:39095
accept: */*

Response DefaultHttpResponse(decodeResult: success, version: HTTP/1.1)
HTTP/1.1 200 OK
Content-Type: application/json; charset=utf-8
cache-control: no-cache
content-length: 51

10:04:37.507 [AsyncHttpClient-1-15] DEBUG org.asynchttpclient.netty.channel.ChannelManager - Adding key: http://localhost:39095 for channel [id: 0xf6aa35bc, L:/127.0.0.1:50296 - R:localhost/127.0.0.1:39095]
10:04:37.508 [Forwarding screenshot on session 8629b2d1410acfede81c49d4d581eea4 to remote] DEBUG org.asynchttpclient.netty.request.NettyRequestSender - Using pooled Channel '[id: 0xf6aa35bc, L:/127.0.0.1:50296 - R:localhost/127.0.0.1:39095]' for 'GET' to 'http://localhost:39095/session/8629b2d1410acfede81c49d4d581eea4/screenshot'
10:04:37.508 [Forwarding screenshot on session 8629b2d1410acfede81c49d4d581eea4 to remote] DEBUG org.asynchttpclient.netty.request.NettyRequestSender - Using open Channel [id: 0xf6aa35bc, L:/127.0.0.1:50296 - R:localhost/127.0.0.1:39095] for GET '/session/8629b2d1410acfede81c49d4d581eea4/screenshot'
10:04:37.686 [AsyncHttpClient-1-15] DEBUG org.asynchttpclient.netty.handler.HttpHandler - 

Request DefaultFullHttpRequest(decodeResult: success, version: HTTP/1.1, content: EmptyByteBufBE)
GET /session/8629b2d1410acfede81c49d4d581eea4/screenshot HTTP/1.1
User-Agent: selenium/4.7.1 (java windows)
Cache-Control: no-cache
Content-Type: application/json; charset=utf-8
host: localhost:39095
accept: */*

Response DefaultHttpResponse(decodeResult: success, version: HTTP/1.1)
HTTP/1.1 200 OK
Content-Type: application/json; charset=utf-8
cache-control: no-cache
content-length: 29784

10:04:37.686 [AsyncHttpClient-1-15] DEBUG org.asynchttpclient.netty.channel.ChannelManager - Adding key: http://localhost:39095 for channel [id: 0xf6aa35bc, L:/127.0.0.1:50296 - R:localhost/127.0.0.1:39095]
10:04:37.688 [main] DEBUG net.serenitybdd.core.photography.Darkroom - Send negative for processing for target\site\serenity\770886a0b599f852f4bec0a7cf2dc09ce9b043084274c7ba6b6b66edfc0b5c9b.png
10:04:37.688 [main] DEBUG net.thucydides.core.steps.StepInterceptor - STEP DONE: inputPassword
10:04:37.689 [Darkroom Processing Line] DEBUG net.serenitybdd.core.photography.DarkroomProcessingLine - Processing screenshot image in /var/screenshots/screenshot-18061787015905727692
10:04:37.689 [Darkroom Processing Line] DEBUG net.serenitybdd.core.photography.DarkroomProcessingLine - Saving screenshot to target\site\serenity\770886a0b599f852f4bec0a7cf2dc09ce9b043084274c7ba6b6b66edfc0b5c9b.png
10:04:37.695 [main] DEBUG net.thucydides.core.steps.StepInterceptor - STARTING STEP: TransaksiSteps.userBeradaDiHomepageAltaShopDanLoginAkun - klikButtonLoginKedua
10:04:37.698 [Forwarding findElement on session 8629b2d1410acfede81c49d4d581eea4 to remote] DEBUG org.asynchttpclient.netty.request.NettyRequestSender - Using pooled Channel '[id: 0xf6aa35bc, L:/127.0.0.1:50296 - R:localhost/127.0.0.1:39095]' for 'POST' to 'http://localhost:39095/session/8629b2d1410acfede81c49d4d581eea4/element'
10:04:37.698 [Forwarding findElement on session 8629b2d1410acfede81c49d4d581eea4 to remote] DEBUG org.asynchttpclient.netty.request.NettyRequestSender - Using open Channel [id: 0xf6aa35bc, L:/127.0.0.1:50296 - R:localhost/127.0.0.1:39095] for POST '/session/8629b2d1410acfede81c49d4d581eea4/element'
10:04:37.720 [AsyncHttpClient-1-15] DEBUG org.asynchttpclient.netty.handler.HttpHandler - 

Request DefaultHttpRequest(decodeResult: success, version: HTTP/1.1)
POST /session/8629b2d1410acfede81c49d4d581eea4/element HTTP/1.1
User-Agent: selenium/4.7.1 (java windows)
Content-Length: 141
Content-Type: application/json; charset=utf-8
host: localhost:39095
accept: */*

Response DefaultHttpResponse(decodeResult: success, version: HTTP/1.1)
HTTP/1.1 200 OK
Content-Type: application/json; charset=utf-8
cache-control: no-cache
content-length: 88

10:04:37.720 [AsyncHttpClient-1-15] DEBUG org.asynchttpclient.netty.channel.ChannelManager - Adding key: http://localhost:39095 for channel [id: 0xf6aa35bc, L:/127.0.0.1:50296 - R:localhost/127.0.0.1:39095]
10:04:37.721 [Forwarding getElementTagName on session 8629b2d1410acfede81c49d4d581eea4 to remote] DEBUG org.asynchttpclient.netty.request.NettyRequestSender - Using pooled Channel '[id: 0xf6aa35bc, L:/127.0.0.1:50296 - R:localhost/127.0.0.1:39095]' for 'GET' to 'http://localhost:39095/session/8629b2d1410acfede81c49d4d581eea4/element/f938d8b6-7b11-40bb-9d83-cf89d468cd51/name'
10:04:37.722 [Forwarding getElementTagName on session 8629b2d1410acfede81c49d4d581eea4 to remote] DEBUG org.asynchttpclient.netty.request.NettyRequestSender - Using open Channel [id: 0xf6aa35bc, L:/127.0.0.1:50296 - R:localhost/127.0.0.1:39095] for GET '/session/8629b2d1410acfede81c49d4d581eea4/element/f938d8b6-7b11-40bb-9d83-cf89d468cd51/name'
10:04:37.731 [AsyncHttpClient-1-15] DEBUG org.asynchttpclient.netty.handler.HttpHandler - 

Request DefaultFullHttpRequest(decodeResult: success, version: HTTP/1.1, content: EmptyByteBufBE)
GET /session/8629b2d1410acfede81c49d4d581eea4/element/f938d8b6-7b11-40bb-9d83-cf89d468cd51/name HTTP/1.1
User-Agent: selenium/4.7.1 (java windows)
Cache-Control: no-cache
Content-Type: application/json; charset=utf-8
host: localhost:39095
accept: */*

Response DefaultHttpResponse(decodeResult: success, version: HTTP/1.1)
HTTP/1.1 200 OK
Content-Type: application/json; charset=utf-8
cache-control: no-cache
content-length: 18

10:04:37.731 [AsyncHttpClient-1-15] DEBUG org.asynchttpclient.netty.channel.ChannelManager - Adding key: http://localhost:39095 for channel [id: 0xf6aa35bc, L:/127.0.0.1:50296 - R:localhost/127.0.0.1:39095]
10:04:37.732 [Forwarding getElementTagName on session 8629b2d1410acfede81c49d4d581eea4 to remote] DEBUG org.asynchttpclient.netty.request.NettyRequestSender - Using pooled Channel '[id: 0xf6aa35bc, L:/127.0.0.1:50296 - R:localhost/127.0.0.1:39095]' for 'GET' to 'http://localhost:39095/session/8629b2d1410acfede81c49d4d581eea4/element/f938d8b6-7b11-40bb-9d83-cf89d468cd51/name'
10:04:37.733 [Forwarding getElementTagName on session 8629b2d1410acfede81c49d4d581eea4 to remote] DEBUG org.asynchttpclient.netty.request.NettyRequestSender - Using open Channel [id: 0xf6aa35bc, L:/127.0.0.1:50296 - R:localhost/127.0.0.1:39095] for GET '/session/8629b2d1410acfede81c49d4d581eea4/element/f938d8b6-7b11-40bb-9d83-cf89d468cd51/name'
10:04:37.738 [AsyncHttpClient-1-15] DEBUG org.asynchttpclient.netty.handler.HttpHandler - 

Request DefaultFullHttpRequest(decodeResult: success, version: HTTP/1.1, content: EmptyByteBufBE)
GET /session/8629b2d1410acfede81c49d4d581eea4/element/f938d8b6-7b11-40bb-9d83-cf89d468cd51/name HTTP/1.1
User-Agent: selenium/4.7.1 (java windows)
Cache-Control: no-cache
Content-Type: application/json; charset=utf-8
host: localhost:39095
accept: */*

Response DefaultHttpResponse(decodeResult: success, version: HTTP/1.1)
HTTP/1.1 200 OK
Content-Type: application/json; charset=utf-8
cache-control: no-cache
content-length: 18

10:04:37.738 [AsyncHttpClient-1-15] DEBUG org.asynchttpclient.netty.channel.ChannelManager - Adding key: http://localhost:39095 for channel [id: 0xf6aa35bc, L:/127.0.0.1:50296 - R:localhost/127.0.0.1:39095]
10:04:37.740 [Forwarding isElementEnabled on session 8629b2d1410acfede81c49d4d581eea4 to remote] DEBUG org.asynchttpclient.netty.request.NettyRequestSender - Using pooled Channel '[id: 0xf6aa35bc, L:/127.0.0.1:50296 - R:localhost/127.0.0.1:39095]' for 'GET' to 'http://localhost:39095/session/8629b2d1410acfede81c49d4d581eea4/element/f938d8b6-7b11-40bb-9d83-cf89d468cd51/enabled'
10:04:37.740 [Forwarding isElementEnabled on session 8629b2d1410acfede81c49d4d581eea4 to remote] DEBUG org.asynchttpclient.netty.request.NettyRequestSender - Using open Channel [id: 0xf6aa35bc, L:/127.0.0.1:50296 - R:localhost/127.0.0.1:39095] for GET '/session/8629b2d1410acfede81c49d4d581eea4/element/f938d8b6-7b11-40bb-9d83-cf89d468cd51/enabled'
10:04:37.757 [AsyncHttpClient-1-15] DEBUG org.asynchttpclient.netty.handler.HttpHandler - 

Request DefaultFullHttpRequest(decodeResult: success, version: HTTP/1.1, content: EmptyByteBufBE)
GET /session/8629b2d1410acfede81c49d4d581eea4/element/f938d8b6-7b11-40bb-9d83-cf89d468cd51/enabled HTTP/1.1
User-Agent: selenium/4.7.1 (java windows)
Cache-Control: no-cache
Content-Type: application/json; charset=utf-8
host: localhost:39095
accept: */*

Response DefaultHttpResponse(decodeResult: success, version: HTTP/1.1)
HTTP/1.1 200 OK
Content-Type: application/json; charset=utf-8
cache-control: no-cache
content-length: 14

10:04:37.757 [AsyncHttpClient-1-15] DEBUG org.asynchttpclient.netty.channel.ChannelManager - Adding key: http://localhost:39095 for channel [id: 0xf6aa35bc, L:/127.0.0.1:50296 - R:localhost/127.0.0.1:39095]
10:04:37.759 [Forwarding isElementEnabled on session 8629b2d1410acfede81c49d4d581eea4 to remote] DEBUG org.asynchttpclient.netty.request.NettyRequestSender - Using pooled Channel '[id: 0xf6aa35bc, L:/127.0.0.1:50296 - R:localhost/127.0.0.1:39095]' for 'GET' to 'http://localhost:39095/session/8629b2d1410acfede81c49d4d581eea4/element/f938d8b6-7b11-40bb-9d83-cf89d468cd51/enabled'
10:04:37.759 [Forwarding isElementEnabled on session 8629b2d1410acfede81c49d4d581eea4 to remote] DEBUG org.asynchttpclient.netty.request.NettyRequestSender - Using open Channel [id: 0xf6aa35bc, L:/127.0.0.1:50296 - R:localhost/127.0.0.1:39095] for GET '/session/8629b2d1410acfede81c49d4d581eea4/element/f938d8b6-7b11-40bb-9d83-cf89d468cd51/enabled'
10:04:37.773 [AsyncHttpClient-1-15] DEBUG org.asynchttpclient.netty.handler.HttpHandler - 

Request DefaultFullHttpRequest(decodeResult: success, version: HTTP/1.1, content: EmptyByteBufBE)
GET /session/8629b2d1410acfede81c49d4d581eea4/element/f938d8b6-7b11-40bb-9d83-cf89d468cd51/enabled HTTP/1.1
User-Agent: selenium/4.7.1 (java windows)
Cache-Control: no-cache
Content-Type: application/json; charset=utf-8
host: localhost:39095
accept: */*

Response DefaultHttpResponse(decodeResult: success, version: HTTP/1.1)
HTTP/1.1 200 OK
Content-Type: application/json; charset=utf-8
cache-control: no-cache
content-length: 14

10:04:37.773 [AsyncHttpClient-1-15] DEBUG org.asynchttpclient.netty.channel.ChannelManager - Adding key: http://localhost:39095 for channel [id: 0xf6aa35bc, L:/127.0.0.1:50296 - R:localhost/127.0.0.1:39095]
10:04:37.776 [Forwarding findElement on session 8629b2d1410acfede81c49d4d581eea4 to remote] DEBUG org.asynchttpclient.netty.request.NettyRequestSender - Using pooled Channel '[id: 0xf6aa35bc, L:/127.0.0.1:50296 - R:localhost/127.0.0.1:39095]' for 'POST' to 'http://localhost:39095/session/8629b2d1410acfede81c49d4d581eea4/element'
10:04:37.776 [Forwarding findElement on session 8629b2d1410acfede81c49d4d581eea4 to remote] DEBUG org.asynchttpclient.netty.request.NettyRequestSender - Using open Channel [id: 0xf6aa35bc, L:/127.0.0.1:50296 - R:localhost/127.0.0.1:39095] for POST '/session/8629b2d1410acfede81c49d4d581eea4/element'
10:04:37.790 [AsyncHttpClient-1-15] DEBUG org.asynchttpclient.netty.handler.HttpHandler - 

Request DefaultHttpRequest(decodeResult: success, version: HTTP/1.1)
POST /session/8629b2d1410acfede81c49d4d581eea4/element HTTP/1.1
User-Agent: selenium/4.7.1 (java windows)
Content-Length: 141
Content-Type: application/json; charset=utf-8
host: localhost:39095
accept: */*

Response DefaultHttpResponse(decodeResult: success, version: HTTP/1.1)
HTTP/1.1 200 OK
Content-Type: application/json; charset=utf-8
cache-control: no-cache
content-length: 88

10:04:37.790 [AsyncHttpClient-1-15] DEBUG org.asynchttpclient.netty.channel.ChannelManager - Adding key: http://localhost:39095 for channel [id: 0xf6aa35bc, L:/127.0.0.1:50296 - R:localhost/127.0.0.1:39095]
10:04:37.792 [Forwarding clickElement on session 8629b2d1410acfede81c49d4d581eea4 to remote] DEBUG org.asynchttpclient.netty.request.NettyRequestSender - Using pooled Channel '[id: 0xf6aa35bc, L:/127.0.0.1:50296 - R:localhost/127.0.0.1:39095]' for 'POST' to 'http://localhost:39095/session/8629b2d1410acfede81c49d4d581eea4/element/f938d8b6-7b11-40bb-9d83-cf89d468cd51/click'
10:04:37.792 [Forwarding clickElement on session 8629b2d1410acfede81c49d4d581eea4 to remote] DEBUG org.asynchttpclient.netty.request.NettyRequestSender - Using open Channel [id: 0xf6aa35bc, L:/127.0.0.1:50296 - R:localhost/127.0.0.1:39095] for POST '/session/8629b2d1410acfede81c49d4d581eea4/element/f938d8b6-7b11-40bb-9d83-cf89d468cd51/click'
10:04:37.871 [AsyncHttpClient-1-15] DEBUG org.asynchttpclient.netty.handler.HttpHandler - 

Request DefaultHttpRequest(decodeResult: success, version: HTTP/1.1)
POST /session/8629b2d1410acfede81c49d4d581eea4/element/f938d8b6-7b11-40bb-9d83-cf89d468cd51/click HTTP/1.1
User-Agent: selenium/4.7.1 (java windows)
Content-Length: 50
Content-Type: application/json; charset=utf-8
host: localhost:39095
accept: */*

Response DefaultHttpResponse(decodeResult: success, version: HTTP/1.1)
HTTP/1.1 200 OK
Content-Type: application/json; charset=utf-8
cache-control: no-cache
content-length: 14

10:04:37.872 [AsyncHttpClient-1-15] DEBUG org.asynchttpclient.netty.channel.ChannelManager - Adding key: http://localhost:39095 for channel [id: 0xf6aa35bc, L:/127.0.0.1:50296 - R:localhost/127.0.0.1:39095]
10:04:37.885 [Forwarding getCurrentWindowHandle on session 8629b2d1410acfede81c49d4d581eea4 to remote] DEBUG org.asynchttpclient.netty.request.NettyRequestSender - Using pooled Channel '[id: 0xf6aa35bc, L:/127.0.0.1:50296 - R:localhost/127.0.0.1:39095]' for 'GET' to 'http://localhost:39095/session/8629b2d1410acfede81c49d4d581eea4/window'
10:04:37.885 [Forwarding getCurrentWindowHandle on session 8629b2d1410acfede81c49d4d581eea4 to remote] DEBUG org.asynchttpclient.netty.request.NettyRequestSender - Using open Channel [id: 0xf6aa35bc, L:/127.0.0.1:50296 - R:localhost/127.0.0.1:39095] for GET '/session/8629b2d1410acfede81c49d4d581eea4/window'
10:04:37.886 [AsyncHttpClient-1-15] DEBUG org.asynchttpclient.netty.handler.HttpHandler - 

Request DefaultFullHttpRequest(decodeResult: success, version: HTTP/1.1, content: EmptyByteBufBE)
GET /session/8629b2d1410acfede81c49d4d581eea4/window HTTP/1.1
User-Agent: selenium/4.7.1 (java windows)
Cache-Control: no-cache
Content-Type: application/json; charset=utf-8
host: localhost:39095
accept: */*

Response DefaultHttpResponse(decodeResult: success, version: HTTP/1.1)
HTTP/1.1 200 OK
Content-Type: application/json; charset=utf-8
cache-control: no-cache
content-length: 44

10:04:37.886 [AsyncHttpClient-1-15] DEBUG org.asynchttpclient.netty.channel.ChannelManager - Adding key: http://localhost:39095 for channel [id: 0xf6aa35bc, L:/127.0.0.1:50296 - R:localhost/127.0.0.1:39095]
10:04:37.887 [Forwarding getAlertText on session 8629b2d1410acfede81c49d4d581eea4 to remote] DEBUG org.asynchttpclient.netty.request.NettyRequestSender - Using pooled Channel '[id: 0xf6aa35bc, L:/127.0.0.1:50296 - R:localhost/127.0.0.1:39095]' for 'GET' to 'http://localhost:39095/session/8629b2d1410acfede81c49d4d581eea4/alert/text'
10:04:37.887 [Forwarding getAlertText on session 8629b2d1410acfede81c49d4d581eea4 to remote] DEBUG org.asynchttpclient.netty.request.NettyRequestSender - Using open Channel [id: 0xf6aa35bc, L:/127.0.0.1:50296 - R:localhost/127.0.0.1:39095] for GET '/session/8629b2d1410acfede81c49d4d581eea4/alert/text'
10:04:37.890 [AsyncHttpClient-1-15] DEBUG org.asynchttpclient.netty.handler.HttpHandler - 

Request DefaultFullHttpRequest(decodeResult: success, version: HTTP/1.1, content: EmptyByteBufBE)
GET /session/8629b2d1410acfede81c49d4d581eea4/alert/text HTTP/1.1
User-Agent: selenium/4.7.1 (java windows)
Cache-Control: no-cache
Content-Type: application/json; charset=utf-8
host: localhost:39095
accept: */*

Response DefaultHttpResponse(decodeResult: success, version: HTTP/1.1)
HTTP/1.1 404 Not Found
Content-Type: application/json; charset=utf-8
cache-control: no-cache
content-length: 821

10:04:37.890 [AsyncHttpClient-1-15] DEBUG org.asynchttpclient.netty.channel.ChannelManager - Adding key: http://localhost:39095 for channel [id: 0xf6aa35bc, L:/127.0.0.1:50296 - R:localhost/127.0.0.1:39095]
10:04:37.893 [Forwarding switchToWindow on session 8629b2d1410acfede81c49d4d581eea4 to remote] DEBUG org.asynchttpclient.netty.request.NettyRequestSender - Using pooled Channel '[id: 0xf6aa35bc, L:/127.0.0.1:50296 - R:localhost/127.0.0.1:39095]' for 'POST' to 'http://localhost:39095/session/8629b2d1410acfede81c49d4d581eea4/window'
10:04:37.893 [Forwarding switchToWindow on session 8629b2d1410acfede81c49d4d581eea4 to remote] DEBUG org.asynchttpclient.netty.request.NettyRequestSender - Using open Channel [id: 0xf6aa35bc, L:/127.0.0.1:50296 - R:localhost/127.0.0.1:39095] for POST '/session/8629b2d1410acfede81c49d4d581eea4/window'
10:04:37.898 [AsyncHttpClient-1-15] DEBUG org.asynchttpclient.netty.handler.HttpHandler - 

Request DefaultHttpRequest(decodeResult: success, version: HTTP/1.1)
POST /session/8629b2d1410acfede81c49d4d581eea4/window HTTP/1.1
User-Agent: selenium/4.7.1 (java windows)
Content-Length: 50
Content-Type: application/json; charset=utf-8
host: localhost:39095
accept: */*

Response DefaultHttpResponse(decodeResult: success, version: HTTP/1.1)
HTTP/1.1 200 OK
Content-Type: application/json; charset=utf-8
cache-control: no-cache
content-length: 14

10:04:37.899 [AsyncHttpClient-1-15] DEBUG org.asynchttpclient.netty.channel.ChannelManager - Adding key: http://localhost:39095 for channel [id: 0xf6aa35bc, L:/127.0.0.1:50296 - R:localhost/127.0.0.1:39095]
10:04:37.900 [Forwarding getCurrentUrl on session 8629b2d1410acfede81c49d4d581eea4 to remote] DEBUG org.asynchttpclient.netty.request.NettyRequestSender - Using pooled Channel '[id: 0xf6aa35bc, L:/127.0.0.1:50296 - R:localhost/127.0.0.1:39095]' for 'GET' to 'http://localhost:39095/session/8629b2d1410acfede81c49d4d581eea4/url'
10:04:37.900 [Forwarding getCurrentUrl on session 8629b2d1410acfede81c49d4d581eea4 to remote] DEBUG org.asynchttpclient.netty.request.NettyRequestSender - Using open Channel [id: 0xf6aa35bc, L:/127.0.0.1:50296 - R:localhost/127.0.0.1:39095] for GET '/session/8629b2d1410acfede81c49d4d581eea4/url'
10:04:37.908 [AsyncHttpClient-1-15] DEBUG org.asynchttpclient.netty.handler.HttpHandler - 

Request DefaultFullHttpRequest(decodeResult: success, version: HTTP/1.1, content: EmptyByteBufBE)
GET /session/8629b2d1410acfede81c49d4d581eea4/url HTTP/1.1
User-Agent: selenium/4.7.1 (java windows)
Cache-Control: no-cache
Content-Type: application/json; charset=utf-8
host: localhost:39095
accept: */*

Response DefaultHttpResponse(decodeResult: success, version: HTTP/1.1)
HTTP/1.1 200 OK
Content-Type: application/json; charset=utf-8
cache-control: no-cache
content-length: 51

10:04:37.908 [AsyncHttpClient-1-15] DEBUG org.asynchttpclient.netty.channel.ChannelManager - Adding key: http://localhost:39095 for channel [id: 0xf6aa35bc, L:/127.0.0.1:50296 - R:localhost/127.0.0.1:39095]
10:04:37.909 [Forwarding screenshot on session 8629b2d1410acfede81c49d4d581eea4 to remote] DEBUG org.asynchttpclient.netty.request.NettyRequestSender - Using pooled Channel '[id: 0xf6aa35bc, L:/127.0.0.1:50296 - R:localhost/127.0.0.1:39095]' for 'GET' to 'http://localhost:39095/session/8629b2d1410acfede81c49d4d581eea4/screenshot'
10:04:37.909 [Forwarding screenshot on session 8629b2d1410acfede81c49d4d581eea4 to remote] DEBUG org.asynchttpclient.netty.request.NettyRequestSender - Using open Channel [id: 0xf6aa35bc, L:/127.0.0.1:50296 - R:localhost/127.0.0.1:39095] for GET '/session/8629b2d1410acfede81c49d4d581eea4/screenshot'
10:04:38.043 [AsyncHttpClient-1-15] DEBUG org.asynchttpclient.netty.handler.HttpHandler - 

Request DefaultFullHttpRequest(decodeResult: success, version: HTTP/1.1, content: EmptyByteBufBE)
GET /session/8629b2d1410acfede81c49d4d581eea4/screenshot HTTP/1.1
User-Agent: selenium/4.7.1 (java windows)
Cache-Control: no-cache
Content-Type: application/json; charset=utf-8
host: localhost:39095
accept: */*

Response DefaultHttpResponse(decodeResult: success, version: HTTP/1.1)
HTTP/1.1 200 OK
Content-Type: application/json; charset=utf-8
cache-control: no-cache
content-length: 29540

10:04:38.043 [AsyncHttpClient-1-15] DEBUG org.asynchttpclient.netty.channel.ChannelManager - Adding key: http://localhost:39095 for channel [id: 0xf6aa35bc, L:/127.0.0.1:50296 - R:localhost/127.0.0.1:39095]
10:04:38.047 [main] DEBUG net.serenitybdd.core.photography.Darkroom - Send negative for processing for target\site\serenity\f9a0131c39c608ed62bc785f405a811062d8f68b455e7490b12da049294ec5ff.png
10:04:38.048 [main] DEBUG net.thucydides.core.steps.StepInterceptor - STEP DONE: klikButtonLoginKedua
10:04:38.048 [Darkroom Processing Line] DEBUG net.serenitybdd.core.photography.DarkroomProcessingLine - Processing screenshot image in /var/screenshots/screenshot-16046335007403587715
10:04:38.048 [Darkroom Processing Line] DEBUG net.serenitybdd.core.photography.DarkroomProcessingLine - Saving screenshot to target\site\serenity\f9a0131c39c608ed62bc785f405a811062d8f68b455e7490b12da049294ec5ff.png
  &amp#27;[32mGiven &amp#27;[0m&amp#27;[32muser berada di Homepage AltaShop dan login akun&amp#27;[0m                   &amp#27;[90m# starter.stepdefinitions.TransaksiSteps.userBeradaDiHomepageAltaShopDanLoginAkun()&amp#27;[0m
10:04:38.065 [main] DEBUG net.thucydides.core.steps.StepInterceptor - STARTING STEP: TransaksiSteps.userKlikBeliPadaProdukYangDiinginkan - diHomepageKembali
10:04:38.067 [Forwarding findElement on session 8629b2d1410acfede81c49d4d581eea4 to remote] DEBUG org.asynchttpclient.netty.request.NettyRequestSender - Using pooled Channel '[id: 0xf6aa35bc, L:/127.0.0.1:50296 - R:localhost/127.0.0.1:39095]' for 'POST' to 'http://localhost:39095/session/8629b2d1410acfede81c49d4d581eea4/element'
10:04:38.067 [Forwarding findElement on session 8629b2d1410acfede81c49d4d581eea4 to remote] DEBUG org.asynchttpclient.netty.request.NettyRequestSender - Using open Channel [id: 0xf6aa35bc, L:/127.0.0.1:50296 - R:localhost/127.0.0.1:39095] for POST '/session/8629b2d1410acfede81c49d4d581eea4/element'
10:04:38.172 [AsyncHttpClient-1-1] DEBUG org.asynchttpclient.netty.channel.DefaultChannelPool - Entry count for : http://localhost:50297 : 1
10:04:39.265 [AsyncHttpClient-1-1] DEBUG org.asynchttpclient.netty.channel.DefaultChannelPool - Entry count for : http://localhost:50297 : 1
10:04:40.369 [AsyncHttpClient-1-1] DEBUG org.asynchttpclient.netty.channel.DefaultChannelPool - Entry count for : http://localhost:50297 : 1
10:04:41.474 [AsyncHttpClient-1-1] DEBUG org.asynchttpclient.netty.channel.DefaultChannelPool - Entry count for : http://localhost:50297 : 1
10:04:41.880 [AsyncHttpClient-1-15] DEBUG org.asynchttpclient.netty.handler.HttpHandler - 

Request DefaultHttpRequest(decodeResult: success, version: HTTP/1.1)
POST /session/8629b2d1410acfede81c49d4d581eea4/element HTTP/1.1
User-Agent: selenium/4.7.1 (java windows)
Content-Length: 194
Content-Type: application/json; charset=utf-8
host: localhost:39095
accept: */*

Response DefaultHttpResponse(decodeResult: success, version: HTTP/1.1)
HTTP/1.1 200 OK
Content-Type: application/json; charset=utf-8
cache-control: no-cache
content-length: 88

10:04:41.880 [AsyncHttpClient-1-15] DEBUG org.asynchttpclient.netty.channel.ChannelManager - Adding key: http://localhost:39095 for channel [id: 0xf6aa35bc, L:/127.0.0.1:50296 - R:localhost/127.0.0.1:39095]
10:04:41.883 [Forwarding isElementDisplayed on session 8629b2d1410acfede81c49d4d581eea4 to remote] DEBUG org.asynchttpclient.netty.request.NettyRequestSender - Using pooled Channel '[id: 0xf6aa35bc, L:/127.0.0.1:50296 - R:localhost/127.0.0.1:39095]' for 'POST' to 'http://localhost:39095/session/8629b2d1410acfede81c49d4d581eea4/execute/sync'
10:04:41.884 [Forwarding isElementDisplayed on session 8629b2d1410acfede81c49d4d581eea4 to remote] DEBUG org.asynchttpclient.netty.request.NettyRequestSender - Using open Channel [id: 0xf6aa35bc, L:/127.0.0.1:50296 - R:localhost/127.0.0.1:39095] for POST '/session/8629b2d1410acfede81c49d4d581eea4/execute/sync'
10:04:41.900 [AsyncHttpClient-1-15] DEBUG org.asynchttpclient.netty.handler.HttpHandler - 

Request DefaultHttpRequest(decodeResult: success, version: HTTP/1.1)
POST /session/8629b2d1410acfede81c49d4d581eea4/execute/sync HTTP/1.1
User-Agent: selenium/4.7.1 (java windows)
Content-Length: 48780
Content-Type: application/json; charset=utf-8
host: localhost:39095
accept: */*

Response DefaultHttpResponse(decodeResult: success, version: HTTP/1.1)
HTTP/1.1 200 OK
Content-Type: application/json; charset=utf-8
cache-control: no-cache
content-length: 14

10:04:41.900 [AsyncHttpClient-1-15] DEBUG org.asynchttpclient.netty.channel.ChannelManager - Adding key: http://localhost:39095 for channel [id: 0xf6aa35bc, L:/127.0.0.1:50296 - R:localhost/127.0.0.1:39095]
10:04:41.904 [Forwarding isElementDisplayed on session 8629b2d1410acfede81c49d4d581eea4 to remote] DEBUG org.asynchttpclient.netty.request.NettyRequestSender - Using pooled Channel '[id: 0xf6aa35bc, L:/127.0.0.1:50296 - R:localhost/127.0.0.1:39095]' for 'POST' to 'http://localhost:39095/session/8629b2d1410acfede81c49d4d581eea4/execute/sync'
10:04:41.904 [Forwarding isElementDisplayed on session 8629b2d1410acfede81c49d4d581eea4 to remote] DEBUG org.asynchttpclient.netty.request.NettyRequestSender - Using open Channel [id: 0xf6aa35bc, L:/127.0.0.1:50296 - R:localhost/127.0.0.1:39095] for POST '/session/8629b2d1410acfede81c49d4d581eea4/execute/sync'
10:04:41.916 [AsyncHttpClient-1-15] DEBUG org.asynchttpclient.netty.handler.HttpHandler - 

Request DefaultHttpRequest(decodeResult: success, version: HTTP/1.1)
POST /session/8629b2d1410acfede81c49d4d581eea4/execute/sync HTTP/1.1
User-Agent: selenium/4.7.1 (java windows)
Content-Length: 48780
Content-Type: application/json; charset=utf-8
host: localhost:39095
accept: */*

Response DefaultHttpResponse(decodeResult: success, version: HTTP/1.1)
HTTP/1.1 200 OK
Content-Type: application/json; charset=utf-8
cache-control: no-cache
content-length: 14

10:04:41.916 [AsyncHttpClient-1-15] DEBUG org.asynchttpclient.netty.channel.ChannelManager - Adding key: http://localhost:39095 for channel [id: 0xf6aa35bc, L:/127.0.0.1:50296 - R:localhost/127.0.0.1:39095]
10:04:41.922 [Forwarding getCurrentWindowHandle on session 8629b2d1410acfede81c49d4d581eea4 to remote] DEBUG org.asynchttpclient.netty.request.NettyRequestSender - Using pooled Channel '[id: 0xf6aa35bc, L:/127.0.0.1:50296 - R:localhost/127.0.0.1:39095]' for 'GET' to 'http://localhost:39095/session/8629b2d1410acfede81c49d4d581eea4/window'
10:04:41.923 [Forwarding getCurrentWindowHandle on session 8629b2d1410acfede81c49d4d581eea4 to remote] DEBUG org.asynchttpclient.netty.request.NettyRequestSender - Using open Channel [id: 0xf6aa35bc, L:/127.0.0.1:50296 - R:localhost/127.0.0.1:39095] for GET '/session/8629b2d1410acfede81c49d4d581eea4/window'
10:04:41.924 [AsyncHttpClient-1-15] DEBUG org.asynchttpclient.netty.handler.HttpHandler - 

Request DefaultFullHttpRequest(decodeResult: success, version: HTTP/1.1, content: EmptyByteBufBE)
GET /session/8629b2d1410acfede81c49d4d581eea4/window HTTP/1.1
User-Agent: selenium/4.7.1 (java windows)
Cache-Control: no-cache
Content-Type: application/json; charset=utf-8
host: localhost:39095
accept: */*

Response DefaultHttpResponse(decodeResult: success, version: HTTP/1.1)
HTTP/1.1 200 OK
Content-Type: application/json; charset=utf-8
cache-control: no-cache
content-length: 44

10:04:41.924 [AsyncHttpClient-1-15] DEBUG org.asynchttpclient.netty.channel.ChannelManager - Adding key: http://localhost:39095 for channel [id: 0xf6aa35bc, L:/127.0.0.1:50296 - R:localhost/127.0.0.1:39095]
10:04:41.925 [Forwarding getAlertText on session 8629b2d1410acfede81c49d4d581eea4 to remote] DEBUG org.asynchttpclient.netty.request.NettyRequestSender - Using pooled Channel '[id: 0xf6aa35bc, L:/127.0.0.1:50296 - R:localhost/127.0.0.1:39095]' for 'GET' to 'http://localhost:39095/session/8629b2d1410acfede81c49d4d581eea4/alert/text'
10:04:41.926 [Forwarding getAlertText on session 8629b2d1410acfede81c49d4d581eea4 to remote] DEBUG org.asynchttpclient.netty.request.NettyRequestSender - Using open Channel [id: 0xf6aa35bc, L:/127.0.0.1:50296 - R:localhost/127.0.0.1:39095] for GET '/session/8629b2d1410acfede81c49d4d581eea4/alert/text'
10:04:41.928 [AsyncHttpClient-1-15] DEBUG org.asynchttpclient.netty.handler.HttpHandler - 

Request DefaultFullHttpRequest(decodeResult: success, version: HTTP/1.1, content: EmptyByteBufBE)
GET /session/8629b2d1410acfede81c49d4d581eea4/alert/text HTTP/1.1
User-Agent: selenium/4.7.1 (java windows)
Cache-Control: no-cache
Content-Type: application/json; charset=utf-8
host: localhost:39095
accept: */*

Response DefaultHttpResponse(decodeResult: success, version: HTTP/1.1)
HTTP/1.1 404 Not Found
Content-Type: application/json; charset=utf-8
cache-control: no-cache
content-length: 821

10:04:41.928 [AsyncHttpClient-1-15] DEBUG org.asynchttpclient.netty.channel.ChannelManager - Adding key: http://localhost:39095 for channel [id: 0xf6aa35bc, L:/127.0.0.1:50296 - R:localhost/127.0.0.1:39095]
10:04:41.931 [Forwarding switchToWindow on session 8629b2d1410acfede81c49d4d581eea4 to remote] DEBUG org.asynchttpclient.netty.request.NettyRequestSender - Using pooled Channel '[id: 0xf6aa35bc, L:/127.0.0.1:50296 - R:localhost/127.0.0.1:39095]' for 'POST' to 'http://localhost:39095/session/8629b2d1410acfede81c49d4d581eea4/window'
10:04:41.931 [Forwarding switchToWindow on session 8629b2d1410acfede81c49d4d581eea4 to remote] DEBUG org.asynchttpclient.netty.request.NettyRequestSender - Using open Channel [id: 0xf6aa35bc, L:/127.0.0.1:50296 - R:localhost/127.0.0.1:39095] for POST '/session/8629b2d1410acfede81c49d4d581eea4/window'
10:04:41.934 [AsyncHttpClient-1-15] DEBUG org.asynchttpclient.netty.handler.HttpHandler - 

Request DefaultHttpRequest(decodeResult: success, version: HTTP/1.1)
POST /session/8629b2d1410acfede81c49d4d581eea4/window HTTP/1.1
User-Agent: selenium/4.7.1 (java windows)
Content-Length: 50
Content-Type: application/json; charset=utf-8
host: localhost:39095
accept: */*

Response DefaultHttpResponse(decodeResult: success, version: HTTP/1.1)
HTTP/1.1 200 OK
Content-Type: application/json; charset=utf-8
cache-control: no-cache
content-length: 14

10:04:41.934 [AsyncHttpClient-1-15] DEBUG org.asynchttpclient.netty.channel.ChannelManager - Adding key: http://localhost:39095 for channel [id: 0xf6aa35bc, L:/127.0.0.1:50296 - R:localhost/127.0.0.1:39095]
10:04:41.935 [Forwarding getCurrentUrl on session 8629b2d1410acfede81c49d4d581eea4 to remote] DEBUG org.asynchttpclient.netty.request.NettyRequestSender - Using pooled Channel '[id: 0xf6aa35bc, L:/127.0.0.1:50296 - R:localhost/127.0.0.1:39095]' for 'GET' to 'http://localhost:39095/session/8629b2d1410acfede81c49d4d581eea4/url'
10:04:41.935 [Forwarding getCurrentUrl on session 8629b2d1410acfede81c49d4d581eea4 to remote] DEBUG org.asynchttpclient.netty.request.NettyRequestSender - Using open Channel [id: 0xf6aa35bc, L:/127.0.0.1:50296 - R:localhost/127.0.0.1:39095] for GET '/session/8629b2d1410acfede81c49d4d581eea4/url'
10:04:41.940 [AsyncHttpClient-1-15] DEBUG org.asynchttpclient.netty.handler.HttpHandler - 

Request DefaultFullHttpRequest(decodeResult: success, version: HTTP/1.1, content: EmptyByteBufBE)
GET /session/8629b2d1410acfede81c49d4d581eea4/url HTTP/1.1
User-Agent: selenium/4.7.1 (java windows)
Cache-Control: no-cache
Content-Type: application/json; charset=utf-8
host: localhost:39095
accept: */*

Response DefaultHttpResponse(decodeResult: success, version: HTTP/1.1)
HTTP/1.1 200 OK
Content-Type: application/json; charset=utf-8
cache-control: no-cache
content-length: 41

10:04:41.941 [AsyncHttpClient-1-15] DEBUG org.asynchttpclient.netty.channel.ChannelManager - Adding key: http://localhost:39095 for channel [id: 0xf6aa35bc, L:/127.0.0.1:50296 - R:localhost/127.0.0.1:39095]
10:04:41.942 [Forwarding screenshot on session 8629b2d1410acfede81c49d4d581eea4 to remote] DEBUG org.asynchttpclient.netty.request.NettyRequestSender - Using pooled Channel '[id: 0xf6aa35bc, L:/127.0.0.1:50296 - R:localhost/127.0.0.1:39095]' for 'GET' to 'http://localhost:39095/session/8629b2d1410acfede81c49d4d581eea4/screenshot'
10:04:41.942 [Forwarding screenshot on session 8629b2d1410acfede81c49d4d581eea4 to remote] DEBUG org.asynchttpclient.netty.request.NettyRequestSender - Using open Channel [id: 0xf6aa35bc, L:/127.0.0.1:50296 - R:localhost/127.0.0.1:39095] for GET '/session/8629b2d1410acfede81c49d4d581eea4/screenshot'
10:04:42.048 [AsyncHttpClient-1-15] DEBUG org.asynchttpclient.netty.handler.HttpHandler - 

Request DefaultFullHttpRequest(decodeResult: success, version: HTTP/1.1, content: EmptyByteBufBE)
GET /session/8629b2d1410acfede81c49d4d581eea4/screenshot HTTP/1.1
User-Agent: selenium/4.7.1 (java windows)
Cache-Control: no-cache
Content-Type: application/json; charset=utf-8
host: localhost:39095
accept: */*

Response DefaultHttpResponse(decodeResult: success, version: HTTP/1.1)
HTTP/1.1 200 OK
Content-Type: application/json; charset=utf-8
cache-control: no-cache
content-length: 116560

10:04:42.048 [AsyncHttpClient-1-15] DEBUG org.asynchttpclient.netty.channel.ChannelManager - Adding key: http://localhost:39095 for channel [id: 0xf6aa35bc, L:/127.0.0.1:50296 - R:localhost/127.0.0.1:39095]
10:04:42.051 [main] DEBUG net.serenitybdd.core.photography.Darkroom - Send negative for processing for target\site\serenity\460d7ead43fa1fe8ad55ee609e5b1333d92eeea0cef3a20e4b0e5e8acb346d51.png
10:04:42.052 [main] DEBUG net.thucydides.core.steps.StepInterceptor - STEP DONE: diHomepageKembali
10:04:42.056 [main] DEBUG net.thucydides.core.steps.StepInterceptor - STARTING STEP: TransaksiSteps.userKlikBeliPadaProdukYangDiinginkan - klikButtonBeli
10:04:42.058 [Forwarding findElement on session 8629b2d1410acfede81c49d4d581eea4 to remote] DEBUG org.asynchttpclient.netty.request.NettyRequestSender - Using pooled Channel '[id: 0xf6aa35bc, L:/127.0.0.1:50296 - R:localhost/127.0.0.1:39095]' for 'POST' to 'http://localhost:39095/session/8629b2d1410acfede81c49d4d581eea4/element'
10:04:42.058 [Forwarding findElement on session 8629b2d1410acfede81c49d4d581eea4 to remote] DEBUG org.asynchttpclient.netty.request.NettyRequestSender - Using open Channel [id: 0xf6aa35bc, L:/127.0.0.1:50296 - R:localhost/127.0.0.1:39095] for POST '/session/8629b2d1410acfede81c49d4d581eea4/element'
10:04:42.073 [AsyncHttpClient-1-15] DEBUG org.asynchttpclient.netty.handler.HttpHandler - 

Request DefaultHttpRequest(decodeResult: success, version: HTTP/1.1)
POST /session/8629b2d1410acfede81c49d4d581eea4/element HTTP/1.1
User-Agent: selenium/4.7.1 (java windows)
Content-Length: 194
Content-Type: application/json; charset=utf-8
host: localhost:39095
accept: */*

Response DefaultHttpResponse(decodeResult: success, version: HTTP/1.1)
HTTP/1.1 200 OK
Content-Type: application/json; charset=utf-8
cache-control: no-cache
content-length: 88

10:04:42.074 [AsyncHttpClient-1-15] DEBUG org.asynchttpclient.netty.channel.ChannelManager - Adding key: http://localhost:39095 for channel [id: 0xf6aa35bc, L:/127.0.0.1:50296 - R:localhost/127.0.0.1:39095]
10:04:42.075 [Forwarding getElementTagName on session 8629b2d1410acfede81c49d4d581eea4 to remote] DEBUG org.asynchttpclient.netty.request.NettyRequestSender - Using pooled Channel '[id: 0xf6aa35bc, L:/127.0.0.1:50296 - R:localhost/127.0.0.1:39095]' for 'GET' to 'http://localhost:39095/session/8629b2d1410acfede81c49d4d581eea4/element/a524d5d8-4b68-4287-bc06-d611a7ef4387/name'
10:04:42.076 [Forwarding getElementTagName on session 8629b2d1410acfede81c49d4d581eea4 to remote] DEBUG org.asynchttpclient.netty.request.NettyRequestSender - Using open Channel [id: 0xf6aa35bc, L:/127.0.0.1:50296 - R:localhost/127.0.0.1:39095] for GET '/session/8629b2d1410acfede81c49d4d581eea4/element/a524d5d8-4b68-4287-bc06-d611a7ef4387/name'
10:04:42.083 [AsyncHttpClient-1-15] DEBUG org.asynchttpclient.netty.handler.HttpHandler - 

Request DefaultFullHttpRequest(decodeResult: success, version: HTTP/1.1, content: EmptyByteBufBE)
GET /session/8629b2d1410acfede81c49d4d581eea4/element/a524d5d8-4b68-4287-bc06-d611a7ef4387/name HTTP/1.1
User-Agent: selenium/4.7.1 (java windows)
Cache-Control: no-cache
Content-Type: application/json; charset=utf-8
host: localhost:39095
accept: */*

Response DefaultHttpResponse(decodeResult: success, version: HTTP/1.1)
HTTP/1.1 200 OK
Content-Type: application/json; charset=utf-8
cache-control: no-cache
content-length: 16

10:04:42.083 [AsyncHttpClient-1-15] DEBUG org.asynchttpclient.netty.channel.ChannelManager - Adding key: http://localhost:39095 for channel [id: 0xf6aa35bc, L:/127.0.0.1:50296 - R:localhost/127.0.0.1:39095]
10:04:42.085 [Forwarding getElementTagName on session 8629b2d1410acfede81c49d4d581eea4 to remote] DEBUG org.asynchttpclient.netty.request.NettyRequestSender - Using pooled Channel '[id: 0xf6aa35bc, L:/127.0.0.1:50296 - R:localhost/127.0.0.1:39095]' for 'GET' to 'http://localhost:39095/session/8629b2d1410acfede81c49d4d581eea4/element/a524d5d8-4b68-4287-bc06-d611a7ef4387/name'
10:04:42.085 [Forwarding getElementTagName on session 8629b2d1410acfede81c49d4d581eea4 to remote] DEBUG org.asynchttpclient.netty.request.NettyRequestSender - Using open Channel [id: 0xf6aa35bc, L:/127.0.0.1:50296 - R:localhost/127.0.0.1:39095] for GET '/session/8629b2d1410acfede81c49d4d581eea4/element/a524d5d8-4b68-4287-bc06-d611a7ef4387/name'
10:04:42.091 [AsyncHttpClient-1-15] DEBUG org.asynchttpclient.netty.handler.HttpHandler - 

Request DefaultFullHttpRequest(decodeResult: success, version: HTTP/1.1, content: EmptyByteBufBE)
GET /session/8629b2d1410acfede81c49d4d581eea4/element/a524d5d8-4b68-4287-bc06-d611a7ef4387/name HTTP/1.1
User-Agent: selenium/4.7.1 (java windows)
Cache-Control: no-cache
Content-Type: application/json; charset=utf-8
host: localhost:39095
accept: */*

Response DefaultHttpResponse(decodeResult: success, version: HTTP/1.1)
HTTP/1.1 200 OK
Content-Type: application/json; charset=utf-8
cache-control: no-cache
content-length: 16

10:04:42.092 [AsyncHttpClient-1-15] DEBUG org.asynchttpclient.netty.channel.ChannelManager - Adding key: http://localhost:39095 for channel [id: 0xf6aa35bc, L:/127.0.0.1:50296 - R:localhost/127.0.0.1:39095]
10:04:42.094 [Forwarding findElement on session 8629b2d1410acfede81c49d4d581eea4 to remote] DEBUG org.asynchttpclient.netty.request.NettyRequestSender - Using pooled Channel '[id: 0xf6aa35bc, L:/127.0.0.1:50296 - R:localhost/127.0.0.1:39095]' for 'POST' to 'http://localhost:39095/session/8629b2d1410acfede81c49d4d581eea4/element'
10:04:42.094 [Forwarding findElement on session 8629b2d1410acfede81c49d4d581eea4 to remote] DEBUG org.asynchttpclient.netty.request.NettyRequestSender - Using open Channel [id: 0xf6aa35bc, L:/127.0.0.1:50296 - R:localhost/127.0.0.1:39095] for POST '/session/8629b2d1410acfede81c49d4d581eea4/element'
10:04:42.111 [AsyncHttpClient-1-15] DEBUG org.asynchttpclient.netty.handler.HttpHandler - 

Request DefaultHttpRequest(decodeResult: success, version: HTTP/1.1)
POST /session/8629b2d1410acfede81c49d4d581eea4/element HTTP/1.1
User-Agent: selenium/4.7.1 (java windows)
Content-Length: 194
Content-Type: application/json; charset=utf-8
host: localhost:39095
accept: */*

Response DefaultHttpResponse(decodeResult: success, version: HTTP/1.1)
HTTP/1.1 200 OK
Content-Type: application/json; charset=utf-8
cache-control: no-cache
content-length: 88

10:04:42.111 [AsyncHttpClient-1-15] DEBUG org.asynchttpclient.netty.channel.ChannelManager - Adding key: http://localhost:39095 for channel [id: 0xf6aa35bc, L:/127.0.0.1:50296 - R:localhost/127.0.0.1:39095]
10:04:42.113 [Forwarding clickElement on session 8629b2d1410acfede81c49d4d581eea4 to remote] DEBUG org.asynchttpclient.netty.request.NettyRequestSender - Using pooled Channel '[id: 0xf6aa35bc, L:/127.0.0.1:50296 - R:localhost/127.0.0.1:39095]' for 'POST' to 'http://localhost:39095/session/8629b2d1410acfede81c49d4d581eea4/element/a524d5d8-4b68-4287-bc06-d611a7ef4387/click'
10:04:42.113 [Forwarding clickElement on session 8629b2d1410acfede81c49d4d581eea4 to remote] DEBUG org.asynchttpclient.netty.request.NettyRequestSender - Using open Channel [id: 0xf6aa35bc, L:/127.0.0.1:50296 - R:localhost/127.0.0.1:39095] for POST '/session/8629b2d1410acfede81c49d4d581eea4/element/a524d5d8-4b68-4287-bc06-d611a7ef4387/click'
10:04:42.264 [AsyncHttpClient-1-15] DEBUG org.asynchttpclient.netty.handler.HttpHandler - 

Request DefaultHttpRequest(decodeResult: success, version: HTTP/1.1)
POST /session/8629b2d1410acfede81c49d4d581eea4/element/a524d5d8-4b68-4287-bc06-d611a7ef4387/click HTTP/1.1
User-Agent: selenium/4.7.1 (java windows)
Content-Length: 50
Content-Type: application/json; charset=utf-8
host: localhost:39095
accept: */*

Response DefaultHttpResponse(decodeResult: success, version: HTTP/1.1)
HTTP/1.1 200 OK
Content-Type: application/json; charset=utf-8
cache-control: no-cache
content-length: 14

10:04:42.265 [AsyncHttpClient-1-15] DEBUG org.asynchttpclient.netty.channel.ChannelManager - Adding key: http://localhost:39095 for channel [id: 0xf6aa35bc, L:/127.0.0.1:50296 - R:localhost/127.0.0.1:39095]
10:04:42.273 [Forwarding getCurrentWindowHandle on session 8629b2d1410acfede81c49d4d581eea4 to remote] DEBUG org.asynchttpclient.netty.request.NettyRequestSender - Using pooled Channel '[id: 0xf6aa35bc, L:/127.0.0.1:50296 - R:localhost/127.0.0.1:39095]' for 'GET' to 'http://localhost:39095/session/8629b2d1410acfede81c49d4d581eea4/window'
10:04:42.273 [Forwarding getCurrentWindowHandle on session 8629b2d1410acfede81c49d4d581eea4 to remote] DEBUG org.asynchttpclient.netty.request.NettyRequestSender - Using open Channel [id: 0xf6aa35bc, L:/127.0.0.1:50296 - R:localhost/127.0.0.1:39095] for GET '/session/8629b2d1410acfede81c49d4d581eea4/window'
10:04:42.274 [AsyncHttpClient-1-15] DEBUG org.asynchttpclient.netty.handler.HttpHandler - 

Request DefaultFullHttpRequest(decodeResult: success, version: HTTP/1.1, content: EmptyByteBufBE)
GET /session/8629b2d1410acfede81c49d4d581eea4/window HTTP/1.1
User-Agent: selenium/4.7.1 (java windows)
Cache-Control: no-cache
Content-Type: application/json; charset=utf-8
host: localhost:39095
accept: */*

Response DefaultHttpResponse(decodeResult: success, version: HTTP/1.1)
HTTP/1.1 200 OK
Content-Type: application/json; charset=utf-8
cache-control: no-cache
content-length: 44

10:04:42.275 [AsyncHttpClient-1-15] DEBUG org.asynchttpclient.netty.channel.ChannelManager - Adding key: http://localhost:39095 for channel [id: 0xf6aa35bc, L:/127.0.0.1:50296 - R:localhost/127.0.0.1:39095]
10:04:42.276 [Forwarding getAlertText on session 8629b2d1410acfede81c49d4d581eea4 to remote] DEBUG org.asynchttpclient.netty.request.NettyRequestSender - Using pooled Channel '[id: 0xf6aa35bc, L:/127.0.0.1:50296 - R:localhost/127.0.0.1:39095]' for 'GET' to 'http://localhost:39095/session/8629b2d1410acfede81c49d4d581eea4/alert/text'
10:04:42.276 [Forwarding getAlertText on session 8629b2d1410acfede81c49d4d581eea4 to remote] DEBUG org.asynchttpclient.netty.request.NettyRequestSender - Using open Channel [id: 0xf6aa35bc, L:/127.0.0.1:50296 - R:localhost/127.0.0.1:39095] for GET '/session/8629b2d1410acfede81c49d4d581eea4/alert/text'
10:04:42.278 [AsyncHttpClient-1-15] DEBUG org.asynchttpclient.netty.handler.HttpHandler - 

Request DefaultFullHttpRequest(decodeResult: success, version: HTTP/1.1, content: EmptyByteBufBE)
GET /session/8629b2d1410acfede81c49d4d581eea4/alert/text HTTP/1.1
User-Agent: selenium/4.7.1 (java windows)
Cache-Control: no-cache
Content-Type: application/json; charset=utf-8
host: localhost:39095
accept: */*

Response DefaultHttpResponse(decodeResult: success, version: HTTP/1.1)
HTTP/1.1 404 Not Found
Content-Type: application/json; charset=utf-8
cache-control: no-cache
content-length: 821

10:04:42.279 [AsyncHttpClient-1-15] DEBUG org.asynchttpclient.netty.channel.ChannelManager - Adding key: http://localhost:39095 for channel [id: 0xf6aa35bc, L:/127.0.0.1:50296 - R:localhost/127.0.0.1:39095]
10:04:42.281 [Forwarding switchToWindow on session 8629b2d1410acfede81c49d4d581eea4 to remote] DEBUG org.asynchttpclient.netty.request.NettyRequestSender - Using pooled Channel '[id: 0xf6aa35bc, L:/127.0.0.1:50296 - R:localhost/127.0.0.1:39095]' for 'POST' to 'http://localhost:39095/session/8629b2d1410acfede81c49d4d581eea4/window'
10:04:42.281 [Forwarding switchToWindow on session 8629b2d1410acfede81c49d4d581eea4 to remote] DEBUG org.asynchttpclient.netty.request.NettyRequestSender - Using open Channel [id: 0xf6aa35bc, L:/127.0.0.1:50296 - R:localhost/127.0.0.1:39095] for POST '/session/8629b2d1410acfede81c49d4d581eea4/window'
10:04:42.284 [AsyncHttpClient-1-15] DEBUG org.asynchttpclient.netty.handler.HttpHandler - 

Request DefaultHttpRequest(decodeResult: success, version: HTTP/1.1)
POST /session/8629b2d1410acfede81c49d4d581eea4/window HTTP/1.1
User-Agent: selenium/4.7.1 (java windows)
Content-Length: 50
Content-Type: application/json; charset=utf-8
host: localhost:39095
accept: */*

Response DefaultHttpResponse(decodeResult: success, version: HTTP/1.1)
HTTP/1.1 200 OK
Content-Type: application/json; charset=utf-8
cache-control: no-cache
content-length: 14

10:04:42.284 [AsyncHttpClient-1-15] DEBUG org.asynchttpclient.netty.channel.ChannelManager - Adding key: http://localhost:39095 for channel [id: 0xf6aa35bc, L:/127.0.0.1:50296 - R:localhost/127.0.0.1:39095]
10:04:42.286 [Forwarding getCurrentUrl on session 8629b2d1410acfede81c49d4d581eea4 to remote] DEBUG org.asynchttpclient.netty.request.NettyRequestSender - Using pooled Channel '[id: 0xf6aa35bc, L:/127.0.0.1:50296 - R:localhost/127.0.0.1:39095]' for 'GET' to 'http://localhost:39095/session/8629b2d1410acfede81c49d4d581eea4/url'
10:04:42.286 [Forwarding getCurrentUrl on session 8629b2d1410acfede81c49d4d581eea4 to remote] DEBUG org.asynchttpclient.netty.request.NettyRequestSender - Using open Channel [id: 0xf6aa35bc, L:/127.0.0.1:50296 - R:localhost/127.0.0.1:39095] for GET '/session/8629b2d1410acfede81c49d4d581eea4/url'
10:04:42.297 [AsyncHttpClient-1-15] DEBUG org.asynchttpclient.netty.handler.HttpHandler - 

Request DefaultFullHttpRequest(decodeResult: success, version: HTTP/1.1, content: EmptyByteBufBE)
GET /session/8629b2d1410acfede81c49d4d581eea4/url HTTP/1.1
User-Agent: selenium/4.7.1 (java windows)
Cache-Control: no-cache
Content-Type: application/json; charset=utf-8
host: localhost:39095
accept: */*

Response DefaultHttpResponse(decodeResult: success, version: HTTP/1.1)
HTTP/1.1 200 OK
Content-Type: application/json; charset=utf-8
cache-control: no-cache
content-length: 41

10:04:42.297 [AsyncHttpClient-1-15] DEBUG org.asynchttpclient.netty.channel.ChannelManager - Adding key: http://localhost:39095 for channel [id: 0xf6aa35bc, L:/127.0.0.1:50296 - R:localhost/127.0.0.1:39095]
10:04:42.298 [Forwarding screenshot on session 8629b2d1410acfede81c49d4d581eea4 to remote] DEBUG org.asynchttpclient.netty.request.NettyRequestSender - Using pooled Channel '[id: 0xf6aa35bc, L:/127.0.0.1:50296 - R:localhost/127.0.0.1:39095]' for 'GET' to 'http://localhost:39095/session/8629b2d1410acfede81c49d4d581eea4/screenshot'
10:04:42.298 [Forwarding screenshot on session 8629b2d1410acfede81c49d4d581eea4 to remote] DEBUG org.asynchttpclient.netty.request.NettyRequestSender - Using open Channel [id: 0xf6aa35bc, L:/127.0.0.1:50296 - R:localhost/127.0.0.1:39095] for GET '/session/8629b2d1410acfede81c49d4d581eea4/screenshot'
10:04:42.439 [AsyncHttpClient-1-15] DEBUG org.asynchttpclient.netty.handler.HttpHandler - 

Request DefaultFullHttpRequest(decodeResult: success, version: HTTP/1.1, content: EmptyByteBufBE)
GET /session/8629b2d1410acfede81c49d4d581eea4/screenshot HTTP/1.1
User-Agent: selenium/4.7.1 (java windows)
Cache-Control: no-cache
Content-Type: application/json; charset=utf-8
host: localhost:39095
accept: */*

Response DefaultHttpResponse(decodeResult: success, version: HTTP/1.1)
HTTP/1.1 200 OK
Content-Type: application/json; charset=utf-8
cache-control: no-cache
content-length: 118140

10:04:42.440 [AsyncHttpClient-1-15] DEBUG org.asynchttpclient.netty.channel.ChannelManager - Adding key: http://localhost:39095 for channel [id: 0xf6aa35bc, L:/127.0.0.1:50296 - R:localhost/127.0.0.1:39095]
10:04:42.443 [main] DEBUG net.serenitybdd.core.photography.Darkroom - Send negative for processing for target\site\serenity\b638a5cffd8f172a538ef8a39a4ce95506f8d1acc7a5becdbd56acf86b1e60d5.png
10:04:42.444 [main] DEBUG net.thucydides.core.steps.StepInterceptor - STEP DONE: klikButtonBeli
  &amp#27;[32mWhen &amp#27;[0m&amp#27;[32muser berada di homepage lalu klik beli pada produk yang diinginkan&amp#27;[0m &amp#27;[90m# starter.stepdefinitions.TransaksiSteps.userKlikBeliPadaProdukYangDiinginkan()&amp#27;[0m
10:04:42.445 [Darkroom Processing Line] DEBUG net.serenitybdd.core.photography.DarkroomProcessingLine - Processing screenshot image in /var/screenshots/screenshot-18365213676844299883
10:04:42.445 [Darkroom Processing Line] DEBUG net.serenitybdd.core.photography.DarkroomProcessingLine - Saving screenshot to target\site\serenity\b638a5cffd8f172a538ef8a39a4ce95506f8d1acc7a5becdbd56acf86b1e60d5.png
  &amp#27;[32mAnd &amp#27;[0m&amp#27;[32mmuncul notif pada cart&amp#27;[0m                                              &amp#27;[90m# starter.stepdefinitions.TransaksiSteps.munculNotifPadaCart()&amp#27;[0m
10:04:42.482 [main] DEBUG net.thucydides.core.steps.StepInterceptor - STARTING STEP: TransaksiSteps.userKlikCart - klikButtonCart
10:04:42.485 [Forwarding findElement on session 8629b2d1410acfede81c49d4d581eea4 to remote] DEBUG org.asynchttpclient.netty.request.NettyRequestSender - Using pooled Channel '[id: 0xf6aa35bc, L:/127.0.0.1:50296 - R:localhost/127.0.0.1:39095]' for 'POST' to 'http://localhost:39095/session/8629b2d1410acfede81c49d4d581eea4/element'
10:04:42.485 [Forwarding findElement on session 8629b2d1410acfede81c49d4d581eea4 to remote] DEBUG org.asynchttpclient.netty.request.NettyRequestSender - Using open Channel [id: 0xf6aa35bc, L:/127.0.0.1:50296 - R:localhost/127.0.0.1:39095] for POST '/session/8629b2d1410acfede81c49d4d581eea4/element'
10:04:42.511 [AsyncHttpClient-1-15] DEBUG org.asynchttpclient.netty.handler.HttpHandler - 

Request DefaultHttpRequest(decodeResult: success, version: HTTP/1.1)
POST /session/8629b2d1410acfede81c49d4d581eea4/element HTTP/1.1
User-Agent: selenium/4.7.1 (java windows)
Content-Length: 111
Content-Type: application/json; charset=utf-8
host: localhost:39095
accept: */*

Response DefaultHttpResponse(decodeResult: success, version: HTTP/1.1)
HTTP/1.1 200 OK
Content-Type: application/json; charset=utf-8
cache-control: no-cache
content-length: 88

10:04:42.511 [AsyncHttpClient-1-15] DEBUG org.asynchttpclient.netty.channel.ChannelManager - Adding key: http://localhost:39095 for channel [id: 0xf6aa35bc, L:/127.0.0.1:50296 - R:localhost/127.0.0.1:39095]
10:04:42.512 [Forwarding getElementTagName on session 8629b2d1410acfede81c49d4d581eea4 to remote] DEBUG org.asynchttpclient.netty.request.NettyRequestSender - Using pooled Channel '[id: 0xf6aa35bc, L:/127.0.0.1:50296 - R:localhost/127.0.0.1:39095]' for 'GET' to 'http://localhost:39095/session/8629b2d1410acfede81c49d4d581eea4/element/d40feb11-fba9-49fc-9ce1-90c69429b5ad/name'
10:04:42.512 [Forwarding getElementTagName on session 8629b2d1410acfede81c49d4d581eea4 to remote] DEBUG org.asynchttpclient.netty.request.NettyRequestSender - Using open Channel [id: 0xf6aa35bc, L:/127.0.0.1:50296 - R:localhost/127.0.0.1:39095] for GET '/session/8629b2d1410acfede81c49d4d581eea4/element/d40feb11-fba9-49fc-9ce1-90c69429b5ad/name'
10:04:42.519 [AsyncHttpClient-1-15] DEBUG org.asynchttpclient.netty.handler.HttpHandler - 

Request DefaultFullHttpRequest(decodeResult: success, version: HTTP/1.1, content: EmptyByteBufBE)
GET /session/8629b2d1410acfede81c49d4d581eea4/element/d40feb11-fba9-49fc-9ce1-90c69429b5ad/name HTTP/1.1
User-Agent: selenium/4.7.1 (java windows)
Cache-Control: no-cache
Content-Type: application/json; charset=utf-8
host: localhost:39095
accept: */*

Response DefaultHttpResponse(decodeResult: success, version: HTTP/1.1)
HTTP/1.1 200 OK
Content-Type: application/json; charset=utf-8
cache-control: no-cache
content-length: 18

10:04:42.519 [AsyncHttpClient-1-15] DEBUG org.asynchttpclient.netty.channel.ChannelManager - Adding key: http://localhost:39095 for channel [id: 0xf6aa35bc, L:/127.0.0.1:50296 - R:localhost/127.0.0.1:39095]
10:04:42.521 [Forwarding getElementTagName on session 8629b2d1410acfede81c49d4d581eea4 to remote] DEBUG org.asynchttpclient.netty.request.NettyRequestSender - Using pooled Channel '[id: 0xf6aa35bc, L:/127.0.0.1:50296 - R:localhost/127.0.0.1:39095]' for 'GET' to 'http://localhost:39095/session/8629b2d1410acfede81c49d4d581eea4/element/d40feb11-fba9-49fc-9ce1-90c69429b5ad/name'
10:04:42.521 [Forwarding getElementTagName on session 8629b2d1410acfede81c49d4d581eea4 to remote] DEBUG org.asynchttpclient.netty.request.NettyRequestSender - Using open Channel [id: 0xf6aa35bc, L:/127.0.0.1:50296 - R:localhost/127.0.0.1:39095] for GET '/session/8629b2d1410acfede81c49d4d581eea4/element/d40feb11-fba9-49fc-9ce1-90c69429b5ad/name'
10:04:42.529 [AsyncHttpClient-1-15] DEBUG org.asynchttpclient.netty.handler.HttpHandler - 

Request DefaultFullHttpRequest(decodeResult: success, version: HTTP/1.1, content: EmptyByteBufBE)
GET /session/8629b2d1410acfede81c49d4d581eea4/element/d40feb11-fba9-49fc-9ce1-90c69429b5ad/name HTTP/1.1
User-Agent: selenium/4.7.1 (java windows)
Cache-Control: no-cache
Content-Type: application/json; charset=utf-8
host: localhost:39095
accept: */*

Response DefaultHttpResponse(decodeResult: success, version: HTTP/1.1)
HTTP/1.1 200 OK
Content-Type: application/json; charset=utf-8
cache-control: no-cache
content-length: 18

10:04:42.529 [AsyncHttpClient-1-15] DEBUG org.asynchttpclient.netty.channel.ChannelManager - Adding key: http://localhost:39095 for channel [id: 0xf6aa35bc, L:/127.0.0.1:50296 - R:localhost/127.0.0.1:39095]
10:04:42.531 [Forwarding isElementEnabled on session 8629b2d1410acfede81c49d4d581eea4 to remote] DEBUG org.asynchttpclient.netty.request.NettyRequestSender - Using pooled Channel '[id: 0xf6aa35bc, L:/127.0.0.1:50296 - R:localhost/127.0.0.1:39095]' for 'GET' to 'http://localhost:39095/session/8629b2d1410acfede81c49d4d581eea4/element/d40feb11-fba9-49fc-9ce1-90c69429b5ad/enabled'
10:04:42.532 [Forwarding isElementEnabled on session 8629b2d1410acfede81c49d4d581eea4 to remote] DEBUG org.asynchttpclient.netty.request.NettyRequestSender - Using open Channel [id: 0xf6aa35bc, L:/127.0.0.1:50296 - R:localhost/127.0.0.1:39095] for GET '/session/8629b2d1410acfede81c49d4d581eea4/element/d40feb11-fba9-49fc-9ce1-90c69429b5ad/enabled'
10:04:42.548 [AsyncHttpClient-1-15] DEBUG org.asynchttpclient.netty.handler.HttpHandler - 

Request DefaultFullHttpRequest(decodeResult: success, version: HTTP/1.1, content: EmptyByteBufBE)
GET /session/8629b2d1410acfede81c49d4d581eea4/element/d40feb11-fba9-49fc-9ce1-90c69429b5ad/enabled HTTP/1.1
User-Agent: selenium/4.7.1 (java windows)
Cache-Control: no-cache
Content-Type: application/json; charset=utf-8
host: localhost:39095
accept: */*

Response DefaultHttpResponse(decodeResult: success, version: HTTP/1.1)
HTTP/1.1 200 OK
Content-Type: application/json; charset=utf-8
cache-control: no-cache
content-length: 14

10:04:42.549 [AsyncHttpClient-1-15] DEBUG org.asynchttpclient.netty.channel.ChannelManager - Adding key: http://localhost:39095 for channel [id: 0xf6aa35bc, L:/127.0.0.1:50296 - R:localhost/127.0.0.1:39095]
10:04:42.550 [Forwarding isElementEnabled on session 8629b2d1410acfede81c49d4d581eea4 to remote] DEBUG org.asynchttpclient.netty.request.NettyRequestSender - Using pooled Channel '[id: 0xf6aa35bc, L:/127.0.0.1:50296 - R:localhost/127.0.0.1:39095]' for 'GET' to 'http://localhost:39095/session/8629b2d1410acfede81c49d4d581eea4/element/d40feb11-fba9-49fc-9ce1-90c69429b5ad/enabled'
10:04:42.550 [Forwarding isElementEnabled on session 8629b2d1410acfede81c49d4d581eea4 to remote] DEBUG org.asynchttpclient.netty.request.NettyRequestSender - Using open Channel [id: 0xf6aa35bc, L:/127.0.0.1:50296 - R:localhost/127.0.0.1:39095] for GET '/session/8629b2d1410acfede81c49d4d581eea4/element/d40feb11-fba9-49fc-9ce1-90c69429b5ad/enabled'
10:04:42.561 [AsyncHttpClient-1-15] DEBUG org.asynchttpclient.netty.handler.HttpHandler - 

Request DefaultFullHttpRequest(decodeResult: success, version: HTTP/1.1, content: EmptyByteBufBE)
GET /session/8629b2d1410acfede81c49d4d581eea4/element/d40feb11-fba9-49fc-9ce1-90c69429b5ad/enabled HTTP/1.1
User-Agent: selenium/4.7.1 (java windows)
Cache-Control: no-cache
Content-Type: application/json; charset=utf-8
host: localhost:39095
accept: */*

Response DefaultHttpResponse(decodeResult: success, version: HTTP/1.1)
HTTP/1.1 200 OK
Content-Type: application/json; charset=utf-8
cache-control: no-cache
content-length: 14

10:04:42.562 [AsyncHttpClient-1-15] DEBUG org.asynchttpclient.netty.channel.ChannelManager - Adding key: http://localhost:39095 for channel [id: 0xf6aa35bc, L:/127.0.0.1:50296 - R:localhost/127.0.0.1:39095]
10:04:42.565 [Forwarding findElement on session 8629b2d1410acfede81c49d4d581eea4 to remote] DEBUG org.asynchttpclient.netty.request.NettyRequestSender - Using pooled Channel '[id: 0xf6aa35bc, L:/127.0.0.1:50296 - R:localhost/127.0.0.1:39095]' for 'POST' to 'http://localhost:39095/session/8629b2d1410acfede81c49d4d581eea4/element'
10:04:42.565 [Forwarding findElement on session 8629b2d1410acfede81c49d4d581eea4 to remote] DEBUG org.asynchttpclient.netty.request.NettyRequestSender - Using open Channel [id: 0xf6aa35bc, L:/127.0.0.1:50296 - R:localhost/127.0.0.1:39095] for POST '/session/8629b2d1410acfede81c49d4d581eea4/element'
10:04:42.569 [AsyncHttpClient-1-1] DEBUG org.asynchttpclient.netty.channel.DefaultChannelPool - Entry count for : http://localhost:50297 : 1
10:04:42.593 [AsyncHttpClient-1-15] DEBUG org.asynchttpclient.netty.handler.HttpHandler - 

Request DefaultHttpRequest(decodeResult: success, version: HTTP/1.1)
POST /session/8629b2d1410acfede81c49d4d581eea4/element HTTP/1.1
User-Agent: selenium/4.7.1 (java windows)
Content-Length: 111
Content-Type: application/json; charset=utf-8
host: localhost:39095
accept: */*

Response DefaultHttpResponse(decodeResult: success, version: HTTP/1.1)
HTTP/1.1 200 OK
Content-Type: application/json; charset=utf-8
cache-control: no-cache
content-length: 88

10:04:42.593 [AsyncHttpClient-1-15] DEBUG org.asynchttpclient.netty.channel.ChannelManager - Adding key: http://localhost:39095 for channel [id: 0xf6aa35bc, L:/127.0.0.1:50296 - R:localhost/127.0.0.1:39095]
10:04:42.596 [Forwarding clickElement on session 8629b2d1410acfede81c49d4d581eea4 to remote] DEBUG org.asynchttpclient.netty.request.NettyRequestSender - Using pooled Channel '[id: 0xf6aa35bc, L:/127.0.0.1:50296 - R:localhost/127.0.0.1:39095]' for 'POST' to 'http://localhost:39095/session/8629b2d1410acfede81c49d4d581eea4/element/d40feb11-fba9-49fc-9ce1-90c69429b5ad/click'
10:04:42.596 [Forwarding clickElement on session 8629b2d1410acfede81c49d4d581eea4 to remote] DEBUG org.asynchttpclient.netty.request.NettyRequestSender - Using open Channel [id: 0xf6aa35bc, L:/127.0.0.1:50296 - R:localhost/127.0.0.1:39095] for POST '/session/8629b2d1410acfede81c49d4d581eea4/element/d40feb11-fba9-49fc-9ce1-90c69429b5ad/click'
10:04:42.725 [AsyncHttpClient-1-15] DEBUG org.asynchttpclient.netty.handler.HttpHandler - 

Request DefaultHttpRequest(decodeResult: success, version: HTTP/1.1)
POST /session/8629b2d1410acfede81c49d4d581eea4/element/d40feb11-fba9-49fc-9ce1-90c69429b5ad/click HTTP/1.1
User-Agent: selenium/4.7.1 (java windows)
Content-Length: 50
Content-Type: application/json; charset=utf-8
host: localhost:39095
accept: */*

Response DefaultHttpResponse(decodeResult: success, version: HTTP/1.1)
HTTP/1.1 200 OK
Content-Type: application/json; charset=utf-8
cache-control: no-cache
content-length: 14

10:04:42.725 [AsyncHttpClient-1-15] DEBUG org.asynchttpclient.netty.channel.ChannelManager - Adding key: http://localhost:39095 for channel [id: 0xf6aa35bc, L:/127.0.0.1:50296 - R:localhost/127.0.0.1:39095]
10:04:42.739 [Forwarding getCurrentWindowHandle on session 8629b2d1410acfede81c49d4d581eea4 to remote] DEBUG org.asynchttpclient.netty.request.NettyRequestSender - Using pooled Channel '[id: 0xf6aa35bc, L:/127.0.0.1:50296 - R:localhost/127.0.0.1:39095]' for 'GET' to 'http://localhost:39095/session/8629b2d1410acfede81c49d4d581eea4/window'
10:04:42.739 [Forwarding getCurrentWindowHandle on session 8629b2d1410acfede81c49d4d581eea4 to remote] DEBUG org.asynchttpclient.netty.request.NettyRequestSender - Using open Channel [id: 0xf6aa35bc, L:/127.0.0.1:50296 - R:localhost/127.0.0.1:39095] for GET '/session/8629b2d1410acfede81c49d4d581eea4/window'
10:04:42.741 [AsyncHttpClient-1-15] DEBUG org.asynchttpclient.netty.handler.HttpHandler - 

Request DefaultFullHttpRequest(decodeResult: success, version: HTTP/1.1, content: EmptyByteBufBE)
GET /session/8629b2d1410acfede81c49d4d581eea4/window HTTP/1.1
User-Agent: selenium/4.7.1 (java windows)
Cache-Control: no-cache
Content-Type: application/json; charset=utf-8
host: localhost:39095
accept: */*

Response DefaultHttpResponse(decodeResult: success, version: HTTP/1.1)
HTTP/1.1 200 OK
Content-Type: application/json; charset=utf-8
cache-control: no-cache
content-length: 44

10:04:42.741 [AsyncHttpClient-1-15] DEBUG org.asynchttpclient.netty.channel.ChannelManager - Adding key: http://localhost:39095 for channel [id: 0xf6aa35bc, L:/127.0.0.1:50296 - R:localhost/127.0.0.1:39095]
10:04:42.744 [Forwarding getAlertText on session 8629b2d1410acfede81c49d4d581eea4 to remote] DEBUG org.asynchttpclient.netty.request.NettyRequestSender - Using pooled Channel '[id: 0xf6aa35bc, L:/127.0.0.1:50296 - R:localhost/127.0.0.1:39095]' for 'GET' to 'http://localhost:39095/session/8629b2d1410acfede81c49d4d581eea4/alert/text'
10:04:42.744 [Forwarding getAlertText on session 8629b2d1410acfede81c49d4d581eea4 to remote] DEBUG org.asynchttpclient.netty.request.NettyRequestSender - Using open Channel [id: 0xf6aa35bc, L:/127.0.0.1:50296 - R:localhost/127.0.0.1:39095] for GET '/session/8629b2d1410acfede81c49d4d581eea4/alert/text'
10:04:42.930 [AsyncHttpClient-1-15] DEBUG org.asynchttpclient.netty.handler.HttpHandler - 

Request DefaultFullHttpRequest(decodeResult: success, version: HTTP/1.1, content: EmptyByteBufBE)
GET /session/8629b2d1410acfede81c49d4d581eea4/alert/text HTTP/1.1
User-Agent: selenium/4.7.1 (java windows)
Cache-Control: no-cache
Content-Type: application/json; charset=utf-8
host: localhost:39095
accept: */*

Response DefaultHttpResponse(decodeResult: success, version: HTTP/1.1)
HTTP/1.1 404 Not Found
Content-Type: application/json; charset=utf-8
cache-control: no-cache
content-length: 821

10:04:42.930 [AsyncHttpClient-1-15] DEBUG org.asynchttpclient.netty.channel.ChannelManager - Adding key: http://localhost:39095 for channel [id: 0xf6aa35bc, L:/127.0.0.1:50296 - R:localhost/127.0.0.1:39095]
10:04:42.933 [Forwarding switchToWindow on session 8629b2d1410acfede81c49d4d581eea4 to remote] DEBUG org.asynchttpclient.netty.request.NettyRequestSender - Using pooled Channel '[id: 0xf6aa35bc, L:/127.0.0.1:50296 - R:localhost/127.0.0.1:39095]' for 'POST' to 'http://localhost:39095/session/8629b2d1410acfede81c49d4d581eea4/window'
10:04:42.933 [Forwarding switchToWindow on session 8629b2d1410acfede81c49d4d581eea4 to remote] DEBUG org.asynchttpclient.netty.request.NettyRequestSender - Using open Channel [id: 0xf6aa35bc, L:/127.0.0.1:50296 - R:localhost/127.0.0.1:39095] for POST '/session/8629b2d1410acfede81c49d4d581eea4/window'
10:04:42.938 [AsyncHttpClient-1-15] DEBUG org.asynchttpclient.netty.handler.HttpHandler - 

Request DefaultHttpRequest(decodeResult: success, version: HTTP/1.1)
POST /session/8629b2d1410acfede81c49d4d581eea4/window HTTP/1.1
User-Agent: selenium/4.7.1 (java windows)
Content-Length: 50
Content-Type: application/json; charset=utf-8
host: localhost:39095
accept: */*

Response DefaultHttpResponse(decodeResult: success, version: HTTP/1.1)
HTTP/1.1 200 OK
Content-Type: application/json; charset=utf-8
cache-control: no-cache
content-length: 14

10:04:42.938 [AsyncHttpClient-1-15] DEBUG org.asynchttpclient.netty.channel.ChannelManager - Adding key: http://localhost:39095 for channel [id: 0xf6aa35bc, L:/127.0.0.1:50296 - R:localhost/127.0.0.1:39095]
10:04:42.939 [Forwarding getCurrentUrl on session 8629b2d1410acfede81c49d4d581eea4 to remote] DEBUG org.asynchttpclient.netty.request.NettyRequestSender - Using pooled Channel '[id: 0xf6aa35bc, L:/127.0.0.1:50296 - R:localhost/127.0.0.1:39095]' for 'GET' to 'http://localhost:39095/session/8629b2d1410acfede81c49d4d581eea4/url'
10:04:42.939 [Forwarding getCurrentUrl on session 8629b2d1410acfede81c49d4d581eea4 to remote] DEBUG org.asynchttpclient.netty.request.NettyRequestSender - Using open Channel [id: 0xf6aa35bc, L:/127.0.0.1:50296 - R:localhost/127.0.0.1:39095] for GET '/session/8629b2d1410acfede81c49d4d581eea4/url'
10:04:42.947 [AsyncHttpClient-1-15] DEBUG org.asynchttpclient.netty.handler.HttpHandler - 

Request DefaultFullHttpRequest(decodeResult: success, version: HTTP/1.1, content: EmptyByteBufBE)
GET /session/8629b2d1410acfede81c49d4d581eea4/url HTTP/1.1
User-Agent: selenium/4.7.1 (java windows)
Cache-Control: no-cache
Content-Type: application/json; charset=utf-8
host: localhost:39095
accept: */*

Response DefaultHttpResponse(decodeResult: success, version: HTTP/1.1)
HTTP/1.1 200 OK
Content-Type: application/json; charset=utf-8
cache-control: no-cache
content-length: 46

10:04:42.948 [AsyncHttpClient-1-15] DEBUG org.asynchttpclient.netty.channel.ChannelManager - Adding key: http://localhost:39095 for channel [id: 0xf6aa35bc, L:/127.0.0.1:50296 - R:localhost/127.0.0.1:39095]
10:04:42.948 [Forwarding screenshot on session 8629b2d1410acfede81c49d4d581eea4 to remote] DEBUG org.asynchttpclient.netty.request.NettyRequestSender - Using pooled Channel '[id: 0xf6aa35bc, L:/127.0.0.1:50296 - R:localhost/127.0.0.1:39095]' for 'GET' to 'http://localhost:39095/session/8629b2d1410acfede81c49d4d581eea4/screenshot'
10:04:42.948 [Forwarding screenshot on session 8629b2d1410acfede81c49d4d581eea4 to remote] DEBUG org.asynchttpclient.netty.request.NettyRequestSender - Using open Channel [id: 0xf6aa35bc, L:/127.0.0.1:50296 - R:localhost/127.0.0.1:39095] for GET '/session/8629b2d1410acfede81c49d4d581eea4/screenshot'
10:04:43.087 [AsyncHttpClient-1-15] DEBUG org.asynchttpclient.netty.handler.HttpHandler - 

Request DefaultFullHttpRequest(decodeResult: success, version: HTTP/1.1, content: EmptyByteBufBE)
GET /session/8629b2d1410acfede81c49d4d581eea4/screenshot HTTP/1.1
User-Agent: selenium/4.7.1 (java windows)
Cache-Control: no-cache
Content-Type: application/json; charset=utf-8
host: localhost:39095
accept: */*

Response DefaultHttpResponse(decodeResult: success, version: HTTP/1.1)
HTTP/1.1 200 OK
Content-Type: application/json; charset=utf-8
cache-control: no-cache
content-length: 29004

10:04:43.088 [AsyncHttpClient-1-15] DEBUG org.asynchttpclient.netty.channel.ChannelManager - Adding key: http://localhost:39095 for channel [id: 0xf6aa35bc, L:/127.0.0.1:50296 - R:localhost/127.0.0.1:39095]
10:04:43.089 [main] DEBUG net.serenitybdd.core.photography.Darkroom - Send negative for processing for target\site\serenity\2c926b3a235df7678a598e439c23a2e0eb3dc7c982ea47ace7fa3ffad730d07e.png
10:04:43.090 [main] DEBUG net.thucydides.core.steps.StepInterceptor - STEP DONE: klikButtonCart
  &amp#27;[32mAnd &amp#27;[0m&amp#27;[32muser klik cart&amp#27;[0m                                                      &amp#27;[90m# starter.stepdefinitions.TransaksiSteps.userKlikCart()&amp#27;[0m
10:04:43.107 [main] DEBUG net.thucydides.core.steps.StepInterceptor - STARTING STEP: TransaksiSteps.userKlikTombolMinus - klikTombolMinus
10:04:43.110 [Forwarding findElement on session 8629b2d1410acfede81c49d4d581eea4 to remote] DEBUG org.asynchttpclient.netty.request.NettyRequestSender - Using pooled Channel '[id: 0xf6aa35bc, L:/127.0.0.1:50296 - R:localhost/127.0.0.1:39095]' for 'POST' to 'http://localhost:39095/session/8629b2d1410acfede81c49d4d581eea4/element'
10:04:43.110 [Forwarding findElement on session 8629b2d1410acfede81c49d4d581eea4 to remote] DEBUG org.asynchttpclient.netty.request.NettyRequestSender - Using open Channel [id: 0xf6aa35bc, L:/127.0.0.1:50296 - R:localhost/127.0.0.1:39095] for POST '/session/8629b2d1410acfede81c49d4d581eea4/element'
10:04:43.126 [AsyncHttpClient-1-15] DEBUG org.asynchttpclient.netty.handler.HttpHandler - 

Request DefaultHttpRequest(decodeResult: success, version: HTTP/1.1)
POST /session/8629b2d1410acfede81c49d4d581eea4/element HTTP/1.1
User-Agent: selenium/4.7.1 (java windows)
Content-Length: 176
Content-Type: application/json; charset=utf-8
host: localhost:39095
accept: */*

Response DefaultHttpResponse(decodeResult: success, version: HTTP/1.1)
HTTP/1.1 200 OK
Content-Type: application/json; charset=utf-8
cache-control: no-cache
content-length: 88

10:04:43.127 [AsyncHttpClient-1-15] DEBUG org.asynchttpclient.netty.channel.ChannelManager - Adding key: http://localhost:39095 for channel [id: 0xf6aa35bc, L:/127.0.0.1:50296 - R:localhost/127.0.0.1:39095]
10:04:43.128 [Forwarding getElementTagName on session 8629b2d1410acfede81c49d4d581eea4 to remote] DEBUG org.asynchttpclient.netty.request.NettyRequestSender - Using pooled Channel '[id: 0xf6aa35bc, L:/127.0.0.1:50296 - R:localhost/127.0.0.1:39095]' for 'GET' to 'http://localhost:39095/session/8629b2d1410acfede81c49d4d581eea4/element/41d251c6-787b-47d2-8f34-abab76fdd306/name'
10:04:43.128 [Forwarding getElementTagName on session 8629b2d1410acfede81c49d4d581eea4 to remote] DEBUG org.asynchttpclient.netty.request.NettyRequestSender - Using open Channel [id: 0xf6aa35bc, L:/127.0.0.1:50296 - R:localhost/127.0.0.1:39095] for GET '/session/8629b2d1410acfede81c49d4d581eea4/element/41d251c6-787b-47d2-8f34-abab76fdd306/name'
10:04:43.135 [AsyncHttpClient-1-15] DEBUG org.asynchttpclient.netty.handler.HttpHandler - 

Request DefaultFullHttpRequest(decodeResult: success, version: HTTP/1.1, content: EmptyByteBufBE)
GET /session/8629b2d1410acfede81c49d4d581eea4/element/41d251c6-787b-47d2-8f34-abab76fdd306/name HTTP/1.1
User-Agent: selenium/4.7.1 (java windows)
Cache-Control: no-cache
Content-Type: application/json; charset=utf-8
host: localhost:39095
accept: */*

Response DefaultHttpResponse(decodeResult: success, version: HTTP/1.1)
HTTP/1.1 200 OK
Content-Type: application/json; charset=utf-8
cache-control: no-cache
content-length: 16

10:04:43.136 [AsyncHttpClient-1-15] DEBUG org.asynchttpclient.netty.channel.ChannelManager - Adding key: http://localhost:39095 for channel [id: 0xf6aa35bc, L:/127.0.0.1:50296 - R:localhost/127.0.0.1:39095]
10:04:43.137 [Forwarding getElementTagName on session 8629b2d1410acfede81c49d4d581eea4 to remote] DEBUG org.asynchttpclient.netty.request.NettyRequestSender - Using pooled Channel '[id: 0xf6aa35bc, L:/127.0.0.1:50296 - R:localhost/127.0.0.1:39095]' for 'GET' to 'http://localhost:39095/session/8629b2d1410acfede81c49d4d581eea4/element/41d251c6-787b-47d2-8f34-abab76fdd306/name'
10:04:43.137 [Forwarding getElementTagName on session 8629b2d1410acfede81c49d4d581eea4 to remote] DEBUG org.asynchttpclient.netty.request.NettyRequestSender - Using open Channel [id: 0xf6aa35bc, L:/127.0.0.1:50296 - R:localhost/127.0.0.1:39095] for GET '/session/8629b2d1410acfede81c49d4d581eea4/element/41d251c6-787b-47d2-8f34-abab76fdd306/name'
10:04:43.143 [AsyncHttpClient-1-15] DEBUG org.asynchttpclient.netty.handler.HttpHandler - 

Request DefaultFullHttpRequest(decodeResult: success, version: HTTP/1.1, content: EmptyByteBufBE)
GET /session/8629b2d1410acfede81c49d4d581eea4/element/41d251c6-787b-47d2-8f34-abab76fdd306/name HTTP/1.1
User-Agent: selenium/4.7.1 (java windows)
Cache-Control: no-cache
Content-Type: application/json; charset=utf-8
host: localhost:39095
accept: */*

Response DefaultHttpResponse(decodeResult: success, version: HTTP/1.1)
HTTP/1.1 200 OK
Content-Type: application/json; charset=utf-8
cache-control: no-cache
content-length: 16

10:04:43.143 [AsyncHttpClient-1-15] DEBUG org.asynchttpclient.netty.channel.ChannelManager - Adding key: http://localhost:39095 for channel [id: 0xf6aa35bc, L:/127.0.0.1:50296 - R:localhost/127.0.0.1:39095]
10:04:43.145 [Forwarding findElement on session 8629b2d1410acfede81c49d4d581eea4 to remote] DEBUG org.asynchttpclient.netty.request.NettyRequestSender - Using pooled Channel '[id: 0xf6aa35bc, L:/127.0.0.1:50296 - R:localhost/127.0.0.1:39095]' for 'POST' to 'http://localhost:39095/session/8629b2d1410acfede81c49d4d581eea4/element'
10:04:43.145 [Forwarding findElement on session 8629b2d1410acfede81c49d4d581eea4 to remote] DEBUG org.asynchttpclient.netty.request.NettyRequestSender - Using open Channel [id: 0xf6aa35bc, L:/127.0.0.1:50296 - R:localhost/127.0.0.1:39095] for POST '/session/8629b2d1410acfede81c49d4d581eea4/element'
10:04:43.156 [AsyncHttpClient-1-15] DEBUG org.asynchttpclient.netty.handler.HttpHandler - 

Request DefaultHttpRequest(decodeResult: success, version: HTTP/1.1)
POST /session/8629b2d1410acfede81c49d4d581eea4/element HTTP/1.1
User-Agent: selenium/4.7.1 (java windows)
Content-Length: 176
Content-Type: application/json; charset=utf-8
host: localhost:39095
accept: */*

Response DefaultHttpResponse(decodeResult: success, version: HTTP/1.1)
HTTP/1.1 200 OK
Content-Type: application/json; charset=utf-8
cache-control: no-cache
content-length: 88

10:04:43.156 [AsyncHttpClient-1-15] DEBUG org.asynchttpclient.netty.channel.ChannelManager - Adding key: http://localhost:39095 for channel [id: 0xf6aa35bc, L:/127.0.0.1:50296 - R:localhost/127.0.0.1:39095]
10:04:43.158 [Forwarding clickElement on session 8629b2d1410acfede81c49d4d581eea4 to remote] DEBUG org.asynchttpclient.netty.request.NettyRequestSender - Using pooled Channel '[id: 0xf6aa35bc, L:/127.0.0.1:50296 - R:localhost/127.0.0.1:39095]' for 'POST' to 'http://localhost:39095/session/8629b2d1410acfede81c49d4d581eea4/element/41d251c6-787b-47d2-8f34-abab76fdd306/click'
10:04:43.158 [Forwarding clickElement on session 8629b2d1410acfede81c49d4d581eea4 to remote] DEBUG org.asynchttpclient.netty.request.NettyRequestSender - Using open Channel [id: 0xf6aa35bc, L:/127.0.0.1:50296 - R:localhost/127.0.0.1:39095] for POST '/session/8629b2d1410acfede81c49d4d581eea4/element/41d251c6-787b-47d2-8f34-abab76fdd306/click'
10:04:43.221 [AsyncHttpClient-1-15] DEBUG org.asynchttpclient.netty.handler.HttpHandler - 

Request DefaultHttpRequest(decodeResult: success, version: HTTP/1.1)
POST /session/8629b2d1410acfede81c49d4d581eea4/element/41d251c6-787b-47d2-8f34-abab76fdd306/click HTTP/1.1
User-Agent: selenium/4.7.1 (java windows)
Content-Length: 50
Content-Type: application/json; charset=utf-8
host: localhost:39095
accept: */*

Response DefaultHttpResponse(decodeResult: success, version: HTTP/1.1)
HTTP/1.1 200 OK
Content-Type: application/json; charset=utf-8
cache-control: no-cache
content-length: 14

10:04:43.222 [AsyncHttpClient-1-15] DEBUG org.asynchttpclient.netty.channel.ChannelManager - Adding key: http://localhost:39095 for channel [id: 0xf6aa35bc, L:/127.0.0.1:50296 - R:localhost/127.0.0.1:39095]
10:04:43.229 [Forwarding getCurrentWindowHandle on session 8629b2d1410acfede81c49d4d581eea4 to remote] DEBUG org.asynchttpclient.netty.request.NettyRequestSender - Using pooled Channel '[id: 0xf6aa35bc, L:/127.0.0.1:50296 - R:localhost/127.0.0.1:39095]' for 'GET' to 'http://localhost:39095/session/8629b2d1410acfede81c49d4d581eea4/window'
10:04:43.230 [Forwarding getCurrentWindowHandle on session 8629b2d1410acfede81c49d4d581eea4 to remote] DEBUG org.asynchttpclient.netty.request.NettyRequestSender - Using open Channel [id: 0xf6aa35bc, L:/127.0.0.1:50296 - R:localhost/127.0.0.1:39095] for GET '/session/8629b2d1410acfede81c49d4d581eea4/window'
10:04:43.231 [AsyncHttpClient-1-15] DEBUG org.asynchttpclient.netty.handler.HttpHandler - 

Request DefaultFullHttpRequest(decodeResult: success, version: HTTP/1.1, content: EmptyByteBufBE)
GET /session/8629b2d1410acfede81c49d4d581eea4/window HTTP/1.1
User-Agent: selenium/4.7.1 (java windows)
Cache-Control: no-cache
Content-Type: application/json; charset=utf-8
host: localhost:39095
accept: */*

Response DefaultHttpResponse(decodeResult: success, version: HTTP/1.1)
HTTP/1.1 200 OK
Content-Type: application/json; charset=utf-8
cache-control: no-cache
content-length: 44

10:04:43.231 [AsyncHttpClient-1-15] DEBUG org.asynchttpclient.netty.channel.ChannelManager - Adding key: http://localhost:39095 for channel [id: 0xf6aa35bc, L:/127.0.0.1:50296 - R:localhost/127.0.0.1:39095]
10:04:43.233 [Forwarding getAlertText on session 8629b2d1410acfede81c49d4d581eea4 to remote] DEBUG org.asynchttpclient.netty.request.NettyRequestSender - Using pooled Channel '[id: 0xf6aa35bc, L:/127.0.0.1:50296 - R:localhost/127.0.0.1:39095]' for 'GET' to 'http://localhost:39095/session/8629b2d1410acfede81c49d4d581eea4/alert/text'
10:04:43.233 [Forwarding getAlertText on session 8629b2d1410acfede81c49d4d581eea4 to remote] DEBUG org.asynchttpclient.netty.request.NettyRequestSender - Using open Channel [id: 0xf6aa35bc, L:/127.0.0.1:50296 - R:localhost/127.0.0.1:39095] for GET '/session/8629b2d1410acfede81c49d4d581eea4/alert/text'
10:04:43.236 [AsyncHttpClient-1-15] DEBUG org.asynchttpclient.netty.handler.HttpHandler - 

Request DefaultFullHttpRequest(decodeResult: success, version: HTTP/1.1, content: EmptyByteBufBE)
GET /session/8629b2d1410acfede81c49d4d581eea4/alert/text HTTP/1.1
User-Agent: selenium/4.7.1 (java windows)
Cache-Control: no-cache
Content-Type: application/json; charset=utf-8
host: localhost:39095
accept: */*

Response DefaultHttpResponse(decodeResult: success, version: HTTP/1.1)
HTTP/1.1 404 Not Found
Content-Type: application/json; charset=utf-8
cache-control: no-cache
content-length: 821

10:04:43.237 [AsyncHttpClient-1-15] DEBUG org.asynchttpclient.netty.channel.ChannelManager - Adding key: http://localhost:39095 for channel [id: 0xf6aa35bc, L:/127.0.0.1:50296 - R:localhost/127.0.0.1:39095]
10:04:43.239 [Forwarding switchToWindow on session 8629b2d1410acfede81c49d4d581eea4 to remote] DEBUG org.asynchttpclient.netty.request.NettyRequestSender - Using pooled Channel '[id: 0xf6aa35bc, L:/127.0.0.1:50296 - R:localhost/127.0.0.1:39095]' for 'POST' to 'http://localhost:39095/session/8629b2d1410acfede81c49d4d581eea4/window'
10:04:43.239 [Forwarding switchToWindow on session 8629b2d1410acfede81c49d4d581eea4 to remote] DEBUG org.asynchttpclient.netty.request.NettyRequestSender - Using open Channel [id: 0xf6aa35bc, L:/127.0.0.1:50296 - R:localhost/127.0.0.1:39095] for POST '/session/8629b2d1410acfede81c49d4d581eea4/window'
10:04:43.242 [AsyncHttpClient-1-15] DEBUG org.asynchttpclient.netty.handler.HttpHandler - 

Request DefaultHttpRequest(decodeResult: success, version: HTTP/1.1)
POST /session/8629b2d1410acfede81c49d4d581eea4/window HTTP/1.1
User-Agent: selenium/4.7.1 (java windows)
Content-Length: 50
Content-Type: application/json; charset=utf-8
host: localhost:39095
accept: */*

Response DefaultHttpResponse(decodeResult: success, version: HTTP/1.1)
HTTP/1.1 200 OK
Content-Type: application/json; charset=utf-8
cache-control: no-cache
content-length: 14

10:04:43.243 [AsyncHttpClient-1-15] DEBUG org.asynchttpclient.netty.channel.ChannelManager - Adding key: http://localhost:39095 for channel [id: 0xf6aa35bc, L:/127.0.0.1:50296 - R:localhost/127.0.0.1:39095]
10:04:43.243 [Forwarding getCurrentUrl on session 8629b2d1410acfede81c49d4d581eea4 to remote] DEBUG org.asynchttpclient.netty.request.NettyRequestSender - Using pooled Channel '[id: 0xf6aa35bc, L:/127.0.0.1:50296 - R:localhost/127.0.0.1:39095]' for 'GET' to 'http://localhost:39095/session/8629b2d1410acfede81c49d4d581eea4/url'
10:04:43.243 [Forwarding getCurrentUrl on session 8629b2d1410acfede81c49d4d581eea4 to remote] DEBUG org.asynchttpclient.netty.request.NettyRequestSender - Using open Channel [id: 0xf6aa35bc, L:/127.0.0.1:50296 - R:localhost/127.0.0.1:39095] for GET '/session/8629b2d1410acfede81c49d4d581eea4/url'
10:04:43.250 [AsyncHttpClient-1-15] DEBUG org.asynchttpclient.netty.handler.HttpHandler - 

Request DefaultFullHttpRequest(decodeResult: success, version: HTTP/1.1, content: EmptyByteBufBE)
GET /session/8629b2d1410acfede81c49d4d581eea4/url HTTP/1.1
User-Agent: selenium/4.7.1 (java windows)
Cache-Control: no-cache
Content-Type: application/json; charset=utf-8
host: localhost:39095
accept: */*

Response DefaultHttpResponse(decodeResult: success, version: HTTP/1.1)
HTTP/1.1 200 OK
Content-Type: application/json; charset=utf-8
cache-control: no-cache
content-length: 46

10:04:43.250 [AsyncHttpClient-1-15] DEBUG org.asynchttpclient.netty.channel.ChannelManager - Adding key: http://localhost:39095 for channel [id: 0xf6aa35bc, L:/127.0.0.1:50296 - R:localhost/127.0.0.1:39095]
10:04:43.251 [Forwarding screenshot on session 8629b2d1410acfede81c49d4d581eea4 to remote] DEBUG org.asynchttpclient.netty.request.NettyRequestSender - Using pooled Channel '[id: 0xf6aa35bc, L:/127.0.0.1:50296 - R:localhost/127.0.0.1:39095]' for 'GET' to 'http://localhost:39095/session/8629b2d1410acfede81c49d4d581eea4/screenshot'
10:04:43.251 [Forwarding screenshot on session 8629b2d1410acfede81c49d4d581eea4 to remote] DEBUG org.asynchttpclient.netty.request.NettyRequestSender - Using open Channel [id: 0xf6aa35bc, L:/127.0.0.1:50296 - R:localhost/127.0.0.1:39095] for GET '/session/8629b2d1410acfede81c49d4d581eea4/screenshot'
10:04:43.350 [AsyncHttpClient-1-15] DEBUG org.asynchttpclient.netty.handler.HttpHandler - 

Request DefaultFullHttpRequest(decodeResult: success, version: HTTP/1.1, content: EmptyByteBufBE)
GET /session/8629b2d1410acfede81c49d4d581eea4/screenshot HTTP/1.1
User-Agent: selenium/4.7.1 (java windows)
Cache-Control: no-cache
Content-Type: application/json; charset=utf-8
host: localhost:39095
accept: */*

Response DefaultHttpResponse(decodeResult: success, version: HTTP/1.1)
HTTP/1.1 200 OK
Content-Type: application/json; charset=utf-8
cache-control: no-cache
content-length: 18528

10:04:43.351 [AsyncHttpClient-1-15] DEBUG org.asynchttpclient.netty.channel.ChannelManager - Adding key: http://localhost:39095 for channel [id: 0xf6aa35bc, L:/127.0.0.1:50296 - R:localhost/127.0.0.1:39095]
10:04:43.352 [main] DEBUG net.serenitybdd.core.photography.Darkroom - Send negative for processing for target\site\serenity\cd880fb1ee07d7bc9ae2676ec393fbfb3c82a229ebe29ae537cb8e40644757e1.png
10:04:43.353 [main] DEBUG net.thucydides.core.steps.StepInterceptor - STEP DONE: klikTombolMinus
10:04:43.353 [Darkroom Processing Line] DEBUG net.serenitybdd.core.photography.DarkroomProcessingLine - Processing screenshot image in /var/screenshots/screenshot-18197695564600438688
10:04:43.353 [Darkroom Processing Line] DEBUG net.serenitybdd.core.photography.DarkroomProcessingLine - Saving screenshot to target\site\serenity\cd880fb1ee07d7bc9ae2676ec393fbfb3c82a229ebe29ae537cb8e40644757e1.png
  &amp#27;[32mThen &amp#27;[0m&amp#27;[32muser klik tombol minus&amp#27;[0m                                             &amp#27;[90m# starter.stepdefinitions.TransaksiSteps.userKlikTombolMinus()&amp#27;[0m
10:04:43.368 [main] DEBUG net.thucydides.core.steps.StepInterceptor - STARTING STEP: TransaksiSteps.munculAlertMessagePesananKosong - munculPesananKosong
10:04:43.372 [Forwarding findElement on session 8629b2d1410acfede81c49d4d581eea4 to remote] DEBUG org.asynchttpclient.netty.request.NettyRequestSender - Using pooled Channel '[id: 0xf6aa35bc, L:/127.0.0.1:50296 - R:localhost/127.0.0.1:39095]' for 'POST' to 'http://localhost:39095/session/8629b2d1410acfede81c49d4d581eea4/element'
10:04:43.372 [Forwarding findElement on session 8629b2d1410acfede81c49d4d581eea4 to remote] DEBUG org.asynchttpclient.netty.request.NettyRequestSender - Using open Channel [id: 0xf6aa35bc, L:/127.0.0.1:50296 - R:localhost/127.0.0.1:39095] for POST '/session/8629b2d1410acfede81c49d4d581eea4/element'
10:04:43.394 [AsyncHttpClient-1-15] DEBUG org.asynchttpclient.netty.handler.HttpHandler - 

Request DefaultHttpRequest(decodeResult: success, version: HTTP/1.1)
POST /session/8629b2d1410acfede81c49d4d581eea4/element HTTP/1.1
User-Agent: selenium/4.7.1 (java windows)
Content-Length: 109
Content-Type: application/json; charset=utf-8
host: localhost:39095
accept: */*

Response DefaultHttpResponse(decodeResult: success, version: HTTP/1.1)
HTTP/1.1 200 OK
Content-Type: application/json; charset=utf-8
cache-control: no-cache
content-length: 88

10:04:43.395 [AsyncHttpClient-1-15] DEBUG org.asynchttpclient.netty.channel.ChannelManager - Adding key: http://localhost:39095 for channel [id: 0xf6aa35bc, L:/127.0.0.1:50296 - R:localhost/127.0.0.1:39095]
10:04:43.399 [Forwarding isElementDisplayed on session 8629b2d1410acfede81c49d4d581eea4 to remote] DEBUG org.asynchttpclient.netty.request.NettyRequestSender - Using pooled Channel '[id: 0xf6aa35bc, L:/127.0.0.1:50296 - R:localhost/127.0.0.1:39095]' for 'POST' to 'http://localhost:39095/session/8629b2d1410acfede81c49d4d581eea4/execute/sync'
10:04:43.399 [Forwarding isElementDisplayed on session 8629b2d1410acfede81c49d4d581eea4 to remote] DEBUG org.asynchttpclient.netty.request.NettyRequestSender - Using open Channel [id: 0xf6aa35bc, L:/127.0.0.1:50296 - R:localhost/127.0.0.1:39095] for POST '/session/8629b2d1410acfede81c49d4d581eea4/execute/sync'
10:04:43.413 [AsyncHttpClient-1-15] DEBUG org.asynchttpclient.netty.handler.HttpHandler - 

Request DefaultHttpRequest(decodeResult: success, version: HTTP/1.1)
POST /session/8629b2d1410acfede81c49d4d581eea4/execute/sync HTTP/1.1
User-Agent: selenium/4.7.1 (java windows)
Content-Length: 48780
Content-Type: application/json; charset=utf-8
host: localhost:39095
accept: */*

Response DefaultHttpResponse(decodeResult: success, version: HTTP/1.1)
HTTP/1.1 200 OK
Content-Type: application/json; charset=utf-8
cache-control: no-cache
content-length: 14

10:04:43.413 [AsyncHttpClient-1-15] DEBUG org.asynchttpclient.netty.channel.ChannelManager - Adding key: http://localhost:39095 for channel [id: 0xf6aa35bc, L:/127.0.0.1:50296 - R:localhost/127.0.0.1:39095]
10:04:43.417 [Forwarding isElementDisplayed on session 8629b2d1410acfede81c49d4d581eea4 to remote] DEBUG org.asynchttpclient.netty.request.NettyRequestSender - Using pooled Channel '[id: 0xf6aa35bc, L:/127.0.0.1:50296 - R:localhost/127.0.0.1:39095]' for 'POST' to 'http://localhost:39095/session/8629b2d1410acfede81c49d4d581eea4/execute/sync'
10:04:43.417 [Forwarding isElementDisplayed on session 8629b2d1410acfede81c49d4d581eea4 to remote] DEBUG org.asynchttpclient.netty.request.NettyRequestSender - Using open Channel [id: 0xf6aa35bc, L:/127.0.0.1:50296 - R:localhost/127.0.0.1:39095] for POST '/session/8629b2d1410acfede81c49d4d581eea4/execute/sync'
10:04:43.429 [AsyncHttpClient-1-15] DEBUG org.asynchttpclient.netty.handler.HttpHandler - 

Request DefaultHttpRequest(decodeResult: success, version: HTTP/1.1)
POST /session/8629b2d1410acfede81c49d4d581eea4/execute/sync HTTP/1.1
User-Agent: selenium/4.7.1 (java windows)
Content-Length: 48780
Content-Type: application/json; charset=utf-8
host: localhost:39095
accept: */*

Response DefaultHttpResponse(decodeResult: success, version: HTTP/1.1)
HTTP/1.1 200 OK
Content-Type: application/json; charset=utf-8
cache-control: no-cache
content-length: 14

10:04:43.429 [AsyncHttpClient-1-15] DEBUG org.asynchttpclient.netty.channel.ChannelManager - Adding key: http://localhost:39095 for channel [id: 0xf6aa35bc, L:/127.0.0.1:50296 - R:localhost/127.0.0.1:39095]
10:04:43.435 [Forwarding getCurrentWindowHandle on session 8629b2d1410acfede81c49d4d581eea4 to remote] DEBUG org.asynchttpclient.netty.request.NettyRequestSender - Using pooled Channel '[id: 0xf6aa35bc, L:/127.0.0.1:50296 - R:localhost/127.0.0.1:39095]' for 'GET' to 'http://localhost:39095/session/8629b2d1410acfede81c49d4d581eea4/window'
10:04:43.435 [Forwarding getCurrentWindowHandle on session 8629b2d1410acfede81c49d4d581eea4 to remote] DEBUG org.asynchttpclient.netty.request.NettyRequestSender - Using open Channel [id: 0xf6aa35bc, L:/127.0.0.1:50296 - R:localhost/127.0.0.1:39095] for GET '/session/8629b2d1410acfede81c49d4d581eea4/window'
10:04:43.436 [AsyncHttpClient-1-15] DEBUG org.asynchttpclient.netty.handler.HttpHandler - 

Request DefaultFullHttpRequest(decodeResult: success, version: HTTP/1.1, content: EmptyByteBufBE)
GET /session/8629b2d1410acfede81c49d4d581eea4/window HTTP/1.1
User-Agent: selenium/4.7.1 (java windows)
Cache-Control: no-cache
Content-Type: application/json; charset=utf-8
host: localhost:39095
accept: */*

Response DefaultHttpResponse(decodeResult: success, version: HTTP/1.1)
HTTP/1.1 200 OK
Content-Type: application/json; charset=utf-8
cache-control: no-cache
content-length: 44

10:04:43.436 [AsyncHttpClient-1-15] DEBUG org.asynchttpclient.netty.channel.ChannelManager - Adding key: http://localhost:39095 for channel [id: 0xf6aa35bc, L:/127.0.0.1:50296 - R:localhost/127.0.0.1:39095]
10:04:43.437 [Forwarding getAlertText on session 8629b2d1410acfede81c49d4d581eea4 to remote] DEBUG org.asynchttpclient.netty.request.NettyRequestSender - Using pooled Channel '[id: 0xf6aa35bc, L:/127.0.0.1:50296 - R:localhost/127.0.0.1:39095]' for 'GET' to 'http://localhost:39095/session/8629b2d1410acfede81c49d4d581eea4/alert/text'
10:04:43.437 [Forwarding getAlertText on session 8629b2d1410acfede81c49d4d581eea4 to remote] DEBUG org.asynchttpclient.netty.request.NettyRequestSender - Using open Channel [id: 0xf6aa35bc, L:/127.0.0.1:50296 - R:localhost/127.0.0.1:39095] for GET '/session/8629b2d1410acfede81c49d4d581eea4/alert/text'
10:04:43.440 [AsyncHttpClient-1-15] DEBUG org.asynchttpclient.netty.handler.HttpHandler - 

Request DefaultFullHttpRequest(decodeResult: success, version: HTTP/1.1, content: EmptyByteBufBE)
GET /session/8629b2d1410acfede81c49d4d581eea4/alert/text HTTP/1.1
User-Agent: selenium/4.7.1 (java windows)
Cache-Control: no-cache
Content-Type: application/json; charset=utf-8
host: localhost:39095
accept: */*

Response DefaultHttpResponse(decodeResult: success, version: HTTP/1.1)
HTTP/1.1 404 Not Found
Content-Type: application/json; charset=utf-8
cache-control: no-cache
content-length: 821

10:04:43.440 [AsyncHttpClient-1-15] DEBUG org.asynchttpclient.netty.channel.ChannelManager - Adding key: http://localhost:39095 for channel [id: 0xf6aa35bc, L:/127.0.0.1:50296 - R:localhost/127.0.0.1:39095]
10:04:43.441 [Forwarding switchToWindow on session 8629b2d1410acfede81c49d4d581eea4 to remote] DEBUG org.asynchttpclient.netty.request.NettyRequestSender - Using pooled Channel '[id: 0xf6aa35bc, L:/127.0.0.1:50296 - R:localhost/127.0.0.1:39095]' for 'POST' to 'http://localhost:39095/session/8629b2d1410acfede81c49d4d581eea4/window'
10:04:43.441 [Forwarding switchToWindow on session 8629b2d1410acfede81c49d4d581eea4 to remote] DEBUG org.asynchttpclient.netty.request.NettyRequestSender - Using open Channel [id: 0xf6aa35bc, L:/127.0.0.1:50296 - R:localhost/127.0.0.1:39095] for POST '/session/8629b2d1410acfede81c49d4d581eea4/window'
10:04:43.446 [AsyncHttpClient-1-15] DEBUG org.asynchttpclient.netty.handler.HttpHandler - 

Request DefaultHttpRequest(decodeResult: success, version: HTTP/1.1)
POST /session/8629b2d1410acfede81c49d4d581eea4/window HTTP/1.1
User-Agent: selenium/4.7.1 (java windows)
Content-Length: 50
Content-Type: application/json; charset=utf-8
host: localhost:39095
accept: */*

Response DefaultHttpResponse(decodeResult: success, version: HTTP/1.1)
HTTP/1.1 200 OK
Content-Type: application/json; charset=utf-8
cache-control: no-cache
content-length: 14

10:04:43.446 [AsyncHttpClient-1-15] DEBUG org.asynchttpclient.netty.channel.ChannelManager - Adding key: http://localhost:39095 for channel [id: 0xf6aa35bc, L:/127.0.0.1:50296 - R:localhost/127.0.0.1:39095]
10:04:43.446 [Forwarding getCurrentUrl on session 8629b2d1410acfede81c49d4d581eea4 to remote] DEBUG org.asynchttpclient.netty.request.NettyRequestSender - Using pooled Channel '[id: 0xf6aa35bc, L:/127.0.0.1:50296 - R:localhost/127.0.0.1:39095]' for 'GET' to 'http://localhost:39095/session/8629b2d1410acfede81c49d4d581eea4/url'
10:04:43.446 [Forwarding getCurrentUrl on session 8629b2d1410acfede81c49d4d581eea4 to remote] DEBUG org.asynchttpclient.netty.request.NettyRequestSender - Using open Channel [id: 0xf6aa35bc, L:/127.0.0.1:50296 - R:localhost/127.0.0.1:39095] for GET '/session/8629b2d1410acfede81c49d4d581eea4/url'
10:04:43.452 [AsyncHttpClient-1-15] DEBUG org.asynchttpclient.netty.handler.HttpHandler - 

Request DefaultFullHttpRequest(decodeResult: success, version: HTTP/1.1, content: EmptyByteBufBE)
GET /session/8629b2d1410acfede81c49d4d581eea4/url HTTP/1.1
User-Agent: selenium/4.7.1 (java windows)
Cache-Control: no-cache
Content-Type: application/json; charset=utf-8
host: localhost:39095
accept: */*

Response DefaultHttpResponse(decodeResult: success, version: HTTP/1.1)
HTTP/1.1 200 OK
Content-Type: application/json; charset=utf-8
cache-control: no-cache
content-length: 46

10:04:43.452 [AsyncHttpClient-1-15] DEBUG org.asynchttpclient.netty.channel.ChannelManager - Adding key: http://localhost:39095 for channel [id: 0xf6aa35bc, L:/127.0.0.1:50296 - R:localhost/127.0.0.1:39095]
10:04:43.453 [Forwarding screenshot on session 8629b2d1410acfede81c49d4d581eea4 to remote] DEBUG org.asynchttpclient.netty.request.NettyRequestSender - Using pooled Channel '[id: 0xf6aa35bc, L:/127.0.0.1:50296 - R:localhost/127.0.0.1:39095]' for 'GET' to 'http://localhost:39095/session/8629b2d1410acfede81c49d4d581eea4/screenshot'
10:04:43.453 [Forwarding screenshot on session 8629b2d1410acfede81c49d4d581eea4 to remote] DEBUG org.asynchttpclient.netty.request.NettyRequestSender - Using open Channel [id: 0xf6aa35bc, L:/127.0.0.1:50296 - R:localhost/127.0.0.1:39095] for GET '/session/8629b2d1410acfede81c49d4d581eea4/screenshot'
10:04:43.549 [AsyncHttpClient-1-15] DEBUG org.asynchttpclient.netty.handler.HttpHandler - 

Request DefaultFullHttpRequest(decodeResult: success, version: HTTP/1.1, content: EmptyByteBufBE)
GET /session/8629b2d1410acfede81c49d4d581eea4/screenshot HTTP/1.1
User-Agent: selenium/4.7.1 (java windows)
Cache-Control: no-cache
Content-Type: application/json; charset=utf-8
host: localhost:39095
accept: */*

Response DefaultHttpResponse(decodeResult: success, version: HTTP/1.1)
HTTP/1.1 200 OK
Content-Type: application/json; charset=utf-8
cache-control: no-cache
content-length: 17240

10:04:43.549 [AsyncHttpClient-1-15] DEBUG org.asynchttpclient.netty.channel.ChannelManager - Adding key: http://localhost:39095 for channel [id: 0xf6aa35bc, L:/127.0.0.1:50296 - R:localhost/127.0.0.1:39095]
10:04:43.550 [main] DEBUG net.serenitybdd.core.photography.Darkroom - Send negative for processing for target\site\serenity\79611d145124855c19108cb277eb9e808eb9972629a74784be0bcdc8657bff3a.png
10:04:43.550 [main] DEBUG net.thucydides.core.steps.StepInterceptor - STEP DONE: munculPesananKosong
  &amp#27;[32mAnd &amp#27;[0m&amp#27;[32mmuncul alert message pesanan kosong&amp#27;[0m                                 &amp#27;[90m# starter.stepdefinitions.TransaksiSteps.munculAlertMessagePesananKosong()&amp#27;[0m
10:04:43.552 [Darkroom Processing Line] DEBUG net.serenitybdd.core.photography.DarkroomProcessingLine - Processing screenshot image in /var/screenshots/screenshot-6487742188196769880
10:04:43.552 [Darkroom Processing Line] DEBUG net.serenitybdd.core.photography.DarkroomProcessingLine - Saving screenshot to target\site\serenity\79611d145124855c19108cb277eb9e808eb9972629a74784be0bcdc8657bff3a.png
10:04:43.562 [main] INFO  - 
  _____   ___   ___   _____     ___     _     ___   ___   ___   ___  
 |_   _| | __| / __| |_   _|   | _ \   /_\   / __| / __| | __| |   \ 
   | |   | _|  \__ \   | |     |  _/  / _ \  \__ \ \__ \ | _|  | |) |
   |_|   |___| |___/   |_|     |_|   /_/ \_\ |___/ |___/ |___| |___/ 

user bisa menghapus produk dari keranjang belanja
----------------------------------------------------------------------
10:04:43.569 [Driver Command Executor] DEBUG org.asynchttpclient.netty.request.NettyRequestSender - Using pooled Channel '[id: 0xf6aa35bc, L:/127.0.0.1:50296 - R:localhost/127.0.0.1:39095]' for 'DELETE' to 'http://localhost:39095/session/8629b2d1410acfede81c49d4d581eea4'
10:04:43.569 [Driver Command Executor] DEBUG org.asynchttpclient.netty.request.NettyRequestSender - Using open Channel [id: 0xf6aa35bc, L:/127.0.0.1:50296 - R:localhost/127.0.0.1:39095] for DELETE '/session/8629b2d1410acfede81c49d4d581eea4'
10:04:43.569 [AsyncHttpClient-1-17] DEBUG org.asynchttpclient.netty.handler.WebSocketHandler - Channel Closed: [id: 0xcfe62c15, L:/127.0.0.1:50305 ! R:localhost/127.0.0.1:50297] with attribute NettyResponseFuture{currentRetry=0,
	isDone=1,
	isCancelled=0,
	asyncHandler=org.asynchttpclient.ws.WebSocketUpgradeHandler@47a46ba6,
	nettyRequest=org.asynchttpclient.netty.request.NettyRequest@42f15469,
	future=java.util.concurrent.CompletableFuture@7dcf04b0[Completed normally],
	uri=ws://localhost:50297/devtools/browser/3b08291e-71e8-4267-9c2c-23253af537b3,
	keepAlive=true,
	redirectCount=0,
	timeoutsHolder=null,
	inAuth=0,
	touch=1683515072498}
10:04:43.569 [AsyncHttpClient-1-17] DEBUG org.asynchttpclient.netty.channel.ChannelManager - Closing Channel [id: 0xcfe62c15, L:/127.0.0.1:50305 ! R:localhost/127.0.0.1:50297] 
10:04:43.665 [AsyncHttpClient-1-1] DEBUG org.asynchttpclient.netty.channel.DefaultChannelPool - Entry count for : http://localhost:50297 : 1
10:04:43.730 [AsyncHttpClient-1-16] DEBUG org.asynchttpclient.netty.handler.HttpHandler - Unexpected I/O exception on channel [id: 0xc242efd6, L:/127.0.0.1:50304 - R:localhost/127.0.0.1:50297]
java.net.SocketException: Connection reset
	at java.base/sun.nio.ch.SocketChannelImpl.throwConnectionReset(SocketChannelImpl.java:401)
	at java.base/sun.nio.ch.SocketChannelImpl.read(SocketChannelImpl.java:434)
	at io.netty.buffer.PooledByteBuf.setBytes(PooledByteBuf.java:259)
	at io.netty.buffer.AbstractByteBuf.writeBytes(AbstractByteBuf.java:1132)
	at io.netty.channel.socket.nio.NioSocketChannel.doReadBytes(NioSocketChannel.java:357)
	at io.netty.channel.nio.AbstractNioByteChannel$NioByteUnsafe.read(AbstractNioByteChannel.java:151)
	at io.netty.channel.nio.NioEventLoop.processSelectedKey(NioEventLoop.java:788)
	at io.netty.channel.nio.NioEventLoop.processSelectedKeysOptimized(NioEventLoop.java:724)
	at io.netty.channel.nio.NioEventLoop.processSelectedKeys(NioEventLoop.java:650)
	at io.netty.channel.nio.NioEventLoop.run(NioEventLoop.java:562)
	at io.netty.util.concurrent.SingleThreadEventExecutor$4.run(SingleThreadEventExecutor.java:997)
	at io.netty.util.internal.ThreadExecutorMap$2.run(ThreadExecutorMap.java:74)
	at io.netty.util.concurrent.FastThreadLocalRunnable.run(FastThreadLocalRunnable.java:30)
	at java.base/java.lang.Thread.run(Thread.java:1589)
10:04:43.730 [AsyncHttpClient-1-16] DEBUG org.asynchttpclient.netty.channel.ChannelManager - Closing Channel [id: 0xc242efd6, L:/127.0.0.1:50304 - R:localhost/127.0.0.1:50297] 
10:04:43.731 [AsyncHttpClient-1-16] DEBUG org.asynchttpclient.netty.handler.HttpHandler - Channel Closed: [id: 0xc242efd6, L:/127.0.0.1:50304 ! R:localhost/127.0.0.1:50297] with attribute DISCARD
10:04:43.765 [AsyncHttpClient-1-15] DEBUG org.asynchttpclient.netty.handler.HttpHandler - 

Request DefaultFullHttpRequest(decodeResult: success, version: HTTP/1.1, content: EmptyByteBufBE)
DELETE /session/8629b2d1410acfede81c49d4d581eea4 HTTP/1.1
User-Agent: selenium/4.7.1 (java windows)
Content-Type: application/json; charset=utf-8
host: localhost:39095
accept: */*

Response DefaultHttpResponse(decodeResult: success, version: HTTP/1.1)
HTTP/1.1 200 OK
Content-Type: application/json; charset=utf-8
cache-control: no-cache
content-length: 14

10:04:43.765 [AsyncHttpClient-1-15] DEBUG org.asynchttpclient.netty.channel.ChannelManager - Adding key: http://localhost:39095 for channel [id: 0xf6aa35bc, L:/127.0.0.1:50296 - R:localhost/127.0.0.1:39095]
10:04:43.852 [AsyncHttpClient-1-15] DEBUG org.asynchttpclient.netty.handler.HttpHandler - Channel Closed: [id: 0xf6aa35bc, L:/127.0.0.1:50296 ! R:localhost/127.0.0.1:39095] with attribute DISCARD
]]></system-out>
    <system-err><![CDATA[Starting ChromeDriver 112.0.5615.49 (bd2a7bcb881c11e8cfe3078709382934e3916914-refs/branch-heads/5615@{#936}) on port 39095
Only local connections are allowed.
Please see https://chromedriver.chromium.org/security-considerations for suggestions on keeping ChromeDriver safe.
ChromeDriver was started successfully.
May 08, 2023 10:04:32 AM org.openqa.selenium.devtools.CdpVersionFinder findNearestMatch
WARNING: Unable to find an exact match for CDP version 112, so returning the closest version found: 108
]]></system-err>
  </testcase>
</testsuite>