<?xml version="1.0" encoding="UTF-8"?>
<testsuite xmlns:xsi="http://www.w3.org/2001/XMLSchema-instance" xsi:noNamespaceSchemaLocation="https://maven.apache.org/surefire/maven-failsafe-plugin/xsd/failsafe-test-report-3.0.xsd" version="3.0" name="starter.CucumberTestSuite" time="142.293" tests="15" errors="1" skipped="0" failures="0">
  <properties>
    <property name="java.specification.version" value="19"/>
    <property name="webdriver.chrome.driver" value="C:\Users\HP\.cache\selenium\chromedriver\win32\113.0.5672.63\chromedriver.exe"/>
    <property name="sun.cpu.isalist" value="amd64"/>
    <property name="sun.jnu.encoding" value="Cp1252"/>
    <property name="java.class.path" value="C:\Users\HP\Downloads\Mini-Project-QA\ALTASHOP WEB AUTOMATION\target\test-classes;C:\Users\HP\.m2\repository\net\serenity-bdd\serenity-core\3.5.1\serenity-core-3.5.1.jar;C:\Users\HP\.m2\repository\net\serenity-bdd\serenity-model\3.5.1\serenity-model-3.5.1.jar;C:\Users\HP\.m2\repository\org\apache\commons\commons-text\1.10.0\commons-text-1.10.0.jar;C:\Users\HP\.m2\repository\commons-net\commons-net\3.8.0\commons-net-3.8.0.jar;C:\Users\HP\.m2\repository\com\google\guava\guava\31.1-jre\guava-31.1-jre.jar;C:\Users\HP\.m2\repository\com\google\guava\failureaccess\1.0.1\failureaccess-1.0.1.jar;C:\Users\HP\.m2\repository\com\google\guava\listenablefuture\9999.0-empty-to-avoid-conflict-with-guava\listenablefuture-9999.0-empty-to-avoid-conflict-with-guava.jar;C:\Users\HP\.m2\repository\com\google\code\findbugs\jsr305\3.0.2\jsr305-3.0.2.jar;C:\Users\HP\.m2\repository\org\checkerframework\checker-qual\3.12.0\checker-qual-3.12.0.jar;C:\Users\HP\.m2\repository\com\google\errorprone\error_prone_annotations\2.11.0\error_prone_annotations-2.11.0.jar;C:\Users\HP\.m2\repository\com\google\j2objc\j2objc-annotations\1.3\j2objc-annotations-1.3.jar;C:\Users\HP\.m2\repository\com\google\inject\guice\5.1.0\guice-5.1.0.jar;C:\Users\HP\.m2\repository\javax\inject\javax.inject\1\javax.inject-1.jar;C:\Users\HP\.m2\repository\aopalliance\aopalliance\1.0\aopalliance-1.0.jar;C:\Users\HP\.m2\repository\org\jsoup\jsoup\1.14.3\jsoup-1.14.3.jar;C:\Users\HP\.m2\repository\com\thoughtworks\xstream\xstream\1.4.19\xstream-1.4.19.jar;C:\Users\HP\.m2\repository\io\github\x-stream\mxparser\1.2.2\mxparser-1.2.2.jar;C:\Users\HP\.m2\repository\xmlpull\xmlpull\1.1.3.1\xmlpull-1.1.3.1.jar;C:\Users\HP\.m2\repository\com\typesafe\config\1.4.2\config-1.4.2.jar;C:\Users\HP\.m2\repository\org\imgscalr\imgscalr-lib\4.2\imgscalr-lib-4.2.jar;C:\Users\HP\.m2\repository\org\awaitility\awaitility\4.2.0\awaitility-4.2.0.jar;C:\Users\HP\.m2\repository\org\freemarker\freemarker\2.3.31\freemarker-2.3.31.jar;C:\Users\HP\.m2\repository\io\github\classgraph\classgraph\4.8.138\classgraph-4.8.138.jar;C:\Users\HP\.m2\repository\net\sourceforge\jexcelapi\jxl\2.6.12\jxl-2.6.12.jar;C:\Users\HP\.m2\repository\net\bytebuddy\byte-buddy-agent\1.12.18\byte-buddy-agent-1.12.18.jar;C:\Users\HP\.m2\repository\org\objenesis\objenesis\3.1\objenesis-3.1.jar;C:\Users\HP\.m2\repository\net\serenity-bdd\serenity-reports\3.5.1\serenity-reports-3.5.1.jar;C:\Users\HP\.m2\repository\net\serenity-bdd\serenity-stats\3.5.1\serenity-stats-3.5.1.jar;C:\Users\HP\.m2\repository\net\serenity-bdd\serenity-reports-configuration\3.5.1\serenity-reports-configuration-3.5.1.jar;C:\Users\HP\.m2\repository\com\vladsch\flexmark\flexmark-all\0.34.30\flexmark-all-0.34.30.jar;C:\Users\HP\.m2\repository\com\vladsch\flexmark\flexmark\0.34.30\flexmark-0.34.30.jar;C:\Users\HP\.m2\repository\com\vladsch\flexmark\flexmark-ext-abbreviation\0.34.30\flexmark-ext-abbreviation-0.34.30.jar;C:\Users\HP\.m2\repository\com\vladsch\flexmark\flexmark-ext-admonition\0.34.30\flexmark-ext-admonition-0.34.30.jar;C:\Users\HP\.m2\repository\com\vladsch\flexmark\flexmark-ext-anchorlink\0.34.30\flexmark-ext-anchorlink-0.34.30.jar;C:\Users\HP\.m2\repository\com\vladsch\flexmark\flexmark-ext-aside\0.34.30\flexmark-ext-aside-0.34.30.jar;C:\Users\HP\.m2\repository\com\vladsch\flexmark\flexmark-ext-attributes\0.34.30\flexmark-ext-attributes-0.34.30.jar;C:\Users\HP\.m2\repository\com\vladsch\flexmark\flexmark-ext-autolink\0.34.30\flexmark-ext-autolink-0.34.30.jar;C:\Users\HP\.m2\repository\org\nibor\autolink\autolink\0.6.0\autolink-0.6.0.jar;C:\Users\HP\.m2\repository\com\vladsch\flexmark\flexmark-ext-definition\0.34.30\flexmark-ext-definition-0.34.30.jar;C:\Users\HP\.m2\repository\com\vladsch\flexmark\flexmark-ext-emoji\0.34.30\flexmark-ext-emoji-0.34.30.jar;C:\Users\HP\.m2\repository\com\vladsch\flexmark\flexmark-ext-enumerated-reference\0.34.30\flexmark-ext-enumerated-reference-0.34.30.jar;C:\Users\HP\.m2\repository\com\vladsch\flexmark\flexmark-ext-escaped-character\0.34.30\flexmark-ext-escaped-character-0.34.30.jar;C:\Users\HP\.m2\repository\com\vladsch\flexmark\flexmark-ext-footnotes\0.34.30\flexmark-ext-footnotes-0.34.30.jar;C:\Users\HP\.m2\repository\com\vladsch\flexmark\flexmark-ext-gfm-issues\0.34.30\flexmark-ext-gfm-issues-0.34.30.jar;C:\Users\HP\.m2\repository\com\vladsch\flexmark\flexmark-ext-gfm-strikethrough\0.34.30\flexmark-ext-gfm-strikethrough-0.34.30.jar;C:\Users\HP\.m2\repository\com\vladsch\flexmark\flexmark-ext-gfm-tables\0.34.30\flexmark-ext-gfm-tables-0.34.30.jar;C:\Users\HP\.m2\repository\com\vladsch\flexmark\flexmark-ext-gfm-tasklist\0.34.30\flexmark-ext-gfm-tasklist-0.34.30.jar;C:\Users\HP\.m2\repository\com\vladsch\flexmark\flexmark-ext-gfm-users\0.34.30\flexmark-ext-gfm-users-0.34.30.jar;C:\Users\HP\.m2\repository\com\vladsch\flexmark\flexmark-ext-gitlab\0.34.30\flexmark-ext-gitlab-0.34.30.jar;C:\Users\HP\.m2\repository\com\vladsch\flexmark\flexmark-ext-jekyll-front-matter\0.34.30\flexmark-ext-jekyll-front-matter-0.34.30.jar;C:\Users\HP\.m2\repository\com\vladsch\flexmark\flexmark-ext-jekyll-tag\0.34.30\flexmark-ext-jekyll-tag-0.34.30.jar;C:\Users\HP\.m2\repository\com\vladsch\flexmark\flexmark-ext-media-tags\0.34.30\flexmark-ext-media-tags-0.34.30.jar;C:\Users\HP\.m2\repository\com\vladsch\flexmark\flexmark-test-util\0.34.30\flexmark-test-util-0.34.30.jar;C:\Users\HP\.m2\repository\com\vladsch\flexmark\flexmark-ext-ins\0.34.30\flexmark-ext-ins-0.34.30.jar;C:\Users\HP\.m2\repository\com\vladsch\flexmark\flexmark-ext-xwiki-macros\0.34.30\flexmark-ext-xwiki-macros-0.34.30.jar;C:\Users\HP\.m2\repository\com\vladsch\flexmark\flexmark-ext-superscript\0.34.30\flexmark-ext-superscript-0.34.30.jar;C:\Users\HP\.m2\repository\com\vladsch\flexmark\flexmark-ext-tables\0.34.30\flexmark-ext-tables-0.34.30.jar;C:\Users\HP\.m2\repository\com\vladsch\flexmark\flexmark-ext-toc\0.34.30\flexmark-ext-toc-0.34.30.jar;C:\Users\HP\.m2\repository\com\vladsch\flexmark\flexmark-ext-typographic\0.34.30\flexmark-ext-typographic-0.34.30.jar;C:\Users\HP\.m2\repository\com\vladsch\flexmark\flexmark-ext-wikilink\0.34.30\flexmark-ext-wikilink-0.34.30.jar;C:\Users\HP\.m2\repository\com\vladsch\flexmark\flexmark-ext-yaml-front-matter\0.34.30\flexmark-ext-yaml-front-matter-0.34.30.jar;C:\Users\HP\.m2\repository\com\vladsch\flexmark\flexmark-ext-youtube-embedded\0.34.30\flexmark-ext-youtube-embedded-0.34.30.jar;C:\Users\HP\.m2\repository\com\vladsch\flexmark\flexmark-formatter\0.34.30\flexmark-formatter-0.34.30.jar;C:\Users\HP\.m2\repository\com\vladsch\flexmark\flexmark-html-parser\0.34.30\flexmark-html-parser-0.34.30.jar;C:\Users\HP\.m2\repository\com\vladsch\flexmark\flexmark-jira-converter\0.34.30\flexmark-jira-converter-0.34.30.jar;C:\Users\HP\.m2\repository\com\vladsch\flexmark\flexmark-pdf-converter\0.34.30\flexmark-pdf-converter-0.34.30.jar;C:\Users\HP\.m2\repository\com\openhtmltopdf\openhtmltopdf-core\0.0.1-RC13\openhtmltopdf-core-0.0.1-RC13.jar;C:\Users\HP\.m2\repository\com\openhtmltopdf\openhtmltopdf-pdfbox\0.0.1-RC13\openhtmltopdf-pdfbox-0.0.1-RC13.jar;C:\Users\HP\.m2\repository\org\apache\pdfbox\pdfbox\2.0.8\pdfbox-2.0.8.jar;C:\Users\HP\.m2\repository\org\apache\pdfbox\fontbox\2.0.8\fontbox-2.0.8.jar;C:\Users\HP\.m2\repository\org\apache\pdfbox\xmpbox\2.0.8\xmpbox-2.0.8.jar;C:\Users\HP\.m2\repository\de\rototor\pdfbox\graphics2d\0.12\graphics2d-0.12.jar;C:\Users\HP\.m2\repository\com\openhtmltopdf\openhtmltopdf-rtl-support\0.0.1-RC13\openhtmltopdf-rtl-support-0.0.1-RC13.jar;C:\Users\HP\.m2\repository\com\ibm\icu\icu4j\59.1\icu4j-59.1.jar;C:\Users\HP\.m2\repository\com\openhtmltopdf\openhtmltopdf-jsoup-dom-converter\0.0.1-RC13\openhtmltopdf-jsoup-dom-converter-0.0.1-RC13.jar;C:\Users\HP\.m2\repository\com\vladsch\flexmark\flexmark-profile-pegdown\0.34.30\flexmark-profile-pegdown-0.34.30.jar;C:\Users\HP\.m2\repository\com\vladsch\flexmark\flexmark-util\0.34.30\flexmark-util-0.34.30.jar;C:\Users\HP\.m2\repository\com\vladsch\flexmark\flexmark-youtrack-converter\0.34.30\flexmark-youtrack-converter-0.34.30.jar;C:\Users\HP\.m2\repository\es\nitaur\markdown\txtmark\0.16\txtmark-0.16.jar;C:\Users\HP\.m2\repository\net\serenity-bdd\serenity-report-resources\3.5.1\serenity-report-resources-3.5.1.jar;C:\Users\HP\.m2\repository\com\google\code\gson\gson\2.9.0\gson-2.9.0.jar;C:\Users\HP\.m2\repository\com\fasterxml\jackson\core\jackson-core\2.13.4\jackson-core-2.13.4.jar;C:\Users\HP\.m2\repository\com\fasterxml\jackson\core\jackson-databind\2.13.4\jackson-databind-2.13.4.jar;C:\Users\HP\.m2\repository\com\fasterxml\jackson\core\jackson-annotations\2.13.4\jackson-annotations-2.13.4.jar;C:\Users\HP\.m2\repository\commons-codec\commons-codec\1.15\commons-codec-1.15.jar;C:\Users\HP\.m2\repository\commons-io\commons-io\2.11.0\commons-io-2.11.0.jar;C:\Users\HP\.m2\repository\org\apache\httpcomponents\httpclient\4.5.13\httpclient-4.5.13.jar;C:\Users\HP\.m2\repository\org\apache\httpcomponents\httpcore\4.4.13\httpcore-4.4.13.jar;C:\Users\HP\.m2\repository\commons-logging\commons-logging\1.2\commons-logging-1.2.jar;C:\Users\HP\.m2\repository\org\seleniumhq\selenium\selenium-java\4.7.1\selenium-java-4.7.1.jar;C:\Users\HP\.m2\repository\org\seleniumhq\selenium\selenium-devtools-v106\4.7.1\selenium-devtools-v106-4.7.1.jar;C:\Users\HP\.m2\repository\org\seleniumhq\selenium\selenium-devtools-v107\4.7.1\selenium-devtools-v107-4.7.1.jar;C:\Users\HP\.m2\repository\org\seleniumhq\selenium\selenium-devtools-v108\4.7.1\selenium-devtools-v108-4.7.1.jar;C:\Users\HP\.m2\repository\org\seleniumhq\selenium\selenium-devtools-v85\4.7.1\selenium-devtools-v85-4.7.1.jar;C:\Users\HP\.m2\repository\org\seleniumhq\selenium\selenium-remote-driver\4.7.1\selenium-remote-driver-4.7.1.jar;C:\Users\HP\.m2\repository\com\beust\jcommander\1.82\jcommander-1.82.jar;C:\Users\HP\.m2\repository\io\netty\netty-buffer\4.1.84.Final\netty-buffer-4.1.84.Final.jar;C:\Users\HP\.m2\repository\io\netty\netty-codec-http\4.1.84.Final\netty-codec-http-4.1.84.Final.jar;C:\Users\HP\.m2\repository\io\netty\netty-codec\4.1.84.Final\netty-codec-4.1.84.Final.jar;C:\Users\HP\.m2\repository\io\netty\netty-handler\4.1.84.Final\netty-handler-4.1.84.Final.jar;C:\Users\HP\.m2\repository\io\netty\netty-common\4.1.84.Final\netty-common-4.1.84.Final.jar;C:\Users\HP\.m2\repository\io\netty\netty-transport-classes-epoll\4.1.84.Final\netty-transport-classes-epoll-4.1.84.Final.jar;C:\Users\HP\.m2\repository\io\netty\netty-transport-classes-kqueue\4.1.84.Final\netty-transport-classes-kqueue-4.1.84.Final.jar;C:\Users\HP\.m2\repository\io\netty\netty-transport-native-epoll\4.1.84.Final\netty-transport-native-epoll-4.1.84.Final.jar;C:\Users\HP\.m2\repository\io\netty\netty-transport-native-kqueue\4.1.84.Final\netty-transport-native-kqueue-4.1.84.Final.jar;C:\Users\HP\.m2\repository\io\netty\netty-transport-native-unix-common\4.1.84.Final\netty-transport-native-unix-common-4.1.84.Final.jar;C:\Users\HP\.m2\repository\io\netty\netty-transport\4.1.84.Final\netty-transport-4.1.84.Final.jar;C:\Users\HP\.m2\repository\io\netty\netty-resolver\4.1.84.Final\netty-resolver-4.1.84.Final.jar;C:\Users\HP\.m2\repository\io\opentelemetry\opentelemetry-api\1.19.0\opentelemetry-api-1.19.0.jar;C:\Users\HP\.m2\repository\io\opentelemetry\opentelemetry-context\1.19.0\opentelemetry-context-1.19.0.jar;C:\Users\HP\.m2\repository\io\opentelemetry\opentelemetry-exporter-logging\1.19.0\opentelemetry-exporter-logging-1.19.0.jar;C:\Users\HP\.m2\repository\io\opentelemetry\opentelemetry-sdk-metrics\1.19.0\opentelemetry-sdk-metrics-1.19.0.jar;C:\Users\HP\.m2\repository\io\opentelemetry\opentelemetry-sdk-logs\1.19.0-alpha\opentelemetry-sdk-logs-1.19.0-alpha.jar;C:\Users\HP\.m2\repository\io\opentelemetry\opentelemetry-api-logs\1.19.0-alpha\opentelemetry-api-logs-1.19.0-alpha.jar;C:\Users\HP\.m2\repository\io\opentelemetry\opentelemetry-sdk-common\1.19.0\opentelemetry-sdk-common-1.19.0.jar;C:\Users\HP\.m2\repository\io\opentelemetry\opentelemetry-sdk-extension-autoconfigure-spi\1.19.0\opentelemetry-sdk-extension-autoconfigure-spi-1.19.0.jar;C:\Users\HP\.m2\repository\io\opentelemetry\opentelemetry-sdk-extension-autoconfigure\1.19.0-alpha\opentelemetry-sdk-extension-autoconfigure-1.19.0-alpha.jar;C:\Users\HP\.m2\repository\io\opentelemetry\opentelemetry-exporter-common\1.19.0\opentelemetry-exporter-common-1.19.0.jar;C:\Users\HP\.m2\repository\io\opentelemetry\opentelemetry-sdk-trace\1.19.0\opentelemetry-sdk-trace-1.19.0.jar;C:\Users\HP\.m2\repository\io\opentelemetry\opentelemetry-sdk\1.19.0\opentelemetry-sdk-1.19.0.jar;C:\Users\HP\.m2\repository\io\opentelemetry\opentelemetry-semconv\1.19.0-alpha\opentelemetry-semconv-1.19.0-alpha.jar;C:\Users\HP\.m2\repository\io\ous\jtoml\2.0.0\jtoml-2.0.0.jar;C:\Users\HP\.m2\repository\org\apache\commons\commons-exec\1.3\commons-exec-1.3.jar;C:\Users\HP\.m2\repository\org\asynchttpclient\async-http-client\2.12.3\async-http-client-2.12.3.jar;C:\Users\HP\.m2\repository\org\asynchttpclient\async-http-client-netty-utils\2.12.3\async-http-client-netty-utils-2.12.3.jar;C:\Users\HP\.m2\repository\io\netty\netty-codec-socks\4.1.60.Final\netty-codec-socks-4.1.60.Final.jar;C:\Users\HP\.m2\repository\io\netty\netty-handler-proxy\4.1.60.Final\netty-handler-proxy-4.1.60.Final.jar;C:\Users\HP\.m2\repository\io\netty\netty-transport-native-epoll\4.1.60.Final\netty-transport-native-epoll-4.1.60.Final-linux-x86_64.jar;C:\Users\HP\.m2\repository\io\netty\netty-transport-native-kqueue\4.1.60.Final\netty-transport-native-kqueue-4.1.60.Final-osx-x86_64.jar;C:\Users\HP\.m2\repository\org\reactivestreams\reactive-streams\1.0.3\reactive-streams-1.0.3.jar;C:\Users\HP\.m2\repository\com\typesafe\netty\netty-reactive-streams\2.0.4\netty-reactive-streams-2.0.4.jar;C:\Users\HP\.m2\repository\org\seleniumhq\selenium\selenium-manager\4.7.1\selenium-manager-4.7.1.jar;C:\Users\HP\.m2\repository\org\seleniumhq\selenium\selenium-safari-driver\4.7.1\selenium-safari-driver-4.7.1.jar;C:\Users\HP\.m2\repository\org\seleniumhq\selenium\selenium-api\4.7.1\selenium-api-4.7.1.jar;C:\Users\HP\.m2\repository\org\seleniumhq\selenium\selenium-support\4.7.1\selenium-support-4.7.1.jar;C:\Users\HP\.m2\repository\com\google\auto\service\auto-service-annotations\1.0.1\auto-service-annotations-1.0.1.jar;C:\Users\HP\.m2\repository\com\google\auto\service\auto-service\1.0.1\auto-service-1.0.1.jar;C:\Users\HP\.m2\repository\com\google\auto\auto-common\1.2\auto-common-1.2.jar;C:\Users\HP\.m2\repository\org\seleniumhq\selenium\selenium-json\4.7.1\selenium-json-4.7.1.jar;C:\Users\HP\.m2\repository\org\seleniumhq\selenium\selenium-chrome-driver\4.7.1\selenium-chrome-driver-4.7.1.jar;C:\Users\HP\.m2\repository\org\seleniumhq\selenium\selenium-chromium-driver\4.7.1\selenium-chromium-driver-4.7.1.jar;C:\Users\HP\.m2\repository\org\seleniumhq\selenium\selenium-firefox-driver\4.7.1\selenium-firefox-driver-4.7.1.jar;C:\Users\HP\.m2\repository\org\seleniumhq\selenium\selenium-http\4.7.1\selenium-http-4.7.1.jar;C:\Users\HP\.m2\repository\dev\failsafe\failsafe\3.3.0\failsafe-3.3.0.jar;C:\Users\HP\.m2\repository\org\seleniumhq\selenium\selenium-edge-driver\4.7.1\selenium-edge-driver-4.7.1.jar;C:\Users\HP\.m2\repository\org\seleniumhq\selenium\selenium-ie-driver\4.7.1\selenium-ie-driver-4.7.1.jar;C:\Users\HP\.m2\repository\org\projectlombok\lombok\1.18.20\lombok-1.18.20.jar;C:\Users\HP\.m2\repository\io\appium\java-client\8.3.0\java-client-8.3.0.jar;C:\Users\HP\.m2\repository\commons-validator\commons-validator\1.7\commons-validator-1.7.jar;C:\Users\HP\.m2\repository\commons-digester\commons-digester\2.1\commons-digester-2.1.jar;C:\Users\HP\.m2\repository\org\apache\groovy\groovy\4.0.6\groovy-4.0.6.jar;C:\Users\HP\.m2\repository\net\sf\opencsv\opencsv\2.0\opencsv-2.0.jar;C:\Users\HP\.m2\repository\commons-beanutils\commons-beanutils\1.9.4\commons-beanutils-1.9.4.jar;C:\Users\HP\.m2\repository\org\apache\commons\commons-lang3\3.12.0\commons-lang3-3.12.0.jar;C:\Users\HP\.m2\repository\commons-collections\commons-collections\3.2.2\commons-collections-3.2.2.jar;C:\Users\HP\.m2\repository\org\fluentlenium\fluentlenium-core\0.10.2\fluentlenium-core-0.10.2.jar;C:\Users\HP\.m2\repository\io\github\bonigarcia\webdrivermanager\5.3.0\webdrivermanager-5.3.0.jar;C:\Users\HP\.m2\repository\com\github\docker-java\docker-java\3.2.13\docker-java-3.2.13.jar;C:\Users\HP\.m2\repository\com\github\docker-java\docker-java-core\3.2.13\docker-java-core-3.2.13.jar;C:\Users\HP\.m2\repository\com\github\docker-java\docker-java-api\3.2.13\docker-java-api-3.2.13.jar;C:\Users\HP\.m2\repository\org\apache\commons\commons-compress\1.21\commons-compress-1.21.jar;C:\Users\HP\.m2\repository\org\bouncycastle\bcpkix-jdk15on\1.64\bcpkix-jdk15on-1.64.jar;C:\Users\HP\.m2\repository\org\bouncycastle\bcprov-jdk15on\1.64\bcprov-jdk15on-1.64.jar;C:\Users\HP\.m2\repository\org\slf4j\jcl-over-slf4j\1.7.30\jcl-over-slf4j-1.7.30.jar;C:\Users\HP\.m2\repository\com\github\docker-java\docker-java-transport-httpclient5\3.2.13\docker-java-transport-httpclient5-3.2.13.jar;C:\Users\HP\.m2\repository\com\github\docker-java\docker-java-transport\3.2.13\docker-java-transport-3.2.13.jar;C:\Users\HP\.m2\repository\net\java\dev\jna\jna\5.8.0\jna-5.8.0.jar;C:\Users\HP\.m2\repository\org\brotli\dec\0.1.2\dec-0.1.2.jar;C:\Users\HP\.m2\repository\org\apache\httpcomponents\client5\httpclient5\5.1.3\httpclient5-5.1.3.jar;C:\Users\HP\.m2\repository\org\apache\httpcomponents\core5\httpcore5\5.1.3\httpcore5-5.1.3.jar;C:\Users\HP\.m2\repository\org\apache\httpcomponents\core5\httpcore5-h2\5.1.3\httpcore5-h2-5.1.3.jar;C:\Users\HP\.m2\repository\com\jhlabs\filters\2.0.235\filters-2.0.235.jar;C:\Users\HP\.m2\repository\com\paulhammant\ngwebdriver\1.1.6\ngwebdriver-1.1.6.jar;C:\Users\HP\.m2\repository\joda-time\joda-time\2.8.2\joda-time-2.8.2.jar;C:\Users\HP\.m2\repository\org\hamcrest\hamcrest\2.2\hamcrest-2.2.jar;C:\Users\HP\.m2\repository\com\google\jimfs\jimfs\1.2\jimfs-1.2.jar;C:\Users\HP\.m2\repository\org\mockito\mockito-core\3.3.3\mockito-core-3.3.3.jar;C:\Users\HP\.m2\repository\javax\xml\bind\jaxb-api\2.3.1\jaxb-api-2.3.1.jar;C:\Users\HP\.m2\repository\javax\activation\javax.activation-api\1.2.0\javax.activation-api-1.2.0.jar;C:\Users\HP\.m2\repository\com\sun\xml\bind\jaxb-core\2.3.0.1\jaxb-core-2.3.0.1.jar;C:\Users\HP\.m2\repository\com\sun\xml\bind\jaxb-impl\2.3.3\jaxb-impl-2.3.3.jar;C:\Users\HP\.m2\repository\jakarta\xml\bind\jakarta.xml.bind-api\2.3.3\jakarta.xml.bind-api-2.3.3.jar;C:\Users\HP\.m2\repository\com\sun\activation\jakarta.activation\1.2.2\jakarta.activation-1.2.2.jar;C:\Users\HP\.m2\repository\javax\activation\activation\1.1.1\activation-1.1.1.jar;C:\Users\HP\.m2\repository\net\serenity-bdd\serenity-cucumber\3.5.1\serenity-cucumber-3.5.1.jar;C:\Users\HP\.m2\repository\io\cucumber\cucumber-core\7.8.1\cucumber-core-7.8.1.jar;C:\Users\HP\.m2\repository\io\cucumber\cucumber-gherkin\7.8.1\cucumber-gherkin-7.8.1.jar;C:\Users\HP\.m2\repository\io\cucumber\cucumber-gherkin-messages\7.8.1\cucumber-gherkin-messages-7.8.1.jar;C:\Users\HP\.m2\repository\io\cucumber\gherkin\24.0.0\gherkin-24.0.0.jar;C:\Users\HP\.m2\repository\io\cucumber\messages\19.1.4\messages-19.1.4.jar;C:\Users\HP\.m2\repository\io\cucumber\tag-expressions\4.1.0\tag-expressions-4.1.0.jar;C:\Users\HP\.m2\repository\io\cucumber\cucumber-expressions\16.0.0\cucumber-expressions-16.0.0.jar;C:\Users\HP\.m2\repository\io\cucumber\datatable\7.8.1\datatable-7.8.1.jar;C:\Users\HP\.m2\repository\io\cucumber\cucumber-plugin\7.8.1\cucumber-plugin-7.8.1.jar;C:\Users\HP\.m2\repository\io\cucumber\docstring\7.8.1\docstring-7.8.1.jar;C:\Users\HP\.m2\repository\io\cucumber\html-formatter\20.1.0\html-formatter-20.1.0.jar;C:\Users\HP\.m2\repository\io\cucumber\ci-environment\9.1.0\ci-environment-9.1.0.jar;C:\Users\HP\.m2\repository\io\cucumber\cucumber-java\7.8.1\cucumber-java-7.8.1.jar;C:\Users\HP\.m2\repository\io\cucumber\cucumber-junit\7.8.1\cucumber-junit-7.8.1.jar;C:\Users\HP\.m2\repository\org\apache\commons\commons-csv\1.5\commons-csv-1.5.jar;C:\Users\HP\.m2\repository\net\serenity-bdd\serenity-screenplay\3.5.1\serenity-screenplay-3.5.1.jar;C:\Users\HP\.m2\repository\net\serenity-bdd\serenity-screenplay-webdriver\3.5.1\serenity-screenplay-webdriver-3.5.1.jar;C:\Users\HP\.m2\repository\net\serenity-bdd\serenity-ensure\3.5.1\serenity-ensure-3.5.1.jar;C:\Users\HP\.m2\repository\net\serenity-bdd\serenity-junit\3.5.1\serenity-junit-3.5.1.jar;C:\Users\HP\.m2\repository\org\jetbrains\kotlin\kotlin-stdlib\1.7.21\kotlin-stdlib-1.7.21.jar;C:\Users\HP\.m2\repository\org\jetbrains\kotlin\kotlin-stdlib-common\1.7.21\kotlin-stdlib-common-1.7.21.jar;C:\Users\HP\.m2\repository\org\jetbrains\annotations\13.0\annotations-13.0.jar;C:\Users\HP\.m2\repository\org\junit\platform\junit-platform-launcher\1.8.2\junit-platform-launcher-1.8.2.jar;C:\Users\HP\.m2\repository\org\junit\platform\junit-platform-engine\1.8.2\junit-platform-engine-1.8.2.jar;C:\Users\HP\.m2\repository\org\opentest4j\opentest4j\1.2.0\opentest4j-1.2.0.jar;C:\Users\HP\.m2\repository\org\junit\platform\junit-platform-commons\1.8.2\junit-platform-commons-1.8.2.jar;C:\Users\HP\.m2\repository\org\apiguardian\apiguardian-api\1.1.2\apiguardian-api-1.1.2.jar;C:\Users\HP\.m2\repository\org\junit\jupiter\junit-jupiter-engine\5.8.2\junit-jupiter-engine-5.8.2.jar;C:\Users\HP\.m2\repository\org\junit\jupiter\junit-jupiter-api\5.8.2\junit-jupiter-api-5.8.2.jar;C:\Users\HP\.m2\repository\org\junit\vintage\junit-vintage-engine\5.8.2\junit-vintage-engine-5.8.2.jar;C:\Users\HP\.m2\repository\junit\junit\4.13.2\junit-4.13.2.jar;C:\Users\HP\.m2\repository\org\hamcrest\hamcrest-core\1.3\hamcrest-core-1.3.jar;C:\Users\HP\.m2\repository\ch\qos\logback\logback-classic\1.2.10\logback-classic-1.2.10.jar;C:\Users\HP\.m2\repository\ch\qos\logback\logback-core\1.2.10\logback-core-1.2.10.jar;C:\Users\HP\.m2\repository\org\slf4j\slf4j-api\1.7.32\slf4j-api-1.7.32.jar;C:\Users\HP\.m2\repository\org\assertj\assertj-core\3.23.1\assertj-core-3.23.1.jar;C:\Users\HP\.m2\repository\net\bytebuddy\byte-buddy\1.12.10\byte-buddy-1.12.10.jar;"/>
    <property name="java.vm.vendor" value="Oracle Corporation"/>
    <property name="sun.arch.data.model" value="64"/>
    <property name="user.variant" value=""/>
    <property name="java.vendor.url" value="https://java.oracle.com/"/>
    <property name="user.timezone" value="Asia/Jakarta"/>
    <property name="log4j2.formatMsgNoLookups" value="true"/>
    <property name="os.name" value="Windows 11"/>
    <property name="java.vm.specification.version" value="19"/>
    <property name="sun.java.launcher" value="SUN_STANDARD"/>
    <property name="user.country" value="ID"/>
    <property name="sun.boot.library.path" value="C:\Program Files\Java\jdk-19\bin"/>
    <property name="sun.java.command" value="org.apache.maven.surefire.booter.ForkedBooter C:\Users\HP\AppData\Local\Temp\surefire3639546318782514573 2023-05-10T15-25-50_794-jvmRun1 surefire178344982148087408tmp surefire_016307406648867363866tmp"/>
    <property name="jdk.debug" value="release"/>
    <property name="surefire.test.class.path" value="C:\Users\HP\Downloads\Mini-Project-QA\ALTASHOP WEB AUTOMATION\target\test-classes;C:\Users\HP\.m2\repository\net\serenity-bdd\serenity-core\3.5.1\serenity-core-3.5.1.jar;C:\Users\HP\.m2\repository\net\serenity-bdd\serenity-model\3.5.1\serenity-model-3.5.1.jar;C:\Users\HP\.m2\repository\org\apache\commons\commons-text\1.10.0\commons-text-1.10.0.jar;C:\Users\HP\.m2\repository\commons-net\commons-net\3.8.0\commons-net-3.8.0.jar;C:\Users\HP\.m2\repository\com\google\guava\guava\31.1-jre\guava-31.1-jre.jar;C:\Users\HP\.m2\repository\com\google\guava\failureaccess\1.0.1\failureaccess-1.0.1.jar;C:\Users\HP\.m2\repository\com\google\guava\listenablefuture\9999.0-empty-to-avoid-conflict-with-guava\listenablefuture-9999.0-empty-to-avoid-conflict-with-guava.jar;C:\Users\HP\.m2\repository\com\google\code\findbugs\jsr305\3.0.2\jsr305-3.0.2.jar;C:\Users\HP\.m2\repository\org\checkerframework\checker-qual\3.12.0\checker-qual-3.12.0.jar;C:\Users\HP\.m2\repository\com\google\errorprone\error_prone_annotations\2.11.0\error_prone_annotations-2.11.0.jar;C:\Users\HP\.m2\repository\com\google\j2objc\j2objc-annotations\1.3\j2objc-annotations-1.3.jar;C:\Users\HP\.m2\repository\com\google\inject\guice\5.1.0\guice-5.1.0.jar;C:\Users\HP\.m2\repository\javax\inject\javax.inject\1\javax.inject-1.jar;C:\Users\HP\.m2\repository\aopalliance\aopalliance\1.0\aopalliance-1.0.jar;C:\Users\HP\.m2\repository\org\jsoup\jsoup\1.14.3\jsoup-1.14.3.jar;C:\Users\HP\.m2\repository\com\thoughtworks\xstream\xstream\1.4.19\xstream-1.4.19.jar;C:\Users\HP\.m2\repository\io\github\x-stream\mxparser\1.2.2\mxparser-1.2.2.jar;C:\Users\HP\.m2\repository\xmlpull\xmlpull\1.1.3.1\xmlpull-1.1.3.1.jar;C:\Users\HP\.m2\repository\com\typesafe\config\1.4.2\config-1.4.2.jar;C:\Users\HP\.m2\repository\org\imgscalr\imgscalr-lib\4.2\imgscalr-lib-4.2.jar;C:\Users\HP\.m2\repository\org\awaitility\awaitility\4.2.0\awaitility-4.2.0.jar;C:\Users\HP\.m2\repository\org\freemarker\freemarker\2.3.31\freemarker-2.3.31.jar;C:\Users\HP\.m2\repository\io\github\classgraph\classgraph\4.8.138\classgraph-4.8.138.jar;C:\Users\HP\.m2\repository\net\sourceforge\jexcelapi\jxl\2.6.12\jxl-2.6.12.jar;C:\Users\HP\.m2\repository\net\bytebuddy\byte-buddy-agent\1.12.18\byte-buddy-agent-1.12.18.jar;C:\Users\HP\.m2\repository\org\objenesis\objenesis\3.1\objenesis-3.1.jar;C:\Users\HP\.m2\repository\net\serenity-bdd\serenity-reports\3.5.1\serenity-reports-3.5.1.jar;C:\Users\HP\.m2\repository\net\serenity-bdd\serenity-stats\3.5.1\serenity-stats-3.5.1.jar;C:\Users\HP\.m2\repository\net\serenity-bdd\serenity-reports-configuration\3.5.1\serenity-reports-configuration-3.5.1.jar;C:\Users\HP\.m2\repository\com\vladsch\flexmark\flexmark-all\0.34.30\flexmark-all-0.34.30.jar;C:\Users\HP\.m2\repository\com\vladsch\flexmark\flexmark\0.34.30\flexmark-0.34.30.jar;C:\Users\HP\.m2\repository\com\vladsch\flexmark\flexmark-ext-abbreviation\0.34.30\flexmark-ext-abbreviation-0.34.30.jar;C:\Users\HP\.m2\repository\com\vladsch\flexmark\flexmark-ext-admonition\0.34.30\flexmark-ext-admonition-0.34.30.jar;C:\Users\HP\.m2\repository\com\vladsch\flexmark\flexmark-ext-anchorlink\0.34.30\flexmark-ext-anchorlink-0.34.30.jar;C:\Users\HP\.m2\repository\com\vladsch\flexmark\flexmark-ext-aside\0.34.30\flexmark-ext-aside-0.34.30.jar;C:\Users\HP\.m2\repository\com\vladsch\flexmark\flexmark-ext-attributes\0.34.30\flexmark-ext-attributes-0.34.30.jar;C:\Users\HP\.m2\repository\com\vladsch\flexmark\flexmark-ext-autolink\0.34.30\flexmark-ext-autolink-0.34.30.jar;C:\Users\HP\.m2\repository\org\nibor\autolink\autolink\0.6.0\autolink-0.6.0.jar;C:\Users\HP\.m2\repository\com\vladsch\flexmark\flexmark-ext-definition\0.34.30\flexmark-ext-definition-0.34.30.jar;C:\Users\HP\.m2\repository\com\vladsch\flexmark\flexmark-ext-emoji\0.34.30\flexmark-ext-emoji-0.34.30.jar;C:\Users\HP\.m2\repository\com\vladsch\flexmark\flexmark-ext-enumerated-reference\0.34.30\flexmark-ext-enumerated-reference-0.34.30.jar;C:\Users\HP\.m2\repository\com\vladsch\flexmark\flexmark-ext-escaped-character\0.34.30\flexmark-ext-escaped-character-0.34.30.jar;C:\Users\HP\.m2\repository\com\vladsch\flexmark\flexmark-ext-footnotes\0.34.30\flexmark-ext-footnotes-0.34.30.jar;C:\Users\HP\.m2\repository\com\vladsch\flexmark\flexmark-ext-gfm-issues\0.34.30\flexmark-ext-gfm-issues-0.34.30.jar;C:\Users\HP\.m2\repository\com\vladsch\flexmark\flexmark-ext-gfm-strikethrough\0.34.30\flexmark-ext-gfm-strikethrough-0.34.30.jar;C:\Users\HP\.m2\repository\com\vladsch\flexmark\flexmark-ext-gfm-tables\0.34.30\flexmark-ext-gfm-tables-0.34.30.jar;C:\Users\HP\.m2\repository\com\vladsch\flexmark\flexmark-ext-gfm-tasklist\0.34.30\flexmark-ext-gfm-tasklist-0.34.30.jar;C:\Users\HP\.m2\repository\com\vladsch\flexmark\flexmark-ext-gfm-users\0.34.30\flexmark-ext-gfm-users-0.34.30.jar;C:\Users\HP\.m2\repository\com\vladsch\flexmark\flexmark-ext-gitlab\0.34.30\flexmark-ext-gitlab-0.34.30.jar;C:\Users\HP\.m2\repository\com\vladsch\flexmark\flexmark-ext-jekyll-front-matter\0.34.30\flexmark-ext-jekyll-front-matter-0.34.30.jar;C:\Users\HP\.m2\repository\com\vladsch\flexmark\flexmark-ext-jekyll-tag\0.34.30\flexmark-ext-jekyll-tag-0.34.30.jar;C:\Users\HP\.m2\repository\com\vladsch\flexmark\flexmark-ext-media-tags\0.34.30\flexmark-ext-media-tags-0.34.30.jar;C:\Users\HP\.m2\repository\com\vladsch\flexmark\flexmark-test-util\0.34.30\flexmark-test-util-0.34.30.jar;C:\Users\HP\.m2\repository\com\vladsch\flexmark\flexmark-ext-ins\0.34.30\flexmark-ext-ins-0.34.30.jar;C:\Users\HP\.m2\repository\com\vladsch\flexmark\flexmark-ext-xwiki-macros\0.34.30\flexmark-ext-xwiki-macros-0.34.30.jar;C:\Users\HP\.m2\repository\com\vladsch\flexmark\flexmark-ext-superscript\0.34.30\flexmark-ext-superscript-0.34.30.jar;C:\Users\HP\.m2\repository\com\vladsch\flexmark\flexmark-ext-tables\0.34.30\flexmark-ext-tables-0.34.30.jar;C:\Users\HP\.m2\repository\com\vladsch\flexmark\flexmark-ext-toc\0.34.30\flexmark-ext-toc-0.34.30.jar;C:\Users\HP\.m2\repository\com\vladsch\flexmark\flexmark-ext-typographic\0.34.30\flexmark-ext-typographic-0.34.30.jar;C:\Users\HP\.m2\repository\com\vladsch\flexmark\flexmark-ext-wikilink\0.34.30\flexmark-ext-wikilink-0.34.30.jar;C:\Users\HP\.m2\repository\com\vladsch\flexmark\flexmark-ext-yaml-front-matter\0.34.30\flexmark-ext-yaml-front-matter-0.34.30.jar;C:\Users\HP\.m2\repository\com\vladsch\flexmark\flexmark-ext-youtube-embedded\0.34.30\flexmark-ext-youtube-embedded-0.34.30.jar;C:\Users\HP\.m2\repository\com\vladsch\flexmark\flexmark-formatter\0.34.30\flexmark-formatter-0.34.30.jar;C:\Users\HP\.m2\repository\com\vladsch\flexmark\flexmark-html-parser\0.34.30\flexmark-html-parser-0.34.30.jar;C:\Users\HP\.m2\repository\com\vladsch\flexmark\flexmark-jira-converter\0.34.30\flexmark-jira-converter-0.34.30.jar;C:\Users\HP\.m2\repository\com\vladsch\flexmark\flexmark-pdf-converter\0.34.30\flexmark-pdf-converter-0.34.30.jar;C:\Users\HP\.m2\repository\com\openhtmltopdf\openhtmltopdf-core\0.0.1-RC13\openhtmltopdf-core-0.0.1-RC13.jar;C:\Users\HP\.m2\repository\com\openhtmltopdf\openhtmltopdf-pdfbox\0.0.1-RC13\openhtmltopdf-pdfbox-0.0.1-RC13.jar;C:\Users\HP\.m2\repository\org\apache\pdfbox\pdfbox\2.0.8\pdfbox-2.0.8.jar;C:\Users\HP\.m2\repository\org\apache\pdfbox\fontbox\2.0.8\fontbox-2.0.8.jar;C:\Users\HP\.m2\repository\org\apache\pdfbox\xmpbox\2.0.8\xmpbox-2.0.8.jar;C:\Users\HP\.m2\repository\de\rototor\pdfbox\graphics2d\0.12\graphics2d-0.12.jar;C:\Users\HP\.m2\repository\com\openhtmltopdf\openhtmltopdf-rtl-support\0.0.1-RC13\openhtmltopdf-rtl-support-0.0.1-RC13.jar;C:\Users\HP\.m2\repository\com\ibm\icu\icu4j\59.1\icu4j-59.1.jar;C:\Users\HP\.m2\repository\com\openhtmltopdf\openhtmltopdf-jsoup-dom-converter\0.0.1-RC13\openhtmltopdf-jsoup-dom-converter-0.0.1-RC13.jar;C:\Users\HP\.m2\repository\com\vladsch\flexmark\flexmark-profile-pegdown\0.34.30\flexmark-profile-pegdown-0.34.30.jar;C:\Users\HP\.m2\repository\com\vladsch\flexmark\flexmark-util\0.34.30\flexmark-util-0.34.30.jar;C:\Users\HP\.m2\repository\com\vladsch\flexmark\flexmark-youtrack-converter\0.34.30\flexmark-youtrack-converter-0.34.30.jar;C:\Users\HP\.m2\repository\es\nitaur\markdown\txtmark\0.16\txtmark-0.16.jar;C:\Users\HP\.m2\repository\net\serenity-bdd\serenity-report-resources\3.5.1\serenity-report-resources-3.5.1.jar;C:\Users\HP\.m2\repository\com\google\code\gson\gson\2.9.0\gson-2.9.0.jar;C:\Users\HP\.m2\repository\com\fasterxml\jackson\core\jackson-core\2.13.4\jackson-core-2.13.4.jar;C:\Users\HP\.m2\repository\com\fasterxml\jackson\core\jackson-databind\2.13.4\jackson-databind-2.13.4.jar;C:\Users\HP\.m2\repository\com\fasterxml\jackson\core\jackson-annotations\2.13.4\jackson-annotations-2.13.4.jar;C:\Users\HP\.m2\repository\commons-codec\commons-codec\1.15\commons-codec-1.15.jar;C:\Users\HP\.m2\repository\commons-io\commons-io\2.11.0\commons-io-2.11.0.jar;C:\Users\HP\.m2\repository\org\apache\httpcomponents\httpclient\4.5.13\httpclient-4.5.13.jar;C:\Users\HP\.m2\repository\org\apache\httpcomponents\httpcore\4.4.13\httpcore-4.4.13.jar;C:\Users\HP\.m2\repository\commons-logging\commons-logging\1.2\commons-logging-1.2.jar;C:\Users\HP\.m2\repository\org\seleniumhq\selenium\selenium-java\4.7.1\selenium-java-4.7.1.jar;C:\Users\HP\.m2\repository\org\seleniumhq\selenium\selenium-devtools-v106\4.7.1\selenium-devtools-v106-4.7.1.jar;C:\Users\HP\.m2\repository\org\seleniumhq\selenium\selenium-devtools-v107\4.7.1\selenium-devtools-v107-4.7.1.jar;C:\Users\HP\.m2\repository\org\seleniumhq\selenium\selenium-devtools-v108\4.7.1\selenium-devtools-v108-4.7.1.jar;C:\Users\HP\.m2\repository\org\seleniumhq\selenium\selenium-devtools-v85\4.7.1\selenium-devtools-v85-4.7.1.jar;C:\Users\HP\.m2\repository\org\seleniumhq\selenium\selenium-remote-driver\4.7.1\selenium-remote-driver-4.7.1.jar;C:\Users\HP\.m2\repository\com\beust\jcommander\1.82\jcommander-1.82.jar;C:\Users\HP\.m2\repository\io\netty\netty-buffer\4.1.84.Final\netty-buffer-4.1.84.Final.jar;C:\Users\HP\.m2\repository\io\netty\netty-codec-http\4.1.84.Final\netty-codec-http-4.1.84.Final.jar;C:\Users\HP\.m2\repository\io\netty\netty-codec\4.1.84.Final\netty-codec-4.1.84.Final.jar;C:\Users\HP\.m2\repository\io\netty\netty-handler\4.1.84.Final\netty-handler-4.1.84.Final.jar;C:\Users\HP\.m2\repository\io\netty\netty-common\4.1.84.Final\netty-common-4.1.84.Final.jar;C:\Users\HP\.m2\repository\io\netty\netty-transport-classes-epoll\4.1.84.Final\netty-transport-classes-epoll-4.1.84.Final.jar;C:\Users\HP\.m2\repository\io\netty\netty-transport-classes-kqueue\4.1.84.Final\netty-transport-classes-kqueue-4.1.84.Final.jar;C:\Users\HP\.m2\repository\io\netty\netty-transport-native-epoll\4.1.84.Final\netty-transport-native-epoll-4.1.84.Final.jar;C:\Users\HP\.m2\repository\io\netty\netty-transport-native-kqueue\4.1.84.Final\netty-transport-native-kqueue-4.1.84.Final.jar;C:\Users\HP\.m2\repository\io\netty\netty-transport-native-unix-common\4.1.84.Final\netty-transport-native-unix-common-4.1.84.Final.jar;C:\Users\HP\.m2\repository\io\netty\netty-transport\4.1.84.Final\netty-transport-4.1.84.Final.jar;C:\Users\HP\.m2\repository\io\netty\netty-resolver\4.1.84.Final\netty-resolver-4.1.84.Final.jar;C:\Users\HP\.m2\repository\io\opentelemetry\opentelemetry-api\1.19.0\opentelemetry-api-1.19.0.jar;C:\Users\HP\.m2\repository\io\opentelemetry\opentelemetry-context\1.19.0\opentelemetry-context-1.19.0.jar;C:\Users\HP\.m2\repository\io\opentelemetry\opentelemetry-exporter-logging\1.19.0\opentelemetry-exporter-logging-1.19.0.jar;C:\Users\HP\.m2\repository\io\opentelemetry\opentelemetry-sdk-metrics\1.19.0\opentelemetry-sdk-metrics-1.19.0.jar;C:\Users\HP\.m2\repository\io\opentelemetry\opentelemetry-sdk-logs\1.19.0-alpha\opentelemetry-sdk-logs-1.19.0-alpha.jar;C:\Users\HP\.m2\repository\io\opentelemetry\opentelemetry-api-logs\1.19.0-alpha\opentelemetry-api-logs-1.19.0-alpha.jar;C:\Users\HP\.m2\repository\io\opentelemetry\opentelemetry-sdk-common\1.19.0\opentelemetry-sdk-common-1.19.0.jar;C:\Users\HP\.m2\repository\io\opentelemetry\opentelemetry-sdk-extension-autoconfigure-spi\1.19.0\opentelemetry-sdk-extension-autoconfigure-spi-1.19.0.jar;C:\Users\HP\.m2\repository\io\opentelemetry\opentelemetry-sdk-extension-autoconfigure\1.19.0-alpha\opentelemetry-sdk-extension-autoconfigure-1.19.0-alpha.jar;C:\Users\HP\.m2\repository\io\opentelemetry\opentelemetry-exporter-common\1.19.0\opentelemetry-exporter-common-1.19.0.jar;C:\Users\HP\.m2\repository\io\opentelemetry\opentelemetry-sdk-trace\1.19.0\opentelemetry-sdk-trace-1.19.0.jar;C:\Users\HP\.m2\repository\io\opentelemetry\opentelemetry-sdk\1.19.0\opentelemetry-sdk-1.19.0.jar;C:\Users\HP\.m2\repository\io\opentelemetry\opentelemetry-semconv\1.19.0-alpha\opentelemetry-semconv-1.19.0-alpha.jar;C:\Users\HP\.m2\repository\io\ous\jtoml\2.0.0\jtoml-2.0.0.jar;C:\Users\HP\.m2\repository\org\apache\commons\commons-exec\1.3\commons-exec-1.3.jar;C:\Users\HP\.m2\repository\org\asynchttpclient\async-http-client\2.12.3\async-http-client-2.12.3.jar;C:\Users\HP\.m2\repository\org\asynchttpclient\async-http-client-netty-utils\2.12.3\async-http-client-netty-utils-2.12.3.jar;C:\Users\HP\.m2\repository\io\netty\netty-codec-socks\4.1.60.Final\netty-codec-socks-4.1.60.Final.jar;C:\Users\HP\.m2\repository\io\netty\netty-handler-proxy\4.1.60.Final\netty-handler-proxy-4.1.60.Final.jar;C:\Users\HP\.m2\repository\io\netty\netty-transport-native-epoll\4.1.60.Final\netty-transport-native-epoll-4.1.60.Final-linux-x86_64.jar;C:\Users\HP\.m2\repository\io\netty\netty-transport-native-kqueue\4.1.60.Final\netty-transport-native-kqueue-4.1.60.Final-osx-x86_64.jar;C:\Users\HP\.m2\repository\org\reactivestreams\reactive-streams\1.0.3\reactive-streams-1.0.3.jar;C:\Users\HP\.m2\repository\com\typesafe\netty\netty-reactive-streams\2.0.4\netty-reactive-streams-2.0.4.jar;C:\Users\HP\.m2\repository\org\seleniumhq\selenium\selenium-manager\4.7.1\selenium-manager-4.7.1.jar;C:\Users\HP\.m2\repository\org\seleniumhq\selenium\selenium-safari-driver\4.7.1\selenium-safari-driver-4.7.1.jar;C:\Users\HP\.m2\repository\org\seleniumhq\selenium\selenium-api\4.7.1\selenium-api-4.7.1.jar;C:\Users\HP\.m2\repository\org\seleniumhq\selenium\selenium-support\4.7.1\selenium-support-4.7.1.jar;C:\Users\HP\.m2\repository\com\google\auto\service\auto-service-annotations\1.0.1\auto-service-annotations-1.0.1.jar;C:\Users\HP\.m2\repository\com\google\auto\service\auto-service\1.0.1\auto-service-1.0.1.jar;C:\Users\HP\.m2\repository\com\google\auto\auto-common\1.2\auto-common-1.2.jar;C:\Users\HP\.m2\repository\org\seleniumhq\selenium\selenium-json\4.7.1\selenium-json-4.7.1.jar;C:\Users\HP\.m2\repository\org\seleniumhq\selenium\selenium-chrome-driver\4.7.1\selenium-chrome-driver-4.7.1.jar;C:\Users\HP\.m2\repository\org\seleniumhq\selenium\selenium-chromium-driver\4.7.1\selenium-chromium-driver-4.7.1.jar;C:\Users\HP\.m2\repository\org\seleniumhq\selenium\selenium-firefox-driver\4.7.1\selenium-firefox-driver-4.7.1.jar;C:\Users\HP\.m2\repository\org\seleniumhq\selenium\selenium-http\4.7.1\selenium-http-4.7.1.jar;C:\Users\HP\.m2\repository\dev\failsafe\failsafe\3.3.0\failsafe-3.3.0.jar;C:\Users\HP\.m2\repository\org\seleniumhq\selenium\selenium-edge-driver\4.7.1\selenium-edge-driver-4.7.1.jar;C:\Users\HP\.m2\repository\org\seleniumhq\selenium\selenium-ie-driver\4.7.1\selenium-ie-driver-4.7.1.jar;C:\Users\HP\.m2\repository\org\projectlombok\lombok\1.18.20\lombok-1.18.20.jar;C:\Users\HP\.m2\repository\io\appium\java-client\8.3.0\java-client-8.3.0.jar;C:\Users\HP\.m2\repository\commons-validator\commons-validator\1.7\commons-validator-1.7.jar;C:\Users\HP\.m2\repository\commons-digester\commons-digester\2.1\commons-digester-2.1.jar;C:\Users\HP\.m2\repository\org\apache\groovy\groovy\4.0.6\groovy-4.0.6.jar;C:\Users\HP\.m2\repository\net\sf\opencsv\opencsv\2.0\opencsv-2.0.jar;C:\Users\HP\.m2\repository\commons-beanutils\commons-beanutils\1.9.4\commons-beanutils-1.9.4.jar;C:\Users\HP\.m2\repository\org\apache\commons\commons-lang3\3.12.0\commons-lang3-3.12.0.jar;C:\Users\HP\.m2\repository\commons-collections\commons-collections\3.2.2\commons-collections-3.2.2.jar;C:\Users\HP\.m2\repository\org\fluentlenium\fluentlenium-core\0.10.2\fluentlenium-core-0.10.2.jar;C:\Users\HP\.m2\repository\io\github\bonigarcia\webdrivermanager\5.3.0\webdrivermanager-5.3.0.jar;C:\Users\HP\.m2\repository\com\github\docker-java\docker-java\3.2.13\docker-java-3.2.13.jar;C:\Users\HP\.m2\repository\com\github\docker-java\docker-java-core\3.2.13\docker-java-core-3.2.13.jar;C:\Users\HP\.m2\repository\com\github\docker-java\docker-java-api\3.2.13\docker-java-api-3.2.13.jar;C:\Users\HP\.m2\repository\org\apache\commons\commons-compress\1.21\commons-compress-1.21.jar;C:\Users\HP\.m2\repository\org\bouncycastle\bcpkix-jdk15on\1.64\bcpkix-jdk15on-1.64.jar;C:\Users\HP\.m2\repository\org\bouncycastle\bcprov-jdk15on\1.64\bcprov-jdk15on-1.64.jar;C:\Users\HP\.m2\repository\org\slf4j\jcl-over-slf4j\1.7.30\jcl-over-slf4j-1.7.30.jar;C:\Users\HP\.m2\repository\com\github\docker-java\docker-java-transport-httpclient5\3.2.13\docker-java-transport-httpclient5-3.2.13.jar;C:\Users\HP\.m2\repository\com\github\docker-java\docker-java-transport\3.2.13\docker-java-transport-3.2.13.jar;C:\Users\HP\.m2\repository\net\java\dev\jna\jna\5.8.0\jna-5.8.0.jar;C:\Users\HP\.m2\repository\org\brotli\dec\0.1.2\dec-0.1.2.jar;C:\Users\HP\.m2\repository\org\apache\httpcomponents\client5\httpclient5\5.1.3\httpclient5-5.1.3.jar;C:\Users\HP\.m2\repository\org\apache\httpcomponents\core5\httpcore5\5.1.3\httpcore5-5.1.3.jar;C:\Users\HP\.m2\repository\org\apache\httpcomponents\core5\httpcore5-h2\5.1.3\httpcore5-h2-5.1.3.jar;C:\Users\HP\.m2\repository\com\jhlabs\filters\2.0.235\filters-2.0.235.jar;C:\Users\HP\.m2\repository\com\paulhammant\ngwebdriver\1.1.6\ngwebdriver-1.1.6.jar;C:\Users\HP\.m2\repository\joda-time\joda-time\2.8.2\joda-time-2.8.2.jar;C:\Users\HP\.m2\repository\org\hamcrest\hamcrest\2.2\hamcrest-2.2.jar;C:\Users\HP\.m2\repository\com\google\jimfs\jimfs\1.2\jimfs-1.2.jar;C:\Users\HP\.m2\repository\org\mockito\mockito-core\3.3.3\mockito-core-3.3.3.jar;C:\Users\HP\.m2\repository\javax\xml\bind\jaxb-api\2.3.1\jaxb-api-2.3.1.jar;C:\Users\HP\.m2\repository\javax\activation\javax.activation-api\1.2.0\javax.activation-api-1.2.0.jar;C:\Users\HP\.m2\repository\com\sun\xml\bind\jaxb-core\2.3.0.1\jaxb-core-2.3.0.1.jar;C:\Users\HP\.m2\repository\com\sun\xml\bind\jaxb-impl\2.3.3\jaxb-impl-2.3.3.jar;C:\Users\HP\.m2\repository\jakarta\xml\bind\jakarta.xml.bind-api\2.3.3\jakarta.xml.bind-api-2.3.3.jar;C:\Users\HP\.m2\repository\com\sun\activation\jakarta.activation\1.2.2\jakarta.activation-1.2.2.jar;C:\Users\HP\.m2\repository\javax\activation\activation\1.1.1\activation-1.1.1.jar;C:\Users\HP\.m2\repository\net\serenity-bdd\serenity-cucumber\3.5.1\serenity-cucumber-3.5.1.jar;C:\Users\HP\.m2\repository\io\cucumber\cucumber-core\7.8.1\cucumber-core-7.8.1.jar;C:\Users\HP\.m2\repository\io\cucumber\cucumber-gherkin\7.8.1\cucumber-gherkin-7.8.1.jar;C:\Users\HP\.m2\repository\io\cucumber\cucumber-gherkin-messages\7.8.1\cucumber-gherkin-messages-7.8.1.jar;C:\Users\HP\.m2\repository\io\cucumber\gherkin\24.0.0\gherkin-24.0.0.jar;C:\Users\HP\.m2\repository\io\cucumber\messages\19.1.4\messages-19.1.4.jar;C:\Users\HP\.m2\repository\io\cucumber\tag-expressions\4.1.0\tag-expressions-4.1.0.jar;C:\Users\HP\.m2\repository\io\cucumber\cucumber-expressions\16.0.0\cucumber-expressions-16.0.0.jar;C:\Users\HP\.m2\repository\io\cucumber\datatable\7.8.1\datatable-7.8.1.jar;C:\Users\HP\.m2\repository\io\cucumber\cucumber-plugin\7.8.1\cucumber-plugin-7.8.1.jar;C:\Users\HP\.m2\repository\io\cucumber\docstring\7.8.1\docstring-7.8.1.jar;C:\Users\HP\.m2\repository\io\cucumber\html-formatter\20.1.0\html-formatter-20.1.0.jar;C:\Users\HP\.m2\repository\io\cucumber\ci-environment\9.1.0\ci-environment-9.1.0.jar;C:\Users\HP\.m2\repository\io\cucumber\cucumber-java\7.8.1\cucumber-java-7.8.1.jar;C:\Users\HP\.m2\repository\io\cucumber\cucumber-junit\7.8.1\cucumber-junit-7.8.1.jar;C:\Users\HP\.m2\repository\org\apache\commons\commons-csv\1.5\commons-csv-1.5.jar;C:\Users\HP\.m2\repository\net\serenity-bdd\serenity-screenplay\3.5.1\serenity-screenplay-3.5.1.jar;C:\Users\HP\.m2\repository\net\serenity-bdd\serenity-screenplay-webdriver\3.5.1\serenity-screenplay-webdriver-3.5.1.jar;C:\Users\HP\.m2\repository\net\serenity-bdd\serenity-ensure\3.5.1\serenity-ensure-3.5.1.jar;C:\Users\HP\.m2\repository\net\serenity-bdd\serenity-junit\3.5.1\serenity-junit-3.5.1.jar;C:\Users\HP\.m2\repository\org\jetbrains\kotlin\kotlin-stdlib\1.7.21\kotlin-stdlib-1.7.21.jar;C:\Users\HP\.m2\repository\org\jetbrains\kotlin\kotlin-stdlib-common\1.7.21\kotlin-stdlib-common-1.7.21.jar;C:\Users\HP\.m2\repository\org\jetbrains\annotations\13.0\annotations-13.0.jar;C:\Users\HP\.m2\repository\org\junit\platform\junit-platform-launcher\1.8.2\junit-platform-launcher-1.8.2.jar;C:\Users\HP\.m2\repository\org\junit\platform\junit-platform-engine\1.8.2\junit-platform-engine-1.8.2.jar;C:\Users\HP\.m2\repository\org\opentest4j\opentest4j\1.2.0\opentest4j-1.2.0.jar;C:\Users\HP\.m2\repository\org\junit\platform\junit-platform-commons\1.8.2\junit-platform-commons-1.8.2.jar;C:\Users\HP\.m2\repository\org\apiguardian\apiguardian-api\1.1.2\apiguardian-api-1.1.2.jar;C:\Users\HP\.m2\repository\org\junit\jupiter\junit-jupiter-engine\5.8.2\junit-jupiter-engine-5.8.2.jar;C:\Users\HP\.m2\repository\org\junit\jupiter\junit-jupiter-api\5.8.2\junit-jupiter-api-5.8.2.jar;C:\Users\HP\.m2\repository\org\junit\vintage\junit-vintage-engine\5.8.2\junit-vintage-engine-5.8.2.jar;C:\Users\HP\.m2\repository\junit\junit\4.13.2\junit-4.13.2.jar;C:\Users\HP\.m2\repository\org\hamcrest\hamcrest-core\1.3\hamcrest-core-1.3.jar;C:\Users\HP\.m2\repository\ch\qos\logback\logback-classic\1.2.10\logback-classic-1.2.10.jar;C:\Users\HP\.m2\repository\ch\qos\logback\logback-core\1.2.10\logback-core-1.2.10.jar;C:\Users\HP\.m2\repository\org\slf4j\slf4j-api\1.7.32\slf4j-api-1.7.32.jar;C:\Users\HP\.m2\repository\org\assertj\assertj-core\3.23.1\assertj-core-3.23.1.jar;C:\Users\HP\.m2\repository\net\bytebuddy\byte-buddy\1.12.10\byte-buddy-1.12.10.jar;"/>
    <property name="sun.cpu.endian" value="little"/>
    <property name="user.home" value="C:\Users\HP"/>
    <property name="user.language" value="en"/>
    <property name="java.specification.vendor" value="Oracle Corporation"/>
    <property name="jdk.module.path" value="C:\Users\HP\Downloads\Mini-Project-QA\ALTASHOP WEB AUTOMATION\target\alta-1.0-SNAPSHOT.jar"/>
    <property name="java.version.date" value="2023-01-17"/>
    <property name="java.home" value="C:\Program Files\Java\jdk-19"/>
    <property name="file.separator" value="\"/>
    <property name="basedir" value="C:\Users\HP\Downloads\Mini-Project-QA\ALTASHOP WEB AUTOMATION"/>
    <property name="java.vm.compressedOopsMode" value="32-bit"/>
    <property name="line.separator" value="&#10;"/>
    <property name="java.vm.specification.vendor" value="Oracle Corporation"/>
    <property name="java.specification.name" value="Java Platform API Specification"/>
    <property name="surefire.real.class.path" value="C:\Users\HP\.m2\repository\org\apache\maven\surefire\surefire-booter\3.0.0-M5\surefire-booter-3.0.0-M5.jar;C:\Users\HP\.m2\repository\org\apache\maven\surefire\surefire-api\3.0.0-M5\surefire-api-3.0.0-M5.jar;C:\Users\HP\.m2\repository\org\apache\maven\surefire\surefire-logger-api\3.0.0-M5\surefire-logger-api-3.0.0-M5.jar;C:\Users\HP\.m2\repository\org\apache\maven\surefire\surefire-shared-utils\3.0.0-M4\surefire-shared-utils-3.0.0-M4.jar;C:\Users\HP\.m2\repository\org\apache\maven\surefire\surefire-extensions-spi\3.0.0-M5\surefire-extensions-spi-3.0.0-M5.jar;C:\Users\HP\Downloads\Mini-Project-QA\ALTASHOP WEB AUTOMATION\target\test-classes;C:\Users\HP\.m2\repository\net\serenity-bdd\serenity-core\3.5.1\serenity-core-3.5.1.jar;C:\Users\HP\.m2\repository\net\serenity-bdd\serenity-model\3.5.1\serenity-model-3.5.1.jar;C:\Users\HP\.m2\repository\org\apache\commons\commons-text\1.10.0\commons-text-1.10.0.jar;C:\Users\HP\.m2\repository\commons-net\commons-net\3.8.0\commons-net-3.8.0.jar;C:\Users\HP\.m2\repository\com\google\guava\guava\31.1-jre\guava-31.1-jre.jar;C:\Users\HP\.m2\repository\com\google\guava\failureaccess\1.0.1\failureaccess-1.0.1.jar;C:\Users\HP\.m2\repository\com\google\guava\listenablefuture\9999.0-empty-to-avoid-conflict-with-guava\listenablefuture-9999.0-empty-to-avoid-conflict-with-guava.jar;C:\Users\HP\.m2\repository\com\google\code\findbugs\jsr305\3.0.2\jsr305-3.0.2.jar;C:\Users\HP\.m2\repository\org\checkerframework\checker-qual\3.12.0\checker-qual-3.12.0.jar;C:\Users\HP\.m2\repository\com\google\errorprone\error_prone_annotations\2.11.0\error_prone_annotations-2.11.0.jar;C:\Users\HP\.m2\repository\com\google\j2objc\j2objc-annotations\1.3\j2objc-annotations-1.3.jar;C:\Users\HP\.m2\repository\com\google\inject\guice\5.1.0\guice-5.1.0.jar;C:\Users\HP\.m2\repository\javax\inject\javax.inject\1\javax.inject-1.jar;C:\Users\HP\.m2\repository\aopalliance\aopalliance\1.0\aopalliance-1.0.jar;C:\Users\HP\.m2\repository\org\jsoup\jsoup\1.14.3\jsoup-1.14.3.jar;C:\Users\HP\.m2\repository\com\thoughtworks\xstream\xstream\1.4.19\xstream-1.4.19.jar;C:\Users\HP\.m2\repository\io\github\x-stream\mxparser\1.2.2\mxparser-1.2.2.jar;C:\Users\HP\.m2\repository\xmlpull\xmlpull\1.1.3.1\xmlpull-1.1.3.1.jar;C:\Users\HP\.m2\repository\com\typesafe\config\1.4.2\config-1.4.2.jar;C:\Users\HP\.m2\repository\org\imgscalr\imgscalr-lib\4.2\imgscalr-lib-4.2.jar;C:\Users\HP\.m2\repository\org\awaitility\awaitility\4.2.0\awaitility-4.2.0.jar;C:\Users\HP\.m2\repository\org\freemarker\freemarker\2.3.31\freemarker-2.3.31.jar;C:\Users\HP\.m2\repository\io\github\classgraph\classgraph\4.8.138\classgraph-4.8.138.jar;C:\Users\HP\.m2\repository\net\sourceforge\jexcelapi\jxl\2.6.12\jxl-2.6.12.jar;C:\Users\HP\.m2\repository\net\bytebuddy\byte-buddy-agent\1.12.18\byte-buddy-agent-1.12.18.jar;C:\Users\HP\.m2\repository\org\objenesis\objenesis\3.1\objenesis-3.1.jar;C:\Users\HP\.m2\repository\net\serenity-bdd\serenity-reports\3.5.1\serenity-reports-3.5.1.jar;C:\Users\HP\.m2\repository\net\serenity-bdd\serenity-stats\3.5.1\serenity-stats-3.5.1.jar;C:\Users\HP\.m2\repository\net\serenity-bdd\serenity-reports-configuration\3.5.1\serenity-reports-configuration-3.5.1.jar;C:\Users\HP\.m2\repository\com\vladsch\flexmark\flexmark-all\0.34.30\flexmark-all-0.34.30.jar;C:\Users\HP\.m2\repository\com\vladsch\flexmark\flexmark\0.34.30\flexmark-0.34.30.jar;C:\Users\HP\.m2\repository\com\vladsch\flexmark\flexmark-ext-abbreviation\0.34.30\flexmark-ext-abbreviation-0.34.30.jar;C:\Users\HP\.m2\repository\com\vladsch\flexmark\flexmark-ext-admonition\0.34.30\flexmark-ext-admonition-0.34.30.jar;C:\Users\HP\.m2\repository\com\vladsch\flexmark\flexmark-ext-anchorlink\0.34.30\flexmark-ext-anchorlink-0.34.30.jar;C:\Users\HP\.m2\repository\com\vladsch\flexmark\flexmark-ext-aside\0.34.30\flexmark-ext-aside-0.34.30.jar;C:\Users\HP\.m2\repository\com\vladsch\flexmark\flexmark-ext-attributes\0.34.30\flexmark-ext-attributes-0.34.30.jar;C:\Users\HP\.m2\repository\com\vladsch\flexmark\flexmark-ext-autolink\0.34.30\flexmark-ext-autolink-0.34.30.jar;C:\Users\HP\.m2\repository\org\nibor\autolink\autolink\0.6.0\autolink-0.6.0.jar;C:\Users\HP\.m2\repository\com\vladsch\flexmark\flexmark-ext-definition\0.34.30\flexmark-ext-definition-0.34.30.jar;C:\Users\HP\.m2\repository\com\vladsch\flexmark\flexmark-ext-emoji\0.34.30\flexmark-ext-emoji-0.34.30.jar;C:\Users\HP\.m2\repository\com\vladsch\flexmark\flexmark-ext-enumerated-reference\0.34.30\flexmark-ext-enumerated-reference-0.34.30.jar;C:\Users\HP\.m2\repository\com\vladsch\flexmark\flexmark-ext-escaped-character\0.34.30\flexmark-ext-escaped-character-0.34.30.jar;C:\Users\HP\.m2\repository\com\vladsch\flexmark\flexmark-ext-footnotes\0.34.30\flexmark-ext-footnotes-0.34.30.jar;C:\Users\HP\.m2\repository\com\vladsch\flexmark\flexmark-ext-gfm-issues\0.34.30\flexmark-ext-gfm-issues-0.34.30.jar;C:\Users\HP\.m2\repository\com\vladsch\flexmark\flexmark-ext-gfm-strikethrough\0.34.30\flexmark-ext-gfm-strikethrough-0.34.30.jar;C:\Users\HP\.m2\repository\com\vladsch\flexmark\flexmark-ext-gfm-tables\0.34.30\flexmark-ext-gfm-tables-0.34.30.jar;C:\Users\HP\.m2\repository\com\vladsch\flexmark\flexmark-ext-gfm-tasklist\0.34.30\flexmark-ext-gfm-tasklist-0.34.30.jar;C:\Users\HP\.m2\repository\com\vladsch\flexmark\flexmark-ext-gfm-users\0.34.30\flexmark-ext-gfm-users-0.34.30.jar;C:\Users\HP\.m2\repository\com\vladsch\flexmark\flexmark-ext-gitlab\0.34.30\flexmark-ext-gitlab-0.34.30.jar;C:\Users\HP\.m2\repository\com\vladsch\flexmark\flexmark-ext-jekyll-front-matter\0.34.30\flexmark-ext-jekyll-front-matter-0.34.30.jar;C:\Users\HP\.m2\repository\com\vladsch\flexmark\flexmark-ext-jekyll-tag\0.34.30\flexmark-ext-jekyll-tag-0.34.30.jar;C:\Users\HP\.m2\repository\com\vladsch\flexmark\flexmark-ext-media-tags\0.34.30\flexmark-ext-media-tags-0.34.30.jar;C:\Users\HP\.m2\repository\com\vladsch\flexmark\flexmark-test-util\0.34.30\flexmark-test-util-0.34.30.jar;C:\Users\HP\.m2\repository\com\vladsch\flexmark\flexmark-ext-ins\0.34.30\flexmark-ext-ins-0.34.30.jar;C:\Users\HP\.m2\repository\com\vladsch\flexmark\flexmark-ext-xwiki-macros\0.34.30\flexmark-ext-xwiki-macros-0.34.30.jar;C:\Users\HP\.m2\repository\com\vladsch\flexmark\flexmark-ext-superscript\0.34.30\flexmark-ext-superscript-0.34.30.jar;C:\Users\HP\.m2\repository\com\vladsch\flexmark\flexmark-ext-tables\0.34.30\flexmark-ext-tables-0.34.30.jar;C:\Users\HP\.m2\repository\com\vladsch\flexmark\flexmark-ext-toc\0.34.30\flexmark-ext-toc-0.34.30.jar;C:\Users\HP\.m2\repository\com\vladsch\flexmark\flexmark-ext-typographic\0.34.30\flexmark-ext-typographic-0.34.30.jar;C:\Users\HP\.m2\repository\com\vladsch\flexmark\flexmark-ext-wikilink\0.34.30\flexmark-ext-wikilink-0.34.30.jar;C:\Users\HP\.m2\repository\com\vladsch\flexmark\flexmark-ext-yaml-front-matter\0.34.30\flexmark-ext-yaml-front-matter-0.34.30.jar;C:\Users\HP\.m2\repository\com\vladsch\flexmark\flexmark-ext-youtube-embedded\0.34.30\flexmark-ext-youtube-embedded-0.34.30.jar;C:\Users\HP\.m2\repository\com\vladsch\flexmark\flexmark-formatter\0.34.30\flexmark-formatter-0.34.30.jar;C:\Users\HP\.m2\repository\com\vladsch\flexmark\flexmark-html-parser\0.34.30\flexmark-html-parser-0.34.30.jar;C:\Users\HP\.m2\repository\com\vladsch\flexmark\flexmark-jira-converter\0.34.30\flexmark-jira-converter-0.34.30.jar;C:\Users\HP\.m2\repository\com\vladsch\flexmark\flexmark-pdf-converter\0.34.30\flexmark-pdf-converter-0.34.30.jar;C:\Users\HP\.m2\repository\com\openhtmltopdf\openhtmltopdf-core\0.0.1-RC13\openhtmltopdf-core-0.0.1-RC13.jar;C:\Users\HP\.m2\repository\com\openhtmltopdf\openhtmltopdf-pdfbox\0.0.1-RC13\openhtmltopdf-pdfbox-0.0.1-RC13.jar;C:\Users\HP\.m2\repository\org\apache\pdfbox\pdfbox\2.0.8\pdfbox-2.0.8.jar;C:\Users\HP\.m2\repository\org\apache\pdfbox\fontbox\2.0.8\fontbox-2.0.8.jar;C:\Users\HP\.m2\repository\org\apache\pdfbox\xmpbox\2.0.8\xmpbox-2.0.8.jar;C:\Users\HP\.m2\repository\de\rototor\pdfbox\graphics2d\0.12\graphics2d-0.12.jar;C:\Users\HP\.m2\repository\com\openhtmltopdf\openhtmltopdf-rtl-support\0.0.1-RC13\openhtmltopdf-rtl-support-0.0.1-RC13.jar;C:\Users\HP\.m2\repository\com\ibm\icu\icu4j\59.1\icu4j-59.1.jar;C:\Users\HP\.m2\repository\com\openhtmltopdf\openhtmltopdf-jsoup-dom-converter\0.0.1-RC13\openhtmltopdf-jsoup-dom-converter-0.0.1-RC13.jar;C:\Users\HP\.m2\repository\com\vladsch\flexmark\flexmark-profile-pegdown\0.34.30\flexmark-profile-pegdown-0.34.30.jar;C:\Users\HP\.m2\repository\com\vladsch\flexmark\flexmark-util\0.34.30\flexmark-util-0.34.30.jar;C:\Users\HP\.m2\repository\com\vladsch\flexmark\flexmark-youtrack-converter\0.34.30\flexmark-youtrack-converter-0.34.30.jar;C:\Users\HP\.m2\repository\es\nitaur\markdown\txtmark\0.16\txtmark-0.16.jar;C:\Users\HP\.m2\repository\net\serenity-bdd\serenity-report-resources\3.5.1\serenity-report-resources-3.5.1.jar;C:\Users\HP\.m2\repository\com\google\code\gson\gson\2.9.0\gson-2.9.0.jar;C:\Users\HP\.m2\repository\com\fasterxml\jackson\core\jackson-core\2.13.4\jackson-core-2.13.4.jar;C:\Users\HP\.m2\repository\com\fasterxml\jackson\core\jackson-databind\2.13.4\jackson-databind-2.13.4.jar;C:\Users\HP\.m2\repository\com\fasterxml\jackson\core\jackson-annotations\2.13.4\jackson-annotations-2.13.4.jar;C:\Users\HP\.m2\repository\commons-codec\commons-codec\1.15\commons-codec-1.15.jar;C:\Users\HP\.m2\repository\commons-io\commons-io\2.11.0\commons-io-2.11.0.jar;C:\Users\HP\.m2\repository\org\apache\httpcomponents\httpclient\4.5.13\httpclient-4.5.13.jar;C:\Users\HP\.m2\repository\org\apache\httpcomponents\httpcore\4.4.13\httpcore-4.4.13.jar;C:\Users\HP\.m2\repository\commons-logging\commons-logging\1.2\commons-logging-1.2.jar;C:\Users\HP\.m2\repository\org\seleniumhq\selenium\selenium-java\4.7.1\selenium-java-4.7.1.jar;C:\Users\HP\.m2\repository\org\seleniumhq\selenium\selenium-devtools-v106\4.7.1\selenium-devtools-v106-4.7.1.jar;C:\Users\HP\.m2\repository\org\seleniumhq\selenium\selenium-devtools-v107\4.7.1\selenium-devtools-v107-4.7.1.jar;C:\Users\HP\.m2\repository\org\seleniumhq\selenium\selenium-devtools-v108\4.7.1\selenium-devtools-v108-4.7.1.jar;C:\Users\HP\.m2\repository\org\seleniumhq\selenium\selenium-devtools-v85\4.7.1\selenium-devtools-v85-4.7.1.jar;C:\Users\HP\.m2\repository\org\seleniumhq\selenium\selenium-remote-driver\4.7.1\selenium-remote-driver-4.7.1.jar;C:\Users\HP\.m2\repository\com\beust\jcommander\1.82\jcommander-1.82.jar;C:\Users\HP\.m2\repository\io\netty\netty-buffer\4.1.84.Final\netty-buffer-4.1.84.Final.jar;C:\Users\HP\.m2\repository\io\netty\netty-codec-http\4.1.84.Final\netty-codec-http-4.1.84.Final.jar;C:\Users\HP\.m2\repository\io\netty\netty-codec\4.1.84.Final\netty-codec-4.1.84.Final.jar;C:\Users\HP\.m2\repository\io\netty\netty-handler\4.1.84.Final\netty-handler-4.1.84.Final.jar;C:\Users\HP\.m2\repository\io\netty\netty-common\4.1.84.Final\netty-common-4.1.84.Final.jar;C:\Users\HP\.m2\repository\io\netty\netty-transport-classes-epoll\4.1.84.Final\netty-transport-classes-epoll-4.1.84.Final.jar;C:\Users\HP\.m2\repository\io\netty\netty-transport-classes-kqueue\4.1.84.Final\netty-transport-classes-kqueue-4.1.84.Final.jar;C:\Users\HP\.m2\repository\io\netty\netty-transport-native-epoll\4.1.84.Final\netty-transport-native-epoll-4.1.84.Final.jar;C:\Users\HP\.m2\repository\io\netty\netty-transport-native-kqueue\4.1.84.Final\netty-transport-native-kqueue-4.1.84.Final.jar;C:\Users\HP\.m2\repository\io\netty\netty-transport-native-unix-common\4.1.84.Final\netty-transport-native-unix-common-4.1.84.Final.jar;C:\Users\HP\.m2\repository\io\netty\netty-transport\4.1.84.Final\netty-transport-4.1.84.Final.jar;C:\Users\HP\.m2\repository\io\netty\netty-resolver\4.1.84.Final\netty-resolver-4.1.84.Final.jar;C:\Users\HP\.m2\repository\io\opentelemetry\opentelemetry-api\1.19.0\opentelemetry-api-1.19.0.jar;C:\Users\HP\.m2\repository\io\opentelemetry\opentelemetry-context\1.19.0\opentelemetry-context-1.19.0.jar;C:\Users\HP\.m2\repository\io\opentelemetry\opentelemetry-exporter-logging\1.19.0\opentelemetry-exporter-logging-1.19.0.jar;C:\Users\HP\.m2\repository\io\opentelemetry\opentelemetry-sdk-metrics\1.19.0\opentelemetry-sdk-metrics-1.19.0.jar;C:\Users\HP\.m2\repository\io\opentelemetry\opentelemetry-sdk-logs\1.19.0-alpha\opentelemetry-sdk-logs-1.19.0-alpha.jar;C:\Users\HP\.m2\repository\io\opentelemetry\opentelemetry-api-logs\1.19.0-alpha\opentelemetry-api-logs-1.19.0-alpha.jar;C:\Users\HP\.m2\repository\io\opentelemetry\opentelemetry-sdk-common\1.19.0\opentelemetry-sdk-common-1.19.0.jar;C:\Users\HP\.m2\repository\io\opentelemetry\opentelemetry-sdk-extension-autoconfigure-spi\1.19.0\opentelemetry-sdk-extension-autoconfigure-spi-1.19.0.jar;C:\Users\HP\.m2\repository\io\opentelemetry\opentelemetry-sdk-extension-autoconfigure\1.19.0-alpha\opentelemetry-sdk-extension-autoconfigure-1.19.0-alpha.jar;C:\Users\HP\.m2\repository\io\opentelemetry\opentelemetry-exporter-common\1.19.0\opentelemetry-exporter-common-1.19.0.jar;C:\Users\HP\.m2\repository\io\opentelemetry\opentelemetry-sdk-trace\1.19.0\opentelemetry-sdk-trace-1.19.0.jar;C:\Users\HP\.m2\repository\io\opentelemetry\opentelemetry-sdk\1.19.0\opentelemetry-sdk-1.19.0.jar;C:\Users\HP\.m2\repository\io\opentelemetry\opentelemetry-semconv\1.19.0-alpha\opentelemetry-semconv-1.19.0-alpha.jar;C:\Users\HP\.m2\repository\io\ous\jtoml\2.0.0\jtoml-2.0.0.jar;C:\Users\HP\.m2\repository\org\apache\commons\commons-exec\1.3\commons-exec-1.3.jar;C:\Users\HP\.m2\repository\org\asynchttpclient\async-http-client\2.12.3\async-http-client-2.12.3.jar;C:\Users\HP\.m2\repository\org\asynchttpclient\async-http-client-netty-utils\2.12.3\async-http-client-netty-utils-2.12.3.jar;C:\Users\HP\.m2\repository\io\netty\netty-codec-socks\4.1.60.Final\netty-codec-socks-4.1.60.Final.jar;C:\Users\HP\.m2\repository\io\netty\netty-handler-proxy\4.1.60.Final\netty-handler-proxy-4.1.60.Final.jar;C:\Users\HP\.m2\repository\io\netty\netty-transport-native-epoll\4.1.60.Final\netty-transport-native-epoll-4.1.60.Final-linux-x86_64.jar;C:\Users\HP\.m2\repository\io\netty\netty-transport-native-kqueue\4.1.60.Final\netty-transport-native-kqueue-4.1.60.Final-osx-x86_64.jar;C:\Users\HP\.m2\repository\org\reactivestreams\reactive-streams\1.0.3\reactive-streams-1.0.3.jar;C:\Users\HP\.m2\repository\com\typesafe\netty\netty-reactive-streams\2.0.4\netty-reactive-streams-2.0.4.jar;C:\Users\HP\.m2\repository\org\seleniumhq\selenium\selenium-manager\4.7.1\selenium-manager-4.7.1.jar;C:\Users\HP\.m2\repository\org\seleniumhq\selenium\selenium-safari-driver\4.7.1\selenium-safari-driver-4.7.1.jar;C:\Users\HP\.m2\repository\org\seleniumhq\selenium\selenium-api\4.7.1\selenium-api-4.7.1.jar;C:\Users\HP\.m2\repository\org\seleniumhq\selenium\selenium-support\4.7.1\selenium-support-4.7.1.jar;C:\Users\HP\.m2\repository\com\google\auto\service\auto-service-annotations\1.0.1\auto-service-annotations-1.0.1.jar;C:\Users\HP\.m2\repository\com\google\auto\service\auto-service\1.0.1\auto-service-1.0.1.jar;C:\Users\HP\.m2\repository\com\google\auto\auto-common\1.2\auto-common-1.2.jar;C:\Users\HP\.m2\repository\org\seleniumhq\selenium\selenium-json\4.7.1\selenium-json-4.7.1.jar;C:\Users\HP\.m2\repository\org\seleniumhq\selenium\selenium-chrome-driver\4.7.1\selenium-chrome-driver-4.7.1.jar;C:\Users\HP\.m2\repository\org\seleniumhq\selenium\selenium-chromium-driver\4.7.1\selenium-chromium-driver-4.7.1.jar;C:\Users\HP\.m2\repository\org\seleniumhq\selenium\selenium-firefox-driver\4.7.1\selenium-firefox-driver-4.7.1.jar;C:\Users\HP\.m2\repository\org\seleniumhq\selenium\selenium-http\4.7.1\selenium-http-4.7.1.jar;C:\Users\HP\.m2\repository\dev\failsafe\failsafe\3.3.0\failsafe-3.3.0.jar;C:\Users\HP\.m2\repository\org\seleniumhq\selenium\selenium-edge-driver\4.7.1\selenium-edge-driver-4.7.1.jar;C:\Users\HP\.m2\repository\org\seleniumhq\selenium\selenium-ie-driver\4.7.1\selenium-ie-driver-4.7.1.jar;C:\Users\HP\.m2\repository\org\projectlombok\lombok\1.18.20\lombok-1.18.20.jar;C:\Users\HP\.m2\repository\io\appium\java-client\8.3.0\java-client-8.3.0.jar;C:\Users\HP\.m2\repository\commons-validator\commons-validator\1.7\commons-validator-1.7.jar;C:\Users\HP\.m2\repository\commons-digester\commons-digester\2.1\commons-digester-2.1.jar;C:\Users\HP\.m2\repository\org\apache\groovy\groovy\4.0.6\groovy-4.0.6.jar;C:\Users\HP\.m2\repository\net\sf\opencsv\opencsv\2.0\opencsv-2.0.jar;C:\Users\HP\.m2\repository\commons-beanutils\commons-beanutils\1.9.4\commons-beanutils-1.9.4.jar;C:\Users\HP\.m2\repository\org\apache\commons\commons-lang3\3.12.0\commons-lang3-3.12.0.jar;C:\Users\HP\.m2\repository\commons-collections\commons-collections\3.2.2\commons-collections-3.2.2.jar;C:\Users\HP\.m2\repository\org\fluentlenium\fluentlenium-core\0.10.2\fluentlenium-core-0.10.2.jar;C:\Users\HP\.m2\repository\io\github\bonigarcia\webdrivermanager\5.3.0\webdrivermanager-5.3.0.jar;C:\Users\HP\.m2\repository\com\github\docker-java\docker-java\3.2.13\docker-java-3.2.13.jar;C:\Users\HP\.m2\repository\com\github\docker-java\docker-java-core\3.2.13\docker-java-core-3.2.13.jar;C:\Users\HP\.m2\repository\com\github\docker-java\docker-java-api\3.2.13\docker-java-api-3.2.13.jar;C:\Users\HP\.m2\repository\org\apache\commons\commons-compress\1.21\commons-compress-1.21.jar;C:\Users\HP\.m2\repository\org\bouncycastle\bcpkix-jdk15on\1.64\bcpkix-jdk15on-1.64.jar;C:\Users\HP\.m2\repository\org\bouncycastle\bcprov-jdk15on\1.64\bcprov-jdk15on-1.64.jar;C:\Users\HP\.m2\repository\org\slf4j\jcl-over-slf4j\1.7.30\jcl-over-slf4j-1.7.30.jar;C:\Users\HP\.m2\repository\com\github\docker-java\docker-java-transport-httpclient5\3.2.13\docker-java-transport-httpclient5-3.2.13.jar;C:\Users\HP\.m2\repository\com\github\docker-java\docker-java-transport\3.2.13\docker-java-transport-3.2.13.jar;C:\Users\HP\.m2\repository\net\java\dev\jna\jna\5.8.0\jna-5.8.0.jar;C:\Users\HP\.m2\repository\org\brotli\dec\0.1.2\dec-0.1.2.jar;C:\Users\HP\.m2\repository\org\apache\httpcomponents\client5\httpclient5\5.1.3\httpclient5-5.1.3.jar;C:\Users\HP\.m2\repository\org\apache\httpcomponents\core5\httpcore5\5.1.3\httpcore5-5.1.3.jar;C:\Users\HP\.m2\repository\org\apache\httpcomponents\core5\httpcore5-h2\5.1.3\httpcore5-h2-5.1.3.jar;C:\Users\HP\.m2\repository\com\jhlabs\filters\2.0.235\filters-2.0.235.jar;C:\Users\HP\.m2\repository\com\paulhammant\ngwebdriver\1.1.6\ngwebdriver-1.1.6.jar;C:\Users\HP\.m2\repository\joda-time\joda-time\2.8.2\joda-time-2.8.2.jar;C:\Users\HP\.m2\repository\org\hamcrest\hamcrest\2.2\hamcrest-2.2.jar;C:\Users\HP\.m2\repository\com\google\jimfs\jimfs\1.2\jimfs-1.2.jar;C:\Users\HP\.m2\repository\org\mockito\mockito-core\3.3.3\mockito-core-3.3.3.jar;C:\Users\HP\.m2\repository\javax\xml\bind\jaxb-api\2.3.1\jaxb-api-2.3.1.jar;C:\Users\HP\.m2\repository\javax\activation\javax.activation-api\1.2.0\javax.activation-api-1.2.0.jar;C:\Users\HP\.m2\repository\com\sun\xml\bind\jaxb-core\2.3.0.1\jaxb-core-2.3.0.1.jar;C:\Users\HP\.m2\repository\com\sun\xml\bind\jaxb-impl\2.3.3\jaxb-impl-2.3.3.jar;C:\Users\HP\.m2\repository\jakarta\xml\bind\jakarta.xml.bind-api\2.3.3\jakarta.xml.bind-api-2.3.3.jar;C:\Users\HP\.m2\repository\com\sun\activation\jakarta.activation\1.2.2\jakarta.activation-1.2.2.jar;C:\Users\HP\.m2\repository\javax\activation\activation\1.1.1\activation-1.1.1.jar;C:\Users\HP\.m2\repository\net\serenity-bdd\serenity-cucumber\3.5.1\serenity-cucumber-3.5.1.jar;C:\Users\HP\.m2\repository\io\cucumber\cucumber-core\7.8.1\cucumber-core-7.8.1.jar;C:\Users\HP\.m2\repository\io\cucumber\cucumber-gherkin\7.8.1\cucumber-gherkin-7.8.1.jar;C:\Users\HP\.m2\repository\io\cucumber\cucumber-gherkin-messages\7.8.1\cucumber-gherkin-messages-7.8.1.jar;C:\Users\HP\.m2\repository\io\cucumber\gherkin\24.0.0\gherkin-24.0.0.jar;C:\Users\HP\.m2\repository\io\cucumber\messages\19.1.4\messages-19.1.4.jar;C:\Users\HP\.m2\repository\io\cucumber\tag-expressions\4.1.0\tag-expressions-4.1.0.jar;C:\Users\HP\.m2\repository\io\cucumber\cucumber-expressions\16.0.0\cucumber-expressions-16.0.0.jar;C:\Users\HP\.m2\repository\io\cucumber\datatable\7.8.1\datatable-7.8.1.jar;C:\Users\HP\.m2\repository\io\cucumber\cucumber-plugin\7.8.1\cucumber-plugin-7.8.1.jar;C:\Users\HP\.m2\repository\io\cucumber\docstring\7.8.1\docstring-7.8.1.jar;C:\Users\HP\.m2\repository\io\cucumber\html-formatter\20.1.0\html-formatter-20.1.0.jar;C:\Users\HP\.m2\repository\io\cucumber\ci-environment\9.1.0\ci-environment-9.1.0.jar;C:\Users\HP\.m2\repository\io\cucumber\cucumber-java\7.8.1\cucumber-java-7.8.1.jar;C:\Users\HP\.m2\repository\io\cucumber\cucumber-junit\7.8.1\cucumber-junit-7.8.1.jar;C:\Users\HP\.m2\repository\org\apache\commons\commons-csv\1.5\commons-csv-1.5.jar;C:\Users\HP\.m2\repository\net\serenity-bdd\serenity-screenplay\3.5.1\serenity-screenplay-3.5.1.jar;C:\Users\HP\.m2\repository\net\serenity-bdd\serenity-screenplay-webdriver\3.5.1\serenity-screenplay-webdriver-3.5.1.jar;C:\Users\HP\.m2\repository\net\serenity-bdd\serenity-ensure\3.5.1\serenity-ensure-3.5.1.jar;C:\Users\HP\.m2\repository\net\serenity-bdd\serenity-junit\3.5.1\serenity-junit-3.5.1.jar;C:\Users\HP\.m2\repository\org\jetbrains\kotlin\kotlin-stdlib\1.7.21\kotlin-stdlib-1.7.21.jar;C:\Users\HP\.m2\repository\org\jetbrains\kotlin\kotlin-stdlib-common\1.7.21\kotlin-stdlib-common-1.7.21.jar;C:\Users\HP\.m2\repository\org\jetbrains\annotations\13.0\annotations-13.0.jar;C:\Users\HP\.m2\repository\org\junit\platform\junit-platform-launcher\1.8.2\junit-platform-launcher-1.8.2.jar;C:\Users\HP\.m2\repository\org\junit\platform\junit-platform-engine\1.8.2\junit-platform-engine-1.8.2.jar;C:\Users\HP\.m2\repository\org\opentest4j\opentest4j\1.2.0\opentest4j-1.2.0.jar;C:\Users\HP\.m2\repository\org\junit\platform\junit-platform-commons\1.8.2\junit-platform-commons-1.8.2.jar;C:\Users\HP\.m2\repository\org\apiguardian\apiguardian-api\1.1.2\apiguardian-api-1.1.2.jar;C:\Users\HP\.m2\repository\org\junit\jupiter\junit-jupiter-engine\5.8.2\junit-jupiter-engine-5.8.2.jar;C:\Users\HP\.m2\repository\org\junit\jupiter\junit-jupiter-api\5.8.2\junit-jupiter-api-5.8.2.jar;C:\Users\HP\.m2\repository\org\junit\vintage\junit-vintage-engine\5.8.2\junit-vintage-engine-5.8.2.jar;C:\Users\HP\.m2\repository\junit\junit\4.13.2\junit-4.13.2.jar;C:\Users\HP\.m2\repository\org\hamcrest\hamcrest-core\1.3\hamcrest-core-1.3.jar;C:\Users\HP\.m2\repository\ch\qos\logback\logback-classic\1.2.10\logback-classic-1.2.10.jar;C:\Users\HP\.m2\repository\ch\qos\logback\logback-core\1.2.10\logback-core-1.2.10.jar;C:\Users\HP\.m2\repository\org\slf4j\slf4j-api\1.7.32\slf4j-api-1.7.32.jar;C:\Users\HP\.m2\repository\org\assertj\assertj-core\3.23.1\assertj-core-3.23.1.jar;C:\Users\HP\.m2\repository\net\bytebuddy\byte-buddy\1.12.10\byte-buddy-1.12.10.jar;C:\Users\HP\.m2\repository\org\apache\maven\surefire\surefire-junit-platform\3.0.0-M5\surefire-junit-platform-3.0.0-M5.jar;C:\Users\HP\.m2\repository\org\apache\maven\surefire\common-java5\3.0.0-M5\common-java5-3.0.0-M5.jar"/>
    <property name="user.script" value=""/>
    <property name="java.protocol.handler.pkgs" value="com.google.common"/>
    <property name="sun.management.compiler" value="HotSpot 64-Bit Tiered Compilers"/>
    <property name="java.runtime.version" value="19.0.2+7-44"/>
    <property name="user.name" value="HP"/>
    <property name="stdout.encoding" value="Cp1252"/>
    <property name="path.separator" value=";"/>
    <property name="os.version" value="10.0"/>
    <property name="java.runtime.name" value="Java(TM) SE Runtime Environment"/>
    <property name="file.encoding" value="UTF-8"/>
    <property name="webdriver.base.url" value=""/>
    <property name="java.vm.name" value="Java HotSpot(TM) 64-Bit Server VM"/>
    <property name="localRepository" value="C:\Users\HP\.m2\repository"/>
    <property name="java.vendor.url.bug" value="https://bugreport.java.com/bugreport/"/>
    <property name="java.io.tmpdir" value="C:\Users\HP\AppData\Local\Temp\"/>
    <property name="java.version" value="19.0.2"/>
    <property name="user.dir" value="C:\Users\HP\Downloads\Mini-Project-QA\ALTASHOP WEB AUTOMATION"/>
    <property name="os.arch" value="amd64"/>
    <property name="java.vm.specification.name" value="Java Virtual Machine Specification"/>
    <property name="sun.os.patch.level" value=""/>
    <property name="native.encoding" value="Cp1252"/>
    <property name="java.library.path" value="C:\Program Files\Java\jdk-19\bin;C:\WINDOWS\Sun\Java\bin;C:\WINDOWS\system32;C:\WINDOWS;C:\Program Files\Common Files\Oracle\Java\javapath;C:\Program Files\Java\jdk1.8.0_361\bin;c:\Program Files (x86)\Common Files\Intel\Shared Files\cpp\bin\Intel64;C:\WINDOWS\system32;C:\WINDOWS;C:\WINDOWS\System32\Wbem;C:\WINDOWS\System32\WindowsPowerShell\v1.0\;C:\WINDOWS\System32\OpenSSH\;C:\Users\apache-maven-3.9.1-bin\bin;%MAVEN_HOME%\bin;C:\Users\HP\AppData\Local\Android\Sdk;C:\Users\HP\AppData\Local\Android\Sdk\platform-tools;C:\Program Files\nodejs\;C:\Program Files\Git\cmd;C:\Users\HP\AppData\Local\Microsoft\WindowsApps;C:\Program Files\JetBrains\IntelliJ IDEA Community Edition 2022.3.2\bin;C:\Users\HP\AppData\Local\GitHubDesktop\bin;C:\Users\HP\AppData\Local\Programs\Microsoft VS Code\bin;C:\Users\HP\AppData\Roaming\npm;C:\Users\HP\AppData\Local\gitkraken\bin;."/>
    <property name="java.vm.info" value="mixed mode"/>
    <property name="stderr.encoding" value="Cp1252"/>
    <property name="java.vendor" value="Oracle Corporation"/>
    <property name="java.vm.version" value="19.0.2+7-44"/>
    <property name="sun.io.unicode.encoding" value="UnicodeLittle"/>
    <property name="java.class.version" value="63.0"/>
  </properties>
  <testcase name="user tidak bisa login karena akunnya belum terdaftar" classname="login" time="17.073">
    <system-out><![CDATA[15:25:54.644 [main] DEBUG net.thucydides.core.guice.Injectors - Created injector for module net.thucydides.core.guice.ThucydidesModule
15:25:55.028 [main] INFO io.cucumber.core.plugin.SerenityReporter - Running feature from file:///C:/Users/HP/Downloads/Mini-Project-QA/ALTASHOP%20WEB%20AUTOMATION/src/test/resources/features/1.%20Login.feature
15:25:55.273 [main] DEBUG net.thucydides.core.guice.Injectors - Created injector for module net.thucydides.core.guice.webdriver.WebDriverModule
15:25:55.323 [main] INFO  - 

-------------------------------------------------------------------------------------
     _______. _______ .______       _______ .__   __.  __  .___________.____    ____ 
    /       ||   ____||   _  \     |   ____||  \ |  | |  | |           |\   \  /   / 
   |   (----`|  |__   |  |_)  |    |  |__   |   \|  | |  | `---|  |----` \   \/   /  
    \   \    |   __|  |      /     |   __|  |  . `  | |  |     |  |       \_    _/   
.----)   |   |  |____ |  |\  \----.|  |____ |  |\   | |  |     |  |         |  |     
|_______/    |_______|| _| `._____||_______||__| \__| |__|     |__|         |__|    
                                                                                     
 News and tutorials at http://www.serenity-bdd.info                                  
 Documentation at https://wakaleo.gitbooks.io/the-serenity-book/content/             
 Join the Serenity Community on Gitter: https://gitter.im/serenity-bdd/serenity-core 
 Serenity BDD Support and Training at http://serenity-bdd.info/#/trainingandsupport  
-------------------------------------------------------------------------------------

15:25:55.326 [main] DEBUG net.thucydides.core.steps.StepEventBus - Test suite started for story net.thucydides.core.model.Story@c21ffae2
15:25:55.331 [main] INFO  - Test Suite Started: Login
15:25:55.346 [main] INFO io.cucumber.core.plugin.SerenityReporter - Running feature from file:///C:/Users/HP/Downloads/Mini-Project-QA/ALTASHOP%20WEB%20AUTOMATION/src/test/resources/features/2.%20Register.feature
15:25:55.355 [main] DEBUG net.thucydides.core.steps.StepEventBus - Test suite started for story net.thucydides.core.model.Story@83d3b3ef
15:25:55.357 [main] INFO  - Test Suite Started: Register
15:25:55.357 [main] INFO io.cucumber.core.plugin.SerenityReporter - Running feature from file:///C:/Users/HP/Downloads/Mini-Project-QA/ALTASHOP%20WEB%20AUTOMATION/src/test/resources/features/3.%20Transaksi.feature
15:25:55.365 [main] DEBUG net.thucydides.core.steps.StepEventBus - Test suite started for story net.thucydides.core.model.Story@75f83c00
15:25:55.366 [main] INFO  - Test Suite Started: Transaksi
15:25:55.367 [main] INFO io.cucumber.core.plugin.SerenityReporter - Running feature from file:///C:/Users/HP/Downloads/Mini-Project-QA/ALTASHOP%20WEB%20AUTOMATION/src/test/resources/features/1.%20Login.feature
15:25:55.371 [main] DEBUG net.thucydides.core.steps.StepEventBus - Test suite started for story net.thucydides.core.model.Story@c21ffae2
15:25:55.372 [main] INFO  - Test Suite Started: Login

@Login01-Web-Negative
Scenario: user tidak bisa login karena akunnya belum terdaftar &amp#27;[90m# src/test/resources/features/1. Login.feature:5&amp#27;[0m
15:25:55.496 [main] INFO io.cucumber.core.plugin.SerenityReporter - Running feature from file:///C:/Users/HP/Downloads/Mini-Project-QA/ALTASHOP%20WEB%20AUTOMATION/src/test/resources/features/1.%20Login.feature
15:25:55.650 [main] INFO  - 
  _____   ___   ___   _____     ___   _____     _     ___   _____   ___   ___  
 |_   _| | __| / __| |_   _|   / __| |_   _|   /_\   | _ \ |_   _| | __| |   \ 
   | |   | _|  \__ \   | |     \__ \   | |    / _ \  |   /   | |   | _|  | |) |
   |_|   |___| |___/   |_|     |___/   |_|   /_/ \_\ |_|_\   |_|   |___| |___/ 

user tidak bisa login karena akunnya belum terdaftar(login;user-tidak-bisa-login-karena-akunnya-belum-terdaftar)
--------------------------------------------------------------------------------
15:25:56.760 [main] DEBUG net.thucydides.core.steps.StepInterceptor - STARTING STEP: LoginSteps.userBeradaDiHomepageAlta - diHomepageAltaShop
15:25:56.801 [main] INFO net.serenitybdd.core.webdriver.driverproviders.DriverProvider - Using WebDriverManager configuration for chrome
15:25:57.260 [main] DEBUG io.github.bonigarcia.wdm.cache.ResolutionCache - Resolution chrome=113 in cache (valid until 15:55:45 10/05/2023 WIB)
15:25:57.261 [main] DEBUG io.github.bonigarcia.wdm.cache.ResolutionCache - Resolution chrome113=113.0.5672.63 in cache (valid until 12:51:27 11/05/2023 WIB)
15:25:57.262 [main] INFO io.github.bonigarcia.wdm.WebDriverManager - Using chromedriver 113.0.5672.63 (resolved driver for Chrome 113)
15:25:57.280 [main] DEBUG io.github.bonigarcia.wdm.WebDriverManager - Driver chromedriver 113.0.5672.63 found in cache
15:25:57.282 [main] INFO io.github.bonigarcia.wdm.WebDriverManager - Exporting webdriver.chrome.driver as C:\Users\HP\.cache\selenium\chromedriver\win32\113.0.5672.63\chromedriver.exe
15:25:57.404 [main] INFO net.serenitybdd.core.webdriver.driverproviders.ChromeDriverProvider - Starting Chrome driver instance with capabilities:
15:25:57.407 [main] INFO net.serenitybdd.core.webdriver.driverproviders.ChromeDriverProvider - Capabilities {acceptInsecureCerts: true, browserName: chrome, goog:chromeOptions: {args: [remote-allow-origins=*, test-type, no-sandbox, ignore-certificate-errors, start-maximized, incognito, disable-infobars, disable-gpu, disable-default-apps, disable-popup-blocking, remote-allow-origins=*, test-type, no-sandbox, ignore-certificate-errors, start-maximized, incognito, disable-infobars, disable-gpu, disable-default-apps, disable-popup-blocking], extensions: []}}
15:25:57.487 [main] DEBUG io.netty.util.internal.logging.InternalLoggerFactory - Using SLF4J as the default logging framework
15:25:57.492 [main] DEBUG io.netty.util.ResourceLeakDetector - -Dio.netty.leakDetection.level: simple
15:25:57.493 [main] DEBUG io.netty.util.ResourceLeakDetector - -Dio.netty.leakDetection.targetRecords: 4
15:25:57.498 [main] DEBUG io.netty.util.ResourceLeakDetectorFactory - Loaded default ResourceLeakDetector: io.netty.util.ResourceLeakDetector@6136e1fc
15:25:57.520 [main] DEBUG io.netty.util.internal.PlatformDependent0 - -Dio.netty.noUnsafe: false
15:25:57.520 [main] DEBUG io.netty.util.internal.PlatformDependent0 - Java version: 19
15:25:57.521 [main] DEBUG io.netty.util.internal.PlatformDependent0 - sun.misc.Unsafe.theUnsafe: available
15:25:57.522 [main] DEBUG io.netty.util.internal.PlatformDependent0 - sun.misc.Unsafe.copyMemory: available
15:25:57.522 [main] DEBUG io.netty.util.internal.PlatformDependent0 - sun.misc.Unsafe.storeFence: available
15:25:57.523 [main] DEBUG io.netty.util.internal.PlatformDependent0 - java.nio.Buffer.address: available
15:25:57.524 [main] DEBUG io.netty.util.internal.PlatformDependent0 - direct buffer constructor: unavailable: Reflective setAccessible(true) disabled
15:25:57.525 [main] DEBUG io.netty.util.internal.PlatformDependent0 - java.nio.Bits.unaligned: available, true
15:25:57.526 [main] DEBUG io.netty.util.internal.PlatformDependent0 - jdk.internal.misc.Unsafe.allocateUninitializedArray(int): unavailable: class io.netty.util.internal.PlatformDependent0$7 cannot access class jdk.internal.misc.Unsafe (in module java.base) because module java.base does not export jdk.internal.misc to unnamed module @3e6ef8ad
15:25:57.528 [main] DEBUG io.netty.util.internal.PlatformDependent0 - java.nio.DirectByteBuffer.<init>(long, int): unavailable
15:25:57.528 [main] DEBUG io.netty.util.internal.PlatformDependent - sun.misc.Unsafe: available
15:25:57.530 [main] DEBUG io.netty.util.internal.PlatformDependent - maxDirectMemory: 1589641216 bytes (maybe)
15:25:57.530 [main] DEBUG io.netty.util.internal.PlatformDependent - -Dio.netty.tmpdir: C:\Users\HP\AppData\Local\Temp (java.io.tmpdir)
15:25:57.530 [main] DEBUG io.netty.util.internal.PlatformDependent - -Dio.netty.bitMode: 64 (sun.arch.data.model)
15:25:57.530 [main] DEBUG io.netty.util.internal.PlatformDependent - Platform: Windows
15:25:57.531 [main] DEBUG io.netty.util.internal.PlatformDependent - -Dio.netty.maxDirectMemory: -1 bytes
15:25:57.531 [main] DEBUG io.netty.util.internal.PlatformDependent - -Dio.netty.uninitializedArrayAllocationThreshold: -1
15:25:57.532 [main] DEBUG io.netty.util.internal.CleanerJava9 - java.nio.ByteBuffer.cleaner(): available
15:25:57.532 [main] DEBUG io.netty.util.internal.PlatformDependent - -Dio.netty.noPreferDirect: false
15:25:57.540 [main] DEBUG io.netty.util.internal.PlatformDependent - org.jctools-core.MpscChunkedArrayQueue: available
15:25:57.558 [main] DEBUG io.netty.util.internal.InternalThreadLocalMap - -Dio.netty.threadLocalMap.stringBuilder.initialSize: 1024
15:25:57.559 [main] DEBUG io.netty.util.internal.InternalThreadLocalMap - -Dio.netty.threadLocalMap.stringBuilder.maxSize: 4096
15:25:57.627 [main] DEBUG io.netty.handler.ssl.JdkSslContext - Default protocols (JDK): [TLSv1.3, TLSv1.2] 
15:25:57.627 [main] DEBUG io.netty.handler.ssl.JdkSslContext - Default cipher suites (JDK): [TLS_ECDHE_ECDSA_WITH_AES_256_GCM_SHA384, TLS_ECDHE_ECDSA_WITH_AES_128_GCM_SHA256, TLS_ECDHE_RSA_WITH_AES_128_GCM_SHA256, TLS_ECDHE_RSA_WITH_AES_256_GCM_SHA384, TLS_ECDHE_RSA_WITH_AES_128_CBC_SHA, TLS_ECDHE_RSA_WITH_AES_256_CBC_SHA, TLS_RSA_WITH_AES_128_GCM_SHA256, TLS_RSA_WITH_AES_128_CBC_SHA, TLS_RSA_WITH_AES_256_CBC_SHA, TLS_AES_128_GCM_SHA256, TLS_AES_256_GCM_SHA384]
15:25:57.655 [main] DEBUG io.netty.channel.MultithreadEventLoopGroup - -Dio.netty.eventLoopThreads: 16
15:25:57.665 [main] DEBUG io.netty.channel.nio.NioEventLoop - -Dio.netty.noKeySetOptimization: false
15:25:57.666 [main] DEBUG io.netty.channel.nio.NioEventLoop - -Dio.netty.selectorAutoRebuildThreshold: 512
15:25:57.716 [main] DEBUG io.netty.buffer.PooledByteBufAllocator - -Dio.netty.allocator.numHeapArenas: 16
15:25:57.716 [main] DEBUG io.netty.buffer.PooledByteBufAllocator - -Dio.netty.allocator.numDirectArenas: 16
15:25:57.716 [main] DEBUG io.netty.buffer.PooledByteBufAllocator - -Dio.netty.allocator.pageSize: 8192
15:25:57.716 [main] DEBUG io.netty.buffer.PooledByteBufAllocator - -Dio.netty.allocator.maxOrder: 9
15:25:57.716 [main] DEBUG io.netty.buffer.PooledByteBufAllocator - -Dio.netty.allocator.chunkSize: 4194304
15:25:57.716 [main] DEBUG io.netty.buffer.PooledByteBufAllocator - -Dio.netty.allocator.smallCacheSize: 256
15:25:57.716 [main] DEBUG io.netty.buffer.PooledByteBufAllocator - -Dio.netty.allocator.normalCacheSize: 64
15:25:57.716 [main] DEBUG io.netty.buffer.PooledByteBufAllocator - -Dio.netty.allocator.maxCachedBufferCapacity: 32768
15:25:57.716 [main] DEBUG io.netty.buffer.PooledByteBufAllocator - -Dio.netty.allocator.cacheTrimInterval: 8192
15:25:57.716 [main] DEBUG io.netty.buffer.PooledByteBufAllocator - -Dio.netty.allocator.cacheTrimIntervalMillis: 0
15:25:57.716 [main] DEBUG io.netty.buffer.PooledByteBufAllocator - -Dio.netty.allocator.useCacheForAllThreads: false
15:25:57.716 [main] DEBUG io.netty.buffer.PooledByteBufAllocator - -Dio.netty.allocator.maxCachedByteBuffersPerChunk: 1023
15:25:57.727 [main] DEBUG io.netty.buffer.ByteBufUtil - -Dio.netty.allocator.type: pooled
15:25:57.727 [main] DEBUG io.netty.buffer.ByteBufUtil - -Dio.netty.threadLocalDirectBufferSize: 0
15:25:57.727 [main] DEBUG io.netty.buffer.ByteBufUtil - -Dio.netty.maxThreadLocalCharBufferSize: 16384
15:25:58.022 [Forwarding newSession on session null to remote] DEBUG io.netty.channel.DefaultChannelId - -Dio.netty.processId: 16644 (auto-detected)
15:25:58.024 [Forwarding newSession on session null to remote] DEBUG io.netty.util.NetUtil - -Djava.net.preferIPv4Stack: false
15:25:58.024 [Forwarding newSession on session null to remote] DEBUG io.netty.util.NetUtil - -Djava.net.preferIPv6Addresses: false
15:25:58.041 [Forwarding newSession on session null to remote] DEBUG io.netty.util.NetUtilInitializations - Loopback interface: lo (Software Loopback Interface 1, 127.0.0.1)
15:25:58.042 [Forwarding newSession on session null to remote] DEBUG io.netty.util.NetUtil - Failed to get SOMAXCONN from sysctl and file \proc\sys\net\core\somaxconn. Default: 200
15:25:58.099 [Forwarding newSession on session null to remote] DEBUG io.netty.channel.DefaultChannelId - -Dio.netty.machineId: cc:6b:1e:ff:fe:34:9f:97 (auto-detected)
15:25:58.153 [AsyncHttpClient-1-2] DEBUG io.netty.buffer.AbstractByteBuf - -Dio.netty.buffer.checkAccessible: true
15:25:58.153 [AsyncHttpClient-1-2] DEBUG io.netty.buffer.AbstractByteBuf - -Dio.netty.buffer.checkBounds: true
15:25:58.154 [AsyncHttpClient-1-2] DEBUG io.netty.util.ResourceLeakDetectorFactory - Loaded default ResourceLeakDetector: io.netty.util.ResourceLeakDetector@922166b
15:25:58.164 [AsyncHttpClient-1-2] DEBUG org.asynchttpclient.netty.channel.NettyConnectListener - Using new Channel '[id: 0x3265d1e0, L:/127.0.0.1:57707 - R:localhost/127.0.0.1:25645]' for 'POST' to '/session'
15:25:58.181 [AsyncHttpClient-1-2] DEBUG io.netty.util.Recycler - -Dio.netty.recycler.maxCapacityPerThread: 4096
15:25:58.181 [AsyncHttpClient-1-2] DEBUG io.netty.util.Recycler - -Dio.netty.recycler.ratio: 8
15:25:58.181 [AsyncHttpClient-1-2] DEBUG io.netty.util.Recycler - -Dio.netty.recycler.chunkSize: 32
15:25:58.181 [AsyncHttpClient-1-2] DEBUG io.netty.util.Recycler - -Dio.netty.recycler.blocking: false
15:25:58.836 [AsyncHttpClient-1-2] DEBUG io.netty.handler.codec.compression.Brotli - brotli4j not in the classpath; Brotli support will be unavailable.
15:25:58.837 [AsyncHttpClient-1-2] DEBUG org.asynchttpclient.netty.handler.HttpHandler - 

Request DefaultHttpRequest(decodeResult: success, version: HTTP/1.1)
POST /session HTTP/1.1
User-Agent: selenium/4.7.1 (java windows)
Content-Length: 1629
Content-Type: application/json; charset=utf-8
host: localhost:25645
accept: */*

Response DefaultHttpResponse(decodeResult: success, version: HTTP/1.1)
HTTP/1.1 200 OK
Content-Type: application/json; charset=utf-8
cache-control: no-cache
content-length: 853

15:25:58.848 [AsyncHttpClient-1-2] DEBUG org.asynchttpclient.netty.channel.ChannelManager - Adding key: http://localhost:25645 for channel [id: 0x3265d1e0, L:/127.0.0.1:57707 - R:localhost/127.0.0.1:25645]
15:25:59.010 [AsyncHttpClient-1-3] DEBUG org.asynchttpclient.netty.channel.NettyConnectListener - Using new Channel '[id: 0x84efaa12, L:/127.0.0.1:57714 - R:localhost/127.0.0.1:57708]' for 'GET' to '/json/version'
15:25:59.016 [AsyncHttpClient-1-3] DEBUG org.asynchttpclient.netty.handler.HttpHandler - 

Request DefaultFullHttpRequest(decodeResult: success, version: HTTP/1.1, content: EmptyByteBufBE)
GET /json/version HTTP/1.1
User-Agent: selenium/4.7.1 (java windows)
host: localhost:57708
accept: */*

Response DefaultHttpResponse(decodeResult: success, version: HTTP/1.1)
HTTP/1.1 200 OK
Content-Security-Policy: frame-ancestors 'none'
Content-Type: application/json; charset=UTF-8
content-length: 422

15:25:59.016 [AsyncHttpClient-1-3] DEBUG org.asynchttpclient.netty.channel.ChannelManager - Adding key: http://localhost:57708 for channel [id: 0x84efaa12, L:/127.0.0.1:57714 - R:localhost/127.0.0.1:57708]
15:25:59.032 [main] DEBUG io.netty.util.internal.ThreadLocalRandom - -Dio.netty.initialSeedUniquifier: 0xeb2566b421947636
15:25:59.038 [AsyncHttpClient-1-4] DEBUG org.asynchttpclient.netty.channel.NettyConnectListener - Using new Channel '[id: 0xbf76e372, L:/127.0.0.1:57715 - R:localhost/127.0.0.1:57708]' for 'GET' to '/devtools/browser/b17f54e6-1960-4277-86f5-65e2e6f5def4'
15:25:59.045 [AsyncHttpClient-1-4] DEBUG org.asynchttpclient.netty.handler.WebSocketHandler - 

Request DefaultFullHttpRequest(decodeResult: success, version: HTTP/1.1, content: EmptyByteBufBE)
GET /devtools/browser/b17f54e6-1960-4277-86f5-65e2e6f5def4 HTTP/1.1
upgrade: websocket
connection: upgrade
sec-websocket-key: noykunvu99UKyuQTtQh2mw==
sec-websocket-version: 13
origin: http://localhost:57708
host: localhost:57708
accept: */*
user-agent: AHC/2.1

Response DefaultHttpResponse(decodeResult: success, version: HTTP/1.1)
HTTP/1.1 101 WebSocket Protocol Handshake
Upgrade: WebSocket
Connection: Upgrade
Sec-WebSocket-Accept: LOdrXKeVkBh0t0UT97JGEkyJm4k=

15:25:59.749 [AsyncHttpClient-1-1] DEBUG org.asynchttpclient.netty.channel.DefaultChannelPool - Entry count for : http://localhost:25645 : 1
15:25:59.749 [AsyncHttpClient-1-1] DEBUG org.asynchttpclient.netty.channel.DefaultChannelPool - Entry count for : http://localhost:57708 : 1
15:26:00.456 [main] DEBUG net.thucydides.core.reflection.ClassFinder - Could not load class .starter.CucumberTestSuite
15:26:00.457 [main] DEBUG net.thucydides.core.reflection.ClassFinder - Could not load class .starter.pages.LoginPage
15:26:00.457 [main] DEBUG net.thucydides.core.reflection.ClassFinder - Could not load class .starter.pages.RegisterPage
15:26:00.457 [main] DEBUG net.thucydides.core.reflection.ClassFinder - Could not load class .starter.pages.TransaksiPage
15:26:00.457 [main] DEBUG net.thucydides.core.reflection.ClassFinder - Could not load class .starter.stepdefinitions.LoginSteps
15:26:00.457 [main] DEBUG net.thucydides.core.reflection.ClassFinder - Could not load class .starter.stepdefinitions.RegisterSteps
15:26:00.457 [main] DEBUG net.thucydides.core.reflection.ClassFinder - Could not load class .starter.stepdefinitions.TransaksiSteps
15:26:00.459 [main] DEBUG net.thucydides.core.reflection.ClassFinder - Could not load class META-INF.versions.9.com.sun.istack.logging.StackHelper
15:26:00.459 [main] DEBUG net.thucydides.core.reflection.ClassFinder - Could not load class META-INF.versions.9.com.sun.xml.bind.v2.runtime.reflect.opt.AccessorInjector
15:26:00.460 [main] DEBUG net.thucydides.core.reflection.ClassFinder - Could not load class META-INF.versions.9.com.sun.xml.bind.v2.runtime.reflect.opt.Injector
15:26:00.461 [main] DEBUG net.thucydides.core.reflection.ClassFinder - Could not load class META-INF.versions.9.com.sun.xml.bind.v2.runtime.reflect.opt.OptimizedAccessorFactory
15:26:00.462 [main] DEBUG net.thucydides.core.reflection.ClassFinder - Could not load class META-INF.versions.9.com.sun.xml.bind.v2.runtime.reflect.opt.OptimizedTransducedAccessorFactory
15:26:00.462 [main] DEBUG net.thucydides.core.reflection.ClassFinder - Could not load class META-INF.versions.9.io.opentelemetry.sdk.internal.CurrentJavaVersionSpecific
15:26:00.463 [main] DEBUG net.thucydides.core.reflection.ClassFinder - Could not load class META-INF.versions.9.io.opentelemetry.sdk.internal.Java9VersionSpecific
15:26:00.464 [main] DEBUG net.thucydides.core.reflection.ClassFinder - Could not load class META-INF.versions.9.javax.xml.bind.ModuleUtil
15:26:00.465 [main] DEBUG net.thucydides.core.reflection.ClassFinder - Could not load class META-INF.versions.9.module-info
15:26:00.467 [main] DEBUG net.thucydides.core.reflection.ClassFinder - Could not load class META-INF.versions.9.org.junit.platform.commons.util.ModuleUtils
15:26:00.848 [AsyncHttpClient-1-1] DEBUG org.asynchttpclient.netty.channel.DefaultChannelPool - Entry count for : http://localhost:25645 : 1
15:26:00.849 [AsyncHttpClient-1-1] DEBUG org.asynchttpclient.netty.channel.DefaultChannelPool - Entry count for : http://localhost:57708 : 1
15:26:01.281 [main] DEBUG net.thucydides.core.reflection.ClassFinder - Could not load class com.google.gson.internal.
15:26:01.700 [main] DEBUG net.thucydides.core.reflection.ClassFinder - Could not load class com.sun.xml.bind.v2.runtime.output.FastInfosetStreamWriterOutput
15:26:01.955 [AsyncHttpClient-1-1] DEBUG org.asynchttpclient.netty.channel.DefaultChannelPool - Entry count for : http://localhost:25645 : 1
15:26:01.956 [AsyncHttpClient-1-1] DEBUG org.asynchttpclient.netty.channel.DefaultChannelPool - Entry count for : http://localhost:57708 : 1
15:26:02.386 [main] DEBUG net.thucydides.core.reflection.ClassFinder - Could not load class module-info
15:26:03.046 [AsyncHttpClient-1-1] DEBUG org.asynchttpclient.netty.channel.DefaultChannelPool - Entry count for : http://localhost:25645 : 1
15:26:03.046 [AsyncHttpClient-1-1] DEBUG org.asynchttpclient.netty.channel.DefaultChannelPool - Entry count for : http://localhost:57708 : 1
15:26:04.151 [AsyncHttpClient-1-1] DEBUG org.asynchttpclient.netty.channel.DefaultChannelPool - Entry count for : http://localhost:25645 : 1
15:26:04.151 [AsyncHttpClient-1-1] DEBUG org.asynchttpclient.netty.channel.DefaultChannelPool - Entry count for : http://localhost:57708 : 1
15:26:05.252 [AsyncHttpClient-1-1] DEBUG org.asynchttpclient.netty.channel.DefaultChannelPool - Entry count for : http://localhost:25645 : 1
15:26:05.252 [AsyncHttpClient-1-1] DEBUG org.asynchttpclient.netty.channel.DefaultChannelPool - Entry count for : http://localhost:57708 : 1
15:26:06.358 [AsyncHttpClient-1-1] DEBUG org.asynchttpclient.netty.channel.DefaultChannelPool - Entry count for : http://localhost:25645 : 1
15:26:06.358 [AsyncHttpClient-1-1] DEBUG org.asynchttpclient.netty.channel.DefaultChannelPool - Entry count for : http://localhost:57708 : 1
15:26:06.421 [Forwarding get on session 0bb30766d33233cd0c391ffe3474eb89 to remote] DEBUG org.asynchttpclient.netty.request.NettyRequestSender - Using pooled Channel '[id: 0x3265d1e0, L:/127.0.0.1:57707 - R:localhost/127.0.0.1:25645]' for 'POST' to 'http://localhost:25645/session/0bb30766d33233cd0c391ffe3474eb89/url'
15:26:06.421 [Forwarding get on session 0bb30766d33233cd0c391ffe3474eb89 to remote] DEBUG org.asynchttpclient.netty.request.NettyRequestSender - Using open Channel [id: 0x3265d1e0, L:/127.0.0.1:57707 - R:localhost/127.0.0.1:25645] for POST '/session/0bb30766d33233cd0c391ffe3474eb89/url'
15:26:07.275 [AsyncHttpClient-1-2] DEBUG org.asynchttpclient.netty.handler.HttpHandler - 

Request DefaultHttpRequest(decodeResult: success, version: HTTP/1.1)
POST /session/0bb30766d33233cd0c391ffe3474eb89/url HTTP/1.1
User-Agent: selenium/4.7.1 (java windows)
Content-Length: 59
Content-Type: application/json; charset=utf-8
host: localhost:25645
accept: */*

Response DefaultHttpResponse(decodeResult: success, version: HTTP/1.1)
HTTP/1.1 200 OK
Content-Type: application/json; charset=utf-8
cache-control: no-cache
content-length: 14

15:26:07.276 [AsyncHttpClient-1-2] DEBUG org.asynchttpclient.netty.channel.ChannelManager - Adding key: http://localhost:25645 for channel [id: 0x3265d1e0, L:/127.0.0.1:57707 - R:localhost/127.0.0.1:25645]
15:26:07.283 [Forwarding setTimeout on session 0bb30766d33233cd0c391ffe3474eb89 to remote] DEBUG org.asynchttpclient.netty.request.NettyRequestSender - Using pooled Channel '[id: 0x3265d1e0, L:/127.0.0.1:57707 - R:localhost/127.0.0.1:25645]' for 'POST' to 'http://localhost:25645/session/0bb30766d33233cd0c391ffe3474eb89/timeouts'
15:26:07.283 [Forwarding setTimeout on session 0bb30766d33233cd0c391ffe3474eb89 to remote] DEBUG org.asynchttpclient.netty.request.NettyRequestSender - Using open Channel [id: 0x3265d1e0, L:/127.0.0.1:57707 - R:localhost/127.0.0.1:25645] for POST '/session/0bb30766d33233cd0c391ffe3474eb89/timeouts'
15:26:07.285 [AsyncHttpClient-1-2] DEBUG org.asynchttpclient.netty.handler.HttpHandler - 

Request DefaultHttpRequest(decodeResult: success, version: HTTP/1.1)
POST /session/0bb30766d33233cd0c391ffe3474eb89/timeouts HTTP/1.1
User-Agent: selenium/4.7.1 (java windows)
Content-Length: 22
Content-Type: application/json; charset=utf-8
host: localhost:25645
accept: */*

Response DefaultHttpResponse(decodeResult: success, version: HTTP/1.1)
HTTP/1.1 200 OK
Content-Type: application/json; charset=utf-8
cache-control: no-cache
content-length: 14

15:26:07.285 [AsyncHttpClient-1-2] DEBUG org.asynchttpclient.netty.channel.ChannelManager - Adding key: http://localhost:25645 for channel [id: 0x3265d1e0, L:/127.0.0.1:57707 - R:localhost/127.0.0.1:25645]
15:26:07.294 [Forwarding getCurrentUrl on session 0bb30766d33233cd0c391ffe3474eb89 to remote] DEBUG org.asynchttpclient.netty.request.NettyRequestSender - Using pooled Channel '[id: 0x3265d1e0, L:/127.0.0.1:57707 - R:localhost/127.0.0.1:25645]' for 'GET' to 'http://localhost:25645/session/0bb30766d33233cd0c391ffe3474eb89/url'
15:26:07.294 [Forwarding getCurrentUrl on session 0bb30766d33233cd0c391ffe3474eb89 to remote] DEBUG org.asynchttpclient.netty.request.NettyRequestSender - Using open Channel [id: 0x3265d1e0, L:/127.0.0.1:57707 - R:localhost/127.0.0.1:25645] for GET '/session/0bb30766d33233cd0c391ffe3474eb89/url'
15:26:07.304 [AsyncHttpClient-1-2] DEBUG org.asynchttpclient.netty.handler.HttpHandler - 

Request DefaultFullHttpRequest(decodeResult: success, version: HTTP/1.1, content: EmptyByteBufBE)
GET /session/0bb30766d33233cd0c391ffe3474eb89/url HTTP/1.1
User-Agent: selenium/4.7.1 (java windows)
Cache-Control: no-cache
Content-Type: application/json; charset=utf-8
host: localhost:25645
accept: */*

Response DefaultHttpResponse(decodeResult: success, version: HTTP/1.1)
HTTP/1.1 200 OK
Content-Type: application/json; charset=utf-8
cache-control: no-cache
content-length: 41

15:26:07.304 [AsyncHttpClient-1-2] DEBUG org.asynchttpclient.netty.channel.ChannelManager - Adding key: http://localhost:25645 for channel [id: 0x3265d1e0, L:/127.0.0.1:57707 - R:localhost/127.0.0.1:25645]
15:26:07.313 [Forwarding getCurrentUrl on session 0bb30766d33233cd0c391ffe3474eb89 to remote] DEBUG org.asynchttpclient.netty.request.NettyRequestSender - Using pooled Channel '[id: 0x3265d1e0, L:/127.0.0.1:57707 - R:localhost/127.0.0.1:25645]' for 'GET' to 'http://localhost:25645/session/0bb30766d33233cd0c391ffe3474eb89/url'
15:26:07.313 [Forwarding getCurrentUrl on session 0bb30766d33233cd0c391ffe3474eb89 to remote] DEBUG org.asynchttpclient.netty.request.NettyRequestSender - Using open Channel [id: 0x3265d1e0, L:/127.0.0.1:57707 - R:localhost/127.0.0.1:25645] for GET '/session/0bb30766d33233cd0c391ffe3474eb89/url'
15:26:07.319 [AsyncHttpClient-1-2] DEBUG org.asynchttpclient.netty.handler.HttpHandler - 

Request DefaultFullHttpRequest(decodeResult: success, version: HTTP/1.1, content: EmptyByteBufBE)
GET /session/0bb30766d33233cd0c391ffe3474eb89/url HTTP/1.1
User-Agent: selenium/4.7.1 (java windows)
Cache-Control: no-cache
Content-Type: application/json; charset=utf-8
host: localhost:25645
accept: */*

Response DefaultHttpResponse(decodeResult: success, version: HTTP/1.1)
HTTP/1.1 200 OK
Content-Type: application/json; charset=utf-8
cache-control: no-cache
content-length: 41

15:26:07.319 [AsyncHttpClient-1-2] DEBUG org.asynchttpclient.netty.channel.ChannelManager - Adding key: http://localhost:25645 for channel [id: 0x3265d1e0, L:/127.0.0.1:57707 - R:localhost/127.0.0.1:25645]
15:26:07.340 [Forwarding findElement on session 0bb30766d33233cd0c391ffe3474eb89 to remote] DEBUG org.asynchttpclient.netty.request.NettyRequestSender - Using pooled Channel '[id: 0x3265d1e0, L:/127.0.0.1:57707 - R:localhost/127.0.0.1:25645]' for 'POST' to 'http://localhost:25645/session/0bb30766d33233cd0c391ffe3474eb89/element'
15:26:07.340 [Forwarding findElement on session 0bb30766d33233cd0c391ffe3474eb89 to remote] DEBUG org.asynchttpclient.netty.request.NettyRequestSender - Using open Channel [id: 0x3265d1e0, L:/127.0.0.1:57707 - R:localhost/127.0.0.1:25645] for POST '/session/0bb30766d33233cd0c391ffe3474eb89/element'
15:26:07.357 [AsyncHttpClient-1-2] DEBUG org.asynchttpclient.netty.handler.HttpHandler - 

Request DefaultHttpRequest(decodeResult: success, version: HTTP/1.1)
POST /session/0bb30766d33233cd0c391ffe3474eb89/element HTTP/1.1
User-Agent: selenium/4.7.1 (java windows)
Content-Length: 108
Content-Type: application/json; charset=utf-8
host: localhost:25645
accept: */*

Response DefaultHttpResponse(decodeResult: success, version: HTTP/1.1)
HTTP/1.1 200 OK
Content-Type: application/json; charset=utf-8
cache-control: no-cache
content-length: 94

15:26:07.357 [AsyncHttpClient-1-2] DEBUG org.asynchttpclient.netty.channel.ChannelManager - Adding key: http://localhost:25645 for channel [id: 0x3265d1e0, L:/127.0.0.1:57707 - R:localhost/127.0.0.1:25645]
15:26:07.370 [Forwarding isElementDisplayed on session 0bb30766d33233cd0c391ffe3474eb89 to remote] DEBUG org.asynchttpclient.netty.request.NettyRequestSender - Using pooled Channel '[id: 0x3265d1e0, L:/127.0.0.1:57707 - R:localhost/127.0.0.1:25645]' for 'POST' to 'http://localhost:25645/session/0bb30766d33233cd0c391ffe3474eb89/execute/sync'
15:26:07.370 [Forwarding isElementDisplayed on session 0bb30766d33233cd0c391ffe3474eb89 to remote] DEBUG org.asynchttpclient.netty.request.NettyRequestSender - Using open Channel [id: 0x3265d1e0, L:/127.0.0.1:57707 - R:localhost/127.0.0.1:25645] for POST '/session/0bb30766d33233cd0c391ffe3474eb89/execute/sync'
15:26:07.395 [AsyncHttpClient-1-2] DEBUG org.asynchttpclient.netty.handler.HttpHandler - 

Request DefaultHttpRequest(decodeResult: success, version: HTTP/1.1)
POST /session/0bb30766d33233cd0c391ffe3474eb89/execute/sync HTTP/1.1
User-Agent: selenium/4.7.1 (java windows)
Content-Length: 48786
Content-Type: application/json; charset=utf-8
host: localhost:25645
accept: */*

Response DefaultHttpResponse(decodeResult: success, version: HTTP/1.1)
HTTP/1.1 200 OK
Content-Type: application/json; charset=utf-8
cache-control: no-cache
content-length: 14

15:26:07.396 [AsyncHttpClient-1-2] DEBUG org.asynchttpclient.netty.channel.ChannelManager - Adding key: http://localhost:25645 for channel [id: 0x3265d1e0, L:/127.0.0.1:57707 - R:localhost/127.0.0.1:25645]
15:26:07.402 [Forwarding isElementDisplayed on session 0bb30766d33233cd0c391ffe3474eb89 to remote] DEBUG org.asynchttpclient.netty.request.NettyRequestSender - Using pooled Channel '[id: 0x3265d1e0, L:/127.0.0.1:57707 - R:localhost/127.0.0.1:25645]' for 'POST' to 'http://localhost:25645/session/0bb30766d33233cd0c391ffe3474eb89/execute/sync'
15:26:07.402 [Forwarding isElementDisplayed on session 0bb30766d33233cd0c391ffe3474eb89 to remote] DEBUG org.asynchttpclient.netty.request.NettyRequestSender - Using open Channel [id: 0x3265d1e0, L:/127.0.0.1:57707 - R:localhost/127.0.0.1:25645] for POST '/session/0bb30766d33233cd0c391ffe3474eb89/execute/sync'
15:26:07.421 [AsyncHttpClient-1-2] DEBUG org.asynchttpclient.netty.handler.HttpHandler - 

Request DefaultHttpRequest(decodeResult: success, version: HTTP/1.1)
POST /session/0bb30766d33233cd0c391ffe3474eb89/execute/sync HTTP/1.1
User-Agent: selenium/4.7.1 (java windows)
Content-Length: 48786
Content-Type: application/json; charset=utf-8
host: localhost:25645
accept: */*

Response DefaultHttpResponse(decodeResult: success, version: HTTP/1.1)
HTTP/1.1 200 OK
Content-Type: application/json; charset=utf-8
cache-control: no-cache
content-length: 14

15:26:07.421 [AsyncHttpClient-1-2] DEBUG org.asynchttpclient.netty.channel.ChannelManager - Adding key: http://localhost:25645 for channel [id: 0x3265d1e0, L:/127.0.0.1:57707 - R:localhost/127.0.0.1:25645]
15:26:07.450 [main] DEBUG net.serenitybdd.core.photography.Darkroom - Opening darkroom
15:26:07.451 [Darkroom Processing Line] DEBUG net.serenitybdd.core.photography.DarkroomProcessingLine - Darkroom processing line starting up
15:26:07.455 [AsyncHttpClient-1-1] DEBUG org.asynchttpclient.netty.channel.DefaultChannelPool - Entry count for : http://localhost:25645 : 1
15:26:07.455 [AsyncHttpClient-1-1] DEBUG org.asynchttpclient.netty.channel.DefaultChannelPool - Entry count for : http://localhost:57708 : 1
15:26:07.474 [Forwarding getCurrentWindowHandle on session 0bb30766d33233cd0c391ffe3474eb89 to remote] DEBUG org.asynchttpclient.netty.request.NettyRequestSender - Using pooled Channel '[id: 0x3265d1e0, L:/127.0.0.1:57707 - R:localhost/127.0.0.1:25645]' for 'GET' to 'http://localhost:25645/session/0bb30766d33233cd0c391ffe3474eb89/window'
15:26:07.474 [Forwarding getCurrentWindowHandle on session 0bb30766d33233cd0c391ffe3474eb89 to remote] DEBUG org.asynchttpclient.netty.request.NettyRequestSender - Using open Channel [id: 0x3265d1e0, L:/127.0.0.1:57707 - R:localhost/127.0.0.1:25645] for GET '/session/0bb30766d33233cd0c391ffe3474eb89/window'
15:26:07.479 [AsyncHttpClient-1-2] DEBUG org.asynchttpclient.netty.handler.HttpHandler - 

Request DefaultFullHttpRequest(decodeResult: success, version: HTTP/1.1, content: EmptyByteBufBE)
GET /session/0bb30766d33233cd0c391ffe3474eb89/window HTTP/1.1
User-Agent: selenium/4.7.1 (java windows)
Cache-Control: no-cache
Content-Type: application/json; charset=utf-8
host: localhost:25645
accept: */*

Response DefaultHttpResponse(decodeResult: success, version: HTTP/1.1)
HTTP/1.1 200 OK
Content-Type: application/json; charset=utf-8
cache-control: no-cache
content-length: 44

15:26:07.479 [AsyncHttpClient-1-2] DEBUG org.asynchttpclient.netty.channel.ChannelManager - Adding key: http://localhost:25645 for channel [id: 0x3265d1e0, L:/127.0.0.1:57707 - R:localhost/127.0.0.1:25645]
15:26:07.483 [Forwarding getAlertText on session 0bb30766d33233cd0c391ffe3474eb89 to remote] DEBUG org.asynchttpclient.netty.request.NettyRequestSender - Using pooled Channel '[id: 0x3265d1e0, L:/127.0.0.1:57707 - R:localhost/127.0.0.1:25645]' for 'GET' to 'http://localhost:25645/session/0bb30766d33233cd0c391ffe3474eb89/alert/text'
15:26:07.484 [Forwarding getAlertText on session 0bb30766d33233cd0c391ffe3474eb89 to remote] DEBUG org.asynchttpclient.netty.request.NettyRequestSender - Using open Channel [id: 0x3265d1e0, L:/127.0.0.1:57707 - R:localhost/127.0.0.1:25645] for GET '/session/0bb30766d33233cd0c391ffe3474eb89/alert/text'
15:26:07.487 [AsyncHttpClient-1-2] DEBUG org.asynchttpclient.netty.handler.HttpHandler - 

Request DefaultFullHttpRequest(decodeResult: success, version: HTTP/1.1, content: EmptyByteBufBE)
GET /session/0bb30766d33233cd0c391ffe3474eb89/alert/text HTTP/1.1
User-Agent: selenium/4.7.1 (java windows)
Cache-Control: no-cache
Content-Type: application/json; charset=utf-8
host: localhost:25645
accept: */*

Response DefaultHttpResponse(decodeResult: success, version: HTTP/1.1)
HTTP/1.1 404 Not Found
Content-Type: application/json; charset=utf-8
cache-control: no-cache
content-length: 820

15:26:07.490 [AsyncHttpClient-1-2] DEBUG org.asynchttpclient.netty.channel.ChannelManager - Adding key: http://localhost:25645 for channel [id: 0x3265d1e0, L:/127.0.0.1:57707 - R:localhost/127.0.0.1:25645]
15:26:07.509 [Forwarding switchToWindow on session 0bb30766d33233cd0c391ffe3474eb89 to remote] DEBUG org.asynchttpclient.netty.request.NettyRequestSender - Using pooled Channel '[id: 0x3265d1e0, L:/127.0.0.1:57707 - R:localhost/127.0.0.1:25645]' for 'POST' to 'http://localhost:25645/session/0bb30766d33233cd0c391ffe3474eb89/window'
15:26:07.509 [Forwarding switchToWindow on session 0bb30766d33233cd0c391ffe3474eb89 to remote] DEBUG org.asynchttpclient.netty.request.NettyRequestSender - Using open Channel [id: 0x3265d1e0, L:/127.0.0.1:57707 - R:localhost/127.0.0.1:25645] for POST '/session/0bb30766d33233cd0c391ffe3474eb89/window'
15:26:07.514 [AsyncHttpClient-1-2] DEBUG org.asynchttpclient.netty.handler.HttpHandler - 

Request DefaultHttpRequest(decodeResult: success, version: HTTP/1.1)
POST /session/0bb30766d33233cd0c391ffe3474eb89/window HTTP/1.1
User-Agent: selenium/4.7.1 (java windows)
Content-Length: 50
Content-Type: application/json; charset=utf-8
host: localhost:25645
accept: */*

Response DefaultHttpResponse(decodeResult: success, version: HTTP/1.1)
HTTP/1.1 200 OK
Content-Type: application/json; charset=utf-8
cache-control: no-cache
content-length: 14

15:26:07.515 [AsyncHttpClient-1-2] DEBUG org.asynchttpclient.netty.channel.ChannelManager - Adding key: http://localhost:25645 for channel [id: 0x3265d1e0, L:/127.0.0.1:57707 - R:localhost/127.0.0.1:25645]
15:26:07.517 [Forwarding getCurrentUrl on session 0bb30766d33233cd0c391ffe3474eb89 to remote] DEBUG org.asynchttpclient.netty.request.NettyRequestSender - Using pooled Channel '[id: 0x3265d1e0, L:/127.0.0.1:57707 - R:localhost/127.0.0.1:25645]' for 'GET' to 'http://localhost:25645/session/0bb30766d33233cd0c391ffe3474eb89/url'
15:26:07.517 [Forwarding getCurrentUrl on session 0bb30766d33233cd0c391ffe3474eb89 to remote] DEBUG org.asynchttpclient.netty.request.NettyRequestSender - Using open Channel [id: 0x3265d1e0, L:/127.0.0.1:57707 - R:localhost/127.0.0.1:25645] for GET '/session/0bb30766d33233cd0c391ffe3474eb89/url'
15:26:07.529 [AsyncHttpClient-1-2] DEBUG org.asynchttpclient.netty.handler.HttpHandler - 

Request DefaultFullHttpRequest(decodeResult: success, version: HTTP/1.1, content: EmptyByteBufBE)
GET /session/0bb30766d33233cd0c391ffe3474eb89/url HTTP/1.1
User-Agent: selenium/4.7.1 (java windows)
Cache-Control: no-cache
Content-Type: application/json; charset=utf-8
host: localhost:25645
accept: */*

Response DefaultHttpResponse(decodeResult: success, version: HTTP/1.1)
HTTP/1.1 200 OK
Content-Type: application/json; charset=utf-8
cache-control: no-cache
content-length: 41

15:26:07.544 [AsyncHttpClient-1-2] DEBUG org.asynchttpclient.netty.channel.ChannelManager - Adding key: http://localhost:25645 for channel [id: 0x3265d1e0, L:/127.0.0.1:57707 - R:localhost/127.0.0.1:25645]
15:26:07.548 [Forwarding screenshot on session 0bb30766d33233cd0c391ffe3474eb89 to remote] DEBUG org.asynchttpclient.netty.request.NettyRequestSender - Using pooled Channel '[id: 0x3265d1e0, L:/127.0.0.1:57707 - R:localhost/127.0.0.1:25645]' for 'GET' to 'http://localhost:25645/session/0bb30766d33233cd0c391ffe3474eb89/screenshot'
15:26:07.548 [Forwarding screenshot on session 0bb30766d33233cd0c391ffe3474eb89 to remote] DEBUG org.asynchttpclient.netty.request.NettyRequestSender - Using open Channel [id: 0x3265d1e0, L:/127.0.0.1:57707 - R:localhost/127.0.0.1:25645] for GET '/session/0bb30766d33233cd0c391ffe3474eb89/screenshot'
15:26:08.552 [AsyncHttpClient-1-1] DEBUG org.asynchttpclient.netty.channel.DefaultChannelPool - Entry count for : http://localhost:57708 : 1
15:26:09.648 [AsyncHttpClient-1-1] DEBUG org.asynchttpclient.netty.channel.DefaultChannelPool - Entry count for : http://localhost:57708 : 1
15:26:09.963 [AsyncHttpClient-1-2] DEBUG org.asynchttpclient.netty.handler.HttpHandler - 

Request DefaultFullHttpRequest(decodeResult: success, version: HTTP/1.1, content: EmptyByteBufBE)
GET /session/0bb30766d33233cd0c391ffe3474eb89/screenshot HTTP/1.1
User-Agent: selenium/4.7.1 (java windows)
Cache-Control: no-cache
Content-Type: application/json; charset=utf-8
host: localhost:25645
accept: */*

Response DefaultHttpResponse(decodeResult: success, version: HTTP/1.1)
HTTP/1.1 200 OK
Content-Type: application/json; charset=utf-8
cache-control: no-cache
content-length: 38248

15:26:09.964 [AsyncHttpClient-1-2] DEBUG org.asynchttpclient.netty.channel.ChannelManager - Adding key: http://localhost:25645 for channel [id: 0x3265d1e0, L:/127.0.0.1:57707 - R:localhost/127.0.0.1:25645]
15:26:10.037 [main] DEBUG net.serenitybdd.core.photography.Darkroom - Send negative for processing for target\site\serenity\bf7f002ae21cf21a23b30772ecde147de3f3ff9e10f522793d6cc050e5e2ee7f.png
15:26:10.052 [Darkroom Processing Line] DEBUG net.serenitybdd.core.photography.DarkroomProcessingLine - Processing screenshot image in /var/screenshots/screenshot-15088206877237126248
15:26:10.052 [Darkroom Processing Line] DEBUG net.serenitybdd.core.photography.DarkroomProcessingLine - Saving screenshot to target\site\serenity\bf7f002ae21cf21a23b30772ecde147de3f3ff9e10f522793d6cc050e5e2ee7f.png
15:26:10.052 [main] DEBUG net.thucydides.core.steps.StepInterceptor - STEP DONE: diHomepageAltaShop
  &amp#27;[32mGiven &amp#27;[0m&amp#27;[32muser berada di Homepage AltaShop&amp#27;[0m                       &amp#27;[90m# starter.stepdefinitions.LoginSteps.userBeradaDiHomepageAlta()&amp#27;[0m
15:26:10.068 [main] DEBUG net.thucydides.core.steps.StepInterceptor - STARTING STEP: LoginSteps.userKlikButtonLogin - klikButtonLogin
15:26:10.084 [Forwarding findElement on session 0bb30766d33233cd0c391ffe3474eb89 to remote] DEBUG org.asynchttpclient.netty.request.NettyRequestSender - Using pooled Channel '[id: 0x3265d1e0, L:/127.0.0.1:57707 - R:localhost/127.0.0.1:25645]' for 'POST' to 'http://localhost:25645/session/0bb30766d33233cd0c391ffe3474eb89/element'
15:26:10.084 [Forwarding findElement on session 0bb30766d33233cd0c391ffe3474eb89 to remote] DEBUG org.asynchttpclient.netty.request.NettyRequestSender - Using open Channel [id: 0x3265d1e0, L:/127.0.0.1:57707 - R:localhost/127.0.0.1:25645] for POST '/session/0bb30766d33233cd0c391ffe3474eb89/element'
15:26:10.099 [AsyncHttpClient-1-2] DEBUG org.asynchttpclient.netty.handler.HttpHandler - 

Request DefaultHttpRequest(decodeResult: success, version: HTTP/1.1)
POST /session/0bb30766d33233cd0c391ffe3474eb89/element HTTP/1.1
User-Agent: selenium/4.7.1 (java windows)
Content-Length: 108
Content-Type: application/json; charset=utf-8
host: localhost:25645
accept: */*

Response DefaultHttpResponse(decodeResult: success, version: HTTP/1.1)
HTTP/1.1 200 OK
Content-Type: application/json; charset=utf-8
cache-control: no-cache
content-length: 94

15:26:10.099 [AsyncHttpClient-1-2] DEBUG org.asynchttpclient.netty.channel.ChannelManager - Adding key: http://localhost:25645 for channel [id: 0x3265d1e0, L:/127.0.0.1:57707 - R:localhost/127.0.0.1:25645]
15:26:10.115 [Forwarding getElementTagName on session 0bb30766d33233cd0c391ffe3474eb89 to remote] DEBUG org.asynchttpclient.netty.request.NettyRequestSender - Using pooled Channel '[id: 0x3265d1e0, L:/127.0.0.1:57707 - R:localhost/127.0.0.1:25645]' for 'GET' to 'http://localhost:25645/session/0bb30766d33233cd0c391ffe3474eb89/element/B5414AC479D14FDFC445293CDA77F6DF_element_5/name'
15:26:10.115 [Forwarding getElementTagName on session 0bb30766d33233cd0c391ffe3474eb89 to remote] DEBUG org.asynchttpclient.netty.request.NettyRequestSender - Using open Channel [id: 0x3265d1e0, L:/127.0.0.1:57707 - R:localhost/127.0.0.1:25645] for GET '/session/0bb30766d33233cd0c391ffe3474eb89/element/B5414AC479D14FDFC445293CDA77F6DF_element_5/name'
15:26:10.115 [AsyncHttpClient-1-2] DEBUG org.asynchttpclient.netty.handler.HttpHandler - 

Request DefaultFullHttpRequest(decodeResult: success, version: HTTP/1.1, content: EmptyByteBufBE)
GET /session/0bb30766d33233cd0c391ffe3474eb89/element/B5414AC479D14FDFC445293CDA77F6DF_element_5/name HTTP/1.1
User-Agent: selenium/4.7.1 (java windows)
Cache-Control: no-cache
Content-Type: application/json; charset=utf-8
host: localhost:25645
accept: */*

Response DefaultHttpResponse(decodeResult: success, version: HTTP/1.1)
HTTP/1.1 200 OK
Content-Type: application/json; charset=utf-8
cache-control: no-cache
content-length: 18

15:26:10.115 [AsyncHttpClient-1-2] DEBUG org.asynchttpclient.netty.channel.ChannelManager - Adding key: http://localhost:25645 for channel [id: 0x3265d1e0, L:/127.0.0.1:57707 - R:localhost/127.0.0.1:25645]
15:26:10.115 [Forwarding getElementTagName on session 0bb30766d33233cd0c391ffe3474eb89 to remote] DEBUG org.asynchttpclient.netty.request.NettyRequestSender - Using pooled Channel '[id: 0x3265d1e0, L:/127.0.0.1:57707 - R:localhost/127.0.0.1:25645]' for 'GET' to 'http://localhost:25645/session/0bb30766d33233cd0c391ffe3474eb89/element/B5414AC479D14FDFC445293CDA77F6DF_element_5/name'
15:26:10.115 [Forwarding getElementTagName on session 0bb30766d33233cd0c391ffe3474eb89 to remote] DEBUG org.asynchttpclient.netty.request.NettyRequestSender - Using open Channel [id: 0x3265d1e0, L:/127.0.0.1:57707 - R:localhost/127.0.0.1:25645] for GET '/session/0bb30766d33233cd0c391ffe3474eb89/element/B5414AC479D14FDFC445293CDA77F6DF_element_5/name'
15:26:10.131 [AsyncHttpClient-1-2] DEBUG org.asynchttpclient.netty.handler.HttpHandler - 

Request DefaultFullHttpRequest(decodeResult: success, version: HTTP/1.1, content: EmptyByteBufBE)
GET /session/0bb30766d33233cd0c391ffe3474eb89/element/B5414AC479D14FDFC445293CDA77F6DF_element_5/name HTTP/1.1
User-Agent: selenium/4.7.1 (java windows)
Cache-Control: no-cache
Content-Type: application/json; charset=utf-8
host: localhost:25645
accept: */*

Response DefaultHttpResponse(decodeResult: success, version: HTTP/1.1)
HTTP/1.1 200 OK
Content-Type: application/json; charset=utf-8
cache-control: no-cache
content-length: 18

15:26:10.131 [AsyncHttpClient-1-2] DEBUG org.asynchttpclient.netty.channel.ChannelManager - Adding key: http://localhost:25645 for channel [id: 0x3265d1e0, L:/127.0.0.1:57707 - R:localhost/127.0.0.1:25645]
15:26:10.131 [Forwarding isElementEnabled on session 0bb30766d33233cd0c391ffe3474eb89 to remote] DEBUG org.asynchttpclient.netty.request.NettyRequestSender - Using pooled Channel '[id: 0x3265d1e0, L:/127.0.0.1:57707 - R:localhost/127.0.0.1:25645]' for 'GET' to 'http://localhost:25645/session/0bb30766d33233cd0c391ffe3474eb89/element/B5414AC479D14FDFC445293CDA77F6DF_element_5/enabled'
15:26:10.131 [Forwarding isElementEnabled on session 0bb30766d33233cd0c391ffe3474eb89 to remote] DEBUG org.asynchttpclient.netty.request.NettyRequestSender - Using open Channel [id: 0x3265d1e0, L:/127.0.0.1:57707 - R:localhost/127.0.0.1:25645] for GET '/session/0bb30766d33233cd0c391ffe3474eb89/element/B5414AC479D14FDFC445293CDA77F6DF_element_5/enabled'
15:26:10.146 [AsyncHttpClient-1-2] DEBUG org.asynchttpclient.netty.handler.HttpHandler - 

Request DefaultFullHttpRequest(decodeResult: success, version: HTTP/1.1, content: EmptyByteBufBE)
GET /session/0bb30766d33233cd0c391ffe3474eb89/element/B5414AC479D14FDFC445293CDA77F6DF_element_5/enabled HTTP/1.1
User-Agent: selenium/4.7.1 (java windows)
Cache-Control: no-cache
Content-Type: application/json; charset=utf-8
host: localhost:25645
accept: */*

Response DefaultHttpResponse(decodeResult: success, version: HTTP/1.1)
HTTP/1.1 200 OK
Content-Type: application/json; charset=utf-8
cache-control: no-cache
content-length: 14

15:26:10.146 [AsyncHttpClient-1-2] DEBUG org.asynchttpclient.netty.channel.ChannelManager - Adding key: http://localhost:25645 for channel [id: 0x3265d1e0, L:/127.0.0.1:57707 - R:localhost/127.0.0.1:25645]
15:26:10.146 [Forwarding isElementEnabled on session 0bb30766d33233cd0c391ffe3474eb89 to remote] DEBUG org.asynchttpclient.netty.request.NettyRequestSender - Using pooled Channel '[id: 0x3265d1e0, L:/127.0.0.1:57707 - R:localhost/127.0.0.1:25645]' for 'GET' to 'http://localhost:25645/session/0bb30766d33233cd0c391ffe3474eb89/element/B5414AC479D14FDFC445293CDA77F6DF_element_5/enabled'
15:26:10.146 [Forwarding isElementEnabled on session 0bb30766d33233cd0c391ffe3474eb89 to remote] DEBUG org.asynchttpclient.netty.request.NettyRequestSender - Using open Channel [id: 0x3265d1e0, L:/127.0.0.1:57707 - R:localhost/127.0.0.1:25645] for GET '/session/0bb30766d33233cd0c391ffe3474eb89/element/B5414AC479D14FDFC445293CDA77F6DF_element_5/enabled'
15:26:10.146 [AsyncHttpClient-1-2] DEBUG org.asynchttpclient.netty.handler.HttpHandler - 

Request DefaultFullHttpRequest(decodeResult: success, version: HTTP/1.1, content: EmptyByteBufBE)
GET /session/0bb30766d33233cd0c391ffe3474eb89/element/B5414AC479D14FDFC445293CDA77F6DF_element_5/enabled HTTP/1.1
User-Agent: selenium/4.7.1 (java windows)
Cache-Control: no-cache
Content-Type: application/json; charset=utf-8
host: localhost:25645
accept: */*

Response DefaultHttpResponse(decodeResult: success, version: HTTP/1.1)
HTTP/1.1 200 OK
Content-Type: application/json; charset=utf-8
cache-control: no-cache
content-length: 14

15:26:10.146 [AsyncHttpClient-1-2] DEBUG org.asynchttpclient.netty.channel.ChannelManager - Adding key: http://localhost:25645 for channel [id: 0x3265d1e0, L:/127.0.0.1:57707 - R:localhost/127.0.0.1:25645]
15:26:10.162 [Forwarding findElement on session 0bb30766d33233cd0c391ffe3474eb89 to remote] DEBUG org.asynchttpclient.netty.request.NettyRequestSender - Using pooled Channel '[id: 0x3265d1e0, L:/127.0.0.1:57707 - R:localhost/127.0.0.1:25645]' for 'POST' to 'http://localhost:25645/session/0bb30766d33233cd0c391ffe3474eb89/element'
15:26:10.162 [Forwarding findElement on session 0bb30766d33233cd0c391ffe3474eb89 to remote] DEBUG org.asynchttpclient.netty.request.NettyRequestSender - Using open Channel [id: 0x3265d1e0, L:/127.0.0.1:57707 - R:localhost/127.0.0.1:25645] for POST '/session/0bb30766d33233cd0c391ffe3474eb89/element'
15:26:10.178 [AsyncHttpClient-1-2] DEBUG org.asynchttpclient.netty.handler.HttpHandler - 

Request DefaultHttpRequest(decodeResult: success, version: HTTP/1.1)
POST /session/0bb30766d33233cd0c391ffe3474eb89/element HTTP/1.1
User-Agent: selenium/4.7.1 (java windows)
Content-Length: 108
Content-Type: application/json; charset=utf-8
host: localhost:25645
accept: */*

Response DefaultHttpResponse(decodeResult: success, version: HTTP/1.1)
HTTP/1.1 200 OK
Content-Type: application/json; charset=utf-8
cache-control: no-cache
content-length: 94

15:26:10.178 [AsyncHttpClient-1-2] DEBUG org.asynchttpclient.netty.channel.ChannelManager - Adding key: http://localhost:25645 for channel [id: 0x3265d1e0, L:/127.0.0.1:57707 - R:localhost/127.0.0.1:25645]
15:26:10.178 [Forwarding clickElement on session 0bb30766d33233cd0c391ffe3474eb89 to remote] DEBUG org.asynchttpclient.netty.request.NettyRequestSender - Using pooled Channel '[id: 0x3265d1e0, L:/127.0.0.1:57707 - R:localhost/127.0.0.1:25645]' for 'POST' to 'http://localhost:25645/session/0bb30766d33233cd0c391ffe3474eb89/element/B5414AC479D14FDFC445293CDA77F6DF_element_5/click'
15:26:10.178 [Forwarding clickElement on session 0bb30766d33233cd0c391ffe3474eb89 to remote] DEBUG org.asynchttpclient.netty.request.NettyRequestSender - Using open Channel [id: 0x3265d1e0, L:/127.0.0.1:57707 - R:localhost/127.0.0.1:25645] for POST '/session/0bb30766d33233cd0c391ffe3474eb89/element/B5414AC479D14FDFC445293CDA77F6DF_element_5/click'
15:26:10.254 [AsyncHttpClient-1-2] DEBUG org.asynchttpclient.netty.handler.HttpHandler - 

Request DefaultHttpRequest(decodeResult: success, version: HTTP/1.1)
POST /session/0bb30766d33233cd0c391ffe3474eb89/element/B5414AC479D14FDFC445293CDA77F6DF_element_5/click HTTP/1.1
User-Agent: selenium/4.7.1 (java windows)
Content-Length: 56
Content-Type: application/json; charset=utf-8
host: localhost:25645
accept: */*

Response DefaultHttpResponse(decodeResult: success, version: HTTP/1.1)
HTTP/1.1 200 OK
Content-Type: application/json; charset=utf-8
cache-control: no-cache
content-length: 14

15:26:10.255 [AsyncHttpClient-1-2] DEBUG org.asynchttpclient.netty.channel.ChannelManager - Adding key: http://localhost:25645 for channel [id: 0x3265d1e0, L:/127.0.0.1:57707 - R:localhost/127.0.0.1:25645]
15:26:10.277 [Forwarding getCurrentWindowHandle on session 0bb30766d33233cd0c391ffe3474eb89 to remote] DEBUG org.asynchttpclient.netty.request.NettyRequestSender - Using pooled Channel '[id: 0x3265d1e0, L:/127.0.0.1:57707 - R:localhost/127.0.0.1:25645]' for 'GET' to 'http://localhost:25645/session/0bb30766d33233cd0c391ffe3474eb89/window'
15:26:10.277 [Forwarding getCurrentWindowHandle on session 0bb30766d33233cd0c391ffe3474eb89 to remote] DEBUG org.asynchttpclient.netty.request.NettyRequestSender - Using open Channel [id: 0x3265d1e0, L:/127.0.0.1:57707 - R:localhost/127.0.0.1:25645] for GET '/session/0bb30766d33233cd0c391ffe3474eb89/window'
15:26:10.279 [AsyncHttpClient-1-2] DEBUG org.asynchttpclient.netty.handler.HttpHandler - 

Request DefaultFullHttpRequest(decodeResult: success, version: HTTP/1.1, content: EmptyByteBufBE)
GET /session/0bb30766d33233cd0c391ffe3474eb89/window HTTP/1.1
User-Agent: selenium/4.7.1 (java windows)
Cache-Control: no-cache
Content-Type: application/json; charset=utf-8
host: localhost:25645
accept: */*

Response DefaultHttpResponse(decodeResult: success, version: HTTP/1.1)
HTTP/1.1 200 OK
Content-Type: application/json; charset=utf-8
cache-control: no-cache
content-length: 44

15:26:10.279 [AsyncHttpClient-1-2] DEBUG org.asynchttpclient.netty.channel.ChannelManager - Adding key: http://localhost:25645 for channel [id: 0x3265d1e0, L:/127.0.0.1:57707 - R:localhost/127.0.0.1:25645]
15:26:10.283 [Forwarding getAlertText on session 0bb30766d33233cd0c391ffe3474eb89 to remote] DEBUG org.asynchttpclient.netty.request.NettyRequestSender - Using pooled Channel '[id: 0x3265d1e0, L:/127.0.0.1:57707 - R:localhost/127.0.0.1:25645]' for 'GET' to 'http://localhost:25645/session/0bb30766d33233cd0c391ffe3474eb89/alert/text'
15:26:10.283 [Forwarding getAlertText on session 0bb30766d33233cd0c391ffe3474eb89 to remote] DEBUG org.asynchttpclient.netty.request.NettyRequestSender - Using open Channel [id: 0x3265d1e0, L:/127.0.0.1:57707 - R:localhost/127.0.0.1:25645] for GET '/session/0bb30766d33233cd0c391ffe3474eb89/alert/text'
15:26:10.516 [AsyncHttpClient-1-2] DEBUG org.asynchttpclient.netty.handler.HttpHandler - 

Request DefaultFullHttpRequest(decodeResult: success, version: HTTP/1.1, content: EmptyByteBufBE)
GET /session/0bb30766d33233cd0c391ffe3474eb89/alert/text HTTP/1.1
User-Agent: selenium/4.7.1 (java windows)
Cache-Control: no-cache
Content-Type: application/json; charset=utf-8
host: localhost:25645
accept: */*

Response DefaultHttpResponse(decodeResult: success, version: HTTP/1.1)
HTTP/1.1 404 Not Found
Content-Type: application/json; charset=utf-8
cache-control: no-cache
content-length: 820

15:26:10.517 [AsyncHttpClient-1-2] DEBUG org.asynchttpclient.netty.channel.ChannelManager - Adding key: http://localhost:25645 for channel [id: 0x3265d1e0, L:/127.0.0.1:57707 - R:localhost/127.0.0.1:25645]
15:26:10.520 [Forwarding switchToWindow on session 0bb30766d33233cd0c391ffe3474eb89 to remote] DEBUG org.asynchttpclient.netty.request.NettyRequestSender - Using pooled Channel '[id: 0x3265d1e0, L:/127.0.0.1:57707 - R:localhost/127.0.0.1:25645]' for 'POST' to 'http://localhost:25645/session/0bb30766d33233cd0c391ffe3474eb89/window'
15:26:10.520 [Forwarding switchToWindow on session 0bb30766d33233cd0c391ffe3474eb89 to remote] DEBUG org.asynchttpclient.netty.request.NettyRequestSender - Using open Channel [id: 0x3265d1e0, L:/127.0.0.1:57707 - R:localhost/127.0.0.1:25645] for POST '/session/0bb30766d33233cd0c391ffe3474eb89/window'
15:26:10.524 [AsyncHttpClient-1-2] DEBUG org.asynchttpclient.netty.handler.HttpHandler - 

Request DefaultHttpRequest(decodeResult: success, version: HTTP/1.1)
POST /session/0bb30766d33233cd0c391ffe3474eb89/window HTTP/1.1
User-Agent: selenium/4.7.1 (java windows)
Content-Length: 50
Content-Type: application/json; charset=utf-8
host: localhost:25645
accept: */*

Response DefaultHttpResponse(decodeResult: success, version: HTTP/1.1)
HTTP/1.1 200 OK
Content-Type: application/json; charset=utf-8
cache-control: no-cache
content-length: 14

15:26:10.525 [AsyncHttpClient-1-2] DEBUG org.asynchttpclient.netty.channel.ChannelManager - Adding key: http://localhost:25645 for channel [id: 0x3265d1e0, L:/127.0.0.1:57707 - R:localhost/127.0.0.1:25645]
15:26:10.527 [Forwarding getCurrentUrl on session 0bb30766d33233cd0c391ffe3474eb89 to remote] DEBUG org.asynchttpclient.netty.request.NettyRequestSender - Using pooled Channel '[id: 0x3265d1e0, L:/127.0.0.1:57707 - R:localhost/127.0.0.1:25645]' for 'GET' to 'http://localhost:25645/session/0bb30766d33233cd0c391ffe3474eb89/url'
15:26:10.527 [Forwarding getCurrentUrl on session 0bb30766d33233cd0c391ffe3474eb89 to remote] DEBUG org.asynchttpclient.netty.request.NettyRequestSender - Using open Channel [id: 0x3265d1e0, L:/127.0.0.1:57707 - R:localhost/127.0.0.1:25645] for GET '/session/0bb30766d33233cd0c391ffe3474eb89/url'
15:26:10.532 [AsyncHttpClient-1-2] DEBUG org.asynchttpclient.netty.handler.HttpHandler - 

Request DefaultFullHttpRequest(decodeResult: success, version: HTTP/1.1, content: EmptyByteBufBE)
GET /session/0bb30766d33233cd0c391ffe3474eb89/url HTTP/1.1
User-Agent: selenium/4.7.1 (java windows)
Cache-Control: no-cache
Content-Type: application/json; charset=utf-8
host: localhost:25645
accept: */*

Response DefaultHttpResponse(decodeResult: success, version: HTTP/1.1)
HTTP/1.1 200 OK
Content-Type: application/json; charset=utf-8
cache-control: no-cache
content-length: 51

15:26:10.532 [AsyncHttpClient-1-2] DEBUG org.asynchttpclient.netty.channel.ChannelManager - Adding key: http://localhost:25645 for channel [id: 0x3265d1e0, L:/127.0.0.1:57707 - R:localhost/127.0.0.1:25645]
15:26:10.534 [Forwarding screenshot on session 0bb30766d33233cd0c391ffe3474eb89 to remote] DEBUG org.asynchttpclient.netty.request.NettyRequestSender - Using pooled Channel '[id: 0x3265d1e0, L:/127.0.0.1:57707 - R:localhost/127.0.0.1:25645]' for 'GET' to 'http://localhost:25645/session/0bb30766d33233cd0c391ffe3474eb89/screenshot'
15:26:10.534 [Forwarding screenshot on session 0bb30766d33233cd0c391ffe3474eb89 to remote] DEBUG org.asynchttpclient.netty.request.NettyRequestSender - Using open Channel [id: 0x3265d1e0, L:/127.0.0.1:57707 - R:localhost/127.0.0.1:25645] for GET '/session/0bb30766d33233cd0c391ffe3474eb89/screenshot'
15:26:10.609 [AsyncHttpClient-1-2] DEBUG org.asynchttpclient.netty.handler.HttpHandler - 

Request DefaultFullHttpRequest(decodeResult: success, version: HTTP/1.1, content: EmptyByteBufBE)
GET /session/0bb30766d33233cd0c391ffe3474eb89/screenshot HTTP/1.1
User-Agent: selenium/4.7.1 (java windows)
Cache-Control: no-cache
Content-Type: application/json; charset=utf-8
host: localhost:25645
accept: */*

Response DefaultHttpResponse(decodeResult: success, version: HTTP/1.1)
HTTP/1.1 200 OK
Content-Type: application/json; charset=utf-8
cache-control: no-cache
content-length: 26172

15:26:10.610 [AsyncHttpClient-1-2] DEBUG org.asynchttpclient.netty.channel.ChannelManager - Adding key: http://localhost:25645 for channel [id: 0x3265d1e0, L:/127.0.0.1:57707 - R:localhost/127.0.0.1:25645]
15:26:10.613 [main] DEBUG net.serenitybdd.core.photography.Darkroom - Send negative for processing for target\site\serenity\f035198f28bcaf95684f4b1a3b9e5d031fc0873bb044f55c4913aef571773aa0.png
15:26:10.614 [main] DEBUG net.thucydides.core.steps.StepInterceptor - STEP DONE: klikButtonLogin
15:26:10.614 [Darkroom Processing Line] DEBUG net.serenitybdd.core.photography.DarkroomProcessingLine - Processing screenshot image in /var/screenshots/screenshot-7904221769565664306
15:26:10.614 [Darkroom Processing Line] DEBUG net.serenitybdd.core.photography.DarkroomProcessingLine - Saving screenshot to target\site\serenity\f035198f28bcaf95684f4b1a3b9e5d031fc0873bb044f55c4913aef571773aa0.png
  &amp#27;[32mWhen &amp#27;[0m&amp#27;[32muser klik button login&amp#27;[0m                                  &amp#27;[90m# starter.stepdefinitions.LoginSteps.userKlikButtonLogin()&amp#27;[0m
15:26:10.635 [main] DEBUG net.thucydides.core.steps.StepInterceptor - STARTING STEP: LoginSteps.userInputEmail - inputEmail
15:26:10.642 [Forwarding findElement on session 0bb30766d33233cd0c391ffe3474eb89 to remote] DEBUG org.asynchttpclient.netty.request.NettyRequestSender - Using pooled Channel '[id: 0x3265d1e0, L:/127.0.0.1:57707 - R:localhost/127.0.0.1:25645]' for 'POST' to 'http://localhost:25645/session/0bb30766d33233cd0c391ffe3474eb89/element'
15:26:10.642 [Forwarding findElement on session 0bb30766d33233cd0c391ffe3474eb89 to remote] DEBUG org.asynchttpclient.netty.request.NettyRequestSender - Using open Channel [id: 0x3265d1e0, L:/127.0.0.1:57707 - R:localhost/127.0.0.1:25645] for POST '/session/0bb30766d33233cd0c391ffe3474eb89/element'
15:26:10.659 [AsyncHttpClient-1-2] DEBUG org.asynchttpclient.netty.handler.HttpHandler - 

Request DefaultHttpRequest(decodeResult: success, version: HTTP/1.1)
POST /session/0bb30766d33233cd0c391ffe3474eb89/element HTTP/1.1
User-Agent: selenium/4.7.1 (java windows)
Content-Length: 187
Content-Type: application/json; charset=utf-8
host: localhost:25645
accept: */*

Response DefaultHttpResponse(decodeResult: success, version: HTTP/1.1)
HTTP/1.1 200 OK
Content-Type: application/json; charset=utf-8
cache-control: no-cache
content-length: 94

15:26:10.659 [AsyncHttpClient-1-2] DEBUG org.asynchttpclient.netty.channel.ChannelManager - Adding key: http://localhost:25645 for channel [id: 0x3265d1e0, L:/127.0.0.1:57707 - R:localhost/127.0.0.1:25645]
15:26:10.661 [Forwarding clearElement on session 0bb30766d33233cd0c391ffe3474eb89 to remote] DEBUG org.asynchttpclient.netty.request.NettyRequestSender - Using pooled Channel '[id: 0x3265d1e0, L:/127.0.0.1:57707 - R:localhost/127.0.0.1:25645]' for 'POST' to 'http://localhost:25645/session/0bb30766d33233cd0c391ffe3474eb89/element/B5414AC479D14FDFC445293CDA77F6DF_element_8/clear'
15:26:10.661 [Forwarding clearElement on session 0bb30766d33233cd0c391ffe3474eb89 to remote] DEBUG org.asynchttpclient.netty.request.NettyRequestSender - Using open Channel [id: 0x3265d1e0, L:/127.0.0.1:57707 - R:localhost/127.0.0.1:25645] for POST '/session/0bb30766d33233cd0c391ffe3474eb89/element/B5414AC479D14FDFC445293CDA77F6DF_element_8/clear'
15:26:10.700 [AsyncHttpClient-1-2] DEBUG org.asynchttpclient.netty.handler.HttpHandler - 

Request DefaultHttpRequest(decodeResult: success, version: HTTP/1.1)
POST /session/0bb30766d33233cd0c391ffe3474eb89/element/B5414AC479D14FDFC445293CDA77F6DF_element_8/clear HTTP/1.1
User-Agent: selenium/4.7.1 (java windows)
Content-Length: 56
Content-Type: application/json; charset=utf-8
host: localhost:25645
accept: */*

Response DefaultHttpResponse(decodeResult: success, version: HTTP/1.1)
HTTP/1.1 200 OK
Content-Type: application/json; charset=utf-8
cache-control: no-cache
content-length: 14

15:26:10.701 [AsyncHttpClient-1-2] DEBUG org.asynchttpclient.netty.channel.ChannelManager - Adding key: http://localhost:25645 for channel [id: 0x3265d1e0, L:/127.0.0.1:57707 - R:localhost/127.0.0.1:25645]
15:26:10.707 [Forwarding sendKeysToElement on session 0bb30766d33233cd0c391ffe3474eb89 to remote] DEBUG org.asynchttpclient.netty.request.NettyRequestSender - Using pooled Channel '[id: 0x3265d1e0, L:/127.0.0.1:57707 - R:localhost/127.0.0.1:25645]' for 'POST' to 'http://localhost:25645/session/0bb30766d33233cd0c391ffe3474eb89/element/B5414AC479D14FDFC445293CDA77F6DF_element_8/value'
15:26:10.707 [Forwarding sendKeysToElement on session 0bb30766d33233cd0c391ffe3474eb89 to remote] DEBUG org.asynchttpclient.netty.request.NettyRequestSender - Using open Channel [id: 0x3265d1e0, L:/127.0.0.1:57707 - R:localhost/127.0.0.1:25645] for POST '/session/0bb30766d33233cd0c391ffe3474eb89/element/B5414AC479D14FDFC445293CDA77F6DF_element_8/value'
15:26:10.750 [AsyncHttpClient-1-1] DEBUG org.asynchttpclient.netty.channel.DefaultChannelPool - Entry count for : http://localhost:57708 : 1
15:26:11.021 [AsyncHttpClient-1-2] DEBUG org.asynchttpclient.netty.handler.HttpHandler - 

Request DefaultHttpRequest(decodeResult: success, version: HTTP/1.1)
POST /session/0bb30766d33233cd0c391ffe3474eb89/element/B5414AC479D14FDFC445293CDA77F6DF_element_8/value HTTP/1.1
User-Agent: selenium/4.7.1 (java windows)
Content-Length: 367
Content-Type: application/json; charset=utf-8
host: localhost:25645
accept: */*

Response DefaultHttpResponse(decodeResult: success, version: HTTP/1.1)
HTTP/1.1 200 OK
Content-Type: application/json; charset=utf-8
cache-control: no-cache
content-length: 14

15:26:11.022 [AsyncHttpClient-1-2] DEBUG org.asynchttpclient.netty.channel.ChannelManager - Adding key: http://localhost:25645 for channel [id: 0x3265d1e0, L:/127.0.0.1:57707 - R:localhost/127.0.0.1:25645]
15:26:11.038 [Forwarding getCurrentWindowHandle on session 0bb30766d33233cd0c391ffe3474eb89 to remote] DEBUG org.asynchttpclient.netty.request.NettyRequestSender - Using pooled Channel '[id: 0x3265d1e0, L:/127.0.0.1:57707 - R:localhost/127.0.0.1:25645]' for 'GET' to 'http://localhost:25645/session/0bb30766d33233cd0c391ffe3474eb89/window'
15:26:11.038 [Forwarding getCurrentWindowHandle on session 0bb30766d33233cd0c391ffe3474eb89 to remote] DEBUG org.asynchttpclient.netty.request.NettyRequestSender - Using open Channel [id: 0x3265d1e0, L:/127.0.0.1:57707 - R:localhost/127.0.0.1:25645] for GET '/session/0bb30766d33233cd0c391ffe3474eb89/window'
15:26:11.042 [AsyncHttpClient-1-2] DEBUG org.asynchttpclient.netty.handler.HttpHandler - 

Request DefaultFullHttpRequest(decodeResult: success, version: HTTP/1.1, content: EmptyByteBufBE)
GET /session/0bb30766d33233cd0c391ffe3474eb89/window HTTP/1.1
User-Agent: selenium/4.7.1 (java windows)
Cache-Control: no-cache
Content-Type: application/json; charset=utf-8
host: localhost:25645
accept: */*

Response DefaultHttpResponse(decodeResult: success, version: HTTP/1.1)
HTTP/1.1 200 OK
Content-Type: application/json; charset=utf-8
cache-control: no-cache
content-length: 44

15:26:11.042 [AsyncHttpClient-1-2] DEBUG org.asynchttpclient.netty.channel.ChannelManager - Adding key: http://localhost:25645 for channel [id: 0x3265d1e0, L:/127.0.0.1:57707 - R:localhost/127.0.0.1:25645]
15:26:11.045 [Forwarding getAlertText on session 0bb30766d33233cd0c391ffe3474eb89 to remote] DEBUG org.asynchttpclient.netty.request.NettyRequestSender - Using pooled Channel '[id: 0x3265d1e0, L:/127.0.0.1:57707 - R:localhost/127.0.0.1:25645]' for 'GET' to 'http://localhost:25645/session/0bb30766d33233cd0c391ffe3474eb89/alert/text'
15:26:11.045 [Forwarding getAlertText on session 0bb30766d33233cd0c391ffe3474eb89 to remote] DEBUG org.asynchttpclient.netty.request.NettyRequestSender - Using open Channel [id: 0x3265d1e0, L:/127.0.0.1:57707 - R:localhost/127.0.0.1:25645] for GET '/session/0bb30766d33233cd0c391ffe3474eb89/alert/text'
15:26:11.048 [AsyncHttpClient-1-2] DEBUG org.asynchttpclient.netty.handler.HttpHandler - 

Request DefaultFullHttpRequest(decodeResult: success, version: HTTP/1.1, content: EmptyByteBufBE)
GET /session/0bb30766d33233cd0c391ffe3474eb89/alert/text HTTP/1.1
User-Agent: selenium/4.7.1 (java windows)
Cache-Control: no-cache
Content-Type: application/json; charset=utf-8
host: localhost:25645
accept: */*

Response DefaultHttpResponse(decodeResult: success, version: HTTP/1.1)
HTTP/1.1 404 Not Found
Content-Type: application/json; charset=utf-8
cache-control: no-cache
content-length: 820

15:26:11.048 [AsyncHttpClient-1-2] DEBUG org.asynchttpclient.netty.channel.ChannelManager - Adding key: http://localhost:25645 for channel [id: 0x3265d1e0, L:/127.0.0.1:57707 - R:localhost/127.0.0.1:25645]
15:26:11.052 [Forwarding switchToWindow on session 0bb30766d33233cd0c391ffe3474eb89 to remote] DEBUG org.asynchttpclient.netty.request.NettyRequestSender - Using pooled Channel '[id: 0x3265d1e0, L:/127.0.0.1:57707 - R:localhost/127.0.0.1:25645]' for 'POST' to 'http://localhost:25645/session/0bb30766d33233cd0c391ffe3474eb89/window'
15:26:11.052 [Forwarding switchToWindow on session 0bb30766d33233cd0c391ffe3474eb89 to remote] DEBUG org.asynchttpclient.netty.request.NettyRequestSender - Using open Channel [id: 0x3265d1e0, L:/127.0.0.1:57707 - R:localhost/127.0.0.1:25645] for POST '/session/0bb30766d33233cd0c391ffe3474eb89/window'
15:26:11.055 [AsyncHttpClient-1-2] DEBUG org.asynchttpclient.netty.handler.HttpHandler - 

Request DefaultHttpRequest(decodeResult: success, version: HTTP/1.1)
POST /session/0bb30766d33233cd0c391ffe3474eb89/window HTTP/1.1
User-Agent: selenium/4.7.1 (java windows)
Content-Length: 50
Content-Type: application/json; charset=utf-8
host: localhost:25645
accept: */*

Response DefaultHttpResponse(decodeResult: success, version: HTTP/1.1)
HTTP/1.1 200 OK
Content-Type: application/json; charset=utf-8
cache-control: no-cache
content-length: 14

15:26:11.055 [AsyncHttpClient-1-2] DEBUG org.asynchttpclient.netty.channel.ChannelManager - Adding key: http://localhost:25645 for channel [id: 0x3265d1e0, L:/127.0.0.1:57707 - R:localhost/127.0.0.1:25645]
15:26:11.057 [Forwarding getCurrentUrl on session 0bb30766d33233cd0c391ffe3474eb89 to remote] DEBUG org.asynchttpclient.netty.request.NettyRequestSender - Using pooled Channel '[id: 0x3265d1e0, L:/127.0.0.1:57707 - R:localhost/127.0.0.1:25645]' for 'GET' to 'http://localhost:25645/session/0bb30766d33233cd0c391ffe3474eb89/url'
15:26:11.058 [Forwarding getCurrentUrl on session 0bb30766d33233cd0c391ffe3474eb89 to remote] DEBUG org.asynchttpclient.netty.request.NettyRequestSender - Using open Channel [id: 0x3265d1e0, L:/127.0.0.1:57707 - R:localhost/127.0.0.1:25645] for GET '/session/0bb30766d33233cd0c391ffe3474eb89/url'
15:26:11.064 [AsyncHttpClient-1-2] DEBUG org.asynchttpclient.netty.handler.HttpHandler - 

Request DefaultFullHttpRequest(decodeResult: success, version: HTTP/1.1, content: EmptyByteBufBE)
GET /session/0bb30766d33233cd0c391ffe3474eb89/url HTTP/1.1
User-Agent: selenium/4.7.1 (java windows)
Cache-Control: no-cache
Content-Type: application/json; charset=utf-8
host: localhost:25645
accept: */*

Response DefaultHttpResponse(decodeResult: success, version: HTTP/1.1)
HTTP/1.1 200 OK
Content-Type: application/json; charset=utf-8
cache-control: no-cache
content-length: 51

15:26:11.064 [AsyncHttpClient-1-2] DEBUG org.asynchttpclient.netty.channel.ChannelManager - Adding key: http://localhost:25645 for channel [id: 0x3265d1e0, L:/127.0.0.1:57707 - R:localhost/127.0.0.1:25645]
15:26:11.065 [Forwarding screenshot on session 0bb30766d33233cd0c391ffe3474eb89 to remote] DEBUG org.asynchttpclient.netty.request.NettyRequestSender - Using pooled Channel '[id: 0x3265d1e0, L:/127.0.0.1:57707 - R:localhost/127.0.0.1:25645]' for 'GET' to 'http://localhost:25645/session/0bb30766d33233cd0c391ffe3474eb89/screenshot'
15:26:11.066 [Forwarding screenshot on session 0bb30766d33233cd0c391ffe3474eb89 to remote] DEBUG org.asynchttpclient.netty.request.NettyRequestSender - Using open Channel [id: 0x3265d1e0, L:/127.0.0.1:57707 - R:localhost/127.0.0.1:25645] for GET '/session/0bb30766d33233cd0c391ffe3474eb89/screenshot'
15:26:11.180 [AsyncHttpClient-1-2] DEBUG org.asynchttpclient.netty.handler.HttpHandler - 

Request DefaultFullHttpRequest(decodeResult: success, version: HTTP/1.1, content: EmptyByteBufBE)
GET /session/0bb30766d33233cd0c391ffe3474eb89/screenshot HTTP/1.1
User-Agent: selenium/4.7.1 (java windows)
Cache-Control: no-cache
Content-Type: application/json; charset=utf-8
host: localhost:25645
accept: */*

Response DefaultHttpResponse(decodeResult: success, version: HTTP/1.1)
HTTP/1.1 200 OK
Content-Type: application/json; charset=utf-8
cache-control: no-cache
content-length: 31264

15:26:11.181 [AsyncHttpClient-1-2] DEBUG org.asynchttpclient.netty.channel.ChannelManager - Adding key: http://localhost:25645 for channel [id: 0x3265d1e0, L:/127.0.0.1:57707 - R:localhost/127.0.0.1:25645]
15:26:11.184 [main] DEBUG net.serenitybdd.core.photography.Darkroom - Send negative for processing for target\site\serenity\90e4ac704956971e695baa4c235f0a8702d3d70f0146b0cb6efdebdbeb12c06d.png
15:26:11.184 [main] DEBUG net.thucydides.core.steps.StepInterceptor - STEP DONE: inputEmail
15:26:11.184 [Darkroom Processing Line] DEBUG net.serenitybdd.core.photography.DarkroomProcessingLine - Processing screenshot image in /var/screenshots/screenshot-11318922753901927522
15:26:11.184 [Darkroom Processing Line] DEBUG net.serenitybdd.core.photography.DarkroomProcessingLine - Saving screenshot to target\site\serenity\90e4ac704956971e695baa4c235f0a8702d3d70f0146b0cb6efdebdbeb12c06d.png
  &amp#27;[32mAnd &amp#27;[0m&amp#27;[32muser input email&amp#27;[0m                                         &amp#27;[90m# starter.stepdefinitions.LoginSteps.userInputEmail()&amp#27;[0m
15:26:11.200 [main] DEBUG net.thucydides.core.steps.StepInterceptor - STARTING STEP: LoginSteps.userInputPassword - inputPassword
15:26:11.204 [Forwarding findElement on session 0bb30766d33233cd0c391ffe3474eb89 to remote] DEBUG org.asynchttpclient.netty.request.NettyRequestSender - Using pooled Channel '[id: 0x3265d1e0, L:/127.0.0.1:57707 - R:localhost/127.0.0.1:25645]' for 'POST' to 'http://localhost:25645/session/0bb30766d33233cd0c391ffe3474eb89/element'
15:26:11.204 [Forwarding findElement on session 0bb30766d33233cd0c391ffe3474eb89 to remote] DEBUG org.asynchttpclient.netty.request.NettyRequestSender - Using open Channel [id: 0x3265d1e0, L:/127.0.0.1:57707 - R:localhost/127.0.0.1:25645] for POST '/session/0bb30766d33233cd0c391ffe3474eb89/element'
15:26:11.220 [AsyncHttpClient-1-2] DEBUG org.asynchttpclient.netty.handler.HttpHandler - 

Request DefaultHttpRequest(decodeResult: success, version: HTTP/1.1)
POST /session/0bb30766d33233cd0c391ffe3474eb89/element HTTP/1.1
User-Agent: selenium/4.7.1 (java windows)
Content-Length: 187
Content-Type: application/json; charset=utf-8
host: localhost:25645
accept: */*

Response DefaultHttpResponse(decodeResult: success, version: HTTP/1.1)
HTTP/1.1 200 OK
Content-Type: application/json; charset=utf-8
cache-control: no-cache
content-length: 95

15:26:11.220 [AsyncHttpClient-1-2] DEBUG org.asynchttpclient.netty.channel.ChannelManager - Adding key: http://localhost:25645 for channel [id: 0x3265d1e0, L:/127.0.0.1:57707 - R:localhost/127.0.0.1:25645]
15:26:11.223 [Forwarding clearElement on session 0bb30766d33233cd0c391ffe3474eb89 to remote] DEBUG org.asynchttpclient.netty.request.NettyRequestSender - Using pooled Channel '[id: 0x3265d1e0, L:/127.0.0.1:57707 - R:localhost/127.0.0.1:25645]' for 'POST' to 'http://localhost:25645/session/0bb30766d33233cd0c391ffe3474eb89/element/B5414AC479D14FDFC445293CDA77F6DF_element_12/clear'
15:26:11.223 [Forwarding clearElement on session 0bb30766d33233cd0c391ffe3474eb89 to remote] DEBUG org.asynchttpclient.netty.request.NettyRequestSender - Using open Channel [id: 0x3265d1e0, L:/127.0.0.1:57707 - R:localhost/127.0.0.1:25645] for POST '/session/0bb30766d33233cd0c391ffe3474eb89/element/B5414AC479D14FDFC445293CDA77F6DF_element_12/clear'
15:26:11.261 [AsyncHttpClient-1-2] DEBUG org.asynchttpclient.netty.handler.HttpHandler - 

Request DefaultHttpRequest(decodeResult: success, version: HTTP/1.1)
POST /session/0bb30766d33233cd0c391ffe3474eb89/element/B5414AC479D14FDFC445293CDA77F6DF_element_12/clear HTTP/1.1
User-Agent: selenium/4.7.1 (java windows)
Content-Length: 57
Content-Type: application/json; charset=utf-8
host: localhost:25645
accept: */*

Response DefaultHttpResponse(decodeResult: success, version: HTTP/1.1)
HTTP/1.1 200 OK
Content-Type: application/json; charset=utf-8
cache-control: no-cache
content-length: 14

15:26:11.261 [AsyncHttpClient-1-2] DEBUG org.asynchttpclient.netty.channel.ChannelManager - Adding key: http://localhost:25645 for channel [id: 0x3265d1e0, L:/127.0.0.1:57707 - R:localhost/127.0.0.1:25645]
15:26:11.264 [Forwarding sendKeysToElement on session 0bb30766d33233cd0c391ffe3474eb89 to remote] DEBUG org.asynchttpclient.netty.request.NettyRequestSender - Using pooled Channel '[id: 0x3265d1e0, L:/127.0.0.1:57707 - R:localhost/127.0.0.1:25645]' for 'POST' to 'http://localhost:25645/session/0bb30766d33233cd0c391ffe3474eb89/element/B5414AC479D14FDFC445293CDA77F6DF_element_12/value'
15:26:11.264 [Forwarding sendKeysToElement on session 0bb30766d33233cd0c391ffe3474eb89 to remote] DEBUG org.asynchttpclient.netty.request.NettyRequestSender - Using open Channel [id: 0x3265d1e0, L:/127.0.0.1:57707 - R:localhost/127.0.0.1:25645] for POST '/session/0bb30766d33233cd0c391ffe3474eb89/element/B5414AC479D14FDFC445293CDA77F6DF_element_12/value'
15:26:11.353 [AsyncHttpClient-1-2] DEBUG org.asynchttpclient.netty.handler.HttpHandler - 

Request DefaultHttpRequest(decodeResult: success, version: HTTP/1.1)
POST /session/0bb30766d33233cd0c391ffe3474eb89/element/B5414AC479D14FDFC445293CDA77F6DF_element_12/value HTTP/1.1
User-Agent: selenium/4.7.1 (java windows)
Content-Length: 118
Content-Type: application/json; charset=utf-8
host: localhost:25645
accept: */*

Response DefaultHttpResponse(decodeResult: success, version: HTTP/1.1)
HTTP/1.1 200 OK
Content-Type: application/json; charset=utf-8
cache-control: no-cache
content-length: 14

15:26:11.354 [AsyncHttpClient-1-2] DEBUG org.asynchttpclient.netty.channel.ChannelManager - Adding key: http://localhost:25645 for channel [id: 0x3265d1e0, L:/127.0.0.1:57707 - R:localhost/127.0.0.1:25645]
15:26:11.368 [Forwarding getCurrentWindowHandle on session 0bb30766d33233cd0c391ffe3474eb89 to remote] DEBUG org.asynchttpclient.netty.request.NettyRequestSender - Using pooled Channel '[id: 0x3265d1e0, L:/127.0.0.1:57707 - R:localhost/127.0.0.1:25645]' for 'GET' to 'http://localhost:25645/session/0bb30766d33233cd0c391ffe3474eb89/window'
15:26:11.368 [Forwarding getCurrentWindowHandle on session 0bb30766d33233cd0c391ffe3474eb89 to remote] DEBUG org.asynchttpclient.netty.request.NettyRequestSender - Using open Channel [id: 0x3265d1e0, L:/127.0.0.1:57707 - R:localhost/127.0.0.1:25645] for GET '/session/0bb30766d33233cd0c391ffe3474eb89/window'
15:26:11.369 [AsyncHttpClient-1-2] DEBUG org.asynchttpclient.netty.handler.HttpHandler - 

Request DefaultFullHttpRequest(decodeResult: success, version: HTTP/1.1, content: EmptyByteBufBE)
GET /session/0bb30766d33233cd0c391ffe3474eb89/window HTTP/1.1
User-Agent: selenium/4.7.1 (java windows)
Cache-Control: no-cache
Content-Type: application/json; charset=utf-8
host: localhost:25645
accept: */*

Response DefaultHttpResponse(decodeResult: success, version: HTTP/1.1)
HTTP/1.1 200 OK
Content-Type: application/json; charset=utf-8
cache-control: no-cache
content-length: 44

15:26:11.370 [AsyncHttpClient-1-2] DEBUG org.asynchttpclient.netty.channel.ChannelManager - Adding key: http://localhost:25645 for channel [id: 0x3265d1e0, L:/127.0.0.1:57707 - R:localhost/127.0.0.1:25645]
15:26:11.372 [Forwarding getAlertText on session 0bb30766d33233cd0c391ffe3474eb89 to remote] DEBUG org.asynchttpclient.netty.request.NettyRequestSender - Using pooled Channel '[id: 0x3265d1e0, L:/127.0.0.1:57707 - R:localhost/127.0.0.1:25645]' for 'GET' to 'http://localhost:25645/session/0bb30766d33233cd0c391ffe3474eb89/alert/text'
15:26:11.373 [Forwarding getAlertText on session 0bb30766d33233cd0c391ffe3474eb89 to remote] DEBUG org.asynchttpclient.netty.request.NettyRequestSender - Using open Channel [id: 0x3265d1e0, L:/127.0.0.1:57707 - R:localhost/127.0.0.1:25645] for GET '/session/0bb30766d33233cd0c391ffe3474eb89/alert/text'
15:26:11.379 [AsyncHttpClient-1-2] DEBUG org.asynchttpclient.netty.handler.HttpHandler - 

Request DefaultFullHttpRequest(decodeResult: success, version: HTTP/1.1, content: EmptyByteBufBE)
GET /session/0bb30766d33233cd0c391ffe3474eb89/alert/text HTTP/1.1
User-Agent: selenium/4.7.1 (java windows)
Cache-Control: no-cache
Content-Type: application/json; charset=utf-8
host: localhost:25645
accept: */*

Response DefaultHttpResponse(decodeResult: success, version: HTTP/1.1)
HTTP/1.1 404 Not Found
Content-Type: application/json; charset=utf-8
cache-control: no-cache
content-length: 820

15:26:11.379 [AsyncHttpClient-1-2] DEBUG org.asynchttpclient.netty.channel.ChannelManager - Adding key: http://localhost:25645 for channel [id: 0x3265d1e0, L:/127.0.0.1:57707 - R:localhost/127.0.0.1:25645]
15:26:11.384 [Forwarding switchToWindow on session 0bb30766d33233cd0c391ffe3474eb89 to remote] DEBUG org.asynchttpclient.netty.request.NettyRequestSender - Using pooled Channel '[id: 0x3265d1e0, L:/127.0.0.1:57707 - R:localhost/127.0.0.1:25645]' for 'POST' to 'http://localhost:25645/session/0bb30766d33233cd0c391ffe3474eb89/window'
15:26:11.384 [Forwarding switchToWindow on session 0bb30766d33233cd0c391ffe3474eb89 to remote] DEBUG org.asynchttpclient.netty.request.NettyRequestSender - Using open Channel [id: 0x3265d1e0, L:/127.0.0.1:57707 - R:localhost/127.0.0.1:25645] for POST '/session/0bb30766d33233cd0c391ffe3474eb89/window'
15:26:11.387 [AsyncHttpClient-1-2] DEBUG org.asynchttpclient.netty.handler.HttpHandler - 

Request DefaultHttpRequest(decodeResult: success, version: HTTP/1.1)
POST /session/0bb30766d33233cd0c391ffe3474eb89/window HTTP/1.1
User-Agent: selenium/4.7.1 (java windows)
Content-Length: 50
Content-Type: application/json; charset=utf-8
host: localhost:25645
accept: */*

Response DefaultHttpResponse(decodeResult: success, version: HTTP/1.1)
HTTP/1.1 200 OK
Content-Type: application/json; charset=utf-8
cache-control: no-cache
content-length: 14

15:26:11.388 [AsyncHttpClient-1-2] DEBUG org.asynchttpclient.netty.channel.ChannelManager - Adding key: http://localhost:25645 for channel [id: 0x3265d1e0, L:/127.0.0.1:57707 - R:localhost/127.0.0.1:25645]
15:26:11.392 [Forwarding getCurrentUrl on session 0bb30766d33233cd0c391ffe3474eb89 to remote] DEBUG org.asynchttpclient.netty.request.NettyRequestSender - Using pooled Channel '[id: 0x3265d1e0, L:/127.0.0.1:57707 - R:localhost/127.0.0.1:25645]' for 'GET' to 'http://localhost:25645/session/0bb30766d33233cd0c391ffe3474eb89/url'
15:26:11.392 [Forwarding getCurrentUrl on session 0bb30766d33233cd0c391ffe3474eb89 to remote] DEBUG org.asynchttpclient.netty.request.NettyRequestSender - Using open Channel [id: 0x3265d1e0, L:/127.0.0.1:57707 - R:localhost/127.0.0.1:25645] for GET '/session/0bb30766d33233cd0c391ffe3474eb89/url'
15:26:11.400 [AsyncHttpClient-1-2] DEBUG org.asynchttpclient.netty.handler.HttpHandler - 

Request DefaultFullHttpRequest(decodeResult: success, version: HTTP/1.1, content: EmptyByteBufBE)
GET /session/0bb30766d33233cd0c391ffe3474eb89/url HTTP/1.1
User-Agent: selenium/4.7.1 (java windows)
Cache-Control: no-cache
Content-Type: application/json; charset=utf-8
host: localhost:25645
accept: */*

Response DefaultHttpResponse(decodeResult: success, version: HTTP/1.1)
HTTP/1.1 200 OK
Content-Type: application/json; charset=utf-8
cache-control: no-cache
content-length: 51

15:26:11.400 [AsyncHttpClient-1-2] DEBUG org.asynchttpclient.netty.channel.ChannelManager - Adding key: http://localhost:25645 for channel [id: 0x3265d1e0, L:/127.0.0.1:57707 - R:localhost/127.0.0.1:25645]
15:26:11.403 [Forwarding screenshot on session 0bb30766d33233cd0c391ffe3474eb89 to remote] DEBUG org.asynchttpclient.netty.request.NettyRequestSender - Using pooled Channel '[id: 0x3265d1e0, L:/127.0.0.1:57707 - R:localhost/127.0.0.1:25645]' for 'GET' to 'http://localhost:25645/session/0bb30766d33233cd0c391ffe3474eb89/screenshot'
15:26:11.403 [Forwarding screenshot on session 0bb30766d33233cd0c391ffe3474eb89 to remote] DEBUG org.asynchttpclient.netty.request.NettyRequestSender - Using open Channel [id: 0x3265d1e0, L:/127.0.0.1:57707 - R:localhost/127.0.0.1:25645] for GET '/session/0bb30766d33233cd0c391ffe3474eb89/screenshot'
15:26:11.519 [AsyncHttpClient-1-2] DEBUG org.asynchttpclient.netty.handler.HttpHandler - 

Request DefaultFullHttpRequest(decodeResult: success, version: HTTP/1.1, content: EmptyByteBufBE)
GET /session/0bb30766d33233cd0c391ffe3474eb89/screenshot HTTP/1.1
User-Agent: selenium/4.7.1 (java windows)
Cache-Control: no-cache
Content-Type: application/json; charset=utf-8
host: localhost:25645
accept: */*

Response DefaultHttpResponse(decodeResult: success, version: HTTP/1.1)
HTTP/1.1 200 OK
Content-Type: application/json; charset=utf-8
cache-control: no-cache
content-length: 31636

15:26:11.520 [AsyncHttpClient-1-2] DEBUG org.asynchttpclient.netty.channel.ChannelManager - Adding key: http://localhost:25645 for channel [id: 0x3265d1e0, L:/127.0.0.1:57707 - R:localhost/127.0.0.1:25645]
15:26:11.524 [main] DEBUG net.serenitybdd.core.photography.Darkroom - Send negative for processing for target\site\serenity\8fa42d92ef0a334998cb95aab1a474351923781acb70ee92ce8adc8b0be0bde4.png
15:26:11.524 [main] DEBUG net.thucydides.core.steps.StepInterceptor - STEP DONE: inputPassword
15:26:11.524 [Darkroom Processing Line] DEBUG net.serenitybdd.core.photography.DarkroomProcessingLine - Processing screenshot image in /var/screenshots/screenshot-8173737233983691144
15:26:11.524 [Darkroom Processing Line] DEBUG net.serenitybdd.core.photography.DarkroomProcessingLine - Saving screenshot to target\site\serenity\8fa42d92ef0a334998cb95aab1a474351923781acb70ee92ce8adc8b0be0bde4.png
  &amp#27;[32mAnd &amp#27;[0m&amp#27;[32muser input password&amp#27;[0m                                      &amp#27;[90m# starter.stepdefinitions.LoginSteps.userInputPassword()&amp#27;[0m
15:26:11.538 [main] DEBUG net.thucydides.core.steps.StepInterceptor - STARTING STEP: LoginSteps.userKlikButtonLoginYangKedua - klikButtonLoginKedua
15:26:11.544 [Forwarding findElement on session 0bb30766d33233cd0c391ffe3474eb89 to remote] DEBUG org.asynchttpclient.netty.request.NettyRequestSender - Using pooled Channel '[id: 0x3265d1e0, L:/127.0.0.1:57707 - R:localhost/127.0.0.1:25645]' for 'POST' to 'http://localhost:25645/session/0bb30766d33233cd0c391ffe3474eb89/element'
15:26:11.544 [Forwarding findElement on session 0bb30766d33233cd0c391ffe3474eb89 to remote] DEBUG org.asynchttpclient.netty.request.NettyRequestSender - Using open Channel [id: 0x3265d1e0, L:/127.0.0.1:57707 - R:localhost/127.0.0.1:25645] for POST '/session/0bb30766d33233cd0c391ffe3474eb89/element'
15:26:11.561 [AsyncHttpClient-1-2] DEBUG org.asynchttpclient.netty.handler.HttpHandler - 

Request DefaultHttpRequest(decodeResult: success, version: HTTP/1.1)
POST /session/0bb30766d33233cd0c391ffe3474eb89/element HTTP/1.1
User-Agent: selenium/4.7.1 (java windows)
Content-Length: 141
Content-Type: application/json; charset=utf-8
host: localhost:25645
accept: */*

Response DefaultHttpResponse(decodeResult: success, version: HTTP/1.1)
HTTP/1.1 200 OK
Content-Type: application/json; charset=utf-8
cache-control: no-cache
content-length: 95

15:26:11.561 [AsyncHttpClient-1-2] DEBUG org.asynchttpclient.netty.channel.ChannelManager - Adding key: http://localhost:25645 for channel [id: 0x3265d1e0, L:/127.0.0.1:57707 - R:localhost/127.0.0.1:25645]
15:26:11.563 [Forwarding getElementTagName on session 0bb30766d33233cd0c391ffe3474eb89 to remote] DEBUG org.asynchttpclient.netty.request.NettyRequestSender - Using pooled Channel '[id: 0x3265d1e0, L:/127.0.0.1:57707 - R:localhost/127.0.0.1:25645]' for 'GET' to 'http://localhost:25645/session/0bb30766d33233cd0c391ffe3474eb89/element/B5414AC479D14FDFC445293CDA77F6DF_element_13/name'
15:26:11.563 [Forwarding getElementTagName on session 0bb30766d33233cd0c391ffe3474eb89 to remote] DEBUG org.asynchttpclient.netty.request.NettyRequestSender - Using open Channel [id: 0x3265d1e0, L:/127.0.0.1:57707 - R:localhost/127.0.0.1:25645] for GET '/session/0bb30766d33233cd0c391ffe3474eb89/element/B5414AC479D14FDFC445293CDA77F6DF_element_13/name'
15:26:11.569 [AsyncHttpClient-1-2] DEBUG org.asynchttpclient.netty.handler.HttpHandler - 

Request DefaultFullHttpRequest(decodeResult: success, version: HTTP/1.1, content: EmptyByteBufBE)
GET /session/0bb30766d33233cd0c391ffe3474eb89/element/B5414AC479D14FDFC445293CDA77F6DF_element_13/name HTTP/1.1
User-Agent: selenium/4.7.1 (java windows)
Cache-Control: no-cache
Content-Type: application/json; charset=utf-8
host: localhost:25645
accept: */*

Response DefaultHttpResponse(decodeResult: success, version: HTTP/1.1)
HTTP/1.1 200 OK
Content-Type: application/json; charset=utf-8
cache-control: no-cache
content-length: 18

15:26:11.570 [AsyncHttpClient-1-2] DEBUG org.asynchttpclient.netty.channel.ChannelManager - Adding key: http://localhost:25645 for channel [id: 0x3265d1e0, L:/127.0.0.1:57707 - R:localhost/127.0.0.1:25645]
15:26:11.573 [Forwarding getElementTagName on session 0bb30766d33233cd0c391ffe3474eb89 to remote] DEBUG org.asynchttpclient.netty.request.NettyRequestSender - Using pooled Channel '[id: 0x3265d1e0, L:/127.0.0.1:57707 - R:localhost/127.0.0.1:25645]' for 'GET' to 'http://localhost:25645/session/0bb30766d33233cd0c391ffe3474eb89/element/B5414AC479D14FDFC445293CDA77F6DF_element_13/name'
15:26:11.573 [Forwarding getElementTagName on session 0bb30766d33233cd0c391ffe3474eb89 to remote] DEBUG org.asynchttpclient.netty.request.NettyRequestSender - Using open Channel [id: 0x3265d1e0, L:/127.0.0.1:57707 - R:localhost/127.0.0.1:25645] for GET '/session/0bb30766d33233cd0c391ffe3474eb89/element/B5414AC479D14FDFC445293CDA77F6DF_element_13/name'
15:26:11.579 [AsyncHttpClient-1-2] DEBUG org.asynchttpclient.netty.handler.HttpHandler - 

Request DefaultFullHttpRequest(decodeResult: success, version: HTTP/1.1, content: EmptyByteBufBE)
GET /session/0bb30766d33233cd0c391ffe3474eb89/element/B5414AC479D14FDFC445293CDA77F6DF_element_13/name HTTP/1.1
User-Agent: selenium/4.7.1 (java windows)
Cache-Control: no-cache
Content-Type: application/json; charset=utf-8
host: localhost:25645
accept: */*

Response DefaultHttpResponse(decodeResult: success, version: HTTP/1.1)
HTTP/1.1 200 OK
Content-Type: application/json; charset=utf-8
cache-control: no-cache
content-length: 18

15:26:11.579 [AsyncHttpClient-1-2] DEBUG org.asynchttpclient.netty.channel.ChannelManager - Adding key: http://localhost:25645 for channel [id: 0x3265d1e0, L:/127.0.0.1:57707 - R:localhost/127.0.0.1:25645]
15:26:11.582 [Forwarding isElementEnabled on session 0bb30766d33233cd0c391ffe3474eb89 to remote] DEBUG org.asynchttpclient.netty.request.NettyRequestSender - Using pooled Channel '[id: 0x3265d1e0, L:/127.0.0.1:57707 - R:localhost/127.0.0.1:25645]' for 'GET' to 'http://localhost:25645/session/0bb30766d33233cd0c391ffe3474eb89/element/B5414AC479D14FDFC445293CDA77F6DF_element_13/enabled'
15:26:11.582 [Forwarding isElementEnabled on session 0bb30766d33233cd0c391ffe3474eb89 to remote] DEBUG org.asynchttpclient.netty.request.NettyRequestSender - Using open Channel [id: 0x3265d1e0, L:/127.0.0.1:57707 - R:localhost/127.0.0.1:25645] for GET '/session/0bb30766d33233cd0c391ffe3474eb89/element/B5414AC479D14FDFC445293CDA77F6DF_element_13/enabled'
15:26:11.593 [AsyncHttpClient-1-2] DEBUG org.asynchttpclient.netty.handler.HttpHandler - 

Request DefaultFullHttpRequest(decodeResult: success, version: HTTP/1.1, content: EmptyByteBufBE)
GET /session/0bb30766d33233cd0c391ffe3474eb89/element/B5414AC479D14FDFC445293CDA77F6DF_element_13/enabled HTTP/1.1
User-Agent: selenium/4.7.1 (java windows)
Cache-Control: no-cache
Content-Type: application/json; charset=utf-8
host: localhost:25645
accept: */*

Response DefaultHttpResponse(decodeResult: success, version: HTTP/1.1)
HTTP/1.1 200 OK
Content-Type: application/json; charset=utf-8
cache-control: no-cache
content-length: 14

15:26:11.593 [AsyncHttpClient-1-2] DEBUG org.asynchttpclient.netty.channel.ChannelManager - Adding key: http://localhost:25645 for channel [id: 0x3265d1e0, L:/127.0.0.1:57707 - R:localhost/127.0.0.1:25645]
15:26:11.595 [Forwarding isElementEnabled on session 0bb30766d33233cd0c391ffe3474eb89 to remote] DEBUG org.asynchttpclient.netty.request.NettyRequestSender - Using pooled Channel '[id: 0x3265d1e0, L:/127.0.0.1:57707 - R:localhost/127.0.0.1:25645]' for 'GET' to 'http://localhost:25645/session/0bb30766d33233cd0c391ffe3474eb89/element/B5414AC479D14FDFC445293CDA77F6DF_element_13/enabled'
15:26:11.595 [Forwarding isElementEnabled on session 0bb30766d33233cd0c391ffe3474eb89 to remote] DEBUG org.asynchttpclient.netty.request.NettyRequestSender - Using open Channel [id: 0x3265d1e0, L:/127.0.0.1:57707 - R:localhost/127.0.0.1:25645] for GET '/session/0bb30766d33233cd0c391ffe3474eb89/element/B5414AC479D14FDFC445293CDA77F6DF_element_13/enabled'
15:26:11.603 [AsyncHttpClient-1-2] DEBUG org.asynchttpclient.netty.handler.HttpHandler - 

Request DefaultFullHttpRequest(decodeResult: success, version: HTTP/1.1, content: EmptyByteBufBE)
GET /session/0bb30766d33233cd0c391ffe3474eb89/element/B5414AC479D14FDFC445293CDA77F6DF_element_13/enabled HTTP/1.1
User-Agent: selenium/4.7.1 (java windows)
Cache-Control: no-cache
Content-Type: application/json; charset=utf-8
host: localhost:25645
accept: */*

Response DefaultHttpResponse(decodeResult: success, version: HTTP/1.1)
HTTP/1.1 200 OK
Content-Type: application/json; charset=utf-8
cache-control: no-cache
content-length: 14

15:26:11.604 [AsyncHttpClient-1-2] DEBUG org.asynchttpclient.netty.channel.ChannelManager - Adding key: http://localhost:25645 for channel [id: 0x3265d1e0, L:/127.0.0.1:57707 - R:localhost/127.0.0.1:25645]
15:26:11.608 [Forwarding findElement on session 0bb30766d33233cd0c391ffe3474eb89 to remote] DEBUG org.asynchttpclient.netty.request.NettyRequestSender - Using pooled Channel '[id: 0x3265d1e0, L:/127.0.0.1:57707 - R:localhost/127.0.0.1:25645]' for 'POST' to 'http://localhost:25645/session/0bb30766d33233cd0c391ffe3474eb89/element'
15:26:11.608 [Forwarding findElement on session 0bb30766d33233cd0c391ffe3474eb89 to remote] DEBUG org.asynchttpclient.netty.request.NettyRequestSender - Using open Channel [id: 0x3265d1e0, L:/127.0.0.1:57707 - R:localhost/127.0.0.1:25645] for POST '/session/0bb30766d33233cd0c391ffe3474eb89/element'
15:26:11.618 [AsyncHttpClient-1-2] DEBUG org.asynchttpclient.netty.handler.HttpHandler - 

Request DefaultHttpRequest(decodeResult: success, version: HTTP/1.1)
POST /session/0bb30766d33233cd0c391ffe3474eb89/element HTTP/1.1
User-Agent: selenium/4.7.1 (java windows)
Content-Length: 141
Content-Type: application/json; charset=utf-8
host: localhost:25645
accept: */*

Response DefaultHttpResponse(decodeResult: success, version: HTTP/1.1)
HTTP/1.1 200 OK
Content-Type: application/json; charset=utf-8
cache-control: no-cache
content-length: 95

15:26:11.618 [AsyncHttpClient-1-2] DEBUG org.asynchttpclient.netty.channel.ChannelManager - Adding key: http://localhost:25645 for channel [id: 0x3265d1e0, L:/127.0.0.1:57707 - R:localhost/127.0.0.1:25645]
15:26:11.620 [Forwarding clickElement on session 0bb30766d33233cd0c391ffe3474eb89 to remote] DEBUG org.asynchttpclient.netty.request.NettyRequestSender - Using pooled Channel '[id: 0x3265d1e0, L:/127.0.0.1:57707 - R:localhost/127.0.0.1:25645]' for 'POST' to 'http://localhost:25645/session/0bb30766d33233cd0c391ffe3474eb89/element/B5414AC479D14FDFC445293CDA77F6DF_element_13/click'
15:26:11.620 [Forwarding clickElement on session 0bb30766d33233cd0c391ffe3474eb89 to remote] DEBUG org.asynchttpclient.netty.request.NettyRequestSender - Using open Channel [id: 0x3265d1e0, L:/127.0.0.1:57707 - R:localhost/127.0.0.1:25645] for POST '/session/0bb30766d33233cd0c391ffe3474eb89/element/B5414AC479D14FDFC445293CDA77F6DF_element_13/click'
15:26:11.683 [AsyncHttpClient-1-2] DEBUG org.asynchttpclient.netty.handler.HttpHandler - 

Request DefaultHttpRequest(decodeResult: success, version: HTTP/1.1)
POST /session/0bb30766d33233cd0c391ffe3474eb89/element/B5414AC479D14FDFC445293CDA77F6DF_element_13/click HTTP/1.1
User-Agent: selenium/4.7.1 (java windows)
Content-Length: 57
Content-Type: application/json; charset=utf-8
host: localhost:25645
accept: */*

Response DefaultHttpResponse(decodeResult: success, version: HTTP/1.1)
HTTP/1.1 200 OK
Content-Type: application/json; charset=utf-8
cache-control: no-cache
content-length: 14

15:26:11.684 [AsyncHttpClient-1-2] DEBUG org.asynchttpclient.netty.channel.ChannelManager - Adding key: http://localhost:25645 for channel [id: 0x3265d1e0, L:/127.0.0.1:57707 - R:localhost/127.0.0.1:25645]
15:26:11.695 [Forwarding getCurrentWindowHandle on session 0bb30766d33233cd0c391ffe3474eb89 to remote] DEBUG org.asynchttpclient.netty.request.NettyRequestSender - Using pooled Channel '[id: 0x3265d1e0, L:/127.0.0.1:57707 - R:localhost/127.0.0.1:25645]' for 'GET' to 'http://localhost:25645/session/0bb30766d33233cd0c391ffe3474eb89/window'
15:26:11.695 [Forwarding getCurrentWindowHandle on session 0bb30766d33233cd0c391ffe3474eb89 to remote] DEBUG org.asynchttpclient.netty.request.NettyRequestSender - Using open Channel [id: 0x3265d1e0, L:/127.0.0.1:57707 - R:localhost/127.0.0.1:25645] for GET '/session/0bb30766d33233cd0c391ffe3474eb89/window'
15:26:11.697 [AsyncHttpClient-1-2] DEBUG org.asynchttpclient.netty.handler.HttpHandler - 

Request DefaultFullHttpRequest(decodeResult: success, version: HTTP/1.1, content: EmptyByteBufBE)
GET /session/0bb30766d33233cd0c391ffe3474eb89/window HTTP/1.1
User-Agent: selenium/4.7.1 (java windows)
Cache-Control: no-cache
Content-Type: application/json; charset=utf-8
host: localhost:25645
accept: */*

Response DefaultHttpResponse(decodeResult: success, version: HTTP/1.1)
HTTP/1.1 200 OK
Content-Type: application/json; charset=utf-8
cache-control: no-cache
content-length: 44

15:26:11.697 [AsyncHttpClient-1-2] DEBUG org.asynchttpclient.netty.channel.ChannelManager - Adding key: http://localhost:25645 for channel [id: 0x3265d1e0, L:/127.0.0.1:57707 - R:localhost/127.0.0.1:25645]
15:26:11.699 [Forwarding getAlertText on session 0bb30766d33233cd0c391ffe3474eb89 to remote] DEBUG org.asynchttpclient.netty.request.NettyRequestSender - Using pooled Channel '[id: 0x3265d1e0, L:/127.0.0.1:57707 - R:localhost/127.0.0.1:25645]' for 'GET' to 'http://localhost:25645/session/0bb30766d33233cd0c391ffe3474eb89/alert/text'
15:26:11.699 [Forwarding getAlertText on session 0bb30766d33233cd0c391ffe3474eb89 to remote] DEBUG org.asynchttpclient.netty.request.NettyRequestSender - Using open Channel [id: 0x3265d1e0, L:/127.0.0.1:57707 - R:localhost/127.0.0.1:25645] for GET '/session/0bb30766d33233cd0c391ffe3474eb89/alert/text'
15:26:11.702 [AsyncHttpClient-1-2] DEBUG org.asynchttpclient.netty.handler.HttpHandler - 

Request DefaultFullHttpRequest(decodeResult: success, version: HTTP/1.1, content: EmptyByteBufBE)
GET /session/0bb30766d33233cd0c391ffe3474eb89/alert/text HTTP/1.1
User-Agent: selenium/4.7.1 (java windows)
Cache-Control: no-cache
Content-Type: application/json; charset=utf-8
host: localhost:25645
accept: */*

Response DefaultHttpResponse(decodeResult: success, version: HTTP/1.1)
HTTP/1.1 404 Not Found
Content-Type: application/json; charset=utf-8
cache-control: no-cache
content-length: 820

15:26:11.703 [AsyncHttpClient-1-2] DEBUG org.asynchttpclient.netty.channel.ChannelManager - Adding key: http://localhost:25645 for channel [id: 0x3265d1e0, L:/127.0.0.1:57707 - R:localhost/127.0.0.1:25645]
15:26:11.706 [Forwarding switchToWindow on session 0bb30766d33233cd0c391ffe3474eb89 to remote] DEBUG org.asynchttpclient.netty.request.NettyRequestSender - Using pooled Channel '[id: 0x3265d1e0, L:/127.0.0.1:57707 - R:localhost/127.0.0.1:25645]' for 'POST' to 'http://localhost:25645/session/0bb30766d33233cd0c391ffe3474eb89/window'
15:26:11.706 [Forwarding switchToWindow on session 0bb30766d33233cd0c391ffe3474eb89 to remote] DEBUG org.asynchttpclient.netty.request.NettyRequestSender - Using open Channel [id: 0x3265d1e0, L:/127.0.0.1:57707 - R:localhost/127.0.0.1:25645] for POST '/session/0bb30766d33233cd0c391ffe3474eb89/window'
15:26:11.710 [AsyncHttpClient-1-2] DEBUG org.asynchttpclient.netty.handler.HttpHandler - 

Request DefaultHttpRequest(decodeResult: success, version: HTTP/1.1)
POST /session/0bb30766d33233cd0c391ffe3474eb89/window HTTP/1.1
User-Agent: selenium/4.7.1 (java windows)
Content-Length: 50
Content-Type: application/json; charset=utf-8
host: localhost:25645
accept: */*

Response DefaultHttpResponse(decodeResult: success, version: HTTP/1.1)
HTTP/1.1 200 OK
Content-Type: application/json; charset=utf-8
cache-control: no-cache
content-length: 14

15:26:11.710 [AsyncHttpClient-1-2] DEBUG org.asynchttpclient.netty.channel.ChannelManager - Adding key: http://localhost:25645 for channel [id: 0x3265d1e0, L:/127.0.0.1:57707 - R:localhost/127.0.0.1:25645]
15:26:11.712 [Forwarding getCurrentUrl on session 0bb30766d33233cd0c391ffe3474eb89 to remote] DEBUG org.asynchttpclient.netty.request.NettyRequestSender - Using pooled Channel '[id: 0x3265d1e0, L:/127.0.0.1:57707 - R:localhost/127.0.0.1:25645]' for 'GET' to 'http://localhost:25645/session/0bb30766d33233cd0c391ffe3474eb89/url'
15:26:11.712 [Forwarding getCurrentUrl on session 0bb30766d33233cd0c391ffe3474eb89 to remote] DEBUG org.asynchttpclient.netty.request.NettyRequestSender - Using open Channel [id: 0x3265d1e0, L:/127.0.0.1:57707 - R:localhost/127.0.0.1:25645] for GET '/session/0bb30766d33233cd0c391ffe3474eb89/url'
15:26:11.719 [AsyncHttpClient-1-2] DEBUG org.asynchttpclient.netty.handler.HttpHandler - 

Request DefaultFullHttpRequest(decodeResult: success, version: HTTP/1.1, content: EmptyByteBufBE)
GET /session/0bb30766d33233cd0c391ffe3474eb89/url HTTP/1.1
User-Agent: selenium/4.7.1 (java windows)
Cache-Control: no-cache
Content-Type: application/json; charset=utf-8
host: localhost:25645
accept: */*

Response DefaultHttpResponse(decodeResult: success, version: HTTP/1.1)
HTTP/1.1 200 OK
Content-Type: application/json; charset=utf-8
cache-control: no-cache
content-length: 51

15:26:11.719 [AsyncHttpClient-1-2] DEBUG org.asynchttpclient.netty.channel.ChannelManager - Adding key: http://localhost:25645 for channel [id: 0x3265d1e0, L:/127.0.0.1:57707 - R:localhost/127.0.0.1:25645]
15:26:11.721 [Forwarding screenshot on session 0bb30766d33233cd0c391ffe3474eb89 to remote] DEBUG org.asynchttpclient.netty.request.NettyRequestSender - Using pooled Channel '[id: 0x3265d1e0, L:/127.0.0.1:57707 - R:localhost/127.0.0.1:25645]' for 'GET' to 'http://localhost:25645/session/0bb30766d33233cd0c391ffe3474eb89/screenshot'
15:26:11.721 [Forwarding screenshot on session 0bb30766d33233cd0c391ffe3474eb89 to remote] DEBUG org.asynchttpclient.netty.request.NettyRequestSender - Using open Channel [id: 0x3265d1e0, L:/127.0.0.1:57707 - R:localhost/127.0.0.1:25645] for GET '/session/0bb30766d33233cd0c391ffe3474eb89/screenshot'
15:26:11.849 [AsyncHttpClient-1-2] DEBUG org.asynchttpclient.netty.handler.HttpHandler - 

Request DefaultFullHttpRequest(decodeResult: success, version: HTTP/1.1, content: EmptyByteBufBE)
GET /session/0bb30766d33233cd0c391ffe3474eb89/screenshot HTTP/1.1
User-Agent: selenium/4.7.1 (java windows)
Cache-Control: no-cache
Content-Type: application/json; charset=utf-8
host: localhost:25645
accept: */*

Response DefaultHttpResponse(decodeResult: success, version: HTTP/1.1)
HTTP/1.1 200 OK
Content-Type: application/json; charset=utf-8
cache-control: no-cache
content-length: 35976

15:26:11.850 [AsyncHttpClient-1-2] DEBUG org.asynchttpclient.netty.channel.ChannelManager - Adding key: http://localhost:25645 for channel [id: 0x3265d1e0, L:/127.0.0.1:57707 - R:localhost/127.0.0.1:25645]
15:26:11.853 [main] DEBUG net.serenitybdd.core.photography.Darkroom - Send negative for processing for target\site\serenity\1b8f7037b054cf9e7e65e6979eb24b6424ae613a2e2ebcc28f052bcf04f0634b.png
15:26:11.854 [main] DEBUG net.thucydides.core.steps.StepInterceptor - STEP DONE: klikButtonLoginKedua
15:26:11.854 [Darkroom Processing Line] DEBUG net.serenitybdd.core.photography.DarkroomProcessingLine - Processing screenshot image in /var/screenshots/screenshot-10024423986208943234
15:26:11.854 [Darkroom Processing Line] DEBUG net.serenitybdd.core.photography.DarkroomProcessingLine - Saving screenshot to target\site\serenity\1b8f7037b054cf9e7e65e6979eb24b6424ae613a2e2ebcc28f052bcf04f0634b.png
  &amp#27;[32mThen &amp#27;[0m&amp#27;[32muser klik button login yang kedua&amp#27;[0m                       &amp#27;[90m# starter.stepdefinitions.LoginSteps.userKlikButtonLoginYangKedua()&amp#27;[0m
15:26:11.857 [AsyncHttpClient-1-1] DEBUG org.asynchttpclient.netty.channel.DefaultChannelPool - Entry count for : http://localhost:25645 : 1
15:26:11.857 [AsyncHttpClient-1-1] DEBUG org.asynchttpclient.netty.channel.DefaultChannelPool - Entry count for : http://localhost:57708 : 1
15:26:11.872 [main] DEBUG net.thucydides.core.steps.StepInterceptor - STARTING STEP: LoginSteps.userMenerimaErrorMessage - munculErrorMessage
15:26:11.880 [Forwarding findElement on session 0bb30766d33233cd0c391ffe3474eb89 to remote] DEBUG org.asynchttpclient.netty.request.NettyRequestSender - Using pooled Channel '[id: 0x3265d1e0, L:/127.0.0.1:57707 - R:localhost/127.0.0.1:25645]' for 'POST' to 'http://localhost:25645/session/0bb30766d33233cd0c391ffe3474eb89/element'
15:26:11.881 [Forwarding findElement on session 0bb30766d33233cd0c391ffe3474eb89 to remote] DEBUG org.asynchttpclient.netty.request.NettyRequestSender - Using open Channel [id: 0x3265d1e0, L:/127.0.0.1:57707 - R:localhost/127.0.0.1:25645] for POST '/session/0bb30766d33233cd0c391ffe3474eb89/element'
15:26:11.898 [AsyncHttpClient-1-2] DEBUG org.asynchttpclient.netty.handler.HttpHandler - 

Request DefaultHttpRequest(decodeResult: success, version: HTTP/1.1)
POST /session/0bb30766d33233cd0c391ffe3474eb89/element HTTP/1.1
User-Agent: selenium/4.7.1 (java windows)
Content-Length: 139
Content-Type: application/json; charset=utf-8
host: localhost:25645
accept: */*

Response DefaultHttpResponse(decodeResult: success, version: HTTP/1.1)
HTTP/1.1 200 OK
Content-Type: application/json; charset=utf-8
cache-control: no-cache
content-length: 95

15:26:11.899 [AsyncHttpClient-1-2] DEBUG org.asynchttpclient.netty.channel.ChannelManager - Adding key: http://localhost:25645 for channel [id: 0x3265d1e0, L:/127.0.0.1:57707 - R:localhost/127.0.0.1:25645]
15:26:11.902 [Forwarding isElementDisplayed on session 0bb30766d33233cd0c391ffe3474eb89 to remote] DEBUG org.asynchttpclient.netty.request.NettyRequestSender - Using pooled Channel '[id: 0x3265d1e0, L:/127.0.0.1:57707 - R:localhost/127.0.0.1:25645]' for 'POST' to 'http://localhost:25645/session/0bb30766d33233cd0c391ffe3474eb89/execute/sync'
15:26:11.903 [Forwarding isElementDisplayed on session 0bb30766d33233cd0c391ffe3474eb89 to remote] DEBUG org.asynchttpclient.netty.request.NettyRequestSender - Using open Channel [id: 0x3265d1e0, L:/127.0.0.1:57707 - R:localhost/127.0.0.1:25645] for POST '/session/0bb30766d33233cd0c391ffe3474eb89/execute/sync'
15:26:11.919 [AsyncHttpClient-1-2] DEBUG org.asynchttpclient.netty.handler.HttpHandler - 

Request DefaultHttpRequest(decodeResult: success, version: HTTP/1.1)
POST /session/0bb30766d33233cd0c391ffe3474eb89/execute/sync HTTP/1.1
User-Agent: selenium/4.7.1 (java windows)
Content-Length: 48787
Content-Type: application/json; charset=utf-8
host: localhost:25645
accept: */*

Response DefaultHttpResponse(decodeResult: success, version: HTTP/1.1)
HTTP/1.1 200 OK
Content-Type: application/json; charset=utf-8
cache-control: no-cache
content-length: 14

15:26:11.919 [AsyncHttpClient-1-2] DEBUG org.asynchttpclient.netty.channel.ChannelManager - Adding key: http://localhost:25645 for channel [id: 0x3265d1e0, L:/127.0.0.1:57707 - R:localhost/127.0.0.1:25645]
15:26:11.930 [Forwarding getCurrentWindowHandle on session 0bb30766d33233cd0c391ffe3474eb89 to remote] DEBUG org.asynchttpclient.netty.request.NettyRequestSender - Using pooled Channel '[id: 0x3265d1e0, L:/127.0.0.1:57707 - R:localhost/127.0.0.1:25645]' for 'GET' to 'http://localhost:25645/session/0bb30766d33233cd0c391ffe3474eb89/window'
15:26:11.930 [Forwarding getCurrentWindowHandle on session 0bb30766d33233cd0c391ffe3474eb89 to remote] DEBUG org.asynchttpclient.netty.request.NettyRequestSender - Using open Channel [id: 0x3265d1e0, L:/127.0.0.1:57707 - R:localhost/127.0.0.1:25645] for GET '/session/0bb30766d33233cd0c391ffe3474eb89/window'
15:26:11.931 [AsyncHttpClient-1-2] DEBUG org.asynchttpclient.netty.handler.HttpHandler - 

Request DefaultFullHttpRequest(decodeResult: success, version: HTTP/1.1, content: EmptyByteBufBE)
GET /session/0bb30766d33233cd0c391ffe3474eb89/window HTTP/1.1
User-Agent: selenium/4.7.1 (java windows)
Cache-Control: no-cache
Content-Type: application/json; charset=utf-8
host: localhost:25645
accept: */*

Response DefaultHttpResponse(decodeResult: success, version: HTTP/1.1)
HTTP/1.1 200 OK
Content-Type: application/json; charset=utf-8
cache-control: no-cache
content-length: 44

15:26:11.931 [AsyncHttpClient-1-2] DEBUG org.asynchttpclient.netty.channel.ChannelManager - Adding key: http://localhost:25645 for channel [id: 0x3265d1e0, L:/127.0.0.1:57707 - R:localhost/127.0.0.1:25645]
15:26:11.933 [Forwarding getAlertText on session 0bb30766d33233cd0c391ffe3474eb89 to remote] DEBUG org.asynchttpclient.netty.request.NettyRequestSender - Using pooled Channel '[id: 0x3265d1e0, L:/127.0.0.1:57707 - R:localhost/127.0.0.1:25645]' for 'GET' to 'http://localhost:25645/session/0bb30766d33233cd0c391ffe3474eb89/alert/text'
15:26:11.933 [Forwarding getAlertText on session 0bb30766d33233cd0c391ffe3474eb89 to remote] DEBUG org.asynchttpclient.netty.request.NettyRequestSender - Using open Channel [id: 0x3265d1e0, L:/127.0.0.1:57707 - R:localhost/127.0.0.1:25645] for GET '/session/0bb30766d33233cd0c391ffe3474eb89/alert/text'
15:26:11.935 [AsyncHttpClient-1-2] DEBUG org.asynchttpclient.netty.handler.HttpHandler - 

Request DefaultFullHttpRequest(decodeResult: success, version: HTTP/1.1, content: EmptyByteBufBE)
GET /session/0bb30766d33233cd0c391ffe3474eb89/alert/text HTTP/1.1
User-Agent: selenium/4.7.1 (java windows)
Cache-Control: no-cache
Content-Type: application/json; charset=utf-8
host: localhost:25645
accept: */*

Response DefaultHttpResponse(decodeResult: success, version: HTTP/1.1)
HTTP/1.1 404 Not Found
Content-Type: application/json; charset=utf-8
cache-control: no-cache
content-length: 820

15:26:11.936 [AsyncHttpClient-1-2] DEBUG org.asynchttpclient.netty.channel.ChannelManager - Adding key: http://localhost:25645 for channel [id: 0x3265d1e0, L:/127.0.0.1:57707 - R:localhost/127.0.0.1:25645]
15:26:11.939 [Forwarding switchToWindow on session 0bb30766d33233cd0c391ffe3474eb89 to remote] DEBUG org.asynchttpclient.netty.request.NettyRequestSender - Using pooled Channel '[id: 0x3265d1e0, L:/127.0.0.1:57707 - R:localhost/127.0.0.1:25645]' for 'POST' to 'http://localhost:25645/session/0bb30766d33233cd0c391ffe3474eb89/window'
15:26:11.939 [Forwarding switchToWindow on session 0bb30766d33233cd0c391ffe3474eb89 to remote] DEBUG org.asynchttpclient.netty.request.NettyRequestSender - Using open Channel [id: 0x3265d1e0, L:/127.0.0.1:57707 - R:localhost/127.0.0.1:25645] for POST '/session/0bb30766d33233cd0c391ffe3474eb89/window'
15:26:11.942 [AsyncHttpClient-1-2] DEBUG org.asynchttpclient.netty.handler.HttpHandler - 

Request DefaultHttpRequest(decodeResult: success, version: HTTP/1.1)
POST /session/0bb30766d33233cd0c391ffe3474eb89/window HTTP/1.1
User-Agent: selenium/4.7.1 (java windows)
Content-Length: 50
Content-Type: application/json; charset=utf-8
host: localhost:25645
accept: */*

Response DefaultHttpResponse(decodeResult: success, version: HTTP/1.1)
HTTP/1.1 200 OK
Content-Type: application/json; charset=utf-8
cache-control: no-cache
content-length: 14

15:26:11.943 [AsyncHttpClient-1-2] DEBUG org.asynchttpclient.netty.channel.ChannelManager - Adding key: http://localhost:25645 for channel [id: 0x3265d1e0, L:/127.0.0.1:57707 - R:localhost/127.0.0.1:25645]
15:26:11.944 [Forwarding getCurrentUrl on session 0bb30766d33233cd0c391ffe3474eb89 to remote] DEBUG org.asynchttpclient.netty.request.NettyRequestSender - Using pooled Channel '[id: 0x3265d1e0, L:/127.0.0.1:57707 - R:localhost/127.0.0.1:25645]' for 'GET' to 'http://localhost:25645/session/0bb30766d33233cd0c391ffe3474eb89/url'
15:26:11.944 [Forwarding getCurrentUrl on session 0bb30766d33233cd0c391ffe3474eb89 to remote] DEBUG org.asynchttpclient.netty.request.NettyRequestSender - Using open Channel [id: 0x3265d1e0, L:/127.0.0.1:57707 - R:localhost/127.0.0.1:25645] for GET '/session/0bb30766d33233cd0c391ffe3474eb89/url'
15:26:11.948 [AsyncHttpClient-1-2] DEBUG org.asynchttpclient.netty.handler.HttpHandler - 

Request DefaultFullHttpRequest(decodeResult: success, version: HTTP/1.1, content: EmptyByteBufBE)
GET /session/0bb30766d33233cd0c391ffe3474eb89/url HTTP/1.1
User-Agent: selenium/4.7.1 (java windows)
Cache-Control: no-cache
Content-Type: application/json; charset=utf-8
host: localhost:25645
accept: */*

Response DefaultHttpResponse(decodeResult: success, version: HTTP/1.1)
HTTP/1.1 200 OK
Content-Type: application/json; charset=utf-8
cache-control: no-cache
content-length: 51

15:26:11.949 [AsyncHttpClient-1-2] DEBUG org.asynchttpclient.netty.channel.ChannelManager - Adding key: http://localhost:25645 for channel [id: 0x3265d1e0, L:/127.0.0.1:57707 - R:localhost/127.0.0.1:25645]
15:26:11.950 [Forwarding screenshot on session 0bb30766d33233cd0c391ffe3474eb89 to remote] DEBUG org.asynchttpclient.netty.request.NettyRequestSender - Using pooled Channel '[id: 0x3265d1e0, L:/127.0.0.1:57707 - R:localhost/127.0.0.1:25645]' for 'GET' to 'http://localhost:25645/session/0bb30766d33233cd0c391ffe3474eb89/screenshot'
15:26:11.950 [Forwarding screenshot on session 0bb30766d33233cd0c391ffe3474eb89 to remote] DEBUG org.asynchttpclient.netty.request.NettyRequestSender - Using open Channel [id: 0x3265d1e0, L:/127.0.0.1:57707 - R:localhost/127.0.0.1:25645] for GET '/session/0bb30766d33233cd0c391ffe3474eb89/screenshot'
15:26:12.066 [AsyncHttpClient-1-2] DEBUG org.asynchttpclient.netty.handler.HttpHandler - 

Request DefaultFullHttpRequest(decodeResult: success, version: HTTP/1.1, content: EmptyByteBufBE)
GET /session/0bb30766d33233cd0c391ffe3474eb89/screenshot HTTP/1.1
User-Agent: selenium/4.7.1 (java windows)
Cache-Control: no-cache
Content-Type: application/json; charset=utf-8
host: localhost:25645
accept: */*

Response DefaultHttpResponse(decodeResult: success, version: HTTP/1.1)
HTTP/1.1 200 OK
Content-Type: application/json; charset=utf-8
cache-control: no-cache
content-length: 34336

15:26:12.066 [AsyncHttpClient-1-2] DEBUG org.asynchttpclient.netty.channel.ChannelManager - Adding key: http://localhost:25645 for channel [id: 0x3265d1e0, L:/127.0.0.1:57707 - R:localhost/127.0.0.1:25645]
15:26:12.068 [main] DEBUG net.serenitybdd.core.photography.Darkroom - Send negative for processing for target\site\serenity\4c54230d8f8f658669c9b74f701b0a5b08639368fa0eece3c7a471feac18b3ec.png
15:26:12.069 [main] DEBUG net.thucydides.core.steps.StepInterceptor - STEP DONE: munculErrorMessage
15:26:12.069 [Darkroom Processing Line] DEBUG net.serenitybdd.core.photography.DarkroomProcessingLine - Processing screenshot image in /var/screenshots/screenshot-4065838677389326804
15:26:12.069 [Darkroom Processing Line] DEBUG net.serenitybdd.core.photography.DarkroomProcessingLine - Saving screenshot to target\site\serenity\4c54230d8f8f658669c9b74f701b0a5b08639368fa0eece3c7a471feac18b3ec.png
  &amp#27;[32mAnd &amp#27;[0m&amp#27;[32muser menerima error message &amp#27;[0m&amp#27;[32m&amp#27;[1m"record not found"&amp#27;[0m           &amp#27;[90m# starter.stepdefinitions.LoginSteps.userMenerimaErrorMessage(java.lang.String)&amp#27;[0m
15:26:12.081 [main] INFO  - 
  _____   ___   ___   _____     ___     _     ___   ___   ___   ___  
 |_   _| | __| / __| |_   _|   | _ \   /_\   / __| / __| | __| |   \ 
   | |   | _|  \__ \   | |     |  _/  / _ \  \__ \ \__ \ | _|  | |) |
   |_|   |___| |___/   |_|     |_|   /_/ \_\ |___/ |___/ |___| |___/ 

user tidak bisa login karena akunnya belum terdaftar
----------------------------------------------------------------------
15:26:12.147 [Driver Command Executor] DEBUG org.asynchttpclient.netty.request.NettyRequestSender - Using pooled Channel '[id: 0x3265d1e0, L:/127.0.0.1:57707 - R:localhost/127.0.0.1:25645]' for 'DELETE' to 'http://localhost:25645/session/0bb30766d33233cd0c391ffe3474eb89'
15:26:12.148 [Driver Command Executor] DEBUG org.asynchttpclient.netty.request.NettyRequestSender - Using open Channel [id: 0x3265d1e0, L:/127.0.0.1:57707 - R:localhost/127.0.0.1:25645] for DELETE '/session/0bb30766d33233cd0c391ffe3474eb89'
15:26:12.153 [AsyncHttpClient-1-4] DEBUG org.asynchttpclient.netty.handler.WebSocketHandler - Unexpected I/O exception on channel [id: 0xbf76e372, L:/127.0.0.1:57715 - R:localhost/127.0.0.1:57708]
java.io.IOException: An established connection was aborted by the software in your host machine
	at java.base/sun.nio.ch.SocketDispatcher.read0(Native Method)
	at java.base/sun.nio.ch.SocketDispatcher.read(SocketDispatcher.java:46)
	at java.base/sun.nio.ch.IOUtil.readIntoNativeBuffer(IOUtil.java:339)
	at java.base/sun.nio.ch.IOUtil.read(IOUtil.java:293)
	at java.base/sun.nio.ch.IOUtil.read(IOUtil.java:268)
	at java.base/sun.nio.ch.SocketChannelImpl.read(SocketChannelImpl.java:425)
	at io.netty.buffer.PooledByteBuf.setBytes(PooledByteBuf.java:259)
	at io.netty.buffer.AbstractByteBuf.writeBytes(AbstractByteBuf.java:1132)
	at io.netty.channel.socket.nio.NioSocketChannel.doReadBytes(NioSocketChannel.java:357)
	at io.netty.channel.nio.AbstractNioByteChannel$NioByteUnsafe.read(AbstractNioByteChannel.java:151)
	at io.netty.channel.nio.NioEventLoop.processSelectedKey(NioEventLoop.java:788)
	at io.netty.channel.nio.NioEventLoop.processSelectedKeysOptimized(NioEventLoop.java:724)
	at io.netty.channel.nio.NioEventLoop.processSelectedKeys(NioEventLoop.java:650)
	at io.netty.channel.nio.NioEventLoop.run(NioEventLoop.java:562)
	at io.netty.util.concurrent.SingleThreadEventExecutor$4.run(SingleThreadEventExecutor.java:997)
	at io.netty.util.internal.ThreadExecutorMap$2.run(ThreadExecutorMap.java:74)
	at io.netty.util.concurrent.FastThreadLocalRunnable.run(FastThreadLocalRunnable.java:30)
	at java.base/java.lang.Thread.run(Thread.java:1589)
15:26:12.154 [AsyncHttpClient-1-4] DEBUG org.asynchttpclient.netty.handler.WebSocketHandler - Trying to recover from dead Channel: [id: 0xbf76e372, L:/127.0.0.1:57715 - R:localhost/127.0.0.1:57708]
15:26:12.157 [AsyncHttpClient-1-4] DEBUG org.asynchttpclient.netty.handler.WebSocketHandler - Channel Closed: [id: 0xbf76e372, L:/127.0.0.1:57715 ! R:localhost/127.0.0.1:57708] with attribute NettyResponseFuture{currentRetry=0,
	isDone=1,
	isCancelled=0,
	asyncHandler=org.asynchttpclient.ws.WebSocketUpgradeHandler@58f7d56f,
	nettyRequest=org.asynchttpclient.netty.request.NettyRequest@51c613d3,
	future=java.util.concurrent.CompletableFuture@4109a9eb[Completed normally],
	uri=ws://localhost:57708/devtools/browser/b17f54e6-1960-4277-86f5-65e2e6f5def4,
	keepAlive=true,
	redirectCount=0,
	timeoutsHolder=null,
	inAuth=0,
	touch=1683707172154}
15:26:12.158 [AsyncHttpClient-1-4] DEBUG org.asynchttpclient.netty.channel.ChannelManager - Closing Channel [id: 0xbf76e372, L:/127.0.0.1:57715 ! R:localhost/127.0.0.1:57708] 
15:26:12.210 [AsyncHttpClient-1-3] DEBUG org.asynchttpclient.netty.handler.HttpHandler - Unexpected I/O exception on channel [id: 0x84efaa12, L:/127.0.0.1:57714 - R:localhost/127.0.0.1:57708]
java.net.SocketException: Connection reset
	at java.base/sun.nio.ch.SocketChannelImpl.throwConnectionReset(SocketChannelImpl.java:401)
	at java.base/sun.nio.ch.SocketChannelImpl.read(SocketChannelImpl.java:434)
	at io.netty.buffer.PooledByteBuf.setBytes(PooledByteBuf.java:259)
	at io.netty.buffer.AbstractByteBuf.writeBytes(AbstractByteBuf.java:1132)
	at io.netty.channel.socket.nio.NioSocketChannel.doReadBytes(NioSocketChannel.java:357)
	at io.netty.channel.nio.AbstractNioByteChannel$NioByteUnsafe.read(AbstractNioByteChannel.java:151)
	at io.netty.channel.nio.NioEventLoop.processSelectedKey(NioEventLoop.java:788)
	at io.netty.channel.nio.NioEventLoop.processSelectedKeysOptimized(NioEventLoop.java:724)
	at io.netty.channel.nio.NioEventLoop.processSelectedKeys(NioEventLoop.java:650)
	at io.netty.channel.nio.NioEventLoop.run(NioEventLoop.java:562)
	at io.netty.util.concurrent.SingleThreadEventExecutor$4.run(SingleThreadEventExecutor.java:997)
	at io.netty.util.internal.ThreadExecutorMap$2.run(ThreadExecutorMap.java:74)
	at io.netty.util.concurrent.FastThreadLocalRunnable.run(FastThreadLocalRunnable.java:30)
	at java.base/java.lang.Thread.run(Thread.java:1589)
15:26:12.210 [AsyncHttpClient-1-3] DEBUG org.asynchttpclient.netty.channel.ChannelManager - Closing Channel [id: 0x84efaa12, L:/127.0.0.1:57714 - R:localhost/127.0.0.1:57708] 
15:26:12.210 [AsyncHttpClient-1-3] DEBUG org.asynchttpclient.netty.handler.HttpHandler - Channel Closed: [id: 0x84efaa12, L:/127.0.0.1:57714 ! R:localhost/127.0.0.1:57708] with attribute DISCARD
15:26:12.279 [AsyncHttpClient-1-2] DEBUG org.asynchttpclient.netty.handler.HttpHandler - 

Request DefaultFullHttpRequest(decodeResult: success, version: HTTP/1.1, content: EmptyByteBufBE)
DELETE /session/0bb30766d33233cd0c391ffe3474eb89 HTTP/1.1
User-Agent: selenium/4.7.1 (java windows)
Content-Type: application/json; charset=utf-8
host: localhost:25645
accept: */*

Response DefaultHttpResponse(decodeResult: success, version: HTTP/1.1)
HTTP/1.1 200 OK
Content-Type: application/json; charset=utf-8
cache-control: no-cache
content-length: 14

15:26:12.279 [AsyncHttpClient-1-2] DEBUG org.asynchttpclient.netty.channel.ChannelManager - Adding key: http://localhost:25645 for channel [id: 0x3265d1e0, L:/127.0.0.1:57707 - R:localhost/127.0.0.1:25645]
15:26:12.355 [AsyncHttpClient-1-2] DEBUG org.asynchttpclient.netty.handler.HttpHandler - Channel Closed: [id: 0x3265d1e0, L:/127.0.0.1:57707 ! R:localhost/127.0.0.1:25645] with attribute DISCARD
]]></system-out>
    <system-err><![CDATA[Starting ChromeDriver 113.0.5672.63 (0e1a4471d5ae5bf128b1bd8f4d627c8cbd55f70c-refs/branch-heads/5672@{#912}) on port 25645
Only local connections are allowed.
Please see https://chromedriver.chromium.org/security-considerations for suggestions on keeping ChromeDriver safe.
ChromeDriver was started successfully.
May 10, 2023 3:25:59 PM org.openqa.selenium.devtools.CdpVersionFinder findNearestMatch
WARNING: Unable to find CDP implementation matching 113
May 10, 2023 3:25:59 PM org.openqa.selenium.chromium.ChromiumDriver lambda$new$3
WARNING: Unable to find version of CDP to use for . You may need to include a dependency on a specific version of the CDP using something similar to `org.seleniumhq.selenium:selenium-devtools-v86:4.7.1` where the version ("v86") matches the version of the chromium-based browser you're using and the version number of the artifact is the same as Selenium's.
]]></system-err>
  </testcase>
  <testcase name="user bisa login dengan data valid" classname="login" time="8.879">
    <system-out><![CDATA[
@Login02-Web-Positive
Scenario: user bisa login dengan data valid &amp#27;[90m# src/test/resources/features/1. Login.feature:14&amp#27;[0m
15:26:12.464 [main] INFO io.cucumber.core.plugin.SerenityReporter - Running feature from file:///C:/Users/HP/Downloads/Mini-Project-QA/ALTASHOP%20WEB%20AUTOMATION/src/test/resources/features/1.%20Login.feature
15:26:12.464 [main] INFO  - 
  _____   ___   ___   _____     ___   _____     _     ___   _____   ___   ___  
 |_   _| | __| / __| |_   _|   / __| |_   _|   /_\   | _ \ |_   _| | __| |   \ 
   | |   | _|  \__ \   | |     \__ \   | |    / _ \  |   /   | |   | _|  | |) |
   |_|   |___| |___/   |_|     |___/   |_|   /_/ \_\ |_|_\   |_|   |___| |___/ 

user bisa login dengan data valid(login;user-bisa-login-dengan-data-valid)
--------------------------------------------------------------------------------
15:26:12.527 [main] DEBUG net.thucydides.core.steps.StepInterceptor - STARTING STEP: LoginSteps.userBeradaDiHomepageAlta - diHomepageAltaShop
15:26:12.605 [main] INFO net.serenitybdd.core.webdriver.driverproviders.ChromeDriverProvider - Starting Chrome driver instance with capabilities:
15:26:12.605 [main] INFO net.serenitybdd.core.webdriver.driverproviders.ChromeDriverProvider - Capabilities {acceptInsecureCerts: true, browserName: chrome, goog:chromeOptions: {args: [remote-allow-origins=*, test-type, no-sandbox, ignore-certificate-errors, start-maximized, incognito, disable-infobars, disable-gpu, disable-default-apps, disable-popup-blocking, remote-allow-origins=*, test-type, no-sandbox, ignore-certificate-errors, start-maximized, incognito, disable-infobars, disable-gpu, disable-default-apps, disable-popup-blocking], extensions: []}}
15:26:12.730 [AsyncHttpClient-1-5] DEBUG org.asynchttpclient.netty.channel.NettyConnectListener - Using new Channel '[id: 0x72dae327, L:/127.0.0.1:57742 - R:localhost/127.0.0.1:46862]' for 'POST' to '/session'
15:26:12.949 [AsyncHttpClient-1-1] DEBUG org.asynchttpclient.netty.channel.DefaultChannelPool - Entry count for : http://localhost:25645 : 1
15:26:12.949 [AsyncHttpClient-1-1] DEBUG org.asynchttpclient.netty.channel.DefaultChannelPool - Entry count for : http://localhost:57708 : 1
15:26:12.949 [AsyncHttpClient-1-1] DEBUG org.asynchttpclient.netty.channel.DefaultChannelPool - Adding Candidate expired Channel [id: 0x3265d1e0, L:/127.0.0.1:57707 ! R:localhost/127.0.0.1:25645] isIdleTimeoutExpired=false isRemotelyClosed=true isTtlExpired=false
15:26:12.949 [AsyncHttpClient-1-1] DEBUG org.asynchttpclient.netty.channel.DefaultChannelPool - Closing Idle Channel [id: 0x3265d1e0, L:/127.0.0.1:57707 ! R:localhost/127.0.0.1:25645]
15:26:12.949 [AsyncHttpClient-1-1] DEBUG org.asynchttpclient.netty.channel.DefaultChannelPool - Adding Candidate expired Channel [id: 0x84efaa12, L:/127.0.0.1:57714 ! R:localhost/127.0.0.1:57708] isIdleTimeoutExpired=false isRemotelyClosed=true isTtlExpired=false
15:26:12.949 [AsyncHttpClient-1-1] DEBUG org.asynchttpclient.netty.channel.DefaultChannelPool - Closing Idle Channel [id: 0x84efaa12, L:/127.0.0.1:57714 ! R:localhost/127.0.0.1:57708]
15:26:12.949 [AsyncHttpClient-1-1] DEBUG org.asynchttpclient.netty.channel.DefaultChannelPool - Closed 2 connections out of 2 in 0 ms
15:26:13.750 [AsyncHttpClient-1-5] DEBUG org.asynchttpclient.netty.handler.HttpHandler - 

Request DefaultHttpRequest(decodeResult: success, version: HTTP/1.1)
POST /session HTTP/1.1
User-Agent: selenium/4.7.1 (java windows)
Content-Length: 1629
Content-Type: application/json; charset=utf-8
host: localhost:46862
accept: */*

Response DefaultHttpResponse(decodeResult: success, version: HTTP/1.1)
HTTP/1.1 200 OK
Content-Type: application/json; charset=utf-8
cache-control: no-cache
content-length: 853

15:26:13.751 [AsyncHttpClient-1-5] DEBUG org.asynchttpclient.netty.channel.ChannelManager - Adding key: http://localhost:46862 for channel [id: 0x72dae327, L:/127.0.0.1:57742 - R:localhost/127.0.0.1:46862]
15:26:13.837 [AsyncHttpClient-1-6] DEBUG org.asynchttpclient.netty.channel.NettyConnectListener - Using new Channel '[id: 0x949a7cb5, L:/127.0.0.1:57749 - R:localhost/127.0.0.1:57743]' for 'GET' to '/json/version'
15:26:13.844 [AsyncHttpClient-1-6] DEBUG org.asynchttpclient.netty.handler.HttpHandler - 

Request DefaultFullHttpRequest(decodeResult: success, version: HTTP/1.1, content: EmptyByteBufBE)
GET /json/version HTTP/1.1
User-Agent: selenium/4.7.1 (java windows)
host: localhost:57743
accept: */*

Response DefaultHttpResponse(decodeResult: success, version: HTTP/1.1)
HTTP/1.1 200 OK
Content-Security-Policy: frame-ancestors 'none'
Content-Type: application/json; charset=UTF-8
content-length: 422

15:26:13.846 [AsyncHttpClient-1-6] DEBUG org.asynchttpclient.netty.channel.ChannelManager - Adding key: http://localhost:57743 for channel [id: 0x949a7cb5, L:/127.0.0.1:57749 - R:localhost/127.0.0.1:57743]
15:26:13.853 [AsyncHttpClient-1-7] DEBUG org.asynchttpclient.netty.channel.NettyConnectListener - Using new Channel '[id: 0x14421d28, L:/127.0.0.1:57750 - R:localhost/127.0.0.1:57743]' for 'GET' to '/devtools/browser/23114080-2254-47ac-a73f-91b86c4dfbd6'
15:26:13.867 [AsyncHttpClient-1-7] DEBUG org.asynchttpclient.netty.handler.WebSocketHandler - 

Request DefaultFullHttpRequest(decodeResult: success, version: HTTP/1.1, content: EmptyByteBufBE)
GET /devtools/browser/23114080-2254-47ac-a73f-91b86c4dfbd6 HTTP/1.1
upgrade: websocket
connection: upgrade
sec-websocket-key: z/l+IBz0W1rbGHpTEj8WRw==
sec-websocket-version: 13
origin: http://localhost:57743
host: localhost:57743
accept: */*
user-agent: AHC/2.1

Response DefaultHttpResponse(decodeResult: success, version: HTTP/1.1)
HTTP/1.1 101 WebSocket Protocol Handshake
Upgrade: WebSocket
Connection: Upgrade
Sec-WebSocket-Accept: n4uk9D3XoTggJIwvY04ybIg1H/c=

15:26:13.880 [Forwarding get on session db2f22b74979efe39f0b7e774045b5fd to remote] DEBUG org.asynchttpclient.netty.request.NettyRequestSender - Using pooled Channel '[id: 0x72dae327, L:/127.0.0.1:57742 - R:localhost/127.0.0.1:46862]' for 'POST' to 'http://localhost:46862/session/db2f22b74979efe39f0b7e774045b5fd/url'
15:26:13.880 [Forwarding get on session db2f22b74979efe39f0b7e774045b5fd to remote] DEBUG org.asynchttpclient.netty.request.NettyRequestSender - Using open Channel [id: 0x72dae327, L:/127.0.0.1:57742 - R:localhost/127.0.0.1:46862] for POST '/session/db2f22b74979efe39f0b7e774045b5fd/url'
15:26:14.056 [AsyncHttpClient-1-1] DEBUG org.asynchttpclient.netty.channel.DefaultChannelPool - Entry count for : http://localhost:57743 : 1
15:26:14.674 [AsyncHttpClient-1-5] DEBUG org.asynchttpclient.netty.handler.HttpHandler - 

Request DefaultHttpRequest(decodeResult: success, version: HTTP/1.1)
POST /session/db2f22b74979efe39f0b7e774045b5fd/url HTTP/1.1
User-Agent: selenium/4.7.1 (java windows)
Content-Length: 59
Content-Type: application/json; charset=utf-8
host: localhost:46862
accept: */*

Response DefaultHttpResponse(decodeResult: success, version: HTTP/1.1)
HTTP/1.1 200 OK
Content-Type: application/json; charset=utf-8
cache-control: no-cache
content-length: 14

15:26:14.675 [AsyncHttpClient-1-5] DEBUG org.asynchttpclient.netty.channel.ChannelManager - Adding key: http://localhost:46862 for channel [id: 0x72dae327, L:/127.0.0.1:57742 - R:localhost/127.0.0.1:46862]
15:26:14.680 [Forwarding setTimeout on session db2f22b74979efe39f0b7e774045b5fd to remote] DEBUG org.asynchttpclient.netty.request.NettyRequestSender - Using pooled Channel '[id: 0x72dae327, L:/127.0.0.1:57742 - R:localhost/127.0.0.1:46862]' for 'POST' to 'http://localhost:46862/session/db2f22b74979efe39f0b7e774045b5fd/timeouts'
15:26:14.681 [Forwarding setTimeout on session db2f22b74979efe39f0b7e774045b5fd to remote] DEBUG org.asynchttpclient.netty.request.NettyRequestSender - Using open Channel [id: 0x72dae327, L:/127.0.0.1:57742 - R:localhost/127.0.0.1:46862] for POST '/session/db2f22b74979efe39f0b7e774045b5fd/timeouts'
15:26:14.683 [AsyncHttpClient-1-5] DEBUG org.asynchttpclient.netty.handler.HttpHandler - 

Request DefaultHttpRequest(decodeResult: success, version: HTTP/1.1)
POST /session/db2f22b74979efe39f0b7e774045b5fd/timeouts HTTP/1.1
User-Agent: selenium/4.7.1 (java windows)
Content-Length: 22
Content-Type: application/json; charset=utf-8
host: localhost:46862
accept: */*

Response DefaultHttpResponse(decodeResult: success, version: HTTP/1.1)
HTTP/1.1 200 OK
Content-Type: application/json; charset=utf-8
cache-control: no-cache
content-length: 14

15:26:14.684 [AsyncHttpClient-1-5] DEBUG org.asynchttpclient.netty.channel.ChannelManager - Adding key: http://localhost:46862 for channel [id: 0x72dae327, L:/127.0.0.1:57742 - R:localhost/127.0.0.1:46862]
15:26:14.693 [Forwarding getCurrentUrl on session db2f22b74979efe39f0b7e774045b5fd to remote] DEBUG org.asynchttpclient.netty.request.NettyRequestSender - Using pooled Channel '[id: 0x72dae327, L:/127.0.0.1:57742 - R:localhost/127.0.0.1:46862]' for 'GET' to 'http://localhost:46862/session/db2f22b74979efe39f0b7e774045b5fd/url'
15:26:14.693 [Forwarding getCurrentUrl on session db2f22b74979efe39f0b7e774045b5fd to remote] DEBUG org.asynchttpclient.netty.request.NettyRequestSender - Using open Channel [id: 0x72dae327, L:/127.0.0.1:57742 - R:localhost/127.0.0.1:46862] for GET '/session/db2f22b74979efe39f0b7e774045b5fd/url'
15:26:14.717 [AsyncHttpClient-1-5] DEBUG org.asynchttpclient.netty.handler.HttpHandler - 

Request DefaultFullHttpRequest(decodeResult: success, version: HTTP/1.1, content: EmptyByteBufBE)
GET /session/db2f22b74979efe39f0b7e774045b5fd/url HTTP/1.1
User-Agent: selenium/4.7.1 (java windows)
Cache-Control: no-cache
Content-Type: application/json; charset=utf-8
host: localhost:46862
accept: */*

Response DefaultHttpResponse(decodeResult: success, version: HTTP/1.1)
HTTP/1.1 200 OK
Content-Type: application/json; charset=utf-8
cache-control: no-cache
content-length: 41

15:26:14.717 [AsyncHttpClient-1-5] DEBUG org.asynchttpclient.netty.channel.ChannelManager - Adding key: http://localhost:46862 for channel [id: 0x72dae327, L:/127.0.0.1:57742 - R:localhost/127.0.0.1:46862]
15:26:14.723 [Forwarding getCurrentUrl on session db2f22b74979efe39f0b7e774045b5fd to remote] DEBUG org.asynchttpclient.netty.request.NettyRequestSender - Using pooled Channel '[id: 0x72dae327, L:/127.0.0.1:57742 - R:localhost/127.0.0.1:46862]' for 'GET' to 'http://localhost:46862/session/db2f22b74979efe39f0b7e774045b5fd/url'
15:26:14.723 [Forwarding getCurrentUrl on session db2f22b74979efe39f0b7e774045b5fd to remote] DEBUG org.asynchttpclient.netty.request.NettyRequestSender - Using open Channel [id: 0x72dae327, L:/127.0.0.1:57742 - R:localhost/127.0.0.1:46862] for GET '/session/db2f22b74979efe39f0b7e774045b5fd/url'
15:26:14.731 [AsyncHttpClient-1-5] DEBUG org.asynchttpclient.netty.handler.HttpHandler - 

Request DefaultFullHttpRequest(decodeResult: success, version: HTTP/1.1, content: EmptyByteBufBE)
GET /session/db2f22b74979efe39f0b7e774045b5fd/url HTTP/1.1
User-Agent: selenium/4.7.1 (java windows)
Cache-Control: no-cache
Content-Type: application/json; charset=utf-8
host: localhost:46862
accept: */*

Response DefaultHttpResponse(decodeResult: success, version: HTTP/1.1)
HTTP/1.1 200 OK
Content-Type: application/json; charset=utf-8
cache-control: no-cache
content-length: 41

15:26:14.732 [AsyncHttpClient-1-5] DEBUG org.asynchttpclient.netty.channel.ChannelManager - Adding key: http://localhost:46862 for channel [id: 0x72dae327, L:/127.0.0.1:57742 - R:localhost/127.0.0.1:46862]
15:26:14.741 [Forwarding findElement on session db2f22b74979efe39f0b7e774045b5fd to remote] DEBUG org.asynchttpclient.netty.request.NettyRequestSender - Using pooled Channel '[id: 0x72dae327, L:/127.0.0.1:57742 - R:localhost/127.0.0.1:46862]' for 'POST' to 'http://localhost:46862/session/db2f22b74979efe39f0b7e774045b5fd/element'
15:26:14.742 [Forwarding findElement on session db2f22b74979efe39f0b7e774045b5fd to remote] DEBUG org.asynchttpclient.netty.request.NettyRequestSender - Using open Channel [id: 0x72dae327, L:/127.0.0.1:57742 - R:localhost/127.0.0.1:46862] for POST '/session/db2f22b74979efe39f0b7e774045b5fd/element'
15:26:14.769 [AsyncHttpClient-1-5] DEBUG org.asynchttpclient.netty.handler.HttpHandler - 

Request DefaultHttpRequest(decodeResult: success, version: HTTP/1.1)
POST /session/db2f22b74979efe39f0b7e774045b5fd/element HTTP/1.1
User-Agent: selenium/4.7.1 (java windows)
Content-Length: 108
Content-Type: application/json; charset=utf-8
host: localhost:46862
accept: */*

Response DefaultHttpResponse(decodeResult: success, version: HTTP/1.1)
HTTP/1.1 200 OK
Content-Type: application/json; charset=utf-8
cache-control: no-cache
content-length: 94

15:26:14.769 [AsyncHttpClient-1-5] DEBUG org.asynchttpclient.netty.channel.ChannelManager - Adding key: http://localhost:46862 for channel [id: 0x72dae327, L:/127.0.0.1:57742 - R:localhost/127.0.0.1:46862]
15:26:14.782 [Forwarding isElementDisplayed on session db2f22b74979efe39f0b7e774045b5fd to remote] DEBUG org.asynchttpclient.netty.request.NettyRequestSender - Using pooled Channel '[id: 0x72dae327, L:/127.0.0.1:57742 - R:localhost/127.0.0.1:46862]' for 'POST' to 'http://localhost:46862/session/db2f22b74979efe39f0b7e774045b5fd/execute/sync'
15:26:14.782 [Forwarding isElementDisplayed on session db2f22b74979efe39f0b7e774045b5fd to remote] DEBUG org.asynchttpclient.netty.request.NettyRequestSender - Using open Channel [id: 0x72dae327, L:/127.0.0.1:57742 - R:localhost/127.0.0.1:46862] for POST '/session/db2f22b74979efe39f0b7e774045b5fd/execute/sync'
15:26:14.818 [AsyncHttpClient-1-5] DEBUG org.asynchttpclient.netty.handler.HttpHandler - 

Request DefaultHttpRequest(decodeResult: success, version: HTTP/1.1)
POST /session/db2f22b74979efe39f0b7e774045b5fd/execute/sync HTTP/1.1
User-Agent: selenium/4.7.1 (java windows)
Content-Length: 48786
Content-Type: application/json; charset=utf-8
host: localhost:46862
accept: */*

Response DefaultHttpResponse(decodeResult: success, version: HTTP/1.1)
HTTP/1.1 200 OK
Content-Type: application/json; charset=utf-8
cache-control: no-cache
content-length: 14

15:26:14.819 [AsyncHttpClient-1-5] DEBUG org.asynchttpclient.netty.channel.ChannelManager - Adding key: http://localhost:46862 for channel [id: 0x72dae327, L:/127.0.0.1:57742 - R:localhost/127.0.0.1:46862]
15:26:14.825 [Forwarding isElementDisplayed on session db2f22b74979efe39f0b7e774045b5fd to remote] DEBUG org.asynchttpclient.netty.request.NettyRequestSender - Using pooled Channel '[id: 0x72dae327, L:/127.0.0.1:57742 - R:localhost/127.0.0.1:46862]' for 'POST' to 'http://localhost:46862/session/db2f22b74979efe39f0b7e774045b5fd/execute/sync'
15:26:14.825 [Forwarding isElementDisplayed on session db2f22b74979efe39f0b7e774045b5fd to remote] DEBUG org.asynchttpclient.netty.request.NettyRequestSender - Using open Channel [id: 0x72dae327, L:/127.0.0.1:57742 - R:localhost/127.0.0.1:46862] for POST '/session/db2f22b74979efe39f0b7e774045b5fd/execute/sync'
15:26:14.856 [AsyncHttpClient-1-5] DEBUG org.asynchttpclient.netty.handler.HttpHandler - 

Request DefaultHttpRequest(decodeResult: success, version: HTTP/1.1)
POST /session/db2f22b74979efe39f0b7e774045b5fd/execute/sync HTTP/1.1
User-Agent: selenium/4.7.1 (java windows)
Content-Length: 48786
Content-Type: application/json; charset=utf-8
host: localhost:46862
accept: */*

Response DefaultHttpResponse(decodeResult: success, version: HTTP/1.1)
HTTP/1.1 200 OK
Content-Type: application/json; charset=utf-8
cache-control: no-cache
content-length: 14

15:26:14.857 [AsyncHttpClient-1-5] DEBUG org.asynchttpclient.netty.channel.ChannelManager - Adding key: http://localhost:46862 for channel [id: 0x72dae327, L:/127.0.0.1:57742 - R:localhost/127.0.0.1:46862]
15:26:14.870 [Forwarding getCurrentWindowHandle on session db2f22b74979efe39f0b7e774045b5fd to remote] DEBUG org.asynchttpclient.netty.request.NettyRequestSender - Using pooled Channel '[id: 0x72dae327, L:/127.0.0.1:57742 - R:localhost/127.0.0.1:46862]' for 'GET' to 'http://localhost:46862/session/db2f22b74979efe39f0b7e774045b5fd/window'
15:26:14.870 [Forwarding getCurrentWindowHandle on session db2f22b74979efe39f0b7e774045b5fd to remote] DEBUG org.asynchttpclient.netty.request.NettyRequestSender - Using open Channel [id: 0x72dae327, L:/127.0.0.1:57742 - R:localhost/127.0.0.1:46862] for GET '/session/db2f22b74979efe39f0b7e774045b5fd/window'
15:26:14.872 [AsyncHttpClient-1-5] DEBUG org.asynchttpclient.netty.handler.HttpHandler - 

Request DefaultFullHttpRequest(decodeResult: success, version: HTTP/1.1, content: EmptyByteBufBE)
GET /session/db2f22b74979efe39f0b7e774045b5fd/window HTTP/1.1
User-Agent: selenium/4.7.1 (java windows)
Cache-Control: no-cache
Content-Type: application/json; charset=utf-8
host: localhost:46862
accept: */*

Response DefaultHttpResponse(decodeResult: success, version: HTTP/1.1)
HTTP/1.1 200 OK
Content-Type: application/json; charset=utf-8
cache-control: no-cache
content-length: 44

15:26:14.873 [AsyncHttpClient-1-5] DEBUG org.asynchttpclient.netty.channel.ChannelManager - Adding key: http://localhost:46862 for channel [id: 0x72dae327, L:/127.0.0.1:57742 - R:localhost/127.0.0.1:46862]
15:26:14.876 [Forwarding getAlertText on session db2f22b74979efe39f0b7e774045b5fd to remote] DEBUG org.asynchttpclient.netty.request.NettyRequestSender - Using pooled Channel '[id: 0x72dae327, L:/127.0.0.1:57742 - R:localhost/127.0.0.1:46862]' for 'GET' to 'http://localhost:46862/session/db2f22b74979efe39f0b7e774045b5fd/alert/text'
15:26:14.876 [Forwarding getAlertText on session db2f22b74979efe39f0b7e774045b5fd to remote] DEBUG org.asynchttpclient.netty.request.NettyRequestSender - Using open Channel [id: 0x72dae327, L:/127.0.0.1:57742 - R:localhost/127.0.0.1:46862] for GET '/session/db2f22b74979efe39f0b7e774045b5fd/alert/text'
15:26:14.879 [AsyncHttpClient-1-5] DEBUG org.asynchttpclient.netty.handler.HttpHandler - 

Request DefaultFullHttpRequest(decodeResult: success, version: HTTP/1.1, content: EmptyByteBufBE)
GET /session/db2f22b74979efe39f0b7e774045b5fd/alert/text HTTP/1.1
User-Agent: selenium/4.7.1 (java windows)
Cache-Control: no-cache
Content-Type: application/json; charset=utf-8
host: localhost:46862
accept: */*

Response DefaultHttpResponse(decodeResult: success, version: HTTP/1.1)
HTTP/1.1 404 Not Found
Content-Type: application/json; charset=utf-8
cache-control: no-cache
content-length: 820

15:26:14.880 [AsyncHttpClient-1-5] DEBUG org.asynchttpclient.netty.channel.ChannelManager - Adding key: http://localhost:46862 for channel [id: 0x72dae327, L:/127.0.0.1:57742 - R:localhost/127.0.0.1:46862]
15:26:14.885 [Forwarding switchToWindow on session db2f22b74979efe39f0b7e774045b5fd to remote] DEBUG org.asynchttpclient.netty.request.NettyRequestSender - Using pooled Channel '[id: 0x72dae327, L:/127.0.0.1:57742 - R:localhost/127.0.0.1:46862]' for 'POST' to 'http://localhost:46862/session/db2f22b74979efe39f0b7e774045b5fd/window'
15:26:14.885 [Forwarding switchToWindow on session db2f22b74979efe39f0b7e774045b5fd to remote] DEBUG org.asynchttpclient.netty.request.NettyRequestSender - Using open Channel [id: 0x72dae327, L:/127.0.0.1:57742 - R:localhost/127.0.0.1:46862] for POST '/session/db2f22b74979efe39f0b7e774045b5fd/window'
15:26:14.888 [AsyncHttpClient-1-5] DEBUG org.asynchttpclient.netty.handler.HttpHandler - 

Request DefaultHttpRequest(decodeResult: success, version: HTTP/1.1)
POST /session/db2f22b74979efe39f0b7e774045b5fd/window HTTP/1.1
User-Agent: selenium/4.7.1 (java windows)
Content-Length: 50
Content-Type: application/json; charset=utf-8
host: localhost:46862
accept: */*

Response DefaultHttpResponse(decodeResult: success, version: HTTP/1.1)
HTTP/1.1 200 OK
Content-Type: application/json; charset=utf-8
cache-control: no-cache
content-length: 14

15:26:14.889 [AsyncHttpClient-1-5] DEBUG org.asynchttpclient.netty.channel.ChannelManager - Adding key: http://localhost:46862 for channel [id: 0x72dae327, L:/127.0.0.1:57742 - R:localhost/127.0.0.1:46862]
15:26:14.893 [Forwarding getCurrentUrl on session db2f22b74979efe39f0b7e774045b5fd to remote] DEBUG org.asynchttpclient.netty.request.NettyRequestSender - Using pooled Channel '[id: 0x72dae327, L:/127.0.0.1:57742 - R:localhost/127.0.0.1:46862]' for 'GET' to 'http://localhost:46862/session/db2f22b74979efe39f0b7e774045b5fd/url'
15:26:14.893 [Forwarding getCurrentUrl on session db2f22b74979efe39f0b7e774045b5fd to remote] DEBUG org.asynchttpclient.netty.request.NettyRequestSender - Using open Channel [id: 0x72dae327, L:/127.0.0.1:57742 - R:localhost/127.0.0.1:46862] for GET '/session/db2f22b74979efe39f0b7e774045b5fd/url'
15:26:14.911 [AsyncHttpClient-1-5] DEBUG org.asynchttpclient.netty.handler.HttpHandler - 

Request DefaultFullHttpRequest(decodeResult: success, version: HTTP/1.1, content: EmptyByteBufBE)
GET /session/db2f22b74979efe39f0b7e774045b5fd/url HTTP/1.1
User-Agent: selenium/4.7.1 (java windows)
Cache-Control: no-cache
Content-Type: application/json; charset=utf-8
host: localhost:46862
accept: */*

Response DefaultHttpResponse(decodeResult: success, version: HTTP/1.1)
HTTP/1.1 200 OK
Content-Type: application/json; charset=utf-8
cache-control: no-cache
content-length: 41

15:26:14.913 [AsyncHttpClient-1-5] DEBUG org.asynchttpclient.netty.channel.ChannelManager - Adding key: http://localhost:46862 for channel [id: 0x72dae327, L:/127.0.0.1:57742 - R:localhost/127.0.0.1:46862]
15:26:14.917 [Forwarding screenshot on session db2f22b74979efe39f0b7e774045b5fd to remote] DEBUG org.asynchttpclient.netty.request.NettyRequestSender - Using pooled Channel '[id: 0x72dae327, L:/127.0.0.1:57742 - R:localhost/127.0.0.1:46862]' for 'GET' to 'http://localhost:46862/session/db2f22b74979efe39f0b7e774045b5fd/screenshot'
15:26:14.917 [Forwarding screenshot on session db2f22b74979efe39f0b7e774045b5fd to remote] DEBUG org.asynchttpclient.netty.request.NettyRequestSender - Using open Channel [id: 0x72dae327, L:/127.0.0.1:57742 - R:localhost/127.0.0.1:46862] for GET '/session/db2f22b74979efe39f0b7e774045b5fd/screenshot'
15:26:15.093 [AsyncHttpClient-1-5] DEBUG org.asynchttpclient.netty.handler.HttpHandler - 

Request DefaultFullHttpRequest(decodeResult: success, version: HTTP/1.1, content: EmptyByteBufBE)
GET /session/db2f22b74979efe39f0b7e774045b5fd/screenshot HTTP/1.1
User-Agent: selenium/4.7.1 (java windows)
Cache-Control: no-cache
Content-Type: application/json; charset=utf-8
host: localhost:46862
accept: */*

Response DefaultHttpResponse(decodeResult: success, version: HTTP/1.1)
HTTP/1.1 200 OK
Content-Type: application/json; charset=utf-8
cache-control: no-cache
content-length: 35988

15:26:15.095 [AsyncHttpClient-1-5] DEBUG org.asynchttpclient.netty.channel.ChannelManager - Adding key: http://localhost:46862 for channel [id: 0x72dae327, L:/127.0.0.1:57742 - R:localhost/127.0.0.1:46862]
15:26:15.098 [main] DEBUG net.serenitybdd.core.photography.Darkroom - Send negative for processing for target\site\serenity\5bfa30e14e36a999c606d40bdfa65566e9f5001c975604e71da837432c0bf14d.png
15:26:15.099 [Darkroom Processing Line] DEBUG net.serenitybdd.core.photography.DarkroomProcessingLine - Processing screenshot image in /var/screenshots/screenshot-2213070611582870790
15:26:15.099 [main] DEBUG net.thucydides.core.steps.StepInterceptor - STEP DONE: diHomepageAltaShop
15:26:15.099 [Darkroom Processing Line] DEBUG net.serenitybdd.core.photography.DarkroomProcessingLine - Saving screenshot to target\site\serenity\5bfa30e14e36a999c606d40bdfa65566e9f5001c975604e71da837432c0bf14d.png
  &amp#27;[32mGiven &amp#27;[0m&amp#27;[32muser berada di Homepage AltaShop&amp#27;[0m    &amp#27;[90m# starter.stepdefinitions.LoginSteps.userBeradaDiHomepageAlta()&amp#27;[0m
15:26:15.123 [main] DEBUG net.thucydides.core.steps.StepInterceptor - STARTING STEP: LoginSteps.userKlikButtonLogin - klikButtonLogin
15:26:15.133 [Forwarding findElement on session db2f22b74979efe39f0b7e774045b5fd to remote] DEBUG org.asynchttpclient.netty.request.NettyRequestSender - Using pooled Channel '[id: 0x72dae327, L:/127.0.0.1:57742 - R:localhost/127.0.0.1:46862]' for 'POST' to 'http://localhost:46862/session/db2f22b74979efe39f0b7e774045b5fd/element'
15:26:15.133 [Forwarding findElement on session db2f22b74979efe39f0b7e774045b5fd to remote] DEBUG org.asynchttpclient.netty.request.NettyRequestSender - Using open Channel [id: 0x72dae327, L:/127.0.0.1:57742 - R:localhost/127.0.0.1:46862] for POST '/session/db2f22b74979efe39f0b7e774045b5fd/element'
15:26:15.160 [AsyncHttpClient-1-1] DEBUG org.asynchttpclient.netty.channel.DefaultChannelPool - Entry count for : http://localhost:57743 : 1
15:26:16.258 [AsyncHttpClient-1-1] DEBUG org.asynchttpclient.netty.channel.DefaultChannelPool - Entry count for : http://localhost:57743 : 1
15:26:17.346 [AsyncHttpClient-1-1] DEBUG org.asynchttpclient.netty.channel.DefaultChannelPool - Entry count for : http://localhost:57743 : 1
15:26:17.601 [AsyncHttpClient-1-5] DEBUG org.asynchttpclient.netty.handler.HttpHandler - 

Request DefaultHttpRequest(decodeResult: success, version: HTTP/1.1)
POST /session/db2f22b74979efe39f0b7e774045b5fd/element HTTP/1.1
User-Agent: selenium/4.7.1 (java windows)
Content-Length: 108
Content-Type: application/json; charset=utf-8
host: localhost:46862
accept: */*

Response DefaultHttpResponse(decodeResult: success, version: HTTP/1.1)
HTTP/1.1 200 OK
Content-Type: application/json; charset=utf-8
cache-control: no-cache
content-length: 94

15:26:17.601 [AsyncHttpClient-1-5] DEBUG org.asynchttpclient.netty.channel.ChannelManager - Adding key: http://localhost:46862 for channel [id: 0x72dae327, L:/127.0.0.1:57742 - R:localhost/127.0.0.1:46862]
15:26:17.604 [Forwarding getElementTagName on session db2f22b74979efe39f0b7e774045b5fd to remote] DEBUG org.asynchttpclient.netty.request.NettyRequestSender - Using pooled Channel '[id: 0x72dae327, L:/127.0.0.1:57742 - R:localhost/127.0.0.1:46862]' for 'GET' to 'http://localhost:46862/session/db2f22b74979efe39f0b7e774045b5fd/element/3E09210D19D4CE124BE5D2B02AA4763F_element_5/name'
15:26:17.604 [Forwarding getElementTagName on session db2f22b74979efe39f0b7e774045b5fd to remote] DEBUG org.asynchttpclient.netty.request.NettyRequestSender - Using open Channel [id: 0x72dae327, L:/127.0.0.1:57742 - R:localhost/127.0.0.1:46862] for GET '/session/db2f22b74979efe39f0b7e774045b5fd/element/3E09210D19D4CE124BE5D2B02AA4763F_element_5/name'
15:26:17.610 [AsyncHttpClient-1-5] DEBUG org.asynchttpclient.netty.handler.HttpHandler - 

Request DefaultFullHttpRequest(decodeResult: success, version: HTTP/1.1, content: EmptyByteBufBE)
GET /session/db2f22b74979efe39f0b7e774045b5fd/element/3E09210D19D4CE124BE5D2B02AA4763F_element_5/name HTTP/1.1
User-Agent: selenium/4.7.1 (java windows)
Cache-Control: no-cache
Content-Type: application/json; charset=utf-8
host: localhost:46862
accept: */*

Response DefaultHttpResponse(decodeResult: success, version: HTTP/1.1)
HTTP/1.1 200 OK
Content-Type: application/json; charset=utf-8
cache-control: no-cache
content-length: 18

15:26:17.611 [AsyncHttpClient-1-5] DEBUG org.asynchttpclient.netty.channel.ChannelManager - Adding key: http://localhost:46862 for channel [id: 0x72dae327, L:/127.0.0.1:57742 - R:localhost/127.0.0.1:46862]
15:26:17.612 [Forwarding getElementTagName on session db2f22b74979efe39f0b7e774045b5fd to remote] DEBUG org.asynchttpclient.netty.request.NettyRequestSender - Using pooled Channel '[id: 0x72dae327, L:/127.0.0.1:57742 - R:localhost/127.0.0.1:46862]' for 'GET' to 'http://localhost:46862/session/db2f22b74979efe39f0b7e774045b5fd/element/3E09210D19D4CE124BE5D2B02AA4763F_element_5/name'
15:26:17.612 [Forwarding getElementTagName on session db2f22b74979efe39f0b7e774045b5fd to remote] DEBUG org.asynchttpclient.netty.request.NettyRequestSender - Using open Channel [id: 0x72dae327, L:/127.0.0.1:57742 - R:localhost/127.0.0.1:46862] for GET '/session/db2f22b74979efe39f0b7e774045b5fd/element/3E09210D19D4CE124BE5D2B02AA4763F_element_5/name'
15:26:17.618 [AsyncHttpClient-1-5] DEBUG org.asynchttpclient.netty.handler.HttpHandler - 

Request DefaultFullHttpRequest(decodeResult: success, version: HTTP/1.1, content: EmptyByteBufBE)
GET /session/db2f22b74979efe39f0b7e774045b5fd/element/3E09210D19D4CE124BE5D2B02AA4763F_element_5/name HTTP/1.1
User-Agent: selenium/4.7.1 (java windows)
Cache-Control: no-cache
Content-Type: application/json; charset=utf-8
host: localhost:46862
accept: */*

Response DefaultHttpResponse(decodeResult: success, version: HTTP/1.1)
HTTP/1.1 200 OK
Content-Type: application/json; charset=utf-8
cache-control: no-cache
content-length: 18

15:26:17.618 [AsyncHttpClient-1-5] DEBUG org.asynchttpclient.netty.channel.ChannelManager - Adding key: http://localhost:46862 for channel [id: 0x72dae327, L:/127.0.0.1:57742 - R:localhost/127.0.0.1:46862]
15:26:17.621 [Forwarding isElementEnabled on session db2f22b74979efe39f0b7e774045b5fd to remote] DEBUG org.asynchttpclient.netty.request.NettyRequestSender - Using pooled Channel '[id: 0x72dae327, L:/127.0.0.1:57742 - R:localhost/127.0.0.1:46862]' for 'GET' to 'http://localhost:46862/session/db2f22b74979efe39f0b7e774045b5fd/element/3E09210D19D4CE124BE5D2B02AA4763F_element_5/enabled'
15:26:17.621 [Forwarding isElementEnabled on session db2f22b74979efe39f0b7e774045b5fd to remote] DEBUG org.asynchttpclient.netty.request.NettyRequestSender - Using open Channel [id: 0x72dae327, L:/127.0.0.1:57742 - R:localhost/127.0.0.1:46862] for GET '/session/db2f22b74979efe39f0b7e774045b5fd/element/3E09210D19D4CE124BE5D2B02AA4763F_element_5/enabled'
15:26:17.623 [AsyncHttpClient-1-5] DEBUG org.asynchttpclient.netty.handler.HttpHandler - 

Request DefaultFullHttpRequest(decodeResult: success, version: HTTP/1.1, content: EmptyByteBufBE)
GET /session/db2f22b74979efe39f0b7e774045b5fd/element/3E09210D19D4CE124BE5D2B02AA4763F_element_5/enabled HTTP/1.1
User-Agent: selenium/4.7.1 (java windows)
Cache-Control: no-cache
Content-Type: application/json; charset=utf-8
host: localhost:46862
accept: */*

Response DefaultHttpResponse(decodeResult: success, version: HTTP/1.1)
HTTP/1.1 200 OK
Content-Type: application/json; charset=utf-8
cache-control: no-cache
content-length: 14

15:26:17.623 [AsyncHttpClient-1-5] DEBUG org.asynchttpclient.netty.channel.ChannelManager - Adding key: http://localhost:46862 for channel [id: 0x72dae327, L:/127.0.0.1:57742 - R:localhost/127.0.0.1:46862]
15:26:17.623 [Forwarding isElementEnabled on session db2f22b74979efe39f0b7e774045b5fd to remote] DEBUG org.asynchttpclient.netty.request.NettyRequestSender - Using pooled Channel '[id: 0x72dae327, L:/127.0.0.1:57742 - R:localhost/127.0.0.1:46862]' for 'GET' to 'http://localhost:46862/session/db2f22b74979efe39f0b7e774045b5fd/element/3E09210D19D4CE124BE5D2B02AA4763F_element_5/enabled'
15:26:17.623 [Forwarding isElementEnabled on session db2f22b74979efe39f0b7e774045b5fd to remote] DEBUG org.asynchttpclient.netty.request.NettyRequestSender - Using open Channel [id: 0x72dae327, L:/127.0.0.1:57742 - R:localhost/127.0.0.1:46862] for GET '/session/db2f22b74979efe39f0b7e774045b5fd/element/3E09210D19D4CE124BE5D2B02AA4763F_element_5/enabled'
15:26:17.638 [AsyncHttpClient-1-5] DEBUG org.asynchttpclient.netty.handler.HttpHandler - 

Request DefaultFullHttpRequest(decodeResult: success, version: HTTP/1.1, content: EmptyByteBufBE)
GET /session/db2f22b74979efe39f0b7e774045b5fd/element/3E09210D19D4CE124BE5D2B02AA4763F_element_5/enabled HTTP/1.1
User-Agent: selenium/4.7.1 (java windows)
Cache-Control: no-cache
Content-Type: application/json; charset=utf-8
host: localhost:46862
accept: */*

Response DefaultHttpResponse(decodeResult: success, version: HTTP/1.1)
HTTP/1.1 200 OK
Content-Type: application/json; charset=utf-8
cache-control: no-cache
content-length: 14

15:26:17.638 [AsyncHttpClient-1-5] DEBUG org.asynchttpclient.netty.channel.ChannelManager - Adding key: http://localhost:46862 for channel [id: 0x72dae327, L:/127.0.0.1:57742 - R:localhost/127.0.0.1:46862]
15:26:17.638 [Forwarding findElement on session db2f22b74979efe39f0b7e774045b5fd to remote] DEBUG org.asynchttpclient.netty.request.NettyRequestSender - Using pooled Channel '[id: 0x72dae327, L:/127.0.0.1:57742 - R:localhost/127.0.0.1:46862]' for 'POST' to 'http://localhost:46862/session/db2f22b74979efe39f0b7e774045b5fd/element'
15:26:17.638 [Forwarding findElement on session db2f22b74979efe39f0b7e774045b5fd to remote] DEBUG org.asynchttpclient.netty.request.NettyRequestSender - Using open Channel [id: 0x72dae327, L:/127.0.0.1:57742 - R:localhost/127.0.0.1:46862] for POST '/session/db2f22b74979efe39f0b7e774045b5fd/element'
15:26:17.670 [AsyncHttpClient-1-5] DEBUG org.asynchttpclient.netty.handler.HttpHandler - 

Request DefaultHttpRequest(decodeResult: success, version: HTTP/1.1)
POST /session/db2f22b74979efe39f0b7e774045b5fd/element HTTP/1.1
User-Agent: selenium/4.7.1 (java windows)
Content-Length: 108
Content-Type: application/json; charset=utf-8
host: localhost:46862
accept: */*

Response DefaultHttpResponse(decodeResult: success, version: HTTP/1.1)
HTTP/1.1 200 OK
Content-Type: application/json; charset=utf-8
cache-control: no-cache
content-length: 94

15:26:17.670 [AsyncHttpClient-1-5] DEBUG org.asynchttpclient.netty.channel.ChannelManager - Adding key: http://localhost:46862 for channel [id: 0x72dae327, L:/127.0.0.1:57742 - R:localhost/127.0.0.1:46862]
15:26:17.670 [Forwarding clickElement on session db2f22b74979efe39f0b7e774045b5fd to remote] DEBUG org.asynchttpclient.netty.request.NettyRequestSender - Using pooled Channel '[id: 0x72dae327, L:/127.0.0.1:57742 - R:localhost/127.0.0.1:46862]' for 'POST' to 'http://localhost:46862/session/db2f22b74979efe39f0b7e774045b5fd/element/3E09210D19D4CE124BE5D2B02AA4763F_element_5/click'
15:26:17.670 [Forwarding clickElement on session db2f22b74979efe39f0b7e774045b5fd to remote] DEBUG org.asynchttpclient.netty.request.NettyRequestSender - Using open Channel [id: 0x72dae327, L:/127.0.0.1:57742 - R:localhost/127.0.0.1:46862] for POST '/session/db2f22b74979efe39f0b7e774045b5fd/element/3E09210D19D4CE124BE5D2B02AA4763F_element_5/click'
15:26:17.764 [AsyncHttpClient-1-5] DEBUG org.asynchttpclient.netty.handler.HttpHandler - 

Request DefaultHttpRequest(decodeResult: success, version: HTTP/1.1)
POST /session/db2f22b74979efe39f0b7e774045b5fd/element/3E09210D19D4CE124BE5D2B02AA4763F_element_5/click HTTP/1.1
User-Agent: selenium/4.7.1 (java windows)
Content-Length: 56
Content-Type: application/json; charset=utf-8
host: localhost:46862
accept: */*

Response DefaultHttpResponse(decodeResult: success, version: HTTP/1.1)
HTTP/1.1 200 OK
Content-Type: application/json; charset=utf-8
cache-control: no-cache
content-length: 14

15:26:17.765 [AsyncHttpClient-1-5] DEBUG org.asynchttpclient.netty.channel.ChannelManager - Adding key: http://localhost:46862 for channel [id: 0x72dae327, L:/127.0.0.1:57742 - R:localhost/127.0.0.1:46862]
15:26:17.779 [Forwarding getCurrentWindowHandle on session db2f22b74979efe39f0b7e774045b5fd to remote] DEBUG org.asynchttpclient.netty.request.NettyRequestSender - Using pooled Channel '[id: 0x72dae327, L:/127.0.0.1:57742 - R:localhost/127.0.0.1:46862]' for 'GET' to 'http://localhost:46862/session/db2f22b74979efe39f0b7e774045b5fd/window'
15:26:17.779 [Forwarding getCurrentWindowHandle on session db2f22b74979efe39f0b7e774045b5fd to remote] DEBUG org.asynchttpclient.netty.request.NettyRequestSender - Using open Channel [id: 0x72dae327, L:/127.0.0.1:57742 - R:localhost/127.0.0.1:46862] for GET '/session/db2f22b74979efe39f0b7e774045b5fd/window'
15:26:17.782 [AsyncHttpClient-1-5] DEBUG org.asynchttpclient.netty.handler.HttpHandler - 

Request DefaultFullHttpRequest(decodeResult: success, version: HTTP/1.1, content: EmptyByteBufBE)
GET /session/db2f22b74979efe39f0b7e774045b5fd/window HTTP/1.1
User-Agent: selenium/4.7.1 (java windows)
Cache-Control: no-cache
Content-Type: application/json; charset=utf-8
host: localhost:46862
accept: */*

Response DefaultHttpResponse(decodeResult: success, version: HTTP/1.1)
HTTP/1.1 200 OK
Content-Type: application/json; charset=utf-8
cache-control: no-cache
content-length: 44

15:26:17.782 [AsyncHttpClient-1-5] DEBUG org.asynchttpclient.netty.channel.ChannelManager - Adding key: http://localhost:46862 for channel [id: 0x72dae327, L:/127.0.0.1:57742 - R:localhost/127.0.0.1:46862]
15:26:17.787 [Forwarding getAlertText on session db2f22b74979efe39f0b7e774045b5fd to remote] DEBUG org.asynchttpclient.netty.request.NettyRequestSender - Using pooled Channel '[id: 0x72dae327, L:/127.0.0.1:57742 - R:localhost/127.0.0.1:46862]' for 'GET' to 'http://localhost:46862/session/db2f22b74979efe39f0b7e774045b5fd/alert/text'
15:26:17.787 [Forwarding getAlertText on session db2f22b74979efe39f0b7e774045b5fd to remote] DEBUG org.asynchttpclient.netty.request.NettyRequestSender - Using open Channel [id: 0x72dae327, L:/127.0.0.1:57742 - R:localhost/127.0.0.1:46862] for GET '/session/db2f22b74979efe39f0b7e774045b5fd/alert/text'
15:26:18.086 [AsyncHttpClient-1-5] DEBUG org.asynchttpclient.netty.handler.HttpHandler - 

Request DefaultFullHttpRequest(decodeResult: success, version: HTTP/1.1, content: EmptyByteBufBE)
GET /session/db2f22b74979efe39f0b7e774045b5fd/alert/text HTTP/1.1
User-Agent: selenium/4.7.1 (java windows)
Cache-Control: no-cache
Content-Type: application/json; charset=utf-8
host: localhost:46862
accept: */*

Response DefaultHttpResponse(decodeResult: success, version: HTTP/1.1)
HTTP/1.1 404 Not Found
Content-Type: application/json; charset=utf-8
cache-control: no-cache
content-length: 820

15:26:18.086 [AsyncHttpClient-1-5] DEBUG org.asynchttpclient.netty.channel.ChannelManager - Adding key: http://localhost:46862 for channel [id: 0x72dae327, L:/127.0.0.1:57742 - R:localhost/127.0.0.1:46862]
15:26:18.090 [Forwarding switchToWindow on session db2f22b74979efe39f0b7e774045b5fd to remote] DEBUG org.asynchttpclient.netty.request.NettyRequestSender - Using pooled Channel '[id: 0x72dae327, L:/127.0.0.1:57742 - R:localhost/127.0.0.1:46862]' for 'POST' to 'http://localhost:46862/session/db2f22b74979efe39f0b7e774045b5fd/window'
15:26:18.091 [Forwarding switchToWindow on session db2f22b74979efe39f0b7e774045b5fd to remote] DEBUG org.asynchttpclient.netty.request.NettyRequestSender - Using open Channel [id: 0x72dae327, L:/127.0.0.1:57742 - R:localhost/127.0.0.1:46862] for POST '/session/db2f22b74979efe39f0b7e774045b5fd/window'
15:26:18.094 [AsyncHttpClient-1-5] DEBUG org.asynchttpclient.netty.handler.HttpHandler - 

Request DefaultHttpRequest(decodeResult: success, version: HTTP/1.1)
POST /session/db2f22b74979efe39f0b7e774045b5fd/window HTTP/1.1
User-Agent: selenium/4.7.1 (java windows)
Content-Length: 50
Content-Type: application/json; charset=utf-8
host: localhost:46862
accept: */*

Response DefaultHttpResponse(decodeResult: success, version: HTTP/1.1)
HTTP/1.1 200 OK
Content-Type: application/json; charset=utf-8
cache-control: no-cache
content-length: 14

15:26:18.094 [AsyncHttpClient-1-5] DEBUG org.asynchttpclient.netty.channel.ChannelManager - Adding key: http://localhost:46862 for channel [id: 0x72dae327, L:/127.0.0.1:57742 - R:localhost/127.0.0.1:46862]
15:26:18.096 [Forwarding getCurrentUrl on session db2f22b74979efe39f0b7e774045b5fd to remote] DEBUG org.asynchttpclient.netty.request.NettyRequestSender - Using pooled Channel '[id: 0x72dae327, L:/127.0.0.1:57742 - R:localhost/127.0.0.1:46862]' for 'GET' to 'http://localhost:46862/session/db2f22b74979efe39f0b7e774045b5fd/url'
15:26:18.096 [Forwarding getCurrentUrl on session db2f22b74979efe39f0b7e774045b5fd to remote] DEBUG org.asynchttpclient.netty.request.NettyRequestSender - Using open Channel [id: 0x72dae327, L:/127.0.0.1:57742 - R:localhost/127.0.0.1:46862] for GET '/session/db2f22b74979efe39f0b7e774045b5fd/url'
15:26:18.103 [AsyncHttpClient-1-5] DEBUG org.asynchttpclient.netty.handler.HttpHandler - 

Request DefaultFullHttpRequest(decodeResult: success, version: HTTP/1.1, content: EmptyByteBufBE)
GET /session/db2f22b74979efe39f0b7e774045b5fd/url HTTP/1.1
User-Agent: selenium/4.7.1 (java windows)
Cache-Control: no-cache
Content-Type: application/json; charset=utf-8
host: localhost:46862
accept: */*

Response DefaultHttpResponse(decodeResult: success, version: HTTP/1.1)
HTTP/1.1 200 OK
Content-Type: application/json; charset=utf-8
cache-control: no-cache
content-length: 51

15:26:18.103 [AsyncHttpClient-1-5] DEBUG org.asynchttpclient.netty.channel.ChannelManager - Adding key: http://localhost:46862 for channel [id: 0x72dae327, L:/127.0.0.1:57742 - R:localhost/127.0.0.1:46862]
15:26:18.105 [Forwarding screenshot on session db2f22b74979efe39f0b7e774045b5fd to remote] DEBUG org.asynchttpclient.netty.request.NettyRequestSender - Using pooled Channel '[id: 0x72dae327, L:/127.0.0.1:57742 - R:localhost/127.0.0.1:46862]' for 'GET' to 'http://localhost:46862/session/db2f22b74979efe39f0b7e774045b5fd/screenshot'
15:26:18.105 [Forwarding screenshot on session db2f22b74979efe39f0b7e774045b5fd to remote] DEBUG org.asynchttpclient.netty.request.NettyRequestSender - Using open Channel [id: 0x72dae327, L:/127.0.0.1:57742 - R:localhost/127.0.0.1:46862] for GET '/session/db2f22b74979efe39f0b7e774045b5fd/screenshot'
15:26:18.223 [AsyncHttpClient-1-5] DEBUG org.asynchttpclient.netty.handler.HttpHandler - 

Request DefaultFullHttpRequest(decodeResult: success, version: HTTP/1.1, content: EmptyByteBufBE)
GET /session/db2f22b74979efe39f0b7e774045b5fd/screenshot HTTP/1.1
User-Agent: selenium/4.7.1 (java windows)
Cache-Control: no-cache
Content-Type: application/json; charset=utf-8
host: localhost:46862
accept: */*

Response DefaultHttpResponse(decodeResult: success, version: HTTP/1.1)
HTTP/1.1 200 OK
Content-Type: application/json; charset=utf-8
cache-control: no-cache
content-length: 26264

15:26:18.225 [AsyncHttpClient-1-5] DEBUG org.asynchttpclient.netty.channel.ChannelManager - Adding key: http://localhost:46862 for channel [id: 0x72dae327, L:/127.0.0.1:57742 - R:localhost/127.0.0.1:46862]
15:26:18.228 [main] DEBUG net.serenitybdd.core.photography.Darkroom - Send negative for processing for target\site\serenity\a4413543fcda17dda97509c633bca9519f8bc2913c263621c5f3ad179ab43bd1.png
15:26:18.228 [main] DEBUG net.thucydides.core.steps.StepInterceptor - STEP DONE: klikButtonLogin
15:26:18.228 [Darkroom Processing Line] DEBUG net.serenitybdd.core.photography.DarkroomProcessingLine - Processing screenshot image in /var/screenshots/screenshot-7206658366338143760
15:26:18.228 [Darkroom Processing Line] DEBUG net.serenitybdd.core.photography.DarkroomProcessingLine - Saving screenshot to target\site\serenity\a4413543fcda17dda97509c633bca9519f8bc2913c263621c5f3ad179ab43bd1.png
  &amp#27;[32mWhen &amp#27;[0m&amp#27;[32muser klik button login&amp#27;[0m               &amp#27;[90m# starter.stepdefinitions.LoginSteps.userKlikButtonLogin()&amp#27;[0m
15:26:18.247 [main] DEBUG net.thucydides.core.steps.StepInterceptor - STARTING STEP: LoginSteps.userInputEmailValid - inputEmail
15:26:18.251 [Forwarding findElement on session db2f22b74979efe39f0b7e774045b5fd to remote] DEBUG org.asynchttpclient.netty.request.NettyRequestSender - Using pooled Channel '[id: 0x72dae327, L:/127.0.0.1:57742 - R:localhost/127.0.0.1:46862]' for 'POST' to 'http://localhost:46862/session/db2f22b74979efe39f0b7e774045b5fd/element'
15:26:18.251 [Forwarding findElement on session db2f22b74979efe39f0b7e774045b5fd to remote] DEBUG org.asynchttpclient.netty.request.NettyRequestSender - Using open Channel [id: 0x72dae327, L:/127.0.0.1:57742 - R:localhost/127.0.0.1:46862] for POST '/session/db2f22b74979efe39f0b7e774045b5fd/element'
15:26:18.267 [AsyncHttpClient-1-5] DEBUG org.asynchttpclient.netty.handler.HttpHandler - 

Request DefaultHttpRequest(decodeResult: success, version: HTTP/1.1)
POST /session/db2f22b74979efe39f0b7e774045b5fd/element HTTP/1.1
User-Agent: selenium/4.7.1 (java windows)
Content-Length: 187
Content-Type: application/json; charset=utf-8
host: localhost:46862
accept: */*

Response DefaultHttpResponse(decodeResult: success, version: HTTP/1.1)
HTTP/1.1 200 OK
Content-Type: application/json; charset=utf-8
cache-control: no-cache
content-length: 94

15:26:18.268 [AsyncHttpClient-1-5] DEBUG org.asynchttpclient.netty.channel.ChannelManager - Adding key: http://localhost:46862 for channel [id: 0x72dae327, L:/127.0.0.1:57742 - R:localhost/127.0.0.1:46862]
15:26:18.269 [Forwarding clearElement on session db2f22b74979efe39f0b7e774045b5fd to remote] DEBUG org.asynchttpclient.netty.request.NettyRequestSender - Using pooled Channel '[id: 0x72dae327, L:/127.0.0.1:57742 - R:localhost/127.0.0.1:46862]' for 'POST' to 'http://localhost:46862/session/db2f22b74979efe39f0b7e774045b5fd/element/3E09210D19D4CE124BE5D2B02AA4763F_element_8/clear'
15:26:18.269 [Forwarding clearElement on session db2f22b74979efe39f0b7e774045b5fd to remote] DEBUG org.asynchttpclient.netty.request.NettyRequestSender - Using open Channel [id: 0x72dae327, L:/127.0.0.1:57742 - R:localhost/127.0.0.1:46862] for POST '/session/db2f22b74979efe39f0b7e774045b5fd/element/3E09210D19D4CE124BE5D2B02AA4763F_element_8/clear'
15:26:18.313 [AsyncHttpClient-1-5] DEBUG org.asynchttpclient.netty.handler.HttpHandler - 

Request DefaultHttpRequest(decodeResult: success, version: HTTP/1.1)
POST /session/db2f22b74979efe39f0b7e774045b5fd/element/3E09210D19D4CE124BE5D2B02AA4763F_element_8/clear HTTP/1.1
User-Agent: selenium/4.7.1 (java windows)
Content-Length: 56
Content-Type: application/json; charset=utf-8
host: localhost:46862
accept: */*

Response DefaultHttpResponse(decodeResult: success, version: HTTP/1.1)
HTTP/1.1 200 OK
Content-Type: application/json; charset=utf-8
cache-control: no-cache
content-length: 14

15:26:18.314 [AsyncHttpClient-1-5] DEBUG org.asynchttpclient.netty.channel.ChannelManager - Adding key: http://localhost:46862 for channel [id: 0x72dae327, L:/127.0.0.1:57742 - R:localhost/127.0.0.1:46862]
15:26:18.316 [Forwarding sendKeysToElement on session db2f22b74979efe39f0b7e774045b5fd to remote] DEBUG org.asynchttpclient.netty.request.NettyRequestSender - Using pooled Channel '[id: 0x72dae327, L:/127.0.0.1:57742 - R:localhost/127.0.0.1:46862]' for 'POST' to 'http://localhost:46862/session/db2f22b74979efe39f0b7e774045b5fd/element/3E09210D19D4CE124BE5D2B02AA4763F_element_8/value'
15:26:18.316 [Forwarding sendKeysToElement on session db2f22b74979efe39f0b7e774045b5fd to remote] DEBUG org.asynchttpclient.netty.request.NettyRequestSender - Using open Channel [id: 0x72dae327, L:/127.0.0.1:57742 - R:localhost/127.0.0.1:46862] for POST '/session/db2f22b74979efe39f0b7e774045b5fd/element/3E09210D19D4CE124BE5D2B02AA4763F_element_8/value'
15:26:18.419 [AsyncHttpClient-1-5] DEBUG org.asynchttpclient.netty.handler.HttpHandler - 

Request DefaultHttpRequest(decodeResult: success, version: HTTP/1.1)
POST /session/db2f22b74979efe39f0b7e774045b5fd/element/3E09210D19D4CE124BE5D2B02AA4763F_element_8/value HTTP/1.1
User-Agent: selenium/4.7.1 (java windows)
Content-Length: 217
Content-Type: application/json; charset=utf-8
host: localhost:46862
accept: */*

Response DefaultHttpResponse(decodeResult: success, version: HTTP/1.1)
HTTP/1.1 200 OK
Content-Type: application/json; charset=utf-8
cache-control: no-cache
content-length: 14

15:26:18.420 [AsyncHttpClient-1-5] DEBUG org.asynchttpclient.netty.channel.ChannelManager - Adding key: http://localhost:46862 for channel [id: 0x72dae327, L:/127.0.0.1:57742 - R:localhost/127.0.0.1:46862]
15:26:18.431 [Forwarding getCurrentWindowHandle on session db2f22b74979efe39f0b7e774045b5fd to remote] DEBUG org.asynchttpclient.netty.request.NettyRequestSender - Using pooled Channel '[id: 0x72dae327, L:/127.0.0.1:57742 - R:localhost/127.0.0.1:46862]' for 'GET' to 'http://localhost:46862/session/db2f22b74979efe39f0b7e774045b5fd/window'
15:26:18.431 [Forwarding getCurrentWindowHandle on session db2f22b74979efe39f0b7e774045b5fd to remote] DEBUG org.asynchttpclient.netty.request.NettyRequestSender - Using open Channel [id: 0x72dae327, L:/127.0.0.1:57742 - R:localhost/127.0.0.1:46862] for GET '/session/db2f22b74979efe39f0b7e774045b5fd/window'
15:26:18.432 [AsyncHttpClient-1-5] DEBUG org.asynchttpclient.netty.handler.HttpHandler - 

Request DefaultFullHttpRequest(decodeResult: success, version: HTTP/1.1, content: EmptyByteBufBE)
GET /session/db2f22b74979efe39f0b7e774045b5fd/window HTTP/1.1
User-Agent: selenium/4.7.1 (java windows)
Cache-Control: no-cache
Content-Type: application/json; charset=utf-8
host: localhost:46862
accept: */*

Response DefaultHttpResponse(decodeResult: success, version: HTTP/1.1)
HTTP/1.1 200 OK
Content-Type: application/json; charset=utf-8
cache-control: no-cache
content-length: 44

15:26:18.432 [AsyncHttpClient-1-5] DEBUG org.asynchttpclient.netty.channel.ChannelManager - Adding key: http://localhost:46862 for channel [id: 0x72dae327, L:/127.0.0.1:57742 - R:localhost/127.0.0.1:46862]
15:26:18.434 [Forwarding getAlertText on session db2f22b74979efe39f0b7e774045b5fd to remote] DEBUG org.asynchttpclient.netty.request.NettyRequestSender - Using pooled Channel '[id: 0x72dae327, L:/127.0.0.1:57742 - R:localhost/127.0.0.1:46862]' for 'GET' to 'http://localhost:46862/session/db2f22b74979efe39f0b7e774045b5fd/alert/text'
15:26:18.434 [Forwarding getAlertText on session db2f22b74979efe39f0b7e774045b5fd to remote] DEBUG org.asynchttpclient.netty.request.NettyRequestSender - Using open Channel [id: 0x72dae327, L:/127.0.0.1:57742 - R:localhost/127.0.0.1:46862] for GET '/session/db2f22b74979efe39f0b7e774045b5fd/alert/text'
15:26:18.436 [AsyncHttpClient-1-5] DEBUG org.asynchttpclient.netty.handler.HttpHandler - 

Request DefaultFullHttpRequest(decodeResult: success, version: HTTP/1.1, content: EmptyByteBufBE)
GET /session/db2f22b74979efe39f0b7e774045b5fd/alert/text HTTP/1.1
User-Agent: selenium/4.7.1 (java windows)
Cache-Control: no-cache
Content-Type: application/json; charset=utf-8
host: localhost:46862
accept: */*

Response DefaultHttpResponse(decodeResult: success, version: HTTP/1.1)
HTTP/1.1 404 Not Found
Content-Type: application/json; charset=utf-8
cache-control: no-cache
content-length: 820

15:26:18.436 [AsyncHttpClient-1-5] DEBUG org.asynchttpclient.netty.channel.ChannelManager - Adding key: http://localhost:46862 for channel [id: 0x72dae327, L:/127.0.0.1:57742 - R:localhost/127.0.0.1:46862]
15:26:18.440 [Forwarding switchToWindow on session db2f22b74979efe39f0b7e774045b5fd to remote] DEBUG org.asynchttpclient.netty.request.NettyRequestSender - Using pooled Channel '[id: 0x72dae327, L:/127.0.0.1:57742 - R:localhost/127.0.0.1:46862]' for 'POST' to 'http://localhost:46862/session/db2f22b74979efe39f0b7e774045b5fd/window'
15:26:18.440 [Forwarding switchToWindow on session db2f22b74979efe39f0b7e774045b5fd to remote] DEBUG org.asynchttpclient.netty.request.NettyRequestSender - Using open Channel [id: 0x72dae327, L:/127.0.0.1:57742 - R:localhost/127.0.0.1:46862] for POST '/session/db2f22b74979efe39f0b7e774045b5fd/window'
15:26:18.442 [AsyncHttpClient-1-5] DEBUG org.asynchttpclient.netty.handler.HttpHandler - 

Request DefaultHttpRequest(decodeResult: success, version: HTTP/1.1)
POST /session/db2f22b74979efe39f0b7e774045b5fd/window HTTP/1.1
User-Agent: selenium/4.7.1 (java windows)
Content-Length: 50
Content-Type: application/json; charset=utf-8
host: localhost:46862
accept: */*

Response DefaultHttpResponse(decodeResult: success, version: HTTP/1.1)
HTTP/1.1 200 OK
Content-Type: application/json; charset=utf-8
cache-control: no-cache
content-length: 14

15:26:18.442 [AsyncHttpClient-1-5] DEBUG org.asynchttpclient.netty.channel.ChannelManager - Adding key: http://localhost:46862 for channel [id: 0x72dae327, L:/127.0.0.1:57742 - R:localhost/127.0.0.1:46862]
15:26:18.443 [Forwarding getCurrentUrl on session db2f22b74979efe39f0b7e774045b5fd to remote] DEBUG org.asynchttpclient.netty.request.NettyRequestSender - Using pooled Channel '[id: 0x72dae327, L:/127.0.0.1:57742 - R:localhost/127.0.0.1:46862]' for 'GET' to 'http://localhost:46862/session/db2f22b74979efe39f0b7e774045b5fd/url'
15:26:18.443 [Forwarding getCurrentUrl on session db2f22b74979efe39f0b7e774045b5fd to remote] DEBUG org.asynchttpclient.netty.request.NettyRequestSender - Using open Channel [id: 0x72dae327, L:/127.0.0.1:57742 - R:localhost/127.0.0.1:46862] for GET '/session/db2f22b74979efe39f0b7e774045b5fd/url'
15:26:18.448 [AsyncHttpClient-1-5] DEBUG org.asynchttpclient.netty.handler.HttpHandler - 

Request DefaultFullHttpRequest(decodeResult: success, version: HTTP/1.1, content: EmptyByteBufBE)
GET /session/db2f22b74979efe39f0b7e774045b5fd/url HTTP/1.1
User-Agent: selenium/4.7.1 (java windows)
Cache-Control: no-cache
Content-Type: application/json; charset=utf-8
host: localhost:46862
accept: */*

Response DefaultHttpResponse(decodeResult: success, version: HTTP/1.1)
HTTP/1.1 200 OK
Content-Type: application/json; charset=utf-8
cache-control: no-cache
content-length: 51

15:26:18.448 [AsyncHttpClient-1-5] DEBUG org.asynchttpclient.netty.channel.ChannelManager - Adding key: http://localhost:46862 for channel [id: 0x72dae327, L:/127.0.0.1:57742 - R:localhost/127.0.0.1:46862]
15:26:18.449 [Forwarding screenshot on session db2f22b74979efe39f0b7e774045b5fd to remote] DEBUG org.asynchttpclient.netty.request.NettyRequestSender - Using pooled Channel '[id: 0x72dae327, L:/127.0.0.1:57742 - R:localhost/127.0.0.1:46862]' for 'GET' to 'http://localhost:46862/session/db2f22b74979efe39f0b7e774045b5fd/screenshot'
15:26:18.450 [Forwarding screenshot on session db2f22b74979efe39f0b7e774045b5fd to remote] DEBUG org.asynchttpclient.netty.request.NettyRequestSender - Using open Channel [id: 0x72dae327, L:/127.0.0.1:57742 - R:localhost/127.0.0.1:46862] for GET '/session/db2f22b74979efe39f0b7e774045b5fd/screenshot'
15:26:18.450 [AsyncHttpClient-1-1] DEBUG org.asynchttpclient.netty.channel.DefaultChannelPool - Entry count for : http://localhost:57743 : 1
15:26:18.545 [AsyncHttpClient-1-5] DEBUG org.asynchttpclient.netty.handler.HttpHandler - 

Request DefaultFullHttpRequest(decodeResult: success, version: HTTP/1.1, content: EmptyByteBufBE)
GET /session/db2f22b74979efe39f0b7e774045b5fd/screenshot HTTP/1.1
User-Agent: selenium/4.7.1 (java windows)
Cache-Control: no-cache
Content-Type: application/json; charset=utf-8
host: localhost:46862
accept: */*

Response DefaultHttpResponse(decodeResult: success, version: HTTP/1.1)
HTTP/1.1 200 OK
Content-Type: application/json; charset=utf-8
cache-control: no-cache
content-length: 29880

15:26:18.546 [AsyncHttpClient-1-5] DEBUG org.asynchttpclient.netty.channel.ChannelManager - Adding key: http://localhost:46862 for channel [id: 0x72dae327, L:/127.0.0.1:57742 - R:localhost/127.0.0.1:46862]
15:26:18.547 [main] DEBUG net.serenitybdd.core.photography.Darkroom - Send negative for processing for target\site\serenity\a007213a106f4cdd76c430669bf9b54effe08fb484bbfb33f841726122c8bb92.png
15:26:18.548 [main] DEBUG net.thucydides.core.steps.StepInterceptor - STEP DONE: inputEmail
15:26:18.548 [Darkroom Processing Line] DEBUG net.serenitybdd.core.photography.DarkroomProcessingLine - Processing screenshot image in /var/screenshots/screenshot-13670578018818471236
  &amp#27;[32mAnd &amp#27;[0m&amp#27;[32muser input email valid&amp#27;[0m                &amp#27;[90m# starter.stepdefinitions.LoginSteps.userInputEmailValid()&amp#27;[0m
15:26:18.548 [Darkroom Processing Line] DEBUG net.serenitybdd.core.photography.DarkroomProcessingLine - Saving screenshot to target\site\serenity\a007213a106f4cdd76c430669bf9b54effe08fb484bbfb33f841726122c8bb92.png
15:26:18.561 [main] DEBUG net.thucydides.core.steps.StepInterceptor - STARTING STEP: LoginSteps.userInputPasswordValid - inputPassword
15:26:18.563 [Forwarding findElement on session db2f22b74979efe39f0b7e774045b5fd to remote] DEBUG org.asynchttpclient.netty.request.NettyRequestSender - Using pooled Channel '[id: 0x72dae327, L:/127.0.0.1:57742 - R:localhost/127.0.0.1:46862]' for 'POST' to 'http://localhost:46862/session/db2f22b74979efe39f0b7e774045b5fd/element'
15:26:18.563 [Forwarding findElement on session db2f22b74979efe39f0b7e774045b5fd to remote] DEBUG org.asynchttpclient.netty.request.NettyRequestSender - Using open Channel [id: 0x72dae327, L:/127.0.0.1:57742 - R:localhost/127.0.0.1:46862] for POST '/session/db2f22b74979efe39f0b7e774045b5fd/element'
15:26:18.579 [AsyncHttpClient-1-5] DEBUG org.asynchttpclient.netty.handler.HttpHandler - 

Request DefaultHttpRequest(decodeResult: success, version: HTTP/1.1)
POST /session/db2f22b74979efe39f0b7e774045b5fd/element HTTP/1.1
User-Agent: selenium/4.7.1 (java windows)
Content-Length: 187
Content-Type: application/json; charset=utf-8
host: localhost:46862
accept: */*

Response DefaultHttpResponse(decodeResult: success, version: HTTP/1.1)
HTTP/1.1 200 OK
Content-Type: application/json; charset=utf-8
cache-control: no-cache
content-length: 95

15:26:18.579 [AsyncHttpClient-1-5] DEBUG org.asynchttpclient.netty.channel.ChannelManager - Adding key: http://localhost:46862 for channel [id: 0x72dae327, L:/127.0.0.1:57742 - R:localhost/127.0.0.1:46862]
15:26:18.581 [Forwarding clearElement on session db2f22b74979efe39f0b7e774045b5fd to remote] DEBUG org.asynchttpclient.netty.request.NettyRequestSender - Using pooled Channel '[id: 0x72dae327, L:/127.0.0.1:57742 - R:localhost/127.0.0.1:46862]' for 'POST' to 'http://localhost:46862/session/db2f22b74979efe39f0b7e774045b5fd/element/3E09210D19D4CE124BE5D2B02AA4763F_element_11/clear'
15:26:18.581 [Forwarding clearElement on session db2f22b74979efe39f0b7e774045b5fd to remote] DEBUG org.asynchttpclient.netty.request.NettyRequestSender - Using open Channel [id: 0x72dae327, L:/127.0.0.1:57742 - R:localhost/127.0.0.1:46862] for POST '/session/db2f22b74979efe39f0b7e774045b5fd/element/3E09210D19D4CE124BE5D2B02AA4763F_element_11/clear'
15:26:18.611 [AsyncHttpClient-1-5] DEBUG org.asynchttpclient.netty.handler.HttpHandler - 

Request DefaultHttpRequest(decodeResult: success, version: HTTP/1.1)
POST /session/db2f22b74979efe39f0b7e774045b5fd/element/3E09210D19D4CE124BE5D2B02AA4763F_element_11/clear HTTP/1.1
User-Agent: selenium/4.7.1 (java windows)
Content-Length: 57
Content-Type: application/json; charset=utf-8
host: localhost:46862
accept: */*

Response DefaultHttpResponse(decodeResult: success, version: HTTP/1.1)
HTTP/1.1 200 OK
Content-Type: application/json; charset=utf-8
cache-control: no-cache
content-length: 14

15:26:18.612 [AsyncHttpClient-1-5] DEBUG org.asynchttpclient.netty.channel.ChannelManager - Adding key: http://localhost:46862 for channel [id: 0x72dae327, L:/127.0.0.1:57742 - R:localhost/127.0.0.1:46862]
15:26:18.614 [Forwarding sendKeysToElement on session db2f22b74979efe39f0b7e774045b5fd to remote] DEBUG org.asynchttpclient.netty.request.NettyRequestSender - Using pooled Channel '[id: 0x72dae327, L:/127.0.0.1:57742 - R:localhost/127.0.0.1:46862]' for 'POST' to 'http://localhost:46862/session/db2f22b74979efe39f0b7e774045b5fd/element/3E09210D19D4CE124BE5D2B02AA4763F_element_11/value'
15:26:18.614 [Forwarding sendKeysToElement on session db2f22b74979efe39f0b7e774045b5fd to remote] DEBUG org.asynchttpclient.netty.request.NettyRequestSender - Using open Channel [id: 0x72dae327, L:/127.0.0.1:57742 - R:localhost/127.0.0.1:46862] for POST '/session/db2f22b74979efe39f0b7e774045b5fd/element/3E09210D19D4CE124BE5D2B02AA4763F_element_11/value'
15:26:18.679 [AsyncHttpClient-1-5] DEBUG org.asynchttpclient.netty.handler.HttpHandler - 

Request DefaultHttpRequest(decodeResult: success, version: HTTP/1.1)
POST /session/db2f22b74979efe39f0b7e774045b5fd/element/3E09210D19D4CE124BE5D2B02AA4763F_element_11/value HTTP/1.1
User-Agent: selenium/4.7.1 (java windows)
Content-Length: 118
Content-Type: application/json; charset=utf-8
host: localhost:46862
accept: */*

Response DefaultHttpResponse(decodeResult: success, version: HTTP/1.1)
HTTP/1.1 200 OK
Content-Type: application/json; charset=utf-8
cache-control: no-cache
content-length: 14

15:26:18.679 [AsyncHttpClient-1-5] DEBUG org.asynchttpclient.netty.channel.ChannelManager - Adding key: http://localhost:46862 for channel [id: 0x72dae327, L:/127.0.0.1:57742 - R:localhost/127.0.0.1:46862]
15:26:18.686 [Forwarding getCurrentWindowHandle on session db2f22b74979efe39f0b7e774045b5fd to remote] DEBUG org.asynchttpclient.netty.request.NettyRequestSender - Using pooled Channel '[id: 0x72dae327, L:/127.0.0.1:57742 - R:localhost/127.0.0.1:46862]' for 'GET' to 'http://localhost:46862/session/db2f22b74979efe39f0b7e774045b5fd/window'
15:26:18.686 [Forwarding getCurrentWindowHandle on session db2f22b74979efe39f0b7e774045b5fd to remote] DEBUG org.asynchttpclient.netty.request.NettyRequestSender - Using open Channel [id: 0x72dae327, L:/127.0.0.1:57742 - R:localhost/127.0.0.1:46862] for GET '/session/db2f22b74979efe39f0b7e774045b5fd/window'
15:26:18.688 [AsyncHttpClient-1-5] DEBUG org.asynchttpclient.netty.handler.HttpHandler - 

Request DefaultFullHttpRequest(decodeResult: success, version: HTTP/1.1, content: EmptyByteBufBE)
GET /session/db2f22b74979efe39f0b7e774045b5fd/window HTTP/1.1
User-Agent: selenium/4.7.1 (java windows)
Cache-Control: no-cache
Content-Type: application/json; charset=utf-8
host: localhost:46862
accept: */*

Response DefaultHttpResponse(decodeResult: success, version: HTTP/1.1)
HTTP/1.1 200 OK
Content-Type: application/json; charset=utf-8
cache-control: no-cache
content-length: 44

15:26:18.688 [AsyncHttpClient-1-5] DEBUG org.asynchttpclient.netty.channel.ChannelManager - Adding key: http://localhost:46862 for channel [id: 0x72dae327, L:/127.0.0.1:57742 - R:localhost/127.0.0.1:46862]
15:26:18.691 [Forwarding getAlertText on session db2f22b74979efe39f0b7e774045b5fd to remote] DEBUG org.asynchttpclient.netty.request.NettyRequestSender - Using pooled Channel '[id: 0x72dae327, L:/127.0.0.1:57742 - R:localhost/127.0.0.1:46862]' for 'GET' to 'http://localhost:46862/session/db2f22b74979efe39f0b7e774045b5fd/alert/text'
15:26:18.691 [Forwarding getAlertText on session db2f22b74979efe39f0b7e774045b5fd to remote] DEBUG org.asynchttpclient.netty.request.NettyRequestSender - Using open Channel [id: 0x72dae327, L:/127.0.0.1:57742 - R:localhost/127.0.0.1:46862] for GET '/session/db2f22b74979efe39f0b7e774045b5fd/alert/text'
15:26:18.694 [AsyncHttpClient-1-5] DEBUG org.asynchttpclient.netty.handler.HttpHandler - 

Request DefaultFullHttpRequest(decodeResult: success, version: HTTP/1.1, content: EmptyByteBufBE)
GET /session/db2f22b74979efe39f0b7e774045b5fd/alert/text HTTP/1.1
User-Agent: selenium/4.7.1 (java windows)
Cache-Control: no-cache
Content-Type: application/json; charset=utf-8
host: localhost:46862
accept: */*

Response DefaultHttpResponse(decodeResult: success, version: HTTP/1.1)
HTTP/1.1 404 Not Found
Content-Type: application/json; charset=utf-8
cache-control: no-cache
content-length: 820

15:26:18.694 [AsyncHttpClient-1-5] DEBUG org.asynchttpclient.netty.channel.ChannelManager - Adding key: http://localhost:46862 for channel [id: 0x72dae327, L:/127.0.0.1:57742 - R:localhost/127.0.0.1:46862]
15:26:18.697 [Forwarding switchToWindow on session db2f22b74979efe39f0b7e774045b5fd to remote] DEBUG org.asynchttpclient.netty.request.NettyRequestSender - Using pooled Channel '[id: 0x72dae327, L:/127.0.0.1:57742 - R:localhost/127.0.0.1:46862]' for 'POST' to 'http://localhost:46862/session/db2f22b74979efe39f0b7e774045b5fd/window'
15:26:18.697 [Forwarding switchToWindow on session db2f22b74979efe39f0b7e774045b5fd to remote] DEBUG org.asynchttpclient.netty.request.NettyRequestSender - Using open Channel [id: 0x72dae327, L:/127.0.0.1:57742 - R:localhost/127.0.0.1:46862] for POST '/session/db2f22b74979efe39f0b7e774045b5fd/window'
15:26:18.699 [AsyncHttpClient-1-5] DEBUG org.asynchttpclient.netty.handler.HttpHandler - 

Request DefaultHttpRequest(decodeResult: success, version: HTTP/1.1)
POST /session/db2f22b74979efe39f0b7e774045b5fd/window HTTP/1.1
User-Agent: selenium/4.7.1 (java windows)
Content-Length: 50
Content-Type: application/json; charset=utf-8
host: localhost:46862
accept: */*

Response DefaultHttpResponse(decodeResult: success, version: HTTP/1.1)
HTTP/1.1 200 OK
Content-Type: application/json; charset=utf-8
cache-control: no-cache
content-length: 14

15:26:18.699 [AsyncHttpClient-1-5] DEBUG org.asynchttpclient.netty.channel.ChannelManager - Adding key: http://localhost:46862 for channel [id: 0x72dae327, L:/127.0.0.1:57742 - R:localhost/127.0.0.1:46862]
15:26:18.700 [Forwarding getCurrentUrl on session db2f22b74979efe39f0b7e774045b5fd to remote] DEBUG org.asynchttpclient.netty.request.NettyRequestSender - Using pooled Channel '[id: 0x72dae327, L:/127.0.0.1:57742 - R:localhost/127.0.0.1:46862]' for 'GET' to 'http://localhost:46862/session/db2f22b74979efe39f0b7e774045b5fd/url'
15:26:18.700 [Forwarding getCurrentUrl on session db2f22b74979efe39f0b7e774045b5fd to remote] DEBUG org.asynchttpclient.netty.request.NettyRequestSender - Using open Channel [id: 0x72dae327, L:/127.0.0.1:57742 - R:localhost/127.0.0.1:46862] for GET '/session/db2f22b74979efe39f0b7e774045b5fd/url'
15:26:18.705 [AsyncHttpClient-1-5] DEBUG org.asynchttpclient.netty.handler.HttpHandler - 

Request DefaultFullHttpRequest(decodeResult: success, version: HTTP/1.1, content: EmptyByteBufBE)
GET /session/db2f22b74979efe39f0b7e774045b5fd/url HTTP/1.1
User-Agent: selenium/4.7.1 (java windows)
Cache-Control: no-cache
Content-Type: application/json; charset=utf-8
host: localhost:46862
accept: */*

Response DefaultHttpResponse(decodeResult: success, version: HTTP/1.1)
HTTP/1.1 200 OK
Content-Type: application/json; charset=utf-8
cache-control: no-cache
content-length: 51

15:26:18.705 [AsyncHttpClient-1-5] DEBUG org.asynchttpclient.netty.channel.ChannelManager - Adding key: http://localhost:46862 for channel [id: 0x72dae327, L:/127.0.0.1:57742 - R:localhost/127.0.0.1:46862]
15:26:18.706 [Forwarding screenshot on session db2f22b74979efe39f0b7e774045b5fd to remote] DEBUG org.asynchttpclient.netty.request.NettyRequestSender - Using pooled Channel '[id: 0x72dae327, L:/127.0.0.1:57742 - R:localhost/127.0.0.1:46862]' for 'GET' to 'http://localhost:46862/session/db2f22b74979efe39f0b7e774045b5fd/screenshot'
15:26:18.706 [Forwarding screenshot on session db2f22b74979efe39f0b7e774045b5fd to remote] DEBUG org.asynchttpclient.netty.request.NettyRequestSender - Using open Channel [id: 0x72dae327, L:/127.0.0.1:57742 - R:localhost/127.0.0.1:46862] for GET '/session/db2f22b74979efe39f0b7e774045b5fd/screenshot'
15:26:18.816 [AsyncHttpClient-1-5] DEBUG org.asynchttpclient.netty.handler.HttpHandler - 

Request DefaultFullHttpRequest(decodeResult: success, version: HTTP/1.1, content: EmptyByteBufBE)
GET /session/db2f22b74979efe39f0b7e774045b5fd/screenshot HTTP/1.1
User-Agent: selenium/4.7.1 (java windows)
Cache-Control: no-cache
Content-Type: application/json; charset=utf-8
host: localhost:46862
accept: */*

Response DefaultHttpResponse(decodeResult: success, version: HTTP/1.1)
HTTP/1.1 200 OK
Content-Type: application/json; charset=utf-8
cache-control: no-cache
content-length: 29964

15:26:18.817 [AsyncHttpClient-1-5] DEBUG org.asynchttpclient.netty.channel.ChannelManager - Adding key: http://localhost:46862 for channel [id: 0x72dae327, L:/127.0.0.1:57742 - R:localhost/127.0.0.1:46862]
15:26:18.819 [main] DEBUG net.serenitybdd.core.photography.Darkroom - Send negative for processing for target\site\serenity\9e0479cd571add347e9bb4e3e0cdc5271ba4b5505b9d9552ce02eb14992041b5.png
15:26:18.819 [main] DEBUG net.thucydides.core.steps.StepInterceptor - STEP DONE: inputPassword
  &amp#27;[32mAnd &amp#27;[0m&amp#27;[32muser input password valid&amp#27;[0m             &amp#27;[90m# starter.stepdefinitions.LoginSteps.userInputPasswordValid()&amp#27;[0m
15:26:18.820 [Darkroom Processing Line] DEBUG net.serenitybdd.core.photography.DarkroomProcessingLine - Processing screenshot image in /var/screenshots/screenshot-9353134808015296663
15:26:18.820 [Darkroom Processing Line] DEBUG net.serenitybdd.core.photography.DarkroomProcessingLine - Saving screenshot to target\site\serenity\9e0479cd571add347e9bb4e3e0cdc5271ba4b5505b9d9552ce02eb14992041b5.png
15:26:18.836 [main] DEBUG net.thucydides.core.steps.StepInterceptor - STARTING STEP: LoginSteps.userKlikButtonLoginYangKedua - klikButtonLoginKedua
15:26:18.840 [Forwarding findElement on session db2f22b74979efe39f0b7e774045b5fd to remote] DEBUG org.asynchttpclient.netty.request.NettyRequestSender - Using pooled Channel '[id: 0x72dae327, L:/127.0.0.1:57742 - R:localhost/127.0.0.1:46862]' for 'POST' to 'http://localhost:46862/session/db2f22b74979efe39f0b7e774045b5fd/element'
15:26:18.841 [Forwarding findElement on session db2f22b74979efe39f0b7e774045b5fd to remote] DEBUG org.asynchttpclient.netty.request.NettyRequestSender - Using open Channel [id: 0x72dae327, L:/127.0.0.1:57742 - R:localhost/127.0.0.1:46862] for POST '/session/db2f22b74979efe39f0b7e774045b5fd/element'
15:26:18.855 [AsyncHttpClient-1-5] DEBUG org.asynchttpclient.netty.handler.HttpHandler - 

Request DefaultHttpRequest(decodeResult: success, version: HTTP/1.1)
POST /session/db2f22b74979efe39f0b7e774045b5fd/element HTTP/1.1
User-Agent: selenium/4.7.1 (java windows)
Content-Length: 141
Content-Type: application/json; charset=utf-8
host: localhost:46862
accept: */*

Response DefaultHttpResponse(decodeResult: success, version: HTTP/1.1)
HTTP/1.1 200 OK
Content-Type: application/json; charset=utf-8
cache-control: no-cache
content-length: 95

15:26:18.855 [AsyncHttpClient-1-5] DEBUG org.asynchttpclient.netty.channel.ChannelManager - Adding key: http://localhost:46862 for channel [id: 0x72dae327, L:/127.0.0.1:57742 - R:localhost/127.0.0.1:46862]
15:26:18.858 [Forwarding getElementTagName on session db2f22b74979efe39f0b7e774045b5fd to remote] DEBUG org.asynchttpclient.netty.request.NettyRequestSender - Using pooled Channel '[id: 0x72dae327, L:/127.0.0.1:57742 - R:localhost/127.0.0.1:46862]' for 'GET' to 'http://localhost:46862/session/db2f22b74979efe39f0b7e774045b5fd/element/3E09210D19D4CE124BE5D2B02AA4763F_element_13/name'
15:26:18.859 [Forwarding getElementTagName on session db2f22b74979efe39f0b7e774045b5fd to remote] DEBUG org.asynchttpclient.netty.request.NettyRequestSender - Using open Channel [id: 0x72dae327, L:/127.0.0.1:57742 - R:localhost/127.0.0.1:46862] for GET '/session/db2f22b74979efe39f0b7e774045b5fd/element/3E09210D19D4CE124BE5D2B02AA4763F_element_13/name'
15:26:18.865 [AsyncHttpClient-1-5] DEBUG org.asynchttpclient.netty.handler.HttpHandler - 

Request DefaultFullHttpRequest(decodeResult: success, version: HTTP/1.1, content: EmptyByteBufBE)
GET /session/db2f22b74979efe39f0b7e774045b5fd/element/3E09210D19D4CE124BE5D2B02AA4763F_element_13/name HTTP/1.1
User-Agent: selenium/4.7.1 (java windows)
Cache-Control: no-cache
Content-Type: application/json; charset=utf-8
host: localhost:46862
accept: */*

Response DefaultHttpResponse(decodeResult: success, version: HTTP/1.1)
HTTP/1.1 200 OK
Content-Type: application/json; charset=utf-8
cache-control: no-cache
content-length: 18

15:26:18.865 [AsyncHttpClient-1-5] DEBUG org.asynchttpclient.netty.channel.ChannelManager - Adding key: http://localhost:46862 for channel [id: 0x72dae327, L:/127.0.0.1:57742 - R:localhost/127.0.0.1:46862]
15:26:18.866 [Forwarding getElementTagName on session db2f22b74979efe39f0b7e774045b5fd to remote] DEBUG org.asynchttpclient.netty.request.NettyRequestSender - Using pooled Channel '[id: 0x72dae327, L:/127.0.0.1:57742 - R:localhost/127.0.0.1:46862]' for 'GET' to 'http://localhost:46862/session/db2f22b74979efe39f0b7e774045b5fd/element/3E09210D19D4CE124BE5D2B02AA4763F_element_13/name'
15:26:18.867 [Forwarding getElementTagName on session db2f22b74979efe39f0b7e774045b5fd to remote] DEBUG org.asynchttpclient.netty.request.NettyRequestSender - Using open Channel [id: 0x72dae327, L:/127.0.0.1:57742 - R:localhost/127.0.0.1:46862] for GET '/session/db2f22b74979efe39f0b7e774045b5fd/element/3E09210D19D4CE124BE5D2B02AA4763F_element_13/name'
15:26:18.872 [AsyncHttpClient-1-5] DEBUG org.asynchttpclient.netty.handler.HttpHandler - 

Request DefaultFullHttpRequest(decodeResult: success, version: HTTP/1.1, content: EmptyByteBufBE)
GET /session/db2f22b74979efe39f0b7e774045b5fd/element/3E09210D19D4CE124BE5D2B02AA4763F_element_13/name HTTP/1.1
User-Agent: selenium/4.7.1 (java windows)
Cache-Control: no-cache
Content-Type: application/json; charset=utf-8
host: localhost:46862
accept: */*

Response DefaultHttpResponse(decodeResult: success, version: HTTP/1.1)
HTTP/1.1 200 OK
Content-Type: application/json; charset=utf-8
cache-control: no-cache
content-length: 18

15:26:18.873 [AsyncHttpClient-1-5] DEBUG org.asynchttpclient.netty.channel.ChannelManager - Adding key: http://localhost:46862 for channel [id: 0x72dae327, L:/127.0.0.1:57742 - R:localhost/127.0.0.1:46862]
15:26:18.876 [Forwarding isElementEnabled on session db2f22b74979efe39f0b7e774045b5fd to remote] DEBUG org.asynchttpclient.netty.request.NettyRequestSender - Using pooled Channel '[id: 0x72dae327, L:/127.0.0.1:57742 - R:localhost/127.0.0.1:46862]' for 'GET' to 'http://localhost:46862/session/db2f22b74979efe39f0b7e774045b5fd/element/3E09210D19D4CE124BE5D2B02AA4763F_element_13/enabled'
15:26:18.876 [Forwarding isElementEnabled on session db2f22b74979efe39f0b7e774045b5fd to remote] DEBUG org.asynchttpclient.netty.request.NettyRequestSender - Using open Channel [id: 0x72dae327, L:/127.0.0.1:57742 - R:localhost/127.0.0.1:46862] for GET '/session/db2f22b74979efe39f0b7e774045b5fd/element/3E09210D19D4CE124BE5D2B02AA4763F_element_13/enabled'
15:26:18.888 [AsyncHttpClient-1-5] DEBUG org.asynchttpclient.netty.handler.HttpHandler - 

Request DefaultFullHttpRequest(decodeResult: success, version: HTTP/1.1, content: EmptyByteBufBE)
GET /session/db2f22b74979efe39f0b7e774045b5fd/element/3E09210D19D4CE124BE5D2B02AA4763F_element_13/enabled HTTP/1.1
User-Agent: selenium/4.7.1 (java windows)
Cache-Control: no-cache
Content-Type: application/json; charset=utf-8
host: localhost:46862
accept: */*

Response DefaultHttpResponse(decodeResult: success, version: HTTP/1.1)
HTTP/1.1 200 OK
Content-Type: application/json; charset=utf-8
cache-control: no-cache
content-length: 14

15:26:18.888 [AsyncHttpClient-1-5] DEBUG org.asynchttpclient.netty.channel.ChannelManager - Adding key: http://localhost:46862 for channel [id: 0x72dae327, L:/127.0.0.1:57742 - R:localhost/127.0.0.1:46862]
15:26:18.892 [Forwarding isElementEnabled on session db2f22b74979efe39f0b7e774045b5fd to remote] DEBUG org.asynchttpclient.netty.request.NettyRequestSender - Using pooled Channel '[id: 0x72dae327, L:/127.0.0.1:57742 - R:localhost/127.0.0.1:46862]' for 'GET' to 'http://localhost:46862/session/db2f22b74979efe39f0b7e774045b5fd/element/3E09210D19D4CE124BE5D2B02AA4763F_element_13/enabled'
15:26:18.892 [Forwarding isElementEnabled on session db2f22b74979efe39f0b7e774045b5fd to remote] DEBUG org.asynchttpclient.netty.request.NettyRequestSender - Using open Channel [id: 0x72dae327, L:/127.0.0.1:57742 - R:localhost/127.0.0.1:46862] for GET '/session/db2f22b74979efe39f0b7e774045b5fd/element/3E09210D19D4CE124BE5D2B02AA4763F_element_13/enabled'
15:26:18.901 [AsyncHttpClient-1-5] DEBUG org.asynchttpclient.netty.handler.HttpHandler - 

Request DefaultFullHttpRequest(decodeResult: success, version: HTTP/1.1, content: EmptyByteBufBE)
GET /session/db2f22b74979efe39f0b7e774045b5fd/element/3E09210D19D4CE124BE5D2B02AA4763F_element_13/enabled HTTP/1.1
User-Agent: selenium/4.7.1 (java windows)
Cache-Control: no-cache
Content-Type: application/json; charset=utf-8
host: localhost:46862
accept: */*

Response DefaultHttpResponse(decodeResult: success, version: HTTP/1.1)
HTTP/1.1 200 OK
Content-Type: application/json; charset=utf-8
cache-control: no-cache
content-length: 14

15:26:18.902 [AsyncHttpClient-1-5] DEBUG org.asynchttpclient.netty.channel.ChannelManager - Adding key: http://localhost:46862 for channel [id: 0x72dae327, L:/127.0.0.1:57742 - R:localhost/127.0.0.1:46862]
15:26:18.906 [Forwarding findElement on session db2f22b74979efe39f0b7e774045b5fd to remote] DEBUG org.asynchttpclient.netty.request.NettyRequestSender - Using pooled Channel '[id: 0x72dae327, L:/127.0.0.1:57742 - R:localhost/127.0.0.1:46862]' for 'POST' to 'http://localhost:46862/session/db2f22b74979efe39f0b7e774045b5fd/element'
15:26:18.906 [Forwarding findElement on session db2f22b74979efe39f0b7e774045b5fd to remote] DEBUG org.asynchttpclient.netty.request.NettyRequestSender - Using open Channel [id: 0x72dae327, L:/127.0.0.1:57742 - R:localhost/127.0.0.1:46862] for POST '/session/db2f22b74979efe39f0b7e774045b5fd/element'
15:26:18.919 [AsyncHttpClient-1-5] DEBUG org.asynchttpclient.netty.handler.HttpHandler - 

Request DefaultHttpRequest(decodeResult: success, version: HTTP/1.1)
POST /session/db2f22b74979efe39f0b7e774045b5fd/element HTTP/1.1
User-Agent: selenium/4.7.1 (java windows)
Content-Length: 141
Content-Type: application/json; charset=utf-8
host: localhost:46862
accept: */*

Response DefaultHttpResponse(decodeResult: success, version: HTTP/1.1)
HTTP/1.1 200 OK
Content-Type: application/json; charset=utf-8
cache-control: no-cache
content-length: 95

15:26:18.919 [AsyncHttpClient-1-5] DEBUG org.asynchttpclient.netty.channel.ChannelManager - Adding key: http://localhost:46862 for channel [id: 0x72dae327, L:/127.0.0.1:57742 - R:localhost/127.0.0.1:46862]
15:26:18.921 [Forwarding clickElement on session db2f22b74979efe39f0b7e774045b5fd to remote] DEBUG org.asynchttpclient.netty.request.NettyRequestSender - Using pooled Channel '[id: 0x72dae327, L:/127.0.0.1:57742 - R:localhost/127.0.0.1:46862]' for 'POST' to 'http://localhost:46862/session/db2f22b74979efe39f0b7e774045b5fd/element/3E09210D19D4CE124BE5D2B02AA4763F_element_13/click'
15:26:18.921 [Forwarding clickElement on session db2f22b74979efe39f0b7e774045b5fd to remote] DEBUG org.asynchttpclient.netty.request.NettyRequestSender - Using open Channel [id: 0x72dae327, L:/127.0.0.1:57742 - R:localhost/127.0.0.1:46862] for POST '/session/db2f22b74979efe39f0b7e774045b5fd/element/3E09210D19D4CE124BE5D2B02AA4763F_element_13/click'
15:26:18.993 [AsyncHttpClient-1-5] DEBUG org.asynchttpclient.netty.handler.HttpHandler - 

Request DefaultHttpRequest(decodeResult: success, version: HTTP/1.1)
POST /session/db2f22b74979efe39f0b7e774045b5fd/element/3E09210D19D4CE124BE5D2B02AA4763F_element_13/click HTTP/1.1
User-Agent: selenium/4.7.1 (java windows)
Content-Length: 57
Content-Type: application/json; charset=utf-8
host: localhost:46862
accept: */*

Response DefaultHttpResponse(decodeResult: success, version: HTTP/1.1)
HTTP/1.1 200 OK
Content-Type: application/json; charset=utf-8
cache-control: no-cache
content-length: 14

15:26:18.994 [AsyncHttpClient-1-5] DEBUG org.asynchttpclient.netty.channel.ChannelManager - Adding key: http://localhost:46862 for channel [id: 0x72dae327, L:/127.0.0.1:57742 - R:localhost/127.0.0.1:46862]
15:26:19.003 [Forwarding getCurrentWindowHandle on session db2f22b74979efe39f0b7e774045b5fd to remote] DEBUG org.asynchttpclient.netty.request.NettyRequestSender - Using pooled Channel '[id: 0x72dae327, L:/127.0.0.1:57742 - R:localhost/127.0.0.1:46862]' for 'GET' to 'http://localhost:46862/session/db2f22b74979efe39f0b7e774045b5fd/window'
15:26:19.003 [Forwarding getCurrentWindowHandle on session db2f22b74979efe39f0b7e774045b5fd to remote] DEBUG org.asynchttpclient.netty.request.NettyRequestSender - Using open Channel [id: 0x72dae327, L:/127.0.0.1:57742 - R:localhost/127.0.0.1:46862] for GET '/session/db2f22b74979efe39f0b7e774045b5fd/window'
15:26:19.005 [AsyncHttpClient-1-5] DEBUG org.asynchttpclient.netty.handler.HttpHandler - 

Request DefaultFullHttpRequest(decodeResult: success, version: HTTP/1.1, content: EmptyByteBufBE)
GET /session/db2f22b74979efe39f0b7e774045b5fd/window HTTP/1.1
User-Agent: selenium/4.7.1 (java windows)
Cache-Control: no-cache
Content-Type: application/json; charset=utf-8
host: localhost:46862
accept: */*

Response DefaultHttpResponse(decodeResult: success, version: HTTP/1.1)
HTTP/1.1 200 OK
Content-Type: application/json; charset=utf-8
cache-control: no-cache
content-length: 44

15:26:19.005 [AsyncHttpClient-1-5] DEBUG org.asynchttpclient.netty.channel.ChannelManager - Adding key: http://localhost:46862 for channel [id: 0x72dae327, L:/127.0.0.1:57742 - R:localhost/127.0.0.1:46862]
15:26:19.009 [Forwarding getAlertText on session db2f22b74979efe39f0b7e774045b5fd to remote] DEBUG org.asynchttpclient.netty.request.NettyRequestSender - Using pooled Channel '[id: 0x72dae327, L:/127.0.0.1:57742 - R:localhost/127.0.0.1:46862]' for 'GET' to 'http://localhost:46862/session/db2f22b74979efe39f0b7e774045b5fd/alert/text'
15:26:19.009 [Forwarding getAlertText on session db2f22b74979efe39f0b7e774045b5fd to remote] DEBUG org.asynchttpclient.netty.request.NettyRequestSender - Using open Channel [id: 0x72dae327, L:/127.0.0.1:57742 - R:localhost/127.0.0.1:46862] for GET '/session/db2f22b74979efe39f0b7e774045b5fd/alert/text'
15:26:19.012 [AsyncHttpClient-1-5] DEBUG org.asynchttpclient.netty.handler.HttpHandler - 

Request DefaultFullHttpRequest(decodeResult: success, version: HTTP/1.1, content: EmptyByteBufBE)
GET /session/db2f22b74979efe39f0b7e774045b5fd/alert/text HTTP/1.1
User-Agent: selenium/4.7.1 (java windows)
Cache-Control: no-cache
Content-Type: application/json; charset=utf-8
host: localhost:46862
accept: */*

Response DefaultHttpResponse(decodeResult: success, version: HTTP/1.1)
HTTP/1.1 404 Not Found
Content-Type: application/json; charset=utf-8
cache-control: no-cache
content-length: 820

15:26:19.012 [AsyncHttpClient-1-5] DEBUG org.asynchttpclient.netty.channel.ChannelManager - Adding key: http://localhost:46862 for channel [id: 0x72dae327, L:/127.0.0.1:57742 - R:localhost/127.0.0.1:46862]
15:26:19.015 [Forwarding switchToWindow on session db2f22b74979efe39f0b7e774045b5fd to remote] DEBUG org.asynchttpclient.netty.request.NettyRequestSender - Using pooled Channel '[id: 0x72dae327, L:/127.0.0.1:57742 - R:localhost/127.0.0.1:46862]' for 'POST' to 'http://localhost:46862/session/db2f22b74979efe39f0b7e774045b5fd/window'
15:26:19.015 [Forwarding switchToWindow on session db2f22b74979efe39f0b7e774045b5fd to remote] DEBUG org.asynchttpclient.netty.request.NettyRequestSender - Using open Channel [id: 0x72dae327, L:/127.0.0.1:57742 - R:localhost/127.0.0.1:46862] for POST '/session/db2f22b74979efe39f0b7e774045b5fd/window'
15:26:19.017 [AsyncHttpClient-1-5] DEBUG org.asynchttpclient.netty.handler.HttpHandler - 

Request DefaultHttpRequest(decodeResult: success, version: HTTP/1.1)
POST /session/db2f22b74979efe39f0b7e774045b5fd/window HTTP/1.1
User-Agent: selenium/4.7.1 (java windows)
Content-Length: 50
Content-Type: application/json; charset=utf-8
host: localhost:46862
accept: */*

Response DefaultHttpResponse(decodeResult: success, version: HTTP/1.1)
HTTP/1.1 200 OK
Content-Type: application/json; charset=utf-8
cache-control: no-cache
content-length: 14

15:26:19.017 [AsyncHttpClient-1-5] DEBUG org.asynchttpclient.netty.channel.ChannelManager - Adding key: http://localhost:46862 for channel [id: 0x72dae327, L:/127.0.0.1:57742 - R:localhost/127.0.0.1:46862]
15:26:19.018 [Forwarding getCurrentUrl on session db2f22b74979efe39f0b7e774045b5fd to remote] DEBUG org.asynchttpclient.netty.request.NettyRequestSender - Using pooled Channel '[id: 0x72dae327, L:/127.0.0.1:57742 - R:localhost/127.0.0.1:46862]' for 'GET' to 'http://localhost:46862/session/db2f22b74979efe39f0b7e774045b5fd/url'
15:26:19.018 [Forwarding getCurrentUrl on session db2f22b74979efe39f0b7e774045b5fd to remote] DEBUG org.asynchttpclient.netty.request.NettyRequestSender - Using open Channel [id: 0x72dae327, L:/127.0.0.1:57742 - R:localhost/127.0.0.1:46862] for GET '/session/db2f22b74979efe39f0b7e774045b5fd/url'
15:26:19.026 [AsyncHttpClient-1-5] DEBUG org.asynchttpclient.netty.handler.HttpHandler - 

Request DefaultFullHttpRequest(decodeResult: success, version: HTTP/1.1, content: EmptyByteBufBE)
GET /session/db2f22b74979efe39f0b7e774045b5fd/url HTTP/1.1
User-Agent: selenium/4.7.1 (java windows)
Cache-Control: no-cache
Content-Type: application/json; charset=utf-8
host: localhost:46862
accept: */*

Response DefaultHttpResponse(decodeResult: success, version: HTTP/1.1)
HTTP/1.1 200 OK
Content-Type: application/json; charset=utf-8
cache-control: no-cache
content-length: 51

15:26:19.026 [AsyncHttpClient-1-5] DEBUG org.asynchttpclient.netty.channel.ChannelManager - Adding key: http://localhost:46862 for channel [id: 0x72dae327, L:/127.0.0.1:57742 - R:localhost/127.0.0.1:46862]
15:26:19.027 [Forwarding screenshot on session db2f22b74979efe39f0b7e774045b5fd to remote] DEBUG org.asynchttpclient.netty.request.NettyRequestSender - Using pooled Channel '[id: 0x72dae327, L:/127.0.0.1:57742 - R:localhost/127.0.0.1:46862]' for 'GET' to 'http://localhost:46862/session/db2f22b74979efe39f0b7e774045b5fd/screenshot'
15:26:19.027 [Forwarding screenshot on session db2f22b74979efe39f0b7e774045b5fd to remote] DEBUG org.asynchttpclient.netty.request.NettyRequestSender - Using open Channel [id: 0x72dae327, L:/127.0.0.1:57742 - R:localhost/127.0.0.1:46862] for GET '/session/db2f22b74979efe39f0b7e774045b5fd/screenshot'
15:26:19.546 [AsyncHttpClient-1-1] DEBUG org.asynchttpclient.netty.channel.DefaultChannelPool - Entry count for : http://localhost:57743 : 1
15:26:20.657 [AsyncHttpClient-1-1] DEBUG org.asynchttpclient.netty.channel.DefaultChannelPool - Entry count for : http://localhost:57743 : 1
15:26:20.889 [AsyncHttpClient-1-5] DEBUG org.asynchttpclient.netty.handler.HttpHandler - 

Request DefaultFullHttpRequest(decodeResult: success, version: HTTP/1.1, content: EmptyByteBufBE)
GET /session/db2f22b74979efe39f0b7e774045b5fd/screenshot HTTP/1.1
User-Agent: selenium/4.7.1 (java windows)
Cache-Control: no-cache
Content-Type: application/json; charset=utf-8
host: localhost:46862
accept: */*

Response DefaultHttpResponse(decodeResult: success, version: HTTP/1.1)
HTTP/1.1 200 OK
Content-Type: application/json; charset=utf-8
cache-control: no-cache
content-length: 29536

15:26:20.890 [AsyncHttpClient-1-5] DEBUG org.asynchttpclient.netty.channel.ChannelManager - Adding key: http://localhost:46862 for channel [id: 0x72dae327, L:/127.0.0.1:57742 - R:localhost/127.0.0.1:46862]
15:26:20.893 [main] DEBUG net.serenitybdd.core.photography.Darkroom - Send negative for processing for target\site\serenity\68b5edeeb17e63f0b17e47854b6add2d8e8608545b2a5a238042dbcedfcea2fa.png
15:26:20.894 [Darkroom Processing Line] DEBUG net.serenitybdd.core.photography.DarkroomProcessingLine - Processing screenshot image in /var/screenshots/screenshot-17340486117285685901
15:26:20.894 [Darkroom Processing Line] DEBUG net.serenitybdd.core.photography.DarkroomProcessingLine - Saving screenshot to target\site\serenity\68b5edeeb17e63f0b17e47854b6add2d8e8608545b2a5a238042dbcedfcea2fa.png
15:26:20.894 [main] DEBUG net.thucydides.core.steps.StepInterceptor - STEP DONE: klikButtonLoginKedua
  &amp#27;[32mThen &amp#27;[0m&amp#27;[32muser klik button login yang kedua&amp#27;[0m    &amp#27;[90m# starter.stepdefinitions.LoginSteps.userKlikButtonLoginYangKedua()&amp#27;[0m
15:26:20.913 [main] DEBUG net.thucydides.core.steps.StepInterceptor - STARTING STEP: LoginSteps.userKembaliDiHomepageAltaShop - menujuHomepageKembali
15:26:20.916 [Forwarding findElement on session db2f22b74979efe39f0b7e774045b5fd to remote] DEBUG org.asynchttpclient.netty.request.NettyRequestSender - Using pooled Channel '[id: 0x72dae327, L:/127.0.0.1:57742 - R:localhost/127.0.0.1:46862]' for 'POST' to 'http://localhost:46862/session/db2f22b74979efe39f0b7e774045b5fd/element'
15:26:20.916 [Forwarding findElement on session db2f22b74979efe39f0b7e774045b5fd to remote] DEBUG org.asynchttpclient.netty.request.NettyRequestSender - Using open Channel [id: 0x72dae327, L:/127.0.0.1:57742 - R:localhost/127.0.0.1:46862] for POST '/session/db2f22b74979efe39f0b7e774045b5fd/element'
15:26:20.935 [AsyncHttpClient-1-5] DEBUG org.asynchttpclient.netty.handler.HttpHandler - 

Request DefaultHttpRequest(decodeResult: success, version: HTTP/1.1)
POST /session/db2f22b74979efe39f0b7e774045b5fd/element HTTP/1.1
User-Agent: selenium/4.7.1 (java windows)
Content-Length: 81
Content-Type: application/json; charset=utf-8
host: localhost:46862
accept: */*

Response DefaultHttpResponse(decodeResult: success, version: HTTP/1.1)
HTTP/1.1 200 OK
Content-Type: application/json; charset=utf-8
cache-control: no-cache
content-length: 95

15:26:20.936 [AsyncHttpClient-1-5] DEBUG org.asynchttpclient.netty.channel.ChannelManager - Adding key: http://localhost:46862 for channel [id: 0x72dae327, L:/127.0.0.1:57742 - R:localhost/127.0.0.1:46862]
15:26:20.940 [Forwarding isElementDisplayed on session db2f22b74979efe39f0b7e774045b5fd to remote] DEBUG org.asynchttpclient.netty.request.NettyRequestSender - Using pooled Channel '[id: 0x72dae327, L:/127.0.0.1:57742 - R:localhost/127.0.0.1:46862]' for 'POST' to 'http://localhost:46862/session/db2f22b74979efe39f0b7e774045b5fd/execute/sync'
15:26:20.940 [Forwarding isElementDisplayed on session db2f22b74979efe39f0b7e774045b5fd to remote] DEBUG org.asynchttpclient.netty.request.NettyRequestSender - Using open Channel [id: 0x72dae327, L:/127.0.0.1:57742 - R:localhost/127.0.0.1:46862] for POST '/session/db2f22b74979efe39f0b7e774045b5fd/execute/sync'
15:26:20.955 [AsyncHttpClient-1-5] DEBUG org.asynchttpclient.netty.handler.HttpHandler - 

Request DefaultHttpRequest(decodeResult: success, version: HTTP/1.1)
POST /session/db2f22b74979efe39f0b7e774045b5fd/execute/sync HTTP/1.1
User-Agent: selenium/4.7.1 (java windows)
Content-Length: 48787
Content-Type: application/json; charset=utf-8
host: localhost:46862
accept: */*

Response DefaultHttpResponse(decodeResult: success, version: HTTP/1.1)
HTTP/1.1 200 OK
Content-Type: application/json; charset=utf-8
cache-control: no-cache
content-length: 14

15:26:20.955 [AsyncHttpClient-1-5] DEBUG org.asynchttpclient.netty.channel.ChannelManager - Adding key: http://localhost:46862 for channel [id: 0x72dae327, L:/127.0.0.1:57742 - R:localhost/127.0.0.1:46862]
15:26:20.963 [Forwarding getCurrentWindowHandle on session db2f22b74979efe39f0b7e774045b5fd to remote] DEBUG org.asynchttpclient.netty.request.NettyRequestSender - Using pooled Channel '[id: 0x72dae327, L:/127.0.0.1:57742 - R:localhost/127.0.0.1:46862]' for 'GET' to 'http://localhost:46862/session/db2f22b74979efe39f0b7e774045b5fd/window'
15:26:20.963 [Forwarding getCurrentWindowHandle on session db2f22b74979efe39f0b7e774045b5fd to remote] DEBUG org.asynchttpclient.netty.request.NettyRequestSender - Using open Channel [id: 0x72dae327, L:/127.0.0.1:57742 - R:localhost/127.0.0.1:46862] for GET '/session/db2f22b74979efe39f0b7e774045b5fd/window'
15:26:20.964 [AsyncHttpClient-1-5] DEBUG org.asynchttpclient.netty.handler.HttpHandler - 

Request DefaultFullHttpRequest(decodeResult: success, version: HTTP/1.1, content: EmptyByteBufBE)
GET /session/db2f22b74979efe39f0b7e774045b5fd/window HTTP/1.1
User-Agent: selenium/4.7.1 (java windows)
Cache-Control: no-cache
Content-Type: application/json; charset=utf-8
host: localhost:46862
accept: */*

Response DefaultHttpResponse(decodeResult: success, version: HTTP/1.1)
HTTP/1.1 200 OK
Content-Type: application/json; charset=utf-8
cache-control: no-cache
content-length: 44

15:26:20.965 [AsyncHttpClient-1-5] DEBUG org.asynchttpclient.netty.channel.ChannelManager - Adding key: http://localhost:46862 for channel [id: 0x72dae327, L:/127.0.0.1:57742 - R:localhost/127.0.0.1:46862]
15:26:20.967 [Forwarding getAlertText on session db2f22b74979efe39f0b7e774045b5fd to remote] DEBUG org.asynchttpclient.netty.request.NettyRequestSender - Using pooled Channel '[id: 0x72dae327, L:/127.0.0.1:57742 - R:localhost/127.0.0.1:46862]' for 'GET' to 'http://localhost:46862/session/db2f22b74979efe39f0b7e774045b5fd/alert/text'
15:26:20.967 [Forwarding getAlertText on session db2f22b74979efe39f0b7e774045b5fd to remote] DEBUG org.asynchttpclient.netty.request.NettyRequestSender - Using open Channel [id: 0x72dae327, L:/127.0.0.1:57742 - R:localhost/127.0.0.1:46862] for GET '/session/db2f22b74979efe39f0b7e774045b5fd/alert/text'
15:26:20.969 [AsyncHttpClient-1-5] DEBUG org.asynchttpclient.netty.handler.HttpHandler - 

Request DefaultFullHttpRequest(decodeResult: success, version: HTTP/1.1, content: EmptyByteBufBE)
GET /session/db2f22b74979efe39f0b7e774045b5fd/alert/text HTTP/1.1
User-Agent: selenium/4.7.1 (java windows)
Cache-Control: no-cache
Content-Type: application/json; charset=utf-8
host: localhost:46862
accept: */*

Response DefaultHttpResponse(decodeResult: success, version: HTTP/1.1)
HTTP/1.1 404 Not Found
Content-Type: application/json; charset=utf-8
cache-control: no-cache
content-length: 820

15:26:20.969 [AsyncHttpClient-1-5] DEBUG org.asynchttpclient.netty.channel.ChannelManager - Adding key: http://localhost:46862 for channel [id: 0x72dae327, L:/127.0.0.1:57742 - R:localhost/127.0.0.1:46862]
15:26:20.972 [Forwarding switchToWindow on session db2f22b74979efe39f0b7e774045b5fd to remote] DEBUG org.asynchttpclient.netty.request.NettyRequestSender - Using pooled Channel '[id: 0x72dae327, L:/127.0.0.1:57742 - R:localhost/127.0.0.1:46862]' for 'POST' to 'http://localhost:46862/session/db2f22b74979efe39f0b7e774045b5fd/window'
15:26:20.972 [Forwarding switchToWindow on session db2f22b74979efe39f0b7e774045b5fd to remote] DEBUG org.asynchttpclient.netty.request.NettyRequestSender - Using open Channel [id: 0x72dae327, L:/127.0.0.1:57742 - R:localhost/127.0.0.1:46862] for POST '/session/db2f22b74979efe39f0b7e774045b5fd/window'
15:26:20.975 [AsyncHttpClient-1-5] DEBUG org.asynchttpclient.netty.handler.HttpHandler - 

Request DefaultHttpRequest(decodeResult: success, version: HTTP/1.1)
POST /session/db2f22b74979efe39f0b7e774045b5fd/window HTTP/1.1
User-Agent: selenium/4.7.1 (java windows)
Content-Length: 50
Content-Type: application/json; charset=utf-8
host: localhost:46862
accept: */*

Response DefaultHttpResponse(decodeResult: success, version: HTTP/1.1)
HTTP/1.1 200 OK
Content-Type: application/json; charset=utf-8
cache-control: no-cache
content-length: 14

15:26:20.975 [AsyncHttpClient-1-5] DEBUG org.asynchttpclient.netty.channel.ChannelManager - Adding key: http://localhost:46862 for channel [id: 0x72dae327, L:/127.0.0.1:57742 - R:localhost/127.0.0.1:46862]
15:26:20.976 [Forwarding getCurrentUrl on session db2f22b74979efe39f0b7e774045b5fd to remote] DEBUG org.asynchttpclient.netty.request.NettyRequestSender - Using pooled Channel '[id: 0x72dae327, L:/127.0.0.1:57742 - R:localhost/127.0.0.1:46862]' for 'GET' to 'http://localhost:46862/session/db2f22b74979efe39f0b7e774045b5fd/url'
15:26:20.977 [Forwarding getCurrentUrl on session db2f22b74979efe39f0b7e774045b5fd to remote] DEBUG org.asynchttpclient.netty.request.NettyRequestSender - Using open Channel [id: 0x72dae327, L:/127.0.0.1:57742 - R:localhost/127.0.0.1:46862] for GET '/session/db2f22b74979efe39f0b7e774045b5fd/url'
15:26:20.983 [AsyncHttpClient-1-5] DEBUG org.asynchttpclient.netty.handler.HttpHandler - 

Request DefaultFullHttpRequest(decodeResult: success, version: HTTP/1.1, content: EmptyByteBufBE)
GET /session/db2f22b74979efe39f0b7e774045b5fd/url HTTP/1.1
User-Agent: selenium/4.7.1 (java windows)
Cache-Control: no-cache
Content-Type: application/json; charset=utf-8
host: localhost:46862
accept: */*

Response DefaultHttpResponse(decodeResult: success, version: HTTP/1.1)
HTTP/1.1 200 OK
Content-Type: application/json; charset=utf-8
cache-control: no-cache
content-length: 41

15:26:20.983 [AsyncHttpClient-1-5] DEBUG org.asynchttpclient.netty.channel.ChannelManager - Adding key: http://localhost:46862 for channel [id: 0x72dae327, L:/127.0.0.1:57742 - R:localhost/127.0.0.1:46862]
15:26:20.984 [Forwarding screenshot on session db2f22b74979efe39f0b7e774045b5fd to remote] DEBUG org.asynchttpclient.netty.request.NettyRequestSender - Using pooled Channel '[id: 0x72dae327, L:/127.0.0.1:57742 - R:localhost/127.0.0.1:46862]' for 'GET' to 'http://localhost:46862/session/db2f22b74979efe39f0b7e774045b5fd/screenshot'
15:26:20.984 [Forwarding screenshot on session db2f22b74979efe39f0b7e774045b5fd to remote] DEBUG org.asynchttpclient.netty.request.NettyRequestSender - Using open Channel [id: 0x72dae327, L:/127.0.0.1:57742 - R:localhost/127.0.0.1:46862] for GET '/session/db2f22b74979efe39f0b7e774045b5fd/screenshot'
15:26:21.083 [AsyncHttpClient-1-5] DEBUG org.asynchttpclient.netty.handler.HttpHandler - 

Request DefaultFullHttpRequest(decodeResult: success, version: HTTP/1.1, content: EmptyByteBufBE)
GET /session/db2f22b74979efe39f0b7e774045b5fd/screenshot HTTP/1.1
User-Agent: selenium/4.7.1 (java windows)
Cache-Control: no-cache
Content-Type: application/json; charset=utf-8
host: localhost:46862
accept: */*

Response DefaultHttpResponse(decodeResult: success, version: HTTP/1.1)
HTTP/1.1 200 OK
Content-Type: application/json; charset=utf-8
cache-control: no-cache
content-length: 29084

15:26:21.084 [AsyncHttpClient-1-5] DEBUG org.asynchttpclient.netty.channel.ChannelManager - Adding key: http://localhost:46862 for channel [id: 0x72dae327, L:/127.0.0.1:57742 - R:localhost/127.0.0.1:46862]
15:26:21.086 [main] DEBUG net.serenitybdd.core.photography.Darkroom - Send negative for processing for target\site\serenity\a3ab94266eb1e6ba2d7674c9f8e49bfb4248670faa2c40eab0057e99c1a70c9a.png
15:26:21.086 [main] DEBUG net.thucydides.core.steps.StepInterceptor - STEP DONE: menujuHomepageKembali
15:26:21.086 [Darkroom Processing Line] DEBUG net.serenitybdd.core.photography.DarkroomProcessingLine - Processing screenshot image in /var/screenshots/screenshot-3469472009994953002
15:26:21.086 [Darkroom Processing Line] DEBUG net.serenitybdd.core.photography.DarkroomProcessingLine - Saving screenshot to target\site\serenity\a3ab94266eb1e6ba2d7674c9f8e49bfb4248670faa2c40eab0057e99c1a70c9a.png
  &amp#27;[32mAnd &amp#27;[0m&amp#27;[32muser kembali di homepage AltaShop&amp#27;[0m     &amp#27;[90m# starter.stepdefinitions.LoginSteps.userKembaliDiHomepageAltaShop()&amp#27;[0m
15:26:21.094 [main] INFO  - 
  _____   ___   ___   _____     ___     _     ___   ___   ___   ___  
 |_   _| | __| / __| |_   _|   | _ \   /_\   / __| / __| | __| |   \ 
   | |   | _|  \__ \   | |     |  _/  / _ \  \__ \ \__ \ | _|  | |) |
   |_|   |___| |___/   |_|     |_|   /_/ \_\ |___/ |___/ |___| |___/ 

user bisa login dengan data valid
----------------------------------------------------------------------
15:26:21.097 [Driver Command Executor] DEBUG org.asynchttpclient.netty.request.NettyRequestSender - Using pooled Channel '[id: 0x72dae327, L:/127.0.0.1:57742 - R:localhost/127.0.0.1:46862]' for 'DELETE' to 'http://localhost:46862/session/db2f22b74979efe39f0b7e774045b5fd'
15:26:21.098 [Driver Command Executor] DEBUG org.asynchttpclient.netty.request.NettyRequestSender - Using open Channel [id: 0x72dae327, L:/127.0.0.1:57742 - R:localhost/127.0.0.1:46862] for DELETE '/session/db2f22b74979efe39f0b7e774045b5fd'
15:26:21.097 [AsyncHttpClient-1-7] DEBUG org.asynchttpclient.netty.handler.WebSocketHandler - Unexpected I/O exception on channel [id: 0x14421d28, L:/127.0.0.1:57750 - R:localhost/127.0.0.1:57743]
java.io.IOException: An established connection was aborted by the software in your host machine
	at java.base/sun.nio.ch.SocketDispatcher.read0(Native Method)
	at java.base/sun.nio.ch.SocketDispatcher.read(SocketDispatcher.java:46)
	at java.base/sun.nio.ch.IOUtil.readIntoNativeBuffer(IOUtil.java:339)
	at java.base/sun.nio.ch.IOUtil.read(IOUtil.java:293)
	at java.base/sun.nio.ch.IOUtil.read(IOUtil.java:268)
	at java.base/sun.nio.ch.SocketChannelImpl.read(SocketChannelImpl.java:425)
	at io.netty.buffer.PooledByteBuf.setBytes(PooledByteBuf.java:259)
	at io.netty.buffer.AbstractByteBuf.writeBytes(AbstractByteBuf.java:1132)
	at io.netty.channel.socket.nio.NioSocketChannel.doReadBytes(NioSocketChannel.java:357)
	at io.netty.channel.nio.AbstractNioByteChannel$NioByteUnsafe.read(AbstractNioByteChannel.java:151)
	at io.netty.channel.nio.NioEventLoop.processSelectedKey(NioEventLoop.java:788)
	at io.netty.channel.nio.NioEventLoop.processSelectedKeysOptimized(NioEventLoop.java:724)
	at io.netty.channel.nio.NioEventLoop.processSelectedKeys(NioEventLoop.java:650)
	at io.netty.channel.nio.NioEventLoop.run(NioEventLoop.java:562)
	at io.netty.util.concurrent.SingleThreadEventExecutor$4.run(SingleThreadEventExecutor.java:997)
	at io.netty.util.internal.ThreadExecutorMap$2.run(ThreadExecutorMap.java:74)
	at io.netty.util.concurrent.FastThreadLocalRunnable.run(FastThreadLocalRunnable.java:30)
	at java.base/java.lang.Thread.run(Thread.java:1589)
15:26:21.098 [AsyncHttpClient-1-7] DEBUG org.asynchttpclient.netty.handler.WebSocketHandler - Trying to recover from dead Channel: [id: 0x14421d28, L:/127.0.0.1:57750 - R:localhost/127.0.0.1:57743]
15:26:21.098 [AsyncHttpClient-1-7] DEBUG org.asynchttpclient.netty.handler.WebSocketHandler - Channel Closed: [id: 0x14421d28, L:/127.0.0.1:57750 ! R:localhost/127.0.0.1:57743] with attribute NettyResponseFuture{currentRetry=0,
	isDone=1,
	isCancelled=0,
	asyncHandler=org.asynchttpclient.ws.WebSocketUpgradeHandler@2d2fa15a,
	nettyRequest=org.asynchttpclient.netty.request.NettyRequest@682d2a9b,
	future=java.util.concurrent.CompletableFuture@71b23b2e[Completed normally],
	uri=ws://localhost:57743/devtools/browser/23114080-2254-47ac-a73f-91b86c4dfbd6,
	keepAlive=true,
	redirectCount=0,
	timeoutsHolder=null,
	inAuth=0,
	touch=1683707181098}
15:26:21.098 [AsyncHttpClient-1-7] DEBUG org.asynchttpclient.netty.channel.ChannelManager - Closing Channel [id: 0x14421d28, L:/127.0.0.1:57750 ! R:localhost/127.0.0.1:57743] 
15:26:21.180 [AsyncHttpClient-1-6] DEBUG org.asynchttpclient.netty.handler.HttpHandler - Unexpected I/O exception on channel [id: 0x949a7cb5, L:/127.0.0.1:57749 - R:localhost/127.0.0.1:57743]
java.net.SocketException: Connection reset
	at java.base/sun.nio.ch.SocketChannelImpl.throwConnectionReset(SocketChannelImpl.java:401)
	at java.base/sun.nio.ch.SocketChannelImpl.read(SocketChannelImpl.java:434)
	at io.netty.buffer.PooledByteBuf.setBytes(PooledByteBuf.java:259)
	at io.netty.buffer.AbstractByteBuf.writeBytes(AbstractByteBuf.java:1132)
	at io.netty.channel.socket.nio.NioSocketChannel.doReadBytes(NioSocketChannel.java:357)
	at io.netty.channel.nio.AbstractNioByteChannel$NioByteUnsafe.read(AbstractNioByteChannel.java:151)
	at io.netty.channel.nio.NioEventLoop.processSelectedKey(NioEventLoop.java:788)
	at io.netty.channel.nio.NioEventLoop.processSelectedKeysOptimized(NioEventLoop.java:724)
	at io.netty.channel.nio.NioEventLoop.processSelectedKeys(NioEventLoop.java:650)
	at io.netty.channel.nio.NioEventLoop.run(NioEventLoop.java:562)
	at io.netty.util.concurrent.SingleThreadEventExecutor$4.run(SingleThreadEventExecutor.java:997)
	at io.netty.util.internal.ThreadExecutorMap$2.run(ThreadExecutorMap.java:74)
	at io.netty.util.concurrent.FastThreadLocalRunnable.run(FastThreadLocalRunnable.java:30)
	at java.base/java.lang.Thread.run(Thread.java:1589)
15:26:21.180 [AsyncHttpClient-1-6] DEBUG org.asynchttpclient.netty.channel.ChannelManager - Closing Channel [id: 0x949a7cb5, L:/127.0.0.1:57749 - R:localhost/127.0.0.1:57743] 
15:26:21.180 [AsyncHttpClient-1-6] DEBUG org.asynchttpclient.netty.handler.HttpHandler - Channel Closed: [id: 0x949a7cb5, L:/127.0.0.1:57749 ! R:localhost/127.0.0.1:57743] with attribute DISCARD
15:26:21.193 [AsyncHttpClient-1-5] DEBUG org.asynchttpclient.netty.handler.HttpHandler - 

Request DefaultFullHttpRequest(decodeResult: success, version: HTTP/1.1, content: EmptyByteBufBE)
DELETE /session/db2f22b74979efe39f0b7e774045b5fd HTTP/1.1
User-Agent: selenium/4.7.1 (java windows)
Content-Type: application/json; charset=utf-8
host: localhost:46862
accept: */*

Response DefaultHttpResponse(decodeResult: success, version: HTTP/1.1)
HTTP/1.1 200 OK
Content-Type: application/json; charset=utf-8
cache-control: no-cache
content-length: 14

15:26:21.193 [AsyncHttpClient-1-5] DEBUG org.asynchttpclient.netty.channel.ChannelManager - Adding key: http://localhost:46862 for channel [id: 0x72dae327, L:/127.0.0.1:57742 - R:localhost/127.0.0.1:46862]
15:26:21.240 [AsyncHttpClient-1-5] DEBUG org.asynchttpclient.netty.handler.HttpHandler - Channel Closed: [id: 0x72dae327, L:/127.0.0.1:57742 ! R:localhost/127.0.0.1:46862] with attribute DISCARD
]]></system-out>
    <system-err><![CDATA[Starting ChromeDriver 113.0.5672.63 (0e1a4471d5ae5bf128b1bd8f4d627c8cbd55f70c-refs/branch-heads/5672@{#912}) on port 46862
Only local connections are allowed.
Please see https://chromedriver.chromium.org/security-considerations for suggestions on keeping ChromeDriver safe.
ChromeDriver was started successfully.
May 10, 2023 3:26:13 PM org.openqa.selenium.devtools.CdpVersionFinder findNearestMatch
WARNING: Unable to find CDP implementation matching 113
May 10, 2023 3:26:13 PM org.openqa.selenium.chromium.ChromiumDriver lambda$new$3
WARNING: Unable to find version of CDP to use for . You may need to include a dependency on a specific version of the CDP using something similar to `org.seleniumhq.selenium:selenium-devtools-v86:4.7.1` where the version ("v86") matches the version of the chromium-based browser you're using and the version number of the artifact is the same as Selenium's.
]]></system-err>
  </testcase>
  <testcase name="user tidak bisa login karena menggunakan password yang salah" classname="login" time="7.258">
    <system-out><![CDATA[
@Login03-Web-Negative
Scenario: user tidak bisa login karena menggunakan password yang salah &amp#27;[90m# src/test/resources/features/1. Login.feature:23&amp#27;[0m
15:26:21.344 [main] INFO io.cucumber.core.plugin.SerenityReporter - Running feature from file:///C:/Users/HP/Downloads/Mini-Project-QA/ALTASHOP%20WEB%20AUTOMATION/src/test/resources/features/1.%20Login.feature
15:26:21.344 [main] INFO  - 
  _____   ___   ___   _____     ___   _____     _     ___   _____   ___   ___  
 |_   _| | __| / __| |_   _|   / __| |_   _|   /_\   | _ \ |_   _| | __| |   \ 
   | |   | _|  \__ \   | |     \__ \   | |    / _ \  |   /   | |   | _|  | |) |
   |_|   |___| |___/   |_|     |___/   |_|   /_/ \_\ |_|_\   |_|   |___| |___/ 

user tidak bisa login karena menggunakan password yang salah(login;user-tidak-bisa-login-karena-menggunakan-password-yang-salah)
--------------------------------------------------------------------------------
15:26:21.375 [main] DEBUG net.thucydides.core.steps.StepInterceptor - STARTING STEP: LoginSteps.userBeradaDiHomepageAlta - diHomepageAltaShop
15:26:21.422 [main] INFO net.serenitybdd.core.webdriver.driverproviders.ChromeDriverProvider - Starting Chrome driver instance with capabilities:
15:26:21.422 [main] INFO net.serenitybdd.core.webdriver.driverproviders.ChromeDriverProvider - Capabilities {acceptInsecureCerts: true, browserName: chrome, goog:chromeOptions: {args: [remote-allow-origins=*, test-type, no-sandbox, ignore-certificate-errors, start-maximized, incognito, disable-infobars, disable-gpu, disable-default-apps, disable-popup-blocking, remote-allow-origins=*, test-type, no-sandbox, ignore-certificate-errors, start-maximized, incognito, disable-infobars, disable-gpu, disable-default-apps, disable-popup-blocking], extensions: []}}
15:26:21.509 [AsyncHttpClient-1-8] DEBUG org.asynchttpclient.netty.channel.NettyConnectListener - Using new Channel '[id: 0x5ab77cfd, L:/127.0.0.1:57774 - R:localhost/127.0.0.1:28290]' for 'POST' to '/session'
15:26:21.751 [AsyncHttpClient-1-1] DEBUG org.asynchttpclient.netty.channel.DefaultChannelPool - Entry count for : http://localhost:57743 : 1
15:26:21.751 [AsyncHttpClient-1-1] DEBUG org.asynchttpclient.netty.channel.DefaultChannelPool - Entry count for : http://localhost:46862 : 1
15:26:21.751 [AsyncHttpClient-1-1] DEBUG org.asynchttpclient.netty.channel.DefaultChannelPool - Adding Candidate expired Channel [id: 0x949a7cb5, L:/127.0.0.1:57749 ! R:localhost/127.0.0.1:57743] isIdleTimeoutExpired=false isRemotelyClosed=true isTtlExpired=false
15:26:21.751 [AsyncHttpClient-1-1] DEBUG org.asynchttpclient.netty.channel.DefaultChannelPool - Closing Idle Channel [id: 0x949a7cb5, L:/127.0.0.1:57749 ! R:localhost/127.0.0.1:57743]
15:26:21.751 [AsyncHttpClient-1-1] DEBUG org.asynchttpclient.netty.channel.DefaultChannelPool - Adding Candidate expired Channel [id: 0x72dae327, L:/127.0.0.1:57742 ! R:localhost/127.0.0.1:46862] isIdleTimeoutExpired=false isRemotelyClosed=true isTtlExpired=false
15:26:21.751 [AsyncHttpClient-1-1] DEBUG org.asynchttpclient.netty.channel.DefaultChannelPool - Closing Idle Channel [id: 0x72dae327, L:/127.0.0.1:57742 ! R:localhost/127.0.0.1:46862]
15:26:21.751 [AsyncHttpClient-1-1] DEBUG org.asynchttpclient.netty.channel.DefaultChannelPool - Closed 2 connections out of 2 in 0 ms
15:26:22.201 [AsyncHttpClient-1-8] DEBUG org.asynchttpclient.netty.handler.HttpHandler - 

Request DefaultHttpRequest(decodeResult: success, version: HTTP/1.1)
POST /session HTTP/1.1
User-Agent: selenium/4.7.1 (java windows)
Content-Length: 1629
Content-Type: application/json; charset=utf-8
host: localhost:28290
accept: */*

Response DefaultHttpResponse(decodeResult: success, version: HTTP/1.1)
HTTP/1.1 200 OK
Content-Type: application/json; charset=utf-8
cache-control: no-cache
content-length: 854

15:26:22.201 [AsyncHttpClient-1-8] DEBUG org.asynchttpclient.netty.channel.ChannelManager - Adding key: http://localhost:28290 for channel [id: 0x5ab77cfd, L:/127.0.0.1:57774 - R:localhost/127.0.0.1:28290]
15:26:22.220 [AsyncHttpClient-1-9] DEBUG org.asynchttpclient.netty.channel.NettyConnectListener - Using new Channel '[id: 0x7b922437, L:/127.0.0.1:57781 - R:localhost/127.0.0.1:57775]' for 'GET' to '/json/version'
15:26:22.228 [AsyncHttpClient-1-9] DEBUG org.asynchttpclient.netty.handler.HttpHandler - 

Request DefaultFullHttpRequest(decodeResult: success, version: HTTP/1.1, content: EmptyByteBufBE)
GET /json/version HTTP/1.1
User-Agent: selenium/4.7.1 (java windows)
host: localhost:57775
accept: */*

Response DefaultHttpResponse(decodeResult: success, version: HTTP/1.1)
HTTP/1.1 200 OK
Content-Security-Policy: frame-ancestors 'none'
Content-Type: application/json; charset=UTF-8
content-length: 422

15:26:22.229 [AsyncHttpClient-1-9] DEBUG org.asynchttpclient.netty.channel.ChannelManager - Adding key: http://localhost:57775 for channel [id: 0x7b922437, L:/127.0.0.1:57781 - R:localhost/127.0.0.1:57775]
15:26:22.235 [AsyncHttpClient-1-10] DEBUG org.asynchttpclient.netty.channel.NettyConnectListener - Using new Channel '[id: 0xe5477225, L:/127.0.0.1:57782 - R:localhost/127.0.0.1:57775]' for 'GET' to '/devtools/browser/dd19c20b-4fda-4f93-8631-e7eb62c31360'
15:26:22.243 [AsyncHttpClient-1-10] DEBUG org.asynchttpclient.netty.handler.WebSocketHandler - 

Request DefaultFullHttpRequest(decodeResult: success, version: HTTP/1.1, content: EmptyByteBufBE)
GET /devtools/browser/dd19c20b-4fda-4f93-8631-e7eb62c31360 HTTP/1.1
upgrade: websocket
connection: upgrade
sec-websocket-key: bbN6C5blJjDBZJXXfMeDbw==
sec-websocket-version: 13
origin: http://localhost:57775
host: localhost:57775
accept: */*
user-agent: AHC/2.1

Response DefaultHttpResponse(decodeResult: success, version: HTTP/1.1)
HTTP/1.1 101 WebSocket Protocol Handshake
Upgrade: WebSocket
Connection: Upgrade
Sec-WebSocket-Accept: DOa/zqyhouUnQY2HwF29++oPfXc=

15:26:22.254 [Forwarding get on session 45c9c911601f3983c8b90754c2dc2515 to remote] DEBUG org.asynchttpclient.netty.request.NettyRequestSender - Using pooled Channel '[id: 0x5ab77cfd, L:/127.0.0.1:57774 - R:localhost/127.0.0.1:28290]' for 'POST' to 'http://localhost:28290/session/45c9c911601f3983c8b90754c2dc2515/url'
15:26:22.254 [Forwarding get on session 45c9c911601f3983c8b90754c2dc2515 to remote] DEBUG org.asynchttpclient.netty.request.NettyRequestSender - Using open Channel [id: 0x5ab77cfd, L:/127.0.0.1:57774 - R:localhost/127.0.0.1:28290] for POST '/session/45c9c911601f3983c8b90754c2dc2515/url'
15:26:22.847 [AsyncHttpClient-1-1] DEBUG org.asynchttpclient.netty.channel.DefaultChannelPool - Entry count for : http://localhost:57775 : 1
15:26:23.947 [AsyncHttpClient-1-1] DEBUG org.asynchttpclient.netty.channel.DefaultChannelPool - Entry count for : http://localhost:57775 : 1
15:26:24.147 [AsyncHttpClient-1-8] DEBUG org.asynchttpclient.netty.handler.HttpHandler - 

Request DefaultHttpRequest(decodeResult: success, version: HTTP/1.1)
POST /session/45c9c911601f3983c8b90754c2dc2515/url HTTP/1.1
User-Agent: selenium/4.7.1 (java windows)
Content-Length: 59
Content-Type: application/json; charset=utf-8
host: localhost:28290
accept: */*

Response DefaultHttpResponse(decodeResult: success, version: HTTP/1.1)
HTTP/1.1 200 OK
Content-Type: application/json; charset=utf-8
cache-control: no-cache
content-length: 14

15:26:24.148 [AsyncHttpClient-1-8] DEBUG org.asynchttpclient.netty.channel.ChannelManager - Adding key: http://localhost:28290 for channel [id: 0x5ab77cfd, L:/127.0.0.1:57774 - R:localhost/127.0.0.1:28290]
15:26:24.150 [Forwarding setTimeout on session 45c9c911601f3983c8b90754c2dc2515 to remote] DEBUG org.asynchttpclient.netty.request.NettyRequestSender - Using pooled Channel '[id: 0x5ab77cfd, L:/127.0.0.1:57774 - R:localhost/127.0.0.1:28290]' for 'POST' to 'http://localhost:28290/session/45c9c911601f3983c8b90754c2dc2515/timeouts'
15:26:24.150 [Forwarding setTimeout on session 45c9c911601f3983c8b90754c2dc2515 to remote] DEBUG org.asynchttpclient.netty.request.NettyRequestSender - Using open Channel [id: 0x5ab77cfd, L:/127.0.0.1:57774 - R:localhost/127.0.0.1:28290] for POST '/session/45c9c911601f3983c8b90754c2dc2515/timeouts'
15:26:24.151 [AsyncHttpClient-1-8] DEBUG org.asynchttpclient.netty.handler.HttpHandler - 

Request DefaultHttpRequest(decodeResult: success, version: HTTP/1.1)
POST /session/45c9c911601f3983c8b90754c2dc2515/timeouts HTTP/1.1
User-Agent: selenium/4.7.1 (java windows)
Content-Length: 22
Content-Type: application/json; charset=utf-8
host: localhost:28290
accept: */*

Response DefaultHttpResponse(decodeResult: success, version: HTTP/1.1)
HTTP/1.1 200 OK
Content-Type: application/json; charset=utf-8
cache-control: no-cache
content-length: 14

15:26:24.151 [AsyncHttpClient-1-8] DEBUG org.asynchttpclient.netty.channel.ChannelManager - Adding key: http://localhost:28290 for channel [id: 0x5ab77cfd, L:/127.0.0.1:57774 - R:localhost/127.0.0.1:28290]
15:26:24.154 [Forwarding getCurrentUrl on session 45c9c911601f3983c8b90754c2dc2515 to remote] DEBUG org.asynchttpclient.netty.request.NettyRequestSender - Using pooled Channel '[id: 0x5ab77cfd, L:/127.0.0.1:57774 - R:localhost/127.0.0.1:28290]' for 'GET' to 'http://localhost:28290/session/45c9c911601f3983c8b90754c2dc2515/url'
15:26:24.154 [Forwarding getCurrentUrl on session 45c9c911601f3983c8b90754c2dc2515 to remote] DEBUG org.asynchttpclient.netty.request.NettyRequestSender - Using open Channel [id: 0x5ab77cfd, L:/127.0.0.1:57774 - R:localhost/127.0.0.1:28290] for GET '/session/45c9c911601f3983c8b90754c2dc2515/url'
15:26:24.170 [AsyncHttpClient-1-8] DEBUG org.asynchttpclient.netty.handler.HttpHandler - 

Request DefaultFullHttpRequest(decodeResult: success, version: HTTP/1.1, content: EmptyByteBufBE)
GET /session/45c9c911601f3983c8b90754c2dc2515/url HTTP/1.1
User-Agent: selenium/4.7.1 (java windows)
Cache-Control: no-cache
Content-Type: application/json; charset=utf-8
host: localhost:28290
accept: */*

Response DefaultHttpResponse(decodeResult: success, version: HTTP/1.1)
HTTP/1.1 200 OK
Content-Type: application/json; charset=utf-8
cache-control: no-cache
content-length: 41

15:26:24.170 [AsyncHttpClient-1-8] DEBUG org.asynchttpclient.netty.channel.ChannelManager - Adding key: http://localhost:28290 for channel [id: 0x5ab77cfd, L:/127.0.0.1:57774 - R:localhost/127.0.0.1:28290]
15:26:24.173 [Forwarding getCurrentUrl on session 45c9c911601f3983c8b90754c2dc2515 to remote] DEBUG org.asynchttpclient.netty.request.NettyRequestSender - Using pooled Channel '[id: 0x5ab77cfd, L:/127.0.0.1:57774 - R:localhost/127.0.0.1:28290]' for 'GET' to 'http://localhost:28290/session/45c9c911601f3983c8b90754c2dc2515/url'
15:26:24.173 [Forwarding getCurrentUrl on session 45c9c911601f3983c8b90754c2dc2515 to remote] DEBUG org.asynchttpclient.netty.request.NettyRequestSender - Using open Channel [id: 0x5ab77cfd, L:/127.0.0.1:57774 - R:localhost/127.0.0.1:28290] for GET '/session/45c9c911601f3983c8b90754c2dc2515/url'
15:26:24.179 [AsyncHttpClient-1-8] DEBUG org.asynchttpclient.netty.handler.HttpHandler - 

Request DefaultFullHttpRequest(decodeResult: success, version: HTTP/1.1, content: EmptyByteBufBE)
GET /session/45c9c911601f3983c8b90754c2dc2515/url HTTP/1.1
User-Agent: selenium/4.7.1 (java windows)
Cache-Control: no-cache
Content-Type: application/json; charset=utf-8
host: localhost:28290
accept: */*

Response DefaultHttpResponse(decodeResult: success, version: HTTP/1.1)
HTTP/1.1 200 OK
Content-Type: application/json; charset=utf-8
cache-control: no-cache
content-length: 41

15:26:24.179 [AsyncHttpClient-1-8] DEBUG org.asynchttpclient.netty.channel.ChannelManager - Adding key: http://localhost:28290 for channel [id: 0x5ab77cfd, L:/127.0.0.1:57774 - R:localhost/127.0.0.1:28290]
15:26:24.184 [Forwarding findElement on session 45c9c911601f3983c8b90754c2dc2515 to remote] DEBUG org.asynchttpclient.netty.request.NettyRequestSender - Using pooled Channel '[id: 0x5ab77cfd, L:/127.0.0.1:57774 - R:localhost/127.0.0.1:28290]' for 'POST' to 'http://localhost:28290/session/45c9c911601f3983c8b90754c2dc2515/element'
15:26:24.184 [Forwarding findElement on session 45c9c911601f3983c8b90754c2dc2515 to remote] DEBUG org.asynchttpclient.netty.request.NettyRequestSender - Using open Channel [id: 0x5ab77cfd, L:/127.0.0.1:57774 - R:localhost/127.0.0.1:28290] for POST '/session/45c9c911601f3983c8b90754c2dc2515/element'
15:26:24.199 [AsyncHttpClient-1-8] DEBUG org.asynchttpclient.netty.handler.HttpHandler - 

Request DefaultHttpRequest(decodeResult: success, version: HTTP/1.1)
POST /session/45c9c911601f3983c8b90754c2dc2515/element HTTP/1.1
User-Agent: selenium/4.7.1 (java windows)
Content-Length: 108
Content-Type: application/json; charset=utf-8
host: localhost:28290
accept: */*

Response DefaultHttpResponse(decodeResult: success, version: HTTP/1.1)
HTTP/1.1 200 OK
Content-Type: application/json; charset=utf-8
cache-control: no-cache
content-length: 94

15:26:24.199 [AsyncHttpClient-1-8] DEBUG org.asynchttpclient.netty.channel.ChannelManager - Adding key: http://localhost:28290 for channel [id: 0x5ab77cfd, L:/127.0.0.1:57774 - R:localhost/127.0.0.1:28290]
15:26:24.203 [Forwarding isElementDisplayed on session 45c9c911601f3983c8b90754c2dc2515 to remote] DEBUG org.asynchttpclient.netty.request.NettyRequestSender - Using pooled Channel '[id: 0x5ab77cfd, L:/127.0.0.1:57774 - R:localhost/127.0.0.1:28290]' for 'POST' to 'http://localhost:28290/session/45c9c911601f3983c8b90754c2dc2515/execute/sync'
15:26:24.203 [Forwarding isElementDisplayed on session 45c9c911601f3983c8b90754c2dc2515 to remote] DEBUG org.asynchttpclient.netty.request.NettyRequestSender - Using open Channel [id: 0x5ab77cfd, L:/127.0.0.1:57774 - R:localhost/127.0.0.1:28290] for POST '/session/45c9c911601f3983c8b90754c2dc2515/execute/sync'
15:26:24.225 [AsyncHttpClient-1-8] DEBUG org.asynchttpclient.netty.handler.HttpHandler - 

Request DefaultHttpRequest(decodeResult: success, version: HTTP/1.1)
POST /session/45c9c911601f3983c8b90754c2dc2515/execute/sync HTTP/1.1
User-Agent: selenium/4.7.1 (java windows)
Content-Length: 48786
Content-Type: application/json; charset=utf-8
host: localhost:28290
accept: */*

Response DefaultHttpResponse(decodeResult: success, version: HTTP/1.1)
HTTP/1.1 200 OK
Content-Type: application/json; charset=utf-8
cache-control: no-cache
content-length: 14

15:26:24.225 [AsyncHttpClient-1-8] DEBUG org.asynchttpclient.netty.channel.ChannelManager - Adding key: http://localhost:28290 for channel [id: 0x5ab77cfd, L:/127.0.0.1:57774 - R:localhost/127.0.0.1:28290]
15:26:24.231 [Forwarding isElementDisplayed on session 45c9c911601f3983c8b90754c2dc2515 to remote] DEBUG org.asynchttpclient.netty.request.NettyRequestSender - Using pooled Channel '[id: 0x5ab77cfd, L:/127.0.0.1:57774 - R:localhost/127.0.0.1:28290]' for 'POST' to 'http://localhost:28290/session/45c9c911601f3983c8b90754c2dc2515/execute/sync'
15:26:24.231 [Forwarding isElementDisplayed on session 45c9c911601f3983c8b90754c2dc2515 to remote] DEBUG org.asynchttpclient.netty.request.NettyRequestSender - Using open Channel [id: 0x5ab77cfd, L:/127.0.0.1:57774 - R:localhost/127.0.0.1:28290] for POST '/session/45c9c911601f3983c8b90754c2dc2515/execute/sync'
15:26:24.247 [AsyncHttpClient-1-8] DEBUG org.asynchttpclient.netty.handler.HttpHandler - 

Request DefaultHttpRequest(decodeResult: success, version: HTTP/1.1)
POST /session/45c9c911601f3983c8b90754c2dc2515/execute/sync HTTP/1.1
User-Agent: selenium/4.7.1 (java windows)
Content-Length: 48786
Content-Type: application/json; charset=utf-8
host: localhost:28290
accept: */*

Response DefaultHttpResponse(decodeResult: success, version: HTTP/1.1)
HTTP/1.1 200 OK
Content-Type: application/json; charset=utf-8
cache-control: no-cache
content-length: 14

15:26:24.248 [AsyncHttpClient-1-8] DEBUG org.asynchttpclient.netty.channel.ChannelManager - Adding key: http://localhost:28290 for channel [id: 0x5ab77cfd, L:/127.0.0.1:57774 - R:localhost/127.0.0.1:28290]
15:26:24.255 [Forwarding getCurrentWindowHandle on session 45c9c911601f3983c8b90754c2dc2515 to remote] DEBUG org.asynchttpclient.netty.request.NettyRequestSender - Using pooled Channel '[id: 0x5ab77cfd, L:/127.0.0.1:57774 - R:localhost/127.0.0.1:28290]' for 'GET' to 'http://localhost:28290/session/45c9c911601f3983c8b90754c2dc2515/window'
15:26:24.255 [Forwarding getCurrentWindowHandle on session 45c9c911601f3983c8b90754c2dc2515 to remote] DEBUG org.asynchttpclient.netty.request.NettyRequestSender - Using open Channel [id: 0x5ab77cfd, L:/127.0.0.1:57774 - R:localhost/127.0.0.1:28290] for GET '/session/45c9c911601f3983c8b90754c2dc2515/window'
15:26:24.257 [AsyncHttpClient-1-8] DEBUG org.asynchttpclient.netty.handler.HttpHandler - 

Request DefaultFullHttpRequest(decodeResult: success, version: HTTP/1.1, content: EmptyByteBufBE)
GET /session/45c9c911601f3983c8b90754c2dc2515/window HTTP/1.1
User-Agent: selenium/4.7.1 (java windows)
Cache-Control: no-cache
Content-Type: application/json; charset=utf-8
host: localhost:28290
accept: */*

Response DefaultHttpResponse(decodeResult: success, version: HTTP/1.1)
HTTP/1.1 200 OK
Content-Type: application/json; charset=utf-8
cache-control: no-cache
content-length: 44

15:26:24.257 [AsyncHttpClient-1-8] DEBUG org.asynchttpclient.netty.channel.ChannelManager - Adding key: http://localhost:28290 for channel [id: 0x5ab77cfd, L:/127.0.0.1:57774 - R:localhost/127.0.0.1:28290]
15:26:24.259 [Forwarding getAlertText on session 45c9c911601f3983c8b90754c2dc2515 to remote] DEBUG org.asynchttpclient.netty.request.NettyRequestSender - Using pooled Channel '[id: 0x5ab77cfd, L:/127.0.0.1:57774 - R:localhost/127.0.0.1:28290]' for 'GET' to 'http://localhost:28290/session/45c9c911601f3983c8b90754c2dc2515/alert/text'
15:26:24.259 [Forwarding getAlertText on session 45c9c911601f3983c8b90754c2dc2515 to remote] DEBUG org.asynchttpclient.netty.request.NettyRequestSender - Using open Channel [id: 0x5ab77cfd, L:/127.0.0.1:57774 - R:localhost/127.0.0.1:28290] for GET '/session/45c9c911601f3983c8b90754c2dc2515/alert/text'
15:26:24.261 [AsyncHttpClient-1-8] DEBUG org.asynchttpclient.netty.handler.HttpHandler - 

Request DefaultFullHttpRequest(decodeResult: success, version: HTTP/1.1, content: EmptyByteBufBE)
GET /session/45c9c911601f3983c8b90754c2dc2515/alert/text HTTP/1.1
User-Agent: selenium/4.7.1 (java windows)
Cache-Control: no-cache
Content-Type: application/json; charset=utf-8
host: localhost:28290
accept: */*

Response DefaultHttpResponse(decodeResult: success, version: HTTP/1.1)
HTTP/1.1 404 Not Found
Content-Type: application/json; charset=utf-8
cache-control: no-cache
content-length: 820

15:26:24.262 [AsyncHttpClient-1-8] DEBUG org.asynchttpclient.netty.channel.ChannelManager - Adding key: http://localhost:28290 for channel [id: 0x5ab77cfd, L:/127.0.0.1:57774 - R:localhost/127.0.0.1:28290]
15:26:24.265 [Forwarding switchToWindow on session 45c9c911601f3983c8b90754c2dc2515 to remote] DEBUG org.asynchttpclient.netty.request.NettyRequestSender - Using pooled Channel '[id: 0x5ab77cfd, L:/127.0.0.1:57774 - R:localhost/127.0.0.1:28290]' for 'POST' to 'http://localhost:28290/session/45c9c911601f3983c8b90754c2dc2515/window'
15:26:24.265 [Forwarding switchToWindow on session 45c9c911601f3983c8b90754c2dc2515 to remote] DEBUG org.asynchttpclient.netty.request.NettyRequestSender - Using open Channel [id: 0x5ab77cfd, L:/127.0.0.1:57774 - R:localhost/127.0.0.1:28290] for POST '/session/45c9c911601f3983c8b90754c2dc2515/window'
15:26:24.268 [AsyncHttpClient-1-8] DEBUG org.asynchttpclient.netty.handler.HttpHandler - 

Request DefaultHttpRequest(decodeResult: success, version: HTTP/1.1)
POST /session/45c9c911601f3983c8b90754c2dc2515/window HTTP/1.1
User-Agent: selenium/4.7.1 (java windows)
Content-Length: 50
Content-Type: application/json; charset=utf-8
host: localhost:28290
accept: */*

Response DefaultHttpResponse(decodeResult: success, version: HTTP/1.1)
HTTP/1.1 200 OK
Content-Type: application/json; charset=utf-8
cache-control: no-cache
content-length: 14

15:26:24.268 [AsyncHttpClient-1-8] DEBUG org.asynchttpclient.netty.channel.ChannelManager - Adding key: http://localhost:28290 for channel [id: 0x5ab77cfd, L:/127.0.0.1:57774 - R:localhost/127.0.0.1:28290]
15:26:24.269 [Forwarding getCurrentUrl on session 45c9c911601f3983c8b90754c2dc2515 to remote] DEBUG org.asynchttpclient.netty.request.NettyRequestSender - Using pooled Channel '[id: 0x5ab77cfd, L:/127.0.0.1:57774 - R:localhost/127.0.0.1:28290]' for 'GET' to 'http://localhost:28290/session/45c9c911601f3983c8b90754c2dc2515/url'
15:26:24.269 [Forwarding getCurrentUrl on session 45c9c911601f3983c8b90754c2dc2515 to remote] DEBUG org.asynchttpclient.netty.request.NettyRequestSender - Using open Channel [id: 0x5ab77cfd, L:/127.0.0.1:57774 - R:localhost/127.0.0.1:28290] for GET '/session/45c9c911601f3983c8b90754c2dc2515/url'
15:26:24.275 [AsyncHttpClient-1-8] DEBUG org.asynchttpclient.netty.handler.HttpHandler - 

Request DefaultFullHttpRequest(decodeResult: success, version: HTTP/1.1, content: EmptyByteBufBE)
GET /session/45c9c911601f3983c8b90754c2dc2515/url HTTP/1.1
User-Agent: selenium/4.7.1 (java windows)
Cache-Control: no-cache
Content-Type: application/json; charset=utf-8
host: localhost:28290
accept: */*

Response DefaultHttpResponse(decodeResult: success, version: HTTP/1.1)
HTTP/1.1 200 OK
Content-Type: application/json; charset=utf-8
cache-control: no-cache
content-length: 41

15:26:24.275 [AsyncHttpClient-1-8] DEBUG org.asynchttpclient.netty.channel.ChannelManager - Adding key: http://localhost:28290 for channel [id: 0x5ab77cfd, L:/127.0.0.1:57774 - R:localhost/127.0.0.1:28290]
15:26:24.276 [Forwarding screenshot on session 45c9c911601f3983c8b90754c2dc2515 to remote] DEBUG org.asynchttpclient.netty.request.NettyRequestSender - Using pooled Channel '[id: 0x5ab77cfd, L:/127.0.0.1:57774 - R:localhost/127.0.0.1:28290]' for 'GET' to 'http://localhost:28290/session/45c9c911601f3983c8b90754c2dc2515/screenshot'
15:26:24.276 [Forwarding screenshot on session 45c9c911601f3983c8b90754c2dc2515 to remote] DEBUG org.asynchttpclient.netty.request.NettyRequestSender - Using open Channel [id: 0x5ab77cfd, L:/127.0.0.1:57774 - R:localhost/127.0.0.1:28290] for GET '/session/45c9c911601f3983c8b90754c2dc2515/screenshot'
15:26:24.404 [AsyncHttpClient-1-8] DEBUG org.asynchttpclient.netty.handler.HttpHandler - 

Request DefaultFullHttpRequest(decodeResult: success, version: HTTP/1.1, content: EmptyByteBufBE)
GET /session/45c9c911601f3983c8b90754c2dc2515/screenshot HTTP/1.1
User-Agent: selenium/4.7.1 (java windows)
Cache-Control: no-cache
Content-Type: application/json; charset=utf-8
host: localhost:28290
accept: */*

Response DefaultHttpResponse(decodeResult: success, version: HTTP/1.1)
HTTP/1.1 200 OK
Content-Type: application/json; charset=utf-8
cache-control: no-cache
content-length: 39624

15:26:24.405 [AsyncHttpClient-1-8] DEBUG org.asynchttpclient.netty.channel.ChannelManager - Adding key: http://localhost:28290 for channel [id: 0x5ab77cfd, L:/127.0.0.1:57774 - R:localhost/127.0.0.1:28290]
15:26:24.408 [main] DEBUG net.serenitybdd.core.photography.Darkroom - Send negative for processing for target\site\serenity\27c518f5fadcf3406b0b9b10c3ca6d212fa4c36462718a40d81d59aa60c53512.png
15:26:24.409 [main] DEBUG net.thucydides.core.steps.StepInterceptor - STEP DONE: diHomepageAltaShop
  &amp#27;[32mGiven &amp#27;[0m&amp#27;[32muser berada di Homepage AltaShop&amp#27;[0m                               &amp#27;[90m# starter.stepdefinitions.LoginSteps.userBeradaDiHomepageAlta()&amp#27;[0m
15:26:24.409 [Darkroom Processing Line] DEBUG net.serenitybdd.core.photography.DarkroomProcessingLine - Processing screenshot image in /var/screenshots/screenshot-18418485626861856463
15:26:24.409 [Darkroom Processing Line] DEBUG net.serenitybdd.core.photography.DarkroomProcessingLine - Saving screenshot to target\site\serenity\27c518f5fadcf3406b0b9b10c3ca6d212fa4c36462718a40d81d59aa60c53512.png
15:26:24.428 [main] DEBUG net.thucydides.core.steps.StepInterceptor - STARTING STEP: LoginSteps.userKlikButtonLogin - klikButtonLogin
15:26:24.431 [Forwarding findElement on session 45c9c911601f3983c8b90754c2dc2515 to remote] DEBUG org.asynchttpclient.netty.request.NettyRequestSender - Using pooled Channel '[id: 0x5ab77cfd, L:/127.0.0.1:57774 - R:localhost/127.0.0.1:28290]' for 'POST' to 'http://localhost:28290/session/45c9c911601f3983c8b90754c2dc2515/element'
15:26:24.431 [Forwarding findElement on session 45c9c911601f3983c8b90754c2dc2515 to remote] DEBUG org.asynchttpclient.netty.request.NettyRequestSender - Using open Channel [id: 0x5ab77cfd, L:/127.0.0.1:57774 - R:localhost/127.0.0.1:28290] for POST '/session/45c9c911601f3983c8b90754c2dc2515/element'
15:26:25.057 [AsyncHttpClient-1-1] DEBUG org.asynchttpclient.netty.channel.DefaultChannelPool - Entry count for : http://localhost:57775 : 1
15:26:26.150 [AsyncHttpClient-1-1] DEBUG org.asynchttpclient.netty.channel.DefaultChannelPool - Entry count for : http://localhost:57775 : 1
15:26:26.712 [AsyncHttpClient-1-8] DEBUG org.asynchttpclient.netty.handler.HttpHandler - 

Request DefaultHttpRequest(decodeResult: success, version: HTTP/1.1)
POST /session/45c9c911601f3983c8b90754c2dc2515/element HTTP/1.1
User-Agent: selenium/4.7.1 (java windows)
Content-Length: 108
Content-Type: application/json; charset=utf-8
host: localhost:28290
accept: */*

Response DefaultHttpResponse(decodeResult: success, version: HTTP/1.1)
HTTP/1.1 200 OK
Content-Type: application/json; charset=utf-8
cache-control: no-cache
content-length: 94

15:26:26.712 [AsyncHttpClient-1-8] DEBUG org.asynchttpclient.netty.channel.ChannelManager - Adding key: http://localhost:28290 for channel [id: 0x5ab77cfd, L:/127.0.0.1:57774 - R:localhost/127.0.0.1:28290]
15:26:26.714 [Forwarding getElementTagName on session 45c9c911601f3983c8b90754c2dc2515 to remote] DEBUG org.asynchttpclient.netty.request.NettyRequestSender - Using pooled Channel '[id: 0x5ab77cfd, L:/127.0.0.1:57774 - R:localhost/127.0.0.1:28290]' for 'GET' to 'http://localhost:28290/session/45c9c911601f3983c8b90754c2dc2515/element/20F3FF8BD23A181D31A79F2204A68650_element_5/name'
15:26:26.714 [Forwarding getElementTagName on session 45c9c911601f3983c8b90754c2dc2515 to remote] DEBUG org.asynchttpclient.netty.request.NettyRequestSender - Using open Channel [id: 0x5ab77cfd, L:/127.0.0.1:57774 - R:localhost/127.0.0.1:28290] for GET '/session/45c9c911601f3983c8b90754c2dc2515/element/20F3FF8BD23A181D31A79F2204A68650_element_5/name'
15:26:26.721 [AsyncHttpClient-1-8] DEBUG org.asynchttpclient.netty.handler.HttpHandler - 

Request DefaultFullHttpRequest(decodeResult: success, version: HTTP/1.1, content: EmptyByteBufBE)
GET /session/45c9c911601f3983c8b90754c2dc2515/element/20F3FF8BD23A181D31A79F2204A68650_element_5/name HTTP/1.1
User-Agent: selenium/4.7.1 (java windows)
Cache-Control: no-cache
Content-Type: application/json; charset=utf-8
host: localhost:28290
accept: */*

Response DefaultHttpResponse(decodeResult: success, version: HTTP/1.1)
HTTP/1.1 200 OK
Content-Type: application/json; charset=utf-8
cache-control: no-cache
content-length: 18

15:26:26.721 [AsyncHttpClient-1-8] DEBUG org.asynchttpclient.netty.channel.ChannelManager - Adding key: http://localhost:28290 for channel [id: 0x5ab77cfd, L:/127.0.0.1:57774 - R:localhost/127.0.0.1:28290]
15:26:26.722 [Forwarding getElementTagName on session 45c9c911601f3983c8b90754c2dc2515 to remote] DEBUG org.asynchttpclient.netty.request.NettyRequestSender - Using pooled Channel '[id: 0x5ab77cfd, L:/127.0.0.1:57774 - R:localhost/127.0.0.1:28290]' for 'GET' to 'http://localhost:28290/session/45c9c911601f3983c8b90754c2dc2515/element/20F3FF8BD23A181D31A79F2204A68650_element_5/name'
15:26:26.722 [Forwarding getElementTagName on session 45c9c911601f3983c8b90754c2dc2515 to remote] DEBUG org.asynchttpclient.netty.request.NettyRequestSender - Using open Channel [id: 0x5ab77cfd, L:/127.0.0.1:57774 - R:localhost/127.0.0.1:28290] for GET '/session/45c9c911601f3983c8b90754c2dc2515/element/20F3FF8BD23A181D31A79F2204A68650_element_5/name'
15:26:26.727 [AsyncHttpClient-1-8] DEBUG org.asynchttpclient.netty.handler.HttpHandler - 

Request DefaultFullHttpRequest(decodeResult: success, version: HTTP/1.1, content: EmptyByteBufBE)
GET /session/45c9c911601f3983c8b90754c2dc2515/element/20F3FF8BD23A181D31A79F2204A68650_element_5/name HTTP/1.1
User-Agent: selenium/4.7.1 (java windows)
Cache-Control: no-cache
Content-Type: application/json; charset=utf-8
host: localhost:28290
accept: */*

Response DefaultHttpResponse(decodeResult: success, version: HTTP/1.1)
HTTP/1.1 200 OK
Content-Type: application/json; charset=utf-8
cache-control: no-cache
content-length: 18

15:26:26.728 [AsyncHttpClient-1-8] DEBUG org.asynchttpclient.netty.channel.ChannelManager - Adding key: http://localhost:28290 for channel [id: 0x5ab77cfd, L:/127.0.0.1:57774 - R:localhost/127.0.0.1:28290]
15:26:26.731 [Forwarding isElementEnabled on session 45c9c911601f3983c8b90754c2dc2515 to remote] DEBUG org.asynchttpclient.netty.request.NettyRequestSender - Using pooled Channel '[id: 0x5ab77cfd, L:/127.0.0.1:57774 - R:localhost/127.0.0.1:28290]' for 'GET' to 'http://localhost:28290/session/45c9c911601f3983c8b90754c2dc2515/element/20F3FF8BD23A181D31A79F2204A68650_element_5/enabled'
15:26:26.731 [Forwarding isElementEnabled on session 45c9c911601f3983c8b90754c2dc2515 to remote] DEBUG org.asynchttpclient.netty.request.NettyRequestSender - Using open Channel [id: 0x5ab77cfd, L:/127.0.0.1:57774 - R:localhost/127.0.0.1:28290] for GET '/session/45c9c911601f3983c8b90754c2dc2515/element/20F3FF8BD23A181D31A79F2204A68650_element_5/enabled'
15:26:26.737 [AsyncHttpClient-1-8] DEBUG org.asynchttpclient.netty.handler.HttpHandler - 

Request DefaultFullHttpRequest(decodeResult: success, version: HTTP/1.1, content: EmptyByteBufBE)
GET /session/45c9c911601f3983c8b90754c2dc2515/element/20F3FF8BD23A181D31A79F2204A68650_element_5/enabled HTTP/1.1
User-Agent: selenium/4.7.1 (java windows)
Cache-Control: no-cache
Content-Type: application/json; charset=utf-8
host: localhost:28290
accept: */*

Response DefaultHttpResponse(decodeResult: success, version: HTTP/1.1)
HTTP/1.1 200 OK
Content-Type: application/json; charset=utf-8
cache-control: no-cache
content-length: 14

15:26:26.737 [AsyncHttpClient-1-8] DEBUG org.asynchttpclient.netty.channel.ChannelManager - Adding key: http://localhost:28290 for channel [id: 0x5ab77cfd, L:/127.0.0.1:57774 - R:localhost/127.0.0.1:28290]
15:26:26.737 [Forwarding isElementEnabled on session 45c9c911601f3983c8b90754c2dc2515 to remote] DEBUG org.asynchttpclient.netty.request.NettyRequestSender - Using pooled Channel '[id: 0x5ab77cfd, L:/127.0.0.1:57774 - R:localhost/127.0.0.1:28290]' for 'GET' to 'http://localhost:28290/session/45c9c911601f3983c8b90754c2dc2515/element/20F3FF8BD23A181D31A79F2204A68650_element_5/enabled'
15:26:26.737 [Forwarding isElementEnabled on session 45c9c911601f3983c8b90754c2dc2515 to remote] DEBUG org.asynchttpclient.netty.request.NettyRequestSender - Using open Channel [id: 0x5ab77cfd, L:/127.0.0.1:57774 - R:localhost/127.0.0.1:28290] for GET '/session/45c9c911601f3983c8b90754c2dc2515/element/20F3FF8BD23A181D31A79F2204A68650_element_5/enabled'
15:26:26.737 [AsyncHttpClient-1-8] DEBUG org.asynchttpclient.netty.handler.HttpHandler - 

Request DefaultFullHttpRequest(decodeResult: success, version: HTTP/1.1, content: EmptyByteBufBE)
GET /session/45c9c911601f3983c8b90754c2dc2515/element/20F3FF8BD23A181D31A79F2204A68650_element_5/enabled HTTP/1.1
User-Agent: selenium/4.7.1 (java windows)
Cache-Control: no-cache
Content-Type: application/json; charset=utf-8
host: localhost:28290
accept: */*

Response DefaultHttpResponse(decodeResult: success, version: HTTP/1.1)
HTTP/1.1 200 OK
Content-Type: application/json; charset=utf-8
cache-control: no-cache
content-length: 14

15:26:26.737 [AsyncHttpClient-1-8] DEBUG org.asynchttpclient.netty.channel.ChannelManager - Adding key: http://localhost:28290 for channel [id: 0x5ab77cfd, L:/127.0.0.1:57774 - R:localhost/127.0.0.1:28290]
15:26:26.753 [Forwarding findElement on session 45c9c911601f3983c8b90754c2dc2515 to remote] DEBUG org.asynchttpclient.netty.request.NettyRequestSender - Using pooled Channel '[id: 0x5ab77cfd, L:/127.0.0.1:57774 - R:localhost/127.0.0.1:28290]' for 'POST' to 'http://localhost:28290/session/45c9c911601f3983c8b90754c2dc2515/element'
15:26:26.753 [Forwarding findElement on session 45c9c911601f3983c8b90754c2dc2515 to remote] DEBUG org.asynchttpclient.netty.request.NettyRequestSender - Using open Channel [id: 0x5ab77cfd, L:/127.0.0.1:57774 - R:localhost/127.0.0.1:28290] for POST '/session/45c9c911601f3983c8b90754c2dc2515/element'
15:26:26.768 [AsyncHttpClient-1-8] DEBUG org.asynchttpclient.netty.handler.HttpHandler - 

Request DefaultHttpRequest(decodeResult: success, version: HTTP/1.1)
POST /session/45c9c911601f3983c8b90754c2dc2515/element HTTP/1.1
User-Agent: selenium/4.7.1 (java windows)
Content-Length: 108
Content-Type: application/json; charset=utf-8
host: localhost:28290
accept: */*

Response DefaultHttpResponse(decodeResult: success, version: HTTP/1.1)
HTTP/1.1 200 OK
Content-Type: application/json; charset=utf-8
cache-control: no-cache
content-length: 94

15:26:26.768 [AsyncHttpClient-1-8] DEBUG org.asynchttpclient.netty.channel.ChannelManager - Adding key: http://localhost:28290 for channel [id: 0x5ab77cfd, L:/127.0.0.1:57774 - R:localhost/127.0.0.1:28290]
15:26:26.768 [Forwarding clickElement on session 45c9c911601f3983c8b90754c2dc2515 to remote] DEBUG org.asynchttpclient.netty.request.NettyRequestSender - Using pooled Channel '[id: 0x5ab77cfd, L:/127.0.0.1:57774 - R:localhost/127.0.0.1:28290]' for 'POST' to 'http://localhost:28290/session/45c9c911601f3983c8b90754c2dc2515/element/20F3FF8BD23A181D31A79F2204A68650_element_5/click'
15:26:26.768 [Forwarding clickElement on session 45c9c911601f3983c8b90754c2dc2515 to remote] DEBUG org.asynchttpclient.netty.request.NettyRequestSender - Using open Channel [id: 0x5ab77cfd, L:/127.0.0.1:57774 - R:localhost/127.0.0.1:28290] for POST '/session/45c9c911601f3983c8b90754c2dc2515/element/20F3FF8BD23A181D31A79F2204A68650_element_5/click'
15:26:26.854 [AsyncHttpClient-1-8] DEBUG org.asynchttpclient.netty.handler.HttpHandler - 

Request DefaultHttpRequest(decodeResult: success, version: HTTP/1.1)
POST /session/45c9c911601f3983c8b90754c2dc2515/element/20F3FF8BD23A181D31A79F2204A68650_element_5/click HTTP/1.1
User-Agent: selenium/4.7.1 (java windows)
Content-Length: 56
Content-Type: application/json; charset=utf-8
host: localhost:28290
accept: */*

Response DefaultHttpResponse(decodeResult: success, version: HTTP/1.1)
HTTP/1.1 200 OK
Content-Type: application/json; charset=utf-8
cache-control: no-cache
content-length: 14

15:26:26.855 [AsyncHttpClient-1-8] DEBUG org.asynchttpclient.netty.channel.ChannelManager - Adding key: http://localhost:28290 for channel [id: 0x5ab77cfd, L:/127.0.0.1:57774 - R:localhost/127.0.0.1:28290]
15:26:26.865 [Forwarding getCurrentWindowHandle on session 45c9c911601f3983c8b90754c2dc2515 to remote] DEBUG org.asynchttpclient.netty.request.NettyRequestSender - Using pooled Channel '[id: 0x5ab77cfd, L:/127.0.0.1:57774 - R:localhost/127.0.0.1:28290]' for 'GET' to 'http://localhost:28290/session/45c9c911601f3983c8b90754c2dc2515/window'
15:26:26.865 [Forwarding getCurrentWindowHandle on session 45c9c911601f3983c8b90754c2dc2515 to remote] DEBUG org.asynchttpclient.netty.request.NettyRequestSender - Using open Channel [id: 0x5ab77cfd, L:/127.0.0.1:57774 - R:localhost/127.0.0.1:28290] for GET '/session/45c9c911601f3983c8b90754c2dc2515/window'
15:26:26.866 [AsyncHttpClient-1-8] DEBUG org.asynchttpclient.netty.handler.HttpHandler - 

Request DefaultFullHttpRequest(decodeResult: success, version: HTTP/1.1, content: EmptyByteBufBE)
GET /session/45c9c911601f3983c8b90754c2dc2515/window HTTP/1.1
User-Agent: selenium/4.7.1 (java windows)
Cache-Control: no-cache
Content-Type: application/json; charset=utf-8
host: localhost:28290
accept: */*

Response DefaultHttpResponse(decodeResult: success, version: HTTP/1.1)
HTTP/1.1 200 OK
Content-Type: application/json; charset=utf-8
cache-control: no-cache
content-length: 44

15:26:26.867 [AsyncHttpClient-1-8] DEBUG org.asynchttpclient.netty.channel.ChannelManager - Adding key: http://localhost:28290 for channel [id: 0x5ab77cfd, L:/127.0.0.1:57774 - R:localhost/127.0.0.1:28290]
15:26:26.869 [Forwarding getAlertText on session 45c9c911601f3983c8b90754c2dc2515 to remote] DEBUG org.asynchttpclient.netty.request.NettyRequestSender - Using pooled Channel '[id: 0x5ab77cfd, L:/127.0.0.1:57774 - R:localhost/127.0.0.1:28290]' for 'GET' to 'http://localhost:28290/session/45c9c911601f3983c8b90754c2dc2515/alert/text'
15:26:26.869 [Forwarding getAlertText on session 45c9c911601f3983c8b90754c2dc2515 to remote] DEBUG org.asynchttpclient.netty.request.NettyRequestSender - Using open Channel [id: 0x5ab77cfd, L:/127.0.0.1:57774 - R:localhost/127.0.0.1:28290] for GET '/session/45c9c911601f3983c8b90754c2dc2515/alert/text'
15:26:27.111 [AsyncHttpClient-1-8] DEBUG org.asynchttpclient.netty.handler.HttpHandler - 

Request DefaultFullHttpRequest(decodeResult: success, version: HTTP/1.1, content: EmptyByteBufBE)
GET /session/45c9c911601f3983c8b90754c2dc2515/alert/text HTTP/1.1
User-Agent: selenium/4.7.1 (java windows)
Cache-Control: no-cache
Content-Type: application/json; charset=utf-8
host: localhost:28290
accept: */*

Response DefaultHttpResponse(decodeResult: success, version: HTTP/1.1)
HTTP/1.1 404 Not Found
Content-Type: application/json; charset=utf-8
cache-control: no-cache
content-length: 820

15:26:27.111 [AsyncHttpClient-1-8] DEBUG org.asynchttpclient.netty.channel.ChannelManager - Adding key: http://localhost:28290 for channel [id: 0x5ab77cfd, L:/127.0.0.1:57774 - R:localhost/127.0.0.1:28290]
15:26:27.114 [Forwarding switchToWindow on session 45c9c911601f3983c8b90754c2dc2515 to remote] DEBUG org.asynchttpclient.netty.request.NettyRequestSender - Using pooled Channel '[id: 0x5ab77cfd, L:/127.0.0.1:57774 - R:localhost/127.0.0.1:28290]' for 'POST' to 'http://localhost:28290/session/45c9c911601f3983c8b90754c2dc2515/window'
15:26:27.114 [Forwarding switchToWindow on session 45c9c911601f3983c8b90754c2dc2515 to remote] DEBUG org.asynchttpclient.netty.request.NettyRequestSender - Using open Channel [id: 0x5ab77cfd, L:/127.0.0.1:57774 - R:localhost/127.0.0.1:28290] for POST '/session/45c9c911601f3983c8b90754c2dc2515/window'
15:26:27.117 [AsyncHttpClient-1-8] DEBUG org.asynchttpclient.netty.handler.HttpHandler - 

Request DefaultHttpRequest(decodeResult: success, version: HTTP/1.1)
POST /session/45c9c911601f3983c8b90754c2dc2515/window HTTP/1.1
User-Agent: selenium/4.7.1 (java windows)
Content-Length: 50
Content-Type: application/json; charset=utf-8
host: localhost:28290
accept: */*

Response DefaultHttpResponse(decodeResult: success, version: HTTP/1.1)
HTTP/1.1 200 OK
Content-Type: application/json; charset=utf-8
cache-control: no-cache
content-length: 14

15:26:27.117 [AsyncHttpClient-1-8] DEBUG org.asynchttpclient.netty.channel.ChannelManager - Adding key: http://localhost:28290 for channel [id: 0x5ab77cfd, L:/127.0.0.1:57774 - R:localhost/127.0.0.1:28290]
15:26:27.119 [Forwarding getCurrentUrl on session 45c9c911601f3983c8b90754c2dc2515 to remote] DEBUG org.asynchttpclient.netty.request.NettyRequestSender - Using pooled Channel '[id: 0x5ab77cfd, L:/127.0.0.1:57774 - R:localhost/127.0.0.1:28290]' for 'GET' to 'http://localhost:28290/session/45c9c911601f3983c8b90754c2dc2515/url'
15:26:27.119 [Forwarding getCurrentUrl on session 45c9c911601f3983c8b90754c2dc2515 to remote] DEBUG org.asynchttpclient.netty.request.NettyRequestSender - Using open Channel [id: 0x5ab77cfd, L:/127.0.0.1:57774 - R:localhost/127.0.0.1:28290] for GET '/session/45c9c911601f3983c8b90754c2dc2515/url'
15:26:27.127 [AsyncHttpClient-1-8] DEBUG org.asynchttpclient.netty.handler.HttpHandler - 

Request DefaultFullHttpRequest(decodeResult: success, version: HTTP/1.1, content: EmptyByteBufBE)
GET /session/45c9c911601f3983c8b90754c2dc2515/url HTTP/1.1
User-Agent: selenium/4.7.1 (java windows)
Cache-Control: no-cache
Content-Type: application/json; charset=utf-8
host: localhost:28290
accept: */*

Response DefaultHttpResponse(decodeResult: success, version: HTTP/1.1)
HTTP/1.1 200 OK
Content-Type: application/json; charset=utf-8
cache-control: no-cache
content-length: 51

15:26:27.128 [AsyncHttpClient-1-8] DEBUG org.asynchttpclient.netty.channel.ChannelManager - Adding key: http://localhost:28290 for channel [id: 0x5ab77cfd, L:/127.0.0.1:57774 - R:localhost/127.0.0.1:28290]
15:26:27.129 [Forwarding screenshot on session 45c9c911601f3983c8b90754c2dc2515 to remote] DEBUG org.asynchttpclient.netty.request.NettyRequestSender - Using pooled Channel '[id: 0x5ab77cfd, L:/127.0.0.1:57774 - R:localhost/127.0.0.1:28290]' for 'GET' to 'http://localhost:28290/session/45c9c911601f3983c8b90754c2dc2515/screenshot'
15:26:27.129 [Forwarding screenshot on session 45c9c911601f3983c8b90754c2dc2515 to remote] DEBUG org.asynchttpclient.netty.request.NettyRequestSender - Using open Channel [id: 0x5ab77cfd, L:/127.0.0.1:57774 - R:localhost/127.0.0.1:28290] for GET '/session/45c9c911601f3983c8b90754c2dc2515/screenshot'
15:26:27.220 [AsyncHttpClient-1-8] DEBUG org.asynchttpclient.netty.handler.HttpHandler - 

Request DefaultFullHttpRequest(decodeResult: success, version: HTTP/1.1, content: EmptyByteBufBE)
GET /session/45c9c911601f3983c8b90754c2dc2515/screenshot HTTP/1.1
User-Agent: selenium/4.7.1 (java windows)
Cache-Control: no-cache
Content-Type: application/json; charset=utf-8
host: localhost:28290
accept: */*

Response DefaultHttpResponse(decodeResult: success, version: HTTP/1.1)
HTTP/1.1 200 OK
Content-Type: application/json; charset=utf-8
cache-control: no-cache
content-length: 26172

15:26:27.221 [AsyncHttpClient-1-8] DEBUG org.asynchttpclient.netty.channel.ChannelManager - Adding key: http://localhost:28290 for channel [id: 0x5ab77cfd, L:/127.0.0.1:57774 - R:localhost/127.0.0.1:28290]
15:26:27.223 [main] DEBUG net.serenitybdd.core.photography.Darkroom - Send negative for processing for target\site\serenity\f035198f28bcaf95684f4b1a3b9e5d031fc0873bb044f55c4913aef571773aa0.png
15:26:27.224 [main] DEBUG net.thucydides.core.steps.StepInterceptor - STEP DONE: klikButtonLogin
  &amp#27;[32mWhen &amp#27;[0m&amp#27;[32muser klik button login&amp#27;[0m                                          &amp#27;[90m# starter.stepdefinitions.LoginSteps.userKlikButtonLogin()&amp#27;[0m
15:26:27.239 [main] DEBUG net.thucydides.core.steps.StepInterceptor - STARTING STEP: LoginSteps.userInputEmailValid - inputEmail
15:26:27.242 [Forwarding findElement on session 45c9c911601f3983c8b90754c2dc2515 to remote] DEBUG org.asynchttpclient.netty.request.NettyRequestSender - Using pooled Channel '[id: 0x5ab77cfd, L:/127.0.0.1:57774 - R:localhost/127.0.0.1:28290]' for 'POST' to 'http://localhost:28290/session/45c9c911601f3983c8b90754c2dc2515/element'
15:26:27.242 [Forwarding findElement on session 45c9c911601f3983c8b90754c2dc2515 to remote] DEBUG org.asynchttpclient.netty.request.NettyRequestSender - Using open Channel [id: 0x5ab77cfd, L:/127.0.0.1:57774 - R:localhost/127.0.0.1:28290] for POST '/session/45c9c911601f3983c8b90754c2dc2515/element'
15:26:27.257 [AsyncHttpClient-1-8] DEBUG org.asynchttpclient.netty.handler.HttpHandler - 

Request DefaultHttpRequest(decodeResult: success, version: HTTP/1.1)
POST /session/45c9c911601f3983c8b90754c2dc2515/element HTTP/1.1
User-Agent: selenium/4.7.1 (java windows)
Content-Length: 187
Content-Type: application/json; charset=utf-8
host: localhost:28290
accept: */*

Response DefaultHttpResponse(decodeResult: success, version: HTTP/1.1)
HTTP/1.1 200 OK
Content-Type: application/json; charset=utf-8
cache-control: no-cache
content-length: 94

15:26:27.257 [AsyncHttpClient-1-8] DEBUG org.asynchttpclient.netty.channel.ChannelManager - Adding key: http://localhost:28290 for channel [id: 0x5ab77cfd, L:/127.0.0.1:57774 - R:localhost/127.0.0.1:28290]
15:26:27.258 [AsyncHttpClient-1-1] DEBUG org.asynchttpclient.netty.channel.DefaultChannelPool - Entry count for : http://localhost:28290 : 1
15:26:27.258 [AsyncHttpClient-1-1] DEBUG org.asynchttpclient.netty.channel.DefaultChannelPool - Entry count for : http://localhost:57775 : 1
15:26:27.259 [Forwarding clearElement on session 45c9c911601f3983c8b90754c2dc2515 to remote] DEBUG org.asynchttpclient.netty.request.NettyRequestSender - Using pooled Channel '[id: 0x5ab77cfd, L:/127.0.0.1:57774 - R:localhost/127.0.0.1:28290]' for 'POST' to 'http://localhost:28290/session/45c9c911601f3983c8b90754c2dc2515/element/20F3FF8BD23A181D31A79F2204A68650_element_8/clear'
15:26:27.259 [Forwarding clearElement on session 45c9c911601f3983c8b90754c2dc2515 to remote] DEBUG org.asynchttpclient.netty.request.NettyRequestSender - Using open Channel [id: 0x5ab77cfd, L:/127.0.0.1:57774 - R:localhost/127.0.0.1:28290] for POST '/session/45c9c911601f3983c8b90754c2dc2515/element/20F3FF8BD23A181D31A79F2204A68650_element_8/clear'
15:26:27.306 [AsyncHttpClient-1-8] DEBUG org.asynchttpclient.netty.handler.HttpHandler - 

Request DefaultHttpRequest(decodeResult: success, version: HTTP/1.1)
POST /session/45c9c911601f3983c8b90754c2dc2515/element/20F3FF8BD23A181D31A79F2204A68650_element_8/clear HTTP/1.1
User-Agent: selenium/4.7.1 (java windows)
Content-Length: 56
Content-Type: application/json; charset=utf-8
host: localhost:28290
accept: */*

Response DefaultHttpResponse(decodeResult: success, version: HTTP/1.1)
HTTP/1.1 200 OK
Content-Type: application/json; charset=utf-8
cache-control: no-cache
content-length: 14

15:26:27.306 [AsyncHttpClient-1-8] DEBUG org.asynchttpclient.netty.channel.ChannelManager - Adding key: http://localhost:28290 for channel [id: 0x5ab77cfd, L:/127.0.0.1:57774 - R:localhost/127.0.0.1:28290]
15:26:27.308 [Forwarding sendKeysToElement on session 45c9c911601f3983c8b90754c2dc2515 to remote] DEBUG org.asynchttpclient.netty.request.NettyRequestSender - Using pooled Channel '[id: 0x5ab77cfd, L:/127.0.0.1:57774 - R:localhost/127.0.0.1:28290]' for 'POST' to 'http://localhost:28290/session/45c9c911601f3983c8b90754c2dc2515/element/20F3FF8BD23A181D31A79F2204A68650_element_8/value'
15:26:27.308 [Forwarding sendKeysToElement on session 45c9c911601f3983c8b90754c2dc2515 to remote] DEBUG org.asynchttpclient.netty.request.NettyRequestSender - Using open Channel [id: 0x5ab77cfd, L:/127.0.0.1:57774 - R:localhost/127.0.0.1:28290] for POST '/session/45c9c911601f3983c8b90754c2dc2515/element/20F3FF8BD23A181D31A79F2204A68650_element_8/value'
15:26:27.420 [AsyncHttpClient-1-8] DEBUG org.asynchttpclient.netty.handler.HttpHandler - 

Request DefaultHttpRequest(decodeResult: success, version: HTTP/1.1)
POST /session/45c9c911601f3983c8b90754c2dc2515/element/20F3FF8BD23A181D31A79F2204A68650_element_8/value HTTP/1.1
User-Agent: selenium/4.7.1 (java windows)
Content-Length: 217
Content-Type: application/json; charset=utf-8
host: localhost:28290
accept: */*

Response DefaultHttpResponse(decodeResult: success, version: HTTP/1.1)
HTTP/1.1 200 OK
Content-Type: application/json; charset=utf-8
cache-control: no-cache
content-length: 14

15:26:27.420 [AsyncHttpClient-1-8] DEBUG org.asynchttpclient.netty.channel.ChannelManager - Adding key: http://localhost:28290 for channel [id: 0x5ab77cfd, L:/127.0.0.1:57774 - R:localhost/127.0.0.1:28290]
15:26:27.427 [Forwarding getCurrentWindowHandle on session 45c9c911601f3983c8b90754c2dc2515 to remote] DEBUG org.asynchttpclient.netty.request.NettyRequestSender - Using pooled Channel '[id: 0x5ab77cfd, L:/127.0.0.1:57774 - R:localhost/127.0.0.1:28290]' for 'GET' to 'http://localhost:28290/session/45c9c911601f3983c8b90754c2dc2515/window'
15:26:27.427 [Forwarding getCurrentWindowHandle on session 45c9c911601f3983c8b90754c2dc2515 to remote] DEBUG org.asynchttpclient.netty.request.NettyRequestSender - Using open Channel [id: 0x5ab77cfd, L:/127.0.0.1:57774 - R:localhost/127.0.0.1:28290] for GET '/session/45c9c911601f3983c8b90754c2dc2515/window'
15:26:27.428 [AsyncHttpClient-1-8] DEBUG org.asynchttpclient.netty.handler.HttpHandler - 

Request DefaultFullHttpRequest(decodeResult: success, version: HTTP/1.1, content: EmptyByteBufBE)
GET /session/45c9c911601f3983c8b90754c2dc2515/window HTTP/1.1
User-Agent: selenium/4.7.1 (java windows)
Cache-Control: no-cache
Content-Type: application/json; charset=utf-8
host: localhost:28290
accept: */*

Response DefaultHttpResponse(decodeResult: success, version: HTTP/1.1)
HTTP/1.1 200 OK
Content-Type: application/json; charset=utf-8
cache-control: no-cache
content-length: 44

15:26:27.428 [AsyncHttpClient-1-8] DEBUG org.asynchttpclient.netty.channel.ChannelManager - Adding key: http://localhost:28290 for channel [id: 0x5ab77cfd, L:/127.0.0.1:57774 - R:localhost/127.0.0.1:28290]
15:26:27.429 [Forwarding getAlertText on session 45c9c911601f3983c8b90754c2dc2515 to remote] DEBUG org.asynchttpclient.netty.request.NettyRequestSender - Using pooled Channel '[id: 0x5ab77cfd, L:/127.0.0.1:57774 - R:localhost/127.0.0.1:28290]' for 'GET' to 'http://localhost:28290/session/45c9c911601f3983c8b90754c2dc2515/alert/text'
15:26:27.430 [Forwarding getAlertText on session 45c9c911601f3983c8b90754c2dc2515 to remote] DEBUG org.asynchttpclient.netty.request.NettyRequestSender - Using open Channel [id: 0x5ab77cfd, L:/127.0.0.1:57774 - R:localhost/127.0.0.1:28290] for GET '/session/45c9c911601f3983c8b90754c2dc2515/alert/text'
15:26:27.431 [AsyncHttpClient-1-8] DEBUG org.asynchttpclient.netty.handler.HttpHandler - 

Request DefaultFullHttpRequest(decodeResult: success, version: HTTP/1.1, content: EmptyByteBufBE)
GET /session/45c9c911601f3983c8b90754c2dc2515/alert/text HTTP/1.1
User-Agent: selenium/4.7.1 (java windows)
Cache-Control: no-cache
Content-Type: application/json; charset=utf-8
host: localhost:28290
accept: */*

Response DefaultHttpResponse(decodeResult: success, version: HTTP/1.1)
HTTP/1.1 404 Not Found
Content-Type: application/json; charset=utf-8
cache-control: no-cache
content-length: 820

15:26:27.431 [AsyncHttpClient-1-8] DEBUG org.asynchttpclient.netty.channel.ChannelManager - Adding key: http://localhost:28290 for channel [id: 0x5ab77cfd, L:/127.0.0.1:57774 - R:localhost/127.0.0.1:28290]
15:26:27.433 [Forwarding switchToWindow on session 45c9c911601f3983c8b90754c2dc2515 to remote] DEBUG org.asynchttpclient.netty.request.NettyRequestSender - Using pooled Channel '[id: 0x5ab77cfd, L:/127.0.0.1:57774 - R:localhost/127.0.0.1:28290]' for 'POST' to 'http://localhost:28290/session/45c9c911601f3983c8b90754c2dc2515/window'
15:26:27.433 [Forwarding switchToWindow on session 45c9c911601f3983c8b90754c2dc2515 to remote] DEBUG org.asynchttpclient.netty.request.NettyRequestSender - Using open Channel [id: 0x5ab77cfd, L:/127.0.0.1:57774 - R:localhost/127.0.0.1:28290] for POST '/session/45c9c911601f3983c8b90754c2dc2515/window'
15:26:27.435 [AsyncHttpClient-1-8] DEBUG org.asynchttpclient.netty.handler.HttpHandler - 

Request DefaultHttpRequest(decodeResult: success, version: HTTP/1.1)
POST /session/45c9c911601f3983c8b90754c2dc2515/window HTTP/1.1
User-Agent: selenium/4.7.1 (java windows)
Content-Length: 50
Content-Type: application/json; charset=utf-8
host: localhost:28290
accept: */*

Response DefaultHttpResponse(decodeResult: success, version: HTTP/1.1)
HTTP/1.1 200 OK
Content-Type: application/json; charset=utf-8
cache-control: no-cache
content-length: 14

15:26:27.435 [AsyncHttpClient-1-8] DEBUG org.asynchttpclient.netty.channel.ChannelManager - Adding key: http://localhost:28290 for channel [id: 0x5ab77cfd, L:/127.0.0.1:57774 - R:localhost/127.0.0.1:28290]
15:26:27.436 [Forwarding getCurrentUrl on session 45c9c911601f3983c8b90754c2dc2515 to remote] DEBUG org.asynchttpclient.netty.request.NettyRequestSender - Using pooled Channel '[id: 0x5ab77cfd, L:/127.0.0.1:57774 - R:localhost/127.0.0.1:28290]' for 'GET' to 'http://localhost:28290/session/45c9c911601f3983c8b90754c2dc2515/url'
15:26:27.436 [Forwarding getCurrentUrl on session 45c9c911601f3983c8b90754c2dc2515 to remote] DEBUG org.asynchttpclient.netty.request.NettyRequestSender - Using open Channel [id: 0x5ab77cfd, L:/127.0.0.1:57774 - R:localhost/127.0.0.1:28290] for GET '/session/45c9c911601f3983c8b90754c2dc2515/url'
15:26:27.442 [AsyncHttpClient-1-8] DEBUG org.asynchttpclient.netty.handler.HttpHandler - 

Request DefaultFullHttpRequest(decodeResult: success, version: HTTP/1.1, content: EmptyByteBufBE)
GET /session/45c9c911601f3983c8b90754c2dc2515/url HTTP/1.1
User-Agent: selenium/4.7.1 (java windows)
Cache-Control: no-cache
Content-Type: application/json; charset=utf-8
host: localhost:28290
accept: */*

Response DefaultHttpResponse(decodeResult: success, version: HTTP/1.1)
HTTP/1.1 200 OK
Content-Type: application/json; charset=utf-8
cache-control: no-cache
content-length: 51

15:26:27.442 [AsyncHttpClient-1-8] DEBUG org.asynchttpclient.netty.channel.ChannelManager - Adding key: http://localhost:28290 for channel [id: 0x5ab77cfd, L:/127.0.0.1:57774 - R:localhost/127.0.0.1:28290]
15:26:27.443 [Forwarding screenshot on session 45c9c911601f3983c8b90754c2dc2515 to remote] DEBUG org.asynchttpclient.netty.request.NettyRequestSender - Using pooled Channel '[id: 0x5ab77cfd, L:/127.0.0.1:57774 - R:localhost/127.0.0.1:28290]' for 'GET' to 'http://localhost:28290/session/45c9c911601f3983c8b90754c2dc2515/screenshot'
15:26:27.443 [Forwarding screenshot on session 45c9c911601f3983c8b90754c2dc2515 to remote] DEBUG org.asynchttpclient.netty.request.NettyRequestSender - Using open Channel [id: 0x5ab77cfd, L:/127.0.0.1:57774 - R:localhost/127.0.0.1:28290] for GET '/session/45c9c911601f3983c8b90754c2dc2515/screenshot'
15:26:27.546 [AsyncHttpClient-1-8] DEBUG org.asynchttpclient.netty.handler.HttpHandler - 

Request DefaultFullHttpRequest(decodeResult: success, version: HTTP/1.1, content: EmptyByteBufBE)
GET /session/45c9c911601f3983c8b90754c2dc2515/screenshot HTTP/1.1
User-Agent: selenium/4.7.1 (java windows)
Cache-Control: no-cache
Content-Type: application/json; charset=utf-8
host: localhost:28290
accept: */*

Response DefaultHttpResponse(decodeResult: success, version: HTTP/1.1)
HTTP/1.1 200 OK
Content-Type: application/json; charset=utf-8
cache-control: no-cache
content-length: 29848

15:26:27.547 [AsyncHttpClient-1-8] DEBUG org.asynchttpclient.netty.channel.ChannelManager - Adding key: http://localhost:28290 for channel [id: 0x5ab77cfd, L:/127.0.0.1:57774 - R:localhost/127.0.0.1:28290]
15:26:27.549 [main] DEBUG net.serenitybdd.core.photography.Darkroom - Send negative for processing for target\site\serenity\d0c5bb108fc7cc323ab09ea58d3f87aba5f01cf71ee19458dcaaf37a658270b4.png
15:26:27.549 [main] DEBUG net.thucydides.core.steps.StepInterceptor - STEP DONE: inputEmail
15:26:27.549 [Darkroom Processing Line] DEBUG net.serenitybdd.core.photography.DarkroomProcessingLine - Processing screenshot image in /var/screenshots/screenshot-3891491933107160566
15:26:27.550 [Darkroom Processing Line] DEBUG net.serenitybdd.core.photography.DarkroomProcessingLine - Saving screenshot to target\site\serenity\d0c5bb108fc7cc323ab09ea58d3f87aba5f01cf71ee19458dcaaf37a658270b4.png
  &amp#27;[32mAnd &amp#27;[0m&amp#27;[32muser input email valid&amp#27;[0m                                           &amp#27;[90m# starter.stepdefinitions.LoginSteps.userInputEmailValid()&amp#27;[0m
15:26:27.564 [main] DEBUG net.thucydides.core.steps.StepInterceptor - STARTING STEP: LoginSteps.userInputPasswordInvalid - inputPassword
15:26:27.566 [Forwarding findElement on session 45c9c911601f3983c8b90754c2dc2515 to remote] DEBUG org.asynchttpclient.netty.request.NettyRequestSender - Using pooled Channel '[id: 0x5ab77cfd, L:/127.0.0.1:57774 - R:localhost/127.0.0.1:28290]' for 'POST' to 'http://localhost:28290/session/45c9c911601f3983c8b90754c2dc2515/element'
15:26:27.566 [Forwarding findElement on session 45c9c911601f3983c8b90754c2dc2515 to remote] DEBUG org.asynchttpclient.netty.request.NettyRequestSender - Using open Channel [id: 0x5ab77cfd, L:/127.0.0.1:57774 - R:localhost/127.0.0.1:28290] for POST '/session/45c9c911601f3983c8b90754c2dc2515/element'
15:26:27.581 [AsyncHttpClient-1-8] DEBUG org.asynchttpclient.netty.handler.HttpHandler - 

Request DefaultHttpRequest(decodeResult: success, version: HTTP/1.1)
POST /session/45c9c911601f3983c8b90754c2dc2515/element HTTP/1.1
User-Agent: selenium/4.7.1 (java windows)
Content-Length: 187
Content-Type: application/json; charset=utf-8
host: localhost:28290
accept: */*

Response DefaultHttpResponse(decodeResult: success, version: HTTP/1.1)
HTTP/1.1 200 OK
Content-Type: application/json; charset=utf-8
cache-control: no-cache
content-length: 95

15:26:27.582 [AsyncHttpClient-1-8] DEBUG org.asynchttpclient.netty.channel.ChannelManager - Adding key: http://localhost:28290 for channel [id: 0x5ab77cfd, L:/127.0.0.1:57774 - R:localhost/127.0.0.1:28290]
15:26:27.583 [Forwarding clearElement on session 45c9c911601f3983c8b90754c2dc2515 to remote] DEBUG org.asynchttpclient.netty.request.NettyRequestSender - Using pooled Channel '[id: 0x5ab77cfd, L:/127.0.0.1:57774 - R:localhost/127.0.0.1:28290]' for 'POST' to 'http://localhost:28290/session/45c9c911601f3983c8b90754c2dc2515/element/20F3FF8BD23A181D31A79F2204A68650_element_10/clear'
15:26:27.583 [Forwarding clearElement on session 45c9c911601f3983c8b90754c2dc2515 to remote] DEBUG org.asynchttpclient.netty.request.NettyRequestSender - Using open Channel [id: 0x5ab77cfd, L:/127.0.0.1:57774 - R:localhost/127.0.0.1:28290] for POST '/session/45c9c911601f3983c8b90754c2dc2515/element/20F3FF8BD23A181D31A79F2204A68650_element_10/clear'
15:26:27.618 [AsyncHttpClient-1-8] DEBUG org.asynchttpclient.netty.handler.HttpHandler - 

Request DefaultHttpRequest(decodeResult: success, version: HTTP/1.1)
POST /session/45c9c911601f3983c8b90754c2dc2515/element/20F3FF8BD23A181D31A79F2204A68650_element_10/clear HTTP/1.1
User-Agent: selenium/4.7.1 (java windows)
Content-Length: 57
Content-Type: application/json; charset=utf-8
host: localhost:28290
accept: */*

Response DefaultHttpResponse(decodeResult: success, version: HTTP/1.1)
HTTP/1.1 200 OK
Content-Type: application/json; charset=utf-8
cache-control: no-cache
content-length: 14

15:26:27.618 [AsyncHttpClient-1-8] DEBUG org.asynchttpclient.netty.channel.ChannelManager - Adding key: http://localhost:28290 for channel [id: 0x5ab77cfd, L:/127.0.0.1:57774 - R:localhost/127.0.0.1:28290]
15:26:27.621 [Forwarding sendKeysToElement on session 45c9c911601f3983c8b90754c2dc2515 to remote] DEBUG org.asynchttpclient.netty.request.NettyRequestSender - Using pooled Channel '[id: 0x5ab77cfd, L:/127.0.0.1:57774 - R:localhost/127.0.0.1:28290]' for 'POST' to 'http://localhost:28290/session/45c9c911601f3983c8b90754c2dc2515/element/20F3FF8BD23A181D31A79F2204A68650_element_10/value'
15:26:27.621 [Forwarding sendKeysToElement on session 45c9c911601f3983c8b90754c2dc2515 to remote] DEBUG org.asynchttpclient.netty.request.NettyRequestSender - Using open Channel [id: 0x5ab77cfd, L:/127.0.0.1:57774 - R:localhost/127.0.0.1:28290] for POST '/session/45c9c911601f3983c8b90754c2dc2515/element/20F3FF8BD23A181D31A79F2204A68650_element_10/value'
15:26:27.689 [AsyncHttpClient-1-8] DEBUG org.asynchttpclient.netty.handler.HttpHandler - 

Request DefaultHttpRequest(decodeResult: success, version: HTTP/1.1)
POST /session/45c9c911601f3983c8b90754c2dc2515/element/20F3FF8BD23A181D31A79F2204A68650_element_10/value HTTP/1.1
User-Agent: selenium/4.7.1 (java windows)
Content-Length: 128
Content-Type: application/json; charset=utf-8
host: localhost:28290
accept: */*

Response DefaultHttpResponse(decodeResult: success, version: HTTP/1.1)
HTTP/1.1 200 OK
Content-Type: application/json; charset=utf-8
cache-control: no-cache
content-length: 14

15:26:27.689 [AsyncHttpClient-1-8] DEBUG org.asynchttpclient.netty.channel.ChannelManager - Adding key: http://localhost:28290 for channel [id: 0x5ab77cfd, L:/127.0.0.1:57774 - R:localhost/127.0.0.1:28290]
15:26:27.698 [Forwarding getCurrentWindowHandle on session 45c9c911601f3983c8b90754c2dc2515 to remote] DEBUG org.asynchttpclient.netty.request.NettyRequestSender - Using pooled Channel '[id: 0x5ab77cfd, L:/127.0.0.1:57774 - R:localhost/127.0.0.1:28290]' for 'GET' to 'http://localhost:28290/session/45c9c911601f3983c8b90754c2dc2515/window'
15:26:27.698 [Forwarding getCurrentWindowHandle on session 45c9c911601f3983c8b90754c2dc2515 to remote] DEBUG org.asynchttpclient.netty.request.NettyRequestSender - Using open Channel [id: 0x5ab77cfd, L:/127.0.0.1:57774 - R:localhost/127.0.0.1:28290] for GET '/session/45c9c911601f3983c8b90754c2dc2515/window'
15:26:27.699 [AsyncHttpClient-1-8] DEBUG org.asynchttpclient.netty.handler.HttpHandler - 

Request DefaultFullHttpRequest(decodeResult: success, version: HTTP/1.1, content: EmptyByteBufBE)
GET /session/45c9c911601f3983c8b90754c2dc2515/window HTTP/1.1
User-Agent: selenium/4.7.1 (java windows)
Cache-Control: no-cache
Content-Type: application/json; charset=utf-8
host: localhost:28290
accept: */*

Response DefaultHttpResponse(decodeResult: success, version: HTTP/1.1)
HTTP/1.1 200 OK
Content-Type: application/json; charset=utf-8
cache-control: no-cache
content-length: 44

15:26:27.699 [AsyncHttpClient-1-8] DEBUG org.asynchttpclient.netty.channel.ChannelManager - Adding key: http://localhost:28290 for channel [id: 0x5ab77cfd, L:/127.0.0.1:57774 - R:localhost/127.0.0.1:28290]
15:26:27.701 [Forwarding getAlertText on session 45c9c911601f3983c8b90754c2dc2515 to remote] DEBUG org.asynchttpclient.netty.request.NettyRequestSender - Using pooled Channel '[id: 0x5ab77cfd, L:/127.0.0.1:57774 - R:localhost/127.0.0.1:28290]' for 'GET' to 'http://localhost:28290/session/45c9c911601f3983c8b90754c2dc2515/alert/text'
15:26:27.701 [Forwarding getAlertText on session 45c9c911601f3983c8b90754c2dc2515 to remote] DEBUG org.asynchttpclient.netty.request.NettyRequestSender - Using open Channel [id: 0x5ab77cfd, L:/127.0.0.1:57774 - R:localhost/127.0.0.1:28290] for GET '/session/45c9c911601f3983c8b90754c2dc2515/alert/text'
15:26:27.703 [AsyncHttpClient-1-8] DEBUG org.asynchttpclient.netty.handler.HttpHandler - 

Request DefaultFullHttpRequest(decodeResult: success, version: HTTP/1.1, content: EmptyByteBufBE)
GET /session/45c9c911601f3983c8b90754c2dc2515/alert/text HTTP/1.1
User-Agent: selenium/4.7.1 (java windows)
Cache-Control: no-cache
Content-Type: application/json; charset=utf-8
host: localhost:28290
accept: */*

Response DefaultHttpResponse(decodeResult: success, version: HTTP/1.1)
HTTP/1.1 404 Not Found
Content-Type: application/json; charset=utf-8
cache-control: no-cache
content-length: 820

15:26:27.703 [AsyncHttpClient-1-8] DEBUG org.asynchttpclient.netty.channel.ChannelManager - Adding key: http://localhost:28290 for channel [id: 0x5ab77cfd, L:/127.0.0.1:57774 - R:localhost/127.0.0.1:28290]
15:26:27.706 [Forwarding switchToWindow on session 45c9c911601f3983c8b90754c2dc2515 to remote] DEBUG org.asynchttpclient.netty.request.NettyRequestSender - Using pooled Channel '[id: 0x5ab77cfd, L:/127.0.0.1:57774 - R:localhost/127.0.0.1:28290]' for 'POST' to 'http://localhost:28290/session/45c9c911601f3983c8b90754c2dc2515/window'
15:26:27.706 [Forwarding switchToWindow on session 45c9c911601f3983c8b90754c2dc2515 to remote] DEBUG org.asynchttpclient.netty.request.NettyRequestSender - Using open Channel [id: 0x5ab77cfd, L:/127.0.0.1:57774 - R:localhost/127.0.0.1:28290] for POST '/session/45c9c911601f3983c8b90754c2dc2515/window'
15:26:27.709 [AsyncHttpClient-1-8] DEBUG org.asynchttpclient.netty.handler.HttpHandler - 

Request DefaultHttpRequest(decodeResult: success, version: HTTP/1.1)
POST /session/45c9c911601f3983c8b90754c2dc2515/window HTTP/1.1
User-Agent: selenium/4.7.1 (java windows)
Content-Length: 50
Content-Type: application/json; charset=utf-8
host: localhost:28290
accept: */*

Response DefaultHttpResponse(decodeResult: success, version: HTTP/1.1)
HTTP/1.1 200 OK
Content-Type: application/json; charset=utf-8
cache-control: no-cache
content-length: 14

15:26:27.709 [AsyncHttpClient-1-8] DEBUG org.asynchttpclient.netty.channel.ChannelManager - Adding key: http://localhost:28290 for channel [id: 0x5ab77cfd, L:/127.0.0.1:57774 - R:localhost/127.0.0.1:28290]
15:26:27.710 [Forwarding getCurrentUrl on session 45c9c911601f3983c8b90754c2dc2515 to remote] DEBUG org.asynchttpclient.netty.request.NettyRequestSender - Using pooled Channel '[id: 0x5ab77cfd, L:/127.0.0.1:57774 - R:localhost/127.0.0.1:28290]' for 'GET' to 'http://localhost:28290/session/45c9c911601f3983c8b90754c2dc2515/url'
15:26:27.710 [Forwarding getCurrentUrl on session 45c9c911601f3983c8b90754c2dc2515 to remote] DEBUG org.asynchttpclient.netty.request.NettyRequestSender - Using open Channel [id: 0x5ab77cfd, L:/127.0.0.1:57774 - R:localhost/127.0.0.1:28290] for GET '/session/45c9c911601f3983c8b90754c2dc2515/url'
15:26:27.714 [AsyncHttpClient-1-8] DEBUG org.asynchttpclient.netty.handler.HttpHandler - 

Request DefaultFullHttpRequest(decodeResult: success, version: HTTP/1.1, content: EmptyByteBufBE)
GET /session/45c9c911601f3983c8b90754c2dc2515/url HTTP/1.1
User-Agent: selenium/4.7.1 (java windows)
Cache-Control: no-cache
Content-Type: application/json; charset=utf-8
host: localhost:28290
accept: */*

Response DefaultHttpResponse(decodeResult: success, version: HTTP/1.1)
HTTP/1.1 200 OK
Content-Type: application/json; charset=utf-8
cache-control: no-cache
content-length: 51

15:26:27.714 [AsyncHttpClient-1-8] DEBUG org.asynchttpclient.netty.channel.ChannelManager - Adding key: http://localhost:28290 for channel [id: 0x5ab77cfd, L:/127.0.0.1:57774 - R:localhost/127.0.0.1:28290]
15:26:27.715 [Forwarding screenshot on session 45c9c911601f3983c8b90754c2dc2515 to remote] DEBUG org.asynchttpclient.netty.request.NettyRequestSender - Using pooled Channel '[id: 0x5ab77cfd, L:/127.0.0.1:57774 - R:localhost/127.0.0.1:28290]' for 'GET' to 'http://localhost:28290/session/45c9c911601f3983c8b90754c2dc2515/screenshot'
15:26:27.715 [Forwarding screenshot on session 45c9c911601f3983c8b90754c2dc2515 to remote] DEBUG org.asynchttpclient.netty.request.NettyRequestSender - Using open Channel [id: 0x5ab77cfd, L:/127.0.0.1:57774 - R:localhost/127.0.0.1:28290] for GET '/session/45c9c911601f3983c8b90754c2dc2515/screenshot'
15:26:27.811 [AsyncHttpClient-1-8] DEBUG org.asynchttpclient.netty.handler.HttpHandler - 

Request DefaultFullHttpRequest(decodeResult: success, version: HTTP/1.1, content: EmptyByteBufBE)
GET /session/45c9c911601f3983c8b90754c2dc2515/screenshot HTTP/1.1
User-Agent: selenium/4.7.1 (java windows)
Cache-Control: no-cache
Content-Type: application/json; charset=utf-8
host: localhost:28290
accept: */*

Response DefaultHttpResponse(decodeResult: success, version: HTTP/1.1)
HTTP/1.1 200 OK
Content-Type: application/json; charset=utf-8
cache-control: no-cache
content-length: 30128

15:26:27.811 [AsyncHttpClient-1-8] DEBUG org.asynchttpclient.netty.channel.ChannelManager - Adding key: http://localhost:28290 for channel [id: 0x5ab77cfd, L:/127.0.0.1:57774 - R:localhost/127.0.0.1:28290]
15:26:27.814 [main] DEBUG net.serenitybdd.core.photography.Darkroom - Send negative for processing for target\site\serenity\4754c5b1d3f796256a8b9c1da85f1ff967326893182e63f0b0b29bdcefa214cd.png
15:26:27.814 [main] DEBUG net.thucydides.core.steps.StepInterceptor - STEP DONE: inputPassword
15:26:27.814 [Darkroom Processing Line] DEBUG net.serenitybdd.core.photography.DarkroomProcessingLine - Processing screenshot image in /var/screenshots/screenshot-16206701289690227913
  &amp#27;[32mAnd &amp#27;[0m&amp#27;[32muser input password invalid&amp#27;[0m                                      &amp#27;[90m# starter.stepdefinitions.LoginSteps.userInputPasswordInvalid()&amp#27;[0m
15:26:27.814 [Darkroom Processing Line] DEBUG net.serenitybdd.core.photography.DarkroomProcessingLine - Saving screenshot to target\site\serenity\4754c5b1d3f796256a8b9c1da85f1ff967326893182e63f0b0b29bdcefa214cd.png
15:26:27.827 [main] DEBUG net.thucydides.core.steps.StepInterceptor - STARTING STEP: LoginSteps.userKlikButtonLoginYangKedua - klikButtonLoginKedua
15:26:27.830 [Forwarding findElement on session 45c9c911601f3983c8b90754c2dc2515 to remote] DEBUG org.asynchttpclient.netty.request.NettyRequestSender - Using pooled Channel '[id: 0x5ab77cfd, L:/127.0.0.1:57774 - R:localhost/127.0.0.1:28290]' for 'POST' to 'http://localhost:28290/session/45c9c911601f3983c8b90754c2dc2515/element'
15:26:27.830 [Forwarding findElement on session 45c9c911601f3983c8b90754c2dc2515 to remote] DEBUG org.asynchttpclient.netty.request.NettyRequestSender - Using open Channel [id: 0x5ab77cfd, L:/127.0.0.1:57774 - R:localhost/127.0.0.1:28290] for POST '/session/45c9c911601f3983c8b90754c2dc2515/element'
15:26:27.848 [AsyncHttpClient-1-8] DEBUG org.asynchttpclient.netty.handler.HttpHandler - 

Request DefaultHttpRequest(decodeResult: success, version: HTTP/1.1)
POST /session/45c9c911601f3983c8b90754c2dc2515/element HTTP/1.1
User-Agent: selenium/4.7.1 (java windows)
Content-Length: 141
Content-Type: application/json; charset=utf-8
host: localhost:28290
accept: */*

Response DefaultHttpResponse(decodeResult: success, version: HTTP/1.1)
HTTP/1.1 200 OK
Content-Type: application/json; charset=utf-8
cache-control: no-cache
content-length: 95

15:26:27.848 [AsyncHttpClient-1-8] DEBUG org.asynchttpclient.netty.channel.ChannelManager - Adding key: http://localhost:28290 for channel [id: 0x5ab77cfd, L:/127.0.0.1:57774 - R:localhost/127.0.0.1:28290]
15:26:27.850 [Forwarding getElementTagName on session 45c9c911601f3983c8b90754c2dc2515 to remote] DEBUG org.asynchttpclient.netty.request.NettyRequestSender - Using pooled Channel '[id: 0x5ab77cfd, L:/127.0.0.1:57774 - R:localhost/127.0.0.1:28290]' for 'GET' to 'http://localhost:28290/session/45c9c911601f3983c8b90754c2dc2515/element/20F3FF8BD23A181D31A79F2204A68650_element_13/name'
15:26:27.850 [Forwarding getElementTagName on session 45c9c911601f3983c8b90754c2dc2515 to remote] DEBUG org.asynchttpclient.netty.request.NettyRequestSender - Using open Channel [id: 0x5ab77cfd, L:/127.0.0.1:57774 - R:localhost/127.0.0.1:28290] for GET '/session/45c9c911601f3983c8b90754c2dc2515/element/20F3FF8BD23A181D31A79F2204A68650_element_13/name'
15:26:27.856 [AsyncHttpClient-1-8] DEBUG org.asynchttpclient.netty.handler.HttpHandler - 

Request DefaultFullHttpRequest(decodeResult: success, version: HTTP/1.1, content: EmptyByteBufBE)
GET /session/45c9c911601f3983c8b90754c2dc2515/element/20F3FF8BD23A181D31A79F2204A68650_element_13/name HTTP/1.1
User-Agent: selenium/4.7.1 (java windows)
Cache-Control: no-cache
Content-Type: application/json; charset=utf-8
host: localhost:28290
accept: */*

Response DefaultHttpResponse(decodeResult: success, version: HTTP/1.1)
HTTP/1.1 200 OK
Content-Type: application/json; charset=utf-8
cache-control: no-cache
content-length: 18

15:26:27.856 [AsyncHttpClient-1-8] DEBUG org.asynchttpclient.netty.channel.ChannelManager - Adding key: http://localhost:28290 for channel [id: 0x5ab77cfd, L:/127.0.0.1:57774 - R:localhost/127.0.0.1:28290]
15:26:27.858 [Forwarding getElementTagName on session 45c9c911601f3983c8b90754c2dc2515 to remote] DEBUG org.asynchttpclient.netty.request.NettyRequestSender - Using pooled Channel '[id: 0x5ab77cfd, L:/127.0.0.1:57774 - R:localhost/127.0.0.1:28290]' for 'GET' to 'http://localhost:28290/session/45c9c911601f3983c8b90754c2dc2515/element/20F3FF8BD23A181D31A79F2204A68650_element_13/name'
15:26:27.858 [Forwarding getElementTagName on session 45c9c911601f3983c8b90754c2dc2515 to remote] DEBUG org.asynchttpclient.netty.request.NettyRequestSender - Using open Channel [id: 0x5ab77cfd, L:/127.0.0.1:57774 - R:localhost/127.0.0.1:28290] for GET '/session/45c9c911601f3983c8b90754c2dc2515/element/20F3FF8BD23A181D31A79F2204A68650_element_13/name'
15:26:27.863 [AsyncHttpClient-1-8] DEBUG org.asynchttpclient.netty.handler.HttpHandler - 

Request DefaultFullHttpRequest(decodeResult: success, version: HTTP/1.1, content: EmptyByteBufBE)
GET /session/45c9c911601f3983c8b90754c2dc2515/element/20F3FF8BD23A181D31A79F2204A68650_element_13/name HTTP/1.1
User-Agent: selenium/4.7.1 (java windows)
Cache-Control: no-cache
Content-Type: application/json; charset=utf-8
host: localhost:28290
accept: */*

Response DefaultHttpResponse(decodeResult: success, version: HTTP/1.1)
HTTP/1.1 200 OK
Content-Type: application/json; charset=utf-8
cache-control: no-cache
content-length: 18

15:26:27.864 [AsyncHttpClient-1-8] DEBUG org.asynchttpclient.netty.channel.ChannelManager - Adding key: http://localhost:28290 for channel [id: 0x5ab77cfd, L:/127.0.0.1:57774 - R:localhost/127.0.0.1:28290]
15:26:27.866 [Forwarding isElementEnabled on session 45c9c911601f3983c8b90754c2dc2515 to remote] DEBUG org.asynchttpclient.netty.request.NettyRequestSender - Using pooled Channel '[id: 0x5ab77cfd, L:/127.0.0.1:57774 - R:localhost/127.0.0.1:28290]' for 'GET' to 'http://localhost:28290/session/45c9c911601f3983c8b90754c2dc2515/element/20F3FF8BD23A181D31A79F2204A68650_element_13/enabled'
15:26:27.866 [Forwarding isElementEnabled on session 45c9c911601f3983c8b90754c2dc2515 to remote] DEBUG org.asynchttpclient.netty.request.NettyRequestSender - Using open Channel [id: 0x5ab77cfd, L:/127.0.0.1:57774 - R:localhost/127.0.0.1:28290] for GET '/session/45c9c911601f3983c8b90754c2dc2515/element/20F3FF8BD23A181D31A79F2204A68650_element_13/enabled'
15:26:27.877 [AsyncHttpClient-1-8] DEBUG org.asynchttpclient.netty.handler.HttpHandler - 

Request DefaultFullHttpRequest(decodeResult: success, version: HTTP/1.1, content: EmptyByteBufBE)
GET /session/45c9c911601f3983c8b90754c2dc2515/element/20F3FF8BD23A181D31A79F2204A68650_element_13/enabled HTTP/1.1
User-Agent: selenium/4.7.1 (java windows)
Cache-Control: no-cache
Content-Type: application/json; charset=utf-8
host: localhost:28290
accept: */*

Response DefaultHttpResponse(decodeResult: success, version: HTTP/1.1)
HTTP/1.1 200 OK
Content-Type: application/json; charset=utf-8
cache-control: no-cache
content-length: 14

15:26:27.878 [AsyncHttpClient-1-8] DEBUG org.asynchttpclient.netty.channel.ChannelManager - Adding key: http://localhost:28290 for channel [id: 0x5ab77cfd, L:/127.0.0.1:57774 - R:localhost/127.0.0.1:28290]
15:26:27.880 [Forwarding isElementEnabled on session 45c9c911601f3983c8b90754c2dc2515 to remote] DEBUG org.asynchttpclient.netty.request.NettyRequestSender - Using pooled Channel '[id: 0x5ab77cfd, L:/127.0.0.1:57774 - R:localhost/127.0.0.1:28290]' for 'GET' to 'http://localhost:28290/session/45c9c911601f3983c8b90754c2dc2515/element/20F3FF8BD23A181D31A79F2204A68650_element_13/enabled'
15:26:27.880 [Forwarding isElementEnabled on session 45c9c911601f3983c8b90754c2dc2515 to remote] DEBUG org.asynchttpclient.netty.request.NettyRequestSender - Using open Channel [id: 0x5ab77cfd, L:/127.0.0.1:57774 - R:localhost/127.0.0.1:28290] for GET '/session/45c9c911601f3983c8b90754c2dc2515/element/20F3FF8BD23A181D31A79F2204A68650_element_13/enabled'
15:26:27.888 [AsyncHttpClient-1-8] DEBUG org.asynchttpclient.netty.handler.HttpHandler - 

Request DefaultFullHttpRequest(decodeResult: success, version: HTTP/1.1, content: EmptyByteBufBE)
GET /session/45c9c911601f3983c8b90754c2dc2515/element/20F3FF8BD23A181D31A79F2204A68650_element_13/enabled HTTP/1.1
User-Agent: selenium/4.7.1 (java windows)
Cache-Control: no-cache
Content-Type: application/json; charset=utf-8
host: localhost:28290
accept: */*

Response DefaultHttpResponse(decodeResult: success, version: HTTP/1.1)
HTTP/1.1 200 OK
Content-Type: application/json; charset=utf-8
cache-control: no-cache
content-length: 14

15:26:27.888 [AsyncHttpClient-1-8] DEBUG org.asynchttpclient.netty.channel.ChannelManager - Adding key: http://localhost:28290 for channel [id: 0x5ab77cfd, L:/127.0.0.1:57774 - R:localhost/127.0.0.1:28290]
15:26:27.892 [Forwarding findElement on session 45c9c911601f3983c8b90754c2dc2515 to remote] DEBUG org.asynchttpclient.netty.request.NettyRequestSender - Using pooled Channel '[id: 0x5ab77cfd, L:/127.0.0.1:57774 - R:localhost/127.0.0.1:28290]' for 'POST' to 'http://localhost:28290/session/45c9c911601f3983c8b90754c2dc2515/element'
15:26:27.893 [Forwarding findElement on session 45c9c911601f3983c8b90754c2dc2515 to remote] DEBUG org.asynchttpclient.netty.request.NettyRequestSender - Using open Channel [id: 0x5ab77cfd, L:/127.0.0.1:57774 - R:localhost/127.0.0.1:28290] for POST '/session/45c9c911601f3983c8b90754c2dc2515/element'
15:26:27.903 [AsyncHttpClient-1-8] DEBUG org.asynchttpclient.netty.handler.HttpHandler - 

Request DefaultHttpRequest(decodeResult: success, version: HTTP/1.1)
POST /session/45c9c911601f3983c8b90754c2dc2515/element HTTP/1.1
User-Agent: selenium/4.7.1 (java windows)
Content-Length: 141
Content-Type: application/json; charset=utf-8
host: localhost:28290
accept: */*

Response DefaultHttpResponse(decodeResult: success, version: HTTP/1.1)
HTTP/1.1 200 OK
Content-Type: application/json; charset=utf-8
cache-control: no-cache
content-length: 95

15:26:27.903 [AsyncHttpClient-1-8] DEBUG org.asynchttpclient.netty.channel.ChannelManager - Adding key: http://localhost:28290 for channel [id: 0x5ab77cfd, L:/127.0.0.1:57774 - R:localhost/127.0.0.1:28290]
15:26:27.905 [Forwarding clickElement on session 45c9c911601f3983c8b90754c2dc2515 to remote] DEBUG org.asynchttpclient.netty.request.NettyRequestSender - Using pooled Channel '[id: 0x5ab77cfd, L:/127.0.0.1:57774 - R:localhost/127.0.0.1:28290]' for 'POST' to 'http://localhost:28290/session/45c9c911601f3983c8b90754c2dc2515/element/20F3FF8BD23A181D31A79F2204A68650_element_13/click'
15:26:27.905 [Forwarding clickElement on session 45c9c911601f3983c8b90754c2dc2515 to remote] DEBUG org.asynchttpclient.netty.request.NettyRequestSender - Using open Channel [id: 0x5ab77cfd, L:/127.0.0.1:57774 - R:localhost/127.0.0.1:28290] for POST '/session/45c9c911601f3983c8b90754c2dc2515/element/20F3FF8BD23A181D31A79F2204A68650_element_13/click'
15:26:27.967 [AsyncHttpClient-1-8] DEBUG org.asynchttpclient.netty.handler.HttpHandler - 

Request DefaultHttpRequest(decodeResult: success, version: HTTP/1.1)
POST /session/45c9c911601f3983c8b90754c2dc2515/element/20F3FF8BD23A181D31A79F2204A68650_element_13/click HTTP/1.1
User-Agent: selenium/4.7.1 (java windows)
Content-Length: 57
Content-Type: application/json; charset=utf-8
host: localhost:28290
accept: */*

Response DefaultHttpResponse(decodeResult: success, version: HTTP/1.1)
HTTP/1.1 200 OK
Content-Type: application/json; charset=utf-8
cache-control: no-cache
content-length: 14

15:26:27.967 [AsyncHttpClient-1-8] DEBUG org.asynchttpclient.netty.channel.ChannelManager - Adding key: http://localhost:28290 for channel [id: 0x5ab77cfd, L:/127.0.0.1:57774 - R:localhost/127.0.0.1:28290]
15:26:27.977 [Forwarding getCurrentWindowHandle on session 45c9c911601f3983c8b90754c2dc2515 to remote] DEBUG org.asynchttpclient.netty.request.NettyRequestSender - Using pooled Channel '[id: 0x5ab77cfd, L:/127.0.0.1:57774 - R:localhost/127.0.0.1:28290]' for 'GET' to 'http://localhost:28290/session/45c9c911601f3983c8b90754c2dc2515/window'
15:26:27.977 [Forwarding getCurrentWindowHandle on session 45c9c911601f3983c8b90754c2dc2515 to remote] DEBUG org.asynchttpclient.netty.request.NettyRequestSender - Using open Channel [id: 0x5ab77cfd, L:/127.0.0.1:57774 - R:localhost/127.0.0.1:28290] for GET '/session/45c9c911601f3983c8b90754c2dc2515/window'
15:26:27.978 [AsyncHttpClient-1-8] DEBUG org.asynchttpclient.netty.handler.HttpHandler - 

Request DefaultFullHttpRequest(decodeResult: success, version: HTTP/1.1, content: EmptyByteBufBE)
GET /session/45c9c911601f3983c8b90754c2dc2515/window HTTP/1.1
User-Agent: selenium/4.7.1 (java windows)
Cache-Control: no-cache
Content-Type: application/json; charset=utf-8
host: localhost:28290
accept: */*

Response DefaultHttpResponse(decodeResult: success, version: HTTP/1.1)
HTTP/1.1 200 OK
Content-Type: application/json; charset=utf-8
cache-control: no-cache
content-length: 44

15:26:27.978 [AsyncHttpClient-1-8] DEBUG org.asynchttpclient.netty.channel.ChannelManager - Adding key: http://localhost:28290 for channel [id: 0x5ab77cfd, L:/127.0.0.1:57774 - R:localhost/127.0.0.1:28290]
15:26:27.980 [Forwarding getAlertText on session 45c9c911601f3983c8b90754c2dc2515 to remote] DEBUG org.asynchttpclient.netty.request.NettyRequestSender - Using pooled Channel '[id: 0x5ab77cfd, L:/127.0.0.1:57774 - R:localhost/127.0.0.1:28290]' for 'GET' to 'http://localhost:28290/session/45c9c911601f3983c8b90754c2dc2515/alert/text'
15:26:27.980 [Forwarding getAlertText on session 45c9c911601f3983c8b90754c2dc2515 to remote] DEBUG org.asynchttpclient.netty.request.NettyRequestSender - Using open Channel [id: 0x5ab77cfd, L:/127.0.0.1:57774 - R:localhost/127.0.0.1:28290] for GET '/session/45c9c911601f3983c8b90754c2dc2515/alert/text'
15:26:27.981 [AsyncHttpClient-1-8] DEBUG org.asynchttpclient.netty.handler.HttpHandler - 

Request DefaultFullHttpRequest(decodeResult: success, version: HTTP/1.1, content: EmptyByteBufBE)
GET /session/45c9c911601f3983c8b90754c2dc2515/alert/text HTTP/1.1
User-Agent: selenium/4.7.1 (java windows)
Cache-Control: no-cache
Content-Type: application/json; charset=utf-8
host: localhost:28290
accept: */*

Response DefaultHttpResponse(decodeResult: success, version: HTTP/1.1)
HTTP/1.1 404 Not Found
Content-Type: application/json; charset=utf-8
cache-control: no-cache
content-length: 820

15:26:27.981 [AsyncHttpClient-1-8] DEBUG org.asynchttpclient.netty.channel.ChannelManager - Adding key: http://localhost:28290 for channel [id: 0x5ab77cfd, L:/127.0.0.1:57774 - R:localhost/127.0.0.1:28290]
15:26:27.984 [Forwarding switchToWindow on session 45c9c911601f3983c8b90754c2dc2515 to remote] DEBUG org.asynchttpclient.netty.request.NettyRequestSender - Using pooled Channel '[id: 0x5ab77cfd, L:/127.0.0.1:57774 - R:localhost/127.0.0.1:28290]' for 'POST' to 'http://localhost:28290/session/45c9c911601f3983c8b90754c2dc2515/window'
15:26:27.984 [Forwarding switchToWindow on session 45c9c911601f3983c8b90754c2dc2515 to remote] DEBUG org.asynchttpclient.netty.request.NettyRequestSender - Using open Channel [id: 0x5ab77cfd, L:/127.0.0.1:57774 - R:localhost/127.0.0.1:28290] for POST '/session/45c9c911601f3983c8b90754c2dc2515/window'
15:26:27.985 [AsyncHttpClient-1-8] DEBUG org.asynchttpclient.netty.handler.HttpHandler - 

Request DefaultHttpRequest(decodeResult: success, version: HTTP/1.1)
POST /session/45c9c911601f3983c8b90754c2dc2515/window HTTP/1.1
User-Agent: selenium/4.7.1 (java windows)
Content-Length: 50
Content-Type: application/json; charset=utf-8
host: localhost:28290
accept: */*

Response DefaultHttpResponse(decodeResult: success, version: HTTP/1.1)
HTTP/1.1 200 OK
Content-Type: application/json; charset=utf-8
cache-control: no-cache
content-length: 14

15:26:27.986 [AsyncHttpClient-1-8] DEBUG org.asynchttpclient.netty.channel.ChannelManager - Adding key: http://localhost:28290 for channel [id: 0x5ab77cfd, L:/127.0.0.1:57774 - R:localhost/127.0.0.1:28290]
15:26:27.987 [Forwarding getCurrentUrl on session 45c9c911601f3983c8b90754c2dc2515 to remote] DEBUG org.asynchttpclient.netty.request.NettyRequestSender - Using pooled Channel '[id: 0x5ab77cfd, L:/127.0.0.1:57774 - R:localhost/127.0.0.1:28290]' for 'GET' to 'http://localhost:28290/session/45c9c911601f3983c8b90754c2dc2515/url'
15:26:27.987 [Forwarding getCurrentUrl on session 45c9c911601f3983c8b90754c2dc2515 to remote] DEBUG org.asynchttpclient.netty.request.NettyRequestSender - Using open Channel [id: 0x5ab77cfd, L:/127.0.0.1:57774 - R:localhost/127.0.0.1:28290] for GET '/session/45c9c911601f3983c8b90754c2dc2515/url'
15:26:27.996 [AsyncHttpClient-1-8] DEBUG org.asynchttpclient.netty.handler.HttpHandler - 

Request DefaultFullHttpRequest(decodeResult: success, version: HTTP/1.1, content: EmptyByteBufBE)
GET /session/45c9c911601f3983c8b90754c2dc2515/url HTTP/1.1
User-Agent: selenium/4.7.1 (java windows)
Cache-Control: no-cache
Content-Type: application/json; charset=utf-8
host: localhost:28290
accept: */*

Response DefaultHttpResponse(decodeResult: success, version: HTTP/1.1)
HTTP/1.1 200 OK
Content-Type: application/json; charset=utf-8
cache-control: no-cache
content-length: 51

15:26:27.996 [AsyncHttpClient-1-8] DEBUG org.asynchttpclient.netty.channel.ChannelManager - Adding key: http://localhost:28290 for channel [id: 0x5ab77cfd, L:/127.0.0.1:57774 - R:localhost/127.0.0.1:28290]
15:26:27.997 [Forwarding screenshot on session 45c9c911601f3983c8b90754c2dc2515 to remote] DEBUG org.asynchttpclient.netty.request.NettyRequestSender - Using pooled Channel '[id: 0x5ab77cfd, L:/127.0.0.1:57774 - R:localhost/127.0.0.1:28290]' for 'GET' to 'http://localhost:28290/session/45c9c911601f3983c8b90754c2dc2515/screenshot'
15:26:27.997 [Forwarding screenshot on session 45c9c911601f3983c8b90754c2dc2515 to remote] DEBUG org.asynchttpclient.netty.request.NettyRequestSender - Using open Channel [id: 0x5ab77cfd, L:/127.0.0.1:57774 - R:localhost/127.0.0.1:28290] for GET '/session/45c9c911601f3983c8b90754c2dc2515/screenshot'
15:26:28.095 [AsyncHttpClient-1-8] DEBUG org.asynchttpclient.netty.handler.HttpHandler - 

Request DefaultFullHttpRequest(decodeResult: success, version: HTTP/1.1, content: EmptyByteBufBE)
GET /session/45c9c911601f3983c8b90754c2dc2515/screenshot HTTP/1.1
User-Agent: selenium/4.7.1 (java windows)
Cache-Control: no-cache
Content-Type: application/json; charset=utf-8
host: localhost:28290
accept: */*

Response DefaultHttpResponse(decodeResult: success, version: HTTP/1.1)
HTTP/1.1 200 OK
Content-Type: application/json; charset=utf-8
cache-control: no-cache
content-length: 29708

15:26:28.095 [AsyncHttpClient-1-8] DEBUG org.asynchttpclient.netty.channel.ChannelManager - Adding key: http://localhost:28290 for channel [id: 0x5ab77cfd, L:/127.0.0.1:57774 - R:localhost/127.0.0.1:28290]
15:26:28.097 [main] DEBUG net.serenitybdd.core.photography.Darkroom - Send negative for processing for target\site\serenity\ea09f06711ea0d04c697667f78febb012bb6f0857875a93552784f92e45796bc.png
15:26:28.097 [main] DEBUG net.thucydides.core.steps.StepInterceptor - STEP DONE: klikButtonLoginKedua
15:26:28.097 [Darkroom Processing Line] DEBUG net.serenitybdd.core.photography.DarkroomProcessingLine - Processing screenshot image in /var/screenshots/screenshot-260961627181080113
  &amp#27;[32mThen &amp#27;[0m&amp#27;[32muser klik button login yang kedua&amp#27;[0m                               &amp#27;[90m# starter.stepdefinitions.LoginSteps.userKlikButtonLoginYangKedua()&amp#27;[0m
15:26:28.097 [Darkroom Processing Line] DEBUG net.serenitybdd.core.photography.DarkroomProcessingLine - Saving screenshot to target\site\serenity\ea09f06711ea0d04c697667f78febb012bb6f0857875a93552784f92e45796bc.png
15:26:28.109 [main] DEBUG net.thucydides.core.steps.StepInterceptor - STARTING STEP: LoginSteps.userMenerimaErrorMessage - munculErrorMessage
15:26:28.112 [Forwarding findElement on session 45c9c911601f3983c8b90754c2dc2515 to remote] DEBUG org.asynchttpclient.netty.request.NettyRequestSender - Using pooled Channel '[id: 0x5ab77cfd, L:/127.0.0.1:57774 - R:localhost/127.0.0.1:28290]' for 'POST' to 'http://localhost:28290/session/45c9c911601f3983c8b90754c2dc2515/element'
15:26:28.112 [Forwarding findElement on session 45c9c911601f3983c8b90754c2dc2515 to remote] DEBUG org.asynchttpclient.netty.request.NettyRequestSender - Using open Channel [id: 0x5ab77cfd, L:/127.0.0.1:57774 - R:localhost/127.0.0.1:28290] for POST '/session/45c9c911601f3983c8b90754c2dc2515/element'
15:26:28.263 [AsyncHttpClient-1-8] DEBUG org.asynchttpclient.netty.handler.HttpHandler - 

Request DefaultHttpRequest(decodeResult: success, version: HTTP/1.1)
POST /session/45c9c911601f3983c8b90754c2dc2515/element HTTP/1.1
User-Agent: selenium/4.7.1 (java windows)
Content-Length: 139
Content-Type: application/json; charset=utf-8
host: localhost:28290
accept: */*

Response DefaultHttpResponse(decodeResult: success, version: HTTP/1.1)
HTTP/1.1 200 OK
Content-Type: application/json; charset=utf-8
cache-control: no-cache
content-length: 95

15:26:28.263 [AsyncHttpClient-1-8] DEBUG org.asynchttpclient.netty.channel.ChannelManager - Adding key: http://localhost:28290 for channel [id: 0x5ab77cfd, L:/127.0.0.1:57774 - R:localhost/127.0.0.1:28290]
15:26:28.266 [Forwarding isElementDisplayed on session 45c9c911601f3983c8b90754c2dc2515 to remote] DEBUG org.asynchttpclient.netty.request.NettyRequestSender - Using pooled Channel '[id: 0x5ab77cfd, L:/127.0.0.1:57774 - R:localhost/127.0.0.1:28290]' for 'POST' to 'http://localhost:28290/session/45c9c911601f3983c8b90754c2dc2515/execute/sync'
15:26:28.267 [Forwarding isElementDisplayed on session 45c9c911601f3983c8b90754c2dc2515 to remote] DEBUG org.asynchttpclient.netty.request.NettyRequestSender - Using open Channel [id: 0x5ab77cfd, L:/127.0.0.1:57774 - R:localhost/127.0.0.1:28290] for POST '/session/45c9c911601f3983c8b90754c2dc2515/execute/sync'
15:26:28.279 [AsyncHttpClient-1-8] DEBUG org.asynchttpclient.netty.handler.HttpHandler - 

Request DefaultHttpRequest(decodeResult: success, version: HTTP/1.1)
POST /session/45c9c911601f3983c8b90754c2dc2515/execute/sync HTTP/1.1
User-Agent: selenium/4.7.1 (java windows)
Content-Length: 48787
Content-Type: application/json; charset=utf-8
host: localhost:28290
accept: */*

Response DefaultHttpResponse(decodeResult: success, version: HTTP/1.1)
HTTP/1.1 200 OK
Content-Type: application/json; charset=utf-8
cache-control: no-cache
content-length: 14

15:26:28.279 [AsyncHttpClient-1-8] DEBUG org.asynchttpclient.netty.channel.ChannelManager - Adding key: http://localhost:28290 for channel [id: 0x5ab77cfd, L:/127.0.0.1:57774 - R:localhost/127.0.0.1:28290]
15:26:28.291 [Forwarding getCurrentWindowHandle on session 45c9c911601f3983c8b90754c2dc2515 to remote] DEBUG org.asynchttpclient.netty.request.NettyRequestSender - Using pooled Channel '[id: 0x5ab77cfd, L:/127.0.0.1:57774 - R:localhost/127.0.0.1:28290]' for 'GET' to 'http://localhost:28290/session/45c9c911601f3983c8b90754c2dc2515/window'
15:26:28.291 [Forwarding getCurrentWindowHandle on session 45c9c911601f3983c8b90754c2dc2515 to remote] DEBUG org.asynchttpclient.netty.request.NettyRequestSender - Using open Channel [id: 0x5ab77cfd, L:/127.0.0.1:57774 - R:localhost/127.0.0.1:28290] for GET '/session/45c9c911601f3983c8b90754c2dc2515/window'
15:26:28.292 [AsyncHttpClient-1-8] DEBUG org.asynchttpclient.netty.handler.HttpHandler - 

Request DefaultFullHttpRequest(decodeResult: success, version: HTTP/1.1, content: EmptyByteBufBE)
GET /session/45c9c911601f3983c8b90754c2dc2515/window HTTP/1.1
User-Agent: selenium/4.7.1 (java windows)
Cache-Control: no-cache
Content-Type: application/json; charset=utf-8
host: localhost:28290
accept: */*

Response DefaultHttpResponse(decodeResult: success, version: HTTP/1.1)
HTTP/1.1 200 OK
Content-Type: application/json; charset=utf-8
cache-control: no-cache
content-length: 44

15:26:28.292 [AsyncHttpClient-1-8] DEBUG org.asynchttpclient.netty.channel.ChannelManager - Adding key: http://localhost:28290 for channel [id: 0x5ab77cfd, L:/127.0.0.1:57774 - R:localhost/127.0.0.1:28290]
15:26:28.293 [Forwarding getAlertText on session 45c9c911601f3983c8b90754c2dc2515 to remote] DEBUG org.asynchttpclient.netty.request.NettyRequestSender - Using pooled Channel '[id: 0x5ab77cfd, L:/127.0.0.1:57774 - R:localhost/127.0.0.1:28290]' for 'GET' to 'http://localhost:28290/session/45c9c911601f3983c8b90754c2dc2515/alert/text'
15:26:28.293 [Forwarding getAlertText on session 45c9c911601f3983c8b90754c2dc2515 to remote] DEBUG org.asynchttpclient.netty.request.NettyRequestSender - Using open Channel [id: 0x5ab77cfd, L:/127.0.0.1:57774 - R:localhost/127.0.0.1:28290] for GET '/session/45c9c911601f3983c8b90754c2dc2515/alert/text'
15:26:28.295 [AsyncHttpClient-1-8] DEBUG org.asynchttpclient.netty.handler.HttpHandler - 

Request DefaultFullHttpRequest(decodeResult: success, version: HTTP/1.1, content: EmptyByteBufBE)
GET /session/45c9c911601f3983c8b90754c2dc2515/alert/text HTTP/1.1
User-Agent: selenium/4.7.1 (java windows)
Cache-Control: no-cache
Content-Type: application/json; charset=utf-8
host: localhost:28290
accept: */*

Response DefaultHttpResponse(decodeResult: success, version: HTTP/1.1)
HTTP/1.1 404 Not Found
Content-Type: application/json; charset=utf-8
cache-control: no-cache
content-length: 820

15:26:28.296 [AsyncHttpClient-1-8] DEBUG org.asynchttpclient.netty.channel.ChannelManager - Adding key: http://localhost:28290 for channel [id: 0x5ab77cfd, L:/127.0.0.1:57774 - R:localhost/127.0.0.1:28290]
15:26:28.298 [Forwarding switchToWindow on session 45c9c911601f3983c8b90754c2dc2515 to remote] DEBUG org.asynchttpclient.netty.request.NettyRequestSender - Using pooled Channel '[id: 0x5ab77cfd, L:/127.0.0.1:57774 - R:localhost/127.0.0.1:28290]' for 'POST' to 'http://localhost:28290/session/45c9c911601f3983c8b90754c2dc2515/window'
15:26:28.298 [Forwarding switchToWindow on session 45c9c911601f3983c8b90754c2dc2515 to remote] DEBUG org.asynchttpclient.netty.request.NettyRequestSender - Using open Channel [id: 0x5ab77cfd, L:/127.0.0.1:57774 - R:localhost/127.0.0.1:28290] for POST '/session/45c9c911601f3983c8b90754c2dc2515/window'
15:26:28.300 [AsyncHttpClient-1-8] DEBUG org.asynchttpclient.netty.handler.HttpHandler - 

Request DefaultHttpRequest(decodeResult: success, version: HTTP/1.1)
POST /session/45c9c911601f3983c8b90754c2dc2515/window HTTP/1.1
User-Agent: selenium/4.7.1 (java windows)
Content-Length: 50
Content-Type: application/json; charset=utf-8
host: localhost:28290
accept: */*

Response DefaultHttpResponse(decodeResult: success, version: HTTP/1.1)
HTTP/1.1 200 OK
Content-Type: application/json; charset=utf-8
cache-control: no-cache
content-length: 14

15:26:28.300 [AsyncHttpClient-1-8] DEBUG org.asynchttpclient.netty.channel.ChannelManager - Adding key: http://localhost:28290 for channel [id: 0x5ab77cfd, L:/127.0.0.1:57774 - R:localhost/127.0.0.1:28290]
15:26:28.302 [Forwarding getCurrentUrl on session 45c9c911601f3983c8b90754c2dc2515 to remote] DEBUG org.asynchttpclient.netty.request.NettyRequestSender - Using pooled Channel '[id: 0x5ab77cfd, L:/127.0.0.1:57774 - R:localhost/127.0.0.1:28290]' for 'GET' to 'http://localhost:28290/session/45c9c911601f3983c8b90754c2dc2515/url'
15:26:28.302 [Forwarding getCurrentUrl on session 45c9c911601f3983c8b90754c2dc2515 to remote] DEBUG org.asynchttpclient.netty.request.NettyRequestSender - Using open Channel [id: 0x5ab77cfd, L:/127.0.0.1:57774 - R:localhost/127.0.0.1:28290] for GET '/session/45c9c911601f3983c8b90754c2dc2515/url'
15:26:28.309 [AsyncHttpClient-1-8] DEBUG org.asynchttpclient.netty.handler.HttpHandler - 

Request DefaultFullHttpRequest(decodeResult: success, version: HTTP/1.1, content: EmptyByteBufBE)
GET /session/45c9c911601f3983c8b90754c2dc2515/url HTTP/1.1
User-Agent: selenium/4.7.1 (java windows)
Cache-Control: no-cache
Content-Type: application/json; charset=utf-8
host: localhost:28290
accept: */*

Response DefaultHttpResponse(decodeResult: success, version: HTTP/1.1)
HTTP/1.1 200 OK
Content-Type: application/json; charset=utf-8
cache-control: no-cache
content-length: 51

15:26:28.309 [AsyncHttpClient-1-8] DEBUG org.asynchttpclient.netty.channel.ChannelManager - Adding key: http://localhost:28290 for channel [id: 0x5ab77cfd, L:/127.0.0.1:57774 - R:localhost/127.0.0.1:28290]
15:26:28.310 [Forwarding screenshot on session 45c9c911601f3983c8b90754c2dc2515 to remote] DEBUG org.asynchttpclient.netty.request.NettyRequestSender - Using pooled Channel '[id: 0x5ab77cfd, L:/127.0.0.1:57774 - R:localhost/127.0.0.1:28290]' for 'GET' to 'http://localhost:28290/session/45c9c911601f3983c8b90754c2dc2515/screenshot'
15:26:28.310 [Forwarding screenshot on session 45c9c911601f3983c8b90754c2dc2515 to remote] DEBUG org.asynchttpclient.netty.request.NettyRequestSender - Using open Channel [id: 0x5ab77cfd, L:/127.0.0.1:57774 - R:localhost/127.0.0.1:28290] for GET '/session/45c9c911601f3983c8b90754c2dc2515/screenshot'
15:26:28.348 [AsyncHttpClient-1-1] DEBUG org.asynchttpclient.netty.channel.DefaultChannelPool - Entry count for : http://localhost:57775 : 1
15:26:28.409 [AsyncHttpClient-1-8] DEBUG org.asynchttpclient.netty.handler.HttpHandler - 

Request DefaultFullHttpRequest(decodeResult: success, version: HTTP/1.1, content: EmptyByteBufBE)
GET /session/45c9c911601f3983c8b90754c2dc2515/screenshot HTTP/1.1
User-Agent: selenium/4.7.1 (java windows)
Cache-Control: no-cache
Content-Type: application/json; charset=utf-8
host: localhost:28290
accept: */*

Response DefaultHttpResponse(decodeResult: success, version: HTTP/1.1)
HTTP/1.1 200 OK
Content-Type: application/json; charset=utf-8
cache-control: no-cache
content-length: 34420

15:26:28.410 [AsyncHttpClient-1-8] DEBUG org.asynchttpclient.netty.channel.ChannelManager - Adding key: http://localhost:28290 for channel [id: 0x5ab77cfd, L:/127.0.0.1:57774 - R:localhost/127.0.0.1:28290]
15:26:28.411 [main] DEBUG net.serenitybdd.core.photography.Darkroom - Send negative for processing for target\site\serenity\bed6502fd224f22d06db6723eaaf78124d01f0d379ee26ef6b443d0cc96b95de.png
15:26:28.412 [main] DEBUG net.thucydides.core.steps.StepInterceptor - STEP DONE: munculErrorMessage
  &amp#27;[32mAnd &amp#27;[0m&amp#27;[32muser menerima error message &amp#27;[0m&amp#27;[32m&amp#27;[1m"email or password is invalid"&amp#27;[0m       &amp#27;[90m# starter.stepdefinitions.LoginSteps.userMenerimaErrorMessage(java.lang.String)&amp#27;[0m
15:26:28.412 [Darkroom Processing Line] DEBUG net.serenitybdd.core.photography.DarkroomProcessingLine - Processing screenshot image in /var/screenshots/screenshot-1759045811074031891
15:26:28.412 [Darkroom Processing Line] DEBUG net.serenitybdd.core.photography.DarkroomProcessingLine - Saving screenshot to target\site\serenity\bed6502fd224f22d06db6723eaaf78124d01f0d379ee26ef6b443d0cc96b95de.png
15:26:28.417 [main] INFO  - 
  _____   ___   ___   _____     ___     _     ___   ___   ___   ___  
 |_   _| | __| / __| |_   _|   | _ \   /_\   / __| / __| | __| |   \ 
   | |   | _|  \__ \   | |     |  _/  / _ \  \__ \ \__ \ | _|  | |) |
   |_|   |___| |___/   |_|     |_|   /_/ \_\ |___/ |___/ |___| |___/ 

user tidak bisa login karena menggunakan password yang salah
----------------------------------------------------------------------
15:26:28.418 [AsyncHttpClient-1-10] DEBUG org.asynchttpclient.netty.handler.WebSocketHandler - Unexpected I/O exception on channel [id: 0xe5477225, L:/127.0.0.1:57782 - R:localhost/127.0.0.1:57775]
java.io.IOException: An established connection was aborted by the software in your host machine
	at java.base/sun.nio.ch.SocketDispatcher.read0(Native Method)
	at java.base/sun.nio.ch.SocketDispatcher.read(SocketDispatcher.java:46)
	at java.base/sun.nio.ch.IOUtil.readIntoNativeBuffer(IOUtil.java:339)
	at java.base/sun.nio.ch.IOUtil.read(IOUtil.java:293)
	at java.base/sun.nio.ch.IOUtil.read(IOUtil.java:268)
	at java.base/sun.nio.ch.SocketChannelImpl.read(SocketChannelImpl.java:425)
	at io.netty.buffer.PooledByteBuf.setBytes(PooledByteBuf.java:259)
	at io.netty.buffer.AbstractByteBuf.writeBytes(AbstractByteBuf.java:1132)
	at io.netty.channel.socket.nio.NioSocketChannel.doReadBytes(NioSocketChannel.java:357)
	at io.netty.channel.nio.AbstractNioByteChannel$NioByteUnsafe.read(AbstractNioByteChannel.java:151)
	at io.netty.channel.nio.NioEventLoop.processSelectedKey(NioEventLoop.java:788)
	at io.netty.channel.nio.NioEventLoop.processSelectedKeysOptimized(NioEventLoop.java:724)
	at io.netty.channel.nio.NioEventLoop.processSelectedKeys(NioEventLoop.java:650)
	at io.netty.channel.nio.NioEventLoop.run(NioEventLoop.java:562)
	at io.netty.util.concurrent.SingleThreadEventExecutor$4.run(SingleThreadEventExecutor.java:997)
	at io.netty.util.internal.ThreadExecutorMap$2.run(ThreadExecutorMap.java:74)
	at io.netty.util.concurrent.FastThreadLocalRunnable.run(FastThreadLocalRunnable.java:30)
	at java.base/java.lang.Thread.run(Thread.java:1589)
15:26:28.418 [Driver Command Executor] DEBUG org.asynchttpclient.netty.request.NettyRequestSender - Using pooled Channel '[id: 0x5ab77cfd, L:/127.0.0.1:57774 - R:localhost/127.0.0.1:28290]' for 'DELETE' to 'http://localhost:28290/session/45c9c911601f3983c8b90754c2dc2515'
15:26:28.419 [AsyncHttpClient-1-10] DEBUG org.asynchttpclient.netty.handler.WebSocketHandler - Trying to recover from dead Channel: [id: 0xe5477225, L:/127.0.0.1:57782 - R:localhost/127.0.0.1:57775]
15:26:28.419 [Driver Command Executor] DEBUG org.asynchttpclient.netty.request.NettyRequestSender - Using open Channel [id: 0x5ab77cfd, L:/127.0.0.1:57774 - R:localhost/127.0.0.1:28290] for DELETE '/session/45c9c911601f3983c8b90754c2dc2515'
15:26:28.419 [AsyncHttpClient-1-10] DEBUG org.asynchttpclient.netty.handler.WebSocketHandler - Channel Closed: [id: 0xe5477225, L:/127.0.0.1:57782 ! R:localhost/127.0.0.1:57775] with attribute NettyResponseFuture{currentRetry=0,
	isDone=1,
	isCancelled=0,
	asyncHandler=org.asynchttpclient.ws.WebSocketUpgradeHandler@2580f368,
	nettyRequest=org.asynchttpclient.netty.request.NettyRequest@608279bc,
	future=java.util.concurrent.CompletableFuture@b5195ec[Completed normally],
	uri=ws://localhost:57775/devtools/browser/dd19c20b-4fda-4f93-8631-e7eb62c31360,
	keepAlive=true,
	redirectCount=0,
	timeoutsHolder=null,
	inAuth=0,
	touch=1683707188418}
15:26:28.419 [AsyncHttpClient-1-10] DEBUG org.asynchttpclient.netty.channel.ChannelManager - Closing Channel [id: 0xe5477225, L:/127.0.0.1:57782 ! R:localhost/127.0.0.1:57775] 
15:26:28.454 [AsyncHttpClient-1-9] DEBUG org.asynchttpclient.netty.handler.HttpHandler - Unexpected I/O exception on channel [id: 0x7b922437, L:/127.0.0.1:57781 - R:localhost/127.0.0.1:57775]
java.net.SocketException: Connection reset
	at java.base/sun.nio.ch.SocketChannelImpl.throwConnectionReset(SocketChannelImpl.java:401)
	at java.base/sun.nio.ch.SocketChannelImpl.read(SocketChannelImpl.java:434)
	at io.netty.buffer.PooledByteBuf.setBytes(PooledByteBuf.java:259)
	at io.netty.buffer.AbstractByteBuf.writeBytes(AbstractByteBuf.java:1132)
	at io.netty.channel.socket.nio.NioSocketChannel.doReadBytes(NioSocketChannel.java:357)
	at io.netty.channel.nio.AbstractNioByteChannel$NioByteUnsafe.read(AbstractNioByteChannel.java:151)
	at io.netty.channel.nio.NioEventLoop.processSelectedKey(NioEventLoop.java:788)
	at io.netty.channel.nio.NioEventLoop.processSelectedKeysOptimized(NioEventLoop.java:724)
	at io.netty.channel.nio.NioEventLoop.processSelectedKeys(NioEventLoop.java:650)
	at io.netty.channel.nio.NioEventLoop.run(NioEventLoop.java:562)
	at io.netty.util.concurrent.SingleThreadEventExecutor$4.run(SingleThreadEventExecutor.java:997)
	at io.netty.util.internal.ThreadExecutorMap$2.run(ThreadExecutorMap.java:74)
	at io.netty.util.concurrent.FastThreadLocalRunnable.run(FastThreadLocalRunnable.java:30)
	at java.base/java.lang.Thread.run(Thread.java:1589)
15:26:28.454 [AsyncHttpClient-1-9] DEBUG org.asynchttpclient.netty.channel.ChannelManager - Closing Channel [id: 0x7b922437, L:/127.0.0.1:57781 - R:localhost/127.0.0.1:57775] 
15:26:28.454 [AsyncHttpClient-1-9] DEBUG org.asynchttpclient.netty.handler.HttpHandler - Channel Closed: [id: 0x7b922437, L:/127.0.0.1:57781 ! R:localhost/127.0.0.1:57775] with attribute DISCARD
15:26:28.469 [AsyncHttpClient-1-8] DEBUG org.asynchttpclient.netty.handler.HttpHandler - 

Request DefaultFullHttpRequest(decodeResult: success, version: HTTP/1.1, content: EmptyByteBufBE)
DELETE /session/45c9c911601f3983c8b90754c2dc2515 HTTP/1.1
User-Agent: selenium/4.7.1 (java windows)
Content-Type: application/json; charset=utf-8
host: localhost:28290
accept: */*

Response DefaultHttpResponse(decodeResult: success, version: HTTP/1.1)
HTTP/1.1 200 OK
Content-Type: application/json; charset=utf-8
cache-control: no-cache
content-length: 14

15:26:28.469 [AsyncHttpClient-1-8] DEBUG org.asynchttpclient.netty.channel.ChannelManager - Adding key: http://localhost:28290 for channel [id: 0x5ab77cfd, L:/127.0.0.1:57774 - R:localhost/127.0.0.1:28290]
15:26:28.539 [AsyncHttpClient-1-8] DEBUG org.asynchttpclient.netty.handler.HttpHandler - Channel Closed: [id: 0x5ab77cfd, L:/127.0.0.1:57774 ! R:localhost/127.0.0.1:28290] with attribute DISCARD
]]></system-out>
    <system-err><![CDATA[Starting ChromeDriver 113.0.5672.63 (0e1a4471d5ae5bf128b1bd8f4d627c8cbd55f70c-refs/branch-heads/5672@{#912}) on port 28290
Only local connections are allowed.
Please see https://chromedriver.chromium.org/security-considerations for suggestions on keeping ChromeDriver safe.
ChromeDriver was started successfully.
May 10, 2023 3:26:22 PM org.openqa.selenium.devtools.CdpVersionFinder findNearestMatch
WARNING: Unable to find CDP implementation matching 113
May 10, 2023 3:26:22 PM org.openqa.selenium.chromium.ChromiumDriver lambda$new$3
WARNING: Unable to find version of CDP to use for . You may need to include a dependency on a specific version of the CDP using something similar to `org.seleniumhq.selenium:selenium-devtools-v86:4.7.1` where the version ("v86") matches the version of the chromium-based browser you're using and the version number of the artifact is the same as Selenium's.
]]></system-err>
  </testcase>
  <testcase name="user tidak bisa login karena menggunakan email yang salah" classname="login" time="6.675">
    <system-out><![CDATA[
@Login04-Web-Negative
Scenario: user tidak bisa login karena menggunakan email yang salah &amp#27;[90m# src/test/resources/features/1. Login.feature:32&amp#27;[0m
15:26:28.586 [main] INFO io.cucumber.core.plugin.SerenityReporter - Running feature from file:///C:/Users/HP/Downloads/Mini-Project-QA/ALTASHOP%20WEB%20AUTOMATION/src/test/resources/features/1.%20Login.feature
15:26:28.601 [main] INFO  - 
  _____   ___   ___   _____     ___   _____     _     ___   _____   ___   ___  
 |_   _| | __| / __| |_   _|   / __| |_   _|   /_\   | _ \ |_   _| | __| |   \ 
   | |   | _|  \__ \   | |     \__ \   | |    / _ \  |   /   | |   | _|  | |) |
   |_|   |___| |___/   |_|     |___/   |_|   /_/ \_\ |_|_\   |_|   |___| |___/ 

user tidak bisa login karena menggunakan email yang salah(login;user-tidak-bisa-login-karena-menggunakan-email-yang-salah)
--------------------------------------------------------------------------------
15:26:28.617 [main] DEBUG net.thucydides.core.steps.StepInterceptor - STARTING STEP: LoginSteps.userBeradaDiHomepageAlta - diHomepageAltaShop
15:26:28.668 [main] INFO net.serenitybdd.core.webdriver.driverproviders.ChromeDriverProvider - Starting Chrome driver instance with capabilities:
15:26:28.668 [main] INFO net.serenitybdd.core.webdriver.driverproviders.ChromeDriverProvider - Capabilities {acceptInsecureCerts: true, browserName: chrome, goog:chromeOptions: {args: [remote-allow-origins=*, test-type, no-sandbox, ignore-certificate-errors, start-maximized, incognito, disable-infobars, disable-gpu, disable-default-apps, disable-popup-blocking, remote-allow-origins=*, test-type, no-sandbox, ignore-certificate-errors, start-maximized, incognito, disable-infobars, disable-gpu, disable-default-apps, disable-popup-blocking], extensions: []}}
15:26:28.746 [AsyncHttpClient-1-11] DEBUG org.asynchttpclient.netty.channel.NettyConnectListener - Using new Channel '[id: 0x72d34477, L:/127.0.0.1:57802 - R:localhost/127.0.0.1:2318]' for 'POST' to '/session'
15:26:29.427 [AsyncHttpClient-1-11] DEBUG org.asynchttpclient.netty.handler.HttpHandler - 

Request DefaultHttpRequest(decodeResult: success, version: HTTP/1.1)
POST /session HTTP/1.1
User-Agent: selenium/4.7.1 (java windows)
Content-Length: 1629
Content-Type: application/json; charset=utf-8
host: localhost:2318
accept: */*

Response DefaultHttpResponse(decodeResult: success, version: HTTP/1.1)
HTTP/1.1 200 OK
Content-Type: application/json; charset=utf-8
cache-control: no-cache
content-length: 853

15:26:29.427 [AsyncHttpClient-1-11] DEBUG org.asynchttpclient.netty.channel.ChannelManager - Adding key: http://localhost:2318 for channel [id: 0x72d34477, L:/127.0.0.1:57802 - R:localhost/127.0.0.1:2318]
15:26:29.439 [AsyncHttpClient-1-12] DEBUG org.asynchttpclient.netty.channel.NettyConnectListener - Using new Channel '[id: 0xaf1bf0a4, L:/127.0.0.1:57810 - R:localhost/127.0.0.1:57803]' for 'GET' to '/json/version'
15:26:29.445 [AsyncHttpClient-1-1] DEBUG org.asynchttpclient.netty.channel.DefaultChannelPool - Entry count for : http://localhost:28290 : 1
15:26:29.445 [AsyncHttpClient-1-1] DEBUG org.asynchttpclient.netty.channel.DefaultChannelPool - Entry count for : http://localhost:57775 : 1
15:26:29.445 [AsyncHttpClient-1-1] DEBUG org.asynchttpclient.netty.channel.DefaultChannelPool - Entry count for : http://localhost:2318 : 1
15:26:29.445 [AsyncHttpClient-1-1] DEBUG org.asynchttpclient.netty.channel.DefaultChannelPool - Adding Candidate expired Channel [id: 0x5ab77cfd, L:/127.0.0.1:57774 ! R:localhost/127.0.0.1:28290] isIdleTimeoutExpired=false isRemotelyClosed=true isTtlExpired=false
15:26:29.445 [AsyncHttpClient-1-1] DEBUG org.asynchttpclient.netty.channel.DefaultChannelPool - Closing Idle Channel [id: 0x5ab77cfd, L:/127.0.0.1:57774 ! R:localhost/127.0.0.1:28290]
15:26:29.445 [AsyncHttpClient-1-1] DEBUG org.asynchttpclient.netty.channel.DefaultChannelPool - Adding Candidate expired Channel [id: 0x7b922437, L:/127.0.0.1:57781 ! R:localhost/127.0.0.1:57775] isIdleTimeoutExpired=false isRemotelyClosed=true isTtlExpired=false
15:26:29.445 [AsyncHttpClient-1-1] DEBUG org.asynchttpclient.netty.channel.DefaultChannelPool - Closing Idle Channel [id: 0x7b922437, L:/127.0.0.1:57781 ! R:localhost/127.0.0.1:57775]
15:26:29.445 [AsyncHttpClient-1-1] DEBUG org.asynchttpclient.netty.channel.DefaultChannelPool - Closed 2 connections out of 3 in 0 ms
15:26:29.445 [AsyncHttpClient-1-12] DEBUG org.asynchttpclient.netty.handler.HttpHandler - 

Request DefaultFullHttpRequest(decodeResult: success, version: HTTP/1.1, content: EmptyByteBufBE)
GET /json/version HTTP/1.1
User-Agent: selenium/4.7.1 (java windows)
host: localhost:57803
accept: */*

Response DefaultHttpResponse(decodeResult: success, version: HTTP/1.1)
HTTP/1.1 200 OK
Content-Security-Policy: frame-ancestors 'none'
Content-Type: application/json; charset=UTF-8
content-length: 422

15:26:29.445 [AsyncHttpClient-1-12] DEBUG org.asynchttpclient.netty.channel.ChannelManager - Adding key: http://localhost:57803 for channel [id: 0xaf1bf0a4, L:/127.0.0.1:57810 - R:localhost/127.0.0.1:57803]
15:26:29.450 [AsyncHttpClient-1-13] DEBUG org.asynchttpclient.netty.channel.NettyConnectListener - Using new Channel '[id: 0x1e71025f, L:/127.0.0.1:57811 - R:localhost/127.0.0.1:57803]' for 'GET' to '/devtools/browser/33cd07f6-23ba-40eb-9120-927657e5c8cd'
15:26:29.458 [AsyncHttpClient-1-13] DEBUG org.asynchttpclient.netty.handler.WebSocketHandler - 

Request DefaultFullHttpRequest(decodeResult: success, version: HTTP/1.1, content: EmptyByteBufBE)
GET /devtools/browser/33cd07f6-23ba-40eb-9120-927657e5c8cd HTTP/1.1
upgrade: websocket
connection: upgrade
sec-websocket-key: JOtxhVhzZVEJpD1KP0Z5sA==
sec-websocket-version: 13
origin: http://localhost:57803
host: localhost:57803
accept: */*
user-agent: AHC/2.1

Response DefaultHttpResponse(decodeResult: success, version: HTTP/1.1)
HTTP/1.1 101 WebSocket Protocol Handshake
Upgrade: WebSocket
Connection: Upgrade
Sec-WebSocket-Accept: 4OAhJ7jy5N7NHAJU5eFnwTLxmAU=

15:26:29.466 [Forwarding get on session 7e07d3a8a24908ef09275506df56abe6 to remote] DEBUG org.asynchttpclient.netty.request.NettyRequestSender - Using pooled Channel '[id: 0x72d34477, L:/127.0.0.1:57802 - R:localhost/127.0.0.1:2318]' for 'POST' to 'http://localhost:2318/session/7e07d3a8a24908ef09275506df56abe6/url'
15:26:29.466 [Forwarding get on session 7e07d3a8a24908ef09275506df56abe6 to remote] DEBUG org.asynchttpclient.netty.request.NettyRequestSender - Using open Channel [id: 0x72d34477, L:/127.0.0.1:57802 - R:localhost/127.0.0.1:2318] for POST '/session/7e07d3a8a24908ef09275506df56abe6/url'
15:26:30.550 [AsyncHttpClient-1-1] DEBUG org.asynchttpclient.netty.channel.DefaultChannelPool - Entry count for : http://localhost:57803 : 1
15:26:30.935 [AsyncHttpClient-1-11] DEBUG org.asynchttpclient.netty.handler.HttpHandler - 

Request DefaultHttpRequest(decodeResult: success, version: HTTP/1.1)
POST /session/7e07d3a8a24908ef09275506df56abe6/url HTTP/1.1
User-Agent: selenium/4.7.1 (java windows)
Content-Length: 59
Content-Type: application/json; charset=utf-8
host: localhost:2318
accept: */*

Response DefaultHttpResponse(decodeResult: success, version: HTTP/1.1)
HTTP/1.1 200 OK
Content-Type: application/json; charset=utf-8
cache-control: no-cache
content-length: 14

15:26:30.936 [AsyncHttpClient-1-11] DEBUG org.asynchttpclient.netty.channel.ChannelManager - Adding key: http://localhost:2318 for channel [id: 0x72d34477, L:/127.0.0.1:57802 - R:localhost/127.0.0.1:2318]
15:26:30.938 [Forwarding setTimeout on session 7e07d3a8a24908ef09275506df56abe6 to remote] DEBUG org.asynchttpclient.netty.request.NettyRequestSender - Using pooled Channel '[id: 0x72d34477, L:/127.0.0.1:57802 - R:localhost/127.0.0.1:2318]' for 'POST' to 'http://localhost:2318/session/7e07d3a8a24908ef09275506df56abe6/timeouts'
15:26:30.938 [Forwarding setTimeout on session 7e07d3a8a24908ef09275506df56abe6 to remote] DEBUG org.asynchttpclient.netty.request.NettyRequestSender - Using open Channel [id: 0x72d34477, L:/127.0.0.1:57802 - R:localhost/127.0.0.1:2318] for POST '/session/7e07d3a8a24908ef09275506df56abe6/timeouts'
15:26:30.940 [AsyncHttpClient-1-11] DEBUG org.asynchttpclient.netty.handler.HttpHandler - 

Request DefaultHttpRequest(decodeResult: success, version: HTTP/1.1)
POST /session/7e07d3a8a24908ef09275506df56abe6/timeouts HTTP/1.1
User-Agent: selenium/4.7.1 (java windows)
Content-Length: 22
Content-Type: application/json; charset=utf-8
host: localhost:2318
accept: */*

Response DefaultHttpResponse(decodeResult: success, version: HTTP/1.1)
HTTP/1.1 200 OK
Content-Type: application/json; charset=utf-8
cache-control: no-cache
content-length: 14

15:26:30.940 [AsyncHttpClient-1-11] DEBUG org.asynchttpclient.netty.channel.ChannelManager - Adding key: http://localhost:2318 for channel [id: 0x72d34477, L:/127.0.0.1:57802 - R:localhost/127.0.0.1:2318]
15:26:30.944 [Forwarding getCurrentUrl on session 7e07d3a8a24908ef09275506df56abe6 to remote] DEBUG org.asynchttpclient.netty.request.NettyRequestSender - Using pooled Channel '[id: 0x72d34477, L:/127.0.0.1:57802 - R:localhost/127.0.0.1:2318]' for 'GET' to 'http://localhost:2318/session/7e07d3a8a24908ef09275506df56abe6/url'
15:26:30.944 [Forwarding getCurrentUrl on session 7e07d3a8a24908ef09275506df56abe6 to remote] DEBUG org.asynchttpclient.netty.request.NettyRequestSender - Using open Channel [id: 0x72d34477, L:/127.0.0.1:57802 - R:localhost/127.0.0.1:2318] for GET '/session/7e07d3a8a24908ef09275506df56abe6/url'
15:26:30.952 [AsyncHttpClient-1-11] DEBUG org.asynchttpclient.netty.handler.HttpHandler - 

Request DefaultFullHttpRequest(decodeResult: success, version: HTTP/1.1, content: EmptyByteBufBE)
GET /session/7e07d3a8a24908ef09275506df56abe6/url HTTP/1.1
User-Agent: selenium/4.7.1 (java windows)
Cache-Control: no-cache
Content-Type: application/json; charset=utf-8
host: localhost:2318
accept: */*

Response DefaultHttpResponse(decodeResult: success, version: HTTP/1.1)
HTTP/1.1 200 OK
Content-Type: application/json; charset=utf-8
cache-control: no-cache
content-length: 41

15:26:30.952 [AsyncHttpClient-1-11] DEBUG org.asynchttpclient.netty.channel.ChannelManager - Adding key: http://localhost:2318 for channel [id: 0x72d34477, L:/127.0.0.1:57802 - R:localhost/127.0.0.1:2318]
15:26:30.955 [Forwarding getCurrentUrl on session 7e07d3a8a24908ef09275506df56abe6 to remote] DEBUG org.asynchttpclient.netty.request.NettyRequestSender - Using pooled Channel '[id: 0x72d34477, L:/127.0.0.1:57802 - R:localhost/127.0.0.1:2318]' for 'GET' to 'http://localhost:2318/session/7e07d3a8a24908ef09275506df56abe6/url'
15:26:30.955 [Forwarding getCurrentUrl on session 7e07d3a8a24908ef09275506df56abe6 to remote] DEBUG org.asynchttpclient.netty.request.NettyRequestSender - Using open Channel [id: 0x72d34477, L:/127.0.0.1:57802 - R:localhost/127.0.0.1:2318] for GET '/session/7e07d3a8a24908ef09275506df56abe6/url'
15:26:30.960 [AsyncHttpClient-1-11] DEBUG org.asynchttpclient.netty.handler.HttpHandler - 

Request DefaultFullHttpRequest(decodeResult: success, version: HTTP/1.1, content: EmptyByteBufBE)
GET /session/7e07d3a8a24908ef09275506df56abe6/url HTTP/1.1
User-Agent: selenium/4.7.1 (java windows)
Cache-Control: no-cache
Content-Type: application/json; charset=utf-8
host: localhost:2318
accept: */*

Response DefaultHttpResponse(decodeResult: success, version: HTTP/1.1)
HTTP/1.1 200 OK
Content-Type: application/json; charset=utf-8
cache-control: no-cache
content-length: 41

15:26:30.960 [AsyncHttpClient-1-11] DEBUG org.asynchttpclient.netty.channel.ChannelManager - Adding key: http://localhost:2318 for channel [id: 0x72d34477, L:/127.0.0.1:57802 - R:localhost/127.0.0.1:2318]
15:26:30.966 [Forwarding findElement on session 7e07d3a8a24908ef09275506df56abe6 to remote] DEBUG org.asynchttpclient.netty.request.NettyRequestSender - Using pooled Channel '[id: 0x72d34477, L:/127.0.0.1:57802 - R:localhost/127.0.0.1:2318]' for 'POST' to 'http://localhost:2318/session/7e07d3a8a24908ef09275506df56abe6/element'
15:26:30.966 [Forwarding findElement on session 7e07d3a8a24908ef09275506df56abe6 to remote] DEBUG org.asynchttpclient.netty.request.NettyRequestSender - Using open Channel [id: 0x72d34477, L:/127.0.0.1:57802 - R:localhost/127.0.0.1:2318] for POST '/session/7e07d3a8a24908ef09275506df56abe6/element'
15:26:30.982 [AsyncHttpClient-1-11] DEBUG org.asynchttpclient.netty.handler.HttpHandler - 

Request DefaultHttpRequest(decodeResult: success, version: HTTP/1.1)
POST /session/7e07d3a8a24908ef09275506df56abe6/element HTTP/1.1
User-Agent: selenium/4.7.1 (java windows)
Content-Length: 108
Content-Type: application/json; charset=utf-8
host: localhost:2318
accept: */*

Response DefaultHttpResponse(decodeResult: success, version: HTTP/1.1)
HTTP/1.1 200 OK
Content-Type: application/json; charset=utf-8
cache-control: no-cache
content-length: 94

15:26:30.982 [AsyncHttpClient-1-11] DEBUG org.asynchttpclient.netty.channel.ChannelManager - Adding key: http://localhost:2318 for channel [id: 0x72d34477, L:/127.0.0.1:57802 - R:localhost/127.0.0.1:2318]
15:26:30.986 [Forwarding isElementDisplayed on session 7e07d3a8a24908ef09275506df56abe6 to remote] DEBUG org.asynchttpclient.netty.request.NettyRequestSender - Using pooled Channel '[id: 0x72d34477, L:/127.0.0.1:57802 - R:localhost/127.0.0.1:2318]' for 'POST' to 'http://localhost:2318/session/7e07d3a8a24908ef09275506df56abe6/execute/sync'
15:26:30.986 [Forwarding isElementDisplayed on session 7e07d3a8a24908ef09275506df56abe6 to remote] DEBUG org.asynchttpclient.netty.request.NettyRequestSender - Using open Channel [id: 0x72d34477, L:/127.0.0.1:57802 - R:localhost/127.0.0.1:2318] for POST '/session/7e07d3a8a24908ef09275506df56abe6/execute/sync'
15:26:31.005 [AsyncHttpClient-1-11] DEBUG org.asynchttpclient.netty.handler.HttpHandler - 

Request DefaultHttpRequest(decodeResult: success, version: HTTP/1.1)
POST /session/7e07d3a8a24908ef09275506df56abe6/execute/sync HTTP/1.1
User-Agent: selenium/4.7.1 (java windows)
Content-Length: 48786
Content-Type: application/json; charset=utf-8
host: localhost:2318
accept: */*

Response DefaultHttpResponse(decodeResult: success, version: HTTP/1.1)
HTTP/1.1 200 OK
Content-Type: application/json; charset=utf-8
cache-control: no-cache
content-length: 14

15:26:31.005 [AsyncHttpClient-1-11] DEBUG org.asynchttpclient.netty.channel.ChannelManager - Adding key: http://localhost:2318 for channel [id: 0x72d34477, L:/127.0.0.1:57802 - R:localhost/127.0.0.1:2318]
15:26:31.009 [Forwarding isElementDisplayed on session 7e07d3a8a24908ef09275506df56abe6 to remote] DEBUG org.asynchttpclient.netty.request.NettyRequestSender - Using pooled Channel '[id: 0x72d34477, L:/127.0.0.1:57802 - R:localhost/127.0.0.1:2318]' for 'POST' to 'http://localhost:2318/session/7e07d3a8a24908ef09275506df56abe6/execute/sync'
15:26:31.009 [Forwarding isElementDisplayed on session 7e07d3a8a24908ef09275506df56abe6 to remote] DEBUG org.asynchttpclient.netty.request.NettyRequestSender - Using open Channel [id: 0x72d34477, L:/127.0.0.1:57802 - R:localhost/127.0.0.1:2318] for POST '/session/7e07d3a8a24908ef09275506df56abe6/execute/sync'
15:26:31.026 [AsyncHttpClient-1-11] DEBUG org.asynchttpclient.netty.handler.HttpHandler - 

Request DefaultHttpRequest(decodeResult: success, version: HTTP/1.1)
POST /session/7e07d3a8a24908ef09275506df56abe6/execute/sync HTTP/1.1
User-Agent: selenium/4.7.1 (java windows)
Content-Length: 48786
Content-Type: application/json; charset=utf-8
host: localhost:2318
accept: */*

Response DefaultHttpResponse(decodeResult: success, version: HTTP/1.1)
HTTP/1.1 200 OK
Content-Type: application/json; charset=utf-8
cache-control: no-cache
content-length: 14

15:26:31.027 [AsyncHttpClient-1-11] DEBUG org.asynchttpclient.netty.channel.ChannelManager - Adding key: http://localhost:2318 for channel [id: 0x72d34477, L:/127.0.0.1:57802 - R:localhost/127.0.0.1:2318]
15:26:31.032 [Forwarding getCurrentWindowHandle on session 7e07d3a8a24908ef09275506df56abe6 to remote] DEBUG org.asynchttpclient.netty.request.NettyRequestSender - Using pooled Channel '[id: 0x72d34477, L:/127.0.0.1:57802 - R:localhost/127.0.0.1:2318]' for 'GET' to 'http://localhost:2318/session/7e07d3a8a24908ef09275506df56abe6/window'
15:26:31.032 [Forwarding getCurrentWindowHandle on session 7e07d3a8a24908ef09275506df56abe6 to remote] DEBUG org.asynchttpclient.netty.request.NettyRequestSender - Using open Channel [id: 0x72d34477, L:/127.0.0.1:57802 - R:localhost/127.0.0.1:2318] for GET '/session/7e07d3a8a24908ef09275506df56abe6/window'
15:26:31.033 [AsyncHttpClient-1-11] DEBUG org.asynchttpclient.netty.handler.HttpHandler - 

Request DefaultFullHttpRequest(decodeResult: success, version: HTTP/1.1, content: EmptyByteBufBE)
GET /session/7e07d3a8a24908ef09275506df56abe6/window HTTP/1.1
User-Agent: selenium/4.7.1 (java windows)
Cache-Control: no-cache
Content-Type: application/json; charset=utf-8
host: localhost:2318
accept: */*

Response DefaultHttpResponse(decodeResult: success, version: HTTP/1.1)
HTTP/1.1 200 OK
Content-Type: application/json; charset=utf-8
cache-control: no-cache
content-length: 44

15:26:31.034 [AsyncHttpClient-1-11] DEBUG org.asynchttpclient.netty.channel.ChannelManager - Adding key: http://localhost:2318 for channel [id: 0x72d34477, L:/127.0.0.1:57802 - R:localhost/127.0.0.1:2318]
15:26:31.035 [Forwarding getAlertText on session 7e07d3a8a24908ef09275506df56abe6 to remote] DEBUG org.asynchttpclient.netty.request.NettyRequestSender - Using pooled Channel '[id: 0x72d34477, L:/127.0.0.1:57802 - R:localhost/127.0.0.1:2318]' for 'GET' to 'http://localhost:2318/session/7e07d3a8a24908ef09275506df56abe6/alert/text'
15:26:31.035 [Forwarding getAlertText on session 7e07d3a8a24908ef09275506df56abe6 to remote] DEBUG org.asynchttpclient.netty.request.NettyRequestSender - Using open Channel [id: 0x72d34477, L:/127.0.0.1:57802 - R:localhost/127.0.0.1:2318] for GET '/session/7e07d3a8a24908ef09275506df56abe6/alert/text'
15:26:31.037 [AsyncHttpClient-1-11] DEBUG org.asynchttpclient.netty.handler.HttpHandler - 

Request DefaultFullHttpRequest(decodeResult: success, version: HTTP/1.1, content: EmptyByteBufBE)
GET /session/7e07d3a8a24908ef09275506df56abe6/alert/text HTTP/1.1
User-Agent: selenium/4.7.1 (java windows)
Cache-Control: no-cache
Content-Type: application/json; charset=utf-8
host: localhost:2318
accept: */*

Response DefaultHttpResponse(decodeResult: success, version: HTTP/1.1)
HTTP/1.1 404 Not Found
Content-Type: application/json; charset=utf-8
cache-control: no-cache
content-length: 820

15:26:31.037 [AsyncHttpClient-1-11] DEBUG org.asynchttpclient.netty.channel.ChannelManager - Adding key: http://localhost:2318 for channel [id: 0x72d34477, L:/127.0.0.1:57802 - R:localhost/127.0.0.1:2318]
15:26:31.040 [Forwarding switchToWindow on session 7e07d3a8a24908ef09275506df56abe6 to remote] DEBUG org.asynchttpclient.netty.request.NettyRequestSender - Using pooled Channel '[id: 0x72d34477, L:/127.0.0.1:57802 - R:localhost/127.0.0.1:2318]' for 'POST' to 'http://localhost:2318/session/7e07d3a8a24908ef09275506df56abe6/window'
15:26:31.040 [Forwarding switchToWindow on session 7e07d3a8a24908ef09275506df56abe6 to remote] DEBUG org.asynchttpclient.netty.request.NettyRequestSender - Using open Channel [id: 0x72d34477, L:/127.0.0.1:57802 - R:localhost/127.0.0.1:2318] for POST '/session/7e07d3a8a24908ef09275506df56abe6/window'
15:26:31.043 [AsyncHttpClient-1-11] DEBUG org.asynchttpclient.netty.handler.HttpHandler - 

Request DefaultHttpRequest(decodeResult: success, version: HTTP/1.1)
POST /session/7e07d3a8a24908ef09275506df56abe6/window HTTP/1.1
User-Agent: selenium/4.7.1 (java windows)
Content-Length: 50
Content-Type: application/json; charset=utf-8
host: localhost:2318
accept: */*

Response DefaultHttpResponse(decodeResult: success, version: HTTP/1.1)
HTTP/1.1 200 OK
Content-Type: application/json; charset=utf-8
cache-control: no-cache
content-length: 14

15:26:31.043 [AsyncHttpClient-1-11] DEBUG org.asynchttpclient.netty.channel.ChannelManager - Adding key: http://localhost:2318 for channel [id: 0x72d34477, L:/127.0.0.1:57802 - R:localhost/127.0.0.1:2318]
15:26:31.044 [Forwarding getCurrentUrl on session 7e07d3a8a24908ef09275506df56abe6 to remote] DEBUG org.asynchttpclient.netty.request.NettyRequestSender - Using pooled Channel '[id: 0x72d34477, L:/127.0.0.1:57802 - R:localhost/127.0.0.1:2318]' for 'GET' to 'http://localhost:2318/session/7e07d3a8a24908ef09275506df56abe6/url'
15:26:31.045 [Forwarding getCurrentUrl on session 7e07d3a8a24908ef09275506df56abe6 to remote] DEBUG org.asynchttpclient.netty.request.NettyRequestSender - Using open Channel [id: 0x72d34477, L:/127.0.0.1:57802 - R:localhost/127.0.0.1:2318] for GET '/session/7e07d3a8a24908ef09275506df56abe6/url'
15:26:31.049 [AsyncHttpClient-1-11] DEBUG org.asynchttpclient.netty.handler.HttpHandler - 

Request DefaultFullHttpRequest(decodeResult: success, version: HTTP/1.1, content: EmptyByteBufBE)
GET /session/7e07d3a8a24908ef09275506df56abe6/url HTTP/1.1
User-Agent: selenium/4.7.1 (java windows)
Cache-Control: no-cache
Content-Type: application/json; charset=utf-8
host: localhost:2318
accept: */*

Response DefaultHttpResponse(decodeResult: success, version: HTTP/1.1)
HTTP/1.1 200 OK
Content-Type: application/json; charset=utf-8
cache-control: no-cache
content-length: 41

15:26:31.049 [AsyncHttpClient-1-11] DEBUG org.asynchttpclient.netty.channel.ChannelManager - Adding key: http://localhost:2318 for channel [id: 0x72d34477, L:/127.0.0.1:57802 - R:localhost/127.0.0.1:2318]
15:26:31.050 [Forwarding screenshot on session 7e07d3a8a24908ef09275506df56abe6 to remote] DEBUG org.asynchttpclient.netty.request.NettyRequestSender - Using pooled Channel '[id: 0x72d34477, L:/127.0.0.1:57802 - R:localhost/127.0.0.1:2318]' for 'GET' to 'http://localhost:2318/session/7e07d3a8a24908ef09275506df56abe6/screenshot'
15:26:31.050 [Forwarding screenshot on session 7e07d3a8a24908ef09275506df56abe6 to remote] DEBUG org.asynchttpclient.netty.request.NettyRequestSender - Using open Channel [id: 0x72d34477, L:/127.0.0.1:57802 - R:localhost/127.0.0.1:2318] for GET '/session/7e07d3a8a24908ef09275506df56abe6/screenshot'
15:26:31.169 [AsyncHttpClient-1-11] DEBUG org.asynchttpclient.netty.handler.HttpHandler - 

Request DefaultFullHttpRequest(decodeResult: success, version: HTTP/1.1, content: EmptyByteBufBE)
GET /session/7e07d3a8a24908ef09275506df56abe6/screenshot HTTP/1.1
User-Agent: selenium/4.7.1 (java windows)
Cache-Control: no-cache
Content-Type: application/json; charset=utf-8
host: localhost:2318
accept: */*

Response DefaultHttpResponse(decodeResult: success, version: HTTP/1.1)
HTTP/1.1 200 OK
Content-Type: application/json; charset=utf-8
cache-control: no-cache
content-length: 37016

15:26:31.169 [AsyncHttpClient-1-11] DEBUG org.asynchttpclient.netty.channel.ChannelManager - Adding key: http://localhost:2318 for channel [id: 0x72d34477, L:/127.0.0.1:57802 - R:localhost/127.0.0.1:2318]
15:26:31.172 [main] DEBUG net.serenitybdd.core.photography.Darkroom - Send negative for processing for target\site\serenity\dcad393e5f5f3807655df5d3e73477aaefcae3e02e7a81377ae6f8f21c156402.png
15:26:31.172 [main] DEBUG net.thucydides.core.steps.StepInterceptor - STEP DONE: diHomepageAltaShop
  &amp#27;[32mGiven &amp#27;[0m&amp#27;[32muser berada di Homepage AltaShop&amp#27;[0m                            &amp#27;[90m# starter.stepdefinitions.LoginSteps.userBeradaDiHomepageAlta()&amp#27;[0m
15:26:31.172 [Darkroom Processing Line] DEBUG net.serenitybdd.core.photography.DarkroomProcessingLine - Processing screenshot image in /var/screenshots/screenshot-14055288119004466690
15:26:31.173 [Darkroom Processing Line] DEBUG net.serenitybdd.core.photography.DarkroomProcessingLine - Saving screenshot to target\site\serenity\dcad393e5f5f3807655df5d3e73477aaefcae3e02e7a81377ae6f8f21c156402.png
15:26:31.187 [main] DEBUG net.thucydides.core.steps.StepInterceptor - STARTING STEP: LoginSteps.userKlikButtonLogin - klikButtonLogin
15:26:31.191 [Forwarding findElement on session 7e07d3a8a24908ef09275506df56abe6 to remote] DEBUG org.asynchttpclient.netty.request.NettyRequestSender - Using pooled Channel '[id: 0x72d34477, L:/127.0.0.1:57802 - R:localhost/127.0.0.1:2318]' for 'POST' to 'http://localhost:2318/session/7e07d3a8a24908ef09275506df56abe6/element'
15:26:31.192 [Forwarding findElement on session 7e07d3a8a24908ef09275506df56abe6 to remote] DEBUG org.asynchttpclient.netty.request.NettyRequestSender - Using open Channel [id: 0x72d34477, L:/127.0.0.1:57802 - R:localhost/127.0.0.1:2318] for POST '/session/7e07d3a8a24908ef09275506df56abe6/element'
15:26:31.202 [AsyncHttpClient-1-11] DEBUG org.asynchttpclient.netty.handler.HttpHandler - 

Request DefaultHttpRequest(decodeResult: success, version: HTTP/1.1)
POST /session/7e07d3a8a24908ef09275506df56abe6/element HTTP/1.1
User-Agent: selenium/4.7.1 (java windows)
Content-Length: 108
Content-Type: application/json; charset=utf-8
host: localhost:2318
accept: */*

Response DefaultHttpResponse(decodeResult: success, version: HTTP/1.1)
HTTP/1.1 200 OK
Content-Type: application/json; charset=utf-8
cache-control: no-cache
content-length: 94

15:26:31.202 [AsyncHttpClient-1-11] DEBUG org.asynchttpclient.netty.channel.ChannelManager - Adding key: http://localhost:2318 for channel [id: 0x72d34477, L:/127.0.0.1:57802 - R:localhost/127.0.0.1:2318]
15:26:31.204 [Forwarding getElementTagName on session 7e07d3a8a24908ef09275506df56abe6 to remote] DEBUG org.asynchttpclient.netty.request.NettyRequestSender - Using pooled Channel '[id: 0x72d34477, L:/127.0.0.1:57802 - R:localhost/127.0.0.1:2318]' for 'GET' to 'http://localhost:2318/session/7e07d3a8a24908ef09275506df56abe6/element/2D27745EC099BF92F2F4ABB925E196B0_element_5/name'
15:26:31.204 [Forwarding getElementTagName on session 7e07d3a8a24908ef09275506df56abe6 to remote] DEBUG org.asynchttpclient.netty.request.NettyRequestSender - Using open Channel [id: 0x72d34477, L:/127.0.0.1:57802 - R:localhost/127.0.0.1:2318] for GET '/session/7e07d3a8a24908ef09275506df56abe6/element/2D27745EC099BF92F2F4ABB925E196B0_element_5/name'
15:26:31.212 [AsyncHttpClient-1-11] DEBUG org.asynchttpclient.netty.handler.HttpHandler - 

Request DefaultFullHttpRequest(decodeResult: success, version: HTTP/1.1, content: EmptyByteBufBE)
GET /session/7e07d3a8a24908ef09275506df56abe6/element/2D27745EC099BF92F2F4ABB925E196B0_element_5/name HTTP/1.1
User-Agent: selenium/4.7.1 (java windows)
Cache-Control: no-cache
Content-Type: application/json; charset=utf-8
host: localhost:2318
accept: */*

Response DefaultHttpResponse(decodeResult: success, version: HTTP/1.1)
HTTP/1.1 200 OK
Content-Type: application/json; charset=utf-8
cache-control: no-cache
content-length: 18

15:26:31.212 [AsyncHttpClient-1-11] DEBUG org.asynchttpclient.netty.channel.ChannelManager - Adding key: http://localhost:2318 for channel [id: 0x72d34477, L:/127.0.0.1:57802 - R:localhost/127.0.0.1:2318]
15:26:31.214 [Forwarding getElementTagName on session 7e07d3a8a24908ef09275506df56abe6 to remote] DEBUG org.asynchttpclient.netty.request.NettyRequestSender - Using pooled Channel '[id: 0x72d34477, L:/127.0.0.1:57802 - R:localhost/127.0.0.1:2318]' for 'GET' to 'http://localhost:2318/session/7e07d3a8a24908ef09275506df56abe6/element/2D27745EC099BF92F2F4ABB925E196B0_element_5/name'
15:26:31.214 [Forwarding getElementTagName on session 7e07d3a8a24908ef09275506df56abe6 to remote] DEBUG org.asynchttpclient.netty.request.NettyRequestSender - Using open Channel [id: 0x72d34477, L:/127.0.0.1:57802 - R:localhost/127.0.0.1:2318] for GET '/session/7e07d3a8a24908ef09275506df56abe6/element/2D27745EC099BF92F2F4ABB925E196B0_element_5/name'
15:26:31.219 [AsyncHttpClient-1-11] DEBUG org.asynchttpclient.netty.handler.HttpHandler - 

Request DefaultFullHttpRequest(decodeResult: success, version: HTTP/1.1, content: EmptyByteBufBE)
GET /session/7e07d3a8a24908ef09275506df56abe6/element/2D27745EC099BF92F2F4ABB925E196B0_element_5/name HTTP/1.1
User-Agent: selenium/4.7.1 (java windows)
Cache-Control: no-cache
Content-Type: application/json; charset=utf-8
host: localhost:2318
accept: */*

Response DefaultHttpResponse(decodeResult: success, version: HTTP/1.1)
HTTP/1.1 200 OK
Content-Type: application/json; charset=utf-8
cache-control: no-cache
content-length: 18

15:26:31.219 [AsyncHttpClient-1-11] DEBUG org.asynchttpclient.netty.channel.ChannelManager - Adding key: http://localhost:2318 for channel [id: 0x72d34477, L:/127.0.0.1:57802 - R:localhost/127.0.0.1:2318]
15:26:31.221 [Forwarding isElementEnabled on session 7e07d3a8a24908ef09275506df56abe6 to remote] DEBUG org.asynchttpclient.netty.request.NettyRequestSender - Using pooled Channel '[id: 0x72d34477, L:/127.0.0.1:57802 - R:localhost/127.0.0.1:2318]' for 'GET' to 'http://localhost:2318/session/7e07d3a8a24908ef09275506df56abe6/element/2D27745EC099BF92F2F4ABB925E196B0_element_5/enabled'
15:26:31.221 [Forwarding isElementEnabled on session 7e07d3a8a24908ef09275506df56abe6 to remote] DEBUG org.asynchttpclient.netty.request.NettyRequestSender - Using open Channel [id: 0x72d34477, L:/127.0.0.1:57802 - R:localhost/127.0.0.1:2318] for GET '/session/7e07d3a8a24908ef09275506df56abe6/element/2D27745EC099BF92F2F4ABB925E196B0_element_5/enabled'
15:26:31.232 [AsyncHttpClient-1-11] DEBUG org.asynchttpclient.netty.handler.HttpHandler - 

Request DefaultFullHttpRequest(decodeResult: success, version: HTTP/1.1, content: EmptyByteBufBE)
GET /session/7e07d3a8a24908ef09275506df56abe6/element/2D27745EC099BF92F2F4ABB925E196B0_element_5/enabled HTTP/1.1
User-Agent: selenium/4.7.1 (java windows)
Cache-Control: no-cache
Content-Type: application/json; charset=utf-8
host: localhost:2318
accept: */*

Response DefaultHttpResponse(decodeResult: success, version: HTTP/1.1)
HTTP/1.1 200 OK
Content-Type: application/json; charset=utf-8
cache-control: no-cache
content-length: 14

15:26:31.232 [AsyncHttpClient-1-11] DEBUG org.asynchttpclient.netty.channel.ChannelManager - Adding key: http://localhost:2318 for channel [id: 0x72d34477, L:/127.0.0.1:57802 - R:localhost/127.0.0.1:2318]
15:26:31.233 [Forwarding isElementEnabled on session 7e07d3a8a24908ef09275506df56abe6 to remote] DEBUG org.asynchttpclient.netty.request.NettyRequestSender - Using pooled Channel '[id: 0x72d34477, L:/127.0.0.1:57802 - R:localhost/127.0.0.1:2318]' for 'GET' to 'http://localhost:2318/session/7e07d3a8a24908ef09275506df56abe6/element/2D27745EC099BF92F2F4ABB925E196B0_element_5/enabled'
15:26:31.233 [Forwarding isElementEnabled on session 7e07d3a8a24908ef09275506df56abe6 to remote] DEBUG org.asynchttpclient.netty.request.NettyRequestSender - Using open Channel [id: 0x72d34477, L:/127.0.0.1:57802 - R:localhost/127.0.0.1:2318] for GET '/session/7e07d3a8a24908ef09275506df56abe6/element/2D27745EC099BF92F2F4ABB925E196B0_element_5/enabled'
15:26:31.249 [AsyncHttpClient-1-11] DEBUG org.asynchttpclient.netty.handler.HttpHandler - 

Request DefaultFullHttpRequest(decodeResult: success, version: HTTP/1.1, content: EmptyByteBufBE)
GET /session/7e07d3a8a24908ef09275506df56abe6/element/2D27745EC099BF92F2F4ABB925E196B0_element_5/enabled HTTP/1.1
User-Agent: selenium/4.7.1 (java windows)
Cache-Control: no-cache
Content-Type: application/json; charset=utf-8
host: localhost:2318
accept: */*

Response DefaultHttpResponse(decodeResult: success, version: HTTP/1.1)
HTTP/1.1 200 OK
Content-Type: application/json; charset=utf-8
cache-control: no-cache
content-length: 14

15:26:31.250 [AsyncHttpClient-1-11] DEBUG org.asynchttpclient.netty.channel.ChannelManager - Adding key: http://localhost:2318 for channel [id: 0x72d34477, L:/127.0.0.1:57802 - R:localhost/127.0.0.1:2318]
15:26:31.252 [Forwarding findElement on session 7e07d3a8a24908ef09275506df56abe6 to remote] DEBUG org.asynchttpclient.netty.request.NettyRequestSender - Using pooled Channel '[id: 0x72d34477, L:/127.0.0.1:57802 - R:localhost/127.0.0.1:2318]' for 'POST' to 'http://localhost:2318/session/7e07d3a8a24908ef09275506df56abe6/element'
15:26:31.252 [Forwarding findElement on session 7e07d3a8a24908ef09275506df56abe6 to remote] DEBUG org.asynchttpclient.netty.request.NettyRequestSender - Using open Channel [id: 0x72d34477, L:/127.0.0.1:57802 - R:localhost/127.0.0.1:2318] for POST '/session/7e07d3a8a24908ef09275506df56abe6/element'
15:26:31.646 [AsyncHttpClient-1-1] DEBUG org.asynchttpclient.netty.channel.DefaultChannelPool - Entry count for : http://localhost:57803 : 1
15:26:32.747 [AsyncHttpClient-1-1] DEBUG org.asynchttpclient.netty.channel.DefaultChannelPool - Entry count for : http://localhost:57803 : 1
15:26:33.670 [AsyncHttpClient-1-11] DEBUG org.asynchttpclient.netty.handler.HttpHandler - 

Request DefaultHttpRequest(decodeResult: success, version: HTTP/1.1)
POST /session/7e07d3a8a24908ef09275506df56abe6/element HTTP/1.1
User-Agent: selenium/4.7.1 (java windows)
Content-Length: 108
Content-Type: application/json; charset=utf-8
host: localhost:2318
accept: */*

Response DefaultHttpResponse(decodeResult: success, version: HTTP/1.1)
HTTP/1.1 200 OK
Content-Type: application/json; charset=utf-8
cache-control: no-cache
content-length: 94

15:26:33.670 [AsyncHttpClient-1-11] DEBUG org.asynchttpclient.netty.channel.ChannelManager - Adding key: http://localhost:2318 for channel [id: 0x72d34477, L:/127.0.0.1:57802 - R:localhost/127.0.0.1:2318]
15:26:33.672 [Forwarding clickElement on session 7e07d3a8a24908ef09275506df56abe6 to remote] DEBUG org.asynchttpclient.netty.request.NettyRequestSender - Using pooled Channel '[id: 0x72d34477, L:/127.0.0.1:57802 - R:localhost/127.0.0.1:2318]' for 'POST' to 'http://localhost:2318/session/7e07d3a8a24908ef09275506df56abe6/element/2D27745EC099BF92F2F4ABB925E196B0_element_5/click'
15:26:33.672 [Forwarding clickElement on session 7e07d3a8a24908ef09275506df56abe6 to remote] DEBUG org.asynchttpclient.netty.request.NettyRequestSender - Using open Channel [id: 0x72d34477, L:/127.0.0.1:57802 - R:localhost/127.0.0.1:2318] for POST '/session/7e07d3a8a24908ef09275506df56abe6/element/2D27745EC099BF92F2F4ABB925E196B0_element_5/click'
15:26:33.739 [AsyncHttpClient-1-11] DEBUG org.asynchttpclient.netty.handler.HttpHandler - 

Request DefaultHttpRequest(decodeResult: success, version: HTTP/1.1)
POST /session/7e07d3a8a24908ef09275506df56abe6/element/2D27745EC099BF92F2F4ABB925E196B0_element_5/click HTTP/1.1
User-Agent: selenium/4.7.1 (java windows)
Content-Length: 56
Content-Type: application/json; charset=utf-8
host: localhost:2318
accept: */*

Response DefaultHttpResponse(decodeResult: success, version: HTTP/1.1)
HTTP/1.1 200 OK
Content-Type: application/json; charset=utf-8
cache-control: no-cache
content-length: 14

15:26:33.740 [AsyncHttpClient-1-11] DEBUG org.asynchttpclient.netty.channel.ChannelManager - Adding key: http://localhost:2318 for channel [id: 0x72d34477, L:/127.0.0.1:57802 - R:localhost/127.0.0.1:2318]
15:26:33.750 [Forwarding getCurrentWindowHandle on session 7e07d3a8a24908ef09275506df56abe6 to remote] DEBUG org.asynchttpclient.netty.request.NettyRequestSender - Using pooled Channel '[id: 0x72d34477, L:/127.0.0.1:57802 - R:localhost/127.0.0.1:2318]' for 'GET' to 'http://localhost:2318/session/7e07d3a8a24908ef09275506df56abe6/window'
15:26:33.750 [Forwarding getCurrentWindowHandle on session 7e07d3a8a24908ef09275506df56abe6 to remote] DEBUG org.asynchttpclient.netty.request.NettyRequestSender - Using open Channel [id: 0x72d34477, L:/127.0.0.1:57802 - R:localhost/127.0.0.1:2318] for GET '/session/7e07d3a8a24908ef09275506df56abe6/window'
15:26:33.751 [AsyncHttpClient-1-11] DEBUG org.asynchttpclient.netty.handler.HttpHandler - 

Request DefaultFullHttpRequest(decodeResult: success, version: HTTP/1.1, content: EmptyByteBufBE)
GET /session/7e07d3a8a24908ef09275506df56abe6/window HTTP/1.1
User-Agent: selenium/4.7.1 (java windows)
Cache-Control: no-cache
Content-Type: application/json; charset=utf-8
host: localhost:2318
accept: */*

Response DefaultHttpResponse(decodeResult: success, version: HTTP/1.1)
HTTP/1.1 200 OK
Content-Type: application/json; charset=utf-8
cache-control: no-cache
content-length: 44

15:26:33.752 [AsyncHttpClient-1-11] DEBUG org.asynchttpclient.netty.channel.ChannelManager - Adding key: http://localhost:2318 for channel [id: 0x72d34477, L:/127.0.0.1:57802 - R:localhost/127.0.0.1:2318]
15:26:33.753 [Forwarding getAlertText on session 7e07d3a8a24908ef09275506df56abe6 to remote] DEBUG org.asynchttpclient.netty.request.NettyRequestSender - Using pooled Channel '[id: 0x72d34477, L:/127.0.0.1:57802 - R:localhost/127.0.0.1:2318]' for 'GET' to 'http://localhost:2318/session/7e07d3a8a24908ef09275506df56abe6/alert/text'
15:26:33.753 [Forwarding getAlertText on session 7e07d3a8a24908ef09275506df56abe6 to remote] DEBUG org.asynchttpclient.netty.request.NettyRequestSender - Using open Channel [id: 0x72d34477, L:/127.0.0.1:57802 - R:localhost/127.0.0.1:2318] for GET '/session/7e07d3a8a24908ef09275506df56abe6/alert/text'
15:26:33.846 [AsyncHttpClient-1-1] DEBUG org.asynchttpclient.netty.channel.DefaultChannelPool - Entry count for : http://localhost:57803 : 1
15:26:33.990 [AsyncHttpClient-1-11] DEBUG org.asynchttpclient.netty.handler.HttpHandler - 

Request DefaultFullHttpRequest(decodeResult: success, version: HTTP/1.1, content: EmptyByteBufBE)
GET /session/7e07d3a8a24908ef09275506df56abe6/alert/text HTTP/1.1
User-Agent: selenium/4.7.1 (java windows)
Cache-Control: no-cache
Content-Type: application/json; charset=utf-8
host: localhost:2318
accept: */*

Response DefaultHttpResponse(decodeResult: success, version: HTTP/1.1)
HTTP/1.1 404 Not Found
Content-Type: application/json; charset=utf-8
cache-control: no-cache
content-length: 820

15:26:33.991 [AsyncHttpClient-1-11] DEBUG org.asynchttpclient.netty.channel.ChannelManager - Adding key: http://localhost:2318 for channel [id: 0x72d34477, L:/127.0.0.1:57802 - R:localhost/127.0.0.1:2318]
15:26:33.993 [Forwarding switchToWindow on session 7e07d3a8a24908ef09275506df56abe6 to remote] DEBUG org.asynchttpclient.netty.request.NettyRequestSender - Using pooled Channel '[id: 0x72d34477, L:/127.0.0.1:57802 - R:localhost/127.0.0.1:2318]' for 'POST' to 'http://localhost:2318/session/7e07d3a8a24908ef09275506df56abe6/window'
15:26:33.993 [Forwarding switchToWindow on session 7e07d3a8a24908ef09275506df56abe6 to remote] DEBUG org.asynchttpclient.netty.request.NettyRequestSender - Using open Channel [id: 0x72d34477, L:/127.0.0.1:57802 - R:localhost/127.0.0.1:2318] for POST '/session/7e07d3a8a24908ef09275506df56abe6/window'
15:26:33.995 [AsyncHttpClient-1-11] DEBUG org.asynchttpclient.netty.handler.HttpHandler - 

Request DefaultHttpRequest(decodeResult: success, version: HTTP/1.1)
POST /session/7e07d3a8a24908ef09275506df56abe6/window HTTP/1.1
User-Agent: selenium/4.7.1 (java windows)
Content-Length: 50
Content-Type: application/json; charset=utf-8
host: localhost:2318
accept: */*

Response DefaultHttpResponse(decodeResult: success, version: HTTP/1.1)
HTTP/1.1 200 OK
Content-Type: application/json; charset=utf-8
cache-control: no-cache
content-length: 14

15:26:33.996 [AsyncHttpClient-1-11] DEBUG org.asynchttpclient.netty.channel.ChannelManager - Adding key: http://localhost:2318 for channel [id: 0x72d34477, L:/127.0.0.1:57802 - R:localhost/127.0.0.1:2318]
15:26:33.997 [Forwarding getCurrentUrl on session 7e07d3a8a24908ef09275506df56abe6 to remote] DEBUG org.asynchttpclient.netty.request.NettyRequestSender - Using pooled Channel '[id: 0x72d34477, L:/127.0.0.1:57802 - R:localhost/127.0.0.1:2318]' for 'GET' to 'http://localhost:2318/session/7e07d3a8a24908ef09275506df56abe6/url'
15:26:33.997 [Forwarding getCurrentUrl on session 7e07d3a8a24908ef09275506df56abe6 to remote] DEBUG org.asynchttpclient.netty.request.NettyRequestSender - Using open Channel [id: 0x72d34477, L:/127.0.0.1:57802 - R:localhost/127.0.0.1:2318] for GET '/session/7e07d3a8a24908ef09275506df56abe6/url'
15:26:34.005 [AsyncHttpClient-1-11] DEBUG org.asynchttpclient.netty.handler.HttpHandler - 

Request DefaultFullHttpRequest(decodeResult: success, version: HTTP/1.1, content: EmptyByteBufBE)
GET /session/7e07d3a8a24908ef09275506df56abe6/url HTTP/1.1
User-Agent: selenium/4.7.1 (java windows)
Cache-Control: no-cache
Content-Type: application/json; charset=utf-8
host: localhost:2318
accept: */*

Response DefaultHttpResponse(decodeResult: success, version: HTTP/1.1)
HTTP/1.1 200 OK
Content-Type: application/json; charset=utf-8
cache-control: no-cache
content-length: 51

15:26:34.005 [AsyncHttpClient-1-11] DEBUG org.asynchttpclient.netty.channel.ChannelManager - Adding key: http://localhost:2318 for channel [id: 0x72d34477, L:/127.0.0.1:57802 - R:localhost/127.0.0.1:2318]
15:26:34.006 [Forwarding screenshot on session 7e07d3a8a24908ef09275506df56abe6 to remote] DEBUG org.asynchttpclient.netty.request.NettyRequestSender - Using pooled Channel '[id: 0x72d34477, L:/127.0.0.1:57802 - R:localhost/127.0.0.1:2318]' for 'GET' to 'http://localhost:2318/session/7e07d3a8a24908ef09275506df56abe6/screenshot'
15:26:34.006 [Forwarding screenshot on session 7e07d3a8a24908ef09275506df56abe6 to remote] DEBUG org.asynchttpclient.netty.request.NettyRequestSender - Using open Channel [id: 0x72d34477, L:/127.0.0.1:57802 - R:localhost/127.0.0.1:2318] for GET '/session/7e07d3a8a24908ef09275506df56abe6/screenshot'
15:26:34.089 [AsyncHttpClient-1-11] DEBUG org.asynchttpclient.netty.handler.HttpHandler - 

Request DefaultFullHttpRequest(decodeResult: success, version: HTTP/1.1, content: EmptyByteBufBE)
GET /session/7e07d3a8a24908ef09275506df56abe6/screenshot HTTP/1.1
User-Agent: selenium/4.7.1 (java windows)
Cache-Control: no-cache
Content-Type: application/json; charset=utf-8
host: localhost:2318
accept: */*

Response DefaultHttpResponse(decodeResult: success, version: HTTP/1.1)
HTTP/1.1 200 OK
Content-Type: application/json; charset=utf-8
cache-control: no-cache
content-length: 26172

15:26:34.090 [AsyncHttpClient-1-11] DEBUG org.asynchttpclient.netty.channel.ChannelManager - Adding key: http://localhost:2318 for channel [id: 0x72d34477, L:/127.0.0.1:57802 - R:localhost/127.0.0.1:2318]
15:26:34.092 [main] DEBUG net.serenitybdd.core.photography.Darkroom - Send negative for processing for target\site\serenity\f035198f28bcaf95684f4b1a3b9e5d031fc0873bb044f55c4913aef571773aa0.png
15:26:34.092 [main] DEBUG net.thucydides.core.steps.StepInterceptor - STEP DONE: klikButtonLogin
  &amp#27;[32mWhen &amp#27;[0m&amp#27;[32muser klik button login&amp#27;[0m                                       &amp#27;[90m# starter.stepdefinitions.LoginSteps.userKlikButtonLogin()&amp#27;[0m
15:26:34.103 [main] DEBUG net.thucydides.core.steps.StepInterceptor - STARTING STEP: LoginSteps.userInputEmailInvalid - inputEmail
15:26:34.105 [Forwarding findElement on session 7e07d3a8a24908ef09275506df56abe6 to remote] DEBUG org.asynchttpclient.netty.request.NettyRequestSender - Using pooled Channel '[id: 0x72d34477, L:/127.0.0.1:57802 - R:localhost/127.0.0.1:2318]' for 'POST' to 'http://localhost:2318/session/7e07d3a8a24908ef09275506df56abe6/element'
15:26:34.105 [Forwarding findElement on session 7e07d3a8a24908ef09275506df56abe6 to remote] DEBUG org.asynchttpclient.netty.request.NettyRequestSender - Using open Channel [id: 0x72d34477, L:/127.0.0.1:57802 - R:localhost/127.0.0.1:2318] for POST '/session/7e07d3a8a24908ef09275506df56abe6/element'
15:26:34.121 [AsyncHttpClient-1-11] DEBUG org.asynchttpclient.netty.handler.HttpHandler - 

Request DefaultHttpRequest(decodeResult: success, version: HTTP/1.1)
POST /session/7e07d3a8a24908ef09275506df56abe6/element HTTP/1.1
User-Agent: selenium/4.7.1 (java windows)
Content-Length: 187
Content-Type: application/json; charset=utf-8
host: localhost:2318
accept: */*

Response DefaultHttpResponse(decodeResult: success, version: HTTP/1.1)
HTTP/1.1 200 OK
Content-Type: application/json; charset=utf-8
cache-control: no-cache
content-length: 94

15:26:34.121 [AsyncHttpClient-1-11] DEBUG org.asynchttpclient.netty.channel.ChannelManager - Adding key: http://localhost:2318 for channel [id: 0x72d34477, L:/127.0.0.1:57802 - R:localhost/127.0.0.1:2318]
15:26:34.123 [Forwarding clearElement on session 7e07d3a8a24908ef09275506df56abe6 to remote] DEBUG org.asynchttpclient.netty.request.NettyRequestSender - Using pooled Channel '[id: 0x72d34477, L:/127.0.0.1:57802 - R:localhost/127.0.0.1:2318]' for 'POST' to 'http://localhost:2318/session/7e07d3a8a24908ef09275506df56abe6/element/2D27745EC099BF92F2F4ABB925E196B0_element_8/clear'
15:26:34.123 [Forwarding clearElement on session 7e07d3a8a24908ef09275506df56abe6 to remote] DEBUG org.asynchttpclient.netty.request.NettyRequestSender - Using open Channel [id: 0x72d34477, L:/127.0.0.1:57802 - R:localhost/127.0.0.1:2318] for POST '/session/7e07d3a8a24908ef09275506df56abe6/element/2D27745EC099BF92F2F4ABB925E196B0_element_8/clear'
15:26:34.164 [AsyncHttpClient-1-11] DEBUG org.asynchttpclient.netty.handler.HttpHandler - 

Request DefaultHttpRequest(decodeResult: success, version: HTTP/1.1)
POST /session/7e07d3a8a24908ef09275506df56abe6/element/2D27745EC099BF92F2F4ABB925E196B0_element_8/clear HTTP/1.1
User-Agent: selenium/4.7.1 (java windows)
Content-Length: 56
Content-Type: application/json; charset=utf-8
host: localhost:2318
accept: */*

Response DefaultHttpResponse(decodeResult: success, version: HTTP/1.1)
HTTP/1.1 200 OK
Content-Type: application/json; charset=utf-8
cache-control: no-cache
content-length: 14

15:26:34.165 [AsyncHttpClient-1-11] DEBUG org.asynchttpclient.netty.channel.ChannelManager - Adding key: http://localhost:2318 for channel [id: 0x72d34477, L:/127.0.0.1:57802 - R:localhost/127.0.0.1:2318]
15:26:34.166 [Forwarding sendKeysToElement on session 7e07d3a8a24908ef09275506df56abe6 to remote] DEBUG org.asynchttpclient.netty.request.NettyRequestSender - Using pooled Channel '[id: 0x72d34477, L:/127.0.0.1:57802 - R:localhost/127.0.0.1:2318]' for 'POST' to 'http://localhost:2318/session/7e07d3a8a24908ef09275506df56abe6/element/2D27745EC099BF92F2F4ABB925E196B0_element_8/value'
15:26:34.167 [Forwarding sendKeysToElement on session 7e07d3a8a24908ef09275506df56abe6 to remote] DEBUG org.asynchttpclient.netty.request.NettyRequestSender - Using open Channel [id: 0x72d34477, L:/127.0.0.1:57802 - R:localhost/127.0.0.1:2318] for POST '/session/7e07d3a8a24908ef09275506df56abe6/element/2D27745EC099BF92F2F4ABB925E196B0_element_8/value'
15:26:34.284 [AsyncHttpClient-1-11] DEBUG org.asynchttpclient.netty.handler.HttpHandler - 

Request DefaultHttpRequest(decodeResult: success, version: HTTP/1.1)
POST /session/7e07d3a8a24908ef09275506df56abe6/element/2D27745EC099BF92F2F4ABB925E196B0_element_8/value HTTP/1.1
User-Agent: selenium/4.7.1 (java windows)
Content-Length: 237
Content-Type: application/json; charset=utf-8
host: localhost:2318
accept: */*

Response DefaultHttpResponse(decodeResult: success, version: HTTP/1.1)
HTTP/1.1 200 OK
Content-Type: application/json; charset=utf-8
cache-control: no-cache
content-length: 14

15:26:34.284 [AsyncHttpClient-1-11] DEBUG org.asynchttpclient.netty.channel.ChannelManager - Adding key: http://localhost:2318 for channel [id: 0x72d34477, L:/127.0.0.1:57802 - R:localhost/127.0.0.1:2318]
15:26:34.293 [Forwarding getCurrentWindowHandle on session 7e07d3a8a24908ef09275506df56abe6 to remote] DEBUG org.asynchttpclient.netty.request.NettyRequestSender - Using pooled Channel '[id: 0x72d34477, L:/127.0.0.1:57802 - R:localhost/127.0.0.1:2318]' for 'GET' to 'http://localhost:2318/session/7e07d3a8a24908ef09275506df56abe6/window'
15:26:34.293 [Forwarding getCurrentWindowHandle on session 7e07d3a8a24908ef09275506df56abe6 to remote] DEBUG org.asynchttpclient.netty.request.NettyRequestSender - Using open Channel [id: 0x72d34477, L:/127.0.0.1:57802 - R:localhost/127.0.0.1:2318] for GET '/session/7e07d3a8a24908ef09275506df56abe6/window'
15:26:34.294 [AsyncHttpClient-1-11] DEBUG org.asynchttpclient.netty.handler.HttpHandler - 

Request DefaultFullHttpRequest(decodeResult: success, version: HTTP/1.1, content: EmptyByteBufBE)
GET /session/7e07d3a8a24908ef09275506df56abe6/window HTTP/1.1
User-Agent: selenium/4.7.1 (java windows)
Cache-Control: no-cache
Content-Type: application/json; charset=utf-8
host: localhost:2318
accept: */*

Response DefaultHttpResponse(decodeResult: success, version: HTTP/1.1)
HTTP/1.1 200 OK
Content-Type: application/json; charset=utf-8
cache-control: no-cache
content-length: 44

15:26:34.294 [AsyncHttpClient-1-11] DEBUG org.asynchttpclient.netty.channel.ChannelManager - Adding key: http://localhost:2318 for channel [id: 0x72d34477, L:/127.0.0.1:57802 - R:localhost/127.0.0.1:2318]
15:26:34.295 [Forwarding getAlertText on session 7e07d3a8a24908ef09275506df56abe6 to remote] DEBUG org.asynchttpclient.netty.request.NettyRequestSender - Using pooled Channel '[id: 0x72d34477, L:/127.0.0.1:57802 - R:localhost/127.0.0.1:2318]' for 'GET' to 'http://localhost:2318/session/7e07d3a8a24908ef09275506df56abe6/alert/text'
15:26:34.295 [Forwarding getAlertText on session 7e07d3a8a24908ef09275506df56abe6 to remote] DEBUG org.asynchttpclient.netty.request.NettyRequestSender - Using open Channel [id: 0x72d34477, L:/127.0.0.1:57802 - R:localhost/127.0.0.1:2318] for GET '/session/7e07d3a8a24908ef09275506df56abe6/alert/text'
15:26:34.296 [AsyncHttpClient-1-11] DEBUG org.asynchttpclient.netty.handler.HttpHandler - 

Request DefaultFullHttpRequest(decodeResult: success, version: HTTP/1.1, content: EmptyByteBufBE)
GET /session/7e07d3a8a24908ef09275506df56abe6/alert/text HTTP/1.1
User-Agent: selenium/4.7.1 (java windows)
Cache-Control: no-cache
Content-Type: application/json; charset=utf-8
host: localhost:2318
accept: */*

Response DefaultHttpResponse(decodeResult: success, version: HTTP/1.1)
HTTP/1.1 404 Not Found
Content-Type: application/json; charset=utf-8
cache-control: no-cache
content-length: 820

15:26:34.297 [AsyncHttpClient-1-11] DEBUG org.asynchttpclient.netty.channel.ChannelManager - Adding key: http://localhost:2318 for channel [id: 0x72d34477, L:/127.0.0.1:57802 - R:localhost/127.0.0.1:2318]
15:26:34.298 [Forwarding switchToWindow on session 7e07d3a8a24908ef09275506df56abe6 to remote] DEBUG org.asynchttpclient.netty.request.NettyRequestSender - Using pooled Channel '[id: 0x72d34477, L:/127.0.0.1:57802 - R:localhost/127.0.0.1:2318]' for 'POST' to 'http://localhost:2318/session/7e07d3a8a24908ef09275506df56abe6/window'
15:26:34.298 [Forwarding switchToWindow on session 7e07d3a8a24908ef09275506df56abe6 to remote] DEBUG org.asynchttpclient.netty.request.NettyRequestSender - Using open Channel [id: 0x72d34477, L:/127.0.0.1:57802 - R:localhost/127.0.0.1:2318] for POST '/session/7e07d3a8a24908ef09275506df56abe6/window'
15:26:34.300 [AsyncHttpClient-1-11] DEBUG org.asynchttpclient.netty.handler.HttpHandler - 

Request DefaultHttpRequest(decodeResult: success, version: HTTP/1.1)
POST /session/7e07d3a8a24908ef09275506df56abe6/window HTTP/1.1
User-Agent: selenium/4.7.1 (java windows)
Content-Length: 50
Content-Type: application/json; charset=utf-8
host: localhost:2318
accept: */*

Response DefaultHttpResponse(decodeResult: success, version: HTTP/1.1)
HTTP/1.1 200 OK
Content-Type: application/json; charset=utf-8
cache-control: no-cache
content-length: 14

15:26:34.300 [AsyncHttpClient-1-11] DEBUG org.asynchttpclient.netty.channel.ChannelManager - Adding key: http://localhost:2318 for channel [id: 0x72d34477, L:/127.0.0.1:57802 - R:localhost/127.0.0.1:2318]
15:26:34.301 [Forwarding getCurrentUrl on session 7e07d3a8a24908ef09275506df56abe6 to remote] DEBUG org.asynchttpclient.netty.request.NettyRequestSender - Using pooled Channel '[id: 0x72d34477, L:/127.0.0.1:57802 - R:localhost/127.0.0.1:2318]' for 'GET' to 'http://localhost:2318/session/7e07d3a8a24908ef09275506df56abe6/url'
15:26:34.301 [Forwarding getCurrentUrl on session 7e07d3a8a24908ef09275506df56abe6 to remote] DEBUG org.asynchttpclient.netty.request.NettyRequestSender - Using open Channel [id: 0x72d34477, L:/127.0.0.1:57802 - R:localhost/127.0.0.1:2318] for GET '/session/7e07d3a8a24908ef09275506df56abe6/url'
15:26:34.308 [AsyncHttpClient-1-11] DEBUG org.asynchttpclient.netty.handler.HttpHandler - 

Request DefaultFullHttpRequest(decodeResult: success, version: HTTP/1.1, content: EmptyByteBufBE)
GET /session/7e07d3a8a24908ef09275506df56abe6/url HTTP/1.1
User-Agent: selenium/4.7.1 (java windows)
Cache-Control: no-cache
Content-Type: application/json; charset=utf-8
host: localhost:2318
accept: */*

Response DefaultHttpResponse(decodeResult: success, version: HTTP/1.1)
HTTP/1.1 200 OK
Content-Type: application/json; charset=utf-8
cache-control: no-cache
content-length: 51

15:26:34.308 [AsyncHttpClient-1-11] DEBUG org.asynchttpclient.netty.channel.ChannelManager - Adding key: http://localhost:2318 for channel [id: 0x72d34477, L:/127.0.0.1:57802 - R:localhost/127.0.0.1:2318]
15:26:34.309 [Forwarding screenshot on session 7e07d3a8a24908ef09275506df56abe6 to remote] DEBUG org.asynchttpclient.netty.request.NettyRequestSender - Using pooled Channel '[id: 0x72d34477, L:/127.0.0.1:57802 - R:localhost/127.0.0.1:2318]' for 'GET' to 'http://localhost:2318/session/7e07d3a8a24908ef09275506df56abe6/screenshot'
15:26:34.310 [Forwarding screenshot on session 7e07d3a8a24908ef09275506df56abe6 to remote] DEBUG org.asynchttpclient.netty.request.NettyRequestSender - Using open Channel [id: 0x72d34477, L:/127.0.0.1:57802 - R:localhost/127.0.0.1:2318] for GET '/session/7e07d3a8a24908ef09275506df56abe6/screenshot'
15:26:34.395 [AsyncHttpClient-1-11] DEBUG org.asynchttpclient.netty.handler.HttpHandler - 

Request DefaultFullHttpRequest(decodeResult: success, version: HTTP/1.1, content: EmptyByteBufBE)
GET /session/7e07d3a8a24908ef09275506df56abe6/screenshot HTTP/1.1
User-Agent: selenium/4.7.1 (java windows)
Cache-Control: no-cache
Content-Type: application/json; charset=utf-8
host: localhost:2318
accept: */*

Response DefaultHttpResponse(decodeResult: success, version: HTTP/1.1)
HTTP/1.1 200 OK
Content-Type: application/json; charset=utf-8
cache-control: no-cache
content-length: 29944

15:26:34.396 [AsyncHttpClient-1-11] DEBUG org.asynchttpclient.netty.channel.ChannelManager - Adding key: http://localhost:2318 for channel [id: 0x72d34477, L:/127.0.0.1:57802 - R:localhost/127.0.0.1:2318]
15:26:34.397 [main] DEBUG net.serenitybdd.core.photography.Darkroom - Send negative for processing for target\site\serenity\f550197d7b724e1e32d34e55ee15b8146d61a5fe41067fbddfa8d03cdf5453d0.png
15:26:34.397 [main] DEBUG net.thucydides.core.steps.StepInterceptor - STEP DONE: inputEmail
15:26:34.397 [Darkroom Processing Line] DEBUG net.serenitybdd.core.photography.DarkroomProcessingLine - Processing screenshot image in /var/screenshots/screenshot-13809652387616619072
15:26:34.397 [Darkroom Processing Line] DEBUG net.serenitybdd.core.photography.DarkroomProcessingLine - Saving screenshot to target\site\serenity\f550197d7b724e1e32d34e55ee15b8146d61a5fe41067fbddfa8d03cdf5453d0.png
  &amp#27;[32mAnd &amp#27;[0m&amp#27;[32muser input email invalid&amp#27;[0m                                      &amp#27;[90m# starter.stepdefinitions.LoginSteps.userInputEmailInvalid()&amp#27;[0m
15:26:34.410 [main] DEBUG net.thucydides.core.steps.StepInterceptor - STARTING STEP: LoginSteps.userInputPasswordValid - inputPassword
15:26:34.413 [Forwarding findElement on session 7e07d3a8a24908ef09275506df56abe6 to remote] DEBUG org.asynchttpclient.netty.request.NettyRequestSender - Using pooled Channel '[id: 0x72d34477, L:/127.0.0.1:57802 - R:localhost/127.0.0.1:2318]' for 'POST' to 'http://localhost:2318/session/7e07d3a8a24908ef09275506df56abe6/element'
15:26:34.413 [Forwarding findElement on session 7e07d3a8a24908ef09275506df56abe6 to remote] DEBUG org.asynchttpclient.netty.request.NettyRequestSender - Using open Channel [id: 0x72d34477, L:/127.0.0.1:57802 - R:localhost/127.0.0.1:2318] for POST '/session/7e07d3a8a24908ef09275506df56abe6/element'
15:26:34.430 [AsyncHttpClient-1-11] DEBUG org.asynchttpclient.netty.handler.HttpHandler - 

Request DefaultHttpRequest(decodeResult: success, version: HTTP/1.1)
POST /session/7e07d3a8a24908ef09275506df56abe6/element HTTP/1.1
User-Agent: selenium/4.7.1 (java windows)
Content-Length: 187
Content-Type: application/json; charset=utf-8
host: localhost:2318
accept: */*

Response DefaultHttpResponse(decodeResult: success, version: HTTP/1.1)
HTTP/1.1 200 OK
Content-Type: application/json; charset=utf-8
cache-control: no-cache
content-length: 95

15:26:34.430 [AsyncHttpClient-1-11] DEBUG org.asynchttpclient.netty.channel.ChannelManager - Adding key: http://localhost:2318 for channel [id: 0x72d34477, L:/127.0.0.1:57802 - R:localhost/127.0.0.1:2318]
15:26:34.432 [Forwarding clearElement on session 7e07d3a8a24908ef09275506df56abe6 to remote] DEBUG org.asynchttpclient.netty.request.NettyRequestSender - Using pooled Channel '[id: 0x72d34477, L:/127.0.0.1:57802 - R:localhost/127.0.0.1:2318]' for 'POST' to 'http://localhost:2318/session/7e07d3a8a24908ef09275506df56abe6/element/2D27745EC099BF92F2F4ABB925E196B0_element_10/clear'
15:26:34.432 [Forwarding clearElement on session 7e07d3a8a24908ef09275506df56abe6 to remote] DEBUG org.asynchttpclient.netty.request.NettyRequestSender - Using open Channel [id: 0x72d34477, L:/127.0.0.1:57802 - R:localhost/127.0.0.1:2318] for POST '/session/7e07d3a8a24908ef09275506df56abe6/element/2D27745EC099BF92F2F4ABB925E196B0_element_10/clear'
15:26:34.465 [AsyncHttpClient-1-11] DEBUG org.asynchttpclient.netty.handler.HttpHandler - 

Request DefaultHttpRequest(decodeResult: success, version: HTTP/1.1)
POST /session/7e07d3a8a24908ef09275506df56abe6/element/2D27745EC099BF92F2F4ABB925E196B0_element_10/clear HTTP/1.1
User-Agent: selenium/4.7.1 (java windows)
Content-Length: 57
Content-Type: application/json; charset=utf-8
host: localhost:2318
accept: */*

Response DefaultHttpResponse(decodeResult: success, version: HTTP/1.1)
HTTP/1.1 200 OK
Content-Type: application/json; charset=utf-8
cache-control: no-cache
content-length: 14

15:26:34.465 [AsyncHttpClient-1-11] DEBUG org.asynchttpclient.netty.channel.ChannelManager - Adding key: http://localhost:2318 for channel [id: 0x72d34477, L:/127.0.0.1:57802 - R:localhost/127.0.0.1:2318]
15:26:34.467 [Forwarding sendKeysToElement on session 7e07d3a8a24908ef09275506df56abe6 to remote] DEBUG org.asynchttpclient.netty.request.NettyRequestSender - Using pooled Channel '[id: 0x72d34477, L:/127.0.0.1:57802 - R:localhost/127.0.0.1:2318]' for 'POST' to 'http://localhost:2318/session/7e07d3a8a24908ef09275506df56abe6/element/2D27745EC099BF92F2F4ABB925E196B0_element_10/value'
15:26:34.467 [Forwarding sendKeysToElement on session 7e07d3a8a24908ef09275506df56abe6 to remote] DEBUG org.asynchttpclient.netty.request.NettyRequestSender - Using open Channel [id: 0x72d34477, L:/127.0.0.1:57802 - R:localhost/127.0.0.1:2318] for POST '/session/7e07d3a8a24908ef09275506df56abe6/element/2D27745EC099BF92F2F4ABB925E196B0_element_10/value'
15:26:34.531 [AsyncHttpClient-1-11] DEBUG org.asynchttpclient.netty.handler.HttpHandler - 

Request DefaultHttpRequest(decodeResult: success, version: HTTP/1.1)
POST /session/7e07d3a8a24908ef09275506df56abe6/element/2D27745EC099BF92F2F4ABB925E196B0_element_10/value HTTP/1.1
User-Agent: selenium/4.7.1 (java windows)
Content-Length: 118
Content-Type: application/json; charset=utf-8
host: localhost:2318
accept: */*

Response DefaultHttpResponse(decodeResult: success, version: HTTP/1.1)
HTTP/1.1 200 OK
Content-Type: application/json; charset=utf-8
cache-control: no-cache
content-length: 14

15:26:34.531 [AsyncHttpClient-1-11] DEBUG org.asynchttpclient.netty.channel.ChannelManager - Adding key: http://localhost:2318 for channel [id: 0x72d34477, L:/127.0.0.1:57802 - R:localhost/127.0.0.1:2318]
15:26:34.538 [Forwarding getCurrentWindowHandle on session 7e07d3a8a24908ef09275506df56abe6 to remote] DEBUG org.asynchttpclient.netty.request.NettyRequestSender - Using pooled Channel '[id: 0x72d34477, L:/127.0.0.1:57802 - R:localhost/127.0.0.1:2318]' for 'GET' to 'http://localhost:2318/session/7e07d3a8a24908ef09275506df56abe6/window'
15:26:34.538 [Forwarding getCurrentWindowHandle on session 7e07d3a8a24908ef09275506df56abe6 to remote] DEBUG org.asynchttpclient.netty.request.NettyRequestSender - Using open Channel [id: 0x72d34477, L:/127.0.0.1:57802 - R:localhost/127.0.0.1:2318] for GET '/session/7e07d3a8a24908ef09275506df56abe6/window'
15:26:34.539 [AsyncHttpClient-1-11] DEBUG org.asynchttpclient.netty.handler.HttpHandler - 

Request DefaultFullHttpRequest(decodeResult: success, version: HTTP/1.1, content: EmptyByteBufBE)
GET /session/7e07d3a8a24908ef09275506df56abe6/window HTTP/1.1
User-Agent: selenium/4.7.1 (java windows)
Cache-Control: no-cache
Content-Type: application/json; charset=utf-8
host: localhost:2318
accept: */*

Response DefaultHttpResponse(decodeResult: success, version: HTTP/1.1)
HTTP/1.1 200 OK
Content-Type: application/json; charset=utf-8
cache-control: no-cache
content-length: 44

15:26:34.540 [AsyncHttpClient-1-11] DEBUG org.asynchttpclient.netty.channel.ChannelManager - Adding key: http://localhost:2318 for channel [id: 0x72d34477, L:/127.0.0.1:57802 - R:localhost/127.0.0.1:2318]
15:26:34.541 [Forwarding getAlertText on session 7e07d3a8a24908ef09275506df56abe6 to remote] DEBUG org.asynchttpclient.netty.request.NettyRequestSender - Using pooled Channel '[id: 0x72d34477, L:/127.0.0.1:57802 - R:localhost/127.0.0.1:2318]' for 'GET' to 'http://localhost:2318/session/7e07d3a8a24908ef09275506df56abe6/alert/text'
15:26:34.541 [Forwarding getAlertText on session 7e07d3a8a24908ef09275506df56abe6 to remote] DEBUG org.asynchttpclient.netty.request.NettyRequestSender - Using open Channel [id: 0x72d34477, L:/127.0.0.1:57802 - R:localhost/127.0.0.1:2318] for GET '/session/7e07d3a8a24908ef09275506df56abe6/alert/text'
15:26:34.543 [AsyncHttpClient-1-11] DEBUG org.asynchttpclient.netty.handler.HttpHandler - 

Request DefaultFullHttpRequest(decodeResult: success, version: HTTP/1.1, content: EmptyByteBufBE)
GET /session/7e07d3a8a24908ef09275506df56abe6/alert/text HTTP/1.1
User-Agent: selenium/4.7.1 (java windows)
Cache-Control: no-cache
Content-Type: application/json; charset=utf-8
host: localhost:2318
accept: */*

Response DefaultHttpResponse(decodeResult: success, version: HTTP/1.1)
HTTP/1.1 404 Not Found
Content-Type: application/json; charset=utf-8
cache-control: no-cache
content-length: 820

15:26:34.543 [AsyncHttpClient-1-11] DEBUG org.asynchttpclient.netty.channel.ChannelManager - Adding key: http://localhost:2318 for channel [id: 0x72d34477, L:/127.0.0.1:57802 - R:localhost/127.0.0.1:2318]
15:26:34.545 [Forwarding switchToWindow on session 7e07d3a8a24908ef09275506df56abe6 to remote] DEBUG org.asynchttpclient.netty.request.NettyRequestSender - Using pooled Channel '[id: 0x72d34477, L:/127.0.0.1:57802 - R:localhost/127.0.0.1:2318]' for 'POST' to 'http://localhost:2318/session/7e07d3a8a24908ef09275506df56abe6/window'
15:26:34.545 [Forwarding switchToWindow on session 7e07d3a8a24908ef09275506df56abe6 to remote] DEBUG org.asynchttpclient.netty.request.NettyRequestSender - Using open Channel [id: 0x72d34477, L:/127.0.0.1:57802 - R:localhost/127.0.0.1:2318] for POST '/session/7e07d3a8a24908ef09275506df56abe6/window'
15:26:34.547 [AsyncHttpClient-1-11] DEBUG org.asynchttpclient.netty.handler.HttpHandler - 

Request DefaultHttpRequest(decodeResult: success, version: HTTP/1.1)
POST /session/7e07d3a8a24908ef09275506df56abe6/window HTTP/1.1
User-Agent: selenium/4.7.1 (java windows)
Content-Length: 50
Content-Type: application/json; charset=utf-8
host: localhost:2318
accept: */*

Response DefaultHttpResponse(decodeResult: success, version: HTTP/1.1)
HTTP/1.1 200 OK
Content-Type: application/json; charset=utf-8
cache-control: no-cache
content-length: 14

15:26:34.547 [AsyncHttpClient-1-11] DEBUG org.asynchttpclient.netty.channel.ChannelManager - Adding key: http://localhost:2318 for channel [id: 0x72d34477, L:/127.0.0.1:57802 - R:localhost/127.0.0.1:2318]
15:26:34.548 [Forwarding getCurrentUrl on session 7e07d3a8a24908ef09275506df56abe6 to remote] DEBUG org.asynchttpclient.netty.request.NettyRequestSender - Using pooled Channel '[id: 0x72d34477, L:/127.0.0.1:57802 - R:localhost/127.0.0.1:2318]' for 'GET' to 'http://localhost:2318/session/7e07d3a8a24908ef09275506df56abe6/url'
15:26:34.548 [Forwarding getCurrentUrl on session 7e07d3a8a24908ef09275506df56abe6 to remote] DEBUG org.asynchttpclient.netty.request.NettyRequestSender - Using open Channel [id: 0x72d34477, L:/127.0.0.1:57802 - R:localhost/127.0.0.1:2318] for GET '/session/7e07d3a8a24908ef09275506df56abe6/url'
15:26:34.552 [AsyncHttpClient-1-11] DEBUG org.asynchttpclient.netty.handler.HttpHandler - 

Request DefaultFullHttpRequest(decodeResult: success, version: HTTP/1.1, content: EmptyByteBufBE)
GET /session/7e07d3a8a24908ef09275506df56abe6/url HTTP/1.1
User-Agent: selenium/4.7.1 (java windows)
Cache-Control: no-cache
Content-Type: application/json; charset=utf-8
host: localhost:2318
accept: */*

Response DefaultHttpResponse(decodeResult: success, version: HTTP/1.1)
HTTP/1.1 200 OK
Content-Type: application/json; charset=utf-8
cache-control: no-cache
content-length: 51

15:26:34.552 [AsyncHttpClient-1-11] DEBUG org.asynchttpclient.netty.channel.ChannelManager - Adding key: http://localhost:2318 for channel [id: 0x72d34477, L:/127.0.0.1:57802 - R:localhost/127.0.0.1:2318]
15:26:34.553 [Forwarding screenshot on session 7e07d3a8a24908ef09275506df56abe6 to remote] DEBUG org.asynchttpclient.netty.request.NettyRequestSender - Using pooled Channel '[id: 0x72d34477, L:/127.0.0.1:57802 - R:localhost/127.0.0.1:2318]' for 'GET' to 'http://localhost:2318/session/7e07d3a8a24908ef09275506df56abe6/screenshot'
15:26:34.553 [Forwarding screenshot on session 7e07d3a8a24908ef09275506df56abe6 to remote] DEBUG org.asynchttpclient.netty.request.NettyRequestSender - Using open Channel [id: 0x72d34477, L:/127.0.0.1:57802 - R:localhost/127.0.0.1:2318] for GET '/session/7e07d3a8a24908ef09275506df56abe6/screenshot'
15:26:34.646 [AsyncHttpClient-1-11] DEBUG org.asynchttpclient.netty.handler.HttpHandler - 

Request DefaultFullHttpRequest(decodeResult: success, version: HTTP/1.1, content: EmptyByteBufBE)
GET /session/7e07d3a8a24908ef09275506df56abe6/screenshot HTTP/1.1
User-Agent: selenium/4.7.1 (java windows)
Cache-Control: no-cache
Content-Type: application/json; charset=utf-8
host: localhost:2318
accept: */*

Response DefaultHttpResponse(decodeResult: success, version: HTTP/1.1)
HTTP/1.1 200 OK
Content-Type: application/json; charset=utf-8
cache-control: no-cache
content-length: 30004

15:26:34.646 [AsyncHttpClient-1-11] DEBUG org.asynchttpclient.netty.channel.ChannelManager - Adding key: http://localhost:2318 for channel [id: 0x72d34477, L:/127.0.0.1:57802 - R:localhost/127.0.0.1:2318]
15:26:34.648 [main] DEBUG net.serenitybdd.core.photography.Darkroom - Send negative for processing for target\site\serenity\a1e001abedd484d8a113c96e7ee610827f33ee883bddcfff822007699af3f3bd.png
15:26:34.648 [main] DEBUG net.thucydides.core.steps.StepInterceptor - STEP DONE: inputPassword
  &amp#27;[32mAnd &amp#27;[0m&amp#27;[32muser input password valid&amp#27;[0m                                     &amp#27;[90m# starter.stepdefinitions.LoginSteps.userInputPasswordValid()&amp#27;[0m
15:26:34.648 [Darkroom Processing Line] DEBUG net.serenitybdd.core.photography.DarkroomProcessingLine - Processing screenshot image in /var/screenshots/screenshot-13621831688477112135
15:26:34.648 [Darkroom Processing Line] DEBUG net.serenitybdd.core.photography.DarkroomProcessingLine - Saving screenshot to target\site\serenity\a1e001abedd484d8a113c96e7ee610827f33ee883bddcfff822007699af3f3bd.png
15:26:34.660 [main] DEBUG net.thucydides.core.steps.StepInterceptor - STARTING STEP: LoginSteps.userKlikButtonLoginYangKedua - klikButtonLoginKedua
15:26:34.662 [Forwarding findElement on session 7e07d3a8a24908ef09275506df56abe6 to remote] DEBUG org.asynchttpclient.netty.request.NettyRequestSender - Using pooled Channel '[id: 0x72d34477, L:/127.0.0.1:57802 - R:localhost/127.0.0.1:2318]' for 'POST' to 'http://localhost:2318/session/7e07d3a8a24908ef09275506df56abe6/element'
15:26:34.662 [Forwarding findElement on session 7e07d3a8a24908ef09275506df56abe6 to remote] DEBUG org.asynchttpclient.netty.request.NettyRequestSender - Using open Channel [id: 0x72d34477, L:/127.0.0.1:57802 - R:localhost/127.0.0.1:2318] for POST '/session/7e07d3a8a24908ef09275506df56abe6/element'
15:26:34.676 [AsyncHttpClient-1-11] DEBUG org.asynchttpclient.netty.handler.HttpHandler - 

Request DefaultHttpRequest(decodeResult: success, version: HTTP/1.1)
POST /session/7e07d3a8a24908ef09275506df56abe6/element HTTP/1.1
User-Agent: selenium/4.7.1 (java windows)
Content-Length: 141
Content-Type: application/json; charset=utf-8
host: localhost:2318
accept: */*

Response DefaultHttpResponse(decodeResult: success, version: HTTP/1.1)
HTTP/1.1 200 OK
Content-Type: application/json; charset=utf-8
cache-control: no-cache
content-length: 95

15:26:34.676 [AsyncHttpClient-1-11] DEBUG org.asynchttpclient.netty.channel.ChannelManager - Adding key: http://localhost:2318 for channel [id: 0x72d34477, L:/127.0.0.1:57802 - R:localhost/127.0.0.1:2318]
15:26:34.678 [Forwarding getElementTagName on session 7e07d3a8a24908ef09275506df56abe6 to remote] DEBUG org.asynchttpclient.netty.request.NettyRequestSender - Using pooled Channel '[id: 0x72d34477, L:/127.0.0.1:57802 - R:localhost/127.0.0.1:2318]' for 'GET' to 'http://localhost:2318/session/7e07d3a8a24908ef09275506df56abe6/element/2D27745EC099BF92F2F4ABB925E196B0_element_13/name'
15:26:34.678 [Forwarding getElementTagName on session 7e07d3a8a24908ef09275506df56abe6 to remote] DEBUG org.asynchttpclient.netty.request.NettyRequestSender - Using open Channel [id: 0x72d34477, L:/127.0.0.1:57802 - R:localhost/127.0.0.1:2318] for GET '/session/7e07d3a8a24908ef09275506df56abe6/element/2D27745EC099BF92F2F4ABB925E196B0_element_13/name'
15:26:34.684 [AsyncHttpClient-1-11] DEBUG org.asynchttpclient.netty.handler.HttpHandler - 

Request DefaultFullHttpRequest(decodeResult: success, version: HTTP/1.1, content: EmptyByteBufBE)
GET /session/7e07d3a8a24908ef09275506df56abe6/element/2D27745EC099BF92F2F4ABB925E196B0_element_13/name HTTP/1.1
User-Agent: selenium/4.7.1 (java windows)
Cache-Control: no-cache
Content-Type: application/json; charset=utf-8
host: localhost:2318
accept: */*

Response DefaultHttpResponse(decodeResult: success, version: HTTP/1.1)
HTTP/1.1 200 OK
Content-Type: application/json; charset=utf-8
cache-control: no-cache
content-length: 18

15:26:34.684 [AsyncHttpClient-1-11] DEBUG org.asynchttpclient.netty.channel.ChannelManager - Adding key: http://localhost:2318 for channel [id: 0x72d34477, L:/127.0.0.1:57802 - R:localhost/127.0.0.1:2318]
15:26:34.686 [Forwarding getElementTagName on session 7e07d3a8a24908ef09275506df56abe6 to remote] DEBUG org.asynchttpclient.netty.request.NettyRequestSender - Using pooled Channel '[id: 0x72d34477, L:/127.0.0.1:57802 - R:localhost/127.0.0.1:2318]' for 'GET' to 'http://localhost:2318/session/7e07d3a8a24908ef09275506df56abe6/element/2D27745EC099BF92F2F4ABB925E196B0_element_13/name'
15:26:34.686 [Forwarding getElementTagName on session 7e07d3a8a24908ef09275506df56abe6 to remote] DEBUG org.asynchttpclient.netty.request.NettyRequestSender - Using open Channel [id: 0x72d34477, L:/127.0.0.1:57802 - R:localhost/127.0.0.1:2318] for GET '/session/7e07d3a8a24908ef09275506df56abe6/element/2D27745EC099BF92F2F4ABB925E196B0_element_13/name'
15:26:34.692 [AsyncHttpClient-1-11] DEBUG org.asynchttpclient.netty.handler.HttpHandler - 

Request DefaultFullHttpRequest(decodeResult: success, version: HTTP/1.1, content: EmptyByteBufBE)
GET /session/7e07d3a8a24908ef09275506df56abe6/element/2D27745EC099BF92F2F4ABB925E196B0_element_13/name HTTP/1.1
User-Agent: selenium/4.7.1 (java windows)
Cache-Control: no-cache
Content-Type: application/json; charset=utf-8
host: localhost:2318
accept: */*

Response DefaultHttpResponse(decodeResult: success, version: HTTP/1.1)
HTTP/1.1 200 OK
Content-Type: application/json; charset=utf-8
cache-control: no-cache
content-length: 18

15:26:34.693 [AsyncHttpClient-1-11] DEBUG org.asynchttpclient.netty.channel.ChannelManager - Adding key: http://localhost:2318 for channel [id: 0x72d34477, L:/127.0.0.1:57802 - R:localhost/127.0.0.1:2318]
15:26:34.695 [Forwarding isElementEnabled on session 7e07d3a8a24908ef09275506df56abe6 to remote] DEBUG org.asynchttpclient.netty.request.NettyRequestSender - Using pooled Channel '[id: 0x72d34477, L:/127.0.0.1:57802 - R:localhost/127.0.0.1:2318]' for 'GET' to 'http://localhost:2318/session/7e07d3a8a24908ef09275506df56abe6/element/2D27745EC099BF92F2F4ABB925E196B0_element_13/enabled'
15:26:34.695 [Forwarding isElementEnabled on session 7e07d3a8a24908ef09275506df56abe6 to remote] DEBUG org.asynchttpclient.netty.request.NettyRequestSender - Using open Channel [id: 0x72d34477, L:/127.0.0.1:57802 - R:localhost/127.0.0.1:2318] for GET '/session/7e07d3a8a24908ef09275506df56abe6/element/2D27745EC099BF92F2F4ABB925E196B0_element_13/enabled'
15:26:34.702 [AsyncHttpClient-1-11] DEBUG org.asynchttpclient.netty.handler.HttpHandler - 

Request DefaultFullHttpRequest(decodeResult: success, version: HTTP/1.1, content: EmptyByteBufBE)
GET /session/7e07d3a8a24908ef09275506df56abe6/element/2D27745EC099BF92F2F4ABB925E196B0_element_13/enabled HTTP/1.1
User-Agent: selenium/4.7.1 (java windows)
Cache-Control: no-cache
Content-Type: application/json; charset=utf-8
host: localhost:2318
accept: */*

Response DefaultHttpResponse(decodeResult: success, version: HTTP/1.1)
HTTP/1.1 200 OK
Content-Type: application/json; charset=utf-8
cache-control: no-cache
content-length: 14

15:26:34.702 [AsyncHttpClient-1-11] DEBUG org.asynchttpclient.netty.channel.ChannelManager - Adding key: http://localhost:2318 for channel [id: 0x72d34477, L:/127.0.0.1:57802 - R:localhost/127.0.0.1:2318]
15:26:34.704 [Forwarding isElementEnabled on session 7e07d3a8a24908ef09275506df56abe6 to remote] DEBUG org.asynchttpclient.netty.request.NettyRequestSender - Using pooled Channel '[id: 0x72d34477, L:/127.0.0.1:57802 - R:localhost/127.0.0.1:2318]' for 'GET' to 'http://localhost:2318/session/7e07d3a8a24908ef09275506df56abe6/element/2D27745EC099BF92F2F4ABB925E196B0_element_13/enabled'
15:26:34.704 [Forwarding isElementEnabled on session 7e07d3a8a24908ef09275506df56abe6 to remote] DEBUG org.asynchttpclient.netty.request.NettyRequestSender - Using open Channel [id: 0x72d34477, L:/127.0.0.1:57802 - R:localhost/127.0.0.1:2318] for GET '/session/7e07d3a8a24908ef09275506df56abe6/element/2D27745EC099BF92F2F4ABB925E196B0_element_13/enabled'
15:26:34.716 [AsyncHttpClient-1-11] DEBUG org.asynchttpclient.netty.handler.HttpHandler - 

Request DefaultFullHttpRequest(decodeResult: success, version: HTTP/1.1, content: EmptyByteBufBE)
GET /session/7e07d3a8a24908ef09275506df56abe6/element/2D27745EC099BF92F2F4ABB925E196B0_element_13/enabled HTTP/1.1
User-Agent: selenium/4.7.1 (java windows)
Cache-Control: no-cache
Content-Type: application/json; charset=utf-8
host: localhost:2318
accept: */*

Response DefaultHttpResponse(decodeResult: success, version: HTTP/1.1)
HTTP/1.1 200 OK
Content-Type: application/json; charset=utf-8
cache-control: no-cache
content-length: 14

15:26:34.716 [AsyncHttpClient-1-11] DEBUG org.asynchttpclient.netty.channel.ChannelManager - Adding key: http://localhost:2318 for channel [id: 0x72d34477, L:/127.0.0.1:57802 - R:localhost/127.0.0.1:2318]
15:26:34.719 [Forwarding findElement on session 7e07d3a8a24908ef09275506df56abe6 to remote] DEBUG org.asynchttpclient.netty.request.NettyRequestSender - Using pooled Channel '[id: 0x72d34477, L:/127.0.0.1:57802 - R:localhost/127.0.0.1:2318]' for 'POST' to 'http://localhost:2318/session/7e07d3a8a24908ef09275506df56abe6/element'
15:26:34.719 [Forwarding findElement on session 7e07d3a8a24908ef09275506df56abe6 to remote] DEBUG org.asynchttpclient.netty.request.NettyRequestSender - Using open Channel [id: 0x72d34477, L:/127.0.0.1:57802 - R:localhost/127.0.0.1:2318] for POST '/session/7e07d3a8a24908ef09275506df56abe6/element'
15:26:34.730 [AsyncHttpClient-1-11] DEBUG org.asynchttpclient.netty.handler.HttpHandler - 

Request DefaultHttpRequest(decodeResult: success, version: HTTP/1.1)
POST /session/7e07d3a8a24908ef09275506df56abe6/element HTTP/1.1
User-Agent: selenium/4.7.1 (java windows)
Content-Length: 141
Content-Type: application/json; charset=utf-8
host: localhost:2318
accept: */*

Response DefaultHttpResponse(decodeResult: success, version: HTTP/1.1)
HTTP/1.1 200 OK
Content-Type: application/json; charset=utf-8
cache-control: no-cache
content-length: 95

15:26:34.730 [AsyncHttpClient-1-11] DEBUG org.asynchttpclient.netty.channel.ChannelManager - Adding key: http://localhost:2318 for channel [id: 0x72d34477, L:/127.0.0.1:57802 - R:localhost/127.0.0.1:2318]
15:26:34.732 [Forwarding clickElement on session 7e07d3a8a24908ef09275506df56abe6 to remote] DEBUG org.asynchttpclient.netty.request.NettyRequestSender - Using pooled Channel '[id: 0x72d34477, L:/127.0.0.1:57802 - R:localhost/127.0.0.1:2318]' for 'POST' to 'http://localhost:2318/session/7e07d3a8a24908ef09275506df56abe6/element/2D27745EC099BF92F2F4ABB925E196B0_element_13/click'
15:26:34.732 [Forwarding clickElement on session 7e07d3a8a24908ef09275506df56abe6 to remote] DEBUG org.asynchttpclient.netty.request.NettyRequestSender - Using open Channel [id: 0x72d34477, L:/127.0.0.1:57802 - R:localhost/127.0.0.1:2318] for POST '/session/7e07d3a8a24908ef09275506df56abe6/element/2D27745EC099BF92F2F4ABB925E196B0_element_13/click'
15:26:34.793 [AsyncHttpClient-1-11] DEBUG org.asynchttpclient.netty.handler.HttpHandler - 

Request DefaultHttpRequest(decodeResult: success, version: HTTP/1.1)
POST /session/7e07d3a8a24908ef09275506df56abe6/element/2D27745EC099BF92F2F4ABB925E196B0_element_13/click HTTP/1.1
User-Agent: selenium/4.7.1 (java windows)
Content-Length: 57
Content-Type: application/json; charset=utf-8
host: localhost:2318
accept: */*

Response DefaultHttpResponse(decodeResult: success, version: HTTP/1.1)
HTTP/1.1 200 OK
Content-Type: application/json; charset=utf-8
cache-control: no-cache
content-length: 14

15:26:34.793 [AsyncHttpClient-1-11] DEBUG org.asynchttpclient.netty.channel.ChannelManager - Adding key: http://localhost:2318 for channel [id: 0x72d34477, L:/127.0.0.1:57802 - R:localhost/127.0.0.1:2318]
15:26:34.802 [Forwarding getCurrentWindowHandle on session 7e07d3a8a24908ef09275506df56abe6 to remote] DEBUG org.asynchttpclient.netty.request.NettyRequestSender - Using pooled Channel '[id: 0x72d34477, L:/127.0.0.1:57802 - R:localhost/127.0.0.1:2318]' for 'GET' to 'http://localhost:2318/session/7e07d3a8a24908ef09275506df56abe6/window'
15:26:34.802 [Forwarding getCurrentWindowHandle on session 7e07d3a8a24908ef09275506df56abe6 to remote] DEBUG org.asynchttpclient.netty.request.NettyRequestSender - Using open Channel [id: 0x72d34477, L:/127.0.0.1:57802 - R:localhost/127.0.0.1:2318] for GET '/session/7e07d3a8a24908ef09275506df56abe6/window'
15:26:34.802 [AsyncHttpClient-1-11] DEBUG org.asynchttpclient.netty.handler.HttpHandler - 

Request DefaultFullHttpRequest(decodeResult: success, version: HTTP/1.1, content: EmptyByteBufBE)
GET /session/7e07d3a8a24908ef09275506df56abe6/window HTTP/1.1
User-Agent: selenium/4.7.1 (java windows)
Cache-Control: no-cache
Content-Type: application/json; charset=utf-8
host: localhost:2318
accept: */*

Response DefaultHttpResponse(decodeResult: success, version: HTTP/1.1)
HTTP/1.1 200 OK
Content-Type: application/json; charset=utf-8
cache-control: no-cache
content-length: 44

15:26:34.802 [AsyncHttpClient-1-11] DEBUG org.asynchttpclient.netty.channel.ChannelManager - Adding key: http://localhost:2318 for channel [id: 0x72d34477, L:/127.0.0.1:57802 - R:localhost/127.0.0.1:2318]
15:26:34.804 [Forwarding getAlertText on session 7e07d3a8a24908ef09275506df56abe6 to remote] DEBUG org.asynchttpclient.netty.request.NettyRequestSender - Using pooled Channel '[id: 0x72d34477, L:/127.0.0.1:57802 - R:localhost/127.0.0.1:2318]' for 'GET' to 'http://localhost:2318/session/7e07d3a8a24908ef09275506df56abe6/alert/text'
15:26:34.804 [Forwarding getAlertText on session 7e07d3a8a24908ef09275506df56abe6 to remote] DEBUG org.asynchttpclient.netty.request.NettyRequestSender - Using open Channel [id: 0x72d34477, L:/127.0.0.1:57802 - R:localhost/127.0.0.1:2318] for GET '/session/7e07d3a8a24908ef09275506df56abe6/alert/text'
15:26:34.807 [AsyncHttpClient-1-11] DEBUG org.asynchttpclient.netty.handler.HttpHandler - 

Request DefaultFullHttpRequest(decodeResult: success, version: HTTP/1.1, content: EmptyByteBufBE)
GET /session/7e07d3a8a24908ef09275506df56abe6/alert/text HTTP/1.1
User-Agent: selenium/4.7.1 (java windows)
Cache-Control: no-cache
Content-Type: application/json; charset=utf-8
host: localhost:2318
accept: */*

Response DefaultHttpResponse(decodeResult: success, version: HTTP/1.1)
HTTP/1.1 404 Not Found
Content-Type: application/json; charset=utf-8
cache-control: no-cache
content-length: 820

15:26:34.807 [AsyncHttpClient-1-11] DEBUG org.asynchttpclient.netty.channel.ChannelManager - Adding key: http://localhost:2318 for channel [id: 0x72d34477, L:/127.0.0.1:57802 - R:localhost/127.0.0.1:2318]
15:26:34.810 [Forwarding switchToWindow on session 7e07d3a8a24908ef09275506df56abe6 to remote] DEBUG org.asynchttpclient.netty.request.NettyRequestSender - Using pooled Channel '[id: 0x72d34477, L:/127.0.0.1:57802 - R:localhost/127.0.0.1:2318]' for 'POST' to 'http://localhost:2318/session/7e07d3a8a24908ef09275506df56abe6/window'
15:26:34.810 [Forwarding switchToWindow on session 7e07d3a8a24908ef09275506df56abe6 to remote] DEBUG org.asynchttpclient.netty.request.NettyRequestSender - Using open Channel [id: 0x72d34477, L:/127.0.0.1:57802 - R:localhost/127.0.0.1:2318] for POST '/session/7e07d3a8a24908ef09275506df56abe6/window'
15:26:34.814 [AsyncHttpClient-1-11] DEBUG org.asynchttpclient.netty.handler.HttpHandler - 

Request DefaultHttpRequest(decodeResult: success, version: HTTP/1.1)
POST /session/7e07d3a8a24908ef09275506df56abe6/window HTTP/1.1
User-Agent: selenium/4.7.1 (java windows)
Content-Length: 50
Content-Type: application/json; charset=utf-8
host: localhost:2318
accept: */*

Response DefaultHttpResponse(decodeResult: success, version: HTTP/1.1)
HTTP/1.1 200 OK
Content-Type: application/json; charset=utf-8
cache-control: no-cache
content-length: 14

15:26:34.814 [AsyncHttpClient-1-11] DEBUG org.asynchttpclient.netty.channel.ChannelManager - Adding key: http://localhost:2318 for channel [id: 0x72d34477, L:/127.0.0.1:57802 - R:localhost/127.0.0.1:2318]
15:26:34.815 [Forwarding getCurrentUrl on session 7e07d3a8a24908ef09275506df56abe6 to remote] DEBUG org.asynchttpclient.netty.request.NettyRequestSender - Using pooled Channel '[id: 0x72d34477, L:/127.0.0.1:57802 - R:localhost/127.0.0.1:2318]' for 'GET' to 'http://localhost:2318/session/7e07d3a8a24908ef09275506df56abe6/url'
15:26:34.815 [Forwarding getCurrentUrl on session 7e07d3a8a24908ef09275506df56abe6 to remote] DEBUG org.asynchttpclient.netty.request.NettyRequestSender - Using open Channel [id: 0x72d34477, L:/127.0.0.1:57802 - R:localhost/127.0.0.1:2318] for GET '/session/7e07d3a8a24908ef09275506df56abe6/url'
15:26:34.820 [AsyncHttpClient-1-11] DEBUG org.asynchttpclient.netty.handler.HttpHandler - 

Request DefaultFullHttpRequest(decodeResult: success, version: HTTP/1.1, content: EmptyByteBufBE)
GET /session/7e07d3a8a24908ef09275506df56abe6/url HTTP/1.1
User-Agent: selenium/4.7.1 (java windows)
Cache-Control: no-cache
Content-Type: application/json; charset=utf-8
host: localhost:2318
accept: */*

Response DefaultHttpResponse(decodeResult: success, version: HTTP/1.1)
HTTP/1.1 200 OK
Content-Type: application/json; charset=utf-8
cache-control: no-cache
content-length: 51

15:26:34.820 [AsyncHttpClient-1-11] DEBUG org.asynchttpclient.netty.channel.ChannelManager - Adding key: http://localhost:2318 for channel [id: 0x72d34477, L:/127.0.0.1:57802 - R:localhost/127.0.0.1:2318]
15:26:34.821 [Forwarding screenshot on session 7e07d3a8a24908ef09275506df56abe6 to remote] DEBUG org.asynchttpclient.netty.request.NettyRequestSender - Using pooled Channel '[id: 0x72d34477, L:/127.0.0.1:57802 - R:localhost/127.0.0.1:2318]' for 'GET' to 'http://localhost:2318/session/7e07d3a8a24908ef09275506df56abe6/screenshot'
15:26:34.821 [Forwarding screenshot on session 7e07d3a8a24908ef09275506df56abe6 to remote] DEBUG org.asynchttpclient.netty.request.NettyRequestSender - Using open Channel [id: 0x72d34477, L:/127.0.0.1:57802 - R:localhost/127.0.0.1:2318] for GET '/session/7e07d3a8a24908ef09275506df56abe6/screenshot'
15:26:34.916 [AsyncHttpClient-1-11] DEBUG org.asynchttpclient.netty.handler.HttpHandler - 

Request DefaultFullHttpRequest(decodeResult: success, version: HTTP/1.1, content: EmptyByteBufBE)
GET /session/7e07d3a8a24908ef09275506df56abe6/screenshot HTTP/1.1
User-Agent: selenium/4.7.1 (java windows)
Cache-Control: no-cache
Content-Type: application/json; charset=utf-8
host: localhost:2318
accept: */*

Response DefaultHttpResponse(decodeResult: success, version: HTTP/1.1)
HTTP/1.1 200 OK
Content-Type: application/json; charset=utf-8
cache-control: no-cache
content-length: 29512

15:26:34.917 [AsyncHttpClient-1-11] DEBUG org.asynchttpclient.netty.channel.ChannelManager - Adding key: http://localhost:2318 for channel [id: 0x72d34477, L:/127.0.0.1:57802 - R:localhost/127.0.0.1:2318]
15:26:34.919 [main] DEBUG net.serenitybdd.core.photography.Darkroom - Send negative for processing for target\site\serenity\9899a91e6232a70c0dc5549fce7fd5c823ff79e044c908797518b65fdb8cc086.png
15:26:34.919 [main] DEBUG net.thucydides.core.steps.StepInterceptor - STEP DONE: klikButtonLoginKedua
15:26:34.919 [Darkroom Processing Line] DEBUG net.serenitybdd.core.photography.DarkroomProcessingLine - Processing screenshot image in /var/screenshots/screenshot-13437059397752535725
15:26:34.919 [Darkroom Processing Line] DEBUG net.serenitybdd.core.photography.DarkroomProcessingLine - Saving screenshot to target\site\serenity\9899a91e6232a70c0dc5549fce7fd5c823ff79e044c908797518b65fdb8cc086.png
  &amp#27;[32mThen &amp#27;[0m&amp#27;[32muser klik button login yang kedua&amp#27;[0m                            &amp#27;[90m# starter.stepdefinitions.LoginSteps.userKlikButtonLoginYangKedua()&amp#27;[0m
15:26:34.932 [main] DEBUG net.thucydides.core.steps.StepInterceptor - STARTING STEP: LoginSteps.userMenerimaErrorMessage - munculErrorMessage
15:26:34.935 [Forwarding findElement on session 7e07d3a8a24908ef09275506df56abe6 to remote] DEBUG org.asynchttpclient.netty.request.NettyRequestSender - Using pooled Channel '[id: 0x72d34477, L:/127.0.0.1:57802 - R:localhost/127.0.0.1:2318]' for 'POST' to 'http://localhost:2318/session/7e07d3a8a24908ef09275506df56abe6/element'
15:26:34.935 [Forwarding findElement on session 7e07d3a8a24908ef09275506df56abe6 to remote] DEBUG org.asynchttpclient.netty.request.NettyRequestSender - Using open Channel [id: 0x72d34477, L:/127.0.0.1:57802 - R:localhost/127.0.0.1:2318] for POST '/session/7e07d3a8a24908ef09275506df56abe6/element'
15:26:34.953 [AsyncHttpClient-1-1] DEBUG org.asynchttpclient.netty.channel.DefaultChannelPool - Entry count for : http://localhost:57803 : 1
15:26:34.957 [AsyncHttpClient-1-11] DEBUG org.asynchttpclient.netty.handler.HttpHandler - 

Request DefaultHttpRequest(decodeResult: success, version: HTTP/1.1)
POST /session/7e07d3a8a24908ef09275506df56abe6/element HTTP/1.1
User-Agent: selenium/4.7.1 (java windows)
Content-Length: 139
Content-Type: application/json; charset=utf-8
host: localhost:2318
accept: */*

Response DefaultHttpResponse(decodeResult: success, version: HTTP/1.1)
HTTP/1.1 200 OK
Content-Type: application/json; charset=utf-8
cache-control: no-cache
content-length: 95

15:26:34.958 [AsyncHttpClient-1-11] DEBUG org.asynchttpclient.netty.channel.ChannelManager - Adding key: http://localhost:2318 for channel [id: 0x72d34477, L:/127.0.0.1:57802 - R:localhost/127.0.0.1:2318]
15:26:34.962 [Forwarding isElementDisplayed on session 7e07d3a8a24908ef09275506df56abe6 to remote] DEBUG org.asynchttpclient.netty.request.NettyRequestSender - Using pooled Channel '[id: 0x72d34477, L:/127.0.0.1:57802 - R:localhost/127.0.0.1:2318]' for 'POST' to 'http://localhost:2318/session/7e07d3a8a24908ef09275506df56abe6/execute/sync'
15:26:34.962 [Forwarding isElementDisplayed on session 7e07d3a8a24908ef09275506df56abe6 to remote] DEBUG org.asynchttpclient.netty.request.NettyRequestSender - Using open Channel [id: 0x72d34477, L:/127.0.0.1:57802 - R:localhost/127.0.0.1:2318] for POST '/session/7e07d3a8a24908ef09275506df56abe6/execute/sync'
15:26:34.976 [AsyncHttpClient-1-11] DEBUG org.asynchttpclient.netty.handler.HttpHandler - 

Request DefaultHttpRequest(decodeResult: success, version: HTTP/1.1)
POST /session/7e07d3a8a24908ef09275506df56abe6/execute/sync HTTP/1.1
User-Agent: selenium/4.7.1 (java windows)
Content-Length: 48787
Content-Type: application/json; charset=utf-8
host: localhost:2318
accept: */*

Response DefaultHttpResponse(decodeResult: success, version: HTTP/1.1)
HTTP/1.1 200 OK
Content-Type: application/json; charset=utf-8
cache-control: no-cache
content-length: 14

15:26:34.976 [AsyncHttpClient-1-11] DEBUG org.asynchttpclient.netty.channel.ChannelManager - Adding key: http://localhost:2318 for channel [id: 0x72d34477, L:/127.0.0.1:57802 - R:localhost/127.0.0.1:2318]
15:26:34.980 [Forwarding getCurrentWindowHandle on session 7e07d3a8a24908ef09275506df56abe6 to remote] DEBUG org.asynchttpclient.netty.request.NettyRequestSender - Using pooled Channel '[id: 0x72d34477, L:/127.0.0.1:57802 - R:localhost/127.0.0.1:2318]' for 'GET' to 'http://localhost:2318/session/7e07d3a8a24908ef09275506df56abe6/window'
15:26:34.980 [Forwarding getCurrentWindowHandle on session 7e07d3a8a24908ef09275506df56abe6 to remote] DEBUG org.asynchttpclient.netty.request.NettyRequestSender - Using open Channel [id: 0x72d34477, L:/127.0.0.1:57802 - R:localhost/127.0.0.1:2318] for GET '/session/7e07d3a8a24908ef09275506df56abe6/window'
15:26:34.981 [AsyncHttpClient-1-11] DEBUG org.asynchttpclient.netty.handler.HttpHandler - 

Request DefaultFullHttpRequest(decodeResult: success, version: HTTP/1.1, content: EmptyByteBufBE)
GET /session/7e07d3a8a24908ef09275506df56abe6/window HTTP/1.1
User-Agent: selenium/4.7.1 (java windows)
Cache-Control: no-cache
Content-Type: application/json; charset=utf-8
host: localhost:2318
accept: */*

Response DefaultHttpResponse(decodeResult: success, version: HTTP/1.1)
HTTP/1.1 200 OK
Content-Type: application/json; charset=utf-8
cache-control: no-cache
content-length: 44

15:26:34.981 [AsyncHttpClient-1-11] DEBUG org.asynchttpclient.netty.channel.ChannelManager - Adding key: http://localhost:2318 for channel [id: 0x72d34477, L:/127.0.0.1:57802 - R:localhost/127.0.0.1:2318]
15:26:34.982 [Forwarding getAlertText on session 7e07d3a8a24908ef09275506df56abe6 to remote] DEBUG org.asynchttpclient.netty.request.NettyRequestSender - Using pooled Channel '[id: 0x72d34477, L:/127.0.0.1:57802 - R:localhost/127.0.0.1:2318]' for 'GET' to 'http://localhost:2318/session/7e07d3a8a24908ef09275506df56abe6/alert/text'
15:26:34.982 [Forwarding getAlertText on session 7e07d3a8a24908ef09275506df56abe6 to remote] DEBUG org.asynchttpclient.netty.request.NettyRequestSender - Using open Channel [id: 0x72d34477, L:/127.0.0.1:57802 - R:localhost/127.0.0.1:2318] for GET '/session/7e07d3a8a24908ef09275506df56abe6/alert/text'
15:26:34.984 [AsyncHttpClient-1-11] DEBUG org.asynchttpclient.netty.handler.HttpHandler - 

Request DefaultFullHttpRequest(decodeResult: success, version: HTTP/1.1, content: EmptyByteBufBE)
GET /session/7e07d3a8a24908ef09275506df56abe6/alert/text HTTP/1.1
User-Agent: selenium/4.7.1 (java windows)
Cache-Control: no-cache
Content-Type: application/json; charset=utf-8
host: localhost:2318
accept: */*

Response DefaultHttpResponse(decodeResult: success, version: HTTP/1.1)
HTTP/1.1 404 Not Found
Content-Type: application/json; charset=utf-8
cache-control: no-cache
content-length: 820

15:26:34.984 [AsyncHttpClient-1-11] DEBUG org.asynchttpclient.netty.channel.ChannelManager - Adding key: http://localhost:2318 for channel [id: 0x72d34477, L:/127.0.0.1:57802 - R:localhost/127.0.0.1:2318]
15:26:34.986 [Forwarding switchToWindow on session 7e07d3a8a24908ef09275506df56abe6 to remote] DEBUG org.asynchttpclient.netty.request.NettyRequestSender - Using pooled Channel '[id: 0x72d34477, L:/127.0.0.1:57802 - R:localhost/127.0.0.1:2318]' for 'POST' to 'http://localhost:2318/session/7e07d3a8a24908ef09275506df56abe6/window'
15:26:34.986 [Forwarding switchToWindow on session 7e07d3a8a24908ef09275506df56abe6 to remote] DEBUG org.asynchttpclient.netty.request.NettyRequestSender - Using open Channel [id: 0x72d34477, L:/127.0.0.1:57802 - R:localhost/127.0.0.1:2318] for POST '/session/7e07d3a8a24908ef09275506df56abe6/window'
15:26:34.988 [AsyncHttpClient-1-11] DEBUG org.asynchttpclient.netty.handler.HttpHandler - 

Request DefaultHttpRequest(decodeResult: success, version: HTTP/1.1)
POST /session/7e07d3a8a24908ef09275506df56abe6/window HTTP/1.1
User-Agent: selenium/4.7.1 (java windows)
Content-Length: 50
Content-Type: application/json; charset=utf-8
host: localhost:2318
accept: */*

Response DefaultHttpResponse(decodeResult: success, version: HTTP/1.1)
HTTP/1.1 200 OK
Content-Type: application/json; charset=utf-8
cache-control: no-cache
content-length: 14

15:26:34.988 [AsyncHttpClient-1-11] DEBUG org.asynchttpclient.netty.channel.ChannelManager - Adding key: http://localhost:2318 for channel [id: 0x72d34477, L:/127.0.0.1:57802 - R:localhost/127.0.0.1:2318]
15:26:34.989 [Forwarding getCurrentUrl on session 7e07d3a8a24908ef09275506df56abe6 to remote] DEBUG org.asynchttpclient.netty.request.NettyRequestSender - Using pooled Channel '[id: 0x72d34477, L:/127.0.0.1:57802 - R:localhost/127.0.0.1:2318]' for 'GET' to 'http://localhost:2318/session/7e07d3a8a24908ef09275506df56abe6/url'
15:26:34.989 [Forwarding getCurrentUrl on session 7e07d3a8a24908ef09275506df56abe6 to remote] DEBUG org.asynchttpclient.netty.request.NettyRequestSender - Using open Channel [id: 0x72d34477, L:/127.0.0.1:57802 - R:localhost/127.0.0.1:2318] for GET '/session/7e07d3a8a24908ef09275506df56abe6/url'
15:26:34.995 [AsyncHttpClient-1-11] DEBUG org.asynchttpclient.netty.handler.HttpHandler - 

Request DefaultFullHttpRequest(decodeResult: success, version: HTTP/1.1, content: EmptyByteBufBE)
GET /session/7e07d3a8a24908ef09275506df56abe6/url HTTP/1.1
User-Agent: selenium/4.7.1 (java windows)
Cache-Control: no-cache
Content-Type: application/json; charset=utf-8
host: localhost:2318
accept: */*

Response DefaultHttpResponse(decodeResult: success, version: HTTP/1.1)
HTTP/1.1 200 OK
Content-Type: application/json; charset=utf-8
cache-control: no-cache
content-length: 51

15:26:34.995 [AsyncHttpClient-1-11] DEBUG org.asynchttpclient.netty.channel.ChannelManager - Adding key: http://localhost:2318 for channel [id: 0x72d34477, L:/127.0.0.1:57802 - R:localhost/127.0.0.1:2318]
15:26:34.996 [Forwarding screenshot on session 7e07d3a8a24908ef09275506df56abe6 to remote] DEBUG org.asynchttpclient.netty.request.NettyRequestSender - Using pooled Channel '[id: 0x72d34477, L:/127.0.0.1:57802 - R:localhost/127.0.0.1:2318]' for 'GET' to 'http://localhost:2318/session/7e07d3a8a24908ef09275506df56abe6/screenshot'
15:26:34.996 [Forwarding screenshot on session 7e07d3a8a24908ef09275506df56abe6 to remote] DEBUG org.asynchttpclient.netty.request.NettyRequestSender - Using open Channel [id: 0x72d34477, L:/127.0.0.1:57802 - R:localhost/127.0.0.1:2318] for GET '/session/7e07d3a8a24908ef09275506df56abe6/screenshot'
15:26:35.076 [AsyncHttpClient-1-11] DEBUG org.asynchttpclient.netty.handler.HttpHandler - 

Request DefaultFullHttpRequest(decodeResult: success, version: HTTP/1.1, content: EmptyByteBufBE)
GET /session/7e07d3a8a24908ef09275506df56abe6/screenshot HTTP/1.1
User-Agent: selenium/4.7.1 (java windows)
Cache-Control: no-cache
Content-Type: application/json; charset=utf-8
host: localhost:2318
accept: */*

Response DefaultHttpResponse(decodeResult: success, version: HTTP/1.1)
HTTP/1.1 200 OK
Content-Type: application/json; charset=utf-8
cache-control: no-cache
content-length: 32276

15:26:35.076 [AsyncHttpClient-1-11] DEBUG org.asynchttpclient.netty.channel.ChannelManager - Adding key: http://localhost:2318 for channel [id: 0x72d34477, L:/127.0.0.1:57802 - R:localhost/127.0.0.1:2318]
15:26:35.078 [main] DEBUG net.serenitybdd.core.photography.Darkroom - Send negative for processing for target\site\serenity\4e9635299be09aa1f8f63c7a9fd46b5ac04b06e05416d3c012942261e7970ed1.png
15:26:35.078 [main] DEBUG net.thucydides.core.steps.StepInterceptor - STEP DONE: munculErrorMessage
15:26:35.078 [Darkroom Processing Line] DEBUG net.serenitybdd.core.photography.DarkroomProcessingLine - Processing screenshot image in /var/screenshots/screenshot-4091132107687161514
15:26:35.078 [Darkroom Processing Line] DEBUG net.serenitybdd.core.photography.DarkroomProcessingLine - Saving screenshot to target\site\serenity\4e9635299be09aa1f8f63c7a9fd46b5ac04b06e05416d3c012942261e7970ed1.png
  &amp#27;[32mAnd &amp#27;[0m&amp#27;[32muser menerima error message &amp#27;[0m&amp#27;[32m&amp#27;[1m"email or password is invalid"&amp#27;[0m    &amp#27;[90m# starter.stepdefinitions.LoginSteps.userMenerimaErrorMessage(java.lang.String)&amp#27;[0m
15:26:35.085 [main] INFO  - 
  _____   ___   ___   _____     ___     _     ___   ___   ___   ___  
 |_   _| | __| / __| |_   _|   | _ \   /_\   / __| / __| | __| |   \ 
   | |   | _|  \__ \   | |     |  _/  / _ \  \__ \ \__ \ | _|  | |) |
   |_|   |___| |___/   |_|     |_|   /_/ \_\ |___/ |___/ |___| |___/ 

user tidak bisa login karena menggunakan email yang salah
----------------------------------------------------------------------
15:26:35.088 [Driver Command Executor] DEBUG org.asynchttpclient.netty.request.NettyRequestSender - Using pooled Channel '[id: 0x72d34477, L:/127.0.0.1:57802 - R:localhost/127.0.0.1:2318]' for 'DELETE' to 'http://localhost:2318/session/7e07d3a8a24908ef09275506df56abe6'
15:26:35.088 [Driver Command Executor] DEBUG org.asynchttpclient.netty.request.NettyRequestSender - Using open Channel [id: 0x72d34477, L:/127.0.0.1:57802 - R:localhost/127.0.0.1:2318] for DELETE '/session/7e07d3a8a24908ef09275506df56abe6'
15:26:35.088 [AsyncHttpClient-1-13] DEBUG org.asynchttpclient.netty.handler.WebSocketHandler - Unexpected I/O exception on channel [id: 0x1e71025f, L:/127.0.0.1:57811 - R:localhost/127.0.0.1:57803]
java.io.IOException: An established connection was aborted by the software in your host machine
	at java.base/sun.nio.ch.SocketDispatcher.read0(Native Method)
	at java.base/sun.nio.ch.SocketDispatcher.read(SocketDispatcher.java:46)
	at java.base/sun.nio.ch.IOUtil.readIntoNativeBuffer(IOUtil.java:339)
	at java.base/sun.nio.ch.IOUtil.read(IOUtil.java:293)
	at java.base/sun.nio.ch.IOUtil.read(IOUtil.java:268)
	at java.base/sun.nio.ch.SocketChannelImpl.read(SocketChannelImpl.java:425)
	at io.netty.buffer.PooledByteBuf.setBytes(PooledByteBuf.java:259)
	at io.netty.buffer.AbstractByteBuf.writeBytes(AbstractByteBuf.java:1132)
	at io.netty.channel.socket.nio.NioSocketChannel.doReadBytes(NioSocketChannel.java:357)
	at io.netty.channel.nio.AbstractNioByteChannel$NioByteUnsafe.read(AbstractNioByteChannel.java:151)
	at io.netty.channel.nio.NioEventLoop.processSelectedKey(NioEventLoop.java:788)
	at io.netty.channel.nio.NioEventLoop.processSelectedKeysOptimized(NioEventLoop.java:724)
	at io.netty.channel.nio.NioEventLoop.processSelectedKeys(NioEventLoop.java:650)
	at io.netty.channel.nio.NioEventLoop.run(NioEventLoop.java:562)
	at io.netty.util.concurrent.SingleThreadEventExecutor$4.run(SingleThreadEventExecutor.java:997)
	at io.netty.util.internal.ThreadExecutorMap$2.run(ThreadExecutorMap.java:74)
	at io.netty.util.concurrent.FastThreadLocalRunnable.run(FastThreadLocalRunnable.java:30)
	at java.base/java.lang.Thread.run(Thread.java:1589)
15:26:35.088 [AsyncHttpClient-1-13] DEBUG org.asynchttpclient.netty.handler.WebSocketHandler - Trying to recover from dead Channel: [id: 0x1e71025f, L:/127.0.0.1:57811 - R:localhost/127.0.0.1:57803]
15:26:35.089 [AsyncHttpClient-1-13] DEBUG org.asynchttpclient.netty.handler.WebSocketHandler - Channel Closed: [id: 0x1e71025f, L:/127.0.0.1:57811 ! R:localhost/127.0.0.1:57803] with attribute NettyResponseFuture{currentRetry=0,
	isDone=1,
	isCancelled=0,
	asyncHandler=org.asynchttpclient.ws.WebSocketUpgradeHandler@4afa2c42,
	nettyRequest=org.asynchttpclient.netty.request.NettyRequest@ff8ab79,
	future=java.util.concurrent.CompletableFuture@5d114663[Completed normally],
	uri=ws://localhost:57803/devtools/browser/33cd07f6-23ba-40eb-9120-927657e5c8cd,
	keepAlive=true,
	redirectCount=0,
	timeoutsHolder=null,
	inAuth=0,
	touch=1683707195088}
15:26:35.089 [AsyncHttpClient-1-13] DEBUG org.asynchttpclient.netty.channel.ChannelManager - Closing Channel [id: 0x1e71025f, L:/127.0.0.1:57811 ! R:localhost/127.0.0.1:57803] 
15:26:35.125 [AsyncHttpClient-1-12] DEBUG org.asynchttpclient.netty.handler.HttpHandler - Unexpected I/O exception on channel [id: 0xaf1bf0a4, L:/127.0.0.1:57810 - R:localhost/127.0.0.1:57803]
java.net.SocketException: Connection reset
	at java.base/sun.nio.ch.SocketChannelImpl.throwConnectionReset(SocketChannelImpl.java:401)
	at java.base/sun.nio.ch.SocketChannelImpl.read(SocketChannelImpl.java:434)
	at io.netty.buffer.PooledByteBuf.setBytes(PooledByteBuf.java:259)
	at io.netty.buffer.AbstractByteBuf.writeBytes(AbstractByteBuf.java:1132)
	at io.netty.channel.socket.nio.NioSocketChannel.doReadBytes(NioSocketChannel.java:357)
	at io.netty.channel.nio.AbstractNioByteChannel$NioByteUnsafe.read(AbstractNioByteChannel.java:151)
	at io.netty.channel.nio.NioEventLoop.processSelectedKey(NioEventLoop.java:788)
	at io.netty.channel.nio.NioEventLoop.processSelectedKeysOptimized(NioEventLoop.java:724)
	at io.netty.channel.nio.NioEventLoop.processSelectedKeys(NioEventLoop.java:650)
	at io.netty.channel.nio.NioEventLoop.run(NioEventLoop.java:562)
	at io.netty.util.concurrent.SingleThreadEventExecutor$4.run(SingleThreadEventExecutor.java:997)
	at io.netty.util.internal.ThreadExecutorMap$2.run(ThreadExecutorMap.java:74)
	at io.netty.util.concurrent.FastThreadLocalRunnable.run(FastThreadLocalRunnable.java:30)
	at java.base/java.lang.Thread.run(Thread.java:1589)
15:26:35.125 [AsyncHttpClient-1-12] DEBUG org.asynchttpclient.netty.channel.ChannelManager - Closing Channel [id: 0xaf1bf0a4, L:/127.0.0.1:57810 - R:localhost/127.0.0.1:57803] 
15:26:35.125 [AsyncHttpClient-1-12] DEBUG org.asynchttpclient.netty.handler.HttpHandler - Channel Closed: [id: 0xaf1bf0a4, L:/127.0.0.1:57810 ! R:localhost/127.0.0.1:57803] with attribute DISCARD
15:26:35.144 [AsyncHttpClient-1-11] DEBUG org.asynchttpclient.netty.handler.HttpHandler - 

Request DefaultFullHttpRequest(decodeResult: success, version: HTTP/1.1, content: EmptyByteBufBE)
DELETE /session/7e07d3a8a24908ef09275506df56abe6 HTTP/1.1
User-Agent: selenium/4.7.1 (java windows)
Content-Type: application/json; charset=utf-8
host: localhost:2318
accept: */*

Response DefaultHttpResponse(decodeResult: success, version: HTTP/1.1)
HTTP/1.1 200 OK
Content-Type: application/json; charset=utf-8
cache-control: no-cache
content-length: 14

15:26:35.144 [AsyncHttpClient-1-11] DEBUG org.asynchttpclient.netty.channel.ChannelManager - Adding key: http://localhost:2318 for channel [id: 0x72d34477, L:/127.0.0.1:57802 - R:localhost/127.0.0.1:2318]
15:26:35.199 [AsyncHttpClient-1-11] DEBUG org.asynchttpclient.netty.handler.HttpHandler - Channel Closed: [id: 0x72d34477, L:/127.0.0.1:57802 ! R:localhost/127.0.0.1:2318] with attribute DISCARD
]]></system-out>
    <system-err><![CDATA[Starting ChromeDriver 113.0.5672.63 (0e1a4471d5ae5bf128b1bd8f4d627c8cbd55f70c-refs/branch-heads/5672@{#912}) on port 2318
Only local connections are allowed.
Please see https://chromedriver.chromium.org/security-considerations for suggestions on keeping ChromeDriver safe.
ChromeDriver was started successfully.
May 10, 2023 3:26:29 PM org.openqa.selenium.devtools.CdpVersionFinder findNearestMatch
WARNING: Unable to find CDP implementation matching 113
May 10, 2023 3:26:29 PM org.openqa.selenium.chromium.ChromiumDriver lambda$new$3
WARNING: Unable to find version of CDP to use for . You may need to include a dependency on a specific version of the CDP using something similar to `org.seleniumhq.selenium:selenium-devtools-v86:4.7.1` where the version ("v86") matches the version of the chromium-based browser you're using and the version number of the artifact is the same as Selenium's.
]]></system-err>
  </testcase>
  <testcase name="user tidak bisa login karena tidak mengisi email" classname="login" time="6.675">
    <system-out><![CDATA[
@Login05-Web-Negative
Scenario: user tidak bisa login karena tidak mengisi email &amp#27;[90m# src/test/resources/features/1. Login.feature:41&amp#27;[0m
15:26:35.261 [main] INFO io.cucumber.core.plugin.SerenityReporter - Running feature from file:///C:/Users/HP/Downloads/Mini-Project-QA/ALTASHOP%20WEB%20AUTOMATION/src/test/resources/features/1.%20Login.feature
15:26:35.277 [main] INFO  - 
  _____   ___   ___   _____     ___   _____     _     ___   _____   ___   ___  
 |_   _| | __| / __| |_   _|   / __| |_   _|   /_\   | _ \ |_   _| | __| |   \ 
   | |   | _|  \__ \   | |     \__ \   | |    / _ \  |   /   | |   | _|  | |) |
   |_|   |___| |___/   |_|     |___/   |_|   /_/ \_\ |_|_\   |_|   |___| |___/ 

user tidak bisa login karena tidak mengisi email(login;user-tidak-bisa-login-karena-tidak-mengisi-email)
--------------------------------------------------------------------------------
15:26:35.292 [main] DEBUG net.thucydides.core.steps.StepInterceptor - STARTING STEP: LoginSteps.userBeradaDiHomepageAlta - diHomepageAltaShop
15:26:35.355 [main] INFO net.serenitybdd.core.webdriver.driverproviders.ChromeDriverProvider - Starting Chrome driver instance with capabilities:
15:26:35.355 [main] INFO net.serenitybdd.core.webdriver.driverproviders.ChromeDriverProvider - Capabilities {acceptInsecureCerts: true, browserName: chrome, goog:chromeOptions: {args: [remote-allow-origins=*, test-type, no-sandbox, ignore-certificate-errors, start-maximized, incognito, disable-infobars, disable-gpu, disable-default-apps, disable-popup-blocking, remote-allow-origins=*, test-type, no-sandbox, ignore-certificate-errors, start-maximized, incognito, disable-infobars, disable-gpu, disable-default-apps, disable-popup-blocking], extensions: []}}
15:26:35.433 [AsyncHttpClient-1-14] DEBUG org.asynchttpclient.netty.channel.NettyConnectListener - Using new Channel '[id: 0x300d8788, L:/127.0.0.1:57831 - R:localhost/127.0.0.1:32390]' for 'POST' to '/session'
15:26:36.046 [AsyncHttpClient-1-1] DEBUG org.asynchttpclient.netty.channel.DefaultChannelPool - Entry count for : http://localhost:57803 : 1
15:26:36.046 [AsyncHttpClient-1-1] DEBUG org.asynchttpclient.netty.channel.DefaultChannelPool - Entry count for : http://localhost:2318 : 1
15:26:36.047 [AsyncHttpClient-1-1] DEBUG org.asynchttpclient.netty.channel.DefaultChannelPool - Adding Candidate expired Channel [id: 0xaf1bf0a4, L:/127.0.0.1:57810 ! R:localhost/127.0.0.1:57803] isIdleTimeoutExpired=false isRemotelyClosed=true isTtlExpired=false
15:26:36.047 [AsyncHttpClient-1-1] DEBUG org.asynchttpclient.netty.channel.DefaultChannelPool - Closing Idle Channel [id: 0xaf1bf0a4, L:/127.0.0.1:57810 ! R:localhost/127.0.0.1:57803]
15:26:36.047 [AsyncHttpClient-1-1] DEBUG org.asynchttpclient.netty.channel.DefaultChannelPool - Adding Candidate expired Channel [id: 0x72d34477, L:/127.0.0.1:57802 ! R:localhost/127.0.0.1:2318] isIdleTimeoutExpired=false isRemotelyClosed=true isTtlExpired=false
15:26:36.047 [AsyncHttpClient-1-1] DEBUG org.asynchttpclient.netty.channel.DefaultChannelPool - Closing Idle Channel [id: 0x72d34477, L:/127.0.0.1:57802 ! R:localhost/127.0.0.1:2318]
15:26:36.048 [AsyncHttpClient-1-1] DEBUG org.asynchttpclient.netty.channel.DefaultChannelPool - Closed 2 connections out of 2 in 1 ms
15:26:36.152 [AsyncHttpClient-1-14] DEBUG org.asynchttpclient.netty.handler.HttpHandler - 

Request DefaultHttpRequest(decodeResult: success, version: HTTP/1.1)
POST /session HTTP/1.1
User-Agent: selenium/4.7.1 (java windows)
Content-Length: 1629
Content-Type: application/json; charset=utf-8
host: localhost:32390
accept: */*

Response DefaultHttpResponse(decodeResult: success, version: HTTP/1.1)
HTTP/1.1 200 OK
Content-Type: application/json; charset=utf-8
cache-control: no-cache
content-length: 854

15:26:36.152 [AsyncHttpClient-1-14] DEBUG org.asynchttpclient.netty.channel.ChannelManager - Adding key: http://localhost:32390 for channel [id: 0x300d8788, L:/127.0.0.1:57831 - R:localhost/127.0.0.1:32390]
15:26:36.168 [AsyncHttpClient-1-15] DEBUG org.asynchttpclient.netty.channel.NettyConnectListener - Using new Channel '[id: 0x2a8b7529, L:/127.0.0.1:57838 - R:localhost/127.0.0.1:57832]' for 'GET' to '/json/version'
15:26:36.175 [AsyncHttpClient-1-15] DEBUG org.asynchttpclient.netty.handler.HttpHandler - 

Request DefaultFullHttpRequest(decodeResult: success, version: HTTP/1.1, content: EmptyByteBufBE)
GET /json/version HTTP/1.1
User-Agent: selenium/4.7.1 (java windows)
host: localhost:57832
accept: */*

Response DefaultHttpResponse(decodeResult: success, version: HTTP/1.1)
HTTP/1.1 200 OK
Content-Security-Policy: frame-ancestors 'none'
Content-Type: application/json; charset=UTF-8
content-length: 422

15:26:36.176 [AsyncHttpClient-1-15] DEBUG org.asynchttpclient.netty.channel.ChannelManager - Adding key: http://localhost:57832 for channel [id: 0x2a8b7529, L:/127.0.0.1:57838 - R:localhost/127.0.0.1:57832]
15:26:36.182 [AsyncHttpClient-1-16] DEBUG org.asynchttpclient.netty.channel.NettyConnectListener - Using new Channel '[id: 0xacf9eb09, L:/127.0.0.1:57839 - R:localhost/127.0.0.1:57832]' for 'GET' to '/devtools/browser/ea680ecf-7a0b-4769-a564-3cd3d793174c'
15:26:36.185 [AsyncHttpClient-1-16] DEBUG org.asynchttpclient.netty.handler.WebSocketHandler - 

Request DefaultFullHttpRequest(decodeResult: success, version: HTTP/1.1, content: EmptyByteBufBE)
GET /devtools/browser/ea680ecf-7a0b-4769-a564-3cd3d793174c HTTP/1.1
upgrade: websocket
connection: upgrade
sec-websocket-key: dTFnGImIqMJKOhE7aObpIw==
sec-websocket-version: 13
origin: http://localhost:57832
host: localhost:57832
accept: */*
user-agent: AHC/2.1

Response DefaultHttpResponse(decodeResult: success, version: HTTP/1.1)
HTTP/1.1 101 WebSocket Protocol Handshake
Upgrade: WebSocket
Connection: Upgrade
Sec-WebSocket-Accept: rNkZilYWYy99oXbsoBkxqC49BKg=

15:26:36.197 [Forwarding get on session 5f980c221c5f9aeb7bd25b7fbfc4d8b8 to remote] DEBUG org.asynchttpclient.netty.request.NettyRequestSender - Using pooled Channel '[id: 0x300d8788, L:/127.0.0.1:57831 - R:localhost/127.0.0.1:32390]' for 'POST' to 'http://localhost:32390/session/5f980c221c5f9aeb7bd25b7fbfc4d8b8/url'
15:26:36.198 [Forwarding get on session 5f980c221c5f9aeb7bd25b7fbfc4d8b8 to remote] DEBUG org.asynchttpclient.netty.request.NettyRequestSender - Using open Channel [id: 0x300d8788, L:/127.0.0.1:57831 - R:localhost/127.0.0.1:32390] for POST '/session/5f980c221c5f9aeb7bd25b7fbfc4d8b8/url'
15:26:37.148 [AsyncHttpClient-1-1] DEBUG org.asynchttpclient.netty.channel.DefaultChannelPool - Entry count for : http://localhost:57832 : 1
15:26:37.664 [AsyncHttpClient-1-14] DEBUG org.asynchttpclient.netty.handler.HttpHandler - 

Request DefaultHttpRequest(decodeResult: success, version: HTTP/1.1)
POST /session/5f980c221c5f9aeb7bd25b7fbfc4d8b8/url HTTP/1.1
User-Agent: selenium/4.7.1 (java windows)
Content-Length: 59
Content-Type: application/json; charset=utf-8
host: localhost:32390
accept: */*

Response DefaultHttpResponse(decodeResult: success, version: HTTP/1.1)
HTTP/1.1 200 OK
Content-Type: application/json; charset=utf-8
cache-control: no-cache
content-length: 14

15:26:37.664 [AsyncHttpClient-1-14] DEBUG org.asynchttpclient.netty.channel.ChannelManager - Adding key: http://localhost:32390 for channel [id: 0x300d8788, L:/127.0.0.1:57831 - R:localhost/127.0.0.1:32390]
15:26:37.666 [Forwarding setTimeout on session 5f980c221c5f9aeb7bd25b7fbfc4d8b8 to remote] DEBUG org.asynchttpclient.netty.request.NettyRequestSender - Using pooled Channel '[id: 0x300d8788, L:/127.0.0.1:57831 - R:localhost/127.0.0.1:32390]' for 'POST' to 'http://localhost:32390/session/5f980c221c5f9aeb7bd25b7fbfc4d8b8/timeouts'
15:26:37.666 [Forwarding setTimeout on session 5f980c221c5f9aeb7bd25b7fbfc4d8b8 to remote] DEBUG org.asynchttpclient.netty.request.NettyRequestSender - Using open Channel [id: 0x300d8788, L:/127.0.0.1:57831 - R:localhost/127.0.0.1:32390] for POST '/session/5f980c221c5f9aeb7bd25b7fbfc4d8b8/timeouts'
15:26:37.667 [AsyncHttpClient-1-14] DEBUG org.asynchttpclient.netty.handler.HttpHandler - 

Request DefaultHttpRequest(decodeResult: success, version: HTTP/1.1)
POST /session/5f980c221c5f9aeb7bd25b7fbfc4d8b8/timeouts HTTP/1.1
User-Agent: selenium/4.7.1 (java windows)
Content-Length: 22
Content-Type: application/json; charset=utf-8
host: localhost:32390
accept: */*

Response DefaultHttpResponse(decodeResult: success, version: HTTP/1.1)
HTTP/1.1 200 OK
Content-Type: application/json; charset=utf-8
cache-control: no-cache
content-length: 14

15:26:37.668 [AsyncHttpClient-1-14] DEBUG org.asynchttpclient.netty.channel.ChannelManager - Adding key: http://localhost:32390 for channel [id: 0x300d8788, L:/127.0.0.1:57831 - R:localhost/127.0.0.1:32390]
15:26:37.670 [Forwarding getCurrentUrl on session 5f980c221c5f9aeb7bd25b7fbfc4d8b8 to remote] DEBUG org.asynchttpclient.netty.request.NettyRequestSender - Using pooled Channel '[id: 0x300d8788, L:/127.0.0.1:57831 - R:localhost/127.0.0.1:32390]' for 'GET' to 'http://localhost:32390/session/5f980c221c5f9aeb7bd25b7fbfc4d8b8/url'
15:26:37.670 [Forwarding getCurrentUrl on session 5f980c221c5f9aeb7bd25b7fbfc4d8b8 to remote] DEBUG org.asynchttpclient.netty.request.NettyRequestSender - Using open Channel [id: 0x300d8788, L:/127.0.0.1:57831 - R:localhost/127.0.0.1:32390] for GET '/session/5f980c221c5f9aeb7bd25b7fbfc4d8b8/url'
15:26:37.679 [AsyncHttpClient-1-14] DEBUG org.asynchttpclient.netty.handler.HttpHandler - 

Request DefaultFullHttpRequest(decodeResult: success, version: HTTP/1.1, content: EmptyByteBufBE)
GET /session/5f980c221c5f9aeb7bd25b7fbfc4d8b8/url HTTP/1.1
User-Agent: selenium/4.7.1 (java windows)
Cache-Control: no-cache
Content-Type: application/json; charset=utf-8
host: localhost:32390
accept: */*

Response DefaultHttpResponse(decodeResult: success, version: HTTP/1.1)
HTTP/1.1 200 OK
Content-Type: application/json; charset=utf-8
cache-control: no-cache
content-length: 41

15:26:37.679 [AsyncHttpClient-1-14] DEBUG org.asynchttpclient.netty.channel.ChannelManager - Adding key: http://localhost:32390 for channel [id: 0x300d8788, L:/127.0.0.1:57831 - R:localhost/127.0.0.1:32390]
15:26:37.683 [Forwarding getCurrentUrl on session 5f980c221c5f9aeb7bd25b7fbfc4d8b8 to remote] DEBUG org.asynchttpclient.netty.request.NettyRequestSender - Using pooled Channel '[id: 0x300d8788, L:/127.0.0.1:57831 - R:localhost/127.0.0.1:32390]' for 'GET' to 'http://localhost:32390/session/5f980c221c5f9aeb7bd25b7fbfc4d8b8/url'
15:26:37.683 [Forwarding getCurrentUrl on session 5f980c221c5f9aeb7bd25b7fbfc4d8b8 to remote] DEBUG org.asynchttpclient.netty.request.NettyRequestSender - Using open Channel [id: 0x300d8788, L:/127.0.0.1:57831 - R:localhost/127.0.0.1:32390] for GET '/session/5f980c221c5f9aeb7bd25b7fbfc4d8b8/url'
15:26:37.687 [AsyncHttpClient-1-14] DEBUG org.asynchttpclient.netty.handler.HttpHandler - 

Request DefaultFullHttpRequest(decodeResult: success, version: HTTP/1.1, content: EmptyByteBufBE)
GET /session/5f980c221c5f9aeb7bd25b7fbfc4d8b8/url HTTP/1.1
User-Agent: selenium/4.7.1 (java windows)
Cache-Control: no-cache
Content-Type: application/json; charset=utf-8
host: localhost:32390
accept: */*

Response DefaultHttpResponse(decodeResult: success, version: HTTP/1.1)
HTTP/1.1 200 OK
Content-Type: application/json; charset=utf-8
cache-control: no-cache
content-length: 41

15:26:37.687 [AsyncHttpClient-1-14] DEBUG org.asynchttpclient.netty.channel.ChannelManager - Adding key: http://localhost:32390 for channel [id: 0x300d8788, L:/127.0.0.1:57831 - R:localhost/127.0.0.1:32390]
15:26:37.692 [Forwarding findElement on session 5f980c221c5f9aeb7bd25b7fbfc4d8b8 to remote] DEBUG org.asynchttpclient.netty.request.NettyRequestSender - Using pooled Channel '[id: 0x300d8788, L:/127.0.0.1:57831 - R:localhost/127.0.0.1:32390]' for 'POST' to 'http://localhost:32390/session/5f980c221c5f9aeb7bd25b7fbfc4d8b8/element'
15:26:37.692 [Forwarding findElement on session 5f980c221c5f9aeb7bd25b7fbfc4d8b8 to remote] DEBUG org.asynchttpclient.netty.request.NettyRequestSender - Using open Channel [id: 0x300d8788, L:/127.0.0.1:57831 - R:localhost/127.0.0.1:32390] for POST '/session/5f980c221c5f9aeb7bd25b7fbfc4d8b8/element'
15:26:37.712 [AsyncHttpClient-1-14] DEBUG org.asynchttpclient.netty.handler.HttpHandler - 

Request DefaultHttpRequest(decodeResult: success, version: HTTP/1.1)
POST /session/5f980c221c5f9aeb7bd25b7fbfc4d8b8/element HTTP/1.1
User-Agent: selenium/4.7.1 (java windows)
Content-Length: 108
Content-Type: application/json; charset=utf-8
host: localhost:32390
accept: */*

Response DefaultHttpResponse(decodeResult: success, version: HTTP/1.1)
HTTP/1.1 200 OK
Content-Type: application/json; charset=utf-8
cache-control: no-cache
content-length: 94

15:26:37.712 [AsyncHttpClient-1-14] DEBUG org.asynchttpclient.netty.channel.ChannelManager - Adding key: http://localhost:32390 for channel [id: 0x300d8788, L:/127.0.0.1:57831 - R:localhost/127.0.0.1:32390]
15:26:37.716 [Forwarding isElementDisplayed on session 5f980c221c5f9aeb7bd25b7fbfc4d8b8 to remote] DEBUG org.asynchttpclient.netty.request.NettyRequestSender - Using pooled Channel '[id: 0x300d8788, L:/127.0.0.1:57831 - R:localhost/127.0.0.1:32390]' for 'POST' to 'http://localhost:32390/session/5f980c221c5f9aeb7bd25b7fbfc4d8b8/execute/sync'
15:26:37.716 [Forwarding isElementDisplayed on session 5f980c221c5f9aeb7bd25b7fbfc4d8b8 to remote] DEBUG org.asynchttpclient.netty.request.NettyRequestSender - Using open Channel [id: 0x300d8788, L:/127.0.0.1:57831 - R:localhost/127.0.0.1:32390] for POST '/session/5f980c221c5f9aeb7bd25b7fbfc4d8b8/execute/sync'
15:26:37.735 [AsyncHttpClient-1-14] DEBUG org.asynchttpclient.netty.handler.HttpHandler - 

Request DefaultHttpRequest(decodeResult: success, version: HTTP/1.1)
POST /session/5f980c221c5f9aeb7bd25b7fbfc4d8b8/execute/sync HTTP/1.1
User-Agent: selenium/4.7.1 (java windows)
Content-Length: 48786
Content-Type: application/json; charset=utf-8
host: localhost:32390
accept: */*

Response DefaultHttpResponse(decodeResult: success, version: HTTP/1.1)
HTTP/1.1 200 OK
Content-Type: application/json; charset=utf-8
cache-control: no-cache
content-length: 14

15:26:37.735 [AsyncHttpClient-1-14] DEBUG org.asynchttpclient.netty.channel.ChannelManager - Adding key: http://localhost:32390 for channel [id: 0x300d8788, L:/127.0.0.1:57831 - R:localhost/127.0.0.1:32390]
15:26:37.739 [Forwarding isElementDisplayed on session 5f980c221c5f9aeb7bd25b7fbfc4d8b8 to remote] DEBUG org.asynchttpclient.netty.request.NettyRequestSender - Using pooled Channel '[id: 0x300d8788, L:/127.0.0.1:57831 - R:localhost/127.0.0.1:32390]' for 'POST' to 'http://localhost:32390/session/5f980c221c5f9aeb7bd25b7fbfc4d8b8/execute/sync'
15:26:37.739 [Forwarding isElementDisplayed on session 5f980c221c5f9aeb7bd25b7fbfc4d8b8 to remote] DEBUG org.asynchttpclient.netty.request.NettyRequestSender - Using open Channel [id: 0x300d8788, L:/127.0.0.1:57831 - R:localhost/127.0.0.1:32390] for POST '/session/5f980c221c5f9aeb7bd25b7fbfc4d8b8/execute/sync'
15:26:37.758 [AsyncHttpClient-1-14] DEBUG org.asynchttpclient.netty.handler.HttpHandler - 

Request DefaultHttpRequest(decodeResult: success, version: HTTP/1.1)
POST /session/5f980c221c5f9aeb7bd25b7fbfc4d8b8/execute/sync HTTP/1.1
User-Agent: selenium/4.7.1 (java windows)
Content-Length: 48786
Content-Type: application/json; charset=utf-8
host: localhost:32390
accept: */*

Response DefaultHttpResponse(decodeResult: success, version: HTTP/1.1)
HTTP/1.1 200 OK
Content-Type: application/json; charset=utf-8
cache-control: no-cache
content-length: 14

15:26:37.758 [AsyncHttpClient-1-14] DEBUG org.asynchttpclient.netty.channel.ChannelManager - Adding key: http://localhost:32390 for channel [id: 0x300d8788, L:/127.0.0.1:57831 - R:localhost/127.0.0.1:32390]
15:26:37.764 [Forwarding getCurrentWindowHandle on session 5f980c221c5f9aeb7bd25b7fbfc4d8b8 to remote] DEBUG org.asynchttpclient.netty.request.NettyRequestSender - Using pooled Channel '[id: 0x300d8788, L:/127.0.0.1:57831 - R:localhost/127.0.0.1:32390]' for 'GET' to 'http://localhost:32390/session/5f980c221c5f9aeb7bd25b7fbfc4d8b8/window'
15:26:37.764 [Forwarding getCurrentWindowHandle on session 5f980c221c5f9aeb7bd25b7fbfc4d8b8 to remote] DEBUG org.asynchttpclient.netty.request.NettyRequestSender - Using open Channel [id: 0x300d8788, L:/127.0.0.1:57831 - R:localhost/127.0.0.1:32390] for GET '/session/5f980c221c5f9aeb7bd25b7fbfc4d8b8/window'
15:26:37.765 [AsyncHttpClient-1-14] DEBUG org.asynchttpclient.netty.handler.HttpHandler - 

Request DefaultFullHttpRequest(decodeResult: success, version: HTTP/1.1, content: EmptyByteBufBE)
GET /session/5f980c221c5f9aeb7bd25b7fbfc4d8b8/window HTTP/1.1
User-Agent: selenium/4.7.1 (java windows)
Cache-Control: no-cache
Content-Type: application/json; charset=utf-8
host: localhost:32390
accept: */*

Response DefaultHttpResponse(decodeResult: success, version: HTTP/1.1)
HTTP/1.1 200 OK
Content-Type: application/json; charset=utf-8
cache-control: no-cache
content-length: 44

15:26:37.765 [AsyncHttpClient-1-14] DEBUG org.asynchttpclient.netty.channel.ChannelManager - Adding key: http://localhost:32390 for channel [id: 0x300d8788, L:/127.0.0.1:57831 - R:localhost/127.0.0.1:32390]
15:26:37.766 [Forwarding getAlertText on session 5f980c221c5f9aeb7bd25b7fbfc4d8b8 to remote] DEBUG org.asynchttpclient.netty.request.NettyRequestSender - Using pooled Channel '[id: 0x300d8788, L:/127.0.0.1:57831 - R:localhost/127.0.0.1:32390]' for 'GET' to 'http://localhost:32390/session/5f980c221c5f9aeb7bd25b7fbfc4d8b8/alert/text'
15:26:37.767 [Forwarding getAlertText on session 5f980c221c5f9aeb7bd25b7fbfc4d8b8 to remote] DEBUG org.asynchttpclient.netty.request.NettyRequestSender - Using open Channel [id: 0x300d8788, L:/127.0.0.1:57831 - R:localhost/127.0.0.1:32390] for GET '/session/5f980c221c5f9aeb7bd25b7fbfc4d8b8/alert/text'
15:26:37.768 [AsyncHttpClient-1-14] DEBUG org.asynchttpclient.netty.handler.HttpHandler - 

Request DefaultFullHttpRequest(decodeResult: success, version: HTTP/1.1, content: EmptyByteBufBE)
GET /session/5f980c221c5f9aeb7bd25b7fbfc4d8b8/alert/text HTTP/1.1
User-Agent: selenium/4.7.1 (java windows)
Cache-Control: no-cache
Content-Type: application/json; charset=utf-8
host: localhost:32390
accept: */*

Response DefaultHttpResponse(decodeResult: success, version: HTTP/1.1)
HTTP/1.1 404 Not Found
Content-Type: application/json; charset=utf-8
cache-control: no-cache
content-length: 820

15:26:37.769 [AsyncHttpClient-1-14] DEBUG org.asynchttpclient.netty.channel.ChannelManager - Adding key: http://localhost:32390 for channel [id: 0x300d8788, L:/127.0.0.1:57831 - R:localhost/127.0.0.1:32390]
15:26:37.771 [Forwarding switchToWindow on session 5f980c221c5f9aeb7bd25b7fbfc4d8b8 to remote] DEBUG org.asynchttpclient.netty.request.NettyRequestSender - Using pooled Channel '[id: 0x300d8788, L:/127.0.0.1:57831 - R:localhost/127.0.0.1:32390]' for 'POST' to 'http://localhost:32390/session/5f980c221c5f9aeb7bd25b7fbfc4d8b8/window'
15:26:37.771 [Forwarding switchToWindow on session 5f980c221c5f9aeb7bd25b7fbfc4d8b8 to remote] DEBUG org.asynchttpclient.netty.request.NettyRequestSender - Using open Channel [id: 0x300d8788, L:/127.0.0.1:57831 - R:localhost/127.0.0.1:32390] for POST '/session/5f980c221c5f9aeb7bd25b7fbfc4d8b8/window'
15:26:37.773 [AsyncHttpClient-1-14] DEBUG org.asynchttpclient.netty.handler.HttpHandler - 

Request DefaultHttpRequest(decodeResult: success, version: HTTP/1.1)
POST /session/5f980c221c5f9aeb7bd25b7fbfc4d8b8/window HTTP/1.1
User-Agent: selenium/4.7.1 (java windows)
Content-Length: 50
Content-Type: application/json; charset=utf-8
host: localhost:32390
accept: */*

Response DefaultHttpResponse(decodeResult: success, version: HTTP/1.1)
HTTP/1.1 200 OK
Content-Type: application/json; charset=utf-8
cache-control: no-cache
content-length: 14

15:26:37.773 [AsyncHttpClient-1-14] DEBUG org.asynchttpclient.netty.channel.ChannelManager - Adding key: http://localhost:32390 for channel [id: 0x300d8788, L:/127.0.0.1:57831 - R:localhost/127.0.0.1:32390]
15:26:37.774 [Forwarding getCurrentUrl on session 5f980c221c5f9aeb7bd25b7fbfc4d8b8 to remote] DEBUG org.asynchttpclient.netty.request.NettyRequestSender - Using pooled Channel '[id: 0x300d8788, L:/127.0.0.1:57831 - R:localhost/127.0.0.1:32390]' for 'GET' to 'http://localhost:32390/session/5f980c221c5f9aeb7bd25b7fbfc4d8b8/url'
15:26:37.775 [Forwarding getCurrentUrl on session 5f980c221c5f9aeb7bd25b7fbfc4d8b8 to remote] DEBUG org.asynchttpclient.netty.request.NettyRequestSender - Using open Channel [id: 0x300d8788, L:/127.0.0.1:57831 - R:localhost/127.0.0.1:32390] for GET '/session/5f980c221c5f9aeb7bd25b7fbfc4d8b8/url'
15:26:37.782 [AsyncHttpClient-1-14] DEBUG org.asynchttpclient.netty.handler.HttpHandler - 

Request DefaultFullHttpRequest(decodeResult: success, version: HTTP/1.1, content: EmptyByteBufBE)
GET /session/5f980c221c5f9aeb7bd25b7fbfc4d8b8/url HTTP/1.1
User-Agent: selenium/4.7.1 (java windows)
Cache-Control: no-cache
Content-Type: application/json; charset=utf-8
host: localhost:32390
accept: */*

Response DefaultHttpResponse(decodeResult: success, version: HTTP/1.1)
HTTP/1.1 200 OK
Content-Type: application/json; charset=utf-8
cache-control: no-cache
content-length: 41

15:26:37.782 [AsyncHttpClient-1-14] DEBUG org.asynchttpclient.netty.channel.ChannelManager - Adding key: http://localhost:32390 for channel [id: 0x300d8788, L:/127.0.0.1:57831 - R:localhost/127.0.0.1:32390]
15:26:37.783 [Forwarding screenshot on session 5f980c221c5f9aeb7bd25b7fbfc4d8b8 to remote] DEBUG org.asynchttpclient.netty.request.NettyRequestSender - Using pooled Channel '[id: 0x300d8788, L:/127.0.0.1:57831 - R:localhost/127.0.0.1:32390]' for 'GET' to 'http://localhost:32390/session/5f980c221c5f9aeb7bd25b7fbfc4d8b8/screenshot'
15:26:37.783 [Forwarding screenshot on session 5f980c221c5f9aeb7bd25b7fbfc4d8b8 to remote] DEBUG org.asynchttpclient.netty.request.NettyRequestSender - Using open Channel [id: 0x300d8788, L:/127.0.0.1:57831 - R:localhost/127.0.0.1:32390] for GET '/session/5f980c221c5f9aeb7bd25b7fbfc4d8b8/screenshot'
15:26:37.898 [AsyncHttpClient-1-14] DEBUG org.asynchttpclient.netty.handler.HttpHandler - 

Request DefaultFullHttpRequest(decodeResult: success, version: HTTP/1.1, content: EmptyByteBufBE)
GET /session/5f980c221c5f9aeb7bd25b7fbfc4d8b8/screenshot HTTP/1.1
User-Agent: selenium/4.7.1 (java windows)
Cache-Control: no-cache
Content-Type: application/json; charset=utf-8
host: localhost:32390
accept: */*

Response DefaultHttpResponse(decodeResult: success, version: HTTP/1.1)
HTTP/1.1 200 OK
Content-Type: application/json; charset=utf-8
cache-control: no-cache
content-length: 38140

15:26:37.898 [AsyncHttpClient-1-14] DEBUG org.asynchttpclient.netty.channel.ChannelManager - Adding key: http://localhost:32390 for channel [id: 0x300d8788, L:/127.0.0.1:57831 - R:localhost/127.0.0.1:32390]
15:26:37.900 [main] DEBUG net.serenitybdd.core.photography.Darkroom - Send negative for processing for target\site\serenity\3d426a17a367abeb145be67fb031b15a69d5f4aaefa8d345bb9825b369d2b32b.png
15:26:37.900 [main] DEBUG net.thucydides.core.steps.StepInterceptor - STEP DONE: diHomepageAltaShop
  &amp#27;[32mGiven &amp#27;[0m&amp#27;[32muser berada di Homepage AltaShop&amp#27;[0m                   &amp#27;[90m# starter.stepdefinitions.LoginSteps.userBeradaDiHomepageAlta()&amp#27;[0m
15:26:37.900 [Darkroom Processing Line] DEBUG net.serenitybdd.core.photography.DarkroomProcessingLine - Processing screenshot image in /var/screenshots/screenshot-3330727095064635656
15:26:37.901 [Darkroom Processing Line] DEBUG net.serenitybdd.core.photography.DarkroomProcessingLine - Saving screenshot to target\site\serenity\3d426a17a367abeb145be67fb031b15a69d5f4aaefa8d345bb9825b369d2b32b.png
15:26:37.915 [main] DEBUG net.thucydides.core.steps.StepInterceptor - STARTING STEP: LoginSteps.userKlikButtonLogin - klikButtonLogin
15:26:37.917 [Forwarding findElement on session 5f980c221c5f9aeb7bd25b7fbfc4d8b8 to remote] DEBUG org.asynchttpclient.netty.request.NettyRequestSender - Using pooled Channel '[id: 0x300d8788, L:/127.0.0.1:57831 - R:localhost/127.0.0.1:32390]' for 'POST' to 'http://localhost:32390/session/5f980c221c5f9aeb7bd25b7fbfc4d8b8/element'
15:26:37.917 [Forwarding findElement on session 5f980c221c5f9aeb7bd25b7fbfc4d8b8 to remote] DEBUG org.asynchttpclient.netty.request.NettyRequestSender - Using open Channel [id: 0x300d8788, L:/127.0.0.1:57831 - R:localhost/127.0.0.1:32390] for POST '/session/5f980c221c5f9aeb7bd25b7fbfc4d8b8/element'
15:26:37.930 [AsyncHttpClient-1-14] DEBUG org.asynchttpclient.netty.handler.HttpHandler - 

Request DefaultHttpRequest(decodeResult: success, version: HTTP/1.1)
POST /session/5f980c221c5f9aeb7bd25b7fbfc4d8b8/element HTTP/1.1
User-Agent: selenium/4.7.1 (java windows)
Content-Length: 108
Content-Type: application/json; charset=utf-8
host: localhost:32390
accept: */*

Response DefaultHttpResponse(decodeResult: success, version: HTTP/1.1)
HTTP/1.1 200 OK
Content-Type: application/json; charset=utf-8
cache-control: no-cache
content-length: 94

15:26:37.930 [AsyncHttpClient-1-14] DEBUG org.asynchttpclient.netty.channel.ChannelManager - Adding key: http://localhost:32390 for channel [id: 0x300d8788, L:/127.0.0.1:57831 - R:localhost/127.0.0.1:32390]
15:26:37.931 [Forwarding getElementTagName on session 5f980c221c5f9aeb7bd25b7fbfc4d8b8 to remote] DEBUG org.asynchttpclient.netty.request.NettyRequestSender - Using pooled Channel '[id: 0x300d8788, L:/127.0.0.1:57831 - R:localhost/127.0.0.1:32390]' for 'GET' to 'http://localhost:32390/session/5f980c221c5f9aeb7bd25b7fbfc4d8b8/element/4362722325EECDDAB2735B0C4387D35C_element_5/name'
15:26:37.931 [Forwarding getElementTagName on session 5f980c221c5f9aeb7bd25b7fbfc4d8b8 to remote] DEBUG org.asynchttpclient.netty.request.NettyRequestSender - Using open Channel [id: 0x300d8788, L:/127.0.0.1:57831 - R:localhost/127.0.0.1:32390] for GET '/session/5f980c221c5f9aeb7bd25b7fbfc4d8b8/element/4362722325EECDDAB2735B0C4387D35C_element_5/name'
15:26:37.938 [AsyncHttpClient-1-14] DEBUG org.asynchttpclient.netty.handler.HttpHandler - 

Request DefaultFullHttpRequest(decodeResult: success, version: HTTP/1.1, content: EmptyByteBufBE)
GET /session/5f980c221c5f9aeb7bd25b7fbfc4d8b8/element/4362722325EECDDAB2735B0C4387D35C_element_5/name HTTP/1.1
User-Agent: selenium/4.7.1 (java windows)
Cache-Control: no-cache
Content-Type: application/json; charset=utf-8
host: localhost:32390
accept: */*

Response DefaultHttpResponse(decodeResult: success, version: HTTP/1.1)
HTTP/1.1 200 OK
Content-Type: application/json; charset=utf-8
cache-control: no-cache
content-length: 18

15:26:37.938 [AsyncHttpClient-1-14] DEBUG org.asynchttpclient.netty.channel.ChannelManager - Adding key: http://localhost:32390 for channel [id: 0x300d8788, L:/127.0.0.1:57831 - R:localhost/127.0.0.1:32390]
15:26:37.940 [Forwarding getElementTagName on session 5f980c221c5f9aeb7bd25b7fbfc4d8b8 to remote] DEBUG org.asynchttpclient.netty.request.NettyRequestSender - Using pooled Channel '[id: 0x300d8788, L:/127.0.0.1:57831 - R:localhost/127.0.0.1:32390]' for 'GET' to 'http://localhost:32390/session/5f980c221c5f9aeb7bd25b7fbfc4d8b8/element/4362722325EECDDAB2735B0C4387D35C_element_5/name'
15:26:37.940 [Forwarding getElementTagName on session 5f980c221c5f9aeb7bd25b7fbfc4d8b8 to remote] DEBUG org.asynchttpclient.netty.request.NettyRequestSender - Using open Channel [id: 0x300d8788, L:/127.0.0.1:57831 - R:localhost/127.0.0.1:32390] for GET '/session/5f980c221c5f9aeb7bd25b7fbfc4d8b8/element/4362722325EECDDAB2735B0C4387D35C_element_5/name'
15:26:38.248 [AsyncHttpClient-1-1] DEBUG org.asynchttpclient.netty.channel.DefaultChannelPool - Entry count for : http://localhost:57832 : 1
15:26:39.347 [AsyncHttpClient-1-1] DEBUG org.asynchttpclient.netty.channel.DefaultChannelPool - Entry count for : http://localhost:57832 : 1
15:26:40.331 [AsyncHttpClient-1-14] DEBUG org.asynchttpclient.netty.handler.HttpHandler - 

Request DefaultFullHttpRequest(decodeResult: success, version: HTTP/1.1, content: EmptyByteBufBE)
GET /session/5f980c221c5f9aeb7bd25b7fbfc4d8b8/element/4362722325EECDDAB2735B0C4387D35C_element_5/name HTTP/1.1
User-Agent: selenium/4.7.1 (java windows)
Cache-Control: no-cache
Content-Type: application/json; charset=utf-8
host: localhost:32390
accept: */*

Response DefaultHttpResponse(decodeResult: success, version: HTTP/1.1)
HTTP/1.1 200 OK
Content-Type: application/json; charset=utf-8
cache-control: no-cache
content-length: 18

15:26:40.332 [AsyncHttpClient-1-14] DEBUG org.asynchttpclient.netty.channel.ChannelManager - Adding key: http://localhost:32390 for channel [id: 0x300d8788, L:/127.0.0.1:57831 - R:localhost/127.0.0.1:32390]
15:26:40.334 [Forwarding isElementEnabled on session 5f980c221c5f9aeb7bd25b7fbfc4d8b8 to remote] DEBUG org.asynchttpclient.netty.request.NettyRequestSender - Using pooled Channel '[id: 0x300d8788, L:/127.0.0.1:57831 - R:localhost/127.0.0.1:32390]' for 'GET' to 'http://localhost:32390/session/5f980c221c5f9aeb7bd25b7fbfc4d8b8/element/4362722325EECDDAB2735B0C4387D35C_element_5/enabled'
15:26:40.334 [Forwarding isElementEnabled on session 5f980c221c5f9aeb7bd25b7fbfc4d8b8 to remote] DEBUG org.asynchttpclient.netty.request.NettyRequestSender - Using open Channel [id: 0x300d8788, L:/127.0.0.1:57831 - R:localhost/127.0.0.1:32390] for GET '/session/5f980c221c5f9aeb7bd25b7fbfc4d8b8/element/4362722325EECDDAB2735B0C4387D35C_element_5/enabled'
15:26:40.354 [AsyncHttpClient-1-14] DEBUG org.asynchttpclient.netty.handler.HttpHandler - 

Request DefaultFullHttpRequest(decodeResult: success, version: HTTP/1.1, content: EmptyByteBufBE)
GET /session/5f980c221c5f9aeb7bd25b7fbfc4d8b8/element/4362722325EECDDAB2735B0C4387D35C_element_5/enabled HTTP/1.1
User-Agent: selenium/4.7.1 (java windows)
Cache-Control: no-cache
Content-Type: application/json; charset=utf-8
host: localhost:32390
accept: */*

Response DefaultHttpResponse(decodeResult: success, version: HTTP/1.1)
HTTP/1.1 200 OK
Content-Type: application/json; charset=utf-8
cache-control: no-cache
content-length: 14

15:26:40.354 [AsyncHttpClient-1-14] DEBUG org.asynchttpclient.netty.channel.ChannelManager - Adding key: http://localhost:32390 for channel [id: 0x300d8788, L:/127.0.0.1:57831 - R:localhost/127.0.0.1:32390]
15:26:40.357 [Forwarding isElementEnabled on session 5f980c221c5f9aeb7bd25b7fbfc4d8b8 to remote] DEBUG org.asynchttpclient.netty.request.NettyRequestSender - Using pooled Channel '[id: 0x300d8788, L:/127.0.0.1:57831 - R:localhost/127.0.0.1:32390]' for 'GET' to 'http://localhost:32390/session/5f980c221c5f9aeb7bd25b7fbfc4d8b8/element/4362722325EECDDAB2735B0C4387D35C_element_5/enabled'
15:26:40.357 [Forwarding isElementEnabled on session 5f980c221c5f9aeb7bd25b7fbfc4d8b8 to remote] DEBUG org.asynchttpclient.netty.request.NettyRequestSender - Using open Channel [id: 0x300d8788, L:/127.0.0.1:57831 - R:localhost/127.0.0.1:32390] for GET '/session/5f980c221c5f9aeb7bd25b7fbfc4d8b8/element/4362722325EECDDAB2735B0C4387D35C_element_5/enabled'
15:26:40.366 [AsyncHttpClient-1-14] DEBUG org.asynchttpclient.netty.handler.HttpHandler - 

Request DefaultFullHttpRequest(decodeResult: success, version: HTTP/1.1, content: EmptyByteBufBE)
GET /session/5f980c221c5f9aeb7bd25b7fbfc4d8b8/element/4362722325EECDDAB2735B0C4387D35C_element_5/enabled HTTP/1.1
User-Agent: selenium/4.7.1 (java windows)
Cache-Control: no-cache
Content-Type: application/json; charset=utf-8
host: localhost:32390
accept: */*

Response DefaultHttpResponse(decodeResult: success, version: HTTP/1.1)
HTTP/1.1 200 OK
Content-Type: application/json; charset=utf-8
cache-control: no-cache
content-length: 14

15:26:40.366 [AsyncHttpClient-1-14] DEBUG org.asynchttpclient.netty.channel.ChannelManager - Adding key: http://localhost:32390 for channel [id: 0x300d8788, L:/127.0.0.1:57831 - R:localhost/127.0.0.1:32390]
15:26:40.369 [Forwarding findElement on session 5f980c221c5f9aeb7bd25b7fbfc4d8b8 to remote] DEBUG org.asynchttpclient.netty.request.NettyRequestSender - Using pooled Channel '[id: 0x300d8788, L:/127.0.0.1:57831 - R:localhost/127.0.0.1:32390]' for 'POST' to 'http://localhost:32390/session/5f980c221c5f9aeb7bd25b7fbfc4d8b8/element'
15:26:40.369 [Forwarding findElement on session 5f980c221c5f9aeb7bd25b7fbfc4d8b8 to remote] DEBUG org.asynchttpclient.netty.request.NettyRequestSender - Using open Channel [id: 0x300d8788, L:/127.0.0.1:57831 - R:localhost/127.0.0.1:32390] for POST '/session/5f980c221c5f9aeb7bd25b7fbfc4d8b8/element'
15:26:40.386 [AsyncHttpClient-1-14] DEBUG org.asynchttpclient.netty.handler.HttpHandler - 

Request DefaultHttpRequest(decodeResult: success, version: HTTP/1.1)
POST /session/5f980c221c5f9aeb7bd25b7fbfc4d8b8/element HTTP/1.1
User-Agent: selenium/4.7.1 (java windows)
Content-Length: 108
Content-Type: application/json; charset=utf-8
host: localhost:32390
accept: */*

Response DefaultHttpResponse(decodeResult: success, version: HTTP/1.1)
HTTP/1.1 200 OK
Content-Type: application/json; charset=utf-8
cache-control: no-cache
content-length: 94

15:26:40.386 [AsyncHttpClient-1-14] DEBUG org.asynchttpclient.netty.channel.ChannelManager - Adding key: http://localhost:32390 for channel [id: 0x300d8788, L:/127.0.0.1:57831 - R:localhost/127.0.0.1:32390]
15:26:40.386 [Forwarding clickElement on session 5f980c221c5f9aeb7bd25b7fbfc4d8b8 to remote] DEBUG org.asynchttpclient.netty.request.NettyRequestSender - Using pooled Channel '[id: 0x300d8788, L:/127.0.0.1:57831 - R:localhost/127.0.0.1:32390]' for 'POST' to 'http://localhost:32390/session/5f980c221c5f9aeb7bd25b7fbfc4d8b8/element/4362722325EECDDAB2735B0C4387D35C_element_5/click'
15:26:40.386 [Forwarding clickElement on session 5f980c221c5f9aeb7bd25b7fbfc4d8b8 to remote] DEBUG org.asynchttpclient.netty.request.NettyRequestSender - Using open Channel [id: 0x300d8788, L:/127.0.0.1:57831 - R:localhost/127.0.0.1:32390] for POST '/session/5f980c221c5f9aeb7bd25b7fbfc4d8b8/element/4362722325EECDDAB2735B0C4387D35C_element_5/click'
15:26:40.448 [AsyncHttpClient-1-1] DEBUG org.asynchttpclient.netty.channel.DefaultChannelPool - Entry count for : http://localhost:57832 : 1
15:26:40.463 [AsyncHttpClient-1-14] DEBUG org.asynchttpclient.netty.handler.HttpHandler - 

Request DefaultHttpRequest(decodeResult: success, version: HTTP/1.1)
POST /session/5f980c221c5f9aeb7bd25b7fbfc4d8b8/element/4362722325EECDDAB2735B0C4387D35C_element_5/click HTTP/1.1
User-Agent: selenium/4.7.1 (java windows)
Content-Length: 56
Content-Type: application/json; charset=utf-8
host: localhost:32390
accept: */*

Response DefaultHttpResponse(decodeResult: success, version: HTTP/1.1)
HTTP/1.1 200 OK
Content-Type: application/json; charset=utf-8
cache-control: no-cache
content-length: 14

15:26:40.464 [AsyncHttpClient-1-14] DEBUG org.asynchttpclient.netty.channel.ChannelManager - Adding key: http://localhost:32390 for channel [id: 0x300d8788, L:/127.0.0.1:57831 - R:localhost/127.0.0.1:32390]
15:26:40.472 [Forwarding getCurrentWindowHandle on session 5f980c221c5f9aeb7bd25b7fbfc4d8b8 to remote] DEBUG org.asynchttpclient.netty.request.NettyRequestSender - Using pooled Channel '[id: 0x300d8788, L:/127.0.0.1:57831 - R:localhost/127.0.0.1:32390]' for 'GET' to 'http://localhost:32390/session/5f980c221c5f9aeb7bd25b7fbfc4d8b8/window'
15:26:40.472 [Forwarding getCurrentWindowHandle on session 5f980c221c5f9aeb7bd25b7fbfc4d8b8 to remote] DEBUG org.asynchttpclient.netty.request.NettyRequestSender - Using open Channel [id: 0x300d8788, L:/127.0.0.1:57831 - R:localhost/127.0.0.1:32390] for GET '/session/5f980c221c5f9aeb7bd25b7fbfc4d8b8/window'
15:26:40.473 [AsyncHttpClient-1-14] DEBUG org.asynchttpclient.netty.handler.HttpHandler - 

Request DefaultFullHttpRequest(decodeResult: success, version: HTTP/1.1, content: EmptyByteBufBE)
GET /session/5f980c221c5f9aeb7bd25b7fbfc4d8b8/window HTTP/1.1
User-Agent: selenium/4.7.1 (java windows)
Cache-Control: no-cache
Content-Type: application/json; charset=utf-8
host: localhost:32390
accept: */*

Response DefaultHttpResponse(decodeResult: success, version: HTTP/1.1)
HTTP/1.1 200 OK
Content-Type: application/json; charset=utf-8
cache-control: no-cache
content-length: 44

15:26:40.473 [AsyncHttpClient-1-14] DEBUG org.asynchttpclient.netty.channel.ChannelManager - Adding key: http://localhost:32390 for channel [id: 0x300d8788, L:/127.0.0.1:57831 - R:localhost/127.0.0.1:32390]
15:26:40.475 [Forwarding getAlertText on session 5f980c221c5f9aeb7bd25b7fbfc4d8b8 to remote] DEBUG org.asynchttpclient.netty.request.NettyRequestSender - Using pooled Channel '[id: 0x300d8788, L:/127.0.0.1:57831 - R:localhost/127.0.0.1:32390]' for 'GET' to 'http://localhost:32390/session/5f980c221c5f9aeb7bd25b7fbfc4d8b8/alert/text'
15:26:40.475 [Forwarding getAlertText on session 5f980c221c5f9aeb7bd25b7fbfc4d8b8 to remote] DEBUG org.asynchttpclient.netty.request.NettyRequestSender - Using open Channel [id: 0x300d8788, L:/127.0.0.1:57831 - R:localhost/127.0.0.1:32390] for GET '/session/5f980c221c5f9aeb7bd25b7fbfc4d8b8/alert/text'
15:26:40.720 [AsyncHttpClient-1-14] DEBUG org.asynchttpclient.netty.handler.HttpHandler - 

Request DefaultFullHttpRequest(decodeResult: success, version: HTTP/1.1, content: EmptyByteBufBE)
GET /session/5f980c221c5f9aeb7bd25b7fbfc4d8b8/alert/text HTTP/1.1
User-Agent: selenium/4.7.1 (java windows)
Cache-Control: no-cache
Content-Type: application/json; charset=utf-8
host: localhost:32390
accept: */*

Response DefaultHttpResponse(decodeResult: success, version: HTTP/1.1)
HTTP/1.1 404 Not Found
Content-Type: application/json; charset=utf-8
cache-control: no-cache
content-length: 820

15:26:40.720 [AsyncHttpClient-1-14] DEBUG org.asynchttpclient.netty.channel.ChannelManager - Adding key: http://localhost:32390 for channel [id: 0x300d8788, L:/127.0.0.1:57831 - R:localhost/127.0.0.1:32390]
15:26:40.723 [Forwarding switchToWindow on session 5f980c221c5f9aeb7bd25b7fbfc4d8b8 to remote] DEBUG org.asynchttpclient.netty.request.NettyRequestSender - Using pooled Channel '[id: 0x300d8788, L:/127.0.0.1:57831 - R:localhost/127.0.0.1:32390]' for 'POST' to 'http://localhost:32390/session/5f980c221c5f9aeb7bd25b7fbfc4d8b8/window'
15:26:40.723 [Forwarding switchToWindow on session 5f980c221c5f9aeb7bd25b7fbfc4d8b8 to remote] DEBUG org.asynchttpclient.netty.request.NettyRequestSender - Using open Channel [id: 0x300d8788, L:/127.0.0.1:57831 - R:localhost/127.0.0.1:32390] for POST '/session/5f980c221c5f9aeb7bd25b7fbfc4d8b8/window'
15:26:40.726 [AsyncHttpClient-1-14] DEBUG org.asynchttpclient.netty.handler.HttpHandler - 

Request DefaultHttpRequest(decodeResult: success, version: HTTP/1.1)
POST /session/5f980c221c5f9aeb7bd25b7fbfc4d8b8/window HTTP/1.1
User-Agent: selenium/4.7.1 (java windows)
Content-Length: 50
Content-Type: application/json; charset=utf-8
host: localhost:32390
accept: */*

Response DefaultHttpResponse(decodeResult: success, version: HTTP/1.1)
HTTP/1.1 200 OK
Content-Type: application/json; charset=utf-8
cache-control: no-cache
content-length: 14

15:26:40.726 [AsyncHttpClient-1-14] DEBUG org.asynchttpclient.netty.channel.ChannelManager - Adding key: http://localhost:32390 for channel [id: 0x300d8788, L:/127.0.0.1:57831 - R:localhost/127.0.0.1:32390]
15:26:40.727 [Forwarding getCurrentUrl on session 5f980c221c5f9aeb7bd25b7fbfc4d8b8 to remote] DEBUG org.asynchttpclient.netty.request.NettyRequestSender - Using pooled Channel '[id: 0x300d8788, L:/127.0.0.1:57831 - R:localhost/127.0.0.1:32390]' for 'GET' to 'http://localhost:32390/session/5f980c221c5f9aeb7bd25b7fbfc4d8b8/url'
15:26:40.727 [Forwarding getCurrentUrl on session 5f980c221c5f9aeb7bd25b7fbfc4d8b8 to remote] DEBUG org.asynchttpclient.netty.request.NettyRequestSender - Using open Channel [id: 0x300d8788, L:/127.0.0.1:57831 - R:localhost/127.0.0.1:32390] for GET '/session/5f980c221c5f9aeb7bd25b7fbfc4d8b8/url'
15:26:40.735 [AsyncHttpClient-1-14] DEBUG org.asynchttpclient.netty.handler.HttpHandler - 

Request DefaultFullHttpRequest(decodeResult: success, version: HTTP/1.1, content: EmptyByteBufBE)
GET /session/5f980c221c5f9aeb7bd25b7fbfc4d8b8/url HTTP/1.1
User-Agent: selenium/4.7.1 (java windows)
Cache-Control: no-cache
Content-Type: application/json; charset=utf-8
host: localhost:32390
accept: */*

Response DefaultHttpResponse(decodeResult: success, version: HTTP/1.1)
HTTP/1.1 200 OK
Content-Type: application/json; charset=utf-8
cache-control: no-cache
content-length: 51

15:26:40.735 [AsyncHttpClient-1-14] DEBUG org.asynchttpclient.netty.channel.ChannelManager - Adding key: http://localhost:32390 for channel [id: 0x300d8788, L:/127.0.0.1:57831 - R:localhost/127.0.0.1:32390]
15:26:40.736 [Forwarding screenshot on session 5f980c221c5f9aeb7bd25b7fbfc4d8b8 to remote] DEBUG org.asynchttpclient.netty.request.NettyRequestSender - Using pooled Channel '[id: 0x300d8788, L:/127.0.0.1:57831 - R:localhost/127.0.0.1:32390]' for 'GET' to 'http://localhost:32390/session/5f980c221c5f9aeb7bd25b7fbfc4d8b8/screenshot'
15:26:40.736 [Forwarding screenshot on session 5f980c221c5f9aeb7bd25b7fbfc4d8b8 to remote] DEBUG org.asynchttpclient.netty.request.NettyRequestSender - Using open Channel [id: 0x300d8788, L:/127.0.0.1:57831 - R:localhost/127.0.0.1:32390] for GET '/session/5f980c221c5f9aeb7bd25b7fbfc4d8b8/screenshot'
15:26:40.824 [AsyncHttpClient-1-14] DEBUG org.asynchttpclient.netty.handler.HttpHandler - 

Request DefaultFullHttpRequest(decodeResult: success, version: HTTP/1.1, content: EmptyByteBufBE)
GET /session/5f980c221c5f9aeb7bd25b7fbfc4d8b8/screenshot HTTP/1.1
User-Agent: selenium/4.7.1 (java windows)
Cache-Control: no-cache
Content-Type: application/json; charset=utf-8
host: localhost:32390
accept: */*

Response DefaultHttpResponse(decodeResult: success, version: HTTP/1.1)
HTTP/1.1 200 OK
Content-Type: application/json; charset=utf-8
cache-control: no-cache
content-length: 26172

15:26:40.825 [AsyncHttpClient-1-14] DEBUG org.asynchttpclient.netty.channel.ChannelManager - Adding key: http://localhost:32390 for channel [id: 0x300d8788, L:/127.0.0.1:57831 - R:localhost/127.0.0.1:32390]
15:26:40.826 [main] DEBUG net.serenitybdd.core.photography.Darkroom - Send negative for processing for target\site\serenity\f035198f28bcaf95684f4b1a3b9e5d031fc0873bb044f55c4913aef571773aa0.png
15:26:40.827 [main] DEBUG net.thucydides.core.steps.StepInterceptor - STEP DONE: klikButtonLogin
  &amp#27;[32mWhen &amp#27;[0m&amp#27;[32muser klik button login&amp#27;[0m                              &amp#27;[90m# starter.stepdefinitions.LoginSteps.userKlikButtonLogin()&amp#27;[0m
15:26:40.837 [main] DEBUG net.thucydides.core.steps.StepInterceptor - STARTING STEP: LoginSteps.userNotInputEmail - inputEmail
15:26:40.839 [Forwarding findElement on session 5f980c221c5f9aeb7bd25b7fbfc4d8b8 to remote] DEBUG org.asynchttpclient.netty.request.NettyRequestSender - Using pooled Channel '[id: 0x300d8788, L:/127.0.0.1:57831 - R:localhost/127.0.0.1:32390]' for 'POST' to 'http://localhost:32390/session/5f980c221c5f9aeb7bd25b7fbfc4d8b8/element'
15:26:40.839 [Forwarding findElement on session 5f980c221c5f9aeb7bd25b7fbfc4d8b8 to remote] DEBUG org.asynchttpclient.netty.request.NettyRequestSender - Using open Channel [id: 0x300d8788, L:/127.0.0.1:57831 - R:localhost/127.0.0.1:32390] for POST '/session/5f980c221c5f9aeb7bd25b7fbfc4d8b8/element'
15:26:40.854 [AsyncHttpClient-1-14] DEBUG org.asynchttpclient.netty.handler.HttpHandler - 

Request DefaultHttpRequest(decodeResult: success, version: HTTP/1.1)
POST /session/5f980c221c5f9aeb7bd25b7fbfc4d8b8/element HTTP/1.1
User-Agent: selenium/4.7.1 (java windows)
Content-Length: 187
Content-Type: application/json; charset=utf-8
host: localhost:32390
accept: */*

Response DefaultHttpResponse(decodeResult: success, version: HTTP/1.1)
HTTP/1.1 200 OK
Content-Type: application/json; charset=utf-8
cache-control: no-cache
content-length: 94

15:26:40.854 [AsyncHttpClient-1-14] DEBUG org.asynchttpclient.netty.channel.ChannelManager - Adding key: http://localhost:32390 for channel [id: 0x300d8788, L:/127.0.0.1:57831 - R:localhost/127.0.0.1:32390]
15:26:40.856 [Forwarding clearElement on session 5f980c221c5f9aeb7bd25b7fbfc4d8b8 to remote] DEBUG org.asynchttpclient.netty.request.NettyRequestSender - Using pooled Channel '[id: 0x300d8788, L:/127.0.0.1:57831 - R:localhost/127.0.0.1:32390]' for 'POST' to 'http://localhost:32390/session/5f980c221c5f9aeb7bd25b7fbfc4d8b8/element/4362722325EECDDAB2735B0C4387D35C_element_8/clear'
15:26:40.856 [Forwarding clearElement on session 5f980c221c5f9aeb7bd25b7fbfc4d8b8 to remote] DEBUG org.asynchttpclient.netty.request.NettyRequestSender - Using open Channel [id: 0x300d8788, L:/127.0.0.1:57831 - R:localhost/127.0.0.1:32390] for POST '/session/5f980c221c5f9aeb7bd25b7fbfc4d8b8/element/4362722325EECDDAB2735B0C4387D35C_element_8/clear'
15:26:40.894 [AsyncHttpClient-1-14] DEBUG org.asynchttpclient.netty.handler.HttpHandler - 

Request DefaultHttpRequest(decodeResult: success, version: HTTP/1.1)
POST /session/5f980c221c5f9aeb7bd25b7fbfc4d8b8/element/4362722325EECDDAB2735B0C4387D35C_element_8/clear HTTP/1.1
User-Agent: selenium/4.7.1 (java windows)
Content-Length: 56
Content-Type: application/json; charset=utf-8
host: localhost:32390
accept: */*

Response DefaultHttpResponse(decodeResult: success, version: HTTP/1.1)
HTTP/1.1 200 OK
Content-Type: application/json; charset=utf-8
cache-control: no-cache
content-length: 14

15:26:40.894 [AsyncHttpClient-1-14] DEBUG org.asynchttpclient.netty.channel.ChannelManager - Adding key: http://localhost:32390 for channel [id: 0x300d8788, L:/127.0.0.1:57831 - R:localhost/127.0.0.1:32390]
15:26:40.897 [Forwarding sendKeysToElement on session 5f980c221c5f9aeb7bd25b7fbfc4d8b8 to remote] DEBUG org.asynchttpclient.netty.request.NettyRequestSender - Using pooled Channel '[id: 0x300d8788, L:/127.0.0.1:57831 - R:localhost/127.0.0.1:32390]' for 'POST' to 'http://localhost:32390/session/5f980c221c5f9aeb7bd25b7fbfc4d8b8/element/4362722325EECDDAB2735B0C4387D35C_element_8/value'
15:26:40.897 [Forwarding sendKeysToElement on session 5f980c221c5f9aeb7bd25b7fbfc4d8b8 to remote] DEBUG org.asynchttpclient.netty.request.NettyRequestSender - Using open Channel [id: 0x300d8788, L:/127.0.0.1:57831 - R:localhost/127.0.0.1:32390] for POST '/session/5f980c221c5f9aeb7bd25b7fbfc4d8b8/element/4362722325EECDDAB2735B0C4387D35C_element_8/value'
15:26:40.956 [AsyncHttpClient-1-14] DEBUG org.asynchttpclient.netty.handler.HttpHandler - 

Request DefaultHttpRequest(decodeResult: success, version: HTTP/1.1)
POST /session/5f980c221c5f9aeb7bd25b7fbfc4d8b8/element/4362722325EECDDAB2735B0C4387D35C_element_8/value HTTP/1.1
User-Agent: selenium/4.7.1 (java windows)
Content-Length: 88
Content-Type: application/json; charset=utf-8
host: localhost:32390
accept: */*

Response DefaultHttpResponse(decodeResult: success, version: HTTP/1.1)
HTTP/1.1 200 OK
Content-Type: application/json; charset=utf-8
cache-control: no-cache
content-length: 14

15:26:40.956 [AsyncHttpClient-1-14] DEBUG org.asynchttpclient.netty.channel.ChannelManager - Adding key: http://localhost:32390 for channel [id: 0x300d8788, L:/127.0.0.1:57831 - R:localhost/127.0.0.1:32390]
15:26:40.962 [Forwarding getCurrentWindowHandle on session 5f980c221c5f9aeb7bd25b7fbfc4d8b8 to remote] DEBUG org.asynchttpclient.netty.request.NettyRequestSender - Using pooled Channel '[id: 0x300d8788, L:/127.0.0.1:57831 - R:localhost/127.0.0.1:32390]' for 'GET' to 'http://localhost:32390/session/5f980c221c5f9aeb7bd25b7fbfc4d8b8/window'
15:26:40.962 [Forwarding getCurrentWindowHandle on session 5f980c221c5f9aeb7bd25b7fbfc4d8b8 to remote] DEBUG org.asynchttpclient.netty.request.NettyRequestSender - Using open Channel [id: 0x300d8788, L:/127.0.0.1:57831 - R:localhost/127.0.0.1:32390] for GET '/session/5f980c221c5f9aeb7bd25b7fbfc4d8b8/window'
15:26:40.963 [AsyncHttpClient-1-14] DEBUG org.asynchttpclient.netty.handler.HttpHandler - 

Request DefaultFullHttpRequest(decodeResult: success, version: HTTP/1.1, content: EmptyByteBufBE)
GET /session/5f980c221c5f9aeb7bd25b7fbfc4d8b8/window HTTP/1.1
User-Agent: selenium/4.7.1 (java windows)
Cache-Control: no-cache
Content-Type: application/json; charset=utf-8
host: localhost:32390
accept: */*

Response DefaultHttpResponse(decodeResult: success, version: HTTP/1.1)
HTTP/1.1 200 OK
Content-Type: application/json; charset=utf-8
cache-control: no-cache
content-length: 44

15:26:40.963 [AsyncHttpClient-1-14] DEBUG org.asynchttpclient.netty.channel.ChannelManager - Adding key: http://localhost:32390 for channel [id: 0x300d8788, L:/127.0.0.1:57831 - R:localhost/127.0.0.1:32390]
15:26:40.964 [Forwarding getAlertText on session 5f980c221c5f9aeb7bd25b7fbfc4d8b8 to remote] DEBUG org.asynchttpclient.netty.request.NettyRequestSender - Using pooled Channel '[id: 0x300d8788, L:/127.0.0.1:57831 - R:localhost/127.0.0.1:32390]' for 'GET' to 'http://localhost:32390/session/5f980c221c5f9aeb7bd25b7fbfc4d8b8/alert/text'
15:26:40.964 [Forwarding getAlertText on session 5f980c221c5f9aeb7bd25b7fbfc4d8b8 to remote] DEBUG org.asynchttpclient.netty.request.NettyRequestSender - Using open Channel [id: 0x300d8788, L:/127.0.0.1:57831 - R:localhost/127.0.0.1:32390] for GET '/session/5f980c221c5f9aeb7bd25b7fbfc4d8b8/alert/text'
15:26:40.966 [AsyncHttpClient-1-14] DEBUG org.asynchttpclient.netty.handler.HttpHandler - 

Request DefaultFullHttpRequest(decodeResult: success, version: HTTP/1.1, content: EmptyByteBufBE)
GET /session/5f980c221c5f9aeb7bd25b7fbfc4d8b8/alert/text HTTP/1.1
User-Agent: selenium/4.7.1 (java windows)
Cache-Control: no-cache
Content-Type: application/json; charset=utf-8
host: localhost:32390
accept: */*

Response DefaultHttpResponse(decodeResult: success, version: HTTP/1.1)
HTTP/1.1 404 Not Found
Content-Type: application/json; charset=utf-8
cache-control: no-cache
content-length: 820

15:26:40.966 [AsyncHttpClient-1-14] DEBUG org.asynchttpclient.netty.channel.ChannelManager - Adding key: http://localhost:32390 for channel [id: 0x300d8788, L:/127.0.0.1:57831 - R:localhost/127.0.0.1:32390]
15:26:40.967 [Forwarding switchToWindow on session 5f980c221c5f9aeb7bd25b7fbfc4d8b8 to remote] DEBUG org.asynchttpclient.netty.request.NettyRequestSender - Using pooled Channel '[id: 0x300d8788, L:/127.0.0.1:57831 - R:localhost/127.0.0.1:32390]' for 'POST' to 'http://localhost:32390/session/5f980c221c5f9aeb7bd25b7fbfc4d8b8/window'
15:26:40.968 [Forwarding switchToWindow on session 5f980c221c5f9aeb7bd25b7fbfc4d8b8 to remote] DEBUG org.asynchttpclient.netty.request.NettyRequestSender - Using open Channel [id: 0x300d8788, L:/127.0.0.1:57831 - R:localhost/127.0.0.1:32390] for POST '/session/5f980c221c5f9aeb7bd25b7fbfc4d8b8/window'
15:26:40.970 [AsyncHttpClient-1-14] DEBUG org.asynchttpclient.netty.handler.HttpHandler - 

Request DefaultHttpRequest(decodeResult: success, version: HTTP/1.1)
POST /session/5f980c221c5f9aeb7bd25b7fbfc4d8b8/window HTTP/1.1
User-Agent: selenium/4.7.1 (java windows)
Content-Length: 50
Content-Type: application/json; charset=utf-8
host: localhost:32390
accept: */*

Response DefaultHttpResponse(decodeResult: success, version: HTTP/1.1)
HTTP/1.1 200 OK
Content-Type: application/json; charset=utf-8
cache-control: no-cache
content-length: 14

15:26:40.970 [AsyncHttpClient-1-14] DEBUG org.asynchttpclient.netty.channel.ChannelManager - Adding key: http://localhost:32390 for channel [id: 0x300d8788, L:/127.0.0.1:57831 - R:localhost/127.0.0.1:32390]
15:26:40.971 [Forwarding getCurrentUrl on session 5f980c221c5f9aeb7bd25b7fbfc4d8b8 to remote] DEBUG org.asynchttpclient.netty.request.NettyRequestSender - Using pooled Channel '[id: 0x300d8788, L:/127.0.0.1:57831 - R:localhost/127.0.0.1:32390]' for 'GET' to 'http://localhost:32390/session/5f980c221c5f9aeb7bd25b7fbfc4d8b8/url'
15:26:40.971 [Forwarding getCurrentUrl on session 5f980c221c5f9aeb7bd25b7fbfc4d8b8 to remote] DEBUG org.asynchttpclient.netty.request.NettyRequestSender - Using open Channel [id: 0x300d8788, L:/127.0.0.1:57831 - R:localhost/127.0.0.1:32390] for GET '/session/5f980c221c5f9aeb7bd25b7fbfc4d8b8/url'
15:26:40.975 [AsyncHttpClient-1-14] DEBUG org.asynchttpclient.netty.handler.HttpHandler - 

Request DefaultFullHttpRequest(decodeResult: success, version: HTTP/1.1, content: EmptyByteBufBE)
GET /session/5f980c221c5f9aeb7bd25b7fbfc4d8b8/url HTTP/1.1
User-Agent: selenium/4.7.1 (java windows)
Cache-Control: no-cache
Content-Type: application/json; charset=utf-8
host: localhost:32390
accept: */*

Response DefaultHttpResponse(decodeResult: success, version: HTTP/1.1)
HTTP/1.1 200 OK
Content-Type: application/json; charset=utf-8
cache-control: no-cache
content-length: 51

15:26:40.976 [AsyncHttpClient-1-14] DEBUG org.asynchttpclient.netty.channel.ChannelManager - Adding key: http://localhost:32390 for channel [id: 0x300d8788, L:/127.0.0.1:57831 - R:localhost/127.0.0.1:32390]
15:26:40.976 [Forwarding screenshot on session 5f980c221c5f9aeb7bd25b7fbfc4d8b8 to remote] DEBUG org.asynchttpclient.netty.request.NettyRequestSender - Using pooled Channel '[id: 0x300d8788, L:/127.0.0.1:57831 - R:localhost/127.0.0.1:32390]' for 'GET' to 'http://localhost:32390/session/5f980c221c5f9aeb7bd25b7fbfc4d8b8/screenshot'
15:26:40.977 [Forwarding screenshot on session 5f980c221c5f9aeb7bd25b7fbfc4d8b8 to remote] DEBUG org.asynchttpclient.netty.request.NettyRequestSender - Using open Channel [id: 0x300d8788, L:/127.0.0.1:57831 - R:localhost/127.0.0.1:32390] for GET '/session/5f980c221c5f9aeb7bd25b7fbfc4d8b8/screenshot'
15:26:41.064 [AsyncHttpClient-1-14] DEBUG org.asynchttpclient.netty.handler.HttpHandler - 

Request DefaultFullHttpRequest(decodeResult: success, version: HTTP/1.1, content: EmptyByteBufBE)
GET /session/5f980c221c5f9aeb7bd25b7fbfc4d8b8/screenshot HTTP/1.1
User-Agent: selenium/4.7.1 (java windows)
Cache-Control: no-cache
Content-Type: application/json; charset=utf-8
host: localhost:32390
accept: */*

Response DefaultHttpResponse(decodeResult: success, version: HTTP/1.1)
HTTP/1.1 200 OK
Content-Type: application/json; charset=utf-8
cache-control: no-cache
content-length: 26228

15:26:41.064 [AsyncHttpClient-1-14] DEBUG org.asynchttpclient.netty.channel.ChannelManager - Adding key: http://localhost:32390 for channel [id: 0x300d8788, L:/127.0.0.1:57831 - R:localhost/127.0.0.1:32390]
15:26:41.066 [main] DEBUG net.serenitybdd.core.photography.Darkroom - Send negative for processing for target\site\serenity\8f288cff1925ba03db0097ef8bd94a451040457430675550b7d9533b35be85e5.png
15:26:41.066 [main] DEBUG net.thucydides.core.steps.StepInterceptor - STEP DONE: inputEmail
15:26:41.066 [Darkroom Processing Line] DEBUG net.serenitybdd.core.photography.DarkroomProcessingLine - Processing screenshot image in /var/screenshots/screenshot-5403064349351577496
15:26:41.066 [Darkroom Processing Line] DEBUG net.serenitybdd.core.photography.DarkroomProcessingLine - Saving screenshot to target\site\serenity\8f288cff1925ba03db0097ef8bd94a451040457430675550b7d9533b35be85e5.png
  &amp#27;[32mAnd &amp#27;[0m&amp#27;[32muser not input email&amp#27;[0m                                 &amp#27;[90m# starter.stepdefinitions.LoginSteps.userNotInputEmail()&amp#27;[0m
15:26:41.078 [main] DEBUG net.thucydides.core.steps.StepInterceptor - STARTING STEP: LoginSteps.userInputPasswordValid - inputPassword
15:26:41.080 [Forwarding findElement on session 5f980c221c5f9aeb7bd25b7fbfc4d8b8 to remote] DEBUG org.asynchttpclient.netty.request.NettyRequestSender - Using pooled Channel '[id: 0x300d8788, L:/127.0.0.1:57831 - R:localhost/127.0.0.1:32390]' for 'POST' to 'http://localhost:32390/session/5f980c221c5f9aeb7bd25b7fbfc4d8b8/element'
15:26:41.080 [Forwarding findElement on session 5f980c221c5f9aeb7bd25b7fbfc4d8b8 to remote] DEBUG org.asynchttpclient.netty.request.NettyRequestSender - Using open Channel [id: 0x300d8788, L:/127.0.0.1:57831 - R:localhost/127.0.0.1:32390] for POST '/session/5f980c221c5f9aeb7bd25b7fbfc4d8b8/element'
15:26:41.094 [AsyncHttpClient-1-14] DEBUG org.asynchttpclient.netty.handler.HttpHandler - 

Request DefaultHttpRequest(decodeResult: success, version: HTTP/1.1)
POST /session/5f980c221c5f9aeb7bd25b7fbfc4d8b8/element HTTP/1.1
User-Agent: selenium/4.7.1 (java windows)
Content-Length: 187
Content-Type: application/json; charset=utf-8
host: localhost:32390
accept: */*

Response DefaultHttpResponse(decodeResult: success, version: HTTP/1.1)
HTTP/1.1 200 OK
Content-Type: application/json; charset=utf-8
cache-control: no-cache
content-length: 95

15:26:41.094 [AsyncHttpClient-1-14] DEBUG org.asynchttpclient.netty.channel.ChannelManager - Adding key: http://localhost:32390 for channel [id: 0x300d8788, L:/127.0.0.1:57831 - R:localhost/127.0.0.1:32390]
15:26:41.095 [Forwarding clearElement on session 5f980c221c5f9aeb7bd25b7fbfc4d8b8 to remote] DEBUG org.asynchttpclient.netty.request.NettyRequestSender - Using pooled Channel '[id: 0x300d8788, L:/127.0.0.1:57831 - R:localhost/127.0.0.1:32390]' for 'POST' to 'http://localhost:32390/session/5f980c221c5f9aeb7bd25b7fbfc4d8b8/element/4362722325EECDDAB2735B0C4387D35C_element_10/clear'
15:26:41.095 [Forwarding clearElement on session 5f980c221c5f9aeb7bd25b7fbfc4d8b8 to remote] DEBUG org.asynchttpclient.netty.request.NettyRequestSender - Using open Channel [id: 0x300d8788, L:/127.0.0.1:57831 - R:localhost/127.0.0.1:32390] for POST '/session/5f980c221c5f9aeb7bd25b7fbfc4d8b8/element/4362722325EECDDAB2735B0C4387D35C_element_10/clear'
15:26:41.127 [AsyncHttpClient-1-14] DEBUG org.asynchttpclient.netty.handler.HttpHandler - 

Request DefaultHttpRequest(decodeResult: success, version: HTTP/1.1)
POST /session/5f980c221c5f9aeb7bd25b7fbfc4d8b8/element/4362722325EECDDAB2735B0C4387D35C_element_10/clear HTTP/1.1
User-Agent: selenium/4.7.1 (java windows)
Content-Length: 57
Content-Type: application/json; charset=utf-8
host: localhost:32390
accept: */*

Response DefaultHttpResponse(decodeResult: success, version: HTTP/1.1)
HTTP/1.1 200 OK
Content-Type: application/json; charset=utf-8
cache-control: no-cache
content-length: 14

15:26:41.127 [AsyncHttpClient-1-14] DEBUG org.asynchttpclient.netty.channel.ChannelManager - Adding key: http://localhost:32390 for channel [id: 0x300d8788, L:/127.0.0.1:57831 - R:localhost/127.0.0.1:32390]
15:26:41.129 [Forwarding sendKeysToElement on session 5f980c221c5f9aeb7bd25b7fbfc4d8b8 to remote] DEBUG org.asynchttpclient.netty.request.NettyRequestSender - Using pooled Channel '[id: 0x300d8788, L:/127.0.0.1:57831 - R:localhost/127.0.0.1:32390]' for 'POST' to 'http://localhost:32390/session/5f980c221c5f9aeb7bd25b7fbfc4d8b8/element/4362722325EECDDAB2735B0C4387D35C_element_10/value'
15:26:41.129 [Forwarding sendKeysToElement on session 5f980c221c5f9aeb7bd25b7fbfc4d8b8 to remote] DEBUG org.asynchttpclient.netty.request.NettyRequestSender - Using open Channel [id: 0x300d8788, L:/127.0.0.1:57831 - R:localhost/127.0.0.1:32390] for POST '/session/5f980c221c5f9aeb7bd25b7fbfc4d8b8/element/4362722325EECDDAB2735B0C4387D35C_element_10/value'
15:26:41.197 [AsyncHttpClient-1-14] DEBUG org.asynchttpclient.netty.handler.HttpHandler - 

Request DefaultHttpRequest(decodeResult: success, version: HTTP/1.1)
POST /session/5f980c221c5f9aeb7bd25b7fbfc4d8b8/element/4362722325EECDDAB2735B0C4387D35C_element_10/value HTTP/1.1
User-Agent: selenium/4.7.1 (java windows)
Content-Length: 118
Content-Type: application/json; charset=utf-8
host: localhost:32390
accept: */*

Response DefaultHttpResponse(decodeResult: success, version: HTTP/1.1)
HTTP/1.1 200 OK
Content-Type: application/json; charset=utf-8
cache-control: no-cache
content-length: 14

15:26:41.198 [AsyncHttpClient-1-14] DEBUG org.asynchttpclient.netty.channel.ChannelManager - Adding key: http://localhost:32390 for channel [id: 0x300d8788, L:/127.0.0.1:57831 - R:localhost/127.0.0.1:32390]
15:26:41.205 [Forwarding getCurrentWindowHandle on session 5f980c221c5f9aeb7bd25b7fbfc4d8b8 to remote] DEBUG org.asynchttpclient.netty.request.NettyRequestSender - Using pooled Channel '[id: 0x300d8788, L:/127.0.0.1:57831 - R:localhost/127.0.0.1:32390]' for 'GET' to 'http://localhost:32390/session/5f980c221c5f9aeb7bd25b7fbfc4d8b8/window'
15:26:41.205 [Forwarding getCurrentWindowHandle on session 5f980c221c5f9aeb7bd25b7fbfc4d8b8 to remote] DEBUG org.asynchttpclient.netty.request.NettyRequestSender - Using open Channel [id: 0x300d8788, L:/127.0.0.1:57831 - R:localhost/127.0.0.1:32390] for GET '/session/5f980c221c5f9aeb7bd25b7fbfc4d8b8/window'
15:26:41.206 [AsyncHttpClient-1-14] DEBUG org.asynchttpclient.netty.handler.HttpHandler - 

Request DefaultFullHttpRequest(decodeResult: success, version: HTTP/1.1, content: EmptyByteBufBE)
GET /session/5f980c221c5f9aeb7bd25b7fbfc4d8b8/window HTTP/1.1
User-Agent: selenium/4.7.1 (java windows)
Cache-Control: no-cache
Content-Type: application/json; charset=utf-8
host: localhost:32390
accept: */*

Response DefaultHttpResponse(decodeResult: success, version: HTTP/1.1)
HTTP/1.1 200 OK
Content-Type: application/json; charset=utf-8
cache-control: no-cache
content-length: 44

15:26:41.206 [AsyncHttpClient-1-14] DEBUG org.asynchttpclient.netty.channel.ChannelManager - Adding key: http://localhost:32390 for channel [id: 0x300d8788, L:/127.0.0.1:57831 - R:localhost/127.0.0.1:32390]
15:26:41.208 [Forwarding getAlertText on session 5f980c221c5f9aeb7bd25b7fbfc4d8b8 to remote] DEBUG org.asynchttpclient.netty.request.NettyRequestSender - Using pooled Channel '[id: 0x300d8788, L:/127.0.0.1:57831 - R:localhost/127.0.0.1:32390]' for 'GET' to 'http://localhost:32390/session/5f980c221c5f9aeb7bd25b7fbfc4d8b8/alert/text'
15:26:41.208 [Forwarding getAlertText on session 5f980c221c5f9aeb7bd25b7fbfc4d8b8 to remote] DEBUG org.asynchttpclient.netty.request.NettyRequestSender - Using open Channel [id: 0x300d8788, L:/127.0.0.1:57831 - R:localhost/127.0.0.1:32390] for GET '/session/5f980c221c5f9aeb7bd25b7fbfc4d8b8/alert/text'
15:26:41.210 [AsyncHttpClient-1-14] DEBUG org.asynchttpclient.netty.handler.HttpHandler - 

Request DefaultFullHttpRequest(decodeResult: success, version: HTTP/1.1, content: EmptyByteBufBE)
GET /session/5f980c221c5f9aeb7bd25b7fbfc4d8b8/alert/text HTTP/1.1
User-Agent: selenium/4.7.1 (java windows)
Cache-Control: no-cache
Content-Type: application/json; charset=utf-8
host: localhost:32390
accept: */*

Response DefaultHttpResponse(decodeResult: success, version: HTTP/1.1)
HTTP/1.1 404 Not Found
Content-Type: application/json; charset=utf-8
cache-control: no-cache
content-length: 820

15:26:41.210 [AsyncHttpClient-1-14] DEBUG org.asynchttpclient.netty.channel.ChannelManager - Adding key: http://localhost:32390 for channel [id: 0x300d8788, L:/127.0.0.1:57831 - R:localhost/127.0.0.1:32390]
15:26:41.213 [Forwarding switchToWindow on session 5f980c221c5f9aeb7bd25b7fbfc4d8b8 to remote] DEBUG org.asynchttpclient.netty.request.NettyRequestSender - Using pooled Channel '[id: 0x300d8788, L:/127.0.0.1:57831 - R:localhost/127.0.0.1:32390]' for 'POST' to 'http://localhost:32390/session/5f980c221c5f9aeb7bd25b7fbfc4d8b8/window'
15:26:41.213 [Forwarding switchToWindow on session 5f980c221c5f9aeb7bd25b7fbfc4d8b8 to remote] DEBUG org.asynchttpclient.netty.request.NettyRequestSender - Using open Channel [id: 0x300d8788, L:/127.0.0.1:57831 - R:localhost/127.0.0.1:32390] for POST '/session/5f980c221c5f9aeb7bd25b7fbfc4d8b8/window'
15:26:41.215 [AsyncHttpClient-1-14] DEBUG org.asynchttpclient.netty.handler.HttpHandler - 

Request DefaultHttpRequest(decodeResult: success, version: HTTP/1.1)
POST /session/5f980c221c5f9aeb7bd25b7fbfc4d8b8/window HTTP/1.1
User-Agent: selenium/4.7.1 (java windows)
Content-Length: 50
Content-Type: application/json; charset=utf-8
host: localhost:32390
accept: */*

Response DefaultHttpResponse(decodeResult: success, version: HTTP/1.1)
HTTP/1.1 200 OK
Content-Type: application/json; charset=utf-8
cache-control: no-cache
content-length: 14

15:26:41.215 [AsyncHttpClient-1-14] DEBUG org.asynchttpclient.netty.channel.ChannelManager - Adding key: http://localhost:32390 for channel [id: 0x300d8788, L:/127.0.0.1:57831 - R:localhost/127.0.0.1:32390]
15:26:41.215 [Forwarding getCurrentUrl on session 5f980c221c5f9aeb7bd25b7fbfc4d8b8 to remote] DEBUG org.asynchttpclient.netty.request.NettyRequestSender - Using pooled Channel '[id: 0x300d8788, L:/127.0.0.1:57831 - R:localhost/127.0.0.1:32390]' for 'GET' to 'http://localhost:32390/session/5f980c221c5f9aeb7bd25b7fbfc4d8b8/url'
15:26:41.216 [Forwarding getCurrentUrl on session 5f980c221c5f9aeb7bd25b7fbfc4d8b8 to remote] DEBUG org.asynchttpclient.netty.request.NettyRequestSender - Using open Channel [id: 0x300d8788, L:/127.0.0.1:57831 - R:localhost/127.0.0.1:32390] for GET '/session/5f980c221c5f9aeb7bd25b7fbfc4d8b8/url'
15:26:41.220 [AsyncHttpClient-1-14] DEBUG org.asynchttpclient.netty.handler.HttpHandler - 

Request DefaultFullHttpRequest(decodeResult: success, version: HTTP/1.1, content: EmptyByteBufBE)
GET /session/5f980c221c5f9aeb7bd25b7fbfc4d8b8/url HTTP/1.1
User-Agent: selenium/4.7.1 (java windows)
Cache-Control: no-cache
Content-Type: application/json; charset=utf-8
host: localhost:32390
accept: */*

Response DefaultHttpResponse(decodeResult: success, version: HTTP/1.1)
HTTP/1.1 200 OK
Content-Type: application/json; charset=utf-8
cache-control: no-cache
content-length: 51

15:26:41.220 [AsyncHttpClient-1-14] DEBUG org.asynchttpclient.netty.channel.ChannelManager - Adding key: http://localhost:32390 for channel [id: 0x300d8788, L:/127.0.0.1:57831 - R:localhost/127.0.0.1:32390]
15:26:41.220 [Forwarding screenshot on session 5f980c221c5f9aeb7bd25b7fbfc4d8b8 to remote] DEBUG org.asynchttpclient.netty.request.NettyRequestSender - Using pooled Channel '[id: 0x300d8788, L:/127.0.0.1:57831 - R:localhost/127.0.0.1:32390]' for 'GET' to 'http://localhost:32390/session/5f980c221c5f9aeb7bd25b7fbfc4d8b8/screenshot'
15:26:41.221 [Forwarding screenshot on session 5f980c221c5f9aeb7bd25b7fbfc4d8b8 to remote] DEBUG org.asynchttpclient.netty.request.NettyRequestSender - Using open Channel [id: 0x300d8788, L:/127.0.0.1:57831 - R:localhost/127.0.0.1:32390] for GET '/session/5f980c221c5f9aeb7bd25b7fbfc4d8b8/screenshot'
15:26:41.312 [AsyncHttpClient-1-14] DEBUG org.asynchttpclient.netty.handler.HttpHandler - 

Request DefaultFullHttpRequest(decodeResult: success, version: HTTP/1.1, content: EmptyByteBufBE)
GET /session/5f980c221c5f9aeb7bd25b7fbfc4d8b8/screenshot HTTP/1.1
User-Agent: selenium/4.7.1 (java windows)
Cache-Control: no-cache
Content-Type: application/json; charset=utf-8
host: localhost:32390
accept: */*

Response DefaultHttpResponse(decodeResult: success, version: HTTP/1.1)
HTTP/1.1 200 OK
Content-Type: application/json; charset=utf-8
cache-control: no-cache
content-length: 26840

15:26:41.312 [AsyncHttpClient-1-14] DEBUG org.asynchttpclient.netty.channel.ChannelManager - Adding key: http://localhost:32390 for channel [id: 0x300d8788, L:/127.0.0.1:57831 - R:localhost/127.0.0.1:32390]
15:26:41.313 [main] DEBUG net.serenitybdd.core.photography.Darkroom - Send negative for processing for target\site\serenity\3383f2febbbb02385854f670e78d8533393aabd157e3a0a8652b3be0464a0b1d.png
15:26:41.314 [main] DEBUG net.thucydides.core.steps.StepInterceptor - STEP DONE: inputPassword
  &amp#27;[32mAnd &amp#27;[0m&amp#27;[32muser input password valid&amp#27;[0m                            &amp#27;[90m# starter.stepdefinitions.LoginSteps.userInputPasswordValid()&amp#27;[0m
15:26:41.314 [Darkroom Processing Line] DEBUG net.serenitybdd.core.photography.DarkroomProcessingLine - Processing screenshot image in /var/screenshots/screenshot-6621420135247224735
15:26:41.314 [Darkroom Processing Line] DEBUG net.serenitybdd.core.photography.DarkroomProcessingLine - Saving screenshot to target\site\serenity\3383f2febbbb02385854f670e78d8533393aabd157e3a0a8652b3be0464a0b1d.png
15:26:41.324 [main] DEBUG net.thucydides.core.steps.StepInterceptor - STARTING STEP: LoginSteps.userKlikButtonLoginYangKedua - klikButtonLoginKedua
15:26:41.326 [Forwarding findElement on session 5f980c221c5f9aeb7bd25b7fbfc4d8b8 to remote] DEBUG org.asynchttpclient.netty.request.NettyRequestSender - Using pooled Channel '[id: 0x300d8788, L:/127.0.0.1:57831 - R:localhost/127.0.0.1:32390]' for 'POST' to 'http://localhost:32390/session/5f980c221c5f9aeb7bd25b7fbfc4d8b8/element'
15:26:41.326 [Forwarding findElement on session 5f980c221c5f9aeb7bd25b7fbfc4d8b8 to remote] DEBUG org.asynchttpclient.netty.request.NettyRequestSender - Using open Channel [id: 0x300d8788, L:/127.0.0.1:57831 - R:localhost/127.0.0.1:32390] for POST '/session/5f980c221c5f9aeb7bd25b7fbfc4d8b8/element'
15:26:41.342 [AsyncHttpClient-1-14] DEBUG org.asynchttpclient.netty.handler.HttpHandler - 

Request DefaultHttpRequest(decodeResult: success, version: HTTP/1.1)
POST /session/5f980c221c5f9aeb7bd25b7fbfc4d8b8/element HTTP/1.1
User-Agent: selenium/4.7.1 (java windows)
Content-Length: 141
Content-Type: application/json; charset=utf-8
host: localhost:32390
accept: */*

Response DefaultHttpResponse(decodeResult: success, version: HTTP/1.1)
HTTP/1.1 200 OK
Content-Type: application/json; charset=utf-8
cache-control: no-cache
content-length: 95

15:26:41.342 [AsyncHttpClient-1-14] DEBUG org.asynchttpclient.netty.channel.ChannelManager - Adding key: http://localhost:32390 for channel [id: 0x300d8788, L:/127.0.0.1:57831 - R:localhost/127.0.0.1:32390]
15:26:41.344 [Forwarding getElementTagName on session 5f980c221c5f9aeb7bd25b7fbfc4d8b8 to remote] DEBUG org.asynchttpclient.netty.request.NettyRequestSender - Using pooled Channel '[id: 0x300d8788, L:/127.0.0.1:57831 - R:localhost/127.0.0.1:32390]' for 'GET' to 'http://localhost:32390/session/5f980c221c5f9aeb7bd25b7fbfc4d8b8/element/4362722325EECDDAB2735B0C4387D35C_element_13/name'
15:26:41.344 [Forwarding getElementTagName on session 5f980c221c5f9aeb7bd25b7fbfc4d8b8 to remote] DEBUG org.asynchttpclient.netty.request.NettyRequestSender - Using open Channel [id: 0x300d8788, L:/127.0.0.1:57831 - R:localhost/127.0.0.1:32390] for GET '/session/5f980c221c5f9aeb7bd25b7fbfc4d8b8/element/4362722325EECDDAB2735B0C4387D35C_element_13/name'
15:26:41.349 [AsyncHttpClient-1-14] DEBUG org.asynchttpclient.netty.handler.HttpHandler - 

Request DefaultFullHttpRequest(decodeResult: success, version: HTTP/1.1, content: EmptyByteBufBE)
GET /session/5f980c221c5f9aeb7bd25b7fbfc4d8b8/element/4362722325EECDDAB2735B0C4387D35C_element_13/name HTTP/1.1
User-Agent: selenium/4.7.1 (java windows)
Cache-Control: no-cache
Content-Type: application/json; charset=utf-8
host: localhost:32390
accept: */*

Response DefaultHttpResponse(decodeResult: success, version: HTTP/1.1)
HTTP/1.1 200 OK
Content-Type: application/json; charset=utf-8
cache-control: no-cache
content-length: 18

15:26:41.349 [AsyncHttpClient-1-14] DEBUG org.asynchttpclient.netty.channel.ChannelManager - Adding key: http://localhost:32390 for channel [id: 0x300d8788, L:/127.0.0.1:57831 - R:localhost/127.0.0.1:32390]
15:26:41.350 [Forwarding getElementTagName on session 5f980c221c5f9aeb7bd25b7fbfc4d8b8 to remote] DEBUG org.asynchttpclient.netty.request.NettyRequestSender - Using pooled Channel '[id: 0x300d8788, L:/127.0.0.1:57831 - R:localhost/127.0.0.1:32390]' for 'GET' to 'http://localhost:32390/session/5f980c221c5f9aeb7bd25b7fbfc4d8b8/element/4362722325EECDDAB2735B0C4387D35C_element_13/name'
15:26:41.350 [Forwarding getElementTagName on session 5f980c221c5f9aeb7bd25b7fbfc4d8b8 to remote] DEBUG org.asynchttpclient.netty.request.NettyRequestSender - Using open Channel [id: 0x300d8788, L:/127.0.0.1:57831 - R:localhost/127.0.0.1:32390] for GET '/session/5f980c221c5f9aeb7bd25b7fbfc4d8b8/element/4362722325EECDDAB2735B0C4387D35C_element_13/name'
15:26:41.357 [AsyncHttpClient-1-14] DEBUG org.asynchttpclient.netty.handler.HttpHandler - 

Request DefaultFullHttpRequest(decodeResult: success, version: HTTP/1.1, content: EmptyByteBufBE)
GET /session/5f980c221c5f9aeb7bd25b7fbfc4d8b8/element/4362722325EECDDAB2735B0C4387D35C_element_13/name HTTP/1.1
User-Agent: selenium/4.7.1 (java windows)
Cache-Control: no-cache
Content-Type: application/json; charset=utf-8
host: localhost:32390
accept: */*

Response DefaultHttpResponse(decodeResult: success, version: HTTP/1.1)
HTTP/1.1 200 OK
Content-Type: application/json; charset=utf-8
cache-control: no-cache
content-length: 18

15:26:41.357 [AsyncHttpClient-1-14] DEBUG org.asynchttpclient.netty.channel.ChannelManager - Adding key: http://localhost:32390 for channel [id: 0x300d8788, L:/127.0.0.1:57831 - R:localhost/127.0.0.1:32390]
15:26:41.359 [Forwarding isElementEnabled on session 5f980c221c5f9aeb7bd25b7fbfc4d8b8 to remote] DEBUG org.asynchttpclient.netty.request.NettyRequestSender - Using pooled Channel '[id: 0x300d8788, L:/127.0.0.1:57831 - R:localhost/127.0.0.1:32390]' for 'GET' to 'http://localhost:32390/session/5f980c221c5f9aeb7bd25b7fbfc4d8b8/element/4362722325EECDDAB2735B0C4387D35C_element_13/enabled'
15:26:41.359 [Forwarding isElementEnabled on session 5f980c221c5f9aeb7bd25b7fbfc4d8b8 to remote] DEBUG org.asynchttpclient.netty.request.NettyRequestSender - Using open Channel [id: 0x300d8788, L:/127.0.0.1:57831 - R:localhost/127.0.0.1:32390] for GET '/session/5f980c221c5f9aeb7bd25b7fbfc4d8b8/element/4362722325EECDDAB2735B0C4387D35C_element_13/enabled'
15:26:41.376 [AsyncHttpClient-1-14] DEBUG org.asynchttpclient.netty.handler.HttpHandler - 

Request DefaultFullHttpRequest(decodeResult: success, version: HTTP/1.1, content: EmptyByteBufBE)
GET /session/5f980c221c5f9aeb7bd25b7fbfc4d8b8/element/4362722325EECDDAB2735B0C4387D35C_element_13/enabled HTTP/1.1
User-Agent: selenium/4.7.1 (java windows)
Cache-Control: no-cache
Content-Type: application/json; charset=utf-8
host: localhost:32390
accept: */*

Response DefaultHttpResponse(decodeResult: success, version: HTTP/1.1)
HTTP/1.1 200 OK
Content-Type: application/json; charset=utf-8
cache-control: no-cache
content-length: 14

15:26:41.376 [AsyncHttpClient-1-14] DEBUG org.asynchttpclient.netty.channel.ChannelManager - Adding key: http://localhost:32390 for channel [id: 0x300d8788, L:/127.0.0.1:57831 - R:localhost/127.0.0.1:32390]
15:26:41.378 [Forwarding isElementEnabled on session 5f980c221c5f9aeb7bd25b7fbfc4d8b8 to remote] DEBUG org.asynchttpclient.netty.request.NettyRequestSender - Using pooled Channel '[id: 0x300d8788, L:/127.0.0.1:57831 - R:localhost/127.0.0.1:32390]' for 'GET' to 'http://localhost:32390/session/5f980c221c5f9aeb7bd25b7fbfc4d8b8/element/4362722325EECDDAB2735B0C4387D35C_element_13/enabled'
15:26:41.378 [Forwarding isElementEnabled on session 5f980c221c5f9aeb7bd25b7fbfc4d8b8 to remote] DEBUG org.asynchttpclient.netty.request.NettyRequestSender - Using open Channel [id: 0x300d8788, L:/127.0.0.1:57831 - R:localhost/127.0.0.1:32390] for GET '/session/5f980c221c5f9aeb7bd25b7fbfc4d8b8/element/4362722325EECDDAB2735B0C4387D35C_element_13/enabled'
15:26:41.385 [AsyncHttpClient-1-14] DEBUG org.asynchttpclient.netty.handler.HttpHandler - 

Request DefaultFullHttpRequest(decodeResult: success, version: HTTP/1.1, content: EmptyByteBufBE)
GET /session/5f980c221c5f9aeb7bd25b7fbfc4d8b8/element/4362722325EECDDAB2735B0C4387D35C_element_13/enabled HTTP/1.1
User-Agent: selenium/4.7.1 (java windows)
Cache-Control: no-cache
Content-Type: application/json; charset=utf-8
host: localhost:32390
accept: */*

Response DefaultHttpResponse(decodeResult: success, version: HTTP/1.1)
HTTP/1.1 200 OK
Content-Type: application/json; charset=utf-8
cache-control: no-cache
content-length: 14

15:26:41.385 [AsyncHttpClient-1-14] DEBUG org.asynchttpclient.netty.channel.ChannelManager - Adding key: http://localhost:32390 for channel [id: 0x300d8788, L:/127.0.0.1:57831 - R:localhost/127.0.0.1:32390]
15:26:41.387 [Forwarding findElement on session 5f980c221c5f9aeb7bd25b7fbfc4d8b8 to remote] DEBUG org.asynchttpclient.netty.request.NettyRequestSender - Using pooled Channel '[id: 0x300d8788, L:/127.0.0.1:57831 - R:localhost/127.0.0.1:32390]' for 'POST' to 'http://localhost:32390/session/5f980c221c5f9aeb7bd25b7fbfc4d8b8/element'
15:26:41.387 [Forwarding findElement on session 5f980c221c5f9aeb7bd25b7fbfc4d8b8 to remote] DEBUG org.asynchttpclient.netty.request.NettyRequestSender - Using open Channel [id: 0x300d8788, L:/127.0.0.1:57831 - R:localhost/127.0.0.1:32390] for POST '/session/5f980c221c5f9aeb7bd25b7fbfc4d8b8/element'
15:26:41.403 [AsyncHttpClient-1-14] DEBUG org.asynchttpclient.netty.handler.HttpHandler - 

Request DefaultHttpRequest(decodeResult: success, version: HTTP/1.1)
POST /session/5f980c221c5f9aeb7bd25b7fbfc4d8b8/element HTTP/1.1
User-Agent: selenium/4.7.1 (java windows)
Content-Length: 141
Content-Type: application/json; charset=utf-8
host: localhost:32390
accept: */*

Response DefaultHttpResponse(decodeResult: success, version: HTTP/1.1)
HTTP/1.1 200 OK
Content-Type: application/json; charset=utf-8
cache-control: no-cache
content-length: 95

15:26:41.403 [AsyncHttpClient-1-14] DEBUG org.asynchttpclient.netty.channel.ChannelManager - Adding key: http://localhost:32390 for channel [id: 0x300d8788, L:/127.0.0.1:57831 - R:localhost/127.0.0.1:32390]
15:26:41.404 [Forwarding clickElement on session 5f980c221c5f9aeb7bd25b7fbfc4d8b8 to remote] DEBUG org.asynchttpclient.netty.request.NettyRequestSender - Using pooled Channel '[id: 0x300d8788, L:/127.0.0.1:57831 - R:localhost/127.0.0.1:32390]' for 'POST' to 'http://localhost:32390/session/5f980c221c5f9aeb7bd25b7fbfc4d8b8/element/4362722325EECDDAB2735B0C4387D35C_element_13/click'
15:26:41.404 [Forwarding clickElement on session 5f980c221c5f9aeb7bd25b7fbfc4d8b8 to remote] DEBUG org.asynchttpclient.netty.request.NettyRequestSender - Using open Channel [id: 0x300d8788, L:/127.0.0.1:57831 - R:localhost/127.0.0.1:32390] for POST '/session/5f980c221c5f9aeb7bd25b7fbfc4d8b8/element/4362722325EECDDAB2735B0C4387D35C_element_13/click'
15:26:41.466 [AsyncHttpClient-1-14] DEBUG org.asynchttpclient.netty.handler.HttpHandler - 

Request DefaultHttpRequest(decodeResult: success, version: HTTP/1.1)
POST /session/5f980c221c5f9aeb7bd25b7fbfc4d8b8/element/4362722325EECDDAB2735B0C4387D35C_element_13/click HTTP/1.1
User-Agent: selenium/4.7.1 (java windows)
Content-Length: 57
Content-Type: application/json; charset=utf-8
host: localhost:32390
accept: */*

Response DefaultHttpResponse(decodeResult: success, version: HTTP/1.1)
HTTP/1.1 200 OK
Content-Type: application/json; charset=utf-8
cache-control: no-cache
content-length: 14

15:26:41.466 [AsyncHttpClient-1-14] DEBUG org.asynchttpclient.netty.channel.ChannelManager - Adding key: http://localhost:32390 for channel [id: 0x300d8788, L:/127.0.0.1:57831 - R:localhost/127.0.0.1:32390]
15:26:41.473 [Forwarding getCurrentWindowHandle on session 5f980c221c5f9aeb7bd25b7fbfc4d8b8 to remote] DEBUG org.asynchttpclient.netty.request.NettyRequestSender - Using pooled Channel '[id: 0x300d8788, L:/127.0.0.1:57831 - R:localhost/127.0.0.1:32390]' for 'GET' to 'http://localhost:32390/session/5f980c221c5f9aeb7bd25b7fbfc4d8b8/window'
15:26:41.473 [Forwarding getCurrentWindowHandle on session 5f980c221c5f9aeb7bd25b7fbfc4d8b8 to remote] DEBUG org.asynchttpclient.netty.request.NettyRequestSender - Using open Channel [id: 0x300d8788, L:/127.0.0.1:57831 - R:localhost/127.0.0.1:32390] for GET '/session/5f980c221c5f9aeb7bd25b7fbfc4d8b8/window'
15:26:41.474 [AsyncHttpClient-1-14] DEBUG org.asynchttpclient.netty.handler.HttpHandler - 

Request DefaultFullHttpRequest(decodeResult: success, version: HTTP/1.1, content: EmptyByteBufBE)
GET /session/5f980c221c5f9aeb7bd25b7fbfc4d8b8/window HTTP/1.1
User-Agent: selenium/4.7.1 (java windows)
Cache-Control: no-cache
Content-Type: application/json; charset=utf-8
host: localhost:32390
accept: */*

Response DefaultHttpResponse(decodeResult: success, version: HTTP/1.1)
HTTP/1.1 200 OK
Content-Type: application/json; charset=utf-8
cache-control: no-cache
content-length: 44

15:26:41.474 [AsyncHttpClient-1-14] DEBUG org.asynchttpclient.netty.channel.ChannelManager - Adding key: http://localhost:32390 for channel [id: 0x300d8788, L:/127.0.0.1:57831 - R:localhost/127.0.0.1:32390]
15:26:41.476 [Forwarding getAlertText on session 5f980c221c5f9aeb7bd25b7fbfc4d8b8 to remote] DEBUG org.asynchttpclient.netty.request.NettyRequestSender - Using pooled Channel '[id: 0x300d8788, L:/127.0.0.1:57831 - R:localhost/127.0.0.1:32390]' for 'GET' to 'http://localhost:32390/session/5f980c221c5f9aeb7bd25b7fbfc4d8b8/alert/text'
15:26:41.476 [Forwarding getAlertText on session 5f980c221c5f9aeb7bd25b7fbfc4d8b8 to remote] DEBUG org.asynchttpclient.netty.request.NettyRequestSender - Using open Channel [id: 0x300d8788, L:/127.0.0.1:57831 - R:localhost/127.0.0.1:32390] for GET '/session/5f980c221c5f9aeb7bd25b7fbfc4d8b8/alert/text'
15:26:41.478 [AsyncHttpClient-1-14] DEBUG org.asynchttpclient.netty.handler.HttpHandler - 

Request DefaultFullHttpRequest(decodeResult: success, version: HTTP/1.1, content: EmptyByteBufBE)
GET /session/5f980c221c5f9aeb7bd25b7fbfc4d8b8/alert/text HTTP/1.1
User-Agent: selenium/4.7.1 (java windows)
Cache-Control: no-cache
Content-Type: application/json; charset=utf-8
host: localhost:32390
accept: */*

Response DefaultHttpResponse(decodeResult: success, version: HTTP/1.1)
HTTP/1.1 404 Not Found
Content-Type: application/json; charset=utf-8
cache-control: no-cache
content-length: 820

15:26:41.478 [AsyncHttpClient-1-14] DEBUG org.asynchttpclient.netty.channel.ChannelManager - Adding key: http://localhost:32390 for channel [id: 0x300d8788, L:/127.0.0.1:57831 - R:localhost/127.0.0.1:32390]
15:26:41.479 [Forwarding switchToWindow on session 5f980c221c5f9aeb7bd25b7fbfc4d8b8 to remote] DEBUG org.asynchttpclient.netty.request.NettyRequestSender - Using pooled Channel '[id: 0x300d8788, L:/127.0.0.1:57831 - R:localhost/127.0.0.1:32390]' for 'POST' to 'http://localhost:32390/session/5f980c221c5f9aeb7bd25b7fbfc4d8b8/window'
15:26:41.480 [Forwarding switchToWindow on session 5f980c221c5f9aeb7bd25b7fbfc4d8b8 to remote] DEBUG org.asynchttpclient.netty.request.NettyRequestSender - Using open Channel [id: 0x300d8788, L:/127.0.0.1:57831 - R:localhost/127.0.0.1:32390] for POST '/session/5f980c221c5f9aeb7bd25b7fbfc4d8b8/window'
15:26:41.481 [AsyncHttpClient-1-14] DEBUG org.asynchttpclient.netty.handler.HttpHandler - 

Request DefaultHttpRequest(decodeResult: success, version: HTTP/1.1)
POST /session/5f980c221c5f9aeb7bd25b7fbfc4d8b8/window HTTP/1.1
User-Agent: selenium/4.7.1 (java windows)
Content-Length: 50
Content-Type: application/json; charset=utf-8
host: localhost:32390
accept: */*

Response DefaultHttpResponse(decodeResult: success, version: HTTP/1.1)
HTTP/1.1 200 OK
Content-Type: application/json; charset=utf-8
cache-control: no-cache
content-length: 14

15:26:41.481 [AsyncHttpClient-1-14] DEBUG org.asynchttpclient.netty.channel.ChannelManager - Adding key: http://localhost:32390 for channel [id: 0x300d8788, L:/127.0.0.1:57831 - R:localhost/127.0.0.1:32390]
15:26:41.482 [Forwarding getCurrentUrl on session 5f980c221c5f9aeb7bd25b7fbfc4d8b8 to remote] DEBUG org.asynchttpclient.netty.request.NettyRequestSender - Using pooled Channel '[id: 0x300d8788, L:/127.0.0.1:57831 - R:localhost/127.0.0.1:32390]' for 'GET' to 'http://localhost:32390/session/5f980c221c5f9aeb7bd25b7fbfc4d8b8/url'
15:26:41.482 [Forwarding getCurrentUrl on session 5f980c221c5f9aeb7bd25b7fbfc4d8b8 to remote] DEBUG org.asynchttpclient.netty.request.NettyRequestSender - Using open Channel [id: 0x300d8788, L:/127.0.0.1:57831 - R:localhost/127.0.0.1:32390] for GET '/session/5f980c221c5f9aeb7bd25b7fbfc4d8b8/url'
15:26:41.485 [AsyncHttpClient-1-14] DEBUG org.asynchttpclient.netty.handler.HttpHandler - 

Request DefaultFullHttpRequest(decodeResult: success, version: HTTP/1.1, content: EmptyByteBufBE)
GET /session/5f980c221c5f9aeb7bd25b7fbfc4d8b8/url HTTP/1.1
User-Agent: selenium/4.7.1 (java windows)
Cache-Control: no-cache
Content-Type: application/json; charset=utf-8
host: localhost:32390
accept: */*

Response DefaultHttpResponse(decodeResult: success, version: HTTP/1.1)
HTTP/1.1 200 OK
Content-Type: application/json; charset=utf-8
cache-control: no-cache
content-length: 51

15:26:41.486 [AsyncHttpClient-1-14] DEBUG org.asynchttpclient.netty.channel.ChannelManager - Adding key: http://localhost:32390 for channel [id: 0x300d8788, L:/127.0.0.1:57831 - R:localhost/127.0.0.1:32390]
15:26:41.486 [Forwarding screenshot on session 5f980c221c5f9aeb7bd25b7fbfc4d8b8 to remote] DEBUG org.asynchttpclient.netty.request.NettyRequestSender - Using pooled Channel '[id: 0x300d8788, L:/127.0.0.1:57831 - R:localhost/127.0.0.1:32390]' for 'GET' to 'http://localhost:32390/session/5f980c221c5f9aeb7bd25b7fbfc4d8b8/screenshot'
15:26:41.487 [Forwarding screenshot on session 5f980c221c5f9aeb7bd25b7fbfc4d8b8 to remote] DEBUG org.asynchttpclient.netty.request.NettyRequestSender - Using open Channel [id: 0x300d8788, L:/127.0.0.1:57831 - R:localhost/127.0.0.1:32390] for GET '/session/5f980c221c5f9aeb7bd25b7fbfc4d8b8/screenshot'
15:26:41.556 [AsyncHttpClient-1-1] DEBUG org.asynchttpclient.netty.channel.DefaultChannelPool - Entry count for : http://localhost:57832 : 1
15:26:41.581 [AsyncHttpClient-1-14] DEBUG org.asynchttpclient.netty.handler.HttpHandler - 

Request DefaultFullHttpRequest(decodeResult: success, version: HTTP/1.1, content: EmptyByteBufBE)
GET /session/5f980c221c5f9aeb7bd25b7fbfc4d8b8/screenshot HTTP/1.1
User-Agent: selenium/4.7.1 (java windows)
Cache-Control: no-cache
Content-Type: application/json; charset=utf-8
host: localhost:32390
accept: */*

Response DefaultHttpResponse(decodeResult: success, version: HTTP/1.1)
HTTP/1.1 200 OK
Content-Type: application/json; charset=utf-8
cache-control: no-cache
content-length: 25928

15:26:41.581 [AsyncHttpClient-1-14] DEBUG org.asynchttpclient.netty.channel.ChannelManager - Adding key: http://localhost:32390 for channel [id: 0x300d8788, L:/127.0.0.1:57831 - R:localhost/127.0.0.1:32390]
15:26:41.583 [main] DEBUG net.serenitybdd.core.photography.Darkroom - Send negative for processing for target\site\serenity\6c76782182f8693bfb0c145b37fde2b33feb7821725477e225ef662795243cbc.png
15:26:41.583 [main] DEBUG net.thucydides.core.steps.StepInterceptor - STEP DONE: klikButtonLoginKedua
  &amp#27;[32mThen &amp#27;[0m&amp#27;[32muser klik button login yang kedua&amp#27;[0m                   &amp#27;[90m# starter.stepdefinitions.LoginSteps.userKlikButtonLoginYangKedua()&amp#27;[0m
15:26:41.583 [Darkroom Processing Line] DEBUG net.serenitybdd.core.photography.DarkroomProcessingLine - Processing screenshot image in /var/screenshots/screenshot-7463979676660362530
15:26:41.583 [Darkroom Processing Line] DEBUG net.serenitybdd.core.photography.DarkroomProcessingLine - Saving screenshot to target\site\serenity\6c76782182f8693bfb0c145b37fde2b33feb7821725477e225ef662795243cbc.png
15:26:41.598 [main] DEBUG net.thucydides.core.steps.StepInterceptor - STARTING STEP: LoginSteps.userMenerimaErrorMessage - munculErrorMessage
15:26:41.601 [Forwarding findElement on session 5f980c221c5f9aeb7bd25b7fbfc4d8b8 to remote] DEBUG org.asynchttpclient.netty.request.NettyRequestSender - Using pooled Channel '[id: 0x300d8788, L:/127.0.0.1:57831 - R:localhost/127.0.0.1:32390]' for 'POST' to 'http://localhost:32390/session/5f980c221c5f9aeb7bd25b7fbfc4d8b8/element'
15:26:41.601 [Forwarding findElement on session 5f980c221c5f9aeb7bd25b7fbfc4d8b8 to remote] DEBUG org.asynchttpclient.netty.request.NettyRequestSender - Using open Channel [id: 0x300d8788, L:/127.0.0.1:57831 - R:localhost/127.0.0.1:32390] for POST '/session/5f980c221c5f9aeb7bd25b7fbfc4d8b8/element'
15:26:41.617 [AsyncHttpClient-1-14] DEBUG org.asynchttpclient.netty.handler.HttpHandler - 

Request DefaultHttpRequest(decodeResult: success, version: HTTP/1.1)
POST /session/5f980c221c5f9aeb7bd25b7fbfc4d8b8/element HTTP/1.1
User-Agent: selenium/4.7.1 (java windows)
Content-Length: 139
Content-Type: application/json; charset=utf-8
host: localhost:32390
accept: */*

Response DefaultHttpResponse(decodeResult: success, version: HTTP/1.1)
HTTP/1.1 200 OK
Content-Type: application/json; charset=utf-8
cache-control: no-cache
content-length: 95

15:26:41.617 [AsyncHttpClient-1-14] DEBUG org.asynchttpclient.netty.channel.ChannelManager - Adding key: http://localhost:32390 for channel [id: 0x300d8788, L:/127.0.0.1:57831 - R:localhost/127.0.0.1:32390]
15:26:41.622 [Forwarding isElementDisplayed on session 5f980c221c5f9aeb7bd25b7fbfc4d8b8 to remote] DEBUG org.asynchttpclient.netty.request.NettyRequestSender - Using pooled Channel '[id: 0x300d8788, L:/127.0.0.1:57831 - R:localhost/127.0.0.1:32390]' for 'POST' to 'http://localhost:32390/session/5f980c221c5f9aeb7bd25b7fbfc4d8b8/execute/sync'
15:26:41.622 [Forwarding isElementDisplayed on session 5f980c221c5f9aeb7bd25b7fbfc4d8b8 to remote] DEBUG org.asynchttpclient.netty.request.NettyRequestSender - Using open Channel [id: 0x300d8788, L:/127.0.0.1:57831 - R:localhost/127.0.0.1:32390] for POST '/session/5f980c221c5f9aeb7bd25b7fbfc4d8b8/execute/sync'
15:26:41.634 [AsyncHttpClient-1-14] DEBUG org.asynchttpclient.netty.handler.HttpHandler - 

Request DefaultHttpRequest(decodeResult: success, version: HTTP/1.1)
POST /session/5f980c221c5f9aeb7bd25b7fbfc4d8b8/execute/sync HTTP/1.1
User-Agent: selenium/4.7.1 (java windows)
Content-Length: 48787
Content-Type: application/json; charset=utf-8
host: localhost:32390
accept: */*

Response DefaultHttpResponse(decodeResult: success, version: HTTP/1.1)
HTTP/1.1 200 OK
Content-Type: application/json; charset=utf-8
cache-control: no-cache
content-length: 14

15:26:41.634 [AsyncHttpClient-1-14] DEBUG org.asynchttpclient.netty.channel.ChannelManager - Adding key: http://localhost:32390 for channel [id: 0x300d8788, L:/127.0.0.1:57831 - R:localhost/127.0.0.1:32390]
15:26:41.639 [Forwarding getCurrentWindowHandle on session 5f980c221c5f9aeb7bd25b7fbfc4d8b8 to remote] DEBUG org.asynchttpclient.netty.request.NettyRequestSender - Using pooled Channel '[id: 0x300d8788, L:/127.0.0.1:57831 - R:localhost/127.0.0.1:32390]' for 'GET' to 'http://localhost:32390/session/5f980c221c5f9aeb7bd25b7fbfc4d8b8/window'
15:26:41.639 [Forwarding getCurrentWindowHandle on session 5f980c221c5f9aeb7bd25b7fbfc4d8b8 to remote] DEBUG org.asynchttpclient.netty.request.NettyRequestSender - Using open Channel [id: 0x300d8788, L:/127.0.0.1:57831 - R:localhost/127.0.0.1:32390] for GET '/session/5f980c221c5f9aeb7bd25b7fbfc4d8b8/window'
15:26:41.640 [AsyncHttpClient-1-14] DEBUG org.asynchttpclient.netty.handler.HttpHandler - 

Request DefaultFullHttpRequest(decodeResult: success, version: HTTP/1.1, content: EmptyByteBufBE)
GET /session/5f980c221c5f9aeb7bd25b7fbfc4d8b8/window HTTP/1.1
User-Agent: selenium/4.7.1 (java windows)
Cache-Control: no-cache
Content-Type: application/json; charset=utf-8
host: localhost:32390
accept: */*

Response DefaultHttpResponse(decodeResult: success, version: HTTP/1.1)
HTTP/1.1 200 OK
Content-Type: application/json; charset=utf-8
cache-control: no-cache
content-length: 44

15:26:41.640 [AsyncHttpClient-1-14] DEBUG org.asynchttpclient.netty.channel.ChannelManager - Adding key: http://localhost:32390 for channel [id: 0x300d8788, L:/127.0.0.1:57831 - R:localhost/127.0.0.1:32390]
15:26:41.642 [Forwarding getAlertText on session 5f980c221c5f9aeb7bd25b7fbfc4d8b8 to remote] DEBUG org.asynchttpclient.netty.request.NettyRequestSender - Using pooled Channel '[id: 0x300d8788, L:/127.0.0.1:57831 - R:localhost/127.0.0.1:32390]' for 'GET' to 'http://localhost:32390/session/5f980c221c5f9aeb7bd25b7fbfc4d8b8/alert/text'
15:26:41.642 [Forwarding getAlertText on session 5f980c221c5f9aeb7bd25b7fbfc4d8b8 to remote] DEBUG org.asynchttpclient.netty.request.NettyRequestSender - Using open Channel [id: 0x300d8788, L:/127.0.0.1:57831 - R:localhost/127.0.0.1:32390] for GET '/session/5f980c221c5f9aeb7bd25b7fbfc4d8b8/alert/text'
15:26:41.644 [AsyncHttpClient-1-14] DEBUG org.asynchttpclient.netty.handler.HttpHandler - 

Request DefaultFullHttpRequest(decodeResult: success, version: HTTP/1.1, content: EmptyByteBufBE)
GET /session/5f980c221c5f9aeb7bd25b7fbfc4d8b8/alert/text HTTP/1.1
User-Agent: selenium/4.7.1 (java windows)
Cache-Control: no-cache
Content-Type: application/json; charset=utf-8
host: localhost:32390
accept: */*

Response DefaultHttpResponse(decodeResult: success, version: HTTP/1.1)
HTTP/1.1 404 Not Found
Content-Type: application/json; charset=utf-8
cache-control: no-cache
content-length: 820

15:26:41.644 [AsyncHttpClient-1-14] DEBUG org.asynchttpclient.netty.channel.ChannelManager - Adding key: http://localhost:32390 for channel [id: 0x300d8788, L:/127.0.0.1:57831 - R:localhost/127.0.0.1:32390]
15:26:41.646 [Forwarding switchToWindow on session 5f980c221c5f9aeb7bd25b7fbfc4d8b8 to remote] DEBUG org.asynchttpclient.netty.request.NettyRequestSender - Using pooled Channel '[id: 0x300d8788, L:/127.0.0.1:57831 - R:localhost/127.0.0.1:32390]' for 'POST' to 'http://localhost:32390/session/5f980c221c5f9aeb7bd25b7fbfc4d8b8/window'
15:26:41.646 [Forwarding switchToWindow on session 5f980c221c5f9aeb7bd25b7fbfc4d8b8 to remote] DEBUG org.asynchttpclient.netty.request.NettyRequestSender - Using open Channel [id: 0x300d8788, L:/127.0.0.1:57831 - R:localhost/127.0.0.1:32390] for POST '/session/5f980c221c5f9aeb7bd25b7fbfc4d8b8/window'
15:26:41.648 [AsyncHttpClient-1-14] DEBUG org.asynchttpclient.netty.handler.HttpHandler - 

Request DefaultHttpRequest(decodeResult: success, version: HTTP/1.1)
POST /session/5f980c221c5f9aeb7bd25b7fbfc4d8b8/window HTTP/1.1
User-Agent: selenium/4.7.1 (java windows)
Content-Length: 50
Content-Type: application/json; charset=utf-8
host: localhost:32390
accept: */*

Response DefaultHttpResponse(decodeResult: success, version: HTTP/1.1)
HTTP/1.1 200 OK
Content-Type: application/json; charset=utf-8
cache-control: no-cache
content-length: 14

15:26:41.648 [AsyncHttpClient-1-14] DEBUG org.asynchttpclient.netty.channel.ChannelManager - Adding key: http://localhost:32390 for channel [id: 0x300d8788, L:/127.0.0.1:57831 - R:localhost/127.0.0.1:32390]
15:26:41.648 [Forwarding getCurrentUrl on session 5f980c221c5f9aeb7bd25b7fbfc4d8b8 to remote] DEBUG org.asynchttpclient.netty.request.NettyRequestSender - Using pooled Channel '[id: 0x300d8788, L:/127.0.0.1:57831 - R:localhost/127.0.0.1:32390]' for 'GET' to 'http://localhost:32390/session/5f980c221c5f9aeb7bd25b7fbfc4d8b8/url'
15:26:41.648 [Forwarding getCurrentUrl on session 5f980c221c5f9aeb7bd25b7fbfc4d8b8 to remote] DEBUG org.asynchttpclient.netty.request.NettyRequestSender - Using open Channel [id: 0x300d8788, L:/127.0.0.1:57831 - R:localhost/127.0.0.1:32390] for GET '/session/5f980c221c5f9aeb7bd25b7fbfc4d8b8/url'
15:26:41.652 [AsyncHttpClient-1-14] DEBUG org.asynchttpclient.netty.handler.HttpHandler - 

Request DefaultFullHttpRequest(decodeResult: success, version: HTTP/1.1, content: EmptyByteBufBE)
GET /session/5f980c221c5f9aeb7bd25b7fbfc4d8b8/url HTTP/1.1
User-Agent: selenium/4.7.1 (java windows)
Cache-Control: no-cache
Content-Type: application/json; charset=utf-8
host: localhost:32390
accept: */*

Response DefaultHttpResponse(decodeResult: success, version: HTTP/1.1)
HTTP/1.1 200 OK
Content-Type: application/json; charset=utf-8
cache-control: no-cache
content-length: 51

15:26:41.653 [AsyncHttpClient-1-14] DEBUG org.asynchttpclient.netty.channel.ChannelManager - Adding key: http://localhost:32390 for channel [id: 0x300d8788, L:/127.0.0.1:57831 - R:localhost/127.0.0.1:32390]
15:26:41.653 [Forwarding screenshot on session 5f980c221c5f9aeb7bd25b7fbfc4d8b8 to remote] DEBUG org.asynchttpclient.netty.request.NettyRequestSender - Using pooled Channel '[id: 0x300d8788, L:/127.0.0.1:57831 - R:localhost/127.0.0.1:32390]' for 'GET' to 'http://localhost:32390/session/5f980c221c5f9aeb7bd25b7fbfc4d8b8/screenshot'
15:26:41.654 [Forwarding screenshot on session 5f980c221c5f9aeb7bd25b7fbfc4d8b8 to remote] DEBUG org.asynchttpclient.netty.request.NettyRequestSender - Using open Channel [id: 0x300d8788, L:/127.0.0.1:57831 - R:localhost/127.0.0.1:32390] for GET '/session/5f980c221c5f9aeb7bd25b7fbfc4d8b8/screenshot'
15:26:41.741 [AsyncHttpClient-1-14] DEBUG org.asynchttpclient.netty.handler.HttpHandler - 

Request DefaultFullHttpRequest(decodeResult: success, version: HTTP/1.1, content: EmptyByteBufBE)
GET /session/5f980c221c5f9aeb7bd25b7fbfc4d8b8/screenshot HTTP/1.1
User-Agent: selenium/4.7.1 (java windows)
Cache-Control: no-cache
Content-Type: application/json; charset=utf-8
host: localhost:32390
accept: */*

Response DefaultHttpResponse(decodeResult: success, version: HTTP/1.1)
HTTP/1.1 200 OK
Content-Type: application/json; charset=utf-8
cache-control: no-cache
content-length: 28624

15:26:41.741 [AsyncHttpClient-1-14] DEBUG org.asynchttpclient.netty.channel.ChannelManager - Adding key: http://localhost:32390 for channel [id: 0x300d8788, L:/127.0.0.1:57831 - R:localhost/127.0.0.1:32390]
15:26:41.742 [main] DEBUG net.serenitybdd.core.photography.Darkroom - Send negative for processing for target\site\serenity\84691f63978f7287081a0f9651117064f4aefbdf31e097e09826ad28295583ce.png
15:26:41.743 [main] DEBUG net.thucydides.core.steps.StepInterceptor - STEP DONE: munculErrorMessage
  &amp#27;[32mAnd &amp#27;[0m&amp#27;[32muser menerima error message &amp#27;[0m&amp#27;[32m&amp#27;[1m"email is required"&amp#27;[0m      &amp#27;[90m# starter.stepdefinitions.LoginSteps.userMenerimaErrorMessage(java.lang.String)&amp#27;[0m
15:26:41.743 [Darkroom Processing Line] DEBUG net.serenitybdd.core.photography.DarkroomProcessingLine - Processing screenshot image in /var/screenshots/screenshot-10876236299525343332
15:26:41.743 [Darkroom Processing Line] DEBUG net.serenitybdd.core.photography.DarkroomProcessingLine - Saving screenshot to target\site\serenity\84691f63978f7287081a0f9651117064f4aefbdf31e097e09826ad28295583ce.png
15:26:41.748 [main] INFO  - 
  _____   ___   ___   _____     ___     _     ___   ___   ___   ___  
 |_   _| | __| / __| |_   _|   | _ \   /_\   / __| / __| | __| |   \ 
   | |   | _|  \__ \   | |     |  _/  / _ \  \__ \ \__ \ | _|  | |) |
   |_|   |___| |___/   |_|     |_|   /_/ \_\ |___/ |___/ |___| |___/ 

user tidak bisa login karena tidak mengisi email
----------------------------------------------------------------------
15:26:41.750 [Driver Command Executor] DEBUG org.asynchttpclient.netty.request.NettyRequestSender - Using pooled Channel '[id: 0x300d8788, L:/127.0.0.1:57831 - R:localhost/127.0.0.1:32390]' for 'DELETE' to 'http://localhost:32390/session/5f980c221c5f9aeb7bd25b7fbfc4d8b8'
15:26:41.750 [AsyncHttpClient-1-16] DEBUG org.asynchttpclient.netty.handler.WebSocketHandler - Channel Closed: [id: 0xacf9eb09, L:/127.0.0.1:57839 ! R:localhost/127.0.0.1:57832] with attribute NettyResponseFuture{currentRetry=0,
	isDone=1,
	isCancelled=0,
	asyncHandler=org.asynchttpclient.ws.WebSocketUpgradeHandler@177bc81e,
	nettyRequest=org.asynchttpclient.netty.request.NettyRequest@52795495,
	future=java.util.concurrent.CompletableFuture@52e10567[Completed normally],
	uri=ws://localhost:57832/devtools/browser/ea680ecf-7a0b-4769-a564-3cd3d793174c,
	keepAlive=true,
	redirectCount=0,
	timeoutsHolder=null,
	inAuth=0,
	touch=1683707196186}
15:26:41.750 [Driver Command Executor] DEBUG org.asynchttpclient.netty.request.NettyRequestSender - Using open Channel [id: 0x300d8788, L:/127.0.0.1:57831 - R:localhost/127.0.0.1:32390] for DELETE '/session/5f980c221c5f9aeb7bd25b7fbfc4d8b8'
15:26:41.750 [AsyncHttpClient-1-16] DEBUG org.asynchttpclient.netty.channel.ChannelManager - Closing Channel [id: 0xacf9eb09, L:/127.0.0.1:57839 ! R:localhost/127.0.0.1:57832] 
15:26:41.799 [AsyncHttpClient-1-15] DEBUG org.asynchttpclient.netty.handler.HttpHandler - Unexpected I/O exception on channel [id: 0x2a8b7529, L:/127.0.0.1:57838 - R:localhost/127.0.0.1:57832]
java.net.SocketException: Connection reset
	at java.base/sun.nio.ch.SocketChannelImpl.throwConnectionReset(SocketChannelImpl.java:401)
	at java.base/sun.nio.ch.SocketChannelImpl.read(SocketChannelImpl.java:434)
	at io.netty.buffer.PooledByteBuf.setBytes(PooledByteBuf.java:259)
	at io.netty.buffer.AbstractByteBuf.writeBytes(AbstractByteBuf.java:1132)
	at io.netty.channel.socket.nio.NioSocketChannel.doReadBytes(NioSocketChannel.java:357)
	at io.netty.channel.nio.AbstractNioByteChannel$NioByteUnsafe.read(AbstractNioByteChannel.java:151)
	at io.netty.channel.nio.NioEventLoop.processSelectedKey(NioEventLoop.java:788)
	at io.netty.channel.nio.NioEventLoop.processSelectedKeysOptimized(NioEventLoop.java:724)
	at io.netty.channel.nio.NioEventLoop.processSelectedKeys(NioEventLoop.java:650)
	at io.netty.channel.nio.NioEventLoop.run(NioEventLoop.java:562)
	at io.netty.util.concurrent.SingleThreadEventExecutor$4.run(SingleThreadEventExecutor.java:997)
	at io.netty.util.internal.ThreadExecutorMap$2.run(ThreadExecutorMap.java:74)
	at io.netty.util.concurrent.FastThreadLocalRunnable.run(FastThreadLocalRunnable.java:30)
	at java.base/java.lang.Thread.run(Thread.java:1589)
15:26:41.799 [AsyncHttpClient-1-15] DEBUG org.asynchttpclient.netty.channel.ChannelManager - Closing Channel [id: 0x2a8b7529, L:/127.0.0.1:57838 - R:localhost/127.0.0.1:57832] 
15:26:41.799 [AsyncHttpClient-1-15] DEBUG org.asynchttpclient.netty.handler.HttpHandler - Channel Closed: [id: 0x2a8b7529, L:/127.0.0.1:57838 ! R:localhost/127.0.0.1:57832] with attribute DISCARD
15:26:41.815 [AsyncHttpClient-1-14] DEBUG org.asynchttpclient.netty.handler.HttpHandler - 

Request DefaultFullHttpRequest(decodeResult: success, version: HTTP/1.1, content: EmptyByteBufBE)
DELETE /session/5f980c221c5f9aeb7bd25b7fbfc4d8b8 HTTP/1.1
User-Agent: selenium/4.7.1 (java windows)
Content-Type: application/json; charset=utf-8
host: localhost:32390
accept: */*

Response DefaultHttpResponse(decodeResult: success, version: HTTP/1.1)
HTTP/1.1 200 OK
Content-Type: application/json; charset=utf-8
cache-control: no-cache
content-length: 14

15:26:41.819 [AsyncHttpClient-1-14] DEBUG org.asynchttpclient.netty.channel.ChannelManager - Adding key: http://localhost:32390 for channel [id: 0x300d8788, L:/127.0.0.1:57831 - R:localhost/127.0.0.1:32390]
15:26:41.867 [AsyncHttpClient-1-14] DEBUG org.asynchttpclient.netty.handler.HttpHandler - Channel Closed: [id: 0x300d8788, L:/127.0.0.1:57831 ! R:localhost/127.0.0.1:32390] with attribute DISCARD
]]></system-out>
    <system-err><![CDATA[Starting ChromeDriver 113.0.5672.63 (0e1a4471d5ae5bf128b1bd8f4d627c8cbd55f70c-refs/branch-heads/5672@{#912}) on port 32390
Only local connections are allowed.
Please see https://chromedriver.chromium.org/security-considerations for suggestions on keeping ChromeDriver safe.
ChromeDriver was started successfully.
May 10, 2023 3:26:36 PM org.openqa.selenium.devtools.CdpVersionFinder findNearestMatch
WARNING: Unable to find CDP implementation matching 113
May 10, 2023 3:26:36 PM org.openqa.selenium.chromium.ChromiumDriver lambda$new$3
WARNING: Unable to find version of CDP to use for . You may need to include a dependency on a specific version of the CDP using something similar to `org.seleniumhq.selenium:selenium-devtools-v86:4.7.1` where the version ("v86") matches the version of the chromium-based browser you're using and the version number of the artifact is the same as Selenium's.
]]></system-err>
  </testcase>
  <testcase name="user tidak bisa login karena tidak mengisi password" classname="login" time="6.191">
    <system-out><![CDATA[
@Login06-Web-Negative
Scenario: user tidak bisa login karena tidak mengisi password &amp#27;[90m# src/test/resources/features/1. Login.feature:50&amp#27;[0m
15:26:41.936 [main] INFO io.cucumber.core.plugin.SerenityReporter - Running feature from file:///C:/Users/HP/Downloads/Mini-Project-QA/ALTASHOP%20WEB%20AUTOMATION/src/test/resources/features/1.%20Login.feature
15:26:41.936 [main] INFO  - 
  _____   ___   ___   _____     ___   _____     _     ___   _____   ___   ___  
 |_   _| | __| / __| |_   _|   / __| |_   _|   /_\   | _ \ |_   _| | __| |   \ 
   | |   | _|  \__ \   | |     \__ \   | |    / _ \  |   /   | |   | _|  | |) |
   |_|   |___| |___/   |_|     |___/   |_|   /_/ \_\ |_|_\   |_|   |___| |___/ 

user tidak bisa login karena tidak mengisi password(login;user-tidak-bisa-login-karena-tidak-mengisi-password)
--------------------------------------------------------------------------------
15:26:41.968 [main] DEBUG net.thucydides.core.steps.StepInterceptor - STARTING STEP: LoginSteps.userBeradaDiHomepageAlta - diHomepageAltaShop
15:26:42.015 [main] INFO net.serenitybdd.core.webdriver.driverproviders.ChromeDriverProvider - Starting Chrome driver instance with capabilities:
15:26:42.015 [main] INFO net.serenitybdd.core.webdriver.driverproviders.ChromeDriverProvider - Capabilities {acceptInsecureCerts: true, browserName: chrome, goog:chromeOptions: {args: [remote-allow-origins=*, test-type, no-sandbox, ignore-certificate-errors, start-maximized, incognito, disable-infobars, disable-gpu, disable-default-apps, disable-popup-blocking, remote-allow-origins=*, test-type, no-sandbox, ignore-certificate-errors, start-maximized, incognito, disable-infobars, disable-gpu, disable-default-apps, disable-popup-blocking], extensions: []}}
15:26:42.095 [AsyncHttpClient-1-17] DEBUG org.asynchttpclient.netty.channel.NettyConnectListener - Using new Channel '[id: 0x08f2bc7b, L:/127.0.0.1:57860 - R:localhost/127.0.0.1:35941]' for 'POST' to '/session'
15:26:42.653 [AsyncHttpClient-1-1] DEBUG org.asynchttpclient.netty.channel.DefaultChannelPool - Entry count for : http://localhost:32390 : 1
15:26:42.653 [AsyncHttpClient-1-1] DEBUG org.asynchttpclient.netty.channel.DefaultChannelPool - Entry count for : http://localhost:57832 : 1
15:26:42.653 [AsyncHttpClient-1-1] DEBUG org.asynchttpclient.netty.channel.DefaultChannelPool - Adding Candidate expired Channel [id: 0x300d8788, L:/127.0.0.1:57831 ! R:localhost/127.0.0.1:32390] isIdleTimeoutExpired=false isRemotelyClosed=true isTtlExpired=false
15:26:42.653 [AsyncHttpClient-1-1] DEBUG org.asynchttpclient.netty.channel.DefaultChannelPool - Closing Idle Channel [id: 0x300d8788, L:/127.0.0.1:57831 ! R:localhost/127.0.0.1:32390]
15:26:42.653 [AsyncHttpClient-1-1] DEBUG org.asynchttpclient.netty.channel.DefaultChannelPool - Adding Candidate expired Channel [id: 0x2a8b7529, L:/127.0.0.1:57838 ! R:localhost/127.0.0.1:57832] isIdleTimeoutExpired=false isRemotelyClosed=true isTtlExpired=false
15:26:42.653 [AsyncHttpClient-1-1] DEBUG org.asynchttpclient.netty.channel.DefaultChannelPool - Closing Idle Channel [id: 0x2a8b7529, L:/127.0.0.1:57838 ! R:localhost/127.0.0.1:57832]
15:26:42.653 [AsyncHttpClient-1-1] DEBUG org.asynchttpclient.netty.channel.DefaultChannelPool - Closed 2 connections out of 2 in 0 ms
15:26:42.785 [AsyncHttpClient-1-17] DEBUG org.asynchttpclient.netty.handler.HttpHandler - 

Request DefaultHttpRequest(decodeResult: success, version: HTTP/1.1)
POST /session HTTP/1.1
User-Agent: selenium/4.7.1 (java windows)
Content-Length: 1629
Content-Type: application/json; charset=utf-8
host: localhost:35941
accept: */*

Response DefaultHttpResponse(decodeResult: success, version: HTTP/1.1)
HTTP/1.1 200 OK
Content-Type: application/json; charset=utf-8
cache-control: no-cache
content-length: 855

15:26:42.785 [AsyncHttpClient-1-17] DEBUG org.asynchttpclient.netty.channel.ChannelManager - Adding key: http://localhost:35941 for channel [id: 0x08f2bc7b, L:/127.0.0.1:57860 - R:localhost/127.0.0.1:35941]
15:26:42.798 [AsyncHttpClient-1-2] DEBUG org.asynchttpclient.netty.channel.NettyConnectListener - Using new Channel '[id: 0x2a0e6c51, L:/127.0.0.1:57867 - R:localhost/127.0.0.1:57861]' for 'GET' to '/json/version'
15:26:42.799 [AsyncHttpClient-1-2] DEBUG org.asynchttpclient.netty.handler.HttpHandler - 

Request DefaultFullHttpRequest(decodeResult: success, version: HTTP/1.1, content: EmptyByteBufBE)
GET /json/version HTTP/1.1
User-Agent: selenium/4.7.1 (java windows)
host: localhost:57861
accept: */*

Response DefaultHttpResponse(decodeResult: success, version: HTTP/1.1)
HTTP/1.1 200 OK
Content-Security-Policy: frame-ancestors 'none'
Content-Type: application/json; charset=UTF-8
content-length: 422

15:26:42.800 [AsyncHttpClient-1-2] DEBUG org.asynchttpclient.netty.channel.ChannelManager - Adding key: http://localhost:57861 for channel [id: 0x2a0e6c51, L:/127.0.0.1:57867 - R:localhost/127.0.0.1:57861]
15:26:42.803 [AsyncHttpClient-1-3] DEBUG org.asynchttpclient.netty.channel.NettyConnectListener - Using new Channel '[id: 0x6ce133f5, L:/127.0.0.1:57868 - R:localhost/127.0.0.1:57861]' for 'GET' to '/devtools/browser/d5e9dd55-37cd-41c9-a293-d06980adbfae'
15:26:42.805 [AsyncHttpClient-1-3] DEBUG org.asynchttpclient.netty.handler.WebSocketHandler - 

Request DefaultFullHttpRequest(decodeResult: success, version: HTTP/1.1, content: EmptyByteBufBE)
GET /devtools/browser/d5e9dd55-37cd-41c9-a293-d06980adbfae HTTP/1.1
upgrade: websocket
connection: upgrade
sec-websocket-key: zgzugzzoBqEFrN+oea1Fyw==
sec-websocket-version: 13
origin: http://localhost:57861
host: localhost:57861
accept: */*
user-agent: AHC/2.1

Response DefaultHttpResponse(decodeResult: success, version: HTTP/1.1)
HTTP/1.1 101 WebSocket Protocol Handshake
Upgrade: WebSocket
Connection: Upgrade
Sec-WebSocket-Accept: ktk2NeTVWzyDgGj/ilid4/ZiIvA=

15:26:42.812 [Forwarding get on session 8cb18db1be200e77767995632fb2bf45 to remote] DEBUG org.asynchttpclient.netty.request.NettyRequestSender - Using pooled Channel '[id: 0x08f2bc7b, L:/127.0.0.1:57860 - R:localhost/127.0.0.1:35941]' for 'POST' to 'http://localhost:35941/session/8cb18db1be200e77767995632fb2bf45/url'
15:26:42.812 [Forwarding get on session 8cb18db1be200e77767995632fb2bf45 to remote] DEBUG org.asynchttpclient.netty.request.NettyRequestSender - Using open Channel [id: 0x08f2bc7b, L:/127.0.0.1:57860 - R:localhost/127.0.0.1:35941] for POST '/session/8cb18db1be200e77767995632fb2bf45/url'
15:26:43.618 [AsyncHttpClient-1-17] DEBUG org.asynchttpclient.netty.handler.HttpHandler - 

Request DefaultHttpRequest(decodeResult: success, version: HTTP/1.1)
POST /session/8cb18db1be200e77767995632fb2bf45/url HTTP/1.1
User-Agent: selenium/4.7.1 (java windows)
Content-Length: 59
Content-Type: application/json; charset=utf-8
host: localhost:35941
accept: */*

Response DefaultHttpResponse(decodeResult: success, version: HTTP/1.1)
HTTP/1.1 200 OK
Content-Type: application/json; charset=utf-8
cache-control: no-cache
content-length: 14

15:26:43.618 [AsyncHttpClient-1-17] DEBUG org.asynchttpclient.netty.channel.ChannelManager - Adding key: http://localhost:35941 for channel [id: 0x08f2bc7b, L:/127.0.0.1:57860 - R:localhost/127.0.0.1:35941]
15:26:43.620 [Forwarding setTimeout on session 8cb18db1be200e77767995632fb2bf45 to remote] DEBUG org.asynchttpclient.netty.request.NettyRequestSender - Using pooled Channel '[id: 0x08f2bc7b, L:/127.0.0.1:57860 - R:localhost/127.0.0.1:35941]' for 'POST' to 'http://localhost:35941/session/8cb18db1be200e77767995632fb2bf45/timeouts'
15:26:43.620 [Forwarding setTimeout on session 8cb18db1be200e77767995632fb2bf45 to remote] DEBUG org.asynchttpclient.netty.request.NettyRequestSender - Using open Channel [id: 0x08f2bc7b, L:/127.0.0.1:57860 - R:localhost/127.0.0.1:35941] for POST '/session/8cb18db1be200e77767995632fb2bf45/timeouts'
15:26:43.624 [AsyncHttpClient-1-17] DEBUG org.asynchttpclient.netty.handler.HttpHandler - 

Request DefaultHttpRequest(decodeResult: success, version: HTTP/1.1)
POST /session/8cb18db1be200e77767995632fb2bf45/timeouts HTTP/1.1
User-Agent: selenium/4.7.1 (java windows)
Content-Length: 22
Content-Type: application/json; charset=utf-8
host: localhost:35941
accept: */*

Response DefaultHttpResponse(decodeResult: success, version: HTTP/1.1)
HTTP/1.1 200 OK
Content-Type: application/json; charset=utf-8
cache-control: no-cache
content-length: 14

15:26:43.625 [AsyncHttpClient-1-17] DEBUG org.asynchttpclient.netty.channel.ChannelManager - Adding key: http://localhost:35941 for channel [id: 0x08f2bc7b, L:/127.0.0.1:57860 - R:localhost/127.0.0.1:35941]
15:26:43.628 [Forwarding getCurrentUrl on session 8cb18db1be200e77767995632fb2bf45 to remote] DEBUG org.asynchttpclient.netty.request.NettyRequestSender - Using pooled Channel '[id: 0x08f2bc7b, L:/127.0.0.1:57860 - R:localhost/127.0.0.1:35941]' for 'GET' to 'http://localhost:35941/session/8cb18db1be200e77767995632fb2bf45/url'
15:26:43.628 [Forwarding getCurrentUrl on session 8cb18db1be200e77767995632fb2bf45 to remote] DEBUG org.asynchttpclient.netty.request.NettyRequestSender - Using open Channel [id: 0x08f2bc7b, L:/127.0.0.1:57860 - R:localhost/127.0.0.1:35941] for GET '/session/8cb18db1be200e77767995632fb2bf45/url'
15:26:43.635 [AsyncHttpClient-1-17] DEBUG org.asynchttpclient.netty.handler.HttpHandler - 

Request DefaultFullHttpRequest(decodeResult: success, version: HTTP/1.1, content: EmptyByteBufBE)
GET /session/8cb18db1be200e77767995632fb2bf45/url HTTP/1.1
User-Agent: selenium/4.7.1 (java windows)
Cache-Control: no-cache
Content-Type: application/json; charset=utf-8
host: localhost:35941
accept: */*

Response DefaultHttpResponse(decodeResult: success, version: HTTP/1.1)
HTTP/1.1 200 OK
Content-Type: application/json; charset=utf-8
cache-control: no-cache
content-length: 41

15:26:43.635 [AsyncHttpClient-1-17] DEBUG org.asynchttpclient.netty.channel.ChannelManager - Adding key: http://localhost:35941 for channel [id: 0x08f2bc7b, L:/127.0.0.1:57860 - R:localhost/127.0.0.1:35941]
15:26:43.640 [Forwarding getCurrentUrl on session 8cb18db1be200e77767995632fb2bf45 to remote] DEBUG org.asynchttpclient.netty.request.NettyRequestSender - Using pooled Channel '[id: 0x08f2bc7b, L:/127.0.0.1:57860 - R:localhost/127.0.0.1:35941]' for 'GET' to 'http://localhost:35941/session/8cb18db1be200e77767995632fb2bf45/url'
15:26:43.640 [Forwarding getCurrentUrl on session 8cb18db1be200e77767995632fb2bf45 to remote] DEBUG org.asynchttpclient.netty.request.NettyRequestSender - Using open Channel [id: 0x08f2bc7b, L:/127.0.0.1:57860 - R:localhost/127.0.0.1:35941] for GET '/session/8cb18db1be200e77767995632fb2bf45/url'
15:26:43.646 [AsyncHttpClient-1-17] DEBUG org.asynchttpclient.netty.handler.HttpHandler - 

Request DefaultFullHttpRequest(decodeResult: success, version: HTTP/1.1, content: EmptyByteBufBE)
GET /session/8cb18db1be200e77767995632fb2bf45/url HTTP/1.1
User-Agent: selenium/4.7.1 (java windows)
Cache-Control: no-cache
Content-Type: application/json; charset=utf-8
host: localhost:35941
accept: */*

Response DefaultHttpResponse(decodeResult: success, version: HTTP/1.1)
HTTP/1.1 200 OK
Content-Type: application/json; charset=utf-8
cache-control: no-cache
content-length: 41

15:26:43.647 [AsyncHttpClient-1-17] DEBUG org.asynchttpclient.netty.channel.ChannelManager - Adding key: http://localhost:35941 for channel [id: 0x08f2bc7b, L:/127.0.0.1:57860 - R:localhost/127.0.0.1:35941]
15:26:43.651 [Forwarding findElement on session 8cb18db1be200e77767995632fb2bf45 to remote] DEBUG org.asynchttpclient.netty.request.NettyRequestSender - Using pooled Channel '[id: 0x08f2bc7b, L:/127.0.0.1:57860 - R:localhost/127.0.0.1:35941]' for 'POST' to 'http://localhost:35941/session/8cb18db1be200e77767995632fb2bf45/element'
15:26:43.651 [Forwarding findElement on session 8cb18db1be200e77767995632fb2bf45 to remote] DEBUG org.asynchttpclient.netty.request.NettyRequestSender - Using open Channel [id: 0x08f2bc7b, L:/127.0.0.1:57860 - R:localhost/127.0.0.1:35941] for POST '/session/8cb18db1be200e77767995632fb2bf45/element'
15:26:43.675 [AsyncHttpClient-1-17] DEBUG org.asynchttpclient.netty.handler.HttpHandler - 

Request DefaultHttpRequest(decodeResult: success, version: HTTP/1.1)
POST /session/8cb18db1be200e77767995632fb2bf45/element HTTP/1.1
User-Agent: selenium/4.7.1 (java windows)
Content-Length: 108
Content-Type: application/json; charset=utf-8
host: localhost:35941
accept: */*

Response DefaultHttpResponse(decodeResult: success, version: HTTP/1.1)
HTTP/1.1 200 OK
Content-Type: application/json; charset=utf-8
cache-control: no-cache
content-length: 94

15:26:43.675 [AsyncHttpClient-1-17] DEBUG org.asynchttpclient.netty.channel.ChannelManager - Adding key: http://localhost:35941 for channel [id: 0x08f2bc7b, L:/127.0.0.1:57860 - R:localhost/127.0.0.1:35941]
15:26:43.680 [Forwarding isElementDisplayed on session 8cb18db1be200e77767995632fb2bf45 to remote] DEBUG org.asynchttpclient.netty.request.NettyRequestSender - Using pooled Channel '[id: 0x08f2bc7b, L:/127.0.0.1:57860 - R:localhost/127.0.0.1:35941]' for 'POST' to 'http://localhost:35941/session/8cb18db1be200e77767995632fb2bf45/execute/sync'
15:26:43.680 [Forwarding isElementDisplayed on session 8cb18db1be200e77767995632fb2bf45 to remote] DEBUG org.asynchttpclient.netty.request.NettyRequestSender - Using open Channel [id: 0x08f2bc7b, L:/127.0.0.1:57860 - R:localhost/127.0.0.1:35941] for POST '/session/8cb18db1be200e77767995632fb2bf45/execute/sync'
15:26:43.716 [AsyncHttpClient-1-17] DEBUG org.asynchttpclient.netty.handler.HttpHandler - 

Request DefaultHttpRequest(decodeResult: success, version: HTTP/1.1)
POST /session/8cb18db1be200e77767995632fb2bf45/execute/sync HTTP/1.1
User-Agent: selenium/4.7.1 (java windows)
Content-Length: 48786
Content-Type: application/json; charset=utf-8
host: localhost:35941
accept: */*

Response DefaultHttpResponse(decodeResult: success, version: HTTP/1.1)
HTTP/1.1 200 OK
Content-Type: application/json; charset=utf-8
cache-control: no-cache
content-length: 14

15:26:43.717 [AsyncHttpClient-1-17] DEBUG org.asynchttpclient.netty.channel.ChannelManager - Adding key: http://localhost:35941 for channel [id: 0x08f2bc7b, L:/127.0.0.1:57860 - R:localhost/127.0.0.1:35941]
15:26:43.725 [Forwarding isElementDisplayed on session 8cb18db1be200e77767995632fb2bf45 to remote] DEBUG org.asynchttpclient.netty.request.NettyRequestSender - Using pooled Channel '[id: 0x08f2bc7b, L:/127.0.0.1:57860 - R:localhost/127.0.0.1:35941]' for 'POST' to 'http://localhost:35941/session/8cb18db1be200e77767995632fb2bf45/execute/sync'
15:26:43.725 [Forwarding isElementDisplayed on session 8cb18db1be200e77767995632fb2bf45 to remote] DEBUG org.asynchttpclient.netty.request.NettyRequestSender - Using open Channel [id: 0x08f2bc7b, L:/127.0.0.1:57860 - R:localhost/127.0.0.1:35941] for POST '/session/8cb18db1be200e77767995632fb2bf45/execute/sync'
15:26:43.748 [AsyncHttpClient-1-1] DEBUG org.asynchttpclient.netty.channel.DefaultChannelPool - Entry count for : http://localhost:57861 : 1
15:26:43.777 [AsyncHttpClient-1-17] DEBUG org.asynchttpclient.netty.handler.HttpHandler - 

Request DefaultHttpRequest(decodeResult: success, version: HTTP/1.1)
POST /session/8cb18db1be200e77767995632fb2bf45/execute/sync HTTP/1.1
User-Agent: selenium/4.7.1 (java windows)
Content-Length: 48786
Content-Type: application/json; charset=utf-8
host: localhost:35941
accept: */*

Response DefaultHttpResponse(decodeResult: success, version: HTTP/1.1)
HTTP/1.1 200 OK
Content-Type: application/json; charset=utf-8
cache-control: no-cache
content-length: 14

15:26:43.778 [AsyncHttpClient-1-17] DEBUG org.asynchttpclient.netty.channel.ChannelManager - Adding key: http://localhost:35941 for channel [id: 0x08f2bc7b, L:/127.0.0.1:57860 - R:localhost/127.0.0.1:35941]
15:26:43.785 [Forwarding getCurrentWindowHandle on session 8cb18db1be200e77767995632fb2bf45 to remote] DEBUG org.asynchttpclient.netty.request.NettyRequestSender - Using pooled Channel '[id: 0x08f2bc7b, L:/127.0.0.1:57860 - R:localhost/127.0.0.1:35941]' for 'GET' to 'http://localhost:35941/session/8cb18db1be200e77767995632fb2bf45/window'
15:26:43.785 [Forwarding getCurrentWindowHandle on session 8cb18db1be200e77767995632fb2bf45 to remote] DEBUG org.asynchttpclient.netty.request.NettyRequestSender - Using open Channel [id: 0x08f2bc7b, L:/127.0.0.1:57860 - R:localhost/127.0.0.1:35941] for GET '/session/8cb18db1be200e77767995632fb2bf45/window'
15:26:43.786 [AsyncHttpClient-1-17] DEBUG org.asynchttpclient.netty.handler.HttpHandler - 

Request DefaultFullHttpRequest(decodeResult: success, version: HTTP/1.1, content: EmptyByteBufBE)
GET /session/8cb18db1be200e77767995632fb2bf45/window HTTP/1.1
User-Agent: selenium/4.7.1 (java windows)
Cache-Control: no-cache
Content-Type: application/json; charset=utf-8
host: localhost:35941
accept: */*

Response DefaultHttpResponse(decodeResult: success, version: HTTP/1.1)
HTTP/1.1 200 OK
Content-Type: application/json; charset=utf-8
cache-control: no-cache
content-length: 44

15:26:43.786 [AsyncHttpClient-1-17] DEBUG org.asynchttpclient.netty.channel.ChannelManager - Adding key: http://localhost:35941 for channel [id: 0x08f2bc7b, L:/127.0.0.1:57860 - R:localhost/127.0.0.1:35941]
15:26:43.788 [Forwarding getAlertText on session 8cb18db1be200e77767995632fb2bf45 to remote] DEBUG org.asynchttpclient.netty.request.NettyRequestSender - Using pooled Channel '[id: 0x08f2bc7b, L:/127.0.0.1:57860 - R:localhost/127.0.0.1:35941]' for 'GET' to 'http://localhost:35941/session/8cb18db1be200e77767995632fb2bf45/alert/text'
15:26:43.788 [Forwarding getAlertText on session 8cb18db1be200e77767995632fb2bf45 to remote] DEBUG org.asynchttpclient.netty.request.NettyRequestSender - Using open Channel [id: 0x08f2bc7b, L:/127.0.0.1:57860 - R:localhost/127.0.0.1:35941] for GET '/session/8cb18db1be200e77767995632fb2bf45/alert/text'
15:26:43.791 [AsyncHttpClient-1-17] DEBUG org.asynchttpclient.netty.handler.HttpHandler - 

Request DefaultFullHttpRequest(decodeResult: success, version: HTTP/1.1, content: EmptyByteBufBE)
GET /session/8cb18db1be200e77767995632fb2bf45/alert/text HTTP/1.1
User-Agent: selenium/4.7.1 (java windows)
Cache-Control: no-cache
Content-Type: application/json; charset=utf-8
host: localhost:35941
accept: */*

Response DefaultHttpResponse(decodeResult: success, version: HTTP/1.1)
HTTP/1.1 404 Not Found
Content-Type: application/json; charset=utf-8
cache-control: no-cache
content-length: 820

15:26:43.791 [AsyncHttpClient-1-17] DEBUG org.asynchttpclient.netty.channel.ChannelManager - Adding key: http://localhost:35941 for channel [id: 0x08f2bc7b, L:/127.0.0.1:57860 - R:localhost/127.0.0.1:35941]
15:26:43.794 [Forwarding switchToWindow on session 8cb18db1be200e77767995632fb2bf45 to remote] DEBUG org.asynchttpclient.netty.request.NettyRequestSender - Using pooled Channel '[id: 0x08f2bc7b, L:/127.0.0.1:57860 - R:localhost/127.0.0.1:35941]' for 'POST' to 'http://localhost:35941/session/8cb18db1be200e77767995632fb2bf45/window'
15:26:43.794 [Forwarding switchToWindow on session 8cb18db1be200e77767995632fb2bf45 to remote] DEBUG org.asynchttpclient.netty.request.NettyRequestSender - Using open Channel [id: 0x08f2bc7b, L:/127.0.0.1:57860 - R:localhost/127.0.0.1:35941] for POST '/session/8cb18db1be200e77767995632fb2bf45/window'
15:26:43.797 [AsyncHttpClient-1-17] DEBUG org.asynchttpclient.netty.handler.HttpHandler - 

Request DefaultHttpRequest(decodeResult: success, version: HTTP/1.1)
POST /session/8cb18db1be200e77767995632fb2bf45/window HTTP/1.1
User-Agent: selenium/4.7.1 (java windows)
Content-Length: 50
Content-Type: application/json; charset=utf-8
host: localhost:35941
accept: */*

Response DefaultHttpResponse(decodeResult: success, version: HTTP/1.1)
HTTP/1.1 200 OK
Content-Type: application/json; charset=utf-8
cache-control: no-cache
content-length: 14

15:26:43.798 [AsyncHttpClient-1-17] DEBUG org.asynchttpclient.netty.channel.ChannelManager - Adding key: http://localhost:35941 for channel [id: 0x08f2bc7b, L:/127.0.0.1:57860 - R:localhost/127.0.0.1:35941]
15:26:43.799 [Forwarding getCurrentUrl on session 8cb18db1be200e77767995632fb2bf45 to remote] DEBUG org.asynchttpclient.netty.request.NettyRequestSender - Using pooled Channel '[id: 0x08f2bc7b, L:/127.0.0.1:57860 - R:localhost/127.0.0.1:35941]' for 'GET' to 'http://localhost:35941/session/8cb18db1be200e77767995632fb2bf45/url'
15:26:43.799 [Forwarding getCurrentUrl on session 8cb18db1be200e77767995632fb2bf45 to remote] DEBUG org.asynchttpclient.netty.request.NettyRequestSender - Using open Channel [id: 0x08f2bc7b, L:/127.0.0.1:57860 - R:localhost/127.0.0.1:35941] for GET '/session/8cb18db1be200e77767995632fb2bf45/url'
15:26:43.806 [AsyncHttpClient-1-17] DEBUG org.asynchttpclient.netty.handler.HttpHandler - 

Request DefaultFullHttpRequest(decodeResult: success, version: HTTP/1.1, content: EmptyByteBufBE)
GET /session/8cb18db1be200e77767995632fb2bf45/url HTTP/1.1
User-Agent: selenium/4.7.1 (java windows)
Cache-Control: no-cache
Content-Type: application/json; charset=utf-8
host: localhost:35941
accept: */*

Response DefaultHttpResponse(decodeResult: success, version: HTTP/1.1)
HTTP/1.1 200 OK
Content-Type: application/json; charset=utf-8
cache-control: no-cache
content-length: 41

15:26:43.807 [AsyncHttpClient-1-17] DEBUG org.asynchttpclient.netty.channel.ChannelManager - Adding key: http://localhost:35941 for channel [id: 0x08f2bc7b, L:/127.0.0.1:57860 - R:localhost/127.0.0.1:35941]
15:26:43.808 [Forwarding screenshot on session 8cb18db1be200e77767995632fb2bf45 to remote] DEBUG org.asynchttpclient.netty.request.NettyRequestSender - Using pooled Channel '[id: 0x08f2bc7b, L:/127.0.0.1:57860 - R:localhost/127.0.0.1:35941]' for 'GET' to 'http://localhost:35941/session/8cb18db1be200e77767995632fb2bf45/screenshot'
15:26:43.808 [Forwarding screenshot on session 8cb18db1be200e77767995632fb2bf45 to remote] DEBUG org.asynchttpclient.netty.request.NettyRequestSender - Using open Channel [id: 0x08f2bc7b, L:/127.0.0.1:57860 - R:localhost/127.0.0.1:35941] for GET '/session/8cb18db1be200e77767995632fb2bf45/screenshot'
15:26:44.845 [AsyncHttpClient-1-1] DEBUG org.asynchttpclient.netty.channel.DefaultChannelPool - Entry count for : http://localhost:57861 : 1
15:26:45.948 [AsyncHttpClient-1-1] DEBUG org.asynchttpclient.netty.channel.DefaultChannelPool - Entry count for : http://localhost:57861 : 1
15:26:46.301 [AsyncHttpClient-1-17] DEBUG org.asynchttpclient.netty.handler.HttpHandler - 

Request DefaultFullHttpRequest(decodeResult: success, version: HTTP/1.1, content: EmptyByteBufBE)
GET /session/8cb18db1be200e77767995632fb2bf45/screenshot HTTP/1.1
User-Agent: selenium/4.7.1 (java windows)
Cache-Control: no-cache
Content-Type: application/json; charset=utf-8
host: localhost:35941
accept: */*

Response DefaultHttpResponse(decodeResult: success, version: HTTP/1.1)
HTTP/1.1 200 OK
Content-Type: application/json; charset=utf-8
cache-control: no-cache
content-length: 31476

15:26:46.302 [AsyncHttpClient-1-17] DEBUG org.asynchttpclient.netty.channel.ChannelManager - Adding key: http://localhost:35941 for channel [id: 0x08f2bc7b, L:/127.0.0.1:57860 - R:localhost/127.0.0.1:35941]
15:26:46.305 [main] DEBUG net.serenitybdd.core.photography.Darkroom - Send negative for processing for target\site\serenity\ab9ca6bf0e4c6b1f8aed7c2ddb084ef8513a09b615a15b5642be479956309364.png
15:26:46.305 [main] DEBUG net.thucydides.core.steps.StepInterceptor - STEP DONE: diHomepageAltaShop
15:26:46.305 [Darkroom Processing Line] DEBUG net.serenitybdd.core.photography.DarkroomProcessingLine - Processing screenshot image in /var/screenshots/screenshot-15088406100126136022
15:26:46.305 [Darkroom Processing Line] DEBUG net.serenitybdd.core.photography.DarkroomProcessingLine - Saving screenshot to target\site\serenity\ab9ca6bf0e4c6b1f8aed7c2ddb084ef8513a09b615a15b5642be479956309364.png
  &amp#27;[32mGiven &amp#27;[0m&amp#27;[32muser berada di Homepage AltaShop&amp#27;[0m                      &amp#27;[90m# starter.stepdefinitions.LoginSteps.userBeradaDiHomepageAlta()&amp#27;[0m
15:26:46.318 [main] DEBUG net.thucydides.core.steps.StepInterceptor - STARTING STEP: LoginSteps.userKlikButtonLogin - klikButtonLogin
15:26:46.322 [Forwarding findElement on session 8cb18db1be200e77767995632fb2bf45 to remote] DEBUG org.asynchttpclient.netty.request.NettyRequestSender - Using pooled Channel '[id: 0x08f2bc7b, L:/127.0.0.1:57860 - R:localhost/127.0.0.1:35941]' for 'POST' to 'http://localhost:35941/session/8cb18db1be200e77767995632fb2bf45/element'
15:26:46.322 [Forwarding findElement on session 8cb18db1be200e77767995632fb2bf45 to remote] DEBUG org.asynchttpclient.netty.request.NettyRequestSender - Using open Channel [id: 0x08f2bc7b, L:/127.0.0.1:57860 - R:localhost/127.0.0.1:35941] for POST '/session/8cb18db1be200e77767995632fb2bf45/element'
15:26:46.336 [AsyncHttpClient-1-17] DEBUG org.asynchttpclient.netty.handler.HttpHandler - 

Request DefaultHttpRequest(decodeResult: success, version: HTTP/1.1)
POST /session/8cb18db1be200e77767995632fb2bf45/element HTTP/1.1
User-Agent: selenium/4.7.1 (java windows)
Content-Length: 108
Content-Type: application/json; charset=utf-8
host: localhost:35941
accept: */*

Response DefaultHttpResponse(decodeResult: success, version: HTTP/1.1)
HTTP/1.1 200 OK
Content-Type: application/json; charset=utf-8
cache-control: no-cache
content-length: 94

15:26:46.336 [AsyncHttpClient-1-17] DEBUG org.asynchttpclient.netty.channel.ChannelManager - Adding key: http://localhost:35941 for channel [id: 0x08f2bc7b, L:/127.0.0.1:57860 - R:localhost/127.0.0.1:35941]
15:26:46.336 [Forwarding getElementTagName on session 8cb18db1be200e77767995632fb2bf45 to remote] DEBUG org.asynchttpclient.netty.request.NettyRequestSender - Using pooled Channel '[id: 0x08f2bc7b, L:/127.0.0.1:57860 - R:localhost/127.0.0.1:35941]' for 'GET' to 'http://localhost:35941/session/8cb18db1be200e77767995632fb2bf45/element/0A37863A55EA0FC85573B0AA6E8F0D08_element_5/name'
15:26:46.336 [Forwarding getElementTagName on session 8cb18db1be200e77767995632fb2bf45 to remote] DEBUG org.asynchttpclient.netty.request.NettyRequestSender - Using open Channel [id: 0x08f2bc7b, L:/127.0.0.1:57860 - R:localhost/127.0.0.1:35941] for GET '/session/8cb18db1be200e77767995632fb2bf45/element/0A37863A55EA0FC85573B0AA6E8F0D08_element_5/name'
15:26:46.336 [AsyncHttpClient-1-17] DEBUG org.asynchttpclient.netty.handler.HttpHandler - 

Request DefaultFullHttpRequest(decodeResult: success, version: HTTP/1.1, content: EmptyByteBufBE)
GET /session/8cb18db1be200e77767995632fb2bf45/element/0A37863A55EA0FC85573B0AA6E8F0D08_element_5/name HTTP/1.1
User-Agent: selenium/4.7.1 (java windows)
Cache-Control: no-cache
Content-Type: application/json; charset=utf-8
host: localhost:35941
accept: */*

Response DefaultHttpResponse(decodeResult: success, version: HTTP/1.1)
HTTP/1.1 200 OK
Content-Type: application/json; charset=utf-8
cache-control: no-cache
content-length: 18

15:26:46.336 [AsyncHttpClient-1-17] DEBUG org.asynchttpclient.netty.channel.ChannelManager - Adding key: http://localhost:35941 for channel [id: 0x08f2bc7b, L:/127.0.0.1:57860 - R:localhost/127.0.0.1:35941]
15:26:46.336 [Forwarding getElementTagName on session 8cb18db1be200e77767995632fb2bf45 to remote] DEBUG org.asynchttpclient.netty.request.NettyRequestSender - Using pooled Channel '[id: 0x08f2bc7b, L:/127.0.0.1:57860 - R:localhost/127.0.0.1:35941]' for 'GET' to 'http://localhost:35941/session/8cb18db1be200e77767995632fb2bf45/element/0A37863A55EA0FC85573B0AA6E8F0D08_element_5/name'
15:26:46.336 [Forwarding getElementTagName on session 8cb18db1be200e77767995632fb2bf45 to remote] DEBUG org.asynchttpclient.netty.request.NettyRequestSender - Using open Channel [id: 0x08f2bc7b, L:/127.0.0.1:57860 - R:localhost/127.0.0.1:35941] for GET '/session/8cb18db1be200e77767995632fb2bf45/element/0A37863A55EA0FC85573B0AA6E8F0D08_element_5/name'
15:26:46.352 [AsyncHttpClient-1-17] DEBUG org.asynchttpclient.netty.handler.HttpHandler - 

Request DefaultFullHttpRequest(decodeResult: success, version: HTTP/1.1, content: EmptyByteBufBE)
GET /session/8cb18db1be200e77767995632fb2bf45/element/0A37863A55EA0FC85573B0AA6E8F0D08_element_5/name HTTP/1.1
User-Agent: selenium/4.7.1 (java windows)
Cache-Control: no-cache
Content-Type: application/json; charset=utf-8
host: localhost:35941
accept: */*

Response DefaultHttpResponse(decodeResult: success, version: HTTP/1.1)
HTTP/1.1 200 OK
Content-Type: application/json; charset=utf-8
cache-control: no-cache
content-length: 18

15:26:46.352 [AsyncHttpClient-1-17] DEBUG org.asynchttpclient.netty.channel.ChannelManager - Adding key: http://localhost:35941 for channel [id: 0x08f2bc7b, L:/127.0.0.1:57860 - R:localhost/127.0.0.1:35941]
15:26:46.352 [Forwarding isElementEnabled on session 8cb18db1be200e77767995632fb2bf45 to remote] DEBUG org.asynchttpclient.netty.request.NettyRequestSender - Using pooled Channel '[id: 0x08f2bc7b, L:/127.0.0.1:57860 - R:localhost/127.0.0.1:35941]' for 'GET' to 'http://localhost:35941/session/8cb18db1be200e77767995632fb2bf45/element/0A37863A55EA0FC85573B0AA6E8F0D08_element_5/enabled'
15:26:46.352 [Forwarding isElementEnabled on session 8cb18db1be200e77767995632fb2bf45 to remote] DEBUG org.asynchttpclient.netty.request.NettyRequestSender - Using open Channel [id: 0x08f2bc7b, L:/127.0.0.1:57860 - R:localhost/127.0.0.1:35941] for GET '/session/8cb18db1be200e77767995632fb2bf45/element/0A37863A55EA0FC85573B0AA6E8F0D08_element_5/enabled'
15:26:46.368 [AsyncHttpClient-1-17] DEBUG org.asynchttpclient.netty.handler.HttpHandler - 

Request DefaultFullHttpRequest(decodeResult: success, version: HTTP/1.1, content: EmptyByteBufBE)
GET /session/8cb18db1be200e77767995632fb2bf45/element/0A37863A55EA0FC85573B0AA6E8F0D08_element_5/enabled HTTP/1.1
User-Agent: selenium/4.7.1 (java windows)
Cache-Control: no-cache
Content-Type: application/json; charset=utf-8
host: localhost:35941
accept: */*

Response DefaultHttpResponse(decodeResult: success, version: HTTP/1.1)
HTTP/1.1 200 OK
Content-Type: application/json; charset=utf-8
cache-control: no-cache
content-length: 14

15:26:46.368 [AsyncHttpClient-1-17] DEBUG org.asynchttpclient.netty.channel.ChannelManager - Adding key: http://localhost:35941 for channel [id: 0x08f2bc7b, L:/127.0.0.1:57860 - R:localhost/127.0.0.1:35941]
15:26:46.368 [Forwarding isElementEnabled on session 8cb18db1be200e77767995632fb2bf45 to remote] DEBUG org.asynchttpclient.netty.request.NettyRequestSender - Using pooled Channel '[id: 0x08f2bc7b, L:/127.0.0.1:57860 - R:localhost/127.0.0.1:35941]' for 'GET' to 'http://localhost:35941/session/8cb18db1be200e77767995632fb2bf45/element/0A37863A55EA0FC85573B0AA6E8F0D08_element_5/enabled'
15:26:46.368 [Forwarding isElementEnabled on session 8cb18db1be200e77767995632fb2bf45 to remote] DEBUG org.asynchttpclient.netty.request.NettyRequestSender - Using open Channel [id: 0x08f2bc7b, L:/127.0.0.1:57860 - R:localhost/127.0.0.1:35941] for GET '/session/8cb18db1be200e77767995632fb2bf45/element/0A37863A55EA0FC85573B0AA6E8F0D08_element_5/enabled'
15:26:46.368 [AsyncHttpClient-1-17] DEBUG org.asynchttpclient.netty.handler.HttpHandler - 

Request DefaultFullHttpRequest(decodeResult: success, version: HTTP/1.1, content: EmptyByteBufBE)
GET /session/8cb18db1be200e77767995632fb2bf45/element/0A37863A55EA0FC85573B0AA6E8F0D08_element_5/enabled HTTP/1.1
User-Agent: selenium/4.7.1 (java windows)
Cache-Control: no-cache
Content-Type: application/json; charset=utf-8
host: localhost:35941
accept: */*

Response DefaultHttpResponse(decodeResult: success, version: HTTP/1.1)
HTTP/1.1 200 OK
Content-Type: application/json; charset=utf-8
cache-control: no-cache
content-length: 14

15:26:46.368 [AsyncHttpClient-1-17] DEBUG org.asynchttpclient.netty.channel.ChannelManager - Adding key: http://localhost:35941 for channel [id: 0x08f2bc7b, L:/127.0.0.1:57860 - R:localhost/127.0.0.1:35941]
15:26:46.368 [Forwarding findElement on session 8cb18db1be200e77767995632fb2bf45 to remote] DEBUG org.asynchttpclient.netty.request.NettyRequestSender - Using pooled Channel '[id: 0x08f2bc7b, L:/127.0.0.1:57860 - R:localhost/127.0.0.1:35941]' for 'POST' to 'http://localhost:35941/session/8cb18db1be200e77767995632fb2bf45/element'
15:26:46.368 [Forwarding findElement on session 8cb18db1be200e77767995632fb2bf45 to remote] DEBUG org.asynchttpclient.netty.request.NettyRequestSender - Using open Channel [id: 0x08f2bc7b, L:/127.0.0.1:57860 - R:localhost/127.0.0.1:35941] for POST '/session/8cb18db1be200e77767995632fb2bf45/element'
15:26:46.399 [AsyncHttpClient-1-17] DEBUG org.asynchttpclient.netty.handler.HttpHandler - 

Request DefaultHttpRequest(decodeResult: success, version: HTTP/1.1)
POST /session/8cb18db1be200e77767995632fb2bf45/element HTTP/1.1
User-Agent: selenium/4.7.1 (java windows)
Content-Length: 108
Content-Type: application/json; charset=utf-8
host: localhost:35941
accept: */*

Response DefaultHttpResponse(decodeResult: success, version: HTTP/1.1)
HTTP/1.1 200 OK
Content-Type: application/json; charset=utf-8
cache-control: no-cache
content-length: 94

15:26:46.399 [AsyncHttpClient-1-17] DEBUG org.asynchttpclient.netty.channel.ChannelManager - Adding key: http://localhost:35941 for channel [id: 0x08f2bc7b, L:/127.0.0.1:57860 - R:localhost/127.0.0.1:35941]
15:26:46.399 [Forwarding clickElement on session 8cb18db1be200e77767995632fb2bf45 to remote] DEBUG org.asynchttpclient.netty.request.NettyRequestSender - Using pooled Channel '[id: 0x08f2bc7b, L:/127.0.0.1:57860 - R:localhost/127.0.0.1:35941]' for 'POST' to 'http://localhost:35941/session/8cb18db1be200e77767995632fb2bf45/element/0A37863A55EA0FC85573B0AA6E8F0D08_element_5/click'
15:26:46.399 [Forwarding clickElement on session 8cb18db1be200e77767995632fb2bf45 to remote] DEBUG org.asynchttpclient.netty.request.NettyRequestSender - Using open Channel [id: 0x08f2bc7b, L:/127.0.0.1:57860 - R:localhost/127.0.0.1:35941] for POST '/session/8cb18db1be200e77767995632fb2bf45/element/0A37863A55EA0FC85573B0AA6E8F0D08_element_5/click'
15:26:46.471 [AsyncHttpClient-1-17] DEBUG org.asynchttpclient.netty.handler.HttpHandler - 

Request DefaultHttpRequest(decodeResult: success, version: HTTP/1.1)
POST /session/8cb18db1be200e77767995632fb2bf45/element/0A37863A55EA0FC85573B0AA6E8F0D08_element_5/click HTTP/1.1
User-Agent: selenium/4.7.1 (java windows)
Content-Length: 56
Content-Type: application/json; charset=utf-8
host: localhost:35941
accept: */*

Response DefaultHttpResponse(decodeResult: success, version: HTTP/1.1)
HTTP/1.1 200 OK
Content-Type: application/json; charset=utf-8
cache-control: no-cache
content-length: 14

15:26:46.471 [AsyncHttpClient-1-17] DEBUG org.asynchttpclient.netty.channel.ChannelManager - Adding key: http://localhost:35941 for channel [id: 0x08f2bc7b, L:/127.0.0.1:57860 - R:localhost/127.0.0.1:35941]
15:26:46.481 [Forwarding getCurrentWindowHandle on session 8cb18db1be200e77767995632fb2bf45 to remote] DEBUG org.asynchttpclient.netty.request.NettyRequestSender - Using pooled Channel '[id: 0x08f2bc7b, L:/127.0.0.1:57860 - R:localhost/127.0.0.1:35941]' for 'GET' to 'http://localhost:35941/session/8cb18db1be200e77767995632fb2bf45/window'
15:26:46.482 [Forwarding getCurrentWindowHandle on session 8cb18db1be200e77767995632fb2bf45 to remote] DEBUG org.asynchttpclient.netty.request.NettyRequestSender - Using open Channel [id: 0x08f2bc7b, L:/127.0.0.1:57860 - R:localhost/127.0.0.1:35941] for GET '/session/8cb18db1be200e77767995632fb2bf45/window'
15:26:46.483 [AsyncHttpClient-1-17] DEBUG org.asynchttpclient.netty.handler.HttpHandler - 

Request DefaultFullHttpRequest(decodeResult: success, version: HTTP/1.1, content: EmptyByteBufBE)
GET /session/8cb18db1be200e77767995632fb2bf45/window HTTP/1.1
User-Agent: selenium/4.7.1 (java windows)
Cache-Control: no-cache
Content-Type: application/json; charset=utf-8
host: localhost:35941
accept: */*

Response DefaultHttpResponse(decodeResult: success, version: HTTP/1.1)
HTTP/1.1 200 OK
Content-Type: application/json; charset=utf-8
cache-control: no-cache
content-length: 44

15:26:46.483 [AsyncHttpClient-1-17] DEBUG org.asynchttpclient.netty.channel.ChannelManager - Adding key: http://localhost:35941 for channel [id: 0x08f2bc7b, L:/127.0.0.1:57860 - R:localhost/127.0.0.1:35941]
15:26:46.484 [Forwarding getAlertText on session 8cb18db1be200e77767995632fb2bf45 to remote] DEBUG org.asynchttpclient.netty.request.NettyRequestSender - Using pooled Channel '[id: 0x08f2bc7b, L:/127.0.0.1:57860 - R:localhost/127.0.0.1:35941]' for 'GET' to 'http://localhost:35941/session/8cb18db1be200e77767995632fb2bf45/alert/text'
15:26:46.484 [Forwarding getAlertText on session 8cb18db1be200e77767995632fb2bf45 to remote] DEBUG org.asynchttpclient.netty.request.NettyRequestSender - Using open Channel [id: 0x08f2bc7b, L:/127.0.0.1:57860 - R:localhost/127.0.0.1:35941] for GET '/session/8cb18db1be200e77767995632fb2bf45/alert/text'
15:26:46.749 [AsyncHttpClient-1-17] DEBUG org.asynchttpclient.netty.handler.HttpHandler - 

Request DefaultFullHttpRequest(decodeResult: success, version: HTTP/1.1, content: EmptyByteBufBE)
GET /session/8cb18db1be200e77767995632fb2bf45/alert/text HTTP/1.1
User-Agent: selenium/4.7.1 (java windows)
Cache-Control: no-cache
Content-Type: application/json; charset=utf-8
host: localhost:35941
accept: */*

Response DefaultHttpResponse(decodeResult: success, version: HTTP/1.1)
HTTP/1.1 404 Not Found
Content-Type: application/json; charset=utf-8
cache-control: no-cache
content-length: 820

15:26:46.750 [AsyncHttpClient-1-17] DEBUG org.asynchttpclient.netty.channel.ChannelManager - Adding key: http://localhost:35941 for channel [id: 0x08f2bc7b, L:/127.0.0.1:57860 - R:localhost/127.0.0.1:35941]
15:26:46.752 [Forwarding switchToWindow on session 8cb18db1be200e77767995632fb2bf45 to remote] DEBUG org.asynchttpclient.netty.request.NettyRequestSender - Using pooled Channel '[id: 0x08f2bc7b, L:/127.0.0.1:57860 - R:localhost/127.0.0.1:35941]' for 'POST' to 'http://localhost:35941/session/8cb18db1be200e77767995632fb2bf45/window'
15:26:46.752 [Forwarding switchToWindow on session 8cb18db1be200e77767995632fb2bf45 to remote] DEBUG org.asynchttpclient.netty.request.NettyRequestSender - Using open Channel [id: 0x08f2bc7b, L:/127.0.0.1:57860 - R:localhost/127.0.0.1:35941] for POST '/session/8cb18db1be200e77767995632fb2bf45/window'
15:26:46.754 [AsyncHttpClient-1-17] DEBUG org.asynchttpclient.netty.handler.HttpHandler - 

Request DefaultHttpRequest(decodeResult: success, version: HTTP/1.1)
POST /session/8cb18db1be200e77767995632fb2bf45/window HTTP/1.1
User-Agent: selenium/4.7.1 (java windows)
Content-Length: 50
Content-Type: application/json; charset=utf-8
host: localhost:35941
accept: */*

Response DefaultHttpResponse(decodeResult: success, version: HTTP/1.1)
HTTP/1.1 200 OK
Content-Type: application/json; charset=utf-8
cache-control: no-cache
content-length: 14

15:26:46.754 [AsyncHttpClient-1-17] DEBUG org.asynchttpclient.netty.channel.ChannelManager - Adding key: http://localhost:35941 for channel [id: 0x08f2bc7b, L:/127.0.0.1:57860 - R:localhost/127.0.0.1:35941]
15:26:46.755 [Forwarding getCurrentUrl on session 8cb18db1be200e77767995632fb2bf45 to remote] DEBUG org.asynchttpclient.netty.request.NettyRequestSender - Using pooled Channel '[id: 0x08f2bc7b, L:/127.0.0.1:57860 - R:localhost/127.0.0.1:35941]' for 'GET' to 'http://localhost:35941/session/8cb18db1be200e77767995632fb2bf45/url'
15:26:46.755 [Forwarding getCurrentUrl on session 8cb18db1be200e77767995632fb2bf45 to remote] DEBUG org.asynchttpclient.netty.request.NettyRequestSender - Using open Channel [id: 0x08f2bc7b, L:/127.0.0.1:57860 - R:localhost/127.0.0.1:35941] for GET '/session/8cb18db1be200e77767995632fb2bf45/url'
15:26:46.762 [AsyncHttpClient-1-17] DEBUG org.asynchttpclient.netty.handler.HttpHandler - 

Request DefaultFullHttpRequest(decodeResult: success, version: HTTP/1.1, content: EmptyByteBufBE)
GET /session/8cb18db1be200e77767995632fb2bf45/url HTTP/1.1
User-Agent: selenium/4.7.1 (java windows)
Cache-Control: no-cache
Content-Type: application/json; charset=utf-8
host: localhost:35941
accept: */*

Response DefaultHttpResponse(decodeResult: success, version: HTTP/1.1)
HTTP/1.1 200 OK
Content-Type: application/json; charset=utf-8
cache-control: no-cache
content-length: 51

15:26:46.762 [AsyncHttpClient-1-17] DEBUG org.asynchttpclient.netty.channel.ChannelManager - Adding key: http://localhost:35941 for channel [id: 0x08f2bc7b, L:/127.0.0.1:57860 - R:localhost/127.0.0.1:35941]
15:26:46.763 [Forwarding screenshot on session 8cb18db1be200e77767995632fb2bf45 to remote] DEBUG org.asynchttpclient.netty.request.NettyRequestSender - Using pooled Channel '[id: 0x08f2bc7b, L:/127.0.0.1:57860 - R:localhost/127.0.0.1:35941]' for 'GET' to 'http://localhost:35941/session/8cb18db1be200e77767995632fb2bf45/screenshot'
15:26:46.763 [Forwarding screenshot on session 8cb18db1be200e77767995632fb2bf45 to remote] DEBUG org.asynchttpclient.netty.request.NettyRequestSender - Using open Channel [id: 0x08f2bc7b, L:/127.0.0.1:57860 - R:localhost/127.0.0.1:35941] for GET '/session/8cb18db1be200e77767995632fb2bf45/screenshot'
15:26:46.840 [AsyncHttpClient-1-17] DEBUG org.asynchttpclient.netty.handler.HttpHandler - 

Request DefaultFullHttpRequest(decodeResult: success, version: HTTP/1.1, content: EmptyByteBufBE)
GET /session/8cb18db1be200e77767995632fb2bf45/screenshot HTTP/1.1
User-Agent: selenium/4.7.1 (java windows)
Cache-Control: no-cache
Content-Type: application/json; charset=utf-8
host: localhost:35941
accept: */*

Response DefaultHttpResponse(decodeResult: success, version: HTTP/1.1)
HTTP/1.1 200 OK
Content-Type: application/json; charset=utf-8
cache-control: no-cache
content-length: 26172

15:26:46.841 [AsyncHttpClient-1-17] DEBUG org.asynchttpclient.netty.channel.ChannelManager - Adding key: http://localhost:35941 for channel [id: 0x08f2bc7b, L:/127.0.0.1:57860 - R:localhost/127.0.0.1:35941]
15:26:46.842 [main] DEBUG net.serenitybdd.core.photography.Darkroom - Send negative for processing for target\site\serenity\f035198f28bcaf95684f4b1a3b9e5d031fc0873bb044f55c4913aef571773aa0.png
15:26:46.843 [main] DEBUG net.thucydides.core.steps.StepInterceptor - STEP DONE: klikButtonLogin
  &amp#27;[32mWhen &amp#27;[0m&amp#27;[32muser klik button login&amp#27;[0m                                 &amp#27;[90m# starter.stepdefinitions.LoginSteps.userKlikButtonLogin()&amp#27;[0m
15:26:46.853 [main] DEBUG net.thucydides.core.steps.StepInterceptor - STARTING STEP: LoginSteps.userInputEmailValid - inputEmail
15:26:46.857 [Forwarding findElement on session 8cb18db1be200e77767995632fb2bf45 to remote] DEBUG org.asynchttpclient.netty.request.NettyRequestSender - Using pooled Channel '[id: 0x08f2bc7b, L:/127.0.0.1:57860 - R:localhost/127.0.0.1:35941]' for 'POST' to 'http://localhost:35941/session/8cb18db1be200e77767995632fb2bf45/element'
15:26:46.857 [Forwarding findElement on session 8cb18db1be200e77767995632fb2bf45 to remote] DEBUG org.asynchttpclient.netty.request.NettyRequestSender - Using open Channel [id: 0x08f2bc7b, L:/127.0.0.1:57860 - R:localhost/127.0.0.1:35941] for POST '/session/8cb18db1be200e77767995632fb2bf45/element'
15:26:46.873 [AsyncHttpClient-1-17] DEBUG org.asynchttpclient.netty.handler.HttpHandler - 

Request DefaultHttpRequest(decodeResult: success, version: HTTP/1.1)
POST /session/8cb18db1be200e77767995632fb2bf45/element HTTP/1.1
User-Agent: selenium/4.7.1 (java windows)
Content-Length: 187
Content-Type: application/json; charset=utf-8
host: localhost:35941
accept: */*

Response DefaultHttpResponse(decodeResult: success, version: HTTP/1.1)
HTTP/1.1 200 OK
Content-Type: application/json; charset=utf-8
cache-control: no-cache
content-length: 94

15:26:46.873 [AsyncHttpClient-1-17] DEBUG org.asynchttpclient.netty.channel.ChannelManager - Adding key: http://localhost:35941 for channel [id: 0x08f2bc7b, L:/127.0.0.1:57860 - R:localhost/127.0.0.1:35941]
15:26:46.875 [Forwarding clearElement on session 8cb18db1be200e77767995632fb2bf45 to remote] DEBUG org.asynchttpclient.netty.request.NettyRequestSender - Using pooled Channel '[id: 0x08f2bc7b, L:/127.0.0.1:57860 - R:localhost/127.0.0.1:35941]' for 'POST' to 'http://localhost:35941/session/8cb18db1be200e77767995632fb2bf45/element/0A37863A55EA0FC85573B0AA6E8F0D08_element_8/clear'
15:26:46.875 [Forwarding clearElement on session 8cb18db1be200e77767995632fb2bf45 to remote] DEBUG org.asynchttpclient.netty.request.NettyRequestSender - Using open Channel [id: 0x08f2bc7b, L:/127.0.0.1:57860 - R:localhost/127.0.0.1:35941] for POST '/session/8cb18db1be200e77767995632fb2bf45/element/0A37863A55EA0FC85573B0AA6E8F0D08_element_8/clear'
15:26:46.916 [AsyncHttpClient-1-17] DEBUG org.asynchttpclient.netty.handler.HttpHandler - 

Request DefaultHttpRequest(decodeResult: success, version: HTTP/1.1)
POST /session/8cb18db1be200e77767995632fb2bf45/element/0A37863A55EA0FC85573B0AA6E8F0D08_element_8/clear HTTP/1.1
User-Agent: selenium/4.7.1 (java windows)
Content-Length: 56
Content-Type: application/json; charset=utf-8
host: localhost:35941
accept: */*

Response DefaultHttpResponse(decodeResult: success, version: HTTP/1.1)
HTTP/1.1 200 OK
Content-Type: application/json; charset=utf-8
cache-control: no-cache
content-length: 14

15:26:46.916 [AsyncHttpClient-1-17] DEBUG org.asynchttpclient.netty.channel.ChannelManager - Adding key: http://localhost:35941 for channel [id: 0x08f2bc7b, L:/127.0.0.1:57860 - R:localhost/127.0.0.1:35941]
15:26:46.918 [Forwarding sendKeysToElement on session 8cb18db1be200e77767995632fb2bf45 to remote] DEBUG org.asynchttpclient.netty.request.NettyRequestSender - Using pooled Channel '[id: 0x08f2bc7b, L:/127.0.0.1:57860 - R:localhost/127.0.0.1:35941]' for 'POST' to 'http://localhost:35941/session/8cb18db1be200e77767995632fb2bf45/element/0A37863A55EA0FC85573B0AA6E8F0D08_element_8/value'
15:26:46.918 [Forwarding sendKeysToElement on session 8cb18db1be200e77767995632fb2bf45 to remote] DEBUG org.asynchttpclient.netty.request.NettyRequestSender - Using open Channel [id: 0x08f2bc7b, L:/127.0.0.1:57860 - R:localhost/127.0.0.1:35941] for POST '/session/8cb18db1be200e77767995632fb2bf45/element/0A37863A55EA0FC85573B0AA6E8F0D08_element_8/value'
15:26:47.026 [AsyncHttpClient-1-17] DEBUG org.asynchttpclient.netty.handler.HttpHandler - 

Request DefaultHttpRequest(decodeResult: success, version: HTTP/1.1)
POST /session/8cb18db1be200e77767995632fb2bf45/element/0A37863A55EA0FC85573B0AA6E8F0D08_element_8/value HTTP/1.1
User-Agent: selenium/4.7.1 (java windows)
Content-Length: 217
Content-Type: application/json; charset=utf-8
host: localhost:35941
accept: */*

Response DefaultHttpResponse(decodeResult: success, version: HTTP/1.1)
HTTP/1.1 200 OK
Content-Type: application/json; charset=utf-8
cache-control: no-cache
content-length: 14

15:26:47.026 [AsyncHttpClient-1-17] DEBUG org.asynchttpclient.netty.channel.ChannelManager - Adding key: http://localhost:35941 for channel [id: 0x08f2bc7b, L:/127.0.0.1:57860 - R:localhost/127.0.0.1:35941]
15:26:47.032 [Forwarding getCurrentWindowHandle on session 8cb18db1be200e77767995632fb2bf45 to remote] DEBUG org.asynchttpclient.netty.request.NettyRequestSender - Using pooled Channel '[id: 0x08f2bc7b, L:/127.0.0.1:57860 - R:localhost/127.0.0.1:35941]' for 'GET' to 'http://localhost:35941/session/8cb18db1be200e77767995632fb2bf45/window'
15:26:47.032 [Forwarding getCurrentWindowHandle on session 8cb18db1be200e77767995632fb2bf45 to remote] DEBUG org.asynchttpclient.netty.request.NettyRequestSender - Using open Channel [id: 0x08f2bc7b, L:/127.0.0.1:57860 - R:localhost/127.0.0.1:35941] for GET '/session/8cb18db1be200e77767995632fb2bf45/window'
15:26:47.033 [AsyncHttpClient-1-17] DEBUG org.asynchttpclient.netty.handler.HttpHandler - 

Request DefaultFullHttpRequest(decodeResult: success, version: HTTP/1.1, content: EmptyByteBufBE)
GET /session/8cb18db1be200e77767995632fb2bf45/window HTTP/1.1
User-Agent: selenium/4.7.1 (java windows)
Cache-Control: no-cache
Content-Type: application/json; charset=utf-8
host: localhost:35941
accept: */*

Response DefaultHttpResponse(decodeResult: success, version: HTTP/1.1)
HTTP/1.1 200 OK
Content-Type: application/json; charset=utf-8
cache-control: no-cache
content-length: 44

15:26:47.033 [AsyncHttpClient-1-17] DEBUG org.asynchttpclient.netty.channel.ChannelManager - Adding key: http://localhost:35941 for channel [id: 0x08f2bc7b, L:/127.0.0.1:57860 - R:localhost/127.0.0.1:35941]
15:26:47.034 [Forwarding getAlertText on session 8cb18db1be200e77767995632fb2bf45 to remote] DEBUG org.asynchttpclient.netty.request.NettyRequestSender - Using pooled Channel '[id: 0x08f2bc7b, L:/127.0.0.1:57860 - R:localhost/127.0.0.1:35941]' for 'GET' to 'http://localhost:35941/session/8cb18db1be200e77767995632fb2bf45/alert/text'
15:26:47.034 [Forwarding getAlertText on session 8cb18db1be200e77767995632fb2bf45 to remote] DEBUG org.asynchttpclient.netty.request.NettyRequestSender - Using open Channel [id: 0x08f2bc7b, L:/127.0.0.1:57860 - R:localhost/127.0.0.1:35941] for GET '/session/8cb18db1be200e77767995632fb2bf45/alert/text'
15:26:47.036 [AsyncHttpClient-1-17] DEBUG org.asynchttpclient.netty.handler.HttpHandler - 

Request DefaultFullHttpRequest(decodeResult: success, version: HTTP/1.1, content: EmptyByteBufBE)
GET /session/8cb18db1be200e77767995632fb2bf45/alert/text HTTP/1.1
User-Agent: selenium/4.7.1 (java windows)
Cache-Control: no-cache
Content-Type: application/json; charset=utf-8
host: localhost:35941
accept: */*

Response DefaultHttpResponse(decodeResult: success, version: HTTP/1.1)
HTTP/1.1 404 Not Found
Content-Type: application/json; charset=utf-8
cache-control: no-cache
content-length: 820

15:26:47.036 [AsyncHttpClient-1-17] DEBUG org.asynchttpclient.netty.channel.ChannelManager - Adding key: http://localhost:35941 for channel [id: 0x08f2bc7b, L:/127.0.0.1:57860 - R:localhost/127.0.0.1:35941]
15:26:47.039 [Forwarding switchToWindow on session 8cb18db1be200e77767995632fb2bf45 to remote] DEBUG org.asynchttpclient.netty.request.NettyRequestSender - Using pooled Channel '[id: 0x08f2bc7b, L:/127.0.0.1:57860 - R:localhost/127.0.0.1:35941]' for 'POST' to 'http://localhost:35941/session/8cb18db1be200e77767995632fb2bf45/window'
15:26:47.039 [Forwarding switchToWindow on session 8cb18db1be200e77767995632fb2bf45 to remote] DEBUG org.asynchttpclient.netty.request.NettyRequestSender - Using open Channel [id: 0x08f2bc7b, L:/127.0.0.1:57860 - R:localhost/127.0.0.1:35941] for POST '/session/8cb18db1be200e77767995632fb2bf45/window'
15:26:47.041 [AsyncHttpClient-1-17] DEBUG org.asynchttpclient.netty.handler.HttpHandler - 

Request DefaultHttpRequest(decodeResult: success, version: HTTP/1.1)
POST /session/8cb18db1be200e77767995632fb2bf45/window HTTP/1.1
User-Agent: selenium/4.7.1 (java windows)
Content-Length: 50
Content-Type: application/json; charset=utf-8
host: localhost:35941
accept: */*

Response DefaultHttpResponse(decodeResult: success, version: HTTP/1.1)
HTTP/1.1 200 OK
Content-Type: application/json; charset=utf-8
cache-control: no-cache
content-length: 14

15:26:47.041 [AsyncHttpClient-1-17] DEBUG org.asynchttpclient.netty.channel.ChannelManager - Adding key: http://localhost:35941 for channel [id: 0x08f2bc7b, L:/127.0.0.1:57860 - R:localhost/127.0.0.1:35941]
15:26:47.042 [Forwarding getCurrentUrl on session 8cb18db1be200e77767995632fb2bf45 to remote] DEBUG org.asynchttpclient.netty.request.NettyRequestSender - Using pooled Channel '[id: 0x08f2bc7b, L:/127.0.0.1:57860 - R:localhost/127.0.0.1:35941]' for 'GET' to 'http://localhost:35941/session/8cb18db1be200e77767995632fb2bf45/url'
15:26:47.042 [Forwarding getCurrentUrl on session 8cb18db1be200e77767995632fb2bf45 to remote] DEBUG org.asynchttpclient.netty.request.NettyRequestSender - Using open Channel [id: 0x08f2bc7b, L:/127.0.0.1:57860 - R:localhost/127.0.0.1:35941] for GET '/session/8cb18db1be200e77767995632fb2bf45/url'
15:26:47.046 [AsyncHttpClient-1-1] DEBUG org.asynchttpclient.netty.channel.DefaultChannelPool - Entry count for : http://localhost:57861 : 1
15:26:47.046 [AsyncHttpClient-1-17] DEBUG org.asynchttpclient.netty.handler.HttpHandler - 

Request DefaultFullHttpRequest(decodeResult: success, version: HTTP/1.1, content: EmptyByteBufBE)
GET /session/8cb18db1be200e77767995632fb2bf45/url HTTP/1.1
User-Agent: selenium/4.7.1 (java windows)
Cache-Control: no-cache
Content-Type: application/json; charset=utf-8
host: localhost:35941
accept: */*

Response DefaultHttpResponse(decodeResult: success, version: HTTP/1.1)
HTTP/1.1 200 OK
Content-Type: application/json; charset=utf-8
cache-control: no-cache
content-length: 51

15:26:47.046 [AsyncHttpClient-1-17] DEBUG org.asynchttpclient.netty.channel.ChannelManager - Adding key: http://localhost:35941 for channel [id: 0x08f2bc7b, L:/127.0.0.1:57860 - R:localhost/127.0.0.1:35941]
15:26:47.047 [Forwarding screenshot on session 8cb18db1be200e77767995632fb2bf45 to remote] DEBUG org.asynchttpclient.netty.request.NettyRequestSender - Using pooled Channel '[id: 0x08f2bc7b, L:/127.0.0.1:57860 - R:localhost/127.0.0.1:35941]' for 'GET' to 'http://localhost:35941/session/8cb18db1be200e77767995632fb2bf45/screenshot'
15:26:47.047 [Forwarding screenshot on session 8cb18db1be200e77767995632fb2bf45 to remote] DEBUG org.asynchttpclient.netty.request.NettyRequestSender - Using open Channel [id: 0x08f2bc7b, L:/127.0.0.1:57860 - R:localhost/127.0.0.1:35941] for GET '/session/8cb18db1be200e77767995632fb2bf45/screenshot'
15:26:47.173 [AsyncHttpClient-1-17] DEBUG org.asynchttpclient.netty.handler.HttpHandler - 

Request DefaultFullHttpRequest(decodeResult: success, version: HTTP/1.1, content: EmptyByteBufBE)
GET /session/8cb18db1be200e77767995632fb2bf45/screenshot HTTP/1.1
User-Agent: selenium/4.7.1 (java windows)
Cache-Control: no-cache
Content-Type: application/json; charset=utf-8
host: localhost:35941
accept: */*

Response DefaultHttpResponse(decodeResult: success, version: HTTP/1.1)
HTTP/1.1 200 OK
Content-Type: application/json; charset=utf-8
cache-control: no-cache
content-length: 29848

15:26:47.173 [AsyncHttpClient-1-17] DEBUG org.asynchttpclient.netty.channel.ChannelManager - Adding key: http://localhost:35941 for channel [id: 0x08f2bc7b, L:/127.0.0.1:57860 - R:localhost/127.0.0.1:35941]
15:26:47.175 [main] DEBUG net.serenitybdd.core.photography.Darkroom - Send negative for processing for target\site\serenity\d722fbddb410b1e52ad1b1a59f3e34cc71cbd65df885cffb2f8d8482d024cc5f.png
15:26:47.175 [main] DEBUG net.thucydides.core.steps.StepInterceptor - STEP DONE: inputEmail
15:26:47.175 [Darkroom Processing Line] DEBUG net.serenitybdd.core.photography.DarkroomProcessingLine - Processing screenshot image in /var/screenshots/screenshot-10667979057826513992
  &amp#27;[32mAnd &amp#27;[0m&amp#27;[32muser input email valid&amp#27;[0m                                  &amp#27;[90m# starter.stepdefinitions.LoginSteps.userInputEmailValid()&amp#27;[0m
15:26:47.175 [Darkroom Processing Line] DEBUG net.serenitybdd.core.photography.DarkroomProcessingLine - Saving screenshot to target\site\serenity\d722fbddb410b1e52ad1b1a59f3e34cc71cbd65df885cffb2f8d8482d024cc5f.png
15:26:47.186 [main] DEBUG net.thucydides.core.steps.StepInterceptor - STARTING STEP: LoginSteps.userNotInputPassword - inputPassword
15:26:47.188 [Forwarding findElement on session 8cb18db1be200e77767995632fb2bf45 to remote] DEBUG org.asynchttpclient.netty.request.NettyRequestSender - Using pooled Channel '[id: 0x08f2bc7b, L:/127.0.0.1:57860 - R:localhost/127.0.0.1:35941]' for 'POST' to 'http://localhost:35941/session/8cb18db1be200e77767995632fb2bf45/element'
15:26:47.188 [Forwarding findElement on session 8cb18db1be200e77767995632fb2bf45 to remote] DEBUG org.asynchttpclient.netty.request.NettyRequestSender - Using open Channel [id: 0x08f2bc7b, L:/127.0.0.1:57860 - R:localhost/127.0.0.1:35941] for POST '/session/8cb18db1be200e77767995632fb2bf45/element'
15:26:47.205 [AsyncHttpClient-1-17] DEBUG org.asynchttpclient.netty.handler.HttpHandler - 

Request DefaultHttpRequest(decodeResult: success, version: HTTP/1.1)
POST /session/8cb18db1be200e77767995632fb2bf45/element HTTP/1.1
User-Agent: selenium/4.7.1 (java windows)
Content-Length: 187
Content-Type: application/json; charset=utf-8
host: localhost:35941
accept: */*

Response DefaultHttpResponse(decodeResult: success, version: HTTP/1.1)
HTTP/1.1 200 OK
Content-Type: application/json; charset=utf-8
cache-control: no-cache
content-length: 95

15:26:47.206 [AsyncHttpClient-1-17] DEBUG org.asynchttpclient.netty.channel.ChannelManager - Adding key: http://localhost:35941 for channel [id: 0x08f2bc7b, L:/127.0.0.1:57860 - R:localhost/127.0.0.1:35941]
15:26:47.207 [Forwarding clearElement on session 8cb18db1be200e77767995632fb2bf45 to remote] DEBUG org.asynchttpclient.netty.request.NettyRequestSender - Using pooled Channel '[id: 0x08f2bc7b, L:/127.0.0.1:57860 - R:localhost/127.0.0.1:35941]' for 'POST' to 'http://localhost:35941/session/8cb18db1be200e77767995632fb2bf45/element/0A37863A55EA0FC85573B0AA6E8F0D08_element_10/clear'
15:26:47.207 [Forwarding clearElement on session 8cb18db1be200e77767995632fb2bf45 to remote] DEBUG org.asynchttpclient.netty.request.NettyRequestSender - Using open Channel [id: 0x08f2bc7b, L:/127.0.0.1:57860 - R:localhost/127.0.0.1:35941] for POST '/session/8cb18db1be200e77767995632fb2bf45/element/0A37863A55EA0FC85573B0AA6E8F0D08_element_10/clear'
15:26:47.239 [AsyncHttpClient-1-17] DEBUG org.asynchttpclient.netty.handler.HttpHandler - 

Request DefaultHttpRequest(decodeResult: success, version: HTTP/1.1)
POST /session/8cb18db1be200e77767995632fb2bf45/element/0A37863A55EA0FC85573B0AA6E8F0D08_element_10/clear HTTP/1.1
User-Agent: selenium/4.7.1 (java windows)
Content-Length: 57
Content-Type: application/json; charset=utf-8
host: localhost:35941
accept: */*

Response DefaultHttpResponse(decodeResult: success, version: HTTP/1.1)
HTTP/1.1 200 OK
Content-Type: application/json; charset=utf-8
cache-control: no-cache
content-length: 14

15:26:47.239 [AsyncHttpClient-1-17] DEBUG org.asynchttpclient.netty.channel.ChannelManager - Adding key: http://localhost:35941 for channel [id: 0x08f2bc7b, L:/127.0.0.1:57860 - R:localhost/127.0.0.1:35941]
15:26:47.240 [Forwarding sendKeysToElement on session 8cb18db1be200e77767995632fb2bf45 to remote] DEBUG org.asynchttpclient.netty.request.NettyRequestSender - Using pooled Channel '[id: 0x08f2bc7b, L:/127.0.0.1:57860 - R:localhost/127.0.0.1:35941]' for 'POST' to 'http://localhost:35941/session/8cb18db1be200e77767995632fb2bf45/element/0A37863A55EA0FC85573B0AA6E8F0D08_element_10/value'
15:26:47.241 [Forwarding sendKeysToElement on session 8cb18db1be200e77767995632fb2bf45 to remote] DEBUG org.asynchttpclient.netty.request.NettyRequestSender - Using open Channel [id: 0x08f2bc7b, L:/127.0.0.1:57860 - R:localhost/127.0.0.1:35941] for POST '/session/8cb18db1be200e77767995632fb2bf45/element/0A37863A55EA0FC85573B0AA6E8F0D08_element_10/value'
15:26:47.293 [AsyncHttpClient-1-17] DEBUG org.asynchttpclient.netty.handler.HttpHandler - 

Request DefaultHttpRequest(decodeResult: success, version: HTTP/1.1)
POST /session/8cb18db1be200e77767995632fb2bf45/element/0A37863A55EA0FC85573B0AA6E8F0D08_element_10/value HTTP/1.1
User-Agent: selenium/4.7.1 (java windows)
Content-Length: 89
Content-Type: application/json; charset=utf-8
host: localhost:35941
accept: */*

Response DefaultHttpResponse(decodeResult: success, version: HTTP/1.1)
HTTP/1.1 200 OK
Content-Type: application/json; charset=utf-8
cache-control: no-cache
content-length: 14

15:26:47.294 [AsyncHttpClient-1-17] DEBUG org.asynchttpclient.netty.channel.ChannelManager - Adding key: http://localhost:35941 for channel [id: 0x08f2bc7b, L:/127.0.0.1:57860 - R:localhost/127.0.0.1:35941]
15:26:47.300 [Forwarding getCurrentWindowHandle on session 8cb18db1be200e77767995632fb2bf45 to remote] DEBUG org.asynchttpclient.netty.request.NettyRequestSender - Using pooled Channel '[id: 0x08f2bc7b, L:/127.0.0.1:57860 - R:localhost/127.0.0.1:35941]' for 'GET' to 'http://localhost:35941/session/8cb18db1be200e77767995632fb2bf45/window'
15:26:47.300 [Forwarding getCurrentWindowHandle on session 8cb18db1be200e77767995632fb2bf45 to remote] DEBUG org.asynchttpclient.netty.request.NettyRequestSender - Using open Channel [id: 0x08f2bc7b, L:/127.0.0.1:57860 - R:localhost/127.0.0.1:35941] for GET '/session/8cb18db1be200e77767995632fb2bf45/window'
15:26:47.301 [AsyncHttpClient-1-17] DEBUG org.asynchttpclient.netty.handler.HttpHandler - 

Request DefaultFullHttpRequest(decodeResult: success, version: HTTP/1.1, content: EmptyByteBufBE)
GET /session/8cb18db1be200e77767995632fb2bf45/window HTTP/1.1
User-Agent: selenium/4.7.1 (java windows)
Cache-Control: no-cache
Content-Type: application/json; charset=utf-8
host: localhost:35941
accept: */*

Response DefaultHttpResponse(decodeResult: success, version: HTTP/1.1)
HTTP/1.1 200 OK
Content-Type: application/json; charset=utf-8
cache-control: no-cache
content-length: 44

15:26:47.301 [AsyncHttpClient-1-17] DEBUG org.asynchttpclient.netty.channel.ChannelManager - Adding key: http://localhost:35941 for channel [id: 0x08f2bc7b, L:/127.0.0.1:57860 - R:localhost/127.0.0.1:35941]
15:26:47.303 [Forwarding getAlertText on session 8cb18db1be200e77767995632fb2bf45 to remote] DEBUG org.asynchttpclient.netty.request.NettyRequestSender - Using pooled Channel '[id: 0x08f2bc7b, L:/127.0.0.1:57860 - R:localhost/127.0.0.1:35941]' for 'GET' to 'http://localhost:35941/session/8cb18db1be200e77767995632fb2bf45/alert/text'
15:26:47.303 [Forwarding getAlertText on session 8cb18db1be200e77767995632fb2bf45 to remote] DEBUG org.asynchttpclient.netty.request.NettyRequestSender - Using open Channel [id: 0x08f2bc7b, L:/127.0.0.1:57860 - R:localhost/127.0.0.1:35941] for GET '/session/8cb18db1be200e77767995632fb2bf45/alert/text'
15:26:47.305 [AsyncHttpClient-1-17] DEBUG org.asynchttpclient.netty.handler.HttpHandler - 

Request DefaultFullHttpRequest(decodeResult: success, version: HTTP/1.1, content: EmptyByteBufBE)
GET /session/8cb18db1be200e77767995632fb2bf45/alert/text HTTP/1.1
User-Agent: selenium/4.7.1 (java windows)
Cache-Control: no-cache
Content-Type: application/json; charset=utf-8
host: localhost:35941
accept: */*

Response DefaultHttpResponse(decodeResult: success, version: HTTP/1.1)
HTTP/1.1 404 Not Found
Content-Type: application/json; charset=utf-8
cache-control: no-cache
content-length: 820

15:26:47.306 [AsyncHttpClient-1-17] DEBUG org.asynchttpclient.netty.channel.ChannelManager - Adding key: http://localhost:35941 for channel [id: 0x08f2bc7b, L:/127.0.0.1:57860 - R:localhost/127.0.0.1:35941]
15:26:47.307 [Forwarding switchToWindow on session 8cb18db1be200e77767995632fb2bf45 to remote] DEBUG org.asynchttpclient.netty.request.NettyRequestSender - Using pooled Channel '[id: 0x08f2bc7b, L:/127.0.0.1:57860 - R:localhost/127.0.0.1:35941]' for 'POST' to 'http://localhost:35941/session/8cb18db1be200e77767995632fb2bf45/window'
15:26:47.307 [Forwarding switchToWindow on session 8cb18db1be200e77767995632fb2bf45 to remote] DEBUG org.asynchttpclient.netty.request.NettyRequestSender - Using open Channel [id: 0x08f2bc7b, L:/127.0.0.1:57860 - R:localhost/127.0.0.1:35941] for POST '/session/8cb18db1be200e77767995632fb2bf45/window'
15:26:47.309 [AsyncHttpClient-1-17] DEBUG org.asynchttpclient.netty.handler.HttpHandler - 

Request DefaultHttpRequest(decodeResult: success, version: HTTP/1.1)
POST /session/8cb18db1be200e77767995632fb2bf45/window HTTP/1.1
User-Agent: selenium/4.7.1 (java windows)
Content-Length: 50
Content-Type: application/json; charset=utf-8
host: localhost:35941
accept: */*

Response DefaultHttpResponse(decodeResult: success, version: HTTP/1.1)
HTTP/1.1 200 OK
Content-Type: application/json; charset=utf-8
cache-control: no-cache
content-length: 14

15:26:47.309 [AsyncHttpClient-1-17] DEBUG org.asynchttpclient.netty.channel.ChannelManager - Adding key: http://localhost:35941 for channel [id: 0x08f2bc7b, L:/127.0.0.1:57860 - R:localhost/127.0.0.1:35941]
15:26:47.309 [Forwarding getCurrentUrl on session 8cb18db1be200e77767995632fb2bf45 to remote] DEBUG org.asynchttpclient.netty.request.NettyRequestSender - Using pooled Channel '[id: 0x08f2bc7b, L:/127.0.0.1:57860 - R:localhost/127.0.0.1:35941]' for 'GET' to 'http://localhost:35941/session/8cb18db1be200e77767995632fb2bf45/url'
15:26:47.309 [Forwarding getCurrentUrl on session 8cb18db1be200e77767995632fb2bf45 to remote] DEBUG org.asynchttpclient.netty.request.NettyRequestSender - Using open Channel [id: 0x08f2bc7b, L:/127.0.0.1:57860 - R:localhost/127.0.0.1:35941] for GET '/session/8cb18db1be200e77767995632fb2bf45/url'
15:26:47.313 [AsyncHttpClient-1-17] DEBUG org.asynchttpclient.netty.handler.HttpHandler - 

Request DefaultFullHttpRequest(decodeResult: success, version: HTTP/1.1, content: EmptyByteBufBE)
GET /session/8cb18db1be200e77767995632fb2bf45/url HTTP/1.1
User-Agent: selenium/4.7.1 (java windows)
Cache-Control: no-cache
Content-Type: application/json; charset=utf-8
host: localhost:35941
accept: */*

Response DefaultHttpResponse(decodeResult: success, version: HTTP/1.1)
HTTP/1.1 200 OK
Content-Type: application/json; charset=utf-8
cache-control: no-cache
content-length: 51

15:26:47.313 [AsyncHttpClient-1-17] DEBUG org.asynchttpclient.netty.channel.ChannelManager - Adding key: http://localhost:35941 for channel [id: 0x08f2bc7b, L:/127.0.0.1:57860 - R:localhost/127.0.0.1:35941]
15:26:47.314 [Forwarding screenshot on session 8cb18db1be200e77767995632fb2bf45 to remote] DEBUG org.asynchttpclient.netty.request.NettyRequestSender - Using pooled Channel '[id: 0x08f2bc7b, L:/127.0.0.1:57860 - R:localhost/127.0.0.1:35941]' for 'GET' to 'http://localhost:35941/session/8cb18db1be200e77767995632fb2bf45/screenshot'
15:26:47.314 [Forwarding screenshot on session 8cb18db1be200e77767995632fb2bf45 to remote] DEBUG org.asynchttpclient.netty.request.NettyRequestSender - Using open Channel [id: 0x08f2bc7b, L:/127.0.0.1:57860 - R:localhost/127.0.0.1:35941] for GET '/session/8cb18db1be200e77767995632fb2bf45/screenshot'
15:26:47.442 [AsyncHttpClient-1-17] DEBUG org.asynchttpclient.netty.handler.HttpHandler - 

Request DefaultFullHttpRequest(decodeResult: success, version: HTTP/1.1, content: EmptyByteBufBE)
GET /session/8cb18db1be200e77767995632fb2bf45/screenshot HTTP/1.1
User-Agent: selenium/4.7.1 (java windows)
Cache-Control: no-cache
Content-Type: application/json; charset=utf-8
host: localhost:35941
accept: */*

Response DefaultHttpResponse(decodeResult: success, version: HTTP/1.1)
HTTP/1.1 200 OK
Content-Type: application/json; charset=utf-8
cache-control: no-cache
content-length: 29452

15:26:47.443 [AsyncHttpClient-1-17] DEBUG org.asynchttpclient.netty.channel.ChannelManager - Adding key: http://localhost:35941 for channel [id: 0x08f2bc7b, L:/127.0.0.1:57860 - R:localhost/127.0.0.1:35941]
15:26:47.444 [main] DEBUG net.serenitybdd.core.photography.Darkroom - Send negative for processing for target\site\serenity\acd7419bda26ca7fc80db709970d25fa7a5d1a9a024448a783b420ed132f4c83.png
15:26:47.444 [main] DEBUG net.thucydides.core.steps.StepInterceptor - STEP DONE: inputPassword
  &amp#27;[32mAnd &amp#27;[0m&amp#27;[32muser not input password&amp#27;[0m                                 &amp#27;[90m# starter.stepdefinitions.LoginSteps.userNotInputPassword()&amp#27;[0m
15:26:47.445 [Darkroom Processing Line] DEBUG net.serenitybdd.core.photography.DarkroomProcessingLine - Processing screenshot image in /var/screenshots/screenshot-11007781369402867414
15:26:47.445 [Darkroom Processing Line] DEBUG net.serenitybdd.core.photography.DarkroomProcessingLine - Saving screenshot to target\site\serenity\acd7419bda26ca7fc80db709970d25fa7a5d1a9a024448a783b420ed132f4c83.png
15:26:47.454 [main] DEBUG net.thucydides.core.steps.StepInterceptor - STARTING STEP: LoginSteps.userKlikButtonLoginYangKedua - klikButtonLoginKedua
15:26:47.457 [Forwarding findElement on session 8cb18db1be200e77767995632fb2bf45 to remote] DEBUG org.asynchttpclient.netty.request.NettyRequestSender - Using pooled Channel '[id: 0x08f2bc7b, L:/127.0.0.1:57860 - R:localhost/127.0.0.1:35941]' for 'POST' to 'http://localhost:35941/session/8cb18db1be200e77767995632fb2bf45/element'
15:26:47.457 [Forwarding findElement on session 8cb18db1be200e77767995632fb2bf45 to remote] DEBUG org.asynchttpclient.netty.request.NettyRequestSender - Using open Channel [id: 0x08f2bc7b, L:/127.0.0.1:57860 - R:localhost/127.0.0.1:35941] for POST '/session/8cb18db1be200e77767995632fb2bf45/element'
15:26:47.473 [AsyncHttpClient-1-17] DEBUG org.asynchttpclient.netty.handler.HttpHandler - 

Request DefaultHttpRequest(decodeResult: success, version: HTTP/1.1)
POST /session/8cb18db1be200e77767995632fb2bf45/element HTTP/1.1
User-Agent: selenium/4.7.1 (java windows)
Content-Length: 141
Content-Type: application/json; charset=utf-8
host: localhost:35941
accept: */*

Response DefaultHttpResponse(decodeResult: success, version: HTTP/1.1)
HTTP/1.1 200 OK
Content-Type: application/json; charset=utf-8
cache-control: no-cache
content-length: 95

15:26:47.473 [AsyncHttpClient-1-17] DEBUG org.asynchttpclient.netty.channel.ChannelManager - Adding key: http://localhost:35941 for channel [id: 0x08f2bc7b, L:/127.0.0.1:57860 - R:localhost/127.0.0.1:35941]
15:26:47.474 [Forwarding getElementTagName on session 8cb18db1be200e77767995632fb2bf45 to remote] DEBUG org.asynchttpclient.netty.request.NettyRequestSender - Using pooled Channel '[id: 0x08f2bc7b, L:/127.0.0.1:57860 - R:localhost/127.0.0.1:35941]' for 'GET' to 'http://localhost:35941/session/8cb18db1be200e77767995632fb2bf45/element/0A37863A55EA0FC85573B0AA6E8F0D08_element_13/name'
15:26:47.474 [Forwarding getElementTagName on session 8cb18db1be200e77767995632fb2bf45 to remote] DEBUG org.asynchttpclient.netty.request.NettyRequestSender - Using open Channel [id: 0x08f2bc7b, L:/127.0.0.1:57860 - R:localhost/127.0.0.1:35941] for GET '/session/8cb18db1be200e77767995632fb2bf45/element/0A37863A55EA0FC85573B0AA6E8F0D08_element_13/name'
15:26:47.479 [AsyncHttpClient-1-17] DEBUG org.asynchttpclient.netty.handler.HttpHandler - 

Request DefaultFullHttpRequest(decodeResult: success, version: HTTP/1.1, content: EmptyByteBufBE)
GET /session/8cb18db1be200e77767995632fb2bf45/element/0A37863A55EA0FC85573B0AA6E8F0D08_element_13/name HTTP/1.1
User-Agent: selenium/4.7.1 (java windows)
Cache-Control: no-cache
Content-Type: application/json; charset=utf-8
host: localhost:35941
accept: */*

Response DefaultHttpResponse(decodeResult: success, version: HTTP/1.1)
HTTP/1.1 200 OK
Content-Type: application/json; charset=utf-8
cache-control: no-cache
content-length: 18

15:26:47.479 [AsyncHttpClient-1-17] DEBUG org.asynchttpclient.netty.channel.ChannelManager - Adding key: http://localhost:35941 for channel [id: 0x08f2bc7b, L:/127.0.0.1:57860 - R:localhost/127.0.0.1:35941]
15:26:47.480 [Forwarding getElementTagName on session 8cb18db1be200e77767995632fb2bf45 to remote] DEBUG org.asynchttpclient.netty.request.NettyRequestSender - Using pooled Channel '[id: 0x08f2bc7b, L:/127.0.0.1:57860 - R:localhost/127.0.0.1:35941]' for 'GET' to 'http://localhost:35941/session/8cb18db1be200e77767995632fb2bf45/element/0A37863A55EA0FC85573B0AA6E8F0D08_element_13/name'
15:26:47.480 [Forwarding getElementTagName on session 8cb18db1be200e77767995632fb2bf45 to remote] DEBUG org.asynchttpclient.netty.request.NettyRequestSender - Using open Channel [id: 0x08f2bc7b, L:/127.0.0.1:57860 - R:localhost/127.0.0.1:35941] for GET '/session/8cb18db1be200e77767995632fb2bf45/element/0A37863A55EA0FC85573B0AA6E8F0D08_element_13/name'
15:26:47.485 [AsyncHttpClient-1-17] DEBUG org.asynchttpclient.netty.handler.HttpHandler - 

Request DefaultFullHttpRequest(decodeResult: success, version: HTTP/1.1, content: EmptyByteBufBE)
GET /session/8cb18db1be200e77767995632fb2bf45/element/0A37863A55EA0FC85573B0AA6E8F0D08_element_13/name HTTP/1.1
User-Agent: selenium/4.7.1 (java windows)
Cache-Control: no-cache
Content-Type: application/json; charset=utf-8
host: localhost:35941
accept: */*

Response DefaultHttpResponse(decodeResult: success, version: HTTP/1.1)
HTTP/1.1 200 OK
Content-Type: application/json; charset=utf-8
cache-control: no-cache
content-length: 18

15:26:47.485 [AsyncHttpClient-1-17] DEBUG org.asynchttpclient.netty.channel.ChannelManager - Adding key: http://localhost:35941 for channel [id: 0x08f2bc7b, L:/127.0.0.1:57860 - R:localhost/127.0.0.1:35941]
15:26:47.487 [Forwarding isElementEnabled on session 8cb18db1be200e77767995632fb2bf45 to remote] DEBUG org.asynchttpclient.netty.request.NettyRequestSender - Using pooled Channel '[id: 0x08f2bc7b, L:/127.0.0.1:57860 - R:localhost/127.0.0.1:35941]' for 'GET' to 'http://localhost:35941/session/8cb18db1be200e77767995632fb2bf45/element/0A37863A55EA0FC85573B0AA6E8F0D08_element_13/enabled'
15:26:47.487 [Forwarding isElementEnabled on session 8cb18db1be200e77767995632fb2bf45 to remote] DEBUG org.asynchttpclient.netty.request.NettyRequestSender - Using open Channel [id: 0x08f2bc7b, L:/127.0.0.1:57860 - R:localhost/127.0.0.1:35941] for GET '/session/8cb18db1be200e77767995632fb2bf45/element/0A37863A55EA0FC85573B0AA6E8F0D08_element_13/enabled'
15:26:47.500 [AsyncHttpClient-1-17] DEBUG org.asynchttpclient.netty.handler.HttpHandler - 

Request DefaultFullHttpRequest(decodeResult: success, version: HTTP/1.1, content: EmptyByteBufBE)
GET /session/8cb18db1be200e77767995632fb2bf45/element/0A37863A55EA0FC85573B0AA6E8F0D08_element_13/enabled HTTP/1.1
User-Agent: selenium/4.7.1 (java windows)
Cache-Control: no-cache
Content-Type: application/json; charset=utf-8
host: localhost:35941
accept: */*

Response DefaultHttpResponse(decodeResult: success, version: HTTP/1.1)
HTTP/1.1 200 OK
Content-Type: application/json; charset=utf-8
cache-control: no-cache
content-length: 14

15:26:47.501 [AsyncHttpClient-1-17] DEBUG org.asynchttpclient.netty.channel.ChannelManager - Adding key: http://localhost:35941 for channel [id: 0x08f2bc7b, L:/127.0.0.1:57860 - R:localhost/127.0.0.1:35941]
15:26:47.502 [Forwarding isElementEnabled on session 8cb18db1be200e77767995632fb2bf45 to remote] DEBUG org.asynchttpclient.netty.request.NettyRequestSender - Using pooled Channel '[id: 0x08f2bc7b, L:/127.0.0.1:57860 - R:localhost/127.0.0.1:35941]' for 'GET' to 'http://localhost:35941/session/8cb18db1be200e77767995632fb2bf45/element/0A37863A55EA0FC85573B0AA6E8F0D08_element_13/enabled'
15:26:47.502 [Forwarding isElementEnabled on session 8cb18db1be200e77767995632fb2bf45 to remote] DEBUG org.asynchttpclient.netty.request.NettyRequestSender - Using open Channel [id: 0x08f2bc7b, L:/127.0.0.1:57860 - R:localhost/127.0.0.1:35941] for GET '/session/8cb18db1be200e77767995632fb2bf45/element/0A37863A55EA0FC85573B0AA6E8F0D08_element_13/enabled'
15:26:47.514 [AsyncHttpClient-1-17] DEBUG org.asynchttpclient.netty.handler.HttpHandler - 

Request DefaultFullHttpRequest(decodeResult: success, version: HTTP/1.1, content: EmptyByteBufBE)
GET /session/8cb18db1be200e77767995632fb2bf45/element/0A37863A55EA0FC85573B0AA6E8F0D08_element_13/enabled HTTP/1.1
User-Agent: selenium/4.7.1 (java windows)
Cache-Control: no-cache
Content-Type: application/json; charset=utf-8
host: localhost:35941
accept: */*

Response DefaultHttpResponse(decodeResult: success, version: HTTP/1.1)
HTTP/1.1 200 OK
Content-Type: application/json; charset=utf-8
cache-control: no-cache
content-length: 14

15:26:47.514 [AsyncHttpClient-1-17] DEBUG org.asynchttpclient.netty.channel.ChannelManager - Adding key: http://localhost:35941 for channel [id: 0x08f2bc7b, L:/127.0.0.1:57860 - R:localhost/127.0.0.1:35941]
15:26:47.516 [Forwarding findElement on session 8cb18db1be200e77767995632fb2bf45 to remote] DEBUG org.asynchttpclient.netty.request.NettyRequestSender - Using pooled Channel '[id: 0x08f2bc7b, L:/127.0.0.1:57860 - R:localhost/127.0.0.1:35941]' for 'POST' to 'http://localhost:35941/session/8cb18db1be200e77767995632fb2bf45/element'
15:26:47.516 [Forwarding findElement on session 8cb18db1be200e77767995632fb2bf45 to remote] DEBUG org.asynchttpclient.netty.request.NettyRequestSender - Using open Channel [id: 0x08f2bc7b, L:/127.0.0.1:57860 - R:localhost/127.0.0.1:35941] for POST '/session/8cb18db1be200e77767995632fb2bf45/element'
15:26:47.527 [AsyncHttpClient-1-17] DEBUG org.asynchttpclient.netty.handler.HttpHandler - 

Request DefaultHttpRequest(decodeResult: success, version: HTTP/1.1)
POST /session/8cb18db1be200e77767995632fb2bf45/element HTTP/1.1
User-Agent: selenium/4.7.1 (java windows)
Content-Length: 141
Content-Type: application/json; charset=utf-8
host: localhost:35941
accept: */*

Response DefaultHttpResponse(decodeResult: success, version: HTTP/1.1)
HTTP/1.1 200 OK
Content-Type: application/json; charset=utf-8
cache-control: no-cache
content-length: 95

15:26:47.527 [AsyncHttpClient-1-17] DEBUG org.asynchttpclient.netty.channel.ChannelManager - Adding key: http://localhost:35941 for channel [id: 0x08f2bc7b, L:/127.0.0.1:57860 - R:localhost/127.0.0.1:35941]
15:26:47.528 [Forwarding clickElement on session 8cb18db1be200e77767995632fb2bf45 to remote] DEBUG org.asynchttpclient.netty.request.NettyRequestSender - Using pooled Channel '[id: 0x08f2bc7b, L:/127.0.0.1:57860 - R:localhost/127.0.0.1:35941]' for 'POST' to 'http://localhost:35941/session/8cb18db1be200e77767995632fb2bf45/element/0A37863A55EA0FC85573B0AA6E8F0D08_element_13/click'
15:26:47.529 [Forwarding clickElement on session 8cb18db1be200e77767995632fb2bf45 to remote] DEBUG org.asynchttpclient.netty.request.NettyRequestSender - Using open Channel [id: 0x08f2bc7b, L:/127.0.0.1:57860 - R:localhost/127.0.0.1:35941] for POST '/session/8cb18db1be200e77767995632fb2bf45/element/0A37863A55EA0FC85573B0AA6E8F0D08_element_13/click'
15:26:47.585 [AsyncHttpClient-1-17] DEBUG org.asynchttpclient.netty.handler.HttpHandler - 

Request DefaultHttpRequest(decodeResult: success, version: HTTP/1.1)
POST /session/8cb18db1be200e77767995632fb2bf45/element/0A37863A55EA0FC85573B0AA6E8F0D08_element_13/click HTTP/1.1
User-Agent: selenium/4.7.1 (java windows)
Content-Length: 57
Content-Type: application/json; charset=utf-8
host: localhost:35941
accept: */*

Response DefaultHttpResponse(decodeResult: success, version: HTTP/1.1)
HTTP/1.1 200 OK
Content-Type: application/json; charset=utf-8
cache-control: no-cache
content-length: 14

15:26:47.585 [AsyncHttpClient-1-17] DEBUG org.asynchttpclient.netty.channel.ChannelManager - Adding key: http://localhost:35941 for channel [id: 0x08f2bc7b, L:/127.0.0.1:57860 - R:localhost/127.0.0.1:35941]
15:26:47.592 [Forwarding getCurrentWindowHandle on session 8cb18db1be200e77767995632fb2bf45 to remote] DEBUG org.asynchttpclient.netty.request.NettyRequestSender - Using pooled Channel '[id: 0x08f2bc7b, L:/127.0.0.1:57860 - R:localhost/127.0.0.1:35941]' for 'GET' to 'http://localhost:35941/session/8cb18db1be200e77767995632fb2bf45/window'
15:26:47.592 [Forwarding getCurrentWindowHandle on session 8cb18db1be200e77767995632fb2bf45 to remote] DEBUG org.asynchttpclient.netty.request.NettyRequestSender - Using open Channel [id: 0x08f2bc7b, L:/127.0.0.1:57860 - R:localhost/127.0.0.1:35941] for GET '/session/8cb18db1be200e77767995632fb2bf45/window'
15:26:47.593 [AsyncHttpClient-1-17] DEBUG org.asynchttpclient.netty.handler.HttpHandler - 

Request DefaultFullHttpRequest(decodeResult: success, version: HTTP/1.1, content: EmptyByteBufBE)
GET /session/8cb18db1be200e77767995632fb2bf45/window HTTP/1.1
User-Agent: selenium/4.7.1 (java windows)
Cache-Control: no-cache
Content-Type: application/json; charset=utf-8
host: localhost:35941
accept: */*

Response DefaultHttpResponse(decodeResult: success, version: HTTP/1.1)
HTTP/1.1 200 OK
Content-Type: application/json; charset=utf-8
cache-control: no-cache
content-length: 44

15:26:47.593 [AsyncHttpClient-1-17] DEBUG org.asynchttpclient.netty.channel.ChannelManager - Adding key: http://localhost:35941 for channel [id: 0x08f2bc7b, L:/127.0.0.1:57860 - R:localhost/127.0.0.1:35941]
15:26:47.594 [Forwarding getAlertText on session 8cb18db1be200e77767995632fb2bf45 to remote] DEBUG org.asynchttpclient.netty.request.NettyRequestSender - Using pooled Channel '[id: 0x08f2bc7b, L:/127.0.0.1:57860 - R:localhost/127.0.0.1:35941]' for 'GET' to 'http://localhost:35941/session/8cb18db1be200e77767995632fb2bf45/alert/text'
15:26:47.594 [Forwarding getAlertText on session 8cb18db1be200e77767995632fb2bf45 to remote] DEBUG org.asynchttpclient.netty.request.NettyRequestSender - Using open Channel [id: 0x08f2bc7b, L:/127.0.0.1:57860 - R:localhost/127.0.0.1:35941] for GET '/session/8cb18db1be200e77767995632fb2bf45/alert/text'
15:26:47.595 [AsyncHttpClient-1-17] DEBUG org.asynchttpclient.netty.handler.HttpHandler - 

Request DefaultFullHttpRequest(decodeResult: success, version: HTTP/1.1, content: EmptyByteBufBE)
GET /session/8cb18db1be200e77767995632fb2bf45/alert/text HTTP/1.1
User-Agent: selenium/4.7.1 (java windows)
Cache-Control: no-cache
Content-Type: application/json; charset=utf-8
host: localhost:35941
accept: */*

Response DefaultHttpResponse(decodeResult: success, version: HTTP/1.1)
HTTP/1.1 404 Not Found
Content-Type: application/json; charset=utf-8
cache-control: no-cache
content-length: 820

15:26:47.596 [AsyncHttpClient-1-17] DEBUG org.asynchttpclient.netty.channel.ChannelManager - Adding key: http://localhost:35941 for channel [id: 0x08f2bc7b, L:/127.0.0.1:57860 - R:localhost/127.0.0.1:35941]
15:26:47.597 [Forwarding switchToWindow on session 8cb18db1be200e77767995632fb2bf45 to remote] DEBUG org.asynchttpclient.netty.request.NettyRequestSender - Using pooled Channel '[id: 0x08f2bc7b, L:/127.0.0.1:57860 - R:localhost/127.0.0.1:35941]' for 'POST' to 'http://localhost:35941/session/8cb18db1be200e77767995632fb2bf45/window'
15:26:47.597 [Forwarding switchToWindow on session 8cb18db1be200e77767995632fb2bf45 to remote] DEBUG org.asynchttpclient.netty.request.NettyRequestSender - Using open Channel [id: 0x08f2bc7b, L:/127.0.0.1:57860 - R:localhost/127.0.0.1:35941] for POST '/session/8cb18db1be200e77767995632fb2bf45/window'
15:26:47.599 [AsyncHttpClient-1-17] DEBUG org.asynchttpclient.netty.handler.HttpHandler - 

Request DefaultHttpRequest(decodeResult: success, version: HTTP/1.1)
POST /session/8cb18db1be200e77767995632fb2bf45/window HTTP/1.1
User-Agent: selenium/4.7.1 (java windows)
Content-Length: 50
Content-Type: application/json; charset=utf-8
host: localhost:35941
accept: */*

Response DefaultHttpResponse(decodeResult: success, version: HTTP/1.1)
HTTP/1.1 200 OK
Content-Type: application/json; charset=utf-8
cache-control: no-cache
content-length: 14

15:26:47.599 [AsyncHttpClient-1-17] DEBUG org.asynchttpclient.netty.channel.ChannelManager - Adding key: http://localhost:35941 for channel [id: 0x08f2bc7b, L:/127.0.0.1:57860 - R:localhost/127.0.0.1:35941]
15:26:47.599 [Forwarding getCurrentUrl on session 8cb18db1be200e77767995632fb2bf45 to remote] DEBUG org.asynchttpclient.netty.request.NettyRequestSender - Using pooled Channel '[id: 0x08f2bc7b, L:/127.0.0.1:57860 - R:localhost/127.0.0.1:35941]' for 'GET' to 'http://localhost:35941/session/8cb18db1be200e77767995632fb2bf45/url'
15:26:47.599 [Forwarding getCurrentUrl on session 8cb18db1be200e77767995632fb2bf45 to remote] DEBUG org.asynchttpclient.netty.request.NettyRequestSender - Using open Channel [id: 0x08f2bc7b, L:/127.0.0.1:57860 - R:localhost/127.0.0.1:35941] for GET '/session/8cb18db1be200e77767995632fb2bf45/url'
15:26:47.607 [AsyncHttpClient-1-17] DEBUG org.asynchttpclient.netty.handler.HttpHandler - 

Request DefaultFullHttpRequest(decodeResult: success, version: HTTP/1.1, content: EmptyByteBufBE)
GET /session/8cb18db1be200e77767995632fb2bf45/url HTTP/1.1
User-Agent: selenium/4.7.1 (java windows)
Cache-Control: no-cache
Content-Type: application/json; charset=utf-8
host: localhost:35941
accept: */*

Response DefaultHttpResponse(decodeResult: success, version: HTTP/1.1)
HTTP/1.1 200 OK
Content-Type: application/json; charset=utf-8
cache-control: no-cache
content-length: 51

15:26:47.607 [AsyncHttpClient-1-17] DEBUG org.asynchttpclient.netty.channel.ChannelManager - Adding key: http://localhost:35941 for channel [id: 0x08f2bc7b, L:/127.0.0.1:57860 - R:localhost/127.0.0.1:35941]
15:26:47.608 [Forwarding screenshot on session 8cb18db1be200e77767995632fb2bf45 to remote] DEBUG org.asynchttpclient.netty.request.NettyRequestSender - Using pooled Channel '[id: 0x08f2bc7b, L:/127.0.0.1:57860 - R:localhost/127.0.0.1:35941]' for 'GET' to 'http://localhost:35941/session/8cb18db1be200e77767995632fb2bf45/screenshot'
15:26:47.608 [Forwarding screenshot on session 8cb18db1be200e77767995632fb2bf45 to remote] DEBUG org.asynchttpclient.netty.request.NettyRequestSender - Using open Channel [id: 0x08f2bc7b, L:/127.0.0.1:57860 - R:localhost/127.0.0.1:35941] for GET '/session/8cb18db1be200e77767995632fb2bf45/screenshot'
15:26:47.745 [AsyncHttpClient-1-17] DEBUG org.asynchttpclient.netty.handler.HttpHandler - 

Request DefaultFullHttpRequest(decodeResult: success, version: HTTP/1.1, content: EmptyByteBufBE)
GET /session/8cb18db1be200e77767995632fb2bf45/screenshot HTTP/1.1
User-Agent: selenium/4.7.1 (java windows)
Cache-Control: no-cache
Content-Type: application/json; charset=utf-8
host: localhost:35941
accept: */*

Response DefaultHttpResponse(decodeResult: success, version: HTTP/1.1)
HTTP/1.1 200 OK
Content-Type: application/json; charset=utf-8
cache-control: no-cache
content-length: 29856

15:26:47.747 [AsyncHttpClient-1-17] DEBUG org.asynchttpclient.netty.channel.ChannelManager - Adding key: http://localhost:35941 for channel [id: 0x08f2bc7b, L:/127.0.0.1:57860 - R:localhost/127.0.0.1:35941]
15:26:47.748 [main] DEBUG net.serenitybdd.core.photography.Darkroom - Send negative for processing for target\site\serenity\8955a578f5c0417b318a904124d3094d3d96549ed060e63d664f967e5fad7ea5.png
15:26:47.748 [Darkroom Processing Line] DEBUG net.serenitybdd.core.photography.DarkroomProcessingLine - Processing screenshot image in /var/screenshots/screenshot-5004101221521979807
15:26:47.748 [Darkroom Processing Line] DEBUG net.serenitybdd.core.photography.DarkroomProcessingLine - Saving screenshot to target\site\serenity\8955a578f5c0417b318a904124d3094d3d96549ed060e63d664f967e5fad7ea5.png
15:26:47.748 [main] DEBUG net.thucydides.core.steps.StepInterceptor - STEP DONE: klikButtonLoginKedua
  &amp#27;[32mThen &amp#27;[0m&amp#27;[32muser klik button login yang kedua&amp#27;[0m                      &amp#27;[90m# starter.stepdefinitions.LoginSteps.userKlikButtonLoginYangKedua()&amp#27;[0m
15:26:47.762 [main] DEBUG net.thucydides.core.steps.StepInterceptor - STARTING STEP: LoginSteps.userMenerimaErrorMessage - munculErrorMessage
15:26:47.764 [Forwarding findElement on session 8cb18db1be200e77767995632fb2bf45 to remote] DEBUG org.asynchttpclient.netty.request.NettyRequestSender - Using pooled Channel '[id: 0x08f2bc7b, L:/127.0.0.1:57860 - R:localhost/127.0.0.1:35941]' for 'POST' to 'http://localhost:35941/session/8cb18db1be200e77767995632fb2bf45/element'
15:26:47.764 [Forwarding findElement on session 8cb18db1be200e77767995632fb2bf45 to remote] DEBUG org.asynchttpclient.netty.request.NettyRequestSender - Using open Channel [id: 0x08f2bc7b, L:/127.0.0.1:57860 - R:localhost/127.0.0.1:35941] for POST '/session/8cb18db1be200e77767995632fb2bf45/element'
15:26:47.780 [AsyncHttpClient-1-17] DEBUG org.asynchttpclient.netty.handler.HttpHandler - 

Request DefaultHttpRequest(decodeResult: success, version: HTTP/1.1)
POST /session/8cb18db1be200e77767995632fb2bf45/element HTTP/1.1
User-Agent: selenium/4.7.1 (java windows)
Content-Length: 139
Content-Type: application/json; charset=utf-8
host: localhost:35941
accept: */*

Response DefaultHttpResponse(decodeResult: success, version: HTTP/1.1)
HTTP/1.1 200 OK
Content-Type: application/json; charset=utf-8
cache-control: no-cache
content-length: 95

15:26:47.780 [AsyncHttpClient-1-17] DEBUG org.asynchttpclient.netty.channel.ChannelManager - Adding key: http://localhost:35941 for channel [id: 0x08f2bc7b, L:/127.0.0.1:57860 - R:localhost/127.0.0.1:35941]
15:26:47.783 [Forwarding isElementDisplayed on session 8cb18db1be200e77767995632fb2bf45 to remote] DEBUG org.asynchttpclient.netty.request.NettyRequestSender - Using pooled Channel '[id: 0x08f2bc7b, L:/127.0.0.1:57860 - R:localhost/127.0.0.1:35941]' for 'POST' to 'http://localhost:35941/session/8cb18db1be200e77767995632fb2bf45/execute/sync'
15:26:47.783 [Forwarding isElementDisplayed on session 8cb18db1be200e77767995632fb2bf45 to remote] DEBUG org.asynchttpclient.netty.request.NettyRequestSender - Using open Channel [id: 0x08f2bc7b, L:/127.0.0.1:57860 - R:localhost/127.0.0.1:35941] for POST '/session/8cb18db1be200e77767995632fb2bf45/execute/sync'
15:26:47.794 [AsyncHttpClient-1-17] DEBUG org.asynchttpclient.netty.handler.HttpHandler - 

Request DefaultHttpRequest(decodeResult: success, version: HTTP/1.1)
POST /session/8cb18db1be200e77767995632fb2bf45/execute/sync HTTP/1.1
User-Agent: selenium/4.7.1 (java windows)
Content-Length: 48787
Content-Type: application/json; charset=utf-8
host: localhost:35941
accept: */*

Response DefaultHttpResponse(decodeResult: success, version: HTTP/1.1)
HTTP/1.1 200 OK
Content-Type: application/json; charset=utf-8
cache-control: no-cache
content-length: 14

15:26:47.795 [AsyncHttpClient-1-17] DEBUG org.asynchttpclient.netty.channel.ChannelManager - Adding key: http://localhost:35941 for channel [id: 0x08f2bc7b, L:/127.0.0.1:57860 - R:localhost/127.0.0.1:35941]
15:26:47.798 [Forwarding getCurrentWindowHandle on session 8cb18db1be200e77767995632fb2bf45 to remote] DEBUG org.asynchttpclient.netty.request.NettyRequestSender - Using pooled Channel '[id: 0x08f2bc7b, L:/127.0.0.1:57860 - R:localhost/127.0.0.1:35941]' for 'GET' to 'http://localhost:35941/session/8cb18db1be200e77767995632fb2bf45/window'
15:26:47.798 [Forwarding getCurrentWindowHandle on session 8cb18db1be200e77767995632fb2bf45 to remote] DEBUG org.asynchttpclient.netty.request.NettyRequestSender - Using open Channel [id: 0x08f2bc7b, L:/127.0.0.1:57860 - R:localhost/127.0.0.1:35941] for GET '/session/8cb18db1be200e77767995632fb2bf45/window'
15:26:47.800 [AsyncHttpClient-1-17] DEBUG org.asynchttpclient.netty.handler.HttpHandler - 

Request DefaultFullHttpRequest(decodeResult: success, version: HTTP/1.1, content: EmptyByteBufBE)
GET /session/8cb18db1be200e77767995632fb2bf45/window HTTP/1.1
User-Agent: selenium/4.7.1 (java windows)
Cache-Control: no-cache
Content-Type: application/json; charset=utf-8
host: localhost:35941
accept: */*

Response DefaultHttpResponse(decodeResult: success, version: HTTP/1.1)
HTTP/1.1 200 OK
Content-Type: application/json; charset=utf-8
cache-control: no-cache
content-length: 44

15:26:47.800 [AsyncHttpClient-1-17] DEBUG org.asynchttpclient.netty.channel.ChannelManager - Adding key: http://localhost:35941 for channel [id: 0x08f2bc7b, L:/127.0.0.1:57860 - R:localhost/127.0.0.1:35941]
15:26:47.801 [Forwarding getAlertText on session 8cb18db1be200e77767995632fb2bf45 to remote] DEBUG org.asynchttpclient.netty.request.NettyRequestSender - Using pooled Channel '[id: 0x08f2bc7b, L:/127.0.0.1:57860 - R:localhost/127.0.0.1:35941]' for 'GET' to 'http://localhost:35941/session/8cb18db1be200e77767995632fb2bf45/alert/text'
15:26:47.801 [Forwarding getAlertText on session 8cb18db1be200e77767995632fb2bf45 to remote] DEBUG org.asynchttpclient.netty.request.NettyRequestSender - Using open Channel [id: 0x08f2bc7b, L:/127.0.0.1:57860 - R:localhost/127.0.0.1:35941] for GET '/session/8cb18db1be200e77767995632fb2bf45/alert/text'
15:26:47.804 [AsyncHttpClient-1-17] DEBUG org.asynchttpclient.netty.handler.HttpHandler - 

Request DefaultFullHttpRequest(decodeResult: success, version: HTTP/1.1, content: EmptyByteBufBE)
GET /session/8cb18db1be200e77767995632fb2bf45/alert/text HTTP/1.1
User-Agent: selenium/4.7.1 (java windows)
Cache-Control: no-cache
Content-Type: application/json; charset=utf-8
host: localhost:35941
accept: */*

Response DefaultHttpResponse(decodeResult: success, version: HTTP/1.1)
HTTP/1.1 404 Not Found
Content-Type: application/json; charset=utf-8
cache-control: no-cache
content-length: 820

15:26:47.804 [AsyncHttpClient-1-17] DEBUG org.asynchttpclient.netty.channel.ChannelManager - Adding key: http://localhost:35941 for channel [id: 0x08f2bc7b, L:/127.0.0.1:57860 - R:localhost/127.0.0.1:35941]
15:26:47.808 [Forwarding switchToWindow on session 8cb18db1be200e77767995632fb2bf45 to remote] DEBUG org.asynchttpclient.netty.request.NettyRequestSender - Using pooled Channel '[id: 0x08f2bc7b, L:/127.0.0.1:57860 - R:localhost/127.0.0.1:35941]' for 'POST' to 'http://localhost:35941/session/8cb18db1be200e77767995632fb2bf45/window'
15:26:47.808 [Forwarding switchToWindow on session 8cb18db1be200e77767995632fb2bf45 to remote] DEBUG org.asynchttpclient.netty.request.NettyRequestSender - Using open Channel [id: 0x08f2bc7b, L:/127.0.0.1:57860 - R:localhost/127.0.0.1:35941] for POST '/session/8cb18db1be200e77767995632fb2bf45/window'
15:26:47.810 [AsyncHttpClient-1-17] DEBUG org.asynchttpclient.netty.handler.HttpHandler - 

Request DefaultHttpRequest(decodeResult: success, version: HTTP/1.1)
POST /session/8cb18db1be200e77767995632fb2bf45/window HTTP/1.1
User-Agent: selenium/4.7.1 (java windows)
Content-Length: 50
Content-Type: application/json; charset=utf-8
host: localhost:35941
accept: */*

Response DefaultHttpResponse(decodeResult: success, version: HTTP/1.1)
HTTP/1.1 200 OK
Content-Type: application/json; charset=utf-8
cache-control: no-cache
content-length: 14

15:26:47.811 [AsyncHttpClient-1-17] DEBUG org.asynchttpclient.netty.channel.ChannelManager - Adding key: http://localhost:35941 for channel [id: 0x08f2bc7b, L:/127.0.0.1:57860 - R:localhost/127.0.0.1:35941]
15:26:47.811 [Forwarding getCurrentUrl on session 8cb18db1be200e77767995632fb2bf45 to remote] DEBUG org.asynchttpclient.netty.request.NettyRequestSender - Using pooled Channel '[id: 0x08f2bc7b, L:/127.0.0.1:57860 - R:localhost/127.0.0.1:35941]' for 'GET' to 'http://localhost:35941/session/8cb18db1be200e77767995632fb2bf45/url'
15:26:47.811 [Forwarding getCurrentUrl on session 8cb18db1be200e77767995632fb2bf45 to remote] DEBUG org.asynchttpclient.netty.request.NettyRequestSender - Using open Channel [id: 0x08f2bc7b, L:/127.0.0.1:57860 - R:localhost/127.0.0.1:35941] for GET '/session/8cb18db1be200e77767995632fb2bf45/url'
15:26:47.815 [AsyncHttpClient-1-17] DEBUG org.asynchttpclient.netty.handler.HttpHandler - 

Request DefaultFullHttpRequest(decodeResult: success, version: HTTP/1.1, content: EmptyByteBufBE)
GET /session/8cb18db1be200e77767995632fb2bf45/url HTTP/1.1
User-Agent: selenium/4.7.1 (java windows)
Cache-Control: no-cache
Content-Type: application/json; charset=utf-8
host: localhost:35941
accept: */*

Response DefaultHttpResponse(decodeResult: success, version: HTTP/1.1)
HTTP/1.1 200 OK
Content-Type: application/json; charset=utf-8
cache-control: no-cache
content-length: 51

15:26:47.816 [AsyncHttpClient-1-17] DEBUG org.asynchttpclient.netty.channel.ChannelManager - Adding key: http://localhost:35941 for channel [id: 0x08f2bc7b, L:/127.0.0.1:57860 - R:localhost/127.0.0.1:35941]
15:26:47.816 [Forwarding screenshot on session 8cb18db1be200e77767995632fb2bf45 to remote] DEBUG org.asynchttpclient.netty.request.NettyRequestSender - Using pooled Channel '[id: 0x08f2bc7b, L:/127.0.0.1:57860 - R:localhost/127.0.0.1:35941]' for 'GET' to 'http://localhost:35941/session/8cb18db1be200e77767995632fb2bf45/screenshot'
15:26:47.816 [Forwarding screenshot on session 8cb18db1be200e77767995632fb2bf45 to remote] DEBUG org.asynchttpclient.netty.request.NettyRequestSender - Using open Channel [id: 0x08f2bc7b, L:/127.0.0.1:57860 - R:localhost/127.0.0.1:35941] for GET '/session/8cb18db1be200e77767995632fb2bf45/screenshot'
15:26:47.941 [AsyncHttpClient-1-17] DEBUG org.asynchttpclient.netty.handler.HttpHandler - 

Request DefaultFullHttpRequest(decodeResult: success, version: HTTP/1.1, content: EmptyByteBufBE)
GET /session/8cb18db1be200e77767995632fb2bf45/screenshot HTTP/1.1
User-Agent: selenium/4.7.1 (java windows)
Cache-Control: no-cache
Content-Type: application/json; charset=utf-8
host: localhost:35941
accept: */*

Response DefaultHttpResponse(decodeResult: success, version: HTTP/1.1)
HTTP/1.1 200 OK
Content-Type: application/json; charset=utf-8
cache-control: no-cache
content-length: 33908

15:26:47.941 [AsyncHttpClient-1-17] DEBUG org.asynchttpclient.netty.channel.ChannelManager - Adding key: http://localhost:35941 for channel [id: 0x08f2bc7b, L:/127.0.0.1:57860 - R:localhost/127.0.0.1:35941]
15:26:47.943 [main] DEBUG net.serenitybdd.core.photography.Darkroom - Send negative for processing for target\site\serenity\e3b37fce5f21418d6e5df51fbc3f649aedae76aa70fc5405b0f373a912547484.png
15:26:47.943 [main] DEBUG net.thucydides.core.steps.StepInterceptor - STEP DONE: munculErrorMessage
15:26:47.943 [Darkroom Processing Line] DEBUG net.serenitybdd.core.photography.DarkroomProcessingLine - Processing screenshot image in /var/screenshots/screenshot-2235459437478471854
15:26:47.943 [Darkroom Processing Line] DEBUG net.serenitybdd.core.photography.DarkroomProcessingLine - Saving screenshot to target\site\serenity\e3b37fce5f21418d6e5df51fbc3f649aedae76aa70fc5405b0f373a912547484.png
  &amp#27;[32mAnd &amp#27;[0m&amp#27;[32muser menerima error message &amp#27;[0m&amp#27;[32m&amp#27;[1m"password is required"&amp#27;[0m      &amp#27;[90m# starter.stepdefinitions.LoginSteps.userMenerimaErrorMessage(java.lang.String)&amp#27;[0m
15:26:47.949 [main] INFO  - 
  _____   ___   ___   _____     ___     _     ___   ___   ___   ___  
 |_   _| | __| / __| |_   _|   | _ \   /_\   / __| / __| | __| |   \ 
   | |   | _|  \__ \   | |     |  _/  / _ \  \__ \ \__ \ | _|  | |) |
   |_|   |___| |___/   |_|     |_|   /_/ \_\ |___/ |___/ |___| |___/ 

user tidak bisa login karena tidak mengisi password
----------------------------------------------------------------------
15:26:47.951 [AsyncHttpClient-1-3] DEBUG org.asynchttpclient.netty.handler.WebSocketHandler - Channel Closed: [id: 0x6ce133f5, L:/127.0.0.1:57868 ! R:localhost/127.0.0.1:57861] with attribute NettyResponseFuture{currentRetry=0,
	isDone=1,
	isCancelled=0,
	asyncHandler=org.asynchttpclient.ws.WebSocketUpgradeHandler@471abcc6,
	nettyRequest=org.asynchttpclient.netty.request.NettyRequest@311d65f9,
	future=java.util.concurrent.CompletableFuture@5850eea6[Completed normally],
	uri=ws://localhost:57861/devtools/browser/d5e9dd55-37cd-41c9-a293-d06980adbfae,
	keepAlive=true,
	redirectCount=0,
	timeoutsHolder=null,
	inAuth=0,
	touch=1683707202806}
15:26:47.951 [Driver Command Executor] DEBUG org.asynchttpclient.netty.request.NettyRequestSender - Using pooled Channel '[id: 0x08f2bc7b, L:/127.0.0.1:57860 - R:localhost/127.0.0.1:35941]' for 'DELETE' to 'http://localhost:35941/session/8cb18db1be200e77767995632fb2bf45'
15:26:47.951 [AsyncHttpClient-1-3] DEBUG org.asynchttpclient.netty.channel.ChannelManager - Closing Channel [id: 0x6ce133f5, L:/127.0.0.1:57868 ! R:localhost/127.0.0.1:57861] 
15:26:47.951 [Driver Command Executor] DEBUG org.asynchttpclient.netty.request.NettyRequestSender - Using open Channel [id: 0x08f2bc7b, L:/127.0.0.1:57860 - R:localhost/127.0.0.1:35941] for DELETE '/session/8cb18db1be200e77767995632fb2bf45'
15:26:47.985 [AsyncHttpClient-1-2] DEBUG org.asynchttpclient.netty.handler.HttpHandler - Unexpected I/O exception on channel [id: 0x2a0e6c51, L:/127.0.0.1:57867 - R:localhost/127.0.0.1:57861]
java.net.SocketException: Connection reset
	at java.base/sun.nio.ch.SocketChannelImpl.throwConnectionReset(SocketChannelImpl.java:401)
	at java.base/sun.nio.ch.SocketChannelImpl.read(SocketChannelImpl.java:434)
	at io.netty.buffer.PooledByteBuf.setBytes(PooledByteBuf.java:259)
	at io.netty.buffer.AbstractByteBuf.writeBytes(AbstractByteBuf.java:1132)
	at io.netty.channel.socket.nio.NioSocketChannel.doReadBytes(NioSocketChannel.java:357)
	at io.netty.channel.nio.AbstractNioByteChannel$NioByteUnsafe.read(AbstractNioByteChannel.java:151)
	at io.netty.channel.nio.NioEventLoop.processSelectedKey(NioEventLoop.java:788)
	at io.netty.channel.nio.NioEventLoop.processSelectedKeysOptimized(NioEventLoop.java:724)
	at io.netty.channel.nio.NioEventLoop.processSelectedKeys(NioEventLoop.java:650)
	at io.netty.channel.nio.NioEventLoop.run(NioEventLoop.java:562)
	at io.netty.util.concurrent.SingleThreadEventExecutor$4.run(SingleThreadEventExecutor.java:997)
	at io.netty.util.internal.ThreadExecutorMap$2.run(ThreadExecutorMap.java:74)
	at io.netty.util.concurrent.FastThreadLocalRunnable.run(FastThreadLocalRunnable.java:30)
	at java.base/java.lang.Thread.run(Thread.java:1589)
15:26:47.985 [AsyncHttpClient-1-2] DEBUG org.asynchttpclient.netty.channel.ChannelManager - Closing Channel [id: 0x2a0e6c51, L:/127.0.0.1:57867 - R:localhost/127.0.0.1:57861] 
15:26:47.985 [AsyncHttpClient-1-2] DEBUG org.asynchttpclient.netty.handler.HttpHandler - Channel Closed: [id: 0x2a0e6c51, L:/127.0.0.1:57867 ! R:localhost/127.0.0.1:57861] with attribute DISCARD
15:26:48.000 [AsyncHttpClient-1-17] DEBUG org.asynchttpclient.netty.handler.HttpHandler - 

Request DefaultFullHttpRequest(decodeResult: success, version: HTTP/1.1, content: EmptyByteBufBE)
DELETE /session/8cb18db1be200e77767995632fb2bf45 HTTP/1.1
User-Agent: selenium/4.7.1 (java windows)
Content-Type: application/json; charset=utf-8
host: localhost:35941
accept: */*

Response DefaultHttpResponse(decodeResult: success, version: HTTP/1.1)
HTTP/1.1 200 OK
Content-Type: application/json; charset=utf-8
cache-control: no-cache
content-length: 14

15:26:48.000 [AsyncHttpClient-1-17] DEBUG org.asynchttpclient.netty.channel.ChannelManager - Adding key: http://localhost:35941 for channel [id: 0x08f2bc7b, L:/127.0.0.1:57860 - R:localhost/127.0.0.1:35941]
15:26:48.054 [AsyncHttpClient-1-17] DEBUG org.asynchttpclient.netty.handler.HttpHandler - Channel Closed: [id: 0x08f2bc7b, L:/127.0.0.1:57860 ! R:localhost/127.0.0.1:35941] with attribute DISCARD
]]></system-out>
    <system-err><![CDATA[Starting ChromeDriver 113.0.5672.63 (0e1a4471d5ae5bf128b1bd8f4d627c8cbd55f70c-refs/branch-heads/5672@{#912}) on port 35941
Only local connections are allowed.
Please see https://chromedriver.chromium.org/security-considerations for suggestions on keeping ChromeDriver safe.
ChromeDriver was started successfully.
May 10, 2023 3:26:42 PM org.openqa.selenium.devtools.CdpVersionFinder findNearestMatch
WARNING: Unable to find CDP implementation matching 113
May 10, 2023 3:26:42 PM org.openqa.selenium.chromium.ChromiumDriver lambda$new$3
WARNING: Unable to find version of CDP to use for . You may need to include a dependency on a specific version of the CDP using something similar to `org.seleniumhq.selenium:selenium-devtools-v86:4.7.1` where the version ("v86") matches the version of the chromium-based browser you're using and the version number of the artifact is the same as Selenium's.
]]></system-err>
  </testcase>
  <testcase name="user tidak bisa register karena nama email sudah terdaftar" classname="register" time="7.619">
    <system-out><![CDATA[15:26:48.127 [main] INFO io.cucumber.core.plugin.SerenityReporter - Running feature from file:///C:/Users/HP/Downloads/Mini-Project-QA/ALTASHOP%20WEB%20AUTOMATION/src/test/resources/features/2.%20Register.feature
15:26:48.127 [main] DEBUG net.thucydides.core.steps.StepEventBus - Test suite started for story net.thucydides.core.model.Story@83d3b3ef
15:26:48.127 [main] INFO  - Test Suite Started: Register

@Register01-Web-Negative
Scenario: user tidak bisa register karena nama email sudah terdaftar &amp#27;[90m# src/test/resources/features/2. Register.feature:4&amp#27;[0m
15:26:48.142 [main] INFO io.cucumber.core.plugin.SerenityReporter - Running feature from file:///C:/Users/HP/Downloads/Mini-Project-QA/ALTASHOP%20WEB%20AUTOMATION/src/test/resources/features/2.%20Register.feature
15:26:48.142 [main] INFO  - 
  _____   ___   ___   _____     ___   _____     _     ___   _____   ___   ___  
 |_   _| | __| / __| |_   _|   / __| |_   _|   /_\   | _ \ |_   _| | __| |   \ 
   | |   | _|  \__ \   | |     \__ \   | |    / _ \  |   /   | |   | _|  | |) |
   |_|   |___| |___/   |_|     |___/   |_|   /_/ \_\ |_|_\   |_|   |___| |___/ 

user tidak bisa register karena nama email sudah terdaftar(register;user-tidak-bisa-register-karena-nama-email-sudah-terdaftar)
--------------------------------------------------------------------------------
15:26:48.158 [AsyncHttpClient-1-1] DEBUG org.asynchttpclient.netty.channel.DefaultChannelPool - Entry count for : http://localhost:57861 : 1
15:26:48.158 [AsyncHttpClient-1-1] DEBUG org.asynchttpclient.netty.channel.DefaultChannelPool - Entry count for : http://localhost:35941 : 1
15:26:48.158 [AsyncHttpClient-1-1] DEBUG org.asynchttpclient.netty.channel.DefaultChannelPool - Adding Candidate expired Channel [id: 0x2a0e6c51, L:/127.0.0.1:57867 ! R:localhost/127.0.0.1:57861] isIdleTimeoutExpired=false isRemotelyClosed=true isTtlExpired=false
15:26:48.158 [AsyncHttpClient-1-1] DEBUG org.asynchttpclient.netty.channel.DefaultChannelPool - Closing Idle Channel [id: 0x2a0e6c51, L:/127.0.0.1:57867 ! R:localhost/127.0.0.1:57861]
15:26:48.158 [AsyncHttpClient-1-1] DEBUG org.asynchttpclient.netty.channel.DefaultChannelPool - Adding Candidate expired Channel [id: 0x08f2bc7b, L:/127.0.0.1:57860 ! R:localhost/127.0.0.1:35941] isIdleTimeoutExpired=false isRemotelyClosed=true isTtlExpired=false
15:26:48.158 [AsyncHttpClient-1-1] DEBUG org.asynchttpclient.netty.channel.DefaultChannelPool - Closing Idle Channel [id: 0x08f2bc7b, L:/127.0.0.1:57860 ! R:localhost/127.0.0.1:35941]
15:26:48.158 [AsyncHttpClient-1-1] DEBUG org.asynchttpclient.netty.channel.DefaultChannelPool - Closed 2 connections out of 2 in 0 ms
15:26:48.158 [main] DEBUG net.thucydides.core.steps.StepInterceptor - STARTING STEP: LoginSteps.userBeradaDiHomepageAlta - diHomepageAltaShop
15:26:48.205 [main] INFO net.serenitybdd.core.webdriver.driverproviders.ChromeDriverProvider - Starting Chrome driver instance with capabilities:
15:26:48.205 [main] INFO net.serenitybdd.core.webdriver.driverproviders.ChromeDriverProvider - Capabilities {acceptInsecureCerts: true, browserName: chrome, goog:chromeOptions: {args: [remote-allow-origins=*, test-type, no-sandbox, ignore-certificate-errors, start-maximized, incognito, disable-infobars, disable-gpu, disable-default-apps, disable-popup-blocking, remote-allow-origins=*, test-type, no-sandbox, ignore-certificate-errors, start-maximized, incognito, disable-infobars, disable-gpu, disable-default-apps, disable-popup-blocking], extensions: []}}
15:26:48.283 [AsyncHttpClient-1-4] DEBUG org.asynchttpclient.netty.channel.NettyConnectListener - Using new Channel '[id: 0xe516ba41, L:/127.0.0.1:57886 - R:localhost/127.0.0.1:41923]' for 'POST' to '/session'
15:26:48.967 [AsyncHttpClient-1-4] DEBUG org.asynchttpclient.netty.handler.HttpHandler - 

Request DefaultHttpRequest(decodeResult: success, version: HTTP/1.1)
POST /session HTTP/1.1
User-Agent: selenium/4.7.1 (java windows)
Content-Length: 1629
Content-Type: application/json; charset=utf-8
host: localhost:41923
accept: */*

Response DefaultHttpResponse(decodeResult: success, version: HTTP/1.1)
HTTP/1.1 200 OK
Content-Type: application/json; charset=utf-8
cache-control: no-cache
content-length: 854

15:26:48.967 [AsyncHttpClient-1-4] DEBUG org.asynchttpclient.netty.channel.ChannelManager - Adding key: http://localhost:41923 for channel [id: 0xe516ba41, L:/127.0.0.1:57886 - R:localhost/127.0.0.1:41923]
15:26:48.981 [AsyncHttpClient-1-5] DEBUG org.asynchttpclient.netty.channel.NettyConnectListener - Using new Channel '[id: 0xf8203d1c, L:/127.0.0.1:57892 - R:localhost/127.0.0.1:57887]' for 'GET' to '/json/version'
15:26:48.983 [AsyncHttpClient-1-5] DEBUG org.asynchttpclient.netty.handler.HttpHandler - 

Request DefaultFullHttpRequest(decodeResult: success, version: HTTP/1.1, content: EmptyByteBufBE)
GET /json/version HTTP/1.1
User-Agent: selenium/4.7.1 (java windows)
host: localhost:57887
accept: */*

Response DefaultHttpResponse(decodeResult: success, version: HTTP/1.1)
HTTP/1.1 200 OK
Content-Security-Policy: frame-ancestors 'none'
Content-Type: application/json; charset=UTF-8
content-length: 422

15:26:48.983 [AsyncHttpClient-1-5] DEBUG org.asynchttpclient.netty.channel.ChannelManager - Adding key: http://localhost:57887 for channel [id: 0xf8203d1c, L:/127.0.0.1:57892 - R:localhost/127.0.0.1:57887]
15:26:48.986 [AsyncHttpClient-1-6] DEBUG org.asynchttpclient.netty.channel.NettyConnectListener - Using new Channel '[id: 0x74d6fd64, L:/127.0.0.1:57893 - R:localhost/127.0.0.1:57887]' for 'GET' to '/devtools/browser/c679555b-87bc-4cd2-8fc5-42a814c4c41d'
15:26:48.988 [AsyncHttpClient-1-6] DEBUG org.asynchttpclient.netty.handler.WebSocketHandler - 

Request DefaultFullHttpRequest(decodeResult: success, version: HTTP/1.1, content: EmptyByteBufBE)
GET /devtools/browser/c679555b-87bc-4cd2-8fc5-42a814c4c41d HTTP/1.1
upgrade: websocket
connection: upgrade
sec-websocket-key: YbYV5NBJ8PyZ7YSMeYQhXQ==
sec-websocket-version: 13
origin: http://localhost:57887
host: localhost:57887
accept: */*
user-agent: AHC/2.1

Response DefaultHttpResponse(decodeResult: success, version: HTTP/1.1)
HTTP/1.1 101 WebSocket Protocol Handshake
Upgrade: WebSocket
Connection: Upgrade
Sec-WebSocket-Accept: GivJK0TPJm3tACNyyYMdrq9YdVo=

15:26:48.996 [Forwarding get on session b667d61bfbba432a9edc1ee1f59d8e97 to remote] DEBUG org.asynchttpclient.netty.request.NettyRequestSender - Using pooled Channel '[id: 0xe516ba41, L:/127.0.0.1:57886 - R:localhost/127.0.0.1:41923]' for 'POST' to 'http://localhost:41923/session/b667d61bfbba432a9edc1ee1f59d8e97/url'
15:26:48.996 [Forwarding get on session b667d61bfbba432a9edc1ee1f59d8e97 to remote] DEBUG org.asynchttpclient.netty.request.NettyRequestSender - Using open Channel [id: 0xe516ba41, L:/127.0.0.1:57886 - R:localhost/127.0.0.1:41923] for POST '/session/b667d61bfbba432a9edc1ee1f59d8e97/url'
15:26:49.250 [AsyncHttpClient-1-1] DEBUG org.asynchttpclient.netty.channel.DefaultChannelPool - Entry count for : http://localhost:57887 : 1
15:26:50.350 [AsyncHttpClient-1-1] DEBUG org.asynchttpclient.netty.channel.DefaultChannelPool - Entry count for : http://localhost:57887 : 1
15:26:50.730 [AsyncHttpClient-1-4] DEBUG org.asynchttpclient.netty.handler.HttpHandler - 

Request DefaultHttpRequest(decodeResult: success, version: HTTP/1.1)
POST /session/b667d61bfbba432a9edc1ee1f59d8e97/url HTTP/1.1
User-Agent: selenium/4.7.1 (java windows)
Content-Length: 59
Content-Type: application/json; charset=utf-8
host: localhost:41923
accept: */*

Response DefaultHttpResponse(decodeResult: success, version: HTTP/1.1)
HTTP/1.1 200 OK
Content-Type: application/json; charset=utf-8
cache-control: no-cache
content-length: 14

15:26:50.730 [AsyncHttpClient-1-4] DEBUG org.asynchttpclient.netty.channel.ChannelManager - Adding key: http://localhost:41923 for channel [id: 0xe516ba41, L:/127.0.0.1:57886 - R:localhost/127.0.0.1:41923]
15:26:50.731 [Forwarding setTimeout on session b667d61bfbba432a9edc1ee1f59d8e97 to remote] DEBUG org.asynchttpclient.netty.request.NettyRequestSender - Using pooled Channel '[id: 0xe516ba41, L:/127.0.0.1:57886 - R:localhost/127.0.0.1:41923]' for 'POST' to 'http://localhost:41923/session/b667d61bfbba432a9edc1ee1f59d8e97/timeouts'
15:26:50.731 [Forwarding setTimeout on session b667d61bfbba432a9edc1ee1f59d8e97 to remote] DEBUG org.asynchttpclient.netty.request.NettyRequestSender - Using open Channel [id: 0xe516ba41, L:/127.0.0.1:57886 - R:localhost/127.0.0.1:41923] for POST '/session/b667d61bfbba432a9edc1ee1f59d8e97/timeouts'
15:26:50.732 [AsyncHttpClient-1-4] DEBUG org.asynchttpclient.netty.handler.HttpHandler - 

Request DefaultHttpRequest(decodeResult: success, version: HTTP/1.1)
POST /session/b667d61bfbba432a9edc1ee1f59d8e97/timeouts HTTP/1.1
User-Agent: selenium/4.7.1 (java windows)
Content-Length: 22
Content-Type: application/json; charset=utf-8
host: localhost:41923
accept: */*

Response DefaultHttpResponse(decodeResult: success, version: HTTP/1.1)
HTTP/1.1 200 OK
Content-Type: application/json; charset=utf-8
cache-control: no-cache
content-length: 14

15:26:50.732 [AsyncHttpClient-1-4] DEBUG org.asynchttpclient.netty.channel.ChannelManager - Adding key: http://localhost:41923 for channel [id: 0xe516ba41, L:/127.0.0.1:57886 - R:localhost/127.0.0.1:41923]
15:26:50.735 [Forwarding getCurrentUrl on session b667d61bfbba432a9edc1ee1f59d8e97 to remote] DEBUG org.asynchttpclient.netty.request.NettyRequestSender - Using pooled Channel '[id: 0xe516ba41, L:/127.0.0.1:57886 - R:localhost/127.0.0.1:41923]' for 'GET' to 'http://localhost:41923/session/b667d61bfbba432a9edc1ee1f59d8e97/url'
15:26:50.735 [Forwarding getCurrentUrl on session b667d61bfbba432a9edc1ee1f59d8e97 to remote] DEBUG org.asynchttpclient.netty.request.NettyRequestSender - Using open Channel [id: 0xe516ba41, L:/127.0.0.1:57886 - R:localhost/127.0.0.1:41923] for GET '/session/b667d61bfbba432a9edc1ee1f59d8e97/url'
15:26:50.745 [AsyncHttpClient-1-4] DEBUG org.asynchttpclient.netty.handler.HttpHandler - 

Request DefaultFullHttpRequest(decodeResult: success, version: HTTP/1.1, content: EmptyByteBufBE)
GET /session/b667d61bfbba432a9edc1ee1f59d8e97/url HTTP/1.1
User-Agent: selenium/4.7.1 (java windows)
Cache-Control: no-cache
Content-Type: application/json; charset=utf-8
host: localhost:41923
accept: */*

Response DefaultHttpResponse(decodeResult: success, version: HTTP/1.1)
HTTP/1.1 200 OK
Content-Type: application/json; charset=utf-8
cache-control: no-cache
content-length: 41

15:26:50.746 [AsyncHttpClient-1-4] DEBUG org.asynchttpclient.netty.channel.ChannelManager - Adding key: http://localhost:41923 for channel [id: 0xe516ba41, L:/127.0.0.1:57886 - R:localhost/127.0.0.1:41923]
15:26:50.748 [Forwarding getCurrentUrl on session b667d61bfbba432a9edc1ee1f59d8e97 to remote] DEBUG org.asynchttpclient.netty.request.NettyRequestSender - Using pooled Channel '[id: 0xe516ba41, L:/127.0.0.1:57886 - R:localhost/127.0.0.1:41923]' for 'GET' to 'http://localhost:41923/session/b667d61bfbba432a9edc1ee1f59d8e97/url'
15:26:50.749 [Forwarding getCurrentUrl on session b667d61bfbba432a9edc1ee1f59d8e97 to remote] DEBUG org.asynchttpclient.netty.request.NettyRequestSender - Using open Channel [id: 0xe516ba41, L:/127.0.0.1:57886 - R:localhost/127.0.0.1:41923] for GET '/session/b667d61bfbba432a9edc1ee1f59d8e97/url'
15:26:50.753 [AsyncHttpClient-1-4] DEBUG org.asynchttpclient.netty.handler.HttpHandler - 

Request DefaultFullHttpRequest(decodeResult: success, version: HTTP/1.1, content: EmptyByteBufBE)
GET /session/b667d61bfbba432a9edc1ee1f59d8e97/url HTTP/1.1
User-Agent: selenium/4.7.1 (java windows)
Cache-Control: no-cache
Content-Type: application/json; charset=utf-8
host: localhost:41923
accept: */*

Response DefaultHttpResponse(decodeResult: success, version: HTTP/1.1)
HTTP/1.1 200 OK
Content-Type: application/json; charset=utf-8
cache-control: no-cache
content-length: 41

15:26:50.753 [AsyncHttpClient-1-4] DEBUG org.asynchttpclient.netty.channel.ChannelManager - Adding key: http://localhost:41923 for channel [id: 0xe516ba41, L:/127.0.0.1:57886 - R:localhost/127.0.0.1:41923]
15:26:50.756 [Forwarding findElement on session b667d61bfbba432a9edc1ee1f59d8e97 to remote] DEBUG org.asynchttpclient.netty.request.NettyRequestSender - Using pooled Channel '[id: 0xe516ba41, L:/127.0.0.1:57886 - R:localhost/127.0.0.1:41923]' for 'POST' to 'http://localhost:41923/session/b667d61bfbba432a9edc1ee1f59d8e97/element'
15:26:50.757 [Forwarding findElement on session b667d61bfbba432a9edc1ee1f59d8e97 to remote] DEBUG org.asynchttpclient.netty.request.NettyRequestSender - Using open Channel [id: 0xe516ba41, L:/127.0.0.1:57886 - R:localhost/127.0.0.1:41923] for POST '/session/b667d61bfbba432a9edc1ee1f59d8e97/element'
15:26:50.771 [AsyncHttpClient-1-4] DEBUG org.asynchttpclient.netty.handler.HttpHandler - 

Request DefaultHttpRequest(decodeResult: success, version: HTTP/1.1)
POST /session/b667d61bfbba432a9edc1ee1f59d8e97/element HTTP/1.1
User-Agent: selenium/4.7.1 (java windows)
Content-Length: 108
Content-Type: application/json; charset=utf-8
host: localhost:41923
accept: */*

Response DefaultHttpResponse(decodeResult: success, version: HTTP/1.1)
HTTP/1.1 200 OK
Content-Type: application/json; charset=utf-8
cache-control: no-cache
content-length: 94

15:26:50.772 [AsyncHttpClient-1-4] DEBUG org.asynchttpclient.netty.channel.ChannelManager - Adding key: http://localhost:41923 for channel [id: 0xe516ba41, L:/127.0.0.1:57886 - R:localhost/127.0.0.1:41923]
15:26:50.777 [Forwarding isElementDisplayed on session b667d61bfbba432a9edc1ee1f59d8e97 to remote] DEBUG org.asynchttpclient.netty.request.NettyRequestSender - Using pooled Channel '[id: 0xe516ba41, L:/127.0.0.1:57886 - R:localhost/127.0.0.1:41923]' for 'POST' to 'http://localhost:41923/session/b667d61bfbba432a9edc1ee1f59d8e97/execute/sync'
15:26:50.777 [Forwarding isElementDisplayed on session b667d61bfbba432a9edc1ee1f59d8e97 to remote] DEBUG org.asynchttpclient.netty.request.NettyRequestSender - Using open Channel [id: 0xe516ba41, L:/127.0.0.1:57886 - R:localhost/127.0.0.1:41923] for POST '/session/b667d61bfbba432a9edc1ee1f59d8e97/execute/sync'
15:26:50.799 [AsyncHttpClient-1-4] DEBUG org.asynchttpclient.netty.handler.HttpHandler - 

Request DefaultHttpRequest(decodeResult: success, version: HTTP/1.1)
POST /session/b667d61bfbba432a9edc1ee1f59d8e97/execute/sync HTTP/1.1
User-Agent: selenium/4.7.1 (java windows)
Content-Length: 48786
Content-Type: application/json; charset=utf-8
host: localhost:41923
accept: */*

Response DefaultHttpResponse(decodeResult: success, version: HTTP/1.1)
HTTP/1.1 200 OK
Content-Type: application/json; charset=utf-8
cache-control: no-cache
content-length: 14

15:26:50.799 [AsyncHttpClient-1-4] DEBUG org.asynchttpclient.netty.channel.ChannelManager - Adding key: http://localhost:41923 for channel [id: 0xe516ba41, L:/127.0.0.1:57886 - R:localhost/127.0.0.1:41923]
15:26:50.802 [Forwarding isElementDisplayed on session b667d61bfbba432a9edc1ee1f59d8e97 to remote] DEBUG org.asynchttpclient.netty.request.NettyRequestSender - Using pooled Channel '[id: 0xe516ba41, L:/127.0.0.1:57886 - R:localhost/127.0.0.1:41923]' for 'POST' to 'http://localhost:41923/session/b667d61bfbba432a9edc1ee1f59d8e97/execute/sync'
15:26:50.802 [Forwarding isElementDisplayed on session b667d61bfbba432a9edc1ee1f59d8e97 to remote] DEBUG org.asynchttpclient.netty.request.NettyRequestSender - Using open Channel [id: 0xe516ba41, L:/127.0.0.1:57886 - R:localhost/127.0.0.1:41923] for POST '/session/b667d61bfbba432a9edc1ee1f59d8e97/execute/sync'
15:26:50.821 [AsyncHttpClient-1-4] DEBUG org.asynchttpclient.netty.handler.HttpHandler - 

Request DefaultHttpRequest(decodeResult: success, version: HTTP/1.1)
POST /session/b667d61bfbba432a9edc1ee1f59d8e97/execute/sync HTTP/1.1
User-Agent: selenium/4.7.1 (java windows)
Content-Length: 48786
Content-Type: application/json; charset=utf-8
host: localhost:41923
accept: */*

Response DefaultHttpResponse(decodeResult: success, version: HTTP/1.1)
HTTP/1.1 200 OK
Content-Type: application/json; charset=utf-8
cache-control: no-cache
content-length: 14

15:26:50.821 [AsyncHttpClient-1-4] DEBUG org.asynchttpclient.netty.channel.ChannelManager - Adding key: http://localhost:41923 for channel [id: 0xe516ba41, L:/127.0.0.1:57886 - R:localhost/127.0.0.1:41923]
15:26:50.828 [main] DEBUG net.serenitybdd.core.photography.Darkroom - Opening darkroom
15:26:50.829 [Darkroom Processing Line] DEBUG net.serenitybdd.core.photography.DarkroomProcessingLine - Darkroom processing line starting up
15:26:50.830 [Forwarding getCurrentWindowHandle on session b667d61bfbba432a9edc1ee1f59d8e97 to remote] DEBUG org.asynchttpclient.netty.request.NettyRequestSender - Using pooled Channel '[id: 0xe516ba41, L:/127.0.0.1:57886 - R:localhost/127.0.0.1:41923]' for 'GET' to 'http://localhost:41923/session/b667d61bfbba432a9edc1ee1f59d8e97/window'
15:26:50.830 [Forwarding getCurrentWindowHandle on session b667d61bfbba432a9edc1ee1f59d8e97 to remote] DEBUG org.asynchttpclient.netty.request.NettyRequestSender - Using open Channel [id: 0xe516ba41, L:/127.0.0.1:57886 - R:localhost/127.0.0.1:41923] for GET '/session/b667d61bfbba432a9edc1ee1f59d8e97/window'
15:26:50.831 [AsyncHttpClient-1-4] DEBUG org.asynchttpclient.netty.handler.HttpHandler - 

Request DefaultFullHttpRequest(decodeResult: success, version: HTTP/1.1, content: EmptyByteBufBE)
GET /session/b667d61bfbba432a9edc1ee1f59d8e97/window HTTP/1.1
User-Agent: selenium/4.7.1 (java windows)
Cache-Control: no-cache
Content-Type: application/json; charset=utf-8
host: localhost:41923
accept: */*

Response DefaultHttpResponse(decodeResult: success, version: HTTP/1.1)
HTTP/1.1 200 OK
Content-Type: application/json; charset=utf-8
cache-control: no-cache
content-length: 44

15:26:50.831 [AsyncHttpClient-1-4] DEBUG org.asynchttpclient.netty.channel.ChannelManager - Adding key: http://localhost:41923 for channel [id: 0xe516ba41, L:/127.0.0.1:57886 - R:localhost/127.0.0.1:41923]
15:26:50.832 [Forwarding getAlertText on session b667d61bfbba432a9edc1ee1f59d8e97 to remote] DEBUG org.asynchttpclient.netty.request.NettyRequestSender - Using pooled Channel '[id: 0xe516ba41, L:/127.0.0.1:57886 - R:localhost/127.0.0.1:41923]' for 'GET' to 'http://localhost:41923/session/b667d61bfbba432a9edc1ee1f59d8e97/alert/text'
15:26:50.832 [Forwarding getAlertText on session b667d61bfbba432a9edc1ee1f59d8e97 to remote] DEBUG org.asynchttpclient.netty.request.NettyRequestSender - Using open Channel [id: 0xe516ba41, L:/127.0.0.1:57886 - R:localhost/127.0.0.1:41923] for GET '/session/b667d61bfbba432a9edc1ee1f59d8e97/alert/text'
15:26:50.833 [AsyncHttpClient-1-4] DEBUG org.asynchttpclient.netty.handler.HttpHandler - 

Request DefaultFullHttpRequest(decodeResult: success, version: HTTP/1.1, content: EmptyByteBufBE)
GET /session/b667d61bfbba432a9edc1ee1f59d8e97/alert/text HTTP/1.1
User-Agent: selenium/4.7.1 (java windows)
Cache-Control: no-cache
Content-Type: application/json; charset=utf-8
host: localhost:41923
accept: */*

Response DefaultHttpResponse(decodeResult: success, version: HTTP/1.1)
HTTP/1.1 404 Not Found
Content-Type: application/json; charset=utf-8
cache-control: no-cache
content-length: 820

15:26:50.834 [AsyncHttpClient-1-4] DEBUG org.asynchttpclient.netty.channel.ChannelManager - Adding key: http://localhost:41923 for channel [id: 0xe516ba41, L:/127.0.0.1:57886 - R:localhost/127.0.0.1:41923]
15:26:50.836 [Forwarding switchToWindow on session b667d61bfbba432a9edc1ee1f59d8e97 to remote] DEBUG org.asynchttpclient.netty.request.NettyRequestSender - Using pooled Channel '[id: 0xe516ba41, L:/127.0.0.1:57886 - R:localhost/127.0.0.1:41923]' for 'POST' to 'http://localhost:41923/session/b667d61bfbba432a9edc1ee1f59d8e97/window'
15:26:50.836 [Forwarding switchToWindow on session b667d61bfbba432a9edc1ee1f59d8e97 to remote] DEBUG org.asynchttpclient.netty.request.NettyRequestSender - Using open Channel [id: 0xe516ba41, L:/127.0.0.1:57886 - R:localhost/127.0.0.1:41923] for POST '/session/b667d61bfbba432a9edc1ee1f59d8e97/window'
15:26:50.839 [AsyncHttpClient-1-4] DEBUG org.asynchttpclient.netty.handler.HttpHandler - 

Request DefaultHttpRequest(decodeResult: success, version: HTTP/1.1)
POST /session/b667d61bfbba432a9edc1ee1f59d8e97/window HTTP/1.1
User-Agent: selenium/4.7.1 (java windows)
Content-Length: 50
Content-Type: application/json; charset=utf-8
host: localhost:41923
accept: */*

Response DefaultHttpResponse(decodeResult: success, version: HTTP/1.1)
HTTP/1.1 200 OK
Content-Type: application/json; charset=utf-8
cache-control: no-cache
content-length: 14

15:26:50.839 [AsyncHttpClient-1-4] DEBUG org.asynchttpclient.netty.channel.ChannelManager - Adding key: http://localhost:41923 for channel [id: 0xe516ba41, L:/127.0.0.1:57886 - R:localhost/127.0.0.1:41923]
15:26:50.840 [Forwarding getCurrentUrl on session b667d61bfbba432a9edc1ee1f59d8e97 to remote] DEBUG org.asynchttpclient.netty.request.NettyRequestSender - Using pooled Channel '[id: 0xe516ba41, L:/127.0.0.1:57886 - R:localhost/127.0.0.1:41923]' for 'GET' to 'http://localhost:41923/session/b667d61bfbba432a9edc1ee1f59d8e97/url'
15:26:50.840 [Forwarding getCurrentUrl on session b667d61bfbba432a9edc1ee1f59d8e97 to remote] DEBUG org.asynchttpclient.netty.request.NettyRequestSender - Using open Channel [id: 0xe516ba41, L:/127.0.0.1:57886 - R:localhost/127.0.0.1:41923] for GET '/session/b667d61bfbba432a9edc1ee1f59d8e97/url'
15:26:50.846 [AsyncHttpClient-1-4] DEBUG org.asynchttpclient.netty.handler.HttpHandler - 

Request DefaultFullHttpRequest(decodeResult: success, version: HTTP/1.1, content: EmptyByteBufBE)
GET /session/b667d61bfbba432a9edc1ee1f59d8e97/url HTTP/1.1
User-Agent: selenium/4.7.1 (java windows)
Cache-Control: no-cache
Content-Type: application/json; charset=utf-8
host: localhost:41923
accept: */*

Response DefaultHttpResponse(decodeResult: success, version: HTTP/1.1)
HTTP/1.1 200 OK
Content-Type: application/json; charset=utf-8
cache-control: no-cache
content-length: 41

15:26:50.846 [AsyncHttpClient-1-4] DEBUG org.asynchttpclient.netty.channel.ChannelManager - Adding key: http://localhost:41923 for channel [id: 0xe516ba41, L:/127.0.0.1:57886 - R:localhost/127.0.0.1:41923]
15:26:50.846 [Forwarding screenshot on session b667d61bfbba432a9edc1ee1f59d8e97 to remote] DEBUG org.asynchttpclient.netty.request.NettyRequestSender - Using pooled Channel '[id: 0xe516ba41, L:/127.0.0.1:57886 - R:localhost/127.0.0.1:41923]' for 'GET' to 'http://localhost:41923/session/b667d61bfbba432a9edc1ee1f59d8e97/screenshot'
15:26:50.847 [Forwarding screenshot on session b667d61bfbba432a9edc1ee1f59d8e97 to remote] DEBUG org.asynchttpclient.netty.request.NettyRequestSender - Using open Channel [id: 0xe516ba41, L:/127.0.0.1:57886 - R:localhost/127.0.0.1:41923] for GET '/session/b667d61bfbba432a9edc1ee1f59d8e97/screenshot'
15:26:50.971 [AsyncHttpClient-1-4] DEBUG org.asynchttpclient.netty.handler.HttpHandler - 

Request DefaultFullHttpRequest(decodeResult: success, version: HTTP/1.1, content: EmptyByteBufBE)
GET /session/b667d61bfbba432a9edc1ee1f59d8e97/screenshot HTTP/1.1
User-Agent: selenium/4.7.1 (java windows)
Cache-Control: no-cache
Content-Type: application/json; charset=utf-8
host: localhost:41923
accept: */*

Response DefaultHttpResponse(decodeResult: success, version: HTTP/1.1)
HTTP/1.1 200 OK
Content-Type: application/json; charset=utf-8
cache-control: no-cache
content-length: 37016

15:26:50.972 [AsyncHttpClient-1-4] DEBUG org.asynchttpclient.netty.channel.ChannelManager - Adding key: http://localhost:41923 for channel [id: 0xe516ba41, L:/127.0.0.1:57886 - R:localhost/127.0.0.1:41923]
15:26:50.974 [main] DEBUG net.serenitybdd.core.photography.Darkroom - Send negative for processing for target\site\serenity\dcad393e5f5f3807655df5d3e73477aaefcae3e02e7a81377ae6f8f21c156402.png
15:26:50.974 [main] DEBUG net.thucydides.core.steps.StepInterceptor - STEP DONE: diHomepageAltaShop
  &amp#27;[32mGiven &amp#27;[0m&amp#27;[32muser berada di Homepage AltaShop&amp#27;[0m                             &amp#27;[90m# starter.stepdefinitions.LoginSteps.userBeradaDiHomepageAlta()&amp#27;[0m
15:26:50.986 [main] DEBUG net.thucydides.core.steps.StepInterceptor - STARTING STEP: LoginSteps.userKlikButtonLogin - klikButtonLogin
15:26:50.990 [Forwarding findElement on session b667d61bfbba432a9edc1ee1f59d8e97 to remote] DEBUG org.asynchttpclient.netty.request.NettyRequestSender - Using pooled Channel '[id: 0xe516ba41, L:/127.0.0.1:57886 - R:localhost/127.0.0.1:41923]' for 'POST' to 'http://localhost:41923/session/b667d61bfbba432a9edc1ee1f59d8e97/element'
15:26:50.990 [Forwarding findElement on session b667d61bfbba432a9edc1ee1f59d8e97 to remote] DEBUG org.asynchttpclient.netty.request.NettyRequestSender - Using open Channel [id: 0xe516ba41, L:/127.0.0.1:57886 - R:localhost/127.0.0.1:41923] for POST '/session/b667d61bfbba432a9edc1ee1f59d8e97/element'
15:26:51.000 [AsyncHttpClient-1-4] DEBUG org.asynchttpclient.netty.handler.HttpHandler - 

Request DefaultHttpRequest(decodeResult: success, version: HTTP/1.1)
POST /session/b667d61bfbba432a9edc1ee1f59d8e97/element HTTP/1.1
User-Agent: selenium/4.7.1 (java windows)
Content-Length: 108
Content-Type: application/json; charset=utf-8
host: localhost:41923
accept: */*

Response DefaultHttpResponse(decodeResult: success, version: HTTP/1.1)
HTTP/1.1 200 OK
Content-Type: application/json; charset=utf-8
cache-control: no-cache
content-length: 94

15:26:51.000 [AsyncHttpClient-1-4] DEBUG org.asynchttpclient.netty.channel.ChannelManager - Adding key: http://localhost:41923 for channel [id: 0xe516ba41, L:/127.0.0.1:57886 - R:localhost/127.0.0.1:41923]
15:26:51.001 [Forwarding getElementTagName on session b667d61bfbba432a9edc1ee1f59d8e97 to remote] DEBUG org.asynchttpclient.netty.request.NettyRequestSender - Using pooled Channel '[id: 0xe516ba41, L:/127.0.0.1:57886 - R:localhost/127.0.0.1:41923]' for 'GET' to 'http://localhost:41923/session/b667d61bfbba432a9edc1ee1f59d8e97/element/018F2558AD8C988FD37E29790F63BCE9_element_5/name'
15:26:51.001 [Forwarding getElementTagName on session b667d61bfbba432a9edc1ee1f59d8e97 to remote] DEBUG org.asynchttpclient.netty.request.NettyRequestSender - Using open Channel [id: 0xe516ba41, L:/127.0.0.1:57886 - R:localhost/127.0.0.1:41923] for GET '/session/b667d61bfbba432a9edc1ee1f59d8e97/element/018F2558AD8C988FD37E29790F63BCE9_element_5/name'
15:26:51.010 [AsyncHttpClient-1-4] DEBUG org.asynchttpclient.netty.handler.HttpHandler - 

Request DefaultFullHttpRequest(decodeResult: success, version: HTTP/1.1, content: EmptyByteBufBE)
GET /session/b667d61bfbba432a9edc1ee1f59d8e97/element/018F2558AD8C988FD37E29790F63BCE9_element_5/name HTTP/1.1
User-Agent: selenium/4.7.1 (java windows)
Cache-Control: no-cache
Content-Type: application/json; charset=utf-8
host: localhost:41923
accept: */*

Response DefaultHttpResponse(decodeResult: success, version: HTTP/1.1)
HTTP/1.1 200 OK
Content-Type: application/json; charset=utf-8
cache-control: no-cache
content-length: 18

15:26:51.010 [AsyncHttpClient-1-4] DEBUG org.asynchttpclient.netty.channel.ChannelManager - Adding key: http://localhost:41923 for channel [id: 0xe516ba41, L:/127.0.0.1:57886 - R:localhost/127.0.0.1:41923]
15:26:51.011 [Forwarding getElementTagName on session b667d61bfbba432a9edc1ee1f59d8e97 to remote] DEBUG org.asynchttpclient.netty.request.NettyRequestSender - Using pooled Channel '[id: 0xe516ba41, L:/127.0.0.1:57886 - R:localhost/127.0.0.1:41923]' for 'GET' to 'http://localhost:41923/session/b667d61bfbba432a9edc1ee1f59d8e97/element/018F2558AD8C988FD37E29790F63BCE9_element_5/name'
15:26:51.011 [Forwarding getElementTagName on session b667d61bfbba432a9edc1ee1f59d8e97 to remote] DEBUG org.asynchttpclient.netty.request.NettyRequestSender - Using open Channel [id: 0xe516ba41, L:/127.0.0.1:57886 - R:localhost/127.0.0.1:41923] for GET '/session/b667d61bfbba432a9edc1ee1f59d8e97/element/018F2558AD8C988FD37E29790F63BCE9_element_5/name'
15:26:51.015 [AsyncHttpClient-1-4] DEBUG org.asynchttpclient.netty.handler.HttpHandler - 

Request DefaultFullHttpRequest(decodeResult: success, version: HTTP/1.1, content: EmptyByteBufBE)
GET /session/b667d61bfbba432a9edc1ee1f59d8e97/element/018F2558AD8C988FD37E29790F63BCE9_element_5/name HTTP/1.1
User-Agent: selenium/4.7.1 (java windows)
Cache-Control: no-cache
Content-Type: application/json; charset=utf-8
host: localhost:41923
accept: */*

Response DefaultHttpResponse(decodeResult: success, version: HTTP/1.1)
HTTP/1.1 200 OK
Content-Type: application/json; charset=utf-8
cache-control: no-cache
content-length: 18

15:26:51.016 [AsyncHttpClient-1-4] DEBUG org.asynchttpclient.netty.channel.ChannelManager - Adding key: http://localhost:41923 for channel [id: 0xe516ba41, L:/127.0.0.1:57886 - R:localhost/127.0.0.1:41923]
15:26:51.017 [Forwarding isElementEnabled on session b667d61bfbba432a9edc1ee1f59d8e97 to remote] DEBUG org.asynchttpclient.netty.request.NettyRequestSender - Using pooled Channel '[id: 0xe516ba41, L:/127.0.0.1:57886 - R:localhost/127.0.0.1:41923]' for 'GET' to 'http://localhost:41923/session/b667d61bfbba432a9edc1ee1f59d8e97/element/018F2558AD8C988FD37E29790F63BCE9_element_5/enabled'
15:26:51.017 [Forwarding isElementEnabled on session b667d61bfbba432a9edc1ee1f59d8e97 to remote] DEBUG org.asynchttpclient.netty.request.NettyRequestSender - Using open Channel [id: 0xe516ba41, L:/127.0.0.1:57886 - R:localhost/127.0.0.1:41923] for GET '/session/b667d61bfbba432a9edc1ee1f59d8e97/element/018F2558AD8C988FD37E29790F63BCE9_element_5/enabled'
15:26:51.446 [AsyncHttpClient-1-1] DEBUG org.asynchttpclient.netty.channel.DefaultChannelPool - Entry count for : http://localhost:57887 : 1
15:26:52.545 [AsyncHttpClient-1-1] DEBUG org.asynchttpclient.netty.channel.DefaultChannelPool - Entry count for : http://localhost:57887 : 1
15:26:53.427 [AsyncHttpClient-1-4] DEBUG org.asynchttpclient.netty.handler.HttpHandler - 

Request DefaultFullHttpRequest(decodeResult: success, version: HTTP/1.1, content: EmptyByteBufBE)
GET /session/b667d61bfbba432a9edc1ee1f59d8e97/element/018F2558AD8C988FD37E29790F63BCE9_element_5/enabled HTTP/1.1
User-Agent: selenium/4.7.1 (java windows)
Cache-Control: no-cache
Content-Type: application/json; charset=utf-8
host: localhost:41923
accept: */*

Response DefaultHttpResponse(decodeResult: success, version: HTTP/1.1)
HTTP/1.1 200 OK
Content-Type: application/json; charset=utf-8
cache-control: no-cache
content-length: 14

15:26:53.427 [AsyncHttpClient-1-4] DEBUG org.asynchttpclient.netty.channel.ChannelManager - Adding key: http://localhost:41923 for channel [id: 0xe516ba41, L:/127.0.0.1:57886 - R:localhost/127.0.0.1:41923]
15:26:53.429 [Forwarding isElementEnabled on session b667d61bfbba432a9edc1ee1f59d8e97 to remote] DEBUG org.asynchttpclient.netty.request.NettyRequestSender - Using pooled Channel '[id: 0xe516ba41, L:/127.0.0.1:57886 - R:localhost/127.0.0.1:41923]' for 'GET' to 'http://localhost:41923/session/b667d61bfbba432a9edc1ee1f59d8e97/element/018F2558AD8C988FD37E29790F63BCE9_element_5/enabled'
15:26:53.429 [Forwarding isElementEnabled on session b667d61bfbba432a9edc1ee1f59d8e97 to remote] DEBUG org.asynchttpclient.netty.request.NettyRequestSender - Using open Channel [id: 0xe516ba41, L:/127.0.0.1:57886 - R:localhost/127.0.0.1:41923] for GET '/session/b667d61bfbba432a9edc1ee1f59d8e97/element/018F2558AD8C988FD37E29790F63BCE9_element_5/enabled'
15:26:53.449 [AsyncHttpClient-1-4] DEBUG org.asynchttpclient.netty.handler.HttpHandler - 

Request DefaultFullHttpRequest(decodeResult: success, version: HTTP/1.1, content: EmptyByteBufBE)
GET /session/b667d61bfbba432a9edc1ee1f59d8e97/element/018F2558AD8C988FD37E29790F63BCE9_element_5/enabled HTTP/1.1
User-Agent: selenium/4.7.1 (java windows)
Cache-Control: no-cache
Content-Type: application/json; charset=utf-8
host: localhost:41923
accept: */*

Response DefaultHttpResponse(decodeResult: success, version: HTTP/1.1)
HTTP/1.1 200 OK
Content-Type: application/json; charset=utf-8
cache-control: no-cache
content-length: 14

15:26:53.449 [AsyncHttpClient-1-4] DEBUG org.asynchttpclient.netty.channel.ChannelManager - Adding key: http://localhost:41923 for channel [id: 0xe516ba41, L:/127.0.0.1:57886 - R:localhost/127.0.0.1:41923]
15:26:53.451 [Forwarding findElement on session b667d61bfbba432a9edc1ee1f59d8e97 to remote] DEBUG org.asynchttpclient.netty.request.NettyRequestSender - Using pooled Channel '[id: 0xe516ba41, L:/127.0.0.1:57886 - R:localhost/127.0.0.1:41923]' for 'POST' to 'http://localhost:41923/session/b667d61bfbba432a9edc1ee1f59d8e97/element'
15:26:53.452 [Forwarding findElement on session b667d61bfbba432a9edc1ee1f59d8e97 to remote] DEBUG org.asynchttpclient.netty.request.NettyRequestSender - Using open Channel [id: 0xe516ba41, L:/127.0.0.1:57886 - R:localhost/127.0.0.1:41923] for POST '/session/b667d61bfbba432a9edc1ee1f59d8e97/element'
15:26:53.470 [AsyncHttpClient-1-4] DEBUG org.asynchttpclient.netty.handler.HttpHandler - 

Request DefaultHttpRequest(decodeResult: success, version: HTTP/1.1)
POST /session/b667d61bfbba432a9edc1ee1f59d8e97/element HTTP/1.1
User-Agent: selenium/4.7.1 (java windows)
Content-Length: 108
Content-Type: application/json; charset=utf-8
host: localhost:41923
accept: */*

Response DefaultHttpResponse(decodeResult: success, version: HTTP/1.1)
HTTP/1.1 200 OK
Content-Type: application/json; charset=utf-8
cache-control: no-cache
content-length: 94

15:26:53.470 [AsyncHttpClient-1-4] DEBUG org.asynchttpclient.netty.channel.ChannelManager - Adding key: http://localhost:41923 for channel [id: 0xe516ba41, L:/127.0.0.1:57886 - R:localhost/127.0.0.1:41923]
15:26:53.470 [Forwarding clickElement on session b667d61bfbba432a9edc1ee1f59d8e97 to remote] DEBUG org.asynchttpclient.netty.request.NettyRequestSender - Using pooled Channel '[id: 0xe516ba41, L:/127.0.0.1:57886 - R:localhost/127.0.0.1:41923]' for 'POST' to 'http://localhost:41923/session/b667d61bfbba432a9edc1ee1f59d8e97/element/018F2558AD8C988FD37E29790F63BCE9_element_5/click'
15:26:53.470 [Forwarding clickElement on session b667d61bfbba432a9edc1ee1f59d8e97 to remote] DEBUG org.asynchttpclient.netty.request.NettyRequestSender - Using open Channel [id: 0xe516ba41, L:/127.0.0.1:57886 - R:localhost/127.0.0.1:41923] for POST '/session/b667d61bfbba432a9edc1ee1f59d8e97/element/018F2558AD8C988FD37E29790F63BCE9_element_5/click'
15:26:53.551 [AsyncHttpClient-1-4] DEBUG org.asynchttpclient.netty.handler.HttpHandler - 

Request DefaultHttpRequest(decodeResult: success, version: HTTP/1.1)
POST /session/b667d61bfbba432a9edc1ee1f59d8e97/element/018F2558AD8C988FD37E29790F63BCE9_element_5/click HTTP/1.1
User-Agent: selenium/4.7.1 (java windows)
Content-Length: 56
Content-Type: application/json; charset=utf-8
host: localhost:41923
accept: */*

Response DefaultHttpResponse(decodeResult: success, version: HTTP/1.1)
HTTP/1.1 200 OK
Content-Type: application/json; charset=utf-8
cache-control: no-cache
content-length: 14

15:26:53.551 [AsyncHttpClient-1-4] DEBUG org.asynchttpclient.netty.channel.ChannelManager - Adding key: http://localhost:41923 for channel [id: 0xe516ba41, L:/127.0.0.1:57886 - R:localhost/127.0.0.1:41923]
15:26:53.562 [Forwarding getCurrentWindowHandle on session b667d61bfbba432a9edc1ee1f59d8e97 to remote] DEBUG org.asynchttpclient.netty.request.NettyRequestSender - Using pooled Channel '[id: 0xe516ba41, L:/127.0.0.1:57886 - R:localhost/127.0.0.1:41923]' for 'GET' to 'http://localhost:41923/session/b667d61bfbba432a9edc1ee1f59d8e97/window'
15:26:53.562 [Forwarding getCurrentWindowHandle on session b667d61bfbba432a9edc1ee1f59d8e97 to remote] DEBUG org.asynchttpclient.netty.request.NettyRequestSender - Using open Channel [id: 0xe516ba41, L:/127.0.0.1:57886 - R:localhost/127.0.0.1:41923] for GET '/session/b667d61bfbba432a9edc1ee1f59d8e97/window'
15:26:53.563 [AsyncHttpClient-1-4] DEBUG org.asynchttpclient.netty.handler.HttpHandler - 

Request DefaultFullHttpRequest(decodeResult: success, version: HTTP/1.1, content: EmptyByteBufBE)
GET /session/b667d61bfbba432a9edc1ee1f59d8e97/window HTTP/1.1
User-Agent: selenium/4.7.1 (java windows)
Cache-Control: no-cache
Content-Type: application/json; charset=utf-8
host: localhost:41923
accept: */*

Response DefaultHttpResponse(decodeResult: success, version: HTTP/1.1)
HTTP/1.1 200 OK
Content-Type: application/json; charset=utf-8
cache-control: no-cache
content-length: 44

15:26:53.563 [AsyncHttpClient-1-4] DEBUG org.asynchttpclient.netty.channel.ChannelManager - Adding key: http://localhost:41923 for channel [id: 0xe516ba41, L:/127.0.0.1:57886 - R:localhost/127.0.0.1:41923]
15:26:53.566 [Forwarding getAlertText on session b667d61bfbba432a9edc1ee1f59d8e97 to remote] DEBUG org.asynchttpclient.netty.request.NettyRequestSender - Using pooled Channel '[id: 0xe516ba41, L:/127.0.0.1:57886 - R:localhost/127.0.0.1:41923]' for 'GET' to 'http://localhost:41923/session/b667d61bfbba432a9edc1ee1f59d8e97/alert/text'
15:26:53.566 [Forwarding getAlertText on session b667d61bfbba432a9edc1ee1f59d8e97 to remote] DEBUG org.asynchttpclient.netty.request.NettyRequestSender - Using open Channel [id: 0xe516ba41, L:/127.0.0.1:57886 - R:localhost/127.0.0.1:41923] for GET '/session/b667d61bfbba432a9edc1ee1f59d8e97/alert/text'
15:26:53.646 [AsyncHttpClient-1-1] DEBUG org.asynchttpclient.netty.channel.DefaultChannelPool - Entry count for : http://localhost:57887 : 1
15:26:53.814 [AsyncHttpClient-1-4] DEBUG org.asynchttpclient.netty.handler.HttpHandler - 

Request DefaultFullHttpRequest(decodeResult: success, version: HTTP/1.1, content: EmptyByteBufBE)
GET /session/b667d61bfbba432a9edc1ee1f59d8e97/alert/text HTTP/1.1
User-Agent: selenium/4.7.1 (java windows)
Cache-Control: no-cache
Content-Type: application/json; charset=utf-8
host: localhost:41923
accept: */*

Response DefaultHttpResponse(decodeResult: success, version: HTTP/1.1)
HTTP/1.1 404 Not Found
Content-Type: application/json; charset=utf-8
cache-control: no-cache
content-length: 820

15:26:53.814 [AsyncHttpClient-1-4] DEBUG org.asynchttpclient.netty.channel.ChannelManager - Adding key: http://localhost:41923 for channel [id: 0xe516ba41, L:/127.0.0.1:57886 - R:localhost/127.0.0.1:41923]
15:26:53.817 [Forwarding switchToWindow on session b667d61bfbba432a9edc1ee1f59d8e97 to remote] DEBUG org.asynchttpclient.netty.request.NettyRequestSender - Using pooled Channel '[id: 0xe516ba41, L:/127.0.0.1:57886 - R:localhost/127.0.0.1:41923]' for 'POST' to 'http://localhost:41923/session/b667d61bfbba432a9edc1ee1f59d8e97/window'
15:26:53.817 [Forwarding switchToWindow on session b667d61bfbba432a9edc1ee1f59d8e97 to remote] DEBUG org.asynchttpclient.netty.request.NettyRequestSender - Using open Channel [id: 0xe516ba41, L:/127.0.0.1:57886 - R:localhost/127.0.0.1:41923] for POST '/session/b667d61bfbba432a9edc1ee1f59d8e97/window'
15:26:53.819 [AsyncHttpClient-1-4] DEBUG org.asynchttpclient.netty.handler.HttpHandler - 

Request DefaultHttpRequest(decodeResult: success, version: HTTP/1.1)
POST /session/b667d61bfbba432a9edc1ee1f59d8e97/window HTTP/1.1
User-Agent: selenium/4.7.1 (java windows)
Content-Length: 50
Content-Type: application/json; charset=utf-8
host: localhost:41923
accept: */*

Response DefaultHttpResponse(decodeResult: success, version: HTTP/1.1)
HTTP/1.1 200 OK
Content-Type: application/json; charset=utf-8
cache-control: no-cache
content-length: 14

15:26:53.819 [AsyncHttpClient-1-4] DEBUG org.asynchttpclient.netty.channel.ChannelManager - Adding key: http://localhost:41923 for channel [id: 0xe516ba41, L:/127.0.0.1:57886 - R:localhost/127.0.0.1:41923]
15:26:53.820 [Forwarding getCurrentUrl on session b667d61bfbba432a9edc1ee1f59d8e97 to remote] DEBUG org.asynchttpclient.netty.request.NettyRequestSender - Using pooled Channel '[id: 0xe516ba41, L:/127.0.0.1:57886 - R:localhost/127.0.0.1:41923]' for 'GET' to 'http://localhost:41923/session/b667d61bfbba432a9edc1ee1f59d8e97/url'
15:26:53.820 [Forwarding getCurrentUrl on session b667d61bfbba432a9edc1ee1f59d8e97 to remote] DEBUG org.asynchttpclient.netty.request.NettyRequestSender - Using open Channel [id: 0xe516ba41, L:/127.0.0.1:57886 - R:localhost/127.0.0.1:41923] for GET '/session/b667d61bfbba432a9edc1ee1f59d8e97/url'
15:26:53.828 [AsyncHttpClient-1-4] DEBUG org.asynchttpclient.netty.handler.HttpHandler - 

Request DefaultFullHttpRequest(decodeResult: success, version: HTTP/1.1, content: EmptyByteBufBE)
GET /session/b667d61bfbba432a9edc1ee1f59d8e97/url HTTP/1.1
User-Agent: selenium/4.7.1 (java windows)
Cache-Control: no-cache
Content-Type: application/json; charset=utf-8
host: localhost:41923
accept: */*

Response DefaultHttpResponse(decodeResult: success, version: HTTP/1.1)
HTTP/1.1 200 OK
Content-Type: application/json; charset=utf-8
cache-control: no-cache
content-length: 51

15:26:53.828 [AsyncHttpClient-1-4] DEBUG org.asynchttpclient.netty.channel.ChannelManager - Adding key: http://localhost:41923 for channel [id: 0xe516ba41, L:/127.0.0.1:57886 - R:localhost/127.0.0.1:41923]
15:26:53.829 [Forwarding screenshot on session b667d61bfbba432a9edc1ee1f59d8e97 to remote] DEBUG org.asynchttpclient.netty.request.NettyRequestSender - Using pooled Channel '[id: 0xe516ba41, L:/127.0.0.1:57886 - R:localhost/127.0.0.1:41923]' for 'GET' to 'http://localhost:41923/session/b667d61bfbba432a9edc1ee1f59d8e97/screenshot'
15:26:53.829 [Forwarding screenshot on session b667d61bfbba432a9edc1ee1f59d8e97 to remote] DEBUG org.asynchttpclient.netty.request.NettyRequestSender - Using open Channel [id: 0xe516ba41, L:/127.0.0.1:57886 - R:localhost/127.0.0.1:41923] for GET '/session/b667d61bfbba432a9edc1ee1f59d8e97/screenshot'
15:26:53.906 [AsyncHttpClient-1-4] DEBUG org.asynchttpclient.netty.handler.HttpHandler - 

Request DefaultFullHttpRequest(decodeResult: success, version: HTTP/1.1, content: EmptyByteBufBE)
GET /session/b667d61bfbba432a9edc1ee1f59d8e97/screenshot HTTP/1.1
User-Agent: selenium/4.7.1 (java windows)
Cache-Control: no-cache
Content-Type: application/json; charset=utf-8
host: localhost:41923
accept: */*

Response DefaultHttpResponse(decodeResult: success, version: HTTP/1.1)
HTTP/1.1 200 OK
Content-Type: application/json; charset=utf-8
cache-control: no-cache
content-length: 26172

15:26:53.906 [AsyncHttpClient-1-4] DEBUG org.asynchttpclient.netty.channel.ChannelManager - Adding key: http://localhost:41923 for channel [id: 0xe516ba41, L:/127.0.0.1:57886 - R:localhost/127.0.0.1:41923]
15:26:53.908 [main] DEBUG net.serenitybdd.core.photography.Darkroom - Send negative for processing for target\site\serenity\f035198f28bcaf95684f4b1a3b9e5d031fc0873bb044f55c4913aef571773aa0.png
15:26:53.909 [main] DEBUG net.thucydides.core.steps.StepInterceptor - STEP DONE: klikButtonLogin
  &amp#27;[32mWhen &amp#27;[0m&amp#27;[32muser klik button login&amp#27;[0m                                        &amp#27;[90m# starter.stepdefinitions.LoginSteps.userKlikButtonLogin()&amp#27;[0m
15:26:53.929 [main] DEBUG net.thucydides.core.steps.StepInterceptor - STARTING STEP: RegisterSteps.userKlikRegister - klikLinkRegister
15:26:53.932 [Forwarding findElement on session b667d61bfbba432a9edc1ee1f59d8e97 to remote] DEBUG org.asynchttpclient.netty.request.NettyRequestSender - Using pooled Channel '[id: 0xe516ba41, L:/127.0.0.1:57886 - R:localhost/127.0.0.1:41923]' for 'POST' to 'http://localhost:41923/session/b667d61bfbba432a9edc1ee1f59d8e97/element'
15:26:53.932 [Forwarding findElement on session b667d61bfbba432a9edc1ee1f59d8e97 to remote] DEBUG org.asynchttpclient.netty.request.NettyRequestSender - Using open Channel [id: 0xe516ba41, L:/127.0.0.1:57886 - R:localhost/127.0.0.1:41923] for POST '/session/b667d61bfbba432a9edc1ee1f59d8e97/element'
15:26:53.948 [AsyncHttpClient-1-4] DEBUG org.asynchttpclient.netty.handler.HttpHandler - 

Request DefaultHttpRequest(decodeResult: success, version: HTTP/1.1)
POST /session/b667d61bfbba432a9edc1ee1f59d8e97/element HTTP/1.1
User-Agent: selenium/4.7.1 (java windows)
Content-Length: 84
Content-Type: application/json; charset=utf-8
host: localhost:41923
accept: */*

Response DefaultHttpResponse(decodeResult: success, version: HTTP/1.1)
HTTP/1.1 200 OK
Content-Type: application/json; charset=utf-8
cache-control: no-cache
content-length: 94

15:26:53.949 [AsyncHttpClient-1-4] DEBUG org.asynchttpclient.netty.channel.ChannelManager - Adding key: http://localhost:41923 for channel [id: 0xe516ba41, L:/127.0.0.1:57886 - R:localhost/127.0.0.1:41923]
15:26:53.950 [Forwarding getElementTagName on session b667d61bfbba432a9edc1ee1f59d8e97 to remote] DEBUG org.asynchttpclient.netty.request.NettyRequestSender - Using pooled Channel '[id: 0xe516ba41, L:/127.0.0.1:57886 - R:localhost/127.0.0.1:41923]' for 'GET' to 'http://localhost:41923/session/b667d61bfbba432a9edc1ee1f59d8e97/element/018F2558AD8C988FD37E29790F63BCE9_element_8/name'
15:26:53.950 [Forwarding getElementTagName on session b667d61bfbba432a9edc1ee1f59d8e97 to remote] DEBUG org.asynchttpclient.netty.request.NettyRequestSender - Using open Channel [id: 0xe516ba41, L:/127.0.0.1:57886 - R:localhost/127.0.0.1:41923] for GET '/session/b667d61bfbba432a9edc1ee1f59d8e97/element/018F2558AD8C988FD37E29790F63BCE9_element_8/name'
15:26:53.955 [AsyncHttpClient-1-4] DEBUG org.asynchttpclient.netty.handler.HttpHandler - 

Request DefaultFullHttpRequest(decodeResult: success, version: HTTP/1.1, content: EmptyByteBufBE)
GET /session/b667d61bfbba432a9edc1ee1f59d8e97/element/018F2558AD8C988FD37E29790F63BCE9_element_8/name HTTP/1.1
User-Agent: selenium/4.7.1 (java windows)
Cache-Control: no-cache
Content-Type: application/json; charset=utf-8
host: localhost:41923
accept: */*

Response DefaultHttpResponse(decodeResult: success, version: HTTP/1.1)
HTTP/1.1 200 OK
Content-Type: application/json; charset=utf-8
cache-control: no-cache
content-length: 13

15:26:53.955 [AsyncHttpClient-1-4] DEBUG org.asynchttpclient.netty.channel.ChannelManager - Adding key: http://localhost:41923 for channel [id: 0xe516ba41, L:/127.0.0.1:57886 - R:localhost/127.0.0.1:41923]
15:26:53.956 [Forwarding getElementTagName on session b667d61bfbba432a9edc1ee1f59d8e97 to remote] DEBUG org.asynchttpclient.netty.request.NettyRequestSender - Using pooled Channel '[id: 0xe516ba41, L:/127.0.0.1:57886 - R:localhost/127.0.0.1:41923]' for 'GET' to 'http://localhost:41923/session/b667d61bfbba432a9edc1ee1f59d8e97/element/018F2558AD8C988FD37E29790F63BCE9_element_8/name'
15:26:53.956 [Forwarding getElementTagName on session b667d61bfbba432a9edc1ee1f59d8e97 to remote] DEBUG org.asynchttpclient.netty.request.NettyRequestSender - Using open Channel [id: 0xe516ba41, L:/127.0.0.1:57886 - R:localhost/127.0.0.1:41923] for GET '/session/b667d61bfbba432a9edc1ee1f59d8e97/element/018F2558AD8C988FD37E29790F63BCE9_element_8/name'
15:26:53.960 [AsyncHttpClient-1-4] DEBUG org.asynchttpclient.netty.handler.HttpHandler - 

Request DefaultFullHttpRequest(decodeResult: success, version: HTTP/1.1, content: EmptyByteBufBE)
GET /session/b667d61bfbba432a9edc1ee1f59d8e97/element/018F2558AD8C988FD37E29790F63BCE9_element_8/name HTTP/1.1
User-Agent: selenium/4.7.1 (java windows)
Cache-Control: no-cache
Content-Type: application/json; charset=utf-8
host: localhost:41923
accept: */*

Response DefaultHttpResponse(decodeResult: success, version: HTTP/1.1)
HTTP/1.1 200 OK
Content-Type: application/json; charset=utf-8
cache-control: no-cache
content-length: 13

15:26:53.961 [AsyncHttpClient-1-4] DEBUG org.asynchttpclient.netty.channel.ChannelManager - Adding key: http://localhost:41923 for channel [id: 0xe516ba41, L:/127.0.0.1:57886 - R:localhost/127.0.0.1:41923]
15:26:53.962 [Forwarding findElement on session b667d61bfbba432a9edc1ee1f59d8e97 to remote] DEBUG org.asynchttpclient.netty.request.NettyRequestSender - Using pooled Channel '[id: 0xe516ba41, L:/127.0.0.1:57886 - R:localhost/127.0.0.1:41923]' for 'POST' to 'http://localhost:41923/session/b667d61bfbba432a9edc1ee1f59d8e97/element'
15:26:53.962 [Forwarding findElement on session b667d61bfbba432a9edc1ee1f59d8e97 to remote] DEBUG org.asynchttpclient.netty.request.NettyRequestSender - Using open Channel [id: 0xe516ba41, L:/127.0.0.1:57886 - R:localhost/127.0.0.1:41923] for POST '/session/b667d61bfbba432a9edc1ee1f59d8e97/element'
15:26:53.971 [AsyncHttpClient-1-4] DEBUG org.asynchttpclient.netty.handler.HttpHandler - 

Request DefaultHttpRequest(decodeResult: success, version: HTTP/1.1)
POST /session/b667d61bfbba432a9edc1ee1f59d8e97/element HTTP/1.1
User-Agent: selenium/4.7.1 (java windows)
Content-Length: 84
Content-Type: application/json; charset=utf-8
host: localhost:41923
accept: */*

Response DefaultHttpResponse(decodeResult: success, version: HTTP/1.1)
HTTP/1.1 200 OK
Content-Type: application/json; charset=utf-8
cache-control: no-cache
content-length: 94

15:26:53.971 [AsyncHttpClient-1-4] DEBUG org.asynchttpclient.netty.channel.ChannelManager - Adding key: http://localhost:41923 for channel [id: 0xe516ba41, L:/127.0.0.1:57886 - R:localhost/127.0.0.1:41923]
15:26:53.972 [Forwarding clickElement on session b667d61bfbba432a9edc1ee1f59d8e97 to remote] DEBUG org.asynchttpclient.netty.request.NettyRequestSender - Using pooled Channel '[id: 0xe516ba41, L:/127.0.0.1:57886 - R:localhost/127.0.0.1:41923]' for 'POST' to 'http://localhost:41923/session/b667d61bfbba432a9edc1ee1f59d8e97/element/018F2558AD8C988FD37E29790F63BCE9_element_8/click'
15:26:53.972 [Forwarding clickElement on session b667d61bfbba432a9edc1ee1f59d8e97 to remote] DEBUG org.asynchttpclient.netty.request.NettyRequestSender - Using open Channel [id: 0xe516ba41, L:/127.0.0.1:57886 - R:localhost/127.0.0.1:41923] for POST '/session/b667d61bfbba432a9edc1ee1f59d8e97/element/018F2558AD8C988FD37E29790F63BCE9_element_8/click'
15:26:54.012 [AsyncHttpClient-1-4] DEBUG org.asynchttpclient.netty.handler.HttpHandler - 

Request DefaultHttpRequest(decodeResult: success, version: HTTP/1.1)
POST /session/b667d61bfbba432a9edc1ee1f59d8e97/element/018F2558AD8C988FD37E29790F63BCE9_element_8/click HTTP/1.1
User-Agent: selenium/4.7.1 (java windows)
Content-Length: 56
Content-Type: application/json; charset=utf-8
host: localhost:41923
accept: */*

Response DefaultHttpResponse(decodeResult: success, version: HTTP/1.1)
HTTP/1.1 200 OK
Content-Type: application/json; charset=utf-8
cache-control: no-cache
content-length: 14

15:26:54.013 [AsyncHttpClient-1-4] DEBUG org.asynchttpclient.netty.channel.ChannelManager - Adding key: http://localhost:41923 for channel [id: 0xe516ba41, L:/127.0.0.1:57886 - R:localhost/127.0.0.1:41923]
15:26:54.023 [Forwarding getCurrentWindowHandle on session b667d61bfbba432a9edc1ee1f59d8e97 to remote] DEBUG org.asynchttpclient.netty.request.NettyRequestSender - Using pooled Channel '[id: 0xe516ba41, L:/127.0.0.1:57886 - R:localhost/127.0.0.1:41923]' for 'GET' to 'http://localhost:41923/session/b667d61bfbba432a9edc1ee1f59d8e97/window'
15:26:54.023 [Forwarding getCurrentWindowHandle on session b667d61bfbba432a9edc1ee1f59d8e97 to remote] DEBUG org.asynchttpclient.netty.request.NettyRequestSender - Using open Channel [id: 0xe516ba41, L:/127.0.0.1:57886 - R:localhost/127.0.0.1:41923] for GET '/session/b667d61bfbba432a9edc1ee1f59d8e97/window'
15:26:54.025 [AsyncHttpClient-1-4] DEBUG org.asynchttpclient.netty.handler.HttpHandler - 

Request DefaultFullHttpRequest(decodeResult: success, version: HTTP/1.1, content: EmptyByteBufBE)
GET /session/b667d61bfbba432a9edc1ee1f59d8e97/window HTTP/1.1
User-Agent: selenium/4.7.1 (java windows)
Cache-Control: no-cache
Content-Type: application/json; charset=utf-8
host: localhost:41923
accept: */*

Response DefaultHttpResponse(decodeResult: success, version: HTTP/1.1)
HTTP/1.1 200 OK
Content-Type: application/json; charset=utf-8
cache-control: no-cache
content-length: 44

15:26:54.025 [AsyncHttpClient-1-4] DEBUG org.asynchttpclient.netty.channel.ChannelManager - Adding key: http://localhost:41923 for channel [id: 0xe516ba41, L:/127.0.0.1:57886 - R:localhost/127.0.0.1:41923]
15:26:54.027 [Forwarding getAlertText on session b667d61bfbba432a9edc1ee1f59d8e97 to remote] DEBUG org.asynchttpclient.netty.request.NettyRequestSender - Using pooled Channel '[id: 0xe516ba41, L:/127.0.0.1:57886 - R:localhost/127.0.0.1:41923]' for 'GET' to 'http://localhost:41923/session/b667d61bfbba432a9edc1ee1f59d8e97/alert/text'
15:26:54.027 [Forwarding getAlertText on session b667d61bfbba432a9edc1ee1f59d8e97 to remote] DEBUG org.asynchttpclient.netty.request.NettyRequestSender - Using open Channel [id: 0xe516ba41, L:/127.0.0.1:57886 - R:localhost/127.0.0.1:41923] for GET '/session/b667d61bfbba432a9edc1ee1f59d8e97/alert/text'
15:26:54.041 [AsyncHttpClient-1-4] DEBUG org.asynchttpclient.netty.handler.HttpHandler - 

Request DefaultFullHttpRequest(decodeResult: success, version: HTTP/1.1, content: EmptyByteBufBE)
GET /session/b667d61bfbba432a9edc1ee1f59d8e97/alert/text HTTP/1.1
User-Agent: selenium/4.7.1 (java windows)
Cache-Control: no-cache
Content-Type: application/json; charset=utf-8
host: localhost:41923
accept: */*

Response DefaultHttpResponse(decodeResult: success, version: HTTP/1.1)
HTTP/1.1 404 Not Found
Content-Type: application/json; charset=utf-8
cache-control: no-cache
content-length: 820

15:26:54.042 [AsyncHttpClient-1-4] DEBUG org.asynchttpclient.netty.channel.ChannelManager - Adding key: http://localhost:41923 for channel [id: 0xe516ba41, L:/127.0.0.1:57886 - R:localhost/127.0.0.1:41923]
15:26:54.044 [Forwarding switchToWindow on session b667d61bfbba432a9edc1ee1f59d8e97 to remote] DEBUG org.asynchttpclient.netty.request.NettyRequestSender - Using pooled Channel '[id: 0xe516ba41, L:/127.0.0.1:57886 - R:localhost/127.0.0.1:41923]' for 'POST' to 'http://localhost:41923/session/b667d61bfbba432a9edc1ee1f59d8e97/window'
15:26:54.045 [Forwarding switchToWindow on session b667d61bfbba432a9edc1ee1f59d8e97 to remote] DEBUG org.asynchttpclient.netty.request.NettyRequestSender - Using open Channel [id: 0xe516ba41, L:/127.0.0.1:57886 - R:localhost/127.0.0.1:41923] for POST '/session/b667d61bfbba432a9edc1ee1f59d8e97/window'
15:26:54.046 [AsyncHttpClient-1-4] DEBUG org.asynchttpclient.netty.handler.HttpHandler - 

Request DefaultHttpRequest(decodeResult: success, version: HTTP/1.1)
POST /session/b667d61bfbba432a9edc1ee1f59d8e97/window HTTP/1.1
User-Agent: selenium/4.7.1 (java windows)
Content-Length: 50
Content-Type: application/json; charset=utf-8
host: localhost:41923
accept: */*

Response DefaultHttpResponse(decodeResult: success, version: HTTP/1.1)
HTTP/1.1 200 OK
Content-Type: application/json; charset=utf-8
cache-control: no-cache
content-length: 14

15:26:54.047 [AsyncHttpClient-1-4] DEBUG org.asynchttpclient.netty.channel.ChannelManager - Adding key: http://localhost:41923 for channel [id: 0xe516ba41, L:/127.0.0.1:57886 - R:localhost/127.0.0.1:41923]
15:26:54.047 [Forwarding getCurrentUrl on session b667d61bfbba432a9edc1ee1f59d8e97 to remote] DEBUG org.asynchttpclient.netty.request.NettyRequestSender - Using pooled Channel '[id: 0xe516ba41, L:/127.0.0.1:57886 - R:localhost/127.0.0.1:41923]' for 'GET' to 'http://localhost:41923/session/b667d61bfbba432a9edc1ee1f59d8e97/url'
15:26:54.047 [Forwarding getCurrentUrl on session b667d61bfbba432a9edc1ee1f59d8e97 to remote] DEBUG org.asynchttpclient.netty.request.NettyRequestSender - Using open Channel [id: 0xe516ba41, L:/127.0.0.1:57886 - R:localhost/127.0.0.1:41923] for GET '/session/b667d61bfbba432a9edc1ee1f59d8e97/url'
15:26:54.055 [AsyncHttpClient-1-4] DEBUG org.asynchttpclient.netty.handler.HttpHandler - 

Request DefaultFullHttpRequest(decodeResult: success, version: HTTP/1.1, content: EmptyByteBufBE)
GET /session/b667d61bfbba432a9edc1ee1f59d8e97/url HTTP/1.1
User-Agent: selenium/4.7.1 (java windows)
Cache-Control: no-cache
Content-Type: application/json; charset=utf-8
host: localhost:41923
accept: */*

Response DefaultHttpResponse(decodeResult: success, version: HTTP/1.1)
HTTP/1.1 200 OK
Content-Type: application/json; charset=utf-8
cache-control: no-cache
content-length: 54

15:26:54.055 [AsyncHttpClient-1-4] DEBUG org.asynchttpclient.netty.channel.ChannelManager - Adding key: http://localhost:41923 for channel [id: 0xe516ba41, L:/127.0.0.1:57886 - R:localhost/127.0.0.1:41923]
15:26:54.058 [Forwarding screenshot on session b667d61bfbba432a9edc1ee1f59d8e97 to remote] DEBUG org.asynchttpclient.netty.request.NettyRequestSender - Using pooled Channel '[id: 0xe516ba41, L:/127.0.0.1:57886 - R:localhost/127.0.0.1:41923]' for 'GET' to 'http://localhost:41923/session/b667d61bfbba432a9edc1ee1f59d8e97/screenshot'
15:26:54.058 [Forwarding screenshot on session b667d61bfbba432a9edc1ee1f59d8e97 to remote] DEBUG org.asynchttpclient.netty.request.NettyRequestSender - Using open Channel [id: 0xe516ba41, L:/127.0.0.1:57886 - R:localhost/127.0.0.1:41923] for GET '/session/b667d61bfbba432a9edc1ee1f59d8e97/screenshot'
15:26:54.201 [AsyncHttpClient-1-4] DEBUG org.asynchttpclient.netty.handler.HttpHandler - 

Request DefaultFullHttpRequest(decodeResult: success, version: HTTP/1.1, content: EmptyByteBufBE)
GET /session/b667d61bfbba432a9edc1ee1f59d8e97/screenshot HTTP/1.1
User-Agent: selenium/4.7.1 (java windows)
Cache-Control: no-cache
Content-Type: application/json; charset=utf-8
host: localhost:41923
accept: */*

Response DefaultHttpResponse(decodeResult: success, version: HTTP/1.1)
HTTP/1.1 200 OK
Content-Type: application/json; charset=utf-8
cache-control: no-cache
content-length: 30620

15:26:54.202 [AsyncHttpClient-1-4] DEBUG org.asynchttpclient.netty.channel.ChannelManager - Adding key: http://localhost:41923 for channel [id: 0xe516ba41, L:/127.0.0.1:57886 - R:localhost/127.0.0.1:41923]
15:26:54.205 [main] DEBUG net.serenitybdd.core.photography.Darkroom - Send negative for processing for target\site\serenity\62558e9b8a2065e6f98754b998c86f58362df773f47d0822800f34643bbac779.png
15:26:54.206 [main] DEBUG net.thucydides.core.steps.StepInterceptor - STEP DONE: klikLinkRegister
15:26:54.206 [Darkroom Processing Line] DEBUG net.serenitybdd.core.photography.DarkroomProcessingLine - Processing screenshot image in /var/screenshots/screenshot-4014266202239808208
15:26:54.206 [Darkroom Processing Line] DEBUG net.serenitybdd.core.photography.DarkroomProcessingLine - Saving screenshot to target\site\serenity\62558e9b8a2065e6f98754b998c86f58362df773f47d0822800f34643bbac779.png
  &amp#27;[32mThen &amp#27;[0m&amp#27;[32muser klik register&amp#27;[0m                                            &amp#27;[90m# starter.stepdefinitions.RegisterSteps.userKlikRegister()&amp#27;[0m
15:26:54.216 [main] DEBUG net.thucydides.core.steps.StepInterceptor - STARTING STEP: RegisterSteps.userInputNamaLengkap - inputNamaLengkap
15:26:54.218 [Forwarding findElement on session b667d61bfbba432a9edc1ee1f59d8e97 to remote] DEBUG org.asynchttpclient.netty.request.NettyRequestSender - Using pooled Channel '[id: 0xe516ba41, L:/127.0.0.1:57886 - R:localhost/127.0.0.1:41923]' for 'POST' to 'http://localhost:41923/session/b667d61bfbba432a9edc1ee1f59d8e97/element'
15:26:54.218 [Forwarding findElement on session b667d61bfbba432a9edc1ee1f59d8e97 to remote] DEBUG org.asynchttpclient.netty.request.NettyRequestSender - Using open Channel [id: 0xe516ba41, L:/127.0.0.1:57886 - R:localhost/127.0.0.1:41923] for POST '/session/b667d61bfbba432a9edc1ee1f59d8e97/element'
15:26:54.234 [AsyncHttpClient-1-4] DEBUG org.asynchttpclient.netty.handler.HttpHandler - 

Request DefaultHttpRequest(decodeResult: success, version: HTTP/1.1)
POST /session/b667d61bfbba432a9edc1ee1f59d8e97/element HTTP/1.1
User-Agent: selenium/4.7.1 (java windows)
Content-Length: 187
Content-Type: application/json; charset=utf-8
host: localhost:41923
accept: */*

Response DefaultHttpResponse(decodeResult: success, version: HTTP/1.1)
HTTP/1.1 200 OK
Content-Type: application/json; charset=utf-8
cache-control: no-cache
content-length: 94

15:26:54.234 [AsyncHttpClient-1-4] DEBUG org.asynchttpclient.netty.channel.ChannelManager - Adding key: http://localhost:41923 for channel [id: 0xe516ba41, L:/127.0.0.1:57886 - R:localhost/127.0.0.1:41923]
15:26:54.236 [Forwarding clearElement on session b667d61bfbba432a9edc1ee1f59d8e97 to remote] DEBUG org.asynchttpclient.netty.request.NettyRequestSender - Using pooled Channel '[id: 0xe516ba41, L:/127.0.0.1:57886 - R:localhost/127.0.0.1:41923]' for 'POST' to 'http://localhost:41923/session/b667d61bfbba432a9edc1ee1f59d8e97/element/018F2558AD8C988FD37E29790F63BCE9_element_9/clear'
15:26:54.236 [Forwarding clearElement on session b667d61bfbba432a9edc1ee1f59d8e97 to remote] DEBUG org.asynchttpclient.netty.request.NettyRequestSender - Using open Channel [id: 0xe516ba41, L:/127.0.0.1:57886 - R:localhost/127.0.0.1:41923] for POST '/session/b667d61bfbba432a9edc1ee1f59d8e97/element/018F2558AD8C988FD37E29790F63BCE9_element_9/clear'
15:26:54.275 [AsyncHttpClient-1-4] DEBUG org.asynchttpclient.netty.handler.HttpHandler - 

Request DefaultHttpRequest(decodeResult: success, version: HTTP/1.1)
POST /session/b667d61bfbba432a9edc1ee1f59d8e97/element/018F2558AD8C988FD37E29790F63BCE9_element_9/clear HTTP/1.1
User-Agent: selenium/4.7.1 (java windows)
Content-Length: 56
Content-Type: application/json; charset=utf-8
host: localhost:41923
accept: */*

Response DefaultHttpResponse(decodeResult: success, version: HTTP/1.1)
HTTP/1.1 200 OK
Content-Type: application/json; charset=utf-8
cache-control: no-cache
content-length: 14

15:26:54.275 [AsyncHttpClient-1-4] DEBUG org.asynchttpclient.netty.channel.ChannelManager - Adding key: http://localhost:41923 for channel [id: 0xe516ba41, L:/127.0.0.1:57886 - R:localhost/127.0.0.1:41923]
15:26:54.276 [Forwarding sendKeysToElement on session b667d61bfbba432a9edc1ee1f59d8e97 to remote] DEBUG org.asynchttpclient.netty.request.NettyRequestSender - Using pooled Channel '[id: 0xe516ba41, L:/127.0.0.1:57886 - R:localhost/127.0.0.1:41923]' for 'POST' to 'http://localhost:41923/session/b667d61bfbba432a9edc1ee1f59d8e97/element/018F2558AD8C988FD37E29790F63BCE9_element_9/value'
15:26:54.276 [Forwarding sendKeysToElement on session b667d61bfbba432a9edc1ee1f59d8e97 to remote] DEBUG org.asynchttpclient.netty.request.NettyRequestSender - Using open Channel [id: 0xe516ba41, L:/127.0.0.1:57886 - R:localhost/127.0.0.1:41923] for POST '/session/b667d61bfbba432a9edc1ee1f59d8e97/element/018F2558AD8C988FD37E29790F63BCE9_element_9/value'
15:26:54.384 [AsyncHttpClient-1-4] DEBUG org.asynchttpclient.netty.handler.HttpHandler - 

Request DefaultHttpRequest(decodeResult: success, version: HTTP/1.1)
POST /session/b667d61bfbba432a9edc1ee1f59d8e97/element/018F2558AD8C988FD37E29790F63BCE9_element_9/value HTTP/1.1
User-Agent: selenium/4.7.1 (java windows)
Content-Length: 207
Content-Type: application/json; charset=utf-8
host: localhost:41923
accept: */*

Response DefaultHttpResponse(decodeResult: success, version: HTTP/1.1)
HTTP/1.1 200 OK
Content-Type: application/json; charset=utf-8
cache-control: no-cache
content-length: 14

15:26:54.384 [AsyncHttpClient-1-4] DEBUG org.asynchttpclient.netty.channel.ChannelManager - Adding key: http://localhost:41923 for channel [id: 0xe516ba41, L:/127.0.0.1:57886 - R:localhost/127.0.0.1:41923]
15:26:54.390 [Forwarding getCurrentWindowHandle on session b667d61bfbba432a9edc1ee1f59d8e97 to remote] DEBUG org.asynchttpclient.netty.request.NettyRequestSender - Using pooled Channel '[id: 0xe516ba41, L:/127.0.0.1:57886 - R:localhost/127.0.0.1:41923]' for 'GET' to 'http://localhost:41923/session/b667d61bfbba432a9edc1ee1f59d8e97/window'
15:26:54.391 [Forwarding getCurrentWindowHandle on session b667d61bfbba432a9edc1ee1f59d8e97 to remote] DEBUG org.asynchttpclient.netty.request.NettyRequestSender - Using open Channel [id: 0xe516ba41, L:/127.0.0.1:57886 - R:localhost/127.0.0.1:41923] for GET '/session/b667d61bfbba432a9edc1ee1f59d8e97/window'
15:26:54.391 [AsyncHttpClient-1-4] DEBUG org.asynchttpclient.netty.handler.HttpHandler - 

Request DefaultFullHttpRequest(decodeResult: success, version: HTTP/1.1, content: EmptyByteBufBE)
GET /session/b667d61bfbba432a9edc1ee1f59d8e97/window HTTP/1.1
User-Agent: selenium/4.7.1 (java windows)
Cache-Control: no-cache
Content-Type: application/json; charset=utf-8
host: localhost:41923
accept: */*

Response DefaultHttpResponse(decodeResult: success, version: HTTP/1.1)
HTTP/1.1 200 OK
Content-Type: application/json; charset=utf-8
cache-control: no-cache
content-length: 44

15:26:54.391 [AsyncHttpClient-1-4] DEBUG org.asynchttpclient.netty.channel.ChannelManager - Adding key: http://localhost:41923 for channel [id: 0xe516ba41, L:/127.0.0.1:57886 - R:localhost/127.0.0.1:41923]
15:26:54.392 [Forwarding getAlertText on session b667d61bfbba432a9edc1ee1f59d8e97 to remote] DEBUG org.asynchttpclient.netty.request.NettyRequestSender - Using pooled Channel '[id: 0xe516ba41, L:/127.0.0.1:57886 - R:localhost/127.0.0.1:41923]' for 'GET' to 'http://localhost:41923/session/b667d61bfbba432a9edc1ee1f59d8e97/alert/text'
15:26:54.392 [Forwarding getAlertText on session b667d61bfbba432a9edc1ee1f59d8e97 to remote] DEBUG org.asynchttpclient.netty.request.NettyRequestSender - Using open Channel [id: 0xe516ba41, L:/127.0.0.1:57886 - R:localhost/127.0.0.1:41923] for GET '/session/b667d61bfbba432a9edc1ee1f59d8e97/alert/text'
15:26:54.394 [AsyncHttpClient-1-4] DEBUG org.asynchttpclient.netty.handler.HttpHandler - 

Request DefaultFullHttpRequest(decodeResult: success, version: HTTP/1.1, content: EmptyByteBufBE)
GET /session/b667d61bfbba432a9edc1ee1f59d8e97/alert/text HTTP/1.1
User-Agent: selenium/4.7.1 (java windows)
Cache-Control: no-cache
Content-Type: application/json; charset=utf-8
host: localhost:41923
accept: */*

Response DefaultHttpResponse(decodeResult: success, version: HTTP/1.1)
HTTP/1.1 404 Not Found
Content-Type: application/json; charset=utf-8
cache-control: no-cache
content-length: 820

15:26:54.394 [AsyncHttpClient-1-4] DEBUG org.asynchttpclient.netty.channel.ChannelManager - Adding key: http://localhost:41923 for channel [id: 0xe516ba41, L:/127.0.0.1:57886 - R:localhost/127.0.0.1:41923]
15:26:54.396 [Forwarding switchToWindow on session b667d61bfbba432a9edc1ee1f59d8e97 to remote] DEBUG org.asynchttpclient.netty.request.NettyRequestSender - Using pooled Channel '[id: 0xe516ba41, L:/127.0.0.1:57886 - R:localhost/127.0.0.1:41923]' for 'POST' to 'http://localhost:41923/session/b667d61bfbba432a9edc1ee1f59d8e97/window'
15:26:54.396 [Forwarding switchToWindow on session b667d61bfbba432a9edc1ee1f59d8e97 to remote] DEBUG org.asynchttpclient.netty.request.NettyRequestSender - Using open Channel [id: 0xe516ba41, L:/127.0.0.1:57886 - R:localhost/127.0.0.1:41923] for POST '/session/b667d61bfbba432a9edc1ee1f59d8e97/window'
15:26:54.397 [AsyncHttpClient-1-4] DEBUG org.asynchttpclient.netty.handler.HttpHandler - 

Request DefaultHttpRequest(decodeResult: success, version: HTTP/1.1)
POST /session/b667d61bfbba432a9edc1ee1f59d8e97/window HTTP/1.1
User-Agent: selenium/4.7.1 (java windows)
Content-Length: 50
Content-Type: application/json; charset=utf-8
host: localhost:41923
accept: */*

Response DefaultHttpResponse(decodeResult: success, version: HTTP/1.1)
HTTP/1.1 200 OK
Content-Type: application/json; charset=utf-8
cache-control: no-cache
content-length: 14

15:26:54.398 [AsyncHttpClient-1-4] DEBUG org.asynchttpclient.netty.channel.ChannelManager - Adding key: http://localhost:41923 for channel [id: 0xe516ba41, L:/127.0.0.1:57886 - R:localhost/127.0.0.1:41923]
15:26:54.398 [Forwarding getCurrentUrl on session b667d61bfbba432a9edc1ee1f59d8e97 to remote] DEBUG org.asynchttpclient.netty.request.NettyRequestSender - Using pooled Channel '[id: 0xe516ba41, L:/127.0.0.1:57886 - R:localhost/127.0.0.1:41923]' for 'GET' to 'http://localhost:41923/session/b667d61bfbba432a9edc1ee1f59d8e97/url'
15:26:54.398 [Forwarding getCurrentUrl on session b667d61bfbba432a9edc1ee1f59d8e97 to remote] DEBUG org.asynchttpclient.netty.request.NettyRequestSender - Using open Channel [id: 0xe516ba41, L:/127.0.0.1:57886 - R:localhost/127.0.0.1:41923] for GET '/session/b667d61bfbba432a9edc1ee1f59d8e97/url'
15:26:54.403 [AsyncHttpClient-1-4] DEBUG org.asynchttpclient.netty.handler.HttpHandler - 

Request DefaultFullHttpRequest(decodeResult: success, version: HTTP/1.1, content: EmptyByteBufBE)
GET /session/b667d61bfbba432a9edc1ee1f59d8e97/url HTTP/1.1
User-Agent: selenium/4.7.1 (java windows)
Cache-Control: no-cache
Content-Type: application/json; charset=utf-8
host: localhost:41923
accept: */*

Response DefaultHttpResponse(decodeResult: success, version: HTTP/1.1)
HTTP/1.1 200 OK
Content-Type: application/json; charset=utf-8
cache-control: no-cache
content-length: 54

15:26:54.403 [AsyncHttpClient-1-4] DEBUG org.asynchttpclient.netty.channel.ChannelManager - Adding key: http://localhost:41923 for channel [id: 0xe516ba41, L:/127.0.0.1:57886 - R:localhost/127.0.0.1:41923]
15:26:54.404 [Forwarding screenshot on session b667d61bfbba432a9edc1ee1f59d8e97 to remote] DEBUG org.asynchttpclient.netty.request.NettyRequestSender - Using pooled Channel '[id: 0xe516ba41, L:/127.0.0.1:57886 - R:localhost/127.0.0.1:41923]' for 'GET' to 'http://localhost:41923/session/b667d61bfbba432a9edc1ee1f59d8e97/screenshot'
15:26:54.404 [Forwarding screenshot on session b667d61bfbba432a9edc1ee1f59d8e97 to remote] DEBUG org.asynchttpclient.netty.request.NettyRequestSender - Using open Channel [id: 0xe516ba41, L:/127.0.0.1:57886 - R:localhost/127.0.0.1:41923] for GET '/session/b667d61bfbba432a9edc1ee1f59d8e97/screenshot'
15:26:54.542 [AsyncHttpClient-1-4] DEBUG org.asynchttpclient.netty.handler.HttpHandler - 

Request DefaultFullHttpRequest(decodeResult: success, version: HTTP/1.1, content: EmptyByteBufBE)
GET /session/b667d61bfbba432a9edc1ee1f59d8e97/screenshot HTTP/1.1
User-Agent: selenium/4.7.1 (java windows)
Cache-Control: no-cache
Content-Type: application/json; charset=utf-8
host: localhost:41923
accept: */*

Response DefaultHttpResponse(decodeResult: success, version: HTTP/1.1)
HTTP/1.1 200 OK
Content-Type: application/json; charset=utf-8
cache-control: no-cache
content-length: 31296

15:26:54.543 [AsyncHttpClient-1-4] DEBUG org.asynchttpclient.netty.channel.ChannelManager - Adding key: http://localhost:41923 for channel [id: 0xe516ba41, L:/127.0.0.1:57886 - R:localhost/127.0.0.1:41923]
15:26:54.544 [main] DEBUG net.serenitybdd.core.photography.Darkroom - Send negative for processing for target\site\serenity\fe3b8b38128da65b3d127dc292f59815ac4527f1a5d275dcf7ccf7d1ab2f2414.png
15:26:54.544 [main] DEBUG net.thucydides.core.steps.StepInterceptor - STEP DONE: inputNamaLengkap
  &amp#27;[32mAnd &amp#27;[0m&amp#27;[32muser input nama lengkap&amp#27;[0m                                        &amp#27;[90m# starter.stepdefinitions.RegisterSteps.userInputNamaLengkap()&amp#27;[0m
15:26:54.544 [Darkroom Processing Line] DEBUG net.serenitybdd.core.photography.DarkroomProcessingLine - Processing screenshot image in /var/screenshots/screenshot-3023897121927729407
15:26:54.544 [Darkroom Processing Line] DEBUG net.serenitybdd.core.photography.DarkroomProcessingLine - Saving screenshot to target\site\serenity\fe3b8b38128da65b3d127dc292f59815ac4527f1a5d275dcf7ccf7d1ab2f2414.png
15:26:54.557 [main] DEBUG net.thucydides.core.steps.StepInterceptor - STARTING STEP: RegisterSteps.userInputEmailUntukRegister - inputEmail
15:26:54.560 [Forwarding findElement on session b667d61bfbba432a9edc1ee1f59d8e97 to remote] DEBUG org.asynchttpclient.netty.request.NettyRequestSender - Using pooled Channel '[id: 0xe516ba41, L:/127.0.0.1:57886 - R:localhost/127.0.0.1:41923]' for 'POST' to 'http://localhost:41923/session/b667d61bfbba432a9edc1ee1f59d8e97/element'
15:26:54.560 [Forwarding findElement on session b667d61bfbba432a9edc1ee1f59d8e97 to remote] DEBUG org.asynchttpclient.netty.request.NettyRequestSender - Using open Channel [id: 0xe516ba41, L:/127.0.0.1:57886 - R:localhost/127.0.0.1:41923] for POST '/session/b667d61bfbba432a9edc1ee1f59d8e97/element'
15:26:54.577 [AsyncHttpClient-1-4] DEBUG org.asynchttpclient.netty.handler.HttpHandler - 

Request DefaultHttpRequest(decodeResult: success, version: HTTP/1.1)
POST /session/b667d61bfbba432a9edc1ee1f59d8e97/element HTTP/1.1
User-Agent: selenium/4.7.1 (java windows)
Content-Length: 187
Content-Type: application/json; charset=utf-8
host: localhost:41923
accept: */*

Response DefaultHttpResponse(decodeResult: success, version: HTTP/1.1)
HTTP/1.1 200 OK
Content-Type: application/json; charset=utf-8
cache-control: no-cache
content-length: 95

15:26:54.577 [AsyncHttpClient-1-4] DEBUG org.asynchttpclient.netty.channel.ChannelManager - Adding key: http://localhost:41923 for channel [id: 0xe516ba41, L:/127.0.0.1:57886 - R:localhost/127.0.0.1:41923]
15:26:54.579 [Forwarding clearElement on session b667d61bfbba432a9edc1ee1f59d8e97 to remote] DEBUG org.asynchttpclient.netty.request.NettyRequestSender - Using pooled Channel '[id: 0xe516ba41, L:/127.0.0.1:57886 - R:localhost/127.0.0.1:41923]' for 'POST' to 'http://localhost:41923/session/b667d61bfbba432a9edc1ee1f59d8e97/element/018F2558AD8C988FD37E29790F63BCE9_element_13/clear'
15:26:54.579 [Forwarding clearElement on session b667d61bfbba432a9edc1ee1f59d8e97 to remote] DEBUG org.asynchttpclient.netty.request.NettyRequestSender - Using open Channel [id: 0xe516ba41, L:/127.0.0.1:57886 - R:localhost/127.0.0.1:41923] for POST '/session/b667d61bfbba432a9edc1ee1f59d8e97/element/018F2558AD8C988FD37E29790F63BCE9_element_13/clear'
15:26:54.615 [AsyncHttpClient-1-4] DEBUG org.asynchttpclient.netty.handler.HttpHandler - 

Request DefaultHttpRequest(decodeResult: success, version: HTTP/1.1)
POST /session/b667d61bfbba432a9edc1ee1f59d8e97/element/018F2558AD8C988FD37E29790F63BCE9_element_13/clear HTTP/1.1
User-Agent: selenium/4.7.1 (java windows)
Content-Length: 57
Content-Type: application/json; charset=utf-8
host: localhost:41923
accept: */*

Response DefaultHttpResponse(decodeResult: success, version: HTTP/1.1)
HTTP/1.1 200 OK
Content-Type: application/json; charset=utf-8
cache-control: no-cache
content-length: 14

15:26:54.616 [AsyncHttpClient-1-4] DEBUG org.asynchttpclient.netty.channel.ChannelManager - Adding key: http://localhost:41923 for channel [id: 0xe516ba41, L:/127.0.0.1:57886 - R:localhost/127.0.0.1:41923]
15:26:54.618 [Forwarding sendKeysToElement on session b667d61bfbba432a9edc1ee1f59d8e97 to remote] DEBUG org.asynchttpclient.netty.request.NettyRequestSender - Using pooled Channel '[id: 0xe516ba41, L:/127.0.0.1:57886 - R:localhost/127.0.0.1:41923]' for 'POST' to 'http://localhost:41923/session/b667d61bfbba432a9edc1ee1f59d8e97/element/018F2558AD8C988FD37E29790F63BCE9_element_13/value'
15:26:54.619 [Forwarding sendKeysToElement on session b667d61bfbba432a9edc1ee1f59d8e97 to remote] DEBUG org.asynchttpclient.netty.request.NettyRequestSender - Using open Channel [id: 0xe516ba41, L:/127.0.0.1:57886 - R:localhost/127.0.0.1:41923] for POST '/session/b667d61bfbba432a9edc1ee1f59d8e97/element/018F2558AD8C988FD37E29790F63BCE9_element_13/value'
15:26:54.742 [AsyncHttpClient-1-4] DEBUG org.asynchttpclient.netty.handler.HttpHandler - 

Request DefaultHttpRequest(decodeResult: success, version: HTTP/1.1)
POST /session/b667d61bfbba432a9edc1ee1f59d8e97/element/018F2558AD8C988FD37E29790F63BCE9_element_13/value HTTP/1.1
User-Agent: selenium/4.7.1 (java windows)
Content-Length: 218
Content-Type: application/json; charset=utf-8
host: localhost:41923
accept: */*

Response DefaultHttpResponse(decodeResult: success, version: HTTP/1.1)
HTTP/1.1 200 OK
Content-Type: application/json; charset=utf-8
cache-control: no-cache
content-length: 14

15:26:54.742 [AsyncHttpClient-1-4] DEBUG org.asynchttpclient.netty.channel.ChannelManager - Adding key: http://localhost:41923 for channel [id: 0xe516ba41, L:/127.0.0.1:57886 - R:localhost/127.0.0.1:41923]
15:26:54.746 [AsyncHttpClient-1-1] DEBUG org.asynchttpclient.netty.channel.DefaultChannelPool - Entry count for : http://localhost:41923 : 1
15:26:54.746 [AsyncHttpClient-1-1] DEBUG org.asynchttpclient.netty.channel.DefaultChannelPool - Entry count for : http://localhost:57887 : 1
15:26:54.749 [Forwarding getCurrentWindowHandle on session b667d61bfbba432a9edc1ee1f59d8e97 to remote] DEBUG org.asynchttpclient.netty.request.NettyRequestSender - Using pooled Channel '[id: 0xe516ba41, L:/127.0.0.1:57886 - R:localhost/127.0.0.1:41923]' for 'GET' to 'http://localhost:41923/session/b667d61bfbba432a9edc1ee1f59d8e97/window'
15:26:54.749 [Forwarding getCurrentWindowHandle on session b667d61bfbba432a9edc1ee1f59d8e97 to remote] DEBUG org.asynchttpclient.netty.request.NettyRequestSender - Using open Channel [id: 0xe516ba41, L:/127.0.0.1:57886 - R:localhost/127.0.0.1:41923] for GET '/session/b667d61bfbba432a9edc1ee1f59d8e97/window'
15:26:54.750 [AsyncHttpClient-1-4] DEBUG org.asynchttpclient.netty.handler.HttpHandler - 

Request DefaultFullHttpRequest(decodeResult: success, version: HTTP/1.1, content: EmptyByteBufBE)
GET /session/b667d61bfbba432a9edc1ee1f59d8e97/window HTTP/1.1
User-Agent: selenium/4.7.1 (java windows)
Cache-Control: no-cache
Content-Type: application/json; charset=utf-8
host: localhost:41923
accept: */*

Response DefaultHttpResponse(decodeResult: success, version: HTTP/1.1)
HTTP/1.1 200 OK
Content-Type: application/json; charset=utf-8
cache-control: no-cache
content-length: 44

15:26:54.750 [AsyncHttpClient-1-4] DEBUG org.asynchttpclient.netty.channel.ChannelManager - Adding key: http://localhost:41923 for channel [id: 0xe516ba41, L:/127.0.0.1:57886 - R:localhost/127.0.0.1:41923]
15:26:54.751 [Forwarding getAlertText on session b667d61bfbba432a9edc1ee1f59d8e97 to remote] DEBUG org.asynchttpclient.netty.request.NettyRequestSender - Using pooled Channel '[id: 0xe516ba41, L:/127.0.0.1:57886 - R:localhost/127.0.0.1:41923]' for 'GET' to 'http://localhost:41923/session/b667d61bfbba432a9edc1ee1f59d8e97/alert/text'
15:26:54.751 [Forwarding getAlertText on session b667d61bfbba432a9edc1ee1f59d8e97 to remote] DEBUG org.asynchttpclient.netty.request.NettyRequestSender - Using open Channel [id: 0xe516ba41, L:/127.0.0.1:57886 - R:localhost/127.0.0.1:41923] for GET '/session/b667d61bfbba432a9edc1ee1f59d8e97/alert/text'
15:26:54.754 [AsyncHttpClient-1-4] DEBUG org.asynchttpclient.netty.handler.HttpHandler - 

Request DefaultFullHttpRequest(decodeResult: success, version: HTTP/1.1, content: EmptyByteBufBE)
GET /session/b667d61bfbba432a9edc1ee1f59d8e97/alert/text HTTP/1.1
User-Agent: selenium/4.7.1 (java windows)
Cache-Control: no-cache
Content-Type: application/json; charset=utf-8
host: localhost:41923
accept: */*

Response DefaultHttpResponse(decodeResult: success, version: HTTP/1.1)
HTTP/1.1 404 Not Found
Content-Type: application/json; charset=utf-8
cache-control: no-cache
content-length: 820

15:26:54.754 [AsyncHttpClient-1-4] DEBUG org.asynchttpclient.netty.channel.ChannelManager - Adding key: http://localhost:41923 for channel [id: 0xe516ba41, L:/127.0.0.1:57886 - R:localhost/127.0.0.1:41923]
15:26:54.756 [Forwarding switchToWindow on session b667d61bfbba432a9edc1ee1f59d8e97 to remote] DEBUG org.asynchttpclient.netty.request.NettyRequestSender - Using pooled Channel '[id: 0xe516ba41, L:/127.0.0.1:57886 - R:localhost/127.0.0.1:41923]' for 'POST' to 'http://localhost:41923/session/b667d61bfbba432a9edc1ee1f59d8e97/window'
15:26:54.756 [Forwarding switchToWindow on session b667d61bfbba432a9edc1ee1f59d8e97 to remote] DEBUG org.asynchttpclient.netty.request.NettyRequestSender - Using open Channel [id: 0xe516ba41, L:/127.0.0.1:57886 - R:localhost/127.0.0.1:41923] for POST '/session/b667d61bfbba432a9edc1ee1f59d8e97/window'
15:26:54.758 [AsyncHttpClient-1-4] DEBUG org.asynchttpclient.netty.handler.HttpHandler - 

Request DefaultHttpRequest(decodeResult: success, version: HTTP/1.1)
POST /session/b667d61bfbba432a9edc1ee1f59d8e97/window HTTP/1.1
User-Agent: selenium/4.7.1 (java windows)
Content-Length: 50
Content-Type: application/json; charset=utf-8
host: localhost:41923
accept: */*

Response DefaultHttpResponse(decodeResult: success, version: HTTP/1.1)
HTTP/1.1 200 OK
Content-Type: application/json; charset=utf-8
cache-control: no-cache
content-length: 14

15:26:54.758 [AsyncHttpClient-1-4] DEBUG org.asynchttpclient.netty.channel.ChannelManager - Adding key: http://localhost:41923 for channel [id: 0xe516ba41, L:/127.0.0.1:57886 - R:localhost/127.0.0.1:41923]
15:26:54.759 [Forwarding getCurrentUrl on session b667d61bfbba432a9edc1ee1f59d8e97 to remote] DEBUG org.asynchttpclient.netty.request.NettyRequestSender - Using pooled Channel '[id: 0xe516ba41, L:/127.0.0.1:57886 - R:localhost/127.0.0.1:41923]' for 'GET' to 'http://localhost:41923/session/b667d61bfbba432a9edc1ee1f59d8e97/url'
15:26:54.759 [Forwarding getCurrentUrl on session b667d61bfbba432a9edc1ee1f59d8e97 to remote] DEBUG org.asynchttpclient.netty.request.NettyRequestSender - Using open Channel [id: 0xe516ba41, L:/127.0.0.1:57886 - R:localhost/127.0.0.1:41923] for GET '/session/b667d61bfbba432a9edc1ee1f59d8e97/url'
15:26:54.763 [AsyncHttpClient-1-4] DEBUG org.asynchttpclient.netty.handler.HttpHandler - 

Request DefaultFullHttpRequest(decodeResult: success, version: HTTP/1.1, content: EmptyByteBufBE)
GET /session/b667d61bfbba432a9edc1ee1f59d8e97/url HTTP/1.1
User-Agent: selenium/4.7.1 (java windows)
Cache-Control: no-cache
Content-Type: application/json; charset=utf-8
host: localhost:41923
accept: */*

Response DefaultHttpResponse(decodeResult: success, version: HTTP/1.1)
HTTP/1.1 200 OK
Content-Type: application/json; charset=utf-8
cache-control: no-cache
content-length: 54

15:26:54.763 [AsyncHttpClient-1-4] DEBUG org.asynchttpclient.netty.channel.ChannelManager - Adding key: http://localhost:41923 for channel [id: 0xe516ba41, L:/127.0.0.1:57886 - R:localhost/127.0.0.1:41923]
15:26:54.764 [Forwarding screenshot on session b667d61bfbba432a9edc1ee1f59d8e97 to remote] DEBUG org.asynchttpclient.netty.request.NettyRequestSender - Using pooled Channel '[id: 0xe516ba41, L:/127.0.0.1:57886 - R:localhost/127.0.0.1:41923]' for 'GET' to 'http://localhost:41923/session/b667d61bfbba432a9edc1ee1f59d8e97/screenshot'
15:26:54.764 [Forwarding screenshot on session b667d61bfbba432a9edc1ee1f59d8e97 to remote] DEBUG org.asynchttpclient.netty.request.NettyRequestSender - Using open Channel [id: 0xe516ba41, L:/127.0.0.1:57886 - R:localhost/127.0.0.1:41923] for GET '/session/b667d61bfbba432a9edc1ee1f59d8e97/screenshot'
15:26:54.874 [AsyncHttpClient-1-4] DEBUG org.asynchttpclient.netty.handler.HttpHandler - 

Request DefaultFullHttpRequest(decodeResult: success, version: HTTP/1.1, content: EmptyByteBufBE)
GET /session/b667d61bfbba432a9edc1ee1f59d8e97/screenshot HTTP/1.1
User-Agent: selenium/4.7.1 (java windows)
Cache-Control: no-cache
Content-Type: application/json; charset=utf-8
host: localhost:41923
accept: */*

Response DefaultHttpResponse(decodeResult: success, version: HTTP/1.1)
HTTP/1.1 200 OK
Content-Type: application/json; charset=utf-8
cache-control: no-cache
content-length: 34136

15:26:54.875 [AsyncHttpClient-1-4] DEBUG org.asynchttpclient.netty.channel.ChannelManager - Adding key: http://localhost:41923 for channel [id: 0xe516ba41, L:/127.0.0.1:57886 - R:localhost/127.0.0.1:41923]
15:26:54.876 [main] DEBUG net.serenitybdd.core.photography.Darkroom - Send negative for processing for target\site\serenity\922629cd508c87cbcf0aae0495cfbafbedba3b9f039260ceef64ad4a3ef2a035.png
15:26:54.876 [main] DEBUG net.thucydides.core.steps.StepInterceptor - STEP DONE: inputEmail
  &amp#27;[32mAnd &amp#27;[0m&amp#27;[32muser input email untuk register&amp#27;[0m                                &amp#27;[90m# starter.stepdefinitions.RegisterSteps.userInputEmailUntukRegister()&amp#27;[0m
15:26:54.877 [Darkroom Processing Line] DEBUG net.serenitybdd.core.photography.DarkroomProcessingLine - Processing screenshot image in /var/screenshots/screenshot-9010118034906270080
15:26:54.877 [Darkroom Processing Line] DEBUG net.serenitybdd.core.photography.DarkroomProcessingLine - Saving screenshot to target\site\serenity\922629cd508c87cbcf0aae0495cfbafbedba3b9f039260ceef64ad4a3ef2a035.png
15:26:54.888 [main] DEBUG net.thucydides.core.steps.StepInterceptor - STARTING STEP: RegisterSteps.userInputPasswordUntukRegister - inputPassword
15:26:54.890 [Forwarding findElement on session b667d61bfbba432a9edc1ee1f59d8e97 to remote] DEBUG org.asynchttpclient.netty.request.NettyRequestSender - Using pooled Channel '[id: 0xe516ba41, L:/127.0.0.1:57886 - R:localhost/127.0.0.1:41923]' for 'POST' to 'http://localhost:41923/session/b667d61bfbba432a9edc1ee1f59d8e97/element'
15:26:54.890 [Forwarding findElement on session b667d61bfbba432a9edc1ee1f59d8e97 to remote] DEBUG org.asynchttpclient.netty.request.NettyRequestSender - Using open Channel [id: 0xe516ba41, L:/127.0.0.1:57886 - R:localhost/127.0.0.1:41923] for POST '/session/b667d61bfbba432a9edc1ee1f59d8e97/element'
15:26:54.907 [AsyncHttpClient-1-4] DEBUG org.asynchttpclient.netty.handler.HttpHandler - 

Request DefaultHttpRequest(decodeResult: success, version: HTTP/1.1)
POST /session/b667d61bfbba432a9edc1ee1f59d8e97/element HTTP/1.1
User-Agent: selenium/4.7.1 (java windows)
Content-Length: 187
Content-Type: application/json; charset=utf-8
host: localhost:41923
accept: */*

Response DefaultHttpResponse(decodeResult: success, version: HTTP/1.1)
HTTP/1.1 200 OK
Content-Type: application/json; charset=utf-8
cache-control: no-cache
content-length: 95

15:26:54.907 [AsyncHttpClient-1-4] DEBUG org.asynchttpclient.netty.channel.ChannelManager - Adding key: http://localhost:41923 for channel [id: 0xe516ba41, L:/127.0.0.1:57886 - R:localhost/127.0.0.1:41923]
15:26:54.908 [Forwarding clearElement on session b667d61bfbba432a9edc1ee1f59d8e97 to remote] DEBUG org.asynchttpclient.netty.request.NettyRequestSender - Using pooled Channel '[id: 0xe516ba41, L:/127.0.0.1:57886 - R:localhost/127.0.0.1:41923]' for 'POST' to 'http://localhost:41923/session/b667d61bfbba432a9edc1ee1f59d8e97/element/018F2558AD8C988FD37E29790F63BCE9_element_14/clear'
15:26:54.908 [Forwarding clearElement on session b667d61bfbba432a9edc1ee1f59d8e97 to remote] DEBUG org.asynchttpclient.netty.request.NettyRequestSender - Using open Channel [id: 0xe516ba41, L:/127.0.0.1:57886 - R:localhost/127.0.0.1:41923] for POST '/session/b667d61bfbba432a9edc1ee1f59d8e97/element/018F2558AD8C988FD37E29790F63BCE9_element_14/clear'
15:26:54.941 [AsyncHttpClient-1-4] DEBUG org.asynchttpclient.netty.handler.HttpHandler - 

Request DefaultHttpRequest(decodeResult: success, version: HTTP/1.1)
POST /session/b667d61bfbba432a9edc1ee1f59d8e97/element/018F2558AD8C988FD37E29790F63BCE9_element_14/clear HTTP/1.1
User-Agent: selenium/4.7.1 (java windows)
Content-Length: 57
Content-Type: application/json; charset=utf-8
host: localhost:41923
accept: */*

Response DefaultHttpResponse(decodeResult: success, version: HTTP/1.1)
HTTP/1.1 200 OK
Content-Type: application/json; charset=utf-8
cache-control: no-cache
content-length: 14

15:26:54.941 [AsyncHttpClient-1-4] DEBUG org.asynchttpclient.netty.channel.ChannelManager - Adding key: http://localhost:41923 for channel [id: 0xe516ba41, L:/127.0.0.1:57886 - R:localhost/127.0.0.1:41923]
15:26:54.943 [Forwarding sendKeysToElement on session b667d61bfbba432a9edc1ee1f59d8e97 to remote] DEBUG org.asynchttpclient.netty.request.NettyRequestSender - Using pooled Channel '[id: 0xe516ba41, L:/127.0.0.1:57886 - R:localhost/127.0.0.1:41923]' for 'POST' to 'http://localhost:41923/session/b667d61bfbba432a9edc1ee1f59d8e97/element/018F2558AD8C988FD37E29790F63BCE9_element_14/value'
15:26:54.943 [Forwarding sendKeysToElement on session b667d61bfbba432a9edc1ee1f59d8e97 to remote] DEBUG org.asynchttpclient.netty.request.NettyRequestSender - Using open Channel [id: 0xe516ba41, L:/127.0.0.1:57886 - R:localhost/127.0.0.1:41923] for POST '/session/b667d61bfbba432a9edc1ee1f59d8e97/element/018F2558AD8C988FD37E29790F63BCE9_element_14/value'
15:26:55.015 [AsyncHttpClient-1-4] DEBUG org.asynchttpclient.netty.handler.HttpHandler - 

Request DefaultHttpRequest(decodeResult: success, version: HTTP/1.1)
POST /session/b667d61bfbba432a9edc1ee1f59d8e97/element/018F2558AD8C988FD37E29790F63BCE9_element_14/value HTTP/1.1
User-Agent: selenium/4.7.1 (java windows)
Content-Length: 118
Content-Type: application/json; charset=utf-8
host: localhost:41923
accept: */*

Response DefaultHttpResponse(decodeResult: success, version: HTTP/1.1)
HTTP/1.1 200 OK
Content-Type: application/json; charset=utf-8
cache-control: no-cache
content-length: 14

15:26:55.015 [AsyncHttpClient-1-4] DEBUG org.asynchttpclient.netty.channel.ChannelManager - Adding key: http://localhost:41923 for channel [id: 0xe516ba41, L:/127.0.0.1:57886 - R:localhost/127.0.0.1:41923]
15:26:55.020 [Forwarding getCurrentWindowHandle on session b667d61bfbba432a9edc1ee1f59d8e97 to remote] DEBUG org.asynchttpclient.netty.request.NettyRequestSender - Using pooled Channel '[id: 0xe516ba41, L:/127.0.0.1:57886 - R:localhost/127.0.0.1:41923]' for 'GET' to 'http://localhost:41923/session/b667d61bfbba432a9edc1ee1f59d8e97/window'
15:26:55.020 [Forwarding getCurrentWindowHandle on session b667d61bfbba432a9edc1ee1f59d8e97 to remote] DEBUG org.asynchttpclient.netty.request.NettyRequestSender - Using open Channel [id: 0xe516ba41, L:/127.0.0.1:57886 - R:localhost/127.0.0.1:41923] for GET '/session/b667d61bfbba432a9edc1ee1f59d8e97/window'
15:26:55.021 [AsyncHttpClient-1-4] DEBUG org.asynchttpclient.netty.handler.HttpHandler - 

Request DefaultFullHttpRequest(decodeResult: success, version: HTTP/1.1, content: EmptyByteBufBE)
GET /session/b667d61bfbba432a9edc1ee1f59d8e97/window HTTP/1.1
User-Agent: selenium/4.7.1 (java windows)
Cache-Control: no-cache
Content-Type: application/json; charset=utf-8
host: localhost:41923
accept: */*

Response DefaultHttpResponse(decodeResult: success, version: HTTP/1.1)
HTTP/1.1 200 OK
Content-Type: application/json; charset=utf-8
cache-control: no-cache
content-length: 44

15:26:55.021 [AsyncHttpClient-1-4] DEBUG org.asynchttpclient.netty.channel.ChannelManager - Adding key: http://localhost:41923 for channel [id: 0xe516ba41, L:/127.0.0.1:57886 - R:localhost/127.0.0.1:41923]
15:26:55.023 [Forwarding getAlertText on session b667d61bfbba432a9edc1ee1f59d8e97 to remote] DEBUG org.asynchttpclient.netty.request.NettyRequestSender - Using pooled Channel '[id: 0xe516ba41, L:/127.0.0.1:57886 - R:localhost/127.0.0.1:41923]' for 'GET' to 'http://localhost:41923/session/b667d61bfbba432a9edc1ee1f59d8e97/alert/text'
15:26:55.023 [Forwarding getAlertText on session b667d61bfbba432a9edc1ee1f59d8e97 to remote] DEBUG org.asynchttpclient.netty.request.NettyRequestSender - Using open Channel [id: 0xe516ba41, L:/127.0.0.1:57886 - R:localhost/127.0.0.1:41923] for GET '/session/b667d61bfbba432a9edc1ee1f59d8e97/alert/text'
15:26:55.025 [AsyncHttpClient-1-4] DEBUG org.asynchttpclient.netty.handler.HttpHandler - 

Request DefaultFullHttpRequest(decodeResult: success, version: HTTP/1.1, content: EmptyByteBufBE)
GET /session/b667d61bfbba432a9edc1ee1f59d8e97/alert/text HTTP/1.1
User-Agent: selenium/4.7.1 (java windows)
Cache-Control: no-cache
Content-Type: application/json; charset=utf-8
host: localhost:41923
accept: */*

Response DefaultHttpResponse(decodeResult: success, version: HTTP/1.1)
HTTP/1.1 404 Not Found
Content-Type: application/json; charset=utf-8
cache-control: no-cache
content-length: 820

15:26:55.025 [AsyncHttpClient-1-4] DEBUG org.asynchttpclient.netty.channel.ChannelManager - Adding key: http://localhost:41923 for channel [id: 0xe516ba41, L:/127.0.0.1:57886 - R:localhost/127.0.0.1:41923]
15:26:55.027 [Forwarding switchToWindow on session b667d61bfbba432a9edc1ee1f59d8e97 to remote] DEBUG org.asynchttpclient.netty.request.NettyRequestSender - Using pooled Channel '[id: 0xe516ba41, L:/127.0.0.1:57886 - R:localhost/127.0.0.1:41923]' for 'POST' to 'http://localhost:41923/session/b667d61bfbba432a9edc1ee1f59d8e97/window'
15:26:55.027 [Forwarding switchToWindow on session b667d61bfbba432a9edc1ee1f59d8e97 to remote] DEBUG org.asynchttpclient.netty.request.NettyRequestSender - Using open Channel [id: 0xe516ba41, L:/127.0.0.1:57886 - R:localhost/127.0.0.1:41923] for POST '/session/b667d61bfbba432a9edc1ee1f59d8e97/window'
15:26:55.029 [AsyncHttpClient-1-4] DEBUG org.asynchttpclient.netty.handler.HttpHandler - 

Request DefaultHttpRequest(decodeResult: success, version: HTTP/1.1)
POST /session/b667d61bfbba432a9edc1ee1f59d8e97/window HTTP/1.1
User-Agent: selenium/4.7.1 (java windows)
Content-Length: 50
Content-Type: application/json; charset=utf-8
host: localhost:41923
accept: */*

Response DefaultHttpResponse(decodeResult: success, version: HTTP/1.1)
HTTP/1.1 200 OK
Content-Type: application/json; charset=utf-8
cache-control: no-cache
content-length: 14

15:26:55.029 [AsyncHttpClient-1-4] DEBUG org.asynchttpclient.netty.channel.ChannelManager - Adding key: http://localhost:41923 for channel [id: 0xe516ba41, L:/127.0.0.1:57886 - R:localhost/127.0.0.1:41923]
15:26:55.030 [Forwarding getCurrentUrl on session b667d61bfbba432a9edc1ee1f59d8e97 to remote] DEBUG org.asynchttpclient.netty.request.NettyRequestSender - Using pooled Channel '[id: 0xe516ba41, L:/127.0.0.1:57886 - R:localhost/127.0.0.1:41923]' for 'GET' to 'http://localhost:41923/session/b667d61bfbba432a9edc1ee1f59d8e97/url'
15:26:55.030 [Forwarding getCurrentUrl on session b667d61bfbba432a9edc1ee1f59d8e97 to remote] DEBUG org.asynchttpclient.netty.request.NettyRequestSender - Using open Channel [id: 0xe516ba41, L:/127.0.0.1:57886 - R:localhost/127.0.0.1:41923] for GET '/session/b667d61bfbba432a9edc1ee1f59d8e97/url'
15:26:55.033 [AsyncHttpClient-1-4] DEBUG org.asynchttpclient.netty.handler.HttpHandler - 

Request DefaultFullHttpRequest(decodeResult: success, version: HTTP/1.1, content: EmptyByteBufBE)
GET /session/b667d61bfbba432a9edc1ee1f59d8e97/url HTTP/1.1
User-Agent: selenium/4.7.1 (java windows)
Cache-Control: no-cache
Content-Type: application/json; charset=utf-8
host: localhost:41923
accept: */*

Response DefaultHttpResponse(decodeResult: success, version: HTTP/1.1)
HTTP/1.1 200 OK
Content-Type: application/json; charset=utf-8
cache-control: no-cache
content-length: 54

15:26:55.034 [AsyncHttpClient-1-4] DEBUG org.asynchttpclient.netty.channel.ChannelManager - Adding key: http://localhost:41923 for channel [id: 0xe516ba41, L:/127.0.0.1:57886 - R:localhost/127.0.0.1:41923]
15:26:55.034 [Forwarding screenshot on session b667d61bfbba432a9edc1ee1f59d8e97 to remote] DEBUG org.asynchttpclient.netty.request.NettyRequestSender - Using pooled Channel '[id: 0xe516ba41, L:/127.0.0.1:57886 - R:localhost/127.0.0.1:41923]' for 'GET' to 'http://localhost:41923/session/b667d61bfbba432a9edc1ee1f59d8e97/screenshot'
15:26:55.034 [Forwarding screenshot on session b667d61bfbba432a9edc1ee1f59d8e97 to remote] DEBUG org.asynchttpclient.netty.request.NettyRequestSender - Using open Channel [id: 0xe516ba41, L:/127.0.0.1:57886 - R:localhost/127.0.0.1:41923] for GET '/session/b667d61bfbba432a9edc1ee1f59d8e97/screenshot'
15:26:55.128 [AsyncHttpClient-1-4] DEBUG org.asynchttpclient.netty.handler.HttpHandler - 

Request DefaultFullHttpRequest(decodeResult: success, version: HTTP/1.1, content: EmptyByteBufBE)
GET /session/b667d61bfbba432a9edc1ee1f59d8e97/screenshot HTTP/1.1
User-Agent: selenium/4.7.1 (java windows)
Cache-Control: no-cache
Content-Type: application/json; charset=utf-8
host: localhost:41923
accept: */*

Response DefaultHttpResponse(decodeResult: success, version: HTTP/1.1)
HTTP/1.1 200 OK
Content-Type: application/json; charset=utf-8
cache-control: no-cache
content-length: 34076

15:26:55.129 [AsyncHttpClient-1-4] DEBUG org.asynchttpclient.netty.channel.ChannelManager - Adding key: http://localhost:41923 for channel [id: 0xe516ba41, L:/127.0.0.1:57886 - R:localhost/127.0.0.1:41923]
15:26:55.131 [main] DEBUG net.serenitybdd.core.photography.Darkroom - Send negative for processing for target\site\serenity\79ce3d1d69190a6ee8ff94b4f5ea124208bc3a5d6dacd6adc097db3b5ae61217.png
15:26:55.131 [main] DEBUG net.thucydides.core.steps.StepInterceptor - STEP DONE: inputPassword
  &amp#27;[32mAnd &amp#27;[0m&amp#27;[32muser input password untuk register&amp#27;[0m                             &amp#27;[90m# starter.stepdefinitions.RegisterSteps.userInputPasswordUntukRegister()&amp#27;[0m
15:26:55.131 [Darkroom Processing Line] DEBUG net.serenitybdd.core.photography.DarkroomProcessingLine - Processing screenshot image in /var/screenshots/screenshot-2434388058844108598
15:26:55.131 [Darkroom Processing Line] DEBUG net.serenitybdd.core.photography.DarkroomProcessingLine - Saving screenshot to target\site\serenity\79ce3d1d69190a6ee8ff94b4f5ea124208bc3a5d6dacd6adc097db3b5ae61217.png
15:26:55.143 [main] DEBUG net.thucydides.core.steps.StepInterceptor - STARTING STEP: RegisterSteps.userKlikRegisterYangKedua - klikButtonRegister
15:26:55.145 [Forwarding findElement on session b667d61bfbba432a9edc1ee1f59d8e97 to remote] DEBUG org.asynchttpclient.netty.request.NettyRequestSender - Using pooled Channel '[id: 0xe516ba41, L:/127.0.0.1:57886 - R:localhost/127.0.0.1:41923]' for 'POST' to 'http://localhost:41923/session/b667d61bfbba432a9edc1ee1f59d8e97/element'
15:26:55.145 [Forwarding findElement on session b667d61bfbba432a9edc1ee1f59d8e97 to remote] DEBUG org.asynchttpclient.netty.request.NettyRequestSender - Using open Channel [id: 0xe516ba41, L:/127.0.0.1:57886 - R:localhost/127.0.0.1:41923] for POST '/session/b667d61bfbba432a9edc1ee1f59d8e97/element'
15:26:55.161 [AsyncHttpClient-1-4] DEBUG org.asynchttpclient.netty.handler.HttpHandler - 

Request DefaultHttpRequest(decodeResult: success, version: HTTP/1.1)
POST /session/b667d61bfbba432a9edc1ee1f59d8e97/element HTTP/1.1
User-Agent: selenium/4.7.1 (java windows)
Content-Length: 141
Content-Type: application/json; charset=utf-8
host: localhost:41923
accept: */*

Response DefaultHttpResponse(decodeResult: success, version: HTTP/1.1)
HTTP/1.1 200 OK
Content-Type: application/json; charset=utf-8
cache-control: no-cache
content-length: 95

15:26:55.161 [AsyncHttpClient-1-4] DEBUG org.asynchttpclient.netty.channel.ChannelManager - Adding key: http://localhost:41923 for channel [id: 0xe516ba41, L:/127.0.0.1:57886 - R:localhost/127.0.0.1:41923]
15:26:55.162 [Forwarding getElementTagName on session b667d61bfbba432a9edc1ee1f59d8e97 to remote] DEBUG org.asynchttpclient.netty.request.NettyRequestSender - Using pooled Channel '[id: 0xe516ba41, L:/127.0.0.1:57886 - R:localhost/127.0.0.1:41923]' for 'GET' to 'http://localhost:41923/session/b667d61bfbba432a9edc1ee1f59d8e97/element/018F2558AD8C988FD37E29790F63BCE9_element_15/name'
15:26:55.162 [Forwarding getElementTagName on session b667d61bfbba432a9edc1ee1f59d8e97 to remote] DEBUG org.asynchttpclient.netty.request.NettyRequestSender - Using open Channel [id: 0xe516ba41, L:/127.0.0.1:57886 - R:localhost/127.0.0.1:41923] for GET '/session/b667d61bfbba432a9edc1ee1f59d8e97/element/018F2558AD8C988FD37E29790F63BCE9_element_15/name'
15:26:55.167 [AsyncHttpClient-1-4] DEBUG org.asynchttpclient.netty.handler.HttpHandler - 

Request DefaultFullHttpRequest(decodeResult: success, version: HTTP/1.1, content: EmptyByteBufBE)
GET /session/b667d61bfbba432a9edc1ee1f59d8e97/element/018F2558AD8C988FD37E29790F63BCE9_element_15/name HTTP/1.1
User-Agent: selenium/4.7.1 (java windows)
Cache-Control: no-cache
Content-Type: application/json; charset=utf-8
host: localhost:41923
accept: */*

Response DefaultHttpResponse(decodeResult: success, version: HTTP/1.1)
HTTP/1.1 200 OK
Content-Type: application/json; charset=utf-8
cache-control: no-cache
content-length: 18

15:26:55.167 [AsyncHttpClient-1-4] DEBUG org.asynchttpclient.netty.channel.ChannelManager - Adding key: http://localhost:41923 for channel [id: 0xe516ba41, L:/127.0.0.1:57886 - R:localhost/127.0.0.1:41923]
15:26:55.168 [Forwarding getElementTagName on session b667d61bfbba432a9edc1ee1f59d8e97 to remote] DEBUG org.asynchttpclient.netty.request.NettyRequestSender - Using pooled Channel '[id: 0xe516ba41, L:/127.0.0.1:57886 - R:localhost/127.0.0.1:41923]' for 'GET' to 'http://localhost:41923/session/b667d61bfbba432a9edc1ee1f59d8e97/element/018F2558AD8C988FD37E29790F63BCE9_element_15/name'
15:26:55.168 [Forwarding getElementTagName on session b667d61bfbba432a9edc1ee1f59d8e97 to remote] DEBUG org.asynchttpclient.netty.request.NettyRequestSender - Using open Channel [id: 0xe516ba41, L:/127.0.0.1:57886 - R:localhost/127.0.0.1:41923] for GET '/session/b667d61bfbba432a9edc1ee1f59d8e97/element/018F2558AD8C988FD37E29790F63BCE9_element_15/name'
15:26:55.176 [AsyncHttpClient-1-4] DEBUG org.asynchttpclient.netty.handler.HttpHandler - 

Request DefaultFullHttpRequest(decodeResult: success, version: HTTP/1.1, content: EmptyByteBufBE)
GET /session/b667d61bfbba432a9edc1ee1f59d8e97/element/018F2558AD8C988FD37E29790F63BCE9_element_15/name HTTP/1.1
User-Agent: selenium/4.7.1 (java windows)
Cache-Control: no-cache
Content-Type: application/json; charset=utf-8
host: localhost:41923
accept: */*

Response DefaultHttpResponse(decodeResult: success, version: HTTP/1.1)
HTTP/1.1 200 OK
Content-Type: application/json; charset=utf-8
cache-control: no-cache
content-length: 18

15:26:55.176 [AsyncHttpClient-1-4] DEBUG org.asynchttpclient.netty.channel.ChannelManager - Adding key: http://localhost:41923 for channel [id: 0xe516ba41, L:/127.0.0.1:57886 - R:localhost/127.0.0.1:41923]
15:26:55.177 [Forwarding isElementEnabled on session b667d61bfbba432a9edc1ee1f59d8e97 to remote] DEBUG org.asynchttpclient.netty.request.NettyRequestSender - Using pooled Channel '[id: 0xe516ba41, L:/127.0.0.1:57886 - R:localhost/127.0.0.1:41923]' for 'GET' to 'http://localhost:41923/session/b667d61bfbba432a9edc1ee1f59d8e97/element/018F2558AD8C988FD37E29790F63BCE9_element_15/enabled'
15:26:55.177 [Forwarding isElementEnabled on session b667d61bfbba432a9edc1ee1f59d8e97 to remote] DEBUG org.asynchttpclient.netty.request.NettyRequestSender - Using open Channel [id: 0xe516ba41, L:/127.0.0.1:57886 - R:localhost/127.0.0.1:41923] for GET '/session/b667d61bfbba432a9edc1ee1f59d8e97/element/018F2558AD8C988FD37E29790F63BCE9_element_15/enabled'
15:26:55.184 [AsyncHttpClient-1-4] DEBUG org.asynchttpclient.netty.handler.HttpHandler - 

Request DefaultFullHttpRequest(decodeResult: success, version: HTTP/1.1, content: EmptyByteBufBE)
GET /session/b667d61bfbba432a9edc1ee1f59d8e97/element/018F2558AD8C988FD37E29790F63BCE9_element_15/enabled HTTP/1.1
User-Agent: selenium/4.7.1 (java windows)
Cache-Control: no-cache
Content-Type: application/json; charset=utf-8
host: localhost:41923
accept: */*

Response DefaultHttpResponse(decodeResult: success, version: HTTP/1.1)
HTTP/1.1 200 OK
Content-Type: application/json; charset=utf-8
cache-control: no-cache
content-length: 14

15:26:55.184 [AsyncHttpClient-1-4] DEBUG org.asynchttpclient.netty.channel.ChannelManager - Adding key: http://localhost:41923 for channel [id: 0xe516ba41, L:/127.0.0.1:57886 - R:localhost/127.0.0.1:41923]
15:26:55.185 [Forwarding isElementEnabled on session b667d61bfbba432a9edc1ee1f59d8e97 to remote] DEBUG org.asynchttpclient.netty.request.NettyRequestSender - Using pooled Channel '[id: 0xe516ba41, L:/127.0.0.1:57886 - R:localhost/127.0.0.1:41923]' for 'GET' to 'http://localhost:41923/session/b667d61bfbba432a9edc1ee1f59d8e97/element/018F2558AD8C988FD37E29790F63BCE9_element_15/enabled'
15:26:55.185 [Forwarding isElementEnabled on session b667d61bfbba432a9edc1ee1f59d8e97 to remote] DEBUG org.asynchttpclient.netty.request.NettyRequestSender - Using open Channel [id: 0xe516ba41, L:/127.0.0.1:57886 - R:localhost/127.0.0.1:41923] for GET '/session/b667d61bfbba432a9edc1ee1f59d8e97/element/018F2558AD8C988FD37E29790F63BCE9_element_15/enabled'
15:26:55.194 [AsyncHttpClient-1-4] DEBUG org.asynchttpclient.netty.handler.HttpHandler - 

Request DefaultFullHttpRequest(decodeResult: success, version: HTTP/1.1, content: EmptyByteBufBE)
GET /session/b667d61bfbba432a9edc1ee1f59d8e97/element/018F2558AD8C988FD37E29790F63BCE9_element_15/enabled HTTP/1.1
User-Agent: selenium/4.7.1 (java windows)
Cache-Control: no-cache
Content-Type: application/json; charset=utf-8
host: localhost:41923
accept: */*

Response DefaultHttpResponse(decodeResult: success, version: HTTP/1.1)
HTTP/1.1 200 OK
Content-Type: application/json; charset=utf-8
cache-control: no-cache
content-length: 14

15:26:55.194 [AsyncHttpClient-1-4] DEBUG org.asynchttpclient.netty.channel.ChannelManager - Adding key: http://localhost:41923 for channel [id: 0xe516ba41, L:/127.0.0.1:57886 - R:localhost/127.0.0.1:41923]
15:26:55.196 [Forwarding findElement on session b667d61bfbba432a9edc1ee1f59d8e97 to remote] DEBUG org.asynchttpclient.netty.request.NettyRequestSender - Using pooled Channel '[id: 0xe516ba41, L:/127.0.0.1:57886 - R:localhost/127.0.0.1:41923]' for 'POST' to 'http://localhost:41923/session/b667d61bfbba432a9edc1ee1f59d8e97/element'
15:26:55.196 [Forwarding findElement on session b667d61bfbba432a9edc1ee1f59d8e97 to remote] DEBUG org.asynchttpclient.netty.request.NettyRequestSender - Using open Channel [id: 0xe516ba41, L:/127.0.0.1:57886 - R:localhost/127.0.0.1:41923] for POST '/session/b667d61bfbba432a9edc1ee1f59d8e97/element'
15:26:55.207 [AsyncHttpClient-1-4] DEBUG org.asynchttpclient.netty.handler.HttpHandler - 

Request DefaultHttpRequest(decodeResult: success, version: HTTP/1.1)
POST /session/b667d61bfbba432a9edc1ee1f59d8e97/element HTTP/1.1
User-Agent: selenium/4.7.1 (java windows)
Content-Length: 141
Content-Type: application/json; charset=utf-8
host: localhost:41923
accept: */*

Response DefaultHttpResponse(decodeResult: success, version: HTTP/1.1)
HTTP/1.1 200 OK
Content-Type: application/json; charset=utf-8
cache-control: no-cache
content-length: 95

15:26:55.207 [AsyncHttpClient-1-4] DEBUG org.asynchttpclient.netty.channel.ChannelManager - Adding key: http://localhost:41923 for channel [id: 0xe516ba41, L:/127.0.0.1:57886 - R:localhost/127.0.0.1:41923]
15:26:55.208 [Forwarding clickElement on session b667d61bfbba432a9edc1ee1f59d8e97 to remote] DEBUG org.asynchttpclient.netty.request.NettyRequestSender - Using pooled Channel '[id: 0xe516ba41, L:/127.0.0.1:57886 - R:localhost/127.0.0.1:41923]' for 'POST' to 'http://localhost:41923/session/b667d61bfbba432a9edc1ee1f59d8e97/element/018F2558AD8C988FD37E29790F63BCE9_element_15/click'
15:26:55.208 [Forwarding clickElement on session b667d61bfbba432a9edc1ee1f59d8e97 to remote] DEBUG org.asynchttpclient.netty.request.NettyRequestSender - Using open Channel [id: 0xe516ba41, L:/127.0.0.1:57886 - R:localhost/127.0.0.1:41923] for POST '/session/b667d61bfbba432a9edc1ee1f59d8e97/element/018F2558AD8C988FD37E29790F63BCE9_element_15/click'
15:26:55.258 [AsyncHttpClient-1-4] DEBUG org.asynchttpclient.netty.handler.HttpHandler - 

Request DefaultHttpRequest(decodeResult: success, version: HTTP/1.1)
POST /session/b667d61bfbba432a9edc1ee1f59d8e97/element/018F2558AD8C988FD37E29790F63BCE9_element_15/click HTTP/1.1
User-Agent: selenium/4.7.1 (java windows)
Content-Length: 57
Content-Type: application/json; charset=utf-8
host: localhost:41923
accept: */*

Response DefaultHttpResponse(decodeResult: success, version: HTTP/1.1)
HTTP/1.1 200 OK
Content-Type: application/json; charset=utf-8
cache-control: no-cache
content-length: 14

15:26:55.258 [AsyncHttpClient-1-4] DEBUG org.asynchttpclient.netty.channel.ChannelManager - Adding key: http://localhost:41923 for channel [id: 0xe516ba41, L:/127.0.0.1:57886 - R:localhost/127.0.0.1:41923]
15:26:55.263 [Forwarding getCurrentWindowHandle on session b667d61bfbba432a9edc1ee1f59d8e97 to remote] DEBUG org.asynchttpclient.netty.request.NettyRequestSender - Using pooled Channel '[id: 0xe516ba41, L:/127.0.0.1:57886 - R:localhost/127.0.0.1:41923]' for 'GET' to 'http://localhost:41923/session/b667d61bfbba432a9edc1ee1f59d8e97/window'
15:26:55.263 [Forwarding getCurrentWindowHandle on session b667d61bfbba432a9edc1ee1f59d8e97 to remote] DEBUG org.asynchttpclient.netty.request.NettyRequestSender - Using open Channel [id: 0xe516ba41, L:/127.0.0.1:57886 - R:localhost/127.0.0.1:41923] for GET '/session/b667d61bfbba432a9edc1ee1f59d8e97/window'
15:26:55.264 [AsyncHttpClient-1-4] DEBUG org.asynchttpclient.netty.handler.HttpHandler - 

Request DefaultFullHttpRequest(decodeResult: success, version: HTTP/1.1, content: EmptyByteBufBE)
GET /session/b667d61bfbba432a9edc1ee1f59d8e97/window HTTP/1.1
User-Agent: selenium/4.7.1 (java windows)
Cache-Control: no-cache
Content-Type: application/json; charset=utf-8
host: localhost:41923
accept: */*

Response DefaultHttpResponse(decodeResult: success, version: HTTP/1.1)
HTTP/1.1 200 OK
Content-Type: application/json; charset=utf-8
cache-control: no-cache
content-length: 44

15:26:55.264 [AsyncHttpClient-1-4] DEBUG org.asynchttpclient.netty.channel.ChannelManager - Adding key: http://localhost:41923 for channel [id: 0xe516ba41, L:/127.0.0.1:57886 - R:localhost/127.0.0.1:41923]
15:26:55.265 [Forwarding getAlertText on session b667d61bfbba432a9edc1ee1f59d8e97 to remote] DEBUG org.asynchttpclient.netty.request.NettyRequestSender - Using pooled Channel '[id: 0xe516ba41, L:/127.0.0.1:57886 - R:localhost/127.0.0.1:41923]' for 'GET' to 'http://localhost:41923/session/b667d61bfbba432a9edc1ee1f59d8e97/alert/text'
15:26:55.265 [Forwarding getAlertText on session b667d61bfbba432a9edc1ee1f59d8e97 to remote] DEBUG org.asynchttpclient.netty.request.NettyRequestSender - Using open Channel [id: 0xe516ba41, L:/127.0.0.1:57886 - R:localhost/127.0.0.1:41923] for GET '/session/b667d61bfbba432a9edc1ee1f59d8e97/alert/text'
15:26:55.266 [AsyncHttpClient-1-4] DEBUG org.asynchttpclient.netty.handler.HttpHandler - 

Request DefaultFullHttpRequest(decodeResult: success, version: HTTP/1.1, content: EmptyByteBufBE)
GET /session/b667d61bfbba432a9edc1ee1f59d8e97/alert/text HTTP/1.1
User-Agent: selenium/4.7.1 (java windows)
Cache-Control: no-cache
Content-Type: application/json; charset=utf-8
host: localhost:41923
accept: */*

Response DefaultHttpResponse(decodeResult: success, version: HTTP/1.1)
HTTP/1.1 404 Not Found
Content-Type: application/json; charset=utf-8
cache-control: no-cache
content-length: 820

15:26:55.266 [AsyncHttpClient-1-4] DEBUG org.asynchttpclient.netty.channel.ChannelManager - Adding key: http://localhost:41923 for channel [id: 0xe516ba41, L:/127.0.0.1:57886 - R:localhost/127.0.0.1:41923]
15:26:55.268 [Forwarding switchToWindow on session b667d61bfbba432a9edc1ee1f59d8e97 to remote] DEBUG org.asynchttpclient.netty.request.NettyRequestSender - Using pooled Channel '[id: 0xe516ba41, L:/127.0.0.1:57886 - R:localhost/127.0.0.1:41923]' for 'POST' to 'http://localhost:41923/session/b667d61bfbba432a9edc1ee1f59d8e97/window'
15:26:55.268 [Forwarding switchToWindow on session b667d61bfbba432a9edc1ee1f59d8e97 to remote] DEBUG org.asynchttpclient.netty.request.NettyRequestSender - Using open Channel [id: 0xe516ba41, L:/127.0.0.1:57886 - R:localhost/127.0.0.1:41923] for POST '/session/b667d61bfbba432a9edc1ee1f59d8e97/window'
15:26:55.270 [AsyncHttpClient-1-4] DEBUG org.asynchttpclient.netty.handler.HttpHandler - 

Request DefaultHttpRequest(decodeResult: success, version: HTTP/1.1)
POST /session/b667d61bfbba432a9edc1ee1f59d8e97/window HTTP/1.1
User-Agent: selenium/4.7.1 (java windows)
Content-Length: 50
Content-Type: application/json; charset=utf-8
host: localhost:41923
accept: */*

Response DefaultHttpResponse(decodeResult: success, version: HTTP/1.1)
HTTP/1.1 200 OK
Content-Type: application/json; charset=utf-8
cache-control: no-cache
content-length: 14

15:26:55.271 [AsyncHttpClient-1-4] DEBUG org.asynchttpclient.netty.channel.ChannelManager - Adding key: http://localhost:41923 for channel [id: 0xe516ba41, L:/127.0.0.1:57886 - R:localhost/127.0.0.1:41923]
15:26:55.272 [Forwarding getCurrentUrl on session b667d61bfbba432a9edc1ee1f59d8e97 to remote] DEBUG org.asynchttpclient.netty.request.NettyRequestSender - Using pooled Channel '[id: 0xe516ba41, L:/127.0.0.1:57886 - R:localhost/127.0.0.1:41923]' for 'GET' to 'http://localhost:41923/session/b667d61bfbba432a9edc1ee1f59d8e97/url'
15:26:55.272 [Forwarding getCurrentUrl on session b667d61bfbba432a9edc1ee1f59d8e97 to remote] DEBUG org.asynchttpclient.netty.request.NettyRequestSender - Using open Channel [id: 0xe516ba41, L:/127.0.0.1:57886 - R:localhost/127.0.0.1:41923] for GET '/session/b667d61bfbba432a9edc1ee1f59d8e97/url'
15:26:55.276 [AsyncHttpClient-1-4] DEBUG org.asynchttpclient.netty.handler.HttpHandler - 

Request DefaultFullHttpRequest(decodeResult: success, version: HTTP/1.1, content: EmptyByteBufBE)
GET /session/b667d61bfbba432a9edc1ee1f59d8e97/url HTTP/1.1
User-Agent: selenium/4.7.1 (java windows)
Cache-Control: no-cache
Content-Type: application/json; charset=utf-8
host: localhost:41923
accept: */*

Response DefaultHttpResponse(decodeResult: success, version: HTTP/1.1)
HTTP/1.1 200 OK
Content-Type: application/json; charset=utf-8
cache-control: no-cache
content-length: 54

15:26:55.276 [AsyncHttpClient-1-4] DEBUG org.asynchttpclient.netty.channel.ChannelManager - Adding key: http://localhost:41923 for channel [id: 0xe516ba41, L:/127.0.0.1:57886 - R:localhost/127.0.0.1:41923]
15:26:55.277 [Forwarding screenshot on session b667d61bfbba432a9edc1ee1f59d8e97 to remote] DEBUG org.asynchttpclient.netty.request.NettyRequestSender - Using pooled Channel '[id: 0xe516ba41, L:/127.0.0.1:57886 - R:localhost/127.0.0.1:41923]' for 'GET' to 'http://localhost:41923/session/b667d61bfbba432a9edc1ee1f59d8e97/screenshot'
15:26:55.277 [Forwarding screenshot on session b667d61bfbba432a9edc1ee1f59d8e97 to remote] DEBUG org.asynchttpclient.netty.request.NettyRequestSender - Using open Channel [id: 0xe516ba41, L:/127.0.0.1:57886 - R:localhost/127.0.0.1:41923] for GET '/session/b667d61bfbba432a9edc1ee1f59d8e97/screenshot'
15:26:55.372 [AsyncHttpClient-1-4] DEBUG org.asynchttpclient.netty.handler.HttpHandler - 

Request DefaultFullHttpRequest(decodeResult: success, version: HTTP/1.1, content: EmptyByteBufBE)
GET /session/b667d61bfbba432a9edc1ee1f59d8e97/screenshot HTTP/1.1
User-Agent: selenium/4.7.1 (java windows)
Cache-Control: no-cache
Content-Type: application/json; charset=utf-8
host: localhost:41923
accept: */*

Response DefaultHttpResponse(decodeResult: success, version: HTTP/1.1)
HTTP/1.1 200 OK
Content-Type: application/json; charset=utf-8
cache-control: no-cache
content-length: 33480

15:26:55.373 [AsyncHttpClient-1-4] DEBUG org.asynchttpclient.netty.channel.ChannelManager - Adding key: http://localhost:41923 for channel [id: 0xe516ba41, L:/127.0.0.1:57886 - R:localhost/127.0.0.1:41923]
15:26:55.374 [main] DEBUG net.serenitybdd.core.photography.Darkroom - Send negative for processing for target\site\serenity\9b861e9e6bcb923dc5ac1c6d479ccbc90760116d6bd2d08c8ca392425798883d.png
15:26:55.374 [main] DEBUG net.thucydides.core.steps.StepInterceptor - STEP DONE: klikButtonRegister
  &amp#27;[32mThen &amp#27;[0m&amp#27;[32muser klik register yang kedua&amp#27;[0m                                 &amp#27;[90m# starter.stepdefinitions.RegisterSteps.userKlikRegisterYangKedua()&amp#27;[0m
15:26:55.375 [Darkroom Processing Line] DEBUG net.serenitybdd.core.photography.DarkroomProcessingLine - Processing screenshot image in /var/screenshots/screenshot-11231755384008964652
15:26:55.375 [Darkroom Processing Line] DEBUG net.serenitybdd.core.photography.DarkroomProcessingLine - Saving screenshot to target\site\serenity\9b861e9e6bcb923dc5ac1c6d479ccbc90760116d6bd2d08c8ca392425798883d.png
15:26:55.385 [main] DEBUG net.thucydides.core.steps.StepInterceptor - STARTING STEP: RegisterSteps.userMenerimaERRORMessage - munculErrorMessage
15:26:55.387 [Forwarding findElement on session b667d61bfbba432a9edc1ee1f59d8e97 to remote] DEBUG org.asynchttpclient.netty.request.NettyRequestSender - Using pooled Channel '[id: 0xe516ba41, L:/127.0.0.1:57886 - R:localhost/127.0.0.1:41923]' for 'POST' to 'http://localhost:41923/session/b667d61bfbba432a9edc1ee1f59d8e97/element'
15:26:55.387 [Forwarding findElement on session b667d61bfbba432a9edc1ee1f59d8e97 to remote] DEBUG org.asynchttpclient.netty.request.NettyRequestSender - Using open Channel [id: 0xe516ba41, L:/127.0.0.1:57886 - R:localhost/127.0.0.1:41923] for POST '/session/b667d61bfbba432a9edc1ee1f59d8e97/element'
15:26:55.409 [AsyncHttpClient-1-4] DEBUG org.asynchttpclient.netty.handler.HttpHandler - 

Request DefaultHttpRequest(decodeResult: success, version: HTTP/1.1)
POST /session/b667d61bfbba432a9edc1ee1f59d8e97/element HTTP/1.1
User-Agent: selenium/4.7.1 (java windows)
Content-Length: 79
Content-Type: application/json; charset=utf-8
host: localhost:41923
accept: */*

Response DefaultHttpResponse(decodeResult: success, version: HTTP/1.1)
HTTP/1.1 200 OK
Content-Type: application/json; charset=utf-8
cache-control: no-cache
content-length: 95

15:26:55.410 [AsyncHttpClient-1-4] DEBUG org.asynchttpclient.netty.channel.ChannelManager - Adding key: http://localhost:41923 for channel [id: 0xe516ba41, L:/127.0.0.1:57886 - R:localhost/127.0.0.1:41923]
15:26:55.414 [Forwarding isElementDisplayed on session b667d61bfbba432a9edc1ee1f59d8e97 to remote] DEBUG org.asynchttpclient.netty.request.NettyRequestSender - Using pooled Channel '[id: 0xe516ba41, L:/127.0.0.1:57886 - R:localhost/127.0.0.1:41923]' for 'POST' to 'http://localhost:41923/session/b667d61bfbba432a9edc1ee1f59d8e97/execute/sync'
15:26:55.414 [Forwarding isElementDisplayed on session b667d61bfbba432a9edc1ee1f59d8e97 to remote] DEBUG org.asynchttpclient.netty.request.NettyRequestSender - Using open Channel [id: 0xe516ba41, L:/127.0.0.1:57886 - R:localhost/127.0.0.1:41923] for POST '/session/b667d61bfbba432a9edc1ee1f59d8e97/execute/sync'
15:26:55.429 [AsyncHttpClient-1-4] DEBUG org.asynchttpclient.netty.handler.HttpHandler - 

Request DefaultHttpRequest(decodeResult: success, version: HTTP/1.1)
POST /session/b667d61bfbba432a9edc1ee1f59d8e97/execute/sync HTTP/1.1
User-Agent: selenium/4.7.1 (java windows)
Content-Length: 48787
Content-Type: application/json; charset=utf-8
host: localhost:41923
accept: */*

Response DefaultHttpResponse(decodeResult: success, version: HTTP/1.1)
HTTP/1.1 200 OK
Content-Type: application/json; charset=utf-8
cache-control: no-cache
content-length: 14

15:26:55.429 [AsyncHttpClient-1-4] DEBUG org.asynchttpclient.netty.channel.ChannelManager - Adding key: http://localhost:41923 for channel [id: 0xe516ba41, L:/127.0.0.1:57886 - R:localhost/127.0.0.1:41923]
15:26:55.434 [Forwarding getCurrentWindowHandle on session b667d61bfbba432a9edc1ee1f59d8e97 to remote] DEBUG org.asynchttpclient.netty.request.NettyRequestSender - Using pooled Channel '[id: 0xe516ba41, L:/127.0.0.1:57886 - R:localhost/127.0.0.1:41923]' for 'GET' to 'http://localhost:41923/session/b667d61bfbba432a9edc1ee1f59d8e97/window'
15:26:55.434 [Forwarding getCurrentWindowHandle on session b667d61bfbba432a9edc1ee1f59d8e97 to remote] DEBUG org.asynchttpclient.netty.request.NettyRequestSender - Using open Channel [id: 0xe516ba41, L:/127.0.0.1:57886 - R:localhost/127.0.0.1:41923] for GET '/session/b667d61bfbba432a9edc1ee1f59d8e97/window'
15:26:55.435 [AsyncHttpClient-1-4] DEBUG org.asynchttpclient.netty.handler.HttpHandler - 

Request DefaultFullHttpRequest(decodeResult: success, version: HTTP/1.1, content: EmptyByteBufBE)
GET /session/b667d61bfbba432a9edc1ee1f59d8e97/window HTTP/1.1
User-Agent: selenium/4.7.1 (java windows)
Cache-Control: no-cache
Content-Type: application/json; charset=utf-8
host: localhost:41923
accept: */*

Response DefaultHttpResponse(decodeResult: success, version: HTTP/1.1)
HTTP/1.1 200 OK
Content-Type: application/json; charset=utf-8
cache-control: no-cache
content-length: 44

15:26:55.435 [AsyncHttpClient-1-4] DEBUG org.asynchttpclient.netty.channel.ChannelManager - Adding key: http://localhost:41923 for channel [id: 0xe516ba41, L:/127.0.0.1:57886 - R:localhost/127.0.0.1:41923]
15:26:55.437 [Forwarding getAlertText on session b667d61bfbba432a9edc1ee1f59d8e97 to remote] DEBUG org.asynchttpclient.netty.request.NettyRequestSender - Using pooled Channel '[id: 0xe516ba41, L:/127.0.0.1:57886 - R:localhost/127.0.0.1:41923]' for 'GET' to 'http://localhost:41923/session/b667d61bfbba432a9edc1ee1f59d8e97/alert/text'
15:26:55.437 [Forwarding getAlertText on session b667d61bfbba432a9edc1ee1f59d8e97 to remote] DEBUG org.asynchttpclient.netty.request.NettyRequestSender - Using open Channel [id: 0xe516ba41, L:/127.0.0.1:57886 - R:localhost/127.0.0.1:41923] for GET '/session/b667d61bfbba432a9edc1ee1f59d8e97/alert/text'
15:26:55.440 [AsyncHttpClient-1-4] DEBUG org.asynchttpclient.netty.handler.HttpHandler - 

Request DefaultFullHttpRequest(decodeResult: success, version: HTTP/1.1, content: EmptyByteBufBE)
GET /session/b667d61bfbba432a9edc1ee1f59d8e97/alert/text HTTP/1.1
User-Agent: selenium/4.7.1 (java windows)
Cache-Control: no-cache
Content-Type: application/json; charset=utf-8
host: localhost:41923
accept: */*

Response DefaultHttpResponse(decodeResult: success, version: HTTP/1.1)
HTTP/1.1 404 Not Found
Content-Type: application/json; charset=utf-8
cache-control: no-cache
content-length: 820

15:26:55.441 [AsyncHttpClient-1-4] DEBUG org.asynchttpclient.netty.channel.ChannelManager - Adding key: http://localhost:41923 for channel [id: 0xe516ba41, L:/127.0.0.1:57886 - R:localhost/127.0.0.1:41923]
15:26:55.443 [Forwarding switchToWindow on session b667d61bfbba432a9edc1ee1f59d8e97 to remote] DEBUG org.asynchttpclient.netty.request.NettyRequestSender - Using pooled Channel '[id: 0xe516ba41, L:/127.0.0.1:57886 - R:localhost/127.0.0.1:41923]' for 'POST' to 'http://localhost:41923/session/b667d61bfbba432a9edc1ee1f59d8e97/window'
15:26:55.443 [Forwarding switchToWindow on session b667d61bfbba432a9edc1ee1f59d8e97 to remote] DEBUG org.asynchttpclient.netty.request.NettyRequestSender - Using open Channel [id: 0xe516ba41, L:/127.0.0.1:57886 - R:localhost/127.0.0.1:41923] for POST '/session/b667d61bfbba432a9edc1ee1f59d8e97/window'
15:26:55.445 [AsyncHttpClient-1-4] DEBUG org.asynchttpclient.netty.handler.HttpHandler - 

Request DefaultHttpRequest(decodeResult: success, version: HTTP/1.1)
POST /session/b667d61bfbba432a9edc1ee1f59d8e97/window HTTP/1.1
User-Agent: selenium/4.7.1 (java windows)
Content-Length: 50
Content-Type: application/json; charset=utf-8
host: localhost:41923
accept: */*

Response DefaultHttpResponse(decodeResult: success, version: HTTP/1.1)
HTTP/1.1 200 OK
Content-Type: application/json; charset=utf-8
cache-control: no-cache
content-length: 14

15:26:55.445 [AsyncHttpClient-1-4] DEBUG org.asynchttpclient.netty.channel.ChannelManager - Adding key: http://localhost:41923 for channel [id: 0xe516ba41, L:/127.0.0.1:57886 - R:localhost/127.0.0.1:41923]
15:26:55.446 [Forwarding getCurrentUrl on session b667d61bfbba432a9edc1ee1f59d8e97 to remote] DEBUG org.asynchttpclient.netty.request.NettyRequestSender - Using pooled Channel '[id: 0xe516ba41, L:/127.0.0.1:57886 - R:localhost/127.0.0.1:41923]' for 'GET' to 'http://localhost:41923/session/b667d61bfbba432a9edc1ee1f59d8e97/url'
15:26:55.446 [Forwarding getCurrentUrl on session b667d61bfbba432a9edc1ee1f59d8e97 to remote] DEBUG org.asynchttpclient.netty.request.NettyRequestSender - Using open Channel [id: 0xe516ba41, L:/127.0.0.1:57886 - R:localhost/127.0.0.1:41923] for GET '/session/b667d61bfbba432a9edc1ee1f59d8e97/url'
15:26:55.451 [AsyncHttpClient-1-4] DEBUG org.asynchttpclient.netty.handler.HttpHandler - 

Request DefaultFullHttpRequest(decodeResult: success, version: HTTP/1.1, content: EmptyByteBufBE)
GET /session/b667d61bfbba432a9edc1ee1f59d8e97/url HTTP/1.1
User-Agent: selenium/4.7.1 (java windows)
Cache-Control: no-cache
Content-Type: application/json; charset=utf-8
host: localhost:41923
accept: */*

Response DefaultHttpResponse(decodeResult: success, version: HTTP/1.1)
HTTP/1.1 200 OK
Content-Type: application/json; charset=utf-8
cache-control: no-cache
content-length: 54

15:26:55.451 [AsyncHttpClient-1-4] DEBUG org.asynchttpclient.netty.channel.ChannelManager - Adding key: http://localhost:41923 for channel [id: 0xe516ba41, L:/127.0.0.1:57886 - R:localhost/127.0.0.1:41923]
15:26:55.452 [Forwarding screenshot on session b667d61bfbba432a9edc1ee1f59d8e97 to remote] DEBUG org.asynchttpclient.netty.request.NettyRequestSender - Using pooled Channel '[id: 0xe516ba41, L:/127.0.0.1:57886 - R:localhost/127.0.0.1:41923]' for 'GET' to 'http://localhost:41923/session/b667d61bfbba432a9edc1ee1f59d8e97/screenshot'
15:26:55.452 [Forwarding screenshot on session b667d61bfbba432a9edc1ee1f59d8e97 to remote] DEBUG org.asynchttpclient.netty.request.NettyRequestSender - Using open Channel [id: 0xe516ba41, L:/127.0.0.1:57886 - R:localhost/127.0.0.1:41923] for GET '/session/b667d61bfbba432a9edc1ee1f59d8e97/screenshot'
15:26:55.565 [AsyncHttpClient-1-4] DEBUG org.asynchttpclient.netty.handler.HttpHandler - 

Request DefaultFullHttpRequest(decodeResult: success, version: HTTP/1.1, content: EmptyByteBufBE)
GET /session/b667d61bfbba432a9edc1ee1f59d8e97/screenshot HTTP/1.1
User-Agent: selenium/4.7.1 (java windows)
Cache-Control: no-cache
Content-Type: application/json; charset=utf-8
host: localhost:41923
accept: */*

Response DefaultHttpResponse(decodeResult: success, version: HTTP/1.1)
HTTP/1.1 200 OK
Content-Type: application/json; charset=utf-8
cache-control: no-cache
content-length: 34904

15:26:55.565 [AsyncHttpClient-1-4] DEBUG org.asynchttpclient.netty.channel.ChannelManager - Adding key: http://localhost:41923 for channel [id: 0xe516ba41, L:/127.0.0.1:57886 - R:localhost/127.0.0.1:41923]
15:26:55.567 [main] DEBUG net.serenitybdd.core.photography.Darkroom - Send negative for processing for target\site\serenity\310ed6aeb3b327c3e7aa8f4a9dfed333fd1c3438cc5150e885efd5509416ce05.png
15:26:55.567 [main] DEBUG net.thucydides.core.steps.StepInterceptor - STEP DONE: munculErrorMessage
  &amp#27;[32mAnd &amp#27;[0m&amp#27;[32muser menerima ERROR message &amp#27;[0m&amp#27;[32m&amp#27;[1m"duplicate key value ..."&amp#27;[0m          &amp#27;[90m# starter.stepdefinitions.RegisterSteps.userMenerimaERRORMessage(java.lang.String)&amp#27;[0m
15:26:55.567 [Darkroom Processing Line] DEBUG net.serenitybdd.core.photography.DarkroomProcessingLine - Processing screenshot image in /var/screenshots/screenshot-3976317710868577152
15:26:55.567 [Darkroom Processing Line] DEBUG net.serenitybdd.core.photography.DarkroomProcessingLine - Saving screenshot to target\site\serenity\310ed6aeb3b327c3e7aa8f4a9dfed333fd1c3438cc5150e885efd5509416ce05.png
15:26:55.574 [main] INFO  - 
  _____   ___   ___   _____     ___     _     ___   ___   ___   ___  
 |_   _| | __| / __| |_   _|   | _ \   /_\   / __| / __| | __| |   \ 
   | |   | _|  \__ \   | |     |  _/  / _ \  \__ \ \__ \ | _|  | |) |
   |_|   |___| |___/   |_|     |_|   /_/ \_\ |___/ |___/ |___| |___/ 

user tidak bisa register karena nama email sudah terdaftar
----------------------------------------------------------------------
15:26:55.575 [Driver Command Executor] DEBUG org.asynchttpclient.netty.request.NettyRequestSender - Using pooled Channel '[id: 0xe516ba41, L:/127.0.0.1:57886 - R:localhost/127.0.0.1:41923]' for 'DELETE' to 'http://localhost:41923/session/b667d61bfbba432a9edc1ee1f59d8e97'
15:26:55.575 [AsyncHttpClient-1-6] DEBUG org.asynchttpclient.netty.handler.WebSocketHandler - Channel Closed: [id: 0x74d6fd64, L:/127.0.0.1:57893 ! R:localhost/127.0.0.1:57887] with attribute NettyResponseFuture{currentRetry=0,
	isDone=1,
	isCancelled=0,
	asyncHandler=org.asynchttpclient.ws.WebSocketUpgradeHandler@73e245d8,
	nettyRequest=org.asynchttpclient.netty.request.NettyRequest@7d8bceb7,
	future=java.util.concurrent.CompletableFuture@b8eb50e[Completed normally],
	uri=ws://localhost:57887/devtools/browser/c679555b-87bc-4cd2-8fc5-42a814c4c41d,
	keepAlive=true,
	redirectCount=0,
	timeoutsHolder=null,
	inAuth=0,
	touch=1683707208989}
15:26:55.575 [Driver Command Executor] DEBUG org.asynchttpclient.netty.request.NettyRequestSender - Using open Channel [id: 0xe516ba41, L:/127.0.0.1:57886 - R:localhost/127.0.0.1:41923] for DELETE '/session/b667d61bfbba432a9edc1ee1f59d8e97'
15:26:55.575 [AsyncHttpClient-1-6] DEBUG org.asynchttpclient.netty.channel.ChannelManager - Closing Channel [id: 0x74d6fd64, L:/127.0.0.1:57893 ! R:localhost/127.0.0.1:57887] 
15:26:55.617 [AsyncHttpClient-1-5] DEBUG org.asynchttpclient.netty.handler.HttpHandler - Unexpected I/O exception on channel [id: 0xf8203d1c, L:/127.0.0.1:57892 - R:localhost/127.0.0.1:57887]
java.net.SocketException: Connection reset
	at java.base/sun.nio.ch.SocketChannelImpl.throwConnectionReset(SocketChannelImpl.java:401)
	at java.base/sun.nio.ch.SocketChannelImpl.read(SocketChannelImpl.java:434)
	at io.netty.buffer.PooledByteBuf.setBytes(PooledByteBuf.java:259)
	at io.netty.buffer.AbstractByteBuf.writeBytes(AbstractByteBuf.java:1132)
	at io.netty.channel.socket.nio.NioSocketChannel.doReadBytes(NioSocketChannel.java:357)
	at io.netty.channel.nio.AbstractNioByteChannel$NioByteUnsafe.read(AbstractNioByteChannel.java:151)
	at io.netty.channel.nio.NioEventLoop.processSelectedKey(NioEventLoop.java:788)
	at io.netty.channel.nio.NioEventLoop.processSelectedKeysOptimized(NioEventLoop.java:724)
	at io.netty.channel.nio.NioEventLoop.processSelectedKeys(NioEventLoop.java:650)
	at io.netty.channel.nio.NioEventLoop.run(NioEventLoop.java:562)
	at io.netty.util.concurrent.SingleThreadEventExecutor$4.run(SingleThreadEventExecutor.java:997)
	at io.netty.util.internal.ThreadExecutorMap$2.run(ThreadExecutorMap.java:74)
	at io.netty.util.concurrent.FastThreadLocalRunnable.run(FastThreadLocalRunnable.java:30)
	at java.base/java.lang.Thread.run(Thread.java:1589)
15:26:55.617 [AsyncHttpClient-1-5] DEBUG org.asynchttpclient.netty.channel.ChannelManager - Closing Channel [id: 0xf8203d1c, L:/127.0.0.1:57892 - R:localhost/127.0.0.1:57887] 
15:26:55.617 [AsyncHttpClient-1-5] DEBUG org.asynchttpclient.netty.handler.HttpHandler - Channel Closed: [id: 0xf8203d1c, L:/127.0.0.1:57892 ! R:localhost/127.0.0.1:57887] with attribute DISCARD
15:26:55.644 [AsyncHttpClient-1-4] DEBUG org.asynchttpclient.netty.handler.HttpHandler - 

Request DefaultFullHttpRequest(decodeResult: success, version: HTTP/1.1, content: EmptyByteBufBE)
DELETE /session/b667d61bfbba432a9edc1ee1f59d8e97 HTTP/1.1
User-Agent: selenium/4.7.1 (java windows)
Content-Type: application/json; charset=utf-8
host: localhost:41923
accept: */*

Response DefaultHttpResponse(decodeResult: success, version: HTTP/1.1)
HTTP/1.1 200 OK
Content-Type: application/json; charset=utf-8
cache-control: no-cache
content-length: 14

15:26:55.645 [AsyncHttpClient-1-4] DEBUG org.asynchttpclient.netty.channel.ChannelManager - Adding key: http://localhost:41923 for channel [id: 0xe516ba41, L:/127.0.0.1:57886 - R:localhost/127.0.0.1:41923]
15:26:55.691 [AsyncHttpClient-1-4] DEBUG org.asynchttpclient.netty.handler.HttpHandler - Channel Closed: [id: 0xe516ba41, L:/127.0.0.1:57886 ! R:localhost/127.0.0.1:41923] with attribute DISCARD
]]></system-out>
    <system-err><![CDATA[Starting ChromeDriver 113.0.5672.63 (0e1a4471d5ae5bf128b1bd8f4d627c8cbd55f70c-refs/branch-heads/5672@{#912}) on port 41923
Only local connections are allowed.
Please see https://chromedriver.chromium.org/security-considerations for suggestions on keeping ChromeDriver safe.
ChromeDriver was started successfully.
May 10, 2023 3:26:48 PM org.openqa.selenium.devtools.CdpVersionFinder findNearestMatch
WARNING: Unable to find CDP implementation matching 113
May 10, 2023 3:26:48 PM org.openqa.selenium.chromium.ChromiumDriver lambda$new$3
WARNING: Unable to find version of CDP to use for . You may need to include a dependency on a specific version of the CDP using something similar to `org.seleniumhq.selenium:selenium-devtools-v86:4.7.1` where the version ("v86") matches the version of the chromium-based browser you're using and the version number of the artifact is the same as Selenium's.
]]></system-err>
  </testcase>
  <testcase name="user tidak bisa register karena tidak input nama lengkap" classname="register" time="6.884">
    <system-out><![CDATA[
@Register02-Web-Negative
Scenario: user tidak bisa register karena tidak input nama lengkap &amp#27;[90m# src/test/resources/features/2. Register.feature:15&amp#27;[0m
15:26:55.747 [main] INFO io.cucumber.core.plugin.SerenityReporter - Running feature from file:///C:/Users/HP/Downloads/Mini-Project-QA/ALTASHOP%20WEB%20AUTOMATION/src/test/resources/features/2.%20Register.feature
15:26:55.747 [main] INFO  - 
  _____   ___   ___   _____     ___   _____     _     ___   _____   ___   ___  
 |_   _| | __| / __| |_   _|   / __| |_   _|   /_\   | _ \ |_   _| | __| |   \ 
   | |   | _|  \__ \   | |     \__ \   | |    / _ \  |   /   | |   | _|  | |) |
   |_|   |___| |___/   |_|     |___/   |_|   /_/ \_\ |_|_\   |_|   |___| |___/ 

user tidak bisa register karena tidak input nama lengkap(register;user-tidak-bisa-register-karena-tidak-input-nama-lengkap)
--------------------------------------------------------------------------------
15:26:55.778 [main] DEBUG net.thucydides.core.steps.StepInterceptor - STARTING STEP: LoginSteps.userBeradaDiHomepageAlta - diHomepageAltaShop
15:26:55.827 [main] INFO net.serenitybdd.core.webdriver.driverproviders.ChromeDriverProvider - Starting Chrome driver instance with capabilities:
15:26:55.827 [main] INFO net.serenitybdd.core.webdriver.driverproviders.ChromeDriverProvider - Capabilities {acceptInsecureCerts: true, browserName: chrome, goog:chromeOptions: {args: [remote-allow-origins=*, test-type, no-sandbox, ignore-certificate-errors, start-maximized, incognito, disable-infobars, disable-gpu, disable-default-apps, disable-popup-blocking, remote-allow-origins=*, test-type, no-sandbox, ignore-certificate-errors, start-maximized, incognito, disable-infobars, disable-gpu, disable-default-apps, disable-popup-blocking], extensions: []}}
15:26:55.846 [AsyncHttpClient-1-1] DEBUG org.asynchttpclient.netty.channel.DefaultChannelPool - Entry count for : http://localhost:41923 : 1
15:26:55.846 [AsyncHttpClient-1-1] DEBUG org.asynchttpclient.netty.channel.DefaultChannelPool - Entry count for : http://localhost:57887 : 1
15:26:55.846 [AsyncHttpClient-1-1] DEBUG org.asynchttpclient.netty.channel.DefaultChannelPool - Adding Candidate expired Channel [id: 0xe516ba41, L:/127.0.0.1:57886 ! R:localhost/127.0.0.1:41923] isIdleTimeoutExpired=false isRemotelyClosed=true isTtlExpired=false
15:26:55.846 [AsyncHttpClient-1-1] DEBUG org.asynchttpclient.netty.channel.DefaultChannelPool - Closing Idle Channel [id: 0xe516ba41, L:/127.0.0.1:57886 ! R:localhost/127.0.0.1:41923]
15:26:55.846 [AsyncHttpClient-1-1] DEBUG org.asynchttpclient.netty.channel.DefaultChannelPool - Adding Candidate expired Channel [id: 0xf8203d1c, L:/127.0.0.1:57892 ! R:localhost/127.0.0.1:57887] isIdleTimeoutExpired=false isRemotelyClosed=true isTtlExpired=false
15:26:55.846 [AsyncHttpClient-1-1] DEBUG org.asynchttpclient.netty.channel.DefaultChannelPool - Closing Idle Channel [id: 0xf8203d1c, L:/127.0.0.1:57892 ! R:localhost/127.0.0.1:57887]
15:26:55.846 [AsyncHttpClient-1-1] DEBUG org.asynchttpclient.netty.channel.DefaultChannelPool - Closed 2 connections out of 2 in 0 ms
15:26:55.901 [AsyncHttpClient-1-7] DEBUG org.asynchttpclient.netty.channel.NettyConnectListener - Using new Channel '[id: 0x7237215a, L:/127.0.0.1:57915 - R:localhost/127.0.0.1:34799]' for 'POST' to '/session'
15:26:56.654 [AsyncHttpClient-1-7] DEBUG org.asynchttpclient.netty.handler.HttpHandler - 

Request DefaultHttpRequest(decodeResult: success, version: HTTP/1.1)
POST /session HTTP/1.1
User-Agent: selenium/4.7.1 (java windows)
Content-Length: 1629
Content-Type: application/json; charset=utf-8
host: localhost:34799
accept: */*

Response DefaultHttpResponse(decodeResult: success, version: HTTP/1.1)
HTTP/1.1 200 OK
Content-Type: application/json; charset=utf-8
cache-control: no-cache
content-length: 854

15:26:56.654 [AsyncHttpClient-1-7] DEBUG org.asynchttpclient.netty.channel.ChannelManager - Adding key: http://localhost:34799 for channel [id: 0x7237215a, L:/127.0.0.1:57915 - R:localhost/127.0.0.1:34799]
15:26:56.661 [AsyncHttpClient-1-8] DEBUG org.asynchttpclient.netty.channel.NettyConnectListener - Using new Channel '[id: 0x9ab9ba17, L:/127.0.0.1:57923 - R:localhost/127.0.0.1:57916]' for 'GET' to '/json/version'
15:26:56.662 [AsyncHttpClient-1-8] DEBUG org.asynchttpclient.netty.handler.HttpHandler - 

Request DefaultFullHttpRequest(decodeResult: success, version: HTTP/1.1, content: EmptyByteBufBE)
GET /json/version HTTP/1.1
User-Agent: selenium/4.7.1 (java windows)
host: localhost:57916
accept: */*

Response DefaultHttpResponse(decodeResult: success, version: HTTP/1.1)
HTTP/1.1 200 OK
Content-Security-Policy: frame-ancestors 'none'
Content-Type: application/json; charset=UTF-8
content-length: 422

15:26:56.662 [AsyncHttpClient-1-8] DEBUG org.asynchttpclient.netty.channel.ChannelManager - Adding key: http://localhost:57916 for channel [id: 0x9ab9ba17, L:/127.0.0.1:57923 - R:localhost/127.0.0.1:57916]
15:26:56.665 [AsyncHttpClient-1-9] DEBUG org.asynchttpclient.netty.channel.NettyConnectListener - Using new Channel '[id: 0x23369e13, L:/127.0.0.1:57924 - R:localhost/127.0.0.1:57916]' for 'GET' to '/devtools/browser/fce05c27-1155-42c4-aea8-9e2ae60bac4d'
15:26:56.666 [AsyncHttpClient-1-9] DEBUG org.asynchttpclient.netty.handler.WebSocketHandler - 

Request DefaultFullHttpRequest(decodeResult: success, version: HTTP/1.1, content: EmptyByteBufBE)
GET /devtools/browser/fce05c27-1155-42c4-aea8-9e2ae60bac4d HTTP/1.1
upgrade: websocket
connection: upgrade
sec-websocket-key: bw99M2iuBoJ5xfrAVmagLg==
sec-websocket-version: 13
origin: http://localhost:57916
host: localhost:57916
accept: */*
user-agent: AHC/2.1

Response DefaultHttpResponse(decodeResult: success, version: HTTP/1.1)
HTTP/1.1 101 WebSocket Protocol Handshake
Upgrade: WebSocket
Connection: Upgrade
Sec-WebSocket-Accept: LEJs61YMksjx0VNX8WOzVcKbmYE=

15:26:56.673 [Forwarding get on session 24124113c11476845736db825ff33627 to remote] DEBUG org.asynchttpclient.netty.request.NettyRequestSender - Using pooled Channel '[id: 0x7237215a, L:/127.0.0.1:57915 - R:localhost/127.0.0.1:34799]' for 'POST' to 'http://localhost:34799/session/24124113c11476845736db825ff33627/url'
15:26:56.673 [Forwarding get on session 24124113c11476845736db825ff33627 to remote] DEBUG org.asynchttpclient.netty.request.NettyRequestSender - Using open Channel [id: 0x7237215a, L:/127.0.0.1:57915 - R:localhost/127.0.0.1:34799] for POST '/session/24124113c11476845736db825ff33627/url'
15:26:56.952 [AsyncHttpClient-1-1] DEBUG org.asynchttpclient.netty.channel.DefaultChannelPool - Entry count for : http://localhost:57916 : 1
15:26:57.422 [AsyncHttpClient-1-7] DEBUG org.asynchttpclient.netty.handler.HttpHandler - 

Request DefaultHttpRequest(decodeResult: success, version: HTTP/1.1)
POST /session/24124113c11476845736db825ff33627/url HTTP/1.1
User-Agent: selenium/4.7.1 (java windows)
Content-Length: 59
Content-Type: application/json; charset=utf-8
host: localhost:34799
accept: */*

Response DefaultHttpResponse(decodeResult: success, version: HTTP/1.1)
HTTP/1.1 200 OK
Content-Type: application/json; charset=utf-8
cache-control: no-cache
content-length: 14

15:26:57.422 [AsyncHttpClient-1-7] DEBUG org.asynchttpclient.netty.channel.ChannelManager - Adding key: http://localhost:34799 for channel [id: 0x7237215a, L:/127.0.0.1:57915 - R:localhost/127.0.0.1:34799]
15:26:57.424 [Forwarding setTimeout on session 24124113c11476845736db825ff33627 to remote] DEBUG org.asynchttpclient.netty.request.NettyRequestSender - Using pooled Channel '[id: 0x7237215a, L:/127.0.0.1:57915 - R:localhost/127.0.0.1:34799]' for 'POST' to 'http://localhost:34799/session/24124113c11476845736db825ff33627/timeouts'
15:26:57.425 [Forwarding setTimeout on session 24124113c11476845736db825ff33627 to remote] DEBUG org.asynchttpclient.netty.request.NettyRequestSender - Using open Channel [id: 0x7237215a, L:/127.0.0.1:57915 - R:localhost/127.0.0.1:34799] for POST '/session/24124113c11476845736db825ff33627/timeouts'
15:26:57.429 [AsyncHttpClient-1-7] DEBUG org.asynchttpclient.netty.handler.HttpHandler - 

Request DefaultHttpRequest(decodeResult: success, version: HTTP/1.1)
POST /session/24124113c11476845736db825ff33627/timeouts HTTP/1.1
User-Agent: selenium/4.7.1 (java windows)
Content-Length: 22
Content-Type: application/json; charset=utf-8
host: localhost:34799
accept: */*

Response DefaultHttpResponse(decodeResult: success, version: HTTP/1.1)
HTTP/1.1 200 OK
Content-Type: application/json; charset=utf-8
cache-control: no-cache
content-length: 14

15:26:57.430 [AsyncHttpClient-1-7] DEBUG org.asynchttpclient.netty.channel.ChannelManager - Adding key: http://localhost:34799 for channel [id: 0x7237215a, L:/127.0.0.1:57915 - R:localhost/127.0.0.1:34799]
15:26:57.434 [Forwarding getCurrentUrl on session 24124113c11476845736db825ff33627 to remote] DEBUG org.asynchttpclient.netty.request.NettyRequestSender - Using pooled Channel '[id: 0x7237215a, L:/127.0.0.1:57915 - R:localhost/127.0.0.1:34799]' for 'GET' to 'http://localhost:34799/session/24124113c11476845736db825ff33627/url'
15:26:57.434 [Forwarding getCurrentUrl on session 24124113c11476845736db825ff33627 to remote] DEBUG org.asynchttpclient.netty.request.NettyRequestSender - Using open Channel [id: 0x7237215a, L:/127.0.0.1:57915 - R:localhost/127.0.0.1:34799] for GET '/session/24124113c11476845736db825ff33627/url'
15:26:57.446 [AsyncHttpClient-1-7] DEBUG org.asynchttpclient.netty.handler.HttpHandler - 

Request DefaultFullHttpRequest(decodeResult: success, version: HTTP/1.1, content: EmptyByteBufBE)
GET /session/24124113c11476845736db825ff33627/url HTTP/1.1
User-Agent: selenium/4.7.1 (java windows)
Cache-Control: no-cache
Content-Type: application/json; charset=utf-8
host: localhost:34799
accept: */*

Response DefaultHttpResponse(decodeResult: success, version: HTTP/1.1)
HTTP/1.1 200 OK
Content-Type: application/json; charset=utf-8
cache-control: no-cache
content-length: 41

15:26:57.447 [AsyncHttpClient-1-7] DEBUG org.asynchttpclient.netty.channel.ChannelManager - Adding key: http://localhost:34799 for channel [id: 0x7237215a, L:/127.0.0.1:57915 - R:localhost/127.0.0.1:34799]
15:26:57.451 [Forwarding getCurrentUrl on session 24124113c11476845736db825ff33627 to remote] DEBUG org.asynchttpclient.netty.request.NettyRequestSender - Using pooled Channel '[id: 0x7237215a, L:/127.0.0.1:57915 - R:localhost/127.0.0.1:34799]' for 'GET' to 'http://localhost:34799/session/24124113c11476845736db825ff33627/url'
15:26:57.451 [Forwarding getCurrentUrl on session 24124113c11476845736db825ff33627 to remote] DEBUG org.asynchttpclient.netty.request.NettyRequestSender - Using open Channel [id: 0x7237215a, L:/127.0.0.1:57915 - R:localhost/127.0.0.1:34799] for GET '/session/24124113c11476845736db825ff33627/url'
15:26:57.463 [AsyncHttpClient-1-7] DEBUG org.asynchttpclient.netty.handler.HttpHandler - 

Request DefaultFullHttpRequest(decodeResult: success, version: HTTP/1.1, content: EmptyByteBufBE)
GET /session/24124113c11476845736db825ff33627/url HTTP/1.1
User-Agent: selenium/4.7.1 (java windows)
Cache-Control: no-cache
Content-Type: application/json; charset=utf-8
host: localhost:34799
accept: */*

Response DefaultHttpResponse(decodeResult: success, version: HTTP/1.1)
HTTP/1.1 200 OK
Content-Type: application/json; charset=utf-8
cache-control: no-cache
content-length: 41

15:26:57.463 [AsyncHttpClient-1-7] DEBUG org.asynchttpclient.netty.channel.ChannelManager - Adding key: http://localhost:34799 for channel [id: 0x7237215a, L:/127.0.0.1:57915 - R:localhost/127.0.0.1:34799]
15:26:57.468 [Forwarding findElement on session 24124113c11476845736db825ff33627 to remote] DEBUG org.asynchttpclient.netty.request.NettyRequestSender - Using pooled Channel '[id: 0x7237215a, L:/127.0.0.1:57915 - R:localhost/127.0.0.1:34799]' for 'POST' to 'http://localhost:34799/session/24124113c11476845736db825ff33627/element'
15:26:57.468 [Forwarding findElement on session 24124113c11476845736db825ff33627 to remote] DEBUG org.asynchttpclient.netty.request.NettyRequestSender - Using open Channel [id: 0x7237215a, L:/127.0.0.1:57915 - R:localhost/127.0.0.1:34799] for POST '/session/24124113c11476845736db825ff33627/element'
15:26:57.491 [AsyncHttpClient-1-7] DEBUG org.asynchttpclient.netty.handler.HttpHandler - 

Request DefaultHttpRequest(decodeResult: success, version: HTTP/1.1)
POST /session/24124113c11476845736db825ff33627/element HTTP/1.1
User-Agent: selenium/4.7.1 (java windows)
Content-Length: 108
Content-Type: application/json; charset=utf-8
host: localhost:34799
accept: */*

Response DefaultHttpResponse(decodeResult: success, version: HTTP/1.1)
HTTP/1.1 200 OK
Content-Type: application/json; charset=utf-8
cache-control: no-cache
content-length: 94

15:26:57.491 [AsyncHttpClient-1-7] DEBUG org.asynchttpclient.netty.channel.ChannelManager - Adding key: http://localhost:34799 for channel [id: 0x7237215a, L:/127.0.0.1:57915 - R:localhost/127.0.0.1:34799]
15:26:57.496 [Forwarding isElementDisplayed on session 24124113c11476845736db825ff33627 to remote] DEBUG org.asynchttpclient.netty.request.NettyRequestSender - Using pooled Channel '[id: 0x7237215a, L:/127.0.0.1:57915 - R:localhost/127.0.0.1:34799]' for 'POST' to 'http://localhost:34799/session/24124113c11476845736db825ff33627/execute/sync'
15:26:57.497 [Forwarding isElementDisplayed on session 24124113c11476845736db825ff33627 to remote] DEBUG org.asynchttpclient.netty.request.NettyRequestSender - Using open Channel [id: 0x7237215a, L:/127.0.0.1:57915 - R:localhost/127.0.0.1:34799] for POST '/session/24124113c11476845736db825ff33627/execute/sync'
15:26:57.562 [AsyncHttpClient-1-7] DEBUG org.asynchttpclient.netty.handler.HttpHandler - 

Request DefaultHttpRequest(decodeResult: success, version: HTTP/1.1)
POST /session/24124113c11476845736db825ff33627/execute/sync HTTP/1.1
User-Agent: selenium/4.7.1 (java windows)
Content-Length: 48786
Content-Type: application/json; charset=utf-8
host: localhost:34799
accept: */*

Response DefaultHttpResponse(decodeResult: success, version: HTTP/1.1)
HTTP/1.1 200 OK
Content-Type: application/json; charset=utf-8
cache-control: no-cache
content-length: 14

15:26:57.563 [AsyncHttpClient-1-7] DEBUG org.asynchttpclient.netty.channel.ChannelManager - Adding key: http://localhost:34799 for channel [id: 0x7237215a, L:/127.0.0.1:57915 - R:localhost/127.0.0.1:34799]
15:26:57.565 [Forwarding isElementDisplayed on session 24124113c11476845736db825ff33627 to remote] DEBUG org.asynchttpclient.netty.request.NettyRequestSender - Using pooled Channel '[id: 0x7237215a, L:/127.0.0.1:57915 - R:localhost/127.0.0.1:34799]' for 'POST' to 'http://localhost:34799/session/24124113c11476845736db825ff33627/execute/sync'
15:26:57.565 [Forwarding isElementDisplayed on session 24124113c11476845736db825ff33627 to remote] DEBUG org.asynchttpclient.netty.request.NettyRequestSender - Using open Channel [id: 0x7237215a, L:/127.0.0.1:57915 - R:localhost/127.0.0.1:34799] for POST '/session/24124113c11476845736db825ff33627/execute/sync'
15:26:57.592 [AsyncHttpClient-1-7] DEBUG org.asynchttpclient.netty.handler.HttpHandler - 

Request DefaultHttpRequest(decodeResult: success, version: HTTP/1.1)
POST /session/24124113c11476845736db825ff33627/execute/sync HTTP/1.1
User-Agent: selenium/4.7.1 (java windows)
Content-Length: 48786
Content-Type: application/json; charset=utf-8
host: localhost:34799
accept: */*

Response DefaultHttpResponse(decodeResult: success, version: HTTP/1.1)
HTTP/1.1 200 OK
Content-Type: application/json; charset=utf-8
cache-control: no-cache
content-length: 14

15:26:57.592 [AsyncHttpClient-1-7] DEBUG org.asynchttpclient.netty.channel.ChannelManager - Adding key: http://localhost:34799 for channel [id: 0x7237215a, L:/127.0.0.1:57915 - R:localhost/127.0.0.1:34799]
15:26:57.599 [Forwarding getCurrentWindowHandle on session 24124113c11476845736db825ff33627 to remote] DEBUG org.asynchttpclient.netty.request.NettyRequestSender - Using pooled Channel '[id: 0x7237215a, L:/127.0.0.1:57915 - R:localhost/127.0.0.1:34799]' for 'GET' to 'http://localhost:34799/session/24124113c11476845736db825ff33627/window'
15:26:57.599 [Forwarding getCurrentWindowHandle on session 24124113c11476845736db825ff33627 to remote] DEBUG org.asynchttpclient.netty.request.NettyRequestSender - Using open Channel [id: 0x7237215a, L:/127.0.0.1:57915 - R:localhost/127.0.0.1:34799] for GET '/session/24124113c11476845736db825ff33627/window'
15:26:57.600 [AsyncHttpClient-1-7] DEBUG org.asynchttpclient.netty.handler.HttpHandler - 

Request DefaultFullHttpRequest(decodeResult: success, version: HTTP/1.1, content: EmptyByteBufBE)
GET /session/24124113c11476845736db825ff33627/window HTTP/1.1
User-Agent: selenium/4.7.1 (java windows)
Cache-Control: no-cache
Content-Type: application/json; charset=utf-8
host: localhost:34799
accept: */*

Response DefaultHttpResponse(decodeResult: success, version: HTTP/1.1)
HTTP/1.1 200 OK
Content-Type: application/json; charset=utf-8
cache-control: no-cache
content-length: 44

15:26:57.600 [AsyncHttpClient-1-7] DEBUG org.asynchttpclient.netty.channel.ChannelManager - Adding key: http://localhost:34799 for channel [id: 0x7237215a, L:/127.0.0.1:57915 - R:localhost/127.0.0.1:34799]
15:26:57.601 [Forwarding getAlertText on session 24124113c11476845736db825ff33627 to remote] DEBUG org.asynchttpclient.netty.request.NettyRequestSender - Using pooled Channel '[id: 0x7237215a, L:/127.0.0.1:57915 - R:localhost/127.0.0.1:34799]' for 'GET' to 'http://localhost:34799/session/24124113c11476845736db825ff33627/alert/text'
15:26:57.602 [Forwarding getAlertText on session 24124113c11476845736db825ff33627 to remote] DEBUG org.asynchttpclient.netty.request.NettyRequestSender - Using open Channel [id: 0x7237215a, L:/127.0.0.1:57915 - R:localhost/127.0.0.1:34799] for GET '/session/24124113c11476845736db825ff33627/alert/text'
15:26:57.604 [AsyncHttpClient-1-7] DEBUG org.asynchttpclient.netty.handler.HttpHandler - 

Request DefaultFullHttpRequest(decodeResult: success, version: HTTP/1.1, content: EmptyByteBufBE)
GET /session/24124113c11476845736db825ff33627/alert/text HTTP/1.1
User-Agent: selenium/4.7.1 (java windows)
Cache-Control: no-cache
Content-Type: application/json; charset=utf-8
host: localhost:34799
accept: */*

Response DefaultHttpResponse(decodeResult: success, version: HTTP/1.1)
HTTP/1.1 404 Not Found
Content-Type: application/json; charset=utf-8
cache-control: no-cache
content-length: 820

15:26:57.605 [AsyncHttpClient-1-7] DEBUG org.asynchttpclient.netty.channel.ChannelManager - Adding key: http://localhost:34799 for channel [id: 0x7237215a, L:/127.0.0.1:57915 - R:localhost/127.0.0.1:34799]
15:26:57.608 [Forwarding switchToWindow on session 24124113c11476845736db825ff33627 to remote] DEBUG org.asynchttpclient.netty.request.NettyRequestSender - Using pooled Channel '[id: 0x7237215a, L:/127.0.0.1:57915 - R:localhost/127.0.0.1:34799]' for 'POST' to 'http://localhost:34799/session/24124113c11476845736db825ff33627/window'
15:26:57.608 [Forwarding switchToWindow on session 24124113c11476845736db825ff33627 to remote] DEBUG org.asynchttpclient.netty.request.NettyRequestSender - Using open Channel [id: 0x7237215a, L:/127.0.0.1:57915 - R:localhost/127.0.0.1:34799] for POST '/session/24124113c11476845736db825ff33627/window'
15:26:57.611 [AsyncHttpClient-1-7] DEBUG org.asynchttpclient.netty.handler.HttpHandler - 

Request DefaultHttpRequest(decodeResult: success, version: HTTP/1.1)
POST /session/24124113c11476845736db825ff33627/window HTTP/1.1
User-Agent: selenium/4.7.1 (java windows)
Content-Length: 50
Content-Type: application/json; charset=utf-8
host: localhost:34799
accept: */*

Response DefaultHttpResponse(decodeResult: success, version: HTTP/1.1)
HTTP/1.1 200 OK
Content-Type: application/json; charset=utf-8
cache-control: no-cache
content-length: 14

15:26:57.611 [AsyncHttpClient-1-7] DEBUG org.asynchttpclient.netty.channel.ChannelManager - Adding key: http://localhost:34799 for channel [id: 0x7237215a, L:/127.0.0.1:57915 - R:localhost/127.0.0.1:34799]
15:26:57.612 [Forwarding getCurrentUrl on session 24124113c11476845736db825ff33627 to remote] DEBUG org.asynchttpclient.netty.request.NettyRequestSender - Using pooled Channel '[id: 0x7237215a, L:/127.0.0.1:57915 - R:localhost/127.0.0.1:34799]' for 'GET' to 'http://localhost:34799/session/24124113c11476845736db825ff33627/url'
15:26:57.613 [Forwarding getCurrentUrl on session 24124113c11476845736db825ff33627 to remote] DEBUG org.asynchttpclient.netty.request.NettyRequestSender - Using open Channel [id: 0x7237215a, L:/127.0.0.1:57915 - R:localhost/127.0.0.1:34799] for GET '/session/24124113c11476845736db825ff33627/url'
15:26:57.622 [AsyncHttpClient-1-7] DEBUG org.asynchttpclient.netty.handler.HttpHandler - 

Request DefaultFullHttpRequest(decodeResult: success, version: HTTP/1.1, content: EmptyByteBufBE)
GET /session/24124113c11476845736db825ff33627/url HTTP/1.1
User-Agent: selenium/4.7.1 (java windows)
Cache-Control: no-cache
Content-Type: application/json; charset=utf-8
host: localhost:34799
accept: */*

Response DefaultHttpResponse(decodeResult: success, version: HTTP/1.1)
HTTP/1.1 200 OK
Content-Type: application/json; charset=utf-8
cache-control: no-cache
content-length: 41

15:26:57.623 [AsyncHttpClient-1-7] DEBUG org.asynchttpclient.netty.channel.ChannelManager - Adding key: http://localhost:34799 for channel [id: 0x7237215a, L:/127.0.0.1:57915 - R:localhost/127.0.0.1:34799]
15:26:57.624 [Forwarding screenshot on session 24124113c11476845736db825ff33627 to remote] DEBUG org.asynchttpclient.netty.request.NettyRequestSender - Using pooled Channel '[id: 0x7237215a, L:/127.0.0.1:57915 - R:localhost/127.0.0.1:34799]' for 'GET' to 'http://localhost:34799/session/24124113c11476845736db825ff33627/screenshot'
15:26:57.624 [Forwarding screenshot on session 24124113c11476845736db825ff33627 to remote] DEBUG org.asynchttpclient.netty.request.NettyRequestSender - Using open Channel [id: 0x7237215a, L:/127.0.0.1:57915 - R:localhost/127.0.0.1:34799] for GET '/session/24124113c11476845736db825ff33627/screenshot'
15:26:58.047 [AsyncHttpClient-1-1] DEBUG org.asynchttpclient.netty.channel.DefaultChannelPool - Entry count for : http://localhost:57916 : 1
15:26:59.146 [AsyncHttpClient-1-1] DEBUG org.asynchttpclient.netty.channel.DefaultChannelPool - Entry count for : http://localhost:57916 : 1
15:27:00.113 [AsyncHttpClient-1-7] DEBUG org.asynchttpclient.netty.handler.HttpHandler - 

Request DefaultFullHttpRequest(decodeResult: success, version: HTTP/1.1, content: EmptyByteBufBE)
GET /session/24124113c11476845736db825ff33627/screenshot HTTP/1.1
User-Agent: selenium/4.7.1 (java windows)
Cache-Control: no-cache
Content-Type: application/json; charset=utf-8
host: localhost:34799
accept: */*

Response DefaultHttpResponse(decodeResult: success, version: HTTP/1.1)
HTTP/1.1 200 OK
Content-Type: application/json; charset=utf-8
cache-control: no-cache
content-length: 32112

15:27:00.113 [AsyncHttpClient-1-7] DEBUG org.asynchttpclient.netty.channel.ChannelManager - Adding key: http://localhost:34799 for channel [id: 0x7237215a, L:/127.0.0.1:57915 - R:localhost/127.0.0.1:34799]
15:27:00.115 [main] DEBUG net.serenitybdd.core.photography.Darkroom - Send negative for processing for target\site\serenity\fd42544e0accf442952f6f5918ab6a230a16fa72db26d693ff8de606c82bba21.png
15:27:00.115 [main] DEBUG net.thucydides.core.steps.StepInterceptor - STEP DONE: diHomepageAltaShop
  &amp#27;[32mGiven &amp#27;[0m&amp#27;[32muser berada di Homepage AltaShop&amp#27;[0m                           &amp#27;[90m# starter.stepdefinitions.LoginSteps.userBeradaDiHomepageAlta()&amp#27;[0m
15:27:00.115 [Darkroom Processing Line] DEBUG net.serenitybdd.core.photography.DarkroomProcessingLine - Processing screenshot image in /var/screenshots/screenshot-12298778541218573317
15:27:00.115 [Darkroom Processing Line] DEBUG net.serenitybdd.core.photography.DarkroomProcessingLine - Saving screenshot to target\site\serenity\fd42544e0accf442952f6f5918ab6a230a16fa72db26d693ff8de606c82bba21.png
15:27:00.125 [main] DEBUG net.thucydides.core.steps.StepInterceptor - STARTING STEP: LoginSteps.userKlikButtonLogin - klikButtonLogin
15:27:00.127 [Forwarding findElement on session 24124113c11476845736db825ff33627 to remote] DEBUG org.asynchttpclient.netty.request.NettyRequestSender - Using pooled Channel '[id: 0x7237215a, L:/127.0.0.1:57915 - R:localhost/127.0.0.1:34799]' for 'POST' to 'http://localhost:34799/session/24124113c11476845736db825ff33627/element'
15:27:00.128 [Forwarding findElement on session 24124113c11476845736db825ff33627 to remote] DEBUG org.asynchttpclient.netty.request.NettyRequestSender - Using open Channel [id: 0x7237215a, L:/127.0.0.1:57915 - R:localhost/127.0.0.1:34799] for POST '/session/24124113c11476845736db825ff33627/element'
15:27:00.152 [AsyncHttpClient-1-7] DEBUG org.asynchttpclient.netty.handler.HttpHandler - 

Request DefaultHttpRequest(decodeResult: success, version: HTTP/1.1)
POST /session/24124113c11476845736db825ff33627/element HTTP/1.1
User-Agent: selenium/4.7.1 (java windows)
Content-Length: 108
Content-Type: application/json; charset=utf-8
host: localhost:34799
accept: */*

Response DefaultHttpResponse(decodeResult: success, version: HTTP/1.1)
HTTP/1.1 200 OK
Content-Type: application/json; charset=utf-8
cache-control: no-cache
content-length: 94

15:27:00.152 [AsyncHttpClient-1-7] DEBUG org.asynchttpclient.netty.channel.ChannelManager - Adding key: http://localhost:34799 for channel [id: 0x7237215a, L:/127.0.0.1:57915 - R:localhost/127.0.0.1:34799]
15:27:00.152 [Forwarding getElementTagName on session 24124113c11476845736db825ff33627 to remote] DEBUG org.asynchttpclient.netty.request.NettyRequestSender - Using pooled Channel '[id: 0x7237215a, L:/127.0.0.1:57915 - R:localhost/127.0.0.1:34799]' for 'GET' to 'http://localhost:34799/session/24124113c11476845736db825ff33627/element/8D5DC403606A4E888DCCB167D78726BC_element_5/name'
15:27:00.152 [Forwarding getElementTagName on session 24124113c11476845736db825ff33627 to remote] DEBUG org.asynchttpclient.netty.request.NettyRequestSender - Using open Channel [id: 0x7237215a, L:/127.0.0.1:57915 - R:localhost/127.0.0.1:34799] for GET '/session/24124113c11476845736db825ff33627/element/8D5DC403606A4E888DCCB167D78726BC_element_5/name'
15:27:00.152 [AsyncHttpClient-1-7] DEBUG org.asynchttpclient.netty.handler.HttpHandler - 

Request DefaultFullHttpRequest(decodeResult: success, version: HTTP/1.1, content: EmptyByteBufBE)
GET /session/24124113c11476845736db825ff33627/element/8D5DC403606A4E888DCCB167D78726BC_element_5/name HTTP/1.1
User-Agent: selenium/4.7.1 (java windows)
Cache-Control: no-cache
Content-Type: application/json; charset=utf-8
host: localhost:34799
accept: */*

Response DefaultHttpResponse(decodeResult: success, version: HTTP/1.1)
HTTP/1.1 200 OK
Content-Type: application/json; charset=utf-8
cache-control: no-cache
content-length: 18

15:27:00.152 [AsyncHttpClient-1-7] DEBUG org.asynchttpclient.netty.channel.ChannelManager - Adding key: http://localhost:34799 for channel [id: 0x7237215a, L:/127.0.0.1:57915 - R:localhost/127.0.0.1:34799]
15:27:00.152 [Forwarding getElementTagName on session 24124113c11476845736db825ff33627 to remote] DEBUG org.asynchttpclient.netty.request.NettyRequestSender - Using pooled Channel '[id: 0x7237215a, L:/127.0.0.1:57915 - R:localhost/127.0.0.1:34799]' for 'GET' to 'http://localhost:34799/session/24124113c11476845736db825ff33627/element/8D5DC403606A4E888DCCB167D78726BC_element_5/name'
15:27:00.152 [Forwarding getElementTagName on session 24124113c11476845736db825ff33627 to remote] DEBUG org.asynchttpclient.netty.request.NettyRequestSender - Using open Channel [id: 0x7237215a, L:/127.0.0.1:57915 - R:localhost/127.0.0.1:34799] for GET '/session/24124113c11476845736db825ff33627/element/8D5DC403606A4E888DCCB167D78726BC_element_5/name'
15:27:00.168 [AsyncHttpClient-1-7] DEBUG org.asynchttpclient.netty.handler.HttpHandler - 

Request DefaultFullHttpRequest(decodeResult: success, version: HTTP/1.1, content: EmptyByteBufBE)
GET /session/24124113c11476845736db825ff33627/element/8D5DC403606A4E888DCCB167D78726BC_element_5/name HTTP/1.1
User-Agent: selenium/4.7.1 (java windows)
Cache-Control: no-cache
Content-Type: application/json; charset=utf-8
host: localhost:34799
accept: */*

Response DefaultHttpResponse(decodeResult: success, version: HTTP/1.1)
HTTP/1.1 200 OK
Content-Type: application/json; charset=utf-8
cache-control: no-cache
content-length: 18

15:27:00.168 [AsyncHttpClient-1-7] DEBUG org.asynchttpclient.netty.channel.ChannelManager - Adding key: http://localhost:34799 for channel [id: 0x7237215a, L:/127.0.0.1:57915 - R:localhost/127.0.0.1:34799]
15:27:00.168 [Forwarding isElementEnabled on session 24124113c11476845736db825ff33627 to remote] DEBUG org.asynchttpclient.netty.request.NettyRequestSender - Using pooled Channel '[id: 0x7237215a, L:/127.0.0.1:57915 - R:localhost/127.0.0.1:34799]' for 'GET' to 'http://localhost:34799/session/24124113c11476845736db825ff33627/element/8D5DC403606A4E888DCCB167D78726BC_element_5/enabled'
15:27:00.168 [Forwarding isElementEnabled on session 24124113c11476845736db825ff33627 to remote] DEBUG org.asynchttpclient.netty.request.NettyRequestSender - Using open Channel [id: 0x7237215a, L:/127.0.0.1:57915 - R:localhost/127.0.0.1:34799] for GET '/session/24124113c11476845736db825ff33627/element/8D5DC403606A4E888DCCB167D78726BC_element_5/enabled'
15:27:00.168 [AsyncHttpClient-1-7] DEBUG org.asynchttpclient.netty.handler.HttpHandler - 

Request DefaultFullHttpRequest(decodeResult: success, version: HTTP/1.1, content: EmptyByteBufBE)
GET /session/24124113c11476845736db825ff33627/element/8D5DC403606A4E888DCCB167D78726BC_element_5/enabled HTTP/1.1
User-Agent: selenium/4.7.1 (java windows)
Cache-Control: no-cache
Content-Type: application/json; charset=utf-8
host: localhost:34799
accept: */*

Response DefaultHttpResponse(decodeResult: success, version: HTTP/1.1)
HTTP/1.1 200 OK
Content-Type: application/json; charset=utf-8
cache-control: no-cache
content-length: 14

15:27:00.184 [AsyncHttpClient-1-7] DEBUG org.asynchttpclient.netty.channel.ChannelManager - Adding key: http://localhost:34799 for channel [id: 0x7237215a, L:/127.0.0.1:57915 - R:localhost/127.0.0.1:34799]
15:27:00.184 [Forwarding isElementEnabled on session 24124113c11476845736db825ff33627 to remote] DEBUG org.asynchttpclient.netty.request.NettyRequestSender - Using pooled Channel '[id: 0x7237215a, L:/127.0.0.1:57915 - R:localhost/127.0.0.1:34799]' for 'GET' to 'http://localhost:34799/session/24124113c11476845736db825ff33627/element/8D5DC403606A4E888DCCB167D78726BC_element_5/enabled'
15:27:00.184 [Forwarding isElementEnabled on session 24124113c11476845736db825ff33627 to remote] DEBUG org.asynchttpclient.netty.request.NettyRequestSender - Using open Channel [id: 0x7237215a, L:/127.0.0.1:57915 - R:localhost/127.0.0.1:34799] for GET '/session/24124113c11476845736db825ff33627/element/8D5DC403606A4E888DCCB167D78726BC_element_5/enabled'
15:27:00.184 [AsyncHttpClient-1-7] DEBUG org.asynchttpclient.netty.handler.HttpHandler - 

Request DefaultFullHttpRequest(decodeResult: success, version: HTTP/1.1, content: EmptyByteBufBE)
GET /session/24124113c11476845736db825ff33627/element/8D5DC403606A4E888DCCB167D78726BC_element_5/enabled HTTP/1.1
User-Agent: selenium/4.7.1 (java windows)
Cache-Control: no-cache
Content-Type: application/json; charset=utf-8
host: localhost:34799
accept: */*

Response DefaultHttpResponse(decodeResult: success, version: HTTP/1.1)
HTTP/1.1 200 OK
Content-Type: application/json; charset=utf-8
cache-control: no-cache
content-length: 14

15:27:00.184 [AsyncHttpClient-1-7] DEBUG org.asynchttpclient.netty.channel.ChannelManager - Adding key: http://localhost:34799 for channel [id: 0x7237215a, L:/127.0.0.1:57915 - R:localhost/127.0.0.1:34799]
15:27:00.184 [Forwarding findElement on session 24124113c11476845736db825ff33627 to remote] DEBUG org.asynchttpclient.netty.request.NettyRequestSender - Using pooled Channel '[id: 0x7237215a, L:/127.0.0.1:57915 - R:localhost/127.0.0.1:34799]' for 'POST' to 'http://localhost:34799/session/24124113c11476845736db825ff33627/element'
15:27:00.184 [Forwarding findElement on session 24124113c11476845736db825ff33627 to remote] DEBUG org.asynchttpclient.netty.request.NettyRequestSender - Using open Channel [id: 0x7237215a, L:/127.0.0.1:57915 - R:localhost/127.0.0.1:34799] for POST '/session/24124113c11476845736db825ff33627/element'
15:27:00.215 [AsyncHttpClient-1-7] DEBUG org.asynchttpclient.netty.handler.HttpHandler - 

Request DefaultHttpRequest(decodeResult: success, version: HTTP/1.1)
POST /session/24124113c11476845736db825ff33627/element HTTP/1.1
User-Agent: selenium/4.7.1 (java windows)
Content-Length: 108
Content-Type: application/json; charset=utf-8
host: localhost:34799
accept: */*

Response DefaultHttpResponse(decodeResult: success, version: HTTP/1.1)
HTTP/1.1 200 OK
Content-Type: application/json; charset=utf-8
cache-control: no-cache
content-length: 94

15:27:00.215 [AsyncHttpClient-1-7] DEBUG org.asynchttpclient.netty.channel.ChannelManager - Adding key: http://localhost:34799 for channel [id: 0x7237215a, L:/127.0.0.1:57915 - R:localhost/127.0.0.1:34799]
15:27:00.215 [Forwarding clickElement on session 24124113c11476845736db825ff33627 to remote] DEBUG org.asynchttpclient.netty.request.NettyRequestSender - Using pooled Channel '[id: 0x7237215a, L:/127.0.0.1:57915 - R:localhost/127.0.0.1:34799]' for 'POST' to 'http://localhost:34799/session/24124113c11476845736db825ff33627/element/8D5DC403606A4E888DCCB167D78726BC_element_5/click'
15:27:00.215 [Forwarding clickElement on session 24124113c11476845736db825ff33627 to remote] DEBUG org.asynchttpclient.netty.request.NettyRequestSender - Using open Channel [id: 0x7237215a, L:/127.0.0.1:57915 - R:localhost/127.0.0.1:34799] for POST '/session/24124113c11476845736db825ff33627/element/8D5DC403606A4E888DCCB167D78726BC_element_5/click'
15:27:00.246 [AsyncHttpClient-1-1] DEBUG org.asynchttpclient.netty.channel.DefaultChannelPool - Entry count for : http://localhost:57916 : 1
15:27:00.317 [AsyncHttpClient-1-7] DEBUG org.asynchttpclient.netty.handler.HttpHandler - 

Request DefaultHttpRequest(decodeResult: success, version: HTTP/1.1)
POST /session/24124113c11476845736db825ff33627/element/8D5DC403606A4E888DCCB167D78726BC_element_5/click HTTP/1.1
User-Agent: selenium/4.7.1 (java windows)
Content-Length: 56
Content-Type: application/json; charset=utf-8
host: localhost:34799
accept: */*

Response DefaultHttpResponse(decodeResult: success, version: HTTP/1.1)
HTTP/1.1 200 OK
Content-Type: application/json; charset=utf-8
cache-control: no-cache
content-length: 14

15:27:00.317 [AsyncHttpClient-1-7] DEBUG org.asynchttpclient.netty.channel.ChannelManager - Adding key: http://localhost:34799 for channel [id: 0x7237215a, L:/127.0.0.1:57915 - R:localhost/127.0.0.1:34799]
15:27:00.330 [Forwarding getCurrentWindowHandle on session 24124113c11476845736db825ff33627 to remote] DEBUG org.asynchttpclient.netty.request.NettyRequestSender - Using pooled Channel '[id: 0x7237215a, L:/127.0.0.1:57915 - R:localhost/127.0.0.1:34799]' for 'GET' to 'http://localhost:34799/session/24124113c11476845736db825ff33627/window'
15:27:00.330 [Forwarding getCurrentWindowHandle on session 24124113c11476845736db825ff33627 to remote] DEBUG org.asynchttpclient.netty.request.NettyRequestSender - Using open Channel [id: 0x7237215a, L:/127.0.0.1:57915 - R:localhost/127.0.0.1:34799] for GET '/session/24124113c11476845736db825ff33627/window'
15:27:00.331 [AsyncHttpClient-1-7] DEBUG org.asynchttpclient.netty.handler.HttpHandler - 

Request DefaultFullHttpRequest(decodeResult: success, version: HTTP/1.1, content: EmptyByteBufBE)
GET /session/24124113c11476845736db825ff33627/window HTTP/1.1
User-Agent: selenium/4.7.1 (java windows)
Cache-Control: no-cache
Content-Type: application/json; charset=utf-8
host: localhost:34799
accept: */*

Response DefaultHttpResponse(decodeResult: success, version: HTTP/1.1)
HTTP/1.1 200 OK
Content-Type: application/json; charset=utf-8
cache-control: no-cache
content-length: 44

15:27:00.332 [AsyncHttpClient-1-7] DEBUG org.asynchttpclient.netty.channel.ChannelManager - Adding key: http://localhost:34799 for channel [id: 0x7237215a, L:/127.0.0.1:57915 - R:localhost/127.0.0.1:34799]
15:27:00.333 [Forwarding getAlertText on session 24124113c11476845736db825ff33627 to remote] DEBUG org.asynchttpclient.netty.request.NettyRequestSender - Using pooled Channel '[id: 0x7237215a, L:/127.0.0.1:57915 - R:localhost/127.0.0.1:34799]' for 'GET' to 'http://localhost:34799/session/24124113c11476845736db825ff33627/alert/text'
15:27:00.333 [Forwarding getAlertText on session 24124113c11476845736db825ff33627 to remote] DEBUG org.asynchttpclient.netty.request.NettyRequestSender - Using open Channel [id: 0x7237215a, L:/127.0.0.1:57915 - R:localhost/127.0.0.1:34799] for GET '/session/24124113c11476845736db825ff33627/alert/text'
15:27:00.741 [AsyncHttpClient-1-7] DEBUG org.asynchttpclient.netty.handler.HttpHandler - 

Request DefaultFullHttpRequest(decodeResult: success, version: HTTP/1.1, content: EmptyByteBufBE)
GET /session/24124113c11476845736db825ff33627/alert/text HTTP/1.1
User-Agent: selenium/4.7.1 (java windows)
Cache-Control: no-cache
Content-Type: application/json; charset=utf-8
host: localhost:34799
accept: */*

Response DefaultHttpResponse(decodeResult: success, version: HTTP/1.1)
HTTP/1.1 404 Not Found
Content-Type: application/json; charset=utf-8
cache-control: no-cache
content-length: 820

15:27:00.741 [AsyncHttpClient-1-7] DEBUG org.asynchttpclient.netty.channel.ChannelManager - Adding key: http://localhost:34799 for channel [id: 0x7237215a, L:/127.0.0.1:57915 - R:localhost/127.0.0.1:34799]
15:27:00.744 [Forwarding switchToWindow on session 24124113c11476845736db825ff33627 to remote] DEBUG org.asynchttpclient.netty.request.NettyRequestSender - Using pooled Channel '[id: 0x7237215a, L:/127.0.0.1:57915 - R:localhost/127.0.0.1:34799]' for 'POST' to 'http://localhost:34799/session/24124113c11476845736db825ff33627/window'
15:27:00.744 [Forwarding switchToWindow on session 24124113c11476845736db825ff33627 to remote] DEBUG org.asynchttpclient.netty.request.NettyRequestSender - Using open Channel [id: 0x7237215a, L:/127.0.0.1:57915 - R:localhost/127.0.0.1:34799] for POST '/session/24124113c11476845736db825ff33627/window'
15:27:00.746 [AsyncHttpClient-1-7] DEBUG org.asynchttpclient.netty.handler.HttpHandler - 

Request DefaultHttpRequest(decodeResult: success, version: HTTP/1.1)
POST /session/24124113c11476845736db825ff33627/window HTTP/1.1
User-Agent: selenium/4.7.1 (java windows)
Content-Length: 50
Content-Type: application/json; charset=utf-8
host: localhost:34799
accept: */*

Response DefaultHttpResponse(decodeResult: success, version: HTTP/1.1)
HTTP/1.1 200 OK
Content-Type: application/json; charset=utf-8
cache-control: no-cache
content-length: 14

15:27:00.746 [AsyncHttpClient-1-7] DEBUG org.asynchttpclient.netty.channel.ChannelManager - Adding key: http://localhost:34799 for channel [id: 0x7237215a, L:/127.0.0.1:57915 - R:localhost/127.0.0.1:34799]
15:27:00.747 [Forwarding getCurrentUrl on session 24124113c11476845736db825ff33627 to remote] DEBUG org.asynchttpclient.netty.request.NettyRequestSender - Using pooled Channel '[id: 0x7237215a, L:/127.0.0.1:57915 - R:localhost/127.0.0.1:34799]' for 'GET' to 'http://localhost:34799/session/24124113c11476845736db825ff33627/url'
15:27:00.747 [Forwarding getCurrentUrl on session 24124113c11476845736db825ff33627 to remote] DEBUG org.asynchttpclient.netty.request.NettyRequestSender - Using open Channel [id: 0x7237215a, L:/127.0.0.1:57915 - R:localhost/127.0.0.1:34799] for GET '/session/24124113c11476845736db825ff33627/url'
15:27:00.757 [AsyncHttpClient-1-7] DEBUG org.asynchttpclient.netty.handler.HttpHandler - 

Request DefaultFullHttpRequest(decodeResult: success, version: HTTP/1.1, content: EmptyByteBufBE)
GET /session/24124113c11476845736db825ff33627/url HTTP/1.1
User-Agent: selenium/4.7.1 (java windows)
Cache-Control: no-cache
Content-Type: application/json; charset=utf-8
host: localhost:34799
accept: */*

Response DefaultHttpResponse(decodeResult: success, version: HTTP/1.1)
HTTP/1.1 200 OK
Content-Type: application/json; charset=utf-8
cache-control: no-cache
content-length: 51

15:27:00.757 [AsyncHttpClient-1-7] DEBUG org.asynchttpclient.netty.channel.ChannelManager - Adding key: http://localhost:34799 for channel [id: 0x7237215a, L:/127.0.0.1:57915 - R:localhost/127.0.0.1:34799]
15:27:00.758 [Forwarding screenshot on session 24124113c11476845736db825ff33627 to remote] DEBUG org.asynchttpclient.netty.request.NettyRequestSender - Using pooled Channel '[id: 0x7237215a, L:/127.0.0.1:57915 - R:localhost/127.0.0.1:34799]' for 'GET' to 'http://localhost:34799/session/24124113c11476845736db825ff33627/screenshot'
15:27:00.758 [Forwarding screenshot on session 24124113c11476845736db825ff33627 to remote] DEBUG org.asynchttpclient.netty.request.NettyRequestSender - Using open Channel [id: 0x7237215a, L:/127.0.0.1:57915 - R:localhost/127.0.0.1:34799] for GET '/session/24124113c11476845736db825ff33627/screenshot'
15:27:00.845 [AsyncHttpClient-1-7] DEBUG org.asynchttpclient.netty.handler.HttpHandler - 

Request DefaultFullHttpRequest(decodeResult: success, version: HTTP/1.1, content: EmptyByteBufBE)
GET /session/24124113c11476845736db825ff33627/screenshot HTTP/1.1
User-Agent: selenium/4.7.1 (java windows)
Cache-Control: no-cache
Content-Type: application/json; charset=utf-8
host: localhost:34799
accept: */*

Response DefaultHttpResponse(decodeResult: success, version: HTTP/1.1)
HTTP/1.1 200 OK
Content-Type: application/json; charset=utf-8
cache-control: no-cache
content-length: 26084

15:27:00.845 [AsyncHttpClient-1-7] DEBUG org.asynchttpclient.netty.channel.ChannelManager - Adding key: http://localhost:34799 for channel [id: 0x7237215a, L:/127.0.0.1:57915 - R:localhost/127.0.0.1:34799]
15:27:00.846 [main] DEBUG net.serenitybdd.core.photography.Darkroom - Send negative for processing for target\site\serenity\ef7c1864f3949bce99d70d0fb0d64988f5f06cae6a21c53c4bb6627a1ad27889.png
15:27:00.846 [main] DEBUG net.thucydides.core.steps.StepInterceptor - STEP DONE: klikButtonLogin
  &amp#27;[32mWhen &amp#27;[0m&amp#27;[32muser klik button login&amp#27;[0m                                      &amp#27;[90m# starter.stepdefinitions.LoginSteps.userKlikButtonLogin()&amp#27;[0m
15:27:00.847 [Darkroom Processing Line] DEBUG net.serenitybdd.core.photography.DarkroomProcessingLine - Processing screenshot image in /var/screenshots/screenshot-3269556190865638
15:27:00.847 [Darkroom Processing Line] DEBUG net.serenitybdd.core.photography.DarkroomProcessingLine - Saving screenshot to target\site\serenity\ef7c1864f3949bce99d70d0fb0d64988f5f06cae6a21c53c4bb6627a1ad27889.png
15:27:00.862 [main] DEBUG net.thucydides.core.steps.StepInterceptor - STARTING STEP: RegisterSteps.userKlikRegister - klikLinkRegister
15:27:00.865 [Forwarding findElement on session 24124113c11476845736db825ff33627 to remote] DEBUG org.asynchttpclient.netty.request.NettyRequestSender - Using pooled Channel '[id: 0x7237215a, L:/127.0.0.1:57915 - R:localhost/127.0.0.1:34799]' for 'POST' to 'http://localhost:34799/session/24124113c11476845736db825ff33627/element'
15:27:00.865 [Forwarding findElement on session 24124113c11476845736db825ff33627 to remote] DEBUG org.asynchttpclient.netty.request.NettyRequestSender - Using open Channel [id: 0x7237215a, L:/127.0.0.1:57915 - R:localhost/127.0.0.1:34799] for POST '/session/24124113c11476845736db825ff33627/element'
15:27:00.882 [AsyncHttpClient-1-7] DEBUG org.asynchttpclient.netty.handler.HttpHandler - 

Request DefaultHttpRequest(decodeResult: success, version: HTTP/1.1)
POST /session/24124113c11476845736db825ff33627/element HTTP/1.1
User-Agent: selenium/4.7.1 (java windows)
Content-Length: 84
Content-Type: application/json; charset=utf-8
host: localhost:34799
accept: */*

Response DefaultHttpResponse(decodeResult: success, version: HTTP/1.1)
HTTP/1.1 200 OK
Content-Type: application/json; charset=utf-8
cache-control: no-cache
content-length: 94

15:27:00.882 [AsyncHttpClient-1-7] DEBUG org.asynchttpclient.netty.channel.ChannelManager - Adding key: http://localhost:34799 for channel [id: 0x7237215a, L:/127.0.0.1:57915 - R:localhost/127.0.0.1:34799]
15:27:00.883 [Forwarding getElementTagName on session 24124113c11476845736db825ff33627 to remote] DEBUG org.asynchttpclient.netty.request.NettyRequestSender - Using pooled Channel '[id: 0x7237215a, L:/127.0.0.1:57915 - R:localhost/127.0.0.1:34799]' for 'GET' to 'http://localhost:34799/session/24124113c11476845736db825ff33627/element/8D5DC403606A4E888DCCB167D78726BC_element_8/name'
15:27:00.883 [Forwarding getElementTagName on session 24124113c11476845736db825ff33627 to remote] DEBUG org.asynchttpclient.netty.request.NettyRequestSender - Using open Channel [id: 0x7237215a, L:/127.0.0.1:57915 - R:localhost/127.0.0.1:34799] for GET '/session/24124113c11476845736db825ff33627/element/8D5DC403606A4E888DCCB167D78726BC_element_8/name'
15:27:00.890 [AsyncHttpClient-1-7] DEBUG org.asynchttpclient.netty.handler.HttpHandler - 

Request DefaultFullHttpRequest(decodeResult: success, version: HTTP/1.1, content: EmptyByteBufBE)
GET /session/24124113c11476845736db825ff33627/element/8D5DC403606A4E888DCCB167D78726BC_element_8/name HTTP/1.1
User-Agent: selenium/4.7.1 (java windows)
Cache-Control: no-cache
Content-Type: application/json; charset=utf-8
host: localhost:34799
accept: */*

Response DefaultHttpResponse(decodeResult: success, version: HTTP/1.1)
HTTP/1.1 200 OK
Content-Type: application/json; charset=utf-8
cache-control: no-cache
content-length: 13

15:27:00.890 [AsyncHttpClient-1-7] DEBUG org.asynchttpclient.netty.channel.ChannelManager - Adding key: http://localhost:34799 for channel [id: 0x7237215a, L:/127.0.0.1:57915 - R:localhost/127.0.0.1:34799]
15:27:00.891 [Forwarding getElementTagName on session 24124113c11476845736db825ff33627 to remote] DEBUG org.asynchttpclient.netty.request.NettyRequestSender - Using pooled Channel '[id: 0x7237215a, L:/127.0.0.1:57915 - R:localhost/127.0.0.1:34799]' for 'GET' to 'http://localhost:34799/session/24124113c11476845736db825ff33627/element/8D5DC403606A4E888DCCB167D78726BC_element_8/name'
15:27:00.891 [Forwarding getElementTagName on session 24124113c11476845736db825ff33627 to remote] DEBUG org.asynchttpclient.netty.request.NettyRequestSender - Using open Channel [id: 0x7237215a, L:/127.0.0.1:57915 - R:localhost/127.0.0.1:34799] for GET '/session/24124113c11476845736db825ff33627/element/8D5DC403606A4E888DCCB167D78726BC_element_8/name'
15:27:00.897 [AsyncHttpClient-1-7] DEBUG org.asynchttpclient.netty.handler.HttpHandler - 

Request DefaultFullHttpRequest(decodeResult: success, version: HTTP/1.1, content: EmptyByteBufBE)
GET /session/24124113c11476845736db825ff33627/element/8D5DC403606A4E888DCCB167D78726BC_element_8/name HTTP/1.1
User-Agent: selenium/4.7.1 (java windows)
Cache-Control: no-cache
Content-Type: application/json; charset=utf-8
host: localhost:34799
accept: */*

Response DefaultHttpResponse(decodeResult: success, version: HTTP/1.1)
HTTP/1.1 200 OK
Content-Type: application/json; charset=utf-8
cache-control: no-cache
content-length: 13

15:27:00.897 [AsyncHttpClient-1-7] DEBUG org.asynchttpclient.netty.channel.ChannelManager - Adding key: http://localhost:34799 for channel [id: 0x7237215a, L:/127.0.0.1:57915 - R:localhost/127.0.0.1:34799]
15:27:00.898 [Forwarding findElement on session 24124113c11476845736db825ff33627 to remote] DEBUG org.asynchttpclient.netty.request.NettyRequestSender - Using pooled Channel '[id: 0x7237215a, L:/127.0.0.1:57915 - R:localhost/127.0.0.1:34799]' for 'POST' to 'http://localhost:34799/session/24124113c11476845736db825ff33627/element'
15:27:00.898 [Forwarding findElement on session 24124113c11476845736db825ff33627 to remote] DEBUG org.asynchttpclient.netty.request.NettyRequestSender - Using open Channel [id: 0x7237215a, L:/127.0.0.1:57915 - R:localhost/127.0.0.1:34799] for POST '/session/24124113c11476845736db825ff33627/element'
15:27:00.908 [AsyncHttpClient-1-7] DEBUG org.asynchttpclient.netty.handler.HttpHandler - 

Request DefaultHttpRequest(decodeResult: success, version: HTTP/1.1)
POST /session/24124113c11476845736db825ff33627/element HTTP/1.1
User-Agent: selenium/4.7.1 (java windows)
Content-Length: 84
Content-Type: application/json; charset=utf-8
host: localhost:34799
accept: */*

Response DefaultHttpResponse(decodeResult: success, version: HTTP/1.1)
HTTP/1.1 200 OK
Content-Type: application/json; charset=utf-8
cache-control: no-cache
content-length: 94

15:27:00.908 [AsyncHttpClient-1-7] DEBUG org.asynchttpclient.netty.channel.ChannelManager - Adding key: http://localhost:34799 for channel [id: 0x7237215a, L:/127.0.0.1:57915 - R:localhost/127.0.0.1:34799]
15:27:00.909 [Forwarding clickElement on session 24124113c11476845736db825ff33627 to remote] DEBUG org.asynchttpclient.netty.request.NettyRequestSender - Using pooled Channel '[id: 0x7237215a, L:/127.0.0.1:57915 - R:localhost/127.0.0.1:34799]' for 'POST' to 'http://localhost:34799/session/24124113c11476845736db825ff33627/element/8D5DC403606A4E888DCCB167D78726BC_element_8/click'
15:27:00.910 [Forwarding clickElement on session 24124113c11476845736db825ff33627 to remote] DEBUG org.asynchttpclient.netty.request.NettyRequestSender - Using open Channel [id: 0x7237215a, L:/127.0.0.1:57915 - R:localhost/127.0.0.1:34799] for POST '/session/24124113c11476845736db825ff33627/element/8D5DC403606A4E888DCCB167D78726BC_element_8/click'
15:27:00.955 [AsyncHttpClient-1-7] DEBUG org.asynchttpclient.netty.handler.HttpHandler - 

Request DefaultHttpRequest(decodeResult: success, version: HTTP/1.1)
POST /session/24124113c11476845736db825ff33627/element/8D5DC403606A4E888DCCB167D78726BC_element_8/click HTTP/1.1
User-Agent: selenium/4.7.1 (java windows)
Content-Length: 56
Content-Type: application/json; charset=utf-8
host: localhost:34799
accept: */*

Response DefaultHttpResponse(decodeResult: success, version: HTTP/1.1)
HTTP/1.1 200 OK
Content-Type: application/json; charset=utf-8
cache-control: no-cache
content-length: 14

15:27:00.956 [AsyncHttpClient-1-7] DEBUG org.asynchttpclient.netty.channel.ChannelManager - Adding key: http://localhost:34799 for channel [id: 0x7237215a, L:/127.0.0.1:57915 - R:localhost/127.0.0.1:34799]
15:27:00.963 [Forwarding getCurrentWindowHandle on session 24124113c11476845736db825ff33627 to remote] DEBUG org.asynchttpclient.netty.request.NettyRequestSender - Using pooled Channel '[id: 0x7237215a, L:/127.0.0.1:57915 - R:localhost/127.0.0.1:34799]' for 'GET' to 'http://localhost:34799/session/24124113c11476845736db825ff33627/window'
15:27:00.963 [Forwarding getCurrentWindowHandle on session 24124113c11476845736db825ff33627 to remote] DEBUG org.asynchttpclient.netty.request.NettyRequestSender - Using open Channel [id: 0x7237215a, L:/127.0.0.1:57915 - R:localhost/127.0.0.1:34799] for GET '/session/24124113c11476845736db825ff33627/window'
15:27:00.964 [AsyncHttpClient-1-7] DEBUG org.asynchttpclient.netty.handler.HttpHandler - 

Request DefaultFullHttpRequest(decodeResult: success, version: HTTP/1.1, content: EmptyByteBufBE)
GET /session/24124113c11476845736db825ff33627/window HTTP/1.1
User-Agent: selenium/4.7.1 (java windows)
Cache-Control: no-cache
Content-Type: application/json; charset=utf-8
host: localhost:34799
accept: */*

Response DefaultHttpResponse(decodeResult: success, version: HTTP/1.1)
HTTP/1.1 200 OK
Content-Type: application/json; charset=utf-8
cache-control: no-cache
content-length: 44

15:27:00.965 [AsyncHttpClient-1-7] DEBUG org.asynchttpclient.netty.channel.ChannelManager - Adding key: http://localhost:34799 for channel [id: 0x7237215a, L:/127.0.0.1:57915 - R:localhost/127.0.0.1:34799]
15:27:00.966 [Forwarding getAlertText on session 24124113c11476845736db825ff33627 to remote] DEBUG org.asynchttpclient.netty.request.NettyRequestSender - Using pooled Channel '[id: 0x7237215a, L:/127.0.0.1:57915 - R:localhost/127.0.0.1:34799]' for 'GET' to 'http://localhost:34799/session/24124113c11476845736db825ff33627/alert/text'
15:27:00.966 [Forwarding getAlertText on session 24124113c11476845736db825ff33627 to remote] DEBUG org.asynchttpclient.netty.request.NettyRequestSender - Using open Channel [id: 0x7237215a, L:/127.0.0.1:57915 - R:localhost/127.0.0.1:34799] for GET '/session/24124113c11476845736db825ff33627/alert/text'
15:27:00.972 [AsyncHttpClient-1-7] DEBUG org.asynchttpclient.netty.handler.HttpHandler - 

Request DefaultFullHttpRequest(decodeResult: success, version: HTTP/1.1, content: EmptyByteBufBE)
GET /session/24124113c11476845736db825ff33627/alert/text HTTP/1.1
User-Agent: selenium/4.7.1 (java windows)
Cache-Control: no-cache
Content-Type: application/json; charset=utf-8
host: localhost:34799
accept: */*

Response DefaultHttpResponse(decodeResult: success, version: HTTP/1.1)
HTTP/1.1 404 Not Found
Content-Type: application/json; charset=utf-8
cache-control: no-cache
content-length: 820

15:27:00.972 [AsyncHttpClient-1-7] DEBUG org.asynchttpclient.netty.channel.ChannelManager - Adding key: http://localhost:34799 for channel [id: 0x7237215a, L:/127.0.0.1:57915 - R:localhost/127.0.0.1:34799]
15:27:00.976 [Forwarding switchToWindow on session 24124113c11476845736db825ff33627 to remote] DEBUG org.asynchttpclient.netty.request.NettyRequestSender - Using pooled Channel '[id: 0x7237215a, L:/127.0.0.1:57915 - R:localhost/127.0.0.1:34799]' for 'POST' to 'http://localhost:34799/session/24124113c11476845736db825ff33627/window'
15:27:00.976 [Forwarding switchToWindow on session 24124113c11476845736db825ff33627 to remote] DEBUG org.asynchttpclient.netty.request.NettyRequestSender - Using open Channel [id: 0x7237215a, L:/127.0.0.1:57915 - R:localhost/127.0.0.1:34799] for POST '/session/24124113c11476845736db825ff33627/window'
15:27:00.979 [AsyncHttpClient-1-7] DEBUG org.asynchttpclient.netty.handler.HttpHandler - 

Request DefaultHttpRequest(decodeResult: success, version: HTTP/1.1)
POST /session/24124113c11476845736db825ff33627/window HTTP/1.1
User-Agent: selenium/4.7.1 (java windows)
Content-Length: 50
Content-Type: application/json; charset=utf-8
host: localhost:34799
accept: */*

Response DefaultHttpResponse(decodeResult: success, version: HTTP/1.1)
HTTP/1.1 200 OK
Content-Type: application/json; charset=utf-8
cache-control: no-cache
content-length: 14

15:27:00.979 [AsyncHttpClient-1-7] DEBUG org.asynchttpclient.netty.channel.ChannelManager - Adding key: http://localhost:34799 for channel [id: 0x7237215a, L:/127.0.0.1:57915 - R:localhost/127.0.0.1:34799]
15:27:00.980 [Forwarding getCurrentUrl on session 24124113c11476845736db825ff33627 to remote] DEBUG org.asynchttpclient.netty.request.NettyRequestSender - Using pooled Channel '[id: 0x7237215a, L:/127.0.0.1:57915 - R:localhost/127.0.0.1:34799]' for 'GET' to 'http://localhost:34799/session/24124113c11476845736db825ff33627/url'
15:27:00.980 [Forwarding getCurrentUrl on session 24124113c11476845736db825ff33627 to remote] DEBUG org.asynchttpclient.netty.request.NettyRequestSender - Using open Channel [id: 0x7237215a, L:/127.0.0.1:57915 - R:localhost/127.0.0.1:34799] for GET '/session/24124113c11476845736db825ff33627/url'
15:27:00.994 [AsyncHttpClient-1-7] DEBUG org.asynchttpclient.netty.handler.HttpHandler - 

Request DefaultFullHttpRequest(decodeResult: success, version: HTTP/1.1, content: EmptyByteBufBE)
GET /session/24124113c11476845736db825ff33627/url HTTP/1.1
User-Agent: selenium/4.7.1 (java windows)
Cache-Control: no-cache
Content-Type: application/json; charset=utf-8
host: localhost:34799
accept: */*

Response DefaultHttpResponse(decodeResult: success, version: HTTP/1.1)
HTTP/1.1 200 OK
Content-Type: application/json; charset=utf-8
cache-control: no-cache
content-length: 54

15:27:00.994 [AsyncHttpClient-1-7] DEBUG org.asynchttpclient.netty.channel.ChannelManager - Adding key: http://localhost:34799 for channel [id: 0x7237215a, L:/127.0.0.1:57915 - R:localhost/127.0.0.1:34799]
15:27:00.995 [Forwarding screenshot on session 24124113c11476845736db825ff33627 to remote] DEBUG org.asynchttpclient.netty.request.NettyRequestSender - Using pooled Channel '[id: 0x7237215a, L:/127.0.0.1:57915 - R:localhost/127.0.0.1:34799]' for 'GET' to 'http://localhost:34799/session/24124113c11476845736db825ff33627/screenshot'
15:27:00.995 [Forwarding screenshot on session 24124113c11476845736db825ff33627 to remote] DEBUG org.asynchttpclient.netty.request.NettyRequestSender - Using open Channel [id: 0x7237215a, L:/127.0.0.1:57915 - R:localhost/127.0.0.1:34799] for GET '/session/24124113c11476845736db825ff33627/screenshot'
15:27:01.092 [AsyncHttpClient-1-7] DEBUG org.asynchttpclient.netty.handler.HttpHandler - 

Request DefaultFullHttpRequest(decodeResult: success, version: HTTP/1.1, content: EmptyByteBufBE)
GET /session/24124113c11476845736db825ff33627/screenshot HTTP/1.1
User-Agent: selenium/4.7.1 (java windows)
Cache-Control: no-cache
Content-Type: application/json; charset=utf-8
host: localhost:34799
accept: */*

Response DefaultHttpResponse(decodeResult: success, version: HTTP/1.1)
HTTP/1.1 200 OK
Content-Type: application/json; charset=utf-8
cache-control: no-cache
content-length: 29652

15:27:01.092 [AsyncHttpClient-1-7] DEBUG org.asynchttpclient.netty.channel.ChannelManager - Adding key: http://localhost:34799 for channel [id: 0x7237215a, L:/127.0.0.1:57915 - R:localhost/127.0.0.1:34799]
15:27:01.094 [main] DEBUG net.serenitybdd.core.photography.Darkroom - Send negative for processing for target\site\serenity\63915ef2620fd8dced716f61358abb02961ff75c2f06e3905b100c85dddfd28c.png
15:27:01.094 [main] DEBUG net.thucydides.core.steps.StepInterceptor - STEP DONE: klikLinkRegister
  &amp#27;[32mThen &amp#27;[0m&amp#27;[32muser klik register&amp#27;[0m                                          &amp#27;[90m# starter.stepdefinitions.RegisterSteps.userKlikRegister()&amp#27;[0m
15:27:01.094 [Darkroom Processing Line] DEBUG net.serenitybdd.core.photography.DarkroomProcessingLine - Processing screenshot image in /var/screenshots/screenshot-17559382810441252356
15:27:01.094 [Darkroom Processing Line] DEBUG net.serenitybdd.core.photography.DarkroomProcessingLine - Saving screenshot to target\site\serenity\63915ef2620fd8dced716f61358abb02961ff75c2f06e3905b100c85dddfd28c.png
15:27:01.106 [main] DEBUG net.thucydides.core.steps.StepInterceptor - STARTING STEP: RegisterSteps.userTidakInputNamaLengkap - inputNamaLengkap
15:27:01.108 [Forwarding findElement on session 24124113c11476845736db825ff33627 to remote] DEBUG org.asynchttpclient.netty.request.NettyRequestSender - Using pooled Channel '[id: 0x7237215a, L:/127.0.0.1:57915 - R:localhost/127.0.0.1:34799]' for 'POST' to 'http://localhost:34799/session/24124113c11476845736db825ff33627/element'
15:27:01.108 [Forwarding findElement on session 24124113c11476845736db825ff33627 to remote] DEBUG org.asynchttpclient.netty.request.NettyRequestSender - Using open Channel [id: 0x7237215a, L:/127.0.0.1:57915 - R:localhost/127.0.0.1:34799] for POST '/session/24124113c11476845736db825ff33627/element'
15:27:01.124 [AsyncHttpClient-1-7] DEBUG org.asynchttpclient.netty.handler.HttpHandler - 

Request DefaultHttpRequest(decodeResult: success, version: HTTP/1.1)
POST /session/24124113c11476845736db825ff33627/element HTTP/1.1
User-Agent: selenium/4.7.1 (java windows)
Content-Length: 187
Content-Type: application/json; charset=utf-8
host: localhost:34799
accept: */*

Response DefaultHttpResponse(decodeResult: success, version: HTTP/1.1)
HTTP/1.1 200 OK
Content-Type: application/json; charset=utf-8
cache-control: no-cache
content-length: 95

15:27:01.125 [AsyncHttpClient-1-7] DEBUG org.asynchttpclient.netty.channel.ChannelManager - Adding key: http://localhost:34799 for channel [id: 0x7237215a, L:/127.0.0.1:57915 - R:localhost/127.0.0.1:34799]
15:27:01.126 [Forwarding clearElement on session 24124113c11476845736db825ff33627 to remote] DEBUG org.asynchttpclient.netty.request.NettyRequestSender - Using pooled Channel '[id: 0x7237215a, L:/127.0.0.1:57915 - R:localhost/127.0.0.1:34799]' for 'POST' to 'http://localhost:34799/session/24124113c11476845736db825ff33627/element/8D5DC403606A4E888DCCB167D78726BC_element_11/clear'
15:27:01.126 [Forwarding clearElement on session 24124113c11476845736db825ff33627 to remote] DEBUG org.asynchttpclient.netty.request.NettyRequestSender - Using open Channel [id: 0x7237215a, L:/127.0.0.1:57915 - R:localhost/127.0.0.1:34799] for POST '/session/24124113c11476845736db825ff33627/element/8D5DC403606A4E888DCCB167D78726BC_element_11/clear'
15:27:01.165 [AsyncHttpClient-1-7] DEBUG org.asynchttpclient.netty.handler.HttpHandler - 

Request DefaultHttpRequest(decodeResult: success, version: HTTP/1.1)
POST /session/24124113c11476845736db825ff33627/element/8D5DC403606A4E888DCCB167D78726BC_element_11/clear HTTP/1.1
User-Agent: selenium/4.7.1 (java windows)
Content-Length: 57
Content-Type: application/json; charset=utf-8
host: localhost:34799
accept: */*

Response DefaultHttpResponse(decodeResult: success, version: HTTP/1.1)
HTTP/1.1 200 OK
Content-Type: application/json; charset=utf-8
cache-control: no-cache
content-length: 14

15:27:01.165 [AsyncHttpClient-1-7] DEBUG org.asynchttpclient.netty.channel.ChannelManager - Adding key: http://localhost:34799 for channel [id: 0x7237215a, L:/127.0.0.1:57915 - R:localhost/127.0.0.1:34799]
15:27:01.167 [Forwarding sendKeysToElement on session 24124113c11476845736db825ff33627 to remote] DEBUG org.asynchttpclient.netty.request.NettyRequestSender - Using pooled Channel '[id: 0x7237215a, L:/127.0.0.1:57915 - R:localhost/127.0.0.1:34799]' for 'POST' to 'http://localhost:34799/session/24124113c11476845736db825ff33627/element/8D5DC403606A4E888DCCB167D78726BC_element_11/value'
15:27:01.167 [Forwarding sendKeysToElement on session 24124113c11476845736db825ff33627 to remote] DEBUG org.asynchttpclient.netty.request.NettyRequestSender - Using open Channel [id: 0x7237215a, L:/127.0.0.1:57915 - R:localhost/127.0.0.1:34799] for POST '/session/24124113c11476845736db825ff33627/element/8D5DC403606A4E888DCCB167D78726BC_element_11/value'
15:27:01.229 [AsyncHttpClient-1-7] DEBUG org.asynchttpclient.netty.handler.HttpHandler - 

Request DefaultHttpRequest(decodeResult: success, version: HTTP/1.1)
POST /session/24124113c11476845736db825ff33627/element/8D5DC403606A4E888DCCB167D78726BC_element_11/value HTTP/1.1
User-Agent: selenium/4.7.1 (java windows)
Content-Length: 89
Content-Type: application/json; charset=utf-8
host: localhost:34799
accept: */*

Response DefaultHttpResponse(decodeResult: success, version: HTTP/1.1)
HTTP/1.1 200 OK
Content-Type: application/json; charset=utf-8
cache-control: no-cache
content-length: 14

15:27:01.229 [AsyncHttpClient-1-7] DEBUG org.asynchttpclient.netty.channel.ChannelManager - Adding key: http://localhost:34799 for channel [id: 0x7237215a, L:/127.0.0.1:57915 - R:localhost/127.0.0.1:34799]
15:27:01.234 [Forwarding getCurrentWindowHandle on session 24124113c11476845736db825ff33627 to remote] DEBUG org.asynchttpclient.netty.request.NettyRequestSender - Using pooled Channel '[id: 0x7237215a, L:/127.0.0.1:57915 - R:localhost/127.0.0.1:34799]' for 'GET' to 'http://localhost:34799/session/24124113c11476845736db825ff33627/window'
15:27:01.234 [Forwarding getCurrentWindowHandle on session 24124113c11476845736db825ff33627 to remote] DEBUG org.asynchttpclient.netty.request.NettyRequestSender - Using open Channel [id: 0x7237215a, L:/127.0.0.1:57915 - R:localhost/127.0.0.1:34799] for GET '/session/24124113c11476845736db825ff33627/window'
15:27:01.235 [AsyncHttpClient-1-7] DEBUG org.asynchttpclient.netty.handler.HttpHandler - 

Request DefaultFullHttpRequest(decodeResult: success, version: HTTP/1.1, content: EmptyByteBufBE)
GET /session/24124113c11476845736db825ff33627/window HTTP/1.1
User-Agent: selenium/4.7.1 (java windows)
Cache-Control: no-cache
Content-Type: application/json; charset=utf-8
host: localhost:34799
accept: */*

Response DefaultHttpResponse(decodeResult: success, version: HTTP/1.1)
HTTP/1.1 200 OK
Content-Type: application/json; charset=utf-8
cache-control: no-cache
content-length: 44

15:27:01.236 [AsyncHttpClient-1-7] DEBUG org.asynchttpclient.netty.channel.ChannelManager - Adding key: http://localhost:34799 for channel [id: 0x7237215a, L:/127.0.0.1:57915 - R:localhost/127.0.0.1:34799]
15:27:01.238 [Forwarding getAlertText on session 24124113c11476845736db825ff33627 to remote] DEBUG org.asynchttpclient.netty.request.NettyRequestSender - Using pooled Channel '[id: 0x7237215a, L:/127.0.0.1:57915 - R:localhost/127.0.0.1:34799]' for 'GET' to 'http://localhost:34799/session/24124113c11476845736db825ff33627/alert/text'
15:27:01.238 [Forwarding getAlertText on session 24124113c11476845736db825ff33627 to remote] DEBUG org.asynchttpclient.netty.request.NettyRequestSender - Using open Channel [id: 0x7237215a, L:/127.0.0.1:57915 - R:localhost/127.0.0.1:34799] for GET '/session/24124113c11476845736db825ff33627/alert/text'
15:27:01.240 [AsyncHttpClient-1-7] DEBUG org.asynchttpclient.netty.handler.HttpHandler - 

Request DefaultFullHttpRequest(decodeResult: success, version: HTTP/1.1, content: EmptyByteBufBE)
GET /session/24124113c11476845736db825ff33627/alert/text HTTP/1.1
User-Agent: selenium/4.7.1 (java windows)
Cache-Control: no-cache
Content-Type: application/json; charset=utf-8
host: localhost:34799
accept: */*

Response DefaultHttpResponse(decodeResult: success, version: HTTP/1.1)
HTTP/1.1 404 Not Found
Content-Type: application/json; charset=utf-8
cache-control: no-cache
content-length: 820

15:27:01.240 [AsyncHttpClient-1-7] DEBUG org.asynchttpclient.netty.channel.ChannelManager - Adding key: http://localhost:34799 for channel [id: 0x7237215a, L:/127.0.0.1:57915 - R:localhost/127.0.0.1:34799]
15:27:01.241 [Forwarding switchToWindow on session 24124113c11476845736db825ff33627 to remote] DEBUG org.asynchttpclient.netty.request.NettyRequestSender - Using pooled Channel '[id: 0x7237215a, L:/127.0.0.1:57915 - R:localhost/127.0.0.1:34799]' for 'POST' to 'http://localhost:34799/session/24124113c11476845736db825ff33627/window'
15:27:01.242 [Forwarding switchToWindow on session 24124113c11476845736db825ff33627 to remote] DEBUG org.asynchttpclient.netty.request.NettyRequestSender - Using open Channel [id: 0x7237215a, L:/127.0.0.1:57915 - R:localhost/127.0.0.1:34799] for POST '/session/24124113c11476845736db825ff33627/window'
15:27:01.243 [AsyncHttpClient-1-7] DEBUG org.asynchttpclient.netty.handler.HttpHandler - 

Request DefaultHttpRequest(decodeResult: success, version: HTTP/1.1)
POST /session/24124113c11476845736db825ff33627/window HTTP/1.1
User-Agent: selenium/4.7.1 (java windows)
Content-Length: 50
Content-Type: application/json; charset=utf-8
host: localhost:34799
accept: */*

Response DefaultHttpResponse(decodeResult: success, version: HTTP/1.1)
HTTP/1.1 200 OK
Content-Type: application/json; charset=utf-8
cache-control: no-cache
content-length: 14

15:27:01.243 [AsyncHttpClient-1-7] DEBUG org.asynchttpclient.netty.channel.ChannelManager - Adding key: http://localhost:34799 for channel [id: 0x7237215a, L:/127.0.0.1:57915 - R:localhost/127.0.0.1:34799]
15:27:01.244 [Forwarding getCurrentUrl on session 24124113c11476845736db825ff33627 to remote] DEBUG org.asynchttpclient.netty.request.NettyRequestSender - Using pooled Channel '[id: 0x7237215a, L:/127.0.0.1:57915 - R:localhost/127.0.0.1:34799]' for 'GET' to 'http://localhost:34799/session/24124113c11476845736db825ff33627/url'
15:27:01.244 [Forwarding getCurrentUrl on session 24124113c11476845736db825ff33627 to remote] DEBUG org.asynchttpclient.netty.request.NettyRequestSender - Using open Channel [id: 0x7237215a, L:/127.0.0.1:57915 - R:localhost/127.0.0.1:34799] for GET '/session/24124113c11476845736db825ff33627/url'
15:27:01.249 [AsyncHttpClient-1-7] DEBUG org.asynchttpclient.netty.handler.HttpHandler - 

Request DefaultFullHttpRequest(decodeResult: success, version: HTTP/1.1, content: EmptyByteBufBE)
GET /session/24124113c11476845736db825ff33627/url HTTP/1.1
User-Agent: selenium/4.7.1 (java windows)
Cache-Control: no-cache
Content-Type: application/json; charset=utf-8
host: localhost:34799
accept: */*

Response DefaultHttpResponse(decodeResult: success, version: HTTP/1.1)
HTTP/1.1 200 OK
Content-Type: application/json; charset=utf-8
cache-control: no-cache
content-length: 54

15:27:01.249 [AsyncHttpClient-1-7] DEBUG org.asynchttpclient.netty.channel.ChannelManager - Adding key: http://localhost:34799 for channel [id: 0x7237215a, L:/127.0.0.1:57915 - R:localhost/127.0.0.1:34799]
15:27:01.250 [Forwarding screenshot on session 24124113c11476845736db825ff33627 to remote] DEBUG org.asynchttpclient.netty.request.NettyRequestSender - Using pooled Channel '[id: 0x7237215a, L:/127.0.0.1:57915 - R:localhost/127.0.0.1:34799]' for 'GET' to 'http://localhost:34799/session/24124113c11476845736db825ff33627/screenshot'
15:27:01.250 [Forwarding screenshot on session 24124113c11476845736db825ff33627 to remote] DEBUG org.asynchttpclient.netty.request.NettyRequestSender - Using open Channel [id: 0x7237215a, L:/127.0.0.1:57915 - R:localhost/127.0.0.1:34799] for GET '/session/24124113c11476845736db825ff33627/screenshot'
15:27:01.346 [AsyncHttpClient-1-7] DEBUG org.asynchttpclient.netty.handler.HttpHandler - 

Request DefaultFullHttpRequest(decodeResult: success, version: HTTP/1.1, content: EmptyByteBufBE)
GET /session/24124113c11476845736db825ff33627/screenshot HTTP/1.1
User-Agent: selenium/4.7.1 (java windows)
Cache-Control: no-cache
Content-Type: application/json; charset=utf-8
host: localhost:34799
accept: */*

Response DefaultHttpResponse(decodeResult: success, version: HTTP/1.1)
HTTP/1.1 200 OK
Content-Type: application/json; charset=utf-8
cache-control: no-cache
content-length: 29996

15:27:01.346 [AsyncHttpClient-1-7] DEBUG org.asynchttpclient.netty.channel.ChannelManager - Adding key: http://localhost:34799 for channel [id: 0x7237215a, L:/127.0.0.1:57915 - R:localhost/127.0.0.1:34799]
15:27:01.347 [AsyncHttpClient-1-1] DEBUG org.asynchttpclient.netty.channel.DefaultChannelPool - Entry count for : http://localhost:34799 : 1
15:27:01.347 [AsyncHttpClient-1-1] DEBUG org.asynchttpclient.netty.channel.DefaultChannelPool - Entry count for : http://localhost:57916 : 1
15:27:01.348 [main] DEBUG net.serenitybdd.core.photography.Darkroom - Send negative for processing for target\site\serenity\c6e5e9812cf072b96e4c40e2abd02bf629118fa19e260fda17f3161886a5b777.png
15:27:01.348 [main] DEBUG net.thucydides.core.steps.StepInterceptor - STEP DONE: inputNamaLengkap
  &amp#27;[32mAnd &amp#27;[0m&amp#27;[32muser tidak input nama lengkap&amp#27;[0m                                &amp#27;[90m# starter.stepdefinitions.RegisterSteps.userTidakInputNamaLengkap()&amp#27;[0m
15:27:01.348 [Darkroom Processing Line] DEBUG net.serenitybdd.core.photography.DarkroomProcessingLine - Processing screenshot image in /var/screenshots/screenshot-11350807016483868372
15:27:01.348 [Darkroom Processing Line] DEBUG net.serenitybdd.core.photography.DarkroomProcessingLine - Saving screenshot to target\site\serenity\c6e5e9812cf072b96e4c40e2abd02bf629118fa19e260fda17f3161886a5b777.png
15:27:01.361 [main] DEBUG net.thucydides.core.steps.StepInterceptor - STARTING STEP: RegisterSteps.userInputEmailUntukRegister - inputEmail
15:27:01.362 [Forwarding findElement on session 24124113c11476845736db825ff33627 to remote] DEBUG org.asynchttpclient.netty.request.NettyRequestSender - Using pooled Channel '[id: 0x7237215a, L:/127.0.0.1:57915 - R:localhost/127.0.0.1:34799]' for 'POST' to 'http://localhost:34799/session/24124113c11476845736db825ff33627/element'
15:27:01.362 [Forwarding findElement on session 24124113c11476845736db825ff33627 to remote] DEBUG org.asynchttpclient.netty.request.NettyRequestSender - Using open Channel [id: 0x7237215a, L:/127.0.0.1:57915 - R:localhost/127.0.0.1:34799] for POST '/session/24124113c11476845736db825ff33627/element'
15:27:01.377 [AsyncHttpClient-1-7] DEBUG org.asynchttpclient.netty.handler.HttpHandler - 

Request DefaultHttpRequest(decodeResult: success, version: HTTP/1.1)
POST /session/24124113c11476845736db825ff33627/element HTTP/1.1
User-Agent: selenium/4.7.1 (java windows)
Content-Length: 187
Content-Type: application/json; charset=utf-8
host: localhost:34799
accept: */*

Response DefaultHttpResponse(decodeResult: success, version: HTTP/1.1)
HTTP/1.1 200 OK
Content-Type: application/json; charset=utf-8
cache-control: no-cache
content-length: 95

15:27:01.377 [AsyncHttpClient-1-7] DEBUG org.asynchttpclient.netty.channel.ChannelManager - Adding key: http://localhost:34799 for channel [id: 0x7237215a, L:/127.0.0.1:57915 - R:localhost/127.0.0.1:34799]
15:27:01.379 [Forwarding clearElement on session 24124113c11476845736db825ff33627 to remote] DEBUG org.asynchttpclient.netty.request.NettyRequestSender - Using pooled Channel '[id: 0x7237215a, L:/127.0.0.1:57915 - R:localhost/127.0.0.1:34799]' for 'POST' to 'http://localhost:34799/session/24124113c11476845736db825ff33627/element/8D5DC403606A4E888DCCB167D78726BC_element_13/clear'
15:27:01.379 [Forwarding clearElement on session 24124113c11476845736db825ff33627 to remote] DEBUG org.asynchttpclient.netty.request.NettyRequestSender - Using open Channel [id: 0x7237215a, L:/127.0.0.1:57915 - R:localhost/127.0.0.1:34799] for POST '/session/24124113c11476845736db825ff33627/element/8D5DC403606A4E888DCCB167D78726BC_element_13/clear'
15:27:01.418 [AsyncHttpClient-1-7] DEBUG org.asynchttpclient.netty.handler.HttpHandler - 

Request DefaultHttpRequest(decodeResult: success, version: HTTP/1.1)
POST /session/24124113c11476845736db825ff33627/element/8D5DC403606A4E888DCCB167D78726BC_element_13/clear HTTP/1.1
User-Agent: selenium/4.7.1 (java windows)
Content-Length: 57
Content-Type: application/json; charset=utf-8
host: localhost:34799
accept: */*

Response DefaultHttpResponse(decodeResult: success, version: HTTP/1.1)
HTTP/1.1 200 OK
Content-Type: application/json; charset=utf-8
cache-control: no-cache
content-length: 14

15:27:01.418 [AsyncHttpClient-1-7] DEBUG org.asynchttpclient.netty.channel.ChannelManager - Adding key: http://localhost:34799 for channel [id: 0x7237215a, L:/127.0.0.1:57915 - R:localhost/127.0.0.1:34799]
15:27:01.421 [Forwarding sendKeysToElement on session 24124113c11476845736db825ff33627 to remote] DEBUG org.asynchttpclient.netty.request.NettyRequestSender - Using pooled Channel '[id: 0x7237215a, L:/127.0.0.1:57915 - R:localhost/127.0.0.1:34799]' for 'POST' to 'http://localhost:34799/session/24124113c11476845736db825ff33627/element/8D5DC403606A4E888DCCB167D78726BC_element_13/value'
15:27:01.421 [Forwarding sendKeysToElement on session 24124113c11476845736db825ff33627 to remote] DEBUG org.asynchttpclient.netty.request.NettyRequestSender - Using open Channel [id: 0x7237215a, L:/127.0.0.1:57915 - R:localhost/127.0.0.1:34799] for POST '/session/24124113c11476845736db825ff33627/element/8D5DC403606A4E888DCCB167D78726BC_element_13/value'
15:27:01.550 [AsyncHttpClient-1-7] DEBUG org.asynchttpclient.netty.handler.HttpHandler - 

Request DefaultHttpRequest(decodeResult: success, version: HTTP/1.1)
POST /session/24124113c11476845736db825ff33627/element/8D5DC403606A4E888DCCB167D78726BC_element_13/value HTTP/1.1
User-Agent: selenium/4.7.1 (java windows)
Content-Length: 218
Content-Type: application/json; charset=utf-8
host: localhost:34799
accept: */*

Response DefaultHttpResponse(decodeResult: success, version: HTTP/1.1)
HTTP/1.1 200 OK
Content-Type: application/json; charset=utf-8
cache-control: no-cache
content-length: 14

15:27:01.551 [AsyncHttpClient-1-7] DEBUG org.asynchttpclient.netty.channel.ChannelManager - Adding key: http://localhost:34799 for channel [id: 0x7237215a, L:/127.0.0.1:57915 - R:localhost/127.0.0.1:34799]
15:27:01.559 [Forwarding getCurrentWindowHandle on session 24124113c11476845736db825ff33627 to remote] DEBUG org.asynchttpclient.netty.request.NettyRequestSender - Using pooled Channel '[id: 0x7237215a, L:/127.0.0.1:57915 - R:localhost/127.0.0.1:34799]' for 'GET' to 'http://localhost:34799/session/24124113c11476845736db825ff33627/window'
15:27:01.559 [Forwarding getCurrentWindowHandle on session 24124113c11476845736db825ff33627 to remote] DEBUG org.asynchttpclient.netty.request.NettyRequestSender - Using open Channel [id: 0x7237215a, L:/127.0.0.1:57915 - R:localhost/127.0.0.1:34799] for GET '/session/24124113c11476845736db825ff33627/window'
15:27:01.560 [AsyncHttpClient-1-7] DEBUG org.asynchttpclient.netty.handler.HttpHandler - 

Request DefaultFullHttpRequest(decodeResult: success, version: HTTP/1.1, content: EmptyByteBufBE)
GET /session/24124113c11476845736db825ff33627/window HTTP/1.1
User-Agent: selenium/4.7.1 (java windows)
Cache-Control: no-cache
Content-Type: application/json; charset=utf-8
host: localhost:34799
accept: */*

Response DefaultHttpResponse(decodeResult: success, version: HTTP/1.1)
HTTP/1.1 200 OK
Content-Type: application/json; charset=utf-8
cache-control: no-cache
content-length: 44

15:27:01.560 [AsyncHttpClient-1-7] DEBUG org.asynchttpclient.netty.channel.ChannelManager - Adding key: http://localhost:34799 for channel [id: 0x7237215a, L:/127.0.0.1:57915 - R:localhost/127.0.0.1:34799]
15:27:01.561 [Forwarding getAlertText on session 24124113c11476845736db825ff33627 to remote] DEBUG org.asynchttpclient.netty.request.NettyRequestSender - Using pooled Channel '[id: 0x7237215a, L:/127.0.0.1:57915 - R:localhost/127.0.0.1:34799]' for 'GET' to 'http://localhost:34799/session/24124113c11476845736db825ff33627/alert/text'
15:27:01.561 [Forwarding getAlertText on session 24124113c11476845736db825ff33627 to remote] DEBUG org.asynchttpclient.netty.request.NettyRequestSender - Using open Channel [id: 0x7237215a, L:/127.0.0.1:57915 - R:localhost/127.0.0.1:34799] for GET '/session/24124113c11476845736db825ff33627/alert/text'
15:27:01.563 [AsyncHttpClient-1-7] DEBUG org.asynchttpclient.netty.handler.HttpHandler - 

Request DefaultFullHttpRequest(decodeResult: success, version: HTTP/1.1, content: EmptyByteBufBE)
GET /session/24124113c11476845736db825ff33627/alert/text HTTP/1.1
User-Agent: selenium/4.7.1 (java windows)
Cache-Control: no-cache
Content-Type: application/json; charset=utf-8
host: localhost:34799
accept: */*

Response DefaultHttpResponse(decodeResult: success, version: HTTP/1.1)
HTTP/1.1 404 Not Found
Content-Type: application/json; charset=utf-8
cache-control: no-cache
content-length: 820

15:27:01.563 [AsyncHttpClient-1-7] DEBUG org.asynchttpclient.netty.channel.ChannelManager - Adding key: http://localhost:34799 for channel [id: 0x7237215a, L:/127.0.0.1:57915 - R:localhost/127.0.0.1:34799]
15:27:01.565 [Forwarding switchToWindow on session 24124113c11476845736db825ff33627 to remote] DEBUG org.asynchttpclient.netty.request.NettyRequestSender - Using pooled Channel '[id: 0x7237215a, L:/127.0.0.1:57915 - R:localhost/127.0.0.1:34799]' for 'POST' to 'http://localhost:34799/session/24124113c11476845736db825ff33627/window'
15:27:01.565 [Forwarding switchToWindow on session 24124113c11476845736db825ff33627 to remote] DEBUG org.asynchttpclient.netty.request.NettyRequestSender - Using open Channel [id: 0x7237215a, L:/127.0.0.1:57915 - R:localhost/127.0.0.1:34799] for POST '/session/24124113c11476845736db825ff33627/window'
15:27:01.566 [AsyncHttpClient-1-7] DEBUG org.asynchttpclient.netty.handler.HttpHandler - 

Request DefaultHttpRequest(decodeResult: success, version: HTTP/1.1)
POST /session/24124113c11476845736db825ff33627/window HTTP/1.1
User-Agent: selenium/4.7.1 (java windows)
Content-Length: 50
Content-Type: application/json; charset=utf-8
host: localhost:34799
accept: */*

Response DefaultHttpResponse(decodeResult: success, version: HTTP/1.1)
HTTP/1.1 200 OK
Content-Type: application/json; charset=utf-8
cache-control: no-cache
content-length: 14

15:27:01.566 [AsyncHttpClient-1-7] DEBUG org.asynchttpclient.netty.channel.ChannelManager - Adding key: http://localhost:34799 for channel [id: 0x7237215a, L:/127.0.0.1:57915 - R:localhost/127.0.0.1:34799]
15:27:01.567 [Forwarding getCurrentUrl on session 24124113c11476845736db825ff33627 to remote] DEBUG org.asynchttpclient.netty.request.NettyRequestSender - Using pooled Channel '[id: 0x7237215a, L:/127.0.0.1:57915 - R:localhost/127.0.0.1:34799]' for 'GET' to 'http://localhost:34799/session/24124113c11476845736db825ff33627/url'
15:27:01.567 [Forwarding getCurrentUrl on session 24124113c11476845736db825ff33627 to remote] DEBUG org.asynchttpclient.netty.request.NettyRequestSender - Using open Channel [id: 0x7237215a, L:/127.0.0.1:57915 - R:localhost/127.0.0.1:34799] for GET '/session/24124113c11476845736db825ff33627/url'
15:27:01.574 [AsyncHttpClient-1-7] DEBUG org.asynchttpclient.netty.handler.HttpHandler - 

Request DefaultFullHttpRequest(decodeResult: success, version: HTTP/1.1, content: EmptyByteBufBE)
GET /session/24124113c11476845736db825ff33627/url HTTP/1.1
User-Agent: selenium/4.7.1 (java windows)
Cache-Control: no-cache
Content-Type: application/json; charset=utf-8
host: localhost:34799
accept: */*

Response DefaultHttpResponse(decodeResult: success, version: HTTP/1.1)
HTTP/1.1 200 OK
Content-Type: application/json; charset=utf-8
cache-control: no-cache
content-length: 54

15:27:01.574 [AsyncHttpClient-1-7] DEBUG org.asynchttpclient.netty.channel.ChannelManager - Adding key: http://localhost:34799 for channel [id: 0x7237215a, L:/127.0.0.1:57915 - R:localhost/127.0.0.1:34799]
15:27:01.575 [Forwarding screenshot on session 24124113c11476845736db825ff33627 to remote] DEBUG org.asynchttpclient.netty.request.NettyRequestSender - Using pooled Channel '[id: 0x7237215a, L:/127.0.0.1:57915 - R:localhost/127.0.0.1:34799]' for 'GET' to 'http://localhost:34799/session/24124113c11476845736db825ff33627/screenshot'
15:27:01.576 [Forwarding screenshot on session 24124113c11476845736db825ff33627 to remote] DEBUG org.asynchttpclient.netty.request.NettyRequestSender - Using open Channel [id: 0x7237215a, L:/127.0.0.1:57915 - R:localhost/127.0.0.1:34799] for GET '/session/24124113c11476845736db825ff33627/screenshot'
15:27:01.677 [AsyncHttpClient-1-7] DEBUG org.asynchttpclient.netty.handler.HttpHandler - 

Request DefaultFullHttpRequest(decodeResult: success, version: HTTP/1.1, content: EmptyByteBufBE)
GET /session/24124113c11476845736db825ff33627/screenshot HTTP/1.1
User-Agent: selenium/4.7.1 (java windows)
Cache-Control: no-cache
Content-Type: application/json; charset=utf-8
host: localhost:34799
accept: */*

Response DefaultHttpResponse(decodeResult: success, version: HTTP/1.1)
HTTP/1.1 200 OK
Content-Type: application/json; charset=utf-8
cache-control: no-cache
content-length: 33980

15:27:01.677 [AsyncHttpClient-1-7] DEBUG org.asynchttpclient.netty.channel.ChannelManager - Adding key: http://localhost:34799 for channel [id: 0x7237215a, L:/127.0.0.1:57915 - R:localhost/127.0.0.1:34799]
15:27:01.678 [main] DEBUG net.serenitybdd.core.photography.Darkroom - Send negative for processing for target\site\serenity\04485fea59392b919f9b37c357c1c59adec851f1228f970c16e270fa6e702b1a.png
15:27:01.679 [main] DEBUG net.thucydides.core.steps.StepInterceptor - STEP DONE: inputEmail
15:27:01.679 [Darkroom Processing Line] DEBUG net.serenitybdd.core.photography.DarkroomProcessingLine - Processing screenshot image in /var/screenshots/screenshot-5012043361845241489
15:27:01.679 [Darkroom Processing Line] DEBUG net.serenitybdd.core.photography.DarkroomProcessingLine - Saving screenshot to target\site\serenity\04485fea59392b919f9b37c357c1c59adec851f1228f970c16e270fa6e702b1a.png
  &amp#27;[32mAnd &amp#27;[0m&amp#27;[32muser input email untuk register&amp#27;[0m                              &amp#27;[90m# starter.stepdefinitions.RegisterSteps.userInputEmailUntukRegister()&amp#27;[0m
15:27:01.698 [main] DEBUG net.thucydides.core.steps.StepInterceptor - STARTING STEP: RegisterSteps.userInputPasswordUntukRegister - inputPassword
15:27:01.699 [Forwarding findElement on session 24124113c11476845736db825ff33627 to remote] DEBUG org.asynchttpclient.netty.request.NettyRequestSender - Using pooled Channel '[id: 0x7237215a, L:/127.0.0.1:57915 - R:localhost/127.0.0.1:34799]' for 'POST' to 'http://localhost:34799/session/24124113c11476845736db825ff33627/element'
15:27:01.699 [Forwarding findElement on session 24124113c11476845736db825ff33627 to remote] DEBUG org.asynchttpclient.netty.request.NettyRequestSender - Using open Channel [id: 0x7237215a, L:/127.0.0.1:57915 - R:localhost/127.0.0.1:34799] for POST '/session/24124113c11476845736db825ff33627/element'
15:27:01.713 [AsyncHttpClient-1-7] DEBUG org.asynchttpclient.netty.handler.HttpHandler - 

Request DefaultHttpRequest(decodeResult: success, version: HTTP/1.1)
POST /session/24124113c11476845736db825ff33627/element HTTP/1.1
User-Agent: selenium/4.7.1 (java windows)
Content-Length: 187
Content-Type: application/json; charset=utf-8
host: localhost:34799
accept: */*

Response DefaultHttpResponse(decodeResult: success, version: HTTP/1.1)
HTTP/1.1 200 OK
Content-Type: application/json; charset=utf-8
cache-control: no-cache
content-length: 95

15:27:01.713 [AsyncHttpClient-1-7] DEBUG org.asynchttpclient.netty.channel.ChannelManager - Adding key: http://localhost:34799 for channel [id: 0x7237215a, L:/127.0.0.1:57915 - R:localhost/127.0.0.1:34799]
15:27:01.714 [Forwarding clearElement on session 24124113c11476845736db825ff33627 to remote] DEBUG org.asynchttpclient.netty.request.NettyRequestSender - Using pooled Channel '[id: 0x7237215a, L:/127.0.0.1:57915 - R:localhost/127.0.0.1:34799]' for 'POST' to 'http://localhost:34799/session/24124113c11476845736db825ff33627/element/8D5DC403606A4E888DCCB167D78726BC_element_14/clear'
15:27:01.714 [Forwarding clearElement on session 24124113c11476845736db825ff33627 to remote] DEBUG org.asynchttpclient.netty.request.NettyRequestSender - Using open Channel [id: 0x7237215a, L:/127.0.0.1:57915 - R:localhost/127.0.0.1:34799] for POST '/session/24124113c11476845736db825ff33627/element/8D5DC403606A4E888DCCB167D78726BC_element_14/clear'
15:27:01.750 [AsyncHttpClient-1-7] DEBUG org.asynchttpclient.netty.handler.HttpHandler - 

Request DefaultHttpRequest(decodeResult: success, version: HTTP/1.1)
POST /session/24124113c11476845736db825ff33627/element/8D5DC403606A4E888DCCB167D78726BC_element_14/clear HTTP/1.1
User-Agent: selenium/4.7.1 (java windows)
Content-Length: 57
Content-Type: application/json; charset=utf-8
host: localhost:34799
accept: */*

Response DefaultHttpResponse(decodeResult: success, version: HTTP/1.1)
HTTP/1.1 200 OK
Content-Type: application/json; charset=utf-8
cache-control: no-cache
content-length: 14

15:27:01.750 [AsyncHttpClient-1-7] DEBUG org.asynchttpclient.netty.channel.ChannelManager - Adding key: http://localhost:34799 for channel [id: 0x7237215a, L:/127.0.0.1:57915 - R:localhost/127.0.0.1:34799]
15:27:01.752 [Forwarding sendKeysToElement on session 24124113c11476845736db825ff33627 to remote] DEBUG org.asynchttpclient.netty.request.NettyRequestSender - Using pooled Channel '[id: 0x7237215a, L:/127.0.0.1:57915 - R:localhost/127.0.0.1:34799]' for 'POST' to 'http://localhost:34799/session/24124113c11476845736db825ff33627/element/8D5DC403606A4E888DCCB167D78726BC_element_14/value'
15:27:01.752 [Forwarding sendKeysToElement on session 24124113c11476845736db825ff33627 to remote] DEBUG org.asynchttpclient.netty.request.NettyRequestSender - Using open Channel [id: 0x7237215a, L:/127.0.0.1:57915 - R:localhost/127.0.0.1:34799] for POST '/session/24124113c11476845736db825ff33627/element/8D5DC403606A4E888DCCB167D78726BC_element_14/value'
15:27:01.821 [AsyncHttpClient-1-7] DEBUG org.asynchttpclient.netty.handler.HttpHandler - 

Request DefaultHttpRequest(decodeResult: success, version: HTTP/1.1)
POST /session/24124113c11476845736db825ff33627/element/8D5DC403606A4E888DCCB167D78726BC_element_14/value HTTP/1.1
User-Agent: selenium/4.7.1 (java windows)
Content-Length: 118
Content-Type: application/json; charset=utf-8
host: localhost:34799
accept: */*

Response DefaultHttpResponse(decodeResult: success, version: HTTP/1.1)
HTTP/1.1 200 OK
Content-Type: application/json; charset=utf-8
cache-control: no-cache
content-length: 14

15:27:01.822 [AsyncHttpClient-1-7] DEBUG org.asynchttpclient.netty.channel.ChannelManager - Adding key: http://localhost:34799 for channel [id: 0x7237215a, L:/127.0.0.1:57915 - R:localhost/127.0.0.1:34799]
15:27:01.828 [Forwarding getCurrentWindowHandle on session 24124113c11476845736db825ff33627 to remote] DEBUG org.asynchttpclient.netty.request.NettyRequestSender - Using pooled Channel '[id: 0x7237215a, L:/127.0.0.1:57915 - R:localhost/127.0.0.1:34799]' for 'GET' to 'http://localhost:34799/session/24124113c11476845736db825ff33627/window'
15:27:01.828 [Forwarding getCurrentWindowHandle on session 24124113c11476845736db825ff33627 to remote] DEBUG org.asynchttpclient.netty.request.NettyRequestSender - Using open Channel [id: 0x7237215a, L:/127.0.0.1:57915 - R:localhost/127.0.0.1:34799] for GET '/session/24124113c11476845736db825ff33627/window'
15:27:01.828 [AsyncHttpClient-1-7] DEBUG org.asynchttpclient.netty.handler.HttpHandler - 

Request DefaultFullHttpRequest(decodeResult: success, version: HTTP/1.1, content: EmptyByteBufBE)
GET /session/24124113c11476845736db825ff33627/window HTTP/1.1
User-Agent: selenium/4.7.1 (java windows)
Cache-Control: no-cache
Content-Type: application/json; charset=utf-8
host: localhost:34799
accept: */*

Response DefaultHttpResponse(decodeResult: success, version: HTTP/1.1)
HTTP/1.1 200 OK
Content-Type: application/json; charset=utf-8
cache-control: no-cache
content-length: 44

15:27:01.828 [AsyncHttpClient-1-7] DEBUG org.asynchttpclient.netty.channel.ChannelManager - Adding key: http://localhost:34799 for channel [id: 0x7237215a, L:/127.0.0.1:57915 - R:localhost/127.0.0.1:34799]
15:27:01.830 [Forwarding getAlertText on session 24124113c11476845736db825ff33627 to remote] DEBUG org.asynchttpclient.netty.request.NettyRequestSender - Using pooled Channel '[id: 0x7237215a, L:/127.0.0.1:57915 - R:localhost/127.0.0.1:34799]' for 'GET' to 'http://localhost:34799/session/24124113c11476845736db825ff33627/alert/text'
15:27:01.830 [Forwarding getAlertText on session 24124113c11476845736db825ff33627 to remote] DEBUG org.asynchttpclient.netty.request.NettyRequestSender - Using open Channel [id: 0x7237215a, L:/127.0.0.1:57915 - R:localhost/127.0.0.1:34799] for GET '/session/24124113c11476845736db825ff33627/alert/text'
15:27:01.831 [AsyncHttpClient-1-7] DEBUG org.asynchttpclient.netty.handler.HttpHandler - 

Request DefaultFullHttpRequest(decodeResult: success, version: HTTP/1.1, content: EmptyByteBufBE)
GET /session/24124113c11476845736db825ff33627/alert/text HTTP/1.1
User-Agent: selenium/4.7.1 (java windows)
Cache-Control: no-cache
Content-Type: application/json; charset=utf-8
host: localhost:34799
accept: */*

Response DefaultHttpResponse(decodeResult: success, version: HTTP/1.1)
HTTP/1.1 404 Not Found
Content-Type: application/json; charset=utf-8
cache-control: no-cache
content-length: 820

15:27:01.831 [AsyncHttpClient-1-7] DEBUG org.asynchttpclient.netty.channel.ChannelManager - Adding key: http://localhost:34799 for channel [id: 0x7237215a, L:/127.0.0.1:57915 - R:localhost/127.0.0.1:34799]
15:27:01.833 [Forwarding switchToWindow on session 24124113c11476845736db825ff33627 to remote] DEBUG org.asynchttpclient.netty.request.NettyRequestSender - Using pooled Channel '[id: 0x7237215a, L:/127.0.0.1:57915 - R:localhost/127.0.0.1:34799]' for 'POST' to 'http://localhost:34799/session/24124113c11476845736db825ff33627/window'
15:27:01.833 [Forwarding switchToWindow on session 24124113c11476845736db825ff33627 to remote] DEBUG org.asynchttpclient.netty.request.NettyRequestSender - Using open Channel [id: 0x7237215a, L:/127.0.0.1:57915 - R:localhost/127.0.0.1:34799] for POST '/session/24124113c11476845736db825ff33627/window'
15:27:01.835 [AsyncHttpClient-1-7] DEBUG org.asynchttpclient.netty.handler.HttpHandler - 

Request DefaultHttpRequest(decodeResult: success, version: HTTP/1.1)
POST /session/24124113c11476845736db825ff33627/window HTTP/1.1
User-Agent: selenium/4.7.1 (java windows)
Content-Length: 50
Content-Type: application/json; charset=utf-8
host: localhost:34799
accept: */*

Response DefaultHttpResponse(decodeResult: success, version: HTTP/1.1)
HTTP/1.1 200 OK
Content-Type: application/json; charset=utf-8
cache-control: no-cache
content-length: 14

15:27:01.835 [AsyncHttpClient-1-7] DEBUG org.asynchttpclient.netty.channel.ChannelManager - Adding key: http://localhost:34799 for channel [id: 0x7237215a, L:/127.0.0.1:57915 - R:localhost/127.0.0.1:34799]
15:27:01.836 [Forwarding getCurrentUrl on session 24124113c11476845736db825ff33627 to remote] DEBUG org.asynchttpclient.netty.request.NettyRequestSender - Using pooled Channel '[id: 0x7237215a, L:/127.0.0.1:57915 - R:localhost/127.0.0.1:34799]' for 'GET' to 'http://localhost:34799/session/24124113c11476845736db825ff33627/url'
15:27:01.836 [Forwarding getCurrentUrl on session 24124113c11476845736db825ff33627 to remote] DEBUG org.asynchttpclient.netty.request.NettyRequestSender - Using open Channel [id: 0x7237215a, L:/127.0.0.1:57915 - R:localhost/127.0.0.1:34799] for GET '/session/24124113c11476845736db825ff33627/url'
15:27:01.841 [AsyncHttpClient-1-7] DEBUG org.asynchttpclient.netty.handler.HttpHandler - 

Request DefaultFullHttpRequest(decodeResult: success, version: HTTP/1.1, content: EmptyByteBufBE)
GET /session/24124113c11476845736db825ff33627/url HTTP/1.1
User-Agent: selenium/4.7.1 (java windows)
Cache-Control: no-cache
Content-Type: application/json; charset=utf-8
host: localhost:34799
accept: */*

Response DefaultHttpResponse(decodeResult: success, version: HTTP/1.1)
HTTP/1.1 200 OK
Content-Type: application/json; charset=utf-8
cache-control: no-cache
content-length: 54

15:27:01.841 [AsyncHttpClient-1-7] DEBUG org.asynchttpclient.netty.channel.ChannelManager - Adding key: http://localhost:34799 for channel [id: 0x7237215a, L:/127.0.0.1:57915 - R:localhost/127.0.0.1:34799]
15:27:01.841 [Forwarding screenshot on session 24124113c11476845736db825ff33627 to remote] DEBUG org.asynchttpclient.netty.request.NettyRequestSender - Using pooled Channel '[id: 0x7237215a, L:/127.0.0.1:57915 - R:localhost/127.0.0.1:34799]' for 'GET' to 'http://localhost:34799/session/24124113c11476845736db825ff33627/screenshot'
15:27:01.842 [Forwarding screenshot on session 24124113c11476845736db825ff33627 to remote] DEBUG org.asynchttpclient.netty.request.NettyRequestSender - Using open Channel [id: 0x7237215a, L:/127.0.0.1:57915 - R:localhost/127.0.0.1:34799] for GET '/session/24124113c11476845736db825ff33627/screenshot'
15:27:01.941 [AsyncHttpClient-1-7] DEBUG org.asynchttpclient.netty.handler.HttpHandler - 

Request DefaultFullHttpRequest(decodeResult: success, version: HTTP/1.1, content: EmptyByteBufBE)
GET /session/24124113c11476845736db825ff33627/screenshot HTTP/1.1
User-Agent: selenium/4.7.1 (java windows)
Cache-Control: no-cache
Content-Type: application/json; charset=utf-8
host: localhost:34799
accept: */*

Response DefaultHttpResponse(decodeResult: success, version: HTTP/1.1)
HTTP/1.1 200 OK
Content-Type: application/json; charset=utf-8
cache-control: no-cache
content-length: 33388

15:27:01.941 [AsyncHttpClient-1-7] DEBUG org.asynchttpclient.netty.channel.ChannelManager - Adding key: http://localhost:34799 for channel [id: 0x7237215a, L:/127.0.0.1:57915 - R:localhost/127.0.0.1:34799]
15:27:01.943 [main] DEBUG net.serenitybdd.core.photography.Darkroom - Send negative for processing for target\site\serenity\bb63e4fa9c146502adeefb875a6f6bac5b3f4ef8d21a3ced87a221ce69bb17ac.png
15:27:01.943 [main] DEBUG net.thucydides.core.steps.StepInterceptor - STEP DONE: inputPassword
  &amp#27;[32mAnd &amp#27;[0m&amp#27;[32muser input password untuk register&amp#27;[0m                           &amp#27;[90m# starter.stepdefinitions.RegisterSteps.userInputPasswordUntukRegister()&amp#27;[0m
15:27:01.943 [Darkroom Processing Line] DEBUG net.serenitybdd.core.photography.DarkroomProcessingLine - Processing screenshot image in /var/screenshots/screenshot-10609502055082798690
15:27:01.943 [Darkroom Processing Line] DEBUG net.serenitybdd.core.photography.DarkroomProcessingLine - Saving screenshot to target\site\serenity\bb63e4fa9c146502adeefb875a6f6bac5b3f4ef8d21a3ced87a221ce69bb17ac.png
15:27:01.954 [main] DEBUG net.thucydides.core.steps.StepInterceptor - STARTING STEP: RegisterSteps.userKlikRegisterYangKedua - klikButtonRegister
15:27:01.956 [Forwarding findElement on session 24124113c11476845736db825ff33627 to remote] DEBUG org.asynchttpclient.netty.request.NettyRequestSender - Using pooled Channel '[id: 0x7237215a, L:/127.0.0.1:57915 - R:localhost/127.0.0.1:34799]' for 'POST' to 'http://localhost:34799/session/24124113c11476845736db825ff33627/element'
15:27:01.956 [Forwarding findElement on session 24124113c11476845736db825ff33627 to remote] DEBUG org.asynchttpclient.netty.request.NettyRequestSender - Using open Channel [id: 0x7237215a, L:/127.0.0.1:57915 - R:localhost/127.0.0.1:34799] for POST '/session/24124113c11476845736db825ff33627/element'
15:27:01.969 [AsyncHttpClient-1-7] DEBUG org.asynchttpclient.netty.handler.HttpHandler - 

Request DefaultHttpRequest(decodeResult: success, version: HTTP/1.1)
POST /session/24124113c11476845736db825ff33627/element HTTP/1.1
User-Agent: selenium/4.7.1 (java windows)
Content-Length: 141
Content-Type: application/json; charset=utf-8
host: localhost:34799
accept: */*

Response DefaultHttpResponse(decodeResult: success, version: HTTP/1.1)
HTTP/1.1 200 OK
Content-Type: application/json; charset=utf-8
cache-control: no-cache
content-length: 95

15:27:01.970 [AsyncHttpClient-1-7] DEBUG org.asynchttpclient.netty.channel.ChannelManager - Adding key: http://localhost:34799 for channel [id: 0x7237215a, L:/127.0.0.1:57915 - R:localhost/127.0.0.1:34799]
15:27:01.972 [Forwarding getElementTagName on session 24124113c11476845736db825ff33627 to remote] DEBUG org.asynchttpclient.netty.request.NettyRequestSender - Using pooled Channel '[id: 0x7237215a, L:/127.0.0.1:57915 - R:localhost/127.0.0.1:34799]' for 'GET' to 'http://localhost:34799/session/24124113c11476845736db825ff33627/element/8D5DC403606A4E888DCCB167D78726BC_element_15/name'
15:27:01.972 [Forwarding getElementTagName on session 24124113c11476845736db825ff33627 to remote] DEBUG org.asynchttpclient.netty.request.NettyRequestSender - Using open Channel [id: 0x7237215a, L:/127.0.0.1:57915 - R:localhost/127.0.0.1:34799] for GET '/session/24124113c11476845736db825ff33627/element/8D5DC403606A4E888DCCB167D78726BC_element_15/name'
15:27:01.977 [AsyncHttpClient-1-7] DEBUG org.asynchttpclient.netty.handler.HttpHandler - 

Request DefaultFullHttpRequest(decodeResult: success, version: HTTP/1.1, content: EmptyByteBufBE)
GET /session/24124113c11476845736db825ff33627/element/8D5DC403606A4E888DCCB167D78726BC_element_15/name HTTP/1.1
User-Agent: selenium/4.7.1 (java windows)
Cache-Control: no-cache
Content-Type: application/json; charset=utf-8
host: localhost:34799
accept: */*

Response DefaultHttpResponse(decodeResult: success, version: HTTP/1.1)
HTTP/1.1 200 OK
Content-Type: application/json; charset=utf-8
cache-control: no-cache
content-length: 18

15:27:01.978 [AsyncHttpClient-1-7] DEBUG org.asynchttpclient.netty.channel.ChannelManager - Adding key: http://localhost:34799 for channel [id: 0x7237215a, L:/127.0.0.1:57915 - R:localhost/127.0.0.1:34799]
15:27:01.979 [Forwarding getElementTagName on session 24124113c11476845736db825ff33627 to remote] DEBUG org.asynchttpclient.netty.request.NettyRequestSender - Using pooled Channel '[id: 0x7237215a, L:/127.0.0.1:57915 - R:localhost/127.0.0.1:34799]' for 'GET' to 'http://localhost:34799/session/24124113c11476845736db825ff33627/element/8D5DC403606A4E888DCCB167D78726BC_element_15/name'
15:27:01.979 [Forwarding getElementTagName on session 24124113c11476845736db825ff33627 to remote] DEBUG org.asynchttpclient.netty.request.NettyRequestSender - Using open Channel [id: 0x7237215a, L:/127.0.0.1:57915 - R:localhost/127.0.0.1:34799] for GET '/session/24124113c11476845736db825ff33627/element/8D5DC403606A4E888DCCB167D78726BC_element_15/name'
15:27:01.983 [AsyncHttpClient-1-7] DEBUG org.asynchttpclient.netty.handler.HttpHandler - 

Request DefaultFullHttpRequest(decodeResult: success, version: HTTP/1.1, content: EmptyByteBufBE)
GET /session/24124113c11476845736db825ff33627/element/8D5DC403606A4E888DCCB167D78726BC_element_15/name HTTP/1.1
User-Agent: selenium/4.7.1 (java windows)
Cache-Control: no-cache
Content-Type: application/json; charset=utf-8
host: localhost:34799
accept: */*

Response DefaultHttpResponse(decodeResult: success, version: HTTP/1.1)
HTTP/1.1 200 OK
Content-Type: application/json; charset=utf-8
cache-control: no-cache
content-length: 18

15:27:01.983 [AsyncHttpClient-1-7] DEBUG org.asynchttpclient.netty.channel.ChannelManager - Adding key: http://localhost:34799 for channel [id: 0x7237215a, L:/127.0.0.1:57915 - R:localhost/127.0.0.1:34799]
15:27:01.984 [Forwarding isElementEnabled on session 24124113c11476845736db825ff33627 to remote] DEBUG org.asynchttpclient.netty.request.NettyRequestSender - Using pooled Channel '[id: 0x7237215a, L:/127.0.0.1:57915 - R:localhost/127.0.0.1:34799]' for 'GET' to 'http://localhost:34799/session/24124113c11476845736db825ff33627/element/8D5DC403606A4E888DCCB167D78726BC_element_15/enabled'
15:27:01.984 [Forwarding isElementEnabled on session 24124113c11476845736db825ff33627 to remote] DEBUG org.asynchttpclient.netty.request.NettyRequestSender - Using open Channel [id: 0x7237215a, L:/127.0.0.1:57915 - R:localhost/127.0.0.1:34799] for GET '/session/24124113c11476845736db825ff33627/element/8D5DC403606A4E888DCCB167D78726BC_element_15/enabled'
15:27:01.994 [AsyncHttpClient-1-7] DEBUG org.asynchttpclient.netty.handler.HttpHandler - 

Request DefaultFullHttpRequest(decodeResult: success, version: HTTP/1.1, content: EmptyByteBufBE)
GET /session/24124113c11476845736db825ff33627/element/8D5DC403606A4E888DCCB167D78726BC_element_15/enabled HTTP/1.1
User-Agent: selenium/4.7.1 (java windows)
Cache-Control: no-cache
Content-Type: application/json; charset=utf-8
host: localhost:34799
accept: */*

Response DefaultHttpResponse(decodeResult: success, version: HTTP/1.1)
HTTP/1.1 200 OK
Content-Type: application/json; charset=utf-8
cache-control: no-cache
content-length: 14

15:27:01.994 [AsyncHttpClient-1-7] DEBUG org.asynchttpclient.netty.channel.ChannelManager - Adding key: http://localhost:34799 for channel [id: 0x7237215a, L:/127.0.0.1:57915 - R:localhost/127.0.0.1:34799]
15:27:01.995 [Forwarding isElementEnabled on session 24124113c11476845736db825ff33627 to remote] DEBUG org.asynchttpclient.netty.request.NettyRequestSender - Using pooled Channel '[id: 0x7237215a, L:/127.0.0.1:57915 - R:localhost/127.0.0.1:34799]' for 'GET' to 'http://localhost:34799/session/24124113c11476845736db825ff33627/element/8D5DC403606A4E888DCCB167D78726BC_element_15/enabled'
15:27:01.995 [Forwarding isElementEnabled on session 24124113c11476845736db825ff33627 to remote] DEBUG org.asynchttpclient.netty.request.NettyRequestSender - Using open Channel [id: 0x7237215a, L:/127.0.0.1:57915 - R:localhost/127.0.0.1:34799] for GET '/session/24124113c11476845736db825ff33627/element/8D5DC403606A4E888DCCB167D78726BC_element_15/enabled'
15:27:02.002 [AsyncHttpClient-1-7] DEBUG org.asynchttpclient.netty.handler.HttpHandler - 

Request DefaultFullHttpRequest(decodeResult: success, version: HTTP/1.1, content: EmptyByteBufBE)
GET /session/24124113c11476845736db825ff33627/element/8D5DC403606A4E888DCCB167D78726BC_element_15/enabled HTTP/1.1
User-Agent: selenium/4.7.1 (java windows)
Cache-Control: no-cache
Content-Type: application/json; charset=utf-8
host: localhost:34799
accept: */*

Response DefaultHttpResponse(decodeResult: success, version: HTTP/1.1)
HTTP/1.1 200 OK
Content-Type: application/json; charset=utf-8
cache-control: no-cache
content-length: 14

15:27:02.002 [AsyncHttpClient-1-7] DEBUG org.asynchttpclient.netty.channel.ChannelManager - Adding key: http://localhost:34799 for channel [id: 0x7237215a, L:/127.0.0.1:57915 - R:localhost/127.0.0.1:34799]
15:27:02.004 [Forwarding findElement on session 24124113c11476845736db825ff33627 to remote] DEBUG org.asynchttpclient.netty.request.NettyRequestSender - Using pooled Channel '[id: 0x7237215a, L:/127.0.0.1:57915 - R:localhost/127.0.0.1:34799]' for 'POST' to 'http://localhost:34799/session/24124113c11476845736db825ff33627/element'
15:27:02.004 [Forwarding findElement on session 24124113c11476845736db825ff33627 to remote] DEBUG org.asynchttpclient.netty.request.NettyRequestSender - Using open Channel [id: 0x7237215a, L:/127.0.0.1:57915 - R:localhost/127.0.0.1:34799] for POST '/session/24124113c11476845736db825ff33627/element'
15:27:02.014 [AsyncHttpClient-1-7] DEBUG org.asynchttpclient.netty.handler.HttpHandler - 

Request DefaultHttpRequest(decodeResult: success, version: HTTP/1.1)
POST /session/24124113c11476845736db825ff33627/element HTTP/1.1
User-Agent: selenium/4.7.1 (java windows)
Content-Length: 141
Content-Type: application/json; charset=utf-8
host: localhost:34799
accept: */*

Response DefaultHttpResponse(decodeResult: success, version: HTTP/1.1)
HTTP/1.1 200 OK
Content-Type: application/json; charset=utf-8
cache-control: no-cache
content-length: 95

15:27:02.014 [AsyncHttpClient-1-7] DEBUG org.asynchttpclient.netty.channel.ChannelManager - Adding key: http://localhost:34799 for channel [id: 0x7237215a, L:/127.0.0.1:57915 - R:localhost/127.0.0.1:34799]
15:27:02.015 [Forwarding clickElement on session 24124113c11476845736db825ff33627 to remote] DEBUG org.asynchttpclient.netty.request.NettyRequestSender - Using pooled Channel '[id: 0x7237215a, L:/127.0.0.1:57915 - R:localhost/127.0.0.1:34799]' for 'POST' to 'http://localhost:34799/session/24124113c11476845736db825ff33627/element/8D5DC403606A4E888DCCB167D78726BC_element_15/click'
15:27:02.015 [Forwarding clickElement on session 24124113c11476845736db825ff33627 to remote] DEBUG org.asynchttpclient.netty.request.NettyRequestSender - Using open Channel [id: 0x7237215a, L:/127.0.0.1:57915 - R:localhost/127.0.0.1:34799] for POST '/session/24124113c11476845736db825ff33627/element/8D5DC403606A4E888DCCB167D78726BC_element_15/click'
15:27:02.065 [AsyncHttpClient-1-7] DEBUG org.asynchttpclient.netty.handler.HttpHandler - 

Request DefaultHttpRequest(decodeResult: success, version: HTTP/1.1)
POST /session/24124113c11476845736db825ff33627/element/8D5DC403606A4E888DCCB167D78726BC_element_15/click HTTP/1.1
User-Agent: selenium/4.7.1 (java windows)
Content-Length: 57
Content-Type: application/json; charset=utf-8
host: localhost:34799
accept: */*

Response DefaultHttpResponse(decodeResult: success, version: HTTP/1.1)
HTTP/1.1 200 OK
Content-Type: application/json; charset=utf-8
cache-control: no-cache
content-length: 14

15:27:02.066 [AsyncHttpClient-1-7] DEBUG org.asynchttpclient.netty.channel.ChannelManager - Adding key: http://localhost:34799 for channel [id: 0x7237215a, L:/127.0.0.1:57915 - R:localhost/127.0.0.1:34799]
15:27:02.072 [Forwarding getCurrentWindowHandle on session 24124113c11476845736db825ff33627 to remote] DEBUG org.asynchttpclient.netty.request.NettyRequestSender - Using pooled Channel '[id: 0x7237215a, L:/127.0.0.1:57915 - R:localhost/127.0.0.1:34799]' for 'GET' to 'http://localhost:34799/session/24124113c11476845736db825ff33627/window'
15:27:02.072 [Forwarding getCurrentWindowHandle on session 24124113c11476845736db825ff33627 to remote] DEBUG org.asynchttpclient.netty.request.NettyRequestSender - Using open Channel [id: 0x7237215a, L:/127.0.0.1:57915 - R:localhost/127.0.0.1:34799] for GET '/session/24124113c11476845736db825ff33627/window'
15:27:02.073 [AsyncHttpClient-1-7] DEBUG org.asynchttpclient.netty.handler.HttpHandler - 

Request DefaultFullHttpRequest(decodeResult: success, version: HTTP/1.1, content: EmptyByteBufBE)
GET /session/24124113c11476845736db825ff33627/window HTTP/1.1
User-Agent: selenium/4.7.1 (java windows)
Cache-Control: no-cache
Content-Type: application/json; charset=utf-8
host: localhost:34799
accept: */*

Response DefaultHttpResponse(decodeResult: success, version: HTTP/1.1)
HTTP/1.1 200 OK
Content-Type: application/json; charset=utf-8
cache-control: no-cache
content-length: 44

15:27:02.073 [AsyncHttpClient-1-7] DEBUG org.asynchttpclient.netty.channel.ChannelManager - Adding key: http://localhost:34799 for channel [id: 0x7237215a, L:/127.0.0.1:57915 - R:localhost/127.0.0.1:34799]
15:27:02.074 [Forwarding getAlertText on session 24124113c11476845736db825ff33627 to remote] DEBUG org.asynchttpclient.netty.request.NettyRequestSender - Using pooled Channel '[id: 0x7237215a, L:/127.0.0.1:57915 - R:localhost/127.0.0.1:34799]' for 'GET' to 'http://localhost:34799/session/24124113c11476845736db825ff33627/alert/text'
15:27:02.074 [Forwarding getAlertText on session 24124113c11476845736db825ff33627 to remote] DEBUG org.asynchttpclient.netty.request.NettyRequestSender - Using open Channel [id: 0x7237215a, L:/127.0.0.1:57915 - R:localhost/127.0.0.1:34799] for GET '/session/24124113c11476845736db825ff33627/alert/text'
15:27:02.076 [AsyncHttpClient-1-7] DEBUG org.asynchttpclient.netty.handler.HttpHandler - 

Request DefaultFullHttpRequest(decodeResult: success, version: HTTP/1.1, content: EmptyByteBufBE)
GET /session/24124113c11476845736db825ff33627/alert/text HTTP/1.1
User-Agent: selenium/4.7.1 (java windows)
Cache-Control: no-cache
Content-Type: application/json; charset=utf-8
host: localhost:34799
accept: */*

Response DefaultHttpResponse(decodeResult: success, version: HTTP/1.1)
HTTP/1.1 404 Not Found
Content-Type: application/json; charset=utf-8
cache-control: no-cache
content-length: 820

15:27:02.076 [AsyncHttpClient-1-7] DEBUG org.asynchttpclient.netty.channel.ChannelManager - Adding key: http://localhost:34799 for channel [id: 0x7237215a, L:/127.0.0.1:57915 - R:localhost/127.0.0.1:34799]
15:27:02.078 [Forwarding switchToWindow on session 24124113c11476845736db825ff33627 to remote] DEBUG org.asynchttpclient.netty.request.NettyRequestSender - Using pooled Channel '[id: 0x7237215a, L:/127.0.0.1:57915 - R:localhost/127.0.0.1:34799]' for 'POST' to 'http://localhost:34799/session/24124113c11476845736db825ff33627/window'
15:27:02.078 [Forwarding switchToWindow on session 24124113c11476845736db825ff33627 to remote] DEBUG org.asynchttpclient.netty.request.NettyRequestSender - Using open Channel [id: 0x7237215a, L:/127.0.0.1:57915 - R:localhost/127.0.0.1:34799] for POST '/session/24124113c11476845736db825ff33627/window'
15:27:02.079 [AsyncHttpClient-1-7] DEBUG org.asynchttpclient.netty.handler.HttpHandler - 

Request DefaultHttpRequest(decodeResult: success, version: HTTP/1.1)
POST /session/24124113c11476845736db825ff33627/window HTTP/1.1
User-Agent: selenium/4.7.1 (java windows)
Content-Length: 50
Content-Type: application/json; charset=utf-8
host: localhost:34799
accept: */*

Response DefaultHttpResponse(decodeResult: success, version: HTTP/1.1)
HTTP/1.1 200 OK
Content-Type: application/json; charset=utf-8
cache-control: no-cache
content-length: 14

15:27:02.079 [AsyncHttpClient-1-7] DEBUG org.asynchttpclient.netty.channel.ChannelManager - Adding key: http://localhost:34799 for channel [id: 0x7237215a, L:/127.0.0.1:57915 - R:localhost/127.0.0.1:34799]
15:27:02.080 [Forwarding getCurrentUrl on session 24124113c11476845736db825ff33627 to remote] DEBUG org.asynchttpclient.netty.request.NettyRequestSender - Using pooled Channel '[id: 0x7237215a, L:/127.0.0.1:57915 - R:localhost/127.0.0.1:34799]' for 'GET' to 'http://localhost:34799/session/24124113c11476845736db825ff33627/url'
15:27:02.080 [Forwarding getCurrentUrl on session 24124113c11476845736db825ff33627 to remote] DEBUG org.asynchttpclient.netty.request.NettyRequestSender - Using open Channel [id: 0x7237215a, L:/127.0.0.1:57915 - R:localhost/127.0.0.1:34799] for GET '/session/24124113c11476845736db825ff33627/url'
15:27:02.085 [AsyncHttpClient-1-7] DEBUG org.asynchttpclient.netty.handler.HttpHandler - 

Request DefaultFullHttpRequest(decodeResult: success, version: HTTP/1.1, content: EmptyByteBufBE)
GET /session/24124113c11476845736db825ff33627/url HTTP/1.1
User-Agent: selenium/4.7.1 (java windows)
Cache-Control: no-cache
Content-Type: application/json; charset=utf-8
host: localhost:34799
accept: */*

Response DefaultHttpResponse(decodeResult: success, version: HTTP/1.1)
HTTP/1.1 200 OK
Content-Type: application/json; charset=utf-8
cache-control: no-cache
content-length: 54

15:27:02.085 [AsyncHttpClient-1-7] DEBUG org.asynchttpclient.netty.channel.ChannelManager - Adding key: http://localhost:34799 for channel [id: 0x7237215a, L:/127.0.0.1:57915 - R:localhost/127.0.0.1:34799]
15:27:02.086 [Forwarding screenshot on session 24124113c11476845736db825ff33627 to remote] DEBUG org.asynchttpclient.netty.request.NettyRequestSender - Using pooled Channel '[id: 0x7237215a, L:/127.0.0.1:57915 - R:localhost/127.0.0.1:34799]' for 'GET' to 'http://localhost:34799/session/24124113c11476845736db825ff33627/screenshot'
15:27:02.086 [Forwarding screenshot on session 24124113c11476845736db825ff33627 to remote] DEBUG org.asynchttpclient.netty.request.NettyRequestSender - Using open Channel [id: 0x7237215a, L:/127.0.0.1:57915 - R:localhost/127.0.0.1:34799] for GET '/session/24124113c11476845736db825ff33627/screenshot'
15:27:02.193 [AsyncHttpClient-1-7] DEBUG org.asynchttpclient.netty.handler.HttpHandler - 

Request DefaultFullHttpRequest(decodeResult: success, version: HTTP/1.1, content: EmptyByteBufBE)
GET /session/24124113c11476845736db825ff33627/screenshot HTTP/1.1
User-Agent: selenium/4.7.1 (java windows)
Cache-Control: no-cache
Content-Type: application/json; charset=utf-8
host: localhost:34799
accept: */*

Response DefaultHttpResponse(decodeResult: success, version: HTTP/1.1)
HTTP/1.1 200 OK
Content-Type: application/json; charset=utf-8
cache-control: no-cache
content-length: 32860

15:27:02.194 [AsyncHttpClient-1-7] DEBUG org.asynchttpclient.netty.channel.ChannelManager - Adding key: http://localhost:34799 for channel [id: 0x7237215a, L:/127.0.0.1:57915 - R:localhost/127.0.0.1:34799]
15:27:02.196 [main] DEBUG net.serenitybdd.core.photography.Darkroom - Send negative for processing for target\site\serenity\7a5fb890000776746d573fcb5d62abe49ddacfa18b47c8e09c95ce3a3b260ca8.png
15:27:02.196 [main] DEBUG net.thucydides.core.steps.StepInterceptor - STEP DONE: klikButtonRegister
15:27:02.196 [Darkroom Processing Line] DEBUG net.serenitybdd.core.photography.DarkroomProcessingLine - Processing screenshot image in /var/screenshots/screenshot-15774806599280684953
15:27:02.196 [Darkroom Processing Line] DEBUG net.serenitybdd.core.photography.DarkroomProcessingLine - Saving screenshot to target\site\serenity\7a5fb890000776746d573fcb5d62abe49ddacfa18b47c8e09c95ce3a3b260ca8.png
  &amp#27;[32mThen &amp#27;[0m&amp#27;[32muser klik register yang kedua&amp#27;[0m                               &amp#27;[90m# starter.stepdefinitions.RegisterSteps.userKlikRegisterYangKedua()&amp#27;[0m
15:27:02.207 [main] DEBUG net.thucydides.core.steps.StepInterceptor - STARTING STEP: RegisterSteps.userMenerimaERRORMessage - munculErrorMessage
15:27:02.209 [Forwarding findElement on session 24124113c11476845736db825ff33627 to remote] DEBUG org.asynchttpclient.netty.request.NettyRequestSender - Using pooled Channel '[id: 0x7237215a, L:/127.0.0.1:57915 - R:localhost/127.0.0.1:34799]' for 'POST' to 'http://localhost:34799/session/24124113c11476845736db825ff33627/element'
15:27:02.210 [Forwarding findElement on session 24124113c11476845736db825ff33627 to remote] DEBUG org.asynchttpclient.netty.request.NettyRequestSender - Using open Channel [id: 0x7237215a, L:/127.0.0.1:57915 - R:localhost/127.0.0.1:34799] for POST '/session/24124113c11476845736db825ff33627/element'
15:27:02.296 [AsyncHttpClient-1-7] DEBUG org.asynchttpclient.netty.handler.HttpHandler - 

Request DefaultHttpRequest(decodeResult: success, version: HTTP/1.1)
POST /session/24124113c11476845736db825ff33627/element HTTP/1.1
User-Agent: selenium/4.7.1 (java windows)
Content-Length: 79
Content-Type: application/json; charset=utf-8
host: localhost:34799
accept: */*

Response DefaultHttpResponse(decodeResult: success, version: HTTP/1.1)
HTTP/1.1 200 OK
Content-Type: application/json; charset=utf-8
cache-control: no-cache
content-length: 95

15:27:02.296 [AsyncHttpClient-1-7] DEBUG org.asynchttpclient.netty.channel.ChannelManager - Adding key: http://localhost:34799 for channel [id: 0x7237215a, L:/127.0.0.1:57915 - R:localhost/127.0.0.1:34799]
15:27:02.300 [Forwarding isElementDisplayed on session 24124113c11476845736db825ff33627 to remote] DEBUG org.asynchttpclient.netty.request.NettyRequestSender - Using pooled Channel '[id: 0x7237215a, L:/127.0.0.1:57915 - R:localhost/127.0.0.1:34799]' for 'POST' to 'http://localhost:34799/session/24124113c11476845736db825ff33627/execute/sync'
15:27:02.300 [Forwarding isElementDisplayed on session 24124113c11476845736db825ff33627 to remote] DEBUG org.asynchttpclient.netty.request.NettyRequestSender - Using open Channel [id: 0x7237215a, L:/127.0.0.1:57915 - R:localhost/127.0.0.1:34799] for POST '/session/24124113c11476845736db825ff33627/execute/sync'
15:27:02.318 [AsyncHttpClient-1-7] DEBUG org.asynchttpclient.netty.handler.HttpHandler - 

Request DefaultHttpRequest(decodeResult: success, version: HTTP/1.1)
POST /session/24124113c11476845736db825ff33627/execute/sync HTTP/1.1
User-Agent: selenium/4.7.1 (java windows)
Content-Length: 48787
Content-Type: application/json; charset=utf-8
host: localhost:34799
accept: */*

Response DefaultHttpResponse(decodeResult: success, version: HTTP/1.1)
HTTP/1.1 200 OK
Content-Type: application/json; charset=utf-8
cache-control: no-cache
content-length: 14

15:27:02.318 [AsyncHttpClient-1-7] DEBUG org.asynchttpclient.netty.channel.ChannelManager - Adding key: http://localhost:34799 for channel [id: 0x7237215a, L:/127.0.0.1:57915 - R:localhost/127.0.0.1:34799]
15:27:02.326 [Forwarding getCurrentWindowHandle on session 24124113c11476845736db825ff33627 to remote] DEBUG org.asynchttpclient.netty.request.NettyRequestSender - Using pooled Channel '[id: 0x7237215a, L:/127.0.0.1:57915 - R:localhost/127.0.0.1:34799]' for 'GET' to 'http://localhost:34799/session/24124113c11476845736db825ff33627/window'
15:27:02.326 [Forwarding getCurrentWindowHandle on session 24124113c11476845736db825ff33627 to remote] DEBUG org.asynchttpclient.netty.request.NettyRequestSender - Using open Channel [id: 0x7237215a, L:/127.0.0.1:57915 - R:localhost/127.0.0.1:34799] for GET '/session/24124113c11476845736db825ff33627/window'
15:27:02.327 [AsyncHttpClient-1-7] DEBUG org.asynchttpclient.netty.handler.HttpHandler - 

Request DefaultFullHttpRequest(decodeResult: success, version: HTTP/1.1, content: EmptyByteBufBE)
GET /session/24124113c11476845736db825ff33627/window HTTP/1.1
User-Agent: selenium/4.7.1 (java windows)
Cache-Control: no-cache
Content-Type: application/json; charset=utf-8
host: localhost:34799
accept: */*

Response DefaultHttpResponse(decodeResult: success, version: HTTP/1.1)
HTTP/1.1 200 OK
Content-Type: application/json; charset=utf-8
cache-control: no-cache
content-length: 44

15:27:02.328 [AsyncHttpClient-1-7] DEBUG org.asynchttpclient.netty.channel.ChannelManager - Adding key: http://localhost:34799 for channel [id: 0x7237215a, L:/127.0.0.1:57915 - R:localhost/127.0.0.1:34799]
15:27:02.329 [Forwarding getAlertText on session 24124113c11476845736db825ff33627 to remote] DEBUG org.asynchttpclient.netty.request.NettyRequestSender - Using pooled Channel '[id: 0x7237215a, L:/127.0.0.1:57915 - R:localhost/127.0.0.1:34799]' for 'GET' to 'http://localhost:34799/session/24124113c11476845736db825ff33627/alert/text'
15:27:02.329 [Forwarding getAlertText on session 24124113c11476845736db825ff33627 to remote] DEBUG org.asynchttpclient.netty.request.NettyRequestSender - Using open Channel [id: 0x7237215a, L:/127.0.0.1:57915 - R:localhost/127.0.0.1:34799] for GET '/session/24124113c11476845736db825ff33627/alert/text'
15:27:02.330 [AsyncHttpClient-1-7] DEBUG org.asynchttpclient.netty.handler.HttpHandler - 

Request DefaultFullHttpRequest(decodeResult: success, version: HTTP/1.1, content: EmptyByteBufBE)
GET /session/24124113c11476845736db825ff33627/alert/text HTTP/1.1
User-Agent: selenium/4.7.1 (java windows)
Cache-Control: no-cache
Content-Type: application/json; charset=utf-8
host: localhost:34799
accept: */*

Response DefaultHttpResponse(decodeResult: success, version: HTTP/1.1)
HTTP/1.1 404 Not Found
Content-Type: application/json; charset=utf-8
cache-control: no-cache
content-length: 820

15:27:02.330 [AsyncHttpClient-1-7] DEBUG org.asynchttpclient.netty.channel.ChannelManager - Adding key: http://localhost:34799 for channel [id: 0x7237215a, L:/127.0.0.1:57915 - R:localhost/127.0.0.1:34799]
15:27:02.332 [Forwarding switchToWindow on session 24124113c11476845736db825ff33627 to remote] DEBUG org.asynchttpclient.netty.request.NettyRequestSender - Using pooled Channel '[id: 0x7237215a, L:/127.0.0.1:57915 - R:localhost/127.0.0.1:34799]' for 'POST' to 'http://localhost:34799/session/24124113c11476845736db825ff33627/window'
15:27:02.332 [Forwarding switchToWindow on session 24124113c11476845736db825ff33627 to remote] DEBUG org.asynchttpclient.netty.request.NettyRequestSender - Using open Channel [id: 0x7237215a, L:/127.0.0.1:57915 - R:localhost/127.0.0.1:34799] for POST '/session/24124113c11476845736db825ff33627/window'
15:27:02.334 [AsyncHttpClient-1-7] DEBUG org.asynchttpclient.netty.handler.HttpHandler - 

Request DefaultHttpRequest(decodeResult: success, version: HTTP/1.1)
POST /session/24124113c11476845736db825ff33627/window HTTP/1.1
User-Agent: selenium/4.7.1 (java windows)
Content-Length: 50
Content-Type: application/json; charset=utf-8
host: localhost:34799
accept: */*

Response DefaultHttpResponse(decodeResult: success, version: HTTP/1.1)
HTTP/1.1 200 OK
Content-Type: application/json; charset=utf-8
cache-control: no-cache
content-length: 14

15:27:02.334 [AsyncHttpClient-1-7] DEBUG org.asynchttpclient.netty.channel.ChannelManager - Adding key: http://localhost:34799 for channel [id: 0x7237215a, L:/127.0.0.1:57915 - R:localhost/127.0.0.1:34799]
15:27:02.335 [Forwarding getCurrentUrl on session 24124113c11476845736db825ff33627 to remote] DEBUG org.asynchttpclient.netty.request.NettyRequestSender - Using pooled Channel '[id: 0x7237215a, L:/127.0.0.1:57915 - R:localhost/127.0.0.1:34799]' for 'GET' to 'http://localhost:34799/session/24124113c11476845736db825ff33627/url'
15:27:02.335 [Forwarding getCurrentUrl on session 24124113c11476845736db825ff33627 to remote] DEBUG org.asynchttpclient.netty.request.NettyRequestSender - Using open Channel [id: 0x7237215a, L:/127.0.0.1:57915 - R:localhost/127.0.0.1:34799] for GET '/session/24124113c11476845736db825ff33627/url'
15:27:02.345 [AsyncHttpClient-1-7] DEBUG org.asynchttpclient.netty.handler.HttpHandler - 

Request DefaultFullHttpRequest(decodeResult: success, version: HTTP/1.1, content: EmptyByteBufBE)
GET /session/24124113c11476845736db825ff33627/url HTTP/1.1
User-Agent: selenium/4.7.1 (java windows)
Cache-Control: no-cache
Content-Type: application/json; charset=utf-8
host: localhost:34799
accept: */*

Response DefaultHttpResponse(decodeResult: success, version: HTTP/1.1)
HTTP/1.1 200 OK
Content-Type: application/json; charset=utf-8
cache-control: no-cache
content-length: 54

15:27:02.345 [AsyncHttpClient-1-7] DEBUG org.asynchttpclient.netty.channel.ChannelManager - Adding key: http://localhost:34799 for channel [id: 0x7237215a, L:/127.0.0.1:57915 - R:localhost/127.0.0.1:34799]
15:27:02.346 [Forwarding screenshot on session 24124113c11476845736db825ff33627 to remote] DEBUG org.asynchttpclient.netty.request.NettyRequestSender - Using pooled Channel '[id: 0x7237215a, L:/127.0.0.1:57915 - R:localhost/127.0.0.1:34799]' for 'GET' to 'http://localhost:34799/session/24124113c11476845736db825ff33627/screenshot'
15:27:02.346 [Forwarding screenshot on session 24124113c11476845736db825ff33627 to remote] DEBUG org.asynchttpclient.netty.request.NettyRequestSender - Using open Channel [id: 0x7237215a, L:/127.0.0.1:57915 - R:localhost/127.0.0.1:34799] for GET '/session/24124113c11476845736db825ff33627/screenshot'
15:27:02.441 [AsyncHttpClient-1-7] DEBUG org.asynchttpclient.netty.handler.HttpHandler - 

Request DefaultFullHttpRequest(decodeResult: success, version: HTTP/1.1, content: EmptyByteBufBE)
GET /session/24124113c11476845736db825ff33627/screenshot HTTP/1.1
User-Agent: selenium/4.7.1 (java windows)
Cache-Control: no-cache
Content-Type: application/json; charset=utf-8
host: localhost:34799
accept: */*

Response DefaultHttpResponse(decodeResult: success, version: HTTP/1.1)
HTTP/1.1 200 OK
Content-Type: application/json; charset=utf-8
cache-control: no-cache
content-length: 34312

15:27:02.441 [AsyncHttpClient-1-7] DEBUG org.asynchttpclient.netty.channel.ChannelManager - Adding key: http://localhost:34799 for channel [id: 0x7237215a, L:/127.0.0.1:57915 - R:localhost/127.0.0.1:34799]
15:27:02.442 [main] DEBUG net.serenitybdd.core.photography.Darkroom - Send negative for processing for target\site\serenity\31e39f826aad5209637a861149c34e4530317234db00cd947779e107c4504112.png
15:27:02.443 [main] DEBUG net.thucydides.core.steps.StepInterceptor - STEP DONE: munculErrorMessage
15:27:02.443 [Darkroom Processing Line] DEBUG net.serenitybdd.core.photography.DarkroomProcessingLine - Processing screenshot image in /var/screenshots/screenshot-10721658143438382640
15:27:02.443 [Darkroom Processing Line] DEBUG net.serenitybdd.core.photography.DarkroomProcessingLine - Saving screenshot to target\site\serenity\31e39f826aad5209637a861149c34e4530317234db00cd947779e107c4504112.png
  &amp#27;[32mAnd &amp#27;[0m&amp#27;[32muser menerima ERROR message &amp#27;[0m&amp#27;[32m&amp#27;[1m"fullname is required"&amp#27;[0m           &amp#27;[90m# starter.stepdefinitions.RegisterSteps.userMenerimaERRORMessage(java.lang.String)&amp#27;[0m
15:27:02.446 [AsyncHttpClient-1-1] DEBUG org.asynchttpclient.netty.channel.DefaultChannelPool - Entry count for : http://localhost:34799 : 1
15:27:02.446 [AsyncHttpClient-1-1] DEBUG org.asynchttpclient.netty.channel.DefaultChannelPool - Entry count for : http://localhost:57916 : 1
15:27:02.449 [main] INFO  - 
  _____   ___   ___   _____     ___     _     ___   ___   ___   ___  
 |_   _| | __| / __| |_   _|   | _ \   /_\   / __| / __| | __| |   \ 
   | |   | _|  \__ \   | |     |  _/  / _ \  \__ \ \__ \ | _|  | |) |
   |_|   |___| |___/   |_|     |_|   /_/ \_\ |___/ |___/ |___| |___/ 

user tidak bisa register karena tidak input nama lengkap
----------------------------------------------------------------------
15:27:02.451 [Driver Command Executor] DEBUG org.asynchttpclient.netty.request.NettyRequestSender - Using pooled Channel '[id: 0x7237215a, L:/127.0.0.1:57915 - R:localhost/127.0.0.1:34799]' for 'DELETE' to 'http://localhost:34799/session/24124113c11476845736db825ff33627'
15:27:02.451 [AsyncHttpClient-1-9] DEBUG org.asynchttpclient.netty.handler.WebSocketHandler - Channel Closed: [id: 0x23369e13, L:/127.0.0.1:57924 ! R:localhost/127.0.0.1:57916] with attribute NettyResponseFuture{currentRetry=0,
	isDone=1,
	isCancelled=0,
	asyncHandler=org.asynchttpclient.ws.WebSocketUpgradeHandler@5015c35,
	nettyRequest=org.asynchttpclient.netty.request.NettyRequest@47af30d2,
	future=java.util.concurrent.CompletableFuture@7d579027[Completed normally],
	uri=ws://localhost:57916/devtools/browser/fce05c27-1155-42c4-aea8-9e2ae60bac4d,
	keepAlive=true,
	redirectCount=0,
	timeoutsHolder=null,
	inAuth=0,
	touch=1683707216667}
15:27:02.451 [Driver Command Executor] DEBUG org.asynchttpclient.netty.request.NettyRequestSender - Using open Channel [id: 0x7237215a, L:/127.0.0.1:57915 - R:localhost/127.0.0.1:34799] for DELETE '/session/24124113c11476845736db825ff33627'
15:27:02.451 [AsyncHttpClient-1-9] DEBUG org.asynchttpclient.netty.channel.ChannelManager - Closing Channel [id: 0x23369e13, L:/127.0.0.1:57924 ! R:localhost/127.0.0.1:57916] 
15:27:02.482 [AsyncHttpClient-1-8] DEBUG org.asynchttpclient.netty.handler.HttpHandler - Unexpected I/O exception on channel [id: 0x9ab9ba17, L:/127.0.0.1:57923 - R:localhost/127.0.0.1:57916]
java.net.SocketException: Connection reset
	at java.base/sun.nio.ch.SocketChannelImpl.throwConnectionReset(SocketChannelImpl.java:401)
	at java.base/sun.nio.ch.SocketChannelImpl.read(SocketChannelImpl.java:434)
	at io.netty.buffer.PooledByteBuf.setBytes(PooledByteBuf.java:259)
	at io.netty.buffer.AbstractByteBuf.writeBytes(AbstractByteBuf.java:1132)
	at io.netty.channel.socket.nio.NioSocketChannel.doReadBytes(NioSocketChannel.java:357)
	at io.netty.channel.nio.AbstractNioByteChannel$NioByteUnsafe.read(AbstractNioByteChannel.java:151)
	at io.netty.channel.nio.NioEventLoop.processSelectedKey(NioEventLoop.java:788)
	at io.netty.channel.nio.NioEventLoop.processSelectedKeysOptimized(NioEventLoop.java:724)
	at io.netty.channel.nio.NioEventLoop.processSelectedKeys(NioEventLoop.java:650)
	at io.netty.channel.nio.NioEventLoop.run(NioEventLoop.java:562)
	at io.netty.util.concurrent.SingleThreadEventExecutor$4.run(SingleThreadEventExecutor.java:997)
	at io.netty.util.internal.ThreadExecutorMap$2.run(ThreadExecutorMap.java:74)
	at io.netty.util.concurrent.FastThreadLocalRunnable.run(FastThreadLocalRunnable.java:30)
	at java.base/java.lang.Thread.run(Thread.java:1589)
15:27:02.482 [AsyncHttpClient-1-8] DEBUG org.asynchttpclient.netty.channel.ChannelManager - Closing Channel [id: 0x9ab9ba17, L:/127.0.0.1:57923 - R:localhost/127.0.0.1:57916] 
15:27:02.482 [AsyncHttpClient-1-8] DEBUG org.asynchttpclient.netty.handler.HttpHandler - Channel Closed: [id: 0x9ab9ba17, L:/127.0.0.1:57923 ! R:localhost/127.0.0.1:57916] with attribute DISCARD
15:27:02.498 [AsyncHttpClient-1-7] DEBUG org.asynchttpclient.netty.handler.HttpHandler - 

Request DefaultFullHttpRequest(decodeResult: success, version: HTTP/1.1, content: EmptyByteBufBE)
DELETE /session/24124113c11476845736db825ff33627 HTTP/1.1
User-Agent: selenium/4.7.1 (java windows)
Content-Type: application/json; charset=utf-8
host: localhost:34799
accept: */*

Response DefaultHttpResponse(decodeResult: success, version: HTTP/1.1)
HTTP/1.1 200 OK
Content-Type: application/json; charset=utf-8
cache-control: no-cache
content-length: 14

15:27:02.498 [AsyncHttpClient-1-7] DEBUG org.asynchttpclient.netty.channel.ChannelManager - Adding key: http://localhost:34799 for channel [id: 0x7237215a, L:/127.0.0.1:57915 - R:localhost/127.0.0.1:34799]
15:27:02.558 [AsyncHttpClient-1-7] DEBUG org.asynchttpclient.netty.handler.HttpHandler - Channel Closed: [id: 0x7237215a, L:/127.0.0.1:57915 ! R:localhost/127.0.0.1:34799] with attribute DISCARD
]]></system-out>
    <system-err><![CDATA[Starting ChromeDriver 113.0.5672.63 (0e1a4471d5ae5bf128b1bd8f4d627c8cbd55f70c-refs/branch-heads/5672@{#912}) on port 34799
Only local connections are allowed.
Please see https://chromedriver.chromium.org/security-considerations for suggestions on keeping ChromeDriver safe.
ChromeDriver was started successfully.
May 10, 2023 3:26:56 PM org.openqa.selenium.devtools.CdpVersionFinder findNearestMatch
WARNING: Unable to find CDP implementation matching 113
May 10, 2023 3:26:56 PM org.openqa.selenium.chromium.ChromiumDriver lambda$new$3
WARNING: Unable to find version of CDP to use for . You may need to include a dependency on a specific version of the CDP using something similar to `org.seleniumhq.selenium:selenium-devtools-v86:4.7.1` where the version ("v86") matches the version of the chromium-based browser you're using and the version number of the artifact is the same as Selenium's.
]]></system-err>
  </testcase>
  <testcase name="user tidak bisa register karena tidak input email" classname="register" time="7.23">
    <system-out><![CDATA[
@Register03-Web-Negative
Scenario: user tidak bisa register karena tidak input email &amp#27;[90m# src/test/resources/features/2. Register.feature:26&amp#27;[0m
15:27:02.631 [main] INFO io.cucumber.core.plugin.SerenityReporter - Running feature from file:///C:/Users/HP/Downloads/Mini-Project-QA/ALTASHOP%20WEB%20AUTOMATION/src/test/resources/features/2.%20Register.feature
15:27:02.631 [main] INFO  - 
  _____   ___   ___   _____     ___   _____     _     ___   _____   ___   ___  
 |_   _| | __| / __| |_   _|   / __| |_   _|   /_\   | _ \ |_   _| | __| |   \ 
   | |   | _|  \__ \   | |     \__ \   | |    / _ \  |   /   | |   | _|  | |) |
   |_|   |___| |___/   |_|     |___/   |_|   /_/ \_\ |_|_\   |_|   |___| |___/ 

user tidak bisa register karena tidak input email(register;user-tidak-bisa-register-karena-tidak-input-email)
--------------------------------------------------------------------------------
15:27:02.662 [main] DEBUG net.thucydides.core.steps.StepInterceptor - STARTING STEP: LoginSteps.userBeradaDiHomepageAlta - diHomepageAltaShop
15:27:02.709 [main] INFO net.serenitybdd.core.webdriver.driverproviders.ChromeDriverProvider - Starting Chrome driver instance with capabilities:
15:27:02.709 [main] INFO net.serenitybdd.core.webdriver.driverproviders.ChromeDriverProvider - Capabilities {acceptInsecureCerts: true, browserName: chrome, goog:chromeOptions: {args: [remote-allow-origins=*, test-type, no-sandbox, ignore-certificate-errors, start-maximized, incognito, disable-infobars, disable-gpu, disable-default-apps, disable-popup-blocking, remote-allow-origins=*, test-type, no-sandbox, ignore-certificate-errors, start-maximized, incognito, disable-infobars, disable-gpu, disable-default-apps, disable-popup-blocking], extensions: []}}
15:27:02.780 [AsyncHttpClient-1-10] DEBUG org.asynchttpclient.netty.channel.NettyConnectListener - Using new Channel '[id: 0xb624012d, L:/127.0.0.1:57942 - R:localhost/127.0.0.1:31868]' for 'POST' to '/session'
15:27:03.507 [AsyncHttpClient-1-10] DEBUG org.asynchttpclient.netty.handler.HttpHandler - 

Request DefaultHttpRequest(decodeResult: success, version: HTTP/1.1)
POST /session HTTP/1.1
User-Agent: selenium/4.7.1 (java windows)
Content-Length: 1629
Content-Type: application/json; charset=utf-8
host: localhost:31868
accept: */*

Response DefaultHttpResponse(decodeResult: success, version: HTTP/1.1)
HTTP/1.1 200 OK
Content-Type: application/json; charset=utf-8
cache-control: no-cache
content-length: 854

15:27:03.508 [AsyncHttpClient-1-10] DEBUG org.asynchttpclient.netty.channel.ChannelManager - Adding key: http://localhost:31868 for channel [id: 0xb624012d, L:/127.0.0.1:57942 - R:localhost/127.0.0.1:31868]
15:27:03.520 [AsyncHttpClient-1-11] DEBUG org.asynchttpclient.netty.channel.NettyConnectListener - Using new Channel '[id: 0x53bc81e4, L:/127.0.0.1:57949 - R:localhost/127.0.0.1:57943]' for 'GET' to '/json/version'
15:27:03.523 [AsyncHttpClient-1-11] DEBUG org.asynchttpclient.netty.handler.HttpHandler - 

Request DefaultFullHttpRequest(decodeResult: success, version: HTTP/1.1, content: EmptyByteBufBE)
GET /json/version HTTP/1.1
User-Agent: selenium/4.7.1 (java windows)
host: localhost:57943
accept: */*

Response DefaultHttpResponse(decodeResult: success, version: HTTP/1.1)
HTTP/1.1 200 OK
Content-Security-Policy: frame-ancestors 'none'
Content-Type: application/json; charset=UTF-8
content-length: 422

15:27:03.523 [AsyncHttpClient-1-11] DEBUG org.asynchttpclient.netty.channel.ChannelManager - Adding key: http://localhost:57943 for channel [id: 0x53bc81e4, L:/127.0.0.1:57949 - R:localhost/127.0.0.1:57943]
15:27:03.528 [AsyncHttpClient-1-12] DEBUG org.asynchttpclient.netty.channel.NettyConnectListener - Using new Channel '[id: 0x3e968472, L:/127.0.0.1:57950 - R:localhost/127.0.0.1:57943]' for 'GET' to '/devtools/browser/00d2f1d0-2216-4402-946c-e23c0f7a1d35'
15:27:03.530 [AsyncHttpClient-1-12] DEBUG org.asynchttpclient.netty.handler.WebSocketHandler - 

Request DefaultFullHttpRequest(decodeResult: success, version: HTTP/1.1, content: EmptyByteBufBE)
GET /devtools/browser/00d2f1d0-2216-4402-946c-e23c0f7a1d35 HTTP/1.1
upgrade: websocket
connection: upgrade
sec-websocket-key: NP6aDZYHgGjYQ6H46k1OLw==
sec-websocket-version: 13
origin: http://localhost:57943
host: localhost:57943
accept: */*
user-agent: AHC/2.1

Response DefaultHttpResponse(decodeResult: success, version: HTTP/1.1)
HTTP/1.1 101 WebSocket Protocol Handshake
Upgrade: WebSocket
Connection: Upgrade
Sec-WebSocket-Accept: hmcy9yDCA8VEsCJfmgnwVuwPBHk=

15:27:03.537 [Forwarding get on session 5f45a56e678da0a23fd0ce56018fbc0b to remote] DEBUG org.asynchttpclient.netty.request.NettyRequestSender - Using pooled Channel '[id: 0xb624012d, L:/127.0.0.1:57942 - R:localhost/127.0.0.1:31868]' for 'POST' to 'http://localhost:31868/session/5f45a56e678da0a23fd0ce56018fbc0b/url'
15:27:03.537 [Forwarding get on session 5f45a56e678da0a23fd0ce56018fbc0b to remote] DEBUG org.asynchttpclient.netty.request.NettyRequestSender - Using open Channel [id: 0xb624012d, L:/127.0.0.1:57942 - R:localhost/127.0.0.1:31868] for POST '/session/5f45a56e678da0a23fd0ce56018fbc0b/url'
15:27:03.546 [AsyncHttpClient-1-1] DEBUG org.asynchttpclient.netty.channel.DefaultChannelPool - Entry count for : http://localhost:34799 : 1
15:27:03.546 [AsyncHttpClient-1-1] DEBUG org.asynchttpclient.netty.channel.DefaultChannelPool - Entry count for : http://localhost:57943 : 1
15:27:03.546 [AsyncHttpClient-1-1] DEBUG org.asynchttpclient.netty.channel.DefaultChannelPool - Entry count for : http://localhost:57916 : 1
15:27:03.546 [AsyncHttpClient-1-1] DEBUG org.asynchttpclient.netty.channel.DefaultChannelPool - Adding Candidate expired Channel [id: 0x7237215a, L:/127.0.0.1:57915 ! R:localhost/127.0.0.1:34799] isIdleTimeoutExpired=false isRemotelyClosed=true isTtlExpired=false
15:27:03.546 [AsyncHttpClient-1-1] DEBUG org.asynchttpclient.netty.channel.DefaultChannelPool - Closing Idle Channel [id: 0x7237215a, L:/127.0.0.1:57915 ! R:localhost/127.0.0.1:34799]
15:27:03.546 [AsyncHttpClient-1-1] DEBUG org.asynchttpclient.netty.channel.DefaultChannelPool - Adding Candidate expired Channel [id: 0x9ab9ba17, L:/127.0.0.1:57923 ! R:localhost/127.0.0.1:57916] isIdleTimeoutExpired=false isRemotelyClosed=true isTtlExpired=false
15:27:03.546 [AsyncHttpClient-1-1] DEBUG org.asynchttpclient.netty.channel.DefaultChannelPool - Closing Idle Channel [id: 0x9ab9ba17, L:/127.0.0.1:57923 ! R:localhost/127.0.0.1:57916]
15:27:03.546 [AsyncHttpClient-1-1] DEBUG org.asynchttpclient.netty.channel.DefaultChannelPool - Closed 2 connections out of 3 in 0 ms
15:27:04.651 [AsyncHttpClient-1-1] DEBUG org.asynchttpclient.netty.channel.DefaultChannelPool - Entry count for : http://localhost:57943 : 1
15:27:05.049 [AsyncHttpClient-1-10] DEBUG org.asynchttpclient.netty.handler.HttpHandler - 

Request DefaultHttpRequest(decodeResult: success, version: HTTP/1.1)
POST /session/5f45a56e678da0a23fd0ce56018fbc0b/url HTTP/1.1
User-Agent: selenium/4.7.1 (java windows)
Content-Length: 59
Content-Type: application/json; charset=utf-8
host: localhost:31868
accept: */*

Response DefaultHttpResponse(decodeResult: success, version: HTTP/1.1)
HTTP/1.1 200 OK
Content-Type: application/json; charset=utf-8
cache-control: no-cache
content-length: 14

15:27:05.050 [AsyncHttpClient-1-10] DEBUG org.asynchttpclient.netty.channel.ChannelManager - Adding key: http://localhost:31868 for channel [id: 0xb624012d, L:/127.0.0.1:57942 - R:localhost/127.0.0.1:31868]
15:27:05.051 [Forwarding setTimeout on session 5f45a56e678da0a23fd0ce56018fbc0b to remote] DEBUG org.asynchttpclient.netty.request.NettyRequestSender - Using pooled Channel '[id: 0xb624012d, L:/127.0.0.1:57942 - R:localhost/127.0.0.1:31868]' for 'POST' to 'http://localhost:31868/session/5f45a56e678da0a23fd0ce56018fbc0b/timeouts'
15:27:05.051 [Forwarding setTimeout on session 5f45a56e678da0a23fd0ce56018fbc0b to remote] DEBUG org.asynchttpclient.netty.request.NettyRequestSender - Using open Channel [id: 0xb624012d, L:/127.0.0.1:57942 - R:localhost/127.0.0.1:31868] for POST '/session/5f45a56e678da0a23fd0ce56018fbc0b/timeouts'
15:27:05.052 [AsyncHttpClient-1-10] DEBUG org.asynchttpclient.netty.handler.HttpHandler - 

Request DefaultHttpRequest(decodeResult: success, version: HTTP/1.1)
POST /session/5f45a56e678da0a23fd0ce56018fbc0b/timeouts HTTP/1.1
User-Agent: selenium/4.7.1 (java windows)
Content-Length: 22
Content-Type: application/json; charset=utf-8
host: localhost:31868
accept: */*

Response DefaultHttpResponse(decodeResult: success, version: HTTP/1.1)
HTTP/1.1 200 OK
Content-Type: application/json; charset=utf-8
cache-control: no-cache
content-length: 14

15:27:05.053 [AsyncHttpClient-1-10] DEBUG org.asynchttpclient.netty.channel.ChannelManager - Adding key: http://localhost:31868 for channel [id: 0xb624012d, L:/127.0.0.1:57942 - R:localhost/127.0.0.1:31868]
15:27:05.056 [Forwarding getCurrentUrl on session 5f45a56e678da0a23fd0ce56018fbc0b to remote] DEBUG org.asynchttpclient.netty.request.NettyRequestSender - Using pooled Channel '[id: 0xb624012d, L:/127.0.0.1:57942 - R:localhost/127.0.0.1:31868]' for 'GET' to 'http://localhost:31868/session/5f45a56e678da0a23fd0ce56018fbc0b/url'
15:27:05.056 [Forwarding getCurrentUrl on session 5f45a56e678da0a23fd0ce56018fbc0b to remote] DEBUG org.asynchttpclient.netty.request.NettyRequestSender - Using open Channel [id: 0xb624012d, L:/127.0.0.1:57942 - R:localhost/127.0.0.1:31868] for GET '/session/5f45a56e678da0a23fd0ce56018fbc0b/url'
15:27:05.063 [AsyncHttpClient-1-10] DEBUG org.asynchttpclient.netty.handler.HttpHandler - 

Request DefaultFullHttpRequest(decodeResult: success, version: HTTP/1.1, content: EmptyByteBufBE)
GET /session/5f45a56e678da0a23fd0ce56018fbc0b/url HTTP/1.1
User-Agent: selenium/4.7.1 (java windows)
Cache-Control: no-cache
Content-Type: application/json; charset=utf-8
host: localhost:31868
accept: */*

Response DefaultHttpResponse(decodeResult: success, version: HTTP/1.1)
HTTP/1.1 200 OK
Content-Type: application/json; charset=utf-8
cache-control: no-cache
content-length: 41

15:27:05.063 [AsyncHttpClient-1-10] DEBUG org.asynchttpclient.netty.channel.ChannelManager - Adding key: http://localhost:31868 for channel [id: 0xb624012d, L:/127.0.0.1:57942 - R:localhost/127.0.0.1:31868]
15:27:05.066 [Forwarding getCurrentUrl on session 5f45a56e678da0a23fd0ce56018fbc0b to remote] DEBUG org.asynchttpclient.netty.request.NettyRequestSender - Using pooled Channel '[id: 0xb624012d, L:/127.0.0.1:57942 - R:localhost/127.0.0.1:31868]' for 'GET' to 'http://localhost:31868/session/5f45a56e678da0a23fd0ce56018fbc0b/url'
15:27:05.066 [Forwarding getCurrentUrl on session 5f45a56e678da0a23fd0ce56018fbc0b to remote] DEBUG org.asynchttpclient.netty.request.NettyRequestSender - Using open Channel [id: 0xb624012d, L:/127.0.0.1:57942 - R:localhost/127.0.0.1:31868] for GET '/session/5f45a56e678da0a23fd0ce56018fbc0b/url'
15:27:05.071 [AsyncHttpClient-1-10] DEBUG org.asynchttpclient.netty.handler.HttpHandler - 

Request DefaultFullHttpRequest(decodeResult: success, version: HTTP/1.1, content: EmptyByteBufBE)
GET /session/5f45a56e678da0a23fd0ce56018fbc0b/url HTTP/1.1
User-Agent: selenium/4.7.1 (java windows)
Cache-Control: no-cache
Content-Type: application/json; charset=utf-8
host: localhost:31868
accept: */*

Response DefaultHttpResponse(decodeResult: success, version: HTTP/1.1)
HTTP/1.1 200 OK
Content-Type: application/json; charset=utf-8
cache-control: no-cache
content-length: 41

15:27:05.071 [AsyncHttpClient-1-10] DEBUG org.asynchttpclient.netty.channel.ChannelManager - Adding key: http://localhost:31868 for channel [id: 0xb624012d, L:/127.0.0.1:57942 - R:localhost/127.0.0.1:31868]
15:27:05.074 [Forwarding findElement on session 5f45a56e678da0a23fd0ce56018fbc0b to remote] DEBUG org.asynchttpclient.netty.request.NettyRequestSender - Using pooled Channel '[id: 0xb624012d, L:/127.0.0.1:57942 - R:localhost/127.0.0.1:31868]' for 'POST' to 'http://localhost:31868/session/5f45a56e678da0a23fd0ce56018fbc0b/element'
15:27:05.074 [Forwarding findElement on session 5f45a56e678da0a23fd0ce56018fbc0b to remote] DEBUG org.asynchttpclient.netty.request.NettyRequestSender - Using open Channel [id: 0xb624012d, L:/127.0.0.1:57942 - R:localhost/127.0.0.1:31868] for POST '/session/5f45a56e678da0a23fd0ce56018fbc0b/element'
15:27:05.090 [AsyncHttpClient-1-10] DEBUG org.asynchttpclient.netty.handler.HttpHandler - 

Request DefaultHttpRequest(decodeResult: success, version: HTTP/1.1)
POST /session/5f45a56e678da0a23fd0ce56018fbc0b/element HTTP/1.1
User-Agent: selenium/4.7.1 (java windows)
Content-Length: 108
Content-Type: application/json; charset=utf-8
host: localhost:31868
accept: */*

Response DefaultHttpResponse(decodeResult: success, version: HTTP/1.1)
HTTP/1.1 200 OK
Content-Type: application/json; charset=utf-8
cache-control: no-cache
content-length: 94

15:27:05.090 [AsyncHttpClient-1-10] DEBUG org.asynchttpclient.netty.channel.ChannelManager - Adding key: http://localhost:31868 for channel [id: 0xb624012d, L:/127.0.0.1:57942 - R:localhost/127.0.0.1:31868]
15:27:05.093 [Forwarding isElementDisplayed on session 5f45a56e678da0a23fd0ce56018fbc0b to remote] DEBUG org.asynchttpclient.netty.request.NettyRequestSender - Using pooled Channel '[id: 0xb624012d, L:/127.0.0.1:57942 - R:localhost/127.0.0.1:31868]' for 'POST' to 'http://localhost:31868/session/5f45a56e678da0a23fd0ce56018fbc0b/execute/sync'
15:27:05.094 [Forwarding isElementDisplayed on session 5f45a56e678da0a23fd0ce56018fbc0b to remote] DEBUG org.asynchttpclient.netty.request.NettyRequestSender - Using open Channel [id: 0xb624012d, L:/127.0.0.1:57942 - R:localhost/127.0.0.1:31868] for POST '/session/5f45a56e678da0a23fd0ce56018fbc0b/execute/sync'
15:27:05.116 [AsyncHttpClient-1-10] DEBUG org.asynchttpclient.netty.handler.HttpHandler - 

Request DefaultHttpRequest(decodeResult: success, version: HTTP/1.1)
POST /session/5f45a56e678da0a23fd0ce56018fbc0b/execute/sync HTTP/1.1
User-Agent: selenium/4.7.1 (java windows)
Content-Length: 48786
Content-Type: application/json; charset=utf-8
host: localhost:31868
accept: */*

Response DefaultHttpResponse(decodeResult: success, version: HTTP/1.1)
HTTP/1.1 200 OK
Content-Type: application/json; charset=utf-8
cache-control: no-cache
content-length: 14

15:27:05.116 [AsyncHttpClient-1-10] DEBUG org.asynchttpclient.netty.channel.ChannelManager - Adding key: http://localhost:31868 for channel [id: 0xb624012d, L:/127.0.0.1:57942 - R:localhost/127.0.0.1:31868]
15:27:05.120 [Forwarding isElementDisplayed on session 5f45a56e678da0a23fd0ce56018fbc0b to remote] DEBUG org.asynchttpclient.netty.request.NettyRequestSender - Using pooled Channel '[id: 0xb624012d, L:/127.0.0.1:57942 - R:localhost/127.0.0.1:31868]' for 'POST' to 'http://localhost:31868/session/5f45a56e678da0a23fd0ce56018fbc0b/execute/sync'
15:27:05.120 [Forwarding isElementDisplayed on session 5f45a56e678da0a23fd0ce56018fbc0b to remote] DEBUG org.asynchttpclient.netty.request.NettyRequestSender - Using open Channel [id: 0xb624012d, L:/127.0.0.1:57942 - R:localhost/127.0.0.1:31868] for POST '/session/5f45a56e678da0a23fd0ce56018fbc0b/execute/sync'
15:27:05.143 [AsyncHttpClient-1-10] DEBUG org.asynchttpclient.netty.handler.HttpHandler - 

Request DefaultHttpRequest(decodeResult: success, version: HTTP/1.1)
POST /session/5f45a56e678da0a23fd0ce56018fbc0b/execute/sync HTTP/1.1
User-Agent: selenium/4.7.1 (java windows)
Content-Length: 48786
Content-Type: application/json; charset=utf-8
host: localhost:31868
accept: */*

Response DefaultHttpResponse(decodeResult: success, version: HTTP/1.1)
HTTP/1.1 200 OK
Content-Type: application/json; charset=utf-8
cache-control: no-cache
content-length: 14

15:27:05.143 [AsyncHttpClient-1-10] DEBUG org.asynchttpclient.netty.channel.ChannelManager - Adding key: http://localhost:31868 for channel [id: 0xb624012d, L:/127.0.0.1:57942 - R:localhost/127.0.0.1:31868]
15:27:05.149 [Forwarding getCurrentWindowHandle on session 5f45a56e678da0a23fd0ce56018fbc0b to remote] DEBUG org.asynchttpclient.netty.request.NettyRequestSender - Using pooled Channel '[id: 0xb624012d, L:/127.0.0.1:57942 - R:localhost/127.0.0.1:31868]' for 'GET' to 'http://localhost:31868/session/5f45a56e678da0a23fd0ce56018fbc0b/window'
15:27:05.149 [Forwarding getCurrentWindowHandle on session 5f45a56e678da0a23fd0ce56018fbc0b to remote] DEBUG org.asynchttpclient.netty.request.NettyRequestSender - Using open Channel [id: 0xb624012d, L:/127.0.0.1:57942 - R:localhost/127.0.0.1:31868] for GET '/session/5f45a56e678da0a23fd0ce56018fbc0b/window'
15:27:05.150 [AsyncHttpClient-1-10] DEBUG org.asynchttpclient.netty.handler.HttpHandler - 

Request DefaultFullHttpRequest(decodeResult: success, version: HTTP/1.1, content: EmptyByteBufBE)
GET /session/5f45a56e678da0a23fd0ce56018fbc0b/window HTTP/1.1
User-Agent: selenium/4.7.1 (java windows)
Cache-Control: no-cache
Content-Type: application/json; charset=utf-8
host: localhost:31868
accept: */*

Response DefaultHttpResponse(decodeResult: success, version: HTTP/1.1)
HTTP/1.1 200 OK
Content-Type: application/json; charset=utf-8
cache-control: no-cache
content-length: 44

15:27:05.150 [AsyncHttpClient-1-10] DEBUG org.asynchttpclient.netty.channel.ChannelManager - Adding key: http://localhost:31868 for channel [id: 0xb624012d, L:/127.0.0.1:57942 - R:localhost/127.0.0.1:31868]
15:27:05.151 [Forwarding getAlertText on session 5f45a56e678da0a23fd0ce56018fbc0b to remote] DEBUG org.asynchttpclient.netty.request.NettyRequestSender - Using pooled Channel '[id: 0xb624012d, L:/127.0.0.1:57942 - R:localhost/127.0.0.1:31868]' for 'GET' to 'http://localhost:31868/session/5f45a56e678da0a23fd0ce56018fbc0b/alert/text'
15:27:05.151 [Forwarding getAlertText on session 5f45a56e678da0a23fd0ce56018fbc0b to remote] DEBUG org.asynchttpclient.netty.request.NettyRequestSender - Using open Channel [id: 0xb624012d, L:/127.0.0.1:57942 - R:localhost/127.0.0.1:31868] for GET '/session/5f45a56e678da0a23fd0ce56018fbc0b/alert/text'
15:27:05.154 [AsyncHttpClient-1-10] DEBUG org.asynchttpclient.netty.handler.HttpHandler - 

Request DefaultFullHttpRequest(decodeResult: success, version: HTTP/1.1, content: EmptyByteBufBE)
GET /session/5f45a56e678da0a23fd0ce56018fbc0b/alert/text HTTP/1.1
User-Agent: selenium/4.7.1 (java windows)
Cache-Control: no-cache
Content-Type: application/json; charset=utf-8
host: localhost:31868
accept: */*

Response DefaultHttpResponse(decodeResult: success, version: HTTP/1.1)
HTTP/1.1 404 Not Found
Content-Type: application/json; charset=utf-8
cache-control: no-cache
content-length: 820

15:27:05.154 [AsyncHttpClient-1-10] DEBUG org.asynchttpclient.netty.channel.ChannelManager - Adding key: http://localhost:31868 for channel [id: 0xb624012d, L:/127.0.0.1:57942 - R:localhost/127.0.0.1:31868]
15:27:05.156 [Forwarding switchToWindow on session 5f45a56e678da0a23fd0ce56018fbc0b to remote] DEBUG org.asynchttpclient.netty.request.NettyRequestSender - Using pooled Channel '[id: 0xb624012d, L:/127.0.0.1:57942 - R:localhost/127.0.0.1:31868]' for 'POST' to 'http://localhost:31868/session/5f45a56e678da0a23fd0ce56018fbc0b/window'
15:27:05.156 [Forwarding switchToWindow on session 5f45a56e678da0a23fd0ce56018fbc0b to remote] DEBUG org.asynchttpclient.netty.request.NettyRequestSender - Using open Channel [id: 0xb624012d, L:/127.0.0.1:57942 - R:localhost/127.0.0.1:31868] for POST '/session/5f45a56e678da0a23fd0ce56018fbc0b/window'
15:27:05.159 [AsyncHttpClient-1-10] DEBUG org.asynchttpclient.netty.handler.HttpHandler - 

Request DefaultHttpRequest(decodeResult: success, version: HTTP/1.1)
POST /session/5f45a56e678da0a23fd0ce56018fbc0b/window HTTP/1.1
User-Agent: selenium/4.7.1 (java windows)
Content-Length: 50
Content-Type: application/json; charset=utf-8
host: localhost:31868
accept: */*

Response DefaultHttpResponse(decodeResult: success, version: HTTP/1.1)
HTTP/1.1 200 OK
Content-Type: application/json; charset=utf-8
cache-control: no-cache
content-length: 14

15:27:05.159 [AsyncHttpClient-1-10] DEBUG org.asynchttpclient.netty.channel.ChannelManager - Adding key: http://localhost:31868 for channel [id: 0xb624012d, L:/127.0.0.1:57942 - R:localhost/127.0.0.1:31868]
15:27:05.160 [Forwarding getCurrentUrl on session 5f45a56e678da0a23fd0ce56018fbc0b to remote] DEBUG org.asynchttpclient.netty.request.NettyRequestSender - Using pooled Channel '[id: 0xb624012d, L:/127.0.0.1:57942 - R:localhost/127.0.0.1:31868]' for 'GET' to 'http://localhost:31868/session/5f45a56e678da0a23fd0ce56018fbc0b/url'
15:27:05.160 [Forwarding getCurrentUrl on session 5f45a56e678da0a23fd0ce56018fbc0b to remote] DEBUG org.asynchttpclient.netty.request.NettyRequestSender - Using open Channel [id: 0xb624012d, L:/127.0.0.1:57942 - R:localhost/127.0.0.1:31868] for GET '/session/5f45a56e678da0a23fd0ce56018fbc0b/url'
15:27:05.165 [AsyncHttpClient-1-10] DEBUG org.asynchttpclient.netty.handler.HttpHandler - 

Request DefaultFullHttpRequest(decodeResult: success, version: HTTP/1.1, content: EmptyByteBufBE)
GET /session/5f45a56e678da0a23fd0ce56018fbc0b/url HTTP/1.1
User-Agent: selenium/4.7.1 (java windows)
Cache-Control: no-cache
Content-Type: application/json; charset=utf-8
host: localhost:31868
accept: */*

Response DefaultHttpResponse(decodeResult: success, version: HTTP/1.1)
HTTP/1.1 200 OK
Content-Type: application/json; charset=utf-8
cache-control: no-cache
content-length: 41

15:27:05.165 [AsyncHttpClient-1-10] DEBUG org.asynchttpclient.netty.channel.ChannelManager - Adding key: http://localhost:31868 for channel [id: 0xb624012d, L:/127.0.0.1:57942 - R:localhost/127.0.0.1:31868]
15:27:05.166 [Forwarding screenshot on session 5f45a56e678da0a23fd0ce56018fbc0b to remote] DEBUG org.asynchttpclient.netty.request.NettyRequestSender - Using pooled Channel '[id: 0xb624012d, L:/127.0.0.1:57942 - R:localhost/127.0.0.1:31868]' for 'GET' to 'http://localhost:31868/session/5f45a56e678da0a23fd0ce56018fbc0b/screenshot'
15:27:05.166 [Forwarding screenshot on session 5f45a56e678da0a23fd0ce56018fbc0b to remote] DEBUG org.asynchttpclient.netty.request.NettyRequestSender - Using open Channel [id: 0xb624012d, L:/127.0.0.1:57942 - R:localhost/127.0.0.1:31868] for GET '/session/5f45a56e678da0a23fd0ce56018fbc0b/screenshot'
15:27:05.281 [AsyncHttpClient-1-10] DEBUG org.asynchttpclient.netty.handler.HttpHandler - 

Request DefaultFullHttpRequest(decodeResult: success, version: HTTP/1.1, content: EmptyByteBufBE)
GET /session/5f45a56e678da0a23fd0ce56018fbc0b/screenshot HTTP/1.1
User-Agent: selenium/4.7.1 (java windows)
Cache-Control: no-cache
Content-Type: application/json; charset=utf-8
host: localhost:31868
accept: */*

Response DefaultHttpResponse(decodeResult: success, version: HTTP/1.1)
HTTP/1.1 200 OK
Content-Type: application/json; charset=utf-8
cache-control: no-cache
content-length: 37016

15:27:05.282 [AsyncHttpClient-1-10] DEBUG org.asynchttpclient.netty.channel.ChannelManager - Adding key: http://localhost:31868 for channel [id: 0xb624012d, L:/127.0.0.1:57942 - R:localhost/127.0.0.1:31868]
15:27:05.283 [main] DEBUG net.serenitybdd.core.photography.Darkroom - Send negative for processing for target\site\serenity\dcad393e5f5f3807655df5d3e73477aaefcae3e02e7a81377ae6f8f21c156402.png
15:27:05.283 [main] DEBUG net.thucydides.core.steps.StepInterceptor - STEP DONE: diHomepageAltaShop
  &amp#27;[32mGiven &amp#27;[0m&amp#27;[32muser berada di Homepage AltaShop&amp#27;[0m                    &amp#27;[90m# starter.stepdefinitions.LoginSteps.userBeradaDiHomepageAlta()&amp#27;[0m
15:27:05.296 [main] DEBUG net.thucydides.core.steps.StepInterceptor - STARTING STEP: LoginSteps.userKlikButtonLogin - klikButtonLogin
15:27:05.298 [Forwarding findElement on session 5f45a56e678da0a23fd0ce56018fbc0b to remote] DEBUG org.asynchttpclient.netty.request.NettyRequestSender - Using pooled Channel '[id: 0xb624012d, L:/127.0.0.1:57942 - R:localhost/127.0.0.1:31868]' for 'POST' to 'http://localhost:31868/session/5f45a56e678da0a23fd0ce56018fbc0b/element'
15:27:05.298 [Forwarding findElement on session 5f45a56e678da0a23fd0ce56018fbc0b to remote] DEBUG org.asynchttpclient.netty.request.NettyRequestSender - Using open Channel [id: 0xb624012d, L:/127.0.0.1:57942 - R:localhost/127.0.0.1:31868] for POST '/session/5f45a56e678da0a23fd0ce56018fbc0b/element'
15:27:05.309 [AsyncHttpClient-1-10] DEBUG org.asynchttpclient.netty.handler.HttpHandler - 

Request DefaultHttpRequest(decodeResult: success, version: HTTP/1.1)
POST /session/5f45a56e678da0a23fd0ce56018fbc0b/element HTTP/1.1
User-Agent: selenium/4.7.1 (java windows)
Content-Length: 108
Content-Type: application/json; charset=utf-8
host: localhost:31868
accept: */*

Response DefaultHttpResponse(decodeResult: success, version: HTTP/1.1)
HTTP/1.1 200 OK
Content-Type: application/json; charset=utf-8
cache-control: no-cache
content-length: 94

15:27:05.309 [AsyncHttpClient-1-10] DEBUG org.asynchttpclient.netty.channel.ChannelManager - Adding key: http://localhost:31868 for channel [id: 0xb624012d, L:/127.0.0.1:57942 - R:localhost/127.0.0.1:31868]
15:27:05.310 [Forwarding getElementTagName on session 5f45a56e678da0a23fd0ce56018fbc0b to remote] DEBUG org.asynchttpclient.netty.request.NettyRequestSender - Using pooled Channel '[id: 0xb624012d, L:/127.0.0.1:57942 - R:localhost/127.0.0.1:31868]' for 'GET' to 'http://localhost:31868/session/5f45a56e678da0a23fd0ce56018fbc0b/element/A1BC1882B3B8A62042BCF305107E5C20_element_5/name'
15:27:05.310 [Forwarding getElementTagName on session 5f45a56e678da0a23fd0ce56018fbc0b to remote] DEBUG org.asynchttpclient.netty.request.NettyRequestSender - Using open Channel [id: 0xb624012d, L:/127.0.0.1:57942 - R:localhost/127.0.0.1:31868] for GET '/session/5f45a56e678da0a23fd0ce56018fbc0b/element/A1BC1882B3B8A62042BCF305107E5C20_element_5/name'
15:27:05.316 [AsyncHttpClient-1-10] DEBUG org.asynchttpclient.netty.handler.HttpHandler - 

Request DefaultFullHttpRequest(decodeResult: success, version: HTTP/1.1, content: EmptyByteBufBE)
GET /session/5f45a56e678da0a23fd0ce56018fbc0b/element/A1BC1882B3B8A62042BCF305107E5C20_element_5/name HTTP/1.1
User-Agent: selenium/4.7.1 (java windows)
Cache-Control: no-cache
Content-Type: application/json; charset=utf-8
host: localhost:31868
accept: */*

Response DefaultHttpResponse(decodeResult: success, version: HTTP/1.1)
HTTP/1.1 200 OK
Content-Type: application/json; charset=utf-8
cache-control: no-cache
content-length: 18

15:27:05.316 [AsyncHttpClient-1-10] DEBUG org.asynchttpclient.netty.channel.ChannelManager - Adding key: http://localhost:31868 for channel [id: 0xb624012d, L:/127.0.0.1:57942 - R:localhost/127.0.0.1:31868]
15:27:05.317 [Forwarding getElementTagName on session 5f45a56e678da0a23fd0ce56018fbc0b to remote] DEBUG org.asynchttpclient.netty.request.NettyRequestSender - Using pooled Channel '[id: 0xb624012d, L:/127.0.0.1:57942 - R:localhost/127.0.0.1:31868]' for 'GET' to 'http://localhost:31868/session/5f45a56e678da0a23fd0ce56018fbc0b/element/A1BC1882B3B8A62042BCF305107E5C20_element_5/name'
15:27:05.317 [Forwarding getElementTagName on session 5f45a56e678da0a23fd0ce56018fbc0b to remote] DEBUG org.asynchttpclient.netty.request.NettyRequestSender - Using open Channel [id: 0xb624012d, L:/127.0.0.1:57942 - R:localhost/127.0.0.1:31868] for GET '/session/5f45a56e678da0a23fd0ce56018fbc0b/element/A1BC1882B3B8A62042BCF305107E5C20_element_5/name'
15:27:05.323 [AsyncHttpClient-1-10] DEBUG org.asynchttpclient.netty.handler.HttpHandler - 

Request DefaultFullHttpRequest(decodeResult: success, version: HTTP/1.1, content: EmptyByteBufBE)
GET /session/5f45a56e678da0a23fd0ce56018fbc0b/element/A1BC1882B3B8A62042BCF305107E5C20_element_5/name HTTP/1.1
User-Agent: selenium/4.7.1 (java windows)
Cache-Control: no-cache
Content-Type: application/json; charset=utf-8
host: localhost:31868
accept: */*

Response DefaultHttpResponse(decodeResult: success, version: HTTP/1.1)
HTTP/1.1 200 OK
Content-Type: application/json; charset=utf-8
cache-control: no-cache
content-length: 18

15:27:05.323 [AsyncHttpClient-1-10] DEBUG org.asynchttpclient.netty.channel.ChannelManager - Adding key: http://localhost:31868 for channel [id: 0xb624012d, L:/127.0.0.1:57942 - R:localhost/127.0.0.1:31868]
15:27:05.326 [Forwarding isElementEnabled on session 5f45a56e678da0a23fd0ce56018fbc0b to remote] DEBUG org.asynchttpclient.netty.request.NettyRequestSender - Using pooled Channel '[id: 0xb624012d, L:/127.0.0.1:57942 - R:localhost/127.0.0.1:31868]' for 'GET' to 'http://localhost:31868/session/5f45a56e678da0a23fd0ce56018fbc0b/element/A1BC1882B3B8A62042BCF305107E5C20_element_5/enabled'
15:27:05.326 [Forwarding isElementEnabled on session 5f45a56e678da0a23fd0ce56018fbc0b to remote] DEBUG org.asynchttpclient.netty.request.NettyRequestSender - Using open Channel [id: 0xb624012d, L:/127.0.0.1:57942 - R:localhost/127.0.0.1:31868] for GET '/session/5f45a56e678da0a23fd0ce56018fbc0b/element/A1BC1882B3B8A62042BCF305107E5C20_element_5/enabled'
15:27:05.337 [AsyncHttpClient-1-10] DEBUG org.asynchttpclient.netty.handler.HttpHandler - 

Request DefaultFullHttpRequest(decodeResult: success, version: HTTP/1.1, content: EmptyByteBufBE)
GET /session/5f45a56e678da0a23fd0ce56018fbc0b/element/A1BC1882B3B8A62042BCF305107E5C20_element_5/enabled HTTP/1.1
User-Agent: selenium/4.7.1 (java windows)
Cache-Control: no-cache
Content-Type: application/json; charset=utf-8
host: localhost:31868
accept: */*

Response DefaultHttpResponse(decodeResult: success, version: HTTP/1.1)
HTTP/1.1 200 OK
Content-Type: application/json; charset=utf-8
cache-control: no-cache
content-length: 14

15:27:05.337 [AsyncHttpClient-1-10] DEBUG org.asynchttpclient.netty.channel.ChannelManager - Adding key: http://localhost:31868 for channel [id: 0xb624012d, L:/127.0.0.1:57942 - R:localhost/127.0.0.1:31868]
15:27:05.338 [Forwarding isElementEnabled on session 5f45a56e678da0a23fd0ce56018fbc0b to remote] DEBUG org.asynchttpclient.netty.request.NettyRequestSender - Using pooled Channel '[id: 0xb624012d, L:/127.0.0.1:57942 - R:localhost/127.0.0.1:31868]' for 'GET' to 'http://localhost:31868/session/5f45a56e678da0a23fd0ce56018fbc0b/element/A1BC1882B3B8A62042BCF305107E5C20_element_5/enabled'
15:27:05.338 [Forwarding isElementEnabled on session 5f45a56e678da0a23fd0ce56018fbc0b to remote] DEBUG org.asynchttpclient.netty.request.NettyRequestSender - Using open Channel [id: 0xb624012d, L:/127.0.0.1:57942 - R:localhost/127.0.0.1:31868] for GET '/session/5f45a56e678da0a23fd0ce56018fbc0b/element/A1BC1882B3B8A62042BCF305107E5C20_element_5/enabled'
15:27:05.746 [AsyncHttpClient-1-1] DEBUG org.asynchttpclient.netty.channel.DefaultChannelPool - Entry count for : http://localhost:57943 : 1
15:27:06.857 [AsyncHttpClient-1-1] DEBUG org.asynchttpclient.netty.channel.DefaultChannelPool - Entry count for : http://localhost:57943 : 1
15:27:07.759 [AsyncHttpClient-1-10] DEBUG org.asynchttpclient.netty.handler.HttpHandler - 

Request DefaultFullHttpRequest(decodeResult: success, version: HTTP/1.1, content: EmptyByteBufBE)
GET /session/5f45a56e678da0a23fd0ce56018fbc0b/element/A1BC1882B3B8A62042BCF305107E5C20_element_5/enabled HTTP/1.1
User-Agent: selenium/4.7.1 (java windows)
Cache-Control: no-cache
Content-Type: application/json; charset=utf-8
host: localhost:31868
accept: */*

Response DefaultHttpResponse(decodeResult: success, version: HTTP/1.1)
HTTP/1.1 200 OK
Content-Type: application/json; charset=utf-8
cache-control: no-cache
content-length: 14

15:27:07.759 [AsyncHttpClient-1-10] DEBUG org.asynchttpclient.netty.channel.ChannelManager - Adding key: http://localhost:31868 for channel [id: 0xb624012d, L:/127.0.0.1:57942 - R:localhost/127.0.0.1:31868]
15:27:07.761 [Forwarding findElement on session 5f45a56e678da0a23fd0ce56018fbc0b to remote] DEBUG org.asynchttpclient.netty.request.NettyRequestSender - Using pooled Channel '[id: 0xb624012d, L:/127.0.0.1:57942 - R:localhost/127.0.0.1:31868]' for 'POST' to 'http://localhost:31868/session/5f45a56e678da0a23fd0ce56018fbc0b/element'
15:27:07.761 [Forwarding findElement on session 5f45a56e678da0a23fd0ce56018fbc0b to remote] DEBUG org.asynchttpclient.netty.request.NettyRequestSender - Using open Channel [id: 0xb624012d, L:/127.0.0.1:57942 - R:localhost/127.0.0.1:31868] for POST '/session/5f45a56e678da0a23fd0ce56018fbc0b/element'
15:27:07.786 [AsyncHttpClient-1-10] DEBUG org.asynchttpclient.netty.handler.HttpHandler - 

Request DefaultHttpRequest(decodeResult: success, version: HTTP/1.1)
POST /session/5f45a56e678da0a23fd0ce56018fbc0b/element HTTP/1.1
User-Agent: selenium/4.7.1 (java windows)
Content-Length: 108
Content-Type: application/json; charset=utf-8
host: localhost:31868
accept: */*

Response DefaultHttpResponse(decodeResult: success, version: HTTP/1.1)
HTTP/1.1 200 OK
Content-Type: application/json; charset=utf-8
cache-control: no-cache
content-length: 94

15:27:07.786 [AsyncHttpClient-1-10] DEBUG org.asynchttpclient.netty.channel.ChannelManager - Adding key: http://localhost:31868 for channel [id: 0xb624012d, L:/127.0.0.1:57942 - R:localhost/127.0.0.1:31868]
15:27:07.787 [Forwarding clickElement on session 5f45a56e678da0a23fd0ce56018fbc0b to remote] DEBUG org.asynchttpclient.netty.request.NettyRequestSender - Using pooled Channel '[id: 0xb624012d, L:/127.0.0.1:57942 - R:localhost/127.0.0.1:31868]' for 'POST' to 'http://localhost:31868/session/5f45a56e678da0a23fd0ce56018fbc0b/element/A1BC1882B3B8A62042BCF305107E5C20_element_5/click'
15:27:07.788 [Forwarding clickElement on session 5f45a56e678da0a23fd0ce56018fbc0b to remote] DEBUG org.asynchttpclient.netty.request.NettyRequestSender - Using open Channel [id: 0xb624012d, L:/127.0.0.1:57942 - R:localhost/127.0.0.1:31868] for POST '/session/5f45a56e678da0a23fd0ce56018fbc0b/element/A1BC1882B3B8A62042BCF305107E5C20_element_5/click'
15:27:07.859 [AsyncHttpClient-1-10] DEBUG org.asynchttpclient.netty.handler.HttpHandler - 

Request DefaultHttpRequest(decodeResult: success, version: HTTP/1.1)
POST /session/5f45a56e678da0a23fd0ce56018fbc0b/element/A1BC1882B3B8A62042BCF305107E5C20_element_5/click HTTP/1.1
User-Agent: selenium/4.7.1 (java windows)
Content-Length: 56
Content-Type: application/json; charset=utf-8
host: localhost:31868
accept: */*

Response DefaultHttpResponse(decodeResult: success, version: HTTP/1.1)
HTTP/1.1 200 OK
Content-Type: application/json; charset=utf-8
cache-control: no-cache
content-length: 14

15:27:07.859 [AsyncHttpClient-1-10] DEBUG org.asynchttpclient.netty.channel.ChannelManager - Adding key: http://localhost:31868 for channel [id: 0xb624012d, L:/127.0.0.1:57942 - R:localhost/127.0.0.1:31868]
15:27:07.867 [Forwarding getCurrentWindowHandle on session 5f45a56e678da0a23fd0ce56018fbc0b to remote] DEBUG org.asynchttpclient.netty.request.NettyRequestSender - Using pooled Channel '[id: 0xb624012d, L:/127.0.0.1:57942 - R:localhost/127.0.0.1:31868]' for 'GET' to 'http://localhost:31868/session/5f45a56e678da0a23fd0ce56018fbc0b/window'
15:27:07.867 [Forwarding getCurrentWindowHandle on session 5f45a56e678da0a23fd0ce56018fbc0b to remote] DEBUG org.asynchttpclient.netty.request.NettyRequestSender - Using open Channel [id: 0xb624012d, L:/127.0.0.1:57942 - R:localhost/127.0.0.1:31868] for GET '/session/5f45a56e678da0a23fd0ce56018fbc0b/window'
15:27:07.868 [AsyncHttpClient-1-10] DEBUG org.asynchttpclient.netty.handler.HttpHandler - 

Request DefaultFullHttpRequest(decodeResult: success, version: HTTP/1.1, content: EmptyByteBufBE)
GET /session/5f45a56e678da0a23fd0ce56018fbc0b/window HTTP/1.1
User-Agent: selenium/4.7.1 (java windows)
Cache-Control: no-cache
Content-Type: application/json; charset=utf-8
host: localhost:31868
accept: */*

Response DefaultHttpResponse(decodeResult: success, version: HTTP/1.1)
HTTP/1.1 200 OK
Content-Type: application/json; charset=utf-8
cache-control: no-cache
content-length: 44

15:27:07.868 [AsyncHttpClient-1-10] DEBUG org.asynchttpclient.netty.channel.ChannelManager - Adding key: http://localhost:31868 for channel [id: 0xb624012d, L:/127.0.0.1:57942 - R:localhost/127.0.0.1:31868]
15:27:07.870 [Forwarding getAlertText on session 5f45a56e678da0a23fd0ce56018fbc0b to remote] DEBUG org.asynchttpclient.netty.request.NettyRequestSender - Using pooled Channel '[id: 0xb624012d, L:/127.0.0.1:57942 - R:localhost/127.0.0.1:31868]' for 'GET' to 'http://localhost:31868/session/5f45a56e678da0a23fd0ce56018fbc0b/alert/text'
15:27:07.870 [Forwarding getAlertText on session 5f45a56e678da0a23fd0ce56018fbc0b to remote] DEBUG org.asynchttpclient.netty.request.NettyRequestSender - Using open Channel [id: 0xb624012d, L:/127.0.0.1:57942 - R:localhost/127.0.0.1:31868] for GET '/session/5f45a56e678da0a23fd0ce56018fbc0b/alert/text'
15:27:07.949 [AsyncHttpClient-1-1] DEBUG org.asynchttpclient.netty.channel.DefaultChannelPool - Entry count for : http://localhost:57943 : 1
15:27:08.112 [AsyncHttpClient-1-10] DEBUG org.asynchttpclient.netty.handler.HttpHandler - 

Request DefaultFullHttpRequest(decodeResult: success, version: HTTP/1.1, content: EmptyByteBufBE)
GET /session/5f45a56e678da0a23fd0ce56018fbc0b/alert/text HTTP/1.1
User-Agent: selenium/4.7.1 (java windows)
Cache-Control: no-cache
Content-Type: application/json; charset=utf-8
host: localhost:31868
accept: */*

Response DefaultHttpResponse(decodeResult: success, version: HTTP/1.1)
HTTP/1.1 404 Not Found
Content-Type: application/json; charset=utf-8
cache-control: no-cache
content-length: 820

15:27:08.112 [AsyncHttpClient-1-10] DEBUG org.asynchttpclient.netty.channel.ChannelManager - Adding key: http://localhost:31868 for channel [id: 0xb624012d, L:/127.0.0.1:57942 - R:localhost/127.0.0.1:31868]
15:27:08.114 [Forwarding switchToWindow on session 5f45a56e678da0a23fd0ce56018fbc0b to remote] DEBUG org.asynchttpclient.netty.request.NettyRequestSender - Using pooled Channel '[id: 0xb624012d, L:/127.0.0.1:57942 - R:localhost/127.0.0.1:31868]' for 'POST' to 'http://localhost:31868/session/5f45a56e678da0a23fd0ce56018fbc0b/window'
15:27:08.114 [Forwarding switchToWindow on session 5f45a56e678da0a23fd0ce56018fbc0b to remote] DEBUG org.asynchttpclient.netty.request.NettyRequestSender - Using open Channel [id: 0xb624012d, L:/127.0.0.1:57942 - R:localhost/127.0.0.1:31868] for POST '/session/5f45a56e678da0a23fd0ce56018fbc0b/window'
15:27:08.116 [AsyncHttpClient-1-10] DEBUG org.asynchttpclient.netty.handler.HttpHandler - 

Request DefaultHttpRequest(decodeResult: success, version: HTTP/1.1)
POST /session/5f45a56e678da0a23fd0ce56018fbc0b/window HTTP/1.1
User-Agent: selenium/4.7.1 (java windows)
Content-Length: 50
Content-Type: application/json; charset=utf-8
host: localhost:31868
accept: */*

Response DefaultHttpResponse(decodeResult: success, version: HTTP/1.1)
HTTP/1.1 200 OK
Content-Type: application/json; charset=utf-8
cache-control: no-cache
content-length: 14

15:27:08.116 [AsyncHttpClient-1-10] DEBUG org.asynchttpclient.netty.channel.ChannelManager - Adding key: http://localhost:31868 for channel [id: 0xb624012d, L:/127.0.0.1:57942 - R:localhost/127.0.0.1:31868]
15:27:08.116 [Forwarding getCurrentUrl on session 5f45a56e678da0a23fd0ce56018fbc0b to remote] DEBUG org.asynchttpclient.netty.request.NettyRequestSender - Using pooled Channel '[id: 0xb624012d, L:/127.0.0.1:57942 - R:localhost/127.0.0.1:31868]' for 'GET' to 'http://localhost:31868/session/5f45a56e678da0a23fd0ce56018fbc0b/url'
15:27:08.117 [Forwarding getCurrentUrl on session 5f45a56e678da0a23fd0ce56018fbc0b to remote] DEBUG org.asynchttpclient.netty.request.NettyRequestSender - Using open Channel [id: 0xb624012d, L:/127.0.0.1:57942 - R:localhost/127.0.0.1:31868] for GET '/session/5f45a56e678da0a23fd0ce56018fbc0b/url'
15:27:08.126 [AsyncHttpClient-1-10] DEBUG org.asynchttpclient.netty.handler.HttpHandler - 

Request DefaultFullHttpRequest(decodeResult: success, version: HTTP/1.1, content: EmptyByteBufBE)
GET /session/5f45a56e678da0a23fd0ce56018fbc0b/url HTTP/1.1
User-Agent: selenium/4.7.1 (java windows)
Cache-Control: no-cache
Content-Type: application/json; charset=utf-8
host: localhost:31868
accept: */*

Response DefaultHttpResponse(decodeResult: success, version: HTTP/1.1)
HTTP/1.1 200 OK
Content-Type: application/json; charset=utf-8
cache-control: no-cache
content-length: 51

15:27:08.126 [AsyncHttpClient-1-10] DEBUG org.asynchttpclient.netty.channel.ChannelManager - Adding key: http://localhost:31868 for channel [id: 0xb624012d, L:/127.0.0.1:57942 - R:localhost/127.0.0.1:31868]
15:27:08.127 [Forwarding screenshot on session 5f45a56e678da0a23fd0ce56018fbc0b to remote] DEBUG org.asynchttpclient.netty.request.NettyRequestSender - Using pooled Channel '[id: 0xb624012d, L:/127.0.0.1:57942 - R:localhost/127.0.0.1:31868]' for 'GET' to 'http://localhost:31868/session/5f45a56e678da0a23fd0ce56018fbc0b/screenshot'
15:27:08.127 [Forwarding screenshot on session 5f45a56e678da0a23fd0ce56018fbc0b to remote] DEBUG org.asynchttpclient.netty.request.NettyRequestSender - Using open Channel [id: 0xb624012d, L:/127.0.0.1:57942 - R:localhost/127.0.0.1:31868] for GET '/session/5f45a56e678da0a23fd0ce56018fbc0b/screenshot'
15:27:08.219 [AsyncHttpClient-1-10] DEBUG org.asynchttpclient.netty.handler.HttpHandler - 

Request DefaultFullHttpRequest(decodeResult: success, version: HTTP/1.1, content: EmptyByteBufBE)
GET /session/5f45a56e678da0a23fd0ce56018fbc0b/screenshot HTTP/1.1
User-Agent: selenium/4.7.1 (java windows)
Cache-Control: no-cache
Content-Type: application/json; charset=utf-8
host: localhost:31868
accept: */*

Response DefaultHttpResponse(decodeResult: success, version: HTTP/1.1)
HTTP/1.1 200 OK
Content-Type: application/json; charset=utf-8
cache-control: no-cache
content-length: 26172

15:27:08.219 [AsyncHttpClient-1-10] DEBUG org.asynchttpclient.netty.channel.ChannelManager - Adding key: http://localhost:31868 for channel [id: 0xb624012d, L:/127.0.0.1:57942 - R:localhost/127.0.0.1:31868]
15:27:08.219 [main] DEBUG net.serenitybdd.core.photography.Darkroom - Send negative for processing for target\site\serenity\f035198f28bcaf95684f4b1a3b9e5d031fc0873bb044f55c4913aef571773aa0.png
15:27:08.219 [main] DEBUG net.thucydides.core.steps.StepInterceptor - STEP DONE: klikButtonLogin
  &amp#27;[32mWhen &amp#27;[0m&amp#27;[32muser klik button login&amp#27;[0m                               &amp#27;[90m# starter.stepdefinitions.LoginSteps.userKlikButtonLogin()&amp#27;[0m
15:27:08.234 [main] DEBUG net.thucydides.core.steps.StepInterceptor - STARTING STEP: RegisterSteps.userKlikRegister - klikLinkRegister
15:27:08.234 [Forwarding findElement on session 5f45a56e678da0a23fd0ce56018fbc0b to remote] DEBUG org.asynchttpclient.netty.request.NettyRequestSender - Using pooled Channel '[id: 0xb624012d, L:/127.0.0.1:57942 - R:localhost/127.0.0.1:31868]' for 'POST' to 'http://localhost:31868/session/5f45a56e678da0a23fd0ce56018fbc0b/element'
15:27:08.234 [Forwarding findElement on session 5f45a56e678da0a23fd0ce56018fbc0b to remote] DEBUG org.asynchttpclient.netty.request.NettyRequestSender - Using open Channel [id: 0xb624012d, L:/127.0.0.1:57942 - R:localhost/127.0.0.1:31868] for POST '/session/5f45a56e678da0a23fd0ce56018fbc0b/element'
15:27:08.256 [AsyncHttpClient-1-10] DEBUG org.asynchttpclient.netty.handler.HttpHandler - 

Request DefaultHttpRequest(decodeResult: success, version: HTTP/1.1)
POST /session/5f45a56e678da0a23fd0ce56018fbc0b/element HTTP/1.1
User-Agent: selenium/4.7.1 (java windows)
Content-Length: 84
Content-Type: application/json; charset=utf-8
host: localhost:31868
accept: */*

Response DefaultHttpResponse(decodeResult: success, version: HTTP/1.1)
HTTP/1.1 200 OK
Content-Type: application/json; charset=utf-8
cache-control: no-cache
content-length: 94

15:27:08.256 [AsyncHttpClient-1-10] DEBUG org.asynchttpclient.netty.channel.ChannelManager - Adding key: http://localhost:31868 for channel [id: 0xb624012d, L:/127.0.0.1:57942 - R:localhost/127.0.0.1:31868]
15:27:08.257 [Forwarding getElementTagName on session 5f45a56e678da0a23fd0ce56018fbc0b to remote] DEBUG org.asynchttpclient.netty.request.NettyRequestSender - Using pooled Channel '[id: 0xb624012d, L:/127.0.0.1:57942 - R:localhost/127.0.0.1:31868]' for 'GET' to 'http://localhost:31868/session/5f45a56e678da0a23fd0ce56018fbc0b/element/A1BC1882B3B8A62042BCF305107E5C20_element_8/name'
15:27:08.257 [Forwarding getElementTagName on session 5f45a56e678da0a23fd0ce56018fbc0b to remote] DEBUG org.asynchttpclient.netty.request.NettyRequestSender - Using open Channel [id: 0xb624012d, L:/127.0.0.1:57942 - R:localhost/127.0.0.1:31868] for GET '/session/5f45a56e678da0a23fd0ce56018fbc0b/element/A1BC1882B3B8A62042BCF305107E5C20_element_8/name'
15:27:08.261 [AsyncHttpClient-1-10] DEBUG org.asynchttpclient.netty.handler.HttpHandler - 

Request DefaultFullHttpRequest(decodeResult: success, version: HTTP/1.1, content: EmptyByteBufBE)
GET /session/5f45a56e678da0a23fd0ce56018fbc0b/element/A1BC1882B3B8A62042BCF305107E5C20_element_8/name HTTP/1.1
User-Agent: selenium/4.7.1 (java windows)
Cache-Control: no-cache
Content-Type: application/json; charset=utf-8
host: localhost:31868
accept: */*

Response DefaultHttpResponse(decodeResult: success, version: HTTP/1.1)
HTTP/1.1 200 OK
Content-Type: application/json; charset=utf-8
cache-control: no-cache
content-length: 13

15:27:08.261 [AsyncHttpClient-1-10] DEBUG org.asynchttpclient.netty.channel.ChannelManager - Adding key: http://localhost:31868 for channel [id: 0xb624012d, L:/127.0.0.1:57942 - R:localhost/127.0.0.1:31868]
15:27:08.262 [Forwarding getElementTagName on session 5f45a56e678da0a23fd0ce56018fbc0b to remote] DEBUG org.asynchttpclient.netty.request.NettyRequestSender - Using pooled Channel '[id: 0xb624012d, L:/127.0.0.1:57942 - R:localhost/127.0.0.1:31868]' for 'GET' to 'http://localhost:31868/session/5f45a56e678da0a23fd0ce56018fbc0b/element/A1BC1882B3B8A62042BCF305107E5C20_element_8/name'
15:27:08.262 [Forwarding getElementTagName on session 5f45a56e678da0a23fd0ce56018fbc0b to remote] DEBUG org.asynchttpclient.netty.request.NettyRequestSender - Using open Channel [id: 0xb624012d, L:/127.0.0.1:57942 - R:localhost/127.0.0.1:31868] for GET '/session/5f45a56e678da0a23fd0ce56018fbc0b/element/A1BC1882B3B8A62042BCF305107E5C20_element_8/name'
15:27:08.267 [AsyncHttpClient-1-10] DEBUG org.asynchttpclient.netty.handler.HttpHandler - 

Request DefaultFullHttpRequest(decodeResult: success, version: HTTP/1.1, content: EmptyByteBufBE)
GET /session/5f45a56e678da0a23fd0ce56018fbc0b/element/A1BC1882B3B8A62042BCF305107E5C20_element_8/name HTTP/1.1
User-Agent: selenium/4.7.1 (java windows)
Cache-Control: no-cache
Content-Type: application/json; charset=utf-8
host: localhost:31868
accept: */*

Response DefaultHttpResponse(decodeResult: success, version: HTTP/1.1)
HTTP/1.1 200 OK
Content-Type: application/json; charset=utf-8
cache-control: no-cache
content-length: 13

15:27:08.267 [AsyncHttpClient-1-10] DEBUG org.asynchttpclient.netty.channel.ChannelManager - Adding key: http://localhost:31868 for channel [id: 0xb624012d, L:/127.0.0.1:57942 - R:localhost/127.0.0.1:31868]
15:27:08.269 [Forwarding findElement on session 5f45a56e678da0a23fd0ce56018fbc0b to remote] DEBUG org.asynchttpclient.netty.request.NettyRequestSender - Using pooled Channel '[id: 0xb624012d, L:/127.0.0.1:57942 - R:localhost/127.0.0.1:31868]' for 'POST' to 'http://localhost:31868/session/5f45a56e678da0a23fd0ce56018fbc0b/element'
15:27:08.269 [Forwarding findElement on session 5f45a56e678da0a23fd0ce56018fbc0b to remote] DEBUG org.asynchttpclient.netty.request.NettyRequestSender - Using open Channel [id: 0xb624012d, L:/127.0.0.1:57942 - R:localhost/127.0.0.1:31868] for POST '/session/5f45a56e678da0a23fd0ce56018fbc0b/element'
15:27:08.278 [AsyncHttpClient-1-10] DEBUG org.asynchttpclient.netty.handler.HttpHandler - 

Request DefaultHttpRequest(decodeResult: success, version: HTTP/1.1)
POST /session/5f45a56e678da0a23fd0ce56018fbc0b/element HTTP/1.1
User-Agent: selenium/4.7.1 (java windows)
Content-Length: 84
Content-Type: application/json; charset=utf-8
host: localhost:31868
accept: */*

Response DefaultHttpResponse(decodeResult: success, version: HTTP/1.1)
HTTP/1.1 200 OK
Content-Type: application/json; charset=utf-8
cache-control: no-cache
content-length: 94

15:27:08.278 [AsyncHttpClient-1-10] DEBUG org.asynchttpclient.netty.channel.ChannelManager - Adding key: http://localhost:31868 for channel [id: 0xb624012d, L:/127.0.0.1:57942 - R:localhost/127.0.0.1:31868]
15:27:08.279 [Forwarding clickElement on session 5f45a56e678da0a23fd0ce56018fbc0b to remote] DEBUG org.asynchttpclient.netty.request.NettyRequestSender - Using pooled Channel '[id: 0xb624012d, L:/127.0.0.1:57942 - R:localhost/127.0.0.1:31868]' for 'POST' to 'http://localhost:31868/session/5f45a56e678da0a23fd0ce56018fbc0b/element/A1BC1882B3B8A62042BCF305107E5C20_element_8/click'
15:27:08.279 [Forwarding clickElement on session 5f45a56e678da0a23fd0ce56018fbc0b to remote] DEBUG org.asynchttpclient.netty.request.NettyRequestSender - Using open Channel [id: 0xb624012d, L:/127.0.0.1:57942 - R:localhost/127.0.0.1:31868] for POST '/session/5f45a56e678da0a23fd0ce56018fbc0b/element/A1BC1882B3B8A62042BCF305107E5C20_element_8/click'
15:27:08.325 [AsyncHttpClient-1-10] DEBUG org.asynchttpclient.netty.handler.HttpHandler - 

Request DefaultHttpRequest(decodeResult: success, version: HTTP/1.1)
POST /session/5f45a56e678da0a23fd0ce56018fbc0b/element/A1BC1882B3B8A62042BCF305107E5C20_element_8/click HTTP/1.1
User-Agent: selenium/4.7.1 (java windows)
Content-Length: 56
Content-Type: application/json; charset=utf-8
host: localhost:31868
accept: */*

Response DefaultHttpResponse(decodeResult: success, version: HTTP/1.1)
HTTP/1.1 200 OK
Content-Type: application/json; charset=utf-8
cache-control: no-cache
content-length: 14

15:27:08.325 [AsyncHttpClient-1-10] DEBUG org.asynchttpclient.netty.channel.ChannelManager - Adding key: http://localhost:31868 for channel [id: 0xb624012d, L:/127.0.0.1:57942 - R:localhost/127.0.0.1:31868]
15:27:08.335 [Forwarding getCurrentWindowHandle on session 5f45a56e678da0a23fd0ce56018fbc0b to remote] DEBUG org.asynchttpclient.netty.request.NettyRequestSender - Using pooled Channel '[id: 0xb624012d, L:/127.0.0.1:57942 - R:localhost/127.0.0.1:31868]' for 'GET' to 'http://localhost:31868/session/5f45a56e678da0a23fd0ce56018fbc0b/window'
15:27:08.335 [Forwarding getCurrentWindowHandle on session 5f45a56e678da0a23fd0ce56018fbc0b to remote] DEBUG org.asynchttpclient.netty.request.NettyRequestSender - Using open Channel [id: 0xb624012d, L:/127.0.0.1:57942 - R:localhost/127.0.0.1:31868] for GET '/session/5f45a56e678da0a23fd0ce56018fbc0b/window'
15:27:08.336 [AsyncHttpClient-1-10] DEBUG org.asynchttpclient.netty.handler.HttpHandler - 

Request DefaultFullHttpRequest(decodeResult: success, version: HTTP/1.1, content: EmptyByteBufBE)
GET /session/5f45a56e678da0a23fd0ce56018fbc0b/window HTTP/1.1
User-Agent: selenium/4.7.1 (java windows)
Cache-Control: no-cache
Content-Type: application/json; charset=utf-8
host: localhost:31868
accept: */*

Response DefaultHttpResponse(decodeResult: success, version: HTTP/1.1)
HTTP/1.1 200 OK
Content-Type: application/json; charset=utf-8
cache-control: no-cache
content-length: 44

15:27:08.336 [AsyncHttpClient-1-10] DEBUG org.asynchttpclient.netty.channel.ChannelManager - Adding key: http://localhost:31868 for channel [id: 0xb624012d, L:/127.0.0.1:57942 - R:localhost/127.0.0.1:31868]
15:27:08.338 [Forwarding getAlertText on session 5f45a56e678da0a23fd0ce56018fbc0b to remote] DEBUG org.asynchttpclient.netty.request.NettyRequestSender - Using pooled Channel '[id: 0xb624012d, L:/127.0.0.1:57942 - R:localhost/127.0.0.1:31868]' for 'GET' to 'http://localhost:31868/session/5f45a56e678da0a23fd0ce56018fbc0b/alert/text'
15:27:08.339 [Forwarding getAlertText on session 5f45a56e678da0a23fd0ce56018fbc0b to remote] DEBUG org.asynchttpclient.netty.request.NettyRequestSender - Using open Channel [id: 0xb624012d, L:/127.0.0.1:57942 - R:localhost/127.0.0.1:31868] for GET '/session/5f45a56e678da0a23fd0ce56018fbc0b/alert/text'
15:27:08.345 [AsyncHttpClient-1-10] DEBUG org.asynchttpclient.netty.handler.HttpHandler - 

Request DefaultFullHttpRequest(decodeResult: success, version: HTTP/1.1, content: EmptyByteBufBE)
GET /session/5f45a56e678da0a23fd0ce56018fbc0b/alert/text HTTP/1.1
User-Agent: selenium/4.7.1 (java windows)
Cache-Control: no-cache
Content-Type: application/json; charset=utf-8
host: localhost:31868
accept: */*

Response DefaultHttpResponse(decodeResult: success, version: HTTP/1.1)
HTTP/1.1 404 Not Found
Content-Type: application/json; charset=utf-8
cache-control: no-cache
content-length: 820

15:27:08.345 [AsyncHttpClient-1-10] DEBUG org.asynchttpclient.netty.channel.ChannelManager - Adding key: http://localhost:31868 for channel [id: 0xb624012d, L:/127.0.0.1:57942 - R:localhost/127.0.0.1:31868]
15:27:08.347 [Forwarding switchToWindow on session 5f45a56e678da0a23fd0ce56018fbc0b to remote] DEBUG org.asynchttpclient.netty.request.NettyRequestSender - Using pooled Channel '[id: 0xb624012d, L:/127.0.0.1:57942 - R:localhost/127.0.0.1:31868]' for 'POST' to 'http://localhost:31868/session/5f45a56e678da0a23fd0ce56018fbc0b/window'
15:27:08.347 [Forwarding switchToWindow on session 5f45a56e678da0a23fd0ce56018fbc0b to remote] DEBUG org.asynchttpclient.netty.request.NettyRequestSender - Using open Channel [id: 0xb624012d, L:/127.0.0.1:57942 - R:localhost/127.0.0.1:31868] for POST '/session/5f45a56e678da0a23fd0ce56018fbc0b/window'
15:27:08.349 [AsyncHttpClient-1-10] DEBUG org.asynchttpclient.netty.handler.HttpHandler - 

Request DefaultHttpRequest(decodeResult: success, version: HTTP/1.1)
POST /session/5f45a56e678da0a23fd0ce56018fbc0b/window HTTP/1.1
User-Agent: selenium/4.7.1 (java windows)
Content-Length: 50
Content-Type: application/json; charset=utf-8
host: localhost:31868
accept: */*

Response DefaultHttpResponse(decodeResult: success, version: HTTP/1.1)
HTTP/1.1 200 OK
Content-Type: application/json; charset=utf-8
cache-control: no-cache
content-length: 14

15:27:08.349 [AsyncHttpClient-1-10] DEBUG org.asynchttpclient.netty.channel.ChannelManager - Adding key: http://localhost:31868 for channel [id: 0xb624012d, L:/127.0.0.1:57942 - R:localhost/127.0.0.1:31868]
15:27:08.350 [Forwarding getCurrentUrl on session 5f45a56e678da0a23fd0ce56018fbc0b to remote] DEBUG org.asynchttpclient.netty.request.NettyRequestSender - Using pooled Channel '[id: 0xb624012d, L:/127.0.0.1:57942 - R:localhost/127.0.0.1:31868]' for 'GET' to 'http://localhost:31868/session/5f45a56e678da0a23fd0ce56018fbc0b/url'
15:27:08.350 [Forwarding getCurrentUrl on session 5f45a56e678da0a23fd0ce56018fbc0b to remote] DEBUG org.asynchttpclient.netty.request.NettyRequestSender - Using open Channel [id: 0xb624012d, L:/127.0.0.1:57942 - R:localhost/127.0.0.1:31868] for GET '/session/5f45a56e678da0a23fd0ce56018fbc0b/url'
15:27:08.362 [AsyncHttpClient-1-10] DEBUG org.asynchttpclient.netty.handler.HttpHandler - 

Request DefaultFullHttpRequest(decodeResult: success, version: HTTP/1.1, content: EmptyByteBufBE)
GET /session/5f45a56e678da0a23fd0ce56018fbc0b/url HTTP/1.1
User-Agent: selenium/4.7.1 (java windows)
Cache-Control: no-cache
Content-Type: application/json; charset=utf-8
host: localhost:31868
accept: */*

Response DefaultHttpResponse(decodeResult: success, version: HTTP/1.1)
HTTP/1.1 200 OK
Content-Type: application/json; charset=utf-8
cache-control: no-cache
content-length: 54

15:27:08.363 [AsyncHttpClient-1-10] DEBUG org.asynchttpclient.netty.channel.ChannelManager - Adding key: http://localhost:31868 for channel [id: 0xb624012d, L:/127.0.0.1:57942 - R:localhost/127.0.0.1:31868]
15:27:08.364 [Forwarding screenshot on session 5f45a56e678da0a23fd0ce56018fbc0b to remote] DEBUG org.asynchttpclient.netty.request.NettyRequestSender - Using pooled Channel '[id: 0xb624012d, L:/127.0.0.1:57942 - R:localhost/127.0.0.1:31868]' for 'GET' to 'http://localhost:31868/session/5f45a56e678da0a23fd0ce56018fbc0b/screenshot'
15:27:08.364 [Forwarding screenshot on session 5f45a56e678da0a23fd0ce56018fbc0b to remote] DEBUG org.asynchttpclient.netty.request.NettyRequestSender - Using open Channel [id: 0xb624012d, L:/127.0.0.1:57942 - R:localhost/127.0.0.1:31868] for GET '/session/5f45a56e678da0a23fd0ce56018fbc0b/screenshot'
15:27:08.447 [AsyncHttpClient-1-10] DEBUG org.asynchttpclient.netty.handler.HttpHandler - 

Request DefaultFullHttpRequest(decodeResult: success, version: HTTP/1.1, content: EmptyByteBufBE)
GET /session/5f45a56e678da0a23fd0ce56018fbc0b/screenshot HTTP/1.1
User-Agent: selenium/4.7.1 (java windows)
Cache-Control: no-cache
Content-Type: application/json; charset=utf-8
host: localhost:31868
accept: */*

Response DefaultHttpResponse(decodeResult: success, version: HTTP/1.1)
HTTP/1.1 200 OK
Content-Type: application/json; charset=utf-8
cache-control: no-cache
content-length: 30780

15:27:08.447 [AsyncHttpClient-1-10] DEBUG org.asynchttpclient.netty.channel.ChannelManager - Adding key: http://localhost:31868 for channel [id: 0xb624012d, L:/127.0.0.1:57942 - R:localhost/127.0.0.1:31868]
15:27:08.449 [main] DEBUG net.serenitybdd.core.photography.Darkroom - Send negative for processing for target\site\serenity\837ebe1f89d1b14c7d7b8dd41b4e7a3c988b1b8a1293508fde9c1ba188465e11.png
15:27:08.450 [Darkroom Processing Line] DEBUG net.serenitybdd.core.photography.DarkroomProcessingLine - Processing screenshot image in /var/screenshots/screenshot-13988562520962687634
15:27:08.450 [Darkroom Processing Line] DEBUG net.serenitybdd.core.photography.DarkroomProcessingLine - Saving screenshot to target\site\serenity\837ebe1f89d1b14c7d7b8dd41b4e7a3c988b1b8a1293508fde9c1ba188465e11.png
15:27:08.450 [main] DEBUG net.thucydides.core.steps.StepInterceptor - STEP DONE: klikLinkRegister
  &amp#27;[32mThen &amp#27;[0m&amp#27;[32muser klik register&amp#27;[0m                                   &amp#27;[90m# starter.stepdefinitions.RegisterSteps.userKlikRegister()&amp#27;[0m
15:27:08.461 [main] DEBUG net.thucydides.core.steps.StepInterceptor - STARTING STEP: RegisterSteps.userInputNamaLengkap - inputNamaLengkap
15:27:08.462 [Forwarding findElement on session 5f45a56e678da0a23fd0ce56018fbc0b to remote] DEBUG org.asynchttpclient.netty.request.NettyRequestSender - Using pooled Channel '[id: 0xb624012d, L:/127.0.0.1:57942 - R:localhost/127.0.0.1:31868]' for 'POST' to 'http://localhost:31868/session/5f45a56e678da0a23fd0ce56018fbc0b/element'
15:27:08.463 [Forwarding findElement on session 5f45a56e678da0a23fd0ce56018fbc0b to remote] DEBUG org.asynchttpclient.netty.request.NettyRequestSender - Using open Channel [id: 0xb624012d, L:/127.0.0.1:57942 - R:localhost/127.0.0.1:31868] for POST '/session/5f45a56e678da0a23fd0ce56018fbc0b/element'
15:27:08.479 [AsyncHttpClient-1-10] DEBUG org.asynchttpclient.netty.handler.HttpHandler - 

Request DefaultHttpRequest(decodeResult: success, version: HTTP/1.1)
POST /session/5f45a56e678da0a23fd0ce56018fbc0b/element HTTP/1.1
User-Agent: selenium/4.7.1 (java windows)
Content-Length: 187
Content-Type: application/json; charset=utf-8
host: localhost:31868
accept: */*

Response DefaultHttpResponse(decodeResult: success, version: HTTP/1.1)
HTTP/1.1 200 OK
Content-Type: application/json; charset=utf-8
cache-control: no-cache
content-length: 94

15:27:08.479 [AsyncHttpClient-1-10] DEBUG org.asynchttpclient.netty.channel.ChannelManager - Adding key: http://localhost:31868 for channel [id: 0xb624012d, L:/127.0.0.1:57942 - R:localhost/127.0.0.1:31868]
15:27:08.480 [Forwarding clearElement on session 5f45a56e678da0a23fd0ce56018fbc0b to remote] DEBUG org.asynchttpclient.netty.request.NettyRequestSender - Using pooled Channel '[id: 0xb624012d, L:/127.0.0.1:57942 - R:localhost/127.0.0.1:31868]' for 'POST' to 'http://localhost:31868/session/5f45a56e678da0a23fd0ce56018fbc0b/element/A1BC1882B3B8A62042BCF305107E5C20_element_9/clear'
15:27:08.480 [Forwarding clearElement on session 5f45a56e678da0a23fd0ce56018fbc0b to remote] DEBUG org.asynchttpclient.netty.request.NettyRequestSender - Using open Channel [id: 0xb624012d, L:/127.0.0.1:57942 - R:localhost/127.0.0.1:31868] for POST '/session/5f45a56e678da0a23fd0ce56018fbc0b/element/A1BC1882B3B8A62042BCF305107E5C20_element_9/clear'
15:27:08.520 [AsyncHttpClient-1-10] DEBUG org.asynchttpclient.netty.handler.HttpHandler - 

Request DefaultHttpRequest(decodeResult: success, version: HTTP/1.1)
POST /session/5f45a56e678da0a23fd0ce56018fbc0b/element/A1BC1882B3B8A62042BCF305107E5C20_element_9/clear HTTP/1.1
User-Agent: selenium/4.7.1 (java windows)
Content-Length: 56
Content-Type: application/json; charset=utf-8
host: localhost:31868
accept: */*

Response DefaultHttpResponse(decodeResult: success, version: HTTP/1.1)
HTTP/1.1 200 OK
Content-Type: application/json; charset=utf-8
cache-control: no-cache
content-length: 14

15:27:08.520 [AsyncHttpClient-1-10] DEBUG org.asynchttpclient.netty.channel.ChannelManager - Adding key: http://localhost:31868 for channel [id: 0xb624012d, L:/127.0.0.1:57942 - R:localhost/127.0.0.1:31868]
15:27:08.522 [Forwarding sendKeysToElement on session 5f45a56e678da0a23fd0ce56018fbc0b to remote] DEBUG org.asynchttpclient.netty.request.NettyRequestSender - Using pooled Channel '[id: 0xb624012d, L:/127.0.0.1:57942 - R:localhost/127.0.0.1:31868]' for 'POST' to 'http://localhost:31868/session/5f45a56e678da0a23fd0ce56018fbc0b/element/A1BC1882B3B8A62042BCF305107E5C20_element_9/value'
15:27:08.522 [Forwarding sendKeysToElement on session 5f45a56e678da0a23fd0ce56018fbc0b to remote] DEBUG org.asynchttpclient.netty.request.NettyRequestSender - Using open Channel [id: 0xb624012d, L:/127.0.0.1:57942 - R:localhost/127.0.0.1:31868] for POST '/session/5f45a56e678da0a23fd0ce56018fbc0b/element/A1BC1882B3B8A62042BCF305107E5C20_element_9/value'
15:27:08.629 [AsyncHttpClient-1-10] DEBUG org.asynchttpclient.netty.handler.HttpHandler - 

Request DefaultHttpRequest(decodeResult: success, version: HTTP/1.1)
POST /session/5f45a56e678da0a23fd0ce56018fbc0b/element/A1BC1882B3B8A62042BCF305107E5C20_element_9/value HTTP/1.1
User-Agent: selenium/4.7.1 (java windows)
Content-Length: 207
Content-Type: application/json; charset=utf-8
host: localhost:31868
accept: */*

Response DefaultHttpResponse(decodeResult: success, version: HTTP/1.1)
HTTP/1.1 200 OK
Content-Type: application/json; charset=utf-8
cache-control: no-cache
content-length: 14

15:27:08.629 [AsyncHttpClient-1-10] DEBUG org.asynchttpclient.netty.channel.ChannelManager - Adding key: http://localhost:31868 for channel [id: 0xb624012d, L:/127.0.0.1:57942 - R:localhost/127.0.0.1:31868]
15:27:08.634 [Forwarding getCurrentWindowHandle on session 5f45a56e678da0a23fd0ce56018fbc0b to remote] DEBUG org.asynchttpclient.netty.request.NettyRequestSender - Using pooled Channel '[id: 0xb624012d, L:/127.0.0.1:57942 - R:localhost/127.0.0.1:31868]' for 'GET' to 'http://localhost:31868/session/5f45a56e678da0a23fd0ce56018fbc0b/window'
15:27:08.634 [Forwarding getCurrentWindowHandle on session 5f45a56e678da0a23fd0ce56018fbc0b to remote] DEBUG org.asynchttpclient.netty.request.NettyRequestSender - Using open Channel [id: 0xb624012d, L:/127.0.0.1:57942 - R:localhost/127.0.0.1:31868] for GET '/session/5f45a56e678da0a23fd0ce56018fbc0b/window'
15:27:08.635 [AsyncHttpClient-1-10] DEBUG org.asynchttpclient.netty.handler.HttpHandler - 

Request DefaultFullHttpRequest(decodeResult: success, version: HTTP/1.1, content: EmptyByteBufBE)
GET /session/5f45a56e678da0a23fd0ce56018fbc0b/window HTTP/1.1
User-Agent: selenium/4.7.1 (java windows)
Cache-Control: no-cache
Content-Type: application/json; charset=utf-8
host: localhost:31868
accept: */*

Response DefaultHttpResponse(decodeResult: success, version: HTTP/1.1)
HTTP/1.1 200 OK
Content-Type: application/json; charset=utf-8
cache-control: no-cache
content-length: 44

15:27:08.635 [AsyncHttpClient-1-10] DEBUG org.asynchttpclient.netty.channel.ChannelManager - Adding key: http://localhost:31868 for channel [id: 0xb624012d, L:/127.0.0.1:57942 - R:localhost/127.0.0.1:31868]
15:27:08.636 [Forwarding getAlertText on session 5f45a56e678da0a23fd0ce56018fbc0b to remote] DEBUG org.asynchttpclient.netty.request.NettyRequestSender - Using pooled Channel '[id: 0xb624012d, L:/127.0.0.1:57942 - R:localhost/127.0.0.1:31868]' for 'GET' to 'http://localhost:31868/session/5f45a56e678da0a23fd0ce56018fbc0b/alert/text'
15:27:08.636 [Forwarding getAlertText on session 5f45a56e678da0a23fd0ce56018fbc0b to remote] DEBUG org.asynchttpclient.netty.request.NettyRequestSender - Using open Channel [id: 0xb624012d, L:/127.0.0.1:57942 - R:localhost/127.0.0.1:31868] for GET '/session/5f45a56e678da0a23fd0ce56018fbc0b/alert/text'
15:27:08.638 [AsyncHttpClient-1-10] DEBUG org.asynchttpclient.netty.handler.HttpHandler - 

Request DefaultFullHttpRequest(decodeResult: success, version: HTTP/1.1, content: EmptyByteBufBE)
GET /session/5f45a56e678da0a23fd0ce56018fbc0b/alert/text HTTP/1.1
User-Agent: selenium/4.7.1 (java windows)
Cache-Control: no-cache
Content-Type: application/json; charset=utf-8
host: localhost:31868
accept: */*

Response DefaultHttpResponse(decodeResult: success, version: HTTP/1.1)
HTTP/1.1 404 Not Found
Content-Type: application/json; charset=utf-8
cache-control: no-cache
content-length: 820

15:27:08.639 [AsyncHttpClient-1-10] DEBUG org.asynchttpclient.netty.channel.ChannelManager - Adding key: http://localhost:31868 for channel [id: 0xb624012d, L:/127.0.0.1:57942 - R:localhost/127.0.0.1:31868]
15:27:08.641 [Forwarding switchToWindow on session 5f45a56e678da0a23fd0ce56018fbc0b to remote] DEBUG org.asynchttpclient.netty.request.NettyRequestSender - Using pooled Channel '[id: 0xb624012d, L:/127.0.0.1:57942 - R:localhost/127.0.0.1:31868]' for 'POST' to 'http://localhost:31868/session/5f45a56e678da0a23fd0ce56018fbc0b/window'
15:27:08.641 [Forwarding switchToWindow on session 5f45a56e678da0a23fd0ce56018fbc0b to remote] DEBUG org.asynchttpclient.netty.request.NettyRequestSender - Using open Channel [id: 0xb624012d, L:/127.0.0.1:57942 - R:localhost/127.0.0.1:31868] for POST '/session/5f45a56e678da0a23fd0ce56018fbc0b/window'
15:27:08.643 [AsyncHttpClient-1-10] DEBUG org.asynchttpclient.netty.handler.HttpHandler - 

Request DefaultHttpRequest(decodeResult: success, version: HTTP/1.1)
POST /session/5f45a56e678da0a23fd0ce56018fbc0b/window HTTP/1.1
User-Agent: selenium/4.7.1 (java windows)
Content-Length: 50
Content-Type: application/json; charset=utf-8
host: localhost:31868
accept: */*

Response DefaultHttpResponse(decodeResult: success, version: HTTP/1.1)
HTTP/1.1 200 OK
Content-Type: application/json; charset=utf-8
cache-control: no-cache
content-length: 14

15:27:08.643 [AsyncHttpClient-1-10] DEBUG org.asynchttpclient.netty.channel.ChannelManager - Adding key: http://localhost:31868 for channel [id: 0xb624012d, L:/127.0.0.1:57942 - R:localhost/127.0.0.1:31868]
15:27:08.644 [Forwarding getCurrentUrl on session 5f45a56e678da0a23fd0ce56018fbc0b to remote] DEBUG org.asynchttpclient.netty.request.NettyRequestSender - Using pooled Channel '[id: 0xb624012d, L:/127.0.0.1:57942 - R:localhost/127.0.0.1:31868]' for 'GET' to 'http://localhost:31868/session/5f45a56e678da0a23fd0ce56018fbc0b/url'
15:27:08.644 [Forwarding getCurrentUrl on session 5f45a56e678da0a23fd0ce56018fbc0b to remote] DEBUG org.asynchttpclient.netty.request.NettyRequestSender - Using open Channel [id: 0xb624012d, L:/127.0.0.1:57942 - R:localhost/127.0.0.1:31868] for GET '/session/5f45a56e678da0a23fd0ce56018fbc0b/url'
15:27:08.649 [AsyncHttpClient-1-10] DEBUG org.asynchttpclient.netty.handler.HttpHandler - 

Request DefaultFullHttpRequest(decodeResult: success, version: HTTP/1.1, content: EmptyByteBufBE)
GET /session/5f45a56e678da0a23fd0ce56018fbc0b/url HTTP/1.1
User-Agent: selenium/4.7.1 (java windows)
Cache-Control: no-cache
Content-Type: application/json; charset=utf-8
host: localhost:31868
accept: */*

Response DefaultHttpResponse(decodeResult: success, version: HTTP/1.1)
HTTP/1.1 200 OK
Content-Type: application/json; charset=utf-8
cache-control: no-cache
content-length: 54

15:27:08.649 [AsyncHttpClient-1-10] DEBUG org.asynchttpclient.netty.channel.ChannelManager - Adding key: http://localhost:31868 for channel [id: 0xb624012d, L:/127.0.0.1:57942 - R:localhost/127.0.0.1:31868]
15:27:08.650 [Forwarding screenshot on session 5f45a56e678da0a23fd0ce56018fbc0b to remote] DEBUG org.asynchttpclient.netty.request.NettyRequestSender - Using pooled Channel '[id: 0xb624012d, L:/127.0.0.1:57942 - R:localhost/127.0.0.1:31868]' for 'GET' to 'http://localhost:31868/session/5f45a56e678da0a23fd0ce56018fbc0b/screenshot'
15:27:08.650 [Forwarding screenshot on session 5f45a56e678da0a23fd0ce56018fbc0b to remote] DEBUG org.asynchttpclient.netty.request.NettyRequestSender - Using open Channel [id: 0xb624012d, L:/127.0.0.1:57942 - R:localhost/127.0.0.1:31868] for GET '/session/5f45a56e678da0a23fd0ce56018fbc0b/screenshot'
15:27:08.722 [AsyncHttpClient-1-10] DEBUG org.asynchttpclient.netty.handler.HttpHandler - 

Request DefaultFullHttpRequest(decodeResult: success, version: HTTP/1.1, content: EmptyByteBufBE)
GET /session/5f45a56e678da0a23fd0ce56018fbc0b/screenshot HTTP/1.1
User-Agent: selenium/4.7.1 (java windows)
Cache-Control: no-cache
Content-Type: application/json; charset=utf-8
host: localhost:31868
accept: */*

Response DefaultHttpResponse(decodeResult: success, version: HTTP/1.1)
HTTP/1.1 200 OK
Content-Type: application/json; charset=utf-8
cache-control: no-cache
content-length: 31400

15:27:08.723 [AsyncHttpClient-1-10] DEBUG org.asynchttpclient.netty.channel.ChannelManager - Adding key: http://localhost:31868 for channel [id: 0xb624012d, L:/127.0.0.1:57942 - R:localhost/127.0.0.1:31868]
15:27:08.724 [main] DEBUG net.serenitybdd.core.photography.Darkroom - Send negative for processing for target\site\serenity\3aa5ac092d3dd4a2732a0878fcf6ec7a36110e93eaf788787e9646130889ccf4.png
15:27:08.724 [main] DEBUG net.thucydides.core.steps.StepInterceptor - STEP DONE: inputNamaLengkap
15:27:08.724 [Darkroom Processing Line] DEBUG net.serenitybdd.core.photography.DarkroomProcessingLine - Processing screenshot image in /var/screenshots/screenshot-15200736078822159594
  &amp#27;[32mAnd &amp#27;[0m&amp#27;[32muser input nama lengkap&amp#27;[0m                               &amp#27;[90m# starter.stepdefinitions.RegisterSteps.userInputNamaLengkap()&amp#27;[0m
15:27:08.724 [Darkroom Processing Line] DEBUG net.serenitybdd.core.photography.DarkroomProcessingLine - Saving screenshot to target\site\serenity\3aa5ac092d3dd4a2732a0878fcf6ec7a36110e93eaf788787e9646130889ccf4.png
15:27:08.734 [main] DEBUG net.thucydides.core.steps.StepInterceptor - STARTING STEP: RegisterSteps.userTidakInputEmailUntukRegister - inputEmail
15:27:08.736 [Forwarding findElement on session 5f45a56e678da0a23fd0ce56018fbc0b to remote] DEBUG org.asynchttpclient.netty.request.NettyRequestSender - Using pooled Channel '[id: 0xb624012d, L:/127.0.0.1:57942 - R:localhost/127.0.0.1:31868]' for 'POST' to 'http://localhost:31868/session/5f45a56e678da0a23fd0ce56018fbc0b/element'
15:27:08.736 [Forwarding findElement on session 5f45a56e678da0a23fd0ce56018fbc0b to remote] DEBUG org.asynchttpclient.netty.request.NettyRequestSender - Using open Channel [id: 0xb624012d, L:/127.0.0.1:57942 - R:localhost/127.0.0.1:31868] for POST '/session/5f45a56e678da0a23fd0ce56018fbc0b/element'
15:27:08.748 [AsyncHttpClient-1-10] DEBUG org.asynchttpclient.netty.handler.HttpHandler - 

Request DefaultHttpRequest(decodeResult: success, version: HTTP/1.1)
POST /session/5f45a56e678da0a23fd0ce56018fbc0b/element HTTP/1.1
User-Agent: selenium/4.7.1 (java windows)
Content-Length: 187
Content-Type: application/json; charset=utf-8
host: localhost:31868
accept: */*

Response DefaultHttpResponse(decodeResult: success, version: HTTP/1.1)
HTTP/1.1 200 OK
Content-Type: application/json; charset=utf-8
cache-control: no-cache
content-length: 95

15:27:08.749 [AsyncHttpClient-1-10] DEBUG org.asynchttpclient.netty.channel.ChannelManager - Adding key: http://localhost:31868 for channel [id: 0xb624012d, L:/127.0.0.1:57942 - R:localhost/127.0.0.1:31868]
15:27:08.750 [Forwarding clearElement on session 5f45a56e678da0a23fd0ce56018fbc0b to remote] DEBUG org.asynchttpclient.netty.request.NettyRequestSender - Using pooled Channel '[id: 0xb624012d, L:/127.0.0.1:57942 - R:localhost/127.0.0.1:31868]' for 'POST' to 'http://localhost:31868/session/5f45a56e678da0a23fd0ce56018fbc0b/element/A1BC1882B3B8A62042BCF305107E5C20_element_12/clear'
15:27:08.750 [Forwarding clearElement on session 5f45a56e678da0a23fd0ce56018fbc0b to remote] DEBUG org.asynchttpclient.netty.request.NettyRequestSender - Using open Channel [id: 0xb624012d, L:/127.0.0.1:57942 - R:localhost/127.0.0.1:31868] for POST '/session/5f45a56e678da0a23fd0ce56018fbc0b/element/A1BC1882B3B8A62042BCF305107E5C20_element_12/clear'
15:27:08.781 [AsyncHttpClient-1-10] DEBUG org.asynchttpclient.netty.handler.HttpHandler - 

Request DefaultHttpRequest(decodeResult: success, version: HTTP/1.1)
POST /session/5f45a56e678da0a23fd0ce56018fbc0b/element/A1BC1882B3B8A62042BCF305107E5C20_element_12/clear HTTP/1.1
User-Agent: selenium/4.7.1 (java windows)
Content-Length: 57
Content-Type: application/json; charset=utf-8
host: localhost:31868
accept: */*

Response DefaultHttpResponse(decodeResult: success, version: HTTP/1.1)
HTTP/1.1 200 OK
Content-Type: application/json; charset=utf-8
cache-control: no-cache
content-length: 14

15:27:08.781 [AsyncHttpClient-1-10] DEBUG org.asynchttpclient.netty.channel.ChannelManager - Adding key: http://localhost:31868 for channel [id: 0xb624012d, L:/127.0.0.1:57942 - R:localhost/127.0.0.1:31868]
15:27:08.783 [Forwarding sendKeysToElement on session 5f45a56e678da0a23fd0ce56018fbc0b to remote] DEBUG org.asynchttpclient.netty.request.NettyRequestSender - Using pooled Channel '[id: 0xb624012d, L:/127.0.0.1:57942 - R:localhost/127.0.0.1:31868]' for 'POST' to 'http://localhost:31868/session/5f45a56e678da0a23fd0ce56018fbc0b/element/A1BC1882B3B8A62042BCF305107E5C20_element_12/value'
15:27:08.783 [Forwarding sendKeysToElement on session 5f45a56e678da0a23fd0ce56018fbc0b to remote] DEBUG org.asynchttpclient.netty.request.NettyRequestSender - Using open Channel [id: 0xb624012d, L:/127.0.0.1:57942 - R:localhost/127.0.0.1:31868] for POST '/session/5f45a56e678da0a23fd0ce56018fbc0b/element/A1BC1882B3B8A62042BCF305107E5C20_element_12/value'
15:27:08.868 [AsyncHttpClient-1-10] DEBUG org.asynchttpclient.netty.handler.HttpHandler - 

Request DefaultHttpRequest(decodeResult: success, version: HTTP/1.1)
POST /session/5f45a56e678da0a23fd0ce56018fbc0b/element/A1BC1882B3B8A62042BCF305107E5C20_element_12/value HTTP/1.1
User-Agent: selenium/4.7.1 (java windows)
Content-Length: 89
Content-Type: application/json; charset=utf-8
host: localhost:31868
accept: */*

Response DefaultHttpResponse(decodeResult: success, version: HTTP/1.1)
HTTP/1.1 200 OK
Content-Type: application/json; charset=utf-8
cache-control: no-cache
content-length: 14

15:27:08.868 [AsyncHttpClient-1-10] DEBUG org.asynchttpclient.netty.channel.ChannelManager - Adding key: http://localhost:31868 for channel [id: 0xb624012d, L:/127.0.0.1:57942 - R:localhost/127.0.0.1:31868]
15:27:08.877 [Forwarding getCurrentWindowHandle on session 5f45a56e678da0a23fd0ce56018fbc0b to remote] DEBUG org.asynchttpclient.netty.request.NettyRequestSender - Using pooled Channel '[id: 0xb624012d, L:/127.0.0.1:57942 - R:localhost/127.0.0.1:31868]' for 'GET' to 'http://localhost:31868/session/5f45a56e678da0a23fd0ce56018fbc0b/window'
15:27:08.877 [Forwarding getCurrentWindowHandle on session 5f45a56e678da0a23fd0ce56018fbc0b to remote] DEBUG org.asynchttpclient.netty.request.NettyRequestSender - Using open Channel [id: 0xb624012d, L:/127.0.0.1:57942 - R:localhost/127.0.0.1:31868] for GET '/session/5f45a56e678da0a23fd0ce56018fbc0b/window'
15:27:08.878 [AsyncHttpClient-1-10] DEBUG org.asynchttpclient.netty.handler.HttpHandler - 

Request DefaultFullHttpRequest(decodeResult: success, version: HTTP/1.1, content: EmptyByteBufBE)
GET /session/5f45a56e678da0a23fd0ce56018fbc0b/window HTTP/1.1
User-Agent: selenium/4.7.1 (java windows)
Cache-Control: no-cache
Content-Type: application/json; charset=utf-8
host: localhost:31868
accept: */*

Response DefaultHttpResponse(decodeResult: success, version: HTTP/1.1)
HTTP/1.1 200 OK
Content-Type: application/json; charset=utf-8
cache-control: no-cache
content-length: 44

15:27:08.878 [AsyncHttpClient-1-10] DEBUG org.asynchttpclient.netty.channel.ChannelManager - Adding key: http://localhost:31868 for channel [id: 0xb624012d, L:/127.0.0.1:57942 - R:localhost/127.0.0.1:31868]
15:27:08.879 [Forwarding getAlertText on session 5f45a56e678da0a23fd0ce56018fbc0b to remote] DEBUG org.asynchttpclient.netty.request.NettyRequestSender - Using pooled Channel '[id: 0xb624012d, L:/127.0.0.1:57942 - R:localhost/127.0.0.1:31868]' for 'GET' to 'http://localhost:31868/session/5f45a56e678da0a23fd0ce56018fbc0b/alert/text'
15:27:08.879 [Forwarding getAlertText on session 5f45a56e678da0a23fd0ce56018fbc0b to remote] DEBUG org.asynchttpclient.netty.request.NettyRequestSender - Using open Channel [id: 0xb624012d, L:/127.0.0.1:57942 - R:localhost/127.0.0.1:31868] for GET '/session/5f45a56e678da0a23fd0ce56018fbc0b/alert/text'
15:27:08.880 [AsyncHttpClient-1-10] DEBUG org.asynchttpclient.netty.handler.HttpHandler - 

Request DefaultFullHttpRequest(decodeResult: success, version: HTTP/1.1, content: EmptyByteBufBE)
GET /session/5f45a56e678da0a23fd0ce56018fbc0b/alert/text HTTP/1.1
User-Agent: selenium/4.7.1 (java windows)
Cache-Control: no-cache
Content-Type: application/json; charset=utf-8
host: localhost:31868
accept: */*

Response DefaultHttpResponse(decodeResult: success, version: HTTP/1.1)
HTTP/1.1 404 Not Found
Content-Type: application/json; charset=utf-8
cache-control: no-cache
content-length: 820

15:27:08.880 [AsyncHttpClient-1-10] DEBUG org.asynchttpclient.netty.channel.ChannelManager - Adding key: http://localhost:31868 for channel [id: 0xb624012d, L:/127.0.0.1:57942 - R:localhost/127.0.0.1:31868]
15:27:08.882 [Forwarding switchToWindow on session 5f45a56e678da0a23fd0ce56018fbc0b to remote] DEBUG org.asynchttpclient.netty.request.NettyRequestSender - Using pooled Channel '[id: 0xb624012d, L:/127.0.0.1:57942 - R:localhost/127.0.0.1:31868]' for 'POST' to 'http://localhost:31868/session/5f45a56e678da0a23fd0ce56018fbc0b/window'
15:27:08.882 [Forwarding switchToWindow on session 5f45a56e678da0a23fd0ce56018fbc0b to remote] DEBUG org.asynchttpclient.netty.request.NettyRequestSender - Using open Channel [id: 0xb624012d, L:/127.0.0.1:57942 - R:localhost/127.0.0.1:31868] for POST '/session/5f45a56e678da0a23fd0ce56018fbc0b/window'
15:27:08.883 [AsyncHttpClient-1-10] DEBUG org.asynchttpclient.netty.handler.HttpHandler - 

Request DefaultHttpRequest(decodeResult: success, version: HTTP/1.1)
POST /session/5f45a56e678da0a23fd0ce56018fbc0b/window HTTP/1.1
User-Agent: selenium/4.7.1 (java windows)
Content-Length: 50
Content-Type: application/json; charset=utf-8
host: localhost:31868
accept: */*

Response DefaultHttpResponse(decodeResult: success, version: HTTP/1.1)
HTTP/1.1 200 OK
Content-Type: application/json; charset=utf-8
cache-control: no-cache
content-length: 14

15:27:08.883 [AsyncHttpClient-1-10] DEBUG org.asynchttpclient.netty.channel.ChannelManager - Adding key: http://localhost:31868 for channel [id: 0xb624012d, L:/127.0.0.1:57942 - R:localhost/127.0.0.1:31868]
15:27:08.884 [Forwarding getCurrentUrl on session 5f45a56e678da0a23fd0ce56018fbc0b to remote] DEBUG org.asynchttpclient.netty.request.NettyRequestSender - Using pooled Channel '[id: 0xb624012d, L:/127.0.0.1:57942 - R:localhost/127.0.0.1:31868]' for 'GET' to 'http://localhost:31868/session/5f45a56e678da0a23fd0ce56018fbc0b/url'
15:27:08.884 [Forwarding getCurrentUrl on session 5f45a56e678da0a23fd0ce56018fbc0b to remote] DEBUG org.asynchttpclient.netty.request.NettyRequestSender - Using open Channel [id: 0xb624012d, L:/127.0.0.1:57942 - R:localhost/127.0.0.1:31868] for GET '/session/5f45a56e678da0a23fd0ce56018fbc0b/url'
15:27:08.892 [AsyncHttpClient-1-10] DEBUG org.asynchttpclient.netty.handler.HttpHandler - 

Request DefaultFullHttpRequest(decodeResult: success, version: HTTP/1.1, content: EmptyByteBufBE)
GET /session/5f45a56e678da0a23fd0ce56018fbc0b/url HTTP/1.1
User-Agent: selenium/4.7.1 (java windows)
Cache-Control: no-cache
Content-Type: application/json; charset=utf-8
host: localhost:31868
accept: */*

Response DefaultHttpResponse(decodeResult: success, version: HTTP/1.1)
HTTP/1.1 200 OK
Content-Type: application/json; charset=utf-8
cache-control: no-cache
content-length: 54

15:27:08.892 [AsyncHttpClient-1-10] DEBUG org.asynchttpclient.netty.channel.ChannelManager - Adding key: http://localhost:31868 for channel [id: 0xb624012d, L:/127.0.0.1:57942 - R:localhost/127.0.0.1:31868]
15:27:08.893 [Forwarding screenshot on session 5f45a56e678da0a23fd0ce56018fbc0b to remote] DEBUG org.asynchttpclient.netty.request.NettyRequestSender - Using pooled Channel '[id: 0xb624012d, L:/127.0.0.1:57942 - R:localhost/127.0.0.1:31868]' for 'GET' to 'http://localhost:31868/session/5f45a56e678da0a23fd0ce56018fbc0b/screenshot'
15:27:08.893 [Forwarding screenshot on session 5f45a56e678da0a23fd0ce56018fbc0b to remote] DEBUG org.asynchttpclient.netty.request.NettyRequestSender - Using open Channel [id: 0xb624012d, L:/127.0.0.1:57942 - R:localhost/127.0.0.1:31868] for GET '/session/5f45a56e678da0a23fd0ce56018fbc0b/screenshot'
15:27:08.976 [AsyncHttpClient-1-10] DEBUG org.asynchttpclient.netty.handler.HttpHandler - 

Request DefaultFullHttpRequest(decodeResult: success, version: HTTP/1.1, content: EmptyByteBufBE)
GET /session/5f45a56e678da0a23fd0ce56018fbc0b/screenshot HTTP/1.1
User-Agent: selenium/4.7.1 (java windows)
Cache-Control: no-cache
Content-Type: application/json; charset=utf-8
host: localhost:31868
accept: */*

Response DefaultHttpResponse(decodeResult: success, version: HTTP/1.1)
HTTP/1.1 200 OK
Content-Type: application/json; charset=utf-8
cache-control: no-cache
content-length: 30504

15:27:08.976 [AsyncHttpClient-1-10] DEBUG org.asynchttpclient.netty.channel.ChannelManager - Adding key: http://localhost:31868 for channel [id: 0xb624012d, L:/127.0.0.1:57942 - R:localhost/127.0.0.1:31868]
15:27:08.977 [main] DEBUG net.serenitybdd.core.photography.Darkroom - Send negative for processing for target\site\serenity\461d279a1a8e7d175ae07be2b8d0ad8cf8d0772c1f43e55b5db674ac56ab3590.png
15:27:08.978 [main] DEBUG net.thucydides.core.steps.StepInterceptor - STEP DONE: inputEmail
15:27:08.978 [Darkroom Processing Line] DEBUG net.serenitybdd.core.photography.DarkroomProcessingLine - Processing screenshot image in /var/screenshots/screenshot-14274387991409787667
15:27:08.978 [Darkroom Processing Line] DEBUG net.serenitybdd.core.photography.DarkroomProcessingLine - Saving screenshot to target\site\serenity\461d279a1a8e7d175ae07be2b8d0ad8cf8d0772c1f43e55b5db674ac56ab3590.png
  &amp#27;[32mAnd &amp#27;[0m&amp#27;[32muser tidak input email untuk register&amp#27;[0m                 &amp#27;[90m# starter.stepdefinitions.RegisterSteps.userTidakInputEmailUntukRegister()&amp#27;[0m
15:27:08.988 [main] DEBUG net.thucydides.core.steps.StepInterceptor - STARTING STEP: RegisterSteps.userInputPasswordUntukRegister - inputPassword
15:27:08.990 [Forwarding findElement on session 5f45a56e678da0a23fd0ce56018fbc0b to remote] DEBUG org.asynchttpclient.netty.request.NettyRequestSender - Using pooled Channel '[id: 0xb624012d, L:/127.0.0.1:57942 - R:localhost/127.0.0.1:31868]' for 'POST' to 'http://localhost:31868/session/5f45a56e678da0a23fd0ce56018fbc0b/element'
15:27:08.990 [Forwarding findElement on session 5f45a56e678da0a23fd0ce56018fbc0b to remote] DEBUG org.asynchttpclient.netty.request.NettyRequestSender - Using open Channel [id: 0xb624012d, L:/127.0.0.1:57942 - R:localhost/127.0.0.1:31868] for POST '/session/5f45a56e678da0a23fd0ce56018fbc0b/element'
15:27:09.006 [AsyncHttpClient-1-10] DEBUG org.asynchttpclient.netty.handler.HttpHandler - 

Request DefaultHttpRequest(decodeResult: success, version: HTTP/1.1)
POST /session/5f45a56e678da0a23fd0ce56018fbc0b/element HTTP/1.1
User-Agent: selenium/4.7.1 (java windows)
Content-Length: 187
Content-Type: application/json; charset=utf-8
host: localhost:31868
accept: */*

Response DefaultHttpResponse(decodeResult: success, version: HTTP/1.1)
HTTP/1.1 200 OK
Content-Type: application/json; charset=utf-8
cache-control: no-cache
content-length: 95

15:27:09.006 [AsyncHttpClient-1-10] DEBUG org.asynchttpclient.netty.channel.ChannelManager - Adding key: http://localhost:31868 for channel [id: 0xb624012d, L:/127.0.0.1:57942 - R:localhost/127.0.0.1:31868]
15:27:09.007 [Forwarding clearElement on session 5f45a56e678da0a23fd0ce56018fbc0b to remote] DEBUG org.asynchttpclient.netty.request.NettyRequestSender - Using pooled Channel '[id: 0xb624012d, L:/127.0.0.1:57942 - R:localhost/127.0.0.1:31868]' for 'POST' to 'http://localhost:31868/session/5f45a56e678da0a23fd0ce56018fbc0b/element/A1BC1882B3B8A62042BCF305107E5C20_element_14/clear'
15:27:09.007 [Forwarding clearElement on session 5f45a56e678da0a23fd0ce56018fbc0b to remote] DEBUG org.asynchttpclient.netty.request.NettyRequestSender - Using open Channel [id: 0xb624012d, L:/127.0.0.1:57942 - R:localhost/127.0.0.1:31868] for POST '/session/5f45a56e678da0a23fd0ce56018fbc0b/element/A1BC1882B3B8A62042BCF305107E5C20_element_14/clear'
15:27:09.040 [AsyncHttpClient-1-10] DEBUG org.asynchttpclient.netty.handler.HttpHandler - 

Request DefaultHttpRequest(decodeResult: success, version: HTTP/1.1)
POST /session/5f45a56e678da0a23fd0ce56018fbc0b/element/A1BC1882B3B8A62042BCF305107E5C20_element_14/clear HTTP/1.1
User-Agent: selenium/4.7.1 (java windows)
Content-Length: 57
Content-Type: application/json; charset=utf-8
host: localhost:31868
accept: */*

Response DefaultHttpResponse(decodeResult: success, version: HTTP/1.1)
HTTP/1.1 200 OK
Content-Type: application/json; charset=utf-8
cache-control: no-cache
content-length: 14

15:27:09.040 [AsyncHttpClient-1-10] DEBUG org.asynchttpclient.netty.channel.ChannelManager - Adding key: http://localhost:31868 for channel [id: 0xb624012d, L:/127.0.0.1:57942 - R:localhost/127.0.0.1:31868]
15:27:09.042 [Forwarding sendKeysToElement on session 5f45a56e678da0a23fd0ce56018fbc0b to remote] DEBUG org.asynchttpclient.netty.request.NettyRequestSender - Using pooled Channel '[id: 0xb624012d, L:/127.0.0.1:57942 - R:localhost/127.0.0.1:31868]' for 'POST' to 'http://localhost:31868/session/5f45a56e678da0a23fd0ce56018fbc0b/element/A1BC1882B3B8A62042BCF305107E5C20_element_14/value'
15:27:09.042 [Forwarding sendKeysToElement on session 5f45a56e678da0a23fd0ce56018fbc0b to remote] DEBUG org.asynchttpclient.netty.request.NettyRequestSender - Using open Channel [id: 0xb624012d, L:/127.0.0.1:57942 - R:localhost/127.0.0.1:31868] for POST '/session/5f45a56e678da0a23fd0ce56018fbc0b/element/A1BC1882B3B8A62042BCF305107E5C20_element_14/value'
15:27:09.047 [AsyncHttpClient-1-1] DEBUG org.asynchttpclient.netty.channel.DefaultChannelPool - Entry count for : http://localhost:57943 : 1
15:27:09.115 [AsyncHttpClient-1-10] DEBUG org.asynchttpclient.netty.handler.HttpHandler - 

Request DefaultHttpRequest(decodeResult: success, version: HTTP/1.1)
POST /session/5f45a56e678da0a23fd0ce56018fbc0b/element/A1BC1882B3B8A62042BCF305107E5C20_element_14/value HTTP/1.1
User-Agent: selenium/4.7.1 (java windows)
Content-Length: 118
Content-Type: application/json; charset=utf-8
host: localhost:31868
accept: */*

Response DefaultHttpResponse(decodeResult: success, version: HTTP/1.1)
HTTP/1.1 200 OK
Content-Type: application/json; charset=utf-8
cache-control: no-cache
content-length: 14

15:27:09.115 [AsyncHttpClient-1-10] DEBUG org.asynchttpclient.netty.channel.ChannelManager - Adding key: http://localhost:31868 for channel [id: 0xb624012d, L:/127.0.0.1:57942 - R:localhost/127.0.0.1:31868]
15:27:09.121 [Forwarding getCurrentWindowHandle on session 5f45a56e678da0a23fd0ce56018fbc0b to remote] DEBUG org.asynchttpclient.netty.request.NettyRequestSender - Using pooled Channel '[id: 0xb624012d, L:/127.0.0.1:57942 - R:localhost/127.0.0.1:31868]' for 'GET' to 'http://localhost:31868/session/5f45a56e678da0a23fd0ce56018fbc0b/window'
15:27:09.121 [Forwarding getCurrentWindowHandle on session 5f45a56e678da0a23fd0ce56018fbc0b to remote] DEBUG org.asynchttpclient.netty.request.NettyRequestSender - Using open Channel [id: 0xb624012d, L:/127.0.0.1:57942 - R:localhost/127.0.0.1:31868] for GET '/session/5f45a56e678da0a23fd0ce56018fbc0b/window'
15:27:09.122 [AsyncHttpClient-1-10] DEBUG org.asynchttpclient.netty.handler.HttpHandler - 

Request DefaultFullHttpRequest(decodeResult: success, version: HTTP/1.1, content: EmptyByteBufBE)
GET /session/5f45a56e678da0a23fd0ce56018fbc0b/window HTTP/1.1
User-Agent: selenium/4.7.1 (java windows)
Cache-Control: no-cache
Content-Type: application/json; charset=utf-8
host: localhost:31868
accept: */*

Response DefaultHttpResponse(decodeResult: success, version: HTTP/1.1)
HTTP/1.1 200 OK
Content-Type: application/json; charset=utf-8
cache-control: no-cache
content-length: 44

15:27:09.122 [AsyncHttpClient-1-10] DEBUG org.asynchttpclient.netty.channel.ChannelManager - Adding key: http://localhost:31868 for channel [id: 0xb624012d, L:/127.0.0.1:57942 - R:localhost/127.0.0.1:31868]
15:27:09.124 [Forwarding getAlertText on session 5f45a56e678da0a23fd0ce56018fbc0b to remote] DEBUG org.asynchttpclient.netty.request.NettyRequestSender - Using pooled Channel '[id: 0xb624012d, L:/127.0.0.1:57942 - R:localhost/127.0.0.1:31868]' for 'GET' to 'http://localhost:31868/session/5f45a56e678da0a23fd0ce56018fbc0b/alert/text'
15:27:09.124 [Forwarding getAlertText on session 5f45a56e678da0a23fd0ce56018fbc0b to remote] DEBUG org.asynchttpclient.netty.request.NettyRequestSender - Using open Channel [id: 0xb624012d, L:/127.0.0.1:57942 - R:localhost/127.0.0.1:31868] for GET '/session/5f45a56e678da0a23fd0ce56018fbc0b/alert/text'
15:27:09.127 [AsyncHttpClient-1-10] DEBUG org.asynchttpclient.netty.handler.HttpHandler - 

Request DefaultFullHttpRequest(decodeResult: success, version: HTTP/1.1, content: EmptyByteBufBE)
GET /session/5f45a56e678da0a23fd0ce56018fbc0b/alert/text HTTP/1.1
User-Agent: selenium/4.7.1 (java windows)
Cache-Control: no-cache
Content-Type: application/json; charset=utf-8
host: localhost:31868
accept: */*

Response DefaultHttpResponse(decodeResult: success, version: HTTP/1.1)
HTTP/1.1 404 Not Found
Content-Type: application/json; charset=utf-8
cache-control: no-cache
content-length: 820

15:27:09.127 [AsyncHttpClient-1-10] DEBUG org.asynchttpclient.netty.channel.ChannelManager - Adding key: http://localhost:31868 for channel [id: 0xb624012d, L:/127.0.0.1:57942 - R:localhost/127.0.0.1:31868]
15:27:09.129 [Forwarding switchToWindow on session 5f45a56e678da0a23fd0ce56018fbc0b to remote] DEBUG org.asynchttpclient.netty.request.NettyRequestSender - Using pooled Channel '[id: 0xb624012d, L:/127.0.0.1:57942 - R:localhost/127.0.0.1:31868]' for 'POST' to 'http://localhost:31868/session/5f45a56e678da0a23fd0ce56018fbc0b/window'
15:27:09.129 [Forwarding switchToWindow on session 5f45a56e678da0a23fd0ce56018fbc0b to remote] DEBUG org.asynchttpclient.netty.request.NettyRequestSender - Using open Channel [id: 0xb624012d, L:/127.0.0.1:57942 - R:localhost/127.0.0.1:31868] for POST '/session/5f45a56e678da0a23fd0ce56018fbc0b/window'
15:27:09.130 [AsyncHttpClient-1-10] DEBUG org.asynchttpclient.netty.handler.HttpHandler - 

Request DefaultHttpRequest(decodeResult: success, version: HTTP/1.1)
POST /session/5f45a56e678da0a23fd0ce56018fbc0b/window HTTP/1.1
User-Agent: selenium/4.7.1 (java windows)
Content-Length: 50
Content-Type: application/json; charset=utf-8
host: localhost:31868
accept: */*

Response DefaultHttpResponse(decodeResult: success, version: HTTP/1.1)
HTTP/1.1 200 OK
Content-Type: application/json; charset=utf-8
cache-control: no-cache
content-length: 14

15:27:09.130 [AsyncHttpClient-1-10] DEBUG org.asynchttpclient.netty.channel.ChannelManager - Adding key: http://localhost:31868 for channel [id: 0xb624012d, L:/127.0.0.1:57942 - R:localhost/127.0.0.1:31868]
15:27:09.131 [Forwarding getCurrentUrl on session 5f45a56e678da0a23fd0ce56018fbc0b to remote] DEBUG org.asynchttpclient.netty.request.NettyRequestSender - Using pooled Channel '[id: 0xb624012d, L:/127.0.0.1:57942 - R:localhost/127.0.0.1:31868]' for 'GET' to 'http://localhost:31868/session/5f45a56e678da0a23fd0ce56018fbc0b/url'
15:27:09.131 [Forwarding getCurrentUrl on session 5f45a56e678da0a23fd0ce56018fbc0b to remote] DEBUG org.asynchttpclient.netty.request.NettyRequestSender - Using open Channel [id: 0xb624012d, L:/127.0.0.1:57942 - R:localhost/127.0.0.1:31868] for GET '/session/5f45a56e678da0a23fd0ce56018fbc0b/url'
15:27:09.135 [AsyncHttpClient-1-10] DEBUG org.asynchttpclient.netty.handler.HttpHandler - 

Request DefaultFullHttpRequest(decodeResult: success, version: HTTP/1.1, content: EmptyByteBufBE)
GET /session/5f45a56e678da0a23fd0ce56018fbc0b/url HTTP/1.1
User-Agent: selenium/4.7.1 (java windows)
Cache-Control: no-cache
Content-Type: application/json; charset=utf-8
host: localhost:31868
accept: */*

Response DefaultHttpResponse(decodeResult: success, version: HTTP/1.1)
HTTP/1.1 200 OK
Content-Type: application/json; charset=utf-8
cache-control: no-cache
content-length: 54

15:27:09.135 [AsyncHttpClient-1-10] DEBUG org.asynchttpclient.netty.channel.ChannelManager - Adding key: http://localhost:31868 for channel [id: 0xb624012d, L:/127.0.0.1:57942 - R:localhost/127.0.0.1:31868]
15:27:09.136 [Forwarding screenshot on session 5f45a56e678da0a23fd0ce56018fbc0b to remote] DEBUG org.asynchttpclient.netty.request.NettyRequestSender - Using pooled Channel '[id: 0xb624012d, L:/127.0.0.1:57942 - R:localhost/127.0.0.1:31868]' for 'GET' to 'http://localhost:31868/session/5f45a56e678da0a23fd0ce56018fbc0b/screenshot'
15:27:09.136 [Forwarding screenshot on session 5f45a56e678da0a23fd0ce56018fbc0b to remote] DEBUG org.asynchttpclient.netty.request.NettyRequestSender - Using open Channel [id: 0xb624012d, L:/127.0.0.1:57942 - R:localhost/127.0.0.1:31868] for GET '/session/5f45a56e678da0a23fd0ce56018fbc0b/screenshot'
15:27:09.228 [AsyncHttpClient-1-10] DEBUG org.asynchttpclient.netty.handler.HttpHandler - 

Request DefaultFullHttpRequest(decodeResult: success, version: HTTP/1.1, content: EmptyByteBufBE)
GET /session/5f45a56e678da0a23fd0ce56018fbc0b/screenshot HTTP/1.1
User-Agent: selenium/4.7.1 (java windows)
Cache-Control: no-cache
Content-Type: application/json; charset=utf-8
host: localhost:31868
accept: */*

Response DefaultHttpResponse(decodeResult: success, version: HTTP/1.1)
HTTP/1.1 200 OK
Content-Type: application/json; charset=utf-8
cache-control: no-cache
content-length: 30844

15:27:09.228 [AsyncHttpClient-1-10] DEBUG org.asynchttpclient.netty.channel.ChannelManager - Adding key: http://localhost:31868 for channel [id: 0xb624012d, L:/127.0.0.1:57942 - R:localhost/127.0.0.1:31868]
15:27:09.230 [main] DEBUG net.serenitybdd.core.photography.Darkroom - Send negative for processing for target\site\serenity\93e6dc4a1a339ccf90ca1f245946d570f46ae0cf7475501b6bfe9b8952cfb2d4.png
15:27:09.230 [main] DEBUG net.thucydides.core.steps.StepInterceptor - STEP DONE: inputPassword
15:27:09.230 [Darkroom Processing Line] DEBUG net.serenitybdd.core.photography.DarkroomProcessingLine - Processing screenshot image in /var/screenshots/screenshot-6912867563977316663
15:27:09.230 [Darkroom Processing Line] DEBUG net.serenitybdd.core.photography.DarkroomProcessingLine - Saving screenshot to target\site\serenity\93e6dc4a1a339ccf90ca1f245946d570f46ae0cf7475501b6bfe9b8952cfb2d4.png
  &amp#27;[32mAnd &amp#27;[0m&amp#27;[32muser input password untuk register&amp#27;[0m                    &amp#27;[90m# starter.stepdefinitions.RegisterSteps.userInputPasswordUntukRegister()&amp#27;[0m
15:27:09.243 [main] DEBUG net.thucydides.core.steps.StepInterceptor - STARTING STEP: RegisterSteps.userKlikRegisterYangKedua - klikButtonRegister
15:27:09.245 [Forwarding findElement on session 5f45a56e678da0a23fd0ce56018fbc0b to remote] DEBUG org.asynchttpclient.netty.request.NettyRequestSender - Using pooled Channel '[id: 0xb624012d, L:/127.0.0.1:57942 - R:localhost/127.0.0.1:31868]' for 'POST' to 'http://localhost:31868/session/5f45a56e678da0a23fd0ce56018fbc0b/element'
15:27:09.245 [Forwarding findElement on session 5f45a56e678da0a23fd0ce56018fbc0b to remote] DEBUG org.asynchttpclient.netty.request.NettyRequestSender - Using open Channel [id: 0xb624012d, L:/127.0.0.1:57942 - R:localhost/127.0.0.1:31868] for POST '/session/5f45a56e678da0a23fd0ce56018fbc0b/element'
15:27:09.259 [AsyncHttpClient-1-10] DEBUG org.asynchttpclient.netty.handler.HttpHandler - 

Request DefaultHttpRequest(decodeResult: success, version: HTTP/1.1)
POST /session/5f45a56e678da0a23fd0ce56018fbc0b/element HTTP/1.1
User-Agent: selenium/4.7.1 (java windows)
Content-Length: 141
Content-Type: application/json; charset=utf-8
host: localhost:31868
accept: */*

Response DefaultHttpResponse(decodeResult: success, version: HTTP/1.1)
HTTP/1.1 200 OK
Content-Type: application/json; charset=utf-8
cache-control: no-cache
content-length: 95

15:27:09.259 [AsyncHttpClient-1-10] DEBUG org.asynchttpclient.netty.channel.ChannelManager - Adding key: http://localhost:31868 for channel [id: 0xb624012d, L:/127.0.0.1:57942 - R:localhost/127.0.0.1:31868]
15:27:09.260 [Forwarding getElementTagName on session 5f45a56e678da0a23fd0ce56018fbc0b to remote] DEBUG org.asynchttpclient.netty.request.NettyRequestSender - Using pooled Channel '[id: 0xb624012d, L:/127.0.0.1:57942 - R:localhost/127.0.0.1:31868]' for 'GET' to 'http://localhost:31868/session/5f45a56e678da0a23fd0ce56018fbc0b/element/A1BC1882B3B8A62042BCF305107E5C20_element_15/name'
15:27:09.260 [Forwarding getElementTagName on session 5f45a56e678da0a23fd0ce56018fbc0b to remote] DEBUG org.asynchttpclient.netty.request.NettyRequestSender - Using open Channel [id: 0xb624012d, L:/127.0.0.1:57942 - R:localhost/127.0.0.1:31868] for GET '/session/5f45a56e678da0a23fd0ce56018fbc0b/element/A1BC1882B3B8A62042BCF305107E5C20_element_15/name'
15:27:09.265 [AsyncHttpClient-1-10] DEBUG org.asynchttpclient.netty.handler.HttpHandler - 

Request DefaultFullHttpRequest(decodeResult: success, version: HTTP/1.1, content: EmptyByteBufBE)
GET /session/5f45a56e678da0a23fd0ce56018fbc0b/element/A1BC1882B3B8A62042BCF305107E5C20_element_15/name HTTP/1.1
User-Agent: selenium/4.7.1 (java windows)
Cache-Control: no-cache
Content-Type: application/json; charset=utf-8
host: localhost:31868
accept: */*

Response DefaultHttpResponse(decodeResult: success, version: HTTP/1.1)
HTTP/1.1 200 OK
Content-Type: application/json; charset=utf-8
cache-control: no-cache
content-length: 18

15:27:09.265 [AsyncHttpClient-1-10] DEBUG org.asynchttpclient.netty.channel.ChannelManager - Adding key: http://localhost:31868 for channel [id: 0xb624012d, L:/127.0.0.1:57942 - R:localhost/127.0.0.1:31868]
15:27:09.266 [Forwarding getElementTagName on session 5f45a56e678da0a23fd0ce56018fbc0b to remote] DEBUG org.asynchttpclient.netty.request.NettyRequestSender - Using pooled Channel '[id: 0xb624012d, L:/127.0.0.1:57942 - R:localhost/127.0.0.1:31868]' for 'GET' to 'http://localhost:31868/session/5f45a56e678da0a23fd0ce56018fbc0b/element/A1BC1882B3B8A62042BCF305107E5C20_element_15/name'
15:27:09.267 [Forwarding getElementTagName on session 5f45a56e678da0a23fd0ce56018fbc0b to remote] DEBUG org.asynchttpclient.netty.request.NettyRequestSender - Using open Channel [id: 0xb624012d, L:/127.0.0.1:57942 - R:localhost/127.0.0.1:31868] for GET '/session/5f45a56e678da0a23fd0ce56018fbc0b/element/A1BC1882B3B8A62042BCF305107E5C20_element_15/name'
15:27:09.273 [AsyncHttpClient-1-10] DEBUG org.asynchttpclient.netty.handler.HttpHandler - 

Request DefaultFullHttpRequest(decodeResult: success, version: HTTP/1.1, content: EmptyByteBufBE)
GET /session/5f45a56e678da0a23fd0ce56018fbc0b/element/A1BC1882B3B8A62042BCF305107E5C20_element_15/name HTTP/1.1
User-Agent: selenium/4.7.1 (java windows)
Cache-Control: no-cache
Content-Type: application/json; charset=utf-8
host: localhost:31868
accept: */*

Response DefaultHttpResponse(decodeResult: success, version: HTTP/1.1)
HTTP/1.1 200 OK
Content-Type: application/json; charset=utf-8
cache-control: no-cache
content-length: 18

15:27:09.273 [AsyncHttpClient-1-10] DEBUG org.asynchttpclient.netty.channel.ChannelManager - Adding key: http://localhost:31868 for channel [id: 0xb624012d, L:/127.0.0.1:57942 - R:localhost/127.0.0.1:31868]
15:27:09.275 [Forwarding isElementEnabled on session 5f45a56e678da0a23fd0ce56018fbc0b to remote] DEBUG org.asynchttpclient.netty.request.NettyRequestSender - Using pooled Channel '[id: 0xb624012d, L:/127.0.0.1:57942 - R:localhost/127.0.0.1:31868]' for 'GET' to 'http://localhost:31868/session/5f45a56e678da0a23fd0ce56018fbc0b/element/A1BC1882B3B8A62042BCF305107E5C20_element_15/enabled'
15:27:09.275 [Forwarding isElementEnabled on session 5f45a56e678da0a23fd0ce56018fbc0b to remote] DEBUG org.asynchttpclient.netty.request.NettyRequestSender - Using open Channel [id: 0xb624012d, L:/127.0.0.1:57942 - R:localhost/127.0.0.1:31868] for GET '/session/5f45a56e678da0a23fd0ce56018fbc0b/element/A1BC1882B3B8A62042BCF305107E5C20_element_15/enabled'
15:27:09.283 [AsyncHttpClient-1-10] DEBUG org.asynchttpclient.netty.handler.HttpHandler - 

Request DefaultFullHttpRequest(decodeResult: success, version: HTTP/1.1, content: EmptyByteBufBE)
GET /session/5f45a56e678da0a23fd0ce56018fbc0b/element/A1BC1882B3B8A62042BCF305107E5C20_element_15/enabled HTTP/1.1
User-Agent: selenium/4.7.1 (java windows)
Cache-Control: no-cache
Content-Type: application/json; charset=utf-8
host: localhost:31868
accept: */*

Response DefaultHttpResponse(decodeResult: success, version: HTTP/1.1)
HTTP/1.1 200 OK
Content-Type: application/json; charset=utf-8
cache-control: no-cache
content-length: 14

15:27:09.283 [AsyncHttpClient-1-10] DEBUG org.asynchttpclient.netty.channel.ChannelManager - Adding key: http://localhost:31868 for channel [id: 0xb624012d, L:/127.0.0.1:57942 - R:localhost/127.0.0.1:31868]
15:27:09.284 [Forwarding isElementEnabled on session 5f45a56e678da0a23fd0ce56018fbc0b to remote] DEBUG org.asynchttpclient.netty.request.NettyRequestSender - Using pooled Channel '[id: 0xb624012d, L:/127.0.0.1:57942 - R:localhost/127.0.0.1:31868]' for 'GET' to 'http://localhost:31868/session/5f45a56e678da0a23fd0ce56018fbc0b/element/A1BC1882B3B8A62042BCF305107E5C20_element_15/enabled'
15:27:09.284 [Forwarding isElementEnabled on session 5f45a56e678da0a23fd0ce56018fbc0b to remote] DEBUG org.asynchttpclient.netty.request.NettyRequestSender - Using open Channel [id: 0xb624012d, L:/127.0.0.1:57942 - R:localhost/127.0.0.1:31868] for GET '/session/5f45a56e678da0a23fd0ce56018fbc0b/element/A1BC1882B3B8A62042BCF305107E5C20_element_15/enabled'
15:27:09.295 [AsyncHttpClient-1-10] DEBUG org.asynchttpclient.netty.handler.HttpHandler - 

Request DefaultFullHttpRequest(decodeResult: success, version: HTTP/1.1, content: EmptyByteBufBE)
GET /session/5f45a56e678da0a23fd0ce56018fbc0b/element/A1BC1882B3B8A62042BCF305107E5C20_element_15/enabled HTTP/1.1
User-Agent: selenium/4.7.1 (java windows)
Cache-Control: no-cache
Content-Type: application/json; charset=utf-8
host: localhost:31868
accept: */*

Response DefaultHttpResponse(decodeResult: success, version: HTTP/1.1)
HTTP/1.1 200 OK
Content-Type: application/json; charset=utf-8
cache-control: no-cache
content-length: 14

15:27:09.295 [AsyncHttpClient-1-10] DEBUG org.asynchttpclient.netty.channel.ChannelManager - Adding key: http://localhost:31868 for channel [id: 0xb624012d, L:/127.0.0.1:57942 - R:localhost/127.0.0.1:31868]
15:27:09.296 [Forwarding findElement on session 5f45a56e678da0a23fd0ce56018fbc0b to remote] DEBUG org.asynchttpclient.netty.request.NettyRequestSender - Using pooled Channel '[id: 0xb624012d, L:/127.0.0.1:57942 - R:localhost/127.0.0.1:31868]' for 'POST' to 'http://localhost:31868/session/5f45a56e678da0a23fd0ce56018fbc0b/element'
15:27:09.296 [Forwarding findElement on session 5f45a56e678da0a23fd0ce56018fbc0b to remote] DEBUG org.asynchttpclient.netty.request.NettyRequestSender - Using open Channel [id: 0xb624012d, L:/127.0.0.1:57942 - R:localhost/127.0.0.1:31868] for POST '/session/5f45a56e678da0a23fd0ce56018fbc0b/element'
15:27:09.307 [AsyncHttpClient-1-10] DEBUG org.asynchttpclient.netty.handler.HttpHandler - 

Request DefaultHttpRequest(decodeResult: success, version: HTTP/1.1)
POST /session/5f45a56e678da0a23fd0ce56018fbc0b/element HTTP/1.1
User-Agent: selenium/4.7.1 (java windows)
Content-Length: 141
Content-Type: application/json; charset=utf-8
host: localhost:31868
accept: */*

Response DefaultHttpResponse(decodeResult: success, version: HTTP/1.1)
HTTP/1.1 200 OK
Content-Type: application/json; charset=utf-8
cache-control: no-cache
content-length: 95

15:27:09.307 [AsyncHttpClient-1-10] DEBUG org.asynchttpclient.netty.channel.ChannelManager - Adding key: http://localhost:31868 for channel [id: 0xb624012d, L:/127.0.0.1:57942 - R:localhost/127.0.0.1:31868]
15:27:09.308 [Forwarding clickElement on session 5f45a56e678da0a23fd0ce56018fbc0b to remote] DEBUG org.asynchttpclient.netty.request.NettyRequestSender - Using pooled Channel '[id: 0xb624012d, L:/127.0.0.1:57942 - R:localhost/127.0.0.1:31868]' for 'POST' to 'http://localhost:31868/session/5f45a56e678da0a23fd0ce56018fbc0b/element/A1BC1882B3B8A62042BCF305107E5C20_element_15/click'
15:27:09.308 [Forwarding clickElement on session 5f45a56e678da0a23fd0ce56018fbc0b to remote] DEBUG org.asynchttpclient.netty.request.NettyRequestSender - Using open Channel [id: 0xb624012d, L:/127.0.0.1:57942 - R:localhost/127.0.0.1:31868] for POST '/session/5f45a56e678da0a23fd0ce56018fbc0b/element/A1BC1882B3B8A62042BCF305107E5C20_element_15/click'
15:27:09.359 [AsyncHttpClient-1-10] DEBUG org.asynchttpclient.netty.handler.HttpHandler - 

Request DefaultHttpRequest(decodeResult: success, version: HTTP/1.1)
POST /session/5f45a56e678da0a23fd0ce56018fbc0b/element/A1BC1882B3B8A62042BCF305107E5C20_element_15/click HTTP/1.1
User-Agent: selenium/4.7.1 (java windows)
Content-Length: 57
Content-Type: application/json; charset=utf-8
host: localhost:31868
accept: */*

Response DefaultHttpResponse(decodeResult: success, version: HTTP/1.1)
HTTP/1.1 200 OK
Content-Type: application/json; charset=utf-8
cache-control: no-cache
content-length: 14

15:27:09.359 [AsyncHttpClient-1-10] DEBUG org.asynchttpclient.netty.channel.ChannelManager - Adding key: http://localhost:31868 for channel [id: 0xb624012d, L:/127.0.0.1:57942 - R:localhost/127.0.0.1:31868]
15:27:09.365 [Forwarding getCurrentWindowHandle on session 5f45a56e678da0a23fd0ce56018fbc0b to remote] DEBUG org.asynchttpclient.netty.request.NettyRequestSender - Using pooled Channel '[id: 0xb624012d, L:/127.0.0.1:57942 - R:localhost/127.0.0.1:31868]' for 'GET' to 'http://localhost:31868/session/5f45a56e678da0a23fd0ce56018fbc0b/window'
15:27:09.365 [Forwarding getCurrentWindowHandle on session 5f45a56e678da0a23fd0ce56018fbc0b to remote] DEBUG org.asynchttpclient.netty.request.NettyRequestSender - Using open Channel [id: 0xb624012d, L:/127.0.0.1:57942 - R:localhost/127.0.0.1:31868] for GET '/session/5f45a56e678da0a23fd0ce56018fbc0b/window'
15:27:09.365 [AsyncHttpClient-1-10] DEBUG org.asynchttpclient.netty.handler.HttpHandler - 

Request DefaultFullHttpRequest(decodeResult: success, version: HTTP/1.1, content: EmptyByteBufBE)
GET /session/5f45a56e678da0a23fd0ce56018fbc0b/window HTTP/1.1
User-Agent: selenium/4.7.1 (java windows)
Cache-Control: no-cache
Content-Type: application/json; charset=utf-8
host: localhost:31868
accept: */*

Response DefaultHttpResponse(decodeResult: success, version: HTTP/1.1)
HTTP/1.1 200 OK
Content-Type: application/json; charset=utf-8
cache-control: no-cache
content-length: 44

15:27:09.365 [AsyncHttpClient-1-10] DEBUG org.asynchttpclient.netty.channel.ChannelManager - Adding key: http://localhost:31868 for channel [id: 0xb624012d, L:/127.0.0.1:57942 - R:localhost/127.0.0.1:31868]
15:27:09.366 [Forwarding getAlertText on session 5f45a56e678da0a23fd0ce56018fbc0b to remote] DEBUG org.asynchttpclient.netty.request.NettyRequestSender - Using pooled Channel '[id: 0xb624012d, L:/127.0.0.1:57942 - R:localhost/127.0.0.1:31868]' for 'GET' to 'http://localhost:31868/session/5f45a56e678da0a23fd0ce56018fbc0b/alert/text'
15:27:09.366 [Forwarding getAlertText on session 5f45a56e678da0a23fd0ce56018fbc0b to remote] DEBUG org.asynchttpclient.netty.request.NettyRequestSender - Using open Channel [id: 0xb624012d, L:/127.0.0.1:57942 - R:localhost/127.0.0.1:31868] for GET '/session/5f45a56e678da0a23fd0ce56018fbc0b/alert/text'
15:27:09.368 [AsyncHttpClient-1-10] DEBUG org.asynchttpclient.netty.handler.HttpHandler - 

Request DefaultFullHttpRequest(decodeResult: success, version: HTTP/1.1, content: EmptyByteBufBE)
GET /session/5f45a56e678da0a23fd0ce56018fbc0b/alert/text HTTP/1.1
User-Agent: selenium/4.7.1 (java windows)
Cache-Control: no-cache
Content-Type: application/json; charset=utf-8
host: localhost:31868
accept: */*

Response DefaultHttpResponse(decodeResult: success, version: HTTP/1.1)
HTTP/1.1 404 Not Found
Content-Type: application/json; charset=utf-8
cache-control: no-cache
content-length: 820

15:27:09.368 [AsyncHttpClient-1-10] DEBUG org.asynchttpclient.netty.channel.ChannelManager - Adding key: http://localhost:31868 for channel [id: 0xb624012d, L:/127.0.0.1:57942 - R:localhost/127.0.0.1:31868]
15:27:09.370 [Forwarding switchToWindow on session 5f45a56e678da0a23fd0ce56018fbc0b to remote] DEBUG org.asynchttpclient.netty.request.NettyRequestSender - Using pooled Channel '[id: 0xb624012d, L:/127.0.0.1:57942 - R:localhost/127.0.0.1:31868]' for 'POST' to 'http://localhost:31868/session/5f45a56e678da0a23fd0ce56018fbc0b/window'
15:27:09.370 [Forwarding switchToWindow on session 5f45a56e678da0a23fd0ce56018fbc0b to remote] DEBUG org.asynchttpclient.netty.request.NettyRequestSender - Using open Channel [id: 0xb624012d, L:/127.0.0.1:57942 - R:localhost/127.0.0.1:31868] for POST '/session/5f45a56e678da0a23fd0ce56018fbc0b/window'
15:27:09.371 [AsyncHttpClient-1-10] DEBUG org.asynchttpclient.netty.handler.HttpHandler - 

Request DefaultHttpRequest(decodeResult: success, version: HTTP/1.1)
POST /session/5f45a56e678da0a23fd0ce56018fbc0b/window HTTP/1.1
User-Agent: selenium/4.7.1 (java windows)
Content-Length: 50
Content-Type: application/json; charset=utf-8
host: localhost:31868
accept: */*

Response DefaultHttpResponse(decodeResult: success, version: HTTP/1.1)
HTTP/1.1 200 OK
Content-Type: application/json; charset=utf-8
cache-control: no-cache
content-length: 14

15:27:09.372 [AsyncHttpClient-1-10] DEBUG org.asynchttpclient.netty.channel.ChannelManager - Adding key: http://localhost:31868 for channel [id: 0xb624012d, L:/127.0.0.1:57942 - R:localhost/127.0.0.1:31868]
15:27:09.372 [Forwarding getCurrentUrl on session 5f45a56e678da0a23fd0ce56018fbc0b to remote] DEBUG org.asynchttpclient.netty.request.NettyRequestSender - Using pooled Channel '[id: 0xb624012d, L:/127.0.0.1:57942 - R:localhost/127.0.0.1:31868]' for 'GET' to 'http://localhost:31868/session/5f45a56e678da0a23fd0ce56018fbc0b/url'
15:27:09.372 [Forwarding getCurrentUrl on session 5f45a56e678da0a23fd0ce56018fbc0b to remote] DEBUG org.asynchttpclient.netty.request.NettyRequestSender - Using open Channel [id: 0xb624012d, L:/127.0.0.1:57942 - R:localhost/127.0.0.1:31868] for GET '/session/5f45a56e678da0a23fd0ce56018fbc0b/url'
15:27:09.378 [AsyncHttpClient-1-10] DEBUG org.asynchttpclient.netty.handler.HttpHandler - 

Request DefaultFullHttpRequest(decodeResult: success, version: HTTP/1.1, content: EmptyByteBufBE)
GET /session/5f45a56e678da0a23fd0ce56018fbc0b/url HTTP/1.1
User-Agent: selenium/4.7.1 (java windows)
Cache-Control: no-cache
Content-Type: application/json; charset=utf-8
host: localhost:31868
accept: */*

Response DefaultHttpResponse(decodeResult: success, version: HTTP/1.1)
HTTP/1.1 200 OK
Content-Type: application/json; charset=utf-8
cache-control: no-cache
content-length: 54

15:27:09.378 [AsyncHttpClient-1-10] DEBUG org.asynchttpclient.netty.channel.ChannelManager - Adding key: http://localhost:31868 for channel [id: 0xb624012d, L:/127.0.0.1:57942 - R:localhost/127.0.0.1:31868]
15:27:09.379 [Forwarding screenshot on session 5f45a56e678da0a23fd0ce56018fbc0b to remote] DEBUG org.asynchttpclient.netty.request.NettyRequestSender - Using pooled Channel '[id: 0xb624012d, L:/127.0.0.1:57942 - R:localhost/127.0.0.1:31868]' for 'GET' to 'http://localhost:31868/session/5f45a56e678da0a23fd0ce56018fbc0b/screenshot'
15:27:09.379 [Forwarding screenshot on session 5f45a56e678da0a23fd0ce56018fbc0b to remote] DEBUG org.asynchttpclient.netty.request.NettyRequestSender - Using open Channel [id: 0xb624012d, L:/127.0.0.1:57942 - R:localhost/127.0.0.1:31868] for GET '/session/5f45a56e678da0a23fd0ce56018fbc0b/screenshot'
15:27:09.456 [AsyncHttpClient-1-10] DEBUG org.asynchttpclient.netty.handler.HttpHandler - 

Request DefaultFullHttpRequest(decodeResult: success, version: HTTP/1.1, content: EmptyByteBufBE)
GET /session/5f45a56e678da0a23fd0ce56018fbc0b/screenshot HTTP/1.1
User-Agent: selenium/4.7.1 (java windows)
Cache-Control: no-cache
Content-Type: application/json; charset=utf-8
host: localhost:31868
accept: */*

Response DefaultHttpResponse(decodeResult: success, version: HTTP/1.1)
HTTP/1.1 200 OK
Content-Type: application/json; charset=utf-8
cache-control: no-cache
content-length: 30136

15:27:09.457 [AsyncHttpClient-1-10] DEBUG org.asynchttpclient.netty.channel.ChannelManager - Adding key: http://localhost:31868 for channel [id: 0xb624012d, L:/127.0.0.1:57942 - R:localhost/127.0.0.1:31868]
15:27:09.458 [main] DEBUG net.serenitybdd.core.photography.Darkroom - Send negative for processing for target\site\serenity\0756d9bfcc691b4a29267898abb53ef3dda4da3c23de23ec4c7d7aa3a5bf8c23.png
15:27:09.458 [main] DEBUG net.thucydides.core.steps.StepInterceptor - STEP DONE: klikButtonRegister
15:27:09.458 [Darkroom Processing Line] DEBUG net.serenitybdd.core.photography.DarkroomProcessingLine - Processing screenshot image in /var/screenshots/screenshot-12388999516034765622
15:27:09.458 [Darkroom Processing Line] DEBUG net.serenitybdd.core.photography.DarkroomProcessingLine - Saving screenshot to target\site\serenity\0756d9bfcc691b4a29267898abb53ef3dda4da3c23de23ec4c7d7aa3a5bf8c23.png
  &amp#27;[32mThen &amp#27;[0m&amp#27;[32muser klik register yang kedua&amp#27;[0m                        &amp#27;[90m# starter.stepdefinitions.RegisterSteps.userKlikRegisterYangKedua()&amp#27;[0m
15:27:09.468 [main] DEBUG net.thucydides.core.steps.StepInterceptor - STARTING STEP: RegisterSteps.userMenerimaERRORMessage - munculErrorMessage
15:27:09.471 [Forwarding findElement on session 5f45a56e678da0a23fd0ce56018fbc0b to remote] DEBUG org.asynchttpclient.netty.request.NettyRequestSender - Using pooled Channel '[id: 0xb624012d, L:/127.0.0.1:57942 - R:localhost/127.0.0.1:31868]' for 'POST' to 'http://localhost:31868/session/5f45a56e678da0a23fd0ce56018fbc0b/element'
15:27:09.471 [Forwarding findElement on session 5f45a56e678da0a23fd0ce56018fbc0b to remote] DEBUG org.asynchttpclient.netty.request.NettyRequestSender - Using open Channel [id: 0xb624012d, L:/127.0.0.1:57942 - R:localhost/127.0.0.1:31868] for POST '/session/5f45a56e678da0a23fd0ce56018fbc0b/element'
15:27:09.543 [AsyncHttpClient-1-10] DEBUG org.asynchttpclient.netty.handler.HttpHandler - 

Request DefaultHttpRequest(decodeResult: success, version: HTTP/1.1)
POST /session/5f45a56e678da0a23fd0ce56018fbc0b/element HTTP/1.1
User-Agent: selenium/4.7.1 (java windows)
Content-Length: 79
Content-Type: application/json; charset=utf-8
host: localhost:31868
accept: */*

Response DefaultHttpResponse(decodeResult: success, version: HTTP/1.1)
HTTP/1.1 200 OK
Content-Type: application/json; charset=utf-8
cache-control: no-cache
content-length: 95

15:27:09.544 [AsyncHttpClient-1-10] DEBUG org.asynchttpclient.netty.channel.ChannelManager - Adding key: http://localhost:31868 for channel [id: 0xb624012d, L:/127.0.0.1:57942 - R:localhost/127.0.0.1:31868]
15:27:09.546 [Forwarding isElementDisplayed on session 5f45a56e678da0a23fd0ce56018fbc0b to remote] DEBUG org.asynchttpclient.netty.request.NettyRequestSender - Using pooled Channel '[id: 0xb624012d, L:/127.0.0.1:57942 - R:localhost/127.0.0.1:31868]' for 'POST' to 'http://localhost:31868/session/5f45a56e678da0a23fd0ce56018fbc0b/execute/sync'
15:27:09.546 [Forwarding isElementDisplayed on session 5f45a56e678da0a23fd0ce56018fbc0b to remote] DEBUG org.asynchttpclient.netty.request.NettyRequestSender - Using open Channel [id: 0xb624012d, L:/127.0.0.1:57942 - R:localhost/127.0.0.1:31868] for POST '/session/5f45a56e678da0a23fd0ce56018fbc0b/execute/sync'
15:27:09.559 [AsyncHttpClient-1-10] DEBUG org.asynchttpclient.netty.handler.HttpHandler - 

Request DefaultHttpRequest(decodeResult: success, version: HTTP/1.1)
POST /session/5f45a56e678da0a23fd0ce56018fbc0b/execute/sync HTTP/1.1
User-Agent: selenium/4.7.1 (java windows)
Content-Length: 48787
Content-Type: application/json; charset=utf-8
host: localhost:31868
accept: */*

Response DefaultHttpResponse(decodeResult: success, version: HTTP/1.1)
HTTP/1.1 200 OK
Content-Type: application/json; charset=utf-8
cache-control: no-cache
content-length: 14

15:27:09.560 [AsyncHttpClient-1-10] DEBUG org.asynchttpclient.netty.channel.ChannelManager - Adding key: http://localhost:31868 for channel [id: 0xb624012d, L:/127.0.0.1:57942 - R:localhost/127.0.0.1:31868]
15:27:09.564 [Forwarding getCurrentWindowHandle on session 5f45a56e678da0a23fd0ce56018fbc0b to remote] DEBUG org.asynchttpclient.netty.request.NettyRequestSender - Using pooled Channel '[id: 0xb624012d, L:/127.0.0.1:57942 - R:localhost/127.0.0.1:31868]' for 'GET' to 'http://localhost:31868/session/5f45a56e678da0a23fd0ce56018fbc0b/window'
15:27:09.564 [Forwarding getCurrentWindowHandle on session 5f45a56e678da0a23fd0ce56018fbc0b to remote] DEBUG org.asynchttpclient.netty.request.NettyRequestSender - Using open Channel [id: 0xb624012d, L:/127.0.0.1:57942 - R:localhost/127.0.0.1:31868] for GET '/session/5f45a56e678da0a23fd0ce56018fbc0b/window'
15:27:09.565 [AsyncHttpClient-1-10] DEBUG org.asynchttpclient.netty.handler.HttpHandler - 

Request DefaultFullHttpRequest(decodeResult: success, version: HTTP/1.1, content: EmptyByteBufBE)
GET /session/5f45a56e678da0a23fd0ce56018fbc0b/window HTTP/1.1
User-Agent: selenium/4.7.1 (java windows)
Cache-Control: no-cache
Content-Type: application/json; charset=utf-8
host: localhost:31868
accept: */*

Response DefaultHttpResponse(decodeResult: success, version: HTTP/1.1)
HTTP/1.1 200 OK
Content-Type: application/json; charset=utf-8
cache-control: no-cache
content-length: 44

15:27:09.565 [AsyncHttpClient-1-10] DEBUG org.asynchttpclient.netty.channel.ChannelManager - Adding key: http://localhost:31868 for channel [id: 0xb624012d, L:/127.0.0.1:57942 - R:localhost/127.0.0.1:31868]
15:27:09.566 [Forwarding getAlertText on session 5f45a56e678da0a23fd0ce56018fbc0b to remote] DEBUG org.asynchttpclient.netty.request.NettyRequestSender - Using pooled Channel '[id: 0xb624012d, L:/127.0.0.1:57942 - R:localhost/127.0.0.1:31868]' for 'GET' to 'http://localhost:31868/session/5f45a56e678da0a23fd0ce56018fbc0b/alert/text'
15:27:09.566 [Forwarding getAlertText on session 5f45a56e678da0a23fd0ce56018fbc0b to remote] DEBUG org.asynchttpclient.netty.request.NettyRequestSender - Using open Channel [id: 0xb624012d, L:/127.0.0.1:57942 - R:localhost/127.0.0.1:31868] for GET '/session/5f45a56e678da0a23fd0ce56018fbc0b/alert/text'
15:27:09.572 [AsyncHttpClient-1-10] DEBUG org.asynchttpclient.netty.handler.HttpHandler - 

Request DefaultFullHttpRequest(decodeResult: success, version: HTTP/1.1, content: EmptyByteBufBE)
GET /session/5f45a56e678da0a23fd0ce56018fbc0b/alert/text HTTP/1.1
User-Agent: selenium/4.7.1 (java windows)
Cache-Control: no-cache
Content-Type: application/json; charset=utf-8
host: localhost:31868
accept: */*

Response DefaultHttpResponse(decodeResult: success, version: HTTP/1.1)
HTTP/1.1 404 Not Found
Content-Type: application/json; charset=utf-8
cache-control: no-cache
content-length: 820

15:27:09.572 [AsyncHttpClient-1-10] DEBUG org.asynchttpclient.netty.channel.ChannelManager - Adding key: http://localhost:31868 for channel [id: 0xb624012d, L:/127.0.0.1:57942 - R:localhost/127.0.0.1:31868]
15:27:09.574 [Forwarding switchToWindow on session 5f45a56e678da0a23fd0ce56018fbc0b to remote] DEBUG org.asynchttpclient.netty.request.NettyRequestSender - Using pooled Channel '[id: 0xb624012d, L:/127.0.0.1:57942 - R:localhost/127.0.0.1:31868]' for 'POST' to 'http://localhost:31868/session/5f45a56e678da0a23fd0ce56018fbc0b/window'
15:27:09.574 [Forwarding switchToWindow on session 5f45a56e678da0a23fd0ce56018fbc0b to remote] DEBUG org.asynchttpclient.netty.request.NettyRequestSender - Using open Channel [id: 0xb624012d, L:/127.0.0.1:57942 - R:localhost/127.0.0.1:31868] for POST '/session/5f45a56e678da0a23fd0ce56018fbc0b/window'
15:27:09.576 [AsyncHttpClient-1-10] DEBUG org.asynchttpclient.netty.handler.HttpHandler - 

Request DefaultHttpRequest(decodeResult: success, version: HTTP/1.1)
POST /session/5f45a56e678da0a23fd0ce56018fbc0b/window HTTP/1.1
User-Agent: selenium/4.7.1 (java windows)
Content-Length: 50
Content-Type: application/json; charset=utf-8
host: localhost:31868
accept: */*

Response DefaultHttpResponse(decodeResult: success, version: HTTP/1.1)
HTTP/1.1 200 OK
Content-Type: application/json; charset=utf-8
cache-control: no-cache
content-length: 14

15:27:09.576 [AsyncHttpClient-1-10] DEBUG org.asynchttpclient.netty.channel.ChannelManager - Adding key: http://localhost:31868 for channel [id: 0xb624012d, L:/127.0.0.1:57942 - R:localhost/127.0.0.1:31868]
15:27:09.576 [Forwarding getCurrentUrl on session 5f45a56e678da0a23fd0ce56018fbc0b to remote] DEBUG org.asynchttpclient.netty.request.NettyRequestSender - Using pooled Channel '[id: 0xb624012d, L:/127.0.0.1:57942 - R:localhost/127.0.0.1:31868]' for 'GET' to 'http://localhost:31868/session/5f45a56e678da0a23fd0ce56018fbc0b/url'
15:27:09.576 [Forwarding getCurrentUrl on session 5f45a56e678da0a23fd0ce56018fbc0b to remote] DEBUG org.asynchttpclient.netty.request.NettyRequestSender - Using open Channel [id: 0xb624012d, L:/127.0.0.1:57942 - R:localhost/127.0.0.1:31868] for GET '/session/5f45a56e678da0a23fd0ce56018fbc0b/url'
15:27:09.580 [AsyncHttpClient-1-10] DEBUG org.asynchttpclient.netty.handler.HttpHandler - 

Request DefaultFullHttpRequest(decodeResult: success, version: HTTP/1.1, content: EmptyByteBufBE)
GET /session/5f45a56e678da0a23fd0ce56018fbc0b/url HTTP/1.1
User-Agent: selenium/4.7.1 (java windows)
Cache-Control: no-cache
Content-Type: application/json; charset=utf-8
host: localhost:31868
accept: */*

Response DefaultHttpResponse(decodeResult: success, version: HTTP/1.1)
HTTP/1.1 200 OK
Content-Type: application/json; charset=utf-8
cache-control: no-cache
content-length: 54

15:27:09.581 [AsyncHttpClient-1-10] DEBUG org.asynchttpclient.netty.channel.ChannelManager - Adding key: http://localhost:31868 for channel [id: 0xb624012d, L:/127.0.0.1:57942 - R:localhost/127.0.0.1:31868]
15:27:09.581 [Forwarding screenshot on session 5f45a56e678da0a23fd0ce56018fbc0b to remote] DEBUG org.asynchttpclient.netty.request.NettyRequestSender - Using pooled Channel '[id: 0xb624012d, L:/127.0.0.1:57942 - R:localhost/127.0.0.1:31868]' for 'GET' to 'http://localhost:31868/session/5f45a56e678da0a23fd0ce56018fbc0b/screenshot'
15:27:09.581 [Forwarding screenshot on session 5f45a56e678da0a23fd0ce56018fbc0b to remote] DEBUG org.asynchttpclient.netty.request.NettyRequestSender - Using open Channel [id: 0xb624012d, L:/127.0.0.1:57942 - R:localhost/127.0.0.1:31868] for GET '/session/5f45a56e678da0a23fd0ce56018fbc0b/screenshot'
15:27:09.665 [AsyncHttpClient-1-10] DEBUG org.asynchttpclient.netty.handler.HttpHandler - 

Request DefaultFullHttpRequest(decodeResult: success, version: HTTP/1.1, content: EmptyByteBufBE)
GET /session/5f45a56e678da0a23fd0ce56018fbc0b/screenshot HTTP/1.1
User-Agent: selenium/4.7.1 (java windows)
Cache-Control: no-cache
Content-Type: application/json; charset=utf-8
host: localhost:31868
accept: */*

Response DefaultHttpResponse(decodeResult: success, version: HTTP/1.1)
HTTP/1.1 200 OK
Content-Type: application/json; charset=utf-8
cache-control: no-cache
content-length: 31492

15:27:09.666 [AsyncHttpClient-1-10] DEBUG org.asynchttpclient.netty.channel.ChannelManager - Adding key: http://localhost:31868 for channel [id: 0xb624012d, L:/127.0.0.1:57942 - R:localhost/127.0.0.1:31868]
15:27:09.667 [main] DEBUG net.serenitybdd.core.photography.Darkroom - Send negative for processing for target\site\serenity\ef81cec752c1972d2eb8f59b4a3016a73312f243843fec77d0baca0ded0cddbc.png
15:27:09.667 [main] DEBUG net.thucydides.core.steps.StepInterceptor - STEP DONE: munculErrorMessage
  &amp#27;[32mAnd &amp#27;[0m&amp#27;[32muser menerima ERROR message &amp#27;[0m&amp#27;[32m&amp#27;[1m"email is required"&amp#27;[0m       &amp#27;[90m# starter.stepdefinitions.RegisterSteps.userMenerimaERRORMessage(java.lang.String)&amp#27;[0m
15:27:09.667 [Darkroom Processing Line] DEBUG net.serenitybdd.core.photography.DarkroomProcessingLine - Processing screenshot image in /var/screenshots/screenshot-10060219494719978117
15:27:09.668 [Darkroom Processing Line] DEBUG net.serenitybdd.core.photography.DarkroomProcessingLine - Saving screenshot to target\site\serenity\ef81cec752c1972d2eb8f59b4a3016a73312f243843fec77d0baca0ded0cddbc.png
15:27:09.673 [main] INFO  - 
  _____   ___   ___   _____     ___     _     ___   ___   ___   ___  
 |_   _| | __| / __| |_   _|   | _ \   /_\   / __| / __| | __| |   \ 
   | |   | _|  \__ \   | |     |  _/  / _ \  \__ \ \__ \ | _|  | |) |
   |_|   |___| |___/   |_|     |_|   /_/ \_\ |___/ |___/ |___| |___/ 

user tidak bisa register karena tidak input email
----------------------------------------------------------------------
15:27:09.674 [AsyncHttpClient-1-12] DEBUG org.asynchttpclient.netty.handler.WebSocketHandler - Channel Closed: [id: 0x3e968472, L:/127.0.0.1:57950 ! R:localhost/127.0.0.1:57943] with attribute NettyResponseFuture{currentRetry=0,
	isDone=1,
	isCancelled=0,
	asyncHandler=org.asynchttpclient.ws.WebSocketUpgradeHandler@2bface3e,
	nettyRequest=org.asynchttpclient.netty.request.NettyRequest@db0f565,
	future=java.util.concurrent.CompletableFuture@53660d23[Completed normally],
	uri=ws://localhost:57943/devtools/browser/00d2f1d0-2216-4402-946c-e23c0f7a1d35,
	keepAlive=true,
	redirectCount=0,
	timeoutsHolder=null,
	inAuth=0,
	touch=1683707223531}
15:27:09.674 [Driver Command Executor] DEBUG org.asynchttpclient.netty.request.NettyRequestSender - Using pooled Channel '[id: 0xb624012d, L:/127.0.0.1:57942 - R:localhost/127.0.0.1:31868]' for 'DELETE' to 'http://localhost:31868/session/5f45a56e678da0a23fd0ce56018fbc0b'
15:27:09.674 [Driver Command Executor] DEBUG org.asynchttpclient.netty.request.NettyRequestSender - Using open Channel [id: 0xb624012d, L:/127.0.0.1:57942 - R:localhost/127.0.0.1:31868] for DELETE '/session/5f45a56e678da0a23fd0ce56018fbc0b'
15:27:09.674 [AsyncHttpClient-1-12] DEBUG org.asynchttpclient.netty.channel.ChannelManager - Closing Channel [id: 0x3e968472, L:/127.0.0.1:57950 ! R:localhost/127.0.0.1:57943] 
15:27:09.718 [AsyncHttpClient-1-11] DEBUG org.asynchttpclient.netty.handler.HttpHandler - Unexpected I/O exception on channel [id: 0x53bc81e4, L:/127.0.0.1:57949 - R:localhost/127.0.0.1:57943]
java.net.SocketException: Connection reset
	at java.base/sun.nio.ch.SocketChannelImpl.throwConnectionReset(SocketChannelImpl.java:401)
	at java.base/sun.nio.ch.SocketChannelImpl.read(SocketChannelImpl.java:434)
	at io.netty.buffer.PooledByteBuf.setBytes(PooledByteBuf.java:259)
	at io.netty.buffer.AbstractByteBuf.writeBytes(AbstractByteBuf.java:1132)
	at io.netty.channel.socket.nio.NioSocketChannel.doReadBytes(NioSocketChannel.java:357)
	at io.netty.channel.nio.AbstractNioByteChannel$NioByteUnsafe.read(AbstractNioByteChannel.java:151)
	at io.netty.channel.nio.NioEventLoop.processSelectedKey(NioEventLoop.java:788)
	at io.netty.channel.nio.NioEventLoop.processSelectedKeysOptimized(NioEventLoop.java:724)
	at io.netty.channel.nio.NioEventLoop.processSelectedKeys(NioEventLoop.java:650)
	at io.netty.channel.nio.NioEventLoop.run(NioEventLoop.java:562)
	at io.netty.util.concurrent.SingleThreadEventExecutor$4.run(SingleThreadEventExecutor.java:997)
	at io.netty.util.internal.ThreadExecutorMap$2.run(ThreadExecutorMap.java:74)
	at io.netty.util.concurrent.FastThreadLocalRunnable.run(FastThreadLocalRunnable.java:30)
	at java.base/java.lang.Thread.run(Thread.java:1589)
15:27:09.718 [AsyncHttpClient-1-11] DEBUG org.asynchttpclient.netty.channel.ChannelManager - Closing Channel [id: 0x53bc81e4, L:/127.0.0.1:57949 - R:localhost/127.0.0.1:57943] 
15:27:09.718 [AsyncHttpClient-1-11] DEBUG org.asynchttpclient.netty.handler.HttpHandler - Channel Closed: [id: 0x53bc81e4, L:/127.0.0.1:57949 ! R:localhost/127.0.0.1:57943] with attribute DISCARD
15:27:09.745 [AsyncHttpClient-1-10] DEBUG org.asynchttpclient.netty.handler.HttpHandler - 

Request DefaultFullHttpRequest(decodeResult: success, version: HTTP/1.1, content: EmptyByteBufBE)
DELETE /session/5f45a56e678da0a23fd0ce56018fbc0b HTTP/1.1
User-Agent: selenium/4.7.1 (java windows)
Content-Type: application/json; charset=utf-8
host: localhost:31868
accept: */*

Response DefaultHttpResponse(decodeResult: success, version: HTTP/1.1)
HTTP/1.1 200 OK
Content-Type: application/json; charset=utf-8
cache-control: no-cache
content-length: 14

15:27:09.745 [AsyncHttpClient-1-10] DEBUG org.asynchttpclient.netty.channel.ChannelManager - Adding key: http://localhost:31868 for channel [id: 0xb624012d, L:/127.0.0.1:57942 - R:localhost/127.0.0.1:31868]
15:27:09.791 [AsyncHttpClient-1-10] DEBUG org.asynchttpclient.netty.handler.HttpHandler - Channel Closed: [id: 0xb624012d, L:/127.0.0.1:57942 ! R:localhost/127.0.0.1:31868] with attribute DISCARD
]]></system-out>
    <system-err><![CDATA[Starting ChromeDriver 113.0.5672.63 (0e1a4471d5ae5bf128b1bd8f4d627c8cbd55f70c-refs/branch-heads/5672@{#912}) on port 31868
Only local connections are allowed.
Please see https://chromedriver.chromium.org/security-considerations for suggestions on keeping ChromeDriver safe.
ChromeDriver was started successfully.
May 10, 2023 3:27:03 PM org.openqa.selenium.devtools.CdpVersionFinder findNearestMatch
WARNING: Unable to find CDP implementation matching 113
May 10, 2023 3:27:03 PM org.openqa.selenium.chromium.ChromiumDriver lambda$new$3
WARNING: Unable to find version of CDP to use for . You may need to include a dependency on a specific version of the CDP using something similar to `org.seleniumhq.selenium:selenium-devtools-v86:4.7.1` where the version ("v86") matches the version of the chromium-based browser you're using and the version number of the artifact is the same as Selenium's.
]]></system-err>
  </testcase>
  <testcase name="user tidak bisa register karena tidak input password" classname="register" time="6.689">
    <system-out><![CDATA[
@Register04-Web-Negative
Scenario: user tidak bisa register karena tidak input password &amp#27;[90m# src/test/resources/features/2. Register.feature:37&amp#27;[0m
15:27:09.861 [main] INFO io.cucumber.core.plugin.SerenityReporter - Running feature from file:///C:/Users/HP/Downloads/Mini-Project-QA/ALTASHOP%20WEB%20AUTOMATION/src/test/resources/features/2.%20Register.feature
15:27:09.861 [main] INFO  - 
  _____   ___   ___   _____     ___   _____     _     ___   _____   ___   ___  
 |_   _| | __| / __| |_   _|   / __| |_   _|   /_\   | _ \ |_   _| | __| |   \ 
   | |   | _|  \__ \   | |     \__ \   | |    / _ \  |   /   | |   | _|  | |) |
   |_|   |___| |___/   |_|     |___/   |_|   /_/ \_\ |_|_\   |_|   |___| |___/ 

user tidak bisa register karena tidak input password(register;user-tidak-bisa-register-karena-tidak-input-password)
--------------------------------------------------------------------------------
15:27:09.878 [main] DEBUG net.thucydides.core.steps.StepInterceptor - STARTING STEP: LoginSteps.userBeradaDiHomepageAlta - diHomepageAltaShop
15:27:09.924 [main] INFO net.serenitybdd.core.webdriver.driverproviders.ChromeDriverProvider - Starting Chrome driver instance with capabilities:
15:27:09.924 [main] INFO net.serenitybdd.core.webdriver.driverproviders.ChromeDriverProvider - Capabilities {acceptInsecureCerts: true, browserName: chrome, goog:chromeOptions: {args: [remote-allow-origins=*, test-type, no-sandbox, ignore-certificate-errors, start-maximized, incognito, disable-infobars, disable-gpu, disable-default-apps, disable-popup-blocking, remote-allow-origins=*, test-type, no-sandbox, ignore-certificate-errors, start-maximized, incognito, disable-infobars, disable-gpu, disable-default-apps, disable-popup-blocking], extensions: []}}
15:27:10.006 [AsyncHttpClient-1-13] DEBUG org.asynchttpclient.netty.channel.NettyConnectListener - Using new Channel '[id: 0x92a7ae6b, L:/127.0.0.1:57971 - R:localhost/127.0.0.1:18674]' for 'POST' to '/session'
15:27:10.146 [AsyncHttpClient-1-1] DEBUG org.asynchttpclient.netty.channel.DefaultChannelPool - Entry count for : http://localhost:57943 : 1
15:27:10.146 [AsyncHttpClient-1-1] DEBUG org.asynchttpclient.netty.channel.DefaultChannelPool - Entry count for : http://localhost:31868 : 1
15:27:10.146 [AsyncHttpClient-1-1] DEBUG org.asynchttpclient.netty.channel.DefaultChannelPool - Adding Candidate expired Channel [id: 0x53bc81e4, L:/127.0.0.1:57949 ! R:localhost/127.0.0.1:57943] isIdleTimeoutExpired=false isRemotelyClosed=true isTtlExpired=false
15:27:10.146 [AsyncHttpClient-1-1] DEBUG org.asynchttpclient.netty.channel.DefaultChannelPool - Closing Idle Channel [id: 0x53bc81e4, L:/127.0.0.1:57949 ! R:localhost/127.0.0.1:57943]
15:27:10.146 [AsyncHttpClient-1-1] DEBUG org.asynchttpclient.netty.channel.DefaultChannelPool - Adding Candidate expired Channel [id: 0xb624012d, L:/127.0.0.1:57942 ! R:localhost/127.0.0.1:31868] isIdleTimeoutExpired=false isRemotelyClosed=true isTtlExpired=false
15:27:10.146 [AsyncHttpClient-1-1] DEBUG org.asynchttpclient.netty.channel.DefaultChannelPool - Closing Idle Channel [id: 0xb624012d, L:/127.0.0.1:57942 ! R:localhost/127.0.0.1:31868]
15:27:10.146 [AsyncHttpClient-1-1] DEBUG org.asynchttpclient.netty.channel.DefaultChannelPool - Closed 2 connections out of 2 in 0 ms
15:27:10.688 [AsyncHttpClient-1-13] DEBUG org.asynchttpclient.netty.handler.HttpHandler - 

Request DefaultHttpRequest(decodeResult: success, version: HTTP/1.1)
POST /session HTTP/1.1
User-Agent: selenium/4.7.1 (java windows)
Content-Length: 1629
Content-Type: application/json; charset=utf-8
host: localhost:18674
accept: */*

Response DefaultHttpResponse(decodeResult: success, version: HTTP/1.1)
HTTP/1.1 200 OK
Content-Type: application/json; charset=utf-8
cache-control: no-cache
content-length: 855

15:27:10.689 [AsyncHttpClient-1-13] DEBUG org.asynchttpclient.netty.channel.ChannelManager - Adding key: http://localhost:18674 for channel [id: 0x92a7ae6b, L:/127.0.0.1:57971 - R:localhost/127.0.0.1:18674]
15:27:10.698 [AsyncHttpClient-1-14] DEBUG org.asynchttpclient.netty.channel.NettyConnectListener - Using new Channel '[id: 0xc9418843, L:/127.0.0.1:57978 - R:localhost/127.0.0.1:57972]' for 'GET' to '/json/version'
15:27:10.699 [AsyncHttpClient-1-14] DEBUG org.asynchttpclient.netty.handler.HttpHandler - 

Request DefaultFullHttpRequest(decodeResult: success, version: HTTP/1.1, content: EmptyByteBufBE)
GET /json/version HTTP/1.1
User-Agent: selenium/4.7.1 (java windows)
host: localhost:57972
accept: */*

Response DefaultHttpResponse(decodeResult: success, version: HTTP/1.1)
HTTP/1.1 200 OK
Content-Security-Policy: frame-ancestors 'none'
Content-Type: application/json; charset=UTF-8
content-length: 422

15:27:10.699 [AsyncHttpClient-1-14] DEBUG org.asynchttpclient.netty.channel.ChannelManager - Adding key: http://localhost:57972 for channel [id: 0xc9418843, L:/127.0.0.1:57978 - R:localhost/127.0.0.1:57972]
15:27:10.702 [AsyncHttpClient-1-15] DEBUG org.asynchttpclient.netty.channel.NettyConnectListener - Using new Channel '[id: 0x80a2d716, L:/127.0.0.1:57979 - R:localhost/127.0.0.1:57972]' for 'GET' to '/devtools/browser/9659655a-fc2b-484f-b0b0-59f824fa400b'
15:27:10.705 [AsyncHttpClient-1-15] DEBUG org.asynchttpclient.netty.handler.WebSocketHandler - 

Request DefaultFullHttpRequest(decodeResult: success, version: HTTP/1.1, content: EmptyByteBufBE)
GET /devtools/browser/9659655a-fc2b-484f-b0b0-59f824fa400b HTTP/1.1
upgrade: websocket
connection: upgrade
sec-websocket-key: tK1cCJJ09gw4RB6fGt9RNg==
sec-websocket-version: 13
origin: http://localhost:57972
host: localhost:57972
accept: */*
user-agent: AHC/2.1

Response DefaultHttpResponse(decodeResult: success, version: HTTP/1.1)
HTTP/1.1 101 WebSocket Protocol Handshake
Upgrade: WebSocket
Connection: Upgrade
Sec-WebSocket-Accept: FnkHtuC8GK/MPtov75aUGatnXCg=

15:27:10.713 [Forwarding get on session a0ceec7ef69deb0c9b2c62816d24004c to remote] DEBUG org.asynchttpclient.netty.request.NettyRequestSender - Using pooled Channel '[id: 0x92a7ae6b, L:/127.0.0.1:57971 - R:localhost/127.0.0.1:18674]' for 'POST' to 'http://localhost:18674/session/a0ceec7ef69deb0c9b2c62816d24004c/url'
15:27:10.713 [Forwarding get on session a0ceec7ef69deb0c9b2c62816d24004c to remote] DEBUG org.asynchttpclient.netty.request.NettyRequestSender - Using open Channel [id: 0x92a7ae6b, L:/127.0.0.1:57971 - R:localhost/127.0.0.1:18674] for POST '/session/a0ceec7ef69deb0c9b2c62816d24004c/url'
15:27:11.246 [AsyncHttpClient-1-1] DEBUG org.asynchttpclient.netty.channel.DefaultChannelPool - Entry count for : http://localhost:57972 : 1
15:27:11.561 [AsyncHttpClient-1-13] DEBUG org.asynchttpclient.netty.handler.HttpHandler - 

Request DefaultHttpRequest(decodeResult: success, version: HTTP/1.1)
POST /session/a0ceec7ef69deb0c9b2c62816d24004c/url HTTP/1.1
User-Agent: selenium/4.7.1 (java windows)
Content-Length: 59
Content-Type: application/json; charset=utf-8
host: localhost:18674
accept: */*

Response DefaultHttpResponse(decodeResult: success, version: HTTP/1.1)
HTTP/1.1 200 OK
Content-Type: application/json; charset=utf-8
cache-control: no-cache
content-length: 14

15:27:11.561 [AsyncHttpClient-1-13] DEBUG org.asynchttpclient.netty.channel.ChannelManager - Adding key: http://localhost:18674 for channel [id: 0x92a7ae6b, L:/127.0.0.1:57971 - R:localhost/127.0.0.1:18674]
15:27:11.563 [Forwarding setTimeout on session a0ceec7ef69deb0c9b2c62816d24004c to remote] DEBUG org.asynchttpclient.netty.request.NettyRequestSender - Using pooled Channel '[id: 0x92a7ae6b, L:/127.0.0.1:57971 - R:localhost/127.0.0.1:18674]' for 'POST' to 'http://localhost:18674/session/a0ceec7ef69deb0c9b2c62816d24004c/timeouts'
15:27:11.563 [Forwarding setTimeout on session a0ceec7ef69deb0c9b2c62816d24004c to remote] DEBUG org.asynchttpclient.netty.request.NettyRequestSender - Using open Channel [id: 0x92a7ae6b, L:/127.0.0.1:57971 - R:localhost/127.0.0.1:18674] for POST '/session/a0ceec7ef69deb0c9b2c62816d24004c/timeouts'
15:27:11.565 [AsyncHttpClient-1-13] DEBUG org.asynchttpclient.netty.handler.HttpHandler - 

Request DefaultHttpRequest(decodeResult: success, version: HTTP/1.1)
POST /session/a0ceec7ef69deb0c9b2c62816d24004c/timeouts HTTP/1.1
User-Agent: selenium/4.7.1 (java windows)
Content-Length: 22
Content-Type: application/json; charset=utf-8
host: localhost:18674
accept: */*

Response DefaultHttpResponse(decodeResult: success, version: HTTP/1.1)
HTTP/1.1 200 OK
Content-Type: application/json; charset=utf-8
cache-control: no-cache
content-length: 14

15:27:11.565 [AsyncHttpClient-1-13] DEBUG org.asynchttpclient.netty.channel.ChannelManager - Adding key: http://localhost:18674 for channel [id: 0x92a7ae6b, L:/127.0.0.1:57971 - R:localhost/127.0.0.1:18674]
15:27:11.572 [Forwarding getCurrentUrl on session a0ceec7ef69deb0c9b2c62816d24004c to remote] DEBUG org.asynchttpclient.netty.request.NettyRequestSender - Using pooled Channel '[id: 0x92a7ae6b, L:/127.0.0.1:57971 - R:localhost/127.0.0.1:18674]' for 'GET' to 'http://localhost:18674/session/a0ceec7ef69deb0c9b2c62816d24004c/url'
15:27:11.572 [Forwarding getCurrentUrl on session a0ceec7ef69deb0c9b2c62816d24004c to remote] DEBUG org.asynchttpclient.netty.request.NettyRequestSender - Using open Channel [id: 0x92a7ae6b, L:/127.0.0.1:57971 - R:localhost/127.0.0.1:18674] for GET '/session/a0ceec7ef69deb0c9b2c62816d24004c/url'
15:27:11.581 [AsyncHttpClient-1-13] DEBUG org.asynchttpclient.netty.handler.HttpHandler - 

Request DefaultFullHttpRequest(decodeResult: success, version: HTTP/1.1, content: EmptyByteBufBE)
GET /session/a0ceec7ef69deb0c9b2c62816d24004c/url HTTP/1.1
User-Agent: selenium/4.7.1 (java windows)
Cache-Control: no-cache
Content-Type: application/json; charset=utf-8
host: localhost:18674
accept: */*

Response DefaultHttpResponse(decodeResult: success, version: HTTP/1.1)
HTTP/1.1 200 OK
Content-Type: application/json; charset=utf-8
cache-control: no-cache
content-length: 41

15:27:11.581 [AsyncHttpClient-1-13] DEBUG org.asynchttpclient.netty.channel.ChannelManager - Adding key: http://localhost:18674 for channel [id: 0x92a7ae6b, L:/127.0.0.1:57971 - R:localhost/127.0.0.1:18674]
15:27:11.584 [Forwarding getCurrentUrl on session a0ceec7ef69deb0c9b2c62816d24004c to remote] DEBUG org.asynchttpclient.netty.request.NettyRequestSender - Using pooled Channel '[id: 0x92a7ae6b, L:/127.0.0.1:57971 - R:localhost/127.0.0.1:18674]' for 'GET' to 'http://localhost:18674/session/a0ceec7ef69deb0c9b2c62816d24004c/url'
15:27:11.585 [Forwarding getCurrentUrl on session a0ceec7ef69deb0c9b2c62816d24004c to remote] DEBUG org.asynchttpclient.netty.request.NettyRequestSender - Using open Channel [id: 0x92a7ae6b, L:/127.0.0.1:57971 - R:localhost/127.0.0.1:18674] for GET '/session/a0ceec7ef69deb0c9b2c62816d24004c/url'
15:27:11.597 [AsyncHttpClient-1-13] DEBUG org.asynchttpclient.netty.handler.HttpHandler - 

Request DefaultFullHttpRequest(decodeResult: success, version: HTTP/1.1, content: EmptyByteBufBE)
GET /session/a0ceec7ef69deb0c9b2c62816d24004c/url HTTP/1.1
User-Agent: selenium/4.7.1 (java windows)
Cache-Control: no-cache
Content-Type: application/json; charset=utf-8
host: localhost:18674
accept: */*

Response DefaultHttpResponse(decodeResult: success, version: HTTP/1.1)
HTTP/1.1 200 OK
Content-Type: application/json; charset=utf-8
cache-control: no-cache
content-length: 41

15:27:11.597 [AsyncHttpClient-1-13] DEBUG org.asynchttpclient.netty.channel.ChannelManager - Adding key: http://localhost:18674 for channel [id: 0x92a7ae6b, L:/127.0.0.1:57971 - R:localhost/127.0.0.1:18674]
15:27:11.601 [Forwarding findElement on session a0ceec7ef69deb0c9b2c62816d24004c to remote] DEBUG org.asynchttpclient.netty.request.NettyRequestSender - Using pooled Channel '[id: 0x92a7ae6b, L:/127.0.0.1:57971 - R:localhost/127.0.0.1:18674]' for 'POST' to 'http://localhost:18674/session/a0ceec7ef69deb0c9b2c62816d24004c/element'
15:27:11.601 [Forwarding findElement on session a0ceec7ef69deb0c9b2c62816d24004c to remote] DEBUG org.asynchttpclient.netty.request.NettyRequestSender - Using open Channel [id: 0x92a7ae6b, L:/127.0.0.1:57971 - R:localhost/127.0.0.1:18674] for POST '/session/a0ceec7ef69deb0c9b2c62816d24004c/element'
15:27:11.620 [AsyncHttpClient-1-13] DEBUG org.asynchttpclient.netty.handler.HttpHandler - 

Request DefaultHttpRequest(decodeResult: success, version: HTTP/1.1)
POST /session/a0ceec7ef69deb0c9b2c62816d24004c/element HTTP/1.1
User-Agent: selenium/4.7.1 (java windows)
Content-Length: 108
Content-Type: application/json; charset=utf-8
host: localhost:18674
accept: */*

Response DefaultHttpResponse(decodeResult: success, version: HTTP/1.1)
HTTP/1.1 200 OK
Content-Type: application/json; charset=utf-8
cache-control: no-cache
content-length: 94

15:27:11.621 [AsyncHttpClient-1-13] DEBUG org.asynchttpclient.netty.channel.ChannelManager - Adding key: http://localhost:18674 for channel [id: 0x92a7ae6b, L:/127.0.0.1:57971 - R:localhost/127.0.0.1:18674]
15:27:11.625 [Forwarding isElementDisplayed on session a0ceec7ef69deb0c9b2c62816d24004c to remote] DEBUG org.asynchttpclient.netty.request.NettyRequestSender - Using pooled Channel '[id: 0x92a7ae6b, L:/127.0.0.1:57971 - R:localhost/127.0.0.1:18674]' for 'POST' to 'http://localhost:18674/session/a0ceec7ef69deb0c9b2c62816d24004c/execute/sync'
15:27:11.625 [Forwarding isElementDisplayed on session a0ceec7ef69deb0c9b2c62816d24004c to remote] DEBUG org.asynchttpclient.netty.request.NettyRequestSender - Using open Channel [id: 0x92a7ae6b, L:/127.0.0.1:57971 - R:localhost/127.0.0.1:18674] for POST '/session/a0ceec7ef69deb0c9b2c62816d24004c/execute/sync'
15:27:11.646 [AsyncHttpClient-1-13] DEBUG org.asynchttpclient.netty.handler.HttpHandler - 

Request DefaultHttpRequest(decodeResult: success, version: HTTP/1.1)
POST /session/a0ceec7ef69deb0c9b2c62816d24004c/execute/sync HTTP/1.1
User-Agent: selenium/4.7.1 (java windows)
Content-Length: 48786
Content-Type: application/json; charset=utf-8
host: localhost:18674
accept: */*

Response DefaultHttpResponse(decodeResult: success, version: HTTP/1.1)
HTTP/1.1 200 OK
Content-Type: application/json; charset=utf-8
cache-control: no-cache
content-length: 14

15:27:11.646 [AsyncHttpClient-1-13] DEBUG org.asynchttpclient.netty.channel.ChannelManager - Adding key: http://localhost:18674 for channel [id: 0x92a7ae6b, L:/127.0.0.1:57971 - R:localhost/127.0.0.1:18674]
15:27:11.648 [Forwarding isElementDisplayed on session a0ceec7ef69deb0c9b2c62816d24004c to remote] DEBUG org.asynchttpclient.netty.request.NettyRequestSender - Using pooled Channel '[id: 0x92a7ae6b, L:/127.0.0.1:57971 - R:localhost/127.0.0.1:18674]' for 'POST' to 'http://localhost:18674/session/a0ceec7ef69deb0c9b2c62816d24004c/execute/sync'
15:27:11.648 [Forwarding isElementDisplayed on session a0ceec7ef69deb0c9b2c62816d24004c to remote] DEBUG org.asynchttpclient.netty.request.NettyRequestSender - Using open Channel [id: 0x92a7ae6b, L:/127.0.0.1:57971 - R:localhost/127.0.0.1:18674] for POST '/session/a0ceec7ef69deb0c9b2c62816d24004c/execute/sync'
15:27:11.669 [AsyncHttpClient-1-13] DEBUG org.asynchttpclient.netty.handler.HttpHandler - 

Request DefaultHttpRequest(decodeResult: success, version: HTTP/1.1)
POST /session/a0ceec7ef69deb0c9b2c62816d24004c/execute/sync HTTP/1.1
User-Agent: selenium/4.7.1 (java windows)
Content-Length: 48786
Content-Type: application/json; charset=utf-8
host: localhost:18674
accept: */*

Response DefaultHttpResponse(decodeResult: success, version: HTTP/1.1)
HTTP/1.1 200 OK
Content-Type: application/json; charset=utf-8
cache-control: no-cache
content-length: 14

15:27:11.669 [AsyncHttpClient-1-13] DEBUG org.asynchttpclient.netty.channel.ChannelManager - Adding key: http://localhost:18674 for channel [id: 0x92a7ae6b, L:/127.0.0.1:57971 - R:localhost/127.0.0.1:18674]
15:27:11.675 [Forwarding getCurrentWindowHandle on session a0ceec7ef69deb0c9b2c62816d24004c to remote] DEBUG org.asynchttpclient.netty.request.NettyRequestSender - Using pooled Channel '[id: 0x92a7ae6b, L:/127.0.0.1:57971 - R:localhost/127.0.0.1:18674]' for 'GET' to 'http://localhost:18674/session/a0ceec7ef69deb0c9b2c62816d24004c/window'
15:27:11.676 [Forwarding getCurrentWindowHandle on session a0ceec7ef69deb0c9b2c62816d24004c to remote] DEBUG org.asynchttpclient.netty.request.NettyRequestSender - Using open Channel [id: 0x92a7ae6b, L:/127.0.0.1:57971 - R:localhost/127.0.0.1:18674] for GET '/session/a0ceec7ef69deb0c9b2c62816d24004c/window'
15:27:11.676 [AsyncHttpClient-1-13] DEBUG org.asynchttpclient.netty.handler.HttpHandler - 

Request DefaultFullHttpRequest(decodeResult: success, version: HTTP/1.1, content: EmptyByteBufBE)
GET /session/a0ceec7ef69deb0c9b2c62816d24004c/window HTTP/1.1
User-Agent: selenium/4.7.1 (java windows)
Cache-Control: no-cache
Content-Type: application/json; charset=utf-8
host: localhost:18674
accept: */*

Response DefaultHttpResponse(decodeResult: success, version: HTTP/1.1)
HTTP/1.1 200 OK
Content-Type: application/json; charset=utf-8
cache-control: no-cache
content-length: 44

15:27:11.677 [AsyncHttpClient-1-13] DEBUG org.asynchttpclient.netty.channel.ChannelManager - Adding key: http://localhost:18674 for channel [id: 0x92a7ae6b, L:/127.0.0.1:57971 - R:localhost/127.0.0.1:18674]
15:27:11.678 [Forwarding getAlertText on session a0ceec7ef69deb0c9b2c62816d24004c to remote] DEBUG org.asynchttpclient.netty.request.NettyRequestSender - Using pooled Channel '[id: 0x92a7ae6b, L:/127.0.0.1:57971 - R:localhost/127.0.0.1:18674]' for 'GET' to 'http://localhost:18674/session/a0ceec7ef69deb0c9b2c62816d24004c/alert/text'
15:27:11.678 [Forwarding getAlertText on session a0ceec7ef69deb0c9b2c62816d24004c to remote] DEBUG org.asynchttpclient.netty.request.NettyRequestSender - Using open Channel [id: 0x92a7ae6b, L:/127.0.0.1:57971 - R:localhost/127.0.0.1:18674] for GET '/session/a0ceec7ef69deb0c9b2c62816d24004c/alert/text'
15:27:11.680 [AsyncHttpClient-1-13] DEBUG org.asynchttpclient.netty.handler.HttpHandler - 

Request DefaultFullHttpRequest(decodeResult: success, version: HTTP/1.1, content: EmptyByteBufBE)
GET /session/a0ceec7ef69deb0c9b2c62816d24004c/alert/text HTTP/1.1
User-Agent: selenium/4.7.1 (java windows)
Cache-Control: no-cache
Content-Type: application/json; charset=utf-8
host: localhost:18674
accept: */*

Response DefaultHttpResponse(decodeResult: success, version: HTTP/1.1)
HTTP/1.1 404 Not Found
Content-Type: application/json; charset=utf-8
cache-control: no-cache
content-length: 820

15:27:11.680 [AsyncHttpClient-1-13] DEBUG org.asynchttpclient.netty.channel.ChannelManager - Adding key: http://localhost:18674 for channel [id: 0x92a7ae6b, L:/127.0.0.1:57971 - R:localhost/127.0.0.1:18674]
15:27:11.682 [Forwarding switchToWindow on session a0ceec7ef69deb0c9b2c62816d24004c to remote] DEBUG org.asynchttpclient.netty.request.NettyRequestSender - Using pooled Channel '[id: 0x92a7ae6b, L:/127.0.0.1:57971 - R:localhost/127.0.0.1:18674]' for 'POST' to 'http://localhost:18674/session/a0ceec7ef69deb0c9b2c62816d24004c/window'
15:27:11.682 [Forwarding switchToWindow on session a0ceec7ef69deb0c9b2c62816d24004c to remote] DEBUG org.asynchttpclient.netty.request.NettyRequestSender - Using open Channel [id: 0x92a7ae6b, L:/127.0.0.1:57971 - R:localhost/127.0.0.1:18674] for POST '/session/a0ceec7ef69deb0c9b2c62816d24004c/window'
15:27:11.684 [AsyncHttpClient-1-13] DEBUG org.asynchttpclient.netty.handler.HttpHandler - 

Request DefaultHttpRequest(decodeResult: success, version: HTTP/1.1)
POST /session/a0ceec7ef69deb0c9b2c62816d24004c/window HTTP/1.1
User-Agent: selenium/4.7.1 (java windows)
Content-Length: 50
Content-Type: application/json; charset=utf-8
host: localhost:18674
accept: */*

Response DefaultHttpResponse(decodeResult: success, version: HTTP/1.1)
HTTP/1.1 200 OK
Content-Type: application/json; charset=utf-8
cache-control: no-cache
content-length: 14

15:27:11.685 [AsyncHttpClient-1-13] DEBUG org.asynchttpclient.netty.channel.ChannelManager - Adding key: http://localhost:18674 for channel [id: 0x92a7ae6b, L:/127.0.0.1:57971 - R:localhost/127.0.0.1:18674]
15:27:11.685 [Forwarding getCurrentUrl on session a0ceec7ef69deb0c9b2c62816d24004c to remote] DEBUG org.asynchttpclient.netty.request.NettyRequestSender - Using pooled Channel '[id: 0x92a7ae6b, L:/127.0.0.1:57971 - R:localhost/127.0.0.1:18674]' for 'GET' to 'http://localhost:18674/session/a0ceec7ef69deb0c9b2c62816d24004c/url'
15:27:11.686 [Forwarding getCurrentUrl on session a0ceec7ef69deb0c9b2c62816d24004c to remote] DEBUG org.asynchttpclient.netty.request.NettyRequestSender - Using open Channel [id: 0x92a7ae6b, L:/127.0.0.1:57971 - R:localhost/127.0.0.1:18674] for GET '/session/a0ceec7ef69deb0c9b2c62816d24004c/url'
15:27:11.692 [AsyncHttpClient-1-13] DEBUG org.asynchttpclient.netty.handler.HttpHandler - 

Request DefaultFullHttpRequest(decodeResult: success, version: HTTP/1.1, content: EmptyByteBufBE)
GET /session/a0ceec7ef69deb0c9b2c62816d24004c/url HTTP/1.1
User-Agent: selenium/4.7.1 (java windows)
Cache-Control: no-cache
Content-Type: application/json; charset=utf-8
host: localhost:18674
accept: */*

Response DefaultHttpResponse(decodeResult: success, version: HTTP/1.1)
HTTP/1.1 200 OK
Content-Type: application/json; charset=utf-8
cache-control: no-cache
content-length: 41

15:27:11.692 [AsyncHttpClient-1-13] DEBUG org.asynchttpclient.netty.channel.ChannelManager - Adding key: http://localhost:18674 for channel [id: 0x92a7ae6b, L:/127.0.0.1:57971 - R:localhost/127.0.0.1:18674]
15:27:11.693 [Forwarding screenshot on session a0ceec7ef69deb0c9b2c62816d24004c to remote] DEBUG org.asynchttpclient.netty.request.NettyRequestSender - Using pooled Channel '[id: 0x92a7ae6b, L:/127.0.0.1:57971 - R:localhost/127.0.0.1:18674]' for 'GET' to 'http://localhost:18674/session/a0ceec7ef69deb0c9b2c62816d24004c/screenshot'
15:27:11.693 [Forwarding screenshot on session a0ceec7ef69deb0c9b2c62816d24004c to remote] DEBUG org.asynchttpclient.netty.request.NettyRequestSender - Using open Channel [id: 0x92a7ae6b, L:/127.0.0.1:57971 - R:localhost/127.0.0.1:18674] for GET '/session/a0ceec7ef69deb0c9b2c62816d24004c/screenshot'
15:27:11.825 [AsyncHttpClient-1-13] DEBUG org.asynchttpclient.netty.handler.HttpHandler - 

Request DefaultFullHttpRequest(decodeResult: success, version: HTTP/1.1, content: EmptyByteBufBE)
GET /session/a0ceec7ef69deb0c9b2c62816d24004c/screenshot HTTP/1.1
User-Agent: selenium/4.7.1 (java windows)
Cache-Control: no-cache
Content-Type: application/json; charset=utf-8
host: localhost:18674
accept: */*

Response DefaultHttpResponse(decodeResult: success, version: HTTP/1.1)
HTTP/1.1 200 OK
Content-Type: application/json; charset=utf-8
cache-control: no-cache
content-length: 39516

15:27:11.825 [AsyncHttpClient-1-13] DEBUG org.asynchttpclient.netty.channel.ChannelManager - Adding key: http://localhost:18674 for channel [id: 0x92a7ae6b, L:/127.0.0.1:57971 - R:localhost/127.0.0.1:18674]
15:27:11.828 [main] DEBUG net.serenitybdd.core.photography.Darkroom - Send negative for processing for target\site\serenity\925d1fb26de2769847015bc732a021b226fc4c6da1e51e69865437c30e64386c.png
15:27:11.829 [Darkroom Processing Line] DEBUG net.serenitybdd.core.photography.DarkroomProcessingLine - Processing screenshot image in /var/screenshots/screenshot-15250919023637010726
15:27:11.829 [main] DEBUG net.thucydides.core.steps.StepInterceptor - STEP DONE: diHomepageAltaShop
15:27:11.829 [Darkroom Processing Line] DEBUG net.serenitybdd.core.photography.DarkroomProcessingLine - Saving screenshot to target\site\serenity\925d1fb26de2769847015bc732a021b226fc4c6da1e51e69865437c30e64386c.png
  &amp#27;[32mGiven &amp#27;[0m&amp#27;[32muser berada di Homepage AltaShop&amp#27;[0m                       &amp#27;[90m# starter.stepdefinitions.LoginSteps.userBeradaDiHomepageAlta()&amp#27;[0m
15:27:11.847 [main] DEBUG net.thucydides.core.steps.StepInterceptor - STARTING STEP: LoginSteps.userKlikButtonLogin - klikButtonLogin
15:27:11.850 [Forwarding findElement on session a0ceec7ef69deb0c9b2c62816d24004c to remote] DEBUG org.asynchttpclient.netty.request.NettyRequestSender - Using pooled Channel '[id: 0x92a7ae6b, L:/127.0.0.1:57971 - R:localhost/127.0.0.1:18674]' for 'POST' to 'http://localhost:18674/session/a0ceec7ef69deb0c9b2c62816d24004c/element'
15:27:11.850 [Forwarding findElement on session a0ceec7ef69deb0c9b2c62816d24004c to remote] DEBUG org.asynchttpclient.netty.request.NettyRequestSender - Using open Channel [id: 0x92a7ae6b, L:/127.0.0.1:57971 - R:localhost/127.0.0.1:18674] for POST '/session/a0ceec7ef69deb0c9b2c62816d24004c/element'
15:27:12.351 [AsyncHttpClient-1-1] DEBUG org.asynchttpclient.netty.channel.DefaultChannelPool - Entry count for : http://localhost:57972 : 1
15:27:13.446 [AsyncHttpClient-1-1] DEBUG org.asynchttpclient.netty.channel.DefaultChannelPool - Entry count for : http://localhost:57972 : 1
15:27:14.267 [AsyncHttpClient-1-13] DEBUG org.asynchttpclient.netty.handler.HttpHandler - 

Request DefaultHttpRequest(decodeResult: success, version: HTTP/1.1)
POST /session/a0ceec7ef69deb0c9b2c62816d24004c/element HTTP/1.1
User-Agent: selenium/4.7.1 (java windows)
Content-Length: 108
Content-Type: application/json; charset=utf-8
host: localhost:18674
accept: */*

Response DefaultHttpResponse(decodeResult: success, version: HTTP/1.1)
HTTP/1.1 200 OK
Content-Type: application/json; charset=utf-8
cache-control: no-cache
content-length: 94

15:27:14.268 [AsyncHttpClient-1-13] DEBUG org.asynchttpclient.netty.channel.ChannelManager - Adding key: http://localhost:18674 for channel [id: 0x92a7ae6b, L:/127.0.0.1:57971 - R:localhost/127.0.0.1:18674]
15:27:14.269 [Forwarding getElementTagName on session a0ceec7ef69deb0c9b2c62816d24004c to remote] DEBUG org.asynchttpclient.netty.request.NettyRequestSender - Using pooled Channel '[id: 0x92a7ae6b, L:/127.0.0.1:57971 - R:localhost/127.0.0.1:18674]' for 'GET' to 'http://localhost:18674/session/a0ceec7ef69deb0c9b2c62816d24004c/element/2222E5E7B3F5E8BA14715F6ACB179B18_element_5/name'
15:27:14.269 [Forwarding getElementTagName on session a0ceec7ef69deb0c9b2c62816d24004c to remote] DEBUG org.asynchttpclient.netty.request.NettyRequestSender - Using open Channel [id: 0x92a7ae6b, L:/127.0.0.1:57971 - R:localhost/127.0.0.1:18674] for GET '/session/a0ceec7ef69deb0c9b2c62816d24004c/element/2222E5E7B3F5E8BA14715F6ACB179B18_element_5/name'
15:27:14.275 [AsyncHttpClient-1-13] DEBUG org.asynchttpclient.netty.handler.HttpHandler - 

Request DefaultFullHttpRequest(decodeResult: success, version: HTTP/1.1, content: EmptyByteBufBE)
GET /session/a0ceec7ef69deb0c9b2c62816d24004c/element/2222E5E7B3F5E8BA14715F6ACB179B18_element_5/name HTTP/1.1
User-Agent: selenium/4.7.1 (java windows)
Cache-Control: no-cache
Content-Type: application/json; charset=utf-8
host: localhost:18674
accept: */*

Response DefaultHttpResponse(decodeResult: success, version: HTTP/1.1)
HTTP/1.1 200 OK
Content-Type: application/json; charset=utf-8
cache-control: no-cache
content-length: 18

15:27:14.276 [AsyncHttpClient-1-13] DEBUG org.asynchttpclient.netty.channel.ChannelManager - Adding key: http://localhost:18674 for channel [id: 0x92a7ae6b, L:/127.0.0.1:57971 - R:localhost/127.0.0.1:18674]
15:27:14.277 [Forwarding getElementTagName on session a0ceec7ef69deb0c9b2c62816d24004c to remote] DEBUG org.asynchttpclient.netty.request.NettyRequestSender - Using pooled Channel '[id: 0x92a7ae6b, L:/127.0.0.1:57971 - R:localhost/127.0.0.1:18674]' for 'GET' to 'http://localhost:18674/session/a0ceec7ef69deb0c9b2c62816d24004c/element/2222E5E7B3F5E8BA14715F6ACB179B18_element_5/name'
15:27:14.277 [Forwarding getElementTagName on session a0ceec7ef69deb0c9b2c62816d24004c to remote] DEBUG org.asynchttpclient.netty.request.NettyRequestSender - Using open Channel [id: 0x92a7ae6b, L:/127.0.0.1:57971 - R:localhost/127.0.0.1:18674] for GET '/session/a0ceec7ef69deb0c9b2c62816d24004c/element/2222E5E7B3F5E8BA14715F6ACB179B18_element_5/name'
15:27:14.281 [AsyncHttpClient-1-13] DEBUG org.asynchttpclient.netty.handler.HttpHandler - 

Request DefaultFullHttpRequest(decodeResult: success, version: HTTP/1.1, content: EmptyByteBufBE)
GET /session/a0ceec7ef69deb0c9b2c62816d24004c/element/2222E5E7B3F5E8BA14715F6ACB179B18_element_5/name HTTP/1.1
User-Agent: selenium/4.7.1 (java windows)
Cache-Control: no-cache
Content-Type: application/json; charset=utf-8
host: localhost:18674
accept: */*

Response DefaultHttpResponse(decodeResult: success, version: HTTP/1.1)
HTTP/1.1 200 OK
Content-Type: application/json; charset=utf-8
cache-control: no-cache
content-length: 18

15:27:14.281 [AsyncHttpClient-1-13] DEBUG org.asynchttpclient.netty.channel.ChannelManager - Adding key: http://localhost:18674 for channel [id: 0x92a7ae6b, L:/127.0.0.1:57971 - R:localhost/127.0.0.1:18674]
15:27:14.283 [Forwarding isElementEnabled on session a0ceec7ef69deb0c9b2c62816d24004c to remote] DEBUG org.asynchttpclient.netty.request.NettyRequestSender - Using pooled Channel '[id: 0x92a7ae6b, L:/127.0.0.1:57971 - R:localhost/127.0.0.1:18674]' for 'GET' to 'http://localhost:18674/session/a0ceec7ef69deb0c9b2c62816d24004c/element/2222E5E7B3F5E8BA14715F6ACB179B18_element_5/enabled'
15:27:14.283 [Forwarding isElementEnabled on session a0ceec7ef69deb0c9b2c62816d24004c to remote] DEBUG org.asynchttpclient.netty.request.NettyRequestSender - Using open Channel [id: 0x92a7ae6b, L:/127.0.0.1:57971 - R:localhost/127.0.0.1:18674] for GET '/session/a0ceec7ef69deb0c9b2c62816d24004c/element/2222E5E7B3F5E8BA14715F6ACB179B18_element_5/enabled'
15:27:14.285 [AsyncHttpClient-1-13] DEBUG org.asynchttpclient.netty.handler.HttpHandler - 

Request DefaultFullHttpRequest(decodeResult: success, version: HTTP/1.1, content: EmptyByteBufBE)
GET /session/a0ceec7ef69deb0c9b2c62816d24004c/element/2222E5E7B3F5E8BA14715F6ACB179B18_element_5/enabled HTTP/1.1
User-Agent: selenium/4.7.1 (java windows)
Cache-Control: no-cache
Content-Type: application/json; charset=utf-8
host: localhost:18674
accept: */*

Response DefaultHttpResponse(decodeResult: success, version: HTTP/1.1)
HTTP/1.1 200 OK
Content-Type: application/json; charset=utf-8
cache-control: no-cache
content-length: 14

15:27:14.285 [AsyncHttpClient-1-13] DEBUG org.asynchttpclient.netty.channel.ChannelManager - Adding key: http://localhost:18674 for channel [id: 0x92a7ae6b, L:/127.0.0.1:57971 - R:localhost/127.0.0.1:18674]
15:27:14.295 [Forwarding isElementEnabled on session a0ceec7ef69deb0c9b2c62816d24004c to remote] DEBUG org.asynchttpclient.netty.request.NettyRequestSender - Using pooled Channel '[id: 0x92a7ae6b, L:/127.0.0.1:57971 - R:localhost/127.0.0.1:18674]' for 'GET' to 'http://localhost:18674/session/a0ceec7ef69deb0c9b2c62816d24004c/element/2222E5E7B3F5E8BA14715F6ACB179B18_element_5/enabled'
15:27:14.295 [Forwarding isElementEnabled on session a0ceec7ef69deb0c9b2c62816d24004c to remote] DEBUG org.asynchttpclient.netty.request.NettyRequestSender - Using open Channel [id: 0x92a7ae6b, L:/127.0.0.1:57971 - R:localhost/127.0.0.1:18674] for GET '/session/a0ceec7ef69deb0c9b2c62816d24004c/element/2222E5E7B3F5E8BA14715F6ACB179B18_element_5/enabled'
15:27:14.301 [AsyncHttpClient-1-13] DEBUG org.asynchttpclient.netty.handler.HttpHandler - 

Request DefaultFullHttpRequest(decodeResult: success, version: HTTP/1.1, content: EmptyByteBufBE)
GET /session/a0ceec7ef69deb0c9b2c62816d24004c/element/2222E5E7B3F5E8BA14715F6ACB179B18_element_5/enabled HTTP/1.1
User-Agent: selenium/4.7.1 (java windows)
Cache-Control: no-cache
Content-Type: application/json; charset=utf-8
host: localhost:18674
accept: */*

Response DefaultHttpResponse(decodeResult: success, version: HTTP/1.1)
HTTP/1.1 200 OK
Content-Type: application/json; charset=utf-8
cache-control: no-cache
content-length: 14

15:27:14.301 [AsyncHttpClient-1-13] DEBUG org.asynchttpclient.netty.channel.ChannelManager - Adding key: http://localhost:18674 for channel [id: 0x92a7ae6b, L:/127.0.0.1:57971 - R:localhost/127.0.0.1:18674]
15:27:14.301 [Forwarding findElement on session a0ceec7ef69deb0c9b2c62816d24004c to remote] DEBUG org.asynchttpclient.netty.request.NettyRequestSender - Using pooled Channel '[id: 0x92a7ae6b, L:/127.0.0.1:57971 - R:localhost/127.0.0.1:18674]' for 'POST' to 'http://localhost:18674/session/a0ceec7ef69deb0c9b2c62816d24004c/element'
15:27:14.301 [Forwarding findElement on session a0ceec7ef69deb0c9b2c62816d24004c to remote] DEBUG org.asynchttpclient.netty.request.NettyRequestSender - Using open Channel [id: 0x92a7ae6b, L:/127.0.0.1:57971 - R:localhost/127.0.0.1:18674] for POST '/session/a0ceec7ef69deb0c9b2c62816d24004c/element'
15:27:14.316 [AsyncHttpClient-1-13] DEBUG org.asynchttpclient.netty.handler.HttpHandler - 

Request DefaultHttpRequest(decodeResult: success, version: HTTP/1.1)
POST /session/a0ceec7ef69deb0c9b2c62816d24004c/element HTTP/1.1
User-Agent: selenium/4.7.1 (java windows)
Content-Length: 108
Content-Type: application/json; charset=utf-8
host: localhost:18674
accept: */*

Response DefaultHttpResponse(decodeResult: success, version: HTTP/1.1)
HTTP/1.1 200 OK
Content-Type: application/json; charset=utf-8
cache-control: no-cache
content-length: 94

15:27:14.316 [AsyncHttpClient-1-13] DEBUG org.asynchttpclient.netty.channel.ChannelManager - Adding key: http://localhost:18674 for channel [id: 0x92a7ae6b, L:/127.0.0.1:57971 - R:localhost/127.0.0.1:18674]
15:27:14.316 [Forwarding clickElement on session a0ceec7ef69deb0c9b2c62816d24004c to remote] DEBUG org.asynchttpclient.netty.request.NettyRequestSender - Using pooled Channel '[id: 0x92a7ae6b, L:/127.0.0.1:57971 - R:localhost/127.0.0.1:18674]' for 'POST' to 'http://localhost:18674/session/a0ceec7ef69deb0c9b2c62816d24004c/element/2222E5E7B3F5E8BA14715F6ACB179B18_element_5/click'
15:27:14.316 [Forwarding clickElement on session a0ceec7ef69deb0c9b2c62816d24004c to remote] DEBUG org.asynchttpclient.netty.request.NettyRequestSender - Using open Channel [id: 0x92a7ae6b, L:/127.0.0.1:57971 - R:localhost/127.0.0.1:18674] for POST '/session/a0ceec7ef69deb0c9b2c62816d24004c/element/2222E5E7B3F5E8BA14715F6ACB179B18_element_5/click'
15:27:14.399 [AsyncHttpClient-1-13] DEBUG org.asynchttpclient.netty.handler.HttpHandler - 

Request DefaultHttpRequest(decodeResult: success, version: HTTP/1.1)
POST /session/a0ceec7ef69deb0c9b2c62816d24004c/element/2222E5E7B3F5E8BA14715F6ACB179B18_element_5/click HTTP/1.1
User-Agent: selenium/4.7.1 (java windows)
Content-Length: 56
Content-Type: application/json; charset=utf-8
host: localhost:18674
accept: */*

Response DefaultHttpResponse(decodeResult: success, version: HTTP/1.1)
HTTP/1.1 200 OK
Content-Type: application/json; charset=utf-8
cache-control: no-cache
content-length: 14

15:27:14.399 [AsyncHttpClient-1-13] DEBUG org.asynchttpclient.netty.channel.ChannelManager - Adding key: http://localhost:18674 for channel [id: 0x92a7ae6b, L:/127.0.0.1:57971 - R:localhost/127.0.0.1:18674]
15:27:14.409 [Forwarding getCurrentWindowHandle on session a0ceec7ef69deb0c9b2c62816d24004c to remote] DEBUG org.asynchttpclient.netty.request.NettyRequestSender - Using pooled Channel '[id: 0x92a7ae6b, L:/127.0.0.1:57971 - R:localhost/127.0.0.1:18674]' for 'GET' to 'http://localhost:18674/session/a0ceec7ef69deb0c9b2c62816d24004c/window'
15:27:14.409 [Forwarding getCurrentWindowHandle on session a0ceec7ef69deb0c9b2c62816d24004c to remote] DEBUG org.asynchttpclient.netty.request.NettyRequestSender - Using open Channel [id: 0x92a7ae6b, L:/127.0.0.1:57971 - R:localhost/127.0.0.1:18674] for GET '/session/a0ceec7ef69deb0c9b2c62816d24004c/window'
15:27:14.410 [AsyncHttpClient-1-13] DEBUG org.asynchttpclient.netty.handler.HttpHandler - 

Request DefaultFullHttpRequest(decodeResult: success, version: HTTP/1.1, content: EmptyByteBufBE)
GET /session/a0ceec7ef69deb0c9b2c62816d24004c/window HTTP/1.1
User-Agent: selenium/4.7.1 (java windows)
Cache-Control: no-cache
Content-Type: application/json; charset=utf-8
host: localhost:18674
accept: */*

Response DefaultHttpResponse(decodeResult: success, version: HTTP/1.1)
HTTP/1.1 200 OK
Content-Type: application/json; charset=utf-8
cache-control: no-cache
content-length: 44

15:27:14.410 [AsyncHttpClient-1-13] DEBUG org.asynchttpclient.netty.channel.ChannelManager - Adding key: http://localhost:18674 for channel [id: 0x92a7ae6b, L:/127.0.0.1:57971 - R:localhost/127.0.0.1:18674]
15:27:14.411 [Forwarding getAlertText on session a0ceec7ef69deb0c9b2c62816d24004c to remote] DEBUG org.asynchttpclient.netty.request.NettyRequestSender - Using pooled Channel '[id: 0x92a7ae6b, L:/127.0.0.1:57971 - R:localhost/127.0.0.1:18674]' for 'GET' to 'http://localhost:18674/session/a0ceec7ef69deb0c9b2c62816d24004c/alert/text'
15:27:14.411 [Forwarding getAlertText on session a0ceec7ef69deb0c9b2c62816d24004c to remote] DEBUG org.asynchttpclient.netty.request.NettyRequestSender - Using open Channel [id: 0x92a7ae6b, L:/127.0.0.1:57971 - R:localhost/127.0.0.1:18674] for GET '/session/a0ceec7ef69deb0c9b2c62816d24004c/alert/text'
15:27:14.546 [AsyncHttpClient-1-1] DEBUG org.asynchttpclient.netty.channel.DefaultChannelPool - Entry count for : http://localhost:57972 : 1
15:27:14.657 [AsyncHttpClient-1-13] DEBUG org.asynchttpclient.netty.handler.HttpHandler - 

Request DefaultFullHttpRequest(decodeResult: success, version: HTTP/1.1, content: EmptyByteBufBE)
GET /session/a0ceec7ef69deb0c9b2c62816d24004c/alert/text HTTP/1.1
User-Agent: selenium/4.7.1 (java windows)
Cache-Control: no-cache
Content-Type: application/json; charset=utf-8
host: localhost:18674
accept: */*

Response DefaultHttpResponse(decodeResult: success, version: HTTP/1.1)
HTTP/1.1 404 Not Found
Content-Type: application/json; charset=utf-8
cache-control: no-cache
content-length: 820

15:27:14.657 [AsyncHttpClient-1-13] DEBUG org.asynchttpclient.netty.channel.ChannelManager - Adding key: http://localhost:18674 for channel [id: 0x92a7ae6b, L:/127.0.0.1:57971 - R:localhost/127.0.0.1:18674]
15:27:14.659 [Forwarding switchToWindow on session a0ceec7ef69deb0c9b2c62816d24004c to remote] DEBUG org.asynchttpclient.netty.request.NettyRequestSender - Using pooled Channel '[id: 0x92a7ae6b, L:/127.0.0.1:57971 - R:localhost/127.0.0.1:18674]' for 'POST' to 'http://localhost:18674/session/a0ceec7ef69deb0c9b2c62816d24004c/window'
15:27:14.660 [Forwarding switchToWindow on session a0ceec7ef69deb0c9b2c62816d24004c to remote] DEBUG org.asynchttpclient.netty.request.NettyRequestSender - Using open Channel [id: 0x92a7ae6b, L:/127.0.0.1:57971 - R:localhost/127.0.0.1:18674] for POST '/session/a0ceec7ef69deb0c9b2c62816d24004c/window'
15:27:14.662 [AsyncHttpClient-1-13] DEBUG org.asynchttpclient.netty.handler.HttpHandler - 

Request DefaultHttpRequest(decodeResult: success, version: HTTP/1.1)
POST /session/a0ceec7ef69deb0c9b2c62816d24004c/window HTTP/1.1
User-Agent: selenium/4.7.1 (java windows)
Content-Length: 50
Content-Type: application/json; charset=utf-8
host: localhost:18674
accept: */*

Response DefaultHttpResponse(decodeResult: success, version: HTTP/1.1)
HTTP/1.1 200 OK
Content-Type: application/json; charset=utf-8
cache-control: no-cache
content-length: 14

15:27:14.662 [AsyncHttpClient-1-13] DEBUG org.asynchttpclient.netty.channel.ChannelManager - Adding key: http://localhost:18674 for channel [id: 0x92a7ae6b, L:/127.0.0.1:57971 - R:localhost/127.0.0.1:18674]
15:27:14.662 [Forwarding getCurrentUrl on session a0ceec7ef69deb0c9b2c62816d24004c to remote] DEBUG org.asynchttpclient.netty.request.NettyRequestSender - Using pooled Channel '[id: 0x92a7ae6b, L:/127.0.0.1:57971 - R:localhost/127.0.0.1:18674]' for 'GET' to 'http://localhost:18674/session/a0ceec7ef69deb0c9b2c62816d24004c/url'
15:27:14.662 [Forwarding getCurrentUrl on session a0ceec7ef69deb0c9b2c62816d24004c to remote] DEBUG org.asynchttpclient.netty.request.NettyRequestSender - Using open Channel [id: 0x92a7ae6b, L:/127.0.0.1:57971 - R:localhost/127.0.0.1:18674] for GET '/session/a0ceec7ef69deb0c9b2c62816d24004c/url'
15:27:14.671 [AsyncHttpClient-1-13] DEBUG org.asynchttpclient.netty.handler.HttpHandler - 

Request DefaultFullHttpRequest(decodeResult: success, version: HTTP/1.1, content: EmptyByteBufBE)
GET /session/a0ceec7ef69deb0c9b2c62816d24004c/url HTTP/1.1
User-Agent: selenium/4.7.1 (java windows)
Cache-Control: no-cache
Content-Type: application/json; charset=utf-8
host: localhost:18674
accept: */*

Response DefaultHttpResponse(decodeResult: success, version: HTTP/1.1)
HTTP/1.1 200 OK
Content-Type: application/json; charset=utf-8
cache-control: no-cache
content-length: 51

15:27:14.671 [AsyncHttpClient-1-13] DEBUG org.asynchttpclient.netty.channel.ChannelManager - Adding key: http://localhost:18674 for channel [id: 0x92a7ae6b, L:/127.0.0.1:57971 - R:localhost/127.0.0.1:18674]
15:27:14.672 [Forwarding screenshot on session a0ceec7ef69deb0c9b2c62816d24004c to remote] DEBUG org.asynchttpclient.netty.request.NettyRequestSender - Using pooled Channel '[id: 0x92a7ae6b, L:/127.0.0.1:57971 - R:localhost/127.0.0.1:18674]' for 'GET' to 'http://localhost:18674/session/a0ceec7ef69deb0c9b2c62816d24004c/screenshot'
15:27:14.672 [Forwarding screenshot on session a0ceec7ef69deb0c9b2c62816d24004c to remote] DEBUG org.asynchttpclient.netty.request.NettyRequestSender - Using open Channel [id: 0x92a7ae6b, L:/127.0.0.1:57971 - R:localhost/127.0.0.1:18674] for GET '/session/a0ceec7ef69deb0c9b2c62816d24004c/screenshot'
15:27:14.755 [AsyncHttpClient-1-13] DEBUG org.asynchttpclient.netty.handler.HttpHandler - 

Request DefaultFullHttpRequest(decodeResult: success, version: HTTP/1.1, content: EmptyByteBufBE)
GET /session/a0ceec7ef69deb0c9b2c62816d24004c/screenshot HTTP/1.1
User-Agent: selenium/4.7.1 (java windows)
Cache-Control: no-cache
Content-Type: application/json; charset=utf-8
host: localhost:18674
accept: */*

Response DefaultHttpResponse(decodeResult: success, version: HTTP/1.1)
HTTP/1.1 200 OK
Content-Type: application/json; charset=utf-8
cache-control: no-cache
content-length: 26172

15:27:14.755 [AsyncHttpClient-1-13] DEBUG org.asynchttpclient.netty.channel.ChannelManager - Adding key: http://localhost:18674 for channel [id: 0x92a7ae6b, L:/127.0.0.1:57971 - R:localhost/127.0.0.1:18674]
15:27:14.757 [main] DEBUG net.serenitybdd.core.photography.Darkroom - Send negative for processing for target\site\serenity\f035198f28bcaf95684f4b1a3b9e5d031fc0873bb044f55c4913aef571773aa0.png
15:27:14.757 [main] DEBUG net.thucydides.core.steps.StepInterceptor - STEP DONE: klikButtonLogin
  &amp#27;[32mWhen &amp#27;[0m&amp#27;[32muser klik button login&amp#27;[0m                                  &amp#27;[90m# starter.stepdefinitions.LoginSteps.userKlikButtonLogin()&amp#27;[0m
15:27:14.771 [main] DEBUG net.thucydides.core.steps.StepInterceptor - STARTING STEP: RegisterSteps.userKlikRegister - klikLinkRegister
15:27:14.773 [Forwarding findElement on session a0ceec7ef69deb0c9b2c62816d24004c to remote] DEBUG org.asynchttpclient.netty.request.NettyRequestSender - Using pooled Channel '[id: 0x92a7ae6b, L:/127.0.0.1:57971 - R:localhost/127.0.0.1:18674]' for 'POST' to 'http://localhost:18674/session/a0ceec7ef69deb0c9b2c62816d24004c/element'
15:27:14.773 [Forwarding findElement on session a0ceec7ef69deb0c9b2c62816d24004c to remote] DEBUG org.asynchttpclient.netty.request.NettyRequestSender - Using open Channel [id: 0x92a7ae6b, L:/127.0.0.1:57971 - R:localhost/127.0.0.1:18674] for POST '/session/a0ceec7ef69deb0c9b2c62816d24004c/element'
15:27:14.787 [AsyncHttpClient-1-13] DEBUG org.asynchttpclient.netty.handler.HttpHandler - 

Request DefaultHttpRequest(decodeResult: success, version: HTTP/1.1)
POST /session/a0ceec7ef69deb0c9b2c62816d24004c/element HTTP/1.1
User-Agent: selenium/4.7.1 (java windows)
Content-Length: 84
Content-Type: application/json; charset=utf-8
host: localhost:18674
accept: */*

Response DefaultHttpResponse(decodeResult: success, version: HTTP/1.1)
HTTP/1.1 200 OK
Content-Type: application/json; charset=utf-8
cache-control: no-cache
content-length: 94

15:27:14.787 [AsyncHttpClient-1-13] DEBUG org.asynchttpclient.netty.channel.ChannelManager - Adding key: http://localhost:18674 for channel [id: 0x92a7ae6b, L:/127.0.0.1:57971 - R:localhost/127.0.0.1:18674]
15:27:14.788 [Forwarding getElementTagName on session a0ceec7ef69deb0c9b2c62816d24004c to remote] DEBUG org.asynchttpclient.netty.request.NettyRequestSender - Using pooled Channel '[id: 0x92a7ae6b, L:/127.0.0.1:57971 - R:localhost/127.0.0.1:18674]' for 'GET' to 'http://localhost:18674/session/a0ceec7ef69deb0c9b2c62816d24004c/element/2222E5E7B3F5E8BA14715F6ACB179B18_element_8/name'
15:27:14.788 [Forwarding getElementTagName on session a0ceec7ef69deb0c9b2c62816d24004c to remote] DEBUG org.asynchttpclient.netty.request.NettyRequestSender - Using open Channel [id: 0x92a7ae6b, L:/127.0.0.1:57971 - R:localhost/127.0.0.1:18674] for GET '/session/a0ceec7ef69deb0c9b2c62816d24004c/element/2222E5E7B3F5E8BA14715F6ACB179B18_element_8/name'
15:27:14.793 [AsyncHttpClient-1-13] DEBUG org.asynchttpclient.netty.handler.HttpHandler - 

Request DefaultFullHttpRequest(decodeResult: success, version: HTTP/1.1, content: EmptyByteBufBE)
GET /session/a0ceec7ef69deb0c9b2c62816d24004c/element/2222E5E7B3F5E8BA14715F6ACB179B18_element_8/name HTTP/1.1
User-Agent: selenium/4.7.1 (java windows)
Cache-Control: no-cache
Content-Type: application/json; charset=utf-8
host: localhost:18674
accept: */*

Response DefaultHttpResponse(decodeResult: success, version: HTTP/1.1)
HTTP/1.1 200 OK
Content-Type: application/json; charset=utf-8
cache-control: no-cache
content-length: 13

15:27:14.793 [AsyncHttpClient-1-13] DEBUG org.asynchttpclient.netty.channel.ChannelManager - Adding key: http://localhost:18674 for channel [id: 0x92a7ae6b, L:/127.0.0.1:57971 - R:localhost/127.0.0.1:18674]
15:27:14.794 [Forwarding getElementTagName on session a0ceec7ef69deb0c9b2c62816d24004c to remote] DEBUG org.asynchttpclient.netty.request.NettyRequestSender - Using pooled Channel '[id: 0x92a7ae6b, L:/127.0.0.1:57971 - R:localhost/127.0.0.1:18674]' for 'GET' to 'http://localhost:18674/session/a0ceec7ef69deb0c9b2c62816d24004c/element/2222E5E7B3F5E8BA14715F6ACB179B18_element_8/name'
15:27:14.794 [Forwarding getElementTagName on session a0ceec7ef69deb0c9b2c62816d24004c to remote] DEBUG org.asynchttpclient.netty.request.NettyRequestSender - Using open Channel [id: 0x92a7ae6b, L:/127.0.0.1:57971 - R:localhost/127.0.0.1:18674] for GET '/session/a0ceec7ef69deb0c9b2c62816d24004c/element/2222E5E7B3F5E8BA14715F6ACB179B18_element_8/name'
15:27:14.799 [AsyncHttpClient-1-13] DEBUG org.asynchttpclient.netty.handler.HttpHandler - 

Request DefaultFullHttpRequest(decodeResult: success, version: HTTP/1.1, content: EmptyByteBufBE)
GET /session/a0ceec7ef69deb0c9b2c62816d24004c/element/2222E5E7B3F5E8BA14715F6ACB179B18_element_8/name HTTP/1.1
User-Agent: selenium/4.7.1 (java windows)
Cache-Control: no-cache
Content-Type: application/json; charset=utf-8
host: localhost:18674
accept: */*

Response DefaultHttpResponse(decodeResult: success, version: HTTP/1.1)
HTTP/1.1 200 OK
Content-Type: application/json; charset=utf-8
cache-control: no-cache
content-length: 13

15:27:14.799 [AsyncHttpClient-1-13] DEBUG org.asynchttpclient.netty.channel.ChannelManager - Adding key: http://localhost:18674 for channel [id: 0x92a7ae6b, L:/127.0.0.1:57971 - R:localhost/127.0.0.1:18674]
15:27:14.800 [Forwarding findElement on session a0ceec7ef69deb0c9b2c62816d24004c to remote] DEBUG org.asynchttpclient.netty.request.NettyRequestSender - Using pooled Channel '[id: 0x92a7ae6b, L:/127.0.0.1:57971 - R:localhost/127.0.0.1:18674]' for 'POST' to 'http://localhost:18674/session/a0ceec7ef69deb0c9b2c62816d24004c/element'
15:27:14.801 [Forwarding findElement on session a0ceec7ef69deb0c9b2c62816d24004c to remote] DEBUG org.asynchttpclient.netty.request.NettyRequestSender - Using open Channel [id: 0x92a7ae6b, L:/127.0.0.1:57971 - R:localhost/127.0.0.1:18674] for POST '/session/a0ceec7ef69deb0c9b2c62816d24004c/element'
15:27:14.809 [AsyncHttpClient-1-13] DEBUG org.asynchttpclient.netty.handler.HttpHandler - 

Request DefaultHttpRequest(decodeResult: success, version: HTTP/1.1)
POST /session/a0ceec7ef69deb0c9b2c62816d24004c/element HTTP/1.1
User-Agent: selenium/4.7.1 (java windows)
Content-Length: 84
Content-Type: application/json; charset=utf-8
host: localhost:18674
accept: */*

Response DefaultHttpResponse(decodeResult: success, version: HTTP/1.1)
HTTP/1.1 200 OK
Content-Type: application/json; charset=utf-8
cache-control: no-cache
content-length: 94

15:27:14.809 [AsyncHttpClient-1-13] DEBUG org.asynchttpclient.netty.channel.ChannelManager - Adding key: http://localhost:18674 for channel [id: 0x92a7ae6b, L:/127.0.0.1:57971 - R:localhost/127.0.0.1:18674]
15:27:14.811 [Forwarding clickElement on session a0ceec7ef69deb0c9b2c62816d24004c to remote] DEBUG org.asynchttpclient.netty.request.NettyRequestSender - Using pooled Channel '[id: 0x92a7ae6b, L:/127.0.0.1:57971 - R:localhost/127.0.0.1:18674]' for 'POST' to 'http://localhost:18674/session/a0ceec7ef69deb0c9b2c62816d24004c/element/2222E5E7B3F5E8BA14715F6ACB179B18_element_8/click'
15:27:14.811 [Forwarding clickElement on session a0ceec7ef69deb0c9b2c62816d24004c to remote] DEBUG org.asynchttpclient.netty.request.NettyRequestSender - Using open Channel [id: 0x92a7ae6b, L:/127.0.0.1:57971 - R:localhost/127.0.0.1:18674] for POST '/session/a0ceec7ef69deb0c9b2c62816d24004c/element/2222E5E7B3F5E8BA14715F6ACB179B18_element_8/click'
15:27:14.857 [AsyncHttpClient-1-13] DEBUG org.asynchttpclient.netty.handler.HttpHandler - 

Request DefaultHttpRequest(decodeResult: success, version: HTTP/1.1)
POST /session/a0ceec7ef69deb0c9b2c62816d24004c/element/2222E5E7B3F5E8BA14715F6ACB179B18_element_8/click HTTP/1.1
User-Agent: selenium/4.7.1 (java windows)
Content-Length: 56
Content-Type: application/json; charset=utf-8
host: localhost:18674
accept: */*

Response DefaultHttpResponse(decodeResult: success, version: HTTP/1.1)
HTTP/1.1 200 OK
Content-Type: application/json; charset=utf-8
cache-control: no-cache
content-length: 14

15:27:14.857 [AsyncHttpClient-1-13] DEBUG org.asynchttpclient.netty.channel.ChannelManager - Adding key: http://localhost:18674 for channel [id: 0x92a7ae6b, L:/127.0.0.1:57971 - R:localhost/127.0.0.1:18674]
15:27:14.865 [Forwarding getCurrentWindowHandle on session a0ceec7ef69deb0c9b2c62816d24004c to remote] DEBUG org.asynchttpclient.netty.request.NettyRequestSender - Using pooled Channel '[id: 0x92a7ae6b, L:/127.0.0.1:57971 - R:localhost/127.0.0.1:18674]' for 'GET' to 'http://localhost:18674/session/a0ceec7ef69deb0c9b2c62816d24004c/window'
15:27:14.865 [Forwarding getCurrentWindowHandle on session a0ceec7ef69deb0c9b2c62816d24004c to remote] DEBUG org.asynchttpclient.netty.request.NettyRequestSender - Using open Channel [id: 0x92a7ae6b, L:/127.0.0.1:57971 - R:localhost/127.0.0.1:18674] for GET '/session/a0ceec7ef69deb0c9b2c62816d24004c/window'
15:27:14.866 [AsyncHttpClient-1-13] DEBUG org.asynchttpclient.netty.handler.HttpHandler - 

Request DefaultFullHttpRequest(decodeResult: success, version: HTTP/1.1, content: EmptyByteBufBE)
GET /session/a0ceec7ef69deb0c9b2c62816d24004c/window HTTP/1.1
User-Agent: selenium/4.7.1 (java windows)
Cache-Control: no-cache
Content-Type: application/json; charset=utf-8
host: localhost:18674
accept: */*

Response DefaultHttpResponse(decodeResult: success, version: HTTP/1.1)
HTTP/1.1 200 OK
Content-Type: application/json; charset=utf-8
cache-control: no-cache
content-length: 44

15:27:14.866 [AsyncHttpClient-1-13] DEBUG org.asynchttpclient.netty.channel.ChannelManager - Adding key: http://localhost:18674 for channel [id: 0x92a7ae6b, L:/127.0.0.1:57971 - R:localhost/127.0.0.1:18674]
15:27:14.867 [Forwarding getAlertText on session a0ceec7ef69deb0c9b2c62816d24004c to remote] DEBUG org.asynchttpclient.netty.request.NettyRequestSender - Using pooled Channel '[id: 0x92a7ae6b, L:/127.0.0.1:57971 - R:localhost/127.0.0.1:18674]' for 'GET' to 'http://localhost:18674/session/a0ceec7ef69deb0c9b2c62816d24004c/alert/text'
15:27:14.867 [Forwarding getAlertText on session a0ceec7ef69deb0c9b2c62816d24004c to remote] DEBUG org.asynchttpclient.netty.request.NettyRequestSender - Using open Channel [id: 0x92a7ae6b, L:/127.0.0.1:57971 - R:localhost/127.0.0.1:18674] for GET '/session/a0ceec7ef69deb0c9b2c62816d24004c/alert/text'
15:27:14.880 [AsyncHttpClient-1-13] DEBUG org.asynchttpclient.netty.handler.HttpHandler - 

Request DefaultFullHttpRequest(decodeResult: success, version: HTTP/1.1, content: EmptyByteBufBE)
GET /session/a0ceec7ef69deb0c9b2c62816d24004c/alert/text HTTP/1.1
User-Agent: selenium/4.7.1 (java windows)
Cache-Control: no-cache
Content-Type: application/json; charset=utf-8
host: localhost:18674
accept: */*

Response DefaultHttpResponse(decodeResult: success, version: HTTP/1.1)
HTTP/1.1 404 Not Found
Content-Type: application/json; charset=utf-8
cache-control: no-cache
content-length: 820

15:27:14.880 [AsyncHttpClient-1-13] DEBUG org.asynchttpclient.netty.channel.ChannelManager - Adding key: http://localhost:18674 for channel [id: 0x92a7ae6b, L:/127.0.0.1:57971 - R:localhost/127.0.0.1:18674]
15:27:14.882 [Forwarding switchToWindow on session a0ceec7ef69deb0c9b2c62816d24004c to remote] DEBUG org.asynchttpclient.netty.request.NettyRequestSender - Using pooled Channel '[id: 0x92a7ae6b, L:/127.0.0.1:57971 - R:localhost/127.0.0.1:18674]' for 'POST' to 'http://localhost:18674/session/a0ceec7ef69deb0c9b2c62816d24004c/window'
15:27:14.882 [Forwarding switchToWindow on session a0ceec7ef69deb0c9b2c62816d24004c to remote] DEBUG org.asynchttpclient.netty.request.NettyRequestSender - Using open Channel [id: 0x92a7ae6b, L:/127.0.0.1:57971 - R:localhost/127.0.0.1:18674] for POST '/session/a0ceec7ef69deb0c9b2c62816d24004c/window'
15:27:14.885 [AsyncHttpClient-1-13] DEBUG org.asynchttpclient.netty.handler.HttpHandler - 

Request DefaultHttpRequest(decodeResult: success, version: HTTP/1.1)
POST /session/a0ceec7ef69deb0c9b2c62816d24004c/window HTTP/1.1
User-Agent: selenium/4.7.1 (java windows)
Content-Length: 50
Content-Type: application/json; charset=utf-8
host: localhost:18674
accept: */*

Response DefaultHttpResponse(decodeResult: success, version: HTTP/1.1)
HTTP/1.1 200 OK
Content-Type: application/json; charset=utf-8
cache-control: no-cache
content-length: 14

15:27:14.885 [AsyncHttpClient-1-13] DEBUG org.asynchttpclient.netty.channel.ChannelManager - Adding key: http://localhost:18674 for channel [id: 0x92a7ae6b, L:/127.0.0.1:57971 - R:localhost/127.0.0.1:18674]
15:27:14.886 [Forwarding getCurrentUrl on session a0ceec7ef69deb0c9b2c62816d24004c to remote] DEBUG org.asynchttpclient.netty.request.NettyRequestSender - Using pooled Channel '[id: 0x92a7ae6b, L:/127.0.0.1:57971 - R:localhost/127.0.0.1:18674]' for 'GET' to 'http://localhost:18674/session/a0ceec7ef69deb0c9b2c62816d24004c/url'
15:27:14.886 [Forwarding getCurrentUrl on session a0ceec7ef69deb0c9b2c62816d24004c to remote] DEBUG org.asynchttpclient.netty.request.NettyRequestSender - Using open Channel [id: 0x92a7ae6b, L:/127.0.0.1:57971 - R:localhost/127.0.0.1:18674] for GET '/session/a0ceec7ef69deb0c9b2c62816d24004c/url'
15:27:14.892 [AsyncHttpClient-1-13] DEBUG org.asynchttpclient.netty.handler.HttpHandler - 

Request DefaultFullHttpRequest(decodeResult: success, version: HTTP/1.1, content: EmptyByteBufBE)
GET /session/a0ceec7ef69deb0c9b2c62816d24004c/url HTTP/1.1
User-Agent: selenium/4.7.1 (java windows)
Cache-Control: no-cache
Content-Type: application/json; charset=utf-8
host: localhost:18674
accept: */*

Response DefaultHttpResponse(decodeResult: success, version: HTTP/1.1)
HTTP/1.1 200 OK
Content-Type: application/json; charset=utf-8
cache-control: no-cache
content-length: 54

15:27:14.892 [AsyncHttpClient-1-13] DEBUG org.asynchttpclient.netty.channel.ChannelManager - Adding key: http://localhost:18674 for channel [id: 0x92a7ae6b, L:/127.0.0.1:57971 - R:localhost/127.0.0.1:18674]
15:27:14.892 [Forwarding screenshot on session a0ceec7ef69deb0c9b2c62816d24004c to remote] DEBUG org.asynchttpclient.netty.request.NettyRequestSender - Using pooled Channel '[id: 0x92a7ae6b, L:/127.0.0.1:57971 - R:localhost/127.0.0.1:18674]' for 'GET' to 'http://localhost:18674/session/a0ceec7ef69deb0c9b2c62816d24004c/screenshot'
15:27:14.892 [Forwarding screenshot on session a0ceec7ef69deb0c9b2c62816d24004c to remote] DEBUG org.asynchttpclient.netty.request.NettyRequestSender - Using open Channel [id: 0x92a7ae6b, L:/127.0.0.1:57971 - R:localhost/127.0.0.1:18674] for GET '/session/a0ceec7ef69deb0c9b2c62816d24004c/screenshot'
15:27:15.027 [AsyncHttpClient-1-13] DEBUG org.asynchttpclient.netty.handler.HttpHandler - 

Request DefaultFullHttpRequest(decodeResult: success, version: HTTP/1.1, content: EmptyByteBufBE)
GET /session/a0ceec7ef69deb0c9b2c62816d24004c/screenshot HTTP/1.1
User-Agent: selenium/4.7.1 (java windows)
Cache-Control: no-cache
Content-Type: application/json; charset=utf-8
host: localhost:18674
accept: */*

Response DefaultHttpResponse(decodeResult: success, version: HTTP/1.1)
HTTP/1.1 200 OK
Content-Type: application/json; charset=utf-8
cache-control: no-cache
content-length: 30692

15:27:15.027 [AsyncHttpClient-1-13] DEBUG org.asynchttpclient.netty.channel.ChannelManager - Adding key: http://localhost:18674 for channel [id: 0x92a7ae6b, L:/127.0.0.1:57971 - R:localhost/127.0.0.1:18674]
15:27:15.028 [main] DEBUG net.serenitybdd.core.photography.Darkroom - Send negative for processing for target\site\serenity\4ad33bd4b0b439b00be3b940058503090d3ce3803dfdaf227b7fafcb2e77921e.png
15:27:15.029 [main] DEBUG net.thucydides.core.steps.StepInterceptor - STEP DONE: klikLinkRegister
  &amp#27;[32mThen &amp#27;[0m&amp#27;[32muser klik register&amp#27;[0m                                      &amp#27;[90m# starter.stepdefinitions.RegisterSteps.userKlikRegister()&amp#27;[0m
15:27:15.029 [Darkroom Processing Line] DEBUG net.serenitybdd.core.photography.DarkroomProcessingLine - Processing screenshot image in /var/screenshots/screenshot-13145133720478017089
15:27:15.029 [Darkroom Processing Line] DEBUG net.serenitybdd.core.photography.DarkroomProcessingLine - Saving screenshot to target\site\serenity\4ad33bd4b0b439b00be3b940058503090d3ce3803dfdaf227b7fafcb2e77921e.png
15:27:15.043 [main] DEBUG net.thucydides.core.steps.StepInterceptor - STARTING STEP: RegisterSteps.userInputNamaLengkap - inputNamaLengkap
15:27:15.044 [Forwarding findElement on session a0ceec7ef69deb0c9b2c62816d24004c to remote] DEBUG org.asynchttpclient.netty.request.NettyRequestSender - Using pooled Channel '[id: 0x92a7ae6b, L:/127.0.0.1:57971 - R:localhost/127.0.0.1:18674]' for 'POST' to 'http://localhost:18674/session/a0ceec7ef69deb0c9b2c62816d24004c/element'
15:27:15.045 [Forwarding findElement on session a0ceec7ef69deb0c9b2c62816d24004c to remote] DEBUG org.asynchttpclient.netty.request.NettyRequestSender - Using open Channel [id: 0x92a7ae6b, L:/127.0.0.1:57971 - R:localhost/127.0.0.1:18674] for POST '/session/a0ceec7ef69deb0c9b2c62816d24004c/element'
15:27:15.059 [AsyncHttpClient-1-13] DEBUG org.asynchttpclient.netty.handler.HttpHandler - 

Request DefaultHttpRequest(decodeResult: success, version: HTTP/1.1)
POST /session/a0ceec7ef69deb0c9b2c62816d24004c/element HTTP/1.1
User-Agent: selenium/4.7.1 (java windows)
Content-Length: 187
Content-Type: application/json; charset=utf-8
host: localhost:18674
accept: */*

Response DefaultHttpResponse(decodeResult: success, version: HTTP/1.1)
HTTP/1.1 200 OK
Content-Type: application/json; charset=utf-8
cache-control: no-cache
content-length: 94

15:27:15.059 [AsyncHttpClient-1-13] DEBUG org.asynchttpclient.netty.channel.ChannelManager - Adding key: http://localhost:18674 for channel [id: 0x92a7ae6b, L:/127.0.0.1:57971 - R:localhost/127.0.0.1:18674]
15:27:15.060 [Forwarding clearElement on session a0ceec7ef69deb0c9b2c62816d24004c to remote] DEBUG org.asynchttpclient.netty.request.NettyRequestSender - Using pooled Channel '[id: 0x92a7ae6b, L:/127.0.0.1:57971 - R:localhost/127.0.0.1:18674]' for 'POST' to 'http://localhost:18674/session/a0ceec7ef69deb0c9b2c62816d24004c/element/2222E5E7B3F5E8BA14715F6ACB179B18_element_9/clear'
15:27:15.060 [Forwarding clearElement on session a0ceec7ef69deb0c9b2c62816d24004c to remote] DEBUG org.asynchttpclient.netty.request.NettyRequestSender - Using open Channel [id: 0x92a7ae6b, L:/127.0.0.1:57971 - R:localhost/127.0.0.1:18674] for POST '/session/a0ceec7ef69deb0c9b2c62816d24004c/element/2222E5E7B3F5E8BA14715F6ACB179B18_element_9/clear'
15:27:15.096 [AsyncHttpClient-1-13] DEBUG org.asynchttpclient.netty.handler.HttpHandler - 

Request DefaultHttpRequest(decodeResult: success, version: HTTP/1.1)
POST /session/a0ceec7ef69deb0c9b2c62816d24004c/element/2222E5E7B3F5E8BA14715F6ACB179B18_element_9/clear HTTP/1.1
User-Agent: selenium/4.7.1 (java windows)
Content-Length: 56
Content-Type: application/json; charset=utf-8
host: localhost:18674
accept: */*

Response DefaultHttpResponse(decodeResult: success, version: HTTP/1.1)
HTTP/1.1 200 OK
Content-Type: application/json; charset=utf-8
cache-control: no-cache
content-length: 14

15:27:15.096 [AsyncHttpClient-1-13] DEBUG org.asynchttpclient.netty.channel.ChannelManager - Adding key: http://localhost:18674 for channel [id: 0x92a7ae6b, L:/127.0.0.1:57971 - R:localhost/127.0.0.1:18674]
15:27:15.098 [Forwarding sendKeysToElement on session a0ceec7ef69deb0c9b2c62816d24004c to remote] DEBUG org.asynchttpclient.netty.request.NettyRequestSender - Using pooled Channel '[id: 0x92a7ae6b, L:/127.0.0.1:57971 - R:localhost/127.0.0.1:18674]' for 'POST' to 'http://localhost:18674/session/a0ceec7ef69deb0c9b2c62816d24004c/element/2222E5E7B3F5E8BA14715F6ACB179B18_element_9/value'
15:27:15.098 [Forwarding sendKeysToElement on session a0ceec7ef69deb0c9b2c62816d24004c to remote] DEBUG org.asynchttpclient.netty.request.NettyRequestSender - Using open Channel [id: 0x92a7ae6b, L:/127.0.0.1:57971 - R:localhost/127.0.0.1:18674] for POST '/session/a0ceec7ef69deb0c9b2c62816d24004c/element/2222E5E7B3F5E8BA14715F6ACB179B18_element_9/value'
15:27:15.199 [AsyncHttpClient-1-13] DEBUG org.asynchttpclient.netty.handler.HttpHandler - 

Request DefaultHttpRequest(decodeResult: success, version: HTTP/1.1)
POST /session/a0ceec7ef69deb0c9b2c62816d24004c/element/2222E5E7B3F5E8BA14715F6ACB179B18_element_9/value HTTP/1.1
User-Agent: selenium/4.7.1 (java windows)
Content-Length: 207
Content-Type: application/json; charset=utf-8
host: localhost:18674
accept: */*

Response DefaultHttpResponse(decodeResult: success, version: HTTP/1.1)
HTTP/1.1 200 OK
Content-Type: application/json; charset=utf-8
cache-control: no-cache
content-length: 14

15:27:15.199 [AsyncHttpClient-1-13] DEBUG org.asynchttpclient.netty.channel.ChannelManager - Adding key: http://localhost:18674 for channel [id: 0x92a7ae6b, L:/127.0.0.1:57971 - R:localhost/127.0.0.1:18674]
15:27:15.206 [Forwarding getCurrentWindowHandle on session a0ceec7ef69deb0c9b2c62816d24004c to remote] DEBUG org.asynchttpclient.netty.request.NettyRequestSender - Using pooled Channel '[id: 0x92a7ae6b, L:/127.0.0.1:57971 - R:localhost/127.0.0.1:18674]' for 'GET' to 'http://localhost:18674/session/a0ceec7ef69deb0c9b2c62816d24004c/window'
15:27:15.206 [Forwarding getCurrentWindowHandle on session a0ceec7ef69deb0c9b2c62816d24004c to remote] DEBUG org.asynchttpclient.netty.request.NettyRequestSender - Using open Channel [id: 0x92a7ae6b, L:/127.0.0.1:57971 - R:localhost/127.0.0.1:18674] for GET '/session/a0ceec7ef69deb0c9b2c62816d24004c/window'
15:27:15.207 [AsyncHttpClient-1-13] DEBUG org.asynchttpclient.netty.handler.HttpHandler - 

Request DefaultFullHttpRequest(decodeResult: success, version: HTTP/1.1, content: EmptyByteBufBE)
GET /session/a0ceec7ef69deb0c9b2c62816d24004c/window HTTP/1.1
User-Agent: selenium/4.7.1 (java windows)
Cache-Control: no-cache
Content-Type: application/json; charset=utf-8
host: localhost:18674
accept: */*

Response DefaultHttpResponse(decodeResult: success, version: HTTP/1.1)
HTTP/1.1 200 OK
Content-Type: application/json; charset=utf-8
cache-control: no-cache
content-length: 44

15:27:15.207 [AsyncHttpClient-1-13] DEBUG org.asynchttpclient.netty.channel.ChannelManager - Adding key: http://localhost:18674 for channel [id: 0x92a7ae6b, L:/127.0.0.1:57971 - R:localhost/127.0.0.1:18674]
15:27:15.208 [Forwarding getAlertText on session a0ceec7ef69deb0c9b2c62816d24004c to remote] DEBUG org.asynchttpclient.netty.request.NettyRequestSender - Using pooled Channel '[id: 0x92a7ae6b, L:/127.0.0.1:57971 - R:localhost/127.0.0.1:18674]' for 'GET' to 'http://localhost:18674/session/a0ceec7ef69deb0c9b2c62816d24004c/alert/text'
15:27:15.208 [Forwarding getAlertText on session a0ceec7ef69deb0c9b2c62816d24004c to remote] DEBUG org.asynchttpclient.netty.request.NettyRequestSender - Using open Channel [id: 0x92a7ae6b, L:/127.0.0.1:57971 - R:localhost/127.0.0.1:18674] for GET '/session/a0ceec7ef69deb0c9b2c62816d24004c/alert/text'
15:27:15.209 [AsyncHttpClient-1-13] DEBUG org.asynchttpclient.netty.handler.HttpHandler - 

Request DefaultFullHttpRequest(decodeResult: success, version: HTTP/1.1, content: EmptyByteBufBE)
GET /session/a0ceec7ef69deb0c9b2c62816d24004c/alert/text HTTP/1.1
User-Agent: selenium/4.7.1 (java windows)
Cache-Control: no-cache
Content-Type: application/json; charset=utf-8
host: localhost:18674
accept: */*

Response DefaultHttpResponse(decodeResult: success, version: HTTP/1.1)
HTTP/1.1 404 Not Found
Content-Type: application/json; charset=utf-8
cache-control: no-cache
content-length: 820

15:27:15.209 [AsyncHttpClient-1-13] DEBUG org.asynchttpclient.netty.channel.ChannelManager - Adding key: http://localhost:18674 for channel [id: 0x92a7ae6b, L:/127.0.0.1:57971 - R:localhost/127.0.0.1:18674]
15:27:15.211 [Forwarding switchToWindow on session a0ceec7ef69deb0c9b2c62816d24004c to remote] DEBUG org.asynchttpclient.netty.request.NettyRequestSender - Using pooled Channel '[id: 0x92a7ae6b, L:/127.0.0.1:57971 - R:localhost/127.0.0.1:18674]' for 'POST' to 'http://localhost:18674/session/a0ceec7ef69deb0c9b2c62816d24004c/window'
15:27:15.211 [Forwarding switchToWindow on session a0ceec7ef69deb0c9b2c62816d24004c to remote] DEBUG org.asynchttpclient.netty.request.NettyRequestSender - Using open Channel [id: 0x92a7ae6b, L:/127.0.0.1:57971 - R:localhost/127.0.0.1:18674] for POST '/session/a0ceec7ef69deb0c9b2c62816d24004c/window'
15:27:15.212 [AsyncHttpClient-1-13] DEBUG org.asynchttpclient.netty.handler.HttpHandler - 

Request DefaultHttpRequest(decodeResult: success, version: HTTP/1.1)
POST /session/a0ceec7ef69deb0c9b2c62816d24004c/window HTTP/1.1
User-Agent: selenium/4.7.1 (java windows)
Content-Length: 50
Content-Type: application/json; charset=utf-8
host: localhost:18674
accept: */*

Response DefaultHttpResponse(decodeResult: success, version: HTTP/1.1)
HTTP/1.1 200 OK
Content-Type: application/json; charset=utf-8
cache-control: no-cache
content-length: 14

15:27:15.212 [AsyncHttpClient-1-13] DEBUG org.asynchttpclient.netty.channel.ChannelManager - Adding key: http://localhost:18674 for channel [id: 0x92a7ae6b, L:/127.0.0.1:57971 - R:localhost/127.0.0.1:18674]
15:27:15.213 [Forwarding getCurrentUrl on session a0ceec7ef69deb0c9b2c62816d24004c to remote] DEBUG org.asynchttpclient.netty.request.NettyRequestSender - Using pooled Channel '[id: 0x92a7ae6b, L:/127.0.0.1:57971 - R:localhost/127.0.0.1:18674]' for 'GET' to 'http://localhost:18674/session/a0ceec7ef69deb0c9b2c62816d24004c/url'
15:27:15.213 [Forwarding getCurrentUrl on session a0ceec7ef69deb0c9b2c62816d24004c to remote] DEBUG org.asynchttpclient.netty.request.NettyRequestSender - Using open Channel [id: 0x92a7ae6b, L:/127.0.0.1:57971 - R:localhost/127.0.0.1:18674] for GET '/session/a0ceec7ef69deb0c9b2c62816d24004c/url'
15:27:15.218 [AsyncHttpClient-1-13] DEBUG org.asynchttpclient.netty.handler.HttpHandler - 

Request DefaultFullHttpRequest(decodeResult: success, version: HTTP/1.1, content: EmptyByteBufBE)
GET /session/a0ceec7ef69deb0c9b2c62816d24004c/url HTTP/1.1
User-Agent: selenium/4.7.1 (java windows)
Cache-Control: no-cache
Content-Type: application/json; charset=utf-8
host: localhost:18674
accept: */*

Response DefaultHttpResponse(decodeResult: success, version: HTTP/1.1)
HTTP/1.1 200 OK
Content-Type: application/json; charset=utf-8
cache-control: no-cache
content-length: 54

15:27:15.218 [AsyncHttpClient-1-13] DEBUG org.asynchttpclient.netty.channel.ChannelManager - Adding key: http://localhost:18674 for channel [id: 0x92a7ae6b, L:/127.0.0.1:57971 - R:localhost/127.0.0.1:18674]
15:27:15.219 [Forwarding screenshot on session a0ceec7ef69deb0c9b2c62816d24004c to remote] DEBUG org.asynchttpclient.netty.request.NettyRequestSender - Using pooled Channel '[id: 0x92a7ae6b, L:/127.0.0.1:57971 - R:localhost/127.0.0.1:18674]' for 'GET' to 'http://localhost:18674/session/a0ceec7ef69deb0c9b2c62816d24004c/screenshot'
15:27:15.219 [Forwarding screenshot on session a0ceec7ef69deb0c9b2c62816d24004c to remote] DEBUG org.asynchttpclient.netty.request.NettyRequestSender - Using open Channel [id: 0x92a7ae6b, L:/127.0.0.1:57971 - R:localhost/127.0.0.1:18674] for GET '/session/a0ceec7ef69deb0c9b2c62816d24004c/screenshot'
15:27:15.324 [AsyncHttpClient-1-13] DEBUG org.asynchttpclient.netty.handler.HttpHandler - 

Request DefaultFullHttpRequest(decodeResult: success, version: HTTP/1.1, content: EmptyByteBufBE)
GET /session/a0ceec7ef69deb0c9b2c62816d24004c/screenshot HTTP/1.1
User-Agent: selenium/4.7.1 (java windows)
Cache-Control: no-cache
Content-Type: application/json; charset=utf-8
host: localhost:18674
accept: */*

Response DefaultHttpResponse(decodeResult: success, version: HTTP/1.1)
HTTP/1.1 200 OK
Content-Type: application/json; charset=utf-8
cache-control: no-cache
content-length: 31312

15:27:15.325 [AsyncHttpClient-1-13] DEBUG org.asynchttpclient.netty.channel.ChannelManager - Adding key: http://localhost:18674 for channel [id: 0x92a7ae6b, L:/127.0.0.1:57971 - R:localhost/127.0.0.1:18674]
15:27:15.326 [main] DEBUG net.serenitybdd.core.photography.Darkroom - Send negative for processing for target\site\serenity\39ceb22681a5b92e5c5131131d22803c9408d4671cb66972ef574a7edc16d2f2.png
15:27:15.327 [main] DEBUG net.thucydides.core.steps.StepInterceptor - STEP DONE: inputNamaLengkap
15:27:15.327 [Darkroom Processing Line] DEBUG net.serenitybdd.core.photography.DarkroomProcessingLine - Processing screenshot image in /var/screenshots/screenshot-18124642939396480454
15:27:15.327 [Darkroom Processing Line] DEBUG net.serenitybdd.core.photography.DarkroomProcessingLine - Saving screenshot to target\site\serenity\39ceb22681a5b92e5c5131131d22803c9408d4671cb66972ef574a7edc16d2f2.png
  &amp#27;[32mAnd &amp#27;[0m&amp#27;[32muser input nama lengkap&amp#27;[0m                                  &amp#27;[90m# starter.stepdefinitions.RegisterSteps.userInputNamaLengkap()&amp#27;[0m
15:27:15.337 [main] DEBUG net.thucydides.core.steps.StepInterceptor - STARTING STEP: RegisterSteps.userInputEmailUntukRegister - inputEmail
15:27:15.338 [Forwarding findElement on session a0ceec7ef69deb0c9b2c62816d24004c to remote] DEBUG org.asynchttpclient.netty.request.NettyRequestSender - Using pooled Channel '[id: 0x92a7ae6b, L:/127.0.0.1:57971 - R:localhost/127.0.0.1:18674]' for 'POST' to 'http://localhost:18674/session/a0ceec7ef69deb0c9b2c62816d24004c/element'
15:27:15.338 [Forwarding findElement on session a0ceec7ef69deb0c9b2c62816d24004c to remote] DEBUG org.asynchttpclient.netty.request.NettyRequestSender - Using open Channel [id: 0x92a7ae6b, L:/127.0.0.1:57971 - R:localhost/127.0.0.1:18674] for POST '/session/a0ceec7ef69deb0c9b2c62816d24004c/element'
15:27:15.352 [AsyncHttpClient-1-13] DEBUG org.asynchttpclient.netty.handler.HttpHandler - 

Request DefaultHttpRequest(decodeResult: success, version: HTTP/1.1)
POST /session/a0ceec7ef69deb0c9b2c62816d24004c/element HTTP/1.1
User-Agent: selenium/4.7.1 (java windows)
Content-Length: 187
Content-Type: application/json; charset=utf-8
host: localhost:18674
accept: */*

Response DefaultHttpResponse(decodeResult: success, version: HTTP/1.1)
HTTP/1.1 200 OK
Content-Type: application/json; charset=utf-8
cache-control: no-cache
content-length: 95

15:27:15.352 [AsyncHttpClient-1-13] DEBUG org.asynchttpclient.netty.channel.ChannelManager - Adding key: http://localhost:18674 for channel [id: 0x92a7ae6b, L:/127.0.0.1:57971 - R:localhost/127.0.0.1:18674]
15:27:15.353 [Forwarding clearElement on session a0ceec7ef69deb0c9b2c62816d24004c to remote] DEBUG org.asynchttpclient.netty.request.NettyRequestSender - Using pooled Channel '[id: 0x92a7ae6b, L:/127.0.0.1:57971 - R:localhost/127.0.0.1:18674]' for 'POST' to 'http://localhost:18674/session/a0ceec7ef69deb0c9b2c62816d24004c/element/2222E5E7B3F5E8BA14715F6ACB179B18_element_13/clear'
15:27:15.353 [Forwarding clearElement on session a0ceec7ef69deb0c9b2c62816d24004c to remote] DEBUG org.asynchttpclient.netty.request.NettyRequestSender - Using open Channel [id: 0x92a7ae6b, L:/127.0.0.1:57971 - R:localhost/127.0.0.1:18674] for POST '/session/a0ceec7ef69deb0c9b2c62816d24004c/element/2222E5E7B3F5E8BA14715F6ACB179B18_element_13/clear'
15:27:15.399 [AsyncHttpClient-1-13] DEBUG org.asynchttpclient.netty.handler.HttpHandler - 

Request DefaultHttpRequest(decodeResult: success, version: HTTP/1.1)
POST /session/a0ceec7ef69deb0c9b2c62816d24004c/element/2222E5E7B3F5E8BA14715F6ACB179B18_element_13/clear HTTP/1.1
User-Agent: selenium/4.7.1 (java windows)
Content-Length: 57
Content-Type: application/json; charset=utf-8
host: localhost:18674
accept: */*

Response DefaultHttpResponse(decodeResult: success, version: HTTP/1.1)
HTTP/1.1 200 OK
Content-Type: application/json; charset=utf-8
cache-control: no-cache
content-length: 14

15:27:15.399 [AsyncHttpClient-1-13] DEBUG org.asynchttpclient.netty.channel.ChannelManager - Adding key: http://localhost:18674 for channel [id: 0x92a7ae6b, L:/127.0.0.1:57971 - R:localhost/127.0.0.1:18674]
15:27:15.400 [Forwarding sendKeysToElement on session a0ceec7ef69deb0c9b2c62816d24004c to remote] DEBUG org.asynchttpclient.netty.request.NettyRequestSender - Using pooled Channel '[id: 0x92a7ae6b, L:/127.0.0.1:57971 - R:localhost/127.0.0.1:18674]' for 'POST' to 'http://localhost:18674/session/a0ceec7ef69deb0c9b2c62816d24004c/element/2222E5E7B3F5E8BA14715F6ACB179B18_element_13/value'
15:27:15.400 [Forwarding sendKeysToElement on session a0ceec7ef69deb0c9b2c62816d24004c to remote] DEBUG org.asynchttpclient.netty.request.NettyRequestSender - Using open Channel [id: 0x92a7ae6b, L:/127.0.0.1:57971 - R:localhost/127.0.0.1:18674] for POST '/session/a0ceec7ef69deb0c9b2c62816d24004c/element/2222E5E7B3F5E8BA14715F6ACB179B18_element_13/value'
15:27:15.533 [AsyncHttpClient-1-13] DEBUG org.asynchttpclient.netty.handler.HttpHandler - 

Request DefaultHttpRequest(decodeResult: success, version: HTTP/1.1)
POST /session/a0ceec7ef69deb0c9b2c62816d24004c/element/2222E5E7B3F5E8BA14715F6ACB179B18_element_13/value HTTP/1.1
User-Agent: selenium/4.7.1 (java windows)
Content-Length: 218
Content-Type: application/json; charset=utf-8
host: localhost:18674
accept: */*

Response DefaultHttpResponse(decodeResult: success, version: HTTP/1.1)
HTTP/1.1 200 OK
Content-Type: application/json; charset=utf-8
cache-control: no-cache
content-length: 14

15:27:15.533 [AsyncHttpClient-1-13] DEBUG org.asynchttpclient.netty.channel.ChannelManager - Adding key: http://localhost:18674 for channel [id: 0x92a7ae6b, L:/127.0.0.1:57971 - R:localhost/127.0.0.1:18674]
15:27:15.540 [Forwarding getCurrentWindowHandle on session a0ceec7ef69deb0c9b2c62816d24004c to remote] DEBUG org.asynchttpclient.netty.request.NettyRequestSender - Using pooled Channel '[id: 0x92a7ae6b, L:/127.0.0.1:57971 - R:localhost/127.0.0.1:18674]' for 'GET' to 'http://localhost:18674/session/a0ceec7ef69deb0c9b2c62816d24004c/window'
15:27:15.540 [Forwarding getCurrentWindowHandle on session a0ceec7ef69deb0c9b2c62816d24004c to remote] DEBUG org.asynchttpclient.netty.request.NettyRequestSender - Using open Channel [id: 0x92a7ae6b, L:/127.0.0.1:57971 - R:localhost/127.0.0.1:18674] for GET '/session/a0ceec7ef69deb0c9b2c62816d24004c/window'
15:27:15.540 [AsyncHttpClient-1-13] DEBUG org.asynchttpclient.netty.handler.HttpHandler - 

Request DefaultFullHttpRequest(decodeResult: success, version: HTTP/1.1, content: EmptyByteBufBE)
GET /session/a0ceec7ef69deb0c9b2c62816d24004c/window HTTP/1.1
User-Agent: selenium/4.7.1 (java windows)
Cache-Control: no-cache
Content-Type: application/json; charset=utf-8
host: localhost:18674
accept: */*

Response DefaultHttpResponse(decodeResult: success, version: HTTP/1.1)
HTTP/1.1 200 OK
Content-Type: application/json; charset=utf-8
cache-control: no-cache
content-length: 44

15:27:15.541 [AsyncHttpClient-1-13] DEBUG org.asynchttpclient.netty.channel.ChannelManager - Adding key: http://localhost:18674 for channel [id: 0x92a7ae6b, L:/127.0.0.1:57971 - R:localhost/127.0.0.1:18674]
15:27:15.541 [Forwarding getAlertText on session a0ceec7ef69deb0c9b2c62816d24004c to remote] DEBUG org.asynchttpclient.netty.request.NettyRequestSender - Using pooled Channel '[id: 0x92a7ae6b, L:/127.0.0.1:57971 - R:localhost/127.0.0.1:18674]' for 'GET' to 'http://localhost:18674/session/a0ceec7ef69deb0c9b2c62816d24004c/alert/text'
15:27:15.541 [Forwarding getAlertText on session a0ceec7ef69deb0c9b2c62816d24004c to remote] DEBUG org.asynchttpclient.netty.request.NettyRequestSender - Using open Channel [id: 0x92a7ae6b, L:/127.0.0.1:57971 - R:localhost/127.0.0.1:18674] for GET '/session/a0ceec7ef69deb0c9b2c62816d24004c/alert/text'
15:27:15.543 [AsyncHttpClient-1-13] DEBUG org.asynchttpclient.netty.handler.HttpHandler - 

Request DefaultFullHttpRequest(decodeResult: success, version: HTTP/1.1, content: EmptyByteBufBE)
GET /session/a0ceec7ef69deb0c9b2c62816d24004c/alert/text HTTP/1.1
User-Agent: selenium/4.7.1 (java windows)
Cache-Control: no-cache
Content-Type: application/json; charset=utf-8
host: localhost:18674
accept: */*

Response DefaultHttpResponse(decodeResult: success, version: HTTP/1.1)
HTTP/1.1 404 Not Found
Content-Type: application/json; charset=utf-8
cache-control: no-cache
content-length: 820

15:27:15.543 [AsyncHttpClient-1-13] DEBUG org.asynchttpclient.netty.channel.ChannelManager - Adding key: http://localhost:18674 for channel [id: 0x92a7ae6b, L:/127.0.0.1:57971 - R:localhost/127.0.0.1:18674]
15:27:15.544 [Forwarding switchToWindow on session a0ceec7ef69deb0c9b2c62816d24004c to remote] DEBUG org.asynchttpclient.netty.request.NettyRequestSender - Using pooled Channel '[id: 0x92a7ae6b, L:/127.0.0.1:57971 - R:localhost/127.0.0.1:18674]' for 'POST' to 'http://localhost:18674/session/a0ceec7ef69deb0c9b2c62816d24004c/window'
15:27:15.544 [Forwarding switchToWindow on session a0ceec7ef69deb0c9b2c62816d24004c to remote] DEBUG org.asynchttpclient.netty.request.NettyRequestSender - Using open Channel [id: 0x92a7ae6b, L:/127.0.0.1:57971 - R:localhost/127.0.0.1:18674] for POST '/session/a0ceec7ef69deb0c9b2c62816d24004c/window'
15:27:15.546 [AsyncHttpClient-1-13] DEBUG org.asynchttpclient.netty.handler.HttpHandler - 

Request DefaultHttpRequest(decodeResult: success, version: HTTP/1.1)
POST /session/a0ceec7ef69deb0c9b2c62816d24004c/window HTTP/1.1
User-Agent: selenium/4.7.1 (java windows)
Content-Length: 50
Content-Type: application/json; charset=utf-8
host: localhost:18674
accept: */*

Response DefaultHttpResponse(decodeResult: success, version: HTTP/1.1)
HTTP/1.1 200 OK
Content-Type: application/json; charset=utf-8
cache-control: no-cache
content-length: 14

15:27:15.546 [AsyncHttpClient-1-13] DEBUG org.asynchttpclient.netty.channel.ChannelManager - Adding key: http://localhost:18674 for channel [id: 0x92a7ae6b, L:/127.0.0.1:57971 - R:localhost/127.0.0.1:18674]
15:27:15.547 [Forwarding getCurrentUrl on session a0ceec7ef69deb0c9b2c62816d24004c to remote] DEBUG org.asynchttpclient.netty.request.NettyRequestSender - Using pooled Channel '[id: 0x92a7ae6b, L:/127.0.0.1:57971 - R:localhost/127.0.0.1:18674]' for 'GET' to 'http://localhost:18674/session/a0ceec7ef69deb0c9b2c62816d24004c/url'
15:27:15.547 [Forwarding getCurrentUrl on session a0ceec7ef69deb0c9b2c62816d24004c to remote] DEBUG org.asynchttpclient.netty.request.NettyRequestSender - Using open Channel [id: 0x92a7ae6b, L:/127.0.0.1:57971 - R:localhost/127.0.0.1:18674] for GET '/session/a0ceec7ef69deb0c9b2c62816d24004c/url'
15:27:15.551 [AsyncHttpClient-1-13] DEBUG org.asynchttpclient.netty.handler.HttpHandler - 

Request DefaultFullHttpRequest(decodeResult: success, version: HTTP/1.1, content: EmptyByteBufBE)
GET /session/a0ceec7ef69deb0c9b2c62816d24004c/url HTTP/1.1
User-Agent: selenium/4.7.1 (java windows)
Cache-Control: no-cache
Content-Type: application/json; charset=utf-8
host: localhost:18674
accept: */*

Response DefaultHttpResponse(decodeResult: success, version: HTTP/1.1)
HTTP/1.1 200 OK
Content-Type: application/json; charset=utf-8
cache-control: no-cache
content-length: 54

15:27:15.552 [AsyncHttpClient-1-13] DEBUG org.asynchttpclient.netty.channel.ChannelManager - Adding key: http://localhost:18674 for channel [id: 0x92a7ae6b, L:/127.0.0.1:57971 - R:localhost/127.0.0.1:18674]
15:27:15.552 [Forwarding screenshot on session a0ceec7ef69deb0c9b2c62816d24004c to remote] DEBUG org.asynchttpclient.netty.request.NettyRequestSender - Using pooled Channel '[id: 0x92a7ae6b, L:/127.0.0.1:57971 - R:localhost/127.0.0.1:18674]' for 'GET' to 'http://localhost:18674/session/a0ceec7ef69deb0c9b2c62816d24004c/screenshot'
15:27:15.552 [Forwarding screenshot on session a0ceec7ef69deb0c9b2c62816d24004c to remote] DEBUG org.asynchttpclient.netty.request.NettyRequestSender - Using open Channel [id: 0x92a7ae6b, L:/127.0.0.1:57971 - R:localhost/127.0.0.1:18674] for GET '/session/a0ceec7ef69deb0c9b2c62816d24004c/screenshot'
15:27:15.647 [AsyncHttpClient-1-1] DEBUG org.asynchttpclient.netty.channel.DefaultChannelPool - Entry count for : http://localhost:57972 : 1
15:27:15.660 [AsyncHttpClient-1-13] DEBUG org.asynchttpclient.netty.handler.HttpHandler - 

Request DefaultFullHttpRequest(decodeResult: success, version: HTTP/1.1, content: EmptyByteBufBE)
GET /session/a0ceec7ef69deb0c9b2c62816d24004c/screenshot HTTP/1.1
User-Agent: selenium/4.7.1 (java windows)
Cache-Control: no-cache
Content-Type: application/json; charset=utf-8
host: localhost:18674
accept: */*

Response DefaultHttpResponse(decodeResult: success, version: HTTP/1.1)
HTTP/1.1 200 OK
Content-Type: application/json; charset=utf-8
cache-control: no-cache
content-length: 34044

15:27:15.667 [AsyncHttpClient-1-13] DEBUG org.asynchttpclient.netty.channel.ChannelManager - Adding key: http://localhost:18674 for channel [id: 0x92a7ae6b, L:/127.0.0.1:57971 - R:localhost/127.0.0.1:18674]
15:27:15.669 [main] DEBUG net.serenitybdd.core.photography.Darkroom - Send negative for processing for target\site\serenity\21edc6aa3ee2a2de37cf9807a98e5a41af3a56389287eae587e186e2dfdc31e5.png
15:27:15.669 [main] DEBUG net.thucydides.core.steps.StepInterceptor - STEP DONE: inputEmail
  &amp#27;[32mAnd &amp#27;[0m&amp#27;[32muser input email untuk register&amp#27;[0m                          &amp#27;[90m# starter.stepdefinitions.RegisterSteps.userInputEmailUntukRegister()&amp#27;[0m
15:27:15.670 [Darkroom Processing Line] DEBUG net.serenitybdd.core.photography.DarkroomProcessingLine - Processing screenshot image in /var/screenshots/screenshot-13041390952485247770
15:27:15.670 [Darkroom Processing Line] DEBUG net.serenitybdd.core.photography.DarkroomProcessingLine - Saving screenshot to target\site\serenity\21edc6aa3ee2a2de37cf9807a98e5a41af3a56389287eae587e186e2dfdc31e5.png
15:27:15.680 [main] DEBUG net.thucydides.core.steps.StepInterceptor - STARTING STEP: RegisterSteps.userTidakInputPasswordUntukRegister - inputPassword
15:27:15.681 [Forwarding findElement on session a0ceec7ef69deb0c9b2c62816d24004c to remote] DEBUG org.asynchttpclient.netty.request.NettyRequestSender - Using pooled Channel '[id: 0x92a7ae6b, L:/127.0.0.1:57971 - R:localhost/127.0.0.1:18674]' for 'POST' to 'http://localhost:18674/session/a0ceec7ef69deb0c9b2c62816d24004c/element'
15:27:15.681 [Forwarding findElement on session a0ceec7ef69deb0c9b2c62816d24004c to remote] DEBUG org.asynchttpclient.netty.request.NettyRequestSender - Using open Channel [id: 0x92a7ae6b, L:/127.0.0.1:57971 - R:localhost/127.0.0.1:18674] for POST '/session/a0ceec7ef69deb0c9b2c62816d24004c/element'
15:27:15.696 [AsyncHttpClient-1-13] DEBUG org.asynchttpclient.netty.handler.HttpHandler - 

Request DefaultHttpRequest(decodeResult: success, version: HTTP/1.1)
POST /session/a0ceec7ef69deb0c9b2c62816d24004c/element HTTP/1.1
User-Agent: selenium/4.7.1 (java windows)
Content-Length: 187
Content-Type: application/json; charset=utf-8
host: localhost:18674
accept: */*

Response DefaultHttpResponse(decodeResult: success, version: HTTP/1.1)
HTTP/1.1 200 OK
Content-Type: application/json; charset=utf-8
cache-control: no-cache
content-length: 95

15:27:15.696 [AsyncHttpClient-1-13] DEBUG org.asynchttpclient.netty.channel.ChannelManager - Adding key: http://localhost:18674 for channel [id: 0x92a7ae6b, L:/127.0.0.1:57971 - R:localhost/127.0.0.1:18674]
15:27:15.697 [Forwarding clearElement on session a0ceec7ef69deb0c9b2c62816d24004c to remote] DEBUG org.asynchttpclient.netty.request.NettyRequestSender - Using pooled Channel '[id: 0x92a7ae6b, L:/127.0.0.1:57971 - R:localhost/127.0.0.1:18674]' for 'POST' to 'http://localhost:18674/session/a0ceec7ef69deb0c9b2c62816d24004c/element/2222E5E7B3F5E8BA14715F6ACB179B18_element_14/clear'
15:27:15.697 [Forwarding clearElement on session a0ceec7ef69deb0c9b2c62816d24004c to remote] DEBUG org.asynchttpclient.netty.request.NettyRequestSender - Using open Channel [id: 0x92a7ae6b, L:/127.0.0.1:57971 - R:localhost/127.0.0.1:18674] for POST '/session/a0ceec7ef69deb0c9b2c62816d24004c/element/2222E5E7B3F5E8BA14715F6ACB179B18_element_14/clear'
15:27:15.730 [AsyncHttpClient-1-13] DEBUG org.asynchttpclient.netty.handler.HttpHandler - 

Request DefaultHttpRequest(decodeResult: success, version: HTTP/1.1)
POST /session/a0ceec7ef69deb0c9b2c62816d24004c/element/2222E5E7B3F5E8BA14715F6ACB179B18_element_14/clear HTTP/1.1
User-Agent: selenium/4.7.1 (java windows)
Content-Length: 57
Content-Type: application/json; charset=utf-8
host: localhost:18674
accept: */*

Response DefaultHttpResponse(decodeResult: success, version: HTTP/1.1)
HTTP/1.1 200 OK
Content-Type: application/json; charset=utf-8
cache-control: no-cache
content-length: 14

15:27:15.730 [AsyncHttpClient-1-13] DEBUG org.asynchttpclient.netty.channel.ChannelManager - Adding key: http://localhost:18674 for channel [id: 0x92a7ae6b, L:/127.0.0.1:57971 - R:localhost/127.0.0.1:18674]
15:27:15.732 [Forwarding sendKeysToElement on session a0ceec7ef69deb0c9b2c62816d24004c to remote] DEBUG org.asynchttpclient.netty.request.NettyRequestSender - Using pooled Channel '[id: 0x92a7ae6b, L:/127.0.0.1:57971 - R:localhost/127.0.0.1:18674]' for 'POST' to 'http://localhost:18674/session/a0ceec7ef69deb0c9b2c62816d24004c/element/2222E5E7B3F5E8BA14715F6ACB179B18_element_14/value'
15:27:15.732 [Forwarding sendKeysToElement on session a0ceec7ef69deb0c9b2c62816d24004c to remote] DEBUG org.asynchttpclient.netty.request.NettyRequestSender - Using open Channel [id: 0x92a7ae6b, L:/127.0.0.1:57971 - R:localhost/127.0.0.1:18674] for POST '/session/a0ceec7ef69deb0c9b2c62816d24004c/element/2222E5E7B3F5E8BA14715F6ACB179B18_element_14/value'
15:27:15.780 [AsyncHttpClient-1-13] DEBUG org.asynchttpclient.netty.handler.HttpHandler - 

Request DefaultHttpRequest(decodeResult: success, version: HTTP/1.1)
POST /session/a0ceec7ef69deb0c9b2c62816d24004c/element/2222E5E7B3F5E8BA14715F6ACB179B18_element_14/value HTTP/1.1
User-Agent: selenium/4.7.1 (java windows)
Content-Length: 89
Content-Type: application/json; charset=utf-8
host: localhost:18674
accept: */*

Response DefaultHttpResponse(decodeResult: success, version: HTTP/1.1)
HTTP/1.1 200 OK
Content-Type: application/json; charset=utf-8
cache-control: no-cache
content-length: 14

15:27:15.780 [AsyncHttpClient-1-13] DEBUG org.asynchttpclient.netty.channel.ChannelManager - Adding key: http://localhost:18674 for channel [id: 0x92a7ae6b, L:/127.0.0.1:57971 - R:localhost/127.0.0.1:18674]
15:27:15.788 [Forwarding getCurrentWindowHandle on session a0ceec7ef69deb0c9b2c62816d24004c to remote] DEBUG org.asynchttpclient.netty.request.NettyRequestSender - Using pooled Channel '[id: 0x92a7ae6b, L:/127.0.0.1:57971 - R:localhost/127.0.0.1:18674]' for 'GET' to 'http://localhost:18674/session/a0ceec7ef69deb0c9b2c62816d24004c/window'
15:27:15.788 [Forwarding getCurrentWindowHandle on session a0ceec7ef69deb0c9b2c62816d24004c to remote] DEBUG org.asynchttpclient.netty.request.NettyRequestSender - Using open Channel [id: 0x92a7ae6b, L:/127.0.0.1:57971 - R:localhost/127.0.0.1:18674] for GET '/session/a0ceec7ef69deb0c9b2c62816d24004c/window'
15:27:15.789 [AsyncHttpClient-1-13] DEBUG org.asynchttpclient.netty.handler.HttpHandler - 

Request DefaultFullHttpRequest(decodeResult: success, version: HTTP/1.1, content: EmptyByteBufBE)
GET /session/a0ceec7ef69deb0c9b2c62816d24004c/window HTTP/1.1
User-Agent: selenium/4.7.1 (java windows)
Cache-Control: no-cache
Content-Type: application/json; charset=utf-8
host: localhost:18674
accept: */*

Response DefaultHttpResponse(decodeResult: success, version: HTTP/1.1)
HTTP/1.1 200 OK
Content-Type: application/json; charset=utf-8
cache-control: no-cache
content-length: 44

15:27:15.789 [AsyncHttpClient-1-13] DEBUG org.asynchttpclient.netty.channel.ChannelManager - Adding key: http://localhost:18674 for channel [id: 0x92a7ae6b, L:/127.0.0.1:57971 - R:localhost/127.0.0.1:18674]
15:27:15.790 [Forwarding getAlertText on session a0ceec7ef69deb0c9b2c62816d24004c to remote] DEBUG org.asynchttpclient.netty.request.NettyRequestSender - Using pooled Channel '[id: 0x92a7ae6b, L:/127.0.0.1:57971 - R:localhost/127.0.0.1:18674]' for 'GET' to 'http://localhost:18674/session/a0ceec7ef69deb0c9b2c62816d24004c/alert/text'
15:27:15.790 [Forwarding getAlertText on session a0ceec7ef69deb0c9b2c62816d24004c to remote] DEBUG org.asynchttpclient.netty.request.NettyRequestSender - Using open Channel [id: 0x92a7ae6b, L:/127.0.0.1:57971 - R:localhost/127.0.0.1:18674] for GET '/session/a0ceec7ef69deb0c9b2c62816d24004c/alert/text'
15:27:15.792 [AsyncHttpClient-1-13] DEBUG org.asynchttpclient.netty.handler.HttpHandler - 

Request DefaultFullHttpRequest(decodeResult: success, version: HTTP/1.1, content: EmptyByteBufBE)
GET /session/a0ceec7ef69deb0c9b2c62816d24004c/alert/text HTTP/1.1
User-Agent: selenium/4.7.1 (java windows)
Cache-Control: no-cache
Content-Type: application/json; charset=utf-8
host: localhost:18674
accept: */*

Response DefaultHttpResponse(decodeResult: success, version: HTTP/1.1)
HTTP/1.1 404 Not Found
Content-Type: application/json; charset=utf-8
cache-control: no-cache
content-length: 820

15:27:15.792 [AsyncHttpClient-1-13] DEBUG org.asynchttpclient.netty.channel.ChannelManager - Adding key: http://localhost:18674 for channel [id: 0x92a7ae6b, L:/127.0.0.1:57971 - R:localhost/127.0.0.1:18674]
15:27:15.793 [Forwarding switchToWindow on session a0ceec7ef69deb0c9b2c62816d24004c to remote] DEBUG org.asynchttpclient.netty.request.NettyRequestSender - Using pooled Channel '[id: 0x92a7ae6b, L:/127.0.0.1:57971 - R:localhost/127.0.0.1:18674]' for 'POST' to 'http://localhost:18674/session/a0ceec7ef69deb0c9b2c62816d24004c/window'
15:27:15.793 [Forwarding switchToWindow on session a0ceec7ef69deb0c9b2c62816d24004c to remote] DEBUG org.asynchttpclient.netty.request.NettyRequestSender - Using open Channel [id: 0x92a7ae6b, L:/127.0.0.1:57971 - R:localhost/127.0.0.1:18674] for POST '/session/a0ceec7ef69deb0c9b2c62816d24004c/window'
15:27:15.795 [AsyncHttpClient-1-13] DEBUG org.asynchttpclient.netty.handler.HttpHandler - 

Request DefaultHttpRequest(decodeResult: success, version: HTTP/1.1)
POST /session/a0ceec7ef69deb0c9b2c62816d24004c/window HTTP/1.1
User-Agent: selenium/4.7.1 (java windows)
Content-Length: 50
Content-Type: application/json; charset=utf-8
host: localhost:18674
accept: */*

Response DefaultHttpResponse(decodeResult: success, version: HTTP/1.1)
HTTP/1.1 200 OK
Content-Type: application/json; charset=utf-8
cache-control: no-cache
content-length: 14

15:27:15.795 [AsyncHttpClient-1-13] DEBUG org.asynchttpclient.netty.channel.ChannelManager - Adding key: http://localhost:18674 for channel [id: 0x92a7ae6b, L:/127.0.0.1:57971 - R:localhost/127.0.0.1:18674]
15:27:15.795 [Forwarding getCurrentUrl on session a0ceec7ef69deb0c9b2c62816d24004c to remote] DEBUG org.asynchttpclient.netty.request.NettyRequestSender - Using pooled Channel '[id: 0x92a7ae6b, L:/127.0.0.1:57971 - R:localhost/127.0.0.1:18674]' for 'GET' to 'http://localhost:18674/session/a0ceec7ef69deb0c9b2c62816d24004c/url'
15:27:15.795 [Forwarding getCurrentUrl on session a0ceec7ef69deb0c9b2c62816d24004c to remote] DEBUG org.asynchttpclient.netty.request.NettyRequestSender - Using open Channel [id: 0x92a7ae6b, L:/127.0.0.1:57971 - R:localhost/127.0.0.1:18674] for GET '/session/a0ceec7ef69deb0c9b2c62816d24004c/url'
15:27:15.799 [AsyncHttpClient-1-13] DEBUG org.asynchttpclient.netty.handler.HttpHandler - 

Request DefaultFullHttpRequest(decodeResult: success, version: HTTP/1.1, content: EmptyByteBufBE)
GET /session/a0ceec7ef69deb0c9b2c62816d24004c/url HTTP/1.1
User-Agent: selenium/4.7.1 (java windows)
Cache-Control: no-cache
Content-Type: application/json; charset=utf-8
host: localhost:18674
accept: */*

Response DefaultHttpResponse(decodeResult: success, version: HTTP/1.1)
HTTP/1.1 200 OK
Content-Type: application/json; charset=utf-8
cache-control: no-cache
content-length: 54

15:27:15.799 [AsyncHttpClient-1-13] DEBUG org.asynchttpclient.netty.channel.ChannelManager - Adding key: http://localhost:18674 for channel [id: 0x92a7ae6b, L:/127.0.0.1:57971 - R:localhost/127.0.0.1:18674]
15:27:15.800 [Forwarding screenshot on session a0ceec7ef69deb0c9b2c62816d24004c to remote] DEBUG org.asynchttpclient.netty.request.NettyRequestSender - Using pooled Channel '[id: 0x92a7ae6b, L:/127.0.0.1:57971 - R:localhost/127.0.0.1:18674]' for 'GET' to 'http://localhost:18674/session/a0ceec7ef69deb0c9b2c62816d24004c/screenshot'
15:27:15.800 [Forwarding screenshot on session a0ceec7ef69deb0c9b2c62816d24004c to remote] DEBUG org.asynchttpclient.netty.request.NettyRequestSender - Using open Channel [id: 0x92a7ae6b, L:/127.0.0.1:57971 - R:localhost/127.0.0.1:18674] for GET '/session/a0ceec7ef69deb0c9b2c62816d24004c/screenshot'
15:27:15.910 [AsyncHttpClient-1-13] DEBUG org.asynchttpclient.netty.handler.HttpHandler - 

Request DefaultFullHttpRequest(decodeResult: success, version: HTTP/1.1, content: EmptyByteBufBE)
GET /session/a0ceec7ef69deb0c9b2c62816d24004c/screenshot HTTP/1.1
User-Agent: selenium/4.7.1 (java windows)
Cache-Control: no-cache
Content-Type: application/json; charset=utf-8
host: localhost:18674
accept: */*

Response DefaultHttpResponse(decodeResult: success, version: HTTP/1.1)
HTTP/1.1 200 OK
Content-Type: application/json; charset=utf-8
cache-control: no-cache
content-length: 33708

15:27:15.910 [AsyncHttpClient-1-13] DEBUG org.asynchttpclient.netty.channel.ChannelManager - Adding key: http://localhost:18674 for channel [id: 0x92a7ae6b, L:/127.0.0.1:57971 - R:localhost/127.0.0.1:18674]
15:27:15.911 [main] DEBUG net.serenitybdd.core.photography.Darkroom - Send negative for processing for target\site\serenity\8447370c942ad4f7a72e0a4b1c497959c09f6bfeb09e982e9e56894636c249bc.png
15:27:15.912 [main] DEBUG net.thucydides.core.steps.StepInterceptor - STEP DONE: inputPassword
15:27:15.912 [Darkroom Processing Line] DEBUG net.serenitybdd.core.photography.DarkroomProcessingLine - Processing screenshot image in /var/screenshots/screenshot-13539310782125687162
  &amp#27;[32mAnd &amp#27;[0m&amp#27;[32muser tidak input password untuk register&amp#27;[0m                 &amp#27;[90m# starter.stepdefinitions.RegisterSteps.userTidakInputPasswordUntukRegister()&amp#27;[0m
15:27:15.912 [Darkroom Processing Line] DEBUG net.serenitybdd.core.photography.DarkroomProcessingLine - Saving screenshot to target\site\serenity\8447370c942ad4f7a72e0a4b1c497959c09f6bfeb09e982e9e56894636c249bc.png
15:27:15.922 [main] DEBUG net.thucydides.core.steps.StepInterceptor - STARTING STEP: RegisterSteps.userKlikRegisterYangKedua - klikButtonRegister
15:27:15.925 [Forwarding findElement on session a0ceec7ef69deb0c9b2c62816d24004c to remote] DEBUG org.asynchttpclient.netty.request.NettyRequestSender - Using pooled Channel '[id: 0x92a7ae6b, L:/127.0.0.1:57971 - R:localhost/127.0.0.1:18674]' for 'POST' to 'http://localhost:18674/session/a0ceec7ef69deb0c9b2c62816d24004c/element'
15:27:15.925 [Forwarding findElement on session a0ceec7ef69deb0c9b2c62816d24004c to remote] DEBUG org.asynchttpclient.netty.request.NettyRequestSender - Using open Channel [id: 0x92a7ae6b, L:/127.0.0.1:57971 - R:localhost/127.0.0.1:18674] for POST '/session/a0ceec7ef69deb0c9b2c62816d24004c/element'
15:27:15.939 [AsyncHttpClient-1-13] DEBUG org.asynchttpclient.netty.handler.HttpHandler - 

Request DefaultHttpRequest(decodeResult: success, version: HTTP/1.1)
POST /session/a0ceec7ef69deb0c9b2c62816d24004c/element HTTP/1.1
User-Agent: selenium/4.7.1 (java windows)
Content-Length: 141
Content-Type: application/json; charset=utf-8
host: localhost:18674
accept: */*

Response DefaultHttpResponse(decodeResult: success, version: HTTP/1.1)
HTTP/1.1 200 OK
Content-Type: application/json; charset=utf-8
cache-control: no-cache
content-length: 95

15:27:15.939 [AsyncHttpClient-1-13] DEBUG org.asynchttpclient.netty.channel.ChannelManager - Adding key: http://localhost:18674 for channel [id: 0x92a7ae6b, L:/127.0.0.1:57971 - R:localhost/127.0.0.1:18674]
15:27:15.940 [Forwarding getElementTagName on session a0ceec7ef69deb0c9b2c62816d24004c to remote] DEBUG org.asynchttpclient.netty.request.NettyRequestSender - Using pooled Channel '[id: 0x92a7ae6b, L:/127.0.0.1:57971 - R:localhost/127.0.0.1:18674]' for 'GET' to 'http://localhost:18674/session/a0ceec7ef69deb0c9b2c62816d24004c/element/2222E5E7B3F5E8BA14715F6ACB179B18_element_15/name'
15:27:15.940 [Forwarding getElementTagName on session a0ceec7ef69deb0c9b2c62816d24004c to remote] DEBUG org.asynchttpclient.netty.request.NettyRequestSender - Using open Channel [id: 0x92a7ae6b, L:/127.0.0.1:57971 - R:localhost/127.0.0.1:18674] for GET '/session/a0ceec7ef69deb0c9b2c62816d24004c/element/2222E5E7B3F5E8BA14715F6ACB179B18_element_15/name'
15:27:15.946 [AsyncHttpClient-1-13] DEBUG org.asynchttpclient.netty.handler.HttpHandler - 

Request DefaultFullHttpRequest(decodeResult: success, version: HTTP/1.1, content: EmptyByteBufBE)
GET /session/a0ceec7ef69deb0c9b2c62816d24004c/element/2222E5E7B3F5E8BA14715F6ACB179B18_element_15/name HTTP/1.1
User-Agent: selenium/4.7.1 (java windows)
Cache-Control: no-cache
Content-Type: application/json; charset=utf-8
host: localhost:18674
accept: */*

Response DefaultHttpResponse(decodeResult: success, version: HTTP/1.1)
HTTP/1.1 200 OK
Content-Type: application/json; charset=utf-8
cache-control: no-cache
content-length: 18

15:27:15.946 [AsyncHttpClient-1-13] DEBUG org.asynchttpclient.netty.channel.ChannelManager - Adding key: http://localhost:18674 for channel [id: 0x92a7ae6b, L:/127.0.0.1:57971 - R:localhost/127.0.0.1:18674]
15:27:15.947 [Forwarding getElementTagName on session a0ceec7ef69deb0c9b2c62816d24004c to remote] DEBUG org.asynchttpclient.netty.request.NettyRequestSender - Using pooled Channel '[id: 0x92a7ae6b, L:/127.0.0.1:57971 - R:localhost/127.0.0.1:18674]' for 'GET' to 'http://localhost:18674/session/a0ceec7ef69deb0c9b2c62816d24004c/element/2222E5E7B3F5E8BA14715F6ACB179B18_element_15/name'
15:27:15.947 [Forwarding getElementTagName on session a0ceec7ef69deb0c9b2c62816d24004c to remote] DEBUG org.asynchttpclient.netty.request.NettyRequestSender - Using open Channel [id: 0x92a7ae6b, L:/127.0.0.1:57971 - R:localhost/127.0.0.1:18674] for GET '/session/a0ceec7ef69deb0c9b2c62816d24004c/element/2222E5E7B3F5E8BA14715F6ACB179B18_element_15/name'
15:27:15.955 [AsyncHttpClient-1-13] DEBUG org.asynchttpclient.netty.handler.HttpHandler - 

Request DefaultFullHttpRequest(decodeResult: success, version: HTTP/1.1, content: EmptyByteBufBE)
GET /session/a0ceec7ef69deb0c9b2c62816d24004c/element/2222E5E7B3F5E8BA14715F6ACB179B18_element_15/name HTTP/1.1
User-Agent: selenium/4.7.1 (java windows)
Cache-Control: no-cache
Content-Type: application/json; charset=utf-8
host: localhost:18674
accept: */*

Response DefaultHttpResponse(decodeResult: success, version: HTTP/1.1)
HTTP/1.1 200 OK
Content-Type: application/json; charset=utf-8
cache-control: no-cache
content-length: 18

15:27:15.955 [AsyncHttpClient-1-13] DEBUG org.asynchttpclient.netty.channel.ChannelManager - Adding key: http://localhost:18674 for channel [id: 0x92a7ae6b, L:/127.0.0.1:57971 - R:localhost/127.0.0.1:18674]
15:27:15.957 [Forwarding isElementEnabled on session a0ceec7ef69deb0c9b2c62816d24004c to remote] DEBUG org.asynchttpclient.netty.request.NettyRequestSender - Using pooled Channel '[id: 0x92a7ae6b, L:/127.0.0.1:57971 - R:localhost/127.0.0.1:18674]' for 'GET' to 'http://localhost:18674/session/a0ceec7ef69deb0c9b2c62816d24004c/element/2222E5E7B3F5E8BA14715F6ACB179B18_element_15/enabled'
15:27:15.957 [Forwarding isElementEnabled on session a0ceec7ef69deb0c9b2c62816d24004c to remote] DEBUG org.asynchttpclient.netty.request.NettyRequestSender - Using open Channel [id: 0x92a7ae6b, L:/127.0.0.1:57971 - R:localhost/127.0.0.1:18674] for GET '/session/a0ceec7ef69deb0c9b2c62816d24004c/element/2222E5E7B3F5E8BA14715F6ACB179B18_element_15/enabled'
15:27:15.963 [AsyncHttpClient-1-13] DEBUG org.asynchttpclient.netty.handler.HttpHandler - 

Request DefaultFullHttpRequest(decodeResult: success, version: HTTP/1.1, content: EmptyByteBufBE)
GET /session/a0ceec7ef69deb0c9b2c62816d24004c/element/2222E5E7B3F5E8BA14715F6ACB179B18_element_15/enabled HTTP/1.1
User-Agent: selenium/4.7.1 (java windows)
Cache-Control: no-cache
Content-Type: application/json; charset=utf-8
host: localhost:18674
accept: */*

Response DefaultHttpResponse(decodeResult: success, version: HTTP/1.1)
HTTP/1.1 200 OK
Content-Type: application/json; charset=utf-8
cache-control: no-cache
content-length: 14

15:27:15.964 [AsyncHttpClient-1-13] DEBUG org.asynchttpclient.netty.channel.ChannelManager - Adding key: http://localhost:18674 for channel [id: 0x92a7ae6b, L:/127.0.0.1:57971 - R:localhost/127.0.0.1:18674]
15:27:15.964 [Forwarding isElementEnabled on session a0ceec7ef69deb0c9b2c62816d24004c to remote] DEBUG org.asynchttpclient.netty.request.NettyRequestSender - Using pooled Channel '[id: 0x92a7ae6b, L:/127.0.0.1:57971 - R:localhost/127.0.0.1:18674]' for 'GET' to 'http://localhost:18674/session/a0ceec7ef69deb0c9b2c62816d24004c/element/2222E5E7B3F5E8BA14715F6ACB179B18_element_15/enabled'
15:27:15.964 [Forwarding isElementEnabled on session a0ceec7ef69deb0c9b2c62816d24004c to remote] DEBUG org.asynchttpclient.netty.request.NettyRequestSender - Using open Channel [id: 0x92a7ae6b, L:/127.0.0.1:57971 - R:localhost/127.0.0.1:18674] for GET '/session/a0ceec7ef69deb0c9b2c62816d24004c/element/2222E5E7B3F5E8BA14715F6ACB179B18_element_15/enabled'
15:27:15.973 [AsyncHttpClient-1-13] DEBUG org.asynchttpclient.netty.handler.HttpHandler - 

Request DefaultFullHttpRequest(decodeResult: success, version: HTTP/1.1, content: EmptyByteBufBE)
GET /session/a0ceec7ef69deb0c9b2c62816d24004c/element/2222E5E7B3F5E8BA14715F6ACB179B18_element_15/enabled HTTP/1.1
User-Agent: selenium/4.7.1 (java windows)
Cache-Control: no-cache
Content-Type: application/json; charset=utf-8
host: localhost:18674
accept: */*

Response DefaultHttpResponse(decodeResult: success, version: HTTP/1.1)
HTTP/1.1 200 OK
Content-Type: application/json; charset=utf-8
cache-control: no-cache
content-length: 14

15:27:15.973 [AsyncHttpClient-1-13] DEBUG org.asynchttpclient.netty.channel.ChannelManager - Adding key: http://localhost:18674 for channel [id: 0x92a7ae6b, L:/127.0.0.1:57971 - R:localhost/127.0.0.1:18674]
15:27:15.975 [Forwarding findElement on session a0ceec7ef69deb0c9b2c62816d24004c to remote] DEBUG org.asynchttpclient.netty.request.NettyRequestSender - Using pooled Channel '[id: 0x92a7ae6b, L:/127.0.0.1:57971 - R:localhost/127.0.0.1:18674]' for 'POST' to 'http://localhost:18674/session/a0ceec7ef69deb0c9b2c62816d24004c/element'
15:27:15.975 [Forwarding findElement on session a0ceec7ef69deb0c9b2c62816d24004c to remote] DEBUG org.asynchttpclient.netty.request.NettyRequestSender - Using open Channel [id: 0x92a7ae6b, L:/127.0.0.1:57971 - R:localhost/127.0.0.1:18674] for POST '/session/a0ceec7ef69deb0c9b2c62816d24004c/element'
15:27:15.983 [AsyncHttpClient-1-13] DEBUG org.asynchttpclient.netty.handler.HttpHandler - 

Request DefaultHttpRequest(decodeResult: success, version: HTTP/1.1)
POST /session/a0ceec7ef69deb0c9b2c62816d24004c/element HTTP/1.1
User-Agent: selenium/4.7.1 (java windows)
Content-Length: 141
Content-Type: application/json; charset=utf-8
host: localhost:18674
accept: */*

Response DefaultHttpResponse(decodeResult: success, version: HTTP/1.1)
HTTP/1.1 200 OK
Content-Type: application/json; charset=utf-8
cache-control: no-cache
content-length: 95

15:27:15.983 [AsyncHttpClient-1-13] DEBUG org.asynchttpclient.netty.channel.ChannelManager - Adding key: http://localhost:18674 for channel [id: 0x92a7ae6b, L:/127.0.0.1:57971 - R:localhost/127.0.0.1:18674]
15:27:15.985 [Forwarding clickElement on session a0ceec7ef69deb0c9b2c62816d24004c to remote] DEBUG org.asynchttpclient.netty.request.NettyRequestSender - Using pooled Channel '[id: 0x92a7ae6b, L:/127.0.0.1:57971 - R:localhost/127.0.0.1:18674]' for 'POST' to 'http://localhost:18674/session/a0ceec7ef69deb0c9b2c62816d24004c/element/2222E5E7B3F5E8BA14715F6ACB179B18_element_15/click'
15:27:15.985 [Forwarding clickElement on session a0ceec7ef69deb0c9b2c62816d24004c to remote] DEBUG org.asynchttpclient.netty.request.NettyRequestSender - Using open Channel [id: 0x92a7ae6b, L:/127.0.0.1:57971 - R:localhost/127.0.0.1:18674] for POST '/session/a0ceec7ef69deb0c9b2c62816d24004c/element/2222E5E7B3F5E8BA14715F6ACB179B18_element_15/click'
15:27:16.041 [AsyncHttpClient-1-13] DEBUG org.asynchttpclient.netty.handler.HttpHandler - 

Request DefaultHttpRequest(decodeResult: success, version: HTTP/1.1)
POST /session/a0ceec7ef69deb0c9b2c62816d24004c/element/2222E5E7B3F5E8BA14715F6ACB179B18_element_15/click HTTP/1.1
User-Agent: selenium/4.7.1 (java windows)
Content-Length: 57
Content-Type: application/json; charset=utf-8
host: localhost:18674
accept: */*

Response DefaultHttpResponse(decodeResult: success, version: HTTP/1.1)
HTTP/1.1 200 OK
Content-Type: application/json; charset=utf-8
cache-control: no-cache
content-length: 14

15:27:16.041 [AsyncHttpClient-1-13] DEBUG org.asynchttpclient.netty.channel.ChannelManager - Adding key: http://localhost:18674 for channel [id: 0x92a7ae6b, L:/127.0.0.1:57971 - R:localhost/127.0.0.1:18674]
15:27:16.046 [Forwarding getCurrentWindowHandle on session a0ceec7ef69deb0c9b2c62816d24004c to remote] DEBUG org.asynchttpclient.netty.request.NettyRequestSender - Using pooled Channel '[id: 0x92a7ae6b, L:/127.0.0.1:57971 - R:localhost/127.0.0.1:18674]' for 'GET' to 'http://localhost:18674/session/a0ceec7ef69deb0c9b2c62816d24004c/window'
15:27:16.046 [Forwarding getCurrentWindowHandle on session a0ceec7ef69deb0c9b2c62816d24004c to remote] DEBUG org.asynchttpclient.netty.request.NettyRequestSender - Using open Channel [id: 0x92a7ae6b, L:/127.0.0.1:57971 - R:localhost/127.0.0.1:18674] for GET '/session/a0ceec7ef69deb0c9b2c62816d24004c/window'
15:27:16.047 [AsyncHttpClient-1-13] DEBUG org.asynchttpclient.netty.handler.HttpHandler - 

Request DefaultFullHttpRequest(decodeResult: success, version: HTTP/1.1, content: EmptyByteBufBE)
GET /session/a0ceec7ef69deb0c9b2c62816d24004c/window HTTP/1.1
User-Agent: selenium/4.7.1 (java windows)
Cache-Control: no-cache
Content-Type: application/json; charset=utf-8
host: localhost:18674
accept: */*

Response DefaultHttpResponse(decodeResult: success, version: HTTP/1.1)
HTTP/1.1 200 OK
Content-Type: application/json; charset=utf-8
cache-control: no-cache
content-length: 44

15:27:16.047 [AsyncHttpClient-1-13] DEBUG org.asynchttpclient.netty.channel.ChannelManager - Adding key: http://localhost:18674 for channel [id: 0x92a7ae6b, L:/127.0.0.1:57971 - R:localhost/127.0.0.1:18674]
15:27:16.048 [Forwarding getAlertText on session a0ceec7ef69deb0c9b2c62816d24004c to remote] DEBUG org.asynchttpclient.netty.request.NettyRequestSender - Using pooled Channel '[id: 0x92a7ae6b, L:/127.0.0.1:57971 - R:localhost/127.0.0.1:18674]' for 'GET' to 'http://localhost:18674/session/a0ceec7ef69deb0c9b2c62816d24004c/alert/text'
15:27:16.048 [Forwarding getAlertText on session a0ceec7ef69deb0c9b2c62816d24004c to remote] DEBUG org.asynchttpclient.netty.request.NettyRequestSender - Using open Channel [id: 0x92a7ae6b, L:/127.0.0.1:57971 - R:localhost/127.0.0.1:18674] for GET '/session/a0ceec7ef69deb0c9b2c62816d24004c/alert/text'
15:27:16.049 [AsyncHttpClient-1-13] DEBUG org.asynchttpclient.netty.handler.HttpHandler - 

Request DefaultFullHttpRequest(decodeResult: success, version: HTTP/1.1, content: EmptyByteBufBE)
GET /session/a0ceec7ef69deb0c9b2c62816d24004c/alert/text HTTP/1.1
User-Agent: selenium/4.7.1 (java windows)
Cache-Control: no-cache
Content-Type: application/json; charset=utf-8
host: localhost:18674
accept: */*

Response DefaultHttpResponse(decodeResult: success, version: HTTP/1.1)
HTTP/1.1 404 Not Found
Content-Type: application/json; charset=utf-8
cache-control: no-cache
content-length: 820

15:27:16.050 [AsyncHttpClient-1-13] DEBUG org.asynchttpclient.netty.channel.ChannelManager - Adding key: http://localhost:18674 for channel [id: 0x92a7ae6b, L:/127.0.0.1:57971 - R:localhost/127.0.0.1:18674]
15:27:16.052 [Forwarding switchToWindow on session a0ceec7ef69deb0c9b2c62816d24004c to remote] DEBUG org.asynchttpclient.netty.request.NettyRequestSender - Using pooled Channel '[id: 0x92a7ae6b, L:/127.0.0.1:57971 - R:localhost/127.0.0.1:18674]' for 'POST' to 'http://localhost:18674/session/a0ceec7ef69deb0c9b2c62816d24004c/window'
15:27:16.052 [Forwarding switchToWindow on session a0ceec7ef69deb0c9b2c62816d24004c to remote] DEBUG org.asynchttpclient.netty.request.NettyRequestSender - Using open Channel [id: 0x92a7ae6b, L:/127.0.0.1:57971 - R:localhost/127.0.0.1:18674] for POST '/session/a0ceec7ef69deb0c9b2c62816d24004c/window'
15:27:16.055 [AsyncHttpClient-1-13] DEBUG org.asynchttpclient.netty.handler.HttpHandler - 

Request DefaultHttpRequest(decodeResult: success, version: HTTP/1.1)
POST /session/a0ceec7ef69deb0c9b2c62816d24004c/window HTTP/1.1
User-Agent: selenium/4.7.1 (java windows)
Content-Length: 50
Content-Type: application/json; charset=utf-8
host: localhost:18674
accept: */*

Response DefaultHttpResponse(decodeResult: success, version: HTTP/1.1)
HTTP/1.1 200 OK
Content-Type: application/json; charset=utf-8
cache-control: no-cache
content-length: 14

15:27:16.055 [AsyncHttpClient-1-13] DEBUG org.asynchttpclient.netty.channel.ChannelManager - Adding key: http://localhost:18674 for channel [id: 0x92a7ae6b, L:/127.0.0.1:57971 - R:localhost/127.0.0.1:18674]
15:27:16.055 [Forwarding getCurrentUrl on session a0ceec7ef69deb0c9b2c62816d24004c to remote] DEBUG org.asynchttpclient.netty.request.NettyRequestSender - Using pooled Channel '[id: 0x92a7ae6b, L:/127.0.0.1:57971 - R:localhost/127.0.0.1:18674]' for 'GET' to 'http://localhost:18674/session/a0ceec7ef69deb0c9b2c62816d24004c/url'
15:27:16.055 [Forwarding getCurrentUrl on session a0ceec7ef69deb0c9b2c62816d24004c to remote] DEBUG org.asynchttpclient.netty.request.NettyRequestSender - Using open Channel [id: 0x92a7ae6b, L:/127.0.0.1:57971 - R:localhost/127.0.0.1:18674] for GET '/session/a0ceec7ef69deb0c9b2c62816d24004c/url'
15:27:16.059 [AsyncHttpClient-1-13] DEBUG org.asynchttpclient.netty.handler.HttpHandler - 

Request DefaultFullHttpRequest(decodeResult: success, version: HTTP/1.1, content: EmptyByteBufBE)
GET /session/a0ceec7ef69deb0c9b2c62816d24004c/url HTTP/1.1
User-Agent: selenium/4.7.1 (java windows)
Cache-Control: no-cache
Content-Type: application/json; charset=utf-8
host: localhost:18674
accept: */*

Response DefaultHttpResponse(decodeResult: success, version: HTTP/1.1)
HTTP/1.1 200 OK
Content-Type: application/json; charset=utf-8
cache-control: no-cache
content-length: 54

15:27:16.059 [AsyncHttpClient-1-13] DEBUG org.asynchttpclient.netty.channel.ChannelManager - Adding key: http://localhost:18674 for channel [id: 0x92a7ae6b, L:/127.0.0.1:57971 - R:localhost/127.0.0.1:18674]
15:27:16.060 [Forwarding screenshot on session a0ceec7ef69deb0c9b2c62816d24004c to remote] DEBUG org.asynchttpclient.netty.request.NettyRequestSender - Using pooled Channel '[id: 0x92a7ae6b, L:/127.0.0.1:57971 - R:localhost/127.0.0.1:18674]' for 'GET' to 'http://localhost:18674/session/a0ceec7ef69deb0c9b2c62816d24004c/screenshot'
15:27:16.060 [Forwarding screenshot on session a0ceec7ef69deb0c9b2c62816d24004c to remote] DEBUG org.asynchttpclient.netty.request.NettyRequestSender - Using open Channel [id: 0x92a7ae6b, L:/127.0.0.1:57971 - R:localhost/127.0.0.1:18674] for GET '/session/a0ceec7ef69deb0c9b2c62816d24004c/screenshot'
15:27:16.160 [AsyncHttpClient-1-13] DEBUG org.asynchttpclient.netty.handler.HttpHandler - 

Request DefaultFullHttpRequest(decodeResult: success, version: HTTP/1.1, content: EmptyByteBufBE)
GET /session/a0ceec7ef69deb0c9b2c62816d24004c/screenshot HTTP/1.1
User-Agent: selenium/4.7.1 (java windows)
Cache-Control: no-cache
Content-Type: application/json; charset=utf-8
host: localhost:18674
accept: */*

Response DefaultHttpResponse(decodeResult: success, version: HTTP/1.1)
HTTP/1.1 200 OK
Content-Type: application/json; charset=utf-8
cache-control: no-cache
content-length: 33972

15:27:16.160 [AsyncHttpClient-1-13] DEBUG org.asynchttpclient.netty.channel.ChannelManager - Adding key: http://localhost:18674 for channel [id: 0x92a7ae6b, L:/127.0.0.1:57971 - R:localhost/127.0.0.1:18674]
15:27:16.162 [main] DEBUG net.serenitybdd.core.photography.Darkroom - Send negative for processing for target\site\serenity\bdee5e802120cf40102e35a6a187c2958d7cb912472295d5088450c598a5a491.png
15:27:16.162 [main] DEBUG net.thucydides.core.steps.StepInterceptor - STEP DONE: klikButtonRegister
  &amp#27;[32mThen &amp#27;[0m&amp#27;[32muser klik register yang kedua&amp#27;[0m                           &amp#27;[90m# starter.stepdefinitions.RegisterSteps.userKlikRegisterYangKedua()&amp#27;[0m
15:27:16.162 [Darkroom Processing Line] DEBUG net.serenitybdd.core.photography.DarkroomProcessingLine - Processing screenshot image in /var/screenshots/screenshot-7631464049000487551
15:27:16.162 [Darkroom Processing Line] DEBUG net.serenitybdd.core.photography.DarkroomProcessingLine - Saving screenshot to target\site\serenity\bdee5e802120cf40102e35a6a187c2958d7cb912472295d5088450c598a5a491.png
15:27:16.174 [main] DEBUG net.thucydides.core.steps.StepInterceptor - STARTING STEP: RegisterSteps.userMenerimaERRORMessage - munculErrorMessage
15:27:16.176 [Forwarding findElement on session a0ceec7ef69deb0c9b2c62816d24004c to remote] DEBUG org.asynchttpclient.netty.request.NettyRequestSender - Using pooled Channel '[id: 0x92a7ae6b, L:/127.0.0.1:57971 - R:localhost/127.0.0.1:18674]' for 'POST' to 'http://localhost:18674/session/a0ceec7ef69deb0c9b2c62816d24004c/element'
15:27:16.176 [Forwarding findElement on session a0ceec7ef69deb0c9b2c62816d24004c to remote] DEBUG org.asynchttpclient.netty.request.NettyRequestSender - Using open Channel [id: 0x92a7ae6b, L:/127.0.0.1:57971 - R:localhost/127.0.0.1:18674] for POST '/session/a0ceec7ef69deb0c9b2c62816d24004c/element'
15:27:16.192 [AsyncHttpClient-1-13] DEBUG org.asynchttpclient.netty.handler.HttpHandler - 

Request DefaultHttpRequest(decodeResult: success, version: HTTP/1.1)
POST /session/a0ceec7ef69deb0c9b2c62816d24004c/element HTTP/1.1
User-Agent: selenium/4.7.1 (java windows)
Content-Length: 79
Content-Type: application/json; charset=utf-8
host: localhost:18674
accept: */*

Response DefaultHttpResponse(decodeResult: success, version: HTTP/1.1)
HTTP/1.1 200 OK
Content-Type: application/json; charset=utf-8
cache-control: no-cache
content-length: 95

15:27:16.192 [AsyncHttpClient-1-13] DEBUG org.asynchttpclient.netty.channel.ChannelManager - Adding key: http://localhost:18674 for channel [id: 0x92a7ae6b, L:/127.0.0.1:57971 - R:localhost/127.0.0.1:18674]
15:27:16.196 [Forwarding isElementDisplayed on session a0ceec7ef69deb0c9b2c62816d24004c to remote] DEBUG org.asynchttpclient.netty.request.NettyRequestSender - Using pooled Channel '[id: 0x92a7ae6b, L:/127.0.0.1:57971 - R:localhost/127.0.0.1:18674]' for 'POST' to 'http://localhost:18674/session/a0ceec7ef69deb0c9b2c62816d24004c/execute/sync'
15:27:16.196 [Forwarding isElementDisplayed on session a0ceec7ef69deb0c9b2c62816d24004c to remote] DEBUG org.asynchttpclient.netty.request.NettyRequestSender - Using open Channel [id: 0x92a7ae6b, L:/127.0.0.1:57971 - R:localhost/127.0.0.1:18674] for POST '/session/a0ceec7ef69deb0c9b2c62816d24004c/execute/sync'
15:27:16.213 [AsyncHttpClient-1-13] DEBUG org.asynchttpclient.netty.handler.HttpHandler - 

Request DefaultHttpRequest(decodeResult: success, version: HTTP/1.1)
POST /session/a0ceec7ef69deb0c9b2c62816d24004c/execute/sync HTTP/1.1
User-Agent: selenium/4.7.1 (java windows)
Content-Length: 48787
Content-Type: application/json; charset=utf-8
host: localhost:18674
accept: */*

Response DefaultHttpResponse(decodeResult: success, version: HTTP/1.1)
HTTP/1.1 200 OK
Content-Type: application/json; charset=utf-8
cache-control: no-cache
content-length: 14

15:27:16.213 [AsyncHttpClient-1-13] DEBUG org.asynchttpclient.netty.channel.ChannelManager - Adding key: http://localhost:18674 for channel [id: 0x92a7ae6b, L:/127.0.0.1:57971 - R:localhost/127.0.0.1:18674]
15:27:16.218 [Forwarding getCurrentWindowHandle on session a0ceec7ef69deb0c9b2c62816d24004c to remote] DEBUG org.asynchttpclient.netty.request.NettyRequestSender - Using pooled Channel '[id: 0x92a7ae6b, L:/127.0.0.1:57971 - R:localhost/127.0.0.1:18674]' for 'GET' to 'http://localhost:18674/session/a0ceec7ef69deb0c9b2c62816d24004c/window'
15:27:16.218 [Forwarding getCurrentWindowHandle on session a0ceec7ef69deb0c9b2c62816d24004c to remote] DEBUG org.asynchttpclient.netty.request.NettyRequestSender - Using open Channel [id: 0x92a7ae6b, L:/127.0.0.1:57971 - R:localhost/127.0.0.1:18674] for GET '/session/a0ceec7ef69deb0c9b2c62816d24004c/window'
15:27:16.219 [AsyncHttpClient-1-13] DEBUG org.asynchttpclient.netty.handler.HttpHandler - 

Request DefaultFullHttpRequest(decodeResult: success, version: HTTP/1.1, content: EmptyByteBufBE)
GET /session/a0ceec7ef69deb0c9b2c62816d24004c/window HTTP/1.1
User-Agent: selenium/4.7.1 (java windows)
Cache-Control: no-cache
Content-Type: application/json; charset=utf-8
host: localhost:18674
accept: */*

Response DefaultHttpResponse(decodeResult: success, version: HTTP/1.1)
HTTP/1.1 200 OK
Content-Type: application/json; charset=utf-8
cache-control: no-cache
content-length: 44

15:27:16.219 [AsyncHttpClient-1-13] DEBUG org.asynchttpclient.netty.channel.ChannelManager - Adding key: http://localhost:18674 for channel [id: 0x92a7ae6b, L:/127.0.0.1:57971 - R:localhost/127.0.0.1:18674]
15:27:16.220 [Forwarding getAlertText on session a0ceec7ef69deb0c9b2c62816d24004c to remote] DEBUG org.asynchttpclient.netty.request.NettyRequestSender - Using pooled Channel '[id: 0x92a7ae6b, L:/127.0.0.1:57971 - R:localhost/127.0.0.1:18674]' for 'GET' to 'http://localhost:18674/session/a0ceec7ef69deb0c9b2c62816d24004c/alert/text'
15:27:16.220 [Forwarding getAlertText on session a0ceec7ef69deb0c9b2c62816d24004c to remote] DEBUG org.asynchttpclient.netty.request.NettyRequestSender - Using open Channel [id: 0x92a7ae6b, L:/127.0.0.1:57971 - R:localhost/127.0.0.1:18674] for GET '/session/a0ceec7ef69deb0c9b2c62816d24004c/alert/text'
15:27:16.221 [AsyncHttpClient-1-13] DEBUG org.asynchttpclient.netty.handler.HttpHandler - 

Request DefaultFullHttpRequest(decodeResult: success, version: HTTP/1.1, content: EmptyByteBufBE)
GET /session/a0ceec7ef69deb0c9b2c62816d24004c/alert/text HTTP/1.1
User-Agent: selenium/4.7.1 (java windows)
Cache-Control: no-cache
Content-Type: application/json; charset=utf-8
host: localhost:18674
accept: */*

Response DefaultHttpResponse(decodeResult: success, version: HTTP/1.1)
HTTP/1.1 404 Not Found
Content-Type: application/json; charset=utf-8
cache-control: no-cache
content-length: 820

15:27:16.222 [AsyncHttpClient-1-13] DEBUG org.asynchttpclient.netty.channel.ChannelManager - Adding key: http://localhost:18674 for channel [id: 0x92a7ae6b, L:/127.0.0.1:57971 - R:localhost/127.0.0.1:18674]
15:27:16.224 [Forwarding switchToWindow on session a0ceec7ef69deb0c9b2c62816d24004c to remote] DEBUG org.asynchttpclient.netty.request.NettyRequestSender - Using pooled Channel '[id: 0x92a7ae6b, L:/127.0.0.1:57971 - R:localhost/127.0.0.1:18674]' for 'POST' to 'http://localhost:18674/session/a0ceec7ef69deb0c9b2c62816d24004c/window'
15:27:16.224 [Forwarding switchToWindow on session a0ceec7ef69deb0c9b2c62816d24004c to remote] DEBUG org.asynchttpclient.netty.request.NettyRequestSender - Using open Channel [id: 0x92a7ae6b, L:/127.0.0.1:57971 - R:localhost/127.0.0.1:18674] for POST '/session/a0ceec7ef69deb0c9b2c62816d24004c/window'
15:27:16.226 [AsyncHttpClient-1-13] DEBUG org.asynchttpclient.netty.handler.HttpHandler - 

Request DefaultHttpRequest(decodeResult: success, version: HTTP/1.1)
POST /session/a0ceec7ef69deb0c9b2c62816d24004c/window HTTP/1.1
User-Agent: selenium/4.7.1 (java windows)
Content-Length: 50
Content-Type: application/json; charset=utf-8
host: localhost:18674
accept: */*

Response DefaultHttpResponse(decodeResult: success, version: HTTP/1.1)
HTTP/1.1 200 OK
Content-Type: application/json; charset=utf-8
cache-control: no-cache
content-length: 14

15:27:16.226 [AsyncHttpClient-1-13] DEBUG org.asynchttpclient.netty.channel.ChannelManager - Adding key: http://localhost:18674 for channel [id: 0x92a7ae6b, L:/127.0.0.1:57971 - R:localhost/127.0.0.1:18674]
15:27:16.226 [Forwarding getCurrentUrl on session a0ceec7ef69deb0c9b2c62816d24004c to remote] DEBUG org.asynchttpclient.netty.request.NettyRequestSender - Using pooled Channel '[id: 0x92a7ae6b, L:/127.0.0.1:57971 - R:localhost/127.0.0.1:18674]' for 'GET' to 'http://localhost:18674/session/a0ceec7ef69deb0c9b2c62816d24004c/url'
15:27:16.226 [Forwarding getCurrentUrl on session a0ceec7ef69deb0c9b2c62816d24004c to remote] DEBUG org.asynchttpclient.netty.request.NettyRequestSender - Using open Channel [id: 0x92a7ae6b, L:/127.0.0.1:57971 - R:localhost/127.0.0.1:18674] for GET '/session/a0ceec7ef69deb0c9b2c62816d24004c/url'
15:27:16.232 [AsyncHttpClient-1-13] DEBUG org.asynchttpclient.netty.handler.HttpHandler - 

Request DefaultFullHttpRequest(decodeResult: success, version: HTTP/1.1, content: EmptyByteBufBE)
GET /session/a0ceec7ef69deb0c9b2c62816d24004c/url HTTP/1.1
User-Agent: selenium/4.7.1 (java windows)
Cache-Control: no-cache
Content-Type: application/json; charset=utf-8
host: localhost:18674
accept: */*

Response DefaultHttpResponse(decodeResult: success, version: HTTP/1.1)
HTTP/1.1 200 OK
Content-Type: application/json; charset=utf-8
cache-control: no-cache
content-length: 54

15:27:16.232 [AsyncHttpClient-1-13] DEBUG org.asynchttpclient.netty.channel.ChannelManager - Adding key: http://localhost:18674 for channel [id: 0x92a7ae6b, L:/127.0.0.1:57971 - R:localhost/127.0.0.1:18674]
15:27:16.233 [Forwarding screenshot on session a0ceec7ef69deb0c9b2c62816d24004c to remote] DEBUG org.asynchttpclient.netty.request.NettyRequestSender - Using pooled Channel '[id: 0x92a7ae6b, L:/127.0.0.1:57971 - R:localhost/127.0.0.1:18674]' for 'GET' to 'http://localhost:18674/session/a0ceec7ef69deb0c9b2c62816d24004c/screenshot'
15:27:16.233 [Forwarding screenshot on session a0ceec7ef69deb0c9b2c62816d24004c to remote] DEBUG org.asynchttpclient.netty.request.NettyRequestSender - Using open Channel [id: 0x92a7ae6b, L:/127.0.0.1:57971 - R:localhost/127.0.0.1:18674] for GET '/session/a0ceec7ef69deb0c9b2c62816d24004c/screenshot'
15:27:16.354 [AsyncHttpClient-1-13] DEBUG org.asynchttpclient.netty.handler.HttpHandler - 

Request DefaultFullHttpRequest(decodeResult: success, version: HTTP/1.1, content: EmptyByteBufBE)
GET /session/a0ceec7ef69deb0c9b2c62816d24004c/screenshot HTTP/1.1
User-Agent: selenium/4.7.1 (java windows)
Cache-Control: no-cache
Content-Type: application/json; charset=utf-8
host: localhost:18674
accept: */*

Response DefaultHttpResponse(decodeResult: success, version: HTTP/1.1)
HTTP/1.1 200 OK
Content-Type: application/json; charset=utf-8
cache-control: no-cache
content-length: 35460

15:27:16.355 [AsyncHttpClient-1-13] DEBUG org.asynchttpclient.netty.channel.ChannelManager - Adding key: http://localhost:18674 for channel [id: 0x92a7ae6b, L:/127.0.0.1:57971 - R:localhost/127.0.0.1:18674]
15:27:16.356 [main] DEBUG net.serenitybdd.core.photography.Darkroom - Send negative for processing for target\site\serenity\2a92c7d8085c4fbf247cca4c8ceb4f66c14f0bbe4fbfdaa2197fabb050aca22c.png
15:27:16.356 [main] DEBUG net.thucydides.core.steps.StepInterceptor - STEP DONE: munculErrorMessage
15:27:16.356 [Darkroom Processing Line] DEBUG net.serenitybdd.core.photography.DarkroomProcessingLine - Processing screenshot image in /var/screenshots/screenshot-15859336699550837840
15:27:16.356 [Darkroom Processing Line] DEBUG net.serenitybdd.core.photography.DarkroomProcessingLine - Saving screenshot to target\site\serenity\2a92c7d8085c4fbf247cca4c8ceb4f66c14f0bbe4fbfdaa2197fabb050aca22c.png
  &amp#27;[32mAnd &amp#27;[0m&amp#27;[32muser menerima ERROR message &amp#27;[0m&amp#27;[32m&amp#27;[1m"password is required"&amp#27;[0m       &amp#27;[90m# starter.stepdefinitions.RegisterSteps.userMenerimaERRORMessage(java.lang.String)&amp#27;[0m
15:27:16.364 [main] INFO  - 
  _____   ___   ___   _____     ___     _     ___   ___   ___   ___  
 |_   _| | __| / __| |_   _|   | _ \   /_\   / __| / __| | __| |   \ 
   | |   | _|  \__ \   | |     |  _/  / _ \  \__ \ \__ \ | _|  | |) |
   |_|   |___| |___/   |_|     |_|   /_/ \_\ |___/ |___/ |___| |___/ 

user tidak bisa register karena tidak input password
----------------------------------------------------------------------
15:27:16.365 [AsyncHttpClient-1-15] DEBUG org.asynchttpclient.netty.handler.WebSocketHandler - Channel Closed: [id: 0x80a2d716, L:/127.0.0.1:57979 ! R:localhost/127.0.0.1:57972] with attribute NettyResponseFuture{currentRetry=0,
	isDone=1,
	isCancelled=0,
	asyncHandler=org.asynchttpclient.ws.WebSocketUpgradeHandler@2de8891f,
	nettyRequest=org.asynchttpclient.netty.request.NettyRequest@560b8ccd,
	future=java.util.concurrent.CompletableFuture@552ff120[Completed normally],
	uri=ws://localhost:57972/devtools/browser/9659655a-fc2b-484f-b0b0-59f824fa400b,
	keepAlive=true,
	redirectCount=0,
	timeoutsHolder=null,
	inAuth=0,
	touch=1683707230706}
15:27:16.365 [Driver Command Executor] DEBUG org.asynchttpclient.netty.request.NettyRequestSender - Using pooled Channel '[id: 0x92a7ae6b, L:/127.0.0.1:57971 - R:localhost/127.0.0.1:18674]' for 'DELETE' to 'http://localhost:18674/session/a0ceec7ef69deb0c9b2c62816d24004c'
15:27:16.365 [Driver Command Executor] DEBUG org.asynchttpclient.netty.request.NettyRequestSender - Using open Channel [id: 0x92a7ae6b, L:/127.0.0.1:57971 - R:localhost/127.0.0.1:18674] for DELETE '/session/a0ceec7ef69deb0c9b2c62816d24004c'
15:27:16.365 [AsyncHttpClient-1-15] DEBUG org.asynchttpclient.netty.channel.ChannelManager - Closing Channel [id: 0x80a2d716, L:/127.0.0.1:57979 ! R:localhost/127.0.0.1:57972] 
15:27:16.389 [AsyncHttpClient-1-14] DEBUG org.asynchttpclient.netty.handler.HttpHandler - Unexpected I/O exception on channel [id: 0xc9418843, L:/127.0.0.1:57978 - R:localhost/127.0.0.1:57972]
java.net.SocketException: Connection reset
	at java.base/sun.nio.ch.SocketChannelImpl.throwConnectionReset(SocketChannelImpl.java:401)
	at java.base/sun.nio.ch.SocketChannelImpl.read(SocketChannelImpl.java:434)
	at io.netty.buffer.PooledByteBuf.setBytes(PooledByteBuf.java:259)
	at io.netty.buffer.AbstractByteBuf.writeBytes(AbstractByteBuf.java:1132)
	at io.netty.channel.socket.nio.NioSocketChannel.doReadBytes(NioSocketChannel.java:357)
	at io.netty.channel.nio.AbstractNioByteChannel$NioByteUnsafe.read(AbstractNioByteChannel.java:151)
	at io.netty.channel.nio.NioEventLoop.processSelectedKey(NioEventLoop.java:788)
	at io.netty.channel.nio.NioEventLoop.processSelectedKeysOptimized(NioEventLoop.java:724)
	at io.netty.channel.nio.NioEventLoop.processSelectedKeys(NioEventLoop.java:650)
	at io.netty.channel.nio.NioEventLoop.run(NioEventLoop.java:562)
	at io.netty.util.concurrent.SingleThreadEventExecutor$4.run(SingleThreadEventExecutor.java:997)
	at io.netty.util.internal.ThreadExecutorMap$2.run(ThreadExecutorMap.java:74)
	at io.netty.util.concurrent.FastThreadLocalRunnable.run(FastThreadLocalRunnable.java:30)
	at java.base/java.lang.Thread.run(Thread.java:1589)
15:27:16.389 [AsyncHttpClient-1-14] DEBUG org.asynchttpclient.netty.channel.ChannelManager - Closing Channel [id: 0xc9418843, L:/127.0.0.1:57978 - R:localhost/127.0.0.1:57972] 
15:27:16.389 [AsyncHttpClient-1-14] DEBUG org.asynchttpclient.netty.handler.HttpHandler - Channel Closed: [id: 0xc9418843, L:/127.0.0.1:57978 ! R:localhost/127.0.0.1:57972] with attribute DISCARD
15:27:16.405 [AsyncHttpClient-1-13] DEBUG org.asynchttpclient.netty.handler.HttpHandler - 

Request DefaultFullHttpRequest(decodeResult: success, version: HTTP/1.1, content: EmptyByteBufBE)
DELETE /session/a0ceec7ef69deb0c9b2c62816d24004c HTTP/1.1
User-Agent: selenium/4.7.1 (java windows)
Content-Type: application/json; charset=utf-8
host: localhost:18674
accept: */*

Response DefaultHttpResponse(decodeResult: success, version: HTTP/1.1)
HTTP/1.1 200 OK
Content-Type: application/json; charset=utf-8
cache-control: no-cache
content-length: 14

15:27:16.405 [AsyncHttpClient-1-13] DEBUG org.asynchttpclient.netty.channel.ChannelManager - Adding key: http://localhost:18674 for channel [id: 0x92a7ae6b, L:/127.0.0.1:57971 - R:localhost/127.0.0.1:18674]
15:27:16.498 [AsyncHttpClient-1-13] DEBUG org.asynchttpclient.netty.handler.HttpHandler - Channel Closed: [id: 0x92a7ae6b, L:/127.0.0.1:57971 ! R:localhost/127.0.0.1:18674] with attribute DISCARD
]]></system-out>
    <system-err><![CDATA[Starting ChromeDriver 113.0.5672.63 (0e1a4471d5ae5bf128b1bd8f4d627c8cbd55f70c-refs/branch-heads/5672@{#912}) on port 18674
Only local connections are allowed.
Please see https://chromedriver.chromium.org/security-considerations for suggestions on keeping ChromeDriver safe.
ChromeDriver was started successfully.
May 10, 2023 3:27:10 PM org.openqa.selenium.devtools.CdpVersionFinder findNearestMatch
WARNING: Unable to find CDP implementation matching 113
May 10, 2023 3:27:10 PM org.openqa.selenium.chromium.ChromiumDriver lambda$new$3
WARNING: Unable to find version of CDP to use for . You may need to include a dependency on a specific version of the CDP using something similar to `org.seleniumhq.selenium:selenium-devtools-v86:4.7.1` where the version ("v86") matches the version of the chromium-based browser you're using and the version number of the artifact is the same as Selenium's.
]]></system-err>
  </testcase>
  <testcase name="user bisa register" classname="register" time="7.423">
    <system-out><![CDATA[
@Register05-Web-Negative
Scenario: user bisa register                                      &amp#27;[90m# src/test/resources/features/2. Register.feature:48&amp#27;[0m
15:27:16.550 [main] INFO io.cucumber.core.plugin.SerenityReporter - Running feature from file:///C:/Users/HP/Downloads/Mini-Project-QA/ALTASHOP%20WEB%20AUTOMATION/src/test/resources/features/2.%20Register.feature
15:27:16.565 [main] INFO  - 
  _____   ___   ___   _____     ___   _____     _     ___   _____   ___   ___  
 |_   _| | __| / __| |_   _|   / __| |_   _|   /_\   | _ \ |_   _| | __| |   \ 
   | |   | _|  \__ \   | |     \__ \   | |    / _ \  |   /   | |   | _|  | |) |
   |_|   |___| |___/   |_|     |___/   |_|   /_/ \_\ |_|_\   |_|   |___| |___/ 

user bisa register(register;user-bisa-register)
--------------------------------------------------------------------------------
15:27:16.581 [main] DEBUG net.thucydides.core.steps.StepInterceptor - STARTING STEP: LoginSteps.userBeradaDiHomepageAlta - diHomepageAltaShop
15:27:16.612 [main] INFO net.serenitybdd.core.webdriver.driverproviders.ChromeDriverProvider - Starting Chrome driver instance with capabilities:
15:27:16.612 [main] INFO net.serenitybdd.core.webdriver.driverproviders.ChromeDriverProvider - Capabilities {acceptInsecureCerts: true, browserName: chrome, goog:chromeOptions: {args: [remote-allow-origins=*, test-type, no-sandbox, ignore-certificate-errors, start-maximized, incognito, disable-infobars, disable-gpu, disable-default-apps, disable-popup-blocking, remote-allow-origins=*, test-type, no-sandbox, ignore-certificate-errors, start-maximized, incognito, disable-infobars, disable-gpu, disable-default-apps, disable-popup-blocking], extensions: []}}
15:27:16.695 [AsyncHttpClient-1-16] DEBUG org.asynchttpclient.netty.channel.NettyConnectListener - Using new Channel '[id: 0xf6fe85f0, L:/127.0.0.1:57998 - R:localhost/127.0.0.1:37310]' for 'POST' to '/session'
15:27:16.757 [AsyncHttpClient-1-1] DEBUG org.asynchttpclient.netty.channel.DefaultChannelPool - Entry count for : http://localhost:18674 : 1
15:27:16.757 [AsyncHttpClient-1-1] DEBUG org.asynchttpclient.netty.channel.DefaultChannelPool - Entry count for : http://localhost:57972 : 1
15:27:16.757 [AsyncHttpClient-1-1] DEBUG org.asynchttpclient.netty.channel.DefaultChannelPool - Adding Candidate expired Channel [id: 0x92a7ae6b, L:/127.0.0.1:57971 ! R:localhost/127.0.0.1:18674] isIdleTimeoutExpired=false isRemotelyClosed=true isTtlExpired=false
15:27:16.757 [AsyncHttpClient-1-1] DEBUG org.asynchttpclient.netty.channel.DefaultChannelPool - Closing Idle Channel [id: 0x92a7ae6b, L:/127.0.0.1:57971 ! R:localhost/127.0.0.1:18674]
15:27:16.757 [AsyncHttpClient-1-1] DEBUG org.asynchttpclient.netty.channel.DefaultChannelPool - Adding Candidate expired Channel [id: 0xc9418843, L:/127.0.0.1:57978 ! R:localhost/127.0.0.1:57972] isIdleTimeoutExpired=false isRemotelyClosed=true isTtlExpired=false
15:27:16.757 [AsyncHttpClient-1-1] DEBUG org.asynchttpclient.netty.channel.DefaultChannelPool - Closing Idle Channel [id: 0xc9418843, L:/127.0.0.1:57978 ! R:localhost/127.0.0.1:57972]
15:27:16.757 [AsyncHttpClient-1-1] DEBUG org.asynchttpclient.netty.channel.DefaultChannelPool - Closed 2 connections out of 2 in 0 ms
15:27:17.428 [AsyncHttpClient-1-16] DEBUG org.asynchttpclient.netty.handler.HttpHandler - 

Request DefaultHttpRequest(decodeResult: success, version: HTTP/1.1)
POST /session HTTP/1.1
User-Agent: selenium/4.7.1 (java windows)
Content-Length: 1629
Content-Type: application/json; charset=utf-8
host: localhost:37310
accept: */*

Response DefaultHttpResponse(decodeResult: success, version: HTTP/1.1)
HTTP/1.1 200 OK
Content-Type: application/json; charset=utf-8
cache-control: no-cache
content-length: 855

15:27:17.429 [AsyncHttpClient-1-16] DEBUG org.asynchttpclient.netty.channel.ChannelManager - Adding key: http://localhost:37310 for channel [id: 0xf6fe85f0, L:/127.0.0.1:57998 - R:localhost/127.0.0.1:37310]
15:27:17.442 [AsyncHttpClient-1-17] DEBUG org.asynchttpclient.netty.channel.NettyConnectListener - Using new Channel '[id: 0x7547fdbe, L:/127.0.0.1:58006 - R:localhost/127.0.0.1:57999]' for 'GET' to '/json/version'
15:27:17.443 [AsyncHttpClient-1-17] DEBUG org.asynchttpclient.netty.handler.HttpHandler - 

Request DefaultFullHttpRequest(decodeResult: success, version: HTTP/1.1, content: EmptyByteBufBE)
GET /json/version HTTP/1.1
User-Agent: selenium/4.7.1 (java windows)
host: localhost:57999
accept: */*

Response DefaultHttpResponse(decodeResult: success, version: HTTP/1.1)
HTTP/1.1 200 OK
Content-Security-Policy: frame-ancestors 'none'
Content-Type: application/json; charset=UTF-8
content-length: 422

15:27:17.443 [AsyncHttpClient-1-17] DEBUG org.asynchttpclient.netty.channel.ChannelManager - Adding key: http://localhost:57999 for channel [id: 0x7547fdbe, L:/127.0.0.1:58006 - R:localhost/127.0.0.1:57999]
15:27:17.446 [AsyncHttpClient-1-2] DEBUG org.asynchttpclient.netty.channel.NettyConnectListener - Using new Channel '[id: 0xe356cb44, L:/127.0.0.1:58007 - R:localhost/127.0.0.1:57999]' for 'GET' to '/devtools/browser/74c86bba-b857-4413-8a16-d267ad9e15d0'
15:27:17.447 [AsyncHttpClient-1-2] DEBUG org.asynchttpclient.netty.handler.WebSocketHandler - 

Request DefaultFullHttpRequest(decodeResult: success, version: HTTP/1.1, content: EmptyByteBufBE)
GET /devtools/browser/74c86bba-b857-4413-8a16-d267ad9e15d0 HTTP/1.1
upgrade: websocket
connection: upgrade
sec-websocket-key: +HyxJ6uihz6VfXLKygIjAQ==
sec-websocket-version: 13
origin: http://localhost:57999
host: localhost:57999
accept: */*
user-agent: AHC/2.1

Response DefaultHttpResponse(decodeResult: success, version: HTTP/1.1)
HTTP/1.1 101 WebSocket Protocol Handshake
Upgrade: WebSocket
Connection: Upgrade
Sec-WebSocket-Accept: tE9E9dpUCnpPHobm/+M6smuEppM=

15:27:17.456 [Forwarding get on session 04f8498159c70e22186e34ad99c8437b to remote] DEBUG org.asynchttpclient.netty.request.NettyRequestSender - Using pooled Channel '[id: 0xf6fe85f0, L:/127.0.0.1:57998 - R:localhost/127.0.0.1:37310]' for 'POST' to 'http://localhost:37310/session/04f8498159c70e22186e34ad99c8437b/url'
15:27:17.456 [Forwarding get on session 04f8498159c70e22186e34ad99c8437b to remote] DEBUG org.asynchttpclient.netty.request.NettyRequestSender - Using open Channel [id: 0xf6fe85f0, L:/127.0.0.1:57998 - R:localhost/127.0.0.1:37310] for POST '/session/04f8498159c70e22186e34ad99c8437b/url'
15:27:17.847 [AsyncHttpClient-1-1] DEBUG org.asynchttpclient.netty.channel.DefaultChannelPool - Entry count for : http://localhost:57999 : 1
15:27:18.925 [AsyncHttpClient-1-16] DEBUG org.asynchttpclient.netty.handler.HttpHandler - 

Request DefaultHttpRequest(decodeResult: success, version: HTTP/1.1)
POST /session/04f8498159c70e22186e34ad99c8437b/url HTTP/1.1
User-Agent: selenium/4.7.1 (java windows)
Content-Length: 59
Content-Type: application/json; charset=utf-8
host: localhost:37310
accept: */*

Response DefaultHttpResponse(decodeResult: success, version: HTTP/1.1)
HTTP/1.1 200 OK
Content-Type: application/json; charset=utf-8
cache-control: no-cache
content-length: 14

15:27:18.925 [AsyncHttpClient-1-16] DEBUG org.asynchttpclient.netty.channel.ChannelManager - Adding key: http://localhost:37310 for channel [id: 0xf6fe85f0, L:/127.0.0.1:57998 - R:localhost/127.0.0.1:37310]
15:27:18.926 [Forwarding setTimeout on session 04f8498159c70e22186e34ad99c8437b to remote] DEBUG org.asynchttpclient.netty.request.NettyRequestSender - Using pooled Channel '[id: 0xf6fe85f0, L:/127.0.0.1:57998 - R:localhost/127.0.0.1:37310]' for 'POST' to 'http://localhost:37310/session/04f8498159c70e22186e34ad99c8437b/timeouts'
15:27:18.926 [Forwarding setTimeout on session 04f8498159c70e22186e34ad99c8437b to remote] DEBUG org.asynchttpclient.netty.request.NettyRequestSender - Using open Channel [id: 0xf6fe85f0, L:/127.0.0.1:57998 - R:localhost/127.0.0.1:37310] for POST '/session/04f8498159c70e22186e34ad99c8437b/timeouts'
15:27:18.929 [AsyncHttpClient-1-16] DEBUG org.asynchttpclient.netty.handler.HttpHandler - 

Request DefaultHttpRequest(decodeResult: success, version: HTTP/1.1)
POST /session/04f8498159c70e22186e34ad99c8437b/timeouts HTTP/1.1
User-Agent: selenium/4.7.1 (java windows)
Content-Length: 22
Content-Type: application/json; charset=utf-8
host: localhost:37310
accept: */*

Response DefaultHttpResponse(decodeResult: success, version: HTTP/1.1)
HTTP/1.1 200 OK
Content-Type: application/json; charset=utf-8
cache-control: no-cache
content-length: 14

15:27:18.929 [AsyncHttpClient-1-16] DEBUG org.asynchttpclient.netty.channel.ChannelManager - Adding key: http://localhost:37310 for channel [id: 0xf6fe85f0, L:/127.0.0.1:57998 - R:localhost/127.0.0.1:37310]
15:27:18.931 [Forwarding getCurrentUrl on session 04f8498159c70e22186e34ad99c8437b to remote] DEBUG org.asynchttpclient.netty.request.NettyRequestSender - Using pooled Channel '[id: 0xf6fe85f0, L:/127.0.0.1:57998 - R:localhost/127.0.0.1:37310]' for 'GET' to 'http://localhost:37310/session/04f8498159c70e22186e34ad99c8437b/url'
15:27:18.931 [Forwarding getCurrentUrl on session 04f8498159c70e22186e34ad99c8437b to remote] DEBUG org.asynchttpclient.netty.request.NettyRequestSender - Using open Channel [id: 0xf6fe85f0, L:/127.0.0.1:57998 - R:localhost/127.0.0.1:37310] for GET '/session/04f8498159c70e22186e34ad99c8437b/url'
15:27:18.939 [AsyncHttpClient-1-16] DEBUG org.asynchttpclient.netty.handler.HttpHandler - 

Request DefaultFullHttpRequest(decodeResult: success, version: HTTP/1.1, content: EmptyByteBufBE)
GET /session/04f8498159c70e22186e34ad99c8437b/url HTTP/1.1
User-Agent: selenium/4.7.1 (java windows)
Cache-Control: no-cache
Content-Type: application/json; charset=utf-8
host: localhost:37310
accept: */*

Response DefaultHttpResponse(decodeResult: success, version: HTTP/1.1)
HTTP/1.1 200 OK
Content-Type: application/json; charset=utf-8
cache-control: no-cache
content-length: 41

15:27:18.939 [AsyncHttpClient-1-16] DEBUG org.asynchttpclient.netty.channel.ChannelManager - Adding key: http://localhost:37310 for channel [id: 0xf6fe85f0, L:/127.0.0.1:57998 - R:localhost/127.0.0.1:37310]
15:27:18.942 [Forwarding getCurrentUrl on session 04f8498159c70e22186e34ad99c8437b to remote] DEBUG org.asynchttpclient.netty.request.NettyRequestSender - Using pooled Channel '[id: 0xf6fe85f0, L:/127.0.0.1:57998 - R:localhost/127.0.0.1:37310]' for 'GET' to 'http://localhost:37310/session/04f8498159c70e22186e34ad99c8437b/url'
15:27:18.942 [Forwarding getCurrentUrl on session 04f8498159c70e22186e34ad99c8437b to remote] DEBUG org.asynchttpclient.netty.request.NettyRequestSender - Using open Channel [id: 0xf6fe85f0, L:/127.0.0.1:57998 - R:localhost/127.0.0.1:37310] for GET '/session/04f8498159c70e22186e34ad99c8437b/url'
15:27:18.945 [AsyncHttpClient-1-16] DEBUG org.asynchttpclient.netty.handler.HttpHandler - 

Request DefaultFullHttpRequest(decodeResult: success, version: HTTP/1.1, content: EmptyByteBufBE)
GET /session/04f8498159c70e22186e34ad99c8437b/url HTTP/1.1
User-Agent: selenium/4.7.1 (java windows)
Cache-Control: no-cache
Content-Type: application/json; charset=utf-8
host: localhost:37310
accept: */*

Response DefaultHttpResponse(decodeResult: success, version: HTTP/1.1)
HTTP/1.1 200 OK
Content-Type: application/json; charset=utf-8
cache-control: no-cache
content-length: 41

15:27:18.946 [AsyncHttpClient-1-16] DEBUG org.asynchttpclient.netty.channel.ChannelManager - Adding key: http://localhost:37310 for channel [id: 0xf6fe85f0, L:/127.0.0.1:57998 - R:localhost/127.0.0.1:37310]
15:27:18.948 [Forwarding findElement on session 04f8498159c70e22186e34ad99c8437b to remote] DEBUG org.asynchttpclient.netty.request.NettyRequestSender - Using pooled Channel '[id: 0xf6fe85f0, L:/127.0.0.1:57998 - R:localhost/127.0.0.1:37310]' for 'POST' to 'http://localhost:37310/session/04f8498159c70e22186e34ad99c8437b/element'
15:27:18.948 [Forwarding findElement on session 04f8498159c70e22186e34ad99c8437b to remote] DEBUG org.asynchttpclient.netty.request.NettyRequestSender - Using open Channel [id: 0xf6fe85f0, L:/127.0.0.1:57998 - R:localhost/127.0.0.1:37310] for POST '/session/04f8498159c70e22186e34ad99c8437b/element'
15:27:18.951 [AsyncHttpClient-1-1] DEBUG org.asynchttpclient.netty.channel.DefaultChannelPool - Entry count for : http://localhost:57999 : 1
15:27:18.964 [AsyncHttpClient-1-16] DEBUG org.asynchttpclient.netty.handler.HttpHandler - 

Request DefaultHttpRequest(decodeResult: success, version: HTTP/1.1)
POST /session/04f8498159c70e22186e34ad99c8437b/element HTTP/1.1
User-Agent: selenium/4.7.1 (java windows)
Content-Length: 108
Content-Type: application/json; charset=utf-8
host: localhost:37310
accept: */*

Response DefaultHttpResponse(decodeResult: success, version: HTTP/1.1)
HTTP/1.1 200 OK
Content-Type: application/json; charset=utf-8
cache-control: no-cache
content-length: 94

15:27:18.964 [AsyncHttpClient-1-16] DEBUG org.asynchttpclient.netty.channel.ChannelManager - Adding key: http://localhost:37310 for channel [id: 0xf6fe85f0, L:/127.0.0.1:57998 - R:localhost/127.0.0.1:37310]
15:27:18.967 [Forwarding isElementDisplayed on session 04f8498159c70e22186e34ad99c8437b to remote] DEBUG org.asynchttpclient.netty.request.NettyRequestSender - Using pooled Channel '[id: 0xf6fe85f0, L:/127.0.0.1:57998 - R:localhost/127.0.0.1:37310]' for 'POST' to 'http://localhost:37310/session/04f8498159c70e22186e34ad99c8437b/execute/sync'
15:27:18.967 [Forwarding isElementDisplayed on session 04f8498159c70e22186e34ad99c8437b to remote] DEBUG org.asynchttpclient.netty.request.NettyRequestSender - Using open Channel [id: 0xf6fe85f0, L:/127.0.0.1:57998 - R:localhost/127.0.0.1:37310] for POST '/session/04f8498159c70e22186e34ad99c8437b/execute/sync'
15:27:18.987 [AsyncHttpClient-1-16] DEBUG org.asynchttpclient.netty.handler.HttpHandler - 

Request DefaultHttpRequest(decodeResult: success, version: HTTP/1.1)
POST /session/04f8498159c70e22186e34ad99c8437b/execute/sync HTTP/1.1
User-Agent: selenium/4.7.1 (java windows)
Content-Length: 48786
Content-Type: application/json; charset=utf-8
host: localhost:37310
accept: */*

Response DefaultHttpResponse(decodeResult: success, version: HTTP/1.1)
HTTP/1.1 200 OK
Content-Type: application/json; charset=utf-8
cache-control: no-cache
content-length: 14

15:27:18.987 [AsyncHttpClient-1-16] DEBUG org.asynchttpclient.netty.channel.ChannelManager - Adding key: http://localhost:37310 for channel [id: 0xf6fe85f0, L:/127.0.0.1:57998 - R:localhost/127.0.0.1:37310]
15:27:18.990 [Forwarding isElementDisplayed on session 04f8498159c70e22186e34ad99c8437b to remote] DEBUG org.asynchttpclient.netty.request.NettyRequestSender - Using pooled Channel '[id: 0xf6fe85f0, L:/127.0.0.1:57998 - R:localhost/127.0.0.1:37310]' for 'POST' to 'http://localhost:37310/session/04f8498159c70e22186e34ad99c8437b/execute/sync'
15:27:18.991 [Forwarding isElementDisplayed on session 04f8498159c70e22186e34ad99c8437b to remote] DEBUG org.asynchttpclient.netty.request.NettyRequestSender - Using open Channel [id: 0xf6fe85f0, L:/127.0.0.1:57998 - R:localhost/127.0.0.1:37310] for POST '/session/04f8498159c70e22186e34ad99c8437b/execute/sync'
15:27:19.008 [AsyncHttpClient-1-16] DEBUG org.asynchttpclient.netty.handler.HttpHandler - 

Request DefaultHttpRequest(decodeResult: success, version: HTTP/1.1)
POST /session/04f8498159c70e22186e34ad99c8437b/execute/sync HTTP/1.1
User-Agent: selenium/4.7.1 (java windows)
Content-Length: 48786
Content-Type: application/json; charset=utf-8
host: localhost:37310
accept: */*

Response DefaultHttpResponse(decodeResult: success, version: HTTP/1.1)
HTTP/1.1 200 OK
Content-Type: application/json; charset=utf-8
cache-control: no-cache
content-length: 14

15:27:19.008 [AsyncHttpClient-1-16] DEBUG org.asynchttpclient.netty.channel.ChannelManager - Adding key: http://localhost:37310 for channel [id: 0xf6fe85f0, L:/127.0.0.1:57998 - R:localhost/127.0.0.1:37310]
15:27:19.012 [Forwarding getCurrentWindowHandle on session 04f8498159c70e22186e34ad99c8437b to remote] DEBUG org.asynchttpclient.netty.request.NettyRequestSender - Using pooled Channel '[id: 0xf6fe85f0, L:/127.0.0.1:57998 - R:localhost/127.0.0.1:37310]' for 'GET' to 'http://localhost:37310/session/04f8498159c70e22186e34ad99c8437b/window'
15:27:19.012 [Forwarding getCurrentWindowHandle on session 04f8498159c70e22186e34ad99c8437b to remote] DEBUG org.asynchttpclient.netty.request.NettyRequestSender - Using open Channel [id: 0xf6fe85f0, L:/127.0.0.1:57998 - R:localhost/127.0.0.1:37310] for GET '/session/04f8498159c70e22186e34ad99c8437b/window'
15:27:19.013 [AsyncHttpClient-1-16] DEBUG org.asynchttpclient.netty.handler.HttpHandler - 

Request DefaultFullHttpRequest(decodeResult: success, version: HTTP/1.1, content: EmptyByteBufBE)
GET /session/04f8498159c70e22186e34ad99c8437b/window HTTP/1.1
User-Agent: selenium/4.7.1 (java windows)
Cache-Control: no-cache
Content-Type: application/json; charset=utf-8
host: localhost:37310
accept: */*

Response DefaultHttpResponse(decodeResult: success, version: HTTP/1.1)
HTTP/1.1 200 OK
Content-Type: application/json; charset=utf-8
cache-control: no-cache
content-length: 44

15:27:19.013 [AsyncHttpClient-1-16] DEBUG org.asynchttpclient.netty.channel.ChannelManager - Adding key: http://localhost:37310 for channel [id: 0xf6fe85f0, L:/127.0.0.1:57998 - R:localhost/127.0.0.1:37310]
15:27:19.014 [Forwarding getAlertText on session 04f8498159c70e22186e34ad99c8437b to remote] DEBUG org.asynchttpclient.netty.request.NettyRequestSender - Using pooled Channel '[id: 0xf6fe85f0, L:/127.0.0.1:57998 - R:localhost/127.0.0.1:37310]' for 'GET' to 'http://localhost:37310/session/04f8498159c70e22186e34ad99c8437b/alert/text'
15:27:19.014 [Forwarding getAlertText on session 04f8498159c70e22186e34ad99c8437b to remote] DEBUG org.asynchttpclient.netty.request.NettyRequestSender - Using open Channel [id: 0xf6fe85f0, L:/127.0.0.1:57998 - R:localhost/127.0.0.1:37310] for GET '/session/04f8498159c70e22186e34ad99c8437b/alert/text'
15:27:19.015 [AsyncHttpClient-1-16] DEBUG org.asynchttpclient.netty.handler.HttpHandler - 

Request DefaultFullHttpRequest(decodeResult: success, version: HTTP/1.1, content: EmptyByteBufBE)
GET /session/04f8498159c70e22186e34ad99c8437b/alert/text HTTP/1.1
User-Agent: selenium/4.7.1 (java windows)
Cache-Control: no-cache
Content-Type: application/json; charset=utf-8
host: localhost:37310
accept: */*

Response DefaultHttpResponse(decodeResult: success, version: HTTP/1.1)
HTTP/1.1 404 Not Found
Content-Type: application/json; charset=utf-8
cache-control: no-cache
content-length: 820

15:27:19.015 [AsyncHttpClient-1-16] DEBUG org.asynchttpclient.netty.channel.ChannelManager - Adding key: http://localhost:37310 for channel [id: 0xf6fe85f0, L:/127.0.0.1:57998 - R:localhost/127.0.0.1:37310]
15:27:19.017 [Forwarding switchToWindow on session 04f8498159c70e22186e34ad99c8437b to remote] DEBUG org.asynchttpclient.netty.request.NettyRequestSender - Using pooled Channel '[id: 0xf6fe85f0, L:/127.0.0.1:57998 - R:localhost/127.0.0.1:37310]' for 'POST' to 'http://localhost:37310/session/04f8498159c70e22186e34ad99c8437b/window'
15:27:19.017 [Forwarding switchToWindow on session 04f8498159c70e22186e34ad99c8437b to remote] DEBUG org.asynchttpclient.netty.request.NettyRequestSender - Using open Channel [id: 0xf6fe85f0, L:/127.0.0.1:57998 - R:localhost/127.0.0.1:37310] for POST '/session/04f8498159c70e22186e34ad99c8437b/window'
15:27:19.019 [AsyncHttpClient-1-16] DEBUG org.asynchttpclient.netty.handler.HttpHandler - 

Request DefaultHttpRequest(decodeResult: success, version: HTTP/1.1)
POST /session/04f8498159c70e22186e34ad99c8437b/window HTTP/1.1
User-Agent: selenium/4.7.1 (java windows)
Content-Length: 50
Content-Type: application/json; charset=utf-8
host: localhost:37310
accept: */*

Response DefaultHttpResponse(decodeResult: success, version: HTTP/1.1)
HTTP/1.1 200 OK
Content-Type: application/json; charset=utf-8
cache-control: no-cache
content-length: 14

15:27:19.019 [AsyncHttpClient-1-16] DEBUG org.asynchttpclient.netty.channel.ChannelManager - Adding key: http://localhost:37310 for channel [id: 0xf6fe85f0, L:/127.0.0.1:57998 - R:localhost/127.0.0.1:37310]
15:27:19.020 [Forwarding getCurrentUrl on session 04f8498159c70e22186e34ad99c8437b to remote] DEBUG org.asynchttpclient.netty.request.NettyRequestSender - Using pooled Channel '[id: 0xf6fe85f0, L:/127.0.0.1:57998 - R:localhost/127.0.0.1:37310]' for 'GET' to 'http://localhost:37310/session/04f8498159c70e22186e34ad99c8437b/url'
15:27:19.020 [Forwarding getCurrentUrl on session 04f8498159c70e22186e34ad99c8437b to remote] DEBUG org.asynchttpclient.netty.request.NettyRequestSender - Using open Channel [id: 0xf6fe85f0, L:/127.0.0.1:57998 - R:localhost/127.0.0.1:37310] for GET '/session/04f8498159c70e22186e34ad99c8437b/url'
15:27:19.025 [AsyncHttpClient-1-16] DEBUG org.asynchttpclient.netty.handler.HttpHandler - 

Request DefaultFullHttpRequest(decodeResult: success, version: HTTP/1.1, content: EmptyByteBufBE)
GET /session/04f8498159c70e22186e34ad99c8437b/url HTTP/1.1
User-Agent: selenium/4.7.1 (java windows)
Cache-Control: no-cache
Content-Type: application/json; charset=utf-8
host: localhost:37310
accept: */*

Response DefaultHttpResponse(decodeResult: success, version: HTTP/1.1)
HTTP/1.1 200 OK
Content-Type: application/json; charset=utf-8
cache-control: no-cache
content-length: 41

15:27:19.025 [AsyncHttpClient-1-16] DEBUG org.asynchttpclient.netty.channel.ChannelManager - Adding key: http://localhost:37310 for channel [id: 0xf6fe85f0, L:/127.0.0.1:57998 - R:localhost/127.0.0.1:37310]
15:27:19.026 [Forwarding screenshot on session 04f8498159c70e22186e34ad99c8437b to remote] DEBUG org.asynchttpclient.netty.request.NettyRequestSender - Using pooled Channel '[id: 0xf6fe85f0, L:/127.0.0.1:57998 - R:localhost/127.0.0.1:37310]' for 'GET' to 'http://localhost:37310/session/04f8498159c70e22186e34ad99c8437b/screenshot'
15:27:19.026 [Forwarding screenshot on session 04f8498159c70e22186e34ad99c8437b to remote] DEBUG org.asynchttpclient.netty.request.NettyRequestSender - Using open Channel [id: 0xf6fe85f0, L:/127.0.0.1:57998 - R:localhost/127.0.0.1:37310] for GET '/session/04f8498159c70e22186e34ad99c8437b/screenshot'
15:27:19.153 [AsyncHttpClient-1-16] DEBUG org.asynchttpclient.netty.handler.HttpHandler - 

Request DefaultFullHttpRequest(decodeResult: success, version: HTTP/1.1, content: EmptyByteBufBE)
GET /session/04f8498159c70e22186e34ad99c8437b/screenshot HTTP/1.1
User-Agent: selenium/4.7.1 (java windows)
Cache-Control: no-cache
Content-Type: application/json; charset=utf-8
host: localhost:37310
accept: */*

Response DefaultHttpResponse(decodeResult: success, version: HTTP/1.1)
HTTP/1.1 200 OK
Content-Type: application/json; charset=utf-8
cache-control: no-cache
content-length: 38788

15:27:19.154 [AsyncHttpClient-1-16] DEBUG org.asynchttpclient.netty.channel.ChannelManager - Adding key: http://localhost:37310 for channel [id: 0xf6fe85f0, L:/127.0.0.1:57998 - R:localhost/127.0.0.1:37310]
15:27:19.156 [main] DEBUG net.serenitybdd.core.photography.Darkroom - Send negative for processing for target\site\serenity\a3b85c4241b18ff6ea4ee181bd8004bde8bc8793ba03ad60de87ca03b5842bb0.png
15:27:19.156 [main] DEBUG net.thucydides.core.steps.StepInterceptor - STEP DONE: diHomepageAltaShop
  &amp#27;[32mGiven &amp#27;[0m&amp#27;[32muser berada di Homepage AltaShop&amp#27;[0m                          &amp#27;[90m# starter.stepdefinitions.LoginSteps.userBeradaDiHomepageAlta()&amp#27;[0m
15:27:19.156 [Darkroom Processing Line] DEBUG net.serenitybdd.core.photography.DarkroomProcessingLine - Processing screenshot image in /var/screenshots/screenshot-2460749014858733238
15:27:19.156 [Darkroom Processing Line] DEBUG net.serenitybdd.core.photography.DarkroomProcessingLine - Saving screenshot to target\site\serenity\a3b85c4241b18ff6ea4ee181bd8004bde8bc8793ba03ad60de87ca03b5842bb0.png
15:27:19.169 [main] DEBUG net.thucydides.core.steps.StepInterceptor - STARTING STEP: LoginSteps.userKlikButtonLogin - klikButtonLogin
15:27:19.171 [Forwarding findElement on session 04f8498159c70e22186e34ad99c8437b to remote] DEBUG org.asynchttpclient.netty.request.NettyRequestSender - Using pooled Channel '[id: 0xf6fe85f0, L:/127.0.0.1:57998 - R:localhost/127.0.0.1:37310]' for 'POST' to 'http://localhost:37310/session/04f8498159c70e22186e34ad99c8437b/element'
15:27:19.171 [Forwarding findElement on session 04f8498159c70e22186e34ad99c8437b to remote] DEBUG org.asynchttpclient.netty.request.NettyRequestSender - Using open Channel [id: 0xf6fe85f0, L:/127.0.0.1:57998 - R:localhost/127.0.0.1:37310] for POST '/session/04f8498159c70e22186e34ad99c8437b/element'
15:27:19.181 [AsyncHttpClient-1-16] DEBUG org.asynchttpclient.netty.handler.HttpHandler - 

Request DefaultHttpRequest(decodeResult: success, version: HTTP/1.1)
POST /session/04f8498159c70e22186e34ad99c8437b/element HTTP/1.1
User-Agent: selenium/4.7.1 (java windows)
Content-Length: 108
Content-Type: application/json; charset=utf-8
host: localhost:37310
accept: */*

Response DefaultHttpResponse(decodeResult: success, version: HTTP/1.1)
HTTP/1.1 200 OK
Content-Type: application/json; charset=utf-8
cache-control: no-cache
content-length: 94

15:27:19.181 [AsyncHttpClient-1-16] DEBUG org.asynchttpclient.netty.channel.ChannelManager - Adding key: http://localhost:37310 for channel [id: 0xf6fe85f0, L:/127.0.0.1:57998 - R:localhost/127.0.0.1:37310]
15:27:19.182 [Forwarding getElementTagName on session 04f8498159c70e22186e34ad99c8437b to remote] DEBUG org.asynchttpclient.netty.request.NettyRequestSender - Using pooled Channel '[id: 0xf6fe85f0, L:/127.0.0.1:57998 - R:localhost/127.0.0.1:37310]' for 'GET' to 'http://localhost:37310/session/04f8498159c70e22186e34ad99c8437b/element/2565B44AF53B01678A332479A19C8EEC_element_5/name'
15:27:19.182 [Forwarding getElementTagName on session 04f8498159c70e22186e34ad99c8437b to remote] DEBUG org.asynchttpclient.netty.request.NettyRequestSender - Using open Channel [id: 0xf6fe85f0, L:/127.0.0.1:57998 - R:localhost/127.0.0.1:37310] for GET '/session/04f8498159c70e22186e34ad99c8437b/element/2565B44AF53B01678A332479A19C8EEC_element_5/name'
15:27:19.190 [AsyncHttpClient-1-16] DEBUG org.asynchttpclient.netty.handler.HttpHandler - 

Request DefaultFullHttpRequest(decodeResult: success, version: HTTP/1.1, content: EmptyByteBufBE)
GET /session/04f8498159c70e22186e34ad99c8437b/element/2565B44AF53B01678A332479A19C8EEC_element_5/name HTTP/1.1
User-Agent: selenium/4.7.1 (java windows)
Cache-Control: no-cache
Content-Type: application/json; charset=utf-8
host: localhost:37310
accept: */*

Response DefaultHttpResponse(decodeResult: success, version: HTTP/1.1)
HTTP/1.1 200 OK
Content-Type: application/json; charset=utf-8
cache-control: no-cache
content-length: 18

15:27:19.190 [AsyncHttpClient-1-16] DEBUG org.asynchttpclient.netty.channel.ChannelManager - Adding key: http://localhost:37310 for channel [id: 0xf6fe85f0, L:/127.0.0.1:57998 - R:localhost/127.0.0.1:37310]
15:27:19.191 [Forwarding getElementTagName on session 04f8498159c70e22186e34ad99c8437b to remote] DEBUG org.asynchttpclient.netty.request.NettyRequestSender - Using pooled Channel '[id: 0xf6fe85f0, L:/127.0.0.1:57998 - R:localhost/127.0.0.1:37310]' for 'GET' to 'http://localhost:37310/session/04f8498159c70e22186e34ad99c8437b/element/2565B44AF53B01678A332479A19C8EEC_element_5/name'
15:27:19.192 [Forwarding getElementTagName on session 04f8498159c70e22186e34ad99c8437b to remote] DEBUG org.asynchttpclient.netty.request.NettyRequestSender - Using open Channel [id: 0xf6fe85f0, L:/127.0.0.1:57998 - R:localhost/127.0.0.1:37310] for GET '/session/04f8498159c70e22186e34ad99c8437b/element/2565B44AF53B01678A332479A19C8EEC_element_5/name'
15:27:19.196 [AsyncHttpClient-1-16] DEBUG org.asynchttpclient.netty.handler.HttpHandler - 

Request DefaultFullHttpRequest(decodeResult: success, version: HTTP/1.1, content: EmptyByteBufBE)
GET /session/04f8498159c70e22186e34ad99c8437b/element/2565B44AF53B01678A332479A19C8EEC_element_5/name HTTP/1.1
User-Agent: selenium/4.7.1 (java windows)
Cache-Control: no-cache
Content-Type: application/json; charset=utf-8
host: localhost:37310
accept: */*

Response DefaultHttpResponse(decodeResult: success, version: HTTP/1.1)
HTTP/1.1 200 OK
Content-Type: application/json; charset=utf-8
cache-control: no-cache
content-length: 18

15:27:19.196 [AsyncHttpClient-1-16] DEBUG org.asynchttpclient.netty.channel.ChannelManager - Adding key: http://localhost:37310 for channel [id: 0xf6fe85f0, L:/127.0.0.1:57998 - R:localhost/127.0.0.1:37310]
15:27:19.197 [Forwarding isElementEnabled on session 04f8498159c70e22186e34ad99c8437b to remote] DEBUG org.asynchttpclient.netty.request.NettyRequestSender - Using pooled Channel '[id: 0xf6fe85f0, L:/127.0.0.1:57998 - R:localhost/127.0.0.1:37310]' for 'GET' to 'http://localhost:37310/session/04f8498159c70e22186e34ad99c8437b/element/2565B44AF53B01678A332479A19C8EEC_element_5/enabled'
15:27:19.197 [Forwarding isElementEnabled on session 04f8498159c70e22186e34ad99c8437b to remote] DEBUG org.asynchttpclient.netty.request.NettyRequestSender - Using open Channel [id: 0xf6fe85f0, L:/127.0.0.1:57998 - R:localhost/127.0.0.1:37310] for GET '/session/04f8498159c70e22186e34ad99c8437b/element/2565B44AF53B01678A332479A19C8EEC_element_5/enabled'
15:27:20.050 [AsyncHttpClient-1-1] DEBUG org.asynchttpclient.netty.channel.DefaultChannelPool - Entry count for : http://localhost:57999 : 1
15:27:21.149 [AsyncHttpClient-1-1] DEBUG org.asynchttpclient.netty.channel.DefaultChannelPool - Entry count for : http://localhost:57999 : 1
15:27:21.479 [AsyncHttpClient-1-16] DEBUG org.asynchttpclient.netty.handler.HttpHandler - 

Request DefaultFullHttpRequest(decodeResult: success, version: HTTP/1.1, content: EmptyByteBufBE)
GET /session/04f8498159c70e22186e34ad99c8437b/element/2565B44AF53B01678A332479A19C8EEC_element_5/enabled HTTP/1.1
User-Agent: selenium/4.7.1 (java windows)
Cache-Control: no-cache
Content-Type: application/json; charset=utf-8
host: localhost:37310
accept: */*

Response DefaultHttpResponse(decodeResult: success, version: HTTP/1.1)
HTTP/1.1 200 OK
Content-Type: application/json; charset=utf-8
cache-control: no-cache
content-length: 14

15:27:21.479 [AsyncHttpClient-1-16] DEBUG org.asynchttpclient.netty.channel.ChannelManager - Adding key: http://localhost:37310 for channel [id: 0xf6fe85f0, L:/127.0.0.1:57998 - R:localhost/127.0.0.1:37310]
15:27:21.481 [Forwarding isElementEnabled on session 04f8498159c70e22186e34ad99c8437b to remote] DEBUG org.asynchttpclient.netty.request.NettyRequestSender - Using pooled Channel '[id: 0xf6fe85f0, L:/127.0.0.1:57998 - R:localhost/127.0.0.1:37310]' for 'GET' to 'http://localhost:37310/session/04f8498159c70e22186e34ad99c8437b/element/2565B44AF53B01678A332479A19C8EEC_element_5/enabled'
15:27:21.481 [Forwarding isElementEnabled on session 04f8498159c70e22186e34ad99c8437b to remote] DEBUG org.asynchttpclient.netty.request.NettyRequestSender - Using open Channel [id: 0xf6fe85f0, L:/127.0.0.1:57998 - R:localhost/127.0.0.1:37310] for GET '/session/04f8498159c70e22186e34ad99c8437b/element/2565B44AF53B01678A332479A19C8EEC_element_5/enabled'
15:27:21.502 [AsyncHttpClient-1-16] DEBUG org.asynchttpclient.netty.handler.HttpHandler - 

Request DefaultFullHttpRequest(decodeResult: success, version: HTTP/1.1, content: EmptyByteBufBE)
GET /session/04f8498159c70e22186e34ad99c8437b/element/2565B44AF53B01678A332479A19C8EEC_element_5/enabled HTTP/1.1
User-Agent: selenium/4.7.1 (java windows)
Cache-Control: no-cache
Content-Type: application/json; charset=utf-8
host: localhost:37310
accept: */*

Response DefaultHttpResponse(decodeResult: success, version: HTTP/1.1)
HTTP/1.1 200 OK
Content-Type: application/json; charset=utf-8
cache-control: no-cache
content-length: 14

15:27:21.503 [AsyncHttpClient-1-16] DEBUG org.asynchttpclient.netty.channel.ChannelManager - Adding key: http://localhost:37310 for channel [id: 0xf6fe85f0, L:/127.0.0.1:57998 - R:localhost/127.0.0.1:37310]
15:27:21.504 [Forwarding findElement on session 04f8498159c70e22186e34ad99c8437b to remote] DEBUG org.asynchttpclient.netty.request.NettyRequestSender - Using pooled Channel '[id: 0xf6fe85f0, L:/127.0.0.1:57998 - R:localhost/127.0.0.1:37310]' for 'POST' to 'http://localhost:37310/session/04f8498159c70e22186e34ad99c8437b/element'
15:27:21.504 [Forwarding findElement on session 04f8498159c70e22186e34ad99c8437b to remote] DEBUG org.asynchttpclient.netty.request.NettyRequestSender - Using open Channel [id: 0xf6fe85f0, L:/127.0.0.1:57998 - R:localhost/127.0.0.1:37310] for POST '/session/04f8498159c70e22186e34ad99c8437b/element'
15:27:21.525 [AsyncHttpClient-1-16] DEBUG org.asynchttpclient.netty.handler.HttpHandler - 

Request DefaultHttpRequest(decodeResult: success, version: HTTP/1.1)
POST /session/04f8498159c70e22186e34ad99c8437b/element HTTP/1.1
User-Agent: selenium/4.7.1 (java windows)
Content-Length: 108
Content-Type: application/json; charset=utf-8
host: localhost:37310
accept: */*

Response DefaultHttpResponse(decodeResult: success, version: HTTP/1.1)
HTTP/1.1 200 OK
Content-Type: application/json; charset=utf-8
cache-control: no-cache
content-length: 94

15:27:21.525 [AsyncHttpClient-1-16] DEBUG org.asynchttpclient.netty.channel.ChannelManager - Adding key: http://localhost:37310 for channel [id: 0xf6fe85f0, L:/127.0.0.1:57998 - R:localhost/127.0.0.1:37310]
15:27:21.527 [Forwarding clickElement on session 04f8498159c70e22186e34ad99c8437b to remote] DEBUG org.asynchttpclient.netty.request.NettyRequestSender - Using pooled Channel '[id: 0xf6fe85f0, L:/127.0.0.1:57998 - R:localhost/127.0.0.1:37310]' for 'POST' to 'http://localhost:37310/session/04f8498159c70e22186e34ad99c8437b/element/2565B44AF53B01678A332479A19C8EEC_element_5/click'
15:27:21.527 [Forwarding clickElement on session 04f8498159c70e22186e34ad99c8437b to remote] DEBUG org.asynchttpclient.netty.request.NettyRequestSender - Using open Channel [id: 0xf6fe85f0, L:/127.0.0.1:57998 - R:localhost/127.0.0.1:37310] for POST '/session/04f8498159c70e22186e34ad99c8437b/element/2565B44AF53B01678A332479A19C8EEC_element_5/click'
15:27:21.595 [AsyncHttpClient-1-16] DEBUG org.asynchttpclient.netty.handler.HttpHandler - 

Request DefaultHttpRequest(decodeResult: success, version: HTTP/1.1)
POST /session/04f8498159c70e22186e34ad99c8437b/element/2565B44AF53B01678A332479A19C8EEC_element_5/click HTTP/1.1
User-Agent: selenium/4.7.1 (java windows)
Content-Length: 56
Content-Type: application/json; charset=utf-8
host: localhost:37310
accept: */*

Response DefaultHttpResponse(decodeResult: success, version: HTTP/1.1)
HTTP/1.1 200 OK
Content-Type: application/json; charset=utf-8
cache-control: no-cache
content-length: 14

15:27:21.595 [AsyncHttpClient-1-16] DEBUG org.asynchttpclient.netty.channel.ChannelManager - Adding key: http://localhost:37310 for channel [id: 0xf6fe85f0, L:/127.0.0.1:57998 - R:localhost/127.0.0.1:37310]
15:27:21.605 [Forwarding getCurrentWindowHandle on session 04f8498159c70e22186e34ad99c8437b to remote] DEBUG org.asynchttpclient.netty.request.NettyRequestSender - Using pooled Channel '[id: 0xf6fe85f0, L:/127.0.0.1:57998 - R:localhost/127.0.0.1:37310]' for 'GET' to 'http://localhost:37310/session/04f8498159c70e22186e34ad99c8437b/window'
15:27:21.606 [Forwarding getCurrentWindowHandle on session 04f8498159c70e22186e34ad99c8437b to remote] DEBUG org.asynchttpclient.netty.request.NettyRequestSender - Using open Channel [id: 0xf6fe85f0, L:/127.0.0.1:57998 - R:localhost/127.0.0.1:37310] for GET '/session/04f8498159c70e22186e34ad99c8437b/window'
15:27:21.606 [AsyncHttpClient-1-16] DEBUG org.asynchttpclient.netty.handler.HttpHandler - 

Request DefaultFullHttpRequest(decodeResult: success, version: HTTP/1.1, content: EmptyByteBufBE)
GET /session/04f8498159c70e22186e34ad99c8437b/window HTTP/1.1
User-Agent: selenium/4.7.1 (java windows)
Cache-Control: no-cache
Content-Type: application/json; charset=utf-8
host: localhost:37310
accept: */*

Response DefaultHttpResponse(decodeResult: success, version: HTTP/1.1)
HTTP/1.1 200 OK
Content-Type: application/json; charset=utf-8
cache-control: no-cache
content-length: 44

15:27:21.606 [AsyncHttpClient-1-16] DEBUG org.asynchttpclient.netty.channel.ChannelManager - Adding key: http://localhost:37310 for channel [id: 0xf6fe85f0, L:/127.0.0.1:57998 - R:localhost/127.0.0.1:37310]
15:27:21.608 [Forwarding getAlertText on session 04f8498159c70e22186e34ad99c8437b to remote] DEBUG org.asynchttpclient.netty.request.NettyRequestSender - Using pooled Channel '[id: 0xf6fe85f0, L:/127.0.0.1:57998 - R:localhost/127.0.0.1:37310]' for 'GET' to 'http://localhost:37310/session/04f8498159c70e22186e34ad99c8437b/alert/text'
15:27:21.608 [Forwarding getAlertText on session 04f8498159c70e22186e34ad99c8437b to remote] DEBUG org.asynchttpclient.netty.request.NettyRequestSender - Using open Channel [id: 0xf6fe85f0, L:/127.0.0.1:57998 - R:localhost/127.0.0.1:37310] for GET '/session/04f8498159c70e22186e34ad99c8437b/alert/text'
15:27:21.855 [AsyncHttpClient-1-16] DEBUG org.asynchttpclient.netty.handler.HttpHandler - 

Request DefaultFullHttpRequest(decodeResult: success, version: HTTP/1.1, content: EmptyByteBufBE)
GET /session/04f8498159c70e22186e34ad99c8437b/alert/text HTTP/1.1
User-Agent: selenium/4.7.1 (java windows)
Cache-Control: no-cache
Content-Type: application/json; charset=utf-8
host: localhost:37310
accept: */*

Response DefaultHttpResponse(decodeResult: success, version: HTTP/1.1)
HTTP/1.1 404 Not Found
Content-Type: application/json; charset=utf-8
cache-control: no-cache
content-length: 820

15:27:21.855 [AsyncHttpClient-1-16] DEBUG org.asynchttpclient.netty.channel.ChannelManager - Adding key: http://localhost:37310 for channel [id: 0xf6fe85f0, L:/127.0.0.1:57998 - R:localhost/127.0.0.1:37310]
15:27:21.857 [Forwarding switchToWindow on session 04f8498159c70e22186e34ad99c8437b to remote] DEBUG org.asynchttpclient.netty.request.NettyRequestSender - Using pooled Channel '[id: 0xf6fe85f0, L:/127.0.0.1:57998 - R:localhost/127.0.0.1:37310]' for 'POST' to 'http://localhost:37310/session/04f8498159c70e22186e34ad99c8437b/window'
15:27:21.857 [Forwarding switchToWindow on session 04f8498159c70e22186e34ad99c8437b to remote] DEBUG org.asynchttpclient.netty.request.NettyRequestSender - Using open Channel [id: 0xf6fe85f0, L:/127.0.0.1:57998 - R:localhost/127.0.0.1:37310] for POST '/session/04f8498159c70e22186e34ad99c8437b/window'
15:27:21.859 [AsyncHttpClient-1-16] DEBUG org.asynchttpclient.netty.handler.HttpHandler - 

Request DefaultHttpRequest(decodeResult: success, version: HTTP/1.1)
POST /session/04f8498159c70e22186e34ad99c8437b/window HTTP/1.1
User-Agent: selenium/4.7.1 (java windows)
Content-Length: 50
Content-Type: application/json; charset=utf-8
host: localhost:37310
accept: */*

Response DefaultHttpResponse(decodeResult: success, version: HTTP/1.1)
HTTP/1.1 200 OK
Content-Type: application/json; charset=utf-8
cache-control: no-cache
content-length: 14

15:27:21.859 [AsyncHttpClient-1-16] DEBUG org.asynchttpclient.netty.channel.ChannelManager - Adding key: http://localhost:37310 for channel [id: 0xf6fe85f0, L:/127.0.0.1:57998 - R:localhost/127.0.0.1:37310]
15:27:21.860 [Forwarding getCurrentUrl on session 04f8498159c70e22186e34ad99c8437b to remote] DEBUG org.asynchttpclient.netty.request.NettyRequestSender - Using pooled Channel '[id: 0xf6fe85f0, L:/127.0.0.1:57998 - R:localhost/127.0.0.1:37310]' for 'GET' to 'http://localhost:37310/session/04f8498159c70e22186e34ad99c8437b/url'
15:27:21.860 [Forwarding getCurrentUrl on session 04f8498159c70e22186e34ad99c8437b to remote] DEBUG org.asynchttpclient.netty.request.NettyRequestSender - Using open Channel [id: 0xf6fe85f0, L:/127.0.0.1:57998 - R:localhost/127.0.0.1:37310] for GET '/session/04f8498159c70e22186e34ad99c8437b/url'
15:27:21.868 [AsyncHttpClient-1-16] DEBUG org.asynchttpclient.netty.handler.HttpHandler - 

Request DefaultFullHttpRequest(decodeResult: success, version: HTTP/1.1, content: EmptyByteBufBE)
GET /session/04f8498159c70e22186e34ad99c8437b/url HTTP/1.1
User-Agent: selenium/4.7.1 (java windows)
Cache-Control: no-cache
Content-Type: application/json; charset=utf-8
host: localhost:37310
accept: */*

Response DefaultHttpResponse(decodeResult: success, version: HTTP/1.1)
HTTP/1.1 200 OK
Content-Type: application/json; charset=utf-8
cache-control: no-cache
content-length: 51

15:27:21.868 [AsyncHttpClient-1-16] DEBUG org.asynchttpclient.netty.channel.ChannelManager - Adding key: http://localhost:37310 for channel [id: 0xf6fe85f0, L:/127.0.0.1:57998 - R:localhost/127.0.0.1:37310]
15:27:21.869 [Forwarding screenshot on session 04f8498159c70e22186e34ad99c8437b to remote] DEBUG org.asynchttpclient.netty.request.NettyRequestSender - Using pooled Channel '[id: 0xf6fe85f0, L:/127.0.0.1:57998 - R:localhost/127.0.0.1:37310]' for 'GET' to 'http://localhost:37310/session/04f8498159c70e22186e34ad99c8437b/screenshot'
15:27:21.869 [Forwarding screenshot on session 04f8498159c70e22186e34ad99c8437b to remote] DEBUG org.asynchttpclient.netty.request.NettyRequestSender - Using open Channel [id: 0xf6fe85f0, L:/127.0.0.1:57998 - R:localhost/127.0.0.1:37310] for GET '/session/04f8498159c70e22186e34ad99c8437b/screenshot'
15:27:21.953 [AsyncHttpClient-1-16] DEBUG org.asynchttpclient.netty.handler.HttpHandler - 

Request DefaultFullHttpRequest(decodeResult: success, version: HTTP/1.1, content: EmptyByteBufBE)
GET /session/04f8498159c70e22186e34ad99c8437b/screenshot HTTP/1.1
User-Agent: selenium/4.7.1 (java windows)
Cache-Control: no-cache
Content-Type: application/json; charset=utf-8
host: localhost:37310
accept: */*

Response DefaultHttpResponse(decodeResult: success, version: HTTP/1.1)
HTTP/1.1 200 OK
Content-Type: application/json; charset=utf-8
cache-control: no-cache
content-length: 26172

15:27:21.954 [AsyncHttpClient-1-16] DEBUG org.asynchttpclient.netty.channel.ChannelManager - Adding key: http://localhost:37310 for channel [id: 0xf6fe85f0, L:/127.0.0.1:57998 - R:localhost/127.0.0.1:37310]
15:27:21.956 [main] DEBUG net.serenitybdd.core.photography.Darkroom - Send negative for processing for target\site\serenity\f035198f28bcaf95684f4b1a3b9e5d031fc0873bb044f55c4913aef571773aa0.png
15:27:21.956 [main] DEBUG net.thucydides.core.steps.StepInterceptor - STEP DONE: klikButtonLogin
  &amp#27;[32mWhen &amp#27;[0m&amp#27;[32muser klik button login&amp#27;[0m                                     &amp#27;[90m# starter.stepdefinitions.LoginSteps.userKlikButtonLogin()&amp#27;[0m
15:27:21.969 [main] DEBUG net.thucydides.core.steps.StepInterceptor - STARTING STEP: RegisterSteps.userKlikRegister - klikLinkRegister
15:27:21.971 [Forwarding findElement on session 04f8498159c70e22186e34ad99c8437b to remote] DEBUG org.asynchttpclient.netty.request.NettyRequestSender - Using pooled Channel '[id: 0xf6fe85f0, L:/127.0.0.1:57998 - R:localhost/127.0.0.1:37310]' for 'POST' to 'http://localhost:37310/session/04f8498159c70e22186e34ad99c8437b/element'
15:27:21.971 [Forwarding findElement on session 04f8498159c70e22186e34ad99c8437b to remote] DEBUG org.asynchttpclient.netty.request.NettyRequestSender - Using open Channel [id: 0xf6fe85f0, L:/127.0.0.1:57998 - R:localhost/127.0.0.1:37310] for POST '/session/04f8498159c70e22186e34ad99c8437b/element'
15:27:21.985 [AsyncHttpClient-1-16] DEBUG org.asynchttpclient.netty.handler.HttpHandler - 

Request DefaultHttpRequest(decodeResult: success, version: HTTP/1.1)
POST /session/04f8498159c70e22186e34ad99c8437b/element HTTP/1.1
User-Agent: selenium/4.7.1 (java windows)
Content-Length: 84
Content-Type: application/json; charset=utf-8
host: localhost:37310
accept: */*

Response DefaultHttpResponse(decodeResult: success, version: HTTP/1.1)
HTTP/1.1 200 OK
Content-Type: application/json; charset=utf-8
cache-control: no-cache
content-length: 94

15:27:21.985 [AsyncHttpClient-1-16] DEBUG org.asynchttpclient.netty.channel.ChannelManager - Adding key: http://localhost:37310 for channel [id: 0xf6fe85f0, L:/127.0.0.1:57998 - R:localhost/127.0.0.1:37310]
15:27:21.986 [Forwarding getElementTagName on session 04f8498159c70e22186e34ad99c8437b to remote] DEBUG org.asynchttpclient.netty.request.NettyRequestSender - Using pooled Channel '[id: 0xf6fe85f0, L:/127.0.0.1:57998 - R:localhost/127.0.0.1:37310]' for 'GET' to 'http://localhost:37310/session/04f8498159c70e22186e34ad99c8437b/element/2565B44AF53B01678A332479A19C8EEC_element_8/name'
15:27:21.986 [Forwarding getElementTagName on session 04f8498159c70e22186e34ad99c8437b to remote] DEBUG org.asynchttpclient.netty.request.NettyRequestSender - Using open Channel [id: 0xf6fe85f0, L:/127.0.0.1:57998 - R:localhost/127.0.0.1:37310] for GET '/session/04f8498159c70e22186e34ad99c8437b/element/2565B44AF53B01678A332479A19C8EEC_element_8/name'
15:27:21.991 [AsyncHttpClient-1-16] DEBUG org.asynchttpclient.netty.handler.HttpHandler - 

Request DefaultFullHttpRequest(decodeResult: success, version: HTTP/1.1, content: EmptyByteBufBE)
GET /session/04f8498159c70e22186e34ad99c8437b/element/2565B44AF53B01678A332479A19C8EEC_element_8/name HTTP/1.1
User-Agent: selenium/4.7.1 (java windows)
Cache-Control: no-cache
Content-Type: application/json; charset=utf-8
host: localhost:37310
accept: */*

Response DefaultHttpResponse(decodeResult: success, version: HTTP/1.1)
HTTP/1.1 200 OK
Content-Type: application/json; charset=utf-8
cache-control: no-cache
content-length: 13

15:27:21.991 [AsyncHttpClient-1-16] DEBUG org.asynchttpclient.netty.channel.ChannelManager - Adding key: http://localhost:37310 for channel [id: 0xf6fe85f0, L:/127.0.0.1:57998 - R:localhost/127.0.0.1:37310]
15:27:21.992 [Forwarding getElementTagName on session 04f8498159c70e22186e34ad99c8437b to remote] DEBUG org.asynchttpclient.netty.request.NettyRequestSender - Using pooled Channel '[id: 0xf6fe85f0, L:/127.0.0.1:57998 - R:localhost/127.0.0.1:37310]' for 'GET' to 'http://localhost:37310/session/04f8498159c70e22186e34ad99c8437b/element/2565B44AF53B01678A332479A19C8EEC_element_8/name'
15:27:21.992 [Forwarding getElementTagName on session 04f8498159c70e22186e34ad99c8437b to remote] DEBUG org.asynchttpclient.netty.request.NettyRequestSender - Using open Channel [id: 0xf6fe85f0, L:/127.0.0.1:57998 - R:localhost/127.0.0.1:37310] for GET '/session/04f8498159c70e22186e34ad99c8437b/element/2565B44AF53B01678A332479A19C8EEC_element_8/name'
15:27:21.997 [AsyncHttpClient-1-16] DEBUG org.asynchttpclient.netty.handler.HttpHandler - 

Request DefaultFullHttpRequest(decodeResult: success, version: HTTP/1.1, content: EmptyByteBufBE)
GET /session/04f8498159c70e22186e34ad99c8437b/element/2565B44AF53B01678A332479A19C8EEC_element_8/name HTTP/1.1
User-Agent: selenium/4.7.1 (java windows)
Cache-Control: no-cache
Content-Type: application/json; charset=utf-8
host: localhost:37310
accept: */*

Response DefaultHttpResponse(decodeResult: success, version: HTTP/1.1)
HTTP/1.1 200 OK
Content-Type: application/json; charset=utf-8
cache-control: no-cache
content-length: 13

15:27:21.997 [AsyncHttpClient-1-16] DEBUG org.asynchttpclient.netty.channel.ChannelManager - Adding key: http://localhost:37310 for channel [id: 0xf6fe85f0, L:/127.0.0.1:57998 - R:localhost/127.0.0.1:37310]
15:27:21.998 [Forwarding findElement on session 04f8498159c70e22186e34ad99c8437b to remote] DEBUG org.asynchttpclient.netty.request.NettyRequestSender - Using pooled Channel '[id: 0xf6fe85f0, L:/127.0.0.1:57998 - R:localhost/127.0.0.1:37310]' for 'POST' to 'http://localhost:37310/session/04f8498159c70e22186e34ad99c8437b/element'
15:27:21.999 [Forwarding findElement on session 04f8498159c70e22186e34ad99c8437b to remote] DEBUG org.asynchttpclient.netty.request.NettyRequestSender - Using open Channel [id: 0xf6fe85f0, L:/127.0.0.1:57998 - R:localhost/127.0.0.1:37310] for POST '/session/04f8498159c70e22186e34ad99c8437b/element'
15:27:22.008 [AsyncHttpClient-1-16] DEBUG org.asynchttpclient.netty.handler.HttpHandler - 

Request DefaultHttpRequest(decodeResult: success, version: HTTP/1.1)
POST /session/04f8498159c70e22186e34ad99c8437b/element HTTP/1.1
User-Agent: selenium/4.7.1 (java windows)
Content-Length: 84
Content-Type: application/json; charset=utf-8
host: localhost:37310
accept: */*

Response DefaultHttpResponse(decodeResult: success, version: HTTP/1.1)
HTTP/1.1 200 OK
Content-Type: application/json; charset=utf-8
cache-control: no-cache
content-length: 94

15:27:22.008 [AsyncHttpClient-1-16] DEBUG org.asynchttpclient.netty.channel.ChannelManager - Adding key: http://localhost:37310 for channel [id: 0xf6fe85f0, L:/127.0.0.1:57998 - R:localhost/127.0.0.1:37310]
15:27:22.009 [Forwarding clickElement on session 04f8498159c70e22186e34ad99c8437b to remote] DEBUG org.asynchttpclient.netty.request.NettyRequestSender - Using pooled Channel '[id: 0xf6fe85f0, L:/127.0.0.1:57998 - R:localhost/127.0.0.1:37310]' for 'POST' to 'http://localhost:37310/session/04f8498159c70e22186e34ad99c8437b/element/2565B44AF53B01678A332479A19C8EEC_element_8/click'
15:27:22.009 [Forwarding clickElement on session 04f8498159c70e22186e34ad99c8437b to remote] DEBUG org.asynchttpclient.netty.request.NettyRequestSender - Using open Channel [id: 0xf6fe85f0, L:/127.0.0.1:57998 - R:localhost/127.0.0.1:37310] for POST '/session/04f8498159c70e22186e34ad99c8437b/element/2565B44AF53B01678A332479A19C8EEC_element_8/click'
15:27:22.049 [AsyncHttpClient-1-16] DEBUG org.asynchttpclient.netty.handler.HttpHandler - 

Request DefaultHttpRequest(decodeResult: success, version: HTTP/1.1)
POST /session/04f8498159c70e22186e34ad99c8437b/element/2565B44AF53B01678A332479A19C8EEC_element_8/click HTTP/1.1
User-Agent: selenium/4.7.1 (java windows)
Content-Length: 56
Content-Type: application/json; charset=utf-8
host: localhost:37310
accept: */*

Response DefaultHttpResponse(decodeResult: success, version: HTTP/1.1)
HTTP/1.1 200 OK
Content-Type: application/json; charset=utf-8
cache-control: no-cache
content-length: 14

15:27:22.049 [AsyncHttpClient-1-16] DEBUG org.asynchttpclient.netty.channel.ChannelManager - Adding key: http://localhost:37310 for channel [id: 0xf6fe85f0, L:/127.0.0.1:57998 - R:localhost/127.0.0.1:37310]
15:27:22.057 [Forwarding getCurrentWindowHandle on session 04f8498159c70e22186e34ad99c8437b to remote] DEBUG org.asynchttpclient.netty.request.NettyRequestSender - Using pooled Channel '[id: 0xf6fe85f0, L:/127.0.0.1:57998 - R:localhost/127.0.0.1:37310]' for 'GET' to 'http://localhost:37310/session/04f8498159c70e22186e34ad99c8437b/window'
15:27:22.057 [Forwarding getCurrentWindowHandle on session 04f8498159c70e22186e34ad99c8437b to remote] DEBUG org.asynchttpclient.netty.request.NettyRequestSender - Using open Channel [id: 0xf6fe85f0, L:/127.0.0.1:57998 - R:localhost/127.0.0.1:37310] for GET '/session/04f8498159c70e22186e34ad99c8437b/window'
15:27:22.058 [AsyncHttpClient-1-16] DEBUG org.asynchttpclient.netty.handler.HttpHandler - 

Request DefaultFullHttpRequest(decodeResult: success, version: HTTP/1.1, content: EmptyByteBufBE)
GET /session/04f8498159c70e22186e34ad99c8437b/window HTTP/1.1
User-Agent: selenium/4.7.1 (java windows)
Cache-Control: no-cache
Content-Type: application/json; charset=utf-8
host: localhost:37310
accept: */*

Response DefaultHttpResponse(decodeResult: success, version: HTTP/1.1)
HTTP/1.1 200 OK
Content-Type: application/json; charset=utf-8
cache-control: no-cache
content-length: 44

15:27:22.059 [AsyncHttpClient-1-16] DEBUG org.asynchttpclient.netty.channel.ChannelManager - Adding key: http://localhost:37310 for channel [id: 0xf6fe85f0, L:/127.0.0.1:57998 - R:localhost/127.0.0.1:37310]
15:27:22.060 [Forwarding getAlertText on session 04f8498159c70e22186e34ad99c8437b to remote] DEBUG org.asynchttpclient.netty.request.NettyRequestSender - Using pooled Channel '[id: 0xf6fe85f0, L:/127.0.0.1:57998 - R:localhost/127.0.0.1:37310]' for 'GET' to 'http://localhost:37310/session/04f8498159c70e22186e34ad99c8437b/alert/text'
15:27:22.060 [Forwarding getAlertText on session 04f8498159c70e22186e34ad99c8437b to remote] DEBUG org.asynchttpclient.netty.request.NettyRequestSender - Using open Channel [id: 0xf6fe85f0, L:/127.0.0.1:57998 - R:localhost/127.0.0.1:37310] for GET '/session/04f8498159c70e22186e34ad99c8437b/alert/text'
15:27:22.074 [AsyncHttpClient-1-16] DEBUG org.asynchttpclient.netty.handler.HttpHandler - 

Request DefaultFullHttpRequest(decodeResult: success, version: HTTP/1.1, content: EmptyByteBufBE)
GET /session/04f8498159c70e22186e34ad99c8437b/alert/text HTTP/1.1
User-Agent: selenium/4.7.1 (java windows)
Cache-Control: no-cache
Content-Type: application/json; charset=utf-8
host: localhost:37310
accept: */*

Response DefaultHttpResponse(decodeResult: success, version: HTTP/1.1)
HTTP/1.1 404 Not Found
Content-Type: application/json; charset=utf-8
cache-control: no-cache
content-length: 820

15:27:22.075 [AsyncHttpClient-1-16] DEBUG org.asynchttpclient.netty.channel.ChannelManager - Adding key: http://localhost:37310 for channel [id: 0xf6fe85f0, L:/127.0.0.1:57998 - R:localhost/127.0.0.1:37310]
15:27:22.077 [Forwarding switchToWindow on session 04f8498159c70e22186e34ad99c8437b to remote] DEBUG org.asynchttpclient.netty.request.NettyRequestSender - Using pooled Channel '[id: 0xf6fe85f0, L:/127.0.0.1:57998 - R:localhost/127.0.0.1:37310]' for 'POST' to 'http://localhost:37310/session/04f8498159c70e22186e34ad99c8437b/window'
15:27:22.078 [Forwarding switchToWindow on session 04f8498159c70e22186e34ad99c8437b to remote] DEBUG org.asynchttpclient.netty.request.NettyRequestSender - Using open Channel [id: 0xf6fe85f0, L:/127.0.0.1:57998 - R:localhost/127.0.0.1:37310] for POST '/session/04f8498159c70e22186e34ad99c8437b/window'
15:27:22.080 [AsyncHttpClient-1-16] DEBUG org.asynchttpclient.netty.handler.HttpHandler - 

Request DefaultHttpRequest(decodeResult: success, version: HTTP/1.1)
POST /session/04f8498159c70e22186e34ad99c8437b/window HTTP/1.1
User-Agent: selenium/4.7.1 (java windows)
Content-Length: 50
Content-Type: application/json; charset=utf-8
host: localhost:37310
accept: */*

Response DefaultHttpResponse(decodeResult: success, version: HTTP/1.1)
HTTP/1.1 200 OK
Content-Type: application/json; charset=utf-8
cache-control: no-cache
content-length: 14

15:27:22.080 [AsyncHttpClient-1-16] DEBUG org.asynchttpclient.netty.channel.ChannelManager - Adding key: http://localhost:37310 for channel [id: 0xf6fe85f0, L:/127.0.0.1:57998 - R:localhost/127.0.0.1:37310]
15:27:22.080 [Forwarding getCurrentUrl on session 04f8498159c70e22186e34ad99c8437b to remote] DEBUG org.asynchttpclient.netty.request.NettyRequestSender - Using pooled Channel '[id: 0xf6fe85f0, L:/127.0.0.1:57998 - R:localhost/127.0.0.1:37310]' for 'GET' to 'http://localhost:37310/session/04f8498159c70e22186e34ad99c8437b/url'
15:27:22.081 [Forwarding getCurrentUrl on session 04f8498159c70e22186e34ad99c8437b to remote] DEBUG org.asynchttpclient.netty.request.NettyRequestSender - Using open Channel [id: 0xf6fe85f0, L:/127.0.0.1:57998 - R:localhost/127.0.0.1:37310] for GET '/session/04f8498159c70e22186e34ad99c8437b/url'
15:27:22.087 [AsyncHttpClient-1-16] DEBUG org.asynchttpclient.netty.handler.HttpHandler - 

Request DefaultFullHttpRequest(decodeResult: success, version: HTTP/1.1, content: EmptyByteBufBE)
GET /session/04f8498159c70e22186e34ad99c8437b/url HTTP/1.1
User-Agent: selenium/4.7.1 (java windows)
Cache-Control: no-cache
Content-Type: application/json; charset=utf-8
host: localhost:37310
accept: */*

Response DefaultHttpResponse(decodeResult: success, version: HTTP/1.1)
HTTP/1.1 200 OK
Content-Type: application/json; charset=utf-8
cache-control: no-cache
content-length: 54

15:27:22.087 [AsyncHttpClient-1-16] DEBUG org.asynchttpclient.netty.channel.ChannelManager - Adding key: http://localhost:37310 for channel [id: 0xf6fe85f0, L:/127.0.0.1:57998 - R:localhost/127.0.0.1:37310]
15:27:22.088 [Forwarding screenshot on session 04f8498159c70e22186e34ad99c8437b to remote] DEBUG org.asynchttpclient.netty.request.NettyRequestSender - Using pooled Channel '[id: 0xf6fe85f0, L:/127.0.0.1:57998 - R:localhost/127.0.0.1:37310]' for 'GET' to 'http://localhost:37310/session/04f8498159c70e22186e34ad99c8437b/screenshot'
15:27:22.088 [Forwarding screenshot on session 04f8498159c70e22186e34ad99c8437b to remote] DEBUG org.asynchttpclient.netty.request.NettyRequestSender - Using open Channel [id: 0xf6fe85f0, L:/127.0.0.1:57998 - R:localhost/127.0.0.1:37310] for GET '/session/04f8498159c70e22186e34ad99c8437b/screenshot'
15:27:22.232 [AsyncHttpClient-1-16] DEBUG org.asynchttpclient.netty.handler.HttpHandler - 

Request DefaultFullHttpRequest(decodeResult: success, version: HTTP/1.1, content: EmptyByteBufBE)
GET /session/04f8498159c70e22186e34ad99c8437b/screenshot HTTP/1.1
User-Agent: selenium/4.7.1 (java windows)
Cache-Control: no-cache
Content-Type: application/json; charset=utf-8
host: localhost:37310
accept: */*

Response DefaultHttpResponse(decodeResult: success, version: HTTP/1.1)
HTTP/1.1 200 OK
Content-Type: application/json; charset=utf-8
cache-control: no-cache
content-length: 30620

15:27:22.232 [AsyncHttpClient-1-16] DEBUG org.asynchttpclient.netty.channel.ChannelManager - Adding key: http://localhost:37310 for channel [id: 0xf6fe85f0, L:/127.0.0.1:57998 - R:localhost/127.0.0.1:37310]
15:27:22.234 [main] DEBUG net.serenitybdd.core.photography.Darkroom - Send negative for processing for target\site\serenity\62558e9b8a2065e6f98754b998c86f58362df773f47d0822800f34643bbac779.png
15:27:22.234 [main] DEBUG net.thucydides.core.steps.StepInterceptor - STEP DONE: klikLinkRegister
  &amp#27;[32mThen &amp#27;[0m&amp#27;[32muser klik register&amp#27;[0m                                         &amp#27;[90m# starter.stepdefinitions.RegisterSteps.userKlikRegister()&amp#27;[0m
15:27:22.246 [main] DEBUG net.thucydides.core.steps.StepInterceptor - STARTING STEP: RegisterSteps.userInputNamaLengkap - inputNamaLengkap
15:27:22.247 [Forwarding findElement on session 04f8498159c70e22186e34ad99c8437b to remote] DEBUG org.asynchttpclient.netty.request.NettyRequestSender - Using pooled Channel '[id: 0xf6fe85f0, L:/127.0.0.1:57998 - R:localhost/127.0.0.1:37310]' for 'POST' to 'http://localhost:37310/session/04f8498159c70e22186e34ad99c8437b/element'
15:27:22.247 [Forwarding findElement on session 04f8498159c70e22186e34ad99c8437b to remote] DEBUG org.asynchttpclient.netty.request.NettyRequestSender - Using open Channel [id: 0xf6fe85f0, L:/127.0.0.1:57998 - R:localhost/127.0.0.1:37310] for POST '/session/04f8498159c70e22186e34ad99c8437b/element'
15:27:22.251 [AsyncHttpClient-1-1] DEBUG org.asynchttpclient.netty.channel.DefaultChannelPool - Entry count for : http://localhost:57999 : 1
15:27:22.263 [AsyncHttpClient-1-16] DEBUG org.asynchttpclient.netty.handler.HttpHandler - 

Request DefaultHttpRequest(decodeResult: success, version: HTTP/1.1)
POST /session/04f8498159c70e22186e34ad99c8437b/element HTTP/1.1
User-Agent: selenium/4.7.1 (java windows)
Content-Length: 187
Content-Type: application/json; charset=utf-8
host: localhost:37310
accept: */*

Response DefaultHttpResponse(decodeResult: success, version: HTTP/1.1)
HTTP/1.1 200 OK
Content-Type: application/json; charset=utf-8
cache-control: no-cache
content-length: 94

15:27:22.264 [AsyncHttpClient-1-16] DEBUG org.asynchttpclient.netty.channel.ChannelManager - Adding key: http://localhost:37310 for channel [id: 0xf6fe85f0, L:/127.0.0.1:57998 - R:localhost/127.0.0.1:37310]
15:27:22.264 [Forwarding clearElement on session 04f8498159c70e22186e34ad99c8437b to remote] DEBUG org.asynchttpclient.netty.request.NettyRequestSender - Using pooled Channel '[id: 0xf6fe85f0, L:/127.0.0.1:57998 - R:localhost/127.0.0.1:37310]' for 'POST' to 'http://localhost:37310/session/04f8498159c70e22186e34ad99c8437b/element/2565B44AF53B01678A332479A19C8EEC_element_9/clear'
15:27:22.265 [Forwarding clearElement on session 04f8498159c70e22186e34ad99c8437b to remote] DEBUG org.asynchttpclient.netty.request.NettyRequestSender - Using open Channel [id: 0xf6fe85f0, L:/127.0.0.1:57998 - R:localhost/127.0.0.1:37310] for POST '/session/04f8498159c70e22186e34ad99c8437b/element/2565B44AF53B01678A332479A19C8EEC_element_9/clear'
15:27:22.306 [AsyncHttpClient-1-16] DEBUG org.asynchttpclient.netty.handler.HttpHandler - 

Request DefaultHttpRequest(decodeResult: success, version: HTTP/1.1)
POST /session/04f8498159c70e22186e34ad99c8437b/element/2565B44AF53B01678A332479A19C8EEC_element_9/clear HTTP/1.1
User-Agent: selenium/4.7.1 (java windows)
Content-Length: 56
Content-Type: application/json; charset=utf-8
host: localhost:37310
accept: */*

Response DefaultHttpResponse(decodeResult: success, version: HTTP/1.1)
HTTP/1.1 200 OK
Content-Type: application/json; charset=utf-8
cache-control: no-cache
content-length: 14

15:27:22.306 [AsyncHttpClient-1-16] DEBUG org.asynchttpclient.netty.channel.ChannelManager - Adding key: http://localhost:37310 for channel [id: 0xf6fe85f0, L:/127.0.0.1:57998 - R:localhost/127.0.0.1:37310]
15:27:22.308 [Forwarding sendKeysToElement on session 04f8498159c70e22186e34ad99c8437b to remote] DEBUG org.asynchttpclient.netty.request.NettyRequestSender - Using pooled Channel '[id: 0xf6fe85f0, L:/127.0.0.1:57998 - R:localhost/127.0.0.1:37310]' for 'POST' to 'http://localhost:37310/session/04f8498159c70e22186e34ad99c8437b/element/2565B44AF53B01678A332479A19C8EEC_element_9/value'
15:27:22.308 [Forwarding sendKeysToElement on session 04f8498159c70e22186e34ad99c8437b to remote] DEBUG org.asynchttpclient.netty.request.NettyRequestSender - Using open Channel [id: 0xf6fe85f0, L:/127.0.0.1:57998 - R:localhost/127.0.0.1:37310] for POST '/session/04f8498159c70e22186e34ad99c8437b/element/2565B44AF53B01678A332479A19C8EEC_element_9/value'
15:27:22.416 [AsyncHttpClient-1-16] DEBUG org.asynchttpclient.netty.handler.HttpHandler - 

Request DefaultHttpRequest(decodeResult: success, version: HTTP/1.1)
POST /session/04f8498159c70e22186e34ad99c8437b/element/2565B44AF53B01678A332479A19C8EEC_element_9/value HTTP/1.1
User-Agent: selenium/4.7.1 (java windows)
Content-Length: 207
Content-Type: application/json; charset=utf-8
host: localhost:37310
accept: */*

Response DefaultHttpResponse(decodeResult: success, version: HTTP/1.1)
HTTP/1.1 200 OK
Content-Type: application/json; charset=utf-8
cache-control: no-cache
content-length: 14

15:27:22.417 [AsyncHttpClient-1-16] DEBUG org.asynchttpclient.netty.channel.ChannelManager - Adding key: http://localhost:37310 for channel [id: 0xf6fe85f0, L:/127.0.0.1:57998 - R:localhost/127.0.0.1:37310]
15:27:22.424 [Forwarding getCurrentWindowHandle on session 04f8498159c70e22186e34ad99c8437b to remote] DEBUG org.asynchttpclient.netty.request.NettyRequestSender - Using pooled Channel '[id: 0xf6fe85f0, L:/127.0.0.1:57998 - R:localhost/127.0.0.1:37310]' for 'GET' to 'http://localhost:37310/session/04f8498159c70e22186e34ad99c8437b/window'
15:27:22.424 [Forwarding getCurrentWindowHandle on session 04f8498159c70e22186e34ad99c8437b to remote] DEBUG org.asynchttpclient.netty.request.NettyRequestSender - Using open Channel [id: 0xf6fe85f0, L:/127.0.0.1:57998 - R:localhost/127.0.0.1:37310] for GET '/session/04f8498159c70e22186e34ad99c8437b/window'
15:27:22.424 [AsyncHttpClient-1-16] DEBUG org.asynchttpclient.netty.handler.HttpHandler - 

Request DefaultFullHttpRequest(decodeResult: success, version: HTTP/1.1, content: EmptyByteBufBE)
GET /session/04f8498159c70e22186e34ad99c8437b/window HTTP/1.1
User-Agent: selenium/4.7.1 (java windows)
Cache-Control: no-cache
Content-Type: application/json; charset=utf-8
host: localhost:37310
accept: */*

Response DefaultHttpResponse(decodeResult: success, version: HTTP/1.1)
HTTP/1.1 200 OK
Content-Type: application/json; charset=utf-8
cache-control: no-cache
content-length: 44

15:27:22.424 [AsyncHttpClient-1-16] DEBUG org.asynchttpclient.netty.channel.ChannelManager - Adding key: http://localhost:37310 for channel [id: 0xf6fe85f0, L:/127.0.0.1:57998 - R:localhost/127.0.0.1:37310]
15:27:22.425 [Forwarding getAlertText on session 04f8498159c70e22186e34ad99c8437b to remote] DEBUG org.asynchttpclient.netty.request.NettyRequestSender - Using pooled Channel '[id: 0xf6fe85f0, L:/127.0.0.1:57998 - R:localhost/127.0.0.1:37310]' for 'GET' to 'http://localhost:37310/session/04f8498159c70e22186e34ad99c8437b/alert/text'
15:27:22.425 [Forwarding getAlertText on session 04f8498159c70e22186e34ad99c8437b to remote] DEBUG org.asynchttpclient.netty.request.NettyRequestSender - Using open Channel [id: 0xf6fe85f0, L:/127.0.0.1:57998 - R:localhost/127.0.0.1:37310] for GET '/session/04f8498159c70e22186e34ad99c8437b/alert/text'
15:27:22.427 [AsyncHttpClient-1-16] DEBUG org.asynchttpclient.netty.handler.HttpHandler - 

Request DefaultFullHttpRequest(decodeResult: success, version: HTTP/1.1, content: EmptyByteBufBE)
GET /session/04f8498159c70e22186e34ad99c8437b/alert/text HTTP/1.1
User-Agent: selenium/4.7.1 (java windows)
Cache-Control: no-cache
Content-Type: application/json; charset=utf-8
host: localhost:37310
accept: */*

Response DefaultHttpResponse(decodeResult: success, version: HTTP/1.1)
HTTP/1.1 404 Not Found
Content-Type: application/json; charset=utf-8
cache-control: no-cache
content-length: 820

15:27:22.427 [AsyncHttpClient-1-16] DEBUG org.asynchttpclient.netty.channel.ChannelManager - Adding key: http://localhost:37310 for channel [id: 0xf6fe85f0, L:/127.0.0.1:57998 - R:localhost/127.0.0.1:37310]
15:27:22.428 [Forwarding switchToWindow on session 04f8498159c70e22186e34ad99c8437b to remote] DEBUG org.asynchttpclient.netty.request.NettyRequestSender - Using pooled Channel '[id: 0xf6fe85f0, L:/127.0.0.1:57998 - R:localhost/127.0.0.1:37310]' for 'POST' to 'http://localhost:37310/session/04f8498159c70e22186e34ad99c8437b/window'
15:27:22.428 [Forwarding switchToWindow on session 04f8498159c70e22186e34ad99c8437b to remote] DEBUG org.asynchttpclient.netty.request.NettyRequestSender - Using open Channel [id: 0xf6fe85f0, L:/127.0.0.1:57998 - R:localhost/127.0.0.1:37310] for POST '/session/04f8498159c70e22186e34ad99c8437b/window'
15:27:22.430 [AsyncHttpClient-1-16] DEBUG org.asynchttpclient.netty.handler.HttpHandler - 

Request DefaultHttpRequest(decodeResult: success, version: HTTP/1.1)
POST /session/04f8498159c70e22186e34ad99c8437b/window HTTP/1.1
User-Agent: selenium/4.7.1 (java windows)
Content-Length: 50
Content-Type: application/json; charset=utf-8
host: localhost:37310
accept: */*

Response DefaultHttpResponse(decodeResult: success, version: HTTP/1.1)
HTTP/1.1 200 OK
Content-Type: application/json; charset=utf-8
cache-control: no-cache
content-length: 14

15:27:22.430 [AsyncHttpClient-1-16] DEBUG org.asynchttpclient.netty.channel.ChannelManager - Adding key: http://localhost:37310 for channel [id: 0xf6fe85f0, L:/127.0.0.1:57998 - R:localhost/127.0.0.1:37310]
15:27:22.430 [Forwarding getCurrentUrl on session 04f8498159c70e22186e34ad99c8437b to remote] DEBUG org.asynchttpclient.netty.request.NettyRequestSender - Using pooled Channel '[id: 0xf6fe85f0, L:/127.0.0.1:57998 - R:localhost/127.0.0.1:37310]' for 'GET' to 'http://localhost:37310/session/04f8498159c70e22186e34ad99c8437b/url'
15:27:22.430 [Forwarding getCurrentUrl on session 04f8498159c70e22186e34ad99c8437b to remote] DEBUG org.asynchttpclient.netty.request.NettyRequestSender - Using open Channel [id: 0xf6fe85f0, L:/127.0.0.1:57998 - R:localhost/127.0.0.1:37310] for GET '/session/04f8498159c70e22186e34ad99c8437b/url'
15:27:22.434 [AsyncHttpClient-1-16] DEBUG org.asynchttpclient.netty.handler.HttpHandler - 

Request DefaultFullHttpRequest(decodeResult: success, version: HTTP/1.1, content: EmptyByteBufBE)
GET /session/04f8498159c70e22186e34ad99c8437b/url HTTP/1.1
User-Agent: selenium/4.7.1 (java windows)
Cache-Control: no-cache
Content-Type: application/json; charset=utf-8
host: localhost:37310
accept: */*

Response DefaultHttpResponse(decodeResult: success, version: HTTP/1.1)
HTTP/1.1 200 OK
Content-Type: application/json; charset=utf-8
cache-control: no-cache
content-length: 54

15:27:22.434 [AsyncHttpClient-1-16] DEBUG org.asynchttpclient.netty.channel.ChannelManager - Adding key: http://localhost:37310 for channel [id: 0xf6fe85f0, L:/127.0.0.1:57998 - R:localhost/127.0.0.1:37310]
15:27:22.435 [Forwarding screenshot on session 04f8498159c70e22186e34ad99c8437b to remote] DEBUG org.asynchttpclient.netty.request.NettyRequestSender - Using pooled Channel '[id: 0xf6fe85f0, L:/127.0.0.1:57998 - R:localhost/127.0.0.1:37310]' for 'GET' to 'http://localhost:37310/session/04f8498159c70e22186e34ad99c8437b/screenshot'
15:27:22.435 [Forwarding screenshot on session 04f8498159c70e22186e34ad99c8437b to remote] DEBUG org.asynchttpclient.netty.request.NettyRequestSender - Using open Channel [id: 0xf6fe85f0, L:/127.0.0.1:57998 - R:localhost/127.0.0.1:37310] for GET '/session/04f8498159c70e22186e34ad99c8437b/screenshot'
15:27:22.572 [AsyncHttpClient-1-16] DEBUG org.asynchttpclient.netty.handler.HttpHandler - 

Request DefaultFullHttpRequest(decodeResult: success, version: HTTP/1.1, content: EmptyByteBufBE)
GET /session/04f8498159c70e22186e34ad99c8437b/screenshot HTTP/1.1
User-Agent: selenium/4.7.1 (java windows)
Cache-Control: no-cache
Content-Type: application/json; charset=utf-8
host: localhost:37310
accept: */*

Response DefaultHttpResponse(decodeResult: success, version: HTTP/1.1)
HTTP/1.1 200 OK
Content-Type: application/json; charset=utf-8
cache-control: no-cache
content-length: 31376

15:27:22.572 [AsyncHttpClient-1-16] DEBUG org.asynchttpclient.netty.channel.ChannelManager - Adding key: http://localhost:37310 for channel [id: 0xf6fe85f0, L:/127.0.0.1:57998 - R:localhost/127.0.0.1:37310]
15:27:22.573 [main] DEBUG net.serenitybdd.core.photography.Darkroom - Send negative for processing for target\site\serenity\5f9d75bea6d94e4df572bf9f5ba0b1150bac283cf63936d15065764164e33272.png
15:27:22.574 [main] DEBUG net.thucydides.core.steps.StepInterceptor - STEP DONE: inputNamaLengkap
  &amp#27;[32mAnd &amp#27;[0m&amp#27;[32muser input nama lengkap&amp#27;[0m                                     &amp#27;[90m# starter.stepdefinitions.RegisterSteps.userInputNamaLengkap()&amp#27;[0m
15:27:22.574 [Darkroom Processing Line] DEBUG net.serenitybdd.core.photography.DarkroomProcessingLine - Processing screenshot image in /var/screenshots/screenshot-7045855384397526048
15:27:22.574 [Darkroom Processing Line] DEBUG net.serenitybdd.core.photography.DarkroomProcessingLine - Saving screenshot to target\site\serenity\5f9d75bea6d94e4df572bf9f5ba0b1150bac283cf63936d15065764164e33272.png
15:27:22.582 [main] DEBUG net.thucydides.core.steps.StepInterceptor - STARTING STEP: RegisterSteps.userInputEmailUntukRegisterYangBelumPernahTerdaftar - inputEmail
15:27:22.584 [Forwarding findElement on session 04f8498159c70e22186e34ad99c8437b to remote] DEBUG org.asynchttpclient.netty.request.NettyRequestSender - Using pooled Channel '[id: 0xf6fe85f0, L:/127.0.0.1:57998 - R:localhost/127.0.0.1:37310]' for 'POST' to 'http://localhost:37310/session/04f8498159c70e22186e34ad99c8437b/element'
15:27:22.584 [Forwarding findElement on session 04f8498159c70e22186e34ad99c8437b to remote] DEBUG org.asynchttpclient.netty.request.NettyRequestSender - Using open Channel [id: 0xf6fe85f0, L:/127.0.0.1:57998 - R:localhost/127.0.0.1:37310] for POST '/session/04f8498159c70e22186e34ad99c8437b/element'
15:27:22.602 [AsyncHttpClient-1-16] DEBUG org.asynchttpclient.netty.handler.HttpHandler - 

Request DefaultHttpRequest(decodeResult: success, version: HTTP/1.1)
POST /session/04f8498159c70e22186e34ad99c8437b/element HTTP/1.1
User-Agent: selenium/4.7.1 (java windows)
Content-Length: 187
Content-Type: application/json; charset=utf-8
host: localhost:37310
accept: */*

Response DefaultHttpResponse(decodeResult: success, version: HTTP/1.1)
HTTP/1.1 200 OK
Content-Type: application/json; charset=utf-8
cache-control: no-cache
content-length: 95

15:27:22.602 [AsyncHttpClient-1-16] DEBUG org.asynchttpclient.netty.channel.ChannelManager - Adding key: http://localhost:37310 for channel [id: 0xf6fe85f0, L:/127.0.0.1:57998 - R:localhost/127.0.0.1:37310]
15:27:22.603 [Forwarding clearElement on session 04f8498159c70e22186e34ad99c8437b to remote] DEBUG org.asynchttpclient.netty.request.NettyRequestSender - Using pooled Channel '[id: 0xf6fe85f0, L:/127.0.0.1:57998 - R:localhost/127.0.0.1:37310]' for 'POST' to 'http://localhost:37310/session/04f8498159c70e22186e34ad99c8437b/element/2565B44AF53B01678A332479A19C8EEC_element_13/clear'
15:27:22.603 [Forwarding clearElement on session 04f8498159c70e22186e34ad99c8437b to remote] DEBUG org.asynchttpclient.netty.request.NettyRequestSender - Using open Channel [id: 0xf6fe85f0, L:/127.0.0.1:57998 - R:localhost/127.0.0.1:37310] for POST '/session/04f8498159c70e22186e34ad99c8437b/element/2565B44AF53B01678A332479A19C8EEC_element_13/clear'
15:27:22.637 [AsyncHttpClient-1-16] DEBUG org.asynchttpclient.netty.handler.HttpHandler - 

Request DefaultHttpRequest(decodeResult: success, version: HTTP/1.1)
POST /session/04f8498159c70e22186e34ad99c8437b/element/2565B44AF53B01678A332479A19C8EEC_element_13/clear HTTP/1.1
User-Agent: selenium/4.7.1 (java windows)
Content-Length: 57
Content-Type: application/json; charset=utf-8
host: localhost:37310
accept: */*

Response DefaultHttpResponse(decodeResult: success, version: HTTP/1.1)
HTTP/1.1 200 OK
Content-Type: application/json; charset=utf-8
cache-control: no-cache
content-length: 14

15:27:22.638 [AsyncHttpClient-1-16] DEBUG org.asynchttpclient.netty.channel.ChannelManager - Adding key: http://localhost:37310 for channel [id: 0xf6fe85f0, L:/127.0.0.1:57998 - R:localhost/127.0.0.1:37310]
15:27:22.640 [Forwarding sendKeysToElement on session 04f8498159c70e22186e34ad99c8437b to remote] DEBUG org.asynchttpclient.netty.request.NettyRequestSender - Using pooled Channel '[id: 0xf6fe85f0, L:/127.0.0.1:57998 - R:localhost/127.0.0.1:37310]' for 'POST' to 'http://localhost:37310/session/04f8498159c70e22186e34ad99c8437b/element/2565B44AF53B01678A332479A19C8EEC_element_13/value'
15:27:22.640 [Forwarding sendKeysToElement on session 04f8498159c70e22186e34ad99c8437b to remote] DEBUG org.asynchttpclient.netty.request.NettyRequestSender - Using open Channel [id: 0xf6fe85f0, L:/127.0.0.1:57998 - R:localhost/127.0.0.1:37310] for POST '/session/04f8498159c70e22186e34ad99c8437b/element/2565B44AF53B01678A332479A19C8EEC_element_13/value'
15:27:22.833 [AsyncHttpClient-1-16] DEBUG org.asynchttpclient.netty.handler.HttpHandler - 

Request DefaultHttpRequest(decodeResult: success, version: HTTP/1.1)
POST /session/04f8498159c70e22186e34ad99c8437b/element/2565B44AF53B01678A332479A19C8EEC_element_13/value HTTP/1.1
User-Agent: selenium/4.7.1 (java windows)
Content-Length: 308
Content-Type: application/json; charset=utf-8
host: localhost:37310
accept: */*

Response DefaultHttpResponse(decodeResult: success, version: HTTP/1.1)
HTTP/1.1 200 OK
Content-Type: application/json; charset=utf-8
cache-control: no-cache
content-length: 14

15:27:22.833 [AsyncHttpClient-1-16] DEBUG org.asynchttpclient.netty.channel.ChannelManager - Adding key: http://localhost:37310 for channel [id: 0xf6fe85f0, L:/127.0.0.1:57998 - R:localhost/127.0.0.1:37310]
15:27:22.840 [Forwarding getCurrentWindowHandle on session 04f8498159c70e22186e34ad99c8437b to remote] DEBUG org.asynchttpclient.netty.request.NettyRequestSender - Using pooled Channel '[id: 0xf6fe85f0, L:/127.0.0.1:57998 - R:localhost/127.0.0.1:37310]' for 'GET' to 'http://localhost:37310/session/04f8498159c70e22186e34ad99c8437b/window'
15:27:22.840 [Forwarding getCurrentWindowHandle on session 04f8498159c70e22186e34ad99c8437b to remote] DEBUG org.asynchttpclient.netty.request.NettyRequestSender - Using open Channel [id: 0xf6fe85f0, L:/127.0.0.1:57998 - R:localhost/127.0.0.1:37310] for GET '/session/04f8498159c70e22186e34ad99c8437b/window'
15:27:22.841 [AsyncHttpClient-1-16] DEBUG org.asynchttpclient.netty.handler.HttpHandler - 

Request DefaultFullHttpRequest(decodeResult: success, version: HTTP/1.1, content: EmptyByteBufBE)
GET /session/04f8498159c70e22186e34ad99c8437b/window HTTP/1.1
User-Agent: selenium/4.7.1 (java windows)
Cache-Control: no-cache
Content-Type: application/json; charset=utf-8
host: localhost:37310
accept: */*

Response DefaultHttpResponse(decodeResult: success, version: HTTP/1.1)
HTTP/1.1 200 OK
Content-Type: application/json; charset=utf-8
cache-control: no-cache
content-length: 44

15:27:22.841 [AsyncHttpClient-1-16] DEBUG org.asynchttpclient.netty.channel.ChannelManager - Adding key: http://localhost:37310 for channel [id: 0xf6fe85f0, L:/127.0.0.1:57998 - R:localhost/127.0.0.1:37310]
15:27:22.842 [Forwarding getAlertText on session 04f8498159c70e22186e34ad99c8437b to remote] DEBUG org.asynchttpclient.netty.request.NettyRequestSender - Using pooled Channel '[id: 0xf6fe85f0, L:/127.0.0.1:57998 - R:localhost/127.0.0.1:37310]' for 'GET' to 'http://localhost:37310/session/04f8498159c70e22186e34ad99c8437b/alert/text'
15:27:22.842 [Forwarding getAlertText on session 04f8498159c70e22186e34ad99c8437b to remote] DEBUG org.asynchttpclient.netty.request.NettyRequestSender - Using open Channel [id: 0xf6fe85f0, L:/127.0.0.1:57998 - R:localhost/127.0.0.1:37310] for GET '/session/04f8498159c70e22186e34ad99c8437b/alert/text'
15:27:22.844 [AsyncHttpClient-1-16] DEBUG org.asynchttpclient.netty.handler.HttpHandler - 

Request DefaultFullHttpRequest(decodeResult: success, version: HTTP/1.1, content: EmptyByteBufBE)
GET /session/04f8498159c70e22186e34ad99c8437b/alert/text HTTP/1.1
User-Agent: selenium/4.7.1 (java windows)
Cache-Control: no-cache
Content-Type: application/json; charset=utf-8
host: localhost:37310
accept: */*

Response DefaultHttpResponse(decodeResult: success, version: HTTP/1.1)
HTTP/1.1 404 Not Found
Content-Type: application/json; charset=utf-8
cache-control: no-cache
content-length: 820

15:27:22.844 [AsyncHttpClient-1-16] DEBUG org.asynchttpclient.netty.channel.ChannelManager - Adding key: http://localhost:37310 for channel [id: 0xf6fe85f0, L:/127.0.0.1:57998 - R:localhost/127.0.0.1:37310]
15:27:22.845 [Forwarding switchToWindow on session 04f8498159c70e22186e34ad99c8437b to remote] DEBUG org.asynchttpclient.netty.request.NettyRequestSender - Using pooled Channel '[id: 0xf6fe85f0, L:/127.0.0.1:57998 - R:localhost/127.0.0.1:37310]' for 'POST' to 'http://localhost:37310/session/04f8498159c70e22186e34ad99c8437b/window'
15:27:22.845 [Forwarding switchToWindow on session 04f8498159c70e22186e34ad99c8437b to remote] DEBUG org.asynchttpclient.netty.request.NettyRequestSender - Using open Channel [id: 0xf6fe85f0, L:/127.0.0.1:57998 - R:localhost/127.0.0.1:37310] for POST '/session/04f8498159c70e22186e34ad99c8437b/window'
15:27:22.847 [AsyncHttpClient-1-16] DEBUG org.asynchttpclient.netty.handler.HttpHandler - 

Request DefaultHttpRequest(decodeResult: success, version: HTTP/1.1)
POST /session/04f8498159c70e22186e34ad99c8437b/window HTTP/1.1
User-Agent: selenium/4.7.1 (java windows)
Content-Length: 50
Content-Type: application/json; charset=utf-8
host: localhost:37310
accept: */*

Response DefaultHttpResponse(decodeResult: success, version: HTTP/1.1)
HTTP/1.1 200 OK
Content-Type: application/json; charset=utf-8
cache-control: no-cache
content-length: 14

15:27:22.847 [AsyncHttpClient-1-16] DEBUG org.asynchttpclient.netty.channel.ChannelManager - Adding key: http://localhost:37310 for channel [id: 0xf6fe85f0, L:/127.0.0.1:57998 - R:localhost/127.0.0.1:37310]
15:27:22.847 [Forwarding getCurrentUrl on session 04f8498159c70e22186e34ad99c8437b to remote] DEBUG org.asynchttpclient.netty.request.NettyRequestSender - Using pooled Channel '[id: 0xf6fe85f0, L:/127.0.0.1:57998 - R:localhost/127.0.0.1:37310]' for 'GET' to 'http://localhost:37310/session/04f8498159c70e22186e34ad99c8437b/url'
15:27:22.847 [Forwarding getCurrentUrl on session 04f8498159c70e22186e34ad99c8437b to remote] DEBUG org.asynchttpclient.netty.request.NettyRequestSender - Using open Channel [id: 0xf6fe85f0, L:/127.0.0.1:57998 - R:localhost/127.0.0.1:37310] for GET '/session/04f8498159c70e22186e34ad99c8437b/url'
15:27:22.855 [AsyncHttpClient-1-16] DEBUG org.asynchttpclient.netty.handler.HttpHandler - 

Request DefaultFullHttpRequest(decodeResult: success, version: HTTP/1.1, content: EmptyByteBufBE)
GET /session/04f8498159c70e22186e34ad99c8437b/url HTTP/1.1
User-Agent: selenium/4.7.1 (java windows)
Cache-Control: no-cache
Content-Type: application/json; charset=utf-8
host: localhost:37310
accept: */*

Response DefaultHttpResponse(decodeResult: success, version: HTTP/1.1)
HTTP/1.1 200 OK
Content-Type: application/json; charset=utf-8
cache-control: no-cache
content-length: 54

15:27:22.855 [AsyncHttpClient-1-16] DEBUG org.asynchttpclient.netty.channel.ChannelManager - Adding key: http://localhost:37310 for channel [id: 0xf6fe85f0, L:/127.0.0.1:57998 - R:localhost/127.0.0.1:37310]
15:27:22.855 [Forwarding screenshot on session 04f8498159c70e22186e34ad99c8437b to remote] DEBUG org.asynchttpclient.netty.request.NettyRequestSender - Using pooled Channel '[id: 0xf6fe85f0, L:/127.0.0.1:57998 - R:localhost/127.0.0.1:37310]' for 'GET' to 'http://localhost:37310/session/04f8498159c70e22186e34ad99c8437b/screenshot'
15:27:22.855 [Forwarding screenshot on session 04f8498159c70e22186e34ad99c8437b to remote] DEBUG org.asynchttpclient.netty.request.NettyRequestSender - Using open Channel [id: 0xf6fe85f0, L:/127.0.0.1:57998 - R:localhost/127.0.0.1:37310] for GET '/session/04f8498159c70e22186e34ad99c8437b/screenshot'
15:27:22.992 [AsyncHttpClient-1-16] DEBUG org.asynchttpclient.netty.handler.HttpHandler - 

Request DefaultFullHttpRequest(decodeResult: success, version: HTTP/1.1, content: EmptyByteBufBE)
GET /session/04f8498159c70e22186e34ad99c8437b/screenshot HTTP/1.1
User-Agent: selenium/4.7.1 (java windows)
Cache-Control: no-cache
Content-Type: application/json; charset=utf-8
host: localhost:37310
accept: */*

Response DefaultHttpResponse(decodeResult: success, version: HTTP/1.1)
HTTP/1.1 200 OK
Content-Type: application/json; charset=utf-8
cache-control: no-cache
content-length: 35224

15:27:22.992 [AsyncHttpClient-1-16] DEBUG org.asynchttpclient.netty.channel.ChannelManager - Adding key: http://localhost:37310 for channel [id: 0xf6fe85f0, L:/127.0.0.1:57998 - R:localhost/127.0.0.1:37310]
15:27:22.994 [main] DEBUG net.serenitybdd.core.photography.Darkroom - Send negative for processing for target\site\serenity\a1621c58172d161802abaabc52879ee771e2f2065bba2018cf48109c98eba414.png
15:27:22.995 [main] DEBUG net.thucydides.core.steps.StepInterceptor - STEP DONE: inputEmail
  &amp#27;[32mAnd &amp#27;[0m&amp#27;[32muser input email untuk register yang belum pernah terdaftar&amp#27;[0m &amp#27;[90m# starter.stepdefinitions.RegisterSteps.userInputEmailUntukRegisterYangBelumPernahTerdaftar()&amp#27;[0m
15:27:22.995 [Darkroom Processing Line] DEBUG net.serenitybdd.core.photography.DarkroomProcessingLine - Processing screenshot image in /var/screenshots/screenshot-1722024050673634361
15:27:22.995 [Darkroom Processing Line] DEBUG net.serenitybdd.core.photography.DarkroomProcessingLine - Saving screenshot to target\site\serenity\a1621c58172d161802abaabc52879ee771e2f2065bba2018cf48109c98eba414.png
15:27:23.005 [main] DEBUG net.thucydides.core.steps.StepInterceptor - STARTING STEP: RegisterSteps.userInputPasswordUntukRegister - inputPassword
15:27:23.007 [Forwarding findElement on session 04f8498159c70e22186e34ad99c8437b to remote] DEBUG org.asynchttpclient.netty.request.NettyRequestSender - Using pooled Channel '[id: 0xf6fe85f0, L:/127.0.0.1:57998 - R:localhost/127.0.0.1:37310]' for 'POST' to 'http://localhost:37310/session/04f8498159c70e22186e34ad99c8437b/element'
15:27:23.007 [Forwarding findElement on session 04f8498159c70e22186e34ad99c8437b to remote] DEBUG org.asynchttpclient.netty.request.NettyRequestSender - Using open Channel [id: 0xf6fe85f0, L:/127.0.0.1:57998 - R:localhost/127.0.0.1:37310] for POST '/session/04f8498159c70e22186e34ad99c8437b/element'
15:27:23.024 [AsyncHttpClient-1-16] DEBUG org.asynchttpclient.netty.handler.HttpHandler - 

Request DefaultHttpRequest(decodeResult: success, version: HTTP/1.1)
POST /session/04f8498159c70e22186e34ad99c8437b/element HTTP/1.1
User-Agent: selenium/4.7.1 (java windows)
Content-Length: 187
Content-Type: application/json; charset=utf-8
host: localhost:37310
accept: */*

Response DefaultHttpResponse(decodeResult: success, version: HTTP/1.1)
HTTP/1.1 200 OK
Content-Type: application/json; charset=utf-8
cache-control: no-cache
content-length: 95

15:27:23.024 [AsyncHttpClient-1-16] DEBUG org.asynchttpclient.netty.channel.ChannelManager - Adding key: http://localhost:37310 for channel [id: 0xf6fe85f0, L:/127.0.0.1:57998 - R:localhost/127.0.0.1:37310]
15:27:23.025 [Forwarding clearElement on session 04f8498159c70e22186e34ad99c8437b to remote] DEBUG org.asynchttpclient.netty.request.NettyRequestSender - Using pooled Channel '[id: 0xf6fe85f0, L:/127.0.0.1:57998 - R:localhost/127.0.0.1:37310]' for 'POST' to 'http://localhost:37310/session/04f8498159c70e22186e34ad99c8437b/element/2565B44AF53B01678A332479A19C8EEC_element_14/clear'
15:27:23.025 [Forwarding clearElement on session 04f8498159c70e22186e34ad99c8437b to remote] DEBUG org.asynchttpclient.netty.request.NettyRequestSender - Using open Channel [id: 0xf6fe85f0, L:/127.0.0.1:57998 - R:localhost/127.0.0.1:37310] for POST '/session/04f8498159c70e22186e34ad99c8437b/element/2565B44AF53B01678A332479A19C8EEC_element_14/clear'
15:27:23.057 [AsyncHttpClient-1-16] DEBUG org.asynchttpclient.netty.handler.HttpHandler - 

Request DefaultHttpRequest(decodeResult: success, version: HTTP/1.1)
POST /session/04f8498159c70e22186e34ad99c8437b/element/2565B44AF53B01678A332479A19C8EEC_element_14/clear HTTP/1.1
User-Agent: selenium/4.7.1 (java windows)
Content-Length: 57
Content-Type: application/json; charset=utf-8
host: localhost:37310
accept: */*

Response DefaultHttpResponse(decodeResult: success, version: HTTP/1.1)
HTTP/1.1 200 OK
Content-Type: application/json; charset=utf-8
cache-control: no-cache
content-length: 14

15:27:23.057 [AsyncHttpClient-1-16] DEBUG org.asynchttpclient.netty.channel.ChannelManager - Adding key: http://localhost:37310 for channel [id: 0xf6fe85f0, L:/127.0.0.1:57998 - R:localhost/127.0.0.1:37310]
15:27:23.059 [Forwarding sendKeysToElement on session 04f8498159c70e22186e34ad99c8437b to remote] DEBUG org.asynchttpclient.netty.request.NettyRequestSender - Using pooled Channel '[id: 0xf6fe85f0, L:/127.0.0.1:57998 - R:localhost/127.0.0.1:37310]' for 'POST' to 'http://localhost:37310/session/04f8498159c70e22186e34ad99c8437b/element/2565B44AF53B01678A332479A19C8EEC_element_14/value'
15:27:23.059 [Forwarding sendKeysToElement on session 04f8498159c70e22186e34ad99c8437b to remote] DEBUG org.asynchttpclient.netty.request.NettyRequestSender - Using open Channel [id: 0xf6fe85f0, L:/127.0.0.1:57998 - R:localhost/127.0.0.1:37310] for POST '/session/04f8498159c70e22186e34ad99c8437b/element/2565B44AF53B01678A332479A19C8EEC_element_14/value'
15:27:23.125 [AsyncHttpClient-1-16] DEBUG org.asynchttpclient.netty.handler.HttpHandler - 

Request DefaultHttpRequest(decodeResult: success, version: HTTP/1.1)
POST /session/04f8498159c70e22186e34ad99c8437b/element/2565B44AF53B01678A332479A19C8EEC_element_14/value HTTP/1.1
User-Agent: selenium/4.7.1 (java windows)
Content-Length: 118
Content-Type: application/json; charset=utf-8
host: localhost:37310
accept: */*

Response DefaultHttpResponse(decodeResult: success, version: HTTP/1.1)
HTTP/1.1 200 OK
Content-Type: application/json; charset=utf-8
cache-control: no-cache
content-length: 14

15:27:23.125 [AsyncHttpClient-1-16] DEBUG org.asynchttpclient.netty.channel.ChannelManager - Adding key: http://localhost:37310 for channel [id: 0xf6fe85f0, L:/127.0.0.1:57998 - R:localhost/127.0.0.1:37310]
15:27:23.130 [Forwarding getCurrentWindowHandle on session 04f8498159c70e22186e34ad99c8437b to remote] DEBUG org.asynchttpclient.netty.request.NettyRequestSender - Using pooled Channel '[id: 0xf6fe85f0, L:/127.0.0.1:57998 - R:localhost/127.0.0.1:37310]' for 'GET' to 'http://localhost:37310/session/04f8498159c70e22186e34ad99c8437b/window'
15:27:23.130 [Forwarding getCurrentWindowHandle on session 04f8498159c70e22186e34ad99c8437b to remote] DEBUG org.asynchttpclient.netty.request.NettyRequestSender - Using open Channel [id: 0xf6fe85f0, L:/127.0.0.1:57998 - R:localhost/127.0.0.1:37310] for GET '/session/04f8498159c70e22186e34ad99c8437b/window'
15:27:23.131 [AsyncHttpClient-1-16] DEBUG org.asynchttpclient.netty.handler.HttpHandler - 

Request DefaultFullHttpRequest(decodeResult: success, version: HTTP/1.1, content: EmptyByteBufBE)
GET /session/04f8498159c70e22186e34ad99c8437b/window HTTP/1.1
User-Agent: selenium/4.7.1 (java windows)
Cache-Control: no-cache
Content-Type: application/json; charset=utf-8
host: localhost:37310
accept: */*

Response DefaultHttpResponse(decodeResult: success, version: HTTP/1.1)
HTTP/1.1 200 OK
Content-Type: application/json; charset=utf-8
cache-control: no-cache
content-length: 44

15:27:23.131 [AsyncHttpClient-1-16] DEBUG org.asynchttpclient.netty.channel.ChannelManager - Adding key: http://localhost:37310 for channel [id: 0xf6fe85f0, L:/127.0.0.1:57998 - R:localhost/127.0.0.1:37310]
15:27:23.132 [Forwarding getAlertText on session 04f8498159c70e22186e34ad99c8437b to remote] DEBUG org.asynchttpclient.netty.request.NettyRequestSender - Using pooled Channel '[id: 0xf6fe85f0, L:/127.0.0.1:57998 - R:localhost/127.0.0.1:37310]' for 'GET' to 'http://localhost:37310/session/04f8498159c70e22186e34ad99c8437b/alert/text'
15:27:23.132 [Forwarding getAlertText on session 04f8498159c70e22186e34ad99c8437b to remote] DEBUG org.asynchttpclient.netty.request.NettyRequestSender - Using open Channel [id: 0xf6fe85f0, L:/127.0.0.1:57998 - R:localhost/127.0.0.1:37310] for GET '/session/04f8498159c70e22186e34ad99c8437b/alert/text'
15:27:23.133 [AsyncHttpClient-1-16] DEBUG org.asynchttpclient.netty.handler.HttpHandler - 

Request DefaultFullHttpRequest(decodeResult: success, version: HTTP/1.1, content: EmptyByteBufBE)
GET /session/04f8498159c70e22186e34ad99c8437b/alert/text HTTP/1.1
User-Agent: selenium/4.7.1 (java windows)
Cache-Control: no-cache
Content-Type: application/json; charset=utf-8
host: localhost:37310
accept: */*

Response DefaultHttpResponse(decodeResult: success, version: HTTP/1.1)
HTTP/1.1 404 Not Found
Content-Type: application/json; charset=utf-8
cache-control: no-cache
content-length: 820

15:27:23.133 [AsyncHttpClient-1-16] DEBUG org.asynchttpclient.netty.channel.ChannelManager - Adding key: http://localhost:37310 for channel [id: 0xf6fe85f0, L:/127.0.0.1:57998 - R:localhost/127.0.0.1:37310]
15:27:23.135 [Forwarding switchToWindow on session 04f8498159c70e22186e34ad99c8437b to remote] DEBUG org.asynchttpclient.netty.request.NettyRequestSender - Using pooled Channel '[id: 0xf6fe85f0, L:/127.0.0.1:57998 - R:localhost/127.0.0.1:37310]' for 'POST' to 'http://localhost:37310/session/04f8498159c70e22186e34ad99c8437b/window'
15:27:23.135 [Forwarding switchToWindow on session 04f8498159c70e22186e34ad99c8437b to remote] DEBUG org.asynchttpclient.netty.request.NettyRequestSender - Using open Channel [id: 0xf6fe85f0, L:/127.0.0.1:57998 - R:localhost/127.0.0.1:37310] for POST '/session/04f8498159c70e22186e34ad99c8437b/window'
15:27:23.137 [AsyncHttpClient-1-16] DEBUG org.asynchttpclient.netty.handler.HttpHandler - 

Request DefaultHttpRequest(decodeResult: success, version: HTTP/1.1)
POST /session/04f8498159c70e22186e34ad99c8437b/window HTTP/1.1
User-Agent: selenium/4.7.1 (java windows)
Content-Length: 50
Content-Type: application/json; charset=utf-8
host: localhost:37310
accept: */*

Response DefaultHttpResponse(decodeResult: success, version: HTTP/1.1)
HTTP/1.1 200 OK
Content-Type: application/json; charset=utf-8
cache-control: no-cache
content-length: 14

15:27:23.137 [AsyncHttpClient-1-16] DEBUG org.asynchttpclient.netty.channel.ChannelManager - Adding key: http://localhost:37310 for channel [id: 0xf6fe85f0, L:/127.0.0.1:57998 - R:localhost/127.0.0.1:37310]
15:27:23.138 [Forwarding getCurrentUrl on session 04f8498159c70e22186e34ad99c8437b to remote] DEBUG org.asynchttpclient.netty.request.NettyRequestSender - Using pooled Channel '[id: 0xf6fe85f0, L:/127.0.0.1:57998 - R:localhost/127.0.0.1:37310]' for 'GET' to 'http://localhost:37310/session/04f8498159c70e22186e34ad99c8437b/url'
15:27:23.138 [Forwarding getCurrentUrl on session 04f8498159c70e22186e34ad99c8437b to remote] DEBUG org.asynchttpclient.netty.request.NettyRequestSender - Using open Channel [id: 0xf6fe85f0, L:/127.0.0.1:57998 - R:localhost/127.0.0.1:37310] for GET '/session/04f8498159c70e22186e34ad99c8437b/url'
15:27:23.141 [AsyncHttpClient-1-16] DEBUG org.asynchttpclient.netty.handler.HttpHandler - 

Request DefaultFullHttpRequest(decodeResult: success, version: HTTP/1.1, content: EmptyByteBufBE)
GET /session/04f8498159c70e22186e34ad99c8437b/url HTTP/1.1
User-Agent: selenium/4.7.1 (java windows)
Cache-Control: no-cache
Content-Type: application/json; charset=utf-8
host: localhost:37310
accept: */*

Response DefaultHttpResponse(decodeResult: success, version: HTTP/1.1)
HTTP/1.1 200 OK
Content-Type: application/json; charset=utf-8
cache-control: no-cache
content-length: 54

15:27:23.141 [AsyncHttpClient-1-16] DEBUG org.asynchttpclient.netty.channel.ChannelManager - Adding key: http://localhost:37310 for channel [id: 0xf6fe85f0, L:/127.0.0.1:57998 - R:localhost/127.0.0.1:37310]
15:27:23.142 [Forwarding screenshot on session 04f8498159c70e22186e34ad99c8437b to remote] DEBUG org.asynchttpclient.netty.request.NettyRequestSender - Using pooled Channel '[id: 0xf6fe85f0, L:/127.0.0.1:57998 - R:localhost/127.0.0.1:37310]' for 'GET' to 'http://localhost:37310/session/04f8498159c70e22186e34ad99c8437b/screenshot'
15:27:23.142 [Forwarding screenshot on session 04f8498159c70e22186e34ad99c8437b to remote] DEBUG org.asynchttpclient.netty.request.NettyRequestSender - Using open Channel [id: 0xf6fe85f0, L:/127.0.0.1:57998 - R:localhost/127.0.0.1:37310] for GET '/session/04f8498159c70e22186e34ad99c8437b/screenshot'
15:27:23.275 [AsyncHttpClient-1-16] DEBUG org.asynchttpclient.netty.handler.HttpHandler - 

Request DefaultFullHttpRequest(decodeResult: success, version: HTTP/1.1, content: EmptyByteBufBE)
GET /session/04f8498159c70e22186e34ad99c8437b/screenshot HTTP/1.1
User-Agent: selenium/4.7.1 (java windows)
Cache-Control: no-cache
Content-Type: application/json; charset=utf-8
host: localhost:37310
accept: */*

Response DefaultHttpResponse(decodeResult: success, version: HTTP/1.1)
HTTP/1.1 200 OK
Content-Type: application/json; charset=utf-8
cache-control: no-cache
content-length: 35080

15:27:23.275 [AsyncHttpClient-1-16] DEBUG org.asynchttpclient.netty.channel.ChannelManager - Adding key: http://localhost:37310 for channel [id: 0xf6fe85f0, L:/127.0.0.1:57998 - R:localhost/127.0.0.1:37310]
15:27:23.277 [main] DEBUG net.serenitybdd.core.photography.Darkroom - Send negative for processing for target\site\serenity\2a094771a59e3ac6337a90c38fb8b0cc374c8987a961e3ba392e1b45ae2c4576.png
15:27:23.277 [main] DEBUG net.thucydides.core.steps.StepInterceptor - STEP DONE: inputPassword
15:27:23.277 [Darkroom Processing Line] DEBUG net.serenitybdd.core.photography.DarkroomProcessingLine - Processing screenshot image in /var/screenshots/screenshot-17380874073442908357
15:27:23.277 [Darkroom Processing Line] DEBUG net.serenitybdd.core.photography.DarkroomProcessingLine - Saving screenshot to target\site\serenity\2a094771a59e3ac6337a90c38fb8b0cc374c8987a961e3ba392e1b45ae2c4576.png
  &amp#27;[32mAnd &amp#27;[0m&amp#27;[32muser input password untuk register&amp#27;[0m                          &amp#27;[90m# starter.stepdefinitions.RegisterSteps.userInputPasswordUntukRegister()&amp#27;[0m
15:27:23.290 [main] DEBUG net.thucydides.core.steps.StepInterceptor - STARTING STEP: RegisterSteps.userKlikRegisterYangKedua - klikButtonRegister
15:27:23.293 [Forwarding findElement on session 04f8498159c70e22186e34ad99c8437b to remote] DEBUG org.asynchttpclient.netty.request.NettyRequestSender - Using pooled Channel '[id: 0xf6fe85f0, L:/127.0.0.1:57998 - R:localhost/127.0.0.1:37310]' for 'POST' to 'http://localhost:37310/session/04f8498159c70e22186e34ad99c8437b/element'
15:27:23.293 [Forwarding findElement on session 04f8498159c70e22186e34ad99c8437b to remote] DEBUG org.asynchttpclient.netty.request.NettyRequestSender - Using open Channel [id: 0xf6fe85f0, L:/127.0.0.1:57998 - R:localhost/127.0.0.1:37310] for POST '/session/04f8498159c70e22186e34ad99c8437b/element'
15:27:23.308 [AsyncHttpClient-1-16] DEBUG org.asynchttpclient.netty.handler.HttpHandler - 

Request DefaultHttpRequest(decodeResult: success, version: HTTP/1.1)
POST /session/04f8498159c70e22186e34ad99c8437b/element HTTP/1.1
User-Agent: selenium/4.7.1 (java windows)
Content-Length: 141
Content-Type: application/json; charset=utf-8
host: localhost:37310
accept: */*

Response DefaultHttpResponse(decodeResult: success, version: HTTP/1.1)
HTTP/1.1 200 OK
Content-Type: application/json; charset=utf-8
cache-control: no-cache
content-length: 95

15:27:23.308 [AsyncHttpClient-1-16] DEBUG org.asynchttpclient.netty.channel.ChannelManager - Adding key: http://localhost:37310 for channel [id: 0xf6fe85f0, L:/127.0.0.1:57998 - R:localhost/127.0.0.1:37310]
15:27:23.309 [Forwarding getElementTagName on session 04f8498159c70e22186e34ad99c8437b to remote] DEBUG org.asynchttpclient.netty.request.NettyRequestSender - Using pooled Channel '[id: 0xf6fe85f0, L:/127.0.0.1:57998 - R:localhost/127.0.0.1:37310]' for 'GET' to 'http://localhost:37310/session/04f8498159c70e22186e34ad99c8437b/element/2565B44AF53B01678A332479A19C8EEC_element_15/name'
15:27:23.309 [Forwarding getElementTagName on session 04f8498159c70e22186e34ad99c8437b to remote] DEBUG org.asynchttpclient.netty.request.NettyRequestSender - Using open Channel [id: 0xf6fe85f0, L:/127.0.0.1:57998 - R:localhost/127.0.0.1:37310] for GET '/session/04f8498159c70e22186e34ad99c8437b/element/2565B44AF53B01678A332479A19C8EEC_element_15/name'
15:27:23.314 [AsyncHttpClient-1-16] DEBUG org.asynchttpclient.netty.handler.HttpHandler - 

Request DefaultFullHttpRequest(decodeResult: success, version: HTTP/1.1, content: EmptyByteBufBE)
GET /session/04f8498159c70e22186e34ad99c8437b/element/2565B44AF53B01678A332479A19C8EEC_element_15/name HTTP/1.1
User-Agent: selenium/4.7.1 (java windows)
Cache-Control: no-cache
Content-Type: application/json; charset=utf-8
host: localhost:37310
accept: */*

Response DefaultHttpResponse(decodeResult: success, version: HTTP/1.1)
HTTP/1.1 200 OK
Content-Type: application/json; charset=utf-8
cache-control: no-cache
content-length: 18

15:27:23.314 [AsyncHttpClient-1-16] DEBUG org.asynchttpclient.netty.channel.ChannelManager - Adding key: http://localhost:37310 for channel [id: 0xf6fe85f0, L:/127.0.0.1:57998 - R:localhost/127.0.0.1:37310]
15:27:23.315 [Forwarding getElementTagName on session 04f8498159c70e22186e34ad99c8437b to remote] DEBUG org.asynchttpclient.netty.request.NettyRequestSender - Using pooled Channel '[id: 0xf6fe85f0, L:/127.0.0.1:57998 - R:localhost/127.0.0.1:37310]' for 'GET' to 'http://localhost:37310/session/04f8498159c70e22186e34ad99c8437b/element/2565B44AF53B01678A332479A19C8EEC_element_15/name'
15:27:23.315 [Forwarding getElementTagName on session 04f8498159c70e22186e34ad99c8437b to remote] DEBUG org.asynchttpclient.netty.request.NettyRequestSender - Using open Channel [id: 0xf6fe85f0, L:/127.0.0.1:57998 - R:localhost/127.0.0.1:37310] for GET '/session/04f8498159c70e22186e34ad99c8437b/element/2565B44AF53B01678A332479A19C8EEC_element_15/name'
15:27:23.323 [AsyncHttpClient-1-16] DEBUG org.asynchttpclient.netty.handler.HttpHandler - 

Request DefaultFullHttpRequest(decodeResult: success, version: HTTP/1.1, content: EmptyByteBufBE)
GET /session/04f8498159c70e22186e34ad99c8437b/element/2565B44AF53B01678A332479A19C8EEC_element_15/name HTTP/1.1
User-Agent: selenium/4.7.1 (java windows)
Cache-Control: no-cache
Content-Type: application/json; charset=utf-8
host: localhost:37310
accept: */*

Response DefaultHttpResponse(decodeResult: success, version: HTTP/1.1)
HTTP/1.1 200 OK
Content-Type: application/json; charset=utf-8
cache-control: no-cache
content-length: 18

15:27:23.323 [AsyncHttpClient-1-16] DEBUG org.asynchttpclient.netty.channel.ChannelManager - Adding key: http://localhost:37310 for channel [id: 0xf6fe85f0, L:/127.0.0.1:57998 - R:localhost/127.0.0.1:37310]
15:27:23.324 [Forwarding isElementEnabled on session 04f8498159c70e22186e34ad99c8437b to remote] DEBUG org.asynchttpclient.netty.request.NettyRequestSender - Using pooled Channel '[id: 0xf6fe85f0, L:/127.0.0.1:57998 - R:localhost/127.0.0.1:37310]' for 'GET' to 'http://localhost:37310/session/04f8498159c70e22186e34ad99c8437b/element/2565B44AF53B01678A332479A19C8EEC_element_15/enabled'
15:27:23.324 [Forwarding isElementEnabled on session 04f8498159c70e22186e34ad99c8437b to remote] DEBUG org.asynchttpclient.netty.request.NettyRequestSender - Using open Channel [id: 0xf6fe85f0, L:/127.0.0.1:57998 - R:localhost/127.0.0.1:37310] for GET '/session/04f8498159c70e22186e34ad99c8437b/element/2565B44AF53B01678A332479A19C8EEC_element_15/enabled'
15:27:23.331 [AsyncHttpClient-1-16] DEBUG org.asynchttpclient.netty.handler.HttpHandler - 

Request DefaultFullHttpRequest(decodeResult: success, version: HTTP/1.1, content: EmptyByteBufBE)
GET /session/04f8498159c70e22186e34ad99c8437b/element/2565B44AF53B01678A332479A19C8EEC_element_15/enabled HTTP/1.1
User-Agent: selenium/4.7.1 (java windows)
Cache-Control: no-cache
Content-Type: application/json; charset=utf-8
host: localhost:37310
accept: */*

Response DefaultHttpResponse(decodeResult: success, version: HTTP/1.1)
HTTP/1.1 200 OK
Content-Type: application/json; charset=utf-8
cache-control: no-cache
content-length: 14

15:27:23.332 [AsyncHttpClient-1-16] DEBUG org.asynchttpclient.netty.channel.ChannelManager - Adding key: http://localhost:37310 for channel [id: 0xf6fe85f0, L:/127.0.0.1:57998 - R:localhost/127.0.0.1:37310]
15:27:23.333 [Forwarding isElementEnabled on session 04f8498159c70e22186e34ad99c8437b to remote] DEBUG org.asynchttpclient.netty.request.NettyRequestSender - Using pooled Channel '[id: 0xf6fe85f0, L:/127.0.0.1:57998 - R:localhost/127.0.0.1:37310]' for 'GET' to 'http://localhost:37310/session/04f8498159c70e22186e34ad99c8437b/element/2565B44AF53B01678A332479A19C8EEC_element_15/enabled'
15:27:23.333 [Forwarding isElementEnabled on session 04f8498159c70e22186e34ad99c8437b to remote] DEBUG org.asynchttpclient.netty.request.NettyRequestSender - Using open Channel [id: 0xf6fe85f0, L:/127.0.0.1:57998 - R:localhost/127.0.0.1:37310] for GET '/session/04f8498159c70e22186e34ad99c8437b/element/2565B44AF53B01678A332479A19C8EEC_element_15/enabled'
15:27:23.343 [AsyncHttpClient-1-16] DEBUG org.asynchttpclient.netty.handler.HttpHandler - 

Request DefaultFullHttpRequest(decodeResult: success, version: HTTP/1.1, content: EmptyByteBufBE)
GET /session/04f8498159c70e22186e34ad99c8437b/element/2565B44AF53B01678A332479A19C8EEC_element_15/enabled HTTP/1.1
User-Agent: selenium/4.7.1 (java windows)
Cache-Control: no-cache
Content-Type: application/json; charset=utf-8
host: localhost:37310
accept: */*

Response DefaultHttpResponse(decodeResult: success, version: HTTP/1.1)
HTTP/1.1 200 OK
Content-Type: application/json; charset=utf-8
cache-control: no-cache
content-length: 14

15:27:23.343 [AsyncHttpClient-1-16] DEBUG org.asynchttpclient.netty.channel.ChannelManager - Adding key: http://localhost:37310 for channel [id: 0xf6fe85f0, L:/127.0.0.1:57998 - R:localhost/127.0.0.1:37310]
15:27:23.345 [Forwarding findElement on session 04f8498159c70e22186e34ad99c8437b to remote] DEBUG org.asynchttpclient.netty.request.NettyRequestSender - Using pooled Channel '[id: 0xf6fe85f0, L:/127.0.0.1:57998 - R:localhost/127.0.0.1:37310]' for 'POST' to 'http://localhost:37310/session/04f8498159c70e22186e34ad99c8437b/element'
15:27:23.345 [Forwarding findElement on session 04f8498159c70e22186e34ad99c8437b to remote] DEBUG org.asynchttpclient.netty.request.NettyRequestSender - Using open Channel [id: 0xf6fe85f0, L:/127.0.0.1:57998 - R:localhost/127.0.0.1:37310] for POST '/session/04f8498159c70e22186e34ad99c8437b/element'
15:27:23.347 [AsyncHttpClient-1-1] DEBUG org.asynchttpclient.netty.channel.DefaultChannelPool - Entry count for : http://localhost:57999 : 1
15:27:23.355 [AsyncHttpClient-1-16] DEBUG org.asynchttpclient.netty.handler.HttpHandler - 

Request DefaultHttpRequest(decodeResult: success, version: HTTP/1.1)
POST /session/04f8498159c70e22186e34ad99c8437b/element HTTP/1.1
User-Agent: selenium/4.7.1 (java windows)
Content-Length: 141
Content-Type: application/json; charset=utf-8
host: localhost:37310
accept: */*

Response DefaultHttpResponse(decodeResult: success, version: HTTP/1.1)
HTTP/1.1 200 OK
Content-Type: application/json; charset=utf-8
cache-control: no-cache
content-length: 95

15:27:23.355 [AsyncHttpClient-1-16] DEBUG org.asynchttpclient.netty.channel.ChannelManager - Adding key: http://localhost:37310 for channel [id: 0xf6fe85f0, L:/127.0.0.1:57998 - R:localhost/127.0.0.1:37310]
15:27:23.356 [Forwarding clickElement on session 04f8498159c70e22186e34ad99c8437b to remote] DEBUG org.asynchttpclient.netty.request.NettyRequestSender - Using pooled Channel '[id: 0xf6fe85f0, L:/127.0.0.1:57998 - R:localhost/127.0.0.1:37310]' for 'POST' to 'http://localhost:37310/session/04f8498159c70e22186e34ad99c8437b/element/2565B44AF53B01678A332479A19C8EEC_element_15/click'
15:27:23.356 [Forwarding clickElement on session 04f8498159c70e22186e34ad99c8437b to remote] DEBUG org.asynchttpclient.netty.request.NettyRequestSender - Using open Channel [id: 0xf6fe85f0, L:/127.0.0.1:57998 - R:localhost/127.0.0.1:37310] for POST '/session/04f8498159c70e22186e34ad99c8437b/element/2565B44AF53B01678A332479A19C8EEC_element_15/click'
15:27:23.406 [AsyncHttpClient-1-16] DEBUG org.asynchttpclient.netty.handler.HttpHandler - 

Request DefaultHttpRequest(decodeResult: success, version: HTTP/1.1)
POST /session/04f8498159c70e22186e34ad99c8437b/element/2565B44AF53B01678A332479A19C8EEC_element_15/click HTTP/1.1
User-Agent: selenium/4.7.1 (java windows)
Content-Length: 57
Content-Type: application/json; charset=utf-8
host: localhost:37310
accept: */*

Response DefaultHttpResponse(decodeResult: success, version: HTTP/1.1)
HTTP/1.1 200 OK
Content-Type: application/json; charset=utf-8
cache-control: no-cache
content-length: 14

15:27:23.406 [AsyncHttpClient-1-16] DEBUG org.asynchttpclient.netty.channel.ChannelManager - Adding key: http://localhost:37310 for channel [id: 0xf6fe85f0, L:/127.0.0.1:57998 - R:localhost/127.0.0.1:37310]
15:27:23.411 [Forwarding getCurrentWindowHandle on session 04f8498159c70e22186e34ad99c8437b to remote] DEBUG org.asynchttpclient.netty.request.NettyRequestSender - Using pooled Channel '[id: 0xf6fe85f0, L:/127.0.0.1:57998 - R:localhost/127.0.0.1:37310]' for 'GET' to 'http://localhost:37310/session/04f8498159c70e22186e34ad99c8437b/window'
15:27:23.412 [Forwarding getCurrentWindowHandle on session 04f8498159c70e22186e34ad99c8437b to remote] DEBUG org.asynchttpclient.netty.request.NettyRequestSender - Using open Channel [id: 0xf6fe85f0, L:/127.0.0.1:57998 - R:localhost/127.0.0.1:37310] for GET '/session/04f8498159c70e22186e34ad99c8437b/window'
15:27:23.412 [AsyncHttpClient-1-16] DEBUG org.asynchttpclient.netty.handler.HttpHandler - 

Request DefaultFullHttpRequest(decodeResult: success, version: HTTP/1.1, content: EmptyByteBufBE)
GET /session/04f8498159c70e22186e34ad99c8437b/window HTTP/1.1
User-Agent: selenium/4.7.1 (java windows)
Cache-Control: no-cache
Content-Type: application/json; charset=utf-8
host: localhost:37310
accept: */*

Response DefaultHttpResponse(decodeResult: success, version: HTTP/1.1)
HTTP/1.1 200 OK
Content-Type: application/json; charset=utf-8
cache-control: no-cache
content-length: 44

15:27:23.412 [AsyncHttpClient-1-16] DEBUG org.asynchttpclient.netty.channel.ChannelManager - Adding key: http://localhost:37310 for channel [id: 0xf6fe85f0, L:/127.0.0.1:57998 - R:localhost/127.0.0.1:37310]
15:27:23.413 [Forwarding getAlertText on session 04f8498159c70e22186e34ad99c8437b to remote] DEBUG org.asynchttpclient.netty.request.NettyRequestSender - Using pooled Channel '[id: 0xf6fe85f0, L:/127.0.0.1:57998 - R:localhost/127.0.0.1:37310]' for 'GET' to 'http://localhost:37310/session/04f8498159c70e22186e34ad99c8437b/alert/text'
15:27:23.413 [Forwarding getAlertText on session 04f8498159c70e22186e34ad99c8437b to remote] DEBUG org.asynchttpclient.netty.request.NettyRequestSender - Using open Channel [id: 0xf6fe85f0, L:/127.0.0.1:57998 - R:localhost/127.0.0.1:37310] for GET '/session/04f8498159c70e22186e34ad99c8437b/alert/text'
15:27:23.415 [AsyncHttpClient-1-16] DEBUG org.asynchttpclient.netty.handler.HttpHandler - 

Request DefaultFullHttpRequest(decodeResult: success, version: HTTP/1.1, content: EmptyByteBufBE)
GET /session/04f8498159c70e22186e34ad99c8437b/alert/text HTTP/1.1
User-Agent: selenium/4.7.1 (java windows)
Cache-Control: no-cache
Content-Type: application/json; charset=utf-8
host: localhost:37310
accept: */*

Response DefaultHttpResponse(decodeResult: success, version: HTTP/1.1)
HTTP/1.1 404 Not Found
Content-Type: application/json; charset=utf-8
cache-control: no-cache
content-length: 820

15:27:23.415 [AsyncHttpClient-1-16] DEBUG org.asynchttpclient.netty.channel.ChannelManager - Adding key: http://localhost:37310 for channel [id: 0xf6fe85f0, L:/127.0.0.1:57998 - R:localhost/127.0.0.1:37310]
15:27:23.416 [Forwarding switchToWindow on session 04f8498159c70e22186e34ad99c8437b to remote] DEBUG org.asynchttpclient.netty.request.NettyRequestSender - Using pooled Channel '[id: 0xf6fe85f0, L:/127.0.0.1:57998 - R:localhost/127.0.0.1:37310]' for 'POST' to 'http://localhost:37310/session/04f8498159c70e22186e34ad99c8437b/window'
15:27:23.416 [Forwarding switchToWindow on session 04f8498159c70e22186e34ad99c8437b to remote] DEBUG org.asynchttpclient.netty.request.NettyRequestSender - Using open Channel [id: 0xf6fe85f0, L:/127.0.0.1:57998 - R:localhost/127.0.0.1:37310] for POST '/session/04f8498159c70e22186e34ad99c8437b/window'
15:27:23.418 [AsyncHttpClient-1-16] DEBUG org.asynchttpclient.netty.handler.HttpHandler - 

Request DefaultHttpRequest(decodeResult: success, version: HTTP/1.1)
POST /session/04f8498159c70e22186e34ad99c8437b/window HTTP/1.1
User-Agent: selenium/4.7.1 (java windows)
Content-Length: 50
Content-Type: application/json; charset=utf-8
host: localhost:37310
accept: */*

Response DefaultHttpResponse(decodeResult: success, version: HTTP/1.1)
HTTP/1.1 200 OK
Content-Type: application/json; charset=utf-8
cache-control: no-cache
content-length: 14

15:27:23.418 [AsyncHttpClient-1-16] DEBUG org.asynchttpclient.netty.channel.ChannelManager - Adding key: http://localhost:37310 for channel [id: 0xf6fe85f0, L:/127.0.0.1:57998 - R:localhost/127.0.0.1:37310]
15:27:23.419 [Forwarding getCurrentUrl on session 04f8498159c70e22186e34ad99c8437b to remote] DEBUG org.asynchttpclient.netty.request.NettyRequestSender - Using pooled Channel '[id: 0xf6fe85f0, L:/127.0.0.1:57998 - R:localhost/127.0.0.1:37310]' for 'GET' to 'http://localhost:37310/session/04f8498159c70e22186e34ad99c8437b/url'
15:27:23.419 [Forwarding getCurrentUrl on session 04f8498159c70e22186e34ad99c8437b to remote] DEBUG org.asynchttpclient.netty.request.NettyRequestSender - Using open Channel [id: 0xf6fe85f0, L:/127.0.0.1:57998 - R:localhost/127.0.0.1:37310] for GET '/session/04f8498159c70e22186e34ad99c8437b/url'
15:27:23.423 [AsyncHttpClient-1-16] DEBUG org.asynchttpclient.netty.handler.HttpHandler - 

Request DefaultFullHttpRequest(decodeResult: success, version: HTTP/1.1, content: EmptyByteBufBE)
GET /session/04f8498159c70e22186e34ad99c8437b/url HTTP/1.1
User-Agent: selenium/4.7.1 (java windows)
Cache-Control: no-cache
Content-Type: application/json; charset=utf-8
host: localhost:37310
accept: */*

Response DefaultHttpResponse(decodeResult: success, version: HTTP/1.1)
HTTP/1.1 200 OK
Content-Type: application/json; charset=utf-8
cache-control: no-cache
content-length: 54

15:27:23.424 [AsyncHttpClient-1-16] DEBUG org.asynchttpclient.netty.channel.ChannelManager - Adding key: http://localhost:37310 for channel [id: 0xf6fe85f0, L:/127.0.0.1:57998 - R:localhost/127.0.0.1:37310]
15:27:23.424 [Forwarding screenshot on session 04f8498159c70e22186e34ad99c8437b to remote] DEBUG org.asynchttpclient.netty.request.NettyRequestSender - Using pooled Channel '[id: 0xf6fe85f0, L:/127.0.0.1:57998 - R:localhost/127.0.0.1:37310]' for 'GET' to 'http://localhost:37310/session/04f8498159c70e22186e34ad99c8437b/screenshot'
15:27:23.424 [Forwarding screenshot on session 04f8498159c70e22186e34ad99c8437b to remote] DEBUG org.asynchttpclient.netty.request.NettyRequestSender - Using open Channel [id: 0xf6fe85f0, L:/127.0.0.1:57998 - R:localhost/127.0.0.1:37310] for GET '/session/04f8498159c70e22186e34ad99c8437b/screenshot'
15:27:23.558 [AsyncHttpClient-1-16] DEBUG org.asynchttpclient.netty.handler.HttpHandler - 

Request DefaultFullHttpRequest(decodeResult: success, version: HTTP/1.1, content: EmptyByteBufBE)
GET /session/04f8498159c70e22186e34ad99c8437b/screenshot HTTP/1.1
User-Agent: selenium/4.7.1 (java windows)
Cache-Control: no-cache
Content-Type: application/json; charset=utf-8
host: localhost:37310
accept: */*

Response DefaultHttpResponse(decodeResult: success, version: HTTP/1.1)
HTTP/1.1 200 OK
Content-Type: application/json; charset=utf-8
cache-control: no-cache
content-length: 34652

15:27:23.558 [AsyncHttpClient-1-16] DEBUG org.asynchttpclient.netty.channel.ChannelManager - Adding key: http://localhost:37310 for channel [id: 0xf6fe85f0, L:/127.0.0.1:57998 - R:localhost/127.0.0.1:37310]
15:27:23.560 [main] DEBUG net.serenitybdd.core.photography.Darkroom - Send negative for processing for target\site\serenity\567e8ddaf818dfcc4aa98034cd2675b7dbc7c6c5f683d8bc240dd4f4b436a1df.png
15:27:23.560 [main] DEBUG net.thucydides.core.steps.StepInterceptor - STEP DONE: klikButtonRegister
  &amp#27;[32mThen &amp#27;[0m&amp#27;[32muser klik register yang kedua&amp#27;[0m                              &amp#27;[90m# starter.stepdefinitions.RegisterSteps.userKlikRegisterYangKedua()&amp#27;[0m
15:27:23.562 [Darkroom Processing Line] DEBUG net.serenitybdd.core.photography.DarkroomProcessingLine - Processing screenshot image in /var/screenshots/screenshot-168618306581686584
15:27:23.562 [Darkroom Processing Line] DEBUG net.serenitybdd.core.photography.DarkroomProcessingLine - Saving screenshot to target\site\serenity\567e8ddaf818dfcc4aa98034cd2675b7dbc7c6c5f683d8bc240dd4f4b436a1df.png
15:27:23.573 [main] DEBUG net.thucydides.core.steps.StepInterceptor - STARTING STEP: RegisterSteps.userBeradaDiHalamanLogin - halamanLogin
15:27:23.575 [Forwarding findElement on session 04f8498159c70e22186e34ad99c8437b to remote] DEBUG org.asynchttpclient.netty.request.NettyRequestSender - Using pooled Channel '[id: 0xf6fe85f0, L:/127.0.0.1:57998 - R:localhost/127.0.0.1:37310]' for 'POST' to 'http://localhost:37310/session/04f8498159c70e22186e34ad99c8437b/element'
15:27:23.575 [Forwarding findElement on session 04f8498159c70e22186e34ad99c8437b to remote] DEBUG org.asynchttpclient.netty.request.NettyRequestSender - Using open Channel [id: 0xf6fe85f0, L:/127.0.0.1:57998 - R:localhost/127.0.0.1:37310] for POST '/session/04f8498159c70e22186e34ad99c8437b/element'
15:27:23.595 [AsyncHttpClient-1-16] DEBUG org.asynchttpclient.netty.handler.HttpHandler - 

Request DefaultHttpRequest(decodeResult: success, version: HTTP/1.1)
POST /session/04f8498159c70e22186e34ad99c8437b/element HTTP/1.1
User-Agent: selenium/4.7.1 (java windows)
Content-Length: 141
Content-Type: application/json; charset=utf-8
host: localhost:37310
accept: */*

Response DefaultHttpResponse(decodeResult: success, version: HTTP/1.1)
HTTP/1.1 200 OK
Content-Type: application/json; charset=utf-8
cache-control: no-cache
content-length: 95

15:27:23.595 [AsyncHttpClient-1-16] DEBUG org.asynchttpclient.netty.channel.ChannelManager - Adding key: http://localhost:37310 for channel [id: 0xf6fe85f0, L:/127.0.0.1:57998 - R:localhost/127.0.0.1:37310]
15:27:23.597 [Forwarding isElementDisplayed on session 04f8498159c70e22186e34ad99c8437b to remote] DEBUG org.asynchttpclient.netty.request.NettyRequestSender - Using pooled Channel '[id: 0xf6fe85f0, L:/127.0.0.1:57998 - R:localhost/127.0.0.1:37310]' for 'POST' to 'http://localhost:37310/session/04f8498159c70e22186e34ad99c8437b/execute/sync'
15:27:23.597 [Forwarding isElementDisplayed on session 04f8498159c70e22186e34ad99c8437b to remote] DEBUG org.asynchttpclient.netty.request.NettyRequestSender - Using open Channel [id: 0xf6fe85f0, L:/127.0.0.1:57998 - R:localhost/127.0.0.1:37310] for POST '/session/04f8498159c70e22186e34ad99c8437b/execute/sync'
15:27:23.612 [AsyncHttpClient-1-16] DEBUG org.asynchttpclient.netty.handler.HttpHandler - 

Request DefaultHttpRequest(decodeResult: success, version: HTTP/1.1)
POST /session/04f8498159c70e22186e34ad99c8437b/execute/sync HTTP/1.1
User-Agent: selenium/4.7.1 (java windows)
Content-Length: 48787
Content-Type: application/json; charset=utf-8
host: localhost:37310
accept: */*

Response DefaultHttpResponse(decodeResult: success, version: HTTP/1.1)
HTTP/1.1 200 OK
Content-Type: application/json; charset=utf-8
cache-control: no-cache
content-length: 14

15:27:23.612 [AsyncHttpClient-1-16] DEBUG org.asynchttpclient.netty.channel.ChannelManager - Adding key: http://localhost:37310 for channel [id: 0xf6fe85f0, L:/127.0.0.1:57998 - R:localhost/127.0.0.1:37310]
15:27:23.616 [Forwarding isElementDisplayed on session 04f8498159c70e22186e34ad99c8437b to remote] DEBUG org.asynchttpclient.netty.request.NettyRequestSender - Using pooled Channel '[id: 0xf6fe85f0, L:/127.0.0.1:57998 - R:localhost/127.0.0.1:37310]' for 'POST' to 'http://localhost:37310/session/04f8498159c70e22186e34ad99c8437b/execute/sync'
15:27:23.616 [Forwarding isElementDisplayed on session 04f8498159c70e22186e34ad99c8437b to remote] DEBUG org.asynchttpclient.netty.request.NettyRequestSender - Using open Channel [id: 0xf6fe85f0, L:/127.0.0.1:57998 - R:localhost/127.0.0.1:37310] for POST '/session/04f8498159c70e22186e34ad99c8437b/execute/sync'
15:27:23.632 [AsyncHttpClient-1-16] DEBUG org.asynchttpclient.netty.handler.HttpHandler - 

Request DefaultHttpRequest(decodeResult: success, version: HTTP/1.1)
POST /session/04f8498159c70e22186e34ad99c8437b/execute/sync HTTP/1.1
User-Agent: selenium/4.7.1 (java windows)
Content-Length: 48787
Content-Type: application/json; charset=utf-8
host: localhost:37310
accept: */*

Response DefaultHttpResponse(decodeResult: success, version: HTTP/1.1)
HTTP/1.1 200 OK
Content-Type: application/json; charset=utf-8
cache-control: no-cache
content-length: 14

15:27:23.632 [AsyncHttpClient-1-16] DEBUG org.asynchttpclient.netty.channel.ChannelManager - Adding key: http://localhost:37310 for channel [id: 0xf6fe85f0, L:/127.0.0.1:57998 - R:localhost/127.0.0.1:37310]
15:27:23.637 [Forwarding getCurrentWindowHandle on session 04f8498159c70e22186e34ad99c8437b to remote] DEBUG org.asynchttpclient.netty.request.NettyRequestSender - Using pooled Channel '[id: 0xf6fe85f0, L:/127.0.0.1:57998 - R:localhost/127.0.0.1:37310]' for 'GET' to 'http://localhost:37310/session/04f8498159c70e22186e34ad99c8437b/window'
15:27:23.637 [Forwarding getCurrentWindowHandle on session 04f8498159c70e22186e34ad99c8437b to remote] DEBUG org.asynchttpclient.netty.request.NettyRequestSender - Using open Channel [id: 0xf6fe85f0, L:/127.0.0.1:57998 - R:localhost/127.0.0.1:37310] for GET '/session/04f8498159c70e22186e34ad99c8437b/window'
15:27:23.639 [AsyncHttpClient-1-16] DEBUG org.asynchttpclient.netty.handler.HttpHandler - 

Request DefaultFullHttpRequest(decodeResult: success, version: HTTP/1.1, content: EmptyByteBufBE)
GET /session/04f8498159c70e22186e34ad99c8437b/window HTTP/1.1
User-Agent: selenium/4.7.1 (java windows)
Cache-Control: no-cache
Content-Type: application/json; charset=utf-8
host: localhost:37310
accept: */*

Response DefaultHttpResponse(decodeResult: success, version: HTTP/1.1)
HTTP/1.1 200 OK
Content-Type: application/json; charset=utf-8
cache-control: no-cache
content-length: 44

15:27:23.639 [AsyncHttpClient-1-16] DEBUG org.asynchttpclient.netty.channel.ChannelManager - Adding key: http://localhost:37310 for channel [id: 0xf6fe85f0, L:/127.0.0.1:57998 - R:localhost/127.0.0.1:37310]
15:27:23.640 [Forwarding getAlertText on session 04f8498159c70e22186e34ad99c8437b to remote] DEBUG org.asynchttpclient.netty.request.NettyRequestSender - Using pooled Channel '[id: 0xf6fe85f0, L:/127.0.0.1:57998 - R:localhost/127.0.0.1:37310]' for 'GET' to 'http://localhost:37310/session/04f8498159c70e22186e34ad99c8437b/alert/text'
15:27:23.640 [Forwarding getAlertText on session 04f8498159c70e22186e34ad99c8437b to remote] DEBUG org.asynchttpclient.netty.request.NettyRequestSender - Using open Channel [id: 0xf6fe85f0, L:/127.0.0.1:57998 - R:localhost/127.0.0.1:37310] for GET '/session/04f8498159c70e22186e34ad99c8437b/alert/text'
15:27:23.641 [AsyncHttpClient-1-16] DEBUG org.asynchttpclient.netty.handler.HttpHandler - 

Request DefaultFullHttpRequest(decodeResult: success, version: HTTP/1.1, content: EmptyByteBufBE)
GET /session/04f8498159c70e22186e34ad99c8437b/alert/text HTTP/1.1
User-Agent: selenium/4.7.1 (java windows)
Cache-Control: no-cache
Content-Type: application/json; charset=utf-8
host: localhost:37310
accept: */*

Response DefaultHttpResponse(decodeResult: success, version: HTTP/1.1)
HTTP/1.1 404 Not Found
Content-Type: application/json; charset=utf-8
cache-control: no-cache
content-length: 820

15:27:23.641 [AsyncHttpClient-1-16] DEBUG org.asynchttpclient.netty.channel.ChannelManager - Adding key: http://localhost:37310 for channel [id: 0xf6fe85f0, L:/127.0.0.1:57998 - R:localhost/127.0.0.1:37310]
15:27:23.643 [Forwarding switchToWindow on session 04f8498159c70e22186e34ad99c8437b to remote] DEBUG org.asynchttpclient.netty.request.NettyRequestSender - Using pooled Channel '[id: 0xf6fe85f0, L:/127.0.0.1:57998 - R:localhost/127.0.0.1:37310]' for 'POST' to 'http://localhost:37310/session/04f8498159c70e22186e34ad99c8437b/window'
15:27:23.643 [Forwarding switchToWindow on session 04f8498159c70e22186e34ad99c8437b to remote] DEBUG org.asynchttpclient.netty.request.NettyRequestSender - Using open Channel [id: 0xf6fe85f0, L:/127.0.0.1:57998 - R:localhost/127.0.0.1:37310] for POST '/session/04f8498159c70e22186e34ad99c8437b/window'
15:27:23.644 [AsyncHttpClient-1-16] DEBUG org.asynchttpclient.netty.handler.HttpHandler - 

Request DefaultHttpRequest(decodeResult: success, version: HTTP/1.1)
POST /session/04f8498159c70e22186e34ad99c8437b/window HTTP/1.1
User-Agent: selenium/4.7.1 (java windows)
Content-Length: 50
Content-Type: application/json; charset=utf-8
host: localhost:37310
accept: */*

Response DefaultHttpResponse(decodeResult: success, version: HTTP/1.1)
HTTP/1.1 200 OK
Content-Type: application/json; charset=utf-8
cache-control: no-cache
content-length: 14

15:27:23.644 [AsyncHttpClient-1-16] DEBUG org.asynchttpclient.netty.channel.ChannelManager - Adding key: http://localhost:37310 for channel [id: 0xf6fe85f0, L:/127.0.0.1:57998 - R:localhost/127.0.0.1:37310]
15:27:23.645 [Forwarding getCurrentUrl on session 04f8498159c70e22186e34ad99c8437b to remote] DEBUG org.asynchttpclient.netty.request.NettyRequestSender - Using pooled Channel '[id: 0xf6fe85f0, L:/127.0.0.1:57998 - R:localhost/127.0.0.1:37310]' for 'GET' to 'http://localhost:37310/session/04f8498159c70e22186e34ad99c8437b/url'
15:27:23.645 [Forwarding getCurrentUrl on session 04f8498159c70e22186e34ad99c8437b to remote] DEBUG org.asynchttpclient.netty.request.NettyRequestSender - Using open Channel [id: 0xf6fe85f0, L:/127.0.0.1:57998 - R:localhost/127.0.0.1:37310] for GET '/session/04f8498159c70e22186e34ad99c8437b/url'
15:27:23.649 [AsyncHttpClient-1-16] DEBUG org.asynchttpclient.netty.handler.HttpHandler - 

Request DefaultFullHttpRequest(decodeResult: success, version: HTTP/1.1, content: EmptyByteBufBE)
GET /session/04f8498159c70e22186e34ad99c8437b/url HTTP/1.1
User-Agent: selenium/4.7.1 (java windows)
Cache-Control: no-cache
Content-Type: application/json; charset=utf-8
host: localhost:37310
accept: */*

Response DefaultHttpResponse(decodeResult: success, version: HTTP/1.1)
HTTP/1.1 200 OK
Content-Type: application/json; charset=utf-8
cache-control: no-cache
content-length: 54

15:27:23.649 [AsyncHttpClient-1-16] DEBUG org.asynchttpclient.netty.channel.ChannelManager - Adding key: http://localhost:37310 for channel [id: 0xf6fe85f0, L:/127.0.0.1:57998 - R:localhost/127.0.0.1:37310]
15:27:23.650 [Forwarding screenshot on session 04f8498159c70e22186e34ad99c8437b to remote] DEBUG org.asynchttpclient.netty.request.NettyRequestSender - Using pooled Channel '[id: 0xf6fe85f0, L:/127.0.0.1:57998 - R:localhost/127.0.0.1:37310]' for 'GET' to 'http://localhost:37310/session/04f8498159c70e22186e34ad99c8437b/screenshot'
15:27:23.650 [Forwarding screenshot on session 04f8498159c70e22186e34ad99c8437b to remote] DEBUG org.asynchttpclient.netty.request.NettyRequestSender - Using open Channel [id: 0xf6fe85f0, L:/127.0.0.1:57998 - R:localhost/127.0.0.1:37310] for GET '/session/04f8498159c70e22186e34ad99c8437b/screenshot'
15:27:23.793 [AsyncHttpClient-1-16] DEBUG org.asynchttpclient.netty.handler.HttpHandler - 

Request DefaultFullHttpRequest(decodeResult: success, version: HTTP/1.1, content: EmptyByteBufBE)
GET /session/04f8498159c70e22186e34ad99c8437b/screenshot HTTP/1.1
User-Agent: selenium/4.7.1 (java windows)
Cache-Control: no-cache
Content-Type: application/json; charset=utf-8
host: localhost:37310
accept: */*

Response DefaultHttpResponse(decodeResult: success, version: HTTP/1.1)
HTTP/1.1 200 OK
Content-Type: application/json; charset=utf-8
cache-control: no-cache
content-length: 36160

15:27:23.793 [AsyncHttpClient-1-16] DEBUG org.asynchttpclient.netty.channel.ChannelManager - Adding key: http://localhost:37310 for channel [id: 0xf6fe85f0, L:/127.0.0.1:57998 - R:localhost/127.0.0.1:37310]
15:27:23.795 [main] DEBUG net.serenitybdd.core.photography.Darkroom - Send negative for processing for target\site\serenity\44de7f2ddfb6d484e7430703489737b724fa7ab2b3008b9e7e5e774cc5af1742.png
15:27:23.795 [main] DEBUG net.thucydides.core.steps.StepInterceptor - STEP DONE: halamanLogin
15:27:23.795 [Darkroom Processing Line] DEBUG net.serenitybdd.core.photography.DarkroomProcessingLine - Processing screenshot image in /var/screenshots/screenshot-1198259132657853525
15:27:23.795 [Darkroom Processing Line] DEBUG net.serenitybdd.core.photography.DarkroomProcessingLine - Saving screenshot to target\site\serenity\44de7f2ddfb6d484e7430703489737b724fa7ab2b3008b9e7e5e774cc5af1742.png
  &amp#27;[32mAnd &amp#27;[0m&amp#27;[32muser berada di halaman login&amp#27;[0m                                &amp#27;[90m# starter.stepdefinitions.RegisterSteps.userBeradaDiHalamanLogin()&amp#27;[0m
15:27:23.801 [main] INFO  - 
  _____   ___   ___   _____     ___     _     ___   ___   ___   ___  
 |_   _| | __| / __| |_   _|   | _ \   /_\   / __| / __| | __| |   \ 
   | |   | _|  \__ \   | |     |  _/  / _ \  \__ \ \__ \ | _|  | |) |
   |_|   |___| |___/   |_|     |_|   /_/ \_\ |___/ |___/ |___| |___/ 

user bisa register
----------------------------------------------------------------------
15:27:23.804 [Driver Command Executor] DEBUG org.asynchttpclient.netty.request.NettyRequestSender - Using pooled Channel '[id: 0xf6fe85f0, L:/127.0.0.1:57998 - R:localhost/127.0.0.1:37310]' for 'DELETE' to 'http://localhost:37310/session/04f8498159c70e22186e34ad99c8437b'
15:27:23.804 [AsyncHttpClient-1-2] DEBUG org.asynchttpclient.netty.handler.WebSocketHandler - Channel Closed: [id: 0xe356cb44, L:/127.0.0.1:58007 ! R:localhost/127.0.0.1:57999] with attribute NettyResponseFuture{currentRetry=0,
	isDone=1,
	isCancelled=0,
	asyncHandler=org.asynchttpclient.ws.WebSocketUpgradeHandler@4941951c,
	nettyRequest=org.asynchttpclient.netty.request.NettyRequest@51712dc9,
	future=java.util.concurrent.CompletableFuture@1b99b9c3[Completed normally],
	uri=ws://localhost:57999/devtools/browser/74c86bba-b857-4413-8a16-d267ad9e15d0,
	keepAlive=true,
	redirectCount=0,
	timeoutsHolder=null,
	inAuth=0,
	touch=1683707237448}
15:27:23.804 [Driver Command Executor] DEBUG org.asynchttpclient.netty.request.NettyRequestSender - Using open Channel [id: 0xf6fe85f0, L:/127.0.0.1:57998 - R:localhost/127.0.0.1:37310] for DELETE '/session/04f8498159c70e22186e34ad99c8437b'
15:27:23.804 [AsyncHttpClient-1-2] DEBUG org.asynchttpclient.netty.channel.ChannelManager - Closing Channel [id: 0xe356cb44, L:/127.0.0.1:58007 ! R:localhost/127.0.0.1:57999] 
15:27:23.843 [AsyncHttpClient-1-17] DEBUG org.asynchttpclient.netty.handler.HttpHandler - Unexpected I/O exception on channel [id: 0x7547fdbe, L:/127.0.0.1:58006 - R:localhost/127.0.0.1:57999]
java.net.SocketException: Connection reset
	at java.base/sun.nio.ch.SocketChannelImpl.throwConnectionReset(SocketChannelImpl.java:401)
	at java.base/sun.nio.ch.SocketChannelImpl.read(SocketChannelImpl.java:434)
	at io.netty.buffer.PooledByteBuf.setBytes(PooledByteBuf.java:259)
	at io.netty.buffer.AbstractByteBuf.writeBytes(AbstractByteBuf.java:1132)
	at io.netty.channel.socket.nio.NioSocketChannel.doReadBytes(NioSocketChannel.java:357)
	at io.netty.channel.nio.AbstractNioByteChannel$NioByteUnsafe.read(AbstractNioByteChannel.java:151)
	at io.netty.channel.nio.NioEventLoop.processSelectedKey(NioEventLoop.java:788)
	at io.netty.channel.nio.NioEventLoop.processSelectedKeysOptimized(NioEventLoop.java:724)
	at io.netty.channel.nio.NioEventLoop.processSelectedKeys(NioEventLoop.java:650)
	at io.netty.channel.nio.NioEventLoop.run(NioEventLoop.java:562)
	at io.netty.util.concurrent.SingleThreadEventExecutor$4.run(SingleThreadEventExecutor.java:997)
	at io.netty.util.internal.ThreadExecutorMap$2.run(ThreadExecutorMap.java:74)
	at io.netty.util.concurrent.FastThreadLocalRunnable.run(FastThreadLocalRunnable.java:30)
	at java.base/java.lang.Thread.run(Thread.java:1589)
15:27:23.843 [AsyncHttpClient-1-17] DEBUG org.asynchttpclient.netty.channel.ChannelManager - Closing Channel [id: 0x7547fdbe, L:/127.0.0.1:58006 - R:localhost/127.0.0.1:57999] 
15:27:23.843 [AsyncHttpClient-1-17] DEBUG org.asynchttpclient.netty.handler.HttpHandler - Channel Closed: [id: 0x7547fdbe, L:/127.0.0.1:58006 ! R:localhost/127.0.0.1:57999] with attribute DISCARD
15:27:23.873 [AsyncHttpClient-1-16] DEBUG org.asynchttpclient.netty.handler.HttpHandler - 

Request DefaultFullHttpRequest(decodeResult: success, version: HTTP/1.1, content: EmptyByteBufBE)
DELETE /session/04f8498159c70e22186e34ad99c8437b HTTP/1.1
User-Agent: selenium/4.7.1 (java windows)
Content-Type: application/json; charset=utf-8
host: localhost:37310
accept: */*

Response DefaultHttpResponse(decodeResult: success, version: HTTP/1.1)
HTTP/1.1 200 OK
Content-Type: application/json; charset=utf-8
cache-control: no-cache
content-length: 14

15:27:23.873 [AsyncHttpClient-1-16] DEBUG org.asynchttpclient.netty.channel.ChannelManager - Adding key: http://localhost:37310 for channel [id: 0xf6fe85f0, L:/127.0.0.1:57998 - R:localhost/127.0.0.1:37310]
15:27:23.919 [AsyncHttpClient-1-16] DEBUG org.asynchttpclient.netty.handler.HttpHandler - Channel Closed: [id: 0xf6fe85f0, L:/127.0.0.1:57998 ! R:localhost/127.0.0.1:37310] with attribute DISCARD
]]></system-out>
    <system-err><![CDATA[Starting ChromeDriver 113.0.5672.63 (0e1a4471d5ae5bf128b1bd8f4d627c8cbd55f70c-refs/branch-heads/5672@{#912}) on port 37310
Only local connections are allowed.
Please see https://chromedriver.chromium.org/security-considerations for suggestions on keeping ChromeDriver safe.
ChromeDriver was started successfully.
May 10, 2023 3:27:17 PM org.openqa.selenium.devtools.CdpVersionFinder findNearestMatch
WARNING: Unable to find CDP implementation matching 113
May 10, 2023 3:27:17 PM org.openqa.selenium.chromium.ChromiumDriver lambda$new$3
WARNING: Unable to find version of CDP to use for . You may need to include a dependency on a specific version of the CDP using something similar to `org.seleniumhq.selenium:selenium-devtools-v86:4.7.1` where the version ("v86") matches the version of the chromium-based browser you're using and the version number of the artifact is the same as Selenium's.
]]></system-err>
  </testcase>
  <testcase name="user bisa membayar produk yang diinginkan" classname="Transaksi" time="13.048">
    <error type="org.openqa.selenium.StaleElementReferenceException"><![CDATA[org.openqa.selenium.StaleElementReferenceException: 
stale element reference: stale element not found
  (Session info: chrome=113.0.5672.92)
For documentation on this error, please visit: https://selenium.dev/exceptions/#stale_element_reference
Build info: version: '4.7.1', revision: 'c6795baf1a3'
System info: os.name: 'Windows 11', os.arch: 'amd64', os.version: '10.0', java.version: '19.0.2'
Driver info: org.openqa.selenium.chrome.ChromeDriver
Command: [2aba82c3cbed94ac67766cb629b24f1a, isElementDisplayed {id=7F3107C72A6FE5DA8DF3C19A5A934A2D_element_22}]
Capabilities {acceptInsecureCerts: true, browserName: chrome, browserVersion: 113.0.5672.92, chrome: {chromedriverVersion: 113.0.5672.63 (0e1a4471d5ae..., userDataDir: C:\Users\HP\AppData\Local\T...}, goog:chromeOptions: {debuggerAddress: localhost:58030}, networkConnectionEnabled: false, pageLoadStrategy: normal, platformName: WINDOWS, proxy: Proxy(), se:cdp: ws://localhost:58030/devtoo..., se:cdpVersion: 113.0.5672.92, setWindowRect: true, strictFileInteractability: false, timeouts: {implicit: 0, pageLoad: 300000, script: 30000}, unhandledPromptBehavior: dismiss and notify, webauthn:extension:credBlob: true, webauthn:extension:largeBlob: true, webauthn:extension:minPinLength: true, webauthn:extension:prf: true, webauthn:virtualAuthenticators: true}
Element: [[ChromeDriver: chrome on WINDOWS (2aba82c3cbed94ac67766cb629b24f1a)] -> xpath: //*[@id="app"]/div[1]/main/div/div/div]
Session ID: 2aba82c3cbed94ac67766cb629b24f1a
]]></error>
    <system-out><![CDATA[15:27:23.973 [main] INFO io.cucumber.core.plugin.SerenityReporter - Running feature from file:///C:/Users/HP/Downloads/Mini-Project-QA/ALTASHOP%20WEB%20AUTOMATION/src/test/resources/features/3.%20Transaksi.feature
15:27:23.973 [main] DEBUG net.thucydides.core.steps.StepEventBus - Test suite started for story net.thucydides.core.model.Story@75f83c00
15:27:23.973 [main] INFO  - Test Suite Started: Transaksi

@Transaksi01-Web-Positive
Scenario: user bisa membayar produk yang diinginkan                       &amp#27;[90m# src/test/resources/features/3. Transaksi.feature:5&amp#27;[0m
15:27:23.973 [main] INFO io.cucumber.core.plugin.SerenityReporter - Running feature from file:///C:/Users/HP/Downloads/Mini-Project-QA/ALTASHOP%20WEB%20AUTOMATION/src/test/resources/features/3.%20Transaksi.feature
15:27:23.973 [main] INFO  - 
  _____   ___   ___   _____     ___   _____     _     ___   _____   ___   ___  
 |_   _| | __| / __| |_   _|   / __| |_   _|   /_\   | _ \ |_   _| | __| |   \ 
   | |   | _|  \__ \   | |     \__ \   | |    / _ \  |   /   | |   | _|  | |) |
   |_|   |___| |___/   |_|     |___/   |_|   /_/ \_\ |_|_\   |_|   |___| |___/ 

user bisa membayar produk yang diinginkan(transaksi;user-bisa-membayar-produk-yang-diinginkan)
--------------------------------------------------------------------------------
15:27:24.130 [main] DEBUG net.thucydides.core.steps.StepInterceptor - STARTING STEP: TransaksiSteps.userBeradaDiHomepageAltaShopDanLoginAkun - diHomepageAltaShop
15:27:24.192 [main] INFO net.serenitybdd.core.webdriver.driverproviders.ChromeDriverProvider - Starting Chrome driver instance with capabilities:
15:27:24.192 [main] INFO net.serenitybdd.core.webdriver.driverproviders.ChromeDriverProvider - Capabilities {acceptInsecureCerts: true, browserName: chrome, goog:chromeOptions: {args: [remote-allow-origins=*, test-type, no-sandbox, ignore-certificate-errors, start-maximized, incognito, disable-infobars, disable-gpu, disable-default-apps, disable-popup-blocking, remote-allow-origins=*, test-type, no-sandbox, ignore-certificate-errors, start-maximized, incognito, disable-infobars, disable-gpu, disable-default-apps, disable-popup-blocking], extensions: []}}
15:27:24.302 [AsyncHttpClient-1-3] DEBUG org.asynchttpclient.netty.channel.NettyConnectListener - Using new Channel '[id: 0x6b81f478, L:/127.0.0.1:58029 - R:localhost/127.0.0.1:13965]' for 'POST' to '/session'
15:27:24.447 [AsyncHttpClient-1-1] DEBUG org.asynchttpclient.netty.channel.DefaultChannelPool - Entry count for : http://localhost:37310 : 1
15:27:24.447 [AsyncHttpClient-1-1] DEBUG org.asynchttpclient.netty.channel.DefaultChannelPool - Entry count for : http://localhost:57999 : 1
15:27:24.447 [AsyncHttpClient-1-1] DEBUG org.asynchttpclient.netty.channel.DefaultChannelPool - Adding Candidate expired Channel [id: 0xf6fe85f0, L:/127.0.0.1:57998 ! R:localhost/127.0.0.1:37310] isIdleTimeoutExpired=false isRemotelyClosed=true isTtlExpired=false
15:27:24.447 [AsyncHttpClient-1-1] DEBUG org.asynchttpclient.netty.channel.DefaultChannelPool - Closing Idle Channel [id: 0xf6fe85f0, L:/127.0.0.1:57998 ! R:localhost/127.0.0.1:37310]
15:27:24.447 [AsyncHttpClient-1-1] DEBUG org.asynchttpclient.netty.channel.DefaultChannelPool - Adding Candidate expired Channel [id: 0x7547fdbe, L:/127.0.0.1:58006 ! R:localhost/127.0.0.1:57999] isIdleTimeoutExpired=false isRemotelyClosed=true isTtlExpired=false
15:27:24.447 [AsyncHttpClient-1-1] DEBUG org.asynchttpclient.netty.channel.DefaultChannelPool - Closing Idle Channel [id: 0x7547fdbe, L:/127.0.0.1:58006 ! R:localhost/127.0.0.1:57999]
15:27:24.447 [AsyncHttpClient-1-1] DEBUG org.asynchttpclient.netty.channel.DefaultChannelPool - Closed 2 connections out of 2 in 0 ms
15:27:25.097 [AsyncHttpClient-1-3] DEBUG org.asynchttpclient.netty.handler.HttpHandler - 

Request DefaultHttpRequest(decodeResult: success, version: HTTP/1.1)
POST /session HTTP/1.1
User-Agent: selenium/4.7.1 (java windows)
Content-Length: 1629
Content-Type: application/json; charset=utf-8
host: localhost:13965
accept: */*

Response DefaultHttpResponse(decodeResult: success, version: HTTP/1.1)
HTTP/1.1 200 OK
Content-Type: application/json; charset=utf-8
cache-control: no-cache
content-length: 855

15:27:25.097 [AsyncHttpClient-1-3] DEBUG org.asynchttpclient.netty.channel.ChannelManager - Adding key: http://localhost:13965 for channel [id: 0x6b81f478, L:/127.0.0.1:58029 - R:localhost/127.0.0.1:13965]
15:27:25.106 [AsyncHttpClient-1-4] DEBUG org.asynchttpclient.netty.channel.NettyConnectListener - Using new Channel '[id: 0x53823e57, L:/127.0.0.1:58036 - R:localhost/127.0.0.1:58030]' for 'GET' to '/json/version'
15:27:25.107 [AsyncHttpClient-1-4] DEBUG org.asynchttpclient.netty.handler.HttpHandler - 

Request DefaultFullHttpRequest(decodeResult: success, version: HTTP/1.1, content: EmptyByteBufBE)
GET /json/version HTTP/1.1
User-Agent: selenium/4.7.1 (java windows)
host: localhost:58030
accept: */*

Response DefaultHttpResponse(decodeResult: success, version: HTTP/1.1)
HTTP/1.1 200 OK
Content-Security-Policy: frame-ancestors 'none'
Content-Type: application/json; charset=UTF-8
content-length: 422

15:27:25.107 [AsyncHttpClient-1-4] DEBUG org.asynchttpclient.netty.channel.ChannelManager - Adding key: http://localhost:58030 for channel [id: 0x53823e57, L:/127.0.0.1:58036 - R:localhost/127.0.0.1:58030]
15:27:25.111 [AsyncHttpClient-1-5] DEBUG org.asynchttpclient.netty.channel.NettyConnectListener - Using new Channel '[id: 0xe63c5b76, L:/127.0.0.1:58037 - R:localhost/127.0.0.1:58030]' for 'GET' to '/devtools/browser/5d378a51-4651-41cd-a555-714af9a2331b'
15:27:25.112 [AsyncHttpClient-1-5] DEBUG org.asynchttpclient.netty.handler.WebSocketHandler - 

Request DefaultFullHttpRequest(decodeResult: success, version: HTTP/1.1, content: EmptyByteBufBE)
GET /devtools/browser/5d378a51-4651-41cd-a555-714af9a2331b HTTP/1.1
upgrade: websocket
connection: upgrade
sec-websocket-key: nIadJNEqtSwSmRWhvrosrg==
sec-websocket-version: 13
origin: http://localhost:58030
host: localhost:58030
accept: */*
user-agent: AHC/2.1

Response DefaultHttpResponse(decodeResult: success, version: HTTP/1.1)
HTTP/1.1 101 WebSocket Protocol Handshake
Upgrade: WebSocket
Connection: Upgrade
Sec-WebSocket-Accept: g66xSsadd78/fs+0Bo/vWU/jHbo=

15:27:25.118 [Forwarding get on session 2aba82c3cbed94ac67766cb629b24f1a to remote] DEBUG org.asynchttpclient.netty.request.NettyRequestSender - Using pooled Channel '[id: 0x6b81f478, L:/127.0.0.1:58029 - R:localhost/127.0.0.1:13965]' for 'POST' to 'http://localhost:13965/session/2aba82c3cbed94ac67766cb629b24f1a/url'
15:27:25.118 [Forwarding get on session 2aba82c3cbed94ac67766cb629b24f1a to remote] DEBUG org.asynchttpclient.netty.request.NettyRequestSender - Using open Channel [id: 0x6b81f478, L:/127.0.0.1:58029 - R:localhost/127.0.0.1:13965] for POST '/session/2aba82c3cbed94ac67766cb629b24f1a/url'
15:27:25.547 [AsyncHttpClient-1-1] DEBUG org.asynchttpclient.netty.channel.DefaultChannelPool - Entry count for : http://localhost:58030 : 1
15:27:26.394 [AsyncHttpClient-1-3] DEBUG org.asynchttpclient.netty.handler.HttpHandler - 

Request DefaultHttpRequest(decodeResult: success, version: HTTP/1.1)
POST /session/2aba82c3cbed94ac67766cb629b24f1a/url HTTP/1.1
User-Agent: selenium/4.7.1 (java windows)
Content-Length: 59
Content-Type: application/json; charset=utf-8
host: localhost:13965
accept: */*

Response DefaultHttpResponse(decodeResult: success, version: HTTP/1.1)
HTTP/1.1 200 OK
Content-Type: application/json; charset=utf-8
cache-control: no-cache
content-length: 14

15:27:26.394 [AsyncHttpClient-1-3] DEBUG org.asynchttpclient.netty.channel.ChannelManager - Adding key: http://localhost:13965 for channel [id: 0x6b81f478, L:/127.0.0.1:58029 - R:localhost/127.0.0.1:13965]
15:27:26.396 [Forwarding setTimeout on session 2aba82c3cbed94ac67766cb629b24f1a to remote] DEBUG org.asynchttpclient.netty.request.NettyRequestSender - Using pooled Channel '[id: 0x6b81f478, L:/127.0.0.1:58029 - R:localhost/127.0.0.1:13965]' for 'POST' to 'http://localhost:13965/session/2aba82c3cbed94ac67766cb629b24f1a/timeouts'
15:27:26.396 [Forwarding setTimeout on session 2aba82c3cbed94ac67766cb629b24f1a to remote] DEBUG org.asynchttpclient.netty.request.NettyRequestSender - Using open Channel [id: 0x6b81f478, L:/127.0.0.1:58029 - R:localhost/127.0.0.1:13965] for POST '/session/2aba82c3cbed94ac67766cb629b24f1a/timeouts'
15:27:26.397 [AsyncHttpClient-1-3] DEBUG org.asynchttpclient.netty.handler.HttpHandler - 

Request DefaultHttpRequest(decodeResult: success, version: HTTP/1.1)
POST /session/2aba82c3cbed94ac67766cb629b24f1a/timeouts HTTP/1.1
User-Agent: selenium/4.7.1 (java windows)
Content-Length: 22
Content-Type: application/json; charset=utf-8
host: localhost:13965
accept: */*

Response DefaultHttpResponse(decodeResult: success, version: HTTP/1.1)
HTTP/1.1 200 OK
Content-Type: application/json; charset=utf-8
cache-control: no-cache
content-length: 14

15:27:26.397 [AsyncHttpClient-1-3] DEBUG org.asynchttpclient.netty.channel.ChannelManager - Adding key: http://localhost:13965 for channel [id: 0x6b81f478, L:/127.0.0.1:58029 - R:localhost/127.0.0.1:13965]
15:27:26.399 [Forwarding getCurrentUrl on session 2aba82c3cbed94ac67766cb629b24f1a to remote] DEBUG org.asynchttpclient.netty.request.NettyRequestSender - Using pooled Channel '[id: 0x6b81f478, L:/127.0.0.1:58029 - R:localhost/127.0.0.1:13965]' for 'GET' to 'http://localhost:13965/session/2aba82c3cbed94ac67766cb629b24f1a/url'
15:27:26.399 [Forwarding getCurrentUrl on session 2aba82c3cbed94ac67766cb629b24f1a to remote] DEBUG org.asynchttpclient.netty.request.NettyRequestSender - Using open Channel [id: 0x6b81f478, L:/127.0.0.1:58029 - R:localhost/127.0.0.1:13965] for GET '/session/2aba82c3cbed94ac67766cb629b24f1a/url'
15:27:26.407 [AsyncHttpClient-1-3] DEBUG org.asynchttpclient.netty.handler.HttpHandler - 

Request DefaultFullHttpRequest(decodeResult: success, version: HTTP/1.1, content: EmptyByteBufBE)
GET /session/2aba82c3cbed94ac67766cb629b24f1a/url HTTP/1.1
User-Agent: selenium/4.7.1 (java windows)
Cache-Control: no-cache
Content-Type: application/json; charset=utf-8
host: localhost:13965
accept: */*

Response DefaultHttpResponse(decodeResult: success, version: HTTP/1.1)
HTTP/1.1 200 OK
Content-Type: application/json; charset=utf-8
cache-control: no-cache
content-length: 41

15:27:26.407 [AsyncHttpClient-1-3] DEBUG org.asynchttpclient.netty.channel.ChannelManager - Adding key: http://localhost:13965 for channel [id: 0x6b81f478, L:/127.0.0.1:58029 - R:localhost/127.0.0.1:13965]
15:27:26.410 [Forwarding getCurrentUrl on session 2aba82c3cbed94ac67766cb629b24f1a to remote] DEBUG org.asynchttpclient.netty.request.NettyRequestSender - Using pooled Channel '[id: 0x6b81f478, L:/127.0.0.1:58029 - R:localhost/127.0.0.1:13965]' for 'GET' to 'http://localhost:13965/session/2aba82c3cbed94ac67766cb629b24f1a/url'
15:27:26.410 [Forwarding getCurrentUrl on session 2aba82c3cbed94ac67766cb629b24f1a to remote] DEBUG org.asynchttpclient.netty.request.NettyRequestSender - Using open Channel [id: 0x6b81f478, L:/127.0.0.1:58029 - R:localhost/127.0.0.1:13965] for GET '/session/2aba82c3cbed94ac67766cb629b24f1a/url'
15:27:26.415 [AsyncHttpClient-1-3] DEBUG org.asynchttpclient.netty.handler.HttpHandler - 

Request DefaultFullHttpRequest(decodeResult: success, version: HTTP/1.1, content: EmptyByteBufBE)
GET /session/2aba82c3cbed94ac67766cb629b24f1a/url HTTP/1.1
User-Agent: selenium/4.7.1 (java windows)
Cache-Control: no-cache
Content-Type: application/json; charset=utf-8
host: localhost:13965
accept: */*

Response DefaultHttpResponse(decodeResult: success, version: HTTP/1.1)
HTTP/1.1 200 OK
Content-Type: application/json; charset=utf-8
cache-control: no-cache
content-length: 41

15:27:26.415 [AsyncHttpClient-1-3] DEBUG org.asynchttpclient.netty.channel.ChannelManager - Adding key: http://localhost:13965 for channel [id: 0x6b81f478, L:/127.0.0.1:58029 - R:localhost/127.0.0.1:13965]
15:27:26.419 [Forwarding findElement on session 2aba82c3cbed94ac67766cb629b24f1a to remote] DEBUG org.asynchttpclient.netty.request.NettyRequestSender - Using pooled Channel '[id: 0x6b81f478, L:/127.0.0.1:58029 - R:localhost/127.0.0.1:13965]' for 'POST' to 'http://localhost:13965/session/2aba82c3cbed94ac67766cb629b24f1a/element'
15:27:26.419 [Forwarding findElement on session 2aba82c3cbed94ac67766cb629b24f1a to remote] DEBUG org.asynchttpclient.netty.request.NettyRequestSender - Using open Channel [id: 0x6b81f478, L:/127.0.0.1:58029 - R:localhost/127.0.0.1:13965] for POST '/session/2aba82c3cbed94ac67766cb629b24f1a/element'
15:27:26.435 [AsyncHttpClient-1-3] DEBUG org.asynchttpclient.netty.handler.HttpHandler - 

Request DefaultHttpRequest(decodeResult: success, version: HTTP/1.1)
POST /session/2aba82c3cbed94ac67766cb629b24f1a/element HTTP/1.1
User-Agent: selenium/4.7.1 (java windows)
Content-Length: 108
Content-Type: application/json; charset=utf-8
host: localhost:13965
accept: */*

Response DefaultHttpResponse(decodeResult: success, version: HTTP/1.1)
HTTP/1.1 200 OK
Content-Type: application/json; charset=utf-8
cache-control: no-cache
content-length: 94

15:27:26.435 [AsyncHttpClient-1-3] DEBUG org.asynchttpclient.netty.channel.ChannelManager - Adding key: http://localhost:13965 for channel [id: 0x6b81f478, L:/127.0.0.1:58029 - R:localhost/127.0.0.1:13965]
15:27:26.440 [Forwarding isElementDisplayed on session 2aba82c3cbed94ac67766cb629b24f1a to remote] DEBUG org.asynchttpclient.netty.request.NettyRequestSender - Using pooled Channel '[id: 0x6b81f478, L:/127.0.0.1:58029 - R:localhost/127.0.0.1:13965]' for 'POST' to 'http://localhost:13965/session/2aba82c3cbed94ac67766cb629b24f1a/execute/sync'
15:27:26.440 [Forwarding isElementDisplayed on session 2aba82c3cbed94ac67766cb629b24f1a to remote] DEBUG org.asynchttpclient.netty.request.NettyRequestSender - Using open Channel [id: 0x6b81f478, L:/127.0.0.1:58029 - R:localhost/127.0.0.1:13965] for POST '/session/2aba82c3cbed94ac67766cb629b24f1a/execute/sync'
15:27:26.458 [AsyncHttpClient-1-3] DEBUG org.asynchttpclient.netty.handler.HttpHandler - 

Request DefaultHttpRequest(decodeResult: success, version: HTTP/1.1)
POST /session/2aba82c3cbed94ac67766cb629b24f1a/execute/sync HTTP/1.1
User-Agent: selenium/4.7.1 (java windows)
Content-Length: 48786
Content-Type: application/json; charset=utf-8
host: localhost:13965
accept: */*

Response DefaultHttpResponse(decodeResult: success, version: HTTP/1.1)
HTTP/1.1 200 OK
Content-Type: application/json; charset=utf-8
cache-control: no-cache
content-length: 14

15:27:26.458 [AsyncHttpClient-1-3] DEBUG org.asynchttpclient.netty.channel.ChannelManager - Adding key: http://localhost:13965 for channel [id: 0x6b81f478, L:/127.0.0.1:58029 - R:localhost/127.0.0.1:13965]
15:27:26.460 [Forwarding isElementDisplayed on session 2aba82c3cbed94ac67766cb629b24f1a to remote] DEBUG org.asynchttpclient.netty.request.NettyRequestSender - Using pooled Channel '[id: 0x6b81f478, L:/127.0.0.1:58029 - R:localhost/127.0.0.1:13965]' for 'POST' to 'http://localhost:13965/session/2aba82c3cbed94ac67766cb629b24f1a/execute/sync'
15:27:26.460 [Forwarding isElementDisplayed on session 2aba82c3cbed94ac67766cb629b24f1a to remote] DEBUG org.asynchttpclient.netty.request.NettyRequestSender - Using open Channel [id: 0x6b81f478, L:/127.0.0.1:58029 - R:localhost/127.0.0.1:13965] for POST '/session/2aba82c3cbed94ac67766cb629b24f1a/execute/sync'
15:27:26.476 [AsyncHttpClient-1-3] DEBUG org.asynchttpclient.netty.handler.HttpHandler - 

Request DefaultHttpRequest(decodeResult: success, version: HTTP/1.1)
POST /session/2aba82c3cbed94ac67766cb629b24f1a/execute/sync HTTP/1.1
User-Agent: selenium/4.7.1 (java windows)
Content-Length: 48786
Content-Type: application/json; charset=utf-8
host: localhost:13965
accept: */*

Response DefaultHttpResponse(decodeResult: success, version: HTTP/1.1)
HTTP/1.1 200 OK
Content-Type: application/json; charset=utf-8
cache-control: no-cache
content-length: 14

15:27:26.476 [AsyncHttpClient-1-3] DEBUG org.asynchttpclient.netty.channel.ChannelManager - Adding key: http://localhost:13965 for channel [id: 0x6b81f478, L:/127.0.0.1:58029 - R:localhost/127.0.0.1:13965]
15:27:26.480 [main] DEBUG net.serenitybdd.core.photography.Darkroom - Opening darkroom
15:27:26.481 [Darkroom Processing Line] DEBUG net.serenitybdd.core.photography.DarkroomProcessingLine - Darkroom processing line starting up
15:27:26.481 [Forwarding getCurrentWindowHandle on session 2aba82c3cbed94ac67766cb629b24f1a to remote] DEBUG org.asynchttpclient.netty.request.NettyRequestSender - Using pooled Channel '[id: 0x6b81f478, L:/127.0.0.1:58029 - R:localhost/127.0.0.1:13965]' for 'GET' to 'http://localhost:13965/session/2aba82c3cbed94ac67766cb629b24f1a/window'
15:27:26.481 [Forwarding getCurrentWindowHandle on session 2aba82c3cbed94ac67766cb629b24f1a to remote] DEBUG org.asynchttpclient.netty.request.NettyRequestSender - Using open Channel [id: 0x6b81f478, L:/127.0.0.1:58029 - R:localhost/127.0.0.1:13965] for GET '/session/2aba82c3cbed94ac67766cb629b24f1a/window'
15:27:26.482 [AsyncHttpClient-1-3] DEBUG org.asynchttpclient.netty.handler.HttpHandler - 

Request DefaultFullHttpRequest(decodeResult: success, version: HTTP/1.1, content: EmptyByteBufBE)
GET /session/2aba82c3cbed94ac67766cb629b24f1a/window HTTP/1.1
User-Agent: selenium/4.7.1 (java windows)
Cache-Control: no-cache
Content-Type: application/json; charset=utf-8
host: localhost:13965
accept: */*

Response DefaultHttpResponse(decodeResult: success, version: HTTP/1.1)
HTTP/1.1 200 OK
Content-Type: application/json; charset=utf-8
cache-control: no-cache
content-length: 44

15:27:26.482 [AsyncHttpClient-1-3] DEBUG org.asynchttpclient.netty.channel.ChannelManager - Adding key: http://localhost:13965 for channel [id: 0x6b81f478, L:/127.0.0.1:58029 - R:localhost/127.0.0.1:13965]
15:27:26.482 [Forwarding getAlertText on session 2aba82c3cbed94ac67766cb629b24f1a to remote] DEBUG org.asynchttpclient.netty.request.NettyRequestSender - Using pooled Channel '[id: 0x6b81f478, L:/127.0.0.1:58029 - R:localhost/127.0.0.1:13965]' for 'GET' to 'http://localhost:13965/session/2aba82c3cbed94ac67766cb629b24f1a/alert/text'
15:27:26.482 [Forwarding getAlertText on session 2aba82c3cbed94ac67766cb629b24f1a to remote] DEBUG org.asynchttpclient.netty.request.NettyRequestSender - Using open Channel [id: 0x6b81f478, L:/127.0.0.1:58029 - R:localhost/127.0.0.1:13965] for GET '/session/2aba82c3cbed94ac67766cb629b24f1a/alert/text'
15:27:26.485 [AsyncHttpClient-1-3] DEBUG org.asynchttpclient.netty.handler.HttpHandler - 

Request DefaultFullHttpRequest(decodeResult: success, version: HTTP/1.1, content: EmptyByteBufBE)
GET /session/2aba82c3cbed94ac67766cb629b24f1a/alert/text HTTP/1.1
User-Agent: selenium/4.7.1 (java windows)
Cache-Control: no-cache
Content-Type: application/json; charset=utf-8
host: localhost:13965
accept: */*

Response DefaultHttpResponse(decodeResult: success, version: HTTP/1.1)
HTTP/1.1 404 Not Found
Content-Type: application/json; charset=utf-8
cache-control: no-cache
content-length: 820

15:27:26.486 [AsyncHttpClient-1-3] DEBUG org.asynchttpclient.netty.channel.ChannelManager - Adding key: http://localhost:13965 for channel [id: 0x6b81f478, L:/127.0.0.1:58029 - R:localhost/127.0.0.1:13965]
15:27:26.487 [Forwarding switchToWindow on session 2aba82c3cbed94ac67766cb629b24f1a to remote] DEBUG org.asynchttpclient.netty.request.NettyRequestSender - Using pooled Channel '[id: 0x6b81f478, L:/127.0.0.1:58029 - R:localhost/127.0.0.1:13965]' for 'POST' to 'http://localhost:13965/session/2aba82c3cbed94ac67766cb629b24f1a/window'
15:27:26.488 [Forwarding switchToWindow on session 2aba82c3cbed94ac67766cb629b24f1a to remote] DEBUG org.asynchttpclient.netty.request.NettyRequestSender - Using open Channel [id: 0x6b81f478, L:/127.0.0.1:58029 - R:localhost/127.0.0.1:13965] for POST '/session/2aba82c3cbed94ac67766cb629b24f1a/window'
15:27:26.490 [AsyncHttpClient-1-3] DEBUG org.asynchttpclient.netty.handler.HttpHandler - 

Request DefaultHttpRequest(decodeResult: success, version: HTTP/1.1)
POST /session/2aba82c3cbed94ac67766cb629b24f1a/window HTTP/1.1
User-Agent: selenium/4.7.1 (java windows)
Content-Length: 50
Content-Type: application/json; charset=utf-8
host: localhost:13965
accept: */*

Response DefaultHttpResponse(decodeResult: success, version: HTTP/1.1)
HTTP/1.1 200 OK
Content-Type: application/json; charset=utf-8
cache-control: no-cache
content-length: 14

15:27:26.490 [AsyncHttpClient-1-3] DEBUG org.asynchttpclient.netty.channel.ChannelManager - Adding key: http://localhost:13965 for channel [id: 0x6b81f478, L:/127.0.0.1:58029 - R:localhost/127.0.0.1:13965]
15:27:26.491 [Forwarding getCurrentUrl on session 2aba82c3cbed94ac67766cb629b24f1a to remote] DEBUG org.asynchttpclient.netty.request.NettyRequestSender - Using pooled Channel '[id: 0x6b81f478, L:/127.0.0.1:58029 - R:localhost/127.0.0.1:13965]' for 'GET' to 'http://localhost:13965/session/2aba82c3cbed94ac67766cb629b24f1a/url'
15:27:26.491 [Forwarding getCurrentUrl on session 2aba82c3cbed94ac67766cb629b24f1a to remote] DEBUG org.asynchttpclient.netty.request.NettyRequestSender - Using open Channel [id: 0x6b81f478, L:/127.0.0.1:58029 - R:localhost/127.0.0.1:13965] for GET '/session/2aba82c3cbed94ac67766cb629b24f1a/url'
15:27:26.494 [AsyncHttpClient-1-3] DEBUG org.asynchttpclient.netty.handler.HttpHandler - 

Request DefaultFullHttpRequest(decodeResult: success, version: HTTP/1.1, content: EmptyByteBufBE)
GET /session/2aba82c3cbed94ac67766cb629b24f1a/url HTTP/1.1
User-Agent: selenium/4.7.1 (java windows)
Cache-Control: no-cache
Content-Type: application/json; charset=utf-8
host: localhost:13965
accept: */*

Response DefaultHttpResponse(decodeResult: success, version: HTTP/1.1)
HTTP/1.1 200 OK
Content-Type: application/json; charset=utf-8
cache-control: no-cache
content-length: 41

15:27:26.495 [AsyncHttpClient-1-3] DEBUG org.asynchttpclient.netty.channel.ChannelManager - Adding key: http://localhost:13965 for channel [id: 0x6b81f478, L:/127.0.0.1:58029 - R:localhost/127.0.0.1:13965]
15:27:26.495 [Forwarding screenshot on session 2aba82c3cbed94ac67766cb629b24f1a to remote] DEBUG org.asynchttpclient.netty.request.NettyRequestSender - Using pooled Channel '[id: 0x6b81f478, L:/127.0.0.1:58029 - R:localhost/127.0.0.1:13965]' for 'GET' to 'http://localhost:13965/session/2aba82c3cbed94ac67766cb629b24f1a/screenshot'
15:27:26.495 [Forwarding screenshot on session 2aba82c3cbed94ac67766cb629b24f1a to remote] DEBUG org.asynchttpclient.netty.request.NettyRequestSender - Using open Channel [id: 0x6b81f478, L:/127.0.0.1:58029 - R:localhost/127.0.0.1:13965] for GET '/session/2aba82c3cbed94ac67766cb629b24f1a/screenshot'
15:27:26.614 [AsyncHttpClient-1-3] DEBUG org.asynchttpclient.netty.handler.HttpHandler - 

Request DefaultFullHttpRequest(decodeResult: success, version: HTTP/1.1, content: EmptyByteBufBE)
GET /session/2aba82c3cbed94ac67766cb629b24f1a/screenshot HTTP/1.1
User-Agent: selenium/4.7.1 (java windows)
Cache-Control: no-cache
Content-Type: application/json; charset=utf-8
host: localhost:13965
accept: */*

Response DefaultHttpResponse(decodeResult: success, version: HTTP/1.1)
HTTP/1.1 200 OK
Content-Type: application/json; charset=utf-8
cache-control: no-cache
content-length: 32732

15:27:26.615 [AsyncHttpClient-1-3] DEBUG org.asynchttpclient.netty.channel.ChannelManager - Adding key: http://localhost:13965 for channel [id: 0x6b81f478, L:/127.0.0.1:58029 - R:localhost/127.0.0.1:13965]
15:27:26.616 [main] DEBUG net.serenitybdd.core.photography.Darkroom - Send negative for processing for target\site\serenity\4b07ca94d789a6d44bf7606c933e06ca93a9a80bc74932da6e8c1b782416d23e.png
15:27:26.616 [main] DEBUG net.thucydides.core.steps.StepInterceptor - STEP DONE: diHomepageAltaShop
15:27:26.616 [Darkroom Processing Line] DEBUG net.serenitybdd.core.photography.DarkroomProcessingLine - Processing screenshot image in /var/screenshots/screenshot-9070446612542274596
15:27:26.616 [Darkroom Processing Line] DEBUG net.serenitybdd.core.photography.DarkroomProcessingLine - Saving screenshot to target\site\serenity\4b07ca94d789a6d44bf7606c933e06ca93a9a80bc74932da6e8c1b782416d23e.png
15:27:26.621 [main] DEBUG net.thucydides.core.steps.StepInterceptor - STARTING STEP: TransaksiSteps.userBeradaDiHomepageAltaShopDanLoginAkun - klikButtonLogin
15:27:26.624 [Forwarding findElement on session 2aba82c3cbed94ac67766cb629b24f1a to remote] DEBUG org.asynchttpclient.netty.request.NettyRequestSender - Using pooled Channel '[id: 0x6b81f478, L:/127.0.0.1:58029 - R:localhost/127.0.0.1:13965]' for 'POST' to 'http://localhost:13965/session/2aba82c3cbed94ac67766cb629b24f1a/element'
15:27:26.624 [Forwarding findElement on session 2aba82c3cbed94ac67766cb629b24f1a to remote] DEBUG org.asynchttpclient.netty.request.NettyRequestSender - Using open Channel [id: 0x6b81f478, L:/127.0.0.1:58029 - R:localhost/127.0.0.1:13965] for POST '/session/2aba82c3cbed94ac67766cb629b24f1a/element'
15:27:26.635 [AsyncHttpClient-1-3] DEBUG org.asynchttpclient.netty.handler.HttpHandler - 

Request DefaultHttpRequest(decodeResult: success, version: HTTP/1.1)
POST /session/2aba82c3cbed94ac67766cb629b24f1a/element HTTP/1.1
User-Agent: selenium/4.7.1 (java windows)
Content-Length: 108
Content-Type: application/json; charset=utf-8
host: localhost:13965
accept: */*

Response DefaultHttpResponse(decodeResult: success, version: HTTP/1.1)
HTTP/1.1 200 OK
Content-Type: application/json; charset=utf-8
cache-control: no-cache
content-length: 94

15:27:26.635 [AsyncHttpClient-1-3] DEBUG org.asynchttpclient.netty.channel.ChannelManager - Adding key: http://localhost:13965 for channel [id: 0x6b81f478, L:/127.0.0.1:58029 - R:localhost/127.0.0.1:13965]
15:27:26.636 [Forwarding getElementTagName on session 2aba82c3cbed94ac67766cb629b24f1a to remote] DEBUG org.asynchttpclient.netty.request.NettyRequestSender - Using pooled Channel '[id: 0x6b81f478, L:/127.0.0.1:58029 - R:localhost/127.0.0.1:13965]' for 'GET' to 'http://localhost:13965/session/2aba82c3cbed94ac67766cb629b24f1a/element/7F3107C72A6FE5DA8DF3C19A5A934A2D_element_5/name'
15:27:26.636 [Forwarding getElementTagName on session 2aba82c3cbed94ac67766cb629b24f1a to remote] DEBUG org.asynchttpclient.netty.request.NettyRequestSender - Using open Channel [id: 0x6b81f478, L:/127.0.0.1:58029 - R:localhost/127.0.0.1:13965] for GET '/session/2aba82c3cbed94ac67766cb629b24f1a/element/7F3107C72A6FE5DA8DF3C19A5A934A2D_element_5/name'
15:27:26.643 [AsyncHttpClient-1-3] DEBUG org.asynchttpclient.netty.handler.HttpHandler - 

Request DefaultFullHttpRequest(decodeResult: success, version: HTTP/1.1, content: EmptyByteBufBE)
GET /session/2aba82c3cbed94ac67766cb629b24f1a/element/7F3107C72A6FE5DA8DF3C19A5A934A2D_element_5/name HTTP/1.1
User-Agent: selenium/4.7.1 (java windows)
Cache-Control: no-cache
Content-Type: application/json; charset=utf-8
host: localhost:13965
accept: */*

Response DefaultHttpResponse(decodeResult: success, version: HTTP/1.1)
HTTP/1.1 200 OK
Content-Type: application/json; charset=utf-8
cache-control: no-cache
content-length: 18

15:27:26.643 [AsyncHttpClient-1-3] DEBUG org.asynchttpclient.netty.channel.ChannelManager - Adding key: http://localhost:13965 for channel [id: 0x6b81f478, L:/127.0.0.1:58029 - R:localhost/127.0.0.1:13965]
15:27:26.644 [Forwarding getElementTagName on session 2aba82c3cbed94ac67766cb629b24f1a to remote] DEBUG org.asynchttpclient.netty.request.NettyRequestSender - Using pooled Channel '[id: 0x6b81f478, L:/127.0.0.1:58029 - R:localhost/127.0.0.1:13965]' for 'GET' to 'http://localhost:13965/session/2aba82c3cbed94ac67766cb629b24f1a/element/7F3107C72A6FE5DA8DF3C19A5A934A2D_element_5/name'
15:27:26.644 [Forwarding getElementTagName on session 2aba82c3cbed94ac67766cb629b24f1a to remote] DEBUG org.asynchttpclient.netty.request.NettyRequestSender - Using open Channel [id: 0x6b81f478, L:/127.0.0.1:58029 - R:localhost/127.0.0.1:13965] for GET '/session/2aba82c3cbed94ac67766cb629b24f1a/element/7F3107C72A6FE5DA8DF3C19A5A934A2D_element_5/name'
15:27:26.646 [AsyncHttpClient-1-1] DEBUG org.asynchttpclient.netty.channel.DefaultChannelPool - Entry count for : http://localhost:58030 : 1
15:27:26.654 [AsyncHttpClient-1-3] DEBUG org.asynchttpclient.netty.handler.HttpHandler - 

Request DefaultFullHttpRequest(decodeResult: success, version: HTTP/1.1, content: EmptyByteBufBE)
GET /session/2aba82c3cbed94ac67766cb629b24f1a/element/7F3107C72A6FE5DA8DF3C19A5A934A2D_element_5/name HTTP/1.1
User-Agent: selenium/4.7.1 (java windows)
Cache-Control: no-cache
Content-Type: application/json; charset=utf-8
host: localhost:13965
accept: */*

Response DefaultHttpResponse(decodeResult: success, version: HTTP/1.1)
HTTP/1.1 200 OK
Content-Type: application/json; charset=utf-8
cache-control: no-cache
content-length: 18

15:27:26.654 [AsyncHttpClient-1-3] DEBUG org.asynchttpclient.netty.channel.ChannelManager - Adding key: http://localhost:13965 for channel [id: 0x6b81f478, L:/127.0.0.1:58029 - R:localhost/127.0.0.1:13965]
15:27:26.656 [Forwarding isElementEnabled on session 2aba82c3cbed94ac67766cb629b24f1a to remote] DEBUG org.asynchttpclient.netty.request.NettyRequestSender - Using pooled Channel '[id: 0x6b81f478, L:/127.0.0.1:58029 - R:localhost/127.0.0.1:13965]' for 'GET' to 'http://localhost:13965/session/2aba82c3cbed94ac67766cb629b24f1a/element/7F3107C72A6FE5DA8DF3C19A5A934A2D_element_5/enabled'
15:27:26.656 [Forwarding isElementEnabled on session 2aba82c3cbed94ac67766cb629b24f1a to remote] DEBUG org.asynchttpclient.netty.request.NettyRequestSender - Using open Channel [id: 0x6b81f478, L:/127.0.0.1:58029 - R:localhost/127.0.0.1:13965] for GET '/session/2aba82c3cbed94ac67766cb629b24f1a/element/7F3107C72A6FE5DA8DF3C19A5A934A2D_element_5/enabled'
15:27:26.666 [AsyncHttpClient-1-3] DEBUG org.asynchttpclient.netty.handler.HttpHandler - 

Request DefaultFullHttpRequest(decodeResult: success, version: HTTP/1.1, content: EmptyByteBufBE)
GET /session/2aba82c3cbed94ac67766cb629b24f1a/element/7F3107C72A6FE5DA8DF3C19A5A934A2D_element_5/enabled HTTP/1.1
User-Agent: selenium/4.7.1 (java windows)
Cache-Control: no-cache
Content-Type: application/json; charset=utf-8
host: localhost:13965
accept: */*

Response DefaultHttpResponse(decodeResult: success, version: HTTP/1.1)
HTTP/1.1 200 OK
Content-Type: application/json; charset=utf-8
cache-control: no-cache
content-length: 14

15:27:26.666 [AsyncHttpClient-1-3] DEBUG org.asynchttpclient.netty.channel.ChannelManager - Adding key: http://localhost:13965 for channel [id: 0x6b81f478, L:/127.0.0.1:58029 - R:localhost/127.0.0.1:13965]
15:27:26.668 [Forwarding isElementEnabled on session 2aba82c3cbed94ac67766cb629b24f1a to remote] DEBUG org.asynchttpclient.netty.request.NettyRequestSender - Using pooled Channel '[id: 0x6b81f478, L:/127.0.0.1:58029 - R:localhost/127.0.0.1:13965]' for 'GET' to 'http://localhost:13965/session/2aba82c3cbed94ac67766cb629b24f1a/element/7F3107C72A6FE5DA8DF3C19A5A934A2D_element_5/enabled'
15:27:26.668 [Forwarding isElementEnabled on session 2aba82c3cbed94ac67766cb629b24f1a to remote] DEBUG org.asynchttpclient.netty.request.NettyRequestSender - Using open Channel [id: 0x6b81f478, L:/127.0.0.1:58029 - R:localhost/127.0.0.1:13965] for GET '/session/2aba82c3cbed94ac67766cb629b24f1a/element/7F3107C72A6FE5DA8DF3C19A5A934A2D_element_5/enabled'
15:27:26.679 [AsyncHttpClient-1-3] DEBUG org.asynchttpclient.netty.handler.HttpHandler - 

Request DefaultFullHttpRequest(decodeResult: success, version: HTTP/1.1, content: EmptyByteBufBE)
GET /session/2aba82c3cbed94ac67766cb629b24f1a/element/7F3107C72A6FE5DA8DF3C19A5A934A2D_element_5/enabled HTTP/1.1
User-Agent: selenium/4.7.1 (java windows)
Cache-Control: no-cache
Content-Type: application/json; charset=utf-8
host: localhost:13965
accept: */*

Response DefaultHttpResponse(decodeResult: success, version: HTTP/1.1)
HTTP/1.1 200 OK
Content-Type: application/json; charset=utf-8
cache-control: no-cache
content-length: 14

15:27:26.679 [AsyncHttpClient-1-3] DEBUG org.asynchttpclient.netty.channel.ChannelManager - Adding key: http://localhost:13965 for channel [id: 0x6b81f478, L:/127.0.0.1:58029 - R:localhost/127.0.0.1:13965]
15:27:26.681 [Forwarding findElement on session 2aba82c3cbed94ac67766cb629b24f1a to remote] DEBUG org.asynchttpclient.netty.request.NettyRequestSender - Using pooled Channel '[id: 0x6b81f478, L:/127.0.0.1:58029 - R:localhost/127.0.0.1:13965]' for 'POST' to 'http://localhost:13965/session/2aba82c3cbed94ac67766cb629b24f1a/element'
15:27:26.681 [Forwarding findElement on session 2aba82c3cbed94ac67766cb629b24f1a to remote] DEBUG org.asynchttpclient.netty.request.NettyRequestSender - Using open Channel [id: 0x6b81f478, L:/127.0.0.1:58029 - R:localhost/127.0.0.1:13965] for POST '/session/2aba82c3cbed94ac67766cb629b24f1a/element'
15:27:27.746 [AsyncHttpClient-1-1] DEBUG org.asynchttpclient.netty.channel.DefaultChannelPool - Entry count for : http://localhost:58030 : 1
15:27:28.848 [AsyncHttpClient-1-1] DEBUG org.asynchttpclient.netty.channel.DefaultChannelPool - Entry count for : http://localhost:58030 : 1
15:27:29.113 [AsyncHttpClient-1-3] DEBUG org.asynchttpclient.netty.handler.HttpHandler - 

Request DefaultHttpRequest(decodeResult: success, version: HTTP/1.1)
POST /session/2aba82c3cbed94ac67766cb629b24f1a/element HTTP/1.1
User-Agent: selenium/4.7.1 (java windows)
Content-Length: 108
Content-Type: application/json; charset=utf-8
host: localhost:13965
accept: */*

Response DefaultHttpResponse(decodeResult: success, version: HTTP/1.1)
HTTP/1.1 200 OK
Content-Type: application/json; charset=utf-8
cache-control: no-cache
content-length: 94

15:27:29.113 [AsyncHttpClient-1-3] DEBUG org.asynchttpclient.netty.channel.ChannelManager - Adding key: http://localhost:13965 for channel [id: 0x6b81f478, L:/127.0.0.1:58029 - R:localhost/127.0.0.1:13965]
15:27:29.114 [Forwarding clickElement on session 2aba82c3cbed94ac67766cb629b24f1a to remote] DEBUG org.asynchttpclient.netty.request.NettyRequestSender - Using pooled Channel '[id: 0x6b81f478, L:/127.0.0.1:58029 - R:localhost/127.0.0.1:13965]' for 'POST' to 'http://localhost:13965/session/2aba82c3cbed94ac67766cb629b24f1a/element/7F3107C72A6FE5DA8DF3C19A5A934A2D_element_5/click'
15:27:29.114 [Forwarding clickElement on session 2aba82c3cbed94ac67766cb629b24f1a to remote] DEBUG org.asynchttpclient.netty.request.NettyRequestSender - Using open Channel [id: 0x6b81f478, L:/127.0.0.1:58029 - R:localhost/127.0.0.1:13965] for POST '/session/2aba82c3cbed94ac67766cb629b24f1a/element/7F3107C72A6FE5DA8DF3C19A5A934A2D_element_5/click'
15:27:29.178 [AsyncHttpClient-1-3] DEBUG org.asynchttpclient.netty.handler.HttpHandler - 

Request DefaultHttpRequest(decodeResult: success, version: HTTP/1.1)
POST /session/2aba82c3cbed94ac67766cb629b24f1a/element/7F3107C72A6FE5DA8DF3C19A5A934A2D_element_5/click HTTP/1.1
User-Agent: selenium/4.7.1 (java windows)
Content-Length: 56
Content-Type: application/json; charset=utf-8
host: localhost:13965
accept: */*

Response DefaultHttpResponse(decodeResult: success, version: HTTP/1.1)
HTTP/1.1 200 OK
Content-Type: application/json; charset=utf-8
cache-control: no-cache
content-length: 14

15:27:29.178 [AsyncHttpClient-1-3] DEBUG org.asynchttpclient.netty.channel.ChannelManager - Adding key: http://localhost:13965 for channel [id: 0x6b81f478, L:/127.0.0.1:58029 - R:localhost/127.0.0.1:13965]
15:27:29.188 [Forwarding getCurrentWindowHandle on session 2aba82c3cbed94ac67766cb629b24f1a to remote] DEBUG org.asynchttpclient.netty.request.NettyRequestSender - Using pooled Channel '[id: 0x6b81f478, L:/127.0.0.1:58029 - R:localhost/127.0.0.1:13965]' for 'GET' to 'http://localhost:13965/session/2aba82c3cbed94ac67766cb629b24f1a/window'
15:27:29.188 [Forwarding getCurrentWindowHandle on session 2aba82c3cbed94ac67766cb629b24f1a to remote] DEBUG org.asynchttpclient.netty.request.NettyRequestSender - Using open Channel [id: 0x6b81f478, L:/127.0.0.1:58029 - R:localhost/127.0.0.1:13965] for GET '/session/2aba82c3cbed94ac67766cb629b24f1a/window'
15:27:29.189 [AsyncHttpClient-1-3] DEBUG org.asynchttpclient.netty.handler.HttpHandler - 

Request DefaultFullHttpRequest(decodeResult: success, version: HTTP/1.1, content: EmptyByteBufBE)
GET /session/2aba82c3cbed94ac67766cb629b24f1a/window HTTP/1.1
User-Agent: selenium/4.7.1 (java windows)
Cache-Control: no-cache
Content-Type: application/json; charset=utf-8
host: localhost:13965
accept: */*

Response DefaultHttpResponse(decodeResult: success, version: HTTP/1.1)
HTTP/1.1 200 OK
Content-Type: application/json; charset=utf-8
cache-control: no-cache
content-length: 44

15:27:29.189 [AsyncHttpClient-1-3] DEBUG org.asynchttpclient.netty.channel.ChannelManager - Adding key: http://localhost:13965 for channel [id: 0x6b81f478, L:/127.0.0.1:58029 - R:localhost/127.0.0.1:13965]
15:27:29.190 [Forwarding getAlertText on session 2aba82c3cbed94ac67766cb629b24f1a to remote] DEBUG org.asynchttpclient.netty.request.NettyRequestSender - Using pooled Channel '[id: 0x6b81f478, L:/127.0.0.1:58029 - R:localhost/127.0.0.1:13965]' for 'GET' to 'http://localhost:13965/session/2aba82c3cbed94ac67766cb629b24f1a/alert/text'
15:27:29.190 [Forwarding getAlertText on session 2aba82c3cbed94ac67766cb629b24f1a to remote] DEBUG org.asynchttpclient.netty.request.NettyRequestSender - Using open Channel [id: 0x6b81f478, L:/127.0.0.1:58029 - R:localhost/127.0.0.1:13965] for GET '/session/2aba82c3cbed94ac67766cb629b24f1a/alert/text'
15:27:29.434 [AsyncHttpClient-1-3] DEBUG org.asynchttpclient.netty.handler.HttpHandler - 

Request DefaultFullHttpRequest(decodeResult: success, version: HTTP/1.1, content: EmptyByteBufBE)
GET /session/2aba82c3cbed94ac67766cb629b24f1a/alert/text HTTP/1.1
User-Agent: selenium/4.7.1 (java windows)
Cache-Control: no-cache
Content-Type: application/json; charset=utf-8
host: localhost:13965
accept: */*

Response DefaultHttpResponse(decodeResult: success, version: HTTP/1.1)
HTTP/1.1 404 Not Found
Content-Type: application/json; charset=utf-8
cache-control: no-cache
content-length: 820

15:27:29.434 [AsyncHttpClient-1-3] DEBUG org.asynchttpclient.netty.channel.ChannelManager - Adding key: http://localhost:13965 for channel [id: 0x6b81f478, L:/127.0.0.1:58029 - R:localhost/127.0.0.1:13965]
15:27:29.437 [Forwarding switchToWindow on session 2aba82c3cbed94ac67766cb629b24f1a to remote] DEBUG org.asynchttpclient.netty.request.NettyRequestSender - Using pooled Channel '[id: 0x6b81f478, L:/127.0.0.1:58029 - R:localhost/127.0.0.1:13965]' for 'POST' to 'http://localhost:13965/session/2aba82c3cbed94ac67766cb629b24f1a/window'
15:27:29.437 [Forwarding switchToWindow on session 2aba82c3cbed94ac67766cb629b24f1a to remote] DEBUG org.asynchttpclient.netty.request.NettyRequestSender - Using open Channel [id: 0x6b81f478, L:/127.0.0.1:58029 - R:localhost/127.0.0.1:13965] for POST '/session/2aba82c3cbed94ac67766cb629b24f1a/window'
15:27:29.439 [AsyncHttpClient-1-3] DEBUG org.asynchttpclient.netty.handler.HttpHandler - 

Request DefaultHttpRequest(decodeResult: success, version: HTTP/1.1)
POST /session/2aba82c3cbed94ac67766cb629b24f1a/window HTTP/1.1
User-Agent: selenium/4.7.1 (java windows)
Content-Length: 50
Content-Type: application/json; charset=utf-8
host: localhost:13965
accept: */*

Response DefaultHttpResponse(decodeResult: success, version: HTTP/1.1)
HTTP/1.1 200 OK
Content-Type: application/json; charset=utf-8
cache-control: no-cache
content-length: 14

15:27:29.439 [AsyncHttpClient-1-3] DEBUG org.asynchttpclient.netty.channel.ChannelManager - Adding key: http://localhost:13965 for channel [id: 0x6b81f478, L:/127.0.0.1:58029 - R:localhost/127.0.0.1:13965]
15:27:29.440 [Forwarding getCurrentUrl on session 2aba82c3cbed94ac67766cb629b24f1a to remote] DEBUG org.asynchttpclient.netty.request.NettyRequestSender - Using pooled Channel '[id: 0x6b81f478, L:/127.0.0.1:58029 - R:localhost/127.0.0.1:13965]' for 'GET' to 'http://localhost:13965/session/2aba82c3cbed94ac67766cb629b24f1a/url'
15:27:29.440 [Forwarding getCurrentUrl on session 2aba82c3cbed94ac67766cb629b24f1a to remote] DEBUG org.asynchttpclient.netty.request.NettyRequestSender - Using open Channel [id: 0x6b81f478, L:/127.0.0.1:58029 - R:localhost/127.0.0.1:13965] for GET '/session/2aba82c3cbed94ac67766cb629b24f1a/url'
15:27:29.448 [AsyncHttpClient-1-3] DEBUG org.asynchttpclient.netty.handler.HttpHandler - 

Request DefaultFullHttpRequest(decodeResult: success, version: HTTP/1.1, content: EmptyByteBufBE)
GET /session/2aba82c3cbed94ac67766cb629b24f1a/url HTTP/1.1
User-Agent: selenium/4.7.1 (java windows)
Cache-Control: no-cache
Content-Type: application/json; charset=utf-8
host: localhost:13965
accept: */*

Response DefaultHttpResponse(decodeResult: success, version: HTTP/1.1)
HTTP/1.1 200 OK
Content-Type: application/json; charset=utf-8
cache-control: no-cache
content-length: 51

15:27:29.448 [AsyncHttpClient-1-3] DEBUG org.asynchttpclient.netty.channel.ChannelManager - Adding key: http://localhost:13965 for channel [id: 0x6b81f478, L:/127.0.0.1:58029 - R:localhost/127.0.0.1:13965]
15:27:29.449 [Forwarding screenshot on session 2aba82c3cbed94ac67766cb629b24f1a to remote] DEBUG org.asynchttpclient.netty.request.NettyRequestSender - Using pooled Channel '[id: 0x6b81f478, L:/127.0.0.1:58029 - R:localhost/127.0.0.1:13965]' for 'GET' to 'http://localhost:13965/session/2aba82c3cbed94ac67766cb629b24f1a/screenshot'
15:27:29.449 [Forwarding screenshot on session 2aba82c3cbed94ac67766cb629b24f1a to remote] DEBUG org.asynchttpclient.netty.request.NettyRequestSender - Using open Channel [id: 0x6b81f478, L:/127.0.0.1:58029 - R:localhost/127.0.0.1:13965] for GET '/session/2aba82c3cbed94ac67766cb629b24f1a/screenshot'
15:27:29.536 [AsyncHttpClient-1-3] DEBUG org.asynchttpclient.netty.handler.HttpHandler - 

Request DefaultFullHttpRequest(decodeResult: success, version: HTTP/1.1, content: EmptyByteBufBE)
GET /session/2aba82c3cbed94ac67766cb629b24f1a/screenshot HTTP/1.1
User-Agent: selenium/4.7.1 (java windows)
Cache-Control: no-cache
Content-Type: application/json; charset=utf-8
host: localhost:13965
accept: */*

Response DefaultHttpResponse(decodeResult: success, version: HTTP/1.1)
HTTP/1.1 200 OK
Content-Type: application/json; charset=utf-8
cache-control: no-cache
content-length: 26172

15:27:29.536 [AsyncHttpClient-1-3] DEBUG org.asynchttpclient.netty.channel.ChannelManager - Adding key: http://localhost:13965 for channel [id: 0x6b81f478, L:/127.0.0.1:58029 - R:localhost/127.0.0.1:13965]
15:27:29.537 [main] DEBUG net.serenitybdd.core.photography.Darkroom - Send negative for processing for target\site\serenity\f035198f28bcaf95684f4b1a3b9e5d031fc0873bb044f55c4913aef571773aa0.png
15:27:29.538 [main] DEBUG net.thucydides.core.steps.StepInterceptor - STEP DONE: klikButtonLogin
15:27:29.541 [main] DEBUG net.thucydides.core.steps.StepInterceptor - STARTING STEP: TransaksiSteps.userBeradaDiHomepageAltaShopDanLoginAkun - inputEmail
15:27:29.543 [Forwarding findElement on session 2aba82c3cbed94ac67766cb629b24f1a to remote] DEBUG org.asynchttpclient.netty.request.NettyRequestSender - Using pooled Channel '[id: 0x6b81f478, L:/127.0.0.1:58029 - R:localhost/127.0.0.1:13965]' for 'POST' to 'http://localhost:13965/session/2aba82c3cbed94ac67766cb629b24f1a/element'
15:27:29.543 [Forwarding findElement on session 2aba82c3cbed94ac67766cb629b24f1a to remote] DEBUG org.asynchttpclient.netty.request.NettyRequestSender - Using open Channel [id: 0x6b81f478, L:/127.0.0.1:58029 - R:localhost/127.0.0.1:13965] for POST '/session/2aba82c3cbed94ac67766cb629b24f1a/element'
15:27:29.556 [AsyncHttpClient-1-3] DEBUG org.asynchttpclient.netty.handler.HttpHandler - 

Request DefaultHttpRequest(decodeResult: success, version: HTTP/1.1)
POST /session/2aba82c3cbed94ac67766cb629b24f1a/element HTTP/1.1
User-Agent: selenium/4.7.1 (java windows)
Content-Length: 187
Content-Type: application/json; charset=utf-8
host: localhost:13965
accept: */*

Response DefaultHttpResponse(decodeResult: success, version: HTTP/1.1)
HTTP/1.1 200 OK
Content-Type: application/json; charset=utf-8
cache-control: no-cache
content-length: 94

15:27:29.556 [AsyncHttpClient-1-3] DEBUG org.asynchttpclient.netty.channel.ChannelManager - Adding key: http://localhost:13965 for channel [id: 0x6b81f478, L:/127.0.0.1:58029 - R:localhost/127.0.0.1:13965]
15:27:29.557 [Forwarding clearElement on session 2aba82c3cbed94ac67766cb629b24f1a to remote] DEBUG org.asynchttpclient.netty.request.NettyRequestSender - Using pooled Channel '[id: 0x6b81f478, L:/127.0.0.1:58029 - R:localhost/127.0.0.1:13965]' for 'POST' to 'http://localhost:13965/session/2aba82c3cbed94ac67766cb629b24f1a/element/7F3107C72A6FE5DA8DF3C19A5A934A2D_element_8/clear'
15:27:29.557 [Forwarding clearElement on session 2aba82c3cbed94ac67766cb629b24f1a to remote] DEBUG org.asynchttpclient.netty.request.NettyRequestSender - Using open Channel [id: 0x6b81f478, L:/127.0.0.1:58029 - R:localhost/127.0.0.1:13965] for POST '/session/2aba82c3cbed94ac67766cb629b24f1a/element/7F3107C72A6FE5DA8DF3C19A5A934A2D_element_8/clear'
15:27:29.591 [AsyncHttpClient-1-3] DEBUG org.asynchttpclient.netty.handler.HttpHandler - 

Request DefaultHttpRequest(decodeResult: success, version: HTTP/1.1)
POST /session/2aba82c3cbed94ac67766cb629b24f1a/element/7F3107C72A6FE5DA8DF3C19A5A934A2D_element_8/clear HTTP/1.1
User-Agent: selenium/4.7.1 (java windows)
Content-Length: 56
Content-Type: application/json; charset=utf-8
host: localhost:13965
accept: */*

Response DefaultHttpResponse(decodeResult: success, version: HTTP/1.1)
HTTP/1.1 200 OK
Content-Type: application/json; charset=utf-8
cache-control: no-cache
content-length: 14

15:27:29.591 [AsyncHttpClient-1-3] DEBUG org.asynchttpclient.netty.channel.ChannelManager - Adding key: http://localhost:13965 for channel [id: 0x6b81f478, L:/127.0.0.1:58029 - R:localhost/127.0.0.1:13965]
15:27:29.592 [Forwarding sendKeysToElement on session 2aba82c3cbed94ac67766cb629b24f1a to remote] DEBUG org.asynchttpclient.netty.request.NettyRequestSender - Using pooled Channel '[id: 0x6b81f478, L:/127.0.0.1:58029 - R:localhost/127.0.0.1:13965]' for 'POST' to 'http://localhost:13965/session/2aba82c3cbed94ac67766cb629b24f1a/element/7F3107C72A6FE5DA8DF3C19A5A934A2D_element_8/value'
15:27:29.592 [Forwarding sendKeysToElement on session 2aba82c3cbed94ac67766cb629b24f1a to remote] DEBUG org.asynchttpclient.netty.request.NettyRequestSender - Using open Channel [id: 0x6b81f478, L:/127.0.0.1:58029 - R:localhost/127.0.0.1:13965] for POST '/session/2aba82c3cbed94ac67766cb629b24f1a/element/7F3107C72A6FE5DA8DF3C19A5A934A2D_element_8/value'
15:27:29.693 [AsyncHttpClient-1-3] DEBUG org.asynchttpclient.netty.handler.HttpHandler - 

Request DefaultHttpRequest(decodeResult: success, version: HTTP/1.1)
POST /session/2aba82c3cbed94ac67766cb629b24f1a/element/7F3107C72A6FE5DA8DF3C19A5A934A2D_element_8/value HTTP/1.1
User-Agent: selenium/4.7.1 (java windows)
Content-Length: 217
Content-Type: application/json; charset=utf-8
host: localhost:13965
accept: */*

Response DefaultHttpResponse(decodeResult: success, version: HTTP/1.1)
HTTP/1.1 200 OK
Content-Type: application/json; charset=utf-8
cache-control: no-cache
content-length: 14

15:27:29.693 [AsyncHttpClient-1-3] DEBUG org.asynchttpclient.netty.channel.ChannelManager - Adding key: http://localhost:13965 for channel [id: 0x6b81f478, L:/127.0.0.1:58029 - R:localhost/127.0.0.1:13965]
15:27:29.699 [Forwarding getCurrentWindowHandle on session 2aba82c3cbed94ac67766cb629b24f1a to remote] DEBUG org.asynchttpclient.netty.request.NettyRequestSender - Using pooled Channel '[id: 0x6b81f478, L:/127.0.0.1:58029 - R:localhost/127.0.0.1:13965]' for 'GET' to 'http://localhost:13965/session/2aba82c3cbed94ac67766cb629b24f1a/window'
15:27:29.699 [Forwarding getCurrentWindowHandle on session 2aba82c3cbed94ac67766cb629b24f1a to remote] DEBUG org.asynchttpclient.netty.request.NettyRequestSender - Using open Channel [id: 0x6b81f478, L:/127.0.0.1:58029 - R:localhost/127.0.0.1:13965] for GET '/session/2aba82c3cbed94ac67766cb629b24f1a/window'
15:27:29.700 [AsyncHttpClient-1-3] DEBUG org.asynchttpclient.netty.handler.HttpHandler - 

Request DefaultFullHttpRequest(decodeResult: success, version: HTTP/1.1, content: EmptyByteBufBE)
GET /session/2aba82c3cbed94ac67766cb629b24f1a/window HTTP/1.1
User-Agent: selenium/4.7.1 (java windows)
Cache-Control: no-cache
Content-Type: application/json; charset=utf-8
host: localhost:13965
accept: */*

Response DefaultHttpResponse(decodeResult: success, version: HTTP/1.1)
HTTP/1.1 200 OK
Content-Type: application/json; charset=utf-8
cache-control: no-cache
content-length: 44

15:27:29.700 [AsyncHttpClient-1-3] DEBUG org.asynchttpclient.netty.channel.ChannelManager - Adding key: http://localhost:13965 for channel [id: 0x6b81f478, L:/127.0.0.1:58029 - R:localhost/127.0.0.1:13965]
15:27:29.701 [Forwarding getAlertText on session 2aba82c3cbed94ac67766cb629b24f1a to remote] DEBUG org.asynchttpclient.netty.request.NettyRequestSender - Using pooled Channel '[id: 0x6b81f478, L:/127.0.0.1:58029 - R:localhost/127.0.0.1:13965]' for 'GET' to 'http://localhost:13965/session/2aba82c3cbed94ac67766cb629b24f1a/alert/text'
15:27:29.701 [Forwarding getAlertText on session 2aba82c3cbed94ac67766cb629b24f1a to remote] DEBUG org.asynchttpclient.netty.request.NettyRequestSender - Using open Channel [id: 0x6b81f478, L:/127.0.0.1:58029 - R:localhost/127.0.0.1:13965] for GET '/session/2aba82c3cbed94ac67766cb629b24f1a/alert/text'
15:27:29.704 [AsyncHttpClient-1-3] DEBUG org.asynchttpclient.netty.handler.HttpHandler - 

Request DefaultFullHttpRequest(decodeResult: success, version: HTTP/1.1, content: EmptyByteBufBE)
GET /session/2aba82c3cbed94ac67766cb629b24f1a/alert/text HTTP/1.1
User-Agent: selenium/4.7.1 (java windows)
Cache-Control: no-cache
Content-Type: application/json; charset=utf-8
host: localhost:13965
accept: */*

Response DefaultHttpResponse(decodeResult: success, version: HTTP/1.1)
HTTP/1.1 404 Not Found
Content-Type: application/json; charset=utf-8
cache-control: no-cache
content-length: 820

15:27:29.704 [AsyncHttpClient-1-3] DEBUG org.asynchttpclient.netty.channel.ChannelManager - Adding key: http://localhost:13965 for channel [id: 0x6b81f478, L:/127.0.0.1:58029 - R:localhost/127.0.0.1:13965]
15:27:29.706 [Forwarding switchToWindow on session 2aba82c3cbed94ac67766cb629b24f1a to remote] DEBUG org.asynchttpclient.netty.request.NettyRequestSender - Using pooled Channel '[id: 0x6b81f478, L:/127.0.0.1:58029 - R:localhost/127.0.0.1:13965]' for 'POST' to 'http://localhost:13965/session/2aba82c3cbed94ac67766cb629b24f1a/window'
15:27:29.706 [Forwarding switchToWindow on session 2aba82c3cbed94ac67766cb629b24f1a to remote] DEBUG org.asynchttpclient.netty.request.NettyRequestSender - Using open Channel [id: 0x6b81f478, L:/127.0.0.1:58029 - R:localhost/127.0.0.1:13965] for POST '/session/2aba82c3cbed94ac67766cb629b24f1a/window'
15:27:29.707 [AsyncHttpClient-1-3] DEBUG org.asynchttpclient.netty.handler.HttpHandler - 

Request DefaultHttpRequest(decodeResult: success, version: HTTP/1.1)
POST /session/2aba82c3cbed94ac67766cb629b24f1a/window HTTP/1.1
User-Agent: selenium/4.7.1 (java windows)
Content-Length: 50
Content-Type: application/json; charset=utf-8
host: localhost:13965
accept: */*

Response DefaultHttpResponse(decodeResult: success, version: HTTP/1.1)
HTTP/1.1 200 OK
Content-Type: application/json; charset=utf-8
cache-control: no-cache
content-length: 14

15:27:29.707 [AsyncHttpClient-1-3] DEBUG org.asynchttpclient.netty.channel.ChannelManager - Adding key: http://localhost:13965 for channel [id: 0x6b81f478, L:/127.0.0.1:58029 - R:localhost/127.0.0.1:13965]
15:27:29.709 [Forwarding getCurrentUrl on session 2aba82c3cbed94ac67766cb629b24f1a to remote] DEBUG org.asynchttpclient.netty.request.NettyRequestSender - Using pooled Channel '[id: 0x6b81f478, L:/127.0.0.1:58029 - R:localhost/127.0.0.1:13965]' for 'GET' to 'http://localhost:13965/session/2aba82c3cbed94ac67766cb629b24f1a/url'
15:27:29.709 [Forwarding getCurrentUrl on session 2aba82c3cbed94ac67766cb629b24f1a to remote] DEBUG org.asynchttpclient.netty.request.NettyRequestSender - Using open Channel [id: 0x6b81f478, L:/127.0.0.1:58029 - R:localhost/127.0.0.1:13965] for GET '/session/2aba82c3cbed94ac67766cb629b24f1a/url'
15:27:29.713 [AsyncHttpClient-1-3] DEBUG org.asynchttpclient.netty.handler.HttpHandler - 

Request DefaultFullHttpRequest(decodeResult: success, version: HTTP/1.1, content: EmptyByteBufBE)
GET /session/2aba82c3cbed94ac67766cb629b24f1a/url HTTP/1.1
User-Agent: selenium/4.7.1 (java windows)
Cache-Control: no-cache
Content-Type: application/json; charset=utf-8
host: localhost:13965
accept: */*

Response DefaultHttpResponse(decodeResult: success, version: HTTP/1.1)
HTTP/1.1 200 OK
Content-Type: application/json; charset=utf-8
cache-control: no-cache
content-length: 51

15:27:29.713 [AsyncHttpClient-1-3] DEBUG org.asynchttpclient.netty.channel.ChannelManager - Adding key: http://localhost:13965 for channel [id: 0x6b81f478, L:/127.0.0.1:58029 - R:localhost/127.0.0.1:13965]
15:27:29.714 [Forwarding screenshot on session 2aba82c3cbed94ac67766cb629b24f1a to remote] DEBUG org.asynchttpclient.netty.request.NettyRequestSender - Using pooled Channel '[id: 0x6b81f478, L:/127.0.0.1:58029 - R:localhost/127.0.0.1:13965]' for 'GET' to 'http://localhost:13965/session/2aba82c3cbed94ac67766cb629b24f1a/screenshot'
15:27:29.714 [Forwarding screenshot on session 2aba82c3cbed94ac67766cb629b24f1a to remote] DEBUG org.asynchttpclient.netty.request.NettyRequestSender - Using open Channel [id: 0x6b81f478, L:/127.0.0.1:58029 - R:localhost/127.0.0.1:13965] for GET '/session/2aba82c3cbed94ac67766cb629b24f1a/screenshot'
15:27:29.790 [AsyncHttpClient-1-3] DEBUG org.asynchttpclient.netty.handler.HttpHandler - 

Request DefaultFullHttpRequest(decodeResult: success, version: HTTP/1.1, content: EmptyByteBufBE)
GET /session/2aba82c3cbed94ac67766cb629b24f1a/screenshot HTTP/1.1
User-Agent: selenium/4.7.1 (java windows)
Cache-Control: no-cache
Content-Type: application/json; charset=utf-8
host: localhost:13965
accept: */*

Response DefaultHttpResponse(decodeResult: success, version: HTTP/1.1)
HTTP/1.1 200 OK
Content-Type: application/json; charset=utf-8
cache-control: no-cache
content-length: 30008

15:27:29.791 [AsyncHttpClient-1-3] DEBUG org.asynchttpclient.netty.channel.ChannelManager - Adding key: http://localhost:13965 for channel [id: 0x6b81f478, L:/127.0.0.1:58029 - R:localhost/127.0.0.1:13965]
15:27:29.792 [main] DEBUG net.serenitybdd.core.photography.Darkroom - Send negative for processing for target\site\serenity\4a426ca4b695b1051b864a3df51cb08176a4b1a9d8c3cb0b1606340fea957dea.png
15:27:29.792 [main] DEBUG net.thucydides.core.steps.StepInterceptor - STEP DONE: inputEmail
15:27:29.792 [Darkroom Processing Line] DEBUG net.serenitybdd.core.photography.DarkroomProcessingLine - Processing screenshot image in /var/screenshots/screenshot-13453729765330309685
15:27:29.792 [Darkroom Processing Line] DEBUG net.serenitybdd.core.photography.DarkroomProcessingLine - Saving screenshot to target\site\serenity\4a426ca4b695b1051b864a3df51cb08176a4b1a9d8c3cb0b1606340fea957dea.png
15:27:29.796 [main] DEBUG net.thucydides.core.steps.StepInterceptor - STARTING STEP: TransaksiSteps.userBeradaDiHomepageAltaShopDanLoginAkun - inputPassword
15:27:29.798 [Forwarding findElement on session 2aba82c3cbed94ac67766cb629b24f1a to remote] DEBUG org.asynchttpclient.netty.request.NettyRequestSender - Using pooled Channel '[id: 0x6b81f478, L:/127.0.0.1:58029 - R:localhost/127.0.0.1:13965]' for 'POST' to 'http://localhost:13965/session/2aba82c3cbed94ac67766cb629b24f1a/element'
15:27:29.798 [Forwarding findElement on session 2aba82c3cbed94ac67766cb629b24f1a to remote] DEBUG org.asynchttpclient.netty.request.NettyRequestSender - Using open Channel [id: 0x6b81f478, L:/127.0.0.1:58029 - R:localhost/127.0.0.1:13965] for POST '/session/2aba82c3cbed94ac67766cb629b24f1a/element'
15:27:29.814 [AsyncHttpClient-1-3] DEBUG org.asynchttpclient.netty.handler.HttpHandler - 

Request DefaultHttpRequest(decodeResult: success, version: HTTP/1.1)
POST /session/2aba82c3cbed94ac67766cb629b24f1a/element HTTP/1.1
User-Agent: selenium/4.7.1 (java windows)
Content-Length: 187
Content-Type: application/json; charset=utf-8
host: localhost:13965
accept: */*

Response DefaultHttpResponse(decodeResult: success, version: HTTP/1.1)
HTTP/1.1 200 OK
Content-Type: application/json; charset=utf-8
cache-control: no-cache
content-length: 95

15:27:29.814 [AsyncHttpClient-1-3] DEBUG org.asynchttpclient.netty.channel.ChannelManager - Adding key: http://localhost:13965 for channel [id: 0x6b81f478, L:/127.0.0.1:58029 - R:localhost/127.0.0.1:13965]
15:27:29.815 [Forwarding clearElement on session 2aba82c3cbed94ac67766cb629b24f1a to remote] DEBUG org.asynchttpclient.netty.request.NettyRequestSender - Using pooled Channel '[id: 0x6b81f478, L:/127.0.0.1:58029 - R:localhost/127.0.0.1:13965]' for 'POST' to 'http://localhost:13965/session/2aba82c3cbed94ac67766cb629b24f1a/element/7F3107C72A6FE5DA8DF3C19A5A934A2D_element_10/clear'
15:27:29.815 [Forwarding clearElement on session 2aba82c3cbed94ac67766cb629b24f1a to remote] DEBUG org.asynchttpclient.netty.request.NettyRequestSender - Using open Channel [id: 0x6b81f478, L:/127.0.0.1:58029 - R:localhost/127.0.0.1:13965] for POST '/session/2aba82c3cbed94ac67766cb629b24f1a/element/7F3107C72A6FE5DA8DF3C19A5A934A2D_element_10/clear'
15:27:29.845 [AsyncHttpClient-1-3] DEBUG org.asynchttpclient.netty.handler.HttpHandler - 

Request DefaultHttpRequest(decodeResult: success, version: HTTP/1.1)
POST /session/2aba82c3cbed94ac67766cb629b24f1a/element/7F3107C72A6FE5DA8DF3C19A5A934A2D_element_10/clear HTTP/1.1
User-Agent: selenium/4.7.1 (java windows)
Content-Length: 57
Content-Type: application/json; charset=utf-8
host: localhost:13965
accept: */*

Response DefaultHttpResponse(decodeResult: success, version: HTTP/1.1)
HTTP/1.1 200 OK
Content-Type: application/json; charset=utf-8
cache-control: no-cache
content-length: 14

15:27:29.845 [AsyncHttpClient-1-3] DEBUG org.asynchttpclient.netty.channel.ChannelManager - Adding key: http://localhost:13965 for channel [id: 0x6b81f478, L:/127.0.0.1:58029 - R:localhost/127.0.0.1:13965]
15:27:29.846 [Forwarding sendKeysToElement on session 2aba82c3cbed94ac67766cb629b24f1a to remote] DEBUG org.asynchttpclient.netty.request.NettyRequestSender - Using pooled Channel '[id: 0x6b81f478, L:/127.0.0.1:58029 - R:localhost/127.0.0.1:13965]' for 'POST' to 'http://localhost:13965/session/2aba82c3cbed94ac67766cb629b24f1a/element/7F3107C72A6FE5DA8DF3C19A5A934A2D_element_10/value'
15:27:29.847 [Forwarding sendKeysToElement on session 2aba82c3cbed94ac67766cb629b24f1a to remote] DEBUG org.asynchttpclient.netty.request.NettyRequestSender - Using open Channel [id: 0x6b81f478, L:/127.0.0.1:58029 - R:localhost/127.0.0.1:13965] for POST '/session/2aba82c3cbed94ac67766cb629b24f1a/element/7F3107C72A6FE5DA8DF3C19A5A934A2D_element_10/value'
15:27:29.910 [AsyncHttpClient-1-3] DEBUG org.asynchttpclient.netty.handler.HttpHandler - 

Request DefaultHttpRequest(decodeResult: success, version: HTTP/1.1)
POST /session/2aba82c3cbed94ac67766cb629b24f1a/element/7F3107C72A6FE5DA8DF3C19A5A934A2D_element_10/value HTTP/1.1
User-Agent: selenium/4.7.1 (java windows)
Content-Length: 118
Content-Type: application/json; charset=utf-8
host: localhost:13965
accept: */*

Response DefaultHttpResponse(decodeResult: success, version: HTTP/1.1)
HTTP/1.1 200 OK
Content-Type: application/json; charset=utf-8
cache-control: no-cache
content-length: 14

15:27:29.910 [AsyncHttpClient-1-3] DEBUG org.asynchttpclient.netty.channel.ChannelManager - Adding key: http://localhost:13965 for channel [id: 0x6b81f478, L:/127.0.0.1:58029 - R:localhost/127.0.0.1:13965]
15:27:29.916 [Forwarding getCurrentWindowHandle on session 2aba82c3cbed94ac67766cb629b24f1a to remote] DEBUG org.asynchttpclient.netty.request.NettyRequestSender - Using pooled Channel '[id: 0x6b81f478, L:/127.0.0.1:58029 - R:localhost/127.0.0.1:13965]' for 'GET' to 'http://localhost:13965/session/2aba82c3cbed94ac67766cb629b24f1a/window'
15:27:29.916 [Forwarding getCurrentWindowHandle on session 2aba82c3cbed94ac67766cb629b24f1a to remote] DEBUG org.asynchttpclient.netty.request.NettyRequestSender - Using open Channel [id: 0x6b81f478, L:/127.0.0.1:58029 - R:localhost/127.0.0.1:13965] for GET '/session/2aba82c3cbed94ac67766cb629b24f1a/window'
15:27:29.917 [AsyncHttpClient-1-3] DEBUG org.asynchttpclient.netty.handler.HttpHandler - 

Request DefaultFullHttpRequest(decodeResult: success, version: HTTP/1.1, content: EmptyByteBufBE)
GET /session/2aba82c3cbed94ac67766cb629b24f1a/window HTTP/1.1
User-Agent: selenium/4.7.1 (java windows)
Cache-Control: no-cache
Content-Type: application/json; charset=utf-8
host: localhost:13965
accept: */*

Response DefaultHttpResponse(decodeResult: success, version: HTTP/1.1)
HTTP/1.1 200 OK
Content-Type: application/json; charset=utf-8
cache-control: no-cache
content-length: 44

15:27:29.917 [AsyncHttpClient-1-3] DEBUG org.asynchttpclient.netty.channel.ChannelManager - Adding key: http://localhost:13965 for channel [id: 0x6b81f478, L:/127.0.0.1:58029 - R:localhost/127.0.0.1:13965]
15:27:29.918 [Forwarding getAlertText on session 2aba82c3cbed94ac67766cb629b24f1a to remote] DEBUG org.asynchttpclient.netty.request.NettyRequestSender - Using pooled Channel '[id: 0x6b81f478, L:/127.0.0.1:58029 - R:localhost/127.0.0.1:13965]' for 'GET' to 'http://localhost:13965/session/2aba82c3cbed94ac67766cb629b24f1a/alert/text'
15:27:29.918 [Forwarding getAlertText on session 2aba82c3cbed94ac67766cb629b24f1a to remote] DEBUG org.asynchttpclient.netty.request.NettyRequestSender - Using open Channel [id: 0x6b81f478, L:/127.0.0.1:58029 - R:localhost/127.0.0.1:13965] for GET '/session/2aba82c3cbed94ac67766cb629b24f1a/alert/text'
15:27:29.922 [AsyncHttpClient-1-3] DEBUG org.asynchttpclient.netty.handler.HttpHandler - 

Request DefaultFullHttpRequest(decodeResult: success, version: HTTP/1.1, content: EmptyByteBufBE)
GET /session/2aba82c3cbed94ac67766cb629b24f1a/alert/text HTTP/1.1
User-Agent: selenium/4.7.1 (java windows)
Cache-Control: no-cache
Content-Type: application/json; charset=utf-8
host: localhost:13965
accept: */*

Response DefaultHttpResponse(decodeResult: success, version: HTTP/1.1)
HTTP/1.1 404 Not Found
Content-Type: application/json; charset=utf-8
cache-control: no-cache
content-length: 820

15:27:29.922 [AsyncHttpClient-1-3] DEBUG org.asynchttpclient.netty.channel.ChannelManager - Adding key: http://localhost:13965 for channel [id: 0x6b81f478, L:/127.0.0.1:58029 - R:localhost/127.0.0.1:13965]
15:27:29.923 [Forwarding switchToWindow on session 2aba82c3cbed94ac67766cb629b24f1a to remote] DEBUG org.asynchttpclient.netty.request.NettyRequestSender - Using pooled Channel '[id: 0x6b81f478, L:/127.0.0.1:58029 - R:localhost/127.0.0.1:13965]' for 'POST' to 'http://localhost:13965/session/2aba82c3cbed94ac67766cb629b24f1a/window'
15:27:29.923 [Forwarding switchToWindow on session 2aba82c3cbed94ac67766cb629b24f1a to remote] DEBUG org.asynchttpclient.netty.request.NettyRequestSender - Using open Channel [id: 0x6b81f478, L:/127.0.0.1:58029 - R:localhost/127.0.0.1:13965] for POST '/session/2aba82c3cbed94ac67766cb629b24f1a/window'
15:27:29.925 [AsyncHttpClient-1-3] DEBUG org.asynchttpclient.netty.handler.HttpHandler - 

Request DefaultHttpRequest(decodeResult: success, version: HTTP/1.1)
POST /session/2aba82c3cbed94ac67766cb629b24f1a/window HTTP/1.1
User-Agent: selenium/4.7.1 (java windows)
Content-Length: 50
Content-Type: application/json; charset=utf-8
host: localhost:13965
accept: */*

Response DefaultHttpResponse(decodeResult: success, version: HTTP/1.1)
HTTP/1.1 200 OK
Content-Type: application/json; charset=utf-8
cache-control: no-cache
content-length: 14

15:27:29.925 [AsyncHttpClient-1-3] DEBUG org.asynchttpclient.netty.channel.ChannelManager - Adding key: http://localhost:13965 for channel [id: 0x6b81f478, L:/127.0.0.1:58029 - R:localhost/127.0.0.1:13965]
15:27:29.925 [Forwarding getCurrentUrl on session 2aba82c3cbed94ac67766cb629b24f1a to remote] DEBUG org.asynchttpclient.netty.request.NettyRequestSender - Using pooled Channel '[id: 0x6b81f478, L:/127.0.0.1:58029 - R:localhost/127.0.0.1:13965]' for 'GET' to 'http://localhost:13965/session/2aba82c3cbed94ac67766cb629b24f1a/url'
15:27:29.925 [Forwarding getCurrentUrl on session 2aba82c3cbed94ac67766cb629b24f1a to remote] DEBUG org.asynchttpclient.netty.request.NettyRequestSender - Using open Channel [id: 0x6b81f478, L:/127.0.0.1:58029 - R:localhost/127.0.0.1:13965] for GET '/session/2aba82c3cbed94ac67766cb629b24f1a/url'
15:27:29.929 [AsyncHttpClient-1-3] DEBUG org.asynchttpclient.netty.handler.HttpHandler - 

Request DefaultFullHttpRequest(decodeResult: success, version: HTTP/1.1, content: EmptyByteBufBE)
GET /session/2aba82c3cbed94ac67766cb629b24f1a/url HTTP/1.1
User-Agent: selenium/4.7.1 (java windows)
Cache-Control: no-cache
Content-Type: application/json; charset=utf-8
host: localhost:13965
accept: */*

Response DefaultHttpResponse(decodeResult: success, version: HTTP/1.1)
HTTP/1.1 200 OK
Content-Type: application/json; charset=utf-8
cache-control: no-cache
content-length: 51

15:27:29.930 [AsyncHttpClient-1-3] DEBUG org.asynchttpclient.netty.channel.ChannelManager - Adding key: http://localhost:13965 for channel [id: 0x6b81f478, L:/127.0.0.1:58029 - R:localhost/127.0.0.1:13965]
15:27:29.930 [Forwarding screenshot on session 2aba82c3cbed94ac67766cb629b24f1a to remote] DEBUG org.asynchttpclient.netty.request.NettyRequestSender - Using pooled Channel '[id: 0x6b81f478, L:/127.0.0.1:58029 - R:localhost/127.0.0.1:13965]' for 'GET' to 'http://localhost:13965/session/2aba82c3cbed94ac67766cb629b24f1a/screenshot'
15:27:29.930 [Forwarding screenshot on session 2aba82c3cbed94ac67766cb629b24f1a to remote] DEBUG org.asynchttpclient.netty.request.NettyRequestSender - Using open Channel [id: 0x6b81f478, L:/127.0.0.1:58029 - R:localhost/127.0.0.1:13965] for GET '/session/2aba82c3cbed94ac67766cb629b24f1a/screenshot'
15:27:29.947 [AsyncHttpClient-1-1] DEBUG org.asynchttpclient.netty.channel.DefaultChannelPool - Entry count for : http://localhost:58030 : 1
15:27:30.005 [AsyncHttpClient-1-3] DEBUG org.asynchttpclient.netty.handler.HttpHandler - 

Request DefaultFullHttpRequest(decodeResult: success, version: HTTP/1.1, content: EmptyByteBufBE)
GET /session/2aba82c3cbed94ac67766cb629b24f1a/screenshot HTTP/1.1
User-Agent: selenium/4.7.1 (java windows)
Cache-Control: no-cache
Content-Type: application/json; charset=utf-8
host: localhost:13965
accept: */*

Response DefaultHttpResponse(decodeResult: success, version: HTTP/1.1)
HTTP/1.1 200 OK
Content-Type: application/json; charset=utf-8
cache-control: no-cache
content-length: 29972

15:27:30.005 [AsyncHttpClient-1-3] DEBUG org.asynchttpclient.netty.channel.ChannelManager - Adding key: http://localhost:13965 for channel [id: 0x6b81f478, L:/127.0.0.1:58029 - R:localhost/127.0.0.1:13965]
15:27:30.006 [main] DEBUG net.serenitybdd.core.photography.Darkroom - Send negative for processing for target\site\serenity\f5d4ed2c9a0a057066952b920c8f15e53da53d440c1c075c617c8951ebe004a2.png
15:27:30.007 [main] DEBUG net.thucydides.core.steps.StepInterceptor - STEP DONE: inputPassword
15:27:30.007 [Darkroom Processing Line] DEBUG net.serenitybdd.core.photography.DarkroomProcessingLine - Processing screenshot image in /var/screenshots/screenshot-8317591945067250788
15:27:30.007 [Darkroom Processing Line] DEBUG net.serenitybdd.core.photography.DarkroomProcessingLine - Saving screenshot to target\site\serenity\f5d4ed2c9a0a057066952b920c8f15e53da53d440c1c075c617c8951ebe004a2.png
15:27:30.010 [main] DEBUG net.thucydides.core.steps.StepInterceptor - STARTING STEP: TransaksiSteps.userBeradaDiHomepageAltaShopDanLoginAkun - klikButtonLoginKedua
15:27:30.012 [Forwarding findElement on session 2aba82c3cbed94ac67766cb629b24f1a to remote] DEBUG org.asynchttpclient.netty.request.NettyRequestSender - Using pooled Channel '[id: 0x6b81f478, L:/127.0.0.1:58029 - R:localhost/127.0.0.1:13965]' for 'POST' to 'http://localhost:13965/session/2aba82c3cbed94ac67766cb629b24f1a/element'
15:27:30.012 [Forwarding findElement on session 2aba82c3cbed94ac67766cb629b24f1a to remote] DEBUG org.asynchttpclient.netty.request.NettyRequestSender - Using open Channel [id: 0x6b81f478, L:/127.0.0.1:58029 - R:localhost/127.0.0.1:13965] for POST '/session/2aba82c3cbed94ac67766cb629b24f1a/element'
15:27:30.027 [AsyncHttpClient-1-3] DEBUG org.asynchttpclient.netty.handler.HttpHandler - 

Request DefaultHttpRequest(decodeResult: success, version: HTTP/1.1)
POST /session/2aba82c3cbed94ac67766cb629b24f1a/element HTTP/1.1
User-Agent: selenium/4.7.1 (java windows)
Content-Length: 141
Content-Type: application/json; charset=utf-8
host: localhost:13965
accept: */*

Response DefaultHttpResponse(decodeResult: success, version: HTTP/1.1)
HTTP/1.1 200 OK
Content-Type: application/json; charset=utf-8
cache-control: no-cache
content-length: 95

15:27:30.027 [AsyncHttpClient-1-3] DEBUG org.asynchttpclient.netty.channel.ChannelManager - Adding key: http://localhost:13965 for channel [id: 0x6b81f478, L:/127.0.0.1:58029 - R:localhost/127.0.0.1:13965]
15:27:30.028 [Forwarding getElementTagName on session 2aba82c3cbed94ac67766cb629b24f1a to remote] DEBUG org.asynchttpclient.netty.request.NettyRequestSender - Using pooled Channel '[id: 0x6b81f478, L:/127.0.0.1:58029 - R:localhost/127.0.0.1:13965]' for 'GET' to 'http://localhost:13965/session/2aba82c3cbed94ac67766cb629b24f1a/element/7F3107C72A6FE5DA8DF3C19A5A934A2D_element_11/name'
15:27:30.028 [Forwarding getElementTagName on session 2aba82c3cbed94ac67766cb629b24f1a to remote] DEBUG org.asynchttpclient.netty.request.NettyRequestSender - Using open Channel [id: 0x6b81f478, L:/127.0.0.1:58029 - R:localhost/127.0.0.1:13965] for GET '/session/2aba82c3cbed94ac67766cb629b24f1a/element/7F3107C72A6FE5DA8DF3C19A5A934A2D_element_11/name'
15:27:30.033 [AsyncHttpClient-1-3] DEBUG org.asynchttpclient.netty.handler.HttpHandler - 

Request DefaultFullHttpRequest(decodeResult: success, version: HTTP/1.1, content: EmptyByteBufBE)
GET /session/2aba82c3cbed94ac67766cb629b24f1a/element/7F3107C72A6FE5DA8DF3C19A5A934A2D_element_11/name HTTP/1.1
User-Agent: selenium/4.7.1 (java windows)
Cache-Control: no-cache
Content-Type: application/json; charset=utf-8
host: localhost:13965
accept: */*

Response DefaultHttpResponse(decodeResult: success, version: HTTP/1.1)
HTTP/1.1 200 OK
Content-Type: application/json; charset=utf-8
cache-control: no-cache
content-length: 18

15:27:30.033 [AsyncHttpClient-1-3] DEBUG org.asynchttpclient.netty.channel.ChannelManager - Adding key: http://localhost:13965 for channel [id: 0x6b81f478, L:/127.0.0.1:58029 - R:localhost/127.0.0.1:13965]
15:27:30.034 [Forwarding getElementTagName on session 2aba82c3cbed94ac67766cb629b24f1a to remote] DEBUG org.asynchttpclient.netty.request.NettyRequestSender - Using pooled Channel '[id: 0x6b81f478, L:/127.0.0.1:58029 - R:localhost/127.0.0.1:13965]' for 'GET' to 'http://localhost:13965/session/2aba82c3cbed94ac67766cb629b24f1a/element/7F3107C72A6FE5DA8DF3C19A5A934A2D_element_11/name'
15:27:30.034 [Forwarding getElementTagName on session 2aba82c3cbed94ac67766cb629b24f1a to remote] DEBUG org.asynchttpclient.netty.request.NettyRequestSender - Using open Channel [id: 0x6b81f478, L:/127.0.0.1:58029 - R:localhost/127.0.0.1:13965] for GET '/session/2aba82c3cbed94ac67766cb629b24f1a/element/7F3107C72A6FE5DA8DF3C19A5A934A2D_element_11/name'
15:27:30.041 [AsyncHttpClient-1-3] DEBUG org.asynchttpclient.netty.handler.HttpHandler - 

Request DefaultFullHttpRequest(decodeResult: success, version: HTTP/1.1, content: EmptyByteBufBE)
GET /session/2aba82c3cbed94ac67766cb629b24f1a/element/7F3107C72A6FE5DA8DF3C19A5A934A2D_element_11/name HTTP/1.1
User-Agent: selenium/4.7.1 (java windows)
Cache-Control: no-cache
Content-Type: application/json; charset=utf-8
host: localhost:13965
accept: */*

Response DefaultHttpResponse(decodeResult: success, version: HTTP/1.1)
HTTP/1.1 200 OK
Content-Type: application/json; charset=utf-8
cache-control: no-cache
content-length: 18

15:27:30.041 [AsyncHttpClient-1-3] DEBUG org.asynchttpclient.netty.channel.ChannelManager - Adding key: http://localhost:13965 for channel [id: 0x6b81f478, L:/127.0.0.1:58029 - R:localhost/127.0.0.1:13965]
15:27:30.042 [Forwarding isElementEnabled on session 2aba82c3cbed94ac67766cb629b24f1a to remote] DEBUG org.asynchttpclient.netty.request.NettyRequestSender - Using pooled Channel '[id: 0x6b81f478, L:/127.0.0.1:58029 - R:localhost/127.0.0.1:13965]' for 'GET' to 'http://localhost:13965/session/2aba82c3cbed94ac67766cb629b24f1a/element/7F3107C72A6FE5DA8DF3C19A5A934A2D_element_11/enabled'
15:27:30.042 [Forwarding isElementEnabled on session 2aba82c3cbed94ac67766cb629b24f1a to remote] DEBUG org.asynchttpclient.netty.request.NettyRequestSender - Using open Channel [id: 0x6b81f478, L:/127.0.0.1:58029 - R:localhost/127.0.0.1:13965] for GET '/session/2aba82c3cbed94ac67766cb629b24f1a/element/7F3107C72A6FE5DA8DF3C19A5A934A2D_element_11/enabled'
15:27:30.049 [AsyncHttpClient-1-3] DEBUG org.asynchttpclient.netty.handler.HttpHandler - 

Request DefaultFullHttpRequest(decodeResult: success, version: HTTP/1.1, content: EmptyByteBufBE)
GET /session/2aba82c3cbed94ac67766cb629b24f1a/element/7F3107C72A6FE5DA8DF3C19A5A934A2D_element_11/enabled HTTP/1.1
User-Agent: selenium/4.7.1 (java windows)
Cache-Control: no-cache
Content-Type: application/json; charset=utf-8
host: localhost:13965
accept: */*

Response DefaultHttpResponse(decodeResult: success, version: HTTP/1.1)
HTTP/1.1 200 OK
Content-Type: application/json; charset=utf-8
cache-control: no-cache
content-length: 14

15:27:30.049 [AsyncHttpClient-1-3] DEBUG org.asynchttpclient.netty.channel.ChannelManager - Adding key: http://localhost:13965 for channel [id: 0x6b81f478, L:/127.0.0.1:58029 - R:localhost/127.0.0.1:13965]
15:27:30.051 [Forwarding isElementEnabled on session 2aba82c3cbed94ac67766cb629b24f1a to remote] DEBUG org.asynchttpclient.netty.request.NettyRequestSender - Using pooled Channel '[id: 0x6b81f478, L:/127.0.0.1:58029 - R:localhost/127.0.0.1:13965]' for 'GET' to 'http://localhost:13965/session/2aba82c3cbed94ac67766cb629b24f1a/element/7F3107C72A6FE5DA8DF3C19A5A934A2D_element_11/enabled'
15:27:30.051 [Forwarding isElementEnabled on session 2aba82c3cbed94ac67766cb629b24f1a to remote] DEBUG org.asynchttpclient.netty.request.NettyRequestSender - Using open Channel [id: 0x6b81f478, L:/127.0.0.1:58029 - R:localhost/127.0.0.1:13965] for GET '/session/2aba82c3cbed94ac67766cb629b24f1a/element/7F3107C72A6FE5DA8DF3C19A5A934A2D_element_11/enabled'
15:27:30.060 [AsyncHttpClient-1-3] DEBUG org.asynchttpclient.netty.handler.HttpHandler - 

Request DefaultFullHttpRequest(decodeResult: success, version: HTTP/1.1, content: EmptyByteBufBE)
GET /session/2aba82c3cbed94ac67766cb629b24f1a/element/7F3107C72A6FE5DA8DF3C19A5A934A2D_element_11/enabled HTTP/1.1
User-Agent: selenium/4.7.1 (java windows)
Cache-Control: no-cache
Content-Type: application/json; charset=utf-8
host: localhost:13965
accept: */*

Response DefaultHttpResponse(decodeResult: success, version: HTTP/1.1)
HTTP/1.1 200 OK
Content-Type: application/json; charset=utf-8
cache-control: no-cache
content-length: 14

15:27:30.061 [AsyncHttpClient-1-3] DEBUG org.asynchttpclient.netty.channel.ChannelManager - Adding key: http://localhost:13965 for channel [id: 0x6b81f478, L:/127.0.0.1:58029 - R:localhost/127.0.0.1:13965]
15:27:30.062 [Forwarding findElement on session 2aba82c3cbed94ac67766cb629b24f1a to remote] DEBUG org.asynchttpclient.netty.request.NettyRequestSender - Using pooled Channel '[id: 0x6b81f478, L:/127.0.0.1:58029 - R:localhost/127.0.0.1:13965]' for 'POST' to 'http://localhost:13965/session/2aba82c3cbed94ac67766cb629b24f1a/element'
15:27:30.062 [Forwarding findElement on session 2aba82c3cbed94ac67766cb629b24f1a to remote] DEBUG org.asynchttpclient.netty.request.NettyRequestSender - Using open Channel [id: 0x6b81f478, L:/127.0.0.1:58029 - R:localhost/127.0.0.1:13965] for POST '/session/2aba82c3cbed94ac67766cb629b24f1a/element'
15:27:30.072 [AsyncHttpClient-1-3] DEBUG org.asynchttpclient.netty.handler.HttpHandler - 

Request DefaultHttpRequest(decodeResult: success, version: HTTP/1.1)
POST /session/2aba82c3cbed94ac67766cb629b24f1a/element HTTP/1.1
User-Agent: selenium/4.7.1 (java windows)
Content-Length: 141
Content-Type: application/json; charset=utf-8
host: localhost:13965
accept: */*

Response DefaultHttpResponse(decodeResult: success, version: HTTP/1.1)
HTTP/1.1 200 OK
Content-Type: application/json; charset=utf-8
cache-control: no-cache
content-length: 95

15:27:30.072 [AsyncHttpClient-1-3] DEBUG org.asynchttpclient.netty.channel.ChannelManager - Adding key: http://localhost:13965 for channel [id: 0x6b81f478, L:/127.0.0.1:58029 - R:localhost/127.0.0.1:13965]
15:27:30.073 [Forwarding clickElement on session 2aba82c3cbed94ac67766cb629b24f1a to remote] DEBUG org.asynchttpclient.netty.request.NettyRequestSender - Using pooled Channel '[id: 0x6b81f478, L:/127.0.0.1:58029 - R:localhost/127.0.0.1:13965]' for 'POST' to 'http://localhost:13965/session/2aba82c3cbed94ac67766cb629b24f1a/element/7F3107C72A6FE5DA8DF3C19A5A934A2D_element_11/click'
15:27:30.073 [Forwarding clickElement on session 2aba82c3cbed94ac67766cb629b24f1a to remote] DEBUG org.asynchttpclient.netty.request.NettyRequestSender - Using open Channel [id: 0x6b81f478, L:/127.0.0.1:58029 - R:localhost/127.0.0.1:13965] for POST '/session/2aba82c3cbed94ac67766cb629b24f1a/element/7F3107C72A6FE5DA8DF3C19A5A934A2D_element_11/click'
15:27:30.134 [AsyncHttpClient-1-3] DEBUG org.asynchttpclient.netty.handler.HttpHandler - 

Request DefaultHttpRequest(decodeResult: success, version: HTTP/1.1)
POST /session/2aba82c3cbed94ac67766cb629b24f1a/element/7F3107C72A6FE5DA8DF3C19A5A934A2D_element_11/click HTTP/1.1
User-Agent: selenium/4.7.1 (java windows)
Content-Length: 57
Content-Type: application/json; charset=utf-8
host: localhost:13965
accept: */*

Response DefaultHttpResponse(decodeResult: success, version: HTTP/1.1)
HTTP/1.1 200 OK
Content-Type: application/json; charset=utf-8
cache-control: no-cache
content-length: 14

15:27:30.134 [AsyncHttpClient-1-3] DEBUG org.asynchttpclient.netty.channel.ChannelManager - Adding key: http://localhost:13965 for channel [id: 0x6b81f478, L:/127.0.0.1:58029 - R:localhost/127.0.0.1:13965]
15:27:30.144 [Forwarding getCurrentWindowHandle on session 2aba82c3cbed94ac67766cb629b24f1a to remote] DEBUG org.asynchttpclient.netty.request.NettyRequestSender - Using pooled Channel '[id: 0x6b81f478, L:/127.0.0.1:58029 - R:localhost/127.0.0.1:13965]' for 'GET' to 'http://localhost:13965/session/2aba82c3cbed94ac67766cb629b24f1a/window'
15:27:30.144 [Forwarding getCurrentWindowHandle on session 2aba82c3cbed94ac67766cb629b24f1a to remote] DEBUG org.asynchttpclient.netty.request.NettyRequestSender - Using open Channel [id: 0x6b81f478, L:/127.0.0.1:58029 - R:localhost/127.0.0.1:13965] for GET '/session/2aba82c3cbed94ac67766cb629b24f1a/window'
15:27:30.145 [AsyncHttpClient-1-3] DEBUG org.asynchttpclient.netty.handler.HttpHandler - 

Request DefaultFullHttpRequest(decodeResult: success, version: HTTP/1.1, content: EmptyByteBufBE)
GET /session/2aba82c3cbed94ac67766cb629b24f1a/window HTTP/1.1
User-Agent: selenium/4.7.1 (java windows)
Cache-Control: no-cache
Content-Type: application/json; charset=utf-8
host: localhost:13965
accept: */*

Response DefaultHttpResponse(decodeResult: success, version: HTTP/1.1)
HTTP/1.1 200 OK
Content-Type: application/json; charset=utf-8
cache-control: no-cache
content-length: 44

15:27:30.145 [AsyncHttpClient-1-3] DEBUG org.asynchttpclient.netty.channel.ChannelManager - Adding key: http://localhost:13965 for channel [id: 0x6b81f478, L:/127.0.0.1:58029 - R:localhost/127.0.0.1:13965]
15:27:30.146 [Forwarding getAlertText on session 2aba82c3cbed94ac67766cb629b24f1a to remote] DEBUG org.asynchttpclient.netty.request.NettyRequestSender - Using pooled Channel '[id: 0x6b81f478, L:/127.0.0.1:58029 - R:localhost/127.0.0.1:13965]' for 'GET' to 'http://localhost:13965/session/2aba82c3cbed94ac67766cb629b24f1a/alert/text'
15:27:30.147 [Forwarding getAlertText on session 2aba82c3cbed94ac67766cb629b24f1a to remote] DEBUG org.asynchttpclient.netty.request.NettyRequestSender - Using open Channel [id: 0x6b81f478, L:/127.0.0.1:58029 - R:localhost/127.0.0.1:13965] for GET '/session/2aba82c3cbed94ac67766cb629b24f1a/alert/text'
15:27:30.148 [AsyncHttpClient-1-3] DEBUG org.asynchttpclient.netty.handler.HttpHandler - 

Request DefaultFullHttpRequest(decodeResult: success, version: HTTP/1.1, content: EmptyByteBufBE)
GET /session/2aba82c3cbed94ac67766cb629b24f1a/alert/text HTTP/1.1
User-Agent: selenium/4.7.1 (java windows)
Cache-Control: no-cache
Content-Type: application/json; charset=utf-8
host: localhost:13965
accept: */*

Response DefaultHttpResponse(decodeResult: success, version: HTTP/1.1)
HTTP/1.1 404 Not Found
Content-Type: application/json; charset=utf-8
cache-control: no-cache
content-length: 820

15:27:30.148 [AsyncHttpClient-1-3] DEBUG org.asynchttpclient.netty.channel.ChannelManager - Adding key: http://localhost:13965 for channel [id: 0x6b81f478, L:/127.0.0.1:58029 - R:localhost/127.0.0.1:13965]
15:27:30.151 [Forwarding switchToWindow on session 2aba82c3cbed94ac67766cb629b24f1a to remote] DEBUG org.asynchttpclient.netty.request.NettyRequestSender - Using pooled Channel '[id: 0x6b81f478, L:/127.0.0.1:58029 - R:localhost/127.0.0.1:13965]' for 'POST' to 'http://localhost:13965/session/2aba82c3cbed94ac67766cb629b24f1a/window'
15:27:30.151 [Forwarding switchToWindow on session 2aba82c3cbed94ac67766cb629b24f1a to remote] DEBUG org.asynchttpclient.netty.request.NettyRequestSender - Using open Channel [id: 0x6b81f478, L:/127.0.0.1:58029 - R:localhost/127.0.0.1:13965] for POST '/session/2aba82c3cbed94ac67766cb629b24f1a/window'
15:27:30.155 [AsyncHttpClient-1-3] DEBUG org.asynchttpclient.netty.handler.HttpHandler - 

Request DefaultHttpRequest(decodeResult: success, version: HTTP/1.1)
POST /session/2aba82c3cbed94ac67766cb629b24f1a/window HTTP/1.1
User-Agent: selenium/4.7.1 (java windows)
Content-Length: 50
Content-Type: application/json; charset=utf-8
host: localhost:13965
accept: */*

Response DefaultHttpResponse(decodeResult: success, version: HTTP/1.1)
HTTP/1.1 200 OK
Content-Type: application/json; charset=utf-8
cache-control: no-cache
content-length: 14

15:27:30.156 [AsyncHttpClient-1-3] DEBUG org.asynchttpclient.netty.channel.ChannelManager - Adding key: http://localhost:13965 for channel [id: 0x6b81f478, L:/127.0.0.1:58029 - R:localhost/127.0.0.1:13965]
15:27:30.156 [Forwarding getCurrentUrl on session 2aba82c3cbed94ac67766cb629b24f1a to remote] DEBUG org.asynchttpclient.netty.request.NettyRequestSender - Using pooled Channel '[id: 0x6b81f478, L:/127.0.0.1:58029 - R:localhost/127.0.0.1:13965]' for 'GET' to 'http://localhost:13965/session/2aba82c3cbed94ac67766cb629b24f1a/url'
15:27:30.156 [Forwarding getCurrentUrl on session 2aba82c3cbed94ac67766cb629b24f1a to remote] DEBUG org.asynchttpclient.netty.request.NettyRequestSender - Using open Channel [id: 0x6b81f478, L:/127.0.0.1:58029 - R:localhost/127.0.0.1:13965] for GET '/session/2aba82c3cbed94ac67766cb629b24f1a/url'
15:27:30.162 [AsyncHttpClient-1-3] DEBUG org.asynchttpclient.netty.handler.HttpHandler - 

Request DefaultFullHttpRequest(decodeResult: success, version: HTTP/1.1, content: EmptyByteBufBE)
GET /session/2aba82c3cbed94ac67766cb629b24f1a/url HTTP/1.1
User-Agent: selenium/4.7.1 (java windows)
Cache-Control: no-cache
Content-Type: application/json; charset=utf-8
host: localhost:13965
accept: */*

Response DefaultHttpResponse(decodeResult: success, version: HTTP/1.1)
HTTP/1.1 200 OK
Content-Type: application/json; charset=utf-8
cache-control: no-cache
content-length: 51

15:27:30.162 [AsyncHttpClient-1-3] DEBUG org.asynchttpclient.netty.channel.ChannelManager - Adding key: http://localhost:13965 for channel [id: 0x6b81f478, L:/127.0.0.1:58029 - R:localhost/127.0.0.1:13965]
15:27:30.163 [Forwarding screenshot on session 2aba82c3cbed94ac67766cb629b24f1a to remote] DEBUG org.asynchttpclient.netty.request.NettyRequestSender - Using pooled Channel '[id: 0x6b81f478, L:/127.0.0.1:58029 - R:localhost/127.0.0.1:13965]' for 'GET' to 'http://localhost:13965/session/2aba82c3cbed94ac67766cb629b24f1a/screenshot'
15:27:30.163 [Forwarding screenshot on session 2aba82c3cbed94ac67766cb629b24f1a to remote] DEBUG org.asynchttpclient.netty.request.NettyRequestSender - Using open Channel [id: 0x6b81f478, L:/127.0.0.1:58029 - R:localhost/127.0.0.1:13965] for GET '/session/2aba82c3cbed94ac67766cb629b24f1a/screenshot'
15:27:30.260 [AsyncHttpClient-1-3] DEBUG org.asynchttpclient.netty.handler.HttpHandler - 

Request DefaultFullHttpRequest(decodeResult: success, version: HTTP/1.1, content: EmptyByteBufBE)
GET /session/2aba82c3cbed94ac67766cb629b24f1a/screenshot HTTP/1.1
User-Agent: selenium/4.7.1 (java windows)
Cache-Control: no-cache
Content-Type: application/json; charset=utf-8
host: localhost:13965
accept: */*

Response DefaultHttpResponse(decodeResult: success, version: HTTP/1.1)
HTTP/1.1 200 OK
Content-Type: application/json; charset=utf-8
cache-control: no-cache
content-length: 29524

15:27:30.260 [AsyncHttpClient-1-3] DEBUG org.asynchttpclient.netty.channel.ChannelManager - Adding key: http://localhost:13965 for channel [id: 0x6b81f478, L:/127.0.0.1:58029 - R:localhost/127.0.0.1:13965]
15:27:30.262 [main] DEBUG net.serenitybdd.core.photography.Darkroom - Send negative for processing for target\site\serenity\14115dd7a0e0f95d17dffb762709a8ec365f1cd04e8d5cc6faad018a153bb289.png
15:27:30.263 [main] DEBUG net.thucydides.core.steps.StepInterceptor - STEP DONE: klikButtonLoginKedua
15:27:30.263 [Darkroom Processing Line] DEBUG net.serenitybdd.core.photography.DarkroomProcessingLine - Processing screenshot image in /var/screenshots/screenshot-15388462670070543918
15:27:30.263 [Darkroom Processing Line] DEBUG net.serenitybdd.core.photography.DarkroomProcessingLine - Saving screenshot to target\site\serenity\14115dd7a0e0f95d17dffb762709a8ec365f1cd04e8d5cc6faad018a153bb289.png
  &amp#27;[32mGiven &amp#27;[0m&amp#27;[32muser berada di Homepage AltaShop dan login akun&amp#27;[0m                   &amp#27;[90m# starter.stepdefinitions.TransaksiSteps.userBeradaDiHomepageAltaShopDanLoginAkun()&amp#27;[0m
15:27:30.274 [main] DEBUG net.thucydides.core.steps.StepInterceptor - STARTING STEP: TransaksiSteps.userKlikBeliPadaProdukYangDiinginkan - diHomepageKembali
15:27:30.276 [Forwarding findElement on session 2aba82c3cbed94ac67766cb629b24f1a to remote] DEBUG org.asynchttpclient.netty.request.NettyRequestSender - Using pooled Channel '[id: 0x6b81f478, L:/127.0.0.1:58029 - R:localhost/127.0.0.1:13965]' for 'POST' to 'http://localhost:13965/session/2aba82c3cbed94ac67766cb629b24f1a/element'
15:27:30.276 [Forwarding findElement on session 2aba82c3cbed94ac67766cb629b24f1a to remote] DEBUG org.asynchttpclient.netty.request.NettyRequestSender - Using open Channel [id: 0x6b81f478, L:/127.0.0.1:58029 - R:localhost/127.0.0.1:13965] for POST '/session/2aba82c3cbed94ac67766cb629b24f1a/element'
15:27:31.049 [AsyncHttpClient-1-1] DEBUG org.asynchttpclient.netty.channel.DefaultChannelPool - Entry count for : http://localhost:58030 : 1
15:27:32.146 [AsyncHttpClient-1-1] DEBUG org.asynchttpclient.netty.channel.DefaultChannelPool - Entry count for : http://localhost:58030 : 1
15:27:33.255 [AsyncHttpClient-1-1] DEBUG org.asynchttpclient.netty.channel.DefaultChannelPool - Entry count for : http://localhost:58030 : 1
15:27:34.348 [AsyncHttpClient-1-1] DEBUG org.asynchttpclient.netty.channel.DefaultChannelPool - Entry count for : http://localhost:58030 : 1
15:27:34.705 [AsyncHttpClient-1-3] DEBUG org.asynchttpclient.netty.handler.HttpHandler - 

Request DefaultHttpRequest(decodeResult: success, version: HTTP/1.1)
POST /session/2aba82c3cbed94ac67766cb629b24f1a/element HTTP/1.1
User-Agent: selenium/4.7.1 (java windows)
Content-Length: 184
Content-Type: application/json; charset=utf-8
host: localhost:13965
accept: */*

Response DefaultHttpResponse(decodeResult: success, version: HTTP/1.1)
HTTP/1.1 200 OK
Content-Type: application/json; charset=utf-8
cache-control: no-cache
content-length: 95

15:27:34.706 [AsyncHttpClient-1-3] DEBUG org.asynchttpclient.netty.channel.ChannelManager - Adding key: http://localhost:13965 for channel [id: 0x6b81f478, L:/127.0.0.1:58029 - R:localhost/127.0.0.1:13965]
15:27:34.708 [Forwarding isElementDisplayed on session 2aba82c3cbed94ac67766cb629b24f1a to remote] DEBUG org.asynchttpclient.netty.request.NettyRequestSender - Using pooled Channel '[id: 0x6b81f478, L:/127.0.0.1:58029 - R:localhost/127.0.0.1:13965]' for 'POST' to 'http://localhost:13965/session/2aba82c3cbed94ac67766cb629b24f1a/execute/sync'
15:27:34.708 [Forwarding isElementDisplayed on session 2aba82c3cbed94ac67766cb629b24f1a to remote] DEBUG org.asynchttpclient.netty.request.NettyRequestSender - Using open Channel [id: 0x6b81f478, L:/127.0.0.1:58029 - R:localhost/127.0.0.1:13965] for POST '/session/2aba82c3cbed94ac67766cb629b24f1a/execute/sync'
15:27:34.721 [AsyncHttpClient-1-3] DEBUG org.asynchttpclient.netty.handler.HttpHandler - 

Request DefaultHttpRequest(decodeResult: success, version: HTTP/1.1)
POST /session/2aba82c3cbed94ac67766cb629b24f1a/execute/sync HTTP/1.1
User-Agent: selenium/4.7.1 (java windows)
Content-Length: 48787
Content-Type: application/json; charset=utf-8
host: localhost:13965
accept: */*

Response DefaultHttpResponse(decodeResult: success, version: HTTP/1.1)
HTTP/1.1 200 OK
Content-Type: application/json; charset=utf-8
cache-control: no-cache
content-length: 14

15:27:34.721 [AsyncHttpClient-1-3] DEBUG org.asynchttpclient.netty.channel.ChannelManager - Adding key: http://localhost:13965 for channel [id: 0x6b81f478, L:/127.0.0.1:58029 - R:localhost/127.0.0.1:13965]
15:27:34.724 [Forwarding isElementDisplayed on session 2aba82c3cbed94ac67766cb629b24f1a to remote] DEBUG org.asynchttpclient.netty.request.NettyRequestSender - Using pooled Channel '[id: 0x6b81f478, L:/127.0.0.1:58029 - R:localhost/127.0.0.1:13965]' for 'POST' to 'http://localhost:13965/session/2aba82c3cbed94ac67766cb629b24f1a/execute/sync'
15:27:34.724 [Forwarding isElementDisplayed on session 2aba82c3cbed94ac67766cb629b24f1a to remote] DEBUG org.asynchttpclient.netty.request.NettyRequestSender - Using open Channel [id: 0x6b81f478, L:/127.0.0.1:58029 - R:localhost/127.0.0.1:13965] for POST '/session/2aba82c3cbed94ac67766cb629b24f1a/execute/sync'
15:27:34.733 [AsyncHttpClient-1-3] DEBUG org.asynchttpclient.netty.handler.HttpHandler - 

Request DefaultHttpRequest(decodeResult: success, version: HTTP/1.1)
POST /session/2aba82c3cbed94ac67766cb629b24f1a/execute/sync HTTP/1.1
User-Agent: selenium/4.7.1 (java windows)
Content-Length: 48787
Content-Type: application/json; charset=utf-8
host: localhost:13965
accept: */*

Response DefaultHttpResponse(decodeResult: success, version: HTTP/1.1)
HTTP/1.1 200 OK
Content-Type: application/json; charset=utf-8
cache-control: no-cache
content-length: 14

15:27:34.733 [AsyncHttpClient-1-3] DEBUG org.asynchttpclient.netty.channel.ChannelManager - Adding key: http://localhost:13965 for channel [id: 0x6b81f478, L:/127.0.0.1:58029 - R:localhost/127.0.0.1:13965]
15:27:34.733 [Forwarding getCurrentWindowHandle on session 2aba82c3cbed94ac67766cb629b24f1a to remote] DEBUG org.asynchttpclient.netty.request.NettyRequestSender - Using pooled Channel '[id: 0x6b81f478, L:/127.0.0.1:58029 - R:localhost/127.0.0.1:13965]' for 'GET' to 'http://localhost:13965/session/2aba82c3cbed94ac67766cb629b24f1a/window'
15:27:34.733 [Forwarding getCurrentWindowHandle on session 2aba82c3cbed94ac67766cb629b24f1a to remote] DEBUG org.asynchttpclient.netty.request.NettyRequestSender - Using open Channel [id: 0x6b81f478, L:/127.0.0.1:58029 - R:localhost/127.0.0.1:13965] for GET '/session/2aba82c3cbed94ac67766cb629b24f1a/window'
15:27:34.733 [AsyncHttpClient-1-3] DEBUG org.asynchttpclient.netty.handler.HttpHandler - 

Request DefaultFullHttpRequest(decodeResult: success, version: HTTP/1.1, content: EmptyByteBufBE)
GET /session/2aba82c3cbed94ac67766cb629b24f1a/window HTTP/1.1
User-Agent: selenium/4.7.1 (java windows)
Cache-Control: no-cache
Content-Type: application/json; charset=utf-8
host: localhost:13965
accept: */*

Response DefaultHttpResponse(decodeResult: success, version: HTTP/1.1)
HTTP/1.1 200 OK
Content-Type: application/json; charset=utf-8
cache-control: no-cache
content-length: 44

15:27:34.733 [AsyncHttpClient-1-3] DEBUG org.asynchttpclient.netty.channel.ChannelManager - Adding key: http://localhost:13965 for channel [id: 0x6b81f478, L:/127.0.0.1:58029 - R:localhost/127.0.0.1:13965]
15:27:34.733 [Forwarding getAlertText on session 2aba82c3cbed94ac67766cb629b24f1a to remote] DEBUG org.asynchttpclient.netty.request.NettyRequestSender - Using pooled Channel '[id: 0x6b81f478, L:/127.0.0.1:58029 - R:localhost/127.0.0.1:13965]' for 'GET' to 'http://localhost:13965/session/2aba82c3cbed94ac67766cb629b24f1a/alert/text'
15:27:34.733 [Forwarding getAlertText on session 2aba82c3cbed94ac67766cb629b24f1a to remote] DEBUG org.asynchttpclient.netty.request.NettyRequestSender - Using open Channel [id: 0x6b81f478, L:/127.0.0.1:58029 - R:localhost/127.0.0.1:13965] for GET '/session/2aba82c3cbed94ac67766cb629b24f1a/alert/text'
15:27:34.733 [AsyncHttpClient-1-3] DEBUG org.asynchttpclient.netty.handler.HttpHandler - 

Request DefaultFullHttpRequest(decodeResult: success, version: HTTP/1.1, content: EmptyByteBufBE)
GET /session/2aba82c3cbed94ac67766cb629b24f1a/alert/text HTTP/1.1
User-Agent: selenium/4.7.1 (java windows)
Cache-Control: no-cache
Content-Type: application/json; charset=utf-8
host: localhost:13965
accept: */*

Response DefaultHttpResponse(decodeResult: success, version: HTTP/1.1)
HTTP/1.1 404 Not Found
Content-Type: application/json; charset=utf-8
cache-control: no-cache
content-length: 820

15:27:34.733 [AsyncHttpClient-1-3] DEBUG org.asynchttpclient.netty.channel.ChannelManager - Adding key: http://localhost:13965 for channel [id: 0x6b81f478, L:/127.0.0.1:58029 - R:localhost/127.0.0.1:13965]
15:27:34.733 [Forwarding switchToWindow on session 2aba82c3cbed94ac67766cb629b24f1a to remote] DEBUG org.asynchttpclient.netty.request.NettyRequestSender - Using pooled Channel '[id: 0x6b81f478, L:/127.0.0.1:58029 - R:localhost/127.0.0.1:13965]' for 'POST' to 'http://localhost:13965/session/2aba82c3cbed94ac67766cb629b24f1a/window'
15:27:34.733 [Forwarding switchToWindow on session 2aba82c3cbed94ac67766cb629b24f1a to remote] DEBUG org.asynchttpclient.netty.request.NettyRequestSender - Using open Channel [id: 0x6b81f478, L:/127.0.0.1:58029 - R:localhost/127.0.0.1:13965] for POST '/session/2aba82c3cbed94ac67766cb629b24f1a/window'
15:27:34.733 [AsyncHttpClient-1-3] DEBUG org.asynchttpclient.netty.handler.HttpHandler - 

Request DefaultHttpRequest(decodeResult: success, version: HTTP/1.1)
POST /session/2aba82c3cbed94ac67766cb629b24f1a/window HTTP/1.1
User-Agent: selenium/4.7.1 (java windows)
Content-Length: 50
Content-Type: application/json; charset=utf-8
host: localhost:13965
accept: */*

Response DefaultHttpResponse(decodeResult: success, version: HTTP/1.1)
HTTP/1.1 200 OK
Content-Type: application/json; charset=utf-8
cache-control: no-cache
content-length: 14

15:27:34.733 [AsyncHttpClient-1-3] DEBUG org.asynchttpclient.netty.channel.ChannelManager - Adding key: http://localhost:13965 for channel [id: 0x6b81f478, L:/127.0.0.1:58029 - R:localhost/127.0.0.1:13965]
15:27:34.733 [Forwarding getCurrentUrl on session 2aba82c3cbed94ac67766cb629b24f1a to remote] DEBUG org.asynchttpclient.netty.request.NettyRequestSender - Using pooled Channel '[id: 0x6b81f478, L:/127.0.0.1:58029 - R:localhost/127.0.0.1:13965]' for 'GET' to 'http://localhost:13965/session/2aba82c3cbed94ac67766cb629b24f1a/url'
15:27:34.733 [Forwarding getCurrentUrl on session 2aba82c3cbed94ac67766cb629b24f1a to remote] DEBUG org.asynchttpclient.netty.request.NettyRequestSender - Using open Channel [id: 0x6b81f478, L:/127.0.0.1:58029 - R:localhost/127.0.0.1:13965] for GET '/session/2aba82c3cbed94ac67766cb629b24f1a/url'
15:27:34.733 [AsyncHttpClient-1-3] DEBUG org.asynchttpclient.netty.handler.HttpHandler - 

Request DefaultFullHttpRequest(decodeResult: success, version: HTTP/1.1, content: EmptyByteBufBE)
GET /session/2aba82c3cbed94ac67766cb629b24f1a/url HTTP/1.1
User-Agent: selenium/4.7.1 (java windows)
Cache-Control: no-cache
Content-Type: application/json; charset=utf-8
host: localhost:13965
accept: */*

Response DefaultHttpResponse(decodeResult: success, version: HTTP/1.1)
HTTP/1.1 200 OK
Content-Type: application/json; charset=utf-8
cache-control: no-cache
content-length: 41

15:27:34.733 [AsyncHttpClient-1-3] DEBUG org.asynchttpclient.netty.channel.ChannelManager - Adding key: http://localhost:13965 for channel [id: 0x6b81f478, L:/127.0.0.1:58029 - R:localhost/127.0.0.1:13965]
15:27:34.733 [Forwarding screenshot on session 2aba82c3cbed94ac67766cb629b24f1a to remote] DEBUG org.asynchttpclient.netty.request.NettyRequestSender - Using pooled Channel '[id: 0x6b81f478, L:/127.0.0.1:58029 - R:localhost/127.0.0.1:13965]' for 'GET' to 'http://localhost:13965/session/2aba82c3cbed94ac67766cb629b24f1a/screenshot'
15:27:34.748 [Forwarding screenshot on session 2aba82c3cbed94ac67766cb629b24f1a to remote] DEBUG org.asynchttpclient.netty.request.NettyRequestSender - Using open Channel [id: 0x6b81f478, L:/127.0.0.1:58029 - R:localhost/127.0.0.1:13965] for GET '/session/2aba82c3cbed94ac67766cb629b24f1a/screenshot'
15:27:34.816 [AsyncHttpClient-1-3] DEBUG org.asynchttpclient.netty.handler.HttpHandler - 

Request DefaultFullHttpRequest(decodeResult: success, version: HTTP/1.1, content: EmptyByteBufBE)
GET /session/2aba82c3cbed94ac67766cb629b24f1a/screenshot HTTP/1.1
User-Agent: selenium/4.7.1 (java windows)
Cache-Control: no-cache
Content-Type: application/json; charset=utf-8
host: localhost:13965
accept: */*

Response DefaultHttpResponse(decodeResult: success, version: HTTP/1.1)
HTTP/1.1 200 OK
Content-Type: application/json; charset=utf-8
cache-control: no-cache
content-length: 94288

15:27:34.816 [AsyncHttpClient-1-3] DEBUG org.asynchttpclient.netty.channel.ChannelManager - Adding key: http://localhost:13965 for channel [id: 0x6b81f478, L:/127.0.0.1:58029 - R:localhost/127.0.0.1:13965]
15:27:34.816 [main] DEBUG net.serenitybdd.core.photography.Darkroom - Send negative for processing for target\site\serenity\e3dc02fde424bcf6426115c7325e9f3de863f59b1bf25e15d8287d411c8398c3.png
15:27:34.816 [main] DEBUG net.thucydides.core.steps.StepInterceptor - STEP DONE: diHomepageKembali
15:27:34.816 [Darkroom Processing Line] DEBUG net.serenitybdd.core.photography.DarkroomProcessingLine - Processing screenshot image in /var/screenshots/screenshot-2316883754751782702
15:27:34.816 [Darkroom Processing Line] DEBUG net.serenitybdd.core.photography.DarkroomProcessingLine - Saving screenshot to target\site\serenity\e3dc02fde424bcf6426115c7325e9f3de863f59b1bf25e15d8287d411c8398c3.png
15:27:34.832 [main] DEBUG net.thucydides.core.steps.StepInterceptor - STARTING STEP: TransaksiSteps.userKlikBeliPadaProdukYangDiinginkan - klikButtonBeli
15:27:34.832 [Forwarding findElement on session 2aba82c3cbed94ac67766cb629b24f1a to remote] DEBUG org.asynchttpclient.netty.request.NettyRequestSender - Using pooled Channel '[id: 0x6b81f478, L:/127.0.0.1:58029 - R:localhost/127.0.0.1:13965]' for 'POST' to 'http://localhost:13965/session/2aba82c3cbed94ac67766cb629b24f1a/element'
15:27:34.832 [Forwarding findElement on session 2aba82c3cbed94ac67766cb629b24f1a to remote] DEBUG org.asynchttpclient.netty.request.NettyRequestSender - Using open Channel [id: 0x6b81f478, L:/127.0.0.1:58029 - R:localhost/127.0.0.1:13965] for POST '/session/2aba82c3cbed94ac67766cb629b24f1a/element'
15:27:34.847 [AsyncHttpClient-1-3] DEBUG org.asynchttpclient.netty.handler.HttpHandler - 

Request DefaultHttpRequest(decodeResult: success, version: HTTP/1.1)
POST /session/2aba82c3cbed94ac67766cb629b24f1a/element HTTP/1.1
User-Agent: selenium/4.7.1 (java windows)
Content-Length: 184
Content-Type: application/json; charset=utf-8
host: localhost:13965
accept: */*

Response DefaultHttpResponse(decodeResult: success, version: HTTP/1.1)
HTTP/1.1 200 OK
Content-Type: application/json; charset=utf-8
cache-control: no-cache
content-length: 95

15:27:34.847 [AsyncHttpClient-1-3] DEBUG org.asynchttpclient.netty.channel.ChannelManager - Adding key: http://localhost:13965 for channel [id: 0x6b81f478, L:/127.0.0.1:58029 - R:localhost/127.0.0.1:13965]
15:27:34.847 [Forwarding getElementTagName on session 2aba82c3cbed94ac67766cb629b24f1a to remote] DEBUG org.asynchttpclient.netty.request.NettyRequestSender - Using pooled Channel '[id: 0x6b81f478, L:/127.0.0.1:58029 - R:localhost/127.0.0.1:13965]' for 'GET' to 'http://localhost:13965/session/2aba82c3cbed94ac67766cb629b24f1a/element/7F3107C72A6FE5DA8DF3C19A5A934A2D_element_18/name'
15:27:34.847 [Forwarding getElementTagName on session 2aba82c3cbed94ac67766cb629b24f1a to remote] DEBUG org.asynchttpclient.netty.request.NettyRequestSender - Using open Channel [id: 0x6b81f478, L:/127.0.0.1:58029 - R:localhost/127.0.0.1:13965] for GET '/session/2aba82c3cbed94ac67766cb629b24f1a/element/7F3107C72A6FE5DA8DF3C19A5A934A2D_element_18/name'
15:27:34.847 [AsyncHttpClient-1-3] DEBUG org.asynchttpclient.netty.handler.HttpHandler - 

Request DefaultFullHttpRequest(decodeResult: success, version: HTTP/1.1, content: EmptyByteBufBE)
GET /session/2aba82c3cbed94ac67766cb629b24f1a/element/7F3107C72A6FE5DA8DF3C19A5A934A2D_element_18/name HTTP/1.1
User-Agent: selenium/4.7.1 (java windows)
Cache-Control: no-cache
Content-Type: application/json; charset=utf-8
host: localhost:13965
accept: */*

Response DefaultHttpResponse(decodeResult: success, version: HTTP/1.1)
HTTP/1.1 200 OK
Content-Type: application/json; charset=utf-8
cache-control: no-cache
content-length: 18

15:27:34.847 [AsyncHttpClient-1-3] DEBUG org.asynchttpclient.netty.channel.ChannelManager - Adding key: http://localhost:13965 for channel [id: 0x6b81f478, L:/127.0.0.1:58029 - R:localhost/127.0.0.1:13965]
15:27:34.847 [Forwarding getElementTagName on session 2aba82c3cbed94ac67766cb629b24f1a to remote] DEBUG org.asynchttpclient.netty.request.NettyRequestSender - Using pooled Channel '[id: 0x6b81f478, L:/127.0.0.1:58029 - R:localhost/127.0.0.1:13965]' for 'GET' to 'http://localhost:13965/session/2aba82c3cbed94ac67766cb629b24f1a/element/7F3107C72A6FE5DA8DF3C19A5A934A2D_element_18/name'
15:27:34.847 [Forwarding getElementTagName on session 2aba82c3cbed94ac67766cb629b24f1a to remote] DEBUG org.asynchttpclient.netty.request.NettyRequestSender - Using open Channel [id: 0x6b81f478, L:/127.0.0.1:58029 - R:localhost/127.0.0.1:13965] for GET '/session/2aba82c3cbed94ac67766cb629b24f1a/element/7F3107C72A6FE5DA8DF3C19A5A934A2D_element_18/name'
15:27:34.847 [AsyncHttpClient-1-3] DEBUG org.asynchttpclient.netty.handler.HttpHandler - 

Request DefaultFullHttpRequest(decodeResult: success, version: HTTP/1.1, content: EmptyByteBufBE)
GET /session/2aba82c3cbed94ac67766cb629b24f1a/element/7F3107C72A6FE5DA8DF3C19A5A934A2D_element_18/name HTTP/1.1
User-Agent: selenium/4.7.1 (java windows)
Cache-Control: no-cache
Content-Type: application/json; charset=utf-8
host: localhost:13965
accept: */*

Response DefaultHttpResponse(decodeResult: success, version: HTTP/1.1)
HTTP/1.1 200 OK
Content-Type: application/json; charset=utf-8
cache-control: no-cache
content-length: 18

15:27:34.847 [AsyncHttpClient-1-3] DEBUG org.asynchttpclient.netty.channel.ChannelManager - Adding key: http://localhost:13965 for channel [id: 0x6b81f478, L:/127.0.0.1:58029 - R:localhost/127.0.0.1:13965]
15:27:34.847 [Forwarding isElementEnabled on session 2aba82c3cbed94ac67766cb629b24f1a to remote] DEBUG org.asynchttpclient.netty.request.NettyRequestSender - Using pooled Channel '[id: 0x6b81f478, L:/127.0.0.1:58029 - R:localhost/127.0.0.1:13965]' for 'GET' to 'http://localhost:13965/session/2aba82c3cbed94ac67766cb629b24f1a/element/7F3107C72A6FE5DA8DF3C19A5A934A2D_element_18/enabled'
15:27:34.847 [Forwarding isElementEnabled on session 2aba82c3cbed94ac67766cb629b24f1a to remote] DEBUG org.asynchttpclient.netty.request.NettyRequestSender - Using open Channel [id: 0x6b81f478, L:/127.0.0.1:58029 - R:localhost/127.0.0.1:13965] for GET '/session/2aba82c3cbed94ac67766cb629b24f1a/element/7F3107C72A6FE5DA8DF3C19A5A934A2D_element_18/enabled'
15:27:34.863 [AsyncHttpClient-1-3] DEBUG org.asynchttpclient.netty.handler.HttpHandler - 

Request DefaultFullHttpRequest(decodeResult: success, version: HTTP/1.1, content: EmptyByteBufBE)
GET /session/2aba82c3cbed94ac67766cb629b24f1a/element/7F3107C72A6FE5DA8DF3C19A5A934A2D_element_18/enabled HTTP/1.1
User-Agent: selenium/4.7.1 (java windows)
Cache-Control: no-cache
Content-Type: application/json; charset=utf-8
host: localhost:13965
accept: */*

Response DefaultHttpResponse(decodeResult: success, version: HTTP/1.1)
HTTP/1.1 200 OK
Content-Type: application/json; charset=utf-8
cache-control: no-cache
content-length: 14

15:27:34.863 [AsyncHttpClient-1-3] DEBUG org.asynchttpclient.netty.channel.ChannelManager - Adding key: http://localhost:13965 for channel [id: 0x6b81f478, L:/127.0.0.1:58029 - R:localhost/127.0.0.1:13965]
15:27:34.863 [Forwarding isElementEnabled on session 2aba82c3cbed94ac67766cb629b24f1a to remote] DEBUG org.asynchttpclient.netty.request.NettyRequestSender - Using pooled Channel '[id: 0x6b81f478, L:/127.0.0.1:58029 - R:localhost/127.0.0.1:13965]' for 'GET' to 'http://localhost:13965/session/2aba82c3cbed94ac67766cb629b24f1a/element/7F3107C72A6FE5DA8DF3C19A5A934A2D_element_18/enabled'
15:27:34.863 [Forwarding isElementEnabled on session 2aba82c3cbed94ac67766cb629b24f1a to remote] DEBUG org.asynchttpclient.netty.request.NettyRequestSender - Using open Channel [id: 0x6b81f478, L:/127.0.0.1:58029 - R:localhost/127.0.0.1:13965] for GET '/session/2aba82c3cbed94ac67766cb629b24f1a/element/7F3107C72A6FE5DA8DF3C19A5A934A2D_element_18/enabled'
15:27:34.863 [AsyncHttpClient-1-3] DEBUG org.asynchttpclient.netty.handler.HttpHandler - 

Request DefaultFullHttpRequest(decodeResult: success, version: HTTP/1.1, content: EmptyByteBufBE)
GET /session/2aba82c3cbed94ac67766cb629b24f1a/element/7F3107C72A6FE5DA8DF3C19A5A934A2D_element_18/enabled HTTP/1.1
User-Agent: selenium/4.7.1 (java windows)
Cache-Control: no-cache
Content-Type: application/json; charset=utf-8
host: localhost:13965
accept: */*

Response DefaultHttpResponse(decodeResult: success, version: HTTP/1.1)
HTTP/1.1 200 OK
Content-Type: application/json; charset=utf-8
cache-control: no-cache
content-length: 14

15:27:34.863 [AsyncHttpClient-1-3] DEBUG org.asynchttpclient.netty.channel.ChannelManager - Adding key: http://localhost:13965 for channel [id: 0x6b81f478, L:/127.0.0.1:58029 - R:localhost/127.0.0.1:13965]
15:27:34.863 [Forwarding findElement on session 2aba82c3cbed94ac67766cb629b24f1a to remote] DEBUG org.asynchttpclient.netty.request.NettyRequestSender - Using pooled Channel '[id: 0x6b81f478, L:/127.0.0.1:58029 - R:localhost/127.0.0.1:13965]' for 'POST' to 'http://localhost:13965/session/2aba82c3cbed94ac67766cb629b24f1a/element'
15:27:34.863 [Forwarding findElement on session 2aba82c3cbed94ac67766cb629b24f1a to remote] DEBUG org.asynchttpclient.netty.request.NettyRequestSender - Using open Channel [id: 0x6b81f478, L:/127.0.0.1:58029 - R:localhost/127.0.0.1:13965] for POST '/session/2aba82c3cbed94ac67766cb629b24f1a/element'
15:27:34.879 [AsyncHttpClient-1-3] DEBUG org.asynchttpclient.netty.handler.HttpHandler - 

Request DefaultHttpRequest(decodeResult: success, version: HTTP/1.1)
POST /session/2aba82c3cbed94ac67766cb629b24f1a/element HTTP/1.1
User-Agent: selenium/4.7.1 (java windows)
Content-Length: 184
Content-Type: application/json; charset=utf-8
host: localhost:13965
accept: */*

Response DefaultHttpResponse(decodeResult: success, version: HTTP/1.1)
HTTP/1.1 200 OK
Content-Type: application/json; charset=utf-8
cache-control: no-cache
content-length: 95

15:27:34.879 [AsyncHttpClient-1-3] DEBUG org.asynchttpclient.netty.channel.ChannelManager - Adding key: http://localhost:13965 for channel [id: 0x6b81f478, L:/127.0.0.1:58029 - R:localhost/127.0.0.1:13965]
15:27:34.879 [Forwarding clickElement on session 2aba82c3cbed94ac67766cb629b24f1a to remote] DEBUG org.asynchttpclient.netty.request.NettyRequestSender - Using pooled Channel '[id: 0x6b81f478, L:/127.0.0.1:58029 - R:localhost/127.0.0.1:13965]' for 'POST' to 'http://localhost:13965/session/2aba82c3cbed94ac67766cb629b24f1a/element/7F3107C72A6FE5DA8DF3C19A5A934A2D_element_18/click'
15:27:34.879 [Forwarding clickElement on session 2aba82c3cbed94ac67766cb629b24f1a to remote] DEBUG org.asynchttpclient.netty.request.NettyRequestSender - Using open Channel [id: 0x6b81f478, L:/127.0.0.1:58029 - R:localhost/127.0.0.1:13965] for POST '/session/2aba82c3cbed94ac67766cb629b24f1a/element/7F3107C72A6FE5DA8DF3C19A5A934A2D_element_18/click'
15:27:35.045 [AsyncHttpClient-1-3] DEBUG org.asynchttpclient.netty.handler.HttpHandler - 

Request DefaultHttpRequest(decodeResult: success, version: HTTP/1.1)
POST /session/2aba82c3cbed94ac67766cb629b24f1a/element/7F3107C72A6FE5DA8DF3C19A5A934A2D_element_18/click HTTP/1.1
User-Agent: selenium/4.7.1 (java windows)
Content-Length: 57
Content-Type: application/json; charset=utf-8
host: localhost:13965
accept: */*

Response DefaultHttpResponse(decodeResult: success, version: HTTP/1.1)
HTTP/1.1 200 OK
Content-Type: application/json; charset=utf-8
cache-control: no-cache
content-length: 14

15:27:35.045 [AsyncHttpClient-1-3] DEBUG org.asynchttpclient.netty.channel.ChannelManager - Adding key: http://localhost:13965 for channel [id: 0x6b81f478, L:/127.0.0.1:58029 - R:localhost/127.0.0.1:13965]
15:27:35.050 [Forwarding getCurrentWindowHandle on session 2aba82c3cbed94ac67766cb629b24f1a to remote] DEBUG org.asynchttpclient.netty.request.NettyRequestSender - Using pooled Channel '[id: 0x6b81f478, L:/127.0.0.1:58029 - R:localhost/127.0.0.1:13965]' for 'GET' to 'http://localhost:13965/session/2aba82c3cbed94ac67766cb629b24f1a/window'
15:27:35.050 [Forwarding getCurrentWindowHandle on session 2aba82c3cbed94ac67766cb629b24f1a to remote] DEBUG org.asynchttpclient.netty.request.NettyRequestSender - Using open Channel [id: 0x6b81f478, L:/127.0.0.1:58029 - R:localhost/127.0.0.1:13965] for GET '/session/2aba82c3cbed94ac67766cb629b24f1a/window'
15:27:35.051 [AsyncHttpClient-1-3] DEBUG org.asynchttpclient.netty.handler.HttpHandler - 

Request DefaultFullHttpRequest(decodeResult: success, version: HTTP/1.1, content: EmptyByteBufBE)
GET /session/2aba82c3cbed94ac67766cb629b24f1a/window HTTP/1.1
User-Agent: selenium/4.7.1 (java windows)
Cache-Control: no-cache
Content-Type: application/json; charset=utf-8
host: localhost:13965
accept: */*

Response DefaultHttpResponse(decodeResult: success, version: HTTP/1.1)
HTTP/1.1 200 OK
Content-Type: application/json; charset=utf-8
cache-control: no-cache
content-length: 44

15:27:35.051 [AsyncHttpClient-1-3] DEBUG org.asynchttpclient.netty.channel.ChannelManager - Adding key: http://localhost:13965 for channel [id: 0x6b81f478, L:/127.0.0.1:58029 - R:localhost/127.0.0.1:13965]
15:27:35.052 [Forwarding getAlertText on session 2aba82c3cbed94ac67766cb629b24f1a to remote] DEBUG org.asynchttpclient.netty.request.NettyRequestSender - Using pooled Channel '[id: 0x6b81f478, L:/127.0.0.1:58029 - R:localhost/127.0.0.1:13965]' for 'GET' to 'http://localhost:13965/session/2aba82c3cbed94ac67766cb629b24f1a/alert/text'
15:27:35.052 [Forwarding getAlertText on session 2aba82c3cbed94ac67766cb629b24f1a to remote] DEBUG org.asynchttpclient.netty.request.NettyRequestSender - Using open Channel [id: 0x6b81f478, L:/127.0.0.1:58029 - R:localhost/127.0.0.1:13965] for GET '/session/2aba82c3cbed94ac67766cb629b24f1a/alert/text'
15:27:35.064 [AsyncHttpClient-1-3] DEBUG org.asynchttpclient.netty.handler.HttpHandler - 

Request DefaultFullHttpRequest(decodeResult: success, version: HTTP/1.1, content: EmptyByteBufBE)
GET /session/2aba82c3cbed94ac67766cb629b24f1a/alert/text HTTP/1.1
User-Agent: selenium/4.7.1 (java windows)
Cache-Control: no-cache
Content-Type: application/json; charset=utf-8
host: localhost:13965
accept: */*

Response DefaultHttpResponse(decodeResult: success, version: HTTP/1.1)
HTTP/1.1 404 Not Found
Content-Type: application/json; charset=utf-8
cache-control: no-cache
content-length: 820

15:27:35.065 [AsyncHttpClient-1-3] DEBUG org.asynchttpclient.netty.channel.ChannelManager - Adding key: http://localhost:13965 for channel [id: 0x6b81f478, L:/127.0.0.1:58029 - R:localhost/127.0.0.1:13965]
15:27:35.066 [Forwarding switchToWindow on session 2aba82c3cbed94ac67766cb629b24f1a to remote] DEBUG org.asynchttpclient.netty.request.NettyRequestSender - Using pooled Channel '[id: 0x6b81f478, L:/127.0.0.1:58029 - R:localhost/127.0.0.1:13965]' for 'POST' to 'http://localhost:13965/session/2aba82c3cbed94ac67766cb629b24f1a/window'
15:27:35.067 [Forwarding switchToWindow on session 2aba82c3cbed94ac67766cb629b24f1a to remote] DEBUG org.asynchttpclient.netty.request.NettyRequestSender - Using open Channel [id: 0x6b81f478, L:/127.0.0.1:58029 - R:localhost/127.0.0.1:13965] for POST '/session/2aba82c3cbed94ac67766cb629b24f1a/window'
15:27:35.069 [AsyncHttpClient-1-3] DEBUG org.asynchttpclient.netty.handler.HttpHandler - 

Request DefaultHttpRequest(decodeResult: success, version: HTTP/1.1)
POST /session/2aba82c3cbed94ac67766cb629b24f1a/window HTTP/1.1
User-Agent: selenium/4.7.1 (java windows)
Content-Length: 50
Content-Type: application/json; charset=utf-8
host: localhost:13965
accept: */*

Response DefaultHttpResponse(decodeResult: success, version: HTTP/1.1)
HTTP/1.1 200 OK
Content-Type: application/json; charset=utf-8
cache-control: no-cache
content-length: 14

15:27:35.069 [AsyncHttpClient-1-3] DEBUG org.asynchttpclient.netty.channel.ChannelManager - Adding key: http://localhost:13965 for channel [id: 0x6b81f478, L:/127.0.0.1:58029 - R:localhost/127.0.0.1:13965]
15:27:35.070 [Forwarding getCurrentUrl on session 2aba82c3cbed94ac67766cb629b24f1a to remote] DEBUG org.asynchttpclient.netty.request.NettyRequestSender - Using pooled Channel '[id: 0x6b81f478, L:/127.0.0.1:58029 - R:localhost/127.0.0.1:13965]' for 'GET' to 'http://localhost:13965/session/2aba82c3cbed94ac67766cb629b24f1a/url'
15:27:35.070 [Forwarding getCurrentUrl on session 2aba82c3cbed94ac67766cb629b24f1a to remote] DEBUG org.asynchttpclient.netty.request.NettyRequestSender - Using open Channel [id: 0x6b81f478, L:/127.0.0.1:58029 - R:localhost/127.0.0.1:13965] for GET '/session/2aba82c3cbed94ac67766cb629b24f1a/url'
15:27:35.075 [AsyncHttpClient-1-3] DEBUG org.asynchttpclient.netty.handler.HttpHandler - 

Request DefaultFullHttpRequest(decodeResult: success, version: HTTP/1.1, content: EmptyByteBufBE)
GET /session/2aba82c3cbed94ac67766cb629b24f1a/url HTTP/1.1
User-Agent: selenium/4.7.1 (java windows)
Cache-Control: no-cache
Content-Type: application/json; charset=utf-8
host: localhost:13965
accept: */*

Response DefaultHttpResponse(decodeResult: success, version: HTTP/1.1)
HTTP/1.1 200 OK
Content-Type: application/json; charset=utf-8
cache-control: no-cache
content-length: 41

15:27:35.075 [AsyncHttpClient-1-3] DEBUG org.asynchttpclient.netty.channel.ChannelManager - Adding key: http://localhost:13965 for channel [id: 0x6b81f478, L:/127.0.0.1:58029 - R:localhost/127.0.0.1:13965]
15:27:35.075 [Forwarding screenshot on session 2aba82c3cbed94ac67766cb629b24f1a to remote] DEBUG org.asynchttpclient.netty.request.NettyRequestSender - Using pooled Channel '[id: 0x6b81f478, L:/127.0.0.1:58029 - R:localhost/127.0.0.1:13965]' for 'GET' to 'http://localhost:13965/session/2aba82c3cbed94ac67766cb629b24f1a/screenshot'
15:27:35.075 [Forwarding screenshot on session 2aba82c3cbed94ac67766cb629b24f1a to remote] DEBUG org.asynchttpclient.netty.request.NettyRequestSender - Using open Channel [id: 0x6b81f478, L:/127.0.0.1:58029 - R:localhost/127.0.0.1:13965] for GET '/session/2aba82c3cbed94ac67766cb629b24f1a/screenshot'
15:27:35.190 [AsyncHttpClient-1-3] DEBUG org.asynchttpclient.netty.handler.HttpHandler - 

Request DefaultFullHttpRequest(decodeResult: success, version: HTTP/1.1, content: EmptyByteBufBE)
GET /session/2aba82c3cbed94ac67766cb629b24f1a/screenshot HTTP/1.1
User-Agent: selenium/4.7.1 (java windows)
Cache-Control: no-cache
Content-Type: application/json; charset=utf-8
host: localhost:13965
accept: */*

Response DefaultHttpResponse(decodeResult: success, version: HTTP/1.1)
HTTP/1.1 200 OK
Content-Type: application/json; charset=utf-8
cache-control: no-cache
content-length: 95896

15:27:35.190 [AsyncHttpClient-1-3] DEBUG org.asynchttpclient.netty.channel.ChannelManager - Adding key: http://localhost:13965 for channel [id: 0x6b81f478, L:/127.0.0.1:58029 - R:localhost/127.0.0.1:13965]
15:27:35.193 [main] DEBUG net.serenitybdd.core.photography.Darkroom - Send negative for processing for target\site\serenity\488c5f6ebdbbaf3a82a7c397038bbf4b9d84646a65ce797b009c2d65fe570cbb.png
15:27:35.193 [main] DEBUG net.thucydides.core.steps.StepInterceptor - STEP DONE: klikButtonBeli
  &amp#27;[32mWhen &amp#27;[0m&amp#27;[32muser berada di homepage lalu klik beli pada produk yang diinginkan&amp#27;[0m &amp#27;[90m# starter.stepdefinitions.TransaksiSteps.userKlikBeliPadaProdukYangDiinginkan()&amp#27;[0m
15:27:35.194 [Darkroom Processing Line] DEBUG net.serenitybdd.core.photography.DarkroomProcessingLine - Processing screenshot image in /var/screenshots/screenshot-5405450965420252227
15:27:35.194 [Darkroom Processing Line] DEBUG net.serenitybdd.core.photography.DarkroomProcessingLine - Saving screenshot to target\site\serenity\488c5f6ebdbbaf3a82a7c397038bbf4b9d84646a65ce797b009c2d65fe570cbb.png
  &amp#27;[32mAnd &amp#27;[0m&amp#27;[32mmuncul notif pada cart&amp#27;[0m                                              &amp#27;[90m# starter.stepdefinitions.TransaksiSteps.munculNotifPadaCart()&amp#27;[0m
15:27:35.215 [main] DEBUG net.thucydides.core.steps.StepInterceptor - STARTING STEP: TransaksiSteps.userKlikCart - klikButtonCart
15:27:35.217 [Forwarding findElement on session 2aba82c3cbed94ac67766cb629b24f1a to remote] DEBUG org.asynchttpclient.netty.request.NettyRequestSender - Using pooled Channel '[id: 0x6b81f478, L:/127.0.0.1:58029 - R:localhost/127.0.0.1:13965]' for 'POST' to 'http://localhost:13965/session/2aba82c3cbed94ac67766cb629b24f1a/element'
15:27:35.217 [Forwarding findElement on session 2aba82c3cbed94ac67766cb629b24f1a to remote] DEBUG org.asynchttpclient.netty.request.NettyRequestSender - Using open Channel [id: 0x6b81f478, L:/127.0.0.1:58029 - R:localhost/127.0.0.1:13965] for POST '/session/2aba82c3cbed94ac67766cb629b24f1a/element'
15:27:35.269 [AsyncHttpClient-1-3] DEBUG org.asynchttpclient.netty.handler.HttpHandler - 

Request DefaultHttpRequest(decodeResult: success, version: HTTP/1.1)
POST /session/2aba82c3cbed94ac67766cb629b24f1a/element HTTP/1.1
User-Agent: selenium/4.7.1 (java windows)
Content-Length: 111
Content-Type: application/json; charset=utf-8
host: localhost:13965
accept: */*

Response DefaultHttpResponse(decodeResult: success, version: HTTP/1.1)
HTTP/1.1 200 OK
Content-Type: application/json; charset=utf-8
cache-control: no-cache
content-length: 95

15:27:35.270 [AsyncHttpClient-1-3] DEBUG org.asynchttpclient.netty.channel.ChannelManager - Adding key: http://localhost:13965 for channel [id: 0x6b81f478, L:/127.0.0.1:58029 - R:localhost/127.0.0.1:13965]
15:27:35.271 [Forwarding getElementTagName on session 2aba82c3cbed94ac67766cb629b24f1a to remote] DEBUG org.asynchttpclient.netty.request.NettyRequestSender - Using pooled Channel '[id: 0x6b81f478, L:/127.0.0.1:58029 - R:localhost/127.0.0.1:13965]' for 'GET' to 'http://localhost:13965/session/2aba82c3cbed94ac67766cb629b24f1a/element/7F3107C72A6FE5DA8DF3C19A5A934A2D_element_19/name'
15:27:35.271 [Forwarding getElementTagName on session 2aba82c3cbed94ac67766cb629b24f1a to remote] DEBUG org.asynchttpclient.netty.request.NettyRequestSender - Using open Channel [id: 0x6b81f478, L:/127.0.0.1:58029 - R:localhost/127.0.0.1:13965] for GET '/session/2aba82c3cbed94ac67766cb629b24f1a/element/7F3107C72A6FE5DA8DF3C19A5A934A2D_element_19/name'
15:27:35.279 [AsyncHttpClient-1-3] DEBUG org.asynchttpclient.netty.handler.HttpHandler - 

Request DefaultFullHttpRequest(decodeResult: success, version: HTTP/1.1, content: EmptyByteBufBE)
GET /session/2aba82c3cbed94ac67766cb629b24f1a/element/7F3107C72A6FE5DA8DF3C19A5A934A2D_element_19/name HTTP/1.1
User-Agent: selenium/4.7.1 (java windows)
Cache-Control: no-cache
Content-Type: application/json; charset=utf-8
host: localhost:13965
accept: */*

Response DefaultHttpResponse(decodeResult: success, version: HTTP/1.1)
HTTP/1.1 200 OK
Content-Type: application/json; charset=utf-8
cache-control: no-cache
content-length: 18

15:27:35.280 [AsyncHttpClient-1-3] DEBUG org.asynchttpclient.netty.channel.ChannelManager - Adding key: http://localhost:13965 for channel [id: 0x6b81f478, L:/127.0.0.1:58029 - R:localhost/127.0.0.1:13965]
15:27:35.281 [Forwarding getElementTagName on session 2aba82c3cbed94ac67766cb629b24f1a to remote] DEBUG org.asynchttpclient.netty.request.NettyRequestSender - Using pooled Channel '[id: 0x6b81f478, L:/127.0.0.1:58029 - R:localhost/127.0.0.1:13965]' for 'GET' to 'http://localhost:13965/session/2aba82c3cbed94ac67766cb629b24f1a/element/7F3107C72A6FE5DA8DF3C19A5A934A2D_element_19/name'
15:27:35.281 [Forwarding getElementTagName on session 2aba82c3cbed94ac67766cb629b24f1a to remote] DEBUG org.asynchttpclient.netty.request.NettyRequestSender - Using open Channel [id: 0x6b81f478, L:/127.0.0.1:58029 - R:localhost/127.0.0.1:13965] for GET '/session/2aba82c3cbed94ac67766cb629b24f1a/element/7F3107C72A6FE5DA8DF3C19A5A934A2D_element_19/name'
15:27:35.287 [AsyncHttpClient-1-3] DEBUG org.asynchttpclient.netty.handler.HttpHandler - 

Request DefaultFullHttpRequest(decodeResult: success, version: HTTP/1.1, content: EmptyByteBufBE)
GET /session/2aba82c3cbed94ac67766cb629b24f1a/element/7F3107C72A6FE5DA8DF3C19A5A934A2D_element_19/name HTTP/1.1
User-Agent: selenium/4.7.1 (java windows)
Cache-Control: no-cache
Content-Type: application/json; charset=utf-8
host: localhost:13965
accept: */*

Response DefaultHttpResponse(decodeResult: success, version: HTTP/1.1)
HTTP/1.1 200 OK
Content-Type: application/json; charset=utf-8
cache-control: no-cache
content-length: 18

15:27:35.288 [AsyncHttpClient-1-3] DEBUG org.asynchttpclient.netty.channel.ChannelManager - Adding key: http://localhost:13965 for channel [id: 0x6b81f478, L:/127.0.0.1:58029 - R:localhost/127.0.0.1:13965]
15:27:35.290 [Forwarding isElementEnabled on session 2aba82c3cbed94ac67766cb629b24f1a to remote] DEBUG org.asynchttpclient.netty.request.NettyRequestSender - Using pooled Channel '[id: 0x6b81f478, L:/127.0.0.1:58029 - R:localhost/127.0.0.1:13965]' for 'GET' to 'http://localhost:13965/session/2aba82c3cbed94ac67766cb629b24f1a/element/7F3107C72A6FE5DA8DF3C19A5A934A2D_element_19/enabled'
15:27:35.290 [Forwarding isElementEnabled on session 2aba82c3cbed94ac67766cb629b24f1a to remote] DEBUG org.asynchttpclient.netty.request.NettyRequestSender - Using open Channel [id: 0x6b81f478, L:/127.0.0.1:58029 - R:localhost/127.0.0.1:13965] for GET '/session/2aba82c3cbed94ac67766cb629b24f1a/element/7F3107C72A6FE5DA8DF3C19A5A934A2D_element_19/enabled'
15:27:35.299 [AsyncHttpClient-1-3] DEBUG org.asynchttpclient.netty.handler.HttpHandler - 

Request DefaultFullHttpRequest(decodeResult: success, version: HTTP/1.1, content: EmptyByteBufBE)
GET /session/2aba82c3cbed94ac67766cb629b24f1a/element/7F3107C72A6FE5DA8DF3C19A5A934A2D_element_19/enabled HTTP/1.1
User-Agent: selenium/4.7.1 (java windows)
Cache-Control: no-cache
Content-Type: application/json; charset=utf-8
host: localhost:13965
accept: */*

Response DefaultHttpResponse(decodeResult: success, version: HTTP/1.1)
HTTP/1.1 200 OK
Content-Type: application/json; charset=utf-8
cache-control: no-cache
content-length: 14

15:27:35.299 [AsyncHttpClient-1-3] DEBUG org.asynchttpclient.netty.channel.ChannelManager - Adding key: http://localhost:13965 for channel [id: 0x6b81f478, L:/127.0.0.1:58029 - R:localhost/127.0.0.1:13965]
15:27:35.301 [Forwarding isElementEnabled on session 2aba82c3cbed94ac67766cb629b24f1a to remote] DEBUG org.asynchttpclient.netty.request.NettyRequestSender - Using pooled Channel '[id: 0x6b81f478, L:/127.0.0.1:58029 - R:localhost/127.0.0.1:13965]' for 'GET' to 'http://localhost:13965/session/2aba82c3cbed94ac67766cb629b24f1a/element/7F3107C72A6FE5DA8DF3C19A5A934A2D_element_19/enabled'
15:27:35.301 [Forwarding isElementEnabled on session 2aba82c3cbed94ac67766cb629b24f1a to remote] DEBUG org.asynchttpclient.netty.request.NettyRequestSender - Using open Channel [id: 0x6b81f478, L:/127.0.0.1:58029 - R:localhost/127.0.0.1:13965] for GET '/session/2aba82c3cbed94ac67766cb629b24f1a/element/7F3107C72A6FE5DA8DF3C19A5A934A2D_element_19/enabled'
15:27:35.312 [AsyncHttpClient-1-3] DEBUG org.asynchttpclient.netty.handler.HttpHandler - 

Request DefaultFullHttpRequest(decodeResult: success, version: HTTP/1.1, content: EmptyByteBufBE)
GET /session/2aba82c3cbed94ac67766cb629b24f1a/element/7F3107C72A6FE5DA8DF3C19A5A934A2D_element_19/enabled HTTP/1.1
User-Agent: selenium/4.7.1 (java windows)
Cache-Control: no-cache
Content-Type: application/json; charset=utf-8
host: localhost:13965
accept: */*

Response DefaultHttpResponse(decodeResult: success, version: HTTP/1.1)
HTTP/1.1 200 OK
Content-Type: application/json; charset=utf-8
cache-control: no-cache
content-length: 14

15:27:35.312 [AsyncHttpClient-1-3] DEBUG org.asynchttpclient.netty.channel.ChannelManager - Adding key: http://localhost:13965 for channel [id: 0x6b81f478, L:/127.0.0.1:58029 - R:localhost/127.0.0.1:13965]
15:27:35.313 [Forwarding findElement on session 2aba82c3cbed94ac67766cb629b24f1a to remote] DEBUG org.asynchttpclient.netty.request.NettyRequestSender - Using pooled Channel '[id: 0x6b81f478, L:/127.0.0.1:58029 - R:localhost/127.0.0.1:13965]' for 'POST' to 'http://localhost:13965/session/2aba82c3cbed94ac67766cb629b24f1a/element'
15:27:35.313 [Forwarding findElement on session 2aba82c3cbed94ac67766cb629b24f1a to remote] DEBUG org.asynchttpclient.netty.request.NettyRequestSender - Using open Channel [id: 0x6b81f478, L:/127.0.0.1:58029 - R:localhost/127.0.0.1:13965] for POST '/session/2aba82c3cbed94ac67766cb629b24f1a/element'
15:27:35.333 [AsyncHttpClient-1-3] DEBUG org.asynchttpclient.netty.handler.HttpHandler - 

Request DefaultHttpRequest(decodeResult: success, version: HTTP/1.1)
POST /session/2aba82c3cbed94ac67766cb629b24f1a/element HTTP/1.1
User-Agent: selenium/4.7.1 (java windows)
Content-Length: 111
Content-Type: application/json; charset=utf-8
host: localhost:13965
accept: */*

Response DefaultHttpResponse(decodeResult: success, version: HTTP/1.1)
HTTP/1.1 200 OK
Content-Type: application/json; charset=utf-8
cache-control: no-cache
content-length: 95

15:27:35.333 [AsyncHttpClient-1-3] DEBUG org.asynchttpclient.netty.channel.ChannelManager - Adding key: http://localhost:13965 for channel [id: 0x6b81f478, L:/127.0.0.1:58029 - R:localhost/127.0.0.1:13965]
15:27:35.334 [Forwarding clickElement on session 2aba82c3cbed94ac67766cb629b24f1a to remote] DEBUG org.asynchttpclient.netty.request.NettyRequestSender - Using pooled Channel '[id: 0x6b81f478, L:/127.0.0.1:58029 - R:localhost/127.0.0.1:13965]' for 'POST' to 'http://localhost:13965/session/2aba82c3cbed94ac67766cb629b24f1a/element/7F3107C72A6FE5DA8DF3C19A5A934A2D_element_19/click'
15:27:35.334 [Forwarding clickElement on session 2aba82c3cbed94ac67766cb629b24f1a to remote] DEBUG org.asynchttpclient.netty.request.NettyRequestSender - Using open Channel [id: 0x6b81f478, L:/127.0.0.1:58029 - R:localhost/127.0.0.1:13965] for POST '/session/2aba82c3cbed94ac67766cb629b24f1a/element/7F3107C72A6FE5DA8DF3C19A5A934A2D_element_19/click'
15:27:35.443 [AsyncHttpClient-1-3] DEBUG org.asynchttpclient.netty.handler.HttpHandler - 

Request DefaultHttpRequest(decodeResult: success, version: HTTP/1.1)
POST /session/2aba82c3cbed94ac67766cb629b24f1a/element/7F3107C72A6FE5DA8DF3C19A5A934A2D_element_19/click HTTP/1.1
User-Agent: selenium/4.7.1 (java windows)
Content-Length: 57
Content-Type: application/json; charset=utf-8
host: localhost:13965
accept: */*

Response DefaultHttpResponse(decodeResult: success, version: HTTP/1.1)
HTTP/1.1 200 OK
Content-Type: application/json; charset=utf-8
cache-control: no-cache
content-length: 14

15:27:35.444 [AsyncHttpClient-1-3] DEBUG org.asynchttpclient.netty.channel.ChannelManager - Adding key: http://localhost:13965 for channel [id: 0x6b81f478, L:/127.0.0.1:58029 - R:localhost/127.0.0.1:13965]
15:27:35.446 [AsyncHttpClient-1-1] DEBUG org.asynchttpclient.netty.channel.DefaultChannelPool - Entry count for : http://localhost:58030 : 1
15:27:35.446 [AsyncHttpClient-1-1] DEBUG org.asynchttpclient.netty.channel.DefaultChannelPool - Entry count for : http://localhost:13965 : 1
15:27:35.454 [Forwarding getCurrentWindowHandle on session 2aba82c3cbed94ac67766cb629b24f1a to remote] DEBUG org.asynchttpclient.netty.request.NettyRequestSender - Using pooled Channel '[id: 0x6b81f478, L:/127.0.0.1:58029 - R:localhost/127.0.0.1:13965]' for 'GET' to 'http://localhost:13965/session/2aba82c3cbed94ac67766cb629b24f1a/window'
15:27:35.454 [Forwarding getCurrentWindowHandle on session 2aba82c3cbed94ac67766cb629b24f1a to remote] DEBUG org.asynchttpclient.netty.request.NettyRequestSender - Using open Channel [id: 0x6b81f478, L:/127.0.0.1:58029 - R:localhost/127.0.0.1:13965] for GET '/session/2aba82c3cbed94ac67766cb629b24f1a/window'
15:27:35.455 [AsyncHttpClient-1-3] DEBUG org.asynchttpclient.netty.handler.HttpHandler - 

Request DefaultFullHttpRequest(decodeResult: success, version: HTTP/1.1, content: EmptyByteBufBE)
GET /session/2aba82c3cbed94ac67766cb629b24f1a/window HTTP/1.1
User-Agent: selenium/4.7.1 (java windows)
Cache-Control: no-cache
Content-Type: application/json; charset=utf-8
host: localhost:13965
accept: */*

Response DefaultHttpResponse(decodeResult: success, version: HTTP/1.1)
HTTP/1.1 200 OK
Content-Type: application/json; charset=utf-8
cache-control: no-cache
content-length: 44

15:27:35.456 [AsyncHttpClient-1-3] DEBUG org.asynchttpclient.netty.channel.ChannelManager - Adding key: http://localhost:13965 for channel [id: 0x6b81f478, L:/127.0.0.1:58029 - R:localhost/127.0.0.1:13965]
15:27:35.457 [Forwarding getAlertText on session 2aba82c3cbed94ac67766cb629b24f1a to remote] DEBUG org.asynchttpclient.netty.request.NettyRequestSender - Using pooled Channel '[id: 0x6b81f478, L:/127.0.0.1:58029 - R:localhost/127.0.0.1:13965]' for 'GET' to 'http://localhost:13965/session/2aba82c3cbed94ac67766cb629b24f1a/alert/text'
15:27:35.457 [Forwarding getAlertText on session 2aba82c3cbed94ac67766cb629b24f1a to remote] DEBUG org.asynchttpclient.netty.request.NettyRequestSender - Using open Channel [id: 0x6b81f478, L:/127.0.0.1:58029 - R:localhost/127.0.0.1:13965] for GET '/session/2aba82c3cbed94ac67766cb629b24f1a/alert/text'
15:27:35.797 [AsyncHttpClient-1-3] DEBUG org.asynchttpclient.netty.handler.HttpHandler - 

Request DefaultFullHttpRequest(decodeResult: success, version: HTTP/1.1, content: EmptyByteBufBE)
GET /session/2aba82c3cbed94ac67766cb629b24f1a/alert/text HTTP/1.1
User-Agent: selenium/4.7.1 (java windows)
Cache-Control: no-cache
Content-Type: application/json; charset=utf-8
host: localhost:13965
accept: */*

Response DefaultHttpResponse(decodeResult: success, version: HTTP/1.1)
HTTP/1.1 404 Not Found
Content-Type: application/json; charset=utf-8
cache-control: no-cache
content-length: 820

15:27:35.797 [AsyncHttpClient-1-3] DEBUG org.asynchttpclient.netty.channel.ChannelManager - Adding key: http://localhost:13965 for channel [id: 0x6b81f478, L:/127.0.0.1:58029 - R:localhost/127.0.0.1:13965]
15:27:35.800 [Forwarding switchToWindow on session 2aba82c3cbed94ac67766cb629b24f1a to remote] DEBUG org.asynchttpclient.netty.request.NettyRequestSender - Using pooled Channel '[id: 0x6b81f478, L:/127.0.0.1:58029 - R:localhost/127.0.0.1:13965]' for 'POST' to 'http://localhost:13965/session/2aba82c3cbed94ac67766cb629b24f1a/window'
15:27:35.800 [Forwarding switchToWindow on session 2aba82c3cbed94ac67766cb629b24f1a to remote] DEBUG org.asynchttpclient.netty.request.NettyRequestSender - Using open Channel [id: 0x6b81f478, L:/127.0.0.1:58029 - R:localhost/127.0.0.1:13965] for POST '/session/2aba82c3cbed94ac67766cb629b24f1a/window'
15:27:35.801 [AsyncHttpClient-1-3] DEBUG org.asynchttpclient.netty.handler.HttpHandler - 

Request DefaultHttpRequest(decodeResult: success, version: HTTP/1.1)
POST /session/2aba82c3cbed94ac67766cb629b24f1a/window HTTP/1.1
User-Agent: selenium/4.7.1 (java windows)
Content-Length: 50
Content-Type: application/json; charset=utf-8
host: localhost:13965
accept: */*

Response DefaultHttpResponse(decodeResult: success, version: HTTP/1.1)
HTTP/1.1 200 OK
Content-Type: application/json; charset=utf-8
cache-control: no-cache
content-length: 14

15:27:35.802 [AsyncHttpClient-1-3] DEBUG org.asynchttpclient.netty.channel.ChannelManager - Adding key: http://localhost:13965 for channel [id: 0x6b81f478, L:/127.0.0.1:58029 - R:localhost/127.0.0.1:13965]
15:27:35.802 [Forwarding getCurrentUrl on session 2aba82c3cbed94ac67766cb629b24f1a to remote] DEBUG org.asynchttpclient.netty.request.NettyRequestSender - Using pooled Channel '[id: 0x6b81f478, L:/127.0.0.1:58029 - R:localhost/127.0.0.1:13965]' for 'GET' to 'http://localhost:13965/session/2aba82c3cbed94ac67766cb629b24f1a/url'
15:27:35.802 [Forwarding getCurrentUrl on session 2aba82c3cbed94ac67766cb629b24f1a to remote] DEBUG org.asynchttpclient.netty.request.NettyRequestSender - Using open Channel [id: 0x6b81f478, L:/127.0.0.1:58029 - R:localhost/127.0.0.1:13965] for GET '/session/2aba82c3cbed94ac67766cb629b24f1a/url'
15:27:35.809 [AsyncHttpClient-1-3] DEBUG org.asynchttpclient.netty.handler.HttpHandler - 

Request DefaultFullHttpRequest(decodeResult: success, version: HTTP/1.1, content: EmptyByteBufBE)
GET /session/2aba82c3cbed94ac67766cb629b24f1a/url HTTP/1.1
User-Agent: selenium/4.7.1 (java windows)
Cache-Control: no-cache
Content-Type: application/json; charset=utf-8
host: localhost:13965
accept: */*

Response DefaultHttpResponse(decodeResult: success, version: HTTP/1.1)
HTTP/1.1 200 OK
Content-Type: application/json; charset=utf-8
cache-control: no-cache
content-length: 46

15:27:35.809 [AsyncHttpClient-1-3] DEBUG org.asynchttpclient.netty.channel.ChannelManager - Adding key: http://localhost:13965 for channel [id: 0x6b81f478, L:/127.0.0.1:58029 - R:localhost/127.0.0.1:13965]
15:27:35.809 [Forwarding screenshot on session 2aba82c3cbed94ac67766cb629b24f1a to remote] DEBUG org.asynchttpclient.netty.request.NettyRequestSender - Using pooled Channel '[id: 0x6b81f478, L:/127.0.0.1:58029 - R:localhost/127.0.0.1:13965]' for 'GET' to 'http://localhost:13965/session/2aba82c3cbed94ac67766cb629b24f1a/screenshot'
15:27:35.809 [Forwarding screenshot on session 2aba82c3cbed94ac67766cb629b24f1a to remote] DEBUG org.asynchttpclient.netty.request.NettyRequestSender - Using open Channel [id: 0x6b81f478, L:/127.0.0.1:58029 - R:localhost/127.0.0.1:13965] for GET '/session/2aba82c3cbed94ac67766cb629b24f1a/screenshot'
15:27:35.887 [AsyncHttpClient-1-3] DEBUG org.asynchttpclient.netty.handler.HttpHandler - 

Request DefaultFullHttpRequest(decodeResult: success, version: HTTP/1.1, content: EmptyByteBufBE)
GET /session/2aba82c3cbed94ac67766cb629b24f1a/screenshot HTTP/1.1
User-Agent: selenium/4.7.1 (java windows)
Cache-Control: no-cache
Content-Type: application/json; charset=utf-8
host: localhost:13965
accept: */*

Response DefaultHttpResponse(decodeResult: success, version: HTTP/1.1)
HTTP/1.1 200 OK
Content-Type: application/json; charset=utf-8
cache-control: no-cache
content-length: 30200

15:27:35.887 [AsyncHttpClient-1-3] DEBUG org.asynchttpclient.netty.channel.ChannelManager - Adding key: http://localhost:13965 for channel [id: 0x6b81f478, L:/127.0.0.1:58029 - R:localhost/127.0.0.1:13965]
15:27:35.889 [main] DEBUG net.serenitybdd.core.photography.Darkroom - Send negative for processing for target\site\serenity\db86d707350c2cac8646ded180e889b2b58d0e4854f7872d55da41a3208e07cb.png
15:27:35.889 [main] DEBUG net.thucydides.core.steps.StepInterceptor - STEP DONE: klikButtonCart
15:27:35.889 [Darkroom Processing Line] DEBUG net.serenitybdd.core.photography.DarkroomProcessingLine - Processing screenshot image in /var/screenshots/screenshot-3672101965823204605
15:27:35.889 [Darkroom Processing Line] DEBUG net.serenitybdd.core.photography.DarkroomProcessingLine - Saving screenshot to target\site\serenity\db86d707350c2cac8646ded180e889b2b58d0e4854f7872d55da41a3208e07cb.png
  &amp#27;[32mAnd &amp#27;[0m&amp#27;[32muser klik cart&amp#27;[0m                                                      &amp#27;[90m# starter.stepdefinitions.TransaksiSteps.userKlikCart()&amp#27;[0m
15:27:35.900 [main] DEBUG net.thucydides.core.steps.StepInterceptor - STARTING STEP: TransaksiSteps.userKlikBayar - klikButtonBayar
15:27:35.904 [Forwarding findElement on session 2aba82c3cbed94ac67766cb629b24f1a to remote] DEBUG org.asynchttpclient.netty.request.NettyRequestSender - Using pooled Channel '[id: 0x6b81f478, L:/127.0.0.1:58029 - R:localhost/127.0.0.1:13965]' for 'POST' to 'http://localhost:13965/session/2aba82c3cbed94ac67766cb629b24f1a/element'
15:27:35.904 [Forwarding findElement on session 2aba82c3cbed94ac67766cb629b24f1a to remote] DEBUG org.asynchttpclient.netty.request.NettyRequestSender - Using open Channel [id: 0x6b81f478, L:/127.0.0.1:58029 - R:localhost/127.0.0.1:13965] for POST '/session/2aba82c3cbed94ac67766cb629b24f1a/element'
15:27:35.919 [AsyncHttpClient-1-3] DEBUG org.asynchttpclient.netty.handler.HttpHandler - 

Request DefaultHttpRequest(decodeResult: success, version: HTTP/1.1)
POST /session/2aba82c3cbed94ac67766cb629b24f1a/element HTTP/1.1
User-Agent: selenium/4.7.1 (java windows)
Content-Length: 72
Content-Type: application/json; charset=utf-8
host: localhost:13965
accept: */*

Response DefaultHttpResponse(decodeResult: success, version: HTTP/1.1)
HTTP/1.1 200 OK
Content-Type: application/json; charset=utf-8
cache-control: no-cache
content-length: 95

15:27:35.919 [AsyncHttpClient-1-3] DEBUG org.asynchttpclient.netty.channel.ChannelManager - Adding key: http://localhost:13965 for channel [id: 0x6b81f478, L:/127.0.0.1:58029 - R:localhost/127.0.0.1:13965]
15:27:35.921 [Forwarding getElementTagName on session 2aba82c3cbed94ac67766cb629b24f1a to remote] DEBUG org.asynchttpclient.netty.request.NettyRequestSender - Using pooled Channel '[id: 0x6b81f478, L:/127.0.0.1:58029 - R:localhost/127.0.0.1:13965]' for 'GET' to 'http://localhost:13965/session/2aba82c3cbed94ac67766cb629b24f1a/element/7F3107C72A6FE5DA8DF3C19A5A934A2D_element_21/name'
15:27:35.921 [Forwarding getElementTagName on session 2aba82c3cbed94ac67766cb629b24f1a to remote] DEBUG org.asynchttpclient.netty.request.NettyRequestSender - Using open Channel [id: 0x6b81f478, L:/127.0.0.1:58029 - R:localhost/127.0.0.1:13965] for GET '/session/2aba82c3cbed94ac67766cb629b24f1a/element/7F3107C72A6FE5DA8DF3C19A5A934A2D_element_21/name'
15:27:35.925 [AsyncHttpClient-1-3] DEBUG org.asynchttpclient.netty.handler.HttpHandler - 

Request DefaultFullHttpRequest(decodeResult: success, version: HTTP/1.1, content: EmptyByteBufBE)
GET /session/2aba82c3cbed94ac67766cb629b24f1a/element/7F3107C72A6FE5DA8DF3C19A5A934A2D_element_21/name HTTP/1.1
User-Agent: selenium/4.7.1 (java windows)
Cache-Control: no-cache
Content-Type: application/json; charset=utf-8
host: localhost:13965
accept: */*

Response DefaultHttpResponse(decodeResult: success, version: HTTP/1.1)
HTTP/1.1 200 OK
Content-Type: application/json; charset=utf-8
cache-control: no-cache
content-length: 18

15:27:35.925 [AsyncHttpClient-1-3] DEBUG org.asynchttpclient.netty.channel.ChannelManager - Adding key: http://localhost:13965 for channel [id: 0x6b81f478, L:/127.0.0.1:58029 - R:localhost/127.0.0.1:13965]
15:27:35.926 [Forwarding getElementTagName on session 2aba82c3cbed94ac67766cb629b24f1a to remote] DEBUG org.asynchttpclient.netty.request.NettyRequestSender - Using pooled Channel '[id: 0x6b81f478, L:/127.0.0.1:58029 - R:localhost/127.0.0.1:13965]' for 'GET' to 'http://localhost:13965/session/2aba82c3cbed94ac67766cb629b24f1a/element/7F3107C72A6FE5DA8DF3C19A5A934A2D_element_21/name'
15:27:35.926 [Forwarding getElementTagName on session 2aba82c3cbed94ac67766cb629b24f1a to remote] DEBUG org.asynchttpclient.netty.request.NettyRequestSender - Using open Channel [id: 0x6b81f478, L:/127.0.0.1:58029 - R:localhost/127.0.0.1:13965] for GET '/session/2aba82c3cbed94ac67766cb629b24f1a/element/7F3107C72A6FE5DA8DF3C19A5A934A2D_element_21/name'
15:27:35.931 [AsyncHttpClient-1-3] DEBUG org.asynchttpclient.netty.handler.HttpHandler - 

Request DefaultFullHttpRequest(decodeResult: success, version: HTTP/1.1, content: EmptyByteBufBE)
GET /session/2aba82c3cbed94ac67766cb629b24f1a/element/7F3107C72A6FE5DA8DF3C19A5A934A2D_element_21/name HTTP/1.1
User-Agent: selenium/4.7.1 (java windows)
Cache-Control: no-cache
Content-Type: application/json; charset=utf-8
host: localhost:13965
accept: */*

Response DefaultHttpResponse(decodeResult: success, version: HTTP/1.1)
HTTP/1.1 200 OK
Content-Type: application/json; charset=utf-8
cache-control: no-cache
content-length: 18

15:27:35.931 [AsyncHttpClient-1-3] DEBUG org.asynchttpclient.netty.channel.ChannelManager - Adding key: http://localhost:13965 for channel [id: 0x6b81f478, L:/127.0.0.1:58029 - R:localhost/127.0.0.1:13965]
15:27:35.932 [Forwarding isElementEnabled on session 2aba82c3cbed94ac67766cb629b24f1a to remote] DEBUG org.asynchttpclient.netty.request.NettyRequestSender - Using pooled Channel '[id: 0x6b81f478, L:/127.0.0.1:58029 - R:localhost/127.0.0.1:13965]' for 'GET' to 'http://localhost:13965/session/2aba82c3cbed94ac67766cb629b24f1a/element/7F3107C72A6FE5DA8DF3C19A5A934A2D_element_21/enabled'
15:27:35.932 [Forwarding isElementEnabled on session 2aba82c3cbed94ac67766cb629b24f1a to remote] DEBUG org.asynchttpclient.netty.request.NettyRequestSender - Using open Channel [id: 0x6b81f478, L:/127.0.0.1:58029 - R:localhost/127.0.0.1:13965] for GET '/session/2aba82c3cbed94ac67766cb629b24f1a/element/7F3107C72A6FE5DA8DF3C19A5A934A2D_element_21/enabled'
15:27:35.940 [AsyncHttpClient-1-3] DEBUG org.asynchttpclient.netty.handler.HttpHandler - 

Request DefaultFullHttpRequest(decodeResult: success, version: HTTP/1.1, content: EmptyByteBufBE)
GET /session/2aba82c3cbed94ac67766cb629b24f1a/element/7F3107C72A6FE5DA8DF3C19A5A934A2D_element_21/enabled HTTP/1.1
User-Agent: selenium/4.7.1 (java windows)
Cache-Control: no-cache
Content-Type: application/json; charset=utf-8
host: localhost:13965
accept: */*

Response DefaultHttpResponse(decodeResult: success, version: HTTP/1.1)
HTTP/1.1 200 OK
Content-Type: application/json; charset=utf-8
cache-control: no-cache
content-length: 14

15:27:35.941 [AsyncHttpClient-1-3] DEBUG org.asynchttpclient.netty.channel.ChannelManager - Adding key: http://localhost:13965 for channel [id: 0x6b81f478, L:/127.0.0.1:58029 - R:localhost/127.0.0.1:13965]
15:27:35.941 [Forwarding isElementEnabled on session 2aba82c3cbed94ac67766cb629b24f1a to remote] DEBUG org.asynchttpclient.netty.request.NettyRequestSender - Using pooled Channel '[id: 0x6b81f478, L:/127.0.0.1:58029 - R:localhost/127.0.0.1:13965]' for 'GET' to 'http://localhost:13965/session/2aba82c3cbed94ac67766cb629b24f1a/element/7F3107C72A6FE5DA8DF3C19A5A934A2D_element_21/enabled'
15:27:35.941 [Forwarding isElementEnabled on session 2aba82c3cbed94ac67766cb629b24f1a to remote] DEBUG org.asynchttpclient.netty.request.NettyRequestSender - Using open Channel [id: 0x6b81f478, L:/127.0.0.1:58029 - R:localhost/127.0.0.1:13965] for GET '/session/2aba82c3cbed94ac67766cb629b24f1a/element/7F3107C72A6FE5DA8DF3C19A5A934A2D_element_21/enabled'
15:27:35.947 [AsyncHttpClient-1-3] DEBUG org.asynchttpclient.netty.handler.HttpHandler - 

Request DefaultFullHttpRequest(decodeResult: success, version: HTTP/1.1, content: EmptyByteBufBE)
GET /session/2aba82c3cbed94ac67766cb629b24f1a/element/7F3107C72A6FE5DA8DF3C19A5A934A2D_element_21/enabled HTTP/1.1
User-Agent: selenium/4.7.1 (java windows)
Cache-Control: no-cache
Content-Type: application/json; charset=utf-8
host: localhost:13965
accept: */*

Response DefaultHttpResponse(decodeResult: success, version: HTTP/1.1)
HTTP/1.1 200 OK
Content-Type: application/json; charset=utf-8
cache-control: no-cache
content-length: 14

15:27:35.948 [AsyncHttpClient-1-3] DEBUG org.asynchttpclient.netty.channel.ChannelManager - Adding key: http://localhost:13965 for channel [id: 0x6b81f478, L:/127.0.0.1:58029 - R:localhost/127.0.0.1:13965]
15:27:35.949 [Forwarding findElement on session 2aba82c3cbed94ac67766cb629b24f1a to remote] DEBUG org.asynchttpclient.netty.request.NettyRequestSender - Using pooled Channel '[id: 0x6b81f478, L:/127.0.0.1:58029 - R:localhost/127.0.0.1:13965]' for 'POST' to 'http://localhost:13965/session/2aba82c3cbed94ac67766cb629b24f1a/element'
15:27:35.949 [Forwarding findElement on session 2aba82c3cbed94ac67766cb629b24f1a to remote] DEBUG org.asynchttpclient.netty.request.NettyRequestSender - Using open Channel [id: 0x6b81f478, L:/127.0.0.1:58029 - R:localhost/127.0.0.1:13965] for POST '/session/2aba82c3cbed94ac67766cb629b24f1a/element'
15:27:35.950 [AsyncHttpClient-1-3] DEBUG org.asynchttpclient.netty.handler.HttpHandler - 

Request DefaultHttpRequest(decodeResult: success, version: HTTP/1.1)
POST /session/2aba82c3cbed94ac67766cb629b24f1a/element HTTP/1.1
User-Agent: selenium/4.7.1 (java windows)
Content-Length: 72
Content-Type: application/json; charset=utf-8
host: localhost:13965
accept: */*

Response DefaultHttpResponse(decodeResult: success, version: HTTP/1.1)
HTTP/1.1 200 OK
Content-Type: application/json; charset=utf-8
cache-control: no-cache
content-length: 95

15:27:35.950 [AsyncHttpClient-1-3] DEBUG org.asynchttpclient.netty.channel.ChannelManager - Adding key: http://localhost:13965 for channel [id: 0x6b81f478, L:/127.0.0.1:58029 - R:localhost/127.0.0.1:13965]
15:27:35.950 [Forwarding clickElement on session 2aba82c3cbed94ac67766cb629b24f1a to remote] DEBUG org.asynchttpclient.netty.request.NettyRequestSender - Using pooled Channel '[id: 0x6b81f478, L:/127.0.0.1:58029 - R:localhost/127.0.0.1:13965]' for 'POST' to 'http://localhost:13965/session/2aba82c3cbed94ac67766cb629b24f1a/element/7F3107C72A6FE5DA8DF3C19A5A934A2D_element_21/click'
15:27:35.950 [Forwarding clickElement on session 2aba82c3cbed94ac67766cb629b24f1a to remote] DEBUG org.asynchttpclient.netty.request.NettyRequestSender - Using open Channel [id: 0x6b81f478, L:/127.0.0.1:58029 - R:localhost/127.0.0.1:13965] for POST '/session/2aba82c3cbed94ac67766cb629b24f1a/element/7F3107C72A6FE5DA8DF3C19A5A934A2D_element_21/click'
15:27:35.994 [AsyncHttpClient-1-3] DEBUG org.asynchttpclient.netty.handler.HttpHandler - 

Request DefaultHttpRequest(decodeResult: success, version: HTTP/1.1)
POST /session/2aba82c3cbed94ac67766cb629b24f1a/element/7F3107C72A6FE5DA8DF3C19A5A934A2D_element_21/click HTTP/1.1
User-Agent: selenium/4.7.1 (java windows)
Content-Length: 57
Content-Type: application/json; charset=utf-8
host: localhost:13965
accept: */*

Response DefaultHttpResponse(decodeResult: success, version: HTTP/1.1)
HTTP/1.1 200 OK
Content-Type: application/json; charset=utf-8
cache-control: no-cache
content-length: 14

15:27:35.994 [AsyncHttpClient-1-3] DEBUG org.asynchttpclient.netty.channel.ChannelManager - Adding key: http://localhost:13965 for channel [id: 0x6b81f478, L:/127.0.0.1:58029 - R:localhost/127.0.0.1:13965]
15:27:36.002 [Forwarding getCurrentWindowHandle on session 2aba82c3cbed94ac67766cb629b24f1a to remote] DEBUG org.asynchttpclient.netty.request.NettyRequestSender - Using pooled Channel '[id: 0x6b81f478, L:/127.0.0.1:58029 - R:localhost/127.0.0.1:13965]' for 'GET' to 'http://localhost:13965/session/2aba82c3cbed94ac67766cb629b24f1a/window'
15:27:36.002 [Forwarding getCurrentWindowHandle on session 2aba82c3cbed94ac67766cb629b24f1a to remote] DEBUG org.asynchttpclient.netty.request.NettyRequestSender - Using open Channel [id: 0x6b81f478, L:/127.0.0.1:58029 - R:localhost/127.0.0.1:13965] for GET '/session/2aba82c3cbed94ac67766cb629b24f1a/window'
15:27:36.003 [AsyncHttpClient-1-3] DEBUG org.asynchttpclient.netty.handler.HttpHandler - 

Request DefaultFullHttpRequest(decodeResult: success, version: HTTP/1.1, content: EmptyByteBufBE)
GET /session/2aba82c3cbed94ac67766cb629b24f1a/window HTTP/1.1
User-Agent: selenium/4.7.1 (java windows)
Cache-Control: no-cache
Content-Type: application/json; charset=utf-8
host: localhost:13965
accept: */*

Response DefaultHttpResponse(decodeResult: success, version: HTTP/1.1)
HTTP/1.1 200 OK
Content-Type: application/json; charset=utf-8
cache-control: no-cache
content-length: 44

15:27:36.003 [AsyncHttpClient-1-3] DEBUG org.asynchttpclient.netty.channel.ChannelManager - Adding key: http://localhost:13965 for channel [id: 0x6b81f478, L:/127.0.0.1:58029 - R:localhost/127.0.0.1:13965]
15:27:36.004 [Forwarding getAlertText on session 2aba82c3cbed94ac67766cb629b24f1a to remote] DEBUG org.asynchttpclient.netty.request.NettyRequestSender - Using pooled Channel '[id: 0x6b81f478, L:/127.0.0.1:58029 - R:localhost/127.0.0.1:13965]' for 'GET' to 'http://localhost:13965/session/2aba82c3cbed94ac67766cb629b24f1a/alert/text'
15:27:36.004 [Forwarding getAlertText on session 2aba82c3cbed94ac67766cb629b24f1a to remote] DEBUG org.asynchttpclient.netty.request.NettyRequestSender - Using open Channel [id: 0x6b81f478, L:/127.0.0.1:58029 - R:localhost/127.0.0.1:13965] for GET '/session/2aba82c3cbed94ac67766cb629b24f1a/alert/text'
15:27:36.040 [AsyncHttpClient-1-3] DEBUG org.asynchttpclient.netty.handler.HttpHandler - 

Request DefaultFullHttpRequest(decodeResult: success, version: HTTP/1.1, content: EmptyByteBufBE)
GET /session/2aba82c3cbed94ac67766cb629b24f1a/alert/text HTTP/1.1
User-Agent: selenium/4.7.1 (java windows)
Cache-Control: no-cache
Content-Type: application/json; charset=utf-8
host: localhost:13965
accept: */*

Response DefaultHttpResponse(decodeResult: success, version: HTTP/1.1)
HTTP/1.1 404 Not Found
Content-Type: application/json; charset=utf-8
cache-control: no-cache
content-length: 820

15:27:36.040 [AsyncHttpClient-1-3] DEBUG org.asynchttpclient.netty.channel.ChannelManager - Adding key: http://localhost:13965 for channel [id: 0x6b81f478, L:/127.0.0.1:58029 - R:localhost/127.0.0.1:13965]
15:27:36.043 [Forwarding switchToWindow on session 2aba82c3cbed94ac67766cb629b24f1a to remote] DEBUG org.asynchttpclient.netty.request.NettyRequestSender - Using pooled Channel '[id: 0x6b81f478, L:/127.0.0.1:58029 - R:localhost/127.0.0.1:13965]' for 'POST' to 'http://localhost:13965/session/2aba82c3cbed94ac67766cb629b24f1a/window'
15:27:36.043 [Forwarding switchToWindow on session 2aba82c3cbed94ac67766cb629b24f1a to remote] DEBUG org.asynchttpclient.netty.request.NettyRequestSender - Using open Channel [id: 0x6b81f478, L:/127.0.0.1:58029 - R:localhost/127.0.0.1:13965] for POST '/session/2aba82c3cbed94ac67766cb629b24f1a/window'
15:27:36.046 [AsyncHttpClient-1-3] DEBUG org.asynchttpclient.netty.handler.HttpHandler - 

Request DefaultHttpRequest(decodeResult: success, version: HTTP/1.1)
POST /session/2aba82c3cbed94ac67766cb629b24f1a/window HTTP/1.1
User-Agent: selenium/4.7.1 (java windows)
Content-Length: 50
Content-Type: application/json; charset=utf-8
host: localhost:13965
accept: */*

Response DefaultHttpResponse(decodeResult: success, version: HTTP/1.1)
HTTP/1.1 200 OK
Content-Type: application/json; charset=utf-8
cache-control: no-cache
content-length: 14

15:27:36.046 [AsyncHttpClient-1-3] DEBUG org.asynchttpclient.netty.channel.ChannelManager - Adding key: http://localhost:13965 for channel [id: 0x6b81f478, L:/127.0.0.1:58029 - R:localhost/127.0.0.1:13965]
15:27:36.046 [Forwarding getCurrentUrl on session 2aba82c3cbed94ac67766cb629b24f1a to remote] DEBUG org.asynchttpclient.netty.request.NettyRequestSender - Using pooled Channel '[id: 0x6b81f478, L:/127.0.0.1:58029 - R:localhost/127.0.0.1:13965]' for 'GET' to 'http://localhost:13965/session/2aba82c3cbed94ac67766cb629b24f1a/url'
15:27:36.046 [Forwarding getCurrentUrl on session 2aba82c3cbed94ac67766cb629b24f1a to remote] DEBUG org.asynchttpclient.netty.request.NettyRequestSender - Using open Channel [id: 0x6b81f478, L:/127.0.0.1:58029 - R:localhost/127.0.0.1:13965] for GET '/session/2aba82c3cbed94ac67766cb629b24f1a/url'
15:27:36.051 [AsyncHttpClient-1-3] DEBUG org.asynchttpclient.netty.handler.HttpHandler - 

Request DefaultFullHttpRequest(decodeResult: success, version: HTTP/1.1, content: EmptyByteBufBE)
GET /session/2aba82c3cbed94ac67766cb629b24f1a/url HTTP/1.1
User-Agent: selenium/4.7.1 (java windows)
Cache-Control: no-cache
Content-Type: application/json; charset=utf-8
host: localhost:13965
accept: */*

Response DefaultHttpResponse(decodeResult: success, version: HTTP/1.1)
HTTP/1.1 200 OK
Content-Type: application/json; charset=utf-8
cache-control: no-cache
content-length: 113

15:27:36.051 [AsyncHttpClient-1-3] DEBUG org.asynchttpclient.netty.channel.ChannelManager - Adding key: http://localhost:13965 for channel [id: 0x6b81f478, L:/127.0.0.1:58029 - R:localhost/127.0.0.1:13965]
15:27:36.052 [Forwarding screenshot on session 2aba82c3cbed94ac67766cb629b24f1a to remote] DEBUG org.asynchttpclient.netty.request.NettyRequestSender - Using pooled Channel '[id: 0x6b81f478, L:/127.0.0.1:58029 - R:localhost/127.0.0.1:13965]' for 'GET' to 'http://localhost:13965/session/2aba82c3cbed94ac67766cb629b24f1a/screenshot'
15:27:36.052 [Forwarding screenshot on session 2aba82c3cbed94ac67766cb629b24f1a to remote] DEBUG org.asynchttpclient.netty.request.NettyRequestSender - Using open Channel [id: 0x6b81f478, L:/127.0.0.1:58029 - R:localhost/127.0.0.1:13965] for GET '/session/2aba82c3cbed94ac67766cb629b24f1a/screenshot'
15:27:36.142 [AsyncHttpClient-1-3] DEBUG org.asynchttpclient.netty.handler.HttpHandler - 

Request DefaultFullHttpRequest(decodeResult: success, version: HTTP/1.1, content: EmptyByteBufBE)
GET /session/2aba82c3cbed94ac67766cb629b24f1a/screenshot HTTP/1.1
User-Agent: selenium/4.7.1 (java windows)
Cache-Control: no-cache
Content-Type: application/json; charset=utf-8
host: localhost:13965
accept: */*

Response DefaultHttpResponse(decodeResult: success, version: HTTP/1.1)
HTTP/1.1 200 OK
Content-Type: application/json; charset=utf-8
cache-control: no-cache
content-length: 31312

15:27:36.143 [AsyncHttpClient-1-3] DEBUG org.asynchttpclient.netty.channel.ChannelManager - Adding key: http://localhost:13965 for channel [id: 0x6b81f478, L:/127.0.0.1:58029 - R:localhost/127.0.0.1:13965]
15:27:36.144 [main] DEBUG net.serenitybdd.core.photography.Darkroom - Send negative for processing for target\site\serenity\e30593c84d519903a21286c731ee7d928fc209834a52c6d4c01ea44cc0a38d06.png
15:27:36.144 [main] DEBUG net.thucydides.core.steps.StepInterceptor - STEP DONE: klikButtonBayar
  &amp#27;[32mAnd &amp#27;[0m&amp#27;[32muser klik bayar&amp#27;[0m                                                     &amp#27;[90m# starter.stepdefinitions.TransaksiSteps.userKlikBayar()&amp#27;[0m
15:27:36.144 [Darkroom Processing Line] DEBUG net.serenitybdd.core.photography.DarkroomProcessingLine - Processing screenshot image in /var/screenshots/screenshot-10656511573886892811
15:27:36.144 [Darkroom Processing Line] DEBUG net.serenitybdd.core.photography.DarkroomProcessingLine - Saving screenshot to target\site\serenity\e30593c84d519903a21286c731ee7d928fc209834a52c6d4c01ea44cc0a38d06.png
15:27:36.153 [main] DEBUG net.thucydides.core.steps.StepInterceptor - STARTING STEP: TransaksiSteps.userMasukKeHalamanTransaksi - halamanTransaksi
15:27:36.157 [Forwarding findElement on session 2aba82c3cbed94ac67766cb629b24f1a to remote] DEBUG org.asynchttpclient.netty.request.NettyRequestSender - Using pooled Channel '[id: 0x6b81f478, L:/127.0.0.1:58029 - R:localhost/127.0.0.1:13965]' for 'POST' to 'http://localhost:13965/session/2aba82c3cbed94ac67766cb629b24f1a/element'
15:27:36.157 [Forwarding findElement on session 2aba82c3cbed94ac67766cb629b24f1a to remote] DEBUG org.asynchttpclient.netty.request.NettyRequestSender - Using open Channel [id: 0x6b81f478, L:/127.0.0.1:58029 - R:localhost/127.0.0.1:13965] for POST '/session/2aba82c3cbed94ac67766cb629b24f1a/element'
15:27:36.523 [AsyncHttpClient-1-3] DEBUG org.asynchttpclient.netty.handler.HttpHandler - 

Request DefaultHttpRequest(decodeResult: success, version: HTTP/1.1)
POST /session/2aba82c3cbed94ac67766cb629b24f1a/element HTTP/1.1
User-Agent: selenium/4.7.1 (java windows)
Content-Length: 112
Content-Type: application/json; charset=utf-8
host: localhost:13965
accept: */*

Response DefaultHttpResponse(decodeResult: success, version: HTTP/1.1)
HTTP/1.1 200 OK
Content-Type: application/json; charset=utf-8
cache-control: no-cache
content-length: 95

15:27:36.523 [AsyncHttpClient-1-3] DEBUG org.asynchttpclient.netty.channel.ChannelManager - Adding key: http://localhost:13965 for channel [id: 0x6b81f478, L:/127.0.0.1:58029 - R:localhost/127.0.0.1:13965]
15:27:36.526 [Forwarding isElementDisplayed on session 2aba82c3cbed94ac67766cb629b24f1a to remote] DEBUG org.asynchttpclient.netty.request.NettyRequestSender - Using pooled Channel '[id: 0x6b81f478, L:/127.0.0.1:58029 - R:localhost/127.0.0.1:13965]' for 'POST' to 'http://localhost:13965/session/2aba82c3cbed94ac67766cb629b24f1a/execute/sync'
15:27:36.526 [Forwarding isElementDisplayed on session 2aba82c3cbed94ac67766cb629b24f1a to remote] DEBUG org.asynchttpclient.netty.request.NettyRequestSender - Using open Channel [id: 0x6b81f478, L:/127.0.0.1:58029 - R:localhost/127.0.0.1:13965] for POST '/session/2aba82c3cbed94ac67766cb629b24f1a/execute/sync'
15:27:36.532 [AsyncHttpClient-1-3] DEBUG org.asynchttpclient.netty.handler.HttpHandler - 

Request DefaultHttpRequest(decodeResult: success, version: HTTP/1.1)
POST /session/2aba82c3cbed94ac67766cb629b24f1a/execute/sync HTTP/1.1
User-Agent: selenium/4.7.1 (java windows)
Content-Length: 48787
Content-Type: application/json; charset=utf-8
host: localhost:13965
accept: */*

Response DefaultHttpResponse(decodeResult: success, version: HTTP/1.1)
HTTP/1.1 404 Not Found
Content-Type: application/json; charset=utf-8
cache-control: no-cache
content-length: 977

15:27:36.532 [AsyncHttpClient-1-3] DEBUG org.asynchttpclient.netty.channel.ChannelManager - Adding key: http://localhost:13965 for channel [id: 0x6b81f478, L:/127.0.0.1:58029 - R:localhost/127.0.0.1:13965]
15:27:36.543 [Forwarding getCurrentWindowHandle on session 2aba82c3cbed94ac67766cb629b24f1a to remote] DEBUG org.asynchttpclient.netty.request.NettyRequestSender - Using pooled Channel '[id: 0x6b81f478, L:/127.0.0.1:58029 - R:localhost/127.0.0.1:13965]' for 'GET' to 'http://localhost:13965/session/2aba82c3cbed94ac67766cb629b24f1a/window'
15:27:36.543 [Forwarding getCurrentWindowHandle on session 2aba82c3cbed94ac67766cb629b24f1a to remote] DEBUG org.asynchttpclient.netty.request.NettyRequestSender - Using open Channel [id: 0x6b81f478, L:/127.0.0.1:58029 - R:localhost/127.0.0.1:13965] for GET '/session/2aba82c3cbed94ac67766cb629b24f1a/window'
15:27:36.544 [AsyncHttpClient-1-3] DEBUG org.asynchttpclient.netty.handler.HttpHandler - 

Request DefaultFullHttpRequest(decodeResult: success, version: HTTP/1.1, content: EmptyByteBufBE)
GET /session/2aba82c3cbed94ac67766cb629b24f1a/window HTTP/1.1
User-Agent: selenium/4.7.1 (java windows)
Cache-Control: no-cache
Content-Type: application/json; charset=utf-8
host: localhost:13965
accept: */*

Response DefaultHttpResponse(decodeResult: success, version: HTTP/1.1)
HTTP/1.1 200 OK
Content-Type: application/json; charset=utf-8
cache-control: no-cache
content-length: 44

15:27:36.544 [AsyncHttpClient-1-3] DEBUG org.asynchttpclient.netty.channel.ChannelManager - Adding key: http://localhost:13965 for channel [id: 0x6b81f478, L:/127.0.0.1:58029 - R:localhost/127.0.0.1:13965]
15:27:36.545 [Forwarding getAlertText on session 2aba82c3cbed94ac67766cb629b24f1a to remote] DEBUG org.asynchttpclient.netty.request.NettyRequestSender - Using pooled Channel '[id: 0x6b81f478, L:/127.0.0.1:58029 - R:localhost/127.0.0.1:13965]' for 'GET' to 'http://localhost:13965/session/2aba82c3cbed94ac67766cb629b24f1a/alert/text'
15:27:36.545 [Forwarding getAlertText on session 2aba82c3cbed94ac67766cb629b24f1a to remote] DEBUG org.asynchttpclient.netty.request.NettyRequestSender - Using open Channel [id: 0x6b81f478, L:/127.0.0.1:58029 - R:localhost/127.0.0.1:13965] for GET '/session/2aba82c3cbed94ac67766cb629b24f1a/alert/text'
15:27:36.546 [AsyncHttpClient-1-1] DEBUG org.asynchttpclient.netty.channel.DefaultChannelPool - Entry count for : http://localhost:58030 : 1
15:27:36.548 [AsyncHttpClient-1-3] DEBUG org.asynchttpclient.netty.handler.HttpHandler - 

Request DefaultFullHttpRequest(decodeResult: success, version: HTTP/1.1, content: EmptyByteBufBE)
GET /session/2aba82c3cbed94ac67766cb629b24f1a/alert/text HTTP/1.1
User-Agent: selenium/4.7.1 (java windows)
Cache-Control: no-cache
Content-Type: application/json; charset=utf-8
host: localhost:13965
accept: */*

Response DefaultHttpResponse(decodeResult: success, version: HTTP/1.1)
HTTP/1.1 404 Not Found
Content-Type: application/json; charset=utf-8
cache-control: no-cache
content-length: 820

15:27:36.548 [AsyncHttpClient-1-3] DEBUG org.asynchttpclient.netty.channel.ChannelManager - Adding key: http://localhost:13965 for channel [id: 0x6b81f478, L:/127.0.0.1:58029 - R:localhost/127.0.0.1:13965]
15:27:36.550 [Forwarding switchToWindow on session 2aba82c3cbed94ac67766cb629b24f1a to remote] DEBUG org.asynchttpclient.netty.request.NettyRequestSender - Using pooled Channel '[id: 0x6b81f478, L:/127.0.0.1:58029 - R:localhost/127.0.0.1:13965]' for 'POST' to 'http://localhost:13965/session/2aba82c3cbed94ac67766cb629b24f1a/window'
15:27:36.550 [Forwarding switchToWindow on session 2aba82c3cbed94ac67766cb629b24f1a to remote] DEBUG org.asynchttpclient.netty.request.NettyRequestSender - Using open Channel [id: 0x6b81f478, L:/127.0.0.1:58029 - R:localhost/127.0.0.1:13965] for POST '/session/2aba82c3cbed94ac67766cb629b24f1a/window'
15:27:36.553 [AsyncHttpClient-1-3] DEBUG org.asynchttpclient.netty.handler.HttpHandler - 

Request DefaultHttpRequest(decodeResult: success, version: HTTP/1.1)
POST /session/2aba82c3cbed94ac67766cb629b24f1a/window HTTP/1.1
User-Agent: selenium/4.7.1 (java windows)
Content-Length: 50
Content-Type: application/json; charset=utf-8
host: localhost:13965
accept: */*

Response DefaultHttpResponse(decodeResult: success, version: HTTP/1.1)
HTTP/1.1 200 OK
Content-Type: application/json; charset=utf-8
cache-control: no-cache
content-length: 14

15:27:36.553 [AsyncHttpClient-1-3] DEBUG org.asynchttpclient.netty.channel.ChannelManager - Adding key: http://localhost:13965 for channel [id: 0x6b81f478, L:/127.0.0.1:58029 - R:localhost/127.0.0.1:13965]
15:27:36.554 [Forwarding getCurrentUrl on session 2aba82c3cbed94ac67766cb629b24f1a to remote] DEBUG org.asynchttpclient.netty.request.NettyRequestSender - Using pooled Channel '[id: 0x6b81f478, L:/127.0.0.1:58029 - R:localhost/127.0.0.1:13965]' for 'GET' to 'http://localhost:13965/session/2aba82c3cbed94ac67766cb629b24f1a/url'
15:27:36.554 [Forwarding getCurrentUrl on session 2aba82c3cbed94ac67766cb629b24f1a to remote] DEBUG org.asynchttpclient.netty.request.NettyRequestSender - Using open Channel [id: 0x6b81f478, L:/127.0.0.1:58029 - R:localhost/127.0.0.1:13965] for GET '/session/2aba82c3cbed94ac67766cb629b24f1a/url'
15:27:36.578 [AsyncHttpClient-1-3] DEBUG org.asynchttpclient.netty.handler.HttpHandler - 

Request DefaultFullHttpRequest(decodeResult: success, version: HTTP/1.1, content: EmptyByteBufBE)
GET /session/2aba82c3cbed94ac67766cb629b24f1a/url HTTP/1.1
User-Agent: selenium/4.7.1 (java windows)
Cache-Control: no-cache
Content-Type: application/json; charset=utf-8
host: localhost:13965
accept: */*

Response DefaultHttpResponse(decodeResult: success, version: HTTP/1.1)
HTTP/1.1 200 OK
Content-Type: application/json; charset=utf-8
cache-control: no-cache
content-length: 52

15:27:36.578 [AsyncHttpClient-1-3] DEBUG org.asynchttpclient.netty.channel.ChannelManager - Adding key: http://localhost:13965 for channel [id: 0x6b81f478, L:/127.0.0.1:58029 - R:localhost/127.0.0.1:13965]
15:27:36.580 [Forwarding screenshot on session 2aba82c3cbed94ac67766cb629b24f1a to remote] DEBUG org.asynchttpclient.netty.request.NettyRequestSender - Using pooled Channel '[id: 0x6b81f478, L:/127.0.0.1:58029 - R:localhost/127.0.0.1:13965]' for 'GET' to 'http://localhost:13965/session/2aba82c3cbed94ac67766cb629b24f1a/screenshot'
15:27:36.580 [Forwarding screenshot on session 2aba82c3cbed94ac67766cb629b24f1a to remote] DEBUG org.asynchttpclient.netty.request.NettyRequestSender - Using open Channel [id: 0x6b81f478, L:/127.0.0.1:58029 - R:localhost/127.0.0.1:13965] for GET '/session/2aba82c3cbed94ac67766cb629b24f1a/screenshot'
15:27:36.678 [AsyncHttpClient-1-3] DEBUG org.asynchttpclient.netty.handler.HttpHandler - 

Request DefaultFullHttpRequest(decodeResult: success, version: HTTP/1.1, content: EmptyByteBufBE)
GET /session/2aba82c3cbed94ac67766cb629b24f1a/screenshot HTTP/1.1
User-Agent: selenium/4.7.1 (java windows)
Cache-Control: no-cache
Content-Type: application/json; charset=utf-8
host: localhost:13965
accept: */*

Response DefaultHttpResponse(decodeResult: success, version: HTTP/1.1)
HTTP/1.1 200 OK
Content-Type: application/json; charset=utf-8
cache-control: no-cache
content-length: 60312

15:27:36.678 [AsyncHttpClient-1-3] DEBUG org.asynchttpclient.netty.channel.ChannelManager - Adding key: http://localhost:13965 for channel [id: 0x6b81f478, L:/127.0.0.1:58029 - R:localhost/127.0.0.1:13965]
15:27:36.680 [main] DEBUG net.serenitybdd.core.photography.Darkroom - Send negative for processing for target\site\serenity\850704b62aba47876e93a12a422032fe4002965d2be880a5587b27089563f347.png
15:27:36.680 [Darkroom Processing Line] DEBUG net.serenitybdd.core.photography.DarkroomProcessingLine - Processing screenshot image in /var/screenshots/screenshot-11491018952865132537
15:27:36.680 [Darkroom Processing Line] DEBUG net.serenitybdd.core.photography.DarkroomProcessingLine - Saving screenshot to target\site\serenity\850704b62aba47876e93a12a422032fe4002965d2be880a5587b27089563f347.png
15:27:36.681 [Forwarding getPageSource on session 2aba82c3cbed94ac67766cb629b24f1a to remote] DEBUG org.asynchttpclient.netty.request.NettyRequestSender - Using pooled Channel '[id: 0x6b81f478, L:/127.0.0.1:58029 - R:localhost/127.0.0.1:13965]' for 'POST' to 'http://localhost:13965/session/2aba82c3cbed94ac67766cb629b24f1a/execute/sync'
15:27:36.681 [Forwarding getPageSource on session 2aba82c3cbed94ac67766cb629b24f1a to remote] DEBUG org.asynchttpclient.netty.request.NettyRequestSender - Using open Channel [id: 0x6b81f478, L:/127.0.0.1:58029 - R:localhost/127.0.0.1:13965] for POST '/session/2aba82c3cbed94ac67766cb629b24f1a/execute/sync'
15:27:36.689 [AsyncHttpClient-1-3] DEBUG org.asynchttpclient.netty.handler.HttpHandler - 

Request DefaultHttpRequest(decodeResult: success, version: HTTP/1.1)
POST /session/2aba82c3cbed94ac67766cb629b24f1a/execute/sync HTTP/1.1
User-Agent: selenium/4.7.1 (java windows)
Content-Length: 176
Content-Type: application/json; charset=utf-8
host: localhost:13965
accept: */*

Response DefaultHttpResponse(decodeResult: success, version: HTTP/1.1)
HTTP/1.1 200 OK
Content-Type: application/json; charset=utf-8
cache-control: no-cache
content-length: 25979

15:27:36.689 [AsyncHttpClient-1-3] DEBUG org.asynchttpclient.netty.channel.ChannelManager - Adding key: http://localhost:13965 for channel [id: 0x6b81f478, L:/127.0.0.1:58029 - R:localhost/127.0.0.1:13965]
15:27:36.767 [Forwarding getCurrentUrl on session 2aba82c3cbed94ac67766cb629b24f1a to remote] DEBUG org.asynchttpclient.netty.request.NettyRequestSender - Using pooled Channel '[id: 0x6b81f478, L:/127.0.0.1:58029 - R:localhost/127.0.0.1:13965]' for 'GET' to 'http://localhost:13965/session/2aba82c3cbed94ac67766cb629b24f1a/url'
15:27:36.767 [Forwarding getCurrentUrl on session 2aba82c3cbed94ac67766cb629b24f1a to remote] DEBUG org.asynchttpclient.netty.request.NettyRequestSender - Using open Channel [id: 0x6b81f478, L:/127.0.0.1:58029 - R:localhost/127.0.0.1:13965] for GET '/session/2aba82c3cbed94ac67766cb629b24f1a/url'
15:27:36.772 [AsyncHttpClient-1-3] DEBUG org.asynchttpclient.netty.handler.HttpHandler - 

Request DefaultFullHttpRequest(decodeResult: success, version: HTTP/1.1, content: EmptyByteBufBE)
GET /session/2aba82c3cbed94ac67766cb629b24f1a/url HTTP/1.1
User-Agent: selenium/4.7.1 (java windows)
Cache-Control: no-cache
Content-Type: application/json; charset=utf-8
host: localhost:13965
accept: */*

Response DefaultHttpResponse(decodeResult: success, version: HTTP/1.1)
HTTP/1.1 200 OK
Content-Type: application/json; charset=utf-8
cache-control: no-cache
content-length: 52

15:27:36.772 [AsyncHttpClient-1-3] DEBUG org.asynchttpclient.netty.channel.ChannelManager - Adding key: http://localhost:13965 for channel [id: 0x6b81f478, L:/127.0.0.1:58029 - R:localhost/127.0.0.1:13965]
  &amp#27;[31mAnd &amp#27;[0m&amp#27;[31muser masuk ke halaman transaksi&amp#27;[0m                                     &amp#27;[90m# starter.stepdefinitions.TransaksiSteps.userMasukKeHalamanTransaksi()&amp#27;[0m
      &amp#27;[31morg.openqa.selenium.StaleElementReferenceException: stale element reference: stale element not found
  (Session info: chrome=113.0.5672.92)
For documentation on this error, please visit: https://selenium.dev/exceptions/#stale_element_reference
Build info: version: '4.7.1', revision: 'c6795baf1a3'
System info: os.name: 'Windows 11', os.arch: 'amd64', os.version: '10.0', java.version: '19.0.2'
Driver info: org.openqa.selenium.chrome.ChromeDriver
Command: [2aba82c3cbed94ac67766cb629b24f1a, isElementDisplayed {id=7F3107C72A6FE5DA8DF3C19A5A934A2D_element_22}]
Capabilities {acceptInsecureCerts: true, browserName: chrome, browserVersion: 113.0.5672.92, chrome: {chromedriverVersion: 113.0.5672.63 (0e1a4471d5ae..., userDataDir: C:\Users\HP\AppData\Local\T...}, goog:chromeOptions: {debuggerAddress: localhost:58030}, networkConnectionEnabled: false, pageLoadStrategy: normal, platformName: WINDOWS, proxy: Proxy(), se:cdp: ws://localhost:58030/devtoo..., se:cdpVersion: 113.0.5672.92, setWindowRect: true, strictFileInteractability: false, timeouts: {implicit: 0, pageLoad: 300000, script: 30000}, unhandledPromptBehavior: dismiss and notify, webauthn:extension:credBlob: true, webauthn:extension:largeBlob: true, webauthn:extension:minPinLength: true, webauthn:extension:prf: true, webauthn:virtualAuthenticators: true}
Element: [[ChromeDriver: chrome on WINDOWS (2aba82c3cbed94ac67766cb629b24f1a)] -> xpath: //*[@id="app"]/div[1]/main/div/div/div]
Session ID: 2aba82c3cbed94ac67766cb629b24f1a
	at java.base/jdk.internal.reflect.DirectConstructorHandleAccessor.newInstance(DirectConstructorHandleAccessor.java:67)
	at java.base/java.lang.reflect.Constructor.newInstanceWithCaller(Constructor.java:500)
	at java.base/java.lang.reflect.Constructor.newInstance(Constructor.java:484)
	at org.openqa.selenium.remote.codec.w3c.W3CHttpResponseCodec.createException(W3CHttpResponseCodec.java:200)
	at org.openqa.selenium.remote.codec.w3c.W3CHttpResponseCodec.decode(W3CHttpResponseCodec.java:133)
	at org.openqa.selenium.remote.codec.w3c.W3CHttpResponseCodec.decode(W3CHttpResponseCodec.java:53)
	at org.openqa.selenium.remote.HttpCommandExecutor.execute(HttpCommandExecutor.java:184)
	at org.openqa.selenium.remote.service.DriverCommandExecutor.invokeExecute(DriverCommandExecutor.java:167)
	at org.openqa.selenium.remote.service.DriverCommandExecutor.execute(DriverCommandExecutor.java:142)
	at org.openqa.selenium.remote.RemoteWebDriver.execute(RemoteWebDriver.java:551)
	at org.openqa.selenium.remote.RemoteWebElement.execute(RemoteWebElement.java:257)
	at org.openqa.selenium.remote.RemoteWebElement.isDisplayed(RemoteWebElement.java:313)
	at net.serenitybdd.core.pages.WebElementFacadeImpl.elementIsPresent(WebElementFacadeImpl.java:927)
	at net.serenitybdd.core.pages.WebElementFacadeImpl.isPresent(WebElementFacadeImpl.java:943)
	at alta@1.0-SNAPSHOT/starter.pages.TransaksiPage.halamanTransaksi(TransaksiPage.java:97)
	at alta@1.0-SNAPSHOT/starter.pages.TransaksiPage$ByteBuddy$jEKydZKo.halamanTransaksi$accessor$z0AFTJLg(Unknown Source)
	at java.base/jdk.internal.reflect.DirectMethodHandleAccessor.invoke(DirectMethodHandleAccessor.java:104)
	at java.base/java.lang.reflect.Method.invoke(Method.java:578)
	at net.thucydides.core.steps.StepInterceptor.invokeMethod(StepInterceptor.java:503)
	at net.thucydides.core.steps.StepInterceptor.executeTestStepMethod(StepInterceptor.java:483)
	at net.thucydides.core.steps.StepInterceptor.runTestStep(StepInterceptor.java:457)
	at net.thucydides.core.steps.StepInterceptor.runOrSkipMethod(StepInterceptor.java:209)
	at net.thucydides.core.steps.StepInterceptor.testStepResult(StepInterceptor.java:196)
	at net.thucydides.core.steps.StepInterceptor.intercept(StepInterceptor.java:84)
	at net.thucydides.core.steps.ProxyConfiguration$InterceptorDispatcher.intercept(ProxyConfiguration.java:51)
	at alta@1.0-SNAPSHOT/starter.pages.TransaksiPage$ByteBuddy$jEKydZKo.halamanTransaksi(Unknown Source)
	at alta@1.0-SNAPSHOT/starter.stepdefinitions.TransaksiSteps.userMasukKeHalamanTransaksi(TransaksiSteps.java:40)
	at ✽.user masuk ke halaman transaksi(file:///C:/Users/HP/Downloads/Mini-Project-QA/ALTASHOP%20WEB%20AUTOMATION/src/test/resources/features/3.%20Transaksi.feature:11)
&amp#27;[0m
15:27:36.804 [main] ERROR  - 
  _____   ___   ___   _____     ___   ___   ___    ___    ___ 
 |_   _| | __| / __| |_   _|   | __| | _ \ | _ \  / _ \  | _ \
   | |   | _|  \__ \   | |     | _|  |   / |   / | (_) | |   /
   |_|   |___| |___/   |_|     |___| |_|_\ |_|_\  \___/  |_|_\

user bisa membayar produk yang diinginkan
---------------------------------------------------------------
15:27:36.806 [main] DEBUG  - RELATED ISSUES: 
15:27:36.808 [main] ERROR  -     Test failed at step: Halaman transaksi
15:27:36.808 [main] ERROR  -     stale element reference: stale element not found
15:27:36.811 [Driver Command Executor] DEBUG org.asynchttpclient.netty.request.NettyRequestSender - Using pooled Channel '[id: 0x6b81f478, L:/127.0.0.1:58029 - R:localhost/127.0.0.1:13965]' for 'DELETE' to 'http://localhost:13965/session/2aba82c3cbed94ac67766cb629b24f1a'
15:27:36.811 [AsyncHttpClient-1-5] DEBUG org.asynchttpclient.netty.handler.WebSocketHandler - Channel Closed: [id: 0xe63c5b76, L:/127.0.0.1:58037 ! R:localhost/127.0.0.1:58030] with attribute NettyResponseFuture{currentRetry=0,
	isDone=1,
	isCancelled=0,
	asyncHandler=org.asynchttpclient.ws.WebSocketUpgradeHandler@1c6deeb5,
	nettyRequest=org.asynchttpclient.netty.request.NettyRequest@c8bcc02,
	future=java.util.concurrent.CompletableFuture@20ba0cca[Completed normally],
	uri=ws://localhost:58030/devtools/browser/5d378a51-4651-41cd-a555-714af9a2331b,
	keepAlive=true,
	redirectCount=0,
	timeoutsHolder=null,
	inAuth=0,
	touch=1683707245113}
15:27:36.811 [Driver Command Executor] DEBUG org.asynchttpclient.netty.request.NettyRequestSender - Using open Channel [id: 0x6b81f478, L:/127.0.0.1:58029 - R:localhost/127.0.0.1:13965] for DELETE '/session/2aba82c3cbed94ac67766cb629b24f1a'
15:27:36.811 [AsyncHttpClient-1-5] DEBUG org.asynchttpclient.netty.channel.ChannelManager - Closing Channel [id: 0xe63c5b76, L:/127.0.0.1:58037 ! R:localhost/127.0.0.1:58030] 
15:27:36.845 [AsyncHttpClient-1-4] DEBUG org.asynchttpclient.netty.handler.HttpHandler - Unexpected I/O exception on channel [id: 0x53823e57, L:/127.0.0.1:58036 - R:localhost/127.0.0.1:58030]
java.net.SocketException: Connection reset
	at java.base/sun.nio.ch.SocketChannelImpl.throwConnectionReset(SocketChannelImpl.java:401)
	at java.base/sun.nio.ch.SocketChannelImpl.read(SocketChannelImpl.java:434)
	at io.netty.buffer.PooledByteBuf.setBytes(PooledByteBuf.java:259)
	at io.netty.buffer.AbstractByteBuf.writeBytes(AbstractByteBuf.java:1132)
	at io.netty.channel.socket.nio.NioSocketChannel.doReadBytes(NioSocketChannel.java:357)
	at io.netty.channel.nio.AbstractNioByteChannel$NioByteUnsafe.read(AbstractNioByteChannel.java:151)
	at io.netty.channel.nio.NioEventLoop.processSelectedKey(NioEventLoop.java:788)
	at io.netty.channel.nio.NioEventLoop.processSelectedKeysOptimized(NioEventLoop.java:724)
	at io.netty.channel.nio.NioEventLoop.processSelectedKeys(NioEventLoop.java:650)
	at io.netty.channel.nio.NioEventLoop.run(NioEventLoop.java:562)
	at io.netty.util.concurrent.SingleThreadEventExecutor$4.run(SingleThreadEventExecutor.java:997)
	at io.netty.util.internal.ThreadExecutorMap$2.run(ThreadExecutorMap.java:74)
	at io.netty.util.concurrent.FastThreadLocalRunnable.run(FastThreadLocalRunnable.java:30)
	at java.base/java.lang.Thread.run(Thread.java:1589)
15:27:36.845 [AsyncHttpClient-1-4] DEBUG org.asynchttpclient.netty.channel.ChannelManager - Closing Channel [id: 0x53823e57, L:/127.0.0.1:58036 - R:localhost/127.0.0.1:58030] 
15:27:36.845 [AsyncHttpClient-1-4] DEBUG org.asynchttpclient.netty.handler.HttpHandler - Channel Closed: [id: 0x53823e57, L:/127.0.0.1:58036 ! R:localhost/127.0.0.1:58030] with attribute DISCARD
15:27:36.861 [AsyncHttpClient-1-3] DEBUG org.asynchttpclient.netty.handler.HttpHandler - 

Request DefaultFullHttpRequest(decodeResult: success, version: HTTP/1.1, content: EmptyByteBufBE)
DELETE /session/2aba82c3cbed94ac67766cb629b24f1a HTTP/1.1
User-Agent: selenium/4.7.1 (java windows)
Content-Type: application/json; charset=utf-8
host: localhost:13965
accept: */*

Response DefaultHttpResponse(decodeResult: success, version: HTTP/1.1)
HTTP/1.1 200 OK
Content-Type: application/json; charset=utf-8
cache-control: no-cache
content-length: 14

15:27:36.861 [AsyncHttpClient-1-3] DEBUG org.asynchttpclient.netty.channel.ChannelManager - Adding key: http://localhost:13965 for channel [id: 0x6b81f478, L:/127.0.0.1:58029 - R:localhost/127.0.0.1:13965]
15:27:36.933 [AsyncHttpClient-1-3] DEBUG org.asynchttpclient.netty.handler.HttpHandler - Channel Closed: [id: 0x6b81f478, L:/127.0.0.1:58029 ! R:localhost/127.0.0.1:13965] with attribute DISCARD
]]></system-out>
    <system-err><![CDATA[Starting ChromeDriver 113.0.5672.63 (0e1a4471d5ae5bf128b1bd8f4d627c8cbd55f70c-refs/branch-heads/5672@{#912}) on port 13965
Only local connections are allowed.
Please see https://chromedriver.chromium.org/security-considerations for suggestions on keeping ChromeDriver safe.
ChromeDriver was started successfully.
May 10, 2023 3:27:25 PM org.openqa.selenium.devtools.CdpVersionFinder findNearestMatch
WARNING: Unable to find CDP implementation matching 113
May 10, 2023 3:27:25 PM org.openqa.selenium.chromium.ChromiumDriver lambda$new$3
WARNING: Unable to find version of CDP to use for . You may need to include a dependency on a specific version of the CDP using something similar to `org.seleniumhq.selenium:selenium-devtools-v86:4.7.1` where the version ("v86") matches the version of the chromium-based browser you're using and the version number of the artifact is the same as Selenium's.
]]></system-err>
  </testcase>
  <testcase name="user bisa melihat riwayat transaksi" classname="Transaksi" time="8.641">
    <system-out><![CDATA[
@Transaksi03-Web-Positive
Scenario: user bisa melihat riwayat transaksi           &amp#27;[90m# src/test/resources/features/3. Transaksi.feature:14&amp#27;[0m
15:27:37.021 [main] INFO io.cucumber.core.plugin.SerenityReporter - Running feature from file:///C:/Users/HP/Downloads/Mini-Project-QA/ALTASHOP%20WEB%20AUTOMATION/src/test/resources/features/3.%20Transaksi.feature
15:27:37.021 [main] INFO  - 
  _____   ___   ___   _____     ___   _____     _     ___   _____   ___   ___  
 |_   _| | __| / __| |_   _|   / __| |_   _|   /_\   | _ \ |_   _| | __| |   \ 
   | |   | _|  \__ \   | |     \__ \   | |    / _ \  |   /   | |   | _|  | |) |
   |_|   |___| |___/   |_|     |___/   |_|   /_/ \_\ |_|_\   |_|   |___| |___/ 

user bisa melihat riwayat transaksi(transaksi;user-bisa-melihat-riwayat-transaksi)
--------------------------------------------------------------------------------
15:27:37.036 [main] DEBUG net.thucydides.core.steps.StepInterceptor - STARTING STEP: TransaksiSteps.userBeradaDiHomepageAltaShopDanLoginAkun - diHomepageAltaShop
15:27:37.099 [main] INFO net.serenitybdd.core.webdriver.driverproviders.ChromeDriverProvider - Starting Chrome driver instance with capabilities:
15:27:37.099 [main] INFO net.serenitybdd.core.webdriver.driverproviders.ChromeDriverProvider - Capabilities {acceptInsecureCerts: true, browserName: chrome, goog:chromeOptions: {args: [remote-allow-origins=*, test-type, no-sandbox, ignore-certificate-errors, start-maximized, incognito, disable-infobars, disable-gpu, disable-default-apps, disable-popup-blocking, remote-allow-origins=*, test-type, no-sandbox, ignore-certificate-errors, start-maximized, incognito, disable-infobars, disable-gpu, disable-default-apps, disable-popup-blocking], extensions: []}}
15:27:37.187 [AsyncHttpClient-1-6] DEBUG org.asynchttpclient.netty.channel.NettyConnectListener - Using new Channel '[id: 0x84245047, L:/127.0.0.1:58061 - R:localhost/127.0.0.1:35275]' for 'POST' to '/session'
15:27:37.652 [AsyncHttpClient-1-1] DEBUG org.asynchttpclient.netty.channel.DefaultChannelPool - Entry count for : http://localhost:58030 : 1
15:27:37.656 [AsyncHttpClient-1-1] DEBUG org.asynchttpclient.netty.channel.DefaultChannelPool - Entry count for : http://localhost:13965 : 1
15:27:37.656 [AsyncHttpClient-1-1] DEBUG org.asynchttpclient.netty.channel.DefaultChannelPool - Adding Candidate expired Channel [id: 0x53823e57, L:/127.0.0.1:58036 ! R:localhost/127.0.0.1:58030] isIdleTimeoutExpired=false isRemotelyClosed=true isTtlExpired=false
15:27:37.656 [AsyncHttpClient-1-1] DEBUG org.asynchttpclient.netty.channel.DefaultChannelPool - Closing Idle Channel [id: 0x53823e57, L:/127.0.0.1:58036 ! R:localhost/127.0.0.1:58030]
15:27:37.656 [AsyncHttpClient-1-1] DEBUG org.asynchttpclient.netty.channel.DefaultChannelPool - Adding Candidate expired Channel [id: 0x6b81f478, L:/127.0.0.1:58029 ! R:localhost/127.0.0.1:13965] isIdleTimeoutExpired=false isRemotelyClosed=true isTtlExpired=false
15:27:37.656 [AsyncHttpClient-1-1] DEBUG org.asynchttpclient.netty.channel.DefaultChannelPool - Closing Idle Channel [id: 0x6b81f478, L:/127.0.0.1:58029 ! R:localhost/127.0.0.1:13965]
15:27:37.658 [AsyncHttpClient-1-1] DEBUG org.asynchttpclient.netty.channel.DefaultChannelPool - Closed 2 connections out of 2 in 2 ms
15:27:38.030 [AsyncHttpClient-1-6] DEBUG org.asynchttpclient.netty.handler.HttpHandler - 

Request DefaultHttpRequest(decodeResult: success, version: HTTP/1.1)
POST /session HTTP/1.1
User-Agent: selenium/4.7.1 (java windows)
Content-Length: 1629
Content-Type: application/json; charset=utf-8
host: localhost:35275
accept: */*

Response DefaultHttpResponse(decodeResult: success, version: HTTP/1.1)
HTTP/1.1 200 OK
Content-Type: application/json; charset=utf-8
cache-control: no-cache
content-length: 855

15:27:38.030 [AsyncHttpClient-1-6] DEBUG org.asynchttpclient.netty.channel.ChannelManager - Adding key: http://localhost:35275 for channel [id: 0x84245047, L:/127.0.0.1:58061 - R:localhost/127.0.0.1:35275]
15:27:38.042 [AsyncHttpClient-1-7] DEBUG org.asynchttpclient.netty.channel.NettyConnectListener - Using new Channel '[id: 0x5ee62d05, L:/127.0.0.1:58068 - R:localhost/127.0.0.1:58062]' for 'GET' to '/json/version'
15:27:38.043 [AsyncHttpClient-1-7] DEBUG org.asynchttpclient.netty.handler.HttpHandler - 

Request DefaultFullHttpRequest(decodeResult: success, version: HTTP/1.1, content: EmptyByteBufBE)
GET /json/version HTTP/1.1
User-Agent: selenium/4.7.1 (java windows)
host: localhost:58062
accept: */*

Response DefaultHttpResponse(decodeResult: success, version: HTTP/1.1)
HTTP/1.1 200 OK
Content-Security-Policy: frame-ancestors 'none'
Content-Type: application/json; charset=UTF-8
content-length: 422

15:27:38.043 [AsyncHttpClient-1-7] DEBUG org.asynchttpclient.netty.channel.ChannelManager - Adding key: http://localhost:58062 for channel [id: 0x5ee62d05, L:/127.0.0.1:58068 - R:localhost/127.0.0.1:58062]
15:27:38.046 [AsyncHttpClient-1-8] DEBUG org.asynchttpclient.netty.channel.NettyConnectListener - Using new Channel '[id: 0xf3c3dbdc, L:/127.0.0.1:58069 - R:localhost/127.0.0.1:58062]' for 'GET' to '/devtools/browser/9a544c9b-291d-4296-98a3-8acbbb3124e0'
15:27:38.047 [AsyncHttpClient-1-8] DEBUG org.asynchttpclient.netty.handler.WebSocketHandler - 

Request DefaultFullHttpRequest(decodeResult: success, version: HTTP/1.1, content: EmptyByteBufBE)
GET /devtools/browser/9a544c9b-291d-4296-98a3-8acbbb3124e0 HTTP/1.1
upgrade: websocket
connection: upgrade
sec-websocket-key: rRDnokjld2FhVDTlig35lQ==
sec-websocket-version: 13
origin: http://localhost:58062
host: localhost:58062
accept: */*
user-agent: AHC/2.1

Response DefaultHttpResponse(decodeResult: success, version: HTTP/1.1)
HTTP/1.1 101 WebSocket Protocol Handshake
Upgrade: WebSocket
Connection: Upgrade
Sec-WebSocket-Accept: mq4gR4vV6+N9fS6hRJjC/wvgqd0=

15:27:38.056 [Forwarding get on session 70f9d5c627207b2dc49025ad5fdf1332 to remote] DEBUG org.asynchttpclient.netty.request.NettyRequestSender - Using pooled Channel '[id: 0x84245047, L:/127.0.0.1:58061 - R:localhost/127.0.0.1:35275]' for 'POST' to 'http://localhost:35275/session/70f9d5c627207b2dc49025ad5fdf1332/url'
15:27:38.057 [Forwarding get on session 70f9d5c627207b2dc49025ad5fdf1332 to remote] DEBUG org.asynchttpclient.netty.request.NettyRequestSender - Using open Channel [id: 0x84245047, L:/127.0.0.1:58061 - R:localhost/127.0.0.1:35275] for POST '/session/70f9d5c627207b2dc49025ad5fdf1332/url'
15:27:38.747 [AsyncHttpClient-1-1] DEBUG org.asynchttpclient.netty.channel.DefaultChannelPool - Entry count for : http://localhost:58062 : 1
15:27:38.845 [AsyncHttpClient-1-6] DEBUG org.asynchttpclient.netty.handler.HttpHandler - 

Request DefaultHttpRequest(decodeResult: success, version: HTTP/1.1)
POST /session/70f9d5c627207b2dc49025ad5fdf1332/url HTTP/1.1
User-Agent: selenium/4.7.1 (java windows)
Content-Length: 59
Content-Type: application/json; charset=utf-8
host: localhost:35275
accept: */*

Response DefaultHttpResponse(decodeResult: success, version: HTTP/1.1)
HTTP/1.1 200 OK
Content-Type: application/json; charset=utf-8
cache-control: no-cache
content-length: 14

15:27:38.845 [AsyncHttpClient-1-6] DEBUG org.asynchttpclient.netty.channel.ChannelManager - Adding key: http://localhost:35275 for channel [id: 0x84245047, L:/127.0.0.1:58061 - R:localhost/127.0.0.1:35275]
15:27:38.846 [Forwarding setTimeout on session 70f9d5c627207b2dc49025ad5fdf1332 to remote] DEBUG org.asynchttpclient.netty.request.NettyRequestSender - Using pooled Channel '[id: 0x84245047, L:/127.0.0.1:58061 - R:localhost/127.0.0.1:35275]' for 'POST' to 'http://localhost:35275/session/70f9d5c627207b2dc49025ad5fdf1332/timeouts'
15:27:38.847 [Forwarding setTimeout on session 70f9d5c627207b2dc49025ad5fdf1332 to remote] DEBUG org.asynchttpclient.netty.request.NettyRequestSender - Using open Channel [id: 0x84245047, L:/127.0.0.1:58061 - R:localhost/127.0.0.1:35275] for POST '/session/70f9d5c627207b2dc49025ad5fdf1332/timeouts'
15:27:38.848 [AsyncHttpClient-1-6] DEBUG org.asynchttpclient.netty.handler.HttpHandler - 

Request DefaultHttpRequest(decodeResult: success, version: HTTP/1.1)
POST /session/70f9d5c627207b2dc49025ad5fdf1332/timeouts HTTP/1.1
User-Agent: selenium/4.7.1 (java windows)
Content-Length: 22
Content-Type: application/json; charset=utf-8
host: localhost:35275
accept: */*

Response DefaultHttpResponse(decodeResult: success, version: HTTP/1.1)
HTTP/1.1 200 OK
Content-Type: application/json; charset=utf-8
cache-control: no-cache
content-length: 14

15:27:38.848 [AsyncHttpClient-1-6] DEBUG org.asynchttpclient.netty.channel.ChannelManager - Adding key: http://localhost:35275 for channel [id: 0x84245047, L:/127.0.0.1:58061 - R:localhost/127.0.0.1:35275]
15:27:38.853 [Forwarding getCurrentUrl on session 70f9d5c627207b2dc49025ad5fdf1332 to remote] DEBUG org.asynchttpclient.netty.request.NettyRequestSender - Using pooled Channel '[id: 0x84245047, L:/127.0.0.1:58061 - R:localhost/127.0.0.1:35275]' for 'GET' to 'http://localhost:35275/session/70f9d5c627207b2dc49025ad5fdf1332/url'
15:27:38.853 [Forwarding getCurrentUrl on session 70f9d5c627207b2dc49025ad5fdf1332 to remote] DEBUG org.asynchttpclient.netty.request.NettyRequestSender - Using open Channel [id: 0x84245047, L:/127.0.0.1:58061 - R:localhost/127.0.0.1:35275] for GET '/session/70f9d5c627207b2dc49025ad5fdf1332/url'
15:27:38.861 [AsyncHttpClient-1-6] DEBUG org.asynchttpclient.netty.handler.HttpHandler - 

Request DefaultFullHttpRequest(decodeResult: success, version: HTTP/1.1, content: EmptyByteBufBE)
GET /session/70f9d5c627207b2dc49025ad5fdf1332/url HTTP/1.1
User-Agent: selenium/4.7.1 (java windows)
Cache-Control: no-cache
Content-Type: application/json; charset=utf-8
host: localhost:35275
accept: */*

Response DefaultHttpResponse(decodeResult: success, version: HTTP/1.1)
HTTP/1.1 200 OK
Content-Type: application/json; charset=utf-8
cache-control: no-cache
content-length: 41

15:27:38.861 [AsyncHttpClient-1-6] DEBUG org.asynchttpclient.netty.channel.ChannelManager - Adding key: http://localhost:35275 for channel [id: 0x84245047, L:/127.0.0.1:58061 - R:localhost/127.0.0.1:35275]
15:27:38.863 [Forwarding getCurrentUrl on session 70f9d5c627207b2dc49025ad5fdf1332 to remote] DEBUG org.asynchttpclient.netty.request.NettyRequestSender - Using pooled Channel '[id: 0x84245047, L:/127.0.0.1:58061 - R:localhost/127.0.0.1:35275]' for 'GET' to 'http://localhost:35275/session/70f9d5c627207b2dc49025ad5fdf1332/url'
15:27:38.863 [Forwarding getCurrentUrl on session 70f9d5c627207b2dc49025ad5fdf1332 to remote] DEBUG org.asynchttpclient.netty.request.NettyRequestSender - Using open Channel [id: 0x84245047, L:/127.0.0.1:58061 - R:localhost/127.0.0.1:35275] for GET '/session/70f9d5c627207b2dc49025ad5fdf1332/url'
15:27:38.869 [AsyncHttpClient-1-6] DEBUG org.asynchttpclient.netty.handler.HttpHandler - 

Request DefaultFullHttpRequest(decodeResult: success, version: HTTP/1.1, content: EmptyByteBufBE)
GET /session/70f9d5c627207b2dc49025ad5fdf1332/url HTTP/1.1
User-Agent: selenium/4.7.1 (java windows)
Cache-Control: no-cache
Content-Type: application/json; charset=utf-8
host: localhost:35275
accept: */*

Response DefaultHttpResponse(decodeResult: success, version: HTTP/1.1)
HTTP/1.1 200 OK
Content-Type: application/json; charset=utf-8
cache-control: no-cache
content-length: 41

15:27:38.869 [AsyncHttpClient-1-6] DEBUG org.asynchttpclient.netty.channel.ChannelManager - Adding key: http://localhost:35275 for channel [id: 0x84245047, L:/127.0.0.1:58061 - R:localhost/127.0.0.1:35275]
15:27:38.873 [Forwarding findElement on session 70f9d5c627207b2dc49025ad5fdf1332 to remote] DEBUG org.asynchttpclient.netty.request.NettyRequestSender - Using pooled Channel '[id: 0x84245047, L:/127.0.0.1:58061 - R:localhost/127.0.0.1:35275]' for 'POST' to 'http://localhost:35275/session/70f9d5c627207b2dc49025ad5fdf1332/element'
15:27:38.873 [Forwarding findElement on session 70f9d5c627207b2dc49025ad5fdf1332 to remote] DEBUG org.asynchttpclient.netty.request.NettyRequestSender - Using open Channel [id: 0x84245047, L:/127.0.0.1:58061 - R:localhost/127.0.0.1:35275] for POST '/session/70f9d5c627207b2dc49025ad5fdf1332/element'
15:27:38.895 [AsyncHttpClient-1-6] DEBUG org.asynchttpclient.netty.handler.HttpHandler - 

Request DefaultHttpRequest(decodeResult: success, version: HTTP/1.1)
POST /session/70f9d5c627207b2dc49025ad5fdf1332/element HTTP/1.1
User-Agent: selenium/4.7.1 (java windows)
Content-Length: 108
Content-Type: application/json; charset=utf-8
host: localhost:35275
accept: */*

Response DefaultHttpResponse(decodeResult: success, version: HTTP/1.1)
HTTP/1.1 200 OK
Content-Type: application/json; charset=utf-8
cache-control: no-cache
content-length: 94

15:27:38.895 [AsyncHttpClient-1-6] DEBUG org.asynchttpclient.netty.channel.ChannelManager - Adding key: http://localhost:35275 for channel [id: 0x84245047, L:/127.0.0.1:58061 - R:localhost/127.0.0.1:35275]
15:27:38.898 [Forwarding isElementDisplayed on session 70f9d5c627207b2dc49025ad5fdf1332 to remote] DEBUG org.asynchttpclient.netty.request.NettyRequestSender - Using pooled Channel '[id: 0x84245047, L:/127.0.0.1:58061 - R:localhost/127.0.0.1:35275]' for 'POST' to 'http://localhost:35275/session/70f9d5c627207b2dc49025ad5fdf1332/execute/sync'
15:27:38.898 [Forwarding isElementDisplayed on session 70f9d5c627207b2dc49025ad5fdf1332 to remote] DEBUG org.asynchttpclient.netty.request.NettyRequestSender - Using open Channel [id: 0x84245047, L:/127.0.0.1:58061 - R:localhost/127.0.0.1:35275] for POST '/session/70f9d5c627207b2dc49025ad5fdf1332/execute/sync'
15:27:38.923 [AsyncHttpClient-1-6] DEBUG org.asynchttpclient.netty.handler.HttpHandler - 

Request DefaultHttpRequest(decodeResult: success, version: HTTP/1.1)
POST /session/70f9d5c627207b2dc49025ad5fdf1332/execute/sync HTTP/1.1
User-Agent: selenium/4.7.1 (java windows)
Content-Length: 48786
Content-Type: application/json; charset=utf-8
host: localhost:35275
accept: */*

Response DefaultHttpResponse(decodeResult: success, version: HTTP/1.1)
HTTP/1.1 200 OK
Content-Type: application/json; charset=utf-8
cache-control: no-cache
content-length: 14

15:27:38.924 [AsyncHttpClient-1-6] DEBUG org.asynchttpclient.netty.channel.ChannelManager - Adding key: http://localhost:35275 for channel [id: 0x84245047, L:/127.0.0.1:58061 - R:localhost/127.0.0.1:35275]
15:27:38.927 [Forwarding isElementDisplayed on session 70f9d5c627207b2dc49025ad5fdf1332 to remote] DEBUG org.asynchttpclient.netty.request.NettyRequestSender - Using pooled Channel '[id: 0x84245047, L:/127.0.0.1:58061 - R:localhost/127.0.0.1:35275]' for 'POST' to 'http://localhost:35275/session/70f9d5c627207b2dc49025ad5fdf1332/execute/sync'
15:27:38.927 [Forwarding isElementDisplayed on session 70f9d5c627207b2dc49025ad5fdf1332 to remote] DEBUG org.asynchttpclient.netty.request.NettyRequestSender - Using open Channel [id: 0x84245047, L:/127.0.0.1:58061 - R:localhost/127.0.0.1:35275] for POST '/session/70f9d5c627207b2dc49025ad5fdf1332/execute/sync'
15:27:38.946 [AsyncHttpClient-1-6] DEBUG org.asynchttpclient.netty.handler.HttpHandler - 

Request DefaultHttpRequest(decodeResult: success, version: HTTP/1.1)
POST /session/70f9d5c627207b2dc49025ad5fdf1332/execute/sync HTTP/1.1
User-Agent: selenium/4.7.1 (java windows)
Content-Length: 48786
Content-Type: application/json; charset=utf-8
host: localhost:35275
accept: */*

Response DefaultHttpResponse(decodeResult: success, version: HTTP/1.1)
HTTP/1.1 200 OK
Content-Type: application/json; charset=utf-8
cache-control: no-cache
content-length: 14

15:27:38.946 [AsyncHttpClient-1-6] DEBUG org.asynchttpclient.netty.channel.ChannelManager - Adding key: http://localhost:35275 for channel [id: 0x84245047, L:/127.0.0.1:58061 - R:localhost/127.0.0.1:35275]
15:27:38.952 [Forwarding getCurrentWindowHandle on session 70f9d5c627207b2dc49025ad5fdf1332 to remote] DEBUG org.asynchttpclient.netty.request.NettyRequestSender - Using pooled Channel '[id: 0x84245047, L:/127.0.0.1:58061 - R:localhost/127.0.0.1:35275]' for 'GET' to 'http://localhost:35275/session/70f9d5c627207b2dc49025ad5fdf1332/window'
15:27:38.952 [Forwarding getCurrentWindowHandle on session 70f9d5c627207b2dc49025ad5fdf1332 to remote] DEBUG org.asynchttpclient.netty.request.NettyRequestSender - Using open Channel [id: 0x84245047, L:/127.0.0.1:58061 - R:localhost/127.0.0.1:35275] for GET '/session/70f9d5c627207b2dc49025ad5fdf1332/window'
15:27:38.953 [AsyncHttpClient-1-6] DEBUG org.asynchttpclient.netty.handler.HttpHandler - 

Request DefaultFullHttpRequest(decodeResult: success, version: HTTP/1.1, content: EmptyByteBufBE)
GET /session/70f9d5c627207b2dc49025ad5fdf1332/window HTTP/1.1
User-Agent: selenium/4.7.1 (java windows)
Cache-Control: no-cache
Content-Type: application/json; charset=utf-8
host: localhost:35275
accept: */*

Response DefaultHttpResponse(decodeResult: success, version: HTTP/1.1)
HTTP/1.1 200 OK
Content-Type: application/json; charset=utf-8
cache-control: no-cache
content-length: 44

15:27:38.953 [AsyncHttpClient-1-6] DEBUG org.asynchttpclient.netty.channel.ChannelManager - Adding key: http://localhost:35275 for channel [id: 0x84245047, L:/127.0.0.1:58061 - R:localhost/127.0.0.1:35275]
15:27:38.955 [Forwarding getAlertText on session 70f9d5c627207b2dc49025ad5fdf1332 to remote] DEBUG org.asynchttpclient.netty.request.NettyRequestSender - Using pooled Channel '[id: 0x84245047, L:/127.0.0.1:58061 - R:localhost/127.0.0.1:35275]' for 'GET' to 'http://localhost:35275/session/70f9d5c627207b2dc49025ad5fdf1332/alert/text'
15:27:38.955 [Forwarding getAlertText on session 70f9d5c627207b2dc49025ad5fdf1332 to remote] DEBUG org.asynchttpclient.netty.request.NettyRequestSender - Using open Channel [id: 0x84245047, L:/127.0.0.1:58061 - R:localhost/127.0.0.1:35275] for GET '/session/70f9d5c627207b2dc49025ad5fdf1332/alert/text'
15:27:38.957 [AsyncHttpClient-1-6] DEBUG org.asynchttpclient.netty.handler.HttpHandler - 

Request DefaultFullHttpRequest(decodeResult: success, version: HTTP/1.1, content: EmptyByteBufBE)
GET /session/70f9d5c627207b2dc49025ad5fdf1332/alert/text HTTP/1.1
User-Agent: selenium/4.7.1 (java windows)
Cache-Control: no-cache
Content-Type: application/json; charset=utf-8
host: localhost:35275
accept: */*

Response DefaultHttpResponse(decodeResult: success, version: HTTP/1.1)
HTTP/1.1 404 Not Found
Content-Type: application/json; charset=utf-8
cache-control: no-cache
content-length: 820

15:27:38.958 [AsyncHttpClient-1-6] DEBUG org.asynchttpclient.netty.channel.ChannelManager - Adding key: http://localhost:35275 for channel [id: 0x84245047, L:/127.0.0.1:58061 - R:localhost/127.0.0.1:35275]
15:27:38.960 [Forwarding switchToWindow on session 70f9d5c627207b2dc49025ad5fdf1332 to remote] DEBUG org.asynchttpclient.netty.request.NettyRequestSender - Using pooled Channel '[id: 0x84245047, L:/127.0.0.1:58061 - R:localhost/127.0.0.1:35275]' for 'POST' to 'http://localhost:35275/session/70f9d5c627207b2dc49025ad5fdf1332/window'
15:27:38.960 [Forwarding switchToWindow on session 70f9d5c627207b2dc49025ad5fdf1332 to remote] DEBUG org.asynchttpclient.netty.request.NettyRequestSender - Using open Channel [id: 0x84245047, L:/127.0.0.1:58061 - R:localhost/127.0.0.1:35275] for POST '/session/70f9d5c627207b2dc49025ad5fdf1332/window'
15:27:38.962 [AsyncHttpClient-1-6] DEBUG org.asynchttpclient.netty.handler.HttpHandler - 

Request DefaultHttpRequest(decodeResult: success, version: HTTP/1.1)
POST /session/70f9d5c627207b2dc49025ad5fdf1332/window HTTP/1.1
User-Agent: selenium/4.7.1 (java windows)
Content-Length: 50
Content-Type: application/json; charset=utf-8
host: localhost:35275
accept: */*

Response DefaultHttpResponse(decodeResult: success, version: HTTP/1.1)
HTTP/1.1 200 OK
Content-Type: application/json; charset=utf-8
cache-control: no-cache
content-length: 14

15:27:38.962 [AsyncHttpClient-1-6] DEBUG org.asynchttpclient.netty.channel.ChannelManager - Adding key: http://localhost:35275 for channel [id: 0x84245047, L:/127.0.0.1:58061 - R:localhost/127.0.0.1:35275]
15:27:38.962 [Forwarding getCurrentUrl on session 70f9d5c627207b2dc49025ad5fdf1332 to remote] DEBUG org.asynchttpclient.netty.request.NettyRequestSender - Using pooled Channel '[id: 0x84245047, L:/127.0.0.1:58061 - R:localhost/127.0.0.1:35275]' for 'GET' to 'http://localhost:35275/session/70f9d5c627207b2dc49025ad5fdf1332/url'
15:27:38.962 [Forwarding getCurrentUrl on session 70f9d5c627207b2dc49025ad5fdf1332 to remote] DEBUG org.asynchttpclient.netty.request.NettyRequestSender - Using open Channel [id: 0x84245047, L:/127.0.0.1:58061 - R:localhost/127.0.0.1:35275] for GET '/session/70f9d5c627207b2dc49025ad5fdf1332/url'
15:27:38.968 [AsyncHttpClient-1-6] DEBUG org.asynchttpclient.netty.handler.HttpHandler - 

Request DefaultFullHttpRequest(decodeResult: success, version: HTTP/1.1, content: EmptyByteBufBE)
GET /session/70f9d5c627207b2dc49025ad5fdf1332/url HTTP/1.1
User-Agent: selenium/4.7.1 (java windows)
Cache-Control: no-cache
Content-Type: application/json; charset=utf-8
host: localhost:35275
accept: */*

Response DefaultHttpResponse(decodeResult: success, version: HTTP/1.1)
HTTP/1.1 200 OK
Content-Type: application/json; charset=utf-8
cache-control: no-cache
content-length: 41

15:27:38.968 [AsyncHttpClient-1-6] DEBUG org.asynchttpclient.netty.channel.ChannelManager - Adding key: http://localhost:35275 for channel [id: 0x84245047, L:/127.0.0.1:58061 - R:localhost/127.0.0.1:35275]
15:27:38.969 [Forwarding screenshot on session 70f9d5c627207b2dc49025ad5fdf1332 to remote] DEBUG org.asynchttpclient.netty.request.NettyRequestSender - Using pooled Channel '[id: 0x84245047, L:/127.0.0.1:58061 - R:localhost/127.0.0.1:35275]' for 'GET' to 'http://localhost:35275/session/70f9d5c627207b2dc49025ad5fdf1332/screenshot'
15:27:38.969 [Forwarding screenshot on session 70f9d5c627207b2dc49025ad5fdf1332 to remote] DEBUG org.asynchttpclient.netty.request.NettyRequestSender - Using open Channel [id: 0x84245047, L:/127.0.0.1:58061 - R:localhost/127.0.0.1:35275] for GET '/session/70f9d5c627207b2dc49025ad5fdf1332/screenshot'
15:27:39.846 [AsyncHttpClient-1-1] DEBUG org.asynchttpclient.netty.channel.DefaultChannelPool - Entry count for : http://localhost:58062 : 1
15:27:40.957 [AsyncHttpClient-1-1] DEBUG org.asynchttpclient.netty.channel.DefaultChannelPool - Entry count for : http://localhost:58062 : 1
15:27:41.615 [AsyncHttpClient-1-6] DEBUG org.asynchttpclient.netty.handler.HttpHandler - 

Request DefaultFullHttpRequest(decodeResult: success, version: HTTP/1.1, content: EmptyByteBufBE)
GET /session/70f9d5c627207b2dc49025ad5fdf1332/screenshot HTTP/1.1
User-Agent: selenium/4.7.1 (java windows)
Cache-Control: no-cache
Content-Type: application/json; charset=utf-8
host: localhost:35275
accept: */*

Response DefaultHttpResponse(decodeResult: success, version: HTTP/1.1)
HTTP/1.1 200 OK
Content-Type: application/json; charset=utf-8
cache-control: no-cache
content-length: 38140

15:27:41.615 [AsyncHttpClient-1-6] DEBUG org.asynchttpclient.netty.channel.ChannelManager - Adding key: http://localhost:35275 for channel [id: 0x84245047, L:/127.0.0.1:58061 - R:localhost/127.0.0.1:35275]
15:27:41.617 [main] DEBUG net.serenitybdd.core.photography.Darkroom - Send negative for processing for target\site\serenity\3d426a17a367abeb145be67fb031b15a69d5f4aaefa8d345bb9825b369d2b32b.png
15:27:41.618 [main] DEBUG net.thucydides.core.steps.StepInterceptor - STEP DONE: diHomepageAltaShop
15:27:41.622 [main] DEBUG net.thucydides.core.steps.StepInterceptor - STARTING STEP: TransaksiSteps.userBeradaDiHomepageAltaShopDanLoginAkun - klikButtonLogin
15:27:41.624 [Forwarding findElement on session 70f9d5c627207b2dc49025ad5fdf1332 to remote] DEBUG org.asynchttpclient.netty.request.NettyRequestSender - Using pooled Channel '[id: 0x84245047, L:/127.0.0.1:58061 - R:localhost/127.0.0.1:35275]' for 'POST' to 'http://localhost:35275/session/70f9d5c627207b2dc49025ad5fdf1332/element'
15:27:41.624 [Forwarding findElement on session 70f9d5c627207b2dc49025ad5fdf1332 to remote] DEBUG org.asynchttpclient.netty.request.NettyRequestSender - Using open Channel [id: 0x84245047, L:/127.0.0.1:58061 - R:localhost/127.0.0.1:35275] for POST '/session/70f9d5c627207b2dc49025ad5fdf1332/element'
15:27:41.645 [AsyncHttpClient-1-6] DEBUG org.asynchttpclient.netty.handler.HttpHandler - 

Request DefaultHttpRequest(decodeResult: success, version: HTTP/1.1)
POST /session/70f9d5c627207b2dc49025ad5fdf1332/element HTTP/1.1
User-Agent: selenium/4.7.1 (java windows)
Content-Length: 108
Content-Type: application/json; charset=utf-8
host: localhost:35275
accept: */*

Response DefaultHttpResponse(decodeResult: success, version: HTTP/1.1)
HTTP/1.1 200 OK
Content-Type: application/json; charset=utf-8
cache-control: no-cache
content-length: 94

15:27:41.645 [AsyncHttpClient-1-6] DEBUG org.asynchttpclient.netty.channel.ChannelManager - Adding key: http://localhost:35275 for channel [id: 0x84245047, L:/127.0.0.1:58061 - R:localhost/127.0.0.1:35275]
15:27:41.646 [Forwarding getElementTagName on session 70f9d5c627207b2dc49025ad5fdf1332 to remote] DEBUG org.asynchttpclient.netty.request.NettyRequestSender - Using pooled Channel '[id: 0x84245047, L:/127.0.0.1:58061 - R:localhost/127.0.0.1:35275]' for 'GET' to 'http://localhost:35275/session/70f9d5c627207b2dc49025ad5fdf1332/element/C4ED0F2164C625AFF34C313D26A35B2C_element_5/name'
15:27:41.646 [Forwarding getElementTagName on session 70f9d5c627207b2dc49025ad5fdf1332 to remote] DEBUG org.asynchttpclient.netty.request.NettyRequestSender - Using open Channel [id: 0x84245047, L:/127.0.0.1:58061 - R:localhost/127.0.0.1:35275] for GET '/session/70f9d5c627207b2dc49025ad5fdf1332/element/C4ED0F2164C625AFF34C313D26A35B2C_element_5/name'
15:27:41.653 [AsyncHttpClient-1-6] DEBUG org.asynchttpclient.netty.handler.HttpHandler - 

Request DefaultFullHttpRequest(decodeResult: success, version: HTTP/1.1, content: EmptyByteBufBE)
GET /session/70f9d5c627207b2dc49025ad5fdf1332/element/C4ED0F2164C625AFF34C313D26A35B2C_element_5/name HTTP/1.1
User-Agent: selenium/4.7.1 (java windows)
Cache-Control: no-cache
Content-Type: application/json; charset=utf-8
host: localhost:35275
accept: */*

Response DefaultHttpResponse(decodeResult: success, version: HTTP/1.1)
HTTP/1.1 200 OK
Content-Type: application/json; charset=utf-8
cache-control: no-cache
content-length: 18

15:27:41.653 [AsyncHttpClient-1-6] DEBUG org.asynchttpclient.netty.channel.ChannelManager - Adding key: http://localhost:35275 for channel [id: 0x84245047, L:/127.0.0.1:58061 - R:localhost/127.0.0.1:35275]
15:27:41.654 [Forwarding getElementTagName on session 70f9d5c627207b2dc49025ad5fdf1332 to remote] DEBUG org.asynchttpclient.netty.request.NettyRequestSender - Using pooled Channel '[id: 0x84245047, L:/127.0.0.1:58061 - R:localhost/127.0.0.1:35275]' for 'GET' to 'http://localhost:35275/session/70f9d5c627207b2dc49025ad5fdf1332/element/C4ED0F2164C625AFF34C313D26A35B2C_element_5/name'
15:27:41.654 [Forwarding getElementTagName on session 70f9d5c627207b2dc49025ad5fdf1332 to remote] DEBUG org.asynchttpclient.netty.request.NettyRequestSender - Using open Channel [id: 0x84245047, L:/127.0.0.1:58061 - R:localhost/127.0.0.1:35275] for GET '/session/70f9d5c627207b2dc49025ad5fdf1332/element/C4ED0F2164C625AFF34C313D26A35B2C_element_5/name'
15:27:41.659 [AsyncHttpClient-1-6] DEBUG org.asynchttpclient.netty.handler.HttpHandler - 

Request DefaultFullHttpRequest(decodeResult: success, version: HTTP/1.1, content: EmptyByteBufBE)
GET /session/70f9d5c627207b2dc49025ad5fdf1332/element/C4ED0F2164C625AFF34C313D26A35B2C_element_5/name HTTP/1.1
User-Agent: selenium/4.7.1 (java windows)
Cache-Control: no-cache
Content-Type: application/json; charset=utf-8
host: localhost:35275
accept: */*

Response DefaultHttpResponse(decodeResult: success, version: HTTP/1.1)
HTTP/1.1 200 OK
Content-Type: application/json; charset=utf-8
cache-control: no-cache
content-length: 18

15:27:41.659 [AsyncHttpClient-1-6] DEBUG org.asynchttpclient.netty.channel.ChannelManager - Adding key: http://localhost:35275 for channel [id: 0x84245047, L:/127.0.0.1:58061 - R:localhost/127.0.0.1:35275]
15:27:41.661 [Forwarding isElementEnabled on session 70f9d5c627207b2dc49025ad5fdf1332 to remote] DEBUG org.asynchttpclient.netty.request.NettyRequestSender - Using pooled Channel '[id: 0x84245047, L:/127.0.0.1:58061 - R:localhost/127.0.0.1:35275]' for 'GET' to 'http://localhost:35275/session/70f9d5c627207b2dc49025ad5fdf1332/element/C4ED0F2164C625AFF34C313D26A35B2C_element_5/enabled'
15:27:41.661 [Forwarding isElementEnabled on session 70f9d5c627207b2dc49025ad5fdf1332 to remote] DEBUG org.asynchttpclient.netty.request.NettyRequestSender - Using open Channel [id: 0x84245047, L:/127.0.0.1:58061 - R:localhost/127.0.0.1:35275] for GET '/session/70f9d5c627207b2dc49025ad5fdf1332/element/C4ED0F2164C625AFF34C313D26A35B2C_element_5/enabled'
15:27:41.667 [AsyncHttpClient-1-6] DEBUG org.asynchttpclient.netty.handler.HttpHandler - 

Request DefaultFullHttpRequest(decodeResult: success, version: HTTP/1.1, content: EmptyByteBufBE)
GET /session/70f9d5c627207b2dc49025ad5fdf1332/element/C4ED0F2164C625AFF34C313D26A35B2C_element_5/enabled HTTP/1.1
User-Agent: selenium/4.7.1 (java windows)
Cache-Control: no-cache
Content-Type: application/json; charset=utf-8
host: localhost:35275
accept: */*

Response DefaultHttpResponse(decodeResult: success, version: HTTP/1.1)
HTTP/1.1 200 OK
Content-Type: application/json; charset=utf-8
cache-control: no-cache
content-length: 14

15:27:41.667 [AsyncHttpClient-1-6] DEBUG org.asynchttpclient.netty.channel.ChannelManager - Adding key: http://localhost:35275 for channel [id: 0x84245047, L:/127.0.0.1:58061 - R:localhost/127.0.0.1:35275]
15:27:41.667 [Forwarding isElementEnabled on session 70f9d5c627207b2dc49025ad5fdf1332 to remote] DEBUG org.asynchttpclient.netty.request.NettyRequestSender - Using pooled Channel '[id: 0x84245047, L:/127.0.0.1:58061 - R:localhost/127.0.0.1:35275]' for 'GET' to 'http://localhost:35275/session/70f9d5c627207b2dc49025ad5fdf1332/element/C4ED0F2164C625AFF34C313D26A35B2C_element_5/enabled'
15:27:41.667 [Forwarding isElementEnabled on session 70f9d5c627207b2dc49025ad5fdf1332 to remote] DEBUG org.asynchttpclient.netty.request.NettyRequestSender - Using open Channel [id: 0x84245047, L:/127.0.0.1:58061 - R:localhost/127.0.0.1:35275] for GET '/session/70f9d5c627207b2dc49025ad5fdf1332/element/C4ED0F2164C625AFF34C313D26A35B2C_element_5/enabled'
15:27:41.683 [AsyncHttpClient-1-6] DEBUG org.asynchttpclient.netty.handler.HttpHandler - 

Request DefaultFullHttpRequest(decodeResult: success, version: HTTP/1.1, content: EmptyByteBufBE)
GET /session/70f9d5c627207b2dc49025ad5fdf1332/element/C4ED0F2164C625AFF34C313D26A35B2C_element_5/enabled HTTP/1.1
User-Agent: selenium/4.7.1 (java windows)
Cache-Control: no-cache
Content-Type: application/json; charset=utf-8
host: localhost:35275
accept: */*

Response DefaultHttpResponse(decodeResult: success, version: HTTP/1.1)
HTTP/1.1 200 OK
Content-Type: application/json; charset=utf-8
cache-control: no-cache
content-length: 14

15:27:41.683 [AsyncHttpClient-1-6] DEBUG org.asynchttpclient.netty.channel.ChannelManager - Adding key: http://localhost:35275 for channel [id: 0x84245047, L:/127.0.0.1:58061 - R:localhost/127.0.0.1:35275]
15:27:41.683 [Forwarding findElement on session 70f9d5c627207b2dc49025ad5fdf1332 to remote] DEBUG org.asynchttpclient.netty.request.NettyRequestSender - Using pooled Channel '[id: 0x84245047, L:/127.0.0.1:58061 - R:localhost/127.0.0.1:35275]' for 'POST' to 'http://localhost:35275/session/70f9d5c627207b2dc49025ad5fdf1332/element'
15:27:41.683 [Forwarding findElement on session 70f9d5c627207b2dc49025ad5fdf1332 to remote] DEBUG org.asynchttpclient.netty.request.NettyRequestSender - Using open Channel [id: 0x84245047, L:/127.0.0.1:58061 - R:localhost/127.0.0.1:35275] for POST '/session/70f9d5c627207b2dc49025ad5fdf1332/element'
15:27:41.698 [AsyncHttpClient-1-6] DEBUG org.asynchttpclient.netty.handler.HttpHandler - 

Request DefaultHttpRequest(decodeResult: success, version: HTTP/1.1)
POST /session/70f9d5c627207b2dc49025ad5fdf1332/element HTTP/1.1
User-Agent: selenium/4.7.1 (java windows)
Content-Length: 108
Content-Type: application/json; charset=utf-8
host: localhost:35275
accept: */*

Response DefaultHttpResponse(decodeResult: success, version: HTTP/1.1)
HTTP/1.1 200 OK
Content-Type: application/json; charset=utf-8
cache-control: no-cache
content-length: 94

15:27:41.698 [AsyncHttpClient-1-6] DEBUG org.asynchttpclient.netty.channel.ChannelManager - Adding key: http://localhost:35275 for channel [id: 0x84245047, L:/127.0.0.1:58061 - R:localhost/127.0.0.1:35275]
15:27:41.698 [Forwarding clickElement on session 70f9d5c627207b2dc49025ad5fdf1332 to remote] DEBUG org.asynchttpclient.netty.request.NettyRequestSender - Using pooled Channel '[id: 0x84245047, L:/127.0.0.1:58061 - R:localhost/127.0.0.1:35275]' for 'POST' to 'http://localhost:35275/session/70f9d5c627207b2dc49025ad5fdf1332/element/C4ED0F2164C625AFF34C313D26A35B2C_element_5/click'
15:27:41.698 [Forwarding clickElement on session 70f9d5c627207b2dc49025ad5fdf1332 to remote] DEBUG org.asynchttpclient.netty.request.NettyRequestSender - Using open Channel [id: 0x84245047, L:/127.0.0.1:58061 - R:localhost/127.0.0.1:35275] for POST '/session/70f9d5c627207b2dc49025ad5fdf1332/element/C4ED0F2164C625AFF34C313D26A35B2C_element_5/click'
15:27:41.797 [AsyncHttpClient-1-6] DEBUG org.asynchttpclient.netty.handler.HttpHandler - 

Request DefaultHttpRequest(decodeResult: success, version: HTTP/1.1)
POST /session/70f9d5c627207b2dc49025ad5fdf1332/element/C4ED0F2164C625AFF34C313D26A35B2C_element_5/click HTTP/1.1
User-Agent: selenium/4.7.1 (java windows)
Content-Length: 56
Content-Type: application/json; charset=utf-8
host: localhost:35275
accept: */*

Response DefaultHttpResponse(decodeResult: success, version: HTTP/1.1)
HTTP/1.1 200 OK
Content-Type: application/json; charset=utf-8
cache-control: no-cache
content-length: 14

15:27:41.797 [AsyncHttpClient-1-6] DEBUG org.asynchttpclient.netty.channel.ChannelManager - Adding key: http://localhost:35275 for channel [id: 0x84245047, L:/127.0.0.1:58061 - R:localhost/127.0.0.1:35275]
15:27:41.807 [Forwarding getCurrentWindowHandle on session 70f9d5c627207b2dc49025ad5fdf1332 to remote] DEBUG org.asynchttpclient.netty.request.NettyRequestSender - Using pooled Channel '[id: 0x84245047, L:/127.0.0.1:58061 - R:localhost/127.0.0.1:35275]' for 'GET' to 'http://localhost:35275/session/70f9d5c627207b2dc49025ad5fdf1332/window'
15:27:41.807 [Forwarding getCurrentWindowHandle on session 70f9d5c627207b2dc49025ad5fdf1332 to remote] DEBUG org.asynchttpclient.netty.request.NettyRequestSender - Using open Channel [id: 0x84245047, L:/127.0.0.1:58061 - R:localhost/127.0.0.1:35275] for GET '/session/70f9d5c627207b2dc49025ad5fdf1332/window'
15:27:41.808 [AsyncHttpClient-1-6] DEBUG org.asynchttpclient.netty.handler.HttpHandler - 

Request DefaultFullHttpRequest(decodeResult: success, version: HTTP/1.1, content: EmptyByteBufBE)
GET /session/70f9d5c627207b2dc49025ad5fdf1332/window HTTP/1.1
User-Agent: selenium/4.7.1 (java windows)
Cache-Control: no-cache
Content-Type: application/json; charset=utf-8
host: localhost:35275
accept: */*

Response DefaultHttpResponse(decodeResult: success, version: HTTP/1.1)
HTTP/1.1 200 OK
Content-Type: application/json; charset=utf-8
cache-control: no-cache
content-length: 44

15:27:41.808 [AsyncHttpClient-1-6] DEBUG org.asynchttpclient.netty.channel.ChannelManager - Adding key: http://localhost:35275 for channel [id: 0x84245047, L:/127.0.0.1:58061 - R:localhost/127.0.0.1:35275]
15:27:41.809 [Forwarding getAlertText on session 70f9d5c627207b2dc49025ad5fdf1332 to remote] DEBUG org.asynchttpclient.netty.request.NettyRequestSender - Using pooled Channel '[id: 0x84245047, L:/127.0.0.1:58061 - R:localhost/127.0.0.1:35275]' for 'GET' to 'http://localhost:35275/session/70f9d5c627207b2dc49025ad5fdf1332/alert/text'
15:27:41.809 [Forwarding getAlertText on session 70f9d5c627207b2dc49025ad5fdf1332 to remote] DEBUG org.asynchttpclient.netty.request.NettyRequestSender - Using open Channel [id: 0x84245047, L:/127.0.0.1:58061 - R:localhost/127.0.0.1:35275] for GET '/session/70f9d5c627207b2dc49025ad5fdf1332/alert/text'
15:27:42.048 [AsyncHttpClient-1-1] DEBUG org.asynchttpclient.netty.channel.DefaultChannelPool - Entry count for : http://localhost:58062 : 1
15:27:42.068 [AsyncHttpClient-1-6] DEBUG org.asynchttpclient.netty.handler.HttpHandler - 

Request DefaultFullHttpRequest(decodeResult: success, version: HTTP/1.1, content: EmptyByteBufBE)
GET /session/70f9d5c627207b2dc49025ad5fdf1332/alert/text HTTP/1.1
User-Agent: selenium/4.7.1 (java windows)
Cache-Control: no-cache
Content-Type: application/json; charset=utf-8
host: localhost:35275
accept: */*

Response DefaultHttpResponse(decodeResult: success, version: HTTP/1.1)
HTTP/1.1 404 Not Found
Content-Type: application/json; charset=utf-8
cache-control: no-cache
content-length: 820

15:27:42.068 [AsyncHttpClient-1-6] DEBUG org.asynchttpclient.netty.channel.ChannelManager - Adding key: http://localhost:35275 for channel [id: 0x84245047, L:/127.0.0.1:58061 - R:localhost/127.0.0.1:35275]
15:27:42.071 [Forwarding switchToWindow on session 70f9d5c627207b2dc49025ad5fdf1332 to remote] DEBUG org.asynchttpclient.netty.request.NettyRequestSender - Using pooled Channel '[id: 0x84245047, L:/127.0.0.1:58061 - R:localhost/127.0.0.1:35275]' for 'POST' to 'http://localhost:35275/session/70f9d5c627207b2dc49025ad5fdf1332/window'
15:27:42.071 [Forwarding switchToWindow on session 70f9d5c627207b2dc49025ad5fdf1332 to remote] DEBUG org.asynchttpclient.netty.request.NettyRequestSender - Using open Channel [id: 0x84245047, L:/127.0.0.1:58061 - R:localhost/127.0.0.1:35275] for POST '/session/70f9d5c627207b2dc49025ad5fdf1332/window'
15:27:42.073 [AsyncHttpClient-1-6] DEBUG org.asynchttpclient.netty.handler.HttpHandler - 

Request DefaultHttpRequest(decodeResult: success, version: HTTP/1.1)
POST /session/70f9d5c627207b2dc49025ad5fdf1332/window HTTP/1.1
User-Agent: selenium/4.7.1 (java windows)
Content-Length: 50
Content-Type: application/json; charset=utf-8
host: localhost:35275
accept: */*

Response DefaultHttpResponse(decodeResult: success, version: HTTP/1.1)
HTTP/1.1 200 OK
Content-Type: application/json; charset=utf-8
cache-control: no-cache
content-length: 14

15:27:42.073 [AsyncHttpClient-1-6] DEBUG org.asynchttpclient.netty.channel.ChannelManager - Adding key: http://localhost:35275 for channel [id: 0x84245047, L:/127.0.0.1:58061 - R:localhost/127.0.0.1:35275]
15:27:42.074 [Forwarding getCurrentUrl on session 70f9d5c627207b2dc49025ad5fdf1332 to remote] DEBUG org.asynchttpclient.netty.request.NettyRequestSender - Using pooled Channel '[id: 0x84245047, L:/127.0.0.1:58061 - R:localhost/127.0.0.1:35275]' for 'GET' to 'http://localhost:35275/session/70f9d5c627207b2dc49025ad5fdf1332/url'
15:27:42.074 [Forwarding getCurrentUrl on session 70f9d5c627207b2dc49025ad5fdf1332 to remote] DEBUG org.asynchttpclient.netty.request.NettyRequestSender - Using open Channel [id: 0x84245047, L:/127.0.0.1:58061 - R:localhost/127.0.0.1:35275] for GET '/session/70f9d5c627207b2dc49025ad5fdf1332/url'
15:27:42.083 [AsyncHttpClient-1-6] DEBUG org.asynchttpclient.netty.handler.HttpHandler - 

Request DefaultFullHttpRequest(decodeResult: success, version: HTTP/1.1, content: EmptyByteBufBE)
GET /session/70f9d5c627207b2dc49025ad5fdf1332/url HTTP/1.1
User-Agent: selenium/4.7.1 (java windows)
Cache-Control: no-cache
Content-Type: application/json; charset=utf-8
host: localhost:35275
accept: */*

Response DefaultHttpResponse(decodeResult: success, version: HTTP/1.1)
HTTP/1.1 200 OK
Content-Type: application/json; charset=utf-8
cache-control: no-cache
content-length: 51

15:27:42.083 [AsyncHttpClient-1-6] DEBUG org.asynchttpclient.netty.channel.ChannelManager - Adding key: http://localhost:35275 for channel [id: 0x84245047, L:/127.0.0.1:58061 - R:localhost/127.0.0.1:35275]
15:27:42.084 [Forwarding screenshot on session 70f9d5c627207b2dc49025ad5fdf1332 to remote] DEBUG org.asynchttpclient.netty.request.NettyRequestSender - Using pooled Channel '[id: 0x84245047, L:/127.0.0.1:58061 - R:localhost/127.0.0.1:35275]' for 'GET' to 'http://localhost:35275/session/70f9d5c627207b2dc49025ad5fdf1332/screenshot'
15:27:42.084 [Forwarding screenshot on session 70f9d5c627207b2dc49025ad5fdf1332 to remote] DEBUG org.asynchttpclient.netty.request.NettyRequestSender - Using open Channel [id: 0x84245047, L:/127.0.0.1:58061 - R:localhost/127.0.0.1:35275] for GET '/session/70f9d5c627207b2dc49025ad5fdf1332/screenshot'
15:27:42.173 [AsyncHttpClient-1-6] DEBUG org.asynchttpclient.netty.handler.HttpHandler - 

Request DefaultFullHttpRequest(decodeResult: success, version: HTTP/1.1, content: EmptyByteBufBE)
GET /session/70f9d5c627207b2dc49025ad5fdf1332/screenshot HTTP/1.1
User-Agent: selenium/4.7.1 (java windows)
Cache-Control: no-cache
Content-Type: application/json; charset=utf-8
host: localhost:35275
accept: */*

Response DefaultHttpResponse(decodeResult: success, version: HTTP/1.1)
HTTP/1.1 200 OK
Content-Type: application/json; charset=utf-8
cache-control: no-cache
content-length: 26172

15:27:42.173 [AsyncHttpClient-1-6] DEBUG org.asynchttpclient.netty.channel.ChannelManager - Adding key: http://localhost:35275 for channel [id: 0x84245047, L:/127.0.0.1:58061 - R:localhost/127.0.0.1:35275]
15:27:42.175 [main] DEBUG net.serenitybdd.core.photography.Darkroom - Send negative for processing for target\site\serenity\f035198f28bcaf95684f4b1a3b9e5d031fc0873bb044f55c4913aef571773aa0.png
15:27:42.175 [main] DEBUG net.thucydides.core.steps.StepInterceptor - STEP DONE: klikButtonLogin
15:27:42.179 [main] DEBUG net.thucydides.core.steps.StepInterceptor - STARTING STEP: TransaksiSteps.userBeradaDiHomepageAltaShopDanLoginAkun - inputEmail
15:27:42.180 [Forwarding findElement on session 70f9d5c627207b2dc49025ad5fdf1332 to remote] DEBUG org.asynchttpclient.netty.request.NettyRequestSender - Using pooled Channel '[id: 0x84245047, L:/127.0.0.1:58061 - R:localhost/127.0.0.1:35275]' for 'POST' to 'http://localhost:35275/session/70f9d5c627207b2dc49025ad5fdf1332/element'
15:27:42.180 [Forwarding findElement on session 70f9d5c627207b2dc49025ad5fdf1332 to remote] DEBUG org.asynchttpclient.netty.request.NettyRequestSender - Using open Channel [id: 0x84245047, L:/127.0.0.1:58061 - R:localhost/127.0.0.1:35275] for POST '/session/70f9d5c627207b2dc49025ad5fdf1332/element'
15:27:42.193 [AsyncHttpClient-1-6] DEBUG org.asynchttpclient.netty.handler.HttpHandler - 

Request DefaultHttpRequest(decodeResult: success, version: HTTP/1.1)
POST /session/70f9d5c627207b2dc49025ad5fdf1332/element HTTP/1.1
User-Agent: selenium/4.7.1 (java windows)
Content-Length: 187
Content-Type: application/json; charset=utf-8
host: localhost:35275
accept: */*

Response DefaultHttpResponse(decodeResult: success, version: HTTP/1.1)
HTTP/1.1 200 OK
Content-Type: application/json; charset=utf-8
cache-control: no-cache
content-length: 94

15:27:42.193 [AsyncHttpClient-1-6] DEBUG org.asynchttpclient.netty.channel.ChannelManager - Adding key: http://localhost:35275 for channel [id: 0x84245047, L:/127.0.0.1:58061 - R:localhost/127.0.0.1:35275]
15:27:42.194 [Forwarding clearElement on session 70f9d5c627207b2dc49025ad5fdf1332 to remote] DEBUG org.asynchttpclient.netty.request.NettyRequestSender - Using pooled Channel '[id: 0x84245047, L:/127.0.0.1:58061 - R:localhost/127.0.0.1:35275]' for 'POST' to 'http://localhost:35275/session/70f9d5c627207b2dc49025ad5fdf1332/element/C4ED0F2164C625AFF34C313D26A35B2C_element_8/clear'
15:27:42.194 [Forwarding clearElement on session 70f9d5c627207b2dc49025ad5fdf1332 to remote] DEBUG org.asynchttpclient.netty.request.NettyRequestSender - Using open Channel [id: 0x84245047, L:/127.0.0.1:58061 - R:localhost/127.0.0.1:35275] for POST '/session/70f9d5c627207b2dc49025ad5fdf1332/element/C4ED0F2164C625AFF34C313D26A35B2C_element_8/clear'
15:27:42.234 [AsyncHttpClient-1-6] DEBUG org.asynchttpclient.netty.handler.HttpHandler - 

Request DefaultHttpRequest(decodeResult: success, version: HTTP/1.1)
POST /session/70f9d5c627207b2dc49025ad5fdf1332/element/C4ED0F2164C625AFF34C313D26A35B2C_element_8/clear HTTP/1.1
User-Agent: selenium/4.7.1 (java windows)
Content-Length: 56
Content-Type: application/json; charset=utf-8
host: localhost:35275
accept: */*

Response DefaultHttpResponse(decodeResult: success, version: HTTP/1.1)
HTTP/1.1 200 OK
Content-Type: application/json; charset=utf-8
cache-control: no-cache
content-length: 14

15:27:42.234 [AsyncHttpClient-1-6] DEBUG org.asynchttpclient.netty.channel.ChannelManager - Adding key: http://localhost:35275 for channel [id: 0x84245047, L:/127.0.0.1:58061 - R:localhost/127.0.0.1:35275]
15:27:42.236 [Forwarding sendKeysToElement on session 70f9d5c627207b2dc49025ad5fdf1332 to remote] DEBUG org.asynchttpclient.netty.request.NettyRequestSender - Using pooled Channel '[id: 0x84245047, L:/127.0.0.1:58061 - R:localhost/127.0.0.1:35275]' for 'POST' to 'http://localhost:35275/session/70f9d5c627207b2dc49025ad5fdf1332/element/C4ED0F2164C625AFF34C313D26A35B2C_element_8/value'
15:27:42.236 [Forwarding sendKeysToElement on session 70f9d5c627207b2dc49025ad5fdf1332 to remote] DEBUG org.asynchttpclient.netty.request.NettyRequestSender - Using open Channel [id: 0x84245047, L:/127.0.0.1:58061 - R:localhost/127.0.0.1:35275] for POST '/session/70f9d5c627207b2dc49025ad5fdf1332/element/C4ED0F2164C625AFF34C313D26A35B2C_element_8/value'
15:27:42.344 [AsyncHttpClient-1-6] DEBUG org.asynchttpclient.netty.handler.HttpHandler - 

Request DefaultHttpRequest(decodeResult: success, version: HTTP/1.1)
POST /session/70f9d5c627207b2dc49025ad5fdf1332/element/C4ED0F2164C625AFF34C313D26A35B2C_element_8/value HTTP/1.1
User-Agent: selenium/4.7.1 (java windows)
Content-Length: 217
Content-Type: application/json; charset=utf-8
host: localhost:35275
accept: */*

Response DefaultHttpResponse(decodeResult: success, version: HTTP/1.1)
HTTP/1.1 200 OK
Content-Type: application/json; charset=utf-8
cache-control: no-cache
content-length: 14

15:27:42.344 [AsyncHttpClient-1-6] DEBUG org.asynchttpclient.netty.channel.ChannelManager - Adding key: http://localhost:35275 for channel [id: 0x84245047, L:/127.0.0.1:58061 - R:localhost/127.0.0.1:35275]
15:27:42.350 [Forwarding getCurrentWindowHandle on session 70f9d5c627207b2dc49025ad5fdf1332 to remote] DEBUG org.asynchttpclient.netty.request.NettyRequestSender - Using pooled Channel '[id: 0x84245047, L:/127.0.0.1:58061 - R:localhost/127.0.0.1:35275]' for 'GET' to 'http://localhost:35275/session/70f9d5c627207b2dc49025ad5fdf1332/window'
15:27:42.350 [Forwarding getCurrentWindowHandle on session 70f9d5c627207b2dc49025ad5fdf1332 to remote] DEBUG org.asynchttpclient.netty.request.NettyRequestSender - Using open Channel [id: 0x84245047, L:/127.0.0.1:58061 - R:localhost/127.0.0.1:35275] for GET '/session/70f9d5c627207b2dc49025ad5fdf1332/window'
15:27:42.351 [AsyncHttpClient-1-6] DEBUG org.asynchttpclient.netty.handler.HttpHandler - 

Request DefaultFullHttpRequest(decodeResult: success, version: HTTP/1.1, content: EmptyByteBufBE)
GET /session/70f9d5c627207b2dc49025ad5fdf1332/window HTTP/1.1
User-Agent: selenium/4.7.1 (java windows)
Cache-Control: no-cache
Content-Type: application/json; charset=utf-8
host: localhost:35275
accept: */*

Response DefaultHttpResponse(decodeResult: success, version: HTTP/1.1)
HTTP/1.1 200 OK
Content-Type: application/json; charset=utf-8
cache-control: no-cache
content-length: 44

15:27:42.351 [AsyncHttpClient-1-6] DEBUG org.asynchttpclient.netty.channel.ChannelManager - Adding key: http://localhost:35275 for channel [id: 0x84245047, L:/127.0.0.1:58061 - R:localhost/127.0.0.1:35275]
15:27:42.352 [Forwarding getAlertText on session 70f9d5c627207b2dc49025ad5fdf1332 to remote] DEBUG org.asynchttpclient.netty.request.NettyRequestSender - Using pooled Channel '[id: 0x84245047, L:/127.0.0.1:58061 - R:localhost/127.0.0.1:35275]' for 'GET' to 'http://localhost:35275/session/70f9d5c627207b2dc49025ad5fdf1332/alert/text'
15:27:42.352 [Forwarding getAlertText on session 70f9d5c627207b2dc49025ad5fdf1332 to remote] DEBUG org.asynchttpclient.netty.request.NettyRequestSender - Using open Channel [id: 0x84245047, L:/127.0.0.1:58061 - R:localhost/127.0.0.1:35275] for GET '/session/70f9d5c627207b2dc49025ad5fdf1332/alert/text'
15:27:42.354 [AsyncHttpClient-1-6] DEBUG org.asynchttpclient.netty.handler.HttpHandler - 

Request DefaultFullHttpRequest(decodeResult: success, version: HTTP/1.1, content: EmptyByteBufBE)
GET /session/70f9d5c627207b2dc49025ad5fdf1332/alert/text HTTP/1.1
User-Agent: selenium/4.7.1 (java windows)
Cache-Control: no-cache
Content-Type: application/json; charset=utf-8
host: localhost:35275
accept: */*

Response DefaultHttpResponse(decodeResult: success, version: HTTP/1.1)
HTTP/1.1 404 Not Found
Content-Type: application/json; charset=utf-8
cache-control: no-cache
content-length: 820

15:27:42.354 [AsyncHttpClient-1-6] DEBUG org.asynchttpclient.netty.channel.ChannelManager - Adding key: http://localhost:35275 for channel [id: 0x84245047, L:/127.0.0.1:58061 - R:localhost/127.0.0.1:35275]
15:27:42.355 [Forwarding switchToWindow on session 70f9d5c627207b2dc49025ad5fdf1332 to remote] DEBUG org.asynchttpclient.netty.request.NettyRequestSender - Using pooled Channel '[id: 0x84245047, L:/127.0.0.1:58061 - R:localhost/127.0.0.1:35275]' for 'POST' to 'http://localhost:35275/session/70f9d5c627207b2dc49025ad5fdf1332/window'
15:27:42.355 [Forwarding switchToWindow on session 70f9d5c627207b2dc49025ad5fdf1332 to remote] DEBUG org.asynchttpclient.netty.request.NettyRequestSender - Using open Channel [id: 0x84245047, L:/127.0.0.1:58061 - R:localhost/127.0.0.1:35275] for POST '/session/70f9d5c627207b2dc49025ad5fdf1332/window'
15:27:42.357 [AsyncHttpClient-1-6] DEBUG org.asynchttpclient.netty.handler.HttpHandler - 

Request DefaultHttpRequest(decodeResult: success, version: HTTP/1.1)
POST /session/70f9d5c627207b2dc49025ad5fdf1332/window HTTP/1.1
User-Agent: selenium/4.7.1 (java windows)
Content-Length: 50
Content-Type: application/json; charset=utf-8
host: localhost:35275
accept: */*

Response DefaultHttpResponse(decodeResult: success, version: HTTP/1.1)
HTTP/1.1 200 OK
Content-Type: application/json; charset=utf-8
cache-control: no-cache
content-length: 14

15:27:42.357 [AsyncHttpClient-1-6] DEBUG org.asynchttpclient.netty.channel.ChannelManager - Adding key: http://localhost:35275 for channel [id: 0x84245047, L:/127.0.0.1:58061 - R:localhost/127.0.0.1:35275]
15:27:42.357 [Forwarding getCurrentUrl on session 70f9d5c627207b2dc49025ad5fdf1332 to remote] DEBUG org.asynchttpclient.netty.request.NettyRequestSender - Using pooled Channel '[id: 0x84245047, L:/127.0.0.1:58061 - R:localhost/127.0.0.1:35275]' for 'GET' to 'http://localhost:35275/session/70f9d5c627207b2dc49025ad5fdf1332/url'
15:27:42.357 [Forwarding getCurrentUrl on session 70f9d5c627207b2dc49025ad5fdf1332 to remote] DEBUG org.asynchttpclient.netty.request.NettyRequestSender - Using open Channel [id: 0x84245047, L:/127.0.0.1:58061 - R:localhost/127.0.0.1:35275] for GET '/session/70f9d5c627207b2dc49025ad5fdf1332/url'
15:27:42.361 [AsyncHttpClient-1-6] DEBUG org.asynchttpclient.netty.handler.HttpHandler - 

Request DefaultFullHttpRequest(decodeResult: success, version: HTTP/1.1, content: EmptyByteBufBE)
GET /session/70f9d5c627207b2dc49025ad5fdf1332/url HTTP/1.1
User-Agent: selenium/4.7.1 (java windows)
Cache-Control: no-cache
Content-Type: application/json; charset=utf-8
host: localhost:35275
accept: */*

Response DefaultHttpResponse(decodeResult: success, version: HTTP/1.1)
HTTP/1.1 200 OK
Content-Type: application/json; charset=utf-8
cache-control: no-cache
content-length: 51

15:27:42.361 [AsyncHttpClient-1-6] DEBUG org.asynchttpclient.netty.channel.ChannelManager - Adding key: http://localhost:35275 for channel [id: 0x84245047, L:/127.0.0.1:58061 - R:localhost/127.0.0.1:35275]
15:27:42.362 [Forwarding screenshot on session 70f9d5c627207b2dc49025ad5fdf1332 to remote] DEBUG org.asynchttpclient.netty.request.NettyRequestSender - Using pooled Channel '[id: 0x84245047, L:/127.0.0.1:58061 - R:localhost/127.0.0.1:35275]' for 'GET' to 'http://localhost:35275/session/70f9d5c627207b2dc49025ad5fdf1332/screenshot'
15:27:42.362 [Forwarding screenshot on session 70f9d5c627207b2dc49025ad5fdf1332 to remote] DEBUG org.asynchttpclient.netty.request.NettyRequestSender - Using open Channel [id: 0x84245047, L:/127.0.0.1:58061 - R:localhost/127.0.0.1:35275] for GET '/session/70f9d5c627207b2dc49025ad5fdf1332/screenshot'
15:27:42.485 [AsyncHttpClient-1-6] DEBUG org.asynchttpclient.netty.handler.HttpHandler - 

Request DefaultFullHttpRequest(decodeResult: success, version: HTTP/1.1, content: EmptyByteBufBE)
GET /session/70f9d5c627207b2dc49025ad5fdf1332/screenshot HTTP/1.1
User-Agent: selenium/4.7.1 (java windows)
Cache-Control: no-cache
Content-Type: application/json; charset=utf-8
host: localhost:35275
accept: */*

Response DefaultHttpResponse(decodeResult: success, version: HTTP/1.1)
HTTP/1.1 200 OK
Content-Type: application/json; charset=utf-8
cache-control: no-cache
content-length: 29848

15:27:42.486 [AsyncHttpClient-1-6] DEBUG org.asynchttpclient.netty.channel.ChannelManager - Adding key: http://localhost:35275 for channel [id: 0x84245047, L:/127.0.0.1:58061 - R:localhost/127.0.0.1:35275]
15:27:42.487 [main] DEBUG net.serenitybdd.core.photography.Darkroom - Send negative for processing for target\site\serenity\d0c5bb108fc7cc323ab09ea58d3f87aba5f01cf71ee19458dcaaf37a658270b4.png
15:27:42.487 [main] DEBUG net.thucydides.core.steps.StepInterceptor - STEP DONE: inputEmail
15:27:42.490 [main] DEBUG net.thucydides.core.steps.StepInterceptor - STARTING STEP: TransaksiSteps.userBeradaDiHomepageAltaShopDanLoginAkun - inputPassword
15:27:42.492 [Forwarding findElement on session 70f9d5c627207b2dc49025ad5fdf1332 to remote] DEBUG org.asynchttpclient.netty.request.NettyRequestSender - Using pooled Channel '[id: 0x84245047, L:/127.0.0.1:58061 - R:localhost/127.0.0.1:35275]' for 'POST' to 'http://localhost:35275/session/70f9d5c627207b2dc49025ad5fdf1332/element'
15:27:42.492 [Forwarding findElement on session 70f9d5c627207b2dc49025ad5fdf1332 to remote] DEBUG org.asynchttpclient.netty.request.NettyRequestSender - Using open Channel [id: 0x84245047, L:/127.0.0.1:58061 - R:localhost/127.0.0.1:35275] for POST '/session/70f9d5c627207b2dc49025ad5fdf1332/element'
15:27:42.508 [AsyncHttpClient-1-6] DEBUG org.asynchttpclient.netty.handler.HttpHandler - 

Request DefaultHttpRequest(decodeResult: success, version: HTTP/1.1)
POST /session/70f9d5c627207b2dc49025ad5fdf1332/element HTTP/1.1
User-Agent: selenium/4.7.1 (java windows)
Content-Length: 187
Content-Type: application/json; charset=utf-8
host: localhost:35275
accept: */*

Response DefaultHttpResponse(decodeResult: success, version: HTTP/1.1)
HTTP/1.1 200 OK
Content-Type: application/json; charset=utf-8
cache-control: no-cache
content-length: 95

15:27:42.508 [AsyncHttpClient-1-6] DEBUG org.asynchttpclient.netty.channel.ChannelManager - Adding key: http://localhost:35275 for channel [id: 0x84245047, L:/127.0.0.1:58061 - R:localhost/127.0.0.1:35275]
15:27:42.509 [Forwarding clearElement on session 70f9d5c627207b2dc49025ad5fdf1332 to remote] DEBUG org.asynchttpclient.netty.request.NettyRequestSender - Using pooled Channel '[id: 0x84245047, L:/127.0.0.1:58061 - R:localhost/127.0.0.1:35275]' for 'POST' to 'http://localhost:35275/session/70f9d5c627207b2dc49025ad5fdf1332/element/C4ED0F2164C625AFF34C313D26A35B2C_element_10/clear'
15:27:42.509 [Forwarding clearElement on session 70f9d5c627207b2dc49025ad5fdf1332 to remote] DEBUG org.asynchttpclient.netty.request.NettyRequestSender - Using open Channel [id: 0x84245047, L:/127.0.0.1:58061 - R:localhost/127.0.0.1:35275] for POST '/session/70f9d5c627207b2dc49025ad5fdf1332/element/C4ED0F2164C625AFF34C313D26A35B2C_element_10/clear'
15:27:42.539 [AsyncHttpClient-1-6] DEBUG org.asynchttpclient.netty.handler.HttpHandler - 

Request DefaultHttpRequest(decodeResult: success, version: HTTP/1.1)
POST /session/70f9d5c627207b2dc49025ad5fdf1332/element/C4ED0F2164C625AFF34C313D26A35B2C_element_10/clear HTTP/1.1
User-Agent: selenium/4.7.1 (java windows)
Content-Length: 57
Content-Type: application/json; charset=utf-8
host: localhost:35275
accept: */*

Response DefaultHttpResponse(decodeResult: success, version: HTTP/1.1)
HTTP/1.1 200 OK
Content-Type: application/json; charset=utf-8
cache-control: no-cache
content-length: 14

15:27:42.539 [AsyncHttpClient-1-6] DEBUG org.asynchttpclient.netty.channel.ChannelManager - Adding key: http://localhost:35275 for channel [id: 0x84245047, L:/127.0.0.1:58061 - R:localhost/127.0.0.1:35275]
15:27:42.541 [Forwarding sendKeysToElement on session 70f9d5c627207b2dc49025ad5fdf1332 to remote] DEBUG org.asynchttpclient.netty.request.NettyRequestSender - Using pooled Channel '[id: 0x84245047, L:/127.0.0.1:58061 - R:localhost/127.0.0.1:35275]' for 'POST' to 'http://localhost:35275/session/70f9d5c627207b2dc49025ad5fdf1332/element/C4ED0F2164C625AFF34C313D26A35B2C_element_10/value'
15:27:42.541 [Forwarding sendKeysToElement on session 70f9d5c627207b2dc49025ad5fdf1332 to remote] DEBUG org.asynchttpclient.netty.request.NettyRequestSender - Using open Channel [id: 0x84245047, L:/127.0.0.1:58061 - R:localhost/127.0.0.1:35275] for POST '/session/70f9d5c627207b2dc49025ad5fdf1332/element/C4ED0F2164C625AFF34C313D26A35B2C_element_10/value'
15:27:42.607 [AsyncHttpClient-1-6] DEBUG org.asynchttpclient.netty.handler.HttpHandler - 

Request DefaultHttpRequest(decodeResult: success, version: HTTP/1.1)
POST /session/70f9d5c627207b2dc49025ad5fdf1332/element/C4ED0F2164C625AFF34C313D26A35B2C_element_10/value HTTP/1.1
User-Agent: selenium/4.7.1 (java windows)
Content-Length: 118
Content-Type: application/json; charset=utf-8
host: localhost:35275
accept: */*

Response DefaultHttpResponse(decodeResult: success, version: HTTP/1.1)
HTTP/1.1 200 OK
Content-Type: application/json; charset=utf-8
cache-control: no-cache
content-length: 14

15:27:42.607 [AsyncHttpClient-1-6] DEBUG org.asynchttpclient.netty.channel.ChannelManager - Adding key: http://localhost:35275 for channel [id: 0x84245047, L:/127.0.0.1:58061 - R:localhost/127.0.0.1:35275]
15:27:42.612 [Forwarding getCurrentWindowHandle on session 70f9d5c627207b2dc49025ad5fdf1332 to remote] DEBUG org.asynchttpclient.netty.request.NettyRequestSender - Using pooled Channel '[id: 0x84245047, L:/127.0.0.1:58061 - R:localhost/127.0.0.1:35275]' for 'GET' to 'http://localhost:35275/session/70f9d5c627207b2dc49025ad5fdf1332/window'
15:27:42.612 [Forwarding getCurrentWindowHandle on session 70f9d5c627207b2dc49025ad5fdf1332 to remote] DEBUG org.asynchttpclient.netty.request.NettyRequestSender - Using open Channel [id: 0x84245047, L:/127.0.0.1:58061 - R:localhost/127.0.0.1:35275] for GET '/session/70f9d5c627207b2dc49025ad5fdf1332/window'
15:27:42.613 [AsyncHttpClient-1-6] DEBUG org.asynchttpclient.netty.handler.HttpHandler - 

Request DefaultFullHttpRequest(decodeResult: success, version: HTTP/1.1, content: EmptyByteBufBE)
GET /session/70f9d5c627207b2dc49025ad5fdf1332/window HTTP/1.1
User-Agent: selenium/4.7.1 (java windows)
Cache-Control: no-cache
Content-Type: application/json; charset=utf-8
host: localhost:35275
accept: */*

Response DefaultHttpResponse(decodeResult: success, version: HTTP/1.1)
HTTP/1.1 200 OK
Content-Type: application/json; charset=utf-8
cache-control: no-cache
content-length: 44

15:27:42.613 [AsyncHttpClient-1-6] DEBUG org.asynchttpclient.netty.channel.ChannelManager - Adding key: http://localhost:35275 for channel [id: 0x84245047, L:/127.0.0.1:58061 - R:localhost/127.0.0.1:35275]
15:27:42.614 [Forwarding getAlertText on session 70f9d5c627207b2dc49025ad5fdf1332 to remote] DEBUG org.asynchttpclient.netty.request.NettyRequestSender - Using pooled Channel '[id: 0x84245047, L:/127.0.0.1:58061 - R:localhost/127.0.0.1:35275]' for 'GET' to 'http://localhost:35275/session/70f9d5c627207b2dc49025ad5fdf1332/alert/text'
15:27:42.614 [Forwarding getAlertText on session 70f9d5c627207b2dc49025ad5fdf1332 to remote] DEBUG org.asynchttpclient.netty.request.NettyRequestSender - Using open Channel [id: 0x84245047, L:/127.0.0.1:58061 - R:localhost/127.0.0.1:35275] for GET '/session/70f9d5c627207b2dc49025ad5fdf1332/alert/text'
15:27:42.616 [AsyncHttpClient-1-6] DEBUG org.asynchttpclient.netty.handler.HttpHandler - 

Request DefaultFullHttpRequest(decodeResult: success, version: HTTP/1.1, content: EmptyByteBufBE)
GET /session/70f9d5c627207b2dc49025ad5fdf1332/alert/text HTTP/1.1
User-Agent: selenium/4.7.1 (java windows)
Cache-Control: no-cache
Content-Type: application/json; charset=utf-8
host: localhost:35275
accept: */*

Response DefaultHttpResponse(decodeResult: success, version: HTTP/1.1)
HTTP/1.1 404 Not Found
Content-Type: application/json; charset=utf-8
cache-control: no-cache
content-length: 820

15:27:42.616 [AsyncHttpClient-1-6] DEBUG org.asynchttpclient.netty.channel.ChannelManager - Adding key: http://localhost:35275 for channel [id: 0x84245047, L:/127.0.0.1:58061 - R:localhost/127.0.0.1:35275]
15:27:42.619 [Forwarding switchToWindow on session 70f9d5c627207b2dc49025ad5fdf1332 to remote] DEBUG org.asynchttpclient.netty.request.NettyRequestSender - Using pooled Channel '[id: 0x84245047, L:/127.0.0.1:58061 - R:localhost/127.0.0.1:35275]' for 'POST' to 'http://localhost:35275/session/70f9d5c627207b2dc49025ad5fdf1332/window'
15:27:42.619 [Forwarding switchToWindow on session 70f9d5c627207b2dc49025ad5fdf1332 to remote] DEBUG org.asynchttpclient.netty.request.NettyRequestSender - Using open Channel [id: 0x84245047, L:/127.0.0.1:58061 - R:localhost/127.0.0.1:35275] for POST '/session/70f9d5c627207b2dc49025ad5fdf1332/window'
15:27:42.622 [AsyncHttpClient-1-6] DEBUG org.asynchttpclient.netty.handler.HttpHandler - 

Request DefaultHttpRequest(decodeResult: success, version: HTTP/1.1)
POST /session/70f9d5c627207b2dc49025ad5fdf1332/window HTTP/1.1
User-Agent: selenium/4.7.1 (java windows)
Content-Length: 50
Content-Type: application/json; charset=utf-8
host: localhost:35275
accept: */*

Response DefaultHttpResponse(decodeResult: success, version: HTTP/1.1)
HTTP/1.1 200 OK
Content-Type: application/json; charset=utf-8
cache-control: no-cache
content-length: 14

15:27:42.622 [AsyncHttpClient-1-6] DEBUG org.asynchttpclient.netty.channel.ChannelManager - Adding key: http://localhost:35275 for channel [id: 0x84245047, L:/127.0.0.1:58061 - R:localhost/127.0.0.1:35275]
15:27:42.623 [Forwarding getCurrentUrl on session 70f9d5c627207b2dc49025ad5fdf1332 to remote] DEBUG org.asynchttpclient.netty.request.NettyRequestSender - Using pooled Channel '[id: 0x84245047, L:/127.0.0.1:58061 - R:localhost/127.0.0.1:35275]' for 'GET' to 'http://localhost:35275/session/70f9d5c627207b2dc49025ad5fdf1332/url'
15:27:42.623 [Forwarding getCurrentUrl on session 70f9d5c627207b2dc49025ad5fdf1332 to remote] DEBUG org.asynchttpclient.netty.request.NettyRequestSender - Using open Channel [id: 0x84245047, L:/127.0.0.1:58061 - R:localhost/127.0.0.1:35275] for GET '/session/70f9d5c627207b2dc49025ad5fdf1332/url'
15:27:42.627 [AsyncHttpClient-1-6] DEBUG org.asynchttpclient.netty.handler.HttpHandler - 

Request DefaultFullHttpRequest(decodeResult: success, version: HTTP/1.1, content: EmptyByteBufBE)
GET /session/70f9d5c627207b2dc49025ad5fdf1332/url HTTP/1.1
User-Agent: selenium/4.7.1 (java windows)
Cache-Control: no-cache
Content-Type: application/json; charset=utf-8
host: localhost:35275
accept: */*

Response DefaultHttpResponse(decodeResult: success, version: HTTP/1.1)
HTTP/1.1 200 OK
Content-Type: application/json; charset=utf-8
cache-control: no-cache
content-length: 51

15:27:42.627 [AsyncHttpClient-1-6] DEBUG org.asynchttpclient.netty.channel.ChannelManager - Adding key: http://localhost:35275 for channel [id: 0x84245047, L:/127.0.0.1:58061 - R:localhost/127.0.0.1:35275]
15:27:42.628 [Forwarding screenshot on session 70f9d5c627207b2dc49025ad5fdf1332 to remote] DEBUG org.asynchttpclient.netty.request.NettyRequestSender - Using pooled Channel '[id: 0x84245047, L:/127.0.0.1:58061 - R:localhost/127.0.0.1:35275]' for 'GET' to 'http://localhost:35275/session/70f9d5c627207b2dc49025ad5fdf1332/screenshot'
15:27:42.628 [Forwarding screenshot on session 70f9d5c627207b2dc49025ad5fdf1332 to remote] DEBUG org.asynchttpclient.netty.request.NettyRequestSender - Using open Channel [id: 0x84245047, L:/127.0.0.1:58061 - R:localhost/127.0.0.1:35275] for GET '/session/70f9d5c627207b2dc49025ad5fdf1332/screenshot'
15:27:42.753 [AsyncHttpClient-1-6] DEBUG org.asynchttpclient.netty.handler.HttpHandler - 

Request DefaultFullHttpRequest(decodeResult: success, version: HTTP/1.1, content: EmptyByteBufBE)
GET /session/70f9d5c627207b2dc49025ad5fdf1332/screenshot HTTP/1.1
User-Agent: selenium/4.7.1 (java windows)
Cache-Control: no-cache
Content-Type: application/json; charset=utf-8
host: localhost:35275
accept: */*

Response DefaultHttpResponse(decodeResult: success, version: HTTP/1.1)
HTTP/1.1 200 OK
Content-Type: application/json; charset=utf-8
cache-control: no-cache
content-length: 29812

15:27:42.753 [AsyncHttpClient-1-6] DEBUG org.asynchttpclient.netty.channel.ChannelManager - Adding key: http://localhost:35275 for channel [id: 0x84245047, L:/127.0.0.1:58061 - R:localhost/127.0.0.1:35275]
15:27:42.754 [main] DEBUG net.serenitybdd.core.photography.Darkroom - Send negative for processing for target\site\serenity\695664346a0de0e2dd74457620b49303375c43f94fa69cacc9e1c3972eb848ec.png
15:27:42.754 [main] DEBUG net.thucydides.core.steps.StepInterceptor - STEP DONE: inputPassword
15:27:42.754 [Darkroom Processing Line] DEBUG net.serenitybdd.core.photography.DarkroomProcessingLine - Processing screenshot image in /var/screenshots/screenshot-15848120481105845513
15:27:42.754 [Darkroom Processing Line] DEBUG net.serenitybdd.core.photography.DarkroomProcessingLine - Saving screenshot to target\site\serenity\695664346a0de0e2dd74457620b49303375c43f94fa69cacc9e1c3972eb848ec.png
15:27:42.757 [main] DEBUG net.thucydides.core.steps.StepInterceptor - STARTING STEP: TransaksiSteps.userBeradaDiHomepageAltaShopDanLoginAkun - klikButtonLoginKedua
15:27:42.759 [Forwarding findElement on session 70f9d5c627207b2dc49025ad5fdf1332 to remote] DEBUG org.asynchttpclient.netty.request.NettyRequestSender - Using pooled Channel '[id: 0x84245047, L:/127.0.0.1:58061 - R:localhost/127.0.0.1:35275]' for 'POST' to 'http://localhost:35275/session/70f9d5c627207b2dc49025ad5fdf1332/element'
15:27:42.759 [Forwarding findElement on session 70f9d5c627207b2dc49025ad5fdf1332 to remote] DEBUG org.asynchttpclient.netty.request.NettyRequestSender - Using open Channel [id: 0x84245047, L:/127.0.0.1:58061 - R:localhost/127.0.0.1:35275] for POST '/session/70f9d5c627207b2dc49025ad5fdf1332/element'
15:27:42.776 [AsyncHttpClient-1-6] DEBUG org.asynchttpclient.netty.handler.HttpHandler - 

Request DefaultHttpRequest(decodeResult: success, version: HTTP/1.1)
POST /session/70f9d5c627207b2dc49025ad5fdf1332/element HTTP/1.1
User-Agent: selenium/4.7.1 (java windows)
Content-Length: 141
Content-Type: application/json; charset=utf-8
host: localhost:35275
accept: */*

Response DefaultHttpResponse(decodeResult: success, version: HTTP/1.1)
HTTP/1.1 200 OK
Content-Type: application/json; charset=utf-8
cache-control: no-cache
content-length: 95

15:27:42.776 [AsyncHttpClient-1-6] DEBUG org.asynchttpclient.netty.channel.ChannelManager - Adding key: http://localhost:35275 for channel [id: 0x84245047, L:/127.0.0.1:58061 - R:localhost/127.0.0.1:35275]
15:27:42.777 [Forwarding getElementTagName on session 70f9d5c627207b2dc49025ad5fdf1332 to remote] DEBUG org.asynchttpclient.netty.request.NettyRequestSender - Using pooled Channel '[id: 0x84245047, L:/127.0.0.1:58061 - R:localhost/127.0.0.1:35275]' for 'GET' to 'http://localhost:35275/session/70f9d5c627207b2dc49025ad5fdf1332/element/C4ED0F2164C625AFF34C313D26A35B2C_element_13/name'
15:27:42.777 [Forwarding getElementTagName on session 70f9d5c627207b2dc49025ad5fdf1332 to remote] DEBUG org.asynchttpclient.netty.request.NettyRequestSender - Using open Channel [id: 0x84245047, L:/127.0.0.1:58061 - R:localhost/127.0.0.1:35275] for GET '/session/70f9d5c627207b2dc49025ad5fdf1332/element/C4ED0F2164C625AFF34C313D26A35B2C_element_13/name'
15:27:42.783 [AsyncHttpClient-1-6] DEBUG org.asynchttpclient.netty.handler.HttpHandler - 

Request DefaultFullHttpRequest(decodeResult: success, version: HTTP/1.1, content: EmptyByteBufBE)
GET /session/70f9d5c627207b2dc49025ad5fdf1332/element/C4ED0F2164C625AFF34C313D26A35B2C_element_13/name HTTP/1.1
User-Agent: selenium/4.7.1 (java windows)
Cache-Control: no-cache
Content-Type: application/json; charset=utf-8
host: localhost:35275
accept: */*

Response DefaultHttpResponse(decodeResult: success, version: HTTP/1.1)
HTTP/1.1 200 OK
Content-Type: application/json; charset=utf-8
cache-control: no-cache
content-length: 18

15:27:42.783 [AsyncHttpClient-1-6] DEBUG org.asynchttpclient.netty.channel.ChannelManager - Adding key: http://localhost:35275 for channel [id: 0x84245047, L:/127.0.0.1:58061 - R:localhost/127.0.0.1:35275]
15:27:42.784 [Forwarding getElementTagName on session 70f9d5c627207b2dc49025ad5fdf1332 to remote] DEBUG org.asynchttpclient.netty.request.NettyRequestSender - Using pooled Channel '[id: 0x84245047, L:/127.0.0.1:58061 - R:localhost/127.0.0.1:35275]' for 'GET' to 'http://localhost:35275/session/70f9d5c627207b2dc49025ad5fdf1332/element/C4ED0F2164C625AFF34C313D26A35B2C_element_13/name'
15:27:42.784 [Forwarding getElementTagName on session 70f9d5c627207b2dc49025ad5fdf1332 to remote] DEBUG org.asynchttpclient.netty.request.NettyRequestSender - Using open Channel [id: 0x84245047, L:/127.0.0.1:58061 - R:localhost/127.0.0.1:35275] for GET '/session/70f9d5c627207b2dc49025ad5fdf1332/element/C4ED0F2164C625AFF34C313D26A35B2C_element_13/name'
15:27:42.790 [AsyncHttpClient-1-6] DEBUG org.asynchttpclient.netty.handler.HttpHandler - 

Request DefaultFullHttpRequest(decodeResult: success, version: HTTP/1.1, content: EmptyByteBufBE)
GET /session/70f9d5c627207b2dc49025ad5fdf1332/element/C4ED0F2164C625AFF34C313D26A35B2C_element_13/name HTTP/1.1
User-Agent: selenium/4.7.1 (java windows)
Cache-Control: no-cache
Content-Type: application/json; charset=utf-8
host: localhost:35275
accept: */*

Response DefaultHttpResponse(decodeResult: success, version: HTTP/1.1)
HTTP/1.1 200 OK
Content-Type: application/json; charset=utf-8
cache-control: no-cache
content-length: 18

15:27:42.790 [AsyncHttpClient-1-6] DEBUG org.asynchttpclient.netty.channel.ChannelManager - Adding key: http://localhost:35275 for channel [id: 0x84245047, L:/127.0.0.1:58061 - R:localhost/127.0.0.1:35275]
15:27:42.791 [Forwarding isElementEnabled on session 70f9d5c627207b2dc49025ad5fdf1332 to remote] DEBUG org.asynchttpclient.netty.request.NettyRequestSender - Using pooled Channel '[id: 0x84245047, L:/127.0.0.1:58061 - R:localhost/127.0.0.1:35275]' for 'GET' to 'http://localhost:35275/session/70f9d5c627207b2dc49025ad5fdf1332/element/C4ED0F2164C625AFF34C313D26A35B2C_element_13/enabled'
15:27:42.791 [Forwarding isElementEnabled on session 70f9d5c627207b2dc49025ad5fdf1332 to remote] DEBUG org.asynchttpclient.netty.request.NettyRequestSender - Using open Channel [id: 0x84245047, L:/127.0.0.1:58061 - R:localhost/127.0.0.1:35275] for GET '/session/70f9d5c627207b2dc49025ad5fdf1332/element/C4ED0F2164C625AFF34C313D26A35B2C_element_13/enabled'
15:27:42.797 [AsyncHttpClient-1-6] DEBUG org.asynchttpclient.netty.handler.HttpHandler - 

Request DefaultFullHttpRequest(decodeResult: success, version: HTTP/1.1, content: EmptyByteBufBE)
GET /session/70f9d5c627207b2dc49025ad5fdf1332/element/C4ED0F2164C625AFF34C313D26A35B2C_element_13/enabled HTTP/1.1
User-Agent: selenium/4.7.1 (java windows)
Cache-Control: no-cache
Content-Type: application/json; charset=utf-8
host: localhost:35275
accept: */*

Response DefaultHttpResponse(decodeResult: success, version: HTTP/1.1)
HTTP/1.1 200 OK
Content-Type: application/json; charset=utf-8
cache-control: no-cache
content-length: 14

15:27:42.798 [AsyncHttpClient-1-6] DEBUG org.asynchttpclient.netty.channel.ChannelManager - Adding key: http://localhost:35275 for channel [id: 0x84245047, L:/127.0.0.1:58061 - R:localhost/127.0.0.1:35275]
15:27:42.799 [Forwarding isElementEnabled on session 70f9d5c627207b2dc49025ad5fdf1332 to remote] DEBUG org.asynchttpclient.netty.request.NettyRequestSender - Using pooled Channel '[id: 0x84245047, L:/127.0.0.1:58061 - R:localhost/127.0.0.1:35275]' for 'GET' to 'http://localhost:35275/session/70f9d5c627207b2dc49025ad5fdf1332/element/C4ED0F2164C625AFF34C313D26A35B2C_element_13/enabled'
15:27:42.799 [Forwarding isElementEnabled on session 70f9d5c627207b2dc49025ad5fdf1332 to remote] DEBUG org.asynchttpclient.netty.request.NettyRequestSender - Using open Channel [id: 0x84245047, L:/127.0.0.1:58061 - R:localhost/127.0.0.1:35275] for GET '/session/70f9d5c627207b2dc49025ad5fdf1332/element/C4ED0F2164C625AFF34C313D26A35B2C_element_13/enabled'
15:27:42.807 [AsyncHttpClient-1-6] DEBUG org.asynchttpclient.netty.handler.HttpHandler - 

Request DefaultFullHttpRequest(decodeResult: success, version: HTTP/1.1, content: EmptyByteBufBE)
GET /session/70f9d5c627207b2dc49025ad5fdf1332/element/C4ED0F2164C625AFF34C313D26A35B2C_element_13/enabled HTTP/1.1
User-Agent: selenium/4.7.1 (java windows)
Cache-Control: no-cache
Content-Type: application/json; charset=utf-8
host: localhost:35275
accept: */*

Response DefaultHttpResponse(decodeResult: success, version: HTTP/1.1)
HTTP/1.1 200 OK
Content-Type: application/json; charset=utf-8
cache-control: no-cache
content-length: 14

15:27:42.808 [AsyncHttpClient-1-6] DEBUG org.asynchttpclient.netty.channel.ChannelManager - Adding key: http://localhost:35275 for channel [id: 0x84245047, L:/127.0.0.1:58061 - R:localhost/127.0.0.1:35275]
15:27:42.809 [Forwarding findElement on session 70f9d5c627207b2dc49025ad5fdf1332 to remote] DEBUG org.asynchttpclient.netty.request.NettyRequestSender - Using pooled Channel '[id: 0x84245047, L:/127.0.0.1:58061 - R:localhost/127.0.0.1:35275]' for 'POST' to 'http://localhost:35275/session/70f9d5c627207b2dc49025ad5fdf1332/element'
15:27:42.809 [Forwarding findElement on session 70f9d5c627207b2dc49025ad5fdf1332 to remote] DEBUG org.asynchttpclient.netty.request.NettyRequestSender - Using open Channel [id: 0x84245047, L:/127.0.0.1:58061 - R:localhost/127.0.0.1:35275] for POST '/session/70f9d5c627207b2dc49025ad5fdf1332/element'
15:27:42.829 [AsyncHttpClient-1-6] DEBUG org.asynchttpclient.netty.handler.HttpHandler - 

Request DefaultHttpRequest(decodeResult: success, version: HTTP/1.1)
POST /session/70f9d5c627207b2dc49025ad5fdf1332/element HTTP/1.1
User-Agent: selenium/4.7.1 (java windows)
Content-Length: 141
Content-Type: application/json; charset=utf-8
host: localhost:35275
accept: */*

Response DefaultHttpResponse(decodeResult: success, version: HTTP/1.1)
HTTP/1.1 200 OK
Content-Type: application/json; charset=utf-8
cache-control: no-cache
content-length: 95

15:27:42.829 [AsyncHttpClient-1-6] DEBUG org.asynchttpclient.netty.channel.ChannelManager - Adding key: http://localhost:35275 for channel [id: 0x84245047, L:/127.0.0.1:58061 - R:localhost/127.0.0.1:35275]
15:27:42.830 [Forwarding clickElement on session 70f9d5c627207b2dc49025ad5fdf1332 to remote] DEBUG org.asynchttpclient.netty.request.NettyRequestSender - Using pooled Channel '[id: 0x84245047, L:/127.0.0.1:58061 - R:localhost/127.0.0.1:35275]' for 'POST' to 'http://localhost:35275/session/70f9d5c627207b2dc49025ad5fdf1332/element/C4ED0F2164C625AFF34C313D26A35B2C_element_13/click'
15:27:42.830 [Forwarding clickElement on session 70f9d5c627207b2dc49025ad5fdf1332 to remote] DEBUG org.asynchttpclient.netty.request.NettyRequestSender - Using open Channel [id: 0x84245047, L:/127.0.0.1:58061 - R:localhost/127.0.0.1:35275] for POST '/session/70f9d5c627207b2dc49025ad5fdf1332/element/C4ED0F2164C625AFF34C313D26A35B2C_element_13/click'
15:27:42.910 [AsyncHttpClient-1-6] DEBUG org.asynchttpclient.netty.handler.HttpHandler - 

Request DefaultHttpRequest(decodeResult: success, version: HTTP/1.1)
POST /session/70f9d5c627207b2dc49025ad5fdf1332/element/C4ED0F2164C625AFF34C313D26A35B2C_element_13/click HTTP/1.1
User-Agent: selenium/4.7.1 (java windows)
Content-Length: 57
Content-Type: application/json; charset=utf-8
host: localhost:35275
accept: */*

Response DefaultHttpResponse(decodeResult: success, version: HTTP/1.1)
HTTP/1.1 200 OK
Content-Type: application/json; charset=utf-8
cache-control: no-cache
content-length: 14

15:27:42.910 [AsyncHttpClient-1-6] DEBUG org.asynchttpclient.netty.channel.ChannelManager - Adding key: http://localhost:35275 for channel [id: 0x84245047, L:/127.0.0.1:58061 - R:localhost/127.0.0.1:35275]
15:27:42.917 [Forwarding getCurrentWindowHandle on session 70f9d5c627207b2dc49025ad5fdf1332 to remote] DEBUG org.asynchttpclient.netty.request.NettyRequestSender - Using pooled Channel '[id: 0x84245047, L:/127.0.0.1:58061 - R:localhost/127.0.0.1:35275]' for 'GET' to 'http://localhost:35275/session/70f9d5c627207b2dc49025ad5fdf1332/window'
15:27:42.917 [Forwarding getCurrentWindowHandle on session 70f9d5c627207b2dc49025ad5fdf1332 to remote] DEBUG org.asynchttpclient.netty.request.NettyRequestSender - Using open Channel [id: 0x84245047, L:/127.0.0.1:58061 - R:localhost/127.0.0.1:35275] for GET '/session/70f9d5c627207b2dc49025ad5fdf1332/window'
15:27:42.919 [AsyncHttpClient-1-6] DEBUG org.asynchttpclient.netty.handler.HttpHandler - 

Request DefaultFullHttpRequest(decodeResult: success, version: HTTP/1.1, content: EmptyByteBufBE)
GET /session/70f9d5c627207b2dc49025ad5fdf1332/window HTTP/1.1
User-Agent: selenium/4.7.1 (java windows)
Cache-Control: no-cache
Content-Type: application/json; charset=utf-8
host: localhost:35275
accept: */*

Response DefaultHttpResponse(decodeResult: success, version: HTTP/1.1)
HTTP/1.1 200 OK
Content-Type: application/json; charset=utf-8
cache-control: no-cache
content-length: 44

15:27:42.919 [AsyncHttpClient-1-6] DEBUG org.asynchttpclient.netty.channel.ChannelManager - Adding key: http://localhost:35275 for channel [id: 0x84245047, L:/127.0.0.1:58061 - R:localhost/127.0.0.1:35275]
15:27:42.921 [Forwarding getAlertText on session 70f9d5c627207b2dc49025ad5fdf1332 to remote] DEBUG org.asynchttpclient.netty.request.NettyRequestSender - Using pooled Channel '[id: 0x84245047, L:/127.0.0.1:58061 - R:localhost/127.0.0.1:35275]' for 'GET' to 'http://localhost:35275/session/70f9d5c627207b2dc49025ad5fdf1332/alert/text'
15:27:42.921 [Forwarding getAlertText on session 70f9d5c627207b2dc49025ad5fdf1332 to remote] DEBUG org.asynchttpclient.netty.request.NettyRequestSender - Using open Channel [id: 0x84245047, L:/127.0.0.1:58061 - R:localhost/127.0.0.1:35275] for GET '/session/70f9d5c627207b2dc49025ad5fdf1332/alert/text'
15:27:42.923 [AsyncHttpClient-1-6] DEBUG org.asynchttpclient.netty.handler.HttpHandler - 

Request DefaultFullHttpRequest(decodeResult: success, version: HTTP/1.1, content: EmptyByteBufBE)
GET /session/70f9d5c627207b2dc49025ad5fdf1332/alert/text HTTP/1.1
User-Agent: selenium/4.7.1 (java windows)
Cache-Control: no-cache
Content-Type: application/json; charset=utf-8
host: localhost:35275
accept: */*

Response DefaultHttpResponse(decodeResult: success, version: HTTP/1.1)
HTTP/1.1 404 Not Found
Content-Type: application/json; charset=utf-8
cache-control: no-cache
content-length: 820

15:27:42.924 [AsyncHttpClient-1-6] DEBUG org.asynchttpclient.netty.channel.ChannelManager - Adding key: http://localhost:35275 for channel [id: 0x84245047, L:/127.0.0.1:58061 - R:localhost/127.0.0.1:35275]
15:27:42.925 [Forwarding switchToWindow on session 70f9d5c627207b2dc49025ad5fdf1332 to remote] DEBUG org.asynchttpclient.netty.request.NettyRequestSender - Using pooled Channel '[id: 0x84245047, L:/127.0.0.1:58061 - R:localhost/127.0.0.1:35275]' for 'POST' to 'http://localhost:35275/session/70f9d5c627207b2dc49025ad5fdf1332/window'
15:27:42.925 [Forwarding switchToWindow on session 70f9d5c627207b2dc49025ad5fdf1332 to remote] DEBUG org.asynchttpclient.netty.request.NettyRequestSender - Using open Channel [id: 0x84245047, L:/127.0.0.1:58061 - R:localhost/127.0.0.1:35275] for POST '/session/70f9d5c627207b2dc49025ad5fdf1332/window'
15:27:42.927 [AsyncHttpClient-1-6] DEBUG org.asynchttpclient.netty.handler.HttpHandler - 

Request DefaultHttpRequest(decodeResult: success, version: HTTP/1.1)
POST /session/70f9d5c627207b2dc49025ad5fdf1332/window HTTP/1.1
User-Agent: selenium/4.7.1 (java windows)
Content-Length: 50
Content-Type: application/json; charset=utf-8
host: localhost:35275
accept: */*

Response DefaultHttpResponse(decodeResult: success, version: HTTP/1.1)
HTTP/1.1 200 OK
Content-Type: application/json; charset=utf-8
cache-control: no-cache
content-length: 14

15:27:42.927 [AsyncHttpClient-1-6] DEBUG org.asynchttpclient.netty.channel.ChannelManager - Adding key: http://localhost:35275 for channel [id: 0x84245047, L:/127.0.0.1:58061 - R:localhost/127.0.0.1:35275]
15:27:42.927 [Forwarding getCurrentUrl on session 70f9d5c627207b2dc49025ad5fdf1332 to remote] DEBUG org.asynchttpclient.netty.request.NettyRequestSender - Using pooled Channel '[id: 0x84245047, L:/127.0.0.1:58061 - R:localhost/127.0.0.1:35275]' for 'GET' to 'http://localhost:35275/session/70f9d5c627207b2dc49025ad5fdf1332/url'
15:27:42.928 [Forwarding getCurrentUrl on session 70f9d5c627207b2dc49025ad5fdf1332 to remote] DEBUG org.asynchttpclient.netty.request.NettyRequestSender - Using open Channel [id: 0x84245047, L:/127.0.0.1:58061 - R:localhost/127.0.0.1:35275] for GET '/session/70f9d5c627207b2dc49025ad5fdf1332/url'
15:27:42.936 [AsyncHttpClient-1-6] DEBUG org.asynchttpclient.netty.handler.HttpHandler - 

Request DefaultFullHttpRequest(decodeResult: success, version: HTTP/1.1, content: EmptyByteBufBE)
GET /session/70f9d5c627207b2dc49025ad5fdf1332/url HTTP/1.1
User-Agent: selenium/4.7.1 (java windows)
Cache-Control: no-cache
Content-Type: application/json; charset=utf-8
host: localhost:35275
accept: */*

Response DefaultHttpResponse(decodeResult: success, version: HTTP/1.1)
HTTP/1.1 200 OK
Content-Type: application/json; charset=utf-8
cache-control: no-cache
content-length: 51

15:27:42.936 [AsyncHttpClient-1-6] DEBUG org.asynchttpclient.netty.channel.ChannelManager - Adding key: http://localhost:35275 for channel [id: 0x84245047, L:/127.0.0.1:58061 - R:localhost/127.0.0.1:35275]
15:27:42.937 [Forwarding screenshot on session 70f9d5c627207b2dc49025ad5fdf1332 to remote] DEBUG org.asynchttpclient.netty.request.NettyRequestSender - Using pooled Channel '[id: 0x84245047, L:/127.0.0.1:58061 - R:localhost/127.0.0.1:35275]' for 'GET' to 'http://localhost:35275/session/70f9d5c627207b2dc49025ad5fdf1332/screenshot'
15:27:42.937 [Forwarding screenshot on session 70f9d5c627207b2dc49025ad5fdf1332 to remote] DEBUG org.asynchttpclient.netty.request.NettyRequestSender - Using open Channel [id: 0x84245047, L:/127.0.0.1:58061 - R:localhost/127.0.0.1:35275] for GET '/session/70f9d5c627207b2dc49025ad5fdf1332/screenshot'
15:27:43.150 [AsyncHttpClient-1-1] DEBUG org.asynchttpclient.netty.channel.DefaultChannelPool - Entry count for : http://localhost:58062 : 1
15:27:44.248 [AsyncHttpClient-1-1] DEBUG org.asynchttpclient.netty.channel.DefaultChannelPool - Entry count for : http://localhost:58062 : 1
15:27:44.726 [AsyncHttpClient-1-6] DEBUG org.asynchttpclient.netty.handler.HttpHandler - 

Request DefaultFullHttpRequest(decodeResult: success, version: HTTP/1.1, content: EmptyByteBufBE)
GET /session/70f9d5c627207b2dc49025ad5fdf1332/screenshot HTTP/1.1
User-Agent: selenium/4.7.1 (java windows)
Cache-Control: no-cache
Content-Type: application/json; charset=utf-8
host: localhost:35275
accept: */*

Response DefaultHttpResponse(decodeResult: success, version: HTTP/1.1)
HTTP/1.1 200 OK
Content-Type: application/json; charset=utf-8
cache-control: no-cache
content-length: 29380

15:27:44.727 [AsyncHttpClient-1-6] DEBUG org.asynchttpclient.netty.channel.ChannelManager - Adding key: http://localhost:35275 for channel [id: 0x84245047, L:/127.0.0.1:58061 - R:localhost/127.0.0.1:35275]
15:27:44.728 [main] DEBUG net.serenitybdd.core.photography.Darkroom - Send negative for processing for target\site\serenity\2c5f84a73b32d9b6c8137d2b7ef483ae4a3b4901941108897312b83f93c6210b.png
15:27:44.729 [Darkroom Processing Line] DEBUG net.serenitybdd.core.photography.DarkroomProcessingLine - Processing screenshot image in /var/screenshots/screenshot-13440489276133362199
15:27:44.729 [main] DEBUG net.thucydides.core.steps.StepInterceptor - STEP DONE: klikButtonLoginKedua
15:27:44.729 [Darkroom Processing Line] DEBUG net.serenitybdd.core.photography.DarkroomProcessingLine - Saving screenshot to target\site\serenity\2c5f84a73b32d9b6c8137d2b7ef483ae4a3b4901941108897312b83f93c6210b.png
  &amp#27;[32mGiven &amp#27;[0m&amp#27;[32muser berada di Homepage AltaShop dan login akun&amp#27;[0m &amp#27;[90m# starter.stepdefinitions.TransaksiSteps.userBeradaDiHomepageAltaShopDanLoginAkun()&amp#27;[0m
15:27:44.744 [main] DEBUG net.thucydides.core.steps.StepInterceptor - STARTING STEP: TransaksiSteps.userKlikLogoUser - klikLogoUser
15:27:44.746 [Forwarding findElement on session 70f9d5c627207b2dc49025ad5fdf1332 to remote] DEBUG org.asynchttpclient.netty.request.NettyRequestSender - Using pooled Channel '[id: 0x84245047, L:/127.0.0.1:58061 - R:localhost/127.0.0.1:35275]' for 'POST' to 'http://localhost:35275/session/70f9d5c627207b2dc49025ad5fdf1332/element'
15:27:44.747 [Forwarding findElement on session 70f9d5c627207b2dc49025ad5fdf1332 to remote] DEBUG org.asynchttpclient.netty.request.NettyRequestSender - Using open Channel [id: 0x84245047, L:/127.0.0.1:58061 - R:localhost/127.0.0.1:35275] for POST '/session/70f9d5c627207b2dc49025ad5fdf1332/element'
15:27:44.766 [AsyncHttpClient-1-6] DEBUG org.asynchttpclient.netty.handler.HttpHandler - 

Request DefaultHttpRequest(decodeResult: success, version: HTTP/1.1)
POST /session/70f9d5c627207b2dc49025ad5fdf1332/element HTTP/1.1
User-Agent: selenium/4.7.1 (java windows)
Content-Length: 131
Content-Type: application/json; charset=utf-8
host: localhost:35275
accept: */*

Response DefaultHttpResponse(decodeResult: success, version: HTTP/1.1)
HTTP/1.1 200 OK
Content-Type: application/json; charset=utf-8
cache-control: no-cache
content-length: 95

15:27:44.766 [AsyncHttpClient-1-6] DEBUG org.asynchttpclient.netty.channel.ChannelManager - Adding key: http://localhost:35275 for channel [id: 0x84245047, L:/127.0.0.1:58061 - R:localhost/127.0.0.1:35275]
15:27:44.768 [Forwarding getElementTagName on session 70f9d5c627207b2dc49025ad5fdf1332 to remote] DEBUG org.asynchttpclient.netty.request.NettyRequestSender - Using pooled Channel '[id: 0x84245047, L:/127.0.0.1:58061 - R:localhost/127.0.0.1:35275]' for 'GET' to 'http://localhost:35275/session/70f9d5c627207b2dc49025ad5fdf1332/element/C4ED0F2164C625AFF34C313D26A35B2C_element_16/name'
15:27:44.768 [Forwarding getElementTagName on session 70f9d5c627207b2dc49025ad5fdf1332 to remote] DEBUG org.asynchttpclient.netty.request.NettyRequestSender - Using open Channel [id: 0x84245047, L:/127.0.0.1:58061 - R:localhost/127.0.0.1:35275] for GET '/session/70f9d5c627207b2dc49025ad5fdf1332/element/C4ED0F2164C625AFF34C313D26A35B2C_element_16/name'
15:27:44.777 [AsyncHttpClient-1-6] DEBUG org.asynchttpclient.netty.handler.HttpHandler - 

Request DefaultFullHttpRequest(decodeResult: success, version: HTTP/1.1, content: EmptyByteBufBE)
GET /session/70f9d5c627207b2dc49025ad5fdf1332/element/C4ED0F2164C625AFF34C313D26A35B2C_element_16/name HTTP/1.1
User-Agent: selenium/4.7.1 (java windows)
Cache-Control: no-cache
Content-Type: application/json; charset=utf-8
host: localhost:35275
accept: */*

Response DefaultHttpResponse(decodeResult: success, version: HTTP/1.1)
HTTP/1.1 200 OK
Content-Type: application/json; charset=utf-8
cache-control: no-cache
content-length: 13

15:27:44.777 [AsyncHttpClient-1-6] DEBUG org.asynchttpclient.netty.channel.ChannelManager - Adding key: http://localhost:35275 for channel [id: 0x84245047, L:/127.0.0.1:58061 - R:localhost/127.0.0.1:35275]
15:27:44.785 [Forwarding getElementTagName on session 70f9d5c627207b2dc49025ad5fdf1332 to remote] DEBUG org.asynchttpclient.netty.request.NettyRequestSender - Using pooled Channel '[id: 0x84245047, L:/127.0.0.1:58061 - R:localhost/127.0.0.1:35275]' for 'GET' to 'http://localhost:35275/session/70f9d5c627207b2dc49025ad5fdf1332/element/C4ED0F2164C625AFF34C313D26A35B2C_element_16/name'
15:27:44.786 [Forwarding getElementTagName on session 70f9d5c627207b2dc49025ad5fdf1332 to remote] DEBUG org.asynchttpclient.netty.request.NettyRequestSender - Using open Channel [id: 0x84245047, L:/127.0.0.1:58061 - R:localhost/127.0.0.1:35275] for GET '/session/70f9d5c627207b2dc49025ad5fdf1332/element/C4ED0F2164C625AFF34C313D26A35B2C_element_16/name'
15:27:44.792 [AsyncHttpClient-1-6] DEBUG org.asynchttpclient.netty.handler.HttpHandler - 

Request DefaultFullHttpRequest(decodeResult: success, version: HTTP/1.1, content: EmptyByteBufBE)
GET /session/70f9d5c627207b2dc49025ad5fdf1332/element/C4ED0F2164C625AFF34C313D26A35B2C_element_16/name HTTP/1.1
User-Agent: selenium/4.7.1 (java windows)
Cache-Control: no-cache
Content-Type: application/json; charset=utf-8
host: localhost:35275
accept: */*

Response DefaultHttpResponse(decodeResult: success, version: HTTP/1.1)
HTTP/1.1 200 OK
Content-Type: application/json; charset=utf-8
cache-control: no-cache
content-length: 13

15:27:44.792 [AsyncHttpClient-1-6] DEBUG org.asynchttpclient.netty.channel.ChannelManager - Adding key: http://localhost:35275 for channel [id: 0x84245047, L:/127.0.0.1:58061 - R:localhost/127.0.0.1:35275]
15:27:44.794 [Forwarding findElement on session 70f9d5c627207b2dc49025ad5fdf1332 to remote] DEBUG org.asynchttpclient.netty.request.NettyRequestSender - Using pooled Channel '[id: 0x84245047, L:/127.0.0.1:58061 - R:localhost/127.0.0.1:35275]' for 'POST' to 'http://localhost:35275/session/70f9d5c627207b2dc49025ad5fdf1332/element'
15:27:44.794 [Forwarding findElement on session 70f9d5c627207b2dc49025ad5fdf1332 to remote] DEBUG org.asynchttpclient.netty.request.NettyRequestSender - Using open Channel [id: 0x84245047, L:/127.0.0.1:58061 - R:localhost/127.0.0.1:35275] for POST '/session/70f9d5c627207b2dc49025ad5fdf1332/element'
15:27:44.806 [AsyncHttpClient-1-6] DEBUG org.asynchttpclient.netty.handler.HttpHandler - 

Request DefaultHttpRequest(decodeResult: success, version: HTTP/1.1)
POST /session/70f9d5c627207b2dc49025ad5fdf1332/element HTTP/1.1
User-Agent: selenium/4.7.1 (java windows)
Content-Length: 131
Content-Type: application/json; charset=utf-8
host: localhost:35275
accept: */*

Response DefaultHttpResponse(decodeResult: success, version: HTTP/1.1)
HTTP/1.1 200 OK
Content-Type: application/json; charset=utf-8
cache-control: no-cache
content-length: 95

15:27:44.806 [AsyncHttpClient-1-6] DEBUG org.asynchttpclient.netty.channel.ChannelManager - Adding key: http://localhost:35275 for channel [id: 0x84245047, L:/127.0.0.1:58061 - R:localhost/127.0.0.1:35275]
15:27:44.807 [Forwarding clickElement on session 70f9d5c627207b2dc49025ad5fdf1332 to remote] DEBUG org.asynchttpclient.netty.request.NettyRequestSender - Using pooled Channel '[id: 0x84245047, L:/127.0.0.1:58061 - R:localhost/127.0.0.1:35275]' for 'POST' to 'http://localhost:35275/session/70f9d5c627207b2dc49025ad5fdf1332/element/C4ED0F2164C625AFF34C313D26A35B2C_element_16/click'
15:27:44.807 [Forwarding clickElement on session 70f9d5c627207b2dc49025ad5fdf1332 to remote] DEBUG org.asynchttpclient.netty.request.NettyRequestSender - Using open Channel [id: 0x84245047, L:/127.0.0.1:58061 - R:localhost/127.0.0.1:35275] for POST '/session/70f9d5c627207b2dc49025ad5fdf1332/element/C4ED0F2164C625AFF34C313D26A35B2C_element_16/click'
15:27:44.860 [AsyncHttpClient-1-6] DEBUG org.asynchttpclient.netty.handler.HttpHandler - 

Request DefaultHttpRequest(decodeResult: success, version: HTTP/1.1)
POST /session/70f9d5c627207b2dc49025ad5fdf1332/element/C4ED0F2164C625AFF34C313D26A35B2C_element_16/click HTTP/1.1
User-Agent: selenium/4.7.1 (java windows)
Content-Length: 57
Content-Type: application/json; charset=utf-8
host: localhost:35275
accept: */*

Response DefaultHttpResponse(decodeResult: success, version: HTTP/1.1)
HTTP/1.1 200 OK
Content-Type: application/json; charset=utf-8
cache-control: no-cache
content-length: 14

15:27:44.861 [AsyncHttpClient-1-6] DEBUG org.asynchttpclient.netty.channel.ChannelManager - Adding key: http://localhost:35275 for channel [id: 0x84245047, L:/127.0.0.1:58061 - R:localhost/127.0.0.1:35275]
15:27:44.867 [Forwarding getCurrentWindowHandle on session 70f9d5c627207b2dc49025ad5fdf1332 to remote] DEBUG org.asynchttpclient.netty.request.NettyRequestSender - Using pooled Channel '[id: 0x84245047, L:/127.0.0.1:58061 - R:localhost/127.0.0.1:35275]' for 'GET' to 'http://localhost:35275/session/70f9d5c627207b2dc49025ad5fdf1332/window'
15:27:44.867 [Forwarding getCurrentWindowHandle on session 70f9d5c627207b2dc49025ad5fdf1332 to remote] DEBUG org.asynchttpclient.netty.request.NettyRequestSender - Using open Channel [id: 0x84245047, L:/127.0.0.1:58061 - R:localhost/127.0.0.1:35275] for GET '/session/70f9d5c627207b2dc49025ad5fdf1332/window'
15:27:44.868 [AsyncHttpClient-1-6] DEBUG org.asynchttpclient.netty.handler.HttpHandler - 

Request DefaultFullHttpRequest(decodeResult: success, version: HTTP/1.1, content: EmptyByteBufBE)
GET /session/70f9d5c627207b2dc49025ad5fdf1332/window HTTP/1.1
User-Agent: selenium/4.7.1 (java windows)
Cache-Control: no-cache
Content-Type: application/json; charset=utf-8
host: localhost:35275
accept: */*

Response DefaultHttpResponse(decodeResult: success, version: HTTP/1.1)
HTTP/1.1 200 OK
Content-Type: application/json; charset=utf-8
cache-control: no-cache
content-length: 44

15:27:44.868 [AsyncHttpClient-1-6] DEBUG org.asynchttpclient.netty.channel.ChannelManager - Adding key: http://localhost:35275 for channel [id: 0x84245047, L:/127.0.0.1:58061 - R:localhost/127.0.0.1:35275]
15:27:44.869 [Forwarding getAlertText on session 70f9d5c627207b2dc49025ad5fdf1332 to remote] DEBUG org.asynchttpclient.netty.request.NettyRequestSender - Using pooled Channel '[id: 0x84245047, L:/127.0.0.1:58061 - R:localhost/127.0.0.1:35275]' for 'GET' to 'http://localhost:35275/session/70f9d5c627207b2dc49025ad5fdf1332/alert/text'
15:27:44.869 [Forwarding getAlertText on session 70f9d5c627207b2dc49025ad5fdf1332 to remote] DEBUG org.asynchttpclient.netty.request.NettyRequestSender - Using open Channel [id: 0x84245047, L:/127.0.0.1:58061 - R:localhost/127.0.0.1:35275] for GET '/session/70f9d5c627207b2dc49025ad5fdf1332/alert/text'
15:27:44.871 [AsyncHttpClient-1-6] DEBUG org.asynchttpclient.netty.handler.HttpHandler - 

Request DefaultFullHttpRequest(decodeResult: success, version: HTTP/1.1, content: EmptyByteBufBE)
GET /session/70f9d5c627207b2dc49025ad5fdf1332/alert/text HTTP/1.1
User-Agent: selenium/4.7.1 (java windows)
Cache-Control: no-cache
Content-Type: application/json; charset=utf-8
host: localhost:35275
accept: */*

Response DefaultHttpResponse(decodeResult: success, version: HTTP/1.1)
HTTP/1.1 404 Not Found
Content-Type: application/json; charset=utf-8
cache-control: no-cache
content-length: 820

15:27:44.871 [AsyncHttpClient-1-6] DEBUG org.asynchttpclient.netty.channel.ChannelManager - Adding key: http://localhost:35275 for channel [id: 0x84245047, L:/127.0.0.1:58061 - R:localhost/127.0.0.1:35275]
15:27:44.873 [Forwarding switchToWindow on session 70f9d5c627207b2dc49025ad5fdf1332 to remote] DEBUG org.asynchttpclient.netty.request.NettyRequestSender - Using pooled Channel '[id: 0x84245047, L:/127.0.0.1:58061 - R:localhost/127.0.0.1:35275]' for 'POST' to 'http://localhost:35275/session/70f9d5c627207b2dc49025ad5fdf1332/window'
15:27:44.873 [Forwarding switchToWindow on session 70f9d5c627207b2dc49025ad5fdf1332 to remote] DEBUG org.asynchttpclient.netty.request.NettyRequestSender - Using open Channel [id: 0x84245047, L:/127.0.0.1:58061 - R:localhost/127.0.0.1:35275] for POST '/session/70f9d5c627207b2dc49025ad5fdf1332/window'
15:27:44.875 [AsyncHttpClient-1-6] DEBUG org.asynchttpclient.netty.handler.HttpHandler - 

Request DefaultHttpRequest(decodeResult: success, version: HTTP/1.1)
POST /session/70f9d5c627207b2dc49025ad5fdf1332/window HTTP/1.1
User-Agent: selenium/4.7.1 (java windows)
Content-Length: 50
Content-Type: application/json; charset=utf-8
host: localhost:35275
accept: */*

Response DefaultHttpResponse(decodeResult: success, version: HTTP/1.1)
HTTP/1.1 200 OK
Content-Type: application/json; charset=utf-8
cache-control: no-cache
content-length: 14

15:27:44.875 [AsyncHttpClient-1-6] DEBUG org.asynchttpclient.netty.channel.ChannelManager - Adding key: http://localhost:35275 for channel [id: 0x84245047, L:/127.0.0.1:58061 - R:localhost/127.0.0.1:35275]
15:27:44.876 [Forwarding getCurrentUrl on session 70f9d5c627207b2dc49025ad5fdf1332 to remote] DEBUG org.asynchttpclient.netty.request.NettyRequestSender - Using pooled Channel '[id: 0x84245047, L:/127.0.0.1:58061 - R:localhost/127.0.0.1:35275]' for 'GET' to 'http://localhost:35275/session/70f9d5c627207b2dc49025ad5fdf1332/url'
15:27:44.876 [Forwarding getCurrentUrl on session 70f9d5c627207b2dc49025ad5fdf1332 to remote] DEBUG org.asynchttpclient.netty.request.NettyRequestSender - Using open Channel [id: 0x84245047, L:/127.0.0.1:58061 - R:localhost/127.0.0.1:35275] for GET '/session/70f9d5c627207b2dc49025ad5fdf1332/url'
15:27:44.884 [AsyncHttpClient-1-6] DEBUG org.asynchttpclient.netty.handler.HttpHandler - 

Request DefaultFullHttpRequest(decodeResult: success, version: HTTP/1.1, content: EmptyByteBufBE)
GET /session/70f9d5c627207b2dc49025ad5fdf1332/url HTTP/1.1
User-Agent: selenium/4.7.1 (java windows)
Cache-Control: no-cache
Content-Type: application/json; charset=utf-8
host: localhost:35275
accept: */*

Response DefaultHttpResponse(decodeResult: success, version: HTTP/1.1)
HTTP/1.1 200 OK
Content-Type: application/json; charset=utf-8
cache-control: no-cache
content-length: 41

15:27:44.885 [AsyncHttpClient-1-6] DEBUG org.asynchttpclient.netty.channel.ChannelManager - Adding key: http://localhost:35275 for channel [id: 0x84245047, L:/127.0.0.1:58061 - R:localhost/127.0.0.1:35275]
15:27:44.885 [Forwarding screenshot on session 70f9d5c627207b2dc49025ad5fdf1332 to remote] DEBUG org.asynchttpclient.netty.request.NettyRequestSender - Using pooled Channel '[id: 0x84245047, L:/127.0.0.1:58061 - R:localhost/127.0.0.1:35275]' for 'GET' to 'http://localhost:35275/session/70f9d5c627207b2dc49025ad5fdf1332/screenshot'
15:27:44.886 [Forwarding screenshot on session 70f9d5c627207b2dc49025ad5fdf1332 to remote] DEBUG org.asynchttpclient.netty.request.NettyRequestSender - Using open Channel [id: 0x84245047, L:/127.0.0.1:58061 - R:localhost/127.0.0.1:35275] for GET '/session/70f9d5c627207b2dc49025ad5fdf1332/screenshot'
15:27:44.987 [AsyncHttpClient-1-6] DEBUG org.asynchttpclient.netty.handler.HttpHandler - 

Request DefaultFullHttpRequest(decodeResult: success, version: HTTP/1.1, content: EmptyByteBufBE)
GET /session/70f9d5c627207b2dc49025ad5fdf1332/screenshot HTTP/1.1
User-Agent: selenium/4.7.1 (java windows)
Cache-Control: no-cache
Content-Type: application/json; charset=utf-8
host: localhost:35275
accept: */*

Response DefaultHttpResponse(decodeResult: success, version: HTTP/1.1)
HTTP/1.1 200 OK
Content-Type: application/json; charset=utf-8
cache-control: no-cache
content-length: 32092

15:27:44.987 [AsyncHttpClient-1-6] DEBUG org.asynchttpclient.netty.channel.ChannelManager - Adding key: http://localhost:35275 for channel [id: 0x84245047, L:/127.0.0.1:58061 - R:localhost/127.0.0.1:35275]
15:27:44.989 [main] DEBUG net.serenitybdd.core.photography.Darkroom - Send negative for processing for target\site\serenity\a64cbdfca15ffc6ba7709e2e9ec52aac071d2b9ddd49f1d9e35dab61e288606e.png
15:27:44.989 [main] DEBUG net.thucydides.core.steps.StepInterceptor - STEP DONE: klikLogoUser
15:27:44.989 [Darkroom Processing Line] DEBUG net.serenitybdd.core.photography.DarkroomProcessingLine - Processing screenshot image in /var/screenshots/screenshot-980248281012298552
15:27:44.989 [Darkroom Processing Line] DEBUG net.serenitybdd.core.photography.DarkroomProcessingLine - Saving screenshot to target\site\serenity\a64cbdfca15ffc6ba7709e2e9ec52aac071d2b9ddd49f1d9e35dab61e288606e.png
  &amp#27;[32mWhen &amp#27;[0m&amp#27;[32muser klik logo user&amp#27;[0m                              &amp#27;[90m# starter.stepdefinitions.TransaksiSteps.userKlikLogoUser()&amp#27;[0m
15:27:45.000 [main] DEBUG net.thucydides.core.steps.StepInterceptor - STARTING STEP: TransaksiSteps.userKlikTransaksi - klikRiwayatTransaksi
15:27:45.002 [Forwarding findElement on session 70f9d5c627207b2dc49025ad5fdf1332 to remote] DEBUG org.asynchttpclient.netty.request.NettyRequestSender - Using pooled Channel '[id: 0x84245047, L:/127.0.0.1:58061 - R:localhost/127.0.0.1:35275]' for 'POST' to 'http://localhost:35275/session/70f9d5c627207b2dc49025ad5fdf1332/element'
15:27:45.002 [Forwarding findElement on session 70f9d5c627207b2dc49025ad5fdf1332 to remote] DEBUG org.asynchttpclient.netty.request.NettyRequestSender - Using open Channel [id: 0x84245047, L:/127.0.0.1:58061 - R:localhost/127.0.0.1:35275] for POST '/session/70f9d5c627207b2dc49025ad5fdf1332/element'
15:27:45.019 [AsyncHttpClient-1-6] DEBUG org.asynchttpclient.netty.handler.HttpHandler - 

Request DefaultHttpRequest(decodeResult: success, version: HTTP/1.1)
POST /session/70f9d5c627207b2dc49025ad5fdf1332/element HTTP/1.1
User-Agent: selenium/4.7.1 (java windows)
Content-Length: 102
Content-Type: application/json; charset=utf-8
host: localhost:35275
accept: */*

Response DefaultHttpResponse(decodeResult: success, version: HTTP/1.1)
HTTP/1.1 200 OK
Content-Type: application/json; charset=utf-8
cache-control: no-cache
content-length: 95

15:27:45.019 [AsyncHttpClient-1-6] DEBUG org.asynchttpclient.netty.channel.ChannelManager - Adding key: http://localhost:35275 for channel [id: 0x84245047, L:/127.0.0.1:58061 - R:localhost/127.0.0.1:35275]
15:27:45.020 [Forwarding getElementTagName on session 70f9d5c627207b2dc49025ad5fdf1332 to remote] DEBUG org.asynchttpclient.netty.request.NettyRequestSender - Using pooled Channel '[id: 0x84245047, L:/127.0.0.1:58061 - R:localhost/127.0.0.1:35275]' for 'GET' to 'http://localhost:35275/session/70f9d5c627207b2dc49025ad5fdf1332/element/C4ED0F2164C625AFF34C313D26A35B2C_element_17/name'
15:27:45.020 [Forwarding getElementTagName on session 70f9d5c627207b2dc49025ad5fdf1332 to remote] DEBUG org.asynchttpclient.netty.request.NettyRequestSender - Using open Channel [id: 0x84245047, L:/127.0.0.1:58061 - R:localhost/127.0.0.1:35275] for GET '/session/70f9d5c627207b2dc49025ad5fdf1332/element/C4ED0F2164C625AFF34C313D26A35B2C_element_17/name'
15:27:45.027 [AsyncHttpClient-1-6] DEBUG org.asynchttpclient.netty.handler.HttpHandler - 

Request DefaultFullHttpRequest(decodeResult: success, version: HTTP/1.1, content: EmptyByteBufBE)
GET /session/70f9d5c627207b2dc49025ad5fdf1332/element/C4ED0F2164C625AFF34C313D26A35B2C_element_17/name HTTP/1.1
User-Agent: selenium/4.7.1 (java windows)
Cache-Control: no-cache
Content-Type: application/json; charset=utf-8
host: localhost:35275
accept: */*

Response DefaultHttpResponse(decodeResult: success, version: HTTP/1.1)
HTTP/1.1 200 OK
Content-Type: application/json; charset=utf-8
cache-control: no-cache
content-length: 15

15:27:45.027 [AsyncHttpClient-1-6] DEBUG org.asynchttpclient.netty.channel.ChannelManager - Adding key: http://localhost:35275 for channel [id: 0x84245047, L:/127.0.0.1:58061 - R:localhost/127.0.0.1:35275]
15:27:45.029 [Forwarding getElementTagName on session 70f9d5c627207b2dc49025ad5fdf1332 to remote] DEBUG org.asynchttpclient.netty.request.NettyRequestSender - Using pooled Channel '[id: 0x84245047, L:/127.0.0.1:58061 - R:localhost/127.0.0.1:35275]' for 'GET' to 'http://localhost:35275/session/70f9d5c627207b2dc49025ad5fdf1332/element/C4ED0F2164C625AFF34C313D26A35B2C_element_17/name'
15:27:45.029 [Forwarding getElementTagName on session 70f9d5c627207b2dc49025ad5fdf1332 to remote] DEBUG org.asynchttpclient.netty.request.NettyRequestSender - Using open Channel [id: 0x84245047, L:/127.0.0.1:58061 - R:localhost/127.0.0.1:35275] for GET '/session/70f9d5c627207b2dc49025ad5fdf1332/element/C4ED0F2164C625AFF34C313D26A35B2C_element_17/name'
15:27:45.036 [AsyncHttpClient-1-6] DEBUG org.asynchttpclient.netty.handler.HttpHandler - 

Request DefaultFullHttpRequest(decodeResult: success, version: HTTP/1.1, content: EmptyByteBufBE)
GET /session/70f9d5c627207b2dc49025ad5fdf1332/element/C4ED0F2164C625AFF34C313D26A35B2C_element_17/name HTTP/1.1
User-Agent: selenium/4.7.1 (java windows)
Cache-Control: no-cache
Content-Type: application/json; charset=utf-8
host: localhost:35275
accept: */*

Response DefaultHttpResponse(decodeResult: success, version: HTTP/1.1)
HTTP/1.1 200 OK
Content-Type: application/json; charset=utf-8
cache-control: no-cache
content-length: 15

15:27:45.036 [AsyncHttpClient-1-6] DEBUG org.asynchttpclient.netty.channel.ChannelManager - Adding key: http://localhost:35275 for channel [id: 0x84245047, L:/127.0.0.1:58061 - R:localhost/127.0.0.1:35275]
15:27:45.037 [Forwarding findElement on session 70f9d5c627207b2dc49025ad5fdf1332 to remote] DEBUG org.asynchttpclient.netty.request.NettyRequestSender - Using pooled Channel '[id: 0x84245047, L:/127.0.0.1:58061 - R:localhost/127.0.0.1:35275]' for 'POST' to 'http://localhost:35275/session/70f9d5c627207b2dc49025ad5fdf1332/element'
15:27:45.037 [Forwarding findElement on session 70f9d5c627207b2dc49025ad5fdf1332 to remote] DEBUG org.asynchttpclient.netty.request.NettyRequestSender - Using open Channel [id: 0x84245047, L:/127.0.0.1:58061 - R:localhost/127.0.0.1:35275] for POST '/session/70f9d5c627207b2dc49025ad5fdf1332/element'
15:27:45.047 [AsyncHttpClient-1-6] DEBUG org.asynchttpclient.netty.handler.HttpHandler - 

Request DefaultHttpRequest(decodeResult: success, version: HTTP/1.1)
POST /session/70f9d5c627207b2dc49025ad5fdf1332/element HTTP/1.1
User-Agent: selenium/4.7.1 (java windows)
Content-Length: 102
Content-Type: application/json; charset=utf-8
host: localhost:35275
accept: */*

Response DefaultHttpResponse(decodeResult: success, version: HTTP/1.1)
HTTP/1.1 200 OK
Content-Type: application/json; charset=utf-8
cache-control: no-cache
content-length: 95

15:27:45.047 [AsyncHttpClient-1-6] DEBUG org.asynchttpclient.netty.channel.ChannelManager - Adding key: http://localhost:35275 for channel [id: 0x84245047, L:/127.0.0.1:58061 - R:localhost/127.0.0.1:35275]
15:27:45.048 [Forwarding clickElement on session 70f9d5c627207b2dc49025ad5fdf1332 to remote] DEBUG org.asynchttpclient.netty.request.NettyRequestSender - Using pooled Channel '[id: 0x84245047, L:/127.0.0.1:58061 - R:localhost/127.0.0.1:35275]' for 'POST' to 'http://localhost:35275/session/70f9d5c627207b2dc49025ad5fdf1332/element/C4ED0F2164C625AFF34C313D26A35B2C_element_17/click'
15:27:45.048 [Forwarding clickElement on session 70f9d5c627207b2dc49025ad5fdf1332 to remote] DEBUG org.asynchttpclient.netty.request.NettyRequestSender - Using open Channel [id: 0x84245047, L:/127.0.0.1:58061 - R:localhost/127.0.0.1:35275] for POST '/session/70f9d5c627207b2dc49025ad5fdf1332/element/C4ED0F2164C625AFF34C313D26A35B2C_element_17/click'
15:27:45.108 [AsyncHttpClient-1-6] DEBUG org.asynchttpclient.netty.handler.HttpHandler - 

Request DefaultHttpRequest(decodeResult: success, version: HTTP/1.1)
POST /session/70f9d5c627207b2dc49025ad5fdf1332/element/C4ED0F2164C625AFF34C313D26A35B2C_element_17/click HTTP/1.1
User-Agent: selenium/4.7.1 (java windows)
Content-Length: 57
Content-Type: application/json; charset=utf-8
host: localhost:35275
accept: */*

Response DefaultHttpResponse(decodeResult: success, version: HTTP/1.1)
HTTP/1.1 200 OK
Content-Type: application/json; charset=utf-8
cache-control: no-cache
content-length: 14

15:27:45.108 [AsyncHttpClient-1-6] DEBUG org.asynchttpclient.netty.channel.ChannelManager - Adding key: http://localhost:35275 for channel [id: 0x84245047, L:/127.0.0.1:58061 - R:localhost/127.0.0.1:35275]
15:27:45.117 [Forwarding getCurrentWindowHandle on session 70f9d5c627207b2dc49025ad5fdf1332 to remote] DEBUG org.asynchttpclient.netty.request.NettyRequestSender - Using pooled Channel '[id: 0x84245047, L:/127.0.0.1:58061 - R:localhost/127.0.0.1:35275]' for 'GET' to 'http://localhost:35275/session/70f9d5c627207b2dc49025ad5fdf1332/window'
15:27:45.117 [Forwarding getCurrentWindowHandle on session 70f9d5c627207b2dc49025ad5fdf1332 to remote] DEBUG org.asynchttpclient.netty.request.NettyRequestSender - Using open Channel [id: 0x84245047, L:/127.0.0.1:58061 - R:localhost/127.0.0.1:35275] for GET '/session/70f9d5c627207b2dc49025ad5fdf1332/window'
15:27:45.119 [AsyncHttpClient-1-6] DEBUG org.asynchttpclient.netty.handler.HttpHandler - 

Request DefaultFullHttpRequest(decodeResult: success, version: HTTP/1.1, content: EmptyByteBufBE)
GET /session/70f9d5c627207b2dc49025ad5fdf1332/window HTTP/1.1
User-Agent: selenium/4.7.1 (java windows)
Cache-Control: no-cache
Content-Type: application/json; charset=utf-8
host: localhost:35275
accept: */*

Response DefaultHttpResponse(decodeResult: success, version: HTTP/1.1)
HTTP/1.1 200 OK
Content-Type: application/json; charset=utf-8
cache-control: no-cache
content-length: 44

15:27:45.119 [AsyncHttpClient-1-6] DEBUG org.asynchttpclient.netty.channel.ChannelManager - Adding key: http://localhost:35275 for channel [id: 0x84245047, L:/127.0.0.1:58061 - R:localhost/127.0.0.1:35275]
15:27:45.120 [Forwarding getAlertText on session 70f9d5c627207b2dc49025ad5fdf1332 to remote] DEBUG org.asynchttpclient.netty.request.NettyRequestSender - Using pooled Channel '[id: 0x84245047, L:/127.0.0.1:58061 - R:localhost/127.0.0.1:35275]' for 'GET' to 'http://localhost:35275/session/70f9d5c627207b2dc49025ad5fdf1332/alert/text'
15:27:45.121 [Forwarding getAlertText on session 70f9d5c627207b2dc49025ad5fdf1332 to remote] DEBUG org.asynchttpclient.netty.request.NettyRequestSender - Using open Channel [id: 0x84245047, L:/127.0.0.1:58061 - R:localhost/127.0.0.1:35275] for GET '/session/70f9d5c627207b2dc49025ad5fdf1332/alert/text'
15:27:45.155 [AsyncHttpClient-1-6] DEBUG org.asynchttpclient.netty.handler.HttpHandler - 

Request DefaultFullHttpRequest(decodeResult: success, version: HTTP/1.1, content: EmptyByteBufBE)
GET /session/70f9d5c627207b2dc49025ad5fdf1332/alert/text HTTP/1.1
User-Agent: selenium/4.7.1 (java windows)
Cache-Control: no-cache
Content-Type: application/json; charset=utf-8
host: localhost:35275
accept: */*

Response DefaultHttpResponse(decodeResult: success, version: HTTP/1.1)
HTTP/1.1 404 Not Found
Content-Type: application/json; charset=utf-8
cache-control: no-cache
content-length: 820

15:27:45.156 [AsyncHttpClient-1-6] DEBUG org.asynchttpclient.netty.channel.ChannelManager - Adding key: http://localhost:35275 for channel [id: 0x84245047, L:/127.0.0.1:58061 - R:localhost/127.0.0.1:35275]
15:27:45.158 [Forwarding switchToWindow on session 70f9d5c627207b2dc49025ad5fdf1332 to remote] DEBUG org.asynchttpclient.netty.request.NettyRequestSender - Using pooled Channel '[id: 0x84245047, L:/127.0.0.1:58061 - R:localhost/127.0.0.1:35275]' for 'POST' to 'http://localhost:35275/session/70f9d5c627207b2dc49025ad5fdf1332/window'
15:27:45.158 [Forwarding switchToWindow on session 70f9d5c627207b2dc49025ad5fdf1332 to remote] DEBUG org.asynchttpclient.netty.request.NettyRequestSender - Using open Channel [id: 0x84245047, L:/127.0.0.1:58061 - R:localhost/127.0.0.1:35275] for POST '/session/70f9d5c627207b2dc49025ad5fdf1332/window'
15:27:45.160 [AsyncHttpClient-1-6] DEBUG org.asynchttpclient.netty.handler.HttpHandler - 

Request DefaultHttpRequest(decodeResult: success, version: HTTP/1.1)
POST /session/70f9d5c627207b2dc49025ad5fdf1332/window HTTP/1.1
User-Agent: selenium/4.7.1 (java windows)
Content-Length: 50
Content-Type: application/json; charset=utf-8
host: localhost:35275
accept: */*

Response DefaultHttpResponse(decodeResult: success, version: HTTP/1.1)
HTTP/1.1 200 OK
Content-Type: application/json; charset=utf-8
cache-control: no-cache
content-length: 14

15:27:45.160 [AsyncHttpClient-1-6] DEBUG org.asynchttpclient.netty.channel.ChannelManager - Adding key: http://localhost:35275 for channel [id: 0x84245047, L:/127.0.0.1:58061 - R:localhost/127.0.0.1:35275]
15:27:45.160 [Forwarding getCurrentUrl on session 70f9d5c627207b2dc49025ad5fdf1332 to remote] DEBUG org.asynchttpclient.netty.request.NettyRequestSender - Using pooled Channel '[id: 0x84245047, L:/127.0.0.1:58061 - R:localhost/127.0.0.1:35275]' for 'GET' to 'http://localhost:35275/session/70f9d5c627207b2dc49025ad5fdf1332/url'
15:27:45.160 [Forwarding getCurrentUrl on session 70f9d5c627207b2dc49025ad5fdf1332 to remote] DEBUG org.asynchttpclient.netty.request.NettyRequestSender - Using open Channel [id: 0x84245047, L:/127.0.0.1:58061 - R:localhost/127.0.0.1:35275] for GET '/session/70f9d5c627207b2dc49025ad5fdf1332/url'
15:27:45.176 [AsyncHttpClient-1-6] DEBUG org.asynchttpclient.netty.handler.HttpHandler - 

Request DefaultFullHttpRequest(decodeResult: success, version: HTTP/1.1, content: EmptyByteBufBE)
GET /session/70f9d5c627207b2dc49025ad5fdf1332/url HTTP/1.1
User-Agent: selenium/4.7.1 (java windows)
Cache-Control: no-cache
Content-Type: application/json; charset=utf-8
host: localhost:35275
accept: */*

Response DefaultHttpResponse(decodeResult: success, version: HTTP/1.1)
HTTP/1.1 200 OK
Content-Type: application/json; charset=utf-8
cache-control: no-cache
content-length: 52

15:27:45.176 [AsyncHttpClient-1-6] DEBUG org.asynchttpclient.netty.channel.ChannelManager - Adding key: http://localhost:35275 for channel [id: 0x84245047, L:/127.0.0.1:58061 - R:localhost/127.0.0.1:35275]
15:27:45.176 [Forwarding screenshot on session 70f9d5c627207b2dc49025ad5fdf1332 to remote] DEBUG org.asynchttpclient.netty.request.NettyRequestSender - Using pooled Channel '[id: 0x84245047, L:/127.0.0.1:58061 - R:localhost/127.0.0.1:35275]' for 'GET' to 'http://localhost:35275/session/70f9d5c627207b2dc49025ad5fdf1332/screenshot'
15:27:45.176 [Forwarding screenshot on session 70f9d5c627207b2dc49025ad5fdf1332 to remote] DEBUG org.asynchttpclient.netty.request.NettyRequestSender - Using open Channel [id: 0x84245047, L:/127.0.0.1:58061 - R:localhost/127.0.0.1:35275] for GET '/session/70f9d5c627207b2dc49025ad5fdf1332/screenshot'
15:27:45.303 [AsyncHttpClient-1-6] DEBUG org.asynchttpclient.netty.handler.HttpHandler - 

Request DefaultFullHttpRequest(decodeResult: success, version: HTTP/1.1, content: EmptyByteBufBE)
GET /session/70f9d5c627207b2dc49025ad5fdf1332/screenshot HTTP/1.1
User-Agent: selenium/4.7.1 (java windows)
Cache-Control: no-cache
Content-Type: application/json; charset=utf-8
host: localhost:35275
accept: */*

Response DefaultHttpResponse(decodeResult: success, version: HTTP/1.1)
HTTP/1.1 200 OK
Content-Type: application/json; charset=utf-8
cache-control: no-cache
content-length: 37060

15:27:45.304 [AsyncHttpClient-1-6] DEBUG org.asynchttpclient.netty.channel.ChannelManager - Adding key: http://localhost:35275 for channel [id: 0x84245047, L:/127.0.0.1:58061 - R:localhost/127.0.0.1:35275]
15:27:45.305 [main] DEBUG net.serenitybdd.core.photography.Darkroom - Send negative for processing for target\site\serenity\4837a9801c241defd669388cac98a708faf9b8a9e786814f9a8ecf645c8992b6.png
15:27:45.305 [main] DEBUG net.thucydides.core.steps.StepInterceptor - STEP DONE: klikRiwayatTransaksi
15:27:45.305 [Darkroom Processing Line] DEBUG net.serenitybdd.core.photography.DarkroomProcessingLine - Processing screenshot image in /var/screenshots/screenshot-17619146803883790715
15:27:45.305 [Darkroom Processing Line] DEBUG net.serenitybdd.core.photography.DarkroomProcessingLine - Saving screenshot to target\site\serenity\4837a9801c241defd669388cac98a708faf9b8a9e786814f9a8ecf645c8992b6.png
  &amp#27;[32mAnd &amp#27;[0m&amp#27;[32muser klik transaksi&amp#27;[0m                               &amp#27;[90m# starter.stepdefinitions.TransaksiSteps.userKlikTransaksi()&amp#27;[0m
15:27:45.314 [main] DEBUG net.thucydides.core.steps.StepInterceptor - STARTING STEP: TransaksiSteps.userDibawaKeHalamanTransaksi - halamanTransaksi
15:27:45.316 [Forwarding findElement on session 70f9d5c627207b2dc49025ad5fdf1332 to remote] DEBUG org.asynchttpclient.netty.request.NettyRequestSender - Using pooled Channel '[id: 0x84245047, L:/127.0.0.1:58061 - R:localhost/127.0.0.1:35275]' for 'POST' to 'http://localhost:35275/session/70f9d5c627207b2dc49025ad5fdf1332/element'
15:27:45.316 [Forwarding findElement on session 70f9d5c627207b2dc49025ad5fdf1332 to remote] DEBUG org.asynchttpclient.netty.request.NettyRequestSender - Using open Channel [id: 0x84245047, L:/127.0.0.1:58061 - R:localhost/127.0.0.1:35275] for POST '/session/70f9d5c627207b2dc49025ad5fdf1332/element'
15:27:45.332 [AsyncHttpClient-1-6] DEBUG org.asynchttpclient.netty.handler.HttpHandler - 

Request DefaultHttpRequest(decodeResult: success, version: HTTP/1.1)
POST /session/70f9d5c627207b2dc49025ad5fdf1332/element HTTP/1.1
User-Agent: selenium/4.7.1 (java windows)
Content-Length: 112
Content-Type: application/json; charset=utf-8
host: localhost:35275
accept: */*

Response DefaultHttpResponse(decodeResult: success, version: HTTP/1.1)
HTTP/1.1 200 OK
Content-Type: application/json; charset=utf-8
cache-control: no-cache
content-length: 95

15:27:45.332 [AsyncHttpClient-1-6] DEBUG org.asynchttpclient.netty.channel.ChannelManager - Adding key: http://localhost:35275 for channel [id: 0x84245047, L:/127.0.0.1:58061 - R:localhost/127.0.0.1:35275]
15:27:45.336 [Forwarding isElementDisplayed on session 70f9d5c627207b2dc49025ad5fdf1332 to remote] DEBUG org.asynchttpclient.netty.request.NettyRequestSender - Using pooled Channel '[id: 0x84245047, L:/127.0.0.1:58061 - R:localhost/127.0.0.1:35275]' for 'POST' to 'http://localhost:35275/session/70f9d5c627207b2dc49025ad5fdf1332/execute/sync'
15:27:45.336 [Forwarding isElementDisplayed on session 70f9d5c627207b2dc49025ad5fdf1332 to remote] DEBUG org.asynchttpclient.netty.request.NettyRequestSender - Using open Channel [id: 0x84245047, L:/127.0.0.1:58061 - R:localhost/127.0.0.1:35275] for POST '/session/70f9d5c627207b2dc49025ad5fdf1332/execute/sync'
15:27:45.347 [AsyncHttpClient-1-1] DEBUG org.asynchttpclient.netty.channel.DefaultChannelPool - Entry count for : http://localhost:58062 : 1
15:27:45.351 [AsyncHttpClient-1-6] DEBUG org.asynchttpclient.netty.handler.HttpHandler - 

Request DefaultHttpRequest(decodeResult: success, version: HTTP/1.1)
POST /session/70f9d5c627207b2dc49025ad5fdf1332/execute/sync HTTP/1.1
User-Agent: selenium/4.7.1 (java windows)
Content-Length: 48787
Content-Type: application/json; charset=utf-8
host: localhost:35275
accept: */*

Response DefaultHttpResponse(decodeResult: success, version: HTTP/1.1)
HTTP/1.1 200 OK
Content-Type: application/json; charset=utf-8
cache-control: no-cache
content-length: 14

15:27:45.351 [AsyncHttpClient-1-6] DEBUG org.asynchttpclient.netty.channel.ChannelManager - Adding key: http://localhost:35275 for channel [id: 0x84245047, L:/127.0.0.1:58061 - R:localhost/127.0.0.1:35275]
15:27:45.357 [Forwarding getCurrentWindowHandle on session 70f9d5c627207b2dc49025ad5fdf1332 to remote] DEBUG org.asynchttpclient.netty.request.NettyRequestSender - Using pooled Channel '[id: 0x84245047, L:/127.0.0.1:58061 - R:localhost/127.0.0.1:35275]' for 'GET' to 'http://localhost:35275/session/70f9d5c627207b2dc49025ad5fdf1332/window'
15:27:45.357 [Forwarding getCurrentWindowHandle on session 70f9d5c627207b2dc49025ad5fdf1332 to remote] DEBUG org.asynchttpclient.netty.request.NettyRequestSender - Using open Channel [id: 0x84245047, L:/127.0.0.1:58061 - R:localhost/127.0.0.1:35275] for GET '/session/70f9d5c627207b2dc49025ad5fdf1332/window'
15:27:45.358 [AsyncHttpClient-1-6] DEBUG org.asynchttpclient.netty.handler.HttpHandler - 

Request DefaultFullHttpRequest(decodeResult: success, version: HTTP/1.1, content: EmptyByteBufBE)
GET /session/70f9d5c627207b2dc49025ad5fdf1332/window HTTP/1.1
User-Agent: selenium/4.7.1 (java windows)
Cache-Control: no-cache
Content-Type: application/json; charset=utf-8
host: localhost:35275
accept: */*

Response DefaultHttpResponse(decodeResult: success, version: HTTP/1.1)
HTTP/1.1 200 OK
Content-Type: application/json; charset=utf-8
cache-control: no-cache
content-length: 44

15:27:45.358 [AsyncHttpClient-1-6] DEBUG org.asynchttpclient.netty.channel.ChannelManager - Adding key: http://localhost:35275 for channel [id: 0x84245047, L:/127.0.0.1:58061 - R:localhost/127.0.0.1:35275]
15:27:45.359 [Forwarding getAlertText on session 70f9d5c627207b2dc49025ad5fdf1332 to remote] DEBUG org.asynchttpclient.netty.request.NettyRequestSender - Using pooled Channel '[id: 0x84245047, L:/127.0.0.1:58061 - R:localhost/127.0.0.1:35275]' for 'GET' to 'http://localhost:35275/session/70f9d5c627207b2dc49025ad5fdf1332/alert/text'
15:27:45.359 [Forwarding getAlertText on session 70f9d5c627207b2dc49025ad5fdf1332 to remote] DEBUG org.asynchttpclient.netty.request.NettyRequestSender - Using open Channel [id: 0x84245047, L:/127.0.0.1:58061 - R:localhost/127.0.0.1:35275] for GET '/session/70f9d5c627207b2dc49025ad5fdf1332/alert/text'
15:27:45.361 [AsyncHttpClient-1-6] DEBUG org.asynchttpclient.netty.handler.HttpHandler - 

Request DefaultFullHttpRequest(decodeResult: success, version: HTTP/1.1, content: EmptyByteBufBE)
GET /session/70f9d5c627207b2dc49025ad5fdf1332/alert/text HTTP/1.1
User-Agent: selenium/4.7.1 (java windows)
Cache-Control: no-cache
Content-Type: application/json; charset=utf-8
host: localhost:35275
accept: */*

Response DefaultHttpResponse(decodeResult: success, version: HTTP/1.1)
HTTP/1.1 404 Not Found
Content-Type: application/json; charset=utf-8
cache-control: no-cache
content-length: 820

15:27:45.361 [AsyncHttpClient-1-6] DEBUG org.asynchttpclient.netty.channel.ChannelManager - Adding key: http://localhost:35275 for channel [id: 0x84245047, L:/127.0.0.1:58061 - R:localhost/127.0.0.1:35275]
15:27:45.363 [Forwarding switchToWindow on session 70f9d5c627207b2dc49025ad5fdf1332 to remote] DEBUG org.asynchttpclient.netty.request.NettyRequestSender - Using pooled Channel '[id: 0x84245047, L:/127.0.0.1:58061 - R:localhost/127.0.0.1:35275]' for 'POST' to 'http://localhost:35275/session/70f9d5c627207b2dc49025ad5fdf1332/window'
15:27:45.363 [Forwarding switchToWindow on session 70f9d5c627207b2dc49025ad5fdf1332 to remote] DEBUG org.asynchttpclient.netty.request.NettyRequestSender - Using open Channel [id: 0x84245047, L:/127.0.0.1:58061 - R:localhost/127.0.0.1:35275] for POST '/session/70f9d5c627207b2dc49025ad5fdf1332/window'
15:27:45.365 [AsyncHttpClient-1-6] DEBUG org.asynchttpclient.netty.handler.HttpHandler - 

Request DefaultHttpRequest(decodeResult: success, version: HTTP/1.1)
POST /session/70f9d5c627207b2dc49025ad5fdf1332/window HTTP/1.1
User-Agent: selenium/4.7.1 (java windows)
Content-Length: 50
Content-Type: application/json; charset=utf-8
host: localhost:35275
accept: */*

Response DefaultHttpResponse(decodeResult: success, version: HTTP/1.1)
HTTP/1.1 200 OK
Content-Type: application/json; charset=utf-8
cache-control: no-cache
content-length: 14

15:27:45.365 [AsyncHttpClient-1-6] DEBUG org.asynchttpclient.netty.channel.ChannelManager - Adding key: http://localhost:35275 for channel [id: 0x84245047, L:/127.0.0.1:58061 - R:localhost/127.0.0.1:35275]
15:27:45.366 [Forwarding getCurrentUrl on session 70f9d5c627207b2dc49025ad5fdf1332 to remote] DEBUG org.asynchttpclient.netty.request.NettyRequestSender - Using pooled Channel '[id: 0x84245047, L:/127.0.0.1:58061 - R:localhost/127.0.0.1:35275]' for 'GET' to 'http://localhost:35275/session/70f9d5c627207b2dc49025ad5fdf1332/url'
15:27:45.366 [Forwarding getCurrentUrl on session 70f9d5c627207b2dc49025ad5fdf1332 to remote] DEBUG org.asynchttpclient.netty.request.NettyRequestSender - Using open Channel [id: 0x84245047, L:/127.0.0.1:58061 - R:localhost/127.0.0.1:35275] for GET '/session/70f9d5c627207b2dc49025ad5fdf1332/url'
15:27:45.373 [AsyncHttpClient-1-6] DEBUG org.asynchttpclient.netty.handler.HttpHandler - 

Request DefaultFullHttpRequest(decodeResult: success, version: HTTP/1.1, content: EmptyByteBufBE)
GET /session/70f9d5c627207b2dc49025ad5fdf1332/url HTTP/1.1
User-Agent: selenium/4.7.1 (java windows)
Cache-Control: no-cache
Content-Type: application/json; charset=utf-8
host: localhost:35275
accept: */*

Response DefaultHttpResponse(decodeResult: success, version: HTTP/1.1)
HTTP/1.1 200 OK
Content-Type: application/json; charset=utf-8
cache-control: no-cache
content-length: 52

15:27:45.374 [AsyncHttpClient-1-6] DEBUG org.asynchttpclient.netty.channel.ChannelManager - Adding key: http://localhost:35275 for channel [id: 0x84245047, L:/127.0.0.1:58061 - R:localhost/127.0.0.1:35275]
15:27:45.374 [Forwarding screenshot on session 70f9d5c627207b2dc49025ad5fdf1332 to remote] DEBUG org.asynchttpclient.netty.request.NettyRequestSender - Using pooled Channel '[id: 0x84245047, L:/127.0.0.1:58061 - R:localhost/127.0.0.1:35275]' for 'GET' to 'http://localhost:35275/session/70f9d5c627207b2dc49025ad5fdf1332/screenshot'
15:27:45.374 [Forwarding screenshot on session 70f9d5c627207b2dc49025ad5fdf1332 to remote] DEBUG org.asynchttpclient.netty.request.NettyRequestSender - Using open Channel [id: 0x84245047, L:/127.0.0.1:58061 - R:localhost/127.0.0.1:35275] for GET '/session/70f9d5c627207b2dc49025ad5fdf1332/screenshot'
15:27:45.493 [AsyncHttpClient-1-6] DEBUG org.asynchttpclient.netty.handler.HttpHandler - 

Request DefaultFullHttpRequest(decodeResult: success, version: HTTP/1.1, content: EmptyByteBufBE)
GET /session/70f9d5c627207b2dc49025ad5fdf1332/screenshot HTTP/1.1
User-Agent: selenium/4.7.1 (java windows)
Cache-Control: no-cache
Content-Type: application/json; charset=utf-8
host: localhost:35275
accept: */*

Response DefaultHttpResponse(decodeResult: success, version: HTTP/1.1)
HTTP/1.1 200 OK
Content-Type: application/json; charset=utf-8
cache-control: no-cache
content-length: 31240

15:27:45.493 [AsyncHttpClient-1-6] DEBUG org.asynchttpclient.netty.channel.ChannelManager - Adding key: http://localhost:35275 for channel [id: 0x84245047, L:/127.0.0.1:58061 - R:localhost/127.0.0.1:35275]
15:27:45.495 [main] DEBUG net.serenitybdd.core.photography.Darkroom - Send negative for processing for target\site\serenity\d7265277753545ce02650f23c9ffeebc112e338b61ed07398e68cc720bc1133a.png
15:27:45.495 [main] DEBUG net.thucydides.core.steps.StepInterceptor - STEP DONE: halamanTransaksi
  &amp#27;[32mAnd &amp#27;[0m&amp#27;[32muser dibawa ke halaman transaksi&amp#27;[0m                  &amp#27;[90m# starter.stepdefinitions.TransaksiSteps.userDibawaKeHalamanTransaksi()&amp#27;[0m
15:27:45.495 [Darkroom Processing Line] DEBUG net.serenitybdd.core.photography.DarkroomProcessingLine - Processing screenshot image in /var/screenshots/screenshot-6048021223911264483
15:27:45.495 [Darkroom Processing Line] DEBUG net.serenitybdd.core.photography.DarkroomProcessingLine - Saving screenshot to target\site\serenity\d7265277753545ce02650f23c9ffeebc112e338b61ed07398e68cc720bc1133a.png
15:27:45.500 [main] INFO  - 
  _____   ___   ___   _____     ___     _     ___   ___   ___   ___  
 |_   _| | __| / __| |_   _|   | _ \   /_\   / __| / __| | __| |   \ 
   | |   | _|  \__ \   | |     |  _/  / _ \  \__ \ \__ \ | _|  | |) |
   |_|   |___| |___/   |_|     |_|   /_/ \_\ |___/ |___/ |___| |___/ 

user bisa melihat riwayat transaksi
----------------------------------------------------------------------
15:27:45.502 [Driver Command Executor] DEBUG org.asynchttpclient.netty.request.NettyRequestSender - Using pooled Channel '[id: 0x84245047, L:/127.0.0.1:58061 - R:localhost/127.0.0.1:35275]' for 'DELETE' to 'http://localhost:35275/session/70f9d5c627207b2dc49025ad5fdf1332'
15:27:45.502 [Driver Command Executor] DEBUG org.asynchttpclient.netty.request.NettyRequestSender - Using open Channel [id: 0x84245047, L:/127.0.0.1:58061 - R:localhost/127.0.0.1:35275] for DELETE '/session/70f9d5c627207b2dc49025ad5fdf1332'
15:27:45.502 [AsyncHttpClient-1-8] DEBUG org.asynchttpclient.netty.handler.WebSocketHandler - Channel Closed: [id: 0xf3c3dbdc, L:/127.0.0.1:58069 ! R:localhost/127.0.0.1:58062] with attribute NettyResponseFuture{currentRetry=0,
	isDone=1,
	isCancelled=0,
	asyncHandler=org.asynchttpclient.ws.WebSocketUpgradeHandler@4ddbf07a,
	nettyRequest=org.asynchttpclient.netty.request.NettyRequest@52479bfa,
	future=java.util.concurrent.CompletableFuture@573ab033[Completed normally],
	uri=ws://localhost:58062/devtools/browser/9a544c9b-291d-4296-98a3-8acbbb3124e0,
	keepAlive=true,
	redirectCount=0,
	timeoutsHolder=null,
	inAuth=0,
	touch=1683707258049}
15:27:45.502 [AsyncHttpClient-1-8] DEBUG org.asynchttpclient.netty.channel.ChannelManager - Closing Channel [id: 0xf3c3dbdc, L:/127.0.0.1:58069 ! R:localhost/127.0.0.1:58062] 
15:27:45.540 [AsyncHttpClient-1-7] DEBUG org.asynchttpclient.netty.handler.HttpHandler - Unexpected I/O exception on channel [id: 0x5ee62d05, L:/127.0.0.1:58068 - R:localhost/127.0.0.1:58062]
java.net.SocketException: Connection reset
	at java.base/sun.nio.ch.SocketChannelImpl.throwConnectionReset(SocketChannelImpl.java:401)
	at java.base/sun.nio.ch.SocketChannelImpl.read(SocketChannelImpl.java:434)
	at io.netty.buffer.PooledByteBuf.setBytes(PooledByteBuf.java:259)
	at io.netty.buffer.AbstractByteBuf.writeBytes(AbstractByteBuf.java:1132)
	at io.netty.channel.socket.nio.NioSocketChannel.doReadBytes(NioSocketChannel.java:357)
	at io.netty.channel.nio.AbstractNioByteChannel$NioByteUnsafe.read(AbstractNioByteChannel.java:151)
	at io.netty.channel.nio.NioEventLoop.processSelectedKey(NioEventLoop.java:788)
	at io.netty.channel.nio.NioEventLoop.processSelectedKeysOptimized(NioEventLoop.java:724)
	at io.netty.channel.nio.NioEventLoop.processSelectedKeys(NioEventLoop.java:650)
	at io.netty.channel.nio.NioEventLoop.run(NioEventLoop.java:562)
	at io.netty.util.concurrent.SingleThreadEventExecutor$4.run(SingleThreadEventExecutor.java:997)
	at io.netty.util.internal.ThreadExecutorMap$2.run(ThreadExecutorMap.java:74)
	at io.netty.util.concurrent.FastThreadLocalRunnable.run(FastThreadLocalRunnable.java:30)
	at java.base/java.lang.Thread.run(Thread.java:1589)
15:27:45.555 [AsyncHttpClient-1-7] DEBUG org.asynchttpclient.netty.channel.ChannelManager - Closing Channel [id: 0x5ee62d05, L:/127.0.0.1:58068 - R:localhost/127.0.0.1:58062] 
15:27:45.555 [AsyncHttpClient-1-7] DEBUG org.asynchttpclient.netty.handler.HttpHandler - Channel Closed: [id: 0x5ee62d05, L:/127.0.0.1:58068 ! R:localhost/127.0.0.1:58062] with attribute DISCARD
15:27:45.558 [AsyncHttpClient-1-6] DEBUG org.asynchttpclient.netty.handler.HttpHandler - 

Request DefaultFullHttpRequest(decodeResult: success, version: HTTP/1.1, content: EmptyByteBufBE)
DELETE /session/70f9d5c627207b2dc49025ad5fdf1332 HTTP/1.1
User-Agent: selenium/4.7.1 (java windows)
Content-Type: application/json; charset=utf-8
host: localhost:35275
accept: */*

Response DefaultHttpResponse(decodeResult: success, version: HTTP/1.1)
HTTP/1.1 200 OK
Content-Type: application/json; charset=utf-8
cache-control: no-cache
content-length: 14

15:27:45.558 [AsyncHttpClient-1-6] DEBUG org.asynchttpclient.netty.channel.ChannelManager - Adding key: http://localhost:35275 for channel [id: 0x84245047, L:/127.0.0.1:58061 - R:localhost/127.0.0.1:35275]
15:27:45.627 [AsyncHttpClient-1-6] DEBUG org.asynchttpclient.netty.handler.HttpHandler - Channel Closed: [id: 0x84245047, L:/127.0.0.1:58061 ! R:localhost/127.0.0.1:35275] with attribute DISCARD
]]></system-out>
    <system-err><![CDATA[Starting ChromeDriver 113.0.5672.63 (0e1a4471d5ae5bf128b1bd8f4d627c8cbd55f70c-refs/branch-heads/5672@{#912}) on port 35275
Only local connections are allowed.
Please see https://chromedriver.chromium.org/security-considerations for suggestions on keeping ChromeDriver safe.
ChromeDriver was started successfully.
May 10, 2023 3:27:38 PM org.openqa.selenium.devtools.CdpVersionFinder findNearestMatch
WARNING: Unable to find CDP implementation matching 113
May 10, 2023 3:27:38 PM org.openqa.selenium.chromium.ChromiumDriver lambda$new$3
WARNING: Unable to find version of CDP to use for . You may need to include a dependency on a specific version of the CDP using something similar to `org.seleniumhq.selenium:selenium-devtools-v86:4.7.1` where the version ("v86") matches the version of the chromium-based browser you're using and the version number of the artifact is the same as Selenium's.
]]></system-err>
  </testcase>
  <testcase name="user bisa Mengubah Jumlah Produk pada Keranjang Belanja" classname="Transaksi" time="11.369">
    <system-out><![CDATA[
@Transaksi04-Web-Positive
Scenario: user bisa Mengubah Jumlah Produk pada Keranjang Belanja         &amp#27;[90m# src/test/resources/features/3. Transaksi.feature:21&amp#27;[0m
15:27:45.662 [main] INFO io.cucumber.core.plugin.SerenityReporter - Running feature from file:///C:/Users/HP/Downloads/Mini-Project-QA/ALTASHOP%20WEB%20AUTOMATION/src/test/resources/features/3.%20Transaksi.feature
15:27:45.662 [main] INFO  - 
  _____   ___   ___   _____     ___   _____     _     ___   _____   ___   ___  
 |_   _| | __| / __| |_   _|   / __| |_   _|   /_\   | _ \ |_   _| | __| |   \ 
   | |   | _|  \__ \   | |     \__ \   | |    / _ \  |   /   | |   | _|  | |) |
   |_|   |___| |___/   |_|     |___/   |_|   /_/ \_\ |_|_\   |_|   |___| |___/ 

user bisa Mengubah Jumlah Produk pada Keranjang Belanja(transaksi;user-bisa-mengubah-jumlah-produk-pada-keranjang-belanja)
--------------------------------------------------------------------------------
15:27:45.694 [main] DEBUG net.thucydides.core.steps.StepInterceptor - STARTING STEP: TransaksiSteps.userBeradaDiHomepageAltaShopDanLoginAkun - diHomepageAltaShop
15:27:45.741 [main] INFO net.serenitybdd.core.webdriver.driverproviders.ChromeDriverProvider - Starting Chrome driver instance with capabilities:
15:27:45.741 [main] INFO net.serenitybdd.core.webdriver.driverproviders.ChromeDriverProvider - Capabilities {acceptInsecureCerts: true, browserName: chrome, goog:chromeOptions: {args: [remote-allow-origins=*, test-type, no-sandbox, ignore-certificate-errors, start-maximized, incognito, disable-infobars, disable-gpu, disable-default-apps, disable-popup-blocking, remote-allow-origins=*, test-type, no-sandbox, ignore-certificate-errors, start-maximized, incognito, disable-infobars, disable-gpu, disable-default-apps, disable-popup-blocking], extensions: []}}
15:27:45.823 [AsyncHttpClient-1-9] DEBUG org.asynchttpclient.netty.channel.NettyConnectListener - Using new Channel '[id: 0xc04797de, L:/127.0.0.1:58090 - R:localhost/127.0.0.1:7550]' for 'POST' to '/session'
15:27:46.480 [AsyncHttpClient-1-1] DEBUG org.asynchttpclient.netty.channel.DefaultChannelPool - Entry count for : http://localhost:58062 : 1
15:27:46.481 [AsyncHttpClient-1-1] DEBUG org.asynchttpclient.netty.channel.DefaultChannelPool - Entry count for : http://localhost:35275 : 1
15:27:46.481 [AsyncHttpClient-1-1] DEBUG org.asynchttpclient.netty.channel.DefaultChannelPool - Adding Candidate expired Channel [id: 0x5ee62d05, L:/127.0.0.1:58068 ! R:localhost/127.0.0.1:58062] isIdleTimeoutExpired=false isRemotelyClosed=true isTtlExpired=false
15:27:46.481 [AsyncHttpClient-1-1] DEBUG org.asynchttpclient.netty.channel.DefaultChannelPool - Closing Idle Channel [id: 0x5ee62d05, L:/127.0.0.1:58068 ! R:localhost/127.0.0.1:58062]
15:27:46.481 [AsyncHttpClient-1-1] DEBUG org.asynchttpclient.netty.channel.DefaultChannelPool - Adding Candidate expired Channel [id: 0x84245047, L:/127.0.0.1:58061 ! R:localhost/127.0.0.1:35275] isIdleTimeoutExpired=false isRemotelyClosed=true isTtlExpired=false
15:27:46.481 [AsyncHttpClient-1-1] DEBUG org.asynchttpclient.netty.channel.DefaultChannelPool - Closing Idle Channel [id: 0x84245047, L:/127.0.0.1:58061 ! R:localhost/127.0.0.1:35275]
15:27:46.481 [AsyncHttpClient-1-1] DEBUG org.asynchttpclient.netty.channel.DefaultChannelPool - Closed 2 connections out of 2 in 0 ms
15:27:46.580 [AsyncHttpClient-1-9] DEBUG org.asynchttpclient.netty.handler.HttpHandler - 

Request DefaultHttpRequest(decodeResult: success, version: HTTP/1.1)
POST /session HTTP/1.1
User-Agent: selenium/4.7.1 (java windows)
Content-Length: 1629
Content-Type: application/json; charset=utf-8
host: localhost:7550
accept: */*

Response DefaultHttpResponse(decodeResult: success, version: HTTP/1.1)
HTTP/1.1 200 OK
Content-Type: application/json; charset=utf-8
cache-control: no-cache
content-length: 854

15:27:46.580 [AsyncHttpClient-1-9] DEBUG org.asynchttpclient.netty.channel.ChannelManager - Adding key: http://localhost:7550 for channel [id: 0xc04797de, L:/127.0.0.1:58090 - R:localhost/127.0.0.1:7550]
15:27:46.590 [AsyncHttpClient-1-10] DEBUG org.asynchttpclient.netty.channel.NettyConnectListener - Using new Channel '[id: 0x2a37a9a8, L:/127.0.0.1:58097 - R:localhost/127.0.0.1:58091]' for 'GET' to '/json/version'
15:27:46.591 [AsyncHttpClient-1-10] DEBUG org.asynchttpclient.netty.handler.HttpHandler - 

Request DefaultFullHttpRequest(decodeResult: success, version: HTTP/1.1, content: EmptyByteBufBE)
GET /json/version HTTP/1.1
User-Agent: selenium/4.7.1 (java windows)
host: localhost:58091
accept: */*

Response DefaultHttpResponse(decodeResult: success, version: HTTP/1.1)
HTTP/1.1 200 OK
Content-Security-Policy: frame-ancestors 'none'
Content-Type: application/json; charset=UTF-8
content-length: 422

15:27:46.591 [AsyncHttpClient-1-10] DEBUG org.asynchttpclient.netty.channel.ChannelManager - Adding key: http://localhost:58091 for channel [id: 0x2a37a9a8, L:/127.0.0.1:58097 - R:localhost/127.0.0.1:58091]
15:27:46.593 [AsyncHttpClient-1-11] DEBUG org.asynchttpclient.netty.channel.NettyConnectListener - Using new Channel '[id: 0x16cf142f, L:/127.0.0.1:58098 - R:localhost/127.0.0.1:58091]' for 'GET' to '/devtools/browser/6ee9c191-2d48-4758-b68d-500ba074e6b4'
15:27:46.594 [AsyncHttpClient-1-11] DEBUG org.asynchttpclient.netty.handler.WebSocketHandler - 

Request DefaultFullHttpRequest(decodeResult: success, version: HTTP/1.1, content: EmptyByteBufBE)
GET /devtools/browser/6ee9c191-2d48-4758-b68d-500ba074e6b4 HTTP/1.1
upgrade: websocket
connection: upgrade
sec-websocket-key: OVJ/ggSVQE5VnXZ2Lc/nxw==
sec-websocket-version: 13
origin: http://localhost:58091
host: localhost:58091
accept: */*
user-agent: AHC/2.1

Response DefaultHttpResponse(decodeResult: success, version: HTTP/1.1)
HTTP/1.1 101 WebSocket Protocol Handshake
Upgrade: WebSocket
Connection: Upgrade
Sec-WebSocket-Accept: QkqrIezYjDMflBmVrTMpoxDEu2E=

15:27:46.600 [Forwarding get on session 4a6cc52cd08ce3188a6765594b9608c7 to remote] DEBUG org.asynchttpclient.netty.request.NettyRequestSender - Using pooled Channel '[id: 0xc04797de, L:/127.0.0.1:58090 - R:localhost/127.0.0.1:7550]' for 'POST' to 'http://localhost:7550/session/4a6cc52cd08ce3188a6765594b9608c7/url'
15:27:46.600 [Forwarding get on session 4a6cc52cd08ce3188a6765594b9608c7 to remote] DEBUG org.asynchttpclient.netty.request.NettyRequestSender - Using open Channel [id: 0xc04797de, L:/127.0.0.1:58090 - R:localhost/127.0.0.1:7550] for POST '/session/4a6cc52cd08ce3188a6765594b9608c7/url'
15:27:47.513 [AsyncHttpClient-1-9] DEBUG org.asynchttpclient.netty.handler.HttpHandler - 

Request DefaultHttpRequest(decodeResult: success, version: HTTP/1.1)
POST /session/4a6cc52cd08ce3188a6765594b9608c7/url HTTP/1.1
User-Agent: selenium/4.7.1 (java windows)
Content-Length: 59
Content-Type: application/json; charset=utf-8
host: localhost:7550
accept: */*

Response DefaultHttpResponse(decodeResult: success, version: HTTP/1.1)
HTTP/1.1 200 OK
Content-Type: application/json; charset=utf-8
cache-control: no-cache
content-length: 14

15:27:47.513 [AsyncHttpClient-1-9] DEBUG org.asynchttpclient.netty.channel.ChannelManager - Adding key: http://localhost:7550 for channel [id: 0xc04797de, L:/127.0.0.1:58090 - R:localhost/127.0.0.1:7550]
15:27:47.515 [Forwarding setTimeout on session 4a6cc52cd08ce3188a6765594b9608c7 to remote] DEBUG org.asynchttpclient.netty.request.NettyRequestSender - Using pooled Channel '[id: 0xc04797de, L:/127.0.0.1:58090 - R:localhost/127.0.0.1:7550]' for 'POST' to 'http://localhost:7550/session/4a6cc52cd08ce3188a6765594b9608c7/timeouts'
15:27:47.515 [Forwarding setTimeout on session 4a6cc52cd08ce3188a6765594b9608c7 to remote] DEBUG org.asynchttpclient.netty.request.NettyRequestSender - Using open Channel [id: 0xc04797de, L:/127.0.0.1:58090 - R:localhost/127.0.0.1:7550] for POST '/session/4a6cc52cd08ce3188a6765594b9608c7/timeouts'
15:27:47.516 [AsyncHttpClient-1-9] DEBUG org.asynchttpclient.netty.handler.HttpHandler - 

Request DefaultHttpRequest(decodeResult: success, version: HTTP/1.1)
POST /session/4a6cc52cd08ce3188a6765594b9608c7/timeouts HTTP/1.1
User-Agent: selenium/4.7.1 (java windows)
Content-Length: 22
Content-Type: application/json; charset=utf-8
host: localhost:7550
accept: */*

Response DefaultHttpResponse(decodeResult: success, version: HTTP/1.1)
HTTP/1.1 200 OK
Content-Type: application/json; charset=utf-8
cache-control: no-cache
content-length: 14

15:27:47.517 [AsyncHttpClient-1-9] DEBUG org.asynchttpclient.netty.channel.ChannelManager - Adding key: http://localhost:7550 for channel [id: 0xc04797de, L:/127.0.0.1:58090 - R:localhost/127.0.0.1:7550]
15:27:47.519 [Forwarding getCurrentUrl on session 4a6cc52cd08ce3188a6765594b9608c7 to remote] DEBUG org.asynchttpclient.netty.request.NettyRequestSender - Using pooled Channel '[id: 0xc04797de, L:/127.0.0.1:58090 - R:localhost/127.0.0.1:7550]' for 'GET' to 'http://localhost:7550/session/4a6cc52cd08ce3188a6765594b9608c7/url'
15:27:47.519 [Forwarding getCurrentUrl on session 4a6cc52cd08ce3188a6765594b9608c7 to remote] DEBUG org.asynchttpclient.netty.request.NettyRequestSender - Using open Channel [id: 0xc04797de, L:/127.0.0.1:58090 - R:localhost/127.0.0.1:7550] for GET '/session/4a6cc52cd08ce3188a6765594b9608c7/url'
15:27:47.528 [AsyncHttpClient-1-9] DEBUG org.asynchttpclient.netty.handler.HttpHandler - 

Request DefaultFullHttpRequest(decodeResult: success, version: HTTP/1.1, content: EmptyByteBufBE)
GET /session/4a6cc52cd08ce3188a6765594b9608c7/url HTTP/1.1
User-Agent: selenium/4.7.1 (java windows)
Cache-Control: no-cache
Content-Type: application/json; charset=utf-8
host: localhost:7550
accept: */*

Response DefaultHttpResponse(decodeResult: success, version: HTTP/1.1)
HTTP/1.1 200 OK
Content-Type: application/json; charset=utf-8
cache-control: no-cache
content-length: 41

15:27:47.529 [AsyncHttpClient-1-9] DEBUG org.asynchttpclient.netty.channel.ChannelManager - Adding key: http://localhost:7550 for channel [id: 0xc04797de, L:/127.0.0.1:58090 - R:localhost/127.0.0.1:7550]
15:27:47.530 [Forwarding getCurrentUrl on session 4a6cc52cd08ce3188a6765594b9608c7 to remote] DEBUG org.asynchttpclient.netty.request.NettyRequestSender - Using pooled Channel '[id: 0xc04797de, L:/127.0.0.1:58090 - R:localhost/127.0.0.1:7550]' for 'GET' to 'http://localhost:7550/session/4a6cc52cd08ce3188a6765594b9608c7/url'
15:27:47.530 [Forwarding getCurrentUrl on session 4a6cc52cd08ce3188a6765594b9608c7 to remote] DEBUG org.asynchttpclient.netty.request.NettyRequestSender - Using open Channel [id: 0xc04797de, L:/127.0.0.1:58090 - R:localhost/127.0.0.1:7550] for GET '/session/4a6cc52cd08ce3188a6765594b9608c7/url'
15:27:47.536 [AsyncHttpClient-1-9] DEBUG org.asynchttpclient.netty.handler.HttpHandler - 

Request DefaultFullHttpRequest(decodeResult: success, version: HTTP/1.1, content: EmptyByteBufBE)
GET /session/4a6cc52cd08ce3188a6765594b9608c7/url HTTP/1.1
User-Agent: selenium/4.7.1 (java windows)
Cache-Control: no-cache
Content-Type: application/json; charset=utf-8
host: localhost:7550
accept: */*

Response DefaultHttpResponse(decodeResult: success, version: HTTP/1.1)
HTTP/1.1 200 OK
Content-Type: application/json; charset=utf-8
cache-control: no-cache
content-length: 41

15:27:47.537 [AsyncHttpClient-1-9] DEBUG org.asynchttpclient.netty.channel.ChannelManager - Adding key: http://localhost:7550 for channel [id: 0xc04797de, L:/127.0.0.1:58090 - R:localhost/127.0.0.1:7550]
15:27:47.540 [Forwarding findElement on session 4a6cc52cd08ce3188a6765594b9608c7 to remote] DEBUG org.asynchttpclient.netty.request.NettyRequestSender - Using pooled Channel '[id: 0xc04797de, L:/127.0.0.1:58090 - R:localhost/127.0.0.1:7550]' for 'POST' to 'http://localhost:7550/session/4a6cc52cd08ce3188a6765594b9608c7/element'
15:27:47.540 [Forwarding findElement on session 4a6cc52cd08ce3188a6765594b9608c7 to remote] DEBUG org.asynchttpclient.netty.request.NettyRequestSender - Using open Channel [id: 0xc04797de, L:/127.0.0.1:58090 - R:localhost/127.0.0.1:7550] for POST '/session/4a6cc52cd08ce3188a6765594b9608c7/element'
15:27:47.546 [AsyncHttpClient-1-1] DEBUG org.asynchttpclient.netty.channel.DefaultChannelPool - Entry count for : http://localhost:58091 : 1
15:27:47.558 [AsyncHttpClient-1-9] DEBUG org.asynchttpclient.netty.handler.HttpHandler - 

Request DefaultHttpRequest(decodeResult: success, version: HTTP/1.1)
POST /session/4a6cc52cd08ce3188a6765594b9608c7/element HTTP/1.1
User-Agent: selenium/4.7.1 (java windows)
Content-Length: 108
Content-Type: application/json; charset=utf-8
host: localhost:7550
accept: */*

Response DefaultHttpResponse(decodeResult: success, version: HTTP/1.1)
HTTP/1.1 200 OK
Content-Type: application/json; charset=utf-8
cache-control: no-cache
content-length: 94

15:27:47.558 [AsyncHttpClient-1-9] DEBUG org.asynchttpclient.netty.channel.ChannelManager - Adding key: http://localhost:7550 for channel [id: 0xc04797de, L:/127.0.0.1:58090 - R:localhost/127.0.0.1:7550]
15:27:47.560 [Forwarding isElementDisplayed on session 4a6cc52cd08ce3188a6765594b9608c7 to remote] DEBUG org.asynchttpclient.netty.request.NettyRequestSender - Using pooled Channel '[id: 0xc04797de, L:/127.0.0.1:58090 - R:localhost/127.0.0.1:7550]' for 'POST' to 'http://localhost:7550/session/4a6cc52cd08ce3188a6765594b9608c7/execute/sync'
15:27:47.560 [Forwarding isElementDisplayed on session 4a6cc52cd08ce3188a6765594b9608c7 to remote] DEBUG org.asynchttpclient.netty.request.NettyRequestSender - Using open Channel [id: 0xc04797de, L:/127.0.0.1:58090 - R:localhost/127.0.0.1:7550] for POST '/session/4a6cc52cd08ce3188a6765594b9608c7/execute/sync'
15:27:47.580 [AsyncHttpClient-1-9] DEBUG org.asynchttpclient.netty.handler.HttpHandler - 

Request DefaultHttpRequest(decodeResult: success, version: HTTP/1.1)
POST /session/4a6cc52cd08ce3188a6765594b9608c7/execute/sync HTTP/1.1
User-Agent: selenium/4.7.1 (java windows)
Content-Length: 48786
Content-Type: application/json; charset=utf-8
host: localhost:7550
accept: */*

Response DefaultHttpResponse(decodeResult: success, version: HTTP/1.1)
HTTP/1.1 200 OK
Content-Type: application/json; charset=utf-8
cache-control: no-cache
content-length: 14

15:27:47.580 [AsyncHttpClient-1-9] DEBUG org.asynchttpclient.netty.channel.ChannelManager - Adding key: http://localhost:7550 for channel [id: 0xc04797de, L:/127.0.0.1:58090 - R:localhost/127.0.0.1:7550]
15:27:47.583 [Forwarding isElementDisplayed on session 4a6cc52cd08ce3188a6765594b9608c7 to remote] DEBUG org.asynchttpclient.netty.request.NettyRequestSender - Using pooled Channel '[id: 0xc04797de, L:/127.0.0.1:58090 - R:localhost/127.0.0.1:7550]' for 'POST' to 'http://localhost:7550/session/4a6cc52cd08ce3188a6765594b9608c7/execute/sync'
15:27:47.583 [Forwarding isElementDisplayed on session 4a6cc52cd08ce3188a6765594b9608c7 to remote] DEBUG org.asynchttpclient.netty.request.NettyRequestSender - Using open Channel [id: 0xc04797de, L:/127.0.0.1:58090 - R:localhost/127.0.0.1:7550] for POST '/session/4a6cc52cd08ce3188a6765594b9608c7/execute/sync'
15:27:47.602 [AsyncHttpClient-1-9] DEBUG org.asynchttpclient.netty.handler.HttpHandler - 

Request DefaultHttpRequest(decodeResult: success, version: HTTP/1.1)
POST /session/4a6cc52cd08ce3188a6765594b9608c7/execute/sync HTTP/1.1
User-Agent: selenium/4.7.1 (java windows)
Content-Length: 48786
Content-Type: application/json; charset=utf-8
host: localhost:7550
accept: */*

Response DefaultHttpResponse(decodeResult: success, version: HTTP/1.1)
HTTP/1.1 200 OK
Content-Type: application/json; charset=utf-8
cache-control: no-cache
content-length: 14

15:27:47.603 [AsyncHttpClient-1-9] DEBUG org.asynchttpclient.netty.channel.ChannelManager - Adding key: http://localhost:7550 for channel [id: 0xc04797de, L:/127.0.0.1:58090 - R:localhost/127.0.0.1:7550]
15:27:47.609 [Forwarding getCurrentWindowHandle on session 4a6cc52cd08ce3188a6765594b9608c7 to remote] DEBUG org.asynchttpclient.netty.request.NettyRequestSender - Using pooled Channel '[id: 0xc04797de, L:/127.0.0.1:58090 - R:localhost/127.0.0.1:7550]' for 'GET' to 'http://localhost:7550/session/4a6cc52cd08ce3188a6765594b9608c7/window'
15:27:47.609 [Forwarding getCurrentWindowHandle on session 4a6cc52cd08ce3188a6765594b9608c7 to remote] DEBUG org.asynchttpclient.netty.request.NettyRequestSender - Using open Channel [id: 0xc04797de, L:/127.0.0.1:58090 - R:localhost/127.0.0.1:7550] for GET '/session/4a6cc52cd08ce3188a6765594b9608c7/window'
15:27:47.610 [AsyncHttpClient-1-9] DEBUG org.asynchttpclient.netty.handler.HttpHandler - 

Request DefaultFullHttpRequest(decodeResult: success, version: HTTP/1.1, content: EmptyByteBufBE)
GET /session/4a6cc52cd08ce3188a6765594b9608c7/window HTTP/1.1
User-Agent: selenium/4.7.1 (java windows)
Cache-Control: no-cache
Content-Type: application/json; charset=utf-8
host: localhost:7550
accept: */*

Response DefaultHttpResponse(decodeResult: success, version: HTTP/1.1)
HTTP/1.1 200 OK
Content-Type: application/json; charset=utf-8
cache-control: no-cache
content-length: 44

15:27:47.610 [AsyncHttpClient-1-9] DEBUG org.asynchttpclient.netty.channel.ChannelManager - Adding key: http://localhost:7550 for channel [id: 0xc04797de, L:/127.0.0.1:58090 - R:localhost/127.0.0.1:7550]
15:27:47.611 [Forwarding getAlertText on session 4a6cc52cd08ce3188a6765594b9608c7 to remote] DEBUG org.asynchttpclient.netty.request.NettyRequestSender - Using pooled Channel '[id: 0xc04797de, L:/127.0.0.1:58090 - R:localhost/127.0.0.1:7550]' for 'GET' to 'http://localhost:7550/session/4a6cc52cd08ce3188a6765594b9608c7/alert/text'
15:27:47.611 [Forwarding getAlertText on session 4a6cc52cd08ce3188a6765594b9608c7 to remote] DEBUG org.asynchttpclient.netty.request.NettyRequestSender - Using open Channel [id: 0xc04797de, L:/127.0.0.1:58090 - R:localhost/127.0.0.1:7550] for GET '/session/4a6cc52cd08ce3188a6765594b9608c7/alert/text'
15:27:47.612 [AsyncHttpClient-1-9] DEBUG org.asynchttpclient.netty.handler.HttpHandler - 

Request DefaultFullHttpRequest(decodeResult: success, version: HTTP/1.1, content: EmptyByteBufBE)
GET /session/4a6cc52cd08ce3188a6765594b9608c7/alert/text HTTP/1.1
User-Agent: selenium/4.7.1 (java windows)
Cache-Control: no-cache
Content-Type: application/json; charset=utf-8
host: localhost:7550
accept: */*

Response DefaultHttpResponse(decodeResult: success, version: HTTP/1.1)
HTTP/1.1 404 Not Found
Content-Type: application/json; charset=utf-8
cache-control: no-cache
content-length: 820

15:27:47.612 [AsyncHttpClient-1-9] DEBUG org.asynchttpclient.netty.channel.ChannelManager - Adding key: http://localhost:7550 for channel [id: 0xc04797de, L:/127.0.0.1:58090 - R:localhost/127.0.0.1:7550]
15:27:47.613 [Forwarding switchToWindow on session 4a6cc52cd08ce3188a6765594b9608c7 to remote] DEBUG org.asynchttpclient.netty.request.NettyRequestSender - Using pooled Channel '[id: 0xc04797de, L:/127.0.0.1:58090 - R:localhost/127.0.0.1:7550]' for 'POST' to 'http://localhost:7550/session/4a6cc52cd08ce3188a6765594b9608c7/window'
15:27:47.614 [Forwarding switchToWindow on session 4a6cc52cd08ce3188a6765594b9608c7 to remote] DEBUG org.asynchttpclient.netty.request.NettyRequestSender - Using open Channel [id: 0xc04797de, L:/127.0.0.1:58090 - R:localhost/127.0.0.1:7550] for POST '/session/4a6cc52cd08ce3188a6765594b9608c7/window'
15:27:47.615 [AsyncHttpClient-1-9] DEBUG org.asynchttpclient.netty.handler.HttpHandler - 

Request DefaultHttpRequest(decodeResult: success, version: HTTP/1.1)
POST /session/4a6cc52cd08ce3188a6765594b9608c7/window HTTP/1.1
User-Agent: selenium/4.7.1 (java windows)
Content-Length: 50
Content-Type: application/json; charset=utf-8
host: localhost:7550
accept: */*

Response DefaultHttpResponse(decodeResult: success, version: HTTP/1.1)
HTTP/1.1 200 OK
Content-Type: application/json; charset=utf-8
cache-control: no-cache
content-length: 14

15:27:47.615 [AsyncHttpClient-1-9] DEBUG org.asynchttpclient.netty.channel.ChannelManager - Adding key: http://localhost:7550 for channel [id: 0xc04797de, L:/127.0.0.1:58090 - R:localhost/127.0.0.1:7550]
15:27:47.616 [Forwarding getCurrentUrl on session 4a6cc52cd08ce3188a6765594b9608c7 to remote] DEBUG org.asynchttpclient.netty.request.NettyRequestSender - Using pooled Channel '[id: 0xc04797de, L:/127.0.0.1:58090 - R:localhost/127.0.0.1:7550]' for 'GET' to 'http://localhost:7550/session/4a6cc52cd08ce3188a6765594b9608c7/url'
15:27:47.616 [Forwarding getCurrentUrl on session 4a6cc52cd08ce3188a6765594b9608c7 to remote] DEBUG org.asynchttpclient.netty.request.NettyRequestSender - Using open Channel [id: 0xc04797de, L:/127.0.0.1:58090 - R:localhost/127.0.0.1:7550] for GET '/session/4a6cc52cd08ce3188a6765594b9608c7/url'
15:27:47.621 [AsyncHttpClient-1-9] DEBUG org.asynchttpclient.netty.handler.HttpHandler - 

Request DefaultFullHttpRequest(decodeResult: success, version: HTTP/1.1, content: EmptyByteBufBE)
GET /session/4a6cc52cd08ce3188a6765594b9608c7/url HTTP/1.1
User-Agent: selenium/4.7.1 (java windows)
Cache-Control: no-cache
Content-Type: application/json; charset=utf-8
host: localhost:7550
accept: */*

Response DefaultHttpResponse(decodeResult: success, version: HTTP/1.1)
HTTP/1.1 200 OK
Content-Type: application/json; charset=utf-8
cache-control: no-cache
content-length: 41

15:27:47.622 [AsyncHttpClient-1-9] DEBUG org.asynchttpclient.netty.channel.ChannelManager - Adding key: http://localhost:7550 for channel [id: 0xc04797de, L:/127.0.0.1:58090 - R:localhost/127.0.0.1:7550]
15:27:47.622 [Forwarding screenshot on session 4a6cc52cd08ce3188a6765594b9608c7 to remote] DEBUG org.asynchttpclient.netty.request.NettyRequestSender - Using pooled Channel '[id: 0xc04797de, L:/127.0.0.1:58090 - R:localhost/127.0.0.1:7550]' for 'GET' to 'http://localhost:7550/session/4a6cc52cd08ce3188a6765594b9608c7/screenshot'
15:27:47.622 [Forwarding screenshot on session 4a6cc52cd08ce3188a6765594b9608c7 to remote] DEBUG org.asynchttpclient.netty.request.NettyRequestSender - Using open Channel [id: 0xc04797de, L:/127.0.0.1:58090 - R:localhost/127.0.0.1:7550] for GET '/session/4a6cc52cd08ce3188a6765594b9608c7/screenshot'
15:27:47.762 [AsyncHttpClient-1-9] DEBUG org.asynchttpclient.netty.handler.HttpHandler - 

Request DefaultFullHttpRequest(decodeResult: success, version: HTTP/1.1, content: EmptyByteBufBE)
GET /session/4a6cc52cd08ce3188a6765594b9608c7/screenshot HTTP/1.1
User-Agent: selenium/4.7.1 (java windows)
Cache-Control: no-cache
Content-Type: application/json; charset=utf-8
host: localhost:7550
accept: */*

Response DefaultHttpResponse(decodeResult: success, version: HTTP/1.1)
HTTP/1.1 200 OK
Content-Type: application/json; charset=utf-8
cache-control: no-cache
content-length: 38788

15:27:47.762 [AsyncHttpClient-1-9] DEBUG org.asynchttpclient.netty.channel.ChannelManager - Adding key: http://localhost:7550 for channel [id: 0xc04797de, L:/127.0.0.1:58090 - R:localhost/127.0.0.1:7550]
15:27:47.764 [main] DEBUG net.serenitybdd.core.photography.Darkroom - Send negative for processing for target\site\serenity\a3b85c4241b18ff6ea4ee181bd8004bde8bc8793ba03ad60de87ca03b5842bb0.png
15:27:47.764 [main] DEBUG net.thucydides.core.steps.StepInterceptor - STEP DONE: diHomepageAltaShop
15:27:47.769 [main] DEBUG net.thucydides.core.steps.StepInterceptor - STARTING STEP: TransaksiSteps.userBeradaDiHomepageAltaShopDanLoginAkun - klikButtonLogin
15:27:47.772 [Forwarding findElement on session 4a6cc52cd08ce3188a6765594b9608c7 to remote] DEBUG org.asynchttpclient.netty.request.NettyRequestSender - Using pooled Channel '[id: 0xc04797de, L:/127.0.0.1:58090 - R:localhost/127.0.0.1:7550]' for 'POST' to 'http://localhost:7550/session/4a6cc52cd08ce3188a6765594b9608c7/element'
15:27:47.772 [Forwarding findElement on session 4a6cc52cd08ce3188a6765594b9608c7 to remote] DEBUG org.asynchttpclient.netty.request.NettyRequestSender - Using open Channel [id: 0xc04797de, L:/127.0.0.1:58090 - R:localhost/127.0.0.1:7550] for POST '/session/4a6cc52cd08ce3188a6765594b9608c7/element'
15:27:48.646 [AsyncHttpClient-1-1] DEBUG org.asynchttpclient.netty.channel.DefaultChannelPool - Entry count for : http://localhost:58091 : 1
15:27:49.748 [AsyncHttpClient-1-1] DEBUG org.asynchttpclient.netty.channel.DefaultChannelPool - Entry count for : http://localhost:58091 : 1
15:27:50.111 [AsyncHttpClient-1-9] DEBUG org.asynchttpclient.netty.handler.HttpHandler - 

Request DefaultHttpRequest(decodeResult: success, version: HTTP/1.1)
POST /session/4a6cc52cd08ce3188a6765594b9608c7/element HTTP/1.1
User-Agent: selenium/4.7.1 (java windows)
Content-Length: 108
Content-Type: application/json; charset=utf-8
host: localhost:7550
accept: */*

Response DefaultHttpResponse(decodeResult: success, version: HTTP/1.1)
HTTP/1.1 200 OK
Content-Type: application/json; charset=utf-8
cache-control: no-cache
content-length: 94

15:27:50.111 [AsyncHttpClient-1-9] DEBUG org.asynchttpclient.netty.channel.ChannelManager - Adding key: http://localhost:7550 for channel [id: 0xc04797de, L:/127.0.0.1:58090 - R:localhost/127.0.0.1:7550]
15:27:50.112 [Forwarding getElementTagName on session 4a6cc52cd08ce3188a6765594b9608c7 to remote] DEBUG org.asynchttpclient.netty.request.NettyRequestSender - Using pooled Channel '[id: 0xc04797de, L:/127.0.0.1:58090 - R:localhost/127.0.0.1:7550]' for 'GET' to 'http://localhost:7550/session/4a6cc52cd08ce3188a6765594b9608c7/element/871043335468CA1598EC148CA7BC8002_element_5/name'
15:27:50.112 [Forwarding getElementTagName on session 4a6cc52cd08ce3188a6765594b9608c7 to remote] DEBUG org.asynchttpclient.netty.request.NettyRequestSender - Using open Channel [id: 0xc04797de, L:/127.0.0.1:58090 - R:localhost/127.0.0.1:7550] for GET '/session/4a6cc52cd08ce3188a6765594b9608c7/element/871043335468CA1598EC148CA7BC8002_element_5/name'
15:27:50.118 [AsyncHttpClient-1-9] DEBUG org.asynchttpclient.netty.handler.HttpHandler - 

Request DefaultFullHttpRequest(decodeResult: success, version: HTTP/1.1, content: EmptyByteBufBE)
GET /session/4a6cc52cd08ce3188a6765594b9608c7/element/871043335468CA1598EC148CA7BC8002_element_5/name HTTP/1.1
User-Agent: selenium/4.7.1 (java windows)
Cache-Control: no-cache
Content-Type: application/json; charset=utf-8
host: localhost:7550
accept: */*

Response DefaultHttpResponse(decodeResult: success, version: HTTP/1.1)
HTTP/1.1 200 OK
Content-Type: application/json; charset=utf-8
cache-control: no-cache
content-length: 18

15:27:50.118 [AsyncHttpClient-1-9] DEBUG org.asynchttpclient.netty.channel.ChannelManager - Adding key: http://localhost:7550 for channel [id: 0xc04797de, L:/127.0.0.1:58090 - R:localhost/127.0.0.1:7550]
15:27:50.119 [Forwarding getElementTagName on session 4a6cc52cd08ce3188a6765594b9608c7 to remote] DEBUG org.asynchttpclient.netty.request.NettyRequestSender - Using pooled Channel '[id: 0xc04797de, L:/127.0.0.1:58090 - R:localhost/127.0.0.1:7550]' for 'GET' to 'http://localhost:7550/session/4a6cc52cd08ce3188a6765594b9608c7/element/871043335468CA1598EC148CA7BC8002_element_5/name'
15:27:50.119 [Forwarding getElementTagName on session 4a6cc52cd08ce3188a6765594b9608c7 to remote] DEBUG org.asynchttpclient.netty.request.NettyRequestSender - Using open Channel [id: 0xc04797de, L:/127.0.0.1:58090 - R:localhost/127.0.0.1:7550] for GET '/session/4a6cc52cd08ce3188a6765594b9608c7/element/871043335468CA1598EC148CA7BC8002_element_5/name'
15:27:50.124 [AsyncHttpClient-1-9] DEBUG org.asynchttpclient.netty.handler.HttpHandler - 

Request DefaultFullHttpRequest(decodeResult: success, version: HTTP/1.1, content: EmptyByteBufBE)
GET /session/4a6cc52cd08ce3188a6765594b9608c7/element/871043335468CA1598EC148CA7BC8002_element_5/name HTTP/1.1
User-Agent: selenium/4.7.1 (java windows)
Cache-Control: no-cache
Content-Type: application/json; charset=utf-8
host: localhost:7550
accept: */*

Response DefaultHttpResponse(decodeResult: success, version: HTTP/1.1)
HTTP/1.1 200 OK
Content-Type: application/json; charset=utf-8
cache-control: no-cache
content-length: 18

15:27:50.124 [AsyncHttpClient-1-9] DEBUG org.asynchttpclient.netty.channel.ChannelManager - Adding key: http://localhost:7550 for channel [id: 0xc04797de, L:/127.0.0.1:58090 - R:localhost/127.0.0.1:7550]
15:27:50.125 [Forwarding isElementEnabled on session 4a6cc52cd08ce3188a6765594b9608c7 to remote] DEBUG org.asynchttpclient.netty.request.NettyRequestSender - Using pooled Channel '[id: 0xc04797de, L:/127.0.0.1:58090 - R:localhost/127.0.0.1:7550]' for 'GET' to 'http://localhost:7550/session/4a6cc52cd08ce3188a6765594b9608c7/element/871043335468CA1598EC148CA7BC8002_element_5/enabled'
15:27:50.125 [Forwarding isElementEnabled on session 4a6cc52cd08ce3188a6765594b9608c7 to remote] DEBUG org.asynchttpclient.netty.request.NettyRequestSender - Using open Channel [id: 0xc04797de, L:/127.0.0.1:58090 - R:localhost/127.0.0.1:7550] for GET '/session/4a6cc52cd08ce3188a6765594b9608c7/element/871043335468CA1598EC148CA7BC8002_element_5/enabled'
15:27:50.132 [AsyncHttpClient-1-9] DEBUG org.asynchttpclient.netty.handler.HttpHandler - 

Request DefaultFullHttpRequest(decodeResult: success, version: HTTP/1.1, content: EmptyByteBufBE)
GET /session/4a6cc52cd08ce3188a6765594b9608c7/element/871043335468CA1598EC148CA7BC8002_element_5/enabled HTTP/1.1
User-Agent: selenium/4.7.1 (java windows)
Cache-Control: no-cache
Content-Type: application/json; charset=utf-8
host: localhost:7550
accept: */*

Response DefaultHttpResponse(decodeResult: success, version: HTTP/1.1)
HTTP/1.1 200 OK
Content-Type: application/json; charset=utf-8
cache-control: no-cache
content-length: 14

15:27:50.132 [AsyncHttpClient-1-9] DEBUG org.asynchttpclient.netty.channel.ChannelManager - Adding key: http://localhost:7550 for channel [id: 0xc04797de, L:/127.0.0.1:58090 - R:localhost/127.0.0.1:7550]
15:27:50.132 [Forwarding isElementEnabled on session 4a6cc52cd08ce3188a6765594b9608c7 to remote] DEBUG org.asynchttpclient.netty.request.NettyRequestSender - Using pooled Channel '[id: 0xc04797de, L:/127.0.0.1:58090 - R:localhost/127.0.0.1:7550]' for 'GET' to 'http://localhost:7550/session/4a6cc52cd08ce3188a6765594b9608c7/element/871043335468CA1598EC148CA7BC8002_element_5/enabled'
15:27:50.132 [Forwarding isElementEnabled on session 4a6cc52cd08ce3188a6765594b9608c7 to remote] DEBUG org.asynchttpclient.netty.request.NettyRequestSender - Using open Channel [id: 0xc04797de, L:/127.0.0.1:58090 - R:localhost/127.0.0.1:7550] for GET '/session/4a6cc52cd08ce3188a6765594b9608c7/element/871043335468CA1598EC148CA7BC8002_element_5/enabled'
15:27:50.132 [AsyncHttpClient-1-9] DEBUG org.asynchttpclient.netty.handler.HttpHandler - 

Request DefaultFullHttpRequest(decodeResult: success, version: HTTP/1.1, content: EmptyByteBufBE)
GET /session/4a6cc52cd08ce3188a6765594b9608c7/element/871043335468CA1598EC148CA7BC8002_element_5/enabled HTTP/1.1
User-Agent: selenium/4.7.1 (java windows)
Cache-Control: no-cache
Content-Type: application/json; charset=utf-8
host: localhost:7550
accept: */*

Response DefaultHttpResponse(decodeResult: success, version: HTTP/1.1)
HTTP/1.1 200 OK
Content-Type: application/json; charset=utf-8
cache-control: no-cache
content-length: 14

15:27:50.132 [AsyncHttpClient-1-9] DEBUG org.asynchttpclient.netty.channel.ChannelManager - Adding key: http://localhost:7550 for channel [id: 0xc04797de, L:/127.0.0.1:58090 - R:localhost/127.0.0.1:7550]
15:27:50.132 [Forwarding findElement on session 4a6cc52cd08ce3188a6765594b9608c7 to remote] DEBUG org.asynchttpclient.netty.request.NettyRequestSender - Using pooled Channel '[id: 0xc04797de, L:/127.0.0.1:58090 - R:localhost/127.0.0.1:7550]' for 'POST' to 'http://localhost:7550/session/4a6cc52cd08ce3188a6765594b9608c7/element'
15:27:50.132 [Forwarding findElement on session 4a6cc52cd08ce3188a6765594b9608c7 to remote] DEBUG org.asynchttpclient.netty.request.NettyRequestSender - Using open Channel [id: 0xc04797de, L:/127.0.0.1:58090 - R:localhost/127.0.0.1:7550] for POST '/session/4a6cc52cd08ce3188a6765594b9608c7/element'
15:27:50.163 [AsyncHttpClient-1-9] DEBUG org.asynchttpclient.netty.handler.HttpHandler - 

Request DefaultHttpRequest(decodeResult: success, version: HTTP/1.1)
POST /session/4a6cc52cd08ce3188a6765594b9608c7/element HTTP/1.1
User-Agent: selenium/4.7.1 (java windows)
Content-Length: 108
Content-Type: application/json; charset=utf-8
host: localhost:7550
accept: */*

Response DefaultHttpResponse(decodeResult: success, version: HTTP/1.1)
HTTP/1.1 200 OK
Content-Type: application/json; charset=utf-8
cache-control: no-cache
content-length: 94

15:27:50.163 [AsyncHttpClient-1-9] DEBUG org.asynchttpclient.netty.channel.ChannelManager - Adding key: http://localhost:7550 for channel [id: 0xc04797de, L:/127.0.0.1:58090 - R:localhost/127.0.0.1:7550]
15:27:50.163 [Forwarding clickElement on session 4a6cc52cd08ce3188a6765594b9608c7 to remote] DEBUG org.asynchttpclient.netty.request.NettyRequestSender - Using pooled Channel '[id: 0xc04797de, L:/127.0.0.1:58090 - R:localhost/127.0.0.1:7550]' for 'POST' to 'http://localhost:7550/session/4a6cc52cd08ce3188a6765594b9608c7/element/871043335468CA1598EC148CA7BC8002_element_5/click'
15:27:50.163 [Forwarding clickElement on session 4a6cc52cd08ce3188a6765594b9608c7 to remote] DEBUG org.asynchttpclient.netty.request.NettyRequestSender - Using open Channel [id: 0xc04797de, L:/127.0.0.1:58090 - R:localhost/127.0.0.1:7550] for POST '/session/4a6cc52cd08ce3188a6765594b9608c7/element/871043335468CA1598EC148CA7BC8002_element_5/click'
15:27:50.237 [AsyncHttpClient-1-9] DEBUG org.asynchttpclient.netty.handler.HttpHandler - 

Request DefaultHttpRequest(decodeResult: success, version: HTTP/1.1)
POST /session/4a6cc52cd08ce3188a6765594b9608c7/element/871043335468CA1598EC148CA7BC8002_element_5/click HTTP/1.1
User-Agent: selenium/4.7.1 (java windows)
Content-Length: 56
Content-Type: application/json; charset=utf-8
host: localhost:7550
accept: */*

Response DefaultHttpResponse(decodeResult: success, version: HTTP/1.1)
HTTP/1.1 200 OK
Content-Type: application/json; charset=utf-8
cache-control: no-cache
content-length: 14

15:27:50.237 [AsyncHttpClient-1-9] DEBUG org.asynchttpclient.netty.channel.ChannelManager - Adding key: http://localhost:7550 for channel [id: 0xc04797de, L:/127.0.0.1:58090 - R:localhost/127.0.0.1:7550]
15:27:50.249 [Forwarding getCurrentWindowHandle on session 4a6cc52cd08ce3188a6765594b9608c7 to remote] DEBUG org.asynchttpclient.netty.request.NettyRequestSender - Using pooled Channel '[id: 0xc04797de, L:/127.0.0.1:58090 - R:localhost/127.0.0.1:7550]' for 'GET' to 'http://localhost:7550/session/4a6cc52cd08ce3188a6765594b9608c7/window'
15:27:50.249 [Forwarding getCurrentWindowHandle on session 4a6cc52cd08ce3188a6765594b9608c7 to remote] DEBUG org.asynchttpclient.netty.request.NettyRequestSender - Using open Channel [id: 0xc04797de, L:/127.0.0.1:58090 - R:localhost/127.0.0.1:7550] for GET '/session/4a6cc52cd08ce3188a6765594b9608c7/window'
15:27:50.251 [AsyncHttpClient-1-9] DEBUG org.asynchttpclient.netty.handler.HttpHandler - 

Request DefaultFullHttpRequest(decodeResult: success, version: HTTP/1.1, content: EmptyByteBufBE)
GET /session/4a6cc52cd08ce3188a6765594b9608c7/window HTTP/1.1
User-Agent: selenium/4.7.1 (java windows)
Cache-Control: no-cache
Content-Type: application/json; charset=utf-8
host: localhost:7550
accept: */*

Response DefaultHttpResponse(decodeResult: success, version: HTTP/1.1)
HTTP/1.1 200 OK
Content-Type: application/json; charset=utf-8
cache-control: no-cache
content-length: 44

15:27:50.251 [AsyncHttpClient-1-9] DEBUG org.asynchttpclient.netty.channel.ChannelManager - Adding key: http://localhost:7550 for channel [id: 0xc04797de, L:/127.0.0.1:58090 - R:localhost/127.0.0.1:7550]
15:27:50.252 [Forwarding getAlertText on session 4a6cc52cd08ce3188a6765594b9608c7 to remote] DEBUG org.asynchttpclient.netty.request.NettyRequestSender - Using pooled Channel '[id: 0xc04797de, L:/127.0.0.1:58090 - R:localhost/127.0.0.1:7550]' for 'GET' to 'http://localhost:7550/session/4a6cc52cd08ce3188a6765594b9608c7/alert/text'
15:27:50.253 [Forwarding getAlertText on session 4a6cc52cd08ce3188a6765594b9608c7 to remote] DEBUG org.asynchttpclient.netty.request.NettyRequestSender - Using open Channel [id: 0xc04797de, L:/127.0.0.1:58090 - R:localhost/127.0.0.1:7550] for GET '/session/4a6cc52cd08ce3188a6765594b9608c7/alert/text'
15:27:50.517 [AsyncHttpClient-1-9] DEBUG org.asynchttpclient.netty.handler.HttpHandler - 

Request DefaultFullHttpRequest(decodeResult: success, version: HTTP/1.1, content: EmptyByteBufBE)
GET /session/4a6cc52cd08ce3188a6765594b9608c7/alert/text HTTP/1.1
User-Agent: selenium/4.7.1 (java windows)
Cache-Control: no-cache
Content-Type: application/json; charset=utf-8
host: localhost:7550
accept: */*

Response DefaultHttpResponse(decodeResult: success, version: HTTP/1.1)
HTTP/1.1 404 Not Found
Content-Type: application/json; charset=utf-8
cache-control: no-cache
content-length: 820

15:27:50.518 [AsyncHttpClient-1-9] DEBUG org.asynchttpclient.netty.channel.ChannelManager - Adding key: http://localhost:7550 for channel [id: 0xc04797de, L:/127.0.0.1:58090 - R:localhost/127.0.0.1:7550]
15:27:50.519 [Forwarding switchToWindow on session 4a6cc52cd08ce3188a6765594b9608c7 to remote] DEBUG org.asynchttpclient.netty.request.NettyRequestSender - Using pooled Channel '[id: 0xc04797de, L:/127.0.0.1:58090 - R:localhost/127.0.0.1:7550]' for 'POST' to 'http://localhost:7550/session/4a6cc52cd08ce3188a6765594b9608c7/window'
15:27:50.519 [Forwarding switchToWindow on session 4a6cc52cd08ce3188a6765594b9608c7 to remote] DEBUG org.asynchttpclient.netty.request.NettyRequestSender - Using open Channel [id: 0xc04797de, L:/127.0.0.1:58090 - R:localhost/127.0.0.1:7550] for POST '/session/4a6cc52cd08ce3188a6765594b9608c7/window'
15:27:50.521 [AsyncHttpClient-1-9] DEBUG org.asynchttpclient.netty.handler.HttpHandler - 

Request DefaultHttpRequest(decodeResult: success, version: HTTP/1.1)
POST /session/4a6cc52cd08ce3188a6765594b9608c7/window HTTP/1.1
User-Agent: selenium/4.7.1 (java windows)
Content-Length: 50
Content-Type: application/json; charset=utf-8
host: localhost:7550
accept: */*

Response DefaultHttpResponse(decodeResult: success, version: HTTP/1.1)
HTTP/1.1 200 OK
Content-Type: application/json; charset=utf-8
cache-control: no-cache
content-length: 14

15:27:50.521 [AsyncHttpClient-1-9] DEBUG org.asynchttpclient.netty.channel.ChannelManager - Adding key: http://localhost:7550 for channel [id: 0xc04797de, L:/127.0.0.1:58090 - R:localhost/127.0.0.1:7550]
15:27:50.522 [Forwarding getCurrentUrl on session 4a6cc52cd08ce3188a6765594b9608c7 to remote] DEBUG org.asynchttpclient.netty.request.NettyRequestSender - Using pooled Channel '[id: 0xc04797de, L:/127.0.0.1:58090 - R:localhost/127.0.0.1:7550]' for 'GET' to 'http://localhost:7550/session/4a6cc52cd08ce3188a6765594b9608c7/url'
15:27:50.522 [Forwarding getCurrentUrl on session 4a6cc52cd08ce3188a6765594b9608c7 to remote] DEBUG org.asynchttpclient.netty.request.NettyRequestSender - Using open Channel [id: 0xc04797de, L:/127.0.0.1:58090 - R:localhost/127.0.0.1:7550] for GET '/session/4a6cc52cd08ce3188a6765594b9608c7/url'
15:27:50.530 [AsyncHttpClient-1-9] DEBUG org.asynchttpclient.netty.handler.HttpHandler - 

Request DefaultFullHttpRequest(decodeResult: success, version: HTTP/1.1, content: EmptyByteBufBE)
GET /session/4a6cc52cd08ce3188a6765594b9608c7/url HTTP/1.1
User-Agent: selenium/4.7.1 (java windows)
Cache-Control: no-cache
Content-Type: application/json; charset=utf-8
host: localhost:7550
accept: */*

Response DefaultHttpResponse(decodeResult: success, version: HTTP/1.1)
HTTP/1.1 200 OK
Content-Type: application/json; charset=utf-8
cache-control: no-cache
content-length: 51

15:27:50.530 [AsyncHttpClient-1-9] DEBUG org.asynchttpclient.netty.channel.ChannelManager - Adding key: http://localhost:7550 for channel [id: 0xc04797de, L:/127.0.0.1:58090 - R:localhost/127.0.0.1:7550]
15:27:50.530 [Forwarding screenshot on session 4a6cc52cd08ce3188a6765594b9608c7 to remote] DEBUG org.asynchttpclient.netty.request.NettyRequestSender - Using pooled Channel '[id: 0xc04797de, L:/127.0.0.1:58090 - R:localhost/127.0.0.1:7550]' for 'GET' to 'http://localhost:7550/session/4a6cc52cd08ce3188a6765594b9608c7/screenshot'
15:27:50.530 [Forwarding screenshot on session 4a6cc52cd08ce3188a6765594b9608c7 to remote] DEBUG org.asynchttpclient.netty.request.NettyRequestSender - Using open Channel [id: 0xc04797de, L:/127.0.0.1:58090 - R:localhost/127.0.0.1:7550] for GET '/session/4a6cc52cd08ce3188a6765594b9608c7/screenshot'
15:27:50.619 [AsyncHttpClient-1-9] DEBUG org.asynchttpclient.netty.handler.HttpHandler - 

Request DefaultFullHttpRequest(decodeResult: success, version: HTTP/1.1, content: EmptyByteBufBE)
GET /session/4a6cc52cd08ce3188a6765594b9608c7/screenshot HTTP/1.1
User-Agent: selenium/4.7.1 (java windows)
Cache-Control: no-cache
Content-Type: application/json; charset=utf-8
host: localhost:7550
accept: */*

Response DefaultHttpResponse(decodeResult: success, version: HTTP/1.1)
HTTP/1.1 200 OK
Content-Type: application/json; charset=utf-8
cache-control: no-cache
content-length: 26172

15:27:50.619 [AsyncHttpClient-1-9] DEBUG org.asynchttpclient.netty.channel.ChannelManager - Adding key: http://localhost:7550 for channel [id: 0xc04797de, L:/127.0.0.1:58090 - R:localhost/127.0.0.1:7550]
15:27:50.620 [main] DEBUG net.serenitybdd.core.photography.Darkroom - Send negative for processing for target\site\serenity\f035198f28bcaf95684f4b1a3b9e5d031fc0873bb044f55c4913aef571773aa0.png
15:27:50.621 [main] DEBUG net.thucydides.core.steps.StepInterceptor - STEP DONE: klikButtonLogin
15:27:50.624 [main] DEBUG net.thucydides.core.steps.StepInterceptor - STARTING STEP: TransaksiSteps.userBeradaDiHomepageAltaShopDanLoginAkun - inputEmail
15:27:50.625 [Forwarding findElement on session 4a6cc52cd08ce3188a6765594b9608c7 to remote] DEBUG org.asynchttpclient.netty.request.NettyRequestSender - Using pooled Channel '[id: 0xc04797de, L:/127.0.0.1:58090 - R:localhost/127.0.0.1:7550]' for 'POST' to 'http://localhost:7550/session/4a6cc52cd08ce3188a6765594b9608c7/element'
15:27:50.625 [Forwarding findElement on session 4a6cc52cd08ce3188a6765594b9608c7 to remote] DEBUG org.asynchttpclient.netty.request.NettyRequestSender - Using open Channel [id: 0xc04797de, L:/127.0.0.1:58090 - R:localhost/127.0.0.1:7550] for POST '/session/4a6cc52cd08ce3188a6765594b9608c7/element'
15:27:50.641 [AsyncHttpClient-1-9] DEBUG org.asynchttpclient.netty.handler.HttpHandler - 

Request DefaultHttpRequest(decodeResult: success, version: HTTP/1.1)
POST /session/4a6cc52cd08ce3188a6765594b9608c7/element HTTP/1.1
User-Agent: selenium/4.7.1 (java windows)
Content-Length: 187
Content-Type: application/json; charset=utf-8
host: localhost:7550
accept: */*

Response DefaultHttpResponse(decodeResult: success, version: HTTP/1.1)
HTTP/1.1 200 OK
Content-Type: application/json; charset=utf-8
cache-control: no-cache
content-length: 94

15:27:50.641 [AsyncHttpClient-1-9] DEBUG org.asynchttpclient.netty.channel.ChannelManager - Adding key: http://localhost:7550 for channel [id: 0xc04797de, L:/127.0.0.1:58090 - R:localhost/127.0.0.1:7550]
15:27:50.642 [Forwarding clearElement on session 4a6cc52cd08ce3188a6765594b9608c7 to remote] DEBUG org.asynchttpclient.netty.request.NettyRequestSender - Using pooled Channel '[id: 0xc04797de, L:/127.0.0.1:58090 - R:localhost/127.0.0.1:7550]' for 'POST' to 'http://localhost:7550/session/4a6cc52cd08ce3188a6765594b9608c7/element/871043335468CA1598EC148CA7BC8002_element_8/clear'
15:27:50.642 [Forwarding clearElement on session 4a6cc52cd08ce3188a6765594b9608c7 to remote] DEBUG org.asynchttpclient.netty.request.NettyRequestSender - Using open Channel [id: 0xc04797de, L:/127.0.0.1:58090 - R:localhost/127.0.0.1:7550] for POST '/session/4a6cc52cd08ce3188a6765594b9608c7/element/871043335468CA1598EC148CA7BC8002_element_8/clear'
15:27:50.682 [AsyncHttpClient-1-9] DEBUG org.asynchttpclient.netty.handler.HttpHandler - 

Request DefaultHttpRequest(decodeResult: success, version: HTTP/1.1)
POST /session/4a6cc52cd08ce3188a6765594b9608c7/element/871043335468CA1598EC148CA7BC8002_element_8/clear HTTP/1.1
User-Agent: selenium/4.7.1 (java windows)
Content-Length: 56
Content-Type: application/json; charset=utf-8
host: localhost:7550
accept: */*

Response DefaultHttpResponse(decodeResult: success, version: HTTP/1.1)
HTTP/1.1 200 OK
Content-Type: application/json; charset=utf-8
cache-control: no-cache
content-length: 14

15:27:50.683 [AsyncHttpClient-1-9] DEBUG org.asynchttpclient.netty.channel.ChannelManager - Adding key: http://localhost:7550 for channel [id: 0xc04797de, L:/127.0.0.1:58090 - R:localhost/127.0.0.1:7550]
15:27:50.684 [Forwarding sendKeysToElement on session 4a6cc52cd08ce3188a6765594b9608c7 to remote] DEBUG org.asynchttpclient.netty.request.NettyRequestSender - Using pooled Channel '[id: 0xc04797de, L:/127.0.0.1:58090 - R:localhost/127.0.0.1:7550]' for 'POST' to 'http://localhost:7550/session/4a6cc52cd08ce3188a6765594b9608c7/element/871043335468CA1598EC148CA7BC8002_element_8/value'
15:27:50.684 [Forwarding sendKeysToElement on session 4a6cc52cd08ce3188a6765594b9608c7 to remote] DEBUG org.asynchttpclient.netty.request.NettyRequestSender - Using open Channel [id: 0xc04797de, L:/127.0.0.1:58090 - R:localhost/127.0.0.1:7550] for POST '/session/4a6cc52cd08ce3188a6765594b9608c7/element/871043335468CA1598EC148CA7BC8002_element_8/value'
15:27:50.795 [AsyncHttpClient-1-9] DEBUG org.asynchttpclient.netty.handler.HttpHandler - 

Request DefaultHttpRequest(decodeResult: success, version: HTTP/1.1)
POST /session/4a6cc52cd08ce3188a6765594b9608c7/element/871043335468CA1598EC148CA7BC8002_element_8/value HTTP/1.1
User-Agent: selenium/4.7.1 (java windows)
Content-Length: 217
Content-Type: application/json; charset=utf-8
host: localhost:7550
accept: */*

Response DefaultHttpResponse(decodeResult: success, version: HTTP/1.1)
HTTP/1.1 200 OK
Content-Type: application/json; charset=utf-8
cache-control: no-cache
content-length: 14

15:27:50.795 [AsyncHttpClient-1-9] DEBUG org.asynchttpclient.netty.channel.ChannelManager - Adding key: http://localhost:7550 for channel [id: 0xc04797de, L:/127.0.0.1:58090 - R:localhost/127.0.0.1:7550]
15:27:50.803 [Forwarding getCurrentWindowHandle on session 4a6cc52cd08ce3188a6765594b9608c7 to remote] DEBUG org.asynchttpclient.netty.request.NettyRequestSender - Using pooled Channel '[id: 0xc04797de, L:/127.0.0.1:58090 - R:localhost/127.0.0.1:7550]' for 'GET' to 'http://localhost:7550/session/4a6cc52cd08ce3188a6765594b9608c7/window'
15:27:50.803 [Forwarding getCurrentWindowHandle on session 4a6cc52cd08ce3188a6765594b9608c7 to remote] DEBUG org.asynchttpclient.netty.request.NettyRequestSender - Using open Channel [id: 0xc04797de, L:/127.0.0.1:58090 - R:localhost/127.0.0.1:7550] for GET '/session/4a6cc52cd08ce3188a6765594b9608c7/window'
15:27:50.804 [AsyncHttpClient-1-9] DEBUG org.asynchttpclient.netty.handler.HttpHandler - 

Request DefaultFullHttpRequest(decodeResult: success, version: HTTP/1.1, content: EmptyByteBufBE)
GET /session/4a6cc52cd08ce3188a6765594b9608c7/window HTTP/1.1
User-Agent: selenium/4.7.1 (java windows)
Cache-Control: no-cache
Content-Type: application/json; charset=utf-8
host: localhost:7550
accept: */*

Response DefaultHttpResponse(decodeResult: success, version: HTTP/1.1)
HTTP/1.1 200 OK
Content-Type: application/json; charset=utf-8
cache-control: no-cache
content-length: 44

15:27:50.804 [AsyncHttpClient-1-9] DEBUG org.asynchttpclient.netty.channel.ChannelManager - Adding key: http://localhost:7550 for channel [id: 0xc04797de, L:/127.0.0.1:58090 - R:localhost/127.0.0.1:7550]
15:27:50.805 [Forwarding getAlertText on session 4a6cc52cd08ce3188a6765594b9608c7 to remote] DEBUG org.asynchttpclient.netty.request.NettyRequestSender - Using pooled Channel '[id: 0xc04797de, L:/127.0.0.1:58090 - R:localhost/127.0.0.1:7550]' for 'GET' to 'http://localhost:7550/session/4a6cc52cd08ce3188a6765594b9608c7/alert/text'
15:27:50.805 [Forwarding getAlertText on session 4a6cc52cd08ce3188a6765594b9608c7 to remote] DEBUG org.asynchttpclient.netty.request.NettyRequestSender - Using open Channel [id: 0xc04797de, L:/127.0.0.1:58090 - R:localhost/127.0.0.1:7550] for GET '/session/4a6cc52cd08ce3188a6765594b9608c7/alert/text'
15:27:50.806 [AsyncHttpClient-1-9] DEBUG org.asynchttpclient.netty.handler.HttpHandler - 

Request DefaultFullHttpRequest(decodeResult: success, version: HTTP/1.1, content: EmptyByteBufBE)
GET /session/4a6cc52cd08ce3188a6765594b9608c7/alert/text HTTP/1.1
User-Agent: selenium/4.7.1 (java windows)
Cache-Control: no-cache
Content-Type: application/json; charset=utf-8
host: localhost:7550
accept: */*

Response DefaultHttpResponse(decodeResult: success, version: HTTP/1.1)
HTTP/1.1 404 Not Found
Content-Type: application/json; charset=utf-8
cache-control: no-cache
content-length: 820

15:27:50.806 [AsyncHttpClient-1-9] DEBUG org.asynchttpclient.netty.channel.ChannelManager - Adding key: http://localhost:7550 for channel [id: 0xc04797de, L:/127.0.0.1:58090 - R:localhost/127.0.0.1:7550]
15:27:50.808 [Forwarding switchToWindow on session 4a6cc52cd08ce3188a6765594b9608c7 to remote] DEBUG org.asynchttpclient.netty.request.NettyRequestSender - Using pooled Channel '[id: 0xc04797de, L:/127.0.0.1:58090 - R:localhost/127.0.0.1:7550]' for 'POST' to 'http://localhost:7550/session/4a6cc52cd08ce3188a6765594b9608c7/window'
15:27:50.808 [Forwarding switchToWindow on session 4a6cc52cd08ce3188a6765594b9608c7 to remote] DEBUG org.asynchttpclient.netty.request.NettyRequestSender - Using open Channel [id: 0xc04797de, L:/127.0.0.1:58090 - R:localhost/127.0.0.1:7550] for POST '/session/4a6cc52cd08ce3188a6765594b9608c7/window'
15:27:50.809 [AsyncHttpClient-1-9] DEBUG org.asynchttpclient.netty.handler.HttpHandler - 

Request DefaultHttpRequest(decodeResult: success, version: HTTP/1.1)
POST /session/4a6cc52cd08ce3188a6765594b9608c7/window HTTP/1.1
User-Agent: selenium/4.7.1 (java windows)
Content-Length: 50
Content-Type: application/json; charset=utf-8
host: localhost:7550
accept: */*

Response DefaultHttpResponse(decodeResult: success, version: HTTP/1.1)
HTTP/1.1 200 OK
Content-Type: application/json; charset=utf-8
cache-control: no-cache
content-length: 14

15:27:50.809 [AsyncHttpClient-1-9] DEBUG org.asynchttpclient.netty.channel.ChannelManager - Adding key: http://localhost:7550 for channel [id: 0xc04797de, L:/127.0.0.1:58090 - R:localhost/127.0.0.1:7550]
15:27:50.810 [Forwarding getCurrentUrl on session 4a6cc52cd08ce3188a6765594b9608c7 to remote] DEBUG org.asynchttpclient.netty.request.NettyRequestSender - Using pooled Channel '[id: 0xc04797de, L:/127.0.0.1:58090 - R:localhost/127.0.0.1:7550]' for 'GET' to 'http://localhost:7550/session/4a6cc52cd08ce3188a6765594b9608c7/url'
15:27:50.810 [Forwarding getCurrentUrl on session 4a6cc52cd08ce3188a6765594b9608c7 to remote] DEBUG org.asynchttpclient.netty.request.NettyRequestSender - Using open Channel [id: 0xc04797de, L:/127.0.0.1:58090 - R:localhost/127.0.0.1:7550] for GET '/session/4a6cc52cd08ce3188a6765594b9608c7/url'
15:27:50.814 [AsyncHttpClient-1-9] DEBUG org.asynchttpclient.netty.handler.HttpHandler - 

Request DefaultFullHttpRequest(decodeResult: success, version: HTTP/1.1, content: EmptyByteBufBE)
GET /session/4a6cc52cd08ce3188a6765594b9608c7/url HTTP/1.1
User-Agent: selenium/4.7.1 (java windows)
Cache-Control: no-cache
Content-Type: application/json; charset=utf-8
host: localhost:7550
accept: */*

Response DefaultHttpResponse(decodeResult: success, version: HTTP/1.1)
HTTP/1.1 200 OK
Content-Type: application/json; charset=utf-8
cache-control: no-cache
content-length: 51

15:27:50.815 [AsyncHttpClient-1-9] DEBUG org.asynchttpclient.netty.channel.ChannelManager - Adding key: http://localhost:7550 for channel [id: 0xc04797de, L:/127.0.0.1:58090 - R:localhost/127.0.0.1:7550]
15:27:50.815 [Forwarding screenshot on session 4a6cc52cd08ce3188a6765594b9608c7 to remote] DEBUG org.asynchttpclient.netty.request.NettyRequestSender - Using pooled Channel '[id: 0xc04797de, L:/127.0.0.1:58090 - R:localhost/127.0.0.1:7550]' for 'GET' to 'http://localhost:7550/session/4a6cc52cd08ce3188a6765594b9608c7/screenshot'
15:27:50.815 [Forwarding screenshot on session 4a6cc52cd08ce3188a6765594b9608c7 to remote] DEBUG org.asynchttpclient.netty.request.NettyRequestSender - Using open Channel [id: 0xc04797de, L:/127.0.0.1:58090 - R:localhost/127.0.0.1:7550] for GET '/session/4a6cc52cd08ce3188a6765594b9608c7/screenshot'
15:27:50.847 [AsyncHttpClient-1-1] DEBUG org.asynchttpclient.netty.channel.DefaultChannelPool - Entry count for : http://localhost:58091 : 1
15:27:50.950 [AsyncHttpClient-1-9] DEBUG org.asynchttpclient.netty.handler.HttpHandler - 

Request DefaultFullHttpRequest(decodeResult: success, version: HTTP/1.1, content: EmptyByteBufBE)
GET /session/4a6cc52cd08ce3188a6765594b9608c7/screenshot HTTP/1.1
User-Agent: selenium/4.7.1 (java windows)
Cache-Control: no-cache
Content-Type: application/json; charset=utf-8
host: localhost:7550
accept: */*

Response DefaultHttpResponse(decodeResult: success, version: HTTP/1.1)
HTTP/1.1 200 OK
Content-Type: application/json; charset=utf-8
cache-control: no-cache
content-length: 29800

15:27:50.950 [AsyncHttpClient-1-9] DEBUG org.asynchttpclient.netty.channel.ChannelManager - Adding key: http://localhost:7550 for channel [id: 0xc04797de, L:/127.0.0.1:58090 - R:localhost/127.0.0.1:7550]
15:27:50.952 [main] DEBUG net.serenitybdd.core.photography.Darkroom - Send negative for processing for target\site\serenity\1c959aa4a248408058f11c2405c7c8cb2667797827ee01dcd84d8b8fcfdbb250.png
15:27:50.952 [main] DEBUG net.thucydides.core.steps.StepInterceptor - STEP DONE: inputEmail
15:27:50.952 [Darkroom Processing Line] DEBUG net.serenitybdd.core.photography.DarkroomProcessingLine - Processing screenshot image in /var/screenshots/screenshot-14996710078190904928
15:27:50.952 [Darkroom Processing Line] DEBUG net.serenitybdd.core.photography.DarkroomProcessingLine - Saving screenshot to target\site\serenity\1c959aa4a248408058f11c2405c7c8cb2667797827ee01dcd84d8b8fcfdbb250.png
15:27:50.957 [main] DEBUG net.thucydides.core.steps.StepInterceptor - STARTING STEP: TransaksiSteps.userBeradaDiHomepageAltaShopDanLoginAkun - inputPassword
15:27:50.959 [Forwarding findElement on session 4a6cc52cd08ce3188a6765594b9608c7 to remote] DEBUG org.asynchttpclient.netty.request.NettyRequestSender - Using pooled Channel '[id: 0xc04797de, L:/127.0.0.1:58090 - R:localhost/127.0.0.1:7550]' for 'POST' to 'http://localhost:7550/session/4a6cc52cd08ce3188a6765594b9608c7/element'
15:27:50.959 [Forwarding findElement on session 4a6cc52cd08ce3188a6765594b9608c7 to remote] DEBUG org.asynchttpclient.netty.request.NettyRequestSender - Using open Channel [id: 0xc04797de, L:/127.0.0.1:58090 - R:localhost/127.0.0.1:7550] for POST '/session/4a6cc52cd08ce3188a6765594b9608c7/element'
15:27:50.972 [AsyncHttpClient-1-9] DEBUG org.asynchttpclient.netty.handler.HttpHandler - 

Request DefaultHttpRequest(decodeResult: success, version: HTTP/1.1)
POST /session/4a6cc52cd08ce3188a6765594b9608c7/element HTTP/1.1
User-Agent: selenium/4.7.1 (java windows)
Content-Length: 187
Content-Type: application/json; charset=utf-8
host: localhost:7550
accept: */*

Response DefaultHttpResponse(decodeResult: success, version: HTTP/1.1)
HTTP/1.1 200 OK
Content-Type: application/json; charset=utf-8
cache-control: no-cache
content-length: 95

15:27:50.973 [AsyncHttpClient-1-9] DEBUG org.asynchttpclient.netty.channel.ChannelManager - Adding key: http://localhost:7550 for channel [id: 0xc04797de, L:/127.0.0.1:58090 - R:localhost/127.0.0.1:7550]
15:27:50.973 [Forwarding clearElement on session 4a6cc52cd08ce3188a6765594b9608c7 to remote] DEBUG org.asynchttpclient.netty.request.NettyRequestSender - Using pooled Channel '[id: 0xc04797de, L:/127.0.0.1:58090 - R:localhost/127.0.0.1:7550]' for 'POST' to 'http://localhost:7550/session/4a6cc52cd08ce3188a6765594b9608c7/element/871043335468CA1598EC148CA7BC8002_element_10/clear'
15:27:50.973 [Forwarding clearElement on session 4a6cc52cd08ce3188a6765594b9608c7 to remote] DEBUG org.asynchttpclient.netty.request.NettyRequestSender - Using open Channel [id: 0xc04797de, L:/127.0.0.1:58090 - R:localhost/127.0.0.1:7550] for POST '/session/4a6cc52cd08ce3188a6765594b9608c7/element/871043335468CA1598EC148CA7BC8002_element_10/clear'
15:27:51.006 [AsyncHttpClient-1-9] DEBUG org.asynchttpclient.netty.handler.HttpHandler - 

Request DefaultHttpRequest(decodeResult: success, version: HTTP/1.1)
POST /session/4a6cc52cd08ce3188a6765594b9608c7/element/871043335468CA1598EC148CA7BC8002_element_10/clear HTTP/1.1
User-Agent: selenium/4.7.1 (java windows)
Content-Length: 57
Content-Type: application/json; charset=utf-8
host: localhost:7550
accept: */*

Response DefaultHttpResponse(decodeResult: success, version: HTTP/1.1)
HTTP/1.1 200 OK
Content-Type: application/json; charset=utf-8
cache-control: no-cache
content-length: 14

15:27:51.006 [AsyncHttpClient-1-9] DEBUG org.asynchttpclient.netty.channel.ChannelManager - Adding key: http://localhost:7550 for channel [id: 0xc04797de, L:/127.0.0.1:58090 - R:localhost/127.0.0.1:7550]
15:27:51.007 [Forwarding sendKeysToElement on session 4a6cc52cd08ce3188a6765594b9608c7 to remote] DEBUG org.asynchttpclient.netty.request.NettyRequestSender - Using pooled Channel '[id: 0xc04797de, L:/127.0.0.1:58090 - R:localhost/127.0.0.1:7550]' for 'POST' to 'http://localhost:7550/session/4a6cc52cd08ce3188a6765594b9608c7/element/871043335468CA1598EC148CA7BC8002_element_10/value'
15:27:51.007 [Forwarding sendKeysToElement on session 4a6cc52cd08ce3188a6765594b9608c7 to remote] DEBUG org.asynchttpclient.netty.request.NettyRequestSender - Using open Channel [id: 0xc04797de, L:/127.0.0.1:58090 - R:localhost/127.0.0.1:7550] for POST '/session/4a6cc52cd08ce3188a6765594b9608c7/element/871043335468CA1598EC148CA7BC8002_element_10/value'
15:27:51.074 [AsyncHttpClient-1-9] DEBUG org.asynchttpclient.netty.handler.HttpHandler - 

Request DefaultHttpRequest(decodeResult: success, version: HTTP/1.1)
POST /session/4a6cc52cd08ce3188a6765594b9608c7/element/871043335468CA1598EC148CA7BC8002_element_10/value HTTP/1.1
User-Agent: selenium/4.7.1 (java windows)
Content-Length: 118
Content-Type: application/json; charset=utf-8
host: localhost:7550
accept: */*

Response DefaultHttpResponse(decodeResult: success, version: HTTP/1.1)
HTTP/1.1 200 OK
Content-Type: application/json; charset=utf-8
cache-control: no-cache
content-length: 14

15:27:51.074 [AsyncHttpClient-1-9] DEBUG org.asynchttpclient.netty.channel.ChannelManager - Adding key: http://localhost:7550 for channel [id: 0xc04797de, L:/127.0.0.1:58090 - R:localhost/127.0.0.1:7550]
15:27:51.080 [Forwarding getCurrentWindowHandle on session 4a6cc52cd08ce3188a6765594b9608c7 to remote] DEBUG org.asynchttpclient.netty.request.NettyRequestSender - Using pooled Channel '[id: 0xc04797de, L:/127.0.0.1:58090 - R:localhost/127.0.0.1:7550]' for 'GET' to 'http://localhost:7550/session/4a6cc52cd08ce3188a6765594b9608c7/window'
15:27:51.080 [Forwarding getCurrentWindowHandle on session 4a6cc52cd08ce3188a6765594b9608c7 to remote] DEBUG org.asynchttpclient.netty.request.NettyRequestSender - Using open Channel [id: 0xc04797de, L:/127.0.0.1:58090 - R:localhost/127.0.0.1:7550] for GET '/session/4a6cc52cd08ce3188a6765594b9608c7/window'
15:27:51.080 [AsyncHttpClient-1-9] DEBUG org.asynchttpclient.netty.handler.HttpHandler - 

Request DefaultFullHttpRequest(decodeResult: success, version: HTTP/1.1, content: EmptyByteBufBE)
GET /session/4a6cc52cd08ce3188a6765594b9608c7/window HTTP/1.1
User-Agent: selenium/4.7.1 (java windows)
Cache-Control: no-cache
Content-Type: application/json; charset=utf-8
host: localhost:7550
accept: */*

Response DefaultHttpResponse(decodeResult: success, version: HTTP/1.1)
HTTP/1.1 200 OK
Content-Type: application/json; charset=utf-8
cache-control: no-cache
content-length: 44

15:27:51.080 [AsyncHttpClient-1-9] DEBUG org.asynchttpclient.netty.channel.ChannelManager - Adding key: http://localhost:7550 for channel [id: 0xc04797de, L:/127.0.0.1:58090 - R:localhost/127.0.0.1:7550]
15:27:51.081 [Forwarding getAlertText on session 4a6cc52cd08ce3188a6765594b9608c7 to remote] DEBUG org.asynchttpclient.netty.request.NettyRequestSender - Using pooled Channel '[id: 0xc04797de, L:/127.0.0.1:58090 - R:localhost/127.0.0.1:7550]' for 'GET' to 'http://localhost:7550/session/4a6cc52cd08ce3188a6765594b9608c7/alert/text'
15:27:51.081 [Forwarding getAlertText on session 4a6cc52cd08ce3188a6765594b9608c7 to remote] DEBUG org.asynchttpclient.netty.request.NettyRequestSender - Using open Channel [id: 0xc04797de, L:/127.0.0.1:58090 - R:localhost/127.0.0.1:7550] for GET '/session/4a6cc52cd08ce3188a6765594b9608c7/alert/text'
15:27:51.083 [AsyncHttpClient-1-9] DEBUG org.asynchttpclient.netty.handler.HttpHandler - 

Request DefaultFullHttpRequest(decodeResult: success, version: HTTP/1.1, content: EmptyByteBufBE)
GET /session/4a6cc52cd08ce3188a6765594b9608c7/alert/text HTTP/1.1
User-Agent: selenium/4.7.1 (java windows)
Cache-Control: no-cache
Content-Type: application/json; charset=utf-8
host: localhost:7550
accept: */*

Response DefaultHttpResponse(decodeResult: success, version: HTTP/1.1)
HTTP/1.1 404 Not Found
Content-Type: application/json; charset=utf-8
cache-control: no-cache
content-length: 820

15:27:51.083 [AsyncHttpClient-1-9] DEBUG org.asynchttpclient.netty.channel.ChannelManager - Adding key: http://localhost:7550 for channel [id: 0xc04797de, L:/127.0.0.1:58090 - R:localhost/127.0.0.1:7550]
15:27:51.085 [Forwarding switchToWindow on session 4a6cc52cd08ce3188a6765594b9608c7 to remote] DEBUG org.asynchttpclient.netty.request.NettyRequestSender - Using pooled Channel '[id: 0xc04797de, L:/127.0.0.1:58090 - R:localhost/127.0.0.1:7550]' for 'POST' to 'http://localhost:7550/session/4a6cc52cd08ce3188a6765594b9608c7/window'
15:27:51.085 [Forwarding switchToWindow on session 4a6cc52cd08ce3188a6765594b9608c7 to remote] DEBUG org.asynchttpclient.netty.request.NettyRequestSender - Using open Channel [id: 0xc04797de, L:/127.0.0.1:58090 - R:localhost/127.0.0.1:7550] for POST '/session/4a6cc52cd08ce3188a6765594b9608c7/window'
15:27:51.087 [AsyncHttpClient-1-9] DEBUG org.asynchttpclient.netty.handler.HttpHandler - 

Request DefaultHttpRequest(decodeResult: success, version: HTTP/1.1)
POST /session/4a6cc52cd08ce3188a6765594b9608c7/window HTTP/1.1
User-Agent: selenium/4.7.1 (java windows)
Content-Length: 50
Content-Type: application/json; charset=utf-8
host: localhost:7550
accept: */*

Response DefaultHttpResponse(decodeResult: success, version: HTTP/1.1)
HTTP/1.1 200 OK
Content-Type: application/json; charset=utf-8
cache-control: no-cache
content-length: 14

15:27:51.087 [AsyncHttpClient-1-9] DEBUG org.asynchttpclient.netty.channel.ChannelManager - Adding key: http://localhost:7550 for channel [id: 0xc04797de, L:/127.0.0.1:58090 - R:localhost/127.0.0.1:7550]
15:27:51.087 [Forwarding getCurrentUrl on session 4a6cc52cd08ce3188a6765594b9608c7 to remote] DEBUG org.asynchttpclient.netty.request.NettyRequestSender - Using pooled Channel '[id: 0xc04797de, L:/127.0.0.1:58090 - R:localhost/127.0.0.1:7550]' for 'GET' to 'http://localhost:7550/session/4a6cc52cd08ce3188a6765594b9608c7/url'
15:27:51.087 [Forwarding getCurrentUrl on session 4a6cc52cd08ce3188a6765594b9608c7 to remote] DEBUG org.asynchttpclient.netty.request.NettyRequestSender - Using open Channel [id: 0xc04797de, L:/127.0.0.1:58090 - R:localhost/127.0.0.1:7550] for GET '/session/4a6cc52cd08ce3188a6765594b9608c7/url'
15:27:51.091 [AsyncHttpClient-1-9] DEBUG org.asynchttpclient.netty.handler.HttpHandler - 

Request DefaultFullHttpRequest(decodeResult: success, version: HTTP/1.1, content: EmptyByteBufBE)
GET /session/4a6cc52cd08ce3188a6765594b9608c7/url HTTP/1.1
User-Agent: selenium/4.7.1 (java windows)
Cache-Control: no-cache
Content-Type: application/json; charset=utf-8
host: localhost:7550
accept: */*

Response DefaultHttpResponse(decodeResult: success, version: HTTP/1.1)
HTTP/1.1 200 OK
Content-Type: application/json; charset=utf-8
cache-control: no-cache
content-length: 51

15:27:51.091 [AsyncHttpClient-1-9] DEBUG org.asynchttpclient.netty.channel.ChannelManager - Adding key: http://localhost:7550 for channel [id: 0xc04797de, L:/127.0.0.1:58090 - R:localhost/127.0.0.1:7550]
15:27:51.092 [Forwarding screenshot on session 4a6cc52cd08ce3188a6765594b9608c7 to remote] DEBUG org.asynchttpclient.netty.request.NettyRequestSender - Using pooled Channel '[id: 0xc04797de, L:/127.0.0.1:58090 - R:localhost/127.0.0.1:7550]' for 'GET' to 'http://localhost:7550/session/4a6cc52cd08ce3188a6765594b9608c7/screenshot'
15:27:51.092 [Forwarding screenshot on session 4a6cc52cd08ce3188a6765594b9608c7 to remote] DEBUG org.asynchttpclient.netty.request.NettyRequestSender - Using open Channel [id: 0xc04797de, L:/127.0.0.1:58090 - R:localhost/127.0.0.1:7550] for GET '/session/4a6cc52cd08ce3188a6765594b9608c7/screenshot'
15:27:51.218 [AsyncHttpClient-1-9] DEBUG org.asynchttpclient.netty.handler.HttpHandler - 

Request DefaultFullHttpRequest(decodeResult: success, version: HTTP/1.1, content: EmptyByteBufBE)
GET /session/4a6cc52cd08ce3188a6765594b9608c7/screenshot HTTP/1.1
User-Agent: selenium/4.7.1 (java windows)
Cache-Control: no-cache
Content-Type: application/json; charset=utf-8
host: localhost:7550
accept: */*

Response DefaultHttpResponse(decodeResult: success, version: HTTP/1.1)
HTTP/1.1 200 OK
Content-Type: application/json; charset=utf-8
cache-control: no-cache
content-length: 29812

15:27:51.218 [AsyncHttpClient-1-9] DEBUG org.asynchttpclient.netty.channel.ChannelManager - Adding key: http://localhost:7550 for channel [id: 0xc04797de, L:/127.0.0.1:58090 - R:localhost/127.0.0.1:7550]
15:27:51.219 [main] DEBUG net.serenitybdd.core.photography.Darkroom - Send negative for processing for target\site\serenity\b00930d91074b16e92175ddee81a30174d2dcd24f6313049eb18f6505aab0810.png
15:27:51.219 [main] DEBUG net.thucydides.core.steps.StepInterceptor - STEP DONE: inputPassword
15:27:51.219 [Darkroom Processing Line] DEBUG net.serenitybdd.core.photography.DarkroomProcessingLine - Processing screenshot image in /var/screenshots/screenshot-18265249112496567109
15:27:51.219 [Darkroom Processing Line] DEBUG net.serenitybdd.core.photography.DarkroomProcessingLine - Saving screenshot to target\site\serenity\b00930d91074b16e92175ddee81a30174d2dcd24f6313049eb18f6505aab0810.png
15:27:51.222 [main] DEBUG net.thucydides.core.steps.StepInterceptor - STARTING STEP: TransaksiSteps.userBeradaDiHomepageAltaShopDanLoginAkun - klikButtonLoginKedua
15:27:51.224 [Forwarding findElement on session 4a6cc52cd08ce3188a6765594b9608c7 to remote] DEBUG org.asynchttpclient.netty.request.NettyRequestSender - Using pooled Channel '[id: 0xc04797de, L:/127.0.0.1:58090 - R:localhost/127.0.0.1:7550]' for 'POST' to 'http://localhost:7550/session/4a6cc52cd08ce3188a6765594b9608c7/element'
15:27:51.224 [Forwarding findElement on session 4a6cc52cd08ce3188a6765594b9608c7 to remote] DEBUG org.asynchttpclient.netty.request.NettyRequestSender - Using open Channel [id: 0xc04797de, L:/127.0.0.1:58090 - R:localhost/127.0.0.1:7550] for POST '/session/4a6cc52cd08ce3188a6765594b9608c7/element'
15:27:51.239 [AsyncHttpClient-1-9] DEBUG org.asynchttpclient.netty.handler.HttpHandler - 

Request DefaultHttpRequest(decodeResult: success, version: HTTP/1.1)
POST /session/4a6cc52cd08ce3188a6765594b9608c7/element HTTP/1.1
User-Agent: selenium/4.7.1 (java windows)
Content-Length: 141
Content-Type: application/json; charset=utf-8
host: localhost:7550
accept: */*

Response DefaultHttpResponse(decodeResult: success, version: HTTP/1.1)
HTTP/1.1 200 OK
Content-Type: application/json; charset=utf-8
cache-control: no-cache
content-length: 95

15:27:51.239 [AsyncHttpClient-1-9] DEBUG org.asynchttpclient.netty.channel.ChannelManager - Adding key: http://localhost:7550 for channel [id: 0xc04797de, L:/127.0.0.1:58090 - R:localhost/127.0.0.1:7550]
15:27:51.240 [Forwarding getElementTagName on session 4a6cc52cd08ce3188a6765594b9608c7 to remote] DEBUG org.asynchttpclient.netty.request.NettyRequestSender - Using pooled Channel '[id: 0xc04797de, L:/127.0.0.1:58090 - R:localhost/127.0.0.1:7550]' for 'GET' to 'http://localhost:7550/session/4a6cc52cd08ce3188a6765594b9608c7/element/871043335468CA1598EC148CA7BC8002_element_13/name'
15:27:51.240 [Forwarding getElementTagName on session 4a6cc52cd08ce3188a6765594b9608c7 to remote] DEBUG org.asynchttpclient.netty.request.NettyRequestSender - Using open Channel [id: 0xc04797de, L:/127.0.0.1:58090 - R:localhost/127.0.0.1:7550] for GET '/session/4a6cc52cd08ce3188a6765594b9608c7/element/871043335468CA1598EC148CA7BC8002_element_13/name'
15:27:51.245 [AsyncHttpClient-1-9] DEBUG org.asynchttpclient.netty.handler.HttpHandler - 

Request DefaultFullHttpRequest(decodeResult: success, version: HTTP/1.1, content: EmptyByteBufBE)
GET /session/4a6cc52cd08ce3188a6765594b9608c7/element/871043335468CA1598EC148CA7BC8002_element_13/name HTTP/1.1
User-Agent: selenium/4.7.1 (java windows)
Cache-Control: no-cache
Content-Type: application/json; charset=utf-8
host: localhost:7550
accept: */*

Response DefaultHttpResponse(decodeResult: success, version: HTTP/1.1)
HTTP/1.1 200 OK
Content-Type: application/json; charset=utf-8
cache-control: no-cache
content-length: 18

15:27:51.245 [AsyncHttpClient-1-9] DEBUG org.asynchttpclient.netty.channel.ChannelManager - Adding key: http://localhost:7550 for channel [id: 0xc04797de, L:/127.0.0.1:58090 - R:localhost/127.0.0.1:7550]
15:27:51.245 [Forwarding getElementTagName on session 4a6cc52cd08ce3188a6765594b9608c7 to remote] DEBUG org.asynchttpclient.netty.request.NettyRequestSender - Using pooled Channel '[id: 0xc04797de, L:/127.0.0.1:58090 - R:localhost/127.0.0.1:7550]' for 'GET' to 'http://localhost:7550/session/4a6cc52cd08ce3188a6765594b9608c7/element/871043335468CA1598EC148CA7BC8002_element_13/name'
15:27:51.246 [Forwarding getElementTagName on session 4a6cc52cd08ce3188a6765594b9608c7 to remote] DEBUG org.asynchttpclient.netty.request.NettyRequestSender - Using open Channel [id: 0xc04797de, L:/127.0.0.1:58090 - R:localhost/127.0.0.1:7550] for GET '/session/4a6cc52cd08ce3188a6765594b9608c7/element/871043335468CA1598EC148CA7BC8002_element_13/name'
15:27:51.250 [AsyncHttpClient-1-9] DEBUG org.asynchttpclient.netty.handler.HttpHandler - 

Request DefaultFullHttpRequest(decodeResult: success, version: HTTP/1.1, content: EmptyByteBufBE)
GET /session/4a6cc52cd08ce3188a6765594b9608c7/element/871043335468CA1598EC148CA7BC8002_element_13/name HTTP/1.1
User-Agent: selenium/4.7.1 (java windows)
Cache-Control: no-cache
Content-Type: application/json; charset=utf-8
host: localhost:7550
accept: */*

Response DefaultHttpResponse(decodeResult: success, version: HTTP/1.1)
HTTP/1.1 200 OK
Content-Type: application/json; charset=utf-8
cache-control: no-cache
content-length: 18

15:27:51.250 [AsyncHttpClient-1-9] DEBUG org.asynchttpclient.netty.channel.ChannelManager - Adding key: http://localhost:7550 for channel [id: 0xc04797de, L:/127.0.0.1:58090 - R:localhost/127.0.0.1:7550]
15:27:51.252 [Forwarding isElementEnabled on session 4a6cc52cd08ce3188a6765594b9608c7 to remote] DEBUG org.asynchttpclient.netty.request.NettyRequestSender - Using pooled Channel '[id: 0xc04797de, L:/127.0.0.1:58090 - R:localhost/127.0.0.1:7550]' for 'GET' to 'http://localhost:7550/session/4a6cc52cd08ce3188a6765594b9608c7/element/871043335468CA1598EC148CA7BC8002_element_13/enabled'
15:27:51.253 [Forwarding isElementEnabled on session 4a6cc52cd08ce3188a6765594b9608c7 to remote] DEBUG org.asynchttpclient.netty.request.NettyRequestSender - Using open Channel [id: 0xc04797de, L:/127.0.0.1:58090 - R:localhost/127.0.0.1:7550] for GET '/session/4a6cc52cd08ce3188a6765594b9608c7/element/871043335468CA1598EC148CA7BC8002_element_13/enabled'
15:27:51.261 [AsyncHttpClient-1-9] DEBUG org.asynchttpclient.netty.handler.HttpHandler - 

Request DefaultFullHttpRequest(decodeResult: success, version: HTTP/1.1, content: EmptyByteBufBE)
GET /session/4a6cc52cd08ce3188a6765594b9608c7/element/871043335468CA1598EC148CA7BC8002_element_13/enabled HTTP/1.1
User-Agent: selenium/4.7.1 (java windows)
Cache-Control: no-cache
Content-Type: application/json; charset=utf-8
host: localhost:7550
accept: */*

Response DefaultHttpResponse(decodeResult: success, version: HTTP/1.1)
HTTP/1.1 200 OK
Content-Type: application/json; charset=utf-8
cache-control: no-cache
content-length: 14

15:27:51.261 [AsyncHttpClient-1-9] DEBUG org.asynchttpclient.netty.channel.ChannelManager - Adding key: http://localhost:7550 for channel [id: 0xc04797de, L:/127.0.0.1:58090 - R:localhost/127.0.0.1:7550]
15:27:51.262 [Forwarding isElementEnabled on session 4a6cc52cd08ce3188a6765594b9608c7 to remote] DEBUG org.asynchttpclient.netty.request.NettyRequestSender - Using pooled Channel '[id: 0xc04797de, L:/127.0.0.1:58090 - R:localhost/127.0.0.1:7550]' for 'GET' to 'http://localhost:7550/session/4a6cc52cd08ce3188a6765594b9608c7/element/871043335468CA1598EC148CA7BC8002_element_13/enabled'
15:27:51.262 [Forwarding isElementEnabled on session 4a6cc52cd08ce3188a6765594b9608c7 to remote] DEBUG org.asynchttpclient.netty.request.NettyRequestSender - Using open Channel [id: 0xc04797de, L:/127.0.0.1:58090 - R:localhost/127.0.0.1:7550] for GET '/session/4a6cc52cd08ce3188a6765594b9608c7/element/871043335468CA1598EC148CA7BC8002_element_13/enabled'
15:27:51.270 [AsyncHttpClient-1-9] DEBUG org.asynchttpclient.netty.handler.HttpHandler - 

Request DefaultFullHttpRequest(decodeResult: success, version: HTTP/1.1, content: EmptyByteBufBE)
GET /session/4a6cc52cd08ce3188a6765594b9608c7/element/871043335468CA1598EC148CA7BC8002_element_13/enabled HTTP/1.1
User-Agent: selenium/4.7.1 (java windows)
Cache-Control: no-cache
Content-Type: application/json; charset=utf-8
host: localhost:7550
accept: */*

Response DefaultHttpResponse(decodeResult: success, version: HTTP/1.1)
HTTP/1.1 200 OK
Content-Type: application/json; charset=utf-8
cache-control: no-cache
content-length: 14

15:27:51.271 [AsyncHttpClient-1-9] DEBUG org.asynchttpclient.netty.channel.ChannelManager - Adding key: http://localhost:7550 for channel [id: 0xc04797de, L:/127.0.0.1:58090 - R:localhost/127.0.0.1:7550]
15:27:51.273 [Forwarding findElement on session 4a6cc52cd08ce3188a6765594b9608c7 to remote] DEBUG org.asynchttpclient.netty.request.NettyRequestSender - Using pooled Channel '[id: 0xc04797de, L:/127.0.0.1:58090 - R:localhost/127.0.0.1:7550]' for 'POST' to 'http://localhost:7550/session/4a6cc52cd08ce3188a6765594b9608c7/element'
15:27:51.273 [Forwarding findElement on session 4a6cc52cd08ce3188a6765594b9608c7 to remote] DEBUG org.asynchttpclient.netty.request.NettyRequestSender - Using open Channel [id: 0xc04797de, L:/127.0.0.1:58090 - R:localhost/127.0.0.1:7550] for POST '/session/4a6cc52cd08ce3188a6765594b9608c7/element'
15:27:51.283 [AsyncHttpClient-1-9] DEBUG org.asynchttpclient.netty.handler.HttpHandler - 

Request DefaultHttpRequest(decodeResult: success, version: HTTP/1.1)
POST /session/4a6cc52cd08ce3188a6765594b9608c7/element HTTP/1.1
User-Agent: selenium/4.7.1 (java windows)
Content-Length: 141
Content-Type: application/json; charset=utf-8
host: localhost:7550
accept: */*

Response DefaultHttpResponse(decodeResult: success, version: HTTP/1.1)
HTTP/1.1 200 OK
Content-Type: application/json; charset=utf-8
cache-control: no-cache
content-length: 95

15:27:51.284 [AsyncHttpClient-1-9] DEBUG org.asynchttpclient.netty.channel.ChannelManager - Adding key: http://localhost:7550 for channel [id: 0xc04797de, L:/127.0.0.1:58090 - R:localhost/127.0.0.1:7550]
15:27:51.285 [Forwarding clickElement on session 4a6cc52cd08ce3188a6765594b9608c7 to remote] DEBUG org.asynchttpclient.netty.request.NettyRequestSender - Using pooled Channel '[id: 0xc04797de, L:/127.0.0.1:58090 - R:localhost/127.0.0.1:7550]' for 'POST' to 'http://localhost:7550/session/4a6cc52cd08ce3188a6765594b9608c7/element/871043335468CA1598EC148CA7BC8002_element_13/click'
15:27:51.285 [Forwarding clickElement on session 4a6cc52cd08ce3188a6765594b9608c7 to remote] DEBUG org.asynchttpclient.netty.request.NettyRequestSender - Using open Channel [id: 0xc04797de, L:/127.0.0.1:58090 - R:localhost/127.0.0.1:7550] for POST '/session/4a6cc52cd08ce3188a6765594b9608c7/element/871043335468CA1598EC148CA7BC8002_element_13/click'
15:27:51.359 [AsyncHttpClient-1-9] DEBUG org.asynchttpclient.netty.handler.HttpHandler - 

Request DefaultHttpRequest(decodeResult: success, version: HTTP/1.1)
POST /session/4a6cc52cd08ce3188a6765594b9608c7/element/871043335468CA1598EC148CA7BC8002_element_13/click HTTP/1.1
User-Agent: selenium/4.7.1 (java windows)
Content-Length: 57
Content-Type: application/json; charset=utf-8
host: localhost:7550
accept: */*

Response DefaultHttpResponse(decodeResult: success, version: HTTP/1.1)
HTTP/1.1 200 OK
Content-Type: application/json; charset=utf-8
cache-control: no-cache
content-length: 14

15:27:51.359 [AsyncHttpClient-1-9] DEBUG org.asynchttpclient.netty.channel.ChannelManager - Adding key: http://localhost:7550 for channel [id: 0xc04797de, L:/127.0.0.1:58090 - R:localhost/127.0.0.1:7550]
15:27:51.365 [Forwarding getCurrentWindowHandle on session 4a6cc52cd08ce3188a6765594b9608c7 to remote] DEBUG org.asynchttpclient.netty.request.NettyRequestSender - Using pooled Channel '[id: 0xc04797de, L:/127.0.0.1:58090 - R:localhost/127.0.0.1:7550]' for 'GET' to 'http://localhost:7550/session/4a6cc52cd08ce3188a6765594b9608c7/window'
15:27:51.366 [Forwarding getCurrentWindowHandle on session 4a6cc52cd08ce3188a6765594b9608c7 to remote] DEBUG org.asynchttpclient.netty.request.NettyRequestSender - Using open Channel [id: 0xc04797de, L:/127.0.0.1:58090 - R:localhost/127.0.0.1:7550] for GET '/session/4a6cc52cd08ce3188a6765594b9608c7/window'
15:27:51.367 [AsyncHttpClient-1-9] DEBUG org.asynchttpclient.netty.handler.HttpHandler - 

Request DefaultFullHttpRequest(decodeResult: success, version: HTTP/1.1, content: EmptyByteBufBE)
GET /session/4a6cc52cd08ce3188a6765594b9608c7/window HTTP/1.1
User-Agent: selenium/4.7.1 (java windows)
Cache-Control: no-cache
Content-Type: application/json; charset=utf-8
host: localhost:7550
accept: */*

Response DefaultHttpResponse(decodeResult: success, version: HTTP/1.1)
HTTP/1.1 200 OK
Content-Type: application/json; charset=utf-8
cache-control: no-cache
content-length: 44

15:27:51.367 [AsyncHttpClient-1-9] DEBUG org.asynchttpclient.netty.channel.ChannelManager - Adding key: http://localhost:7550 for channel [id: 0xc04797de, L:/127.0.0.1:58090 - R:localhost/127.0.0.1:7550]
15:27:51.368 [Forwarding getAlertText on session 4a6cc52cd08ce3188a6765594b9608c7 to remote] DEBUG org.asynchttpclient.netty.request.NettyRequestSender - Using pooled Channel '[id: 0xc04797de, L:/127.0.0.1:58090 - R:localhost/127.0.0.1:7550]' for 'GET' to 'http://localhost:7550/session/4a6cc52cd08ce3188a6765594b9608c7/alert/text'
15:27:51.369 [Forwarding getAlertText on session 4a6cc52cd08ce3188a6765594b9608c7 to remote] DEBUG org.asynchttpclient.netty.request.NettyRequestSender - Using open Channel [id: 0xc04797de, L:/127.0.0.1:58090 - R:localhost/127.0.0.1:7550] for GET '/session/4a6cc52cd08ce3188a6765594b9608c7/alert/text'
15:27:51.370 [AsyncHttpClient-1-9] DEBUG org.asynchttpclient.netty.handler.HttpHandler - 

Request DefaultFullHttpRequest(decodeResult: success, version: HTTP/1.1, content: EmptyByteBufBE)
GET /session/4a6cc52cd08ce3188a6765594b9608c7/alert/text HTTP/1.1
User-Agent: selenium/4.7.1 (java windows)
Cache-Control: no-cache
Content-Type: application/json; charset=utf-8
host: localhost:7550
accept: */*

Response DefaultHttpResponse(decodeResult: success, version: HTTP/1.1)
HTTP/1.1 404 Not Found
Content-Type: application/json; charset=utf-8
cache-control: no-cache
content-length: 820

15:27:51.370 [AsyncHttpClient-1-9] DEBUG org.asynchttpclient.netty.channel.ChannelManager - Adding key: http://localhost:7550 for channel [id: 0xc04797de, L:/127.0.0.1:58090 - R:localhost/127.0.0.1:7550]
15:27:51.372 [Forwarding switchToWindow on session 4a6cc52cd08ce3188a6765594b9608c7 to remote] DEBUG org.asynchttpclient.netty.request.NettyRequestSender - Using pooled Channel '[id: 0xc04797de, L:/127.0.0.1:58090 - R:localhost/127.0.0.1:7550]' for 'POST' to 'http://localhost:7550/session/4a6cc52cd08ce3188a6765594b9608c7/window'
15:27:51.373 [Forwarding switchToWindow on session 4a6cc52cd08ce3188a6765594b9608c7 to remote] DEBUG org.asynchttpclient.netty.request.NettyRequestSender - Using open Channel [id: 0xc04797de, L:/127.0.0.1:58090 - R:localhost/127.0.0.1:7550] for POST '/session/4a6cc52cd08ce3188a6765594b9608c7/window'
15:27:51.375 [AsyncHttpClient-1-9] DEBUG org.asynchttpclient.netty.handler.HttpHandler - 

Request DefaultHttpRequest(decodeResult: success, version: HTTP/1.1)
POST /session/4a6cc52cd08ce3188a6765594b9608c7/window HTTP/1.1
User-Agent: selenium/4.7.1 (java windows)
Content-Length: 50
Content-Type: application/json; charset=utf-8
host: localhost:7550
accept: */*

Response DefaultHttpResponse(decodeResult: success, version: HTTP/1.1)
HTTP/1.1 200 OK
Content-Type: application/json; charset=utf-8
cache-control: no-cache
content-length: 14

15:27:51.375 [AsyncHttpClient-1-9] DEBUG org.asynchttpclient.netty.channel.ChannelManager - Adding key: http://localhost:7550 for channel [id: 0xc04797de, L:/127.0.0.1:58090 - R:localhost/127.0.0.1:7550]
15:27:51.375 [Forwarding getCurrentUrl on session 4a6cc52cd08ce3188a6765594b9608c7 to remote] DEBUG org.asynchttpclient.netty.request.NettyRequestSender - Using pooled Channel '[id: 0xc04797de, L:/127.0.0.1:58090 - R:localhost/127.0.0.1:7550]' for 'GET' to 'http://localhost:7550/session/4a6cc52cd08ce3188a6765594b9608c7/url'
15:27:51.375 [Forwarding getCurrentUrl on session 4a6cc52cd08ce3188a6765594b9608c7 to remote] DEBUG org.asynchttpclient.netty.request.NettyRequestSender - Using open Channel [id: 0xc04797de, L:/127.0.0.1:58090 - R:localhost/127.0.0.1:7550] for GET '/session/4a6cc52cd08ce3188a6765594b9608c7/url'
15:27:51.381 [AsyncHttpClient-1-9] DEBUG org.asynchttpclient.netty.handler.HttpHandler - 

Request DefaultFullHttpRequest(decodeResult: success, version: HTTP/1.1, content: EmptyByteBufBE)
GET /session/4a6cc52cd08ce3188a6765594b9608c7/url HTTP/1.1
User-Agent: selenium/4.7.1 (java windows)
Cache-Control: no-cache
Content-Type: application/json; charset=utf-8
host: localhost:7550
accept: */*

Response DefaultHttpResponse(decodeResult: success, version: HTTP/1.1)
HTTP/1.1 200 OK
Content-Type: application/json; charset=utf-8
cache-control: no-cache
content-length: 51

15:27:51.382 [AsyncHttpClient-1-9] DEBUG org.asynchttpclient.netty.channel.ChannelManager - Adding key: http://localhost:7550 for channel [id: 0xc04797de, L:/127.0.0.1:58090 - R:localhost/127.0.0.1:7550]
15:27:51.383 [Forwarding screenshot on session 4a6cc52cd08ce3188a6765594b9608c7 to remote] DEBUG org.asynchttpclient.netty.request.NettyRequestSender - Using pooled Channel '[id: 0xc04797de, L:/127.0.0.1:58090 - R:localhost/127.0.0.1:7550]' for 'GET' to 'http://localhost:7550/session/4a6cc52cd08ce3188a6765594b9608c7/screenshot'
15:27:51.383 [Forwarding screenshot on session 4a6cc52cd08ce3188a6765594b9608c7 to remote] DEBUG org.asynchttpclient.netty.request.NettyRequestSender - Using open Channel [id: 0xc04797de, L:/127.0.0.1:58090 - R:localhost/127.0.0.1:7550] for GET '/session/4a6cc52cd08ce3188a6765594b9608c7/screenshot'
15:27:51.950 [AsyncHttpClient-1-1] DEBUG org.asynchttpclient.netty.channel.DefaultChannelPool - Entry count for : http://localhost:58091 : 1
15:27:53.047 [AsyncHttpClient-1-1] DEBUG org.asynchttpclient.netty.channel.DefaultChannelPool - Entry count for : http://localhost:58091 : 1
15:27:53.201 [AsyncHttpClient-1-9] DEBUG org.asynchttpclient.netty.handler.HttpHandler - 

Request DefaultFullHttpRequest(decodeResult: success, version: HTTP/1.1, content: EmptyByteBufBE)
GET /session/4a6cc52cd08ce3188a6765594b9608c7/screenshot HTTP/1.1
User-Agent: selenium/4.7.1 (java windows)
Cache-Control: no-cache
Content-Type: application/json; charset=utf-8
host: localhost:7550
accept: */*

Response DefaultHttpResponse(decodeResult: success, version: HTTP/1.1)
HTTP/1.1 200 OK
Content-Type: application/json; charset=utf-8
cache-control: no-cache
content-length: 29468

15:27:53.201 [AsyncHttpClient-1-9] DEBUG org.asynchttpclient.netty.channel.ChannelManager - Adding key: http://localhost:7550 for channel [id: 0xc04797de, L:/127.0.0.1:58090 - R:localhost/127.0.0.1:7550]
15:27:53.203 [main] DEBUG net.serenitybdd.core.photography.Darkroom - Send negative for processing for target\site\serenity\f76622dd2f0a201966fe2e97904955ad6cdb6810b2146185c70623e5198571d4.png
15:27:53.203 [main] DEBUG net.thucydides.core.steps.StepInterceptor - STEP DONE: klikButtonLoginKedua
  &amp#27;[32mGiven &amp#27;[0m&amp#27;[32muser berada di Homepage AltaShop dan login akun&amp#27;[0m                   &amp#27;[90m# starter.stepdefinitions.TransaksiSteps.userBeradaDiHomepageAltaShopDanLoginAkun()&amp#27;[0m
15:27:53.203 [Darkroom Processing Line] DEBUG net.serenitybdd.core.photography.DarkroomProcessingLine - Processing screenshot image in /var/screenshots/screenshot-15625970437962409972
15:27:53.203 [Darkroom Processing Line] DEBUG net.serenitybdd.core.photography.DarkroomProcessingLine - Saving screenshot to target\site\serenity\f76622dd2f0a201966fe2e97904955ad6cdb6810b2146185c70623e5198571d4.png
15:27:53.216 [main] DEBUG net.thucydides.core.steps.StepInterceptor - STARTING STEP: TransaksiSteps.userKlikBeliPadaProdukYangDiinginkan - diHomepageKembali
15:27:53.217 [Forwarding findElement on session 4a6cc52cd08ce3188a6765594b9608c7 to remote] DEBUG org.asynchttpclient.netty.request.NettyRequestSender - Using pooled Channel '[id: 0xc04797de, L:/127.0.0.1:58090 - R:localhost/127.0.0.1:7550]' for 'POST' to 'http://localhost:7550/session/4a6cc52cd08ce3188a6765594b9608c7/element'
15:27:53.217 [Forwarding findElement on session 4a6cc52cd08ce3188a6765594b9608c7 to remote] DEBUG org.asynchttpclient.netty.request.NettyRequestSender - Using open Channel [id: 0xc04797de, L:/127.0.0.1:58090 - R:localhost/127.0.0.1:7550] for POST '/session/4a6cc52cd08ce3188a6765594b9608c7/element'
15:27:54.148 [AsyncHttpClient-1-1] DEBUG org.asynchttpclient.netty.channel.DefaultChannelPool - Entry count for : http://localhost:58091 : 1
15:27:55.246 [AsyncHttpClient-1-1] DEBUG org.asynchttpclient.netty.channel.DefaultChannelPool - Entry count for : http://localhost:58091 : 1
15:27:55.535 [AsyncHttpClient-1-9] DEBUG org.asynchttpclient.netty.handler.HttpHandler - 

Request DefaultHttpRequest(decodeResult: success, version: HTTP/1.1)
POST /session/4a6cc52cd08ce3188a6765594b9608c7/element HTTP/1.1
User-Agent: selenium/4.7.1 (java windows)
Content-Length: 184
Content-Type: application/json; charset=utf-8
host: localhost:7550
accept: */*

Response DefaultHttpResponse(decodeResult: success, version: HTTP/1.1)
HTTP/1.1 200 OK
Content-Type: application/json; charset=utf-8
cache-control: no-cache
content-length: 95

15:27:55.535 [AsyncHttpClient-1-9] DEBUG org.asynchttpclient.netty.channel.ChannelManager - Adding key: http://localhost:7550 for channel [id: 0xc04797de, L:/127.0.0.1:58090 - R:localhost/127.0.0.1:7550]
15:27:55.538 [Forwarding isElementDisplayed on session 4a6cc52cd08ce3188a6765594b9608c7 to remote] DEBUG org.asynchttpclient.netty.request.NettyRequestSender - Using pooled Channel '[id: 0xc04797de, L:/127.0.0.1:58090 - R:localhost/127.0.0.1:7550]' for 'POST' to 'http://localhost:7550/session/4a6cc52cd08ce3188a6765594b9608c7/execute/sync'
15:27:55.538 [Forwarding isElementDisplayed on session 4a6cc52cd08ce3188a6765594b9608c7 to remote] DEBUG org.asynchttpclient.netty.request.NettyRequestSender - Using open Channel [id: 0xc04797de, L:/127.0.0.1:58090 - R:localhost/127.0.0.1:7550] for POST '/session/4a6cc52cd08ce3188a6765594b9608c7/execute/sync'
15:27:55.552 [AsyncHttpClient-1-9] DEBUG org.asynchttpclient.netty.handler.HttpHandler - 

Request DefaultHttpRequest(decodeResult: success, version: HTTP/1.1)
POST /session/4a6cc52cd08ce3188a6765594b9608c7/execute/sync HTTP/1.1
User-Agent: selenium/4.7.1 (java windows)
Content-Length: 48787
Content-Type: application/json; charset=utf-8
host: localhost:7550
accept: */*

Response DefaultHttpResponse(decodeResult: success, version: HTTP/1.1)
HTTP/1.1 200 OK
Content-Type: application/json; charset=utf-8
cache-control: no-cache
content-length: 14

15:27:55.552 [AsyncHttpClient-1-9] DEBUG org.asynchttpclient.netty.channel.ChannelManager - Adding key: http://localhost:7550 for channel [id: 0xc04797de, L:/127.0.0.1:58090 - R:localhost/127.0.0.1:7550]
15:27:55.554 [Forwarding isElementDisplayed on session 4a6cc52cd08ce3188a6765594b9608c7 to remote] DEBUG org.asynchttpclient.netty.request.NettyRequestSender - Using pooled Channel '[id: 0xc04797de, L:/127.0.0.1:58090 - R:localhost/127.0.0.1:7550]' for 'POST' to 'http://localhost:7550/session/4a6cc52cd08ce3188a6765594b9608c7/execute/sync'
15:27:55.554 [Forwarding isElementDisplayed on session 4a6cc52cd08ce3188a6765594b9608c7 to remote] DEBUG org.asynchttpclient.netty.request.NettyRequestSender - Using open Channel [id: 0xc04797de, L:/127.0.0.1:58090 - R:localhost/127.0.0.1:7550] for POST '/session/4a6cc52cd08ce3188a6765594b9608c7/execute/sync'
15:27:55.563 [AsyncHttpClient-1-9] DEBUG org.asynchttpclient.netty.handler.HttpHandler - 

Request DefaultHttpRequest(decodeResult: success, version: HTTP/1.1)
POST /session/4a6cc52cd08ce3188a6765594b9608c7/execute/sync HTTP/1.1
User-Agent: selenium/4.7.1 (java windows)
Content-Length: 48787
Content-Type: application/json; charset=utf-8
host: localhost:7550
accept: */*

Response DefaultHttpResponse(decodeResult: success, version: HTTP/1.1)
HTTP/1.1 200 OK
Content-Type: application/json; charset=utf-8
cache-control: no-cache
content-length: 14

15:27:55.563 [AsyncHttpClient-1-9] DEBUG org.asynchttpclient.netty.channel.ChannelManager - Adding key: http://localhost:7550 for channel [id: 0xc04797de, L:/127.0.0.1:58090 - R:localhost/127.0.0.1:7550]
15:27:55.566 [Forwarding getCurrentWindowHandle on session 4a6cc52cd08ce3188a6765594b9608c7 to remote] DEBUG org.asynchttpclient.netty.request.NettyRequestSender - Using pooled Channel '[id: 0xc04797de, L:/127.0.0.1:58090 - R:localhost/127.0.0.1:7550]' for 'GET' to 'http://localhost:7550/session/4a6cc52cd08ce3188a6765594b9608c7/window'
15:27:55.566 [Forwarding getCurrentWindowHandle on session 4a6cc52cd08ce3188a6765594b9608c7 to remote] DEBUG org.asynchttpclient.netty.request.NettyRequestSender - Using open Channel [id: 0xc04797de, L:/127.0.0.1:58090 - R:localhost/127.0.0.1:7550] for GET '/session/4a6cc52cd08ce3188a6765594b9608c7/window'
15:27:55.566 [AsyncHttpClient-1-9] DEBUG org.asynchttpclient.netty.handler.HttpHandler - 

Request DefaultFullHttpRequest(decodeResult: success, version: HTTP/1.1, content: EmptyByteBufBE)
GET /session/4a6cc52cd08ce3188a6765594b9608c7/window HTTP/1.1
User-Agent: selenium/4.7.1 (java windows)
Cache-Control: no-cache
Content-Type: application/json; charset=utf-8
host: localhost:7550
accept: */*

Response DefaultHttpResponse(decodeResult: success, version: HTTP/1.1)
HTTP/1.1 200 OK
Content-Type: application/json; charset=utf-8
cache-control: no-cache
content-length: 44

15:27:55.566 [AsyncHttpClient-1-9] DEBUG org.asynchttpclient.netty.channel.ChannelManager - Adding key: http://localhost:7550 for channel [id: 0xc04797de, L:/127.0.0.1:58090 - R:localhost/127.0.0.1:7550]
15:27:55.566 [Forwarding getAlertText on session 4a6cc52cd08ce3188a6765594b9608c7 to remote] DEBUG org.asynchttpclient.netty.request.NettyRequestSender - Using pooled Channel '[id: 0xc04797de, L:/127.0.0.1:58090 - R:localhost/127.0.0.1:7550]' for 'GET' to 'http://localhost:7550/session/4a6cc52cd08ce3188a6765594b9608c7/alert/text'
15:27:55.566 [Forwarding getAlertText on session 4a6cc52cd08ce3188a6765594b9608c7 to remote] DEBUG org.asynchttpclient.netty.request.NettyRequestSender - Using open Channel [id: 0xc04797de, L:/127.0.0.1:58090 - R:localhost/127.0.0.1:7550] for GET '/session/4a6cc52cd08ce3188a6765594b9608c7/alert/text'
15:27:55.566 [AsyncHttpClient-1-9] DEBUG org.asynchttpclient.netty.handler.HttpHandler - 

Request DefaultFullHttpRequest(decodeResult: success, version: HTTP/1.1, content: EmptyByteBufBE)
GET /session/4a6cc52cd08ce3188a6765594b9608c7/alert/text HTTP/1.1
User-Agent: selenium/4.7.1 (java windows)
Cache-Control: no-cache
Content-Type: application/json; charset=utf-8
host: localhost:7550
accept: */*

Response DefaultHttpResponse(decodeResult: success, version: HTTP/1.1)
HTTP/1.1 404 Not Found
Content-Type: application/json; charset=utf-8
cache-control: no-cache
content-length: 820

15:27:55.566 [AsyncHttpClient-1-9] DEBUG org.asynchttpclient.netty.channel.ChannelManager - Adding key: http://localhost:7550 for channel [id: 0xc04797de, L:/127.0.0.1:58090 - R:localhost/127.0.0.1:7550]
15:27:55.566 [Forwarding switchToWindow on session 4a6cc52cd08ce3188a6765594b9608c7 to remote] DEBUG org.asynchttpclient.netty.request.NettyRequestSender - Using pooled Channel '[id: 0xc04797de, L:/127.0.0.1:58090 - R:localhost/127.0.0.1:7550]' for 'POST' to 'http://localhost:7550/session/4a6cc52cd08ce3188a6765594b9608c7/window'
15:27:55.566 [Forwarding switchToWindow on session 4a6cc52cd08ce3188a6765594b9608c7 to remote] DEBUG org.asynchttpclient.netty.request.NettyRequestSender - Using open Channel [id: 0xc04797de, L:/127.0.0.1:58090 - R:localhost/127.0.0.1:7550] for POST '/session/4a6cc52cd08ce3188a6765594b9608c7/window'
15:27:55.566 [AsyncHttpClient-1-9] DEBUG org.asynchttpclient.netty.handler.HttpHandler - 

Request DefaultHttpRequest(decodeResult: success, version: HTTP/1.1)
POST /session/4a6cc52cd08ce3188a6765594b9608c7/window HTTP/1.1
User-Agent: selenium/4.7.1 (java windows)
Content-Length: 50
Content-Type: application/json; charset=utf-8
host: localhost:7550
accept: */*

Response DefaultHttpResponse(decodeResult: success, version: HTTP/1.1)
HTTP/1.1 200 OK
Content-Type: application/json; charset=utf-8
cache-control: no-cache
content-length: 14

15:27:55.566 [AsyncHttpClient-1-9] DEBUG org.asynchttpclient.netty.channel.ChannelManager - Adding key: http://localhost:7550 for channel [id: 0xc04797de, L:/127.0.0.1:58090 - R:localhost/127.0.0.1:7550]
15:27:55.566 [Forwarding getCurrentUrl on session 4a6cc52cd08ce3188a6765594b9608c7 to remote] DEBUG org.asynchttpclient.netty.request.NettyRequestSender - Using pooled Channel '[id: 0xc04797de, L:/127.0.0.1:58090 - R:localhost/127.0.0.1:7550]' for 'GET' to 'http://localhost:7550/session/4a6cc52cd08ce3188a6765594b9608c7/url'
15:27:55.566 [Forwarding getCurrentUrl on session 4a6cc52cd08ce3188a6765594b9608c7 to remote] DEBUG org.asynchttpclient.netty.request.NettyRequestSender - Using open Channel [id: 0xc04797de, L:/127.0.0.1:58090 - R:localhost/127.0.0.1:7550] for GET '/session/4a6cc52cd08ce3188a6765594b9608c7/url'
15:27:55.566 [AsyncHttpClient-1-9] DEBUG org.asynchttpclient.netty.handler.HttpHandler - 

Request DefaultFullHttpRequest(decodeResult: success, version: HTTP/1.1, content: EmptyByteBufBE)
GET /session/4a6cc52cd08ce3188a6765594b9608c7/url HTTP/1.1
User-Agent: selenium/4.7.1 (java windows)
Cache-Control: no-cache
Content-Type: application/json; charset=utf-8
host: localhost:7550
accept: */*

Response DefaultHttpResponse(decodeResult: success, version: HTTP/1.1)
HTTP/1.1 200 OK
Content-Type: application/json; charset=utf-8
cache-control: no-cache
content-length: 41

15:27:55.566 [AsyncHttpClient-1-9] DEBUG org.asynchttpclient.netty.channel.ChannelManager - Adding key: http://localhost:7550 for channel [id: 0xc04797de, L:/127.0.0.1:58090 - R:localhost/127.0.0.1:7550]
15:27:55.566 [Forwarding screenshot on session 4a6cc52cd08ce3188a6765594b9608c7 to remote] DEBUG org.asynchttpclient.netty.request.NettyRequestSender - Using pooled Channel '[id: 0xc04797de, L:/127.0.0.1:58090 - R:localhost/127.0.0.1:7550]' for 'GET' to 'http://localhost:7550/session/4a6cc52cd08ce3188a6765594b9608c7/screenshot'
15:27:55.566 [Forwarding screenshot on session 4a6cc52cd08ce3188a6765594b9608c7 to remote] DEBUG org.asynchttpclient.netty.request.NettyRequestSender - Using open Channel [id: 0xc04797de, L:/127.0.0.1:58090 - R:localhost/127.0.0.1:7550] for GET '/session/4a6cc52cd08ce3188a6765594b9608c7/screenshot'
15:27:55.635 [AsyncHttpClient-1-9] DEBUG org.asynchttpclient.netty.handler.HttpHandler - 

Request DefaultFullHttpRequest(decodeResult: success, version: HTTP/1.1, content: EmptyByteBufBE)
GET /session/4a6cc52cd08ce3188a6765594b9608c7/screenshot HTTP/1.1
User-Agent: selenium/4.7.1 (java windows)
Cache-Control: no-cache
Content-Type: application/json; charset=utf-8
host: localhost:7550
accept: */*

Response DefaultHttpResponse(decodeResult: success, version: HTTP/1.1)
HTTP/1.1 200 OK
Content-Type: application/json; charset=utf-8
cache-control: no-cache
content-length: 94288

15:27:55.635 [AsyncHttpClient-1-9] DEBUG org.asynchttpclient.netty.channel.ChannelManager - Adding key: http://localhost:7550 for channel [id: 0xc04797de, L:/127.0.0.1:58090 - R:localhost/127.0.0.1:7550]
15:27:55.635 [main] DEBUG net.serenitybdd.core.photography.Darkroom - Send negative for processing for target\site\serenity\e3dc02fde424bcf6426115c7325e9f3de863f59b1bf25e15d8287d411c8398c3.png
15:27:55.635 [main] DEBUG net.thucydides.core.steps.StepInterceptor - STEP DONE: diHomepageKembali
15:27:55.650 [main] DEBUG net.thucydides.core.steps.StepInterceptor - STARTING STEP: TransaksiSteps.userKlikBeliPadaProdukYangDiinginkan - klikButtonBeli
15:27:55.650 [Forwarding findElement on session 4a6cc52cd08ce3188a6765594b9608c7 to remote] DEBUG org.asynchttpclient.netty.request.NettyRequestSender - Using pooled Channel '[id: 0xc04797de, L:/127.0.0.1:58090 - R:localhost/127.0.0.1:7550]' for 'POST' to 'http://localhost:7550/session/4a6cc52cd08ce3188a6765594b9608c7/element'
15:27:55.650 [Forwarding findElement on session 4a6cc52cd08ce3188a6765594b9608c7 to remote] DEBUG org.asynchttpclient.netty.request.NettyRequestSender - Using open Channel [id: 0xc04797de, L:/127.0.0.1:58090 - R:localhost/127.0.0.1:7550] for POST '/session/4a6cc52cd08ce3188a6765594b9608c7/element'
15:27:55.666 [AsyncHttpClient-1-9] DEBUG org.asynchttpclient.netty.handler.HttpHandler - 

Request DefaultHttpRequest(decodeResult: success, version: HTTP/1.1)
POST /session/4a6cc52cd08ce3188a6765594b9608c7/element HTTP/1.1
User-Agent: selenium/4.7.1 (java windows)
Content-Length: 184
Content-Type: application/json; charset=utf-8
host: localhost:7550
accept: */*

Response DefaultHttpResponse(decodeResult: success, version: HTTP/1.1)
HTTP/1.1 200 OK
Content-Type: application/json; charset=utf-8
cache-control: no-cache
content-length: 95

15:27:55.667 [AsyncHttpClient-1-9] DEBUG org.asynchttpclient.netty.channel.ChannelManager - Adding key: http://localhost:7550 for channel [id: 0xc04797de, L:/127.0.0.1:58090 - R:localhost/127.0.0.1:7550]
15:27:55.668 [Forwarding getElementTagName on session 4a6cc52cd08ce3188a6765594b9608c7 to remote] DEBUG org.asynchttpclient.netty.request.NettyRequestSender - Using pooled Channel '[id: 0xc04797de, L:/127.0.0.1:58090 - R:localhost/127.0.0.1:7550]' for 'GET' to 'http://localhost:7550/session/4a6cc52cd08ce3188a6765594b9608c7/element/871043335468CA1598EC148CA7BC8002_element_18/name'
15:27:55.668 [Forwarding getElementTagName on session 4a6cc52cd08ce3188a6765594b9608c7 to remote] DEBUG org.asynchttpclient.netty.request.NettyRequestSender - Using open Channel [id: 0xc04797de, L:/127.0.0.1:58090 - R:localhost/127.0.0.1:7550] for GET '/session/4a6cc52cd08ce3188a6765594b9608c7/element/871043335468CA1598EC148CA7BC8002_element_18/name'
15:27:55.673 [AsyncHttpClient-1-9] DEBUG org.asynchttpclient.netty.handler.HttpHandler - 

Request DefaultFullHttpRequest(decodeResult: success, version: HTTP/1.1, content: EmptyByteBufBE)
GET /session/4a6cc52cd08ce3188a6765594b9608c7/element/871043335468CA1598EC148CA7BC8002_element_18/name HTTP/1.1
User-Agent: selenium/4.7.1 (java windows)
Cache-Control: no-cache
Content-Type: application/json; charset=utf-8
host: localhost:7550
accept: */*

Response DefaultHttpResponse(decodeResult: success, version: HTTP/1.1)
HTTP/1.1 200 OK
Content-Type: application/json; charset=utf-8
cache-control: no-cache
content-length: 18

15:27:55.673 [AsyncHttpClient-1-9] DEBUG org.asynchttpclient.netty.channel.ChannelManager - Adding key: http://localhost:7550 for channel [id: 0xc04797de, L:/127.0.0.1:58090 - R:localhost/127.0.0.1:7550]
15:27:55.674 [Forwarding getElementTagName on session 4a6cc52cd08ce3188a6765594b9608c7 to remote] DEBUG org.asynchttpclient.netty.request.NettyRequestSender - Using pooled Channel '[id: 0xc04797de, L:/127.0.0.1:58090 - R:localhost/127.0.0.1:7550]' for 'GET' to 'http://localhost:7550/session/4a6cc52cd08ce3188a6765594b9608c7/element/871043335468CA1598EC148CA7BC8002_element_18/name'
15:27:55.674 [Forwarding getElementTagName on session 4a6cc52cd08ce3188a6765594b9608c7 to remote] DEBUG org.asynchttpclient.netty.request.NettyRequestSender - Using open Channel [id: 0xc04797de, L:/127.0.0.1:58090 - R:localhost/127.0.0.1:7550] for GET '/session/4a6cc52cd08ce3188a6765594b9608c7/element/871043335468CA1598EC148CA7BC8002_element_18/name'
15:27:55.678 [AsyncHttpClient-1-9] DEBUG org.asynchttpclient.netty.handler.HttpHandler - 

Request DefaultFullHttpRequest(decodeResult: success, version: HTTP/1.1, content: EmptyByteBufBE)
GET /session/4a6cc52cd08ce3188a6765594b9608c7/element/871043335468CA1598EC148CA7BC8002_element_18/name HTTP/1.1
User-Agent: selenium/4.7.1 (java windows)
Cache-Control: no-cache
Content-Type: application/json; charset=utf-8
host: localhost:7550
accept: */*

Response DefaultHttpResponse(decodeResult: success, version: HTTP/1.1)
HTTP/1.1 200 OK
Content-Type: application/json; charset=utf-8
cache-control: no-cache
content-length: 18

15:27:55.678 [AsyncHttpClient-1-9] DEBUG org.asynchttpclient.netty.channel.ChannelManager - Adding key: http://localhost:7550 for channel [id: 0xc04797de, L:/127.0.0.1:58090 - R:localhost/127.0.0.1:7550]
15:27:55.680 [Forwarding isElementEnabled on session 4a6cc52cd08ce3188a6765594b9608c7 to remote] DEBUG org.asynchttpclient.netty.request.NettyRequestSender - Using pooled Channel '[id: 0xc04797de, L:/127.0.0.1:58090 - R:localhost/127.0.0.1:7550]' for 'GET' to 'http://localhost:7550/session/4a6cc52cd08ce3188a6765594b9608c7/element/871043335468CA1598EC148CA7BC8002_element_18/enabled'
15:27:55.680 [Forwarding isElementEnabled on session 4a6cc52cd08ce3188a6765594b9608c7 to remote] DEBUG org.asynchttpclient.netty.request.NettyRequestSender - Using open Channel [id: 0xc04797de, L:/127.0.0.1:58090 - R:localhost/127.0.0.1:7550] for GET '/session/4a6cc52cd08ce3188a6765594b9608c7/element/871043335468CA1598EC148CA7BC8002_element_18/enabled'
15:27:55.687 [AsyncHttpClient-1-9] DEBUG org.asynchttpclient.netty.handler.HttpHandler - 

Request DefaultFullHttpRequest(decodeResult: success, version: HTTP/1.1, content: EmptyByteBufBE)
GET /session/4a6cc52cd08ce3188a6765594b9608c7/element/871043335468CA1598EC148CA7BC8002_element_18/enabled HTTP/1.1
User-Agent: selenium/4.7.1 (java windows)
Cache-Control: no-cache
Content-Type: application/json; charset=utf-8
host: localhost:7550
accept: */*

Response DefaultHttpResponse(decodeResult: success, version: HTTP/1.1)
HTTP/1.1 200 OK
Content-Type: application/json; charset=utf-8
cache-control: no-cache
content-length: 14

15:27:55.687 [AsyncHttpClient-1-9] DEBUG org.asynchttpclient.netty.channel.ChannelManager - Adding key: http://localhost:7550 for channel [id: 0xc04797de, L:/127.0.0.1:58090 - R:localhost/127.0.0.1:7550]
15:27:55.688 [Forwarding isElementEnabled on session 4a6cc52cd08ce3188a6765594b9608c7 to remote] DEBUG org.asynchttpclient.netty.request.NettyRequestSender - Using pooled Channel '[id: 0xc04797de, L:/127.0.0.1:58090 - R:localhost/127.0.0.1:7550]' for 'GET' to 'http://localhost:7550/session/4a6cc52cd08ce3188a6765594b9608c7/element/871043335468CA1598EC148CA7BC8002_element_18/enabled'
15:27:55.688 [Forwarding isElementEnabled on session 4a6cc52cd08ce3188a6765594b9608c7 to remote] DEBUG org.asynchttpclient.netty.request.NettyRequestSender - Using open Channel [id: 0xc04797de, L:/127.0.0.1:58090 - R:localhost/127.0.0.1:7550] for GET '/session/4a6cc52cd08ce3188a6765594b9608c7/element/871043335468CA1598EC148CA7BC8002_element_18/enabled'
15:27:55.694 [AsyncHttpClient-1-9] DEBUG org.asynchttpclient.netty.handler.HttpHandler - 

Request DefaultFullHttpRequest(decodeResult: success, version: HTTP/1.1, content: EmptyByteBufBE)
GET /session/4a6cc52cd08ce3188a6765594b9608c7/element/871043335468CA1598EC148CA7BC8002_element_18/enabled HTTP/1.1
User-Agent: selenium/4.7.1 (java windows)
Cache-Control: no-cache
Content-Type: application/json; charset=utf-8
host: localhost:7550
accept: */*

Response DefaultHttpResponse(decodeResult: success, version: HTTP/1.1)
HTTP/1.1 200 OK
Content-Type: application/json; charset=utf-8
cache-control: no-cache
content-length: 14

15:27:55.694 [AsyncHttpClient-1-9] DEBUG org.asynchttpclient.netty.channel.ChannelManager - Adding key: http://localhost:7550 for channel [id: 0xc04797de, L:/127.0.0.1:58090 - R:localhost/127.0.0.1:7550]
15:27:55.696 [Forwarding findElement on session 4a6cc52cd08ce3188a6765594b9608c7 to remote] DEBUG org.asynchttpclient.netty.request.NettyRequestSender - Using pooled Channel '[id: 0xc04797de, L:/127.0.0.1:58090 - R:localhost/127.0.0.1:7550]' for 'POST' to 'http://localhost:7550/session/4a6cc52cd08ce3188a6765594b9608c7/element'
15:27:55.696 [Forwarding findElement on session 4a6cc52cd08ce3188a6765594b9608c7 to remote] DEBUG org.asynchttpclient.netty.request.NettyRequestSender - Using open Channel [id: 0xc04797de, L:/127.0.0.1:58090 - R:localhost/127.0.0.1:7550] for POST '/session/4a6cc52cd08ce3188a6765594b9608c7/element'
15:27:55.708 [AsyncHttpClient-1-9] DEBUG org.asynchttpclient.netty.handler.HttpHandler - 

Request DefaultHttpRequest(decodeResult: success, version: HTTP/1.1)
POST /session/4a6cc52cd08ce3188a6765594b9608c7/element HTTP/1.1
User-Agent: selenium/4.7.1 (java windows)
Content-Length: 184
Content-Type: application/json; charset=utf-8
host: localhost:7550
accept: */*

Response DefaultHttpResponse(decodeResult: success, version: HTTP/1.1)
HTTP/1.1 200 OK
Content-Type: application/json; charset=utf-8
cache-control: no-cache
content-length: 95

15:27:55.708 [AsyncHttpClient-1-9] DEBUG org.asynchttpclient.netty.channel.ChannelManager - Adding key: http://localhost:7550 for channel [id: 0xc04797de, L:/127.0.0.1:58090 - R:localhost/127.0.0.1:7550]
15:27:55.709 [Forwarding clickElement on session 4a6cc52cd08ce3188a6765594b9608c7 to remote] DEBUG org.asynchttpclient.netty.request.NettyRequestSender - Using pooled Channel '[id: 0xc04797de, L:/127.0.0.1:58090 - R:localhost/127.0.0.1:7550]' for 'POST' to 'http://localhost:7550/session/4a6cc52cd08ce3188a6765594b9608c7/element/871043335468CA1598EC148CA7BC8002_element_18/click'
15:27:55.709 [Forwarding clickElement on session 4a6cc52cd08ce3188a6765594b9608c7 to remote] DEBUG org.asynchttpclient.netty.request.NettyRequestSender - Using open Channel [id: 0xc04797de, L:/127.0.0.1:58090 - R:localhost/127.0.0.1:7550] for POST '/session/4a6cc52cd08ce3188a6765594b9608c7/element/871043335468CA1598EC148CA7BC8002_element_18/click'
15:27:55.844 [AsyncHttpClient-1-9] DEBUG org.asynchttpclient.netty.handler.HttpHandler - 

Request DefaultHttpRequest(decodeResult: success, version: HTTP/1.1)
POST /session/4a6cc52cd08ce3188a6765594b9608c7/element/871043335468CA1598EC148CA7BC8002_element_18/click HTTP/1.1
User-Agent: selenium/4.7.1 (java windows)
Content-Length: 57
Content-Type: application/json; charset=utf-8
host: localhost:7550
accept: */*

Response DefaultHttpResponse(decodeResult: success, version: HTTP/1.1)
HTTP/1.1 200 OK
Content-Type: application/json; charset=utf-8
cache-control: no-cache
content-length: 14

15:27:55.844 [AsyncHttpClient-1-9] DEBUG org.asynchttpclient.netty.channel.ChannelManager - Adding key: http://localhost:7550 for channel [id: 0xc04797de, L:/127.0.0.1:58090 - R:localhost/127.0.0.1:7550]
15:27:55.849 [Forwarding getCurrentWindowHandle on session 4a6cc52cd08ce3188a6765594b9608c7 to remote] DEBUG org.asynchttpclient.netty.request.NettyRequestSender - Using pooled Channel '[id: 0xc04797de, L:/127.0.0.1:58090 - R:localhost/127.0.0.1:7550]' for 'GET' to 'http://localhost:7550/session/4a6cc52cd08ce3188a6765594b9608c7/window'
15:27:55.849 [Forwarding getCurrentWindowHandle on session 4a6cc52cd08ce3188a6765594b9608c7 to remote] DEBUG org.asynchttpclient.netty.request.NettyRequestSender - Using open Channel [id: 0xc04797de, L:/127.0.0.1:58090 - R:localhost/127.0.0.1:7550] for GET '/session/4a6cc52cd08ce3188a6765594b9608c7/window'
15:27:55.849 [AsyncHttpClient-1-9] DEBUG org.asynchttpclient.netty.handler.HttpHandler - 

Request DefaultFullHttpRequest(decodeResult: success, version: HTTP/1.1, content: EmptyByteBufBE)
GET /session/4a6cc52cd08ce3188a6765594b9608c7/window HTTP/1.1
User-Agent: selenium/4.7.1 (java windows)
Cache-Control: no-cache
Content-Type: application/json; charset=utf-8
host: localhost:7550
accept: */*

Response DefaultHttpResponse(decodeResult: success, version: HTTP/1.1)
HTTP/1.1 200 OK
Content-Type: application/json; charset=utf-8
cache-control: no-cache
content-length: 44

15:27:55.849 [AsyncHttpClient-1-9] DEBUG org.asynchttpclient.netty.channel.ChannelManager - Adding key: http://localhost:7550 for channel [id: 0xc04797de, L:/127.0.0.1:58090 - R:localhost/127.0.0.1:7550]
15:27:55.851 [Forwarding getAlertText on session 4a6cc52cd08ce3188a6765594b9608c7 to remote] DEBUG org.asynchttpclient.netty.request.NettyRequestSender - Using pooled Channel '[id: 0xc04797de, L:/127.0.0.1:58090 - R:localhost/127.0.0.1:7550]' for 'GET' to 'http://localhost:7550/session/4a6cc52cd08ce3188a6765594b9608c7/alert/text'
15:27:55.851 [Forwarding getAlertText on session 4a6cc52cd08ce3188a6765594b9608c7 to remote] DEBUG org.asynchttpclient.netty.request.NettyRequestSender - Using open Channel [id: 0xc04797de, L:/127.0.0.1:58090 - R:localhost/127.0.0.1:7550] for GET '/session/4a6cc52cd08ce3188a6765594b9608c7/alert/text'
15:27:55.862 [AsyncHttpClient-1-9] DEBUG org.asynchttpclient.netty.handler.HttpHandler - 

Request DefaultFullHttpRequest(decodeResult: success, version: HTTP/1.1, content: EmptyByteBufBE)
GET /session/4a6cc52cd08ce3188a6765594b9608c7/alert/text HTTP/1.1
User-Agent: selenium/4.7.1 (java windows)
Cache-Control: no-cache
Content-Type: application/json; charset=utf-8
host: localhost:7550
accept: */*

Response DefaultHttpResponse(decodeResult: success, version: HTTP/1.1)
HTTP/1.1 404 Not Found
Content-Type: application/json; charset=utf-8
cache-control: no-cache
content-length: 820

15:27:55.862 [AsyncHttpClient-1-9] DEBUG org.asynchttpclient.netty.channel.ChannelManager - Adding key: http://localhost:7550 for channel [id: 0xc04797de, L:/127.0.0.1:58090 - R:localhost/127.0.0.1:7550]
15:27:55.864 [Forwarding switchToWindow on session 4a6cc52cd08ce3188a6765594b9608c7 to remote] DEBUG org.asynchttpclient.netty.request.NettyRequestSender - Using pooled Channel '[id: 0xc04797de, L:/127.0.0.1:58090 - R:localhost/127.0.0.1:7550]' for 'POST' to 'http://localhost:7550/session/4a6cc52cd08ce3188a6765594b9608c7/window'
15:27:55.864 [Forwarding switchToWindow on session 4a6cc52cd08ce3188a6765594b9608c7 to remote] DEBUG org.asynchttpclient.netty.request.NettyRequestSender - Using open Channel [id: 0xc04797de, L:/127.0.0.1:58090 - R:localhost/127.0.0.1:7550] for POST '/session/4a6cc52cd08ce3188a6765594b9608c7/window'
15:27:55.865 [AsyncHttpClient-1-9] DEBUG org.asynchttpclient.netty.handler.HttpHandler - 

Request DefaultHttpRequest(decodeResult: success, version: HTTP/1.1)
POST /session/4a6cc52cd08ce3188a6765594b9608c7/window HTTP/1.1
User-Agent: selenium/4.7.1 (java windows)
Content-Length: 50
Content-Type: application/json; charset=utf-8
host: localhost:7550
accept: */*

Response DefaultHttpResponse(decodeResult: success, version: HTTP/1.1)
HTTP/1.1 200 OK
Content-Type: application/json; charset=utf-8
cache-control: no-cache
content-length: 14

15:27:55.865 [AsyncHttpClient-1-9] DEBUG org.asynchttpclient.netty.channel.ChannelManager - Adding key: http://localhost:7550 for channel [id: 0xc04797de, L:/127.0.0.1:58090 - R:localhost/127.0.0.1:7550]
15:27:55.866 [Forwarding getCurrentUrl on session 4a6cc52cd08ce3188a6765594b9608c7 to remote] DEBUG org.asynchttpclient.netty.request.NettyRequestSender - Using pooled Channel '[id: 0xc04797de, L:/127.0.0.1:58090 - R:localhost/127.0.0.1:7550]' for 'GET' to 'http://localhost:7550/session/4a6cc52cd08ce3188a6765594b9608c7/url'
15:27:55.866 [Forwarding getCurrentUrl on session 4a6cc52cd08ce3188a6765594b9608c7 to remote] DEBUG org.asynchttpclient.netty.request.NettyRequestSender - Using open Channel [id: 0xc04797de, L:/127.0.0.1:58090 - R:localhost/127.0.0.1:7550] for GET '/session/4a6cc52cd08ce3188a6765594b9608c7/url'
15:27:55.871 [AsyncHttpClient-1-9] DEBUG org.asynchttpclient.netty.handler.HttpHandler - 

Request DefaultFullHttpRequest(decodeResult: success, version: HTTP/1.1, content: EmptyByteBufBE)
GET /session/4a6cc52cd08ce3188a6765594b9608c7/url HTTP/1.1
User-Agent: selenium/4.7.1 (java windows)
Cache-Control: no-cache
Content-Type: application/json; charset=utf-8
host: localhost:7550
accept: */*

Response DefaultHttpResponse(decodeResult: success, version: HTTP/1.1)
HTTP/1.1 200 OK
Content-Type: application/json; charset=utf-8
cache-control: no-cache
content-length: 41

15:27:55.871 [AsyncHttpClient-1-9] DEBUG org.asynchttpclient.netty.channel.ChannelManager - Adding key: http://localhost:7550 for channel [id: 0xc04797de, L:/127.0.0.1:58090 - R:localhost/127.0.0.1:7550]
15:27:55.872 [Forwarding screenshot on session 4a6cc52cd08ce3188a6765594b9608c7 to remote] DEBUG org.asynchttpclient.netty.request.NettyRequestSender - Using pooled Channel '[id: 0xc04797de, L:/127.0.0.1:58090 - R:localhost/127.0.0.1:7550]' for 'GET' to 'http://localhost:7550/session/4a6cc52cd08ce3188a6765594b9608c7/screenshot'
15:27:55.872 [Forwarding screenshot on session 4a6cc52cd08ce3188a6765594b9608c7 to remote] DEBUG org.asynchttpclient.netty.request.NettyRequestSender - Using open Channel [id: 0xc04797de, L:/127.0.0.1:58090 - R:localhost/127.0.0.1:7550] for GET '/session/4a6cc52cd08ce3188a6765594b9608c7/screenshot'
15:27:55.989 [AsyncHttpClient-1-9] DEBUG org.asynchttpclient.netty.handler.HttpHandler - 

Request DefaultFullHttpRequest(decodeResult: success, version: HTTP/1.1, content: EmptyByteBufBE)
GET /session/4a6cc52cd08ce3188a6765594b9608c7/screenshot HTTP/1.1
User-Agent: selenium/4.7.1 (java windows)
Cache-Control: no-cache
Content-Type: application/json; charset=utf-8
host: localhost:7550
accept: */*

Response DefaultHttpResponse(decodeResult: success, version: HTTP/1.1)
HTTP/1.1 200 OK
Content-Type: application/json; charset=utf-8
cache-control: no-cache
content-length: 95876

15:27:55.990 [AsyncHttpClient-1-9] DEBUG org.asynchttpclient.netty.channel.ChannelManager - Adding key: http://localhost:7550 for channel [id: 0xc04797de, L:/127.0.0.1:58090 - R:localhost/127.0.0.1:7550]
15:27:55.993 [main] DEBUG net.serenitybdd.core.photography.Darkroom - Send negative for processing for target\site\serenity\647317c9154c71b7bf6da207bbeefbe6f19f76aa6347bd0a5b16c884a3877921.png
15:27:55.993 [main] DEBUG net.thucydides.core.steps.StepInterceptor - STEP DONE: klikButtonBeli
  &amp#27;[32mWhen &amp#27;[0m&amp#27;[32muser berada di homepage lalu klik beli pada produk yang diinginkan&amp#27;[0m &amp#27;[90m# starter.stepdefinitions.TransaksiSteps.userKlikBeliPadaProdukYangDiinginkan()&amp#27;[0m
15:27:55.993 [Darkroom Processing Line] DEBUG net.serenitybdd.core.photography.DarkroomProcessingLine - Processing screenshot image in /var/screenshots/screenshot-15657377838300572809
15:27:55.993 [Darkroom Processing Line] DEBUG net.serenitybdd.core.photography.DarkroomProcessingLine - Saving screenshot to target\site\serenity\647317c9154c71b7bf6da207bbeefbe6f19f76aa6347bd0a5b16c884a3877921.png
  &amp#27;[32mAnd &amp#27;[0m&amp#27;[32mmuncul notif pada cart&amp#27;[0m                                              &amp#27;[90m# starter.stepdefinitions.TransaksiSteps.munculNotifPadaCart()&amp#27;[0m
15:27:56.013 [main] DEBUG net.thucydides.core.steps.StepInterceptor - STARTING STEP: TransaksiSteps.userKlikCart - klikButtonCart
15:27:56.018 [Forwarding findElement on session 4a6cc52cd08ce3188a6765594b9608c7 to remote] DEBUG org.asynchttpclient.netty.request.NettyRequestSender - Using pooled Channel '[id: 0xc04797de, L:/127.0.0.1:58090 - R:localhost/127.0.0.1:7550]' for 'POST' to 'http://localhost:7550/session/4a6cc52cd08ce3188a6765594b9608c7/element'
15:27:56.018 [Forwarding findElement on session 4a6cc52cd08ce3188a6765594b9608c7 to remote] DEBUG org.asynchttpclient.netty.request.NettyRequestSender - Using open Channel [id: 0xc04797de, L:/127.0.0.1:58090 - R:localhost/127.0.0.1:7550] for POST '/session/4a6cc52cd08ce3188a6765594b9608c7/element'
15:27:56.107 [AsyncHttpClient-1-9] DEBUG org.asynchttpclient.netty.handler.HttpHandler - 

Request DefaultHttpRequest(decodeResult: success, version: HTTP/1.1)
POST /session/4a6cc52cd08ce3188a6765594b9608c7/element HTTP/1.1
User-Agent: selenium/4.7.1 (java windows)
Content-Length: 111
Content-Type: application/json; charset=utf-8
host: localhost:7550
accept: */*

Response DefaultHttpResponse(decodeResult: success, version: HTTP/1.1)
HTTP/1.1 200 OK
Content-Type: application/json; charset=utf-8
cache-control: no-cache
content-length: 95

15:27:56.107 [AsyncHttpClient-1-9] DEBUG org.asynchttpclient.netty.channel.ChannelManager - Adding key: http://localhost:7550 for channel [id: 0xc04797de, L:/127.0.0.1:58090 - R:localhost/127.0.0.1:7550]
15:27:56.108 [Forwarding getElementTagName on session 4a6cc52cd08ce3188a6765594b9608c7 to remote] DEBUG org.asynchttpclient.netty.request.NettyRequestSender - Using pooled Channel '[id: 0xc04797de, L:/127.0.0.1:58090 - R:localhost/127.0.0.1:7550]' for 'GET' to 'http://localhost:7550/session/4a6cc52cd08ce3188a6765594b9608c7/element/871043335468CA1598EC148CA7BC8002_element_19/name'
15:27:56.108 [Forwarding getElementTagName on session 4a6cc52cd08ce3188a6765594b9608c7 to remote] DEBUG org.asynchttpclient.netty.request.NettyRequestSender - Using open Channel [id: 0xc04797de, L:/127.0.0.1:58090 - R:localhost/127.0.0.1:7550] for GET '/session/4a6cc52cd08ce3188a6765594b9608c7/element/871043335468CA1598EC148CA7BC8002_element_19/name'
15:27:56.119 [AsyncHttpClient-1-9] DEBUG org.asynchttpclient.netty.handler.HttpHandler - 

Request DefaultFullHttpRequest(decodeResult: success, version: HTTP/1.1, content: EmptyByteBufBE)
GET /session/4a6cc52cd08ce3188a6765594b9608c7/element/871043335468CA1598EC148CA7BC8002_element_19/name HTTP/1.1
User-Agent: selenium/4.7.1 (java windows)
Cache-Control: no-cache
Content-Type: application/json; charset=utf-8
host: localhost:7550
accept: */*

Response DefaultHttpResponse(decodeResult: success, version: HTTP/1.1)
HTTP/1.1 200 OK
Content-Type: application/json; charset=utf-8
cache-control: no-cache
content-length: 18

15:27:56.119 [AsyncHttpClient-1-9] DEBUG org.asynchttpclient.netty.channel.ChannelManager - Adding key: http://localhost:7550 for channel [id: 0xc04797de, L:/127.0.0.1:58090 - R:localhost/127.0.0.1:7550]
15:27:56.120 [Forwarding getElementTagName on session 4a6cc52cd08ce3188a6765594b9608c7 to remote] DEBUG org.asynchttpclient.netty.request.NettyRequestSender - Using pooled Channel '[id: 0xc04797de, L:/127.0.0.1:58090 - R:localhost/127.0.0.1:7550]' for 'GET' to 'http://localhost:7550/session/4a6cc52cd08ce3188a6765594b9608c7/element/871043335468CA1598EC148CA7BC8002_element_19/name'
15:27:56.120 [Forwarding getElementTagName on session 4a6cc52cd08ce3188a6765594b9608c7 to remote] DEBUG org.asynchttpclient.netty.request.NettyRequestSender - Using open Channel [id: 0xc04797de, L:/127.0.0.1:58090 - R:localhost/127.0.0.1:7550] for GET '/session/4a6cc52cd08ce3188a6765594b9608c7/element/871043335468CA1598EC148CA7BC8002_element_19/name'
15:27:56.125 [AsyncHttpClient-1-9] DEBUG org.asynchttpclient.netty.handler.HttpHandler - 

Request DefaultFullHttpRequest(decodeResult: success, version: HTTP/1.1, content: EmptyByteBufBE)
GET /session/4a6cc52cd08ce3188a6765594b9608c7/element/871043335468CA1598EC148CA7BC8002_element_19/name HTTP/1.1
User-Agent: selenium/4.7.1 (java windows)
Cache-Control: no-cache
Content-Type: application/json; charset=utf-8
host: localhost:7550
accept: */*

Response DefaultHttpResponse(decodeResult: success, version: HTTP/1.1)
HTTP/1.1 200 OK
Content-Type: application/json; charset=utf-8
cache-control: no-cache
content-length: 18

15:27:56.125 [AsyncHttpClient-1-9] DEBUG org.asynchttpclient.netty.channel.ChannelManager - Adding key: http://localhost:7550 for channel [id: 0xc04797de, L:/127.0.0.1:58090 - R:localhost/127.0.0.1:7550]
15:27:56.126 [Forwarding isElementEnabled on session 4a6cc52cd08ce3188a6765594b9608c7 to remote] DEBUG org.asynchttpclient.netty.request.NettyRequestSender - Using pooled Channel '[id: 0xc04797de, L:/127.0.0.1:58090 - R:localhost/127.0.0.1:7550]' for 'GET' to 'http://localhost:7550/session/4a6cc52cd08ce3188a6765594b9608c7/element/871043335468CA1598EC148CA7BC8002_element_19/enabled'
15:27:56.126 [Forwarding isElementEnabled on session 4a6cc52cd08ce3188a6765594b9608c7 to remote] DEBUG org.asynchttpclient.netty.request.NettyRequestSender - Using open Channel [id: 0xc04797de, L:/127.0.0.1:58090 - R:localhost/127.0.0.1:7550] for GET '/session/4a6cc52cd08ce3188a6765594b9608c7/element/871043335468CA1598EC148CA7BC8002_element_19/enabled'
15:27:56.139 [AsyncHttpClient-1-9] DEBUG org.asynchttpclient.netty.handler.HttpHandler - 

Request DefaultFullHttpRequest(decodeResult: success, version: HTTP/1.1, content: EmptyByteBufBE)
GET /session/4a6cc52cd08ce3188a6765594b9608c7/element/871043335468CA1598EC148CA7BC8002_element_19/enabled HTTP/1.1
User-Agent: selenium/4.7.1 (java windows)
Cache-Control: no-cache
Content-Type: application/json; charset=utf-8
host: localhost:7550
accept: */*

Response DefaultHttpResponse(decodeResult: success, version: HTTP/1.1)
HTTP/1.1 200 OK
Content-Type: application/json; charset=utf-8
cache-control: no-cache
content-length: 14

15:27:56.139 [AsyncHttpClient-1-9] DEBUG org.asynchttpclient.netty.channel.ChannelManager - Adding key: http://localhost:7550 for channel [id: 0xc04797de, L:/127.0.0.1:58090 - R:localhost/127.0.0.1:7550]
15:27:56.140 [Forwarding isElementEnabled on session 4a6cc52cd08ce3188a6765594b9608c7 to remote] DEBUG org.asynchttpclient.netty.request.NettyRequestSender - Using pooled Channel '[id: 0xc04797de, L:/127.0.0.1:58090 - R:localhost/127.0.0.1:7550]' for 'GET' to 'http://localhost:7550/session/4a6cc52cd08ce3188a6765594b9608c7/element/871043335468CA1598EC148CA7BC8002_element_19/enabled'
15:27:56.140 [Forwarding isElementEnabled on session 4a6cc52cd08ce3188a6765594b9608c7 to remote] DEBUG org.asynchttpclient.netty.request.NettyRequestSender - Using open Channel [id: 0xc04797de, L:/127.0.0.1:58090 - R:localhost/127.0.0.1:7550] for GET '/session/4a6cc52cd08ce3188a6765594b9608c7/element/871043335468CA1598EC148CA7BC8002_element_19/enabled'
15:27:56.181 [AsyncHttpClient-1-9] DEBUG org.asynchttpclient.netty.handler.HttpHandler - 

Request DefaultFullHttpRequest(decodeResult: success, version: HTTP/1.1, content: EmptyByteBufBE)
GET /session/4a6cc52cd08ce3188a6765594b9608c7/element/871043335468CA1598EC148CA7BC8002_element_19/enabled HTTP/1.1
User-Agent: selenium/4.7.1 (java windows)
Cache-Control: no-cache
Content-Type: application/json; charset=utf-8
host: localhost:7550
accept: */*

Response DefaultHttpResponse(decodeResult: success, version: HTTP/1.1)
HTTP/1.1 200 OK
Content-Type: application/json; charset=utf-8
cache-control: no-cache
content-length: 14

15:27:56.181 [AsyncHttpClient-1-9] DEBUG org.asynchttpclient.netty.channel.ChannelManager - Adding key: http://localhost:7550 for channel [id: 0xc04797de, L:/127.0.0.1:58090 - R:localhost/127.0.0.1:7550]
15:27:56.183 [Forwarding findElement on session 4a6cc52cd08ce3188a6765594b9608c7 to remote] DEBUG org.asynchttpclient.netty.request.NettyRequestSender - Using pooled Channel '[id: 0xc04797de, L:/127.0.0.1:58090 - R:localhost/127.0.0.1:7550]' for 'POST' to 'http://localhost:7550/session/4a6cc52cd08ce3188a6765594b9608c7/element'
15:27:56.183 [Forwarding findElement on session 4a6cc52cd08ce3188a6765594b9608c7 to remote] DEBUG org.asynchttpclient.netty.request.NettyRequestSender - Using open Channel [id: 0xc04797de, L:/127.0.0.1:58090 - R:localhost/127.0.0.1:7550] for POST '/session/4a6cc52cd08ce3188a6765594b9608c7/element'
15:27:56.203 [AsyncHttpClient-1-9] DEBUG org.asynchttpclient.netty.handler.HttpHandler - 

Request DefaultHttpRequest(decodeResult: success, version: HTTP/1.1)
POST /session/4a6cc52cd08ce3188a6765594b9608c7/element HTTP/1.1
User-Agent: selenium/4.7.1 (java windows)
Content-Length: 111
Content-Type: application/json; charset=utf-8
host: localhost:7550
accept: */*

Response DefaultHttpResponse(decodeResult: success, version: HTTP/1.1)
HTTP/1.1 200 OK
Content-Type: application/json; charset=utf-8
cache-control: no-cache
content-length: 95

15:27:56.203 [AsyncHttpClient-1-9] DEBUG org.asynchttpclient.netty.channel.ChannelManager - Adding key: http://localhost:7550 for channel [id: 0xc04797de, L:/127.0.0.1:58090 - R:localhost/127.0.0.1:7550]
15:27:56.204 [Forwarding clickElement on session 4a6cc52cd08ce3188a6765594b9608c7 to remote] DEBUG org.asynchttpclient.netty.request.NettyRequestSender - Using pooled Channel '[id: 0xc04797de, L:/127.0.0.1:58090 - R:localhost/127.0.0.1:7550]' for 'POST' to 'http://localhost:7550/session/4a6cc52cd08ce3188a6765594b9608c7/element/871043335468CA1598EC148CA7BC8002_element_19/click'
15:27:56.204 [Forwarding clickElement on session 4a6cc52cd08ce3188a6765594b9608c7 to remote] DEBUG org.asynchttpclient.netty.request.NettyRequestSender - Using open Channel [id: 0xc04797de, L:/127.0.0.1:58090 - R:localhost/127.0.0.1:7550] for POST '/session/4a6cc52cd08ce3188a6765594b9608c7/element/871043335468CA1598EC148CA7BC8002_element_19/click'
15:27:56.248 [AsyncHttpClient-1-9] DEBUG org.asynchttpclient.netty.handler.HttpHandler - 

Request DefaultHttpRequest(decodeResult: success, version: HTTP/1.1)
POST /session/4a6cc52cd08ce3188a6765594b9608c7/element/871043335468CA1598EC148CA7BC8002_element_19/click HTTP/1.1
User-Agent: selenium/4.7.1 (java windows)
Content-Length: 57
Content-Type: application/json; charset=utf-8
host: localhost:7550
accept: */*

Response DefaultHttpResponse(decodeResult: success, version: HTTP/1.1)
HTTP/1.1 200 OK
Content-Type: application/json; charset=utf-8
cache-control: no-cache
content-length: 14

15:27:56.248 [AsyncHttpClient-1-9] DEBUG org.asynchttpclient.netty.channel.ChannelManager - Adding key: http://localhost:7550 for channel [id: 0xc04797de, L:/127.0.0.1:58090 - R:localhost/127.0.0.1:7550]
15:27:56.256 [Forwarding getCurrentWindowHandle on session 4a6cc52cd08ce3188a6765594b9608c7 to remote] DEBUG org.asynchttpclient.netty.request.NettyRequestSender - Using pooled Channel '[id: 0xc04797de, L:/127.0.0.1:58090 - R:localhost/127.0.0.1:7550]' for 'GET' to 'http://localhost:7550/session/4a6cc52cd08ce3188a6765594b9608c7/window'
15:27:56.256 [Forwarding getCurrentWindowHandle on session 4a6cc52cd08ce3188a6765594b9608c7 to remote] DEBUG org.asynchttpclient.netty.request.NettyRequestSender - Using open Channel [id: 0xc04797de, L:/127.0.0.1:58090 - R:localhost/127.0.0.1:7550] for GET '/session/4a6cc52cd08ce3188a6765594b9608c7/window'
15:27:56.257 [AsyncHttpClient-1-9] DEBUG org.asynchttpclient.netty.handler.HttpHandler - 

Request DefaultFullHttpRequest(decodeResult: success, version: HTTP/1.1, content: EmptyByteBufBE)
GET /session/4a6cc52cd08ce3188a6765594b9608c7/window HTTP/1.1
User-Agent: selenium/4.7.1 (java windows)
Cache-Control: no-cache
Content-Type: application/json; charset=utf-8
host: localhost:7550
accept: */*

Response DefaultHttpResponse(decodeResult: success, version: HTTP/1.1)
HTTP/1.1 200 OK
Content-Type: application/json; charset=utf-8
cache-control: no-cache
content-length: 44

15:27:56.257 [AsyncHttpClient-1-9] DEBUG org.asynchttpclient.netty.channel.ChannelManager - Adding key: http://localhost:7550 for channel [id: 0xc04797de, L:/127.0.0.1:58090 - R:localhost/127.0.0.1:7550]
15:27:56.258 [Forwarding getAlertText on session 4a6cc52cd08ce3188a6765594b9608c7 to remote] DEBUG org.asynchttpclient.netty.request.NettyRequestSender - Using pooled Channel '[id: 0xc04797de, L:/127.0.0.1:58090 - R:localhost/127.0.0.1:7550]' for 'GET' to 'http://localhost:7550/session/4a6cc52cd08ce3188a6765594b9608c7/alert/text'
15:27:56.258 [Forwarding getAlertText on session 4a6cc52cd08ce3188a6765594b9608c7 to remote] DEBUG org.asynchttpclient.netty.request.NettyRequestSender - Using open Channel [id: 0xc04797de, L:/127.0.0.1:58090 - R:localhost/127.0.0.1:7550] for GET '/session/4a6cc52cd08ce3188a6765594b9608c7/alert/text'
15:27:56.347 [AsyncHttpClient-1-1] DEBUG org.asynchttpclient.netty.channel.DefaultChannelPool - Entry count for : http://localhost:58091 : 1
15:27:56.486 [AsyncHttpClient-1-9] DEBUG org.asynchttpclient.netty.handler.HttpHandler - 

Request DefaultFullHttpRequest(decodeResult: success, version: HTTP/1.1, content: EmptyByteBufBE)
GET /session/4a6cc52cd08ce3188a6765594b9608c7/alert/text HTTP/1.1
User-Agent: selenium/4.7.1 (java windows)
Cache-Control: no-cache
Content-Type: application/json; charset=utf-8
host: localhost:7550
accept: */*

Response DefaultHttpResponse(decodeResult: success, version: HTTP/1.1)
HTTP/1.1 404 Not Found
Content-Type: application/json; charset=utf-8
cache-control: no-cache
content-length: 820

15:27:56.486 [AsyncHttpClient-1-9] DEBUG org.asynchttpclient.netty.channel.ChannelManager - Adding key: http://localhost:7550 for channel [id: 0xc04797de, L:/127.0.0.1:58090 - R:localhost/127.0.0.1:7550]
15:27:56.488 [Forwarding switchToWindow on session 4a6cc52cd08ce3188a6765594b9608c7 to remote] DEBUG org.asynchttpclient.netty.request.NettyRequestSender - Using pooled Channel '[id: 0xc04797de, L:/127.0.0.1:58090 - R:localhost/127.0.0.1:7550]' for 'POST' to 'http://localhost:7550/session/4a6cc52cd08ce3188a6765594b9608c7/window'
15:27:56.488 [Forwarding switchToWindow on session 4a6cc52cd08ce3188a6765594b9608c7 to remote] DEBUG org.asynchttpclient.netty.request.NettyRequestSender - Using open Channel [id: 0xc04797de, L:/127.0.0.1:58090 - R:localhost/127.0.0.1:7550] for POST '/session/4a6cc52cd08ce3188a6765594b9608c7/window'
15:27:56.490 [AsyncHttpClient-1-9] DEBUG org.asynchttpclient.netty.handler.HttpHandler - 

Request DefaultHttpRequest(decodeResult: success, version: HTTP/1.1)
POST /session/4a6cc52cd08ce3188a6765594b9608c7/window HTTP/1.1
User-Agent: selenium/4.7.1 (java windows)
Content-Length: 50
Content-Type: application/json; charset=utf-8
host: localhost:7550
accept: */*

Response DefaultHttpResponse(decodeResult: success, version: HTTP/1.1)
HTTP/1.1 200 OK
Content-Type: application/json; charset=utf-8
cache-control: no-cache
content-length: 14

15:27:56.490 [AsyncHttpClient-1-9] DEBUG org.asynchttpclient.netty.channel.ChannelManager - Adding key: http://localhost:7550 for channel [id: 0xc04797de, L:/127.0.0.1:58090 - R:localhost/127.0.0.1:7550]
15:27:56.491 [Forwarding getCurrentUrl on session 4a6cc52cd08ce3188a6765594b9608c7 to remote] DEBUG org.asynchttpclient.netty.request.NettyRequestSender - Using pooled Channel '[id: 0xc04797de, L:/127.0.0.1:58090 - R:localhost/127.0.0.1:7550]' for 'GET' to 'http://localhost:7550/session/4a6cc52cd08ce3188a6765594b9608c7/url'
15:27:56.491 [Forwarding getCurrentUrl on session 4a6cc52cd08ce3188a6765594b9608c7 to remote] DEBUG org.asynchttpclient.netty.request.NettyRequestSender - Using open Channel [id: 0xc04797de, L:/127.0.0.1:58090 - R:localhost/127.0.0.1:7550] for GET '/session/4a6cc52cd08ce3188a6765594b9608c7/url'
15:27:56.499 [AsyncHttpClient-1-9] DEBUG org.asynchttpclient.netty.handler.HttpHandler - 

Request DefaultFullHttpRequest(decodeResult: success, version: HTTP/1.1, content: EmptyByteBufBE)
GET /session/4a6cc52cd08ce3188a6765594b9608c7/url HTTP/1.1
User-Agent: selenium/4.7.1 (java windows)
Cache-Control: no-cache
Content-Type: application/json; charset=utf-8
host: localhost:7550
accept: */*

Response DefaultHttpResponse(decodeResult: success, version: HTTP/1.1)
HTTP/1.1 200 OK
Content-Type: application/json; charset=utf-8
cache-control: no-cache
content-length: 46

15:27:56.500 [AsyncHttpClient-1-9] DEBUG org.asynchttpclient.netty.channel.ChannelManager - Adding key: http://localhost:7550 for channel [id: 0xc04797de, L:/127.0.0.1:58090 - R:localhost/127.0.0.1:7550]
15:27:56.500 [Forwarding screenshot on session 4a6cc52cd08ce3188a6765594b9608c7 to remote] DEBUG org.asynchttpclient.netty.request.NettyRequestSender - Using pooled Channel '[id: 0xc04797de, L:/127.0.0.1:58090 - R:localhost/127.0.0.1:7550]' for 'GET' to 'http://localhost:7550/session/4a6cc52cd08ce3188a6765594b9608c7/screenshot'
15:27:56.500 [Forwarding screenshot on session 4a6cc52cd08ce3188a6765594b9608c7 to remote] DEBUG org.asynchttpclient.netty.request.NettyRequestSender - Using open Channel [id: 0xc04797de, L:/127.0.0.1:58090 - R:localhost/127.0.0.1:7550] for GET '/session/4a6cc52cd08ce3188a6765594b9608c7/screenshot'
15:27:56.604 [AsyncHttpClient-1-9] DEBUG org.asynchttpclient.netty.handler.HttpHandler - 

Request DefaultFullHttpRequest(decodeResult: success, version: HTTP/1.1, content: EmptyByteBufBE)
GET /session/4a6cc52cd08ce3188a6765594b9608c7/screenshot HTTP/1.1
User-Agent: selenium/4.7.1 (java windows)
Cache-Control: no-cache
Content-Type: application/json; charset=utf-8
host: localhost:7550
accept: */*

Response DefaultHttpResponse(decodeResult: success, version: HTTP/1.1)
HTTP/1.1 200 OK
Content-Type: application/json; charset=utf-8
cache-control: no-cache
content-length: 29952

15:27:56.604 [AsyncHttpClient-1-9] DEBUG org.asynchttpclient.netty.channel.ChannelManager - Adding key: http://localhost:7550 for channel [id: 0xc04797de, L:/127.0.0.1:58090 - R:localhost/127.0.0.1:7550]
15:27:56.605 [main] DEBUG net.serenitybdd.core.photography.Darkroom - Send negative for processing for target\site\serenity\5d7ab326a54853ce3d3494f27be9d983111928cffeec6ce82b03e22131c497f0.png
15:27:56.605 [main] DEBUG net.thucydides.core.steps.StepInterceptor - STEP DONE: klikButtonCart
15:27:56.606 [Darkroom Processing Line] DEBUG net.serenitybdd.core.photography.DarkroomProcessingLine - Processing screenshot image in /var/screenshots/screenshot-3333624675110850958
  &amp#27;[32mAnd &amp#27;[0m&amp#27;[32muser klik cart&amp#27;[0m                                                      &amp#27;[90m# starter.stepdefinitions.TransaksiSteps.userKlikCart()&amp#27;[0m
15:27:56.606 [Darkroom Processing Line] DEBUG net.serenitybdd.core.photography.DarkroomProcessingLine - Saving screenshot to target\site\serenity\5d7ab326a54853ce3d3494f27be9d983111928cffeec6ce82b03e22131c497f0.png
15:27:56.614 [main] DEBUG net.thucydides.core.steps.StepInterceptor - STARTING STEP: TransaksiSteps.userKlikTombolTambah - klikTombolTambah
15:27:56.618 [Forwarding findElement on session 4a6cc52cd08ce3188a6765594b9608c7 to remote] DEBUG org.asynchttpclient.netty.request.NettyRequestSender - Using pooled Channel '[id: 0xc04797de, L:/127.0.0.1:58090 - R:localhost/127.0.0.1:7550]' for 'POST' to 'http://localhost:7550/session/4a6cc52cd08ce3188a6765594b9608c7/element'
15:27:56.618 [Forwarding findElement on session 4a6cc52cd08ce3188a6765594b9608c7 to remote] DEBUG org.asynchttpclient.netty.request.NettyRequestSender - Using open Channel [id: 0xc04797de, L:/127.0.0.1:58090 - R:localhost/127.0.0.1:7550] for POST '/session/4a6cc52cd08ce3188a6765594b9608c7/element'
15:27:56.635 [AsyncHttpClient-1-9] DEBUG org.asynchttpclient.netty.handler.HttpHandler - 

Request DefaultHttpRequest(decodeResult: success, version: HTTP/1.1)
POST /session/4a6cc52cd08ce3188a6765594b9608c7/element HTTP/1.1
User-Agent: selenium/4.7.1 (java windows)
Content-Length: 179
Content-Type: application/json; charset=utf-8
host: localhost:7550
accept: */*

Response DefaultHttpResponse(decodeResult: success, version: HTTP/1.1)
HTTP/1.1 200 OK
Content-Type: application/json; charset=utf-8
cache-control: no-cache
content-length: 95

15:27:56.635 [AsyncHttpClient-1-9] DEBUG org.asynchttpclient.netty.channel.ChannelManager - Adding key: http://localhost:7550 for channel [id: 0xc04797de, L:/127.0.0.1:58090 - R:localhost/127.0.0.1:7550]
15:27:56.636 [Forwarding getElementTagName on session 4a6cc52cd08ce3188a6765594b9608c7 to remote] DEBUG org.asynchttpclient.netty.request.NettyRequestSender - Using pooled Channel '[id: 0xc04797de, L:/127.0.0.1:58090 - R:localhost/127.0.0.1:7550]' for 'GET' to 'http://localhost:7550/session/4a6cc52cd08ce3188a6765594b9608c7/element/871043335468CA1598EC148CA7BC8002_element_21/name'
15:27:56.636 [Forwarding getElementTagName on session 4a6cc52cd08ce3188a6765594b9608c7 to remote] DEBUG org.asynchttpclient.netty.request.NettyRequestSender - Using open Channel [id: 0xc04797de, L:/127.0.0.1:58090 - R:localhost/127.0.0.1:7550] for GET '/session/4a6cc52cd08ce3188a6765594b9608c7/element/871043335468CA1598EC148CA7BC8002_element_21/name'
15:27:56.642 [AsyncHttpClient-1-9] DEBUG org.asynchttpclient.netty.handler.HttpHandler - 

Request DefaultFullHttpRequest(decodeResult: success, version: HTTP/1.1, content: EmptyByteBufBE)
GET /session/4a6cc52cd08ce3188a6765594b9608c7/element/871043335468CA1598EC148CA7BC8002_element_21/name HTTP/1.1
User-Agent: selenium/4.7.1 (java windows)
Cache-Control: no-cache
Content-Type: application/json; charset=utf-8
host: localhost:7550
accept: */*

Response DefaultHttpResponse(decodeResult: success, version: HTTP/1.1)
HTTP/1.1 200 OK
Content-Type: application/json; charset=utf-8
cache-control: no-cache
content-length: 16

15:27:56.642 [AsyncHttpClient-1-9] DEBUG org.asynchttpclient.netty.channel.ChannelManager - Adding key: http://localhost:7550 for channel [id: 0xc04797de, L:/127.0.0.1:58090 - R:localhost/127.0.0.1:7550]
15:27:56.643 [Forwarding getElementTagName on session 4a6cc52cd08ce3188a6765594b9608c7 to remote] DEBUG org.asynchttpclient.netty.request.NettyRequestSender - Using pooled Channel '[id: 0xc04797de, L:/127.0.0.1:58090 - R:localhost/127.0.0.1:7550]' for 'GET' to 'http://localhost:7550/session/4a6cc52cd08ce3188a6765594b9608c7/element/871043335468CA1598EC148CA7BC8002_element_21/name'
15:27:56.643 [Forwarding getElementTagName on session 4a6cc52cd08ce3188a6765594b9608c7 to remote] DEBUG org.asynchttpclient.netty.request.NettyRequestSender - Using open Channel [id: 0xc04797de, L:/127.0.0.1:58090 - R:localhost/127.0.0.1:7550] for GET '/session/4a6cc52cd08ce3188a6765594b9608c7/element/871043335468CA1598EC148CA7BC8002_element_21/name'
15:27:56.648 [AsyncHttpClient-1-9] DEBUG org.asynchttpclient.netty.handler.HttpHandler - 

Request DefaultFullHttpRequest(decodeResult: success, version: HTTP/1.1, content: EmptyByteBufBE)
GET /session/4a6cc52cd08ce3188a6765594b9608c7/element/871043335468CA1598EC148CA7BC8002_element_21/name HTTP/1.1
User-Agent: selenium/4.7.1 (java windows)
Cache-Control: no-cache
Content-Type: application/json; charset=utf-8
host: localhost:7550
accept: */*

Response DefaultHttpResponse(decodeResult: success, version: HTTP/1.1)
HTTP/1.1 200 OK
Content-Type: application/json; charset=utf-8
cache-control: no-cache
content-length: 16

15:27:56.648 [AsyncHttpClient-1-9] DEBUG org.asynchttpclient.netty.channel.ChannelManager - Adding key: http://localhost:7550 for channel [id: 0xc04797de, L:/127.0.0.1:58090 - R:localhost/127.0.0.1:7550]
15:27:56.650 [Forwarding findElement on session 4a6cc52cd08ce3188a6765594b9608c7 to remote] DEBUG org.asynchttpclient.netty.request.NettyRequestSender - Using pooled Channel '[id: 0xc04797de, L:/127.0.0.1:58090 - R:localhost/127.0.0.1:7550]' for 'POST' to 'http://localhost:7550/session/4a6cc52cd08ce3188a6765594b9608c7/element'
15:27:56.650 [Forwarding findElement on session 4a6cc52cd08ce3188a6765594b9608c7 to remote] DEBUG org.asynchttpclient.netty.request.NettyRequestSender - Using open Channel [id: 0xc04797de, L:/127.0.0.1:58090 - R:localhost/127.0.0.1:7550] for POST '/session/4a6cc52cd08ce3188a6765594b9608c7/element'
15:27:56.660 [AsyncHttpClient-1-9] DEBUG org.asynchttpclient.netty.handler.HttpHandler - 

Request DefaultHttpRequest(decodeResult: success, version: HTTP/1.1)
POST /session/4a6cc52cd08ce3188a6765594b9608c7/element HTTP/1.1
User-Agent: selenium/4.7.1 (java windows)
Content-Length: 179
Content-Type: application/json; charset=utf-8
host: localhost:7550
accept: */*

Response DefaultHttpResponse(decodeResult: success, version: HTTP/1.1)
HTTP/1.1 200 OK
Content-Type: application/json; charset=utf-8
cache-control: no-cache
content-length: 95

15:27:56.660 [AsyncHttpClient-1-9] DEBUG org.asynchttpclient.netty.channel.ChannelManager - Adding key: http://localhost:7550 for channel [id: 0xc04797de, L:/127.0.0.1:58090 - R:localhost/127.0.0.1:7550]
15:27:56.661 [Forwarding clickElement on session 4a6cc52cd08ce3188a6765594b9608c7 to remote] DEBUG org.asynchttpclient.netty.request.NettyRequestSender - Using pooled Channel '[id: 0xc04797de, L:/127.0.0.1:58090 - R:localhost/127.0.0.1:7550]' for 'POST' to 'http://localhost:7550/session/4a6cc52cd08ce3188a6765594b9608c7/element/871043335468CA1598EC148CA7BC8002_element_21/click'
15:27:56.661 [Forwarding clickElement on session 4a6cc52cd08ce3188a6765594b9608c7 to remote] DEBUG org.asynchttpclient.netty.request.NettyRequestSender - Using open Channel [id: 0xc04797de, L:/127.0.0.1:58090 - R:localhost/127.0.0.1:7550] for POST '/session/4a6cc52cd08ce3188a6765594b9608c7/element/871043335468CA1598EC148CA7BC8002_element_21/click'
15:27:56.714 [AsyncHttpClient-1-9] DEBUG org.asynchttpclient.netty.handler.HttpHandler - 

Request DefaultHttpRequest(decodeResult: success, version: HTTP/1.1)
POST /session/4a6cc52cd08ce3188a6765594b9608c7/element/871043335468CA1598EC148CA7BC8002_element_21/click HTTP/1.1
User-Agent: selenium/4.7.1 (java windows)
Content-Length: 57
Content-Type: application/json; charset=utf-8
host: localhost:7550
accept: */*

Response DefaultHttpResponse(decodeResult: success, version: HTTP/1.1)
HTTP/1.1 200 OK
Content-Type: application/json; charset=utf-8
cache-control: no-cache
content-length: 14

15:27:56.714 [AsyncHttpClient-1-9] DEBUG org.asynchttpclient.netty.channel.ChannelManager - Adding key: http://localhost:7550 for channel [id: 0xc04797de, L:/127.0.0.1:58090 - R:localhost/127.0.0.1:7550]
15:27:56.722 [Forwarding getCurrentWindowHandle on session 4a6cc52cd08ce3188a6765594b9608c7 to remote] DEBUG org.asynchttpclient.netty.request.NettyRequestSender - Using pooled Channel '[id: 0xc04797de, L:/127.0.0.1:58090 - R:localhost/127.0.0.1:7550]' for 'GET' to 'http://localhost:7550/session/4a6cc52cd08ce3188a6765594b9608c7/window'
15:27:56.723 [Forwarding getCurrentWindowHandle on session 4a6cc52cd08ce3188a6765594b9608c7 to remote] DEBUG org.asynchttpclient.netty.request.NettyRequestSender - Using open Channel [id: 0xc04797de, L:/127.0.0.1:58090 - R:localhost/127.0.0.1:7550] for GET '/session/4a6cc52cd08ce3188a6765594b9608c7/window'
15:27:56.723 [AsyncHttpClient-1-9] DEBUG org.asynchttpclient.netty.handler.HttpHandler - 

Request DefaultFullHttpRequest(decodeResult: success, version: HTTP/1.1, content: EmptyByteBufBE)
GET /session/4a6cc52cd08ce3188a6765594b9608c7/window HTTP/1.1
User-Agent: selenium/4.7.1 (java windows)
Cache-Control: no-cache
Content-Type: application/json; charset=utf-8
host: localhost:7550
accept: */*

Response DefaultHttpResponse(decodeResult: success, version: HTTP/1.1)
HTTP/1.1 200 OK
Content-Type: application/json; charset=utf-8
cache-control: no-cache
content-length: 44

15:27:56.723 [AsyncHttpClient-1-9] DEBUG org.asynchttpclient.netty.channel.ChannelManager - Adding key: http://localhost:7550 for channel [id: 0xc04797de, L:/127.0.0.1:58090 - R:localhost/127.0.0.1:7550]
15:27:56.724 [Forwarding getAlertText on session 4a6cc52cd08ce3188a6765594b9608c7 to remote] DEBUG org.asynchttpclient.netty.request.NettyRequestSender - Using pooled Channel '[id: 0xc04797de, L:/127.0.0.1:58090 - R:localhost/127.0.0.1:7550]' for 'GET' to 'http://localhost:7550/session/4a6cc52cd08ce3188a6765594b9608c7/alert/text'
15:27:56.724 [Forwarding getAlertText on session 4a6cc52cd08ce3188a6765594b9608c7 to remote] DEBUG org.asynchttpclient.netty.request.NettyRequestSender - Using open Channel [id: 0xc04797de, L:/127.0.0.1:58090 - R:localhost/127.0.0.1:7550] for GET '/session/4a6cc52cd08ce3188a6765594b9608c7/alert/text'
15:27:56.726 [AsyncHttpClient-1-9] DEBUG org.asynchttpclient.netty.handler.HttpHandler - 

Request DefaultFullHttpRequest(decodeResult: success, version: HTTP/1.1, content: EmptyByteBufBE)
GET /session/4a6cc52cd08ce3188a6765594b9608c7/alert/text HTTP/1.1
User-Agent: selenium/4.7.1 (java windows)
Cache-Control: no-cache
Content-Type: application/json; charset=utf-8
host: localhost:7550
accept: */*

Response DefaultHttpResponse(decodeResult: success, version: HTTP/1.1)
HTTP/1.1 404 Not Found
Content-Type: application/json; charset=utf-8
cache-control: no-cache
content-length: 820

15:27:56.726 [AsyncHttpClient-1-9] DEBUG org.asynchttpclient.netty.channel.ChannelManager - Adding key: http://localhost:7550 for channel [id: 0xc04797de, L:/127.0.0.1:58090 - R:localhost/127.0.0.1:7550]
15:27:56.727 [Forwarding switchToWindow on session 4a6cc52cd08ce3188a6765594b9608c7 to remote] DEBUG org.asynchttpclient.netty.request.NettyRequestSender - Using pooled Channel '[id: 0xc04797de, L:/127.0.0.1:58090 - R:localhost/127.0.0.1:7550]' for 'POST' to 'http://localhost:7550/session/4a6cc52cd08ce3188a6765594b9608c7/window'
15:27:56.727 [Forwarding switchToWindow on session 4a6cc52cd08ce3188a6765594b9608c7 to remote] DEBUG org.asynchttpclient.netty.request.NettyRequestSender - Using open Channel [id: 0xc04797de, L:/127.0.0.1:58090 - R:localhost/127.0.0.1:7550] for POST '/session/4a6cc52cd08ce3188a6765594b9608c7/window'
15:27:56.729 [AsyncHttpClient-1-9] DEBUG org.asynchttpclient.netty.handler.HttpHandler - 

Request DefaultHttpRequest(decodeResult: success, version: HTTP/1.1)
POST /session/4a6cc52cd08ce3188a6765594b9608c7/window HTTP/1.1
User-Agent: selenium/4.7.1 (java windows)
Content-Length: 50
Content-Type: application/json; charset=utf-8
host: localhost:7550
accept: */*

Response DefaultHttpResponse(decodeResult: success, version: HTTP/1.1)
HTTP/1.1 200 OK
Content-Type: application/json; charset=utf-8
cache-control: no-cache
content-length: 14

15:27:56.729 [AsyncHttpClient-1-9] DEBUG org.asynchttpclient.netty.channel.ChannelManager - Adding key: http://localhost:7550 for channel [id: 0xc04797de, L:/127.0.0.1:58090 - R:localhost/127.0.0.1:7550]
15:27:56.730 [Forwarding getCurrentUrl on session 4a6cc52cd08ce3188a6765594b9608c7 to remote] DEBUG org.asynchttpclient.netty.request.NettyRequestSender - Using pooled Channel '[id: 0xc04797de, L:/127.0.0.1:58090 - R:localhost/127.0.0.1:7550]' for 'GET' to 'http://localhost:7550/session/4a6cc52cd08ce3188a6765594b9608c7/url'
15:27:56.730 [Forwarding getCurrentUrl on session 4a6cc52cd08ce3188a6765594b9608c7 to remote] DEBUG org.asynchttpclient.netty.request.NettyRequestSender - Using open Channel [id: 0xc04797de, L:/127.0.0.1:58090 - R:localhost/127.0.0.1:7550] for GET '/session/4a6cc52cd08ce3188a6765594b9608c7/url'
15:27:56.736 [AsyncHttpClient-1-9] DEBUG org.asynchttpclient.netty.handler.HttpHandler - 

Request DefaultFullHttpRequest(decodeResult: success, version: HTTP/1.1, content: EmptyByteBufBE)
GET /session/4a6cc52cd08ce3188a6765594b9608c7/url HTTP/1.1
User-Agent: selenium/4.7.1 (java windows)
Cache-Control: no-cache
Content-Type: application/json; charset=utf-8
host: localhost:7550
accept: */*

Response DefaultHttpResponse(decodeResult: success, version: HTTP/1.1)
HTTP/1.1 200 OK
Content-Type: application/json; charset=utf-8
cache-control: no-cache
content-length: 46

15:27:56.736 [AsyncHttpClient-1-9] DEBUG org.asynchttpclient.netty.channel.ChannelManager - Adding key: http://localhost:7550 for channel [id: 0xc04797de, L:/127.0.0.1:58090 - R:localhost/127.0.0.1:7550]
15:27:56.737 [Forwarding screenshot on session 4a6cc52cd08ce3188a6765594b9608c7 to remote] DEBUG org.asynchttpclient.netty.request.NettyRequestSender - Using pooled Channel '[id: 0xc04797de, L:/127.0.0.1:58090 - R:localhost/127.0.0.1:7550]' for 'GET' to 'http://localhost:7550/session/4a6cc52cd08ce3188a6765594b9608c7/screenshot'
15:27:56.737 [Forwarding screenshot on session 4a6cc52cd08ce3188a6765594b9608c7 to remote] DEBUG org.asynchttpclient.netty.request.NettyRequestSender - Using open Channel [id: 0xc04797de, L:/127.0.0.1:58090 - R:localhost/127.0.0.1:7550] for GET '/session/4a6cc52cd08ce3188a6765594b9608c7/screenshot'
15:27:56.850 [AsyncHttpClient-1-9] DEBUG org.asynchttpclient.netty.handler.HttpHandler - 

Request DefaultFullHttpRequest(decodeResult: success, version: HTTP/1.1, content: EmptyByteBufBE)
GET /session/4a6cc52cd08ce3188a6765594b9608c7/screenshot HTTP/1.1
User-Agent: selenium/4.7.1 (java windows)
Cache-Control: no-cache
Content-Type: application/json; charset=utf-8
host: localhost:7550
accept: */*

Response DefaultHttpResponse(decodeResult: success, version: HTTP/1.1)
HTTP/1.1 200 OK
Content-Type: application/json; charset=utf-8
cache-control: no-cache
content-length: 33172

15:27:56.850 [AsyncHttpClient-1-9] DEBUG org.asynchttpclient.netty.channel.ChannelManager - Adding key: http://localhost:7550 for channel [id: 0xc04797de, L:/127.0.0.1:58090 - R:localhost/127.0.0.1:7550]
15:27:56.852 [main] DEBUG net.serenitybdd.core.photography.Darkroom - Send negative for processing for target\site\serenity\351d9f10210bc58400384a31969045691efd863419395c5ecc7bfe790a7344ec.png
15:27:56.852 [main] DEBUG net.thucydides.core.steps.StepInterceptor - STEP DONE: klikTombolTambah
  &amp#27;[32mThen &amp#27;[0m&amp#27;[32muser klik tombol tambah&amp#27;[0m                                            &amp#27;[90m# starter.stepdefinitions.TransaksiSteps.userKlikTombolTambah()&amp#27;[0m
15:27:56.852 [Darkroom Processing Line] DEBUG net.serenitybdd.core.photography.DarkroomProcessingLine - Processing screenshot image in /var/screenshots/screenshot-7250571835006150717
15:27:56.852 [Darkroom Processing Line] DEBUG net.serenitybdd.core.photography.DarkroomProcessingLine - Saving screenshot to target\site\serenity\351d9f10210bc58400384a31969045691efd863419395c5ecc7bfe790a7344ec.png
15:27:56.859 [main] INFO  - 
  _____   ___   ___   _____     ___     _     ___   ___   ___   ___  
 |_   _| | __| / __| |_   _|   | _ \   /_\   / __| / __| | __| |   \ 
   | |   | _|  \__ \   | |     |  _/  / _ \  \__ \ \__ \ | _|  | |) |
   |_|   |___| |___/   |_|     |_|   /_/ \_\ |___/ |___/ |___| |___/ 

user bisa Mengubah Jumlah Produk pada Keranjang Belanja
----------------------------------------------------------------------
15:27:56.860 [Driver Command Executor] DEBUG org.asynchttpclient.netty.request.NettyRequestSender - Using pooled Channel '[id: 0xc04797de, L:/127.0.0.1:58090 - R:localhost/127.0.0.1:7550]' for 'DELETE' to 'http://localhost:7550/session/4a6cc52cd08ce3188a6765594b9608c7'
15:27:56.860 [AsyncHttpClient-1-11] DEBUG org.asynchttpclient.netty.handler.WebSocketHandler - Channel Closed: [id: 0x16cf142f, L:/127.0.0.1:58098 ! R:localhost/127.0.0.1:58091] with attribute NettyResponseFuture{currentRetry=0,
	isDone=1,
	isCancelled=0,
	asyncHandler=org.asynchttpclient.ws.WebSocketUpgradeHandler@5bdc9118,
	nettyRequest=org.asynchttpclient.netty.request.NettyRequest@42a5cb38,
	future=java.util.concurrent.CompletableFuture@6feacbc3[Completed normally],
	uri=ws://localhost:58091/devtools/browser/6ee9c191-2d48-4758-b68d-500ba074e6b4,
	keepAlive=true,
	redirectCount=0,
	timeoutsHolder=null,
	inAuth=0,
	touch=1683707266595}
15:27:56.860 [Driver Command Executor] DEBUG org.asynchttpclient.netty.request.NettyRequestSender - Using open Channel [id: 0xc04797de, L:/127.0.0.1:58090 - R:localhost/127.0.0.1:7550] for DELETE '/session/4a6cc52cd08ce3188a6765594b9608c7'
15:27:56.860 [AsyncHttpClient-1-11] DEBUG org.asynchttpclient.netty.channel.ChannelManager - Closing Channel [id: 0x16cf142f, L:/127.0.0.1:58098 ! R:localhost/127.0.0.1:58091] 
15:27:56.902 [AsyncHttpClient-1-10] DEBUG org.asynchttpclient.netty.handler.HttpHandler - Unexpected I/O exception on channel [id: 0x2a37a9a8, L:/127.0.0.1:58097 - R:localhost/127.0.0.1:58091]
java.net.SocketException: Connection reset
	at java.base/sun.nio.ch.SocketChannelImpl.throwConnectionReset(SocketChannelImpl.java:401)
	at java.base/sun.nio.ch.SocketChannelImpl.read(SocketChannelImpl.java:434)
	at io.netty.buffer.PooledByteBuf.setBytes(PooledByteBuf.java:259)
	at io.netty.buffer.AbstractByteBuf.writeBytes(AbstractByteBuf.java:1132)
	at io.netty.buffer.WrappedByteBuf.writeBytes(WrappedByteBuf.java:821)
	at io.netty.channel.socket.nio.NioSocketChannel.doReadBytes(NioSocketChannel.java:357)
	at io.netty.channel.nio.AbstractNioByteChannel$NioByteUnsafe.read(AbstractNioByteChannel.java:151)
	at io.netty.channel.nio.NioEventLoop.processSelectedKey(NioEventLoop.java:788)
	at io.netty.channel.nio.NioEventLoop.processSelectedKeysOptimized(NioEventLoop.java:724)
	at io.netty.channel.nio.NioEventLoop.processSelectedKeys(NioEventLoop.java:650)
	at io.netty.channel.nio.NioEventLoop.run(NioEventLoop.java:562)
	at io.netty.util.concurrent.SingleThreadEventExecutor$4.run(SingleThreadEventExecutor.java:997)
	at io.netty.util.internal.ThreadExecutorMap$2.run(ThreadExecutorMap.java:74)
	at io.netty.util.concurrent.FastThreadLocalRunnable.run(FastThreadLocalRunnable.java:30)
	at java.base/java.lang.Thread.run(Thread.java:1589)
15:27:56.903 [AsyncHttpClient-1-10] DEBUG org.asynchttpclient.netty.channel.ChannelManager - Closing Channel [id: 0x2a37a9a8, L:/127.0.0.1:58097 - R:localhost/127.0.0.1:58091] 
15:27:56.903 [AsyncHttpClient-1-10] DEBUG org.asynchttpclient.netty.handler.HttpHandler - Channel Closed: [id: 0x2a37a9a8, L:/127.0.0.1:58097 ! R:localhost/127.0.0.1:58091] with attribute DISCARD
15:27:56.913 [AsyncHttpClient-1-9] DEBUG org.asynchttpclient.netty.handler.HttpHandler - 

Request DefaultFullHttpRequest(decodeResult: success, version: HTTP/1.1, content: EmptyByteBufBE)
DELETE /session/4a6cc52cd08ce3188a6765594b9608c7 HTTP/1.1
User-Agent: selenium/4.7.1 (java windows)
Content-Type: application/json; charset=utf-8
host: localhost:7550
accept: */*

Response DefaultHttpResponse(decodeResult: success, version: HTTP/1.1)
HTTP/1.1 200 OK
Content-Type: application/json; charset=utf-8
cache-control: no-cache
content-length: 14

15:27:56.913 [AsyncHttpClient-1-9] DEBUG org.asynchttpclient.netty.channel.ChannelManager - Adding key: http://localhost:7550 for channel [id: 0xc04797de, L:/127.0.0.1:58090 - R:localhost/127.0.0.1:7550]
15:27:56.991 [AsyncHttpClient-1-9] DEBUG org.asynchttpclient.netty.handler.HttpHandler - Channel Closed: [id: 0xc04797de, L:/127.0.0.1:58090 ! R:localhost/127.0.0.1:7550] with attribute DISCARD
]]></system-out>
    <system-err><![CDATA[Starting ChromeDriver 113.0.5672.63 (0e1a4471d5ae5bf128b1bd8f4d627c8cbd55f70c-refs/branch-heads/5672@{#912}) on port 7550
Only local connections are allowed.
Please see https://chromedriver.chromium.org/security-considerations for suggestions on keeping ChromeDriver safe.
ChromeDriver was started successfully.
May 10, 2023 3:27:46 PM org.openqa.selenium.devtools.CdpVersionFinder findNearestMatch
WARNING: Unable to find CDP implementation matching 113
May 10, 2023 3:27:46 PM org.openqa.selenium.chromium.ChromiumDriver lambda$new$3
WARNING: Unable to find version of CDP to use for . You may need to include a dependency on a specific version of the CDP using something similar to `org.seleniumhq.selenium:selenium-devtools-v86:4.7.1` where the version ("v86") matches the version of the chromium-based browser you're using and the version number of the artifact is the same as Selenium's.
]]></system-err>
  </testcase>
  <testcase name="user bisa menghapus produk dari keranjang belanja" classname="Transaksi" time="10.159">
    <system-out><![CDATA[
@Transaksi05-Web-Positive
Scenario: user bisa menghapus produk dari keranjang belanja     &amp#27;[90m# src/test/resources/features/3. Transaksi.feature:29&amp#27;[0m
15:27:57.031 [main] INFO io.cucumber.core.plugin.SerenityReporter - Running feature from file:///C:/Users/HP/Downloads/Mini-Project-QA/ALTASHOP%20WEB%20AUTOMATION/src/test/resources/features/3.%20Transaksi.feature
15:27:57.047 [main] INFO  - 
  _____   ___   ___   _____     ___   _____     _     ___   _____   ___   ___  
 |_   _| | __| / __| |_   _|   / __| |_   _|   /_\   | _ \ |_   _| | __| |   \ 
   | |   | _|  \__ \   | |     \__ \   | |    / _ \  |   /   | |   | _|  | |) |
   |_|   |___| |___/   |_|     |___/   |_|   /_/ \_\ |_|_\   |_|   |___| |___/ 

user bisa menghapus produk dari keranjang belanja(transaksi;user-bisa-menghapus-produk-dari-keranjang-belanja)
--------------------------------------------------------------------------------
15:27:57.063 [main] DEBUG net.thucydides.core.steps.StepInterceptor - STARTING STEP: TransaksiSteps.userBeradaDiHomepageAltaShopDanLoginAkun - diHomepageAltaShop
15:27:57.125 [main] INFO net.serenitybdd.core.webdriver.driverproviders.ChromeDriverProvider - Starting Chrome driver instance with capabilities:
15:27:57.125 [main] INFO net.serenitybdd.core.webdriver.driverproviders.ChromeDriverProvider - Capabilities {acceptInsecureCerts: true, browserName: chrome, goog:chromeOptions: {args: [remote-allow-origins=*, test-type, no-sandbox, ignore-certificate-errors, start-maximized, incognito, disable-infobars, disable-gpu, disable-default-apps, disable-popup-blocking, remote-allow-origins=*, test-type, no-sandbox, ignore-certificate-errors, start-maximized, incognito, disable-infobars, disable-gpu, disable-default-apps, disable-popup-blocking], extensions: []}}
15:27:57.236 [AsyncHttpClient-1-12] DEBUG org.asynchttpclient.netty.channel.NettyConnectListener - Using new Channel '[id: 0xd2c4f9ef, L:/127.0.0.1:58122 - R:localhost/127.0.0.1:1644]' for 'POST' to '/session'
15:27:57.446 [AsyncHttpClient-1-1] DEBUG org.asynchttpclient.netty.channel.DefaultChannelPool - Entry count for : http://localhost:7550 : 1
15:27:57.446 [AsyncHttpClient-1-1] DEBUG org.asynchttpclient.netty.channel.DefaultChannelPool - Entry count for : http://localhost:58091 : 1
15:27:57.446 [AsyncHttpClient-1-1] DEBUG org.asynchttpclient.netty.channel.DefaultChannelPool - Adding Candidate expired Channel [id: 0xc04797de, L:/127.0.0.1:58090 ! R:localhost/127.0.0.1:7550] isIdleTimeoutExpired=false isRemotelyClosed=true isTtlExpired=false
15:27:57.446 [AsyncHttpClient-1-1] DEBUG org.asynchttpclient.netty.channel.DefaultChannelPool - Closing Idle Channel [id: 0xc04797de, L:/127.0.0.1:58090 ! R:localhost/127.0.0.1:7550]
15:27:57.446 [AsyncHttpClient-1-1] DEBUG org.asynchttpclient.netty.channel.DefaultChannelPool - Adding Candidate expired Channel [id: 0x2a37a9a8, L:/127.0.0.1:58097 ! R:localhost/127.0.0.1:58091] isIdleTimeoutExpired=false isRemotelyClosed=true isTtlExpired=false
15:27:57.446 [AsyncHttpClient-1-1] DEBUG org.asynchttpclient.netty.channel.DefaultChannelPool - Closing Idle Channel [id: 0x2a37a9a8, L:/127.0.0.1:58097 ! R:localhost/127.0.0.1:58091]
15:27:57.446 [AsyncHttpClient-1-1] DEBUG org.asynchttpclient.netty.channel.DefaultChannelPool - Closed 2 connections out of 2 in 0 ms
15:27:58.030 [AsyncHttpClient-1-12] DEBUG org.asynchttpclient.netty.handler.HttpHandler - 

Request DefaultHttpRequest(decodeResult: success, version: HTTP/1.1)
POST /session HTTP/1.1
User-Agent: selenium/4.7.1 (java windows)
Content-Length: 1629
Content-Type: application/json; charset=utf-8
host: localhost:1644
accept: */*

Response DefaultHttpResponse(decodeResult: success, version: HTTP/1.1)
HTTP/1.1 200 OK
Content-Type: application/json; charset=utf-8
cache-control: no-cache
content-length: 853

15:27:58.030 [AsyncHttpClient-1-12] DEBUG org.asynchttpclient.netty.channel.ChannelManager - Adding key: http://localhost:1644 for channel [id: 0xd2c4f9ef, L:/127.0.0.1:58122 - R:localhost/127.0.0.1:1644]
15:27:58.040 [AsyncHttpClient-1-13] DEBUG org.asynchttpclient.netty.channel.NettyConnectListener - Using new Channel '[id: 0x5271ca4c, L:/127.0.0.1:58129 - R:localhost/127.0.0.1:58123]' for 'GET' to '/json/version'
15:27:58.041 [AsyncHttpClient-1-13] DEBUG org.asynchttpclient.netty.handler.HttpHandler - 

Request DefaultFullHttpRequest(decodeResult: success, version: HTTP/1.1, content: EmptyByteBufBE)
GET /json/version HTTP/1.1
User-Agent: selenium/4.7.1 (java windows)
host: localhost:58123
accept: */*

Response DefaultHttpResponse(decodeResult: success, version: HTTP/1.1)
HTTP/1.1 200 OK
Content-Security-Policy: frame-ancestors 'none'
Content-Type: application/json; charset=UTF-8
content-length: 422

15:27:58.041 [AsyncHttpClient-1-13] DEBUG org.asynchttpclient.netty.channel.ChannelManager - Adding key: http://localhost:58123 for channel [id: 0x5271ca4c, L:/127.0.0.1:58129 - R:localhost/127.0.0.1:58123]
15:27:58.044 [AsyncHttpClient-1-14] DEBUG org.asynchttpclient.netty.channel.NettyConnectListener - Using new Channel '[id: 0x09eab8e2, L:/127.0.0.1:58130 - R:localhost/127.0.0.1:58123]' for 'GET' to '/devtools/browser/129e1ced-a19f-4e63-a3c5-116fc9d7ae0f'
15:27:58.046 [AsyncHttpClient-1-14] DEBUG org.asynchttpclient.netty.handler.WebSocketHandler - 

Request DefaultFullHttpRequest(decodeResult: success, version: HTTP/1.1, content: EmptyByteBufBE)
GET /devtools/browser/129e1ced-a19f-4e63-a3c5-116fc9d7ae0f HTTP/1.1
upgrade: websocket
connection: upgrade
sec-websocket-key: DlU63y9iJVBRM8P9Co19lA==
sec-websocket-version: 13
origin: http://localhost:58123
host: localhost:58123
accept: */*
user-agent: AHC/2.1

Response DefaultHttpResponse(decodeResult: success, version: HTTP/1.1)
HTTP/1.1 101 WebSocket Protocol Handshake
Upgrade: WebSocket
Connection: Upgrade
Sec-WebSocket-Accept: Z8AwIlk/VaWrc6dji2IVR29ly8c=

15:27:58.065 [Forwarding get on session d251d07d986dd86ac44f57e688a99615 to remote] DEBUG org.asynchttpclient.netty.request.NettyRequestSender - Using pooled Channel '[id: 0xd2c4f9ef, L:/127.0.0.1:58122 - R:localhost/127.0.0.1:1644]' for 'POST' to 'http://localhost:1644/session/d251d07d986dd86ac44f57e688a99615/url'
15:27:58.065 [Forwarding get on session d251d07d986dd86ac44f57e688a99615 to remote] DEBUG org.asynchttpclient.netty.request.NettyRequestSender - Using open Channel [id: 0xd2c4f9ef, L:/127.0.0.1:58122 - R:localhost/127.0.0.1:1644] for POST '/session/d251d07d986dd86ac44f57e688a99615/url'
15:27:58.558 [AsyncHttpClient-1-1] DEBUG org.asynchttpclient.netty.channel.DefaultChannelPool - Entry count for : http://localhost:58123 : 1
15:27:59.649 [AsyncHttpClient-1-1] DEBUG org.asynchttpclient.netty.channel.DefaultChannelPool - Entry count for : http://localhost:58123 : 1
15:27:59.657 [AsyncHttpClient-1-12] DEBUG org.asynchttpclient.netty.handler.HttpHandler - 

Request DefaultHttpRequest(decodeResult: success, version: HTTP/1.1)
POST /session/d251d07d986dd86ac44f57e688a99615/url HTTP/1.1
User-Agent: selenium/4.7.1 (java windows)
Content-Length: 59
Content-Type: application/json; charset=utf-8
host: localhost:1644
accept: */*

Response DefaultHttpResponse(decodeResult: success, version: HTTP/1.1)
HTTP/1.1 200 OK
Content-Type: application/json; charset=utf-8
cache-control: no-cache
content-length: 14

15:27:59.657 [AsyncHttpClient-1-12] DEBUG org.asynchttpclient.netty.channel.ChannelManager - Adding key: http://localhost:1644 for channel [id: 0xd2c4f9ef, L:/127.0.0.1:58122 - R:localhost/127.0.0.1:1644]
15:27:59.658 [Forwarding setTimeout on session d251d07d986dd86ac44f57e688a99615 to remote] DEBUG org.asynchttpclient.netty.request.NettyRequestSender - Using pooled Channel '[id: 0xd2c4f9ef, L:/127.0.0.1:58122 - R:localhost/127.0.0.1:1644]' for 'POST' to 'http://localhost:1644/session/d251d07d986dd86ac44f57e688a99615/timeouts'
15:27:59.658 [Forwarding setTimeout on session d251d07d986dd86ac44f57e688a99615 to remote] DEBUG org.asynchttpclient.netty.request.NettyRequestSender - Using open Channel [id: 0xd2c4f9ef, L:/127.0.0.1:58122 - R:localhost/127.0.0.1:1644] for POST '/session/d251d07d986dd86ac44f57e688a99615/timeouts'
15:27:59.659 [AsyncHttpClient-1-12] DEBUG org.asynchttpclient.netty.handler.HttpHandler - 

Request DefaultHttpRequest(decodeResult: success, version: HTTP/1.1)
POST /session/d251d07d986dd86ac44f57e688a99615/timeouts HTTP/1.1
User-Agent: selenium/4.7.1 (java windows)
Content-Length: 22
Content-Type: application/json; charset=utf-8
host: localhost:1644
accept: */*

Response DefaultHttpResponse(decodeResult: success, version: HTTP/1.1)
HTTP/1.1 200 OK
Content-Type: application/json; charset=utf-8
cache-control: no-cache
content-length: 14

15:27:59.659 [AsyncHttpClient-1-12] DEBUG org.asynchttpclient.netty.channel.ChannelManager - Adding key: http://localhost:1644 for channel [id: 0xd2c4f9ef, L:/127.0.0.1:58122 - R:localhost/127.0.0.1:1644]
15:27:59.661 [Forwarding getCurrentUrl on session d251d07d986dd86ac44f57e688a99615 to remote] DEBUG org.asynchttpclient.netty.request.NettyRequestSender - Using pooled Channel '[id: 0xd2c4f9ef, L:/127.0.0.1:58122 - R:localhost/127.0.0.1:1644]' for 'GET' to 'http://localhost:1644/session/d251d07d986dd86ac44f57e688a99615/url'
15:27:59.661 [Forwarding getCurrentUrl on session d251d07d986dd86ac44f57e688a99615 to remote] DEBUG org.asynchttpclient.netty.request.NettyRequestSender - Using open Channel [id: 0xd2c4f9ef, L:/127.0.0.1:58122 - R:localhost/127.0.0.1:1644] for GET '/session/d251d07d986dd86ac44f57e688a99615/url'
15:27:59.667 [AsyncHttpClient-1-12] DEBUG org.asynchttpclient.netty.handler.HttpHandler - 

Request DefaultFullHttpRequest(decodeResult: success, version: HTTP/1.1, content: EmptyByteBufBE)
GET /session/d251d07d986dd86ac44f57e688a99615/url HTTP/1.1
User-Agent: selenium/4.7.1 (java windows)
Cache-Control: no-cache
Content-Type: application/json; charset=utf-8
host: localhost:1644
accept: */*

Response DefaultHttpResponse(decodeResult: success, version: HTTP/1.1)
HTTP/1.1 200 OK
Content-Type: application/json; charset=utf-8
cache-control: no-cache
content-length: 41

15:27:59.667 [AsyncHttpClient-1-12] DEBUG org.asynchttpclient.netty.channel.ChannelManager - Adding key: http://localhost:1644 for channel [id: 0xd2c4f9ef, L:/127.0.0.1:58122 - R:localhost/127.0.0.1:1644]
15:27:59.670 [Forwarding getCurrentUrl on session d251d07d986dd86ac44f57e688a99615 to remote] DEBUG org.asynchttpclient.netty.request.NettyRequestSender - Using pooled Channel '[id: 0xd2c4f9ef, L:/127.0.0.1:58122 - R:localhost/127.0.0.1:1644]' for 'GET' to 'http://localhost:1644/session/d251d07d986dd86ac44f57e688a99615/url'
15:27:59.670 [Forwarding getCurrentUrl on session d251d07d986dd86ac44f57e688a99615 to remote] DEBUG org.asynchttpclient.netty.request.NettyRequestSender - Using open Channel [id: 0xd2c4f9ef, L:/127.0.0.1:58122 - R:localhost/127.0.0.1:1644] for GET '/session/d251d07d986dd86ac44f57e688a99615/url'
15:27:59.675 [AsyncHttpClient-1-12] DEBUG org.asynchttpclient.netty.handler.HttpHandler - 

Request DefaultFullHttpRequest(decodeResult: success, version: HTTP/1.1, content: EmptyByteBufBE)
GET /session/d251d07d986dd86ac44f57e688a99615/url HTTP/1.1
User-Agent: selenium/4.7.1 (java windows)
Cache-Control: no-cache
Content-Type: application/json; charset=utf-8
host: localhost:1644
accept: */*

Response DefaultHttpResponse(decodeResult: success, version: HTTP/1.1)
HTTP/1.1 200 OK
Content-Type: application/json; charset=utf-8
cache-control: no-cache
content-length: 41

15:27:59.676 [AsyncHttpClient-1-12] DEBUG org.asynchttpclient.netty.channel.ChannelManager - Adding key: http://localhost:1644 for channel [id: 0xd2c4f9ef, L:/127.0.0.1:58122 - R:localhost/127.0.0.1:1644]
15:27:59.688 [Forwarding findElement on session d251d07d986dd86ac44f57e688a99615 to remote] DEBUG org.asynchttpclient.netty.request.NettyRequestSender - Using pooled Channel '[id: 0xd2c4f9ef, L:/127.0.0.1:58122 - R:localhost/127.0.0.1:1644]' for 'POST' to 'http://localhost:1644/session/d251d07d986dd86ac44f57e688a99615/element'
15:27:59.688 [Forwarding findElement on session d251d07d986dd86ac44f57e688a99615 to remote] DEBUG org.asynchttpclient.netty.request.NettyRequestSender - Using open Channel [id: 0xd2c4f9ef, L:/127.0.0.1:58122 - R:localhost/127.0.0.1:1644] for POST '/session/d251d07d986dd86ac44f57e688a99615/element'
15:27:59.706 [AsyncHttpClient-1-12] DEBUG org.asynchttpclient.netty.handler.HttpHandler - 

Request DefaultHttpRequest(decodeResult: success, version: HTTP/1.1)
POST /session/d251d07d986dd86ac44f57e688a99615/element HTTP/1.1
User-Agent: selenium/4.7.1 (java windows)
Content-Length: 108
Content-Type: application/json; charset=utf-8
host: localhost:1644
accept: */*

Response DefaultHttpResponse(decodeResult: success, version: HTTP/1.1)
HTTP/1.1 200 OK
Content-Type: application/json; charset=utf-8
cache-control: no-cache
content-length: 94

15:27:59.706 [AsyncHttpClient-1-12] DEBUG org.asynchttpclient.netty.channel.ChannelManager - Adding key: http://localhost:1644 for channel [id: 0xd2c4f9ef, L:/127.0.0.1:58122 - R:localhost/127.0.0.1:1644]
15:27:59.709 [Forwarding isElementDisplayed on session d251d07d986dd86ac44f57e688a99615 to remote] DEBUG org.asynchttpclient.netty.request.NettyRequestSender - Using pooled Channel '[id: 0xd2c4f9ef, L:/127.0.0.1:58122 - R:localhost/127.0.0.1:1644]' for 'POST' to 'http://localhost:1644/session/d251d07d986dd86ac44f57e688a99615/execute/sync'
15:27:59.709 [Forwarding isElementDisplayed on session d251d07d986dd86ac44f57e688a99615 to remote] DEBUG org.asynchttpclient.netty.request.NettyRequestSender - Using open Channel [id: 0xd2c4f9ef, L:/127.0.0.1:58122 - R:localhost/127.0.0.1:1644] for POST '/session/d251d07d986dd86ac44f57e688a99615/execute/sync'
15:27:59.728 [AsyncHttpClient-1-12] DEBUG org.asynchttpclient.netty.handler.HttpHandler - 

Request DefaultHttpRequest(decodeResult: success, version: HTTP/1.1)
POST /session/d251d07d986dd86ac44f57e688a99615/execute/sync HTTP/1.1
User-Agent: selenium/4.7.1 (java windows)
Content-Length: 48786
Content-Type: application/json; charset=utf-8
host: localhost:1644
accept: */*

Response DefaultHttpResponse(decodeResult: success, version: HTTP/1.1)
HTTP/1.1 200 OK
Content-Type: application/json; charset=utf-8
cache-control: no-cache
content-length: 14

15:27:59.728 [AsyncHttpClient-1-12] DEBUG org.asynchttpclient.netty.channel.ChannelManager - Adding key: http://localhost:1644 for channel [id: 0xd2c4f9ef, L:/127.0.0.1:58122 - R:localhost/127.0.0.1:1644]
15:27:59.731 [Forwarding isElementDisplayed on session d251d07d986dd86ac44f57e688a99615 to remote] DEBUG org.asynchttpclient.netty.request.NettyRequestSender - Using pooled Channel '[id: 0xd2c4f9ef, L:/127.0.0.1:58122 - R:localhost/127.0.0.1:1644]' for 'POST' to 'http://localhost:1644/session/d251d07d986dd86ac44f57e688a99615/execute/sync'
15:27:59.731 [Forwarding isElementDisplayed on session d251d07d986dd86ac44f57e688a99615 to remote] DEBUG org.asynchttpclient.netty.request.NettyRequestSender - Using open Channel [id: 0xd2c4f9ef, L:/127.0.0.1:58122 - R:localhost/127.0.0.1:1644] for POST '/session/d251d07d986dd86ac44f57e688a99615/execute/sync'
15:27:59.748 [AsyncHttpClient-1-12] DEBUG org.asynchttpclient.netty.handler.HttpHandler - 

Request DefaultHttpRequest(decodeResult: success, version: HTTP/1.1)
POST /session/d251d07d986dd86ac44f57e688a99615/execute/sync HTTP/1.1
User-Agent: selenium/4.7.1 (java windows)
Content-Length: 48786
Content-Type: application/json; charset=utf-8
host: localhost:1644
accept: */*

Response DefaultHttpResponse(decodeResult: success, version: HTTP/1.1)
HTTP/1.1 200 OK
Content-Type: application/json; charset=utf-8
cache-control: no-cache
content-length: 14

15:27:59.748 [AsyncHttpClient-1-12] DEBUG org.asynchttpclient.netty.channel.ChannelManager - Adding key: http://localhost:1644 for channel [id: 0xd2c4f9ef, L:/127.0.0.1:58122 - R:localhost/127.0.0.1:1644]
15:27:59.753 [Forwarding getCurrentWindowHandle on session d251d07d986dd86ac44f57e688a99615 to remote] DEBUG org.asynchttpclient.netty.request.NettyRequestSender - Using pooled Channel '[id: 0xd2c4f9ef, L:/127.0.0.1:58122 - R:localhost/127.0.0.1:1644]' for 'GET' to 'http://localhost:1644/session/d251d07d986dd86ac44f57e688a99615/window'
15:27:59.753 [Forwarding getCurrentWindowHandle on session d251d07d986dd86ac44f57e688a99615 to remote] DEBUG org.asynchttpclient.netty.request.NettyRequestSender - Using open Channel [id: 0xd2c4f9ef, L:/127.0.0.1:58122 - R:localhost/127.0.0.1:1644] for GET '/session/d251d07d986dd86ac44f57e688a99615/window'
15:27:59.754 [AsyncHttpClient-1-12] DEBUG org.asynchttpclient.netty.handler.HttpHandler - 

Request DefaultFullHttpRequest(decodeResult: success, version: HTTP/1.1, content: EmptyByteBufBE)
GET /session/d251d07d986dd86ac44f57e688a99615/window HTTP/1.1
User-Agent: selenium/4.7.1 (java windows)
Cache-Control: no-cache
Content-Type: application/json; charset=utf-8
host: localhost:1644
accept: */*

Response DefaultHttpResponse(decodeResult: success, version: HTTP/1.1)
HTTP/1.1 200 OK
Content-Type: application/json; charset=utf-8
cache-control: no-cache
content-length: 44

15:27:59.754 [AsyncHttpClient-1-12] DEBUG org.asynchttpclient.netty.channel.ChannelManager - Adding key: http://localhost:1644 for channel [id: 0xd2c4f9ef, L:/127.0.0.1:58122 - R:localhost/127.0.0.1:1644]
15:27:59.756 [Forwarding getAlertText on session d251d07d986dd86ac44f57e688a99615 to remote] DEBUG org.asynchttpclient.netty.request.NettyRequestSender - Using pooled Channel '[id: 0xd2c4f9ef, L:/127.0.0.1:58122 - R:localhost/127.0.0.1:1644]' for 'GET' to 'http://localhost:1644/session/d251d07d986dd86ac44f57e688a99615/alert/text'
15:27:59.756 [Forwarding getAlertText on session d251d07d986dd86ac44f57e688a99615 to remote] DEBUG org.asynchttpclient.netty.request.NettyRequestSender - Using open Channel [id: 0xd2c4f9ef, L:/127.0.0.1:58122 - R:localhost/127.0.0.1:1644] for GET '/session/d251d07d986dd86ac44f57e688a99615/alert/text'
15:27:59.758 [AsyncHttpClient-1-12] DEBUG org.asynchttpclient.netty.handler.HttpHandler - 

Request DefaultFullHttpRequest(decodeResult: success, version: HTTP/1.1, content: EmptyByteBufBE)
GET /session/d251d07d986dd86ac44f57e688a99615/alert/text HTTP/1.1
User-Agent: selenium/4.7.1 (java windows)
Cache-Control: no-cache
Content-Type: application/json; charset=utf-8
host: localhost:1644
accept: */*

Response DefaultHttpResponse(decodeResult: success, version: HTTP/1.1)
HTTP/1.1 404 Not Found
Content-Type: application/json; charset=utf-8
cache-control: no-cache
content-length: 820

15:27:59.758 [AsyncHttpClient-1-12] DEBUG org.asynchttpclient.netty.channel.ChannelManager - Adding key: http://localhost:1644 for channel [id: 0xd2c4f9ef, L:/127.0.0.1:58122 - R:localhost/127.0.0.1:1644]
15:27:59.759 [Forwarding switchToWindow on session d251d07d986dd86ac44f57e688a99615 to remote] DEBUG org.asynchttpclient.netty.request.NettyRequestSender - Using pooled Channel '[id: 0xd2c4f9ef, L:/127.0.0.1:58122 - R:localhost/127.0.0.1:1644]' for 'POST' to 'http://localhost:1644/session/d251d07d986dd86ac44f57e688a99615/window'
15:27:59.759 [Forwarding switchToWindow on session d251d07d986dd86ac44f57e688a99615 to remote] DEBUG org.asynchttpclient.netty.request.NettyRequestSender - Using open Channel [id: 0xd2c4f9ef, L:/127.0.0.1:58122 - R:localhost/127.0.0.1:1644] for POST '/session/d251d07d986dd86ac44f57e688a99615/window'
15:27:59.760 [AsyncHttpClient-1-12] DEBUG org.asynchttpclient.netty.handler.HttpHandler - 

Request DefaultHttpRequest(decodeResult: success, version: HTTP/1.1)
POST /session/d251d07d986dd86ac44f57e688a99615/window HTTP/1.1
User-Agent: selenium/4.7.1 (java windows)
Content-Length: 50
Content-Type: application/json; charset=utf-8
host: localhost:1644
accept: */*

Response DefaultHttpResponse(decodeResult: success, version: HTTP/1.1)
HTTP/1.1 200 OK
Content-Type: application/json; charset=utf-8
cache-control: no-cache
content-length: 14

15:27:59.761 [AsyncHttpClient-1-12] DEBUG org.asynchttpclient.netty.channel.ChannelManager - Adding key: http://localhost:1644 for channel [id: 0xd2c4f9ef, L:/127.0.0.1:58122 - R:localhost/127.0.0.1:1644]
15:27:59.761 [Forwarding getCurrentUrl on session d251d07d986dd86ac44f57e688a99615 to remote] DEBUG org.asynchttpclient.netty.request.NettyRequestSender - Using pooled Channel '[id: 0xd2c4f9ef, L:/127.0.0.1:58122 - R:localhost/127.0.0.1:1644]' for 'GET' to 'http://localhost:1644/session/d251d07d986dd86ac44f57e688a99615/url'
15:27:59.761 [Forwarding getCurrentUrl on session d251d07d986dd86ac44f57e688a99615 to remote] DEBUG org.asynchttpclient.netty.request.NettyRequestSender - Using open Channel [id: 0xd2c4f9ef, L:/127.0.0.1:58122 - R:localhost/127.0.0.1:1644] for GET '/session/d251d07d986dd86ac44f57e688a99615/url'
15:27:59.766 [AsyncHttpClient-1-12] DEBUG org.asynchttpclient.netty.handler.HttpHandler - 

Request DefaultFullHttpRequest(decodeResult: success, version: HTTP/1.1, content: EmptyByteBufBE)
GET /session/d251d07d986dd86ac44f57e688a99615/url HTTP/1.1
User-Agent: selenium/4.7.1 (java windows)
Cache-Control: no-cache
Content-Type: application/json; charset=utf-8
host: localhost:1644
accept: */*

Response DefaultHttpResponse(decodeResult: success, version: HTTP/1.1)
HTTP/1.1 200 OK
Content-Type: application/json; charset=utf-8
cache-control: no-cache
content-length: 41

15:27:59.766 [AsyncHttpClient-1-12] DEBUG org.asynchttpclient.netty.channel.ChannelManager - Adding key: http://localhost:1644 for channel [id: 0xd2c4f9ef, L:/127.0.0.1:58122 - R:localhost/127.0.0.1:1644]
15:27:59.767 [Forwarding screenshot on session d251d07d986dd86ac44f57e688a99615 to remote] DEBUG org.asynchttpclient.netty.request.NettyRequestSender - Using pooled Channel '[id: 0xd2c4f9ef, L:/127.0.0.1:58122 - R:localhost/127.0.0.1:1644]' for 'GET' to 'http://localhost:1644/session/d251d07d986dd86ac44f57e688a99615/screenshot'
15:27:59.767 [Forwarding screenshot on session d251d07d986dd86ac44f57e688a99615 to remote] DEBUG org.asynchttpclient.netty.request.NettyRequestSender - Using open Channel [id: 0xd2c4f9ef, L:/127.0.0.1:58122 - R:localhost/127.0.0.1:1644] for GET '/session/d251d07d986dd86ac44f57e688a99615/screenshot'
15:27:59.893 [AsyncHttpClient-1-12] DEBUG org.asynchttpclient.netty.handler.HttpHandler - 

Request DefaultFullHttpRequest(decodeResult: success, version: HTTP/1.1, content: EmptyByteBufBE)
GET /session/d251d07d986dd86ac44f57e688a99615/screenshot HTTP/1.1
User-Agent: selenium/4.7.1 (java windows)
Cache-Control: no-cache
Content-Type: application/json; charset=utf-8
host: localhost:1644
accept: */*

Response DefaultHttpResponse(decodeResult: success, version: HTTP/1.1)
HTTP/1.1 200 OK
Content-Type: application/json; charset=utf-8
cache-control: no-cache
content-length: 40556

15:27:59.894 [AsyncHttpClient-1-12] DEBUG org.asynchttpclient.netty.channel.ChannelManager - Adding key: http://localhost:1644 for channel [id: 0xd2c4f9ef, L:/127.0.0.1:58122 - R:localhost/127.0.0.1:1644]
15:27:59.895 [main] DEBUG net.serenitybdd.core.photography.Darkroom - Send negative for processing for target\site\serenity\fa24714cee49951a8716802f2ecbaef8509da194a84835a40bfdc62187e9e6f6.png
15:27:59.895 [main] DEBUG net.thucydides.core.steps.StepInterceptor - STEP DONE: diHomepageAltaShop
15:27:59.895 [Darkroom Processing Line] DEBUG net.serenitybdd.core.photography.DarkroomProcessingLine - Processing screenshot image in /var/screenshots/screenshot-7106287611304553357
15:27:59.895 [Darkroom Processing Line] DEBUG net.serenitybdd.core.photography.DarkroomProcessingLine - Saving screenshot to target\site\serenity\fa24714cee49951a8716802f2ecbaef8509da194a84835a40bfdc62187e9e6f6.png
15:27:59.898 [main] DEBUG net.thucydides.core.steps.StepInterceptor - STARTING STEP: TransaksiSteps.userBeradaDiHomepageAltaShopDanLoginAkun - klikButtonLogin
15:27:59.902 [Forwarding findElement on session d251d07d986dd86ac44f57e688a99615 to remote] DEBUG org.asynchttpclient.netty.request.NettyRequestSender - Using pooled Channel '[id: 0xd2c4f9ef, L:/127.0.0.1:58122 - R:localhost/127.0.0.1:1644]' for 'POST' to 'http://localhost:1644/session/d251d07d986dd86ac44f57e688a99615/element'
15:27:59.902 [Forwarding findElement on session d251d07d986dd86ac44f57e688a99615 to remote] DEBUG org.asynchttpclient.netty.request.NettyRequestSender - Using open Channel [id: 0xd2c4f9ef, L:/127.0.0.1:58122 - R:localhost/127.0.0.1:1644] for POST '/session/d251d07d986dd86ac44f57e688a99615/element'
15:27:59.911 [AsyncHttpClient-1-12] DEBUG org.asynchttpclient.netty.handler.HttpHandler - 

Request DefaultHttpRequest(decodeResult: success, version: HTTP/1.1)
POST /session/d251d07d986dd86ac44f57e688a99615/element HTTP/1.1
User-Agent: selenium/4.7.1 (java windows)
Content-Length: 108
Content-Type: application/json; charset=utf-8
host: localhost:1644
accept: */*

Response DefaultHttpResponse(decodeResult: success, version: HTTP/1.1)
HTTP/1.1 200 OK
Content-Type: application/json; charset=utf-8
cache-control: no-cache
content-length: 94

15:27:59.912 [AsyncHttpClient-1-12] DEBUG org.asynchttpclient.netty.channel.ChannelManager - Adding key: http://localhost:1644 for channel [id: 0xd2c4f9ef, L:/127.0.0.1:58122 - R:localhost/127.0.0.1:1644]
15:27:59.912 [Forwarding getElementTagName on session d251d07d986dd86ac44f57e688a99615 to remote] DEBUG org.asynchttpclient.netty.request.NettyRequestSender - Using pooled Channel '[id: 0xd2c4f9ef, L:/127.0.0.1:58122 - R:localhost/127.0.0.1:1644]' for 'GET' to 'http://localhost:1644/session/d251d07d986dd86ac44f57e688a99615/element/D2D368A494A9155FD42B3DFAE251696E_element_5/name'
15:27:59.912 [Forwarding getElementTagName on session d251d07d986dd86ac44f57e688a99615 to remote] DEBUG org.asynchttpclient.netty.request.NettyRequestSender - Using open Channel [id: 0xd2c4f9ef, L:/127.0.0.1:58122 - R:localhost/127.0.0.1:1644] for GET '/session/d251d07d986dd86ac44f57e688a99615/element/D2D368A494A9155FD42B3DFAE251696E_element_5/name'
15:27:59.921 [AsyncHttpClient-1-12] DEBUG org.asynchttpclient.netty.handler.HttpHandler - 

Request DefaultFullHttpRequest(decodeResult: success, version: HTTP/1.1, content: EmptyByteBufBE)
GET /session/d251d07d986dd86ac44f57e688a99615/element/D2D368A494A9155FD42B3DFAE251696E_element_5/name HTTP/1.1
User-Agent: selenium/4.7.1 (java windows)
Cache-Control: no-cache
Content-Type: application/json; charset=utf-8
host: localhost:1644
accept: */*

Response DefaultHttpResponse(decodeResult: success, version: HTTP/1.1)
HTTP/1.1 200 OK
Content-Type: application/json; charset=utf-8
cache-control: no-cache
content-length: 18

15:27:59.921 [AsyncHttpClient-1-12] DEBUG org.asynchttpclient.netty.channel.ChannelManager - Adding key: http://localhost:1644 for channel [id: 0xd2c4f9ef, L:/127.0.0.1:58122 - R:localhost/127.0.0.1:1644]
15:27:59.922 [Forwarding getElementTagName on session d251d07d986dd86ac44f57e688a99615 to remote] DEBUG org.asynchttpclient.netty.request.NettyRequestSender - Using pooled Channel '[id: 0xd2c4f9ef, L:/127.0.0.1:58122 - R:localhost/127.0.0.1:1644]' for 'GET' to 'http://localhost:1644/session/d251d07d986dd86ac44f57e688a99615/element/D2D368A494A9155FD42B3DFAE251696E_element_5/name'
15:27:59.922 [Forwarding getElementTagName on session d251d07d986dd86ac44f57e688a99615 to remote] DEBUG org.asynchttpclient.netty.request.NettyRequestSender - Using open Channel [id: 0xd2c4f9ef, L:/127.0.0.1:58122 - R:localhost/127.0.0.1:1644] for GET '/session/d251d07d986dd86ac44f57e688a99615/element/D2D368A494A9155FD42B3DFAE251696E_element_5/name'
15:27:59.927 [AsyncHttpClient-1-12] DEBUG org.asynchttpclient.netty.handler.HttpHandler - 

Request DefaultFullHttpRequest(decodeResult: success, version: HTTP/1.1, content: EmptyByteBufBE)
GET /session/d251d07d986dd86ac44f57e688a99615/element/D2D368A494A9155FD42B3DFAE251696E_element_5/name HTTP/1.1
User-Agent: selenium/4.7.1 (java windows)
Cache-Control: no-cache
Content-Type: application/json; charset=utf-8
host: localhost:1644
accept: */*

Response DefaultHttpResponse(decodeResult: success, version: HTTP/1.1)
HTTP/1.1 200 OK
Content-Type: application/json; charset=utf-8
cache-control: no-cache
content-length: 18

15:27:59.927 [AsyncHttpClient-1-12] DEBUG org.asynchttpclient.netty.channel.ChannelManager - Adding key: http://localhost:1644 for channel [id: 0xd2c4f9ef, L:/127.0.0.1:58122 - R:localhost/127.0.0.1:1644]
15:27:59.929 [Forwarding isElementEnabled on session d251d07d986dd86ac44f57e688a99615 to remote] DEBUG org.asynchttpclient.netty.request.NettyRequestSender - Using pooled Channel '[id: 0xd2c4f9ef, L:/127.0.0.1:58122 - R:localhost/127.0.0.1:1644]' for 'GET' to 'http://localhost:1644/session/d251d07d986dd86ac44f57e688a99615/element/D2D368A494A9155FD42B3DFAE251696E_element_5/enabled'
15:27:59.929 [Forwarding isElementEnabled on session d251d07d986dd86ac44f57e688a99615 to remote] DEBUG org.asynchttpclient.netty.request.NettyRequestSender - Using open Channel [id: 0xd2c4f9ef, L:/127.0.0.1:58122 - R:localhost/127.0.0.1:1644] for GET '/session/d251d07d986dd86ac44f57e688a99615/element/D2D368A494A9155FD42B3DFAE251696E_element_5/enabled'
15:27:59.940 [AsyncHttpClient-1-12] DEBUG org.asynchttpclient.netty.handler.HttpHandler - 

Request DefaultFullHttpRequest(decodeResult: success, version: HTTP/1.1, content: EmptyByteBufBE)
GET /session/d251d07d986dd86ac44f57e688a99615/element/D2D368A494A9155FD42B3DFAE251696E_element_5/enabled HTTP/1.1
User-Agent: selenium/4.7.1 (java windows)
Cache-Control: no-cache
Content-Type: application/json; charset=utf-8
host: localhost:1644
accept: */*

Response DefaultHttpResponse(decodeResult: success, version: HTTP/1.1)
HTTP/1.1 200 OK
Content-Type: application/json; charset=utf-8
cache-control: no-cache
content-length: 14

15:27:59.940 [AsyncHttpClient-1-12] DEBUG org.asynchttpclient.netty.channel.ChannelManager - Adding key: http://localhost:1644 for channel [id: 0xd2c4f9ef, L:/127.0.0.1:58122 - R:localhost/127.0.0.1:1644]
15:27:59.941 [Forwarding isElementEnabled on session d251d07d986dd86ac44f57e688a99615 to remote] DEBUG org.asynchttpclient.netty.request.NettyRequestSender - Using pooled Channel '[id: 0xd2c4f9ef, L:/127.0.0.1:58122 - R:localhost/127.0.0.1:1644]' for 'GET' to 'http://localhost:1644/session/d251d07d986dd86ac44f57e688a99615/element/D2D368A494A9155FD42B3DFAE251696E_element_5/enabled'
15:27:59.941 [Forwarding isElementEnabled on session d251d07d986dd86ac44f57e688a99615 to remote] DEBUG org.asynchttpclient.netty.request.NettyRequestSender - Using open Channel [id: 0xd2c4f9ef, L:/127.0.0.1:58122 - R:localhost/127.0.0.1:1644] for GET '/session/d251d07d986dd86ac44f57e688a99615/element/D2D368A494A9155FD42B3DFAE251696E_element_5/enabled'
15:27:59.951 [AsyncHttpClient-1-12] DEBUG org.asynchttpclient.netty.handler.HttpHandler - 

Request DefaultFullHttpRequest(decodeResult: success, version: HTTP/1.1, content: EmptyByteBufBE)
GET /session/d251d07d986dd86ac44f57e688a99615/element/D2D368A494A9155FD42B3DFAE251696E_element_5/enabled HTTP/1.1
User-Agent: selenium/4.7.1 (java windows)
Cache-Control: no-cache
Content-Type: application/json; charset=utf-8
host: localhost:1644
accept: */*

Response DefaultHttpResponse(decodeResult: success, version: HTTP/1.1)
HTTP/1.1 200 OK
Content-Type: application/json; charset=utf-8
cache-control: no-cache
content-length: 14

15:27:59.951 [AsyncHttpClient-1-12] DEBUG org.asynchttpclient.netty.channel.ChannelManager - Adding key: http://localhost:1644 for channel [id: 0xd2c4f9ef, L:/127.0.0.1:58122 - R:localhost/127.0.0.1:1644]
15:27:59.953 [Forwarding findElement on session d251d07d986dd86ac44f57e688a99615 to remote] DEBUG org.asynchttpclient.netty.request.NettyRequestSender - Using pooled Channel '[id: 0xd2c4f9ef, L:/127.0.0.1:58122 - R:localhost/127.0.0.1:1644]' for 'POST' to 'http://localhost:1644/session/d251d07d986dd86ac44f57e688a99615/element'
15:27:59.953 [Forwarding findElement on session d251d07d986dd86ac44f57e688a99615 to remote] DEBUG org.asynchttpclient.netty.request.NettyRequestSender - Using open Channel [id: 0xd2c4f9ef, L:/127.0.0.1:58122 - R:localhost/127.0.0.1:1644] for POST '/session/d251d07d986dd86ac44f57e688a99615/element'
15:27:59.969 [AsyncHttpClient-1-12] DEBUG org.asynchttpclient.netty.handler.HttpHandler - 

Request DefaultHttpRequest(decodeResult: success, version: HTTP/1.1)
POST /session/d251d07d986dd86ac44f57e688a99615/element HTTP/1.1
User-Agent: selenium/4.7.1 (java windows)
Content-Length: 108
Content-Type: application/json; charset=utf-8
host: localhost:1644
accept: */*

Response DefaultHttpResponse(decodeResult: success, version: HTTP/1.1)
HTTP/1.1 200 OK
Content-Type: application/json; charset=utf-8
cache-control: no-cache
content-length: 94

15:27:59.969 [AsyncHttpClient-1-12] DEBUG org.asynchttpclient.netty.channel.ChannelManager - Adding key: http://localhost:1644 for channel [id: 0xd2c4f9ef, L:/127.0.0.1:58122 - R:localhost/127.0.0.1:1644]
15:27:59.970 [Forwarding clickElement on session d251d07d986dd86ac44f57e688a99615 to remote] DEBUG org.asynchttpclient.netty.request.NettyRequestSender - Using pooled Channel '[id: 0xd2c4f9ef, L:/127.0.0.1:58122 - R:localhost/127.0.0.1:1644]' for 'POST' to 'http://localhost:1644/session/d251d07d986dd86ac44f57e688a99615/element/D2D368A494A9155FD42B3DFAE251696E_element_5/click'
15:27:59.970 [Forwarding clickElement on session d251d07d986dd86ac44f57e688a99615 to remote] DEBUG org.asynchttpclient.netty.request.NettyRequestSender - Using open Channel [id: 0xd2c4f9ef, L:/127.0.0.1:58122 - R:localhost/127.0.0.1:1644] for POST '/session/d251d07d986dd86ac44f57e688a99615/element/D2D368A494A9155FD42B3DFAE251696E_element_5/click'
15:28:00.079 [AsyncHttpClient-1-12] DEBUG org.asynchttpclient.netty.handler.HttpHandler - 

Request DefaultHttpRequest(decodeResult: success, version: HTTP/1.1)
POST /session/d251d07d986dd86ac44f57e688a99615/element/D2D368A494A9155FD42B3DFAE251696E_element_5/click HTTP/1.1
User-Agent: selenium/4.7.1 (java windows)
Content-Length: 56
Content-Type: application/json; charset=utf-8
host: localhost:1644
accept: */*

Response DefaultHttpResponse(decodeResult: success, version: HTTP/1.1)
HTTP/1.1 200 OK
Content-Type: application/json; charset=utf-8
cache-control: no-cache
content-length: 14

15:28:00.079 [AsyncHttpClient-1-12] DEBUG org.asynchttpclient.netty.channel.ChannelManager - Adding key: http://localhost:1644 for channel [id: 0xd2c4f9ef, L:/127.0.0.1:58122 - R:localhost/127.0.0.1:1644]
15:28:00.089 [Forwarding getCurrentWindowHandle on session d251d07d986dd86ac44f57e688a99615 to remote] DEBUG org.asynchttpclient.netty.request.NettyRequestSender - Using pooled Channel '[id: 0xd2c4f9ef, L:/127.0.0.1:58122 - R:localhost/127.0.0.1:1644]' for 'GET' to 'http://localhost:1644/session/d251d07d986dd86ac44f57e688a99615/window'
15:28:00.089 [Forwarding getCurrentWindowHandle on session d251d07d986dd86ac44f57e688a99615 to remote] DEBUG org.asynchttpclient.netty.request.NettyRequestSender - Using open Channel [id: 0xd2c4f9ef, L:/127.0.0.1:58122 - R:localhost/127.0.0.1:1644] for GET '/session/d251d07d986dd86ac44f57e688a99615/window'
15:28:00.090 [AsyncHttpClient-1-12] DEBUG org.asynchttpclient.netty.handler.HttpHandler - 

Request DefaultFullHttpRequest(decodeResult: success, version: HTTP/1.1, content: EmptyByteBufBE)
GET /session/d251d07d986dd86ac44f57e688a99615/window HTTP/1.1
User-Agent: selenium/4.7.1 (java windows)
Cache-Control: no-cache
Content-Type: application/json; charset=utf-8
host: localhost:1644
accept: */*

Response DefaultHttpResponse(decodeResult: success, version: HTTP/1.1)
HTTP/1.1 200 OK
Content-Type: application/json; charset=utf-8
cache-control: no-cache
content-length: 44

15:28:00.090 [AsyncHttpClient-1-12] DEBUG org.asynchttpclient.netty.channel.ChannelManager - Adding key: http://localhost:1644 for channel [id: 0xd2c4f9ef, L:/127.0.0.1:58122 - R:localhost/127.0.0.1:1644]
15:28:00.092 [Forwarding getAlertText on session d251d07d986dd86ac44f57e688a99615 to remote] DEBUG org.asynchttpclient.netty.request.NettyRequestSender - Using pooled Channel '[id: 0xd2c4f9ef, L:/127.0.0.1:58122 - R:localhost/127.0.0.1:1644]' for 'GET' to 'http://localhost:1644/session/d251d07d986dd86ac44f57e688a99615/alert/text'
15:28:00.092 [Forwarding getAlertText on session d251d07d986dd86ac44f57e688a99615 to remote] DEBUG org.asynchttpclient.netty.request.NettyRequestSender - Using open Channel [id: 0xd2c4f9ef, L:/127.0.0.1:58122 - R:localhost/127.0.0.1:1644] for GET '/session/d251d07d986dd86ac44f57e688a99615/alert/text'
15:28:00.144 [AsyncHttpClient-1-12] DEBUG org.asynchttpclient.netty.handler.HttpHandler - 

Request DefaultFullHttpRequest(decodeResult: success, version: HTTP/1.1, content: EmptyByteBufBE)
GET /session/d251d07d986dd86ac44f57e688a99615/alert/text HTTP/1.1
User-Agent: selenium/4.7.1 (java windows)
Cache-Control: no-cache
Content-Type: application/json; charset=utf-8
host: localhost:1644
accept: */*

Response DefaultHttpResponse(decodeResult: success, version: HTTP/1.1)
HTTP/1.1 404 Not Found
Content-Type: application/json; charset=utf-8
cache-control: no-cache
content-length: 820

15:28:00.144 [AsyncHttpClient-1-12] DEBUG org.asynchttpclient.netty.channel.ChannelManager - Adding key: http://localhost:1644 for channel [id: 0xd2c4f9ef, L:/127.0.0.1:58122 - R:localhost/127.0.0.1:1644]
15:28:00.146 [Forwarding switchToWindow on session d251d07d986dd86ac44f57e688a99615 to remote] DEBUG org.asynchttpclient.netty.request.NettyRequestSender - Using pooled Channel '[id: 0xd2c4f9ef, L:/127.0.0.1:58122 - R:localhost/127.0.0.1:1644]' for 'POST' to 'http://localhost:1644/session/d251d07d986dd86ac44f57e688a99615/window'
15:28:00.146 [Forwarding switchToWindow on session d251d07d986dd86ac44f57e688a99615 to remote] DEBUG org.asynchttpclient.netty.request.NettyRequestSender - Using open Channel [id: 0xd2c4f9ef, L:/127.0.0.1:58122 - R:localhost/127.0.0.1:1644] for POST '/session/d251d07d986dd86ac44f57e688a99615/window'
15:28:00.149 [AsyncHttpClient-1-12] DEBUG org.asynchttpclient.netty.handler.HttpHandler - 

Request DefaultHttpRequest(decodeResult: success, version: HTTP/1.1)
POST /session/d251d07d986dd86ac44f57e688a99615/window HTTP/1.1
User-Agent: selenium/4.7.1 (java windows)
Content-Length: 50
Content-Type: application/json; charset=utf-8
host: localhost:1644
accept: */*

Response DefaultHttpResponse(decodeResult: success, version: HTTP/1.1)
HTTP/1.1 200 OK
Content-Type: application/json; charset=utf-8
cache-control: no-cache
content-length: 14

15:28:00.149 [AsyncHttpClient-1-12] DEBUG org.asynchttpclient.netty.channel.ChannelManager - Adding key: http://localhost:1644 for channel [id: 0xd2c4f9ef, L:/127.0.0.1:58122 - R:localhost/127.0.0.1:1644]
15:28:00.150 [Forwarding getCurrentUrl on session d251d07d986dd86ac44f57e688a99615 to remote] DEBUG org.asynchttpclient.netty.request.NettyRequestSender - Using pooled Channel '[id: 0xd2c4f9ef, L:/127.0.0.1:58122 - R:localhost/127.0.0.1:1644]' for 'GET' to 'http://localhost:1644/session/d251d07d986dd86ac44f57e688a99615/url'
15:28:00.150 [Forwarding getCurrentUrl on session d251d07d986dd86ac44f57e688a99615 to remote] DEBUG org.asynchttpclient.netty.request.NettyRequestSender - Using open Channel [id: 0xd2c4f9ef, L:/127.0.0.1:58122 - R:localhost/127.0.0.1:1644] for GET '/session/d251d07d986dd86ac44f57e688a99615/url'
15:28:00.179 [AsyncHttpClient-1-12] DEBUG org.asynchttpclient.netty.handler.HttpHandler - 

Request DefaultFullHttpRequest(decodeResult: success, version: HTTP/1.1, content: EmptyByteBufBE)
GET /session/d251d07d986dd86ac44f57e688a99615/url HTTP/1.1
User-Agent: selenium/4.7.1 (java windows)
Cache-Control: no-cache
Content-Type: application/json; charset=utf-8
host: localhost:1644
accept: */*

Response DefaultHttpResponse(decodeResult: success, version: HTTP/1.1)
HTTP/1.1 200 OK
Content-Type: application/json; charset=utf-8
cache-control: no-cache
content-length: 51

15:28:00.179 [AsyncHttpClient-1-12] DEBUG org.asynchttpclient.netty.channel.ChannelManager - Adding key: http://localhost:1644 for channel [id: 0xd2c4f9ef, L:/127.0.0.1:58122 - R:localhost/127.0.0.1:1644]
15:28:00.180 [Forwarding screenshot on session d251d07d986dd86ac44f57e688a99615 to remote] DEBUG org.asynchttpclient.netty.request.NettyRequestSender - Using pooled Channel '[id: 0xd2c4f9ef, L:/127.0.0.1:58122 - R:localhost/127.0.0.1:1644]' for 'GET' to 'http://localhost:1644/session/d251d07d986dd86ac44f57e688a99615/screenshot'
15:28:00.180 [Forwarding screenshot on session d251d07d986dd86ac44f57e688a99615 to remote] DEBUG org.asynchttpclient.netty.request.NettyRequestSender - Using open Channel [id: 0xd2c4f9ef, L:/127.0.0.1:58122 - R:localhost/127.0.0.1:1644] for GET '/session/d251d07d986dd86ac44f57e688a99615/screenshot'
15:28:00.318 [AsyncHttpClient-1-12] DEBUG org.asynchttpclient.netty.handler.HttpHandler - 

Request DefaultFullHttpRequest(decodeResult: success, version: HTTP/1.1, content: EmptyByteBufBE)
GET /session/d251d07d986dd86ac44f57e688a99615/screenshot HTTP/1.1
User-Agent: selenium/4.7.1 (java windows)
Cache-Control: no-cache
Content-Type: application/json; charset=utf-8
host: localhost:1644
accept: */*

Response DefaultHttpResponse(decodeResult: success, version: HTTP/1.1)
HTTP/1.1 200 OK
Content-Type: application/json; charset=utf-8
cache-control: no-cache
content-length: 26892

15:28:00.318 [AsyncHttpClient-1-12] DEBUG org.asynchttpclient.netty.channel.ChannelManager - Adding key: http://localhost:1644 for channel [id: 0xd2c4f9ef, L:/127.0.0.1:58122 - R:localhost/127.0.0.1:1644]
15:28:00.319 [main] DEBUG net.serenitybdd.core.photography.Darkroom - Send negative for processing for target\site\serenity\0549b8a08e1f83ab6f639f5792c3d0fe2ae788066415c6ec5a369b57c08f424f.png
15:28:00.320 [main] DEBUG net.thucydides.core.steps.StepInterceptor - STEP DONE: klikButtonLogin
15:28:00.320 [Darkroom Processing Line] DEBUG net.serenitybdd.core.photography.DarkroomProcessingLine - Processing screenshot image in /var/screenshots/screenshot-811501488294762073
15:28:00.320 [Darkroom Processing Line] DEBUG net.serenitybdd.core.photography.DarkroomProcessingLine - Saving screenshot to target\site\serenity\0549b8a08e1f83ab6f639f5792c3d0fe2ae788066415c6ec5a369b57c08f424f.png
15:28:00.323 [main] DEBUG net.thucydides.core.steps.StepInterceptor - STARTING STEP: TransaksiSteps.userBeradaDiHomepageAltaShopDanLoginAkun - inputEmail
15:28:00.324 [Forwarding findElement on session d251d07d986dd86ac44f57e688a99615 to remote] DEBUG org.asynchttpclient.netty.request.NettyRequestSender - Using pooled Channel '[id: 0xd2c4f9ef, L:/127.0.0.1:58122 - R:localhost/127.0.0.1:1644]' for 'POST' to 'http://localhost:1644/session/d251d07d986dd86ac44f57e688a99615/element'
15:28:00.324 [Forwarding findElement on session d251d07d986dd86ac44f57e688a99615 to remote] DEBUG org.asynchttpclient.netty.request.NettyRequestSender - Using open Channel [id: 0xd2c4f9ef, L:/127.0.0.1:58122 - R:localhost/127.0.0.1:1644] for POST '/session/d251d07d986dd86ac44f57e688a99615/element'
15:28:00.341 [AsyncHttpClient-1-12] DEBUG org.asynchttpclient.netty.handler.HttpHandler - 

Request DefaultHttpRequest(decodeResult: success, version: HTTP/1.1)
POST /session/d251d07d986dd86ac44f57e688a99615/element HTTP/1.1
User-Agent: selenium/4.7.1 (java windows)
Content-Length: 187
Content-Type: application/json; charset=utf-8
host: localhost:1644
accept: */*

Response DefaultHttpResponse(decodeResult: success, version: HTTP/1.1)
HTTP/1.1 200 OK
Content-Type: application/json; charset=utf-8
cache-control: no-cache
content-length: 94

15:28:00.341 [AsyncHttpClient-1-12] DEBUG org.asynchttpclient.netty.channel.ChannelManager - Adding key: http://localhost:1644 for channel [id: 0xd2c4f9ef, L:/127.0.0.1:58122 - R:localhost/127.0.0.1:1644]
15:28:00.342 [Forwarding clearElement on session d251d07d986dd86ac44f57e688a99615 to remote] DEBUG org.asynchttpclient.netty.request.NettyRequestSender - Using pooled Channel '[id: 0xd2c4f9ef, L:/127.0.0.1:58122 - R:localhost/127.0.0.1:1644]' for 'POST' to 'http://localhost:1644/session/d251d07d986dd86ac44f57e688a99615/element/D2D368A494A9155FD42B3DFAE251696E_element_6/clear'
15:28:00.342 [Forwarding clearElement on session d251d07d986dd86ac44f57e688a99615 to remote] DEBUG org.asynchttpclient.netty.request.NettyRequestSender - Using open Channel [id: 0xd2c4f9ef, L:/127.0.0.1:58122 - R:localhost/127.0.0.1:1644] for POST '/session/d251d07d986dd86ac44f57e688a99615/element/D2D368A494A9155FD42B3DFAE251696E_element_6/clear'
15:28:00.392 [AsyncHttpClient-1-12] DEBUG org.asynchttpclient.netty.handler.HttpHandler - 

Request DefaultHttpRequest(decodeResult: success, version: HTTP/1.1)
POST /session/d251d07d986dd86ac44f57e688a99615/element/D2D368A494A9155FD42B3DFAE251696E_element_6/clear HTTP/1.1
User-Agent: selenium/4.7.1 (java windows)
Content-Length: 56
Content-Type: application/json; charset=utf-8
host: localhost:1644
accept: */*

Response DefaultHttpResponse(decodeResult: success, version: HTTP/1.1)
HTTP/1.1 200 OK
Content-Type: application/json; charset=utf-8
cache-control: no-cache
content-length: 14

15:28:00.392 [AsyncHttpClient-1-12] DEBUG org.asynchttpclient.netty.channel.ChannelManager - Adding key: http://localhost:1644 for channel [id: 0xd2c4f9ef, L:/127.0.0.1:58122 - R:localhost/127.0.0.1:1644]
15:28:00.393 [Forwarding sendKeysToElement on session d251d07d986dd86ac44f57e688a99615 to remote] DEBUG org.asynchttpclient.netty.request.NettyRequestSender - Using pooled Channel '[id: 0xd2c4f9ef, L:/127.0.0.1:58122 - R:localhost/127.0.0.1:1644]' for 'POST' to 'http://localhost:1644/session/d251d07d986dd86ac44f57e688a99615/element/D2D368A494A9155FD42B3DFAE251696E_element_6/value'
15:28:00.393 [Forwarding sendKeysToElement on session d251d07d986dd86ac44f57e688a99615 to remote] DEBUG org.asynchttpclient.netty.request.NettyRequestSender - Using open Channel [id: 0xd2c4f9ef, L:/127.0.0.1:58122 - R:localhost/127.0.0.1:1644] for POST '/session/d251d07d986dd86ac44f57e688a99615/element/D2D368A494A9155FD42B3DFAE251696E_element_6/value'
15:28:00.540 [AsyncHttpClient-1-12] DEBUG org.asynchttpclient.netty.handler.HttpHandler - 

Request DefaultHttpRequest(decodeResult: success, version: HTTP/1.1)
POST /session/d251d07d986dd86ac44f57e688a99615/element/D2D368A494A9155FD42B3DFAE251696E_element_6/value HTTP/1.1
User-Agent: selenium/4.7.1 (java windows)
Content-Length: 217
Content-Type: application/json; charset=utf-8
host: localhost:1644
accept: */*

Response DefaultHttpResponse(decodeResult: success, version: HTTP/1.1)
HTTP/1.1 200 OK
Content-Type: application/json; charset=utf-8
cache-control: no-cache
content-length: 14

15:28:00.540 [AsyncHttpClient-1-12] DEBUG org.asynchttpclient.netty.channel.ChannelManager - Adding key: http://localhost:1644 for channel [id: 0xd2c4f9ef, L:/127.0.0.1:58122 - R:localhost/127.0.0.1:1644]
15:28:00.550 [Forwarding getCurrentWindowHandle on session d251d07d986dd86ac44f57e688a99615 to remote] DEBUG org.asynchttpclient.netty.request.NettyRequestSender - Using pooled Channel '[id: 0xd2c4f9ef, L:/127.0.0.1:58122 - R:localhost/127.0.0.1:1644]' for 'GET' to 'http://localhost:1644/session/d251d07d986dd86ac44f57e688a99615/window'
15:28:00.551 [Forwarding getCurrentWindowHandle on session d251d07d986dd86ac44f57e688a99615 to remote] DEBUG org.asynchttpclient.netty.request.NettyRequestSender - Using open Channel [id: 0xd2c4f9ef, L:/127.0.0.1:58122 - R:localhost/127.0.0.1:1644] for GET '/session/d251d07d986dd86ac44f57e688a99615/window'
15:28:00.553 [AsyncHttpClient-1-12] DEBUG org.asynchttpclient.netty.handler.HttpHandler - 

Request DefaultFullHttpRequest(decodeResult: success, version: HTTP/1.1, content: EmptyByteBufBE)
GET /session/d251d07d986dd86ac44f57e688a99615/window HTTP/1.1
User-Agent: selenium/4.7.1 (java windows)
Cache-Control: no-cache
Content-Type: application/json; charset=utf-8
host: localhost:1644
accept: */*

Response DefaultHttpResponse(decodeResult: success, version: HTTP/1.1)
HTTP/1.1 200 OK
Content-Type: application/json; charset=utf-8
cache-control: no-cache
content-length: 44

15:28:00.553 [AsyncHttpClient-1-12] DEBUG org.asynchttpclient.netty.channel.ChannelManager - Adding key: http://localhost:1644 for channel [id: 0xd2c4f9ef, L:/127.0.0.1:58122 - R:localhost/127.0.0.1:1644]
15:28:00.555 [Forwarding getAlertText on session d251d07d986dd86ac44f57e688a99615 to remote] DEBUG org.asynchttpclient.netty.request.NettyRequestSender - Using pooled Channel '[id: 0xd2c4f9ef, L:/127.0.0.1:58122 - R:localhost/127.0.0.1:1644]' for 'GET' to 'http://localhost:1644/session/d251d07d986dd86ac44f57e688a99615/alert/text'
15:28:00.555 [Forwarding getAlertText on session d251d07d986dd86ac44f57e688a99615 to remote] DEBUG org.asynchttpclient.netty.request.NettyRequestSender - Using open Channel [id: 0xd2c4f9ef, L:/127.0.0.1:58122 - R:localhost/127.0.0.1:1644] for GET '/session/d251d07d986dd86ac44f57e688a99615/alert/text'
15:28:00.556 [AsyncHttpClient-1-12] DEBUG org.asynchttpclient.netty.handler.HttpHandler - 

Request DefaultFullHttpRequest(decodeResult: success, version: HTTP/1.1, content: EmptyByteBufBE)
GET /session/d251d07d986dd86ac44f57e688a99615/alert/text HTTP/1.1
User-Agent: selenium/4.7.1 (java windows)
Cache-Control: no-cache
Content-Type: application/json; charset=utf-8
host: localhost:1644
accept: */*

Response DefaultHttpResponse(decodeResult: success, version: HTTP/1.1)
HTTP/1.1 404 Not Found
Content-Type: application/json; charset=utf-8
cache-control: no-cache
content-length: 820

15:28:00.556 [AsyncHttpClient-1-12] DEBUG org.asynchttpclient.netty.channel.ChannelManager - Adding key: http://localhost:1644 for channel [id: 0xd2c4f9ef, L:/127.0.0.1:58122 - R:localhost/127.0.0.1:1644]
15:28:00.558 [Forwarding switchToWindow on session d251d07d986dd86ac44f57e688a99615 to remote] DEBUG org.asynchttpclient.netty.request.NettyRequestSender - Using pooled Channel '[id: 0xd2c4f9ef, L:/127.0.0.1:58122 - R:localhost/127.0.0.1:1644]' for 'POST' to 'http://localhost:1644/session/d251d07d986dd86ac44f57e688a99615/window'
15:28:00.558 [Forwarding switchToWindow on session d251d07d986dd86ac44f57e688a99615 to remote] DEBUG org.asynchttpclient.netty.request.NettyRequestSender - Using open Channel [id: 0xd2c4f9ef, L:/127.0.0.1:58122 - R:localhost/127.0.0.1:1644] for POST '/session/d251d07d986dd86ac44f57e688a99615/window'
15:28:00.559 [AsyncHttpClient-1-12] DEBUG org.asynchttpclient.netty.handler.HttpHandler - 

Request DefaultHttpRequest(decodeResult: success, version: HTTP/1.1)
POST /session/d251d07d986dd86ac44f57e688a99615/window HTTP/1.1
User-Agent: selenium/4.7.1 (java windows)
Content-Length: 50
Content-Type: application/json; charset=utf-8
host: localhost:1644
accept: */*

Response DefaultHttpResponse(decodeResult: success, version: HTTP/1.1)
HTTP/1.1 200 OK
Content-Type: application/json; charset=utf-8
cache-control: no-cache
content-length: 14

15:28:00.559 [AsyncHttpClient-1-12] DEBUG org.asynchttpclient.netty.channel.ChannelManager - Adding key: http://localhost:1644 for channel [id: 0xd2c4f9ef, L:/127.0.0.1:58122 - R:localhost/127.0.0.1:1644]
15:28:00.560 [Forwarding getCurrentUrl on session d251d07d986dd86ac44f57e688a99615 to remote] DEBUG org.asynchttpclient.netty.request.NettyRequestSender - Using pooled Channel '[id: 0xd2c4f9ef, L:/127.0.0.1:58122 - R:localhost/127.0.0.1:1644]' for 'GET' to 'http://localhost:1644/session/d251d07d986dd86ac44f57e688a99615/url'
15:28:00.560 [Forwarding getCurrentUrl on session d251d07d986dd86ac44f57e688a99615 to remote] DEBUG org.asynchttpclient.netty.request.NettyRequestSender - Using open Channel [id: 0xd2c4f9ef, L:/127.0.0.1:58122 - R:localhost/127.0.0.1:1644] for GET '/session/d251d07d986dd86ac44f57e688a99615/url'
15:28:00.564 [AsyncHttpClient-1-12] DEBUG org.asynchttpclient.netty.handler.HttpHandler - 

Request DefaultFullHttpRequest(decodeResult: success, version: HTTP/1.1, content: EmptyByteBufBE)
GET /session/d251d07d986dd86ac44f57e688a99615/url HTTP/1.1
User-Agent: selenium/4.7.1 (java windows)
Cache-Control: no-cache
Content-Type: application/json; charset=utf-8
host: localhost:1644
accept: */*

Response DefaultHttpResponse(decodeResult: success, version: HTTP/1.1)
HTTP/1.1 200 OK
Content-Type: application/json; charset=utf-8
cache-control: no-cache
content-length: 51

15:28:00.565 [AsyncHttpClient-1-12] DEBUG org.asynchttpclient.netty.channel.ChannelManager - Adding key: http://localhost:1644 for channel [id: 0xd2c4f9ef, L:/127.0.0.1:58122 - R:localhost/127.0.0.1:1644]
15:28:00.565 [Forwarding screenshot on session d251d07d986dd86ac44f57e688a99615 to remote] DEBUG org.asynchttpclient.netty.request.NettyRequestSender - Using pooled Channel '[id: 0xd2c4f9ef, L:/127.0.0.1:58122 - R:localhost/127.0.0.1:1644]' for 'GET' to 'http://localhost:1644/session/d251d07d986dd86ac44f57e688a99615/screenshot'
15:28:00.565 [Forwarding screenshot on session d251d07d986dd86ac44f57e688a99615 to remote] DEBUG org.asynchttpclient.netty.request.NettyRequestSender - Using open Channel [id: 0xd2c4f9ef, L:/127.0.0.1:58122 - R:localhost/127.0.0.1:1644] for GET '/session/d251d07d986dd86ac44f57e688a99615/screenshot'
15:28:00.704 [AsyncHttpClient-1-12] DEBUG org.asynchttpclient.netty.handler.HttpHandler - 

Request DefaultFullHttpRequest(decodeResult: success, version: HTTP/1.1, content: EmptyByteBufBE)
GET /session/d251d07d986dd86ac44f57e688a99615/screenshot HTTP/1.1
User-Agent: selenium/4.7.1 (java windows)
Cache-Control: no-cache
Content-Type: application/json; charset=utf-8
host: localhost:1644
accept: */*

Response DefaultHttpResponse(decodeResult: success, version: HTTP/1.1)
HTTP/1.1 200 OK
Content-Type: application/json; charset=utf-8
cache-control: no-cache
content-length: 29848

15:28:00.704 [AsyncHttpClient-1-12] DEBUG org.asynchttpclient.netty.channel.ChannelManager - Adding key: http://localhost:1644 for channel [id: 0xd2c4f9ef, L:/127.0.0.1:58122 - R:localhost/127.0.0.1:1644]
15:28:00.705 [main] DEBUG net.serenitybdd.core.photography.Darkroom - Send negative for processing for target\site\serenity\05bf3114ea8c601cc36d1ac13a4e747406ac0d2b905737ff46af1fea04efb450.png
15:28:00.706 [main] DEBUG net.thucydides.core.steps.StepInterceptor - STEP DONE: inputEmail
15:28:00.706 [Darkroom Processing Line] DEBUG net.serenitybdd.core.photography.DarkroomProcessingLine - Processing screenshot image in /var/screenshots/screenshot-14037092181405653771
15:28:00.706 [Darkroom Processing Line] DEBUG net.serenitybdd.core.photography.DarkroomProcessingLine - Saving screenshot to target\site\serenity\05bf3114ea8c601cc36d1ac13a4e747406ac0d2b905737ff46af1fea04efb450.png
15:28:00.709 [main] DEBUG net.thucydides.core.steps.StepInterceptor - STARTING STEP: TransaksiSteps.userBeradaDiHomepageAltaShopDanLoginAkun - inputPassword
15:28:00.711 [Forwarding findElement on session d251d07d986dd86ac44f57e688a99615 to remote] DEBUG org.asynchttpclient.netty.request.NettyRequestSender - Using pooled Channel '[id: 0xd2c4f9ef, L:/127.0.0.1:58122 - R:localhost/127.0.0.1:1644]' for 'POST' to 'http://localhost:1644/session/d251d07d986dd86ac44f57e688a99615/element'
15:28:00.711 [Forwarding findElement on session d251d07d986dd86ac44f57e688a99615 to remote] DEBUG org.asynchttpclient.netty.request.NettyRequestSender - Using open Channel [id: 0xd2c4f9ef, L:/127.0.0.1:58122 - R:localhost/127.0.0.1:1644] for POST '/session/d251d07d986dd86ac44f57e688a99615/element'
15:28:00.726 [AsyncHttpClient-1-12] DEBUG org.asynchttpclient.netty.handler.HttpHandler - 

Request DefaultHttpRequest(decodeResult: success, version: HTTP/1.1)
POST /session/d251d07d986dd86ac44f57e688a99615/element HTTP/1.1
User-Agent: selenium/4.7.1 (java windows)
Content-Length: 187
Content-Type: application/json; charset=utf-8
host: localhost:1644
accept: */*

Response DefaultHttpResponse(decodeResult: success, version: HTTP/1.1)
HTTP/1.1 200 OK
Content-Type: application/json; charset=utf-8
cache-control: no-cache
content-length: 95

15:28:00.726 [AsyncHttpClient-1-12] DEBUG org.asynchttpclient.netty.channel.ChannelManager - Adding key: http://localhost:1644 for channel [id: 0xd2c4f9ef, L:/127.0.0.1:58122 - R:localhost/127.0.0.1:1644]
15:28:00.727 [Forwarding clearElement on session d251d07d986dd86ac44f57e688a99615 to remote] DEBUG org.asynchttpclient.netty.request.NettyRequestSender - Using pooled Channel '[id: 0xd2c4f9ef, L:/127.0.0.1:58122 - R:localhost/127.0.0.1:1644]' for 'POST' to 'http://localhost:1644/session/d251d07d986dd86ac44f57e688a99615/element/D2D368A494A9155FD42B3DFAE251696E_element_10/clear'
15:28:00.727 [Forwarding clearElement on session d251d07d986dd86ac44f57e688a99615 to remote] DEBUG org.asynchttpclient.netty.request.NettyRequestSender - Using open Channel [id: 0xd2c4f9ef, L:/127.0.0.1:58122 - R:localhost/127.0.0.1:1644] for POST '/session/d251d07d986dd86ac44f57e688a99615/element/D2D368A494A9155FD42B3DFAE251696E_element_10/clear'
15:28:00.746 [AsyncHttpClient-1-1] DEBUG org.asynchttpclient.netty.channel.DefaultChannelPool - Entry count for : http://localhost:58123 : 1
15:28:00.756 [AsyncHttpClient-1-12] DEBUG org.asynchttpclient.netty.handler.HttpHandler - 

Request DefaultHttpRequest(decodeResult: success, version: HTTP/1.1)
POST /session/d251d07d986dd86ac44f57e688a99615/element/D2D368A494A9155FD42B3DFAE251696E_element_10/clear HTTP/1.1
User-Agent: selenium/4.7.1 (java windows)
Content-Length: 57
Content-Type: application/json; charset=utf-8
host: localhost:1644
accept: */*

Response DefaultHttpResponse(decodeResult: success, version: HTTP/1.1)
HTTP/1.1 200 OK
Content-Type: application/json; charset=utf-8
cache-control: no-cache
content-length: 14

15:28:00.756 [AsyncHttpClient-1-12] DEBUG org.asynchttpclient.netty.channel.ChannelManager - Adding key: http://localhost:1644 for channel [id: 0xd2c4f9ef, L:/127.0.0.1:58122 - R:localhost/127.0.0.1:1644]
15:28:00.757 [Forwarding sendKeysToElement on session d251d07d986dd86ac44f57e688a99615 to remote] DEBUG org.asynchttpclient.netty.request.NettyRequestSender - Using pooled Channel '[id: 0xd2c4f9ef, L:/127.0.0.1:58122 - R:localhost/127.0.0.1:1644]' for 'POST' to 'http://localhost:1644/session/d251d07d986dd86ac44f57e688a99615/element/D2D368A494A9155FD42B3DFAE251696E_element_10/value'
15:28:00.758 [Forwarding sendKeysToElement on session d251d07d986dd86ac44f57e688a99615 to remote] DEBUG org.asynchttpclient.netty.request.NettyRequestSender - Using open Channel [id: 0xd2c4f9ef, L:/127.0.0.1:58122 - R:localhost/127.0.0.1:1644] for POST '/session/d251d07d986dd86ac44f57e688a99615/element/D2D368A494A9155FD42B3DFAE251696E_element_10/value'
15:28:00.820 [AsyncHttpClient-1-12] DEBUG org.asynchttpclient.netty.handler.HttpHandler - 

Request DefaultHttpRequest(decodeResult: success, version: HTTP/1.1)
POST /session/d251d07d986dd86ac44f57e688a99615/element/D2D368A494A9155FD42B3DFAE251696E_element_10/value HTTP/1.1
User-Agent: selenium/4.7.1 (java windows)
Content-Length: 118
Content-Type: application/json; charset=utf-8
host: localhost:1644
accept: */*

Response DefaultHttpResponse(decodeResult: success, version: HTTP/1.1)
HTTP/1.1 200 OK
Content-Type: application/json; charset=utf-8
cache-control: no-cache
content-length: 14

15:28:00.820 [AsyncHttpClient-1-12] DEBUG org.asynchttpclient.netty.channel.ChannelManager - Adding key: http://localhost:1644 for channel [id: 0xd2c4f9ef, L:/127.0.0.1:58122 - R:localhost/127.0.0.1:1644]
15:28:00.825 [Forwarding getCurrentWindowHandle on session d251d07d986dd86ac44f57e688a99615 to remote] DEBUG org.asynchttpclient.netty.request.NettyRequestSender - Using pooled Channel '[id: 0xd2c4f9ef, L:/127.0.0.1:58122 - R:localhost/127.0.0.1:1644]' for 'GET' to 'http://localhost:1644/session/d251d07d986dd86ac44f57e688a99615/window'
15:28:00.825 [Forwarding getCurrentWindowHandle on session d251d07d986dd86ac44f57e688a99615 to remote] DEBUG org.asynchttpclient.netty.request.NettyRequestSender - Using open Channel [id: 0xd2c4f9ef, L:/127.0.0.1:58122 - R:localhost/127.0.0.1:1644] for GET '/session/d251d07d986dd86ac44f57e688a99615/window'
15:28:00.826 [AsyncHttpClient-1-12] DEBUG org.asynchttpclient.netty.handler.HttpHandler - 

Request DefaultFullHttpRequest(decodeResult: success, version: HTTP/1.1, content: EmptyByteBufBE)
GET /session/d251d07d986dd86ac44f57e688a99615/window HTTP/1.1
User-Agent: selenium/4.7.1 (java windows)
Cache-Control: no-cache
Content-Type: application/json; charset=utf-8
host: localhost:1644
accept: */*

Response DefaultHttpResponse(decodeResult: success, version: HTTP/1.1)
HTTP/1.1 200 OK
Content-Type: application/json; charset=utf-8
cache-control: no-cache
content-length: 44

15:28:00.826 [AsyncHttpClient-1-12] DEBUG org.asynchttpclient.netty.channel.ChannelManager - Adding key: http://localhost:1644 for channel [id: 0xd2c4f9ef, L:/127.0.0.1:58122 - R:localhost/127.0.0.1:1644]
15:28:00.827 [Forwarding getAlertText on session d251d07d986dd86ac44f57e688a99615 to remote] DEBUG org.asynchttpclient.netty.request.NettyRequestSender - Using pooled Channel '[id: 0xd2c4f9ef, L:/127.0.0.1:58122 - R:localhost/127.0.0.1:1644]' for 'GET' to 'http://localhost:1644/session/d251d07d986dd86ac44f57e688a99615/alert/text'
15:28:00.827 [Forwarding getAlertText on session d251d07d986dd86ac44f57e688a99615 to remote] DEBUG org.asynchttpclient.netty.request.NettyRequestSender - Using open Channel [id: 0xd2c4f9ef, L:/127.0.0.1:58122 - R:localhost/127.0.0.1:1644] for GET '/session/d251d07d986dd86ac44f57e688a99615/alert/text'
15:28:00.828 [AsyncHttpClient-1-12] DEBUG org.asynchttpclient.netty.handler.HttpHandler - 

Request DefaultFullHttpRequest(decodeResult: success, version: HTTP/1.1, content: EmptyByteBufBE)
GET /session/d251d07d986dd86ac44f57e688a99615/alert/text HTTP/1.1
User-Agent: selenium/4.7.1 (java windows)
Cache-Control: no-cache
Content-Type: application/json; charset=utf-8
host: localhost:1644
accept: */*

Response DefaultHttpResponse(decodeResult: success, version: HTTP/1.1)
HTTP/1.1 404 Not Found
Content-Type: application/json; charset=utf-8
cache-control: no-cache
content-length: 820

15:28:00.828 [AsyncHttpClient-1-12] DEBUG org.asynchttpclient.netty.channel.ChannelManager - Adding key: http://localhost:1644 for channel [id: 0xd2c4f9ef, L:/127.0.0.1:58122 - R:localhost/127.0.0.1:1644]
15:28:00.829 [Forwarding switchToWindow on session d251d07d986dd86ac44f57e688a99615 to remote] DEBUG org.asynchttpclient.netty.request.NettyRequestSender - Using pooled Channel '[id: 0xd2c4f9ef, L:/127.0.0.1:58122 - R:localhost/127.0.0.1:1644]' for 'POST' to 'http://localhost:1644/session/d251d07d986dd86ac44f57e688a99615/window'
15:28:00.829 [Forwarding switchToWindow on session d251d07d986dd86ac44f57e688a99615 to remote] DEBUG org.asynchttpclient.netty.request.NettyRequestSender - Using open Channel [id: 0xd2c4f9ef, L:/127.0.0.1:58122 - R:localhost/127.0.0.1:1644] for POST '/session/d251d07d986dd86ac44f57e688a99615/window'
15:28:00.830 [AsyncHttpClient-1-12] DEBUG org.asynchttpclient.netty.handler.HttpHandler - 

Request DefaultHttpRequest(decodeResult: success, version: HTTP/1.1)
POST /session/d251d07d986dd86ac44f57e688a99615/window HTTP/1.1
User-Agent: selenium/4.7.1 (java windows)
Content-Length: 50
Content-Type: application/json; charset=utf-8
host: localhost:1644
accept: */*

Response DefaultHttpResponse(decodeResult: success, version: HTTP/1.1)
HTTP/1.1 200 OK
Content-Type: application/json; charset=utf-8
cache-control: no-cache
content-length: 14

15:28:00.831 [AsyncHttpClient-1-12] DEBUG org.asynchttpclient.netty.channel.ChannelManager - Adding key: http://localhost:1644 for channel [id: 0xd2c4f9ef, L:/127.0.0.1:58122 - R:localhost/127.0.0.1:1644]
15:28:00.832 [Forwarding getCurrentUrl on session d251d07d986dd86ac44f57e688a99615 to remote] DEBUG org.asynchttpclient.netty.request.NettyRequestSender - Using pooled Channel '[id: 0xd2c4f9ef, L:/127.0.0.1:58122 - R:localhost/127.0.0.1:1644]' for 'GET' to 'http://localhost:1644/session/d251d07d986dd86ac44f57e688a99615/url'
15:28:00.832 [Forwarding getCurrentUrl on session d251d07d986dd86ac44f57e688a99615 to remote] DEBUG org.asynchttpclient.netty.request.NettyRequestSender - Using open Channel [id: 0xd2c4f9ef, L:/127.0.0.1:58122 - R:localhost/127.0.0.1:1644] for GET '/session/d251d07d986dd86ac44f57e688a99615/url'
15:28:00.838 [AsyncHttpClient-1-12] DEBUG org.asynchttpclient.netty.handler.HttpHandler - 

Request DefaultFullHttpRequest(decodeResult: success, version: HTTP/1.1, content: EmptyByteBufBE)
GET /session/d251d07d986dd86ac44f57e688a99615/url HTTP/1.1
User-Agent: selenium/4.7.1 (java windows)
Cache-Control: no-cache
Content-Type: application/json; charset=utf-8
host: localhost:1644
accept: */*

Response DefaultHttpResponse(decodeResult: success, version: HTTP/1.1)
HTTP/1.1 200 OK
Content-Type: application/json; charset=utf-8
cache-control: no-cache
content-length: 51

15:28:00.838 [AsyncHttpClient-1-12] DEBUG org.asynchttpclient.netty.channel.ChannelManager - Adding key: http://localhost:1644 for channel [id: 0xd2c4f9ef, L:/127.0.0.1:58122 - R:localhost/127.0.0.1:1644]
15:28:00.838 [Forwarding screenshot on session d251d07d986dd86ac44f57e688a99615 to remote] DEBUG org.asynchttpclient.netty.request.NettyRequestSender - Using pooled Channel '[id: 0xd2c4f9ef, L:/127.0.0.1:58122 - R:localhost/127.0.0.1:1644]' for 'GET' to 'http://localhost:1644/session/d251d07d986dd86ac44f57e688a99615/screenshot'
15:28:00.838 [Forwarding screenshot on session d251d07d986dd86ac44f57e688a99615 to remote] DEBUG org.asynchttpclient.netty.request.NettyRequestSender - Using open Channel [id: 0xd2c4f9ef, L:/127.0.0.1:58122 - R:localhost/127.0.0.1:1644] for GET '/session/d251d07d986dd86ac44f57e688a99615/screenshot'
15:28:00.972 [AsyncHttpClient-1-12] DEBUG org.asynchttpclient.netty.handler.HttpHandler - 

Request DefaultFullHttpRequest(decodeResult: success, version: HTTP/1.1, content: EmptyByteBufBE)
GET /session/d251d07d986dd86ac44f57e688a99615/screenshot HTTP/1.1
User-Agent: selenium/4.7.1 (java windows)
Cache-Control: no-cache
Content-Type: application/json; charset=utf-8
host: localhost:1644
accept: */*

Response DefaultHttpResponse(decodeResult: success, version: HTTP/1.1)
HTTP/1.1 200 OK
Content-Type: application/json; charset=utf-8
cache-control: no-cache
content-length: 29828

15:28:00.972 [AsyncHttpClient-1-12] DEBUG org.asynchttpclient.netty.channel.ChannelManager - Adding key: http://localhost:1644 for channel [id: 0xd2c4f9ef, L:/127.0.0.1:58122 - R:localhost/127.0.0.1:1644]
15:28:00.973 [main] DEBUG net.serenitybdd.core.photography.Darkroom - Send negative for processing for target\site\serenity\77e620a2f711d9373c4086a43c8101e467c97631c6e0e2ee2e8ce881e858af71.png
15:28:00.973 [main] DEBUG net.thucydides.core.steps.StepInterceptor - STEP DONE: inputPassword
15:28:00.974 [Darkroom Processing Line] DEBUG net.serenitybdd.core.photography.DarkroomProcessingLine - Processing screenshot image in /var/screenshots/screenshot-6306142376366344004
15:28:00.974 [Darkroom Processing Line] DEBUG net.serenitybdd.core.photography.DarkroomProcessingLine - Saving screenshot to target\site\serenity\77e620a2f711d9373c4086a43c8101e467c97631c6e0e2ee2e8ce881e858af71.png
15:28:00.977 [main] DEBUG net.thucydides.core.steps.StepInterceptor - STARTING STEP: TransaksiSteps.userBeradaDiHomepageAltaShopDanLoginAkun - klikButtonLoginKedua
15:28:00.979 [Forwarding findElement on session d251d07d986dd86ac44f57e688a99615 to remote] DEBUG org.asynchttpclient.netty.request.NettyRequestSender - Using pooled Channel '[id: 0xd2c4f9ef, L:/127.0.0.1:58122 - R:localhost/127.0.0.1:1644]' for 'POST' to 'http://localhost:1644/session/d251d07d986dd86ac44f57e688a99615/element'
15:28:00.979 [Forwarding findElement on session d251d07d986dd86ac44f57e688a99615 to remote] DEBUG org.asynchttpclient.netty.request.NettyRequestSender - Using open Channel [id: 0xd2c4f9ef, L:/127.0.0.1:58122 - R:localhost/127.0.0.1:1644] for POST '/session/d251d07d986dd86ac44f57e688a99615/element'
15:28:00.993 [AsyncHttpClient-1-12] DEBUG org.asynchttpclient.netty.handler.HttpHandler - 

Request DefaultHttpRequest(decodeResult: success, version: HTTP/1.1)
POST /session/d251d07d986dd86ac44f57e688a99615/element HTTP/1.1
User-Agent: selenium/4.7.1 (java windows)
Content-Length: 141
Content-Type: application/json; charset=utf-8
host: localhost:1644
accept: */*

Response DefaultHttpResponse(decodeResult: success, version: HTTP/1.1)
HTTP/1.1 200 OK
Content-Type: application/json; charset=utf-8
cache-control: no-cache
content-length: 95

15:28:00.993 [AsyncHttpClient-1-12] DEBUG org.asynchttpclient.netty.channel.ChannelManager - Adding key: http://localhost:1644 for channel [id: 0xd2c4f9ef, L:/127.0.0.1:58122 - R:localhost/127.0.0.1:1644]
15:28:00.994 [Forwarding getElementTagName on session d251d07d986dd86ac44f57e688a99615 to remote] DEBUG org.asynchttpclient.netty.request.NettyRequestSender - Using pooled Channel '[id: 0xd2c4f9ef, L:/127.0.0.1:58122 - R:localhost/127.0.0.1:1644]' for 'GET' to 'http://localhost:1644/session/d251d07d986dd86ac44f57e688a99615/element/D2D368A494A9155FD42B3DFAE251696E_element_11/name'
15:28:00.994 [Forwarding getElementTagName on session d251d07d986dd86ac44f57e688a99615 to remote] DEBUG org.asynchttpclient.netty.request.NettyRequestSender - Using open Channel [id: 0xd2c4f9ef, L:/127.0.0.1:58122 - R:localhost/127.0.0.1:1644] for GET '/session/d251d07d986dd86ac44f57e688a99615/element/D2D368A494A9155FD42B3DFAE251696E_element_11/name'
15:28:01.000 [AsyncHttpClient-1-12] DEBUG org.asynchttpclient.netty.handler.HttpHandler - 

Request DefaultFullHttpRequest(decodeResult: success, version: HTTP/1.1, content: EmptyByteBufBE)
GET /session/d251d07d986dd86ac44f57e688a99615/element/D2D368A494A9155FD42B3DFAE251696E_element_11/name HTTP/1.1
User-Agent: selenium/4.7.1 (java windows)
Cache-Control: no-cache
Content-Type: application/json; charset=utf-8
host: localhost:1644
accept: */*

Response DefaultHttpResponse(decodeResult: success, version: HTTP/1.1)
HTTP/1.1 200 OK
Content-Type: application/json; charset=utf-8
cache-control: no-cache
content-length: 18

15:28:01.000 [AsyncHttpClient-1-12] DEBUG org.asynchttpclient.netty.channel.ChannelManager - Adding key: http://localhost:1644 for channel [id: 0xd2c4f9ef, L:/127.0.0.1:58122 - R:localhost/127.0.0.1:1644]
15:28:01.001 [Forwarding getElementTagName on session d251d07d986dd86ac44f57e688a99615 to remote] DEBUG org.asynchttpclient.netty.request.NettyRequestSender - Using pooled Channel '[id: 0xd2c4f9ef, L:/127.0.0.1:58122 - R:localhost/127.0.0.1:1644]' for 'GET' to 'http://localhost:1644/session/d251d07d986dd86ac44f57e688a99615/element/D2D368A494A9155FD42B3DFAE251696E_element_11/name'
15:28:01.001 [Forwarding getElementTagName on session d251d07d986dd86ac44f57e688a99615 to remote] DEBUG org.asynchttpclient.netty.request.NettyRequestSender - Using open Channel [id: 0xd2c4f9ef, L:/127.0.0.1:58122 - R:localhost/127.0.0.1:1644] for GET '/session/d251d07d986dd86ac44f57e688a99615/element/D2D368A494A9155FD42B3DFAE251696E_element_11/name'
15:28:01.008 [AsyncHttpClient-1-12] DEBUG org.asynchttpclient.netty.handler.HttpHandler - 

Request DefaultFullHttpRequest(decodeResult: success, version: HTTP/1.1, content: EmptyByteBufBE)
GET /session/d251d07d986dd86ac44f57e688a99615/element/D2D368A494A9155FD42B3DFAE251696E_element_11/name HTTP/1.1
User-Agent: selenium/4.7.1 (java windows)
Cache-Control: no-cache
Content-Type: application/json; charset=utf-8
host: localhost:1644
accept: */*

Response DefaultHttpResponse(decodeResult: success, version: HTTP/1.1)
HTTP/1.1 200 OK
Content-Type: application/json; charset=utf-8
cache-control: no-cache
content-length: 18

15:28:01.008 [AsyncHttpClient-1-12] DEBUG org.asynchttpclient.netty.channel.ChannelManager - Adding key: http://localhost:1644 for channel [id: 0xd2c4f9ef, L:/127.0.0.1:58122 - R:localhost/127.0.0.1:1644]
15:28:01.010 [Forwarding isElementEnabled on session d251d07d986dd86ac44f57e688a99615 to remote] DEBUG org.asynchttpclient.netty.request.NettyRequestSender - Using pooled Channel '[id: 0xd2c4f9ef, L:/127.0.0.1:58122 - R:localhost/127.0.0.1:1644]' for 'GET' to 'http://localhost:1644/session/d251d07d986dd86ac44f57e688a99615/element/D2D368A494A9155FD42B3DFAE251696E_element_11/enabled'
15:28:01.010 [Forwarding isElementEnabled on session d251d07d986dd86ac44f57e688a99615 to remote] DEBUG org.asynchttpclient.netty.request.NettyRequestSender - Using open Channel [id: 0xd2c4f9ef, L:/127.0.0.1:58122 - R:localhost/127.0.0.1:1644] for GET '/session/d251d07d986dd86ac44f57e688a99615/element/D2D368A494A9155FD42B3DFAE251696E_element_11/enabled'
15:28:01.020 [AsyncHttpClient-1-12] DEBUG org.asynchttpclient.netty.handler.HttpHandler - 

Request DefaultFullHttpRequest(decodeResult: success, version: HTTP/1.1, content: EmptyByteBufBE)
GET /session/d251d07d986dd86ac44f57e688a99615/element/D2D368A494A9155FD42B3DFAE251696E_element_11/enabled HTTP/1.1
User-Agent: selenium/4.7.1 (java windows)
Cache-Control: no-cache
Content-Type: application/json; charset=utf-8
host: localhost:1644
accept: */*

Response DefaultHttpResponse(decodeResult: success, version: HTTP/1.1)
HTTP/1.1 200 OK
Content-Type: application/json; charset=utf-8
cache-control: no-cache
content-length: 14

15:28:01.020 [AsyncHttpClient-1-12] DEBUG org.asynchttpclient.netty.channel.ChannelManager - Adding key: http://localhost:1644 for channel [id: 0xd2c4f9ef, L:/127.0.0.1:58122 - R:localhost/127.0.0.1:1644]
15:28:01.021 [Forwarding isElementEnabled on session d251d07d986dd86ac44f57e688a99615 to remote] DEBUG org.asynchttpclient.netty.request.NettyRequestSender - Using pooled Channel '[id: 0xd2c4f9ef, L:/127.0.0.1:58122 - R:localhost/127.0.0.1:1644]' for 'GET' to 'http://localhost:1644/session/d251d07d986dd86ac44f57e688a99615/element/D2D368A494A9155FD42B3DFAE251696E_element_11/enabled'
15:28:01.021 [Forwarding isElementEnabled on session d251d07d986dd86ac44f57e688a99615 to remote] DEBUG org.asynchttpclient.netty.request.NettyRequestSender - Using open Channel [id: 0xd2c4f9ef, L:/127.0.0.1:58122 - R:localhost/127.0.0.1:1644] for GET '/session/d251d07d986dd86ac44f57e688a99615/element/D2D368A494A9155FD42B3DFAE251696E_element_11/enabled'
15:28:01.031 [AsyncHttpClient-1-12] DEBUG org.asynchttpclient.netty.handler.HttpHandler - 

Request DefaultFullHttpRequest(decodeResult: success, version: HTTP/1.1, content: EmptyByteBufBE)
GET /session/d251d07d986dd86ac44f57e688a99615/element/D2D368A494A9155FD42B3DFAE251696E_element_11/enabled HTTP/1.1
User-Agent: selenium/4.7.1 (java windows)
Cache-Control: no-cache
Content-Type: application/json; charset=utf-8
host: localhost:1644
accept: */*

Response DefaultHttpResponse(decodeResult: success, version: HTTP/1.1)
HTTP/1.1 200 OK
Content-Type: application/json; charset=utf-8
cache-control: no-cache
content-length: 14

15:28:01.031 [AsyncHttpClient-1-12] DEBUG org.asynchttpclient.netty.channel.ChannelManager - Adding key: http://localhost:1644 for channel [id: 0xd2c4f9ef, L:/127.0.0.1:58122 - R:localhost/127.0.0.1:1644]
15:28:01.032 [Forwarding findElement on session d251d07d986dd86ac44f57e688a99615 to remote] DEBUG org.asynchttpclient.netty.request.NettyRequestSender - Using pooled Channel '[id: 0xd2c4f9ef, L:/127.0.0.1:58122 - R:localhost/127.0.0.1:1644]' for 'POST' to 'http://localhost:1644/session/d251d07d986dd86ac44f57e688a99615/element'
15:28:01.032 [Forwarding findElement on session d251d07d986dd86ac44f57e688a99615 to remote] DEBUG org.asynchttpclient.netty.request.NettyRequestSender - Using open Channel [id: 0xd2c4f9ef, L:/127.0.0.1:58122 - R:localhost/127.0.0.1:1644] for POST '/session/d251d07d986dd86ac44f57e688a99615/element'
15:28:01.046 [AsyncHttpClient-1-12] DEBUG org.asynchttpclient.netty.handler.HttpHandler - 

Request DefaultHttpRequest(decodeResult: success, version: HTTP/1.1)
POST /session/d251d07d986dd86ac44f57e688a99615/element HTTP/1.1
User-Agent: selenium/4.7.1 (java windows)
Content-Length: 141
Content-Type: application/json; charset=utf-8
host: localhost:1644
accept: */*

Response DefaultHttpResponse(decodeResult: success, version: HTTP/1.1)
HTTP/1.1 200 OK
Content-Type: application/json; charset=utf-8
cache-control: no-cache
content-length: 95

15:28:01.046 [AsyncHttpClient-1-12] DEBUG org.asynchttpclient.netty.channel.ChannelManager - Adding key: http://localhost:1644 for channel [id: 0xd2c4f9ef, L:/127.0.0.1:58122 - R:localhost/127.0.0.1:1644]
15:28:01.047 [Forwarding clickElement on session d251d07d986dd86ac44f57e688a99615 to remote] DEBUG org.asynchttpclient.netty.request.NettyRequestSender - Using pooled Channel '[id: 0xd2c4f9ef, L:/127.0.0.1:58122 - R:localhost/127.0.0.1:1644]' for 'POST' to 'http://localhost:1644/session/d251d07d986dd86ac44f57e688a99615/element/D2D368A494A9155FD42B3DFAE251696E_element_11/click'
15:28:01.047 [Forwarding clickElement on session d251d07d986dd86ac44f57e688a99615 to remote] DEBUG org.asynchttpclient.netty.request.NettyRequestSender - Using open Channel [id: 0xd2c4f9ef, L:/127.0.0.1:58122 - R:localhost/127.0.0.1:1644] for POST '/session/d251d07d986dd86ac44f57e688a99615/element/D2D368A494A9155FD42B3DFAE251696E_element_11/click'
15:28:01.123 [AsyncHttpClient-1-12] DEBUG org.asynchttpclient.netty.handler.HttpHandler - 

Request DefaultHttpRequest(decodeResult: success, version: HTTP/1.1)
POST /session/d251d07d986dd86ac44f57e688a99615/element/D2D368A494A9155FD42B3DFAE251696E_element_11/click HTTP/1.1
User-Agent: selenium/4.7.1 (java windows)
Content-Length: 57
Content-Type: application/json; charset=utf-8
host: localhost:1644
accept: */*

Response DefaultHttpResponse(decodeResult: success, version: HTTP/1.1)
HTTP/1.1 200 OK
Content-Type: application/json; charset=utf-8
cache-control: no-cache
content-length: 14

15:28:01.123 [AsyncHttpClient-1-12] DEBUG org.asynchttpclient.netty.channel.ChannelManager - Adding key: http://localhost:1644 for channel [id: 0xd2c4f9ef, L:/127.0.0.1:58122 - R:localhost/127.0.0.1:1644]
15:28:01.129 [Forwarding getCurrentWindowHandle on session d251d07d986dd86ac44f57e688a99615 to remote] DEBUG org.asynchttpclient.netty.request.NettyRequestSender - Using pooled Channel '[id: 0xd2c4f9ef, L:/127.0.0.1:58122 - R:localhost/127.0.0.1:1644]' for 'GET' to 'http://localhost:1644/session/d251d07d986dd86ac44f57e688a99615/window'
15:28:01.129 [Forwarding getCurrentWindowHandle on session d251d07d986dd86ac44f57e688a99615 to remote] DEBUG org.asynchttpclient.netty.request.NettyRequestSender - Using open Channel [id: 0xd2c4f9ef, L:/127.0.0.1:58122 - R:localhost/127.0.0.1:1644] for GET '/session/d251d07d986dd86ac44f57e688a99615/window'
15:28:01.129 [AsyncHttpClient-1-12] DEBUG org.asynchttpclient.netty.handler.HttpHandler - 

Request DefaultFullHttpRequest(decodeResult: success, version: HTTP/1.1, content: EmptyByteBufBE)
GET /session/d251d07d986dd86ac44f57e688a99615/window HTTP/1.1
User-Agent: selenium/4.7.1 (java windows)
Cache-Control: no-cache
Content-Type: application/json; charset=utf-8
host: localhost:1644
accept: */*

Response DefaultHttpResponse(decodeResult: success, version: HTTP/1.1)
HTTP/1.1 200 OK
Content-Type: application/json; charset=utf-8
cache-control: no-cache
content-length: 44

15:28:01.129 [AsyncHttpClient-1-12] DEBUG org.asynchttpclient.netty.channel.ChannelManager - Adding key: http://localhost:1644 for channel [id: 0xd2c4f9ef, L:/127.0.0.1:58122 - R:localhost/127.0.0.1:1644]
15:28:01.131 [Forwarding getAlertText on session d251d07d986dd86ac44f57e688a99615 to remote] DEBUG org.asynchttpclient.netty.request.NettyRequestSender - Using pooled Channel '[id: 0xd2c4f9ef, L:/127.0.0.1:58122 - R:localhost/127.0.0.1:1644]' for 'GET' to 'http://localhost:1644/session/d251d07d986dd86ac44f57e688a99615/alert/text'
15:28:01.132 [Forwarding getAlertText on session d251d07d986dd86ac44f57e688a99615 to remote] DEBUG org.asynchttpclient.netty.request.NettyRequestSender - Using open Channel [id: 0xd2c4f9ef, L:/127.0.0.1:58122 - R:localhost/127.0.0.1:1644] for GET '/session/d251d07d986dd86ac44f57e688a99615/alert/text'
15:28:01.138 [AsyncHttpClient-1-12] DEBUG org.asynchttpclient.netty.handler.HttpHandler - 

Request DefaultFullHttpRequest(decodeResult: success, version: HTTP/1.1, content: EmptyByteBufBE)
GET /session/d251d07d986dd86ac44f57e688a99615/alert/text HTTP/1.1
User-Agent: selenium/4.7.1 (java windows)
Cache-Control: no-cache
Content-Type: application/json; charset=utf-8
host: localhost:1644
accept: */*

Response DefaultHttpResponse(decodeResult: success, version: HTTP/1.1)
HTTP/1.1 404 Not Found
Content-Type: application/json; charset=utf-8
cache-control: no-cache
content-length: 820

15:28:01.138 [AsyncHttpClient-1-12] DEBUG org.asynchttpclient.netty.channel.ChannelManager - Adding key: http://localhost:1644 for channel [id: 0xd2c4f9ef, L:/127.0.0.1:58122 - R:localhost/127.0.0.1:1644]
15:28:01.140 [Forwarding switchToWindow on session d251d07d986dd86ac44f57e688a99615 to remote] DEBUG org.asynchttpclient.netty.request.NettyRequestSender - Using pooled Channel '[id: 0xd2c4f9ef, L:/127.0.0.1:58122 - R:localhost/127.0.0.1:1644]' for 'POST' to 'http://localhost:1644/session/d251d07d986dd86ac44f57e688a99615/window'
15:28:01.140 [Forwarding switchToWindow on session d251d07d986dd86ac44f57e688a99615 to remote] DEBUG org.asynchttpclient.netty.request.NettyRequestSender - Using open Channel [id: 0xd2c4f9ef, L:/127.0.0.1:58122 - R:localhost/127.0.0.1:1644] for POST '/session/d251d07d986dd86ac44f57e688a99615/window'
15:28:01.142 [AsyncHttpClient-1-12] DEBUG org.asynchttpclient.netty.handler.HttpHandler - 

Request DefaultHttpRequest(decodeResult: success, version: HTTP/1.1)
POST /session/d251d07d986dd86ac44f57e688a99615/window HTTP/1.1
User-Agent: selenium/4.7.1 (java windows)
Content-Length: 50
Content-Type: application/json; charset=utf-8
host: localhost:1644
accept: */*

Response DefaultHttpResponse(decodeResult: success, version: HTTP/1.1)
HTTP/1.1 200 OK
Content-Type: application/json; charset=utf-8
cache-control: no-cache
content-length: 14

15:28:01.142 [AsyncHttpClient-1-12] DEBUG org.asynchttpclient.netty.channel.ChannelManager - Adding key: http://localhost:1644 for channel [id: 0xd2c4f9ef, L:/127.0.0.1:58122 - R:localhost/127.0.0.1:1644]
15:28:01.142 [Forwarding getCurrentUrl on session d251d07d986dd86ac44f57e688a99615 to remote] DEBUG org.asynchttpclient.netty.request.NettyRequestSender - Using pooled Channel '[id: 0xd2c4f9ef, L:/127.0.0.1:58122 - R:localhost/127.0.0.1:1644]' for 'GET' to 'http://localhost:1644/session/d251d07d986dd86ac44f57e688a99615/url'
15:28:01.142 [Forwarding getCurrentUrl on session d251d07d986dd86ac44f57e688a99615 to remote] DEBUG org.asynchttpclient.netty.request.NettyRequestSender - Using open Channel [id: 0xd2c4f9ef, L:/127.0.0.1:58122 - R:localhost/127.0.0.1:1644] for GET '/session/d251d07d986dd86ac44f57e688a99615/url'
15:28:01.147 [AsyncHttpClient-1-12] DEBUG org.asynchttpclient.netty.handler.HttpHandler - 

Request DefaultFullHttpRequest(decodeResult: success, version: HTTP/1.1, content: EmptyByteBufBE)
GET /session/d251d07d986dd86ac44f57e688a99615/url HTTP/1.1
User-Agent: selenium/4.7.1 (java windows)
Cache-Control: no-cache
Content-Type: application/json; charset=utf-8
host: localhost:1644
accept: */*

Response DefaultHttpResponse(decodeResult: success, version: HTTP/1.1)
HTTP/1.1 200 OK
Content-Type: application/json; charset=utf-8
cache-control: no-cache
content-length: 51

15:28:01.147 [AsyncHttpClient-1-12] DEBUG org.asynchttpclient.netty.channel.ChannelManager - Adding key: http://localhost:1644 for channel [id: 0xd2c4f9ef, L:/127.0.0.1:58122 - R:localhost/127.0.0.1:1644]
15:28:01.147 [Forwarding screenshot on session d251d07d986dd86ac44f57e688a99615 to remote] DEBUG org.asynchttpclient.netty.request.NettyRequestSender - Using pooled Channel '[id: 0xd2c4f9ef, L:/127.0.0.1:58122 - R:localhost/127.0.0.1:1644]' for 'GET' to 'http://localhost:1644/session/d251d07d986dd86ac44f57e688a99615/screenshot'
15:28:01.148 [Forwarding screenshot on session d251d07d986dd86ac44f57e688a99615 to remote] DEBUG org.asynchttpclient.netty.request.NettyRequestSender - Using open Channel [id: 0xd2c4f9ef, L:/127.0.0.1:58122 - R:localhost/127.0.0.1:1644] for GET '/session/d251d07d986dd86ac44f57e688a99615/screenshot'
15:28:01.847 [AsyncHttpClient-1-1] DEBUG org.asynchttpclient.netty.channel.DefaultChannelPool - Entry count for : http://localhost:58123 : 1
15:28:02.952 [AsyncHttpClient-1-1] DEBUG org.asynchttpclient.netty.channel.DefaultChannelPool - Entry count for : http://localhost:58123 : 1
15:28:02.970 [AsyncHttpClient-1-12] DEBUG org.asynchttpclient.netty.handler.HttpHandler - 

Request DefaultFullHttpRequest(decodeResult: success, version: HTTP/1.1, content: EmptyByteBufBE)
GET /session/d251d07d986dd86ac44f57e688a99615/screenshot HTTP/1.1
User-Agent: selenium/4.7.1 (java windows)
Cache-Control: no-cache
Content-Type: application/json; charset=utf-8
host: localhost:1644
accept: */*

Response DefaultHttpResponse(decodeResult: success, version: HTTP/1.1)
HTTP/1.1 200 OK
Content-Type: application/json; charset=utf-8
cache-control: no-cache
content-length: 29368

15:28:02.971 [AsyncHttpClient-1-12] DEBUG org.asynchttpclient.netty.channel.ChannelManager - Adding key: http://localhost:1644 for channel [id: 0xd2c4f9ef, L:/127.0.0.1:58122 - R:localhost/127.0.0.1:1644]
15:28:02.972 [main] DEBUG net.serenitybdd.core.photography.Darkroom - Send negative for processing for target\site\serenity\9fd56bcd8f86bb0118a203616fe1381a814efc2d3af00959df19b3b618e88e6d.png
15:28:02.973 [main] DEBUG net.thucydides.core.steps.StepInterceptor - STEP DONE: klikButtonLoginKedua
  &amp#27;[32mGiven &amp#27;[0m&amp#27;[32muser berada di Homepage AltaShop dan login akun&amp#27;[0m         &amp#27;[90m# starter.stepdefinitions.TransaksiSteps.userBeradaDiHomepageAltaShopDanLoginAkun()&amp#27;[0m
15:28:02.973 [Darkroom Processing Line] DEBUG net.serenitybdd.core.photography.DarkroomProcessingLine - Processing screenshot image in /var/screenshots/screenshot-1696115049224992136
15:28:02.973 [Darkroom Processing Line] DEBUG net.serenitybdd.core.photography.DarkroomProcessingLine - Saving screenshot to target\site\serenity\9fd56bcd8f86bb0118a203616fe1381a814efc2d3af00959df19b3b618e88e6d.png
15:28:02.986 [main] DEBUG net.thucydides.core.steps.StepInterceptor - STARTING STEP: TransaksiSteps.userBeradaDiHomepageLaluKlikBeliSalahSatuProduk - diHomepageKembali
15:28:02.987 [Forwarding findElement on session d251d07d986dd86ac44f57e688a99615 to remote] DEBUG org.asynchttpclient.netty.request.NettyRequestSender - Using pooled Channel '[id: 0xd2c4f9ef, L:/127.0.0.1:58122 - R:localhost/127.0.0.1:1644]' for 'POST' to 'http://localhost:1644/session/d251d07d986dd86ac44f57e688a99615/element'
15:28:02.987 [Forwarding findElement on session d251d07d986dd86ac44f57e688a99615 to remote] DEBUG org.asynchttpclient.netty.request.NettyRequestSender - Using open Channel [id: 0xd2c4f9ef, L:/127.0.0.1:58122 - R:localhost/127.0.0.1:1644] for POST '/session/d251d07d986dd86ac44f57e688a99615/element'
15:28:04.053 [AsyncHttpClient-1-1] DEBUG org.asynchttpclient.netty.channel.DefaultChannelPool - Entry count for : http://localhost:58123 : 1
15:28:05.146 [AsyncHttpClient-1-1] DEBUG org.asynchttpclient.netty.channel.DefaultChannelPool - Entry count for : http://localhost:58123 : 1
15:28:05.652 [AsyncHttpClient-1-12] DEBUG org.asynchttpclient.netty.handler.HttpHandler - 

Request DefaultHttpRequest(decodeResult: success, version: HTTP/1.1)
POST /session/d251d07d986dd86ac44f57e688a99615/element HTTP/1.1
User-Agent: selenium/4.7.1 (java windows)
Content-Length: 184
Content-Type: application/json; charset=utf-8
host: localhost:1644
accept: */*

Response DefaultHttpResponse(decodeResult: success, version: HTTP/1.1)
HTTP/1.1 200 OK
Content-Type: application/json; charset=utf-8
cache-control: no-cache
content-length: 95

15:28:05.652 [AsyncHttpClient-1-12] DEBUG org.asynchttpclient.netty.channel.ChannelManager - Adding key: http://localhost:1644 for channel [id: 0xd2c4f9ef, L:/127.0.0.1:58122 - R:localhost/127.0.0.1:1644]
15:28:05.655 [Forwarding isElementDisplayed on session d251d07d986dd86ac44f57e688a99615 to remote] DEBUG org.asynchttpclient.netty.request.NettyRequestSender - Using pooled Channel '[id: 0xd2c4f9ef, L:/127.0.0.1:58122 - R:localhost/127.0.0.1:1644]' for 'POST' to 'http://localhost:1644/session/d251d07d986dd86ac44f57e688a99615/execute/sync'
15:28:05.655 [Forwarding isElementDisplayed on session d251d07d986dd86ac44f57e688a99615 to remote] DEBUG org.asynchttpclient.netty.request.NettyRequestSender - Using open Channel [id: 0xd2c4f9ef, L:/127.0.0.1:58122 - R:localhost/127.0.0.1:1644] for POST '/session/d251d07d986dd86ac44f57e688a99615/execute/sync'
15:28:05.665 [AsyncHttpClient-1-12] DEBUG org.asynchttpclient.netty.handler.HttpHandler - 

Request DefaultHttpRequest(decodeResult: success, version: HTTP/1.1)
POST /session/d251d07d986dd86ac44f57e688a99615/execute/sync HTTP/1.1
User-Agent: selenium/4.7.1 (java windows)
Content-Length: 48787
Content-Type: application/json; charset=utf-8
host: localhost:1644
accept: */*

Response DefaultHttpResponse(decodeResult: success, version: HTTP/1.1)
HTTP/1.1 200 OK
Content-Type: application/json; charset=utf-8
cache-control: no-cache
content-length: 14

15:28:05.665 [AsyncHttpClient-1-12] DEBUG org.asynchttpclient.netty.channel.ChannelManager - Adding key: http://localhost:1644 for channel [id: 0xd2c4f9ef, L:/127.0.0.1:58122 - R:localhost/127.0.0.1:1644]
15:28:05.665 [Forwarding isElementDisplayed on session d251d07d986dd86ac44f57e688a99615 to remote] DEBUG org.asynchttpclient.netty.request.NettyRequestSender - Using pooled Channel '[id: 0xd2c4f9ef, L:/127.0.0.1:58122 - R:localhost/127.0.0.1:1644]' for 'POST' to 'http://localhost:1644/session/d251d07d986dd86ac44f57e688a99615/execute/sync'
15:28:05.665 [Forwarding isElementDisplayed on session d251d07d986dd86ac44f57e688a99615 to remote] DEBUG org.asynchttpclient.netty.request.NettyRequestSender - Using open Channel [id: 0xd2c4f9ef, L:/127.0.0.1:58122 - R:localhost/127.0.0.1:1644] for POST '/session/d251d07d986dd86ac44f57e688a99615/execute/sync'
15:28:05.665 [AsyncHttpClient-1-12] DEBUG org.asynchttpclient.netty.handler.HttpHandler - 

Request DefaultHttpRequest(decodeResult: success, version: HTTP/1.1)
POST /session/d251d07d986dd86ac44f57e688a99615/execute/sync HTTP/1.1
User-Agent: selenium/4.7.1 (java windows)
Content-Length: 48787
Content-Type: application/json; charset=utf-8
host: localhost:1644
accept: */*

Response DefaultHttpResponse(decodeResult: success, version: HTTP/1.1)
HTTP/1.1 200 OK
Content-Type: application/json; charset=utf-8
cache-control: no-cache
content-length: 14

15:28:05.665 [AsyncHttpClient-1-12] DEBUG org.asynchttpclient.netty.channel.ChannelManager - Adding key: http://localhost:1644 for channel [id: 0xd2c4f9ef, L:/127.0.0.1:58122 - R:localhost/127.0.0.1:1644]
15:28:05.665 [Forwarding getCurrentWindowHandle on session d251d07d986dd86ac44f57e688a99615 to remote] DEBUG org.asynchttpclient.netty.request.NettyRequestSender - Using pooled Channel '[id: 0xd2c4f9ef, L:/127.0.0.1:58122 - R:localhost/127.0.0.1:1644]' for 'GET' to 'http://localhost:1644/session/d251d07d986dd86ac44f57e688a99615/window'
15:28:05.665 [Forwarding getCurrentWindowHandle on session d251d07d986dd86ac44f57e688a99615 to remote] DEBUG org.asynchttpclient.netty.request.NettyRequestSender - Using open Channel [id: 0xd2c4f9ef, L:/127.0.0.1:58122 - R:localhost/127.0.0.1:1644] for GET '/session/d251d07d986dd86ac44f57e688a99615/window'
15:28:05.681 [AsyncHttpClient-1-12] DEBUG org.asynchttpclient.netty.handler.HttpHandler - 

Request DefaultFullHttpRequest(decodeResult: success, version: HTTP/1.1, content: EmptyByteBufBE)
GET /session/d251d07d986dd86ac44f57e688a99615/window HTTP/1.1
User-Agent: selenium/4.7.1 (java windows)
Cache-Control: no-cache
Content-Type: application/json; charset=utf-8
host: localhost:1644
accept: */*

Response DefaultHttpResponse(decodeResult: success, version: HTTP/1.1)
HTTP/1.1 200 OK
Content-Type: application/json; charset=utf-8
cache-control: no-cache
content-length: 44

15:28:05.681 [AsyncHttpClient-1-12] DEBUG org.asynchttpclient.netty.channel.ChannelManager - Adding key: http://localhost:1644 for channel [id: 0xd2c4f9ef, L:/127.0.0.1:58122 - R:localhost/127.0.0.1:1644]
15:28:05.681 [Forwarding getAlertText on session d251d07d986dd86ac44f57e688a99615 to remote] DEBUG org.asynchttpclient.netty.request.NettyRequestSender - Using pooled Channel '[id: 0xd2c4f9ef, L:/127.0.0.1:58122 - R:localhost/127.0.0.1:1644]' for 'GET' to 'http://localhost:1644/session/d251d07d986dd86ac44f57e688a99615/alert/text'
15:28:05.681 [Forwarding getAlertText on session d251d07d986dd86ac44f57e688a99615 to remote] DEBUG org.asynchttpclient.netty.request.NettyRequestSender - Using open Channel [id: 0xd2c4f9ef, L:/127.0.0.1:58122 - R:localhost/127.0.0.1:1644] for GET '/session/d251d07d986dd86ac44f57e688a99615/alert/text'
15:28:05.681 [AsyncHttpClient-1-12] DEBUG org.asynchttpclient.netty.handler.HttpHandler - 

Request DefaultFullHttpRequest(decodeResult: success, version: HTTP/1.1, content: EmptyByteBufBE)
GET /session/d251d07d986dd86ac44f57e688a99615/alert/text HTTP/1.1
User-Agent: selenium/4.7.1 (java windows)
Cache-Control: no-cache
Content-Type: application/json; charset=utf-8
host: localhost:1644
accept: */*

Response DefaultHttpResponse(decodeResult: success, version: HTTP/1.1)
HTTP/1.1 404 Not Found
Content-Type: application/json; charset=utf-8
cache-control: no-cache
content-length: 820

15:28:05.681 [AsyncHttpClient-1-12] DEBUG org.asynchttpclient.netty.channel.ChannelManager - Adding key: http://localhost:1644 for channel [id: 0xd2c4f9ef, L:/127.0.0.1:58122 - R:localhost/127.0.0.1:1644]
15:28:05.681 [Forwarding switchToWindow on session d251d07d986dd86ac44f57e688a99615 to remote] DEBUG org.asynchttpclient.netty.request.NettyRequestSender - Using pooled Channel '[id: 0xd2c4f9ef, L:/127.0.0.1:58122 - R:localhost/127.0.0.1:1644]' for 'POST' to 'http://localhost:1644/session/d251d07d986dd86ac44f57e688a99615/window'
15:28:05.681 [Forwarding switchToWindow on session d251d07d986dd86ac44f57e688a99615 to remote] DEBUG org.asynchttpclient.netty.request.NettyRequestSender - Using open Channel [id: 0xd2c4f9ef, L:/127.0.0.1:58122 - R:localhost/127.0.0.1:1644] for POST '/session/d251d07d986dd86ac44f57e688a99615/window'
15:28:05.681 [AsyncHttpClient-1-12] DEBUG org.asynchttpclient.netty.handler.HttpHandler - 

Request DefaultHttpRequest(decodeResult: success, version: HTTP/1.1)
POST /session/d251d07d986dd86ac44f57e688a99615/window HTTP/1.1
User-Agent: selenium/4.7.1 (java windows)
Content-Length: 50
Content-Type: application/json; charset=utf-8
host: localhost:1644
accept: */*

Response DefaultHttpResponse(decodeResult: success, version: HTTP/1.1)
HTTP/1.1 200 OK
Content-Type: application/json; charset=utf-8
cache-control: no-cache
content-length: 14

15:28:05.681 [AsyncHttpClient-1-12] DEBUG org.asynchttpclient.netty.channel.ChannelManager - Adding key: http://localhost:1644 for channel [id: 0xd2c4f9ef, L:/127.0.0.1:58122 - R:localhost/127.0.0.1:1644]
15:28:05.681 [Forwarding getCurrentUrl on session d251d07d986dd86ac44f57e688a99615 to remote] DEBUG org.asynchttpclient.netty.request.NettyRequestSender - Using pooled Channel '[id: 0xd2c4f9ef, L:/127.0.0.1:58122 - R:localhost/127.0.0.1:1644]' for 'GET' to 'http://localhost:1644/session/d251d07d986dd86ac44f57e688a99615/url'
15:28:05.681 [Forwarding getCurrentUrl on session d251d07d986dd86ac44f57e688a99615 to remote] DEBUG org.asynchttpclient.netty.request.NettyRequestSender - Using open Channel [id: 0xd2c4f9ef, L:/127.0.0.1:58122 - R:localhost/127.0.0.1:1644] for GET '/session/d251d07d986dd86ac44f57e688a99615/url'
15:28:05.681 [AsyncHttpClient-1-12] DEBUG org.asynchttpclient.netty.handler.HttpHandler - 

Request DefaultFullHttpRequest(decodeResult: success, version: HTTP/1.1, content: EmptyByteBufBE)
GET /session/d251d07d986dd86ac44f57e688a99615/url HTTP/1.1
User-Agent: selenium/4.7.1 (java windows)
Cache-Control: no-cache
Content-Type: application/json; charset=utf-8
host: localhost:1644
accept: */*

Response DefaultHttpResponse(decodeResult: success, version: HTTP/1.1)
HTTP/1.1 200 OK
Content-Type: application/json; charset=utf-8
cache-control: no-cache
content-length: 41

15:28:05.681 [AsyncHttpClient-1-12] DEBUG org.asynchttpclient.netty.channel.ChannelManager - Adding key: http://localhost:1644 for channel [id: 0xd2c4f9ef, L:/127.0.0.1:58122 - R:localhost/127.0.0.1:1644]
15:28:05.681 [Forwarding screenshot on session d251d07d986dd86ac44f57e688a99615 to remote] DEBUG org.asynchttpclient.netty.request.NettyRequestSender - Using pooled Channel '[id: 0xd2c4f9ef, L:/127.0.0.1:58122 - R:localhost/127.0.0.1:1644]' for 'GET' to 'http://localhost:1644/session/d251d07d986dd86ac44f57e688a99615/screenshot'
15:28:05.681 [Forwarding screenshot on session d251d07d986dd86ac44f57e688a99615 to remote] DEBUG org.asynchttpclient.netty.request.NettyRequestSender - Using open Channel [id: 0xd2c4f9ef, L:/127.0.0.1:58122 - R:localhost/127.0.0.1:1644] for GET '/session/d251d07d986dd86ac44f57e688a99615/screenshot'
15:28:05.748 [AsyncHttpClient-1-12] DEBUG org.asynchttpclient.netty.handler.HttpHandler - 

Request DefaultFullHttpRequest(decodeResult: success, version: HTTP/1.1, content: EmptyByteBufBE)
GET /session/d251d07d986dd86ac44f57e688a99615/screenshot HTTP/1.1
User-Agent: selenium/4.7.1 (java windows)
Cache-Control: no-cache
Content-Type: application/json; charset=utf-8
host: localhost:1644
accept: */*

Response DefaultHttpResponse(decodeResult: success, version: HTTP/1.1)
HTTP/1.1 200 OK
Content-Type: application/json; charset=utf-8
cache-control: no-cache
content-length: 94288

15:28:05.748 [AsyncHttpClient-1-12] DEBUG org.asynchttpclient.netty.channel.ChannelManager - Adding key: http://localhost:1644 for channel [id: 0xd2c4f9ef, L:/127.0.0.1:58122 - R:localhost/127.0.0.1:1644]
15:28:05.764 [main] DEBUG net.serenitybdd.core.photography.Darkroom - Send negative for processing for target\site\serenity\e3dc02fde424bcf6426115c7325e9f3de863f59b1bf25e15d8287d411c8398c3.png
15:28:05.764 [main] DEBUG net.thucydides.core.steps.StepInterceptor - STEP DONE: diHomepageKembali
15:28:05.764 [main] DEBUG net.thucydides.core.steps.StepInterceptor - STARTING STEP: TransaksiSteps.userBeradaDiHomepageLaluKlikBeliSalahSatuProduk - klikButtonBeli
15:28:05.764 [Forwarding findElement on session d251d07d986dd86ac44f57e688a99615 to remote] DEBUG org.asynchttpclient.netty.request.NettyRequestSender - Using pooled Channel '[id: 0xd2c4f9ef, L:/127.0.0.1:58122 - R:localhost/127.0.0.1:1644]' for 'POST' to 'http://localhost:1644/session/d251d07d986dd86ac44f57e688a99615/element'
15:28:05.764 [Forwarding findElement on session d251d07d986dd86ac44f57e688a99615 to remote] DEBUG org.asynchttpclient.netty.request.NettyRequestSender - Using open Channel [id: 0xd2c4f9ef, L:/127.0.0.1:58122 - R:localhost/127.0.0.1:1644] for POST '/session/d251d07d986dd86ac44f57e688a99615/element'
15:28:05.780 [AsyncHttpClient-1-12] DEBUG org.asynchttpclient.netty.handler.HttpHandler - 

Request DefaultHttpRequest(decodeResult: success, version: HTTP/1.1)
POST /session/d251d07d986dd86ac44f57e688a99615/element HTTP/1.1
User-Agent: selenium/4.7.1 (java windows)
Content-Length: 184
Content-Type: application/json; charset=utf-8
host: localhost:1644
accept: */*

Response DefaultHttpResponse(decodeResult: success, version: HTTP/1.1)
HTTP/1.1 200 OK
Content-Type: application/json; charset=utf-8
cache-control: no-cache
content-length: 95

15:28:05.780 [AsyncHttpClient-1-12] DEBUG org.asynchttpclient.netty.channel.ChannelManager - Adding key: http://localhost:1644 for channel [id: 0xd2c4f9ef, L:/127.0.0.1:58122 - R:localhost/127.0.0.1:1644]
15:28:05.780 [Forwarding getElementTagName on session d251d07d986dd86ac44f57e688a99615 to remote] DEBUG org.asynchttpclient.netty.request.NettyRequestSender - Using pooled Channel '[id: 0xd2c4f9ef, L:/127.0.0.1:58122 - R:localhost/127.0.0.1:1644]' for 'GET' to 'http://localhost:1644/session/d251d07d986dd86ac44f57e688a99615/element/D2D368A494A9155FD42B3DFAE251696E_element_16/name'
15:28:05.780 [Forwarding getElementTagName on session d251d07d986dd86ac44f57e688a99615 to remote] DEBUG org.asynchttpclient.netty.request.NettyRequestSender - Using open Channel [id: 0xd2c4f9ef, L:/127.0.0.1:58122 - R:localhost/127.0.0.1:1644] for GET '/session/d251d07d986dd86ac44f57e688a99615/element/D2D368A494A9155FD42B3DFAE251696E_element_16/name'
15:28:05.780 [AsyncHttpClient-1-12] DEBUG org.asynchttpclient.netty.handler.HttpHandler - 

Request DefaultFullHttpRequest(decodeResult: success, version: HTTP/1.1, content: EmptyByteBufBE)
GET /session/d251d07d986dd86ac44f57e688a99615/element/D2D368A494A9155FD42B3DFAE251696E_element_16/name HTTP/1.1
User-Agent: selenium/4.7.1 (java windows)
Cache-Control: no-cache
Content-Type: application/json; charset=utf-8
host: localhost:1644
accept: */*

Response DefaultHttpResponse(decodeResult: success, version: HTTP/1.1)
HTTP/1.1 200 OK
Content-Type: application/json; charset=utf-8
cache-control: no-cache
content-length: 18

15:28:05.780 [AsyncHttpClient-1-12] DEBUG org.asynchttpclient.netty.channel.ChannelManager - Adding key: http://localhost:1644 for channel [id: 0xd2c4f9ef, L:/127.0.0.1:58122 - R:localhost/127.0.0.1:1644]
15:28:05.780 [Forwarding getElementTagName on session d251d07d986dd86ac44f57e688a99615 to remote] DEBUG org.asynchttpclient.netty.request.NettyRequestSender - Using pooled Channel '[id: 0xd2c4f9ef, L:/127.0.0.1:58122 - R:localhost/127.0.0.1:1644]' for 'GET' to 'http://localhost:1644/session/d251d07d986dd86ac44f57e688a99615/element/D2D368A494A9155FD42B3DFAE251696E_element_16/name'
15:28:05.780 [Forwarding getElementTagName on session d251d07d986dd86ac44f57e688a99615 to remote] DEBUG org.asynchttpclient.netty.request.NettyRequestSender - Using open Channel [id: 0xd2c4f9ef, L:/127.0.0.1:58122 - R:localhost/127.0.0.1:1644] for GET '/session/d251d07d986dd86ac44f57e688a99615/element/D2D368A494A9155FD42B3DFAE251696E_element_16/name'
15:28:05.795 [AsyncHttpClient-1-12] DEBUG org.asynchttpclient.netty.handler.HttpHandler - 

Request DefaultFullHttpRequest(decodeResult: success, version: HTTP/1.1, content: EmptyByteBufBE)
GET /session/d251d07d986dd86ac44f57e688a99615/element/D2D368A494A9155FD42B3DFAE251696E_element_16/name HTTP/1.1
User-Agent: selenium/4.7.1 (java windows)
Cache-Control: no-cache
Content-Type: application/json; charset=utf-8
host: localhost:1644
accept: */*

Response DefaultHttpResponse(decodeResult: success, version: HTTP/1.1)
HTTP/1.1 200 OK
Content-Type: application/json; charset=utf-8
cache-control: no-cache
content-length: 18

15:28:05.795 [AsyncHttpClient-1-12] DEBUG org.asynchttpclient.netty.channel.ChannelManager - Adding key: http://localhost:1644 for channel [id: 0xd2c4f9ef, L:/127.0.0.1:58122 - R:localhost/127.0.0.1:1644]
15:28:05.795 [Forwarding isElementEnabled on session d251d07d986dd86ac44f57e688a99615 to remote] DEBUG org.asynchttpclient.netty.request.NettyRequestSender - Using pooled Channel '[id: 0xd2c4f9ef, L:/127.0.0.1:58122 - R:localhost/127.0.0.1:1644]' for 'GET' to 'http://localhost:1644/session/d251d07d986dd86ac44f57e688a99615/element/D2D368A494A9155FD42B3DFAE251696E_element_16/enabled'
15:28:05.795 [Forwarding isElementEnabled on session d251d07d986dd86ac44f57e688a99615 to remote] DEBUG org.asynchttpclient.netty.request.NettyRequestSender - Using open Channel [id: 0xd2c4f9ef, L:/127.0.0.1:58122 - R:localhost/127.0.0.1:1644] for GET '/session/d251d07d986dd86ac44f57e688a99615/element/D2D368A494A9155FD42B3DFAE251696E_element_16/enabled'
15:28:05.795 [AsyncHttpClient-1-12] DEBUG org.asynchttpclient.netty.handler.HttpHandler - 

Request DefaultFullHttpRequest(decodeResult: success, version: HTTP/1.1, content: EmptyByteBufBE)
GET /session/d251d07d986dd86ac44f57e688a99615/element/D2D368A494A9155FD42B3DFAE251696E_element_16/enabled HTTP/1.1
User-Agent: selenium/4.7.1 (java windows)
Cache-Control: no-cache
Content-Type: application/json; charset=utf-8
host: localhost:1644
accept: */*

Response DefaultHttpResponse(decodeResult: success, version: HTTP/1.1)
HTTP/1.1 200 OK
Content-Type: application/json; charset=utf-8
cache-control: no-cache
content-length: 14

15:28:05.795 [AsyncHttpClient-1-12] DEBUG org.asynchttpclient.netty.channel.ChannelManager - Adding key: http://localhost:1644 for channel [id: 0xd2c4f9ef, L:/127.0.0.1:58122 - R:localhost/127.0.0.1:1644]
15:28:05.795 [Forwarding isElementEnabled on session d251d07d986dd86ac44f57e688a99615 to remote] DEBUG org.asynchttpclient.netty.request.NettyRequestSender - Using pooled Channel '[id: 0xd2c4f9ef, L:/127.0.0.1:58122 - R:localhost/127.0.0.1:1644]' for 'GET' to 'http://localhost:1644/session/d251d07d986dd86ac44f57e688a99615/element/D2D368A494A9155FD42B3DFAE251696E_element_16/enabled'
15:28:05.795 [Forwarding isElementEnabled on session d251d07d986dd86ac44f57e688a99615 to remote] DEBUG org.asynchttpclient.netty.request.NettyRequestSender - Using open Channel [id: 0xd2c4f9ef, L:/127.0.0.1:58122 - R:localhost/127.0.0.1:1644] for GET '/session/d251d07d986dd86ac44f57e688a99615/element/D2D368A494A9155FD42B3DFAE251696E_element_16/enabled'
15:28:05.811 [AsyncHttpClient-1-12] DEBUG org.asynchttpclient.netty.handler.HttpHandler - 

Request DefaultFullHttpRequest(decodeResult: success, version: HTTP/1.1, content: EmptyByteBufBE)
GET /session/d251d07d986dd86ac44f57e688a99615/element/D2D368A494A9155FD42B3DFAE251696E_element_16/enabled HTTP/1.1
User-Agent: selenium/4.7.1 (java windows)
Cache-Control: no-cache
Content-Type: application/json; charset=utf-8
host: localhost:1644
accept: */*

Response DefaultHttpResponse(decodeResult: success, version: HTTP/1.1)
HTTP/1.1 200 OK
Content-Type: application/json; charset=utf-8
cache-control: no-cache
content-length: 14

15:28:05.811 [AsyncHttpClient-1-12] DEBUG org.asynchttpclient.netty.channel.ChannelManager - Adding key: http://localhost:1644 for channel [id: 0xd2c4f9ef, L:/127.0.0.1:58122 - R:localhost/127.0.0.1:1644]
15:28:05.811 [Forwarding findElement on session d251d07d986dd86ac44f57e688a99615 to remote] DEBUG org.asynchttpclient.netty.request.NettyRequestSender - Using pooled Channel '[id: 0xd2c4f9ef, L:/127.0.0.1:58122 - R:localhost/127.0.0.1:1644]' for 'POST' to 'http://localhost:1644/session/d251d07d986dd86ac44f57e688a99615/element'
15:28:05.811 [Forwarding findElement on session d251d07d986dd86ac44f57e688a99615 to remote] DEBUG org.asynchttpclient.netty.request.NettyRequestSender - Using open Channel [id: 0xd2c4f9ef, L:/127.0.0.1:58122 - R:localhost/127.0.0.1:1644] for POST '/session/d251d07d986dd86ac44f57e688a99615/element'
15:28:05.827 [AsyncHttpClient-1-12] DEBUG org.asynchttpclient.netty.handler.HttpHandler - 

Request DefaultHttpRequest(decodeResult: success, version: HTTP/1.1)
POST /session/d251d07d986dd86ac44f57e688a99615/element HTTP/1.1
User-Agent: selenium/4.7.1 (java windows)
Content-Length: 184
Content-Type: application/json; charset=utf-8
host: localhost:1644
accept: */*

Response DefaultHttpResponse(decodeResult: success, version: HTTP/1.1)
HTTP/1.1 200 OK
Content-Type: application/json; charset=utf-8
cache-control: no-cache
content-length: 95

15:28:05.827 [AsyncHttpClient-1-12] DEBUG org.asynchttpclient.netty.channel.ChannelManager - Adding key: http://localhost:1644 for channel [id: 0xd2c4f9ef, L:/127.0.0.1:58122 - R:localhost/127.0.0.1:1644]
15:28:05.827 [Forwarding clickElement on session d251d07d986dd86ac44f57e688a99615 to remote] DEBUG org.asynchttpclient.netty.request.NettyRequestSender - Using pooled Channel '[id: 0xd2c4f9ef, L:/127.0.0.1:58122 - R:localhost/127.0.0.1:1644]' for 'POST' to 'http://localhost:1644/session/d251d07d986dd86ac44f57e688a99615/element/D2D368A494A9155FD42B3DFAE251696E_element_16/click'
15:28:05.827 [Forwarding clickElement on session d251d07d986dd86ac44f57e688a99615 to remote] DEBUG org.asynchttpclient.netty.request.NettyRequestSender - Using open Channel [id: 0xd2c4f9ef, L:/127.0.0.1:58122 - R:localhost/127.0.0.1:1644] for POST '/session/d251d07d986dd86ac44f57e688a99615/element/D2D368A494A9155FD42B3DFAE251696E_element_16/click'
15:28:05.971 [AsyncHttpClient-1-12] DEBUG org.asynchttpclient.netty.handler.HttpHandler - 

Request DefaultHttpRequest(decodeResult: success, version: HTTP/1.1)
POST /session/d251d07d986dd86ac44f57e688a99615/element/D2D368A494A9155FD42B3DFAE251696E_element_16/click HTTP/1.1
User-Agent: selenium/4.7.1 (java windows)
Content-Length: 57
Content-Type: application/json; charset=utf-8
host: localhost:1644
accept: */*

Response DefaultHttpResponse(decodeResult: success, version: HTTP/1.1)
HTTP/1.1 200 OK
Content-Type: application/json; charset=utf-8
cache-control: no-cache
content-length: 14

15:28:05.971 [AsyncHttpClient-1-12] DEBUG org.asynchttpclient.netty.channel.ChannelManager - Adding key: http://localhost:1644 for channel [id: 0xd2c4f9ef, L:/127.0.0.1:58122 - R:localhost/127.0.0.1:1644]
15:28:05.977 [Forwarding getCurrentWindowHandle on session d251d07d986dd86ac44f57e688a99615 to remote] DEBUG org.asynchttpclient.netty.request.NettyRequestSender - Using pooled Channel '[id: 0xd2c4f9ef, L:/127.0.0.1:58122 - R:localhost/127.0.0.1:1644]' for 'GET' to 'http://localhost:1644/session/d251d07d986dd86ac44f57e688a99615/window'
15:28:05.977 [Forwarding getCurrentWindowHandle on session d251d07d986dd86ac44f57e688a99615 to remote] DEBUG org.asynchttpclient.netty.request.NettyRequestSender - Using open Channel [id: 0xd2c4f9ef, L:/127.0.0.1:58122 - R:localhost/127.0.0.1:1644] for GET '/session/d251d07d986dd86ac44f57e688a99615/window'
15:28:05.978 [AsyncHttpClient-1-12] DEBUG org.asynchttpclient.netty.handler.HttpHandler - 

Request DefaultFullHttpRequest(decodeResult: success, version: HTTP/1.1, content: EmptyByteBufBE)
GET /session/d251d07d986dd86ac44f57e688a99615/window HTTP/1.1
User-Agent: selenium/4.7.1 (java windows)
Cache-Control: no-cache
Content-Type: application/json; charset=utf-8
host: localhost:1644
accept: */*

Response DefaultHttpResponse(decodeResult: success, version: HTTP/1.1)
HTTP/1.1 200 OK
Content-Type: application/json; charset=utf-8
cache-control: no-cache
content-length: 44

15:28:05.978 [AsyncHttpClient-1-12] DEBUG org.asynchttpclient.netty.channel.ChannelManager - Adding key: http://localhost:1644 for channel [id: 0xd2c4f9ef, L:/127.0.0.1:58122 - R:localhost/127.0.0.1:1644]
15:28:05.979 [Forwarding getAlertText on session d251d07d986dd86ac44f57e688a99615 to remote] DEBUG org.asynchttpclient.netty.request.NettyRequestSender - Using pooled Channel '[id: 0xd2c4f9ef, L:/127.0.0.1:58122 - R:localhost/127.0.0.1:1644]' for 'GET' to 'http://localhost:1644/session/d251d07d986dd86ac44f57e688a99615/alert/text'
15:28:05.979 [Forwarding getAlertText on session d251d07d986dd86ac44f57e688a99615 to remote] DEBUG org.asynchttpclient.netty.request.NettyRequestSender - Using open Channel [id: 0xd2c4f9ef, L:/127.0.0.1:58122 - R:localhost/127.0.0.1:1644] for GET '/session/d251d07d986dd86ac44f57e688a99615/alert/text'
15:28:05.980 [AsyncHttpClient-1-12] DEBUG org.asynchttpclient.netty.handler.HttpHandler - 

Request DefaultFullHttpRequest(decodeResult: success, version: HTTP/1.1, content: EmptyByteBufBE)
GET /session/d251d07d986dd86ac44f57e688a99615/alert/text HTTP/1.1
User-Agent: selenium/4.7.1 (java windows)
Cache-Control: no-cache
Content-Type: application/json; charset=utf-8
host: localhost:1644
accept: */*

Response DefaultHttpResponse(decodeResult: success, version: HTTP/1.1)
HTTP/1.1 404 Not Found
Content-Type: application/json; charset=utf-8
cache-control: no-cache
content-length: 820

15:28:05.980 [AsyncHttpClient-1-12] DEBUG org.asynchttpclient.netty.channel.ChannelManager - Adding key: http://localhost:1644 for channel [id: 0xd2c4f9ef, L:/127.0.0.1:58122 - R:localhost/127.0.0.1:1644]
15:28:05.981 [Forwarding switchToWindow on session d251d07d986dd86ac44f57e688a99615 to remote] DEBUG org.asynchttpclient.netty.request.NettyRequestSender - Using pooled Channel '[id: 0xd2c4f9ef, L:/127.0.0.1:58122 - R:localhost/127.0.0.1:1644]' for 'POST' to 'http://localhost:1644/session/d251d07d986dd86ac44f57e688a99615/window'
15:28:05.981 [Forwarding switchToWindow on session d251d07d986dd86ac44f57e688a99615 to remote] DEBUG org.asynchttpclient.netty.request.NettyRequestSender - Using open Channel [id: 0xd2c4f9ef, L:/127.0.0.1:58122 - R:localhost/127.0.0.1:1644] for POST '/session/d251d07d986dd86ac44f57e688a99615/window'
15:28:05.983 [AsyncHttpClient-1-12] DEBUG org.asynchttpclient.netty.handler.HttpHandler - 

Request DefaultHttpRequest(decodeResult: success, version: HTTP/1.1)
POST /session/d251d07d986dd86ac44f57e688a99615/window HTTP/1.1
User-Agent: selenium/4.7.1 (java windows)
Content-Length: 50
Content-Type: application/json; charset=utf-8
host: localhost:1644
accept: */*

Response DefaultHttpResponse(decodeResult: success, version: HTTP/1.1)
HTTP/1.1 200 OK
Content-Type: application/json; charset=utf-8
cache-control: no-cache
content-length: 14

15:28:05.983 [AsyncHttpClient-1-12] DEBUG org.asynchttpclient.netty.channel.ChannelManager - Adding key: http://localhost:1644 for channel [id: 0xd2c4f9ef, L:/127.0.0.1:58122 - R:localhost/127.0.0.1:1644]
15:28:05.983 [Forwarding getCurrentUrl on session d251d07d986dd86ac44f57e688a99615 to remote] DEBUG org.asynchttpclient.netty.request.NettyRequestSender - Using pooled Channel '[id: 0xd2c4f9ef, L:/127.0.0.1:58122 - R:localhost/127.0.0.1:1644]' for 'GET' to 'http://localhost:1644/session/d251d07d986dd86ac44f57e688a99615/url'
15:28:05.983 [Forwarding getCurrentUrl on session d251d07d986dd86ac44f57e688a99615 to remote] DEBUG org.asynchttpclient.netty.request.NettyRequestSender - Using open Channel [id: 0xd2c4f9ef, L:/127.0.0.1:58122 - R:localhost/127.0.0.1:1644] for GET '/session/d251d07d986dd86ac44f57e688a99615/url'
15:28:05.998 [AsyncHttpClient-1-12] DEBUG org.asynchttpclient.netty.handler.HttpHandler - 

Request DefaultFullHttpRequest(decodeResult: success, version: HTTP/1.1, content: EmptyByteBufBE)
GET /session/d251d07d986dd86ac44f57e688a99615/url HTTP/1.1
User-Agent: selenium/4.7.1 (java windows)
Cache-Control: no-cache
Content-Type: application/json; charset=utf-8
host: localhost:1644
accept: */*

Response DefaultHttpResponse(decodeResult: success, version: HTTP/1.1)
HTTP/1.1 200 OK
Content-Type: application/json; charset=utf-8
cache-control: no-cache
content-length: 41

15:28:05.998 [AsyncHttpClient-1-12] DEBUG org.asynchttpclient.netty.channel.ChannelManager - Adding key: http://localhost:1644 for channel [id: 0xd2c4f9ef, L:/127.0.0.1:58122 - R:localhost/127.0.0.1:1644]
15:28:05.999 [Forwarding screenshot on session d251d07d986dd86ac44f57e688a99615 to remote] DEBUG org.asynchttpclient.netty.request.NettyRequestSender - Using pooled Channel '[id: 0xd2c4f9ef, L:/127.0.0.1:58122 - R:localhost/127.0.0.1:1644]' for 'GET' to 'http://localhost:1644/session/d251d07d986dd86ac44f57e688a99615/screenshot'
15:28:05.999 [Forwarding screenshot on session d251d07d986dd86ac44f57e688a99615 to remote] DEBUG org.asynchttpclient.netty.request.NettyRequestSender - Using open Channel [id: 0xd2c4f9ef, L:/127.0.0.1:58122 - R:localhost/127.0.0.1:1644] for GET '/session/d251d07d986dd86ac44f57e688a99615/screenshot'
15:28:06.093 [AsyncHttpClient-1-12] DEBUG org.asynchttpclient.netty.handler.HttpHandler - 

Request DefaultFullHttpRequest(decodeResult: success, version: HTTP/1.1, content: EmptyByteBufBE)
GET /session/d251d07d986dd86ac44f57e688a99615/screenshot HTTP/1.1
User-Agent: selenium/4.7.1 (java windows)
Cache-Control: no-cache
Content-Type: application/json; charset=utf-8
host: localhost:1644
accept: */*

Response DefaultHttpResponse(decodeResult: success, version: HTTP/1.1)
HTTP/1.1 200 OK
Content-Type: application/json; charset=utf-8
cache-control: no-cache
content-length: 95488

15:28:06.093 [AsyncHttpClient-1-12] DEBUG org.asynchttpclient.netty.channel.ChannelManager - Adding key: http://localhost:1644 for channel [id: 0xd2c4f9ef, L:/127.0.0.1:58122 - R:localhost/127.0.0.1:1644]
15:28:06.096 [main] DEBUG net.serenitybdd.core.photography.Darkroom - Send negative for processing for target\site\serenity\ba3c2e4b5b038bbf1526b38d80f8b2c6b78c2e900575c00cc6d375c6b3612054.png
15:28:06.096 [main] DEBUG net.thucydides.core.steps.StepInterceptor - STEP DONE: klikButtonBeli
  &amp#27;[32mWhen &amp#27;[0m&amp#27;[32muser berada di homepage lalu klik beli salah satu produk&amp#27;[0m &amp#27;[90m# starter.stepdefinitions.TransaksiSteps.userBeradaDiHomepageLaluKlikBeliSalahSatuProduk()&amp#27;[0m
15:28:06.096 [Darkroom Processing Line] DEBUG net.serenitybdd.core.photography.DarkroomProcessingLine - Processing screenshot image in /var/screenshots/screenshot-762252347641577746
15:28:06.096 [Darkroom Processing Line] DEBUG net.serenitybdd.core.photography.DarkroomProcessingLine - Saving screenshot to target\site\serenity\ba3c2e4b5b038bbf1526b38d80f8b2c6b78c2e900575c00cc6d375c6b3612054.png
  &amp#27;[32mAnd &amp#27;[0m&amp#27;[32mmuncul notif pada cart&amp#27;[0m                                    &amp#27;[90m# starter.stepdefinitions.TransaksiSteps.munculNotifPadaCart()&amp#27;[0m
15:28:06.121 [main] DEBUG net.thucydides.core.steps.StepInterceptor - STARTING STEP: TransaksiSteps.userKlikCart - klikButtonCart
15:28:06.124 [Forwarding findElement on session d251d07d986dd86ac44f57e688a99615 to remote] DEBUG org.asynchttpclient.netty.request.NettyRequestSender - Using pooled Channel '[id: 0xd2c4f9ef, L:/127.0.0.1:58122 - R:localhost/127.0.0.1:1644]' for 'POST' to 'http://localhost:1644/session/d251d07d986dd86ac44f57e688a99615/element'
15:28:06.124 [Forwarding findElement on session d251d07d986dd86ac44f57e688a99615 to remote] DEBUG org.asynchttpclient.netty.request.NettyRequestSender - Using open Channel [id: 0xd2c4f9ef, L:/127.0.0.1:58122 - R:localhost/127.0.0.1:1644] for POST '/session/d251d07d986dd86ac44f57e688a99615/element'
15:28:06.195 [AsyncHttpClient-1-12] DEBUG org.asynchttpclient.netty.handler.HttpHandler - 

Request DefaultHttpRequest(decodeResult: success, version: HTTP/1.1)
POST /session/d251d07d986dd86ac44f57e688a99615/element HTTP/1.1
User-Agent: selenium/4.7.1 (java windows)
Content-Length: 111
Content-Type: application/json; charset=utf-8
host: localhost:1644
accept: */*

Response DefaultHttpResponse(decodeResult: success, version: HTTP/1.1)
HTTP/1.1 200 OK
Content-Type: application/json; charset=utf-8
cache-control: no-cache
content-length: 95

15:28:06.195 [AsyncHttpClient-1-12] DEBUG org.asynchttpclient.netty.channel.ChannelManager - Adding key: http://localhost:1644 for channel [id: 0xd2c4f9ef, L:/127.0.0.1:58122 - R:localhost/127.0.0.1:1644]
15:28:06.197 [Forwarding getElementTagName on session d251d07d986dd86ac44f57e688a99615 to remote] DEBUG org.asynchttpclient.netty.request.NettyRequestSender - Using pooled Channel '[id: 0xd2c4f9ef, L:/127.0.0.1:58122 - R:localhost/127.0.0.1:1644]' for 'GET' to 'http://localhost:1644/session/d251d07d986dd86ac44f57e688a99615/element/D2D368A494A9155FD42B3DFAE251696E_element_17/name'
15:28:06.197 [Forwarding getElementTagName on session d251d07d986dd86ac44f57e688a99615 to remote] DEBUG org.asynchttpclient.netty.request.NettyRequestSender - Using open Channel [id: 0xd2c4f9ef, L:/127.0.0.1:58122 - R:localhost/127.0.0.1:1644] for GET '/session/d251d07d986dd86ac44f57e688a99615/element/D2D368A494A9155FD42B3DFAE251696E_element_17/name'
15:28:06.205 [AsyncHttpClient-1-12] DEBUG org.asynchttpclient.netty.handler.HttpHandler - 

Request DefaultFullHttpRequest(decodeResult: success, version: HTTP/1.1, content: EmptyByteBufBE)
GET /session/d251d07d986dd86ac44f57e688a99615/element/D2D368A494A9155FD42B3DFAE251696E_element_17/name HTTP/1.1
User-Agent: selenium/4.7.1 (java windows)
Cache-Control: no-cache
Content-Type: application/json; charset=utf-8
host: localhost:1644
accept: */*

Response DefaultHttpResponse(decodeResult: success, version: HTTP/1.1)
HTTP/1.1 200 OK
Content-Type: application/json; charset=utf-8
cache-control: no-cache
content-length: 18

15:28:06.205 [AsyncHttpClient-1-12] DEBUG org.asynchttpclient.netty.channel.ChannelManager - Adding key: http://localhost:1644 for channel [id: 0xd2c4f9ef, L:/127.0.0.1:58122 - R:localhost/127.0.0.1:1644]
15:28:06.206 [Forwarding getElementTagName on session d251d07d986dd86ac44f57e688a99615 to remote] DEBUG org.asynchttpclient.netty.request.NettyRequestSender - Using pooled Channel '[id: 0xd2c4f9ef, L:/127.0.0.1:58122 - R:localhost/127.0.0.1:1644]' for 'GET' to 'http://localhost:1644/session/d251d07d986dd86ac44f57e688a99615/element/D2D368A494A9155FD42B3DFAE251696E_element_17/name'
15:28:06.206 [Forwarding getElementTagName on session d251d07d986dd86ac44f57e688a99615 to remote] DEBUG org.asynchttpclient.netty.request.NettyRequestSender - Using open Channel [id: 0xd2c4f9ef, L:/127.0.0.1:58122 - R:localhost/127.0.0.1:1644] for GET '/session/d251d07d986dd86ac44f57e688a99615/element/D2D368A494A9155FD42B3DFAE251696E_element_17/name'
15:28:06.211 [AsyncHttpClient-1-12] DEBUG org.asynchttpclient.netty.handler.HttpHandler - 

Request DefaultFullHttpRequest(decodeResult: success, version: HTTP/1.1, content: EmptyByteBufBE)
GET /session/d251d07d986dd86ac44f57e688a99615/element/D2D368A494A9155FD42B3DFAE251696E_element_17/name HTTP/1.1
User-Agent: selenium/4.7.1 (java windows)
Cache-Control: no-cache
Content-Type: application/json; charset=utf-8
host: localhost:1644
accept: */*

Response DefaultHttpResponse(decodeResult: success, version: HTTP/1.1)
HTTP/1.1 200 OK
Content-Type: application/json; charset=utf-8
cache-control: no-cache
content-length: 18

15:28:06.211 [AsyncHttpClient-1-12] DEBUG org.asynchttpclient.netty.channel.ChannelManager - Adding key: http://localhost:1644 for channel [id: 0xd2c4f9ef, L:/127.0.0.1:58122 - R:localhost/127.0.0.1:1644]
15:28:06.213 [Forwarding isElementEnabled on session d251d07d986dd86ac44f57e688a99615 to remote] DEBUG org.asynchttpclient.netty.request.NettyRequestSender - Using pooled Channel '[id: 0xd2c4f9ef, L:/127.0.0.1:58122 - R:localhost/127.0.0.1:1644]' for 'GET' to 'http://localhost:1644/session/d251d07d986dd86ac44f57e688a99615/element/D2D368A494A9155FD42B3DFAE251696E_element_17/enabled'
15:28:06.213 [Forwarding isElementEnabled on session d251d07d986dd86ac44f57e688a99615 to remote] DEBUG org.asynchttpclient.netty.request.NettyRequestSender - Using open Channel [id: 0xd2c4f9ef, L:/127.0.0.1:58122 - R:localhost/127.0.0.1:1644] for GET '/session/d251d07d986dd86ac44f57e688a99615/element/D2D368A494A9155FD42B3DFAE251696E_element_17/enabled'
15:28:06.223 [AsyncHttpClient-1-12] DEBUG org.asynchttpclient.netty.handler.HttpHandler - 

Request DefaultFullHttpRequest(decodeResult: success, version: HTTP/1.1, content: EmptyByteBufBE)
GET /session/d251d07d986dd86ac44f57e688a99615/element/D2D368A494A9155FD42B3DFAE251696E_element_17/enabled HTTP/1.1
User-Agent: selenium/4.7.1 (java windows)
Cache-Control: no-cache
Content-Type: application/json; charset=utf-8
host: localhost:1644
accept: */*

Response DefaultHttpResponse(decodeResult: success, version: HTTP/1.1)
HTTP/1.1 200 OK
Content-Type: application/json; charset=utf-8
cache-control: no-cache
content-length: 14

15:28:06.223 [AsyncHttpClient-1-12] DEBUG org.asynchttpclient.netty.channel.ChannelManager - Adding key: http://localhost:1644 for channel [id: 0xd2c4f9ef, L:/127.0.0.1:58122 - R:localhost/127.0.0.1:1644]
15:28:06.224 [Forwarding isElementEnabled on session d251d07d986dd86ac44f57e688a99615 to remote] DEBUG org.asynchttpclient.netty.request.NettyRequestSender - Using pooled Channel '[id: 0xd2c4f9ef, L:/127.0.0.1:58122 - R:localhost/127.0.0.1:1644]' for 'GET' to 'http://localhost:1644/session/d251d07d986dd86ac44f57e688a99615/element/D2D368A494A9155FD42B3DFAE251696E_element_17/enabled'
15:28:06.224 [Forwarding isElementEnabled on session d251d07d986dd86ac44f57e688a99615 to remote] DEBUG org.asynchttpclient.netty.request.NettyRequestSender - Using open Channel [id: 0xd2c4f9ef, L:/127.0.0.1:58122 - R:localhost/127.0.0.1:1644] for GET '/session/d251d07d986dd86ac44f57e688a99615/element/D2D368A494A9155FD42B3DFAE251696E_element_17/enabled'
15:28:06.232 [AsyncHttpClient-1-12] DEBUG org.asynchttpclient.netty.handler.HttpHandler - 

Request DefaultFullHttpRequest(decodeResult: success, version: HTTP/1.1, content: EmptyByteBufBE)
GET /session/d251d07d986dd86ac44f57e688a99615/element/D2D368A494A9155FD42B3DFAE251696E_element_17/enabled HTTP/1.1
User-Agent: selenium/4.7.1 (java windows)
Cache-Control: no-cache
Content-Type: application/json; charset=utf-8
host: localhost:1644
accept: */*

Response DefaultHttpResponse(decodeResult: success, version: HTTP/1.1)
HTTP/1.1 200 OK
Content-Type: application/json; charset=utf-8
cache-control: no-cache
content-length: 14

15:28:06.232 [AsyncHttpClient-1-12] DEBUG org.asynchttpclient.netty.channel.ChannelManager - Adding key: http://localhost:1644 for channel [id: 0xd2c4f9ef, L:/127.0.0.1:58122 - R:localhost/127.0.0.1:1644]
15:28:06.234 [Forwarding findElement on session d251d07d986dd86ac44f57e688a99615 to remote] DEBUG org.asynchttpclient.netty.request.NettyRequestSender - Using pooled Channel '[id: 0xd2c4f9ef, L:/127.0.0.1:58122 - R:localhost/127.0.0.1:1644]' for 'POST' to 'http://localhost:1644/session/d251d07d986dd86ac44f57e688a99615/element'
15:28:06.234 [Forwarding findElement on session d251d07d986dd86ac44f57e688a99615 to remote] DEBUG org.asynchttpclient.netty.request.NettyRequestSender - Using open Channel [id: 0xd2c4f9ef, L:/127.0.0.1:58122 - R:localhost/127.0.0.1:1644] for POST '/session/d251d07d986dd86ac44f57e688a99615/element'
15:28:06.246 [AsyncHttpClient-1-1] DEBUG org.asynchttpclient.netty.channel.DefaultChannelPool - Entry count for : http://localhost:58123 : 1
15:28:06.255 [AsyncHttpClient-1-12] DEBUG org.asynchttpclient.netty.handler.HttpHandler - 

Request DefaultHttpRequest(decodeResult: success, version: HTTP/1.1)
POST /session/d251d07d986dd86ac44f57e688a99615/element HTTP/1.1
User-Agent: selenium/4.7.1 (java windows)
Content-Length: 111
Content-Type: application/json; charset=utf-8
host: localhost:1644
accept: */*

Response DefaultHttpResponse(decodeResult: success, version: HTTP/1.1)
HTTP/1.1 200 OK
Content-Type: application/json; charset=utf-8
cache-control: no-cache
content-length: 95

15:28:06.255 [AsyncHttpClient-1-12] DEBUG org.asynchttpclient.netty.channel.ChannelManager - Adding key: http://localhost:1644 for channel [id: 0xd2c4f9ef, L:/127.0.0.1:58122 - R:localhost/127.0.0.1:1644]
15:28:06.256 [Forwarding clickElement on session d251d07d986dd86ac44f57e688a99615 to remote] DEBUG org.asynchttpclient.netty.request.NettyRequestSender - Using pooled Channel '[id: 0xd2c4f9ef, L:/127.0.0.1:58122 - R:localhost/127.0.0.1:1644]' for 'POST' to 'http://localhost:1644/session/d251d07d986dd86ac44f57e688a99615/element/D2D368A494A9155FD42B3DFAE251696E_element_17/click'
15:28:06.256 [Forwarding clickElement on session d251d07d986dd86ac44f57e688a99615 to remote] DEBUG org.asynchttpclient.netty.request.NettyRequestSender - Using open Channel [id: 0xd2c4f9ef, L:/127.0.0.1:58122 - R:localhost/127.0.0.1:1644] for POST '/session/d251d07d986dd86ac44f57e688a99615/element/D2D368A494A9155FD42B3DFAE251696E_element_17/click'
15:28:06.295 [AsyncHttpClient-1-12] DEBUG org.asynchttpclient.netty.handler.HttpHandler - 

Request DefaultHttpRequest(decodeResult: success, version: HTTP/1.1)
POST /session/d251d07d986dd86ac44f57e688a99615/element/D2D368A494A9155FD42B3DFAE251696E_element_17/click HTTP/1.1
User-Agent: selenium/4.7.1 (java windows)
Content-Length: 57
Content-Type: application/json; charset=utf-8
host: localhost:1644
accept: */*

Response DefaultHttpResponse(decodeResult: success, version: HTTP/1.1)
HTTP/1.1 200 OK
Content-Type: application/json; charset=utf-8
cache-control: no-cache
content-length: 14

15:28:06.295 [AsyncHttpClient-1-12] DEBUG org.asynchttpclient.netty.channel.ChannelManager - Adding key: http://localhost:1644 for channel [id: 0xd2c4f9ef, L:/127.0.0.1:58122 - R:localhost/127.0.0.1:1644]
15:28:06.304 [Forwarding getCurrentWindowHandle on session d251d07d986dd86ac44f57e688a99615 to remote] DEBUG org.asynchttpclient.netty.request.NettyRequestSender - Using pooled Channel '[id: 0xd2c4f9ef, L:/127.0.0.1:58122 - R:localhost/127.0.0.1:1644]' for 'GET' to 'http://localhost:1644/session/d251d07d986dd86ac44f57e688a99615/window'
15:28:06.304 [Forwarding getCurrentWindowHandle on session d251d07d986dd86ac44f57e688a99615 to remote] DEBUG org.asynchttpclient.netty.request.NettyRequestSender - Using open Channel [id: 0xd2c4f9ef, L:/127.0.0.1:58122 - R:localhost/127.0.0.1:1644] for GET '/session/d251d07d986dd86ac44f57e688a99615/window'
15:28:06.305 [AsyncHttpClient-1-12] DEBUG org.asynchttpclient.netty.handler.HttpHandler - 

Request DefaultFullHttpRequest(decodeResult: success, version: HTTP/1.1, content: EmptyByteBufBE)
GET /session/d251d07d986dd86ac44f57e688a99615/window HTTP/1.1
User-Agent: selenium/4.7.1 (java windows)
Cache-Control: no-cache
Content-Type: application/json; charset=utf-8
host: localhost:1644
accept: */*

Response DefaultHttpResponse(decodeResult: success, version: HTTP/1.1)
HTTP/1.1 200 OK
Content-Type: application/json; charset=utf-8
cache-control: no-cache
content-length: 44

15:28:06.305 [AsyncHttpClient-1-12] DEBUG org.asynchttpclient.netty.channel.ChannelManager - Adding key: http://localhost:1644 for channel [id: 0xd2c4f9ef, L:/127.0.0.1:58122 - R:localhost/127.0.0.1:1644]
15:28:06.307 [Forwarding getAlertText on session d251d07d986dd86ac44f57e688a99615 to remote] DEBUG org.asynchttpclient.netty.request.NettyRequestSender - Using pooled Channel '[id: 0xd2c4f9ef, L:/127.0.0.1:58122 - R:localhost/127.0.0.1:1644]' for 'GET' to 'http://localhost:1644/session/d251d07d986dd86ac44f57e688a99615/alert/text'
15:28:06.307 [Forwarding getAlertText on session d251d07d986dd86ac44f57e688a99615 to remote] DEBUG org.asynchttpclient.netty.request.NettyRequestSender - Using open Channel [id: 0xd2c4f9ef, L:/127.0.0.1:58122 - R:localhost/127.0.0.1:1644] for GET '/session/d251d07d986dd86ac44f57e688a99615/alert/text'
15:28:06.550 [AsyncHttpClient-1-12] DEBUG org.asynchttpclient.netty.handler.HttpHandler - 

Request DefaultFullHttpRequest(decodeResult: success, version: HTTP/1.1, content: EmptyByteBufBE)
GET /session/d251d07d986dd86ac44f57e688a99615/alert/text HTTP/1.1
User-Agent: selenium/4.7.1 (java windows)
Cache-Control: no-cache
Content-Type: application/json; charset=utf-8
host: localhost:1644
accept: */*

Response DefaultHttpResponse(decodeResult: success, version: HTTP/1.1)
HTTP/1.1 404 Not Found
Content-Type: application/json; charset=utf-8
cache-control: no-cache
content-length: 820

15:28:06.550 [AsyncHttpClient-1-12] DEBUG org.asynchttpclient.netty.channel.ChannelManager - Adding key: http://localhost:1644 for channel [id: 0xd2c4f9ef, L:/127.0.0.1:58122 - R:localhost/127.0.0.1:1644]
15:28:06.552 [Forwarding switchToWindow on session d251d07d986dd86ac44f57e688a99615 to remote] DEBUG org.asynchttpclient.netty.request.NettyRequestSender - Using pooled Channel '[id: 0xd2c4f9ef, L:/127.0.0.1:58122 - R:localhost/127.0.0.1:1644]' for 'POST' to 'http://localhost:1644/session/d251d07d986dd86ac44f57e688a99615/window'
15:28:06.552 [Forwarding switchToWindow on session d251d07d986dd86ac44f57e688a99615 to remote] DEBUG org.asynchttpclient.netty.request.NettyRequestSender - Using open Channel [id: 0xd2c4f9ef, L:/127.0.0.1:58122 - R:localhost/127.0.0.1:1644] for POST '/session/d251d07d986dd86ac44f57e688a99615/window'
15:28:06.553 [AsyncHttpClient-1-12] DEBUG org.asynchttpclient.netty.handler.HttpHandler - 

Request DefaultHttpRequest(decodeResult: success, version: HTTP/1.1)
POST /session/d251d07d986dd86ac44f57e688a99615/window HTTP/1.1
User-Agent: selenium/4.7.1 (java windows)
Content-Length: 50
Content-Type: application/json; charset=utf-8
host: localhost:1644
accept: */*

Response DefaultHttpResponse(decodeResult: success, version: HTTP/1.1)
HTTP/1.1 200 OK
Content-Type: application/json; charset=utf-8
cache-control: no-cache
content-length: 14

15:28:06.554 [AsyncHttpClient-1-12] DEBUG org.asynchttpclient.netty.channel.ChannelManager - Adding key: http://localhost:1644 for channel [id: 0xd2c4f9ef, L:/127.0.0.1:58122 - R:localhost/127.0.0.1:1644]
15:28:06.554 [Forwarding getCurrentUrl on session d251d07d986dd86ac44f57e688a99615 to remote] DEBUG org.asynchttpclient.netty.request.NettyRequestSender - Using pooled Channel '[id: 0xd2c4f9ef, L:/127.0.0.1:58122 - R:localhost/127.0.0.1:1644]' for 'GET' to 'http://localhost:1644/session/d251d07d986dd86ac44f57e688a99615/url'
15:28:06.554 [Forwarding getCurrentUrl on session d251d07d986dd86ac44f57e688a99615 to remote] DEBUG org.asynchttpclient.netty.request.NettyRequestSender - Using open Channel [id: 0xd2c4f9ef, L:/127.0.0.1:58122 - R:localhost/127.0.0.1:1644] for GET '/session/d251d07d986dd86ac44f57e688a99615/url'
15:28:06.562 [AsyncHttpClient-1-12] DEBUG org.asynchttpclient.netty.handler.HttpHandler - 

Request DefaultFullHttpRequest(decodeResult: success, version: HTTP/1.1, content: EmptyByteBufBE)
GET /session/d251d07d986dd86ac44f57e688a99615/url HTTP/1.1
User-Agent: selenium/4.7.1 (java windows)
Cache-Control: no-cache
Content-Type: application/json; charset=utf-8
host: localhost:1644
accept: */*

Response DefaultHttpResponse(decodeResult: success, version: HTTP/1.1)
HTTP/1.1 200 OK
Content-Type: application/json; charset=utf-8
cache-control: no-cache
content-length: 46

15:28:06.562 [AsyncHttpClient-1-12] DEBUG org.asynchttpclient.netty.channel.ChannelManager - Adding key: http://localhost:1644 for channel [id: 0xd2c4f9ef, L:/127.0.0.1:58122 - R:localhost/127.0.0.1:1644]
15:28:06.563 [Forwarding screenshot on session d251d07d986dd86ac44f57e688a99615 to remote] DEBUG org.asynchttpclient.netty.request.NettyRequestSender - Using pooled Channel '[id: 0xd2c4f9ef, L:/127.0.0.1:58122 - R:localhost/127.0.0.1:1644]' for 'GET' to 'http://localhost:1644/session/d251d07d986dd86ac44f57e688a99615/screenshot'
15:28:06.563 [Forwarding screenshot on session d251d07d986dd86ac44f57e688a99615 to remote] DEBUG org.asynchttpclient.netty.request.NettyRequestSender - Using open Channel [id: 0xd2c4f9ef, L:/127.0.0.1:58122 - R:localhost/127.0.0.1:1644] for GET '/session/d251d07d986dd86ac44f57e688a99615/screenshot'
15:28:06.654 [AsyncHttpClient-1-12] DEBUG org.asynchttpclient.netty.handler.HttpHandler - 

Request DefaultFullHttpRequest(decodeResult: success, version: HTTP/1.1, content: EmptyByteBufBE)
GET /session/d251d07d986dd86ac44f57e688a99615/screenshot HTTP/1.1
User-Agent: selenium/4.7.1 (java windows)
Cache-Control: no-cache
Content-Type: application/json; charset=utf-8
host: localhost:1644
accept: */*

Response DefaultHttpResponse(decodeResult: success, version: HTTP/1.1)
HTTP/1.1 200 OK
Content-Type: application/json; charset=utf-8
cache-control: no-cache
content-length: 29768

15:28:06.655 [AsyncHttpClient-1-12] DEBUG org.asynchttpclient.netty.channel.ChannelManager - Adding key: http://localhost:1644 for channel [id: 0xd2c4f9ef, L:/127.0.0.1:58122 - R:localhost/127.0.0.1:1644]
15:28:06.656 [main] DEBUG net.serenitybdd.core.photography.Darkroom - Send negative for processing for target\site\serenity\dff808441c3c447b7ee874699fe708a836fb30e8d030de14b9067e35ef39d56f.png
15:28:06.656 [main] DEBUG net.thucydides.core.steps.StepInterceptor - STEP DONE: klikButtonCart
15:28:06.656 [Darkroom Processing Line] DEBUG net.serenitybdd.core.photography.DarkroomProcessingLine - Processing screenshot image in /var/screenshots/screenshot-11109529691564792375
15:28:06.656 [Darkroom Processing Line] DEBUG net.serenitybdd.core.photography.DarkroomProcessingLine - Saving screenshot to target\site\serenity\dff808441c3c447b7ee874699fe708a836fb30e8d030de14b9067e35ef39d56f.png
  &amp#27;[32mAnd &amp#27;[0m&amp#27;[32muser klik cart&amp#27;[0m                                            &amp#27;[90m# starter.stepdefinitions.TransaksiSteps.userKlikCart()&amp#27;[0m
15:28:06.668 [main] DEBUG net.thucydides.core.steps.StepInterceptor - STARTING STEP: TransaksiSteps.userKlikTombolMinus - klikTombolMinus
15:28:06.671 [Forwarding findElement on session d251d07d986dd86ac44f57e688a99615 to remote] DEBUG org.asynchttpclient.netty.request.NettyRequestSender - Using pooled Channel '[id: 0xd2c4f9ef, L:/127.0.0.1:58122 - R:localhost/127.0.0.1:1644]' for 'POST' to 'http://localhost:1644/session/d251d07d986dd86ac44f57e688a99615/element'
15:28:06.671 [Forwarding findElement on session d251d07d986dd86ac44f57e688a99615 to remote] DEBUG org.asynchttpclient.netty.request.NettyRequestSender - Using open Channel [id: 0xd2c4f9ef, L:/127.0.0.1:58122 - R:localhost/127.0.0.1:1644] for POST '/session/d251d07d986dd86ac44f57e688a99615/element'
15:28:06.683 [AsyncHttpClient-1-12] DEBUG org.asynchttpclient.netty.handler.HttpHandler - 

Request DefaultHttpRequest(decodeResult: success, version: HTTP/1.1)
POST /session/d251d07d986dd86ac44f57e688a99615/element HTTP/1.1
User-Agent: selenium/4.7.1 (java windows)
Content-Length: 176
Content-Type: application/json; charset=utf-8
host: localhost:1644
accept: */*

Response DefaultHttpResponse(decodeResult: success, version: HTTP/1.1)
HTTP/1.1 200 OK
Content-Type: application/json; charset=utf-8
cache-control: no-cache
content-length: 95

15:28:06.683 [AsyncHttpClient-1-12] DEBUG org.asynchttpclient.netty.channel.ChannelManager - Adding key: http://localhost:1644 for channel [id: 0xd2c4f9ef, L:/127.0.0.1:58122 - R:localhost/127.0.0.1:1644]
15:28:06.684 [Forwarding getElementTagName on session d251d07d986dd86ac44f57e688a99615 to remote] DEBUG org.asynchttpclient.netty.request.NettyRequestSender - Using pooled Channel '[id: 0xd2c4f9ef, L:/127.0.0.1:58122 - R:localhost/127.0.0.1:1644]' for 'GET' to 'http://localhost:1644/session/d251d07d986dd86ac44f57e688a99615/element/D2D368A494A9155FD42B3DFAE251696E_element_18/name'
15:28:06.684 [Forwarding getElementTagName on session d251d07d986dd86ac44f57e688a99615 to remote] DEBUG org.asynchttpclient.netty.request.NettyRequestSender - Using open Channel [id: 0xd2c4f9ef, L:/127.0.0.1:58122 - R:localhost/127.0.0.1:1644] for GET '/session/d251d07d986dd86ac44f57e688a99615/element/D2D368A494A9155FD42B3DFAE251696E_element_18/name'
15:28:06.689 [AsyncHttpClient-1-12] DEBUG org.asynchttpclient.netty.handler.HttpHandler - 

Request DefaultFullHttpRequest(decodeResult: success, version: HTTP/1.1, content: EmptyByteBufBE)
GET /session/d251d07d986dd86ac44f57e688a99615/element/D2D368A494A9155FD42B3DFAE251696E_element_18/name HTTP/1.1
User-Agent: selenium/4.7.1 (java windows)
Cache-Control: no-cache
Content-Type: application/json; charset=utf-8
host: localhost:1644
accept: */*

Response DefaultHttpResponse(decodeResult: success, version: HTTP/1.1)
HTTP/1.1 200 OK
Content-Type: application/json; charset=utf-8
cache-control: no-cache
content-length: 16

15:28:06.689 [AsyncHttpClient-1-12] DEBUG org.asynchttpclient.netty.channel.ChannelManager - Adding key: http://localhost:1644 for channel [id: 0xd2c4f9ef, L:/127.0.0.1:58122 - R:localhost/127.0.0.1:1644]
15:28:06.690 [Forwarding getElementTagName on session d251d07d986dd86ac44f57e688a99615 to remote] DEBUG org.asynchttpclient.netty.request.NettyRequestSender - Using pooled Channel '[id: 0xd2c4f9ef, L:/127.0.0.1:58122 - R:localhost/127.0.0.1:1644]' for 'GET' to 'http://localhost:1644/session/d251d07d986dd86ac44f57e688a99615/element/D2D368A494A9155FD42B3DFAE251696E_element_18/name'
15:28:06.690 [Forwarding getElementTagName on session d251d07d986dd86ac44f57e688a99615 to remote] DEBUG org.asynchttpclient.netty.request.NettyRequestSender - Using open Channel [id: 0xd2c4f9ef, L:/127.0.0.1:58122 - R:localhost/127.0.0.1:1644] for GET '/session/d251d07d986dd86ac44f57e688a99615/element/D2D368A494A9155FD42B3DFAE251696E_element_18/name'
15:28:06.694 [AsyncHttpClient-1-12] DEBUG org.asynchttpclient.netty.handler.HttpHandler - 

Request DefaultFullHttpRequest(decodeResult: success, version: HTTP/1.1, content: EmptyByteBufBE)
GET /session/d251d07d986dd86ac44f57e688a99615/element/D2D368A494A9155FD42B3DFAE251696E_element_18/name HTTP/1.1
User-Agent: selenium/4.7.1 (java windows)
Cache-Control: no-cache
Content-Type: application/json; charset=utf-8
host: localhost:1644
accept: */*

Response DefaultHttpResponse(decodeResult: success, version: HTTP/1.1)
HTTP/1.1 200 OK
Content-Type: application/json; charset=utf-8
cache-control: no-cache
content-length: 16

15:28:06.695 [AsyncHttpClient-1-12] DEBUG org.asynchttpclient.netty.channel.ChannelManager - Adding key: http://localhost:1644 for channel [id: 0xd2c4f9ef, L:/127.0.0.1:58122 - R:localhost/127.0.0.1:1644]
15:28:06.696 [Forwarding findElement on session d251d07d986dd86ac44f57e688a99615 to remote] DEBUG org.asynchttpclient.netty.request.NettyRequestSender - Using pooled Channel '[id: 0xd2c4f9ef, L:/127.0.0.1:58122 - R:localhost/127.0.0.1:1644]' for 'POST' to 'http://localhost:1644/session/d251d07d986dd86ac44f57e688a99615/element'
15:28:06.696 [Forwarding findElement on session d251d07d986dd86ac44f57e688a99615 to remote] DEBUG org.asynchttpclient.netty.request.NettyRequestSender - Using open Channel [id: 0xd2c4f9ef, L:/127.0.0.1:58122 - R:localhost/127.0.0.1:1644] for POST '/session/d251d07d986dd86ac44f57e688a99615/element'
15:28:06.706 [AsyncHttpClient-1-12] DEBUG org.asynchttpclient.netty.handler.HttpHandler - 

Request DefaultHttpRequest(decodeResult: success, version: HTTP/1.1)
POST /session/d251d07d986dd86ac44f57e688a99615/element HTTP/1.1
User-Agent: selenium/4.7.1 (java windows)
Content-Length: 176
Content-Type: application/json; charset=utf-8
host: localhost:1644
accept: */*

Response DefaultHttpResponse(decodeResult: success, version: HTTP/1.1)
HTTP/1.1 200 OK
Content-Type: application/json; charset=utf-8
cache-control: no-cache
content-length: 95

15:28:06.706 [AsyncHttpClient-1-12] DEBUG org.asynchttpclient.netty.channel.ChannelManager - Adding key: http://localhost:1644 for channel [id: 0xd2c4f9ef, L:/127.0.0.1:58122 - R:localhost/127.0.0.1:1644]
15:28:06.707 [Forwarding clickElement on session d251d07d986dd86ac44f57e688a99615 to remote] DEBUG org.asynchttpclient.netty.request.NettyRequestSender - Using pooled Channel '[id: 0xd2c4f9ef, L:/127.0.0.1:58122 - R:localhost/127.0.0.1:1644]' for 'POST' to 'http://localhost:1644/session/d251d07d986dd86ac44f57e688a99615/element/D2D368A494A9155FD42B3DFAE251696E_element_18/click'
15:28:06.707 [Forwarding clickElement on session d251d07d986dd86ac44f57e688a99615 to remote] DEBUG org.asynchttpclient.netty.request.NettyRequestSender - Using open Channel [id: 0xd2c4f9ef, L:/127.0.0.1:58122 - R:localhost/127.0.0.1:1644] for POST '/session/d251d07d986dd86ac44f57e688a99615/element/D2D368A494A9155FD42B3DFAE251696E_element_18/click'
15:28:06.751 [AsyncHttpClient-1-12] DEBUG org.asynchttpclient.netty.handler.HttpHandler - 

Request DefaultHttpRequest(decodeResult: success, version: HTTP/1.1)
POST /session/d251d07d986dd86ac44f57e688a99615/element/D2D368A494A9155FD42B3DFAE251696E_element_18/click HTTP/1.1
User-Agent: selenium/4.7.1 (java windows)
Content-Length: 57
Content-Type: application/json; charset=utf-8
host: localhost:1644
accept: */*

Response DefaultHttpResponse(decodeResult: success, version: HTTP/1.1)
HTTP/1.1 200 OK
Content-Type: application/json; charset=utf-8
cache-control: no-cache
content-length: 14

15:28:06.751 [AsyncHttpClient-1-12] DEBUG org.asynchttpclient.netty.channel.ChannelManager - Adding key: http://localhost:1644 for channel [id: 0xd2c4f9ef, L:/127.0.0.1:58122 - R:localhost/127.0.0.1:1644]
15:28:06.758 [Forwarding getCurrentWindowHandle on session d251d07d986dd86ac44f57e688a99615 to remote] DEBUG org.asynchttpclient.netty.request.NettyRequestSender - Using pooled Channel '[id: 0xd2c4f9ef, L:/127.0.0.1:58122 - R:localhost/127.0.0.1:1644]' for 'GET' to 'http://localhost:1644/session/d251d07d986dd86ac44f57e688a99615/window'
15:28:06.758 [Forwarding getCurrentWindowHandle on session d251d07d986dd86ac44f57e688a99615 to remote] DEBUG org.asynchttpclient.netty.request.NettyRequestSender - Using open Channel [id: 0xd2c4f9ef, L:/127.0.0.1:58122 - R:localhost/127.0.0.1:1644] for GET '/session/d251d07d986dd86ac44f57e688a99615/window'
15:28:06.759 [AsyncHttpClient-1-12] DEBUG org.asynchttpclient.netty.handler.HttpHandler - 

Request DefaultFullHttpRequest(decodeResult: success, version: HTTP/1.1, content: EmptyByteBufBE)
GET /session/d251d07d986dd86ac44f57e688a99615/window HTTP/1.1
User-Agent: selenium/4.7.1 (java windows)
Cache-Control: no-cache
Content-Type: application/json; charset=utf-8
host: localhost:1644
accept: */*

Response DefaultHttpResponse(decodeResult: success, version: HTTP/1.1)
HTTP/1.1 200 OK
Content-Type: application/json; charset=utf-8
cache-control: no-cache
content-length: 44

15:28:06.759 [AsyncHttpClient-1-12] DEBUG org.asynchttpclient.netty.channel.ChannelManager - Adding key: http://localhost:1644 for channel [id: 0xd2c4f9ef, L:/127.0.0.1:58122 - R:localhost/127.0.0.1:1644]
15:28:06.760 [Forwarding getAlertText on session d251d07d986dd86ac44f57e688a99615 to remote] DEBUG org.asynchttpclient.netty.request.NettyRequestSender - Using pooled Channel '[id: 0xd2c4f9ef, L:/127.0.0.1:58122 - R:localhost/127.0.0.1:1644]' for 'GET' to 'http://localhost:1644/session/d251d07d986dd86ac44f57e688a99615/alert/text'
15:28:06.760 [Forwarding getAlertText on session d251d07d986dd86ac44f57e688a99615 to remote] DEBUG org.asynchttpclient.netty.request.NettyRequestSender - Using open Channel [id: 0xd2c4f9ef, L:/127.0.0.1:58122 - R:localhost/127.0.0.1:1644] for GET '/session/d251d07d986dd86ac44f57e688a99615/alert/text'
15:28:06.761 [AsyncHttpClient-1-12] DEBUG org.asynchttpclient.netty.handler.HttpHandler - 

Request DefaultFullHttpRequest(decodeResult: success, version: HTTP/1.1, content: EmptyByteBufBE)
GET /session/d251d07d986dd86ac44f57e688a99615/alert/text HTTP/1.1
User-Agent: selenium/4.7.1 (java windows)
Cache-Control: no-cache
Content-Type: application/json; charset=utf-8
host: localhost:1644
accept: */*

Response DefaultHttpResponse(decodeResult: success, version: HTTP/1.1)
HTTP/1.1 404 Not Found
Content-Type: application/json; charset=utf-8
cache-control: no-cache
content-length: 820

15:28:06.761 [AsyncHttpClient-1-12] DEBUG org.asynchttpclient.netty.channel.ChannelManager - Adding key: http://localhost:1644 for channel [id: 0xd2c4f9ef, L:/127.0.0.1:58122 - R:localhost/127.0.0.1:1644]
15:28:06.762 [Forwarding switchToWindow on session d251d07d986dd86ac44f57e688a99615 to remote] DEBUG org.asynchttpclient.netty.request.NettyRequestSender - Using pooled Channel '[id: 0xd2c4f9ef, L:/127.0.0.1:58122 - R:localhost/127.0.0.1:1644]' for 'POST' to 'http://localhost:1644/session/d251d07d986dd86ac44f57e688a99615/window'
15:28:06.762 [Forwarding switchToWindow on session d251d07d986dd86ac44f57e688a99615 to remote] DEBUG org.asynchttpclient.netty.request.NettyRequestSender - Using open Channel [id: 0xd2c4f9ef, L:/127.0.0.1:58122 - R:localhost/127.0.0.1:1644] for POST '/session/d251d07d986dd86ac44f57e688a99615/window'
15:28:06.764 [AsyncHttpClient-1-12] DEBUG org.asynchttpclient.netty.handler.HttpHandler - 

Request DefaultHttpRequest(decodeResult: success, version: HTTP/1.1)
POST /session/d251d07d986dd86ac44f57e688a99615/window HTTP/1.1
User-Agent: selenium/4.7.1 (java windows)
Content-Length: 50
Content-Type: application/json; charset=utf-8
host: localhost:1644
accept: */*

Response DefaultHttpResponse(decodeResult: success, version: HTTP/1.1)
HTTP/1.1 200 OK
Content-Type: application/json; charset=utf-8
cache-control: no-cache
content-length: 14

15:28:06.764 [AsyncHttpClient-1-12] DEBUG org.asynchttpclient.netty.channel.ChannelManager - Adding key: http://localhost:1644 for channel [id: 0xd2c4f9ef, L:/127.0.0.1:58122 - R:localhost/127.0.0.1:1644]
15:28:06.765 [Forwarding getCurrentUrl on session d251d07d986dd86ac44f57e688a99615 to remote] DEBUG org.asynchttpclient.netty.request.NettyRequestSender - Using pooled Channel '[id: 0xd2c4f9ef, L:/127.0.0.1:58122 - R:localhost/127.0.0.1:1644]' for 'GET' to 'http://localhost:1644/session/d251d07d986dd86ac44f57e688a99615/url'
15:28:06.765 [Forwarding getCurrentUrl on session d251d07d986dd86ac44f57e688a99615 to remote] DEBUG org.asynchttpclient.netty.request.NettyRequestSender - Using open Channel [id: 0xd2c4f9ef, L:/127.0.0.1:58122 - R:localhost/127.0.0.1:1644] for GET '/session/d251d07d986dd86ac44f57e688a99615/url'
15:28:06.771 [AsyncHttpClient-1-12] DEBUG org.asynchttpclient.netty.handler.HttpHandler - 

Request DefaultFullHttpRequest(decodeResult: success, version: HTTP/1.1, content: EmptyByteBufBE)
GET /session/d251d07d986dd86ac44f57e688a99615/url HTTP/1.1
User-Agent: selenium/4.7.1 (java windows)
Cache-Control: no-cache
Content-Type: application/json; charset=utf-8
host: localhost:1644
accept: */*

Response DefaultHttpResponse(decodeResult: success, version: HTTP/1.1)
HTTP/1.1 200 OK
Content-Type: application/json; charset=utf-8
cache-control: no-cache
content-length: 46

15:28:06.771 [AsyncHttpClient-1-12] DEBUG org.asynchttpclient.netty.channel.ChannelManager - Adding key: http://localhost:1644 for channel [id: 0xd2c4f9ef, L:/127.0.0.1:58122 - R:localhost/127.0.0.1:1644]
15:28:06.771 [Forwarding screenshot on session d251d07d986dd86ac44f57e688a99615 to remote] DEBUG org.asynchttpclient.netty.request.NettyRequestSender - Using pooled Channel '[id: 0xd2c4f9ef, L:/127.0.0.1:58122 - R:localhost/127.0.0.1:1644]' for 'GET' to 'http://localhost:1644/session/d251d07d986dd86ac44f57e688a99615/screenshot'
15:28:06.771 [Forwarding screenshot on session d251d07d986dd86ac44f57e688a99615 to remote] DEBUG org.asynchttpclient.netty.request.NettyRequestSender - Using open Channel [id: 0xd2c4f9ef, L:/127.0.0.1:58122 - R:localhost/127.0.0.1:1644] for GET '/session/d251d07d986dd86ac44f57e688a99615/screenshot'
15:28:06.852 [AsyncHttpClient-1-12] DEBUG org.asynchttpclient.netty.handler.HttpHandler - 

Request DefaultFullHttpRequest(decodeResult: success, version: HTTP/1.1, content: EmptyByteBufBE)
GET /session/d251d07d986dd86ac44f57e688a99615/screenshot HTTP/1.1
User-Agent: selenium/4.7.1 (java windows)
Cache-Control: no-cache
Content-Type: application/json; charset=utf-8
host: localhost:1644
accept: */*

Response DefaultHttpResponse(decodeResult: success, version: HTTP/1.1)
HTTP/1.1 200 OK
Content-Type: application/json; charset=utf-8
cache-control: no-cache
content-length: 18636

15:28:06.852 [AsyncHttpClient-1-12] DEBUG org.asynchttpclient.netty.channel.ChannelManager - Adding key: http://localhost:1644 for channel [id: 0xd2c4f9ef, L:/127.0.0.1:58122 - R:localhost/127.0.0.1:1644]
15:28:06.853 [main] DEBUG net.serenitybdd.core.photography.Darkroom - Send negative for processing for target\site\serenity\736aa8936372ae9f89808f9cda681af443a6ebdbfe3581fea7e4a0d5e68bb2bf.png
15:28:06.853 [main] DEBUG net.thucydides.core.steps.StepInterceptor - STEP DONE: klikTombolMinus
  &amp#27;[32mThen &amp#27;[0m&amp#27;[32muser klik tombol minus&amp#27;[0m                                   &amp#27;[90m# starter.stepdefinitions.TransaksiSteps.userKlikTombolMinus()&amp#27;[0m
15:28:06.853 [Darkroom Processing Line] DEBUG net.serenitybdd.core.photography.DarkroomProcessingLine - Processing screenshot image in /var/screenshots/screenshot-15201187106543878262
15:28:06.853 [Darkroom Processing Line] DEBUG net.serenitybdd.core.photography.DarkroomProcessingLine - Saving screenshot to target\site\serenity\736aa8936372ae9f89808f9cda681af443a6ebdbfe3581fea7e4a0d5e68bb2bf.png
15:28:06.864 [main] DEBUG net.thucydides.core.steps.StepInterceptor - STARTING STEP: TransaksiSteps.munculAlertMessagePesananKosong - munculPesananKosong
15:28:06.866 [Forwarding findElement on session d251d07d986dd86ac44f57e688a99615 to remote] DEBUG org.asynchttpclient.netty.request.NettyRequestSender - Using pooled Channel '[id: 0xd2c4f9ef, L:/127.0.0.1:58122 - R:localhost/127.0.0.1:1644]' for 'POST' to 'http://localhost:1644/session/d251d07d986dd86ac44f57e688a99615/element'
15:28:06.866 [Forwarding findElement on session d251d07d986dd86ac44f57e688a99615 to remote] DEBUG org.asynchttpclient.netty.request.NettyRequestSender - Using open Channel [id: 0xd2c4f9ef, L:/127.0.0.1:58122 - R:localhost/127.0.0.1:1644] for POST '/session/d251d07d986dd86ac44f57e688a99615/element'
15:28:06.882 [AsyncHttpClient-1-12] DEBUG org.asynchttpclient.netty.handler.HttpHandler - 

Request DefaultHttpRequest(decodeResult: success, version: HTTP/1.1)
POST /session/d251d07d986dd86ac44f57e688a99615/element HTTP/1.1
User-Agent: selenium/4.7.1 (java windows)
Content-Length: 109
Content-Type: application/json; charset=utf-8
host: localhost:1644
accept: */*

Response DefaultHttpResponse(decodeResult: success, version: HTTP/1.1)
HTTP/1.1 200 OK
Content-Type: application/json; charset=utf-8
cache-control: no-cache
content-length: 95

15:28:06.882 [AsyncHttpClient-1-12] DEBUG org.asynchttpclient.netty.channel.ChannelManager - Adding key: http://localhost:1644 for channel [id: 0xd2c4f9ef, L:/127.0.0.1:58122 - R:localhost/127.0.0.1:1644]
15:28:06.884 [Forwarding isElementDisplayed on session d251d07d986dd86ac44f57e688a99615 to remote] DEBUG org.asynchttpclient.netty.request.NettyRequestSender - Using pooled Channel '[id: 0xd2c4f9ef, L:/127.0.0.1:58122 - R:localhost/127.0.0.1:1644]' for 'POST' to 'http://localhost:1644/session/d251d07d986dd86ac44f57e688a99615/execute/sync'
15:28:06.885 [Forwarding isElementDisplayed on session d251d07d986dd86ac44f57e688a99615 to remote] DEBUG org.asynchttpclient.netty.request.NettyRequestSender - Using open Channel [id: 0xd2c4f9ef, L:/127.0.0.1:58122 - R:localhost/127.0.0.1:1644] for POST '/session/d251d07d986dd86ac44f57e688a99615/execute/sync'
15:28:06.897 [AsyncHttpClient-1-12] DEBUG org.asynchttpclient.netty.handler.HttpHandler - 

Request DefaultHttpRequest(decodeResult: success, version: HTTP/1.1)
POST /session/d251d07d986dd86ac44f57e688a99615/execute/sync HTTP/1.1
User-Agent: selenium/4.7.1 (java windows)
Content-Length: 48787
Content-Type: application/json; charset=utf-8
host: localhost:1644
accept: */*

Response DefaultHttpResponse(decodeResult: success, version: HTTP/1.1)
HTTP/1.1 200 OK
Content-Type: application/json; charset=utf-8
cache-control: no-cache
content-length: 14

15:28:06.897 [AsyncHttpClient-1-12] DEBUG org.asynchttpclient.netty.channel.ChannelManager - Adding key: http://localhost:1644 for channel [id: 0xd2c4f9ef, L:/127.0.0.1:58122 - R:localhost/127.0.0.1:1644]
15:28:06.900 [Forwarding isElementDisplayed on session d251d07d986dd86ac44f57e688a99615 to remote] DEBUG org.asynchttpclient.netty.request.NettyRequestSender - Using pooled Channel '[id: 0xd2c4f9ef, L:/127.0.0.1:58122 - R:localhost/127.0.0.1:1644]' for 'POST' to 'http://localhost:1644/session/d251d07d986dd86ac44f57e688a99615/execute/sync'
15:28:06.900 [Forwarding isElementDisplayed on session d251d07d986dd86ac44f57e688a99615 to remote] DEBUG org.asynchttpclient.netty.request.NettyRequestSender - Using open Channel [id: 0xd2c4f9ef, L:/127.0.0.1:58122 - R:localhost/127.0.0.1:1644] for POST '/session/d251d07d986dd86ac44f57e688a99615/execute/sync'
15:28:06.911 [AsyncHttpClient-1-12] DEBUG org.asynchttpclient.netty.handler.HttpHandler - 

Request DefaultHttpRequest(decodeResult: success, version: HTTP/1.1)
POST /session/d251d07d986dd86ac44f57e688a99615/execute/sync HTTP/1.1
User-Agent: selenium/4.7.1 (java windows)
Content-Length: 48787
Content-Type: application/json; charset=utf-8
host: localhost:1644
accept: */*

Response DefaultHttpResponse(decodeResult: success, version: HTTP/1.1)
HTTP/1.1 200 OK
Content-Type: application/json; charset=utf-8
cache-control: no-cache
content-length: 14

15:28:06.911 [AsyncHttpClient-1-12] DEBUG org.asynchttpclient.netty.channel.ChannelManager - Adding key: http://localhost:1644 for channel [id: 0xd2c4f9ef, L:/127.0.0.1:58122 - R:localhost/127.0.0.1:1644]
15:28:06.915 [Forwarding getCurrentWindowHandle on session d251d07d986dd86ac44f57e688a99615 to remote] DEBUG org.asynchttpclient.netty.request.NettyRequestSender - Using pooled Channel '[id: 0xd2c4f9ef, L:/127.0.0.1:58122 - R:localhost/127.0.0.1:1644]' for 'GET' to 'http://localhost:1644/session/d251d07d986dd86ac44f57e688a99615/window'
15:28:06.915 [Forwarding getCurrentWindowHandle on session d251d07d986dd86ac44f57e688a99615 to remote] DEBUG org.asynchttpclient.netty.request.NettyRequestSender - Using open Channel [id: 0xd2c4f9ef, L:/127.0.0.1:58122 - R:localhost/127.0.0.1:1644] for GET '/session/d251d07d986dd86ac44f57e688a99615/window'
15:28:06.916 [AsyncHttpClient-1-12] DEBUG org.asynchttpclient.netty.handler.HttpHandler - 

Request DefaultFullHttpRequest(decodeResult: success, version: HTTP/1.1, content: EmptyByteBufBE)
GET /session/d251d07d986dd86ac44f57e688a99615/window HTTP/1.1
User-Agent: selenium/4.7.1 (java windows)
Cache-Control: no-cache
Content-Type: application/json; charset=utf-8
host: localhost:1644
accept: */*

Response DefaultHttpResponse(decodeResult: success, version: HTTP/1.1)
HTTP/1.1 200 OK
Content-Type: application/json; charset=utf-8
cache-control: no-cache
content-length: 44

15:28:06.916 [AsyncHttpClient-1-12] DEBUG org.asynchttpclient.netty.channel.ChannelManager - Adding key: http://localhost:1644 for channel [id: 0xd2c4f9ef, L:/127.0.0.1:58122 - R:localhost/127.0.0.1:1644]
15:28:06.917 [Forwarding getAlertText on session d251d07d986dd86ac44f57e688a99615 to remote] DEBUG org.asynchttpclient.netty.request.NettyRequestSender - Using pooled Channel '[id: 0xd2c4f9ef, L:/127.0.0.1:58122 - R:localhost/127.0.0.1:1644]' for 'GET' to 'http://localhost:1644/session/d251d07d986dd86ac44f57e688a99615/alert/text'
15:28:06.917 [Forwarding getAlertText on session d251d07d986dd86ac44f57e688a99615 to remote] DEBUG org.asynchttpclient.netty.request.NettyRequestSender - Using open Channel [id: 0xd2c4f9ef, L:/127.0.0.1:58122 - R:localhost/127.0.0.1:1644] for GET '/session/d251d07d986dd86ac44f57e688a99615/alert/text'
15:28:06.918 [AsyncHttpClient-1-12] DEBUG org.asynchttpclient.netty.handler.HttpHandler - 

Request DefaultFullHttpRequest(decodeResult: success, version: HTTP/1.1, content: EmptyByteBufBE)
GET /session/d251d07d986dd86ac44f57e688a99615/alert/text HTTP/1.1
User-Agent: selenium/4.7.1 (java windows)
Cache-Control: no-cache
Content-Type: application/json; charset=utf-8
host: localhost:1644
accept: */*

Response DefaultHttpResponse(decodeResult: success, version: HTTP/1.1)
HTTP/1.1 404 Not Found
Content-Type: application/json; charset=utf-8
cache-control: no-cache
content-length: 820

15:28:06.919 [AsyncHttpClient-1-12] DEBUG org.asynchttpclient.netty.channel.ChannelManager - Adding key: http://localhost:1644 for channel [id: 0xd2c4f9ef, L:/127.0.0.1:58122 - R:localhost/127.0.0.1:1644]
15:28:06.920 [Forwarding switchToWindow on session d251d07d986dd86ac44f57e688a99615 to remote] DEBUG org.asynchttpclient.netty.request.NettyRequestSender - Using pooled Channel '[id: 0xd2c4f9ef, L:/127.0.0.1:58122 - R:localhost/127.0.0.1:1644]' for 'POST' to 'http://localhost:1644/session/d251d07d986dd86ac44f57e688a99615/window'
15:28:06.920 [Forwarding switchToWindow on session d251d07d986dd86ac44f57e688a99615 to remote] DEBUG org.asynchttpclient.netty.request.NettyRequestSender - Using open Channel [id: 0xd2c4f9ef, L:/127.0.0.1:58122 - R:localhost/127.0.0.1:1644] for POST '/session/d251d07d986dd86ac44f57e688a99615/window'
15:28:06.921 [AsyncHttpClient-1-12] DEBUG org.asynchttpclient.netty.handler.HttpHandler - 

Request DefaultHttpRequest(decodeResult: success, version: HTTP/1.1)
POST /session/d251d07d986dd86ac44f57e688a99615/window HTTP/1.1
User-Agent: selenium/4.7.1 (java windows)
Content-Length: 50
Content-Type: application/json; charset=utf-8
host: localhost:1644
accept: */*

Response DefaultHttpResponse(decodeResult: success, version: HTTP/1.1)
HTTP/1.1 200 OK
Content-Type: application/json; charset=utf-8
cache-control: no-cache
content-length: 14

15:28:06.922 [AsyncHttpClient-1-12] DEBUG org.asynchttpclient.netty.channel.ChannelManager - Adding key: http://localhost:1644 for channel [id: 0xd2c4f9ef, L:/127.0.0.1:58122 - R:localhost/127.0.0.1:1644]
15:28:06.922 [Forwarding getCurrentUrl on session d251d07d986dd86ac44f57e688a99615 to remote] DEBUG org.asynchttpclient.netty.request.NettyRequestSender - Using pooled Channel '[id: 0xd2c4f9ef, L:/127.0.0.1:58122 - R:localhost/127.0.0.1:1644]' for 'GET' to 'http://localhost:1644/session/d251d07d986dd86ac44f57e688a99615/url'
15:28:06.922 [Forwarding getCurrentUrl on session d251d07d986dd86ac44f57e688a99615 to remote] DEBUG org.asynchttpclient.netty.request.NettyRequestSender - Using open Channel [id: 0xd2c4f9ef, L:/127.0.0.1:58122 - R:localhost/127.0.0.1:1644] for GET '/session/d251d07d986dd86ac44f57e688a99615/url'
15:28:06.928 [AsyncHttpClient-1-12] DEBUG org.asynchttpclient.netty.handler.HttpHandler - 

Request DefaultFullHttpRequest(decodeResult: success, version: HTTP/1.1, content: EmptyByteBufBE)
GET /session/d251d07d986dd86ac44f57e688a99615/url HTTP/1.1
User-Agent: selenium/4.7.1 (java windows)
Cache-Control: no-cache
Content-Type: application/json; charset=utf-8
host: localhost:1644
accept: */*

Response DefaultHttpResponse(decodeResult: success, version: HTTP/1.1)
HTTP/1.1 200 OK
Content-Type: application/json; charset=utf-8
cache-control: no-cache
content-length: 46

15:28:06.929 [AsyncHttpClient-1-12] DEBUG org.asynchttpclient.netty.channel.ChannelManager - Adding key: http://localhost:1644 for channel [id: 0xd2c4f9ef, L:/127.0.0.1:58122 - R:localhost/127.0.0.1:1644]
15:28:06.929 [Forwarding screenshot on session d251d07d986dd86ac44f57e688a99615 to remote] DEBUG org.asynchttpclient.netty.request.NettyRequestSender - Using pooled Channel '[id: 0xd2c4f9ef, L:/127.0.0.1:58122 - R:localhost/127.0.0.1:1644]' for 'GET' to 'http://localhost:1644/session/d251d07d986dd86ac44f57e688a99615/screenshot'
15:28:06.929 [Forwarding screenshot on session d251d07d986dd86ac44f57e688a99615 to remote] DEBUG org.asynchttpclient.netty.request.NettyRequestSender - Using open Channel [id: 0xd2c4f9ef, L:/127.0.0.1:58122 - R:localhost/127.0.0.1:1644] for GET '/session/d251d07d986dd86ac44f57e688a99615/screenshot'
15:28:07.013 [AsyncHttpClient-1-12] DEBUG org.asynchttpclient.netty.handler.HttpHandler - 

Request DefaultFullHttpRequest(decodeResult: success, version: HTTP/1.1, content: EmptyByteBufBE)
GET /session/d251d07d986dd86ac44f57e688a99615/screenshot HTTP/1.1
User-Agent: selenium/4.7.1 (java windows)
Cache-Control: no-cache
Content-Type: application/json; charset=utf-8
host: localhost:1644
accept: */*

Response DefaultHttpResponse(decodeResult: success, version: HTTP/1.1)
HTTP/1.1 200 OK
Content-Type: application/json; charset=utf-8
cache-control: no-cache
content-length: 17256

15:28:07.013 [AsyncHttpClient-1-12] DEBUG org.asynchttpclient.netty.channel.ChannelManager - Adding key: http://localhost:1644 for channel [id: 0xd2c4f9ef, L:/127.0.0.1:58122 - R:localhost/127.0.0.1:1644]
15:28:07.014 [main] DEBUG net.serenitybdd.core.photography.Darkroom - Send negative for processing for target\site\serenity\d38f974e1bd7c793cd0e5eae173b769af62a2452c7937ab23cb11d2f8aeea8a5.png
15:28:07.014 [main] DEBUG net.thucydides.core.steps.StepInterceptor - STEP DONE: munculPesananKosong
  &amp#27;[32mAnd &amp#27;[0m&amp#27;[32mmuncul alert message pesanan kosong&amp#27;[0m                       &amp#27;[90m# starter.stepdefinitions.TransaksiSteps.munculAlertMessagePesananKosong()&amp#27;[0m
15:28:07.014 [Darkroom Processing Line] DEBUG net.serenitybdd.core.photography.DarkroomProcessingLine - Processing screenshot image in /var/screenshots/screenshot-11159352199888122500
15:28:07.014 [Darkroom Processing Line] DEBUG net.serenitybdd.core.photography.DarkroomProcessingLine - Saving screenshot to target\site\serenity\d38f974e1bd7c793cd0e5eae173b769af62a2452c7937ab23cb11d2f8aeea8a5.png
15:28:07.021 [main] INFO  - 
  _____   ___   ___   _____     ___     _     ___   ___   ___   ___  
 |_   _| | __| / __| |_   _|   | _ \   /_\   / __| / __| | __| |   \ 
   | |   | _|  \__ \   | |     |  _/  / _ \  \__ \ \__ \ | _|  | |) |
   |_|   |___| |___/   |_|     |_|   /_/ \_\ |___/ |___/ |___| |___/ 

user bisa menghapus produk dari keranjang belanja
----------------------------------------------------------------------
15:28:07.022 [Driver Command Executor] DEBUG org.asynchttpclient.netty.request.NettyRequestSender - Using pooled Channel '[id: 0xd2c4f9ef, L:/127.0.0.1:58122 - R:localhost/127.0.0.1:1644]' for 'DELETE' to 'http://localhost:1644/session/d251d07d986dd86ac44f57e688a99615'
15:28:07.023 [Driver Command Executor] DEBUG org.asynchttpclient.netty.request.NettyRequestSender - Using open Channel [id: 0xd2c4f9ef, L:/127.0.0.1:58122 - R:localhost/127.0.0.1:1644] for DELETE '/session/d251d07d986dd86ac44f57e688a99615'
15:28:07.023 [AsyncHttpClient-1-14] DEBUG org.asynchttpclient.netty.handler.WebSocketHandler - Channel Closed: [id: 0x09eab8e2, L:/127.0.0.1:58130 ! R:localhost/127.0.0.1:58123] with attribute NettyResponseFuture{currentRetry=0,
	isDone=1,
	isCancelled=0,
	asyncHandler=org.asynchttpclient.ws.WebSocketUpgradeHandler@78f29485,
	nettyRequest=org.asynchttpclient.netty.request.NettyRequest@6db19864,
	future=java.util.concurrent.CompletableFuture@4df03081[Completed normally],
	uri=ws://localhost:58123/devtools/browser/129e1ced-a19f-4e63-a3c5-116fc9d7ae0f,
	keepAlive=true,
	redirectCount=0,
	timeoutsHolder=null,
	inAuth=0,
	touch=1683707278057}
15:28:07.023 [AsyncHttpClient-1-14] DEBUG org.asynchttpclient.netty.channel.ChannelManager - Closing Channel [id: 0x09eab8e2, L:/127.0.0.1:58130 ! R:localhost/127.0.0.1:58123] 
15:28:07.061 [AsyncHttpClient-1-13] DEBUG org.asynchttpclient.netty.handler.HttpHandler - Unexpected I/O exception on channel [id: 0x5271ca4c, L:/127.0.0.1:58129 - R:localhost/127.0.0.1:58123]
java.net.SocketException: Connection reset
	at java.base/sun.nio.ch.SocketChannelImpl.throwConnectionReset(SocketChannelImpl.java:401)
	at java.base/sun.nio.ch.SocketChannelImpl.read(SocketChannelImpl.java:434)
	at io.netty.buffer.PooledByteBuf.setBytes(PooledByteBuf.java:259)
	at io.netty.buffer.AbstractByteBuf.writeBytes(AbstractByteBuf.java:1132)
	at io.netty.channel.socket.nio.NioSocketChannel.doReadBytes(NioSocketChannel.java:357)
	at io.netty.channel.nio.AbstractNioByteChannel$NioByteUnsafe.read(AbstractNioByteChannel.java:151)
	at io.netty.channel.nio.NioEventLoop.processSelectedKey(NioEventLoop.java:788)
	at io.netty.channel.nio.NioEventLoop.processSelectedKeysOptimized(NioEventLoop.java:724)
	at io.netty.channel.nio.NioEventLoop.processSelectedKeys(NioEventLoop.java:650)
	at io.netty.channel.nio.NioEventLoop.run(NioEventLoop.java:562)
	at io.netty.util.concurrent.SingleThreadEventExecutor$4.run(SingleThreadEventExecutor.java:997)
	at io.netty.util.internal.ThreadExecutorMap$2.run(ThreadExecutorMap.java:74)
	at io.netty.util.concurrent.FastThreadLocalRunnable.run(FastThreadLocalRunnable.java:30)
	at java.base/java.lang.Thread.run(Thread.java:1589)
15:28:07.061 [AsyncHttpClient-1-13] DEBUG org.asynchttpclient.netty.channel.ChannelManager - Closing Channel [id: 0x5271ca4c, L:/127.0.0.1:58129 - R:localhost/127.0.0.1:58123] 
15:28:07.061 [AsyncHttpClient-1-13] DEBUG org.asynchttpclient.netty.handler.HttpHandler - Channel Closed: [id: 0x5271ca4c, L:/127.0.0.1:58129 ! R:localhost/127.0.0.1:58123] with attribute DISCARD
15:28:07.076 [AsyncHttpClient-1-12] DEBUG org.asynchttpclient.netty.handler.HttpHandler - 

Request DefaultFullHttpRequest(decodeResult: success, version: HTTP/1.1, content: EmptyByteBufBE)
DELETE /session/d251d07d986dd86ac44f57e688a99615 HTTP/1.1
User-Agent: selenium/4.7.1 (java windows)
Content-Type: application/json; charset=utf-8
host: localhost:1644
accept: */*

Response DefaultHttpResponse(decodeResult: success, version: HTTP/1.1)
HTTP/1.1 200 OK
Content-Type: application/json; charset=utf-8
cache-control: no-cache
content-length: 14

15:28:07.076 [AsyncHttpClient-1-12] DEBUG org.asynchttpclient.netty.channel.ChannelManager - Adding key: http://localhost:1644 for channel [id: 0xd2c4f9ef, L:/127.0.0.1:58122 - R:localhost/127.0.0.1:1644]
15:28:07.136 [AsyncHttpClient-1-12] DEBUG org.asynchttpclient.netty.handler.HttpHandler - Channel Closed: [id: 0xd2c4f9ef, L:/127.0.0.1:58122 ! R:localhost/127.0.0.1:1644] with attribute DISCARD
]]></system-out>
    <system-err><![CDATA[Starting ChromeDriver 113.0.5672.63 (0e1a4471d5ae5bf128b1bd8f4d627c8cbd55f70c-refs/branch-heads/5672@{#912}) on port 1644
Only local connections are allowed.
Please see https://chromedriver.chromium.org/security-considerations for suggestions on keeping ChromeDriver safe.
ChromeDriver was started successfully.
May 10, 2023 3:27:58 PM org.openqa.selenium.devtools.CdpVersionFinder findNearestMatch
WARNING: Unable to find CDP implementation matching 113
May 10, 2023 3:27:58 PM org.openqa.selenium.chromium.ChromiumDriver lambda$new$3
WARNING: Unable to find version of CDP to use for . You may need to include a dependency on a specific version of the CDP using something similar to `org.seleniumhq.selenium:selenium-devtools-v86:4.7.1` where the version ("v86") matches the version of the chromium-based browser you're using and the version number of the artifact is the same as Selenium's.
]]></system-err>
  </testcase>
</testsuite>