<?xml version="1.0" encoding="UTF-8"?>
<testsuite xmlns:xsi="http://www.w3.org/2001/XMLSchema-instance" xsi:noNamespaceSchemaLocation="https://maven.apache.org/surefire/maven-failsafe-plugin/xsd/failsafe-test-report-3.0.xsd" version="3.0" name="starter.CucumberTestSuite" time="57.297" tests="5" errors="0" skipped="0" failures="0">
  <properties>
    <property name="java.specification.version" value="19"/>
    <property name="webdriver.chrome.driver" value="C:\Users\HP\.cache\selenium\chromedriver\win32\112.0.5615.49\chromedriver.exe"/>
    <property name="sun.cpu.isalist" value="amd64"/>
    <property name="sun.jnu.encoding" value="Cp1252"/>
    <property name="java.class.path" value="C:\Dev\api-automation-alta-master\ALTASHOP WEB AUTOMATION\target\test-classes;C:\Users\HP\.m2\repository\net\serenity-bdd\serenity-core\3.5.1\serenity-core-3.5.1.jar;C:\Users\HP\.m2\repository\net\serenity-bdd\serenity-model\3.5.1\serenity-model-3.5.1.jar;C:\Users\HP\.m2\repository\org\apache\commons\commons-text\1.10.0\commons-text-1.10.0.jar;C:\Users\HP\.m2\repository\commons-net\commons-net\3.8.0\commons-net-3.8.0.jar;C:\Users\HP\.m2\repository\com\google\guava\guava\31.1-jre\guava-31.1-jre.jar;C:\Users\HP\.m2\repository\com\google\guava\failureaccess\1.0.1\failureaccess-1.0.1.jar;C:\Users\HP\.m2\repository\com\google\guava\listenablefuture\9999.0-empty-to-avoid-conflict-with-guava\listenablefuture-9999.0-empty-to-avoid-conflict-with-guava.jar;C:\Users\HP\.m2\repository\com\google\code\findbugs\jsr305\3.0.2\jsr305-3.0.2.jar;C:\Users\HP\.m2\repository\org\checkerframework\checker-qual\3.12.0\checker-qual-3.12.0.jar;C:\Users\HP\.m2\repository\com\google\errorprone\error_prone_annotations\2.11.0\error_prone_annotations-2.11.0.jar;C:\Users\HP\.m2\repository\com\google\j2objc\j2objc-annotations\1.3\j2objc-annotations-1.3.jar;C:\Users\HP\.m2\repository\com\google\inject\guice\5.1.0\guice-5.1.0.jar;C:\Users\HP\.m2\repository\javax\inject\javax.inject\1\javax.inject-1.jar;C:\Users\HP\.m2\repository\aopalliance\aopalliance\1.0\aopalliance-1.0.jar;C:\Users\HP\.m2\repository\org\jsoup\jsoup\1.14.3\jsoup-1.14.3.jar;C:\Users\HP\.m2\repository\com\thoughtworks\xstream\xstream\1.4.19\xstream-1.4.19.jar;C:\Users\HP\.m2\repository\io\github\x-stream\mxparser\1.2.2\mxparser-1.2.2.jar;C:\Users\HP\.m2\repository\xmlpull\xmlpull\1.1.3.1\xmlpull-1.1.3.1.jar;C:\Users\HP\.m2\repository\com\typesafe\config\1.4.2\config-1.4.2.jar;C:\Users\HP\.m2\repository\org\imgscalr\imgscalr-lib\4.2\imgscalr-lib-4.2.jar;C:\Users\HP\.m2\repository\org\awaitility\awaitility\4.2.0\awaitility-4.2.0.jar;C:\Users\HP\.m2\repository\org\freemarker\freemarker\2.3.31\freemarker-2.3.31.jar;C:\Users\HP\.m2\repository\io\github\classgraph\classgraph\4.8.138\classgraph-4.8.138.jar;C:\Users\HP\.m2\repository\net\sourceforge\jexcelapi\jxl\2.6.12\jxl-2.6.12.jar;C:\Users\HP\.m2\repository\net\bytebuddy\byte-buddy-agent\1.12.18\byte-buddy-agent-1.12.18.jar;C:\Users\HP\.m2\repository\org\objenesis\objenesis\3.1\objenesis-3.1.jar;C:\Users\HP\.m2\repository\net\serenity-bdd\serenity-reports\3.5.1\serenity-reports-3.5.1.jar;C:\Users\HP\.m2\repository\net\serenity-bdd\serenity-stats\3.5.1\serenity-stats-3.5.1.jar;C:\Users\HP\.m2\repository\net\serenity-bdd\serenity-reports-configuration\3.5.1\serenity-reports-configuration-3.5.1.jar;C:\Users\HP\.m2\repository\com\vladsch\flexmark\flexmark-all\0.34.30\flexmark-all-0.34.30.jar;C:\Users\HP\.m2\repository\com\vladsch\flexmark\flexmark\0.34.30\flexmark-0.34.30.jar;C:\Users\HP\.m2\repository\com\vladsch\flexmark\flexmark-ext-abbreviation\0.34.30\flexmark-ext-abbreviation-0.34.30.jar;C:\Users\HP\.m2\repository\com\vladsch\flexmark\flexmark-ext-admonition\0.34.30\flexmark-ext-admonition-0.34.30.jar;C:\Users\HP\.m2\repository\com\vladsch\flexmark\flexmark-ext-anchorlink\0.34.30\flexmark-ext-anchorlink-0.34.30.jar;C:\Users\HP\.m2\repository\com\vladsch\flexmark\flexmark-ext-aside\0.34.30\flexmark-ext-aside-0.34.30.jar;C:\Users\HP\.m2\repository\com\vladsch\flexmark\flexmark-ext-attributes\0.34.30\flexmark-ext-attributes-0.34.30.jar;C:\Users\HP\.m2\repository\com\vladsch\flexmark\flexmark-ext-autolink\0.34.30\flexmark-ext-autolink-0.34.30.jar;C:\Users\HP\.m2\repository\org\nibor\autolink\autolink\0.6.0\autolink-0.6.0.jar;C:\Users\HP\.m2\repository\com\vladsch\flexmark\flexmark-ext-definition\0.34.30\flexmark-ext-definition-0.34.30.jar;C:\Users\HP\.m2\repository\com\vladsch\flexmark\flexmark-ext-emoji\0.34.30\flexmark-ext-emoji-0.34.30.jar;C:\Users\HP\.m2\repository\com\vladsch\flexmark\flexmark-ext-enumerated-reference\0.34.30\flexmark-ext-enumerated-reference-0.34.30.jar;C:\Users\HP\.m2\repository\com\vladsch\flexmark\flexmark-ext-escaped-character\0.34.30\flexmark-ext-escaped-character-0.34.30.jar;C:\Users\HP\.m2\repository\com\vladsch\flexmark\flexmark-ext-footnotes\0.34.30\flexmark-ext-footnotes-0.34.30.jar;C:\Users\HP\.m2\repository\com\vladsch\flexmark\flexmark-ext-gfm-issues\0.34.30\flexmark-ext-gfm-issues-0.34.30.jar;C:\Users\HP\.m2\repository\com\vladsch\flexmark\flexmark-ext-gfm-strikethrough\0.34.30\flexmark-ext-gfm-strikethrough-0.34.30.jar;C:\Users\HP\.m2\repository\com\vladsch\flexmark\flexmark-ext-gfm-tables\0.34.30\flexmark-ext-gfm-tables-0.34.30.jar;C:\Users\HP\.m2\repository\com\vladsch\flexmark\flexmark-ext-gfm-tasklist\0.34.30\flexmark-ext-gfm-tasklist-0.34.30.jar;C:\Users\HP\.m2\repository\com\vladsch\flexmark\flexmark-ext-gfm-users\0.34.30\flexmark-ext-gfm-users-0.34.30.jar;C:\Users\HP\.m2\repository\com\vladsch\flexmark\flexmark-ext-gitlab\0.34.30\flexmark-ext-gitlab-0.34.30.jar;C:\Users\HP\.m2\repository\com\vladsch\flexmark\flexmark-ext-jekyll-front-matter\0.34.30\flexmark-ext-jekyll-front-matter-0.34.30.jar;C:\Users\HP\.m2\repository\com\vladsch\flexmark\flexmark-ext-jekyll-tag\0.34.30\flexmark-ext-jekyll-tag-0.34.30.jar;C:\Users\HP\.m2\repository\com\vladsch\flexmark\flexmark-ext-media-tags\0.34.30\flexmark-ext-media-tags-0.34.30.jar;C:\Users\HP\.m2\repository\com\vladsch\flexmark\flexmark-test-util\0.34.30\flexmark-test-util-0.34.30.jar;C:\Users\HP\.m2\repository\com\vladsch\flexmark\flexmark-ext-ins\0.34.30\flexmark-ext-ins-0.34.30.jar;C:\Users\HP\.m2\repository\com\vladsch\flexmark\flexmark-ext-xwiki-macros\0.34.30\flexmark-ext-xwiki-macros-0.34.30.jar;C:\Users\HP\.m2\repository\com\vladsch\flexmark\flexmark-ext-superscript\0.34.30\flexmark-ext-superscript-0.34.30.jar;C:\Users\HP\.m2\repository\com\vladsch\flexmark\flexmark-ext-tables\0.34.30\flexmark-ext-tables-0.34.30.jar;C:\Users\HP\.m2\repository\com\vladsch\flexmark\flexmark-ext-toc\0.34.30\flexmark-ext-toc-0.34.30.jar;C:\Users\HP\.m2\repository\com\vladsch\flexmark\flexmark-ext-typographic\0.34.30\flexmark-ext-typographic-0.34.30.jar;C:\Users\HP\.m2\repository\com\vladsch\flexmark\flexmark-ext-wikilink\0.34.30\flexmark-ext-wikilink-0.34.30.jar;C:\Users\HP\.m2\repository\com\vladsch\flexmark\flexmark-ext-yaml-front-matter\0.34.30\flexmark-ext-yaml-front-matter-0.34.30.jar;C:\Users\HP\.m2\repository\com\vladsch\flexmark\flexmark-ext-youtube-embedded\0.34.30\flexmark-ext-youtube-embedded-0.34.30.jar;C:\Users\HP\.m2\repository\com\vladsch\flexmark\flexmark-formatter\0.34.30\flexmark-formatter-0.34.30.jar;C:\Users\HP\.m2\repository\com\vladsch\flexmark\flexmark-html-parser\0.34.30\flexmark-html-parser-0.34.30.jar;C:\Users\HP\.m2\repository\com\vladsch\flexmark\flexmark-jira-converter\0.34.30\flexmark-jira-converter-0.34.30.jar;C:\Users\HP\.m2\repository\com\vladsch\flexmark\flexmark-pdf-converter\0.34.30\flexmark-pdf-converter-0.34.30.jar;C:\Users\HP\.m2\repository\com\openhtmltopdf\openhtmltopdf-core\0.0.1-RC13\openhtmltopdf-core-0.0.1-RC13.jar;C:\Users\HP\.m2\repository\com\openhtmltopdf\openhtmltopdf-pdfbox\0.0.1-RC13\openhtmltopdf-pdfbox-0.0.1-RC13.jar;C:\Users\HP\.m2\repository\org\apache\pdfbox\pdfbox\2.0.8\pdfbox-2.0.8.jar;C:\Users\HP\.m2\repository\org\apache\pdfbox\fontbox\2.0.8\fontbox-2.0.8.jar;C:\Users\HP\.m2\repository\org\apache\pdfbox\xmpbox\2.0.8\xmpbox-2.0.8.jar;C:\Users\HP\.m2\repository\de\rototor\pdfbox\graphics2d\0.12\graphics2d-0.12.jar;C:\Users\HP\.m2\repository\com\openhtmltopdf\openhtmltopdf-rtl-support\0.0.1-RC13\openhtmltopdf-rtl-support-0.0.1-RC13.jar;C:\Users\HP\.m2\repository\com\ibm\icu\icu4j\59.1\icu4j-59.1.jar;C:\Users\HP\.m2\repository\com\openhtmltopdf\openhtmltopdf-jsoup-dom-converter\0.0.1-RC13\openhtmltopdf-jsoup-dom-converter-0.0.1-RC13.jar;C:\Users\HP\.m2\repository\com\vladsch\flexmark\flexmark-profile-pegdown\0.34.30\flexmark-profile-pegdown-0.34.30.jar;C:\Users\HP\.m2\repository\com\vladsch\flexmark\flexmark-util\0.34.30\flexmark-util-0.34.30.jar;C:\Users\HP\.m2\repository\com\vladsch\flexmark\flexmark-youtrack-converter\0.34.30\flexmark-youtrack-converter-0.34.30.jar;C:\Users\HP\.m2\repository\es\nitaur\markdown\txtmark\0.16\txtmark-0.16.jar;C:\Users\HP\.m2\repository\net\serenity-bdd\serenity-report-resources\3.5.1\serenity-report-resources-3.5.1.jar;C:\Users\HP\.m2\repository\com\google\code\gson\gson\2.9.0\gson-2.9.0.jar;C:\Users\HP\.m2\repository\com\fasterxml\jackson\core\jackson-core\2.13.4\jackson-core-2.13.4.jar;C:\Users\HP\.m2\repository\com\fasterxml\jackson\core\jackson-databind\2.13.4\jackson-databind-2.13.4.jar;C:\Users\HP\.m2\repository\com\fasterxml\jackson\core\jackson-annotations\2.13.4\jackson-annotations-2.13.4.jar;C:\Users\HP\.m2\repository\commons-codec\commons-codec\1.15\commons-codec-1.15.jar;C:\Users\HP\.m2\repository\commons-io\commons-io\2.11.0\commons-io-2.11.0.jar;C:\Users\HP\.m2\repository\org\apache\httpcomponents\httpclient\4.5.13\httpclient-4.5.13.jar;C:\Users\HP\.m2\repository\org\apache\httpcomponents\httpcore\4.4.13\httpcore-4.4.13.jar;C:\Users\HP\.m2\repository\commons-logging\commons-logging\1.2\commons-logging-1.2.jar;C:\Users\HP\.m2\repository\org\seleniumhq\selenium\selenium-java\4.7.1\selenium-java-4.7.1.jar;C:\Users\HP\.m2\repository\org\seleniumhq\selenium\selenium-devtools-v106\4.7.1\selenium-devtools-v106-4.7.1.jar;C:\Users\HP\.m2\repository\org\seleniumhq\selenium\selenium-devtools-v107\4.7.1\selenium-devtools-v107-4.7.1.jar;C:\Users\HP\.m2\repository\org\seleniumhq\selenium\selenium-devtools-v108\4.7.1\selenium-devtools-v108-4.7.1.jar;C:\Users\HP\.m2\repository\org\seleniumhq\selenium\selenium-devtools-v85\4.7.1\selenium-devtools-v85-4.7.1.jar;C:\Users\HP\.m2\repository\org\seleniumhq\selenium\selenium-remote-driver\4.7.1\selenium-remote-driver-4.7.1.jar;C:\Users\HP\.m2\repository\com\beust\jcommander\1.82\jcommander-1.82.jar;C:\Users\HP\.m2\repository\io\netty\netty-buffer\4.1.84.Final\netty-buffer-4.1.84.Final.jar;C:\Users\HP\.m2\repository\io\netty\netty-codec-http\4.1.84.Final\netty-codec-http-4.1.84.Final.jar;C:\Users\HP\.m2\repository\io\netty\netty-codec\4.1.84.Final\netty-codec-4.1.84.Final.jar;C:\Users\HP\.m2\repository\io\netty\netty-handler\4.1.84.Final\netty-handler-4.1.84.Final.jar;C:\Users\HP\.m2\repository\io\netty\netty-common\4.1.84.Final\netty-common-4.1.84.Final.jar;C:\Users\HP\.m2\repository\io\netty\netty-transport-classes-epoll\4.1.84.Final\netty-transport-classes-epoll-4.1.84.Final.jar;C:\Users\HP\.m2\repository\io\netty\netty-transport-classes-kqueue\4.1.84.Final\netty-transport-classes-kqueue-4.1.84.Final.jar;C:\Users\HP\.m2\repository\io\netty\netty-transport-native-epoll\4.1.84.Final\netty-transport-native-epoll-4.1.84.Final.jar;C:\Users\HP\.m2\repository\io\netty\netty-transport-native-kqueue\4.1.84.Final\netty-transport-native-kqueue-4.1.84.Final.jar;C:\Users\HP\.m2\repository\io\netty\netty-transport-native-unix-common\4.1.84.Final\netty-transport-native-unix-common-4.1.84.Final.jar;C:\Users\HP\.m2\repository\io\netty\netty-transport\4.1.84.Final\netty-transport-4.1.84.Final.jar;C:\Users\HP\.m2\repository\io\netty\netty-resolver\4.1.84.Final\netty-resolver-4.1.84.Final.jar;C:\Users\HP\.m2\repository\io\opentelemetry\opentelemetry-api\1.19.0\opentelemetry-api-1.19.0.jar;C:\Users\HP\.m2\repository\io\opentelemetry\opentelemetry-context\1.19.0\opentelemetry-context-1.19.0.jar;C:\Users\HP\.m2\repository\io\opentelemetry\opentelemetry-exporter-logging\1.19.0\opentelemetry-exporter-logging-1.19.0.jar;C:\Users\HP\.m2\repository\io\opentelemetry\opentelemetry-sdk-metrics\1.19.0\opentelemetry-sdk-metrics-1.19.0.jar;C:\Users\HP\.m2\repository\io\opentelemetry\opentelemetry-sdk-logs\1.19.0-alpha\opentelemetry-sdk-logs-1.19.0-alpha.jar;C:\Users\HP\.m2\repository\io\opentelemetry\opentelemetry-api-logs\1.19.0-alpha\opentelemetry-api-logs-1.19.0-alpha.jar;C:\Users\HP\.m2\repository\io\opentelemetry\opentelemetry-sdk-common\1.19.0\opentelemetry-sdk-common-1.19.0.jar;C:\Users\HP\.m2\repository\io\opentelemetry\opentelemetry-sdk-extension-autoconfigure-spi\1.19.0\opentelemetry-sdk-extension-autoconfigure-spi-1.19.0.jar;C:\Users\HP\.m2\repository\io\opentelemetry\opentelemetry-sdk-extension-autoconfigure\1.19.0-alpha\opentelemetry-sdk-extension-autoconfigure-1.19.0-alpha.jar;C:\Users\HP\.m2\repository\io\opentelemetry\opentelemetry-exporter-common\1.19.0\opentelemetry-exporter-common-1.19.0.jar;C:\Users\HP\.m2\repository\io\opentelemetry\opentelemetry-sdk-trace\1.19.0\opentelemetry-sdk-trace-1.19.0.jar;C:\Users\HP\.m2\repository\io\opentelemetry\opentelemetry-sdk\1.19.0\opentelemetry-sdk-1.19.0.jar;C:\Users\HP\.m2\repository\io\opentelemetry\opentelemetry-semconv\1.19.0-alpha\opentelemetry-semconv-1.19.0-alpha.jar;C:\Users\HP\.m2\repository\io\ous\jtoml\2.0.0\jtoml-2.0.0.jar;C:\Users\HP\.m2\repository\org\apache\commons\commons-exec\1.3\commons-exec-1.3.jar;C:\Users\HP\.m2\repository\org\asynchttpclient\async-http-client\2.12.3\async-http-client-2.12.3.jar;C:\Users\HP\.m2\repository\org\asynchttpclient\async-http-client-netty-utils\2.12.3\async-http-client-netty-utils-2.12.3.jar;C:\Users\HP\.m2\repository\io\netty\netty-codec-socks\4.1.60.Final\netty-codec-socks-4.1.60.Final.jar;C:\Users\HP\.m2\repository\io\netty\netty-handler-proxy\4.1.60.Final\netty-handler-proxy-4.1.60.Final.jar;C:\Users\HP\.m2\repository\io\netty\netty-transport-native-epoll\4.1.60.Final\netty-transport-native-epoll-4.1.60.Final-linux-x86_64.jar;C:\Users\HP\.m2\repository\io\netty\netty-transport-native-kqueue\4.1.60.Final\netty-transport-native-kqueue-4.1.60.Final-osx-x86_64.jar;C:\Users\HP\.m2\repository\org\reactivestreams\reactive-streams\1.0.3\reactive-streams-1.0.3.jar;C:\Users\HP\.m2\repository\com\typesafe\netty\netty-reactive-streams\2.0.4\netty-reactive-streams-2.0.4.jar;C:\Users\HP\.m2\repository\org\seleniumhq\selenium\selenium-manager\4.7.1\selenium-manager-4.7.1.jar;C:\Users\HP\.m2\repository\org\seleniumhq\selenium\selenium-safari-driver\4.7.1\selenium-safari-driver-4.7.1.jar;C:\Users\HP\.m2\repository\org\seleniumhq\selenium\selenium-api\4.7.1\selenium-api-4.7.1.jar;C:\Users\HP\.m2\repository\org\seleniumhq\selenium\selenium-support\4.7.1\selenium-support-4.7.1.jar;C:\Users\HP\.m2\repository\com\google\auto\service\auto-service-annotations\1.0.1\auto-service-annotations-1.0.1.jar;C:\Users\HP\.m2\repository\com\google\auto\service\auto-service\1.0.1\auto-service-1.0.1.jar;C:\Users\HP\.m2\repository\com\google\auto\auto-common\1.2\auto-common-1.2.jar;C:\Users\HP\.m2\repository\org\seleniumhq\selenium\selenium-json\4.7.1\selenium-json-4.7.1.jar;C:\Users\HP\.m2\repository\org\seleniumhq\selenium\selenium-chrome-driver\4.7.1\selenium-chrome-driver-4.7.1.jar;C:\Users\HP\.m2\repository\org\seleniumhq\selenium\selenium-chromium-driver\4.7.1\selenium-chromium-driver-4.7.1.jar;C:\Users\HP\.m2\repository\org\seleniumhq\selenium\selenium-firefox-driver\4.7.1\selenium-firefox-driver-4.7.1.jar;C:\Users\HP\.m2\repository\org\seleniumhq\selenium\selenium-http\4.7.1\selenium-http-4.7.1.jar;C:\Users\HP\.m2\repository\dev\failsafe\failsafe\3.3.0\failsafe-3.3.0.jar;C:\Users\HP\.m2\repository\org\seleniumhq\selenium\selenium-edge-driver\4.7.1\selenium-edge-driver-4.7.1.jar;C:\Users\HP\.m2\repository\org\seleniumhq\selenium\selenium-ie-driver\4.7.1\selenium-ie-driver-4.7.1.jar;C:\Users\HP\.m2\repository\org\projectlombok\lombok\1.18.20\lombok-1.18.20.jar;C:\Users\HP\.m2\repository\io\appium\java-client\8.3.0\java-client-8.3.0.jar;C:\Users\HP\.m2\repository\commons-validator\commons-validator\1.7\commons-validator-1.7.jar;C:\Users\HP\.m2\repository\commons-digester\commons-digester\2.1\commons-digester-2.1.jar;C:\Users\HP\.m2\repository\org\apache\groovy\groovy\4.0.6\groovy-4.0.6.jar;C:\Users\HP\.m2\repository\net\sf\opencsv\opencsv\2.0\opencsv-2.0.jar;C:\Users\HP\.m2\repository\commons-beanutils\commons-beanutils\1.9.4\commons-beanutils-1.9.4.jar;C:\Users\HP\.m2\repository\org\apache\commons\commons-lang3\3.12.0\commons-lang3-3.12.0.jar;C:\Users\HP\.m2\repository\commons-collections\commons-collections\3.2.2\commons-collections-3.2.2.jar;C:\Users\HP\.m2\repository\org\fluentlenium\fluentlenium-core\0.10.2\fluentlenium-core-0.10.2.jar;C:\Users\HP\.m2\repository\io\github\bonigarcia\webdrivermanager\5.3.0\webdrivermanager-5.3.0.jar;C:\Users\HP\.m2\repository\com\github\docker-java\docker-java\3.2.13\docker-java-3.2.13.jar;C:\Users\HP\.m2\repository\com\github\docker-java\docker-java-core\3.2.13\docker-java-core-3.2.13.jar;C:\Users\HP\.m2\repository\com\github\docker-java\docker-java-api\3.2.13\docker-java-api-3.2.13.jar;C:\Users\HP\.m2\repository\org\apache\commons\commons-compress\1.21\commons-compress-1.21.jar;C:\Users\HP\.m2\repository\org\bouncycastle\bcpkix-jdk15on\1.64\bcpkix-jdk15on-1.64.jar;C:\Users\HP\.m2\repository\org\bouncycastle\bcprov-jdk15on\1.64\bcprov-jdk15on-1.64.jar;C:\Users\HP\.m2\repository\org\slf4j\jcl-over-slf4j\1.7.30\jcl-over-slf4j-1.7.30.jar;C:\Users\HP\.m2\repository\com\github\docker-java\docker-java-transport-httpclient5\3.2.13\docker-java-transport-httpclient5-3.2.13.jar;C:\Users\HP\.m2\repository\com\github\docker-java\docker-java-transport\3.2.13\docker-java-transport-3.2.13.jar;C:\Users\HP\.m2\repository\net\java\dev\jna\jna\5.8.0\jna-5.8.0.jar;C:\Users\HP\.m2\repository\org\brotli\dec\0.1.2\dec-0.1.2.jar;C:\Users\HP\.m2\repository\org\apache\httpcomponents\client5\httpclient5\5.1.3\httpclient5-5.1.3.jar;C:\Users\HP\.m2\repository\org\apache\httpcomponents\core5\httpcore5\5.1.3\httpcore5-5.1.3.jar;C:\Users\HP\.m2\repository\org\apache\httpcomponents\core5\httpcore5-h2\5.1.3\httpcore5-h2-5.1.3.jar;C:\Users\HP\.m2\repository\com\jhlabs\filters\2.0.235\filters-2.0.235.jar;C:\Users\HP\.m2\repository\com\paulhammant\ngwebdriver\1.1.6\ngwebdriver-1.1.6.jar;C:\Users\HP\.m2\repository\joda-time\joda-time\2.8.2\joda-time-2.8.2.jar;C:\Users\HP\.m2\repository\org\hamcrest\hamcrest\2.2\hamcrest-2.2.jar;C:\Users\HP\.m2\repository\com\google\jimfs\jimfs\1.2\jimfs-1.2.jar;C:\Users\HP\.m2\repository\org\mockito\mockito-core\3.3.3\mockito-core-3.3.3.jar;C:\Users\HP\.m2\repository\javax\xml\bind\jaxb-api\2.3.1\jaxb-api-2.3.1.jar;C:\Users\HP\.m2\repository\javax\activation\javax.activation-api\1.2.0\javax.activation-api-1.2.0.jar;C:\Users\HP\.m2\repository\com\sun\xml\bind\jaxb-core\2.3.0.1\jaxb-core-2.3.0.1.jar;C:\Users\HP\.m2\repository\com\sun\xml\bind\jaxb-impl\2.3.3\jaxb-impl-2.3.3.jar;C:\Users\HP\.m2\repository\jakarta\xml\bind\jakarta.xml.bind-api\2.3.3\jakarta.xml.bind-api-2.3.3.jar;C:\Users\HP\.m2\repository\com\sun\activation\jakarta.activation\1.2.2\jakarta.activation-1.2.2.jar;C:\Users\HP\.m2\repository\javax\activation\activation\1.1.1\activation-1.1.1.jar;C:\Users\HP\.m2\repository\net\serenity-bdd\serenity-cucumber\3.5.1\serenity-cucumber-3.5.1.jar;C:\Users\HP\.m2\repository\io\cucumber\cucumber-core\7.8.1\cucumber-core-7.8.1.jar;C:\Users\HP\.m2\repository\io\cucumber\cucumber-gherkin\7.8.1\cucumber-gherkin-7.8.1.jar;C:\Users\HP\.m2\repository\io\cucumber\cucumber-gherkin-messages\7.8.1\cucumber-gherkin-messages-7.8.1.jar;C:\Users\HP\.m2\repository\io\cucumber\gherkin\24.0.0\gherkin-24.0.0.jar;C:\Users\HP\.m2\repository\io\cucumber\messages\19.1.4\messages-19.1.4.jar;C:\Users\HP\.m2\repository\io\cucumber\tag-expressions\4.1.0\tag-expressions-4.1.0.jar;C:\Users\HP\.m2\repository\io\cucumber\cucumber-expressions\16.0.0\cucumber-expressions-16.0.0.jar;C:\Users\HP\.m2\repository\io\cucumber\datatable\7.8.1\datatable-7.8.1.jar;C:\Users\HP\.m2\repository\io\cucumber\cucumber-plugin\7.8.1\cucumber-plugin-7.8.1.jar;C:\Users\HP\.m2\repository\io\cucumber\docstring\7.8.1\docstring-7.8.1.jar;C:\Users\HP\.m2\repository\io\cucumber\html-formatter\20.1.0\html-formatter-20.1.0.jar;C:\Users\HP\.m2\repository\io\cucumber\ci-environment\9.1.0\ci-environment-9.1.0.jar;C:\Users\HP\.m2\repository\io\cucumber\cucumber-java\7.8.1\cucumber-java-7.8.1.jar;C:\Users\HP\.m2\repository\io\cucumber\cucumber-junit\7.8.1\cucumber-junit-7.8.1.jar;C:\Users\HP\.m2\repository\org\apache\commons\commons-csv\1.5\commons-csv-1.5.jar;C:\Users\HP\.m2\repository\net\serenity-bdd\serenity-screenplay\3.5.1\serenity-screenplay-3.5.1.jar;C:\Users\HP\.m2\repository\net\serenity-bdd\serenity-screenplay-webdriver\3.5.1\serenity-screenplay-webdriver-3.5.1.jar;C:\Users\HP\.m2\repository\net\serenity-bdd\serenity-ensure\3.5.1\serenity-ensure-3.5.1.jar;C:\Users\HP\.m2\repository\net\serenity-bdd\serenity-junit\3.5.1\serenity-junit-3.5.1.jar;C:\Users\HP\.m2\repository\org\jetbrains\kotlin\kotlin-stdlib\1.7.21\kotlin-stdlib-1.7.21.jar;C:\Users\HP\.m2\repository\org\jetbrains\kotlin\kotlin-stdlib-common\1.7.21\kotlin-stdlib-common-1.7.21.jar;C:\Users\HP\.m2\repository\org\jetbrains\annotations\13.0\annotations-13.0.jar;C:\Users\HP\.m2\repository\org\junit\platform\junit-platform-launcher\1.8.2\junit-platform-launcher-1.8.2.jar;C:\Users\HP\.m2\repository\org\junit\platform\junit-platform-engine\1.8.2\junit-platform-engine-1.8.2.jar;C:\Users\HP\.m2\repository\org\opentest4j\opentest4j\1.2.0\opentest4j-1.2.0.jar;C:\Users\HP\.m2\repository\org\junit\platform\junit-platform-commons\1.8.2\junit-platform-commons-1.8.2.jar;C:\Users\HP\.m2\repository\org\apiguardian\apiguardian-api\1.1.2\apiguardian-api-1.1.2.jar;C:\Users\HP\.m2\repository\org\junit\jupiter\junit-jupiter-engine\5.8.2\junit-jupiter-engine-5.8.2.jar;C:\Users\HP\.m2\repository\org\junit\jupiter\junit-jupiter-api\5.8.2\junit-jupiter-api-5.8.2.jar;C:\Users\HP\.m2\repository\org\junit\vintage\junit-vintage-engine\5.8.2\junit-vintage-engine-5.8.2.jar;C:\Users\HP\.m2\repository\junit\junit\4.13.2\junit-4.13.2.jar;C:\Users\HP\.m2\repository\org\hamcrest\hamcrest-core\1.3\hamcrest-core-1.3.jar;C:\Users\HP\.m2\repository\ch\qos\logback\logback-classic\1.2.10\logback-classic-1.2.10.jar;C:\Users\HP\.m2\repository\ch\qos\logback\logback-core\1.2.10\logback-core-1.2.10.jar;C:\Users\HP\.m2\repository\org\slf4j\slf4j-api\1.7.32\slf4j-api-1.7.32.jar;C:\Users\HP\.m2\repository\org\assertj\assertj-core\3.23.1\assertj-core-3.23.1.jar;C:\Users\HP\.m2\repository\net\bytebuddy\byte-buddy\1.12.10\byte-buddy-1.12.10.jar;"/>
    <property name="java.vm.vendor" value="Oracle Corporation"/>
    <property name="sun.arch.data.model" value="64"/>
    <property name="user.variant" value=""/>
    <property name="java.vendor.url" value="https://java.oracle.com/"/>
    <property name="user.timezone" value="Asia/Jakarta"/>
    <property name="log4j2.formatMsgNoLookups" value="true"/>
    <property name="os.name" value="Windows 11"/>
    <property name="java.vm.specification.version" value="19"/>
    <property name="sun.java.launcher" value="SUN_STANDARD"/>
    <property name="user.country" value="ID"/>
    <property name="sun.boot.library.path" value="C:\Program Files\Java\jdk-19\bin"/>
    <property name="sun.java.command" value="org.apache.maven.surefire.booter.ForkedBooter C:\Users\HP\AppData\Local\Temp\surefire12442303874810655014 2023-05-06T19-53-42_100-jvmRun1 surefire5172682052748566758tmp surefire_07788541841018893530tmp"/>
    <property name="jdk.debug" value="release"/>
    <property name="surefire.test.class.path" value="C:\Dev\api-automation-alta-master\ALTASHOP WEB AUTOMATION\target\test-classes;C:\Users\HP\.m2\repository\net\serenity-bdd\serenity-core\3.5.1\serenity-core-3.5.1.jar;C:\Users\HP\.m2\repository\net\serenity-bdd\serenity-model\3.5.1\serenity-model-3.5.1.jar;C:\Users\HP\.m2\repository\org\apache\commons\commons-text\1.10.0\commons-text-1.10.0.jar;C:\Users\HP\.m2\repository\commons-net\commons-net\3.8.0\commons-net-3.8.0.jar;C:\Users\HP\.m2\repository\com\google\guava\guava\31.1-jre\guava-31.1-jre.jar;C:\Users\HP\.m2\repository\com\google\guava\failureaccess\1.0.1\failureaccess-1.0.1.jar;C:\Users\HP\.m2\repository\com\google\guava\listenablefuture\9999.0-empty-to-avoid-conflict-with-guava\listenablefuture-9999.0-empty-to-avoid-conflict-with-guava.jar;C:\Users\HP\.m2\repository\com\google\code\findbugs\jsr305\3.0.2\jsr305-3.0.2.jar;C:\Users\HP\.m2\repository\org\checkerframework\checker-qual\3.12.0\checker-qual-3.12.0.jar;C:\Users\HP\.m2\repository\com\google\errorprone\error_prone_annotations\2.11.0\error_prone_annotations-2.11.0.jar;C:\Users\HP\.m2\repository\com\google\j2objc\j2objc-annotations\1.3\j2objc-annotations-1.3.jar;C:\Users\HP\.m2\repository\com\google\inject\guice\5.1.0\guice-5.1.0.jar;C:\Users\HP\.m2\repository\javax\inject\javax.inject\1\javax.inject-1.jar;C:\Users\HP\.m2\repository\aopalliance\aopalliance\1.0\aopalliance-1.0.jar;C:\Users\HP\.m2\repository\org\jsoup\jsoup\1.14.3\jsoup-1.14.3.jar;C:\Users\HP\.m2\repository\com\thoughtworks\xstream\xstream\1.4.19\xstream-1.4.19.jar;C:\Users\HP\.m2\repository\io\github\x-stream\mxparser\1.2.2\mxparser-1.2.2.jar;C:\Users\HP\.m2\repository\xmlpull\xmlpull\1.1.3.1\xmlpull-1.1.3.1.jar;C:\Users\HP\.m2\repository\com\typesafe\config\1.4.2\config-1.4.2.jar;C:\Users\HP\.m2\repository\org\imgscalr\imgscalr-lib\4.2\imgscalr-lib-4.2.jar;C:\Users\HP\.m2\repository\org\awaitility\awaitility\4.2.0\awaitility-4.2.0.jar;C:\Users\HP\.m2\repository\org\freemarker\freemarker\2.3.31\freemarker-2.3.31.jar;C:\Users\HP\.m2\repository\io\github\classgraph\classgraph\4.8.138\classgraph-4.8.138.jar;C:\Users\HP\.m2\repository\net\sourceforge\jexcelapi\jxl\2.6.12\jxl-2.6.12.jar;C:\Users\HP\.m2\repository\net\bytebuddy\byte-buddy-agent\1.12.18\byte-buddy-agent-1.12.18.jar;C:\Users\HP\.m2\repository\org\objenesis\objenesis\3.1\objenesis-3.1.jar;C:\Users\HP\.m2\repository\net\serenity-bdd\serenity-reports\3.5.1\serenity-reports-3.5.1.jar;C:\Users\HP\.m2\repository\net\serenity-bdd\serenity-stats\3.5.1\serenity-stats-3.5.1.jar;C:\Users\HP\.m2\repository\net\serenity-bdd\serenity-reports-configuration\3.5.1\serenity-reports-configuration-3.5.1.jar;C:\Users\HP\.m2\repository\com\vladsch\flexmark\flexmark-all\0.34.30\flexmark-all-0.34.30.jar;C:\Users\HP\.m2\repository\com\vladsch\flexmark\flexmark\0.34.30\flexmark-0.34.30.jar;C:\Users\HP\.m2\repository\com\vladsch\flexmark\flexmark-ext-abbreviation\0.34.30\flexmark-ext-abbreviation-0.34.30.jar;C:\Users\HP\.m2\repository\com\vladsch\flexmark\flexmark-ext-admonition\0.34.30\flexmark-ext-admonition-0.34.30.jar;C:\Users\HP\.m2\repository\com\vladsch\flexmark\flexmark-ext-anchorlink\0.34.30\flexmark-ext-anchorlink-0.34.30.jar;C:\Users\HP\.m2\repository\com\vladsch\flexmark\flexmark-ext-aside\0.34.30\flexmark-ext-aside-0.34.30.jar;C:\Users\HP\.m2\repository\com\vladsch\flexmark\flexmark-ext-attributes\0.34.30\flexmark-ext-attributes-0.34.30.jar;C:\Users\HP\.m2\repository\com\vladsch\flexmark\flexmark-ext-autolink\0.34.30\flexmark-ext-autolink-0.34.30.jar;C:\Users\HP\.m2\repository\org\nibor\autolink\autolink\0.6.0\autolink-0.6.0.jar;C:\Users\HP\.m2\repository\com\vladsch\flexmark\flexmark-ext-definition\0.34.30\flexmark-ext-definition-0.34.30.jar;C:\Users\HP\.m2\repository\com\vladsch\flexmark\flexmark-ext-emoji\0.34.30\flexmark-ext-emoji-0.34.30.jar;C:\Users\HP\.m2\repository\com\vladsch\flexmark\flexmark-ext-enumerated-reference\0.34.30\flexmark-ext-enumerated-reference-0.34.30.jar;C:\Users\HP\.m2\repository\com\vladsch\flexmark\flexmark-ext-escaped-character\0.34.30\flexmark-ext-escaped-character-0.34.30.jar;C:\Users\HP\.m2\repository\com\vladsch\flexmark\flexmark-ext-footnotes\0.34.30\flexmark-ext-footnotes-0.34.30.jar;C:\Users\HP\.m2\repository\com\vladsch\flexmark\flexmark-ext-gfm-issues\0.34.30\flexmark-ext-gfm-issues-0.34.30.jar;C:\Users\HP\.m2\repository\com\vladsch\flexmark\flexmark-ext-gfm-strikethrough\0.34.30\flexmark-ext-gfm-strikethrough-0.34.30.jar;C:\Users\HP\.m2\repository\com\vladsch\flexmark\flexmark-ext-gfm-tables\0.34.30\flexmark-ext-gfm-tables-0.34.30.jar;C:\Users\HP\.m2\repository\com\vladsch\flexmark\flexmark-ext-gfm-tasklist\0.34.30\flexmark-ext-gfm-tasklist-0.34.30.jar;C:\Users\HP\.m2\repository\com\vladsch\flexmark\flexmark-ext-gfm-users\0.34.30\flexmark-ext-gfm-users-0.34.30.jar;C:\Users\HP\.m2\repository\com\vladsch\flexmark\flexmark-ext-gitlab\0.34.30\flexmark-ext-gitlab-0.34.30.jar;C:\Users\HP\.m2\repository\com\vladsch\flexmark\flexmark-ext-jekyll-front-matter\0.34.30\flexmark-ext-jekyll-front-matter-0.34.30.jar;C:\Users\HP\.m2\repository\com\vladsch\flexmark\flexmark-ext-jekyll-tag\0.34.30\flexmark-ext-jekyll-tag-0.34.30.jar;C:\Users\HP\.m2\repository\com\vladsch\flexmark\flexmark-ext-media-tags\0.34.30\flexmark-ext-media-tags-0.34.30.jar;C:\Users\HP\.m2\repository\com\vladsch\flexmark\flexmark-test-util\0.34.30\flexmark-test-util-0.34.30.jar;C:\Users\HP\.m2\repository\com\vladsch\flexmark\flexmark-ext-ins\0.34.30\flexmark-ext-ins-0.34.30.jar;C:\Users\HP\.m2\repository\com\vladsch\flexmark\flexmark-ext-xwiki-macros\0.34.30\flexmark-ext-xwiki-macros-0.34.30.jar;C:\Users\HP\.m2\repository\com\vladsch\flexmark\flexmark-ext-superscript\0.34.30\flexmark-ext-superscript-0.34.30.jar;C:\Users\HP\.m2\repository\com\vladsch\flexmark\flexmark-ext-tables\0.34.30\flexmark-ext-tables-0.34.30.jar;C:\Users\HP\.m2\repository\com\vladsch\flexmark\flexmark-ext-toc\0.34.30\flexmark-ext-toc-0.34.30.jar;C:\Users\HP\.m2\repository\com\vladsch\flexmark\flexmark-ext-typographic\0.34.30\flexmark-ext-typographic-0.34.30.jar;C:\Users\HP\.m2\repository\com\vladsch\flexmark\flexmark-ext-wikilink\0.34.30\flexmark-ext-wikilink-0.34.30.jar;C:\Users\HP\.m2\repository\com\vladsch\flexmark\flexmark-ext-yaml-front-matter\0.34.30\flexmark-ext-yaml-front-matter-0.34.30.jar;C:\Users\HP\.m2\repository\com\vladsch\flexmark\flexmark-ext-youtube-embedded\0.34.30\flexmark-ext-youtube-embedded-0.34.30.jar;C:\Users\HP\.m2\repository\com\vladsch\flexmark\flexmark-formatter\0.34.30\flexmark-formatter-0.34.30.jar;C:\Users\HP\.m2\repository\com\vladsch\flexmark\flexmark-html-parser\0.34.30\flexmark-html-parser-0.34.30.jar;C:\Users\HP\.m2\repository\com\vladsch\flexmark\flexmark-jira-converter\0.34.30\flexmark-jira-converter-0.34.30.jar;C:\Users\HP\.m2\repository\com\vladsch\flexmark\flexmark-pdf-converter\0.34.30\flexmark-pdf-converter-0.34.30.jar;C:\Users\HP\.m2\repository\com\openhtmltopdf\openhtmltopdf-core\0.0.1-RC13\openhtmltopdf-core-0.0.1-RC13.jar;C:\Users\HP\.m2\repository\com\openhtmltopdf\openhtmltopdf-pdfbox\0.0.1-RC13\openhtmltopdf-pdfbox-0.0.1-RC13.jar;C:\Users\HP\.m2\repository\org\apache\pdfbox\pdfbox\2.0.8\pdfbox-2.0.8.jar;C:\Users\HP\.m2\repository\org\apache\pdfbox\fontbox\2.0.8\fontbox-2.0.8.jar;C:\Users\HP\.m2\repository\org\apache\pdfbox\xmpbox\2.0.8\xmpbox-2.0.8.jar;C:\Users\HP\.m2\repository\de\rototor\pdfbox\graphics2d\0.12\graphics2d-0.12.jar;C:\Users\HP\.m2\repository\com\openhtmltopdf\openhtmltopdf-rtl-support\0.0.1-RC13\openhtmltopdf-rtl-support-0.0.1-RC13.jar;C:\Users\HP\.m2\repository\com\ibm\icu\icu4j\59.1\icu4j-59.1.jar;C:\Users\HP\.m2\repository\com\openhtmltopdf\openhtmltopdf-jsoup-dom-converter\0.0.1-RC13\openhtmltopdf-jsoup-dom-converter-0.0.1-RC13.jar;C:\Users\HP\.m2\repository\com\vladsch\flexmark\flexmark-profile-pegdown\0.34.30\flexmark-profile-pegdown-0.34.30.jar;C:\Users\HP\.m2\repository\com\vladsch\flexmark\flexmark-util\0.34.30\flexmark-util-0.34.30.jar;C:\Users\HP\.m2\repository\com\vladsch\flexmark\flexmark-youtrack-converter\0.34.30\flexmark-youtrack-converter-0.34.30.jar;C:\Users\HP\.m2\repository\es\nitaur\markdown\txtmark\0.16\txtmark-0.16.jar;C:\Users\HP\.m2\repository\net\serenity-bdd\serenity-report-resources\3.5.1\serenity-report-resources-3.5.1.jar;C:\Users\HP\.m2\repository\com\google\code\gson\gson\2.9.0\gson-2.9.0.jar;C:\Users\HP\.m2\repository\com\fasterxml\jackson\core\jackson-core\2.13.4\jackson-core-2.13.4.jar;C:\Users\HP\.m2\repository\com\fasterxml\jackson\core\jackson-databind\2.13.4\jackson-databind-2.13.4.jar;C:\Users\HP\.m2\repository\com\fasterxml\jackson\core\jackson-annotations\2.13.4\jackson-annotations-2.13.4.jar;C:\Users\HP\.m2\repository\commons-codec\commons-codec\1.15\commons-codec-1.15.jar;C:\Users\HP\.m2\repository\commons-io\commons-io\2.11.0\commons-io-2.11.0.jar;C:\Users\HP\.m2\repository\org\apache\httpcomponents\httpclient\4.5.13\httpclient-4.5.13.jar;C:\Users\HP\.m2\repository\org\apache\httpcomponents\httpcore\4.4.13\httpcore-4.4.13.jar;C:\Users\HP\.m2\repository\commons-logging\commons-logging\1.2\commons-logging-1.2.jar;C:\Users\HP\.m2\repository\org\seleniumhq\selenium\selenium-java\4.7.1\selenium-java-4.7.1.jar;C:\Users\HP\.m2\repository\org\seleniumhq\selenium\selenium-devtools-v106\4.7.1\selenium-devtools-v106-4.7.1.jar;C:\Users\HP\.m2\repository\org\seleniumhq\selenium\selenium-devtools-v107\4.7.1\selenium-devtools-v107-4.7.1.jar;C:\Users\HP\.m2\repository\org\seleniumhq\selenium\selenium-devtools-v108\4.7.1\selenium-devtools-v108-4.7.1.jar;C:\Users\HP\.m2\repository\org\seleniumhq\selenium\selenium-devtools-v85\4.7.1\selenium-devtools-v85-4.7.1.jar;C:\Users\HP\.m2\repository\org\seleniumhq\selenium\selenium-remote-driver\4.7.1\selenium-remote-driver-4.7.1.jar;C:\Users\HP\.m2\repository\com\beust\jcommander\1.82\jcommander-1.82.jar;C:\Users\HP\.m2\repository\io\netty\netty-buffer\4.1.84.Final\netty-buffer-4.1.84.Final.jar;C:\Users\HP\.m2\repository\io\netty\netty-codec-http\4.1.84.Final\netty-codec-http-4.1.84.Final.jar;C:\Users\HP\.m2\repository\io\netty\netty-codec\4.1.84.Final\netty-codec-4.1.84.Final.jar;C:\Users\HP\.m2\repository\io\netty\netty-handler\4.1.84.Final\netty-handler-4.1.84.Final.jar;C:\Users\HP\.m2\repository\io\netty\netty-common\4.1.84.Final\netty-common-4.1.84.Final.jar;C:\Users\HP\.m2\repository\io\netty\netty-transport-classes-epoll\4.1.84.Final\netty-transport-classes-epoll-4.1.84.Final.jar;C:\Users\HP\.m2\repository\io\netty\netty-transport-classes-kqueue\4.1.84.Final\netty-transport-classes-kqueue-4.1.84.Final.jar;C:\Users\HP\.m2\repository\io\netty\netty-transport-native-epoll\4.1.84.Final\netty-transport-native-epoll-4.1.84.Final.jar;C:\Users\HP\.m2\repository\io\netty\netty-transport-native-kqueue\4.1.84.Final\netty-transport-native-kqueue-4.1.84.Final.jar;C:\Users\HP\.m2\repository\io\netty\netty-transport-native-unix-common\4.1.84.Final\netty-transport-native-unix-common-4.1.84.Final.jar;C:\Users\HP\.m2\repository\io\netty\netty-transport\4.1.84.Final\netty-transport-4.1.84.Final.jar;C:\Users\HP\.m2\repository\io\netty\netty-resolver\4.1.84.Final\netty-resolver-4.1.84.Final.jar;C:\Users\HP\.m2\repository\io\opentelemetry\opentelemetry-api\1.19.0\opentelemetry-api-1.19.0.jar;C:\Users\HP\.m2\repository\io\opentelemetry\opentelemetry-context\1.19.0\opentelemetry-context-1.19.0.jar;C:\Users\HP\.m2\repository\io\opentelemetry\opentelemetry-exporter-logging\1.19.0\opentelemetry-exporter-logging-1.19.0.jar;C:\Users\HP\.m2\repository\io\opentelemetry\opentelemetry-sdk-metrics\1.19.0\opentelemetry-sdk-metrics-1.19.0.jar;C:\Users\HP\.m2\repository\io\opentelemetry\opentelemetry-sdk-logs\1.19.0-alpha\opentelemetry-sdk-logs-1.19.0-alpha.jar;C:\Users\HP\.m2\repository\io\opentelemetry\opentelemetry-api-logs\1.19.0-alpha\opentelemetry-api-logs-1.19.0-alpha.jar;C:\Users\HP\.m2\repository\io\opentelemetry\opentelemetry-sdk-common\1.19.0\opentelemetry-sdk-common-1.19.0.jar;C:\Users\HP\.m2\repository\io\opentelemetry\opentelemetry-sdk-extension-autoconfigure-spi\1.19.0\opentelemetry-sdk-extension-autoconfigure-spi-1.19.0.jar;C:\Users\HP\.m2\repository\io\opentelemetry\opentelemetry-sdk-extension-autoconfigure\1.19.0-alpha\opentelemetry-sdk-extension-autoconfigure-1.19.0-alpha.jar;C:\Users\HP\.m2\repository\io\opentelemetry\opentelemetry-exporter-common\1.19.0\opentelemetry-exporter-common-1.19.0.jar;C:\Users\HP\.m2\repository\io\opentelemetry\opentelemetry-sdk-trace\1.19.0\opentelemetry-sdk-trace-1.19.0.jar;C:\Users\HP\.m2\repository\io\opentelemetry\opentelemetry-sdk\1.19.0\opentelemetry-sdk-1.19.0.jar;C:\Users\HP\.m2\repository\io\opentelemetry\opentelemetry-semconv\1.19.0-alpha\opentelemetry-semconv-1.19.0-alpha.jar;C:\Users\HP\.m2\repository\io\ous\jtoml\2.0.0\jtoml-2.0.0.jar;C:\Users\HP\.m2\repository\org\apache\commons\commons-exec\1.3\commons-exec-1.3.jar;C:\Users\HP\.m2\repository\org\asynchttpclient\async-http-client\2.12.3\async-http-client-2.12.3.jar;C:\Users\HP\.m2\repository\org\asynchttpclient\async-http-client-netty-utils\2.12.3\async-http-client-netty-utils-2.12.3.jar;C:\Users\HP\.m2\repository\io\netty\netty-codec-socks\4.1.60.Final\netty-codec-socks-4.1.60.Final.jar;C:\Users\HP\.m2\repository\io\netty\netty-handler-proxy\4.1.60.Final\netty-handler-proxy-4.1.60.Final.jar;C:\Users\HP\.m2\repository\io\netty\netty-transport-native-epoll\4.1.60.Final\netty-transport-native-epoll-4.1.60.Final-linux-x86_64.jar;C:\Users\HP\.m2\repository\io\netty\netty-transport-native-kqueue\4.1.60.Final\netty-transport-native-kqueue-4.1.60.Final-osx-x86_64.jar;C:\Users\HP\.m2\repository\org\reactivestreams\reactive-streams\1.0.3\reactive-streams-1.0.3.jar;C:\Users\HP\.m2\repository\com\typesafe\netty\netty-reactive-streams\2.0.4\netty-reactive-streams-2.0.4.jar;C:\Users\HP\.m2\repository\org\seleniumhq\selenium\selenium-manager\4.7.1\selenium-manager-4.7.1.jar;C:\Users\HP\.m2\repository\org\seleniumhq\selenium\selenium-safari-driver\4.7.1\selenium-safari-driver-4.7.1.jar;C:\Users\HP\.m2\repository\org\seleniumhq\selenium\selenium-api\4.7.1\selenium-api-4.7.1.jar;C:\Users\HP\.m2\repository\org\seleniumhq\selenium\selenium-support\4.7.1\selenium-support-4.7.1.jar;C:\Users\HP\.m2\repository\com\google\auto\service\auto-service-annotations\1.0.1\auto-service-annotations-1.0.1.jar;C:\Users\HP\.m2\repository\com\google\auto\service\auto-service\1.0.1\auto-service-1.0.1.jar;C:\Users\HP\.m2\repository\com\google\auto\auto-common\1.2\auto-common-1.2.jar;C:\Users\HP\.m2\repository\org\seleniumhq\selenium\selenium-json\4.7.1\selenium-json-4.7.1.jar;C:\Users\HP\.m2\repository\org\seleniumhq\selenium\selenium-chrome-driver\4.7.1\selenium-chrome-driver-4.7.1.jar;C:\Users\HP\.m2\repository\org\seleniumhq\selenium\selenium-chromium-driver\4.7.1\selenium-chromium-driver-4.7.1.jar;C:\Users\HP\.m2\repository\org\seleniumhq\selenium\selenium-firefox-driver\4.7.1\selenium-firefox-driver-4.7.1.jar;C:\Users\HP\.m2\repository\org\seleniumhq\selenium\selenium-http\4.7.1\selenium-http-4.7.1.jar;C:\Users\HP\.m2\repository\dev\failsafe\failsafe\3.3.0\failsafe-3.3.0.jar;C:\Users\HP\.m2\repository\org\seleniumhq\selenium\selenium-edge-driver\4.7.1\selenium-edge-driver-4.7.1.jar;C:\Users\HP\.m2\repository\org\seleniumhq\selenium\selenium-ie-driver\4.7.1\selenium-ie-driver-4.7.1.jar;C:\Users\HP\.m2\repository\org\projectlombok\lombok\1.18.20\lombok-1.18.20.jar;C:\Users\HP\.m2\repository\io\appium\java-client\8.3.0\java-client-8.3.0.jar;C:\Users\HP\.m2\repository\commons-validator\commons-validator\1.7\commons-validator-1.7.jar;C:\Users\HP\.m2\repository\commons-digester\commons-digester\2.1\commons-digester-2.1.jar;C:\Users\HP\.m2\repository\org\apache\groovy\groovy\4.0.6\groovy-4.0.6.jar;C:\Users\HP\.m2\repository\net\sf\opencsv\opencsv\2.0\opencsv-2.0.jar;C:\Users\HP\.m2\repository\commons-beanutils\commons-beanutils\1.9.4\commons-beanutils-1.9.4.jar;C:\Users\HP\.m2\repository\org\apache\commons\commons-lang3\3.12.0\commons-lang3-3.12.0.jar;C:\Users\HP\.m2\repository\commons-collections\commons-collections\3.2.2\commons-collections-3.2.2.jar;C:\Users\HP\.m2\repository\org\fluentlenium\fluentlenium-core\0.10.2\fluentlenium-core-0.10.2.jar;C:\Users\HP\.m2\repository\io\github\bonigarcia\webdrivermanager\5.3.0\webdrivermanager-5.3.0.jar;C:\Users\HP\.m2\repository\com\github\docker-java\docker-java\3.2.13\docker-java-3.2.13.jar;C:\Users\HP\.m2\repository\com\github\docker-java\docker-java-core\3.2.13\docker-java-core-3.2.13.jar;C:\Users\HP\.m2\repository\com\github\docker-java\docker-java-api\3.2.13\docker-java-api-3.2.13.jar;C:\Users\HP\.m2\repository\org\apache\commons\commons-compress\1.21\commons-compress-1.21.jar;C:\Users\HP\.m2\repository\org\bouncycastle\bcpkix-jdk15on\1.64\bcpkix-jdk15on-1.64.jar;C:\Users\HP\.m2\repository\org\bouncycastle\bcprov-jdk15on\1.64\bcprov-jdk15on-1.64.jar;C:\Users\HP\.m2\repository\org\slf4j\jcl-over-slf4j\1.7.30\jcl-over-slf4j-1.7.30.jar;C:\Users\HP\.m2\repository\com\github\docker-java\docker-java-transport-httpclient5\3.2.13\docker-java-transport-httpclient5-3.2.13.jar;C:\Users\HP\.m2\repository\com\github\docker-java\docker-java-transport\3.2.13\docker-java-transport-3.2.13.jar;C:\Users\HP\.m2\repository\net\java\dev\jna\jna\5.8.0\jna-5.8.0.jar;C:\Users\HP\.m2\repository\org\brotli\dec\0.1.2\dec-0.1.2.jar;C:\Users\HP\.m2\repository\org\apache\httpcomponents\client5\httpclient5\5.1.3\httpclient5-5.1.3.jar;C:\Users\HP\.m2\repository\org\apache\httpcomponents\core5\httpcore5\5.1.3\httpcore5-5.1.3.jar;C:\Users\HP\.m2\repository\org\apache\httpcomponents\core5\httpcore5-h2\5.1.3\httpcore5-h2-5.1.3.jar;C:\Users\HP\.m2\repository\com\jhlabs\filters\2.0.235\filters-2.0.235.jar;C:\Users\HP\.m2\repository\com\paulhammant\ngwebdriver\1.1.6\ngwebdriver-1.1.6.jar;C:\Users\HP\.m2\repository\joda-time\joda-time\2.8.2\joda-time-2.8.2.jar;C:\Users\HP\.m2\repository\org\hamcrest\hamcrest\2.2\hamcrest-2.2.jar;C:\Users\HP\.m2\repository\com\google\jimfs\jimfs\1.2\jimfs-1.2.jar;C:\Users\HP\.m2\repository\org\mockito\mockito-core\3.3.3\mockito-core-3.3.3.jar;C:\Users\HP\.m2\repository\javax\xml\bind\jaxb-api\2.3.1\jaxb-api-2.3.1.jar;C:\Users\HP\.m2\repository\javax\activation\javax.activation-api\1.2.0\javax.activation-api-1.2.0.jar;C:\Users\HP\.m2\repository\com\sun\xml\bind\jaxb-core\2.3.0.1\jaxb-core-2.3.0.1.jar;C:\Users\HP\.m2\repository\com\sun\xml\bind\jaxb-impl\2.3.3\jaxb-impl-2.3.3.jar;C:\Users\HP\.m2\repository\jakarta\xml\bind\jakarta.xml.bind-api\2.3.3\jakarta.xml.bind-api-2.3.3.jar;C:\Users\HP\.m2\repository\com\sun\activation\jakarta.activation\1.2.2\jakarta.activation-1.2.2.jar;C:\Users\HP\.m2\repository\javax\activation\activation\1.1.1\activation-1.1.1.jar;C:\Users\HP\.m2\repository\net\serenity-bdd\serenity-cucumber\3.5.1\serenity-cucumber-3.5.1.jar;C:\Users\HP\.m2\repository\io\cucumber\cucumber-core\7.8.1\cucumber-core-7.8.1.jar;C:\Users\HP\.m2\repository\io\cucumber\cucumber-gherkin\7.8.1\cucumber-gherkin-7.8.1.jar;C:\Users\HP\.m2\repository\io\cucumber\cucumber-gherkin-messages\7.8.1\cucumber-gherkin-messages-7.8.1.jar;C:\Users\HP\.m2\repository\io\cucumber\gherkin\24.0.0\gherkin-24.0.0.jar;C:\Users\HP\.m2\repository\io\cucumber\messages\19.1.4\messages-19.1.4.jar;C:\Users\HP\.m2\repository\io\cucumber\tag-expressions\4.1.0\tag-expressions-4.1.0.jar;C:\Users\HP\.m2\repository\io\cucumber\cucumber-expressions\16.0.0\cucumber-expressions-16.0.0.jar;C:\Users\HP\.m2\repository\io\cucumber\datatable\7.8.1\datatable-7.8.1.jar;C:\Users\HP\.m2\repository\io\cucumber\cucumber-plugin\7.8.1\cucumber-plugin-7.8.1.jar;C:\Users\HP\.m2\repository\io\cucumber\docstring\7.8.1\docstring-7.8.1.jar;C:\Users\HP\.m2\repository\io\cucumber\html-formatter\20.1.0\html-formatter-20.1.0.jar;C:\Users\HP\.m2\repository\io\cucumber\ci-environment\9.1.0\ci-environment-9.1.0.jar;C:\Users\HP\.m2\repository\io\cucumber\cucumber-java\7.8.1\cucumber-java-7.8.1.jar;C:\Users\HP\.m2\repository\io\cucumber\cucumber-junit\7.8.1\cucumber-junit-7.8.1.jar;C:\Users\HP\.m2\repository\org\apache\commons\commons-csv\1.5\commons-csv-1.5.jar;C:\Users\HP\.m2\repository\net\serenity-bdd\serenity-screenplay\3.5.1\serenity-screenplay-3.5.1.jar;C:\Users\HP\.m2\repository\net\serenity-bdd\serenity-screenplay-webdriver\3.5.1\serenity-screenplay-webdriver-3.5.1.jar;C:\Users\HP\.m2\repository\net\serenity-bdd\serenity-ensure\3.5.1\serenity-ensure-3.5.1.jar;C:\Users\HP\.m2\repository\net\serenity-bdd\serenity-junit\3.5.1\serenity-junit-3.5.1.jar;C:\Users\HP\.m2\repository\org\jetbrains\kotlin\kotlin-stdlib\1.7.21\kotlin-stdlib-1.7.21.jar;C:\Users\HP\.m2\repository\org\jetbrains\kotlin\kotlin-stdlib-common\1.7.21\kotlin-stdlib-common-1.7.21.jar;C:\Users\HP\.m2\repository\org\jetbrains\annotations\13.0\annotations-13.0.jar;C:\Users\HP\.m2\repository\org\junit\platform\junit-platform-launcher\1.8.2\junit-platform-launcher-1.8.2.jar;C:\Users\HP\.m2\repository\org\junit\platform\junit-platform-engine\1.8.2\junit-platform-engine-1.8.2.jar;C:\Users\HP\.m2\repository\org\opentest4j\opentest4j\1.2.0\opentest4j-1.2.0.jar;C:\Users\HP\.m2\repository\org\junit\platform\junit-platform-commons\1.8.2\junit-platform-commons-1.8.2.jar;C:\Users\HP\.m2\repository\org\apiguardian\apiguardian-api\1.1.2\apiguardian-api-1.1.2.jar;C:\Users\HP\.m2\repository\org\junit\jupiter\junit-jupiter-engine\5.8.2\junit-jupiter-engine-5.8.2.jar;C:\Users\HP\.m2\repository\org\junit\jupiter\junit-jupiter-api\5.8.2\junit-jupiter-api-5.8.2.jar;C:\Users\HP\.m2\repository\org\junit\vintage\junit-vintage-engine\5.8.2\junit-vintage-engine-5.8.2.jar;C:\Users\HP\.m2\repository\junit\junit\4.13.2\junit-4.13.2.jar;C:\Users\HP\.m2\repository\org\hamcrest\hamcrest-core\1.3\hamcrest-core-1.3.jar;C:\Users\HP\.m2\repository\ch\qos\logback\logback-classic\1.2.10\logback-classic-1.2.10.jar;C:\Users\HP\.m2\repository\ch\qos\logback\logback-core\1.2.10\logback-core-1.2.10.jar;C:\Users\HP\.m2\repository\org\slf4j\slf4j-api\1.7.32\slf4j-api-1.7.32.jar;C:\Users\HP\.m2\repository\org\assertj\assertj-core\3.23.1\assertj-core-3.23.1.jar;C:\Users\HP\.m2\repository\net\bytebuddy\byte-buddy\1.12.10\byte-buddy-1.12.10.jar;"/>
    <property name="sun.cpu.endian" value="little"/>
    <property name="user.home" value="C:\Users\HP"/>
    <property name="user.language" value="en"/>
    <property name="java.specification.vendor" value="Oracle Corporation"/>
    <property name="jdk.module.path" value="C:\Dev\api-automation-alta-master\ALTASHOP WEB AUTOMATION\target\alta-1.0-SNAPSHOT.jar"/>
    <property name="java.version.date" value="2023-01-17"/>
    <property name="java.home" value="C:\Program Files\Java\jdk-19"/>
    <property name="file.separator" value="\"/>
    <property name="basedir" value="C:\Dev\api-automation-alta-master\ALTASHOP WEB AUTOMATION"/>
    <property name="java.vm.compressedOopsMode" value="32-bit"/>
    <property name="line.separator" value="&#10;"/>
    <property name="java.vm.specification.vendor" value="Oracle Corporation"/>
    <property name="java.specification.name" value="Java Platform API Specification"/>
    <property name="surefire.real.class.path" value="C:\Users\HP\.m2\repository\org\apache\maven\surefire\surefire-booter\3.0.0-M5\surefire-booter-3.0.0-M5.jar;C:\Users\HP\.m2\repository\org\apache\maven\surefire\surefire-api\3.0.0-M5\surefire-api-3.0.0-M5.jar;C:\Users\HP\.m2\repository\org\apache\maven\surefire\surefire-logger-api\3.0.0-M5\surefire-logger-api-3.0.0-M5.jar;C:\Users\HP\.m2\repository\org\apache\maven\surefire\surefire-shared-utils\3.0.0-M4\surefire-shared-utils-3.0.0-M4.jar;C:\Users\HP\.m2\repository\org\apache\maven\surefire\surefire-extensions-spi\3.0.0-M5\surefire-extensions-spi-3.0.0-M5.jar;C:\Dev\api-automation-alta-master\ALTASHOP WEB AUTOMATION\target\test-classes;C:\Users\HP\.m2\repository\net\serenity-bdd\serenity-core\3.5.1\serenity-core-3.5.1.jar;C:\Users\HP\.m2\repository\net\serenity-bdd\serenity-model\3.5.1\serenity-model-3.5.1.jar;C:\Users\HP\.m2\repository\org\apache\commons\commons-text\1.10.0\commons-text-1.10.0.jar;C:\Users\HP\.m2\repository\commons-net\commons-net\3.8.0\commons-net-3.8.0.jar;C:\Users\HP\.m2\repository\com\google\guava\guava\31.1-jre\guava-31.1-jre.jar;C:\Users\HP\.m2\repository\com\google\guava\failureaccess\1.0.1\failureaccess-1.0.1.jar;C:\Users\HP\.m2\repository\com\google\guava\listenablefuture\9999.0-empty-to-avoid-conflict-with-guava\listenablefuture-9999.0-empty-to-avoid-conflict-with-guava.jar;C:\Users\HP\.m2\repository\com\google\code\findbugs\jsr305\3.0.2\jsr305-3.0.2.jar;C:\Users\HP\.m2\repository\org\checkerframework\checker-qual\3.12.0\checker-qual-3.12.0.jar;C:\Users\HP\.m2\repository\com\google\errorprone\error_prone_annotations\2.11.0\error_prone_annotations-2.11.0.jar;C:\Users\HP\.m2\repository\com\google\j2objc\j2objc-annotations\1.3\j2objc-annotations-1.3.jar;C:\Users\HP\.m2\repository\com\google\inject\guice\5.1.0\guice-5.1.0.jar;C:\Users\HP\.m2\repository\javax\inject\javax.inject\1\javax.inject-1.jar;C:\Users\HP\.m2\repository\aopalliance\aopalliance\1.0\aopalliance-1.0.jar;C:\Users\HP\.m2\repository\org\jsoup\jsoup\1.14.3\jsoup-1.14.3.jar;C:\Users\HP\.m2\repository\com\thoughtworks\xstream\xstream\1.4.19\xstream-1.4.19.jar;C:\Users\HP\.m2\repository\io\github\x-stream\mxparser\1.2.2\mxparser-1.2.2.jar;C:\Users\HP\.m2\repository\xmlpull\xmlpull\1.1.3.1\xmlpull-1.1.3.1.jar;C:\Users\HP\.m2\repository\com\typesafe\config\1.4.2\config-1.4.2.jar;C:\Users\HP\.m2\repository\org\imgscalr\imgscalr-lib\4.2\imgscalr-lib-4.2.jar;C:\Users\HP\.m2\repository\org\awaitility\awaitility\4.2.0\awaitility-4.2.0.jar;C:\Users\HP\.m2\repository\org\freemarker\freemarker\2.3.31\freemarker-2.3.31.jar;C:\Users\HP\.m2\repository\io\github\classgraph\classgraph\4.8.138\classgraph-4.8.138.jar;C:\Users\HP\.m2\repository\net\sourceforge\jexcelapi\jxl\2.6.12\jxl-2.6.12.jar;C:\Users\HP\.m2\repository\net\bytebuddy\byte-buddy-agent\1.12.18\byte-buddy-agent-1.12.18.jar;C:\Users\HP\.m2\repository\org\objenesis\objenesis\3.1\objenesis-3.1.jar;C:\Users\HP\.m2\repository\net\serenity-bdd\serenity-reports\3.5.1\serenity-reports-3.5.1.jar;C:\Users\HP\.m2\repository\net\serenity-bdd\serenity-stats\3.5.1\serenity-stats-3.5.1.jar;C:\Users\HP\.m2\repository\net\serenity-bdd\serenity-reports-configuration\3.5.1\serenity-reports-configuration-3.5.1.jar;C:\Users\HP\.m2\repository\com\vladsch\flexmark\flexmark-all\0.34.30\flexmark-all-0.34.30.jar;C:\Users\HP\.m2\repository\com\vladsch\flexmark\flexmark\0.34.30\flexmark-0.34.30.jar;C:\Users\HP\.m2\repository\com\vladsch\flexmark\flexmark-ext-abbreviation\0.34.30\flexmark-ext-abbreviation-0.34.30.jar;C:\Users\HP\.m2\repository\com\vladsch\flexmark\flexmark-ext-admonition\0.34.30\flexmark-ext-admonition-0.34.30.jar;C:\Users\HP\.m2\repository\com\vladsch\flexmark\flexmark-ext-anchorlink\0.34.30\flexmark-ext-anchorlink-0.34.30.jar;C:\Users\HP\.m2\repository\com\vladsch\flexmark\flexmark-ext-aside\0.34.30\flexmark-ext-aside-0.34.30.jar;C:\Users\HP\.m2\repository\com\vladsch\flexmark\flexmark-ext-attributes\0.34.30\flexmark-ext-attributes-0.34.30.jar;C:\Users\HP\.m2\repository\com\vladsch\flexmark\flexmark-ext-autolink\0.34.30\flexmark-ext-autolink-0.34.30.jar;C:\Users\HP\.m2\repository\org\nibor\autolink\autolink\0.6.0\autolink-0.6.0.jar;C:\Users\HP\.m2\repository\com\vladsch\flexmark\flexmark-ext-definition\0.34.30\flexmark-ext-definition-0.34.30.jar;C:\Users\HP\.m2\repository\com\vladsch\flexmark\flexmark-ext-emoji\0.34.30\flexmark-ext-emoji-0.34.30.jar;C:\Users\HP\.m2\repository\com\vladsch\flexmark\flexmark-ext-enumerated-reference\0.34.30\flexmark-ext-enumerated-reference-0.34.30.jar;C:\Users\HP\.m2\repository\com\vladsch\flexmark\flexmark-ext-escaped-character\0.34.30\flexmark-ext-escaped-character-0.34.30.jar;C:\Users\HP\.m2\repository\com\vladsch\flexmark\flexmark-ext-footnotes\0.34.30\flexmark-ext-footnotes-0.34.30.jar;C:\Users\HP\.m2\repository\com\vladsch\flexmark\flexmark-ext-gfm-issues\0.34.30\flexmark-ext-gfm-issues-0.34.30.jar;C:\Users\HP\.m2\repository\com\vladsch\flexmark\flexmark-ext-gfm-strikethrough\0.34.30\flexmark-ext-gfm-strikethrough-0.34.30.jar;C:\Users\HP\.m2\repository\com\vladsch\flexmark\flexmark-ext-gfm-tables\0.34.30\flexmark-ext-gfm-tables-0.34.30.jar;C:\Users\HP\.m2\repository\com\vladsch\flexmark\flexmark-ext-gfm-tasklist\0.34.30\flexmark-ext-gfm-tasklist-0.34.30.jar;C:\Users\HP\.m2\repository\com\vladsch\flexmark\flexmark-ext-gfm-users\0.34.30\flexmark-ext-gfm-users-0.34.30.jar;C:\Users\HP\.m2\repository\com\vladsch\flexmark\flexmark-ext-gitlab\0.34.30\flexmark-ext-gitlab-0.34.30.jar;C:\Users\HP\.m2\repository\com\vladsch\flexmark\flexmark-ext-jekyll-front-matter\0.34.30\flexmark-ext-jekyll-front-matter-0.34.30.jar;C:\Users\HP\.m2\repository\com\vladsch\flexmark\flexmark-ext-jekyll-tag\0.34.30\flexmark-ext-jekyll-tag-0.34.30.jar;C:\Users\HP\.m2\repository\com\vladsch\flexmark\flexmark-ext-media-tags\0.34.30\flexmark-ext-media-tags-0.34.30.jar;C:\Users\HP\.m2\repository\com\vladsch\flexmark\flexmark-test-util\0.34.30\flexmark-test-util-0.34.30.jar;C:\Users\HP\.m2\repository\com\vladsch\flexmark\flexmark-ext-ins\0.34.30\flexmark-ext-ins-0.34.30.jar;C:\Users\HP\.m2\repository\com\vladsch\flexmark\flexmark-ext-xwiki-macros\0.34.30\flexmark-ext-xwiki-macros-0.34.30.jar;C:\Users\HP\.m2\repository\com\vladsch\flexmark\flexmark-ext-superscript\0.34.30\flexmark-ext-superscript-0.34.30.jar;C:\Users\HP\.m2\repository\com\vladsch\flexmark\flexmark-ext-tables\0.34.30\flexmark-ext-tables-0.34.30.jar;C:\Users\HP\.m2\repository\com\vladsch\flexmark\flexmark-ext-toc\0.34.30\flexmark-ext-toc-0.34.30.jar;C:\Users\HP\.m2\repository\com\vladsch\flexmark\flexmark-ext-typographic\0.34.30\flexmark-ext-typographic-0.34.30.jar;C:\Users\HP\.m2\repository\com\vladsch\flexmark\flexmark-ext-wikilink\0.34.30\flexmark-ext-wikilink-0.34.30.jar;C:\Users\HP\.m2\repository\com\vladsch\flexmark\flexmark-ext-yaml-front-matter\0.34.30\flexmark-ext-yaml-front-matter-0.34.30.jar;C:\Users\HP\.m2\repository\com\vladsch\flexmark\flexmark-ext-youtube-embedded\0.34.30\flexmark-ext-youtube-embedded-0.34.30.jar;C:\Users\HP\.m2\repository\com\vladsch\flexmark\flexmark-formatter\0.34.30\flexmark-formatter-0.34.30.jar;C:\Users\HP\.m2\repository\com\vladsch\flexmark\flexmark-html-parser\0.34.30\flexmark-html-parser-0.34.30.jar;C:\Users\HP\.m2\repository\com\vladsch\flexmark\flexmark-jira-converter\0.34.30\flexmark-jira-converter-0.34.30.jar;C:\Users\HP\.m2\repository\com\vladsch\flexmark\flexmark-pdf-converter\0.34.30\flexmark-pdf-converter-0.34.30.jar;C:\Users\HP\.m2\repository\com\openhtmltopdf\openhtmltopdf-core\0.0.1-RC13\openhtmltopdf-core-0.0.1-RC13.jar;C:\Users\HP\.m2\repository\com\openhtmltopdf\openhtmltopdf-pdfbox\0.0.1-RC13\openhtmltopdf-pdfbox-0.0.1-RC13.jar;C:\Users\HP\.m2\repository\org\apache\pdfbox\pdfbox\2.0.8\pdfbox-2.0.8.jar;C:\Users\HP\.m2\repository\org\apache\pdfbox\fontbox\2.0.8\fontbox-2.0.8.jar;C:\Users\HP\.m2\repository\org\apache\pdfbox\xmpbox\2.0.8\xmpbox-2.0.8.jar;C:\Users\HP\.m2\repository\de\rototor\pdfbox\graphics2d\0.12\graphics2d-0.12.jar;C:\Users\HP\.m2\repository\com\openhtmltopdf\openhtmltopdf-rtl-support\0.0.1-RC13\openhtmltopdf-rtl-support-0.0.1-RC13.jar;C:\Users\HP\.m2\repository\com\ibm\icu\icu4j\59.1\icu4j-59.1.jar;C:\Users\HP\.m2\repository\com\openhtmltopdf\openhtmltopdf-jsoup-dom-converter\0.0.1-RC13\openhtmltopdf-jsoup-dom-converter-0.0.1-RC13.jar;C:\Users\HP\.m2\repository\com\vladsch\flexmark\flexmark-profile-pegdown\0.34.30\flexmark-profile-pegdown-0.34.30.jar;C:\Users\HP\.m2\repository\com\vladsch\flexmark\flexmark-util\0.34.30\flexmark-util-0.34.30.jar;C:\Users\HP\.m2\repository\com\vladsch\flexmark\flexmark-youtrack-converter\0.34.30\flexmark-youtrack-converter-0.34.30.jar;C:\Users\HP\.m2\repository\es\nitaur\markdown\txtmark\0.16\txtmark-0.16.jar;C:\Users\HP\.m2\repository\net\serenity-bdd\serenity-report-resources\3.5.1\serenity-report-resources-3.5.1.jar;C:\Users\HP\.m2\repository\com\google\code\gson\gson\2.9.0\gson-2.9.0.jar;C:\Users\HP\.m2\repository\com\fasterxml\jackson\core\jackson-core\2.13.4\jackson-core-2.13.4.jar;C:\Users\HP\.m2\repository\com\fasterxml\jackson\core\jackson-databind\2.13.4\jackson-databind-2.13.4.jar;C:\Users\HP\.m2\repository\com\fasterxml\jackson\core\jackson-annotations\2.13.4\jackson-annotations-2.13.4.jar;C:\Users\HP\.m2\repository\commons-codec\commons-codec\1.15\commons-codec-1.15.jar;C:\Users\HP\.m2\repository\commons-io\commons-io\2.11.0\commons-io-2.11.0.jar;C:\Users\HP\.m2\repository\org\apache\httpcomponents\httpclient\4.5.13\httpclient-4.5.13.jar;C:\Users\HP\.m2\repository\org\apache\httpcomponents\httpcore\4.4.13\httpcore-4.4.13.jar;C:\Users\HP\.m2\repository\commons-logging\commons-logging\1.2\commons-logging-1.2.jar;C:\Users\HP\.m2\repository\org\seleniumhq\selenium\selenium-java\4.7.1\selenium-java-4.7.1.jar;C:\Users\HP\.m2\repository\org\seleniumhq\selenium\selenium-devtools-v106\4.7.1\selenium-devtools-v106-4.7.1.jar;C:\Users\HP\.m2\repository\org\seleniumhq\selenium\selenium-devtools-v107\4.7.1\selenium-devtools-v107-4.7.1.jar;C:\Users\HP\.m2\repository\org\seleniumhq\selenium\selenium-devtools-v108\4.7.1\selenium-devtools-v108-4.7.1.jar;C:\Users\HP\.m2\repository\org\seleniumhq\selenium\selenium-devtools-v85\4.7.1\selenium-devtools-v85-4.7.1.jar;C:\Users\HP\.m2\repository\org\seleniumhq\selenium\selenium-remote-driver\4.7.1\selenium-remote-driver-4.7.1.jar;C:\Users\HP\.m2\repository\com\beust\jcommander\1.82\jcommander-1.82.jar;C:\Users\HP\.m2\repository\io\netty\netty-buffer\4.1.84.Final\netty-buffer-4.1.84.Final.jar;C:\Users\HP\.m2\repository\io\netty\netty-codec-http\4.1.84.Final\netty-codec-http-4.1.84.Final.jar;C:\Users\HP\.m2\repository\io\netty\netty-codec\4.1.84.Final\netty-codec-4.1.84.Final.jar;C:\Users\HP\.m2\repository\io\netty\netty-handler\4.1.84.Final\netty-handler-4.1.84.Final.jar;C:\Users\HP\.m2\repository\io\netty\netty-common\4.1.84.Final\netty-common-4.1.84.Final.jar;C:\Users\HP\.m2\repository\io\netty\netty-transport-classes-epoll\4.1.84.Final\netty-transport-classes-epoll-4.1.84.Final.jar;C:\Users\HP\.m2\repository\io\netty\netty-transport-classes-kqueue\4.1.84.Final\netty-transport-classes-kqueue-4.1.84.Final.jar;C:\Users\HP\.m2\repository\io\netty\netty-transport-native-epoll\4.1.84.Final\netty-transport-native-epoll-4.1.84.Final.jar;C:\Users\HP\.m2\repository\io\netty\netty-transport-native-kqueue\4.1.84.Final\netty-transport-native-kqueue-4.1.84.Final.jar;C:\Users\HP\.m2\repository\io\netty\netty-transport-native-unix-common\4.1.84.Final\netty-transport-native-unix-common-4.1.84.Final.jar;C:\Users\HP\.m2\repository\io\netty\netty-transport\4.1.84.Final\netty-transport-4.1.84.Final.jar;C:\Users\HP\.m2\repository\io\netty\netty-resolver\4.1.84.Final\netty-resolver-4.1.84.Final.jar;C:\Users\HP\.m2\repository\io\opentelemetry\opentelemetry-api\1.19.0\opentelemetry-api-1.19.0.jar;C:\Users\HP\.m2\repository\io\opentelemetry\opentelemetry-context\1.19.0\opentelemetry-context-1.19.0.jar;C:\Users\HP\.m2\repository\io\opentelemetry\opentelemetry-exporter-logging\1.19.0\opentelemetry-exporter-logging-1.19.0.jar;C:\Users\HP\.m2\repository\io\opentelemetry\opentelemetry-sdk-metrics\1.19.0\opentelemetry-sdk-metrics-1.19.0.jar;C:\Users\HP\.m2\repository\io\opentelemetry\opentelemetry-sdk-logs\1.19.0-alpha\opentelemetry-sdk-logs-1.19.0-alpha.jar;C:\Users\HP\.m2\repository\io\opentelemetry\opentelemetry-api-logs\1.19.0-alpha\opentelemetry-api-logs-1.19.0-alpha.jar;C:\Users\HP\.m2\repository\io\opentelemetry\opentelemetry-sdk-common\1.19.0\opentelemetry-sdk-common-1.19.0.jar;C:\Users\HP\.m2\repository\io\opentelemetry\opentelemetry-sdk-extension-autoconfigure-spi\1.19.0\opentelemetry-sdk-extension-autoconfigure-spi-1.19.0.jar;C:\Users\HP\.m2\repository\io\opentelemetry\opentelemetry-sdk-extension-autoconfigure\1.19.0-alpha\opentelemetry-sdk-extension-autoconfigure-1.19.0-alpha.jar;C:\Users\HP\.m2\repository\io\opentelemetry\opentelemetry-exporter-common\1.19.0\opentelemetry-exporter-common-1.19.0.jar;C:\Users\HP\.m2\repository\io\opentelemetry\opentelemetry-sdk-trace\1.19.0\opentelemetry-sdk-trace-1.19.0.jar;C:\Users\HP\.m2\repository\io\opentelemetry\opentelemetry-sdk\1.19.0\opentelemetry-sdk-1.19.0.jar;C:\Users\HP\.m2\repository\io\opentelemetry\opentelemetry-semconv\1.19.0-alpha\opentelemetry-semconv-1.19.0-alpha.jar;C:\Users\HP\.m2\repository\io\ous\jtoml\2.0.0\jtoml-2.0.0.jar;C:\Users\HP\.m2\repository\org\apache\commons\commons-exec\1.3\commons-exec-1.3.jar;C:\Users\HP\.m2\repository\org\asynchttpclient\async-http-client\2.12.3\async-http-client-2.12.3.jar;C:\Users\HP\.m2\repository\org\asynchttpclient\async-http-client-netty-utils\2.12.3\async-http-client-netty-utils-2.12.3.jar;C:\Users\HP\.m2\repository\io\netty\netty-codec-socks\4.1.60.Final\netty-codec-socks-4.1.60.Final.jar;C:\Users\HP\.m2\repository\io\netty\netty-handler-proxy\4.1.60.Final\netty-handler-proxy-4.1.60.Final.jar;C:\Users\HP\.m2\repository\io\netty\netty-transport-native-epoll\4.1.60.Final\netty-transport-native-epoll-4.1.60.Final-linux-x86_64.jar;C:\Users\HP\.m2\repository\io\netty\netty-transport-native-kqueue\4.1.60.Final\netty-transport-native-kqueue-4.1.60.Final-osx-x86_64.jar;C:\Users\HP\.m2\repository\org\reactivestreams\reactive-streams\1.0.3\reactive-streams-1.0.3.jar;C:\Users\HP\.m2\repository\com\typesafe\netty\netty-reactive-streams\2.0.4\netty-reactive-streams-2.0.4.jar;C:\Users\HP\.m2\repository\org\seleniumhq\selenium\selenium-manager\4.7.1\selenium-manager-4.7.1.jar;C:\Users\HP\.m2\repository\org\seleniumhq\selenium\selenium-safari-driver\4.7.1\selenium-safari-driver-4.7.1.jar;C:\Users\HP\.m2\repository\org\seleniumhq\selenium\selenium-api\4.7.1\selenium-api-4.7.1.jar;C:\Users\HP\.m2\repository\org\seleniumhq\selenium\selenium-support\4.7.1\selenium-support-4.7.1.jar;C:\Users\HP\.m2\repository\com\google\auto\service\auto-service-annotations\1.0.1\auto-service-annotations-1.0.1.jar;C:\Users\HP\.m2\repository\com\google\auto\service\auto-service\1.0.1\auto-service-1.0.1.jar;C:\Users\HP\.m2\repository\com\google\auto\auto-common\1.2\auto-common-1.2.jar;C:\Users\HP\.m2\repository\org\seleniumhq\selenium\selenium-json\4.7.1\selenium-json-4.7.1.jar;C:\Users\HP\.m2\repository\org\seleniumhq\selenium\selenium-chrome-driver\4.7.1\selenium-chrome-driver-4.7.1.jar;C:\Users\HP\.m2\repository\org\seleniumhq\selenium\selenium-chromium-driver\4.7.1\selenium-chromium-driver-4.7.1.jar;C:\Users\HP\.m2\repository\org\seleniumhq\selenium\selenium-firefox-driver\4.7.1\selenium-firefox-driver-4.7.1.jar;C:\Users\HP\.m2\repository\org\seleniumhq\selenium\selenium-http\4.7.1\selenium-http-4.7.1.jar;C:\Users\HP\.m2\repository\dev\failsafe\failsafe\3.3.0\failsafe-3.3.0.jar;C:\Users\HP\.m2\repository\org\seleniumhq\selenium\selenium-edge-driver\4.7.1\selenium-edge-driver-4.7.1.jar;C:\Users\HP\.m2\repository\org\seleniumhq\selenium\selenium-ie-driver\4.7.1\selenium-ie-driver-4.7.1.jar;C:\Users\HP\.m2\repository\org\projectlombok\lombok\1.18.20\lombok-1.18.20.jar;C:\Users\HP\.m2\repository\io\appium\java-client\8.3.0\java-client-8.3.0.jar;C:\Users\HP\.m2\repository\commons-validator\commons-validator\1.7\commons-validator-1.7.jar;C:\Users\HP\.m2\repository\commons-digester\commons-digester\2.1\commons-digester-2.1.jar;C:\Users\HP\.m2\repository\org\apache\groovy\groovy\4.0.6\groovy-4.0.6.jar;C:\Users\HP\.m2\repository\net\sf\opencsv\opencsv\2.0\opencsv-2.0.jar;C:\Users\HP\.m2\repository\commons-beanutils\commons-beanutils\1.9.4\commons-beanutils-1.9.4.jar;C:\Users\HP\.m2\repository\org\apache\commons\commons-lang3\3.12.0\commons-lang3-3.12.0.jar;C:\Users\HP\.m2\repository\commons-collections\commons-collections\3.2.2\commons-collections-3.2.2.jar;C:\Users\HP\.m2\repository\org\fluentlenium\fluentlenium-core\0.10.2\fluentlenium-core-0.10.2.jar;C:\Users\HP\.m2\repository\io\github\bonigarcia\webdrivermanager\5.3.0\webdrivermanager-5.3.0.jar;C:\Users\HP\.m2\repository\com\github\docker-java\docker-java\3.2.13\docker-java-3.2.13.jar;C:\Users\HP\.m2\repository\com\github\docker-java\docker-java-core\3.2.13\docker-java-core-3.2.13.jar;C:\Users\HP\.m2\repository\com\github\docker-java\docker-java-api\3.2.13\docker-java-api-3.2.13.jar;C:\Users\HP\.m2\repository\org\apache\commons\commons-compress\1.21\commons-compress-1.21.jar;C:\Users\HP\.m2\repository\org\bouncycastle\bcpkix-jdk15on\1.64\bcpkix-jdk15on-1.64.jar;C:\Users\HP\.m2\repository\org\bouncycastle\bcprov-jdk15on\1.64\bcprov-jdk15on-1.64.jar;C:\Users\HP\.m2\repository\org\slf4j\jcl-over-slf4j\1.7.30\jcl-over-slf4j-1.7.30.jar;C:\Users\HP\.m2\repository\com\github\docker-java\docker-java-transport-httpclient5\3.2.13\docker-java-transport-httpclient5-3.2.13.jar;C:\Users\HP\.m2\repository\com\github\docker-java\docker-java-transport\3.2.13\docker-java-transport-3.2.13.jar;C:\Users\HP\.m2\repository\net\java\dev\jna\jna\5.8.0\jna-5.8.0.jar;C:\Users\HP\.m2\repository\org\brotli\dec\0.1.2\dec-0.1.2.jar;C:\Users\HP\.m2\repository\org\apache\httpcomponents\client5\httpclient5\5.1.3\httpclient5-5.1.3.jar;C:\Users\HP\.m2\repository\org\apache\httpcomponents\core5\httpcore5\5.1.3\httpcore5-5.1.3.jar;C:\Users\HP\.m2\repository\org\apache\httpcomponents\core5\httpcore5-h2\5.1.3\httpcore5-h2-5.1.3.jar;C:\Users\HP\.m2\repository\com\jhlabs\filters\2.0.235\filters-2.0.235.jar;C:\Users\HP\.m2\repository\com\paulhammant\ngwebdriver\1.1.6\ngwebdriver-1.1.6.jar;C:\Users\HP\.m2\repository\joda-time\joda-time\2.8.2\joda-time-2.8.2.jar;C:\Users\HP\.m2\repository\org\hamcrest\hamcrest\2.2\hamcrest-2.2.jar;C:\Users\HP\.m2\repository\com\google\jimfs\jimfs\1.2\jimfs-1.2.jar;C:\Users\HP\.m2\repository\org\mockito\mockito-core\3.3.3\mockito-core-3.3.3.jar;C:\Users\HP\.m2\repository\javax\xml\bind\jaxb-api\2.3.1\jaxb-api-2.3.1.jar;C:\Users\HP\.m2\repository\javax\activation\javax.activation-api\1.2.0\javax.activation-api-1.2.0.jar;C:\Users\HP\.m2\repository\com\sun\xml\bind\jaxb-core\2.3.0.1\jaxb-core-2.3.0.1.jar;C:\Users\HP\.m2\repository\com\sun\xml\bind\jaxb-impl\2.3.3\jaxb-impl-2.3.3.jar;C:\Users\HP\.m2\repository\jakarta\xml\bind\jakarta.xml.bind-api\2.3.3\jakarta.xml.bind-api-2.3.3.jar;C:\Users\HP\.m2\repository\com\sun\activation\jakarta.activation\1.2.2\jakarta.activation-1.2.2.jar;C:\Users\HP\.m2\repository\javax\activation\activation\1.1.1\activation-1.1.1.jar;C:\Users\HP\.m2\repository\net\serenity-bdd\serenity-cucumber\3.5.1\serenity-cucumber-3.5.1.jar;C:\Users\HP\.m2\repository\io\cucumber\cucumber-core\7.8.1\cucumber-core-7.8.1.jar;C:\Users\HP\.m2\repository\io\cucumber\cucumber-gherkin\7.8.1\cucumber-gherkin-7.8.1.jar;C:\Users\HP\.m2\repository\io\cucumber\cucumber-gherkin-messages\7.8.1\cucumber-gherkin-messages-7.8.1.jar;C:\Users\HP\.m2\repository\io\cucumber\gherkin\24.0.0\gherkin-24.0.0.jar;C:\Users\HP\.m2\repository\io\cucumber\messages\19.1.4\messages-19.1.4.jar;C:\Users\HP\.m2\repository\io\cucumber\tag-expressions\4.1.0\tag-expressions-4.1.0.jar;C:\Users\HP\.m2\repository\io\cucumber\cucumber-expressions\16.0.0\cucumber-expressions-16.0.0.jar;C:\Users\HP\.m2\repository\io\cucumber\datatable\7.8.1\datatable-7.8.1.jar;C:\Users\HP\.m2\repository\io\cucumber\cucumber-plugin\7.8.1\cucumber-plugin-7.8.1.jar;C:\Users\HP\.m2\repository\io\cucumber\docstring\7.8.1\docstring-7.8.1.jar;C:\Users\HP\.m2\repository\io\cucumber\html-formatter\20.1.0\html-formatter-20.1.0.jar;C:\Users\HP\.m2\repository\io\cucumber\ci-environment\9.1.0\ci-environment-9.1.0.jar;C:\Users\HP\.m2\repository\io\cucumber\cucumber-java\7.8.1\cucumber-java-7.8.1.jar;C:\Users\HP\.m2\repository\io\cucumber\cucumber-junit\7.8.1\cucumber-junit-7.8.1.jar;C:\Users\HP\.m2\repository\org\apache\commons\commons-csv\1.5\commons-csv-1.5.jar;C:\Users\HP\.m2\repository\net\serenity-bdd\serenity-screenplay\3.5.1\serenity-screenplay-3.5.1.jar;C:\Users\HP\.m2\repository\net\serenity-bdd\serenity-screenplay-webdriver\3.5.1\serenity-screenplay-webdriver-3.5.1.jar;C:\Users\HP\.m2\repository\net\serenity-bdd\serenity-ensure\3.5.1\serenity-ensure-3.5.1.jar;C:\Users\HP\.m2\repository\net\serenity-bdd\serenity-junit\3.5.1\serenity-junit-3.5.1.jar;C:\Users\HP\.m2\repository\org\jetbrains\kotlin\kotlin-stdlib\1.7.21\kotlin-stdlib-1.7.21.jar;C:\Users\HP\.m2\repository\org\jetbrains\kotlin\kotlin-stdlib-common\1.7.21\kotlin-stdlib-common-1.7.21.jar;C:\Users\HP\.m2\repository\org\jetbrains\annotations\13.0\annotations-13.0.jar;C:\Users\HP\.m2\repository\org\junit\platform\junit-platform-launcher\1.8.2\junit-platform-launcher-1.8.2.jar;C:\Users\HP\.m2\repository\org\junit\platform\junit-platform-engine\1.8.2\junit-platform-engine-1.8.2.jar;C:\Users\HP\.m2\repository\org\opentest4j\opentest4j\1.2.0\opentest4j-1.2.0.jar;C:\Users\HP\.m2\repository\org\junit\platform\junit-platform-commons\1.8.2\junit-platform-commons-1.8.2.jar;C:\Users\HP\.m2\repository\org\apiguardian\apiguardian-api\1.1.2\apiguardian-api-1.1.2.jar;C:\Users\HP\.m2\repository\org\junit\jupiter\junit-jupiter-engine\5.8.2\junit-jupiter-engine-5.8.2.jar;C:\Users\HP\.m2\repository\org\junit\jupiter\junit-jupiter-api\5.8.2\junit-jupiter-api-5.8.2.jar;C:\Users\HP\.m2\repository\org\junit\vintage\junit-vintage-engine\5.8.2\junit-vintage-engine-5.8.2.jar;C:\Users\HP\.m2\repository\junit\junit\4.13.2\junit-4.13.2.jar;C:\Users\HP\.m2\repository\org\hamcrest\hamcrest-core\1.3\hamcrest-core-1.3.jar;C:\Users\HP\.m2\repository\ch\qos\logback\logback-classic\1.2.10\logback-classic-1.2.10.jar;C:\Users\HP\.m2\repository\ch\qos\logback\logback-core\1.2.10\logback-core-1.2.10.jar;C:\Users\HP\.m2\repository\org\slf4j\slf4j-api\1.7.32\slf4j-api-1.7.32.jar;C:\Users\HP\.m2\repository\org\assertj\assertj-core\3.23.1\assertj-core-3.23.1.jar;C:\Users\HP\.m2\repository\net\bytebuddy\byte-buddy\1.12.10\byte-buddy-1.12.10.jar;C:\Users\HP\.m2\repository\org\apache\maven\surefire\surefire-junit-platform\3.0.0-M5\surefire-junit-platform-3.0.0-M5.jar;C:\Users\HP\.m2\repository\org\apache\maven\surefire\common-java5\3.0.0-M5\common-java5-3.0.0-M5.jar"/>
    <property name="user.script" value=""/>
    <property name="java.protocol.handler.pkgs" value="com.google.common"/>
    <property name="sun.management.compiler" value="HotSpot 64-Bit Tiered Compilers"/>
    <property name="java.runtime.version" value="19.0.2+7-44"/>
    <property name="user.name" value="HP"/>
    <property name="stdout.encoding" value="Cp1252"/>
    <property name="path.separator" value=";"/>
    <property name="os.version" value="10.0"/>
    <property name="java.runtime.name" value="Java(TM) SE Runtime Environment"/>
    <property name="file.encoding" value="UTF-8"/>
    <property name="webdriver.base.url" value=""/>
    <property name="java.vm.name" value="Java HotSpot(TM) 64-Bit Server VM"/>
    <property name="localRepository" value="C:\Users\HP\.m2\repository"/>
    <property name="java.vendor.url.bug" value="https://bugreport.java.com/bugreport/"/>
    <property name="java.io.tmpdir" value="C:\Users\HP\AppData\Local\Temp\"/>
    <property name="java.version" value="19.0.2"/>
    <property name="user.dir" value="C:\Dev\api-automation-alta-master\ALTASHOP WEB AUTOMATION"/>
    <property name="os.arch" value="amd64"/>
    <property name="java.vm.specification.name" value="Java Virtual Machine Specification"/>
    <property name="sun.os.patch.level" value=""/>
    <property name="native.encoding" value="Cp1252"/>
    <property name="java.library.path" value="C:\Program Files\Java\jdk-19\bin;C:\WINDOWS\Sun\Java\bin;C:\WINDOWS\system32;C:\WINDOWS;C:\Program Files\Common Files\Oracle\Java\javapath;C:\Program Files\Java\jdk1.8.0_361\bin;c:\Program Files (x86)\Common Files\Intel\Shared Files\cpp\bin\Intel64;C:\WINDOWS\system32;C:\WINDOWS;C:\WINDOWS\System32\Wbem;C:\WINDOWS\System32\WindowsPowerShell\v1.0\;C:\WINDOWS\System32\OpenSSH\;C:\Users\apache-maven-3.9.1-bin\bin;%MAVEN_HOME%\bin;C:\Users\HP\AppData\Local\Android\Sdk;C:\Users\HP\AppData\Local\Android\Sdk\platform-tools;C:\Program Files\nodejs\;C:\Program Files\Git\cmd;C:\Users\HP\AppData\Local\Microsoft\WindowsApps;C:\Program Files\JetBrains\IntelliJ IDEA Community Edition 2022.3.2\bin;C:\Users\HP\AppData\Local\GitHubDesktop\bin;C:\Users\HP\AppData\Local\Programs\Microsoft VS Code\bin;C:\Users\HP\AppData\Roaming\npm;C:\Users\HP\AppData\Local\gitkraken\bin;."/>
    <property name="java.vm.info" value="mixed mode"/>
    <property name="stderr.encoding" value="Cp1252"/>
    <property name="java.vendor" value="Oracle Corporation"/>
    <property name="java.vm.version" value="19.0.2+7-44"/>
    <property name="sun.io.unicode.encoding" value="UnicodeLittle"/>
    <property name="java.class.version" value="63.0"/>
  </properties>
  <testcase name="user bisa membayar produk yang diinginkan" classname="Transaksi" time="16.148">
    <system-out><![CDATA[19:53:46.172 [main] DEBUG net.thucydides.core.guice.Injectors - Created injector for module net.thucydides.core.guice.ThucydidesModule
19:53:46.569 [main] INFO io.cucumber.core.plugin.SerenityReporter - Running feature from file:///C:/Dev/api-automation-alta-master/ALTASHOP%20WEB%20AUTOMATION/src/test/resources/features/3.%20Transaksi.feature
19:53:46.839 [main] DEBUG net.thucydides.core.guice.Injectors - Created injector for module net.thucydides.core.guice.webdriver.WebDriverModule
19:53:46.883 [main] INFO  - 

-------------------------------------------------------------------------------------
     _______. _______ .______       _______ .__   __.  __  .___________.____    ____ 
    /       ||   ____||   _  \     |   ____||  \ |  | |  | |           |\   \  /   / 
   |   (----`|  |__   |  |_)  |    |  |__   |   \|  | |  | `---|  |----` \   \/   /  
    \   \    |   __|  |      /     |   __|  |  . `  | |  |     |  |       \_    _/   
.----)   |   |  |____ |  |\  \----.|  |____ |  |\   | |  |     |  |         |  |     
|_______/    |_______|| _| `._____||_______||__| \__| |__|     |__|         |__|    
                                                                                     
 News and tutorials at http://www.serenity-bdd.info                                  
 Documentation at https://wakaleo.gitbooks.io/the-serenity-book/content/             
 Join the Serenity Community on Gitter: https://gitter.im/serenity-bdd/serenity-core 
 Serenity BDD Support and Training at http://serenity-bdd.info/#/trainingandsupport  
-------------------------------------------------------------------------------------

19:53:46.888 [main] DEBUG net.thucydides.core.steps.StepEventBus - Test suite started for story net.thucydides.core.model.Story@75f83c00
19:53:46.892 [main] INFO  - Test Suite Started: Transaksi
19:53:46.916 [main] INFO io.cucumber.core.plugin.SerenityReporter - Running feature from file:///C:/Dev/api-automation-alta-master/ALTASHOP%20WEB%20AUTOMATION/src/test/resources/features/3.%20Transaksi.feature
19:53:46.919 [main] DEBUG net.thucydides.core.steps.StepEventBus - Test suite started for story net.thucydides.core.model.Story@75f83c00
19:53:46.920 [main] INFO  - Test Suite Started: Transaksi

@AS15-positive
Scenario: user bisa membayar produk yang diinginkan                       &amp#27;[90m# src/test/resources/features/3. Transaksi.feature:5&amp#27;[0m
19:53:47.027 [main] INFO io.cucumber.core.plugin.SerenityReporter - Running feature from file:///C:/Dev/api-automation-alta-master/ALTASHOP%20WEB%20AUTOMATION/src/test/resources/features/3.%20Transaksi.feature
19:53:47.175 [main] INFO  - 
  _____   ___   ___   _____     ___   _____     _     ___   _____   ___   ___  
 |_   _| | __| / __| |_   _|   / __| |_   _|   /_\   | _ \ |_   _| | __| |   \ 
   | |   | _|  \__ \   | |     \__ \   | |    / _ \  |   /   | |   | _|  | |) |
   |_|   |___| |___/   |_|     |___/   |_|   /_/ \_\ |_|_\   |_|   |___| |___/ 

user bisa membayar produk yang diinginkan(transaksi;user-bisa-membayar-produk-yang-diinginkan)
--------------------------------------------------------------------------------
19:53:48.195 [main] DEBUG net.thucydides.core.steps.StepInterceptor - STARTING STEP: TransaksiSteps.userBeradaDiHomepageAltaShopDanLoginAkun - diHomepageAltaShop
19:53:48.237 [main] INFO net.serenitybdd.core.webdriver.driverproviders.DriverProvider - Using WebDriverManager configuration for chrome
19:53:48.754 [main] DEBUG io.github.bonigarcia.wdm.cache.ResolutionCache - Resolution chrome=112 in cache (valid until 20:45:00 06/05/2023 WIB)
19:53:48.756 [main] DEBUG io.github.bonigarcia.wdm.cache.ResolutionCache - Resolution chrome112=112.0.5615.49 in cache (valid until 16:39:17 07/05/2023 WIB)
19:53:48.757 [main] INFO io.github.bonigarcia.wdm.WebDriverManager - Using chromedriver 112.0.5615.49 (resolved driver for Chrome 112)
19:53:48.776 [main] DEBUG io.github.bonigarcia.wdm.WebDriverManager - Driver chromedriver 112.0.5615.49 found in cache
19:53:48.778 [main] INFO io.github.bonigarcia.wdm.WebDriverManager - Exporting webdriver.chrome.driver as C:\Users\HP\.cache\selenium\chromedriver\win32\112.0.5615.49\chromedriver.exe
19:53:48.888 [main] INFO net.serenitybdd.core.webdriver.driverproviders.ChromeDriverProvider - Starting Chrome driver instance with capabilities:
19:53:48.890 [main] INFO net.serenitybdd.core.webdriver.driverproviders.ChromeDriverProvider - Capabilities {acceptInsecureCerts: true, browserName: chrome, goog:chromeOptions: {args: [remote-allow-origins=*, test-type, no-sandbox, ignore-certificate-errors, start-maximized, incognito, disable-infobars, disable-gpu, disable-default-apps, disable-popup-blocking, remote-allow-origins=*, test-type, no-sandbox, ignore-certificate-errors, start-maximized, incognito, disable-infobars, disable-gpu, disable-default-apps, disable-popup-blocking], extensions: []}}
19:53:48.965 [main] DEBUG io.netty.util.internal.logging.InternalLoggerFactory - Using SLF4J as the default logging framework
19:53:48.968 [main] DEBUG io.netty.util.ResourceLeakDetector - -Dio.netty.leakDetection.level: simple
19:53:48.968 [main] DEBUG io.netty.util.ResourceLeakDetector - -Dio.netty.leakDetection.targetRecords: 4
19:53:48.972 [main] DEBUG io.netty.util.ResourceLeakDetectorFactory - Loaded default ResourceLeakDetector: io.netty.util.ResourceLeakDetector@12567179
19:53:48.989 [main] DEBUG io.netty.util.internal.PlatformDependent0 - -Dio.netty.noUnsafe: false
19:53:48.990 [main] DEBUG io.netty.util.internal.PlatformDependent0 - Java version: 19
19:53:48.990 [main] DEBUG io.netty.util.internal.PlatformDependent0 - sun.misc.Unsafe.theUnsafe: available
19:53:48.991 [main] DEBUG io.netty.util.internal.PlatformDependent0 - sun.misc.Unsafe.copyMemory: available
19:53:48.991 [main] DEBUG io.netty.util.internal.PlatformDependent0 - sun.misc.Unsafe.storeFence: available
19:53:48.992 [main] DEBUG io.netty.util.internal.PlatformDependent0 - java.nio.Buffer.address: available
19:53:48.993 [main] DEBUG io.netty.util.internal.PlatformDependent0 - direct buffer constructor: unavailable: Reflective setAccessible(true) disabled
19:53:48.993 [main] DEBUG io.netty.util.internal.PlatformDependent0 - java.nio.Bits.unaligned: available, true
19:53:48.994 [main] DEBUG io.netty.util.internal.PlatformDependent0 - jdk.internal.misc.Unsafe.allocateUninitializedArray(int): unavailable: class io.netty.util.internal.PlatformDependent0$7 cannot access class jdk.internal.misc.Unsafe (in module java.base) because module java.base does not export jdk.internal.misc to unnamed module @3e6ef8ad
19:53:48.995 [main] DEBUG io.netty.util.internal.PlatformDependent0 - java.nio.DirectByteBuffer.<init>(long, int): unavailable
19:53:48.996 [main] DEBUG io.netty.util.internal.PlatformDependent - sun.misc.Unsafe: available
19:53:48.997 [main] DEBUG io.netty.util.internal.PlatformDependent - maxDirectMemory: 1589641216 bytes (maybe)
19:53:48.997 [main] DEBUG io.netty.util.internal.PlatformDependent - -Dio.netty.tmpdir: C:\Users\HP\AppData\Local\Temp (java.io.tmpdir)
19:53:48.997 [main] DEBUG io.netty.util.internal.PlatformDependent - -Dio.netty.bitMode: 64 (sun.arch.data.model)
19:53:48.998 [main] DEBUG io.netty.util.internal.PlatformDependent - Platform: Windows
19:53:48.998 [main] DEBUG io.netty.util.internal.PlatformDependent - -Dio.netty.maxDirectMemory: -1 bytes
19:53:48.999 [main] DEBUG io.netty.util.internal.PlatformDependent - -Dio.netty.uninitializedArrayAllocationThreshold: -1
19:53:48.999 [main] DEBUG io.netty.util.internal.CleanerJava9 - java.nio.ByteBuffer.cleaner(): available
19:53:49.000 [main] DEBUG io.netty.util.internal.PlatformDependent - -Dio.netty.noPreferDirect: false
19:53:49.006 [main] DEBUG io.netty.util.internal.PlatformDependent - org.jctools-core.MpscChunkedArrayQueue: available
19:53:49.022 [main] DEBUG io.netty.util.internal.InternalThreadLocalMap - -Dio.netty.threadLocalMap.stringBuilder.initialSize: 1024
19:53:49.022 [main] DEBUG io.netty.util.internal.InternalThreadLocalMap - -Dio.netty.threadLocalMap.stringBuilder.maxSize: 4096
19:53:49.085 [main] DEBUG io.netty.handler.ssl.JdkSslContext - Default protocols (JDK): [TLSv1.3, TLSv1.2] 
19:53:49.086 [main] DEBUG io.netty.handler.ssl.JdkSslContext - Default cipher suites (JDK): [TLS_ECDHE_ECDSA_WITH_AES_256_GCM_SHA384, TLS_ECDHE_ECDSA_WITH_AES_128_GCM_SHA256, TLS_ECDHE_RSA_WITH_AES_128_GCM_SHA256, TLS_ECDHE_RSA_WITH_AES_256_GCM_SHA384, TLS_ECDHE_RSA_WITH_AES_128_CBC_SHA, TLS_ECDHE_RSA_WITH_AES_256_CBC_SHA, TLS_RSA_WITH_AES_128_GCM_SHA256, TLS_RSA_WITH_AES_128_CBC_SHA, TLS_RSA_WITH_AES_256_CBC_SHA, TLS_AES_128_GCM_SHA256, TLS_AES_256_GCM_SHA384]
19:53:49.110 [main] DEBUG io.netty.channel.MultithreadEventLoopGroup - -Dio.netty.eventLoopThreads: 16
19:53:49.118 [main] DEBUG io.netty.channel.nio.NioEventLoop - -Dio.netty.noKeySetOptimization: false
19:53:49.118 [main] DEBUG io.netty.channel.nio.NioEventLoop - -Dio.netty.selectorAutoRebuildThreshold: 512
19:53:49.165 [main] DEBUG io.netty.buffer.PooledByteBufAllocator - -Dio.netty.allocator.numHeapArenas: 16
19:53:49.165 [main] DEBUG io.netty.buffer.PooledByteBufAllocator - -Dio.netty.allocator.numDirectArenas: 16
19:53:49.165 [main] DEBUG io.netty.buffer.PooledByteBufAllocator - -Dio.netty.allocator.pageSize: 8192
19:53:49.165 [main] DEBUG io.netty.buffer.PooledByteBufAllocator - -Dio.netty.allocator.maxOrder: 9
19:53:49.165 [main] DEBUG io.netty.buffer.PooledByteBufAllocator - -Dio.netty.allocator.chunkSize: 4194304
19:53:49.165 [main] DEBUG io.netty.buffer.PooledByteBufAllocator - -Dio.netty.allocator.smallCacheSize: 256
19:53:49.165 [main] DEBUG io.netty.buffer.PooledByteBufAllocator - -Dio.netty.allocator.normalCacheSize: 64
19:53:49.165 [main] DEBUG io.netty.buffer.PooledByteBufAllocator - -Dio.netty.allocator.maxCachedBufferCapacity: 32768
19:53:49.165 [main] DEBUG io.netty.buffer.PooledByteBufAllocator - -Dio.netty.allocator.cacheTrimInterval: 8192
19:53:49.165 [main] DEBUG io.netty.buffer.PooledByteBufAllocator - -Dio.netty.allocator.cacheTrimIntervalMillis: 0
19:53:49.166 [main] DEBUG io.netty.buffer.PooledByteBufAllocator - -Dio.netty.allocator.useCacheForAllThreads: false
19:53:49.166 [main] DEBUG io.netty.buffer.PooledByteBufAllocator - -Dio.netty.allocator.maxCachedByteBuffersPerChunk: 1023
19:53:49.175 [main] DEBUG io.netty.buffer.ByteBufUtil - -Dio.netty.allocator.type: pooled
19:53:49.175 [main] DEBUG io.netty.buffer.ByteBufUtil - -Dio.netty.threadLocalDirectBufferSize: 0
19:53:49.175 [main] DEBUG io.netty.buffer.ByteBufUtil - -Dio.netty.maxThreadLocalCharBufferSize: 16384
19:53:49.440 [Forwarding newSession on session null to remote] DEBUG io.netty.channel.DefaultChannelId - -Dio.netty.processId: 17432 (auto-detected)
19:53:49.443 [Forwarding newSession on session null to remote] DEBUG io.netty.util.NetUtil - -Djava.net.preferIPv4Stack: false
19:53:49.443 [Forwarding newSession on session null to remote] DEBUG io.netty.util.NetUtil - -Djava.net.preferIPv6Addresses: false
19:53:49.457 [Forwarding newSession on session null to remote] DEBUG io.netty.util.NetUtilInitializations - Loopback interface: lo (Software Loopback Interface 1, 127.0.0.1)
19:53:49.458 [Forwarding newSession on session null to remote] DEBUG io.netty.util.NetUtil - Failed to get SOMAXCONN from sysctl and file \proc\sys\net\core\somaxconn. Default: 200
19:53:49.507 [Forwarding newSession on session null to remote] DEBUG io.netty.channel.DefaultChannelId - -Dio.netty.machineId: cc:6b:1e:ff:fe:34:9f:97 (auto-detected)
19:53:49.559 [AsyncHttpClient-1-2] DEBUG io.netty.buffer.AbstractByteBuf - -Dio.netty.buffer.checkAccessible: true
19:53:49.559 [AsyncHttpClient-1-2] DEBUG io.netty.buffer.AbstractByteBuf - -Dio.netty.buffer.checkBounds: true
19:53:49.559 [AsyncHttpClient-1-2] DEBUG io.netty.util.ResourceLeakDetectorFactory - Loaded default ResourceLeakDetector: io.netty.util.ResourceLeakDetector@527c8d33
19:53:49.575 [AsyncHttpClient-1-2] DEBUG org.asynchttpclient.netty.channel.NettyConnectListener - Using new Channel '[id: 0x8befece4, L:/127.0.0.1:58730 - R:localhost/127.0.0.1:4407]' for 'POST' to '/session'
19:53:49.598 [AsyncHttpClient-1-2] DEBUG io.netty.util.Recycler - -Dio.netty.recycler.maxCapacityPerThread: 4096
19:53:49.598 [AsyncHttpClient-1-2] DEBUG io.netty.util.Recycler - -Dio.netty.recycler.ratio: 8
19:53:49.598 [AsyncHttpClient-1-2] DEBUG io.netty.util.Recycler - -Dio.netty.recycler.chunkSize: 32
19:53:49.598 [AsyncHttpClient-1-2] DEBUG io.netty.util.Recycler - -Dio.netty.recycler.blocking: false
19:53:50.246 [AsyncHttpClient-1-2] DEBUG io.netty.handler.codec.compression.Brotli - brotli4j not in the classpath; Brotli support will be unavailable.
19:53:50.247 [AsyncHttpClient-1-2] DEBUG org.asynchttpclient.netty.handler.HttpHandler - 

Request DefaultHttpRequest(decodeResult: success, version: HTTP/1.1)
POST /session HTTP/1.1
User-Agent: selenium/4.7.1 (java windows)
Content-Length: 1629
Content-Type: application/json; charset=utf-8
host: localhost:4407
accept: */*

Response DefaultHttpResponse(decodeResult: success, version: HTTP/1.1)
HTTP/1.1 200 OK
Content-Type: application/json; charset=utf-8
cache-control: no-cache
content-length: 854

19:53:50.254 [AsyncHttpClient-1-2] DEBUG org.asynchttpclient.netty.channel.ChannelManager - Adding key: http://localhost:4407 for channel [id: 0x8befece4, L:/127.0.0.1:58730 - R:localhost/127.0.0.1:4407]
19:53:50.401 [AsyncHttpClient-1-3] DEBUG org.asynchttpclient.netty.channel.NettyConnectListener - Using new Channel '[id: 0x5deed846, L:/127.0.0.1:58738 - R:localhost/127.0.0.1:58732]' for 'GET' to '/json/version'
19:53:50.408 [AsyncHttpClient-1-3] DEBUG org.asynchttpclient.netty.handler.HttpHandler - 

Request DefaultFullHttpRequest(decodeResult: success, version: HTTP/1.1, content: EmptyByteBufBE)
GET /json/version HTTP/1.1
User-Agent: selenium/4.7.1 (java windows)
host: localhost:58732
accept: */*

Response DefaultHttpResponse(decodeResult: success, version: HTTP/1.1)
HTTP/1.1 200 OK
Content-Security-Policy: frame-ancestors 'none'
Content-Type: application/json; charset=UTF-8
content-length: 424

19:53:50.409 [AsyncHttpClient-1-3] DEBUG org.asynchttpclient.netty.channel.ChannelManager - Adding key: http://localhost:58732 for channel [id: 0x5deed846, L:/127.0.0.1:58738 - R:localhost/127.0.0.1:58732]
19:53:50.434 [main] DEBUG io.netty.util.internal.ThreadLocalRandom - -Dio.netty.initialSeedUniquifier: 0x651f901a4d468a46
19:53:50.441 [AsyncHttpClient-1-4] DEBUG org.asynchttpclient.netty.channel.NettyConnectListener - Using new Channel '[id: 0x8fdf6f23, L:/127.0.0.1:58739 - R:localhost/127.0.0.1:58732]' for 'GET' to '/devtools/browser/efa7d606-ddf6-4451-8cc9-01e75c3edf38'
19:53:50.447 [AsyncHttpClient-1-4] DEBUG org.asynchttpclient.netty.handler.WebSocketHandler - 

Request DefaultFullHttpRequest(decodeResult: success, version: HTTP/1.1, content: EmptyByteBufBE)
GET /devtools/browser/efa7d606-ddf6-4451-8cc9-01e75c3edf38 HTTP/1.1
upgrade: websocket
connection: upgrade
sec-websocket-key: t/32Irk9rIUKpxDbOAdVFg==
sec-websocket-version: 13
origin: http://localhost:58732
host: localhost:58732
accept: */*
user-agent: AHC/2.1

Response DefaultHttpResponse(decodeResult: success, version: HTTP/1.1)
HTTP/1.1 101 WebSocket Protocol Handshake
Upgrade: WebSocket
Connection: Upgrade
Sec-WebSocket-Accept: SFZmHkzZLi/VV46VgbHnlAFNRcE=

19:53:51.211 [AsyncHttpClient-1-1] DEBUG org.asynchttpclient.netty.channel.DefaultChannelPool - Entry count for : http://localhost:58732 : 1
19:53:51.211 [AsyncHttpClient-1-1] DEBUG org.asynchttpclient.netty.channel.DefaultChannelPool - Entry count for : http://localhost:4407 : 1
19:53:51.756 [main] DEBUG net.thucydides.core.reflection.ClassFinder - Could not load class .starter.CucumberTestSuite
19:53:51.757 [main] DEBUG net.thucydides.core.reflection.ClassFinder - Could not load class .starter.pages.LoginPage
19:53:51.757 [main] DEBUG net.thucydides.core.reflection.ClassFinder - Could not load class .starter.pages.RegisterPage
19:53:51.757 [main] DEBUG net.thucydides.core.reflection.ClassFinder - Could not load class .starter.pages.TransaksiPage
19:53:51.757 [main] DEBUG net.thucydides.core.reflection.ClassFinder - Could not load class .starter.stepdefinitions.LoginRegisterSteps
19:53:51.757 [main] DEBUG net.thucydides.core.reflection.ClassFinder - Could not load class .starter.stepdefinitions.RegisterSteps
19:53:51.757 [main] DEBUG net.thucydides.core.reflection.ClassFinder - Could not load class .starter.stepdefinitions.TransaksiSteps
19:53:51.758 [main] DEBUG net.thucydides.core.reflection.ClassFinder - Could not load class META-INF.versions.9.com.sun.istack.logging.StackHelper
19:53:51.759 [main] DEBUG net.thucydides.core.reflection.ClassFinder - Could not load class META-INF.versions.9.com.sun.xml.bind.v2.runtime.reflect.opt.AccessorInjector
19:53:51.760 [main] DEBUG net.thucydides.core.reflection.ClassFinder - Could not load class META-INF.versions.9.com.sun.xml.bind.v2.runtime.reflect.opt.Injector
19:53:51.760 [main] DEBUG net.thucydides.core.reflection.ClassFinder - Could not load class META-INF.versions.9.com.sun.xml.bind.v2.runtime.reflect.opt.OptimizedAccessorFactory
19:53:51.761 [main] DEBUG net.thucydides.core.reflection.ClassFinder - Could not load class META-INF.versions.9.com.sun.xml.bind.v2.runtime.reflect.opt.OptimizedTransducedAccessorFactory
19:53:51.762 [main] DEBUG net.thucydides.core.reflection.ClassFinder - Could not load class META-INF.versions.9.io.opentelemetry.sdk.internal.CurrentJavaVersionSpecific
19:53:51.763 [main] DEBUG net.thucydides.core.reflection.ClassFinder - Could not load class META-INF.versions.9.io.opentelemetry.sdk.internal.Java9VersionSpecific
19:53:51.764 [main] DEBUG net.thucydides.core.reflection.ClassFinder - Could not load class META-INF.versions.9.javax.xml.bind.ModuleUtil
19:53:51.765 [main] DEBUG net.thucydides.core.reflection.ClassFinder - Could not load class META-INF.versions.9.module-info
19:53:51.766 [main] DEBUG net.thucydides.core.reflection.ClassFinder - Could not load class META-INF.versions.9.org.junit.platform.commons.util.ModuleUtils
19:53:52.322 [AsyncHttpClient-1-1] DEBUG org.asynchttpclient.netty.channel.DefaultChannelPool - Entry count for : http://localhost:58732 : 1
19:53:52.322 [AsyncHttpClient-1-1] DEBUG org.asynchttpclient.netty.channel.DefaultChannelPool - Entry count for : http://localhost:4407 : 1
19:53:52.591 [main] DEBUG net.thucydides.core.reflection.ClassFinder - Could not load class com.google.gson.internal.
19:53:52.816 [main] DEBUG net.thucydides.core.reflection.ClassFinder - Could not load class com.sun.xml.bind.v2.runtime.output.FastInfosetStreamWriterOutput
19:53:53.233 [main] DEBUG net.thucydides.core.reflection.ClassFinder - Could not load class module-info
19:53:53.417 [AsyncHttpClient-1-1] DEBUG org.asynchttpclient.netty.channel.DefaultChannelPool - Entry count for : http://localhost:58732 : 1
19:53:53.419 [AsyncHttpClient-1-1] DEBUG org.asynchttpclient.netty.channel.DefaultChannelPool - Entry count for : http://localhost:4407 : 1
19:53:54.523 [AsyncHttpClient-1-1] DEBUG org.asynchttpclient.netty.channel.DefaultChannelPool - Entry count for : http://localhost:58732 : 1
19:53:54.523 [AsyncHttpClient-1-1] DEBUG org.asynchttpclient.netty.channel.DefaultChannelPool - Entry count for : http://localhost:4407 : 1
19:53:55.624 [AsyncHttpClient-1-1] DEBUG org.asynchttpclient.netty.channel.DefaultChannelPool - Entry count for : http://localhost:58732 : 1
19:53:55.624 [AsyncHttpClient-1-1] DEBUG org.asynchttpclient.netty.channel.DefaultChannelPool - Entry count for : http://localhost:4407 : 1
19:53:56.717 [AsyncHttpClient-1-1] DEBUG org.asynchttpclient.netty.channel.DefaultChannelPool - Entry count for : http://localhost:58732 : 1
19:53:56.717 [AsyncHttpClient-1-1] DEBUG org.asynchttpclient.netty.channel.DefaultChannelPool - Entry count for : http://localhost:4407 : 1
19:53:57.311 [Forwarding get on session fda11f5abc0b8af7ea4ac13ad51fe42a to remote] DEBUG org.asynchttpclient.netty.request.NettyRequestSender - Using pooled Channel '[id: 0x8befece4, L:/127.0.0.1:58730 - R:localhost/127.0.0.1:4407]' for 'POST' to 'http://localhost:4407/session/fda11f5abc0b8af7ea4ac13ad51fe42a/url'
19:53:57.311 [Forwarding get on session fda11f5abc0b8af7ea4ac13ad51fe42a to remote] DEBUG org.asynchttpclient.netty.request.NettyRequestSender - Using open Channel [id: 0x8befece4, L:/127.0.0.1:58730 - R:localhost/127.0.0.1:4407] for POST '/session/fda11f5abc0b8af7ea4ac13ad51fe42a/url'
19:53:57.817 [AsyncHttpClient-1-1] DEBUG org.asynchttpclient.netty.channel.DefaultChannelPool - Entry count for : http://localhost:58732 : 1
19:53:58.289 [AsyncHttpClient-1-2] DEBUG org.asynchttpclient.netty.handler.HttpHandler - 

Request DefaultHttpRequest(decodeResult: success, version: HTTP/1.1)
POST /session/fda11f5abc0b8af7ea4ac13ad51fe42a/url HTTP/1.1
User-Agent: selenium/4.7.1 (java windows)
Content-Length: 59
Content-Type: application/json; charset=utf-8
host: localhost:4407
accept: */*

Response DefaultHttpResponse(decodeResult: success, version: HTTP/1.1)
HTTP/1.1 200 OK
Content-Type: application/json; charset=utf-8
cache-control: no-cache
content-length: 14

19:53:58.289 [AsyncHttpClient-1-2] DEBUG org.asynchttpclient.netty.channel.ChannelManager - Adding key: http://localhost:4407 for channel [id: 0x8befece4, L:/127.0.0.1:58730 - R:localhost/127.0.0.1:4407]
19:53:58.297 [Forwarding setTimeout on session fda11f5abc0b8af7ea4ac13ad51fe42a to remote] DEBUG org.asynchttpclient.netty.request.NettyRequestSender - Using pooled Channel '[id: 0x8befece4, L:/127.0.0.1:58730 - R:localhost/127.0.0.1:4407]' for 'POST' to 'http://localhost:4407/session/fda11f5abc0b8af7ea4ac13ad51fe42a/timeouts'
19:53:58.297 [Forwarding setTimeout on session fda11f5abc0b8af7ea4ac13ad51fe42a to remote] DEBUG org.asynchttpclient.netty.request.NettyRequestSender - Using open Channel [id: 0x8befece4, L:/127.0.0.1:58730 - R:localhost/127.0.0.1:4407] for POST '/session/fda11f5abc0b8af7ea4ac13ad51fe42a/timeouts'
19:53:58.305 [AsyncHttpClient-1-2] DEBUG org.asynchttpclient.netty.handler.HttpHandler - 

Request DefaultHttpRequest(decodeResult: success, version: HTTP/1.1)
POST /session/fda11f5abc0b8af7ea4ac13ad51fe42a/timeouts HTTP/1.1
User-Agent: selenium/4.7.1 (java windows)
Content-Length: 22
Content-Type: application/json; charset=utf-8
host: localhost:4407
accept: */*

Response DefaultHttpResponse(decodeResult: success, version: HTTP/1.1)
HTTP/1.1 200 OK
Content-Type: application/json; charset=utf-8
cache-control: no-cache
content-length: 14

19:53:58.305 [AsyncHttpClient-1-2] DEBUG org.asynchttpclient.netty.channel.ChannelManager - Adding key: http://localhost:4407 for channel [id: 0x8befece4, L:/127.0.0.1:58730 - R:localhost/127.0.0.1:4407]
19:53:58.313 [Forwarding getCurrentUrl on session fda11f5abc0b8af7ea4ac13ad51fe42a to remote] DEBUG org.asynchttpclient.netty.request.NettyRequestSender - Using pooled Channel '[id: 0x8befece4, L:/127.0.0.1:58730 - R:localhost/127.0.0.1:4407]' for 'GET' to 'http://localhost:4407/session/fda11f5abc0b8af7ea4ac13ad51fe42a/url'
19:53:58.313 [Forwarding getCurrentUrl on session fda11f5abc0b8af7ea4ac13ad51fe42a to remote] DEBUG org.asynchttpclient.netty.request.NettyRequestSender - Using open Channel [id: 0x8befece4, L:/127.0.0.1:58730 - R:localhost/127.0.0.1:4407] for GET '/session/fda11f5abc0b8af7ea4ac13ad51fe42a/url'
19:53:58.882 [AsyncHttpClient-1-2] DEBUG org.asynchttpclient.netty.handler.HttpHandler - 

Request DefaultFullHttpRequest(decodeResult: success, version: HTTP/1.1, content: EmptyByteBufBE)
GET /session/fda11f5abc0b8af7ea4ac13ad51fe42a/url HTTP/1.1
User-Agent: selenium/4.7.1 (java windows)
Cache-Control: no-cache
Content-Type: application/json; charset=utf-8
host: localhost:4407
accept: */*

Response DefaultHttpResponse(decodeResult: success, version: HTTP/1.1)
HTTP/1.1 200 OK
Content-Type: application/json; charset=utf-8
cache-control: no-cache
content-length: 41

19:53:58.882 [AsyncHttpClient-1-2] DEBUG org.asynchttpclient.netty.channel.ChannelManager - Adding key: http://localhost:4407 for channel [id: 0x8befece4, L:/127.0.0.1:58730 - R:localhost/127.0.0.1:4407]
19:53:58.906 [Forwarding getCurrentUrl on session fda11f5abc0b8af7ea4ac13ad51fe42a to remote] DEBUG org.asynchttpclient.netty.request.NettyRequestSender - Using pooled Channel '[id: 0x8befece4, L:/127.0.0.1:58730 - R:localhost/127.0.0.1:4407]' for 'GET' to 'http://localhost:4407/session/fda11f5abc0b8af7ea4ac13ad51fe42a/url'
19:53:58.906 [Forwarding getCurrentUrl on session fda11f5abc0b8af7ea4ac13ad51fe42a to remote] DEBUG org.asynchttpclient.netty.request.NettyRequestSender - Using open Channel [id: 0x8befece4, L:/127.0.0.1:58730 - R:localhost/127.0.0.1:4407] for GET '/session/fda11f5abc0b8af7ea4ac13ad51fe42a/url'
19:53:58.914 [AsyncHttpClient-1-1] DEBUG org.asynchttpclient.netty.channel.DefaultChannelPool - Entry count for : http://localhost:58732 : 1
19:53:58.914 [AsyncHttpClient-1-2] DEBUG org.asynchttpclient.netty.handler.HttpHandler - 

Request DefaultFullHttpRequest(decodeResult: success, version: HTTP/1.1, content: EmptyByteBufBE)
GET /session/fda11f5abc0b8af7ea4ac13ad51fe42a/url HTTP/1.1
User-Agent: selenium/4.7.1 (java windows)
Cache-Control: no-cache
Content-Type: application/json; charset=utf-8
host: localhost:4407
accept: */*

Response DefaultHttpResponse(decodeResult: success, version: HTTP/1.1)
HTTP/1.1 200 OK
Content-Type: application/json; charset=utf-8
cache-control: no-cache
content-length: 41

19:53:58.914 [AsyncHttpClient-1-2] DEBUG org.asynchttpclient.netty.channel.ChannelManager - Adding key: http://localhost:4407 for channel [id: 0x8befece4, L:/127.0.0.1:58730 - R:localhost/127.0.0.1:4407]
19:53:58.946 [Forwarding findElement on session fda11f5abc0b8af7ea4ac13ad51fe42a to remote] DEBUG org.asynchttpclient.netty.request.NettyRequestSender - Using pooled Channel '[id: 0x8befece4, L:/127.0.0.1:58730 - R:localhost/127.0.0.1:4407]' for 'POST' to 'http://localhost:4407/session/fda11f5abc0b8af7ea4ac13ad51fe42a/element'
19:53:58.946 [Forwarding findElement on session fda11f5abc0b8af7ea4ac13ad51fe42a to remote] DEBUG org.asynchttpclient.netty.request.NettyRequestSender - Using open Channel [id: 0x8befece4, L:/127.0.0.1:58730 - R:localhost/127.0.0.1:4407] for POST '/session/fda11f5abc0b8af7ea4ac13ad51fe42a/element'
19:53:58.962 [AsyncHttpClient-1-2] DEBUG org.asynchttpclient.netty.handler.HttpHandler - 

Request DefaultHttpRequest(decodeResult: success, version: HTTP/1.1)
POST /session/fda11f5abc0b8af7ea4ac13ad51fe42a/element HTTP/1.1
User-Agent: selenium/4.7.1 (java windows)
Content-Length: 108
Content-Type: application/json; charset=utf-8
host: localhost:4407
accept: */*

Response DefaultHttpResponse(decodeResult: success, version: HTTP/1.1)
HTTP/1.1 200 OK
Content-Type: application/json; charset=utf-8
cache-control: no-cache
content-length: 88

19:53:58.962 [AsyncHttpClient-1-2] DEBUG org.asynchttpclient.netty.channel.ChannelManager - Adding key: http://localhost:4407 for channel [id: 0x8befece4, L:/127.0.0.1:58730 - R:localhost/127.0.0.1:4407]
19:53:58.978 [Forwarding isElementDisplayed on session fda11f5abc0b8af7ea4ac13ad51fe42a to remote] DEBUG org.asynchttpclient.netty.request.NettyRequestSender - Using pooled Channel '[id: 0x8befece4, L:/127.0.0.1:58730 - R:localhost/127.0.0.1:4407]' for 'POST' to 'http://localhost:4407/session/fda11f5abc0b8af7ea4ac13ad51fe42a/execute/sync'
19:53:58.978 [Forwarding isElementDisplayed on session fda11f5abc0b8af7ea4ac13ad51fe42a to remote] DEBUG org.asynchttpclient.netty.request.NettyRequestSender - Using open Channel [id: 0x8befece4, L:/127.0.0.1:58730 - R:localhost/127.0.0.1:4407] for POST '/session/fda11f5abc0b8af7ea4ac13ad51fe42a/execute/sync'
19:53:58.993 [AsyncHttpClient-1-2] DEBUG org.asynchttpclient.netty.handler.HttpHandler - 

Request DefaultHttpRequest(decodeResult: success, version: HTTP/1.1)
POST /session/fda11f5abc0b8af7ea4ac13ad51fe42a/execute/sync HTTP/1.1
User-Agent: selenium/4.7.1 (java windows)
Content-Length: 48780
Content-Type: application/json; charset=utf-8
host: localhost:4407
accept: */*

Response DefaultHttpResponse(decodeResult: success, version: HTTP/1.1)
HTTP/1.1 200 OK
Content-Type: application/json; charset=utf-8
cache-control: no-cache
content-length: 14

19:53:58.993 [AsyncHttpClient-1-2] DEBUG org.asynchttpclient.netty.channel.ChannelManager - Adding key: http://localhost:4407 for channel [id: 0x8befece4, L:/127.0.0.1:58730 - R:localhost/127.0.0.1:4407]
19:53:58.993 [Forwarding isElementDisplayed on session fda11f5abc0b8af7ea4ac13ad51fe42a to remote] DEBUG org.asynchttpclient.netty.request.NettyRequestSender - Using pooled Channel '[id: 0x8befece4, L:/127.0.0.1:58730 - R:localhost/127.0.0.1:4407]' for 'POST' to 'http://localhost:4407/session/fda11f5abc0b8af7ea4ac13ad51fe42a/execute/sync'
19:53:58.993 [Forwarding isElementDisplayed on session fda11f5abc0b8af7ea4ac13ad51fe42a to remote] DEBUG org.asynchttpclient.netty.request.NettyRequestSender - Using open Channel [id: 0x8befece4, L:/127.0.0.1:58730 - R:localhost/127.0.0.1:4407] for POST '/session/fda11f5abc0b8af7ea4ac13ad51fe42a/execute/sync'
19:53:59.009 [AsyncHttpClient-1-2] DEBUG org.asynchttpclient.netty.handler.HttpHandler - 

Request DefaultHttpRequest(decodeResult: success, version: HTTP/1.1)
POST /session/fda11f5abc0b8af7ea4ac13ad51fe42a/execute/sync HTTP/1.1
User-Agent: selenium/4.7.1 (java windows)
Content-Length: 48780
Content-Type: application/json; charset=utf-8
host: localhost:4407
accept: */*

Response DefaultHttpResponse(decodeResult: success, version: HTTP/1.1)
HTTP/1.1 200 OK
Content-Type: application/json; charset=utf-8
cache-control: no-cache
content-length: 14

19:53:59.009 [AsyncHttpClient-1-2] DEBUG org.asynchttpclient.netty.channel.ChannelManager - Adding key: http://localhost:4407 for channel [id: 0x8befece4, L:/127.0.0.1:58730 - R:localhost/127.0.0.1:4407]
19:53:59.024 [main] DEBUG net.serenitybdd.core.photography.Darkroom - Opening darkroom
19:53:59.024 [Darkroom Processing Line] DEBUG net.serenitybdd.core.photography.DarkroomProcessingLine - Darkroom processing line starting up
19:53:59.040 [Forwarding getCurrentWindowHandle on session fda11f5abc0b8af7ea4ac13ad51fe42a to remote] DEBUG org.asynchttpclient.netty.request.NettyRequestSender - Using pooled Channel '[id: 0x8befece4, L:/127.0.0.1:58730 - R:localhost/127.0.0.1:4407]' for 'GET' to 'http://localhost:4407/session/fda11f5abc0b8af7ea4ac13ad51fe42a/window'
19:53:59.040 [Forwarding getCurrentWindowHandle on session fda11f5abc0b8af7ea4ac13ad51fe42a to remote] DEBUG org.asynchttpclient.netty.request.NettyRequestSender - Using open Channel [id: 0x8befece4, L:/127.0.0.1:58730 - R:localhost/127.0.0.1:4407] for GET '/session/fda11f5abc0b8af7ea4ac13ad51fe42a/window'
19:53:59.040 [AsyncHttpClient-1-2] DEBUG org.asynchttpclient.netty.handler.HttpHandler - 

Request DefaultFullHttpRequest(decodeResult: success, version: HTTP/1.1, content: EmptyByteBufBE)
GET /session/fda11f5abc0b8af7ea4ac13ad51fe42a/window HTTP/1.1
User-Agent: selenium/4.7.1 (java windows)
Cache-Control: no-cache
Content-Type: application/json; charset=utf-8
host: localhost:4407
accept: */*

Response DefaultHttpResponse(decodeResult: success, version: HTTP/1.1)
HTTP/1.1 200 OK
Content-Type: application/json; charset=utf-8
cache-control: no-cache
content-length: 44

19:53:59.040 [AsyncHttpClient-1-2] DEBUG org.asynchttpclient.netty.channel.ChannelManager - Adding key: http://localhost:4407 for channel [id: 0x8befece4, L:/127.0.0.1:58730 - R:localhost/127.0.0.1:4407]
19:53:59.040 [Forwarding getAlertText on session fda11f5abc0b8af7ea4ac13ad51fe42a to remote] DEBUG org.asynchttpclient.netty.request.NettyRequestSender - Using pooled Channel '[id: 0x8befece4, L:/127.0.0.1:58730 - R:localhost/127.0.0.1:4407]' for 'GET' to 'http://localhost:4407/session/fda11f5abc0b8af7ea4ac13ad51fe42a/alert/text'
19:53:59.040 [Forwarding getAlertText on session fda11f5abc0b8af7ea4ac13ad51fe42a to remote] DEBUG org.asynchttpclient.netty.request.NettyRequestSender - Using open Channel [id: 0x8befece4, L:/127.0.0.1:58730 - R:localhost/127.0.0.1:4407] for GET '/session/fda11f5abc0b8af7ea4ac13ad51fe42a/alert/text'
19:53:59.040 [AsyncHttpClient-1-2] DEBUG org.asynchttpclient.netty.handler.HttpHandler - 

Request DefaultFullHttpRequest(decodeResult: success, version: HTTP/1.1, content: EmptyByteBufBE)
GET /session/fda11f5abc0b8af7ea4ac13ad51fe42a/alert/text HTTP/1.1
User-Agent: selenium/4.7.1 (java windows)
Cache-Control: no-cache
Content-Type: application/json; charset=utf-8
host: localhost:4407
accept: */*

Response DefaultHttpResponse(decodeResult: success, version: HTTP/1.1)
HTTP/1.1 404 Not Found
Content-Type: application/json; charset=utf-8
cache-control: no-cache
content-length: 821

19:53:59.056 [AsyncHttpClient-1-2] DEBUG org.asynchttpclient.netty.channel.ChannelManager - Adding key: http://localhost:4407 for channel [id: 0x8befece4, L:/127.0.0.1:58730 - R:localhost/127.0.0.1:4407]
19:53:59.056 [Forwarding switchToWindow on session fda11f5abc0b8af7ea4ac13ad51fe42a to remote] DEBUG org.asynchttpclient.netty.request.NettyRequestSender - Using pooled Channel '[id: 0x8befece4, L:/127.0.0.1:58730 - R:localhost/127.0.0.1:4407]' for 'POST' to 'http://localhost:4407/session/fda11f5abc0b8af7ea4ac13ad51fe42a/window'
19:53:59.056 [Forwarding switchToWindow on session fda11f5abc0b8af7ea4ac13ad51fe42a to remote] DEBUG org.asynchttpclient.netty.request.NettyRequestSender - Using open Channel [id: 0x8befece4, L:/127.0.0.1:58730 - R:localhost/127.0.0.1:4407] for POST '/session/fda11f5abc0b8af7ea4ac13ad51fe42a/window'
19:53:59.071 [AsyncHttpClient-1-2] DEBUG org.asynchttpclient.netty.handler.HttpHandler - 

Request DefaultHttpRequest(decodeResult: success, version: HTTP/1.1)
POST /session/fda11f5abc0b8af7ea4ac13ad51fe42a/window HTTP/1.1
User-Agent: selenium/4.7.1 (java windows)
Content-Length: 50
Content-Type: application/json; charset=utf-8
host: localhost:4407
accept: */*

Response DefaultHttpResponse(decodeResult: success, version: HTTP/1.1)
HTTP/1.1 200 OK
Content-Type: application/json; charset=utf-8
cache-control: no-cache
content-length: 14

19:53:59.071 [AsyncHttpClient-1-2] DEBUG org.asynchttpclient.netty.channel.ChannelManager - Adding key: http://localhost:4407 for channel [id: 0x8befece4, L:/127.0.0.1:58730 - R:localhost/127.0.0.1:4407]
19:53:59.071 [Forwarding getCurrentUrl on session fda11f5abc0b8af7ea4ac13ad51fe42a to remote] DEBUG org.asynchttpclient.netty.request.NettyRequestSender - Using pooled Channel '[id: 0x8befece4, L:/127.0.0.1:58730 - R:localhost/127.0.0.1:4407]' for 'GET' to 'http://localhost:4407/session/fda11f5abc0b8af7ea4ac13ad51fe42a/url'
19:53:59.071 [Forwarding getCurrentUrl on session fda11f5abc0b8af7ea4ac13ad51fe42a to remote] DEBUG org.asynchttpclient.netty.request.NettyRequestSender - Using open Channel [id: 0x8befece4, L:/127.0.0.1:58730 - R:localhost/127.0.0.1:4407] for GET '/session/fda11f5abc0b8af7ea4ac13ad51fe42a/url'
19:53:59.079 [AsyncHttpClient-1-2] DEBUG org.asynchttpclient.netty.handler.HttpHandler - 

Request DefaultFullHttpRequest(decodeResult: success, version: HTTP/1.1, content: EmptyByteBufBE)
GET /session/fda11f5abc0b8af7ea4ac13ad51fe42a/url HTTP/1.1
User-Agent: selenium/4.7.1 (java windows)
Cache-Control: no-cache
Content-Type: application/json; charset=utf-8
host: localhost:4407
accept: */*

Response DefaultHttpResponse(decodeResult: success, version: HTTP/1.1)
HTTP/1.1 200 OK
Content-Type: application/json; charset=utf-8
cache-control: no-cache
content-length: 41

19:53:59.079 [AsyncHttpClient-1-2] DEBUG org.asynchttpclient.netty.channel.ChannelManager - Adding key: http://localhost:4407 for channel [id: 0x8befece4, L:/127.0.0.1:58730 - R:localhost/127.0.0.1:4407]
19:53:59.079 [Forwarding screenshot on session fda11f5abc0b8af7ea4ac13ad51fe42a to remote] DEBUG org.asynchttpclient.netty.request.NettyRequestSender - Using pooled Channel '[id: 0x8befece4, L:/127.0.0.1:58730 - R:localhost/127.0.0.1:4407]' for 'GET' to 'http://localhost:4407/session/fda11f5abc0b8af7ea4ac13ad51fe42a/screenshot'
19:53:59.079 [Forwarding screenshot on session fda11f5abc0b8af7ea4ac13ad51fe42a to remote] DEBUG org.asynchttpclient.netty.request.NettyRequestSender - Using open Channel [id: 0x8befece4, L:/127.0.0.1:58730 - R:localhost/127.0.0.1:4407] for GET '/session/fda11f5abc0b8af7ea4ac13ad51fe42a/screenshot'
19:53:59.184 [AsyncHttpClient-1-2] DEBUG org.asynchttpclient.netty.handler.HttpHandler - 

Request DefaultFullHttpRequest(decodeResult: success, version: HTTP/1.1, content: EmptyByteBufBE)
GET /session/fda11f5abc0b8af7ea4ac13ad51fe42a/screenshot HTTP/1.1
User-Agent: selenium/4.7.1 (java windows)
Cache-Control: no-cache
Content-Type: application/json; charset=utf-8
host: localhost:4407
accept: */*

Response DefaultHttpResponse(decodeResult: success, version: HTTP/1.1)
HTTP/1.1 200 OK
Content-Type: application/json; charset=utf-8
cache-control: no-cache
content-length: 93948

19:53:59.184 [AsyncHttpClient-1-2] DEBUG org.asynchttpclient.netty.channel.ChannelManager - Adding key: http://localhost:4407 for channel [id: 0x8befece4, L:/127.0.0.1:58730 - R:localhost/127.0.0.1:4407]
19:53:59.262 [main] DEBUG net.serenitybdd.core.photography.Darkroom - Send negative for processing for target\site\serenity\4cfea5e67b3b06ff74e704c965289a2c4d7bce5fadbed9a8756b8bc1c21b4fee.png
19:53:59.262 [Darkroom Processing Line] DEBUG net.serenitybdd.core.photography.DarkroomProcessingLine - Processing screenshot image in /var/screenshots/screenshot-4230907417942541529
19:53:59.262 [Darkroom Processing Line] DEBUG net.serenitybdd.core.photography.DarkroomProcessingLine - Saving screenshot to target\site\serenity\4cfea5e67b3b06ff74e704c965289a2c4d7bce5fadbed9a8756b8bc1c21b4fee.png
19:53:59.262 [main] DEBUG net.thucydides.core.steps.StepInterceptor - STEP DONE: diHomepageAltaShop
19:53:59.262 [main] DEBUG net.thucydides.core.steps.StepInterceptor - STARTING STEP: TransaksiSteps.userBeradaDiHomepageAltaShopDanLoginAkun - klikButtonLogin
19:53:59.277 [Forwarding findElement on session fda11f5abc0b8af7ea4ac13ad51fe42a to remote] DEBUG org.asynchttpclient.netty.request.NettyRequestSender - Using pooled Channel '[id: 0x8befece4, L:/127.0.0.1:58730 - R:localhost/127.0.0.1:4407]' for 'POST' to 'http://localhost:4407/session/fda11f5abc0b8af7ea4ac13ad51fe42a/element'
19:53:59.277 [Forwarding findElement on session fda11f5abc0b8af7ea4ac13ad51fe42a to remote] DEBUG org.asynchttpclient.netty.request.NettyRequestSender - Using open Channel [id: 0x8befece4, L:/127.0.0.1:58730 - R:localhost/127.0.0.1:4407] for POST '/session/fda11f5abc0b8af7ea4ac13ad51fe42a/element'
19:53:59.293 [AsyncHttpClient-1-2] DEBUG org.asynchttpclient.netty.handler.HttpHandler - 

Request DefaultHttpRequest(decodeResult: success, version: HTTP/1.1)
POST /session/fda11f5abc0b8af7ea4ac13ad51fe42a/element HTTP/1.1
User-Agent: selenium/4.7.1 (java windows)
Content-Length: 108
Content-Type: application/json; charset=utf-8
host: localhost:4407
accept: */*

Response DefaultHttpResponse(decodeResult: success, version: HTTP/1.1)
HTTP/1.1 200 OK
Content-Type: application/json; charset=utf-8
cache-control: no-cache
content-length: 88

19:53:59.293 [AsyncHttpClient-1-2] DEBUG org.asynchttpclient.netty.channel.ChannelManager - Adding key: http://localhost:4407 for channel [id: 0x8befece4, L:/127.0.0.1:58730 - R:localhost/127.0.0.1:4407]
19:53:59.293 [Forwarding getElementTagName on session fda11f5abc0b8af7ea4ac13ad51fe42a to remote] DEBUG org.asynchttpclient.netty.request.NettyRequestSender - Using pooled Channel '[id: 0x8befece4, L:/127.0.0.1:58730 - R:localhost/127.0.0.1:4407]' for 'GET' to 'http://localhost:4407/session/fda11f5abc0b8af7ea4ac13ad51fe42a/element/00ec5b92-3a5f-4431-9ee0-224e4b7455a0/name'
19:53:59.293 [Forwarding getElementTagName on session fda11f5abc0b8af7ea4ac13ad51fe42a to remote] DEBUG org.asynchttpclient.netty.request.NettyRequestSender - Using open Channel [id: 0x8befece4, L:/127.0.0.1:58730 - R:localhost/127.0.0.1:4407] for GET '/session/fda11f5abc0b8af7ea4ac13ad51fe42a/element/00ec5b92-3a5f-4431-9ee0-224e4b7455a0/name'
19:53:59.293 [AsyncHttpClient-1-2] DEBUG org.asynchttpclient.netty.handler.HttpHandler - 

Request DefaultFullHttpRequest(decodeResult: success, version: HTTP/1.1, content: EmptyByteBufBE)
GET /session/fda11f5abc0b8af7ea4ac13ad51fe42a/element/00ec5b92-3a5f-4431-9ee0-224e4b7455a0/name HTTP/1.1
User-Agent: selenium/4.7.1 (java windows)
Cache-Control: no-cache
Content-Type: application/json; charset=utf-8
host: localhost:4407
accept: */*

Response DefaultHttpResponse(decodeResult: success, version: HTTP/1.1)
HTTP/1.1 200 OK
Content-Type: application/json; charset=utf-8
cache-control: no-cache
content-length: 18

19:53:59.293 [AsyncHttpClient-1-2] DEBUG org.asynchttpclient.netty.channel.ChannelManager - Adding key: http://localhost:4407 for channel [id: 0x8befece4, L:/127.0.0.1:58730 - R:localhost/127.0.0.1:4407]
19:53:59.293 [Forwarding getElementTagName on session fda11f5abc0b8af7ea4ac13ad51fe42a to remote] DEBUG org.asynchttpclient.netty.request.NettyRequestSender - Using pooled Channel '[id: 0x8befece4, L:/127.0.0.1:58730 - R:localhost/127.0.0.1:4407]' for 'GET' to 'http://localhost:4407/session/fda11f5abc0b8af7ea4ac13ad51fe42a/element/00ec5b92-3a5f-4431-9ee0-224e4b7455a0/name'
19:53:59.293 [Forwarding getElementTagName on session fda11f5abc0b8af7ea4ac13ad51fe42a to remote] DEBUG org.asynchttpclient.netty.request.NettyRequestSender - Using open Channel [id: 0x8befece4, L:/127.0.0.1:58730 - R:localhost/127.0.0.1:4407] for GET '/session/fda11f5abc0b8af7ea4ac13ad51fe42a/element/00ec5b92-3a5f-4431-9ee0-224e4b7455a0/name'
19:53:59.309 [AsyncHttpClient-1-2] DEBUG org.asynchttpclient.netty.handler.HttpHandler - 

Request DefaultFullHttpRequest(decodeResult: success, version: HTTP/1.1, content: EmptyByteBufBE)
GET /session/fda11f5abc0b8af7ea4ac13ad51fe42a/element/00ec5b92-3a5f-4431-9ee0-224e4b7455a0/name HTTP/1.1
User-Agent: selenium/4.7.1 (java windows)
Cache-Control: no-cache
Content-Type: application/json; charset=utf-8
host: localhost:4407
accept: */*

Response DefaultHttpResponse(decodeResult: success, version: HTTP/1.1)
HTTP/1.1 200 OK
Content-Type: application/json; charset=utf-8
cache-control: no-cache
content-length: 18

19:53:59.309 [AsyncHttpClient-1-2] DEBUG org.asynchttpclient.netty.channel.ChannelManager - Adding key: http://localhost:4407 for channel [id: 0x8befece4, L:/127.0.0.1:58730 - R:localhost/127.0.0.1:4407]
19:53:59.309 [Forwarding isElementEnabled on session fda11f5abc0b8af7ea4ac13ad51fe42a to remote] DEBUG org.asynchttpclient.netty.request.NettyRequestSender - Using pooled Channel '[id: 0x8befece4, L:/127.0.0.1:58730 - R:localhost/127.0.0.1:4407]' for 'GET' to 'http://localhost:4407/session/fda11f5abc0b8af7ea4ac13ad51fe42a/element/00ec5b92-3a5f-4431-9ee0-224e4b7455a0/enabled'
19:53:59.309 [Forwarding isElementEnabled on session fda11f5abc0b8af7ea4ac13ad51fe42a to remote] DEBUG org.asynchttpclient.netty.request.NettyRequestSender - Using open Channel [id: 0x8befece4, L:/127.0.0.1:58730 - R:localhost/127.0.0.1:4407] for GET '/session/fda11f5abc0b8af7ea4ac13ad51fe42a/element/00ec5b92-3a5f-4431-9ee0-224e4b7455a0/enabled'
19:53:59.309 [AsyncHttpClient-1-2] DEBUG org.asynchttpclient.netty.handler.HttpHandler - 

Request DefaultFullHttpRequest(decodeResult: success, version: HTTP/1.1, content: EmptyByteBufBE)
GET /session/fda11f5abc0b8af7ea4ac13ad51fe42a/element/00ec5b92-3a5f-4431-9ee0-224e4b7455a0/enabled HTTP/1.1
User-Agent: selenium/4.7.1 (java windows)
Cache-Control: no-cache
Content-Type: application/json; charset=utf-8
host: localhost:4407
accept: */*

Response DefaultHttpResponse(decodeResult: success, version: HTTP/1.1)
HTTP/1.1 200 OK
Content-Type: application/json; charset=utf-8
cache-control: no-cache
content-length: 14

19:53:59.309 [AsyncHttpClient-1-2] DEBUG org.asynchttpclient.netty.channel.ChannelManager - Adding key: http://localhost:4407 for channel [id: 0x8befece4, L:/127.0.0.1:58730 - R:localhost/127.0.0.1:4407]
19:53:59.324 [Forwarding isElementEnabled on session fda11f5abc0b8af7ea4ac13ad51fe42a to remote] DEBUG org.asynchttpclient.netty.request.NettyRequestSender - Using pooled Channel '[id: 0x8befece4, L:/127.0.0.1:58730 - R:localhost/127.0.0.1:4407]' for 'GET' to 'http://localhost:4407/session/fda11f5abc0b8af7ea4ac13ad51fe42a/element/00ec5b92-3a5f-4431-9ee0-224e4b7455a0/enabled'
19:53:59.324 [Forwarding isElementEnabled on session fda11f5abc0b8af7ea4ac13ad51fe42a to remote] DEBUG org.asynchttpclient.netty.request.NettyRequestSender - Using open Channel [id: 0x8befece4, L:/127.0.0.1:58730 - R:localhost/127.0.0.1:4407] for GET '/session/fda11f5abc0b8af7ea4ac13ad51fe42a/element/00ec5b92-3a5f-4431-9ee0-224e4b7455a0/enabled'
19:53:59.324 [AsyncHttpClient-1-2] DEBUG org.asynchttpclient.netty.handler.HttpHandler - 

Request DefaultFullHttpRequest(decodeResult: success, version: HTTP/1.1, content: EmptyByteBufBE)
GET /session/fda11f5abc0b8af7ea4ac13ad51fe42a/element/00ec5b92-3a5f-4431-9ee0-224e4b7455a0/enabled HTTP/1.1
User-Agent: selenium/4.7.1 (java windows)
Cache-Control: no-cache
Content-Type: application/json; charset=utf-8
host: localhost:4407
accept: */*

Response DefaultHttpResponse(decodeResult: success, version: HTTP/1.1)
HTTP/1.1 200 OK
Content-Type: application/json; charset=utf-8
cache-control: no-cache
content-length: 14

19:53:59.324 [AsyncHttpClient-1-2] DEBUG org.asynchttpclient.netty.channel.ChannelManager - Adding key: http://localhost:4407 for channel [id: 0x8befece4, L:/127.0.0.1:58730 - R:localhost/127.0.0.1:4407]
19:53:59.324 [Forwarding findElement on session fda11f5abc0b8af7ea4ac13ad51fe42a to remote] DEBUG org.asynchttpclient.netty.request.NettyRequestSender - Using pooled Channel '[id: 0x8befece4, L:/127.0.0.1:58730 - R:localhost/127.0.0.1:4407]' for 'POST' to 'http://localhost:4407/session/fda11f5abc0b8af7ea4ac13ad51fe42a/element'
19:53:59.324 [Forwarding findElement on session fda11f5abc0b8af7ea4ac13ad51fe42a to remote] DEBUG org.asynchttpclient.netty.request.NettyRequestSender - Using open Channel [id: 0x8befece4, L:/127.0.0.1:58730 - R:localhost/127.0.0.1:4407] for POST '/session/fda11f5abc0b8af7ea4ac13ad51fe42a/element'
19:53:59.340 [AsyncHttpClient-1-2] DEBUG org.asynchttpclient.netty.handler.HttpHandler - 

Request DefaultHttpRequest(decodeResult: success, version: HTTP/1.1)
POST /session/fda11f5abc0b8af7ea4ac13ad51fe42a/element HTTP/1.1
User-Agent: selenium/4.7.1 (java windows)
Content-Length: 108
Content-Type: application/json; charset=utf-8
host: localhost:4407
accept: */*

Response DefaultHttpResponse(decodeResult: success, version: HTTP/1.1)
HTTP/1.1 200 OK
Content-Type: application/json; charset=utf-8
cache-control: no-cache
content-length: 88

19:53:59.340 [AsyncHttpClient-1-2] DEBUG org.asynchttpclient.netty.channel.ChannelManager - Adding key: http://localhost:4407 for channel [id: 0x8befece4, L:/127.0.0.1:58730 - R:localhost/127.0.0.1:4407]
19:53:59.357 [Forwarding clickElement on session fda11f5abc0b8af7ea4ac13ad51fe42a to remote] DEBUG org.asynchttpclient.netty.request.NettyRequestSender - Using pooled Channel '[id: 0x8befece4, L:/127.0.0.1:58730 - R:localhost/127.0.0.1:4407]' for 'POST' to 'http://localhost:4407/session/fda11f5abc0b8af7ea4ac13ad51fe42a/element/00ec5b92-3a5f-4431-9ee0-224e4b7455a0/click'
19:53:59.357 [Forwarding clickElement on session fda11f5abc0b8af7ea4ac13ad51fe42a to remote] DEBUG org.asynchttpclient.netty.request.NettyRequestSender - Using open Channel [id: 0x8befece4, L:/127.0.0.1:58730 - R:localhost/127.0.0.1:4407] for POST '/session/fda11f5abc0b8af7ea4ac13ad51fe42a/element/00ec5b92-3a5f-4431-9ee0-224e4b7455a0/click'
19:53:59.395 [AsyncHttpClient-1-2] DEBUG org.asynchttpclient.netty.handler.HttpHandler - 

Request DefaultHttpRequest(decodeResult: success, version: HTTP/1.1)
POST /session/fda11f5abc0b8af7ea4ac13ad51fe42a/element/00ec5b92-3a5f-4431-9ee0-224e4b7455a0/click HTTP/1.1
User-Agent: selenium/4.7.1 (java windows)
Content-Length: 50
Content-Type: application/json; charset=utf-8
host: localhost:4407
accept: */*

Response DefaultHttpResponse(decodeResult: success, version: HTTP/1.1)
HTTP/1.1 200 OK
Content-Type: application/json; charset=utf-8
cache-control: no-cache
content-length: 14

19:53:59.395 [AsyncHttpClient-1-2] DEBUG org.asynchttpclient.netty.channel.ChannelManager - Adding key: http://localhost:4407 for channel [id: 0x8befece4, L:/127.0.0.1:58730 - R:localhost/127.0.0.1:4407]
19:53:59.411 [Forwarding getCurrentWindowHandle on session fda11f5abc0b8af7ea4ac13ad51fe42a to remote] DEBUG org.asynchttpclient.netty.request.NettyRequestSender - Using pooled Channel '[id: 0x8befece4, L:/127.0.0.1:58730 - R:localhost/127.0.0.1:4407]' for 'GET' to 'http://localhost:4407/session/fda11f5abc0b8af7ea4ac13ad51fe42a/window'
19:53:59.411 [Forwarding getCurrentWindowHandle on session fda11f5abc0b8af7ea4ac13ad51fe42a to remote] DEBUG org.asynchttpclient.netty.request.NettyRequestSender - Using open Channel [id: 0x8befece4, L:/127.0.0.1:58730 - R:localhost/127.0.0.1:4407] for GET '/session/fda11f5abc0b8af7ea4ac13ad51fe42a/window'
19:53:59.419 [AsyncHttpClient-1-2] DEBUG org.asynchttpclient.netty.handler.HttpHandler - 

Request DefaultFullHttpRequest(decodeResult: success, version: HTTP/1.1, content: EmptyByteBufBE)
GET /session/fda11f5abc0b8af7ea4ac13ad51fe42a/window HTTP/1.1
User-Agent: selenium/4.7.1 (java windows)
Cache-Control: no-cache
Content-Type: application/json; charset=utf-8
host: localhost:4407
accept: */*

Response DefaultHttpResponse(decodeResult: success, version: HTTP/1.1)
HTTP/1.1 200 OK
Content-Type: application/json; charset=utf-8
cache-control: no-cache
content-length: 44

19:53:59.419 [AsyncHttpClient-1-2] DEBUG org.asynchttpclient.netty.channel.ChannelManager - Adding key: http://localhost:4407 for channel [id: 0x8befece4, L:/127.0.0.1:58730 - R:localhost/127.0.0.1:4407]
19:53:59.419 [Forwarding getAlertText on session fda11f5abc0b8af7ea4ac13ad51fe42a to remote] DEBUG org.asynchttpclient.netty.request.NettyRequestSender - Using pooled Channel '[id: 0x8befece4, L:/127.0.0.1:58730 - R:localhost/127.0.0.1:4407]' for 'GET' to 'http://localhost:4407/session/fda11f5abc0b8af7ea4ac13ad51fe42a/alert/text'
19:53:59.419 [Forwarding getAlertText on session fda11f5abc0b8af7ea4ac13ad51fe42a to remote] DEBUG org.asynchttpclient.netty.request.NettyRequestSender - Using open Channel [id: 0x8befece4, L:/127.0.0.1:58730 - R:localhost/127.0.0.1:4407] for GET '/session/fda11f5abc0b8af7ea4ac13ad51fe42a/alert/text'
19:53:59.467 [AsyncHttpClient-1-2] DEBUG org.asynchttpclient.netty.handler.HttpHandler - 

Request DefaultFullHttpRequest(decodeResult: success, version: HTTP/1.1, content: EmptyByteBufBE)
GET /session/fda11f5abc0b8af7ea4ac13ad51fe42a/alert/text HTTP/1.1
User-Agent: selenium/4.7.1 (java windows)
Cache-Control: no-cache
Content-Type: application/json; charset=utf-8
host: localhost:4407
accept: */*

Response DefaultHttpResponse(decodeResult: success, version: HTTP/1.1)
HTTP/1.1 404 Not Found
Content-Type: application/json; charset=utf-8
cache-control: no-cache
content-length: 821

19:53:59.467 [AsyncHttpClient-1-2] DEBUG org.asynchttpclient.netty.channel.ChannelManager - Adding key: http://localhost:4407 for channel [id: 0x8befece4, L:/127.0.0.1:58730 - R:localhost/127.0.0.1:4407]
19:53:59.475 [Forwarding switchToWindow on session fda11f5abc0b8af7ea4ac13ad51fe42a to remote] DEBUG org.asynchttpclient.netty.request.NettyRequestSender - Using pooled Channel '[id: 0x8befece4, L:/127.0.0.1:58730 - R:localhost/127.0.0.1:4407]' for 'POST' to 'http://localhost:4407/session/fda11f5abc0b8af7ea4ac13ad51fe42a/window'
19:53:59.475 [Forwarding switchToWindow on session fda11f5abc0b8af7ea4ac13ad51fe42a to remote] DEBUG org.asynchttpclient.netty.request.NettyRequestSender - Using open Channel [id: 0x8befece4, L:/127.0.0.1:58730 - R:localhost/127.0.0.1:4407] for POST '/session/fda11f5abc0b8af7ea4ac13ad51fe42a/window'
19:53:59.475 [AsyncHttpClient-1-2] DEBUG org.asynchttpclient.netty.handler.HttpHandler - 

Request DefaultHttpRequest(decodeResult: success, version: HTTP/1.1)
POST /session/fda11f5abc0b8af7ea4ac13ad51fe42a/window HTTP/1.1
User-Agent: selenium/4.7.1 (java windows)
Content-Length: 50
Content-Type: application/json; charset=utf-8
host: localhost:4407
accept: */*

Response DefaultHttpResponse(decodeResult: success, version: HTTP/1.1)
HTTP/1.1 200 OK
Content-Type: application/json; charset=utf-8
cache-control: no-cache
content-length: 14

19:53:59.475 [AsyncHttpClient-1-2] DEBUG org.asynchttpclient.netty.channel.ChannelManager - Adding key: http://localhost:4407 for channel [id: 0x8befece4, L:/127.0.0.1:58730 - R:localhost/127.0.0.1:4407]
19:53:59.475 [Forwarding getCurrentUrl on session fda11f5abc0b8af7ea4ac13ad51fe42a to remote] DEBUG org.asynchttpclient.netty.request.NettyRequestSender - Using pooled Channel '[id: 0x8befece4, L:/127.0.0.1:58730 - R:localhost/127.0.0.1:4407]' for 'GET' to 'http://localhost:4407/session/fda11f5abc0b8af7ea4ac13ad51fe42a/url'
19:53:59.475 [Forwarding getCurrentUrl on session fda11f5abc0b8af7ea4ac13ad51fe42a to remote] DEBUG org.asynchttpclient.netty.request.NettyRequestSender - Using open Channel [id: 0x8befece4, L:/127.0.0.1:58730 - R:localhost/127.0.0.1:4407] for GET '/session/fda11f5abc0b8af7ea4ac13ad51fe42a/url'
19:53:59.483 [AsyncHttpClient-1-2] DEBUG org.asynchttpclient.netty.handler.HttpHandler - 

Request DefaultFullHttpRequest(decodeResult: success, version: HTTP/1.1, content: EmptyByteBufBE)
GET /session/fda11f5abc0b8af7ea4ac13ad51fe42a/url HTTP/1.1
User-Agent: selenium/4.7.1 (java windows)
Cache-Control: no-cache
Content-Type: application/json; charset=utf-8
host: localhost:4407
accept: */*

Response DefaultHttpResponse(decodeResult: success, version: HTTP/1.1)
HTTP/1.1 200 OK
Content-Type: application/json; charset=utf-8
cache-control: no-cache
content-length: 51

19:53:59.483 [AsyncHttpClient-1-2] DEBUG org.asynchttpclient.netty.channel.ChannelManager - Adding key: http://localhost:4407 for channel [id: 0x8befece4, L:/127.0.0.1:58730 - R:localhost/127.0.0.1:4407]
19:53:59.483 [Forwarding screenshot on session fda11f5abc0b8af7ea4ac13ad51fe42a to remote] DEBUG org.asynchttpclient.netty.request.NettyRequestSender - Using pooled Channel '[id: 0x8befece4, L:/127.0.0.1:58730 - R:localhost/127.0.0.1:4407]' for 'GET' to 'http://localhost:4407/session/fda11f5abc0b8af7ea4ac13ad51fe42a/screenshot'
19:53:59.483 [Forwarding screenshot on session fda11f5abc0b8af7ea4ac13ad51fe42a to remote] DEBUG org.asynchttpclient.netty.request.NettyRequestSender - Using open Channel [id: 0x8befece4, L:/127.0.0.1:58730 - R:localhost/127.0.0.1:4407] for GET '/session/fda11f5abc0b8af7ea4ac13ad51fe42a/screenshot'
19:53:59.604 [AsyncHttpClient-1-2] DEBUG org.asynchttpclient.netty.handler.HttpHandler - 

Request DefaultFullHttpRequest(decodeResult: success, version: HTTP/1.1, content: EmptyByteBufBE)
GET /session/fda11f5abc0b8af7ea4ac13ad51fe42a/screenshot HTTP/1.1
User-Agent: selenium/4.7.1 (java windows)
Cache-Control: no-cache
Content-Type: application/json; charset=utf-8
host: localhost:4407
accept: */*

Response DefaultHttpResponse(decodeResult: success, version: HTTP/1.1)
HTTP/1.1 200 OK
Content-Type: application/json; charset=utf-8
cache-control: no-cache
content-length: 26156

19:53:59.604 [AsyncHttpClient-1-2] DEBUG org.asynchttpclient.netty.channel.ChannelManager - Adding key: http://localhost:4407 for channel [id: 0x8befece4, L:/127.0.0.1:58730 - R:localhost/127.0.0.1:4407]
19:53:59.612 [main] DEBUG net.serenitybdd.core.photography.Darkroom - Send negative for processing for target\site\serenity\7f1498faa53e1f2eb8d5fc89bcfa29dbb65e073fc80ab7bbfb05cf34d1e01760.png
19:53:59.612 [Darkroom Processing Line] DEBUG net.serenitybdd.core.photography.DarkroomProcessingLine - Processing screenshot image in /var/screenshots/screenshot-9325643221473019842
19:53:59.612 [Darkroom Processing Line] DEBUG net.serenitybdd.core.photography.DarkroomProcessingLine - Saving screenshot to target\site\serenity\7f1498faa53e1f2eb8d5fc89bcfa29dbb65e073fc80ab7bbfb05cf34d1e01760.png
19:53:59.612 [main] DEBUG net.thucydides.core.steps.StepInterceptor - STEP DONE: klikButtonLogin
19:53:59.620 [main] DEBUG net.thucydides.core.steps.StepInterceptor - STARTING STEP: TransaksiSteps.userBeradaDiHomepageAltaShopDanLoginAkun - inputEmail
19:53:59.620 [Forwarding findElement on session fda11f5abc0b8af7ea4ac13ad51fe42a to remote] DEBUG org.asynchttpclient.netty.request.NettyRequestSender - Using pooled Channel '[id: 0x8befece4, L:/127.0.0.1:58730 - R:localhost/127.0.0.1:4407]' for 'POST' to 'http://localhost:4407/session/fda11f5abc0b8af7ea4ac13ad51fe42a/element'
19:53:59.620 [Forwarding findElement on session fda11f5abc0b8af7ea4ac13ad51fe42a to remote] DEBUG org.asynchttpclient.netty.request.NettyRequestSender - Using open Channel [id: 0x8befece4, L:/127.0.0.1:58730 - R:localhost/127.0.0.1:4407] for POST '/session/fda11f5abc0b8af7ea4ac13ad51fe42a/element'
19:53:59.636 [AsyncHttpClient-1-2] DEBUG org.asynchttpclient.netty.handler.HttpHandler - 

Request DefaultHttpRequest(decodeResult: success, version: HTTP/1.1)
POST /session/fda11f5abc0b8af7ea4ac13ad51fe42a/element HTTP/1.1
User-Agent: selenium/4.7.1 (java windows)
Content-Length: 187
Content-Type: application/json; charset=utf-8
host: localhost:4407
accept: */*

Response DefaultHttpResponse(decodeResult: success, version: HTTP/1.1)
HTTP/1.1 200 OK
Content-Type: application/json; charset=utf-8
cache-control: no-cache
content-length: 88

19:53:59.636 [AsyncHttpClient-1-2] DEBUG org.asynchttpclient.netty.channel.ChannelManager - Adding key: http://localhost:4407 for channel [id: 0x8befece4, L:/127.0.0.1:58730 - R:localhost/127.0.0.1:4407]
19:53:59.636 [Forwarding clearElement on session fda11f5abc0b8af7ea4ac13ad51fe42a to remote] DEBUG org.asynchttpclient.netty.request.NettyRequestSender - Using pooled Channel '[id: 0x8befece4, L:/127.0.0.1:58730 - R:localhost/127.0.0.1:4407]' for 'POST' to 'http://localhost:4407/session/fda11f5abc0b8af7ea4ac13ad51fe42a/element/6f5bf0f8-da8d-424c-998a-d62c29563dc7/clear'
19:53:59.636 [Forwarding clearElement on session fda11f5abc0b8af7ea4ac13ad51fe42a to remote] DEBUG org.asynchttpclient.netty.request.NettyRequestSender - Using open Channel [id: 0x8befece4, L:/127.0.0.1:58730 - R:localhost/127.0.0.1:4407] for POST '/session/fda11f5abc0b8af7ea4ac13ad51fe42a/element/6f5bf0f8-da8d-424c-998a-d62c29563dc7/clear'
19:53:59.676 [AsyncHttpClient-1-2] DEBUG org.asynchttpclient.netty.handler.HttpHandler - 

Request DefaultHttpRequest(decodeResult: success, version: HTTP/1.1)
POST /session/fda11f5abc0b8af7ea4ac13ad51fe42a/element/6f5bf0f8-da8d-424c-998a-d62c29563dc7/clear HTTP/1.1
User-Agent: selenium/4.7.1 (java windows)
Content-Length: 50
Content-Type: application/json; charset=utf-8
host: localhost:4407
accept: */*

Response DefaultHttpResponse(decodeResult: success, version: HTTP/1.1)
HTTP/1.1 200 OK
Content-Type: application/json; charset=utf-8
cache-control: no-cache
content-length: 14

19:53:59.676 [AsyncHttpClient-1-2] DEBUG org.asynchttpclient.netty.channel.ChannelManager - Adding key: http://localhost:4407 for channel [id: 0x8befece4, L:/127.0.0.1:58730 - R:localhost/127.0.0.1:4407]
19:53:59.676 [Forwarding sendKeysToElement on session fda11f5abc0b8af7ea4ac13ad51fe42a to remote] DEBUG org.asynchttpclient.netty.request.NettyRequestSender - Using pooled Channel '[id: 0x8befece4, L:/127.0.0.1:58730 - R:localhost/127.0.0.1:4407]' for 'POST' to 'http://localhost:4407/session/fda11f5abc0b8af7ea4ac13ad51fe42a/element/6f5bf0f8-da8d-424c-998a-d62c29563dc7/value'
19:53:59.684 [Forwarding sendKeysToElement on session fda11f5abc0b8af7ea4ac13ad51fe42a to remote] DEBUG org.asynchttpclient.netty.request.NettyRequestSender - Using open Channel [id: 0x8befece4, L:/127.0.0.1:58730 - R:localhost/127.0.0.1:4407] for POST '/session/fda11f5abc0b8af7ea4ac13ad51fe42a/element/6f5bf0f8-da8d-424c-998a-d62c29563dc7/value'
19:53:59.796 [AsyncHttpClient-1-2] DEBUG org.asynchttpclient.netty.handler.HttpHandler - 

Request DefaultHttpRequest(decodeResult: success, version: HTTP/1.1)
POST /session/fda11f5abc0b8af7ea4ac13ad51fe42a/element/6f5bf0f8-da8d-424c-998a-d62c29563dc7/value HTTP/1.1
User-Agent: selenium/4.7.1 (java windows)
Content-Length: 211
Content-Type: application/json; charset=utf-8
host: localhost:4407
accept: */*

Response DefaultHttpResponse(decodeResult: success, version: HTTP/1.1)
HTTP/1.1 200 OK
Content-Type: application/json; charset=utf-8
cache-control: no-cache
content-length: 14

19:53:59.804 [AsyncHttpClient-1-2] DEBUG org.asynchttpclient.netty.channel.ChannelManager - Adding key: http://localhost:4407 for channel [id: 0x8befece4, L:/127.0.0.1:58730 - R:localhost/127.0.0.1:4407]
19:53:59.812 [Forwarding getCurrentWindowHandle on session fda11f5abc0b8af7ea4ac13ad51fe42a to remote] DEBUG org.asynchttpclient.netty.request.NettyRequestSender - Using pooled Channel '[id: 0x8befece4, L:/127.0.0.1:58730 - R:localhost/127.0.0.1:4407]' for 'GET' to 'http://localhost:4407/session/fda11f5abc0b8af7ea4ac13ad51fe42a/window'
19:53:59.812 [Forwarding getCurrentWindowHandle on session fda11f5abc0b8af7ea4ac13ad51fe42a to remote] DEBUG org.asynchttpclient.netty.request.NettyRequestSender - Using open Channel [id: 0x8befece4, L:/127.0.0.1:58730 - R:localhost/127.0.0.1:4407] for GET '/session/fda11f5abc0b8af7ea4ac13ad51fe42a/window'
19:53:59.812 [AsyncHttpClient-1-2] DEBUG org.asynchttpclient.netty.handler.HttpHandler - 

Request DefaultFullHttpRequest(decodeResult: success, version: HTTP/1.1, content: EmptyByteBufBE)
GET /session/fda11f5abc0b8af7ea4ac13ad51fe42a/window HTTP/1.1
User-Agent: selenium/4.7.1 (java windows)
Cache-Control: no-cache
Content-Type: application/json; charset=utf-8
host: localhost:4407
accept: */*

Response DefaultHttpResponse(decodeResult: success, version: HTTP/1.1)
HTTP/1.1 200 OK
Content-Type: application/json; charset=utf-8
cache-control: no-cache
content-length: 44

19:53:59.812 [AsyncHttpClient-1-2] DEBUG org.asynchttpclient.netty.channel.ChannelManager - Adding key: http://localhost:4407 for channel [id: 0x8befece4, L:/127.0.0.1:58730 - R:localhost/127.0.0.1:4407]
19:53:59.812 [Forwarding getAlertText on session fda11f5abc0b8af7ea4ac13ad51fe42a to remote] DEBUG org.asynchttpclient.netty.request.NettyRequestSender - Using pooled Channel '[id: 0x8befece4, L:/127.0.0.1:58730 - R:localhost/127.0.0.1:4407]' for 'GET' to 'http://localhost:4407/session/fda11f5abc0b8af7ea4ac13ad51fe42a/alert/text'
19:53:59.812 [Forwarding getAlertText on session fda11f5abc0b8af7ea4ac13ad51fe42a to remote] DEBUG org.asynchttpclient.netty.request.NettyRequestSender - Using open Channel [id: 0x8befece4, L:/127.0.0.1:58730 - R:localhost/127.0.0.1:4407] for GET '/session/fda11f5abc0b8af7ea4ac13ad51fe42a/alert/text'
19:53:59.820 [AsyncHttpClient-1-2] DEBUG org.asynchttpclient.netty.handler.HttpHandler - 

Request DefaultFullHttpRequest(decodeResult: success, version: HTTP/1.1, content: EmptyByteBufBE)
GET /session/fda11f5abc0b8af7ea4ac13ad51fe42a/alert/text HTTP/1.1
User-Agent: selenium/4.7.1 (java windows)
Cache-Control: no-cache
Content-Type: application/json; charset=utf-8
host: localhost:4407
accept: */*

Response DefaultHttpResponse(decodeResult: success, version: HTTP/1.1)
HTTP/1.1 404 Not Found
Content-Type: application/json; charset=utf-8
cache-control: no-cache
content-length: 821

19:53:59.820 [AsyncHttpClient-1-2] DEBUG org.asynchttpclient.netty.channel.ChannelManager - Adding key: http://localhost:4407 for channel [id: 0x8befece4, L:/127.0.0.1:58730 - R:localhost/127.0.0.1:4407]
19:53:59.820 [Forwarding switchToWindow on session fda11f5abc0b8af7ea4ac13ad51fe42a to remote] DEBUG org.asynchttpclient.netty.request.NettyRequestSender - Using pooled Channel '[id: 0x8befece4, L:/127.0.0.1:58730 - R:localhost/127.0.0.1:4407]' for 'POST' to 'http://localhost:4407/session/fda11f5abc0b8af7ea4ac13ad51fe42a/window'
19:53:59.820 [Forwarding switchToWindow on session fda11f5abc0b8af7ea4ac13ad51fe42a to remote] DEBUG org.asynchttpclient.netty.request.NettyRequestSender - Using open Channel [id: 0x8befece4, L:/127.0.0.1:58730 - R:localhost/127.0.0.1:4407] for POST '/session/fda11f5abc0b8af7ea4ac13ad51fe42a/window'
19:53:59.820 [AsyncHttpClient-1-2] DEBUG org.asynchttpclient.netty.handler.HttpHandler - 

Request DefaultHttpRequest(decodeResult: success, version: HTTP/1.1)
POST /session/fda11f5abc0b8af7ea4ac13ad51fe42a/window HTTP/1.1
User-Agent: selenium/4.7.1 (java windows)
Content-Length: 50
Content-Type: application/json; charset=utf-8
host: localhost:4407
accept: */*

Response DefaultHttpResponse(decodeResult: success, version: HTTP/1.1)
HTTP/1.1 200 OK
Content-Type: application/json; charset=utf-8
cache-control: no-cache
content-length: 14

19:53:59.820 [AsyncHttpClient-1-2] DEBUG org.asynchttpclient.netty.channel.ChannelManager - Adding key: http://localhost:4407 for channel [id: 0x8befece4, L:/127.0.0.1:58730 - R:localhost/127.0.0.1:4407]
19:53:59.828 [Forwarding getCurrentUrl on session fda11f5abc0b8af7ea4ac13ad51fe42a to remote] DEBUG org.asynchttpclient.netty.request.NettyRequestSender - Using pooled Channel '[id: 0x8befece4, L:/127.0.0.1:58730 - R:localhost/127.0.0.1:4407]' for 'GET' to 'http://localhost:4407/session/fda11f5abc0b8af7ea4ac13ad51fe42a/url'
19:53:59.828 [Forwarding getCurrentUrl on session fda11f5abc0b8af7ea4ac13ad51fe42a to remote] DEBUG org.asynchttpclient.netty.request.NettyRequestSender - Using open Channel [id: 0x8befece4, L:/127.0.0.1:58730 - R:localhost/127.0.0.1:4407] for GET '/session/fda11f5abc0b8af7ea4ac13ad51fe42a/url'
19:53:59.828 [AsyncHttpClient-1-2] DEBUG org.asynchttpclient.netty.handler.HttpHandler - 

Request DefaultFullHttpRequest(decodeResult: success, version: HTTP/1.1, content: EmptyByteBufBE)
GET /session/fda11f5abc0b8af7ea4ac13ad51fe42a/url HTTP/1.1
User-Agent: selenium/4.7.1 (java windows)
Cache-Control: no-cache
Content-Type: application/json; charset=utf-8
host: localhost:4407
accept: */*

Response DefaultHttpResponse(decodeResult: success, version: HTTP/1.1)
HTTP/1.1 200 OK
Content-Type: application/json; charset=utf-8
cache-control: no-cache
content-length: 51

19:53:59.828 [AsyncHttpClient-1-2] DEBUG org.asynchttpclient.netty.channel.ChannelManager - Adding key: http://localhost:4407 for channel [id: 0x8befece4, L:/127.0.0.1:58730 - R:localhost/127.0.0.1:4407]
19:53:59.828 [Forwarding screenshot on session fda11f5abc0b8af7ea4ac13ad51fe42a to remote] DEBUG org.asynchttpclient.netty.request.NettyRequestSender - Using pooled Channel '[id: 0x8befece4, L:/127.0.0.1:58730 - R:localhost/127.0.0.1:4407]' for 'GET' to 'http://localhost:4407/session/fda11f5abc0b8af7ea4ac13ad51fe42a/screenshot'
19:53:59.828 [Forwarding screenshot on session fda11f5abc0b8af7ea4ac13ad51fe42a to remote] DEBUG org.asynchttpclient.netty.request.NettyRequestSender - Using open Channel [id: 0x8befece4, L:/127.0.0.1:58730 - R:localhost/127.0.0.1:4407] for GET '/session/fda11f5abc0b8af7ea4ac13ad51fe42a/screenshot'
19:53:59.988 [AsyncHttpClient-1-2] DEBUG org.asynchttpclient.netty.handler.HttpHandler - 

Request DefaultFullHttpRequest(decodeResult: success, version: HTTP/1.1, content: EmptyByteBufBE)
GET /session/fda11f5abc0b8af7ea4ac13ad51fe42a/screenshot HTTP/1.1
User-Agent: selenium/4.7.1 (java windows)
Cache-Control: no-cache
Content-Type: application/json; charset=utf-8
host: localhost:4407
accept: */*

Response DefaultHttpResponse(decodeResult: success, version: HTTP/1.1)
HTTP/1.1 200 OK
Content-Type: application/json; charset=utf-8
cache-control: no-cache
content-length: 29900

19:53:59.996 [AsyncHttpClient-1-2] DEBUG org.asynchttpclient.netty.channel.ChannelManager - Adding key: http://localhost:4407 for channel [id: 0x8befece4, L:/127.0.0.1:58730 - R:localhost/127.0.0.1:4407]
19:53:59.996 [main] DEBUG net.serenitybdd.core.photography.Darkroom - Send negative for processing for target\site\serenity\9bfd4e63b2a7658cbeadae07cb0d27c34b30c7feca63037297b551ca90d96f97.png
19:53:59.996 [main] DEBUG net.thucydides.core.steps.StepInterceptor - STEP DONE: inputEmail
19:53:59.996 [Darkroom Processing Line] DEBUG net.serenitybdd.core.photography.DarkroomProcessingLine - Processing screenshot image in /var/screenshots/screenshot-7601396904707681692
19:53:59.996 [Darkroom Processing Line] DEBUG net.serenitybdd.core.photography.DarkroomProcessingLine - Saving screenshot to target\site\serenity\9bfd4e63b2a7658cbeadae07cb0d27c34b30c7feca63037297b551ca90d96f97.png
19:54:00.004 [main] DEBUG net.thucydides.core.steps.StepInterceptor - STARTING STEP: TransaksiSteps.userBeradaDiHomepageAltaShopDanLoginAkun - inputPassword
19:54:00.004 [Forwarding findElement on session fda11f5abc0b8af7ea4ac13ad51fe42a to remote] DEBUG org.asynchttpclient.netty.request.NettyRequestSender - Using pooled Channel '[id: 0x8befece4, L:/127.0.0.1:58730 - R:localhost/127.0.0.1:4407]' for 'POST' to 'http://localhost:4407/session/fda11f5abc0b8af7ea4ac13ad51fe42a/element'
19:54:00.004 [Forwarding findElement on session fda11f5abc0b8af7ea4ac13ad51fe42a to remote] DEBUG org.asynchttpclient.netty.request.NettyRequestSender - Using open Channel [id: 0x8befece4, L:/127.0.0.1:58730 - R:localhost/127.0.0.1:4407] for POST '/session/fda11f5abc0b8af7ea4ac13ad51fe42a/element'
19:54:00.012 [AsyncHttpClient-1-1] DEBUG org.asynchttpclient.netty.channel.DefaultChannelPool - Entry count for : http://localhost:58732 : 1
19:54:00.020 [AsyncHttpClient-1-2] DEBUG org.asynchttpclient.netty.handler.HttpHandler - 

Request DefaultHttpRequest(decodeResult: success, version: HTTP/1.1)
POST /session/fda11f5abc0b8af7ea4ac13ad51fe42a/element HTTP/1.1
User-Agent: selenium/4.7.1 (java windows)
Content-Length: 187
Content-Type: application/json; charset=utf-8
host: localhost:4407
accept: */*

Response DefaultHttpResponse(decodeResult: success, version: HTTP/1.1)
HTTP/1.1 200 OK
Content-Type: application/json; charset=utf-8
cache-control: no-cache
content-length: 88

19:54:00.020 [AsyncHttpClient-1-2] DEBUG org.asynchttpclient.netty.channel.ChannelManager - Adding key: http://localhost:4407 for channel [id: 0x8befece4, L:/127.0.0.1:58730 - R:localhost/127.0.0.1:4407]
19:54:00.020 [Forwarding clearElement on session fda11f5abc0b8af7ea4ac13ad51fe42a to remote] DEBUG org.asynchttpclient.netty.request.NettyRequestSender - Using pooled Channel '[id: 0x8befece4, L:/127.0.0.1:58730 - R:localhost/127.0.0.1:4407]' for 'POST' to 'http://localhost:4407/session/fda11f5abc0b8af7ea4ac13ad51fe42a/element/a6544225-a9f7-4c3d-afbb-82bdb5df9989/clear'
19:54:00.020 [Forwarding clearElement on session fda11f5abc0b8af7ea4ac13ad51fe42a to remote] DEBUG org.asynchttpclient.netty.request.NettyRequestSender - Using open Channel [id: 0x8befece4, L:/127.0.0.1:58730 - R:localhost/127.0.0.1:4407] for POST '/session/fda11f5abc0b8af7ea4ac13ad51fe42a/element/a6544225-a9f7-4c3d-afbb-82bdb5df9989/clear'
19:54:00.060 [AsyncHttpClient-1-2] DEBUG org.asynchttpclient.netty.handler.HttpHandler - 

Request DefaultHttpRequest(decodeResult: success, version: HTTP/1.1)
POST /session/fda11f5abc0b8af7ea4ac13ad51fe42a/element/a6544225-a9f7-4c3d-afbb-82bdb5df9989/clear HTTP/1.1
User-Agent: selenium/4.7.1 (java windows)
Content-Length: 50
Content-Type: application/json; charset=utf-8
host: localhost:4407
accept: */*

Response DefaultHttpResponse(decodeResult: success, version: HTTP/1.1)
HTTP/1.1 200 OK
Content-Type: application/json; charset=utf-8
cache-control: no-cache
content-length: 14

19:54:00.060 [AsyncHttpClient-1-2] DEBUG org.asynchttpclient.netty.channel.ChannelManager - Adding key: http://localhost:4407 for channel [id: 0x8befece4, L:/127.0.0.1:58730 - R:localhost/127.0.0.1:4407]
19:54:00.060 [Forwarding sendKeysToElement on session fda11f5abc0b8af7ea4ac13ad51fe42a to remote] DEBUG org.asynchttpclient.netty.request.NettyRequestSender - Using pooled Channel '[id: 0x8befece4, L:/127.0.0.1:58730 - R:localhost/127.0.0.1:4407]' for 'POST' to 'http://localhost:4407/session/fda11f5abc0b8af7ea4ac13ad51fe42a/element/a6544225-a9f7-4c3d-afbb-82bdb5df9989/value'
19:54:00.060 [Forwarding sendKeysToElement on session fda11f5abc0b8af7ea4ac13ad51fe42a to remote] DEBUG org.asynchttpclient.netty.request.NettyRequestSender - Using open Channel [id: 0x8befece4, L:/127.0.0.1:58730 - R:localhost/127.0.0.1:4407] for POST '/session/fda11f5abc0b8af7ea4ac13ad51fe42a/element/a6544225-a9f7-4c3d-afbb-82bdb5df9989/value'
19:54:00.124 [AsyncHttpClient-1-2] DEBUG org.asynchttpclient.netty.handler.HttpHandler - 

Request DefaultHttpRequest(decodeResult: success, version: HTTP/1.1)
POST /session/fda11f5abc0b8af7ea4ac13ad51fe42a/element/a6544225-a9f7-4c3d-afbb-82bdb5df9989/value HTTP/1.1
User-Agent: selenium/4.7.1 (java windows)
Content-Length: 111
Content-Type: application/json; charset=utf-8
host: localhost:4407
accept: */*

Response DefaultHttpResponse(decodeResult: success, version: HTTP/1.1)
HTTP/1.1 200 OK
Content-Type: application/json; charset=utf-8
cache-control: no-cache
content-length: 14

19:54:00.124 [AsyncHttpClient-1-2] DEBUG org.asynchttpclient.netty.channel.ChannelManager - Adding key: http://localhost:4407 for channel [id: 0x8befece4, L:/127.0.0.1:58730 - R:localhost/127.0.0.1:4407]
19:54:00.132 [Forwarding getCurrentWindowHandle on session fda11f5abc0b8af7ea4ac13ad51fe42a to remote] DEBUG org.asynchttpclient.netty.request.NettyRequestSender - Using pooled Channel '[id: 0x8befece4, L:/127.0.0.1:58730 - R:localhost/127.0.0.1:4407]' for 'GET' to 'http://localhost:4407/session/fda11f5abc0b8af7ea4ac13ad51fe42a/window'
19:54:00.132 [Forwarding getCurrentWindowHandle on session fda11f5abc0b8af7ea4ac13ad51fe42a to remote] DEBUG org.asynchttpclient.netty.request.NettyRequestSender - Using open Channel [id: 0x8befece4, L:/127.0.0.1:58730 - R:localhost/127.0.0.1:4407] for GET '/session/fda11f5abc0b8af7ea4ac13ad51fe42a/window'
19:54:00.132 [AsyncHttpClient-1-2] DEBUG org.asynchttpclient.netty.handler.HttpHandler - 

Request DefaultFullHttpRequest(decodeResult: success, version: HTTP/1.1, content: EmptyByteBufBE)
GET /session/fda11f5abc0b8af7ea4ac13ad51fe42a/window HTTP/1.1
User-Agent: selenium/4.7.1 (java windows)
Cache-Control: no-cache
Content-Type: application/json; charset=utf-8
host: localhost:4407
accept: */*

Response DefaultHttpResponse(decodeResult: success, version: HTTP/1.1)
HTTP/1.1 200 OK
Content-Type: application/json; charset=utf-8
cache-control: no-cache
content-length: 44

19:54:00.132 [AsyncHttpClient-1-2] DEBUG org.asynchttpclient.netty.channel.ChannelManager - Adding key: http://localhost:4407 for channel [id: 0x8befece4, L:/127.0.0.1:58730 - R:localhost/127.0.0.1:4407]
19:54:00.132 [Forwarding getAlertText on session fda11f5abc0b8af7ea4ac13ad51fe42a to remote] DEBUG org.asynchttpclient.netty.request.NettyRequestSender - Using pooled Channel '[id: 0x8befece4, L:/127.0.0.1:58730 - R:localhost/127.0.0.1:4407]' for 'GET' to 'http://localhost:4407/session/fda11f5abc0b8af7ea4ac13ad51fe42a/alert/text'
19:54:00.132 [Forwarding getAlertText on session fda11f5abc0b8af7ea4ac13ad51fe42a to remote] DEBUG org.asynchttpclient.netty.request.NettyRequestSender - Using open Channel [id: 0x8befece4, L:/127.0.0.1:58730 - R:localhost/127.0.0.1:4407] for GET '/session/fda11f5abc0b8af7ea4ac13ad51fe42a/alert/text'
19:54:00.140 [AsyncHttpClient-1-2] DEBUG org.asynchttpclient.netty.handler.HttpHandler - 

Request DefaultFullHttpRequest(decodeResult: success, version: HTTP/1.1, content: EmptyByteBufBE)
GET /session/fda11f5abc0b8af7ea4ac13ad51fe42a/alert/text HTTP/1.1
User-Agent: selenium/4.7.1 (java windows)
Cache-Control: no-cache
Content-Type: application/json; charset=utf-8
host: localhost:4407
accept: */*

Response DefaultHttpResponse(decodeResult: success, version: HTTP/1.1)
HTTP/1.1 404 Not Found
Content-Type: application/json; charset=utf-8
cache-control: no-cache
content-length: 821

19:54:00.140 [AsyncHttpClient-1-2] DEBUG org.asynchttpclient.netty.channel.ChannelManager - Adding key: http://localhost:4407 for channel [id: 0x8befece4, L:/127.0.0.1:58730 - R:localhost/127.0.0.1:4407]
19:54:00.148 [Forwarding switchToWindow on session fda11f5abc0b8af7ea4ac13ad51fe42a to remote] DEBUG org.asynchttpclient.netty.request.NettyRequestSender - Using pooled Channel '[id: 0x8befece4, L:/127.0.0.1:58730 - R:localhost/127.0.0.1:4407]' for 'POST' to 'http://localhost:4407/session/fda11f5abc0b8af7ea4ac13ad51fe42a/window'
19:54:00.148 [Forwarding switchToWindow on session fda11f5abc0b8af7ea4ac13ad51fe42a to remote] DEBUG org.asynchttpclient.netty.request.NettyRequestSender - Using open Channel [id: 0x8befece4, L:/127.0.0.1:58730 - R:localhost/127.0.0.1:4407] for POST '/session/fda11f5abc0b8af7ea4ac13ad51fe42a/window'
19:54:00.148 [AsyncHttpClient-1-2] DEBUG org.asynchttpclient.netty.handler.HttpHandler - 

Request DefaultHttpRequest(decodeResult: success, version: HTTP/1.1)
POST /session/fda11f5abc0b8af7ea4ac13ad51fe42a/window HTTP/1.1
User-Agent: selenium/4.7.1 (java windows)
Content-Length: 50
Content-Type: application/json; charset=utf-8
host: localhost:4407
accept: */*

Response DefaultHttpResponse(decodeResult: success, version: HTTP/1.1)
HTTP/1.1 200 OK
Content-Type: application/json; charset=utf-8
cache-control: no-cache
content-length: 14

19:54:00.148 [AsyncHttpClient-1-2] DEBUG org.asynchttpclient.netty.channel.ChannelManager - Adding key: http://localhost:4407 for channel [id: 0x8befece4, L:/127.0.0.1:58730 - R:localhost/127.0.0.1:4407]
19:54:00.156 [Forwarding getCurrentUrl on session fda11f5abc0b8af7ea4ac13ad51fe42a to remote] DEBUG org.asynchttpclient.netty.request.NettyRequestSender - Using pooled Channel '[id: 0x8befece4, L:/127.0.0.1:58730 - R:localhost/127.0.0.1:4407]' for 'GET' to 'http://localhost:4407/session/fda11f5abc0b8af7ea4ac13ad51fe42a/url'
19:54:00.156 [Forwarding getCurrentUrl on session fda11f5abc0b8af7ea4ac13ad51fe42a to remote] DEBUG org.asynchttpclient.netty.request.NettyRequestSender - Using open Channel [id: 0x8befece4, L:/127.0.0.1:58730 - R:localhost/127.0.0.1:4407] for GET '/session/fda11f5abc0b8af7ea4ac13ad51fe42a/url'
19:54:00.164 [AsyncHttpClient-1-2] DEBUG org.asynchttpclient.netty.handler.HttpHandler - 

Request DefaultFullHttpRequest(decodeResult: success, version: HTTP/1.1, content: EmptyByteBufBE)
GET /session/fda11f5abc0b8af7ea4ac13ad51fe42a/url HTTP/1.1
User-Agent: selenium/4.7.1 (java windows)
Cache-Control: no-cache
Content-Type: application/json; charset=utf-8
host: localhost:4407
accept: */*

Response DefaultHttpResponse(decodeResult: success, version: HTTP/1.1)
HTTP/1.1 200 OK
Content-Type: application/json; charset=utf-8
cache-control: no-cache
content-length: 51

19:54:00.164 [AsyncHttpClient-1-2] DEBUG org.asynchttpclient.netty.channel.ChannelManager - Adding key: http://localhost:4407 for channel [id: 0x8befece4, L:/127.0.0.1:58730 - R:localhost/127.0.0.1:4407]
19:54:00.164 [Forwarding screenshot on session fda11f5abc0b8af7ea4ac13ad51fe42a to remote] DEBUG org.asynchttpclient.netty.request.NettyRequestSender - Using pooled Channel '[id: 0x8befece4, L:/127.0.0.1:58730 - R:localhost/127.0.0.1:4407]' for 'GET' to 'http://localhost:4407/session/fda11f5abc0b8af7ea4ac13ad51fe42a/screenshot'
19:54:00.164 [Forwarding screenshot on session fda11f5abc0b8af7ea4ac13ad51fe42a to remote] DEBUG org.asynchttpclient.netty.request.NettyRequestSender - Using open Channel [id: 0x8befece4, L:/127.0.0.1:58730 - R:localhost/127.0.0.1:4407] for GET '/session/fda11f5abc0b8af7ea4ac13ad51fe42a/screenshot'
19:54:00.309 [AsyncHttpClient-1-2] DEBUG org.asynchttpclient.netty.handler.HttpHandler - 

Request DefaultFullHttpRequest(decodeResult: success, version: HTTP/1.1, content: EmptyByteBufBE)
GET /session/fda11f5abc0b8af7ea4ac13ad51fe42a/screenshot HTTP/1.1
User-Agent: selenium/4.7.1 (java windows)
Cache-Control: no-cache
Content-Type: application/json; charset=utf-8
host: localhost:4407
accept: */*

Response DefaultHttpResponse(decodeResult: success, version: HTTP/1.1)
HTTP/1.1 200 OK
Content-Type: application/json; charset=utf-8
cache-control: no-cache
content-length: 29880

19:54:00.309 [AsyncHttpClient-1-2] DEBUG org.asynchttpclient.netty.channel.ChannelManager - Adding key: http://localhost:4407 for channel [id: 0x8befece4, L:/127.0.0.1:58730 - R:localhost/127.0.0.1:4407]
19:54:00.317 [main] DEBUG net.serenitybdd.core.photography.Darkroom - Send negative for processing for target\site\serenity\830e7e651f87f5dc73228e72778f4736a21a9a30de988d8e16ef2cfd12b63264.png
19:54:00.317 [Darkroom Processing Line] DEBUG net.serenitybdd.core.photography.DarkroomProcessingLine - Processing screenshot image in /var/screenshots/screenshot-675155453670305602
19:54:00.317 [Darkroom Processing Line] DEBUG net.serenitybdd.core.photography.DarkroomProcessingLine - Saving screenshot to target\site\serenity\830e7e651f87f5dc73228e72778f4736a21a9a30de988d8e16ef2cfd12b63264.png
19:54:00.317 [main] DEBUG net.thucydides.core.steps.StepInterceptor - STEP DONE: inputPassword
19:54:00.325 [main] DEBUG net.thucydides.core.steps.StepInterceptor - STARTING STEP: TransaksiSteps.userBeradaDiHomepageAltaShopDanLoginAkun - klikButtonLoginKedua
19:54:00.325 [Forwarding findElement on session fda11f5abc0b8af7ea4ac13ad51fe42a to remote] DEBUG org.asynchttpclient.netty.request.NettyRequestSender - Using pooled Channel '[id: 0x8befece4, L:/127.0.0.1:58730 - R:localhost/127.0.0.1:4407]' for 'POST' to 'http://localhost:4407/session/fda11f5abc0b8af7ea4ac13ad51fe42a/element'
19:54:00.325 [Forwarding findElement on session fda11f5abc0b8af7ea4ac13ad51fe42a to remote] DEBUG org.asynchttpclient.netty.request.NettyRequestSender - Using open Channel [id: 0x8befece4, L:/127.0.0.1:58730 - R:localhost/127.0.0.1:4407] for POST '/session/fda11f5abc0b8af7ea4ac13ad51fe42a/element'
19:54:00.341 [AsyncHttpClient-1-2] DEBUG org.asynchttpclient.netty.handler.HttpHandler - 

Request DefaultHttpRequest(decodeResult: success, version: HTTP/1.1)
POST /session/fda11f5abc0b8af7ea4ac13ad51fe42a/element HTTP/1.1
User-Agent: selenium/4.7.1 (java windows)
Content-Length: 141
Content-Type: application/json; charset=utf-8
host: localhost:4407
accept: */*

Response DefaultHttpResponse(decodeResult: success, version: HTTP/1.1)
HTTP/1.1 200 OK
Content-Type: application/json; charset=utf-8
cache-control: no-cache
content-length: 88

19:54:00.341 [AsyncHttpClient-1-2] DEBUG org.asynchttpclient.netty.channel.ChannelManager - Adding key: http://localhost:4407 for channel [id: 0x8befece4, L:/127.0.0.1:58730 - R:localhost/127.0.0.1:4407]
19:54:00.341 [Forwarding getElementTagName on session fda11f5abc0b8af7ea4ac13ad51fe42a to remote] DEBUG org.asynchttpclient.netty.request.NettyRequestSender - Using pooled Channel '[id: 0x8befece4, L:/127.0.0.1:58730 - R:localhost/127.0.0.1:4407]' for 'GET' to 'http://localhost:4407/session/fda11f5abc0b8af7ea4ac13ad51fe42a/element/33a7d151-2ace-413e-b8cf-592f7f60d7d1/name'
19:54:00.341 [Forwarding getElementTagName on session fda11f5abc0b8af7ea4ac13ad51fe42a to remote] DEBUG org.asynchttpclient.netty.request.NettyRequestSender - Using open Channel [id: 0x8befece4, L:/127.0.0.1:58730 - R:localhost/127.0.0.1:4407] for GET '/session/fda11f5abc0b8af7ea4ac13ad51fe42a/element/33a7d151-2ace-413e-b8cf-592f7f60d7d1/name'
19:54:00.349 [AsyncHttpClient-1-2] DEBUG org.asynchttpclient.netty.handler.HttpHandler - 

Request DefaultFullHttpRequest(decodeResult: success, version: HTTP/1.1, content: EmptyByteBufBE)
GET /session/fda11f5abc0b8af7ea4ac13ad51fe42a/element/33a7d151-2ace-413e-b8cf-592f7f60d7d1/name HTTP/1.1
User-Agent: selenium/4.7.1 (java windows)
Cache-Control: no-cache
Content-Type: application/json; charset=utf-8
host: localhost:4407
accept: */*

Response DefaultHttpResponse(decodeResult: success, version: HTTP/1.1)
HTTP/1.1 200 OK
Content-Type: application/json; charset=utf-8
cache-control: no-cache
content-length: 18

19:54:00.349 [AsyncHttpClient-1-2] DEBUG org.asynchttpclient.netty.channel.ChannelManager - Adding key: http://localhost:4407 for channel [id: 0x8befece4, L:/127.0.0.1:58730 - R:localhost/127.0.0.1:4407]
19:54:00.349 [Forwarding getElementTagName on session fda11f5abc0b8af7ea4ac13ad51fe42a to remote] DEBUG org.asynchttpclient.netty.request.NettyRequestSender - Using pooled Channel '[id: 0x8befece4, L:/127.0.0.1:58730 - R:localhost/127.0.0.1:4407]' for 'GET' to 'http://localhost:4407/session/fda11f5abc0b8af7ea4ac13ad51fe42a/element/33a7d151-2ace-413e-b8cf-592f7f60d7d1/name'
19:54:00.349 [Forwarding getElementTagName on session fda11f5abc0b8af7ea4ac13ad51fe42a to remote] DEBUG org.asynchttpclient.netty.request.NettyRequestSender - Using open Channel [id: 0x8befece4, L:/127.0.0.1:58730 - R:localhost/127.0.0.1:4407] for GET '/session/fda11f5abc0b8af7ea4ac13ad51fe42a/element/33a7d151-2ace-413e-b8cf-592f7f60d7d1/name'
19:54:00.357 [AsyncHttpClient-1-2] DEBUG org.asynchttpclient.netty.handler.HttpHandler - 

Request DefaultFullHttpRequest(decodeResult: success, version: HTTP/1.1, content: EmptyByteBufBE)
GET /session/fda11f5abc0b8af7ea4ac13ad51fe42a/element/33a7d151-2ace-413e-b8cf-592f7f60d7d1/name HTTP/1.1
User-Agent: selenium/4.7.1 (java windows)
Cache-Control: no-cache
Content-Type: application/json; charset=utf-8
host: localhost:4407
accept: */*

Response DefaultHttpResponse(decodeResult: success, version: HTTP/1.1)
HTTP/1.1 200 OK
Content-Type: application/json; charset=utf-8
cache-control: no-cache
content-length: 18

19:54:00.357 [AsyncHttpClient-1-2] DEBUG org.asynchttpclient.netty.channel.ChannelManager - Adding key: http://localhost:4407 for channel [id: 0x8befece4, L:/127.0.0.1:58730 - R:localhost/127.0.0.1:4407]
19:54:00.357 [Forwarding isElementEnabled on session fda11f5abc0b8af7ea4ac13ad51fe42a to remote] DEBUG org.asynchttpclient.netty.request.NettyRequestSender - Using pooled Channel '[id: 0x8befece4, L:/127.0.0.1:58730 - R:localhost/127.0.0.1:4407]' for 'GET' to 'http://localhost:4407/session/fda11f5abc0b8af7ea4ac13ad51fe42a/element/33a7d151-2ace-413e-b8cf-592f7f60d7d1/enabled'
19:54:00.357 [Forwarding isElementEnabled on session fda11f5abc0b8af7ea4ac13ad51fe42a to remote] DEBUG org.asynchttpclient.netty.request.NettyRequestSender - Using open Channel [id: 0x8befece4, L:/127.0.0.1:58730 - R:localhost/127.0.0.1:4407] for GET '/session/fda11f5abc0b8af7ea4ac13ad51fe42a/element/33a7d151-2ace-413e-b8cf-592f7f60d7d1/enabled'
19:54:00.365 [AsyncHttpClient-1-2] DEBUG org.asynchttpclient.netty.handler.HttpHandler - 

Request DefaultFullHttpRequest(decodeResult: success, version: HTTP/1.1, content: EmptyByteBufBE)
GET /session/fda11f5abc0b8af7ea4ac13ad51fe42a/element/33a7d151-2ace-413e-b8cf-592f7f60d7d1/enabled HTTP/1.1
User-Agent: selenium/4.7.1 (java windows)
Cache-Control: no-cache
Content-Type: application/json; charset=utf-8
host: localhost:4407
accept: */*

Response DefaultHttpResponse(decodeResult: success, version: HTTP/1.1)
HTTP/1.1 200 OK
Content-Type: application/json; charset=utf-8
cache-control: no-cache
content-length: 14

19:54:00.365 [AsyncHttpClient-1-2] DEBUG org.asynchttpclient.netty.channel.ChannelManager - Adding key: http://localhost:4407 for channel [id: 0x8befece4, L:/127.0.0.1:58730 - R:localhost/127.0.0.1:4407]
19:54:00.373 [Forwarding isElementEnabled on session fda11f5abc0b8af7ea4ac13ad51fe42a to remote] DEBUG org.asynchttpclient.netty.request.NettyRequestSender - Using pooled Channel '[id: 0x8befece4, L:/127.0.0.1:58730 - R:localhost/127.0.0.1:4407]' for 'GET' to 'http://localhost:4407/session/fda11f5abc0b8af7ea4ac13ad51fe42a/element/33a7d151-2ace-413e-b8cf-592f7f60d7d1/enabled'
19:54:00.373 [Forwarding isElementEnabled on session fda11f5abc0b8af7ea4ac13ad51fe42a to remote] DEBUG org.asynchttpclient.netty.request.NettyRequestSender - Using open Channel [id: 0x8befece4, L:/127.0.0.1:58730 - R:localhost/127.0.0.1:4407] for GET '/session/fda11f5abc0b8af7ea4ac13ad51fe42a/element/33a7d151-2ace-413e-b8cf-592f7f60d7d1/enabled'
19:54:00.373 [AsyncHttpClient-1-2] DEBUG org.asynchttpclient.netty.handler.HttpHandler - 

Request DefaultFullHttpRequest(decodeResult: success, version: HTTP/1.1, content: EmptyByteBufBE)
GET /session/fda11f5abc0b8af7ea4ac13ad51fe42a/element/33a7d151-2ace-413e-b8cf-592f7f60d7d1/enabled HTTP/1.1
User-Agent: selenium/4.7.1 (java windows)
Cache-Control: no-cache
Content-Type: application/json; charset=utf-8
host: localhost:4407
accept: */*

Response DefaultHttpResponse(decodeResult: success, version: HTTP/1.1)
HTTP/1.1 200 OK
Content-Type: application/json; charset=utf-8
cache-control: no-cache
content-length: 14

19:54:00.373 [AsyncHttpClient-1-2] DEBUG org.asynchttpclient.netty.channel.ChannelManager - Adding key: http://localhost:4407 for channel [id: 0x8befece4, L:/127.0.0.1:58730 - R:localhost/127.0.0.1:4407]
19:54:00.381 [Forwarding findElement on session fda11f5abc0b8af7ea4ac13ad51fe42a to remote] DEBUG org.asynchttpclient.netty.request.NettyRequestSender - Using pooled Channel '[id: 0x8befece4, L:/127.0.0.1:58730 - R:localhost/127.0.0.1:4407]' for 'POST' to 'http://localhost:4407/session/fda11f5abc0b8af7ea4ac13ad51fe42a/element'
19:54:00.381 [Forwarding findElement on session fda11f5abc0b8af7ea4ac13ad51fe42a to remote] DEBUG org.asynchttpclient.netty.request.NettyRequestSender - Using open Channel [id: 0x8befece4, L:/127.0.0.1:58730 - R:localhost/127.0.0.1:4407] for POST '/session/fda11f5abc0b8af7ea4ac13ad51fe42a/element'
19:54:00.389 [AsyncHttpClient-1-2] DEBUG org.asynchttpclient.netty.handler.HttpHandler - 

Request DefaultHttpRequest(decodeResult: success, version: HTTP/1.1)
POST /session/fda11f5abc0b8af7ea4ac13ad51fe42a/element HTTP/1.1
User-Agent: selenium/4.7.1 (java windows)
Content-Length: 141
Content-Type: application/json; charset=utf-8
host: localhost:4407
accept: */*

Response DefaultHttpResponse(decodeResult: success, version: HTTP/1.1)
HTTP/1.1 200 OK
Content-Type: application/json; charset=utf-8
cache-control: no-cache
content-length: 88

19:54:00.389 [AsyncHttpClient-1-2] DEBUG org.asynchttpclient.netty.channel.ChannelManager - Adding key: http://localhost:4407 for channel [id: 0x8befece4, L:/127.0.0.1:58730 - R:localhost/127.0.0.1:4407]
19:54:00.389 [Forwarding clickElement on session fda11f5abc0b8af7ea4ac13ad51fe42a to remote] DEBUG org.asynchttpclient.netty.request.NettyRequestSender - Using pooled Channel '[id: 0x8befece4, L:/127.0.0.1:58730 - R:localhost/127.0.0.1:4407]' for 'POST' to 'http://localhost:4407/session/fda11f5abc0b8af7ea4ac13ad51fe42a/element/33a7d151-2ace-413e-b8cf-592f7f60d7d1/click'
19:54:00.389 [Forwarding clickElement on session fda11f5abc0b8af7ea4ac13ad51fe42a to remote] DEBUG org.asynchttpclient.netty.request.NettyRequestSender - Using open Channel [id: 0x8befece4, L:/127.0.0.1:58730 - R:localhost/127.0.0.1:4407] for POST '/session/fda11f5abc0b8af7ea4ac13ad51fe42a/element/33a7d151-2ace-413e-b8cf-592f7f60d7d1/click'
19:54:00.437 [AsyncHttpClient-1-2] DEBUG org.asynchttpclient.netty.handler.HttpHandler - 

Request DefaultHttpRequest(decodeResult: success, version: HTTP/1.1)
POST /session/fda11f5abc0b8af7ea4ac13ad51fe42a/element/33a7d151-2ace-413e-b8cf-592f7f60d7d1/click HTTP/1.1
User-Agent: selenium/4.7.1 (java windows)
Content-Length: 50
Content-Type: application/json; charset=utf-8
host: localhost:4407
accept: */*

Response DefaultHttpResponse(decodeResult: success, version: HTTP/1.1)
HTTP/1.1 200 OK
Content-Type: application/json; charset=utf-8
cache-control: no-cache
content-length: 14

19:54:00.437 [AsyncHttpClient-1-2] DEBUG org.asynchttpclient.netty.channel.ChannelManager - Adding key: http://localhost:4407 for channel [id: 0x8befece4, L:/127.0.0.1:58730 - R:localhost/127.0.0.1:4407]
19:54:00.445 [Forwarding getCurrentWindowHandle on session fda11f5abc0b8af7ea4ac13ad51fe42a to remote] DEBUG org.asynchttpclient.netty.request.NettyRequestSender - Using pooled Channel '[id: 0x8befece4, L:/127.0.0.1:58730 - R:localhost/127.0.0.1:4407]' for 'GET' to 'http://localhost:4407/session/fda11f5abc0b8af7ea4ac13ad51fe42a/window'
19:54:00.445 [Forwarding getCurrentWindowHandle on session fda11f5abc0b8af7ea4ac13ad51fe42a to remote] DEBUG org.asynchttpclient.netty.request.NettyRequestSender - Using open Channel [id: 0x8befece4, L:/127.0.0.1:58730 - R:localhost/127.0.0.1:4407] for GET '/session/fda11f5abc0b8af7ea4ac13ad51fe42a/window'
19:54:00.453 [AsyncHttpClient-1-2] DEBUG org.asynchttpclient.netty.handler.HttpHandler - 

Request DefaultFullHttpRequest(decodeResult: success, version: HTTP/1.1, content: EmptyByteBufBE)
GET /session/fda11f5abc0b8af7ea4ac13ad51fe42a/window HTTP/1.1
User-Agent: selenium/4.7.1 (java windows)
Cache-Control: no-cache
Content-Type: application/json; charset=utf-8
host: localhost:4407
accept: */*

Response DefaultHttpResponse(decodeResult: success, version: HTTP/1.1)
HTTP/1.1 200 OK
Content-Type: application/json; charset=utf-8
cache-control: no-cache
content-length: 44

19:54:00.453 [AsyncHttpClient-1-2] DEBUG org.asynchttpclient.netty.channel.ChannelManager - Adding key: http://localhost:4407 for channel [id: 0x8befece4, L:/127.0.0.1:58730 - R:localhost/127.0.0.1:4407]
19:54:00.453 [Forwarding getAlertText on session fda11f5abc0b8af7ea4ac13ad51fe42a to remote] DEBUG org.asynchttpclient.netty.request.NettyRequestSender - Using pooled Channel '[id: 0x8befece4, L:/127.0.0.1:58730 - R:localhost/127.0.0.1:4407]' for 'GET' to 'http://localhost:4407/session/fda11f5abc0b8af7ea4ac13ad51fe42a/alert/text'
19:54:00.453 [Forwarding getAlertText on session fda11f5abc0b8af7ea4ac13ad51fe42a to remote] DEBUG org.asynchttpclient.netty.request.NettyRequestSender - Using open Channel [id: 0x8befece4, L:/127.0.0.1:58730 - R:localhost/127.0.0.1:4407] for GET '/session/fda11f5abc0b8af7ea4ac13ad51fe42a/alert/text'
19:54:00.453 [AsyncHttpClient-1-2] DEBUG org.asynchttpclient.netty.handler.HttpHandler - 

Request DefaultFullHttpRequest(decodeResult: success, version: HTTP/1.1, content: EmptyByteBufBE)
GET /session/fda11f5abc0b8af7ea4ac13ad51fe42a/alert/text HTTP/1.1
User-Agent: selenium/4.7.1 (java windows)
Cache-Control: no-cache
Content-Type: application/json; charset=utf-8
host: localhost:4407
accept: */*

Response DefaultHttpResponse(decodeResult: success, version: HTTP/1.1)
HTTP/1.1 404 Not Found
Content-Type: application/json; charset=utf-8
cache-control: no-cache
content-length: 821

19:54:00.453 [AsyncHttpClient-1-2] DEBUG org.asynchttpclient.netty.channel.ChannelManager - Adding key: http://localhost:4407 for channel [id: 0x8befece4, L:/127.0.0.1:58730 - R:localhost/127.0.0.1:4407]
19:54:00.461 [Forwarding switchToWindow on session fda11f5abc0b8af7ea4ac13ad51fe42a to remote] DEBUG org.asynchttpclient.netty.request.NettyRequestSender - Using pooled Channel '[id: 0x8befece4, L:/127.0.0.1:58730 - R:localhost/127.0.0.1:4407]' for 'POST' to 'http://localhost:4407/session/fda11f5abc0b8af7ea4ac13ad51fe42a/window'
19:54:00.461 [Forwarding switchToWindow on session fda11f5abc0b8af7ea4ac13ad51fe42a to remote] DEBUG org.asynchttpclient.netty.request.NettyRequestSender - Using open Channel [id: 0x8befece4, L:/127.0.0.1:58730 - R:localhost/127.0.0.1:4407] for POST '/session/fda11f5abc0b8af7ea4ac13ad51fe42a/window'
19:54:00.461 [AsyncHttpClient-1-2] DEBUG org.asynchttpclient.netty.handler.HttpHandler - 

Request DefaultHttpRequest(decodeResult: success, version: HTTP/1.1)
POST /session/fda11f5abc0b8af7ea4ac13ad51fe42a/window HTTP/1.1
User-Agent: selenium/4.7.1 (java windows)
Content-Length: 50
Content-Type: application/json; charset=utf-8
host: localhost:4407
accept: */*

Response DefaultHttpResponse(decodeResult: success, version: HTTP/1.1)
HTTP/1.1 200 OK
Content-Type: application/json; charset=utf-8
cache-control: no-cache
content-length: 14

19:54:00.461 [AsyncHttpClient-1-2] DEBUG org.asynchttpclient.netty.channel.ChannelManager - Adding key: http://localhost:4407 for channel [id: 0x8befece4, L:/127.0.0.1:58730 - R:localhost/127.0.0.1:4407]
19:54:00.461 [Forwarding getCurrentUrl on session fda11f5abc0b8af7ea4ac13ad51fe42a to remote] DEBUG org.asynchttpclient.netty.request.NettyRequestSender - Using pooled Channel '[id: 0x8befece4, L:/127.0.0.1:58730 - R:localhost/127.0.0.1:4407]' for 'GET' to 'http://localhost:4407/session/fda11f5abc0b8af7ea4ac13ad51fe42a/url'
19:54:00.461 [Forwarding getCurrentUrl on session fda11f5abc0b8af7ea4ac13ad51fe42a to remote] DEBUG org.asynchttpclient.netty.request.NettyRequestSender - Using open Channel [id: 0x8befece4, L:/127.0.0.1:58730 - R:localhost/127.0.0.1:4407] for GET '/session/fda11f5abc0b8af7ea4ac13ad51fe42a/url'
19:54:00.469 [AsyncHttpClient-1-2] DEBUG org.asynchttpclient.netty.handler.HttpHandler - 

Request DefaultFullHttpRequest(decodeResult: success, version: HTTP/1.1, content: EmptyByteBufBE)
GET /session/fda11f5abc0b8af7ea4ac13ad51fe42a/url HTTP/1.1
User-Agent: selenium/4.7.1 (java windows)
Cache-Control: no-cache
Content-Type: application/json; charset=utf-8
host: localhost:4407
accept: */*

Response DefaultHttpResponse(decodeResult: success, version: HTTP/1.1)
HTTP/1.1 200 OK
Content-Type: application/json; charset=utf-8
cache-control: no-cache
content-length: 51

19:54:00.469 [AsyncHttpClient-1-2] DEBUG org.asynchttpclient.netty.channel.ChannelManager - Adding key: http://localhost:4407 for channel [id: 0x8befece4, L:/127.0.0.1:58730 - R:localhost/127.0.0.1:4407]
19:54:00.469 [Forwarding screenshot on session fda11f5abc0b8af7ea4ac13ad51fe42a to remote] DEBUG org.asynchttpclient.netty.request.NettyRequestSender - Using pooled Channel '[id: 0x8befece4, L:/127.0.0.1:58730 - R:localhost/127.0.0.1:4407]' for 'GET' to 'http://localhost:4407/session/fda11f5abc0b8af7ea4ac13ad51fe42a/screenshot'
19:54:00.469 [Forwarding screenshot on session fda11f5abc0b8af7ea4ac13ad51fe42a to remote] DEBUG org.asynchttpclient.netty.request.NettyRequestSender - Using open Channel [id: 0x8befece4, L:/127.0.0.1:58730 - R:localhost/127.0.0.1:4407] for GET '/session/fda11f5abc0b8af7ea4ac13ad51fe42a/screenshot'
19:54:00.950 [AsyncHttpClient-1-2] DEBUG org.asynchttpclient.netty.handler.HttpHandler - 

Request DefaultFullHttpRequest(decodeResult: success, version: HTTP/1.1, content: EmptyByteBufBE)
GET /session/fda11f5abc0b8af7ea4ac13ad51fe42a/screenshot HTTP/1.1
User-Agent: selenium/4.7.1 (java windows)
Cache-Control: no-cache
Content-Type: application/json; charset=utf-8
host: localhost:4407
accept: */*

Response DefaultHttpResponse(decodeResult: success, version: HTTP/1.1)
HTTP/1.1 200 OK
Content-Type: application/json; charset=utf-8
cache-control: no-cache
content-length: 24980

19:54:00.950 [AsyncHttpClient-1-2] DEBUG org.asynchttpclient.netty.channel.ChannelManager - Adding key: http://localhost:4407 for channel [id: 0x8befece4, L:/127.0.0.1:58730 - R:localhost/127.0.0.1:4407]
19:54:00.958 [main] DEBUG net.serenitybdd.core.photography.Darkroom - Send negative for processing for target\site\serenity\bda48550dbc615f0c8ca917e9484af1d3a86dc6e2df7482ed4007510fee5229d.png
19:54:00.958 [main] DEBUG net.thucydides.core.steps.StepInterceptor - STEP DONE: klikButtonLoginKedua
19:54:00.958 [Darkroom Processing Line] DEBUG net.serenitybdd.core.photography.DarkroomProcessingLine - Processing screenshot image in /var/screenshots/screenshot-2631389123078954045
19:54:00.958 [Darkroom Processing Line] DEBUG net.serenitybdd.core.photography.DarkroomProcessingLine - Saving screenshot to target\site\serenity\bda48550dbc615f0c8ca917e9484af1d3a86dc6e2df7482ed4007510fee5229d.png
  &amp#27;[32mGiven &amp#27;[0m&amp#27;[32muser berada di Homepage AltaShop dan login akun&amp#27;[0m                   &amp#27;[90m# starter.stepdefinitions.TransaksiSteps.userBeradaDiHomepageAltaShopDanLoginAkun()&amp#27;[0m
19:54:00.982 [main] DEBUG net.thucydides.core.steps.StepInterceptor - STARTING STEP: TransaksiSteps.userKlikBeliPadaProdukYangDiinginkan - diHomepageKembali
19:54:00.990 [Forwarding findElement on session fda11f5abc0b8af7ea4ac13ad51fe42a to remote] DEBUG org.asynchttpclient.netty.request.NettyRequestSender - Using pooled Channel '[id: 0x8befece4, L:/127.0.0.1:58730 - R:localhost/127.0.0.1:4407]' for 'POST' to 'http://localhost:4407/session/fda11f5abc0b8af7ea4ac13ad51fe42a/element'
19:54:00.990 [Forwarding findElement on session fda11f5abc0b8af7ea4ac13ad51fe42a to remote] DEBUG org.asynchttpclient.netty.request.NettyRequestSender - Using open Channel [id: 0x8befece4, L:/127.0.0.1:58730 - R:localhost/127.0.0.1:4407] for POST '/session/fda11f5abc0b8af7ea4ac13ad51fe42a/element'
19:54:01.118 [AsyncHttpClient-1-1] DEBUG org.asynchttpclient.netty.channel.DefaultChannelPool - Entry count for : http://localhost:58732 : 1
19:54:01.390 [AsyncHttpClient-1-2] DEBUG org.asynchttpclient.netty.handler.HttpHandler - 

Request DefaultHttpRequest(decodeResult: success, version: HTTP/1.1)
POST /session/fda11f5abc0b8af7ea4ac13ad51fe42a/element HTTP/1.1
User-Agent: selenium/4.7.1 (java windows)
Content-Length: 194
Content-Type: application/json; charset=utf-8
host: localhost:4407
accept: */*

Response DefaultHttpResponse(decodeResult: success, version: HTTP/1.1)
HTTP/1.1 200 OK
Content-Type: application/json; charset=utf-8
cache-control: no-cache
content-length: 88

19:54:01.390 [AsyncHttpClient-1-2] DEBUG org.asynchttpclient.netty.channel.ChannelManager - Adding key: http://localhost:4407 for channel [id: 0x8befece4, L:/127.0.0.1:58730 - R:localhost/127.0.0.1:4407]
19:54:01.398 [Forwarding isElementDisplayed on session fda11f5abc0b8af7ea4ac13ad51fe42a to remote] DEBUG org.asynchttpclient.netty.request.NettyRequestSender - Using pooled Channel '[id: 0x8befece4, L:/127.0.0.1:58730 - R:localhost/127.0.0.1:4407]' for 'POST' to 'http://localhost:4407/session/fda11f5abc0b8af7ea4ac13ad51fe42a/execute/sync'
19:54:01.398 [Forwarding isElementDisplayed on session fda11f5abc0b8af7ea4ac13ad51fe42a to remote] DEBUG org.asynchttpclient.netty.request.NettyRequestSender - Using open Channel [id: 0x8befece4, L:/127.0.0.1:58730 - R:localhost/127.0.0.1:4407] for POST '/session/fda11f5abc0b8af7ea4ac13ad51fe42a/execute/sync'
19:54:01.406 [AsyncHttpClient-1-2] DEBUG org.asynchttpclient.netty.handler.HttpHandler - 

Request DefaultHttpRequest(decodeResult: success, version: HTTP/1.1)
POST /session/fda11f5abc0b8af7ea4ac13ad51fe42a/execute/sync HTTP/1.1
User-Agent: selenium/4.7.1 (java windows)
Content-Length: 48780
Content-Type: application/json; charset=utf-8
host: localhost:4407
accept: */*

Response DefaultHttpResponse(decodeResult: success, version: HTTP/1.1)
HTTP/1.1 200 OK
Content-Type: application/json; charset=utf-8
cache-control: no-cache
content-length: 14

19:54:01.406 [AsyncHttpClient-1-2] DEBUG org.asynchttpclient.netty.channel.ChannelManager - Adding key: http://localhost:4407 for channel [id: 0x8befece4, L:/127.0.0.1:58730 - R:localhost/127.0.0.1:4407]
19:54:01.414 [Forwarding isElementDisplayed on session fda11f5abc0b8af7ea4ac13ad51fe42a to remote] DEBUG org.asynchttpclient.netty.request.NettyRequestSender - Using pooled Channel '[id: 0x8befece4, L:/127.0.0.1:58730 - R:localhost/127.0.0.1:4407]' for 'POST' to 'http://localhost:4407/session/fda11f5abc0b8af7ea4ac13ad51fe42a/execute/sync'
19:54:01.414 [Forwarding isElementDisplayed on session fda11f5abc0b8af7ea4ac13ad51fe42a to remote] DEBUG org.asynchttpclient.netty.request.NettyRequestSender - Using open Channel [id: 0x8befece4, L:/127.0.0.1:58730 - R:localhost/127.0.0.1:4407] for POST '/session/fda11f5abc0b8af7ea4ac13ad51fe42a/execute/sync'
19:54:01.422 [AsyncHttpClient-1-2] DEBUG org.asynchttpclient.netty.handler.HttpHandler - 

Request DefaultHttpRequest(decodeResult: success, version: HTTP/1.1)
POST /session/fda11f5abc0b8af7ea4ac13ad51fe42a/execute/sync HTTP/1.1
User-Agent: selenium/4.7.1 (java windows)
Content-Length: 48780
Content-Type: application/json; charset=utf-8
host: localhost:4407
accept: */*

Response DefaultHttpResponse(decodeResult: success, version: HTTP/1.1)
HTTP/1.1 200 OK
Content-Type: application/json; charset=utf-8
cache-control: no-cache
content-length: 14

19:54:01.422 [AsyncHttpClient-1-2] DEBUG org.asynchttpclient.netty.channel.ChannelManager - Adding key: http://localhost:4407 for channel [id: 0x8befece4, L:/127.0.0.1:58730 - R:localhost/127.0.0.1:4407]
19:54:01.430 [Forwarding getCurrentWindowHandle on session fda11f5abc0b8af7ea4ac13ad51fe42a to remote] DEBUG org.asynchttpclient.netty.request.NettyRequestSender - Using pooled Channel '[id: 0x8befece4, L:/127.0.0.1:58730 - R:localhost/127.0.0.1:4407]' for 'GET' to 'http://localhost:4407/session/fda11f5abc0b8af7ea4ac13ad51fe42a/window'
19:54:01.430 [Forwarding getCurrentWindowHandle on session fda11f5abc0b8af7ea4ac13ad51fe42a to remote] DEBUG org.asynchttpclient.netty.request.NettyRequestSender - Using open Channel [id: 0x8befece4, L:/127.0.0.1:58730 - R:localhost/127.0.0.1:4407] for GET '/session/fda11f5abc0b8af7ea4ac13ad51fe42a/window'
19:54:01.430 [AsyncHttpClient-1-2] DEBUG org.asynchttpclient.netty.handler.HttpHandler - 

Request DefaultFullHttpRequest(decodeResult: success, version: HTTP/1.1, content: EmptyByteBufBE)
GET /session/fda11f5abc0b8af7ea4ac13ad51fe42a/window HTTP/1.1
User-Agent: selenium/4.7.1 (java windows)
Cache-Control: no-cache
Content-Type: application/json; charset=utf-8
host: localhost:4407
accept: */*

Response DefaultHttpResponse(decodeResult: success, version: HTTP/1.1)
HTTP/1.1 200 OK
Content-Type: application/json; charset=utf-8
cache-control: no-cache
content-length: 44

19:54:01.430 [AsyncHttpClient-1-2] DEBUG org.asynchttpclient.netty.channel.ChannelManager - Adding key: http://localhost:4407 for channel [id: 0x8befece4, L:/127.0.0.1:58730 - R:localhost/127.0.0.1:4407]
19:54:01.438 [Forwarding getAlertText on session fda11f5abc0b8af7ea4ac13ad51fe42a to remote] DEBUG org.asynchttpclient.netty.request.NettyRequestSender - Using pooled Channel '[id: 0x8befece4, L:/127.0.0.1:58730 - R:localhost/127.0.0.1:4407]' for 'GET' to 'http://localhost:4407/session/fda11f5abc0b8af7ea4ac13ad51fe42a/alert/text'
19:54:01.438 [Forwarding getAlertText on session fda11f5abc0b8af7ea4ac13ad51fe42a to remote] DEBUG org.asynchttpclient.netty.request.NettyRequestSender - Using open Channel [id: 0x8befece4, L:/127.0.0.1:58730 - R:localhost/127.0.0.1:4407] for GET '/session/fda11f5abc0b8af7ea4ac13ad51fe42a/alert/text'
19:54:01.438 [AsyncHttpClient-1-2] DEBUG org.asynchttpclient.netty.handler.HttpHandler - 

Request DefaultFullHttpRequest(decodeResult: success, version: HTTP/1.1, content: EmptyByteBufBE)
GET /session/fda11f5abc0b8af7ea4ac13ad51fe42a/alert/text HTTP/1.1
User-Agent: selenium/4.7.1 (java windows)
Cache-Control: no-cache
Content-Type: application/json; charset=utf-8
host: localhost:4407
accept: */*

Response DefaultHttpResponse(decodeResult: success, version: HTTP/1.1)
HTTP/1.1 404 Not Found
Content-Type: application/json; charset=utf-8
cache-control: no-cache
content-length: 821

19:54:01.438 [AsyncHttpClient-1-2] DEBUG org.asynchttpclient.netty.channel.ChannelManager - Adding key: http://localhost:4407 for channel [id: 0x8befece4, L:/127.0.0.1:58730 - R:localhost/127.0.0.1:4407]
19:54:01.438 [Forwarding switchToWindow on session fda11f5abc0b8af7ea4ac13ad51fe42a to remote] DEBUG org.asynchttpclient.netty.request.NettyRequestSender - Using pooled Channel '[id: 0x8befece4, L:/127.0.0.1:58730 - R:localhost/127.0.0.1:4407]' for 'POST' to 'http://localhost:4407/session/fda11f5abc0b8af7ea4ac13ad51fe42a/window'
19:54:01.438 [Forwarding switchToWindow on session fda11f5abc0b8af7ea4ac13ad51fe42a to remote] DEBUG org.asynchttpclient.netty.request.NettyRequestSender - Using open Channel [id: 0x8befece4, L:/127.0.0.1:58730 - R:localhost/127.0.0.1:4407] for POST '/session/fda11f5abc0b8af7ea4ac13ad51fe42a/window'
19:54:01.446 [AsyncHttpClient-1-2] DEBUG org.asynchttpclient.netty.handler.HttpHandler - 

Request DefaultHttpRequest(decodeResult: success, version: HTTP/1.1)
POST /session/fda11f5abc0b8af7ea4ac13ad51fe42a/window HTTP/1.1
User-Agent: selenium/4.7.1 (java windows)
Content-Length: 50
Content-Type: application/json; charset=utf-8
host: localhost:4407
accept: */*

Response DefaultHttpResponse(decodeResult: success, version: HTTP/1.1)
HTTP/1.1 200 OK
Content-Type: application/json; charset=utf-8
cache-control: no-cache
content-length: 14

19:54:01.446 [AsyncHttpClient-1-2] DEBUG org.asynchttpclient.netty.channel.ChannelManager - Adding key: http://localhost:4407 for channel [id: 0x8befece4, L:/127.0.0.1:58730 - R:localhost/127.0.0.1:4407]
19:54:01.446 [Forwarding getCurrentUrl on session fda11f5abc0b8af7ea4ac13ad51fe42a to remote] DEBUG org.asynchttpclient.netty.request.NettyRequestSender - Using pooled Channel '[id: 0x8befece4, L:/127.0.0.1:58730 - R:localhost/127.0.0.1:4407]' for 'GET' to 'http://localhost:4407/session/fda11f5abc0b8af7ea4ac13ad51fe42a/url'
19:54:01.446 [Forwarding getCurrentUrl on session fda11f5abc0b8af7ea4ac13ad51fe42a to remote] DEBUG org.asynchttpclient.netty.request.NettyRequestSender - Using open Channel [id: 0x8befece4, L:/127.0.0.1:58730 - R:localhost/127.0.0.1:4407] for GET '/session/fda11f5abc0b8af7ea4ac13ad51fe42a/url'
19:54:01.446 [AsyncHttpClient-1-2] DEBUG org.asynchttpclient.netty.handler.HttpHandler - 

Request DefaultFullHttpRequest(decodeResult: success, version: HTTP/1.1, content: EmptyByteBufBE)
GET /session/fda11f5abc0b8af7ea4ac13ad51fe42a/url HTTP/1.1
User-Agent: selenium/4.7.1 (java windows)
Cache-Control: no-cache
Content-Type: application/json; charset=utf-8
host: localhost:4407
accept: */*

Response DefaultHttpResponse(decodeResult: success, version: HTTP/1.1)
HTTP/1.1 200 OK
Content-Type: application/json; charset=utf-8
cache-control: no-cache
content-length: 41

19:54:01.446 [AsyncHttpClient-1-2] DEBUG org.asynchttpclient.netty.channel.ChannelManager - Adding key: http://localhost:4407 for channel [id: 0x8befece4, L:/127.0.0.1:58730 - R:localhost/127.0.0.1:4407]
19:54:01.446 [Forwarding screenshot on session fda11f5abc0b8af7ea4ac13ad51fe42a to remote] DEBUG org.asynchttpclient.netty.request.NettyRequestSender - Using pooled Channel '[id: 0x8befece4, L:/127.0.0.1:58730 - R:localhost/127.0.0.1:4407]' for 'GET' to 'http://localhost:4407/session/fda11f5abc0b8af7ea4ac13ad51fe42a/screenshot'
19:54:01.446 [Forwarding screenshot on session fda11f5abc0b8af7ea4ac13ad51fe42a to remote] DEBUG org.asynchttpclient.netty.request.NettyRequestSender - Using open Channel [id: 0x8befece4, L:/127.0.0.1:58730 - R:localhost/127.0.0.1:4407] for GET '/session/fda11f5abc0b8af7ea4ac13ad51fe42a/screenshot'
19:54:01.527 [AsyncHttpClient-1-2] DEBUG org.asynchttpclient.netty.handler.HttpHandler - 

Request DefaultFullHttpRequest(decodeResult: success, version: HTTP/1.1, content: EmptyByteBufBE)
GET /session/fda11f5abc0b8af7ea4ac13ad51fe42a/screenshot HTTP/1.1
User-Agent: selenium/4.7.1 (java windows)
Cache-Control: no-cache
Content-Type: application/json; charset=utf-8
host: localhost:4407
accept: */*

Response DefaultHttpResponse(decodeResult: success, version: HTTP/1.1)
HTTP/1.1 200 OK
Content-Type: application/json; charset=utf-8
cache-control: no-cache
content-length: 93904

19:54:01.527 [AsyncHttpClient-1-2] DEBUG org.asynchttpclient.netty.channel.ChannelManager - Adding key: http://localhost:4407 for channel [id: 0x8befece4, L:/127.0.0.1:58730 - R:localhost/127.0.0.1:4407]
19:54:01.527 [main] DEBUG net.serenitybdd.core.photography.Darkroom - Send negative for processing for target\site\serenity\14546e4e2df2363c9f90271770a1c67ba6ca326c9bf91417173fd7c41e8c97b5.png
19:54:01.527 [main] DEBUG net.thucydides.core.steps.StepInterceptor - STEP DONE: diHomepageKembali
19:54:01.527 [Darkroom Processing Line] DEBUG net.serenitybdd.core.photography.DarkroomProcessingLine - Processing screenshot image in /var/screenshots/screenshot-18189397458401008342
19:54:01.527 [Darkroom Processing Line] DEBUG net.serenitybdd.core.photography.DarkroomProcessingLine - Saving screenshot to target\site\serenity\14546e4e2df2363c9f90271770a1c67ba6ca326c9bf91417173fd7c41e8c97b5.png
19:54:01.535 [main] DEBUG net.thucydides.core.steps.StepInterceptor - STARTING STEP: TransaksiSteps.userKlikBeliPadaProdukYangDiinginkan - klikButtonBeli
19:54:01.535 [Forwarding findElement on session fda11f5abc0b8af7ea4ac13ad51fe42a to remote] DEBUG org.asynchttpclient.netty.request.NettyRequestSender - Using pooled Channel '[id: 0x8befece4, L:/127.0.0.1:58730 - R:localhost/127.0.0.1:4407]' for 'POST' to 'http://localhost:4407/session/fda11f5abc0b8af7ea4ac13ad51fe42a/element'
19:54:01.535 [Forwarding findElement on session fda11f5abc0b8af7ea4ac13ad51fe42a to remote] DEBUG org.asynchttpclient.netty.request.NettyRequestSender - Using open Channel [id: 0x8befece4, L:/127.0.0.1:58730 - R:localhost/127.0.0.1:4407] for POST '/session/fda11f5abc0b8af7ea4ac13ad51fe42a/element'
19:54:01.551 [AsyncHttpClient-1-2] DEBUG org.asynchttpclient.netty.handler.HttpHandler - 

Request DefaultHttpRequest(decodeResult: success, version: HTTP/1.1)
POST /session/fda11f5abc0b8af7ea4ac13ad51fe42a/element HTTP/1.1
User-Agent: selenium/4.7.1 (java windows)
Content-Length: 194
Content-Type: application/json; charset=utf-8
host: localhost:4407
accept: */*

Response DefaultHttpResponse(decodeResult: success, version: HTTP/1.1)
HTTP/1.1 200 OK
Content-Type: application/json; charset=utf-8
cache-control: no-cache
content-length: 88

19:54:01.551 [AsyncHttpClient-1-2] DEBUG org.asynchttpclient.netty.channel.ChannelManager - Adding key: http://localhost:4407 for channel [id: 0x8befece4, L:/127.0.0.1:58730 - R:localhost/127.0.0.1:4407]
19:54:01.551 [Forwarding getElementTagName on session fda11f5abc0b8af7ea4ac13ad51fe42a to remote] DEBUG org.asynchttpclient.netty.request.NettyRequestSender - Using pooled Channel '[id: 0x8befece4, L:/127.0.0.1:58730 - R:localhost/127.0.0.1:4407]' for 'GET' to 'http://localhost:4407/session/fda11f5abc0b8af7ea4ac13ad51fe42a/element/fba963d8-76ce-4ce2-bf3a-0c6fd99ff077/name'
19:54:01.551 [Forwarding getElementTagName on session fda11f5abc0b8af7ea4ac13ad51fe42a to remote] DEBUG org.asynchttpclient.netty.request.NettyRequestSender - Using open Channel [id: 0x8befece4, L:/127.0.0.1:58730 - R:localhost/127.0.0.1:4407] for GET '/session/fda11f5abc0b8af7ea4ac13ad51fe42a/element/fba963d8-76ce-4ce2-bf3a-0c6fd99ff077/name'
19:54:01.559 [AsyncHttpClient-1-2] DEBUG org.asynchttpclient.netty.handler.HttpHandler - 

Request DefaultFullHttpRequest(decodeResult: success, version: HTTP/1.1, content: EmptyByteBufBE)
GET /session/fda11f5abc0b8af7ea4ac13ad51fe42a/element/fba963d8-76ce-4ce2-bf3a-0c6fd99ff077/name HTTP/1.1
User-Agent: selenium/4.7.1 (java windows)
Cache-Control: no-cache
Content-Type: application/json; charset=utf-8
host: localhost:4407
accept: */*

Response DefaultHttpResponse(decodeResult: success, version: HTTP/1.1)
HTTP/1.1 200 OK
Content-Type: application/json; charset=utf-8
cache-control: no-cache
content-length: 16

19:54:01.559 [AsyncHttpClient-1-2] DEBUG org.asynchttpclient.netty.channel.ChannelManager - Adding key: http://localhost:4407 for channel [id: 0x8befece4, L:/127.0.0.1:58730 - R:localhost/127.0.0.1:4407]
19:54:01.559 [Forwarding getElementTagName on session fda11f5abc0b8af7ea4ac13ad51fe42a to remote] DEBUG org.asynchttpclient.netty.request.NettyRequestSender - Using pooled Channel '[id: 0x8befece4, L:/127.0.0.1:58730 - R:localhost/127.0.0.1:4407]' for 'GET' to 'http://localhost:4407/session/fda11f5abc0b8af7ea4ac13ad51fe42a/element/fba963d8-76ce-4ce2-bf3a-0c6fd99ff077/name'
19:54:01.559 [Forwarding getElementTagName on session fda11f5abc0b8af7ea4ac13ad51fe42a to remote] DEBUG org.asynchttpclient.netty.request.NettyRequestSender - Using open Channel [id: 0x8befece4, L:/127.0.0.1:58730 - R:localhost/127.0.0.1:4407] for GET '/session/fda11f5abc0b8af7ea4ac13ad51fe42a/element/fba963d8-76ce-4ce2-bf3a-0c6fd99ff077/name'
19:54:01.559 [AsyncHttpClient-1-2] DEBUG org.asynchttpclient.netty.handler.HttpHandler - 

Request DefaultFullHttpRequest(decodeResult: success, version: HTTP/1.1, content: EmptyByteBufBE)
GET /session/fda11f5abc0b8af7ea4ac13ad51fe42a/element/fba963d8-76ce-4ce2-bf3a-0c6fd99ff077/name HTTP/1.1
User-Agent: selenium/4.7.1 (java windows)
Cache-Control: no-cache
Content-Type: application/json; charset=utf-8
host: localhost:4407
accept: */*

Response DefaultHttpResponse(decodeResult: success, version: HTTP/1.1)
HTTP/1.1 200 OK
Content-Type: application/json; charset=utf-8
cache-control: no-cache
content-length: 16

19:54:01.559 [AsyncHttpClient-1-2] DEBUG org.asynchttpclient.netty.channel.ChannelManager - Adding key: http://localhost:4407 for channel [id: 0x8befece4, L:/127.0.0.1:58730 - R:localhost/127.0.0.1:4407]
19:54:01.567 [Forwarding findElement on session fda11f5abc0b8af7ea4ac13ad51fe42a to remote] DEBUG org.asynchttpclient.netty.request.NettyRequestSender - Using pooled Channel '[id: 0x8befece4, L:/127.0.0.1:58730 - R:localhost/127.0.0.1:4407]' for 'POST' to 'http://localhost:4407/session/fda11f5abc0b8af7ea4ac13ad51fe42a/element'
19:54:01.567 [Forwarding findElement on session fda11f5abc0b8af7ea4ac13ad51fe42a to remote] DEBUG org.asynchttpclient.netty.request.NettyRequestSender - Using open Channel [id: 0x8befece4, L:/127.0.0.1:58730 - R:localhost/127.0.0.1:4407] for POST '/session/fda11f5abc0b8af7ea4ac13ad51fe42a/element'
19:54:01.573 [AsyncHttpClient-1-2] DEBUG org.asynchttpclient.netty.handler.HttpHandler - 

Request DefaultHttpRequest(decodeResult: success, version: HTTP/1.1)
POST /session/fda11f5abc0b8af7ea4ac13ad51fe42a/element HTTP/1.1
User-Agent: selenium/4.7.1 (java windows)
Content-Length: 194
Content-Type: application/json; charset=utf-8
host: localhost:4407
accept: */*

Response DefaultHttpResponse(decodeResult: success, version: HTTP/1.1)
HTTP/1.1 200 OK
Content-Type: application/json; charset=utf-8
cache-control: no-cache
content-length: 88

19:54:01.573 [AsyncHttpClient-1-2] DEBUG org.asynchttpclient.netty.channel.ChannelManager - Adding key: http://localhost:4407 for channel [id: 0x8befece4, L:/127.0.0.1:58730 - R:localhost/127.0.0.1:4407]
19:54:01.573 [Forwarding clickElement on session fda11f5abc0b8af7ea4ac13ad51fe42a to remote] DEBUG org.asynchttpclient.netty.request.NettyRequestSender - Using pooled Channel '[id: 0x8befece4, L:/127.0.0.1:58730 - R:localhost/127.0.0.1:4407]' for 'POST' to 'http://localhost:4407/session/fda11f5abc0b8af7ea4ac13ad51fe42a/element/fba963d8-76ce-4ce2-bf3a-0c6fd99ff077/click'
19:54:01.573 [Forwarding clickElement on session fda11f5abc0b8af7ea4ac13ad51fe42a to remote] DEBUG org.asynchttpclient.netty.request.NettyRequestSender - Using open Channel [id: 0x8befece4, L:/127.0.0.1:58730 - R:localhost/127.0.0.1:4407] for POST '/session/fda11f5abc0b8af7ea4ac13ad51fe42a/element/fba963d8-76ce-4ce2-bf3a-0c6fd99ff077/click'
19:54:01.655 [AsyncHttpClient-1-2] DEBUG org.asynchttpclient.netty.handler.HttpHandler - 

Request DefaultHttpRequest(decodeResult: success, version: HTTP/1.1)
POST /session/fda11f5abc0b8af7ea4ac13ad51fe42a/element/fba963d8-76ce-4ce2-bf3a-0c6fd99ff077/click HTTP/1.1
User-Agent: selenium/4.7.1 (java windows)
Content-Length: 50
Content-Type: application/json; charset=utf-8
host: localhost:4407
accept: */*

Response DefaultHttpResponse(decodeResult: success, version: HTTP/1.1)
HTTP/1.1 200 OK
Content-Type: application/json; charset=utf-8
cache-control: no-cache
content-length: 14

19:54:01.655 [AsyncHttpClient-1-2] DEBUG org.asynchttpclient.netty.channel.ChannelManager - Adding key: http://localhost:4407 for channel [id: 0x8befece4, L:/127.0.0.1:58730 - R:localhost/127.0.0.1:4407]
19:54:01.663 [Forwarding getCurrentWindowHandle on session fda11f5abc0b8af7ea4ac13ad51fe42a to remote] DEBUG org.asynchttpclient.netty.request.NettyRequestSender - Using pooled Channel '[id: 0x8befece4, L:/127.0.0.1:58730 - R:localhost/127.0.0.1:4407]' for 'GET' to 'http://localhost:4407/session/fda11f5abc0b8af7ea4ac13ad51fe42a/window'
19:54:01.671 [Forwarding getCurrentWindowHandle on session fda11f5abc0b8af7ea4ac13ad51fe42a to remote] DEBUG org.asynchttpclient.netty.request.NettyRequestSender - Using open Channel [id: 0x8befece4, L:/127.0.0.1:58730 - R:localhost/127.0.0.1:4407] for GET '/session/fda11f5abc0b8af7ea4ac13ad51fe42a/window'
19:54:01.671 [AsyncHttpClient-1-2] DEBUG org.asynchttpclient.netty.handler.HttpHandler - 

Request DefaultFullHttpRequest(decodeResult: success, version: HTTP/1.1, content: EmptyByteBufBE)
GET /session/fda11f5abc0b8af7ea4ac13ad51fe42a/window HTTP/1.1
User-Agent: selenium/4.7.1 (java windows)
Cache-Control: no-cache
Content-Type: application/json; charset=utf-8
host: localhost:4407
accept: */*

Response DefaultHttpResponse(decodeResult: success, version: HTTP/1.1)
HTTP/1.1 200 OK
Content-Type: application/json; charset=utf-8
cache-control: no-cache
content-length: 44

19:54:01.671 [AsyncHttpClient-1-2] DEBUG org.asynchttpclient.netty.channel.ChannelManager - Adding key: http://localhost:4407 for channel [id: 0x8befece4, L:/127.0.0.1:58730 - R:localhost/127.0.0.1:4407]
19:54:01.671 [Forwarding getAlertText on session fda11f5abc0b8af7ea4ac13ad51fe42a to remote] DEBUG org.asynchttpclient.netty.request.NettyRequestSender - Using pooled Channel '[id: 0x8befece4, L:/127.0.0.1:58730 - R:localhost/127.0.0.1:4407]' for 'GET' to 'http://localhost:4407/session/fda11f5abc0b8af7ea4ac13ad51fe42a/alert/text'
19:54:01.671 [Forwarding getAlertText on session fda11f5abc0b8af7ea4ac13ad51fe42a to remote] DEBUG org.asynchttpclient.netty.request.NettyRequestSender - Using open Channel [id: 0x8befece4, L:/127.0.0.1:58730 - R:localhost/127.0.0.1:4407] for GET '/session/fda11f5abc0b8af7ea4ac13ad51fe42a/alert/text'
19:54:01.671 [AsyncHttpClient-1-2] DEBUG org.asynchttpclient.netty.handler.HttpHandler - 

Request DefaultFullHttpRequest(decodeResult: success, version: HTTP/1.1, content: EmptyByteBufBE)
GET /session/fda11f5abc0b8af7ea4ac13ad51fe42a/alert/text HTTP/1.1
User-Agent: selenium/4.7.1 (java windows)
Cache-Control: no-cache
Content-Type: application/json; charset=utf-8
host: localhost:4407
accept: */*

Response DefaultHttpResponse(decodeResult: success, version: HTTP/1.1)
HTTP/1.1 404 Not Found
Content-Type: application/json; charset=utf-8
cache-control: no-cache
content-length: 821

19:54:01.671 [AsyncHttpClient-1-2] DEBUG org.asynchttpclient.netty.channel.ChannelManager - Adding key: http://localhost:4407 for channel [id: 0x8befece4, L:/127.0.0.1:58730 - R:localhost/127.0.0.1:4407]
19:54:01.679 [Forwarding switchToWindow on session fda11f5abc0b8af7ea4ac13ad51fe42a to remote] DEBUG org.asynchttpclient.netty.request.NettyRequestSender - Using pooled Channel '[id: 0x8befece4, L:/127.0.0.1:58730 - R:localhost/127.0.0.1:4407]' for 'POST' to 'http://localhost:4407/session/fda11f5abc0b8af7ea4ac13ad51fe42a/window'
19:54:01.679 [Forwarding switchToWindow on session fda11f5abc0b8af7ea4ac13ad51fe42a to remote] DEBUG org.asynchttpclient.netty.request.NettyRequestSender - Using open Channel [id: 0x8befece4, L:/127.0.0.1:58730 - R:localhost/127.0.0.1:4407] for POST '/session/fda11f5abc0b8af7ea4ac13ad51fe42a/window'
19:54:01.679 [AsyncHttpClient-1-2] DEBUG org.asynchttpclient.netty.handler.HttpHandler - 

Request DefaultHttpRequest(decodeResult: success, version: HTTP/1.1)
POST /session/fda11f5abc0b8af7ea4ac13ad51fe42a/window HTTP/1.1
User-Agent: selenium/4.7.1 (java windows)
Content-Length: 50
Content-Type: application/json; charset=utf-8
host: localhost:4407
accept: */*

Response DefaultHttpResponse(decodeResult: success, version: HTTP/1.1)
HTTP/1.1 200 OK
Content-Type: application/json; charset=utf-8
cache-control: no-cache
content-length: 14

19:54:01.679 [AsyncHttpClient-1-2] DEBUG org.asynchttpclient.netty.channel.ChannelManager - Adding key: http://localhost:4407 for channel [id: 0x8befece4, L:/127.0.0.1:58730 - R:localhost/127.0.0.1:4407]
19:54:01.679 [Forwarding getCurrentUrl on session fda11f5abc0b8af7ea4ac13ad51fe42a to remote] DEBUG org.asynchttpclient.netty.request.NettyRequestSender - Using pooled Channel '[id: 0x8befece4, L:/127.0.0.1:58730 - R:localhost/127.0.0.1:4407]' for 'GET' to 'http://localhost:4407/session/fda11f5abc0b8af7ea4ac13ad51fe42a/url'
19:54:01.679 [Forwarding getCurrentUrl on session fda11f5abc0b8af7ea4ac13ad51fe42a to remote] DEBUG org.asynchttpclient.netty.request.NettyRequestSender - Using open Channel [id: 0x8befece4, L:/127.0.0.1:58730 - R:localhost/127.0.0.1:4407] for GET '/session/fda11f5abc0b8af7ea4ac13ad51fe42a/url'
19:54:01.687 [AsyncHttpClient-1-2] DEBUG org.asynchttpclient.netty.handler.HttpHandler - 

Request DefaultFullHttpRequest(decodeResult: success, version: HTTP/1.1, content: EmptyByteBufBE)
GET /session/fda11f5abc0b8af7ea4ac13ad51fe42a/url HTTP/1.1
User-Agent: selenium/4.7.1 (java windows)
Cache-Control: no-cache
Content-Type: application/json; charset=utf-8
host: localhost:4407
accept: */*

Response DefaultHttpResponse(decodeResult: success, version: HTTP/1.1)
HTTP/1.1 200 OK
Content-Type: application/json; charset=utf-8
cache-control: no-cache
content-length: 41

19:54:01.687 [AsyncHttpClient-1-2] DEBUG org.asynchttpclient.netty.channel.ChannelManager - Adding key: http://localhost:4407 for channel [id: 0x8befece4, L:/127.0.0.1:58730 - R:localhost/127.0.0.1:4407]
19:54:01.687 [Forwarding screenshot on session fda11f5abc0b8af7ea4ac13ad51fe42a to remote] DEBUG org.asynchttpclient.netty.request.NettyRequestSender - Using pooled Channel '[id: 0x8befece4, L:/127.0.0.1:58730 - R:localhost/127.0.0.1:4407]' for 'GET' to 'http://localhost:4407/session/fda11f5abc0b8af7ea4ac13ad51fe42a/screenshot'
19:54:01.687 [Forwarding screenshot on session fda11f5abc0b8af7ea4ac13ad51fe42a to remote] DEBUG org.asynchttpclient.netty.request.NettyRequestSender - Using open Channel [id: 0x8befece4, L:/127.0.0.1:58730 - R:localhost/127.0.0.1:4407] for GET '/session/fda11f5abc0b8af7ea4ac13ad51fe42a/screenshot'
19:54:01.791 [AsyncHttpClient-1-2] DEBUG org.asynchttpclient.netty.handler.HttpHandler - 

Request DefaultFullHttpRequest(decodeResult: success, version: HTTP/1.1, content: EmptyByteBufBE)
GET /session/fda11f5abc0b8af7ea4ac13ad51fe42a/screenshot HTTP/1.1
User-Agent: selenium/4.7.1 (java windows)
Cache-Control: no-cache
Content-Type: application/json; charset=utf-8
host: localhost:4407
accept: */*

Response DefaultHttpResponse(decodeResult: success, version: HTTP/1.1)
HTTP/1.1 200 OK
Content-Type: application/json; charset=utf-8
cache-control: no-cache
content-length: 95352

19:54:01.799 [AsyncHttpClient-1-2] DEBUG org.asynchttpclient.netty.channel.ChannelManager - Adding key: http://localhost:4407 for channel [id: 0x8befece4, L:/127.0.0.1:58730 - R:localhost/127.0.0.1:4407]
19:54:01.799 [main] DEBUG net.serenitybdd.core.photography.Darkroom - Send negative for processing for target\site\serenity\3137026f44d51817bd6d5aae4d9697b65cdbb67118492502ea9e2da20e913ab2.png
19:54:01.799 [Darkroom Processing Line] DEBUG net.serenitybdd.core.photography.DarkroomProcessingLine - Processing screenshot image in /var/screenshots/screenshot-14442126519749504336
19:54:01.799 [Darkroom Processing Line] DEBUG net.serenitybdd.core.photography.DarkroomProcessingLine - Saving screenshot to target\site\serenity\3137026f44d51817bd6d5aae4d9697b65cdbb67118492502ea9e2da20e913ab2.png
19:54:01.799 [main] DEBUG net.thucydides.core.steps.StepInterceptor - STEP DONE: klikButtonBeli
  &amp#27;[32mWhen &amp#27;[0m&amp#27;[32muser berada di homepage lalu klik beli pada produk yang diinginkan&amp#27;[0m &amp#27;[90m# starter.stepdefinitions.TransaksiSteps.userKlikBeliPadaProdukYangDiinginkan()&amp#27;[0m
  &amp#27;[32mAnd &amp#27;[0m&amp#27;[32mmuncul notif pada cart&amp#27;[0m                                              &amp#27;[90m# starter.stepdefinitions.TransaksiSteps.munculNotifPadaCart()&amp#27;[0m
19:54:01.823 [main] DEBUG net.thucydides.core.steps.StepInterceptor - STARTING STEP: TransaksiSteps.userKlikCart - klikButtonCart
19:54:01.823 [Forwarding findElement on session fda11f5abc0b8af7ea4ac13ad51fe42a to remote] DEBUG org.asynchttpclient.netty.request.NettyRequestSender - Using pooled Channel '[id: 0x8befece4, L:/127.0.0.1:58730 - R:localhost/127.0.0.1:4407]' for 'POST' to 'http://localhost:4407/session/fda11f5abc0b8af7ea4ac13ad51fe42a/element'
19:54:01.823 [Forwarding findElement on session fda11f5abc0b8af7ea4ac13ad51fe42a to remote] DEBUG org.asynchttpclient.netty.request.NettyRequestSender - Using open Channel [id: 0x8befece4, L:/127.0.0.1:58730 - R:localhost/127.0.0.1:4407] for POST '/session/fda11f5abc0b8af7ea4ac13ad51fe42a/element'
19:54:01.839 [AsyncHttpClient-1-2] DEBUG org.asynchttpclient.netty.handler.HttpHandler - 

Request DefaultHttpRequest(decodeResult: success, version: HTTP/1.1)
POST /session/fda11f5abc0b8af7ea4ac13ad51fe42a/element HTTP/1.1
User-Agent: selenium/4.7.1 (java windows)
Content-Length: 111
Content-Type: application/json; charset=utf-8
host: localhost:4407
accept: */*

Response DefaultHttpResponse(decodeResult: success, version: HTTP/1.1)
HTTP/1.1 200 OK
Content-Type: application/json; charset=utf-8
cache-control: no-cache
content-length: 88

19:54:01.839 [AsyncHttpClient-1-2] DEBUG org.asynchttpclient.netty.channel.ChannelManager - Adding key: http://localhost:4407 for channel [id: 0x8befece4, L:/127.0.0.1:58730 - R:localhost/127.0.0.1:4407]
19:54:01.839 [Forwarding getElementTagName on session fda11f5abc0b8af7ea4ac13ad51fe42a to remote] DEBUG org.asynchttpclient.netty.request.NettyRequestSender - Using pooled Channel '[id: 0x8befece4, L:/127.0.0.1:58730 - R:localhost/127.0.0.1:4407]' for 'GET' to 'http://localhost:4407/session/fda11f5abc0b8af7ea4ac13ad51fe42a/element/dd2b1724-439e-4c3f-acea-a15d53599859/name'
19:54:01.839 [Forwarding getElementTagName on session fda11f5abc0b8af7ea4ac13ad51fe42a to remote] DEBUG org.asynchttpclient.netty.request.NettyRequestSender - Using open Channel [id: 0x8befece4, L:/127.0.0.1:58730 - R:localhost/127.0.0.1:4407] for GET '/session/fda11f5abc0b8af7ea4ac13ad51fe42a/element/dd2b1724-439e-4c3f-acea-a15d53599859/name'
19:54:01.855 [AsyncHttpClient-1-2] DEBUG org.asynchttpclient.netty.handler.HttpHandler - 

Request DefaultFullHttpRequest(decodeResult: success, version: HTTP/1.1, content: EmptyByteBufBE)
GET /session/fda11f5abc0b8af7ea4ac13ad51fe42a/element/dd2b1724-439e-4c3f-acea-a15d53599859/name HTTP/1.1
User-Agent: selenium/4.7.1 (java windows)
Cache-Control: no-cache
Content-Type: application/json; charset=utf-8
host: localhost:4407
accept: */*

Response DefaultHttpResponse(decodeResult: success, version: HTTP/1.1)
HTTP/1.1 200 OK
Content-Type: application/json; charset=utf-8
cache-control: no-cache
content-length: 18

19:54:01.855 [AsyncHttpClient-1-2] DEBUG org.asynchttpclient.netty.channel.ChannelManager - Adding key: http://localhost:4407 for channel [id: 0x8befece4, L:/127.0.0.1:58730 - R:localhost/127.0.0.1:4407]
19:54:01.855 [Forwarding getElementTagName on session fda11f5abc0b8af7ea4ac13ad51fe42a to remote] DEBUG org.asynchttpclient.netty.request.NettyRequestSender - Using pooled Channel '[id: 0x8befece4, L:/127.0.0.1:58730 - R:localhost/127.0.0.1:4407]' for 'GET' to 'http://localhost:4407/session/fda11f5abc0b8af7ea4ac13ad51fe42a/element/dd2b1724-439e-4c3f-acea-a15d53599859/name'
19:54:01.855 [Forwarding getElementTagName on session fda11f5abc0b8af7ea4ac13ad51fe42a to remote] DEBUG org.asynchttpclient.netty.request.NettyRequestSender - Using open Channel [id: 0x8befece4, L:/127.0.0.1:58730 - R:localhost/127.0.0.1:4407] for GET '/session/fda11f5abc0b8af7ea4ac13ad51fe42a/element/dd2b1724-439e-4c3f-acea-a15d53599859/name'
19:54:01.855 [AsyncHttpClient-1-2] DEBUG org.asynchttpclient.netty.handler.HttpHandler - 

Request DefaultFullHttpRequest(decodeResult: success, version: HTTP/1.1, content: EmptyByteBufBE)
GET /session/fda11f5abc0b8af7ea4ac13ad51fe42a/element/dd2b1724-439e-4c3f-acea-a15d53599859/name HTTP/1.1
User-Agent: selenium/4.7.1 (java windows)
Cache-Control: no-cache
Content-Type: application/json; charset=utf-8
host: localhost:4407
accept: */*

Response DefaultHttpResponse(decodeResult: success, version: HTTP/1.1)
HTTP/1.1 200 OK
Content-Type: application/json; charset=utf-8
cache-control: no-cache
content-length: 18

19:54:01.855 [AsyncHttpClient-1-2] DEBUG org.asynchttpclient.netty.channel.ChannelManager - Adding key: http://localhost:4407 for channel [id: 0x8befece4, L:/127.0.0.1:58730 - R:localhost/127.0.0.1:4407]
19:54:01.863 [Forwarding isElementEnabled on session fda11f5abc0b8af7ea4ac13ad51fe42a to remote] DEBUG org.asynchttpclient.netty.request.NettyRequestSender - Using pooled Channel '[id: 0x8befece4, L:/127.0.0.1:58730 - R:localhost/127.0.0.1:4407]' for 'GET' to 'http://localhost:4407/session/fda11f5abc0b8af7ea4ac13ad51fe42a/element/dd2b1724-439e-4c3f-acea-a15d53599859/enabled'
19:54:01.863 [Forwarding isElementEnabled on session fda11f5abc0b8af7ea4ac13ad51fe42a to remote] DEBUG org.asynchttpclient.netty.request.NettyRequestSender - Using open Channel [id: 0x8befece4, L:/127.0.0.1:58730 - R:localhost/127.0.0.1:4407] for GET '/session/fda11f5abc0b8af7ea4ac13ad51fe42a/element/dd2b1724-439e-4c3f-acea-a15d53599859/enabled'
19:54:01.871 [AsyncHttpClient-1-2] DEBUG org.asynchttpclient.netty.handler.HttpHandler - 

Request DefaultFullHttpRequest(decodeResult: success, version: HTTP/1.1, content: EmptyByteBufBE)
GET /session/fda11f5abc0b8af7ea4ac13ad51fe42a/element/dd2b1724-439e-4c3f-acea-a15d53599859/enabled HTTP/1.1
User-Agent: selenium/4.7.1 (java windows)
Cache-Control: no-cache
Content-Type: application/json; charset=utf-8
host: localhost:4407
accept: */*

Response DefaultHttpResponse(decodeResult: success, version: HTTP/1.1)
HTTP/1.1 200 OK
Content-Type: application/json; charset=utf-8
cache-control: no-cache
content-length: 14

19:54:01.871 [AsyncHttpClient-1-2] DEBUG org.asynchttpclient.netty.channel.ChannelManager - Adding key: http://localhost:4407 for channel [id: 0x8befece4, L:/127.0.0.1:58730 - R:localhost/127.0.0.1:4407]
19:54:01.871 [Forwarding isElementEnabled on session fda11f5abc0b8af7ea4ac13ad51fe42a to remote] DEBUG org.asynchttpclient.netty.request.NettyRequestSender - Using pooled Channel '[id: 0x8befece4, L:/127.0.0.1:58730 - R:localhost/127.0.0.1:4407]' for 'GET' to 'http://localhost:4407/session/fda11f5abc0b8af7ea4ac13ad51fe42a/element/dd2b1724-439e-4c3f-acea-a15d53599859/enabled'
19:54:01.871 [Forwarding isElementEnabled on session fda11f5abc0b8af7ea4ac13ad51fe42a to remote] DEBUG org.asynchttpclient.netty.request.NettyRequestSender - Using open Channel [id: 0x8befece4, L:/127.0.0.1:58730 - R:localhost/127.0.0.1:4407] for GET '/session/fda11f5abc0b8af7ea4ac13ad51fe42a/element/dd2b1724-439e-4c3f-acea-a15d53599859/enabled'
19:54:01.879 [AsyncHttpClient-1-2] DEBUG org.asynchttpclient.netty.handler.HttpHandler - 

Request DefaultFullHttpRequest(decodeResult: success, version: HTTP/1.1, content: EmptyByteBufBE)
GET /session/fda11f5abc0b8af7ea4ac13ad51fe42a/element/dd2b1724-439e-4c3f-acea-a15d53599859/enabled HTTP/1.1
User-Agent: selenium/4.7.1 (java windows)
Cache-Control: no-cache
Content-Type: application/json; charset=utf-8
host: localhost:4407
accept: */*

Response DefaultHttpResponse(decodeResult: success, version: HTTP/1.1)
HTTP/1.1 200 OK
Content-Type: application/json; charset=utf-8
cache-control: no-cache
content-length: 14

19:54:01.879 [AsyncHttpClient-1-2] DEBUG org.asynchttpclient.netty.channel.ChannelManager - Adding key: http://localhost:4407 for channel [id: 0x8befece4, L:/127.0.0.1:58730 - R:localhost/127.0.0.1:4407]
19:54:01.879 [Forwarding findElement on session fda11f5abc0b8af7ea4ac13ad51fe42a to remote] DEBUG org.asynchttpclient.netty.request.NettyRequestSender - Using pooled Channel '[id: 0x8befece4, L:/127.0.0.1:58730 - R:localhost/127.0.0.1:4407]' for 'POST' to 'http://localhost:4407/session/fda11f5abc0b8af7ea4ac13ad51fe42a/element'
19:54:01.879 [Forwarding findElement on session fda11f5abc0b8af7ea4ac13ad51fe42a to remote] DEBUG org.asynchttpclient.netty.request.NettyRequestSender - Using open Channel [id: 0x8befece4, L:/127.0.0.1:58730 - R:localhost/127.0.0.1:4407] for POST '/session/fda11f5abc0b8af7ea4ac13ad51fe42a/element'
19:54:01.887 [AsyncHttpClient-1-2] DEBUG org.asynchttpclient.netty.handler.HttpHandler - 

Request DefaultHttpRequest(decodeResult: success, version: HTTP/1.1)
POST /session/fda11f5abc0b8af7ea4ac13ad51fe42a/element HTTP/1.1
User-Agent: selenium/4.7.1 (java windows)
Content-Length: 111
Content-Type: application/json; charset=utf-8
host: localhost:4407
accept: */*

Response DefaultHttpResponse(decodeResult: success, version: HTTP/1.1)
HTTP/1.1 200 OK
Content-Type: application/json; charset=utf-8
cache-control: no-cache
content-length: 88

19:54:01.887 [AsyncHttpClient-1-2] DEBUG org.asynchttpclient.netty.channel.ChannelManager - Adding key: http://localhost:4407 for channel [id: 0x8befece4, L:/127.0.0.1:58730 - R:localhost/127.0.0.1:4407]
19:54:01.895 [Forwarding clickElement on session fda11f5abc0b8af7ea4ac13ad51fe42a to remote] DEBUG org.asynchttpclient.netty.request.NettyRequestSender - Using pooled Channel '[id: 0x8befece4, L:/127.0.0.1:58730 - R:localhost/127.0.0.1:4407]' for 'POST' to 'http://localhost:4407/session/fda11f5abc0b8af7ea4ac13ad51fe42a/element/dd2b1724-439e-4c3f-acea-a15d53599859/click'
19:54:01.895 [Forwarding clickElement on session fda11f5abc0b8af7ea4ac13ad51fe42a to remote] DEBUG org.asynchttpclient.netty.request.NettyRequestSender - Using open Channel [id: 0x8befece4, L:/127.0.0.1:58730 - R:localhost/127.0.0.1:4407] for POST '/session/fda11f5abc0b8af7ea4ac13ad51fe42a/element/dd2b1724-439e-4c3f-acea-a15d53599859/click'
19:54:01.927 [AsyncHttpClient-1-2] DEBUG org.asynchttpclient.netty.handler.HttpHandler - 

Request DefaultHttpRequest(decodeResult: success, version: HTTP/1.1)
POST /session/fda11f5abc0b8af7ea4ac13ad51fe42a/element/dd2b1724-439e-4c3f-acea-a15d53599859/click HTTP/1.1
User-Agent: selenium/4.7.1 (java windows)
Content-Length: 50
Content-Type: application/json; charset=utf-8
host: localhost:4407
accept: */*

Response DefaultHttpResponse(decodeResult: success, version: HTTP/1.1)
HTTP/1.1 200 OK
Content-Type: application/json; charset=utf-8
cache-control: no-cache
content-length: 14

19:54:01.927 [AsyncHttpClient-1-2] DEBUG org.asynchttpclient.netty.channel.ChannelManager - Adding key: http://localhost:4407 for channel [id: 0x8befece4, L:/127.0.0.1:58730 - R:localhost/127.0.0.1:4407]
19:54:01.935 [Forwarding getCurrentWindowHandle on session fda11f5abc0b8af7ea4ac13ad51fe42a to remote] DEBUG org.asynchttpclient.netty.request.NettyRequestSender - Using pooled Channel '[id: 0x8befece4, L:/127.0.0.1:58730 - R:localhost/127.0.0.1:4407]' for 'GET' to 'http://localhost:4407/session/fda11f5abc0b8af7ea4ac13ad51fe42a/window'
19:54:01.935 [Forwarding getCurrentWindowHandle on session fda11f5abc0b8af7ea4ac13ad51fe42a to remote] DEBUG org.asynchttpclient.netty.request.NettyRequestSender - Using open Channel [id: 0x8befece4, L:/127.0.0.1:58730 - R:localhost/127.0.0.1:4407] for GET '/session/fda11f5abc0b8af7ea4ac13ad51fe42a/window'
19:54:01.943 [AsyncHttpClient-1-2] DEBUG org.asynchttpclient.netty.handler.HttpHandler - 

Request DefaultFullHttpRequest(decodeResult: success, version: HTTP/1.1, content: EmptyByteBufBE)
GET /session/fda11f5abc0b8af7ea4ac13ad51fe42a/window HTTP/1.1
User-Agent: selenium/4.7.1 (java windows)
Cache-Control: no-cache
Content-Type: application/json; charset=utf-8
host: localhost:4407
accept: */*

Response DefaultHttpResponse(decodeResult: success, version: HTTP/1.1)
HTTP/1.1 200 OK
Content-Type: application/json; charset=utf-8
cache-control: no-cache
content-length: 44

19:54:01.943 [AsyncHttpClient-1-2] DEBUG org.asynchttpclient.netty.channel.ChannelManager - Adding key: http://localhost:4407 for channel [id: 0x8befece4, L:/127.0.0.1:58730 - R:localhost/127.0.0.1:4407]
19:54:01.943 [Forwarding getAlertText on session fda11f5abc0b8af7ea4ac13ad51fe42a to remote] DEBUG org.asynchttpclient.netty.request.NettyRequestSender - Using pooled Channel '[id: 0x8befece4, L:/127.0.0.1:58730 - R:localhost/127.0.0.1:4407]' for 'GET' to 'http://localhost:4407/session/fda11f5abc0b8af7ea4ac13ad51fe42a/alert/text'
19:54:01.943 [Forwarding getAlertText on session fda11f5abc0b8af7ea4ac13ad51fe42a to remote] DEBUG org.asynchttpclient.netty.request.NettyRequestSender - Using open Channel [id: 0x8befece4, L:/127.0.0.1:58730 - R:localhost/127.0.0.1:4407] for GET '/session/fda11f5abc0b8af7ea4ac13ad51fe42a/alert/text'
19:54:01.983 [AsyncHttpClient-1-2] DEBUG org.asynchttpclient.netty.handler.HttpHandler - 

Request DefaultFullHttpRequest(decodeResult: success, version: HTTP/1.1, content: EmptyByteBufBE)
GET /session/fda11f5abc0b8af7ea4ac13ad51fe42a/alert/text HTTP/1.1
User-Agent: selenium/4.7.1 (java windows)
Cache-Control: no-cache
Content-Type: application/json; charset=utf-8
host: localhost:4407
accept: */*

Response DefaultHttpResponse(decodeResult: success, version: HTTP/1.1)
HTTP/1.1 404 Not Found
Content-Type: application/json; charset=utf-8
cache-control: no-cache
content-length: 821

19:54:01.983 [AsyncHttpClient-1-2] DEBUG org.asynchttpclient.netty.channel.ChannelManager - Adding key: http://localhost:4407 for channel [id: 0x8befece4, L:/127.0.0.1:58730 - R:localhost/127.0.0.1:4407]
19:54:01.991 [Forwarding switchToWindow on session fda11f5abc0b8af7ea4ac13ad51fe42a to remote] DEBUG org.asynchttpclient.netty.request.NettyRequestSender - Using pooled Channel '[id: 0x8befece4, L:/127.0.0.1:58730 - R:localhost/127.0.0.1:4407]' for 'POST' to 'http://localhost:4407/session/fda11f5abc0b8af7ea4ac13ad51fe42a/window'
19:54:01.991 [Forwarding switchToWindow on session fda11f5abc0b8af7ea4ac13ad51fe42a to remote] DEBUG org.asynchttpclient.netty.request.NettyRequestSender - Using open Channel [id: 0x8befece4, L:/127.0.0.1:58730 - R:localhost/127.0.0.1:4407] for POST '/session/fda11f5abc0b8af7ea4ac13ad51fe42a/window'
19:54:01.991 [AsyncHttpClient-1-2] DEBUG org.asynchttpclient.netty.handler.HttpHandler - 

Request DefaultHttpRequest(decodeResult: success, version: HTTP/1.1)
POST /session/fda11f5abc0b8af7ea4ac13ad51fe42a/window HTTP/1.1
User-Agent: selenium/4.7.1 (java windows)
Content-Length: 50
Content-Type: application/json; charset=utf-8
host: localhost:4407
accept: */*

Response DefaultHttpResponse(decodeResult: success, version: HTTP/1.1)
HTTP/1.1 200 OK
Content-Type: application/json; charset=utf-8
cache-control: no-cache
content-length: 14

19:54:01.991 [AsyncHttpClient-1-2] DEBUG org.asynchttpclient.netty.channel.ChannelManager - Adding key: http://localhost:4407 for channel [id: 0x8befece4, L:/127.0.0.1:58730 - R:localhost/127.0.0.1:4407]
19:54:01.991 [Forwarding getCurrentUrl on session fda11f5abc0b8af7ea4ac13ad51fe42a to remote] DEBUG org.asynchttpclient.netty.request.NettyRequestSender - Using pooled Channel '[id: 0x8befece4, L:/127.0.0.1:58730 - R:localhost/127.0.0.1:4407]' for 'GET' to 'http://localhost:4407/session/fda11f5abc0b8af7ea4ac13ad51fe42a/url'
19:54:01.991 [Forwarding getCurrentUrl on session fda11f5abc0b8af7ea4ac13ad51fe42a to remote] DEBUG org.asynchttpclient.netty.request.NettyRequestSender - Using open Channel [id: 0x8befece4, L:/127.0.0.1:58730 - R:localhost/127.0.0.1:4407] for GET '/session/fda11f5abc0b8af7ea4ac13ad51fe42a/url'
19:54:02.000 [AsyncHttpClient-1-2] DEBUG org.asynchttpclient.netty.handler.HttpHandler - 

Request DefaultFullHttpRequest(decodeResult: success, version: HTTP/1.1, content: EmptyByteBufBE)
GET /session/fda11f5abc0b8af7ea4ac13ad51fe42a/url HTTP/1.1
User-Agent: selenium/4.7.1 (java windows)
Cache-Control: no-cache
Content-Type: application/json; charset=utf-8
host: localhost:4407
accept: */*

Response DefaultHttpResponse(decodeResult: success, version: HTTP/1.1)
HTTP/1.1 200 OK
Content-Type: application/json; charset=utf-8
cache-control: no-cache
content-length: 46

19:54:02.000 [AsyncHttpClient-1-2] DEBUG org.asynchttpclient.netty.channel.ChannelManager - Adding key: http://localhost:4407 for channel [id: 0x8befece4, L:/127.0.0.1:58730 - R:localhost/127.0.0.1:4407]
19:54:02.000 [Forwarding screenshot on session fda11f5abc0b8af7ea4ac13ad51fe42a to remote] DEBUG org.asynchttpclient.netty.request.NettyRequestSender - Using pooled Channel '[id: 0x8befece4, L:/127.0.0.1:58730 - R:localhost/127.0.0.1:4407]' for 'GET' to 'http://localhost:4407/session/fda11f5abc0b8af7ea4ac13ad51fe42a/screenshot'
19:54:02.000 [Forwarding screenshot on session fda11f5abc0b8af7ea4ac13ad51fe42a to remote] DEBUG org.asynchttpclient.netty.request.NettyRequestSender - Using open Channel [id: 0x8befece4, L:/127.0.0.1:58730 - R:localhost/127.0.0.1:4407] for GET '/session/fda11f5abc0b8af7ea4ac13ad51fe42a/screenshot'
19:54:02.112 [AsyncHttpClient-1-2] DEBUG org.asynchttpclient.netty.handler.HttpHandler - 

Request DefaultFullHttpRequest(decodeResult: success, version: HTTP/1.1, content: EmptyByteBufBE)
GET /session/fda11f5abc0b8af7ea4ac13ad51fe42a/screenshot HTTP/1.1
User-Agent: selenium/4.7.1 (java windows)
Cache-Control: no-cache
Content-Type: application/json; charset=utf-8
host: localhost:4407
accept: */*

Response DefaultHttpResponse(decodeResult: success, version: HTTP/1.1)
HTTP/1.1 200 OK
Content-Type: application/json; charset=utf-8
cache-control: no-cache
content-length: 28204

19:54:02.120 [AsyncHttpClient-1-2] DEBUG org.asynchttpclient.netty.channel.ChannelManager - Adding key: http://localhost:4407 for channel [id: 0x8befece4, L:/127.0.0.1:58730 - R:localhost/127.0.0.1:4407]
19:54:02.120 [main] DEBUG net.serenitybdd.core.photography.Darkroom - Send negative for processing for target\site\serenity\0e2ef9c8dbe763e8666047042419f1930b2b88becc593e4492c64feaaf924d92.png
19:54:02.120 [main] DEBUG net.thucydides.core.steps.StepInterceptor - STEP DONE: klikButtonCart
19:54:02.120 [Darkroom Processing Line] DEBUG net.serenitybdd.core.photography.DarkroomProcessingLine - Processing screenshot image in /var/screenshots/screenshot-2926573021450879180
19:54:02.120 [Darkroom Processing Line] DEBUG net.serenitybdd.core.photography.DarkroomProcessingLine - Saving screenshot to target\site\serenity\0e2ef9c8dbe763e8666047042419f1930b2b88becc593e4492c64feaaf924d92.png
  &amp#27;[32mAnd &amp#27;[0m&amp#27;[32muser klik cart&amp#27;[0m                                                      &amp#27;[90m# starter.stepdefinitions.TransaksiSteps.userKlikCart()&amp#27;[0m
19:54:02.136 [main] DEBUG net.thucydides.core.steps.StepInterceptor - STARTING STEP: TransaksiSteps.userKlikBayar - klikButtonBayar
19:54:02.136 [Forwarding findElement on session fda11f5abc0b8af7ea4ac13ad51fe42a to remote] DEBUG org.asynchttpclient.netty.request.NettyRequestSender - Using pooled Channel '[id: 0x8befece4, L:/127.0.0.1:58730 - R:localhost/127.0.0.1:4407]' for 'POST' to 'http://localhost:4407/session/fda11f5abc0b8af7ea4ac13ad51fe42a/element'
19:54:02.136 [Forwarding findElement on session fda11f5abc0b8af7ea4ac13ad51fe42a to remote] DEBUG org.asynchttpclient.netty.request.NettyRequestSender - Using open Channel [id: 0x8befece4, L:/127.0.0.1:58730 - R:localhost/127.0.0.1:4407] for POST '/session/fda11f5abc0b8af7ea4ac13ad51fe42a/element'
19:54:02.152 [AsyncHttpClient-1-2] DEBUG org.asynchttpclient.netty.handler.HttpHandler - 

Request DefaultHttpRequest(decodeResult: success, version: HTTP/1.1)
POST /session/fda11f5abc0b8af7ea4ac13ad51fe42a/element HTTP/1.1
User-Agent: selenium/4.7.1 (java windows)
Content-Length: 72
Content-Type: application/json; charset=utf-8
host: localhost:4407
accept: */*

Response DefaultHttpResponse(decodeResult: success, version: HTTP/1.1)
HTTP/1.1 200 OK
Content-Type: application/json; charset=utf-8
cache-control: no-cache
content-length: 88

19:54:02.152 [AsyncHttpClient-1-2] DEBUG org.asynchttpclient.netty.channel.ChannelManager - Adding key: http://localhost:4407 for channel [id: 0x8befece4, L:/127.0.0.1:58730 - R:localhost/127.0.0.1:4407]
19:54:02.160 [Forwarding getElementTagName on session fda11f5abc0b8af7ea4ac13ad51fe42a to remote] DEBUG org.asynchttpclient.netty.request.NettyRequestSender - Using pooled Channel '[id: 0x8befece4, L:/127.0.0.1:58730 - R:localhost/127.0.0.1:4407]' for 'GET' to 'http://localhost:4407/session/fda11f5abc0b8af7ea4ac13ad51fe42a/element/10b44458-ecb6-4bcc-834e-a5605cd72b21/name'
19:54:02.160 [Forwarding getElementTagName on session fda11f5abc0b8af7ea4ac13ad51fe42a to remote] DEBUG org.asynchttpclient.netty.request.NettyRequestSender - Using open Channel [id: 0x8befece4, L:/127.0.0.1:58730 - R:localhost/127.0.0.1:4407] for GET '/session/fda11f5abc0b8af7ea4ac13ad51fe42a/element/10b44458-ecb6-4bcc-834e-a5605cd72b21/name'
19:54:02.160 [AsyncHttpClient-1-2] DEBUG org.asynchttpclient.netty.handler.HttpHandler - 

Request DefaultFullHttpRequest(decodeResult: success, version: HTTP/1.1, content: EmptyByteBufBE)
GET /session/fda11f5abc0b8af7ea4ac13ad51fe42a/element/10b44458-ecb6-4bcc-834e-a5605cd72b21/name HTTP/1.1
User-Agent: selenium/4.7.1 (java windows)
Cache-Control: no-cache
Content-Type: application/json; charset=utf-8
host: localhost:4407
accept: */*

Response DefaultHttpResponse(decodeResult: success, version: HTTP/1.1)
HTTP/1.1 200 OK
Content-Type: application/json; charset=utf-8
cache-control: no-cache
content-length: 18

19:54:02.160 [AsyncHttpClient-1-2] DEBUG org.asynchttpclient.netty.channel.ChannelManager - Adding key: http://localhost:4407 for channel [id: 0x8befece4, L:/127.0.0.1:58730 - R:localhost/127.0.0.1:4407]
19:54:02.168 [Forwarding getElementTagName on session fda11f5abc0b8af7ea4ac13ad51fe42a to remote] DEBUG org.asynchttpclient.netty.request.NettyRequestSender - Using pooled Channel '[id: 0x8befece4, L:/127.0.0.1:58730 - R:localhost/127.0.0.1:4407]' for 'GET' to 'http://localhost:4407/session/fda11f5abc0b8af7ea4ac13ad51fe42a/element/10b44458-ecb6-4bcc-834e-a5605cd72b21/name'
19:54:02.168 [Forwarding getElementTagName on session fda11f5abc0b8af7ea4ac13ad51fe42a to remote] DEBUG org.asynchttpclient.netty.request.NettyRequestSender - Using open Channel [id: 0x8befece4, L:/127.0.0.1:58730 - R:localhost/127.0.0.1:4407] for GET '/session/fda11f5abc0b8af7ea4ac13ad51fe42a/element/10b44458-ecb6-4bcc-834e-a5605cd72b21/name'
19:54:02.168 [AsyncHttpClient-1-2] DEBUG org.asynchttpclient.netty.handler.HttpHandler - 

Request DefaultFullHttpRequest(decodeResult: success, version: HTTP/1.1, content: EmptyByteBufBE)
GET /session/fda11f5abc0b8af7ea4ac13ad51fe42a/element/10b44458-ecb6-4bcc-834e-a5605cd72b21/name HTTP/1.1
User-Agent: selenium/4.7.1 (java windows)
Cache-Control: no-cache
Content-Type: application/json; charset=utf-8
host: localhost:4407
accept: */*

Response DefaultHttpResponse(decodeResult: success, version: HTTP/1.1)
HTTP/1.1 200 OK
Content-Type: application/json; charset=utf-8
cache-control: no-cache
content-length: 18

19:54:02.168 [AsyncHttpClient-1-2] DEBUG org.asynchttpclient.netty.channel.ChannelManager - Adding key: http://localhost:4407 for channel [id: 0x8befece4, L:/127.0.0.1:58730 - R:localhost/127.0.0.1:4407]
19:54:02.168 [Forwarding isElementEnabled on session fda11f5abc0b8af7ea4ac13ad51fe42a to remote] DEBUG org.asynchttpclient.netty.request.NettyRequestSender - Using pooled Channel '[id: 0x8befece4, L:/127.0.0.1:58730 - R:localhost/127.0.0.1:4407]' for 'GET' to 'http://localhost:4407/session/fda11f5abc0b8af7ea4ac13ad51fe42a/element/10b44458-ecb6-4bcc-834e-a5605cd72b21/enabled'
19:54:02.168 [Forwarding isElementEnabled on session fda11f5abc0b8af7ea4ac13ad51fe42a to remote] DEBUG org.asynchttpclient.netty.request.NettyRequestSender - Using open Channel [id: 0x8befece4, L:/127.0.0.1:58730 - R:localhost/127.0.0.1:4407] for GET '/session/fda11f5abc0b8af7ea4ac13ad51fe42a/element/10b44458-ecb6-4bcc-834e-a5605cd72b21/enabled'
19:54:02.184 [AsyncHttpClient-1-2] DEBUG org.asynchttpclient.netty.handler.HttpHandler - 

Request DefaultFullHttpRequest(decodeResult: success, version: HTTP/1.1, content: EmptyByteBufBE)
GET /session/fda11f5abc0b8af7ea4ac13ad51fe42a/element/10b44458-ecb6-4bcc-834e-a5605cd72b21/enabled HTTP/1.1
User-Agent: selenium/4.7.1 (java windows)
Cache-Control: no-cache
Content-Type: application/json; charset=utf-8
host: localhost:4407
accept: */*

Response DefaultHttpResponse(decodeResult: success, version: HTTP/1.1)
HTTP/1.1 200 OK
Content-Type: application/json; charset=utf-8
cache-control: no-cache
content-length: 14

19:54:02.192 [AsyncHttpClient-1-2] DEBUG org.asynchttpclient.netty.channel.ChannelManager - Adding key: http://localhost:4407 for channel [id: 0x8befece4, L:/127.0.0.1:58730 - R:localhost/127.0.0.1:4407]
19:54:02.192 [Forwarding isElementEnabled on session fda11f5abc0b8af7ea4ac13ad51fe42a to remote] DEBUG org.asynchttpclient.netty.request.NettyRequestSender - Using pooled Channel '[id: 0x8befece4, L:/127.0.0.1:58730 - R:localhost/127.0.0.1:4407]' for 'GET' to 'http://localhost:4407/session/fda11f5abc0b8af7ea4ac13ad51fe42a/element/10b44458-ecb6-4bcc-834e-a5605cd72b21/enabled'
19:54:02.192 [Forwarding isElementEnabled on session fda11f5abc0b8af7ea4ac13ad51fe42a to remote] DEBUG org.asynchttpclient.netty.request.NettyRequestSender - Using open Channel [id: 0x8befece4, L:/127.0.0.1:58730 - R:localhost/127.0.0.1:4407] for GET '/session/fda11f5abc0b8af7ea4ac13ad51fe42a/element/10b44458-ecb6-4bcc-834e-a5605cd72b21/enabled'
19:54:02.200 [AsyncHttpClient-1-2] DEBUG org.asynchttpclient.netty.handler.HttpHandler - 

Request DefaultFullHttpRequest(decodeResult: success, version: HTTP/1.1, content: EmptyByteBufBE)
GET /session/fda11f5abc0b8af7ea4ac13ad51fe42a/element/10b44458-ecb6-4bcc-834e-a5605cd72b21/enabled HTTP/1.1
User-Agent: selenium/4.7.1 (java windows)
Cache-Control: no-cache
Content-Type: application/json; charset=utf-8
host: localhost:4407
accept: */*

Response DefaultHttpResponse(decodeResult: success, version: HTTP/1.1)
HTTP/1.1 200 OK
Content-Type: application/json; charset=utf-8
cache-control: no-cache
content-length: 14

19:54:02.200 [AsyncHttpClient-1-2] DEBUG org.asynchttpclient.netty.channel.ChannelManager - Adding key: http://localhost:4407 for channel [id: 0x8befece4, L:/127.0.0.1:58730 - R:localhost/127.0.0.1:4407]
19:54:02.200 [Forwarding findElement on session fda11f5abc0b8af7ea4ac13ad51fe42a to remote] DEBUG org.asynchttpclient.netty.request.NettyRequestSender - Using pooled Channel '[id: 0x8befece4, L:/127.0.0.1:58730 - R:localhost/127.0.0.1:4407]' for 'POST' to 'http://localhost:4407/session/fda11f5abc0b8af7ea4ac13ad51fe42a/element'
19:54:02.200 [Forwarding findElement on session fda11f5abc0b8af7ea4ac13ad51fe42a to remote] DEBUG org.asynchttpclient.netty.request.NettyRequestSender - Using open Channel [id: 0x8befece4, L:/127.0.0.1:58730 - R:localhost/127.0.0.1:4407] for POST '/session/fda11f5abc0b8af7ea4ac13ad51fe42a/element'
19:54:02.216 [AsyncHttpClient-1-2] DEBUG org.asynchttpclient.netty.handler.HttpHandler - 

Request DefaultHttpRequest(decodeResult: success, version: HTTP/1.1)
POST /session/fda11f5abc0b8af7ea4ac13ad51fe42a/element HTTP/1.1
User-Agent: selenium/4.7.1 (java windows)
Content-Length: 72
Content-Type: application/json; charset=utf-8
host: localhost:4407
accept: */*

Response DefaultHttpResponse(decodeResult: success, version: HTTP/1.1)
HTTP/1.1 200 OK
Content-Type: application/json; charset=utf-8
cache-control: no-cache
content-length: 88

19:54:02.216 [AsyncHttpClient-1-1] DEBUG org.asynchttpclient.netty.channel.DefaultChannelPool - Entry count for : http://localhost:58732 : 1
19:54:02.216 [AsyncHttpClient-1-2] DEBUG org.asynchttpclient.netty.channel.ChannelManager - Adding key: http://localhost:4407 for channel [id: 0x8befece4, L:/127.0.0.1:58730 - R:localhost/127.0.0.1:4407]
19:54:02.216 [Forwarding clickElement on session fda11f5abc0b8af7ea4ac13ad51fe42a to remote] DEBUG org.asynchttpclient.netty.request.NettyRequestSender - Using pooled Channel '[id: 0x8befece4, L:/127.0.0.1:58730 - R:localhost/127.0.0.1:4407]' for 'POST' to 'http://localhost:4407/session/fda11f5abc0b8af7ea4ac13ad51fe42a/element/10b44458-ecb6-4bcc-834e-a5605cd72b21/click'
19:54:02.216 [Forwarding clickElement on session fda11f5abc0b8af7ea4ac13ad51fe42a to remote] DEBUG org.asynchttpclient.netty.request.NettyRequestSender - Using open Channel [id: 0x8befece4, L:/127.0.0.1:58730 - R:localhost/127.0.0.1:4407] for POST '/session/fda11f5abc0b8af7ea4ac13ad51fe42a/element/10b44458-ecb6-4bcc-834e-a5605cd72b21/click'
19:54:02.256 [AsyncHttpClient-1-2] DEBUG org.asynchttpclient.netty.handler.HttpHandler - 

Request DefaultHttpRequest(decodeResult: success, version: HTTP/1.1)
POST /session/fda11f5abc0b8af7ea4ac13ad51fe42a/element/10b44458-ecb6-4bcc-834e-a5605cd72b21/click HTTP/1.1
User-Agent: selenium/4.7.1 (java windows)
Content-Length: 50
Content-Type: application/json; charset=utf-8
host: localhost:4407
accept: */*

Response DefaultHttpResponse(decodeResult: success, version: HTTP/1.1)
HTTP/1.1 200 OK
Content-Type: application/json; charset=utf-8
cache-control: no-cache
content-length: 14

19:54:02.256 [AsyncHttpClient-1-2] DEBUG org.asynchttpclient.netty.channel.ChannelManager - Adding key: http://localhost:4407 for channel [id: 0x8befece4, L:/127.0.0.1:58730 - R:localhost/127.0.0.1:4407]
19:54:02.265 [Forwarding getCurrentWindowHandle on session fda11f5abc0b8af7ea4ac13ad51fe42a to remote] DEBUG org.asynchttpclient.netty.request.NettyRequestSender - Using pooled Channel '[id: 0x8befece4, L:/127.0.0.1:58730 - R:localhost/127.0.0.1:4407]' for 'GET' to 'http://localhost:4407/session/fda11f5abc0b8af7ea4ac13ad51fe42a/window'
19:54:02.265 [Forwarding getCurrentWindowHandle on session fda11f5abc0b8af7ea4ac13ad51fe42a to remote] DEBUG org.asynchttpclient.netty.request.NettyRequestSender - Using open Channel [id: 0x8befece4, L:/127.0.0.1:58730 - R:localhost/127.0.0.1:4407] for GET '/session/fda11f5abc0b8af7ea4ac13ad51fe42a/window'
19:54:02.265 [AsyncHttpClient-1-2] DEBUG org.asynchttpclient.netty.handler.HttpHandler - 

Request DefaultFullHttpRequest(decodeResult: success, version: HTTP/1.1, content: EmptyByteBufBE)
GET /session/fda11f5abc0b8af7ea4ac13ad51fe42a/window HTTP/1.1
User-Agent: selenium/4.7.1 (java windows)
Cache-Control: no-cache
Content-Type: application/json; charset=utf-8
host: localhost:4407
accept: */*

Response DefaultHttpResponse(decodeResult: success, version: HTTP/1.1)
HTTP/1.1 200 OK
Content-Type: application/json; charset=utf-8
cache-control: no-cache
content-length: 44

19:54:02.265 [AsyncHttpClient-1-2] DEBUG org.asynchttpclient.netty.channel.ChannelManager - Adding key: http://localhost:4407 for channel [id: 0x8befece4, L:/127.0.0.1:58730 - R:localhost/127.0.0.1:4407]
19:54:02.265 [Forwarding getAlertText on session fda11f5abc0b8af7ea4ac13ad51fe42a to remote] DEBUG org.asynchttpclient.netty.request.NettyRequestSender - Using pooled Channel '[id: 0x8befece4, L:/127.0.0.1:58730 - R:localhost/127.0.0.1:4407]' for 'GET' to 'http://localhost:4407/session/fda11f5abc0b8af7ea4ac13ad51fe42a/alert/text'
19:54:02.265 [Forwarding getAlertText on session fda11f5abc0b8af7ea4ac13ad51fe42a to remote] DEBUG org.asynchttpclient.netty.request.NettyRequestSender - Using open Channel [id: 0x8befece4, L:/127.0.0.1:58730 - R:localhost/127.0.0.1:4407] for GET '/session/fda11f5abc0b8af7ea4ac13ad51fe42a/alert/text'
19:54:02.296 [AsyncHttpClient-1-2] DEBUG org.asynchttpclient.netty.handler.HttpHandler - 

Request DefaultFullHttpRequest(decodeResult: success, version: HTTP/1.1, content: EmptyByteBufBE)
GET /session/fda11f5abc0b8af7ea4ac13ad51fe42a/alert/text HTTP/1.1
User-Agent: selenium/4.7.1 (java windows)
Cache-Control: no-cache
Content-Type: application/json; charset=utf-8
host: localhost:4407
accept: */*

Response DefaultHttpResponse(decodeResult: success, version: HTTP/1.1)
HTTP/1.1 404 Not Found
Content-Type: application/json; charset=utf-8
cache-control: no-cache
content-length: 821

19:54:02.296 [AsyncHttpClient-1-2] DEBUG org.asynchttpclient.netty.channel.ChannelManager - Adding key: http://localhost:4407 for channel [id: 0x8befece4, L:/127.0.0.1:58730 - R:localhost/127.0.0.1:4407]
19:54:02.304 [Forwarding switchToWindow on session fda11f5abc0b8af7ea4ac13ad51fe42a to remote] DEBUG org.asynchttpclient.netty.request.NettyRequestSender - Using pooled Channel '[id: 0x8befece4, L:/127.0.0.1:58730 - R:localhost/127.0.0.1:4407]' for 'POST' to 'http://localhost:4407/session/fda11f5abc0b8af7ea4ac13ad51fe42a/window'
19:54:02.304 [Forwarding switchToWindow on session fda11f5abc0b8af7ea4ac13ad51fe42a to remote] DEBUG org.asynchttpclient.netty.request.NettyRequestSender - Using open Channel [id: 0x8befece4, L:/127.0.0.1:58730 - R:localhost/127.0.0.1:4407] for POST '/session/fda11f5abc0b8af7ea4ac13ad51fe42a/window'
19:54:02.304 [AsyncHttpClient-1-2] DEBUG org.asynchttpclient.netty.handler.HttpHandler - 

Request DefaultHttpRequest(decodeResult: success, version: HTTP/1.1)
POST /session/fda11f5abc0b8af7ea4ac13ad51fe42a/window HTTP/1.1
User-Agent: selenium/4.7.1 (java windows)
Content-Length: 50
Content-Type: application/json; charset=utf-8
host: localhost:4407
accept: */*

Response DefaultHttpResponse(decodeResult: success, version: HTTP/1.1)
HTTP/1.1 200 OK
Content-Type: application/json; charset=utf-8
cache-control: no-cache
content-length: 14

19:54:02.304 [AsyncHttpClient-1-2] DEBUG org.asynchttpclient.netty.channel.ChannelManager - Adding key: http://localhost:4407 for channel [id: 0x8befece4, L:/127.0.0.1:58730 - R:localhost/127.0.0.1:4407]
19:54:02.304 [Forwarding getCurrentUrl on session fda11f5abc0b8af7ea4ac13ad51fe42a to remote] DEBUG org.asynchttpclient.netty.request.NettyRequestSender - Using pooled Channel '[id: 0x8befece4, L:/127.0.0.1:58730 - R:localhost/127.0.0.1:4407]' for 'GET' to 'http://localhost:4407/session/fda11f5abc0b8af7ea4ac13ad51fe42a/url'
19:54:02.304 [Forwarding getCurrentUrl on session fda11f5abc0b8af7ea4ac13ad51fe42a to remote] DEBUG org.asynchttpclient.netty.request.NettyRequestSender - Using open Channel [id: 0x8befece4, L:/127.0.0.1:58730 - R:localhost/127.0.0.1:4407] for GET '/session/fda11f5abc0b8af7ea4ac13ad51fe42a/url'
19:54:02.312 [AsyncHttpClient-1-2] DEBUG org.asynchttpclient.netty.handler.HttpHandler - 

Request DefaultFullHttpRequest(decodeResult: success, version: HTTP/1.1, content: EmptyByteBufBE)
GET /session/fda11f5abc0b8af7ea4ac13ad51fe42a/url HTTP/1.1
User-Agent: selenium/4.7.1 (java windows)
Cache-Control: no-cache
Content-Type: application/json; charset=utf-8
host: localhost:4407
accept: */*

Response DefaultHttpResponse(decodeResult: success, version: HTTP/1.1)
HTTP/1.1 200 OK
Content-Type: application/json; charset=utf-8
cache-control: no-cache
content-length: 113

19:54:02.312 [AsyncHttpClient-1-2] DEBUG org.asynchttpclient.netty.channel.ChannelManager - Adding key: http://localhost:4407 for channel [id: 0x8befece4, L:/127.0.0.1:58730 - R:localhost/127.0.0.1:4407]
19:54:02.312 [Forwarding screenshot on session fda11f5abc0b8af7ea4ac13ad51fe42a to remote] DEBUG org.asynchttpclient.netty.request.NettyRequestSender - Using pooled Channel '[id: 0x8befece4, L:/127.0.0.1:58730 - R:localhost/127.0.0.1:4407]' for 'GET' to 'http://localhost:4407/session/fda11f5abc0b8af7ea4ac13ad51fe42a/screenshot'
19:54:02.312 [Forwarding screenshot on session fda11f5abc0b8af7ea4ac13ad51fe42a to remote] DEBUG org.asynchttpclient.netty.request.NettyRequestSender - Using open Channel [id: 0x8befece4, L:/127.0.0.1:58730 - R:localhost/127.0.0.1:4407] for GET '/session/fda11f5abc0b8af7ea4ac13ad51fe42a/screenshot'
19:54:02.569 [AsyncHttpClient-1-2] DEBUG org.asynchttpclient.netty.handler.HttpHandler - 

Request DefaultFullHttpRequest(decodeResult: success, version: HTTP/1.1, content: EmptyByteBufBE)
GET /session/fda11f5abc0b8af7ea4ac13ad51fe42a/screenshot HTTP/1.1
User-Agent: selenium/4.7.1 (java windows)
Cache-Control: no-cache
Content-Type: application/json; charset=utf-8
host: localhost:4407
accept: */*

Response DefaultHttpResponse(decodeResult: success, version: HTTP/1.1)
HTTP/1.1 200 OK
Content-Type: application/json; charset=utf-8
cache-control: no-cache
content-length: 31468

19:54:02.569 [AsyncHttpClient-1-2] DEBUG org.asynchttpclient.netty.channel.ChannelManager - Adding key: http://localhost:4407 for channel [id: 0x8befece4, L:/127.0.0.1:58730 - R:localhost/127.0.0.1:4407]
19:54:02.577 [main] DEBUG net.serenitybdd.core.photography.Darkroom - Send negative for processing for target\site\serenity\a363f539f189d1fdfe353b5d70b504c67a0b1d3a6e26e2c1bb0baa2660e9cc35.png
19:54:02.577 [main] DEBUG net.thucydides.core.steps.StepInterceptor - STEP DONE: klikButtonBayar
19:54:02.577 [Darkroom Processing Line] DEBUG net.serenitybdd.core.photography.DarkroomProcessingLine - Processing screenshot image in /var/screenshots/screenshot-6537958929098608518
19:54:02.577 [Darkroom Processing Line] DEBUG net.serenitybdd.core.photography.DarkroomProcessingLine - Saving screenshot to target\site\serenity\a363f539f189d1fdfe353b5d70b504c67a0b1d3a6e26e2c1bb0baa2660e9cc35.png
  &amp#27;[32mAnd &amp#27;[0m&amp#27;[32muser klik bayar&amp#27;[0m                                                     &amp#27;[90m# starter.stepdefinitions.TransaksiSteps.userKlikBayar()&amp#27;[0m
19:54:02.593 [main] DEBUG net.thucydides.core.steps.StepInterceptor - STARTING STEP: TransaksiSteps.userMasukKeHalamanTransaksi - halamanTransaksi
19:54:02.593 [Forwarding findElement on session fda11f5abc0b8af7ea4ac13ad51fe42a to remote] DEBUG org.asynchttpclient.netty.request.NettyRequestSender - Using pooled Channel '[id: 0x8befece4, L:/127.0.0.1:58730 - R:localhost/127.0.0.1:4407]' for 'POST' to 'http://localhost:4407/session/fda11f5abc0b8af7ea4ac13ad51fe42a/element'
19:54:02.593 [Forwarding findElement on session fda11f5abc0b8af7ea4ac13ad51fe42a to remote] DEBUG org.asynchttpclient.netty.request.NettyRequestSender - Using open Channel [id: 0x8befece4, L:/127.0.0.1:58730 - R:localhost/127.0.0.1:4407] for POST '/session/fda11f5abc0b8af7ea4ac13ad51fe42a/element'
19:54:02.617 [AsyncHttpClient-1-2] DEBUG org.asynchttpclient.netty.handler.HttpHandler - 

Request DefaultHttpRequest(decodeResult: success, version: HTTP/1.1)
POST /session/fda11f5abc0b8af7ea4ac13ad51fe42a/element HTTP/1.1
User-Agent: selenium/4.7.1 (java windows)
Content-Length: 112
Content-Type: application/json; charset=utf-8
host: localhost:4407
accept: */*

Response DefaultHttpResponse(decodeResult: success, version: HTTP/1.1)
HTTP/1.1 200 OK
Content-Type: application/json; charset=utf-8
cache-control: no-cache
content-length: 88

19:54:02.617 [AsyncHttpClient-1-2] DEBUG org.asynchttpclient.netty.channel.ChannelManager - Adding key: http://localhost:4407 for channel [id: 0x8befece4, L:/127.0.0.1:58730 - R:localhost/127.0.0.1:4407]
19:54:02.617 [Forwarding isElementDisplayed on session fda11f5abc0b8af7ea4ac13ad51fe42a to remote] DEBUG org.asynchttpclient.netty.request.NettyRequestSender - Using pooled Channel '[id: 0x8befece4, L:/127.0.0.1:58730 - R:localhost/127.0.0.1:4407]' for 'POST' to 'http://localhost:4407/session/fda11f5abc0b8af7ea4ac13ad51fe42a/execute/sync'
19:54:02.617 [Forwarding isElementDisplayed on session fda11f5abc0b8af7ea4ac13ad51fe42a to remote] DEBUG org.asynchttpclient.netty.request.NettyRequestSender - Using open Channel [id: 0x8befece4, L:/127.0.0.1:58730 - R:localhost/127.0.0.1:4407] for POST '/session/fda11f5abc0b8af7ea4ac13ad51fe42a/execute/sync'
19:54:02.633 [AsyncHttpClient-1-2] DEBUG org.asynchttpclient.netty.handler.HttpHandler - 

Request DefaultHttpRequest(decodeResult: success, version: HTTP/1.1)
POST /session/fda11f5abc0b8af7ea4ac13ad51fe42a/execute/sync HTTP/1.1
User-Agent: selenium/4.7.1 (java windows)
Content-Length: 48780
Content-Type: application/json; charset=utf-8
host: localhost:4407
accept: */*

Response DefaultHttpResponse(decodeResult: success, version: HTTP/1.1)
HTTP/1.1 200 OK
Content-Type: application/json; charset=utf-8
cache-control: no-cache
content-length: 14

19:54:02.633 [AsyncHttpClient-1-2] DEBUG org.asynchttpclient.netty.channel.ChannelManager - Adding key: http://localhost:4407 for channel [id: 0x8befece4, L:/127.0.0.1:58730 - R:localhost/127.0.0.1:4407]
19:54:02.633 [Forwarding getCurrentWindowHandle on session fda11f5abc0b8af7ea4ac13ad51fe42a to remote] DEBUG org.asynchttpclient.netty.request.NettyRequestSender - Using pooled Channel '[id: 0x8befece4, L:/127.0.0.1:58730 - R:localhost/127.0.0.1:4407]' for 'GET' to 'http://localhost:4407/session/fda11f5abc0b8af7ea4ac13ad51fe42a/window'
19:54:02.633 [Forwarding getCurrentWindowHandle on session fda11f5abc0b8af7ea4ac13ad51fe42a to remote] DEBUG org.asynchttpclient.netty.request.NettyRequestSender - Using open Channel [id: 0x8befece4, L:/127.0.0.1:58730 - R:localhost/127.0.0.1:4407] for GET '/session/fda11f5abc0b8af7ea4ac13ad51fe42a/window'
19:54:02.633 [AsyncHttpClient-1-2] DEBUG org.asynchttpclient.netty.handler.HttpHandler - 

Request DefaultFullHttpRequest(decodeResult: success, version: HTTP/1.1, content: EmptyByteBufBE)
GET /session/fda11f5abc0b8af7ea4ac13ad51fe42a/window HTTP/1.1
User-Agent: selenium/4.7.1 (java windows)
Cache-Control: no-cache
Content-Type: application/json; charset=utf-8
host: localhost:4407
accept: */*

Response DefaultHttpResponse(decodeResult: success, version: HTTP/1.1)
HTTP/1.1 200 OK
Content-Type: application/json; charset=utf-8
cache-control: no-cache
content-length: 44

19:54:02.633 [AsyncHttpClient-1-2] DEBUG org.asynchttpclient.netty.channel.ChannelManager - Adding key: http://localhost:4407 for channel [id: 0x8befece4, L:/127.0.0.1:58730 - R:localhost/127.0.0.1:4407]
19:54:02.633 [Forwarding getAlertText on session fda11f5abc0b8af7ea4ac13ad51fe42a to remote] DEBUG org.asynchttpclient.netty.request.NettyRequestSender - Using pooled Channel '[id: 0x8befece4, L:/127.0.0.1:58730 - R:localhost/127.0.0.1:4407]' for 'GET' to 'http://localhost:4407/session/fda11f5abc0b8af7ea4ac13ad51fe42a/alert/text'
19:54:02.633 [Forwarding getAlertText on session fda11f5abc0b8af7ea4ac13ad51fe42a to remote] DEBUG org.asynchttpclient.netty.request.NettyRequestSender - Using open Channel [id: 0x8befece4, L:/127.0.0.1:58730 - R:localhost/127.0.0.1:4407] for GET '/session/fda11f5abc0b8af7ea4ac13ad51fe42a/alert/text'
19:54:02.633 [AsyncHttpClient-1-2] DEBUG org.asynchttpclient.netty.handler.HttpHandler - 

Request DefaultFullHttpRequest(decodeResult: success, version: HTTP/1.1, content: EmptyByteBufBE)
GET /session/fda11f5abc0b8af7ea4ac13ad51fe42a/alert/text HTTP/1.1
User-Agent: selenium/4.7.1 (java windows)
Cache-Control: no-cache
Content-Type: application/json; charset=utf-8
host: localhost:4407
accept: */*

Response DefaultHttpResponse(decodeResult: success, version: HTTP/1.1)
HTTP/1.1 404 Not Found
Content-Type: application/json; charset=utf-8
cache-control: no-cache
content-length: 821

19:54:02.633 [AsyncHttpClient-1-2] DEBUG org.asynchttpclient.netty.channel.ChannelManager - Adding key: http://localhost:4407 for channel [id: 0x8befece4, L:/127.0.0.1:58730 - R:localhost/127.0.0.1:4407]
19:54:02.649 [Forwarding switchToWindow on session fda11f5abc0b8af7ea4ac13ad51fe42a to remote] DEBUG org.asynchttpclient.netty.request.NettyRequestSender - Using pooled Channel '[id: 0x8befece4, L:/127.0.0.1:58730 - R:localhost/127.0.0.1:4407]' for 'POST' to 'http://localhost:4407/session/fda11f5abc0b8af7ea4ac13ad51fe42a/window'
19:54:02.649 [Forwarding switchToWindow on session fda11f5abc0b8af7ea4ac13ad51fe42a to remote] DEBUG org.asynchttpclient.netty.request.NettyRequestSender - Using open Channel [id: 0x8befece4, L:/127.0.0.1:58730 - R:localhost/127.0.0.1:4407] for POST '/session/fda11f5abc0b8af7ea4ac13ad51fe42a/window'
19:54:02.649 [AsyncHttpClient-1-2] DEBUG org.asynchttpclient.netty.handler.HttpHandler - 

Request DefaultHttpRequest(decodeResult: success, version: HTTP/1.1)
POST /session/fda11f5abc0b8af7ea4ac13ad51fe42a/window HTTP/1.1
User-Agent: selenium/4.7.1 (java windows)
Content-Length: 50
Content-Type: application/json; charset=utf-8
host: localhost:4407
accept: */*

Response DefaultHttpResponse(decodeResult: success, version: HTTP/1.1)
HTTP/1.1 200 OK
Content-Type: application/json; charset=utf-8
cache-control: no-cache
content-length: 14

19:54:02.649 [AsyncHttpClient-1-2] DEBUG org.asynchttpclient.netty.channel.ChannelManager - Adding key: http://localhost:4407 for channel [id: 0x8befece4, L:/127.0.0.1:58730 - R:localhost/127.0.0.1:4407]
19:54:02.649 [Forwarding getCurrentUrl on session fda11f5abc0b8af7ea4ac13ad51fe42a to remote] DEBUG org.asynchttpclient.netty.request.NettyRequestSender - Using pooled Channel '[id: 0x8befece4, L:/127.0.0.1:58730 - R:localhost/127.0.0.1:4407]' for 'GET' to 'http://localhost:4407/session/fda11f5abc0b8af7ea4ac13ad51fe42a/url'
19:54:02.649 [Forwarding getCurrentUrl on session fda11f5abc0b8af7ea4ac13ad51fe42a to remote] DEBUG org.asynchttpclient.netty.request.NettyRequestSender - Using open Channel [id: 0x8befece4, L:/127.0.0.1:58730 - R:localhost/127.0.0.1:4407] for GET '/session/fda11f5abc0b8af7ea4ac13ad51fe42a/url'
19:54:02.649 [AsyncHttpClient-1-2] DEBUG org.asynchttpclient.netty.handler.HttpHandler - 

Request DefaultFullHttpRequest(decodeResult: success, version: HTTP/1.1, content: EmptyByteBufBE)
GET /session/fda11f5abc0b8af7ea4ac13ad51fe42a/url HTTP/1.1
User-Agent: selenium/4.7.1 (java windows)
Cache-Control: no-cache
Content-Type: application/json; charset=utf-8
host: localhost:4407
accept: */*

Response DefaultHttpResponse(decodeResult: success, version: HTTP/1.1)
HTTP/1.1 200 OK
Content-Type: application/json; charset=utf-8
cache-control: no-cache
content-length: 52

19:54:02.649 [AsyncHttpClient-1-2] DEBUG org.asynchttpclient.netty.channel.ChannelManager - Adding key: http://localhost:4407 for channel [id: 0x8befece4, L:/127.0.0.1:58730 - R:localhost/127.0.0.1:4407]
19:54:02.649 [Forwarding screenshot on session fda11f5abc0b8af7ea4ac13ad51fe42a to remote] DEBUG org.asynchttpclient.netty.request.NettyRequestSender - Using pooled Channel '[id: 0x8befece4, L:/127.0.0.1:58730 - R:localhost/127.0.0.1:4407]' for 'GET' to 'http://localhost:4407/session/fda11f5abc0b8af7ea4ac13ad51fe42a/screenshot'
19:54:02.649 [Forwarding screenshot on session fda11f5abc0b8af7ea4ac13ad51fe42a to remote] DEBUG org.asynchttpclient.netty.request.NettyRequestSender - Using open Channel [id: 0x8befece4, L:/127.0.0.1:58730 - R:localhost/127.0.0.1:4407] for GET '/session/fda11f5abc0b8af7ea4ac13ad51fe42a/screenshot'
19:54:02.748 [AsyncHttpClient-1-2] DEBUG org.asynchttpclient.netty.handler.HttpHandler - 

Request DefaultFullHttpRequest(decodeResult: success, version: HTTP/1.1, content: EmptyByteBufBE)
GET /session/fda11f5abc0b8af7ea4ac13ad51fe42a/screenshot HTTP/1.1
User-Agent: selenium/4.7.1 (java windows)
Cache-Control: no-cache
Content-Type: application/json; charset=utf-8
host: localhost:4407
accept: */*

Response DefaultHttpResponse(decodeResult: success, version: HTTP/1.1)
HTTP/1.1 200 OK
Content-Type: application/json; charset=utf-8
cache-control: no-cache
content-length: 30020

19:54:02.748 [AsyncHttpClient-1-2] DEBUG org.asynchttpclient.netty.channel.ChannelManager - Adding key: http://localhost:4407 for channel [id: 0x8befece4, L:/127.0.0.1:58730 - R:localhost/127.0.0.1:4407]
19:54:02.748 [main] DEBUG net.serenitybdd.core.photography.Darkroom - Send negative for processing for target\site\serenity\cd16a1e8b95f50b7293aa9136bcb41b0d2db6674d344bb27f9d3f685d3785601.png
19:54:02.748 [Darkroom Processing Line] DEBUG net.serenitybdd.core.photography.DarkroomProcessingLine - Processing screenshot image in /var/screenshots/screenshot-12801921459878580549
19:54:02.748 [Darkroom Processing Line] DEBUG net.serenitybdd.core.photography.DarkroomProcessingLine - Saving screenshot to target\site\serenity\cd16a1e8b95f50b7293aa9136bcb41b0d2db6674d344bb27f9d3f685d3785601.png
19:54:02.748 [main] DEBUG net.thucydides.core.steps.StepInterceptor - STEP DONE: halamanTransaksi
  &amp#27;[32mAnd &amp#27;[0m&amp#27;[32muser masuk ke halaman transaksi&amp#27;[0m                                     &amp#27;[90m# starter.stepdefinitions.TransaksiSteps.userMasukKeHalamanTransaksi()&amp#27;[0m
19:54:02.763 [main] INFO  - 
  _____   ___   ___   _____     ___     _     ___   ___   ___   ___  
 |_   _| | __| / __| |_   _|   | _ \   /_\   / __| / __| | __| |   \ 
   | |   | _|  \__ \   | |     |  _/  / _ \  \__ \ \__ \ | _|  | |) |
   |_|   |___| |___/   |_|     |_|   /_/ \_\ |___/ |___/ |___| |___/ 

user bisa membayar produk yang diinginkan
----------------------------------------------------------------------
19:54:02.820 [Driver Command Executor] DEBUG org.asynchttpclient.netty.request.NettyRequestSender - Using pooled Channel '[id: 0x8befece4, L:/127.0.0.1:58730 - R:localhost/127.0.0.1:4407]' for 'DELETE' to 'http://localhost:4407/session/fda11f5abc0b8af7ea4ac13ad51fe42a'
19:54:02.828 [Driver Command Executor] DEBUG org.asynchttpclient.netty.request.NettyRequestSender - Using open Channel [id: 0x8befece4, L:/127.0.0.1:58730 - R:localhost/127.0.0.1:4407] for DELETE '/session/fda11f5abc0b8af7ea4ac13ad51fe42a'
19:54:02.828 [AsyncHttpClient-1-4] DEBUG org.asynchttpclient.netty.handler.WebSocketHandler - Channel Closed: [id: 0x8fdf6f23, L:/127.0.0.1:58739 ! R:localhost/127.0.0.1:58732] with attribute NettyResponseFuture{currentRetry=0,
	isDone=1,
	isCancelled=0,
	asyncHandler=org.asynchttpclient.ws.WebSocketUpgradeHandler@1502bce4,
	nettyRequest=org.asynchttpclient.netty.request.NettyRequest@21e6002f,
	future=java.util.concurrent.CompletableFuture@50477809[Completed normally],
	uri=ws://localhost:58732/devtools/browser/efa7d606-ddf6-4451-8cc9-01e75c3edf38,
	keepAlive=true,
	redirectCount=0,
	timeoutsHolder=null,
	inAuth=0,
	touch=1683377630468}
19:54:02.828 [AsyncHttpClient-1-4] DEBUG org.asynchttpclient.netty.channel.ChannelManager - Closing Channel [id: 0x8fdf6f23, L:/127.0.0.1:58739 ! R:localhost/127.0.0.1:58732] 
19:54:02.891 [AsyncHttpClient-1-3] DEBUG org.asynchttpclient.netty.handler.HttpHandler - Unexpected I/O exception on channel [id: 0x5deed846, L:/127.0.0.1:58738 - R:localhost/127.0.0.1:58732]
java.net.SocketException: Connection reset
	at java.base/sun.nio.ch.SocketChannelImpl.throwConnectionReset(SocketChannelImpl.java:401)
	at java.base/sun.nio.ch.SocketChannelImpl.read(SocketChannelImpl.java:434)
	at io.netty.buffer.PooledByteBuf.setBytes(PooledByteBuf.java:259)
	at io.netty.buffer.AbstractByteBuf.writeBytes(AbstractByteBuf.java:1132)
	at io.netty.channel.socket.nio.NioSocketChannel.doReadBytes(NioSocketChannel.java:357)
	at io.netty.channel.nio.AbstractNioByteChannel$NioByteUnsafe.read(AbstractNioByteChannel.java:151)
	at io.netty.channel.nio.NioEventLoop.processSelectedKey(NioEventLoop.java:788)
	at io.netty.channel.nio.NioEventLoop.processSelectedKeysOptimized(NioEventLoop.java:724)
	at io.netty.channel.nio.NioEventLoop.processSelectedKeys(NioEventLoop.java:650)
	at io.netty.channel.nio.NioEventLoop.run(NioEventLoop.java:562)
	at io.netty.util.concurrent.SingleThreadEventExecutor$4.run(SingleThreadEventExecutor.java:997)
	at io.netty.util.internal.ThreadExecutorMap$2.run(ThreadExecutorMap.java:74)
	at io.netty.util.concurrent.FastThreadLocalRunnable.run(FastThreadLocalRunnable.java:30)
	at java.base/java.lang.Thread.run(Thread.java:1589)
19:54:02.907 [AsyncHttpClient-1-3] DEBUG org.asynchttpclient.netty.channel.ChannelManager - Closing Channel [id: 0x5deed846, L:/127.0.0.1:58738 - R:localhost/127.0.0.1:58732] 
19:54:02.911 [AsyncHttpClient-1-3] DEBUG org.asynchttpclient.netty.handler.HttpHandler - Channel Closed: [id: 0x5deed846, L:/127.0.0.1:58738 ! R:localhost/127.0.0.1:58732] with attribute DISCARD
19:54:02.963 [AsyncHttpClient-1-2] DEBUG org.asynchttpclient.netty.handler.HttpHandler - 

Request DefaultFullHttpRequest(decodeResult: success, version: HTTP/1.1, content: EmptyByteBufBE)
DELETE /session/fda11f5abc0b8af7ea4ac13ad51fe42a HTTP/1.1
User-Agent: selenium/4.7.1 (java windows)
Content-Type: application/json; charset=utf-8
host: localhost:4407
accept: */*

Response DefaultHttpResponse(decodeResult: success, version: HTTP/1.1)
HTTP/1.1 200 OK
Content-Type: application/json; charset=utf-8
cache-control: no-cache
content-length: 14

19:54:02.963 [AsyncHttpClient-1-2] DEBUG org.asynchttpclient.netty.channel.ChannelManager - Adding key: http://localhost:4407 for channel [id: 0x8befece4, L:/127.0.0.1:58730 - R:localhost/127.0.0.1:4407]
19:54:03.025 [AsyncHttpClient-1-2] DEBUG org.asynchttpclient.netty.handler.HttpHandler - Channel Closed: [id: 0x8befece4, L:/127.0.0.1:58730 ! R:localhost/127.0.0.1:4407] with attribute DISCARD
]]></system-out>
    <system-err><![CDATA[Starting ChromeDriver 112.0.5615.49 (bd2a7bcb881c11e8cfe3078709382934e3916914-refs/branch-heads/5615@{#936}) on port 4407
Only local connections are allowed.
Please see https://chromedriver.chromium.org/security-considerations for suggestions on keeping ChromeDriver safe.
ChromeDriver was started successfully.
May 06, 2023 7:53:50 PM org.openqa.selenium.devtools.CdpVersionFinder findNearestMatch
WARNING: Unable to find an exact match for CDP version 112, so returning the closest version found: 108
]]></system-err>
  </testcase>
  <testcase name="user bisa melakukan pencarian produk dari listdown categories" classname="Transaksi" time="11.97">
    <system-out><![CDATA[
@AS16-positive
Scenario: user bisa melakukan pencarian produk dari listdown categories   &amp#27;[90m# src/test/resources/features/3. Transaksi.feature:14&amp#27;[0m
19:54:03.088 [main] INFO io.cucumber.core.plugin.SerenityReporter - Running feature from file:///C:/Dev/api-automation-alta-master/ALTASHOP%20WEB%20AUTOMATION/src/test/resources/features/3.%20Transaksi.feature
19:54:03.088 [main] INFO  - 
  _____   ___   ___   _____     ___   _____     _     ___   _____   ___   ___  
 |_   _| | __| / __| |_   _|   / __| |_   _|   /_\   | _ \ |_   _| | __| |   \ 
   | |   | _|  \__ \   | |     \__ \   | |    / _ \  |   /   | |   | _|  | |) |
   |_|   |___| |___/   |_|     |___/   |_|   /_/ \_\ |_|_\   |_|   |___| |___/ 

user bisa melakukan pencarian produk dari listdown categories(transaksi;user-bisa-melakukan-pencarian-produk-dari-listdown-categories)
--------------------------------------------------------------------------------
19:54:03.119 [main] DEBUG net.thucydides.core.steps.StepInterceptor - STARTING STEP: TransaksiSteps.userBeradaDiHomepageAltaShopDanLoginAkun - diHomepageAltaShop
19:54:03.197 [main] INFO net.serenitybdd.core.webdriver.driverproviders.ChromeDriverProvider - Starting Chrome driver instance with capabilities:
19:54:03.197 [main] INFO net.serenitybdd.core.webdriver.driverproviders.ChromeDriverProvider - Capabilities {acceptInsecureCerts: true, browserName: chrome, goog:chromeOptions: {args: [remote-allow-origins=*, test-type, no-sandbox, ignore-certificate-errors, start-maximized, incognito, disable-infobars, disable-gpu, disable-default-apps, disable-popup-blocking, remote-allow-origins=*, test-type, no-sandbox, ignore-certificate-errors, start-maximized, incognito, disable-infobars, disable-gpu, disable-default-apps, disable-popup-blocking], extensions: []}}
19:54:03.322 [AsyncHttpClient-1-1] DEBUG org.asynchttpclient.netty.channel.DefaultChannelPool - Entry count for : http://localhost:58732 : 1
19:54:03.322 [AsyncHttpClient-1-1] DEBUG org.asynchttpclient.netty.channel.DefaultChannelPool - Entry count for : http://localhost:4407 : 1
19:54:03.322 [AsyncHttpClient-1-1] DEBUG org.asynchttpclient.netty.channel.DefaultChannelPool - Adding Candidate expired Channel [id: 0x5deed846, L:/127.0.0.1:58738 ! R:localhost/127.0.0.1:58732] isIdleTimeoutExpired=false isRemotelyClosed=true isTtlExpired=false
19:54:03.322 [AsyncHttpClient-1-1] DEBUG org.asynchttpclient.netty.channel.DefaultChannelPool - Closing Idle Channel [id: 0x5deed846, L:/127.0.0.1:58738 ! R:localhost/127.0.0.1:58732]
19:54:03.322 [AsyncHttpClient-1-1] DEBUG org.asynchttpclient.netty.channel.DefaultChannelPool - Adding Candidate expired Channel [id: 0x8befece4, L:/127.0.0.1:58730 ! R:localhost/127.0.0.1:4407] isIdleTimeoutExpired=false isRemotelyClosed=true isTtlExpired=false
19:54:03.322 [AsyncHttpClient-1-1] DEBUG org.asynchttpclient.netty.channel.DefaultChannelPool - Closing Idle Channel [id: 0x8befece4, L:/127.0.0.1:58730 ! R:localhost/127.0.0.1:4407]
19:54:03.322 [AsyncHttpClient-1-1] DEBUG org.asynchttpclient.netty.channel.DefaultChannelPool - Closed 2 connections out of 2 in 0 ms
19:54:03.322 [AsyncHttpClient-1-5] DEBUG org.asynchttpclient.netty.channel.NettyConnectListener - Using new Channel '[id: 0x32296084, L:/127.0.0.1:58760 - R:localhost/127.0.0.1:16366]' for 'POST' to '/session'
19:54:04.624 [AsyncHttpClient-1-5] DEBUG org.asynchttpclient.netty.handler.HttpHandler - 

Request DefaultHttpRequest(decodeResult: success, version: HTTP/1.1)
POST /session HTTP/1.1
User-Agent: selenium/4.7.1 (java windows)
Content-Length: 1629
Content-Type: application/json; charset=utf-8
host: localhost:16366
accept: */*

Response DefaultHttpResponse(decodeResult: success, version: HTTP/1.1)
HTTP/1.1 200 OK
Content-Type: application/json; charset=utf-8
cache-control: no-cache
content-length: 854

19:54:04.624 [AsyncHttpClient-1-5] DEBUG org.asynchttpclient.netty.channel.ChannelManager - Adding key: http://localhost:16366 for channel [id: 0x32296084, L:/127.0.0.1:58760 - R:localhost/127.0.0.1:16366]
19:54:04.640 [AsyncHttpClient-1-6] DEBUG org.asynchttpclient.netty.channel.NettyConnectListener - Using new Channel '[id: 0x382b8c1b, L:/127.0.0.1:58768 - R:localhost/127.0.0.1:58761]' for 'GET' to '/json/version'
19:54:04.648 [AsyncHttpClient-1-6] DEBUG org.asynchttpclient.netty.handler.HttpHandler - 

Request DefaultFullHttpRequest(decodeResult: success, version: HTTP/1.1, content: EmptyByteBufBE)
GET /json/version HTTP/1.1
User-Agent: selenium/4.7.1 (java windows)
host: localhost:58761
accept: */*

Response DefaultHttpResponse(decodeResult: success, version: HTTP/1.1)
HTTP/1.1 200 OK
Content-Security-Policy: frame-ancestors 'none'
Content-Type: application/json; charset=UTF-8
content-length: 424

19:54:04.648 [AsyncHttpClient-1-6] DEBUG org.asynchttpclient.netty.channel.ChannelManager - Adding key: http://localhost:58761 for channel [id: 0x382b8c1b, L:/127.0.0.1:58768 - R:localhost/127.0.0.1:58761]
19:54:04.648 [AsyncHttpClient-1-7] DEBUG org.asynchttpclient.netty.channel.NettyConnectListener - Using new Channel '[id: 0x30472120, L:/127.0.0.1:58769 - R:localhost/127.0.0.1:58761]' for 'GET' to '/devtools/browser/3ac0e8d0-974b-4e59-9294-566f324ddf46'
19:54:04.660 [AsyncHttpClient-1-7] DEBUG org.asynchttpclient.netty.handler.WebSocketHandler - 

Request DefaultFullHttpRequest(decodeResult: success, version: HTTP/1.1, content: EmptyByteBufBE)
GET /devtools/browser/3ac0e8d0-974b-4e59-9294-566f324ddf46 HTTP/1.1
upgrade: websocket
connection: upgrade
sec-websocket-key: 1SxyxZT+LpUzqWF5Ehoung==
sec-websocket-version: 13
origin: http://localhost:58761
host: localhost:58761
accept: */*
user-agent: AHC/2.1

Response DefaultHttpResponse(decodeResult: success, version: HTTP/1.1)
HTTP/1.1 101 WebSocket Protocol Handshake
Upgrade: WebSocket
Connection: Upgrade
Sec-WebSocket-Accept: RCzcmyxZuOQdaeA4RHT/4UTtC2Q=

19:54:04.665 [Forwarding get on session ad7cab8ae073d3e6d9bd506bf3c5c32a to remote] DEBUG org.asynchttpclient.netty.request.NettyRequestSender - Using pooled Channel '[id: 0x32296084, L:/127.0.0.1:58760 - R:localhost/127.0.0.1:16366]' for 'POST' to 'http://localhost:16366/session/ad7cab8ae073d3e6d9bd506bf3c5c32a/url'
19:54:04.665 [Forwarding get on session ad7cab8ae073d3e6d9bd506bf3c5c32a to remote] DEBUG org.asynchttpclient.netty.request.NettyRequestSender - Using open Channel [id: 0x32296084, L:/127.0.0.1:58760 - R:localhost/127.0.0.1:16366] for POST '/session/ad7cab8ae073d3e6d9bd506bf3c5c32a/url'
19:54:05.517 [AsyncHttpClient-1-1] DEBUG org.asynchttpclient.netty.channel.DefaultChannelPool - Entry count for : http://localhost:58761 : 1
19:54:06.149 [AsyncHttpClient-1-5] DEBUG org.asynchttpclient.netty.handler.HttpHandler - 

Request DefaultHttpRequest(decodeResult: success, version: HTTP/1.1)
POST /session/ad7cab8ae073d3e6d9bd506bf3c5c32a/url HTTP/1.1
User-Agent: selenium/4.7.1 (java windows)
Content-Length: 59
Content-Type: application/json; charset=utf-8
host: localhost:16366
accept: */*

Response DefaultHttpResponse(decodeResult: success, version: HTTP/1.1)
HTTP/1.1 200 OK
Content-Type: application/json; charset=utf-8
cache-control: no-cache
content-length: 14

19:54:06.149 [AsyncHttpClient-1-5] DEBUG org.asynchttpclient.netty.channel.ChannelManager - Adding key: http://localhost:16366 for channel [id: 0x32296084, L:/127.0.0.1:58760 - R:localhost/127.0.0.1:16366]
19:54:06.157 [Forwarding setTimeout on session ad7cab8ae073d3e6d9bd506bf3c5c32a to remote] DEBUG org.asynchttpclient.netty.request.NettyRequestSender - Using pooled Channel '[id: 0x32296084, L:/127.0.0.1:58760 - R:localhost/127.0.0.1:16366]' for 'POST' to 'http://localhost:16366/session/ad7cab8ae073d3e6d9bd506bf3c5c32a/timeouts'
19:54:06.157 [Forwarding setTimeout on session ad7cab8ae073d3e6d9bd506bf3c5c32a to remote] DEBUG org.asynchttpclient.netty.request.NettyRequestSender - Using open Channel [id: 0x32296084, L:/127.0.0.1:58760 - R:localhost/127.0.0.1:16366] for POST '/session/ad7cab8ae073d3e6d9bd506bf3c5c32a/timeouts'
19:54:06.157 [AsyncHttpClient-1-5] DEBUG org.asynchttpclient.netty.handler.HttpHandler - 

Request DefaultHttpRequest(decodeResult: success, version: HTTP/1.1)
POST /session/ad7cab8ae073d3e6d9bd506bf3c5c32a/timeouts HTTP/1.1
User-Agent: selenium/4.7.1 (java windows)
Content-Length: 22
Content-Type: application/json; charset=utf-8
host: localhost:16366
accept: */*

Response DefaultHttpResponse(decodeResult: success, version: HTTP/1.1)
HTTP/1.1 200 OK
Content-Type: application/json; charset=utf-8
cache-control: no-cache
content-length: 14

19:54:06.157 [AsyncHttpClient-1-5] DEBUG org.asynchttpclient.netty.channel.ChannelManager - Adding key: http://localhost:16366 for channel [id: 0x32296084, L:/127.0.0.1:58760 - R:localhost/127.0.0.1:16366]
19:54:06.157 [Forwarding getCurrentUrl on session ad7cab8ae073d3e6d9bd506bf3c5c32a to remote] DEBUG org.asynchttpclient.netty.request.NettyRequestSender - Using pooled Channel '[id: 0x32296084, L:/127.0.0.1:58760 - R:localhost/127.0.0.1:16366]' for 'GET' to 'http://localhost:16366/session/ad7cab8ae073d3e6d9bd506bf3c5c32a/url'
19:54:06.157 [Forwarding getCurrentUrl on session ad7cab8ae073d3e6d9bd506bf3c5c32a to remote] DEBUG org.asynchttpclient.netty.request.NettyRequestSender - Using open Channel [id: 0x32296084, L:/127.0.0.1:58760 - R:localhost/127.0.0.1:16366] for GET '/session/ad7cab8ae073d3e6d9bd506bf3c5c32a/url'
19:54:06.165 [AsyncHttpClient-1-5] DEBUG org.asynchttpclient.netty.handler.HttpHandler - 

Request DefaultFullHttpRequest(decodeResult: success, version: HTTP/1.1, content: EmptyByteBufBE)
GET /session/ad7cab8ae073d3e6d9bd506bf3c5c32a/url HTTP/1.1
User-Agent: selenium/4.7.1 (java windows)
Cache-Control: no-cache
Content-Type: application/json; charset=utf-8
host: localhost:16366
accept: */*

Response DefaultHttpResponse(decodeResult: success, version: HTTP/1.1)
HTTP/1.1 200 OK
Content-Type: application/json; charset=utf-8
cache-control: no-cache
content-length: 41

19:54:06.165 [AsyncHttpClient-1-5] DEBUG org.asynchttpclient.netty.channel.ChannelManager - Adding key: http://localhost:16366 for channel [id: 0x32296084, L:/127.0.0.1:58760 - R:localhost/127.0.0.1:16366]
19:54:06.165 [Forwarding getCurrentUrl on session ad7cab8ae073d3e6d9bd506bf3c5c32a to remote] DEBUG org.asynchttpclient.netty.request.NettyRequestSender - Using pooled Channel '[id: 0x32296084, L:/127.0.0.1:58760 - R:localhost/127.0.0.1:16366]' for 'GET' to 'http://localhost:16366/session/ad7cab8ae073d3e6d9bd506bf3c5c32a/url'
19:54:06.165 [Forwarding getCurrentUrl on session ad7cab8ae073d3e6d9bd506bf3c5c32a to remote] DEBUG org.asynchttpclient.netty.request.NettyRequestSender - Using open Channel [id: 0x32296084, L:/127.0.0.1:58760 - R:localhost/127.0.0.1:16366] for GET '/session/ad7cab8ae073d3e6d9bd506bf3c5c32a/url'
19:54:06.173 [AsyncHttpClient-1-5] DEBUG org.asynchttpclient.netty.handler.HttpHandler - 

Request DefaultFullHttpRequest(decodeResult: success, version: HTTP/1.1, content: EmptyByteBufBE)
GET /session/ad7cab8ae073d3e6d9bd506bf3c5c32a/url HTTP/1.1
User-Agent: selenium/4.7.1 (java windows)
Cache-Control: no-cache
Content-Type: application/json; charset=utf-8
host: localhost:16366
accept: */*

Response DefaultHttpResponse(decodeResult: success, version: HTTP/1.1)
HTTP/1.1 200 OK
Content-Type: application/json; charset=utf-8
cache-control: no-cache
content-length: 41

19:54:06.173 [AsyncHttpClient-1-5] DEBUG org.asynchttpclient.netty.channel.ChannelManager - Adding key: http://localhost:16366 for channel [id: 0x32296084, L:/127.0.0.1:58760 - R:localhost/127.0.0.1:16366]
19:54:06.173 [Forwarding findElement on session ad7cab8ae073d3e6d9bd506bf3c5c32a to remote] DEBUG org.asynchttpclient.netty.request.NettyRequestSender - Using pooled Channel '[id: 0x32296084, L:/127.0.0.1:58760 - R:localhost/127.0.0.1:16366]' for 'POST' to 'http://localhost:16366/session/ad7cab8ae073d3e6d9bd506bf3c5c32a/element'
19:54:06.173 [Forwarding findElement on session ad7cab8ae073d3e6d9bd506bf3c5c32a to remote] DEBUG org.asynchttpclient.netty.request.NettyRequestSender - Using open Channel [id: 0x32296084, L:/127.0.0.1:58760 - R:localhost/127.0.0.1:16366] for POST '/session/ad7cab8ae073d3e6d9bd506bf3c5c32a/element'
19:54:06.214 [AsyncHttpClient-1-5] DEBUG org.asynchttpclient.netty.handler.HttpHandler - 

Request DefaultHttpRequest(decodeResult: success, version: HTTP/1.1)
POST /session/ad7cab8ae073d3e6d9bd506bf3c5c32a/element HTTP/1.1
User-Agent: selenium/4.7.1 (java windows)
Content-Length: 108
Content-Type: application/json; charset=utf-8
host: localhost:16366
accept: */*

Response DefaultHttpResponse(decodeResult: success, version: HTTP/1.1)
HTTP/1.1 200 OK
Content-Type: application/json; charset=utf-8
cache-control: no-cache
content-length: 88

19:54:06.214 [AsyncHttpClient-1-5] DEBUG org.asynchttpclient.netty.channel.ChannelManager - Adding key: http://localhost:16366 for channel [id: 0x32296084, L:/127.0.0.1:58760 - R:localhost/127.0.0.1:16366]
19:54:06.214 [Forwarding isElementDisplayed on session ad7cab8ae073d3e6d9bd506bf3c5c32a to remote] DEBUG org.asynchttpclient.netty.request.NettyRequestSender - Using pooled Channel '[id: 0x32296084, L:/127.0.0.1:58760 - R:localhost/127.0.0.1:16366]' for 'POST' to 'http://localhost:16366/session/ad7cab8ae073d3e6d9bd506bf3c5c32a/execute/sync'
19:54:06.214 [Forwarding isElementDisplayed on session ad7cab8ae073d3e6d9bd506bf3c5c32a to remote] DEBUG org.asynchttpclient.netty.request.NettyRequestSender - Using open Channel [id: 0x32296084, L:/127.0.0.1:58760 - R:localhost/127.0.0.1:16366] for POST '/session/ad7cab8ae073d3e6d9bd506bf3c5c32a/execute/sync'
19:54:06.229 [AsyncHttpClient-1-5] DEBUG org.asynchttpclient.netty.handler.HttpHandler - 

Request DefaultHttpRequest(decodeResult: success, version: HTTP/1.1)
POST /session/ad7cab8ae073d3e6d9bd506bf3c5c32a/execute/sync HTTP/1.1
User-Agent: selenium/4.7.1 (java windows)
Content-Length: 48780
Content-Type: application/json; charset=utf-8
host: localhost:16366
accept: */*

Response DefaultHttpResponse(decodeResult: success, version: HTTP/1.1)
HTTP/1.1 200 OK
Content-Type: application/json; charset=utf-8
cache-control: no-cache
content-length: 14

19:54:06.229 [AsyncHttpClient-1-5] DEBUG org.asynchttpclient.netty.channel.ChannelManager - Adding key: http://localhost:16366 for channel [id: 0x32296084, L:/127.0.0.1:58760 - R:localhost/127.0.0.1:16366]
19:54:06.229 [Forwarding isElementDisplayed on session ad7cab8ae073d3e6d9bd506bf3c5c32a to remote] DEBUG org.asynchttpclient.netty.request.NettyRequestSender - Using pooled Channel '[id: 0x32296084, L:/127.0.0.1:58760 - R:localhost/127.0.0.1:16366]' for 'POST' to 'http://localhost:16366/session/ad7cab8ae073d3e6d9bd506bf3c5c32a/execute/sync'
19:54:06.229 [Forwarding isElementDisplayed on session ad7cab8ae073d3e6d9bd506bf3c5c32a to remote] DEBUG org.asynchttpclient.netty.request.NettyRequestSender - Using open Channel [id: 0x32296084, L:/127.0.0.1:58760 - R:localhost/127.0.0.1:16366] for POST '/session/ad7cab8ae073d3e6d9bd506bf3c5c32a/execute/sync'
19:54:06.245 [AsyncHttpClient-1-5] DEBUG org.asynchttpclient.netty.handler.HttpHandler - 

Request DefaultHttpRequest(decodeResult: success, version: HTTP/1.1)
POST /session/ad7cab8ae073d3e6d9bd506bf3c5c32a/execute/sync HTTP/1.1
User-Agent: selenium/4.7.1 (java windows)
Content-Length: 48780
Content-Type: application/json; charset=utf-8
host: localhost:16366
accept: */*

Response DefaultHttpResponse(decodeResult: success, version: HTTP/1.1)
HTTP/1.1 200 OK
Content-Type: application/json; charset=utf-8
cache-control: no-cache
content-length: 14

19:54:06.245 [AsyncHttpClient-1-5] DEBUG org.asynchttpclient.netty.channel.ChannelManager - Adding key: http://localhost:16366 for channel [id: 0x32296084, L:/127.0.0.1:58760 - R:localhost/127.0.0.1:16366]
19:54:06.245 [Forwarding getCurrentWindowHandle on session ad7cab8ae073d3e6d9bd506bf3c5c32a to remote] DEBUG org.asynchttpclient.netty.request.NettyRequestSender - Using pooled Channel '[id: 0x32296084, L:/127.0.0.1:58760 - R:localhost/127.0.0.1:16366]' for 'GET' to 'http://localhost:16366/session/ad7cab8ae073d3e6d9bd506bf3c5c32a/window'
19:54:06.245 [Forwarding getCurrentWindowHandle on session ad7cab8ae073d3e6d9bd506bf3c5c32a to remote] DEBUG org.asynchttpclient.netty.request.NettyRequestSender - Using open Channel [id: 0x32296084, L:/127.0.0.1:58760 - R:localhost/127.0.0.1:16366] for GET '/session/ad7cab8ae073d3e6d9bd506bf3c5c32a/window'
19:54:06.245 [AsyncHttpClient-1-5] DEBUG org.asynchttpclient.netty.handler.HttpHandler - 

Request DefaultFullHttpRequest(decodeResult: success, version: HTTP/1.1, content: EmptyByteBufBE)
GET /session/ad7cab8ae073d3e6d9bd506bf3c5c32a/window HTTP/1.1
User-Agent: selenium/4.7.1 (java windows)
Cache-Control: no-cache
Content-Type: application/json; charset=utf-8
host: localhost:16366
accept: */*

Response DefaultHttpResponse(decodeResult: success, version: HTTP/1.1)
HTTP/1.1 200 OK
Content-Type: application/json; charset=utf-8
cache-control: no-cache
content-length: 44

19:54:06.245 [AsyncHttpClient-1-5] DEBUG org.asynchttpclient.netty.channel.ChannelManager - Adding key: http://localhost:16366 for channel [id: 0x32296084, L:/127.0.0.1:58760 - R:localhost/127.0.0.1:16366]
19:54:06.260 [Forwarding getAlertText on session ad7cab8ae073d3e6d9bd506bf3c5c32a to remote] DEBUG org.asynchttpclient.netty.request.NettyRequestSender - Using pooled Channel '[id: 0x32296084, L:/127.0.0.1:58760 - R:localhost/127.0.0.1:16366]' for 'GET' to 'http://localhost:16366/session/ad7cab8ae073d3e6d9bd506bf3c5c32a/alert/text'
19:54:06.260 [Forwarding getAlertText on session ad7cab8ae073d3e6d9bd506bf3c5c32a to remote] DEBUG org.asynchttpclient.netty.request.NettyRequestSender - Using open Channel [id: 0x32296084, L:/127.0.0.1:58760 - R:localhost/127.0.0.1:16366] for GET '/session/ad7cab8ae073d3e6d9bd506bf3c5c32a/alert/text'
19:54:06.260 [AsyncHttpClient-1-5] DEBUG org.asynchttpclient.netty.handler.HttpHandler - 

Request DefaultFullHttpRequest(decodeResult: success, version: HTTP/1.1, content: EmptyByteBufBE)
GET /session/ad7cab8ae073d3e6d9bd506bf3c5c32a/alert/text HTTP/1.1
User-Agent: selenium/4.7.1 (java windows)
Cache-Control: no-cache
Content-Type: application/json; charset=utf-8
host: localhost:16366
accept: */*

Response DefaultHttpResponse(decodeResult: success, version: HTTP/1.1)
HTTP/1.1 404 Not Found
Content-Type: application/json; charset=utf-8
cache-control: no-cache
content-length: 821

19:54:06.260 [AsyncHttpClient-1-5] DEBUG org.asynchttpclient.netty.channel.ChannelManager - Adding key: http://localhost:16366 for channel [id: 0x32296084, L:/127.0.0.1:58760 - R:localhost/127.0.0.1:16366]
19:54:06.260 [Forwarding switchToWindow on session ad7cab8ae073d3e6d9bd506bf3c5c32a to remote] DEBUG org.asynchttpclient.netty.request.NettyRequestSender - Using pooled Channel '[id: 0x32296084, L:/127.0.0.1:58760 - R:localhost/127.0.0.1:16366]' for 'POST' to 'http://localhost:16366/session/ad7cab8ae073d3e6d9bd506bf3c5c32a/window'
19:54:06.260 [Forwarding switchToWindow on session ad7cab8ae073d3e6d9bd506bf3c5c32a to remote] DEBUG org.asynchttpclient.netty.request.NettyRequestSender - Using open Channel [id: 0x32296084, L:/127.0.0.1:58760 - R:localhost/127.0.0.1:16366] for POST '/session/ad7cab8ae073d3e6d9bd506bf3c5c32a/window'
19:54:06.260 [AsyncHttpClient-1-5] DEBUG org.asynchttpclient.netty.handler.HttpHandler - 

Request DefaultHttpRequest(decodeResult: success, version: HTTP/1.1)
POST /session/ad7cab8ae073d3e6d9bd506bf3c5c32a/window HTTP/1.1
User-Agent: selenium/4.7.1 (java windows)
Content-Length: 50
Content-Type: application/json; charset=utf-8
host: localhost:16366
accept: */*

Response DefaultHttpResponse(decodeResult: success, version: HTTP/1.1)
HTTP/1.1 200 OK
Content-Type: application/json; charset=utf-8
cache-control: no-cache
content-length: 14

19:54:06.260 [AsyncHttpClient-1-5] DEBUG org.asynchttpclient.netty.channel.ChannelManager - Adding key: http://localhost:16366 for channel [id: 0x32296084, L:/127.0.0.1:58760 - R:localhost/127.0.0.1:16366]
19:54:06.260 [Forwarding getCurrentUrl on session ad7cab8ae073d3e6d9bd506bf3c5c32a to remote] DEBUG org.asynchttpclient.netty.request.NettyRequestSender - Using pooled Channel '[id: 0x32296084, L:/127.0.0.1:58760 - R:localhost/127.0.0.1:16366]' for 'GET' to 'http://localhost:16366/session/ad7cab8ae073d3e6d9bd506bf3c5c32a/url'
19:54:06.260 [Forwarding getCurrentUrl on session ad7cab8ae073d3e6d9bd506bf3c5c32a to remote] DEBUG org.asynchttpclient.netty.request.NettyRequestSender - Using open Channel [id: 0x32296084, L:/127.0.0.1:58760 - R:localhost/127.0.0.1:16366] for GET '/session/ad7cab8ae073d3e6d9bd506bf3c5c32a/url'
19:54:06.260 [AsyncHttpClient-1-5] DEBUG org.asynchttpclient.netty.handler.HttpHandler - 

Request DefaultFullHttpRequest(decodeResult: success, version: HTTP/1.1, content: EmptyByteBufBE)
GET /session/ad7cab8ae073d3e6d9bd506bf3c5c32a/url HTTP/1.1
User-Agent: selenium/4.7.1 (java windows)
Cache-Control: no-cache
Content-Type: application/json; charset=utf-8
host: localhost:16366
accept: */*

Response DefaultHttpResponse(decodeResult: success, version: HTTP/1.1)
HTTP/1.1 200 OK
Content-Type: application/json; charset=utf-8
cache-control: no-cache
content-length: 41

19:54:06.260 [AsyncHttpClient-1-5] DEBUG org.asynchttpclient.netty.channel.ChannelManager - Adding key: http://localhost:16366 for channel [id: 0x32296084, L:/127.0.0.1:58760 - R:localhost/127.0.0.1:16366]
19:54:06.260 [Forwarding screenshot on session ad7cab8ae073d3e6d9bd506bf3c5c32a to remote] DEBUG org.asynchttpclient.netty.request.NettyRequestSender - Using pooled Channel '[id: 0x32296084, L:/127.0.0.1:58760 - R:localhost/127.0.0.1:16366]' for 'GET' to 'http://localhost:16366/session/ad7cab8ae073d3e6d9bd506bf3c5c32a/screenshot'
19:54:06.260 [Forwarding screenshot on session ad7cab8ae073d3e6d9bd506bf3c5c32a to remote] DEBUG org.asynchttpclient.netty.request.NettyRequestSender - Using open Channel [id: 0x32296084, L:/127.0.0.1:58760 - R:localhost/127.0.0.1:16366] for GET '/session/ad7cab8ae073d3e6d9bd506bf3c5c32a/screenshot'
19:54:06.333 [AsyncHttpClient-1-5] DEBUG org.asynchttpclient.netty.handler.HttpHandler - 

Request DefaultFullHttpRequest(decodeResult: success, version: HTTP/1.1, content: EmptyByteBufBE)
GET /session/ad7cab8ae073d3e6d9bd506bf3c5c32a/screenshot HTTP/1.1
User-Agent: selenium/4.7.1 (java windows)
Cache-Control: no-cache
Content-Type: application/json; charset=utf-8
host: localhost:16366
accept: */*

Response DefaultHttpResponse(decodeResult: success, version: HTTP/1.1)
HTTP/1.1 200 OK
Content-Type: application/json; charset=utf-8
cache-control: no-cache
content-length: 93948

19:54:06.333 [AsyncHttpClient-1-5] DEBUG org.asynchttpclient.netty.channel.ChannelManager - Adding key: http://localhost:16366 for channel [id: 0x32296084, L:/127.0.0.1:58760 - R:localhost/127.0.0.1:16366]
19:54:06.333 [main] DEBUG net.serenitybdd.core.photography.Darkroom - Send negative for processing for target\site\serenity\4cfea5e67b3b06ff74e704c965289a2c4d7bce5fadbed9a8756b8bc1c21b4fee.png
19:54:06.333 [main] DEBUG net.thucydides.core.steps.StepInterceptor - STEP DONE: diHomepageAltaShop
19:54:06.333 [main] DEBUG net.thucydides.core.steps.StepInterceptor - STARTING STEP: TransaksiSteps.userBeradaDiHomepageAltaShopDanLoginAkun - klikButtonLogin
19:54:06.350 [Forwarding findElement on session ad7cab8ae073d3e6d9bd506bf3c5c32a to remote] DEBUG org.asynchttpclient.netty.request.NettyRequestSender - Using pooled Channel '[id: 0x32296084, L:/127.0.0.1:58760 - R:localhost/127.0.0.1:16366]' for 'POST' to 'http://localhost:16366/session/ad7cab8ae073d3e6d9bd506bf3c5c32a/element'
19:54:06.350 [Forwarding findElement on session ad7cab8ae073d3e6d9bd506bf3c5c32a to remote] DEBUG org.asynchttpclient.netty.request.NettyRequestSender - Using open Channel [id: 0x32296084, L:/127.0.0.1:58760 - R:localhost/127.0.0.1:16366] for POST '/session/ad7cab8ae073d3e6d9bd506bf3c5c32a/element'
19:54:06.350 [AsyncHttpClient-1-5] DEBUG org.asynchttpclient.netty.handler.HttpHandler - 

Request DefaultHttpRequest(decodeResult: success, version: HTTP/1.1)
POST /session/ad7cab8ae073d3e6d9bd506bf3c5c32a/element HTTP/1.1
User-Agent: selenium/4.7.1 (java windows)
Content-Length: 108
Content-Type: application/json; charset=utf-8
host: localhost:16366
accept: */*

Response DefaultHttpResponse(decodeResult: success, version: HTTP/1.1)
HTTP/1.1 200 OK
Content-Type: application/json; charset=utf-8
cache-control: no-cache
content-length: 88

19:54:06.350 [AsyncHttpClient-1-5] DEBUG org.asynchttpclient.netty.channel.ChannelManager - Adding key: http://localhost:16366 for channel [id: 0x32296084, L:/127.0.0.1:58760 - R:localhost/127.0.0.1:16366]
19:54:06.350 [Forwarding getElementTagName on session ad7cab8ae073d3e6d9bd506bf3c5c32a to remote] DEBUG org.asynchttpclient.netty.request.NettyRequestSender - Using pooled Channel '[id: 0x32296084, L:/127.0.0.1:58760 - R:localhost/127.0.0.1:16366]' for 'GET' to 'http://localhost:16366/session/ad7cab8ae073d3e6d9bd506bf3c5c32a/element/baada32f-58c3-4a5c-877e-d3503c5e0e5f/name'
19:54:06.350 [Forwarding getElementTagName on session ad7cab8ae073d3e6d9bd506bf3c5c32a to remote] DEBUG org.asynchttpclient.netty.request.NettyRequestSender - Using open Channel [id: 0x32296084, L:/127.0.0.1:58760 - R:localhost/127.0.0.1:16366] for GET '/session/ad7cab8ae073d3e6d9bd506bf3c5c32a/element/baada32f-58c3-4a5c-877e-d3503c5e0e5f/name'
19:54:06.364 [AsyncHttpClient-1-5] DEBUG org.asynchttpclient.netty.handler.HttpHandler - 

Request DefaultFullHttpRequest(decodeResult: success, version: HTTP/1.1, content: EmptyByteBufBE)
GET /session/ad7cab8ae073d3e6d9bd506bf3c5c32a/element/baada32f-58c3-4a5c-877e-d3503c5e0e5f/name HTTP/1.1
User-Agent: selenium/4.7.1 (java windows)
Cache-Control: no-cache
Content-Type: application/json; charset=utf-8
host: localhost:16366
accept: */*

Response DefaultHttpResponse(decodeResult: success, version: HTTP/1.1)
HTTP/1.1 200 OK
Content-Type: application/json; charset=utf-8
cache-control: no-cache
content-length: 18

19:54:06.364 [AsyncHttpClient-1-5] DEBUG org.asynchttpclient.netty.channel.ChannelManager - Adding key: http://localhost:16366 for channel [id: 0x32296084, L:/127.0.0.1:58760 - R:localhost/127.0.0.1:16366]
19:54:06.364 [Forwarding getElementTagName on session ad7cab8ae073d3e6d9bd506bf3c5c32a to remote] DEBUG org.asynchttpclient.netty.request.NettyRequestSender - Using pooled Channel '[id: 0x32296084, L:/127.0.0.1:58760 - R:localhost/127.0.0.1:16366]' for 'GET' to 'http://localhost:16366/session/ad7cab8ae073d3e6d9bd506bf3c5c32a/element/baada32f-58c3-4a5c-877e-d3503c5e0e5f/name'
19:54:06.364 [Forwarding getElementTagName on session ad7cab8ae073d3e6d9bd506bf3c5c32a to remote] DEBUG org.asynchttpclient.netty.request.NettyRequestSender - Using open Channel [id: 0x32296084, L:/127.0.0.1:58760 - R:localhost/127.0.0.1:16366] for GET '/session/ad7cab8ae073d3e6d9bd506bf3c5c32a/element/baada32f-58c3-4a5c-877e-d3503c5e0e5f/name'
19:54:06.364 [AsyncHttpClient-1-5] DEBUG org.asynchttpclient.netty.handler.HttpHandler - 

Request DefaultFullHttpRequest(decodeResult: success, version: HTTP/1.1, content: EmptyByteBufBE)
GET /session/ad7cab8ae073d3e6d9bd506bf3c5c32a/element/baada32f-58c3-4a5c-877e-d3503c5e0e5f/name HTTP/1.1
User-Agent: selenium/4.7.1 (java windows)
Cache-Control: no-cache
Content-Type: application/json; charset=utf-8
host: localhost:16366
accept: */*

Response DefaultHttpResponse(decodeResult: success, version: HTTP/1.1)
HTTP/1.1 200 OK
Content-Type: application/json; charset=utf-8
cache-control: no-cache
content-length: 18

19:54:06.364 [AsyncHttpClient-1-5] DEBUG org.asynchttpclient.netty.channel.ChannelManager - Adding key: http://localhost:16366 for channel [id: 0x32296084, L:/127.0.0.1:58760 - R:localhost/127.0.0.1:16366]
19:54:06.364 [Forwarding isElementEnabled on session ad7cab8ae073d3e6d9bd506bf3c5c32a to remote] DEBUG org.asynchttpclient.netty.request.NettyRequestSender - Using pooled Channel '[id: 0x32296084, L:/127.0.0.1:58760 - R:localhost/127.0.0.1:16366]' for 'GET' to 'http://localhost:16366/session/ad7cab8ae073d3e6d9bd506bf3c5c32a/element/baada32f-58c3-4a5c-877e-d3503c5e0e5f/enabled'
19:54:06.364 [Forwarding isElementEnabled on session ad7cab8ae073d3e6d9bd506bf3c5c32a to remote] DEBUG org.asynchttpclient.netty.request.NettyRequestSender - Using open Channel [id: 0x32296084, L:/127.0.0.1:58760 - R:localhost/127.0.0.1:16366] for GET '/session/ad7cab8ae073d3e6d9bd506bf3c5c32a/element/baada32f-58c3-4a5c-877e-d3503c5e0e5f/enabled'
19:54:06.380 [AsyncHttpClient-1-5] DEBUG org.asynchttpclient.netty.handler.HttpHandler - 

Request DefaultFullHttpRequest(decodeResult: success, version: HTTP/1.1, content: EmptyByteBufBE)
GET /session/ad7cab8ae073d3e6d9bd506bf3c5c32a/element/baada32f-58c3-4a5c-877e-d3503c5e0e5f/enabled HTTP/1.1
User-Agent: selenium/4.7.1 (java windows)
Cache-Control: no-cache
Content-Type: application/json; charset=utf-8
host: localhost:16366
accept: */*

Response DefaultHttpResponse(decodeResult: success, version: HTTP/1.1)
HTTP/1.1 200 OK
Content-Type: application/json; charset=utf-8
cache-control: no-cache
content-length: 14

19:54:06.380 [AsyncHttpClient-1-5] DEBUG org.asynchttpclient.netty.channel.ChannelManager - Adding key: http://localhost:16366 for channel [id: 0x32296084, L:/127.0.0.1:58760 - R:localhost/127.0.0.1:16366]
19:54:06.380 [Forwarding isElementEnabled on session ad7cab8ae073d3e6d9bd506bf3c5c32a to remote] DEBUG org.asynchttpclient.netty.request.NettyRequestSender - Using pooled Channel '[id: 0x32296084, L:/127.0.0.1:58760 - R:localhost/127.0.0.1:16366]' for 'GET' to 'http://localhost:16366/session/ad7cab8ae073d3e6d9bd506bf3c5c32a/element/baada32f-58c3-4a5c-877e-d3503c5e0e5f/enabled'
19:54:06.380 [Forwarding isElementEnabled on session ad7cab8ae073d3e6d9bd506bf3c5c32a to remote] DEBUG org.asynchttpclient.netty.request.NettyRequestSender - Using open Channel [id: 0x32296084, L:/127.0.0.1:58760 - R:localhost/127.0.0.1:16366] for GET '/session/ad7cab8ae073d3e6d9bd506bf3c5c32a/element/baada32f-58c3-4a5c-877e-d3503c5e0e5f/enabled'
19:54:06.380 [AsyncHttpClient-1-5] DEBUG org.asynchttpclient.netty.handler.HttpHandler - 

Request DefaultFullHttpRequest(decodeResult: success, version: HTTP/1.1, content: EmptyByteBufBE)
GET /session/ad7cab8ae073d3e6d9bd506bf3c5c32a/element/baada32f-58c3-4a5c-877e-d3503c5e0e5f/enabled HTTP/1.1
User-Agent: selenium/4.7.1 (java windows)
Cache-Control: no-cache
Content-Type: application/json; charset=utf-8
host: localhost:16366
accept: */*

Response DefaultHttpResponse(decodeResult: success, version: HTTP/1.1)
HTTP/1.1 200 OK
Content-Type: application/json; charset=utf-8
cache-control: no-cache
content-length: 14

19:54:06.380 [AsyncHttpClient-1-5] DEBUG org.asynchttpclient.netty.channel.ChannelManager - Adding key: http://localhost:16366 for channel [id: 0x32296084, L:/127.0.0.1:58760 - R:localhost/127.0.0.1:16366]
19:54:06.380 [Forwarding findElement on session ad7cab8ae073d3e6d9bd506bf3c5c32a to remote] DEBUG org.asynchttpclient.netty.request.NettyRequestSender - Using pooled Channel '[id: 0x32296084, L:/127.0.0.1:58760 - R:localhost/127.0.0.1:16366]' for 'POST' to 'http://localhost:16366/session/ad7cab8ae073d3e6d9bd506bf3c5c32a/element'
19:54:06.380 [Forwarding findElement on session ad7cab8ae073d3e6d9bd506bf3c5c32a to remote] DEBUG org.asynchttpclient.netty.request.NettyRequestSender - Using open Channel [id: 0x32296084, L:/127.0.0.1:58760 - R:localhost/127.0.0.1:16366] for POST '/session/ad7cab8ae073d3e6d9bd506bf3c5c32a/element'
19:54:06.403 [AsyncHttpClient-1-5] DEBUG org.asynchttpclient.netty.handler.HttpHandler - 

Request DefaultHttpRequest(decodeResult: success, version: HTTP/1.1)
POST /session/ad7cab8ae073d3e6d9bd506bf3c5c32a/element HTTP/1.1
User-Agent: selenium/4.7.1 (java windows)
Content-Length: 108
Content-Type: application/json; charset=utf-8
host: localhost:16366
accept: */*

Response DefaultHttpResponse(decodeResult: success, version: HTTP/1.1)
HTTP/1.1 200 OK
Content-Type: application/json; charset=utf-8
cache-control: no-cache
content-length: 88

19:54:06.403 [AsyncHttpClient-1-5] DEBUG org.asynchttpclient.netty.channel.ChannelManager - Adding key: http://localhost:16366 for channel [id: 0x32296084, L:/127.0.0.1:58760 - R:localhost/127.0.0.1:16366]
19:54:06.403 [Forwarding clickElement on session ad7cab8ae073d3e6d9bd506bf3c5c32a to remote] DEBUG org.asynchttpclient.netty.request.NettyRequestSender - Using pooled Channel '[id: 0x32296084, L:/127.0.0.1:58760 - R:localhost/127.0.0.1:16366]' for 'POST' to 'http://localhost:16366/session/ad7cab8ae073d3e6d9bd506bf3c5c32a/element/baada32f-58c3-4a5c-877e-d3503c5e0e5f/click'
19:54:06.403 [Forwarding clickElement on session ad7cab8ae073d3e6d9bd506bf3c5c32a to remote] DEBUG org.asynchttpclient.netty.request.NettyRequestSender - Using open Channel [id: 0x32296084, L:/127.0.0.1:58760 - R:localhost/127.0.0.1:16366] for POST '/session/ad7cab8ae073d3e6d9bd506bf3c5c32a/element/baada32f-58c3-4a5c-877e-d3503c5e0e5f/click'
19:54:06.467 [AsyncHttpClient-1-5] DEBUG org.asynchttpclient.netty.handler.HttpHandler - 

Request DefaultHttpRequest(decodeResult: success, version: HTTP/1.1)
POST /session/ad7cab8ae073d3e6d9bd506bf3c5c32a/element/baada32f-58c3-4a5c-877e-d3503c5e0e5f/click HTTP/1.1
User-Agent: selenium/4.7.1 (java windows)
Content-Length: 50
Content-Type: application/json; charset=utf-8
host: localhost:16366
accept: */*

Response DefaultHttpResponse(decodeResult: success, version: HTTP/1.1)
HTTP/1.1 200 OK
Content-Type: application/json; charset=utf-8
cache-control: no-cache
content-length: 14

19:54:06.467 [AsyncHttpClient-1-5] DEBUG org.asynchttpclient.netty.channel.ChannelManager - Adding key: http://localhost:16366 for channel [id: 0x32296084, L:/127.0.0.1:58760 - R:localhost/127.0.0.1:16366]
19:54:06.475 [Forwarding getCurrentWindowHandle on session ad7cab8ae073d3e6d9bd506bf3c5c32a to remote] DEBUG org.asynchttpclient.netty.request.NettyRequestSender - Using pooled Channel '[id: 0x32296084, L:/127.0.0.1:58760 - R:localhost/127.0.0.1:16366]' for 'GET' to 'http://localhost:16366/session/ad7cab8ae073d3e6d9bd506bf3c5c32a/window'
19:54:06.475 [Forwarding getCurrentWindowHandle on session ad7cab8ae073d3e6d9bd506bf3c5c32a to remote] DEBUG org.asynchttpclient.netty.request.NettyRequestSender - Using open Channel [id: 0x32296084, L:/127.0.0.1:58760 - R:localhost/127.0.0.1:16366] for GET '/session/ad7cab8ae073d3e6d9bd506bf3c5c32a/window'
19:54:06.483 [AsyncHttpClient-1-5] DEBUG org.asynchttpclient.netty.handler.HttpHandler - 

Request DefaultFullHttpRequest(decodeResult: success, version: HTTP/1.1, content: EmptyByteBufBE)
GET /session/ad7cab8ae073d3e6d9bd506bf3c5c32a/window HTTP/1.1
User-Agent: selenium/4.7.1 (java windows)
Cache-Control: no-cache
Content-Type: application/json; charset=utf-8
host: localhost:16366
accept: */*

Response DefaultHttpResponse(decodeResult: success, version: HTTP/1.1)
HTTP/1.1 200 OK
Content-Type: application/json; charset=utf-8
cache-control: no-cache
content-length: 44

19:54:06.483 [AsyncHttpClient-1-5] DEBUG org.asynchttpclient.netty.channel.ChannelManager - Adding key: http://localhost:16366 for channel [id: 0x32296084, L:/127.0.0.1:58760 - R:localhost/127.0.0.1:16366]
19:54:06.483 [Forwarding getAlertText on session ad7cab8ae073d3e6d9bd506bf3c5c32a to remote] DEBUG org.asynchttpclient.netty.request.NettyRequestSender - Using pooled Channel '[id: 0x32296084, L:/127.0.0.1:58760 - R:localhost/127.0.0.1:16366]' for 'GET' to 'http://localhost:16366/session/ad7cab8ae073d3e6d9bd506bf3c5c32a/alert/text'
19:54:06.483 [Forwarding getAlertText on session ad7cab8ae073d3e6d9bd506bf3c5c32a to remote] DEBUG org.asynchttpclient.netty.request.NettyRequestSender - Using open Channel [id: 0x32296084, L:/127.0.0.1:58760 - R:localhost/127.0.0.1:16366] for GET '/session/ad7cab8ae073d3e6d9bd506bf3c5c32a/alert/text'
19:54:06.547 [AsyncHttpClient-1-5] DEBUG org.asynchttpclient.netty.handler.HttpHandler - 

Request DefaultFullHttpRequest(decodeResult: success, version: HTTP/1.1, content: EmptyByteBufBE)
GET /session/ad7cab8ae073d3e6d9bd506bf3c5c32a/alert/text HTTP/1.1
User-Agent: selenium/4.7.1 (java windows)
Cache-Control: no-cache
Content-Type: application/json; charset=utf-8
host: localhost:16366
accept: */*

Response DefaultHttpResponse(decodeResult: success, version: HTTP/1.1)
HTTP/1.1 404 Not Found
Content-Type: application/json; charset=utf-8
cache-control: no-cache
content-length: 821

19:54:06.547 [AsyncHttpClient-1-5] DEBUG org.asynchttpclient.netty.channel.ChannelManager - Adding key: http://localhost:16366 for channel [id: 0x32296084, L:/127.0.0.1:58760 - R:localhost/127.0.0.1:16366]
19:54:06.555 [Forwarding switchToWindow on session ad7cab8ae073d3e6d9bd506bf3c5c32a to remote] DEBUG org.asynchttpclient.netty.request.NettyRequestSender - Using pooled Channel '[id: 0x32296084, L:/127.0.0.1:58760 - R:localhost/127.0.0.1:16366]' for 'POST' to 'http://localhost:16366/session/ad7cab8ae073d3e6d9bd506bf3c5c32a/window'
19:54:06.555 [Forwarding switchToWindow on session ad7cab8ae073d3e6d9bd506bf3c5c32a to remote] DEBUG org.asynchttpclient.netty.request.NettyRequestSender - Using open Channel [id: 0x32296084, L:/127.0.0.1:58760 - R:localhost/127.0.0.1:16366] for POST '/session/ad7cab8ae073d3e6d9bd506bf3c5c32a/window'
19:54:06.555 [AsyncHttpClient-1-5] DEBUG org.asynchttpclient.netty.handler.HttpHandler - 

Request DefaultHttpRequest(decodeResult: success, version: HTTP/1.1)
POST /session/ad7cab8ae073d3e6d9bd506bf3c5c32a/window HTTP/1.1
User-Agent: selenium/4.7.1 (java windows)
Content-Length: 50
Content-Type: application/json; charset=utf-8
host: localhost:16366
accept: */*

Response DefaultHttpResponse(decodeResult: success, version: HTTP/1.1)
HTTP/1.1 200 OK
Content-Type: application/json; charset=utf-8
cache-control: no-cache
content-length: 14

19:54:06.555 [AsyncHttpClient-1-5] DEBUG org.asynchttpclient.netty.channel.ChannelManager - Adding key: http://localhost:16366 for channel [id: 0x32296084, L:/127.0.0.1:58760 - R:localhost/127.0.0.1:16366]
19:54:06.555 [Forwarding getCurrentUrl on session ad7cab8ae073d3e6d9bd506bf3c5c32a to remote] DEBUG org.asynchttpclient.netty.request.NettyRequestSender - Using pooled Channel '[id: 0x32296084, L:/127.0.0.1:58760 - R:localhost/127.0.0.1:16366]' for 'GET' to 'http://localhost:16366/session/ad7cab8ae073d3e6d9bd506bf3c5c32a/url'
19:54:06.555 [Forwarding getCurrentUrl on session ad7cab8ae073d3e6d9bd506bf3c5c32a to remote] DEBUG org.asynchttpclient.netty.request.NettyRequestSender - Using open Channel [id: 0x32296084, L:/127.0.0.1:58760 - R:localhost/127.0.0.1:16366] for GET '/session/ad7cab8ae073d3e6d9bd506bf3c5c32a/url'
19:54:06.563 [AsyncHttpClient-1-5] DEBUG org.asynchttpclient.netty.handler.HttpHandler - 

Request DefaultFullHttpRequest(decodeResult: success, version: HTTP/1.1, content: EmptyByteBufBE)
GET /session/ad7cab8ae073d3e6d9bd506bf3c5c32a/url HTTP/1.1
User-Agent: selenium/4.7.1 (java windows)
Cache-Control: no-cache
Content-Type: application/json; charset=utf-8
host: localhost:16366
accept: */*

Response DefaultHttpResponse(decodeResult: success, version: HTTP/1.1)
HTTP/1.1 200 OK
Content-Type: application/json; charset=utf-8
cache-control: no-cache
content-length: 51

19:54:06.563 [AsyncHttpClient-1-5] DEBUG org.asynchttpclient.netty.channel.ChannelManager - Adding key: http://localhost:16366 for channel [id: 0x32296084, L:/127.0.0.1:58760 - R:localhost/127.0.0.1:16366]
19:54:06.563 [Forwarding screenshot on session ad7cab8ae073d3e6d9bd506bf3c5c32a to remote] DEBUG org.asynchttpclient.netty.request.NettyRequestSender - Using pooled Channel '[id: 0x32296084, L:/127.0.0.1:58760 - R:localhost/127.0.0.1:16366]' for 'GET' to 'http://localhost:16366/session/ad7cab8ae073d3e6d9bd506bf3c5c32a/screenshot'
19:54:06.563 [Forwarding screenshot on session ad7cab8ae073d3e6d9bd506bf3c5c32a to remote] DEBUG org.asynchttpclient.netty.request.NettyRequestSender - Using open Channel [id: 0x32296084, L:/127.0.0.1:58760 - R:localhost/127.0.0.1:16366] for GET '/session/ad7cab8ae073d3e6d9bd506bf3c5c32a/screenshot'
19:54:06.611 [AsyncHttpClient-1-1] DEBUG org.asynchttpclient.netty.channel.DefaultChannelPool - Entry count for : http://localhost:58761 : 1
19:54:06.691 [AsyncHttpClient-1-5] DEBUG org.asynchttpclient.netty.handler.HttpHandler - 

Request DefaultFullHttpRequest(decodeResult: success, version: HTTP/1.1, content: EmptyByteBufBE)
GET /session/ad7cab8ae073d3e6d9bd506bf3c5c32a/screenshot HTTP/1.1
User-Agent: selenium/4.7.1 (java windows)
Cache-Control: no-cache
Content-Type: application/json; charset=utf-8
host: localhost:16366
accept: */*

Response DefaultHttpResponse(decodeResult: success, version: HTTP/1.1)
HTTP/1.1 200 OK
Content-Type: application/json; charset=utf-8
cache-control: no-cache
content-length: 26304

19:54:06.691 [AsyncHttpClient-1-5] DEBUG org.asynchttpclient.netty.channel.ChannelManager - Adding key: http://localhost:16366 for channel [id: 0x32296084, L:/127.0.0.1:58760 - R:localhost/127.0.0.1:16366]
19:54:06.691 [main] DEBUG net.serenitybdd.core.photography.Darkroom - Send negative for processing for target\site\serenity\9b0610a44a90f55b841a35f6aa839db817eb38eb1ce4edd2ccee7a7f060482ec.png
19:54:06.691 [Darkroom Processing Line] DEBUG net.serenitybdd.core.photography.DarkroomProcessingLine - Processing screenshot image in /var/screenshots/screenshot-13622960725908534901
19:54:06.691 [main] DEBUG net.thucydides.core.steps.StepInterceptor - STEP DONE: klikButtonLogin
19:54:06.691 [Darkroom Processing Line] DEBUG net.serenitybdd.core.photography.DarkroomProcessingLine - Saving screenshot to target\site\serenity\9b0610a44a90f55b841a35f6aa839db817eb38eb1ce4edd2ccee7a7f060482ec.png
19:54:06.699 [main] DEBUG net.thucydides.core.steps.StepInterceptor - STARTING STEP: TransaksiSteps.userBeradaDiHomepageAltaShopDanLoginAkun - inputEmail
19:54:06.699 [Forwarding findElement on session ad7cab8ae073d3e6d9bd506bf3c5c32a to remote] DEBUG org.asynchttpclient.netty.request.NettyRequestSender - Using pooled Channel '[id: 0x32296084, L:/127.0.0.1:58760 - R:localhost/127.0.0.1:16366]' for 'POST' to 'http://localhost:16366/session/ad7cab8ae073d3e6d9bd506bf3c5c32a/element'
19:54:06.699 [Forwarding findElement on session ad7cab8ae073d3e6d9bd506bf3c5c32a to remote] DEBUG org.asynchttpclient.netty.request.NettyRequestSender - Using open Channel [id: 0x32296084, L:/127.0.0.1:58760 - R:localhost/127.0.0.1:16366] for POST '/session/ad7cab8ae073d3e6d9bd506bf3c5c32a/element'
19:54:06.715 [AsyncHttpClient-1-5] DEBUG org.asynchttpclient.netty.handler.HttpHandler - 

Request DefaultHttpRequest(decodeResult: success, version: HTTP/1.1)
POST /session/ad7cab8ae073d3e6d9bd506bf3c5c32a/element HTTP/1.1
User-Agent: selenium/4.7.1 (java windows)
Content-Length: 187
Content-Type: application/json; charset=utf-8
host: localhost:16366
accept: */*

Response DefaultHttpResponse(decodeResult: success, version: HTTP/1.1)
HTTP/1.1 200 OK
Content-Type: application/json; charset=utf-8
cache-control: no-cache
content-length: 88

19:54:06.715 [AsyncHttpClient-1-5] DEBUG org.asynchttpclient.netty.channel.ChannelManager - Adding key: http://localhost:16366 for channel [id: 0x32296084, L:/127.0.0.1:58760 - R:localhost/127.0.0.1:16366]
19:54:06.715 [Forwarding clearElement on session ad7cab8ae073d3e6d9bd506bf3c5c32a to remote] DEBUG org.asynchttpclient.netty.request.NettyRequestSender - Using pooled Channel '[id: 0x32296084, L:/127.0.0.1:58760 - R:localhost/127.0.0.1:16366]' for 'POST' to 'http://localhost:16366/session/ad7cab8ae073d3e6d9bd506bf3c5c32a/element/2cbebfee-162e-4eb7-aa5b-7c99ec0b8c55/clear'
19:54:06.715 [Forwarding clearElement on session ad7cab8ae073d3e6d9bd506bf3c5c32a to remote] DEBUG org.asynchttpclient.netty.request.NettyRequestSender - Using open Channel [id: 0x32296084, L:/127.0.0.1:58760 - R:localhost/127.0.0.1:16366] for POST '/session/ad7cab8ae073d3e6d9bd506bf3c5c32a/element/2cbebfee-162e-4eb7-aa5b-7c99ec0b8c55/clear'
19:54:06.755 [AsyncHttpClient-1-5] DEBUG org.asynchttpclient.netty.handler.HttpHandler - 

Request DefaultHttpRequest(decodeResult: success, version: HTTP/1.1)
POST /session/ad7cab8ae073d3e6d9bd506bf3c5c32a/element/2cbebfee-162e-4eb7-aa5b-7c99ec0b8c55/clear HTTP/1.1
User-Agent: selenium/4.7.1 (java windows)
Content-Length: 50
Content-Type: application/json; charset=utf-8
host: localhost:16366
accept: */*

Response DefaultHttpResponse(decodeResult: success, version: HTTP/1.1)
HTTP/1.1 200 OK
Content-Type: application/json; charset=utf-8
cache-control: no-cache
content-length: 14

19:54:06.755 [AsyncHttpClient-1-5] DEBUG org.asynchttpclient.netty.channel.ChannelManager - Adding key: http://localhost:16366 for channel [id: 0x32296084, L:/127.0.0.1:58760 - R:localhost/127.0.0.1:16366]
19:54:06.755 [Forwarding sendKeysToElement on session ad7cab8ae073d3e6d9bd506bf3c5c32a to remote] DEBUG org.asynchttpclient.netty.request.NettyRequestSender - Using pooled Channel '[id: 0x32296084, L:/127.0.0.1:58760 - R:localhost/127.0.0.1:16366]' for 'POST' to 'http://localhost:16366/session/ad7cab8ae073d3e6d9bd506bf3c5c32a/element/2cbebfee-162e-4eb7-aa5b-7c99ec0b8c55/value'
19:54:06.755 [Forwarding sendKeysToElement on session ad7cab8ae073d3e6d9bd506bf3c5c32a to remote] DEBUG org.asynchttpclient.netty.request.NettyRequestSender - Using open Channel [id: 0x32296084, L:/127.0.0.1:58760 - R:localhost/127.0.0.1:16366] for POST '/session/ad7cab8ae073d3e6d9bd506bf3c5c32a/element/2cbebfee-162e-4eb7-aa5b-7c99ec0b8c55/value'
19:54:06.851 [AsyncHttpClient-1-5] DEBUG org.asynchttpclient.netty.handler.HttpHandler - 

Request DefaultHttpRequest(decodeResult: success, version: HTTP/1.1)
POST /session/ad7cab8ae073d3e6d9bd506bf3c5c32a/element/2cbebfee-162e-4eb7-aa5b-7c99ec0b8c55/value HTTP/1.1
User-Agent: selenium/4.7.1 (java windows)
Content-Length: 211
Content-Type: application/json; charset=utf-8
host: localhost:16366
accept: */*

Response DefaultHttpResponse(decodeResult: success, version: HTTP/1.1)
HTTP/1.1 200 OK
Content-Type: application/json; charset=utf-8
cache-control: no-cache
content-length: 14

19:54:06.851 [AsyncHttpClient-1-5] DEBUG org.asynchttpclient.netty.channel.ChannelManager - Adding key: http://localhost:16366 for channel [id: 0x32296084, L:/127.0.0.1:58760 - R:localhost/127.0.0.1:16366]
19:54:06.859 [Forwarding getCurrentWindowHandle on session ad7cab8ae073d3e6d9bd506bf3c5c32a to remote] DEBUG org.asynchttpclient.netty.request.NettyRequestSender - Using pooled Channel '[id: 0x32296084, L:/127.0.0.1:58760 - R:localhost/127.0.0.1:16366]' for 'GET' to 'http://localhost:16366/session/ad7cab8ae073d3e6d9bd506bf3c5c32a/window'
19:54:06.859 [Forwarding getCurrentWindowHandle on session ad7cab8ae073d3e6d9bd506bf3c5c32a to remote] DEBUG org.asynchttpclient.netty.request.NettyRequestSender - Using open Channel [id: 0x32296084, L:/127.0.0.1:58760 - R:localhost/127.0.0.1:16366] for GET '/session/ad7cab8ae073d3e6d9bd506bf3c5c32a/window'
19:54:06.859 [AsyncHttpClient-1-5] DEBUG org.asynchttpclient.netty.handler.HttpHandler - 

Request DefaultFullHttpRequest(decodeResult: success, version: HTTP/1.1, content: EmptyByteBufBE)
GET /session/ad7cab8ae073d3e6d9bd506bf3c5c32a/window HTTP/1.1
User-Agent: selenium/4.7.1 (java windows)
Cache-Control: no-cache
Content-Type: application/json; charset=utf-8
host: localhost:16366
accept: */*

Response DefaultHttpResponse(decodeResult: success, version: HTTP/1.1)
HTTP/1.1 200 OK
Content-Type: application/json; charset=utf-8
cache-control: no-cache
content-length: 44

19:54:06.859 [AsyncHttpClient-1-5] DEBUG org.asynchttpclient.netty.channel.ChannelManager - Adding key: http://localhost:16366 for channel [id: 0x32296084, L:/127.0.0.1:58760 - R:localhost/127.0.0.1:16366]
19:54:06.859 [Forwarding getAlertText on session ad7cab8ae073d3e6d9bd506bf3c5c32a to remote] DEBUG org.asynchttpclient.netty.request.NettyRequestSender - Using pooled Channel '[id: 0x32296084, L:/127.0.0.1:58760 - R:localhost/127.0.0.1:16366]' for 'GET' to 'http://localhost:16366/session/ad7cab8ae073d3e6d9bd506bf3c5c32a/alert/text'
19:54:06.859 [Forwarding getAlertText on session ad7cab8ae073d3e6d9bd506bf3c5c32a to remote] DEBUG org.asynchttpclient.netty.request.NettyRequestSender - Using open Channel [id: 0x32296084, L:/127.0.0.1:58760 - R:localhost/127.0.0.1:16366] for GET '/session/ad7cab8ae073d3e6d9bd506bf3c5c32a/alert/text'
19:54:06.867 [AsyncHttpClient-1-5] DEBUG org.asynchttpclient.netty.handler.HttpHandler - 

Request DefaultFullHttpRequest(decodeResult: success, version: HTTP/1.1, content: EmptyByteBufBE)
GET /session/ad7cab8ae073d3e6d9bd506bf3c5c32a/alert/text HTTP/1.1
User-Agent: selenium/4.7.1 (java windows)
Cache-Control: no-cache
Content-Type: application/json; charset=utf-8
host: localhost:16366
accept: */*

Response DefaultHttpResponse(decodeResult: success, version: HTTP/1.1)
HTTP/1.1 404 Not Found
Content-Type: application/json; charset=utf-8
cache-control: no-cache
content-length: 821

19:54:06.867 [AsyncHttpClient-1-5] DEBUG org.asynchttpclient.netty.channel.ChannelManager - Adding key: http://localhost:16366 for channel [id: 0x32296084, L:/127.0.0.1:58760 - R:localhost/127.0.0.1:16366]
19:54:06.867 [Forwarding switchToWindow on session ad7cab8ae073d3e6d9bd506bf3c5c32a to remote] DEBUG org.asynchttpclient.netty.request.NettyRequestSender - Using pooled Channel '[id: 0x32296084, L:/127.0.0.1:58760 - R:localhost/127.0.0.1:16366]' for 'POST' to 'http://localhost:16366/session/ad7cab8ae073d3e6d9bd506bf3c5c32a/window'
19:54:06.867 [Forwarding switchToWindow on session ad7cab8ae073d3e6d9bd506bf3c5c32a to remote] DEBUG org.asynchttpclient.netty.request.NettyRequestSender - Using open Channel [id: 0x32296084, L:/127.0.0.1:58760 - R:localhost/127.0.0.1:16366] for POST '/session/ad7cab8ae073d3e6d9bd506bf3c5c32a/window'
19:54:06.867 [AsyncHttpClient-1-5] DEBUG org.asynchttpclient.netty.handler.HttpHandler - 

Request DefaultHttpRequest(decodeResult: success, version: HTTP/1.1)
POST /session/ad7cab8ae073d3e6d9bd506bf3c5c32a/window HTTP/1.1
User-Agent: selenium/4.7.1 (java windows)
Content-Length: 50
Content-Type: application/json; charset=utf-8
host: localhost:16366
accept: */*

Response DefaultHttpResponse(decodeResult: success, version: HTTP/1.1)
HTTP/1.1 200 OK
Content-Type: application/json; charset=utf-8
cache-control: no-cache
content-length: 14

19:54:06.867 [AsyncHttpClient-1-5] DEBUG org.asynchttpclient.netty.channel.ChannelManager - Adding key: http://localhost:16366 for channel [id: 0x32296084, L:/127.0.0.1:58760 - R:localhost/127.0.0.1:16366]
19:54:06.867 [Forwarding getCurrentUrl on session ad7cab8ae073d3e6d9bd506bf3c5c32a to remote] DEBUG org.asynchttpclient.netty.request.NettyRequestSender - Using pooled Channel '[id: 0x32296084, L:/127.0.0.1:58760 - R:localhost/127.0.0.1:16366]' for 'GET' to 'http://localhost:16366/session/ad7cab8ae073d3e6d9bd506bf3c5c32a/url'
19:54:06.867 [Forwarding getCurrentUrl on session ad7cab8ae073d3e6d9bd506bf3c5c32a to remote] DEBUG org.asynchttpclient.netty.request.NettyRequestSender - Using open Channel [id: 0x32296084, L:/127.0.0.1:58760 - R:localhost/127.0.0.1:16366] for GET '/session/ad7cab8ae073d3e6d9bd506bf3c5c32a/url'
19:54:06.875 [AsyncHttpClient-1-5] DEBUG org.asynchttpclient.netty.handler.HttpHandler - 

Request DefaultFullHttpRequest(decodeResult: success, version: HTTP/1.1, content: EmptyByteBufBE)
GET /session/ad7cab8ae073d3e6d9bd506bf3c5c32a/url HTTP/1.1
User-Agent: selenium/4.7.1 (java windows)
Cache-Control: no-cache
Content-Type: application/json; charset=utf-8
host: localhost:16366
accept: */*

Response DefaultHttpResponse(decodeResult: success, version: HTTP/1.1)
HTTP/1.1 200 OK
Content-Type: application/json; charset=utf-8
cache-control: no-cache
content-length: 51

19:54:06.875 [AsyncHttpClient-1-5] DEBUG org.asynchttpclient.netty.channel.ChannelManager - Adding key: http://localhost:16366 for channel [id: 0x32296084, L:/127.0.0.1:58760 - R:localhost/127.0.0.1:16366]
19:54:06.875 [Forwarding screenshot on session ad7cab8ae073d3e6d9bd506bf3c5c32a to remote] DEBUG org.asynchttpclient.netty.request.NettyRequestSender - Using pooled Channel '[id: 0x32296084, L:/127.0.0.1:58760 - R:localhost/127.0.0.1:16366]' for 'GET' to 'http://localhost:16366/session/ad7cab8ae073d3e6d9bd506bf3c5c32a/screenshot'
19:54:06.875 [Forwarding screenshot on session ad7cab8ae073d3e6d9bd506bf3c5c32a to remote] DEBUG org.asynchttpclient.netty.request.NettyRequestSender - Using open Channel [id: 0x32296084, L:/127.0.0.1:58760 - R:localhost/127.0.0.1:16366] for GET '/session/ad7cab8ae073d3e6d9bd506bf3c5c32a/screenshot'
19:54:06.990 [AsyncHttpClient-1-5] DEBUG org.asynchttpclient.netty.handler.HttpHandler - 

Request DefaultFullHttpRequest(decodeResult: success, version: HTTP/1.1, content: EmptyByteBufBE)
GET /session/ad7cab8ae073d3e6d9bd506bf3c5c32a/screenshot HTTP/1.1
User-Agent: selenium/4.7.1 (java windows)
Cache-Control: no-cache
Content-Type: application/json; charset=utf-8
host: localhost:16366
accept: */*

Response DefaultHttpResponse(decodeResult: success, version: HTTP/1.1)
HTTP/1.1 200 OK
Content-Type: application/json; charset=utf-8
cache-control: no-cache
content-length: 29936

19:54:06.990 [AsyncHttpClient-1-5] DEBUG org.asynchttpclient.netty.channel.ChannelManager - Adding key: http://localhost:16366 for channel [id: 0x32296084, L:/127.0.0.1:58760 - R:localhost/127.0.0.1:16366]
19:54:06.990 [main] DEBUG net.serenitybdd.core.photography.Darkroom - Send negative for processing for target\site\serenity\bd4a7490be805667acd8ba3c52e1454a2e91339017b55c77bd7db58c5327a4f4.png
19:54:06.990 [Darkroom Processing Line] DEBUG net.serenitybdd.core.photography.DarkroomProcessingLine - Processing screenshot image in /var/screenshots/screenshot-14658835526158467318
19:54:06.990 [Darkroom Processing Line] DEBUG net.serenitybdd.core.photography.DarkroomProcessingLine - Saving screenshot to target\site\serenity\bd4a7490be805667acd8ba3c52e1454a2e91339017b55c77bd7db58c5327a4f4.png
19:54:06.990 [main] DEBUG net.thucydides.core.steps.StepInterceptor - STEP DONE: inputEmail
19:54:06.998 [main] DEBUG net.thucydides.core.steps.StepInterceptor - STARTING STEP: TransaksiSteps.userBeradaDiHomepageAltaShopDanLoginAkun - inputPassword
19:54:06.998 [Forwarding findElement on session ad7cab8ae073d3e6d9bd506bf3c5c32a to remote] DEBUG org.asynchttpclient.netty.request.NettyRequestSender - Using pooled Channel '[id: 0x32296084, L:/127.0.0.1:58760 - R:localhost/127.0.0.1:16366]' for 'POST' to 'http://localhost:16366/session/ad7cab8ae073d3e6d9bd506bf3c5c32a/element'
19:54:06.998 [Forwarding findElement on session ad7cab8ae073d3e6d9bd506bf3c5c32a to remote] DEBUG org.asynchttpclient.netty.request.NettyRequestSender - Using open Channel [id: 0x32296084, L:/127.0.0.1:58760 - R:localhost/127.0.0.1:16366] for POST '/session/ad7cab8ae073d3e6d9bd506bf3c5c32a/element'
19:54:07.014 [AsyncHttpClient-1-5] DEBUG org.asynchttpclient.netty.handler.HttpHandler - 

Request DefaultHttpRequest(decodeResult: success, version: HTTP/1.1)
POST /session/ad7cab8ae073d3e6d9bd506bf3c5c32a/element HTTP/1.1
User-Agent: selenium/4.7.1 (java windows)
Content-Length: 187
Content-Type: application/json; charset=utf-8
host: localhost:16366
accept: */*

Response DefaultHttpResponse(decodeResult: success, version: HTTP/1.1)
HTTP/1.1 200 OK
Content-Type: application/json; charset=utf-8
cache-control: no-cache
content-length: 88

19:54:07.014 [AsyncHttpClient-1-5] DEBUG org.asynchttpclient.netty.channel.ChannelManager - Adding key: http://localhost:16366 for channel [id: 0x32296084, L:/127.0.0.1:58760 - R:localhost/127.0.0.1:16366]
19:54:07.022 [Forwarding clearElement on session ad7cab8ae073d3e6d9bd506bf3c5c32a to remote] DEBUG org.asynchttpclient.netty.request.NettyRequestSender - Using pooled Channel '[id: 0x32296084, L:/127.0.0.1:58760 - R:localhost/127.0.0.1:16366]' for 'POST' to 'http://localhost:16366/session/ad7cab8ae073d3e6d9bd506bf3c5c32a/element/44afb0a5-d54b-4eac-a21b-b284dc59ef37/clear'
19:54:07.022 [Forwarding clearElement on session ad7cab8ae073d3e6d9bd506bf3c5c32a to remote] DEBUG org.asynchttpclient.netty.request.NettyRequestSender - Using open Channel [id: 0x32296084, L:/127.0.0.1:58760 - R:localhost/127.0.0.1:16366] for POST '/session/ad7cab8ae073d3e6d9bd506bf3c5c32a/element/44afb0a5-d54b-4eac-a21b-b284dc59ef37/clear'
19:54:07.054 [AsyncHttpClient-1-5] DEBUG org.asynchttpclient.netty.handler.HttpHandler - 

Request DefaultHttpRequest(decodeResult: success, version: HTTP/1.1)
POST /session/ad7cab8ae073d3e6d9bd506bf3c5c32a/element/44afb0a5-d54b-4eac-a21b-b284dc59ef37/clear HTTP/1.1
User-Agent: selenium/4.7.1 (java windows)
Content-Length: 50
Content-Type: application/json; charset=utf-8
host: localhost:16366
accept: */*

Response DefaultHttpResponse(decodeResult: success, version: HTTP/1.1)
HTTP/1.1 200 OK
Content-Type: application/json; charset=utf-8
cache-control: no-cache
content-length: 14

19:54:07.054 [AsyncHttpClient-1-5] DEBUG org.asynchttpclient.netty.channel.ChannelManager - Adding key: http://localhost:16366 for channel [id: 0x32296084, L:/127.0.0.1:58760 - R:localhost/127.0.0.1:16366]
19:54:07.054 [Forwarding sendKeysToElement on session ad7cab8ae073d3e6d9bd506bf3c5c32a to remote] DEBUG org.asynchttpclient.netty.request.NettyRequestSender - Using pooled Channel '[id: 0x32296084, L:/127.0.0.1:58760 - R:localhost/127.0.0.1:16366]' for 'POST' to 'http://localhost:16366/session/ad7cab8ae073d3e6d9bd506bf3c5c32a/element/44afb0a5-d54b-4eac-a21b-b284dc59ef37/value'
19:54:07.054 [Forwarding sendKeysToElement on session ad7cab8ae073d3e6d9bd506bf3c5c32a to remote] DEBUG org.asynchttpclient.netty.request.NettyRequestSender - Using open Channel [id: 0x32296084, L:/127.0.0.1:58760 - R:localhost/127.0.0.1:16366] for POST '/session/ad7cab8ae073d3e6d9bd506bf3c5c32a/element/44afb0a5-d54b-4eac-a21b-b284dc59ef37/value'
19:54:07.118 [AsyncHttpClient-1-5] DEBUG org.asynchttpclient.netty.handler.HttpHandler - 

Request DefaultHttpRequest(decodeResult: success, version: HTTP/1.1)
POST /session/ad7cab8ae073d3e6d9bd506bf3c5c32a/element/44afb0a5-d54b-4eac-a21b-b284dc59ef37/value HTTP/1.1
User-Agent: selenium/4.7.1 (java windows)
Content-Length: 111
Content-Type: application/json; charset=utf-8
host: localhost:16366
accept: */*

Response DefaultHttpResponse(decodeResult: success, version: HTTP/1.1)
HTTP/1.1 200 OK
Content-Type: application/json; charset=utf-8
cache-control: no-cache
content-length: 14

19:54:07.118 [AsyncHttpClient-1-5] DEBUG org.asynchttpclient.netty.channel.ChannelManager - Adding key: http://localhost:16366 for channel [id: 0x32296084, L:/127.0.0.1:58760 - R:localhost/127.0.0.1:16366]
19:54:07.126 [Forwarding getCurrentWindowHandle on session ad7cab8ae073d3e6d9bd506bf3c5c32a to remote] DEBUG org.asynchttpclient.netty.request.NettyRequestSender - Using pooled Channel '[id: 0x32296084, L:/127.0.0.1:58760 - R:localhost/127.0.0.1:16366]' for 'GET' to 'http://localhost:16366/session/ad7cab8ae073d3e6d9bd506bf3c5c32a/window'
19:54:07.126 [Forwarding getCurrentWindowHandle on session ad7cab8ae073d3e6d9bd506bf3c5c32a to remote] DEBUG org.asynchttpclient.netty.request.NettyRequestSender - Using open Channel [id: 0x32296084, L:/127.0.0.1:58760 - R:localhost/127.0.0.1:16366] for GET '/session/ad7cab8ae073d3e6d9bd506bf3c5c32a/window'
19:54:07.126 [AsyncHttpClient-1-5] DEBUG org.asynchttpclient.netty.handler.HttpHandler - 

Request DefaultFullHttpRequest(decodeResult: success, version: HTTP/1.1, content: EmptyByteBufBE)
GET /session/ad7cab8ae073d3e6d9bd506bf3c5c32a/window HTTP/1.1
User-Agent: selenium/4.7.1 (java windows)
Cache-Control: no-cache
Content-Type: application/json; charset=utf-8
host: localhost:16366
accept: */*

Response DefaultHttpResponse(decodeResult: success, version: HTTP/1.1)
HTTP/1.1 200 OK
Content-Type: application/json; charset=utf-8
cache-control: no-cache
content-length: 44

19:54:07.126 [AsyncHttpClient-1-5] DEBUG org.asynchttpclient.netty.channel.ChannelManager - Adding key: http://localhost:16366 for channel [id: 0x32296084, L:/127.0.0.1:58760 - R:localhost/127.0.0.1:16366]
19:54:07.134 [Forwarding getAlertText on session ad7cab8ae073d3e6d9bd506bf3c5c32a to remote] DEBUG org.asynchttpclient.netty.request.NettyRequestSender - Using pooled Channel '[id: 0x32296084, L:/127.0.0.1:58760 - R:localhost/127.0.0.1:16366]' for 'GET' to 'http://localhost:16366/session/ad7cab8ae073d3e6d9bd506bf3c5c32a/alert/text'
19:54:07.134 [Forwarding getAlertText on session ad7cab8ae073d3e6d9bd506bf3c5c32a to remote] DEBUG org.asynchttpclient.netty.request.NettyRequestSender - Using open Channel [id: 0x32296084, L:/127.0.0.1:58760 - R:localhost/127.0.0.1:16366] for GET '/session/ad7cab8ae073d3e6d9bd506bf3c5c32a/alert/text'
19:54:07.134 [AsyncHttpClient-1-5] DEBUG org.asynchttpclient.netty.handler.HttpHandler - 

Request DefaultFullHttpRequest(decodeResult: success, version: HTTP/1.1, content: EmptyByteBufBE)
GET /session/ad7cab8ae073d3e6d9bd506bf3c5c32a/alert/text HTTP/1.1
User-Agent: selenium/4.7.1 (java windows)
Cache-Control: no-cache
Content-Type: application/json; charset=utf-8
host: localhost:16366
accept: */*

Response DefaultHttpResponse(decodeResult: success, version: HTTP/1.1)
HTTP/1.1 404 Not Found
Content-Type: application/json; charset=utf-8
cache-control: no-cache
content-length: 821

19:54:07.134 [AsyncHttpClient-1-5] DEBUG org.asynchttpclient.netty.channel.ChannelManager - Adding key: http://localhost:16366 for channel [id: 0x32296084, L:/127.0.0.1:58760 - R:localhost/127.0.0.1:16366]
19:54:07.142 [Forwarding switchToWindow on session ad7cab8ae073d3e6d9bd506bf3c5c32a to remote] DEBUG org.asynchttpclient.netty.request.NettyRequestSender - Using pooled Channel '[id: 0x32296084, L:/127.0.0.1:58760 - R:localhost/127.0.0.1:16366]' for 'POST' to 'http://localhost:16366/session/ad7cab8ae073d3e6d9bd506bf3c5c32a/window'
19:54:07.142 [Forwarding switchToWindow on session ad7cab8ae073d3e6d9bd506bf3c5c32a to remote] DEBUG org.asynchttpclient.netty.request.NettyRequestSender - Using open Channel [id: 0x32296084, L:/127.0.0.1:58760 - R:localhost/127.0.0.1:16366] for POST '/session/ad7cab8ae073d3e6d9bd506bf3c5c32a/window'
19:54:07.142 [AsyncHttpClient-1-5] DEBUG org.asynchttpclient.netty.handler.HttpHandler - 

Request DefaultHttpRequest(decodeResult: success, version: HTTP/1.1)
POST /session/ad7cab8ae073d3e6d9bd506bf3c5c32a/window HTTP/1.1
User-Agent: selenium/4.7.1 (java windows)
Content-Length: 50
Content-Type: application/json; charset=utf-8
host: localhost:16366
accept: */*

Response DefaultHttpResponse(decodeResult: success, version: HTTP/1.1)
HTTP/1.1 200 OK
Content-Type: application/json; charset=utf-8
cache-control: no-cache
content-length: 14

19:54:07.142 [AsyncHttpClient-1-5] DEBUG org.asynchttpclient.netty.channel.ChannelManager - Adding key: http://localhost:16366 for channel [id: 0x32296084, L:/127.0.0.1:58760 - R:localhost/127.0.0.1:16366]
19:54:07.142 [Forwarding getCurrentUrl on session ad7cab8ae073d3e6d9bd506bf3c5c32a to remote] DEBUG org.asynchttpclient.netty.request.NettyRequestSender - Using pooled Channel '[id: 0x32296084, L:/127.0.0.1:58760 - R:localhost/127.0.0.1:16366]' for 'GET' to 'http://localhost:16366/session/ad7cab8ae073d3e6d9bd506bf3c5c32a/url'
19:54:07.142 [Forwarding getCurrentUrl on session ad7cab8ae073d3e6d9bd506bf3c5c32a to remote] DEBUG org.asynchttpclient.netty.request.NettyRequestSender - Using open Channel [id: 0x32296084, L:/127.0.0.1:58760 - R:localhost/127.0.0.1:16366] for GET '/session/ad7cab8ae073d3e6d9bd506bf3c5c32a/url'
19:54:07.142 [AsyncHttpClient-1-5] DEBUG org.asynchttpclient.netty.handler.HttpHandler - 

Request DefaultFullHttpRequest(decodeResult: success, version: HTTP/1.1, content: EmptyByteBufBE)
GET /session/ad7cab8ae073d3e6d9bd506bf3c5c32a/url HTTP/1.1
User-Agent: selenium/4.7.1 (java windows)
Cache-Control: no-cache
Content-Type: application/json; charset=utf-8
host: localhost:16366
accept: */*

Response DefaultHttpResponse(decodeResult: success, version: HTTP/1.1)
HTTP/1.1 200 OK
Content-Type: application/json; charset=utf-8
cache-control: no-cache
content-length: 51

19:54:07.142 [AsyncHttpClient-1-5] DEBUG org.asynchttpclient.netty.channel.ChannelManager - Adding key: http://localhost:16366 for channel [id: 0x32296084, L:/127.0.0.1:58760 - R:localhost/127.0.0.1:16366]
19:54:07.142 [Forwarding screenshot on session ad7cab8ae073d3e6d9bd506bf3c5c32a to remote] DEBUG org.asynchttpclient.netty.request.NettyRequestSender - Using pooled Channel '[id: 0x32296084, L:/127.0.0.1:58760 - R:localhost/127.0.0.1:16366]' for 'GET' to 'http://localhost:16366/session/ad7cab8ae073d3e6d9bd506bf3c5c32a/screenshot'
19:54:07.142 [Forwarding screenshot on session ad7cab8ae073d3e6d9bd506bf3c5c32a to remote] DEBUG org.asynchttpclient.netty.request.NettyRequestSender - Using open Channel [id: 0x32296084, L:/127.0.0.1:58760 - R:localhost/127.0.0.1:16366] for GET '/session/ad7cab8ae073d3e6d9bd506bf3c5c32a/screenshot'
19:54:07.318 [AsyncHttpClient-1-5] DEBUG org.asynchttpclient.netty.handler.HttpHandler - 

Request DefaultFullHttpRequest(decodeResult: success, version: HTTP/1.1, content: EmptyByteBufBE)
GET /session/ad7cab8ae073d3e6d9bd506bf3c5c32a/screenshot HTTP/1.1
User-Agent: selenium/4.7.1 (java windows)
Cache-Control: no-cache
Content-Type: application/json; charset=utf-8
host: localhost:16366
accept: */*

Response DefaultHttpResponse(decodeResult: success, version: HTTP/1.1)
HTTP/1.1 200 OK
Content-Type: application/json; charset=utf-8
cache-control: no-cache
content-length: 29884

19:54:07.318 [AsyncHttpClient-1-5] DEBUG org.asynchttpclient.netty.channel.ChannelManager - Adding key: http://localhost:16366 for channel [id: 0x32296084, L:/127.0.0.1:58760 - R:localhost/127.0.0.1:16366]
19:54:07.318 [main] DEBUG net.serenitybdd.core.photography.Darkroom - Send negative for processing for target\site\serenity\26ee2a63dac5de8d8866c3365bc67a1b80bf0d95abb31390d8166ed6744e2510.png
19:54:07.318 [main] DEBUG net.thucydides.core.steps.StepInterceptor - STEP DONE: inputPassword
19:54:07.318 [Darkroom Processing Line] DEBUG net.serenitybdd.core.photography.DarkroomProcessingLine - Processing screenshot image in /var/screenshots/screenshot-8236140119958638556
19:54:07.318 [Darkroom Processing Line] DEBUG net.serenitybdd.core.photography.DarkroomProcessingLine - Saving screenshot to target\site\serenity\26ee2a63dac5de8d8866c3365bc67a1b80bf0d95abb31390d8166ed6744e2510.png
19:54:07.326 [main] DEBUG net.thucydides.core.steps.StepInterceptor - STARTING STEP: TransaksiSteps.userBeradaDiHomepageAltaShopDanLoginAkun - klikButtonLoginKedua
19:54:07.334 [Forwarding findElement on session ad7cab8ae073d3e6d9bd506bf3c5c32a to remote] DEBUG org.asynchttpclient.netty.request.NettyRequestSender - Using pooled Channel '[id: 0x32296084, L:/127.0.0.1:58760 - R:localhost/127.0.0.1:16366]' for 'POST' to 'http://localhost:16366/session/ad7cab8ae073d3e6d9bd506bf3c5c32a/element'
19:54:07.334 [Forwarding findElement on session ad7cab8ae073d3e6d9bd506bf3c5c32a to remote] DEBUG org.asynchttpclient.netty.request.NettyRequestSender - Using open Channel [id: 0x32296084, L:/127.0.0.1:58760 - R:localhost/127.0.0.1:16366] for POST '/session/ad7cab8ae073d3e6d9bd506bf3c5c32a/element'
19:54:07.342 [AsyncHttpClient-1-5] DEBUG org.asynchttpclient.netty.handler.HttpHandler - 

Request DefaultHttpRequest(decodeResult: success, version: HTTP/1.1)
POST /session/ad7cab8ae073d3e6d9bd506bf3c5c32a/element HTTP/1.1
User-Agent: selenium/4.7.1 (java windows)
Content-Length: 141
Content-Type: application/json; charset=utf-8
host: localhost:16366
accept: */*

Response DefaultHttpResponse(decodeResult: success, version: HTTP/1.1)
HTTP/1.1 200 OK
Content-Type: application/json; charset=utf-8
cache-control: no-cache
content-length: 88

19:54:07.342 [AsyncHttpClient-1-5] DEBUG org.asynchttpclient.netty.channel.ChannelManager - Adding key: http://localhost:16366 for channel [id: 0x32296084, L:/127.0.0.1:58760 - R:localhost/127.0.0.1:16366]
19:54:07.350 [Forwarding getElementTagName on session ad7cab8ae073d3e6d9bd506bf3c5c32a to remote] DEBUG org.asynchttpclient.netty.request.NettyRequestSender - Using pooled Channel '[id: 0x32296084, L:/127.0.0.1:58760 - R:localhost/127.0.0.1:16366]' for 'GET' to 'http://localhost:16366/session/ad7cab8ae073d3e6d9bd506bf3c5c32a/element/ab11cf39-516a-4996-864e-29c8a032745c/name'
19:54:07.350 [Forwarding getElementTagName on session ad7cab8ae073d3e6d9bd506bf3c5c32a to remote] DEBUG org.asynchttpclient.netty.request.NettyRequestSender - Using open Channel [id: 0x32296084, L:/127.0.0.1:58760 - R:localhost/127.0.0.1:16366] for GET '/session/ad7cab8ae073d3e6d9bd506bf3c5c32a/element/ab11cf39-516a-4996-864e-29c8a032745c/name'
19:54:07.350 [AsyncHttpClient-1-5] DEBUG org.asynchttpclient.netty.handler.HttpHandler - 

Request DefaultFullHttpRequest(decodeResult: success, version: HTTP/1.1, content: EmptyByteBufBE)
GET /session/ad7cab8ae073d3e6d9bd506bf3c5c32a/element/ab11cf39-516a-4996-864e-29c8a032745c/name HTTP/1.1
User-Agent: selenium/4.7.1 (java windows)
Cache-Control: no-cache
Content-Type: application/json; charset=utf-8
host: localhost:16366
accept: */*

Response DefaultHttpResponse(decodeResult: success, version: HTTP/1.1)
HTTP/1.1 200 OK
Content-Type: application/json; charset=utf-8
cache-control: no-cache
content-length: 18

19:54:07.350 [AsyncHttpClient-1-5] DEBUG org.asynchttpclient.netty.channel.ChannelManager - Adding key: http://localhost:16366 for channel [id: 0x32296084, L:/127.0.0.1:58760 - R:localhost/127.0.0.1:16366]
19:54:07.359 [Forwarding getElementTagName on session ad7cab8ae073d3e6d9bd506bf3c5c32a to remote] DEBUG org.asynchttpclient.netty.request.NettyRequestSender - Using pooled Channel '[id: 0x32296084, L:/127.0.0.1:58760 - R:localhost/127.0.0.1:16366]' for 'GET' to 'http://localhost:16366/session/ad7cab8ae073d3e6d9bd506bf3c5c32a/element/ab11cf39-516a-4996-864e-29c8a032745c/name'
19:54:07.359 [Forwarding getElementTagName on session ad7cab8ae073d3e6d9bd506bf3c5c32a to remote] DEBUG org.asynchttpclient.netty.request.NettyRequestSender - Using open Channel [id: 0x32296084, L:/127.0.0.1:58760 - R:localhost/127.0.0.1:16366] for GET '/session/ad7cab8ae073d3e6d9bd506bf3c5c32a/element/ab11cf39-516a-4996-864e-29c8a032745c/name'
19:54:07.359 [AsyncHttpClient-1-5] DEBUG org.asynchttpclient.netty.handler.HttpHandler - 

Request DefaultFullHttpRequest(decodeResult: success, version: HTTP/1.1, content: EmptyByteBufBE)
GET /session/ad7cab8ae073d3e6d9bd506bf3c5c32a/element/ab11cf39-516a-4996-864e-29c8a032745c/name HTTP/1.1
User-Agent: selenium/4.7.1 (java windows)
Cache-Control: no-cache
Content-Type: application/json; charset=utf-8
host: localhost:16366
accept: */*

Response DefaultHttpResponse(decodeResult: success, version: HTTP/1.1)
HTTP/1.1 200 OK
Content-Type: application/json; charset=utf-8
cache-control: no-cache
content-length: 18

19:54:07.359 [AsyncHttpClient-1-5] DEBUG org.asynchttpclient.netty.channel.ChannelManager - Adding key: http://localhost:16366 for channel [id: 0x32296084, L:/127.0.0.1:58760 - R:localhost/127.0.0.1:16366]
19:54:07.359 [Forwarding isElementEnabled on session ad7cab8ae073d3e6d9bd506bf3c5c32a to remote] DEBUG org.asynchttpclient.netty.request.NettyRequestSender - Using pooled Channel '[id: 0x32296084, L:/127.0.0.1:58760 - R:localhost/127.0.0.1:16366]' for 'GET' to 'http://localhost:16366/session/ad7cab8ae073d3e6d9bd506bf3c5c32a/element/ab11cf39-516a-4996-864e-29c8a032745c/enabled'
19:54:07.359 [Forwarding isElementEnabled on session ad7cab8ae073d3e6d9bd506bf3c5c32a to remote] DEBUG org.asynchttpclient.netty.request.NettyRequestSender - Using open Channel [id: 0x32296084, L:/127.0.0.1:58760 - R:localhost/127.0.0.1:16366] for GET '/session/ad7cab8ae073d3e6d9bd506bf3c5c32a/element/ab11cf39-516a-4996-864e-29c8a032745c/enabled'
19:54:07.374 [AsyncHttpClient-1-5] DEBUG org.asynchttpclient.netty.handler.HttpHandler - 

Request DefaultFullHttpRequest(decodeResult: success, version: HTTP/1.1, content: EmptyByteBufBE)
GET /session/ad7cab8ae073d3e6d9bd506bf3c5c32a/element/ab11cf39-516a-4996-864e-29c8a032745c/enabled HTTP/1.1
User-Agent: selenium/4.7.1 (java windows)
Cache-Control: no-cache
Content-Type: application/json; charset=utf-8
host: localhost:16366
accept: */*

Response DefaultHttpResponse(decodeResult: success, version: HTTP/1.1)
HTTP/1.1 200 OK
Content-Type: application/json; charset=utf-8
cache-control: no-cache
content-length: 14

19:54:07.374 [AsyncHttpClient-1-5] DEBUG org.asynchttpclient.netty.channel.ChannelManager - Adding key: http://localhost:16366 for channel [id: 0x32296084, L:/127.0.0.1:58760 - R:localhost/127.0.0.1:16366]
19:54:07.374 [Forwarding isElementEnabled on session ad7cab8ae073d3e6d9bd506bf3c5c32a to remote] DEBUG org.asynchttpclient.netty.request.NettyRequestSender - Using pooled Channel '[id: 0x32296084, L:/127.0.0.1:58760 - R:localhost/127.0.0.1:16366]' for 'GET' to 'http://localhost:16366/session/ad7cab8ae073d3e6d9bd506bf3c5c32a/element/ab11cf39-516a-4996-864e-29c8a032745c/enabled'
19:54:07.374 [Forwarding isElementEnabled on session ad7cab8ae073d3e6d9bd506bf3c5c32a to remote] DEBUG org.asynchttpclient.netty.request.NettyRequestSender - Using open Channel [id: 0x32296084, L:/127.0.0.1:58760 - R:localhost/127.0.0.1:16366] for GET '/session/ad7cab8ae073d3e6d9bd506bf3c5c32a/element/ab11cf39-516a-4996-864e-29c8a032745c/enabled'
19:54:07.382 [AsyncHttpClient-1-5] DEBUG org.asynchttpclient.netty.handler.HttpHandler - 

Request DefaultFullHttpRequest(decodeResult: success, version: HTTP/1.1, content: EmptyByteBufBE)
GET /session/ad7cab8ae073d3e6d9bd506bf3c5c32a/element/ab11cf39-516a-4996-864e-29c8a032745c/enabled HTTP/1.1
User-Agent: selenium/4.7.1 (java windows)
Cache-Control: no-cache
Content-Type: application/json; charset=utf-8
host: localhost:16366
accept: */*

Response DefaultHttpResponse(decodeResult: success, version: HTTP/1.1)
HTTP/1.1 200 OK
Content-Type: application/json; charset=utf-8
cache-control: no-cache
content-length: 14

19:54:07.382 [AsyncHttpClient-1-5] DEBUG org.asynchttpclient.netty.channel.ChannelManager - Adding key: http://localhost:16366 for channel [id: 0x32296084, L:/127.0.0.1:58760 - R:localhost/127.0.0.1:16366]
19:54:07.382 [Forwarding findElement on session ad7cab8ae073d3e6d9bd506bf3c5c32a to remote] DEBUG org.asynchttpclient.netty.request.NettyRequestSender - Using pooled Channel '[id: 0x32296084, L:/127.0.0.1:58760 - R:localhost/127.0.0.1:16366]' for 'POST' to 'http://localhost:16366/session/ad7cab8ae073d3e6d9bd506bf3c5c32a/element'
19:54:07.382 [Forwarding findElement on session ad7cab8ae073d3e6d9bd506bf3c5c32a to remote] DEBUG org.asynchttpclient.netty.request.NettyRequestSender - Using open Channel [id: 0x32296084, L:/127.0.0.1:58760 - R:localhost/127.0.0.1:16366] for POST '/session/ad7cab8ae073d3e6d9bd506bf3c5c32a/element'
19:54:07.390 [AsyncHttpClient-1-5] DEBUG org.asynchttpclient.netty.handler.HttpHandler - 

Request DefaultHttpRequest(decodeResult: success, version: HTTP/1.1)
POST /session/ad7cab8ae073d3e6d9bd506bf3c5c32a/element HTTP/1.1
User-Agent: selenium/4.7.1 (java windows)
Content-Length: 141
Content-Type: application/json; charset=utf-8
host: localhost:16366
accept: */*

Response DefaultHttpResponse(decodeResult: success, version: HTTP/1.1)
HTTP/1.1 200 OK
Content-Type: application/json; charset=utf-8
cache-control: no-cache
content-length: 88

19:54:07.398 [AsyncHttpClient-1-5] DEBUG org.asynchttpclient.netty.channel.ChannelManager - Adding key: http://localhost:16366 for channel [id: 0x32296084, L:/127.0.0.1:58760 - R:localhost/127.0.0.1:16366]
19:54:07.398 [Forwarding clickElement on session ad7cab8ae073d3e6d9bd506bf3c5c32a to remote] DEBUG org.asynchttpclient.netty.request.NettyRequestSender - Using pooled Channel '[id: 0x32296084, L:/127.0.0.1:58760 - R:localhost/127.0.0.1:16366]' for 'POST' to 'http://localhost:16366/session/ad7cab8ae073d3e6d9bd506bf3c5c32a/element/ab11cf39-516a-4996-864e-29c8a032745c/click'
19:54:07.398 [Forwarding clickElement on session ad7cab8ae073d3e6d9bd506bf3c5c32a to remote] DEBUG org.asynchttpclient.netty.request.NettyRequestSender - Using open Channel [id: 0x32296084, L:/127.0.0.1:58760 - R:localhost/127.0.0.1:16366] for POST '/session/ad7cab8ae073d3e6d9bd506bf3c5c32a/element/ab11cf39-516a-4996-864e-29c8a032745c/click'
19:54:07.446 [AsyncHttpClient-1-5] DEBUG org.asynchttpclient.netty.handler.HttpHandler - 

Request DefaultHttpRequest(decodeResult: success, version: HTTP/1.1)
POST /session/ad7cab8ae073d3e6d9bd506bf3c5c32a/element/ab11cf39-516a-4996-864e-29c8a032745c/click HTTP/1.1
User-Agent: selenium/4.7.1 (java windows)
Content-Length: 50
Content-Type: application/json; charset=utf-8
host: localhost:16366
accept: */*

Response DefaultHttpResponse(decodeResult: success, version: HTTP/1.1)
HTTP/1.1 200 OK
Content-Type: application/json; charset=utf-8
cache-control: no-cache
content-length: 14

19:54:07.446 [AsyncHttpClient-1-5] DEBUG org.asynchttpclient.netty.channel.ChannelManager - Adding key: http://localhost:16366 for channel [id: 0x32296084, L:/127.0.0.1:58760 - R:localhost/127.0.0.1:16366]
19:54:07.454 [Forwarding getCurrentWindowHandle on session ad7cab8ae073d3e6d9bd506bf3c5c32a to remote] DEBUG org.asynchttpclient.netty.request.NettyRequestSender - Using pooled Channel '[id: 0x32296084, L:/127.0.0.1:58760 - R:localhost/127.0.0.1:16366]' for 'GET' to 'http://localhost:16366/session/ad7cab8ae073d3e6d9bd506bf3c5c32a/window'
19:54:07.454 [Forwarding getCurrentWindowHandle on session ad7cab8ae073d3e6d9bd506bf3c5c32a to remote] DEBUG org.asynchttpclient.netty.request.NettyRequestSender - Using open Channel [id: 0x32296084, L:/127.0.0.1:58760 - R:localhost/127.0.0.1:16366] for GET '/session/ad7cab8ae073d3e6d9bd506bf3c5c32a/window'
19:54:07.454 [AsyncHttpClient-1-5] DEBUG org.asynchttpclient.netty.handler.HttpHandler - 

Request DefaultFullHttpRequest(decodeResult: success, version: HTTP/1.1, content: EmptyByteBufBE)
GET /session/ad7cab8ae073d3e6d9bd506bf3c5c32a/window HTTP/1.1
User-Agent: selenium/4.7.1 (java windows)
Cache-Control: no-cache
Content-Type: application/json; charset=utf-8
host: localhost:16366
accept: */*

Response DefaultHttpResponse(decodeResult: success, version: HTTP/1.1)
HTTP/1.1 200 OK
Content-Type: application/json; charset=utf-8
cache-control: no-cache
content-length: 44

19:54:07.454 [AsyncHttpClient-1-5] DEBUG org.asynchttpclient.netty.channel.ChannelManager - Adding key: http://localhost:16366 for channel [id: 0x32296084, L:/127.0.0.1:58760 - R:localhost/127.0.0.1:16366]
19:54:07.462 [Forwarding getAlertText on session ad7cab8ae073d3e6d9bd506bf3c5c32a to remote] DEBUG org.asynchttpclient.netty.request.NettyRequestSender - Using pooled Channel '[id: 0x32296084, L:/127.0.0.1:58760 - R:localhost/127.0.0.1:16366]' for 'GET' to 'http://localhost:16366/session/ad7cab8ae073d3e6d9bd506bf3c5c32a/alert/text'
19:54:07.462 [Forwarding getAlertText on session ad7cab8ae073d3e6d9bd506bf3c5c32a to remote] DEBUG org.asynchttpclient.netty.request.NettyRequestSender - Using open Channel [id: 0x32296084, L:/127.0.0.1:58760 - R:localhost/127.0.0.1:16366] for GET '/session/ad7cab8ae073d3e6d9bd506bf3c5c32a/alert/text'
19:54:07.462 [AsyncHttpClient-1-5] DEBUG org.asynchttpclient.netty.handler.HttpHandler - 

Request DefaultFullHttpRequest(decodeResult: success, version: HTTP/1.1, content: EmptyByteBufBE)
GET /session/ad7cab8ae073d3e6d9bd506bf3c5c32a/alert/text HTTP/1.1
User-Agent: selenium/4.7.1 (java windows)
Cache-Control: no-cache
Content-Type: application/json; charset=utf-8
host: localhost:16366
accept: */*

Response DefaultHttpResponse(decodeResult: success, version: HTTP/1.1)
HTTP/1.1 404 Not Found
Content-Type: application/json; charset=utf-8
cache-control: no-cache
content-length: 821

19:54:07.462 [AsyncHttpClient-1-5] DEBUG org.asynchttpclient.netty.channel.ChannelManager - Adding key: http://localhost:16366 for channel [id: 0x32296084, L:/127.0.0.1:58760 - R:localhost/127.0.0.1:16366]
19:54:07.462 [Forwarding switchToWindow on session ad7cab8ae073d3e6d9bd506bf3c5c32a to remote] DEBUG org.asynchttpclient.netty.request.NettyRequestSender - Using pooled Channel '[id: 0x32296084, L:/127.0.0.1:58760 - R:localhost/127.0.0.1:16366]' for 'POST' to 'http://localhost:16366/session/ad7cab8ae073d3e6d9bd506bf3c5c32a/window'
19:54:07.462 [Forwarding switchToWindow on session ad7cab8ae073d3e6d9bd506bf3c5c32a to remote] DEBUG org.asynchttpclient.netty.request.NettyRequestSender - Using open Channel [id: 0x32296084, L:/127.0.0.1:58760 - R:localhost/127.0.0.1:16366] for POST '/session/ad7cab8ae073d3e6d9bd506bf3c5c32a/window'
19:54:07.470 [AsyncHttpClient-1-5] DEBUG org.asynchttpclient.netty.handler.HttpHandler - 

Request DefaultHttpRequest(decodeResult: success, version: HTTP/1.1)
POST /session/ad7cab8ae073d3e6d9bd506bf3c5c32a/window HTTP/1.1
User-Agent: selenium/4.7.1 (java windows)
Content-Length: 50
Content-Type: application/json; charset=utf-8
host: localhost:16366
accept: */*

Response DefaultHttpResponse(decodeResult: success, version: HTTP/1.1)
HTTP/1.1 200 OK
Content-Type: application/json; charset=utf-8
cache-control: no-cache
content-length: 14

19:54:07.470 [AsyncHttpClient-1-5] DEBUG org.asynchttpclient.netty.channel.ChannelManager - Adding key: http://localhost:16366 for channel [id: 0x32296084, L:/127.0.0.1:58760 - R:localhost/127.0.0.1:16366]
19:54:07.470 [Forwarding getCurrentUrl on session ad7cab8ae073d3e6d9bd506bf3c5c32a to remote] DEBUG org.asynchttpclient.netty.request.NettyRequestSender - Using pooled Channel '[id: 0x32296084, L:/127.0.0.1:58760 - R:localhost/127.0.0.1:16366]' for 'GET' to 'http://localhost:16366/session/ad7cab8ae073d3e6d9bd506bf3c5c32a/url'
19:54:07.470 [Forwarding getCurrentUrl on session ad7cab8ae073d3e6d9bd506bf3c5c32a to remote] DEBUG org.asynchttpclient.netty.request.NettyRequestSender - Using open Channel [id: 0x32296084, L:/127.0.0.1:58760 - R:localhost/127.0.0.1:16366] for GET '/session/ad7cab8ae073d3e6d9bd506bf3c5c32a/url'
19:54:07.479 [AsyncHttpClient-1-5] DEBUG org.asynchttpclient.netty.handler.HttpHandler - 

Request DefaultFullHttpRequest(decodeResult: success, version: HTTP/1.1, content: EmptyByteBufBE)
GET /session/ad7cab8ae073d3e6d9bd506bf3c5c32a/url HTTP/1.1
User-Agent: selenium/4.7.1 (java windows)
Cache-Control: no-cache
Content-Type: application/json; charset=utf-8
host: localhost:16366
accept: */*

Response DefaultHttpResponse(decodeResult: success, version: HTTP/1.1)
HTTP/1.1 200 OK
Content-Type: application/json; charset=utf-8
cache-control: no-cache
content-length: 51

19:54:07.479 [AsyncHttpClient-1-5] DEBUG org.asynchttpclient.netty.channel.ChannelManager - Adding key: http://localhost:16366 for channel [id: 0x32296084, L:/127.0.0.1:58760 - R:localhost/127.0.0.1:16366]
19:54:07.479 [Forwarding screenshot on session ad7cab8ae073d3e6d9bd506bf3c5c32a to remote] DEBUG org.asynchttpclient.netty.request.NettyRequestSender - Using pooled Channel '[id: 0x32296084, L:/127.0.0.1:58760 - R:localhost/127.0.0.1:16366]' for 'GET' to 'http://localhost:16366/session/ad7cab8ae073d3e6d9bd506bf3c5c32a/screenshot'
19:54:07.479 [Forwarding screenshot on session ad7cab8ae073d3e6d9bd506bf3c5c32a to remote] DEBUG org.asynchttpclient.netty.request.NettyRequestSender - Using open Channel [id: 0x32296084, L:/127.0.0.1:58760 - R:localhost/127.0.0.1:16366] for GET '/session/ad7cab8ae073d3e6d9bd506bf3c5c32a/screenshot'
19:54:07.711 [AsyncHttpClient-1-1] DEBUG org.asynchttpclient.netty.channel.DefaultChannelPool - Entry count for : http://localhost:58761 : 1
19:54:07.991 [AsyncHttpClient-1-5] DEBUG org.asynchttpclient.netty.handler.HttpHandler - 

Request DefaultFullHttpRequest(decodeResult: success, version: HTTP/1.1, content: EmptyByteBufBE)
GET /session/ad7cab8ae073d3e6d9bd506bf3c5c32a/screenshot HTTP/1.1
User-Agent: selenium/4.7.1 (java windows)
Cache-Control: no-cache
Content-Type: application/json; charset=utf-8
host: localhost:16366
accept: */*

Response DefaultHttpResponse(decodeResult: success, version: HTTP/1.1)
HTTP/1.1 200 OK
Content-Type: application/json; charset=utf-8
cache-control: no-cache
content-length: 28148

19:54:07.991 [AsyncHttpClient-1-5] DEBUG org.asynchttpclient.netty.channel.ChannelManager - Adding key: http://localhost:16366 for channel [id: 0x32296084, L:/127.0.0.1:58760 - R:localhost/127.0.0.1:16366]
19:54:07.999 [main] DEBUG net.serenitybdd.core.photography.Darkroom - Send negative for processing for target\site\serenity\d1c97b72c43764940bd6e756d55f7752d6a3d11f2786902678addbb7ccce955a.png
19:54:07.999 [main] DEBUG net.thucydides.core.steps.StepInterceptor - STEP DONE: klikButtonLoginKedua
19:54:07.999 [Darkroom Processing Line] DEBUG net.serenitybdd.core.photography.DarkroomProcessingLine - Processing screenshot image in /var/screenshots/screenshot-13614893467143166607
19:54:07.999 [Darkroom Processing Line] DEBUG net.serenitybdd.core.photography.DarkroomProcessingLine - Saving screenshot to target\site\serenity\d1c97b72c43764940bd6e756d55f7752d6a3d11f2786902678addbb7ccce955a.png
  &amp#27;[32mGiven &amp#27;[0m&amp#27;[32muser berada di Homepage AltaShop dan login akun&amp#27;[0m                   &amp#27;[90m# starter.stepdefinitions.TransaksiSteps.userBeradaDiHomepageAltaShopDanLoginAkun()&amp#27;[0m
19:54:08.015 [main] DEBUG net.thucydides.core.steps.StepInterceptor - STARTING STEP: TransaksiSteps.userKlikSelectCategories - klikFieldCategories
19:54:08.023 [Forwarding findElement on session ad7cab8ae073d3e6d9bd506bf3c5c32a to remote] DEBUG org.asynchttpclient.netty.request.NettyRequestSender - Using pooled Channel '[id: 0x32296084, L:/127.0.0.1:58760 - R:localhost/127.0.0.1:16366]' for 'POST' to 'http://localhost:16366/session/ad7cab8ae073d3e6d9bd506bf3c5c32a/element'
19:54:08.023 [Forwarding findElement on session ad7cab8ae073d3e6d9bd506bf3c5c32a to remote] DEBUG org.asynchttpclient.netty.request.NettyRequestSender - Using open Channel [id: 0x32296084, L:/127.0.0.1:58760 - R:localhost/127.0.0.1:16366] for POST '/session/ad7cab8ae073d3e6d9bd506bf3c5c32a/element'
19:54:08.451 [AsyncHttpClient-1-5] DEBUG org.asynchttpclient.netty.handler.HttpHandler - 

Request DefaultHttpRequest(decodeResult: success, version: HTTP/1.1)
POST /session/ad7cab8ae073d3e6d9bd506bf3c5c32a/element HTTP/1.1
User-Agent: selenium/4.7.1 (java windows)
Content-Length: 160
Content-Type: application/json; charset=utf-8
host: localhost:16366
accept: */*

Response DefaultHttpResponse(decodeResult: success, version: HTTP/1.1)
HTTP/1.1 200 OK
Content-Type: application/json; charset=utf-8
cache-control: no-cache
content-length: 88

19:54:08.451 [AsyncHttpClient-1-5] DEBUG org.asynchttpclient.netty.channel.ChannelManager - Adding key: http://localhost:16366 for channel [id: 0x32296084, L:/127.0.0.1:58760 - R:localhost/127.0.0.1:16366]
19:54:08.451 [Forwarding getElementTagName on session ad7cab8ae073d3e6d9bd506bf3c5c32a to remote] DEBUG org.asynchttpclient.netty.request.NettyRequestSender - Using pooled Channel '[id: 0x32296084, L:/127.0.0.1:58760 - R:localhost/127.0.0.1:16366]' for 'GET' to 'http://localhost:16366/session/ad7cab8ae073d3e6d9bd506bf3c5c32a/element/974fe65f-acab-45da-84f4-1a57e526a19d/name'
19:54:08.451 [Forwarding getElementTagName on session ad7cab8ae073d3e6d9bd506bf3c5c32a to remote] DEBUG org.asynchttpclient.netty.request.NettyRequestSender - Using open Channel [id: 0x32296084, L:/127.0.0.1:58760 - R:localhost/127.0.0.1:16366] for GET '/session/ad7cab8ae073d3e6d9bd506bf3c5c32a/element/974fe65f-acab-45da-84f4-1a57e526a19d/name'
19:54:08.459 [AsyncHttpClient-1-5] DEBUG org.asynchttpclient.netty.handler.HttpHandler - 

Request DefaultFullHttpRequest(decodeResult: success, version: HTTP/1.1, content: EmptyByteBufBE)
GET /session/ad7cab8ae073d3e6d9bd506bf3c5c32a/element/974fe65f-acab-45da-84f4-1a57e526a19d/name HTTP/1.1
User-Agent: selenium/4.7.1 (java windows)
Cache-Control: no-cache
Content-Type: application/json; charset=utf-8
host: localhost:16366
accept: */*

Response DefaultHttpResponse(decodeResult: success, version: HTTP/1.1)
HTTP/1.1 200 OK
Content-Type: application/json; charset=utf-8
cache-control: no-cache
content-length: 15

19:54:08.459 [AsyncHttpClient-1-5] DEBUG org.asynchttpclient.netty.channel.ChannelManager - Adding key: http://localhost:16366 for channel [id: 0x32296084, L:/127.0.0.1:58760 - R:localhost/127.0.0.1:16366]
19:54:08.459 [Forwarding getElementTagName on session ad7cab8ae073d3e6d9bd506bf3c5c32a to remote] DEBUG org.asynchttpclient.netty.request.NettyRequestSender - Using pooled Channel '[id: 0x32296084, L:/127.0.0.1:58760 - R:localhost/127.0.0.1:16366]' for 'GET' to 'http://localhost:16366/session/ad7cab8ae073d3e6d9bd506bf3c5c32a/element/974fe65f-acab-45da-84f4-1a57e526a19d/name'
19:54:08.459 [Forwarding getElementTagName on session ad7cab8ae073d3e6d9bd506bf3c5c32a to remote] DEBUG org.asynchttpclient.netty.request.NettyRequestSender - Using open Channel [id: 0x32296084, L:/127.0.0.1:58760 - R:localhost/127.0.0.1:16366] for GET '/session/ad7cab8ae073d3e6d9bd506bf3c5c32a/element/974fe65f-acab-45da-84f4-1a57e526a19d/name'
19:54:08.459 [AsyncHttpClient-1-5] DEBUG org.asynchttpclient.netty.handler.HttpHandler - 

Request DefaultFullHttpRequest(decodeResult: success, version: HTTP/1.1, content: EmptyByteBufBE)
GET /session/ad7cab8ae073d3e6d9bd506bf3c5c32a/element/974fe65f-acab-45da-84f4-1a57e526a19d/name HTTP/1.1
User-Agent: selenium/4.7.1 (java windows)
Cache-Control: no-cache
Content-Type: application/json; charset=utf-8
host: localhost:16366
accept: */*

Response DefaultHttpResponse(decodeResult: success, version: HTTP/1.1)
HTTP/1.1 200 OK
Content-Type: application/json; charset=utf-8
cache-control: no-cache
content-length: 15

19:54:08.459 [AsyncHttpClient-1-5] DEBUG org.asynchttpclient.netty.channel.ChannelManager - Adding key: http://localhost:16366 for channel [id: 0x32296084, L:/127.0.0.1:58760 - R:localhost/127.0.0.1:16366]
19:54:08.459 [Forwarding findElement on session ad7cab8ae073d3e6d9bd506bf3c5c32a to remote] DEBUG org.asynchttpclient.netty.request.NettyRequestSender - Using pooled Channel '[id: 0x32296084, L:/127.0.0.1:58760 - R:localhost/127.0.0.1:16366]' for 'POST' to 'http://localhost:16366/session/ad7cab8ae073d3e6d9bd506bf3c5c32a/element'
19:54:08.459 [Forwarding findElement on session ad7cab8ae073d3e6d9bd506bf3c5c32a to remote] DEBUG org.asynchttpclient.netty.request.NettyRequestSender - Using open Channel [id: 0x32296084, L:/127.0.0.1:58760 - R:localhost/127.0.0.1:16366] for POST '/session/ad7cab8ae073d3e6d9bd506bf3c5c32a/element'
19:54:08.475 [AsyncHttpClient-1-5] DEBUG org.asynchttpclient.netty.handler.HttpHandler - 

Request DefaultHttpRequest(decodeResult: success, version: HTTP/1.1)
POST /session/ad7cab8ae073d3e6d9bd506bf3c5c32a/element HTTP/1.1
User-Agent: selenium/4.7.1 (java windows)
Content-Length: 160
Content-Type: application/json; charset=utf-8
host: localhost:16366
accept: */*

Response DefaultHttpResponse(decodeResult: success, version: HTTP/1.1)
HTTP/1.1 200 OK
Content-Type: application/json; charset=utf-8
cache-control: no-cache
content-length: 88

19:54:08.475 [AsyncHttpClient-1-5] DEBUG org.asynchttpclient.netty.channel.ChannelManager - Adding key: http://localhost:16366 for channel [id: 0x32296084, L:/127.0.0.1:58760 - R:localhost/127.0.0.1:16366]
19:54:08.475 [Forwarding clickElement on session ad7cab8ae073d3e6d9bd506bf3c5c32a to remote] DEBUG org.asynchttpclient.netty.request.NettyRequestSender - Using pooled Channel '[id: 0x32296084, L:/127.0.0.1:58760 - R:localhost/127.0.0.1:16366]' for 'POST' to 'http://localhost:16366/session/ad7cab8ae073d3e6d9bd506bf3c5c32a/element/974fe65f-acab-45da-84f4-1a57e526a19d/click'
19:54:08.475 [Forwarding clickElement on session ad7cab8ae073d3e6d9bd506bf3c5c32a to remote] DEBUG org.asynchttpclient.netty.request.NettyRequestSender - Using open Channel [id: 0x32296084, L:/127.0.0.1:58760 - R:localhost/127.0.0.1:16366] for POST '/session/ad7cab8ae073d3e6d9bd506bf3c5c32a/element/974fe65f-acab-45da-84f4-1a57e526a19d/click'
19:54:08.558 [AsyncHttpClient-1-5] DEBUG org.asynchttpclient.netty.handler.HttpHandler - 

Request DefaultHttpRequest(decodeResult: success, version: HTTP/1.1)
POST /session/ad7cab8ae073d3e6d9bd506bf3c5c32a/element/974fe65f-acab-45da-84f4-1a57e526a19d/click HTTP/1.1
User-Agent: selenium/4.7.1 (java windows)
Content-Length: 50
Content-Type: application/json; charset=utf-8
host: localhost:16366
accept: */*

Response DefaultHttpResponse(decodeResult: success, version: HTTP/1.1)
HTTP/1.1 200 OK
Content-Type: application/json; charset=utf-8
cache-control: no-cache
content-length: 14

19:54:08.558 [AsyncHttpClient-1-5] DEBUG org.asynchttpclient.netty.channel.ChannelManager - Adding key: http://localhost:16366 for channel [id: 0x32296084, L:/127.0.0.1:58760 - R:localhost/127.0.0.1:16366]
19:54:08.566 [Forwarding getCurrentWindowHandle on session ad7cab8ae073d3e6d9bd506bf3c5c32a to remote] DEBUG org.asynchttpclient.netty.request.NettyRequestSender - Using pooled Channel '[id: 0x32296084, L:/127.0.0.1:58760 - R:localhost/127.0.0.1:16366]' for 'GET' to 'http://localhost:16366/session/ad7cab8ae073d3e6d9bd506bf3c5c32a/window'
19:54:08.566 [Forwarding getCurrentWindowHandle on session ad7cab8ae073d3e6d9bd506bf3c5c32a to remote] DEBUG org.asynchttpclient.netty.request.NettyRequestSender - Using open Channel [id: 0x32296084, L:/127.0.0.1:58760 - R:localhost/127.0.0.1:16366] for GET '/session/ad7cab8ae073d3e6d9bd506bf3c5c32a/window'
19:54:08.566 [AsyncHttpClient-1-5] DEBUG org.asynchttpclient.netty.handler.HttpHandler - 

Request DefaultFullHttpRequest(decodeResult: success, version: HTTP/1.1, content: EmptyByteBufBE)
GET /session/ad7cab8ae073d3e6d9bd506bf3c5c32a/window HTTP/1.1
User-Agent: selenium/4.7.1 (java windows)
Cache-Control: no-cache
Content-Type: application/json; charset=utf-8
host: localhost:16366
accept: */*

Response DefaultHttpResponse(decodeResult: success, version: HTTP/1.1)
HTTP/1.1 200 OK
Content-Type: application/json; charset=utf-8
cache-control: no-cache
content-length: 44

19:54:08.566 [AsyncHttpClient-1-5] DEBUG org.asynchttpclient.netty.channel.ChannelManager - Adding key: http://localhost:16366 for channel [id: 0x32296084, L:/127.0.0.1:58760 - R:localhost/127.0.0.1:16366]
19:54:08.566 [Forwarding getAlertText on session ad7cab8ae073d3e6d9bd506bf3c5c32a to remote] DEBUG org.asynchttpclient.netty.request.NettyRequestSender - Using pooled Channel '[id: 0x32296084, L:/127.0.0.1:58760 - R:localhost/127.0.0.1:16366]' for 'GET' to 'http://localhost:16366/session/ad7cab8ae073d3e6d9bd506bf3c5c32a/alert/text'
19:54:08.574 [Forwarding getAlertText on session ad7cab8ae073d3e6d9bd506bf3c5c32a to remote] DEBUG org.asynchttpclient.netty.request.NettyRequestSender - Using open Channel [id: 0x32296084, L:/127.0.0.1:58760 - R:localhost/127.0.0.1:16366] for GET '/session/ad7cab8ae073d3e6d9bd506bf3c5c32a/alert/text'
19:54:08.574 [AsyncHttpClient-1-5] DEBUG org.asynchttpclient.netty.handler.HttpHandler - 

Request DefaultFullHttpRequest(decodeResult: success, version: HTTP/1.1, content: EmptyByteBufBE)
GET /session/ad7cab8ae073d3e6d9bd506bf3c5c32a/alert/text HTTP/1.1
User-Agent: selenium/4.7.1 (java windows)
Cache-Control: no-cache
Content-Type: application/json; charset=utf-8
host: localhost:16366
accept: */*

Response DefaultHttpResponse(decodeResult: success, version: HTTP/1.1)
HTTP/1.1 404 Not Found
Content-Type: application/json; charset=utf-8
cache-control: no-cache
content-length: 821

19:54:08.574 [AsyncHttpClient-1-5] DEBUG org.asynchttpclient.netty.channel.ChannelManager - Adding key: http://localhost:16366 for channel [id: 0x32296084, L:/127.0.0.1:58760 - R:localhost/127.0.0.1:16366]
19:54:08.574 [Forwarding switchToWindow on session ad7cab8ae073d3e6d9bd506bf3c5c32a to remote] DEBUG org.asynchttpclient.netty.request.NettyRequestSender - Using pooled Channel '[id: 0x32296084, L:/127.0.0.1:58760 - R:localhost/127.0.0.1:16366]' for 'POST' to 'http://localhost:16366/session/ad7cab8ae073d3e6d9bd506bf3c5c32a/window'
19:54:08.574 [Forwarding switchToWindow on session ad7cab8ae073d3e6d9bd506bf3c5c32a to remote] DEBUG org.asynchttpclient.netty.request.NettyRequestSender - Using open Channel [id: 0x32296084, L:/127.0.0.1:58760 - R:localhost/127.0.0.1:16366] for POST '/session/ad7cab8ae073d3e6d9bd506bf3c5c32a/window'
19:54:08.574 [AsyncHttpClient-1-5] DEBUG org.asynchttpclient.netty.handler.HttpHandler - 

Request DefaultHttpRequest(decodeResult: success, version: HTTP/1.1)
POST /session/ad7cab8ae073d3e6d9bd506bf3c5c32a/window HTTP/1.1
User-Agent: selenium/4.7.1 (java windows)
Content-Length: 50
Content-Type: application/json; charset=utf-8
host: localhost:16366
accept: */*

Response DefaultHttpResponse(decodeResult: success, version: HTTP/1.1)
HTTP/1.1 200 OK
Content-Type: application/json; charset=utf-8
cache-control: no-cache
content-length: 14

19:54:08.574 [AsyncHttpClient-1-5] DEBUG org.asynchttpclient.netty.channel.ChannelManager - Adding key: http://localhost:16366 for channel [id: 0x32296084, L:/127.0.0.1:58760 - R:localhost/127.0.0.1:16366]
19:54:08.582 [Forwarding getCurrentUrl on session ad7cab8ae073d3e6d9bd506bf3c5c32a to remote] DEBUG org.asynchttpclient.netty.request.NettyRequestSender - Using pooled Channel '[id: 0x32296084, L:/127.0.0.1:58760 - R:localhost/127.0.0.1:16366]' for 'GET' to 'http://localhost:16366/session/ad7cab8ae073d3e6d9bd506bf3c5c32a/url'
19:54:08.582 [Forwarding getCurrentUrl on session ad7cab8ae073d3e6d9bd506bf3c5c32a to remote] DEBUG org.asynchttpclient.netty.request.NettyRequestSender - Using open Channel [id: 0x32296084, L:/127.0.0.1:58760 - R:localhost/127.0.0.1:16366] for GET '/session/ad7cab8ae073d3e6d9bd506bf3c5c32a/url'
19:54:08.590 [AsyncHttpClient-1-5] DEBUG org.asynchttpclient.netty.handler.HttpHandler - 

Request DefaultFullHttpRequest(decodeResult: success, version: HTTP/1.1, content: EmptyByteBufBE)
GET /session/ad7cab8ae073d3e6d9bd506bf3c5c32a/url HTTP/1.1
User-Agent: selenium/4.7.1 (java windows)
Cache-Control: no-cache
Content-Type: application/json; charset=utf-8
host: localhost:16366
accept: */*

Response DefaultHttpResponse(decodeResult: success, version: HTTP/1.1)
HTTP/1.1 200 OK
Content-Type: application/json; charset=utf-8
cache-control: no-cache
content-length: 41

19:54:08.590 [AsyncHttpClient-1-5] DEBUG org.asynchttpclient.netty.channel.ChannelManager - Adding key: http://localhost:16366 for channel [id: 0x32296084, L:/127.0.0.1:58760 - R:localhost/127.0.0.1:16366]
19:54:08.598 [Forwarding screenshot on session ad7cab8ae073d3e6d9bd506bf3c5c32a to remote] DEBUG org.asynchttpclient.netty.request.NettyRequestSender - Using pooled Channel '[id: 0x32296084, L:/127.0.0.1:58760 - R:localhost/127.0.0.1:16366]' for 'GET' to 'http://localhost:16366/session/ad7cab8ae073d3e6d9bd506bf3c5c32a/screenshot'
19:54:08.598 [Forwarding screenshot on session ad7cab8ae073d3e6d9bd506bf3c5c32a to remote] DEBUG org.asynchttpclient.netty.request.NettyRequestSender - Using open Channel [id: 0x32296084, L:/127.0.0.1:58760 - R:localhost/127.0.0.1:16366] for GET '/session/ad7cab8ae073d3e6d9bd506bf3c5c32a/screenshot'
19:54:08.739 [AsyncHttpClient-1-5] DEBUG org.asynchttpclient.netty.handler.HttpHandler - 

Request DefaultFullHttpRequest(decodeResult: success, version: HTTP/1.1, content: EmptyByteBufBE)
GET /session/ad7cab8ae073d3e6d9bd506bf3c5c32a/screenshot HTTP/1.1
User-Agent: selenium/4.7.1 (java windows)
Cache-Control: no-cache
Content-Type: application/json; charset=utf-8
host: localhost:16366
accept: */*

Response DefaultHttpResponse(decodeResult: success, version: HTTP/1.1)
HTTP/1.1 200 OK
Content-Type: application/json; charset=utf-8
cache-control: no-cache
content-length: 98416

19:54:08.739 [AsyncHttpClient-1-5] DEBUG org.asynchttpclient.netty.channel.ChannelManager - Adding key: http://localhost:16366 for channel [id: 0x32296084, L:/127.0.0.1:58760 - R:localhost/127.0.0.1:16366]
19:54:08.739 [main] DEBUG net.serenitybdd.core.photography.Darkroom - Send negative for processing for target\site\serenity\5abb0a272103920fc058981e5a5eefb971a2dde56e57a9c3dbacb48ad5525ef3.png
19:54:08.739 [main] DEBUG net.thucydides.core.steps.StepInterceptor - STEP DONE: klikFieldCategories
19:54:08.739 [Darkroom Processing Line] DEBUG net.serenitybdd.core.photography.DarkroomProcessingLine - Processing screenshot image in /var/screenshots/screenshot-9696075079442810714
19:54:08.739 [Darkroom Processing Line] DEBUG net.serenitybdd.core.photography.DarkroomProcessingLine - Saving screenshot to target\site\serenity\5abb0a272103920fc058981e5a5eefb971a2dde56e57a9c3dbacb48ad5525ef3.png
  &amp#27;[32mWhen &amp#27;[0m&amp#27;[32muser klik select categories&amp#27;[0m                                        &amp#27;[90m# starter.stepdefinitions.TransaksiSteps.userKlikSelectCategories()&amp#27;[0m
19:54:08.763 [main] DEBUG net.thucydides.core.steps.StepInterceptor - STARTING STEP: TransaksiSteps.userMemilihSalahSatuCategories - klikSelectCategories
19:54:08.771 [Forwarding findElement on session ad7cab8ae073d3e6d9bd506bf3c5c32a to remote] DEBUG org.asynchttpclient.netty.request.NettyRequestSender - Using pooled Channel '[id: 0x32296084, L:/127.0.0.1:58760 - R:localhost/127.0.0.1:16366]' for 'POST' to 'http://localhost:16366/session/ad7cab8ae073d3e6d9bd506bf3c5c32a/element'
19:54:08.771 [Forwarding findElement on session ad7cab8ae073d3e6d9bd506bf3c5c32a to remote] DEBUG org.asynchttpclient.netty.request.NettyRequestSender - Using open Channel [id: 0x32296084, L:/127.0.0.1:58760 - R:localhost/127.0.0.1:16366] for POST '/session/ad7cab8ae073d3e6d9bd506bf3c5c32a/element'
19:54:08.795 [AsyncHttpClient-1-5] DEBUG org.asynchttpclient.netty.handler.HttpHandler - 

Request DefaultHttpRequest(decodeResult: success, version: HTTP/1.1)
POST /session/ad7cab8ae073d3e6d9bd506bf3c5c32a/element HTTP/1.1
User-Agent: selenium/4.7.1 (java windows)
Content-Length: 121
Content-Type: application/json; charset=utf-8
host: localhost:16366
accept: */*

Response DefaultHttpResponse(decodeResult: success, version: HTTP/1.1)
HTTP/1.1 200 OK
Content-Type: application/json; charset=utf-8
cache-control: no-cache
content-length: 88

19:54:08.795 [AsyncHttpClient-1-5] DEBUG org.asynchttpclient.netty.channel.ChannelManager - Adding key: http://localhost:16366 for channel [id: 0x32296084, L:/127.0.0.1:58760 - R:localhost/127.0.0.1:16366]
19:54:08.795 [Forwarding getElementTagName on session ad7cab8ae073d3e6d9bd506bf3c5c32a to remote] DEBUG org.asynchttpclient.netty.request.NettyRequestSender - Using pooled Channel '[id: 0x32296084, L:/127.0.0.1:58760 - R:localhost/127.0.0.1:16366]' for 'GET' to 'http://localhost:16366/session/ad7cab8ae073d3e6d9bd506bf3c5c32a/element/aec8e8ac-1204-4f15-a761-94e734311f32/name'
19:54:08.795 [Forwarding getElementTagName on session ad7cab8ae073d3e6d9bd506bf3c5c32a to remote] DEBUG org.asynchttpclient.netty.request.NettyRequestSender - Using open Channel [id: 0x32296084, L:/127.0.0.1:58760 - R:localhost/127.0.0.1:16366] for GET '/session/ad7cab8ae073d3e6d9bd506bf3c5c32a/element/aec8e8ac-1204-4f15-a761-94e734311f32/name'
19:54:08.803 [AsyncHttpClient-1-5] DEBUG org.asynchttpclient.netty.handler.HttpHandler - 

Request DefaultFullHttpRequest(decodeResult: success, version: HTTP/1.1, content: EmptyByteBufBE)
GET /session/ad7cab8ae073d3e6d9bd506bf3c5c32a/element/aec8e8ac-1204-4f15-a761-94e734311f32/name HTTP/1.1
User-Agent: selenium/4.7.1 (java windows)
Cache-Control: no-cache
Content-Type: application/json; charset=utf-8
host: localhost:16366
accept: */*

Response DefaultHttpResponse(decodeResult: success, version: HTTP/1.1)
HTTP/1.1 200 OK
Content-Type: application/json; charset=utf-8
cache-control: no-cache
content-length: 15

19:54:08.803 [AsyncHttpClient-1-5] DEBUG org.asynchttpclient.netty.channel.ChannelManager - Adding key: http://localhost:16366 for channel [id: 0x32296084, L:/127.0.0.1:58760 - R:localhost/127.0.0.1:16366]
19:54:08.803 [Forwarding getElementTagName on session ad7cab8ae073d3e6d9bd506bf3c5c32a to remote] DEBUG org.asynchttpclient.netty.request.NettyRequestSender - Using pooled Channel '[id: 0x32296084, L:/127.0.0.1:58760 - R:localhost/127.0.0.1:16366]' for 'GET' to 'http://localhost:16366/session/ad7cab8ae073d3e6d9bd506bf3c5c32a/element/aec8e8ac-1204-4f15-a761-94e734311f32/name'
19:54:08.803 [Forwarding getElementTagName on session ad7cab8ae073d3e6d9bd506bf3c5c32a to remote] DEBUG org.asynchttpclient.netty.request.NettyRequestSender - Using open Channel [id: 0x32296084, L:/127.0.0.1:58760 - R:localhost/127.0.0.1:16366] for GET '/session/ad7cab8ae073d3e6d9bd506bf3c5c32a/element/aec8e8ac-1204-4f15-a761-94e734311f32/name'
19:54:08.811 [AsyncHttpClient-1-1] DEBUG org.asynchttpclient.netty.channel.DefaultChannelPool - Entry count for : http://localhost:58761 : 1
19:54:08.819 [AsyncHttpClient-1-5] DEBUG org.asynchttpclient.netty.handler.HttpHandler - 

Request DefaultFullHttpRequest(decodeResult: success, version: HTTP/1.1, content: EmptyByteBufBE)
GET /session/ad7cab8ae073d3e6d9bd506bf3c5c32a/element/aec8e8ac-1204-4f15-a761-94e734311f32/name HTTP/1.1
User-Agent: selenium/4.7.1 (java windows)
Cache-Control: no-cache
Content-Type: application/json; charset=utf-8
host: localhost:16366
accept: */*

Response DefaultHttpResponse(decodeResult: success, version: HTTP/1.1)
HTTP/1.1 200 OK
Content-Type: application/json; charset=utf-8
cache-control: no-cache
content-length: 15

19:54:08.819 [AsyncHttpClient-1-5] DEBUG org.asynchttpclient.netty.channel.ChannelManager - Adding key: http://localhost:16366 for channel [id: 0x32296084, L:/127.0.0.1:58760 - R:localhost/127.0.0.1:16366]
19:54:08.819 [Forwarding findElement on session ad7cab8ae073d3e6d9bd506bf3c5c32a to remote] DEBUG org.asynchttpclient.netty.request.NettyRequestSender - Using pooled Channel '[id: 0x32296084, L:/127.0.0.1:58760 - R:localhost/127.0.0.1:16366]' for 'POST' to 'http://localhost:16366/session/ad7cab8ae073d3e6d9bd506bf3c5c32a/element'
19:54:08.819 [Forwarding findElement on session ad7cab8ae073d3e6d9bd506bf3c5c32a to remote] DEBUG org.asynchttpclient.netty.request.NettyRequestSender - Using open Channel [id: 0x32296084, L:/127.0.0.1:58760 - R:localhost/127.0.0.1:16366] for POST '/session/ad7cab8ae073d3e6d9bd506bf3c5c32a/element'
19:54:08.827 [AsyncHttpClient-1-5] DEBUG org.asynchttpclient.netty.handler.HttpHandler - 

Request DefaultHttpRequest(decodeResult: success, version: HTTP/1.1)
POST /session/ad7cab8ae073d3e6d9bd506bf3c5c32a/element HTTP/1.1
User-Agent: selenium/4.7.1 (java windows)
Content-Length: 121
Content-Type: application/json; charset=utf-8
host: localhost:16366
accept: */*

Response DefaultHttpResponse(decodeResult: success, version: HTTP/1.1)
HTTP/1.1 200 OK
Content-Type: application/json; charset=utf-8
cache-control: no-cache
content-length: 88

19:54:08.827 [AsyncHttpClient-1-5] DEBUG org.asynchttpclient.netty.channel.ChannelManager - Adding key: http://localhost:16366 for channel [id: 0x32296084, L:/127.0.0.1:58760 - R:localhost/127.0.0.1:16366]
19:54:08.827 [Forwarding clickElement on session ad7cab8ae073d3e6d9bd506bf3c5c32a to remote] DEBUG org.asynchttpclient.netty.request.NettyRequestSender - Using pooled Channel '[id: 0x32296084, L:/127.0.0.1:58760 - R:localhost/127.0.0.1:16366]' for 'POST' to 'http://localhost:16366/session/ad7cab8ae073d3e6d9bd506bf3c5c32a/element/aec8e8ac-1204-4f15-a761-94e734311f32/click'
19:54:08.827 [Forwarding clickElement on session ad7cab8ae073d3e6d9bd506bf3c5c32a to remote] DEBUG org.asynchttpclient.netty.request.NettyRequestSender - Using open Channel [id: 0x32296084, L:/127.0.0.1:58760 - R:localhost/127.0.0.1:16366] for POST '/session/ad7cab8ae073d3e6d9bd506bf3c5c32a/element/aec8e8ac-1204-4f15-a761-94e734311f32/click'
19:54:09.912 [AsyncHttpClient-1-1] DEBUG org.asynchttpclient.netty.channel.DefaultChannelPool - Entry count for : http://localhost:58761 : 1
19:54:09.915 [AsyncHttpClient-1-5] DEBUG org.asynchttpclient.netty.handler.HttpHandler - 

Request DefaultHttpRequest(decodeResult: success, version: HTTP/1.1)
POST /session/ad7cab8ae073d3e6d9bd506bf3c5c32a/element/aec8e8ac-1204-4f15-a761-94e734311f32/click HTTP/1.1
User-Agent: selenium/4.7.1 (java windows)
Content-Length: 50
Content-Type: application/json; charset=utf-8
host: localhost:16366
accept: */*

Response DefaultHttpResponse(decodeResult: success, version: HTTP/1.1)
HTTP/1.1 400 Bad Request
Content-Type: application/json; charset=utf-8
cache-control: no-cache
content-length: 1354

19:54:09.915 [AsyncHttpClient-1-5] DEBUG org.asynchttpclient.netty.channel.ChannelManager - Adding key: http://localhost:16366 for channel [id: 0x32296084, L:/127.0.0.1:58760 - R:localhost/127.0.0.1:16366]
19:54:10.169 [Forwarding clickElement on session ad7cab8ae073d3e6d9bd506bf3c5c32a to remote] DEBUG org.asynchttpclient.netty.request.NettyRequestSender - Using pooled Channel '[id: 0x32296084, L:/127.0.0.1:58760 - R:localhost/127.0.0.1:16366]' for 'POST' to 'http://localhost:16366/session/ad7cab8ae073d3e6d9bd506bf3c5c32a/element/aec8e8ac-1204-4f15-a761-94e734311f32/click'
19:54:10.169 [Forwarding clickElement on session ad7cab8ae073d3e6d9bd506bf3c5c32a to remote] DEBUG org.asynchttpclient.netty.request.NettyRequestSender - Using open Channel [id: 0x32296084, L:/127.0.0.1:58760 - R:localhost/127.0.0.1:16366] for POST '/session/ad7cab8ae073d3e6d9bd506bf3c5c32a/element/aec8e8ac-1204-4f15-a761-94e734311f32/click'
19:54:11.013 [AsyncHttpClient-1-1] DEBUG org.asynchttpclient.netty.channel.DefaultChannelPool - Entry count for : http://localhost:58761 : 1
19:54:11.230 [AsyncHttpClient-1-5] DEBUG org.asynchttpclient.netty.handler.HttpHandler - 

Request DefaultHttpRequest(decodeResult: success, version: HTTP/1.1)
POST /session/ad7cab8ae073d3e6d9bd506bf3c5c32a/element/aec8e8ac-1204-4f15-a761-94e734311f32/click HTTP/1.1
User-Agent: selenium/4.7.1 (java windows)
Content-Length: 50
Content-Type: application/json; charset=utf-8
host: localhost:16366
accept: */*

Response DefaultHttpResponse(decodeResult: success, version: HTTP/1.1)
HTTP/1.1 400 Bad Request
Content-Type: application/json; charset=utf-8
cache-control: no-cache
content-length: 1354

19:54:11.230 [AsyncHttpClient-1-5] DEBUG org.asynchttpclient.netty.channel.ChannelManager - Adding key: http://localhost:16366 for channel [id: 0x32296084, L:/127.0.0.1:58760 - R:localhost/127.0.0.1:16366]
19:54:11.489 [Forwarding clickElement on session ad7cab8ae073d3e6d9bd506bf3c5c32a to remote] DEBUG org.asynchttpclient.netty.request.NettyRequestSender - Using pooled Channel '[id: 0x32296084, L:/127.0.0.1:58760 - R:localhost/127.0.0.1:16366]' for 'POST' to 'http://localhost:16366/session/ad7cab8ae073d3e6d9bd506bf3c5c32a/element/aec8e8ac-1204-4f15-a761-94e734311f32/click'
19:54:11.490 [Forwarding clickElement on session ad7cab8ae073d3e6d9bd506bf3c5c32a to remote] DEBUG org.asynchttpclient.netty.request.NettyRequestSender - Using open Channel [id: 0x32296084, L:/127.0.0.1:58760 - R:localhost/127.0.0.1:16366] for POST '/session/ad7cab8ae073d3e6d9bd506bf3c5c32a/element/aec8e8ac-1204-4f15-a761-94e734311f32/click'
19:54:12.120 [AsyncHttpClient-1-1] DEBUG org.asynchttpclient.netty.channel.DefaultChannelPool - Entry count for : http://localhost:58761 : 1
19:54:12.524 [AsyncHttpClient-1-5] DEBUG org.asynchttpclient.netty.handler.HttpHandler - 

Request DefaultHttpRequest(decodeResult: success, version: HTTP/1.1)
POST /session/ad7cab8ae073d3e6d9bd506bf3c5c32a/element/aec8e8ac-1204-4f15-a761-94e734311f32/click HTTP/1.1
User-Agent: selenium/4.7.1 (java windows)
Content-Length: 50
Content-Type: application/json; charset=utf-8
host: localhost:16366
accept: */*

Response DefaultHttpResponse(decodeResult: success, version: HTTP/1.1)
HTTP/1.1 400 Bad Request
Content-Type: application/json; charset=utf-8
cache-control: no-cache
content-length: 1354

19:54:12.524 [AsyncHttpClient-1-5] DEBUG org.asynchttpclient.netty.channel.ChannelManager - Adding key: http://localhost:16366 for channel [id: 0x32296084, L:/127.0.0.1:58760 - R:localhost/127.0.0.1:16366]
19:54:12.783 [Forwarding clickElement on session ad7cab8ae073d3e6d9bd506bf3c5c32a to remote] DEBUG org.asynchttpclient.netty.request.NettyRequestSender - Using pooled Channel '[id: 0x32296084, L:/127.0.0.1:58760 - R:localhost/127.0.0.1:16366]' for 'POST' to 'http://localhost:16366/session/ad7cab8ae073d3e6d9bd506bf3c5c32a/element/aec8e8ac-1204-4f15-a761-94e734311f32/click'
19:54:12.783 [Forwarding clickElement on session ad7cab8ae073d3e6d9bd506bf3c5c32a to remote] DEBUG org.asynchttpclient.netty.request.NettyRequestSender - Using open Channel [id: 0x32296084, L:/127.0.0.1:58760 - R:localhost/127.0.0.1:16366] for POST '/session/ad7cab8ae073d3e6d9bd506bf3c5c32a/element/aec8e8ac-1204-4f15-a761-94e734311f32/click'
19:54:13.211 [AsyncHttpClient-1-1] DEBUG org.asynchttpclient.netty.channel.DefaultChannelPool - Entry count for : http://localhost:58761 : 1
19:54:13.925 [AsyncHttpClient-1-5] DEBUG org.asynchttpclient.netty.handler.HttpHandler - 

Request DefaultHttpRequest(decodeResult: success, version: HTTP/1.1)
POST /session/ad7cab8ae073d3e6d9bd506bf3c5c32a/element/aec8e8ac-1204-4f15-a761-94e734311f32/click HTTP/1.1
User-Agent: selenium/4.7.1 (java windows)
Content-Length: 50
Content-Type: application/json; charset=utf-8
host: localhost:16366
accept: */*

Response DefaultHttpResponse(decodeResult: success, version: HTTP/1.1)
HTTP/1.1 400 Bad Request
Content-Type: application/json; charset=utf-8
cache-control: no-cache
content-length: 1377

19:54:13.925 [AsyncHttpClient-1-5] DEBUG org.asynchttpclient.netty.channel.ChannelManager - Adding key: http://localhost:16366 for channel [id: 0x32296084, L:/127.0.0.1:58760 - R:localhost/127.0.0.1:16366]
19:54:14.189 [Forwarding clickElement on session ad7cab8ae073d3e6d9bd506bf3c5c32a to remote] DEBUG org.asynchttpclient.netty.request.NettyRequestSender - Using pooled Channel '[id: 0x32296084, L:/127.0.0.1:58760 - R:localhost/127.0.0.1:16366]' for 'POST' to 'http://localhost:16366/session/ad7cab8ae073d3e6d9bd506bf3c5c32a/element/aec8e8ac-1204-4f15-a761-94e734311f32/click'
19:54:14.189 [Forwarding clickElement on session ad7cab8ae073d3e6d9bd506bf3c5c32a to remote] DEBUG org.asynchttpclient.netty.request.NettyRequestSender - Using open Channel [id: 0x32296084, L:/127.0.0.1:58760 - R:localhost/127.0.0.1:16366] for POST '/session/ad7cab8ae073d3e6d9bd506bf3c5c32a/element/aec8e8ac-1204-4f15-a761-94e734311f32/click'
19:54:14.224 [AsyncHttpClient-1-5] DEBUG org.asynchttpclient.netty.handler.HttpHandler - 

Request DefaultHttpRequest(decodeResult: success, version: HTTP/1.1)
POST /session/ad7cab8ae073d3e6d9bd506bf3c5c32a/element/aec8e8ac-1204-4f15-a761-94e734311f32/click HTTP/1.1
User-Agent: selenium/4.7.1 (java windows)
Content-Length: 50
Content-Type: application/json; charset=utf-8
host: localhost:16366
accept: */*

Response DefaultHttpResponse(decodeResult: success, version: HTTP/1.1)
HTTP/1.1 200 OK
Content-Type: application/json; charset=utf-8
cache-control: no-cache
content-length: 14

19:54:14.224 [AsyncHttpClient-1-5] DEBUG org.asynchttpclient.netty.channel.ChannelManager - Adding key: http://localhost:16366 for channel [id: 0x32296084, L:/127.0.0.1:58760 - R:localhost/127.0.0.1:16366]
19:54:14.234 [Forwarding getCurrentWindowHandle on session ad7cab8ae073d3e6d9bd506bf3c5c32a to remote] DEBUG org.asynchttpclient.netty.request.NettyRequestSender - Using pooled Channel '[id: 0x32296084, L:/127.0.0.1:58760 - R:localhost/127.0.0.1:16366]' for 'GET' to 'http://localhost:16366/session/ad7cab8ae073d3e6d9bd506bf3c5c32a/window'
19:54:14.234 [Forwarding getCurrentWindowHandle on session ad7cab8ae073d3e6d9bd506bf3c5c32a to remote] DEBUG org.asynchttpclient.netty.request.NettyRequestSender - Using open Channel [id: 0x32296084, L:/127.0.0.1:58760 - R:localhost/127.0.0.1:16366] for GET '/session/ad7cab8ae073d3e6d9bd506bf3c5c32a/window'
19:54:14.240 [AsyncHttpClient-1-5] DEBUG org.asynchttpclient.netty.handler.HttpHandler - 

Request DefaultFullHttpRequest(decodeResult: success, version: HTTP/1.1, content: EmptyByteBufBE)
GET /session/ad7cab8ae073d3e6d9bd506bf3c5c32a/window HTTP/1.1
User-Agent: selenium/4.7.1 (java windows)
Cache-Control: no-cache
Content-Type: application/json; charset=utf-8
host: localhost:16366
accept: */*

Response DefaultHttpResponse(decodeResult: success, version: HTTP/1.1)
HTTP/1.1 200 OK
Content-Type: application/json; charset=utf-8
cache-control: no-cache
content-length: 44

19:54:14.240 [AsyncHttpClient-1-5] DEBUG org.asynchttpclient.netty.channel.ChannelManager - Adding key: http://localhost:16366 for channel [id: 0x32296084, L:/127.0.0.1:58760 - R:localhost/127.0.0.1:16366]
19:54:14.242 [Forwarding getAlertText on session ad7cab8ae073d3e6d9bd506bf3c5c32a to remote] DEBUG org.asynchttpclient.netty.request.NettyRequestSender - Using pooled Channel '[id: 0x32296084, L:/127.0.0.1:58760 - R:localhost/127.0.0.1:16366]' for 'GET' to 'http://localhost:16366/session/ad7cab8ae073d3e6d9bd506bf3c5c32a/alert/text'
19:54:14.243 [Forwarding getAlertText on session ad7cab8ae073d3e6d9bd506bf3c5c32a to remote] DEBUG org.asynchttpclient.netty.request.NettyRequestSender - Using open Channel [id: 0x32296084, L:/127.0.0.1:58760 - R:localhost/127.0.0.1:16366] for GET '/session/ad7cab8ae073d3e6d9bd506bf3c5c32a/alert/text'
19:54:14.248 [AsyncHttpClient-1-5] DEBUG org.asynchttpclient.netty.handler.HttpHandler - 

Request DefaultFullHttpRequest(decodeResult: success, version: HTTP/1.1, content: EmptyByteBufBE)
GET /session/ad7cab8ae073d3e6d9bd506bf3c5c32a/alert/text HTTP/1.1
User-Agent: selenium/4.7.1 (java windows)
Cache-Control: no-cache
Content-Type: application/json; charset=utf-8
host: localhost:16366
accept: */*

Response DefaultHttpResponse(decodeResult: success, version: HTTP/1.1)
HTTP/1.1 404 Not Found
Content-Type: application/json; charset=utf-8
cache-control: no-cache
content-length: 821

19:54:14.249 [AsyncHttpClient-1-5] DEBUG org.asynchttpclient.netty.channel.ChannelManager - Adding key: http://localhost:16366 for channel [id: 0x32296084, L:/127.0.0.1:58760 - R:localhost/127.0.0.1:16366]
19:54:14.256 [Forwarding switchToWindow on session ad7cab8ae073d3e6d9bd506bf3c5c32a to remote] DEBUG org.asynchttpclient.netty.request.NettyRequestSender - Using pooled Channel '[id: 0x32296084, L:/127.0.0.1:58760 - R:localhost/127.0.0.1:16366]' for 'POST' to 'http://localhost:16366/session/ad7cab8ae073d3e6d9bd506bf3c5c32a/window'
19:54:14.256 [Forwarding switchToWindow on session ad7cab8ae073d3e6d9bd506bf3c5c32a to remote] DEBUG org.asynchttpclient.netty.request.NettyRequestSender - Using open Channel [id: 0x32296084, L:/127.0.0.1:58760 - R:localhost/127.0.0.1:16366] for POST '/session/ad7cab8ae073d3e6d9bd506bf3c5c32a/window'
19:54:14.260 [AsyncHttpClient-1-5] DEBUG org.asynchttpclient.netty.handler.HttpHandler - 

Request DefaultHttpRequest(decodeResult: success, version: HTTP/1.1)
POST /session/ad7cab8ae073d3e6d9bd506bf3c5c32a/window HTTP/1.1
User-Agent: selenium/4.7.1 (java windows)
Content-Length: 50
Content-Type: application/json; charset=utf-8
host: localhost:16366
accept: */*

Response DefaultHttpResponse(decodeResult: success, version: HTTP/1.1)
HTTP/1.1 200 OK
Content-Type: application/json; charset=utf-8
cache-control: no-cache
content-length: 14

19:54:14.261 [AsyncHttpClient-1-5] DEBUG org.asynchttpclient.netty.channel.ChannelManager - Adding key: http://localhost:16366 for channel [id: 0x32296084, L:/127.0.0.1:58760 - R:localhost/127.0.0.1:16366]
19:54:14.263 [Forwarding getCurrentUrl on session ad7cab8ae073d3e6d9bd506bf3c5c32a to remote] DEBUG org.asynchttpclient.netty.request.NettyRequestSender - Using pooled Channel '[id: 0x32296084, L:/127.0.0.1:58760 - R:localhost/127.0.0.1:16366]' for 'GET' to 'http://localhost:16366/session/ad7cab8ae073d3e6d9bd506bf3c5c32a/url'
19:54:14.263 [Forwarding getCurrentUrl on session ad7cab8ae073d3e6d9bd506bf3c5c32a to remote] DEBUG org.asynchttpclient.netty.request.NettyRequestSender - Using open Channel [id: 0x32296084, L:/127.0.0.1:58760 - R:localhost/127.0.0.1:16366] for GET '/session/ad7cab8ae073d3e6d9bd506bf3c5c32a/url'
19:54:14.273 [AsyncHttpClient-1-5] DEBUG org.asynchttpclient.netty.handler.HttpHandler - 

Request DefaultFullHttpRequest(decodeResult: success, version: HTTP/1.1, content: EmptyByteBufBE)
GET /session/ad7cab8ae073d3e6d9bd506bf3c5c32a/url HTTP/1.1
User-Agent: selenium/4.7.1 (java windows)
Cache-Control: no-cache
Content-Type: application/json; charset=utf-8
host: localhost:16366
accept: */*

Response DefaultHttpResponse(decodeResult: success, version: HTTP/1.1)
HTTP/1.1 200 OK
Content-Type: application/json; charset=utf-8
cache-control: no-cache
content-length: 41

19:54:14.274 [AsyncHttpClient-1-5] DEBUG org.asynchttpclient.netty.channel.ChannelManager - Adding key: http://localhost:16366 for channel [id: 0x32296084, L:/127.0.0.1:58760 - R:localhost/127.0.0.1:16366]
19:54:14.276 [Forwarding screenshot on session ad7cab8ae073d3e6d9bd506bf3c5c32a to remote] DEBUG org.asynchttpclient.netty.request.NettyRequestSender - Using pooled Channel '[id: 0x32296084, L:/127.0.0.1:58760 - R:localhost/127.0.0.1:16366]' for 'GET' to 'http://localhost:16366/session/ad7cab8ae073d3e6d9bd506bf3c5c32a/screenshot'
19:54:14.277 [Forwarding screenshot on session ad7cab8ae073d3e6d9bd506bf3c5c32a to remote] DEBUG org.asynchttpclient.netty.request.NettyRequestSender - Using open Channel [id: 0x32296084, L:/127.0.0.1:58760 - R:localhost/127.0.0.1:16366] for GET '/session/ad7cab8ae073d3e6d9bd506bf3c5c32a/screenshot'
19:54:14.315 [AsyncHttpClient-1-1] DEBUG org.asynchttpclient.netty.channel.DefaultChannelPool - Entry count for : http://localhost:58761 : 1
19:54:14.424 [AsyncHttpClient-1-5] DEBUG org.asynchttpclient.netty.handler.HttpHandler - 

Request DefaultFullHttpRequest(decodeResult: success, version: HTTP/1.1, content: EmptyByteBufBE)
GET /session/ad7cab8ae073d3e6d9bd506bf3c5c32a/screenshot HTTP/1.1
User-Agent: selenium/4.7.1 (java windows)
Cache-Control: no-cache
Content-Type: application/json; charset=utf-8
host: localhost:16366
accept: */*

Response DefaultHttpResponse(decodeResult: success, version: HTTP/1.1)
HTTP/1.1 200 OK
Content-Type: application/json; charset=utf-8
cache-control: no-cache
content-length: 30108

19:54:14.425 [AsyncHttpClient-1-5] DEBUG org.asynchttpclient.netty.channel.ChannelManager - Adding key: http://localhost:16366 for channel [id: 0x32296084, L:/127.0.0.1:58760 - R:localhost/127.0.0.1:16366]
19:54:14.429 [main] DEBUG net.serenitybdd.core.photography.Darkroom - Send negative for processing for target\site\serenity\d12aada964318b84919d9286a5bfc78d616fd76ff920e85fa95cd29e16e94610.png
19:54:14.429 [main] DEBUG net.thucydides.core.steps.StepInterceptor - STEP DONE: klikSelectCategories
19:54:14.429 [Darkroom Processing Line] DEBUG net.serenitybdd.core.photography.DarkroomProcessingLine - Processing screenshot image in /var/screenshots/screenshot-12353813416125329976
19:54:14.429 [Darkroom Processing Line] DEBUG net.serenitybdd.core.photography.DarkroomProcessingLine - Saving screenshot to target\site\serenity\d12aada964318b84919d9286a5bfc78d616fd76ff920e85fa95cd29e16e94610.png
  &amp#27;[32mAnd &amp#27;[0m&amp#27;[32muser memilih salah satu categories&amp#27;[0m                                  &amp#27;[90m# starter.stepdefinitions.TransaksiSteps.userMemilihSalahSatuCategories()&amp#27;[0m
19:54:14.450 [main] DEBUG net.thucydides.core.steps.StepInterceptor - STARTING STEP: TransaksiSteps.produkYangDicariPadaCategoriTersebutMunculDiHasilPencarian - munculprodukcategories
19:54:14.455 [Forwarding findElement on session ad7cab8ae073d3e6d9bd506bf3c5c32a to remote] DEBUG org.asynchttpclient.netty.request.NettyRequestSender - Using pooled Channel '[id: 0x32296084, L:/127.0.0.1:58760 - R:localhost/127.0.0.1:16366]' for 'POST' to 'http://localhost:16366/session/ad7cab8ae073d3e6d9bd506bf3c5c32a/element'
19:54:14.455 [Forwarding findElement on session ad7cab8ae073d3e6d9bd506bf3c5c32a to remote] DEBUG org.asynchttpclient.netty.request.NettyRequestSender - Using open Channel [id: 0x32296084, L:/127.0.0.1:58760 - R:localhost/127.0.0.1:16366] for POST '/session/ad7cab8ae073d3e6d9bd506bf3c5c32a/element'
19:54:14.476 [AsyncHttpClient-1-5] DEBUG org.asynchttpclient.netty.handler.HttpHandler - 

Request DefaultHttpRequest(decodeResult: success, version: HTTP/1.1)
POST /session/ad7cab8ae073d3e6d9bd506bf3c5c32a/element HTTP/1.1
User-Agent: selenium/4.7.1 (java windows)
Content-Length: 120
Content-Type: application/json; charset=utf-8
host: localhost:16366
accept: */*

Response DefaultHttpResponse(decodeResult: success, version: HTTP/1.1)
HTTP/1.1 200 OK
Content-Type: application/json; charset=utf-8
cache-control: no-cache
content-length: 88

19:54:14.476 [AsyncHttpClient-1-5] DEBUG org.asynchttpclient.netty.channel.ChannelManager - Adding key: http://localhost:16366 for channel [id: 0x32296084, L:/127.0.0.1:58760 - R:localhost/127.0.0.1:16366]
19:54:14.481 [Forwarding isElementDisplayed on session ad7cab8ae073d3e6d9bd506bf3c5c32a to remote] DEBUG org.asynchttpclient.netty.request.NettyRequestSender - Using pooled Channel '[id: 0x32296084, L:/127.0.0.1:58760 - R:localhost/127.0.0.1:16366]' for 'POST' to 'http://localhost:16366/session/ad7cab8ae073d3e6d9bd506bf3c5c32a/execute/sync'
19:54:14.481 [Forwarding isElementDisplayed on session ad7cab8ae073d3e6d9bd506bf3c5c32a to remote] DEBUG org.asynchttpclient.netty.request.NettyRequestSender - Using open Channel [id: 0x32296084, L:/127.0.0.1:58760 - R:localhost/127.0.0.1:16366] for POST '/session/ad7cab8ae073d3e6d9bd506bf3c5c32a/execute/sync'
19:54:14.498 [AsyncHttpClient-1-5] DEBUG org.asynchttpclient.netty.handler.HttpHandler - 

Request DefaultHttpRequest(decodeResult: success, version: HTTP/1.1)
POST /session/ad7cab8ae073d3e6d9bd506bf3c5c32a/execute/sync HTTP/1.1
User-Agent: selenium/4.7.1 (java windows)
Content-Length: 48780
Content-Type: application/json; charset=utf-8
host: localhost:16366
accept: */*

Response DefaultHttpResponse(decodeResult: success, version: HTTP/1.1)
HTTP/1.1 200 OK
Content-Type: application/json; charset=utf-8
cache-control: no-cache
content-length: 14

19:54:14.498 [AsyncHttpClient-1-5] DEBUG org.asynchttpclient.netty.channel.ChannelManager - Adding key: http://localhost:16366 for channel [id: 0x32296084, L:/127.0.0.1:58760 - R:localhost/127.0.0.1:16366]
19:54:14.506 [Forwarding getCurrentWindowHandle on session ad7cab8ae073d3e6d9bd506bf3c5c32a to remote] DEBUG org.asynchttpclient.netty.request.NettyRequestSender - Using pooled Channel '[id: 0x32296084, L:/127.0.0.1:58760 - R:localhost/127.0.0.1:16366]' for 'GET' to 'http://localhost:16366/session/ad7cab8ae073d3e6d9bd506bf3c5c32a/window'
19:54:14.506 [Forwarding getCurrentWindowHandle on session ad7cab8ae073d3e6d9bd506bf3c5c32a to remote] DEBUG org.asynchttpclient.netty.request.NettyRequestSender - Using open Channel [id: 0x32296084, L:/127.0.0.1:58760 - R:localhost/127.0.0.1:16366] for GET '/session/ad7cab8ae073d3e6d9bd506bf3c5c32a/window'
19:54:14.507 [AsyncHttpClient-1-5] DEBUG org.asynchttpclient.netty.handler.HttpHandler - 

Request DefaultFullHttpRequest(decodeResult: success, version: HTTP/1.1, content: EmptyByteBufBE)
GET /session/ad7cab8ae073d3e6d9bd506bf3c5c32a/window HTTP/1.1
User-Agent: selenium/4.7.1 (java windows)
Cache-Control: no-cache
Content-Type: application/json; charset=utf-8
host: localhost:16366
accept: */*

Response DefaultHttpResponse(decodeResult: success, version: HTTP/1.1)
HTTP/1.1 200 OK
Content-Type: application/json; charset=utf-8
cache-control: no-cache
content-length: 44

19:54:14.508 [AsyncHttpClient-1-5] DEBUG org.asynchttpclient.netty.channel.ChannelManager - Adding key: http://localhost:16366 for channel [id: 0x32296084, L:/127.0.0.1:58760 - R:localhost/127.0.0.1:16366]
19:54:14.510 [Forwarding getAlertText on session ad7cab8ae073d3e6d9bd506bf3c5c32a to remote] DEBUG org.asynchttpclient.netty.request.NettyRequestSender - Using pooled Channel '[id: 0x32296084, L:/127.0.0.1:58760 - R:localhost/127.0.0.1:16366]' for 'GET' to 'http://localhost:16366/session/ad7cab8ae073d3e6d9bd506bf3c5c32a/alert/text'
19:54:14.511 [Forwarding getAlertText on session ad7cab8ae073d3e6d9bd506bf3c5c32a to remote] DEBUG org.asynchttpclient.netty.request.NettyRequestSender - Using open Channel [id: 0x32296084, L:/127.0.0.1:58760 - R:localhost/127.0.0.1:16366] for GET '/session/ad7cab8ae073d3e6d9bd506bf3c5c32a/alert/text'
19:54:14.514 [AsyncHttpClient-1-5] DEBUG org.asynchttpclient.netty.handler.HttpHandler - 

Request DefaultFullHttpRequest(decodeResult: success, version: HTTP/1.1, content: EmptyByteBufBE)
GET /session/ad7cab8ae073d3e6d9bd506bf3c5c32a/alert/text HTTP/1.1
User-Agent: selenium/4.7.1 (java windows)
Cache-Control: no-cache
Content-Type: application/json; charset=utf-8
host: localhost:16366
accept: */*

Response DefaultHttpResponse(decodeResult: success, version: HTTP/1.1)
HTTP/1.1 404 Not Found
Content-Type: application/json; charset=utf-8
cache-control: no-cache
content-length: 821

19:54:14.514 [AsyncHttpClient-1-5] DEBUG org.asynchttpclient.netty.channel.ChannelManager - Adding key: http://localhost:16366 for channel [id: 0x32296084, L:/127.0.0.1:58760 - R:localhost/127.0.0.1:16366]
19:54:14.516 [Forwarding switchToWindow on session ad7cab8ae073d3e6d9bd506bf3c5c32a to remote] DEBUG org.asynchttpclient.netty.request.NettyRequestSender - Using pooled Channel '[id: 0x32296084, L:/127.0.0.1:58760 - R:localhost/127.0.0.1:16366]' for 'POST' to 'http://localhost:16366/session/ad7cab8ae073d3e6d9bd506bf3c5c32a/window'
19:54:14.516 [Forwarding switchToWindow on session ad7cab8ae073d3e6d9bd506bf3c5c32a to remote] DEBUG org.asynchttpclient.netty.request.NettyRequestSender - Using open Channel [id: 0x32296084, L:/127.0.0.1:58760 - R:localhost/127.0.0.1:16366] for POST '/session/ad7cab8ae073d3e6d9bd506bf3c5c32a/window'
19:54:14.518 [AsyncHttpClient-1-5] DEBUG org.asynchttpclient.netty.handler.HttpHandler - 

Request DefaultHttpRequest(decodeResult: success, version: HTTP/1.1)
POST /session/ad7cab8ae073d3e6d9bd506bf3c5c32a/window HTTP/1.1
User-Agent: selenium/4.7.1 (java windows)
Content-Length: 50
Content-Type: application/json; charset=utf-8
host: localhost:16366
accept: */*

Response DefaultHttpResponse(decodeResult: success, version: HTTP/1.1)
HTTP/1.1 200 OK
Content-Type: application/json; charset=utf-8
cache-control: no-cache
content-length: 14

19:54:14.519 [AsyncHttpClient-1-5] DEBUG org.asynchttpclient.netty.channel.ChannelManager - Adding key: http://localhost:16366 for channel [id: 0x32296084, L:/127.0.0.1:58760 - R:localhost/127.0.0.1:16366]
19:54:14.520 [Forwarding getCurrentUrl on session ad7cab8ae073d3e6d9bd506bf3c5c32a to remote] DEBUG org.asynchttpclient.netty.request.NettyRequestSender - Using pooled Channel '[id: 0x32296084, L:/127.0.0.1:58760 - R:localhost/127.0.0.1:16366]' for 'GET' to 'http://localhost:16366/session/ad7cab8ae073d3e6d9bd506bf3c5c32a/url'
19:54:14.520 [Forwarding getCurrentUrl on session ad7cab8ae073d3e6d9bd506bf3c5c32a to remote] DEBUG org.asynchttpclient.netty.request.NettyRequestSender - Using open Channel [id: 0x32296084, L:/127.0.0.1:58760 - R:localhost/127.0.0.1:16366] for GET '/session/ad7cab8ae073d3e6d9bd506bf3c5c32a/url'
19:54:14.526 [AsyncHttpClient-1-5] DEBUG org.asynchttpclient.netty.handler.HttpHandler - 

Request DefaultFullHttpRequest(decodeResult: success, version: HTTP/1.1, content: EmptyByteBufBE)
GET /session/ad7cab8ae073d3e6d9bd506bf3c5c32a/url HTTP/1.1
User-Agent: selenium/4.7.1 (java windows)
Cache-Control: no-cache
Content-Type: application/json; charset=utf-8
host: localhost:16366
accept: */*

Response DefaultHttpResponse(decodeResult: success, version: HTTP/1.1)
HTTP/1.1 200 OK
Content-Type: application/json; charset=utf-8
cache-control: no-cache
content-length: 41

19:54:14.526 [AsyncHttpClient-1-5] DEBUG org.asynchttpclient.netty.channel.ChannelManager - Adding key: http://localhost:16366 for channel [id: 0x32296084, L:/127.0.0.1:58760 - R:localhost/127.0.0.1:16366]
19:54:14.527 [Forwarding screenshot on session ad7cab8ae073d3e6d9bd506bf3c5c32a to remote] DEBUG org.asynchttpclient.netty.request.NettyRequestSender - Using pooled Channel '[id: 0x32296084, L:/127.0.0.1:58760 - R:localhost/127.0.0.1:16366]' for 'GET' to 'http://localhost:16366/session/ad7cab8ae073d3e6d9bd506bf3c5c32a/screenshot'
19:54:14.527 [Forwarding screenshot on session ad7cab8ae073d3e6d9bd506bf3c5c32a to remote] DEBUG org.asynchttpclient.netty.request.NettyRequestSender - Using open Channel [id: 0x32296084, L:/127.0.0.1:58760 - R:localhost/127.0.0.1:16366] for GET '/session/ad7cab8ae073d3e6d9bd506bf3c5c32a/screenshot'
19:54:14.627 [AsyncHttpClient-1-5] DEBUG org.asynchttpclient.netty.handler.HttpHandler - 

Request DefaultFullHttpRequest(decodeResult: success, version: HTTP/1.1, content: EmptyByteBufBE)
GET /session/ad7cab8ae073d3e6d9bd506bf3c5c32a/screenshot HTTP/1.1
User-Agent: selenium/4.7.1 (java windows)
Cache-Control: no-cache
Content-Type: application/json; charset=utf-8
host: localhost:16366
accept: */*

Response DefaultHttpResponse(decodeResult: success, version: HTTP/1.1)
HTTP/1.1 200 OK
Content-Type: application/json; charset=utf-8
cache-control: no-cache
content-length: 24940

19:54:14.628 [AsyncHttpClient-1-5] DEBUG org.asynchttpclient.netty.channel.ChannelManager - Adding key: http://localhost:16366 for channel [id: 0x32296084, L:/127.0.0.1:58760 - R:localhost/127.0.0.1:16366]
19:54:14.630 [main] DEBUG net.serenitybdd.core.photography.Darkroom - Send negative for processing for target\site\serenity\7c5d7bd15b0a3b975ede94375fe9eab6daf8b87597a5d0f7254428dc9b046ec7.png
19:54:14.631 [main] DEBUG net.thucydides.core.steps.StepInterceptor - STEP DONE: munculprodukcategories
19:54:14.631 [Darkroom Processing Line] DEBUG net.serenitybdd.core.photography.DarkroomProcessingLine - Processing screenshot image in /var/screenshots/screenshot-2678440801790803988
19:54:14.631 [Darkroom Processing Line] DEBUG net.serenitybdd.core.photography.DarkroomProcessingLine - Saving screenshot to target\site\serenity\7c5d7bd15b0a3b975ede94375fe9eab6daf8b87597a5d0f7254428dc9b046ec7.png
  &amp#27;[32mAnd &amp#27;[0m&amp#27;[32mProduk yang dicari pada categori tersebut muncul di hasil pencarian&amp#27;[0m &amp#27;[90m# starter.stepdefinitions.TransaksiSteps.produkYangDicariPadaCategoriTersebutMunculDiHasilPencarian()&amp#27;[0m
19:54:14.639 [main] INFO  - 
  _____   ___   ___   _____     ___     _     ___   ___   ___   ___  
 |_   _| | __| / __| |_   _|   | _ \   /_\   / __| / __| | __| |   \ 
   | |   | _|  \__ \   | |     |  _/  / _ \  \__ \ \__ \ | _|  | |) |
   |_|   |___| |___/   |_|     |_|   /_/ \_\ |___/ |___/ |___| |___/ 

user bisa melakukan pencarian produk dari listdown categories
----------------------------------------------------------------------
19:54:14.640 [AsyncHttpClient-1-7] DEBUG org.asynchttpclient.netty.handler.WebSocketHandler - Channel Closed: [id: 0x30472120, L:/127.0.0.1:58769 ! R:localhost/127.0.0.1:58761] with attribute NettyResponseFuture{currentRetry=0,
	isDone=1,
	isCancelled=0,
	asyncHandler=org.asynchttpclient.ws.WebSocketUpgradeHandler@7333186b,
	nettyRequest=org.asynchttpclient.netty.request.NettyRequest@36318869,
	future=java.util.concurrent.CompletableFuture@1440661f[Completed normally],
	uri=ws://localhost:58761/devtools/browser/3ac0e8d0-974b-4e59-9294-566f324ddf46,
	keepAlive=true,
	redirectCount=0,
	timeoutsHolder=null,
	inAuth=0,
	touch=1683377644660}
19:54:14.641 [AsyncHttpClient-1-7] DEBUG org.asynchttpclient.netty.channel.ChannelManager - Closing Channel [id: 0x30472120, L:/127.0.0.1:58769 ! R:localhost/127.0.0.1:58761] 
19:54:14.641 [Driver Command Executor] DEBUG org.asynchttpclient.netty.request.NettyRequestSender - Using pooled Channel '[id: 0x32296084, L:/127.0.0.1:58760 - R:localhost/127.0.0.1:16366]' for 'DELETE' to 'http://localhost:16366/session/ad7cab8ae073d3e6d9bd506bf3c5c32a'
19:54:14.641 [Driver Command Executor] DEBUG org.asynchttpclient.netty.request.NettyRequestSender - Using open Channel [id: 0x32296084, L:/127.0.0.1:58760 - R:localhost/127.0.0.1:16366] for DELETE '/session/ad7cab8ae073d3e6d9bd506bf3c5c32a'
19:54:14.720 [AsyncHttpClient-1-6] DEBUG org.asynchttpclient.netty.handler.HttpHandler - Unexpected I/O exception on channel [id: 0x382b8c1b, L:/127.0.0.1:58768 - R:localhost/127.0.0.1:58761]
java.net.SocketException: Connection reset
	at java.base/sun.nio.ch.SocketChannelImpl.throwConnectionReset(SocketChannelImpl.java:401)
	at java.base/sun.nio.ch.SocketChannelImpl.read(SocketChannelImpl.java:434)
	at io.netty.buffer.PooledByteBuf.setBytes(PooledByteBuf.java:259)
	at io.netty.buffer.AbstractByteBuf.writeBytes(AbstractByteBuf.java:1132)
	at io.netty.channel.socket.nio.NioSocketChannel.doReadBytes(NioSocketChannel.java:357)
	at io.netty.channel.nio.AbstractNioByteChannel$NioByteUnsafe.read(AbstractNioByteChannel.java:151)
	at io.netty.channel.nio.NioEventLoop.processSelectedKey(NioEventLoop.java:788)
	at io.netty.channel.nio.NioEventLoop.processSelectedKeysOptimized(NioEventLoop.java:724)
	at io.netty.channel.nio.NioEventLoop.processSelectedKeys(NioEventLoop.java:650)
	at io.netty.channel.nio.NioEventLoop.run(NioEventLoop.java:562)
	at io.netty.util.concurrent.SingleThreadEventExecutor$4.run(SingleThreadEventExecutor.java:997)
	at io.netty.util.internal.ThreadExecutorMap$2.run(ThreadExecutorMap.java:74)
	at io.netty.util.concurrent.FastThreadLocalRunnable.run(FastThreadLocalRunnable.java:30)
	at java.base/java.lang.Thread.run(Thread.java:1589)
19:54:14.721 [AsyncHttpClient-1-6] DEBUG org.asynchttpclient.netty.channel.ChannelManager - Closing Channel [id: 0x382b8c1b, L:/127.0.0.1:58768 - R:localhost/127.0.0.1:58761] 
19:54:14.721 [AsyncHttpClient-1-6] DEBUG org.asynchttpclient.netty.handler.HttpHandler - Channel Closed: [id: 0x382b8c1b, L:/127.0.0.1:58768 ! R:localhost/127.0.0.1:58761] with attribute DISCARD
19:54:14.903 [AsyncHttpClient-1-5] DEBUG org.asynchttpclient.netty.handler.HttpHandler - 

Request DefaultFullHttpRequest(decodeResult: success, version: HTTP/1.1, content: EmptyByteBufBE)
DELETE /session/ad7cab8ae073d3e6d9bd506bf3c5c32a HTTP/1.1
User-Agent: selenium/4.7.1 (java windows)
Content-Type: application/json; charset=utf-8
host: localhost:16366
accept: */*

Response DefaultHttpResponse(decodeResult: success, version: HTTP/1.1)
HTTP/1.1 200 OK
Content-Type: application/json; charset=utf-8
cache-control: no-cache
content-length: 14

19:54:14.904 [AsyncHttpClient-1-5] DEBUG org.asynchttpclient.netty.channel.ChannelManager - Adding key: http://localhost:16366 for channel [id: 0x32296084, L:/127.0.0.1:58760 - R:localhost/127.0.0.1:16366]
19:54:14.962 [AsyncHttpClient-1-5] DEBUG org.asynchttpclient.netty.handler.HttpHandler - Channel Closed: [id: 0x32296084, L:/127.0.0.1:58760 ! R:localhost/127.0.0.1:16366] with attribute DISCARD
]]></system-out>
    <system-err><![CDATA[Starting ChromeDriver 112.0.5615.49 (bd2a7bcb881c11e8cfe3078709382934e3916914-refs/branch-heads/5615@{#936}) on port 16366
Only local connections are allowed.
Please see https://chromedriver.chromium.org/security-considerations for suggestions on keeping ChromeDriver safe.
ChromeDriver was started successfully.
May 06, 2023 7:54:04 PM org.openqa.selenium.devtools.CdpVersionFinder findNearestMatch
WARNING: Unable to find an exact match for CDP version 112, so returning the closest version found: 108
]]></system-err>
  </testcase>
  <testcase name="user bisa melihat riwayat transaksi" classname="Transaksi" time="7.951">
    <system-out><![CDATA[
@AS17-positive
Scenario: user bisa melihat riwayat transaksi           &amp#27;[90m# src/test/resources/features/3. Transaksi.feature:21&amp#27;[0m
19:54:15.058 [main] INFO io.cucumber.core.plugin.SerenityReporter - Running feature from file:///C:/Dev/api-automation-alta-master/ALTASHOP%20WEB%20AUTOMATION/src/test/resources/features/3.%20Transaksi.feature
19:54:15.073 [main] INFO  - 
  _____   ___   ___   _____     ___   _____     _     ___   _____   ___   ___  
 |_   _| | __| / __| |_   _|   / __| |_   _|   /_\   | _ \ |_   _| | __| |   \ 
   | |   | _|  \__ \   | |     \__ \   | |    / _ \  |   /   | |   | _|  | |) |
   |_|   |___| |___/   |_|     |___/   |_|   /_/ \_\ |_|_\   |_|   |___| |___/ 

user bisa melihat riwayat transaksi(transaksi;user-bisa-melihat-riwayat-transaksi)
--------------------------------------------------------------------------------
19:54:15.111 [main] DEBUG net.thucydides.core.steps.StepInterceptor - STARTING STEP: TransaksiSteps.userBeradaDiHomepageAltaShopDanLoginAkun - diHomepageAltaShop
19:54:15.189 [main] INFO net.serenitybdd.core.webdriver.driverproviders.ChromeDriverProvider - Starting Chrome driver instance with capabilities:
19:54:15.189 [main] INFO net.serenitybdd.core.webdriver.driverproviders.ChromeDriverProvider - Capabilities {acceptInsecureCerts: true, browserName: chrome, goog:chromeOptions: {args: [remote-allow-origins=*, test-type, no-sandbox, ignore-certificate-errors, start-maximized, incognito, disable-infobars, disable-gpu, disable-default-apps, disable-popup-blocking, remote-allow-origins=*, test-type, no-sandbox, ignore-certificate-errors, start-maximized, incognito, disable-infobars, disable-gpu, disable-default-apps, disable-popup-blocking], extensions: []}}
19:54:15.314 [AsyncHttpClient-1-8] DEBUG org.asynchttpclient.netty.channel.NettyConnectListener - Using new Channel '[id: 0x9532ec94, L:/127.0.0.1:58794 - R:localhost/127.0.0.1:38622]' for 'POST' to '/session'
19:54:15.410 [AsyncHttpClient-1-1] DEBUG org.asynchttpclient.netty.channel.DefaultChannelPool - Entry count for : http://localhost:58761 : 1
19:54:15.410 [AsyncHttpClient-1-1] DEBUG org.asynchttpclient.netty.channel.DefaultChannelPool - Entry count for : http://localhost:16366 : 1
19:54:15.410 [AsyncHttpClient-1-1] DEBUG org.asynchttpclient.netty.channel.DefaultChannelPool - Adding Candidate expired Channel [id: 0x382b8c1b, L:/127.0.0.1:58768 ! R:localhost/127.0.0.1:58761] isIdleTimeoutExpired=false isRemotelyClosed=true isTtlExpired=false
19:54:15.410 [AsyncHttpClient-1-1] DEBUG org.asynchttpclient.netty.channel.DefaultChannelPool - Closing Idle Channel [id: 0x382b8c1b, L:/127.0.0.1:58768 ! R:localhost/127.0.0.1:58761]
19:54:15.410 [AsyncHttpClient-1-1] DEBUG org.asynchttpclient.netty.channel.DefaultChannelPool - Adding Candidate expired Channel [id: 0x32296084, L:/127.0.0.1:58760 ! R:localhost/127.0.0.1:16366] isIdleTimeoutExpired=false isRemotelyClosed=true isTtlExpired=false
19:54:15.410 [AsyncHttpClient-1-1] DEBUG org.asynchttpclient.netty.channel.DefaultChannelPool - Closing Idle Channel [id: 0x32296084, L:/127.0.0.1:58760 ! R:localhost/127.0.0.1:16366]
19:54:15.410 [AsyncHttpClient-1-1] DEBUG org.asynchttpclient.netty.channel.DefaultChannelPool - Closed 2 connections out of 2 in 0 ms
19:54:16.762 [AsyncHttpClient-1-8] DEBUG org.asynchttpclient.netty.handler.HttpHandler - 

Request DefaultHttpRequest(decodeResult: success, version: HTTP/1.1)
POST /session HTTP/1.1
User-Agent: selenium/4.7.1 (java windows)
Content-Length: 1629
Content-Type: application/json; charset=utf-8
host: localhost:38622
accept: */*

Response DefaultHttpResponse(decodeResult: success, version: HTTP/1.1)
HTTP/1.1 200 OK
Content-Type: application/json; charset=utf-8
cache-control: no-cache
content-length: 855

19:54:16.763 [AsyncHttpClient-1-8] DEBUG org.asynchttpclient.netty.channel.ChannelManager - Adding key: http://localhost:38622 for channel [id: 0x9532ec94, L:/127.0.0.1:58794 - R:localhost/127.0.0.1:38622]
19:54:16.804 [AsyncHttpClient-1-9] DEBUG org.asynchttpclient.netty.channel.NettyConnectListener - Using new Channel '[id: 0x416f5671, L:/127.0.0.1:58802 - R:localhost/127.0.0.1:58795]' for 'GET' to '/json/version'
19:54:16.830 [AsyncHttpClient-1-9] DEBUG org.asynchttpclient.netty.handler.HttpHandler - 

Request DefaultFullHttpRequest(decodeResult: success, version: HTTP/1.1, content: EmptyByteBufBE)
GET /json/version HTTP/1.1
User-Agent: selenium/4.7.1 (java windows)
host: localhost:58795
accept: */*

Response DefaultHttpResponse(decodeResult: success, version: HTTP/1.1)
HTTP/1.1 200 OK
Content-Security-Policy: frame-ancestors 'none'
Content-Type: application/json; charset=UTF-8
content-length: 424

19:54:16.831 [AsyncHttpClient-1-9] DEBUG org.asynchttpclient.netty.channel.ChannelManager - Adding key: http://localhost:58795 for channel [id: 0x416f5671, L:/127.0.0.1:58802 - R:localhost/127.0.0.1:58795]
19:54:16.850 [AsyncHttpClient-1-10] DEBUG org.asynchttpclient.netty.channel.NettyConnectListener - Using new Channel '[id: 0x81c39460, L:/127.0.0.1:58803 - R:localhost/127.0.0.1:58795]' for 'GET' to '/devtools/browser/4f29c60c-2715-4e58-8729-b75e57d2f694'
19:54:16.859 [AsyncHttpClient-1-10] DEBUG org.asynchttpclient.netty.handler.WebSocketHandler - 

Request DefaultFullHttpRequest(decodeResult: success, version: HTTP/1.1, content: EmptyByteBufBE)
GET /devtools/browser/4f29c60c-2715-4e58-8729-b75e57d2f694 HTTP/1.1
upgrade: websocket
connection: upgrade
sec-websocket-key: g5Sd/EH0X9SKluaexFXe4w==
sec-websocket-version: 13
origin: http://localhost:58795
host: localhost:58795
accept: */*
user-agent: AHC/2.1

Response DefaultHttpResponse(decodeResult: success, version: HTTP/1.1)
HTTP/1.1 101 WebSocket Protocol Handshake
Upgrade: WebSocket
Connection: Upgrade
Sec-WebSocket-Accept: Yfz21s3lfB9UrPsY50kGcxJxfLw=

19:54:16.870 [Forwarding get on session ab6f5b0c56aae2de1724798db6d4fa10 to remote] DEBUG org.asynchttpclient.netty.request.NettyRequestSender - Using pooled Channel '[id: 0x9532ec94, L:/127.0.0.1:58794 - R:localhost/127.0.0.1:38622]' for 'POST' to 'http://localhost:38622/session/ab6f5b0c56aae2de1724798db6d4fa10/url'
19:54:16.870 [Forwarding get on session ab6f5b0c56aae2de1724798db6d4fa10 to remote] DEBUG org.asynchttpclient.netty.request.NettyRequestSender - Using open Channel [id: 0x9532ec94, L:/127.0.0.1:58794 - R:localhost/127.0.0.1:38622] for POST '/session/ab6f5b0c56aae2de1724798db6d4fa10/url'
19:54:17.616 [AsyncHttpClient-1-1] DEBUG org.asynchttpclient.netty.channel.DefaultChannelPool - Entry count for : http://localhost:58795 : 1
19:54:18.711 [AsyncHttpClient-1-1] DEBUG org.asynchttpclient.netty.channel.DefaultChannelPool - Entry count for : http://localhost:58795 : 1
19:54:18.938 [AsyncHttpClient-1-8] DEBUG org.asynchttpclient.netty.handler.HttpHandler - 

Request DefaultHttpRequest(decodeResult: success, version: HTTP/1.1)
POST /session/ab6f5b0c56aae2de1724798db6d4fa10/url HTTP/1.1
User-Agent: selenium/4.7.1 (java windows)
Content-Length: 59
Content-Type: application/json; charset=utf-8
host: localhost:38622
accept: */*

Response DefaultHttpResponse(decodeResult: success, version: HTTP/1.1)
HTTP/1.1 200 OK
Content-Type: application/json; charset=utf-8
cache-control: no-cache
content-length: 14

19:54:18.938 [AsyncHttpClient-1-8] DEBUG org.asynchttpclient.netty.channel.ChannelManager - Adding key: http://localhost:38622 for channel [id: 0x9532ec94, L:/127.0.0.1:58794 - R:localhost/127.0.0.1:38622]
19:54:18.941 [Forwarding setTimeout on session ab6f5b0c56aae2de1724798db6d4fa10 to remote] DEBUG org.asynchttpclient.netty.request.NettyRequestSender - Using pooled Channel '[id: 0x9532ec94, L:/127.0.0.1:58794 - R:localhost/127.0.0.1:38622]' for 'POST' to 'http://localhost:38622/session/ab6f5b0c56aae2de1724798db6d4fa10/timeouts'
19:54:18.941 [Forwarding setTimeout on session ab6f5b0c56aae2de1724798db6d4fa10 to remote] DEBUG org.asynchttpclient.netty.request.NettyRequestSender - Using open Channel [id: 0x9532ec94, L:/127.0.0.1:58794 - R:localhost/127.0.0.1:38622] for POST '/session/ab6f5b0c56aae2de1724798db6d4fa10/timeouts'
19:54:18.943 [AsyncHttpClient-1-8] DEBUG org.asynchttpclient.netty.handler.HttpHandler - 

Request DefaultHttpRequest(decodeResult: success, version: HTTP/1.1)
POST /session/ab6f5b0c56aae2de1724798db6d4fa10/timeouts HTTP/1.1
User-Agent: selenium/4.7.1 (java windows)
Content-Length: 22
Content-Type: application/json; charset=utf-8
host: localhost:38622
accept: */*

Response DefaultHttpResponse(decodeResult: success, version: HTTP/1.1)
HTTP/1.1 200 OK
Content-Type: application/json; charset=utf-8
cache-control: no-cache
content-length: 14

19:54:18.944 [AsyncHttpClient-1-8] DEBUG org.asynchttpclient.netty.channel.ChannelManager - Adding key: http://localhost:38622 for channel [id: 0x9532ec94, L:/127.0.0.1:58794 - R:localhost/127.0.0.1:38622]
19:54:18.950 [Forwarding getCurrentUrl on session ab6f5b0c56aae2de1724798db6d4fa10 to remote] DEBUG org.asynchttpclient.netty.request.NettyRequestSender - Using pooled Channel '[id: 0x9532ec94, L:/127.0.0.1:58794 - R:localhost/127.0.0.1:38622]' for 'GET' to 'http://localhost:38622/session/ab6f5b0c56aae2de1724798db6d4fa10/url'
19:54:18.950 [Forwarding getCurrentUrl on session ab6f5b0c56aae2de1724798db6d4fa10 to remote] DEBUG org.asynchttpclient.netty.request.NettyRequestSender - Using open Channel [id: 0x9532ec94, L:/127.0.0.1:58794 - R:localhost/127.0.0.1:38622] for GET '/session/ab6f5b0c56aae2de1724798db6d4fa10/url'
19:54:18.957 [AsyncHttpClient-1-8] DEBUG org.asynchttpclient.netty.handler.HttpHandler - 

Request DefaultFullHttpRequest(decodeResult: success, version: HTTP/1.1, content: EmptyByteBufBE)
GET /session/ab6f5b0c56aae2de1724798db6d4fa10/url HTTP/1.1
User-Agent: selenium/4.7.1 (java windows)
Cache-Control: no-cache
Content-Type: application/json; charset=utf-8
host: localhost:38622
accept: */*

Response DefaultHttpResponse(decodeResult: success, version: HTTP/1.1)
HTTP/1.1 200 OK
Content-Type: application/json; charset=utf-8
cache-control: no-cache
content-length: 41

19:54:18.957 [AsyncHttpClient-1-8] DEBUG org.asynchttpclient.netty.channel.ChannelManager - Adding key: http://localhost:38622 for channel [id: 0x9532ec94, L:/127.0.0.1:58794 - R:localhost/127.0.0.1:38622]
19:54:18.962 [Forwarding getCurrentUrl on session ab6f5b0c56aae2de1724798db6d4fa10 to remote] DEBUG org.asynchttpclient.netty.request.NettyRequestSender - Using pooled Channel '[id: 0x9532ec94, L:/127.0.0.1:58794 - R:localhost/127.0.0.1:38622]' for 'GET' to 'http://localhost:38622/session/ab6f5b0c56aae2de1724798db6d4fa10/url'
19:54:18.962 [Forwarding getCurrentUrl on session ab6f5b0c56aae2de1724798db6d4fa10 to remote] DEBUG org.asynchttpclient.netty.request.NettyRequestSender - Using open Channel [id: 0x9532ec94, L:/127.0.0.1:58794 - R:localhost/127.0.0.1:38622] for GET '/session/ab6f5b0c56aae2de1724798db6d4fa10/url'
19:54:18.997 [AsyncHttpClient-1-8] DEBUG org.asynchttpclient.netty.handler.HttpHandler - 

Request DefaultFullHttpRequest(decodeResult: success, version: HTTP/1.1, content: EmptyByteBufBE)
GET /session/ab6f5b0c56aae2de1724798db6d4fa10/url HTTP/1.1
User-Agent: selenium/4.7.1 (java windows)
Cache-Control: no-cache
Content-Type: application/json; charset=utf-8
host: localhost:38622
accept: */*

Response DefaultHttpResponse(decodeResult: success, version: HTTP/1.1)
HTTP/1.1 200 OK
Content-Type: application/json; charset=utf-8
cache-control: no-cache
content-length: 41

19:54:18.998 [AsyncHttpClient-1-8] DEBUG org.asynchttpclient.netty.channel.ChannelManager - Adding key: http://localhost:38622 for channel [id: 0x9532ec94, L:/127.0.0.1:58794 - R:localhost/127.0.0.1:38622]
19:54:19.001 [Forwarding findElement on session ab6f5b0c56aae2de1724798db6d4fa10 to remote] DEBUG org.asynchttpclient.netty.request.NettyRequestSender - Using pooled Channel '[id: 0x9532ec94, L:/127.0.0.1:58794 - R:localhost/127.0.0.1:38622]' for 'POST' to 'http://localhost:38622/session/ab6f5b0c56aae2de1724798db6d4fa10/element'
19:54:19.001 [Forwarding findElement on session ab6f5b0c56aae2de1724798db6d4fa10 to remote] DEBUG org.asynchttpclient.netty.request.NettyRequestSender - Using open Channel [id: 0x9532ec94, L:/127.0.0.1:58794 - R:localhost/127.0.0.1:38622] for POST '/session/ab6f5b0c56aae2de1724798db6d4fa10/element'
19:54:19.017 [AsyncHttpClient-1-8] DEBUG org.asynchttpclient.netty.handler.HttpHandler - 

Request DefaultHttpRequest(decodeResult: success, version: HTTP/1.1)
POST /session/ab6f5b0c56aae2de1724798db6d4fa10/element HTTP/1.1
User-Agent: selenium/4.7.1 (java windows)
Content-Length: 108
Content-Type: application/json; charset=utf-8
host: localhost:38622
accept: */*

Response DefaultHttpResponse(decodeResult: success, version: HTTP/1.1)
HTTP/1.1 200 OK
Content-Type: application/json; charset=utf-8
cache-control: no-cache
content-length: 88

19:54:19.018 [AsyncHttpClient-1-8] DEBUG org.asynchttpclient.netty.channel.ChannelManager - Adding key: http://localhost:38622 for channel [id: 0x9532ec94, L:/127.0.0.1:58794 - R:localhost/127.0.0.1:38622]
19:54:19.021 [Forwarding isElementDisplayed on session ab6f5b0c56aae2de1724798db6d4fa10 to remote] DEBUG org.asynchttpclient.netty.request.NettyRequestSender - Using pooled Channel '[id: 0x9532ec94, L:/127.0.0.1:58794 - R:localhost/127.0.0.1:38622]' for 'POST' to 'http://localhost:38622/session/ab6f5b0c56aae2de1724798db6d4fa10/execute/sync'
19:54:19.021 [Forwarding isElementDisplayed on session ab6f5b0c56aae2de1724798db6d4fa10 to remote] DEBUG org.asynchttpclient.netty.request.NettyRequestSender - Using open Channel [id: 0x9532ec94, L:/127.0.0.1:58794 - R:localhost/127.0.0.1:38622] for POST '/session/ab6f5b0c56aae2de1724798db6d4fa10/execute/sync'
19:54:19.028 [AsyncHttpClient-1-8] DEBUG org.asynchttpclient.netty.handler.HttpHandler - 

Request DefaultHttpRequest(decodeResult: success, version: HTTP/1.1)
POST /session/ab6f5b0c56aae2de1724798db6d4fa10/execute/sync HTTP/1.1
User-Agent: selenium/4.7.1 (java windows)
Content-Length: 48780
Content-Type: application/json; charset=utf-8
host: localhost:38622
accept: */*

Response DefaultHttpResponse(decodeResult: success, version: HTTP/1.1)
HTTP/1.1 200 OK
Content-Type: application/json; charset=utf-8
cache-control: no-cache
content-length: 14

19:54:19.028 [AsyncHttpClient-1-8] DEBUG org.asynchttpclient.netty.channel.ChannelManager - Adding key: http://localhost:38622 for channel [id: 0x9532ec94, L:/127.0.0.1:58794 - R:localhost/127.0.0.1:38622]
19:54:19.028 [Forwarding isElementDisplayed on session ab6f5b0c56aae2de1724798db6d4fa10 to remote] DEBUG org.asynchttpclient.netty.request.NettyRequestSender - Using pooled Channel '[id: 0x9532ec94, L:/127.0.0.1:58794 - R:localhost/127.0.0.1:38622]' for 'POST' to 'http://localhost:38622/session/ab6f5b0c56aae2de1724798db6d4fa10/execute/sync'
19:54:19.028 [Forwarding isElementDisplayed on session ab6f5b0c56aae2de1724798db6d4fa10 to remote] DEBUG org.asynchttpclient.netty.request.NettyRequestSender - Using open Channel [id: 0x9532ec94, L:/127.0.0.1:58794 - R:localhost/127.0.0.1:38622] for POST '/session/ab6f5b0c56aae2de1724798db6d4fa10/execute/sync'
19:54:19.044 [AsyncHttpClient-1-8] DEBUG org.asynchttpclient.netty.handler.HttpHandler - 

Request DefaultHttpRequest(decodeResult: success, version: HTTP/1.1)
POST /session/ab6f5b0c56aae2de1724798db6d4fa10/execute/sync HTTP/1.1
User-Agent: selenium/4.7.1 (java windows)
Content-Length: 48780
Content-Type: application/json; charset=utf-8
host: localhost:38622
accept: */*

Response DefaultHttpResponse(decodeResult: success, version: HTTP/1.1)
HTTP/1.1 200 OK
Content-Type: application/json; charset=utf-8
cache-control: no-cache
content-length: 14

19:54:19.044 [AsyncHttpClient-1-8] DEBUG org.asynchttpclient.netty.channel.ChannelManager - Adding key: http://localhost:38622 for channel [id: 0x9532ec94, L:/127.0.0.1:58794 - R:localhost/127.0.0.1:38622]
19:54:19.059 [Forwarding getCurrentWindowHandle on session ab6f5b0c56aae2de1724798db6d4fa10 to remote] DEBUG org.asynchttpclient.netty.request.NettyRequestSender - Using pooled Channel '[id: 0x9532ec94, L:/127.0.0.1:58794 - R:localhost/127.0.0.1:38622]' for 'GET' to 'http://localhost:38622/session/ab6f5b0c56aae2de1724798db6d4fa10/window'
19:54:19.059 [Forwarding getCurrentWindowHandle on session ab6f5b0c56aae2de1724798db6d4fa10 to remote] DEBUG org.asynchttpclient.netty.request.NettyRequestSender - Using open Channel [id: 0x9532ec94, L:/127.0.0.1:58794 - R:localhost/127.0.0.1:38622] for GET '/session/ab6f5b0c56aae2de1724798db6d4fa10/window'
19:54:19.059 [AsyncHttpClient-1-8] DEBUG org.asynchttpclient.netty.handler.HttpHandler - 

Request DefaultFullHttpRequest(decodeResult: success, version: HTTP/1.1, content: EmptyByteBufBE)
GET /session/ab6f5b0c56aae2de1724798db6d4fa10/window HTTP/1.1
User-Agent: selenium/4.7.1 (java windows)
Cache-Control: no-cache
Content-Type: application/json; charset=utf-8
host: localhost:38622
accept: */*

Response DefaultHttpResponse(decodeResult: success, version: HTTP/1.1)
HTTP/1.1 200 OK
Content-Type: application/json; charset=utf-8
cache-control: no-cache
content-length: 44

19:54:19.059 [AsyncHttpClient-1-8] DEBUG org.asynchttpclient.netty.channel.ChannelManager - Adding key: http://localhost:38622 for channel [id: 0x9532ec94, L:/127.0.0.1:58794 - R:localhost/127.0.0.1:38622]
19:54:19.059 [Forwarding getAlertText on session ab6f5b0c56aae2de1724798db6d4fa10 to remote] DEBUG org.asynchttpclient.netty.request.NettyRequestSender - Using pooled Channel '[id: 0x9532ec94, L:/127.0.0.1:58794 - R:localhost/127.0.0.1:38622]' for 'GET' to 'http://localhost:38622/session/ab6f5b0c56aae2de1724798db6d4fa10/alert/text'
19:54:19.059 [Forwarding getAlertText on session ab6f5b0c56aae2de1724798db6d4fa10 to remote] DEBUG org.asynchttpclient.netty.request.NettyRequestSender - Using open Channel [id: 0x9532ec94, L:/127.0.0.1:58794 - R:localhost/127.0.0.1:38622] for GET '/session/ab6f5b0c56aae2de1724798db6d4fa10/alert/text'
19:54:19.059 [AsyncHttpClient-1-8] DEBUG org.asynchttpclient.netty.handler.HttpHandler - 

Request DefaultFullHttpRequest(decodeResult: success, version: HTTP/1.1, content: EmptyByteBufBE)
GET /session/ab6f5b0c56aae2de1724798db6d4fa10/alert/text HTTP/1.1
User-Agent: selenium/4.7.1 (java windows)
Cache-Control: no-cache
Content-Type: application/json; charset=utf-8
host: localhost:38622
accept: */*

Response DefaultHttpResponse(decodeResult: success, version: HTTP/1.1)
HTTP/1.1 404 Not Found
Content-Type: application/json; charset=utf-8
cache-control: no-cache
content-length: 821

19:54:19.059 [AsyncHttpClient-1-8] DEBUG org.asynchttpclient.netty.channel.ChannelManager - Adding key: http://localhost:38622 for channel [id: 0x9532ec94, L:/127.0.0.1:58794 - R:localhost/127.0.0.1:38622]
19:54:19.059 [Forwarding switchToWindow on session ab6f5b0c56aae2de1724798db6d4fa10 to remote] DEBUG org.asynchttpclient.netty.request.NettyRequestSender - Using pooled Channel '[id: 0x9532ec94, L:/127.0.0.1:58794 - R:localhost/127.0.0.1:38622]' for 'POST' to 'http://localhost:38622/session/ab6f5b0c56aae2de1724798db6d4fa10/window'
19:54:19.059 [Forwarding switchToWindow on session ab6f5b0c56aae2de1724798db6d4fa10 to remote] DEBUG org.asynchttpclient.netty.request.NettyRequestSender - Using open Channel [id: 0x9532ec94, L:/127.0.0.1:58794 - R:localhost/127.0.0.1:38622] for POST '/session/ab6f5b0c56aae2de1724798db6d4fa10/window'
19:54:19.059 [AsyncHttpClient-1-8] DEBUG org.asynchttpclient.netty.handler.HttpHandler - 

Request DefaultHttpRequest(decodeResult: success, version: HTTP/1.1)
POST /session/ab6f5b0c56aae2de1724798db6d4fa10/window HTTP/1.1
User-Agent: selenium/4.7.1 (java windows)
Content-Length: 50
Content-Type: application/json; charset=utf-8
host: localhost:38622
accept: */*

Response DefaultHttpResponse(decodeResult: success, version: HTTP/1.1)
HTTP/1.1 200 OK
Content-Type: application/json; charset=utf-8
cache-control: no-cache
content-length: 14

19:54:19.059 [AsyncHttpClient-1-8] DEBUG org.asynchttpclient.netty.channel.ChannelManager - Adding key: http://localhost:38622 for channel [id: 0x9532ec94, L:/127.0.0.1:58794 - R:localhost/127.0.0.1:38622]
19:54:19.059 [Forwarding getCurrentUrl on session ab6f5b0c56aae2de1724798db6d4fa10 to remote] DEBUG org.asynchttpclient.netty.request.NettyRequestSender - Using pooled Channel '[id: 0x9532ec94, L:/127.0.0.1:58794 - R:localhost/127.0.0.1:38622]' for 'GET' to 'http://localhost:38622/session/ab6f5b0c56aae2de1724798db6d4fa10/url'
19:54:19.059 [Forwarding getCurrentUrl on session ab6f5b0c56aae2de1724798db6d4fa10 to remote] DEBUG org.asynchttpclient.netty.request.NettyRequestSender - Using open Channel [id: 0x9532ec94, L:/127.0.0.1:58794 - R:localhost/127.0.0.1:38622] for GET '/session/ab6f5b0c56aae2de1724798db6d4fa10/url'
19:54:19.075 [AsyncHttpClient-1-8] DEBUG org.asynchttpclient.netty.handler.HttpHandler - 

Request DefaultFullHttpRequest(decodeResult: success, version: HTTP/1.1, content: EmptyByteBufBE)
GET /session/ab6f5b0c56aae2de1724798db6d4fa10/url HTTP/1.1
User-Agent: selenium/4.7.1 (java windows)
Cache-Control: no-cache
Content-Type: application/json; charset=utf-8
host: localhost:38622
accept: */*

Response DefaultHttpResponse(decodeResult: success, version: HTTP/1.1)
HTTP/1.1 200 OK
Content-Type: application/json; charset=utf-8
cache-control: no-cache
content-length: 41

19:54:19.075 [AsyncHttpClient-1-8] DEBUG org.asynchttpclient.netty.channel.ChannelManager - Adding key: http://localhost:38622 for channel [id: 0x9532ec94, L:/127.0.0.1:58794 - R:localhost/127.0.0.1:38622]
19:54:19.075 [Forwarding screenshot on session ab6f5b0c56aae2de1724798db6d4fa10 to remote] DEBUG org.asynchttpclient.netty.request.NettyRequestSender - Using pooled Channel '[id: 0x9532ec94, L:/127.0.0.1:58794 - R:localhost/127.0.0.1:38622]' for 'GET' to 'http://localhost:38622/session/ab6f5b0c56aae2de1724798db6d4fa10/screenshot'
19:54:19.075 [Forwarding screenshot on session ab6f5b0c56aae2de1724798db6d4fa10 to remote] DEBUG org.asynchttpclient.netty.request.NettyRequestSender - Using open Channel [id: 0x9532ec94, L:/127.0.0.1:58794 - R:localhost/127.0.0.1:38622] for GET '/session/ab6f5b0c56aae2de1724798db6d4fa10/screenshot'
19:54:19.166 [AsyncHttpClient-1-8] DEBUG org.asynchttpclient.netty.handler.HttpHandler - 

Request DefaultFullHttpRequest(decodeResult: success, version: HTTP/1.1, content: EmptyByteBufBE)
GET /session/ab6f5b0c56aae2de1724798db6d4fa10/screenshot HTTP/1.1
User-Agent: selenium/4.7.1 (java windows)
Cache-Control: no-cache
Content-Type: application/json; charset=utf-8
host: localhost:38622
accept: */*

Response DefaultHttpResponse(decodeResult: success, version: HTTP/1.1)
HTTP/1.1 200 OK
Content-Type: application/json; charset=utf-8
cache-control: no-cache
content-length: 95224

19:54:19.166 [AsyncHttpClient-1-8] DEBUG org.asynchttpclient.netty.channel.ChannelManager - Adding key: http://localhost:38622 for channel [id: 0x9532ec94, L:/127.0.0.1:58794 - R:localhost/127.0.0.1:38622]
19:54:19.166 [main] DEBUG net.serenitybdd.core.photography.Darkroom - Send negative for processing for target\site\serenity\a9beb815630c09d22211b3d676a87fcd2940b70b1df8345cbcf716cff5f9fa8c.png
19:54:19.166 [main] DEBUG net.thucydides.core.steps.StepInterceptor - STEP DONE: diHomepageAltaShop
19:54:19.166 [Darkroom Processing Line] DEBUG net.serenitybdd.core.photography.DarkroomProcessingLine - Processing screenshot image in /var/screenshots/screenshot-4782180835657076160
19:54:19.166 [Darkroom Processing Line] DEBUG net.serenitybdd.core.photography.DarkroomProcessingLine - Saving screenshot to target\site\serenity\a9beb815630c09d22211b3d676a87fcd2940b70b1df8345cbcf716cff5f9fa8c.png
19:54:19.182 [main] DEBUG net.thucydides.core.steps.StepInterceptor - STARTING STEP: TransaksiSteps.userBeradaDiHomepageAltaShopDanLoginAkun - klikButtonLogin
19:54:19.182 [Forwarding findElement on session ab6f5b0c56aae2de1724798db6d4fa10 to remote] DEBUG org.asynchttpclient.netty.request.NettyRequestSender - Using pooled Channel '[id: 0x9532ec94, L:/127.0.0.1:58794 - R:localhost/127.0.0.1:38622]' for 'POST' to 'http://localhost:38622/session/ab6f5b0c56aae2de1724798db6d4fa10/element'
19:54:19.182 [Forwarding findElement on session ab6f5b0c56aae2de1724798db6d4fa10 to remote] DEBUG org.asynchttpclient.netty.request.NettyRequestSender - Using open Channel [id: 0x9532ec94, L:/127.0.0.1:58794 - R:localhost/127.0.0.1:38622] for POST '/session/ab6f5b0c56aae2de1724798db6d4fa10/element'
19:54:19.197 [AsyncHttpClient-1-8] DEBUG org.asynchttpclient.netty.handler.HttpHandler - 

Request DefaultHttpRequest(decodeResult: success, version: HTTP/1.1)
POST /session/ab6f5b0c56aae2de1724798db6d4fa10/element HTTP/1.1
User-Agent: selenium/4.7.1 (java windows)
Content-Length: 108
Content-Type: application/json; charset=utf-8
host: localhost:38622
accept: */*

Response DefaultHttpResponse(decodeResult: success, version: HTTP/1.1)
HTTP/1.1 200 OK
Content-Type: application/json; charset=utf-8
cache-control: no-cache
content-length: 88

19:54:19.197 [AsyncHttpClient-1-8] DEBUG org.asynchttpclient.netty.channel.ChannelManager - Adding key: http://localhost:38622 for channel [id: 0x9532ec94, L:/127.0.0.1:58794 - R:localhost/127.0.0.1:38622]
19:54:19.197 [Forwarding getElementTagName on session ab6f5b0c56aae2de1724798db6d4fa10 to remote] DEBUG org.asynchttpclient.netty.request.NettyRequestSender - Using pooled Channel '[id: 0x9532ec94, L:/127.0.0.1:58794 - R:localhost/127.0.0.1:38622]' for 'GET' to 'http://localhost:38622/session/ab6f5b0c56aae2de1724798db6d4fa10/element/1bc5fba3-f879-4af4-9ce2-3969d1af79f7/name'
19:54:19.197 [Forwarding getElementTagName on session ab6f5b0c56aae2de1724798db6d4fa10 to remote] DEBUG org.asynchttpclient.netty.request.NettyRequestSender - Using open Channel [id: 0x9532ec94, L:/127.0.0.1:58794 - R:localhost/127.0.0.1:38622] for GET '/session/ab6f5b0c56aae2de1724798db6d4fa10/element/1bc5fba3-f879-4af4-9ce2-3969d1af79f7/name'
19:54:19.197 [AsyncHttpClient-1-8] DEBUG org.asynchttpclient.netty.handler.HttpHandler - 

Request DefaultFullHttpRequest(decodeResult: success, version: HTTP/1.1, content: EmptyByteBufBE)
GET /session/ab6f5b0c56aae2de1724798db6d4fa10/element/1bc5fba3-f879-4af4-9ce2-3969d1af79f7/name HTTP/1.1
User-Agent: selenium/4.7.1 (java windows)
Cache-Control: no-cache
Content-Type: application/json; charset=utf-8
host: localhost:38622
accept: */*

Response DefaultHttpResponse(decodeResult: success, version: HTTP/1.1)
HTTP/1.1 200 OK
Content-Type: application/json; charset=utf-8
cache-control: no-cache
content-length: 18

19:54:19.197 [AsyncHttpClient-1-8] DEBUG org.asynchttpclient.netty.channel.ChannelManager - Adding key: http://localhost:38622 for channel [id: 0x9532ec94, L:/127.0.0.1:58794 - R:localhost/127.0.0.1:38622]
19:54:19.197 [Forwarding getElementTagName on session ab6f5b0c56aae2de1724798db6d4fa10 to remote] DEBUG org.asynchttpclient.netty.request.NettyRequestSender - Using pooled Channel '[id: 0x9532ec94, L:/127.0.0.1:58794 - R:localhost/127.0.0.1:38622]' for 'GET' to 'http://localhost:38622/session/ab6f5b0c56aae2de1724798db6d4fa10/element/1bc5fba3-f879-4af4-9ce2-3969d1af79f7/name'
19:54:19.197 [Forwarding getElementTagName on session ab6f5b0c56aae2de1724798db6d4fa10 to remote] DEBUG org.asynchttpclient.netty.request.NettyRequestSender - Using open Channel [id: 0x9532ec94, L:/127.0.0.1:58794 - R:localhost/127.0.0.1:38622] for GET '/session/ab6f5b0c56aae2de1724798db6d4fa10/element/1bc5fba3-f879-4af4-9ce2-3969d1af79f7/name'
19:54:19.197 [AsyncHttpClient-1-8] DEBUG org.asynchttpclient.netty.handler.HttpHandler - 

Request DefaultFullHttpRequest(decodeResult: success, version: HTTP/1.1, content: EmptyByteBufBE)
GET /session/ab6f5b0c56aae2de1724798db6d4fa10/element/1bc5fba3-f879-4af4-9ce2-3969d1af79f7/name HTTP/1.1
User-Agent: selenium/4.7.1 (java windows)
Cache-Control: no-cache
Content-Type: application/json; charset=utf-8
host: localhost:38622
accept: */*

Response DefaultHttpResponse(decodeResult: success, version: HTTP/1.1)
HTTP/1.1 200 OK
Content-Type: application/json; charset=utf-8
cache-control: no-cache
content-length: 18

19:54:19.197 [AsyncHttpClient-1-8] DEBUG org.asynchttpclient.netty.channel.ChannelManager - Adding key: http://localhost:38622 for channel [id: 0x9532ec94, L:/127.0.0.1:58794 - R:localhost/127.0.0.1:38622]
19:54:19.213 [Forwarding isElementEnabled on session ab6f5b0c56aae2de1724798db6d4fa10 to remote] DEBUG org.asynchttpclient.netty.request.NettyRequestSender - Using pooled Channel '[id: 0x9532ec94, L:/127.0.0.1:58794 - R:localhost/127.0.0.1:38622]' for 'GET' to 'http://localhost:38622/session/ab6f5b0c56aae2de1724798db6d4fa10/element/1bc5fba3-f879-4af4-9ce2-3969d1af79f7/enabled'
19:54:19.213 [Forwarding isElementEnabled on session ab6f5b0c56aae2de1724798db6d4fa10 to remote] DEBUG org.asynchttpclient.netty.request.NettyRequestSender - Using open Channel [id: 0x9532ec94, L:/127.0.0.1:58794 - R:localhost/127.0.0.1:38622] for GET '/session/ab6f5b0c56aae2de1724798db6d4fa10/element/1bc5fba3-f879-4af4-9ce2-3969d1af79f7/enabled'
19:54:19.213 [AsyncHttpClient-1-8] DEBUG org.asynchttpclient.netty.handler.HttpHandler - 

Request DefaultFullHttpRequest(decodeResult: success, version: HTTP/1.1, content: EmptyByteBufBE)
GET /session/ab6f5b0c56aae2de1724798db6d4fa10/element/1bc5fba3-f879-4af4-9ce2-3969d1af79f7/enabled HTTP/1.1
User-Agent: selenium/4.7.1 (java windows)
Cache-Control: no-cache
Content-Type: application/json; charset=utf-8
host: localhost:38622
accept: */*

Response DefaultHttpResponse(decodeResult: success, version: HTTP/1.1)
HTTP/1.1 200 OK
Content-Type: application/json; charset=utf-8
cache-control: no-cache
content-length: 14

19:54:19.213 [AsyncHttpClient-1-8] DEBUG org.asynchttpclient.netty.channel.ChannelManager - Adding key: http://localhost:38622 for channel [id: 0x9532ec94, L:/127.0.0.1:58794 - R:localhost/127.0.0.1:38622]
19:54:19.213 [Forwarding isElementEnabled on session ab6f5b0c56aae2de1724798db6d4fa10 to remote] DEBUG org.asynchttpclient.netty.request.NettyRequestSender - Using pooled Channel '[id: 0x9532ec94, L:/127.0.0.1:58794 - R:localhost/127.0.0.1:38622]' for 'GET' to 'http://localhost:38622/session/ab6f5b0c56aae2de1724798db6d4fa10/element/1bc5fba3-f879-4af4-9ce2-3969d1af79f7/enabled'
19:54:19.213 [Forwarding isElementEnabled on session ab6f5b0c56aae2de1724798db6d4fa10 to remote] DEBUG org.asynchttpclient.netty.request.NettyRequestSender - Using open Channel [id: 0x9532ec94, L:/127.0.0.1:58794 - R:localhost/127.0.0.1:38622] for GET '/session/ab6f5b0c56aae2de1724798db6d4fa10/element/1bc5fba3-f879-4af4-9ce2-3969d1af79f7/enabled'
19:54:19.228 [AsyncHttpClient-1-8] DEBUG org.asynchttpclient.netty.handler.HttpHandler - 

Request DefaultFullHttpRequest(decodeResult: success, version: HTTP/1.1, content: EmptyByteBufBE)
GET /session/ab6f5b0c56aae2de1724798db6d4fa10/element/1bc5fba3-f879-4af4-9ce2-3969d1af79f7/enabled HTTP/1.1
User-Agent: selenium/4.7.1 (java windows)
Cache-Control: no-cache
Content-Type: application/json; charset=utf-8
host: localhost:38622
accept: */*

Response DefaultHttpResponse(decodeResult: success, version: HTTP/1.1)
HTTP/1.1 200 OK
Content-Type: application/json; charset=utf-8
cache-control: no-cache
content-length: 14

19:54:19.228 [AsyncHttpClient-1-8] DEBUG org.asynchttpclient.netty.channel.ChannelManager - Adding key: http://localhost:38622 for channel [id: 0x9532ec94, L:/127.0.0.1:58794 - R:localhost/127.0.0.1:38622]
19:54:19.228 [Forwarding findElement on session ab6f5b0c56aae2de1724798db6d4fa10 to remote] DEBUG org.asynchttpclient.netty.request.NettyRequestSender - Using pooled Channel '[id: 0x9532ec94, L:/127.0.0.1:58794 - R:localhost/127.0.0.1:38622]' for 'POST' to 'http://localhost:38622/session/ab6f5b0c56aae2de1724798db6d4fa10/element'
19:54:19.228 [Forwarding findElement on session ab6f5b0c56aae2de1724798db6d4fa10 to remote] DEBUG org.asynchttpclient.netty.request.NettyRequestSender - Using open Channel [id: 0x9532ec94, L:/127.0.0.1:58794 - R:localhost/127.0.0.1:38622] for POST '/session/ab6f5b0c56aae2de1724798db6d4fa10/element'
19:54:19.244 [AsyncHttpClient-1-8] DEBUG org.asynchttpclient.netty.handler.HttpHandler - 

Request DefaultHttpRequest(decodeResult: success, version: HTTP/1.1)
POST /session/ab6f5b0c56aae2de1724798db6d4fa10/element HTTP/1.1
User-Agent: selenium/4.7.1 (java windows)
Content-Length: 108
Content-Type: application/json; charset=utf-8
host: localhost:38622
accept: */*

Response DefaultHttpResponse(decodeResult: success, version: HTTP/1.1)
HTTP/1.1 200 OK
Content-Type: application/json; charset=utf-8
cache-control: no-cache
content-length: 88

19:54:19.244 [AsyncHttpClient-1-8] DEBUG org.asynchttpclient.netty.channel.ChannelManager - Adding key: http://localhost:38622 for channel [id: 0x9532ec94, L:/127.0.0.1:58794 - R:localhost/127.0.0.1:38622]
19:54:19.244 [Forwarding clickElement on session ab6f5b0c56aae2de1724798db6d4fa10 to remote] DEBUG org.asynchttpclient.netty.request.NettyRequestSender - Using pooled Channel '[id: 0x9532ec94, L:/127.0.0.1:58794 - R:localhost/127.0.0.1:38622]' for 'POST' to 'http://localhost:38622/session/ab6f5b0c56aae2de1724798db6d4fa10/element/1bc5fba3-f879-4af4-9ce2-3969d1af79f7/click'
19:54:19.244 [Forwarding clickElement on session ab6f5b0c56aae2de1724798db6d4fa10 to remote] DEBUG org.asynchttpclient.netty.request.NettyRequestSender - Using open Channel [id: 0x9532ec94, L:/127.0.0.1:58794 - R:localhost/127.0.0.1:38622] for POST '/session/ab6f5b0c56aae2de1724798db6d4fa10/element/1bc5fba3-f879-4af4-9ce2-3969d1af79f7/click'
19:54:19.319 [AsyncHttpClient-1-8] DEBUG org.asynchttpclient.netty.handler.HttpHandler - 

Request DefaultHttpRequest(decodeResult: success, version: HTTP/1.1)
POST /session/ab6f5b0c56aae2de1724798db6d4fa10/element/1bc5fba3-f879-4af4-9ce2-3969d1af79f7/click HTTP/1.1
User-Agent: selenium/4.7.1 (java windows)
Content-Length: 50
Content-Type: application/json; charset=utf-8
host: localhost:38622
accept: */*

Response DefaultHttpResponse(decodeResult: success, version: HTTP/1.1)
HTTP/1.1 200 OK
Content-Type: application/json; charset=utf-8
cache-control: no-cache
content-length: 14

19:54:19.319 [AsyncHttpClient-1-8] DEBUG org.asynchttpclient.netty.channel.ChannelManager - Adding key: http://localhost:38622 for channel [id: 0x9532ec94, L:/127.0.0.1:58794 - R:localhost/127.0.0.1:38622]
19:54:19.332 [Forwarding getCurrentWindowHandle on session ab6f5b0c56aae2de1724798db6d4fa10 to remote] DEBUG org.asynchttpclient.netty.request.NettyRequestSender - Using pooled Channel '[id: 0x9532ec94, L:/127.0.0.1:58794 - R:localhost/127.0.0.1:38622]' for 'GET' to 'http://localhost:38622/session/ab6f5b0c56aae2de1724798db6d4fa10/window'
19:54:19.333 [Forwarding getCurrentWindowHandle on session ab6f5b0c56aae2de1724798db6d4fa10 to remote] DEBUG org.asynchttpclient.netty.request.NettyRequestSender - Using open Channel [id: 0x9532ec94, L:/127.0.0.1:58794 - R:localhost/127.0.0.1:38622] for GET '/session/ab6f5b0c56aae2de1724798db6d4fa10/window'
19:54:19.335 [AsyncHttpClient-1-8] DEBUG org.asynchttpclient.netty.handler.HttpHandler - 

Request DefaultFullHttpRequest(decodeResult: success, version: HTTP/1.1, content: EmptyByteBufBE)
GET /session/ab6f5b0c56aae2de1724798db6d4fa10/window HTTP/1.1
User-Agent: selenium/4.7.1 (java windows)
Cache-Control: no-cache
Content-Type: application/json; charset=utf-8
host: localhost:38622
accept: */*

Response DefaultHttpResponse(decodeResult: success, version: HTTP/1.1)
HTTP/1.1 200 OK
Content-Type: application/json; charset=utf-8
cache-control: no-cache
content-length: 44

19:54:19.335 [AsyncHttpClient-1-8] DEBUG org.asynchttpclient.netty.channel.ChannelManager - Adding key: http://localhost:38622 for channel [id: 0x9532ec94, L:/127.0.0.1:58794 - R:localhost/127.0.0.1:38622]
19:54:19.338 [Forwarding getAlertText on session ab6f5b0c56aae2de1724798db6d4fa10 to remote] DEBUG org.asynchttpclient.netty.request.NettyRequestSender - Using pooled Channel '[id: 0x9532ec94, L:/127.0.0.1:58794 - R:localhost/127.0.0.1:38622]' for 'GET' to 'http://localhost:38622/session/ab6f5b0c56aae2de1724798db6d4fa10/alert/text'
19:54:19.338 [Forwarding getAlertText on session ab6f5b0c56aae2de1724798db6d4fa10 to remote] DEBUG org.asynchttpclient.netty.request.NettyRequestSender - Using open Channel [id: 0x9532ec94, L:/127.0.0.1:58794 - R:localhost/127.0.0.1:38622] for GET '/session/ab6f5b0c56aae2de1724798db6d4fa10/alert/text'
19:54:19.409 [AsyncHttpClient-1-8] DEBUG org.asynchttpclient.netty.handler.HttpHandler - 

Request DefaultFullHttpRequest(decodeResult: success, version: HTTP/1.1, content: EmptyByteBufBE)
GET /session/ab6f5b0c56aae2de1724798db6d4fa10/alert/text HTTP/1.1
User-Agent: selenium/4.7.1 (java windows)
Cache-Control: no-cache
Content-Type: application/json; charset=utf-8
host: localhost:38622
accept: */*

Response DefaultHttpResponse(decodeResult: success, version: HTTP/1.1)
HTTP/1.1 404 Not Found
Content-Type: application/json; charset=utf-8
cache-control: no-cache
content-length: 821

19:54:19.409 [AsyncHttpClient-1-8] DEBUG org.asynchttpclient.netty.channel.ChannelManager - Adding key: http://localhost:38622 for channel [id: 0x9532ec94, L:/127.0.0.1:58794 - R:localhost/127.0.0.1:38622]
19:54:19.412 [Forwarding switchToWindow on session ab6f5b0c56aae2de1724798db6d4fa10 to remote] DEBUG org.asynchttpclient.netty.request.NettyRequestSender - Using pooled Channel '[id: 0x9532ec94, L:/127.0.0.1:58794 - R:localhost/127.0.0.1:38622]' for 'POST' to 'http://localhost:38622/session/ab6f5b0c56aae2de1724798db6d4fa10/window'
19:54:19.412 [Forwarding switchToWindow on session ab6f5b0c56aae2de1724798db6d4fa10 to remote] DEBUG org.asynchttpclient.netty.request.NettyRequestSender - Using open Channel [id: 0x9532ec94, L:/127.0.0.1:58794 - R:localhost/127.0.0.1:38622] for POST '/session/ab6f5b0c56aae2de1724798db6d4fa10/window'
19:54:19.414 [AsyncHttpClient-1-8] DEBUG org.asynchttpclient.netty.handler.HttpHandler - 

Request DefaultHttpRequest(decodeResult: success, version: HTTP/1.1)
POST /session/ab6f5b0c56aae2de1724798db6d4fa10/window HTTP/1.1
User-Agent: selenium/4.7.1 (java windows)
Content-Length: 50
Content-Type: application/json; charset=utf-8
host: localhost:38622
accept: */*

Response DefaultHttpResponse(decodeResult: success, version: HTTP/1.1)
HTTP/1.1 200 OK
Content-Type: application/json; charset=utf-8
cache-control: no-cache
content-length: 14

19:54:19.414 [AsyncHttpClient-1-8] DEBUG org.asynchttpclient.netty.channel.ChannelManager - Adding key: http://localhost:38622 for channel [id: 0x9532ec94, L:/127.0.0.1:58794 - R:localhost/127.0.0.1:38622]
19:54:19.415 [Forwarding getCurrentUrl on session ab6f5b0c56aae2de1724798db6d4fa10 to remote] DEBUG org.asynchttpclient.netty.request.NettyRequestSender - Using pooled Channel '[id: 0x9532ec94, L:/127.0.0.1:58794 - R:localhost/127.0.0.1:38622]' for 'GET' to 'http://localhost:38622/session/ab6f5b0c56aae2de1724798db6d4fa10/url'
19:54:19.415 [Forwarding getCurrentUrl on session ab6f5b0c56aae2de1724798db6d4fa10 to remote] DEBUG org.asynchttpclient.netty.request.NettyRequestSender - Using open Channel [id: 0x9532ec94, L:/127.0.0.1:58794 - R:localhost/127.0.0.1:38622] for GET '/session/ab6f5b0c56aae2de1724798db6d4fa10/url'
19:54:19.427 [AsyncHttpClient-1-8] DEBUG org.asynchttpclient.netty.handler.HttpHandler - 

Request DefaultFullHttpRequest(decodeResult: success, version: HTTP/1.1, content: EmptyByteBufBE)
GET /session/ab6f5b0c56aae2de1724798db6d4fa10/url HTTP/1.1
User-Agent: selenium/4.7.1 (java windows)
Cache-Control: no-cache
Content-Type: application/json; charset=utf-8
host: localhost:38622
accept: */*

Response DefaultHttpResponse(decodeResult: success, version: HTTP/1.1)
HTTP/1.1 200 OK
Content-Type: application/json; charset=utf-8
cache-control: no-cache
content-length: 51

19:54:19.427 [AsyncHttpClient-1-8] DEBUG org.asynchttpclient.netty.channel.ChannelManager - Adding key: http://localhost:38622 for channel [id: 0x9532ec94, L:/127.0.0.1:58794 - R:localhost/127.0.0.1:38622]
19:54:19.429 [Forwarding screenshot on session ab6f5b0c56aae2de1724798db6d4fa10 to remote] DEBUG org.asynchttpclient.netty.request.NettyRequestSender - Using pooled Channel '[id: 0x9532ec94, L:/127.0.0.1:58794 - R:localhost/127.0.0.1:38622]' for 'GET' to 'http://localhost:38622/session/ab6f5b0c56aae2de1724798db6d4fa10/screenshot'
19:54:19.429 [Forwarding screenshot on session ab6f5b0c56aae2de1724798db6d4fa10 to remote] DEBUG org.asynchttpclient.netty.request.NettyRequestSender - Using open Channel [id: 0x9532ec94, L:/127.0.0.1:58794 - R:localhost/127.0.0.1:38622] for GET '/session/ab6f5b0c56aae2de1724798db6d4fa10/screenshot'
19:54:19.539 [AsyncHttpClient-1-8] DEBUG org.asynchttpclient.netty.handler.HttpHandler - 

Request DefaultFullHttpRequest(decodeResult: success, version: HTTP/1.1, content: EmptyByteBufBE)
GET /session/ab6f5b0c56aae2de1724798db6d4fa10/screenshot HTTP/1.1
User-Agent: selenium/4.7.1 (java windows)
Cache-Control: no-cache
Content-Type: application/json; charset=utf-8
host: localhost:38622
accept: */*

Response DefaultHttpResponse(decodeResult: success, version: HTTP/1.1)
HTTP/1.1 200 OK
Content-Type: application/json; charset=utf-8
cache-control: no-cache
content-length: 27080

19:54:19.540 [AsyncHttpClient-1-8] DEBUG org.asynchttpclient.netty.channel.ChannelManager - Adding key: http://localhost:38622 for channel [id: 0x9532ec94, L:/127.0.0.1:58794 - R:localhost/127.0.0.1:38622]
19:54:19.542 [main] DEBUG net.serenitybdd.core.photography.Darkroom - Send negative for processing for target\site\serenity\77943f4ac6e853126bc65a4f7829db2c6a8d40220bd0d09ce052e0a0886df26d.png
19:54:19.542 [main] DEBUG net.thucydides.core.steps.StepInterceptor - STEP DONE: klikButtonLogin
19:54:19.542 [Darkroom Processing Line] DEBUG net.serenitybdd.core.photography.DarkroomProcessingLine - Processing screenshot image in /var/screenshots/screenshot-18062300840314175641
19:54:19.542 [Darkroom Processing Line] DEBUG net.serenitybdd.core.photography.DarkroomProcessingLine - Saving screenshot to target\site\serenity\77943f4ac6e853126bc65a4f7829db2c6a8d40220bd0d09ce052e0a0886df26d.png
19:54:19.549 [main] DEBUG net.thucydides.core.steps.StepInterceptor - STARTING STEP: TransaksiSteps.userBeradaDiHomepageAltaShopDanLoginAkun - inputEmail
19:54:19.552 [Forwarding findElement on session ab6f5b0c56aae2de1724798db6d4fa10 to remote] DEBUG org.asynchttpclient.netty.request.NettyRequestSender - Using pooled Channel '[id: 0x9532ec94, L:/127.0.0.1:58794 - R:localhost/127.0.0.1:38622]' for 'POST' to 'http://localhost:38622/session/ab6f5b0c56aae2de1724798db6d4fa10/element'
19:54:19.552 [Forwarding findElement on session ab6f5b0c56aae2de1724798db6d4fa10 to remote] DEBUG org.asynchttpclient.netty.request.NettyRequestSender - Using open Channel [id: 0x9532ec94, L:/127.0.0.1:58794 - R:localhost/127.0.0.1:38622] for POST '/session/ab6f5b0c56aae2de1724798db6d4fa10/element'
19:54:19.565 [AsyncHttpClient-1-8] DEBUG org.asynchttpclient.netty.handler.HttpHandler - 

Request DefaultHttpRequest(decodeResult: success, version: HTTP/1.1)
POST /session/ab6f5b0c56aae2de1724798db6d4fa10/element HTTP/1.1
User-Agent: selenium/4.7.1 (java windows)
Content-Length: 187
Content-Type: application/json; charset=utf-8
host: localhost:38622
accept: */*

Response DefaultHttpResponse(decodeResult: success, version: HTTP/1.1)
HTTP/1.1 200 OK
Content-Type: application/json; charset=utf-8
cache-control: no-cache
content-length: 88

19:54:19.565 [AsyncHttpClient-1-8] DEBUG org.asynchttpclient.netty.channel.ChannelManager - Adding key: http://localhost:38622 for channel [id: 0x9532ec94, L:/127.0.0.1:58794 - R:localhost/127.0.0.1:38622]
19:54:19.566 [Forwarding clearElement on session ab6f5b0c56aae2de1724798db6d4fa10 to remote] DEBUG org.asynchttpclient.netty.request.NettyRequestSender - Using pooled Channel '[id: 0x9532ec94, L:/127.0.0.1:58794 - R:localhost/127.0.0.1:38622]' for 'POST' to 'http://localhost:38622/session/ab6f5b0c56aae2de1724798db6d4fa10/element/b51af9c1-374c-4f8c-b048-c10c9871ee2b/clear'
19:54:19.567 [Forwarding clearElement on session ab6f5b0c56aae2de1724798db6d4fa10 to remote] DEBUG org.asynchttpclient.netty.request.NettyRequestSender - Using open Channel [id: 0x9532ec94, L:/127.0.0.1:58794 - R:localhost/127.0.0.1:38622] for POST '/session/ab6f5b0c56aae2de1724798db6d4fa10/element/b51af9c1-374c-4f8c-b048-c10c9871ee2b/clear'
19:54:19.605 [AsyncHttpClient-1-8] DEBUG org.asynchttpclient.netty.handler.HttpHandler - 

Request DefaultHttpRequest(decodeResult: success, version: HTTP/1.1)
POST /session/ab6f5b0c56aae2de1724798db6d4fa10/element/b51af9c1-374c-4f8c-b048-c10c9871ee2b/clear HTTP/1.1
User-Agent: selenium/4.7.1 (java windows)
Content-Length: 50
Content-Type: application/json; charset=utf-8
host: localhost:38622
accept: */*

Response DefaultHttpResponse(decodeResult: success, version: HTTP/1.1)
HTTP/1.1 200 OK
Content-Type: application/json; charset=utf-8
cache-control: no-cache
content-length: 14

19:54:19.605 [AsyncHttpClient-1-8] DEBUG org.asynchttpclient.netty.channel.ChannelManager - Adding key: http://localhost:38622 for channel [id: 0x9532ec94, L:/127.0.0.1:58794 - R:localhost/127.0.0.1:38622]
19:54:19.608 [Forwarding sendKeysToElement on session ab6f5b0c56aae2de1724798db6d4fa10 to remote] DEBUG org.asynchttpclient.netty.request.NettyRequestSender - Using pooled Channel '[id: 0x9532ec94, L:/127.0.0.1:58794 - R:localhost/127.0.0.1:38622]' for 'POST' to 'http://localhost:38622/session/ab6f5b0c56aae2de1724798db6d4fa10/element/b51af9c1-374c-4f8c-b048-c10c9871ee2b/value'
19:54:19.608 [Forwarding sendKeysToElement on session ab6f5b0c56aae2de1724798db6d4fa10 to remote] DEBUG org.asynchttpclient.netty.request.NettyRequestSender - Using open Channel [id: 0x9532ec94, L:/127.0.0.1:58794 - R:localhost/127.0.0.1:38622] for POST '/session/ab6f5b0c56aae2de1724798db6d4fa10/element/b51af9c1-374c-4f8c-b048-c10c9871ee2b/value'
19:54:19.729 [AsyncHttpClient-1-8] DEBUG org.asynchttpclient.netty.handler.HttpHandler - 

Request DefaultHttpRequest(decodeResult: success, version: HTTP/1.1)
POST /session/ab6f5b0c56aae2de1724798db6d4fa10/element/b51af9c1-374c-4f8c-b048-c10c9871ee2b/value HTTP/1.1
User-Agent: selenium/4.7.1 (java windows)
Content-Length: 211
Content-Type: application/json; charset=utf-8
host: localhost:38622
accept: */*

Response DefaultHttpResponse(decodeResult: success, version: HTTP/1.1)
HTTP/1.1 200 OK
Content-Type: application/json; charset=utf-8
cache-control: no-cache
content-length: 14

19:54:19.730 [AsyncHttpClient-1-8] DEBUG org.asynchttpclient.netty.channel.ChannelManager - Adding key: http://localhost:38622 for channel [id: 0x9532ec94, L:/127.0.0.1:58794 - R:localhost/127.0.0.1:38622]
19:54:19.739 [Forwarding getCurrentWindowHandle on session ab6f5b0c56aae2de1724798db6d4fa10 to remote] DEBUG org.asynchttpclient.netty.request.NettyRequestSender - Using pooled Channel '[id: 0x9532ec94, L:/127.0.0.1:58794 - R:localhost/127.0.0.1:38622]' for 'GET' to 'http://localhost:38622/session/ab6f5b0c56aae2de1724798db6d4fa10/window'
19:54:19.739 [Forwarding getCurrentWindowHandle on session ab6f5b0c56aae2de1724798db6d4fa10 to remote] DEBUG org.asynchttpclient.netty.request.NettyRequestSender - Using open Channel [id: 0x9532ec94, L:/127.0.0.1:58794 - R:localhost/127.0.0.1:38622] for GET '/session/ab6f5b0c56aae2de1724798db6d4fa10/window'
19:54:19.740 [AsyncHttpClient-1-8] DEBUG org.asynchttpclient.netty.handler.HttpHandler - 

Request DefaultFullHttpRequest(decodeResult: success, version: HTTP/1.1, content: EmptyByteBufBE)
GET /session/ab6f5b0c56aae2de1724798db6d4fa10/window HTTP/1.1
User-Agent: selenium/4.7.1 (java windows)
Cache-Control: no-cache
Content-Type: application/json; charset=utf-8
host: localhost:38622
accept: */*

Response DefaultHttpResponse(decodeResult: success, version: HTTP/1.1)
HTTP/1.1 200 OK
Content-Type: application/json; charset=utf-8
cache-control: no-cache
content-length: 44

19:54:19.740 [AsyncHttpClient-1-8] DEBUG org.asynchttpclient.netty.channel.ChannelManager - Adding key: http://localhost:38622 for channel [id: 0x9532ec94, L:/127.0.0.1:58794 - R:localhost/127.0.0.1:38622]
19:54:19.742 [Forwarding getAlertText on session ab6f5b0c56aae2de1724798db6d4fa10 to remote] DEBUG org.asynchttpclient.netty.request.NettyRequestSender - Using pooled Channel '[id: 0x9532ec94, L:/127.0.0.1:58794 - R:localhost/127.0.0.1:38622]' for 'GET' to 'http://localhost:38622/session/ab6f5b0c56aae2de1724798db6d4fa10/alert/text'
19:54:19.742 [Forwarding getAlertText on session ab6f5b0c56aae2de1724798db6d4fa10 to remote] DEBUG org.asynchttpclient.netty.request.NettyRequestSender - Using open Channel [id: 0x9532ec94, L:/127.0.0.1:58794 - R:localhost/127.0.0.1:38622] for GET '/session/ab6f5b0c56aae2de1724798db6d4fa10/alert/text'
19:54:19.744 [AsyncHttpClient-1-8] DEBUG org.asynchttpclient.netty.handler.HttpHandler - 

Request DefaultFullHttpRequest(decodeResult: success, version: HTTP/1.1, content: EmptyByteBufBE)
GET /session/ab6f5b0c56aae2de1724798db6d4fa10/alert/text HTTP/1.1
User-Agent: selenium/4.7.1 (java windows)
Cache-Control: no-cache
Content-Type: application/json; charset=utf-8
host: localhost:38622
accept: */*

Response DefaultHttpResponse(decodeResult: success, version: HTTP/1.1)
HTTP/1.1 404 Not Found
Content-Type: application/json; charset=utf-8
cache-control: no-cache
content-length: 821

19:54:19.744 [AsyncHttpClient-1-8] DEBUG org.asynchttpclient.netty.channel.ChannelManager - Adding key: http://localhost:38622 for channel [id: 0x9532ec94, L:/127.0.0.1:58794 - R:localhost/127.0.0.1:38622]
19:54:19.748 [Forwarding switchToWindow on session ab6f5b0c56aae2de1724798db6d4fa10 to remote] DEBUG org.asynchttpclient.netty.request.NettyRequestSender - Using pooled Channel '[id: 0x9532ec94, L:/127.0.0.1:58794 - R:localhost/127.0.0.1:38622]' for 'POST' to 'http://localhost:38622/session/ab6f5b0c56aae2de1724798db6d4fa10/window'
19:54:19.748 [Forwarding switchToWindow on session ab6f5b0c56aae2de1724798db6d4fa10 to remote] DEBUG org.asynchttpclient.netty.request.NettyRequestSender - Using open Channel [id: 0x9532ec94, L:/127.0.0.1:58794 - R:localhost/127.0.0.1:38622] for POST '/session/ab6f5b0c56aae2de1724798db6d4fa10/window'
19:54:19.751 [AsyncHttpClient-1-8] DEBUG org.asynchttpclient.netty.handler.HttpHandler - 

Request DefaultHttpRequest(decodeResult: success, version: HTTP/1.1)
POST /session/ab6f5b0c56aae2de1724798db6d4fa10/window HTTP/1.1
User-Agent: selenium/4.7.1 (java windows)
Content-Length: 50
Content-Type: application/json; charset=utf-8
host: localhost:38622
accept: */*

Response DefaultHttpResponse(decodeResult: success, version: HTTP/1.1)
HTTP/1.1 200 OK
Content-Type: application/json; charset=utf-8
cache-control: no-cache
content-length: 14

19:54:19.752 [AsyncHttpClient-1-8] DEBUG org.asynchttpclient.netty.channel.ChannelManager - Adding key: http://localhost:38622 for channel [id: 0x9532ec94, L:/127.0.0.1:58794 - R:localhost/127.0.0.1:38622]
19:54:19.752 [Forwarding getCurrentUrl on session ab6f5b0c56aae2de1724798db6d4fa10 to remote] DEBUG org.asynchttpclient.netty.request.NettyRequestSender - Using pooled Channel '[id: 0x9532ec94, L:/127.0.0.1:58794 - R:localhost/127.0.0.1:38622]' for 'GET' to 'http://localhost:38622/session/ab6f5b0c56aae2de1724798db6d4fa10/url'
19:54:19.753 [Forwarding getCurrentUrl on session ab6f5b0c56aae2de1724798db6d4fa10 to remote] DEBUG org.asynchttpclient.netty.request.NettyRequestSender - Using open Channel [id: 0x9532ec94, L:/127.0.0.1:58794 - R:localhost/127.0.0.1:38622] for GET '/session/ab6f5b0c56aae2de1724798db6d4fa10/url'
19:54:19.757 [AsyncHttpClient-1-8] DEBUG org.asynchttpclient.netty.handler.HttpHandler - 

Request DefaultFullHttpRequest(decodeResult: success, version: HTTP/1.1, content: EmptyByteBufBE)
GET /session/ab6f5b0c56aae2de1724798db6d4fa10/url HTTP/1.1
User-Agent: selenium/4.7.1 (java windows)
Cache-Control: no-cache
Content-Type: application/json; charset=utf-8
host: localhost:38622
accept: */*

Response DefaultHttpResponse(decodeResult: success, version: HTTP/1.1)
HTTP/1.1 200 OK
Content-Type: application/json; charset=utf-8
cache-control: no-cache
content-length: 51

19:54:19.757 [AsyncHttpClient-1-8] DEBUG org.asynchttpclient.netty.channel.ChannelManager - Adding key: http://localhost:38622 for channel [id: 0x9532ec94, L:/127.0.0.1:58794 - R:localhost/127.0.0.1:38622]
19:54:19.758 [Forwarding screenshot on session ab6f5b0c56aae2de1724798db6d4fa10 to remote] DEBUG org.asynchttpclient.netty.request.NettyRequestSender - Using pooled Channel '[id: 0x9532ec94, L:/127.0.0.1:58794 - R:localhost/127.0.0.1:38622]' for 'GET' to 'http://localhost:38622/session/ab6f5b0c56aae2de1724798db6d4fa10/screenshot'
19:54:19.759 [Forwarding screenshot on session ab6f5b0c56aae2de1724798db6d4fa10 to remote] DEBUG org.asynchttpclient.netty.request.NettyRequestSender - Using open Channel [id: 0x9532ec94, L:/127.0.0.1:58794 - R:localhost/127.0.0.1:38622] for GET '/session/ab6f5b0c56aae2de1724798db6d4fa10/screenshot'
19:54:19.811 [AsyncHttpClient-1-1] DEBUG org.asynchttpclient.netty.channel.DefaultChannelPool - Entry count for : http://localhost:58795 : 1
19:54:19.884 [AsyncHttpClient-1-8] DEBUG org.asynchttpclient.netty.handler.HttpHandler - 

Request DefaultFullHttpRequest(decodeResult: success, version: HTTP/1.1, content: EmptyByteBufBE)
GET /session/ab6f5b0c56aae2de1724798db6d4fa10/screenshot HTTP/1.1
User-Agent: selenium/4.7.1 (java windows)
Cache-Control: no-cache
Content-Type: application/json; charset=utf-8
host: localhost:38622
accept: */*

Response DefaultHttpResponse(decodeResult: success, version: HTTP/1.1)
HTTP/1.1 200 OK
Content-Type: application/json; charset=utf-8
cache-control: no-cache
content-length: 29912

19:54:19.885 [AsyncHttpClient-1-8] DEBUG org.asynchttpclient.netty.channel.ChannelManager - Adding key: http://localhost:38622 for channel [id: 0x9532ec94, L:/127.0.0.1:58794 - R:localhost/127.0.0.1:38622]
19:54:19.886 [main] DEBUG net.serenitybdd.core.photography.Darkroom - Send negative for processing for target\site\serenity\c658029782baef7eda31d453f8830328b4d912483ebfd6931f63a58edb49cbc8.png
19:54:19.887 [main] DEBUG net.thucydides.core.steps.StepInterceptor - STEP DONE: inputEmail
19:54:19.887 [Darkroom Processing Line] DEBUG net.serenitybdd.core.photography.DarkroomProcessingLine - Processing screenshot image in /var/screenshots/screenshot-13912217073374665490
19:54:19.887 [Darkroom Processing Line] DEBUG net.serenitybdd.core.photography.DarkroomProcessingLine - Saving screenshot to target\site\serenity\c658029782baef7eda31d453f8830328b4d912483ebfd6931f63a58edb49cbc8.png
19:54:19.890 [main] DEBUG net.thucydides.core.steps.StepInterceptor - STARTING STEP: TransaksiSteps.userBeradaDiHomepageAltaShopDanLoginAkun - inputPassword
19:54:19.894 [Forwarding findElement on session ab6f5b0c56aae2de1724798db6d4fa10 to remote] DEBUG org.asynchttpclient.netty.request.NettyRequestSender - Using pooled Channel '[id: 0x9532ec94, L:/127.0.0.1:58794 - R:localhost/127.0.0.1:38622]' for 'POST' to 'http://localhost:38622/session/ab6f5b0c56aae2de1724798db6d4fa10/element'
19:54:19.894 [Forwarding findElement on session ab6f5b0c56aae2de1724798db6d4fa10 to remote] DEBUG org.asynchttpclient.netty.request.NettyRequestSender - Using open Channel [id: 0x9532ec94, L:/127.0.0.1:58794 - R:localhost/127.0.0.1:38622] for POST '/session/ab6f5b0c56aae2de1724798db6d4fa10/element'
19:54:19.913 [AsyncHttpClient-1-8] DEBUG org.asynchttpclient.netty.handler.HttpHandler - 

Request DefaultHttpRequest(decodeResult: success, version: HTTP/1.1)
POST /session/ab6f5b0c56aae2de1724798db6d4fa10/element HTTP/1.1
User-Agent: selenium/4.7.1 (java windows)
Content-Length: 187
Content-Type: application/json; charset=utf-8
host: localhost:38622
accept: */*

Response DefaultHttpResponse(decodeResult: success, version: HTTP/1.1)
HTTP/1.1 200 OK
Content-Type: application/json; charset=utf-8
cache-control: no-cache
content-length: 88

19:54:19.913 [AsyncHttpClient-1-8] DEBUG org.asynchttpclient.netty.channel.ChannelManager - Adding key: http://localhost:38622 for channel [id: 0x9532ec94, L:/127.0.0.1:58794 - R:localhost/127.0.0.1:38622]
19:54:19.915 [Forwarding clearElement on session ab6f5b0c56aae2de1724798db6d4fa10 to remote] DEBUG org.asynchttpclient.netty.request.NettyRequestSender - Using pooled Channel '[id: 0x9532ec94, L:/127.0.0.1:58794 - R:localhost/127.0.0.1:38622]' for 'POST' to 'http://localhost:38622/session/ab6f5b0c56aae2de1724798db6d4fa10/element/609b3b2f-091e-484b-95c8-37ef77490054/clear'
19:54:19.915 [Forwarding clearElement on session ab6f5b0c56aae2de1724798db6d4fa10 to remote] DEBUG org.asynchttpclient.netty.request.NettyRequestSender - Using open Channel [id: 0x9532ec94, L:/127.0.0.1:58794 - R:localhost/127.0.0.1:38622] for POST '/session/ab6f5b0c56aae2de1724798db6d4fa10/element/609b3b2f-091e-484b-95c8-37ef77490054/clear'
19:54:19.962 [AsyncHttpClient-1-8] DEBUG org.asynchttpclient.netty.handler.HttpHandler - 

Request DefaultHttpRequest(decodeResult: success, version: HTTP/1.1)
POST /session/ab6f5b0c56aae2de1724798db6d4fa10/element/609b3b2f-091e-484b-95c8-37ef77490054/clear HTTP/1.1
User-Agent: selenium/4.7.1 (java windows)
Content-Length: 50
Content-Type: application/json; charset=utf-8
host: localhost:38622
accept: */*

Response DefaultHttpResponse(decodeResult: success, version: HTTP/1.1)
HTTP/1.1 200 OK
Content-Type: application/json; charset=utf-8
cache-control: no-cache
content-length: 14

19:54:19.962 [AsyncHttpClient-1-8] DEBUG org.asynchttpclient.netty.channel.ChannelManager - Adding key: http://localhost:38622 for channel [id: 0x9532ec94, L:/127.0.0.1:58794 - R:localhost/127.0.0.1:38622]
19:54:19.965 [Forwarding sendKeysToElement on session ab6f5b0c56aae2de1724798db6d4fa10 to remote] DEBUG org.asynchttpclient.netty.request.NettyRequestSender - Using pooled Channel '[id: 0x9532ec94, L:/127.0.0.1:58794 - R:localhost/127.0.0.1:38622]' for 'POST' to 'http://localhost:38622/session/ab6f5b0c56aae2de1724798db6d4fa10/element/609b3b2f-091e-484b-95c8-37ef77490054/value'
19:54:19.965 [Forwarding sendKeysToElement on session ab6f5b0c56aae2de1724798db6d4fa10 to remote] DEBUG org.asynchttpclient.netty.request.NettyRequestSender - Using open Channel [id: 0x9532ec94, L:/127.0.0.1:58794 - R:localhost/127.0.0.1:38622] for POST '/session/ab6f5b0c56aae2de1724798db6d4fa10/element/609b3b2f-091e-484b-95c8-37ef77490054/value'
19:54:20.038 [AsyncHttpClient-1-8] DEBUG org.asynchttpclient.netty.handler.HttpHandler - 

Request DefaultHttpRequest(decodeResult: success, version: HTTP/1.1)
POST /session/ab6f5b0c56aae2de1724798db6d4fa10/element/609b3b2f-091e-484b-95c8-37ef77490054/value HTTP/1.1
User-Agent: selenium/4.7.1 (java windows)
Content-Length: 111
Content-Type: application/json; charset=utf-8
host: localhost:38622
accept: */*

Response DefaultHttpResponse(decodeResult: success, version: HTTP/1.1)
HTTP/1.1 200 OK
Content-Type: application/json; charset=utf-8
cache-control: no-cache
content-length: 14

19:54:20.039 [AsyncHttpClient-1-8] DEBUG org.asynchttpclient.netty.channel.ChannelManager - Adding key: http://localhost:38622 for channel [id: 0x9532ec94, L:/127.0.0.1:58794 - R:localhost/127.0.0.1:38622]
19:54:20.046 [Forwarding getCurrentWindowHandle on session ab6f5b0c56aae2de1724798db6d4fa10 to remote] DEBUG org.asynchttpclient.netty.request.NettyRequestSender - Using pooled Channel '[id: 0x9532ec94, L:/127.0.0.1:58794 - R:localhost/127.0.0.1:38622]' for 'GET' to 'http://localhost:38622/session/ab6f5b0c56aae2de1724798db6d4fa10/window'
19:54:20.046 [Forwarding getCurrentWindowHandle on session ab6f5b0c56aae2de1724798db6d4fa10 to remote] DEBUG org.asynchttpclient.netty.request.NettyRequestSender - Using open Channel [id: 0x9532ec94, L:/127.0.0.1:58794 - R:localhost/127.0.0.1:38622] for GET '/session/ab6f5b0c56aae2de1724798db6d4fa10/window'
19:54:20.047 [AsyncHttpClient-1-8] DEBUG org.asynchttpclient.netty.handler.HttpHandler - 

Request DefaultFullHttpRequest(decodeResult: success, version: HTTP/1.1, content: EmptyByteBufBE)
GET /session/ab6f5b0c56aae2de1724798db6d4fa10/window HTTP/1.1
User-Agent: selenium/4.7.1 (java windows)
Cache-Control: no-cache
Content-Type: application/json; charset=utf-8
host: localhost:38622
accept: */*

Response DefaultHttpResponse(decodeResult: success, version: HTTP/1.1)
HTTP/1.1 200 OK
Content-Type: application/json; charset=utf-8
cache-control: no-cache
content-length: 44

19:54:20.048 [AsyncHttpClient-1-8] DEBUG org.asynchttpclient.netty.channel.ChannelManager - Adding key: http://localhost:38622 for channel [id: 0x9532ec94, L:/127.0.0.1:58794 - R:localhost/127.0.0.1:38622]
19:54:20.049 [Forwarding getAlertText on session ab6f5b0c56aae2de1724798db6d4fa10 to remote] DEBUG org.asynchttpclient.netty.request.NettyRequestSender - Using pooled Channel '[id: 0x9532ec94, L:/127.0.0.1:58794 - R:localhost/127.0.0.1:38622]' for 'GET' to 'http://localhost:38622/session/ab6f5b0c56aae2de1724798db6d4fa10/alert/text'
19:54:20.049 [Forwarding getAlertText on session ab6f5b0c56aae2de1724798db6d4fa10 to remote] DEBUG org.asynchttpclient.netty.request.NettyRequestSender - Using open Channel [id: 0x9532ec94, L:/127.0.0.1:58794 - R:localhost/127.0.0.1:38622] for GET '/session/ab6f5b0c56aae2de1724798db6d4fa10/alert/text'
19:54:20.051 [AsyncHttpClient-1-8] DEBUG org.asynchttpclient.netty.handler.HttpHandler - 

Request DefaultFullHttpRequest(decodeResult: success, version: HTTP/1.1, content: EmptyByteBufBE)
GET /session/ab6f5b0c56aae2de1724798db6d4fa10/alert/text HTTP/1.1
User-Agent: selenium/4.7.1 (java windows)
Cache-Control: no-cache
Content-Type: application/json; charset=utf-8
host: localhost:38622
accept: */*

Response DefaultHttpResponse(decodeResult: success, version: HTTP/1.1)
HTTP/1.1 404 Not Found
Content-Type: application/json; charset=utf-8
cache-control: no-cache
content-length: 821

19:54:20.051 [AsyncHttpClient-1-8] DEBUG org.asynchttpclient.netty.channel.ChannelManager - Adding key: http://localhost:38622 for channel [id: 0x9532ec94, L:/127.0.0.1:58794 - R:localhost/127.0.0.1:38622]
19:54:20.054 [Forwarding switchToWindow on session ab6f5b0c56aae2de1724798db6d4fa10 to remote] DEBUG org.asynchttpclient.netty.request.NettyRequestSender - Using pooled Channel '[id: 0x9532ec94, L:/127.0.0.1:58794 - R:localhost/127.0.0.1:38622]' for 'POST' to 'http://localhost:38622/session/ab6f5b0c56aae2de1724798db6d4fa10/window'
19:54:20.054 [Forwarding switchToWindow on session ab6f5b0c56aae2de1724798db6d4fa10 to remote] DEBUG org.asynchttpclient.netty.request.NettyRequestSender - Using open Channel [id: 0x9532ec94, L:/127.0.0.1:58794 - R:localhost/127.0.0.1:38622] for POST '/session/ab6f5b0c56aae2de1724798db6d4fa10/window'
19:54:20.056 [AsyncHttpClient-1-8] DEBUG org.asynchttpclient.netty.handler.HttpHandler - 

Request DefaultHttpRequest(decodeResult: success, version: HTTP/1.1)
POST /session/ab6f5b0c56aae2de1724798db6d4fa10/window HTTP/1.1
User-Agent: selenium/4.7.1 (java windows)
Content-Length: 50
Content-Type: application/json; charset=utf-8
host: localhost:38622
accept: */*

Response DefaultHttpResponse(decodeResult: success, version: HTTP/1.1)
HTTP/1.1 200 OK
Content-Type: application/json; charset=utf-8
cache-control: no-cache
content-length: 14

19:54:20.056 [AsyncHttpClient-1-8] DEBUG org.asynchttpclient.netty.channel.ChannelManager - Adding key: http://localhost:38622 for channel [id: 0x9532ec94, L:/127.0.0.1:58794 - R:localhost/127.0.0.1:38622]
19:54:20.058 [Forwarding getCurrentUrl on session ab6f5b0c56aae2de1724798db6d4fa10 to remote] DEBUG org.asynchttpclient.netty.request.NettyRequestSender - Using pooled Channel '[id: 0x9532ec94, L:/127.0.0.1:58794 - R:localhost/127.0.0.1:38622]' for 'GET' to 'http://localhost:38622/session/ab6f5b0c56aae2de1724798db6d4fa10/url'
19:54:20.058 [Forwarding getCurrentUrl on session ab6f5b0c56aae2de1724798db6d4fa10 to remote] DEBUG org.asynchttpclient.netty.request.NettyRequestSender - Using open Channel [id: 0x9532ec94, L:/127.0.0.1:58794 - R:localhost/127.0.0.1:38622] for GET '/session/ab6f5b0c56aae2de1724798db6d4fa10/url'
19:54:20.062 [AsyncHttpClient-1-8] DEBUG org.asynchttpclient.netty.handler.HttpHandler - 

Request DefaultFullHttpRequest(decodeResult: success, version: HTTP/1.1, content: EmptyByteBufBE)
GET /session/ab6f5b0c56aae2de1724798db6d4fa10/url HTTP/1.1
User-Agent: selenium/4.7.1 (java windows)
Cache-Control: no-cache
Content-Type: application/json; charset=utf-8
host: localhost:38622
accept: */*

Response DefaultHttpResponse(decodeResult: success, version: HTTP/1.1)
HTTP/1.1 200 OK
Content-Type: application/json; charset=utf-8
cache-control: no-cache
content-length: 51

19:54:20.062 [AsyncHttpClient-1-8] DEBUG org.asynchttpclient.netty.channel.ChannelManager - Adding key: http://localhost:38622 for channel [id: 0x9532ec94, L:/127.0.0.1:58794 - R:localhost/127.0.0.1:38622]
19:54:20.064 [Forwarding screenshot on session ab6f5b0c56aae2de1724798db6d4fa10 to remote] DEBUG org.asynchttpclient.netty.request.NettyRequestSender - Using pooled Channel '[id: 0x9532ec94, L:/127.0.0.1:58794 - R:localhost/127.0.0.1:38622]' for 'GET' to 'http://localhost:38622/session/ab6f5b0c56aae2de1724798db6d4fa10/screenshot'
19:54:20.064 [Forwarding screenshot on session ab6f5b0c56aae2de1724798db6d4fa10 to remote] DEBUG org.asynchttpclient.netty.request.NettyRequestSender - Using open Channel [id: 0x9532ec94, L:/127.0.0.1:58794 - R:localhost/127.0.0.1:38622] for GET '/session/ab6f5b0c56aae2de1724798db6d4fa10/screenshot'
19:54:20.175 [AsyncHttpClient-1-8] DEBUG org.asynchttpclient.netty.handler.HttpHandler - 

Request DefaultFullHttpRequest(decodeResult: success, version: HTTP/1.1, content: EmptyByteBufBE)
GET /session/ab6f5b0c56aae2de1724798db6d4fa10/screenshot HTTP/1.1
User-Agent: selenium/4.7.1 (java windows)
Cache-Control: no-cache
Content-Type: application/json; charset=utf-8
host: localhost:38622
accept: */*

Response DefaultHttpResponse(decodeResult: success, version: HTTP/1.1)
HTTP/1.1 200 OK
Content-Type: application/json; charset=utf-8
cache-control: no-cache
content-length: 30112

19:54:20.175 [AsyncHttpClient-1-8] DEBUG org.asynchttpclient.netty.channel.ChannelManager - Adding key: http://localhost:38622 for channel [id: 0x9532ec94, L:/127.0.0.1:58794 - R:localhost/127.0.0.1:38622]
19:54:20.177 [main] DEBUG net.serenitybdd.core.photography.Darkroom - Send negative for processing for target\site\serenity\c5d23664d294bc0b05fe8cc4b9b546a19df2a6d9cfc709732fd72375bcab7270.png
19:54:20.177 [main] DEBUG net.thucydides.core.steps.StepInterceptor - STEP DONE: inputPassword
19:54:20.178 [Darkroom Processing Line] DEBUG net.serenitybdd.core.photography.DarkroomProcessingLine - Processing screenshot image in /var/screenshots/screenshot-13376317953625741326
19:54:20.178 [Darkroom Processing Line] DEBUG net.serenitybdd.core.photography.DarkroomProcessingLine - Saving screenshot to target\site\serenity\c5d23664d294bc0b05fe8cc4b9b546a19df2a6d9cfc709732fd72375bcab7270.png
19:54:20.183 [main] DEBUG net.thucydides.core.steps.StepInterceptor - STARTING STEP: TransaksiSteps.userBeradaDiHomepageAltaShopDanLoginAkun - klikButtonLoginKedua
19:54:20.186 [Forwarding findElement on session ab6f5b0c56aae2de1724798db6d4fa10 to remote] DEBUG org.asynchttpclient.netty.request.NettyRequestSender - Using pooled Channel '[id: 0x9532ec94, L:/127.0.0.1:58794 - R:localhost/127.0.0.1:38622]' for 'POST' to 'http://localhost:38622/session/ab6f5b0c56aae2de1724798db6d4fa10/element'
19:54:20.186 [Forwarding findElement on session ab6f5b0c56aae2de1724798db6d4fa10 to remote] DEBUG org.asynchttpclient.netty.request.NettyRequestSender - Using open Channel [id: 0x9532ec94, L:/127.0.0.1:58794 - R:localhost/127.0.0.1:38622] for POST '/session/ab6f5b0c56aae2de1724798db6d4fa10/element'
19:54:20.202 [AsyncHttpClient-1-8] DEBUG org.asynchttpclient.netty.handler.HttpHandler - 

Request DefaultHttpRequest(decodeResult: success, version: HTTP/1.1)
POST /session/ab6f5b0c56aae2de1724798db6d4fa10/element HTTP/1.1
User-Agent: selenium/4.7.1 (java windows)
Content-Length: 141
Content-Type: application/json; charset=utf-8
host: localhost:38622
accept: */*

Response DefaultHttpResponse(decodeResult: success, version: HTTP/1.1)
HTTP/1.1 200 OK
Content-Type: application/json; charset=utf-8
cache-control: no-cache
content-length: 88

19:54:20.203 [AsyncHttpClient-1-8] DEBUG org.asynchttpclient.netty.channel.ChannelManager - Adding key: http://localhost:38622 for channel [id: 0x9532ec94, L:/127.0.0.1:58794 - R:localhost/127.0.0.1:38622]
19:54:20.204 [Forwarding getElementTagName on session ab6f5b0c56aae2de1724798db6d4fa10 to remote] DEBUG org.asynchttpclient.netty.request.NettyRequestSender - Using pooled Channel '[id: 0x9532ec94, L:/127.0.0.1:58794 - R:localhost/127.0.0.1:38622]' for 'GET' to 'http://localhost:38622/session/ab6f5b0c56aae2de1724798db6d4fa10/element/6727dee2-70fe-458c-90cc-7479585529ce/name'
19:54:20.204 [Forwarding getElementTagName on session ab6f5b0c56aae2de1724798db6d4fa10 to remote] DEBUG org.asynchttpclient.netty.request.NettyRequestSender - Using open Channel [id: 0x9532ec94, L:/127.0.0.1:58794 - R:localhost/127.0.0.1:38622] for GET '/session/ab6f5b0c56aae2de1724798db6d4fa10/element/6727dee2-70fe-458c-90cc-7479585529ce/name'
19:54:20.208 [AsyncHttpClient-1-8] DEBUG org.asynchttpclient.netty.handler.HttpHandler - 

Request DefaultFullHttpRequest(decodeResult: success, version: HTTP/1.1, content: EmptyByteBufBE)
GET /session/ab6f5b0c56aae2de1724798db6d4fa10/element/6727dee2-70fe-458c-90cc-7479585529ce/name HTTP/1.1
User-Agent: selenium/4.7.1 (java windows)
Cache-Control: no-cache
Content-Type: application/json; charset=utf-8
host: localhost:38622
accept: */*

Response DefaultHttpResponse(decodeResult: success, version: HTTP/1.1)
HTTP/1.1 200 OK
Content-Type: application/json; charset=utf-8
cache-control: no-cache
content-length: 18

19:54:20.209 [AsyncHttpClient-1-8] DEBUG org.asynchttpclient.netty.channel.ChannelManager - Adding key: http://localhost:38622 for channel [id: 0x9532ec94, L:/127.0.0.1:58794 - R:localhost/127.0.0.1:38622]
19:54:20.210 [Forwarding getElementTagName on session ab6f5b0c56aae2de1724798db6d4fa10 to remote] DEBUG org.asynchttpclient.netty.request.NettyRequestSender - Using pooled Channel '[id: 0x9532ec94, L:/127.0.0.1:58794 - R:localhost/127.0.0.1:38622]' for 'GET' to 'http://localhost:38622/session/ab6f5b0c56aae2de1724798db6d4fa10/element/6727dee2-70fe-458c-90cc-7479585529ce/name'
19:54:20.211 [Forwarding getElementTagName on session ab6f5b0c56aae2de1724798db6d4fa10 to remote] DEBUG org.asynchttpclient.netty.request.NettyRequestSender - Using open Channel [id: 0x9532ec94, L:/127.0.0.1:58794 - R:localhost/127.0.0.1:38622] for GET '/session/ab6f5b0c56aae2de1724798db6d4fa10/element/6727dee2-70fe-458c-90cc-7479585529ce/name'
19:54:20.218 [AsyncHttpClient-1-8] DEBUG org.asynchttpclient.netty.handler.HttpHandler - 

Request DefaultFullHttpRequest(decodeResult: success, version: HTTP/1.1, content: EmptyByteBufBE)
GET /session/ab6f5b0c56aae2de1724798db6d4fa10/element/6727dee2-70fe-458c-90cc-7479585529ce/name HTTP/1.1
User-Agent: selenium/4.7.1 (java windows)
Cache-Control: no-cache
Content-Type: application/json; charset=utf-8
host: localhost:38622
accept: */*

Response DefaultHttpResponse(decodeResult: success, version: HTTP/1.1)
HTTP/1.1 200 OK
Content-Type: application/json; charset=utf-8
cache-control: no-cache
content-length: 18

19:54:20.218 [AsyncHttpClient-1-8] DEBUG org.asynchttpclient.netty.channel.ChannelManager - Adding key: http://localhost:38622 for channel [id: 0x9532ec94, L:/127.0.0.1:58794 - R:localhost/127.0.0.1:38622]
19:54:20.221 [Forwarding isElementEnabled on session ab6f5b0c56aae2de1724798db6d4fa10 to remote] DEBUG org.asynchttpclient.netty.request.NettyRequestSender - Using pooled Channel '[id: 0x9532ec94, L:/127.0.0.1:58794 - R:localhost/127.0.0.1:38622]' for 'GET' to 'http://localhost:38622/session/ab6f5b0c56aae2de1724798db6d4fa10/element/6727dee2-70fe-458c-90cc-7479585529ce/enabled'
19:54:20.221 [Forwarding isElementEnabled on session ab6f5b0c56aae2de1724798db6d4fa10 to remote] DEBUG org.asynchttpclient.netty.request.NettyRequestSender - Using open Channel [id: 0x9532ec94, L:/127.0.0.1:58794 - R:localhost/127.0.0.1:38622] for GET '/session/ab6f5b0c56aae2de1724798db6d4fa10/element/6727dee2-70fe-458c-90cc-7479585529ce/enabled'
19:54:20.231 [AsyncHttpClient-1-8] DEBUG org.asynchttpclient.netty.handler.HttpHandler - 

Request DefaultFullHttpRequest(decodeResult: success, version: HTTP/1.1, content: EmptyByteBufBE)
GET /session/ab6f5b0c56aae2de1724798db6d4fa10/element/6727dee2-70fe-458c-90cc-7479585529ce/enabled HTTP/1.1
User-Agent: selenium/4.7.1 (java windows)
Cache-Control: no-cache
Content-Type: application/json; charset=utf-8
host: localhost:38622
accept: */*

Response DefaultHttpResponse(decodeResult: success, version: HTTP/1.1)
HTTP/1.1 200 OK
Content-Type: application/json; charset=utf-8
cache-control: no-cache
content-length: 14

19:54:20.232 [AsyncHttpClient-1-8] DEBUG org.asynchttpclient.netty.channel.ChannelManager - Adding key: http://localhost:38622 for channel [id: 0x9532ec94, L:/127.0.0.1:58794 - R:localhost/127.0.0.1:38622]
19:54:20.233 [Forwarding isElementEnabled on session ab6f5b0c56aae2de1724798db6d4fa10 to remote] DEBUG org.asynchttpclient.netty.request.NettyRequestSender - Using pooled Channel '[id: 0x9532ec94, L:/127.0.0.1:58794 - R:localhost/127.0.0.1:38622]' for 'GET' to 'http://localhost:38622/session/ab6f5b0c56aae2de1724798db6d4fa10/element/6727dee2-70fe-458c-90cc-7479585529ce/enabled'
19:54:20.233 [Forwarding isElementEnabled on session ab6f5b0c56aae2de1724798db6d4fa10 to remote] DEBUG org.asynchttpclient.netty.request.NettyRequestSender - Using open Channel [id: 0x9532ec94, L:/127.0.0.1:58794 - R:localhost/127.0.0.1:38622] for GET '/session/ab6f5b0c56aae2de1724798db6d4fa10/element/6727dee2-70fe-458c-90cc-7479585529ce/enabled'
19:54:20.240 [AsyncHttpClient-1-8] DEBUG org.asynchttpclient.netty.handler.HttpHandler - 

Request DefaultFullHttpRequest(decodeResult: success, version: HTTP/1.1, content: EmptyByteBufBE)
GET /session/ab6f5b0c56aae2de1724798db6d4fa10/element/6727dee2-70fe-458c-90cc-7479585529ce/enabled HTTP/1.1
User-Agent: selenium/4.7.1 (java windows)
Cache-Control: no-cache
Content-Type: application/json; charset=utf-8
host: localhost:38622
accept: */*

Response DefaultHttpResponse(decodeResult: success, version: HTTP/1.1)
HTTP/1.1 200 OK
Content-Type: application/json; charset=utf-8
cache-control: no-cache
content-length: 14

19:54:20.241 [AsyncHttpClient-1-8] DEBUG org.asynchttpclient.netty.channel.ChannelManager - Adding key: http://localhost:38622 for channel [id: 0x9532ec94, L:/127.0.0.1:58794 - R:localhost/127.0.0.1:38622]
19:54:20.247 [Forwarding findElement on session ab6f5b0c56aae2de1724798db6d4fa10 to remote] DEBUG org.asynchttpclient.netty.request.NettyRequestSender - Using pooled Channel '[id: 0x9532ec94, L:/127.0.0.1:58794 - R:localhost/127.0.0.1:38622]' for 'POST' to 'http://localhost:38622/session/ab6f5b0c56aae2de1724798db6d4fa10/element'
19:54:20.247 [Forwarding findElement on session ab6f5b0c56aae2de1724798db6d4fa10 to remote] DEBUG org.asynchttpclient.netty.request.NettyRequestSender - Using open Channel [id: 0x9532ec94, L:/127.0.0.1:58794 - R:localhost/127.0.0.1:38622] for POST '/session/ab6f5b0c56aae2de1724798db6d4fa10/element'
19:54:20.259 [AsyncHttpClient-1-8] DEBUG org.asynchttpclient.netty.handler.HttpHandler - 

Request DefaultHttpRequest(decodeResult: success, version: HTTP/1.1)
POST /session/ab6f5b0c56aae2de1724798db6d4fa10/element HTTP/1.1
User-Agent: selenium/4.7.1 (java windows)
Content-Length: 141
Content-Type: application/json; charset=utf-8
host: localhost:38622
accept: */*

Response DefaultHttpResponse(decodeResult: success, version: HTTP/1.1)
HTTP/1.1 200 OK
Content-Type: application/json; charset=utf-8
cache-control: no-cache
content-length: 88

19:54:20.259 [AsyncHttpClient-1-8] DEBUG org.asynchttpclient.netty.channel.ChannelManager - Adding key: http://localhost:38622 for channel [id: 0x9532ec94, L:/127.0.0.1:58794 - R:localhost/127.0.0.1:38622]
19:54:20.261 [Forwarding clickElement on session ab6f5b0c56aae2de1724798db6d4fa10 to remote] DEBUG org.asynchttpclient.netty.request.NettyRequestSender - Using pooled Channel '[id: 0x9532ec94, L:/127.0.0.1:58794 - R:localhost/127.0.0.1:38622]' for 'POST' to 'http://localhost:38622/session/ab6f5b0c56aae2de1724798db6d4fa10/element/6727dee2-70fe-458c-90cc-7479585529ce/click'
19:54:20.261 [Forwarding clickElement on session ab6f5b0c56aae2de1724798db6d4fa10 to remote] DEBUG org.asynchttpclient.netty.request.NettyRequestSender - Using open Channel [id: 0x9532ec94, L:/127.0.0.1:58794 - R:localhost/127.0.0.1:38622] for POST '/session/ab6f5b0c56aae2de1724798db6d4fa10/element/6727dee2-70fe-458c-90cc-7479585529ce/click'
19:54:20.327 [AsyncHttpClient-1-8] DEBUG org.asynchttpclient.netty.handler.HttpHandler - 

Request DefaultHttpRequest(decodeResult: success, version: HTTP/1.1)
POST /session/ab6f5b0c56aae2de1724798db6d4fa10/element/6727dee2-70fe-458c-90cc-7479585529ce/click HTTP/1.1
User-Agent: selenium/4.7.1 (java windows)
Content-Length: 50
Content-Type: application/json; charset=utf-8
host: localhost:38622
accept: */*

Response DefaultHttpResponse(decodeResult: success, version: HTTP/1.1)
HTTP/1.1 200 OK
Content-Type: application/json; charset=utf-8
cache-control: no-cache
content-length: 14

19:54:20.327 [AsyncHttpClient-1-8] DEBUG org.asynchttpclient.netty.channel.ChannelManager - Adding key: http://localhost:38622 for channel [id: 0x9532ec94, L:/127.0.0.1:58794 - R:localhost/127.0.0.1:38622]
19:54:20.337 [Forwarding getCurrentWindowHandle on session ab6f5b0c56aae2de1724798db6d4fa10 to remote] DEBUG org.asynchttpclient.netty.request.NettyRequestSender - Using pooled Channel '[id: 0x9532ec94, L:/127.0.0.1:58794 - R:localhost/127.0.0.1:38622]' for 'GET' to 'http://localhost:38622/session/ab6f5b0c56aae2de1724798db6d4fa10/window'
19:54:20.337 [Forwarding getCurrentWindowHandle on session ab6f5b0c56aae2de1724798db6d4fa10 to remote] DEBUG org.asynchttpclient.netty.request.NettyRequestSender - Using open Channel [id: 0x9532ec94, L:/127.0.0.1:58794 - R:localhost/127.0.0.1:38622] for GET '/session/ab6f5b0c56aae2de1724798db6d4fa10/window'
19:54:20.338 [AsyncHttpClient-1-8] DEBUG org.asynchttpclient.netty.handler.HttpHandler - 

Request DefaultFullHttpRequest(decodeResult: success, version: HTTP/1.1, content: EmptyByteBufBE)
GET /session/ab6f5b0c56aae2de1724798db6d4fa10/window HTTP/1.1
User-Agent: selenium/4.7.1 (java windows)
Cache-Control: no-cache
Content-Type: application/json; charset=utf-8
host: localhost:38622
accept: */*

Response DefaultHttpResponse(decodeResult: success, version: HTTP/1.1)
HTTP/1.1 200 OK
Content-Type: application/json; charset=utf-8
cache-control: no-cache
content-length: 44

19:54:20.338 [AsyncHttpClient-1-8] DEBUG org.asynchttpclient.netty.channel.ChannelManager - Adding key: http://localhost:38622 for channel [id: 0x9532ec94, L:/127.0.0.1:58794 - R:localhost/127.0.0.1:38622]
19:54:20.340 [Forwarding getAlertText on session ab6f5b0c56aae2de1724798db6d4fa10 to remote] DEBUG org.asynchttpclient.netty.request.NettyRequestSender - Using pooled Channel '[id: 0x9532ec94, L:/127.0.0.1:58794 - R:localhost/127.0.0.1:38622]' for 'GET' to 'http://localhost:38622/session/ab6f5b0c56aae2de1724798db6d4fa10/alert/text'
19:54:20.340 [Forwarding getAlertText on session ab6f5b0c56aae2de1724798db6d4fa10 to remote] DEBUG org.asynchttpclient.netty.request.NettyRequestSender - Using open Channel [id: 0x9532ec94, L:/127.0.0.1:58794 - R:localhost/127.0.0.1:38622] for GET '/session/ab6f5b0c56aae2de1724798db6d4fa10/alert/text'
19:54:20.343 [AsyncHttpClient-1-8] DEBUG org.asynchttpclient.netty.handler.HttpHandler - 

Request DefaultFullHttpRequest(decodeResult: success, version: HTTP/1.1, content: EmptyByteBufBE)
GET /session/ab6f5b0c56aae2de1724798db6d4fa10/alert/text HTTP/1.1
User-Agent: selenium/4.7.1 (java windows)
Cache-Control: no-cache
Content-Type: application/json; charset=utf-8
host: localhost:38622
accept: */*

Response DefaultHttpResponse(decodeResult: success, version: HTTP/1.1)
HTTP/1.1 404 Not Found
Content-Type: application/json; charset=utf-8
cache-control: no-cache
content-length: 821

19:54:20.343 [AsyncHttpClient-1-8] DEBUG org.asynchttpclient.netty.channel.ChannelManager - Adding key: http://localhost:38622 for channel [id: 0x9532ec94, L:/127.0.0.1:58794 - R:localhost/127.0.0.1:38622]
19:54:20.345 [Forwarding switchToWindow on session ab6f5b0c56aae2de1724798db6d4fa10 to remote] DEBUG org.asynchttpclient.netty.request.NettyRequestSender - Using pooled Channel '[id: 0x9532ec94, L:/127.0.0.1:58794 - R:localhost/127.0.0.1:38622]' for 'POST' to 'http://localhost:38622/session/ab6f5b0c56aae2de1724798db6d4fa10/window'
19:54:20.346 [Forwarding switchToWindow on session ab6f5b0c56aae2de1724798db6d4fa10 to remote] DEBUG org.asynchttpclient.netty.request.NettyRequestSender - Using open Channel [id: 0x9532ec94, L:/127.0.0.1:58794 - R:localhost/127.0.0.1:38622] for POST '/session/ab6f5b0c56aae2de1724798db6d4fa10/window'
19:54:20.350 [AsyncHttpClient-1-8] DEBUG org.asynchttpclient.netty.handler.HttpHandler - 

Request DefaultHttpRequest(decodeResult: success, version: HTTP/1.1)
POST /session/ab6f5b0c56aae2de1724798db6d4fa10/window HTTP/1.1
User-Agent: selenium/4.7.1 (java windows)
Content-Length: 50
Content-Type: application/json; charset=utf-8
host: localhost:38622
accept: */*

Response DefaultHttpResponse(decodeResult: success, version: HTTP/1.1)
HTTP/1.1 200 OK
Content-Type: application/json; charset=utf-8
cache-control: no-cache
content-length: 14

19:54:20.350 [AsyncHttpClient-1-8] DEBUG org.asynchttpclient.netty.channel.ChannelManager - Adding key: http://localhost:38622 for channel [id: 0x9532ec94, L:/127.0.0.1:58794 - R:localhost/127.0.0.1:38622]
19:54:20.351 [Forwarding getCurrentUrl on session ab6f5b0c56aae2de1724798db6d4fa10 to remote] DEBUG org.asynchttpclient.netty.request.NettyRequestSender - Using pooled Channel '[id: 0x9532ec94, L:/127.0.0.1:58794 - R:localhost/127.0.0.1:38622]' for 'GET' to 'http://localhost:38622/session/ab6f5b0c56aae2de1724798db6d4fa10/url'
19:54:20.352 [Forwarding getCurrentUrl on session ab6f5b0c56aae2de1724798db6d4fa10 to remote] DEBUG org.asynchttpclient.netty.request.NettyRequestSender - Using open Channel [id: 0x9532ec94, L:/127.0.0.1:58794 - R:localhost/127.0.0.1:38622] for GET '/session/ab6f5b0c56aae2de1724798db6d4fa10/url'
19:54:20.356 [AsyncHttpClient-1-8] DEBUG org.asynchttpclient.netty.handler.HttpHandler - 

Request DefaultFullHttpRequest(decodeResult: success, version: HTTP/1.1, content: EmptyByteBufBE)
GET /session/ab6f5b0c56aae2de1724798db6d4fa10/url HTTP/1.1
User-Agent: selenium/4.7.1 (java windows)
Cache-Control: no-cache
Content-Type: application/json; charset=utf-8
host: localhost:38622
accept: */*

Response DefaultHttpResponse(decodeResult: success, version: HTTP/1.1)
HTTP/1.1 200 OK
Content-Type: application/json; charset=utf-8
cache-control: no-cache
content-length: 51

19:54:20.357 [AsyncHttpClient-1-8] DEBUG org.asynchttpclient.netty.channel.ChannelManager - Adding key: http://localhost:38622 for channel [id: 0x9532ec94, L:/127.0.0.1:58794 - R:localhost/127.0.0.1:38622]
19:54:20.358 [Forwarding screenshot on session ab6f5b0c56aae2de1724798db6d4fa10 to remote] DEBUG org.asynchttpclient.netty.request.NettyRequestSender - Using pooled Channel '[id: 0x9532ec94, L:/127.0.0.1:58794 - R:localhost/127.0.0.1:38622]' for 'GET' to 'http://localhost:38622/session/ab6f5b0c56aae2de1724798db6d4fa10/screenshot'
19:54:20.358 [Forwarding screenshot on session ab6f5b0c56aae2de1724798db6d4fa10 to remote] DEBUG org.asynchttpclient.netty.request.NettyRequestSender - Using open Channel [id: 0x9532ec94, L:/127.0.0.1:58794 - R:localhost/127.0.0.1:38622] for GET '/session/ab6f5b0c56aae2de1724798db6d4fa10/screenshot'
19:54:20.919 [AsyncHttpClient-1-1] DEBUG org.asynchttpclient.netty.channel.DefaultChannelPool - Entry count for : http://localhost:58795 : 1
19:54:21.607 [AsyncHttpClient-1-8] DEBUG org.asynchttpclient.netty.handler.HttpHandler - 

Request DefaultFullHttpRequest(decodeResult: success, version: HTTP/1.1, content: EmptyByteBufBE)
GET /session/ab6f5b0c56aae2de1724798db6d4fa10/screenshot HTTP/1.1
User-Agent: selenium/4.7.1 (java windows)
Cache-Control: no-cache
Content-Type: application/json; charset=utf-8
host: localhost:38622
accept: */*

Response DefaultHttpResponse(decodeResult: success, version: HTTP/1.1)
HTTP/1.1 200 OK
Content-Type: application/json; charset=utf-8
cache-control: no-cache
content-length: 28088

19:54:21.608 [AsyncHttpClient-1-8] DEBUG org.asynchttpclient.netty.channel.ChannelManager - Adding key: http://localhost:38622 for channel [id: 0x9532ec94, L:/127.0.0.1:58794 - R:localhost/127.0.0.1:38622]
19:54:21.612 [main] DEBUG net.serenitybdd.core.photography.Darkroom - Send negative for processing for target\site\serenity\96b7ac4b477347804424816fa3116f6bbf4ee0657356f81a356ec3bb7f47ec4a.png
19:54:21.612 [main] DEBUG net.thucydides.core.steps.StepInterceptor - STEP DONE: klikButtonLoginKedua
19:54:21.612 [Darkroom Processing Line] DEBUG net.serenitybdd.core.photography.DarkroomProcessingLine - Processing screenshot image in /var/screenshots/screenshot-10387838995357654184
19:54:21.612 [Darkroom Processing Line] DEBUG net.serenitybdd.core.photography.DarkroomProcessingLine - Saving screenshot to target\site\serenity\96b7ac4b477347804424816fa3116f6bbf4ee0657356f81a356ec3bb7f47ec4a.png
  &amp#27;[32mGiven &amp#27;[0m&amp#27;[32muser berada di Homepage AltaShop dan login akun&amp#27;[0m &amp#27;[90m# starter.stepdefinitions.TransaksiSteps.userBeradaDiHomepageAltaShopDanLoginAkun()&amp#27;[0m
19:54:21.632 [main] DEBUG net.thucydides.core.steps.StepInterceptor - STARTING STEP: TransaksiSteps.userKlikLogoUser - klikLogoUser
19:54:21.635 [Forwarding findElement on session ab6f5b0c56aae2de1724798db6d4fa10 to remote] DEBUG org.asynchttpclient.netty.request.NettyRequestSender - Using pooled Channel '[id: 0x9532ec94, L:/127.0.0.1:58794 - R:localhost/127.0.0.1:38622]' for 'POST' to 'http://localhost:38622/session/ab6f5b0c56aae2de1724798db6d4fa10/element'
19:54:21.635 [Forwarding findElement on session ab6f5b0c56aae2de1724798db6d4fa10 to remote] DEBUG org.asynchttpclient.netty.request.NettyRequestSender - Using open Channel [id: 0x9532ec94, L:/127.0.0.1:58794 - R:localhost/127.0.0.1:38622] for POST '/session/ab6f5b0c56aae2de1724798db6d4fa10/element'
19:54:21.655 [AsyncHttpClient-1-8] DEBUG org.asynchttpclient.netty.handler.HttpHandler - 

Request DefaultHttpRequest(decodeResult: success, version: HTTP/1.1)
POST /session/ab6f5b0c56aae2de1724798db6d4fa10/element HTTP/1.1
User-Agent: selenium/4.7.1 (java windows)
Content-Length: 111
Content-Type: application/json; charset=utf-8
host: localhost:38622
accept: */*

Response DefaultHttpResponse(decodeResult: success, version: HTTP/1.1)
HTTP/1.1 200 OK
Content-Type: application/json; charset=utf-8
cache-control: no-cache
content-length: 88

19:54:21.656 [AsyncHttpClient-1-8] DEBUG org.asynchttpclient.netty.channel.ChannelManager - Adding key: http://localhost:38622 for channel [id: 0x9532ec94, L:/127.0.0.1:58794 - R:localhost/127.0.0.1:38622]
19:54:21.658 [Forwarding getElementTagName on session ab6f5b0c56aae2de1724798db6d4fa10 to remote] DEBUG org.asynchttpclient.netty.request.NettyRequestSender - Using pooled Channel '[id: 0x9532ec94, L:/127.0.0.1:58794 - R:localhost/127.0.0.1:38622]' for 'GET' to 'http://localhost:38622/session/ab6f5b0c56aae2de1724798db6d4fa10/element/52038fc8-a51f-4578-aa0a-d02587f5ea34/name'
19:54:21.658 [Forwarding getElementTagName on session ab6f5b0c56aae2de1724798db6d4fa10 to remote] DEBUG org.asynchttpclient.netty.request.NettyRequestSender - Using open Channel [id: 0x9532ec94, L:/127.0.0.1:58794 - R:localhost/127.0.0.1:38622] for GET '/session/ab6f5b0c56aae2de1724798db6d4fa10/element/52038fc8-a51f-4578-aa0a-d02587f5ea34/name'
19:54:21.663 [AsyncHttpClient-1-8] DEBUG org.asynchttpclient.netty.handler.HttpHandler - 

Request DefaultFullHttpRequest(decodeResult: success, version: HTTP/1.1, content: EmptyByteBufBE)
GET /session/ab6f5b0c56aae2de1724798db6d4fa10/element/52038fc8-a51f-4578-aa0a-d02587f5ea34/name HTTP/1.1
User-Agent: selenium/4.7.1 (java windows)
Cache-Control: no-cache
Content-Type: application/json; charset=utf-8
host: localhost:38622
accept: */*

Response DefaultHttpResponse(decodeResult: success, version: HTTP/1.1)
HTTP/1.1 200 OK
Content-Type: application/json; charset=utf-8
cache-control: no-cache
content-length: 18

19:54:21.663 [AsyncHttpClient-1-8] DEBUG org.asynchttpclient.netty.channel.ChannelManager - Adding key: http://localhost:38622 for channel [id: 0x9532ec94, L:/127.0.0.1:58794 - R:localhost/127.0.0.1:38622]
19:54:21.663 [Forwarding getElementTagName on session ab6f5b0c56aae2de1724798db6d4fa10 to remote] DEBUG org.asynchttpclient.netty.request.NettyRequestSender - Using pooled Channel '[id: 0x9532ec94, L:/127.0.0.1:58794 - R:localhost/127.0.0.1:38622]' for 'GET' to 'http://localhost:38622/session/ab6f5b0c56aae2de1724798db6d4fa10/element/52038fc8-a51f-4578-aa0a-d02587f5ea34/name'
19:54:21.663 [Forwarding getElementTagName on session ab6f5b0c56aae2de1724798db6d4fa10 to remote] DEBUG org.asynchttpclient.netty.request.NettyRequestSender - Using open Channel [id: 0x9532ec94, L:/127.0.0.1:58794 - R:localhost/127.0.0.1:38622] for GET '/session/ab6f5b0c56aae2de1724798db6d4fa10/element/52038fc8-a51f-4578-aa0a-d02587f5ea34/name'
19:54:21.663 [AsyncHttpClient-1-8] DEBUG org.asynchttpclient.netty.handler.HttpHandler - 

Request DefaultFullHttpRequest(decodeResult: success, version: HTTP/1.1, content: EmptyByteBufBE)
GET /session/ab6f5b0c56aae2de1724798db6d4fa10/element/52038fc8-a51f-4578-aa0a-d02587f5ea34/name HTTP/1.1
User-Agent: selenium/4.7.1 (java windows)
Cache-Control: no-cache
Content-Type: application/json; charset=utf-8
host: localhost:38622
accept: */*

Response DefaultHttpResponse(decodeResult: success, version: HTTP/1.1)
HTTP/1.1 200 OK
Content-Type: application/json; charset=utf-8
cache-control: no-cache
content-length: 18

19:54:21.663 [AsyncHttpClient-1-8] DEBUG org.asynchttpclient.netty.channel.ChannelManager - Adding key: http://localhost:38622 for channel [id: 0x9532ec94, L:/127.0.0.1:58794 - R:localhost/127.0.0.1:38622]
19:54:21.663 [Forwarding isElementEnabled on session ab6f5b0c56aae2de1724798db6d4fa10 to remote] DEBUG org.asynchttpclient.netty.request.NettyRequestSender - Using pooled Channel '[id: 0x9532ec94, L:/127.0.0.1:58794 - R:localhost/127.0.0.1:38622]' for 'GET' to 'http://localhost:38622/session/ab6f5b0c56aae2de1724798db6d4fa10/element/52038fc8-a51f-4578-aa0a-d02587f5ea34/enabled'
19:54:21.663 [Forwarding isElementEnabled on session ab6f5b0c56aae2de1724798db6d4fa10 to remote] DEBUG org.asynchttpclient.netty.request.NettyRequestSender - Using open Channel [id: 0x9532ec94, L:/127.0.0.1:58794 - R:localhost/127.0.0.1:38622] for GET '/session/ab6f5b0c56aae2de1724798db6d4fa10/element/52038fc8-a51f-4578-aa0a-d02587f5ea34/enabled'
19:54:21.679 [AsyncHttpClient-1-8] DEBUG org.asynchttpclient.netty.handler.HttpHandler - 

Request DefaultFullHttpRequest(decodeResult: success, version: HTTP/1.1, content: EmptyByteBufBE)
GET /session/ab6f5b0c56aae2de1724798db6d4fa10/element/52038fc8-a51f-4578-aa0a-d02587f5ea34/enabled HTTP/1.1
User-Agent: selenium/4.7.1 (java windows)
Cache-Control: no-cache
Content-Type: application/json; charset=utf-8
host: localhost:38622
accept: */*

Response DefaultHttpResponse(decodeResult: success, version: HTTP/1.1)
HTTP/1.1 200 OK
Content-Type: application/json; charset=utf-8
cache-control: no-cache
content-length: 14

19:54:21.679 [AsyncHttpClient-1-8] DEBUG org.asynchttpclient.netty.channel.ChannelManager - Adding key: http://localhost:38622 for channel [id: 0x9532ec94, L:/127.0.0.1:58794 - R:localhost/127.0.0.1:38622]
19:54:21.679 [Forwarding isElementEnabled on session ab6f5b0c56aae2de1724798db6d4fa10 to remote] DEBUG org.asynchttpclient.netty.request.NettyRequestSender - Using pooled Channel '[id: 0x9532ec94, L:/127.0.0.1:58794 - R:localhost/127.0.0.1:38622]' for 'GET' to 'http://localhost:38622/session/ab6f5b0c56aae2de1724798db6d4fa10/element/52038fc8-a51f-4578-aa0a-d02587f5ea34/enabled'
19:54:21.679 [Forwarding isElementEnabled on session ab6f5b0c56aae2de1724798db6d4fa10 to remote] DEBUG org.asynchttpclient.netty.request.NettyRequestSender - Using open Channel [id: 0x9532ec94, L:/127.0.0.1:58794 - R:localhost/127.0.0.1:38622] for GET '/session/ab6f5b0c56aae2de1724798db6d4fa10/element/52038fc8-a51f-4578-aa0a-d02587f5ea34/enabled'
19:54:21.694 [AsyncHttpClient-1-8] DEBUG org.asynchttpclient.netty.handler.HttpHandler - 

Request DefaultFullHttpRequest(decodeResult: success, version: HTTP/1.1, content: EmptyByteBufBE)
GET /session/ab6f5b0c56aae2de1724798db6d4fa10/element/52038fc8-a51f-4578-aa0a-d02587f5ea34/enabled HTTP/1.1
User-Agent: selenium/4.7.1 (java windows)
Cache-Control: no-cache
Content-Type: application/json; charset=utf-8
host: localhost:38622
accept: */*

Response DefaultHttpResponse(decodeResult: success, version: HTTP/1.1)
HTTP/1.1 200 OK
Content-Type: application/json; charset=utf-8
cache-control: no-cache
content-length: 14

19:54:21.694 [AsyncHttpClient-1-8] DEBUG org.asynchttpclient.netty.channel.ChannelManager - Adding key: http://localhost:38622 for channel [id: 0x9532ec94, L:/127.0.0.1:58794 - R:localhost/127.0.0.1:38622]
19:54:21.694 [Forwarding findElement on session ab6f5b0c56aae2de1724798db6d4fa10 to remote] DEBUG org.asynchttpclient.netty.request.NettyRequestSender - Using pooled Channel '[id: 0x9532ec94, L:/127.0.0.1:58794 - R:localhost/127.0.0.1:38622]' for 'POST' to 'http://localhost:38622/session/ab6f5b0c56aae2de1724798db6d4fa10/element'
19:54:21.694 [Forwarding findElement on session ab6f5b0c56aae2de1724798db6d4fa10 to remote] DEBUG org.asynchttpclient.netty.request.NettyRequestSender - Using open Channel [id: 0x9532ec94, L:/127.0.0.1:58794 - R:localhost/127.0.0.1:38622] for POST '/session/ab6f5b0c56aae2de1724798db6d4fa10/element'
19:54:21.712 [AsyncHttpClient-1-8] DEBUG org.asynchttpclient.netty.handler.HttpHandler - 

Request DefaultHttpRequest(decodeResult: success, version: HTTP/1.1)
POST /session/ab6f5b0c56aae2de1724798db6d4fa10/element HTTP/1.1
User-Agent: selenium/4.7.1 (java windows)
Content-Length: 111
Content-Type: application/json; charset=utf-8
host: localhost:38622
accept: */*

Response DefaultHttpResponse(decodeResult: success, version: HTTP/1.1)
HTTP/1.1 200 OK
Content-Type: application/json; charset=utf-8
cache-control: no-cache
content-length: 88

19:54:21.712 [AsyncHttpClient-1-8] DEBUG org.asynchttpclient.netty.channel.ChannelManager - Adding key: http://localhost:38622 for channel [id: 0x9532ec94, L:/127.0.0.1:58794 - R:localhost/127.0.0.1:38622]
19:54:21.712 [Forwarding clickElement on session ab6f5b0c56aae2de1724798db6d4fa10 to remote] DEBUG org.asynchttpclient.netty.request.NettyRequestSender - Using pooled Channel '[id: 0x9532ec94, L:/127.0.0.1:58794 - R:localhost/127.0.0.1:38622]' for 'POST' to 'http://localhost:38622/session/ab6f5b0c56aae2de1724798db6d4fa10/element/52038fc8-a51f-4578-aa0a-d02587f5ea34/click'
19:54:21.712 [Forwarding clickElement on session ab6f5b0c56aae2de1724798db6d4fa10 to remote] DEBUG org.asynchttpclient.netty.request.NettyRequestSender - Using open Channel [id: 0x9532ec94, L:/127.0.0.1:58794 - R:localhost/127.0.0.1:38622] for POST '/session/ab6f5b0c56aae2de1724798db6d4fa10/element/52038fc8-a51f-4578-aa0a-d02587f5ea34/click'
19:54:21.813 [AsyncHttpClient-1-8] DEBUG org.asynchttpclient.netty.handler.HttpHandler - 

Request DefaultHttpRequest(decodeResult: success, version: HTTP/1.1)
POST /session/ab6f5b0c56aae2de1724798db6d4fa10/element/52038fc8-a51f-4578-aa0a-d02587f5ea34/click HTTP/1.1
User-Agent: selenium/4.7.1 (java windows)
Content-Length: 50
Content-Type: application/json; charset=utf-8
host: localhost:38622
accept: */*

Response DefaultHttpResponse(decodeResult: success, version: HTTP/1.1)
HTTP/1.1 200 OK
Content-Type: application/json; charset=utf-8
cache-control: no-cache
content-length: 14

19:54:21.813 [AsyncHttpClient-1-8] DEBUG org.asynchttpclient.netty.channel.ChannelManager - Adding key: http://localhost:38622 for channel [id: 0x9532ec94, L:/127.0.0.1:58794 - R:localhost/127.0.0.1:38622]
19:54:21.823 [Forwarding getCurrentWindowHandle on session ab6f5b0c56aae2de1724798db6d4fa10 to remote] DEBUG org.asynchttpclient.netty.request.NettyRequestSender - Using pooled Channel '[id: 0x9532ec94, L:/127.0.0.1:58794 - R:localhost/127.0.0.1:38622]' for 'GET' to 'http://localhost:38622/session/ab6f5b0c56aae2de1724798db6d4fa10/window'
19:54:21.824 [Forwarding getCurrentWindowHandle on session ab6f5b0c56aae2de1724798db6d4fa10 to remote] DEBUG org.asynchttpclient.netty.request.NettyRequestSender - Using open Channel [id: 0x9532ec94, L:/127.0.0.1:58794 - R:localhost/127.0.0.1:38622] for GET '/session/ab6f5b0c56aae2de1724798db6d4fa10/window'
19:54:21.825 [AsyncHttpClient-1-8] DEBUG org.asynchttpclient.netty.handler.HttpHandler - 

Request DefaultFullHttpRequest(decodeResult: success, version: HTTP/1.1, content: EmptyByteBufBE)
GET /session/ab6f5b0c56aae2de1724798db6d4fa10/window HTTP/1.1
User-Agent: selenium/4.7.1 (java windows)
Cache-Control: no-cache
Content-Type: application/json; charset=utf-8
host: localhost:38622
accept: */*

Response DefaultHttpResponse(decodeResult: success, version: HTTP/1.1)
HTTP/1.1 200 OK
Content-Type: application/json; charset=utf-8
cache-control: no-cache
content-length: 44

19:54:21.825 [AsyncHttpClient-1-8] DEBUG org.asynchttpclient.netty.channel.ChannelManager - Adding key: http://localhost:38622 for channel [id: 0x9532ec94, L:/127.0.0.1:58794 - R:localhost/127.0.0.1:38622]
19:54:21.827 [Forwarding getAlertText on session ab6f5b0c56aae2de1724798db6d4fa10 to remote] DEBUG org.asynchttpclient.netty.request.NettyRequestSender - Using pooled Channel '[id: 0x9532ec94, L:/127.0.0.1:58794 - R:localhost/127.0.0.1:38622]' for 'GET' to 'http://localhost:38622/session/ab6f5b0c56aae2de1724798db6d4fa10/alert/text'
19:54:21.827 [Forwarding getAlertText on session ab6f5b0c56aae2de1724798db6d4fa10 to remote] DEBUG org.asynchttpclient.netty.request.NettyRequestSender - Using open Channel [id: 0x9532ec94, L:/127.0.0.1:58794 - R:localhost/127.0.0.1:38622] for GET '/session/ab6f5b0c56aae2de1724798db6d4fa10/alert/text'
19:54:21.840 [AsyncHttpClient-1-8] DEBUG org.asynchttpclient.netty.handler.HttpHandler - 

Request DefaultFullHttpRequest(decodeResult: success, version: HTTP/1.1, content: EmptyByteBufBE)
GET /session/ab6f5b0c56aae2de1724798db6d4fa10/alert/text HTTP/1.1
User-Agent: selenium/4.7.1 (java windows)
Cache-Control: no-cache
Content-Type: application/json; charset=utf-8
host: localhost:38622
accept: */*

Response DefaultHttpResponse(decodeResult: success, version: HTTP/1.1)
HTTP/1.1 404 Not Found
Content-Type: application/json; charset=utf-8
cache-control: no-cache
content-length: 821

19:54:21.841 [AsyncHttpClient-1-8] DEBUG org.asynchttpclient.netty.channel.ChannelManager - Adding key: http://localhost:38622 for channel [id: 0x9532ec94, L:/127.0.0.1:58794 - R:localhost/127.0.0.1:38622]
19:54:21.844 [Forwarding switchToWindow on session ab6f5b0c56aae2de1724798db6d4fa10 to remote] DEBUG org.asynchttpclient.netty.request.NettyRequestSender - Using pooled Channel '[id: 0x9532ec94, L:/127.0.0.1:58794 - R:localhost/127.0.0.1:38622]' for 'POST' to 'http://localhost:38622/session/ab6f5b0c56aae2de1724798db6d4fa10/window'
19:54:21.844 [Forwarding switchToWindow on session ab6f5b0c56aae2de1724798db6d4fa10 to remote] DEBUG org.asynchttpclient.netty.request.NettyRequestSender - Using open Channel [id: 0x9532ec94, L:/127.0.0.1:58794 - R:localhost/127.0.0.1:38622] for POST '/session/ab6f5b0c56aae2de1724798db6d4fa10/window'
19:54:21.849 [AsyncHttpClient-1-8] DEBUG org.asynchttpclient.netty.handler.HttpHandler - 

Request DefaultHttpRequest(decodeResult: success, version: HTTP/1.1)
POST /session/ab6f5b0c56aae2de1724798db6d4fa10/window HTTP/1.1
User-Agent: selenium/4.7.1 (java windows)
Content-Length: 50
Content-Type: application/json; charset=utf-8
host: localhost:38622
accept: */*

Response DefaultHttpResponse(decodeResult: success, version: HTTP/1.1)
HTTP/1.1 200 OK
Content-Type: application/json; charset=utf-8
cache-control: no-cache
content-length: 14

19:54:21.849 [AsyncHttpClient-1-8] DEBUG org.asynchttpclient.netty.channel.ChannelManager - Adding key: http://localhost:38622 for channel [id: 0x9532ec94, L:/127.0.0.1:58794 - R:localhost/127.0.0.1:38622]
19:54:21.851 [Forwarding getCurrentUrl on session ab6f5b0c56aae2de1724798db6d4fa10 to remote] DEBUG org.asynchttpclient.netty.request.NettyRequestSender - Using pooled Channel '[id: 0x9532ec94, L:/127.0.0.1:58794 - R:localhost/127.0.0.1:38622]' for 'GET' to 'http://localhost:38622/session/ab6f5b0c56aae2de1724798db6d4fa10/url'
19:54:21.851 [Forwarding getCurrentUrl on session ab6f5b0c56aae2de1724798db6d4fa10 to remote] DEBUG org.asynchttpclient.netty.request.NettyRequestSender - Using open Channel [id: 0x9532ec94, L:/127.0.0.1:58794 - R:localhost/127.0.0.1:38622] for GET '/session/ab6f5b0c56aae2de1724798db6d4fa10/url'
19:54:21.857 [AsyncHttpClient-1-8] DEBUG org.asynchttpclient.netty.handler.HttpHandler - 

Request DefaultFullHttpRequest(decodeResult: success, version: HTTP/1.1, content: EmptyByteBufBE)
GET /session/ab6f5b0c56aae2de1724798db6d4fa10/url HTTP/1.1
User-Agent: selenium/4.7.1 (java windows)
Cache-Control: no-cache
Content-Type: application/json; charset=utf-8
host: localhost:38622
accept: */*

Response DefaultHttpResponse(decodeResult: success, version: HTTP/1.1)
HTTP/1.1 200 OK
Content-Type: application/json; charset=utf-8
cache-control: no-cache
content-length: 41

19:54:21.857 [AsyncHttpClient-1-8] DEBUG org.asynchttpclient.netty.channel.ChannelManager - Adding key: http://localhost:38622 for channel [id: 0x9532ec94, L:/127.0.0.1:58794 - R:localhost/127.0.0.1:38622]
19:54:21.858 [Forwarding screenshot on session ab6f5b0c56aae2de1724798db6d4fa10 to remote] DEBUG org.asynchttpclient.netty.request.NettyRequestSender - Using pooled Channel '[id: 0x9532ec94, L:/127.0.0.1:58794 - R:localhost/127.0.0.1:38622]' for 'GET' to 'http://localhost:38622/session/ab6f5b0c56aae2de1724798db6d4fa10/screenshot'
19:54:21.859 [Forwarding screenshot on session ab6f5b0c56aae2de1724798db6d4fa10 to remote] DEBUG org.asynchttpclient.netty.request.NettyRequestSender - Using open Channel [id: 0x9532ec94, L:/127.0.0.1:58794 - R:localhost/127.0.0.1:38622] for GET '/session/ab6f5b0c56aae2de1724798db6d4fa10/screenshot'
19:54:21.974 [AsyncHttpClient-1-8] DEBUG org.asynchttpclient.netty.handler.HttpHandler - 

Request DefaultFullHttpRequest(decodeResult: success, version: HTTP/1.1, content: EmptyByteBufBE)
GET /session/ab6f5b0c56aae2de1724798db6d4fa10/screenshot HTTP/1.1
User-Agent: selenium/4.7.1 (java windows)
Cache-Control: no-cache
Content-Type: application/json; charset=utf-8
host: localhost:38622
accept: */*

Response DefaultHttpResponse(decodeResult: success, version: HTTP/1.1)
HTTP/1.1 200 OK
Content-Type: application/json; charset=utf-8
cache-control: no-cache
content-length: 102768

19:54:21.975 [AsyncHttpClient-1-8] DEBUG org.asynchttpclient.netty.channel.ChannelManager - Adding key: http://localhost:38622 for channel [id: 0x9532ec94, L:/127.0.0.1:58794 - R:localhost/127.0.0.1:38622]
19:54:21.987 [main] DEBUG net.serenitybdd.core.photography.Darkroom - Send negative for processing for target\site\serenity\0b7082b21b772882ba8b0ef5b8b9f8269661e4a53cce4667c4b3b1831016bb08.png
19:54:21.988 [main] DEBUG net.thucydides.core.steps.StepInterceptor - STEP DONE: klikLogoUser
19:54:21.988 [Darkroom Processing Line] DEBUG net.serenitybdd.core.photography.DarkroomProcessingLine - Processing screenshot image in /var/screenshots/screenshot-9647585689764797607
19:54:21.988 [Darkroom Processing Line] DEBUG net.serenitybdd.core.photography.DarkroomProcessingLine - Saving screenshot to target\site\serenity\0b7082b21b772882ba8b0ef5b8b9f8269661e4a53cce4667c4b3b1831016bb08.png
  &amp#27;[32mWhen &amp#27;[0m&amp#27;[32muser klik logo user&amp#27;[0m                              &amp#27;[90m# starter.stepdefinitions.TransaksiSteps.userKlikLogoUser()&amp#27;[0m
19:54:22.006 [main] DEBUG net.thucydides.core.steps.StepInterceptor - STARTING STEP: TransaksiSteps.userKlikTransaksi - klikRiwayatTransaksi
19:54:22.010 [Forwarding findElement on session ab6f5b0c56aae2de1724798db6d4fa10 to remote] DEBUG org.asynchttpclient.netty.request.NettyRequestSender - Using pooled Channel '[id: 0x9532ec94, L:/127.0.0.1:58794 - R:localhost/127.0.0.1:38622]' for 'POST' to 'http://localhost:38622/session/ab6f5b0c56aae2de1724798db6d4fa10/element'
19:54:22.010 [Forwarding findElement on session ab6f5b0c56aae2de1724798db6d4fa10 to remote] DEBUG org.asynchttpclient.netty.request.NettyRequestSender - Using open Channel [id: 0x9532ec94, L:/127.0.0.1:58794 - R:localhost/127.0.0.1:38622] for POST '/session/ab6f5b0c56aae2de1724798db6d4fa10/element'
19:54:22.013 [AsyncHttpClient-1-1] DEBUG org.asynchttpclient.netty.channel.DefaultChannelPool - Entry count for : http://localhost:58795 : 1
19:54:22.046 [AsyncHttpClient-1-8] DEBUG org.asynchttpclient.netty.handler.HttpHandler - 

Request DefaultHttpRequest(decodeResult: success, version: HTTP/1.1)
POST /session/ab6f5b0c56aae2de1724798db6d4fa10/element HTTP/1.1
User-Agent: selenium/4.7.1 (java windows)
Content-Length: 102
Content-Type: application/json; charset=utf-8
host: localhost:38622
accept: */*

Response DefaultHttpResponse(decodeResult: success, version: HTTP/1.1)
HTTP/1.1 200 OK
Content-Type: application/json; charset=utf-8
cache-control: no-cache
content-length: 88

19:54:22.046 [AsyncHttpClient-1-8] DEBUG org.asynchttpclient.netty.channel.ChannelManager - Adding key: http://localhost:38622 for channel [id: 0x9532ec94, L:/127.0.0.1:58794 - R:localhost/127.0.0.1:38622]
19:54:22.050 [Forwarding getElementTagName on session ab6f5b0c56aae2de1724798db6d4fa10 to remote] DEBUG org.asynchttpclient.netty.request.NettyRequestSender - Using pooled Channel '[id: 0x9532ec94, L:/127.0.0.1:58794 - R:localhost/127.0.0.1:38622]' for 'GET' to 'http://localhost:38622/session/ab6f5b0c56aae2de1724798db6d4fa10/element/f5ed7c4a-add5-477f-bc34-1f3e7cbaa76a/name'
19:54:22.050 [Forwarding getElementTagName on session ab6f5b0c56aae2de1724798db6d4fa10 to remote] DEBUG org.asynchttpclient.netty.request.NettyRequestSender - Using open Channel [id: 0x9532ec94, L:/127.0.0.1:58794 - R:localhost/127.0.0.1:38622] for GET '/session/ab6f5b0c56aae2de1724798db6d4fa10/element/f5ed7c4a-add5-477f-bc34-1f3e7cbaa76a/name'
19:54:22.057 [AsyncHttpClient-1-8] DEBUG org.asynchttpclient.netty.handler.HttpHandler - 

Request DefaultFullHttpRequest(decodeResult: success, version: HTTP/1.1, content: EmptyByteBufBE)
GET /session/ab6f5b0c56aae2de1724798db6d4fa10/element/f5ed7c4a-add5-477f-bc34-1f3e7cbaa76a/name HTTP/1.1
User-Agent: selenium/4.7.1 (java windows)
Cache-Control: no-cache
Content-Type: application/json; charset=utf-8
host: localhost:38622
accept: */*

Response DefaultHttpResponse(decodeResult: success, version: HTTP/1.1)
HTTP/1.1 200 OK
Content-Type: application/json; charset=utf-8
cache-control: no-cache
content-length: 15

19:54:22.057 [AsyncHttpClient-1-8] DEBUG org.asynchttpclient.netty.channel.ChannelManager - Adding key: http://localhost:38622 for channel [id: 0x9532ec94, L:/127.0.0.1:58794 - R:localhost/127.0.0.1:38622]
19:54:22.060 [Forwarding getElementTagName on session ab6f5b0c56aae2de1724798db6d4fa10 to remote] DEBUG org.asynchttpclient.netty.request.NettyRequestSender - Using pooled Channel '[id: 0x9532ec94, L:/127.0.0.1:58794 - R:localhost/127.0.0.1:38622]' for 'GET' to 'http://localhost:38622/session/ab6f5b0c56aae2de1724798db6d4fa10/element/f5ed7c4a-add5-477f-bc34-1f3e7cbaa76a/name'
19:54:22.060 [Forwarding getElementTagName on session ab6f5b0c56aae2de1724798db6d4fa10 to remote] DEBUG org.asynchttpclient.netty.request.NettyRequestSender - Using open Channel [id: 0x9532ec94, L:/127.0.0.1:58794 - R:localhost/127.0.0.1:38622] for GET '/session/ab6f5b0c56aae2de1724798db6d4fa10/element/f5ed7c4a-add5-477f-bc34-1f3e7cbaa76a/name'
19:54:22.069 [AsyncHttpClient-1-8] DEBUG org.asynchttpclient.netty.handler.HttpHandler - 

Request DefaultFullHttpRequest(decodeResult: success, version: HTTP/1.1, content: EmptyByteBufBE)
GET /session/ab6f5b0c56aae2de1724798db6d4fa10/element/f5ed7c4a-add5-477f-bc34-1f3e7cbaa76a/name HTTP/1.1
User-Agent: selenium/4.7.1 (java windows)
Cache-Control: no-cache
Content-Type: application/json; charset=utf-8
host: localhost:38622
accept: */*

Response DefaultHttpResponse(decodeResult: success, version: HTTP/1.1)
HTTP/1.1 200 OK
Content-Type: application/json; charset=utf-8
cache-control: no-cache
content-length: 15

19:54:22.069 [AsyncHttpClient-1-8] DEBUG org.asynchttpclient.netty.channel.ChannelManager - Adding key: http://localhost:38622 for channel [id: 0x9532ec94, L:/127.0.0.1:58794 - R:localhost/127.0.0.1:38622]
19:54:22.072 [Forwarding findElement on session ab6f5b0c56aae2de1724798db6d4fa10 to remote] DEBUG org.asynchttpclient.netty.request.NettyRequestSender - Using pooled Channel '[id: 0x9532ec94, L:/127.0.0.1:58794 - R:localhost/127.0.0.1:38622]' for 'POST' to 'http://localhost:38622/session/ab6f5b0c56aae2de1724798db6d4fa10/element'
19:54:22.072 [Forwarding findElement on session ab6f5b0c56aae2de1724798db6d4fa10 to remote] DEBUG org.asynchttpclient.netty.request.NettyRequestSender - Using open Channel [id: 0x9532ec94, L:/127.0.0.1:58794 - R:localhost/127.0.0.1:38622] for POST '/session/ab6f5b0c56aae2de1724798db6d4fa10/element'
19:54:22.086 [AsyncHttpClient-1-8] DEBUG org.asynchttpclient.netty.handler.HttpHandler - 

Request DefaultHttpRequest(decodeResult: success, version: HTTP/1.1)
POST /session/ab6f5b0c56aae2de1724798db6d4fa10/element HTTP/1.1
User-Agent: selenium/4.7.1 (java windows)
Content-Length: 102
Content-Type: application/json; charset=utf-8
host: localhost:38622
accept: */*

Response DefaultHttpResponse(decodeResult: success, version: HTTP/1.1)
HTTP/1.1 200 OK
Content-Type: application/json; charset=utf-8
cache-control: no-cache
content-length: 88

19:54:22.087 [AsyncHttpClient-1-8] DEBUG org.asynchttpclient.netty.channel.ChannelManager - Adding key: http://localhost:38622 for channel [id: 0x9532ec94, L:/127.0.0.1:58794 - R:localhost/127.0.0.1:38622]
19:54:22.088 [Forwarding clickElement on session ab6f5b0c56aae2de1724798db6d4fa10 to remote] DEBUG org.asynchttpclient.netty.request.NettyRequestSender - Using pooled Channel '[id: 0x9532ec94, L:/127.0.0.1:58794 - R:localhost/127.0.0.1:38622]' for 'POST' to 'http://localhost:38622/session/ab6f5b0c56aae2de1724798db6d4fa10/element/f5ed7c4a-add5-477f-bc34-1f3e7cbaa76a/click'
19:54:22.088 [Forwarding clickElement on session ab6f5b0c56aae2de1724798db6d4fa10 to remote] DEBUG org.asynchttpclient.netty.request.NettyRequestSender - Using open Channel [id: 0x9532ec94, L:/127.0.0.1:58794 - R:localhost/127.0.0.1:38622] for POST '/session/ab6f5b0c56aae2de1724798db6d4fa10/element/f5ed7c4a-add5-477f-bc34-1f3e7cbaa76a/click'
19:54:22.211 [AsyncHttpClient-1-8] DEBUG org.asynchttpclient.netty.handler.HttpHandler - 

Request DefaultHttpRequest(decodeResult: success, version: HTTP/1.1)
POST /session/ab6f5b0c56aae2de1724798db6d4fa10/element/f5ed7c4a-add5-477f-bc34-1f3e7cbaa76a/click HTTP/1.1
User-Agent: selenium/4.7.1 (java windows)
Content-Length: 50
Content-Type: application/json; charset=utf-8
host: localhost:38622
accept: */*

Response DefaultHttpResponse(decodeResult: success, version: HTTP/1.1)
HTTP/1.1 200 OK
Content-Type: application/json; charset=utf-8
cache-control: no-cache
content-length: 14

19:54:22.212 [AsyncHttpClient-1-8] DEBUG org.asynchttpclient.netty.channel.ChannelManager - Adding key: http://localhost:38622 for channel [id: 0x9532ec94, L:/127.0.0.1:58794 - R:localhost/127.0.0.1:38622]
19:54:22.223 [Forwarding getCurrentWindowHandle on session ab6f5b0c56aae2de1724798db6d4fa10 to remote] DEBUG org.asynchttpclient.netty.request.NettyRequestSender - Using pooled Channel '[id: 0x9532ec94, L:/127.0.0.1:58794 - R:localhost/127.0.0.1:38622]' for 'GET' to 'http://localhost:38622/session/ab6f5b0c56aae2de1724798db6d4fa10/window'
19:54:22.223 [Forwarding getCurrentWindowHandle on session ab6f5b0c56aae2de1724798db6d4fa10 to remote] DEBUG org.asynchttpclient.netty.request.NettyRequestSender - Using open Channel [id: 0x9532ec94, L:/127.0.0.1:58794 - R:localhost/127.0.0.1:38622] for GET '/session/ab6f5b0c56aae2de1724798db6d4fa10/window'
19:54:22.224 [AsyncHttpClient-1-8] DEBUG org.asynchttpclient.netty.handler.HttpHandler - 

Request DefaultFullHttpRequest(decodeResult: success, version: HTTP/1.1, content: EmptyByteBufBE)
GET /session/ab6f5b0c56aae2de1724798db6d4fa10/window HTTP/1.1
User-Agent: selenium/4.7.1 (java windows)
Cache-Control: no-cache
Content-Type: application/json; charset=utf-8
host: localhost:38622
accept: */*

Response DefaultHttpResponse(decodeResult: success, version: HTTP/1.1)
HTTP/1.1 200 OK
Content-Type: application/json; charset=utf-8
cache-control: no-cache
content-length: 44

19:54:22.225 [AsyncHttpClient-1-8] DEBUG org.asynchttpclient.netty.channel.ChannelManager - Adding key: http://localhost:38622 for channel [id: 0x9532ec94, L:/127.0.0.1:58794 - R:localhost/127.0.0.1:38622]
19:54:22.227 [Forwarding getAlertText on session ab6f5b0c56aae2de1724798db6d4fa10 to remote] DEBUG org.asynchttpclient.netty.request.NettyRequestSender - Using pooled Channel '[id: 0x9532ec94, L:/127.0.0.1:58794 - R:localhost/127.0.0.1:38622]' for 'GET' to 'http://localhost:38622/session/ab6f5b0c56aae2de1724798db6d4fa10/alert/text'
19:54:22.227 [Forwarding getAlertText on session ab6f5b0c56aae2de1724798db6d4fa10 to remote] DEBUG org.asynchttpclient.netty.request.NettyRequestSender - Using open Channel [id: 0x9532ec94, L:/127.0.0.1:58794 - R:localhost/127.0.0.1:38622] for GET '/session/ab6f5b0c56aae2de1724798db6d4fa10/alert/text'
19:54:22.308 [AsyncHttpClient-1-8] DEBUG org.asynchttpclient.netty.handler.HttpHandler - 

Request DefaultFullHttpRequest(decodeResult: success, version: HTTP/1.1, content: EmptyByteBufBE)
GET /session/ab6f5b0c56aae2de1724798db6d4fa10/alert/text HTTP/1.1
User-Agent: selenium/4.7.1 (java windows)
Cache-Control: no-cache
Content-Type: application/json; charset=utf-8
host: localhost:38622
accept: */*

Response DefaultHttpResponse(decodeResult: success, version: HTTP/1.1)
HTTP/1.1 404 Not Found
Content-Type: application/json; charset=utf-8
cache-control: no-cache
content-length: 821

19:54:22.308 [AsyncHttpClient-1-8] DEBUG org.asynchttpclient.netty.channel.ChannelManager - Adding key: http://localhost:38622 for channel [id: 0x9532ec94, L:/127.0.0.1:58794 - R:localhost/127.0.0.1:38622]
19:54:22.313 [Forwarding switchToWindow on session ab6f5b0c56aae2de1724798db6d4fa10 to remote] DEBUG org.asynchttpclient.netty.request.NettyRequestSender - Using pooled Channel '[id: 0x9532ec94, L:/127.0.0.1:58794 - R:localhost/127.0.0.1:38622]' for 'POST' to 'http://localhost:38622/session/ab6f5b0c56aae2de1724798db6d4fa10/window'
19:54:22.313 [Forwarding switchToWindow on session ab6f5b0c56aae2de1724798db6d4fa10 to remote] DEBUG org.asynchttpclient.netty.request.NettyRequestSender - Using open Channel [id: 0x9532ec94, L:/127.0.0.1:58794 - R:localhost/127.0.0.1:38622] for POST '/session/ab6f5b0c56aae2de1724798db6d4fa10/window'
19:54:22.317 [AsyncHttpClient-1-8] DEBUG org.asynchttpclient.netty.handler.HttpHandler - 

Request DefaultHttpRequest(decodeResult: success, version: HTTP/1.1)
POST /session/ab6f5b0c56aae2de1724798db6d4fa10/window HTTP/1.1
User-Agent: selenium/4.7.1 (java windows)
Content-Length: 50
Content-Type: application/json; charset=utf-8
host: localhost:38622
accept: */*

Response DefaultHttpResponse(decodeResult: success, version: HTTP/1.1)
HTTP/1.1 200 OK
Content-Type: application/json; charset=utf-8
cache-control: no-cache
content-length: 14

19:54:22.317 [AsyncHttpClient-1-8] DEBUG org.asynchttpclient.netty.channel.ChannelManager - Adding key: http://localhost:38622 for channel [id: 0x9532ec94, L:/127.0.0.1:58794 - R:localhost/127.0.0.1:38622]
19:54:22.318 [Forwarding getCurrentUrl on session ab6f5b0c56aae2de1724798db6d4fa10 to remote] DEBUG org.asynchttpclient.netty.request.NettyRequestSender - Using pooled Channel '[id: 0x9532ec94, L:/127.0.0.1:58794 - R:localhost/127.0.0.1:38622]' for 'GET' to 'http://localhost:38622/session/ab6f5b0c56aae2de1724798db6d4fa10/url'
19:54:22.318 [Forwarding getCurrentUrl on session ab6f5b0c56aae2de1724798db6d4fa10 to remote] DEBUG org.asynchttpclient.netty.request.NettyRequestSender - Using open Channel [id: 0x9532ec94, L:/127.0.0.1:58794 - R:localhost/127.0.0.1:38622] for GET '/session/ab6f5b0c56aae2de1724798db6d4fa10/url'
19:54:22.323 [AsyncHttpClient-1-8] DEBUG org.asynchttpclient.netty.handler.HttpHandler - 

Request DefaultFullHttpRequest(decodeResult: success, version: HTTP/1.1, content: EmptyByteBufBE)
GET /session/ab6f5b0c56aae2de1724798db6d4fa10/url HTTP/1.1
User-Agent: selenium/4.7.1 (java windows)
Cache-Control: no-cache
Content-Type: application/json; charset=utf-8
host: localhost:38622
accept: */*

Response DefaultHttpResponse(decodeResult: success, version: HTTP/1.1)
HTTP/1.1 200 OK
Content-Type: application/json; charset=utf-8
cache-control: no-cache
content-length: 52

19:54:22.324 [AsyncHttpClient-1-8] DEBUG org.asynchttpclient.netty.channel.ChannelManager - Adding key: http://localhost:38622 for channel [id: 0x9532ec94, L:/127.0.0.1:58794 - R:localhost/127.0.0.1:38622]
19:54:22.325 [Forwarding screenshot on session ab6f5b0c56aae2de1724798db6d4fa10 to remote] DEBUG org.asynchttpclient.netty.request.NettyRequestSender - Using pooled Channel '[id: 0x9532ec94, L:/127.0.0.1:58794 - R:localhost/127.0.0.1:38622]' for 'GET' to 'http://localhost:38622/session/ab6f5b0c56aae2de1724798db6d4fa10/screenshot'
19:54:22.325 [Forwarding screenshot on session ab6f5b0c56aae2de1724798db6d4fa10 to remote] DEBUG org.asynchttpclient.netty.request.NettyRequestSender - Using open Channel [id: 0x9532ec94, L:/127.0.0.1:58794 - R:localhost/127.0.0.1:38622] for GET '/session/ab6f5b0c56aae2de1724798db6d4fa10/screenshot'
19:54:22.448 [AsyncHttpClient-1-8] DEBUG org.asynchttpclient.netty.handler.HttpHandler - 

Request DefaultFullHttpRequest(decodeResult: success, version: HTTP/1.1, content: EmptyByteBufBE)
GET /session/ab6f5b0c56aae2de1724798db6d4fa10/screenshot HTTP/1.1
User-Agent: selenium/4.7.1 (java windows)
Cache-Control: no-cache
Content-Type: application/json; charset=utf-8
host: localhost:38622
accept: */*

Response DefaultHttpResponse(decodeResult: success, version: HTTP/1.1)
HTTP/1.1 200 OK
Content-Type: application/json; charset=utf-8
cache-control: no-cache
content-length: 34592

19:54:22.449 [AsyncHttpClient-1-8] DEBUG org.asynchttpclient.netty.channel.ChannelManager - Adding key: http://localhost:38622 for channel [id: 0x9532ec94, L:/127.0.0.1:58794 - R:localhost/127.0.0.1:38622]
19:54:22.452 [main] DEBUG net.serenitybdd.core.photography.Darkroom - Send negative for processing for target\site\serenity\04153e5ec108ae7ce7ab5fbf38d9fc7f0f9ed9e4689bc721b135285a9b4ecb29.png
19:54:22.453 [main] DEBUG net.thucydides.core.steps.StepInterceptor - STEP DONE: klikRiwayatTransaksi
19:54:22.453 [Darkroom Processing Line] DEBUG net.serenitybdd.core.photography.DarkroomProcessingLine - Processing screenshot image in /var/screenshots/screenshot-14792028777865859588
19:54:22.453 [Darkroom Processing Line] DEBUG net.serenitybdd.core.photography.DarkroomProcessingLine - Saving screenshot to target\site\serenity\04153e5ec108ae7ce7ab5fbf38d9fc7f0f9ed9e4689bc721b135285a9b4ecb29.png
  &amp#27;[32mAnd &amp#27;[0m&amp#27;[32muser klik transaksi&amp#27;[0m                               &amp#27;[90m# starter.stepdefinitions.TransaksiSteps.userKlikTransaksi()&amp#27;[0m
19:54:22.473 [main] DEBUG net.thucydides.core.steps.StepInterceptor - STARTING STEP: TransaksiSteps.userDibawaKeHalamanTransaksi - halamanTransaksi
19:54:22.477 [Forwarding findElement on session ab6f5b0c56aae2de1724798db6d4fa10 to remote] DEBUG org.asynchttpclient.netty.request.NettyRequestSender - Using pooled Channel '[id: 0x9532ec94, L:/127.0.0.1:58794 - R:localhost/127.0.0.1:38622]' for 'POST' to 'http://localhost:38622/session/ab6f5b0c56aae2de1724798db6d4fa10/element'
19:54:22.477 [Forwarding findElement on session ab6f5b0c56aae2de1724798db6d4fa10 to remote] DEBUG org.asynchttpclient.netty.request.NettyRequestSender - Using open Channel [id: 0x9532ec94, L:/127.0.0.1:58794 - R:localhost/127.0.0.1:38622] for POST '/session/ab6f5b0c56aae2de1724798db6d4fa10/element'
19:54:22.497 [AsyncHttpClient-1-8] DEBUG org.asynchttpclient.netty.handler.HttpHandler - 

Request DefaultHttpRequest(decodeResult: success, version: HTTP/1.1)
POST /session/ab6f5b0c56aae2de1724798db6d4fa10/element HTTP/1.1
User-Agent: selenium/4.7.1 (java windows)
Content-Length: 112
Content-Type: application/json; charset=utf-8
host: localhost:38622
accept: */*

Response DefaultHttpResponse(decodeResult: success, version: HTTP/1.1)
HTTP/1.1 200 OK
Content-Type: application/json; charset=utf-8
cache-control: no-cache
content-length: 88

19:54:22.497 [AsyncHttpClient-1-8] DEBUG org.asynchttpclient.netty.channel.ChannelManager - Adding key: http://localhost:38622 for channel [id: 0x9532ec94, L:/127.0.0.1:58794 - R:localhost/127.0.0.1:38622]
19:54:22.502 [Forwarding isElementDisplayed on session ab6f5b0c56aae2de1724798db6d4fa10 to remote] DEBUG org.asynchttpclient.netty.request.NettyRequestSender - Using pooled Channel '[id: 0x9532ec94, L:/127.0.0.1:58794 - R:localhost/127.0.0.1:38622]' for 'POST' to 'http://localhost:38622/session/ab6f5b0c56aae2de1724798db6d4fa10/execute/sync'
19:54:22.503 [Forwarding isElementDisplayed on session ab6f5b0c56aae2de1724798db6d4fa10 to remote] DEBUG org.asynchttpclient.netty.request.NettyRequestSender - Using open Channel [id: 0x9532ec94, L:/127.0.0.1:58794 - R:localhost/127.0.0.1:38622] for POST '/session/ab6f5b0c56aae2de1724798db6d4fa10/execute/sync'
19:54:22.517 [AsyncHttpClient-1-8] DEBUG org.asynchttpclient.netty.handler.HttpHandler - 

Request DefaultHttpRequest(decodeResult: success, version: HTTP/1.1)
POST /session/ab6f5b0c56aae2de1724798db6d4fa10/execute/sync HTTP/1.1
User-Agent: selenium/4.7.1 (java windows)
Content-Length: 48780
Content-Type: application/json; charset=utf-8
host: localhost:38622
accept: */*

Response DefaultHttpResponse(decodeResult: success, version: HTTP/1.1)
HTTP/1.1 200 OK
Content-Type: application/json; charset=utf-8
cache-control: no-cache
content-length: 14

19:54:22.517 [AsyncHttpClient-1-8] DEBUG org.asynchttpclient.netty.channel.ChannelManager - Adding key: http://localhost:38622 for channel [id: 0x9532ec94, L:/127.0.0.1:58794 - R:localhost/127.0.0.1:38622]
19:54:22.523 [Forwarding getCurrentWindowHandle on session ab6f5b0c56aae2de1724798db6d4fa10 to remote] DEBUG org.asynchttpclient.netty.request.NettyRequestSender - Using pooled Channel '[id: 0x9532ec94, L:/127.0.0.1:58794 - R:localhost/127.0.0.1:38622]' for 'GET' to 'http://localhost:38622/session/ab6f5b0c56aae2de1724798db6d4fa10/window'
19:54:22.523 [Forwarding getCurrentWindowHandle on session ab6f5b0c56aae2de1724798db6d4fa10 to remote] DEBUG org.asynchttpclient.netty.request.NettyRequestSender - Using open Channel [id: 0x9532ec94, L:/127.0.0.1:58794 - R:localhost/127.0.0.1:38622] for GET '/session/ab6f5b0c56aae2de1724798db6d4fa10/window'
19:54:22.524 [AsyncHttpClient-1-8] DEBUG org.asynchttpclient.netty.handler.HttpHandler - 

Request DefaultFullHttpRequest(decodeResult: success, version: HTTP/1.1, content: EmptyByteBufBE)
GET /session/ab6f5b0c56aae2de1724798db6d4fa10/window HTTP/1.1
User-Agent: selenium/4.7.1 (java windows)
Cache-Control: no-cache
Content-Type: application/json; charset=utf-8
host: localhost:38622
accept: */*

Response DefaultHttpResponse(decodeResult: success, version: HTTP/1.1)
HTTP/1.1 200 OK
Content-Type: application/json; charset=utf-8
cache-control: no-cache
content-length: 44

19:54:22.524 [AsyncHttpClient-1-8] DEBUG org.asynchttpclient.netty.channel.ChannelManager - Adding key: http://localhost:38622 for channel [id: 0x9532ec94, L:/127.0.0.1:58794 - R:localhost/127.0.0.1:38622]
19:54:22.525 [Forwarding getAlertText on session ab6f5b0c56aae2de1724798db6d4fa10 to remote] DEBUG org.asynchttpclient.netty.request.NettyRequestSender - Using pooled Channel '[id: 0x9532ec94, L:/127.0.0.1:58794 - R:localhost/127.0.0.1:38622]' for 'GET' to 'http://localhost:38622/session/ab6f5b0c56aae2de1724798db6d4fa10/alert/text'
19:54:22.525 [Forwarding getAlertText on session ab6f5b0c56aae2de1724798db6d4fa10 to remote] DEBUG org.asynchttpclient.netty.request.NettyRequestSender - Using open Channel [id: 0x9532ec94, L:/127.0.0.1:58794 - R:localhost/127.0.0.1:38622] for GET '/session/ab6f5b0c56aae2de1724798db6d4fa10/alert/text'
19:54:22.527 [AsyncHttpClient-1-8] DEBUG org.asynchttpclient.netty.handler.HttpHandler - 

Request DefaultFullHttpRequest(decodeResult: success, version: HTTP/1.1, content: EmptyByteBufBE)
GET /session/ab6f5b0c56aae2de1724798db6d4fa10/alert/text HTTP/1.1
User-Agent: selenium/4.7.1 (java windows)
Cache-Control: no-cache
Content-Type: application/json; charset=utf-8
host: localhost:38622
accept: */*

Response DefaultHttpResponse(decodeResult: success, version: HTTP/1.1)
HTTP/1.1 404 Not Found
Content-Type: application/json; charset=utf-8
cache-control: no-cache
content-length: 821

19:54:22.528 [AsyncHttpClient-1-8] DEBUG org.asynchttpclient.netty.channel.ChannelManager - Adding key: http://localhost:38622 for channel [id: 0x9532ec94, L:/127.0.0.1:58794 - R:localhost/127.0.0.1:38622]
19:54:22.531 [Forwarding switchToWindow on session ab6f5b0c56aae2de1724798db6d4fa10 to remote] DEBUG org.asynchttpclient.netty.request.NettyRequestSender - Using pooled Channel '[id: 0x9532ec94, L:/127.0.0.1:58794 - R:localhost/127.0.0.1:38622]' for 'POST' to 'http://localhost:38622/session/ab6f5b0c56aae2de1724798db6d4fa10/window'
19:54:22.531 [Forwarding switchToWindow on session ab6f5b0c56aae2de1724798db6d4fa10 to remote] DEBUG org.asynchttpclient.netty.request.NettyRequestSender - Using open Channel [id: 0x9532ec94, L:/127.0.0.1:58794 - R:localhost/127.0.0.1:38622] for POST '/session/ab6f5b0c56aae2de1724798db6d4fa10/window'
19:54:22.534 [AsyncHttpClient-1-8] DEBUG org.asynchttpclient.netty.handler.HttpHandler - 

Request DefaultHttpRequest(decodeResult: success, version: HTTP/1.1)
POST /session/ab6f5b0c56aae2de1724798db6d4fa10/window HTTP/1.1
User-Agent: selenium/4.7.1 (java windows)
Content-Length: 50
Content-Type: application/json; charset=utf-8
host: localhost:38622
accept: */*

Response DefaultHttpResponse(decodeResult: success, version: HTTP/1.1)
HTTP/1.1 200 OK
Content-Type: application/json; charset=utf-8
cache-control: no-cache
content-length: 14

19:54:22.535 [AsyncHttpClient-1-8] DEBUG org.asynchttpclient.netty.channel.ChannelManager - Adding key: http://localhost:38622 for channel [id: 0x9532ec94, L:/127.0.0.1:58794 - R:localhost/127.0.0.1:38622]
19:54:22.536 [Forwarding getCurrentUrl on session ab6f5b0c56aae2de1724798db6d4fa10 to remote] DEBUG org.asynchttpclient.netty.request.NettyRequestSender - Using pooled Channel '[id: 0x9532ec94, L:/127.0.0.1:58794 - R:localhost/127.0.0.1:38622]' for 'GET' to 'http://localhost:38622/session/ab6f5b0c56aae2de1724798db6d4fa10/url'
19:54:22.536 [Forwarding getCurrentUrl on session ab6f5b0c56aae2de1724798db6d4fa10 to remote] DEBUG org.asynchttpclient.netty.request.NettyRequestSender - Using open Channel [id: 0x9532ec94, L:/127.0.0.1:58794 - R:localhost/127.0.0.1:38622] for GET '/session/ab6f5b0c56aae2de1724798db6d4fa10/url'
19:54:22.541 [AsyncHttpClient-1-8] DEBUG org.asynchttpclient.netty.handler.HttpHandler - 

Request DefaultFullHttpRequest(decodeResult: success, version: HTTP/1.1, content: EmptyByteBufBE)
GET /session/ab6f5b0c56aae2de1724798db6d4fa10/url HTTP/1.1
User-Agent: selenium/4.7.1 (java windows)
Cache-Control: no-cache
Content-Type: application/json; charset=utf-8
host: localhost:38622
accept: */*

Response DefaultHttpResponse(decodeResult: success, version: HTTP/1.1)
HTTP/1.1 200 OK
Content-Type: application/json; charset=utf-8
cache-control: no-cache
content-length: 52

19:54:22.541 [AsyncHttpClient-1-8] DEBUG org.asynchttpclient.netty.channel.ChannelManager - Adding key: http://localhost:38622 for channel [id: 0x9532ec94, L:/127.0.0.1:58794 - R:localhost/127.0.0.1:38622]
19:54:22.542 [Forwarding screenshot on session ab6f5b0c56aae2de1724798db6d4fa10 to remote] DEBUG org.asynchttpclient.netty.request.NettyRequestSender - Using pooled Channel '[id: 0x9532ec94, L:/127.0.0.1:58794 - R:localhost/127.0.0.1:38622]' for 'GET' to 'http://localhost:38622/session/ab6f5b0c56aae2de1724798db6d4fa10/screenshot'
19:54:22.542 [Forwarding screenshot on session ab6f5b0c56aae2de1724798db6d4fa10 to remote] DEBUG org.asynchttpclient.netty.request.NettyRequestSender - Using open Channel [id: 0x9532ec94, L:/127.0.0.1:58794 - R:localhost/127.0.0.1:38622] for GET '/session/ab6f5b0c56aae2de1724798db6d4fa10/screenshot'
19:54:22.637 [AsyncHttpClient-1-8] DEBUG org.asynchttpclient.netty.handler.HttpHandler - 

Request DefaultFullHttpRequest(decodeResult: success, version: HTTP/1.1, content: EmptyByteBufBE)
GET /session/ab6f5b0c56aae2de1724798db6d4fa10/screenshot HTTP/1.1
User-Agent: selenium/4.7.1 (java windows)
Cache-Control: no-cache
Content-Type: application/json; charset=utf-8
host: localhost:38622
accept: */*

Response DefaultHttpResponse(decodeResult: success, version: HTTP/1.1)
HTTP/1.1 200 OK
Content-Type: application/json; charset=utf-8
cache-control: no-cache
content-length: 30020

19:54:22.637 [AsyncHttpClient-1-8] DEBUG org.asynchttpclient.netty.channel.ChannelManager - Adding key: http://localhost:38622 for channel [id: 0x9532ec94, L:/127.0.0.1:58794 - R:localhost/127.0.0.1:38622]
19:54:22.640 [main] DEBUG net.serenitybdd.core.photography.Darkroom - Send negative for processing for target\site\serenity\cd16a1e8b95f50b7293aa9136bcb41b0d2db6674d344bb27f9d3f685d3785601.png
19:54:22.640 [main] DEBUG net.thucydides.core.steps.StepInterceptor - STEP DONE: halamanTransaksi
  &amp#27;[32mAnd &amp#27;[0m&amp#27;[32muser dibawa ke halaman transaksi&amp#27;[0m                  &amp#27;[90m# starter.stepdefinitions.TransaksiSteps.userDibawaKeHalamanTransaksi()&amp#27;[0m
19:54:22.649 [main] INFO  - 
  _____   ___   ___   _____     ___     _     ___   ___   ___   ___  
 |_   _| | __| / __| |_   _|   | _ \   /_\   / __| / __| | __| |   \ 
   | |   | _|  \__ \   | |     |  _/  / _ \  \__ \ \__ \ | _|  | |) |
   |_|   |___| |___/   |_|     |_|   /_/ \_\ |___/ |___/ |___| |___/ 

user bisa melihat riwayat transaksi
----------------------------------------------------------------------
19:54:22.651 [AsyncHttpClient-1-10] DEBUG org.asynchttpclient.netty.handler.WebSocketHandler - Channel Closed: [id: 0x81c39460, L:/127.0.0.1:58803 ! R:localhost/127.0.0.1:58795] with attribute NettyResponseFuture{currentRetry=0,
	isDone=1,
	isCancelled=0,
	asyncHandler=org.asynchttpclient.ws.WebSocketUpgradeHandler@13afcea0,
	nettyRequest=org.asynchttpclient.netty.request.NettyRequest@56ad52b1,
	future=java.util.concurrent.CompletableFuture@72701491[Completed normally],
	uri=ws://localhost:58795/devtools/browser/4f29c60c-2715-4e58-8729-b75e57d2f694,
	keepAlive=true,
	redirectCount=0,
	timeoutsHolder=null,
	inAuth=0,
	touch=1683377656860}
19:54:22.652 [AsyncHttpClient-1-10] DEBUG org.asynchttpclient.netty.channel.ChannelManager - Closing Channel [id: 0x81c39460, L:/127.0.0.1:58803 ! R:localhost/127.0.0.1:58795] 
19:54:22.652 [Driver Command Executor] DEBUG org.asynchttpclient.netty.request.NettyRequestSender - Using pooled Channel '[id: 0x9532ec94, L:/127.0.0.1:58794 - R:localhost/127.0.0.1:38622]' for 'DELETE' to 'http://localhost:38622/session/ab6f5b0c56aae2de1724798db6d4fa10'
19:54:22.652 [Driver Command Executor] DEBUG org.asynchttpclient.netty.request.NettyRequestSender - Using open Channel [id: 0x9532ec94, L:/127.0.0.1:58794 - R:localhost/127.0.0.1:38622] for DELETE '/session/ab6f5b0c56aae2de1724798db6d4fa10'
19:54:22.837 [AsyncHttpClient-1-9] DEBUG org.asynchttpclient.netty.handler.HttpHandler - Unexpected I/O exception on channel [id: 0x416f5671, L:/127.0.0.1:58802 - R:localhost/127.0.0.1:58795]
java.net.SocketException: Connection reset
	at java.base/sun.nio.ch.SocketChannelImpl.throwConnectionReset(SocketChannelImpl.java:401)
	at java.base/sun.nio.ch.SocketChannelImpl.read(SocketChannelImpl.java:434)
	at io.netty.buffer.PooledByteBuf.setBytes(PooledByteBuf.java:259)
	at io.netty.buffer.AbstractByteBuf.writeBytes(AbstractByteBuf.java:1132)
	at io.netty.channel.socket.nio.NioSocketChannel.doReadBytes(NioSocketChannel.java:357)
	at io.netty.channel.nio.AbstractNioByteChannel$NioByteUnsafe.read(AbstractNioByteChannel.java:151)
	at io.netty.channel.nio.NioEventLoop.processSelectedKey(NioEventLoop.java:788)
	at io.netty.channel.nio.NioEventLoop.processSelectedKeysOptimized(NioEventLoop.java:724)
	at io.netty.channel.nio.NioEventLoop.processSelectedKeys(NioEventLoop.java:650)
	at io.netty.channel.nio.NioEventLoop.run(NioEventLoop.java:562)
	at io.netty.util.concurrent.SingleThreadEventExecutor$4.run(SingleThreadEventExecutor.java:997)
	at io.netty.util.internal.ThreadExecutorMap$2.run(ThreadExecutorMap.java:74)
	at io.netty.util.concurrent.FastThreadLocalRunnable.run(FastThreadLocalRunnable.java:30)
	at java.base/java.lang.Thread.run(Thread.java:1589)
19:54:22.837 [AsyncHttpClient-1-9] DEBUG org.asynchttpclient.netty.channel.ChannelManager - Closing Channel [id: 0x416f5671, L:/127.0.0.1:58802 - R:localhost/127.0.0.1:58795] 
19:54:22.837 [AsyncHttpClient-1-9] DEBUG org.asynchttpclient.netty.handler.HttpHandler - Channel Closed: [id: 0x416f5671, L:/127.0.0.1:58802 ! R:localhost/127.0.0.1:58795] with attribute DISCARD
19:54:22.853 [AsyncHttpClient-1-8] DEBUG org.asynchttpclient.netty.handler.HttpHandler - 

Request DefaultFullHttpRequest(decodeResult: success, version: HTTP/1.1, content: EmptyByteBufBE)
DELETE /session/ab6f5b0c56aae2de1724798db6d4fa10 HTTP/1.1
User-Agent: selenium/4.7.1 (java windows)
Content-Type: application/json; charset=utf-8
host: localhost:38622
accept: */*

Response DefaultHttpResponse(decodeResult: success, version: HTTP/1.1)
HTTP/1.1 200 OK
Content-Type: application/json; charset=utf-8
cache-control: no-cache
content-length: 14

19:54:22.853 [AsyncHttpClient-1-8] DEBUG org.asynchttpclient.netty.channel.ChannelManager - Adding key: http://localhost:38622 for channel [id: 0x9532ec94, L:/127.0.0.1:58794 - R:localhost/127.0.0.1:38622]
19:54:22.915 [AsyncHttpClient-1-8] DEBUG org.asynchttpclient.netty.handler.HttpHandler - Channel Closed: [id: 0x9532ec94, L:/127.0.0.1:58794 ! R:localhost/127.0.0.1:38622] with attribute DISCARD
]]></system-out>
    <system-err><![CDATA[Starting ChromeDriver 112.0.5615.49 (bd2a7bcb881c11e8cfe3078709382934e3916914-refs/branch-heads/5615@{#936}) on port 38622
Only local connections are allowed.
Please see https://chromedriver.chromium.org/security-considerations for suggestions on keeping ChromeDriver safe.
ChromeDriver was started successfully.
May 06, 2023 7:54:16 PM org.openqa.selenium.devtools.CdpVersionFinder findNearestMatch
WARNING: Unable to find an exact match for CDP version 112, so returning the closest version found: 108
]]></system-err>
  </testcase>
  <testcase name="user bisa Mengubah Jumlah Produk pada Keranjang Belanja" classname="Transaksi" time="6.637">
    <system-out><![CDATA[
@AS18-positive
Scenario: user bisa Mengubah Jumlah Produk pada Keranjang Belanja         &amp#27;[90m# src/test/resources/features/3. Transaksi.feature:28&amp#27;[0m
19:54:23.013 [main] INFO io.cucumber.core.plugin.SerenityReporter - Running feature from file:///C:/Dev/api-automation-alta-master/ALTASHOP%20WEB%20AUTOMATION/src/test/resources/features/3.%20Transaksi.feature
19:54:23.013 [main] INFO  - 
  _____   ___   ___   _____     ___   _____     _     ___   _____   ___   ___  
 |_   _| | __| / __| |_   _|   / __| |_   _|   /_\   | _ \ |_   _| | __| |   \ 
   | |   | _|  \__ \   | |     \__ \   | |    / _ \  |   /   | |   | _|  | |) |
   |_|   |___| |___/   |_|     |___/   |_|   /_/ \_\ |_|_\   |_|   |___| |___/ 

user bisa Mengubah Jumlah Produk pada Keranjang Belanja(transaksi;user-bisa-mengubah-jumlah-produk-pada-keranjang-belanja)
--------------------------------------------------------------------------------
19:54:23.059 [main] DEBUG net.thucydides.core.steps.StepInterceptor - STARTING STEP: TransaksiSteps.userBeradaDiHomepageAltaShopDanLoginAkun - diHomepageAltaShop
19:54:23.116 [AsyncHttpClient-1-1] DEBUG org.asynchttpclient.netty.channel.DefaultChannelPool - Entry count for : http://localhost:58795 : 1
19:54:23.117 [AsyncHttpClient-1-1] DEBUG org.asynchttpclient.netty.channel.DefaultChannelPool - Entry count for : http://localhost:38622 : 1
19:54:23.117 [AsyncHttpClient-1-1] DEBUG org.asynchttpclient.netty.channel.DefaultChannelPool - Adding Candidate expired Channel [id: 0x416f5671, L:/127.0.0.1:58802 ! R:localhost/127.0.0.1:58795] isIdleTimeoutExpired=false isRemotelyClosed=true isTtlExpired=false
19:54:23.117 [AsyncHttpClient-1-1] DEBUG org.asynchttpclient.netty.channel.DefaultChannelPool - Closing Idle Channel [id: 0x416f5671, L:/127.0.0.1:58802 ! R:localhost/127.0.0.1:58795]
19:54:23.117 [AsyncHttpClient-1-1] DEBUG org.asynchttpclient.netty.channel.DefaultChannelPool - Adding Candidate expired Channel [id: 0x9532ec94, L:/127.0.0.1:58794 ! R:localhost/127.0.0.1:38622] isIdleTimeoutExpired=false isRemotelyClosed=true isTtlExpired=false
19:54:23.117 [AsyncHttpClient-1-1] DEBUG org.asynchttpclient.netty.channel.DefaultChannelPool - Closing Idle Channel [id: 0x9532ec94, L:/127.0.0.1:58794 ! R:localhost/127.0.0.1:38622]
19:54:23.117 [AsyncHttpClient-1-1] DEBUG org.asynchttpclient.netty.channel.DefaultChannelPool - Closed 2 connections out of 2 in 0 ms
19:54:23.157 [main] INFO net.serenitybdd.core.webdriver.driverproviders.ChromeDriverProvider - Starting Chrome driver instance with capabilities:
19:54:23.158 [main] INFO net.serenitybdd.core.webdriver.driverproviders.ChromeDriverProvider - Capabilities {acceptInsecureCerts: true, browserName: chrome, goog:chromeOptions: {args: [remote-allow-origins=*, test-type, no-sandbox, ignore-certificate-errors, start-maximized, incognito, disable-infobars, disable-gpu, disable-default-apps, disable-popup-blocking, remote-allow-origins=*, test-type, no-sandbox, ignore-certificate-errors, start-maximized, incognito, disable-infobars, disable-gpu, disable-default-apps, disable-popup-blocking], extensions: []}}
19:54:23.294 [AsyncHttpClient-1-11] DEBUG org.asynchttpclient.netty.channel.NettyConnectListener - Using new Channel '[id: 0x0b8ff365, L:/127.0.0.1:58834 - R:localhost/127.0.0.1:44210]' for 'POST' to '/session'
19:54:24.364 [AsyncHttpClient-1-11] DEBUG org.asynchttpclient.netty.handler.HttpHandler - 

Request DefaultHttpRequest(decodeResult: success, version: HTTP/1.1)
POST /session HTTP/1.1
User-Agent: selenium/4.7.1 (java windows)
Content-Length: 1629
Content-Type: application/json; charset=utf-8
host: localhost:44210
accept: */*

Response DefaultHttpResponse(decodeResult: success, version: HTTP/1.1)
HTTP/1.1 200 OK
Content-Type: application/json; charset=utf-8
cache-control: no-cache
content-length: 855

19:54:24.364 [AsyncHttpClient-1-11] DEBUG org.asynchttpclient.netty.channel.ChannelManager - Adding key: http://localhost:44210 for channel [id: 0x0b8ff365, L:/127.0.0.1:58834 - R:localhost/127.0.0.1:44210]
19:54:24.380 [AsyncHttpClient-1-12] DEBUG org.asynchttpclient.netty.channel.NettyConnectListener - Using new Channel '[id: 0x2caf2605, L:/127.0.0.1:58842 - R:localhost/127.0.0.1:58835]' for 'GET' to '/json/version'
19:54:24.385 [AsyncHttpClient-1-12] DEBUG org.asynchttpclient.netty.handler.HttpHandler - 

Request DefaultFullHttpRequest(decodeResult: success, version: HTTP/1.1, content: EmptyByteBufBE)
GET /json/version HTTP/1.1
User-Agent: selenium/4.7.1 (java windows)
host: localhost:58835
accept: */*

Response DefaultHttpResponse(decodeResult: success, version: HTTP/1.1)
HTTP/1.1 200 OK
Content-Security-Policy: frame-ancestors 'none'
Content-Type: application/json; charset=UTF-8
content-length: 424

19:54:24.386 [AsyncHttpClient-1-12] DEBUG org.asynchttpclient.netty.channel.ChannelManager - Adding key: http://localhost:58835 for channel [id: 0x2caf2605, L:/127.0.0.1:58842 - R:localhost/127.0.0.1:58835]
19:54:24.389 [AsyncHttpClient-1-13] DEBUG org.asynchttpclient.netty.channel.NettyConnectListener - Using new Channel '[id: 0x579e8375, L:/127.0.0.1:58843 - R:localhost/127.0.0.1:58835]' for 'GET' to '/devtools/browser/fe98148b-4041-4d50-b577-90376db0859d'
19:54:24.389 [AsyncHttpClient-1-13] DEBUG org.asynchttpclient.netty.handler.WebSocketHandler - 

Request DefaultFullHttpRequest(decodeResult: success, version: HTTP/1.1, content: EmptyByteBufBE)
GET /devtools/browser/fe98148b-4041-4d50-b577-90376db0859d HTTP/1.1
upgrade: websocket
connection: upgrade
sec-websocket-key: rODd6T/ZtFj1A8GIt2TIyA==
sec-websocket-version: 13
origin: http://localhost:58835
host: localhost:58835
accept: */*
user-agent: AHC/2.1

Response DefaultHttpResponse(decodeResult: success, version: HTTP/1.1)
HTTP/1.1 101 WebSocket Protocol Handshake
Upgrade: WebSocket
Connection: Upgrade
Sec-WebSocket-Accept: Qyit8cvNSgci4ZTd6ot5LjJ6xWE=

19:54:24.404 [Forwarding get on session 181d33815be4b952ef268eecf45da2bb to remote] DEBUG org.asynchttpclient.netty.request.NettyRequestSender - Using pooled Channel '[id: 0x0b8ff365, L:/127.0.0.1:58834 - R:localhost/127.0.0.1:44210]' for 'POST' to 'http://localhost:44210/session/181d33815be4b952ef268eecf45da2bb/url'
19:54:24.404 [Forwarding get on session 181d33815be4b952ef268eecf45da2bb to remote] DEBUG org.asynchttpclient.netty.request.NettyRequestSender - Using open Channel [id: 0x0b8ff365, L:/127.0.0.1:58834 - R:localhost/127.0.0.1:44210] for POST '/session/181d33815be4b952ef268eecf45da2bb/url'
19:54:25.311 [AsyncHttpClient-1-1] DEBUG org.asynchttpclient.netty.channel.DefaultChannelPool - Entry count for : http://localhost:58835 : 1
19:54:26.263 [AsyncHttpClient-1-11] DEBUG org.asynchttpclient.netty.handler.HttpHandler - 

Request DefaultHttpRequest(decodeResult: success, version: HTTP/1.1)
POST /session/181d33815be4b952ef268eecf45da2bb/url HTTP/1.1
User-Agent: selenium/4.7.1 (java windows)
Content-Length: 59
Content-Type: application/json; charset=utf-8
host: localhost:44210
accept: */*

Response DefaultHttpResponse(decodeResult: success, version: HTTP/1.1)
HTTP/1.1 200 OK
Content-Type: application/json; charset=utf-8
cache-control: no-cache
content-length: 14

19:54:26.263 [AsyncHttpClient-1-11] DEBUG org.asynchttpclient.netty.channel.ChannelManager - Adding key: http://localhost:44210 for channel [id: 0x0b8ff365, L:/127.0.0.1:58834 - R:localhost/127.0.0.1:44210]
19:54:26.265 [Forwarding setTimeout on session 181d33815be4b952ef268eecf45da2bb to remote] DEBUG org.asynchttpclient.netty.request.NettyRequestSender - Using pooled Channel '[id: 0x0b8ff365, L:/127.0.0.1:58834 - R:localhost/127.0.0.1:44210]' for 'POST' to 'http://localhost:44210/session/181d33815be4b952ef268eecf45da2bb/timeouts'
19:54:26.265 [Forwarding setTimeout on session 181d33815be4b952ef268eecf45da2bb to remote] DEBUG org.asynchttpclient.netty.request.NettyRequestSender - Using open Channel [id: 0x0b8ff365, L:/127.0.0.1:58834 - R:localhost/127.0.0.1:44210] for POST '/session/181d33815be4b952ef268eecf45da2bb/timeouts'
19:54:26.267 [AsyncHttpClient-1-11] DEBUG org.asynchttpclient.netty.handler.HttpHandler - 

Request DefaultHttpRequest(decodeResult: success, version: HTTP/1.1)
POST /session/181d33815be4b952ef268eecf45da2bb/timeouts HTTP/1.1
User-Agent: selenium/4.7.1 (java windows)
Content-Length: 22
Content-Type: application/json; charset=utf-8
host: localhost:44210
accept: */*

Response DefaultHttpResponse(decodeResult: success, version: HTTP/1.1)
HTTP/1.1 200 OK
Content-Type: application/json; charset=utf-8
cache-control: no-cache
content-length: 14

19:54:26.267 [AsyncHttpClient-1-11] DEBUG org.asynchttpclient.netty.channel.ChannelManager - Adding key: http://localhost:44210 for channel [id: 0x0b8ff365, L:/127.0.0.1:58834 - R:localhost/127.0.0.1:44210]
19:54:26.271 [Forwarding getCurrentUrl on session 181d33815be4b952ef268eecf45da2bb to remote] DEBUG org.asynchttpclient.netty.request.NettyRequestSender - Using pooled Channel '[id: 0x0b8ff365, L:/127.0.0.1:58834 - R:localhost/127.0.0.1:44210]' for 'GET' to 'http://localhost:44210/session/181d33815be4b952ef268eecf45da2bb/url'
19:54:26.271 [Forwarding getCurrentUrl on session 181d33815be4b952ef268eecf45da2bb to remote] DEBUG org.asynchttpclient.netty.request.NettyRequestSender - Using open Channel [id: 0x0b8ff365, L:/127.0.0.1:58834 - R:localhost/127.0.0.1:44210] for GET '/session/181d33815be4b952ef268eecf45da2bb/url'
19:54:26.278 [AsyncHttpClient-1-11] DEBUG org.asynchttpclient.netty.handler.HttpHandler - 

Request DefaultFullHttpRequest(decodeResult: success, version: HTTP/1.1, content: EmptyByteBufBE)
GET /session/181d33815be4b952ef268eecf45da2bb/url HTTP/1.1
User-Agent: selenium/4.7.1 (java windows)
Cache-Control: no-cache
Content-Type: application/json; charset=utf-8
host: localhost:44210
accept: */*

Response DefaultHttpResponse(decodeResult: success, version: HTTP/1.1)
HTTP/1.1 200 OK
Content-Type: application/json; charset=utf-8
cache-control: no-cache
content-length: 41

19:54:26.278 [AsyncHttpClient-1-11] DEBUG org.asynchttpclient.netty.channel.ChannelManager - Adding key: http://localhost:44210 for channel [id: 0x0b8ff365, L:/127.0.0.1:58834 - R:localhost/127.0.0.1:44210]
19:54:26.283 [Forwarding getCurrentUrl on session 181d33815be4b952ef268eecf45da2bb to remote] DEBUG org.asynchttpclient.netty.request.NettyRequestSender - Using pooled Channel '[id: 0x0b8ff365, L:/127.0.0.1:58834 - R:localhost/127.0.0.1:44210]' for 'GET' to 'http://localhost:44210/session/181d33815be4b952ef268eecf45da2bb/url'
19:54:26.283 [Forwarding getCurrentUrl on session 181d33815be4b952ef268eecf45da2bb to remote] DEBUG org.asynchttpclient.netty.request.NettyRequestSender - Using open Channel [id: 0x0b8ff365, L:/127.0.0.1:58834 - R:localhost/127.0.0.1:44210] for GET '/session/181d33815be4b952ef268eecf45da2bb/url'
19:54:26.311 [AsyncHttpClient-1-11] DEBUG org.asynchttpclient.netty.handler.HttpHandler - 

Request DefaultFullHttpRequest(decodeResult: success, version: HTTP/1.1, content: EmptyByteBufBE)
GET /session/181d33815be4b952ef268eecf45da2bb/url HTTP/1.1
User-Agent: selenium/4.7.1 (java windows)
Cache-Control: no-cache
Content-Type: application/json; charset=utf-8
host: localhost:44210
accept: */*

Response DefaultHttpResponse(decodeResult: success, version: HTTP/1.1)
HTTP/1.1 200 OK
Content-Type: application/json; charset=utf-8
cache-control: no-cache
content-length: 41

19:54:26.311 [AsyncHttpClient-1-11] DEBUG org.asynchttpclient.netty.channel.ChannelManager - Adding key: http://localhost:44210 for channel [id: 0x0b8ff365, L:/127.0.0.1:58834 - R:localhost/127.0.0.1:44210]
19:54:26.311 [Forwarding findElement on session 181d33815be4b952ef268eecf45da2bb to remote] DEBUG org.asynchttpclient.netty.request.NettyRequestSender - Using pooled Channel '[id: 0x0b8ff365, L:/127.0.0.1:58834 - R:localhost/127.0.0.1:44210]' for 'POST' to 'http://localhost:44210/session/181d33815be4b952ef268eecf45da2bb/element'
19:54:26.311 [Forwarding findElement on session 181d33815be4b952ef268eecf45da2bb to remote] DEBUG org.asynchttpclient.netty.request.NettyRequestSender - Using open Channel [id: 0x0b8ff365, L:/127.0.0.1:58834 - R:localhost/127.0.0.1:44210] for POST '/session/181d33815be4b952ef268eecf45da2bb/element'
19:54:26.326 [AsyncHttpClient-1-11] DEBUG org.asynchttpclient.netty.handler.HttpHandler - 

Request DefaultHttpRequest(decodeResult: success, version: HTTP/1.1)
POST /session/181d33815be4b952ef268eecf45da2bb/element HTTP/1.1
User-Agent: selenium/4.7.1 (java windows)
Content-Length: 108
Content-Type: application/json; charset=utf-8
host: localhost:44210
accept: */*

Response DefaultHttpResponse(decodeResult: success, version: HTTP/1.1)
HTTP/1.1 200 OK
Content-Type: application/json; charset=utf-8
cache-control: no-cache
content-length: 88

19:54:26.326 [AsyncHttpClient-1-11] DEBUG org.asynchttpclient.netty.channel.ChannelManager - Adding key: http://localhost:44210 for channel [id: 0x0b8ff365, L:/127.0.0.1:58834 - R:localhost/127.0.0.1:44210]
19:54:26.326 [Forwarding isElementDisplayed on session 181d33815be4b952ef268eecf45da2bb to remote] DEBUG org.asynchttpclient.netty.request.NettyRequestSender - Using pooled Channel '[id: 0x0b8ff365, L:/127.0.0.1:58834 - R:localhost/127.0.0.1:44210]' for 'POST' to 'http://localhost:44210/session/181d33815be4b952ef268eecf45da2bb/execute/sync'
19:54:26.326 [Forwarding isElementDisplayed on session 181d33815be4b952ef268eecf45da2bb to remote] DEBUG org.asynchttpclient.netty.request.NettyRequestSender - Using open Channel [id: 0x0b8ff365, L:/127.0.0.1:58834 - R:localhost/127.0.0.1:44210] for POST '/session/181d33815be4b952ef268eecf45da2bb/execute/sync'
19:54:26.342 [AsyncHttpClient-1-11] DEBUG org.asynchttpclient.netty.handler.HttpHandler - 

Request DefaultHttpRequest(decodeResult: success, version: HTTP/1.1)
POST /session/181d33815be4b952ef268eecf45da2bb/execute/sync HTTP/1.1
User-Agent: selenium/4.7.1 (java windows)
Content-Length: 48780
Content-Type: application/json; charset=utf-8
host: localhost:44210
accept: */*

Response DefaultHttpResponse(decodeResult: success, version: HTTP/1.1)
HTTP/1.1 200 OK
Content-Type: application/json; charset=utf-8
cache-control: no-cache
content-length: 14

19:54:26.342 [AsyncHttpClient-1-11] DEBUG org.asynchttpclient.netty.channel.ChannelManager - Adding key: http://localhost:44210 for channel [id: 0x0b8ff365, L:/127.0.0.1:58834 - R:localhost/127.0.0.1:44210]
19:54:26.342 [Forwarding isElementDisplayed on session 181d33815be4b952ef268eecf45da2bb to remote] DEBUG org.asynchttpclient.netty.request.NettyRequestSender - Using pooled Channel '[id: 0x0b8ff365, L:/127.0.0.1:58834 - R:localhost/127.0.0.1:44210]' for 'POST' to 'http://localhost:44210/session/181d33815be4b952ef268eecf45da2bb/execute/sync'
19:54:26.342 [Forwarding isElementDisplayed on session 181d33815be4b952ef268eecf45da2bb to remote] DEBUG org.asynchttpclient.netty.request.NettyRequestSender - Using open Channel [id: 0x0b8ff365, L:/127.0.0.1:58834 - R:localhost/127.0.0.1:44210] for POST '/session/181d33815be4b952ef268eecf45da2bb/execute/sync'
19:54:26.357 [AsyncHttpClient-1-11] DEBUG org.asynchttpclient.netty.handler.HttpHandler - 

Request DefaultHttpRequest(decodeResult: success, version: HTTP/1.1)
POST /session/181d33815be4b952ef268eecf45da2bb/execute/sync HTTP/1.1
User-Agent: selenium/4.7.1 (java windows)
Content-Length: 48780
Content-Type: application/json; charset=utf-8
host: localhost:44210
accept: */*

Response DefaultHttpResponse(decodeResult: success, version: HTTP/1.1)
HTTP/1.1 200 OK
Content-Type: application/json; charset=utf-8
cache-control: no-cache
content-length: 14

19:54:26.357 [AsyncHttpClient-1-11] DEBUG org.asynchttpclient.netty.channel.ChannelManager - Adding key: http://localhost:44210 for channel [id: 0x0b8ff365, L:/127.0.0.1:58834 - R:localhost/127.0.0.1:44210]
19:54:26.357 [Forwarding getCurrentWindowHandle on session 181d33815be4b952ef268eecf45da2bb to remote] DEBUG org.asynchttpclient.netty.request.NettyRequestSender - Using pooled Channel '[id: 0x0b8ff365, L:/127.0.0.1:58834 - R:localhost/127.0.0.1:44210]' for 'GET' to 'http://localhost:44210/session/181d33815be4b952ef268eecf45da2bb/window'
19:54:26.357 [Forwarding getCurrentWindowHandle on session 181d33815be4b952ef268eecf45da2bb to remote] DEBUG org.asynchttpclient.netty.request.NettyRequestSender - Using open Channel [id: 0x0b8ff365, L:/127.0.0.1:58834 - R:localhost/127.0.0.1:44210] for GET '/session/181d33815be4b952ef268eecf45da2bb/window'
19:54:26.357 [AsyncHttpClient-1-11] DEBUG org.asynchttpclient.netty.handler.HttpHandler - 

Request DefaultFullHttpRequest(decodeResult: success, version: HTTP/1.1, content: EmptyByteBufBE)
GET /session/181d33815be4b952ef268eecf45da2bb/window HTTP/1.1
User-Agent: selenium/4.7.1 (java windows)
Cache-Control: no-cache
Content-Type: application/json; charset=utf-8
host: localhost:44210
accept: */*

Response DefaultHttpResponse(decodeResult: success, version: HTTP/1.1)
HTTP/1.1 200 OK
Content-Type: application/json; charset=utf-8
cache-control: no-cache
content-length: 44

19:54:26.357 [AsyncHttpClient-1-11] DEBUG org.asynchttpclient.netty.channel.ChannelManager - Adding key: http://localhost:44210 for channel [id: 0x0b8ff365, L:/127.0.0.1:58834 - R:localhost/127.0.0.1:44210]
19:54:26.357 [Forwarding getAlertText on session 181d33815be4b952ef268eecf45da2bb to remote] DEBUG org.asynchttpclient.netty.request.NettyRequestSender - Using pooled Channel '[id: 0x0b8ff365, L:/127.0.0.1:58834 - R:localhost/127.0.0.1:44210]' for 'GET' to 'http://localhost:44210/session/181d33815be4b952ef268eecf45da2bb/alert/text'
19:54:26.357 [Forwarding getAlertText on session 181d33815be4b952ef268eecf45da2bb to remote] DEBUG org.asynchttpclient.netty.request.NettyRequestSender - Using open Channel [id: 0x0b8ff365, L:/127.0.0.1:58834 - R:localhost/127.0.0.1:44210] for GET '/session/181d33815be4b952ef268eecf45da2bb/alert/text'
19:54:26.357 [AsyncHttpClient-1-11] DEBUG org.asynchttpclient.netty.handler.HttpHandler - 

Request DefaultFullHttpRequest(decodeResult: success, version: HTTP/1.1, content: EmptyByteBufBE)
GET /session/181d33815be4b952ef268eecf45da2bb/alert/text HTTP/1.1
User-Agent: selenium/4.7.1 (java windows)
Cache-Control: no-cache
Content-Type: application/json; charset=utf-8
host: localhost:44210
accept: */*

Response DefaultHttpResponse(decodeResult: success, version: HTTP/1.1)
HTTP/1.1 404 Not Found
Content-Type: application/json; charset=utf-8
cache-control: no-cache
content-length: 821

19:54:26.357 [AsyncHttpClient-1-11] DEBUG org.asynchttpclient.netty.channel.ChannelManager - Adding key: http://localhost:44210 for channel [id: 0x0b8ff365, L:/127.0.0.1:58834 - R:localhost/127.0.0.1:44210]
19:54:26.373 [Forwarding switchToWindow on session 181d33815be4b952ef268eecf45da2bb to remote] DEBUG org.asynchttpclient.netty.request.NettyRequestSender - Using pooled Channel '[id: 0x0b8ff365, L:/127.0.0.1:58834 - R:localhost/127.0.0.1:44210]' for 'POST' to 'http://localhost:44210/session/181d33815be4b952ef268eecf45da2bb/window'
19:54:26.373 [Forwarding switchToWindow on session 181d33815be4b952ef268eecf45da2bb to remote] DEBUG org.asynchttpclient.netty.request.NettyRequestSender - Using open Channel [id: 0x0b8ff365, L:/127.0.0.1:58834 - R:localhost/127.0.0.1:44210] for POST '/session/181d33815be4b952ef268eecf45da2bb/window'
19:54:26.373 [AsyncHttpClient-1-11] DEBUG org.asynchttpclient.netty.handler.HttpHandler - 

Request DefaultHttpRequest(decodeResult: success, version: HTTP/1.1)
POST /session/181d33815be4b952ef268eecf45da2bb/window HTTP/1.1
User-Agent: selenium/4.7.1 (java windows)
Content-Length: 50
Content-Type: application/json; charset=utf-8
host: localhost:44210
accept: */*

Response DefaultHttpResponse(decodeResult: success, version: HTTP/1.1)
HTTP/1.1 200 OK
Content-Type: application/json; charset=utf-8
cache-control: no-cache
content-length: 14

19:54:26.373 [AsyncHttpClient-1-11] DEBUG org.asynchttpclient.netty.channel.ChannelManager - Adding key: http://localhost:44210 for channel [id: 0x0b8ff365, L:/127.0.0.1:58834 - R:localhost/127.0.0.1:44210]
19:54:26.373 [Forwarding getCurrentUrl on session 181d33815be4b952ef268eecf45da2bb to remote] DEBUG org.asynchttpclient.netty.request.NettyRequestSender - Using pooled Channel '[id: 0x0b8ff365, L:/127.0.0.1:58834 - R:localhost/127.0.0.1:44210]' for 'GET' to 'http://localhost:44210/session/181d33815be4b952ef268eecf45da2bb/url'
19:54:26.373 [Forwarding getCurrentUrl on session 181d33815be4b952ef268eecf45da2bb to remote] DEBUG org.asynchttpclient.netty.request.NettyRequestSender - Using open Channel [id: 0x0b8ff365, L:/127.0.0.1:58834 - R:localhost/127.0.0.1:44210] for GET '/session/181d33815be4b952ef268eecf45da2bb/url'
19:54:26.373 [AsyncHttpClient-1-11] DEBUG org.asynchttpclient.netty.handler.HttpHandler - 

Request DefaultFullHttpRequest(decodeResult: success, version: HTTP/1.1, content: EmptyByteBufBE)
GET /session/181d33815be4b952ef268eecf45da2bb/url HTTP/1.1
User-Agent: selenium/4.7.1 (java windows)
Cache-Control: no-cache
Content-Type: application/json; charset=utf-8
host: localhost:44210
accept: */*

Response DefaultHttpResponse(decodeResult: success, version: HTTP/1.1)
HTTP/1.1 200 OK
Content-Type: application/json; charset=utf-8
cache-control: no-cache
content-length: 41

19:54:26.373 [AsyncHttpClient-1-11] DEBUG org.asynchttpclient.netty.channel.ChannelManager - Adding key: http://localhost:44210 for channel [id: 0x0b8ff365, L:/127.0.0.1:58834 - R:localhost/127.0.0.1:44210]
19:54:26.373 [Forwarding screenshot on session 181d33815be4b952ef268eecf45da2bb to remote] DEBUG org.asynchttpclient.netty.request.NettyRequestSender - Using pooled Channel '[id: 0x0b8ff365, L:/127.0.0.1:58834 - R:localhost/127.0.0.1:44210]' for 'GET' to 'http://localhost:44210/session/181d33815be4b952ef268eecf45da2bb/screenshot'
19:54:26.373 [Forwarding screenshot on session 181d33815be4b952ef268eecf45da2bb to remote] DEBUG org.asynchttpclient.netty.request.NettyRequestSender - Using open Channel [id: 0x0b8ff365, L:/127.0.0.1:58834 - R:localhost/127.0.0.1:44210] for GET '/session/181d33815be4b952ef268eecf45da2bb/screenshot'
19:54:26.420 [AsyncHttpClient-1-1] DEBUG org.asynchttpclient.netty.channel.DefaultChannelPool - Entry count for : http://localhost:58835 : 1
19:54:26.471 [AsyncHttpClient-1-11] DEBUG org.asynchttpclient.netty.handler.HttpHandler - 

Request DefaultFullHttpRequest(decodeResult: success, version: HTTP/1.1, content: EmptyByteBufBE)
GET /session/181d33815be4b952ef268eecf45da2bb/screenshot HTTP/1.1
User-Agent: selenium/4.7.1 (java windows)
Cache-Control: no-cache
Content-Type: application/json; charset=utf-8
host: localhost:44210
accept: */*

Response DefaultHttpResponse(decodeResult: success, version: HTTP/1.1)
HTTP/1.1 200 OK
Content-Type: application/json; charset=utf-8
cache-control: no-cache
content-length: 95224

19:54:26.471 [AsyncHttpClient-1-11] DEBUG org.asynchttpclient.netty.channel.ChannelManager - Adding key: http://localhost:44210 for channel [id: 0x0b8ff365, L:/127.0.0.1:58834 - R:localhost/127.0.0.1:44210]
19:54:26.475 [main] DEBUG net.serenitybdd.core.photography.Darkroom - Send negative for processing for target\site\serenity\a9beb815630c09d22211b3d676a87fcd2940b70b1df8345cbcf716cff5f9fa8c.png
19:54:26.476 [main] DEBUG net.thucydides.core.steps.StepInterceptor - STEP DONE: diHomepageAltaShop
19:54:26.482 [main] DEBUG net.thucydides.core.steps.StepInterceptor - STARTING STEP: TransaksiSteps.userBeradaDiHomepageAltaShopDanLoginAkun - klikButtonLogin
19:54:26.488 [Forwarding findElement on session 181d33815be4b952ef268eecf45da2bb to remote] DEBUG org.asynchttpclient.netty.request.NettyRequestSender - Using pooled Channel '[id: 0x0b8ff365, L:/127.0.0.1:58834 - R:localhost/127.0.0.1:44210]' for 'POST' to 'http://localhost:44210/session/181d33815be4b952ef268eecf45da2bb/element'
19:54:26.488 [Forwarding findElement on session 181d33815be4b952ef268eecf45da2bb to remote] DEBUG org.asynchttpclient.netty.request.NettyRequestSender - Using open Channel [id: 0x0b8ff365, L:/127.0.0.1:58834 - R:localhost/127.0.0.1:44210] for POST '/session/181d33815be4b952ef268eecf45da2bb/element'
19:54:26.504 [AsyncHttpClient-1-11] DEBUG org.asynchttpclient.netty.handler.HttpHandler - 

Request DefaultHttpRequest(decodeResult: success, version: HTTP/1.1)
POST /session/181d33815be4b952ef268eecf45da2bb/element HTTP/1.1
User-Agent: selenium/4.7.1 (java windows)
Content-Length: 108
Content-Type: application/json; charset=utf-8
host: localhost:44210
accept: */*

Response DefaultHttpResponse(decodeResult: success, version: HTTP/1.1)
HTTP/1.1 200 OK
Content-Type: application/json; charset=utf-8
cache-control: no-cache
content-length: 88

19:54:26.504 [AsyncHttpClient-1-11] DEBUG org.asynchttpclient.netty.channel.ChannelManager - Adding key: http://localhost:44210 for channel [id: 0x0b8ff365, L:/127.0.0.1:58834 - R:localhost/127.0.0.1:44210]
19:54:26.506 [Forwarding getElementTagName on session 181d33815be4b952ef268eecf45da2bb to remote] DEBUG org.asynchttpclient.netty.request.NettyRequestSender - Using pooled Channel '[id: 0x0b8ff365, L:/127.0.0.1:58834 - R:localhost/127.0.0.1:44210]' for 'GET' to 'http://localhost:44210/session/181d33815be4b952ef268eecf45da2bb/element/700f6b17-709e-4982-a9f0-8c226edcc1f5/name'
19:54:26.506 [Forwarding getElementTagName on session 181d33815be4b952ef268eecf45da2bb to remote] DEBUG org.asynchttpclient.netty.request.NettyRequestSender - Using open Channel [id: 0x0b8ff365, L:/127.0.0.1:58834 - R:localhost/127.0.0.1:44210] for GET '/session/181d33815be4b952ef268eecf45da2bb/element/700f6b17-709e-4982-a9f0-8c226edcc1f5/name'
19:54:26.513 [AsyncHttpClient-1-11] DEBUG org.asynchttpclient.netty.handler.HttpHandler - 

Request DefaultFullHttpRequest(decodeResult: success, version: HTTP/1.1, content: EmptyByteBufBE)
GET /session/181d33815be4b952ef268eecf45da2bb/element/700f6b17-709e-4982-a9f0-8c226edcc1f5/name HTTP/1.1
User-Agent: selenium/4.7.1 (java windows)
Cache-Control: no-cache
Content-Type: application/json; charset=utf-8
host: localhost:44210
accept: */*

Response DefaultHttpResponse(decodeResult: success, version: HTTP/1.1)
HTTP/1.1 200 OK
Content-Type: application/json; charset=utf-8
cache-control: no-cache
content-length: 18

19:54:26.513 [AsyncHttpClient-1-11] DEBUG org.asynchttpclient.netty.channel.ChannelManager - Adding key: http://localhost:44210 for channel [id: 0x0b8ff365, L:/127.0.0.1:58834 - R:localhost/127.0.0.1:44210]
19:54:26.514 [Forwarding getElementTagName on session 181d33815be4b952ef268eecf45da2bb to remote] DEBUG org.asynchttpclient.netty.request.NettyRequestSender - Using pooled Channel '[id: 0x0b8ff365, L:/127.0.0.1:58834 - R:localhost/127.0.0.1:44210]' for 'GET' to 'http://localhost:44210/session/181d33815be4b952ef268eecf45da2bb/element/700f6b17-709e-4982-a9f0-8c226edcc1f5/name'
19:54:26.514 [Forwarding getElementTagName on session 181d33815be4b952ef268eecf45da2bb to remote] DEBUG org.asynchttpclient.netty.request.NettyRequestSender - Using open Channel [id: 0x0b8ff365, L:/127.0.0.1:58834 - R:localhost/127.0.0.1:44210] for GET '/session/181d33815be4b952ef268eecf45da2bb/element/700f6b17-709e-4982-a9f0-8c226edcc1f5/name'
19:54:26.519 [AsyncHttpClient-1-11] DEBUG org.asynchttpclient.netty.handler.HttpHandler - 

Request DefaultFullHttpRequest(decodeResult: success, version: HTTP/1.1, content: EmptyByteBufBE)
GET /session/181d33815be4b952ef268eecf45da2bb/element/700f6b17-709e-4982-a9f0-8c226edcc1f5/name HTTP/1.1
User-Agent: selenium/4.7.1 (java windows)
Cache-Control: no-cache
Content-Type: application/json; charset=utf-8
host: localhost:44210
accept: */*

Response DefaultHttpResponse(decodeResult: success, version: HTTP/1.1)
HTTP/1.1 200 OK
Content-Type: application/json; charset=utf-8
cache-control: no-cache
content-length: 18

19:54:26.519 [AsyncHttpClient-1-11] DEBUG org.asynchttpclient.netty.channel.ChannelManager - Adding key: http://localhost:44210 for channel [id: 0x0b8ff365, L:/127.0.0.1:58834 - R:localhost/127.0.0.1:44210]
19:54:26.522 [Forwarding isElementEnabled on session 181d33815be4b952ef268eecf45da2bb to remote] DEBUG org.asynchttpclient.netty.request.NettyRequestSender - Using pooled Channel '[id: 0x0b8ff365, L:/127.0.0.1:58834 - R:localhost/127.0.0.1:44210]' for 'GET' to 'http://localhost:44210/session/181d33815be4b952ef268eecf45da2bb/element/700f6b17-709e-4982-a9f0-8c226edcc1f5/enabled'
19:54:26.522 [Forwarding isElementEnabled on session 181d33815be4b952ef268eecf45da2bb to remote] DEBUG org.asynchttpclient.netty.request.NettyRequestSender - Using open Channel [id: 0x0b8ff365, L:/127.0.0.1:58834 - R:localhost/127.0.0.1:44210] for GET '/session/181d33815be4b952ef268eecf45da2bb/element/700f6b17-709e-4982-a9f0-8c226edcc1f5/enabled'
19:54:26.533 [AsyncHttpClient-1-11] DEBUG org.asynchttpclient.netty.handler.HttpHandler - 

Request DefaultFullHttpRequest(decodeResult: success, version: HTTP/1.1, content: EmptyByteBufBE)
GET /session/181d33815be4b952ef268eecf45da2bb/element/700f6b17-709e-4982-a9f0-8c226edcc1f5/enabled HTTP/1.1
User-Agent: selenium/4.7.1 (java windows)
Cache-Control: no-cache
Content-Type: application/json; charset=utf-8
host: localhost:44210
accept: */*

Response DefaultHttpResponse(decodeResult: success, version: HTTP/1.1)
HTTP/1.1 200 OK
Content-Type: application/json; charset=utf-8
cache-control: no-cache
content-length: 14

19:54:26.533 [AsyncHttpClient-1-11] DEBUG org.asynchttpclient.netty.channel.ChannelManager - Adding key: http://localhost:44210 for channel [id: 0x0b8ff365, L:/127.0.0.1:58834 - R:localhost/127.0.0.1:44210]
19:54:26.535 [Forwarding isElementEnabled on session 181d33815be4b952ef268eecf45da2bb to remote] DEBUG org.asynchttpclient.netty.request.NettyRequestSender - Using pooled Channel '[id: 0x0b8ff365, L:/127.0.0.1:58834 - R:localhost/127.0.0.1:44210]' for 'GET' to 'http://localhost:44210/session/181d33815be4b952ef268eecf45da2bb/element/700f6b17-709e-4982-a9f0-8c226edcc1f5/enabled'
19:54:26.535 [Forwarding isElementEnabled on session 181d33815be4b952ef268eecf45da2bb to remote] DEBUG org.asynchttpclient.netty.request.NettyRequestSender - Using open Channel [id: 0x0b8ff365, L:/127.0.0.1:58834 - R:localhost/127.0.0.1:44210] for GET '/session/181d33815be4b952ef268eecf45da2bb/element/700f6b17-709e-4982-a9f0-8c226edcc1f5/enabled'
19:54:26.537 [AsyncHttpClient-1-11] DEBUG org.asynchttpclient.netty.handler.HttpHandler - 

Request DefaultFullHttpRequest(decodeResult: success, version: HTTP/1.1, content: EmptyByteBufBE)
GET /session/181d33815be4b952ef268eecf45da2bb/element/700f6b17-709e-4982-a9f0-8c226edcc1f5/enabled HTTP/1.1
User-Agent: selenium/4.7.1 (java windows)
Cache-Control: no-cache
Content-Type: application/json; charset=utf-8
host: localhost:44210
accept: */*

Response DefaultHttpResponse(decodeResult: success, version: HTTP/1.1)
HTTP/1.1 200 OK
Content-Type: application/json; charset=utf-8
cache-control: no-cache
content-length: 14

19:54:26.537 [AsyncHttpClient-1-11] DEBUG org.asynchttpclient.netty.channel.ChannelManager - Adding key: http://localhost:44210 for channel [id: 0x0b8ff365, L:/127.0.0.1:58834 - R:localhost/127.0.0.1:44210]
19:54:26.537 [Forwarding findElement on session 181d33815be4b952ef268eecf45da2bb to remote] DEBUG org.asynchttpclient.netty.request.NettyRequestSender - Using pooled Channel '[id: 0x0b8ff365, L:/127.0.0.1:58834 - R:localhost/127.0.0.1:44210]' for 'POST' to 'http://localhost:44210/session/181d33815be4b952ef268eecf45da2bb/element'
19:54:26.537 [Forwarding findElement on session 181d33815be4b952ef268eecf45da2bb to remote] DEBUG org.asynchttpclient.netty.request.NettyRequestSender - Using open Channel [id: 0x0b8ff365, L:/127.0.0.1:58834 - R:localhost/127.0.0.1:44210] for POST '/session/181d33815be4b952ef268eecf45da2bb/element'
19:54:26.553 [AsyncHttpClient-1-11] DEBUG org.asynchttpclient.netty.handler.HttpHandler - 

Request DefaultHttpRequest(decodeResult: success, version: HTTP/1.1)
POST /session/181d33815be4b952ef268eecf45da2bb/element HTTP/1.1
User-Agent: selenium/4.7.1 (java windows)
Content-Length: 108
Content-Type: application/json; charset=utf-8
host: localhost:44210
accept: */*

Response DefaultHttpResponse(decodeResult: success, version: HTTP/1.1)
HTTP/1.1 200 OK
Content-Type: application/json; charset=utf-8
cache-control: no-cache
content-length: 88

19:54:26.561 [AsyncHttpClient-1-11] DEBUG org.asynchttpclient.netty.channel.ChannelManager - Adding key: http://localhost:44210 for channel [id: 0x0b8ff365, L:/127.0.0.1:58834 - R:localhost/127.0.0.1:44210]
19:54:26.563 [Forwarding clickElement on session 181d33815be4b952ef268eecf45da2bb to remote] DEBUG org.asynchttpclient.netty.request.NettyRequestSender - Using pooled Channel '[id: 0x0b8ff365, L:/127.0.0.1:58834 - R:localhost/127.0.0.1:44210]' for 'POST' to 'http://localhost:44210/session/181d33815be4b952ef268eecf45da2bb/element/700f6b17-709e-4982-a9f0-8c226edcc1f5/click'
19:54:26.563 [Forwarding clickElement on session 181d33815be4b952ef268eecf45da2bb to remote] DEBUG org.asynchttpclient.netty.request.NettyRequestSender - Using open Channel [id: 0x0b8ff365, L:/127.0.0.1:58834 - R:localhost/127.0.0.1:44210] for POST '/session/181d33815be4b952ef268eecf45da2bb/element/700f6b17-709e-4982-a9f0-8c226edcc1f5/click'
19:54:26.628 [AsyncHttpClient-1-11] DEBUG org.asynchttpclient.netty.handler.HttpHandler - 

Request DefaultHttpRequest(decodeResult: success, version: HTTP/1.1)
POST /session/181d33815be4b952ef268eecf45da2bb/element/700f6b17-709e-4982-a9f0-8c226edcc1f5/click HTTP/1.1
User-Agent: selenium/4.7.1 (java windows)
Content-Length: 50
Content-Type: application/json; charset=utf-8
host: localhost:44210
accept: */*

Response DefaultHttpResponse(decodeResult: success, version: HTTP/1.1)
HTTP/1.1 200 OK
Content-Type: application/json; charset=utf-8
cache-control: no-cache
content-length: 14

19:54:26.628 [AsyncHttpClient-1-11] DEBUG org.asynchttpclient.netty.channel.ChannelManager - Adding key: http://localhost:44210 for channel [id: 0x0b8ff365, L:/127.0.0.1:58834 - R:localhost/127.0.0.1:44210]
19:54:26.640 [Forwarding getCurrentWindowHandle on session 181d33815be4b952ef268eecf45da2bb to remote] DEBUG org.asynchttpclient.netty.request.NettyRequestSender - Using pooled Channel '[id: 0x0b8ff365, L:/127.0.0.1:58834 - R:localhost/127.0.0.1:44210]' for 'GET' to 'http://localhost:44210/session/181d33815be4b952ef268eecf45da2bb/window'
19:54:26.640 [Forwarding getCurrentWindowHandle on session 181d33815be4b952ef268eecf45da2bb to remote] DEBUG org.asynchttpclient.netty.request.NettyRequestSender - Using open Channel [id: 0x0b8ff365, L:/127.0.0.1:58834 - R:localhost/127.0.0.1:44210] for GET '/session/181d33815be4b952ef268eecf45da2bb/window'
19:54:26.642 [AsyncHttpClient-1-11] DEBUG org.asynchttpclient.netty.handler.HttpHandler - 

Request DefaultFullHttpRequest(decodeResult: success, version: HTTP/1.1, content: EmptyByteBufBE)
GET /session/181d33815be4b952ef268eecf45da2bb/window HTTP/1.1
User-Agent: selenium/4.7.1 (java windows)
Cache-Control: no-cache
Content-Type: application/json; charset=utf-8
host: localhost:44210
accept: */*

Response DefaultHttpResponse(decodeResult: success, version: HTTP/1.1)
HTTP/1.1 200 OK
Content-Type: application/json; charset=utf-8
cache-control: no-cache
content-length: 44

19:54:26.642 [AsyncHttpClient-1-11] DEBUG org.asynchttpclient.netty.channel.ChannelManager - Adding key: http://localhost:44210 for channel [id: 0x0b8ff365, L:/127.0.0.1:58834 - R:localhost/127.0.0.1:44210]
19:54:26.645 [Forwarding getAlertText on session 181d33815be4b952ef268eecf45da2bb to remote] DEBUG org.asynchttpclient.netty.request.NettyRequestSender - Using pooled Channel '[id: 0x0b8ff365, L:/127.0.0.1:58834 - R:localhost/127.0.0.1:44210]' for 'GET' to 'http://localhost:44210/session/181d33815be4b952ef268eecf45da2bb/alert/text'
19:54:26.645 [Forwarding getAlertText on session 181d33815be4b952ef268eecf45da2bb to remote] DEBUG org.asynchttpclient.netty.request.NettyRequestSender - Using open Channel [id: 0x0b8ff365, L:/127.0.0.1:58834 - R:localhost/127.0.0.1:44210] for GET '/session/181d33815be4b952ef268eecf45da2bb/alert/text'
19:54:26.718 [AsyncHttpClient-1-11] DEBUG org.asynchttpclient.netty.handler.HttpHandler - 

Request DefaultFullHttpRequest(decodeResult: success, version: HTTP/1.1, content: EmptyByteBufBE)
GET /session/181d33815be4b952ef268eecf45da2bb/alert/text HTTP/1.1
User-Agent: selenium/4.7.1 (java windows)
Cache-Control: no-cache
Content-Type: application/json; charset=utf-8
host: localhost:44210
accept: */*

Response DefaultHttpResponse(decodeResult: success, version: HTTP/1.1)
HTTP/1.1 404 Not Found
Content-Type: application/json; charset=utf-8
cache-control: no-cache
content-length: 821

19:54:26.718 [AsyncHttpClient-1-11] DEBUG org.asynchttpclient.netty.channel.ChannelManager - Adding key: http://localhost:44210 for channel [id: 0x0b8ff365, L:/127.0.0.1:58834 - R:localhost/127.0.0.1:44210]
19:54:26.721 [Forwarding switchToWindow on session 181d33815be4b952ef268eecf45da2bb to remote] DEBUG org.asynchttpclient.netty.request.NettyRequestSender - Using pooled Channel '[id: 0x0b8ff365, L:/127.0.0.1:58834 - R:localhost/127.0.0.1:44210]' for 'POST' to 'http://localhost:44210/session/181d33815be4b952ef268eecf45da2bb/window'
19:54:26.721 [Forwarding switchToWindow on session 181d33815be4b952ef268eecf45da2bb to remote] DEBUG org.asynchttpclient.netty.request.NettyRequestSender - Using open Channel [id: 0x0b8ff365, L:/127.0.0.1:58834 - R:localhost/127.0.0.1:44210] for POST '/session/181d33815be4b952ef268eecf45da2bb/window'
19:54:26.723 [AsyncHttpClient-1-11] DEBUG org.asynchttpclient.netty.handler.HttpHandler - 

Request DefaultHttpRequest(decodeResult: success, version: HTTP/1.1)
POST /session/181d33815be4b952ef268eecf45da2bb/window HTTP/1.1
User-Agent: selenium/4.7.1 (java windows)
Content-Length: 50
Content-Type: application/json; charset=utf-8
host: localhost:44210
accept: */*

Response DefaultHttpResponse(decodeResult: success, version: HTTP/1.1)
HTTP/1.1 200 OK
Content-Type: application/json; charset=utf-8
cache-control: no-cache
content-length: 14

19:54:26.724 [AsyncHttpClient-1-11] DEBUG org.asynchttpclient.netty.channel.ChannelManager - Adding key: http://localhost:44210 for channel [id: 0x0b8ff365, L:/127.0.0.1:58834 - R:localhost/127.0.0.1:44210]
19:54:26.731 [Forwarding getCurrentUrl on session 181d33815be4b952ef268eecf45da2bb to remote] DEBUG org.asynchttpclient.netty.request.NettyRequestSender - Using pooled Channel '[id: 0x0b8ff365, L:/127.0.0.1:58834 - R:localhost/127.0.0.1:44210]' for 'GET' to 'http://localhost:44210/session/181d33815be4b952ef268eecf45da2bb/url'
19:54:26.731 [Forwarding getCurrentUrl on session 181d33815be4b952ef268eecf45da2bb to remote] DEBUG org.asynchttpclient.netty.request.NettyRequestSender - Using open Channel [id: 0x0b8ff365, L:/127.0.0.1:58834 - R:localhost/127.0.0.1:44210] for GET '/session/181d33815be4b952ef268eecf45da2bb/url'
19:54:26.735 [AsyncHttpClient-1-11] DEBUG org.asynchttpclient.netty.handler.HttpHandler - 

Request DefaultFullHttpRequest(decodeResult: success, version: HTTP/1.1, content: EmptyByteBufBE)
GET /session/181d33815be4b952ef268eecf45da2bb/url HTTP/1.1
User-Agent: selenium/4.7.1 (java windows)
Cache-Control: no-cache
Content-Type: application/json; charset=utf-8
host: localhost:44210
accept: */*

Response DefaultHttpResponse(decodeResult: success, version: HTTP/1.1)
HTTP/1.1 200 OK
Content-Type: application/json; charset=utf-8
cache-control: no-cache
content-length: 51

19:54:26.735 [AsyncHttpClient-1-11] DEBUG org.asynchttpclient.netty.channel.ChannelManager - Adding key: http://localhost:44210 for channel [id: 0x0b8ff365, L:/127.0.0.1:58834 - R:localhost/127.0.0.1:44210]
19:54:26.736 [Forwarding screenshot on session 181d33815be4b952ef268eecf45da2bb to remote] DEBUG org.asynchttpclient.netty.request.NettyRequestSender - Using pooled Channel '[id: 0x0b8ff365, L:/127.0.0.1:58834 - R:localhost/127.0.0.1:44210]' for 'GET' to 'http://localhost:44210/session/181d33815be4b952ef268eecf45da2bb/screenshot'
19:54:26.736 [Forwarding screenshot on session 181d33815be4b952ef268eecf45da2bb to remote] DEBUG org.asynchttpclient.netty.request.NettyRequestSender - Using open Channel [id: 0x0b8ff365, L:/127.0.0.1:58834 - R:localhost/127.0.0.1:44210] for GET '/session/181d33815be4b952ef268eecf45da2bb/screenshot'
19:54:26.830 [AsyncHttpClient-1-11] DEBUG org.asynchttpclient.netty.handler.HttpHandler - 

Request DefaultFullHttpRequest(decodeResult: success, version: HTTP/1.1, content: EmptyByteBufBE)
GET /session/181d33815be4b952ef268eecf45da2bb/screenshot HTTP/1.1
User-Agent: selenium/4.7.1 (java windows)
Cache-Control: no-cache
Content-Type: application/json; charset=utf-8
host: localhost:44210
accept: */*

Response DefaultHttpResponse(decodeResult: success, version: HTTP/1.1)
HTTP/1.1 200 OK
Content-Type: application/json; charset=utf-8
cache-control: no-cache
content-length: 27028

19:54:26.830 [AsyncHttpClient-1-11] DEBUG org.asynchttpclient.netty.channel.ChannelManager - Adding key: http://localhost:44210 for channel [id: 0x0b8ff365, L:/127.0.0.1:58834 - R:localhost/127.0.0.1:44210]
19:54:26.832 [main] DEBUG net.serenitybdd.core.photography.Darkroom - Send negative for processing for target\site\serenity\ff19e12e9a395c44f48237d921e975f2c444e612bdcceed3a5574f21825301e4.png
19:54:26.832 [main] DEBUG net.thucydides.core.steps.StepInterceptor - STEP DONE: klikButtonLogin
19:54:26.832 [Darkroom Processing Line] DEBUG net.serenitybdd.core.photography.DarkroomProcessingLine - Processing screenshot image in /var/screenshots/screenshot-3598542555067055960
19:54:26.832 [Darkroom Processing Line] DEBUG net.serenitybdd.core.photography.DarkroomProcessingLine - Saving screenshot to target\site\serenity\ff19e12e9a395c44f48237d921e975f2c444e612bdcceed3a5574f21825301e4.png
19:54:26.836 [main] DEBUG net.thucydides.core.steps.StepInterceptor - STARTING STEP: TransaksiSteps.userBeradaDiHomepageAltaShopDanLoginAkun - inputEmail
19:54:26.839 [Forwarding findElement on session 181d33815be4b952ef268eecf45da2bb to remote] DEBUG org.asynchttpclient.netty.request.NettyRequestSender - Using pooled Channel '[id: 0x0b8ff365, L:/127.0.0.1:58834 - R:localhost/127.0.0.1:44210]' for 'POST' to 'http://localhost:44210/session/181d33815be4b952ef268eecf45da2bb/element'
19:54:26.839 [Forwarding findElement on session 181d33815be4b952ef268eecf45da2bb to remote] DEBUG org.asynchttpclient.netty.request.NettyRequestSender - Using open Channel [id: 0x0b8ff365, L:/127.0.0.1:58834 - R:localhost/127.0.0.1:44210] for POST '/session/181d33815be4b952ef268eecf45da2bb/element'
19:54:26.853 [AsyncHttpClient-1-11] DEBUG org.asynchttpclient.netty.handler.HttpHandler - 

Request DefaultHttpRequest(decodeResult: success, version: HTTP/1.1)
POST /session/181d33815be4b952ef268eecf45da2bb/element HTTP/1.1
User-Agent: selenium/4.7.1 (java windows)
Content-Length: 187
Content-Type: application/json; charset=utf-8
host: localhost:44210
accept: */*

Response DefaultHttpResponse(decodeResult: success, version: HTTP/1.1)
HTTP/1.1 200 OK
Content-Type: application/json; charset=utf-8
cache-control: no-cache
content-length: 88

19:54:26.853 [AsyncHttpClient-1-11] DEBUG org.asynchttpclient.netty.channel.ChannelManager - Adding key: http://localhost:44210 for channel [id: 0x0b8ff365, L:/127.0.0.1:58834 - R:localhost/127.0.0.1:44210]
19:54:26.855 [Forwarding clearElement on session 181d33815be4b952ef268eecf45da2bb to remote] DEBUG org.asynchttpclient.netty.request.NettyRequestSender - Using pooled Channel '[id: 0x0b8ff365, L:/127.0.0.1:58834 - R:localhost/127.0.0.1:44210]' for 'POST' to 'http://localhost:44210/session/181d33815be4b952ef268eecf45da2bb/element/b62d9f0d-1521-4bf3-b24e-7c4cf11d96aa/clear'
19:54:26.855 [Forwarding clearElement on session 181d33815be4b952ef268eecf45da2bb to remote] DEBUG org.asynchttpclient.netty.request.NettyRequestSender - Using open Channel [id: 0x0b8ff365, L:/127.0.0.1:58834 - R:localhost/127.0.0.1:44210] for POST '/session/181d33815be4b952ef268eecf45da2bb/element/b62d9f0d-1521-4bf3-b24e-7c4cf11d96aa/clear'
19:54:26.892 [AsyncHttpClient-1-11] DEBUG org.asynchttpclient.netty.handler.HttpHandler - 

Request DefaultHttpRequest(decodeResult: success, version: HTTP/1.1)
POST /session/181d33815be4b952ef268eecf45da2bb/element/b62d9f0d-1521-4bf3-b24e-7c4cf11d96aa/clear HTTP/1.1
User-Agent: selenium/4.7.1 (java windows)
Content-Length: 50
Content-Type: application/json; charset=utf-8
host: localhost:44210
accept: */*

Response DefaultHttpResponse(decodeResult: success, version: HTTP/1.1)
HTTP/1.1 200 OK
Content-Type: application/json; charset=utf-8
cache-control: no-cache
content-length: 14

19:54:26.892 [AsyncHttpClient-1-11] DEBUG org.asynchttpclient.netty.channel.ChannelManager - Adding key: http://localhost:44210 for channel [id: 0x0b8ff365, L:/127.0.0.1:58834 - R:localhost/127.0.0.1:44210]
19:54:26.894 [Forwarding sendKeysToElement on session 181d33815be4b952ef268eecf45da2bb to remote] DEBUG org.asynchttpclient.netty.request.NettyRequestSender - Using pooled Channel '[id: 0x0b8ff365, L:/127.0.0.1:58834 - R:localhost/127.0.0.1:44210]' for 'POST' to 'http://localhost:44210/session/181d33815be4b952ef268eecf45da2bb/element/b62d9f0d-1521-4bf3-b24e-7c4cf11d96aa/value'
19:54:26.894 [Forwarding sendKeysToElement on session 181d33815be4b952ef268eecf45da2bb to remote] DEBUG org.asynchttpclient.netty.request.NettyRequestSender - Using open Channel [id: 0x0b8ff365, L:/127.0.0.1:58834 - R:localhost/127.0.0.1:44210] for POST '/session/181d33815be4b952ef268eecf45da2bb/element/b62d9f0d-1521-4bf3-b24e-7c4cf11d96aa/value'
19:54:26.994 [AsyncHttpClient-1-11] DEBUG org.asynchttpclient.netty.handler.HttpHandler - 

Request DefaultHttpRequest(decodeResult: success, version: HTTP/1.1)
POST /session/181d33815be4b952ef268eecf45da2bb/element/b62d9f0d-1521-4bf3-b24e-7c4cf11d96aa/value HTTP/1.1
User-Agent: selenium/4.7.1 (java windows)
Content-Length: 211
Content-Type: application/json; charset=utf-8
host: localhost:44210
accept: */*

Response DefaultHttpResponse(decodeResult: success, version: HTTP/1.1)
HTTP/1.1 200 OK
Content-Type: application/json; charset=utf-8
cache-control: no-cache
content-length: 14

19:54:26.994 [AsyncHttpClient-1-11] DEBUG org.asynchttpclient.netty.channel.ChannelManager - Adding key: http://localhost:44210 for channel [id: 0x0b8ff365, L:/127.0.0.1:58834 - R:localhost/127.0.0.1:44210]
19:54:27.003 [Forwarding getCurrentWindowHandle on session 181d33815be4b952ef268eecf45da2bb to remote] DEBUG org.asynchttpclient.netty.request.NettyRequestSender - Using pooled Channel '[id: 0x0b8ff365, L:/127.0.0.1:58834 - R:localhost/127.0.0.1:44210]' for 'GET' to 'http://localhost:44210/session/181d33815be4b952ef268eecf45da2bb/window'
19:54:27.003 [Forwarding getCurrentWindowHandle on session 181d33815be4b952ef268eecf45da2bb to remote] DEBUG org.asynchttpclient.netty.request.NettyRequestSender - Using open Channel [id: 0x0b8ff365, L:/127.0.0.1:58834 - R:localhost/127.0.0.1:44210] for GET '/session/181d33815be4b952ef268eecf45da2bb/window'
19:54:27.004 [AsyncHttpClient-1-11] DEBUG org.asynchttpclient.netty.handler.HttpHandler - 

Request DefaultFullHttpRequest(decodeResult: success, version: HTTP/1.1, content: EmptyByteBufBE)
GET /session/181d33815be4b952ef268eecf45da2bb/window HTTP/1.1
User-Agent: selenium/4.7.1 (java windows)
Cache-Control: no-cache
Content-Type: application/json; charset=utf-8
host: localhost:44210
accept: */*

Response DefaultHttpResponse(decodeResult: success, version: HTTP/1.1)
HTTP/1.1 200 OK
Content-Type: application/json; charset=utf-8
cache-control: no-cache
content-length: 44

19:54:27.005 [AsyncHttpClient-1-11] DEBUG org.asynchttpclient.netty.channel.ChannelManager - Adding key: http://localhost:44210 for channel [id: 0x0b8ff365, L:/127.0.0.1:58834 - R:localhost/127.0.0.1:44210]
19:54:27.006 [Forwarding getAlertText on session 181d33815be4b952ef268eecf45da2bb to remote] DEBUG org.asynchttpclient.netty.request.NettyRequestSender - Using pooled Channel '[id: 0x0b8ff365, L:/127.0.0.1:58834 - R:localhost/127.0.0.1:44210]' for 'GET' to 'http://localhost:44210/session/181d33815be4b952ef268eecf45da2bb/alert/text'
19:54:27.006 [Forwarding getAlertText on session 181d33815be4b952ef268eecf45da2bb to remote] DEBUG org.asynchttpclient.netty.request.NettyRequestSender - Using open Channel [id: 0x0b8ff365, L:/127.0.0.1:58834 - R:localhost/127.0.0.1:44210] for GET '/session/181d33815be4b952ef268eecf45da2bb/alert/text'
19:54:27.008 [AsyncHttpClient-1-11] DEBUG org.asynchttpclient.netty.handler.HttpHandler - 

Request DefaultFullHttpRequest(decodeResult: success, version: HTTP/1.1, content: EmptyByteBufBE)
GET /session/181d33815be4b952ef268eecf45da2bb/alert/text HTTP/1.1
User-Agent: selenium/4.7.1 (java windows)
Cache-Control: no-cache
Content-Type: application/json; charset=utf-8
host: localhost:44210
accept: */*

Response DefaultHttpResponse(decodeResult: success, version: HTTP/1.1)
HTTP/1.1 404 Not Found
Content-Type: application/json; charset=utf-8
cache-control: no-cache
content-length: 821

19:54:27.008 [AsyncHttpClient-1-11] DEBUG org.asynchttpclient.netty.channel.ChannelManager - Adding key: http://localhost:44210 for channel [id: 0x0b8ff365, L:/127.0.0.1:58834 - R:localhost/127.0.0.1:44210]
19:54:27.010 [Forwarding switchToWindow on session 181d33815be4b952ef268eecf45da2bb to remote] DEBUG org.asynchttpclient.netty.request.NettyRequestSender - Using pooled Channel '[id: 0x0b8ff365, L:/127.0.0.1:58834 - R:localhost/127.0.0.1:44210]' for 'POST' to 'http://localhost:44210/session/181d33815be4b952ef268eecf45da2bb/window'
19:54:27.010 [Forwarding switchToWindow on session 181d33815be4b952ef268eecf45da2bb to remote] DEBUG org.asynchttpclient.netty.request.NettyRequestSender - Using open Channel [id: 0x0b8ff365, L:/127.0.0.1:58834 - R:localhost/127.0.0.1:44210] for POST '/session/181d33815be4b952ef268eecf45da2bb/window'
19:54:27.012 [AsyncHttpClient-1-11] DEBUG org.asynchttpclient.netty.handler.HttpHandler - 

Request DefaultHttpRequest(decodeResult: success, version: HTTP/1.1)
POST /session/181d33815be4b952ef268eecf45da2bb/window HTTP/1.1
User-Agent: selenium/4.7.1 (java windows)
Content-Length: 50
Content-Type: application/json; charset=utf-8
host: localhost:44210
accept: */*

Response DefaultHttpResponse(decodeResult: success, version: HTTP/1.1)
HTTP/1.1 200 OK
Content-Type: application/json; charset=utf-8
cache-control: no-cache
content-length: 14

19:54:27.012 [AsyncHttpClient-1-11] DEBUG org.asynchttpclient.netty.channel.ChannelManager - Adding key: http://localhost:44210 for channel [id: 0x0b8ff365, L:/127.0.0.1:58834 - R:localhost/127.0.0.1:44210]
19:54:27.014 [Forwarding getCurrentUrl on session 181d33815be4b952ef268eecf45da2bb to remote] DEBUG org.asynchttpclient.netty.request.NettyRequestSender - Using pooled Channel '[id: 0x0b8ff365, L:/127.0.0.1:58834 - R:localhost/127.0.0.1:44210]' for 'GET' to 'http://localhost:44210/session/181d33815be4b952ef268eecf45da2bb/url'
19:54:27.014 [Forwarding getCurrentUrl on session 181d33815be4b952ef268eecf45da2bb to remote] DEBUG org.asynchttpclient.netty.request.NettyRequestSender - Using open Channel [id: 0x0b8ff365, L:/127.0.0.1:58834 - R:localhost/127.0.0.1:44210] for GET '/session/181d33815be4b952ef268eecf45da2bb/url'
19:54:27.017 [AsyncHttpClient-1-11] DEBUG org.asynchttpclient.netty.handler.HttpHandler - 

Request DefaultFullHttpRequest(decodeResult: success, version: HTTP/1.1, content: EmptyByteBufBE)
GET /session/181d33815be4b952ef268eecf45da2bb/url HTTP/1.1
User-Agent: selenium/4.7.1 (java windows)
Cache-Control: no-cache
Content-Type: application/json; charset=utf-8
host: localhost:44210
accept: */*

Response DefaultHttpResponse(decodeResult: success, version: HTTP/1.1)
HTTP/1.1 200 OK
Content-Type: application/json; charset=utf-8
cache-control: no-cache
content-length: 51

19:54:27.017 [AsyncHttpClient-1-11] DEBUG org.asynchttpclient.netty.channel.ChannelManager - Adding key: http://localhost:44210 for channel [id: 0x0b8ff365, L:/127.0.0.1:58834 - R:localhost/127.0.0.1:44210]
19:54:27.018 [Forwarding screenshot on session 181d33815be4b952ef268eecf45da2bb to remote] DEBUG org.asynchttpclient.netty.request.NettyRequestSender - Using pooled Channel '[id: 0x0b8ff365, L:/127.0.0.1:58834 - R:localhost/127.0.0.1:44210]' for 'GET' to 'http://localhost:44210/session/181d33815be4b952ef268eecf45da2bb/screenshot'
19:54:27.018 [Forwarding screenshot on session 181d33815be4b952ef268eecf45da2bb to remote] DEBUG org.asynchttpclient.netty.request.NettyRequestSender - Using open Channel [id: 0x0b8ff365, L:/127.0.0.1:58834 - R:localhost/127.0.0.1:44210] for GET '/session/181d33815be4b952ef268eecf45da2bb/screenshot'
19:54:27.123 [AsyncHttpClient-1-11] DEBUG org.asynchttpclient.netty.handler.HttpHandler - 

Request DefaultFullHttpRequest(decodeResult: success, version: HTTP/1.1, content: EmptyByteBufBE)
GET /session/181d33815be4b952ef268eecf45da2bb/screenshot HTTP/1.1
User-Agent: selenium/4.7.1 (java windows)
Cache-Control: no-cache
Content-Type: application/json; charset=utf-8
host: localhost:44210
accept: */*

Response DefaultHttpResponse(decodeResult: success, version: HTTP/1.1)
HTTP/1.1 200 OK
Content-Type: application/json; charset=utf-8
cache-control: no-cache
content-length: 30008

19:54:27.124 [AsyncHttpClient-1-11] DEBUG org.asynchttpclient.netty.channel.ChannelManager - Adding key: http://localhost:44210 for channel [id: 0x0b8ff365, L:/127.0.0.1:58834 - R:localhost/127.0.0.1:44210]
19:54:27.125 [main] DEBUG net.serenitybdd.core.photography.Darkroom - Send negative for processing for target\site\serenity\e1d77417ec02dc2a90d24181176eb9d37bf9a80359c60377608805382ec46894.png
19:54:27.126 [main] DEBUG net.thucydides.core.steps.StepInterceptor - STEP DONE: inputEmail
19:54:27.126 [Darkroom Processing Line] DEBUG net.serenitybdd.core.photography.DarkroomProcessingLine - Processing screenshot image in /var/screenshots/screenshot-16191324588866894917
19:54:27.126 [Darkroom Processing Line] DEBUG net.serenitybdd.core.photography.DarkroomProcessingLine - Saving screenshot to target\site\serenity\e1d77417ec02dc2a90d24181176eb9d37bf9a80359c60377608805382ec46894.png
19:54:27.131 [main] DEBUG net.thucydides.core.steps.StepInterceptor - STARTING STEP: TransaksiSteps.userBeradaDiHomepageAltaShopDanLoginAkun - inputPassword
19:54:27.134 [Forwarding findElement on session 181d33815be4b952ef268eecf45da2bb to remote] DEBUG org.asynchttpclient.netty.request.NettyRequestSender - Using pooled Channel '[id: 0x0b8ff365, L:/127.0.0.1:58834 - R:localhost/127.0.0.1:44210]' for 'POST' to 'http://localhost:44210/session/181d33815be4b952ef268eecf45da2bb/element'
19:54:27.134 [Forwarding findElement on session 181d33815be4b952ef268eecf45da2bb to remote] DEBUG org.asynchttpclient.netty.request.NettyRequestSender - Using open Channel [id: 0x0b8ff365, L:/127.0.0.1:58834 - R:localhost/127.0.0.1:44210] for POST '/session/181d33815be4b952ef268eecf45da2bb/element'
19:54:27.148 [AsyncHttpClient-1-11] DEBUG org.asynchttpclient.netty.handler.HttpHandler - 

Request DefaultHttpRequest(decodeResult: success, version: HTTP/1.1)
POST /session/181d33815be4b952ef268eecf45da2bb/element HTTP/1.1
User-Agent: selenium/4.7.1 (java windows)
Content-Length: 187
Content-Type: application/json; charset=utf-8
host: localhost:44210
accept: */*

Response DefaultHttpResponse(decodeResult: success, version: HTTP/1.1)
HTTP/1.1 200 OK
Content-Type: application/json; charset=utf-8
cache-control: no-cache
content-length: 88

19:54:27.149 [AsyncHttpClient-1-11] DEBUG org.asynchttpclient.netty.channel.ChannelManager - Adding key: http://localhost:44210 for channel [id: 0x0b8ff365, L:/127.0.0.1:58834 - R:localhost/127.0.0.1:44210]
19:54:27.150 [Forwarding clearElement on session 181d33815be4b952ef268eecf45da2bb to remote] DEBUG org.asynchttpclient.netty.request.NettyRequestSender - Using pooled Channel '[id: 0x0b8ff365, L:/127.0.0.1:58834 - R:localhost/127.0.0.1:44210]' for 'POST' to 'http://localhost:44210/session/181d33815be4b952ef268eecf45da2bb/element/16500213-05e5-477d-b402-5859c1bc52a7/clear'
19:54:27.150 [Forwarding clearElement on session 181d33815be4b952ef268eecf45da2bb to remote] DEBUG org.asynchttpclient.netty.request.NettyRequestSender - Using open Channel [id: 0x0b8ff365, L:/127.0.0.1:58834 - R:localhost/127.0.0.1:44210] for POST '/session/181d33815be4b952ef268eecf45da2bb/element/16500213-05e5-477d-b402-5859c1bc52a7/clear'
19:54:27.186 [AsyncHttpClient-1-11] DEBUG org.asynchttpclient.netty.handler.HttpHandler - 

Request DefaultHttpRequest(decodeResult: success, version: HTTP/1.1)
POST /session/181d33815be4b952ef268eecf45da2bb/element/16500213-05e5-477d-b402-5859c1bc52a7/clear HTTP/1.1
User-Agent: selenium/4.7.1 (java windows)
Content-Length: 50
Content-Type: application/json; charset=utf-8
host: localhost:44210
accept: */*

Response DefaultHttpResponse(decodeResult: success, version: HTTP/1.1)
HTTP/1.1 200 OK
Content-Type: application/json; charset=utf-8
cache-control: no-cache
content-length: 14

19:54:27.186 [AsyncHttpClient-1-11] DEBUG org.asynchttpclient.netty.channel.ChannelManager - Adding key: http://localhost:44210 for channel [id: 0x0b8ff365, L:/127.0.0.1:58834 - R:localhost/127.0.0.1:44210]
19:54:27.188 [Forwarding sendKeysToElement on session 181d33815be4b952ef268eecf45da2bb to remote] DEBUG org.asynchttpclient.netty.request.NettyRequestSender - Using pooled Channel '[id: 0x0b8ff365, L:/127.0.0.1:58834 - R:localhost/127.0.0.1:44210]' for 'POST' to 'http://localhost:44210/session/181d33815be4b952ef268eecf45da2bb/element/16500213-05e5-477d-b402-5859c1bc52a7/value'
19:54:27.188 [Forwarding sendKeysToElement on session 181d33815be4b952ef268eecf45da2bb to remote] DEBUG org.asynchttpclient.netty.request.NettyRequestSender - Using open Channel [id: 0x0b8ff365, L:/127.0.0.1:58834 - R:localhost/127.0.0.1:44210] for POST '/session/181d33815be4b952ef268eecf45da2bb/element/16500213-05e5-477d-b402-5859c1bc52a7/value'
19:54:27.268 [AsyncHttpClient-1-11] DEBUG org.asynchttpclient.netty.handler.HttpHandler - 

Request DefaultHttpRequest(decodeResult: success, version: HTTP/1.1)
POST /session/181d33815be4b952ef268eecf45da2bb/element/16500213-05e5-477d-b402-5859c1bc52a7/value HTTP/1.1
User-Agent: selenium/4.7.1 (java windows)
Content-Length: 111
Content-Type: application/json; charset=utf-8
host: localhost:44210
accept: */*

Response DefaultHttpResponse(decodeResult: success, version: HTTP/1.1)
HTTP/1.1 200 OK
Content-Type: application/json; charset=utf-8
cache-control: no-cache
content-length: 14

19:54:27.269 [AsyncHttpClient-1-11] DEBUG org.asynchttpclient.netty.channel.ChannelManager - Adding key: http://localhost:44210 for channel [id: 0x0b8ff365, L:/127.0.0.1:58834 - R:localhost/127.0.0.1:44210]
19:54:27.280 [Forwarding getCurrentWindowHandle on session 181d33815be4b952ef268eecf45da2bb to remote] DEBUG org.asynchttpclient.netty.request.NettyRequestSender - Using pooled Channel '[id: 0x0b8ff365, L:/127.0.0.1:58834 - R:localhost/127.0.0.1:44210]' for 'GET' to 'http://localhost:44210/session/181d33815be4b952ef268eecf45da2bb/window'
19:54:27.281 [Forwarding getCurrentWindowHandle on session 181d33815be4b952ef268eecf45da2bb to remote] DEBUG org.asynchttpclient.netty.request.NettyRequestSender - Using open Channel [id: 0x0b8ff365, L:/127.0.0.1:58834 - R:localhost/127.0.0.1:44210] for GET '/session/181d33815be4b952ef268eecf45da2bb/window'
19:54:27.283 [AsyncHttpClient-1-11] DEBUG org.asynchttpclient.netty.handler.HttpHandler - 

Request DefaultFullHttpRequest(decodeResult: success, version: HTTP/1.1, content: EmptyByteBufBE)
GET /session/181d33815be4b952ef268eecf45da2bb/window HTTP/1.1
User-Agent: selenium/4.7.1 (java windows)
Cache-Control: no-cache
Content-Type: application/json; charset=utf-8
host: localhost:44210
accept: */*

Response DefaultHttpResponse(decodeResult: success, version: HTTP/1.1)
HTTP/1.1 200 OK
Content-Type: application/json; charset=utf-8
cache-control: no-cache
content-length: 44

19:54:27.283 [AsyncHttpClient-1-11] DEBUG org.asynchttpclient.netty.channel.ChannelManager - Adding key: http://localhost:44210 for channel [id: 0x0b8ff365, L:/127.0.0.1:58834 - R:localhost/127.0.0.1:44210]
19:54:27.286 [Forwarding getAlertText on session 181d33815be4b952ef268eecf45da2bb to remote] DEBUG org.asynchttpclient.netty.request.NettyRequestSender - Using pooled Channel '[id: 0x0b8ff365, L:/127.0.0.1:58834 - R:localhost/127.0.0.1:44210]' for 'GET' to 'http://localhost:44210/session/181d33815be4b952ef268eecf45da2bb/alert/text'
19:54:27.286 [Forwarding getAlertText on session 181d33815be4b952ef268eecf45da2bb to remote] DEBUG org.asynchttpclient.netty.request.NettyRequestSender - Using open Channel [id: 0x0b8ff365, L:/127.0.0.1:58834 - R:localhost/127.0.0.1:44210] for GET '/session/181d33815be4b952ef268eecf45da2bb/alert/text'
19:54:27.289 [AsyncHttpClient-1-11] DEBUG org.asynchttpclient.netty.handler.HttpHandler - 

Request DefaultFullHttpRequest(decodeResult: success, version: HTTP/1.1, content: EmptyByteBufBE)
GET /session/181d33815be4b952ef268eecf45da2bb/alert/text HTTP/1.1
User-Agent: selenium/4.7.1 (java windows)
Cache-Control: no-cache
Content-Type: application/json; charset=utf-8
host: localhost:44210
accept: */*

Response DefaultHttpResponse(decodeResult: success, version: HTTP/1.1)
HTTP/1.1 404 Not Found
Content-Type: application/json; charset=utf-8
cache-control: no-cache
content-length: 821

19:54:27.289 [AsyncHttpClient-1-11] DEBUG org.asynchttpclient.netty.channel.ChannelManager - Adding key: http://localhost:44210 for channel [id: 0x0b8ff365, L:/127.0.0.1:58834 - R:localhost/127.0.0.1:44210]
19:54:27.292 [Forwarding switchToWindow on session 181d33815be4b952ef268eecf45da2bb to remote] DEBUG org.asynchttpclient.netty.request.NettyRequestSender - Using pooled Channel '[id: 0x0b8ff365, L:/127.0.0.1:58834 - R:localhost/127.0.0.1:44210]' for 'POST' to 'http://localhost:44210/session/181d33815be4b952ef268eecf45da2bb/window'
19:54:27.292 [Forwarding switchToWindow on session 181d33815be4b952ef268eecf45da2bb to remote] DEBUG org.asynchttpclient.netty.request.NettyRequestSender - Using open Channel [id: 0x0b8ff365, L:/127.0.0.1:58834 - R:localhost/127.0.0.1:44210] for POST '/session/181d33815be4b952ef268eecf45da2bb/window'
19:54:27.295 [AsyncHttpClient-1-11] DEBUG org.asynchttpclient.netty.handler.HttpHandler - 

Request DefaultHttpRequest(decodeResult: success, version: HTTP/1.1)
POST /session/181d33815be4b952ef268eecf45da2bb/window HTTP/1.1
User-Agent: selenium/4.7.1 (java windows)
Content-Length: 50
Content-Type: application/json; charset=utf-8
host: localhost:44210
accept: */*

Response DefaultHttpResponse(decodeResult: success, version: HTTP/1.1)
HTTP/1.1 200 OK
Content-Type: application/json; charset=utf-8
cache-control: no-cache
content-length: 14

19:54:27.296 [AsyncHttpClient-1-11] DEBUG org.asynchttpclient.netty.channel.ChannelManager - Adding key: http://localhost:44210 for channel [id: 0x0b8ff365, L:/127.0.0.1:58834 - R:localhost/127.0.0.1:44210]
19:54:27.297 [Forwarding getCurrentUrl on session 181d33815be4b952ef268eecf45da2bb to remote] DEBUG org.asynchttpclient.netty.request.NettyRequestSender - Using pooled Channel '[id: 0x0b8ff365, L:/127.0.0.1:58834 - R:localhost/127.0.0.1:44210]' for 'GET' to 'http://localhost:44210/session/181d33815be4b952ef268eecf45da2bb/url'
19:54:27.297 [Forwarding getCurrentUrl on session 181d33815be4b952ef268eecf45da2bb to remote] DEBUG org.asynchttpclient.netty.request.NettyRequestSender - Using open Channel [id: 0x0b8ff365, L:/127.0.0.1:58834 - R:localhost/127.0.0.1:44210] for GET '/session/181d33815be4b952ef268eecf45da2bb/url'
19:54:27.305 [AsyncHttpClient-1-11] DEBUG org.asynchttpclient.netty.handler.HttpHandler - 

Request DefaultFullHttpRequest(decodeResult: success, version: HTTP/1.1, content: EmptyByteBufBE)
GET /session/181d33815be4b952ef268eecf45da2bb/url HTTP/1.1
User-Agent: selenium/4.7.1 (java windows)
Cache-Control: no-cache
Content-Type: application/json; charset=utf-8
host: localhost:44210
accept: */*

Response DefaultHttpResponse(decodeResult: success, version: HTTP/1.1)
HTTP/1.1 200 OK
Content-Type: application/json; charset=utf-8
cache-control: no-cache
content-length: 51

19:54:27.305 [AsyncHttpClient-1-11] DEBUG org.asynchttpclient.netty.channel.ChannelManager - Adding key: http://localhost:44210 for channel [id: 0x0b8ff365, L:/127.0.0.1:58834 - R:localhost/127.0.0.1:44210]
19:54:27.306 [Forwarding screenshot on session 181d33815be4b952ef268eecf45da2bb to remote] DEBUG org.asynchttpclient.netty.request.NettyRequestSender - Using pooled Channel '[id: 0x0b8ff365, L:/127.0.0.1:58834 - R:localhost/127.0.0.1:44210]' for 'GET' to 'http://localhost:44210/session/181d33815be4b952ef268eecf45da2bb/screenshot'
19:54:27.306 [Forwarding screenshot on session 181d33815be4b952ef268eecf45da2bb to remote] DEBUG org.asynchttpclient.netty.request.NettyRequestSender - Using open Channel [id: 0x0b8ff365, L:/127.0.0.1:58834 - R:localhost/127.0.0.1:44210] for GET '/session/181d33815be4b952ef268eecf45da2bb/screenshot'
19:54:27.416 [AsyncHttpClient-1-11] DEBUG org.asynchttpclient.netty.handler.HttpHandler - 

Request DefaultFullHttpRequest(decodeResult: success, version: HTTP/1.1, content: EmptyByteBufBE)
GET /session/181d33815be4b952ef268eecf45da2bb/screenshot HTTP/1.1
User-Agent: selenium/4.7.1 (java windows)
Cache-Control: no-cache
Content-Type: application/json; charset=utf-8
host: localhost:44210
accept: */*

Response DefaultHttpResponse(decodeResult: success, version: HTTP/1.1)
HTTP/1.1 200 OK
Content-Type: application/json; charset=utf-8
cache-control: no-cache
content-length: 29888

19:54:27.416 [AsyncHttpClient-1-11] DEBUG org.asynchttpclient.netty.channel.ChannelManager - Adding key: http://localhost:44210 for channel [id: 0x0b8ff365, L:/127.0.0.1:58834 - R:localhost/127.0.0.1:44210]
19:54:27.418 [main] DEBUG net.serenitybdd.core.photography.Darkroom - Send negative for processing for target\site\serenity\048071bbb73c69b2ea4fced533fa3d32d2edf63ad9de935ad9493d573ec5ffd0.png
19:54:27.419 [main] DEBUG net.thucydides.core.steps.StepInterceptor - STEP DONE: inputPassword
19:54:27.419 [Darkroom Processing Line] DEBUG net.serenitybdd.core.photography.DarkroomProcessingLine - Processing screenshot image in /var/screenshots/screenshot-6942809894189534777
19:54:27.419 [Darkroom Processing Line] DEBUG net.serenitybdd.core.photography.DarkroomProcessingLine - Saving screenshot to target\site\serenity\048071bbb73c69b2ea4fced533fa3d32d2edf63ad9de935ad9493d573ec5ffd0.png
19:54:27.422 [main] DEBUG net.thucydides.core.steps.StepInterceptor - STARTING STEP: TransaksiSteps.userBeradaDiHomepageAltaShopDanLoginAkun - klikButtonLoginKedua
19:54:27.425 [Forwarding findElement on session 181d33815be4b952ef268eecf45da2bb to remote] DEBUG org.asynchttpclient.netty.request.NettyRequestSender - Using pooled Channel '[id: 0x0b8ff365, L:/127.0.0.1:58834 - R:localhost/127.0.0.1:44210]' for 'POST' to 'http://localhost:44210/session/181d33815be4b952ef268eecf45da2bb/element'
19:54:27.425 [Forwarding findElement on session 181d33815be4b952ef268eecf45da2bb to remote] DEBUG org.asynchttpclient.netty.request.NettyRequestSender - Using open Channel [id: 0x0b8ff365, L:/127.0.0.1:58834 - R:localhost/127.0.0.1:44210] for POST '/session/181d33815be4b952ef268eecf45da2bb/element'
19:54:27.439 [AsyncHttpClient-1-11] DEBUG org.asynchttpclient.netty.handler.HttpHandler - 

Request DefaultHttpRequest(decodeResult: success, version: HTTP/1.1)
POST /session/181d33815be4b952ef268eecf45da2bb/element HTTP/1.1
User-Agent: selenium/4.7.1 (java windows)
Content-Length: 141
Content-Type: application/json; charset=utf-8
host: localhost:44210
accept: */*

Response DefaultHttpResponse(decodeResult: success, version: HTTP/1.1)
HTTP/1.1 200 OK
Content-Type: application/json; charset=utf-8
cache-control: no-cache
content-length: 88

19:54:27.439 [AsyncHttpClient-1-11] DEBUG org.asynchttpclient.netty.channel.ChannelManager - Adding key: http://localhost:44210 for channel [id: 0x0b8ff365, L:/127.0.0.1:58834 - R:localhost/127.0.0.1:44210]
19:54:27.441 [Forwarding getElementTagName on session 181d33815be4b952ef268eecf45da2bb to remote] DEBUG org.asynchttpclient.netty.request.NettyRequestSender - Using pooled Channel '[id: 0x0b8ff365, L:/127.0.0.1:58834 - R:localhost/127.0.0.1:44210]' for 'GET' to 'http://localhost:44210/session/181d33815be4b952ef268eecf45da2bb/element/95452d89-bec0-4bb1-9ee6-99fed6d33281/name'
19:54:27.441 [Forwarding getElementTagName on session 181d33815be4b952ef268eecf45da2bb to remote] DEBUG org.asynchttpclient.netty.request.NettyRequestSender - Using open Channel [id: 0x0b8ff365, L:/127.0.0.1:58834 - R:localhost/127.0.0.1:44210] for GET '/session/181d33815be4b952ef268eecf45da2bb/element/95452d89-bec0-4bb1-9ee6-99fed6d33281/name'
19:54:27.448 [AsyncHttpClient-1-11] DEBUG org.asynchttpclient.netty.handler.HttpHandler - 

Request DefaultFullHttpRequest(decodeResult: success, version: HTTP/1.1, content: EmptyByteBufBE)
GET /session/181d33815be4b952ef268eecf45da2bb/element/95452d89-bec0-4bb1-9ee6-99fed6d33281/name HTTP/1.1
User-Agent: selenium/4.7.1 (java windows)
Cache-Control: no-cache
Content-Type: application/json; charset=utf-8
host: localhost:44210
accept: */*

Response DefaultHttpResponse(decodeResult: success, version: HTTP/1.1)
HTTP/1.1 200 OK
Content-Type: application/json; charset=utf-8
cache-control: no-cache
content-length: 18

19:54:27.448 [AsyncHttpClient-1-11] DEBUG org.asynchttpclient.netty.channel.ChannelManager - Adding key: http://localhost:44210 for channel [id: 0x0b8ff365, L:/127.0.0.1:58834 - R:localhost/127.0.0.1:44210]
19:54:27.449 [Forwarding getElementTagName on session 181d33815be4b952ef268eecf45da2bb to remote] DEBUG org.asynchttpclient.netty.request.NettyRequestSender - Using pooled Channel '[id: 0x0b8ff365, L:/127.0.0.1:58834 - R:localhost/127.0.0.1:44210]' for 'GET' to 'http://localhost:44210/session/181d33815be4b952ef268eecf45da2bb/element/95452d89-bec0-4bb1-9ee6-99fed6d33281/name'
19:54:27.449 [Forwarding getElementTagName on session 181d33815be4b952ef268eecf45da2bb to remote] DEBUG org.asynchttpclient.netty.request.NettyRequestSender - Using open Channel [id: 0x0b8ff365, L:/127.0.0.1:58834 - R:localhost/127.0.0.1:44210] for GET '/session/181d33815be4b952ef268eecf45da2bb/element/95452d89-bec0-4bb1-9ee6-99fed6d33281/name'
19:54:27.453 [AsyncHttpClient-1-11] DEBUG org.asynchttpclient.netty.handler.HttpHandler - 

Request DefaultFullHttpRequest(decodeResult: success, version: HTTP/1.1, content: EmptyByteBufBE)
GET /session/181d33815be4b952ef268eecf45da2bb/element/95452d89-bec0-4bb1-9ee6-99fed6d33281/name HTTP/1.1
User-Agent: selenium/4.7.1 (java windows)
Cache-Control: no-cache
Content-Type: application/json; charset=utf-8
host: localhost:44210
accept: */*

Response DefaultHttpResponse(decodeResult: success, version: HTTP/1.1)
HTTP/1.1 200 OK
Content-Type: application/json; charset=utf-8
cache-control: no-cache
content-length: 18

19:54:27.453 [AsyncHttpClient-1-11] DEBUG org.asynchttpclient.netty.channel.ChannelManager - Adding key: http://localhost:44210 for channel [id: 0x0b8ff365, L:/127.0.0.1:58834 - R:localhost/127.0.0.1:44210]
19:54:27.456 [Forwarding isElementEnabled on session 181d33815be4b952ef268eecf45da2bb to remote] DEBUG org.asynchttpclient.netty.request.NettyRequestSender - Using pooled Channel '[id: 0x0b8ff365, L:/127.0.0.1:58834 - R:localhost/127.0.0.1:44210]' for 'GET' to 'http://localhost:44210/session/181d33815be4b952ef268eecf45da2bb/element/95452d89-bec0-4bb1-9ee6-99fed6d33281/enabled'
19:54:27.456 [Forwarding isElementEnabled on session 181d33815be4b952ef268eecf45da2bb to remote] DEBUG org.asynchttpclient.netty.request.NettyRequestSender - Using open Channel [id: 0x0b8ff365, L:/127.0.0.1:58834 - R:localhost/127.0.0.1:44210] for GET '/session/181d33815be4b952ef268eecf45da2bb/element/95452d89-bec0-4bb1-9ee6-99fed6d33281/enabled'
19:54:27.467 [AsyncHttpClient-1-11] DEBUG org.asynchttpclient.netty.handler.HttpHandler - 

Request DefaultFullHttpRequest(decodeResult: success, version: HTTP/1.1, content: EmptyByteBufBE)
GET /session/181d33815be4b952ef268eecf45da2bb/element/95452d89-bec0-4bb1-9ee6-99fed6d33281/enabled HTTP/1.1
User-Agent: selenium/4.7.1 (java windows)
Cache-Control: no-cache
Content-Type: application/json; charset=utf-8
host: localhost:44210
accept: */*

Response DefaultHttpResponse(decodeResult: success, version: HTTP/1.1)
HTTP/1.1 200 OK
Content-Type: application/json; charset=utf-8
cache-control: no-cache
content-length: 14

19:54:27.467 [AsyncHttpClient-1-11] DEBUG org.asynchttpclient.netty.channel.ChannelManager - Adding key: http://localhost:44210 for channel [id: 0x0b8ff365, L:/127.0.0.1:58834 - R:localhost/127.0.0.1:44210]
19:54:27.469 [Forwarding isElementEnabled on session 181d33815be4b952ef268eecf45da2bb to remote] DEBUG org.asynchttpclient.netty.request.NettyRequestSender - Using pooled Channel '[id: 0x0b8ff365, L:/127.0.0.1:58834 - R:localhost/127.0.0.1:44210]' for 'GET' to 'http://localhost:44210/session/181d33815be4b952ef268eecf45da2bb/element/95452d89-bec0-4bb1-9ee6-99fed6d33281/enabled'
19:54:27.469 [Forwarding isElementEnabled on session 181d33815be4b952ef268eecf45da2bb to remote] DEBUG org.asynchttpclient.netty.request.NettyRequestSender - Using open Channel [id: 0x0b8ff365, L:/127.0.0.1:58834 - R:localhost/127.0.0.1:44210] for GET '/session/181d33815be4b952ef268eecf45da2bb/element/95452d89-bec0-4bb1-9ee6-99fed6d33281/enabled'
19:54:27.474 [AsyncHttpClient-1-11] DEBUG org.asynchttpclient.netty.handler.HttpHandler - 

Request DefaultFullHttpRequest(decodeResult: success, version: HTTP/1.1, content: EmptyByteBufBE)
GET /session/181d33815be4b952ef268eecf45da2bb/element/95452d89-bec0-4bb1-9ee6-99fed6d33281/enabled HTTP/1.1
User-Agent: selenium/4.7.1 (java windows)
Cache-Control: no-cache
Content-Type: application/json; charset=utf-8
host: localhost:44210
accept: */*

Response DefaultHttpResponse(decodeResult: success, version: HTTP/1.1)
HTTP/1.1 200 OK
Content-Type: application/json; charset=utf-8
cache-control: no-cache
content-length: 14

19:54:27.475 [AsyncHttpClient-1-11] DEBUG org.asynchttpclient.netty.channel.ChannelManager - Adding key: http://localhost:44210 for channel [id: 0x0b8ff365, L:/127.0.0.1:58834 - R:localhost/127.0.0.1:44210]
19:54:27.477 [Forwarding findElement on session 181d33815be4b952ef268eecf45da2bb to remote] DEBUG org.asynchttpclient.netty.request.NettyRequestSender - Using pooled Channel '[id: 0x0b8ff365, L:/127.0.0.1:58834 - R:localhost/127.0.0.1:44210]' for 'POST' to 'http://localhost:44210/session/181d33815be4b952ef268eecf45da2bb/element'
19:54:27.477 [Forwarding findElement on session 181d33815be4b952ef268eecf45da2bb to remote] DEBUG org.asynchttpclient.netty.request.NettyRequestSender - Using open Channel [id: 0x0b8ff365, L:/127.0.0.1:58834 - R:localhost/127.0.0.1:44210] for POST '/session/181d33815be4b952ef268eecf45da2bb/element'
19:54:27.486 [AsyncHttpClient-1-11] DEBUG org.asynchttpclient.netty.handler.HttpHandler - 

Request DefaultHttpRequest(decodeResult: success, version: HTTP/1.1)
POST /session/181d33815be4b952ef268eecf45da2bb/element HTTP/1.1
User-Agent: selenium/4.7.1 (java windows)
Content-Length: 141
Content-Type: application/json; charset=utf-8
host: localhost:44210
accept: */*

Response DefaultHttpResponse(decodeResult: success, version: HTTP/1.1)
HTTP/1.1 200 OK
Content-Type: application/json; charset=utf-8
cache-control: no-cache
content-length: 88

19:54:27.486 [AsyncHttpClient-1-11] DEBUG org.asynchttpclient.netty.channel.ChannelManager - Adding key: http://localhost:44210 for channel [id: 0x0b8ff365, L:/127.0.0.1:58834 - R:localhost/127.0.0.1:44210]
19:54:27.488 [Forwarding clickElement on session 181d33815be4b952ef268eecf45da2bb to remote] DEBUG org.asynchttpclient.netty.request.NettyRequestSender - Using pooled Channel '[id: 0x0b8ff365, L:/127.0.0.1:58834 - R:localhost/127.0.0.1:44210]' for 'POST' to 'http://localhost:44210/session/181d33815be4b952ef268eecf45da2bb/element/95452d89-bec0-4bb1-9ee6-99fed6d33281/click'
19:54:27.488 [Forwarding clickElement on session 181d33815be4b952ef268eecf45da2bb to remote] DEBUG org.asynchttpclient.netty.request.NettyRequestSender - Using open Channel [id: 0x0b8ff365, L:/127.0.0.1:58834 - R:localhost/127.0.0.1:44210] for POST '/session/181d33815be4b952ef268eecf45da2bb/element/95452d89-bec0-4bb1-9ee6-99fed6d33281/click'
19:54:27.521 [AsyncHttpClient-1-1] DEBUG org.asynchttpclient.netty.channel.DefaultChannelPool - Entry count for : http://localhost:58835 : 1
19:54:27.548 [AsyncHttpClient-1-11] DEBUG org.asynchttpclient.netty.handler.HttpHandler - 

Request DefaultHttpRequest(decodeResult: success, version: HTTP/1.1)
POST /session/181d33815be4b952ef268eecf45da2bb/element/95452d89-bec0-4bb1-9ee6-99fed6d33281/click HTTP/1.1
User-Agent: selenium/4.7.1 (java windows)
Content-Length: 50
Content-Type: application/json; charset=utf-8
host: localhost:44210
accept: */*

Response DefaultHttpResponse(decodeResult: success, version: HTTP/1.1)
HTTP/1.1 200 OK
Content-Type: application/json; charset=utf-8
cache-control: no-cache
content-length: 14

19:54:27.549 [AsyncHttpClient-1-11] DEBUG org.asynchttpclient.netty.channel.ChannelManager - Adding key: http://localhost:44210 for channel [id: 0x0b8ff365, L:/127.0.0.1:58834 - R:localhost/127.0.0.1:44210]
19:54:27.555 [Forwarding getCurrentWindowHandle on session 181d33815be4b952ef268eecf45da2bb to remote] DEBUG org.asynchttpclient.netty.request.NettyRequestSender - Using pooled Channel '[id: 0x0b8ff365, L:/127.0.0.1:58834 - R:localhost/127.0.0.1:44210]' for 'GET' to 'http://localhost:44210/session/181d33815be4b952ef268eecf45da2bb/window'
19:54:27.555 [Forwarding getCurrentWindowHandle on session 181d33815be4b952ef268eecf45da2bb to remote] DEBUG org.asynchttpclient.netty.request.NettyRequestSender - Using open Channel [id: 0x0b8ff365, L:/127.0.0.1:58834 - R:localhost/127.0.0.1:44210] for GET '/session/181d33815be4b952ef268eecf45da2bb/window'
19:54:27.556 [AsyncHttpClient-1-11] DEBUG org.asynchttpclient.netty.handler.HttpHandler - 

Request DefaultFullHttpRequest(decodeResult: success, version: HTTP/1.1, content: EmptyByteBufBE)
GET /session/181d33815be4b952ef268eecf45da2bb/window HTTP/1.1
User-Agent: selenium/4.7.1 (java windows)
Cache-Control: no-cache
Content-Type: application/json; charset=utf-8
host: localhost:44210
accept: */*

Response DefaultHttpResponse(decodeResult: success, version: HTTP/1.1)
HTTP/1.1 200 OK
Content-Type: application/json; charset=utf-8
cache-control: no-cache
content-length: 44

19:54:27.556 [AsyncHttpClient-1-11] DEBUG org.asynchttpclient.netty.channel.ChannelManager - Adding key: http://localhost:44210 for channel [id: 0x0b8ff365, L:/127.0.0.1:58834 - R:localhost/127.0.0.1:44210]
19:54:27.557 [Forwarding getAlertText on session 181d33815be4b952ef268eecf45da2bb to remote] DEBUG org.asynchttpclient.netty.request.NettyRequestSender - Using pooled Channel '[id: 0x0b8ff365, L:/127.0.0.1:58834 - R:localhost/127.0.0.1:44210]' for 'GET' to 'http://localhost:44210/session/181d33815be4b952ef268eecf45da2bb/alert/text'
19:54:27.557 [Forwarding getAlertText on session 181d33815be4b952ef268eecf45da2bb to remote] DEBUG org.asynchttpclient.netty.request.NettyRequestSender - Using open Channel [id: 0x0b8ff365, L:/127.0.0.1:58834 - R:localhost/127.0.0.1:44210] for GET '/session/181d33815be4b952ef268eecf45da2bb/alert/text'
19:54:27.559 [AsyncHttpClient-1-11] DEBUG org.asynchttpclient.netty.handler.HttpHandler - 

Request DefaultFullHttpRequest(decodeResult: success, version: HTTP/1.1, content: EmptyByteBufBE)
GET /session/181d33815be4b952ef268eecf45da2bb/alert/text HTTP/1.1
User-Agent: selenium/4.7.1 (java windows)
Cache-Control: no-cache
Content-Type: application/json; charset=utf-8
host: localhost:44210
accept: */*

Response DefaultHttpResponse(decodeResult: success, version: HTTP/1.1)
HTTP/1.1 404 Not Found
Content-Type: application/json; charset=utf-8
cache-control: no-cache
content-length: 821

19:54:27.559 [AsyncHttpClient-1-11] DEBUG org.asynchttpclient.netty.channel.ChannelManager - Adding key: http://localhost:44210 for channel [id: 0x0b8ff365, L:/127.0.0.1:58834 - R:localhost/127.0.0.1:44210]
19:54:27.560 [Forwarding switchToWindow on session 181d33815be4b952ef268eecf45da2bb to remote] DEBUG org.asynchttpclient.netty.request.NettyRequestSender - Using pooled Channel '[id: 0x0b8ff365, L:/127.0.0.1:58834 - R:localhost/127.0.0.1:44210]' for 'POST' to 'http://localhost:44210/session/181d33815be4b952ef268eecf45da2bb/window'
19:54:27.560 [Forwarding switchToWindow on session 181d33815be4b952ef268eecf45da2bb to remote] DEBUG org.asynchttpclient.netty.request.NettyRequestSender - Using open Channel [id: 0x0b8ff365, L:/127.0.0.1:58834 - R:localhost/127.0.0.1:44210] for POST '/session/181d33815be4b952ef268eecf45da2bb/window'
19:54:27.562 [AsyncHttpClient-1-11] DEBUG org.asynchttpclient.netty.handler.HttpHandler - 

Request DefaultHttpRequest(decodeResult: success, version: HTTP/1.1)
POST /session/181d33815be4b952ef268eecf45da2bb/window HTTP/1.1
User-Agent: selenium/4.7.1 (java windows)
Content-Length: 50
Content-Type: application/json; charset=utf-8
host: localhost:44210
accept: */*

Response DefaultHttpResponse(decodeResult: success, version: HTTP/1.1)
HTTP/1.1 200 OK
Content-Type: application/json; charset=utf-8
cache-control: no-cache
content-length: 14

19:54:27.562 [AsyncHttpClient-1-11] DEBUG org.asynchttpclient.netty.channel.ChannelManager - Adding key: http://localhost:44210 for channel [id: 0x0b8ff365, L:/127.0.0.1:58834 - R:localhost/127.0.0.1:44210]
19:54:27.564 [Forwarding getCurrentUrl on session 181d33815be4b952ef268eecf45da2bb to remote] DEBUG org.asynchttpclient.netty.request.NettyRequestSender - Using pooled Channel '[id: 0x0b8ff365, L:/127.0.0.1:58834 - R:localhost/127.0.0.1:44210]' for 'GET' to 'http://localhost:44210/session/181d33815be4b952ef268eecf45da2bb/url'
19:54:27.564 [Forwarding getCurrentUrl on session 181d33815be4b952ef268eecf45da2bb to remote] DEBUG org.asynchttpclient.netty.request.NettyRequestSender - Using open Channel [id: 0x0b8ff365, L:/127.0.0.1:58834 - R:localhost/127.0.0.1:44210] for GET '/session/181d33815be4b952ef268eecf45da2bb/url'
19:54:27.571 [AsyncHttpClient-1-11] DEBUG org.asynchttpclient.netty.handler.HttpHandler - 

Request DefaultFullHttpRequest(decodeResult: success, version: HTTP/1.1, content: EmptyByteBufBE)
GET /session/181d33815be4b952ef268eecf45da2bb/url HTTP/1.1
User-Agent: selenium/4.7.1 (java windows)
Cache-Control: no-cache
Content-Type: application/json; charset=utf-8
host: localhost:44210
accept: */*

Response DefaultHttpResponse(decodeResult: success, version: HTTP/1.1)
HTTP/1.1 200 OK
Content-Type: application/json; charset=utf-8
cache-control: no-cache
content-length: 51

19:54:27.571 [AsyncHttpClient-1-11] DEBUG org.asynchttpclient.netty.channel.ChannelManager - Adding key: http://localhost:44210 for channel [id: 0x0b8ff365, L:/127.0.0.1:58834 - R:localhost/127.0.0.1:44210]
19:54:27.573 [Forwarding screenshot on session 181d33815be4b952ef268eecf45da2bb to remote] DEBUG org.asynchttpclient.netty.request.NettyRequestSender - Using pooled Channel '[id: 0x0b8ff365, L:/127.0.0.1:58834 - R:localhost/127.0.0.1:44210]' for 'GET' to 'http://localhost:44210/session/181d33815be4b952ef268eecf45da2bb/screenshot'
19:54:27.573 [Forwarding screenshot on session 181d33815be4b952ef268eecf45da2bb to remote] DEBUG org.asynchttpclient.netty.request.NettyRequestSender - Using open Channel [id: 0x0b8ff365, L:/127.0.0.1:58834 - R:localhost/127.0.0.1:44210] for GET '/session/181d33815be4b952ef268eecf45da2bb/screenshot'
19:54:28.023 [AsyncHttpClient-1-11] DEBUG org.asynchttpclient.netty.handler.HttpHandler - 

Request DefaultFullHttpRequest(decodeResult: success, version: HTTP/1.1, content: EmptyByteBufBE)
GET /session/181d33815be4b952ef268eecf45da2bb/screenshot HTTP/1.1
User-Agent: selenium/4.7.1 (java windows)
Cache-Control: no-cache
Content-Type: application/json; charset=utf-8
host: localhost:44210
accept: */*

Response DefaultHttpResponse(decodeResult: success, version: HTTP/1.1)
HTTP/1.1 200 OK
Content-Type: application/json; charset=utf-8
cache-control: no-cache
content-length: 28080

19:54:28.024 [AsyncHttpClient-1-11] DEBUG org.asynchttpclient.netty.channel.ChannelManager - Adding key: http://localhost:44210 for channel [id: 0x0b8ff365, L:/127.0.0.1:58834 - R:localhost/127.0.0.1:44210]
19:54:28.025 [main] DEBUG net.serenitybdd.core.photography.Darkroom - Send negative for processing for target\site\serenity\82137d1d830d593be9f82eda0abd6ff58e8de20fdbbfc75dd40d5e4022507dc3.png
19:54:28.026 [Darkroom Processing Line] DEBUG net.serenitybdd.core.photography.DarkroomProcessingLine - Processing screenshot image in /var/screenshots/screenshot-7126728752063164577
19:54:28.026 [Darkroom Processing Line] DEBUG net.serenitybdd.core.photography.DarkroomProcessingLine - Saving screenshot to target\site\serenity\82137d1d830d593be9f82eda0abd6ff58e8de20fdbbfc75dd40d5e4022507dc3.png
19:54:28.026 [main] DEBUG net.thucydides.core.steps.StepInterceptor - STEP DONE: klikButtonLoginKedua
  &amp#27;[32mGiven &amp#27;[0m&amp#27;[32muser berada di Homepage AltaShop dan login akun&amp#27;[0m                   &amp#27;[90m# starter.stepdefinitions.TransaksiSteps.userBeradaDiHomepageAltaShopDanLoginAkun()&amp#27;[0m
19:54:28.039 [main] DEBUG net.thucydides.core.steps.StepInterceptor - STARTING STEP: TransaksiSteps.userKlikBeliPadaProdukYangDiinginkan - diHomepageKembali
19:54:28.042 [Forwarding findElement on session 181d33815be4b952ef268eecf45da2bb to remote] DEBUG org.asynchttpclient.netty.request.NettyRequestSender - Using pooled Channel '[id: 0x0b8ff365, L:/127.0.0.1:58834 - R:localhost/127.0.0.1:44210]' for 'POST' to 'http://localhost:44210/session/181d33815be4b952ef268eecf45da2bb/element'
19:54:28.042 [Forwarding findElement on session 181d33815be4b952ef268eecf45da2bb to remote] DEBUG org.asynchttpclient.netty.request.NettyRequestSender - Using open Channel [id: 0x0b8ff365, L:/127.0.0.1:58834 - R:localhost/127.0.0.1:44210] for POST '/session/181d33815be4b952ef268eecf45da2bb/element'
19:54:28.501 [AsyncHttpClient-1-11] DEBUG org.asynchttpclient.netty.handler.HttpHandler - 

Request DefaultHttpRequest(decodeResult: success, version: HTTP/1.1)
POST /session/181d33815be4b952ef268eecf45da2bb/element HTTP/1.1
User-Agent: selenium/4.7.1 (java windows)
Content-Length: 194
Content-Type: application/json; charset=utf-8
host: localhost:44210
accept: */*

Response DefaultHttpResponse(decodeResult: success, version: HTTP/1.1)
HTTP/1.1 200 OK
Content-Type: application/json; charset=utf-8
cache-control: no-cache
content-length: 88

19:54:28.502 [AsyncHttpClient-1-11] DEBUG org.asynchttpclient.netty.channel.ChannelManager - Adding key: http://localhost:44210 for channel [id: 0x0b8ff365, L:/127.0.0.1:58834 - R:localhost/127.0.0.1:44210]
19:54:28.505 [Forwarding isElementDisplayed on session 181d33815be4b952ef268eecf45da2bb to remote] DEBUG org.asynchttpclient.netty.request.NettyRequestSender - Using pooled Channel '[id: 0x0b8ff365, L:/127.0.0.1:58834 - R:localhost/127.0.0.1:44210]' for 'POST' to 'http://localhost:44210/session/181d33815be4b952ef268eecf45da2bb/execute/sync'
19:54:28.505 [Forwarding isElementDisplayed on session 181d33815be4b952ef268eecf45da2bb to remote] DEBUG org.asynchttpclient.netty.request.NettyRequestSender - Using open Channel [id: 0x0b8ff365, L:/127.0.0.1:58834 - R:localhost/127.0.0.1:44210] for POST '/session/181d33815be4b952ef268eecf45da2bb/execute/sync'
19:54:28.517 [AsyncHttpClient-1-11] DEBUG org.asynchttpclient.netty.handler.HttpHandler - 

Request DefaultHttpRequest(decodeResult: success, version: HTTP/1.1)
POST /session/181d33815be4b952ef268eecf45da2bb/execute/sync HTTP/1.1
User-Agent: selenium/4.7.1 (java windows)
Content-Length: 48780
Content-Type: application/json; charset=utf-8
host: localhost:44210
accept: */*

Response DefaultHttpResponse(decodeResult: success, version: HTTP/1.1)
HTTP/1.1 200 OK
Content-Type: application/json; charset=utf-8
cache-control: no-cache
content-length: 14

19:54:28.517 [AsyncHttpClient-1-11] DEBUG org.asynchttpclient.netty.channel.ChannelManager - Adding key: http://localhost:44210 for channel [id: 0x0b8ff365, L:/127.0.0.1:58834 - R:localhost/127.0.0.1:44210]
19:54:28.520 [Forwarding isElementDisplayed on session 181d33815be4b952ef268eecf45da2bb to remote] DEBUG org.asynchttpclient.netty.request.NettyRequestSender - Using pooled Channel '[id: 0x0b8ff365, L:/127.0.0.1:58834 - R:localhost/127.0.0.1:44210]' for 'POST' to 'http://localhost:44210/session/181d33815be4b952ef268eecf45da2bb/execute/sync'
19:54:28.520 [Forwarding isElementDisplayed on session 181d33815be4b952ef268eecf45da2bb to remote] DEBUG org.asynchttpclient.netty.request.NettyRequestSender - Using open Channel [id: 0x0b8ff365, L:/127.0.0.1:58834 - R:localhost/127.0.0.1:44210] for POST '/session/181d33815be4b952ef268eecf45da2bb/execute/sync'
19:54:28.528 [AsyncHttpClient-1-11] DEBUG org.asynchttpclient.netty.handler.HttpHandler - 

Request DefaultHttpRequest(decodeResult: success, version: HTTP/1.1)
POST /session/181d33815be4b952ef268eecf45da2bb/execute/sync HTTP/1.1
User-Agent: selenium/4.7.1 (java windows)
Content-Length: 48780
Content-Type: application/json; charset=utf-8
host: localhost:44210
accept: */*

Response DefaultHttpResponse(decodeResult: success, version: HTTP/1.1)
HTTP/1.1 200 OK
Content-Type: application/json; charset=utf-8
cache-control: no-cache
content-length: 14

19:54:28.529 [AsyncHttpClient-1-11] DEBUG org.asynchttpclient.netty.channel.ChannelManager - Adding key: http://localhost:44210 for channel [id: 0x0b8ff365, L:/127.0.0.1:58834 - R:localhost/127.0.0.1:44210]
19:54:28.533 [Forwarding getCurrentWindowHandle on session 181d33815be4b952ef268eecf45da2bb to remote] DEBUG org.asynchttpclient.netty.request.NettyRequestSender - Using pooled Channel '[id: 0x0b8ff365, L:/127.0.0.1:58834 - R:localhost/127.0.0.1:44210]' for 'GET' to 'http://localhost:44210/session/181d33815be4b952ef268eecf45da2bb/window'
19:54:28.533 [Forwarding getCurrentWindowHandle on session 181d33815be4b952ef268eecf45da2bb to remote] DEBUG org.asynchttpclient.netty.request.NettyRequestSender - Using open Channel [id: 0x0b8ff365, L:/127.0.0.1:58834 - R:localhost/127.0.0.1:44210] for GET '/session/181d33815be4b952ef268eecf45da2bb/window'
19:54:28.534 [AsyncHttpClient-1-11] DEBUG org.asynchttpclient.netty.handler.HttpHandler - 

Request DefaultFullHttpRequest(decodeResult: success, version: HTTP/1.1, content: EmptyByteBufBE)
GET /session/181d33815be4b952ef268eecf45da2bb/window HTTP/1.1
User-Agent: selenium/4.7.1 (java windows)
Cache-Control: no-cache
Content-Type: application/json; charset=utf-8
host: localhost:44210
accept: */*

Response DefaultHttpResponse(decodeResult: success, version: HTTP/1.1)
HTTP/1.1 200 OK
Content-Type: application/json; charset=utf-8
cache-control: no-cache
content-length: 44

19:54:28.534 [AsyncHttpClient-1-11] DEBUG org.asynchttpclient.netty.channel.ChannelManager - Adding key: http://localhost:44210 for channel [id: 0x0b8ff365, L:/127.0.0.1:58834 - R:localhost/127.0.0.1:44210]
19:54:28.535 [Forwarding getAlertText on session 181d33815be4b952ef268eecf45da2bb to remote] DEBUG org.asynchttpclient.netty.request.NettyRequestSender - Using pooled Channel '[id: 0x0b8ff365, L:/127.0.0.1:58834 - R:localhost/127.0.0.1:44210]' for 'GET' to 'http://localhost:44210/session/181d33815be4b952ef268eecf45da2bb/alert/text'
19:54:28.535 [Forwarding getAlertText on session 181d33815be4b952ef268eecf45da2bb to remote] DEBUG org.asynchttpclient.netty.request.NettyRequestSender - Using open Channel [id: 0x0b8ff365, L:/127.0.0.1:58834 - R:localhost/127.0.0.1:44210] for GET '/session/181d33815be4b952ef268eecf45da2bb/alert/text'
19:54:28.537 [AsyncHttpClient-1-11] DEBUG org.asynchttpclient.netty.handler.HttpHandler - 

Request DefaultFullHttpRequest(decodeResult: success, version: HTTP/1.1, content: EmptyByteBufBE)
GET /session/181d33815be4b952ef268eecf45da2bb/alert/text HTTP/1.1
User-Agent: selenium/4.7.1 (java windows)
Cache-Control: no-cache
Content-Type: application/json; charset=utf-8
host: localhost:44210
accept: */*

Response DefaultHttpResponse(decodeResult: success, version: HTTP/1.1)
HTTP/1.1 404 Not Found
Content-Type: application/json; charset=utf-8
cache-control: no-cache
content-length: 821

19:54:28.537 [AsyncHttpClient-1-11] DEBUG org.asynchttpclient.netty.channel.ChannelManager - Adding key: http://localhost:44210 for channel [id: 0x0b8ff365, L:/127.0.0.1:58834 - R:localhost/127.0.0.1:44210]
19:54:28.539 [Forwarding switchToWindow on session 181d33815be4b952ef268eecf45da2bb to remote] DEBUG org.asynchttpclient.netty.request.NettyRequestSender - Using pooled Channel '[id: 0x0b8ff365, L:/127.0.0.1:58834 - R:localhost/127.0.0.1:44210]' for 'POST' to 'http://localhost:44210/session/181d33815be4b952ef268eecf45da2bb/window'
19:54:28.539 [Forwarding switchToWindow on session 181d33815be4b952ef268eecf45da2bb to remote] DEBUG org.asynchttpclient.netty.request.NettyRequestSender - Using open Channel [id: 0x0b8ff365, L:/127.0.0.1:58834 - R:localhost/127.0.0.1:44210] for POST '/session/181d33815be4b952ef268eecf45da2bb/window'
19:54:28.541 [AsyncHttpClient-1-11] DEBUG org.asynchttpclient.netty.handler.HttpHandler - 

Request DefaultHttpRequest(decodeResult: success, version: HTTP/1.1)
POST /session/181d33815be4b952ef268eecf45da2bb/window HTTP/1.1
User-Agent: selenium/4.7.1 (java windows)
Content-Length: 50
Content-Type: application/json; charset=utf-8
host: localhost:44210
accept: */*

Response DefaultHttpResponse(decodeResult: success, version: HTTP/1.1)
HTTP/1.1 200 OK
Content-Type: application/json; charset=utf-8
cache-control: no-cache
content-length: 14

19:54:28.541 [AsyncHttpClient-1-11] DEBUG org.asynchttpclient.netty.channel.ChannelManager - Adding key: http://localhost:44210 for channel [id: 0x0b8ff365, L:/127.0.0.1:58834 - R:localhost/127.0.0.1:44210]
19:54:28.542 [Forwarding getCurrentUrl on session 181d33815be4b952ef268eecf45da2bb to remote] DEBUG org.asynchttpclient.netty.request.NettyRequestSender - Using pooled Channel '[id: 0x0b8ff365, L:/127.0.0.1:58834 - R:localhost/127.0.0.1:44210]' for 'GET' to 'http://localhost:44210/session/181d33815be4b952ef268eecf45da2bb/url'
19:54:28.542 [Forwarding getCurrentUrl on session 181d33815be4b952ef268eecf45da2bb to remote] DEBUG org.asynchttpclient.netty.request.NettyRequestSender - Using open Channel [id: 0x0b8ff365, L:/127.0.0.1:58834 - R:localhost/127.0.0.1:44210] for GET '/session/181d33815be4b952ef268eecf45da2bb/url'
19:54:28.545 [AsyncHttpClient-1-11] DEBUG org.asynchttpclient.netty.handler.HttpHandler - 

Request DefaultFullHttpRequest(decodeResult: success, version: HTTP/1.1, content: EmptyByteBufBE)
GET /session/181d33815be4b952ef268eecf45da2bb/url HTTP/1.1
User-Agent: selenium/4.7.1 (java windows)
Cache-Control: no-cache
Content-Type: application/json; charset=utf-8
host: localhost:44210
accept: */*

Response DefaultHttpResponse(decodeResult: success, version: HTTP/1.1)
HTTP/1.1 200 OK
Content-Type: application/json; charset=utf-8
cache-control: no-cache
content-length: 41

19:54:28.545 [AsyncHttpClient-1-11] DEBUG org.asynchttpclient.netty.channel.ChannelManager - Adding key: http://localhost:44210 for channel [id: 0x0b8ff365, L:/127.0.0.1:58834 - R:localhost/127.0.0.1:44210]
19:54:28.546 [Forwarding screenshot on session 181d33815be4b952ef268eecf45da2bb to remote] DEBUG org.asynchttpclient.netty.request.NettyRequestSender - Using pooled Channel '[id: 0x0b8ff365, L:/127.0.0.1:58834 - R:localhost/127.0.0.1:44210]' for 'GET' to 'http://localhost:44210/session/181d33815be4b952ef268eecf45da2bb/screenshot'
19:54:28.546 [Forwarding screenshot on session 181d33815be4b952ef268eecf45da2bb to remote] DEBUG org.asynchttpclient.netty.request.NettyRequestSender - Using open Channel [id: 0x0b8ff365, L:/127.0.0.1:58834 - R:localhost/127.0.0.1:44210] for GET '/session/181d33815be4b952ef268eecf45da2bb/screenshot'
19:54:28.615 [AsyncHttpClient-1-1] DEBUG org.asynchttpclient.netty.channel.DefaultChannelPool - Entry count for : http://localhost:58835 : 1
19:54:28.620 [AsyncHttpClient-1-11] DEBUG org.asynchttpclient.netty.handler.HttpHandler - 

Request DefaultFullHttpRequest(decodeResult: success, version: HTTP/1.1, content: EmptyByteBufBE)
GET /session/181d33815be4b952ef268eecf45da2bb/screenshot HTTP/1.1
User-Agent: selenium/4.7.1 (java windows)
Cache-Control: no-cache
Content-Type: application/json; charset=utf-8
host: localhost:44210
accept: */*

Response DefaultHttpResponse(decodeResult: success, version: HTTP/1.1)
HTTP/1.1 200 OK
Content-Type: application/json; charset=utf-8
cache-control: no-cache
content-length: 95180

19:54:28.620 [AsyncHttpClient-1-11] DEBUG org.asynchttpclient.netty.channel.ChannelManager - Adding key: http://localhost:44210 for channel [id: 0x0b8ff365, L:/127.0.0.1:58834 - R:localhost/127.0.0.1:44210]
19:54:28.623 [main] DEBUG net.serenitybdd.core.photography.Darkroom - Send negative for processing for target\site\serenity\b143a0c12e9b10d237a868db7775b7d159d37ec6bdc8fb38b20df630fdbd6aa7.png
19:54:28.624 [main] DEBUG net.thucydides.core.steps.StepInterceptor - STEP DONE: diHomepageKembali
19:54:28.624 [Darkroom Processing Line] DEBUG net.serenitybdd.core.photography.DarkroomProcessingLine - Processing screenshot image in /var/screenshots/screenshot-10759366424093882061
19:54:28.624 [Darkroom Processing Line] DEBUG net.serenitybdd.core.photography.DarkroomProcessingLine - Saving screenshot to target\site\serenity\b143a0c12e9b10d237a868db7775b7d159d37ec6bdc8fb38b20df630fdbd6aa7.png
19:54:28.628 [main] DEBUG net.thucydides.core.steps.StepInterceptor - STARTING STEP: TransaksiSteps.userKlikBeliPadaProdukYangDiinginkan - klikButtonBeli
19:54:28.630 [Forwarding findElement on session 181d33815be4b952ef268eecf45da2bb to remote] DEBUG org.asynchttpclient.netty.request.NettyRequestSender - Using pooled Channel '[id: 0x0b8ff365, L:/127.0.0.1:58834 - R:localhost/127.0.0.1:44210]' for 'POST' to 'http://localhost:44210/session/181d33815be4b952ef268eecf45da2bb/element'
19:54:28.630 [Forwarding findElement on session 181d33815be4b952ef268eecf45da2bb to remote] DEBUG org.asynchttpclient.netty.request.NettyRequestSender - Using open Channel [id: 0x0b8ff365, L:/127.0.0.1:58834 - R:localhost/127.0.0.1:44210] for POST '/session/181d33815be4b952ef268eecf45da2bb/element'
19:54:28.639 [AsyncHttpClient-1-11] DEBUG org.asynchttpclient.netty.handler.HttpHandler - 

Request DefaultHttpRequest(decodeResult: success, version: HTTP/1.1)
POST /session/181d33815be4b952ef268eecf45da2bb/element HTTP/1.1
User-Agent: selenium/4.7.1 (java windows)
Content-Length: 194
Content-Type: application/json; charset=utf-8
host: localhost:44210
accept: */*

Response DefaultHttpResponse(decodeResult: success, version: HTTP/1.1)
HTTP/1.1 200 OK
Content-Type: application/json; charset=utf-8
cache-control: no-cache
content-length: 88

19:54:28.639 [AsyncHttpClient-1-11] DEBUG org.asynchttpclient.netty.channel.ChannelManager - Adding key: http://localhost:44210 for channel [id: 0x0b8ff365, L:/127.0.0.1:58834 - R:localhost/127.0.0.1:44210]
19:54:28.640 [Forwarding getElementTagName on session 181d33815be4b952ef268eecf45da2bb to remote] DEBUG org.asynchttpclient.netty.request.NettyRequestSender - Using pooled Channel '[id: 0x0b8ff365, L:/127.0.0.1:58834 - R:localhost/127.0.0.1:44210]' for 'GET' to 'http://localhost:44210/session/181d33815be4b952ef268eecf45da2bb/element/647629ba-a266-4de0-8c79-ab75ea45a943/name'
19:54:28.640 [Forwarding getElementTagName on session 181d33815be4b952ef268eecf45da2bb to remote] DEBUG org.asynchttpclient.netty.request.NettyRequestSender - Using open Channel [id: 0x0b8ff365, L:/127.0.0.1:58834 - R:localhost/127.0.0.1:44210] for GET '/session/181d33815be4b952ef268eecf45da2bb/element/647629ba-a266-4de0-8c79-ab75ea45a943/name'
19:54:28.645 [AsyncHttpClient-1-11] DEBUG org.asynchttpclient.netty.handler.HttpHandler - 

Request DefaultFullHttpRequest(decodeResult: success, version: HTTP/1.1, content: EmptyByteBufBE)
GET /session/181d33815be4b952ef268eecf45da2bb/element/647629ba-a266-4de0-8c79-ab75ea45a943/name HTTP/1.1
User-Agent: selenium/4.7.1 (java windows)
Cache-Control: no-cache
Content-Type: application/json; charset=utf-8
host: localhost:44210
accept: */*

Response DefaultHttpResponse(decodeResult: success, version: HTTP/1.1)
HTTP/1.1 200 OK
Content-Type: application/json; charset=utf-8
cache-control: no-cache
content-length: 16

19:54:28.645 [AsyncHttpClient-1-11] DEBUG org.asynchttpclient.netty.channel.ChannelManager - Adding key: http://localhost:44210 for channel [id: 0x0b8ff365, L:/127.0.0.1:58834 - R:localhost/127.0.0.1:44210]
19:54:28.646 [Forwarding getElementTagName on session 181d33815be4b952ef268eecf45da2bb to remote] DEBUG org.asynchttpclient.netty.request.NettyRequestSender - Using pooled Channel '[id: 0x0b8ff365, L:/127.0.0.1:58834 - R:localhost/127.0.0.1:44210]' for 'GET' to 'http://localhost:44210/session/181d33815be4b952ef268eecf45da2bb/element/647629ba-a266-4de0-8c79-ab75ea45a943/name'
19:54:28.646 [Forwarding getElementTagName on session 181d33815be4b952ef268eecf45da2bb to remote] DEBUG org.asynchttpclient.netty.request.NettyRequestSender - Using open Channel [id: 0x0b8ff365, L:/127.0.0.1:58834 - R:localhost/127.0.0.1:44210] for GET '/session/181d33815be4b952ef268eecf45da2bb/element/647629ba-a266-4de0-8c79-ab75ea45a943/name'
19:54:28.649 [AsyncHttpClient-1-11] DEBUG org.asynchttpclient.netty.handler.HttpHandler - 

Request DefaultFullHttpRequest(decodeResult: success, version: HTTP/1.1, content: EmptyByteBufBE)
GET /session/181d33815be4b952ef268eecf45da2bb/element/647629ba-a266-4de0-8c79-ab75ea45a943/name HTTP/1.1
User-Agent: selenium/4.7.1 (java windows)
Cache-Control: no-cache
Content-Type: application/json; charset=utf-8
host: localhost:44210
accept: */*

Response DefaultHttpResponse(decodeResult: success, version: HTTP/1.1)
HTTP/1.1 200 OK
Content-Type: application/json; charset=utf-8
cache-control: no-cache
content-length: 16

19:54:28.650 [AsyncHttpClient-1-11] DEBUG org.asynchttpclient.netty.channel.ChannelManager - Adding key: http://localhost:44210 for channel [id: 0x0b8ff365, L:/127.0.0.1:58834 - R:localhost/127.0.0.1:44210]
19:54:28.651 [Forwarding findElement on session 181d33815be4b952ef268eecf45da2bb to remote] DEBUG org.asynchttpclient.netty.request.NettyRequestSender - Using pooled Channel '[id: 0x0b8ff365, L:/127.0.0.1:58834 - R:localhost/127.0.0.1:44210]' for 'POST' to 'http://localhost:44210/session/181d33815be4b952ef268eecf45da2bb/element'
19:54:28.651 [Forwarding findElement on session 181d33815be4b952ef268eecf45da2bb to remote] DEBUG org.asynchttpclient.netty.request.NettyRequestSender - Using open Channel [id: 0x0b8ff365, L:/127.0.0.1:58834 - R:localhost/127.0.0.1:44210] for POST '/session/181d33815be4b952ef268eecf45da2bb/element'
19:54:28.659 [AsyncHttpClient-1-11] DEBUG org.asynchttpclient.netty.handler.HttpHandler - 

Request DefaultHttpRequest(decodeResult: success, version: HTTP/1.1)
POST /session/181d33815be4b952ef268eecf45da2bb/element HTTP/1.1
User-Agent: selenium/4.7.1 (java windows)
Content-Length: 194
Content-Type: application/json; charset=utf-8
host: localhost:44210
accept: */*

Response DefaultHttpResponse(decodeResult: success, version: HTTP/1.1)
HTTP/1.1 200 OK
Content-Type: application/json; charset=utf-8
cache-control: no-cache
content-length: 88

19:54:28.659 [AsyncHttpClient-1-11] DEBUG org.asynchttpclient.netty.channel.ChannelManager - Adding key: http://localhost:44210 for channel [id: 0x0b8ff365, L:/127.0.0.1:58834 - R:localhost/127.0.0.1:44210]
19:54:28.660 [Forwarding clickElement on session 181d33815be4b952ef268eecf45da2bb to remote] DEBUG org.asynchttpclient.netty.request.NettyRequestSender - Using pooled Channel '[id: 0x0b8ff365, L:/127.0.0.1:58834 - R:localhost/127.0.0.1:44210]' for 'POST' to 'http://localhost:44210/session/181d33815be4b952ef268eecf45da2bb/element/647629ba-a266-4de0-8c79-ab75ea45a943/click'
19:54:28.660 [Forwarding clickElement on session 181d33815be4b952ef268eecf45da2bb to remote] DEBUG org.asynchttpclient.netty.request.NettyRequestSender - Using open Channel [id: 0x0b8ff365, L:/127.0.0.1:58834 - R:localhost/127.0.0.1:44210] for POST '/session/181d33815be4b952ef268eecf45da2bb/element/647629ba-a266-4de0-8c79-ab75ea45a943/click'
19:54:28.731 [AsyncHttpClient-1-11] DEBUG org.asynchttpclient.netty.handler.HttpHandler - 

Request DefaultHttpRequest(decodeResult: success, version: HTTP/1.1)
POST /session/181d33815be4b952ef268eecf45da2bb/element/647629ba-a266-4de0-8c79-ab75ea45a943/click HTTP/1.1
User-Agent: selenium/4.7.1 (java windows)
Content-Length: 50
Content-Type: application/json; charset=utf-8
host: localhost:44210
accept: */*

Response DefaultHttpResponse(decodeResult: success, version: HTTP/1.1)
HTTP/1.1 200 OK
Content-Type: application/json; charset=utf-8
cache-control: no-cache
content-length: 14

19:54:28.731 [AsyncHttpClient-1-11] DEBUG org.asynchttpclient.netty.channel.ChannelManager - Adding key: http://localhost:44210 for channel [id: 0x0b8ff365, L:/127.0.0.1:58834 - R:localhost/127.0.0.1:44210]
19:54:28.739 [Forwarding getCurrentWindowHandle on session 181d33815be4b952ef268eecf45da2bb to remote] DEBUG org.asynchttpclient.netty.request.NettyRequestSender - Using pooled Channel '[id: 0x0b8ff365, L:/127.0.0.1:58834 - R:localhost/127.0.0.1:44210]' for 'GET' to 'http://localhost:44210/session/181d33815be4b952ef268eecf45da2bb/window'
19:54:28.739 [Forwarding getCurrentWindowHandle on session 181d33815be4b952ef268eecf45da2bb to remote] DEBUG org.asynchttpclient.netty.request.NettyRequestSender - Using open Channel [id: 0x0b8ff365, L:/127.0.0.1:58834 - R:localhost/127.0.0.1:44210] for GET '/session/181d33815be4b952ef268eecf45da2bb/window'
19:54:28.740 [AsyncHttpClient-1-11] DEBUG org.asynchttpclient.netty.handler.HttpHandler - 

Request DefaultFullHttpRequest(decodeResult: success, version: HTTP/1.1, content: EmptyByteBufBE)
GET /session/181d33815be4b952ef268eecf45da2bb/window HTTP/1.1
User-Agent: selenium/4.7.1 (java windows)
Cache-Control: no-cache
Content-Type: application/json; charset=utf-8
host: localhost:44210
accept: */*

Response DefaultHttpResponse(decodeResult: success, version: HTTP/1.1)
HTTP/1.1 200 OK
Content-Type: application/json; charset=utf-8
cache-control: no-cache
content-length: 44

19:54:28.740 [AsyncHttpClient-1-11] DEBUG org.asynchttpclient.netty.channel.ChannelManager - Adding key: http://localhost:44210 for channel [id: 0x0b8ff365, L:/127.0.0.1:58834 - R:localhost/127.0.0.1:44210]
19:54:28.742 [Forwarding getAlertText on session 181d33815be4b952ef268eecf45da2bb to remote] DEBUG org.asynchttpclient.netty.request.NettyRequestSender - Using pooled Channel '[id: 0x0b8ff365, L:/127.0.0.1:58834 - R:localhost/127.0.0.1:44210]' for 'GET' to 'http://localhost:44210/session/181d33815be4b952ef268eecf45da2bb/alert/text'
19:54:28.742 [Forwarding getAlertText on session 181d33815be4b952ef268eecf45da2bb to remote] DEBUG org.asynchttpclient.netty.request.NettyRequestSender - Using open Channel [id: 0x0b8ff365, L:/127.0.0.1:58834 - R:localhost/127.0.0.1:44210] for GET '/session/181d33815be4b952ef268eecf45da2bb/alert/text'
19:54:28.744 [AsyncHttpClient-1-11] DEBUG org.asynchttpclient.netty.handler.HttpHandler - 

Request DefaultFullHttpRequest(decodeResult: success, version: HTTP/1.1, content: EmptyByteBufBE)
GET /session/181d33815be4b952ef268eecf45da2bb/alert/text HTTP/1.1
User-Agent: selenium/4.7.1 (java windows)
Cache-Control: no-cache
Content-Type: application/json; charset=utf-8
host: localhost:44210
accept: */*

Response DefaultHttpResponse(decodeResult: success, version: HTTP/1.1)
HTTP/1.1 404 Not Found
Content-Type: application/json; charset=utf-8
cache-control: no-cache
content-length: 821

19:54:28.744 [AsyncHttpClient-1-11] DEBUG org.asynchttpclient.netty.channel.ChannelManager - Adding key: http://localhost:44210 for channel [id: 0x0b8ff365, L:/127.0.0.1:58834 - R:localhost/127.0.0.1:44210]
19:54:28.747 [Forwarding switchToWindow on session 181d33815be4b952ef268eecf45da2bb to remote] DEBUG org.asynchttpclient.netty.request.NettyRequestSender - Using pooled Channel '[id: 0x0b8ff365, L:/127.0.0.1:58834 - R:localhost/127.0.0.1:44210]' for 'POST' to 'http://localhost:44210/session/181d33815be4b952ef268eecf45da2bb/window'
19:54:28.747 [Forwarding switchToWindow on session 181d33815be4b952ef268eecf45da2bb to remote] DEBUG org.asynchttpclient.netty.request.NettyRequestSender - Using open Channel [id: 0x0b8ff365, L:/127.0.0.1:58834 - R:localhost/127.0.0.1:44210] for POST '/session/181d33815be4b952ef268eecf45da2bb/window'
19:54:28.749 [AsyncHttpClient-1-11] DEBUG org.asynchttpclient.netty.handler.HttpHandler - 

Request DefaultHttpRequest(decodeResult: success, version: HTTP/1.1)
POST /session/181d33815be4b952ef268eecf45da2bb/window HTTP/1.1
User-Agent: selenium/4.7.1 (java windows)
Content-Length: 50
Content-Type: application/json; charset=utf-8
host: localhost:44210
accept: */*

Response DefaultHttpResponse(decodeResult: success, version: HTTP/1.1)
HTTP/1.1 200 OK
Content-Type: application/json; charset=utf-8
cache-control: no-cache
content-length: 14

19:54:28.750 [AsyncHttpClient-1-11] DEBUG org.asynchttpclient.netty.channel.ChannelManager - Adding key: http://localhost:44210 for channel [id: 0x0b8ff365, L:/127.0.0.1:58834 - R:localhost/127.0.0.1:44210]
19:54:28.751 [Forwarding getCurrentUrl on session 181d33815be4b952ef268eecf45da2bb to remote] DEBUG org.asynchttpclient.netty.request.NettyRequestSender - Using pooled Channel '[id: 0x0b8ff365, L:/127.0.0.1:58834 - R:localhost/127.0.0.1:44210]' for 'GET' to 'http://localhost:44210/session/181d33815be4b952ef268eecf45da2bb/url'
19:54:28.751 [Forwarding getCurrentUrl on session 181d33815be4b952ef268eecf45da2bb to remote] DEBUG org.asynchttpclient.netty.request.NettyRequestSender - Using open Channel [id: 0x0b8ff365, L:/127.0.0.1:58834 - R:localhost/127.0.0.1:44210] for GET '/session/181d33815be4b952ef268eecf45da2bb/url'
19:54:28.755 [AsyncHttpClient-1-11] DEBUG org.asynchttpclient.netty.handler.HttpHandler - 

Request DefaultFullHttpRequest(decodeResult: success, version: HTTP/1.1, content: EmptyByteBufBE)
GET /session/181d33815be4b952ef268eecf45da2bb/url HTTP/1.1
User-Agent: selenium/4.7.1 (java windows)
Cache-Control: no-cache
Content-Type: application/json; charset=utf-8
host: localhost:44210
accept: */*

Response DefaultHttpResponse(decodeResult: success, version: HTTP/1.1)
HTTP/1.1 200 OK
Content-Type: application/json; charset=utf-8
cache-control: no-cache
content-length: 41

19:54:28.755 [AsyncHttpClient-1-11] DEBUG org.asynchttpclient.netty.channel.ChannelManager - Adding key: http://localhost:44210 for channel [id: 0x0b8ff365, L:/127.0.0.1:58834 - R:localhost/127.0.0.1:44210]
19:54:28.756 [Forwarding screenshot on session 181d33815be4b952ef268eecf45da2bb to remote] DEBUG org.asynchttpclient.netty.request.NettyRequestSender - Using pooled Channel '[id: 0x0b8ff365, L:/127.0.0.1:58834 - R:localhost/127.0.0.1:44210]' for 'GET' to 'http://localhost:44210/session/181d33815be4b952ef268eecf45da2bb/screenshot'
19:54:28.756 [Forwarding screenshot on session 181d33815be4b952ef268eecf45da2bb to remote] DEBUG org.asynchttpclient.netty.request.NettyRequestSender - Using open Channel [id: 0x0b8ff365, L:/127.0.0.1:58834 - R:localhost/127.0.0.1:44210] for GET '/session/181d33815be4b952ef268eecf45da2bb/screenshot'
19:54:28.854 [AsyncHttpClient-1-11] DEBUG org.asynchttpclient.netty.handler.HttpHandler - 

Request DefaultFullHttpRequest(decodeResult: success, version: HTTP/1.1, content: EmptyByteBufBE)
GET /session/181d33815be4b952ef268eecf45da2bb/screenshot HTTP/1.1
User-Agent: selenium/4.7.1 (java windows)
Cache-Control: no-cache
Content-Type: application/json; charset=utf-8
host: localhost:44210
accept: */*

Response DefaultHttpResponse(decodeResult: success, version: HTTP/1.1)
HTTP/1.1 200 OK
Content-Type: application/json; charset=utf-8
cache-control: no-cache
content-length: 96500

19:54:28.855 [AsyncHttpClient-1-11] DEBUG org.asynchttpclient.netty.channel.ChannelManager - Adding key: http://localhost:44210 for channel [id: 0x0b8ff365, L:/127.0.0.1:58834 - R:localhost/127.0.0.1:44210]
19:54:28.857 [main] DEBUG net.serenitybdd.core.photography.Darkroom - Send negative for processing for target\site\serenity\4d8fc2fa1ef27487dc57e1915214b10e68538117662f908d4bbfd9cf7a6342c9.png
19:54:28.857 [main] DEBUG net.thucydides.core.steps.StepInterceptor - STEP DONE: klikButtonBeli
  &amp#27;[32mWhen &amp#27;[0m&amp#27;[32muser berada di homepage lalu klik beli pada produk yang diinginkan&amp#27;[0m &amp#27;[90m# starter.stepdefinitions.TransaksiSteps.userKlikBeliPadaProdukYangDiinginkan()&amp#27;[0m
19:54:28.857 [Darkroom Processing Line] DEBUG net.serenitybdd.core.photography.DarkroomProcessingLine - Processing screenshot image in /var/screenshots/screenshot-4951477684484424400
19:54:28.857 [Darkroom Processing Line] DEBUG net.serenitybdd.core.photography.DarkroomProcessingLine - Saving screenshot to target\site\serenity\4d8fc2fa1ef27487dc57e1915214b10e68538117662f908d4bbfd9cf7a6342c9.png
  &amp#27;[32mAnd &amp#27;[0m&amp#27;[32mmuncul notif pada cart&amp#27;[0m                                              &amp#27;[90m# starter.stepdefinitions.TransaksiSteps.munculNotifPadaCart()&amp#27;[0m
19:54:28.874 [main] DEBUG net.thucydides.core.steps.StepInterceptor - STARTING STEP: TransaksiSteps.userKlikCart - klikButtonCart
19:54:28.879 [Forwarding findElement on session 181d33815be4b952ef268eecf45da2bb to remote] DEBUG org.asynchttpclient.netty.request.NettyRequestSender - Using pooled Channel '[id: 0x0b8ff365, L:/127.0.0.1:58834 - R:localhost/127.0.0.1:44210]' for 'POST' to 'http://localhost:44210/session/181d33815be4b952ef268eecf45da2bb/element'
19:54:28.879 [Forwarding findElement on session 181d33815be4b952ef268eecf45da2bb to remote] DEBUG org.asynchttpclient.netty.request.NettyRequestSender - Using open Channel [id: 0x0b8ff365, L:/127.0.0.1:58834 - R:localhost/127.0.0.1:44210] for POST '/session/181d33815be4b952ef268eecf45da2bb/element'
19:54:28.893 [AsyncHttpClient-1-11] DEBUG org.asynchttpclient.netty.handler.HttpHandler - 

Request DefaultHttpRequest(decodeResult: success, version: HTTP/1.1)
POST /session/181d33815be4b952ef268eecf45da2bb/element HTTP/1.1
User-Agent: selenium/4.7.1 (java windows)
Content-Length: 111
Content-Type: application/json; charset=utf-8
host: localhost:44210
accept: */*

Response DefaultHttpResponse(decodeResult: success, version: HTTP/1.1)
HTTP/1.1 200 OK
Content-Type: application/json; charset=utf-8
cache-control: no-cache
content-length: 88

19:54:28.893 [AsyncHttpClient-1-11] DEBUG org.asynchttpclient.netty.channel.ChannelManager - Adding key: http://localhost:44210 for channel [id: 0x0b8ff365, L:/127.0.0.1:58834 - R:localhost/127.0.0.1:44210]
19:54:28.895 [Forwarding getElementTagName on session 181d33815be4b952ef268eecf45da2bb to remote] DEBUG org.asynchttpclient.netty.request.NettyRequestSender - Using pooled Channel '[id: 0x0b8ff365, L:/127.0.0.1:58834 - R:localhost/127.0.0.1:44210]' for 'GET' to 'http://localhost:44210/session/181d33815be4b952ef268eecf45da2bb/element/60f63f1a-a2db-41cf-8726-f705505d33be/name'
19:54:28.895 [Forwarding getElementTagName on session 181d33815be4b952ef268eecf45da2bb to remote] DEBUG org.asynchttpclient.netty.request.NettyRequestSender - Using open Channel [id: 0x0b8ff365, L:/127.0.0.1:58834 - R:localhost/127.0.0.1:44210] for GET '/session/181d33815be4b952ef268eecf45da2bb/element/60f63f1a-a2db-41cf-8726-f705505d33be/name'
19:54:28.901 [AsyncHttpClient-1-11] DEBUG org.asynchttpclient.netty.handler.HttpHandler - 

Request DefaultFullHttpRequest(decodeResult: success, version: HTTP/1.1, content: EmptyByteBufBE)
GET /session/181d33815be4b952ef268eecf45da2bb/element/60f63f1a-a2db-41cf-8726-f705505d33be/name HTTP/1.1
User-Agent: selenium/4.7.1 (java windows)
Cache-Control: no-cache
Content-Type: application/json; charset=utf-8
host: localhost:44210
accept: */*

Response DefaultHttpResponse(decodeResult: success, version: HTTP/1.1)
HTTP/1.1 200 OK
Content-Type: application/json; charset=utf-8
cache-control: no-cache
content-length: 18

19:54:28.901 [AsyncHttpClient-1-11] DEBUG org.asynchttpclient.netty.channel.ChannelManager - Adding key: http://localhost:44210 for channel [id: 0x0b8ff365, L:/127.0.0.1:58834 - R:localhost/127.0.0.1:44210]
19:54:28.902 [Forwarding getElementTagName on session 181d33815be4b952ef268eecf45da2bb to remote] DEBUG org.asynchttpclient.netty.request.NettyRequestSender - Using pooled Channel '[id: 0x0b8ff365, L:/127.0.0.1:58834 - R:localhost/127.0.0.1:44210]' for 'GET' to 'http://localhost:44210/session/181d33815be4b952ef268eecf45da2bb/element/60f63f1a-a2db-41cf-8726-f705505d33be/name'
19:54:28.902 [Forwarding getElementTagName on session 181d33815be4b952ef268eecf45da2bb to remote] DEBUG org.asynchttpclient.netty.request.NettyRequestSender - Using open Channel [id: 0x0b8ff365, L:/127.0.0.1:58834 - R:localhost/127.0.0.1:44210] for GET '/session/181d33815be4b952ef268eecf45da2bb/element/60f63f1a-a2db-41cf-8726-f705505d33be/name'
19:54:28.916 [AsyncHttpClient-1-11] DEBUG org.asynchttpclient.netty.handler.HttpHandler - 

Request DefaultFullHttpRequest(decodeResult: success, version: HTTP/1.1, content: EmptyByteBufBE)
GET /session/181d33815be4b952ef268eecf45da2bb/element/60f63f1a-a2db-41cf-8726-f705505d33be/name HTTP/1.1
User-Agent: selenium/4.7.1 (java windows)
Cache-Control: no-cache
Content-Type: application/json; charset=utf-8
host: localhost:44210
accept: */*

Response DefaultHttpResponse(decodeResult: success, version: HTTP/1.1)
HTTP/1.1 200 OK
Content-Type: application/json; charset=utf-8
cache-control: no-cache
content-length: 18

19:54:28.917 [AsyncHttpClient-1-11] DEBUG org.asynchttpclient.netty.channel.ChannelManager - Adding key: http://localhost:44210 for channel [id: 0x0b8ff365, L:/127.0.0.1:58834 - R:localhost/127.0.0.1:44210]
19:54:28.921 [Forwarding isElementEnabled on session 181d33815be4b952ef268eecf45da2bb to remote] DEBUG org.asynchttpclient.netty.request.NettyRequestSender - Using pooled Channel '[id: 0x0b8ff365, L:/127.0.0.1:58834 - R:localhost/127.0.0.1:44210]' for 'GET' to 'http://localhost:44210/session/181d33815be4b952ef268eecf45da2bb/element/60f63f1a-a2db-41cf-8726-f705505d33be/enabled'
19:54:28.921 [Forwarding isElementEnabled on session 181d33815be4b952ef268eecf45da2bb to remote] DEBUG org.asynchttpclient.netty.request.NettyRequestSender - Using open Channel [id: 0x0b8ff365, L:/127.0.0.1:58834 - R:localhost/127.0.0.1:44210] for GET '/session/181d33815be4b952ef268eecf45da2bb/element/60f63f1a-a2db-41cf-8726-f705505d33be/enabled'
19:54:28.935 [AsyncHttpClient-1-11] DEBUG org.asynchttpclient.netty.handler.HttpHandler - 

Request DefaultFullHttpRequest(decodeResult: success, version: HTTP/1.1, content: EmptyByteBufBE)
GET /session/181d33815be4b952ef268eecf45da2bb/element/60f63f1a-a2db-41cf-8726-f705505d33be/enabled HTTP/1.1
User-Agent: selenium/4.7.1 (java windows)
Cache-Control: no-cache
Content-Type: application/json; charset=utf-8
host: localhost:44210
accept: */*

Response DefaultHttpResponse(decodeResult: success, version: HTTP/1.1)
HTTP/1.1 200 OK
Content-Type: application/json; charset=utf-8
cache-control: no-cache
content-length: 14

19:54:28.936 [AsyncHttpClient-1-11] DEBUG org.asynchttpclient.netty.channel.ChannelManager - Adding key: http://localhost:44210 for channel [id: 0x0b8ff365, L:/127.0.0.1:58834 - R:localhost/127.0.0.1:44210]
19:54:28.937 [Forwarding isElementEnabled on session 181d33815be4b952ef268eecf45da2bb to remote] DEBUG org.asynchttpclient.netty.request.NettyRequestSender - Using pooled Channel '[id: 0x0b8ff365, L:/127.0.0.1:58834 - R:localhost/127.0.0.1:44210]' for 'GET' to 'http://localhost:44210/session/181d33815be4b952ef268eecf45da2bb/element/60f63f1a-a2db-41cf-8726-f705505d33be/enabled'
19:54:28.937 [Forwarding isElementEnabled on session 181d33815be4b952ef268eecf45da2bb to remote] DEBUG org.asynchttpclient.netty.request.NettyRequestSender - Using open Channel [id: 0x0b8ff365, L:/127.0.0.1:58834 - R:localhost/127.0.0.1:44210] for GET '/session/181d33815be4b952ef268eecf45da2bb/element/60f63f1a-a2db-41cf-8726-f705505d33be/enabled'
19:54:28.946 [AsyncHttpClient-1-11] DEBUG org.asynchttpclient.netty.handler.HttpHandler - 

Request DefaultFullHttpRequest(decodeResult: success, version: HTTP/1.1, content: EmptyByteBufBE)
GET /session/181d33815be4b952ef268eecf45da2bb/element/60f63f1a-a2db-41cf-8726-f705505d33be/enabled HTTP/1.1
User-Agent: selenium/4.7.1 (java windows)
Cache-Control: no-cache
Content-Type: application/json; charset=utf-8
host: localhost:44210
accept: */*

Response DefaultHttpResponse(decodeResult: success, version: HTTP/1.1)
HTTP/1.1 200 OK
Content-Type: application/json; charset=utf-8
cache-control: no-cache
content-length: 14

19:54:28.946 [AsyncHttpClient-1-11] DEBUG org.asynchttpclient.netty.channel.ChannelManager - Adding key: http://localhost:44210 for channel [id: 0x0b8ff365, L:/127.0.0.1:58834 - R:localhost/127.0.0.1:44210]
19:54:28.948 [Forwarding findElement on session 181d33815be4b952ef268eecf45da2bb to remote] DEBUG org.asynchttpclient.netty.request.NettyRequestSender - Using pooled Channel '[id: 0x0b8ff365, L:/127.0.0.1:58834 - R:localhost/127.0.0.1:44210]' for 'POST' to 'http://localhost:44210/session/181d33815be4b952ef268eecf45da2bb/element'
19:54:28.948 [Forwarding findElement on session 181d33815be4b952ef268eecf45da2bb to remote] DEBUG org.asynchttpclient.netty.request.NettyRequestSender - Using open Channel [id: 0x0b8ff365, L:/127.0.0.1:58834 - R:localhost/127.0.0.1:44210] for POST '/session/181d33815be4b952ef268eecf45da2bb/element'
19:54:28.959 [AsyncHttpClient-1-11] DEBUG org.asynchttpclient.netty.handler.HttpHandler - 

Request DefaultHttpRequest(decodeResult: success, version: HTTP/1.1)
POST /session/181d33815be4b952ef268eecf45da2bb/element HTTP/1.1
User-Agent: selenium/4.7.1 (java windows)
Content-Length: 111
Content-Type: application/json; charset=utf-8
host: localhost:44210
accept: */*

Response DefaultHttpResponse(decodeResult: success, version: HTTP/1.1)
HTTP/1.1 200 OK
Content-Type: application/json; charset=utf-8
cache-control: no-cache
content-length: 88

19:54:28.959 [AsyncHttpClient-1-11] DEBUG org.asynchttpclient.netty.channel.ChannelManager - Adding key: http://localhost:44210 for channel [id: 0x0b8ff365, L:/127.0.0.1:58834 - R:localhost/127.0.0.1:44210]
19:54:28.963 [Forwarding clickElement on session 181d33815be4b952ef268eecf45da2bb to remote] DEBUG org.asynchttpclient.netty.request.NettyRequestSender - Using pooled Channel '[id: 0x0b8ff365, L:/127.0.0.1:58834 - R:localhost/127.0.0.1:44210]' for 'POST' to 'http://localhost:44210/session/181d33815be4b952ef268eecf45da2bb/element/60f63f1a-a2db-41cf-8726-f705505d33be/click'
19:54:28.964 [Forwarding clickElement on session 181d33815be4b952ef268eecf45da2bb to remote] DEBUG org.asynchttpclient.netty.request.NettyRequestSender - Using open Channel [id: 0x0b8ff365, L:/127.0.0.1:58834 - R:localhost/127.0.0.1:44210] for POST '/session/181d33815be4b952ef268eecf45da2bb/element/60f63f1a-a2db-41cf-8726-f705505d33be/click'
19:54:29.006 [AsyncHttpClient-1-11] DEBUG org.asynchttpclient.netty.handler.HttpHandler - 

Request DefaultHttpRequest(decodeResult: success, version: HTTP/1.1)
POST /session/181d33815be4b952ef268eecf45da2bb/element/60f63f1a-a2db-41cf-8726-f705505d33be/click HTTP/1.1
User-Agent: selenium/4.7.1 (java windows)
Content-Length: 50
Content-Type: application/json; charset=utf-8
host: localhost:44210
accept: */*

Response DefaultHttpResponse(decodeResult: success, version: HTTP/1.1)
HTTP/1.1 200 OK
Content-Type: application/json; charset=utf-8
cache-control: no-cache
content-length: 14

19:54:29.006 [AsyncHttpClient-1-11] DEBUG org.asynchttpclient.netty.channel.ChannelManager - Adding key: http://localhost:44210 for channel [id: 0x0b8ff365, L:/127.0.0.1:58834 - R:localhost/127.0.0.1:44210]
19:54:29.014 [Forwarding getCurrentWindowHandle on session 181d33815be4b952ef268eecf45da2bb to remote] DEBUG org.asynchttpclient.netty.request.NettyRequestSender - Using pooled Channel '[id: 0x0b8ff365, L:/127.0.0.1:58834 - R:localhost/127.0.0.1:44210]' for 'GET' to 'http://localhost:44210/session/181d33815be4b952ef268eecf45da2bb/window'
19:54:29.014 [Forwarding getCurrentWindowHandle on session 181d33815be4b952ef268eecf45da2bb to remote] DEBUG org.asynchttpclient.netty.request.NettyRequestSender - Using open Channel [id: 0x0b8ff365, L:/127.0.0.1:58834 - R:localhost/127.0.0.1:44210] for GET '/session/181d33815be4b952ef268eecf45da2bb/window'
19:54:29.015 [AsyncHttpClient-1-11] DEBUG org.asynchttpclient.netty.handler.HttpHandler - 

Request DefaultFullHttpRequest(decodeResult: success, version: HTTP/1.1, content: EmptyByteBufBE)
GET /session/181d33815be4b952ef268eecf45da2bb/window HTTP/1.1
User-Agent: selenium/4.7.1 (java windows)
Cache-Control: no-cache
Content-Type: application/json; charset=utf-8
host: localhost:44210
accept: */*

Response DefaultHttpResponse(decodeResult: success, version: HTTP/1.1)
HTTP/1.1 200 OK
Content-Type: application/json; charset=utf-8
cache-control: no-cache
content-length: 44

19:54:29.015 [AsyncHttpClient-1-11] DEBUG org.asynchttpclient.netty.channel.ChannelManager - Adding key: http://localhost:44210 for channel [id: 0x0b8ff365, L:/127.0.0.1:58834 - R:localhost/127.0.0.1:44210]
19:54:29.016 [Forwarding getAlertText on session 181d33815be4b952ef268eecf45da2bb to remote] DEBUG org.asynchttpclient.netty.request.NettyRequestSender - Using pooled Channel '[id: 0x0b8ff365, L:/127.0.0.1:58834 - R:localhost/127.0.0.1:44210]' for 'GET' to 'http://localhost:44210/session/181d33815be4b952ef268eecf45da2bb/alert/text'
19:54:29.016 [Forwarding getAlertText on session 181d33815be4b952ef268eecf45da2bb to remote] DEBUG org.asynchttpclient.netty.request.NettyRequestSender - Using open Channel [id: 0x0b8ff365, L:/127.0.0.1:58834 - R:localhost/127.0.0.1:44210] for GET '/session/181d33815be4b952ef268eecf45da2bb/alert/text'
19:54:29.061 [AsyncHttpClient-1-11] DEBUG org.asynchttpclient.netty.handler.HttpHandler - 

Request DefaultFullHttpRequest(decodeResult: success, version: HTTP/1.1, content: EmptyByteBufBE)
GET /session/181d33815be4b952ef268eecf45da2bb/alert/text HTTP/1.1
User-Agent: selenium/4.7.1 (java windows)
Cache-Control: no-cache
Content-Type: application/json; charset=utf-8
host: localhost:44210
accept: */*

Response DefaultHttpResponse(decodeResult: success, version: HTTP/1.1)
HTTP/1.1 404 Not Found
Content-Type: application/json; charset=utf-8
cache-control: no-cache
content-length: 821

19:54:29.061 [AsyncHttpClient-1-11] DEBUG org.asynchttpclient.netty.channel.ChannelManager - Adding key: http://localhost:44210 for channel [id: 0x0b8ff365, L:/127.0.0.1:58834 - R:localhost/127.0.0.1:44210]
19:54:29.063 [Forwarding switchToWindow on session 181d33815be4b952ef268eecf45da2bb to remote] DEBUG org.asynchttpclient.netty.request.NettyRequestSender - Using pooled Channel '[id: 0x0b8ff365, L:/127.0.0.1:58834 - R:localhost/127.0.0.1:44210]' for 'POST' to 'http://localhost:44210/session/181d33815be4b952ef268eecf45da2bb/window'
19:54:29.064 [Forwarding switchToWindow on session 181d33815be4b952ef268eecf45da2bb to remote] DEBUG org.asynchttpclient.netty.request.NettyRequestSender - Using open Channel [id: 0x0b8ff365, L:/127.0.0.1:58834 - R:localhost/127.0.0.1:44210] for POST '/session/181d33815be4b952ef268eecf45da2bb/window'
19:54:29.065 [AsyncHttpClient-1-11] DEBUG org.asynchttpclient.netty.handler.HttpHandler - 

Request DefaultHttpRequest(decodeResult: success, version: HTTP/1.1)
POST /session/181d33815be4b952ef268eecf45da2bb/window HTTP/1.1
User-Agent: selenium/4.7.1 (java windows)
Content-Length: 50
Content-Type: application/json; charset=utf-8
host: localhost:44210
accept: */*

Response DefaultHttpResponse(decodeResult: success, version: HTTP/1.1)
HTTP/1.1 200 OK
Content-Type: application/json; charset=utf-8
cache-control: no-cache
content-length: 14

19:54:29.065 [AsyncHttpClient-1-11] DEBUG org.asynchttpclient.netty.channel.ChannelManager - Adding key: http://localhost:44210 for channel [id: 0x0b8ff365, L:/127.0.0.1:58834 - R:localhost/127.0.0.1:44210]
19:54:29.066 [Forwarding getCurrentUrl on session 181d33815be4b952ef268eecf45da2bb to remote] DEBUG org.asynchttpclient.netty.request.NettyRequestSender - Using pooled Channel '[id: 0x0b8ff365, L:/127.0.0.1:58834 - R:localhost/127.0.0.1:44210]' for 'GET' to 'http://localhost:44210/session/181d33815be4b952ef268eecf45da2bb/url'
19:54:29.066 [Forwarding getCurrentUrl on session 181d33815be4b952ef268eecf45da2bb to remote] DEBUG org.asynchttpclient.netty.request.NettyRequestSender - Using open Channel [id: 0x0b8ff365, L:/127.0.0.1:58834 - R:localhost/127.0.0.1:44210] for GET '/session/181d33815be4b952ef268eecf45da2bb/url'
19:54:29.069 [AsyncHttpClient-1-11] DEBUG org.asynchttpclient.netty.handler.HttpHandler - 

Request DefaultFullHttpRequest(decodeResult: success, version: HTTP/1.1, content: EmptyByteBufBE)
GET /session/181d33815be4b952ef268eecf45da2bb/url HTTP/1.1
User-Agent: selenium/4.7.1 (java windows)
Cache-Control: no-cache
Content-Type: application/json; charset=utf-8
host: localhost:44210
accept: */*

Response DefaultHttpResponse(decodeResult: success, version: HTTP/1.1)
HTTP/1.1 200 OK
Content-Type: application/json; charset=utf-8
cache-control: no-cache
content-length: 46

19:54:29.069 [AsyncHttpClient-1-11] DEBUG org.asynchttpclient.netty.channel.ChannelManager - Adding key: http://localhost:44210 for channel [id: 0x0b8ff365, L:/127.0.0.1:58834 - R:localhost/127.0.0.1:44210]
19:54:29.070 [Forwarding screenshot on session 181d33815be4b952ef268eecf45da2bb to remote] DEBUG org.asynchttpclient.netty.request.NettyRequestSender - Using pooled Channel '[id: 0x0b8ff365, L:/127.0.0.1:58834 - R:localhost/127.0.0.1:44210]' for 'GET' to 'http://localhost:44210/session/181d33815be4b952ef268eecf45da2bb/screenshot'
19:54:29.070 [Forwarding screenshot on session 181d33815be4b952ef268eecf45da2bb to remote] DEBUG org.asynchttpclient.netty.request.NettyRequestSender - Using open Channel [id: 0x0b8ff365, L:/127.0.0.1:58834 - R:localhost/127.0.0.1:44210] for GET '/session/181d33815be4b952ef268eecf45da2bb/screenshot'
19:54:29.200 [AsyncHttpClient-1-11] DEBUG org.asynchttpclient.netty.handler.HttpHandler - 

Request DefaultFullHttpRequest(decodeResult: success, version: HTTP/1.1, content: EmptyByteBufBE)
GET /session/181d33815be4b952ef268eecf45da2bb/screenshot HTTP/1.1
User-Agent: selenium/4.7.1 (java windows)
Cache-Control: no-cache
Content-Type: application/json; charset=utf-8
host: localhost:44210
accept: */*

Response DefaultHttpResponse(decodeResult: success, version: HTTP/1.1)
HTTP/1.1 200 OK
Content-Type: application/json; charset=utf-8
cache-control: no-cache
content-length: 28524

19:54:29.200 [AsyncHttpClient-1-11] DEBUG org.asynchttpclient.netty.channel.ChannelManager - Adding key: http://localhost:44210 for channel [id: 0x0b8ff365, L:/127.0.0.1:58834 - R:localhost/127.0.0.1:44210]
19:54:29.201 [main] DEBUG net.serenitybdd.core.photography.Darkroom - Send negative for processing for target\site\serenity\a72f7f56ec15e10f9ec8aa1dabae691b558ca365a201ed100472a72432eaecc8.png
19:54:29.202 [main] DEBUG net.thucydides.core.steps.StepInterceptor - STEP DONE: klikButtonCart
  &amp#27;[32mAnd &amp#27;[0m&amp#27;[32muser klik cart&amp#27;[0m                                                      &amp#27;[90m# starter.stepdefinitions.TransaksiSteps.userKlikCart()&amp#27;[0m
19:54:29.202 [Darkroom Processing Line] DEBUG net.serenitybdd.core.photography.DarkroomProcessingLine - Processing screenshot image in /var/screenshots/screenshot-8849855248842214894
19:54:29.202 [Darkroom Processing Line] DEBUG net.serenitybdd.core.photography.DarkroomProcessingLine - Saving screenshot to target\site\serenity\a72f7f56ec15e10f9ec8aa1dabae691b558ca365a201ed100472a72432eaecc8.png
19:54:29.210 [main] DEBUG net.thucydides.core.steps.StepInterceptor - STARTING STEP: TransaksiSteps.userKlikTombolTambah - klikTombolTambah
19:54:29.214 [Forwarding findElement on session 181d33815be4b952ef268eecf45da2bb to remote] DEBUG org.asynchttpclient.netty.request.NettyRequestSender - Using pooled Channel '[id: 0x0b8ff365, L:/127.0.0.1:58834 - R:localhost/127.0.0.1:44210]' for 'POST' to 'http://localhost:44210/session/181d33815be4b952ef268eecf45da2bb/element'
19:54:29.214 [Forwarding findElement on session 181d33815be4b952ef268eecf45da2bb to remote] DEBUG org.asynchttpclient.netty.request.NettyRequestSender - Using open Channel [id: 0x0b8ff365, L:/127.0.0.1:58834 - R:localhost/127.0.0.1:44210] for POST '/session/181d33815be4b952ef268eecf45da2bb/element'
19:54:29.226 [AsyncHttpClient-1-11] DEBUG org.asynchttpclient.netty.handler.HttpHandler - 

Request DefaultHttpRequest(decodeResult: success, version: HTTP/1.1)
POST /session/181d33815be4b952ef268eecf45da2bb/element HTTP/1.1
User-Agent: selenium/4.7.1 (java windows)
Content-Length: 179
Content-Type: application/json; charset=utf-8
host: localhost:44210
accept: */*

Response DefaultHttpResponse(decodeResult: success, version: HTTP/1.1)
HTTP/1.1 200 OK
Content-Type: application/json; charset=utf-8
cache-control: no-cache
content-length: 88

19:54:29.227 [AsyncHttpClient-1-11] DEBUG org.asynchttpclient.netty.channel.ChannelManager - Adding key: http://localhost:44210 for channel [id: 0x0b8ff365, L:/127.0.0.1:58834 - R:localhost/127.0.0.1:44210]
19:54:29.229 [Forwarding getElementTagName on session 181d33815be4b952ef268eecf45da2bb to remote] DEBUG org.asynchttpclient.netty.request.NettyRequestSender - Using pooled Channel '[id: 0x0b8ff365, L:/127.0.0.1:58834 - R:localhost/127.0.0.1:44210]' for 'GET' to 'http://localhost:44210/session/181d33815be4b952ef268eecf45da2bb/element/833212bc-b352-4999-b020-580c9c1713f3/name'
19:54:29.229 [Forwarding getElementTagName on session 181d33815be4b952ef268eecf45da2bb to remote] DEBUG org.asynchttpclient.netty.request.NettyRequestSender - Using open Channel [id: 0x0b8ff365, L:/127.0.0.1:58834 - R:localhost/127.0.0.1:44210] for GET '/session/181d33815be4b952ef268eecf45da2bb/element/833212bc-b352-4999-b020-580c9c1713f3/name'
19:54:29.233 [AsyncHttpClient-1-11] DEBUG org.asynchttpclient.netty.handler.HttpHandler - 

Request DefaultFullHttpRequest(decodeResult: success, version: HTTP/1.1, content: EmptyByteBufBE)
GET /session/181d33815be4b952ef268eecf45da2bb/element/833212bc-b352-4999-b020-580c9c1713f3/name HTTP/1.1
User-Agent: selenium/4.7.1 (java windows)
Cache-Control: no-cache
Content-Type: application/json; charset=utf-8
host: localhost:44210
accept: */*

Response DefaultHttpResponse(decodeResult: success, version: HTTP/1.1)
HTTP/1.1 200 OK
Content-Type: application/json; charset=utf-8
cache-control: no-cache
content-length: 16

19:54:29.233 [AsyncHttpClient-1-11] DEBUG org.asynchttpclient.netty.channel.ChannelManager - Adding key: http://localhost:44210 for channel [id: 0x0b8ff365, L:/127.0.0.1:58834 - R:localhost/127.0.0.1:44210]
19:54:29.234 [Forwarding getElementTagName on session 181d33815be4b952ef268eecf45da2bb to remote] DEBUG org.asynchttpclient.netty.request.NettyRequestSender - Using pooled Channel '[id: 0x0b8ff365, L:/127.0.0.1:58834 - R:localhost/127.0.0.1:44210]' for 'GET' to 'http://localhost:44210/session/181d33815be4b952ef268eecf45da2bb/element/833212bc-b352-4999-b020-580c9c1713f3/name'
19:54:29.234 [Forwarding getElementTagName on session 181d33815be4b952ef268eecf45da2bb to remote] DEBUG org.asynchttpclient.netty.request.NettyRequestSender - Using open Channel [id: 0x0b8ff365, L:/127.0.0.1:58834 - R:localhost/127.0.0.1:44210] for GET '/session/181d33815be4b952ef268eecf45da2bb/element/833212bc-b352-4999-b020-580c9c1713f3/name'
19:54:29.237 [AsyncHttpClient-1-11] DEBUG org.asynchttpclient.netty.handler.HttpHandler - 

Request DefaultFullHttpRequest(decodeResult: success, version: HTTP/1.1, content: EmptyByteBufBE)
GET /session/181d33815be4b952ef268eecf45da2bb/element/833212bc-b352-4999-b020-580c9c1713f3/name HTTP/1.1
User-Agent: selenium/4.7.1 (java windows)
Cache-Control: no-cache
Content-Type: application/json; charset=utf-8
host: localhost:44210
accept: */*

Response DefaultHttpResponse(decodeResult: success, version: HTTP/1.1)
HTTP/1.1 200 OK
Content-Type: application/json; charset=utf-8
cache-control: no-cache
content-length: 16

19:54:29.238 [AsyncHttpClient-1-11] DEBUG org.asynchttpclient.netty.channel.ChannelManager - Adding key: http://localhost:44210 for channel [id: 0x0b8ff365, L:/127.0.0.1:58834 - R:localhost/127.0.0.1:44210]
19:54:29.239 [Forwarding findElement on session 181d33815be4b952ef268eecf45da2bb to remote] DEBUG org.asynchttpclient.netty.request.NettyRequestSender - Using pooled Channel '[id: 0x0b8ff365, L:/127.0.0.1:58834 - R:localhost/127.0.0.1:44210]' for 'POST' to 'http://localhost:44210/session/181d33815be4b952ef268eecf45da2bb/element'
19:54:29.239 [Forwarding findElement on session 181d33815be4b952ef268eecf45da2bb to remote] DEBUG org.asynchttpclient.netty.request.NettyRequestSender - Using open Channel [id: 0x0b8ff365, L:/127.0.0.1:58834 - R:localhost/127.0.0.1:44210] for POST '/session/181d33815be4b952ef268eecf45da2bb/element'
19:54:29.246 [AsyncHttpClient-1-11] DEBUG org.asynchttpclient.netty.handler.HttpHandler - 

Request DefaultHttpRequest(decodeResult: success, version: HTTP/1.1)
POST /session/181d33815be4b952ef268eecf45da2bb/element HTTP/1.1
User-Agent: selenium/4.7.1 (java windows)
Content-Length: 179
Content-Type: application/json; charset=utf-8
host: localhost:44210
accept: */*

Response DefaultHttpResponse(decodeResult: success, version: HTTP/1.1)
HTTP/1.1 200 OK
Content-Type: application/json; charset=utf-8
cache-control: no-cache
content-length: 88

19:54:29.247 [AsyncHttpClient-1-11] DEBUG org.asynchttpclient.netty.channel.ChannelManager - Adding key: http://localhost:44210 for channel [id: 0x0b8ff365, L:/127.0.0.1:58834 - R:localhost/127.0.0.1:44210]
19:54:29.248 [Forwarding clickElement on session 181d33815be4b952ef268eecf45da2bb to remote] DEBUG org.asynchttpclient.netty.request.NettyRequestSender - Using pooled Channel '[id: 0x0b8ff365, L:/127.0.0.1:58834 - R:localhost/127.0.0.1:44210]' for 'POST' to 'http://localhost:44210/session/181d33815be4b952ef268eecf45da2bb/element/833212bc-b352-4999-b020-580c9c1713f3/click'
19:54:29.248 [Forwarding clickElement on session 181d33815be4b952ef268eecf45da2bb to remote] DEBUG org.asynchttpclient.netty.request.NettyRequestSender - Using open Channel [id: 0x0b8ff365, L:/127.0.0.1:58834 - R:localhost/127.0.0.1:44210] for POST '/session/181d33815be4b952ef268eecf45da2bb/element/833212bc-b352-4999-b020-580c9c1713f3/click'
19:54:29.287 [AsyncHttpClient-1-11] DEBUG org.asynchttpclient.netty.handler.HttpHandler - 

Request DefaultHttpRequest(decodeResult: success, version: HTTP/1.1)
POST /session/181d33815be4b952ef268eecf45da2bb/element/833212bc-b352-4999-b020-580c9c1713f3/click HTTP/1.1
User-Agent: selenium/4.7.1 (java windows)
Content-Length: 50
Content-Type: application/json; charset=utf-8
host: localhost:44210
accept: */*

Response DefaultHttpResponse(decodeResult: success, version: HTTP/1.1)
HTTP/1.1 200 OK
Content-Type: application/json; charset=utf-8
cache-control: no-cache
content-length: 14

19:54:29.287 [AsyncHttpClient-1-11] DEBUG org.asynchttpclient.netty.channel.ChannelManager - Adding key: http://localhost:44210 for channel [id: 0x0b8ff365, L:/127.0.0.1:58834 - R:localhost/127.0.0.1:44210]
19:54:29.292 [Forwarding getCurrentWindowHandle on session 181d33815be4b952ef268eecf45da2bb to remote] DEBUG org.asynchttpclient.netty.request.NettyRequestSender - Using pooled Channel '[id: 0x0b8ff365, L:/127.0.0.1:58834 - R:localhost/127.0.0.1:44210]' for 'GET' to 'http://localhost:44210/session/181d33815be4b952ef268eecf45da2bb/window'
19:54:29.292 [Forwarding getCurrentWindowHandle on session 181d33815be4b952ef268eecf45da2bb to remote] DEBUG org.asynchttpclient.netty.request.NettyRequestSender - Using open Channel [id: 0x0b8ff365, L:/127.0.0.1:58834 - R:localhost/127.0.0.1:44210] for GET '/session/181d33815be4b952ef268eecf45da2bb/window'
19:54:29.294 [AsyncHttpClient-1-11] DEBUG org.asynchttpclient.netty.handler.HttpHandler - 

Request DefaultFullHttpRequest(decodeResult: success, version: HTTP/1.1, content: EmptyByteBufBE)
GET /session/181d33815be4b952ef268eecf45da2bb/window HTTP/1.1
User-Agent: selenium/4.7.1 (java windows)
Cache-Control: no-cache
Content-Type: application/json; charset=utf-8
host: localhost:44210
accept: */*

Response DefaultHttpResponse(decodeResult: success, version: HTTP/1.1)
HTTP/1.1 200 OK
Content-Type: application/json; charset=utf-8
cache-control: no-cache
content-length: 44

19:54:29.294 [AsyncHttpClient-1-11] DEBUG org.asynchttpclient.netty.channel.ChannelManager - Adding key: http://localhost:44210 for channel [id: 0x0b8ff365, L:/127.0.0.1:58834 - R:localhost/127.0.0.1:44210]
19:54:29.296 [Forwarding getAlertText on session 181d33815be4b952ef268eecf45da2bb to remote] DEBUG org.asynchttpclient.netty.request.NettyRequestSender - Using pooled Channel '[id: 0x0b8ff365, L:/127.0.0.1:58834 - R:localhost/127.0.0.1:44210]' for 'GET' to 'http://localhost:44210/session/181d33815be4b952ef268eecf45da2bb/alert/text'
19:54:29.296 [Forwarding getAlertText on session 181d33815be4b952ef268eecf45da2bb to remote] DEBUG org.asynchttpclient.netty.request.NettyRequestSender - Using open Channel [id: 0x0b8ff365, L:/127.0.0.1:58834 - R:localhost/127.0.0.1:44210] for GET '/session/181d33815be4b952ef268eecf45da2bb/alert/text'
19:54:29.298 [AsyncHttpClient-1-11] DEBUG org.asynchttpclient.netty.handler.HttpHandler - 

Request DefaultFullHttpRequest(decodeResult: success, version: HTTP/1.1, content: EmptyByteBufBE)
GET /session/181d33815be4b952ef268eecf45da2bb/alert/text HTTP/1.1
User-Agent: selenium/4.7.1 (java windows)
Cache-Control: no-cache
Content-Type: application/json; charset=utf-8
host: localhost:44210
accept: */*

Response DefaultHttpResponse(decodeResult: success, version: HTTP/1.1)
HTTP/1.1 404 Not Found
Content-Type: application/json; charset=utf-8
cache-control: no-cache
content-length: 821

19:54:29.298 [AsyncHttpClient-1-11] DEBUG org.asynchttpclient.netty.channel.ChannelManager - Adding key: http://localhost:44210 for channel [id: 0x0b8ff365, L:/127.0.0.1:58834 - R:localhost/127.0.0.1:44210]
19:54:29.300 [Forwarding switchToWindow on session 181d33815be4b952ef268eecf45da2bb to remote] DEBUG org.asynchttpclient.netty.request.NettyRequestSender - Using pooled Channel '[id: 0x0b8ff365, L:/127.0.0.1:58834 - R:localhost/127.0.0.1:44210]' for 'POST' to 'http://localhost:44210/session/181d33815be4b952ef268eecf45da2bb/window'
19:54:29.300 [Forwarding switchToWindow on session 181d33815be4b952ef268eecf45da2bb to remote] DEBUG org.asynchttpclient.netty.request.NettyRequestSender - Using open Channel [id: 0x0b8ff365, L:/127.0.0.1:58834 - R:localhost/127.0.0.1:44210] for POST '/session/181d33815be4b952ef268eecf45da2bb/window'
19:54:29.302 [AsyncHttpClient-1-11] DEBUG org.asynchttpclient.netty.handler.HttpHandler - 

Request DefaultHttpRequest(decodeResult: success, version: HTTP/1.1)
POST /session/181d33815be4b952ef268eecf45da2bb/window HTTP/1.1
User-Agent: selenium/4.7.1 (java windows)
Content-Length: 50
Content-Type: application/json; charset=utf-8
host: localhost:44210
accept: */*

Response DefaultHttpResponse(decodeResult: success, version: HTTP/1.1)
HTTP/1.1 200 OK
Content-Type: application/json; charset=utf-8
cache-control: no-cache
content-length: 14

19:54:29.302 [AsyncHttpClient-1-11] DEBUG org.asynchttpclient.netty.channel.ChannelManager - Adding key: http://localhost:44210 for channel [id: 0x0b8ff365, L:/127.0.0.1:58834 - R:localhost/127.0.0.1:44210]
19:54:29.303 [Forwarding getCurrentUrl on session 181d33815be4b952ef268eecf45da2bb to remote] DEBUG org.asynchttpclient.netty.request.NettyRequestSender - Using pooled Channel '[id: 0x0b8ff365, L:/127.0.0.1:58834 - R:localhost/127.0.0.1:44210]' for 'GET' to 'http://localhost:44210/session/181d33815be4b952ef268eecf45da2bb/url'
19:54:29.303 [Forwarding getCurrentUrl on session 181d33815be4b952ef268eecf45da2bb to remote] DEBUG org.asynchttpclient.netty.request.NettyRequestSender - Using open Channel [id: 0x0b8ff365, L:/127.0.0.1:58834 - R:localhost/127.0.0.1:44210] for GET '/session/181d33815be4b952ef268eecf45da2bb/url'
19:54:29.306 [AsyncHttpClient-1-11] DEBUG org.asynchttpclient.netty.handler.HttpHandler - 

Request DefaultFullHttpRequest(decodeResult: success, version: HTTP/1.1, content: EmptyByteBufBE)
GET /session/181d33815be4b952ef268eecf45da2bb/url HTTP/1.1
User-Agent: selenium/4.7.1 (java windows)
Cache-Control: no-cache
Content-Type: application/json; charset=utf-8
host: localhost:44210
accept: */*

Response DefaultHttpResponse(decodeResult: success, version: HTTP/1.1)
HTTP/1.1 200 OK
Content-Type: application/json; charset=utf-8
cache-control: no-cache
content-length: 46

19:54:29.307 [AsyncHttpClient-1-11] DEBUG org.asynchttpclient.netty.channel.ChannelManager - Adding key: http://localhost:44210 for channel [id: 0x0b8ff365, L:/127.0.0.1:58834 - R:localhost/127.0.0.1:44210]
19:54:29.308 [Forwarding screenshot on session 181d33815be4b952ef268eecf45da2bb to remote] DEBUG org.asynchttpclient.netty.request.NettyRequestSender - Using pooled Channel '[id: 0x0b8ff365, L:/127.0.0.1:58834 - R:localhost/127.0.0.1:44210]' for 'GET' to 'http://localhost:44210/session/181d33815be4b952ef268eecf45da2bb/screenshot'
19:54:29.308 [Forwarding screenshot on session 181d33815be4b952ef268eecf45da2bb to remote] DEBUG org.asynchttpclient.netty.request.NettyRequestSender - Using open Channel [id: 0x0b8ff365, L:/127.0.0.1:58834 - R:localhost/127.0.0.1:44210] for GET '/session/181d33815be4b952ef268eecf45da2bb/screenshot'
19:54:29.433 [AsyncHttpClient-1-11] DEBUG org.asynchttpclient.netty.handler.HttpHandler - 

Request DefaultFullHttpRequest(decodeResult: success, version: HTTP/1.1, content: EmptyByteBufBE)
GET /session/181d33815be4b952ef268eecf45da2bb/screenshot HTTP/1.1
User-Agent: selenium/4.7.1 (java windows)
Cache-Control: no-cache
Content-Type: application/json; charset=utf-8
host: localhost:44210
accept: */*

Response DefaultHttpResponse(decodeResult: success, version: HTTP/1.1)
HTTP/1.1 200 OK
Content-Type: application/json; charset=utf-8
cache-control: no-cache
content-length: 31152

19:54:29.433 [AsyncHttpClient-1-11] DEBUG org.asynchttpclient.netty.channel.ChannelManager - Adding key: http://localhost:44210 for channel [id: 0x0b8ff365, L:/127.0.0.1:58834 - R:localhost/127.0.0.1:44210]
19:54:29.434 [main] DEBUG net.serenitybdd.core.photography.Darkroom - Send negative for processing for target\site\serenity\98fd03827143090b67318a2b91a3f2ffb7e790a8be18c1db621922f437ebd598.png
19:54:29.435 [main] DEBUG net.thucydides.core.steps.StepInterceptor - STEP DONE: klikTombolTambah
19:54:29.435 [Darkroom Processing Line] DEBUG net.serenitybdd.core.photography.DarkroomProcessingLine - Processing screenshot image in /var/screenshots/screenshot-15947951519631624768
  &amp#27;[32mThen &amp#27;[0m&amp#27;[32muser klik tombol tambah&amp#27;[0m                                            &amp#27;[90m# starter.stepdefinitions.TransaksiSteps.userKlikTombolTambah()&amp#27;[0m
19:54:29.435 [Darkroom Processing Line] DEBUG net.serenitybdd.core.photography.DarkroomProcessingLine - Saving screenshot to target\site\serenity\98fd03827143090b67318a2b91a3f2ffb7e790a8be18c1db621922f437ebd598.png
19:54:29.440 [main] INFO  - 
  _____   ___   ___   _____     ___     _     ___   ___   ___   ___  
 |_   _| | __| / __| |_   _|   | _ \   /_\   / __| / __| | __| |   \ 
   | |   | _|  \__ \   | |     |  _/  / _ \  \__ \ \__ \ | _|  | |) |
   |_|   |___| |___/   |_|     |_|   /_/ \_\ |___/ |___/ |___| |___/ 

user bisa Mengubah Jumlah Produk pada Keranjang Belanja
----------------------------------------------------------------------
19:54:29.441 [Driver Command Executor] DEBUG org.asynchttpclient.netty.request.NettyRequestSender - Using pooled Channel '[id: 0x0b8ff365, L:/127.0.0.1:58834 - R:localhost/127.0.0.1:44210]' for 'DELETE' to 'http://localhost:44210/session/181d33815be4b952ef268eecf45da2bb'
19:54:29.441 [Driver Command Executor] DEBUG org.asynchttpclient.netty.request.NettyRequestSender - Using open Channel [id: 0x0b8ff365, L:/127.0.0.1:58834 - R:localhost/127.0.0.1:44210] for DELETE '/session/181d33815be4b952ef268eecf45da2bb'
19:54:29.442 [AsyncHttpClient-1-13] DEBUG org.asynchttpclient.netty.handler.WebSocketHandler - Unexpected I/O exception on channel [id: 0x579e8375, L:/127.0.0.1:58843 - R:localhost/127.0.0.1:58835]
java.io.IOException: An established connection was aborted by the software in your host machine
	at java.base/sun.nio.ch.SocketDispatcher.read0(Native Method)
	at java.base/sun.nio.ch.SocketDispatcher.read(SocketDispatcher.java:46)
	at java.base/sun.nio.ch.IOUtil.readIntoNativeBuffer(IOUtil.java:339)
	at java.base/sun.nio.ch.IOUtil.read(IOUtil.java:293)
	at java.base/sun.nio.ch.IOUtil.read(IOUtil.java:268)
	at java.base/sun.nio.ch.SocketChannelImpl.read(SocketChannelImpl.java:425)
	at io.netty.buffer.PooledByteBuf.setBytes(PooledByteBuf.java:259)
	at io.netty.buffer.AbstractByteBuf.writeBytes(AbstractByteBuf.java:1132)
	at io.netty.channel.socket.nio.NioSocketChannel.doReadBytes(NioSocketChannel.java:357)
	at io.netty.channel.nio.AbstractNioByteChannel$NioByteUnsafe.read(AbstractNioByteChannel.java:151)
	at io.netty.channel.nio.NioEventLoop.processSelectedKey(NioEventLoop.java:788)
	at io.netty.channel.nio.NioEventLoop.processSelectedKeysOptimized(NioEventLoop.java:724)
	at io.netty.channel.nio.NioEventLoop.processSelectedKeys(NioEventLoop.java:650)
	at io.netty.channel.nio.NioEventLoop.run(NioEventLoop.java:562)
	at io.netty.util.concurrent.SingleThreadEventExecutor$4.run(SingleThreadEventExecutor.java:997)
	at io.netty.util.internal.ThreadExecutorMap$2.run(ThreadExecutorMap.java:74)
	at io.netty.util.concurrent.FastThreadLocalRunnable.run(FastThreadLocalRunnable.java:30)
	at java.base/java.lang.Thread.run(Thread.java:1589)
19:54:29.443 [AsyncHttpClient-1-13] DEBUG org.asynchttpclient.netty.handler.WebSocketHandler - Trying to recover from dead Channel: [id: 0x579e8375, L:/127.0.0.1:58843 - R:localhost/127.0.0.1:58835]
19:54:29.443 [AsyncHttpClient-1-13] DEBUG org.asynchttpclient.netty.handler.WebSocketHandler - Channel Closed: [id: 0x579e8375, L:/127.0.0.1:58843 ! R:localhost/127.0.0.1:58835] with attribute NettyResponseFuture{currentRetry=0,
	isDone=1,
	isCancelled=0,
	asyncHandler=org.asynchttpclient.ws.WebSocketUpgradeHandler@5e7fa932,
	nettyRequest=org.asynchttpclient.netty.request.NettyRequest@3156cbd2,
	future=java.util.concurrent.CompletableFuture@1ca4a5b2[Completed normally],
	uri=ws://localhost:58835/devtools/browser/fe98148b-4041-4d50-b577-90376db0859d,
	keepAlive=true,
	redirectCount=0,
	timeoutsHolder=null,
	inAuth=0,
	touch=1683377669442}
19:54:29.444 [AsyncHttpClient-1-13] DEBUG org.asynchttpclient.netty.channel.ChannelManager - Closing Channel [id: 0x579e8375, L:/127.0.0.1:58843 ! R:localhost/127.0.0.1:58835] 
19:54:29.474 [AsyncHttpClient-1-12] DEBUG org.asynchttpclient.netty.handler.HttpHandler - Unexpected I/O exception on channel [id: 0x2caf2605, L:/127.0.0.1:58842 - R:localhost/127.0.0.1:58835]
java.net.SocketException: Connection reset
	at java.base/sun.nio.ch.SocketChannelImpl.throwConnectionReset(SocketChannelImpl.java:401)
	at java.base/sun.nio.ch.SocketChannelImpl.read(SocketChannelImpl.java:434)
	at io.netty.buffer.PooledByteBuf.setBytes(PooledByteBuf.java:259)
	at io.netty.buffer.AbstractByteBuf.writeBytes(AbstractByteBuf.java:1132)
	at io.netty.channel.socket.nio.NioSocketChannel.doReadBytes(NioSocketChannel.java:357)
	at io.netty.channel.nio.AbstractNioByteChannel$NioByteUnsafe.read(AbstractNioByteChannel.java:151)
	at io.netty.channel.nio.NioEventLoop.processSelectedKey(NioEventLoop.java:788)
	at io.netty.channel.nio.NioEventLoop.processSelectedKeysOptimized(NioEventLoop.java:724)
	at io.netty.channel.nio.NioEventLoop.processSelectedKeys(NioEventLoop.java:650)
	at io.netty.channel.nio.NioEventLoop.run(NioEventLoop.java:562)
	at io.netty.util.concurrent.SingleThreadEventExecutor$4.run(SingleThreadEventExecutor.java:997)
	at io.netty.util.internal.ThreadExecutorMap$2.run(ThreadExecutorMap.java:74)
	at io.netty.util.concurrent.FastThreadLocalRunnable.run(FastThreadLocalRunnable.java:30)
	at java.base/java.lang.Thread.run(Thread.java:1589)
19:54:29.474 [AsyncHttpClient-1-12] DEBUG org.asynchttpclient.netty.channel.ChannelManager - Closing Channel [id: 0x2caf2605, L:/127.0.0.1:58842 - R:localhost/127.0.0.1:58835] 
19:54:29.474 [AsyncHttpClient-1-12] DEBUG org.asynchttpclient.netty.handler.HttpHandler - Channel Closed: [id: 0x2caf2605, L:/127.0.0.1:58842 ! R:localhost/127.0.0.1:58835] with attribute DISCARD
19:54:29.494 [AsyncHttpClient-1-11] DEBUG org.asynchttpclient.netty.handler.HttpHandler - 

Request DefaultFullHttpRequest(decodeResult: success, version: HTTP/1.1, content: EmptyByteBufBE)
DELETE /session/181d33815be4b952ef268eecf45da2bb HTTP/1.1
User-Agent: selenium/4.7.1 (java windows)
Content-Type: application/json; charset=utf-8
host: localhost:44210
accept: */*

Response DefaultHttpResponse(decodeResult: success, version: HTTP/1.1)
HTTP/1.1 200 OK
Content-Type: application/json; charset=utf-8
cache-control: no-cache
content-length: 14

19:54:29.494 [AsyncHttpClient-1-11] DEBUG org.asynchttpclient.netty.channel.ChannelManager - Adding key: http://localhost:44210 for channel [id: 0x0b8ff365, L:/127.0.0.1:58834 - R:localhost/127.0.0.1:44210]
19:54:29.547 [AsyncHttpClient-1-11] DEBUG org.asynchttpclient.netty.handler.HttpHandler - Channel Closed: [id: 0x0b8ff365, L:/127.0.0.1:58834 ! R:localhost/127.0.0.1:44210] with attribute DISCARD
]]></system-out>
    <system-err><![CDATA[Starting ChromeDriver 112.0.5615.49 (bd2a7bcb881c11e8cfe3078709382934e3916914-refs/branch-heads/5615@{#936}) on port 44210
Only local connections are allowed.
Please see https://chromedriver.chromium.org/security-considerations for suggestions on keeping ChromeDriver safe.
ChromeDriver was started successfully.
May 06, 2023 7:54:24 PM org.openqa.selenium.devtools.CdpVersionFinder findNearestMatch
WARNING: Unable to find an exact match for CDP version 112, so returning the closest version found: 108
]]></system-err>
  </testcase>
  <testcase name="user bisa menghapus produk dari keranjang belanja" classname="Transaksi" time="6.204">
    <system-out><![CDATA[
@AS19-positive
Scenario: user bisa menghapus produk dari keranjang belanja               &amp#27;[90m# src/test/resources/features/3. Transaksi.feature:36&amp#27;[0m
19:54:29.630 [main] INFO io.cucumber.core.plugin.SerenityReporter - Running feature from file:///C:/Dev/api-automation-alta-master/ALTASHOP%20WEB%20AUTOMATION/src/test/resources/features/3.%20Transaksi.feature
19:54:29.645 [main] INFO  - 
  _____   ___   ___   _____     ___   _____     _     ___   _____   ___   ___  
 |_   _| | __| / __| |_   _|   / __| |_   _|   /_\   | _ \ |_   _| | __| |   \ 
   | |   | _|  \__ \   | |     \__ \   | |    / _ \  |   /   | |   | _|  | |) |
   |_|   |___| |___/   |_|     |___/   |_|   /_/ \_\ |_|_\   |_|   |___| |___/ 

user bisa menghapus produk dari keranjang belanja(transaksi;user-bisa-menghapus-produk-dari-keranjang-belanja)
--------------------------------------------------------------------------------
19:54:29.661 [main] DEBUG net.thucydides.core.steps.StepInterceptor - STARTING STEP: TransaksiSteps.userBeradaDiHomepageAltaShopDanLoginAkun - diHomepageAltaShop
19:54:29.712 [AsyncHttpClient-1-1] DEBUG org.asynchttpclient.netty.channel.DefaultChannelPool - Entry count for : http://localhost:44210 : 1
19:54:29.712 [AsyncHttpClient-1-1] DEBUG org.asynchttpclient.netty.channel.DefaultChannelPool - Entry count for : http://localhost:58835 : 1
19:54:29.712 [AsyncHttpClient-1-1] DEBUG org.asynchttpclient.netty.channel.DefaultChannelPool - Adding Candidate expired Channel [id: 0x0b8ff365, L:/127.0.0.1:58834 ! R:localhost/127.0.0.1:44210] isIdleTimeoutExpired=false isRemotelyClosed=true isTtlExpired=false
19:54:29.712 [AsyncHttpClient-1-1] DEBUG org.asynchttpclient.netty.channel.DefaultChannelPool - Closing Idle Channel [id: 0x0b8ff365, L:/127.0.0.1:58834 ! R:localhost/127.0.0.1:44210]
19:54:29.712 [AsyncHttpClient-1-1] DEBUG org.asynchttpclient.netty.channel.DefaultChannelPool - Adding Candidate expired Channel [id: 0x2caf2605, L:/127.0.0.1:58842 ! R:localhost/127.0.0.1:58835] isIdleTimeoutExpired=false isRemotelyClosed=true isTtlExpired=false
19:54:29.712 [AsyncHttpClient-1-1] DEBUG org.asynchttpclient.netty.channel.DefaultChannelPool - Closing Idle Channel [id: 0x2caf2605, L:/127.0.0.1:58842 ! R:localhost/127.0.0.1:58835]
19:54:29.712 [AsyncHttpClient-1-1] DEBUG org.asynchttpclient.netty.channel.DefaultChannelPool - Closed 2 connections out of 2 in 0 ms
19:54:29.712 [main] INFO net.serenitybdd.core.webdriver.driverproviders.ChromeDriverProvider - Starting Chrome driver instance with capabilities:
19:54:29.712 [main] INFO net.serenitybdd.core.webdriver.driverproviders.ChromeDriverProvider - Capabilities {acceptInsecureCerts: true, browserName: chrome, goog:chromeOptions: {args: [remote-allow-origins=*, test-type, no-sandbox, ignore-certificate-errors, start-maximized, incognito, disable-infobars, disable-gpu, disable-default-apps, disable-popup-blocking, remote-allow-origins=*, test-type, no-sandbox, ignore-certificate-errors, start-maximized, incognito, disable-infobars, disable-gpu, disable-default-apps, disable-popup-blocking], extensions: []}}
19:54:29.790 [AsyncHttpClient-1-14] DEBUG org.asynchttpclient.netty.channel.NettyConnectListener - Using new Channel '[id: 0xa21b36e8, L:/127.0.0.1:58861 - R:localhost/127.0.0.1:30531]' for 'POST' to '/session'
19:54:30.667 [AsyncHttpClient-1-14] DEBUG org.asynchttpclient.netty.handler.HttpHandler - 

Request DefaultHttpRequest(decodeResult: success, version: HTTP/1.1)
POST /session HTTP/1.1
User-Agent: selenium/4.7.1 (java windows)
Content-Length: 1629
Content-Type: application/json; charset=utf-8
host: localhost:30531
accept: */*

Response DefaultHttpResponse(decodeResult: success, version: HTTP/1.1)
HTTP/1.1 200 OK
Content-Type: application/json; charset=utf-8
cache-control: no-cache
content-length: 856

19:54:30.667 [AsyncHttpClient-1-14] DEBUG org.asynchttpclient.netty.channel.ChannelManager - Adding key: http://localhost:30531 for channel [id: 0xa21b36e8, L:/127.0.0.1:58861 - R:localhost/127.0.0.1:30531]
19:54:30.690 [AsyncHttpClient-1-15] DEBUG org.asynchttpclient.netty.channel.NettyConnectListener - Using new Channel '[id: 0x86131a44, L:/127.0.0.1:58868 - R:localhost/127.0.0.1:58862]' for 'GET' to '/json/version'
19:54:30.701 [AsyncHttpClient-1-15] DEBUG org.asynchttpclient.netty.handler.HttpHandler - 

Request DefaultFullHttpRequest(decodeResult: success, version: HTTP/1.1, content: EmptyByteBufBE)
GET /json/version HTTP/1.1
User-Agent: selenium/4.7.1 (java windows)
host: localhost:58862
accept: */*

Response DefaultHttpResponse(decodeResult: success, version: HTTP/1.1)
HTTP/1.1 200 OK
Content-Security-Policy: frame-ancestors 'none'
Content-Type: application/json; charset=UTF-8
content-length: 424

19:54:30.701 [AsyncHttpClient-1-15] DEBUG org.asynchttpclient.netty.channel.ChannelManager - Adding key: http://localhost:58862 for channel [id: 0x86131a44, L:/127.0.0.1:58868 - R:localhost/127.0.0.1:58862]
19:54:30.711 [AsyncHttpClient-1-16] DEBUG org.asynchttpclient.netty.channel.NettyConnectListener - Using new Channel '[id: 0x912c076f, L:/127.0.0.1:58869 - R:localhost/127.0.0.1:58862]' for 'GET' to '/devtools/browser/09a9ce10-5565-47cd-b51a-1031d775e008'
19:54:30.715 [AsyncHttpClient-1-16] DEBUG org.asynchttpclient.netty.handler.WebSocketHandler - 

Request DefaultFullHttpRequest(decodeResult: success, version: HTTP/1.1, content: EmptyByteBufBE)
GET /devtools/browser/09a9ce10-5565-47cd-b51a-1031d775e008 HTTP/1.1
upgrade: websocket
connection: upgrade
sec-websocket-key: E9pV8LZkUMFYZKS0vpdXbg==
sec-websocket-version: 13
origin: http://localhost:58862
host: localhost:58862
accept: */*
user-agent: AHC/2.1

Response DefaultHttpResponse(decodeResult: success, version: HTTP/1.1)
HTTP/1.1 101 WebSocket Protocol Handshake
Upgrade: WebSocket
Connection: Upgrade
Sec-WebSocket-Accept: RFNxxOPyZxn8TAjHYSiqW6hy6Gs=

19:54:30.724 [Forwarding get on session 25b4bacb2236b3744b95e994d7263b9f to remote] DEBUG org.asynchttpclient.netty.request.NettyRequestSender - Using pooled Channel '[id: 0xa21b36e8, L:/127.0.0.1:58861 - R:localhost/127.0.0.1:30531]' for 'POST' to 'http://localhost:30531/session/25b4bacb2236b3744b95e994d7263b9f/url'
19:54:30.724 [Forwarding get on session 25b4bacb2236b3744b95e994d7263b9f to remote] DEBUG org.asynchttpclient.netty.request.NettyRequestSender - Using open Channel [id: 0xa21b36e8, L:/127.0.0.1:58861 - R:localhost/127.0.0.1:30531] for POST '/session/25b4bacb2236b3744b95e994d7263b9f/url'
19:54:30.815 [AsyncHttpClient-1-1] DEBUG org.asynchttpclient.netty.channel.DefaultChannelPool - Entry count for : http://localhost:58862 : 1
19:54:31.615 [AsyncHttpClient-1-14] DEBUG org.asynchttpclient.netty.handler.HttpHandler - 

Request DefaultHttpRequest(decodeResult: success, version: HTTP/1.1)
POST /session/25b4bacb2236b3744b95e994d7263b9f/url HTTP/1.1
User-Agent: selenium/4.7.1 (java windows)
Content-Length: 59
Content-Type: application/json; charset=utf-8
host: localhost:30531
accept: */*

Response DefaultHttpResponse(decodeResult: success, version: HTTP/1.1)
HTTP/1.1 200 OK
Content-Type: application/json; charset=utf-8
cache-control: no-cache
content-length: 14

19:54:31.615 [AsyncHttpClient-1-14] DEBUG org.asynchttpclient.netty.channel.ChannelManager - Adding key: http://localhost:30531 for channel [id: 0xa21b36e8, L:/127.0.0.1:58861 - R:localhost/127.0.0.1:30531]
19:54:31.618 [Forwarding setTimeout on session 25b4bacb2236b3744b95e994d7263b9f to remote] DEBUG org.asynchttpclient.netty.request.NettyRequestSender - Using pooled Channel '[id: 0xa21b36e8, L:/127.0.0.1:58861 - R:localhost/127.0.0.1:30531]' for 'POST' to 'http://localhost:30531/session/25b4bacb2236b3744b95e994d7263b9f/timeouts'
19:54:31.619 [Forwarding setTimeout on session 25b4bacb2236b3744b95e994d7263b9f to remote] DEBUG org.asynchttpclient.netty.request.NettyRequestSender - Using open Channel [id: 0xa21b36e8, L:/127.0.0.1:58861 - R:localhost/127.0.0.1:30531] for POST '/session/25b4bacb2236b3744b95e994d7263b9f/timeouts'
19:54:31.622 [AsyncHttpClient-1-14] DEBUG org.asynchttpclient.netty.handler.HttpHandler - 

Request DefaultHttpRequest(decodeResult: success, version: HTTP/1.1)
POST /session/25b4bacb2236b3744b95e994d7263b9f/timeouts HTTP/1.1
User-Agent: selenium/4.7.1 (java windows)
Content-Length: 22
Content-Type: application/json; charset=utf-8
host: localhost:30531
accept: */*

Response DefaultHttpResponse(decodeResult: success, version: HTTP/1.1)
HTTP/1.1 200 OK
Content-Type: application/json; charset=utf-8
cache-control: no-cache
content-length: 14

19:54:31.622 [AsyncHttpClient-1-14] DEBUG org.asynchttpclient.netty.channel.ChannelManager - Adding key: http://localhost:30531 for channel [id: 0xa21b36e8, L:/127.0.0.1:58861 - R:localhost/127.0.0.1:30531]
19:54:31.628 [Forwarding getCurrentUrl on session 25b4bacb2236b3744b95e994d7263b9f to remote] DEBUG org.asynchttpclient.netty.request.NettyRequestSender - Using pooled Channel '[id: 0xa21b36e8, L:/127.0.0.1:58861 - R:localhost/127.0.0.1:30531]' for 'GET' to 'http://localhost:30531/session/25b4bacb2236b3744b95e994d7263b9f/url'
19:54:31.628 [Forwarding getCurrentUrl on session 25b4bacb2236b3744b95e994d7263b9f to remote] DEBUG org.asynchttpclient.netty.request.NettyRequestSender - Using open Channel [id: 0xa21b36e8, L:/127.0.0.1:58861 - R:localhost/127.0.0.1:30531] for GET '/session/25b4bacb2236b3744b95e994d7263b9f/url'
19:54:31.911 [AsyncHttpClient-1-1] DEBUG org.asynchttpclient.netty.channel.DefaultChannelPool - Entry count for : http://localhost:58862 : 1
19:54:32.357 [AsyncHttpClient-1-14] DEBUG org.asynchttpclient.netty.handler.HttpHandler - 

Request DefaultFullHttpRequest(decodeResult: success, version: HTTP/1.1, content: EmptyByteBufBE)
GET /session/25b4bacb2236b3744b95e994d7263b9f/url HTTP/1.1
User-Agent: selenium/4.7.1 (java windows)
Cache-Control: no-cache
Content-Type: application/json; charset=utf-8
host: localhost:30531
accept: */*

Response DefaultHttpResponse(decodeResult: success, version: HTTP/1.1)
HTTP/1.1 200 OK
Content-Type: application/json; charset=utf-8
cache-control: no-cache
content-length: 41

19:54:32.357 [AsyncHttpClient-1-14] DEBUG org.asynchttpclient.netty.channel.ChannelManager - Adding key: http://localhost:30531 for channel [id: 0xa21b36e8, L:/127.0.0.1:58861 - R:localhost/127.0.0.1:30531]
19:54:32.361 [Forwarding getCurrentUrl on session 25b4bacb2236b3744b95e994d7263b9f to remote] DEBUG org.asynchttpclient.netty.request.NettyRequestSender - Using pooled Channel '[id: 0xa21b36e8, L:/127.0.0.1:58861 - R:localhost/127.0.0.1:30531]' for 'GET' to 'http://localhost:30531/session/25b4bacb2236b3744b95e994d7263b9f/url'
19:54:32.361 [Forwarding getCurrentUrl on session 25b4bacb2236b3744b95e994d7263b9f to remote] DEBUG org.asynchttpclient.netty.request.NettyRequestSender - Using open Channel [id: 0xa21b36e8, L:/127.0.0.1:58861 - R:localhost/127.0.0.1:30531] for GET '/session/25b4bacb2236b3744b95e994d7263b9f/url'
19:54:32.367 [AsyncHttpClient-1-14] DEBUG org.asynchttpclient.netty.handler.HttpHandler - 

Request DefaultFullHttpRequest(decodeResult: success, version: HTTP/1.1, content: EmptyByteBufBE)
GET /session/25b4bacb2236b3744b95e994d7263b9f/url HTTP/1.1
User-Agent: selenium/4.7.1 (java windows)
Cache-Control: no-cache
Content-Type: application/json; charset=utf-8
host: localhost:30531
accept: */*

Response DefaultHttpResponse(decodeResult: success, version: HTTP/1.1)
HTTP/1.1 200 OK
Content-Type: application/json; charset=utf-8
cache-control: no-cache
content-length: 41

19:54:32.367 [AsyncHttpClient-1-14] DEBUG org.asynchttpclient.netty.channel.ChannelManager - Adding key: http://localhost:30531 for channel [id: 0xa21b36e8, L:/127.0.0.1:58861 - R:localhost/127.0.0.1:30531]
19:54:32.371 [Forwarding findElement on session 25b4bacb2236b3744b95e994d7263b9f to remote] DEBUG org.asynchttpclient.netty.request.NettyRequestSender - Using pooled Channel '[id: 0xa21b36e8, L:/127.0.0.1:58861 - R:localhost/127.0.0.1:30531]' for 'POST' to 'http://localhost:30531/session/25b4bacb2236b3744b95e994d7263b9f/element'
19:54:32.371 [Forwarding findElement on session 25b4bacb2236b3744b95e994d7263b9f to remote] DEBUG org.asynchttpclient.netty.request.NettyRequestSender - Using open Channel [id: 0xa21b36e8, L:/127.0.0.1:58861 - R:localhost/127.0.0.1:30531] for POST '/session/25b4bacb2236b3744b95e994d7263b9f/element'
19:54:32.385 [AsyncHttpClient-1-14] DEBUG org.asynchttpclient.netty.handler.HttpHandler - 

Request DefaultHttpRequest(decodeResult: success, version: HTTP/1.1)
POST /session/25b4bacb2236b3744b95e994d7263b9f/element HTTP/1.1
User-Agent: selenium/4.7.1 (java windows)
Content-Length: 108
Content-Type: application/json; charset=utf-8
host: localhost:30531
accept: */*

Response DefaultHttpResponse(decodeResult: success, version: HTTP/1.1)
HTTP/1.1 200 OK
Content-Type: application/json; charset=utf-8
cache-control: no-cache
content-length: 88

19:54:32.385 [AsyncHttpClient-1-14] DEBUG org.asynchttpclient.netty.channel.ChannelManager - Adding key: http://localhost:30531 for channel [id: 0xa21b36e8, L:/127.0.0.1:58861 - R:localhost/127.0.0.1:30531]
19:54:32.388 [Forwarding isElementDisplayed on session 25b4bacb2236b3744b95e994d7263b9f to remote] DEBUG org.asynchttpclient.netty.request.NettyRequestSender - Using pooled Channel '[id: 0xa21b36e8, L:/127.0.0.1:58861 - R:localhost/127.0.0.1:30531]' for 'POST' to 'http://localhost:30531/session/25b4bacb2236b3744b95e994d7263b9f/execute/sync'
19:54:32.388 [Forwarding isElementDisplayed on session 25b4bacb2236b3744b95e994d7263b9f to remote] DEBUG org.asynchttpclient.netty.request.NettyRequestSender - Using open Channel [id: 0xa21b36e8, L:/127.0.0.1:58861 - R:localhost/127.0.0.1:30531] for POST '/session/25b4bacb2236b3744b95e994d7263b9f/execute/sync'
19:54:32.411 [AsyncHttpClient-1-14] DEBUG org.asynchttpclient.netty.handler.HttpHandler - 

Request DefaultHttpRequest(decodeResult: success, version: HTTP/1.1)
POST /session/25b4bacb2236b3744b95e994d7263b9f/execute/sync HTTP/1.1
User-Agent: selenium/4.7.1 (java windows)
Content-Length: 48780
Content-Type: application/json; charset=utf-8
host: localhost:30531
accept: */*

Response DefaultHttpResponse(decodeResult: success, version: HTTP/1.1)
HTTP/1.1 200 OK
Content-Type: application/json; charset=utf-8
cache-control: no-cache
content-length: 14

19:54:32.412 [AsyncHttpClient-1-14] DEBUG org.asynchttpclient.netty.channel.ChannelManager - Adding key: http://localhost:30531 for channel [id: 0xa21b36e8, L:/127.0.0.1:58861 - R:localhost/127.0.0.1:30531]
19:54:32.415 [Forwarding isElementDisplayed on session 25b4bacb2236b3744b95e994d7263b9f to remote] DEBUG org.asynchttpclient.netty.request.NettyRequestSender - Using pooled Channel '[id: 0xa21b36e8, L:/127.0.0.1:58861 - R:localhost/127.0.0.1:30531]' for 'POST' to 'http://localhost:30531/session/25b4bacb2236b3744b95e994d7263b9f/execute/sync'
19:54:32.415 [Forwarding isElementDisplayed on session 25b4bacb2236b3744b95e994d7263b9f to remote] DEBUG org.asynchttpclient.netty.request.NettyRequestSender - Using open Channel [id: 0xa21b36e8, L:/127.0.0.1:58861 - R:localhost/127.0.0.1:30531] for POST '/session/25b4bacb2236b3744b95e994d7263b9f/execute/sync'
19:54:32.434 [AsyncHttpClient-1-14] DEBUG org.asynchttpclient.netty.handler.HttpHandler - 

Request DefaultHttpRequest(decodeResult: success, version: HTTP/1.1)
POST /session/25b4bacb2236b3744b95e994d7263b9f/execute/sync HTTP/1.1
User-Agent: selenium/4.7.1 (java windows)
Content-Length: 48780
Content-Type: application/json; charset=utf-8
host: localhost:30531
accept: */*

Response DefaultHttpResponse(decodeResult: success, version: HTTP/1.1)
HTTP/1.1 200 OK
Content-Type: application/json; charset=utf-8
cache-control: no-cache
content-length: 14

19:54:32.434 [AsyncHttpClient-1-14] DEBUG org.asynchttpclient.netty.channel.ChannelManager - Adding key: http://localhost:30531 for channel [id: 0xa21b36e8, L:/127.0.0.1:58861 - R:localhost/127.0.0.1:30531]
19:54:32.439 [Forwarding getCurrentWindowHandle on session 25b4bacb2236b3744b95e994d7263b9f to remote] DEBUG org.asynchttpclient.netty.request.NettyRequestSender - Using pooled Channel '[id: 0xa21b36e8, L:/127.0.0.1:58861 - R:localhost/127.0.0.1:30531]' for 'GET' to 'http://localhost:30531/session/25b4bacb2236b3744b95e994d7263b9f/window'
19:54:32.439 [Forwarding getCurrentWindowHandle on session 25b4bacb2236b3744b95e994d7263b9f to remote] DEBUG org.asynchttpclient.netty.request.NettyRequestSender - Using open Channel [id: 0xa21b36e8, L:/127.0.0.1:58861 - R:localhost/127.0.0.1:30531] for GET '/session/25b4bacb2236b3744b95e994d7263b9f/window'
19:54:32.440 [AsyncHttpClient-1-14] DEBUG org.asynchttpclient.netty.handler.HttpHandler - 

Request DefaultFullHttpRequest(decodeResult: success, version: HTTP/1.1, content: EmptyByteBufBE)
GET /session/25b4bacb2236b3744b95e994d7263b9f/window HTTP/1.1
User-Agent: selenium/4.7.1 (java windows)
Cache-Control: no-cache
Content-Type: application/json; charset=utf-8
host: localhost:30531
accept: */*

Response DefaultHttpResponse(decodeResult: success, version: HTTP/1.1)
HTTP/1.1 200 OK
Content-Type: application/json; charset=utf-8
cache-control: no-cache
content-length: 44

19:54:32.440 [AsyncHttpClient-1-14] DEBUG org.asynchttpclient.netty.channel.ChannelManager - Adding key: http://localhost:30531 for channel [id: 0xa21b36e8, L:/127.0.0.1:58861 - R:localhost/127.0.0.1:30531]
19:54:32.441 [Forwarding getAlertText on session 25b4bacb2236b3744b95e994d7263b9f to remote] DEBUG org.asynchttpclient.netty.request.NettyRequestSender - Using pooled Channel '[id: 0xa21b36e8, L:/127.0.0.1:58861 - R:localhost/127.0.0.1:30531]' for 'GET' to 'http://localhost:30531/session/25b4bacb2236b3744b95e994d7263b9f/alert/text'
19:54:32.441 [Forwarding getAlertText on session 25b4bacb2236b3744b95e994d7263b9f to remote] DEBUG org.asynchttpclient.netty.request.NettyRequestSender - Using open Channel [id: 0xa21b36e8, L:/127.0.0.1:58861 - R:localhost/127.0.0.1:30531] for GET '/session/25b4bacb2236b3744b95e994d7263b9f/alert/text'
19:54:32.443 [AsyncHttpClient-1-14] DEBUG org.asynchttpclient.netty.handler.HttpHandler - 

Request DefaultFullHttpRequest(decodeResult: success, version: HTTP/1.1, content: EmptyByteBufBE)
GET /session/25b4bacb2236b3744b95e994d7263b9f/alert/text HTTP/1.1
User-Agent: selenium/4.7.1 (java windows)
Cache-Control: no-cache
Content-Type: application/json; charset=utf-8
host: localhost:30531
accept: */*

Response DefaultHttpResponse(decodeResult: success, version: HTTP/1.1)
HTTP/1.1 404 Not Found
Content-Type: application/json; charset=utf-8
cache-control: no-cache
content-length: 821

19:54:32.443 [AsyncHttpClient-1-14] DEBUG org.asynchttpclient.netty.channel.ChannelManager - Adding key: http://localhost:30531 for channel [id: 0xa21b36e8, L:/127.0.0.1:58861 - R:localhost/127.0.0.1:30531]
19:54:32.444 [Forwarding switchToWindow on session 25b4bacb2236b3744b95e994d7263b9f to remote] DEBUG org.asynchttpclient.netty.request.NettyRequestSender - Using pooled Channel '[id: 0xa21b36e8, L:/127.0.0.1:58861 - R:localhost/127.0.0.1:30531]' for 'POST' to 'http://localhost:30531/session/25b4bacb2236b3744b95e994d7263b9f/window'
19:54:32.444 [Forwarding switchToWindow on session 25b4bacb2236b3744b95e994d7263b9f to remote] DEBUG org.asynchttpclient.netty.request.NettyRequestSender - Using open Channel [id: 0xa21b36e8, L:/127.0.0.1:58861 - R:localhost/127.0.0.1:30531] for POST '/session/25b4bacb2236b3744b95e994d7263b9f/window'
19:54:32.444 [AsyncHttpClient-1-14] DEBUG org.asynchttpclient.netty.handler.HttpHandler - 

Request DefaultHttpRequest(decodeResult: success, version: HTTP/1.1)
POST /session/25b4bacb2236b3744b95e994d7263b9f/window HTTP/1.1
User-Agent: selenium/4.7.1 (java windows)
Content-Length: 50
Content-Type: application/json; charset=utf-8
host: localhost:30531
accept: */*

Response DefaultHttpResponse(decodeResult: success, version: HTTP/1.1)
HTTP/1.1 200 OK
Content-Type: application/json; charset=utf-8
cache-control: no-cache
content-length: 14

19:54:32.444 [AsyncHttpClient-1-14] DEBUG org.asynchttpclient.netty.channel.ChannelManager - Adding key: http://localhost:30531 for channel [id: 0xa21b36e8, L:/127.0.0.1:58861 - R:localhost/127.0.0.1:30531]
19:54:32.444 [Forwarding getCurrentUrl on session 25b4bacb2236b3744b95e994d7263b9f to remote] DEBUG org.asynchttpclient.netty.request.NettyRequestSender - Using pooled Channel '[id: 0xa21b36e8, L:/127.0.0.1:58861 - R:localhost/127.0.0.1:30531]' for 'GET' to 'http://localhost:30531/session/25b4bacb2236b3744b95e994d7263b9f/url'
19:54:32.444 [Forwarding getCurrentUrl on session 25b4bacb2236b3744b95e994d7263b9f to remote] DEBUG org.asynchttpclient.netty.request.NettyRequestSender - Using open Channel [id: 0xa21b36e8, L:/127.0.0.1:58861 - R:localhost/127.0.0.1:30531] for GET '/session/25b4bacb2236b3744b95e994d7263b9f/url'
19:54:32.444 [AsyncHttpClient-1-14] DEBUG org.asynchttpclient.netty.handler.HttpHandler - 

Request DefaultFullHttpRequest(decodeResult: success, version: HTTP/1.1, content: EmptyByteBufBE)
GET /session/25b4bacb2236b3744b95e994d7263b9f/url HTTP/1.1
User-Agent: selenium/4.7.1 (java windows)
Cache-Control: no-cache
Content-Type: application/json; charset=utf-8
host: localhost:30531
accept: */*

Response DefaultHttpResponse(decodeResult: success, version: HTTP/1.1)
HTTP/1.1 200 OK
Content-Type: application/json; charset=utf-8
cache-control: no-cache
content-length: 41

19:54:32.444 [AsyncHttpClient-1-14] DEBUG org.asynchttpclient.netty.channel.ChannelManager - Adding key: http://localhost:30531 for channel [id: 0xa21b36e8, L:/127.0.0.1:58861 - R:localhost/127.0.0.1:30531]
19:54:32.444 [Forwarding screenshot on session 25b4bacb2236b3744b95e994d7263b9f to remote] DEBUG org.asynchttpclient.netty.request.NettyRequestSender - Using pooled Channel '[id: 0xa21b36e8, L:/127.0.0.1:58861 - R:localhost/127.0.0.1:30531]' for 'GET' to 'http://localhost:30531/session/25b4bacb2236b3744b95e994d7263b9f/screenshot'
19:54:32.444 [Forwarding screenshot on session 25b4bacb2236b3744b95e994d7263b9f to remote] DEBUG org.asynchttpclient.netty.request.NettyRequestSender - Using open Channel [id: 0xa21b36e8, L:/127.0.0.1:58861 - R:localhost/127.0.0.1:30531] for GET '/session/25b4bacb2236b3744b95e994d7263b9f/screenshot'
19:54:32.511 [AsyncHttpClient-1-14] DEBUG org.asynchttpclient.netty.handler.HttpHandler - 

Request DefaultFullHttpRequest(decodeResult: success, version: HTTP/1.1, content: EmptyByteBufBE)
GET /session/25b4bacb2236b3744b95e994d7263b9f/screenshot HTTP/1.1
User-Agent: selenium/4.7.1 (java windows)
Cache-Control: no-cache
Content-Type: application/json; charset=utf-8
host: localhost:30531
accept: */*

Response DefaultHttpResponse(decodeResult: success, version: HTTP/1.1)
HTTP/1.1 200 OK
Content-Type: application/json; charset=utf-8
cache-control: no-cache
content-length: 95224

19:54:32.511 [AsyncHttpClient-1-14] DEBUG org.asynchttpclient.netty.channel.ChannelManager - Adding key: http://localhost:30531 for channel [id: 0xa21b36e8, L:/127.0.0.1:58861 - R:localhost/127.0.0.1:30531]
19:54:32.511 [main] DEBUG net.serenitybdd.core.photography.Darkroom - Send negative for processing for target\site\serenity\a9beb815630c09d22211b3d676a87fcd2940b70b1df8345cbcf716cff5f9fa8c.png
19:54:32.511 [main] DEBUG net.thucydides.core.steps.StepInterceptor - STEP DONE: diHomepageAltaShop
19:54:32.527 [main] DEBUG net.thucydides.core.steps.StepInterceptor - STARTING STEP: TransaksiSteps.userBeradaDiHomepageAltaShopDanLoginAkun - klikButtonLogin
19:54:32.527 [Forwarding findElement on session 25b4bacb2236b3744b95e994d7263b9f to remote] DEBUG org.asynchttpclient.netty.request.NettyRequestSender - Using pooled Channel '[id: 0xa21b36e8, L:/127.0.0.1:58861 - R:localhost/127.0.0.1:30531]' for 'POST' to 'http://localhost:30531/session/25b4bacb2236b3744b95e994d7263b9f/element'
19:54:32.527 [Forwarding findElement on session 25b4bacb2236b3744b95e994d7263b9f to remote] DEBUG org.asynchttpclient.netty.request.NettyRequestSender - Using open Channel [id: 0xa21b36e8, L:/127.0.0.1:58861 - R:localhost/127.0.0.1:30531] for POST '/session/25b4bacb2236b3744b95e994d7263b9f/element'
19:54:32.543 [AsyncHttpClient-1-14] DEBUG org.asynchttpclient.netty.handler.HttpHandler - 

Request DefaultHttpRequest(decodeResult: success, version: HTTP/1.1)
POST /session/25b4bacb2236b3744b95e994d7263b9f/element HTTP/1.1
User-Agent: selenium/4.7.1 (java windows)
Content-Length: 108
Content-Type: application/json; charset=utf-8
host: localhost:30531
accept: */*

Response DefaultHttpResponse(decodeResult: success, version: HTTP/1.1)
HTTP/1.1 200 OK
Content-Type: application/json; charset=utf-8
cache-control: no-cache
content-length: 88

19:54:32.543 [AsyncHttpClient-1-14] DEBUG org.asynchttpclient.netty.channel.ChannelManager - Adding key: http://localhost:30531 for channel [id: 0xa21b36e8, L:/127.0.0.1:58861 - R:localhost/127.0.0.1:30531]
19:54:32.543 [Forwarding getElementTagName on session 25b4bacb2236b3744b95e994d7263b9f to remote] DEBUG org.asynchttpclient.netty.request.NettyRequestSender - Using pooled Channel '[id: 0xa21b36e8, L:/127.0.0.1:58861 - R:localhost/127.0.0.1:30531]' for 'GET' to 'http://localhost:30531/session/25b4bacb2236b3744b95e994d7263b9f/element/86651973-bfe8-47c6-ac9c-e59fa0e710df/name'
19:54:32.543 [Forwarding getElementTagName on session 25b4bacb2236b3744b95e994d7263b9f to remote] DEBUG org.asynchttpclient.netty.request.NettyRequestSender - Using open Channel [id: 0xa21b36e8, L:/127.0.0.1:58861 - R:localhost/127.0.0.1:30531] for GET '/session/25b4bacb2236b3744b95e994d7263b9f/element/86651973-bfe8-47c6-ac9c-e59fa0e710df/name'
19:54:32.543 [AsyncHttpClient-1-14] DEBUG org.asynchttpclient.netty.handler.HttpHandler - 

Request DefaultFullHttpRequest(decodeResult: success, version: HTTP/1.1, content: EmptyByteBufBE)
GET /session/25b4bacb2236b3744b95e994d7263b9f/element/86651973-bfe8-47c6-ac9c-e59fa0e710df/name HTTP/1.1
User-Agent: selenium/4.7.1 (java windows)
Cache-Control: no-cache
Content-Type: application/json; charset=utf-8
host: localhost:30531
accept: */*

Response DefaultHttpResponse(decodeResult: success, version: HTTP/1.1)
HTTP/1.1 200 OK
Content-Type: application/json; charset=utf-8
cache-control: no-cache
content-length: 18

19:54:32.543 [AsyncHttpClient-1-14] DEBUG org.asynchttpclient.netty.channel.ChannelManager - Adding key: http://localhost:30531 for channel [id: 0xa21b36e8, L:/127.0.0.1:58861 - R:localhost/127.0.0.1:30531]
19:54:32.543 [Forwarding getElementTagName on session 25b4bacb2236b3744b95e994d7263b9f to remote] DEBUG org.asynchttpclient.netty.request.NettyRequestSender - Using pooled Channel '[id: 0xa21b36e8, L:/127.0.0.1:58861 - R:localhost/127.0.0.1:30531]' for 'GET' to 'http://localhost:30531/session/25b4bacb2236b3744b95e994d7263b9f/element/86651973-bfe8-47c6-ac9c-e59fa0e710df/name'
19:54:32.543 [Forwarding getElementTagName on session 25b4bacb2236b3744b95e994d7263b9f to remote] DEBUG org.asynchttpclient.netty.request.NettyRequestSender - Using open Channel [id: 0xa21b36e8, L:/127.0.0.1:58861 - R:localhost/127.0.0.1:30531] for GET '/session/25b4bacb2236b3744b95e994d7263b9f/element/86651973-bfe8-47c6-ac9c-e59fa0e710df/name'
19:54:32.553 [AsyncHttpClient-1-14] DEBUG org.asynchttpclient.netty.handler.HttpHandler - 

Request DefaultFullHttpRequest(decodeResult: success, version: HTTP/1.1, content: EmptyByteBufBE)
GET /session/25b4bacb2236b3744b95e994d7263b9f/element/86651973-bfe8-47c6-ac9c-e59fa0e710df/name HTTP/1.1
User-Agent: selenium/4.7.1 (java windows)
Cache-Control: no-cache
Content-Type: application/json; charset=utf-8
host: localhost:30531
accept: */*

Response DefaultHttpResponse(decodeResult: success, version: HTTP/1.1)
HTTP/1.1 200 OK
Content-Type: application/json; charset=utf-8
cache-control: no-cache
content-length: 18

19:54:32.553 [AsyncHttpClient-1-14] DEBUG org.asynchttpclient.netty.channel.ChannelManager - Adding key: http://localhost:30531 for channel [id: 0xa21b36e8, L:/127.0.0.1:58861 - R:localhost/127.0.0.1:30531]
19:54:32.555 [Forwarding isElementEnabled on session 25b4bacb2236b3744b95e994d7263b9f to remote] DEBUG org.asynchttpclient.netty.request.NettyRequestSender - Using pooled Channel '[id: 0xa21b36e8, L:/127.0.0.1:58861 - R:localhost/127.0.0.1:30531]' for 'GET' to 'http://localhost:30531/session/25b4bacb2236b3744b95e994d7263b9f/element/86651973-bfe8-47c6-ac9c-e59fa0e710df/enabled'
19:54:32.555 [Forwarding isElementEnabled on session 25b4bacb2236b3744b95e994d7263b9f to remote] DEBUG org.asynchttpclient.netty.request.NettyRequestSender - Using open Channel [id: 0xa21b36e8, L:/127.0.0.1:58861 - R:localhost/127.0.0.1:30531] for GET '/session/25b4bacb2236b3744b95e994d7263b9f/element/86651973-bfe8-47c6-ac9c-e59fa0e710df/enabled'
19:54:32.564 [AsyncHttpClient-1-14] DEBUG org.asynchttpclient.netty.handler.HttpHandler - 

Request DefaultFullHttpRequest(decodeResult: success, version: HTTP/1.1, content: EmptyByteBufBE)
GET /session/25b4bacb2236b3744b95e994d7263b9f/element/86651973-bfe8-47c6-ac9c-e59fa0e710df/enabled HTTP/1.1
User-Agent: selenium/4.7.1 (java windows)
Cache-Control: no-cache
Content-Type: application/json; charset=utf-8
host: localhost:30531
accept: */*

Response DefaultHttpResponse(decodeResult: success, version: HTTP/1.1)
HTTP/1.1 200 OK
Content-Type: application/json; charset=utf-8
cache-control: no-cache
content-length: 14

19:54:32.565 [AsyncHttpClient-1-14] DEBUG org.asynchttpclient.netty.channel.ChannelManager - Adding key: http://localhost:30531 for channel [id: 0xa21b36e8, L:/127.0.0.1:58861 - R:localhost/127.0.0.1:30531]
19:54:32.566 [Forwarding isElementEnabled on session 25b4bacb2236b3744b95e994d7263b9f to remote] DEBUG org.asynchttpclient.netty.request.NettyRequestSender - Using pooled Channel '[id: 0xa21b36e8, L:/127.0.0.1:58861 - R:localhost/127.0.0.1:30531]' for 'GET' to 'http://localhost:30531/session/25b4bacb2236b3744b95e994d7263b9f/element/86651973-bfe8-47c6-ac9c-e59fa0e710df/enabled'
19:54:32.566 [Forwarding isElementEnabled on session 25b4bacb2236b3744b95e994d7263b9f to remote] DEBUG org.asynchttpclient.netty.request.NettyRequestSender - Using open Channel [id: 0xa21b36e8, L:/127.0.0.1:58861 - R:localhost/127.0.0.1:30531] for GET '/session/25b4bacb2236b3744b95e994d7263b9f/element/86651973-bfe8-47c6-ac9c-e59fa0e710df/enabled'
19:54:32.571 [AsyncHttpClient-1-14] DEBUG org.asynchttpclient.netty.handler.HttpHandler - 

Request DefaultFullHttpRequest(decodeResult: success, version: HTTP/1.1, content: EmptyByteBufBE)
GET /session/25b4bacb2236b3744b95e994d7263b9f/element/86651973-bfe8-47c6-ac9c-e59fa0e710df/enabled HTTP/1.1
User-Agent: selenium/4.7.1 (java windows)
Cache-Control: no-cache
Content-Type: application/json; charset=utf-8
host: localhost:30531
accept: */*

Response DefaultHttpResponse(decodeResult: success, version: HTTP/1.1)
HTTP/1.1 200 OK
Content-Type: application/json; charset=utf-8
cache-control: no-cache
content-length: 14

19:54:32.572 [AsyncHttpClient-1-14] DEBUG org.asynchttpclient.netty.channel.ChannelManager - Adding key: http://localhost:30531 for channel [id: 0xa21b36e8, L:/127.0.0.1:58861 - R:localhost/127.0.0.1:30531]
19:54:32.575 [Forwarding findElement on session 25b4bacb2236b3744b95e994d7263b9f to remote] DEBUG org.asynchttpclient.netty.request.NettyRequestSender - Using pooled Channel '[id: 0xa21b36e8, L:/127.0.0.1:58861 - R:localhost/127.0.0.1:30531]' for 'POST' to 'http://localhost:30531/session/25b4bacb2236b3744b95e994d7263b9f/element'
19:54:32.575 [Forwarding findElement on session 25b4bacb2236b3744b95e994d7263b9f to remote] DEBUG org.asynchttpclient.netty.request.NettyRequestSender - Using open Channel [id: 0xa21b36e8, L:/127.0.0.1:58861 - R:localhost/127.0.0.1:30531] for POST '/session/25b4bacb2236b3744b95e994d7263b9f/element'
19:54:32.587 [AsyncHttpClient-1-14] DEBUG org.asynchttpclient.netty.handler.HttpHandler - 

Request DefaultHttpRequest(decodeResult: success, version: HTTP/1.1)
POST /session/25b4bacb2236b3744b95e994d7263b9f/element HTTP/1.1
User-Agent: selenium/4.7.1 (java windows)
Content-Length: 108
Content-Type: application/json; charset=utf-8
host: localhost:30531
accept: */*

Response DefaultHttpResponse(decodeResult: success, version: HTTP/1.1)
HTTP/1.1 200 OK
Content-Type: application/json; charset=utf-8
cache-control: no-cache
content-length: 88

19:54:32.587 [AsyncHttpClient-1-14] DEBUG org.asynchttpclient.netty.channel.ChannelManager - Adding key: http://localhost:30531 for channel [id: 0xa21b36e8, L:/127.0.0.1:58861 - R:localhost/127.0.0.1:30531]
19:54:32.589 [Forwarding clickElement on session 25b4bacb2236b3744b95e994d7263b9f to remote] DEBUG org.asynchttpclient.netty.request.NettyRequestSender - Using pooled Channel '[id: 0xa21b36e8, L:/127.0.0.1:58861 - R:localhost/127.0.0.1:30531]' for 'POST' to 'http://localhost:30531/session/25b4bacb2236b3744b95e994d7263b9f/element/86651973-bfe8-47c6-ac9c-e59fa0e710df/click'
19:54:32.589 [Forwarding clickElement on session 25b4bacb2236b3744b95e994d7263b9f to remote] DEBUG org.asynchttpclient.netty.request.NettyRequestSender - Using open Channel [id: 0xa21b36e8, L:/127.0.0.1:58861 - R:localhost/127.0.0.1:30531] for POST '/session/25b4bacb2236b3744b95e994d7263b9f/element/86651973-bfe8-47c6-ac9c-e59fa0e710df/click'
19:54:32.639 [AsyncHttpClient-1-14] DEBUG org.asynchttpclient.netty.handler.HttpHandler - 

Request DefaultHttpRequest(decodeResult: success, version: HTTP/1.1)
POST /session/25b4bacb2236b3744b95e994d7263b9f/element/86651973-bfe8-47c6-ac9c-e59fa0e710df/click HTTP/1.1
User-Agent: selenium/4.7.1 (java windows)
Content-Length: 50
Content-Type: application/json; charset=utf-8
host: localhost:30531
accept: */*

Response DefaultHttpResponse(decodeResult: success, version: HTTP/1.1)
HTTP/1.1 200 OK
Content-Type: application/json; charset=utf-8
cache-control: no-cache
content-length: 14

19:54:32.639 [AsyncHttpClient-1-14] DEBUG org.asynchttpclient.netty.channel.ChannelManager - Adding key: http://localhost:30531 for channel [id: 0xa21b36e8, L:/127.0.0.1:58861 - R:localhost/127.0.0.1:30531]
19:54:32.653 [Forwarding getCurrentWindowHandle on session 25b4bacb2236b3744b95e994d7263b9f to remote] DEBUG org.asynchttpclient.netty.request.NettyRequestSender - Using pooled Channel '[id: 0xa21b36e8, L:/127.0.0.1:58861 - R:localhost/127.0.0.1:30531]' for 'GET' to 'http://localhost:30531/session/25b4bacb2236b3744b95e994d7263b9f/window'
19:54:32.653 [Forwarding getCurrentWindowHandle on session 25b4bacb2236b3744b95e994d7263b9f to remote] DEBUG org.asynchttpclient.netty.request.NettyRequestSender - Using open Channel [id: 0xa21b36e8, L:/127.0.0.1:58861 - R:localhost/127.0.0.1:30531] for GET '/session/25b4bacb2236b3744b95e994d7263b9f/window'
19:54:32.654 [AsyncHttpClient-1-14] DEBUG org.asynchttpclient.netty.handler.HttpHandler - 

Request DefaultFullHttpRequest(decodeResult: success, version: HTTP/1.1, content: EmptyByteBufBE)
GET /session/25b4bacb2236b3744b95e994d7263b9f/window HTTP/1.1
User-Agent: selenium/4.7.1 (java windows)
Cache-Control: no-cache
Content-Type: application/json; charset=utf-8
host: localhost:30531
accept: */*

Response DefaultHttpResponse(decodeResult: success, version: HTTP/1.1)
HTTP/1.1 200 OK
Content-Type: application/json; charset=utf-8
cache-control: no-cache
content-length: 44

19:54:32.654 [AsyncHttpClient-1-14] DEBUG org.asynchttpclient.netty.channel.ChannelManager - Adding key: http://localhost:30531 for channel [id: 0xa21b36e8, L:/127.0.0.1:58861 - R:localhost/127.0.0.1:30531]
19:54:32.656 [Forwarding getAlertText on session 25b4bacb2236b3744b95e994d7263b9f to remote] DEBUG org.asynchttpclient.netty.request.NettyRequestSender - Using pooled Channel '[id: 0xa21b36e8, L:/127.0.0.1:58861 - R:localhost/127.0.0.1:30531]' for 'GET' to 'http://localhost:30531/session/25b4bacb2236b3744b95e994d7263b9f/alert/text'
19:54:32.656 [Forwarding getAlertText on session 25b4bacb2236b3744b95e994d7263b9f to remote] DEBUG org.asynchttpclient.netty.request.NettyRequestSender - Using open Channel [id: 0xa21b36e8, L:/127.0.0.1:58861 - R:localhost/127.0.0.1:30531] for GET '/session/25b4bacb2236b3744b95e994d7263b9f/alert/text'
19:54:32.707 [AsyncHttpClient-1-14] DEBUG org.asynchttpclient.netty.handler.HttpHandler - 

Request DefaultFullHttpRequest(decodeResult: success, version: HTTP/1.1, content: EmptyByteBufBE)
GET /session/25b4bacb2236b3744b95e994d7263b9f/alert/text HTTP/1.1
User-Agent: selenium/4.7.1 (java windows)
Cache-Control: no-cache
Content-Type: application/json; charset=utf-8
host: localhost:30531
accept: */*

Response DefaultHttpResponse(decodeResult: success, version: HTTP/1.1)
HTTP/1.1 404 Not Found
Content-Type: application/json; charset=utf-8
cache-control: no-cache
content-length: 821

19:54:32.707 [AsyncHttpClient-1-14] DEBUG org.asynchttpclient.netty.channel.ChannelManager - Adding key: http://localhost:30531 for channel [id: 0xa21b36e8, L:/127.0.0.1:58861 - R:localhost/127.0.0.1:30531]
19:54:32.709 [Forwarding switchToWindow on session 25b4bacb2236b3744b95e994d7263b9f to remote] DEBUG org.asynchttpclient.netty.request.NettyRequestSender - Using pooled Channel '[id: 0xa21b36e8, L:/127.0.0.1:58861 - R:localhost/127.0.0.1:30531]' for 'POST' to 'http://localhost:30531/session/25b4bacb2236b3744b95e994d7263b9f/window'
19:54:32.709 [Forwarding switchToWindow on session 25b4bacb2236b3744b95e994d7263b9f to remote] DEBUG org.asynchttpclient.netty.request.NettyRequestSender - Using open Channel [id: 0xa21b36e8, L:/127.0.0.1:58861 - R:localhost/127.0.0.1:30531] for POST '/session/25b4bacb2236b3744b95e994d7263b9f/window'
19:54:32.710 [AsyncHttpClient-1-14] DEBUG org.asynchttpclient.netty.handler.HttpHandler - 

Request DefaultHttpRequest(decodeResult: success, version: HTTP/1.1)
POST /session/25b4bacb2236b3744b95e994d7263b9f/window HTTP/1.1
User-Agent: selenium/4.7.1 (java windows)
Content-Length: 50
Content-Type: application/json; charset=utf-8
host: localhost:30531
accept: */*

Response DefaultHttpResponse(decodeResult: success, version: HTTP/1.1)
HTTP/1.1 200 OK
Content-Type: application/json; charset=utf-8
cache-control: no-cache
content-length: 14

19:54:32.710 [AsyncHttpClient-1-14] DEBUG org.asynchttpclient.netty.channel.ChannelManager - Adding key: http://localhost:30531 for channel [id: 0xa21b36e8, L:/127.0.0.1:58861 - R:localhost/127.0.0.1:30531]
19:54:32.713 [Forwarding getCurrentUrl on session 25b4bacb2236b3744b95e994d7263b9f to remote] DEBUG org.asynchttpclient.netty.request.NettyRequestSender - Using pooled Channel '[id: 0xa21b36e8, L:/127.0.0.1:58861 - R:localhost/127.0.0.1:30531]' for 'GET' to 'http://localhost:30531/session/25b4bacb2236b3744b95e994d7263b9f/url'
19:54:32.713 [Forwarding getCurrentUrl on session 25b4bacb2236b3744b95e994d7263b9f to remote] DEBUG org.asynchttpclient.netty.request.NettyRequestSender - Using open Channel [id: 0xa21b36e8, L:/127.0.0.1:58861 - R:localhost/127.0.0.1:30531] for GET '/session/25b4bacb2236b3744b95e994d7263b9f/url'
19:54:32.718 [AsyncHttpClient-1-14] DEBUG org.asynchttpclient.netty.handler.HttpHandler - 

Request DefaultFullHttpRequest(decodeResult: success, version: HTTP/1.1, content: EmptyByteBufBE)
GET /session/25b4bacb2236b3744b95e994d7263b9f/url HTTP/1.1
User-Agent: selenium/4.7.1 (java windows)
Cache-Control: no-cache
Content-Type: application/json; charset=utf-8
host: localhost:30531
accept: */*

Response DefaultHttpResponse(decodeResult: success, version: HTTP/1.1)
HTTP/1.1 200 OK
Content-Type: application/json; charset=utf-8
cache-control: no-cache
content-length: 51

19:54:32.719 [AsyncHttpClient-1-14] DEBUG org.asynchttpclient.netty.channel.ChannelManager - Adding key: http://localhost:30531 for channel [id: 0xa21b36e8, L:/127.0.0.1:58861 - R:localhost/127.0.0.1:30531]
19:54:32.719 [Forwarding screenshot on session 25b4bacb2236b3744b95e994d7263b9f to remote] DEBUG org.asynchttpclient.netty.request.NettyRequestSender - Using pooled Channel '[id: 0xa21b36e8, L:/127.0.0.1:58861 - R:localhost/127.0.0.1:30531]' for 'GET' to 'http://localhost:30531/session/25b4bacb2236b3744b95e994d7263b9f/screenshot'
19:54:32.720 [Forwarding screenshot on session 25b4bacb2236b3744b95e994d7263b9f to remote] DEBUG org.asynchttpclient.netty.request.NettyRequestSender - Using open Channel [id: 0xa21b36e8, L:/127.0.0.1:58861 - R:localhost/127.0.0.1:30531] for GET '/session/25b4bacb2236b3744b95e994d7263b9f/screenshot'
19:54:32.822 [AsyncHttpClient-1-14] DEBUG org.asynchttpclient.netty.handler.HttpHandler - 

Request DefaultFullHttpRequest(decodeResult: success, version: HTTP/1.1, content: EmptyByteBufBE)
GET /session/25b4bacb2236b3744b95e994d7263b9f/screenshot HTTP/1.1
User-Agent: selenium/4.7.1 (java windows)
Cache-Control: no-cache
Content-Type: application/json; charset=utf-8
host: localhost:30531
accept: */*

Response DefaultHttpResponse(decodeResult: success, version: HTTP/1.1)
HTTP/1.1 200 OK
Content-Type: application/json; charset=utf-8
cache-control: no-cache
content-length: 26116

19:54:32.823 [AsyncHttpClient-1-14] DEBUG org.asynchttpclient.netty.channel.ChannelManager - Adding key: http://localhost:30531 for channel [id: 0xa21b36e8, L:/127.0.0.1:58861 - R:localhost/127.0.0.1:30531]
19:54:32.825 [main] DEBUG net.serenitybdd.core.photography.Darkroom - Send negative for processing for target\site\serenity\17a9b899360af105d33287d6f9df6fa3ebacafacb92cc82f7840ff345c6bc1bb.png
19:54:32.825 [main] DEBUG net.thucydides.core.steps.StepInterceptor - STEP DONE: klikButtonLogin
19:54:32.825 [Darkroom Processing Line] DEBUG net.serenitybdd.core.photography.DarkroomProcessingLine - Processing screenshot image in /var/screenshots/screenshot-1097395029638461929
19:54:32.825 [Darkroom Processing Line] DEBUG net.serenitybdd.core.photography.DarkroomProcessingLine - Saving screenshot to target\site\serenity\17a9b899360af105d33287d6f9df6fa3ebacafacb92cc82f7840ff345c6bc1bb.png
19:54:32.831 [main] DEBUG net.thucydides.core.steps.StepInterceptor - STARTING STEP: TransaksiSteps.userBeradaDiHomepageAltaShopDanLoginAkun - inputEmail
19:54:32.834 [Forwarding findElement on session 25b4bacb2236b3744b95e994d7263b9f to remote] DEBUG org.asynchttpclient.netty.request.NettyRequestSender - Using pooled Channel '[id: 0xa21b36e8, L:/127.0.0.1:58861 - R:localhost/127.0.0.1:30531]' for 'POST' to 'http://localhost:30531/session/25b4bacb2236b3744b95e994d7263b9f/element'
19:54:32.834 [Forwarding findElement on session 25b4bacb2236b3744b95e994d7263b9f to remote] DEBUG org.asynchttpclient.netty.request.NettyRequestSender - Using open Channel [id: 0xa21b36e8, L:/127.0.0.1:58861 - R:localhost/127.0.0.1:30531] for POST '/session/25b4bacb2236b3744b95e994d7263b9f/element'
19:54:32.849 [AsyncHttpClient-1-14] DEBUG org.asynchttpclient.netty.handler.HttpHandler - 

Request DefaultHttpRequest(decodeResult: success, version: HTTP/1.1)
POST /session/25b4bacb2236b3744b95e994d7263b9f/element HTTP/1.1
User-Agent: selenium/4.7.1 (java windows)
Content-Length: 187
Content-Type: application/json; charset=utf-8
host: localhost:30531
accept: */*

Response DefaultHttpResponse(decodeResult: success, version: HTTP/1.1)
HTTP/1.1 200 OK
Content-Type: application/json; charset=utf-8
cache-control: no-cache
content-length: 88

19:54:32.850 [AsyncHttpClient-1-14] DEBUG org.asynchttpclient.netty.channel.ChannelManager - Adding key: http://localhost:30531 for channel [id: 0xa21b36e8, L:/127.0.0.1:58861 - R:localhost/127.0.0.1:30531]
19:54:32.851 [Forwarding clearElement on session 25b4bacb2236b3744b95e994d7263b9f to remote] DEBUG org.asynchttpclient.netty.request.NettyRequestSender - Using pooled Channel '[id: 0xa21b36e8, L:/127.0.0.1:58861 - R:localhost/127.0.0.1:30531]' for 'POST' to 'http://localhost:30531/session/25b4bacb2236b3744b95e994d7263b9f/element/c191ca50-e650-4268-a06b-5fca3f92b987/clear'
19:54:32.851 [Forwarding clearElement on session 25b4bacb2236b3744b95e994d7263b9f to remote] DEBUG org.asynchttpclient.netty.request.NettyRequestSender - Using open Channel [id: 0xa21b36e8, L:/127.0.0.1:58861 - R:localhost/127.0.0.1:30531] for POST '/session/25b4bacb2236b3744b95e994d7263b9f/element/c191ca50-e650-4268-a06b-5fca3f92b987/clear'
19:54:32.884 [AsyncHttpClient-1-14] DEBUG org.asynchttpclient.netty.handler.HttpHandler - 

Request DefaultHttpRequest(decodeResult: success, version: HTTP/1.1)
POST /session/25b4bacb2236b3744b95e994d7263b9f/element/c191ca50-e650-4268-a06b-5fca3f92b987/clear HTTP/1.1
User-Agent: selenium/4.7.1 (java windows)
Content-Length: 50
Content-Type: application/json; charset=utf-8
host: localhost:30531
accept: */*

Response DefaultHttpResponse(decodeResult: success, version: HTTP/1.1)
HTTP/1.1 200 OK
Content-Type: application/json; charset=utf-8
cache-control: no-cache
content-length: 14

19:54:32.884 [AsyncHttpClient-1-14] DEBUG org.asynchttpclient.netty.channel.ChannelManager - Adding key: http://localhost:30531 for channel [id: 0xa21b36e8, L:/127.0.0.1:58861 - R:localhost/127.0.0.1:30531]
19:54:32.886 [Forwarding sendKeysToElement on session 25b4bacb2236b3744b95e994d7263b9f to remote] DEBUG org.asynchttpclient.netty.request.NettyRequestSender - Using pooled Channel '[id: 0xa21b36e8, L:/127.0.0.1:58861 - R:localhost/127.0.0.1:30531]' for 'POST' to 'http://localhost:30531/session/25b4bacb2236b3744b95e994d7263b9f/element/c191ca50-e650-4268-a06b-5fca3f92b987/value'
19:54:32.886 [Forwarding sendKeysToElement on session 25b4bacb2236b3744b95e994d7263b9f to remote] DEBUG org.asynchttpclient.netty.request.NettyRequestSender - Using open Channel [id: 0xa21b36e8, L:/127.0.0.1:58861 - R:localhost/127.0.0.1:30531] for POST '/session/25b4bacb2236b3744b95e994d7263b9f/element/c191ca50-e650-4268-a06b-5fca3f92b987/value'
19:54:32.979 [AsyncHttpClient-1-14] DEBUG org.asynchttpclient.netty.handler.HttpHandler - 

Request DefaultHttpRequest(decodeResult: success, version: HTTP/1.1)
POST /session/25b4bacb2236b3744b95e994d7263b9f/element/c191ca50-e650-4268-a06b-5fca3f92b987/value HTTP/1.1
User-Agent: selenium/4.7.1 (java windows)
Content-Length: 211
Content-Type: application/json; charset=utf-8
host: localhost:30531
accept: */*

Response DefaultHttpResponse(decodeResult: success, version: HTTP/1.1)
HTTP/1.1 200 OK
Content-Type: application/json; charset=utf-8
cache-control: no-cache
content-length: 14

19:54:32.979 [AsyncHttpClient-1-14] DEBUG org.asynchttpclient.netty.channel.ChannelManager - Adding key: http://localhost:30531 for channel [id: 0xa21b36e8, L:/127.0.0.1:58861 - R:localhost/127.0.0.1:30531]
19:54:32.985 [Forwarding getCurrentWindowHandle on session 25b4bacb2236b3744b95e994d7263b9f to remote] DEBUG org.asynchttpclient.netty.request.NettyRequestSender - Using pooled Channel '[id: 0xa21b36e8, L:/127.0.0.1:58861 - R:localhost/127.0.0.1:30531]' for 'GET' to 'http://localhost:30531/session/25b4bacb2236b3744b95e994d7263b9f/window'
19:54:32.985 [Forwarding getCurrentWindowHandle on session 25b4bacb2236b3744b95e994d7263b9f to remote] DEBUG org.asynchttpclient.netty.request.NettyRequestSender - Using open Channel [id: 0xa21b36e8, L:/127.0.0.1:58861 - R:localhost/127.0.0.1:30531] for GET '/session/25b4bacb2236b3744b95e994d7263b9f/window'
19:54:32.986 [AsyncHttpClient-1-14] DEBUG org.asynchttpclient.netty.handler.HttpHandler - 

Request DefaultFullHttpRequest(decodeResult: success, version: HTTP/1.1, content: EmptyByteBufBE)
GET /session/25b4bacb2236b3744b95e994d7263b9f/window HTTP/1.1
User-Agent: selenium/4.7.1 (java windows)
Cache-Control: no-cache
Content-Type: application/json; charset=utf-8
host: localhost:30531
accept: */*

Response DefaultHttpResponse(decodeResult: success, version: HTTP/1.1)
HTTP/1.1 200 OK
Content-Type: application/json; charset=utf-8
cache-control: no-cache
content-length: 44

19:54:32.986 [AsyncHttpClient-1-14] DEBUG org.asynchttpclient.netty.channel.ChannelManager - Adding key: http://localhost:30531 for channel [id: 0xa21b36e8, L:/127.0.0.1:58861 - R:localhost/127.0.0.1:30531]
19:54:32.987 [Forwarding getAlertText on session 25b4bacb2236b3744b95e994d7263b9f to remote] DEBUG org.asynchttpclient.netty.request.NettyRequestSender - Using pooled Channel '[id: 0xa21b36e8, L:/127.0.0.1:58861 - R:localhost/127.0.0.1:30531]' for 'GET' to 'http://localhost:30531/session/25b4bacb2236b3744b95e994d7263b9f/alert/text'
19:54:32.987 [Forwarding getAlertText on session 25b4bacb2236b3744b95e994d7263b9f to remote] DEBUG org.asynchttpclient.netty.request.NettyRequestSender - Using open Channel [id: 0xa21b36e8, L:/127.0.0.1:58861 - R:localhost/127.0.0.1:30531] for GET '/session/25b4bacb2236b3744b95e994d7263b9f/alert/text'
19:54:32.989 [AsyncHttpClient-1-14] DEBUG org.asynchttpclient.netty.handler.HttpHandler - 

Request DefaultFullHttpRequest(decodeResult: success, version: HTTP/1.1, content: EmptyByteBufBE)
GET /session/25b4bacb2236b3744b95e994d7263b9f/alert/text HTTP/1.1
User-Agent: selenium/4.7.1 (java windows)
Cache-Control: no-cache
Content-Type: application/json; charset=utf-8
host: localhost:30531
accept: */*

Response DefaultHttpResponse(decodeResult: success, version: HTTP/1.1)
HTTP/1.1 404 Not Found
Content-Type: application/json; charset=utf-8
cache-control: no-cache
content-length: 821

19:54:32.989 [AsyncHttpClient-1-14] DEBUG org.asynchttpclient.netty.channel.ChannelManager - Adding key: http://localhost:30531 for channel [id: 0xa21b36e8, L:/127.0.0.1:58861 - R:localhost/127.0.0.1:30531]
19:54:32.991 [Forwarding switchToWindow on session 25b4bacb2236b3744b95e994d7263b9f to remote] DEBUG org.asynchttpclient.netty.request.NettyRequestSender - Using pooled Channel '[id: 0xa21b36e8, L:/127.0.0.1:58861 - R:localhost/127.0.0.1:30531]' for 'POST' to 'http://localhost:30531/session/25b4bacb2236b3744b95e994d7263b9f/window'
19:54:32.991 [Forwarding switchToWindow on session 25b4bacb2236b3744b95e994d7263b9f to remote] DEBUG org.asynchttpclient.netty.request.NettyRequestSender - Using open Channel [id: 0xa21b36e8, L:/127.0.0.1:58861 - R:localhost/127.0.0.1:30531] for POST '/session/25b4bacb2236b3744b95e994d7263b9f/window'
19:54:32.994 [AsyncHttpClient-1-14] DEBUG org.asynchttpclient.netty.handler.HttpHandler - 

Request DefaultHttpRequest(decodeResult: success, version: HTTP/1.1)
POST /session/25b4bacb2236b3744b95e994d7263b9f/window HTTP/1.1
User-Agent: selenium/4.7.1 (java windows)
Content-Length: 50
Content-Type: application/json; charset=utf-8
host: localhost:30531
accept: */*

Response DefaultHttpResponse(decodeResult: success, version: HTTP/1.1)
HTTP/1.1 200 OK
Content-Type: application/json; charset=utf-8
cache-control: no-cache
content-length: 14

19:54:32.994 [AsyncHttpClient-1-14] DEBUG org.asynchttpclient.netty.channel.ChannelManager - Adding key: http://localhost:30531 for channel [id: 0xa21b36e8, L:/127.0.0.1:58861 - R:localhost/127.0.0.1:30531]
19:54:32.995 [Forwarding getCurrentUrl on session 25b4bacb2236b3744b95e994d7263b9f to remote] DEBUG org.asynchttpclient.netty.request.NettyRequestSender - Using pooled Channel '[id: 0xa21b36e8, L:/127.0.0.1:58861 - R:localhost/127.0.0.1:30531]' for 'GET' to 'http://localhost:30531/session/25b4bacb2236b3744b95e994d7263b9f/url'
19:54:32.995 [Forwarding getCurrentUrl on session 25b4bacb2236b3744b95e994d7263b9f to remote] DEBUG org.asynchttpclient.netty.request.NettyRequestSender - Using open Channel [id: 0xa21b36e8, L:/127.0.0.1:58861 - R:localhost/127.0.0.1:30531] for GET '/session/25b4bacb2236b3744b95e994d7263b9f/url'
19:54:33.000 [AsyncHttpClient-1-14] DEBUG org.asynchttpclient.netty.handler.HttpHandler - 

Request DefaultFullHttpRequest(decodeResult: success, version: HTTP/1.1, content: EmptyByteBufBE)
GET /session/25b4bacb2236b3744b95e994d7263b9f/url HTTP/1.1
User-Agent: selenium/4.7.1 (java windows)
Cache-Control: no-cache
Content-Type: application/json; charset=utf-8
host: localhost:30531
accept: */*

Response DefaultHttpResponse(decodeResult: success, version: HTTP/1.1)
HTTP/1.1 200 OK
Content-Type: application/json; charset=utf-8
cache-control: no-cache
content-length: 51

19:54:33.000 [AsyncHttpClient-1-14] DEBUG org.asynchttpclient.netty.channel.ChannelManager - Adding key: http://localhost:30531 for channel [id: 0xa21b36e8, L:/127.0.0.1:58861 - R:localhost/127.0.0.1:30531]
19:54:33.001 [Forwarding screenshot on session 25b4bacb2236b3744b95e994d7263b9f to remote] DEBUG org.asynchttpclient.netty.request.NettyRequestSender - Using pooled Channel '[id: 0xa21b36e8, L:/127.0.0.1:58861 - R:localhost/127.0.0.1:30531]' for 'GET' to 'http://localhost:30531/session/25b4bacb2236b3744b95e994d7263b9f/screenshot'
19:54:33.001 [Forwarding screenshot on session 25b4bacb2236b3744b95e994d7263b9f to remote] DEBUG org.asynchttpclient.netty.request.NettyRequestSender - Using open Channel [id: 0xa21b36e8, L:/127.0.0.1:58861 - R:localhost/127.0.0.1:30531] for GET '/session/25b4bacb2236b3744b95e994d7263b9f/screenshot'
19:54:33.022 [AsyncHttpClient-1-1] DEBUG org.asynchttpclient.netty.channel.DefaultChannelPool - Entry count for : http://localhost:58862 : 1
19:54:33.098 [AsyncHttpClient-1-14] DEBUG org.asynchttpclient.netty.handler.HttpHandler - 

Request DefaultFullHttpRequest(decodeResult: success, version: HTTP/1.1, content: EmptyByteBufBE)
GET /session/25b4bacb2236b3744b95e994d7263b9f/screenshot HTTP/1.1
User-Agent: selenium/4.7.1 (java windows)
Cache-Control: no-cache
Content-Type: application/json; charset=utf-8
host: localhost:30531
accept: */*

Response DefaultHttpResponse(decodeResult: success, version: HTTP/1.1)
HTTP/1.1 200 OK
Content-Type: application/json; charset=utf-8
cache-control: no-cache
content-length: 30036

19:54:33.099 [AsyncHttpClient-1-14] DEBUG org.asynchttpclient.netty.channel.ChannelManager - Adding key: http://localhost:30531 for channel [id: 0xa21b36e8, L:/127.0.0.1:58861 - R:localhost/127.0.0.1:30531]
19:54:33.100 [main] DEBUG net.serenitybdd.core.photography.Darkroom - Send negative for processing for target\site\serenity\907803032d5f0ac1a10f4f3e772f3d95c55a60586d293721a6a6bbe1db995da8.png
19:54:33.101 [main] DEBUG net.thucydides.core.steps.StepInterceptor - STEP DONE: inputEmail
19:54:33.101 [Darkroom Processing Line] DEBUG net.serenitybdd.core.photography.DarkroomProcessingLine - Processing screenshot image in /var/screenshots/screenshot-8856115074704175302
19:54:33.101 [Darkroom Processing Line] DEBUG net.serenitybdd.core.photography.DarkroomProcessingLine - Saving screenshot to target\site\serenity\907803032d5f0ac1a10f4f3e772f3d95c55a60586d293721a6a6bbe1db995da8.png
19:54:33.106 [main] DEBUG net.thucydides.core.steps.StepInterceptor - STARTING STEP: TransaksiSteps.userBeradaDiHomepageAltaShopDanLoginAkun - inputPassword
19:54:33.108 [Forwarding findElement on session 25b4bacb2236b3744b95e994d7263b9f to remote] DEBUG org.asynchttpclient.netty.request.NettyRequestSender - Using pooled Channel '[id: 0xa21b36e8, L:/127.0.0.1:58861 - R:localhost/127.0.0.1:30531]' for 'POST' to 'http://localhost:30531/session/25b4bacb2236b3744b95e994d7263b9f/element'
19:54:33.108 [Forwarding findElement on session 25b4bacb2236b3744b95e994d7263b9f to remote] DEBUG org.asynchttpclient.netty.request.NettyRequestSender - Using open Channel [id: 0xa21b36e8, L:/127.0.0.1:58861 - R:localhost/127.0.0.1:30531] for POST '/session/25b4bacb2236b3744b95e994d7263b9f/element'
19:54:33.120 [AsyncHttpClient-1-14] DEBUG org.asynchttpclient.netty.handler.HttpHandler - 

Request DefaultHttpRequest(decodeResult: success, version: HTTP/1.1)
POST /session/25b4bacb2236b3744b95e994d7263b9f/element HTTP/1.1
User-Agent: selenium/4.7.1 (java windows)
Content-Length: 187
Content-Type: application/json; charset=utf-8
host: localhost:30531
accept: */*

Response DefaultHttpResponse(decodeResult: success, version: HTTP/1.1)
HTTP/1.1 200 OK
Content-Type: application/json; charset=utf-8
cache-control: no-cache
content-length: 88

19:54:33.120 [AsyncHttpClient-1-14] DEBUG org.asynchttpclient.netty.channel.ChannelManager - Adding key: http://localhost:30531 for channel [id: 0xa21b36e8, L:/127.0.0.1:58861 - R:localhost/127.0.0.1:30531]
19:54:33.121 [Forwarding clearElement on session 25b4bacb2236b3744b95e994d7263b9f to remote] DEBUG org.asynchttpclient.netty.request.NettyRequestSender - Using pooled Channel '[id: 0xa21b36e8, L:/127.0.0.1:58861 - R:localhost/127.0.0.1:30531]' for 'POST' to 'http://localhost:30531/session/25b4bacb2236b3744b95e994d7263b9f/element/6b20da54-1a69-4134-9e05-8320abf80c48/clear'
19:54:33.121 [Forwarding clearElement on session 25b4bacb2236b3744b95e994d7263b9f to remote] DEBUG org.asynchttpclient.netty.request.NettyRequestSender - Using open Channel [id: 0xa21b36e8, L:/127.0.0.1:58861 - R:localhost/127.0.0.1:30531] for POST '/session/25b4bacb2236b3744b95e994d7263b9f/element/6b20da54-1a69-4134-9e05-8320abf80c48/clear'
19:54:33.155 [AsyncHttpClient-1-14] DEBUG org.asynchttpclient.netty.handler.HttpHandler - 

Request DefaultHttpRequest(decodeResult: success, version: HTTP/1.1)
POST /session/25b4bacb2236b3744b95e994d7263b9f/element/6b20da54-1a69-4134-9e05-8320abf80c48/clear HTTP/1.1
User-Agent: selenium/4.7.1 (java windows)
Content-Length: 50
Content-Type: application/json; charset=utf-8
host: localhost:30531
accept: */*

Response DefaultHttpResponse(decodeResult: success, version: HTTP/1.1)
HTTP/1.1 200 OK
Content-Type: application/json; charset=utf-8
cache-control: no-cache
content-length: 14

19:54:33.155 [AsyncHttpClient-1-14] DEBUG org.asynchttpclient.netty.channel.ChannelManager - Adding key: http://localhost:30531 for channel [id: 0xa21b36e8, L:/127.0.0.1:58861 - R:localhost/127.0.0.1:30531]
19:54:33.156 [Forwarding sendKeysToElement on session 25b4bacb2236b3744b95e994d7263b9f to remote] DEBUG org.asynchttpclient.netty.request.NettyRequestSender - Using pooled Channel '[id: 0xa21b36e8, L:/127.0.0.1:58861 - R:localhost/127.0.0.1:30531]' for 'POST' to 'http://localhost:30531/session/25b4bacb2236b3744b95e994d7263b9f/element/6b20da54-1a69-4134-9e05-8320abf80c48/value'
19:54:33.156 [Forwarding sendKeysToElement on session 25b4bacb2236b3744b95e994d7263b9f to remote] DEBUG org.asynchttpclient.netty.request.NettyRequestSender - Using open Channel [id: 0xa21b36e8, L:/127.0.0.1:58861 - R:localhost/127.0.0.1:30531] for POST '/session/25b4bacb2236b3744b95e994d7263b9f/element/6b20da54-1a69-4134-9e05-8320abf80c48/value'
19:54:33.219 [AsyncHttpClient-1-14] DEBUG org.asynchttpclient.netty.handler.HttpHandler - 

Request DefaultHttpRequest(decodeResult: success, version: HTTP/1.1)
POST /session/25b4bacb2236b3744b95e994d7263b9f/element/6b20da54-1a69-4134-9e05-8320abf80c48/value HTTP/1.1
User-Agent: selenium/4.7.1 (java windows)
Content-Length: 111
Content-Type: application/json; charset=utf-8
host: localhost:30531
accept: */*

Response DefaultHttpResponse(decodeResult: success, version: HTTP/1.1)
HTTP/1.1 200 OK
Content-Type: application/json; charset=utf-8
cache-control: no-cache
content-length: 14

19:54:33.219 [AsyncHttpClient-1-14] DEBUG org.asynchttpclient.netty.channel.ChannelManager - Adding key: http://localhost:30531 for channel [id: 0xa21b36e8, L:/127.0.0.1:58861 - R:localhost/127.0.0.1:30531]
19:54:33.225 [Forwarding getCurrentWindowHandle on session 25b4bacb2236b3744b95e994d7263b9f to remote] DEBUG org.asynchttpclient.netty.request.NettyRequestSender - Using pooled Channel '[id: 0xa21b36e8, L:/127.0.0.1:58861 - R:localhost/127.0.0.1:30531]' for 'GET' to 'http://localhost:30531/session/25b4bacb2236b3744b95e994d7263b9f/window'
19:54:33.225 [Forwarding getCurrentWindowHandle on session 25b4bacb2236b3744b95e994d7263b9f to remote] DEBUG org.asynchttpclient.netty.request.NettyRequestSender - Using open Channel [id: 0xa21b36e8, L:/127.0.0.1:58861 - R:localhost/127.0.0.1:30531] for GET '/session/25b4bacb2236b3744b95e994d7263b9f/window'
19:54:33.226 [AsyncHttpClient-1-14] DEBUG org.asynchttpclient.netty.handler.HttpHandler - 

Request DefaultFullHttpRequest(decodeResult: success, version: HTTP/1.1, content: EmptyByteBufBE)
GET /session/25b4bacb2236b3744b95e994d7263b9f/window HTTP/1.1
User-Agent: selenium/4.7.1 (java windows)
Cache-Control: no-cache
Content-Type: application/json; charset=utf-8
host: localhost:30531
accept: */*

Response DefaultHttpResponse(decodeResult: success, version: HTTP/1.1)
HTTP/1.1 200 OK
Content-Type: application/json; charset=utf-8
cache-control: no-cache
content-length: 44

19:54:33.226 [AsyncHttpClient-1-14] DEBUG org.asynchttpclient.netty.channel.ChannelManager - Adding key: http://localhost:30531 for channel [id: 0xa21b36e8, L:/127.0.0.1:58861 - R:localhost/127.0.0.1:30531]
19:54:33.228 [Forwarding getAlertText on session 25b4bacb2236b3744b95e994d7263b9f to remote] DEBUG org.asynchttpclient.netty.request.NettyRequestSender - Using pooled Channel '[id: 0xa21b36e8, L:/127.0.0.1:58861 - R:localhost/127.0.0.1:30531]' for 'GET' to 'http://localhost:30531/session/25b4bacb2236b3744b95e994d7263b9f/alert/text'
19:54:33.228 [Forwarding getAlertText on session 25b4bacb2236b3744b95e994d7263b9f to remote] DEBUG org.asynchttpclient.netty.request.NettyRequestSender - Using open Channel [id: 0xa21b36e8, L:/127.0.0.1:58861 - R:localhost/127.0.0.1:30531] for GET '/session/25b4bacb2236b3744b95e994d7263b9f/alert/text'
19:54:33.230 [AsyncHttpClient-1-14] DEBUG org.asynchttpclient.netty.handler.HttpHandler - 

Request DefaultFullHttpRequest(decodeResult: success, version: HTTP/1.1, content: EmptyByteBufBE)
GET /session/25b4bacb2236b3744b95e994d7263b9f/alert/text HTTP/1.1
User-Agent: selenium/4.7.1 (java windows)
Cache-Control: no-cache
Content-Type: application/json; charset=utf-8
host: localhost:30531
accept: */*

Response DefaultHttpResponse(decodeResult: success, version: HTTP/1.1)
HTTP/1.1 404 Not Found
Content-Type: application/json; charset=utf-8
cache-control: no-cache
content-length: 821

19:54:33.231 [AsyncHttpClient-1-14] DEBUG org.asynchttpclient.netty.channel.ChannelManager - Adding key: http://localhost:30531 for channel [id: 0xa21b36e8, L:/127.0.0.1:58861 - R:localhost/127.0.0.1:30531]
19:54:33.232 [Forwarding switchToWindow on session 25b4bacb2236b3744b95e994d7263b9f to remote] DEBUG org.asynchttpclient.netty.request.NettyRequestSender - Using pooled Channel '[id: 0xa21b36e8, L:/127.0.0.1:58861 - R:localhost/127.0.0.1:30531]' for 'POST' to 'http://localhost:30531/session/25b4bacb2236b3744b95e994d7263b9f/window'
19:54:33.232 [Forwarding switchToWindow on session 25b4bacb2236b3744b95e994d7263b9f to remote] DEBUG org.asynchttpclient.netty.request.NettyRequestSender - Using open Channel [id: 0xa21b36e8, L:/127.0.0.1:58861 - R:localhost/127.0.0.1:30531] for POST '/session/25b4bacb2236b3744b95e994d7263b9f/window'
19:54:33.234 [AsyncHttpClient-1-14] DEBUG org.asynchttpclient.netty.handler.HttpHandler - 

Request DefaultHttpRequest(decodeResult: success, version: HTTP/1.1)
POST /session/25b4bacb2236b3744b95e994d7263b9f/window HTTP/1.1
User-Agent: selenium/4.7.1 (java windows)
Content-Length: 50
Content-Type: application/json; charset=utf-8
host: localhost:30531
accept: */*

Response DefaultHttpResponse(decodeResult: success, version: HTTP/1.1)
HTTP/1.1 200 OK
Content-Type: application/json; charset=utf-8
cache-control: no-cache
content-length: 14

19:54:33.234 [AsyncHttpClient-1-14] DEBUG org.asynchttpclient.netty.channel.ChannelManager - Adding key: http://localhost:30531 for channel [id: 0xa21b36e8, L:/127.0.0.1:58861 - R:localhost/127.0.0.1:30531]
19:54:33.235 [Forwarding getCurrentUrl on session 25b4bacb2236b3744b95e994d7263b9f to remote] DEBUG org.asynchttpclient.netty.request.NettyRequestSender - Using pooled Channel '[id: 0xa21b36e8, L:/127.0.0.1:58861 - R:localhost/127.0.0.1:30531]' for 'GET' to 'http://localhost:30531/session/25b4bacb2236b3744b95e994d7263b9f/url'
19:54:33.235 [Forwarding getCurrentUrl on session 25b4bacb2236b3744b95e994d7263b9f to remote] DEBUG org.asynchttpclient.netty.request.NettyRequestSender - Using open Channel [id: 0xa21b36e8, L:/127.0.0.1:58861 - R:localhost/127.0.0.1:30531] for GET '/session/25b4bacb2236b3744b95e994d7263b9f/url'
19:54:33.239 [AsyncHttpClient-1-14] DEBUG org.asynchttpclient.netty.handler.HttpHandler - 

Request DefaultFullHttpRequest(decodeResult: success, version: HTTP/1.1, content: EmptyByteBufBE)
GET /session/25b4bacb2236b3744b95e994d7263b9f/url HTTP/1.1
User-Agent: selenium/4.7.1 (java windows)
Cache-Control: no-cache
Content-Type: application/json; charset=utf-8
host: localhost:30531
accept: */*

Response DefaultHttpResponse(decodeResult: success, version: HTTP/1.1)
HTTP/1.1 200 OK
Content-Type: application/json; charset=utf-8
cache-control: no-cache
content-length: 51

19:54:33.239 [AsyncHttpClient-1-14] DEBUG org.asynchttpclient.netty.channel.ChannelManager - Adding key: http://localhost:30531 for channel [id: 0xa21b36e8, L:/127.0.0.1:58861 - R:localhost/127.0.0.1:30531]
19:54:33.239 [Forwarding screenshot on session 25b4bacb2236b3744b95e994d7263b9f to remote] DEBUG org.asynchttpclient.netty.request.NettyRequestSender - Using pooled Channel '[id: 0xa21b36e8, L:/127.0.0.1:58861 - R:localhost/127.0.0.1:30531]' for 'GET' to 'http://localhost:30531/session/25b4bacb2236b3744b95e994d7263b9f/screenshot'
19:54:33.239 [Forwarding screenshot on session 25b4bacb2236b3744b95e994d7263b9f to remote] DEBUG org.asynchttpclient.netty.request.NettyRequestSender - Using open Channel [id: 0xa21b36e8, L:/127.0.0.1:58861 - R:localhost/127.0.0.1:30531] for GET '/session/25b4bacb2236b3744b95e994d7263b9f/screenshot'
19:54:33.339 [AsyncHttpClient-1-14] DEBUG org.asynchttpclient.netty.handler.HttpHandler - 

Request DefaultFullHttpRequest(decodeResult: success, version: HTTP/1.1, content: EmptyByteBufBE)
GET /session/25b4bacb2236b3744b95e994d7263b9f/screenshot HTTP/1.1
User-Agent: selenium/4.7.1 (java windows)
Cache-Control: no-cache
Content-Type: application/json; charset=utf-8
host: localhost:30531
accept: */*

Response DefaultHttpResponse(decodeResult: success, version: HTTP/1.1)
HTTP/1.1 200 OK
Content-Type: application/json; charset=utf-8
cache-control: no-cache
content-length: 30208

19:54:33.340 [AsyncHttpClient-1-14] DEBUG org.asynchttpclient.netty.channel.ChannelManager - Adding key: http://localhost:30531 for channel [id: 0xa21b36e8, L:/127.0.0.1:58861 - R:localhost/127.0.0.1:30531]
19:54:33.342 [main] DEBUG net.serenitybdd.core.photography.Darkroom - Send negative for processing for target\site\serenity\015f55b4cbc1a7456fa0c00722650f9a9321bcd0fc42cb039df283d940e2e2f2.png
19:54:33.342 [main] DEBUG net.thucydides.core.steps.StepInterceptor - STEP DONE: inputPassword
19:54:33.342 [Darkroom Processing Line] DEBUG net.serenitybdd.core.photography.DarkroomProcessingLine - Processing screenshot image in /var/screenshots/screenshot-8319575149872778423
19:54:33.342 [Darkroom Processing Line] DEBUG net.serenitybdd.core.photography.DarkroomProcessingLine - Saving screenshot to target\site\serenity\015f55b4cbc1a7456fa0c00722650f9a9321bcd0fc42cb039df283d940e2e2f2.png
19:54:33.347 [main] DEBUG net.thucydides.core.steps.StepInterceptor - STARTING STEP: TransaksiSteps.userBeradaDiHomepageAltaShopDanLoginAkun - klikButtonLoginKedua
19:54:33.349 [Forwarding findElement on session 25b4bacb2236b3744b95e994d7263b9f to remote] DEBUG org.asynchttpclient.netty.request.NettyRequestSender - Using pooled Channel '[id: 0xa21b36e8, L:/127.0.0.1:58861 - R:localhost/127.0.0.1:30531]' for 'POST' to 'http://localhost:30531/session/25b4bacb2236b3744b95e994d7263b9f/element'
19:54:33.350 [Forwarding findElement on session 25b4bacb2236b3744b95e994d7263b9f to remote] DEBUG org.asynchttpclient.netty.request.NettyRequestSender - Using open Channel [id: 0xa21b36e8, L:/127.0.0.1:58861 - R:localhost/127.0.0.1:30531] for POST '/session/25b4bacb2236b3744b95e994d7263b9f/element'
19:54:33.364 [AsyncHttpClient-1-14] DEBUG org.asynchttpclient.netty.handler.HttpHandler - 

Request DefaultHttpRequest(decodeResult: success, version: HTTP/1.1)
POST /session/25b4bacb2236b3744b95e994d7263b9f/element HTTP/1.1
User-Agent: selenium/4.7.1 (java windows)
Content-Length: 141
Content-Type: application/json; charset=utf-8
host: localhost:30531
accept: */*

Response DefaultHttpResponse(decodeResult: success, version: HTTP/1.1)
HTTP/1.1 200 OK
Content-Type: application/json; charset=utf-8
cache-control: no-cache
content-length: 88

19:54:33.364 [AsyncHttpClient-1-14] DEBUG org.asynchttpclient.netty.channel.ChannelManager - Adding key: http://localhost:30531 for channel [id: 0xa21b36e8, L:/127.0.0.1:58861 - R:localhost/127.0.0.1:30531]
19:54:33.365 [Forwarding getElementTagName on session 25b4bacb2236b3744b95e994d7263b9f to remote] DEBUG org.asynchttpclient.netty.request.NettyRequestSender - Using pooled Channel '[id: 0xa21b36e8, L:/127.0.0.1:58861 - R:localhost/127.0.0.1:30531]' for 'GET' to 'http://localhost:30531/session/25b4bacb2236b3744b95e994d7263b9f/element/780a2567-3a08-43ff-8524-5220b96d7aff/name'
19:54:33.365 [Forwarding getElementTagName on session 25b4bacb2236b3744b95e994d7263b9f to remote] DEBUG org.asynchttpclient.netty.request.NettyRequestSender - Using open Channel [id: 0xa21b36e8, L:/127.0.0.1:58861 - R:localhost/127.0.0.1:30531] for GET '/session/25b4bacb2236b3744b95e994d7263b9f/element/780a2567-3a08-43ff-8524-5220b96d7aff/name'
19:54:33.369 [AsyncHttpClient-1-14] DEBUG org.asynchttpclient.netty.handler.HttpHandler - 

Request DefaultFullHttpRequest(decodeResult: success, version: HTTP/1.1, content: EmptyByteBufBE)
GET /session/25b4bacb2236b3744b95e994d7263b9f/element/780a2567-3a08-43ff-8524-5220b96d7aff/name HTTP/1.1
User-Agent: selenium/4.7.1 (java windows)
Cache-Control: no-cache
Content-Type: application/json; charset=utf-8
host: localhost:30531
accept: */*

Response DefaultHttpResponse(decodeResult: success, version: HTTP/1.1)
HTTP/1.1 200 OK
Content-Type: application/json; charset=utf-8
cache-control: no-cache
content-length: 18

19:54:33.369 [AsyncHttpClient-1-14] DEBUG org.asynchttpclient.netty.channel.ChannelManager - Adding key: http://localhost:30531 for channel [id: 0xa21b36e8, L:/127.0.0.1:58861 - R:localhost/127.0.0.1:30531]
19:54:33.370 [Forwarding getElementTagName on session 25b4bacb2236b3744b95e994d7263b9f to remote] DEBUG org.asynchttpclient.netty.request.NettyRequestSender - Using pooled Channel '[id: 0xa21b36e8, L:/127.0.0.1:58861 - R:localhost/127.0.0.1:30531]' for 'GET' to 'http://localhost:30531/session/25b4bacb2236b3744b95e994d7263b9f/element/780a2567-3a08-43ff-8524-5220b96d7aff/name'
19:54:33.370 [Forwarding getElementTagName on session 25b4bacb2236b3744b95e994d7263b9f to remote] DEBUG org.asynchttpclient.netty.request.NettyRequestSender - Using open Channel [id: 0xa21b36e8, L:/127.0.0.1:58861 - R:localhost/127.0.0.1:30531] for GET '/session/25b4bacb2236b3744b95e994d7263b9f/element/780a2567-3a08-43ff-8524-5220b96d7aff/name'
19:54:33.374 [AsyncHttpClient-1-14] DEBUG org.asynchttpclient.netty.handler.HttpHandler - 

Request DefaultFullHttpRequest(decodeResult: success, version: HTTP/1.1, content: EmptyByteBufBE)
GET /session/25b4bacb2236b3744b95e994d7263b9f/element/780a2567-3a08-43ff-8524-5220b96d7aff/name HTTP/1.1
User-Agent: selenium/4.7.1 (java windows)
Cache-Control: no-cache
Content-Type: application/json; charset=utf-8
host: localhost:30531
accept: */*

Response DefaultHttpResponse(decodeResult: success, version: HTTP/1.1)
HTTP/1.1 200 OK
Content-Type: application/json; charset=utf-8
cache-control: no-cache
content-length: 18

19:54:33.375 [AsyncHttpClient-1-14] DEBUG org.asynchttpclient.netty.channel.ChannelManager - Adding key: http://localhost:30531 for channel [id: 0xa21b36e8, L:/127.0.0.1:58861 - R:localhost/127.0.0.1:30531]
19:54:33.377 [Forwarding isElementEnabled on session 25b4bacb2236b3744b95e994d7263b9f to remote] DEBUG org.asynchttpclient.netty.request.NettyRequestSender - Using pooled Channel '[id: 0xa21b36e8, L:/127.0.0.1:58861 - R:localhost/127.0.0.1:30531]' for 'GET' to 'http://localhost:30531/session/25b4bacb2236b3744b95e994d7263b9f/element/780a2567-3a08-43ff-8524-5220b96d7aff/enabled'
19:54:33.377 [Forwarding isElementEnabled on session 25b4bacb2236b3744b95e994d7263b9f to remote] DEBUG org.asynchttpclient.netty.request.NettyRequestSender - Using open Channel [id: 0xa21b36e8, L:/127.0.0.1:58861 - R:localhost/127.0.0.1:30531] for GET '/session/25b4bacb2236b3744b95e994d7263b9f/element/780a2567-3a08-43ff-8524-5220b96d7aff/enabled'
19:54:33.388 [AsyncHttpClient-1-14] DEBUG org.asynchttpclient.netty.handler.HttpHandler - 

Request DefaultFullHttpRequest(decodeResult: success, version: HTTP/1.1, content: EmptyByteBufBE)
GET /session/25b4bacb2236b3744b95e994d7263b9f/element/780a2567-3a08-43ff-8524-5220b96d7aff/enabled HTTP/1.1
User-Agent: selenium/4.7.1 (java windows)
Cache-Control: no-cache
Content-Type: application/json; charset=utf-8
host: localhost:30531
accept: */*

Response DefaultHttpResponse(decodeResult: success, version: HTTP/1.1)
HTTP/1.1 200 OK
Content-Type: application/json; charset=utf-8
cache-control: no-cache
content-length: 14

19:54:33.389 [AsyncHttpClient-1-14] DEBUG org.asynchttpclient.netty.channel.ChannelManager - Adding key: http://localhost:30531 for channel [id: 0xa21b36e8, L:/127.0.0.1:58861 - R:localhost/127.0.0.1:30531]
19:54:33.390 [Forwarding isElementEnabled on session 25b4bacb2236b3744b95e994d7263b9f to remote] DEBUG org.asynchttpclient.netty.request.NettyRequestSender - Using pooled Channel '[id: 0xa21b36e8, L:/127.0.0.1:58861 - R:localhost/127.0.0.1:30531]' for 'GET' to 'http://localhost:30531/session/25b4bacb2236b3744b95e994d7263b9f/element/780a2567-3a08-43ff-8524-5220b96d7aff/enabled'
19:54:33.390 [Forwarding isElementEnabled on session 25b4bacb2236b3744b95e994d7263b9f to remote] DEBUG org.asynchttpclient.netty.request.NettyRequestSender - Using open Channel [id: 0xa21b36e8, L:/127.0.0.1:58861 - R:localhost/127.0.0.1:30531] for GET '/session/25b4bacb2236b3744b95e994d7263b9f/element/780a2567-3a08-43ff-8524-5220b96d7aff/enabled'
19:54:33.400 [AsyncHttpClient-1-14] DEBUG org.asynchttpclient.netty.handler.HttpHandler - 

Request DefaultFullHttpRequest(decodeResult: success, version: HTTP/1.1, content: EmptyByteBufBE)
GET /session/25b4bacb2236b3744b95e994d7263b9f/element/780a2567-3a08-43ff-8524-5220b96d7aff/enabled HTTP/1.1
User-Agent: selenium/4.7.1 (java windows)
Cache-Control: no-cache
Content-Type: application/json; charset=utf-8
host: localhost:30531
accept: */*

Response DefaultHttpResponse(decodeResult: success, version: HTTP/1.1)
HTTP/1.1 200 OK
Content-Type: application/json; charset=utf-8
cache-control: no-cache
content-length: 14

19:54:33.400 [AsyncHttpClient-1-14] DEBUG org.asynchttpclient.netty.channel.ChannelManager - Adding key: http://localhost:30531 for channel [id: 0xa21b36e8, L:/127.0.0.1:58861 - R:localhost/127.0.0.1:30531]
19:54:33.402 [Forwarding findElement on session 25b4bacb2236b3744b95e994d7263b9f to remote] DEBUG org.asynchttpclient.netty.request.NettyRequestSender - Using pooled Channel '[id: 0xa21b36e8, L:/127.0.0.1:58861 - R:localhost/127.0.0.1:30531]' for 'POST' to 'http://localhost:30531/session/25b4bacb2236b3744b95e994d7263b9f/element'
19:54:33.402 [Forwarding findElement on session 25b4bacb2236b3744b95e994d7263b9f to remote] DEBUG org.asynchttpclient.netty.request.NettyRequestSender - Using open Channel [id: 0xa21b36e8, L:/127.0.0.1:58861 - R:localhost/127.0.0.1:30531] for POST '/session/25b4bacb2236b3744b95e994d7263b9f/element'
19:54:33.411 [AsyncHttpClient-1-14] DEBUG org.asynchttpclient.netty.handler.HttpHandler - 

Request DefaultHttpRequest(decodeResult: success, version: HTTP/1.1)
POST /session/25b4bacb2236b3744b95e994d7263b9f/element HTTP/1.1
User-Agent: selenium/4.7.1 (java windows)
Content-Length: 141
Content-Type: application/json; charset=utf-8
host: localhost:30531
accept: */*

Response DefaultHttpResponse(decodeResult: success, version: HTTP/1.1)
HTTP/1.1 200 OK
Content-Type: application/json; charset=utf-8
cache-control: no-cache
content-length: 88

19:54:33.411 [AsyncHttpClient-1-14] DEBUG org.asynchttpclient.netty.channel.ChannelManager - Adding key: http://localhost:30531 for channel [id: 0xa21b36e8, L:/127.0.0.1:58861 - R:localhost/127.0.0.1:30531]
19:54:33.413 [Forwarding clickElement on session 25b4bacb2236b3744b95e994d7263b9f to remote] DEBUG org.asynchttpclient.netty.request.NettyRequestSender - Using pooled Channel '[id: 0xa21b36e8, L:/127.0.0.1:58861 - R:localhost/127.0.0.1:30531]' for 'POST' to 'http://localhost:30531/session/25b4bacb2236b3744b95e994d7263b9f/element/780a2567-3a08-43ff-8524-5220b96d7aff/click'
19:54:33.413 [Forwarding clickElement on session 25b4bacb2236b3744b95e994d7263b9f to remote] DEBUG org.asynchttpclient.netty.request.NettyRequestSender - Using open Channel [id: 0xa21b36e8, L:/127.0.0.1:58861 - R:localhost/127.0.0.1:30531] for POST '/session/25b4bacb2236b3744b95e994d7263b9f/element/780a2567-3a08-43ff-8524-5220b96d7aff/click'
19:54:33.467 [AsyncHttpClient-1-14] DEBUG org.asynchttpclient.netty.handler.HttpHandler - 

Request DefaultHttpRequest(decodeResult: success, version: HTTP/1.1)
POST /session/25b4bacb2236b3744b95e994d7263b9f/element/780a2567-3a08-43ff-8524-5220b96d7aff/click HTTP/1.1
User-Agent: selenium/4.7.1 (java windows)
Content-Length: 50
Content-Type: application/json; charset=utf-8
host: localhost:30531
accept: */*

Response DefaultHttpResponse(decodeResult: success, version: HTTP/1.1)
HTTP/1.1 200 OK
Content-Type: application/json; charset=utf-8
cache-control: no-cache
content-length: 14

19:54:33.467 [AsyncHttpClient-1-14] DEBUG org.asynchttpclient.netty.channel.ChannelManager - Adding key: http://localhost:30531 for channel [id: 0xa21b36e8, L:/127.0.0.1:58861 - R:localhost/127.0.0.1:30531]
19:54:33.473 [Forwarding getCurrentWindowHandle on session 25b4bacb2236b3744b95e994d7263b9f to remote] DEBUG org.asynchttpclient.netty.request.NettyRequestSender - Using pooled Channel '[id: 0xa21b36e8, L:/127.0.0.1:58861 - R:localhost/127.0.0.1:30531]' for 'GET' to 'http://localhost:30531/session/25b4bacb2236b3744b95e994d7263b9f/window'
19:54:33.473 [Forwarding getCurrentWindowHandle on session 25b4bacb2236b3744b95e994d7263b9f to remote] DEBUG org.asynchttpclient.netty.request.NettyRequestSender - Using open Channel [id: 0xa21b36e8, L:/127.0.0.1:58861 - R:localhost/127.0.0.1:30531] for GET '/session/25b4bacb2236b3744b95e994d7263b9f/window'
19:54:33.474 [AsyncHttpClient-1-14] DEBUG org.asynchttpclient.netty.handler.HttpHandler - 

Request DefaultFullHttpRequest(decodeResult: success, version: HTTP/1.1, content: EmptyByteBufBE)
GET /session/25b4bacb2236b3744b95e994d7263b9f/window HTTP/1.1
User-Agent: selenium/4.7.1 (java windows)
Cache-Control: no-cache
Content-Type: application/json; charset=utf-8
host: localhost:30531
accept: */*

Response DefaultHttpResponse(decodeResult: success, version: HTTP/1.1)
HTTP/1.1 200 OK
Content-Type: application/json; charset=utf-8
cache-control: no-cache
content-length: 44

19:54:33.474 [AsyncHttpClient-1-14] DEBUG org.asynchttpclient.netty.channel.ChannelManager - Adding key: http://localhost:30531 for channel [id: 0xa21b36e8, L:/127.0.0.1:58861 - R:localhost/127.0.0.1:30531]
19:54:33.475 [Forwarding getAlertText on session 25b4bacb2236b3744b95e994d7263b9f to remote] DEBUG org.asynchttpclient.netty.request.NettyRequestSender - Using pooled Channel '[id: 0xa21b36e8, L:/127.0.0.1:58861 - R:localhost/127.0.0.1:30531]' for 'GET' to 'http://localhost:30531/session/25b4bacb2236b3744b95e994d7263b9f/alert/text'
19:54:33.475 [Forwarding getAlertText on session 25b4bacb2236b3744b95e994d7263b9f to remote] DEBUG org.asynchttpclient.netty.request.NettyRequestSender - Using open Channel [id: 0xa21b36e8, L:/127.0.0.1:58861 - R:localhost/127.0.0.1:30531] for GET '/session/25b4bacb2236b3744b95e994d7263b9f/alert/text'
19:54:33.477 [AsyncHttpClient-1-14] DEBUG org.asynchttpclient.netty.handler.HttpHandler - 

Request DefaultFullHttpRequest(decodeResult: success, version: HTTP/1.1, content: EmptyByteBufBE)
GET /session/25b4bacb2236b3744b95e994d7263b9f/alert/text HTTP/1.1
User-Agent: selenium/4.7.1 (java windows)
Cache-Control: no-cache
Content-Type: application/json; charset=utf-8
host: localhost:30531
accept: */*

Response DefaultHttpResponse(decodeResult: success, version: HTTP/1.1)
HTTP/1.1 404 Not Found
Content-Type: application/json; charset=utf-8
cache-control: no-cache
content-length: 821

19:54:33.477 [AsyncHttpClient-1-14] DEBUG org.asynchttpclient.netty.channel.ChannelManager - Adding key: http://localhost:30531 for channel [id: 0xa21b36e8, L:/127.0.0.1:58861 - R:localhost/127.0.0.1:30531]
19:54:33.479 [Forwarding switchToWindow on session 25b4bacb2236b3744b95e994d7263b9f to remote] DEBUG org.asynchttpclient.netty.request.NettyRequestSender - Using pooled Channel '[id: 0xa21b36e8, L:/127.0.0.1:58861 - R:localhost/127.0.0.1:30531]' for 'POST' to 'http://localhost:30531/session/25b4bacb2236b3744b95e994d7263b9f/window'
19:54:33.479 [Forwarding switchToWindow on session 25b4bacb2236b3744b95e994d7263b9f to remote] DEBUG org.asynchttpclient.netty.request.NettyRequestSender - Using open Channel [id: 0xa21b36e8, L:/127.0.0.1:58861 - R:localhost/127.0.0.1:30531] for POST '/session/25b4bacb2236b3744b95e994d7263b9f/window'
19:54:33.481 [AsyncHttpClient-1-14] DEBUG org.asynchttpclient.netty.handler.HttpHandler - 

Request DefaultHttpRequest(decodeResult: success, version: HTTP/1.1)
POST /session/25b4bacb2236b3744b95e994d7263b9f/window HTTP/1.1
User-Agent: selenium/4.7.1 (java windows)
Content-Length: 50
Content-Type: application/json; charset=utf-8
host: localhost:30531
accept: */*

Response DefaultHttpResponse(decodeResult: success, version: HTTP/1.1)
HTTP/1.1 200 OK
Content-Type: application/json; charset=utf-8
cache-control: no-cache
content-length: 14

19:54:33.481 [AsyncHttpClient-1-14] DEBUG org.asynchttpclient.netty.channel.ChannelManager - Adding key: http://localhost:30531 for channel [id: 0xa21b36e8, L:/127.0.0.1:58861 - R:localhost/127.0.0.1:30531]
19:54:33.482 [Forwarding getCurrentUrl on session 25b4bacb2236b3744b95e994d7263b9f to remote] DEBUG org.asynchttpclient.netty.request.NettyRequestSender - Using pooled Channel '[id: 0xa21b36e8, L:/127.0.0.1:58861 - R:localhost/127.0.0.1:30531]' for 'GET' to 'http://localhost:30531/session/25b4bacb2236b3744b95e994d7263b9f/url'
19:54:33.482 [Forwarding getCurrentUrl on session 25b4bacb2236b3744b95e994d7263b9f to remote] DEBUG org.asynchttpclient.netty.request.NettyRequestSender - Using open Channel [id: 0xa21b36e8, L:/127.0.0.1:58861 - R:localhost/127.0.0.1:30531] for GET '/session/25b4bacb2236b3744b95e994d7263b9f/url'
19:54:33.486 [AsyncHttpClient-1-14] DEBUG org.asynchttpclient.netty.handler.HttpHandler - 

Request DefaultFullHttpRequest(decodeResult: success, version: HTTP/1.1, content: EmptyByteBufBE)
GET /session/25b4bacb2236b3744b95e994d7263b9f/url HTTP/1.1
User-Agent: selenium/4.7.1 (java windows)
Cache-Control: no-cache
Content-Type: application/json; charset=utf-8
host: localhost:30531
accept: */*

Response DefaultHttpResponse(decodeResult: success, version: HTTP/1.1)
HTTP/1.1 200 OK
Content-Type: application/json; charset=utf-8
cache-control: no-cache
content-length: 51

19:54:33.487 [AsyncHttpClient-1-14] DEBUG org.asynchttpclient.netty.channel.ChannelManager - Adding key: http://localhost:30531 for channel [id: 0xa21b36e8, L:/127.0.0.1:58861 - R:localhost/127.0.0.1:30531]
19:54:33.488 [Forwarding screenshot on session 25b4bacb2236b3744b95e994d7263b9f to remote] DEBUG org.asynchttpclient.netty.request.NettyRequestSender - Using pooled Channel '[id: 0xa21b36e8, L:/127.0.0.1:58861 - R:localhost/127.0.0.1:30531]' for 'GET' to 'http://localhost:30531/session/25b4bacb2236b3744b95e994d7263b9f/screenshot'
19:54:33.488 [Forwarding screenshot on session 25b4bacb2236b3744b95e994d7263b9f to remote] DEBUG org.asynchttpclient.netty.request.NettyRequestSender - Using open Channel [id: 0xa21b36e8, L:/127.0.0.1:58861 - R:localhost/127.0.0.1:30531] for GET '/session/25b4bacb2236b3744b95e994d7263b9f/screenshot'
19:54:33.929 [AsyncHttpClient-1-14] DEBUG org.asynchttpclient.netty.handler.HttpHandler - 

Request DefaultFullHttpRequest(decodeResult: success, version: HTTP/1.1, content: EmptyByteBufBE)
GET /session/25b4bacb2236b3744b95e994d7263b9f/screenshot HTTP/1.1
User-Agent: selenium/4.7.1 (java windows)
Cache-Control: no-cache
Content-Type: application/json; charset=utf-8
host: localhost:30531
accept: */*

Response DefaultHttpResponse(decodeResult: success, version: HTTP/1.1)
HTTP/1.1 200 OK
Content-Type: application/json; charset=utf-8
cache-control: no-cache
content-length: 28148

19:54:33.930 [AsyncHttpClient-1-14] DEBUG org.asynchttpclient.netty.channel.ChannelManager - Adding key: http://localhost:30531 for channel [id: 0xa21b36e8, L:/127.0.0.1:58861 - R:localhost/127.0.0.1:30531]
19:54:33.931 [main] DEBUG net.serenitybdd.core.photography.Darkroom - Send negative for processing for target\site\serenity\fa346747857314594a3627cf11137ba71503b870cff5b86ec0022cb12ba7e2cd.png
19:54:33.932 [main] DEBUG net.thucydides.core.steps.StepInterceptor - STEP DONE: klikButtonLoginKedua
  &amp#27;[32mGiven &amp#27;[0m&amp#27;[32muser berada di Homepage AltaShop dan login akun&amp#27;[0m                   &amp#27;[90m# starter.stepdefinitions.TransaksiSteps.userBeradaDiHomepageAltaShopDanLoginAkun()&amp#27;[0m
19:54:33.932 [Darkroom Processing Line] DEBUG net.serenitybdd.core.photography.DarkroomProcessingLine - Processing screenshot image in /var/screenshots/screenshot-584642615532842660
19:54:33.932 [Darkroom Processing Line] DEBUG net.serenitybdd.core.photography.DarkroomProcessingLine - Saving screenshot to target\site\serenity\fa346747857314594a3627cf11137ba71503b870cff5b86ec0022cb12ba7e2cd.png
19:54:33.944 [main] DEBUG net.thucydides.core.steps.StepInterceptor - STARTING STEP: TransaksiSteps.userKlikBeliPadaProdukYangDiinginkan - diHomepageKembali
19:54:33.945 [Forwarding findElement on session 25b4bacb2236b3744b95e994d7263b9f to remote] DEBUG org.asynchttpclient.netty.request.NettyRequestSender - Using pooled Channel '[id: 0xa21b36e8, L:/127.0.0.1:58861 - R:localhost/127.0.0.1:30531]' for 'POST' to 'http://localhost:30531/session/25b4bacb2236b3744b95e994d7263b9f/element'
19:54:33.945 [Forwarding findElement on session 25b4bacb2236b3744b95e994d7263b9f to remote] DEBUG org.asynchttpclient.netty.request.NettyRequestSender - Using open Channel [id: 0xa21b36e8, L:/127.0.0.1:58861 - R:localhost/127.0.0.1:30531] for POST '/session/25b4bacb2236b3744b95e994d7263b9f/element'
19:54:34.115 [AsyncHttpClient-1-1] DEBUG org.asynchttpclient.netty.channel.DefaultChannelPool - Entry count for : http://localhost:58862 : 1
19:54:34.551 [AsyncHttpClient-1-14] DEBUG org.asynchttpclient.netty.handler.HttpHandler - 

Request DefaultHttpRequest(decodeResult: success, version: HTTP/1.1)
POST /session/25b4bacb2236b3744b95e994d7263b9f/element HTTP/1.1
User-Agent: selenium/4.7.1 (java windows)
Content-Length: 194
Content-Type: application/json; charset=utf-8
host: localhost:30531
accept: */*

Response DefaultHttpResponse(decodeResult: success, version: HTTP/1.1)
HTTP/1.1 200 OK
Content-Type: application/json; charset=utf-8
cache-control: no-cache
content-length: 88

19:54:34.551 [AsyncHttpClient-1-14] DEBUG org.asynchttpclient.netty.channel.ChannelManager - Adding key: http://localhost:30531 for channel [id: 0xa21b36e8, L:/127.0.0.1:58861 - R:localhost/127.0.0.1:30531]
19:54:34.556 [Forwarding isElementDisplayed on session 25b4bacb2236b3744b95e994d7263b9f to remote] DEBUG org.asynchttpclient.netty.request.NettyRequestSender - Using pooled Channel '[id: 0xa21b36e8, L:/127.0.0.1:58861 - R:localhost/127.0.0.1:30531]' for 'POST' to 'http://localhost:30531/session/25b4bacb2236b3744b95e994d7263b9f/execute/sync'
19:54:34.556 [Forwarding isElementDisplayed on session 25b4bacb2236b3744b95e994d7263b9f to remote] DEBUG org.asynchttpclient.netty.request.NettyRequestSender - Using open Channel [id: 0xa21b36e8, L:/127.0.0.1:58861 - R:localhost/127.0.0.1:30531] for POST '/session/25b4bacb2236b3744b95e994d7263b9f/execute/sync'
19:54:34.567 [AsyncHttpClient-1-14] DEBUG org.asynchttpclient.netty.handler.HttpHandler - 

Request DefaultHttpRequest(decodeResult: success, version: HTTP/1.1)
POST /session/25b4bacb2236b3744b95e994d7263b9f/execute/sync HTTP/1.1
User-Agent: selenium/4.7.1 (java windows)
Content-Length: 48780
Content-Type: application/json; charset=utf-8
host: localhost:30531
accept: */*

Response DefaultHttpResponse(decodeResult: success, version: HTTP/1.1)
HTTP/1.1 200 OK
Content-Type: application/json; charset=utf-8
cache-control: no-cache
content-length: 14

19:54:34.568 [AsyncHttpClient-1-14] DEBUG org.asynchttpclient.netty.channel.ChannelManager - Adding key: http://localhost:30531 for channel [id: 0xa21b36e8, L:/127.0.0.1:58861 - R:localhost/127.0.0.1:30531]
19:54:34.570 [Forwarding isElementDisplayed on session 25b4bacb2236b3744b95e994d7263b9f to remote] DEBUG org.asynchttpclient.netty.request.NettyRequestSender - Using pooled Channel '[id: 0xa21b36e8, L:/127.0.0.1:58861 - R:localhost/127.0.0.1:30531]' for 'POST' to 'http://localhost:30531/session/25b4bacb2236b3744b95e994d7263b9f/execute/sync'
19:54:34.570 [Forwarding isElementDisplayed on session 25b4bacb2236b3744b95e994d7263b9f to remote] DEBUG org.asynchttpclient.netty.request.NettyRequestSender - Using open Channel [id: 0xa21b36e8, L:/127.0.0.1:58861 - R:localhost/127.0.0.1:30531] for POST '/session/25b4bacb2236b3744b95e994d7263b9f/execute/sync'
19:54:34.579 [AsyncHttpClient-1-14] DEBUG org.asynchttpclient.netty.handler.HttpHandler - 

Request DefaultHttpRequest(decodeResult: success, version: HTTP/1.1)
POST /session/25b4bacb2236b3744b95e994d7263b9f/execute/sync HTTP/1.1
User-Agent: selenium/4.7.1 (java windows)
Content-Length: 48780
Content-Type: application/json; charset=utf-8
host: localhost:30531
accept: */*

Response DefaultHttpResponse(decodeResult: success, version: HTTP/1.1)
HTTP/1.1 200 OK
Content-Type: application/json; charset=utf-8
cache-control: no-cache
content-length: 14

19:54:34.579 [AsyncHttpClient-1-14] DEBUG org.asynchttpclient.netty.channel.ChannelManager - Adding key: http://localhost:30531 for channel [id: 0xa21b36e8, L:/127.0.0.1:58861 - R:localhost/127.0.0.1:30531]
19:54:34.583 [Forwarding getCurrentWindowHandle on session 25b4bacb2236b3744b95e994d7263b9f to remote] DEBUG org.asynchttpclient.netty.request.NettyRequestSender - Using pooled Channel '[id: 0xa21b36e8, L:/127.0.0.1:58861 - R:localhost/127.0.0.1:30531]' for 'GET' to 'http://localhost:30531/session/25b4bacb2236b3744b95e994d7263b9f/window'
19:54:34.583 [Forwarding getCurrentWindowHandle on session 25b4bacb2236b3744b95e994d7263b9f to remote] DEBUG org.asynchttpclient.netty.request.NettyRequestSender - Using open Channel [id: 0xa21b36e8, L:/127.0.0.1:58861 - R:localhost/127.0.0.1:30531] for GET '/session/25b4bacb2236b3744b95e994d7263b9f/window'
19:54:34.584 [AsyncHttpClient-1-14] DEBUG org.asynchttpclient.netty.handler.HttpHandler - 

Request DefaultFullHttpRequest(decodeResult: success, version: HTTP/1.1, content: EmptyByteBufBE)
GET /session/25b4bacb2236b3744b95e994d7263b9f/window HTTP/1.1
User-Agent: selenium/4.7.1 (java windows)
Cache-Control: no-cache
Content-Type: application/json; charset=utf-8
host: localhost:30531
accept: */*

Response DefaultHttpResponse(decodeResult: success, version: HTTP/1.1)
HTTP/1.1 200 OK
Content-Type: application/json; charset=utf-8
cache-control: no-cache
content-length: 44

19:54:34.584 [AsyncHttpClient-1-14] DEBUG org.asynchttpclient.netty.channel.ChannelManager - Adding key: http://localhost:30531 for channel [id: 0xa21b36e8, L:/127.0.0.1:58861 - R:localhost/127.0.0.1:30531]
19:54:34.585 [Forwarding getAlertText on session 25b4bacb2236b3744b95e994d7263b9f to remote] DEBUG org.asynchttpclient.netty.request.NettyRequestSender - Using pooled Channel '[id: 0xa21b36e8, L:/127.0.0.1:58861 - R:localhost/127.0.0.1:30531]' for 'GET' to 'http://localhost:30531/session/25b4bacb2236b3744b95e994d7263b9f/alert/text'
19:54:34.585 [Forwarding getAlertText on session 25b4bacb2236b3744b95e994d7263b9f to remote] DEBUG org.asynchttpclient.netty.request.NettyRequestSender - Using open Channel [id: 0xa21b36e8, L:/127.0.0.1:58861 - R:localhost/127.0.0.1:30531] for GET '/session/25b4bacb2236b3744b95e994d7263b9f/alert/text'
19:54:34.587 [AsyncHttpClient-1-14] DEBUG org.asynchttpclient.netty.handler.HttpHandler - 

Request DefaultFullHttpRequest(decodeResult: success, version: HTTP/1.1, content: EmptyByteBufBE)
GET /session/25b4bacb2236b3744b95e994d7263b9f/alert/text HTTP/1.1
User-Agent: selenium/4.7.1 (java windows)
Cache-Control: no-cache
Content-Type: application/json; charset=utf-8
host: localhost:30531
accept: */*

Response DefaultHttpResponse(decodeResult: success, version: HTTP/1.1)
HTTP/1.1 404 Not Found
Content-Type: application/json; charset=utf-8
cache-control: no-cache
content-length: 821

19:54:34.587 [AsyncHttpClient-1-14] DEBUG org.asynchttpclient.netty.channel.ChannelManager - Adding key: http://localhost:30531 for channel [id: 0xa21b36e8, L:/127.0.0.1:58861 - R:localhost/127.0.0.1:30531]
19:54:34.589 [Forwarding switchToWindow on session 25b4bacb2236b3744b95e994d7263b9f to remote] DEBUG org.asynchttpclient.netty.request.NettyRequestSender - Using pooled Channel '[id: 0xa21b36e8, L:/127.0.0.1:58861 - R:localhost/127.0.0.1:30531]' for 'POST' to 'http://localhost:30531/session/25b4bacb2236b3744b95e994d7263b9f/window'
19:54:34.589 [Forwarding switchToWindow on session 25b4bacb2236b3744b95e994d7263b9f to remote] DEBUG org.asynchttpclient.netty.request.NettyRequestSender - Using open Channel [id: 0xa21b36e8, L:/127.0.0.1:58861 - R:localhost/127.0.0.1:30531] for POST '/session/25b4bacb2236b3744b95e994d7263b9f/window'
19:54:34.590 [AsyncHttpClient-1-14] DEBUG org.asynchttpclient.netty.handler.HttpHandler - 

Request DefaultHttpRequest(decodeResult: success, version: HTTP/1.1)
POST /session/25b4bacb2236b3744b95e994d7263b9f/window HTTP/1.1
User-Agent: selenium/4.7.1 (java windows)
Content-Length: 50
Content-Type: application/json; charset=utf-8
host: localhost:30531
accept: */*

Response DefaultHttpResponse(decodeResult: success, version: HTTP/1.1)
HTTP/1.1 200 OK
Content-Type: application/json; charset=utf-8
cache-control: no-cache
content-length: 14

19:54:34.591 [AsyncHttpClient-1-14] DEBUG org.asynchttpclient.netty.channel.ChannelManager - Adding key: http://localhost:30531 for channel [id: 0xa21b36e8, L:/127.0.0.1:58861 - R:localhost/127.0.0.1:30531]
19:54:34.591 [Forwarding getCurrentUrl on session 25b4bacb2236b3744b95e994d7263b9f to remote] DEBUG org.asynchttpclient.netty.request.NettyRequestSender - Using pooled Channel '[id: 0xa21b36e8, L:/127.0.0.1:58861 - R:localhost/127.0.0.1:30531]' for 'GET' to 'http://localhost:30531/session/25b4bacb2236b3744b95e994d7263b9f/url'
19:54:34.592 [Forwarding getCurrentUrl on session 25b4bacb2236b3744b95e994d7263b9f to remote] DEBUG org.asynchttpclient.netty.request.NettyRequestSender - Using open Channel [id: 0xa21b36e8, L:/127.0.0.1:58861 - R:localhost/127.0.0.1:30531] for GET '/session/25b4bacb2236b3744b95e994d7263b9f/url'
19:54:34.595 [AsyncHttpClient-1-14] DEBUG org.asynchttpclient.netty.handler.HttpHandler - 

Request DefaultFullHttpRequest(decodeResult: success, version: HTTP/1.1, content: EmptyByteBufBE)
GET /session/25b4bacb2236b3744b95e994d7263b9f/url HTTP/1.1
User-Agent: selenium/4.7.1 (java windows)
Cache-Control: no-cache
Content-Type: application/json; charset=utf-8
host: localhost:30531
accept: */*

Response DefaultHttpResponse(decodeResult: success, version: HTTP/1.1)
HTTP/1.1 200 OK
Content-Type: application/json; charset=utf-8
cache-control: no-cache
content-length: 41

19:54:34.595 [AsyncHttpClient-1-14] DEBUG org.asynchttpclient.netty.channel.ChannelManager - Adding key: http://localhost:30531 for channel [id: 0xa21b36e8, L:/127.0.0.1:58861 - R:localhost/127.0.0.1:30531]
19:54:34.596 [Forwarding screenshot on session 25b4bacb2236b3744b95e994d7263b9f to remote] DEBUG org.asynchttpclient.netty.request.NettyRequestSender - Using pooled Channel '[id: 0xa21b36e8, L:/127.0.0.1:58861 - R:localhost/127.0.0.1:30531]' for 'GET' to 'http://localhost:30531/session/25b4bacb2236b3744b95e994d7263b9f/screenshot'
19:54:34.596 [Forwarding screenshot on session 25b4bacb2236b3744b95e994d7263b9f to remote] DEBUG org.asynchttpclient.netty.request.NettyRequestSender - Using open Channel [id: 0xa21b36e8, L:/127.0.0.1:58861 - R:localhost/127.0.0.1:30531] for GET '/session/25b4bacb2236b3744b95e994d7263b9f/screenshot'
19:54:34.660 [AsyncHttpClient-1-14] DEBUG org.asynchttpclient.netty.handler.HttpHandler - 

Request DefaultFullHttpRequest(decodeResult: success, version: HTTP/1.1, content: EmptyByteBufBE)
GET /session/25b4bacb2236b3744b95e994d7263b9f/screenshot HTTP/1.1
User-Agent: selenium/4.7.1 (java windows)
Cache-Control: no-cache
Content-Type: application/json; charset=utf-8
host: localhost:30531
accept: */*

Response DefaultHttpResponse(decodeResult: success, version: HTTP/1.1)
HTTP/1.1 200 OK
Content-Type: application/json; charset=utf-8
cache-control: no-cache
content-length: 95180

19:54:34.660 [AsyncHttpClient-1-14] DEBUG org.asynchttpclient.netty.channel.ChannelManager - Adding key: http://localhost:30531 for channel [id: 0xa21b36e8, L:/127.0.0.1:58861 - R:localhost/127.0.0.1:30531]
19:54:34.660 [main] DEBUG net.serenitybdd.core.photography.Darkroom - Send negative for processing for target\site\serenity\b143a0c12e9b10d237a868db7775b7d159d37ec6bdc8fb38b20df630fdbd6aa7.png
19:54:34.660 [main] DEBUG net.thucydides.core.steps.StepInterceptor - STEP DONE: diHomepageKembali
19:54:34.676 [main] DEBUG net.thucydides.core.steps.StepInterceptor - STARTING STEP: TransaksiSteps.userKlikBeliPadaProdukYangDiinginkan - klikButtonBeli
19:54:34.676 [Forwarding findElement on session 25b4bacb2236b3744b95e994d7263b9f to remote] DEBUG org.asynchttpclient.netty.request.NettyRequestSender - Using pooled Channel '[id: 0xa21b36e8, L:/127.0.0.1:58861 - R:localhost/127.0.0.1:30531]' for 'POST' to 'http://localhost:30531/session/25b4bacb2236b3744b95e994d7263b9f/element'
19:54:34.676 [Forwarding findElement on session 25b4bacb2236b3744b95e994d7263b9f to remote] DEBUG org.asynchttpclient.netty.request.NettyRequestSender - Using open Channel [id: 0xa21b36e8, L:/127.0.0.1:58861 - R:localhost/127.0.0.1:30531] for POST '/session/25b4bacb2236b3744b95e994d7263b9f/element'
19:54:34.676 [AsyncHttpClient-1-14] DEBUG org.asynchttpclient.netty.handler.HttpHandler - 

Request DefaultHttpRequest(decodeResult: success, version: HTTP/1.1)
POST /session/25b4bacb2236b3744b95e994d7263b9f/element HTTP/1.1
User-Agent: selenium/4.7.1 (java windows)
Content-Length: 194
Content-Type: application/json; charset=utf-8
host: localhost:30531
accept: */*

Response DefaultHttpResponse(decodeResult: success, version: HTTP/1.1)
HTTP/1.1 200 OK
Content-Type: application/json; charset=utf-8
cache-control: no-cache
content-length: 88

19:54:34.676 [AsyncHttpClient-1-14] DEBUG org.asynchttpclient.netty.channel.ChannelManager - Adding key: http://localhost:30531 for channel [id: 0xa21b36e8, L:/127.0.0.1:58861 - R:localhost/127.0.0.1:30531]
19:54:34.676 [Forwarding getElementTagName on session 25b4bacb2236b3744b95e994d7263b9f to remote] DEBUG org.asynchttpclient.netty.request.NettyRequestSender - Using pooled Channel '[id: 0xa21b36e8, L:/127.0.0.1:58861 - R:localhost/127.0.0.1:30531]' for 'GET' to 'http://localhost:30531/session/25b4bacb2236b3744b95e994d7263b9f/element/f98f4d10-977b-47f4-8200-578504d99c93/name'
19:54:34.676 [Forwarding getElementTagName on session 25b4bacb2236b3744b95e994d7263b9f to remote] DEBUG org.asynchttpclient.netty.request.NettyRequestSender - Using open Channel [id: 0xa21b36e8, L:/127.0.0.1:58861 - R:localhost/127.0.0.1:30531] for GET '/session/25b4bacb2236b3744b95e994d7263b9f/element/f98f4d10-977b-47f4-8200-578504d99c93/name'
19:54:34.691 [AsyncHttpClient-1-14] DEBUG org.asynchttpclient.netty.handler.HttpHandler - 

Request DefaultFullHttpRequest(decodeResult: success, version: HTTP/1.1, content: EmptyByteBufBE)
GET /session/25b4bacb2236b3744b95e994d7263b9f/element/f98f4d10-977b-47f4-8200-578504d99c93/name HTTP/1.1
User-Agent: selenium/4.7.1 (java windows)
Cache-Control: no-cache
Content-Type: application/json; charset=utf-8
host: localhost:30531
accept: */*

Response DefaultHttpResponse(decodeResult: success, version: HTTP/1.1)
HTTP/1.1 200 OK
Content-Type: application/json; charset=utf-8
cache-control: no-cache
content-length: 16

19:54:34.691 [AsyncHttpClient-1-14] DEBUG org.asynchttpclient.netty.channel.ChannelManager - Adding key: http://localhost:30531 for channel [id: 0xa21b36e8, L:/127.0.0.1:58861 - R:localhost/127.0.0.1:30531]
19:54:34.691 [Forwarding getElementTagName on session 25b4bacb2236b3744b95e994d7263b9f to remote] DEBUG org.asynchttpclient.netty.request.NettyRequestSender - Using pooled Channel '[id: 0xa21b36e8, L:/127.0.0.1:58861 - R:localhost/127.0.0.1:30531]' for 'GET' to 'http://localhost:30531/session/25b4bacb2236b3744b95e994d7263b9f/element/f98f4d10-977b-47f4-8200-578504d99c93/name'
19:54:34.691 [Forwarding getElementTagName on session 25b4bacb2236b3744b95e994d7263b9f to remote] DEBUG org.asynchttpclient.netty.request.NettyRequestSender - Using open Channel [id: 0xa21b36e8, L:/127.0.0.1:58861 - R:localhost/127.0.0.1:30531] for GET '/session/25b4bacb2236b3744b95e994d7263b9f/element/f98f4d10-977b-47f4-8200-578504d99c93/name'
19:54:34.691 [AsyncHttpClient-1-14] DEBUG org.asynchttpclient.netty.handler.HttpHandler - 

Request DefaultFullHttpRequest(decodeResult: success, version: HTTP/1.1, content: EmptyByteBufBE)
GET /session/25b4bacb2236b3744b95e994d7263b9f/element/f98f4d10-977b-47f4-8200-578504d99c93/name HTTP/1.1
User-Agent: selenium/4.7.1 (java windows)
Cache-Control: no-cache
Content-Type: application/json; charset=utf-8
host: localhost:30531
accept: */*

Response DefaultHttpResponse(decodeResult: success, version: HTTP/1.1)
HTTP/1.1 200 OK
Content-Type: application/json; charset=utf-8
cache-control: no-cache
content-length: 16

19:54:34.691 [AsyncHttpClient-1-14] DEBUG org.asynchttpclient.netty.channel.ChannelManager - Adding key: http://localhost:30531 for channel [id: 0xa21b36e8, L:/127.0.0.1:58861 - R:localhost/127.0.0.1:30531]
19:54:34.691 [Forwarding findElement on session 25b4bacb2236b3744b95e994d7263b9f to remote] DEBUG org.asynchttpclient.netty.request.NettyRequestSender - Using pooled Channel '[id: 0xa21b36e8, L:/127.0.0.1:58861 - R:localhost/127.0.0.1:30531]' for 'POST' to 'http://localhost:30531/session/25b4bacb2236b3744b95e994d7263b9f/element'
19:54:34.691 [Forwarding findElement on session 25b4bacb2236b3744b95e994d7263b9f to remote] DEBUG org.asynchttpclient.netty.request.NettyRequestSender - Using open Channel [id: 0xa21b36e8, L:/127.0.0.1:58861 - R:localhost/127.0.0.1:30531] for POST '/session/25b4bacb2236b3744b95e994d7263b9f/element'
19:54:34.707 [AsyncHttpClient-1-14] DEBUG org.asynchttpclient.netty.handler.HttpHandler - 

Request DefaultHttpRequest(decodeResult: success, version: HTTP/1.1)
POST /session/25b4bacb2236b3744b95e994d7263b9f/element HTTP/1.1
User-Agent: selenium/4.7.1 (java windows)
Content-Length: 194
Content-Type: application/json; charset=utf-8
host: localhost:30531
accept: */*

Response DefaultHttpResponse(decodeResult: success, version: HTTP/1.1)
HTTP/1.1 200 OK
Content-Type: application/json; charset=utf-8
cache-control: no-cache
content-length: 88

19:54:34.707 [AsyncHttpClient-1-14] DEBUG org.asynchttpclient.netty.channel.ChannelManager - Adding key: http://localhost:30531 for channel [id: 0xa21b36e8, L:/127.0.0.1:58861 - R:localhost/127.0.0.1:30531]
19:54:34.707 [Forwarding clickElement on session 25b4bacb2236b3744b95e994d7263b9f to remote] DEBUG org.asynchttpclient.netty.request.NettyRequestSender - Using pooled Channel '[id: 0xa21b36e8, L:/127.0.0.1:58861 - R:localhost/127.0.0.1:30531]' for 'POST' to 'http://localhost:30531/session/25b4bacb2236b3744b95e994d7263b9f/element/f98f4d10-977b-47f4-8200-578504d99c93/click'
19:54:34.707 [Forwarding clickElement on session 25b4bacb2236b3744b95e994d7263b9f to remote] DEBUG org.asynchttpclient.netty.request.NettyRequestSender - Using open Channel [id: 0xa21b36e8, L:/127.0.0.1:58861 - R:localhost/127.0.0.1:30531] for POST '/session/25b4bacb2236b3744b95e994d7263b9f/element/f98f4d10-977b-47f4-8200-578504d99c93/click'
19:54:34.760 [AsyncHttpClient-1-14] DEBUG org.asynchttpclient.netty.handler.HttpHandler - 

Request DefaultHttpRequest(decodeResult: success, version: HTTP/1.1)
POST /session/25b4bacb2236b3744b95e994d7263b9f/element/f98f4d10-977b-47f4-8200-578504d99c93/click HTTP/1.1
User-Agent: selenium/4.7.1 (java windows)
Content-Length: 50
Content-Type: application/json; charset=utf-8
host: localhost:30531
accept: */*

Response DefaultHttpResponse(decodeResult: success, version: HTTP/1.1)
HTTP/1.1 200 OK
Content-Type: application/json; charset=utf-8
cache-control: no-cache
content-length: 14

19:54:34.763 [AsyncHttpClient-1-14] DEBUG org.asynchttpclient.netty.channel.ChannelManager - Adding key: http://localhost:30531 for channel [id: 0xa21b36e8, L:/127.0.0.1:58861 - R:localhost/127.0.0.1:30531]
19:54:34.768 [Forwarding getCurrentWindowHandle on session 25b4bacb2236b3744b95e994d7263b9f to remote] DEBUG org.asynchttpclient.netty.request.NettyRequestSender - Using pooled Channel '[id: 0xa21b36e8, L:/127.0.0.1:58861 - R:localhost/127.0.0.1:30531]' for 'GET' to 'http://localhost:30531/session/25b4bacb2236b3744b95e994d7263b9f/window'
19:54:34.768 [Forwarding getCurrentWindowHandle on session 25b4bacb2236b3744b95e994d7263b9f to remote] DEBUG org.asynchttpclient.netty.request.NettyRequestSender - Using open Channel [id: 0xa21b36e8, L:/127.0.0.1:58861 - R:localhost/127.0.0.1:30531] for GET '/session/25b4bacb2236b3744b95e994d7263b9f/window'
19:54:34.769 [AsyncHttpClient-1-14] DEBUG org.asynchttpclient.netty.handler.HttpHandler - 

Request DefaultFullHttpRequest(decodeResult: success, version: HTTP/1.1, content: EmptyByteBufBE)
GET /session/25b4bacb2236b3744b95e994d7263b9f/window HTTP/1.1
User-Agent: selenium/4.7.1 (java windows)
Cache-Control: no-cache
Content-Type: application/json; charset=utf-8
host: localhost:30531
accept: */*

Response DefaultHttpResponse(decodeResult: success, version: HTTP/1.1)
HTTP/1.1 200 OK
Content-Type: application/json; charset=utf-8
cache-control: no-cache
content-length: 44

19:54:34.769 [AsyncHttpClient-1-14] DEBUG org.asynchttpclient.netty.channel.ChannelManager - Adding key: http://localhost:30531 for channel [id: 0xa21b36e8, L:/127.0.0.1:58861 - R:localhost/127.0.0.1:30531]
19:54:34.770 [Forwarding getAlertText on session 25b4bacb2236b3744b95e994d7263b9f to remote] DEBUG org.asynchttpclient.netty.request.NettyRequestSender - Using pooled Channel '[id: 0xa21b36e8, L:/127.0.0.1:58861 - R:localhost/127.0.0.1:30531]' for 'GET' to 'http://localhost:30531/session/25b4bacb2236b3744b95e994d7263b9f/alert/text'
19:54:34.770 [Forwarding getAlertText on session 25b4bacb2236b3744b95e994d7263b9f to remote] DEBUG org.asynchttpclient.netty.request.NettyRequestSender - Using open Channel [id: 0xa21b36e8, L:/127.0.0.1:58861 - R:localhost/127.0.0.1:30531] for GET '/session/25b4bacb2236b3744b95e994d7263b9f/alert/text'
19:54:34.772 [AsyncHttpClient-1-14] DEBUG org.asynchttpclient.netty.handler.HttpHandler - 

Request DefaultFullHttpRequest(decodeResult: success, version: HTTP/1.1, content: EmptyByteBufBE)
GET /session/25b4bacb2236b3744b95e994d7263b9f/alert/text HTTP/1.1
User-Agent: selenium/4.7.1 (java windows)
Cache-Control: no-cache
Content-Type: application/json; charset=utf-8
host: localhost:30531
accept: */*

Response DefaultHttpResponse(decodeResult: success, version: HTTP/1.1)
HTTP/1.1 404 Not Found
Content-Type: application/json; charset=utf-8
cache-control: no-cache
content-length: 821

19:54:34.772 [AsyncHttpClient-1-14] DEBUG org.asynchttpclient.netty.channel.ChannelManager - Adding key: http://localhost:30531 for channel [id: 0xa21b36e8, L:/127.0.0.1:58861 - R:localhost/127.0.0.1:30531]
19:54:34.774 [Forwarding switchToWindow on session 25b4bacb2236b3744b95e994d7263b9f to remote] DEBUG org.asynchttpclient.netty.request.NettyRequestSender - Using pooled Channel '[id: 0xa21b36e8, L:/127.0.0.1:58861 - R:localhost/127.0.0.1:30531]' for 'POST' to 'http://localhost:30531/session/25b4bacb2236b3744b95e994d7263b9f/window'
19:54:34.774 [Forwarding switchToWindow on session 25b4bacb2236b3744b95e994d7263b9f to remote] DEBUG org.asynchttpclient.netty.request.NettyRequestSender - Using open Channel [id: 0xa21b36e8, L:/127.0.0.1:58861 - R:localhost/127.0.0.1:30531] for POST '/session/25b4bacb2236b3744b95e994d7263b9f/window'
19:54:34.775 [AsyncHttpClient-1-14] DEBUG org.asynchttpclient.netty.handler.HttpHandler - 

Request DefaultHttpRequest(decodeResult: success, version: HTTP/1.1)
POST /session/25b4bacb2236b3744b95e994d7263b9f/window HTTP/1.1
User-Agent: selenium/4.7.1 (java windows)
Content-Length: 50
Content-Type: application/json; charset=utf-8
host: localhost:30531
accept: */*

Response DefaultHttpResponse(decodeResult: success, version: HTTP/1.1)
HTTP/1.1 200 OK
Content-Type: application/json; charset=utf-8
cache-control: no-cache
content-length: 14

19:54:34.775 [AsyncHttpClient-1-14] DEBUG org.asynchttpclient.netty.channel.ChannelManager - Adding key: http://localhost:30531 for channel [id: 0xa21b36e8, L:/127.0.0.1:58861 - R:localhost/127.0.0.1:30531]
19:54:34.776 [Forwarding getCurrentUrl on session 25b4bacb2236b3744b95e994d7263b9f to remote] DEBUG org.asynchttpclient.netty.request.NettyRequestSender - Using pooled Channel '[id: 0xa21b36e8, L:/127.0.0.1:58861 - R:localhost/127.0.0.1:30531]' for 'GET' to 'http://localhost:30531/session/25b4bacb2236b3744b95e994d7263b9f/url'
19:54:34.776 [Forwarding getCurrentUrl on session 25b4bacb2236b3744b95e994d7263b9f to remote] DEBUG org.asynchttpclient.netty.request.NettyRequestSender - Using open Channel [id: 0xa21b36e8, L:/127.0.0.1:58861 - R:localhost/127.0.0.1:30531] for GET '/session/25b4bacb2236b3744b95e994d7263b9f/url'
19:54:34.781 [AsyncHttpClient-1-14] DEBUG org.asynchttpclient.netty.handler.HttpHandler - 

Request DefaultFullHttpRequest(decodeResult: success, version: HTTP/1.1, content: EmptyByteBufBE)
GET /session/25b4bacb2236b3744b95e994d7263b9f/url HTTP/1.1
User-Agent: selenium/4.7.1 (java windows)
Cache-Control: no-cache
Content-Type: application/json; charset=utf-8
host: localhost:30531
accept: */*

Response DefaultHttpResponse(decodeResult: success, version: HTTP/1.1)
HTTP/1.1 200 OK
Content-Type: application/json; charset=utf-8
cache-control: no-cache
content-length: 41

19:54:34.781 [AsyncHttpClient-1-14] DEBUG org.asynchttpclient.netty.channel.ChannelManager - Adding key: http://localhost:30531 for channel [id: 0xa21b36e8, L:/127.0.0.1:58861 - R:localhost/127.0.0.1:30531]
19:54:34.782 [Forwarding screenshot on session 25b4bacb2236b3744b95e994d7263b9f to remote] DEBUG org.asynchttpclient.netty.request.NettyRequestSender - Using pooled Channel '[id: 0xa21b36e8, L:/127.0.0.1:58861 - R:localhost/127.0.0.1:30531]' for 'GET' to 'http://localhost:30531/session/25b4bacb2236b3744b95e994d7263b9f/screenshot'
19:54:34.782 [Forwarding screenshot on session 25b4bacb2236b3744b95e994d7263b9f to remote] DEBUG org.asynchttpclient.netty.request.NettyRequestSender - Using open Channel [id: 0xa21b36e8, L:/127.0.0.1:58861 - R:localhost/127.0.0.1:30531] for GET '/session/25b4bacb2236b3744b95e994d7263b9f/screenshot'
19:54:34.893 [AsyncHttpClient-1-14] DEBUG org.asynchttpclient.netty.handler.HttpHandler - 

Request DefaultFullHttpRequest(decodeResult: success, version: HTTP/1.1, content: EmptyByteBufBE)
GET /session/25b4bacb2236b3744b95e994d7263b9f/screenshot HTTP/1.1
User-Agent: selenium/4.7.1 (java windows)
Cache-Control: no-cache
Content-Type: application/json; charset=utf-8
host: localhost:30531
accept: */*

Response DefaultHttpResponse(decodeResult: success, version: HTTP/1.1)
HTTP/1.1 200 OK
Content-Type: application/json; charset=utf-8
cache-control: no-cache
content-length: 96624

19:54:34.894 [AsyncHttpClient-1-14] DEBUG org.asynchttpclient.netty.channel.ChannelManager - Adding key: http://localhost:30531 for channel [id: 0xa21b36e8, L:/127.0.0.1:58861 - R:localhost/127.0.0.1:30531]
19:54:34.898 [main] DEBUG net.serenitybdd.core.photography.Darkroom - Send negative for processing for target\site\serenity\76f1acb373fed6bbd0dd4c14f1921085e0ae3be750d013d6d65748784a6a38e6.png
19:54:34.898 [main] DEBUG net.thucydides.core.steps.StepInterceptor - STEP DONE: klikButtonBeli
  &amp#27;[32mWhen &amp#27;[0m&amp#27;[32muser berada di homepage lalu klik beli pada produk yang diinginkan&amp#27;[0m &amp#27;[90m# starter.stepdefinitions.TransaksiSteps.userKlikBeliPadaProdukYangDiinginkan()&amp#27;[0m
19:54:34.898 [Darkroom Processing Line] DEBUG net.serenitybdd.core.photography.DarkroomProcessingLine - Processing screenshot image in /var/screenshots/screenshot-16819811198192772703
19:54:34.898 [Darkroom Processing Line] DEBUG net.serenitybdd.core.photography.DarkroomProcessingLine - Saving screenshot to target\site\serenity\76f1acb373fed6bbd0dd4c14f1921085e0ae3be750d013d6d65748784a6a38e6.png
  &amp#27;[32mAnd &amp#27;[0m&amp#27;[32mmuncul notif pada cart&amp#27;[0m                                              &amp#27;[90m# starter.stepdefinitions.TransaksiSteps.munculNotifPadaCart()&amp#27;[0m
19:54:34.917 [main] DEBUG net.thucydides.core.steps.StepInterceptor - STARTING STEP: TransaksiSteps.userKlikCart - klikButtonCart
19:54:34.919 [Forwarding findElement on session 25b4bacb2236b3744b95e994d7263b9f to remote] DEBUG org.asynchttpclient.netty.request.NettyRequestSender - Using pooled Channel '[id: 0xa21b36e8, L:/127.0.0.1:58861 - R:localhost/127.0.0.1:30531]' for 'POST' to 'http://localhost:30531/session/25b4bacb2236b3744b95e994d7263b9f/element'
19:54:34.919 [Forwarding findElement on session 25b4bacb2236b3744b95e994d7263b9f to remote] DEBUG org.asynchttpclient.netty.request.NettyRequestSender - Using open Channel [id: 0xa21b36e8, L:/127.0.0.1:58861 - R:localhost/127.0.0.1:30531] for POST '/session/25b4bacb2236b3744b95e994d7263b9f/element'
19:54:34.936 [AsyncHttpClient-1-14] DEBUG org.asynchttpclient.netty.handler.HttpHandler - 

Request DefaultHttpRequest(decodeResult: success, version: HTTP/1.1)
POST /session/25b4bacb2236b3744b95e994d7263b9f/element HTTP/1.1
User-Agent: selenium/4.7.1 (java windows)
Content-Length: 111
Content-Type: application/json; charset=utf-8
host: localhost:30531
accept: */*

Response DefaultHttpResponse(decodeResult: success, version: HTTP/1.1)
HTTP/1.1 200 OK
Content-Type: application/json; charset=utf-8
cache-control: no-cache
content-length: 88

19:54:34.936 [AsyncHttpClient-1-14] DEBUG org.asynchttpclient.netty.channel.ChannelManager - Adding key: http://localhost:30531 for channel [id: 0xa21b36e8, L:/127.0.0.1:58861 - R:localhost/127.0.0.1:30531]
19:54:34.937 [Forwarding getElementTagName on session 25b4bacb2236b3744b95e994d7263b9f to remote] DEBUG org.asynchttpclient.netty.request.NettyRequestSender - Using pooled Channel '[id: 0xa21b36e8, L:/127.0.0.1:58861 - R:localhost/127.0.0.1:30531]' for 'GET' to 'http://localhost:30531/session/25b4bacb2236b3744b95e994d7263b9f/element/b59e9954-6f82-4def-9969-4162c68693d8/name'
19:54:34.938 [Forwarding getElementTagName on session 25b4bacb2236b3744b95e994d7263b9f to remote] DEBUG org.asynchttpclient.netty.request.NettyRequestSender - Using open Channel [id: 0xa21b36e8, L:/127.0.0.1:58861 - R:localhost/127.0.0.1:30531] for GET '/session/25b4bacb2236b3744b95e994d7263b9f/element/b59e9954-6f82-4def-9969-4162c68693d8/name'
19:54:34.942 [AsyncHttpClient-1-14] DEBUG org.asynchttpclient.netty.handler.HttpHandler - 

Request DefaultFullHttpRequest(decodeResult: success, version: HTTP/1.1, content: EmptyByteBufBE)
GET /session/25b4bacb2236b3744b95e994d7263b9f/element/b59e9954-6f82-4def-9969-4162c68693d8/name HTTP/1.1
User-Agent: selenium/4.7.1 (java windows)
Cache-Control: no-cache
Content-Type: application/json; charset=utf-8
host: localhost:30531
accept: */*

Response DefaultHttpResponse(decodeResult: success, version: HTTP/1.1)
HTTP/1.1 200 OK
Content-Type: application/json; charset=utf-8
cache-control: no-cache
content-length: 18

19:54:34.942 [AsyncHttpClient-1-14] DEBUG org.asynchttpclient.netty.channel.ChannelManager - Adding key: http://localhost:30531 for channel [id: 0xa21b36e8, L:/127.0.0.1:58861 - R:localhost/127.0.0.1:30531]
19:54:34.944 [Forwarding getElementTagName on session 25b4bacb2236b3744b95e994d7263b9f to remote] DEBUG org.asynchttpclient.netty.request.NettyRequestSender - Using pooled Channel '[id: 0xa21b36e8, L:/127.0.0.1:58861 - R:localhost/127.0.0.1:30531]' for 'GET' to 'http://localhost:30531/session/25b4bacb2236b3744b95e994d7263b9f/element/b59e9954-6f82-4def-9969-4162c68693d8/name'
19:54:34.944 [Forwarding getElementTagName on session 25b4bacb2236b3744b95e994d7263b9f to remote] DEBUG org.asynchttpclient.netty.request.NettyRequestSender - Using open Channel [id: 0xa21b36e8, L:/127.0.0.1:58861 - R:localhost/127.0.0.1:30531] for GET '/session/25b4bacb2236b3744b95e994d7263b9f/element/b59e9954-6f82-4def-9969-4162c68693d8/name'
19:54:34.949 [AsyncHttpClient-1-14] DEBUG org.asynchttpclient.netty.handler.HttpHandler - 

Request DefaultFullHttpRequest(decodeResult: success, version: HTTP/1.1, content: EmptyByteBufBE)
GET /session/25b4bacb2236b3744b95e994d7263b9f/element/b59e9954-6f82-4def-9969-4162c68693d8/name HTTP/1.1
User-Agent: selenium/4.7.1 (java windows)
Cache-Control: no-cache
Content-Type: application/json; charset=utf-8
host: localhost:30531
accept: */*

Response DefaultHttpResponse(decodeResult: success, version: HTTP/1.1)
HTTP/1.1 200 OK
Content-Type: application/json; charset=utf-8
cache-control: no-cache
content-length: 18

19:54:34.949 [AsyncHttpClient-1-14] DEBUG org.asynchttpclient.netty.channel.ChannelManager - Adding key: http://localhost:30531 for channel [id: 0xa21b36e8, L:/127.0.0.1:58861 - R:localhost/127.0.0.1:30531]
19:54:34.951 [Forwarding isElementEnabled on session 25b4bacb2236b3744b95e994d7263b9f to remote] DEBUG org.asynchttpclient.netty.request.NettyRequestSender - Using pooled Channel '[id: 0xa21b36e8, L:/127.0.0.1:58861 - R:localhost/127.0.0.1:30531]' for 'GET' to 'http://localhost:30531/session/25b4bacb2236b3744b95e994d7263b9f/element/b59e9954-6f82-4def-9969-4162c68693d8/enabled'
19:54:34.952 [Forwarding isElementEnabled on session 25b4bacb2236b3744b95e994d7263b9f to remote] DEBUG org.asynchttpclient.netty.request.NettyRequestSender - Using open Channel [id: 0xa21b36e8, L:/127.0.0.1:58861 - R:localhost/127.0.0.1:30531] for GET '/session/25b4bacb2236b3744b95e994d7263b9f/element/b59e9954-6f82-4def-9969-4162c68693d8/enabled'
19:54:34.967 [AsyncHttpClient-1-14] DEBUG org.asynchttpclient.netty.handler.HttpHandler - 

Request DefaultFullHttpRequest(decodeResult: success, version: HTTP/1.1, content: EmptyByteBufBE)
GET /session/25b4bacb2236b3744b95e994d7263b9f/element/b59e9954-6f82-4def-9969-4162c68693d8/enabled HTTP/1.1
User-Agent: selenium/4.7.1 (java windows)
Cache-Control: no-cache
Content-Type: application/json; charset=utf-8
host: localhost:30531
accept: */*

Response DefaultHttpResponse(decodeResult: success, version: HTTP/1.1)
HTTP/1.1 200 OK
Content-Type: application/json; charset=utf-8
cache-control: no-cache
content-length: 14

19:54:34.967 [AsyncHttpClient-1-14] DEBUG org.asynchttpclient.netty.channel.ChannelManager - Adding key: http://localhost:30531 for channel [id: 0xa21b36e8, L:/127.0.0.1:58861 - R:localhost/127.0.0.1:30531]
19:54:34.969 [Forwarding isElementEnabled on session 25b4bacb2236b3744b95e994d7263b9f to remote] DEBUG org.asynchttpclient.netty.request.NettyRequestSender - Using pooled Channel '[id: 0xa21b36e8, L:/127.0.0.1:58861 - R:localhost/127.0.0.1:30531]' for 'GET' to 'http://localhost:30531/session/25b4bacb2236b3744b95e994d7263b9f/element/b59e9954-6f82-4def-9969-4162c68693d8/enabled'
19:54:34.969 [Forwarding isElementEnabled on session 25b4bacb2236b3744b95e994d7263b9f to remote] DEBUG org.asynchttpclient.netty.request.NettyRequestSender - Using open Channel [id: 0xa21b36e8, L:/127.0.0.1:58861 - R:localhost/127.0.0.1:30531] for GET '/session/25b4bacb2236b3744b95e994d7263b9f/element/b59e9954-6f82-4def-9969-4162c68693d8/enabled'
19:54:34.975 [AsyncHttpClient-1-14] DEBUG org.asynchttpclient.netty.handler.HttpHandler - 

Request DefaultFullHttpRequest(decodeResult: success, version: HTTP/1.1, content: EmptyByteBufBE)
GET /session/25b4bacb2236b3744b95e994d7263b9f/element/b59e9954-6f82-4def-9969-4162c68693d8/enabled HTTP/1.1
User-Agent: selenium/4.7.1 (java windows)
Cache-Control: no-cache
Content-Type: application/json; charset=utf-8
host: localhost:30531
accept: */*

Response DefaultHttpResponse(decodeResult: success, version: HTTP/1.1)
HTTP/1.1 200 OK
Content-Type: application/json; charset=utf-8
cache-control: no-cache
content-length: 14

19:54:34.975 [AsyncHttpClient-1-14] DEBUG org.asynchttpclient.netty.channel.ChannelManager - Adding key: http://localhost:30531 for channel [id: 0xa21b36e8, L:/127.0.0.1:58861 - R:localhost/127.0.0.1:30531]
19:54:34.978 [Forwarding findElement on session 25b4bacb2236b3744b95e994d7263b9f to remote] DEBUG org.asynchttpclient.netty.request.NettyRequestSender - Using pooled Channel '[id: 0xa21b36e8, L:/127.0.0.1:58861 - R:localhost/127.0.0.1:30531]' for 'POST' to 'http://localhost:30531/session/25b4bacb2236b3744b95e994d7263b9f/element'
19:54:34.978 [Forwarding findElement on session 25b4bacb2236b3744b95e994d7263b9f to remote] DEBUG org.asynchttpclient.netty.request.NettyRequestSender - Using open Channel [id: 0xa21b36e8, L:/127.0.0.1:58861 - R:localhost/127.0.0.1:30531] for POST '/session/25b4bacb2236b3744b95e994d7263b9f/element'
19:54:34.988 [AsyncHttpClient-1-14] DEBUG org.asynchttpclient.netty.handler.HttpHandler - 

Request DefaultHttpRequest(decodeResult: success, version: HTTP/1.1)
POST /session/25b4bacb2236b3744b95e994d7263b9f/element HTTP/1.1
User-Agent: selenium/4.7.1 (java windows)
Content-Length: 111
Content-Type: application/json; charset=utf-8
host: localhost:30531
accept: */*

Response DefaultHttpResponse(decodeResult: success, version: HTTP/1.1)
HTTP/1.1 200 OK
Content-Type: application/json; charset=utf-8
cache-control: no-cache
content-length: 88

19:54:34.989 [AsyncHttpClient-1-14] DEBUG org.asynchttpclient.netty.channel.ChannelManager - Adding key: http://localhost:30531 for channel [id: 0xa21b36e8, L:/127.0.0.1:58861 - R:localhost/127.0.0.1:30531]
19:54:34.990 [Forwarding clickElement on session 25b4bacb2236b3744b95e994d7263b9f to remote] DEBUG org.asynchttpclient.netty.request.NettyRequestSender - Using pooled Channel '[id: 0xa21b36e8, L:/127.0.0.1:58861 - R:localhost/127.0.0.1:30531]' for 'POST' to 'http://localhost:30531/session/25b4bacb2236b3744b95e994d7263b9f/element/b59e9954-6f82-4def-9969-4162c68693d8/click'
19:54:34.990 [Forwarding clickElement on session 25b4bacb2236b3744b95e994d7263b9f to remote] DEBUG org.asynchttpclient.netty.request.NettyRequestSender - Using open Channel [id: 0xa21b36e8, L:/127.0.0.1:58861 - R:localhost/127.0.0.1:30531] for POST '/session/25b4bacb2236b3744b95e994d7263b9f/element/b59e9954-6f82-4def-9969-4162c68693d8/click'
19:54:35.050 [AsyncHttpClient-1-14] DEBUG org.asynchttpclient.netty.handler.HttpHandler - 

Request DefaultHttpRequest(decodeResult: success, version: HTTP/1.1)
POST /session/25b4bacb2236b3744b95e994d7263b9f/element/b59e9954-6f82-4def-9969-4162c68693d8/click HTTP/1.1
User-Agent: selenium/4.7.1 (java windows)
Content-Length: 50
Content-Type: application/json; charset=utf-8
host: localhost:30531
accept: */*

Response DefaultHttpResponse(decodeResult: success, version: HTTP/1.1)
HTTP/1.1 200 OK
Content-Type: application/json; charset=utf-8
cache-control: no-cache
content-length: 14

19:54:35.051 [AsyncHttpClient-1-14] DEBUG org.asynchttpclient.netty.channel.ChannelManager - Adding key: http://localhost:30531 for channel [id: 0xa21b36e8, L:/127.0.0.1:58861 - R:localhost/127.0.0.1:30531]
19:54:35.061 [Forwarding getCurrentWindowHandle on session 25b4bacb2236b3744b95e994d7263b9f to remote] DEBUG org.asynchttpclient.netty.request.NettyRequestSender - Using pooled Channel '[id: 0xa21b36e8, L:/127.0.0.1:58861 - R:localhost/127.0.0.1:30531]' for 'GET' to 'http://localhost:30531/session/25b4bacb2236b3744b95e994d7263b9f/window'
19:54:35.061 [Forwarding getCurrentWindowHandle on session 25b4bacb2236b3744b95e994d7263b9f to remote] DEBUG org.asynchttpclient.netty.request.NettyRequestSender - Using open Channel [id: 0xa21b36e8, L:/127.0.0.1:58861 - R:localhost/127.0.0.1:30531] for GET '/session/25b4bacb2236b3744b95e994d7263b9f/window'
19:54:35.062 [AsyncHttpClient-1-14] DEBUG org.asynchttpclient.netty.handler.HttpHandler - 

Request DefaultFullHttpRequest(decodeResult: success, version: HTTP/1.1, content: EmptyByteBufBE)
GET /session/25b4bacb2236b3744b95e994d7263b9f/window HTTP/1.1
User-Agent: selenium/4.7.1 (java windows)
Cache-Control: no-cache
Content-Type: application/json; charset=utf-8
host: localhost:30531
accept: */*

Response DefaultHttpResponse(decodeResult: success, version: HTTP/1.1)
HTTP/1.1 200 OK
Content-Type: application/json; charset=utf-8
cache-control: no-cache
content-length: 44

19:54:35.063 [AsyncHttpClient-1-14] DEBUG org.asynchttpclient.netty.channel.ChannelManager - Adding key: http://localhost:30531 for channel [id: 0xa21b36e8, L:/127.0.0.1:58861 - R:localhost/127.0.0.1:30531]
19:54:35.064 [Forwarding getAlertText on session 25b4bacb2236b3744b95e994d7263b9f to remote] DEBUG org.asynchttpclient.netty.request.NettyRequestSender - Using pooled Channel '[id: 0xa21b36e8, L:/127.0.0.1:58861 - R:localhost/127.0.0.1:30531]' for 'GET' to 'http://localhost:30531/session/25b4bacb2236b3744b95e994d7263b9f/alert/text'
19:54:35.064 [Forwarding getAlertText on session 25b4bacb2236b3744b95e994d7263b9f to remote] DEBUG org.asynchttpclient.netty.request.NettyRequestSender - Using open Channel [id: 0xa21b36e8, L:/127.0.0.1:58861 - R:localhost/127.0.0.1:30531] for GET '/session/25b4bacb2236b3744b95e994d7263b9f/alert/text'
19:54:35.109 [AsyncHttpClient-1-14] DEBUG org.asynchttpclient.netty.handler.HttpHandler - 

Request DefaultFullHttpRequest(decodeResult: success, version: HTTP/1.1, content: EmptyByteBufBE)
GET /session/25b4bacb2236b3744b95e994d7263b9f/alert/text HTTP/1.1
User-Agent: selenium/4.7.1 (java windows)
Cache-Control: no-cache
Content-Type: application/json; charset=utf-8
host: localhost:30531
accept: */*

Response DefaultHttpResponse(decodeResult: success, version: HTTP/1.1)
HTTP/1.1 404 Not Found
Content-Type: application/json; charset=utf-8
cache-control: no-cache
content-length: 821

19:54:35.109 [AsyncHttpClient-1-14] DEBUG org.asynchttpclient.netty.channel.ChannelManager - Adding key: http://localhost:30531 for channel [id: 0xa21b36e8, L:/127.0.0.1:58861 - R:localhost/127.0.0.1:30531]
19:54:35.111 [Forwarding switchToWindow on session 25b4bacb2236b3744b95e994d7263b9f to remote] DEBUG org.asynchttpclient.netty.request.NettyRequestSender - Using pooled Channel '[id: 0xa21b36e8, L:/127.0.0.1:58861 - R:localhost/127.0.0.1:30531]' for 'POST' to 'http://localhost:30531/session/25b4bacb2236b3744b95e994d7263b9f/window'
19:54:35.111 [Forwarding switchToWindow on session 25b4bacb2236b3744b95e994d7263b9f to remote] DEBUG org.asynchttpclient.netty.request.NettyRequestSender - Using open Channel [id: 0xa21b36e8, L:/127.0.0.1:58861 - R:localhost/127.0.0.1:30531] for POST '/session/25b4bacb2236b3744b95e994d7263b9f/window'
19:54:35.114 [AsyncHttpClient-1-14] DEBUG org.asynchttpclient.netty.handler.HttpHandler - 

Request DefaultHttpRequest(decodeResult: success, version: HTTP/1.1)
POST /session/25b4bacb2236b3744b95e994d7263b9f/window HTTP/1.1
User-Agent: selenium/4.7.1 (java windows)
Content-Length: 50
Content-Type: application/json; charset=utf-8
host: localhost:30531
accept: */*

Response DefaultHttpResponse(decodeResult: success, version: HTTP/1.1)
HTTP/1.1 200 OK
Content-Type: application/json; charset=utf-8
cache-control: no-cache
content-length: 14

19:54:35.114 [AsyncHttpClient-1-14] DEBUG org.asynchttpclient.netty.channel.ChannelManager - Adding key: http://localhost:30531 for channel [id: 0xa21b36e8, L:/127.0.0.1:58861 - R:localhost/127.0.0.1:30531]
19:54:35.114 [Forwarding getCurrentUrl on session 25b4bacb2236b3744b95e994d7263b9f to remote] DEBUG org.asynchttpclient.netty.request.NettyRequestSender - Using pooled Channel '[id: 0xa21b36e8, L:/127.0.0.1:58861 - R:localhost/127.0.0.1:30531]' for 'GET' to 'http://localhost:30531/session/25b4bacb2236b3744b95e994d7263b9f/url'
19:54:35.114 [Forwarding getCurrentUrl on session 25b4bacb2236b3744b95e994d7263b9f to remote] DEBUG org.asynchttpclient.netty.request.NettyRequestSender - Using open Channel [id: 0xa21b36e8, L:/127.0.0.1:58861 - R:localhost/127.0.0.1:30531] for GET '/session/25b4bacb2236b3744b95e994d7263b9f/url'
19:54:35.118 [AsyncHttpClient-1-14] DEBUG org.asynchttpclient.netty.handler.HttpHandler - 

Request DefaultFullHttpRequest(decodeResult: success, version: HTTP/1.1, content: EmptyByteBufBE)
GET /session/25b4bacb2236b3744b95e994d7263b9f/url HTTP/1.1
User-Agent: selenium/4.7.1 (java windows)
Cache-Control: no-cache
Content-Type: application/json; charset=utf-8
host: localhost:30531
accept: */*

Response DefaultHttpResponse(decodeResult: success, version: HTTP/1.1)
HTTP/1.1 200 OK
Content-Type: application/json; charset=utf-8
cache-control: no-cache
content-length: 46

19:54:35.118 [AsyncHttpClient-1-14] DEBUG org.asynchttpclient.netty.channel.ChannelManager - Adding key: http://localhost:30531 for channel [id: 0xa21b36e8, L:/127.0.0.1:58861 - R:localhost/127.0.0.1:30531]
19:54:35.119 [Forwarding screenshot on session 25b4bacb2236b3744b95e994d7263b9f to remote] DEBUG org.asynchttpclient.netty.request.NettyRequestSender - Using pooled Channel '[id: 0xa21b36e8, L:/127.0.0.1:58861 - R:localhost/127.0.0.1:30531]' for 'GET' to 'http://localhost:30531/session/25b4bacb2236b3744b95e994d7263b9f/screenshot'
19:54:35.119 [Forwarding screenshot on session 25b4bacb2236b3744b95e994d7263b9f to remote] DEBUG org.asynchttpclient.netty.request.NettyRequestSender - Using open Channel [id: 0xa21b36e8, L:/127.0.0.1:58861 - R:localhost/127.0.0.1:30531] for GET '/session/25b4bacb2236b3744b95e994d7263b9f/screenshot'
19:54:35.213 [AsyncHttpClient-1-1] DEBUG org.asynchttpclient.netty.channel.DefaultChannelPool - Entry count for : http://localhost:58862 : 1
19:54:35.232 [AsyncHttpClient-1-14] DEBUG org.asynchttpclient.netty.handler.HttpHandler - 

Request DefaultFullHttpRequest(decodeResult: success, version: HTTP/1.1, content: EmptyByteBufBE)
GET /session/25b4bacb2236b3744b95e994d7263b9f/screenshot HTTP/1.1
User-Agent: selenium/4.7.1 (java windows)
Cache-Control: no-cache
Content-Type: application/json; charset=utf-8
host: localhost:30531
accept: */*

Response DefaultHttpResponse(decodeResult: success, version: HTTP/1.1)
HTTP/1.1 200 OK
Content-Type: application/json; charset=utf-8
cache-control: no-cache
content-length: 29428

19:54:35.232 [AsyncHttpClient-1-14] DEBUG org.asynchttpclient.netty.channel.ChannelManager - Adding key: http://localhost:30531 for channel [id: 0xa21b36e8, L:/127.0.0.1:58861 - R:localhost/127.0.0.1:30531]
19:54:35.234 [main] DEBUG net.serenitybdd.core.photography.Darkroom - Send negative for processing for target\site\serenity\3dc5166825252865a7c4d43d690d3d78587fd231b1b2b4d8cd18d77eb6940663.png
19:54:35.234 [main] DEBUG net.thucydides.core.steps.StepInterceptor - STEP DONE: klikButtonCart
19:54:35.234 [Darkroom Processing Line] DEBUG net.serenitybdd.core.photography.DarkroomProcessingLine - Processing screenshot image in /var/screenshots/screenshot-7380977112109217381
  &amp#27;[32mAnd &amp#27;[0m&amp#27;[32muser klik cart&amp#27;[0m                                                      &amp#27;[90m# starter.stepdefinitions.TransaksiSteps.userKlikCart()&amp#27;[0m
19:54:35.234 [Darkroom Processing Line] DEBUG net.serenitybdd.core.photography.DarkroomProcessingLine - Saving screenshot to target\site\serenity\3dc5166825252865a7c4d43d690d3d78587fd231b1b2b4d8cd18d77eb6940663.png
19:54:35.247 [main] DEBUG net.thucydides.core.steps.StepInterceptor - STARTING STEP: TransaksiSteps.userKlikTombolMinus - klikTombolMinus
19:54:35.251 [Forwarding findElement on session 25b4bacb2236b3744b95e994d7263b9f to remote] DEBUG org.asynchttpclient.netty.request.NettyRequestSender - Using pooled Channel '[id: 0xa21b36e8, L:/127.0.0.1:58861 - R:localhost/127.0.0.1:30531]' for 'POST' to 'http://localhost:30531/session/25b4bacb2236b3744b95e994d7263b9f/element'
19:54:35.251 [Forwarding findElement on session 25b4bacb2236b3744b95e994d7263b9f to remote] DEBUG org.asynchttpclient.netty.request.NettyRequestSender - Using open Channel [id: 0xa21b36e8, L:/127.0.0.1:58861 - R:localhost/127.0.0.1:30531] for POST '/session/25b4bacb2236b3744b95e994d7263b9f/element'
19:54:35.264 [AsyncHttpClient-1-14] DEBUG org.asynchttpclient.netty.handler.HttpHandler - 

Request DefaultHttpRequest(decodeResult: success, version: HTTP/1.1)
POST /session/25b4bacb2236b3744b95e994d7263b9f/element HTTP/1.1
User-Agent: selenium/4.7.1 (java windows)
Content-Length: 176
Content-Type: application/json; charset=utf-8
host: localhost:30531
accept: */*

Response DefaultHttpResponse(decodeResult: success, version: HTTP/1.1)
HTTP/1.1 200 OK
Content-Type: application/json; charset=utf-8
cache-control: no-cache
content-length: 88

19:54:35.264 [AsyncHttpClient-1-14] DEBUG org.asynchttpclient.netty.channel.ChannelManager - Adding key: http://localhost:30531 for channel [id: 0xa21b36e8, L:/127.0.0.1:58861 - R:localhost/127.0.0.1:30531]
19:54:35.265 [Forwarding getElementTagName on session 25b4bacb2236b3744b95e994d7263b9f to remote] DEBUG org.asynchttpclient.netty.request.NettyRequestSender - Using pooled Channel '[id: 0xa21b36e8, L:/127.0.0.1:58861 - R:localhost/127.0.0.1:30531]' for 'GET' to 'http://localhost:30531/session/25b4bacb2236b3744b95e994d7263b9f/element/cf01dba4-07c0-461d-b392-1d7dda8ec930/name'
19:54:35.265 [Forwarding getElementTagName on session 25b4bacb2236b3744b95e994d7263b9f to remote] DEBUG org.asynchttpclient.netty.request.NettyRequestSender - Using open Channel [id: 0xa21b36e8, L:/127.0.0.1:58861 - R:localhost/127.0.0.1:30531] for GET '/session/25b4bacb2236b3744b95e994d7263b9f/element/cf01dba4-07c0-461d-b392-1d7dda8ec930/name'
19:54:35.269 [AsyncHttpClient-1-14] DEBUG org.asynchttpclient.netty.handler.HttpHandler - 

Request DefaultFullHttpRequest(decodeResult: success, version: HTTP/1.1, content: EmptyByteBufBE)
GET /session/25b4bacb2236b3744b95e994d7263b9f/element/cf01dba4-07c0-461d-b392-1d7dda8ec930/name HTTP/1.1
User-Agent: selenium/4.7.1 (java windows)
Cache-Control: no-cache
Content-Type: application/json; charset=utf-8
host: localhost:30531
accept: */*

Response DefaultHttpResponse(decodeResult: success, version: HTTP/1.1)
HTTP/1.1 200 OK
Content-Type: application/json; charset=utf-8
cache-control: no-cache
content-length: 16

19:54:35.271 [AsyncHttpClient-1-14] DEBUG org.asynchttpclient.netty.channel.ChannelManager - Adding key: http://localhost:30531 for channel [id: 0xa21b36e8, L:/127.0.0.1:58861 - R:localhost/127.0.0.1:30531]
19:54:35.271 [Forwarding getElementTagName on session 25b4bacb2236b3744b95e994d7263b9f to remote] DEBUG org.asynchttpclient.netty.request.NettyRequestSender - Using pooled Channel '[id: 0xa21b36e8, L:/127.0.0.1:58861 - R:localhost/127.0.0.1:30531]' for 'GET' to 'http://localhost:30531/session/25b4bacb2236b3744b95e994d7263b9f/element/cf01dba4-07c0-461d-b392-1d7dda8ec930/name'
19:54:35.271 [Forwarding getElementTagName on session 25b4bacb2236b3744b95e994d7263b9f to remote] DEBUG org.asynchttpclient.netty.request.NettyRequestSender - Using open Channel [id: 0xa21b36e8, L:/127.0.0.1:58861 - R:localhost/127.0.0.1:30531] for GET '/session/25b4bacb2236b3744b95e994d7263b9f/element/cf01dba4-07c0-461d-b392-1d7dda8ec930/name'
19:54:35.274 [AsyncHttpClient-1-14] DEBUG org.asynchttpclient.netty.handler.HttpHandler - 

Request DefaultFullHttpRequest(decodeResult: success, version: HTTP/1.1, content: EmptyByteBufBE)
GET /session/25b4bacb2236b3744b95e994d7263b9f/element/cf01dba4-07c0-461d-b392-1d7dda8ec930/name HTTP/1.1
User-Agent: selenium/4.7.1 (java windows)
Cache-Control: no-cache
Content-Type: application/json; charset=utf-8
host: localhost:30531
accept: */*

Response DefaultHttpResponse(decodeResult: success, version: HTTP/1.1)
HTTP/1.1 200 OK
Content-Type: application/json; charset=utf-8
cache-control: no-cache
content-length: 16

19:54:35.274 [AsyncHttpClient-1-14] DEBUG org.asynchttpclient.netty.channel.ChannelManager - Adding key: http://localhost:30531 for channel [id: 0xa21b36e8, L:/127.0.0.1:58861 - R:localhost/127.0.0.1:30531]
19:54:35.276 [Forwarding findElement on session 25b4bacb2236b3744b95e994d7263b9f to remote] DEBUG org.asynchttpclient.netty.request.NettyRequestSender - Using pooled Channel '[id: 0xa21b36e8, L:/127.0.0.1:58861 - R:localhost/127.0.0.1:30531]' for 'POST' to 'http://localhost:30531/session/25b4bacb2236b3744b95e994d7263b9f/element'
19:54:35.276 [Forwarding findElement on session 25b4bacb2236b3744b95e994d7263b9f to remote] DEBUG org.asynchttpclient.netty.request.NettyRequestSender - Using open Channel [id: 0xa21b36e8, L:/127.0.0.1:58861 - R:localhost/127.0.0.1:30531] for POST '/session/25b4bacb2236b3744b95e994d7263b9f/element'
19:54:35.284 [AsyncHttpClient-1-14] DEBUG org.asynchttpclient.netty.handler.HttpHandler - 

Request DefaultHttpRequest(decodeResult: success, version: HTTP/1.1)
POST /session/25b4bacb2236b3744b95e994d7263b9f/element HTTP/1.1
User-Agent: selenium/4.7.1 (java windows)
Content-Length: 176
Content-Type: application/json; charset=utf-8
host: localhost:30531
accept: */*

Response DefaultHttpResponse(decodeResult: success, version: HTTP/1.1)
HTTP/1.1 200 OK
Content-Type: application/json; charset=utf-8
cache-control: no-cache
content-length: 88

19:54:35.284 [AsyncHttpClient-1-14] DEBUG org.asynchttpclient.netty.channel.ChannelManager - Adding key: http://localhost:30531 for channel [id: 0xa21b36e8, L:/127.0.0.1:58861 - R:localhost/127.0.0.1:30531]
19:54:35.285 [Forwarding clickElement on session 25b4bacb2236b3744b95e994d7263b9f to remote] DEBUG org.asynchttpclient.netty.request.NettyRequestSender - Using pooled Channel '[id: 0xa21b36e8, L:/127.0.0.1:58861 - R:localhost/127.0.0.1:30531]' for 'POST' to 'http://localhost:30531/session/25b4bacb2236b3744b95e994d7263b9f/element/cf01dba4-07c0-461d-b392-1d7dda8ec930/click'
19:54:35.285 [Forwarding clickElement on session 25b4bacb2236b3744b95e994d7263b9f to remote] DEBUG org.asynchttpclient.netty.request.NettyRequestSender - Using open Channel [id: 0xa21b36e8, L:/127.0.0.1:58861 - R:localhost/127.0.0.1:30531] for POST '/session/25b4bacb2236b3744b95e994d7263b9f/element/cf01dba4-07c0-461d-b392-1d7dda8ec930/click'
19:54:35.330 [AsyncHttpClient-1-14] DEBUG org.asynchttpclient.netty.handler.HttpHandler - 

Request DefaultHttpRequest(decodeResult: success, version: HTTP/1.1)
POST /session/25b4bacb2236b3744b95e994d7263b9f/element/cf01dba4-07c0-461d-b392-1d7dda8ec930/click HTTP/1.1
User-Agent: selenium/4.7.1 (java windows)
Content-Length: 50
Content-Type: application/json; charset=utf-8
host: localhost:30531
accept: */*

Response DefaultHttpResponse(decodeResult: success, version: HTTP/1.1)
HTTP/1.1 200 OK
Content-Type: application/json; charset=utf-8
cache-control: no-cache
content-length: 14

19:54:35.330 [AsyncHttpClient-1-14] DEBUG org.asynchttpclient.netty.channel.ChannelManager - Adding key: http://localhost:30531 for channel [id: 0xa21b36e8, L:/127.0.0.1:58861 - R:localhost/127.0.0.1:30531]
19:54:35.336 [Forwarding getCurrentWindowHandle on session 25b4bacb2236b3744b95e994d7263b9f to remote] DEBUG org.asynchttpclient.netty.request.NettyRequestSender - Using pooled Channel '[id: 0xa21b36e8, L:/127.0.0.1:58861 - R:localhost/127.0.0.1:30531]' for 'GET' to 'http://localhost:30531/session/25b4bacb2236b3744b95e994d7263b9f/window'
19:54:35.336 [Forwarding getCurrentWindowHandle on session 25b4bacb2236b3744b95e994d7263b9f to remote] DEBUG org.asynchttpclient.netty.request.NettyRequestSender - Using open Channel [id: 0xa21b36e8, L:/127.0.0.1:58861 - R:localhost/127.0.0.1:30531] for GET '/session/25b4bacb2236b3744b95e994d7263b9f/window'
19:54:35.337 [AsyncHttpClient-1-14] DEBUG org.asynchttpclient.netty.handler.HttpHandler - 

Request DefaultFullHttpRequest(decodeResult: success, version: HTTP/1.1, content: EmptyByteBufBE)
GET /session/25b4bacb2236b3744b95e994d7263b9f/window HTTP/1.1
User-Agent: selenium/4.7.1 (java windows)
Cache-Control: no-cache
Content-Type: application/json; charset=utf-8
host: localhost:30531
accept: */*

Response DefaultHttpResponse(decodeResult: success, version: HTTP/1.1)
HTTP/1.1 200 OK
Content-Type: application/json; charset=utf-8
cache-control: no-cache
content-length: 44

19:54:35.337 [AsyncHttpClient-1-14] DEBUG org.asynchttpclient.netty.channel.ChannelManager - Adding key: http://localhost:30531 for channel [id: 0xa21b36e8, L:/127.0.0.1:58861 - R:localhost/127.0.0.1:30531]
19:54:35.338 [Forwarding getAlertText on session 25b4bacb2236b3744b95e994d7263b9f to remote] DEBUG org.asynchttpclient.netty.request.NettyRequestSender - Using pooled Channel '[id: 0xa21b36e8, L:/127.0.0.1:58861 - R:localhost/127.0.0.1:30531]' for 'GET' to 'http://localhost:30531/session/25b4bacb2236b3744b95e994d7263b9f/alert/text'
19:54:35.339 [Forwarding getAlertText on session 25b4bacb2236b3744b95e994d7263b9f to remote] DEBUG org.asynchttpclient.netty.request.NettyRequestSender - Using open Channel [id: 0xa21b36e8, L:/127.0.0.1:58861 - R:localhost/127.0.0.1:30531] for GET '/session/25b4bacb2236b3744b95e994d7263b9f/alert/text'
19:54:35.342 [AsyncHttpClient-1-14] DEBUG org.asynchttpclient.netty.handler.HttpHandler - 

Request DefaultFullHttpRequest(decodeResult: success, version: HTTP/1.1, content: EmptyByteBufBE)
GET /session/25b4bacb2236b3744b95e994d7263b9f/alert/text HTTP/1.1
User-Agent: selenium/4.7.1 (java windows)
Cache-Control: no-cache
Content-Type: application/json; charset=utf-8
host: localhost:30531
accept: */*

Response DefaultHttpResponse(decodeResult: success, version: HTTP/1.1)
HTTP/1.1 404 Not Found
Content-Type: application/json; charset=utf-8
cache-control: no-cache
content-length: 821

19:54:35.342 [AsyncHttpClient-1-14] DEBUG org.asynchttpclient.netty.channel.ChannelManager - Adding key: http://localhost:30531 for channel [id: 0xa21b36e8, L:/127.0.0.1:58861 - R:localhost/127.0.0.1:30531]
19:54:35.343 [Forwarding switchToWindow on session 25b4bacb2236b3744b95e994d7263b9f to remote] DEBUG org.asynchttpclient.netty.request.NettyRequestSender - Using pooled Channel '[id: 0xa21b36e8, L:/127.0.0.1:58861 - R:localhost/127.0.0.1:30531]' for 'POST' to 'http://localhost:30531/session/25b4bacb2236b3744b95e994d7263b9f/window'
19:54:35.343 [Forwarding switchToWindow on session 25b4bacb2236b3744b95e994d7263b9f to remote] DEBUG org.asynchttpclient.netty.request.NettyRequestSender - Using open Channel [id: 0xa21b36e8, L:/127.0.0.1:58861 - R:localhost/127.0.0.1:30531] for POST '/session/25b4bacb2236b3744b95e994d7263b9f/window'
19:54:35.346 [AsyncHttpClient-1-14] DEBUG org.asynchttpclient.netty.handler.HttpHandler - 

Request DefaultHttpRequest(decodeResult: success, version: HTTP/1.1)
POST /session/25b4bacb2236b3744b95e994d7263b9f/window HTTP/1.1
User-Agent: selenium/4.7.1 (java windows)
Content-Length: 50
Content-Type: application/json; charset=utf-8
host: localhost:30531
accept: */*

Response DefaultHttpResponse(decodeResult: success, version: HTTP/1.1)
HTTP/1.1 200 OK
Content-Type: application/json; charset=utf-8
cache-control: no-cache
content-length: 14

19:54:35.346 [AsyncHttpClient-1-14] DEBUG org.asynchttpclient.netty.channel.ChannelManager - Adding key: http://localhost:30531 for channel [id: 0xa21b36e8, L:/127.0.0.1:58861 - R:localhost/127.0.0.1:30531]
19:54:35.347 [Forwarding getCurrentUrl on session 25b4bacb2236b3744b95e994d7263b9f to remote] DEBUG org.asynchttpclient.netty.request.NettyRequestSender - Using pooled Channel '[id: 0xa21b36e8, L:/127.0.0.1:58861 - R:localhost/127.0.0.1:30531]' for 'GET' to 'http://localhost:30531/session/25b4bacb2236b3744b95e994d7263b9f/url'
19:54:35.347 [Forwarding getCurrentUrl on session 25b4bacb2236b3744b95e994d7263b9f to remote] DEBUG org.asynchttpclient.netty.request.NettyRequestSender - Using open Channel [id: 0xa21b36e8, L:/127.0.0.1:58861 - R:localhost/127.0.0.1:30531] for GET '/session/25b4bacb2236b3744b95e994d7263b9f/url'
19:54:35.350 [AsyncHttpClient-1-14] DEBUG org.asynchttpclient.netty.handler.HttpHandler - 

Request DefaultFullHttpRequest(decodeResult: success, version: HTTP/1.1, content: EmptyByteBufBE)
GET /session/25b4bacb2236b3744b95e994d7263b9f/url HTTP/1.1
User-Agent: selenium/4.7.1 (java windows)
Cache-Control: no-cache
Content-Type: application/json; charset=utf-8
host: localhost:30531
accept: */*

Response DefaultHttpResponse(decodeResult: success, version: HTTP/1.1)
HTTP/1.1 200 OK
Content-Type: application/json; charset=utf-8
cache-control: no-cache
content-length: 46

19:54:35.350 [AsyncHttpClient-1-14] DEBUG org.asynchttpclient.netty.channel.ChannelManager - Adding key: http://localhost:30531 for channel [id: 0xa21b36e8, L:/127.0.0.1:58861 - R:localhost/127.0.0.1:30531]
19:54:35.351 [Forwarding screenshot on session 25b4bacb2236b3744b95e994d7263b9f to remote] DEBUG org.asynchttpclient.netty.request.NettyRequestSender - Using pooled Channel '[id: 0xa21b36e8, L:/127.0.0.1:58861 - R:localhost/127.0.0.1:30531]' for 'GET' to 'http://localhost:30531/session/25b4bacb2236b3744b95e994d7263b9f/screenshot'
19:54:35.351 [Forwarding screenshot on session 25b4bacb2236b3744b95e994d7263b9f to remote] DEBUG org.asynchttpclient.netty.request.NettyRequestSender - Using open Channel [id: 0xa21b36e8, L:/127.0.0.1:58861 - R:localhost/127.0.0.1:30531] for GET '/session/25b4bacb2236b3744b95e994d7263b9f/screenshot'
19:54:35.464 [AsyncHttpClient-1-14] DEBUG org.asynchttpclient.netty.handler.HttpHandler - 

Request DefaultFullHttpRequest(decodeResult: success, version: HTTP/1.1, content: EmptyByteBufBE)
GET /session/25b4bacb2236b3744b95e994d7263b9f/screenshot HTTP/1.1
User-Agent: selenium/4.7.1 (java windows)
Cache-Control: no-cache
Content-Type: application/json; charset=utf-8
host: localhost:30531
accept: */*

Response DefaultHttpResponse(decodeResult: success, version: HTTP/1.1)
HTTP/1.1 200 OK
Content-Type: application/json; charset=utf-8
cache-control: no-cache
content-length: 18768

19:54:35.465 [AsyncHttpClient-1-14] DEBUG org.asynchttpclient.netty.channel.ChannelManager - Adding key: http://localhost:30531 for channel [id: 0xa21b36e8, L:/127.0.0.1:58861 - R:localhost/127.0.0.1:30531]
19:54:35.466 [main] DEBUG net.serenitybdd.core.photography.Darkroom - Send negative for processing for target\site\serenity\174c480be0674b45d5bf8b1fd7107190639a4084d1d11b03ad9e58f91d3836ed.png
19:54:35.466 [main] DEBUG net.thucydides.core.steps.StepInterceptor - STEP DONE: klikTombolMinus
19:54:35.466 [Darkroom Processing Line] DEBUG net.serenitybdd.core.photography.DarkroomProcessingLine - Processing screenshot image in /var/screenshots/screenshot-7698968434304153127
19:54:35.466 [Darkroom Processing Line] DEBUG net.serenitybdd.core.photography.DarkroomProcessingLine - Saving screenshot to target\site\serenity\174c480be0674b45d5bf8b1fd7107190639a4084d1d11b03ad9e58f91d3836ed.png
  &amp#27;[32mThen &amp#27;[0m&amp#27;[32muser klik tombol minus&amp#27;[0m                                             &amp#27;[90m# starter.stepdefinitions.TransaksiSteps.userKlikTombolMinus()&amp#27;[0m
19:54:35.477 [main] DEBUG net.thucydides.core.steps.StepInterceptor - STARTING STEP: TransaksiSteps.munculAlertMessagePesananKosong - munculPesananKosong
19:54:35.481 [Forwarding findElement on session 25b4bacb2236b3744b95e994d7263b9f to remote] DEBUG org.asynchttpclient.netty.request.NettyRequestSender - Using pooled Channel '[id: 0xa21b36e8, L:/127.0.0.1:58861 - R:localhost/127.0.0.1:30531]' for 'POST' to 'http://localhost:30531/session/25b4bacb2236b3744b95e994d7263b9f/element'
19:54:35.481 [Forwarding findElement on session 25b4bacb2236b3744b95e994d7263b9f to remote] DEBUG org.asynchttpclient.netty.request.NettyRequestSender - Using open Channel [id: 0xa21b36e8, L:/127.0.0.1:58861 - R:localhost/127.0.0.1:30531] for POST '/session/25b4bacb2236b3744b95e994d7263b9f/element'
19:54:35.493 [AsyncHttpClient-1-14] DEBUG org.asynchttpclient.netty.handler.HttpHandler - 

Request DefaultHttpRequest(decodeResult: success, version: HTTP/1.1)
POST /session/25b4bacb2236b3744b95e994d7263b9f/element HTTP/1.1
User-Agent: selenium/4.7.1 (java windows)
Content-Length: 109
Content-Type: application/json; charset=utf-8
host: localhost:30531
accept: */*

Response DefaultHttpResponse(decodeResult: success, version: HTTP/1.1)
HTTP/1.1 200 OK
Content-Type: application/json; charset=utf-8
cache-control: no-cache
content-length: 88

19:54:35.493 [AsyncHttpClient-1-14] DEBUG org.asynchttpclient.netty.channel.ChannelManager - Adding key: http://localhost:30531 for channel [id: 0xa21b36e8, L:/127.0.0.1:58861 - R:localhost/127.0.0.1:30531]
19:54:35.497 [Forwarding isElementDisplayed on session 25b4bacb2236b3744b95e994d7263b9f to remote] DEBUG org.asynchttpclient.netty.request.NettyRequestSender - Using pooled Channel '[id: 0xa21b36e8, L:/127.0.0.1:58861 - R:localhost/127.0.0.1:30531]' for 'POST' to 'http://localhost:30531/session/25b4bacb2236b3744b95e994d7263b9f/execute/sync'
19:54:35.498 [Forwarding isElementDisplayed on session 25b4bacb2236b3744b95e994d7263b9f to remote] DEBUG org.asynchttpclient.netty.request.NettyRequestSender - Using open Channel [id: 0xa21b36e8, L:/127.0.0.1:58861 - R:localhost/127.0.0.1:30531] for POST '/session/25b4bacb2236b3744b95e994d7263b9f/execute/sync'
19:54:35.511 [AsyncHttpClient-1-14] DEBUG org.asynchttpclient.netty.handler.HttpHandler - 

Request DefaultHttpRequest(decodeResult: success, version: HTTP/1.1)
POST /session/25b4bacb2236b3744b95e994d7263b9f/execute/sync HTTP/1.1
User-Agent: selenium/4.7.1 (java windows)
Content-Length: 48780
Content-Type: application/json; charset=utf-8
host: localhost:30531
accept: */*

Response DefaultHttpResponse(decodeResult: success, version: HTTP/1.1)
HTTP/1.1 200 OK
Content-Type: application/json; charset=utf-8
cache-control: no-cache
content-length: 14

19:54:35.511 [AsyncHttpClient-1-14] DEBUG org.asynchttpclient.netty.channel.ChannelManager - Adding key: http://localhost:30531 for channel [id: 0xa21b36e8, L:/127.0.0.1:58861 - R:localhost/127.0.0.1:30531]
19:54:35.514 [Forwarding isElementDisplayed on session 25b4bacb2236b3744b95e994d7263b9f to remote] DEBUG org.asynchttpclient.netty.request.NettyRequestSender - Using pooled Channel '[id: 0xa21b36e8, L:/127.0.0.1:58861 - R:localhost/127.0.0.1:30531]' for 'POST' to 'http://localhost:30531/session/25b4bacb2236b3744b95e994d7263b9f/execute/sync'
19:54:35.514 [Forwarding isElementDisplayed on session 25b4bacb2236b3744b95e994d7263b9f to remote] DEBUG org.asynchttpclient.netty.request.NettyRequestSender - Using open Channel [id: 0xa21b36e8, L:/127.0.0.1:58861 - R:localhost/127.0.0.1:30531] for POST '/session/25b4bacb2236b3744b95e994d7263b9f/execute/sync'
19:54:35.522 [AsyncHttpClient-1-14] DEBUG org.asynchttpclient.netty.handler.HttpHandler - 

Request DefaultHttpRequest(decodeResult: success, version: HTTP/1.1)
POST /session/25b4bacb2236b3744b95e994d7263b9f/execute/sync HTTP/1.1
User-Agent: selenium/4.7.1 (java windows)
Content-Length: 48780
Content-Type: application/json; charset=utf-8
host: localhost:30531
accept: */*

Response DefaultHttpResponse(decodeResult: success, version: HTTP/1.1)
HTTP/1.1 200 OK
Content-Type: application/json; charset=utf-8
cache-control: no-cache
content-length: 14

19:54:35.522 [AsyncHttpClient-1-14] DEBUG org.asynchttpclient.netty.channel.ChannelManager - Adding key: http://localhost:30531 for channel [id: 0xa21b36e8, L:/127.0.0.1:58861 - R:localhost/127.0.0.1:30531]
19:54:35.527 [Forwarding getCurrentWindowHandle on session 25b4bacb2236b3744b95e994d7263b9f to remote] DEBUG org.asynchttpclient.netty.request.NettyRequestSender - Using pooled Channel '[id: 0xa21b36e8, L:/127.0.0.1:58861 - R:localhost/127.0.0.1:30531]' for 'GET' to 'http://localhost:30531/session/25b4bacb2236b3744b95e994d7263b9f/window'
19:54:35.527 [Forwarding getCurrentWindowHandle on session 25b4bacb2236b3744b95e994d7263b9f to remote] DEBUG org.asynchttpclient.netty.request.NettyRequestSender - Using open Channel [id: 0xa21b36e8, L:/127.0.0.1:58861 - R:localhost/127.0.0.1:30531] for GET '/session/25b4bacb2236b3744b95e994d7263b9f/window'
19:54:35.528 [AsyncHttpClient-1-14] DEBUG org.asynchttpclient.netty.handler.HttpHandler - 

Request DefaultFullHttpRequest(decodeResult: success, version: HTTP/1.1, content: EmptyByteBufBE)
GET /session/25b4bacb2236b3744b95e994d7263b9f/window HTTP/1.1
User-Agent: selenium/4.7.1 (java windows)
Cache-Control: no-cache
Content-Type: application/json; charset=utf-8
host: localhost:30531
accept: */*

Response DefaultHttpResponse(decodeResult: success, version: HTTP/1.1)
HTTP/1.1 200 OK
Content-Type: application/json; charset=utf-8
cache-control: no-cache
content-length: 44

19:54:35.528 [AsyncHttpClient-1-14] DEBUG org.asynchttpclient.netty.channel.ChannelManager - Adding key: http://localhost:30531 for channel [id: 0xa21b36e8, L:/127.0.0.1:58861 - R:localhost/127.0.0.1:30531]
19:54:35.529 [Forwarding getAlertText on session 25b4bacb2236b3744b95e994d7263b9f to remote] DEBUG org.asynchttpclient.netty.request.NettyRequestSender - Using pooled Channel '[id: 0xa21b36e8, L:/127.0.0.1:58861 - R:localhost/127.0.0.1:30531]' for 'GET' to 'http://localhost:30531/session/25b4bacb2236b3744b95e994d7263b9f/alert/text'
19:54:35.529 [Forwarding getAlertText on session 25b4bacb2236b3744b95e994d7263b9f to remote] DEBUG org.asynchttpclient.netty.request.NettyRequestSender - Using open Channel [id: 0xa21b36e8, L:/127.0.0.1:58861 - R:localhost/127.0.0.1:30531] for GET '/session/25b4bacb2236b3744b95e994d7263b9f/alert/text'
19:54:35.531 [AsyncHttpClient-1-14] DEBUG org.asynchttpclient.netty.handler.HttpHandler - 

Request DefaultFullHttpRequest(decodeResult: success, version: HTTP/1.1, content: EmptyByteBufBE)
GET /session/25b4bacb2236b3744b95e994d7263b9f/alert/text HTTP/1.1
User-Agent: selenium/4.7.1 (java windows)
Cache-Control: no-cache
Content-Type: application/json; charset=utf-8
host: localhost:30531
accept: */*

Response DefaultHttpResponse(decodeResult: success, version: HTTP/1.1)
HTTP/1.1 404 Not Found
Content-Type: application/json; charset=utf-8
cache-control: no-cache
content-length: 821

19:54:35.532 [AsyncHttpClient-1-14] DEBUG org.asynchttpclient.netty.channel.ChannelManager - Adding key: http://localhost:30531 for channel [id: 0xa21b36e8, L:/127.0.0.1:58861 - R:localhost/127.0.0.1:30531]
19:54:35.533 [Forwarding switchToWindow on session 25b4bacb2236b3744b95e994d7263b9f to remote] DEBUG org.asynchttpclient.netty.request.NettyRequestSender - Using pooled Channel '[id: 0xa21b36e8, L:/127.0.0.1:58861 - R:localhost/127.0.0.1:30531]' for 'POST' to 'http://localhost:30531/session/25b4bacb2236b3744b95e994d7263b9f/window'
19:54:35.533 [Forwarding switchToWindow on session 25b4bacb2236b3744b95e994d7263b9f to remote] DEBUG org.asynchttpclient.netty.request.NettyRequestSender - Using open Channel [id: 0xa21b36e8, L:/127.0.0.1:58861 - R:localhost/127.0.0.1:30531] for POST '/session/25b4bacb2236b3744b95e994d7263b9f/window'
19:54:35.535 [AsyncHttpClient-1-14] DEBUG org.asynchttpclient.netty.handler.HttpHandler - 

Request DefaultHttpRequest(decodeResult: success, version: HTTP/1.1)
POST /session/25b4bacb2236b3744b95e994d7263b9f/window HTTP/1.1
User-Agent: selenium/4.7.1 (java windows)
Content-Length: 50
Content-Type: application/json; charset=utf-8
host: localhost:30531
accept: */*

Response DefaultHttpResponse(decodeResult: success, version: HTTP/1.1)
HTTP/1.1 200 OK
Content-Type: application/json; charset=utf-8
cache-control: no-cache
content-length: 14

19:54:35.535 [AsyncHttpClient-1-14] DEBUG org.asynchttpclient.netty.channel.ChannelManager - Adding key: http://localhost:30531 for channel [id: 0xa21b36e8, L:/127.0.0.1:58861 - R:localhost/127.0.0.1:30531]
19:54:35.536 [Forwarding getCurrentUrl on session 25b4bacb2236b3744b95e994d7263b9f to remote] DEBUG org.asynchttpclient.netty.request.NettyRequestSender - Using pooled Channel '[id: 0xa21b36e8, L:/127.0.0.1:58861 - R:localhost/127.0.0.1:30531]' for 'GET' to 'http://localhost:30531/session/25b4bacb2236b3744b95e994d7263b9f/url'
19:54:35.536 [Forwarding getCurrentUrl on session 25b4bacb2236b3744b95e994d7263b9f to remote] DEBUG org.asynchttpclient.netty.request.NettyRequestSender - Using open Channel [id: 0xa21b36e8, L:/127.0.0.1:58861 - R:localhost/127.0.0.1:30531] for GET '/session/25b4bacb2236b3744b95e994d7263b9f/url'
19:54:35.539 [AsyncHttpClient-1-14] DEBUG org.asynchttpclient.netty.handler.HttpHandler - 

Request DefaultFullHttpRequest(decodeResult: success, version: HTTP/1.1, content: EmptyByteBufBE)
GET /session/25b4bacb2236b3744b95e994d7263b9f/url HTTP/1.1
User-Agent: selenium/4.7.1 (java windows)
Cache-Control: no-cache
Content-Type: application/json; charset=utf-8
host: localhost:30531
accept: */*

Response DefaultHttpResponse(decodeResult: success, version: HTTP/1.1)
HTTP/1.1 200 OK
Content-Type: application/json; charset=utf-8
cache-control: no-cache
content-length: 46

19:54:35.539 [AsyncHttpClient-1-14] DEBUG org.asynchttpclient.netty.channel.ChannelManager - Adding key: http://localhost:30531 for channel [id: 0xa21b36e8, L:/127.0.0.1:58861 - R:localhost/127.0.0.1:30531]
19:54:35.540 [Forwarding screenshot on session 25b4bacb2236b3744b95e994d7263b9f to remote] DEBUG org.asynchttpclient.netty.request.NettyRequestSender - Using pooled Channel '[id: 0xa21b36e8, L:/127.0.0.1:58861 - R:localhost/127.0.0.1:30531]' for 'GET' to 'http://localhost:30531/session/25b4bacb2236b3744b95e994d7263b9f/screenshot'
19:54:35.540 [Forwarding screenshot on session 25b4bacb2236b3744b95e994d7263b9f to remote] DEBUG org.asynchttpclient.netty.request.NettyRequestSender - Using open Channel [id: 0xa21b36e8, L:/127.0.0.1:58861 - R:localhost/127.0.0.1:30531] for GET '/session/25b4bacb2236b3744b95e994d7263b9f/screenshot'
19:54:35.648 [AsyncHttpClient-1-14] DEBUG org.asynchttpclient.netty.handler.HttpHandler - 

Request DefaultFullHttpRequest(decodeResult: success, version: HTTP/1.1, content: EmptyByteBufBE)
GET /session/25b4bacb2236b3744b95e994d7263b9f/screenshot HTTP/1.1
User-Agent: selenium/4.7.1 (java windows)
Cache-Control: no-cache
Content-Type: application/json; charset=utf-8
host: localhost:30531
accept: */*

Response DefaultHttpResponse(decodeResult: success, version: HTTP/1.1)
HTTP/1.1 200 OK
Content-Type: application/json; charset=utf-8
cache-control: no-cache
content-length: 17240

19:54:35.648 [AsyncHttpClient-1-14] DEBUG org.asynchttpclient.netty.channel.ChannelManager - Adding key: http://localhost:30531 for channel [id: 0xa21b36e8, L:/127.0.0.1:58861 - R:localhost/127.0.0.1:30531]
19:54:35.649 [main] DEBUG net.serenitybdd.core.photography.Darkroom - Send negative for processing for target\site\serenity\79611d145124855c19108cb277eb9e808eb9972629a74784be0bcdc8657bff3a.png
19:54:35.650 [main] DEBUG net.thucydides.core.steps.StepInterceptor - STEP DONE: munculPesananKosong
19:54:35.650 [Darkroom Processing Line] DEBUG net.serenitybdd.core.photography.DarkroomProcessingLine - Processing screenshot image in /var/screenshots/screenshot-4285748483487148447
19:54:35.650 [Darkroom Processing Line] DEBUG net.serenitybdd.core.photography.DarkroomProcessingLine - Saving screenshot to target\site\serenity\79611d145124855c19108cb277eb9e808eb9972629a74784be0bcdc8657bff3a.png
  &amp#27;[32mAnd &amp#27;[0m&amp#27;[32mmuncul alert message pesanan kosong&amp#27;[0m                                 &amp#27;[90m# starter.stepdefinitions.TransaksiSteps.munculAlertMessagePesananKosong()&amp#27;[0m
19:54:35.658 [main] INFO  - 
  _____   ___   ___   _____     ___     _     ___   ___   ___   ___  
 |_   _| | __| / __| |_   _|   | _ \   /_\   / __| / __| | __| |   \ 
   | |   | _|  \__ \   | |     |  _/  / _ \  \__ \ \__ \ | _|  | |) |
   |_|   |___| |___/   |_|     |_|   /_/ \_\ |___/ |___/ |___| |___/ 

user bisa menghapus produk dari keranjang belanja
----------------------------------------------------------------------
19:54:35.661 [AsyncHttpClient-1-16] DEBUG org.asynchttpclient.netty.handler.WebSocketHandler - Channel Closed: [id: 0x912c076f, L:/127.0.0.1:58869 ! R:localhost/127.0.0.1:58862] with attribute NettyResponseFuture{currentRetry=0,
	isDone=1,
	isCancelled=0,
	asyncHandler=org.asynchttpclient.ws.WebSocketUpgradeHandler@6a80cec4,
	nettyRequest=org.asynchttpclient.netty.request.NettyRequest@2f825df0,
	future=java.util.concurrent.CompletableFuture@a7218b1[Completed normally],
	uri=ws://localhost:58862/devtools/browser/09a9ce10-5565-47cd-b51a-1031d775e008,
	keepAlive=true,
	redirectCount=0,
	timeoutsHolder=null,
	inAuth=0,
	touch=1683377670716}
19:54:35.661 [AsyncHttpClient-1-16] DEBUG org.asynchttpclient.netty.channel.ChannelManager - Closing Channel [id: 0x912c076f, L:/127.0.0.1:58869 ! R:localhost/127.0.0.1:58862] 
19:54:35.661 [Driver Command Executor] DEBUG org.asynchttpclient.netty.request.NettyRequestSender - Using pooled Channel '[id: 0xa21b36e8, L:/127.0.0.1:58861 - R:localhost/127.0.0.1:30531]' for 'DELETE' to 'http://localhost:30531/session/25b4bacb2236b3744b95e994d7263b9f'
19:54:35.661 [Driver Command Executor] DEBUG org.asynchttpclient.netty.request.NettyRequestSender - Using open Channel [id: 0xa21b36e8, L:/127.0.0.1:58861 - R:localhost/127.0.0.1:30531] for DELETE '/session/25b4bacb2236b3744b95e994d7263b9f'
19:54:35.699 [AsyncHttpClient-1-15] DEBUG org.asynchttpclient.netty.handler.HttpHandler - Unexpected I/O exception on channel [id: 0x86131a44, L:/127.0.0.1:58868 - R:localhost/127.0.0.1:58862]
java.net.SocketException: Connection reset
	at java.base/sun.nio.ch.SocketChannelImpl.throwConnectionReset(SocketChannelImpl.java:401)
	at java.base/sun.nio.ch.SocketChannelImpl.read(SocketChannelImpl.java:434)
	at io.netty.buffer.PooledByteBuf.setBytes(PooledByteBuf.java:259)
	at io.netty.buffer.AbstractByteBuf.writeBytes(AbstractByteBuf.java:1132)
	at io.netty.channel.socket.nio.NioSocketChannel.doReadBytes(NioSocketChannel.java:357)
	at io.netty.channel.nio.AbstractNioByteChannel$NioByteUnsafe.read(AbstractNioByteChannel.java:151)
	at io.netty.channel.nio.NioEventLoop.processSelectedKey(NioEventLoop.java:788)
	at io.netty.channel.nio.NioEventLoop.processSelectedKeysOptimized(NioEventLoop.java:724)
	at io.netty.channel.nio.NioEventLoop.processSelectedKeys(NioEventLoop.java:650)
	at io.netty.channel.nio.NioEventLoop.run(NioEventLoop.java:562)
	at io.netty.util.concurrent.SingleThreadEventExecutor$4.run(SingleThreadEventExecutor.java:997)
	at io.netty.util.internal.ThreadExecutorMap$2.run(ThreadExecutorMap.java:74)
	at io.netty.util.concurrent.FastThreadLocalRunnable.run(FastThreadLocalRunnable.java:30)
	at java.base/java.lang.Thread.run(Thread.java:1589)
19:54:35.700 [AsyncHttpClient-1-15] DEBUG org.asynchttpclient.netty.channel.ChannelManager - Closing Channel [id: 0x86131a44, L:/127.0.0.1:58868 - R:localhost/127.0.0.1:58862] 
19:54:35.701 [AsyncHttpClient-1-15] DEBUG org.asynchttpclient.netty.handler.HttpHandler - Channel Closed: [id: 0x86131a44, L:/127.0.0.1:58868 ! R:localhost/127.0.0.1:58862] with attribute DISCARD
19:54:35.705 [AsyncHttpClient-1-14] DEBUG org.asynchttpclient.netty.handler.HttpHandler - 

Request DefaultFullHttpRequest(decodeResult: success, version: HTTP/1.1, content: EmptyByteBufBE)
DELETE /session/25b4bacb2236b3744b95e994d7263b9f HTTP/1.1
User-Agent: selenium/4.7.1 (java windows)
Content-Type: application/json; charset=utf-8
host: localhost:30531
accept: */*

Response DefaultHttpResponse(decodeResult: success, version: HTTP/1.1)
HTTP/1.1 200 OK
Content-Type: application/json; charset=utf-8
cache-control: no-cache
content-length: 14

19:54:35.705 [AsyncHttpClient-1-14] DEBUG org.asynchttpclient.netty.channel.ChannelManager - Adding key: http://localhost:30531 for channel [id: 0xa21b36e8, L:/127.0.0.1:58861 - R:localhost/127.0.0.1:30531]
19:54:35.799 [AsyncHttpClient-1-14] DEBUG org.asynchttpclient.netty.handler.HttpHandler - Channel Closed: [id: 0xa21b36e8, L:/127.0.0.1:58861 ! R:localhost/127.0.0.1:30531] with attribute DISCARD
]]></system-out>
    <system-err><![CDATA[Starting ChromeDriver 112.0.5615.49 (bd2a7bcb881c11e8cfe3078709382934e3916914-refs/branch-heads/5615@{#936}) on port 30531
Only local connections are allowed.
Please see https://chromedriver.chromium.org/security-considerations for suggestions on keeping ChromeDriver safe.
ChromeDriver was started successfully.
May 06, 2023 7:54:30 PM org.openqa.selenium.devtools.CdpVersionFinder findNearestMatch
WARNING: Unable to find an exact match for CDP version 112, so returning the closest version found: 108
]]></system-err>
  </testcase>
</testsuite>