<?xml version="1.0" encoding="UTF-8"?>
<testsuite xmlns:xsi="http://www.w3.org/2001/XMLSchema-instance" xsi:noNamespaceSchemaLocation="https://maven.apache.org/surefire/maven-failsafe-plugin/xsd/failsafe-test-report-3.0.xsd" version="3.0" name="starter.CucumberTestSuite" time="185.853" tests="16" errors="1" skipped="0" failures="3">
  <properties>
    <property name="java.specification.version" value="19"/>
    <property name="webdriver.chrome.driver" value="C:\Users\HP\.cache\selenium\chromedriver\win32\112.0.5615.49\chromedriver.exe"/>
    <property name="sun.cpu.isalist" value="amd64"/>
    <property name="sun.jnu.encoding" value="Cp1252"/>
    <property name="java.class.path" value="C:\Users\HP\Downloads\Mini-Project-QA\ALTASHOP WEB AUTOMATION\target\test-classes;C:\Users\HP\.m2\repository\net\serenity-bdd\serenity-core\3.5.1\serenity-core-3.5.1.jar;C:\Users\HP\.m2\repository\net\serenity-bdd\serenity-model\3.5.1\serenity-model-3.5.1.jar;C:\Users\HP\.m2\repository\org\apache\commons\commons-text\1.10.0\commons-text-1.10.0.jar;C:\Users\HP\.m2\repository\commons-net\commons-net\3.8.0\commons-net-3.8.0.jar;C:\Users\HP\.m2\repository\com\google\guava\guava\31.1-jre\guava-31.1-jre.jar;C:\Users\HP\.m2\repository\com\google\guava\failureaccess\1.0.1\failureaccess-1.0.1.jar;C:\Users\HP\.m2\repository\com\google\guava\listenablefuture\9999.0-empty-to-avoid-conflict-with-guava\listenablefuture-9999.0-empty-to-avoid-conflict-with-guava.jar;C:\Users\HP\.m2\repository\com\google\code\findbugs\jsr305\3.0.2\jsr305-3.0.2.jar;C:\Users\HP\.m2\repository\org\checkerframework\checker-qual\3.12.0\checker-qual-3.12.0.jar;C:\Users\HP\.m2\repository\com\google\errorprone\error_prone_annotations\2.11.0\error_prone_annotations-2.11.0.jar;C:\Users\HP\.m2\repository\com\google\j2objc\j2objc-annotations\1.3\j2objc-annotations-1.3.jar;C:\Users\HP\.m2\repository\com\google\inject\guice\5.1.0\guice-5.1.0.jar;C:\Users\HP\.m2\repository\javax\inject\javax.inject\1\javax.inject-1.jar;C:\Users\HP\.m2\repository\aopalliance\aopalliance\1.0\aopalliance-1.0.jar;C:\Users\HP\.m2\repository\org\jsoup\jsoup\1.14.3\jsoup-1.14.3.jar;C:\Users\HP\.m2\repository\com\thoughtworks\xstream\xstream\1.4.19\xstream-1.4.19.jar;C:\Users\HP\.m2\repository\io\github\x-stream\mxparser\1.2.2\mxparser-1.2.2.jar;C:\Users\HP\.m2\repository\xmlpull\xmlpull\1.1.3.1\xmlpull-1.1.3.1.jar;C:\Users\HP\.m2\repository\com\typesafe\config\1.4.2\config-1.4.2.jar;C:\Users\HP\.m2\repository\org\imgscalr\imgscalr-lib\4.2\imgscalr-lib-4.2.jar;C:\Users\HP\.m2\repository\org\awaitility\awaitility\4.2.0\awaitility-4.2.0.jar;C:\Users\HP\.m2\repository\org\freemarker\freemarker\2.3.31\freemarker-2.3.31.jar;C:\Users\HP\.m2\repository\io\github\classgraph\classgraph\4.8.138\classgraph-4.8.138.jar;C:\Users\HP\.m2\repository\net\sourceforge\jexcelapi\jxl\2.6.12\jxl-2.6.12.jar;C:\Users\HP\.m2\repository\net\bytebuddy\byte-buddy-agent\1.12.18\byte-buddy-agent-1.12.18.jar;C:\Users\HP\.m2\repository\org\objenesis\objenesis\3.1\objenesis-3.1.jar;C:\Users\HP\.m2\repository\net\serenity-bdd\serenity-reports\3.5.1\serenity-reports-3.5.1.jar;C:\Users\HP\.m2\repository\net\serenity-bdd\serenity-stats\3.5.1\serenity-stats-3.5.1.jar;C:\Users\HP\.m2\repository\net\serenity-bdd\serenity-reports-configuration\3.5.1\serenity-reports-configuration-3.5.1.jar;C:\Users\HP\.m2\repository\com\vladsch\flexmark\flexmark-all\0.34.30\flexmark-all-0.34.30.jar;C:\Users\HP\.m2\repository\com\vladsch\flexmark\flexmark\0.34.30\flexmark-0.34.30.jar;C:\Users\HP\.m2\repository\com\vladsch\flexmark\flexmark-ext-abbreviation\0.34.30\flexmark-ext-abbreviation-0.34.30.jar;C:\Users\HP\.m2\repository\com\vladsch\flexmark\flexmark-ext-admonition\0.34.30\flexmark-ext-admonition-0.34.30.jar;C:\Users\HP\.m2\repository\com\vladsch\flexmark\flexmark-ext-anchorlink\0.34.30\flexmark-ext-anchorlink-0.34.30.jar;C:\Users\HP\.m2\repository\com\vladsch\flexmark\flexmark-ext-aside\0.34.30\flexmark-ext-aside-0.34.30.jar;C:\Users\HP\.m2\repository\com\vladsch\flexmark\flexmark-ext-attributes\0.34.30\flexmark-ext-attributes-0.34.30.jar;C:\Users\HP\.m2\repository\com\vladsch\flexmark\flexmark-ext-autolink\0.34.30\flexmark-ext-autolink-0.34.30.jar;C:\Users\HP\.m2\repository\org\nibor\autolink\autolink\0.6.0\autolink-0.6.0.jar;C:\Users\HP\.m2\repository\com\vladsch\flexmark\flexmark-ext-definition\0.34.30\flexmark-ext-definition-0.34.30.jar;C:\Users\HP\.m2\repository\com\vladsch\flexmark\flexmark-ext-emoji\0.34.30\flexmark-ext-emoji-0.34.30.jar;C:\Users\HP\.m2\repository\com\vladsch\flexmark\flexmark-ext-enumerated-reference\0.34.30\flexmark-ext-enumerated-reference-0.34.30.jar;C:\Users\HP\.m2\repository\com\vladsch\flexmark\flexmark-ext-escaped-character\0.34.30\flexmark-ext-escaped-character-0.34.30.jar;C:\Users\HP\.m2\repository\com\vladsch\flexmark\flexmark-ext-footnotes\0.34.30\flexmark-ext-footnotes-0.34.30.jar;C:\Users\HP\.m2\repository\com\vladsch\flexmark\flexmark-ext-gfm-issues\0.34.30\flexmark-ext-gfm-issues-0.34.30.jar;C:\Users\HP\.m2\repository\com\vladsch\flexmark\flexmark-ext-gfm-strikethrough\0.34.30\flexmark-ext-gfm-strikethrough-0.34.30.jar;C:\Users\HP\.m2\repository\com\vladsch\flexmark\flexmark-ext-gfm-tables\0.34.30\flexmark-ext-gfm-tables-0.34.30.jar;C:\Users\HP\.m2\repository\com\vladsch\flexmark\flexmark-ext-gfm-tasklist\0.34.30\flexmark-ext-gfm-tasklist-0.34.30.jar;C:\Users\HP\.m2\repository\com\vladsch\flexmark\flexmark-ext-gfm-users\0.34.30\flexmark-ext-gfm-users-0.34.30.jar;C:\Users\HP\.m2\repository\com\vladsch\flexmark\flexmark-ext-gitlab\0.34.30\flexmark-ext-gitlab-0.34.30.jar;C:\Users\HP\.m2\repository\com\vladsch\flexmark\flexmark-ext-jekyll-front-matter\0.34.30\flexmark-ext-jekyll-front-matter-0.34.30.jar;C:\Users\HP\.m2\repository\com\vladsch\flexmark\flexmark-ext-jekyll-tag\0.34.30\flexmark-ext-jekyll-tag-0.34.30.jar;C:\Users\HP\.m2\repository\com\vladsch\flexmark\flexmark-ext-media-tags\0.34.30\flexmark-ext-media-tags-0.34.30.jar;C:\Users\HP\.m2\repository\com\vladsch\flexmark\flexmark-test-util\0.34.30\flexmark-test-util-0.34.30.jar;C:\Users\HP\.m2\repository\com\vladsch\flexmark\flexmark-ext-ins\0.34.30\flexmark-ext-ins-0.34.30.jar;C:\Users\HP\.m2\repository\com\vladsch\flexmark\flexmark-ext-xwiki-macros\0.34.30\flexmark-ext-xwiki-macros-0.34.30.jar;C:\Users\HP\.m2\repository\com\vladsch\flexmark\flexmark-ext-superscript\0.34.30\flexmark-ext-superscript-0.34.30.jar;C:\Users\HP\.m2\repository\com\vladsch\flexmark\flexmark-ext-tables\0.34.30\flexmark-ext-tables-0.34.30.jar;C:\Users\HP\.m2\repository\com\vladsch\flexmark\flexmark-ext-toc\0.34.30\flexmark-ext-toc-0.34.30.jar;C:\Users\HP\.m2\repository\com\vladsch\flexmark\flexmark-ext-typographic\0.34.30\flexmark-ext-typographic-0.34.30.jar;C:\Users\HP\.m2\repository\com\vladsch\flexmark\flexmark-ext-wikilink\0.34.30\flexmark-ext-wikilink-0.34.30.jar;C:\Users\HP\.m2\repository\com\vladsch\flexmark\flexmark-ext-yaml-front-matter\0.34.30\flexmark-ext-yaml-front-matter-0.34.30.jar;C:\Users\HP\.m2\repository\com\vladsch\flexmark\flexmark-ext-youtube-embedded\0.34.30\flexmark-ext-youtube-embedded-0.34.30.jar;C:\Users\HP\.m2\repository\com\vladsch\flexmark\flexmark-formatter\0.34.30\flexmark-formatter-0.34.30.jar;C:\Users\HP\.m2\repository\com\vladsch\flexmark\flexmark-html-parser\0.34.30\flexmark-html-parser-0.34.30.jar;C:\Users\HP\.m2\repository\com\vladsch\flexmark\flexmark-jira-converter\0.34.30\flexmark-jira-converter-0.34.30.jar;C:\Users\HP\.m2\repository\com\vladsch\flexmark\flexmark-pdf-converter\0.34.30\flexmark-pdf-converter-0.34.30.jar;C:\Users\HP\.m2\repository\com\openhtmltopdf\openhtmltopdf-core\0.0.1-RC13\openhtmltopdf-core-0.0.1-RC13.jar;C:\Users\HP\.m2\repository\com\openhtmltopdf\openhtmltopdf-pdfbox\0.0.1-RC13\openhtmltopdf-pdfbox-0.0.1-RC13.jar;C:\Users\HP\.m2\repository\org\apache\pdfbox\pdfbox\2.0.8\pdfbox-2.0.8.jar;C:\Users\HP\.m2\repository\org\apache\pdfbox\fontbox\2.0.8\fontbox-2.0.8.jar;C:\Users\HP\.m2\repository\org\apache\pdfbox\xmpbox\2.0.8\xmpbox-2.0.8.jar;C:\Users\HP\.m2\repository\de\rototor\pdfbox\graphics2d\0.12\graphics2d-0.12.jar;C:\Users\HP\.m2\repository\com\openhtmltopdf\openhtmltopdf-rtl-support\0.0.1-RC13\openhtmltopdf-rtl-support-0.0.1-RC13.jar;C:\Users\HP\.m2\repository\com\ibm\icu\icu4j\59.1\icu4j-59.1.jar;C:\Users\HP\.m2\repository\com\openhtmltopdf\openhtmltopdf-jsoup-dom-converter\0.0.1-RC13\openhtmltopdf-jsoup-dom-converter-0.0.1-RC13.jar;C:\Users\HP\.m2\repository\com\vladsch\flexmark\flexmark-profile-pegdown\0.34.30\flexmark-profile-pegdown-0.34.30.jar;C:\Users\HP\.m2\repository\com\vladsch\flexmark\flexmark-util\0.34.30\flexmark-util-0.34.30.jar;C:\Users\HP\.m2\repository\com\vladsch\flexmark\flexmark-youtrack-converter\0.34.30\flexmark-youtrack-converter-0.34.30.jar;C:\Users\HP\.m2\repository\es\nitaur\markdown\txtmark\0.16\txtmark-0.16.jar;C:\Users\HP\.m2\repository\net\serenity-bdd\serenity-report-resources\3.5.1\serenity-report-resources-3.5.1.jar;C:\Users\HP\.m2\repository\com\google\code\gson\gson\2.9.0\gson-2.9.0.jar;C:\Users\HP\.m2\repository\com\fasterxml\jackson\core\jackson-core\2.13.4\jackson-core-2.13.4.jar;C:\Users\HP\.m2\repository\com\fasterxml\jackson\core\jackson-databind\2.13.4\jackson-databind-2.13.4.jar;C:\Users\HP\.m2\repository\com\fasterxml\jackson\core\jackson-annotations\2.13.4\jackson-annotations-2.13.4.jar;C:\Users\HP\.m2\repository\commons-codec\commons-codec\1.15\commons-codec-1.15.jar;C:\Users\HP\.m2\repository\commons-io\commons-io\2.11.0\commons-io-2.11.0.jar;C:\Users\HP\.m2\repository\org\apache\httpcomponents\httpclient\4.5.13\httpclient-4.5.13.jar;C:\Users\HP\.m2\repository\org\apache\httpcomponents\httpcore\4.4.13\httpcore-4.4.13.jar;C:\Users\HP\.m2\repository\commons-logging\commons-logging\1.2\commons-logging-1.2.jar;C:\Users\HP\.m2\repository\org\seleniumhq\selenium\selenium-java\4.7.1\selenium-java-4.7.1.jar;C:\Users\HP\.m2\repository\org\seleniumhq\selenium\selenium-devtools-v106\4.7.1\selenium-devtools-v106-4.7.1.jar;C:\Users\HP\.m2\repository\org\seleniumhq\selenium\selenium-devtools-v107\4.7.1\selenium-devtools-v107-4.7.1.jar;C:\Users\HP\.m2\repository\org\seleniumhq\selenium\selenium-devtools-v108\4.7.1\selenium-devtools-v108-4.7.1.jar;C:\Users\HP\.m2\repository\org\seleniumhq\selenium\selenium-devtools-v85\4.7.1\selenium-devtools-v85-4.7.1.jar;C:\Users\HP\.m2\repository\org\seleniumhq\selenium\selenium-remote-driver\4.7.1\selenium-remote-driver-4.7.1.jar;C:\Users\HP\.m2\repository\com\beust\jcommander\1.82\jcommander-1.82.jar;C:\Users\HP\.m2\repository\io\netty\netty-buffer\4.1.84.Final\netty-buffer-4.1.84.Final.jar;C:\Users\HP\.m2\repository\io\netty\netty-codec-http\4.1.84.Final\netty-codec-http-4.1.84.Final.jar;C:\Users\HP\.m2\repository\io\netty\netty-codec\4.1.84.Final\netty-codec-4.1.84.Final.jar;C:\Users\HP\.m2\repository\io\netty\netty-handler\4.1.84.Final\netty-handler-4.1.84.Final.jar;C:\Users\HP\.m2\repository\io\netty\netty-common\4.1.84.Final\netty-common-4.1.84.Final.jar;C:\Users\HP\.m2\repository\io\netty\netty-transport-classes-epoll\4.1.84.Final\netty-transport-classes-epoll-4.1.84.Final.jar;C:\Users\HP\.m2\repository\io\netty\netty-transport-classes-kqueue\4.1.84.Final\netty-transport-classes-kqueue-4.1.84.Final.jar;C:\Users\HP\.m2\repository\io\netty\netty-transport-native-epoll\4.1.84.Final\netty-transport-native-epoll-4.1.84.Final.jar;C:\Users\HP\.m2\repository\io\netty\netty-transport-native-kqueue\4.1.84.Final\netty-transport-native-kqueue-4.1.84.Final.jar;C:\Users\HP\.m2\repository\io\netty\netty-transport-native-unix-common\4.1.84.Final\netty-transport-native-unix-common-4.1.84.Final.jar;C:\Users\HP\.m2\repository\io\netty\netty-transport\4.1.84.Final\netty-transport-4.1.84.Final.jar;C:\Users\HP\.m2\repository\io\netty\netty-resolver\4.1.84.Final\netty-resolver-4.1.84.Final.jar;C:\Users\HP\.m2\repository\io\opentelemetry\opentelemetry-api\1.19.0\opentelemetry-api-1.19.0.jar;C:\Users\HP\.m2\repository\io\opentelemetry\opentelemetry-context\1.19.0\opentelemetry-context-1.19.0.jar;C:\Users\HP\.m2\repository\io\opentelemetry\opentelemetry-exporter-logging\1.19.0\opentelemetry-exporter-logging-1.19.0.jar;C:\Users\HP\.m2\repository\io\opentelemetry\opentelemetry-sdk-metrics\1.19.0\opentelemetry-sdk-metrics-1.19.0.jar;C:\Users\HP\.m2\repository\io\opentelemetry\opentelemetry-sdk-logs\1.19.0-alpha\opentelemetry-sdk-logs-1.19.0-alpha.jar;C:\Users\HP\.m2\repository\io\opentelemetry\opentelemetry-api-logs\1.19.0-alpha\opentelemetry-api-logs-1.19.0-alpha.jar;C:\Users\HP\.m2\repository\io\opentelemetry\opentelemetry-sdk-common\1.19.0\opentelemetry-sdk-common-1.19.0.jar;C:\Users\HP\.m2\repository\io\opentelemetry\opentelemetry-sdk-extension-autoconfigure-spi\1.19.0\opentelemetry-sdk-extension-autoconfigure-spi-1.19.0.jar;C:\Users\HP\.m2\repository\io\opentelemetry\opentelemetry-sdk-extension-autoconfigure\1.19.0-alpha\opentelemetry-sdk-extension-autoconfigure-1.19.0-alpha.jar;C:\Users\HP\.m2\repository\io\opentelemetry\opentelemetry-exporter-common\1.19.0\opentelemetry-exporter-common-1.19.0.jar;C:\Users\HP\.m2\repository\io\opentelemetry\opentelemetry-sdk-trace\1.19.0\opentelemetry-sdk-trace-1.19.0.jar;C:\Users\HP\.m2\repository\io\opentelemetry\opentelemetry-sdk\1.19.0\opentelemetry-sdk-1.19.0.jar;C:\Users\HP\.m2\repository\io\opentelemetry\opentelemetry-semconv\1.19.0-alpha\opentelemetry-semconv-1.19.0-alpha.jar;C:\Users\HP\.m2\repository\io\ous\jtoml\2.0.0\jtoml-2.0.0.jar;C:\Users\HP\.m2\repository\org\apache\commons\commons-exec\1.3\commons-exec-1.3.jar;C:\Users\HP\.m2\repository\org\asynchttpclient\async-http-client\2.12.3\async-http-client-2.12.3.jar;C:\Users\HP\.m2\repository\org\asynchttpclient\async-http-client-netty-utils\2.12.3\async-http-client-netty-utils-2.12.3.jar;C:\Users\HP\.m2\repository\io\netty\netty-codec-socks\4.1.60.Final\netty-codec-socks-4.1.60.Final.jar;C:\Users\HP\.m2\repository\io\netty\netty-handler-proxy\4.1.60.Final\netty-handler-proxy-4.1.60.Final.jar;C:\Users\HP\.m2\repository\io\netty\netty-transport-native-epoll\4.1.60.Final\netty-transport-native-epoll-4.1.60.Final-linux-x86_64.jar;C:\Users\HP\.m2\repository\io\netty\netty-transport-native-kqueue\4.1.60.Final\netty-transport-native-kqueue-4.1.60.Final-osx-x86_64.jar;C:\Users\HP\.m2\repository\org\reactivestreams\reactive-streams\1.0.3\reactive-streams-1.0.3.jar;C:\Users\HP\.m2\repository\com\typesafe\netty\netty-reactive-streams\2.0.4\netty-reactive-streams-2.0.4.jar;C:\Users\HP\.m2\repository\org\seleniumhq\selenium\selenium-manager\4.7.1\selenium-manager-4.7.1.jar;C:\Users\HP\.m2\repository\org\seleniumhq\selenium\selenium-safari-driver\4.7.1\selenium-safari-driver-4.7.1.jar;C:\Users\HP\.m2\repository\org\seleniumhq\selenium\selenium-api\4.7.1\selenium-api-4.7.1.jar;C:\Users\HP\.m2\repository\org\seleniumhq\selenium\selenium-support\4.7.1\selenium-support-4.7.1.jar;C:\Users\HP\.m2\repository\com\google\auto\service\auto-service-annotations\1.0.1\auto-service-annotations-1.0.1.jar;C:\Users\HP\.m2\repository\com\google\auto\service\auto-service\1.0.1\auto-service-1.0.1.jar;C:\Users\HP\.m2\repository\com\google\auto\auto-common\1.2\auto-common-1.2.jar;C:\Users\HP\.m2\repository\org\seleniumhq\selenium\selenium-json\4.7.1\selenium-json-4.7.1.jar;C:\Users\HP\.m2\repository\org\seleniumhq\selenium\selenium-chrome-driver\4.7.1\selenium-chrome-driver-4.7.1.jar;C:\Users\HP\.m2\repository\org\seleniumhq\selenium\selenium-chromium-driver\4.7.1\selenium-chromium-driver-4.7.1.jar;C:\Users\HP\.m2\repository\org\seleniumhq\selenium\selenium-firefox-driver\4.7.1\selenium-firefox-driver-4.7.1.jar;C:\Users\HP\.m2\repository\org\seleniumhq\selenium\selenium-http\4.7.1\selenium-http-4.7.1.jar;C:\Users\HP\.m2\repository\dev\failsafe\failsafe\3.3.0\failsafe-3.3.0.jar;C:\Users\HP\.m2\repository\org\seleniumhq\selenium\selenium-edge-driver\4.7.1\selenium-edge-driver-4.7.1.jar;C:\Users\HP\.m2\repository\org\seleniumhq\selenium\selenium-ie-driver\4.7.1\selenium-ie-driver-4.7.1.jar;C:\Users\HP\.m2\repository\org\projectlombok\lombok\1.18.20\lombok-1.18.20.jar;C:\Users\HP\.m2\repository\io\appium\java-client\8.3.0\java-client-8.3.0.jar;C:\Users\HP\.m2\repository\commons-validator\commons-validator\1.7\commons-validator-1.7.jar;C:\Users\HP\.m2\repository\commons-digester\commons-digester\2.1\commons-digester-2.1.jar;C:\Users\HP\.m2\repository\org\apache\groovy\groovy\4.0.6\groovy-4.0.6.jar;C:\Users\HP\.m2\repository\net\sf\opencsv\opencsv\2.0\opencsv-2.0.jar;C:\Users\HP\.m2\repository\commons-beanutils\commons-beanutils\1.9.4\commons-beanutils-1.9.4.jar;C:\Users\HP\.m2\repository\org\apache\commons\commons-lang3\3.12.0\commons-lang3-3.12.0.jar;C:\Users\HP\.m2\repository\commons-collections\commons-collections\3.2.2\commons-collections-3.2.2.jar;C:\Users\HP\.m2\repository\org\fluentlenium\fluentlenium-core\0.10.2\fluentlenium-core-0.10.2.jar;C:\Users\HP\.m2\repository\io\github\bonigarcia\webdrivermanager\5.3.0\webdrivermanager-5.3.0.jar;C:\Users\HP\.m2\repository\com\github\docker-java\docker-java\3.2.13\docker-java-3.2.13.jar;C:\Users\HP\.m2\repository\com\github\docker-java\docker-java-core\3.2.13\docker-java-core-3.2.13.jar;C:\Users\HP\.m2\repository\com\github\docker-java\docker-java-api\3.2.13\docker-java-api-3.2.13.jar;C:\Users\HP\.m2\repository\org\apache\commons\commons-compress\1.21\commons-compress-1.21.jar;C:\Users\HP\.m2\repository\org\bouncycastle\bcpkix-jdk15on\1.64\bcpkix-jdk15on-1.64.jar;C:\Users\HP\.m2\repository\org\bouncycastle\bcprov-jdk15on\1.64\bcprov-jdk15on-1.64.jar;C:\Users\HP\.m2\repository\org\slf4j\jcl-over-slf4j\1.7.30\jcl-over-slf4j-1.7.30.jar;C:\Users\HP\.m2\repository\com\github\docker-java\docker-java-transport-httpclient5\3.2.13\docker-java-transport-httpclient5-3.2.13.jar;C:\Users\HP\.m2\repository\com\github\docker-java\docker-java-transport\3.2.13\docker-java-transport-3.2.13.jar;C:\Users\HP\.m2\repository\net\java\dev\jna\jna\5.8.0\jna-5.8.0.jar;C:\Users\HP\.m2\repository\org\brotli\dec\0.1.2\dec-0.1.2.jar;C:\Users\HP\.m2\repository\org\apache\httpcomponents\client5\httpclient5\5.1.3\httpclient5-5.1.3.jar;C:\Users\HP\.m2\repository\org\apache\httpcomponents\core5\httpcore5\5.1.3\httpcore5-5.1.3.jar;C:\Users\HP\.m2\repository\org\apache\httpcomponents\core5\httpcore5-h2\5.1.3\httpcore5-h2-5.1.3.jar;C:\Users\HP\.m2\repository\com\jhlabs\filters\2.0.235\filters-2.0.235.jar;C:\Users\HP\.m2\repository\com\paulhammant\ngwebdriver\1.1.6\ngwebdriver-1.1.6.jar;C:\Users\HP\.m2\repository\joda-time\joda-time\2.8.2\joda-time-2.8.2.jar;C:\Users\HP\.m2\repository\org\hamcrest\hamcrest\2.2\hamcrest-2.2.jar;C:\Users\HP\.m2\repository\com\google\jimfs\jimfs\1.2\jimfs-1.2.jar;C:\Users\HP\.m2\repository\org\mockito\mockito-core\3.3.3\mockito-core-3.3.3.jar;C:\Users\HP\.m2\repository\javax\xml\bind\jaxb-api\2.3.1\jaxb-api-2.3.1.jar;C:\Users\HP\.m2\repository\javax\activation\javax.activation-api\1.2.0\javax.activation-api-1.2.0.jar;C:\Users\HP\.m2\repository\com\sun\xml\bind\jaxb-core\2.3.0.1\jaxb-core-2.3.0.1.jar;C:\Users\HP\.m2\repository\com\sun\xml\bind\jaxb-impl\2.3.3\jaxb-impl-2.3.3.jar;C:\Users\HP\.m2\repository\jakarta\xml\bind\jakarta.xml.bind-api\2.3.3\jakarta.xml.bind-api-2.3.3.jar;C:\Users\HP\.m2\repository\com\sun\activation\jakarta.activation\1.2.2\jakarta.activation-1.2.2.jar;C:\Users\HP\.m2\repository\javax\activation\activation\1.1.1\activation-1.1.1.jar;C:\Users\HP\.m2\repository\net\serenity-bdd\serenity-cucumber\3.5.1\serenity-cucumber-3.5.1.jar;C:\Users\HP\.m2\repository\io\cucumber\cucumber-core\7.8.1\cucumber-core-7.8.1.jar;C:\Users\HP\.m2\repository\io\cucumber\cucumber-gherkin\7.8.1\cucumber-gherkin-7.8.1.jar;C:\Users\HP\.m2\repository\io\cucumber\cucumber-gherkin-messages\7.8.1\cucumber-gherkin-messages-7.8.1.jar;C:\Users\HP\.m2\repository\io\cucumber\gherkin\24.0.0\gherkin-24.0.0.jar;C:\Users\HP\.m2\repository\io\cucumber\messages\19.1.4\messages-19.1.4.jar;C:\Users\HP\.m2\repository\io\cucumber\tag-expressions\4.1.0\tag-expressions-4.1.0.jar;C:\Users\HP\.m2\repository\io\cucumber\cucumber-expressions\16.0.0\cucumber-expressions-16.0.0.jar;C:\Users\HP\.m2\repository\io\cucumber\datatable\7.8.1\datatable-7.8.1.jar;C:\Users\HP\.m2\repository\io\cucumber\cucumber-plugin\7.8.1\cucumber-plugin-7.8.1.jar;C:\Users\HP\.m2\repository\io\cucumber\docstring\7.8.1\docstring-7.8.1.jar;C:\Users\HP\.m2\repository\io\cucumber\html-formatter\20.1.0\html-formatter-20.1.0.jar;C:\Users\HP\.m2\repository\io\cucumber\ci-environment\9.1.0\ci-environment-9.1.0.jar;C:\Users\HP\.m2\repository\io\cucumber\cucumber-java\7.8.1\cucumber-java-7.8.1.jar;C:\Users\HP\.m2\repository\io\cucumber\cucumber-junit\7.8.1\cucumber-junit-7.8.1.jar;C:\Users\HP\.m2\repository\org\apache\commons\commons-csv\1.5\commons-csv-1.5.jar;C:\Users\HP\.m2\repository\net\serenity-bdd\serenity-screenplay\3.5.1\serenity-screenplay-3.5.1.jar;C:\Users\HP\.m2\repository\net\serenity-bdd\serenity-screenplay-webdriver\3.5.1\serenity-screenplay-webdriver-3.5.1.jar;C:\Users\HP\.m2\repository\net\serenity-bdd\serenity-ensure\3.5.1\serenity-ensure-3.5.1.jar;C:\Users\HP\.m2\repository\net\serenity-bdd\serenity-junit\3.5.1\serenity-junit-3.5.1.jar;C:\Users\HP\.m2\repository\org\jetbrains\kotlin\kotlin-stdlib\1.7.21\kotlin-stdlib-1.7.21.jar;C:\Users\HP\.m2\repository\org\jetbrains\kotlin\kotlin-stdlib-common\1.7.21\kotlin-stdlib-common-1.7.21.jar;C:\Users\HP\.m2\repository\org\jetbrains\annotations\13.0\annotations-13.0.jar;C:\Users\HP\.m2\repository\org\junit\platform\junit-platform-launcher\1.8.2\junit-platform-launcher-1.8.2.jar;C:\Users\HP\.m2\repository\org\junit\platform\junit-platform-engine\1.8.2\junit-platform-engine-1.8.2.jar;C:\Users\HP\.m2\repository\org\opentest4j\opentest4j\1.2.0\opentest4j-1.2.0.jar;C:\Users\HP\.m2\repository\org\junit\platform\junit-platform-commons\1.8.2\junit-platform-commons-1.8.2.jar;C:\Users\HP\.m2\repository\org\apiguardian\apiguardian-api\1.1.2\apiguardian-api-1.1.2.jar;C:\Users\HP\.m2\repository\org\junit\jupiter\junit-jupiter-engine\5.8.2\junit-jupiter-engine-5.8.2.jar;C:\Users\HP\.m2\repository\org\junit\jupiter\junit-jupiter-api\5.8.2\junit-jupiter-api-5.8.2.jar;C:\Users\HP\.m2\repository\org\junit\vintage\junit-vintage-engine\5.8.2\junit-vintage-engine-5.8.2.jar;C:\Users\HP\.m2\repository\junit\junit\4.13.2\junit-4.13.2.jar;C:\Users\HP\.m2\repository\org\hamcrest\hamcrest-core\1.3\hamcrest-core-1.3.jar;C:\Users\HP\.m2\repository\ch\qos\logback\logback-classic\1.2.10\logback-classic-1.2.10.jar;C:\Users\HP\.m2\repository\ch\qos\logback\logback-core\1.2.10\logback-core-1.2.10.jar;C:\Users\HP\.m2\repository\org\slf4j\slf4j-api\1.7.32\slf4j-api-1.7.32.jar;C:\Users\HP\.m2\repository\org\assertj\assertj-core\3.23.1\assertj-core-3.23.1.jar;C:\Users\HP\.m2\repository\net\bytebuddy\byte-buddy\1.12.10\byte-buddy-1.12.10.jar;"/>
    <property name="java.vm.vendor" value="Oracle Corporation"/>
    <property name="sun.arch.data.model" value="64"/>
    <property name="user.variant" value=""/>
    <property name="java.vendor.url" value="https://java.oracle.com/"/>
    <property name="user.timezone" value="Asia/Jakarta"/>
    <property name="log4j2.formatMsgNoLookups" value="true"/>
    <property name="os.name" value="Windows 11"/>
    <property name="java.vm.specification.version" value="19"/>
    <property name="sun.java.launcher" value="SUN_STANDARD"/>
    <property name="user.country" value="ID"/>
    <property name="sun.boot.library.path" value="C:\Program Files\Java\jdk-19\bin"/>
    <property name="sun.java.command" value="org.apache.maven.surefire.booter.ForkedBooter C:\Users\HP\AppData\Local\Temp\surefire15795436617049590012 2023-05-10T00-49-03_353-jvmRun1 surefire10958942399942898573tmp surefire_03423903118099153470tmp"/>
    <property name="jdk.debug" value="release"/>
    <property name="surefire.test.class.path" value="C:\Users\HP\Downloads\Mini-Project-QA\ALTASHOP WEB AUTOMATION\target\test-classes;C:\Users\HP\.m2\repository\net\serenity-bdd\serenity-core\3.5.1\serenity-core-3.5.1.jar;C:\Users\HP\.m2\repository\net\serenity-bdd\serenity-model\3.5.1\serenity-model-3.5.1.jar;C:\Users\HP\.m2\repository\org\apache\commons\commons-text\1.10.0\commons-text-1.10.0.jar;C:\Users\HP\.m2\repository\commons-net\commons-net\3.8.0\commons-net-3.8.0.jar;C:\Users\HP\.m2\repository\com\google\guava\guava\31.1-jre\guava-31.1-jre.jar;C:\Users\HP\.m2\repository\com\google\guava\failureaccess\1.0.1\failureaccess-1.0.1.jar;C:\Users\HP\.m2\repository\com\google\guava\listenablefuture\9999.0-empty-to-avoid-conflict-with-guava\listenablefuture-9999.0-empty-to-avoid-conflict-with-guava.jar;C:\Users\HP\.m2\repository\com\google\code\findbugs\jsr305\3.0.2\jsr305-3.0.2.jar;C:\Users\HP\.m2\repository\org\checkerframework\checker-qual\3.12.0\checker-qual-3.12.0.jar;C:\Users\HP\.m2\repository\com\google\errorprone\error_prone_annotations\2.11.0\error_prone_annotations-2.11.0.jar;C:\Users\HP\.m2\repository\com\google\j2objc\j2objc-annotations\1.3\j2objc-annotations-1.3.jar;C:\Users\HP\.m2\repository\com\google\inject\guice\5.1.0\guice-5.1.0.jar;C:\Users\HP\.m2\repository\javax\inject\javax.inject\1\javax.inject-1.jar;C:\Users\HP\.m2\repository\aopalliance\aopalliance\1.0\aopalliance-1.0.jar;C:\Users\HP\.m2\repository\org\jsoup\jsoup\1.14.3\jsoup-1.14.3.jar;C:\Users\HP\.m2\repository\com\thoughtworks\xstream\xstream\1.4.19\xstream-1.4.19.jar;C:\Users\HP\.m2\repository\io\github\x-stream\mxparser\1.2.2\mxparser-1.2.2.jar;C:\Users\HP\.m2\repository\xmlpull\xmlpull\1.1.3.1\xmlpull-1.1.3.1.jar;C:\Users\HP\.m2\repository\com\typesafe\config\1.4.2\config-1.4.2.jar;C:\Users\HP\.m2\repository\org\imgscalr\imgscalr-lib\4.2\imgscalr-lib-4.2.jar;C:\Users\HP\.m2\repository\org\awaitility\awaitility\4.2.0\awaitility-4.2.0.jar;C:\Users\HP\.m2\repository\org\freemarker\freemarker\2.3.31\freemarker-2.3.31.jar;C:\Users\HP\.m2\repository\io\github\classgraph\classgraph\4.8.138\classgraph-4.8.138.jar;C:\Users\HP\.m2\repository\net\sourceforge\jexcelapi\jxl\2.6.12\jxl-2.6.12.jar;C:\Users\HP\.m2\repository\net\bytebuddy\byte-buddy-agent\1.12.18\byte-buddy-agent-1.12.18.jar;C:\Users\HP\.m2\repository\org\objenesis\objenesis\3.1\objenesis-3.1.jar;C:\Users\HP\.m2\repository\net\serenity-bdd\serenity-reports\3.5.1\serenity-reports-3.5.1.jar;C:\Users\HP\.m2\repository\net\serenity-bdd\serenity-stats\3.5.1\serenity-stats-3.5.1.jar;C:\Users\HP\.m2\repository\net\serenity-bdd\serenity-reports-configuration\3.5.1\serenity-reports-configuration-3.5.1.jar;C:\Users\HP\.m2\repository\com\vladsch\flexmark\flexmark-all\0.34.30\flexmark-all-0.34.30.jar;C:\Users\HP\.m2\repository\com\vladsch\flexmark\flexmark\0.34.30\flexmark-0.34.30.jar;C:\Users\HP\.m2\repository\com\vladsch\flexmark\flexmark-ext-abbreviation\0.34.30\flexmark-ext-abbreviation-0.34.30.jar;C:\Users\HP\.m2\repository\com\vladsch\flexmark\flexmark-ext-admonition\0.34.30\flexmark-ext-admonition-0.34.30.jar;C:\Users\HP\.m2\repository\com\vladsch\flexmark\flexmark-ext-anchorlink\0.34.30\flexmark-ext-anchorlink-0.34.30.jar;C:\Users\HP\.m2\repository\com\vladsch\flexmark\flexmark-ext-aside\0.34.30\flexmark-ext-aside-0.34.30.jar;C:\Users\HP\.m2\repository\com\vladsch\flexmark\flexmark-ext-attributes\0.34.30\flexmark-ext-attributes-0.34.30.jar;C:\Users\HP\.m2\repository\com\vladsch\flexmark\flexmark-ext-autolink\0.34.30\flexmark-ext-autolink-0.34.30.jar;C:\Users\HP\.m2\repository\org\nibor\autolink\autolink\0.6.0\autolink-0.6.0.jar;C:\Users\HP\.m2\repository\com\vladsch\flexmark\flexmark-ext-definition\0.34.30\flexmark-ext-definition-0.34.30.jar;C:\Users\HP\.m2\repository\com\vladsch\flexmark\flexmark-ext-emoji\0.34.30\flexmark-ext-emoji-0.34.30.jar;C:\Users\HP\.m2\repository\com\vladsch\flexmark\flexmark-ext-enumerated-reference\0.34.30\flexmark-ext-enumerated-reference-0.34.30.jar;C:\Users\HP\.m2\repository\com\vladsch\flexmark\flexmark-ext-escaped-character\0.34.30\flexmark-ext-escaped-character-0.34.30.jar;C:\Users\HP\.m2\repository\com\vladsch\flexmark\flexmark-ext-footnotes\0.34.30\flexmark-ext-footnotes-0.34.30.jar;C:\Users\HP\.m2\repository\com\vladsch\flexmark\flexmark-ext-gfm-issues\0.34.30\flexmark-ext-gfm-issues-0.34.30.jar;C:\Users\HP\.m2\repository\com\vladsch\flexmark\flexmark-ext-gfm-strikethrough\0.34.30\flexmark-ext-gfm-strikethrough-0.34.30.jar;C:\Users\HP\.m2\repository\com\vladsch\flexmark\flexmark-ext-gfm-tables\0.34.30\flexmark-ext-gfm-tables-0.34.30.jar;C:\Users\HP\.m2\repository\com\vladsch\flexmark\flexmark-ext-gfm-tasklist\0.34.30\flexmark-ext-gfm-tasklist-0.34.30.jar;C:\Users\HP\.m2\repository\com\vladsch\flexmark\flexmark-ext-gfm-users\0.34.30\flexmark-ext-gfm-users-0.34.30.jar;C:\Users\HP\.m2\repository\com\vladsch\flexmark\flexmark-ext-gitlab\0.34.30\flexmark-ext-gitlab-0.34.30.jar;C:\Users\HP\.m2\repository\com\vladsch\flexmark\flexmark-ext-jekyll-front-matter\0.34.30\flexmark-ext-jekyll-front-matter-0.34.30.jar;C:\Users\HP\.m2\repository\com\vladsch\flexmark\flexmark-ext-jekyll-tag\0.34.30\flexmark-ext-jekyll-tag-0.34.30.jar;C:\Users\HP\.m2\repository\com\vladsch\flexmark\flexmark-ext-media-tags\0.34.30\flexmark-ext-media-tags-0.34.30.jar;C:\Users\HP\.m2\repository\com\vladsch\flexmark\flexmark-test-util\0.34.30\flexmark-test-util-0.34.30.jar;C:\Users\HP\.m2\repository\com\vladsch\flexmark\flexmark-ext-ins\0.34.30\flexmark-ext-ins-0.34.30.jar;C:\Users\HP\.m2\repository\com\vladsch\flexmark\flexmark-ext-xwiki-macros\0.34.30\flexmark-ext-xwiki-macros-0.34.30.jar;C:\Users\HP\.m2\repository\com\vladsch\flexmark\flexmark-ext-superscript\0.34.30\flexmark-ext-superscript-0.34.30.jar;C:\Users\HP\.m2\repository\com\vladsch\flexmark\flexmark-ext-tables\0.34.30\flexmark-ext-tables-0.34.30.jar;C:\Users\HP\.m2\repository\com\vladsch\flexmark\flexmark-ext-toc\0.34.30\flexmark-ext-toc-0.34.30.jar;C:\Users\HP\.m2\repository\com\vladsch\flexmark\flexmark-ext-typographic\0.34.30\flexmark-ext-typographic-0.34.30.jar;C:\Users\HP\.m2\repository\com\vladsch\flexmark\flexmark-ext-wikilink\0.34.30\flexmark-ext-wikilink-0.34.30.jar;C:\Users\HP\.m2\repository\com\vladsch\flexmark\flexmark-ext-yaml-front-matter\0.34.30\flexmark-ext-yaml-front-matter-0.34.30.jar;C:\Users\HP\.m2\repository\com\vladsch\flexmark\flexmark-ext-youtube-embedded\0.34.30\flexmark-ext-youtube-embedded-0.34.30.jar;C:\Users\HP\.m2\repository\com\vladsch\flexmark\flexmark-formatter\0.34.30\flexmark-formatter-0.34.30.jar;C:\Users\HP\.m2\repository\com\vladsch\flexmark\flexmark-html-parser\0.34.30\flexmark-html-parser-0.34.30.jar;C:\Users\HP\.m2\repository\com\vladsch\flexmark\flexmark-jira-converter\0.34.30\flexmark-jira-converter-0.34.30.jar;C:\Users\HP\.m2\repository\com\vladsch\flexmark\flexmark-pdf-converter\0.34.30\flexmark-pdf-converter-0.34.30.jar;C:\Users\HP\.m2\repository\com\openhtmltopdf\openhtmltopdf-core\0.0.1-RC13\openhtmltopdf-core-0.0.1-RC13.jar;C:\Users\HP\.m2\repository\com\openhtmltopdf\openhtmltopdf-pdfbox\0.0.1-RC13\openhtmltopdf-pdfbox-0.0.1-RC13.jar;C:\Users\HP\.m2\repository\org\apache\pdfbox\pdfbox\2.0.8\pdfbox-2.0.8.jar;C:\Users\HP\.m2\repository\org\apache\pdfbox\fontbox\2.0.8\fontbox-2.0.8.jar;C:\Users\HP\.m2\repository\org\apache\pdfbox\xmpbox\2.0.8\xmpbox-2.0.8.jar;C:\Users\HP\.m2\repository\de\rototor\pdfbox\graphics2d\0.12\graphics2d-0.12.jar;C:\Users\HP\.m2\repository\com\openhtmltopdf\openhtmltopdf-rtl-support\0.0.1-RC13\openhtmltopdf-rtl-support-0.0.1-RC13.jar;C:\Users\HP\.m2\repository\com\ibm\icu\icu4j\59.1\icu4j-59.1.jar;C:\Users\HP\.m2\repository\com\openhtmltopdf\openhtmltopdf-jsoup-dom-converter\0.0.1-RC13\openhtmltopdf-jsoup-dom-converter-0.0.1-RC13.jar;C:\Users\HP\.m2\repository\com\vladsch\flexmark\flexmark-profile-pegdown\0.34.30\flexmark-profile-pegdown-0.34.30.jar;C:\Users\HP\.m2\repository\com\vladsch\flexmark\flexmark-util\0.34.30\flexmark-util-0.34.30.jar;C:\Users\HP\.m2\repository\com\vladsch\flexmark\flexmark-youtrack-converter\0.34.30\flexmark-youtrack-converter-0.34.30.jar;C:\Users\HP\.m2\repository\es\nitaur\markdown\txtmark\0.16\txtmark-0.16.jar;C:\Users\HP\.m2\repository\net\serenity-bdd\serenity-report-resources\3.5.1\serenity-report-resources-3.5.1.jar;C:\Users\HP\.m2\repository\com\google\code\gson\gson\2.9.0\gson-2.9.0.jar;C:\Users\HP\.m2\repository\com\fasterxml\jackson\core\jackson-core\2.13.4\jackson-core-2.13.4.jar;C:\Users\HP\.m2\repository\com\fasterxml\jackson\core\jackson-databind\2.13.4\jackson-databind-2.13.4.jar;C:\Users\HP\.m2\repository\com\fasterxml\jackson\core\jackson-annotations\2.13.4\jackson-annotations-2.13.4.jar;C:\Users\HP\.m2\repository\commons-codec\commons-codec\1.15\commons-codec-1.15.jar;C:\Users\HP\.m2\repository\commons-io\commons-io\2.11.0\commons-io-2.11.0.jar;C:\Users\HP\.m2\repository\org\apache\httpcomponents\httpclient\4.5.13\httpclient-4.5.13.jar;C:\Users\HP\.m2\repository\org\apache\httpcomponents\httpcore\4.4.13\httpcore-4.4.13.jar;C:\Users\HP\.m2\repository\commons-logging\commons-logging\1.2\commons-logging-1.2.jar;C:\Users\HP\.m2\repository\org\seleniumhq\selenium\selenium-java\4.7.1\selenium-java-4.7.1.jar;C:\Users\HP\.m2\repository\org\seleniumhq\selenium\selenium-devtools-v106\4.7.1\selenium-devtools-v106-4.7.1.jar;C:\Users\HP\.m2\repository\org\seleniumhq\selenium\selenium-devtools-v107\4.7.1\selenium-devtools-v107-4.7.1.jar;C:\Users\HP\.m2\repository\org\seleniumhq\selenium\selenium-devtools-v108\4.7.1\selenium-devtools-v108-4.7.1.jar;C:\Users\HP\.m2\repository\org\seleniumhq\selenium\selenium-devtools-v85\4.7.1\selenium-devtools-v85-4.7.1.jar;C:\Users\HP\.m2\repository\org\seleniumhq\selenium\selenium-remote-driver\4.7.1\selenium-remote-driver-4.7.1.jar;C:\Users\HP\.m2\repository\com\beust\jcommander\1.82\jcommander-1.82.jar;C:\Users\HP\.m2\repository\io\netty\netty-buffer\4.1.84.Final\netty-buffer-4.1.84.Final.jar;C:\Users\HP\.m2\repository\io\netty\netty-codec-http\4.1.84.Final\netty-codec-http-4.1.84.Final.jar;C:\Users\HP\.m2\repository\io\netty\netty-codec\4.1.84.Final\netty-codec-4.1.84.Final.jar;C:\Users\HP\.m2\repository\io\netty\netty-handler\4.1.84.Final\netty-handler-4.1.84.Final.jar;C:\Users\HP\.m2\repository\io\netty\netty-common\4.1.84.Final\netty-common-4.1.84.Final.jar;C:\Users\HP\.m2\repository\io\netty\netty-transport-classes-epoll\4.1.84.Final\netty-transport-classes-epoll-4.1.84.Final.jar;C:\Users\HP\.m2\repository\io\netty\netty-transport-classes-kqueue\4.1.84.Final\netty-transport-classes-kqueue-4.1.84.Final.jar;C:\Users\HP\.m2\repository\io\netty\netty-transport-native-epoll\4.1.84.Final\netty-transport-native-epoll-4.1.84.Final.jar;C:\Users\HP\.m2\repository\io\netty\netty-transport-native-kqueue\4.1.84.Final\netty-transport-native-kqueue-4.1.84.Final.jar;C:\Users\HP\.m2\repository\io\netty\netty-transport-native-unix-common\4.1.84.Final\netty-transport-native-unix-common-4.1.84.Final.jar;C:\Users\HP\.m2\repository\io\netty\netty-transport\4.1.84.Final\netty-transport-4.1.84.Final.jar;C:\Users\HP\.m2\repository\io\netty\netty-resolver\4.1.84.Final\netty-resolver-4.1.84.Final.jar;C:\Users\HP\.m2\repository\io\opentelemetry\opentelemetry-api\1.19.0\opentelemetry-api-1.19.0.jar;C:\Users\HP\.m2\repository\io\opentelemetry\opentelemetry-context\1.19.0\opentelemetry-context-1.19.0.jar;C:\Users\HP\.m2\repository\io\opentelemetry\opentelemetry-exporter-logging\1.19.0\opentelemetry-exporter-logging-1.19.0.jar;C:\Users\HP\.m2\repository\io\opentelemetry\opentelemetry-sdk-metrics\1.19.0\opentelemetry-sdk-metrics-1.19.0.jar;C:\Users\HP\.m2\repository\io\opentelemetry\opentelemetry-sdk-logs\1.19.0-alpha\opentelemetry-sdk-logs-1.19.0-alpha.jar;C:\Users\HP\.m2\repository\io\opentelemetry\opentelemetry-api-logs\1.19.0-alpha\opentelemetry-api-logs-1.19.0-alpha.jar;C:\Users\HP\.m2\repository\io\opentelemetry\opentelemetry-sdk-common\1.19.0\opentelemetry-sdk-common-1.19.0.jar;C:\Users\HP\.m2\repository\io\opentelemetry\opentelemetry-sdk-extension-autoconfigure-spi\1.19.0\opentelemetry-sdk-extension-autoconfigure-spi-1.19.0.jar;C:\Users\HP\.m2\repository\io\opentelemetry\opentelemetry-sdk-extension-autoconfigure\1.19.0-alpha\opentelemetry-sdk-extension-autoconfigure-1.19.0-alpha.jar;C:\Users\HP\.m2\repository\io\opentelemetry\opentelemetry-exporter-common\1.19.0\opentelemetry-exporter-common-1.19.0.jar;C:\Users\HP\.m2\repository\io\opentelemetry\opentelemetry-sdk-trace\1.19.0\opentelemetry-sdk-trace-1.19.0.jar;C:\Users\HP\.m2\repository\io\opentelemetry\opentelemetry-sdk\1.19.0\opentelemetry-sdk-1.19.0.jar;C:\Users\HP\.m2\repository\io\opentelemetry\opentelemetry-semconv\1.19.0-alpha\opentelemetry-semconv-1.19.0-alpha.jar;C:\Users\HP\.m2\repository\io\ous\jtoml\2.0.0\jtoml-2.0.0.jar;C:\Users\HP\.m2\repository\org\apache\commons\commons-exec\1.3\commons-exec-1.3.jar;C:\Users\HP\.m2\repository\org\asynchttpclient\async-http-client\2.12.3\async-http-client-2.12.3.jar;C:\Users\HP\.m2\repository\org\asynchttpclient\async-http-client-netty-utils\2.12.3\async-http-client-netty-utils-2.12.3.jar;C:\Users\HP\.m2\repository\io\netty\netty-codec-socks\4.1.60.Final\netty-codec-socks-4.1.60.Final.jar;C:\Users\HP\.m2\repository\io\netty\netty-handler-proxy\4.1.60.Final\netty-handler-proxy-4.1.60.Final.jar;C:\Users\HP\.m2\repository\io\netty\netty-transport-native-epoll\4.1.60.Final\netty-transport-native-epoll-4.1.60.Final-linux-x86_64.jar;C:\Users\HP\.m2\repository\io\netty\netty-transport-native-kqueue\4.1.60.Final\netty-transport-native-kqueue-4.1.60.Final-osx-x86_64.jar;C:\Users\HP\.m2\repository\org\reactivestreams\reactive-streams\1.0.3\reactive-streams-1.0.3.jar;C:\Users\HP\.m2\repository\com\typesafe\netty\netty-reactive-streams\2.0.4\netty-reactive-streams-2.0.4.jar;C:\Users\HP\.m2\repository\org\seleniumhq\selenium\selenium-manager\4.7.1\selenium-manager-4.7.1.jar;C:\Users\HP\.m2\repository\org\seleniumhq\selenium\selenium-safari-driver\4.7.1\selenium-safari-driver-4.7.1.jar;C:\Users\HP\.m2\repository\org\seleniumhq\selenium\selenium-api\4.7.1\selenium-api-4.7.1.jar;C:\Users\HP\.m2\repository\org\seleniumhq\selenium\selenium-support\4.7.1\selenium-support-4.7.1.jar;C:\Users\HP\.m2\repository\com\google\auto\service\auto-service-annotations\1.0.1\auto-service-annotations-1.0.1.jar;C:\Users\HP\.m2\repository\com\google\auto\service\auto-service\1.0.1\auto-service-1.0.1.jar;C:\Users\HP\.m2\repository\com\google\auto\auto-common\1.2\auto-common-1.2.jar;C:\Users\HP\.m2\repository\org\seleniumhq\selenium\selenium-json\4.7.1\selenium-json-4.7.1.jar;C:\Users\HP\.m2\repository\org\seleniumhq\selenium\selenium-chrome-driver\4.7.1\selenium-chrome-driver-4.7.1.jar;C:\Users\HP\.m2\repository\org\seleniumhq\selenium\selenium-chromium-driver\4.7.1\selenium-chromium-driver-4.7.1.jar;C:\Users\HP\.m2\repository\org\seleniumhq\selenium\selenium-firefox-driver\4.7.1\selenium-firefox-driver-4.7.1.jar;C:\Users\HP\.m2\repository\org\seleniumhq\selenium\selenium-http\4.7.1\selenium-http-4.7.1.jar;C:\Users\HP\.m2\repository\dev\failsafe\failsafe\3.3.0\failsafe-3.3.0.jar;C:\Users\HP\.m2\repository\org\seleniumhq\selenium\selenium-edge-driver\4.7.1\selenium-edge-driver-4.7.1.jar;C:\Users\HP\.m2\repository\org\seleniumhq\selenium\selenium-ie-driver\4.7.1\selenium-ie-driver-4.7.1.jar;C:\Users\HP\.m2\repository\org\projectlombok\lombok\1.18.20\lombok-1.18.20.jar;C:\Users\HP\.m2\repository\io\appium\java-client\8.3.0\java-client-8.3.0.jar;C:\Users\HP\.m2\repository\commons-validator\commons-validator\1.7\commons-validator-1.7.jar;C:\Users\HP\.m2\repository\commons-digester\commons-digester\2.1\commons-digester-2.1.jar;C:\Users\HP\.m2\repository\org\apache\groovy\groovy\4.0.6\groovy-4.0.6.jar;C:\Users\HP\.m2\repository\net\sf\opencsv\opencsv\2.0\opencsv-2.0.jar;C:\Users\HP\.m2\repository\commons-beanutils\commons-beanutils\1.9.4\commons-beanutils-1.9.4.jar;C:\Users\HP\.m2\repository\org\apache\commons\commons-lang3\3.12.0\commons-lang3-3.12.0.jar;C:\Users\HP\.m2\repository\commons-collections\commons-collections\3.2.2\commons-collections-3.2.2.jar;C:\Users\HP\.m2\repository\org\fluentlenium\fluentlenium-core\0.10.2\fluentlenium-core-0.10.2.jar;C:\Users\HP\.m2\repository\io\github\bonigarcia\webdrivermanager\5.3.0\webdrivermanager-5.3.0.jar;C:\Users\HP\.m2\repository\com\github\docker-java\docker-java\3.2.13\docker-java-3.2.13.jar;C:\Users\HP\.m2\repository\com\github\docker-java\docker-java-core\3.2.13\docker-java-core-3.2.13.jar;C:\Users\HP\.m2\repository\com\github\docker-java\docker-java-api\3.2.13\docker-java-api-3.2.13.jar;C:\Users\HP\.m2\repository\org\apache\commons\commons-compress\1.21\commons-compress-1.21.jar;C:\Users\HP\.m2\repository\org\bouncycastle\bcpkix-jdk15on\1.64\bcpkix-jdk15on-1.64.jar;C:\Users\HP\.m2\repository\org\bouncycastle\bcprov-jdk15on\1.64\bcprov-jdk15on-1.64.jar;C:\Users\HP\.m2\repository\org\slf4j\jcl-over-slf4j\1.7.30\jcl-over-slf4j-1.7.30.jar;C:\Users\HP\.m2\repository\com\github\docker-java\docker-java-transport-httpclient5\3.2.13\docker-java-transport-httpclient5-3.2.13.jar;C:\Users\HP\.m2\repository\com\github\docker-java\docker-java-transport\3.2.13\docker-java-transport-3.2.13.jar;C:\Users\HP\.m2\repository\net\java\dev\jna\jna\5.8.0\jna-5.8.0.jar;C:\Users\HP\.m2\repository\org\brotli\dec\0.1.2\dec-0.1.2.jar;C:\Users\HP\.m2\repository\org\apache\httpcomponents\client5\httpclient5\5.1.3\httpclient5-5.1.3.jar;C:\Users\HP\.m2\repository\org\apache\httpcomponents\core5\httpcore5\5.1.3\httpcore5-5.1.3.jar;C:\Users\HP\.m2\repository\org\apache\httpcomponents\core5\httpcore5-h2\5.1.3\httpcore5-h2-5.1.3.jar;C:\Users\HP\.m2\repository\com\jhlabs\filters\2.0.235\filters-2.0.235.jar;C:\Users\HP\.m2\repository\com\paulhammant\ngwebdriver\1.1.6\ngwebdriver-1.1.6.jar;C:\Users\HP\.m2\repository\joda-time\joda-time\2.8.2\joda-time-2.8.2.jar;C:\Users\HP\.m2\repository\org\hamcrest\hamcrest\2.2\hamcrest-2.2.jar;C:\Users\HP\.m2\repository\com\google\jimfs\jimfs\1.2\jimfs-1.2.jar;C:\Users\HP\.m2\repository\org\mockito\mockito-core\3.3.3\mockito-core-3.3.3.jar;C:\Users\HP\.m2\repository\javax\xml\bind\jaxb-api\2.3.1\jaxb-api-2.3.1.jar;C:\Users\HP\.m2\repository\javax\activation\javax.activation-api\1.2.0\javax.activation-api-1.2.0.jar;C:\Users\HP\.m2\repository\com\sun\xml\bind\jaxb-core\2.3.0.1\jaxb-core-2.3.0.1.jar;C:\Users\HP\.m2\repository\com\sun\xml\bind\jaxb-impl\2.3.3\jaxb-impl-2.3.3.jar;C:\Users\HP\.m2\repository\jakarta\xml\bind\jakarta.xml.bind-api\2.3.3\jakarta.xml.bind-api-2.3.3.jar;C:\Users\HP\.m2\repository\com\sun\activation\jakarta.activation\1.2.2\jakarta.activation-1.2.2.jar;C:\Users\HP\.m2\repository\javax\activation\activation\1.1.1\activation-1.1.1.jar;C:\Users\HP\.m2\repository\net\serenity-bdd\serenity-cucumber\3.5.1\serenity-cucumber-3.5.1.jar;C:\Users\HP\.m2\repository\io\cucumber\cucumber-core\7.8.1\cucumber-core-7.8.1.jar;C:\Users\HP\.m2\repository\io\cucumber\cucumber-gherkin\7.8.1\cucumber-gherkin-7.8.1.jar;C:\Users\HP\.m2\repository\io\cucumber\cucumber-gherkin-messages\7.8.1\cucumber-gherkin-messages-7.8.1.jar;C:\Users\HP\.m2\repository\io\cucumber\gherkin\24.0.0\gherkin-24.0.0.jar;C:\Users\HP\.m2\repository\io\cucumber\messages\19.1.4\messages-19.1.4.jar;C:\Users\HP\.m2\repository\io\cucumber\tag-expressions\4.1.0\tag-expressions-4.1.0.jar;C:\Users\HP\.m2\repository\io\cucumber\cucumber-expressions\16.0.0\cucumber-expressions-16.0.0.jar;C:\Users\HP\.m2\repository\io\cucumber\datatable\7.8.1\datatable-7.8.1.jar;C:\Users\HP\.m2\repository\io\cucumber\cucumber-plugin\7.8.1\cucumber-plugin-7.8.1.jar;C:\Users\HP\.m2\repository\io\cucumber\docstring\7.8.1\docstring-7.8.1.jar;C:\Users\HP\.m2\repository\io\cucumber\html-formatter\20.1.0\html-formatter-20.1.0.jar;C:\Users\HP\.m2\repository\io\cucumber\ci-environment\9.1.0\ci-environment-9.1.0.jar;C:\Users\HP\.m2\repository\io\cucumber\cucumber-java\7.8.1\cucumber-java-7.8.1.jar;C:\Users\HP\.m2\repository\io\cucumber\cucumber-junit\7.8.1\cucumber-junit-7.8.1.jar;C:\Users\HP\.m2\repository\org\apache\commons\commons-csv\1.5\commons-csv-1.5.jar;C:\Users\HP\.m2\repository\net\serenity-bdd\serenity-screenplay\3.5.1\serenity-screenplay-3.5.1.jar;C:\Users\HP\.m2\repository\net\serenity-bdd\serenity-screenplay-webdriver\3.5.1\serenity-screenplay-webdriver-3.5.1.jar;C:\Users\HP\.m2\repository\net\serenity-bdd\serenity-ensure\3.5.1\serenity-ensure-3.5.1.jar;C:\Users\HP\.m2\repository\net\serenity-bdd\serenity-junit\3.5.1\serenity-junit-3.5.1.jar;C:\Users\HP\.m2\repository\org\jetbrains\kotlin\kotlin-stdlib\1.7.21\kotlin-stdlib-1.7.21.jar;C:\Users\HP\.m2\repository\org\jetbrains\kotlin\kotlin-stdlib-common\1.7.21\kotlin-stdlib-common-1.7.21.jar;C:\Users\HP\.m2\repository\org\jetbrains\annotations\13.0\annotations-13.0.jar;C:\Users\HP\.m2\repository\org\junit\platform\junit-platform-launcher\1.8.2\junit-platform-launcher-1.8.2.jar;C:\Users\HP\.m2\repository\org\junit\platform\junit-platform-engine\1.8.2\junit-platform-engine-1.8.2.jar;C:\Users\HP\.m2\repository\org\opentest4j\opentest4j\1.2.0\opentest4j-1.2.0.jar;C:\Users\HP\.m2\repository\org\junit\platform\junit-platform-commons\1.8.2\junit-platform-commons-1.8.2.jar;C:\Users\HP\.m2\repository\org\apiguardian\apiguardian-api\1.1.2\apiguardian-api-1.1.2.jar;C:\Users\HP\.m2\repository\org\junit\jupiter\junit-jupiter-engine\5.8.2\junit-jupiter-engine-5.8.2.jar;C:\Users\HP\.m2\repository\org\junit\jupiter\junit-jupiter-api\5.8.2\junit-jupiter-api-5.8.2.jar;C:\Users\HP\.m2\repository\org\junit\vintage\junit-vintage-engine\5.8.2\junit-vintage-engine-5.8.2.jar;C:\Users\HP\.m2\repository\junit\junit\4.13.2\junit-4.13.2.jar;C:\Users\HP\.m2\repository\org\hamcrest\hamcrest-core\1.3\hamcrest-core-1.3.jar;C:\Users\HP\.m2\repository\ch\qos\logback\logback-classic\1.2.10\logback-classic-1.2.10.jar;C:\Users\HP\.m2\repository\ch\qos\logback\logback-core\1.2.10\logback-core-1.2.10.jar;C:\Users\HP\.m2\repository\org\slf4j\slf4j-api\1.7.32\slf4j-api-1.7.32.jar;C:\Users\HP\.m2\repository\org\assertj\assertj-core\3.23.1\assertj-core-3.23.1.jar;C:\Users\HP\.m2\repository\net\bytebuddy\byte-buddy\1.12.10\byte-buddy-1.12.10.jar;"/>
    <property name="sun.cpu.endian" value="little"/>
    <property name="user.home" value="C:\Users\HP"/>
    <property name="user.language" value="en"/>
    <property name="java.specification.vendor" value="Oracle Corporation"/>
    <property name="jdk.module.path" value="C:\Users\HP\Downloads\Mini-Project-QA\ALTASHOP WEB AUTOMATION\target\alta-1.0-SNAPSHOT.jar"/>
    <property name="java.version.date" value="2023-01-17"/>
    <property name="java.home" value="C:\Program Files\Java\jdk-19"/>
    <property name="file.separator" value="\"/>
    <property name="basedir" value="C:\Users\HP\Downloads\Mini-Project-QA\ALTASHOP WEB AUTOMATION"/>
    <property name="java.vm.compressedOopsMode" value="32-bit"/>
    <property name="line.separator" value="&#10;"/>
    <property name="java.vm.specification.vendor" value="Oracle Corporation"/>
    <property name="java.specification.name" value="Java Platform API Specification"/>
    <property name="surefire.real.class.path" value="C:\Users\HP\.m2\repository\org\apache\maven\surefire\surefire-booter\3.0.0-M5\surefire-booter-3.0.0-M5.jar;C:\Users\HP\.m2\repository\org\apache\maven\surefire\surefire-api\3.0.0-M5\surefire-api-3.0.0-M5.jar;C:\Users\HP\.m2\repository\org\apache\maven\surefire\surefire-logger-api\3.0.0-M5\surefire-logger-api-3.0.0-M5.jar;C:\Users\HP\.m2\repository\org\apache\maven\surefire\surefire-shared-utils\3.0.0-M4\surefire-shared-utils-3.0.0-M4.jar;C:\Users\HP\.m2\repository\org\apache\maven\surefire\surefire-extensions-spi\3.0.0-M5\surefire-extensions-spi-3.0.0-M5.jar;C:\Users\HP\Downloads\Mini-Project-QA\ALTASHOP WEB AUTOMATION\target\test-classes;C:\Users\HP\.m2\repository\net\serenity-bdd\serenity-core\3.5.1\serenity-core-3.5.1.jar;C:\Users\HP\.m2\repository\net\serenity-bdd\serenity-model\3.5.1\serenity-model-3.5.1.jar;C:\Users\HP\.m2\repository\org\apache\commons\commons-text\1.10.0\commons-text-1.10.0.jar;C:\Users\HP\.m2\repository\commons-net\commons-net\3.8.0\commons-net-3.8.0.jar;C:\Users\HP\.m2\repository\com\google\guava\guava\31.1-jre\guava-31.1-jre.jar;C:\Users\HP\.m2\repository\com\google\guava\failureaccess\1.0.1\failureaccess-1.0.1.jar;C:\Users\HP\.m2\repository\com\google\guava\listenablefuture\9999.0-empty-to-avoid-conflict-with-guava\listenablefuture-9999.0-empty-to-avoid-conflict-with-guava.jar;C:\Users\HP\.m2\repository\com\google\code\findbugs\jsr305\3.0.2\jsr305-3.0.2.jar;C:\Users\HP\.m2\repository\org\checkerframework\checker-qual\3.12.0\checker-qual-3.12.0.jar;C:\Users\HP\.m2\repository\com\google\errorprone\error_prone_annotations\2.11.0\error_prone_annotations-2.11.0.jar;C:\Users\HP\.m2\repository\com\google\j2objc\j2objc-annotations\1.3\j2objc-annotations-1.3.jar;C:\Users\HP\.m2\repository\com\google\inject\guice\5.1.0\guice-5.1.0.jar;C:\Users\HP\.m2\repository\javax\inject\javax.inject\1\javax.inject-1.jar;C:\Users\HP\.m2\repository\aopalliance\aopalliance\1.0\aopalliance-1.0.jar;C:\Users\HP\.m2\repository\org\jsoup\jsoup\1.14.3\jsoup-1.14.3.jar;C:\Users\HP\.m2\repository\com\thoughtworks\xstream\xstream\1.4.19\xstream-1.4.19.jar;C:\Users\HP\.m2\repository\io\github\x-stream\mxparser\1.2.2\mxparser-1.2.2.jar;C:\Users\HP\.m2\repository\xmlpull\xmlpull\1.1.3.1\xmlpull-1.1.3.1.jar;C:\Users\HP\.m2\repository\com\typesafe\config\1.4.2\config-1.4.2.jar;C:\Users\HP\.m2\repository\org\imgscalr\imgscalr-lib\4.2\imgscalr-lib-4.2.jar;C:\Users\HP\.m2\repository\org\awaitility\awaitility\4.2.0\awaitility-4.2.0.jar;C:\Users\HP\.m2\repository\org\freemarker\freemarker\2.3.31\freemarker-2.3.31.jar;C:\Users\HP\.m2\repository\io\github\classgraph\classgraph\4.8.138\classgraph-4.8.138.jar;C:\Users\HP\.m2\repository\net\sourceforge\jexcelapi\jxl\2.6.12\jxl-2.6.12.jar;C:\Users\HP\.m2\repository\net\bytebuddy\byte-buddy-agent\1.12.18\byte-buddy-agent-1.12.18.jar;C:\Users\HP\.m2\repository\org\objenesis\objenesis\3.1\objenesis-3.1.jar;C:\Users\HP\.m2\repository\net\serenity-bdd\serenity-reports\3.5.1\serenity-reports-3.5.1.jar;C:\Users\HP\.m2\repository\net\serenity-bdd\serenity-stats\3.5.1\serenity-stats-3.5.1.jar;C:\Users\HP\.m2\repository\net\serenity-bdd\serenity-reports-configuration\3.5.1\serenity-reports-configuration-3.5.1.jar;C:\Users\HP\.m2\repository\com\vladsch\flexmark\flexmark-all\0.34.30\flexmark-all-0.34.30.jar;C:\Users\HP\.m2\repository\com\vladsch\flexmark\flexmark\0.34.30\flexmark-0.34.30.jar;C:\Users\HP\.m2\repository\com\vladsch\flexmark\flexmark-ext-abbreviation\0.34.30\flexmark-ext-abbreviation-0.34.30.jar;C:\Users\HP\.m2\repository\com\vladsch\flexmark\flexmark-ext-admonition\0.34.30\flexmark-ext-admonition-0.34.30.jar;C:\Users\HP\.m2\repository\com\vladsch\flexmark\flexmark-ext-anchorlink\0.34.30\flexmark-ext-anchorlink-0.34.30.jar;C:\Users\HP\.m2\repository\com\vladsch\flexmark\flexmark-ext-aside\0.34.30\flexmark-ext-aside-0.34.30.jar;C:\Users\HP\.m2\repository\com\vladsch\flexmark\flexmark-ext-attributes\0.34.30\flexmark-ext-attributes-0.34.30.jar;C:\Users\HP\.m2\repository\com\vladsch\flexmark\flexmark-ext-autolink\0.34.30\flexmark-ext-autolink-0.34.30.jar;C:\Users\HP\.m2\repository\org\nibor\autolink\autolink\0.6.0\autolink-0.6.0.jar;C:\Users\HP\.m2\repository\com\vladsch\flexmark\flexmark-ext-definition\0.34.30\flexmark-ext-definition-0.34.30.jar;C:\Users\HP\.m2\repository\com\vladsch\flexmark\flexmark-ext-emoji\0.34.30\flexmark-ext-emoji-0.34.30.jar;C:\Users\HP\.m2\repository\com\vladsch\flexmark\flexmark-ext-enumerated-reference\0.34.30\flexmark-ext-enumerated-reference-0.34.30.jar;C:\Users\HP\.m2\repository\com\vladsch\flexmark\flexmark-ext-escaped-character\0.34.30\flexmark-ext-escaped-character-0.34.30.jar;C:\Users\HP\.m2\repository\com\vladsch\flexmark\flexmark-ext-footnotes\0.34.30\flexmark-ext-footnotes-0.34.30.jar;C:\Users\HP\.m2\repository\com\vladsch\flexmark\flexmark-ext-gfm-issues\0.34.30\flexmark-ext-gfm-issues-0.34.30.jar;C:\Users\HP\.m2\repository\com\vladsch\flexmark\flexmark-ext-gfm-strikethrough\0.34.30\flexmark-ext-gfm-strikethrough-0.34.30.jar;C:\Users\HP\.m2\repository\com\vladsch\flexmark\flexmark-ext-gfm-tables\0.34.30\flexmark-ext-gfm-tables-0.34.30.jar;C:\Users\HP\.m2\repository\com\vladsch\flexmark\flexmark-ext-gfm-tasklist\0.34.30\flexmark-ext-gfm-tasklist-0.34.30.jar;C:\Users\HP\.m2\repository\com\vladsch\flexmark\flexmark-ext-gfm-users\0.34.30\flexmark-ext-gfm-users-0.34.30.jar;C:\Users\HP\.m2\repository\com\vladsch\flexmark\flexmark-ext-gitlab\0.34.30\flexmark-ext-gitlab-0.34.30.jar;C:\Users\HP\.m2\repository\com\vladsch\flexmark\flexmark-ext-jekyll-front-matter\0.34.30\flexmark-ext-jekyll-front-matter-0.34.30.jar;C:\Users\HP\.m2\repository\com\vladsch\flexmark\flexmark-ext-jekyll-tag\0.34.30\flexmark-ext-jekyll-tag-0.34.30.jar;C:\Users\HP\.m2\repository\com\vladsch\flexmark\flexmark-ext-media-tags\0.34.30\flexmark-ext-media-tags-0.34.30.jar;C:\Users\HP\.m2\repository\com\vladsch\flexmark\flexmark-test-util\0.34.30\flexmark-test-util-0.34.30.jar;C:\Users\HP\.m2\repository\com\vladsch\flexmark\flexmark-ext-ins\0.34.30\flexmark-ext-ins-0.34.30.jar;C:\Users\HP\.m2\repository\com\vladsch\flexmark\flexmark-ext-xwiki-macros\0.34.30\flexmark-ext-xwiki-macros-0.34.30.jar;C:\Users\HP\.m2\repository\com\vladsch\flexmark\flexmark-ext-superscript\0.34.30\flexmark-ext-superscript-0.34.30.jar;C:\Users\HP\.m2\repository\com\vladsch\flexmark\flexmark-ext-tables\0.34.30\flexmark-ext-tables-0.34.30.jar;C:\Users\HP\.m2\repository\com\vladsch\flexmark\flexmark-ext-toc\0.34.30\flexmark-ext-toc-0.34.30.jar;C:\Users\HP\.m2\repository\com\vladsch\flexmark\flexmark-ext-typographic\0.34.30\flexmark-ext-typographic-0.34.30.jar;C:\Users\HP\.m2\repository\com\vladsch\flexmark\flexmark-ext-wikilink\0.34.30\flexmark-ext-wikilink-0.34.30.jar;C:\Users\HP\.m2\repository\com\vladsch\flexmark\flexmark-ext-yaml-front-matter\0.34.30\flexmark-ext-yaml-front-matter-0.34.30.jar;C:\Users\HP\.m2\repository\com\vladsch\flexmark\flexmark-ext-youtube-embedded\0.34.30\flexmark-ext-youtube-embedded-0.34.30.jar;C:\Users\HP\.m2\repository\com\vladsch\flexmark\flexmark-formatter\0.34.30\flexmark-formatter-0.34.30.jar;C:\Users\HP\.m2\repository\com\vladsch\flexmark\flexmark-html-parser\0.34.30\flexmark-html-parser-0.34.30.jar;C:\Users\HP\.m2\repository\com\vladsch\flexmark\flexmark-jira-converter\0.34.30\flexmark-jira-converter-0.34.30.jar;C:\Users\HP\.m2\repository\com\vladsch\flexmark\flexmark-pdf-converter\0.34.30\flexmark-pdf-converter-0.34.30.jar;C:\Users\HP\.m2\repository\com\openhtmltopdf\openhtmltopdf-core\0.0.1-RC13\openhtmltopdf-core-0.0.1-RC13.jar;C:\Users\HP\.m2\repository\com\openhtmltopdf\openhtmltopdf-pdfbox\0.0.1-RC13\openhtmltopdf-pdfbox-0.0.1-RC13.jar;C:\Users\HP\.m2\repository\org\apache\pdfbox\pdfbox\2.0.8\pdfbox-2.0.8.jar;C:\Users\HP\.m2\repository\org\apache\pdfbox\fontbox\2.0.8\fontbox-2.0.8.jar;C:\Users\HP\.m2\repository\org\apache\pdfbox\xmpbox\2.0.8\xmpbox-2.0.8.jar;C:\Users\HP\.m2\repository\de\rototor\pdfbox\graphics2d\0.12\graphics2d-0.12.jar;C:\Users\HP\.m2\repository\com\openhtmltopdf\openhtmltopdf-rtl-support\0.0.1-RC13\openhtmltopdf-rtl-support-0.0.1-RC13.jar;C:\Users\HP\.m2\repository\com\ibm\icu\icu4j\59.1\icu4j-59.1.jar;C:\Users\HP\.m2\repository\com\openhtmltopdf\openhtmltopdf-jsoup-dom-converter\0.0.1-RC13\openhtmltopdf-jsoup-dom-converter-0.0.1-RC13.jar;C:\Users\HP\.m2\repository\com\vladsch\flexmark\flexmark-profile-pegdown\0.34.30\flexmark-profile-pegdown-0.34.30.jar;C:\Users\HP\.m2\repository\com\vladsch\flexmark\flexmark-util\0.34.30\flexmark-util-0.34.30.jar;C:\Users\HP\.m2\repository\com\vladsch\flexmark\flexmark-youtrack-converter\0.34.30\flexmark-youtrack-converter-0.34.30.jar;C:\Users\HP\.m2\repository\es\nitaur\markdown\txtmark\0.16\txtmark-0.16.jar;C:\Users\HP\.m2\repository\net\serenity-bdd\serenity-report-resources\3.5.1\serenity-report-resources-3.5.1.jar;C:\Users\HP\.m2\repository\com\google\code\gson\gson\2.9.0\gson-2.9.0.jar;C:\Users\HP\.m2\repository\com\fasterxml\jackson\core\jackson-core\2.13.4\jackson-core-2.13.4.jar;C:\Users\HP\.m2\repository\com\fasterxml\jackson\core\jackson-databind\2.13.4\jackson-databind-2.13.4.jar;C:\Users\HP\.m2\repository\com\fasterxml\jackson\core\jackson-annotations\2.13.4\jackson-annotations-2.13.4.jar;C:\Users\HP\.m2\repository\commons-codec\commons-codec\1.15\commons-codec-1.15.jar;C:\Users\HP\.m2\repository\commons-io\commons-io\2.11.0\commons-io-2.11.0.jar;C:\Users\HP\.m2\repository\org\apache\httpcomponents\httpclient\4.5.13\httpclient-4.5.13.jar;C:\Users\HP\.m2\repository\org\apache\httpcomponents\httpcore\4.4.13\httpcore-4.4.13.jar;C:\Users\HP\.m2\repository\commons-logging\commons-logging\1.2\commons-logging-1.2.jar;C:\Users\HP\.m2\repository\org\seleniumhq\selenium\selenium-java\4.7.1\selenium-java-4.7.1.jar;C:\Users\HP\.m2\repository\org\seleniumhq\selenium\selenium-devtools-v106\4.7.1\selenium-devtools-v106-4.7.1.jar;C:\Users\HP\.m2\repository\org\seleniumhq\selenium\selenium-devtools-v107\4.7.1\selenium-devtools-v107-4.7.1.jar;C:\Users\HP\.m2\repository\org\seleniumhq\selenium\selenium-devtools-v108\4.7.1\selenium-devtools-v108-4.7.1.jar;C:\Users\HP\.m2\repository\org\seleniumhq\selenium\selenium-devtools-v85\4.7.1\selenium-devtools-v85-4.7.1.jar;C:\Users\HP\.m2\repository\org\seleniumhq\selenium\selenium-remote-driver\4.7.1\selenium-remote-driver-4.7.1.jar;C:\Users\HP\.m2\repository\com\beust\jcommander\1.82\jcommander-1.82.jar;C:\Users\HP\.m2\repository\io\netty\netty-buffer\4.1.84.Final\netty-buffer-4.1.84.Final.jar;C:\Users\HP\.m2\repository\io\netty\netty-codec-http\4.1.84.Final\netty-codec-http-4.1.84.Final.jar;C:\Users\HP\.m2\repository\io\netty\netty-codec\4.1.84.Final\netty-codec-4.1.84.Final.jar;C:\Users\HP\.m2\repository\io\netty\netty-handler\4.1.84.Final\netty-handler-4.1.84.Final.jar;C:\Users\HP\.m2\repository\io\netty\netty-common\4.1.84.Final\netty-common-4.1.84.Final.jar;C:\Users\HP\.m2\repository\io\netty\netty-transport-classes-epoll\4.1.84.Final\netty-transport-classes-epoll-4.1.84.Final.jar;C:\Users\HP\.m2\repository\io\netty\netty-transport-classes-kqueue\4.1.84.Final\netty-transport-classes-kqueue-4.1.84.Final.jar;C:\Users\HP\.m2\repository\io\netty\netty-transport-native-epoll\4.1.84.Final\netty-transport-native-epoll-4.1.84.Final.jar;C:\Users\HP\.m2\repository\io\netty\netty-transport-native-kqueue\4.1.84.Final\netty-transport-native-kqueue-4.1.84.Final.jar;C:\Users\HP\.m2\repository\io\netty\netty-transport-native-unix-common\4.1.84.Final\netty-transport-native-unix-common-4.1.84.Final.jar;C:\Users\HP\.m2\repository\io\netty\netty-transport\4.1.84.Final\netty-transport-4.1.84.Final.jar;C:\Users\HP\.m2\repository\io\netty\netty-resolver\4.1.84.Final\netty-resolver-4.1.84.Final.jar;C:\Users\HP\.m2\repository\io\opentelemetry\opentelemetry-api\1.19.0\opentelemetry-api-1.19.0.jar;C:\Users\HP\.m2\repository\io\opentelemetry\opentelemetry-context\1.19.0\opentelemetry-context-1.19.0.jar;C:\Users\HP\.m2\repository\io\opentelemetry\opentelemetry-exporter-logging\1.19.0\opentelemetry-exporter-logging-1.19.0.jar;C:\Users\HP\.m2\repository\io\opentelemetry\opentelemetry-sdk-metrics\1.19.0\opentelemetry-sdk-metrics-1.19.0.jar;C:\Users\HP\.m2\repository\io\opentelemetry\opentelemetry-sdk-logs\1.19.0-alpha\opentelemetry-sdk-logs-1.19.0-alpha.jar;C:\Users\HP\.m2\repository\io\opentelemetry\opentelemetry-api-logs\1.19.0-alpha\opentelemetry-api-logs-1.19.0-alpha.jar;C:\Users\HP\.m2\repository\io\opentelemetry\opentelemetry-sdk-common\1.19.0\opentelemetry-sdk-common-1.19.0.jar;C:\Users\HP\.m2\repository\io\opentelemetry\opentelemetry-sdk-extension-autoconfigure-spi\1.19.0\opentelemetry-sdk-extension-autoconfigure-spi-1.19.0.jar;C:\Users\HP\.m2\repository\io\opentelemetry\opentelemetry-sdk-extension-autoconfigure\1.19.0-alpha\opentelemetry-sdk-extension-autoconfigure-1.19.0-alpha.jar;C:\Users\HP\.m2\repository\io\opentelemetry\opentelemetry-exporter-common\1.19.0\opentelemetry-exporter-common-1.19.0.jar;C:\Users\HP\.m2\repository\io\opentelemetry\opentelemetry-sdk-trace\1.19.0\opentelemetry-sdk-trace-1.19.0.jar;C:\Users\HP\.m2\repository\io\opentelemetry\opentelemetry-sdk\1.19.0\opentelemetry-sdk-1.19.0.jar;C:\Users\HP\.m2\repository\io\opentelemetry\opentelemetry-semconv\1.19.0-alpha\opentelemetry-semconv-1.19.0-alpha.jar;C:\Users\HP\.m2\repository\io\ous\jtoml\2.0.0\jtoml-2.0.0.jar;C:\Users\HP\.m2\repository\org\apache\commons\commons-exec\1.3\commons-exec-1.3.jar;C:\Users\HP\.m2\repository\org\asynchttpclient\async-http-client\2.12.3\async-http-client-2.12.3.jar;C:\Users\HP\.m2\repository\org\asynchttpclient\async-http-client-netty-utils\2.12.3\async-http-client-netty-utils-2.12.3.jar;C:\Users\HP\.m2\repository\io\netty\netty-codec-socks\4.1.60.Final\netty-codec-socks-4.1.60.Final.jar;C:\Users\HP\.m2\repository\io\netty\netty-handler-proxy\4.1.60.Final\netty-handler-proxy-4.1.60.Final.jar;C:\Users\HP\.m2\repository\io\netty\netty-transport-native-epoll\4.1.60.Final\netty-transport-native-epoll-4.1.60.Final-linux-x86_64.jar;C:\Users\HP\.m2\repository\io\netty\netty-transport-native-kqueue\4.1.60.Final\netty-transport-native-kqueue-4.1.60.Final-osx-x86_64.jar;C:\Users\HP\.m2\repository\org\reactivestreams\reactive-streams\1.0.3\reactive-streams-1.0.3.jar;C:\Users\HP\.m2\repository\com\typesafe\netty\netty-reactive-streams\2.0.4\netty-reactive-streams-2.0.4.jar;C:\Users\HP\.m2\repository\org\seleniumhq\selenium\selenium-manager\4.7.1\selenium-manager-4.7.1.jar;C:\Users\HP\.m2\repository\org\seleniumhq\selenium\selenium-safari-driver\4.7.1\selenium-safari-driver-4.7.1.jar;C:\Users\HP\.m2\repository\org\seleniumhq\selenium\selenium-api\4.7.1\selenium-api-4.7.1.jar;C:\Users\HP\.m2\repository\org\seleniumhq\selenium\selenium-support\4.7.1\selenium-support-4.7.1.jar;C:\Users\HP\.m2\repository\com\google\auto\service\auto-service-annotations\1.0.1\auto-service-annotations-1.0.1.jar;C:\Users\HP\.m2\repository\com\google\auto\service\auto-service\1.0.1\auto-service-1.0.1.jar;C:\Users\HP\.m2\repository\com\google\auto\auto-common\1.2\auto-common-1.2.jar;C:\Users\HP\.m2\repository\org\seleniumhq\selenium\selenium-json\4.7.1\selenium-json-4.7.1.jar;C:\Users\HP\.m2\repository\org\seleniumhq\selenium\selenium-chrome-driver\4.7.1\selenium-chrome-driver-4.7.1.jar;C:\Users\HP\.m2\repository\org\seleniumhq\selenium\selenium-chromium-driver\4.7.1\selenium-chromium-driver-4.7.1.jar;C:\Users\HP\.m2\repository\org\seleniumhq\selenium\selenium-firefox-driver\4.7.1\selenium-firefox-driver-4.7.1.jar;C:\Users\HP\.m2\repository\org\seleniumhq\selenium\selenium-http\4.7.1\selenium-http-4.7.1.jar;C:\Users\HP\.m2\repository\dev\failsafe\failsafe\3.3.0\failsafe-3.3.0.jar;C:\Users\HP\.m2\repository\org\seleniumhq\selenium\selenium-edge-driver\4.7.1\selenium-edge-driver-4.7.1.jar;C:\Users\HP\.m2\repository\org\seleniumhq\selenium\selenium-ie-driver\4.7.1\selenium-ie-driver-4.7.1.jar;C:\Users\HP\.m2\repository\org\projectlombok\lombok\1.18.20\lombok-1.18.20.jar;C:\Users\HP\.m2\repository\io\appium\java-client\8.3.0\java-client-8.3.0.jar;C:\Users\HP\.m2\repository\commons-validator\commons-validator\1.7\commons-validator-1.7.jar;C:\Users\HP\.m2\repository\commons-digester\commons-digester\2.1\commons-digester-2.1.jar;C:\Users\HP\.m2\repository\org\apache\groovy\groovy\4.0.6\groovy-4.0.6.jar;C:\Users\HP\.m2\repository\net\sf\opencsv\opencsv\2.0\opencsv-2.0.jar;C:\Users\HP\.m2\repository\commons-beanutils\commons-beanutils\1.9.4\commons-beanutils-1.9.4.jar;C:\Users\HP\.m2\repository\org\apache\commons\commons-lang3\3.12.0\commons-lang3-3.12.0.jar;C:\Users\HP\.m2\repository\commons-collections\commons-collections\3.2.2\commons-collections-3.2.2.jar;C:\Users\HP\.m2\repository\org\fluentlenium\fluentlenium-core\0.10.2\fluentlenium-core-0.10.2.jar;C:\Users\HP\.m2\repository\io\github\bonigarcia\webdrivermanager\5.3.0\webdrivermanager-5.3.0.jar;C:\Users\HP\.m2\repository\com\github\docker-java\docker-java\3.2.13\docker-java-3.2.13.jar;C:\Users\HP\.m2\repository\com\github\docker-java\docker-java-core\3.2.13\docker-java-core-3.2.13.jar;C:\Users\HP\.m2\repository\com\github\docker-java\docker-java-api\3.2.13\docker-java-api-3.2.13.jar;C:\Users\HP\.m2\repository\org\apache\commons\commons-compress\1.21\commons-compress-1.21.jar;C:\Users\HP\.m2\repository\org\bouncycastle\bcpkix-jdk15on\1.64\bcpkix-jdk15on-1.64.jar;C:\Users\HP\.m2\repository\org\bouncycastle\bcprov-jdk15on\1.64\bcprov-jdk15on-1.64.jar;C:\Users\HP\.m2\repository\org\slf4j\jcl-over-slf4j\1.7.30\jcl-over-slf4j-1.7.30.jar;C:\Users\HP\.m2\repository\com\github\docker-java\docker-java-transport-httpclient5\3.2.13\docker-java-transport-httpclient5-3.2.13.jar;C:\Users\HP\.m2\repository\com\github\docker-java\docker-java-transport\3.2.13\docker-java-transport-3.2.13.jar;C:\Users\HP\.m2\repository\net\java\dev\jna\jna\5.8.0\jna-5.8.0.jar;C:\Users\HP\.m2\repository\org\brotli\dec\0.1.2\dec-0.1.2.jar;C:\Users\HP\.m2\repository\org\apache\httpcomponents\client5\httpclient5\5.1.3\httpclient5-5.1.3.jar;C:\Users\HP\.m2\repository\org\apache\httpcomponents\core5\httpcore5\5.1.3\httpcore5-5.1.3.jar;C:\Users\HP\.m2\repository\org\apache\httpcomponents\core5\httpcore5-h2\5.1.3\httpcore5-h2-5.1.3.jar;C:\Users\HP\.m2\repository\com\jhlabs\filters\2.0.235\filters-2.0.235.jar;C:\Users\HP\.m2\repository\com\paulhammant\ngwebdriver\1.1.6\ngwebdriver-1.1.6.jar;C:\Users\HP\.m2\repository\joda-time\joda-time\2.8.2\joda-time-2.8.2.jar;C:\Users\HP\.m2\repository\org\hamcrest\hamcrest\2.2\hamcrest-2.2.jar;C:\Users\HP\.m2\repository\com\google\jimfs\jimfs\1.2\jimfs-1.2.jar;C:\Users\HP\.m2\repository\org\mockito\mockito-core\3.3.3\mockito-core-3.3.3.jar;C:\Users\HP\.m2\repository\javax\xml\bind\jaxb-api\2.3.1\jaxb-api-2.3.1.jar;C:\Users\HP\.m2\repository\javax\activation\javax.activation-api\1.2.0\javax.activation-api-1.2.0.jar;C:\Users\HP\.m2\repository\com\sun\xml\bind\jaxb-core\2.3.0.1\jaxb-core-2.3.0.1.jar;C:\Users\HP\.m2\repository\com\sun\xml\bind\jaxb-impl\2.3.3\jaxb-impl-2.3.3.jar;C:\Users\HP\.m2\repository\jakarta\xml\bind\jakarta.xml.bind-api\2.3.3\jakarta.xml.bind-api-2.3.3.jar;C:\Users\HP\.m2\repository\com\sun\activation\jakarta.activation\1.2.2\jakarta.activation-1.2.2.jar;C:\Users\HP\.m2\repository\javax\activation\activation\1.1.1\activation-1.1.1.jar;C:\Users\HP\.m2\repository\net\serenity-bdd\serenity-cucumber\3.5.1\serenity-cucumber-3.5.1.jar;C:\Users\HP\.m2\repository\io\cucumber\cucumber-core\7.8.1\cucumber-core-7.8.1.jar;C:\Users\HP\.m2\repository\io\cucumber\cucumber-gherkin\7.8.1\cucumber-gherkin-7.8.1.jar;C:\Users\HP\.m2\repository\io\cucumber\cucumber-gherkin-messages\7.8.1\cucumber-gherkin-messages-7.8.1.jar;C:\Users\HP\.m2\repository\io\cucumber\gherkin\24.0.0\gherkin-24.0.0.jar;C:\Users\HP\.m2\repository\io\cucumber\messages\19.1.4\messages-19.1.4.jar;C:\Users\HP\.m2\repository\io\cucumber\tag-expressions\4.1.0\tag-expressions-4.1.0.jar;C:\Users\HP\.m2\repository\io\cucumber\cucumber-expressions\16.0.0\cucumber-expressions-16.0.0.jar;C:\Users\HP\.m2\repository\io\cucumber\datatable\7.8.1\datatable-7.8.1.jar;C:\Users\HP\.m2\repository\io\cucumber\cucumber-plugin\7.8.1\cucumber-plugin-7.8.1.jar;C:\Users\HP\.m2\repository\io\cucumber\docstring\7.8.1\docstring-7.8.1.jar;C:\Users\HP\.m2\repository\io\cucumber\html-formatter\20.1.0\html-formatter-20.1.0.jar;C:\Users\HP\.m2\repository\io\cucumber\ci-environment\9.1.0\ci-environment-9.1.0.jar;C:\Users\HP\.m2\repository\io\cucumber\cucumber-java\7.8.1\cucumber-java-7.8.1.jar;C:\Users\HP\.m2\repository\io\cucumber\cucumber-junit\7.8.1\cucumber-junit-7.8.1.jar;C:\Users\HP\.m2\repository\org\apache\commons\commons-csv\1.5\commons-csv-1.5.jar;C:\Users\HP\.m2\repository\net\serenity-bdd\serenity-screenplay\3.5.1\serenity-screenplay-3.5.1.jar;C:\Users\HP\.m2\repository\net\serenity-bdd\serenity-screenplay-webdriver\3.5.1\serenity-screenplay-webdriver-3.5.1.jar;C:\Users\HP\.m2\repository\net\serenity-bdd\serenity-ensure\3.5.1\serenity-ensure-3.5.1.jar;C:\Users\HP\.m2\repository\net\serenity-bdd\serenity-junit\3.5.1\serenity-junit-3.5.1.jar;C:\Users\HP\.m2\repository\org\jetbrains\kotlin\kotlin-stdlib\1.7.21\kotlin-stdlib-1.7.21.jar;C:\Users\HP\.m2\repository\org\jetbrains\kotlin\kotlin-stdlib-common\1.7.21\kotlin-stdlib-common-1.7.21.jar;C:\Users\HP\.m2\repository\org\jetbrains\annotations\13.0\annotations-13.0.jar;C:\Users\HP\.m2\repository\org\junit\platform\junit-platform-launcher\1.8.2\junit-platform-launcher-1.8.2.jar;C:\Users\HP\.m2\repository\org\junit\platform\junit-platform-engine\1.8.2\junit-platform-engine-1.8.2.jar;C:\Users\HP\.m2\repository\org\opentest4j\opentest4j\1.2.0\opentest4j-1.2.0.jar;C:\Users\HP\.m2\repository\org\junit\platform\junit-platform-commons\1.8.2\junit-platform-commons-1.8.2.jar;C:\Users\HP\.m2\repository\org\apiguardian\apiguardian-api\1.1.2\apiguardian-api-1.1.2.jar;C:\Users\HP\.m2\repository\org\junit\jupiter\junit-jupiter-engine\5.8.2\junit-jupiter-engine-5.8.2.jar;C:\Users\HP\.m2\repository\org\junit\jupiter\junit-jupiter-api\5.8.2\junit-jupiter-api-5.8.2.jar;C:\Users\HP\.m2\repository\org\junit\vintage\junit-vintage-engine\5.8.2\junit-vintage-engine-5.8.2.jar;C:\Users\HP\.m2\repository\junit\junit\4.13.2\junit-4.13.2.jar;C:\Users\HP\.m2\repository\org\hamcrest\hamcrest-core\1.3\hamcrest-core-1.3.jar;C:\Users\HP\.m2\repository\ch\qos\logback\logback-classic\1.2.10\logback-classic-1.2.10.jar;C:\Users\HP\.m2\repository\ch\qos\logback\logback-core\1.2.10\logback-core-1.2.10.jar;C:\Users\HP\.m2\repository\org\slf4j\slf4j-api\1.7.32\slf4j-api-1.7.32.jar;C:\Users\HP\.m2\repository\org\assertj\assertj-core\3.23.1\assertj-core-3.23.1.jar;C:\Users\HP\.m2\repository\net\bytebuddy\byte-buddy\1.12.10\byte-buddy-1.12.10.jar;C:\Users\HP\.m2\repository\org\apache\maven\surefire\surefire-junit-platform\3.0.0-M5\surefire-junit-platform-3.0.0-M5.jar;C:\Users\HP\.m2\repository\org\apache\maven\surefire\common-java5\3.0.0-M5\common-java5-3.0.0-M5.jar"/>
    <property name="user.script" value=""/>
    <property name="java.protocol.handler.pkgs" value="com.google.common"/>
    <property name="sun.management.compiler" value="HotSpot 64-Bit Tiered Compilers"/>
    <property name="java.runtime.version" value="19.0.2+7-44"/>
    <property name="user.name" value="HP"/>
    <property name="stdout.encoding" value="Cp1252"/>
    <property name="path.separator" value=";"/>
    <property name="os.version" value="10.0"/>
    <property name="java.runtime.name" value="Java(TM) SE Runtime Environment"/>
    <property name="file.encoding" value="UTF-8"/>
    <property name="webdriver.base.url" value=""/>
    <property name="java.vm.name" value="Java HotSpot(TM) 64-Bit Server VM"/>
    <property name="localRepository" value="C:\Users\HP\.m2\repository"/>
    <property name="java.vendor.url.bug" value="https://bugreport.java.com/bugreport/"/>
    <property name="java.io.tmpdir" value="C:\Users\HP\AppData\Local\Temp\"/>
    <property name="java.version" value="19.0.2"/>
    <property name="user.dir" value="C:\Users\HP\Downloads\Mini-Project-QA\ALTASHOP WEB AUTOMATION"/>
    <property name="os.arch" value="amd64"/>
    <property name="java.vm.specification.name" value="Java Virtual Machine Specification"/>
    <property name="sun.os.patch.level" value=""/>
    <property name="native.encoding" value="Cp1252"/>
    <property name="java.library.path" value="C:\Program Files\Java\jdk-19\bin;C:\WINDOWS\Sun\Java\bin;C:\WINDOWS\system32;C:\WINDOWS;C:\Program Files\Common Files\Oracle\Java\javapath;C:\Program Files\Java\jdk1.8.0_361\bin;c:\Program Files (x86)\Common Files\Intel\Shared Files\cpp\bin\Intel64;C:\WINDOWS\system32;C:\WINDOWS;C:\WINDOWS\System32\Wbem;C:\WINDOWS\System32\WindowsPowerShell\v1.0\;C:\WINDOWS\System32\OpenSSH\;C:\Users\apache-maven-3.9.1-bin\bin;%MAVEN_HOME%\bin;C:\Users\HP\AppData\Local\Android\Sdk;C:\Users\HP\AppData\Local\Android\Sdk\platform-tools;C:\Program Files\nodejs\;C:\Program Files\Git\cmd;C:\Users\HP\AppData\Local\Microsoft\WindowsApps;C:\Program Files\JetBrains\IntelliJ IDEA Community Edition 2022.3.2\bin;C:\Users\HP\AppData\Local\GitHubDesktop\bin;C:\Users\HP\AppData\Local\Programs\Microsoft VS Code\bin;C:\Users\HP\AppData\Roaming\npm;C:\Users\HP\AppData\Local\gitkraken\bin;."/>
    <property name="java.vm.info" value="mixed mode"/>
    <property name="stderr.encoding" value="Cp1252"/>
    <property name="java.vendor" value="Oracle Corporation"/>
    <property name="java.vm.version" value="19.0.2+7-44"/>
    <property name="sun.io.unicode.encoding" value="UnicodeLittle"/>
    <property name="java.class.version" value="63.0"/>
  </properties>
  <testcase name="user tidak bisa login karena akunnya belum terdaftar" classname="login" time="20.419">
    <system-out><![CDATA[00:49:07.971 [main] DEBUG net.thucydides.core.guice.Injectors - Created injector for module net.thucydides.core.guice.ThucydidesModule
00:49:08.387 [main] INFO io.cucumber.core.plugin.SerenityReporter - Running feature from file:///C:/Users/HP/Downloads/Mini-Project-QA/ALTASHOP%20WEB%20AUTOMATION/src/test/resources/features/1.%20Login.feature
00:49:08.630 [main] DEBUG net.thucydides.core.guice.Injectors - Created injector for module net.thucydides.core.guice.webdriver.WebDriverModule
00:49:08.677 [main] INFO  - 

-------------------------------------------------------------------------------------
     _______. _______ .______       _______ .__   __.  __  .___________.____    ____ 
    /       ||   ____||   _  \     |   ____||  \ |  | |  | |           |\   \  /   / 
   |   (----`|  |__   |  |_)  |    |  |__   |   \|  | |  | `---|  |----` \   \/   /  
    \   \    |   __|  |      /     |   __|  |  . `  | |  |     |  |       \_    _/   
.----)   |   |  |____ |  |\  \----.|  |____ |  |\   | |  |     |  |         |  |     
|_______/    |_______|| _| `._____||_______||__| \__| |__|     |__|         |__|    
                                                                                     
 News and tutorials at http://www.serenity-bdd.info                                  
 Documentation at https://wakaleo.gitbooks.io/the-serenity-book/content/             
 Join the Serenity Community on Gitter: https://gitter.im/serenity-bdd/serenity-core 
 Serenity BDD Support and Training at http://serenity-bdd.info/#/trainingandsupport  
-------------------------------------------------------------------------------------

00:49:08.680 [main] DEBUG net.thucydides.core.steps.StepEventBus - Test suite started for story net.thucydides.core.model.Story@c21ffae2
00:49:08.684 [main] INFO  - Test Suite Started: Login
00:49:08.703 [main] INFO io.cucumber.core.plugin.SerenityReporter - Running feature from file:///C:/Users/HP/Downloads/Mini-Project-QA/ALTASHOP%20WEB%20AUTOMATION/src/test/resources/features/2.%20Register.feature
00:49:08.710 [main] DEBUG net.thucydides.core.steps.StepEventBus - Test suite started for story net.thucydides.core.model.Story@83d3b3ef
00:49:08.711 [main] INFO  - Test Suite Started: Register
00:49:08.711 [main] INFO io.cucumber.core.plugin.SerenityReporter - Running feature from file:///C:/Users/HP/Downloads/Mini-Project-QA/ALTASHOP%20WEB%20AUTOMATION/src/test/resources/features/3.%20Transaksi.feature
00:49:08.719 [main] DEBUG net.thucydides.core.steps.StepEventBus - Test suite started for story net.thucydides.core.model.Story@75f83c00
00:49:08.719 [main] INFO  - Test Suite Started: Transaksi
00:49:08.720 [main] INFO io.cucumber.core.plugin.SerenityReporter - Running feature from file:///C:/Users/HP/Downloads/Mini-Project-QA/ALTASHOP%20WEB%20AUTOMATION/src/test/resources/features/1.%20Login.feature
00:49:08.725 [main] DEBUG net.thucydides.core.steps.StepEventBus - Test suite started for story net.thucydides.core.model.Story@c21ffae2
00:49:08.726 [main] INFO  - Test Suite Started: Login

@AS01-negative
Scenario: user tidak bisa login karena akunnya belum terdaftar &amp#27;[90m# src/test/resources/features/1. Login.feature:5&amp#27;[0m
00:49:08.861 [main] INFO io.cucumber.core.plugin.SerenityReporter - Running feature from file:///C:/Users/HP/Downloads/Mini-Project-QA/ALTASHOP%20WEB%20AUTOMATION/src/test/resources/features/1.%20Login.feature
00:49:09.015 [main] INFO  - 
  _____   ___   ___   _____     ___   _____     _     ___   _____   ___   ___  
 |_   _| | __| / __| |_   _|   / __| |_   _|   /_\   | _ \ |_   _| | __| |   \ 
   | |   | _|  \__ \   | |     \__ \   | |    / _ \  |   /   | |   | _|  | |) |
   |_|   |___| |___/   |_|     |___/   |_|   /_/ \_\ |_|_\   |_|   |___| |___/ 

user tidak bisa login karena akunnya belum terdaftar(login;user-tidak-bisa-login-karena-akunnya-belum-terdaftar)
--------------------------------------------------------------------------------
00:49:10.112 [main] DEBUG net.thucydides.core.steps.StepInterceptor - STARTING STEP: LoginRegisterSteps.userBeradaDiHomepageAlta - diHomepageAltaShop
00:49:10.169 [main] INFO net.serenitybdd.core.webdriver.driverproviders.DriverProvider - Using WebDriverManager configuration for chrome
00:49:10.720 [main] DEBUG io.github.bonigarcia.wdm.cache.ResolutionCache - Removing resolution chrome=112 from cache (expired on Mon May 08 11:01:14 WIB 2023)
00:49:10.761 [main] DEBUG org.apache.hc.client5.http.impl.classic.InternalHttpClient - ex-0000000001 preparing request execution
00:49:10.773 [main] DEBUG org.apache.hc.client5.http.protocol.RequestAddCookies - ex-0000000001 Cookie spec selected: strict
00:49:10.793 [main] DEBUG org.apache.hc.client5.http.protocol.RequestAuthCache - ex-0000000001 Auth cache not set in the context
00:49:10.794 [main] DEBUG org.apache.hc.client5.http.impl.classic.ProtocolExec - ex-0000000001 target auth state: UNCHALLENGED
00:49:10.796 [main] DEBUG org.apache.hc.client5.http.impl.classic.ProtocolExec - ex-0000000001 proxy auth state: UNCHALLENGED
00:49:10.797 [main] DEBUG org.apache.hc.client5.http.impl.classic.ConnectExec - ex-0000000001 acquiring connection with route {s}->https://raw.githubusercontent.com:443
00:49:10.797 [main] DEBUG org.apache.hc.client5.http.impl.classic.InternalHttpClient - ex-0000000001 acquiring endpoint (3 MINUTES)
00:49:10.801 [main] DEBUG org.apache.hc.client5.http.impl.io.PoolingHttpClientConnectionManager - ex-0000000001 endpoint lease request (3 MINUTES) [route: {s}->https://raw.githubusercontent.com:443][total available: 0; route allocated: 0 of 5; total allocated: 0 of 25]
00:49:10.809 [main] DEBUG org.apache.hc.client5.http.impl.io.PoolingHttpClientConnectionManager - ex-0000000001 endpoint leased [route: {s}->https://raw.githubusercontent.com:443][total available: 0; route allocated: 1 of 5; total allocated: 1 of 25]
00:49:10.832 [main] DEBUG org.apache.hc.client5.http.impl.io.PoolingHttpClientConnectionManager - ex-0000000001 acquired ep-0000000000
00:49:10.832 [main] DEBUG org.apache.hc.client5.http.impl.classic.InternalHttpClient - ex-0000000001 acquired endpoint ep-0000000000
00:49:10.833 [main] DEBUG org.apache.hc.client5.http.impl.classic.ConnectExec - ex-0000000001 opening connection {s}->https://raw.githubusercontent.com:443
00:49:10.834 [main] DEBUG org.apache.hc.client5.http.impl.classic.InternalHttpClient - ep-0000000000 connecting endpoint (30 SECONDS)
00:49:10.834 [main] DEBUG org.apache.hc.client5.http.impl.io.PoolingHttpClientConnectionManager - ep-0000000000 connecting endpoint to https://raw.githubusercontent.com:443 (30 SECONDS)
00:49:10.990 [main] DEBUG org.apache.hc.client5.http.impl.io.DefaultHttpClientConnectionOperator - http-outgoing-0 connecting to raw.githubusercontent.com/185.199.108.133:443
00:49:10.991 [main] DEBUG org.apache.hc.client5.http.ssl.SSLConnectionSocketFactory - Connecting socket to raw.githubusercontent.com/185.199.108.133:443 with timeout 30 SECONDS
00:49:11.117 [main] DEBUG org.apache.hc.client5.http.ssl.SSLConnectionSocketFactory - Enabled protocols: [TLSv1.3, TLSv1.2]
00:49:11.117 [main] DEBUG org.apache.hc.client5.http.ssl.SSLConnectionSocketFactory - Enabled cipher suites: [TLS_AES_256_GCM_SHA384, TLS_AES_128_GCM_SHA256, TLS_CHACHA20_POLY1305_SHA256, TLS_ECDHE_ECDSA_WITH_AES_256_GCM_SHA384, TLS_ECDHE_ECDSA_WITH_AES_128_GCM_SHA256, TLS_ECDHE_ECDSA_WITH_CHACHA20_POLY1305_SHA256, TLS_ECDHE_RSA_WITH_AES_256_GCM_SHA384, TLS_ECDHE_RSA_WITH_CHACHA20_POLY1305_SHA256, TLS_ECDHE_RSA_WITH_AES_128_GCM_SHA256, TLS_DHE_RSA_WITH_AES_256_GCM_SHA384, TLS_DHE_RSA_WITH_CHACHA20_POLY1305_SHA256, TLS_DHE_DSS_WITH_AES_256_GCM_SHA384, TLS_DHE_RSA_WITH_AES_128_GCM_SHA256, TLS_DHE_DSS_WITH_AES_128_GCM_SHA256, TLS_ECDHE_ECDSA_WITH_AES_256_CBC_SHA384, TLS_ECDHE_RSA_WITH_AES_256_CBC_SHA384, TLS_ECDHE_ECDSA_WITH_AES_128_CBC_SHA256, TLS_ECDHE_RSA_WITH_AES_128_CBC_SHA256, TLS_DHE_RSA_WITH_AES_256_CBC_SHA256, TLS_DHE_DSS_WITH_AES_256_CBC_SHA256, TLS_DHE_RSA_WITH_AES_128_CBC_SHA256, TLS_DHE_DSS_WITH_AES_128_CBC_SHA256, TLS_ECDH_ECDSA_WITH_AES_256_GCM_SHA384, TLS_ECDH_RSA_WITH_AES_256_GCM_SHA384, TLS_ECDH_ECDSA_WITH_AES_128_GCM_SHA256, TLS_ECDH_RSA_WITH_AES_128_GCM_SHA256, TLS_ECDH_ECDSA_WITH_AES_256_CBC_SHA384, TLS_ECDH_RSA_WITH_AES_256_CBC_SHA384, TLS_ECDH_ECDSA_WITH_AES_128_CBC_SHA256, TLS_ECDH_RSA_WITH_AES_128_CBC_SHA256, TLS_ECDHE_ECDSA_WITH_AES_256_CBC_SHA, TLS_ECDHE_RSA_WITH_AES_256_CBC_SHA, TLS_ECDHE_ECDSA_WITH_AES_128_CBC_SHA, TLS_ECDHE_RSA_WITH_AES_128_CBC_SHA, TLS_DHE_RSA_WITH_AES_256_CBC_SHA, TLS_DHE_DSS_WITH_AES_256_CBC_SHA, TLS_DHE_RSA_WITH_AES_128_CBC_SHA, TLS_DHE_DSS_WITH_AES_128_CBC_SHA, TLS_ECDH_ECDSA_WITH_AES_256_CBC_SHA, TLS_ECDH_RSA_WITH_AES_256_CBC_SHA, TLS_ECDH_ECDSA_WITH_AES_128_CBC_SHA, TLS_ECDH_RSA_WITH_AES_128_CBC_SHA, TLS_RSA_WITH_AES_256_GCM_SHA384, TLS_RSA_WITH_AES_128_GCM_SHA256, TLS_RSA_WITH_AES_256_CBC_SHA256, TLS_RSA_WITH_AES_128_CBC_SHA256, TLS_RSA_WITH_AES_256_CBC_SHA, TLS_RSA_WITH_AES_128_CBC_SHA, TLS_EMPTY_RENEGOTIATION_INFO_SCSV]
00:49:11.119 [main] DEBUG org.apache.hc.client5.http.ssl.SSLConnectionSocketFactory - Starting handshake
00:49:11.378 [main] DEBUG org.apache.hc.client5.http.ssl.SSLConnectionSocketFactory - Secure session established
00:49:11.378 [main] DEBUG org.apache.hc.client5.http.ssl.SSLConnectionSocketFactory -  negotiated protocol: TLSv1.3
00:49:11.378 [main] DEBUG org.apache.hc.client5.http.ssl.SSLConnectionSocketFactory -  negotiated cipher suite: TLS_AES_128_GCM_SHA256
00:49:11.378 [main] DEBUG org.apache.hc.client5.http.ssl.SSLConnectionSocketFactory -  peer principal: CN=*.github.io, O="GitHub, Inc.", L=San Francisco, ST=California, C=US
00:49:11.381 [main] DEBUG org.apache.hc.client5.http.ssl.SSLConnectionSocketFactory -  peer alternative names: [*.github.io, github.io, *.github.com, github.com, www.github.com, *.githubusercontent.com, githubusercontent.com]
00:49:11.381 [main] DEBUG org.apache.hc.client5.http.ssl.SSLConnectionSocketFactory -  issuer principal: CN=DigiCert TLS RSA SHA256 2020 CA1, O=DigiCert Inc, C=US
00:49:11.382 [main] DEBUG org.apache.hc.client5.http.impl.io.DefaultHttpClientConnectionOperator - http-outgoing-0 connection established 192.168.1.9:59777<->185.199.108.133:443
00:49:11.382 [main] DEBUG org.apache.hc.client5.http.impl.io.PoolingHttpClientConnectionManager - ep-0000000000 connected http-outgoing-0
00:49:11.382 [main] DEBUG org.apache.hc.client5.http.impl.classic.InternalHttpClient - ep-0000000000 endpoint connected
00:49:11.383 [main] DEBUG org.apache.hc.client5.http.impl.classic.MainClientExec - ex-0000000001 executing GET /bonigarcia/webdrivermanager/master/src/main/resources/commands.properties HTTP/1.1
00:49:11.383 [main] DEBUG org.apache.hc.client5.http.impl.classic.InternalHttpClient - ep-0000000000 start execution ex-0000000001
00:49:11.383 [main] DEBUG org.apache.hc.client5.http.impl.io.PoolingHttpClientConnectionManager - ep-0000000000 executing exchange ex-0000000001 over http-outgoing-0
00:49:11.384 [main] DEBUG org.apache.hc.client5.http.headers - http-outgoing-0 >> GET /bonigarcia/webdrivermanager/master/src/main/resources/commands.properties HTTP/1.1
00:49:11.384 [main] DEBUG org.apache.hc.client5.http.headers - http-outgoing-0 >> user-agent: Apache-HttpClient/5.0
00:49:11.384 [main] DEBUG org.apache.hc.client5.http.headers - http-outgoing-0 >> accept-encoding: gzip, deflate, br
00:49:11.384 [main] DEBUG org.apache.hc.client5.http.headers - http-outgoing-0 >> cache-control: max-age=0
00:49:11.384 [main] DEBUG org.apache.hc.client5.http.headers - http-outgoing-0 >> connection: keep-alive
00:49:11.384 [main] DEBUG org.apache.hc.client5.http.headers - http-outgoing-0 >> Host: raw.githubusercontent.com
00:49:11.384 [main] DEBUG org.apache.hc.client5.http.wire - http-outgoing-0 >> "GET /bonigarcia/webdrivermanager/master/src/main/resources/commands.properties HTTP/1.1[\r][\n]"
00:49:11.384 [main] DEBUG org.apache.hc.client5.http.wire - http-outgoing-0 >> "user-agent: Apache-HttpClient/5.0[\r][\n]"
00:49:11.384 [main] DEBUG org.apache.hc.client5.http.wire - http-outgoing-0 >> "accept-encoding: gzip, deflate, br[\r][\n]"
00:49:11.384 [main] DEBUG org.apache.hc.client5.http.wire - http-outgoing-0 >> "cache-control: max-age=0[\r][\n]"
00:49:11.384 [main] DEBUG org.apache.hc.client5.http.wire - http-outgoing-0 >> "connection: keep-alive[\r][\n]"
00:49:11.384 [main] DEBUG org.apache.hc.client5.http.wire - http-outgoing-0 >> "Host: raw.githubusercontent.com[\r][\n]"
00:49:11.384 [main] DEBUG org.apache.hc.client5.http.wire - http-outgoing-0 >> "[\r][\n]"
00:49:11.462 [main] DEBUG org.apache.hc.client5.http.wire - http-outgoing-0 << "HTTP/1.1 200 OK[\r][\n]"
00:49:11.463 [main] DEBUG org.apache.hc.client5.http.wire - http-outgoing-0 << "Connection: keep-alive[\r][\n]"
00:49:11.463 [main] DEBUG org.apache.hc.client5.http.wire - http-outgoing-0 << "Content-Length: 723[\r][\n]"
00:49:11.463 [main] DEBUG org.apache.hc.client5.http.wire - http-outgoing-0 << "Cache-Control: max-age=300[\r][\n]"
00:49:11.463 [main] DEBUG org.apache.hc.client5.http.wire - http-outgoing-0 << "Content-Security-Policy: default-src 'none'; style-src 'unsafe-inline'; sandbox[\r][\n]"
00:49:11.463 [main] DEBUG org.apache.hc.client5.http.wire - http-outgoing-0 << "Content-Type: text/plain; charset=utf-8[\r][\n]"
00:49:11.463 [main] DEBUG org.apache.hc.client5.http.wire - http-outgoing-0 << "ETag: W/"e82b438271e9e8680c688b0b680efd0bdd22faa6d6f0a32fc1fd8accc486b67e"[\r][\n]"
00:49:11.463 [main] DEBUG org.apache.hc.client5.http.wire - http-outgoing-0 << "Strict-Transport-Security: max-age=31536000[\r][\n]"
00:49:11.463 [main] DEBUG org.apache.hc.client5.http.wire - http-outgoing-0 << "X-Content-Type-Options: nosniff[\r][\n]"
00:49:11.463 [main] DEBUG org.apache.hc.client5.http.wire - http-outgoing-0 << "X-Frame-Options: deny[\r][\n]"
00:49:11.463 [main] DEBUG org.apache.hc.client5.http.wire - http-outgoing-0 << "X-XSS-Protection: 1; mode=block[\r][\n]"
00:49:11.463 [main] DEBUG org.apache.hc.client5.http.wire - http-outgoing-0 << "X-GitHub-Request-Id: D33E:4572:341F6F:3C76BC:64518A35[\r][\n]"
00:49:11.463 [main] DEBUG org.apache.hc.client5.http.wire - http-outgoing-0 << "Content-Encoding: gzip[\r][\n]"
00:49:11.463 [main] DEBUG org.apache.hc.client5.http.wire - http-outgoing-0 << "Accept-Ranges: bytes[\r][\n]"
00:49:11.463 [main] DEBUG org.apache.hc.client5.http.wire - http-outgoing-0 << "Date: Tue, 09 May 2023 17:49:05 GMT[\r][\n]"
00:49:11.464 [main] DEBUG org.apache.hc.client5.http.wire - http-outgoing-0 << "Via: 1.1 varnish[\r][\n]"
00:49:11.464 [main] DEBUG org.apache.hc.client5.http.wire - http-outgoing-0 << "X-Served-By: cache-qpg1239-QPG[\r][\n]"
00:49:11.464 [main] DEBUG org.apache.hc.client5.http.wire - http-outgoing-0 << "X-Cache: HIT[\r][\n]"
00:49:11.464 [main] DEBUG org.apache.hc.client5.http.wire - http-outgoing-0 << "X-Cache-Hits: 1[\r][\n]"
00:49:11.464 [main] DEBUG org.apache.hc.client5.http.wire - http-outgoing-0 << "X-Timer: S1683654546.858603,VS0,VE1[\r][\n]"
00:49:11.464 [main] DEBUG org.apache.hc.client5.http.wire - http-outgoing-0 << "Vary: Authorization,Accept-Encoding,Origin[\r][\n]"
00:49:11.464 [main] DEBUG org.apache.hc.client5.http.wire - http-outgoing-0 << "Access-Control-Allow-Origin: *[\r][\n]"
00:49:11.464 [main] DEBUG org.apache.hc.client5.http.wire - http-outgoing-0 << "X-Fastly-Request-ID: ab8c99adb211efafcd0c6a88c975de6f127a2998[\r][\n]"
00:49:11.464 [main] DEBUG org.apache.hc.client5.http.wire - http-outgoing-0 << "Expires: Tue, 09 May 2023 17:54:05 GMT[\r][\n]"
00:49:11.464 [main] DEBUG org.apache.hc.client5.http.wire - http-outgoing-0 << "Source-Age: 165[\r][\n]"
00:49:11.464 [main] DEBUG org.apache.hc.client5.http.wire - http-outgoing-0 << "[\r][\n]"
00:49:11.469 [main] DEBUG org.apache.hc.client5.http.headers - http-outgoing-0 << HTTP/1.1 200 OK
00:49:11.469 [main] DEBUG org.apache.hc.client5.http.headers - http-outgoing-0 << Connection: keep-alive
00:49:11.469 [main] DEBUG org.apache.hc.client5.http.headers - http-outgoing-0 << Content-Length: 723
00:49:11.469 [main] DEBUG org.apache.hc.client5.http.headers - http-outgoing-0 << Cache-Control: max-age=300
00:49:11.470 [main] DEBUG org.apache.hc.client5.http.headers - http-outgoing-0 << Content-Security-Policy: default-src 'none'; style-src 'unsafe-inline'; sandbox
00:49:11.470 [main] DEBUG org.apache.hc.client5.http.headers - http-outgoing-0 << Content-Type: text/plain; charset=utf-8
00:49:11.470 [main] DEBUG org.apache.hc.client5.http.headers - http-outgoing-0 << ETag: W/"e82b438271e9e8680c688b0b680efd0bdd22faa6d6f0a32fc1fd8accc486b67e"
00:49:11.470 [main] DEBUG org.apache.hc.client5.http.headers - http-outgoing-0 << Strict-Transport-Security: max-age=31536000
00:49:11.470 [main] DEBUG org.apache.hc.client5.http.headers - http-outgoing-0 << X-Content-Type-Options: nosniff
00:49:11.470 [main] DEBUG org.apache.hc.client5.http.headers - http-outgoing-0 << X-Frame-Options: deny
00:49:11.470 [main] DEBUG org.apache.hc.client5.http.headers - http-outgoing-0 << X-XSS-Protection: 1; mode=block
00:49:11.470 [main] DEBUG org.apache.hc.client5.http.headers - http-outgoing-0 << X-GitHub-Request-Id: D33E:4572:341F6F:3C76BC:64518A35
00:49:11.470 [main] DEBUG org.apache.hc.client5.http.headers - http-outgoing-0 << Content-Encoding: gzip
00:49:11.470 [main] DEBUG org.apache.hc.client5.http.headers - http-outgoing-0 << Accept-Ranges: bytes
00:49:11.470 [main] DEBUG org.apache.hc.client5.http.headers - http-outgoing-0 << Date: Tue, 09 May 2023 17:49:05 GMT
00:49:11.470 [main] DEBUG org.apache.hc.client5.http.headers - http-outgoing-0 << Via: 1.1 varnish
00:49:11.470 [main] DEBUG org.apache.hc.client5.http.headers - http-outgoing-0 << X-Served-By: cache-qpg1239-QPG
00:49:11.470 [main] DEBUG org.apache.hc.client5.http.headers - http-outgoing-0 << X-Cache: HIT
00:49:11.470 [main] DEBUG org.apache.hc.client5.http.headers - http-outgoing-0 << X-Cache-Hits: 1
00:49:11.470 [main] DEBUG org.apache.hc.client5.http.headers - http-outgoing-0 << X-Timer: S1683654546.858603,VS0,VE1
00:49:11.470 [main] DEBUG org.apache.hc.client5.http.headers - http-outgoing-0 << Vary: Authorization,Accept-Encoding,Origin
00:49:11.470 [main] DEBUG org.apache.hc.client5.http.headers - http-outgoing-0 << Access-Control-Allow-Origin: *
00:49:11.470 [main] DEBUG org.apache.hc.client5.http.headers - http-outgoing-0 << X-Fastly-Request-ID: ab8c99adb211efafcd0c6a88c975de6f127a2998
00:49:11.470 [main] DEBUG org.apache.hc.client5.http.headers - http-outgoing-0 << Expires: Tue, 09 May 2023 17:54:05 GMT
00:49:11.470 [main] DEBUG org.apache.hc.client5.http.headers - http-outgoing-0 << Source-Age: 165
00:49:11.476 [main] DEBUG org.apache.hc.client5.http.impl.classic.MainClientExec - ex-0000000001 connection can be kept alive for 3 MINUTES
00:49:11.484 [main] DEBUG org.apache.hc.client5.http.wire - http-outgoing-0 << "[0x1f][0xffffff8b][0x8][0x0][0x0][0x0][0x0][0x0][0x0][0x3][0xffffffb5]V]o[0xffffffda]0[0x14]}[0xffffffe7]W\[0xffffff81]*[0xffffffb5][0x12][0x1f][[M[0xffffffd3]$[0x1e]hF[0xffffffbb]i [0x18][0xffffffb4][0xffffffdd]&[0xfffffff9][0xffffffc5]$7[0xffffffc1]R[0x12]#;[0xffffff94]v[0xffffffbf]~[0xffffffb6][0xfffffff3]1[0xffffff92][0xffffff9a][0xffffffc1][0x1a]x[0xffffffcb][0xffffffb5][0xffffffaf][0xffffffcf]9[0xffffffbe][0xfffffff7]8v[0xb][0x1c][0x1e]E4[0xfffffff6]$x4[0xffffffa1][0xb]*[0xffffffb1][0xffffffd1][0xffffff82][0xfffffffb]%[0xffffff93][0xffffffe0][0xffffffb3][0x10][0xffffffc1][0xffffffe5]qBY,!Y[0xffffffea] KM8,[0x10][0xfffffff0][0x19][0xffffffdd]u[0xffffff82][0x1e][0xffffffb0][0xffffffd8]L[0xffffffcb]%[0xffffff86][0xffffffa1][0xe][0xffffffb8][0xfffffff0]P[0xffffffe8]$[0xf][0x13]t[0x13]3[0xfffffff9][0xffffff84]B2[0xffffffae][0xffffffe6]|@[0xfffffff5][0x1d][0x8][0xffffffc4][0x18][0x16][0xffffff82]o[0xffffffa4][0xffffff9a]P[0xffffff94][0xffffffe7][0xffffffce]R[0xfffffff0][0x8][0xffffffdb]p[0xffffffcb][0x4][0xfffffffa][0xfffffffc][0xffffffb9][\r][0xffffff93][0x15][\n]"
00:49:11.485 [main] DEBUG org.apache.hc.client5.http.wire - http-outgoing-0 << "[0xffffffda][0xffffff86][0xffffffa1][0x17][0xffffffa8]Q3[0xffffffcb][0xffffffd6][0xffffffd1][0xffffff85][0xffffffc6][0xfffffff7][0xffffff98][0xffffffef][0xffffffa3][0xffffffc0]8[0x1][0xffffffae]s[0x12][0x16][0x7] _d[0xffffff82][0xffffff91][0xffffff84][0xfffffff3][0x1f],[0xfffffff6][0x14]j[0x1b]F,^+[0xffffff98]1ua2[0xffffffbf]h([0xffffff8e][0xffffff94][0xffffffa2][0xffffff91]m[0xffffffa3][0xffffffeb][0xffffff9a][0xffffffb0][0xffffffbb]I[0x17]t[0xffffffdf][0xffffffbd][0xffffffef][0xffffffbb][0xffffff91][0xffffffd7]U[0xffffffbb][0xffffff82][0xffffff9e][0x3][0xffffff9b][0xffffff88][0xffffffb9][0xffffffa6]$[0xffffffa6][0xc][0xffffff9b][0xffffffa5][0xffffffe2][0xffffff83][0xffffff98]F[0xffffffd8]o[0xffffff9e]Mg[0xffffff93][0xffffffbb][0xffffffd9]`|[0xfffffffb]u4[0xffffff9c][0x7f]"}B[0xffffffce][0x8][0xffffffb9][0xffffffe3]<[0x8][0xffffff91][0xffffff90][0xffffff94][0xffffff82][0xffffff90][0xffffffc1]j[0x15]2WI[0xffffffe3]1![0x19][0xffffff91]BnB[0xffffff80][0x9]<f[0xffffffb5][0xffffffe8]=[0xffffffd1]p[0xffffffbd][[0xffffffcf][0xffffffe5][0x1b][0xfffffff4][0xffffff9c][0xffffffff][0xfffffffc][0xfffffff8][0xffffffe1][0xffffffe2][0xffffff94][0xffffffa2][0xffffffae][0xe][0x14]5[0xffffff9a]8[0xffffff83][0xffffffd1]`:[0xfffffffd]<[0xffffffb8][0x1f][0xffffff9c]R[0xffffffcf]u[0x7f]6[0xffffffbc][0xffffff83][0xffffffef][0xf][0xffffffc3][0xffffffd9]/[0xfffffff8][0xfffffff2][0xffffffcd]y s[0xffffffee]'[0x1b]*0g[0xffffffcb][0xffffffc8]nF7H][0xffffff83][0xffffff97]{[0xffffffb1]Q[0x5][\r][0xffffffb5]c[0xffffffb4][0xf][0x2][0xffffffb3][0xffffffb4][0xffffff93][0xe]C[0xffffffa7][0xffffffb3]kAD][0xffffff9d][0xffffffde][0xffffffdb][0xffffffda][0xffffff88][0xffffffec][0xffffffa5][0xffffffbc][0xffffff99][0xffffffd9][0xffffffba]t[0xffffffb5][0xffffffea]9[0xffffffea][0x10])[0xffffffb7][0xffffffca][0xffffff9e][0xfffffff2][0xffffffe2]d^N[0xffffffd8]FW[0x16][0xffffffcd][0xffffffdc]_[0x10][0xfffffff9]i|[0x1c][0xffffff93][0xffffff8e][0xfffffff9]o[0x16][0xffffff86]4'!$G[0xffffffdf]W[0xfffffff4]W*j[[0xfffffff3]xR[0xffffffae][0xffffffb6][0xc][0xffffffd0],; #[0xffffffa9][0xffffff92]5[0xffffffb5][0x7][0xffffff9c][0xffffffb5][0xffffffd0][0x7f][0xffffff90][0xffffffc7]jgs[0xfffffffc][0xffffffc2][0xb][0xffffffd9][0x0]t[0xffffff9e]^'Y[0xfffffffb][0xffffff9f][0xffffffb1][0xffffffd8]:[0xffffffbf][0xffffff8d][0xffffffa5][0xffffff9a][0xffffffad][0x7f]m[0x5]&[0xffffffaa][0xffffffa0]^[0xffffff9b][0xffffffcb][0x5]f[0xffffffae][0xffffffe0]RU[0xffffff82][0x10]MS9l[0xffffff91]4t[0xfffffffb][0xffffff8a]][0xffffffd6][0xfffffff4][0xffffff96][0xffffffa6][0xffffff9f]P[0xffffffce][0xffffffd5][0xffffffce][0xffffff93][0xffffffff][0xffffff97][0xffffffcc]p[0xfffffffd][0xfffffff3][0xffffffe8][0x1b][0xffffffcc][0xffffffa2][0xffffffd9]Q[0xffffffbe][0xffffffb2][0xffffffa3][0xffffffc7]m'[0xffffffdf][0xffffffe4][[0xfffffffb]^[0xffffffb0][0xffffff9a][0xffffffbe][0xffffffda][0xffffffda]_[0xffffffce][0xffffff80][0xffffffd2][0xffffffc1]7[0xffffffb7]][0xffffffc1]b[0xffffffee][0xffffffb5][0xffffffff]w[0xffffff83][0xffffffed][0xffffffa7];[0x15]<[0x10]4[0xffffff92][0xffffff84][0x18][\n]"
00:49:11.485 [main] DEBUG org.apache.hc.client5.http.wire - http-outgoing-0 << "BB[0xffffffba][0xffffff8e]][0xffffffb5]jo[0xffffffb9]+"[0xffffffea][0xffffffb4][0xffffffff]h"[0xffffffea]\?5[0xffffffa9][0xffffffaf]k[0xffffffec][0xffffffff]P[0xffffffea][\n]"
00:49:11.486 [main] DEBUG org.apache.hc.client5.http.wire - http-outgoing-0 << "w[0xffffffe1]K[0x13][0xffffffda][0xffffffec][0xffffff98][0xffffffe6]Y[0xfffffffd]h8m6[0xffffff9c]T[0xffffffc1][0xfffffff2][0xffffffa7][0xffffff91]z_[0xffffff95]o85p[0x1c][0x13][0xffffffe6][0xfffffff0]5[0xffffffee][0xfffffffc][0xffffff92][0xffffff96][0xffffffda][0xfffffff7][0xffffffcf][0xffffffb1][0x5][0x1d][0xffffffea]K[0xffffff9b]9[0xffffff8e][0xffffffad]e[0xfffffff7][0xffffff93][0xffffffa8]`[0xffffffda][0xffffffff][0x1a][0xffffffd2][0xffffff88][0xffffff85][0xfffffffd][0xfffffff2][0xffffff91]N[0xfffffff6]`[0xffffffdf]2[0xffffffcf][0xffffffae]E[0xffffff97][0xffffffc5][0xffffffa2][0xffffff9d][0xffffffef]'[0xffffff9d]mun.[0xffffffd3]f^[0xffffffc7][0xffffff82][0xffffffda][0xffffff82]9[0xfffffff5][0xffffffa9]`[0x5][0xffffffbc]4[0xffffffa1][0x1d]<M[0xffffffb5]A[0xffffffa7]3[[0xffffffc0][0x7f][0x0][0xffffffc1][0xffffffd0]$[0xffffff85][0x1d][\r][0x0][0x0]"
00:49:11.488 [main] DEBUG org.apache.hc.client5.http.impl.classic.InternalHttpClient - ep-0000000000 releasing valid endpoint
00:49:11.488 [main] DEBUG org.apache.hc.client5.http.impl.io.PoolingHttpClientConnectionManager - ep-0000000000 releasing endpoint
00:49:11.488 [main] DEBUG org.apache.hc.client5.http.impl.io.PoolingHttpClientConnectionManager - ep-0000000000 connection http-outgoing-0 can be kept alive for 3 MINUTES
00:49:11.490 [main] DEBUG org.apache.hc.client5.http.impl.io.PoolingHttpClientConnectionManager - ep-0000000000 connection released [route: {s}->https://raw.githubusercontent.com:443][total available: 1; route allocated: 1 of 5; total allocated: 1 of 25]
00:49:11.490 [main] DEBUG io.github.bonigarcia.wdm.versions.VersionDetector - Detecting chrome version using online commands.properties
00:49:11.494 [main] DEBUG io.github.bonigarcia.wdm.versions.Shell - Running command on the shell: [cmd.exe, /C, wmic, datafile, where, name="%PROGRAMFILES:\=\\%\\Google\\Chrome\\Application\\chrome.exe", get, Version, /value]
00:49:11.827 [main] DEBUG io.github.bonigarcia.wdm.versions.Shell - Result: Version=112.0.5615.138
00:49:11.830 [main] DEBUG io.github.bonigarcia.wdm.cache.ResolutionCache - Removing resolution chrome112=112.0.5615.49 from cache (expired on Tue May 09 10:01:14 WIB 2023)
00:49:11.835 [main] DEBUG org.apache.hc.client5.http.impl.classic.InternalHttpClient - ex-0000000002 preparing request execution
00:49:11.835 [main] DEBUG org.apache.hc.client5.http.protocol.RequestAddCookies - ex-0000000002 Cookie spec selected: strict
00:49:11.835 [main] DEBUG org.apache.hc.client5.http.protocol.RequestAuthCache - ex-0000000002 Auth cache not set in the context
00:49:11.835 [main] DEBUG org.apache.hc.client5.http.impl.classic.ProtocolExec - ex-0000000002 target auth state: UNCHALLENGED
00:49:11.835 [main] DEBUG org.apache.hc.client5.http.impl.classic.ProtocolExec - ex-0000000002 proxy auth state: UNCHALLENGED
00:49:11.835 [main] DEBUG org.apache.hc.client5.http.impl.classic.ConnectExec - ex-0000000002 acquiring connection with route {s}->https://chromedriver.storage.googleapis.com:443
00:49:11.835 [main] DEBUG org.apache.hc.client5.http.impl.classic.InternalHttpClient - ex-0000000002 acquiring endpoint (3 MINUTES)
00:49:11.836 [main] DEBUG org.apache.hc.client5.http.impl.io.PoolingHttpClientConnectionManager - ex-0000000002 endpoint lease request (3 MINUTES) [route: {s}->https://chromedriver.storage.googleapis.com:443][total available: 1; route allocated: 0 of 5; total allocated: 1 of 25]
00:49:11.836 [main] DEBUG org.apache.hc.client5.http.impl.io.PoolingHttpClientConnectionManager - ex-0000000002 endpoint leased [route: {s}->https://chromedriver.storage.googleapis.com:443][total available: 1; route allocated: 1 of 5; total allocated: 2 of 25]
00:49:11.836 [main] DEBUG org.apache.hc.client5.http.impl.io.PoolingHttpClientConnectionManager - ex-0000000002 acquired ep-0000000001
00:49:11.836 [main] DEBUG org.apache.hc.client5.http.impl.classic.InternalHttpClient - ex-0000000002 acquired endpoint ep-0000000001
00:49:11.836 [main] DEBUG org.apache.hc.client5.http.impl.classic.ConnectExec - ex-0000000002 opening connection {s}->https://chromedriver.storage.googleapis.com:443
00:49:11.836 [main] DEBUG org.apache.hc.client5.http.impl.classic.InternalHttpClient - ep-0000000001 connecting endpoint (30 SECONDS)
00:49:11.836 [main] DEBUG org.apache.hc.client5.http.impl.io.PoolingHttpClientConnectionManager - ep-0000000001 connecting endpoint to https://chromedriver.storage.googleapis.com:443 (30 SECONDS)
00:49:11.959 [main] DEBUG org.apache.hc.client5.http.impl.io.DefaultHttpClientConnectionOperator - http-outgoing-1 connecting to chromedriver.storage.googleapis.com/142.251.12.128:443
00:49:11.959 [main] DEBUG org.apache.hc.client5.http.ssl.SSLConnectionSocketFactory - Connecting socket to chromedriver.storage.googleapis.com/142.251.12.128:443 with timeout 30 SECONDS
00:49:12.017 [main] DEBUG org.apache.hc.client5.http.ssl.SSLConnectionSocketFactory - Enabled protocols: [TLSv1.3, TLSv1.2]
00:49:12.018 [main] DEBUG org.apache.hc.client5.http.ssl.SSLConnectionSocketFactory - Enabled cipher suites: [TLS_AES_256_GCM_SHA384, TLS_AES_128_GCM_SHA256, TLS_CHACHA20_POLY1305_SHA256, TLS_ECDHE_ECDSA_WITH_AES_256_GCM_SHA384, TLS_ECDHE_ECDSA_WITH_AES_128_GCM_SHA256, TLS_ECDHE_ECDSA_WITH_CHACHA20_POLY1305_SHA256, TLS_ECDHE_RSA_WITH_AES_256_GCM_SHA384, TLS_ECDHE_RSA_WITH_CHACHA20_POLY1305_SHA256, TLS_ECDHE_RSA_WITH_AES_128_GCM_SHA256, TLS_DHE_RSA_WITH_AES_256_GCM_SHA384, TLS_DHE_RSA_WITH_CHACHA20_POLY1305_SHA256, TLS_DHE_DSS_WITH_AES_256_GCM_SHA384, TLS_DHE_RSA_WITH_AES_128_GCM_SHA256, TLS_DHE_DSS_WITH_AES_128_GCM_SHA256, TLS_ECDHE_ECDSA_WITH_AES_256_CBC_SHA384, TLS_ECDHE_RSA_WITH_AES_256_CBC_SHA384, TLS_ECDHE_ECDSA_WITH_AES_128_CBC_SHA256, TLS_ECDHE_RSA_WITH_AES_128_CBC_SHA256, TLS_DHE_RSA_WITH_AES_256_CBC_SHA256, TLS_DHE_DSS_WITH_AES_256_CBC_SHA256, TLS_DHE_RSA_WITH_AES_128_CBC_SHA256, TLS_DHE_DSS_WITH_AES_128_CBC_SHA256, TLS_ECDH_ECDSA_WITH_AES_256_GCM_SHA384, TLS_ECDH_RSA_WITH_AES_256_GCM_SHA384, TLS_ECDH_ECDSA_WITH_AES_128_GCM_SHA256, TLS_ECDH_RSA_WITH_AES_128_GCM_SHA256, TLS_ECDH_ECDSA_WITH_AES_256_CBC_SHA384, TLS_ECDH_RSA_WITH_AES_256_CBC_SHA384, TLS_ECDH_ECDSA_WITH_AES_128_CBC_SHA256, TLS_ECDH_RSA_WITH_AES_128_CBC_SHA256, TLS_ECDHE_ECDSA_WITH_AES_256_CBC_SHA, TLS_ECDHE_RSA_WITH_AES_256_CBC_SHA, TLS_ECDHE_ECDSA_WITH_AES_128_CBC_SHA, TLS_ECDHE_RSA_WITH_AES_128_CBC_SHA, TLS_DHE_RSA_WITH_AES_256_CBC_SHA, TLS_DHE_DSS_WITH_AES_256_CBC_SHA, TLS_DHE_RSA_WITH_AES_128_CBC_SHA, TLS_DHE_DSS_WITH_AES_128_CBC_SHA, TLS_ECDH_ECDSA_WITH_AES_256_CBC_SHA, TLS_ECDH_RSA_WITH_AES_256_CBC_SHA, TLS_ECDH_ECDSA_WITH_AES_128_CBC_SHA, TLS_ECDH_RSA_WITH_AES_128_CBC_SHA, TLS_RSA_WITH_AES_256_GCM_SHA384, TLS_RSA_WITH_AES_128_GCM_SHA256, TLS_RSA_WITH_AES_256_CBC_SHA256, TLS_RSA_WITH_AES_128_CBC_SHA256, TLS_RSA_WITH_AES_256_CBC_SHA, TLS_RSA_WITH_AES_128_CBC_SHA, TLS_EMPTY_RENEGOTIATION_INFO_SCSV]
00:49:12.018 [main] DEBUG org.apache.hc.client5.http.ssl.SSLConnectionSocketFactory - Starting handshake
00:49:12.107 [main] DEBUG org.apache.hc.client5.http.ssl.SSLConnectionSocketFactory - Secure session established
00:49:12.108 [main] DEBUG org.apache.hc.client5.http.ssl.SSLConnectionSocketFactory -  negotiated protocol: TLSv1.3
00:49:12.108 [main] DEBUG org.apache.hc.client5.http.ssl.SSLConnectionSocketFactory -  negotiated cipher suite: TLS_AES_256_GCM_SHA384
00:49:12.108 [main] DEBUG org.apache.hc.client5.http.ssl.SSLConnectionSocketFactory -  peer principal: CN=*.storage.googleapis.com
00:49:12.108 [main] DEBUG org.apache.hc.client5.http.ssl.SSLConnectionSocketFactory -  peer alternative names: [*.storage.googleapis.com, *.googleapis.com, commondatastorage.googleapis.com, *.commondatastorage.googleapis.com, storage.googleapis.com, storage-p2.googleapis.com, *.storage-p2.googleapis.com, storage.mtls.googleapis.com, *.appspot.com.storage.googleapis.com, *.content-storage.googleapis.com, *.content-storage-p2.googleapis.com, *.content-storage-upload.googleapis.com, *.content-storage-download.googleapis.com, *.storage-upload.googleapis.com, *.storage-download.googleapis.com]
00:49:12.108 [main] DEBUG org.apache.hc.client5.http.ssl.SSLConnectionSocketFactory -  issuer principal: CN=GTS CA 1C3, O=Google Trust Services LLC, C=US
00:49:12.109 [main] DEBUG org.apache.hc.client5.http.impl.io.DefaultHttpClientConnectionOperator - http-outgoing-1 connection established 192.168.1.9:59778<->142.251.12.128:443
00:49:12.109 [main] DEBUG org.apache.hc.client5.http.impl.io.PoolingHttpClientConnectionManager - ep-0000000001 connected http-outgoing-1
00:49:12.109 [main] DEBUG org.apache.hc.client5.http.impl.classic.InternalHttpClient - ep-0000000001 endpoint connected
00:49:12.109 [main] DEBUG org.apache.hc.client5.http.impl.classic.MainClientExec - ex-0000000002 executing GET /LATEST_RELEASE_112 HTTP/1.1
00:49:12.109 [main] DEBUG org.apache.hc.client5.http.impl.classic.InternalHttpClient - ep-0000000001 start execution ex-0000000002
00:49:12.109 [main] DEBUG org.apache.hc.client5.http.impl.io.PoolingHttpClientConnectionManager - ep-0000000001 executing exchange ex-0000000002 over http-outgoing-1
00:49:12.109 [main] DEBUG org.apache.hc.client5.http.headers - http-outgoing-1 >> GET /LATEST_RELEASE_112 HTTP/1.1
00:49:12.110 [main] DEBUG org.apache.hc.client5.http.headers - http-outgoing-1 >> user-agent: Apache-HttpClient/5.0
00:49:12.110 [main] DEBUG org.apache.hc.client5.http.headers - http-outgoing-1 >> accept-encoding: gzip, deflate, br
00:49:12.110 [main] DEBUG org.apache.hc.client5.http.headers - http-outgoing-1 >> cache-control: max-age=0
00:49:12.110 [main] DEBUG org.apache.hc.client5.http.headers - http-outgoing-1 >> connection: keep-alive
00:49:12.110 [main] DEBUG org.apache.hc.client5.http.headers - http-outgoing-1 >> Host: chromedriver.storage.googleapis.com
00:49:12.110 [main] DEBUG org.apache.hc.client5.http.wire - http-outgoing-1 >> "GET /LATEST_RELEASE_112 HTTP/1.1[\r][\n]"
00:49:12.110 [main] DEBUG org.apache.hc.client5.http.wire - http-outgoing-1 >> "user-agent: Apache-HttpClient/5.0[\r][\n]"
00:49:12.110 [main] DEBUG org.apache.hc.client5.http.wire - http-outgoing-1 >> "accept-encoding: gzip, deflate, br[\r][\n]"
00:49:12.110 [main] DEBUG org.apache.hc.client5.http.wire - http-outgoing-1 >> "cache-control: max-age=0[\r][\n]"
00:49:12.110 [main] DEBUG org.apache.hc.client5.http.wire - http-outgoing-1 >> "connection: keep-alive[\r][\n]"
00:49:12.110 [main] DEBUG org.apache.hc.client5.http.wire - http-outgoing-1 >> "Host: chromedriver.storage.googleapis.com[\r][\n]"
00:49:12.110 [main] DEBUG org.apache.hc.client5.http.wire - http-outgoing-1 >> "[\r][\n]"
00:49:12.200 [main] DEBUG org.apache.hc.client5.http.wire - http-outgoing-1 << "HTTP/1.1 200 OK[\r][\n]"
00:49:12.200 [main] DEBUG org.apache.hc.client5.http.wire - http-outgoing-1 << "X-GUploader-UploadID: ADPycdvgAkFJolTLsE7Kt5_jdHKXXp-QWsZHsSonipa9o2HjfwwAWFL_ogEAyYrH1v_5JA3FFyUr74I3L64GWPIyV7QYUihsK-Kc[\r][\n]"
00:49:12.200 [main] DEBUG org.apache.hc.client5.http.wire - http-outgoing-1 << "x-goog-generation: 1680690466587274[\r][\n]"
00:49:12.200 [main] DEBUG org.apache.hc.client5.http.wire - http-outgoing-1 << "x-goog-metageneration: 1[\r][\n]"
00:49:12.200 [main] DEBUG org.apache.hc.client5.http.wire - http-outgoing-1 << "x-goog-stored-content-encoding: identity[\r][\n]"
00:49:12.200 [main] DEBUG org.apache.hc.client5.http.wire - http-outgoing-1 << "x-goog-stored-content-length: 13[\r][\n]"
00:49:12.200 [main] DEBUG org.apache.hc.client5.http.wire - http-outgoing-1 << "x-goog-hash: crc32c=79lGRw==[\r][\n]"
00:49:12.200 [main] DEBUG org.apache.hc.client5.http.wire - http-outgoing-1 << "x-goog-hash: md5=MUYtcE+TFlXfYz1vhOJXkg==[\r][\n]"
00:49:12.200 [main] DEBUG org.apache.hc.client5.http.wire - http-outgoing-1 << "x-goog-storage-class: STANDARD[\r][\n]"
00:49:12.200 [main] DEBUG org.apache.hc.client5.http.wire - http-outgoing-1 << "Accept-Ranges: bytes[\r][\n]"
00:49:12.200 [main] DEBUG org.apache.hc.client5.http.wire - http-outgoing-1 << "Content-Length: 13[\r][\n]"
00:49:12.201 [main] DEBUG org.apache.hc.client5.http.wire - http-outgoing-1 << "Server: UploadServer[\r][\n]"
00:49:12.201 [main] DEBUG org.apache.hc.client5.http.wire - http-outgoing-1 << "Date: Tue, 09 May 2023 17:46:57 GMT[\r][\n]"
00:49:12.201 [main] DEBUG org.apache.hc.client5.http.wire - http-outgoing-1 << "Expires: Tue, 09 May 2023 18:46:57 GMT[\r][\n]"
00:49:12.201 [main] DEBUG org.apache.hc.client5.http.wire - http-outgoing-1 << "Cache-Control: public, max-age=3600[\r][\n]"
00:49:12.201 [main] DEBUG org.apache.hc.client5.http.wire - http-outgoing-1 << "Age: 129[\r][\n]"
00:49:12.201 [main] DEBUG org.apache.hc.client5.http.wire - http-outgoing-1 << "Last-Modified: Wed, 05 Apr 2023 10:27:46 GMT[\r][\n]"
00:49:12.201 [main] DEBUG org.apache.hc.client5.http.wire - http-outgoing-1 << "ETag: "31462d704f931655df633d6f84e25792"[\r][\n]"
00:49:12.201 [main] DEBUG org.apache.hc.client5.http.wire - http-outgoing-1 << "Content-Type: text/plain[\r][\n]"
00:49:12.201 [main] DEBUG org.apache.hc.client5.http.wire - http-outgoing-1 << "Alt-Svc: h3=":443"; ma=2592000,h3-29=":443"; ma=2592000[\r][\n]"
00:49:12.201 [main] DEBUG org.apache.hc.client5.http.wire - http-outgoing-1 << "[\r][\n]"
00:49:12.201 [main] DEBUG org.apache.hc.client5.http.wire - http-outgoing-1 << "112.0.5615.49"
00:49:12.201 [main] DEBUG org.apache.hc.client5.http.headers - http-outgoing-1 << HTTP/1.1 200 OK
00:49:12.202 [main] DEBUG org.apache.hc.client5.http.headers - http-outgoing-1 << X-GUploader-UploadID: ADPycdvgAkFJolTLsE7Kt5_jdHKXXp-QWsZHsSonipa9o2HjfwwAWFL_ogEAyYrH1v_5JA3FFyUr74I3L64GWPIyV7QYUihsK-Kc
00:49:12.202 [main] DEBUG org.apache.hc.client5.http.headers - http-outgoing-1 << x-goog-generation: 1680690466587274
00:49:12.202 [main] DEBUG org.apache.hc.client5.http.headers - http-outgoing-1 << x-goog-metageneration: 1
00:49:12.202 [main] DEBUG org.apache.hc.client5.http.headers - http-outgoing-1 << x-goog-stored-content-encoding: identity
00:49:12.202 [main] DEBUG org.apache.hc.client5.http.headers - http-outgoing-1 << x-goog-stored-content-length: 13
00:49:12.202 [main] DEBUG org.apache.hc.client5.http.headers - http-outgoing-1 << x-goog-hash: crc32c=79lGRw==
00:49:12.202 [main] DEBUG org.apache.hc.client5.http.headers - http-outgoing-1 << x-goog-hash: md5=MUYtcE+TFlXfYz1vhOJXkg==
00:49:12.202 [main] DEBUG org.apache.hc.client5.http.headers - http-outgoing-1 << x-goog-storage-class: STANDARD
00:49:12.202 [main] DEBUG org.apache.hc.client5.http.headers - http-outgoing-1 << Accept-Ranges: bytes
00:49:12.202 [main] DEBUG org.apache.hc.client5.http.headers - http-outgoing-1 << Content-Length: 13
00:49:12.202 [main] DEBUG org.apache.hc.client5.http.headers - http-outgoing-1 << Server: UploadServer
00:49:12.202 [main] DEBUG org.apache.hc.client5.http.headers - http-outgoing-1 << Date: Tue, 09 May 2023 17:46:57 GMT
00:49:12.202 [main] DEBUG org.apache.hc.client5.http.headers - http-outgoing-1 << Expires: Tue, 09 May 2023 18:46:57 GMT
00:49:12.202 [main] DEBUG org.apache.hc.client5.http.headers - http-outgoing-1 << Cache-Control: public, max-age=3600
00:49:12.202 [main] DEBUG org.apache.hc.client5.http.headers - http-outgoing-1 << Age: 129
00:49:12.202 [main] DEBUG org.apache.hc.client5.http.headers - http-outgoing-1 << Last-Modified: Wed, 05 Apr 2023 10:27:46 GMT
00:49:12.202 [main] DEBUG org.apache.hc.client5.http.headers - http-outgoing-1 << ETag: "31462d704f931655df633d6f84e25792"
00:49:12.202 [main] DEBUG org.apache.hc.client5.http.headers - http-outgoing-1 << Content-Type: text/plain
00:49:12.202 [main] DEBUG org.apache.hc.client5.http.headers - http-outgoing-1 << Alt-Svc: h3=":443"; ma=2592000,h3-29=":443"; ma=2592000
00:49:12.203 [main] DEBUG org.apache.hc.client5.http.impl.classic.MainClientExec - ex-0000000002 connection can be kept alive for 3 MINUTES
00:49:12.203 [main] DEBUG org.apache.hc.client5.http.impl.classic.InternalHttpClient - ep-0000000001 releasing valid endpoint
00:49:12.203 [main] DEBUG org.apache.hc.client5.http.impl.io.PoolingHttpClientConnectionManager - ep-0000000001 releasing endpoint
00:49:12.203 [main] DEBUG org.apache.hc.client5.http.impl.io.PoolingHttpClientConnectionManager - ep-0000000001 connection http-outgoing-1 can be kept alive for 3 MINUTES
00:49:12.203 [main] DEBUG org.apache.hc.client5.http.impl.io.PoolingHttpClientConnectionManager - ep-0000000001 connection released [route: {s}->https://chromedriver.storage.googleapis.com:443][total available: 2; route allocated: 1 of 5; total allocated: 2 of 25]
00:49:12.203 [main] DEBUG io.github.bonigarcia.wdm.versions.VersionDetector - Latest version of chromedriver according to https://chromedriver.storage.googleapis.com/LATEST_RELEASE_112 is 112.0.5615.49
00:49:12.203 [main] INFO io.github.bonigarcia.wdm.WebDriverManager - Using chromedriver 112.0.5615.49 (resolved driver for Chrome 112)
00:49:12.209 [main] DEBUG io.github.bonigarcia.wdm.cache.ResolutionCache - Storing resolution chrome=112 in cache (valid until 01:49:12 10/05/2023 WIB)
00:49:12.212 [main] DEBUG io.github.bonigarcia.wdm.cache.ResolutionCache - Storing resolution chrome112=112.0.5615.49 in cache (valid until 00:49:12 11/05/2023 WIB)
00:49:12.232 [main] DEBUG io.github.bonigarcia.wdm.WebDriverManager - Driver chromedriver 112.0.5615.49 found in cache
00:49:12.235 [main] INFO io.github.bonigarcia.wdm.WebDriverManager - Exporting webdriver.chrome.driver as C:\Users\HP\.cache\selenium\chromedriver\win32\112.0.5615.49\chromedriver.exe
00:49:12.384 [main] INFO net.serenitybdd.core.webdriver.driverproviders.ChromeDriverProvider - Starting Chrome driver instance with capabilities:
00:49:12.388 [main] INFO net.serenitybdd.core.webdriver.driverproviders.ChromeDriverProvider - Capabilities {acceptInsecureCerts: true, browserName: chrome, goog:chromeOptions: {args: [remote-allow-origins=*, test-type, no-sandbox, ignore-certificate-errors, start-maximized, incognito, disable-infobars, disable-gpu, disable-default-apps, disable-popup-blocking, remote-allow-origins=*, test-type, no-sandbox, ignore-certificate-errors, start-maximized, incognito, disable-infobars, disable-gpu, disable-default-apps, disable-popup-blocking], extensions: []}}
00:49:12.504 [main] DEBUG io.netty.util.internal.logging.InternalLoggerFactory - Using SLF4J as the default logging framework
00:49:12.513 [main] DEBUG io.netty.util.ResourceLeakDetector - -Dio.netty.leakDetection.level: simple
00:49:12.514 [main] DEBUG io.netty.util.ResourceLeakDetector - -Dio.netty.leakDetection.targetRecords: 4
00:49:12.521 [main] DEBUG io.netty.util.ResourceLeakDetectorFactory - Loaded default ResourceLeakDetector: io.netty.util.ResourceLeakDetector@31d4b3e8
00:49:12.555 [main] DEBUG io.netty.util.internal.PlatformDependent0 - -Dio.netty.noUnsafe: false
00:49:12.556 [main] DEBUG io.netty.util.internal.PlatformDependent0 - Java version: 19
00:49:12.558 [main] DEBUG io.netty.util.internal.PlatformDependent0 - sun.misc.Unsafe.theUnsafe: available
00:49:12.559 [main] DEBUG io.netty.util.internal.PlatformDependent0 - sun.misc.Unsafe.copyMemory: available
00:49:12.560 [main] DEBUG io.netty.util.internal.PlatformDependent0 - sun.misc.Unsafe.storeFence: available
00:49:12.562 [main] DEBUG io.netty.util.internal.PlatformDependent0 - java.nio.Buffer.address: available
00:49:12.563 [main] DEBUG io.netty.util.internal.PlatformDependent0 - direct buffer constructor: unavailable: Reflective setAccessible(true) disabled
00:49:12.565 [main] DEBUG io.netty.util.internal.PlatformDependent0 - java.nio.Bits.unaligned: available, true
00:49:12.567 [main] DEBUG io.netty.util.internal.PlatformDependent0 - jdk.internal.misc.Unsafe.allocateUninitializedArray(int): unavailable: class io.netty.util.internal.PlatformDependent0$7 cannot access class jdk.internal.misc.Unsafe (in module java.base) because module java.base does not export jdk.internal.misc to unnamed module @3e6ef8ad
00:49:12.569 [main] DEBUG io.netty.util.internal.PlatformDependent0 - java.nio.DirectByteBuffer.<init>(long, int): unavailable
00:49:12.569 [main] DEBUG io.netty.util.internal.PlatformDependent - sun.misc.Unsafe: available
00:49:12.572 [main] DEBUG io.netty.util.internal.PlatformDependent - maxDirectMemory: 1589641216 bytes (maybe)
00:49:12.573 [main] DEBUG io.netty.util.internal.PlatformDependent - -Dio.netty.tmpdir: C:\Users\HP\AppData\Local\Temp (java.io.tmpdir)
00:49:12.573 [main] DEBUG io.netty.util.internal.PlatformDependent - -Dio.netty.bitMode: 64 (sun.arch.data.model)
00:49:12.573 [main] DEBUG io.netty.util.internal.PlatformDependent - Platform: Windows
00:49:12.575 [main] DEBUG io.netty.util.internal.PlatformDependent - -Dio.netty.maxDirectMemory: -1 bytes
00:49:12.575 [main] DEBUG io.netty.util.internal.PlatformDependent - -Dio.netty.uninitializedArrayAllocationThreshold: -1
00:49:12.577 [main] DEBUG io.netty.util.internal.CleanerJava9 - java.nio.ByteBuffer.cleaner(): available
00:49:12.577 [main] DEBUG io.netty.util.internal.PlatformDependent - -Dio.netty.noPreferDirect: false
00:49:12.617 [main] DEBUG io.netty.util.internal.PlatformDependent - org.jctools-core.MpscChunkedArrayQueue: available
00:49:12.671 [main] DEBUG io.netty.util.internal.InternalThreadLocalMap - -Dio.netty.threadLocalMap.stringBuilder.initialSize: 1024
00:49:12.671 [main] DEBUG io.netty.util.internal.InternalThreadLocalMap - -Dio.netty.threadLocalMap.stringBuilder.maxSize: 4096
00:49:12.714 [main] DEBUG io.netty.handler.ssl.JdkSslContext - Default protocols (JDK): [TLSv1.3, TLSv1.2] 
00:49:12.714 [main] DEBUG io.netty.handler.ssl.JdkSslContext - Default cipher suites (JDK): [TLS_ECDHE_ECDSA_WITH_AES_256_GCM_SHA384, TLS_ECDHE_ECDSA_WITH_AES_128_GCM_SHA256, TLS_ECDHE_RSA_WITH_AES_128_GCM_SHA256, TLS_ECDHE_RSA_WITH_AES_256_GCM_SHA384, TLS_ECDHE_RSA_WITH_AES_128_CBC_SHA, TLS_ECDHE_RSA_WITH_AES_256_CBC_SHA, TLS_RSA_WITH_AES_128_GCM_SHA256, TLS_RSA_WITH_AES_128_CBC_SHA, TLS_RSA_WITH_AES_256_CBC_SHA, TLS_AES_128_GCM_SHA256, TLS_AES_256_GCM_SHA384]
00:49:12.761 [main] DEBUG io.netty.channel.MultithreadEventLoopGroup - -Dio.netty.eventLoopThreads: 16
00:49:12.779 [main] DEBUG io.netty.channel.nio.NioEventLoop - -Dio.netty.noKeySetOptimization: false
00:49:12.779 [main] DEBUG io.netty.channel.nio.NioEventLoop - -Dio.netty.selectorAutoRebuildThreshold: 512
00:49:12.853 [main] DEBUG io.netty.buffer.PooledByteBufAllocator - -Dio.netty.allocator.numHeapArenas: 16
00:49:12.854 [main] DEBUG io.netty.buffer.PooledByteBufAllocator - -Dio.netty.allocator.numDirectArenas: 16
00:49:12.854 [main] DEBUG io.netty.buffer.PooledByteBufAllocator - -Dio.netty.allocator.pageSize: 8192
00:49:12.854 [main] DEBUG io.netty.buffer.PooledByteBufAllocator - -Dio.netty.allocator.maxOrder: 9
00:49:12.854 [main] DEBUG io.netty.buffer.PooledByteBufAllocator - -Dio.netty.allocator.chunkSize: 4194304
00:49:12.854 [main] DEBUG io.netty.buffer.PooledByteBufAllocator - -Dio.netty.allocator.smallCacheSize: 256
00:49:12.854 [main] DEBUG io.netty.buffer.PooledByteBufAllocator - -Dio.netty.allocator.normalCacheSize: 64
00:49:12.854 [main] DEBUG io.netty.buffer.PooledByteBufAllocator - -Dio.netty.allocator.maxCachedBufferCapacity: 32768
00:49:12.854 [main] DEBUG io.netty.buffer.PooledByteBufAllocator - -Dio.netty.allocator.cacheTrimInterval: 8192
00:49:12.854 [main] DEBUG io.netty.buffer.PooledByteBufAllocator - -Dio.netty.allocator.cacheTrimIntervalMillis: 0
00:49:12.854 [main] DEBUG io.netty.buffer.PooledByteBufAllocator - -Dio.netty.allocator.useCacheForAllThreads: false
00:49:12.854 [main] DEBUG io.netty.buffer.PooledByteBufAllocator - -Dio.netty.allocator.maxCachedByteBuffersPerChunk: 1023
00:49:12.872 [main] DEBUG io.netty.buffer.ByteBufUtil - -Dio.netty.allocator.type: pooled
00:49:12.872 [main] DEBUG io.netty.buffer.ByteBufUtil - -Dio.netty.threadLocalDirectBufferSize: 0
00:49:12.872 [main] DEBUG io.netty.buffer.ByteBufUtil - -Dio.netty.maxThreadLocalCharBufferSize: 16384
00:49:13.317 [Forwarding newSession on session null to remote] DEBUG io.netty.channel.DefaultChannelId - -Dio.netty.processId: 15308 (auto-detected)
00:49:13.320 [Forwarding newSession on session null to remote] DEBUG io.netty.util.NetUtil - -Djava.net.preferIPv4Stack: false
00:49:13.320 [Forwarding newSession on session null to remote] DEBUG io.netty.util.NetUtil - -Djava.net.preferIPv6Addresses: false
00:49:13.344 [Forwarding newSession on session null to remote] DEBUG io.netty.util.NetUtilInitializations - Loopback interface: lo (Software Loopback Interface 1, 127.0.0.1)
00:49:13.346 [Forwarding newSession on session null to remote] DEBUG io.netty.util.NetUtil - Failed to get SOMAXCONN from sysctl and file \proc\sys\net\core\somaxconn. Default: 200
00:49:13.417 [Forwarding newSession on session null to remote] DEBUG io.netty.channel.DefaultChannelId - -Dio.netty.machineId: cc:6b:1e:ff:fe:34:9f:97 (auto-detected)
00:49:13.474 [AsyncHttpClient-1-2] DEBUG io.netty.buffer.AbstractByteBuf - -Dio.netty.buffer.checkAccessible: true
00:49:13.475 [AsyncHttpClient-1-2] DEBUG io.netty.buffer.AbstractByteBuf - -Dio.netty.buffer.checkBounds: true
00:49:13.475 [AsyncHttpClient-1-2] DEBUG io.netty.util.ResourceLeakDetectorFactory - Loaded default ResourceLeakDetector: io.netty.util.ResourceLeakDetector@6629e815
00:49:13.486 [AsyncHttpClient-1-2] DEBUG org.asynchttpclient.netty.channel.NettyConnectListener - Using new Channel '[id: 0x78ed976a, L:/127.0.0.1:59782 - R:localhost/127.0.0.1:40971]' for 'POST' to '/session'
00:49:13.502 [AsyncHttpClient-1-2] DEBUG io.netty.util.Recycler - -Dio.netty.recycler.maxCapacityPerThread: 4096
00:49:13.503 [AsyncHttpClient-1-2] DEBUG io.netty.util.Recycler - -Dio.netty.recycler.ratio: 8
00:49:13.503 [AsyncHttpClient-1-2] DEBUG io.netty.util.Recycler - -Dio.netty.recycler.chunkSize: 32
00:49:13.503 [AsyncHttpClient-1-2] DEBUG io.netty.util.Recycler - -Dio.netty.recycler.blocking: false
00:49:14.607 [AsyncHttpClient-1-2] DEBUG io.netty.handler.codec.compression.Brotli - brotli4j not in the classpath; Brotli support will be unavailable.
00:49:14.607 [AsyncHttpClient-1-2] DEBUG org.asynchttpclient.netty.handler.HttpHandler - 

Request DefaultHttpRequest(decodeResult: success, version: HTTP/1.1)
POST /session HTTP/1.1
User-Agent: selenium/4.7.1 (java windows)
Content-Length: 1629
Content-Type: application/json; charset=utf-8
host: localhost:40971
accept: */*

Response DefaultHttpResponse(decodeResult: success, version: HTTP/1.1)
HTTP/1.1 200 OK
Content-Type: application/json; charset=utf-8
cache-control: no-cache
content-length: 854

00:49:14.629 [AsyncHttpClient-1-2] DEBUG org.asynchttpclient.netty.channel.ChannelManager - Adding key: http://localhost:40971 for channel [id: 0x78ed976a, L:/127.0.0.1:59782 - R:localhost/127.0.0.1:40971]
00:49:14.867 [AsyncHttpClient-1-3] DEBUG org.asynchttpclient.netty.channel.NettyConnectListener - Using new Channel '[id: 0xc077648c, L:/127.0.0.1:59790 - R:localhost/127.0.0.1:59783]' for 'GET' to '/json/version'
00:49:14.878 [AsyncHttpClient-1-3] DEBUG org.asynchttpclient.netty.handler.HttpHandler - 

Request DefaultFullHttpRequest(decodeResult: success, version: HTTP/1.1, content: EmptyByteBufBE)
GET /json/version HTTP/1.1
User-Agent: selenium/4.7.1 (java windows)
host: localhost:59783
accept: */*

Response DefaultHttpResponse(decodeResult: success, version: HTTP/1.1)
HTTP/1.1 200 OK
Content-Security-Policy: frame-ancestors 'none'
Content-Type: application/json; charset=UTF-8
content-length: 424

00:49:14.880 [AsyncHttpClient-1-3] DEBUG org.asynchttpclient.netty.channel.ChannelManager - Adding key: http://localhost:59783 for channel [id: 0xc077648c, L:/127.0.0.1:59790 - R:localhost/127.0.0.1:59783]
00:49:14.928 [AsyncHttpClient-1-1] DEBUG org.asynchttpclient.netty.channel.DefaultChannelPool - Entry count for : http://localhost:59783 : 1
00:49:14.928 [AsyncHttpClient-1-1] DEBUG org.asynchttpclient.netty.channel.DefaultChannelPool - Entry count for : http://localhost:40971 : 1
00:49:14.946 [main] DEBUG io.netty.util.internal.ThreadLocalRandom - -Dio.netty.initialSeedUniquifier: 0x9034de5fee3572b7
00:49:14.957 [AsyncHttpClient-1-4] DEBUG org.asynchttpclient.netty.channel.NettyConnectListener - Using new Channel '[id: 0x038f052a, L:/127.0.0.1:59791 - R:localhost/127.0.0.1:59783]' for 'GET' to '/devtools/browser/88d01fdb-e723-4794-a688-05bbdb17fc28'
00:49:14.964 [AsyncHttpClient-1-4] DEBUG org.asynchttpclient.netty.handler.WebSocketHandler - 

Request DefaultFullHttpRequest(decodeResult: success, version: HTTP/1.1, content: EmptyByteBufBE)
GET /devtools/browser/88d01fdb-e723-4794-a688-05bbdb17fc28 HTTP/1.1
upgrade: websocket
connection: upgrade
sec-websocket-key: tWasshS6uxAn9DHl5lss5A==
sec-websocket-version: 13
origin: http://localhost:59783
host: localhost:59783
accept: */*
user-agent: AHC/2.1

Response DefaultHttpResponse(decodeResult: success, version: HTTP/1.1)
HTTP/1.1 101 WebSocket Protocol Handshake
Upgrade: WebSocket
Connection: Upgrade
Sec-WebSocket-Accept: BI+jMg5C47mCasPqeIJ2895bwgA=

00:49:16.032 [AsyncHttpClient-1-1] DEBUG org.asynchttpclient.netty.channel.DefaultChannelPool - Entry count for : http://localhost:59783 : 1
00:49:16.032 [AsyncHttpClient-1-1] DEBUG org.asynchttpclient.netty.channel.DefaultChannelPool - Entry count for : http://localhost:40971 : 1
00:49:16.229 [main] DEBUG net.thucydides.core.reflection.ClassFinder - Could not load class .starter.CucumberTestSuite
00:49:16.229 [main] DEBUG net.thucydides.core.reflection.ClassFinder - Could not load class .starter.pages.LoginPage
00:49:16.229 [main] DEBUG net.thucydides.core.reflection.ClassFinder - Could not load class .starter.pages.RegisterPage
00:49:16.229 [main] DEBUG net.thucydides.core.reflection.ClassFinder - Could not load class .starter.pages.TransaksiPage
00:49:16.229 [main] DEBUG net.thucydides.core.reflection.ClassFinder - Could not load class .starter.stepdefinitions.LoginRegisterSteps
00:49:16.229 [main] DEBUG net.thucydides.core.reflection.ClassFinder - Could not load class .starter.stepdefinitions.RegisterSteps
00:49:16.229 [main] DEBUG net.thucydides.core.reflection.ClassFinder - Could not load class .starter.stepdefinitions.TransaksiSteps
00:49:16.230 [main] DEBUG net.thucydides.core.reflection.ClassFinder - Could not load class META-INF.versions.9.com.sun.istack.logging.StackHelper
00:49:16.231 [main] DEBUG net.thucydides.core.reflection.ClassFinder - Could not load class META-INF.versions.9.com.sun.xml.bind.v2.runtime.reflect.opt.AccessorInjector
00:49:16.231 [main] DEBUG net.thucydides.core.reflection.ClassFinder - Could not load class META-INF.versions.9.com.sun.xml.bind.v2.runtime.reflect.opt.Injector
00:49:16.232 [main] DEBUG net.thucydides.core.reflection.ClassFinder - Could not load class META-INF.versions.9.com.sun.xml.bind.v2.runtime.reflect.opt.OptimizedAccessorFactory
00:49:16.233 [main] DEBUG net.thucydides.core.reflection.ClassFinder - Could not load class META-INF.versions.9.com.sun.xml.bind.v2.runtime.reflect.opt.OptimizedTransducedAccessorFactory
00:49:16.233 [main] DEBUG net.thucydides.core.reflection.ClassFinder - Could not load class META-INF.versions.9.io.opentelemetry.sdk.internal.CurrentJavaVersionSpecific
00:49:16.233 [main] DEBUG net.thucydides.core.reflection.ClassFinder - Could not load class META-INF.versions.9.io.opentelemetry.sdk.internal.Java9VersionSpecific
00:49:16.234 [main] DEBUG net.thucydides.core.reflection.ClassFinder - Could not load class META-INF.versions.9.javax.xml.bind.ModuleUtil
00:49:16.238 [main] DEBUG net.thucydides.core.reflection.ClassFinder - Could not load class META-INF.versions.9.module-info
00:49:16.239 [main] DEBUG net.thucydides.core.reflection.ClassFinder - Could not load class META-INF.versions.9.org.junit.platform.commons.util.ModuleUtils
00:49:16.698 [main] DEBUG net.thucydides.core.reflection.ClassFinder - Could not load class com.google.gson.internal.
00:49:16.899 [main] DEBUG net.thucydides.core.reflection.ClassFinder - Could not load class com.sun.xml.bind.v2.runtime.output.FastInfosetStreamWriterOutput
00:49:17.129 [AsyncHttpClient-1-1] DEBUG org.asynchttpclient.netty.channel.DefaultChannelPool - Entry count for : http://localhost:59783 : 1
00:49:17.129 [AsyncHttpClient-1-1] DEBUG org.asynchttpclient.netty.channel.DefaultChannelPool - Entry count for : http://localhost:40971 : 1
00:49:17.318 [main] DEBUG net.thucydides.core.reflection.ClassFinder - Could not load class module-info
00:49:18.228 [AsyncHttpClient-1-1] DEBUG org.asynchttpclient.netty.channel.DefaultChannelPool - Entry count for : http://localhost:59783 : 1
00:49:18.228 [AsyncHttpClient-1-1] DEBUG org.asynchttpclient.netty.channel.DefaultChannelPool - Entry count for : http://localhost:40971 : 1
00:49:19.331 [AsyncHttpClient-1-1] DEBUG org.asynchttpclient.netty.channel.DefaultChannelPool - Entry count for : http://localhost:59783 : 1
00:49:19.331 [AsyncHttpClient-1-1] DEBUG org.asynchttpclient.netty.channel.DefaultChannelPool - Entry count for : http://localhost:40971 : 1
00:49:20.432 [AsyncHttpClient-1-1] DEBUG org.asynchttpclient.netty.channel.DefaultChannelPool - Entry count for : http://localhost:59783 : 1
00:49:20.432 [AsyncHttpClient-1-1] DEBUG org.asynchttpclient.netty.channel.DefaultChannelPool - Entry count for : http://localhost:40971 : 1
00:49:21.260 [Forwarding get on session 8d2b16c2266bb28324d0f288a5ec4ed4 to remote] DEBUG org.asynchttpclient.netty.request.NettyRequestSender - Using pooled Channel '[id: 0x78ed976a, L:/127.0.0.1:59782 - R:localhost/127.0.0.1:40971]' for 'POST' to 'http://localhost:40971/session/8d2b16c2266bb28324d0f288a5ec4ed4/url'
00:49:21.260 [Forwarding get on session 8d2b16c2266bb28324d0f288a5ec4ed4 to remote] DEBUG org.asynchttpclient.netty.request.NettyRequestSender - Using open Channel [id: 0x78ed976a, L:/127.0.0.1:59782 - R:localhost/127.0.0.1:40971] for POST '/session/8d2b16c2266bb28324d0f288a5ec4ed4/url'
00:49:21.529 [AsyncHttpClient-1-1] DEBUG org.asynchttpclient.netty.channel.DefaultChannelPool - Entry count for : http://localhost:59783 : 1
00:49:22.639 [AsyncHttpClient-1-1] DEBUG org.asynchttpclient.netty.channel.DefaultChannelPool - Entry count for : http://localhost:59783 : 1
00:49:23.724 [AsyncHttpClient-1-2] DEBUG org.asynchttpclient.netty.handler.HttpHandler - 

Request DefaultHttpRequest(decodeResult: success, version: HTTP/1.1)
POST /session/8d2b16c2266bb28324d0f288a5ec4ed4/url HTTP/1.1
User-Agent: selenium/4.7.1 (java windows)
Content-Length: 59
Content-Type: application/json; charset=utf-8
host: localhost:40971
accept: */*

Response DefaultHttpResponse(decodeResult: success, version: HTTP/1.1)
HTTP/1.1 200 OK
Content-Type: application/json; charset=utf-8
cache-control: no-cache
content-length: 14

00:49:23.724 [AsyncHttpClient-1-2] DEBUG org.asynchttpclient.netty.channel.ChannelManager - Adding key: http://localhost:40971 for channel [id: 0x78ed976a, L:/127.0.0.1:59782 - R:localhost/127.0.0.1:40971]
00:49:23.731 [AsyncHttpClient-1-1] DEBUG org.asynchttpclient.netty.channel.DefaultChannelPool - Entry count for : http://localhost:59783 : 1
00:49:23.732 [AsyncHttpClient-1-1] DEBUG org.asynchttpclient.netty.channel.DefaultChannelPool - Entry count for : http://localhost:40971 : 1
00:49:23.734 [Forwarding setTimeout on session 8d2b16c2266bb28324d0f288a5ec4ed4 to remote] DEBUG org.asynchttpclient.netty.request.NettyRequestSender - Using pooled Channel '[id: 0x78ed976a, L:/127.0.0.1:59782 - R:localhost/127.0.0.1:40971]' for 'POST' to 'http://localhost:40971/session/8d2b16c2266bb28324d0f288a5ec4ed4/timeouts'
00:49:23.735 [Forwarding setTimeout on session 8d2b16c2266bb28324d0f288a5ec4ed4 to remote] DEBUG org.asynchttpclient.netty.request.NettyRequestSender - Using open Channel [id: 0x78ed976a, L:/127.0.0.1:59782 - R:localhost/127.0.0.1:40971] for POST '/session/8d2b16c2266bb28324d0f288a5ec4ed4/timeouts'
00:49:23.740 [AsyncHttpClient-1-2] DEBUG org.asynchttpclient.netty.handler.HttpHandler - 

Request DefaultHttpRequest(decodeResult: success, version: HTTP/1.1)
POST /session/8d2b16c2266bb28324d0f288a5ec4ed4/timeouts HTTP/1.1
User-Agent: selenium/4.7.1 (java windows)
Content-Length: 22
Content-Type: application/json; charset=utf-8
host: localhost:40971
accept: */*

Response DefaultHttpResponse(decodeResult: success, version: HTTP/1.1)
HTTP/1.1 200 OK
Content-Type: application/json; charset=utf-8
cache-control: no-cache
content-length: 14

00:49:23.741 [AsyncHttpClient-1-2] DEBUG org.asynchttpclient.netty.channel.ChannelManager - Adding key: http://localhost:40971 for channel [id: 0x78ed976a, L:/127.0.0.1:59782 - R:localhost/127.0.0.1:40971]
00:49:23.758 [Forwarding getCurrentUrl on session 8d2b16c2266bb28324d0f288a5ec4ed4 to remote] DEBUG org.asynchttpclient.netty.request.NettyRequestSender - Using pooled Channel '[id: 0x78ed976a, L:/127.0.0.1:59782 - R:localhost/127.0.0.1:40971]' for 'GET' to 'http://localhost:40971/session/8d2b16c2266bb28324d0f288a5ec4ed4/url'
00:49:23.758 [Forwarding getCurrentUrl on session 8d2b16c2266bb28324d0f288a5ec4ed4 to remote] DEBUG org.asynchttpclient.netty.request.NettyRequestSender - Using open Channel [id: 0x78ed976a, L:/127.0.0.1:59782 - R:localhost/127.0.0.1:40971] for GET '/session/8d2b16c2266bb28324d0f288a5ec4ed4/url'
00:49:23.769 [AsyncHttpClient-1-2] DEBUG org.asynchttpclient.netty.handler.HttpHandler - 

Request DefaultFullHttpRequest(decodeResult: success, version: HTTP/1.1, content: EmptyByteBufBE)
GET /session/8d2b16c2266bb28324d0f288a5ec4ed4/url HTTP/1.1
User-Agent: selenium/4.7.1 (java windows)
Cache-Control: no-cache
Content-Type: application/json; charset=utf-8
host: localhost:40971
accept: */*

Response DefaultHttpResponse(decodeResult: success, version: HTTP/1.1)
HTTP/1.1 200 OK
Content-Type: application/json; charset=utf-8
cache-control: no-cache
content-length: 41

00:49:23.770 [AsyncHttpClient-1-2] DEBUG org.asynchttpclient.netty.channel.ChannelManager - Adding key: http://localhost:40971 for channel [id: 0x78ed976a, L:/127.0.0.1:59782 - R:localhost/127.0.0.1:40971]
00:49:23.780 [Forwarding getCurrentUrl on session 8d2b16c2266bb28324d0f288a5ec4ed4 to remote] DEBUG org.asynchttpclient.netty.request.NettyRequestSender - Using pooled Channel '[id: 0x78ed976a, L:/127.0.0.1:59782 - R:localhost/127.0.0.1:40971]' for 'GET' to 'http://localhost:40971/session/8d2b16c2266bb28324d0f288a5ec4ed4/url'
00:49:23.780 [Forwarding getCurrentUrl on session 8d2b16c2266bb28324d0f288a5ec4ed4 to remote] DEBUG org.asynchttpclient.netty.request.NettyRequestSender - Using open Channel [id: 0x78ed976a, L:/127.0.0.1:59782 - R:localhost/127.0.0.1:40971] for GET '/session/8d2b16c2266bb28324d0f288a5ec4ed4/url'
00:49:23.786 [AsyncHttpClient-1-2] DEBUG org.asynchttpclient.netty.handler.HttpHandler - 

Request DefaultFullHttpRequest(decodeResult: success, version: HTTP/1.1, content: EmptyByteBufBE)
GET /session/8d2b16c2266bb28324d0f288a5ec4ed4/url HTTP/1.1
User-Agent: selenium/4.7.1 (java windows)
Cache-Control: no-cache
Content-Type: application/json; charset=utf-8
host: localhost:40971
accept: */*

Response DefaultHttpResponse(decodeResult: success, version: HTTP/1.1)
HTTP/1.1 200 OK
Content-Type: application/json; charset=utf-8
cache-control: no-cache
content-length: 41

00:49:23.786 [AsyncHttpClient-1-2] DEBUG org.asynchttpclient.netty.channel.ChannelManager - Adding key: http://localhost:40971 for channel [id: 0x78ed976a, L:/127.0.0.1:59782 - R:localhost/127.0.0.1:40971]
00:49:23.805 [Forwarding findElement on session 8d2b16c2266bb28324d0f288a5ec4ed4 to remote] DEBUG org.asynchttpclient.netty.request.NettyRequestSender - Using pooled Channel '[id: 0x78ed976a, L:/127.0.0.1:59782 - R:localhost/127.0.0.1:40971]' for 'POST' to 'http://localhost:40971/session/8d2b16c2266bb28324d0f288a5ec4ed4/element'
00:49:23.805 [Forwarding findElement on session 8d2b16c2266bb28324d0f288a5ec4ed4 to remote] DEBUG org.asynchttpclient.netty.request.NettyRequestSender - Using open Channel [id: 0x78ed976a, L:/127.0.0.1:59782 - R:localhost/127.0.0.1:40971] for POST '/session/8d2b16c2266bb28324d0f288a5ec4ed4/element'
00:49:23.824 [AsyncHttpClient-1-2] DEBUG org.asynchttpclient.netty.handler.HttpHandler - 

Request DefaultHttpRequest(decodeResult: success, version: HTTP/1.1)
POST /session/8d2b16c2266bb28324d0f288a5ec4ed4/element HTTP/1.1
User-Agent: selenium/4.7.1 (java windows)
Content-Length: 108
Content-Type: application/json; charset=utf-8
host: localhost:40971
accept: */*

Response DefaultHttpResponse(decodeResult: success, version: HTTP/1.1)
HTTP/1.1 200 OK
Content-Type: application/json; charset=utf-8
cache-control: no-cache
content-length: 88

00:49:23.825 [AsyncHttpClient-1-2] DEBUG org.asynchttpclient.netty.channel.ChannelManager - Adding key: http://localhost:40971 for channel [id: 0x78ed976a, L:/127.0.0.1:59782 - R:localhost/127.0.0.1:40971]
00:49:23.858 [Forwarding isElementDisplayed on session 8d2b16c2266bb28324d0f288a5ec4ed4 to remote] DEBUG org.asynchttpclient.netty.request.NettyRequestSender - Using pooled Channel '[id: 0x78ed976a, L:/127.0.0.1:59782 - R:localhost/127.0.0.1:40971]' for 'POST' to 'http://localhost:40971/session/8d2b16c2266bb28324d0f288a5ec4ed4/execute/sync'
00:49:23.859 [Forwarding isElementDisplayed on session 8d2b16c2266bb28324d0f288a5ec4ed4 to remote] DEBUG org.asynchttpclient.netty.request.NettyRequestSender - Using open Channel [id: 0x78ed976a, L:/127.0.0.1:59782 - R:localhost/127.0.0.1:40971] for POST '/session/8d2b16c2266bb28324d0f288a5ec4ed4/execute/sync'
00:49:23.888 [AsyncHttpClient-1-2] DEBUG org.asynchttpclient.netty.handler.HttpHandler - 

Request DefaultHttpRequest(decodeResult: success, version: HTTP/1.1)
POST /session/8d2b16c2266bb28324d0f288a5ec4ed4/execute/sync HTTP/1.1
User-Agent: selenium/4.7.1 (java windows)
Content-Length: 48780
Content-Type: application/json; charset=utf-8
host: localhost:40971
accept: */*

Response DefaultHttpResponse(decodeResult: success, version: HTTP/1.1)
HTTP/1.1 200 OK
Content-Type: application/json; charset=utf-8
cache-control: no-cache
content-length: 14

00:49:23.889 [AsyncHttpClient-1-2] DEBUG org.asynchttpclient.netty.channel.ChannelManager - Adding key: http://localhost:40971 for channel [id: 0x78ed976a, L:/127.0.0.1:59782 - R:localhost/127.0.0.1:40971]
00:49:23.895 [Forwarding isElementDisplayed on session 8d2b16c2266bb28324d0f288a5ec4ed4 to remote] DEBUG org.asynchttpclient.netty.request.NettyRequestSender - Using pooled Channel '[id: 0x78ed976a, L:/127.0.0.1:59782 - R:localhost/127.0.0.1:40971]' for 'POST' to 'http://localhost:40971/session/8d2b16c2266bb28324d0f288a5ec4ed4/execute/sync'
00:49:23.895 [Forwarding isElementDisplayed on session 8d2b16c2266bb28324d0f288a5ec4ed4 to remote] DEBUG org.asynchttpclient.netty.request.NettyRequestSender - Using open Channel [id: 0x78ed976a, L:/127.0.0.1:59782 - R:localhost/127.0.0.1:40971] for POST '/session/8d2b16c2266bb28324d0f288a5ec4ed4/execute/sync'
00:49:23.914 [AsyncHttpClient-1-2] DEBUG org.asynchttpclient.netty.handler.HttpHandler - 

Request DefaultHttpRequest(decodeResult: success, version: HTTP/1.1)
POST /session/8d2b16c2266bb28324d0f288a5ec4ed4/execute/sync HTTP/1.1
User-Agent: selenium/4.7.1 (java windows)
Content-Length: 48780
Content-Type: application/json; charset=utf-8
host: localhost:40971
accept: */*

Response DefaultHttpResponse(decodeResult: success, version: HTTP/1.1)
HTTP/1.1 200 OK
Content-Type: application/json; charset=utf-8
cache-control: no-cache
content-length: 14

00:49:23.915 [AsyncHttpClient-1-2] DEBUG org.asynchttpclient.netty.channel.ChannelManager - Adding key: http://localhost:40971 for channel [id: 0x78ed976a, L:/127.0.0.1:59782 - R:localhost/127.0.0.1:40971]
00:49:23.944 [main] DEBUG net.serenitybdd.core.photography.Darkroom - Opening darkroom
00:49:23.946 [Darkroom Processing Line] DEBUG net.serenitybdd.core.photography.DarkroomProcessingLine - Darkroom processing line starting up
00:49:23.960 [Forwarding getCurrentWindowHandle on session 8d2b16c2266bb28324d0f288a5ec4ed4 to remote] DEBUG org.asynchttpclient.netty.request.NettyRequestSender - Using pooled Channel '[id: 0x78ed976a, L:/127.0.0.1:59782 - R:localhost/127.0.0.1:40971]' for 'GET' to 'http://localhost:40971/session/8d2b16c2266bb28324d0f288a5ec4ed4/window'
00:49:23.960 [Forwarding getCurrentWindowHandle on session 8d2b16c2266bb28324d0f288a5ec4ed4 to remote] DEBUG org.asynchttpclient.netty.request.NettyRequestSender - Using open Channel [id: 0x78ed976a, L:/127.0.0.1:59782 - R:localhost/127.0.0.1:40971] for GET '/session/8d2b16c2266bb28324d0f288a5ec4ed4/window'
00:49:23.962 [AsyncHttpClient-1-2] DEBUG org.asynchttpclient.netty.handler.HttpHandler - 

Request DefaultFullHttpRequest(decodeResult: success, version: HTTP/1.1, content: EmptyByteBufBE)
GET /session/8d2b16c2266bb28324d0f288a5ec4ed4/window HTTP/1.1
User-Agent: selenium/4.7.1 (java windows)
Cache-Control: no-cache
Content-Type: application/json; charset=utf-8
host: localhost:40971
accept: */*

Response DefaultHttpResponse(decodeResult: success, version: HTTP/1.1)
HTTP/1.1 200 OK
Content-Type: application/json; charset=utf-8
cache-control: no-cache
content-length: 44

00:49:23.963 [AsyncHttpClient-1-2] DEBUG org.asynchttpclient.netty.channel.ChannelManager - Adding key: http://localhost:40971 for channel [id: 0x78ed976a, L:/127.0.0.1:59782 - R:localhost/127.0.0.1:40971]
00:49:23.966 [Forwarding getAlertText on session 8d2b16c2266bb28324d0f288a5ec4ed4 to remote] DEBUG org.asynchttpclient.netty.request.NettyRequestSender - Using pooled Channel '[id: 0x78ed976a, L:/127.0.0.1:59782 - R:localhost/127.0.0.1:40971]' for 'GET' to 'http://localhost:40971/session/8d2b16c2266bb28324d0f288a5ec4ed4/alert/text'
00:49:23.967 [Forwarding getAlertText on session 8d2b16c2266bb28324d0f288a5ec4ed4 to remote] DEBUG org.asynchttpclient.netty.request.NettyRequestSender - Using open Channel [id: 0x78ed976a, L:/127.0.0.1:59782 - R:localhost/127.0.0.1:40971] for GET '/session/8d2b16c2266bb28324d0f288a5ec4ed4/alert/text'
00:49:23.969 [AsyncHttpClient-1-2] DEBUG org.asynchttpclient.netty.handler.HttpHandler - 

Request DefaultFullHttpRequest(decodeResult: success, version: HTTP/1.1, content: EmptyByteBufBE)
GET /session/8d2b16c2266bb28324d0f288a5ec4ed4/alert/text HTTP/1.1
User-Agent: selenium/4.7.1 (java windows)
Cache-Control: no-cache
Content-Type: application/json; charset=utf-8
host: localhost:40971
accept: */*

Response DefaultHttpResponse(decodeResult: success, version: HTTP/1.1)
HTTP/1.1 404 Not Found
Content-Type: application/json; charset=utf-8
cache-control: no-cache
content-length: 849

00:49:23.970 [AsyncHttpClient-1-2] DEBUG org.asynchttpclient.netty.channel.ChannelManager - Adding key: http://localhost:40971 for channel [id: 0x78ed976a, L:/127.0.0.1:59782 - R:localhost/127.0.0.1:40971]
00:49:23.981 [Forwarding switchToWindow on session 8d2b16c2266bb28324d0f288a5ec4ed4 to remote] DEBUG org.asynchttpclient.netty.request.NettyRequestSender - Using pooled Channel '[id: 0x78ed976a, L:/127.0.0.1:59782 - R:localhost/127.0.0.1:40971]' for 'POST' to 'http://localhost:40971/session/8d2b16c2266bb28324d0f288a5ec4ed4/window'
00:49:23.982 [Forwarding switchToWindow on session 8d2b16c2266bb28324d0f288a5ec4ed4 to remote] DEBUG org.asynchttpclient.netty.request.NettyRequestSender - Using open Channel [id: 0x78ed976a, L:/127.0.0.1:59782 - R:localhost/127.0.0.1:40971] for POST '/session/8d2b16c2266bb28324d0f288a5ec4ed4/window'
00:49:23.985 [AsyncHttpClient-1-2] DEBUG org.asynchttpclient.netty.handler.HttpHandler - 

Request DefaultHttpRequest(decodeResult: success, version: HTTP/1.1)
POST /session/8d2b16c2266bb28324d0f288a5ec4ed4/window HTTP/1.1
User-Agent: selenium/4.7.1 (java windows)
Content-Length: 50
Content-Type: application/json; charset=utf-8
host: localhost:40971
accept: */*

Response DefaultHttpResponse(decodeResult: success, version: HTTP/1.1)
HTTP/1.1 200 OK
Content-Type: application/json; charset=utf-8
cache-control: no-cache
content-length: 14

00:49:23.986 [AsyncHttpClient-1-2] DEBUG org.asynchttpclient.netty.channel.ChannelManager - Adding key: http://localhost:40971 for channel [id: 0x78ed976a, L:/127.0.0.1:59782 - R:localhost/127.0.0.1:40971]
00:49:23.988 [Forwarding getCurrentUrl on session 8d2b16c2266bb28324d0f288a5ec4ed4 to remote] DEBUG org.asynchttpclient.netty.request.NettyRequestSender - Using pooled Channel '[id: 0x78ed976a, L:/127.0.0.1:59782 - R:localhost/127.0.0.1:40971]' for 'GET' to 'http://localhost:40971/session/8d2b16c2266bb28324d0f288a5ec4ed4/url'
00:49:23.988 [Forwarding getCurrentUrl on session 8d2b16c2266bb28324d0f288a5ec4ed4 to remote] DEBUG org.asynchttpclient.netty.request.NettyRequestSender - Using open Channel [id: 0x78ed976a, L:/127.0.0.1:59782 - R:localhost/127.0.0.1:40971] for GET '/session/8d2b16c2266bb28324d0f288a5ec4ed4/url'
00:49:23.999 [AsyncHttpClient-1-2] DEBUG org.asynchttpclient.netty.handler.HttpHandler - 

Request DefaultFullHttpRequest(decodeResult: success, version: HTTP/1.1, content: EmptyByteBufBE)
GET /session/8d2b16c2266bb28324d0f288a5ec4ed4/url HTTP/1.1
User-Agent: selenium/4.7.1 (java windows)
Cache-Control: no-cache
Content-Type: application/json; charset=utf-8
host: localhost:40971
accept: */*

Response DefaultHttpResponse(decodeResult: success, version: HTTP/1.1)
HTTP/1.1 200 OK
Content-Type: application/json; charset=utf-8
cache-control: no-cache
content-length: 41

00:49:24.000 [AsyncHttpClient-1-2] DEBUG org.asynchttpclient.netty.channel.ChannelManager - Adding key: http://localhost:40971 for channel [id: 0x78ed976a, L:/127.0.0.1:59782 - R:localhost/127.0.0.1:40971]
00:49:24.005 [Forwarding screenshot on session 8d2b16c2266bb28324d0f288a5ec4ed4 to remote] DEBUG org.asynchttpclient.netty.request.NettyRequestSender - Using pooled Channel '[id: 0x78ed976a, L:/127.0.0.1:59782 - R:localhost/127.0.0.1:40971]' for 'GET' to 'http://localhost:40971/session/8d2b16c2266bb28324d0f288a5ec4ed4/screenshot'
00:49:24.005 [Forwarding screenshot on session 8d2b16c2266bb28324d0f288a5ec4ed4 to remote] DEBUG org.asynchttpclient.netty.request.NettyRequestSender - Using open Channel [id: 0x78ed976a, L:/127.0.0.1:59782 - R:localhost/127.0.0.1:40971] for GET '/session/8d2b16c2266bb28324d0f288a5ec4ed4/screenshot'
00:49:24.162 [AsyncHttpClient-1-2] DEBUG org.asynchttpclient.netty.handler.HttpHandler - 

Request DefaultFullHttpRequest(decodeResult: success, version: HTTP/1.1, content: EmptyByteBufBE)
GET /session/8d2b16c2266bb28324d0f288a5ec4ed4/screenshot HTTP/1.1
User-Agent: selenium/4.7.1 (java windows)
Cache-Control: no-cache
Content-Type: application/json; charset=utf-8
host: localhost:40971
accept: */*

Response DefaultHttpResponse(decodeResult: success, version: HTTP/1.1)
HTTP/1.1 200 OK
Content-Type: application/json; charset=utf-8
cache-control: no-cache
content-length: 32112

00:49:24.164 [AsyncHttpClient-1-2] DEBUG org.asynchttpclient.netty.channel.ChannelManager - Adding key: http://localhost:40971 for channel [id: 0x78ed976a, L:/127.0.0.1:59782 - R:localhost/127.0.0.1:40971]
00:49:24.310 [main] DEBUG net.serenitybdd.core.photography.Darkroom - Send negative for processing for target\site\serenity\fd42544e0accf442952f6f5918ab6a230a16fa72db26d693ff8de606c82bba21.png
00:49:24.311 [Darkroom Processing Line] DEBUG net.serenitybdd.core.photography.DarkroomProcessingLine - Processing screenshot image in /var/screenshots/screenshot-1632741887588010721
00:49:24.312 [Darkroom Processing Line] DEBUG net.serenitybdd.core.photography.DarkroomProcessingLine - Saving screenshot to target\site\serenity\fd42544e0accf442952f6f5918ab6a230a16fa72db26d693ff8de606c82bba21.png
00:49:24.318 [main] DEBUG net.thucydides.core.steps.StepInterceptor - STEP DONE: diHomepageAltaShop
  &amp#27;[32mGiven &amp#27;[0m&amp#27;[32muser berada di Homepage AltaShop&amp#27;[0m                       &amp#27;[90m# starter.stepdefinitions.LoginRegisterSteps.userBeradaDiHomepageAlta()&amp#27;[0m
00:49:24.348 [main] DEBUG net.thucydides.core.steps.StepInterceptor - STARTING STEP: LoginRegisterSteps.userKlikButtonLogin - klikButtonLogin
00:49:24.364 [Forwarding findElement on session 8d2b16c2266bb28324d0f288a5ec4ed4 to remote] DEBUG org.asynchttpclient.netty.request.NettyRequestSender - Using pooled Channel '[id: 0x78ed976a, L:/127.0.0.1:59782 - R:localhost/127.0.0.1:40971]' for 'POST' to 'http://localhost:40971/session/8d2b16c2266bb28324d0f288a5ec4ed4/element'
00:49:24.364 [Forwarding findElement on session 8d2b16c2266bb28324d0f288a5ec4ed4 to remote] DEBUG org.asynchttpclient.netty.request.NettyRequestSender - Using open Channel [id: 0x78ed976a, L:/127.0.0.1:59782 - R:localhost/127.0.0.1:40971] for POST '/session/8d2b16c2266bb28324d0f288a5ec4ed4/element'
00:49:24.839 [AsyncHttpClient-1-1] DEBUG org.asynchttpclient.netty.channel.DefaultChannelPool - Entry count for : http://localhost:59783 : 1
00:49:25.939 [AsyncHttpClient-1-1] DEBUG org.asynchttpclient.netty.channel.DefaultChannelPool - Entry count for : http://localhost:59783 : 1
00:49:26.708 [AsyncHttpClient-1-2] DEBUG org.asynchttpclient.netty.handler.HttpHandler - 

Request DefaultHttpRequest(decodeResult: success, version: HTTP/1.1)
POST /session/8d2b16c2266bb28324d0f288a5ec4ed4/element HTTP/1.1
User-Agent: selenium/4.7.1 (java windows)
Content-Length: 108
Content-Type: application/json; charset=utf-8
host: localhost:40971
accept: */*

Response DefaultHttpResponse(decodeResult: success, version: HTTP/1.1)
HTTP/1.1 200 OK
Content-Type: application/json; charset=utf-8
cache-control: no-cache
content-length: 88

00:49:26.709 [AsyncHttpClient-1-2] DEBUG org.asynchttpclient.netty.channel.ChannelManager - Adding key: http://localhost:40971 for channel [id: 0x78ed976a, L:/127.0.0.1:59782 - R:localhost/127.0.0.1:40971]
00:49:26.711 [Forwarding getElementTagName on session 8d2b16c2266bb28324d0f288a5ec4ed4 to remote] DEBUG org.asynchttpclient.netty.request.NettyRequestSender - Using pooled Channel '[id: 0x78ed976a, L:/127.0.0.1:59782 - R:localhost/127.0.0.1:40971]' for 'GET' to 'http://localhost:40971/session/8d2b16c2266bb28324d0f288a5ec4ed4/element/ec342138-d4a1-47e0-a4a1-ecff3ff5b1b0/name'
00:49:26.712 [Forwarding getElementTagName on session 8d2b16c2266bb28324d0f288a5ec4ed4 to remote] DEBUG org.asynchttpclient.netty.request.NettyRequestSender - Using open Channel [id: 0x78ed976a, L:/127.0.0.1:59782 - R:localhost/127.0.0.1:40971] for GET '/session/8d2b16c2266bb28324d0f288a5ec4ed4/element/ec342138-d4a1-47e0-a4a1-ecff3ff5b1b0/name'
00:49:26.718 [AsyncHttpClient-1-2] DEBUG org.asynchttpclient.netty.handler.HttpHandler - 

Request DefaultFullHttpRequest(decodeResult: success, version: HTTP/1.1, content: EmptyByteBufBE)
GET /session/8d2b16c2266bb28324d0f288a5ec4ed4/element/ec342138-d4a1-47e0-a4a1-ecff3ff5b1b0/name HTTP/1.1
User-Agent: selenium/4.7.1 (java windows)
Cache-Control: no-cache
Content-Type: application/json; charset=utf-8
host: localhost:40971
accept: */*

Response DefaultHttpResponse(decodeResult: success, version: HTTP/1.1)
HTTP/1.1 200 OK
Content-Type: application/json; charset=utf-8
cache-control: no-cache
content-length: 18

00:49:26.719 [AsyncHttpClient-1-2] DEBUG org.asynchttpclient.netty.channel.ChannelManager - Adding key: http://localhost:40971 for channel [id: 0x78ed976a, L:/127.0.0.1:59782 - R:localhost/127.0.0.1:40971]
00:49:26.721 [Forwarding getElementTagName on session 8d2b16c2266bb28324d0f288a5ec4ed4 to remote] DEBUG org.asynchttpclient.netty.request.NettyRequestSender - Using pooled Channel '[id: 0x78ed976a, L:/127.0.0.1:59782 - R:localhost/127.0.0.1:40971]' for 'GET' to 'http://localhost:40971/session/8d2b16c2266bb28324d0f288a5ec4ed4/element/ec342138-d4a1-47e0-a4a1-ecff3ff5b1b0/name'
00:49:26.721 [Forwarding getElementTagName on session 8d2b16c2266bb28324d0f288a5ec4ed4 to remote] DEBUG org.asynchttpclient.netty.request.NettyRequestSender - Using open Channel [id: 0x78ed976a, L:/127.0.0.1:59782 - R:localhost/127.0.0.1:40971] for GET '/session/8d2b16c2266bb28324d0f288a5ec4ed4/element/ec342138-d4a1-47e0-a4a1-ecff3ff5b1b0/name'
00:49:26.723 [AsyncHttpClient-1-2] DEBUG org.asynchttpclient.netty.handler.HttpHandler - 

Request DefaultFullHttpRequest(decodeResult: success, version: HTTP/1.1, content: EmptyByteBufBE)
GET /session/8d2b16c2266bb28324d0f288a5ec4ed4/element/ec342138-d4a1-47e0-a4a1-ecff3ff5b1b0/name HTTP/1.1
User-Agent: selenium/4.7.1 (java windows)
Cache-Control: no-cache
Content-Type: application/json; charset=utf-8
host: localhost:40971
accept: */*

Response DefaultHttpResponse(decodeResult: success, version: HTTP/1.1)
HTTP/1.1 200 OK
Content-Type: application/json; charset=utf-8
cache-control: no-cache
content-length: 18

00:49:26.723 [AsyncHttpClient-1-2] DEBUG org.asynchttpclient.netty.channel.ChannelManager - Adding key: http://localhost:40971 for channel [id: 0x78ed976a, L:/127.0.0.1:59782 - R:localhost/127.0.0.1:40971]
00:49:26.723 [Forwarding isElementEnabled on session 8d2b16c2266bb28324d0f288a5ec4ed4 to remote] DEBUG org.asynchttpclient.netty.request.NettyRequestSender - Using pooled Channel '[id: 0x78ed976a, L:/127.0.0.1:59782 - R:localhost/127.0.0.1:40971]' for 'GET' to 'http://localhost:40971/session/8d2b16c2266bb28324d0f288a5ec4ed4/element/ec342138-d4a1-47e0-a4a1-ecff3ff5b1b0/enabled'
00:49:26.723 [Forwarding isElementEnabled on session 8d2b16c2266bb28324d0f288a5ec4ed4 to remote] DEBUG org.asynchttpclient.netty.request.NettyRequestSender - Using open Channel [id: 0x78ed976a, L:/127.0.0.1:59782 - R:localhost/127.0.0.1:40971] for GET '/session/8d2b16c2266bb28324d0f288a5ec4ed4/element/ec342138-d4a1-47e0-a4a1-ecff3ff5b1b0/enabled'
00:49:26.739 [AsyncHttpClient-1-2] DEBUG org.asynchttpclient.netty.handler.HttpHandler - 

Request DefaultFullHttpRequest(decodeResult: success, version: HTTP/1.1, content: EmptyByteBufBE)
GET /session/8d2b16c2266bb28324d0f288a5ec4ed4/element/ec342138-d4a1-47e0-a4a1-ecff3ff5b1b0/enabled HTTP/1.1
User-Agent: selenium/4.7.1 (java windows)
Cache-Control: no-cache
Content-Type: application/json; charset=utf-8
host: localhost:40971
accept: */*

Response DefaultHttpResponse(decodeResult: success, version: HTTP/1.1)
HTTP/1.1 200 OK
Content-Type: application/json; charset=utf-8
cache-control: no-cache
content-length: 14

00:49:26.739 [AsyncHttpClient-1-2] DEBUG org.asynchttpclient.netty.channel.ChannelManager - Adding key: http://localhost:40971 for channel [id: 0x78ed976a, L:/127.0.0.1:59782 - R:localhost/127.0.0.1:40971]
00:49:26.739 [Forwarding isElementEnabled on session 8d2b16c2266bb28324d0f288a5ec4ed4 to remote] DEBUG org.asynchttpclient.netty.request.NettyRequestSender - Using pooled Channel '[id: 0x78ed976a, L:/127.0.0.1:59782 - R:localhost/127.0.0.1:40971]' for 'GET' to 'http://localhost:40971/session/8d2b16c2266bb28324d0f288a5ec4ed4/element/ec342138-d4a1-47e0-a4a1-ecff3ff5b1b0/enabled'
00:49:26.739 [Forwarding isElementEnabled on session 8d2b16c2266bb28324d0f288a5ec4ed4 to remote] DEBUG org.asynchttpclient.netty.request.NettyRequestSender - Using open Channel [id: 0x78ed976a, L:/127.0.0.1:59782 - R:localhost/127.0.0.1:40971] for GET '/session/8d2b16c2266bb28324d0f288a5ec4ed4/element/ec342138-d4a1-47e0-a4a1-ecff3ff5b1b0/enabled'
00:49:26.739 [AsyncHttpClient-1-2] DEBUG org.asynchttpclient.netty.handler.HttpHandler - 

Request DefaultFullHttpRequest(decodeResult: success, version: HTTP/1.1, content: EmptyByteBufBE)
GET /session/8d2b16c2266bb28324d0f288a5ec4ed4/element/ec342138-d4a1-47e0-a4a1-ecff3ff5b1b0/enabled HTTP/1.1
User-Agent: selenium/4.7.1 (java windows)
Cache-Control: no-cache
Content-Type: application/json; charset=utf-8
host: localhost:40971
accept: */*

Response DefaultHttpResponse(decodeResult: success, version: HTTP/1.1)
HTTP/1.1 200 OK
Content-Type: application/json; charset=utf-8
cache-control: no-cache
content-length: 14

00:49:26.739 [AsyncHttpClient-1-2] DEBUG org.asynchttpclient.netty.channel.ChannelManager - Adding key: http://localhost:40971 for channel [id: 0x78ed976a, L:/127.0.0.1:59782 - R:localhost/127.0.0.1:40971]
00:49:26.739 [Forwarding findElement on session 8d2b16c2266bb28324d0f288a5ec4ed4 to remote] DEBUG org.asynchttpclient.netty.request.NettyRequestSender - Using pooled Channel '[id: 0x78ed976a, L:/127.0.0.1:59782 - R:localhost/127.0.0.1:40971]' for 'POST' to 'http://localhost:40971/session/8d2b16c2266bb28324d0f288a5ec4ed4/element'
00:49:26.739 [Forwarding findElement on session 8d2b16c2266bb28324d0f288a5ec4ed4 to remote] DEBUG org.asynchttpclient.netty.request.NettyRequestSender - Using open Channel [id: 0x78ed976a, L:/127.0.0.1:59782 - R:localhost/127.0.0.1:40971] for POST '/session/8d2b16c2266bb28324d0f288a5ec4ed4/element'
00:49:26.770 [AsyncHttpClient-1-2] DEBUG org.asynchttpclient.netty.handler.HttpHandler - 

Request DefaultHttpRequest(decodeResult: success, version: HTTP/1.1)
POST /session/8d2b16c2266bb28324d0f288a5ec4ed4/element HTTP/1.1
User-Agent: selenium/4.7.1 (java windows)
Content-Length: 108
Content-Type: application/json; charset=utf-8
host: localhost:40971
accept: */*

Response DefaultHttpResponse(decodeResult: success, version: HTTP/1.1)
HTTP/1.1 200 OK
Content-Type: application/json; charset=utf-8
cache-control: no-cache
content-length: 88

00:49:26.770 [AsyncHttpClient-1-2] DEBUG org.asynchttpclient.netty.channel.ChannelManager - Adding key: http://localhost:40971 for channel [id: 0x78ed976a, L:/127.0.0.1:59782 - R:localhost/127.0.0.1:40971]
00:49:26.770 [Forwarding clickElement on session 8d2b16c2266bb28324d0f288a5ec4ed4 to remote] DEBUG org.asynchttpclient.netty.request.NettyRequestSender - Using pooled Channel '[id: 0x78ed976a, L:/127.0.0.1:59782 - R:localhost/127.0.0.1:40971]' for 'POST' to 'http://localhost:40971/session/8d2b16c2266bb28324d0f288a5ec4ed4/element/ec342138-d4a1-47e0-a4a1-ecff3ff5b1b0/click'
00:49:26.770 [Forwarding clickElement on session 8d2b16c2266bb28324d0f288a5ec4ed4 to remote] DEBUG org.asynchttpclient.netty.request.NettyRequestSender - Using open Channel [id: 0x78ed976a, L:/127.0.0.1:59782 - R:localhost/127.0.0.1:40971] for POST '/session/8d2b16c2266bb28324d0f288a5ec4ed4/element/ec342138-d4a1-47e0-a4a1-ecff3ff5b1b0/click'
00:49:26.835 [AsyncHttpClient-1-2] DEBUG org.asynchttpclient.netty.handler.HttpHandler - 

Request DefaultHttpRequest(decodeResult: success, version: HTTP/1.1)
POST /session/8d2b16c2266bb28324d0f288a5ec4ed4/element/ec342138-d4a1-47e0-a4a1-ecff3ff5b1b0/click HTTP/1.1
User-Agent: selenium/4.7.1 (java windows)
Content-Length: 50
Content-Type: application/json; charset=utf-8
host: localhost:40971
accept: */*

Response DefaultHttpResponse(decodeResult: success, version: HTTP/1.1)
HTTP/1.1 200 OK
Content-Type: application/json; charset=utf-8
cache-control: no-cache
content-length: 14

00:49:26.835 [AsyncHttpClient-1-2] DEBUG org.asynchttpclient.netty.channel.ChannelManager - Adding key: http://localhost:40971 for channel [id: 0x78ed976a, L:/127.0.0.1:59782 - R:localhost/127.0.0.1:40971]
00:49:26.850 [Forwarding getCurrentWindowHandle on session 8d2b16c2266bb28324d0f288a5ec4ed4 to remote] DEBUG org.asynchttpclient.netty.request.NettyRequestSender - Using pooled Channel '[id: 0x78ed976a, L:/127.0.0.1:59782 - R:localhost/127.0.0.1:40971]' for 'GET' to 'http://localhost:40971/session/8d2b16c2266bb28324d0f288a5ec4ed4/window'
00:49:26.851 [Forwarding getCurrentWindowHandle on session 8d2b16c2266bb28324d0f288a5ec4ed4 to remote] DEBUG org.asynchttpclient.netty.request.NettyRequestSender - Using open Channel [id: 0x78ed976a, L:/127.0.0.1:59782 - R:localhost/127.0.0.1:40971] for GET '/session/8d2b16c2266bb28324d0f288a5ec4ed4/window'
00:49:26.852 [AsyncHttpClient-1-2] DEBUG org.asynchttpclient.netty.handler.HttpHandler - 

Request DefaultFullHttpRequest(decodeResult: success, version: HTTP/1.1, content: EmptyByteBufBE)
GET /session/8d2b16c2266bb28324d0f288a5ec4ed4/window HTTP/1.1
User-Agent: selenium/4.7.1 (java windows)
Cache-Control: no-cache
Content-Type: application/json; charset=utf-8
host: localhost:40971
accept: */*

Response DefaultHttpResponse(decodeResult: success, version: HTTP/1.1)
HTTP/1.1 200 OK
Content-Type: application/json; charset=utf-8
cache-control: no-cache
content-length: 44

00:49:26.853 [AsyncHttpClient-1-2] DEBUG org.asynchttpclient.netty.channel.ChannelManager - Adding key: http://localhost:40971 for channel [id: 0x78ed976a, L:/127.0.0.1:59782 - R:localhost/127.0.0.1:40971]
00:49:26.857 [Forwarding getAlertText on session 8d2b16c2266bb28324d0f288a5ec4ed4 to remote] DEBUG org.asynchttpclient.netty.request.NettyRequestSender - Using pooled Channel '[id: 0x78ed976a, L:/127.0.0.1:59782 - R:localhost/127.0.0.1:40971]' for 'GET' to 'http://localhost:40971/session/8d2b16c2266bb28324d0f288a5ec4ed4/alert/text'
00:49:26.857 [Forwarding getAlertText on session 8d2b16c2266bb28324d0f288a5ec4ed4 to remote] DEBUG org.asynchttpclient.netty.request.NettyRequestSender - Using open Channel [id: 0x78ed976a, L:/127.0.0.1:59782 - R:localhost/127.0.0.1:40971] for GET '/session/8d2b16c2266bb28324d0f288a5ec4ed4/alert/text'
00:49:27.041 [AsyncHttpClient-1-1] DEBUG org.asynchttpclient.netty.channel.DefaultChannelPool - Entry count for : http://localhost:59783 : 1
00:49:27.084 [AsyncHttpClient-1-2] DEBUG org.asynchttpclient.netty.handler.HttpHandler - 

Request DefaultFullHttpRequest(decodeResult: success, version: HTTP/1.1, content: EmptyByteBufBE)
GET /session/8d2b16c2266bb28324d0f288a5ec4ed4/alert/text HTTP/1.1
User-Agent: selenium/4.7.1 (java windows)
Cache-Control: no-cache
Content-Type: application/json; charset=utf-8
host: localhost:40971
accept: */*

Response DefaultHttpResponse(decodeResult: success, version: HTTP/1.1)
HTTP/1.1 404 Not Found
Content-Type: application/json; charset=utf-8
cache-control: no-cache
content-length: 849

00:49:27.085 [AsyncHttpClient-1-2] DEBUG org.asynchttpclient.netty.channel.ChannelManager - Adding key: http://localhost:40971 for channel [id: 0x78ed976a, L:/127.0.0.1:59782 - R:localhost/127.0.0.1:40971]
00:49:27.088 [Forwarding switchToWindow on session 8d2b16c2266bb28324d0f288a5ec4ed4 to remote] DEBUG org.asynchttpclient.netty.request.NettyRequestSender - Using pooled Channel '[id: 0x78ed976a, L:/127.0.0.1:59782 - R:localhost/127.0.0.1:40971]' for 'POST' to 'http://localhost:40971/session/8d2b16c2266bb28324d0f288a5ec4ed4/window'
00:49:27.088 [Forwarding switchToWindow on session 8d2b16c2266bb28324d0f288a5ec4ed4 to remote] DEBUG org.asynchttpclient.netty.request.NettyRequestSender - Using open Channel [id: 0x78ed976a, L:/127.0.0.1:59782 - R:localhost/127.0.0.1:40971] for POST '/session/8d2b16c2266bb28324d0f288a5ec4ed4/window'
00:49:27.092 [AsyncHttpClient-1-2] DEBUG org.asynchttpclient.netty.handler.HttpHandler - 

Request DefaultHttpRequest(decodeResult: success, version: HTTP/1.1)
POST /session/8d2b16c2266bb28324d0f288a5ec4ed4/window HTTP/1.1
User-Agent: selenium/4.7.1 (java windows)
Content-Length: 50
Content-Type: application/json; charset=utf-8
host: localhost:40971
accept: */*

Response DefaultHttpResponse(decodeResult: success, version: HTTP/1.1)
HTTP/1.1 200 OK
Content-Type: application/json; charset=utf-8
cache-control: no-cache
content-length: 14

00:49:27.092 [AsyncHttpClient-1-2] DEBUG org.asynchttpclient.netty.channel.ChannelManager - Adding key: http://localhost:40971 for channel [id: 0x78ed976a, L:/127.0.0.1:59782 - R:localhost/127.0.0.1:40971]
00:49:27.094 [Forwarding getCurrentUrl on session 8d2b16c2266bb28324d0f288a5ec4ed4 to remote] DEBUG org.asynchttpclient.netty.request.NettyRequestSender - Using pooled Channel '[id: 0x78ed976a, L:/127.0.0.1:59782 - R:localhost/127.0.0.1:40971]' for 'GET' to 'http://localhost:40971/session/8d2b16c2266bb28324d0f288a5ec4ed4/url'
00:49:27.094 [Forwarding getCurrentUrl on session 8d2b16c2266bb28324d0f288a5ec4ed4 to remote] DEBUG org.asynchttpclient.netty.request.NettyRequestSender - Using open Channel [id: 0x78ed976a, L:/127.0.0.1:59782 - R:localhost/127.0.0.1:40971] for GET '/session/8d2b16c2266bb28324d0f288a5ec4ed4/url'
00:49:27.098 [AsyncHttpClient-1-2] DEBUG org.asynchttpclient.netty.handler.HttpHandler - 

Request DefaultFullHttpRequest(decodeResult: success, version: HTTP/1.1, content: EmptyByteBufBE)
GET /session/8d2b16c2266bb28324d0f288a5ec4ed4/url HTTP/1.1
User-Agent: selenium/4.7.1 (java windows)
Cache-Control: no-cache
Content-Type: application/json; charset=utf-8
host: localhost:40971
accept: */*

Response DefaultHttpResponse(decodeResult: success, version: HTTP/1.1)
HTTP/1.1 200 OK
Content-Type: application/json; charset=utf-8
cache-control: no-cache
content-length: 51

00:49:27.099 [AsyncHttpClient-1-2] DEBUG org.asynchttpclient.netty.channel.ChannelManager - Adding key: http://localhost:40971 for channel [id: 0x78ed976a, L:/127.0.0.1:59782 - R:localhost/127.0.0.1:40971]
00:49:27.100 [Forwarding screenshot on session 8d2b16c2266bb28324d0f288a5ec4ed4 to remote] DEBUG org.asynchttpclient.netty.request.NettyRequestSender - Using pooled Channel '[id: 0x78ed976a, L:/127.0.0.1:59782 - R:localhost/127.0.0.1:40971]' for 'GET' to 'http://localhost:40971/session/8d2b16c2266bb28324d0f288a5ec4ed4/screenshot'
00:49:27.100 [Forwarding screenshot on session 8d2b16c2266bb28324d0f288a5ec4ed4 to remote] DEBUG org.asynchttpclient.netty.request.NettyRequestSender - Using open Channel [id: 0x78ed976a, L:/127.0.0.1:59782 - R:localhost/127.0.0.1:40971] for GET '/session/8d2b16c2266bb28324d0f288a5ec4ed4/screenshot'
00:49:27.175 [AsyncHttpClient-1-2] DEBUG org.asynchttpclient.netty.handler.HttpHandler - 

Request DefaultFullHttpRequest(decodeResult: success, version: HTTP/1.1, content: EmptyByteBufBE)
GET /session/8d2b16c2266bb28324d0f288a5ec4ed4/screenshot HTTP/1.1
User-Agent: selenium/4.7.1 (java windows)
Cache-Control: no-cache
Content-Type: application/json; charset=utf-8
host: localhost:40971
accept: */*

Response DefaultHttpResponse(decodeResult: success, version: HTTP/1.1)
HTTP/1.1 200 OK
Content-Type: application/json; charset=utf-8
cache-control: no-cache
content-length: 26172

00:49:27.176 [AsyncHttpClient-1-2] DEBUG org.asynchttpclient.netty.channel.ChannelManager - Adding key: http://localhost:40971 for channel [id: 0x78ed976a, L:/127.0.0.1:59782 - R:localhost/127.0.0.1:40971]
00:49:27.178 [main] DEBUG net.serenitybdd.core.photography.Darkroom - Send negative for processing for target\site\serenity\f035198f28bcaf95684f4b1a3b9e5d031fc0873bb044f55c4913aef571773aa0.png
00:49:27.179 [Darkroom Processing Line] DEBUG net.serenitybdd.core.photography.DarkroomProcessingLine - Processing screenshot image in /var/screenshots/screenshot-13138433267605439781
00:49:27.179 [main] DEBUG net.thucydides.core.steps.StepInterceptor - STEP DONE: klikButtonLogin
00:49:27.179 [Darkroom Processing Line] DEBUG net.serenitybdd.core.photography.DarkroomProcessingLine - Saving screenshot to target\site\serenity\f035198f28bcaf95684f4b1a3b9e5d031fc0873bb044f55c4913aef571773aa0.png
  &amp#27;[32mWhen &amp#27;[0m&amp#27;[32muser klik button login&amp#27;[0m                                  &amp#27;[90m# starter.stepdefinitions.LoginRegisterSteps.userKlikButtonLogin()&amp#27;[0m
00:49:27.204 [main] DEBUG net.thucydides.core.steps.StepInterceptor - STARTING STEP: LoginRegisterSteps.userInputEmail - inputEmail
00:49:27.209 [Forwarding findElement on session 8d2b16c2266bb28324d0f288a5ec4ed4 to remote] DEBUG org.asynchttpclient.netty.request.NettyRequestSender - Using pooled Channel '[id: 0x78ed976a, L:/127.0.0.1:59782 - R:localhost/127.0.0.1:40971]' for 'POST' to 'http://localhost:40971/session/8d2b16c2266bb28324d0f288a5ec4ed4/element'
00:49:27.209 [Forwarding findElement on session 8d2b16c2266bb28324d0f288a5ec4ed4 to remote] DEBUG org.asynchttpclient.netty.request.NettyRequestSender - Using open Channel [id: 0x78ed976a, L:/127.0.0.1:59782 - R:localhost/127.0.0.1:40971] for POST '/session/8d2b16c2266bb28324d0f288a5ec4ed4/element'
00:49:27.225 [AsyncHttpClient-1-2] DEBUG org.asynchttpclient.netty.handler.HttpHandler - 

Request DefaultHttpRequest(decodeResult: success, version: HTTP/1.1)
POST /session/8d2b16c2266bb28324d0f288a5ec4ed4/element HTTP/1.1
User-Agent: selenium/4.7.1 (java windows)
Content-Length: 187
Content-Type: application/json; charset=utf-8
host: localhost:40971
accept: */*

Response DefaultHttpResponse(decodeResult: success, version: HTTP/1.1)
HTTP/1.1 200 OK
Content-Type: application/json; charset=utf-8
cache-control: no-cache
content-length: 88

00:49:27.226 [AsyncHttpClient-1-2] DEBUG org.asynchttpclient.netty.channel.ChannelManager - Adding key: http://localhost:40971 for channel [id: 0x78ed976a, L:/127.0.0.1:59782 - R:localhost/127.0.0.1:40971]
00:49:27.228 [Forwarding clearElement on session 8d2b16c2266bb28324d0f288a5ec4ed4 to remote] DEBUG org.asynchttpclient.netty.request.NettyRequestSender - Using pooled Channel '[id: 0x78ed976a, L:/127.0.0.1:59782 - R:localhost/127.0.0.1:40971]' for 'POST' to 'http://localhost:40971/session/8d2b16c2266bb28324d0f288a5ec4ed4/element/4a57707e-0fb9-4db8-8e4a-f74b079d6cb3/clear'
00:49:27.228 [Forwarding clearElement on session 8d2b16c2266bb28324d0f288a5ec4ed4 to remote] DEBUG org.asynchttpclient.netty.request.NettyRequestSender - Using open Channel [id: 0x78ed976a, L:/127.0.0.1:59782 - R:localhost/127.0.0.1:40971] for POST '/session/8d2b16c2266bb28324d0f288a5ec4ed4/element/4a57707e-0fb9-4db8-8e4a-f74b079d6cb3/clear'
00:49:27.265 [AsyncHttpClient-1-2] DEBUG org.asynchttpclient.netty.handler.HttpHandler - 

Request DefaultHttpRequest(decodeResult: success, version: HTTP/1.1)
POST /session/8d2b16c2266bb28324d0f288a5ec4ed4/element/4a57707e-0fb9-4db8-8e4a-f74b079d6cb3/clear HTTP/1.1
User-Agent: selenium/4.7.1 (java windows)
Content-Length: 50
Content-Type: application/json; charset=utf-8
host: localhost:40971
accept: */*

Response DefaultHttpResponse(decodeResult: success, version: HTTP/1.1)
HTTP/1.1 200 OK
Content-Type: application/json; charset=utf-8
cache-control: no-cache
content-length: 14

00:49:27.265 [AsyncHttpClient-1-2] DEBUG org.asynchttpclient.netty.channel.ChannelManager - Adding key: http://localhost:40971 for channel [id: 0x78ed976a, L:/127.0.0.1:59782 - R:localhost/127.0.0.1:40971]
00:49:27.271 [Forwarding sendKeysToElement on session 8d2b16c2266bb28324d0f288a5ec4ed4 to remote] DEBUG org.asynchttpclient.netty.request.NettyRequestSender - Using pooled Channel '[id: 0x78ed976a, L:/127.0.0.1:59782 - R:localhost/127.0.0.1:40971]' for 'POST' to 'http://localhost:40971/session/8d2b16c2266bb28324d0f288a5ec4ed4/element/4a57707e-0fb9-4db8-8e4a-f74b079d6cb3/value'
00:49:27.271 [Forwarding sendKeysToElement on session 8d2b16c2266bb28324d0f288a5ec4ed4 to remote] DEBUG org.asynchttpclient.netty.request.NettyRequestSender - Using open Channel [id: 0x78ed976a, L:/127.0.0.1:59782 - R:localhost/127.0.0.1:40971] for POST '/session/8d2b16c2266bb28324d0f288a5ec4ed4/element/4a57707e-0fb9-4db8-8e4a-f74b079d6cb3/value'
00:49:27.617 [AsyncHttpClient-1-2] DEBUG org.asynchttpclient.netty.handler.HttpHandler - 

Request DefaultHttpRequest(decodeResult: success, version: HTTP/1.1)
POST /session/8d2b16c2266bb28324d0f288a5ec4ed4/element/4a57707e-0fb9-4db8-8e4a-f74b079d6cb3/value HTTP/1.1
User-Agent: selenium/4.7.1 (java windows)
Content-Length: 361
Content-Type: application/json; charset=utf-8
host: localhost:40971
accept: */*

Response DefaultHttpResponse(decodeResult: success, version: HTTP/1.1)
HTTP/1.1 200 OK
Content-Type: application/json; charset=utf-8
cache-control: no-cache
content-length: 14

00:49:27.618 [AsyncHttpClient-1-2] DEBUG org.asynchttpclient.netty.channel.ChannelManager - Adding key: http://localhost:40971 for channel [id: 0x78ed976a, L:/127.0.0.1:59782 - R:localhost/127.0.0.1:40971]
00:49:27.628 [Forwarding getCurrentWindowHandle on session 8d2b16c2266bb28324d0f288a5ec4ed4 to remote] DEBUG org.asynchttpclient.netty.request.NettyRequestSender - Using pooled Channel '[id: 0x78ed976a, L:/127.0.0.1:59782 - R:localhost/127.0.0.1:40971]' for 'GET' to 'http://localhost:40971/session/8d2b16c2266bb28324d0f288a5ec4ed4/window'
00:49:27.628 [Forwarding getCurrentWindowHandle on session 8d2b16c2266bb28324d0f288a5ec4ed4 to remote] DEBUG org.asynchttpclient.netty.request.NettyRequestSender - Using open Channel [id: 0x78ed976a, L:/127.0.0.1:59782 - R:localhost/127.0.0.1:40971] for GET '/session/8d2b16c2266bb28324d0f288a5ec4ed4/window'
00:49:27.632 [AsyncHttpClient-1-2] DEBUG org.asynchttpclient.netty.handler.HttpHandler - 

Request DefaultFullHttpRequest(decodeResult: success, version: HTTP/1.1, content: EmptyByteBufBE)
GET /session/8d2b16c2266bb28324d0f288a5ec4ed4/window HTTP/1.1
User-Agent: selenium/4.7.1 (java windows)
Cache-Control: no-cache
Content-Type: application/json; charset=utf-8
host: localhost:40971
accept: */*

Response DefaultHttpResponse(decodeResult: success, version: HTTP/1.1)
HTTP/1.1 200 OK
Content-Type: application/json; charset=utf-8
cache-control: no-cache
content-length: 44

00:49:27.632 [AsyncHttpClient-1-2] DEBUG org.asynchttpclient.netty.channel.ChannelManager - Adding key: http://localhost:40971 for channel [id: 0x78ed976a, L:/127.0.0.1:59782 - R:localhost/127.0.0.1:40971]
00:49:27.636 [Forwarding getAlertText on session 8d2b16c2266bb28324d0f288a5ec4ed4 to remote] DEBUG org.asynchttpclient.netty.request.NettyRequestSender - Using pooled Channel '[id: 0x78ed976a, L:/127.0.0.1:59782 - R:localhost/127.0.0.1:40971]' for 'GET' to 'http://localhost:40971/session/8d2b16c2266bb28324d0f288a5ec4ed4/alert/text'
00:49:27.636 [Forwarding getAlertText on session 8d2b16c2266bb28324d0f288a5ec4ed4 to remote] DEBUG org.asynchttpclient.netty.request.NettyRequestSender - Using open Channel [id: 0x78ed976a, L:/127.0.0.1:59782 - R:localhost/127.0.0.1:40971] for GET '/session/8d2b16c2266bb28324d0f288a5ec4ed4/alert/text'
00:49:27.638 [AsyncHttpClient-1-2] DEBUG org.asynchttpclient.netty.handler.HttpHandler - 

Request DefaultFullHttpRequest(decodeResult: success, version: HTTP/1.1, content: EmptyByteBufBE)
GET /session/8d2b16c2266bb28324d0f288a5ec4ed4/alert/text HTTP/1.1
User-Agent: selenium/4.7.1 (java windows)
Cache-Control: no-cache
Content-Type: application/json; charset=utf-8
host: localhost:40971
accept: */*

Response DefaultHttpResponse(decodeResult: success, version: HTTP/1.1)
HTTP/1.1 404 Not Found
Content-Type: application/json; charset=utf-8
cache-control: no-cache
content-length: 849

00:49:27.639 [AsyncHttpClient-1-2] DEBUG org.asynchttpclient.netty.channel.ChannelManager - Adding key: http://localhost:40971 for channel [id: 0x78ed976a, L:/127.0.0.1:59782 - R:localhost/127.0.0.1:40971]
00:49:27.643 [Forwarding switchToWindow on session 8d2b16c2266bb28324d0f288a5ec4ed4 to remote] DEBUG org.asynchttpclient.netty.request.NettyRequestSender - Using pooled Channel '[id: 0x78ed976a, L:/127.0.0.1:59782 - R:localhost/127.0.0.1:40971]' for 'POST' to 'http://localhost:40971/session/8d2b16c2266bb28324d0f288a5ec4ed4/window'
00:49:27.644 [Forwarding switchToWindow on session 8d2b16c2266bb28324d0f288a5ec4ed4 to remote] DEBUG org.asynchttpclient.netty.request.NettyRequestSender - Using open Channel [id: 0x78ed976a, L:/127.0.0.1:59782 - R:localhost/127.0.0.1:40971] for POST '/session/8d2b16c2266bb28324d0f288a5ec4ed4/window'
00:49:27.647 [AsyncHttpClient-1-2] DEBUG org.asynchttpclient.netty.handler.HttpHandler - 

Request DefaultHttpRequest(decodeResult: success, version: HTTP/1.1)
POST /session/8d2b16c2266bb28324d0f288a5ec4ed4/window HTTP/1.1
User-Agent: selenium/4.7.1 (java windows)
Content-Length: 50
Content-Type: application/json; charset=utf-8
host: localhost:40971
accept: */*

Response DefaultHttpResponse(decodeResult: success, version: HTTP/1.1)
HTTP/1.1 200 OK
Content-Type: application/json; charset=utf-8
cache-control: no-cache
content-length: 14

00:49:27.648 [AsyncHttpClient-1-2] DEBUG org.asynchttpclient.netty.channel.ChannelManager - Adding key: http://localhost:40971 for channel [id: 0x78ed976a, L:/127.0.0.1:59782 - R:localhost/127.0.0.1:40971]
00:49:27.649 [Forwarding getCurrentUrl on session 8d2b16c2266bb28324d0f288a5ec4ed4 to remote] DEBUG org.asynchttpclient.netty.request.NettyRequestSender - Using pooled Channel '[id: 0x78ed976a, L:/127.0.0.1:59782 - R:localhost/127.0.0.1:40971]' for 'GET' to 'http://localhost:40971/session/8d2b16c2266bb28324d0f288a5ec4ed4/url'
00:49:27.650 [Forwarding getCurrentUrl on session 8d2b16c2266bb28324d0f288a5ec4ed4 to remote] DEBUG org.asynchttpclient.netty.request.NettyRequestSender - Using open Channel [id: 0x78ed976a, L:/127.0.0.1:59782 - R:localhost/127.0.0.1:40971] for GET '/session/8d2b16c2266bb28324d0f288a5ec4ed4/url'
00:49:27.654 [AsyncHttpClient-1-2] DEBUG org.asynchttpclient.netty.handler.HttpHandler - 

Request DefaultFullHttpRequest(decodeResult: success, version: HTTP/1.1, content: EmptyByteBufBE)
GET /session/8d2b16c2266bb28324d0f288a5ec4ed4/url HTTP/1.1
User-Agent: selenium/4.7.1 (java windows)
Cache-Control: no-cache
Content-Type: application/json; charset=utf-8
host: localhost:40971
accept: */*

Response DefaultHttpResponse(decodeResult: success, version: HTTP/1.1)
HTTP/1.1 200 OK
Content-Type: application/json; charset=utf-8
cache-control: no-cache
content-length: 51

00:49:27.655 [AsyncHttpClient-1-2] DEBUG org.asynchttpclient.netty.channel.ChannelManager - Adding key: http://localhost:40971 for channel [id: 0x78ed976a, L:/127.0.0.1:59782 - R:localhost/127.0.0.1:40971]
00:49:27.656 [Forwarding screenshot on session 8d2b16c2266bb28324d0f288a5ec4ed4 to remote] DEBUG org.asynchttpclient.netty.request.NettyRequestSender - Using pooled Channel '[id: 0x78ed976a, L:/127.0.0.1:59782 - R:localhost/127.0.0.1:40971]' for 'GET' to 'http://localhost:40971/session/8d2b16c2266bb28324d0f288a5ec4ed4/screenshot'
00:49:27.656 [Forwarding screenshot on session 8d2b16c2266bb28324d0f288a5ec4ed4 to remote] DEBUG org.asynchttpclient.netty.request.NettyRequestSender - Using open Channel [id: 0x78ed976a, L:/127.0.0.1:59782 - R:localhost/127.0.0.1:40971] for GET '/session/8d2b16c2266bb28324d0f288a5ec4ed4/screenshot'
00:49:27.806 [AsyncHttpClient-1-2] DEBUG org.asynchttpclient.netty.handler.HttpHandler - 

Request DefaultFullHttpRequest(decodeResult: success, version: HTTP/1.1, content: EmptyByteBufBE)
GET /session/8d2b16c2266bb28324d0f288a5ec4ed4/screenshot HTTP/1.1
User-Agent: selenium/4.7.1 (java windows)
Cache-Control: no-cache
Content-Type: application/json; charset=utf-8
host: localhost:40971
accept: */*

Response DefaultHttpResponse(decodeResult: success, version: HTTP/1.1)
HTTP/1.1 200 OK
Content-Type: application/json; charset=utf-8
cache-control: no-cache
content-length: 31264

00:49:27.806 [AsyncHttpClient-1-2] DEBUG org.asynchttpclient.netty.channel.ChannelManager - Adding key: http://localhost:40971 for channel [id: 0x78ed976a, L:/127.0.0.1:59782 - R:localhost/127.0.0.1:40971]
00:49:27.809 [main] DEBUG net.serenitybdd.core.photography.Darkroom - Send negative for processing for target\site\serenity\68a3e27523611aab977458664bc7bb46f45c5e668d45ffa59841858d3f7c8a96.png
00:49:27.810 [main] DEBUG net.thucydides.core.steps.StepInterceptor - STEP DONE: inputEmail
00:49:27.810 [Darkroom Processing Line] DEBUG net.serenitybdd.core.photography.DarkroomProcessingLine - Processing screenshot image in /var/screenshots/screenshot-153826613668547695
00:49:27.810 [Darkroom Processing Line] DEBUG net.serenitybdd.core.photography.DarkroomProcessingLine - Saving screenshot to target\site\serenity\68a3e27523611aab977458664bc7bb46f45c5e668d45ffa59841858d3f7c8a96.png
  &amp#27;[32mAnd &amp#27;[0m&amp#27;[32muser input email&amp#27;[0m                                         &amp#27;[90m# starter.stepdefinitions.LoginRegisterSteps.userInputEmail()&amp#27;[0m
00:49:27.830 [main] DEBUG net.thucydides.core.steps.StepInterceptor - STARTING STEP: LoginRegisterSteps.userInputPassword - inputPassword
00:49:27.836 [Forwarding findElement on session 8d2b16c2266bb28324d0f288a5ec4ed4 to remote] DEBUG org.asynchttpclient.netty.request.NettyRequestSender - Using pooled Channel '[id: 0x78ed976a, L:/127.0.0.1:59782 - R:localhost/127.0.0.1:40971]' for 'POST' to 'http://localhost:40971/session/8d2b16c2266bb28324d0f288a5ec4ed4/element'
00:49:27.837 [Forwarding findElement on session 8d2b16c2266bb28324d0f288a5ec4ed4 to remote] DEBUG org.asynchttpclient.netty.request.NettyRequestSender - Using open Channel [id: 0x78ed976a, L:/127.0.0.1:59782 - R:localhost/127.0.0.1:40971] for POST '/session/8d2b16c2266bb28324d0f288a5ec4ed4/element'
00:49:27.854 [AsyncHttpClient-1-2] DEBUG org.asynchttpclient.netty.handler.HttpHandler - 

Request DefaultHttpRequest(decodeResult: success, version: HTTP/1.1)
POST /session/8d2b16c2266bb28324d0f288a5ec4ed4/element HTTP/1.1
User-Agent: selenium/4.7.1 (java windows)
Content-Length: 187
Content-Type: application/json; charset=utf-8
host: localhost:40971
accept: */*

Response DefaultHttpResponse(decodeResult: success, version: HTTP/1.1)
HTTP/1.1 200 OK
Content-Type: application/json; charset=utf-8
cache-control: no-cache
content-length: 88

00:49:27.854 [AsyncHttpClient-1-2] DEBUG org.asynchttpclient.netty.channel.ChannelManager - Adding key: http://localhost:40971 for channel [id: 0x78ed976a, L:/127.0.0.1:59782 - R:localhost/127.0.0.1:40971]
00:49:27.857 [Forwarding clearElement on session 8d2b16c2266bb28324d0f288a5ec4ed4 to remote] DEBUG org.asynchttpclient.netty.request.NettyRequestSender - Using pooled Channel '[id: 0x78ed976a, L:/127.0.0.1:59782 - R:localhost/127.0.0.1:40971]' for 'POST' to 'http://localhost:40971/session/8d2b16c2266bb28324d0f288a5ec4ed4/element/141f9a6c-277f-430c-96ef-0748c983eb49/clear'
00:49:27.857 [Forwarding clearElement on session 8d2b16c2266bb28324d0f288a5ec4ed4 to remote] DEBUG org.asynchttpclient.netty.request.NettyRequestSender - Using open Channel [id: 0x78ed976a, L:/127.0.0.1:59782 - R:localhost/127.0.0.1:40971] for POST '/session/8d2b16c2266bb28324d0f288a5ec4ed4/element/141f9a6c-277f-430c-96ef-0748c983eb49/clear'
00:49:27.905 [AsyncHttpClient-1-2] DEBUG org.asynchttpclient.netty.handler.HttpHandler - 

Request DefaultHttpRequest(decodeResult: success, version: HTTP/1.1)
POST /session/8d2b16c2266bb28324d0f288a5ec4ed4/element/141f9a6c-277f-430c-96ef-0748c983eb49/clear HTTP/1.1
User-Agent: selenium/4.7.1 (java windows)
Content-Length: 50
Content-Type: application/json; charset=utf-8
host: localhost:40971
accept: */*

Response DefaultHttpResponse(decodeResult: success, version: HTTP/1.1)
HTTP/1.1 200 OK
Content-Type: application/json; charset=utf-8
cache-control: no-cache
content-length: 14

00:49:27.905 [AsyncHttpClient-1-2] DEBUG org.asynchttpclient.netty.channel.ChannelManager - Adding key: http://localhost:40971 for channel [id: 0x78ed976a, L:/127.0.0.1:59782 - R:localhost/127.0.0.1:40971]
00:49:27.910 [Forwarding sendKeysToElement on session 8d2b16c2266bb28324d0f288a5ec4ed4 to remote] DEBUG org.asynchttpclient.netty.request.NettyRequestSender - Using pooled Channel '[id: 0x78ed976a, L:/127.0.0.1:59782 - R:localhost/127.0.0.1:40971]' for 'POST' to 'http://localhost:40971/session/8d2b16c2266bb28324d0f288a5ec4ed4/element/141f9a6c-277f-430c-96ef-0748c983eb49/value'
00:49:27.910 [Forwarding sendKeysToElement on session 8d2b16c2266bb28324d0f288a5ec4ed4 to remote] DEBUG org.asynchttpclient.netty.request.NettyRequestSender - Using open Channel [id: 0x78ed976a, L:/127.0.0.1:59782 - R:localhost/127.0.0.1:40971] for POST '/session/8d2b16c2266bb28324d0f288a5ec4ed4/element/141f9a6c-277f-430c-96ef-0748c983eb49/value'
00:49:27.982 [AsyncHttpClient-1-2] DEBUG org.asynchttpclient.netty.handler.HttpHandler - 

Request DefaultHttpRequest(decodeResult: success, version: HTTP/1.1)
POST /session/8d2b16c2266bb28324d0f288a5ec4ed4/element/141f9a6c-277f-430c-96ef-0748c983eb49/value HTTP/1.1
User-Agent: selenium/4.7.1 (java windows)
Content-Length: 111
Content-Type: application/json; charset=utf-8
host: localhost:40971
accept: */*

Response DefaultHttpResponse(decodeResult: success, version: HTTP/1.1)
HTTP/1.1 200 OK
Content-Type: application/json; charset=utf-8
cache-control: no-cache
content-length: 14

00:49:27.982 [AsyncHttpClient-1-2] DEBUG org.asynchttpclient.netty.channel.ChannelManager - Adding key: http://localhost:40971 for channel [id: 0x78ed976a, L:/127.0.0.1:59782 - R:localhost/127.0.0.1:40971]
00:49:27.990 [Forwarding getCurrentWindowHandle on session 8d2b16c2266bb28324d0f288a5ec4ed4 to remote] DEBUG org.asynchttpclient.netty.request.NettyRequestSender - Using pooled Channel '[id: 0x78ed976a, L:/127.0.0.1:59782 - R:localhost/127.0.0.1:40971]' for 'GET' to 'http://localhost:40971/session/8d2b16c2266bb28324d0f288a5ec4ed4/window'
00:49:27.990 [Forwarding getCurrentWindowHandle on session 8d2b16c2266bb28324d0f288a5ec4ed4 to remote] DEBUG org.asynchttpclient.netty.request.NettyRequestSender - Using open Channel [id: 0x78ed976a, L:/127.0.0.1:59782 - R:localhost/127.0.0.1:40971] for GET '/session/8d2b16c2266bb28324d0f288a5ec4ed4/window'
00:49:27.992 [AsyncHttpClient-1-2] DEBUG org.asynchttpclient.netty.handler.HttpHandler - 

Request DefaultFullHttpRequest(decodeResult: success, version: HTTP/1.1, content: EmptyByteBufBE)
GET /session/8d2b16c2266bb28324d0f288a5ec4ed4/window HTTP/1.1
User-Agent: selenium/4.7.1 (java windows)
Cache-Control: no-cache
Content-Type: application/json; charset=utf-8
host: localhost:40971
accept: */*

Response DefaultHttpResponse(decodeResult: success, version: HTTP/1.1)
HTTP/1.1 200 OK
Content-Type: application/json; charset=utf-8
cache-control: no-cache
content-length: 44

00:49:27.992 [AsyncHttpClient-1-2] DEBUG org.asynchttpclient.netty.channel.ChannelManager - Adding key: http://localhost:40971 for channel [id: 0x78ed976a, L:/127.0.0.1:59782 - R:localhost/127.0.0.1:40971]
00:49:27.995 [Forwarding getAlertText on session 8d2b16c2266bb28324d0f288a5ec4ed4 to remote] DEBUG org.asynchttpclient.netty.request.NettyRequestSender - Using pooled Channel '[id: 0x78ed976a, L:/127.0.0.1:59782 - R:localhost/127.0.0.1:40971]' for 'GET' to 'http://localhost:40971/session/8d2b16c2266bb28324d0f288a5ec4ed4/alert/text'
00:49:27.995 [Forwarding getAlertText on session 8d2b16c2266bb28324d0f288a5ec4ed4 to remote] DEBUG org.asynchttpclient.netty.request.NettyRequestSender - Using open Channel [id: 0x78ed976a, L:/127.0.0.1:59782 - R:localhost/127.0.0.1:40971] for GET '/session/8d2b16c2266bb28324d0f288a5ec4ed4/alert/text'
00:49:27.997 [AsyncHttpClient-1-2] DEBUG org.asynchttpclient.netty.handler.HttpHandler - 

Request DefaultFullHttpRequest(decodeResult: success, version: HTTP/1.1, content: EmptyByteBufBE)
GET /session/8d2b16c2266bb28324d0f288a5ec4ed4/alert/text HTTP/1.1
User-Agent: selenium/4.7.1 (java windows)
Cache-Control: no-cache
Content-Type: application/json; charset=utf-8
host: localhost:40971
accept: */*

Response DefaultHttpResponse(decodeResult: success, version: HTTP/1.1)
HTTP/1.1 404 Not Found
Content-Type: application/json; charset=utf-8
cache-control: no-cache
content-length: 849

00:49:27.998 [AsyncHttpClient-1-2] DEBUG org.asynchttpclient.netty.channel.ChannelManager - Adding key: http://localhost:40971 for channel [id: 0x78ed976a, L:/127.0.0.1:59782 - R:localhost/127.0.0.1:40971]
00:49:28.002 [Forwarding switchToWindow on session 8d2b16c2266bb28324d0f288a5ec4ed4 to remote] DEBUG org.asynchttpclient.netty.request.NettyRequestSender - Using pooled Channel '[id: 0x78ed976a, L:/127.0.0.1:59782 - R:localhost/127.0.0.1:40971]' for 'POST' to 'http://localhost:40971/session/8d2b16c2266bb28324d0f288a5ec4ed4/window'
00:49:28.002 [Forwarding switchToWindow on session 8d2b16c2266bb28324d0f288a5ec4ed4 to remote] DEBUG org.asynchttpclient.netty.request.NettyRequestSender - Using open Channel [id: 0x78ed976a, L:/127.0.0.1:59782 - R:localhost/127.0.0.1:40971] for POST '/session/8d2b16c2266bb28324d0f288a5ec4ed4/window'
00:49:28.005 [AsyncHttpClient-1-2] DEBUG org.asynchttpclient.netty.handler.HttpHandler - 

Request DefaultHttpRequest(decodeResult: success, version: HTTP/1.1)
POST /session/8d2b16c2266bb28324d0f288a5ec4ed4/window HTTP/1.1
User-Agent: selenium/4.7.1 (java windows)
Content-Length: 50
Content-Type: application/json; charset=utf-8
host: localhost:40971
accept: */*

Response DefaultHttpResponse(decodeResult: success, version: HTTP/1.1)
HTTP/1.1 200 OK
Content-Type: application/json; charset=utf-8
cache-control: no-cache
content-length: 14

00:49:28.005 [AsyncHttpClient-1-2] DEBUG org.asynchttpclient.netty.channel.ChannelManager - Adding key: http://localhost:40971 for channel [id: 0x78ed976a, L:/127.0.0.1:59782 - R:localhost/127.0.0.1:40971]
00:49:28.008 [Forwarding getCurrentUrl on session 8d2b16c2266bb28324d0f288a5ec4ed4 to remote] DEBUG org.asynchttpclient.netty.request.NettyRequestSender - Using pooled Channel '[id: 0x78ed976a, L:/127.0.0.1:59782 - R:localhost/127.0.0.1:40971]' for 'GET' to 'http://localhost:40971/session/8d2b16c2266bb28324d0f288a5ec4ed4/url'
00:49:28.008 [Forwarding getCurrentUrl on session 8d2b16c2266bb28324d0f288a5ec4ed4 to remote] DEBUG org.asynchttpclient.netty.request.NettyRequestSender - Using open Channel [id: 0x78ed976a, L:/127.0.0.1:59782 - R:localhost/127.0.0.1:40971] for GET '/session/8d2b16c2266bb28324d0f288a5ec4ed4/url'
00:49:28.015 [AsyncHttpClient-1-2] DEBUG org.asynchttpclient.netty.handler.HttpHandler - 

Request DefaultFullHttpRequest(decodeResult: success, version: HTTP/1.1, content: EmptyByteBufBE)
GET /session/8d2b16c2266bb28324d0f288a5ec4ed4/url HTTP/1.1
User-Agent: selenium/4.7.1 (java windows)
Cache-Control: no-cache
Content-Type: application/json; charset=utf-8
host: localhost:40971
accept: */*

Response DefaultHttpResponse(decodeResult: success, version: HTTP/1.1)
HTTP/1.1 200 OK
Content-Type: application/json; charset=utf-8
cache-control: no-cache
content-length: 51

00:49:28.015 [AsyncHttpClient-1-2] DEBUG org.asynchttpclient.netty.channel.ChannelManager - Adding key: http://localhost:40971 for channel [id: 0x78ed976a, L:/127.0.0.1:59782 - R:localhost/127.0.0.1:40971]
00:49:28.017 [Forwarding screenshot on session 8d2b16c2266bb28324d0f288a5ec4ed4 to remote] DEBUG org.asynchttpclient.netty.request.NettyRequestSender - Using pooled Channel '[id: 0x78ed976a, L:/127.0.0.1:59782 - R:localhost/127.0.0.1:40971]' for 'GET' to 'http://localhost:40971/session/8d2b16c2266bb28324d0f288a5ec4ed4/screenshot'
00:49:28.017 [Forwarding screenshot on session 8d2b16c2266bb28324d0f288a5ec4ed4 to remote] DEBUG org.asynchttpclient.netty.request.NettyRequestSender - Using open Channel [id: 0x78ed976a, L:/127.0.0.1:59782 - R:localhost/127.0.0.1:40971] for GET '/session/8d2b16c2266bb28324d0f288a5ec4ed4/screenshot'
00:49:28.136 [AsyncHttpClient-1-1] DEBUG org.asynchttpclient.netty.channel.DefaultChannelPool - Entry count for : http://localhost:59783 : 1
00:49:28.136 [AsyncHttpClient-1-2] DEBUG org.asynchttpclient.netty.handler.HttpHandler - 

Request DefaultFullHttpRequest(decodeResult: success, version: HTTP/1.1, content: EmptyByteBufBE)
GET /session/8d2b16c2266bb28324d0f288a5ec4ed4/screenshot HTTP/1.1
User-Agent: selenium/4.7.1 (java windows)
Cache-Control: no-cache
Content-Type: application/json; charset=utf-8
host: localhost:40971
accept: */*

Response DefaultHttpResponse(decodeResult: success, version: HTTP/1.1)
HTTP/1.1 200 OK
Content-Type: application/json; charset=utf-8
cache-control: no-cache
content-length: 31628

00:49:28.137 [AsyncHttpClient-1-2] DEBUG org.asynchttpclient.netty.channel.ChannelManager - Adding key: http://localhost:40971 for channel [id: 0x78ed976a, L:/127.0.0.1:59782 - R:localhost/127.0.0.1:40971]
00:49:28.141 [main] DEBUG net.serenitybdd.core.photography.Darkroom - Send negative for processing for target\site\serenity\c99827baf32ea49a77afaac0fac7d69e27465b8a7145519928714a7dd8ff27c2.png
00:49:28.142 [main] DEBUG net.thucydides.core.steps.StepInterceptor - STEP DONE: inputPassword
00:49:28.142 [Darkroom Processing Line] DEBUG net.serenitybdd.core.photography.DarkroomProcessingLine - Processing screenshot image in /var/screenshots/screenshot-17783130741558645380
  &amp#27;[32mAnd &amp#27;[0m&amp#27;[32muser input password&amp#27;[0m                                      &amp#27;[90m# starter.stepdefinitions.LoginRegisterSteps.userInputPassword()&amp#27;[0m
00:49:28.143 [Darkroom Processing Line] DEBUG net.serenitybdd.core.photography.DarkroomProcessingLine - Saving screenshot to target\site\serenity\c99827baf32ea49a77afaac0fac7d69e27465b8a7145519928714a7dd8ff27c2.png
00:49:28.163 [main] DEBUG net.thucydides.core.steps.StepInterceptor - STARTING STEP: LoginRegisterSteps.userKlikButtonLoginYangKedua - klikButtonLoginKedua
00:49:28.171 [Forwarding findElement on session 8d2b16c2266bb28324d0f288a5ec4ed4 to remote] DEBUG org.asynchttpclient.netty.request.NettyRequestSender - Using pooled Channel '[id: 0x78ed976a, L:/127.0.0.1:59782 - R:localhost/127.0.0.1:40971]' for 'POST' to 'http://localhost:40971/session/8d2b16c2266bb28324d0f288a5ec4ed4/element'
00:49:28.171 [Forwarding findElement on session 8d2b16c2266bb28324d0f288a5ec4ed4 to remote] DEBUG org.asynchttpclient.netty.request.NettyRequestSender - Using open Channel [id: 0x78ed976a, L:/127.0.0.1:59782 - R:localhost/127.0.0.1:40971] for POST '/session/8d2b16c2266bb28324d0f288a5ec4ed4/element'
00:49:28.187 [AsyncHttpClient-1-2] DEBUG org.asynchttpclient.netty.handler.HttpHandler - 

Request DefaultHttpRequest(decodeResult: success, version: HTTP/1.1)
POST /session/8d2b16c2266bb28324d0f288a5ec4ed4/element HTTP/1.1
User-Agent: selenium/4.7.1 (java windows)
Content-Length: 141
Content-Type: application/json; charset=utf-8
host: localhost:40971
accept: */*

Response DefaultHttpResponse(decodeResult: success, version: HTTP/1.1)
HTTP/1.1 200 OK
Content-Type: application/json; charset=utf-8
cache-control: no-cache
content-length: 88

00:49:28.187 [AsyncHttpClient-1-2] DEBUG org.asynchttpclient.netty.channel.ChannelManager - Adding key: http://localhost:40971 for channel [id: 0x78ed976a, L:/127.0.0.1:59782 - R:localhost/127.0.0.1:40971]
00:49:28.190 [Forwarding getElementTagName on session 8d2b16c2266bb28324d0f288a5ec4ed4 to remote] DEBUG org.asynchttpclient.netty.request.NettyRequestSender - Using pooled Channel '[id: 0x78ed976a, L:/127.0.0.1:59782 - R:localhost/127.0.0.1:40971]' for 'GET' to 'http://localhost:40971/session/8d2b16c2266bb28324d0f288a5ec4ed4/element/efb66fe7-9c23-4752-85a2-02b40f7768cf/name'
00:49:28.190 [Forwarding getElementTagName on session 8d2b16c2266bb28324d0f288a5ec4ed4 to remote] DEBUG org.asynchttpclient.netty.request.NettyRequestSender - Using open Channel [id: 0x78ed976a, L:/127.0.0.1:59782 - R:localhost/127.0.0.1:40971] for GET '/session/8d2b16c2266bb28324d0f288a5ec4ed4/element/efb66fe7-9c23-4752-85a2-02b40f7768cf/name'
00:49:28.197 [AsyncHttpClient-1-2] DEBUG org.asynchttpclient.netty.handler.HttpHandler - 

Request DefaultFullHttpRequest(decodeResult: success, version: HTTP/1.1, content: EmptyByteBufBE)
GET /session/8d2b16c2266bb28324d0f288a5ec4ed4/element/efb66fe7-9c23-4752-85a2-02b40f7768cf/name HTTP/1.1
User-Agent: selenium/4.7.1 (java windows)
Cache-Control: no-cache
Content-Type: application/json; charset=utf-8
host: localhost:40971
accept: */*

Response DefaultHttpResponse(decodeResult: success, version: HTTP/1.1)
HTTP/1.1 200 OK
Content-Type: application/json; charset=utf-8
cache-control: no-cache
content-length: 18

00:49:28.198 [AsyncHttpClient-1-2] DEBUG org.asynchttpclient.netty.channel.ChannelManager - Adding key: http://localhost:40971 for channel [id: 0x78ed976a, L:/127.0.0.1:59782 - R:localhost/127.0.0.1:40971]
00:49:28.200 [Forwarding getElementTagName on session 8d2b16c2266bb28324d0f288a5ec4ed4 to remote] DEBUG org.asynchttpclient.netty.request.NettyRequestSender - Using pooled Channel '[id: 0x78ed976a, L:/127.0.0.1:59782 - R:localhost/127.0.0.1:40971]' for 'GET' to 'http://localhost:40971/session/8d2b16c2266bb28324d0f288a5ec4ed4/element/efb66fe7-9c23-4752-85a2-02b40f7768cf/name'
00:49:28.201 [Forwarding getElementTagName on session 8d2b16c2266bb28324d0f288a5ec4ed4 to remote] DEBUG org.asynchttpclient.netty.request.NettyRequestSender - Using open Channel [id: 0x78ed976a, L:/127.0.0.1:59782 - R:localhost/127.0.0.1:40971] for GET '/session/8d2b16c2266bb28324d0f288a5ec4ed4/element/efb66fe7-9c23-4752-85a2-02b40f7768cf/name'
00:49:28.205 [AsyncHttpClient-1-2] DEBUG org.asynchttpclient.netty.handler.HttpHandler - 

Request DefaultFullHttpRequest(decodeResult: success, version: HTTP/1.1, content: EmptyByteBufBE)
GET /session/8d2b16c2266bb28324d0f288a5ec4ed4/element/efb66fe7-9c23-4752-85a2-02b40f7768cf/name HTTP/1.1
User-Agent: selenium/4.7.1 (java windows)
Cache-Control: no-cache
Content-Type: application/json; charset=utf-8
host: localhost:40971
accept: */*

Response DefaultHttpResponse(decodeResult: success, version: HTTP/1.1)
HTTP/1.1 200 OK
Content-Type: application/json; charset=utf-8
cache-control: no-cache
content-length: 18

00:49:28.205 [AsyncHttpClient-1-2] DEBUG org.asynchttpclient.netty.channel.ChannelManager - Adding key: http://localhost:40971 for channel [id: 0x78ed976a, L:/127.0.0.1:59782 - R:localhost/127.0.0.1:40971]
00:49:28.210 [Forwarding isElementEnabled on session 8d2b16c2266bb28324d0f288a5ec4ed4 to remote] DEBUG org.asynchttpclient.netty.request.NettyRequestSender - Using pooled Channel '[id: 0x78ed976a, L:/127.0.0.1:59782 - R:localhost/127.0.0.1:40971]' for 'GET' to 'http://localhost:40971/session/8d2b16c2266bb28324d0f288a5ec4ed4/element/efb66fe7-9c23-4752-85a2-02b40f7768cf/enabled'
00:49:28.210 [Forwarding isElementEnabled on session 8d2b16c2266bb28324d0f288a5ec4ed4 to remote] DEBUG org.asynchttpclient.netty.request.NettyRequestSender - Using open Channel [id: 0x78ed976a, L:/127.0.0.1:59782 - R:localhost/127.0.0.1:40971] for GET '/session/8d2b16c2266bb28324d0f288a5ec4ed4/element/efb66fe7-9c23-4752-85a2-02b40f7768cf/enabled'
00:49:28.221 [AsyncHttpClient-1-2] DEBUG org.asynchttpclient.netty.handler.HttpHandler - 

Request DefaultFullHttpRequest(decodeResult: success, version: HTTP/1.1, content: EmptyByteBufBE)
GET /session/8d2b16c2266bb28324d0f288a5ec4ed4/element/efb66fe7-9c23-4752-85a2-02b40f7768cf/enabled HTTP/1.1
User-Agent: selenium/4.7.1 (java windows)
Cache-Control: no-cache
Content-Type: application/json; charset=utf-8
host: localhost:40971
accept: */*

Response DefaultHttpResponse(decodeResult: success, version: HTTP/1.1)
HTTP/1.1 200 OK
Content-Type: application/json; charset=utf-8
cache-control: no-cache
content-length: 14

00:49:28.222 [AsyncHttpClient-1-2] DEBUG org.asynchttpclient.netty.channel.ChannelManager - Adding key: http://localhost:40971 for channel [id: 0x78ed976a, L:/127.0.0.1:59782 - R:localhost/127.0.0.1:40971]
00:49:28.224 [Forwarding isElementEnabled on session 8d2b16c2266bb28324d0f288a5ec4ed4 to remote] DEBUG org.asynchttpclient.netty.request.NettyRequestSender - Using pooled Channel '[id: 0x78ed976a, L:/127.0.0.1:59782 - R:localhost/127.0.0.1:40971]' for 'GET' to 'http://localhost:40971/session/8d2b16c2266bb28324d0f288a5ec4ed4/element/efb66fe7-9c23-4752-85a2-02b40f7768cf/enabled'
00:49:28.224 [Forwarding isElementEnabled on session 8d2b16c2266bb28324d0f288a5ec4ed4 to remote] DEBUG org.asynchttpclient.netty.request.NettyRequestSender - Using open Channel [id: 0x78ed976a, L:/127.0.0.1:59782 - R:localhost/127.0.0.1:40971] for GET '/session/8d2b16c2266bb28324d0f288a5ec4ed4/element/efb66fe7-9c23-4752-85a2-02b40f7768cf/enabled'
00:49:28.232 [AsyncHttpClient-1-2] DEBUG org.asynchttpclient.netty.handler.HttpHandler - 

Request DefaultFullHttpRequest(decodeResult: success, version: HTTP/1.1, content: EmptyByteBufBE)
GET /session/8d2b16c2266bb28324d0f288a5ec4ed4/element/efb66fe7-9c23-4752-85a2-02b40f7768cf/enabled HTTP/1.1
User-Agent: selenium/4.7.1 (java windows)
Cache-Control: no-cache
Content-Type: application/json; charset=utf-8
host: localhost:40971
accept: */*

Response DefaultHttpResponse(decodeResult: success, version: HTTP/1.1)
HTTP/1.1 200 OK
Content-Type: application/json; charset=utf-8
cache-control: no-cache
content-length: 14

00:49:28.232 [AsyncHttpClient-1-2] DEBUG org.asynchttpclient.netty.channel.ChannelManager - Adding key: http://localhost:40971 for channel [id: 0x78ed976a, L:/127.0.0.1:59782 - R:localhost/127.0.0.1:40971]
00:49:28.235 [Forwarding findElement on session 8d2b16c2266bb28324d0f288a5ec4ed4 to remote] DEBUG org.asynchttpclient.netty.request.NettyRequestSender - Using pooled Channel '[id: 0x78ed976a, L:/127.0.0.1:59782 - R:localhost/127.0.0.1:40971]' for 'POST' to 'http://localhost:40971/session/8d2b16c2266bb28324d0f288a5ec4ed4/element'
00:49:28.236 [Forwarding findElement on session 8d2b16c2266bb28324d0f288a5ec4ed4 to remote] DEBUG org.asynchttpclient.netty.request.NettyRequestSender - Using open Channel [id: 0x78ed976a, L:/127.0.0.1:59782 - R:localhost/127.0.0.1:40971] for POST '/session/8d2b16c2266bb28324d0f288a5ec4ed4/element'
00:49:28.246 [AsyncHttpClient-1-2] DEBUG org.asynchttpclient.netty.handler.HttpHandler - 

Request DefaultHttpRequest(decodeResult: success, version: HTTP/1.1)
POST /session/8d2b16c2266bb28324d0f288a5ec4ed4/element HTTP/1.1
User-Agent: selenium/4.7.1 (java windows)
Content-Length: 141
Content-Type: application/json; charset=utf-8
host: localhost:40971
accept: */*

Response DefaultHttpResponse(decodeResult: success, version: HTTP/1.1)
HTTP/1.1 200 OK
Content-Type: application/json; charset=utf-8
cache-control: no-cache
content-length: 88

00:49:28.247 [AsyncHttpClient-1-2] DEBUG org.asynchttpclient.netty.channel.ChannelManager - Adding key: http://localhost:40971 for channel [id: 0x78ed976a, L:/127.0.0.1:59782 - R:localhost/127.0.0.1:40971]
00:49:28.249 [Forwarding clickElement on session 8d2b16c2266bb28324d0f288a5ec4ed4 to remote] DEBUG org.asynchttpclient.netty.request.NettyRequestSender - Using pooled Channel '[id: 0x78ed976a, L:/127.0.0.1:59782 - R:localhost/127.0.0.1:40971]' for 'POST' to 'http://localhost:40971/session/8d2b16c2266bb28324d0f288a5ec4ed4/element/efb66fe7-9c23-4752-85a2-02b40f7768cf/click'
00:49:28.249 [Forwarding clickElement on session 8d2b16c2266bb28324d0f288a5ec4ed4 to remote] DEBUG org.asynchttpclient.netty.request.NettyRequestSender - Using open Channel [id: 0x78ed976a, L:/127.0.0.1:59782 - R:localhost/127.0.0.1:40971] for POST '/session/8d2b16c2266bb28324d0f288a5ec4ed4/element/efb66fe7-9c23-4752-85a2-02b40f7768cf/click'
00:49:28.307 [AsyncHttpClient-1-2] DEBUG org.asynchttpclient.netty.handler.HttpHandler - 

Request DefaultHttpRequest(decodeResult: success, version: HTTP/1.1)
POST /session/8d2b16c2266bb28324d0f288a5ec4ed4/element/efb66fe7-9c23-4752-85a2-02b40f7768cf/click HTTP/1.1
User-Agent: selenium/4.7.1 (java windows)
Content-Length: 50
Content-Type: application/json; charset=utf-8
host: localhost:40971
accept: */*

Response DefaultHttpResponse(decodeResult: success, version: HTTP/1.1)
HTTP/1.1 200 OK
Content-Type: application/json; charset=utf-8
cache-control: no-cache
content-length: 14

00:49:28.307 [AsyncHttpClient-1-2] DEBUG org.asynchttpclient.netty.channel.ChannelManager - Adding key: http://localhost:40971 for channel [id: 0x78ed976a, L:/127.0.0.1:59782 - R:localhost/127.0.0.1:40971]
00:49:28.319 [Forwarding getCurrentWindowHandle on session 8d2b16c2266bb28324d0f288a5ec4ed4 to remote] DEBUG org.asynchttpclient.netty.request.NettyRequestSender - Using pooled Channel '[id: 0x78ed976a, L:/127.0.0.1:59782 - R:localhost/127.0.0.1:40971]' for 'GET' to 'http://localhost:40971/session/8d2b16c2266bb28324d0f288a5ec4ed4/window'
00:49:28.319 [Forwarding getCurrentWindowHandle on session 8d2b16c2266bb28324d0f288a5ec4ed4 to remote] DEBUG org.asynchttpclient.netty.request.NettyRequestSender - Using open Channel [id: 0x78ed976a, L:/127.0.0.1:59782 - R:localhost/127.0.0.1:40971] for GET '/session/8d2b16c2266bb28324d0f288a5ec4ed4/window'
00:49:28.321 [AsyncHttpClient-1-2] DEBUG org.asynchttpclient.netty.handler.HttpHandler - 

Request DefaultFullHttpRequest(decodeResult: success, version: HTTP/1.1, content: EmptyByteBufBE)
GET /session/8d2b16c2266bb28324d0f288a5ec4ed4/window HTTP/1.1
User-Agent: selenium/4.7.1 (java windows)
Cache-Control: no-cache
Content-Type: application/json; charset=utf-8
host: localhost:40971
accept: */*

Response DefaultHttpResponse(decodeResult: success, version: HTTP/1.1)
HTTP/1.1 200 OK
Content-Type: application/json; charset=utf-8
cache-control: no-cache
content-length: 44

00:49:28.321 [AsyncHttpClient-1-2] DEBUG org.asynchttpclient.netty.channel.ChannelManager - Adding key: http://localhost:40971 for channel [id: 0x78ed976a, L:/127.0.0.1:59782 - R:localhost/127.0.0.1:40971]
00:49:28.324 [Forwarding getAlertText on session 8d2b16c2266bb28324d0f288a5ec4ed4 to remote] DEBUG org.asynchttpclient.netty.request.NettyRequestSender - Using pooled Channel '[id: 0x78ed976a, L:/127.0.0.1:59782 - R:localhost/127.0.0.1:40971]' for 'GET' to 'http://localhost:40971/session/8d2b16c2266bb28324d0f288a5ec4ed4/alert/text'
00:49:28.325 [Forwarding getAlertText on session 8d2b16c2266bb28324d0f288a5ec4ed4 to remote] DEBUG org.asynchttpclient.netty.request.NettyRequestSender - Using open Channel [id: 0x78ed976a, L:/127.0.0.1:59782 - R:localhost/127.0.0.1:40971] for GET '/session/8d2b16c2266bb28324d0f288a5ec4ed4/alert/text'
00:49:28.328 [AsyncHttpClient-1-2] DEBUG org.asynchttpclient.netty.handler.HttpHandler - 

Request DefaultFullHttpRequest(decodeResult: success, version: HTTP/1.1, content: EmptyByteBufBE)
GET /session/8d2b16c2266bb28324d0f288a5ec4ed4/alert/text HTTP/1.1
User-Agent: selenium/4.7.1 (java windows)
Cache-Control: no-cache
Content-Type: application/json; charset=utf-8
host: localhost:40971
accept: */*

Response DefaultHttpResponse(decodeResult: success, version: HTTP/1.1)
HTTP/1.1 404 Not Found
Content-Type: application/json; charset=utf-8
cache-control: no-cache
content-length: 849

00:49:28.329 [AsyncHttpClient-1-2] DEBUG org.asynchttpclient.netty.channel.ChannelManager - Adding key: http://localhost:40971 for channel [id: 0x78ed976a, L:/127.0.0.1:59782 - R:localhost/127.0.0.1:40971]
00:49:28.332 [Forwarding switchToWindow on session 8d2b16c2266bb28324d0f288a5ec4ed4 to remote] DEBUG org.asynchttpclient.netty.request.NettyRequestSender - Using pooled Channel '[id: 0x78ed976a, L:/127.0.0.1:59782 - R:localhost/127.0.0.1:40971]' for 'POST' to 'http://localhost:40971/session/8d2b16c2266bb28324d0f288a5ec4ed4/window'
00:49:28.332 [Forwarding switchToWindow on session 8d2b16c2266bb28324d0f288a5ec4ed4 to remote] DEBUG org.asynchttpclient.netty.request.NettyRequestSender - Using open Channel [id: 0x78ed976a, L:/127.0.0.1:59782 - R:localhost/127.0.0.1:40971] for POST '/session/8d2b16c2266bb28324d0f288a5ec4ed4/window'
00:49:28.335 [AsyncHttpClient-1-2] DEBUG org.asynchttpclient.netty.handler.HttpHandler - 

Request DefaultHttpRequest(decodeResult: success, version: HTTP/1.1)
POST /session/8d2b16c2266bb28324d0f288a5ec4ed4/window HTTP/1.1
User-Agent: selenium/4.7.1 (java windows)
Content-Length: 50
Content-Type: application/json; charset=utf-8
host: localhost:40971
accept: */*

Response DefaultHttpResponse(decodeResult: success, version: HTTP/1.1)
HTTP/1.1 200 OK
Content-Type: application/json; charset=utf-8
cache-control: no-cache
content-length: 14

00:49:28.335 [AsyncHttpClient-1-2] DEBUG org.asynchttpclient.netty.channel.ChannelManager - Adding key: http://localhost:40971 for channel [id: 0x78ed976a, L:/127.0.0.1:59782 - R:localhost/127.0.0.1:40971]
00:49:28.336 [Forwarding getCurrentUrl on session 8d2b16c2266bb28324d0f288a5ec4ed4 to remote] DEBUG org.asynchttpclient.netty.request.NettyRequestSender - Using pooled Channel '[id: 0x78ed976a, L:/127.0.0.1:59782 - R:localhost/127.0.0.1:40971]' for 'GET' to 'http://localhost:40971/session/8d2b16c2266bb28324d0f288a5ec4ed4/url'
00:49:28.336 [Forwarding getCurrentUrl on session 8d2b16c2266bb28324d0f288a5ec4ed4 to remote] DEBUG org.asynchttpclient.netty.request.NettyRequestSender - Using open Channel [id: 0x78ed976a, L:/127.0.0.1:59782 - R:localhost/127.0.0.1:40971] for GET '/session/8d2b16c2266bb28324d0f288a5ec4ed4/url'
00:49:28.344 [AsyncHttpClient-1-2] DEBUG org.asynchttpclient.netty.handler.HttpHandler - 

Request DefaultFullHttpRequest(decodeResult: success, version: HTTP/1.1, content: EmptyByteBufBE)
GET /session/8d2b16c2266bb28324d0f288a5ec4ed4/url HTTP/1.1
User-Agent: selenium/4.7.1 (java windows)
Cache-Control: no-cache
Content-Type: application/json; charset=utf-8
host: localhost:40971
accept: */*

Response DefaultHttpResponse(decodeResult: success, version: HTTP/1.1)
HTTP/1.1 200 OK
Content-Type: application/json; charset=utf-8
cache-control: no-cache
content-length: 51

00:49:28.345 [AsyncHttpClient-1-2] DEBUG org.asynchttpclient.netty.channel.ChannelManager - Adding key: http://localhost:40971 for channel [id: 0x78ed976a, L:/127.0.0.1:59782 - R:localhost/127.0.0.1:40971]
00:49:28.346 [Forwarding screenshot on session 8d2b16c2266bb28324d0f288a5ec4ed4 to remote] DEBUG org.asynchttpclient.netty.request.NettyRequestSender - Using pooled Channel '[id: 0x78ed976a, L:/127.0.0.1:59782 - R:localhost/127.0.0.1:40971]' for 'GET' to 'http://localhost:40971/session/8d2b16c2266bb28324d0f288a5ec4ed4/screenshot'
00:49:28.346 [Forwarding screenshot on session 8d2b16c2266bb28324d0f288a5ec4ed4 to remote] DEBUG org.asynchttpclient.netty.request.NettyRequestSender - Using open Channel [id: 0x78ed976a, L:/127.0.0.1:59782 - R:localhost/127.0.0.1:40971] for GET '/session/8d2b16c2266bb28324d0f288a5ec4ed4/screenshot'
00:49:28.446 [AsyncHttpClient-1-2] DEBUG org.asynchttpclient.netty.handler.HttpHandler - 

Request DefaultFullHttpRequest(decodeResult: success, version: HTTP/1.1, content: EmptyByteBufBE)
GET /session/8d2b16c2266bb28324d0f288a5ec4ed4/screenshot HTTP/1.1
User-Agent: selenium/4.7.1 (java windows)
Cache-Control: no-cache
Content-Type: application/json; charset=utf-8
host: localhost:40971
accept: */*

Response DefaultHttpResponse(decodeResult: success, version: HTTP/1.1)
HTTP/1.1 200 OK
Content-Type: application/json; charset=utf-8
cache-control: no-cache
content-length: 31188

00:49:28.447 [AsyncHttpClient-1-2] DEBUG org.asynchttpclient.netty.channel.ChannelManager - Adding key: http://localhost:40971 for channel [id: 0x78ed976a, L:/127.0.0.1:59782 - R:localhost/127.0.0.1:40971]
00:49:28.449 [main] DEBUG net.serenitybdd.core.photography.Darkroom - Send negative for processing for target\site\serenity\c32967a99d3349ab7acf5e023721c4be65834d556d03271a04d1fb72e3f49187.png
00:49:28.449 [main] DEBUG net.thucydides.core.steps.StepInterceptor - STEP DONE: klikButtonLoginKedua
00:49:28.449 [Darkroom Processing Line] DEBUG net.serenitybdd.core.photography.DarkroomProcessingLine - Processing screenshot image in /var/screenshots/screenshot-17341578518384432677
00:49:28.449 [Darkroom Processing Line] DEBUG net.serenitybdd.core.photography.DarkroomProcessingLine - Saving screenshot to target\site\serenity\c32967a99d3349ab7acf5e023721c4be65834d556d03271a04d1fb72e3f49187.png
  &amp#27;[32mThen &amp#27;[0m&amp#27;[32muser klik button login yang kedua&amp#27;[0m                       &amp#27;[90m# starter.stepdefinitions.LoginRegisterSteps.userKlikButtonLoginYangKedua()&amp#27;[0m
00:49:28.464 [main] DEBUG net.thucydides.core.steps.StepInterceptor - STARTING STEP: LoginRegisterSteps.userMenerimaErrorMessage - munculErrorMessage
00:49:28.468 [Forwarding findElement on session 8d2b16c2266bb28324d0f288a5ec4ed4 to remote] DEBUG org.asynchttpclient.netty.request.NettyRequestSender - Using pooled Channel '[id: 0x78ed976a, L:/127.0.0.1:59782 - R:localhost/127.0.0.1:40971]' for 'POST' to 'http://localhost:40971/session/8d2b16c2266bb28324d0f288a5ec4ed4/element'
00:49:28.468 [Forwarding findElement on session 8d2b16c2266bb28324d0f288a5ec4ed4 to remote] DEBUG org.asynchttpclient.netty.request.NettyRequestSender - Using open Channel [id: 0x78ed976a, L:/127.0.0.1:59782 - R:localhost/127.0.0.1:40971] for POST '/session/8d2b16c2266bb28324d0f288a5ec4ed4/element'
00:49:28.537 [AsyncHttpClient-1-2] DEBUG org.asynchttpclient.netty.handler.HttpHandler - 

Request DefaultHttpRequest(decodeResult: success, version: HTTP/1.1)
POST /session/8d2b16c2266bb28324d0f288a5ec4ed4/element HTTP/1.1
User-Agent: selenium/4.7.1 (java windows)
Content-Length: 139
Content-Type: application/json; charset=utf-8
host: localhost:40971
accept: */*

Response DefaultHttpResponse(decodeResult: success, version: HTTP/1.1)
HTTP/1.1 200 OK
Content-Type: application/json; charset=utf-8
cache-control: no-cache
content-length: 88

00:49:28.538 [AsyncHttpClient-1-2] DEBUG org.asynchttpclient.netty.channel.ChannelManager - Adding key: http://localhost:40971 for channel [id: 0x78ed976a, L:/127.0.0.1:59782 - R:localhost/127.0.0.1:40971]
00:49:28.542 [Forwarding isElementDisplayed on session 8d2b16c2266bb28324d0f288a5ec4ed4 to remote] DEBUG org.asynchttpclient.netty.request.NettyRequestSender - Using pooled Channel '[id: 0x78ed976a, L:/127.0.0.1:59782 - R:localhost/127.0.0.1:40971]' for 'POST' to 'http://localhost:40971/session/8d2b16c2266bb28324d0f288a5ec4ed4/execute/sync'
00:49:28.542 [Forwarding isElementDisplayed on session 8d2b16c2266bb28324d0f288a5ec4ed4 to remote] DEBUG org.asynchttpclient.netty.request.NettyRequestSender - Using open Channel [id: 0x78ed976a, L:/127.0.0.1:59782 - R:localhost/127.0.0.1:40971] for POST '/session/8d2b16c2266bb28324d0f288a5ec4ed4/execute/sync'
00:49:28.553 [AsyncHttpClient-1-2] DEBUG org.asynchttpclient.netty.handler.HttpHandler - 

Request DefaultHttpRequest(decodeResult: success, version: HTTP/1.1)
POST /session/8d2b16c2266bb28324d0f288a5ec4ed4/execute/sync HTTP/1.1
User-Agent: selenium/4.7.1 (java windows)
Content-Length: 48780
Content-Type: application/json; charset=utf-8
host: localhost:40971
accept: */*

Response DefaultHttpResponse(decodeResult: success, version: HTTP/1.1)
HTTP/1.1 200 OK
Content-Type: application/json; charset=utf-8
cache-control: no-cache
content-length: 14

00:49:28.554 [AsyncHttpClient-1-2] DEBUG org.asynchttpclient.netty.channel.ChannelManager - Adding key: http://localhost:40971 for channel [id: 0x78ed976a, L:/127.0.0.1:59782 - R:localhost/127.0.0.1:40971]
00:49:28.562 [Forwarding getCurrentWindowHandle on session 8d2b16c2266bb28324d0f288a5ec4ed4 to remote] DEBUG org.asynchttpclient.netty.request.NettyRequestSender - Using pooled Channel '[id: 0x78ed976a, L:/127.0.0.1:59782 - R:localhost/127.0.0.1:40971]' for 'GET' to 'http://localhost:40971/session/8d2b16c2266bb28324d0f288a5ec4ed4/window'
00:49:28.563 [Forwarding getCurrentWindowHandle on session 8d2b16c2266bb28324d0f288a5ec4ed4 to remote] DEBUG org.asynchttpclient.netty.request.NettyRequestSender - Using open Channel [id: 0x78ed976a, L:/127.0.0.1:59782 - R:localhost/127.0.0.1:40971] for GET '/session/8d2b16c2266bb28324d0f288a5ec4ed4/window'
00:49:28.565 [AsyncHttpClient-1-2] DEBUG org.asynchttpclient.netty.handler.HttpHandler - 

Request DefaultFullHttpRequest(decodeResult: success, version: HTTP/1.1, content: EmptyByteBufBE)
GET /session/8d2b16c2266bb28324d0f288a5ec4ed4/window HTTP/1.1
User-Agent: selenium/4.7.1 (java windows)
Cache-Control: no-cache
Content-Type: application/json; charset=utf-8
host: localhost:40971
accept: */*

Response DefaultHttpResponse(decodeResult: success, version: HTTP/1.1)
HTTP/1.1 200 OK
Content-Type: application/json; charset=utf-8
cache-control: no-cache
content-length: 44

00:49:28.566 [AsyncHttpClient-1-2] DEBUG org.asynchttpclient.netty.channel.ChannelManager - Adding key: http://localhost:40971 for channel [id: 0x78ed976a, L:/127.0.0.1:59782 - R:localhost/127.0.0.1:40971]
00:49:28.568 [Forwarding getAlertText on session 8d2b16c2266bb28324d0f288a5ec4ed4 to remote] DEBUG org.asynchttpclient.netty.request.NettyRequestSender - Using pooled Channel '[id: 0x78ed976a, L:/127.0.0.1:59782 - R:localhost/127.0.0.1:40971]' for 'GET' to 'http://localhost:40971/session/8d2b16c2266bb28324d0f288a5ec4ed4/alert/text'
00:49:28.569 [Forwarding getAlertText on session 8d2b16c2266bb28324d0f288a5ec4ed4 to remote] DEBUG org.asynchttpclient.netty.request.NettyRequestSender - Using open Channel [id: 0x78ed976a, L:/127.0.0.1:59782 - R:localhost/127.0.0.1:40971] for GET '/session/8d2b16c2266bb28324d0f288a5ec4ed4/alert/text'
00:49:28.576 [AsyncHttpClient-1-2] DEBUG org.asynchttpclient.netty.handler.HttpHandler - 

Request DefaultFullHttpRequest(decodeResult: success, version: HTTP/1.1, content: EmptyByteBufBE)
GET /session/8d2b16c2266bb28324d0f288a5ec4ed4/alert/text HTTP/1.1
User-Agent: selenium/4.7.1 (java windows)
Cache-Control: no-cache
Content-Type: application/json; charset=utf-8
host: localhost:40971
accept: */*

Response DefaultHttpResponse(decodeResult: success, version: HTTP/1.1)
HTTP/1.1 404 Not Found
Content-Type: application/json; charset=utf-8
cache-control: no-cache
content-length: 849

00:49:28.576 [AsyncHttpClient-1-2] DEBUG org.asynchttpclient.netty.channel.ChannelManager - Adding key: http://localhost:40971 for channel [id: 0x78ed976a, L:/127.0.0.1:59782 - R:localhost/127.0.0.1:40971]
00:49:28.579 [Forwarding switchToWindow on session 8d2b16c2266bb28324d0f288a5ec4ed4 to remote] DEBUG org.asynchttpclient.netty.request.NettyRequestSender - Using pooled Channel '[id: 0x78ed976a, L:/127.0.0.1:59782 - R:localhost/127.0.0.1:40971]' for 'POST' to 'http://localhost:40971/session/8d2b16c2266bb28324d0f288a5ec4ed4/window'
00:49:28.579 [Forwarding switchToWindow on session 8d2b16c2266bb28324d0f288a5ec4ed4 to remote] DEBUG org.asynchttpclient.netty.request.NettyRequestSender - Using open Channel [id: 0x78ed976a, L:/127.0.0.1:59782 - R:localhost/127.0.0.1:40971] for POST '/session/8d2b16c2266bb28324d0f288a5ec4ed4/window'
00:49:28.582 [AsyncHttpClient-1-2] DEBUG org.asynchttpclient.netty.handler.HttpHandler - 

Request DefaultHttpRequest(decodeResult: success, version: HTTP/1.1)
POST /session/8d2b16c2266bb28324d0f288a5ec4ed4/window HTTP/1.1
User-Agent: selenium/4.7.1 (java windows)
Content-Length: 50
Content-Type: application/json; charset=utf-8
host: localhost:40971
accept: */*

Response DefaultHttpResponse(decodeResult: success, version: HTTP/1.1)
HTTP/1.1 200 OK
Content-Type: application/json; charset=utf-8
cache-control: no-cache
content-length: 14

00:49:28.583 [AsyncHttpClient-1-2] DEBUG org.asynchttpclient.netty.channel.ChannelManager - Adding key: http://localhost:40971 for channel [id: 0x78ed976a, L:/127.0.0.1:59782 - R:localhost/127.0.0.1:40971]
00:49:28.584 [Forwarding getCurrentUrl on session 8d2b16c2266bb28324d0f288a5ec4ed4 to remote] DEBUG org.asynchttpclient.netty.request.NettyRequestSender - Using pooled Channel '[id: 0x78ed976a, L:/127.0.0.1:59782 - R:localhost/127.0.0.1:40971]' for 'GET' to 'http://localhost:40971/session/8d2b16c2266bb28324d0f288a5ec4ed4/url'
00:49:28.584 [Forwarding getCurrentUrl on session 8d2b16c2266bb28324d0f288a5ec4ed4 to remote] DEBUG org.asynchttpclient.netty.request.NettyRequestSender - Using open Channel [id: 0x78ed976a, L:/127.0.0.1:59782 - R:localhost/127.0.0.1:40971] for GET '/session/8d2b16c2266bb28324d0f288a5ec4ed4/url'
00:49:28.588 [AsyncHttpClient-1-2] DEBUG org.asynchttpclient.netty.handler.HttpHandler - 

Request DefaultFullHttpRequest(decodeResult: success, version: HTTP/1.1, content: EmptyByteBufBE)
GET /session/8d2b16c2266bb28324d0f288a5ec4ed4/url HTTP/1.1
User-Agent: selenium/4.7.1 (java windows)
Cache-Control: no-cache
Content-Type: application/json; charset=utf-8
host: localhost:40971
accept: */*

Response DefaultHttpResponse(decodeResult: success, version: HTTP/1.1)
HTTP/1.1 200 OK
Content-Type: application/json; charset=utf-8
cache-control: no-cache
content-length: 51

00:49:28.588 [AsyncHttpClient-1-2] DEBUG org.asynchttpclient.netty.channel.ChannelManager - Adding key: http://localhost:40971 for channel [id: 0x78ed976a, L:/127.0.0.1:59782 - R:localhost/127.0.0.1:40971]
00:49:28.589 [Forwarding screenshot on session 8d2b16c2266bb28324d0f288a5ec4ed4 to remote] DEBUG org.asynchttpclient.netty.request.NettyRequestSender - Using pooled Channel '[id: 0x78ed976a, L:/127.0.0.1:59782 - R:localhost/127.0.0.1:40971]' for 'GET' to 'http://localhost:40971/session/8d2b16c2266bb28324d0f288a5ec4ed4/screenshot'
00:49:28.589 [Forwarding screenshot on session 8d2b16c2266bb28324d0f288a5ec4ed4 to remote] DEBUG org.asynchttpclient.netty.request.NettyRequestSender - Using open Channel [id: 0x78ed976a, L:/127.0.0.1:59782 - R:localhost/127.0.0.1:40971] for GET '/session/8d2b16c2266bb28324d0f288a5ec4ed4/screenshot'
00:49:28.700 [AsyncHttpClient-1-2] DEBUG org.asynchttpclient.netty.handler.HttpHandler - 

Request DefaultFullHttpRequest(decodeResult: success, version: HTTP/1.1, content: EmptyByteBufBE)
GET /session/8d2b16c2266bb28324d0f288a5ec4ed4/screenshot HTTP/1.1
User-Agent: selenium/4.7.1 (java windows)
Cache-Control: no-cache
Content-Type: application/json; charset=utf-8
host: localhost:40971
accept: */*

Response DefaultHttpResponse(decodeResult: success, version: HTTP/1.1)
HTTP/1.1 200 OK
Content-Type: application/json; charset=utf-8
cache-control: no-cache
content-length: 34260

00:49:28.700 [AsyncHttpClient-1-2] DEBUG org.asynchttpclient.netty.channel.ChannelManager - Adding key: http://localhost:40971 for channel [id: 0x78ed976a, L:/127.0.0.1:59782 - R:localhost/127.0.0.1:40971]
00:49:28.702 [main] DEBUG net.serenitybdd.core.photography.Darkroom - Send negative for processing for target\site\serenity\0382e65733976083e78c13ecef8b86c481335ab331d7685f3296a0544f4739cd.png
00:49:28.703 [main] DEBUG net.thucydides.core.steps.StepInterceptor - STEP DONE: munculErrorMessage
00:49:28.703 [Darkroom Processing Line] DEBUG net.serenitybdd.core.photography.DarkroomProcessingLine - Processing screenshot image in /var/screenshots/screenshot-7977008503295440448
00:49:28.703 [Darkroom Processing Line] DEBUG net.serenitybdd.core.photography.DarkroomProcessingLine - Saving screenshot to target\site\serenity\0382e65733976083e78c13ecef8b86c481335ab331d7685f3296a0544f4739cd.png
  &amp#27;[32mAnd &amp#27;[0m&amp#27;[32muser menerima error message &amp#27;[0m&amp#27;[32m&amp#27;[1m"record not found"&amp#27;[0m           &amp#27;[90m# starter.stepdefinitions.LoginRegisterSteps.userMenerimaErrorMessage(java.lang.String)&amp#27;[0m
00:49:28.714 [main] INFO  - 
  _____   ___   ___   _____     ___     _     ___   ___   ___   ___  
 |_   _| | __| / __| |_   _|   | _ \   /_\   / __| / __| | __| |   \ 
   | |   | _|  \__ \   | |     |  _/  / _ \  \__ \ \__ \ | _|  | |) |
   |_|   |___| |___/   |_|     |_|   /_/ \_\ |___/ |___/ |___| |___/ 

user tidak bisa login karena akunnya belum terdaftar
----------------------------------------------------------------------
00:49:28.780 [Driver Command Executor] DEBUG org.asynchttpclient.netty.request.NettyRequestSender - Using pooled Channel '[id: 0x78ed976a, L:/127.0.0.1:59782 - R:localhost/127.0.0.1:40971]' for 'DELETE' to 'http://localhost:40971/session/8d2b16c2266bb28324d0f288a5ec4ed4'
00:49:28.781 [Driver Command Executor] DEBUG org.asynchttpclient.netty.request.NettyRequestSender - Using open Channel [id: 0x78ed976a, L:/127.0.0.1:59782 - R:localhost/127.0.0.1:40971] for DELETE '/session/8d2b16c2266bb28324d0f288a5ec4ed4'
00:49:28.786 [AsyncHttpClient-1-4] DEBUG org.asynchttpclient.netty.handler.WebSocketHandler - Unexpected I/O exception on channel [id: 0x038f052a, L:/127.0.0.1:59791 - R:localhost/127.0.0.1:59783]
java.io.IOException: An established connection was aborted by the software in your host machine
	at java.base/sun.nio.ch.SocketDispatcher.read0(Native Method)
	at java.base/sun.nio.ch.SocketDispatcher.read(SocketDispatcher.java:46)
	at java.base/sun.nio.ch.IOUtil.readIntoNativeBuffer(IOUtil.java:339)
	at java.base/sun.nio.ch.IOUtil.read(IOUtil.java:293)
	at java.base/sun.nio.ch.IOUtil.read(IOUtil.java:268)
	at java.base/sun.nio.ch.SocketChannelImpl.read(SocketChannelImpl.java:425)
	at io.netty.buffer.PooledByteBuf.setBytes(PooledByteBuf.java:259)
	at io.netty.buffer.AbstractByteBuf.writeBytes(AbstractByteBuf.java:1132)
	at io.netty.channel.socket.nio.NioSocketChannel.doReadBytes(NioSocketChannel.java:357)
	at io.netty.channel.nio.AbstractNioByteChannel$NioByteUnsafe.read(AbstractNioByteChannel.java:151)
	at io.netty.channel.nio.NioEventLoop.processSelectedKey(NioEventLoop.java:788)
	at io.netty.channel.nio.NioEventLoop.processSelectedKeysOptimized(NioEventLoop.java:724)
	at io.netty.channel.nio.NioEventLoop.processSelectedKeys(NioEventLoop.java:650)
	at io.netty.channel.nio.NioEventLoop.run(NioEventLoop.java:562)
	at io.netty.util.concurrent.SingleThreadEventExecutor$4.run(SingleThreadEventExecutor.java:997)
	at io.netty.util.internal.ThreadExecutorMap$2.run(ThreadExecutorMap.java:74)
	at io.netty.util.concurrent.FastThreadLocalRunnable.run(FastThreadLocalRunnable.java:30)
	at java.base/java.lang.Thread.run(Thread.java:1589)
00:49:28.786 [AsyncHttpClient-1-4] DEBUG org.asynchttpclient.netty.handler.WebSocketHandler - Trying to recover from dead Channel: [id: 0x038f052a, L:/127.0.0.1:59791 - R:localhost/127.0.0.1:59783]
00:49:28.788 [AsyncHttpClient-1-4] DEBUG org.asynchttpclient.netty.handler.WebSocketHandler - Channel Closed: [id: 0x038f052a, L:/127.0.0.1:59791 ! R:localhost/127.0.0.1:59783] with attribute NettyResponseFuture{currentRetry=0,
	isDone=1,
	isCancelled=0,
	asyncHandler=org.asynchttpclient.ws.WebSocketUpgradeHandler@eb17ee,
	nettyRequest=org.asynchttpclient.netty.request.NettyRequest@35666b01,
	future=java.util.concurrent.CompletableFuture@5b3ff587[Completed normally],
	uri=ws://localhost:59783/devtools/browser/88d01fdb-e723-4794-a688-05bbdb17fc28,
	keepAlive=true,
	redirectCount=0,
	timeoutsHolder=null,
	inAuth=0,
	touch=1683654568786}
00:49:28.788 [AsyncHttpClient-1-4] DEBUG org.asynchttpclient.netty.channel.ChannelManager - Closing Channel [id: 0x038f052a, L:/127.0.0.1:59791 ! R:localhost/127.0.0.1:59783] 
00:49:28.844 [AsyncHttpClient-1-3] DEBUG org.asynchttpclient.netty.handler.HttpHandler - Unexpected I/O exception on channel [id: 0xc077648c, L:/127.0.0.1:59790 - R:localhost/127.0.0.1:59783]
java.net.SocketException: Connection reset
	at java.base/sun.nio.ch.SocketChannelImpl.throwConnectionReset(SocketChannelImpl.java:401)
	at java.base/sun.nio.ch.SocketChannelImpl.read(SocketChannelImpl.java:434)
	at io.netty.buffer.PooledByteBuf.setBytes(PooledByteBuf.java:259)
	at io.netty.buffer.AbstractByteBuf.writeBytes(AbstractByteBuf.java:1132)
	at io.netty.channel.socket.nio.NioSocketChannel.doReadBytes(NioSocketChannel.java:357)
	at io.netty.channel.nio.AbstractNioByteChannel$NioByteUnsafe.read(AbstractNioByteChannel.java:151)
	at io.netty.channel.nio.NioEventLoop.processSelectedKey(NioEventLoop.java:788)
	at io.netty.channel.nio.NioEventLoop.processSelectedKeysOptimized(NioEventLoop.java:724)
	at io.netty.channel.nio.NioEventLoop.processSelectedKeys(NioEventLoop.java:650)
	at io.netty.channel.nio.NioEventLoop.run(NioEventLoop.java:562)
	at io.netty.util.concurrent.SingleThreadEventExecutor$4.run(SingleThreadEventExecutor.java:997)
	at io.netty.util.internal.ThreadExecutorMap$2.run(ThreadExecutorMap.java:74)
	at io.netty.util.concurrent.FastThreadLocalRunnable.run(FastThreadLocalRunnable.java:30)
	at java.base/java.lang.Thread.run(Thread.java:1589)
00:49:28.844 [AsyncHttpClient-1-3] DEBUG org.asynchttpclient.netty.channel.ChannelManager - Closing Channel [id: 0xc077648c, L:/127.0.0.1:59790 - R:localhost/127.0.0.1:59783] 
00:49:28.844 [AsyncHttpClient-1-3] DEBUG org.asynchttpclient.netty.handler.HttpHandler - Channel Closed: [id: 0xc077648c, L:/127.0.0.1:59790 ! R:localhost/127.0.0.1:59783] with attribute DISCARD
00:49:29.008 [AsyncHttpClient-1-2] DEBUG org.asynchttpclient.netty.handler.HttpHandler - 

Request DefaultFullHttpRequest(decodeResult: success, version: HTTP/1.1, content: EmptyByteBufBE)
DELETE /session/8d2b16c2266bb28324d0f288a5ec4ed4 HTTP/1.1
User-Agent: selenium/4.7.1 (java windows)
Content-Type: application/json; charset=utf-8
host: localhost:40971
accept: */*

Response DefaultHttpResponse(decodeResult: success, version: HTTP/1.1)
HTTP/1.1 200 OK
Content-Type: application/json; charset=utf-8
cache-control: no-cache
content-length: 14

00:49:29.008 [AsyncHttpClient-1-2] DEBUG org.asynchttpclient.netty.channel.ChannelManager - Adding key: http://localhost:40971 for channel [id: 0x78ed976a, L:/127.0.0.1:59782 - R:localhost/127.0.0.1:40971]
00:49:29.055 [AsyncHttpClient-1-2] DEBUG org.asynchttpclient.netty.handler.HttpHandler - Channel Closed: [id: 0x78ed976a, L:/127.0.0.1:59782 ! R:localhost/127.0.0.1:40971] with attribute DISCARD
]]></system-out>
    <system-err><![CDATA[Starting ChromeDriver 112.0.5615.49 (bd2a7bcb881c11e8cfe3078709382934e3916914-refs/branch-heads/5615@{#936}) on port 40971
Only local connections are allowed.
Please see https://chromedriver.chromium.org/security-considerations for suggestions on keeping ChromeDriver safe.
ChromeDriver was started successfully.
May 10, 2023 12:49:15 AM org.openqa.selenium.devtools.CdpVersionFinder findNearestMatch
WARNING: Unable to find an exact match for CDP version 112, so returning the closest version found: 108
]]></system-err>
  </testcase>
  <testcase name="user bisa login dengan data valid" classname="login" time="7.049">
    <system-out><![CDATA[
@AS02-positive
Scenario: user bisa login dengan data valid &amp#27;[90m# src/test/resources/features/1. Login.feature:14&amp#27;[0m
00:49:29.165 [main] INFO io.cucumber.core.plugin.SerenityReporter - Running feature from file:///C:/Users/HP/Downloads/Mini-Project-QA/ALTASHOP%20WEB%20AUTOMATION/src/test/resources/features/1.%20Login.feature
00:49:29.165 [main] INFO  - 
  _____   ___   ___   _____     ___   _____     _     ___   _____   ___   ___  
 |_   _| | __| / __| |_   _|   / __| |_   _|   /_\   | _ \ |_   _| | __| |   \ 
   | |   | _|  \__ \   | |     \__ \   | |    / _ \  |   /   | |   | _|  | |) |
   |_|   |___| |___/   |_|     |___/   |_|   /_/ \_\ |_|_\   |_|   |___| |___/ 

user bisa login dengan data valid(login;user-bisa-login-dengan-data-valid)
--------------------------------------------------------------------------------
00:49:29.196 [main] DEBUG net.thucydides.core.steps.StepInterceptor - STARTING STEP: LoginRegisterSteps.userBeradaDiHomepageAlta - diHomepageAltaShop
00:49:29.227 [AsyncHttpClient-1-1] DEBUG org.asynchttpclient.netty.channel.DefaultChannelPool - Entry count for : http://localhost:59783 : 1
00:49:29.227 [AsyncHttpClient-1-1] DEBUG org.asynchttpclient.netty.channel.DefaultChannelPool - Entry count for : http://localhost:40971 : 1
00:49:29.227 [AsyncHttpClient-1-1] DEBUG org.asynchttpclient.netty.channel.DefaultChannelPool - Adding Candidate expired Channel [id: 0xc077648c, L:/127.0.0.1:59790 ! R:localhost/127.0.0.1:59783] isIdleTimeoutExpired=false isRemotelyClosed=true isTtlExpired=false
00:49:29.227 [AsyncHttpClient-1-1] DEBUG org.asynchttpclient.netty.channel.DefaultChannelPool - Closing Idle Channel [id: 0xc077648c, L:/127.0.0.1:59790 ! R:localhost/127.0.0.1:59783]
00:49:29.227 [AsyncHttpClient-1-1] DEBUG org.asynchttpclient.netty.channel.DefaultChannelPool - Adding Candidate expired Channel [id: 0x78ed976a, L:/127.0.0.1:59782 ! R:localhost/127.0.0.1:40971] isIdleTimeoutExpired=false isRemotelyClosed=true isTtlExpired=false
00:49:29.227 [AsyncHttpClient-1-1] DEBUG org.asynchttpclient.netty.channel.DefaultChannelPool - Closing Idle Channel [id: 0x78ed976a, L:/127.0.0.1:59782 ! R:localhost/127.0.0.1:40971]
00:49:29.227 [AsyncHttpClient-1-1] DEBUG org.asynchttpclient.netty.channel.DefaultChannelPool - Closed 2 connections out of 2 in 0 ms
00:49:29.258 [main] INFO net.serenitybdd.core.webdriver.driverproviders.ChromeDriverProvider - Starting Chrome driver instance with capabilities:
00:49:29.258 [main] INFO net.serenitybdd.core.webdriver.driverproviders.ChromeDriverProvider - Capabilities {acceptInsecureCerts: true, browserName: chrome, goog:chromeOptions: {args: [remote-allow-origins=*, test-type, no-sandbox, ignore-certificate-errors, start-maximized, incognito, disable-infobars, disable-gpu, disable-default-apps, disable-popup-blocking, remote-allow-origins=*, test-type, no-sandbox, ignore-certificate-errors, start-maximized, incognito, disable-infobars, disable-gpu, disable-default-apps, disable-popup-blocking], extensions: []}}
00:49:29.430 [AsyncHttpClient-1-5] DEBUG org.asynchttpclient.netty.channel.NettyConnectListener - Using new Channel '[id: 0xc1d370b3, L:/127.0.0.1:59809 - R:localhost/127.0.0.1:28624]' for 'POST' to '/session'
00:49:30.094 [AsyncHttpClient-1-5] DEBUG org.asynchttpclient.netty.handler.HttpHandler - 

Request DefaultHttpRequest(decodeResult: success, version: HTTP/1.1)
POST /session HTTP/1.1
User-Agent: selenium/4.7.1 (java windows)
Content-Length: 1629
Content-Type: application/json; charset=utf-8
host: localhost:28624
accept: */*

Response DefaultHttpResponse(decodeResult: success, version: HTTP/1.1)
HTTP/1.1 200 OK
Content-Type: application/json; charset=utf-8
cache-control: no-cache
content-length: 855

00:49:30.095 [AsyncHttpClient-1-5] DEBUG org.asynchttpclient.netty.channel.ChannelManager - Adding key: http://localhost:28624 for channel [id: 0xc1d370b3, L:/127.0.0.1:59809 - R:localhost/127.0.0.1:28624]
00:49:30.104 [AsyncHttpClient-1-6] DEBUG org.asynchttpclient.netty.channel.NettyConnectListener - Using new Channel '[id: 0xcfe22fd7, L:/127.0.0.1:59816 - R:localhost/127.0.0.1:59810]' for 'GET' to '/json/version'
00:49:30.109 [AsyncHttpClient-1-6] DEBUG org.asynchttpclient.netty.handler.HttpHandler - 

Request DefaultFullHttpRequest(decodeResult: success, version: HTTP/1.1, content: EmptyByteBufBE)
GET /json/version HTTP/1.1
User-Agent: selenium/4.7.1 (java windows)
host: localhost:59810
accept: */*

Response DefaultHttpResponse(decodeResult: success, version: HTTP/1.1)
HTTP/1.1 200 OK
Content-Security-Policy: frame-ancestors 'none'
Content-Type: application/json; charset=UTF-8
content-length: 424

00:49:30.109 [AsyncHttpClient-1-6] DEBUG org.asynchttpclient.netty.channel.ChannelManager - Adding key: http://localhost:59810 for channel [id: 0xcfe22fd7, L:/127.0.0.1:59816 - R:localhost/127.0.0.1:59810]
00:49:30.113 [AsyncHttpClient-1-7] DEBUG org.asynchttpclient.netty.channel.NettyConnectListener - Using new Channel '[id: 0x550042b1, L:/127.0.0.1:59817 - R:localhost/127.0.0.1:59810]' for 'GET' to '/devtools/browser/f8a349bb-6e7d-4da7-bbf9-947974c6625c'
00:49:30.117 [AsyncHttpClient-1-7] DEBUG org.asynchttpclient.netty.handler.WebSocketHandler - 

Request DefaultFullHttpRequest(decodeResult: success, version: HTTP/1.1, content: EmptyByteBufBE)
GET /devtools/browser/f8a349bb-6e7d-4da7-bbf9-947974c6625c HTTP/1.1
upgrade: websocket
connection: upgrade
sec-websocket-key: PCiUXhS2jTlrGlm5lrjJnA==
sec-websocket-version: 13
origin: http://localhost:59810
host: localhost:59810
accept: */*
user-agent: AHC/2.1

Response DefaultHttpResponse(decodeResult: success, version: HTTP/1.1)
HTTP/1.1 101 WebSocket Protocol Handshake
Upgrade: WebSocket
Connection: Upgrade
Sec-WebSocket-Accept: 9WR6HAY8tlDIWO+hX3/P/LEwpDg=

00:49:30.125 [Forwarding get on session a03d2cba362fef93da8fb6d6fd407bc8 to remote] DEBUG org.asynchttpclient.netty.request.NettyRequestSender - Using pooled Channel '[id: 0xc1d370b3, L:/127.0.0.1:59809 - R:localhost/127.0.0.1:28624]' for 'POST' to 'http://localhost:28624/session/a03d2cba362fef93da8fb6d6fd407bc8/url'
00:49:30.125 [Forwarding get on session a03d2cba362fef93da8fb6d6fd407bc8 to remote] DEBUG org.asynchttpclient.netty.request.NettyRequestSender - Using open Channel [id: 0xc1d370b3, L:/127.0.0.1:59809 - R:localhost/127.0.0.1:28624] for POST '/session/a03d2cba362fef93da8fb6d6fd407bc8/url'
00:49:30.333 [AsyncHttpClient-1-1] DEBUG org.asynchttpclient.netty.channel.DefaultChannelPool - Entry count for : http://localhost:59810 : 1
00:49:31.429 [AsyncHttpClient-1-1] DEBUG org.asynchttpclient.netty.channel.DefaultChannelPool - Entry count for : http://localhost:59810 : 1
00:49:31.703 [AsyncHttpClient-1-5] DEBUG org.asynchttpclient.netty.handler.HttpHandler - 

Request DefaultHttpRequest(decodeResult: success, version: HTTP/1.1)
POST /session/a03d2cba362fef93da8fb6d6fd407bc8/url HTTP/1.1
User-Agent: selenium/4.7.1 (java windows)
Content-Length: 59
Content-Type: application/json; charset=utf-8
host: localhost:28624
accept: */*

Response DefaultHttpResponse(decodeResult: success, version: HTTP/1.1)
HTTP/1.1 200 OK
Content-Type: application/json; charset=utf-8
cache-control: no-cache
content-length: 14

00:49:31.703 [AsyncHttpClient-1-5] DEBUG org.asynchttpclient.netty.channel.ChannelManager - Adding key: http://localhost:28624 for channel [id: 0xc1d370b3, L:/127.0.0.1:59809 - R:localhost/127.0.0.1:28624]
00:49:31.707 [Forwarding setTimeout on session a03d2cba362fef93da8fb6d6fd407bc8 to remote] DEBUG org.asynchttpclient.netty.request.NettyRequestSender - Using pooled Channel '[id: 0xc1d370b3, L:/127.0.0.1:59809 - R:localhost/127.0.0.1:28624]' for 'POST' to 'http://localhost:28624/session/a03d2cba362fef93da8fb6d6fd407bc8/timeouts'
00:49:31.707 [Forwarding setTimeout on session a03d2cba362fef93da8fb6d6fd407bc8 to remote] DEBUG org.asynchttpclient.netty.request.NettyRequestSender - Using open Channel [id: 0xc1d370b3, L:/127.0.0.1:59809 - R:localhost/127.0.0.1:28624] for POST '/session/a03d2cba362fef93da8fb6d6fd407bc8/timeouts'
00:49:31.709 [AsyncHttpClient-1-5] DEBUG org.asynchttpclient.netty.handler.HttpHandler - 

Request DefaultHttpRequest(decodeResult: success, version: HTTP/1.1)
POST /session/a03d2cba362fef93da8fb6d6fd407bc8/timeouts HTTP/1.1
User-Agent: selenium/4.7.1 (java windows)
Content-Length: 22
Content-Type: application/json; charset=utf-8
host: localhost:28624
accept: */*

Response DefaultHttpResponse(decodeResult: success, version: HTTP/1.1)
HTTP/1.1 200 OK
Content-Type: application/json; charset=utf-8
cache-control: no-cache
content-length: 14

00:49:31.710 [AsyncHttpClient-1-5] DEBUG org.asynchttpclient.netty.channel.ChannelManager - Adding key: http://localhost:28624 for channel [id: 0xc1d370b3, L:/127.0.0.1:59809 - R:localhost/127.0.0.1:28624]
00:49:31.716 [Forwarding getCurrentUrl on session a03d2cba362fef93da8fb6d6fd407bc8 to remote] DEBUG org.asynchttpclient.netty.request.NettyRequestSender - Using pooled Channel '[id: 0xc1d370b3, L:/127.0.0.1:59809 - R:localhost/127.0.0.1:28624]' for 'GET' to 'http://localhost:28624/session/a03d2cba362fef93da8fb6d6fd407bc8/url'
00:49:31.716 [Forwarding getCurrentUrl on session a03d2cba362fef93da8fb6d6fd407bc8 to remote] DEBUG org.asynchttpclient.netty.request.NettyRequestSender - Using open Channel [id: 0xc1d370b3, L:/127.0.0.1:59809 - R:localhost/127.0.0.1:28624] for GET '/session/a03d2cba362fef93da8fb6d6fd407bc8/url'
00:49:31.723 [AsyncHttpClient-1-5] DEBUG org.asynchttpclient.netty.handler.HttpHandler - 

Request DefaultFullHttpRequest(decodeResult: success, version: HTTP/1.1, content: EmptyByteBufBE)
GET /session/a03d2cba362fef93da8fb6d6fd407bc8/url HTTP/1.1
User-Agent: selenium/4.7.1 (java windows)
Cache-Control: no-cache
Content-Type: application/json; charset=utf-8
host: localhost:28624
accept: */*

Response DefaultHttpResponse(decodeResult: success, version: HTTP/1.1)
HTTP/1.1 200 OK
Content-Type: application/json; charset=utf-8
cache-control: no-cache
content-length: 41

00:49:31.723 [AsyncHttpClient-1-5] DEBUG org.asynchttpclient.netty.channel.ChannelManager - Adding key: http://localhost:28624 for channel [id: 0xc1d370b3, L:/127.0.0.1:59809 - R:localhost/127.0.0.1:28624]
00:49:31.729 [Forwarding getCurrentUrl on session a03d2cba362fef93da8fb6d6fd407bc8 to remote] DEBUG org.asynchttpclient.netty.request.NettyRequestSender - Using pooled Channel '[id: 0xc1d370b3, L:/127.0.0.1:59809 - R:localhost/127.0.0.1:28624]' for 'GET' to 'http://localhost:28624/session/a03d2cba362fef93da8fb6d6fd407bc8/url'
00:49:31.729 [Forwarding getCurrentUrl on session a03d2cba362fef93da8fb6d6fd407bc8 to remote] DEBUG org.asynchttpclient.netty.request.NettyRequestSender - Using open Channel [id: 0xc1d370b3, L:/127.0.0.1:59809 - R:localhost/127.0.0.1:28624] for GET '/session/a03d2cba362fef93da8fb6d6fd407bc8/url'
00:49:31.735 [AsyncHttpClient-1-5] DEBUG org.asynchttpclient.netty.handler.HttpHandler - 

Request DefaultFullHttpRequest(decodeResult: success, version: HTTP/1.1, content: EmptyByteBufBE)
GET /session/a03d2cba362fef93da8fb6d6fd407bc8/url HTTP/1.1
User-Agent: selenium/4.7.1 (java windows)
Cache-Control: no-cache
Content-Type: application/json; charset=utf-8
host: localhost:28624
accept: */*

Response DefaultHttpResponse(decodeResult: success, version: HTTP/1.1)
HTTP/1.1 200 OK
Content-Type: application/json; charset=utf-8
cache-control: no-cache
content-length: 41

00:49:31.735 [AsyncHttpClient-1-5] DEBUG org.asynchttpclient.netty.channel.ChannelManager - Adding key: http://localhost:28624 for channel [id: 0xc1d370b3, L:/127.0.0.1:59809 - R:localhost/127.0.0.1:28624]
00:49:31.739 [Forwarding findElement on session a03d2cba362fef93da8fb6d6fd407bc8 to remote] DEBUG org.asynchttpclient.netty.request.NettyRequestSender - Using pooled Channel '[id: 0xc1d370b3, L:/127.0.0.1:59809 - R:localhost/127.0.0.1:28624]' for 'POST' to 'http://localhost:28624/session/a03d2cba362fef93da8fb6d6fd407bc8/element'
00:49:31.739 [Forwarding findElement on session a03d2cba362fef93da8fb6d6fd407bc8 to remote] DEBUG org.asynchttpclient.netty.request.NettyRequestSender - Using open Channel [id: 0xc1d370b3, L:/127.0.0.1:59809 - R:localhost/127.0.0.1:28624] for POST '/session/a03d2cba362fef93da8fb6d6fd407bc8/element'
00:49:31.758 [AsyncHttpClient-1-5] DEBUG org.asynchttpclient.netty.handler.HttpHandler - 

Request DefaultHttpRequest(decodeResult: success, version: HTTP/1.1)
POST /session/a03d2cba362fef93da8fb6d6fd407bc8/element HTTP/1.1
User-Agent: selenium/4.7.1 (java windows)
Content-Length: 108
Content-Type: application/json; charset=utf-8
host: localhost:28624
accept: */*

Response DefaultHttpResponse(decodeResult: success, version: HTTP/1.1)
HTTP/1.1 200 OK
Content-Type: application/json; charset=utf-8
cache-control: no-cache
content-length: 88

00:49:31.758 [AsyncHttpClient-1-5] DEBUG org.asynchttpclient.netty.channel.ChannelManager - Adding key: http://localhost:28624 for channel [id: 0xc1d370b3, L:/127.0.0.1:59809 - R:localhost/127.0.0.1:28624]
00:49:31.765 [Forwarding isElementDisplayed on session a03d2cba362fef93da8fb6d6fd407bc8 to remote] DEBUG org.asynchttpclient.netty.request.NettyRequestSender - Using pooled Channel '[id: 0xc1d370b3, L:/127.0.0.1:59809 - R:localhost/127.0.0.1:28624]' for 'POST' to 'http://localhost:28624/session/a03d2cba362fef93da8fb6d6fd407bc8/execute/sync'
00:49:31.765 [Forwarding isElementDisplayed on session a03d2cba362fef93da8fb6d6fd407bc8 to remote] DEBUG org.asynchttpclient.netty.request.NettyRequestSender - Using open Channel [id: 0xc1d370b3, L:/127.0.0.1:59809 - R:localhost/127.0.0.1:28624] for POST '/session/a03d2cba362fef93da8fb6d6fd407bc8/execute/sync'
00:49:31.783 [AsyncHttpClient-1-5] DEBUG org.asynchttpclient.netty.handler.HttpHandler - 

Request DefaultHttpRequest(decodeResult: success, version: HTTP/1.1)
POST /session/a03d2cba362fef93da8fb6d6fd407bc8/execute/sync HTTP/1.1
User-Agent: selenium/4.7.1 (java windows)
Content-Length: 48780
Content-Type: application/json; charset=utf-8
host: localhost:28624
accept: */*

Response DefaultHttpResponse(decodeResult: success, version: HTTP/1.1)
HTTP/1.1 200 OK
Content-Type: application/json; charset=utf-8
cache-control: no-cache
content-length: 14

00:49:31.784 [AsyncHttpClient-1-5] DEBUG org.asynchttpclient.netty.channel.ChannelManager - Adding key: http://localhost:28624 for channel [id: 0xc1d370b3, L:/127.0.0.1:59809 - R:localhost/127.0.0.1:28624]
00:49:31.787 [Forwarding isElementDisplayed on session a03d2cba362fef93da8fb6d6fd407bc8 to remote] DEBUG org.asynchttpclient.netty.request.NettyRequestSender - Using pooled Channel '[id: 0xc1d370b3, L:/127.0.0.1:59809 - R:localhost/127.0.0.1:28624]' for 'POST' to 'http://localhost:28624/session/a03d2cba362fef93da8fb6d6fd407bc8/execute/sync'
00:49:31.788 [Forwarding isElementDisplayed on session a03d2cba362fef93da8fb6d6fd407bc8 to remote] DEBUG org.asynchttpclient.netty.request.NettyRequestSender - Using open Channel [id: 0xc1d370b3, L:/127.0.0.1:59809 - R:localhost/127.0.0.1:28624] for POST '/session/a03d2cba362fef93da8fb6d6fd407bc8/execute/sync'
00:49:31.804 [AsyncHttpClient-1-5] DEBUG org.asynchttpclient.netty.handler.HttpHandler - 

Request DefaultHttpRequest(decodeResult: success, version: HTTP/1.1)
POST /session/a03d2cba362fef93da8fb6d6fd407bc8/execute/sync HTTP/1.1
User-Agent: selenium/4.7.1 (java windows)
Content-Length: 48780
Content-Type: application/json; charset=utf-8
host: localhost:28624
accept: */*

Response DefaultHttpResponse(decodeResult: success, version: HTTP/1.1)
HTTP/1.1 200 OK
Content-Type: application/json; charset=utf-8
cache-control: no-cache
content-length: 14

00:49:31.805 [AsyncHttpClient-1-5] DEBUG org.asynchttpclient.netty.channel.ChannelManager - Adding key: http://localhost:28624 for channel [id: 0xc1d370b3, L:/127.0.0.1:59809 - R:localhost/127.0.0.1:28624]
00:49:31.812 [Forwarding getCurrentWindowHandle on session a03d2cba362fef93da8fb6d6fd407bc8 to remote] DEBUG org.asynchttpclient.netty.request.NettyRequestSender - Using pooled Channel '[id: 0xc1d370b3, L:/127.0.0.1:59809 - R:localhost/127.0.0.1:28624]' for 'GET' to 'http://localhost:28624/session/a03d2cba362fef93da8fb6d6fd407bc8/window'
00:49:31.812 [Forwarding getCurrentWindowHandle on session a03d2cba362fef93da8fb6d6fd407bc8 to remote] DEBUG org.asynchttpclient.netty.request.NettyRequestSender - Using open Channel [id: 0xc1d370b3, L:/127.0.0.1:59809 - R:localhost/127.0.0.1:28624] for GET '/session/a03d2cba362fef93da8fb6d6fd407bc8/window'
00:49:31.813 [AsyncHttpClient-1-5] DEBUG org.asynchttpclient.netty.handler.HttpHandler - 

Request DefaultFullHttpRequest(decodeResult: success, version: HTTP/1.1, content: EmptyByteBufBE)
GET /session/a03d2cba362fef93da8fb6d6fd407bc8/window HTTP/1.1
User-Agent: selenium/4.7.1 (java windows)
Cache-Control: no-cache
Content-Type: application/json; charset=utf-8
host: localhost:28624
accept: */*

Response DefaultHttpResponse(decodeResult: success, version: HTTP/1.1)
HTTP/1.1 200 OK
Content-Type: application/json; charset=utf-8
cache-control: no-cache
content-length: 44

00:49:31.813 [AsyncHttpClient-1-5] DEBUG org.asynchttpclient.netty.channel.ChannelManager - Adding key: http://localhost:28624 for channel [id: 0xc1d370b3, L:/127.0.0.1:59809 - R:localhost/127.0.0.1:28624]
00:49:31.815 [Forwarding getAlertText on session a03d2cba362fef93da8fb6d6fd407bc8 to remote] DEBUG org.asynchttpclient.netty.request.NettyRequestSender - Using pooled Channel '[id: 0xc1d370b3, L:/127.0.0.1:59809 - R:localhost/127.0.0.1:28624]' for 'GET' to 'http://localhost:28624/session/a03d2cba362fef93da8fb6d6fd407bc8/alert/text'
00:49:31.815 [Forwarding getAlertText on session a03d2cba362fef93da8fb6d6fd407bc8 to remote] DEBUG org.asynchttpclient.netty.request.NettyRequestSender - Using open Channel [id: 0xc1d370b3, L:/127.0.0.1:59809 - R:localhost/127.0.0.1:28624] for GET '/session/a03d2cba362fef93da8fb6d6fd407bc8/alert/text'
00:49:31.817 [AsyncHttpClient-1-5] DEBUG org.asynchttpclient.netty.handler.HttpHandler - 

Request DefaultFullHttpRequest(decodeResult: success, version: HTTP/1.1, content: EmptyByteBufBE)
GET /session/a03d2cba362fef93da8fb6d6fd407bc8/alert/text HTTP/1.1
User-Agent: selenium/4.7.1 (java windows)
Cache-Control: no-cache
Content-Type: application/json; charset=utf-8
host: localhost:28624
accept: */*

Response DefaultHttpResponse(decodeResult: success, version: HTTP/1.1)
HTTP/1.1 404 Not Found
Content-Type: application/json; charset=utf-8
cache-control: no-cache
content-length: 849

00:49:31.818 [AsyncHttpClient-1-5] DEBUG org.asynchttpclient.netty.channel.ChannelManager - Adding key: http://localhost:28624 for channel [id: 0xc1d370b3, L:/127.0.0.1:59809 - R:localhost/127.0.0.1:28624]
00:49:31.820 [Forwarding switchToWindow on session a03d2cba362fef93da8fb6d6fd407bc8 to remote] DEBUG org.asynchttpclient.netty.request.NettyRequestSender - Using pooled Channel '[id: 0xc1d370b3, L:/127.0.0.1:59809 - R:localhost/127.0.0.1:28624]' for 'POST' to 'http://localhost:28624/session/a03d2cba362fef93da8fb6d6fd407bc8/window'
00:49:31.820 [Forwarding switchToWindow on session a03d2cba362fef93da8fb6d6fd407bc8 to remote] DEBUG org.asynchttpclient.netty.request.NettyRequestSender - Using open Channel [id: 0xc1d370b3, L:/127.0.0.1:59809 - R:localhost/127.0.0.1:28624] for POST '/session/a03d2cba362fef93da8fb6d6fd407bc8/window'
00:49:31.823 [AsyncHttpClient-1-5] DEBUG org.asynchttpclient.netty.handler.HttpHandler - 

Request DefaultHttpRequest(decodeResult: success, version: HTTP/1.1)
POST /session/a03d2cba362fef93da8fb6d6fd407bc8/window HTTP/1.1
User-Agent: selenium/4.7.1 (java windows)
Content-Length: 50
Content-Type: application/json; charset=utf-8
host: localhost:28624
accept: */*

Response DefaultHttpResponse(decodeResult: success, version: HTTP/1.1)
HTTP/1.1 200 OK
Content-Type: application/json; charset=utf-8
cache-control: no-cache
content-length: 14

00:49:31.824 [AsyncHttpClient-1-5] DEBUG org.asynchttpclient.netty.channel.ChannelManager - Adding key: http://localhost:28624 for channel [id: 0xc1d370b3, L:/127.0.0.1:59809 - R:localhost/127.0.0.1:28624]
00:49:31.826 [Forwarding getCurrentUrl on session a03d2cba362fef93da8fb6d6fd407bc8 to remote] DEBUG org.asynchttpclient.netty.request.NettyRequestSender - Using pooled Channel '[id: 0xc1d370b3, L:/127.0.0.1:59809 - R:localhost/127.0.0.1:28624]' for 'GET' to 'http://localhost:28624/session/a03d2cba362fef93da8fb6d6fd407bc8/url'
00:49:31.826 [Forwarding getCurrentUrl on session a03d2cba362fef93da8fb6d6fd407bc8 to remote] DEBUG org.asynchttpclient.netty.request.NettyRequestSender - Using open Channel [id: 0xc1d370b3, L:/127.0.0.1:59809 - R:localhost/127.0.0.1:28624] for GET '/session/a03d2cba362fef93da8fb6d6fd407bc8/url'
00:49:31.832 [AsyncHttpClient-1-5] DEBUG org.asynchttpclient.netty.handler.HttpHandler - 

Request DefaultFullHttpRequest(decodeResult: success, version: HTTP/1.1, content: EmptyByteBufBE)
GET /session/a03d2cba362fef93da8fb6d6fd407bc8/url HTTP/1.1
User-Agent: selenium/4.7.1 (java windows)
Cache-Control: no-cache
Content-Type: application/json; charset=utf-8
host: localhost:28624
accept: */*

Response DefaultHttpResponse(decodeResult: success, version: HTTP/1.1)
HTTP/1.1 200 OK
Content-Type: application/json; charset=utf-8
cache-control: no-cache
content-length: 41

00:49:31.832 [AsyncHttpClient-1-5] DEBUG org.asynchttpclient.netty.channel.ChannelManager - Adding key: http://localhost:28624 for channel [id: 0xc1d370b3, L:/127.0.0.1:59809 - R:localhost/127.0.0.1:28624]
00:49:31.833 [Forwarding screenshot on session a03d2cba362fef93da8fb6d6fd407bc8 to remote] DEBUG org.asynchttpclient.netty.request.NettyRequestSender - Using pooled Channel '[id: 0xc1d370b3, L:/127.0.0.1:59809 - R:localhost/127.0.0.1:28624]' for 'GET' to 'http://localhost:28624/session/a03d2cba362fef93da8fb6d6fd407bc8/screenshot'
00:49:31.833 [Forwarding screenshot on session a03d2cba362fef93da8fb6d6fd407bc8 to remote] DEBUG org.asynchttpclient.netty.request.NettyRequestSender - Using open Channel [id: 0xc1d370b3, L:/127.0.0.1:59809 - R:localhost/127.0.0.1:28624] for GET '/session/a03d2cba362fef93da8fb6d6fd407bc8/screenshot'
00:49:31.950 [AsyncHttpClient-1-5] DEBUG org.asynchttpclient.netty.handler.HttpHandler - 

Request DefaultFullHttpRequest(decodeResult: success, version: HTTP/1.1, content: EmptyByteBufBE)
GET /session/a03d2cba362fef93da8fb6d6fd407bc8/screenshot HTTP/1.1
User-Agent: selenium/4.7.1 (java windows)
Cache-Control: no-cache
Content-Type: application/json; charset=utf-8
host: localhost:28624
accept: */*

Response DefaultHttpResponse(decodeResult: success, version: HTTP/1.1)
HTTP/1.1 200 OK
Content-Type: application/json; charset=utf-8
cache-control: no-cache
content-length: 35692

00:49:31.951 [AsyncHttpClient-1-5] DEBUG org.asynchttpclient.netty.channel.ChannelManager - Adding key: http://localhost:28624 for channel [id: 0xc1d370b3, L:/127.0.0.1:59809 - R:localhost/127.0.0.1:28624]
00:49:31.954 [main] DEBUG net.serenitybdd.core.photography.Darkroom - Send negative for processing for target\site\serenity\f9c6ade3b05ff216d001b3cd441a2c1f3eef96b381c0e89c392c4970a99718eb.png
00:49:31.954 [main] DEBUG net.thucydides.core.steps.StepInterceptor - STEP DONE: diHomepageAltaShop
00:49:31.954 [Darkroom Processing Line] DEBUG net.serenitybdd.core.photography.DarkroomProcessingLine - Processing screenshot image in /var/screenshots/screenshot-14950717501843419058
00:49:31.954 [Darkroom Processing Line] DEBUG net.serenitybdd.core.photography.DarkroomProcessingLine - Saving screenshot to target\site\serenity\f9c6ade3b05ff216d001b3cd441a2c1f3eef96b381c0e89c392c4970a99718eb.png
  &amp#27;[32mGiven &amp#27;[0m&amp#27;[32muser berada di Homepage AltaShop&amp#27;[0m    &amp#27;[90m# starter.stepdefinitions.LoginRegisterSteps.userBeradaDiHomepageAlta()&amp#27;[0m
00:49:31.972 [main] DEBUG net.thucydides.core.steps.StepInterceptor - STARTING STEP: LoginRegisterSteps.userKlikButtonLogin - klikButtonLogin
00:49:31.978 [Forwarding findElement on session a03d2cba362fef93da8fb6d6fd407bc8 to remote] DEBUG org.asynchttpclient.netty.request.NettyRequestSender - Using pooled Channel '[id: 0xc1d370b3, L:/127.0.0.1:59809 - R:localhost/127.0.0.1:28624]' for 'POST' to 'http://localhost:28624/session/a03d2cba362fef93da8fb6d6fd407bc8/element'
00:49:31.978 [Forwarding findElement on session a03d2cba362fef93da8fb6d6fd407bc8 to remote] DEBUG org.asynchttpclient.netty.request.NettyRequestSender - Using open Channel [id: 0xc1d370b3, L:/127.0.0.1:59809 - R:localhost/127.0.0.1:28624] for POST '/session/a03d2cba362fef93da8fb6d6fd407bc8/element'
00:49:31.987 [AsyncHttpClient-1-5] DEBUG org.asynchttpclient.netty.handler.HttpHandler - 

Request DefaultHttpRequest(decodeResult: success, version: HTTP/1.1)
POST /session/a03d2cba362fef93da8fb6d6fd407bc8/element HTTP/1.1
User-Agent: selenium/4.7.1 (java windows)
Content-Length: 108
Content-Type: application/json; charset=utf-8
host: localhost:28624
accept: */*

Response DefaultHttpResponse(decodeResult: success, version: HTTP/1.1)
HTTP/1.1 200 OK
Content-Type: application/json; charset=utf-8
cache-control: no-cache
content-length: 88

00:49:31.987 [AsyncHttpClient-1-5] DEBUG org.asynchttpclient.netty.channel.ChannelManager - Adding key: http://localhost:28624 for channel [id: 0xc1d370b3, L:/127.0.0.1:59809 - R:localhost/127.0.0.1:28624]
00:49:31.989 [Forwarding getElementTagName on session a03d2cba362fef93da8fb6d6fd407bc8 to remote] DEBUG org.asynchttpclient.netty.request.NettyRequestSender - Using pooled Channel '[id: 0xc1d370b3, L:/127.0.0.1:59809 - R:localhost/127.0.0.1:28624]' for 'GET' to 'http://localhost:28624/session/a03d2cba362fef93da8fb6d6fd407bc8/element/1dee05c0-7db9-4633-83b8-d1973e52b270/name'
00:49:31.989 [Forwarding getElementTagName on session a03d2cba362fef93da8fb6d6fd407bc8 to remote] DEBUG org.asynchttpclient.netty.request.NettyRequestSender - Using open Channel [id: 0xc1d370b3, L:/127.0.0.1:59809 - R:localhost/127.0.0.1:28624] for GET '/session/a03d2cba362fef93da8fb6d6fd407bc8/element/1dee05c0-7db9-4633-83b8-d1973e52b270/name'
00:49:31.997 [AsyncHttpClient-1-5] DEBUG org.asynchttpclient.netty.handler.HttpHandler - 

Request DefaultFullHttpRequest(decodeResult: success, version: HTTP/1.1, content: EmptyByteBufBE)
GET /session/a03d2cba362fef93da8fb6d6fd407bc8/element/1dee05c0-7db9-4633-83b8-d1973e52b270/name HTTP/1.1
User-Agent: selenium/4.7.1 (java windows)
Cache-Control: no-cache
Content-Type: application/json; charset=utf-8
host: localhost:28624
accept: */*

Response DefaultHttpResponse(decodeResult: success, version: HTTP/1.1)
HTTP/1.1 200 OK
Content-Type: application/json; charset=utf-8
cache-control: no-cache
content-length: 18

00:49:31.998 [AsyncHttpClient-1-5] DEBUG org.asynchttpclient.netty.channel.ChannelManager - Adding key: http://localhost:28624 for channel [id: 0xc1d370b3, L:/127.0.0.1:59809 - R:localhost/127.0.0.1:28624]
00:49:32.000 [Forwarding getElementTagName on session a03d2cba362fef93da8fb6d6fd407bc8 to remote] DEBUG org.asynchttpclient.netty.request.NettyRequestSender - Using pooled Channel '[id: 0xc1d370b3, L:/127.0.0.1:59809 - R:localhost/127.0.0.1:28624]' for 'GET' to 'http://localhost:28624/session/a03d2cba362fef93da8fb6d6fd407bc8/element/1dee05c0-7db9-4633-83b8-d1973e52b270/name'
00:49:32.000 [Forwarding getElementTagName on session a03d2cba362fef93da8fb6d6fd407bc8 to remote] DEBUG org.asynchttpclient.netty.request.NettyRequestSender - Using open Channel [id: 0xc1d370b3, L:/127.0.0.1:59809 - R:localhost/127.0.0.1:28624] for GET '/session/a03d2cba362fef93da8fb6d6fd407bc8/element/1dee05c0-7db9-4633-83b8-d1973e52b270/name'
00:49:32.005 [AsyncHttpClient-1-5] DEBUG org.asynchttpclient.netty.handler.HttpHandler - 

Request DefaultFullHttpRequest(decodeResult: success, version: HTTP/1.1, content: EmptyByteBufBE)
GET /session/a03d2cba362fef93da8fb6d6fd407bc8/element/1dee05c0-7db9-4633-83b8-d1973e52b270/name HTTP/1.1
User-Agent: selenium/4.7.1 (java windows)
Cache-Control: no-cache
Content-Type: application/json; charset=utf-8
host: localhost:28624
accept: */*

Response DefaultHttpResponse(decodeResult: success, version: HTTP/1.1)
HTTP/1.1 200 OK
Content-Type: application/json; charset=utf-8
cache-control: no-cache
content-length: 18

00:49:32.006 [AsyncHttpClient-1-5] DEBUG org.asynchttpclient.netty.channel.ChannelManager - Adding key: http://localhost:28624 for channel [id: 0xc1d370b3, L:/127.0.0.1:59809 - R:localhost/127.0.0.1:28624]
00:49:32.011 [Forwarding isElementEnabled on session a03d2cba362fef93da8fb6d6fd407bc8 to remote] DEBUG org.asynchttpclient.netty.request.NettyRequestSender - Using pooled Channel '[id: 0xc1d370b3, L:/127.0.0.1:59809 - R:localhost/127.0.0.1:28624]' for 'GET' to 'http://localhost:28624/session/a03d2cba362fef93da8fb6d6fd407bc8/element/1dee05c0-7db9-4633-83b8-d1973e52b270/enabled'
00:49:32.011 [Forwarding isElementEnabled on session a03d2cba362fef93da8fb6d6fd407bc8 to remote] DEBUG org.asynchttpclient.netty.request.NettyRequestSender - Using open Channel [id: 0xc1d370b3, L:/127.0.0.1:59809 - R:localhost/127.0.0.1:28624] for GET '/session/a03d2cba362fef93da8fb6d6fd407bc8/element/1dee05c0-7db9-4633-83b8-d1973e52b270/enabled'
00:49:32.022 [AsyncHttpClient-1-5] DEBUG org.asynchttpclient.netty.handler.HttpHandler - 

Request DefaultFullHttpRequest(decodeResult: success, version: HTTP/1.1, content: EmptyByteBufBE)
GET /session/a03d2cba362fef93da8fb6d6fd407bc8/element/1dee05c0-7db9-4633-83b8-d1973e52b270/enabled HTTP/1.1
User-Agent: selenium/4.7.1 (java windows)
Cache-Control: no-cache
Content-Type: application/json; charset=utf-8
host: localhost:28624
accept: */*

Response DefaultHttpResponse(decodeResult: success, version: HTTP/1.1)
HTTP/1.1 200 OK
Content-Type: application/json; charset=utf-8
cache-control: no-cache
content-length: 14

00:49:32.023 [AsyncHttpClient-1-5] DEBUG org.asynchttpclient.netty.channel.ChannelManager - Adding key: http://localhost:28624 for channel [id: 0xc1d370b3, L:/127.0.0.1:59809 - R:localhost/127.0.0.1:28624]
00:49:32.025 [Forwarding isElementEnabled on session a03d2cba362fef93da8fb6d6fd407bc8 to remote] DEBUG org.asynchttpclient.netty.request.NettyRequestSender - Using pooled Channel '[id: 0xc1d370b3, L:/127.0.0.1:59809 - R:localhost/127.0.0.1:28624]' for 'GET' to 'http://localhost:28624/session/a03d2cba362fef93da8fb6d6fd407bc8/element/1dee05c0-7db9-4633-83b8-d1973e52b270/enabled'
00:49:32.025 [Forwarding isElementEnabled on session a03d2cba362fef93da8fb6d6fd407bc8 to remote] DEBUG org.asynchttpclient.netty.request.NettyRequestSender - Using open Channel [id: 0xc1d370b3, L:/127.0.0.1:59809 - R:localhost/127.0.0.1:28624] for GET '/session/a03d2cba362fef93da8fb6d6fd407bc8/element/1dee05c0-7db9-4633-83b8-d1973e52b270/enabled'
00:49:32.532 [AsyncHttpClient-1-1] DEBUG org.asynchttpclient.netty.channel.DefaultChannelPool - Entry count for : http://localhost:59810 : 1
00:49:33.642 [AsyncHttpClient-1-1] DEBUG org.asynchttpclient.netty.channel.DefaultChannelPool - Entry count for : http://localhost:59810 : 1
00:49:34.488 [AsyncHttpClient-1-5] DEBUG org.asynchttpclient.netty.handler.HttpHandler - 

Request DefaultFullHttpRequest(decodeResult: success, version: HTTP/1.1, content: EmptyByteBufBE)
GET /session/a03d2cba362fef93da8fb6d6fd407bc8/element/1dee05c0-7db9-4633-83b8-d1973e52b270/enabled HTTP/1.1
User-Agent: selenium/4.7.1 (java windows)
Cache-Control: no-cache
Content-Type: application/json; charset=utf-8
host: localhost:28624
accept: */*

Response DefaultHttpResponse(decodeResult: success, version: HTTP/1.1)
HTTP/1.1 200 OK
Content-Type: application/json; charset=utf-8
cache-control: no-cache
content-length: 14

00:49:34.488 [AsyncHttpClient-1-5] DEBUG org.asynchttpclient.netty.channel.ChannelManager - Adding key: http://localhost:28624 for channel [id: 0xc1d370b3, L:/127.0.0.1:59809 - R:localhost/127.0.0.1:28624]
00:49:34.491 [Forwarding findElement on session a03d2cba362fef93da8fb6d6fd407bc8 to remote] DEBUG org.asynchttpclient.netty.request.NettyRequestSender - Using pooled Channel '[id: 0xc1d370b3, L:/127.0.0.1:59809 - R:localhost/127.0.0.1:28624]' for 'POST' to 'http://localhost:28624/session/a03d2cba362fef93da8fb6d6fd407bc8/element'
00:49:34.491 [Forwarding findElement on session a03d2cba362fef93da8fb6d6fd407bc8 to remote] DEBUG org.asynchttpclient.netty.request.NettyRequestSender - Using open Channel [id: 0xc1d370b3, L:/127.0.0.1:59809 - R:localhost/127.0.0.1:28624] for POST '/session/a03d2cba362fef93da8fb6d6fd407bc8/element'
00:49:34.516 [AsyncHttpClient-1-5] DEBUG org.asynchttpclient.netty.handler.HttpHandler - 

Request DefaultHttpRequest(decodeResult: success, version: HTTP/1.1)
POST /session/a03d2cba362fef93da8fb6d6fd407bc8/element HTTP/1.1
User-Agent: selenium/4.7.1 (java windows)
Content-Length: 108
Content-Type: application/json; charset=utf-8
host: localhost:28624
accept: */*

Response DefaultHttpResponse(decodeResult: success, version: HTTP/1.1)
HTTP/1.1 200 OK
Content-Type: application/json; charset=utf-8
cache-control: no-cache
content-length: 88

00:49:34.516 [AsyncHttpClient-1-5] DEBUG org.asynchttpclient.netty.channel.ChannelManager - Adding key: http://localhost:28624 for channel [id: 0xc1d370b3, L:/127.0.0.1:59809 - R:localhost/127.0.0.1:28624]
00:49:34.518 [Forwarding clickElement on session a03d2cba362fef93da8fb6d6fd407bc8 to remote] DEBUG org.asynchttpclient.netty.request.NettyRequestSender - Using pooled Channel '[id: 0xc1d370b3, L:/127.0.0.1:59809 - R:localhost/127.0.0.1:28624]' for 'POST' to 'http://localhost:28624/session/a03d2cba362fef93da8fb6d6fd407bc8/element/1dee05c0-7db9-4633-83b8-d1973e52b270/click'
00:49:34.518 [Forwarding clickElement on session a03d2cba362fef93da8fb6d6fd407bc8 to remote] DEBUG org.asynchttpclient.netty.request.NettyRequestSender - Using open Channel [id: 0xc1d370b3, L:/127.0.0.1:59809 - R:localhost/127.0.0.1:28624] for POST '/session/a03d2cba362fef93da8fb6d6fd407bc8/element/1dee05c0-7db9-4633-83b8-d1973e52b270/click'
00:49:34.570 [AsyncHttpClient-1-5] DEBUG org.asynchttpclient.netty.handler.HttpHandler - 

Request DefaultHttpRequest(decodeResult: success, version: HTTP/1.1)
POST /session/a03d2cba362fef93da8fb6d6fd407bc8/element/1dee05c0-7db9-4633-83b8-d1973e52b270/click HTTP/1.1
User-Agent: selenium/4.7.1 (java windows)
Content-Length: 50
Content-Type: application/json; charset=utf-8
host: localhost:28624
accept: */*

Response DefaultHttpResponse(decodeResult: success, version: HTTP/1.1)
HTTP/1.1 200 OK
Content-Type: application/json; charset=utf-8
cache-control: no-cache
content-length: 14

00:49:34.571 [AsyncHttpClient-1-5] DEBUG org.asynchttpclient.netty.channel.ChannelManager - Adding key: http://localhost:28624 for channel [id: 0xc1d370b3, L:/127.0.0.1:59809 - R:localhost/127.0.0.1:28624]
00:49:34.583 [Forwarding getCurrentWindowHandle on session a03d2cba362fef93da8fb6d6fd407bc8 to remote] DEBUG org.asynchttpclient.netty.request.NettyRequestSender - Using pooled Channel '[id: 0xc1d370b3, L:/127.0.0.1:59809 - R:localhost/127.0.0.1:28624]' for 'GET' to 'http://localhost:28624/session/a03d2cba362fef93da8fb6d6fd407bc8/window'
00:49:34.583 [Forwarding getCurrentWindowHandle on session a03d2cba362fef93da8fb6d6fd407bc8 to remote] DEBUG org.asynchttpclient.netty.request.NettyRequestSender - Using open Channel [id: 0xc1d370b3, L:/127.0.0.1:59809 - R:localhost/127.0.0.1:28624] for GET '/session/a03d2cba362fef93da8fb6d6fd407bc8/window'
00:49:34.585 [AsyncHttpClient-1-5] DEBUG org.asynchttpclient.netty.handler.HttpHandler - 

Request DefaultFullHttpRequest(decodeResult: success, version: HTTP/1.1, content: EmptyByteBufBE)
GET /session/a03d2cba362fef93da8fb6d6fd407bc8/window HTTP/1.1
User-Agent: selenium/4.7.1 (java windows)
Cache-Control: no-cache
Content-Type: application/json; charset=utf-8
host: localhost:28624
accept: */*

Response DefaultHttpResponse(decodeResult: success, version: HTTP/1.1)
HTTP/1.1 200 OK
Content-Type: application/json; charset=utf-8
cache-control: no-cache
content-length: 44

00:49:34.585 [AsyncHttpClient-1-5] DEBUG org.asynchttpclient.netty.channel.ChannelManager - Adding key: http://localhost:28624 for channel [id: 0xc1d370b3, L:/127.0.0.1:59809 - R:localhost/127.0.0.1:28624]
00:49:34.588 [Forwarding getAlertText on session a03d2cba362fef93da8fb6d6fd407bc8 to remote] DEBUG org.asynchttpclient.netty.request.NettyRequestSender - Using pooled Channel '[id: 0xc1d370b3, L:/127.0.0.1:59809 - R:localhost/127.0.0.1:28624]' for 'GET' to 'http://localhost:28624/session/a03d2cba362fef93da8fb6d6fd407bc8/alert/text'
00:49:34.588 [Forwarding getAlertText on session a03d2cba362fef93da8fb6d6fd407bc8 to remote] DEBUG org.asynchttpclient.netty.request.NettyRequestSender - Using open Channel [id: 0xc1d370b3, L:/127.0.0.1:59809 - R:localhost/127.0.0.1:28624] for GET '/session/a03d2cba362fef93da8fb6d6fd407bc8/alert/text'
00:49:34.729 [AsyncHttpClient-1-1] DEBUG org.asynchttpclient.netty.channel.DefaultChannelPool - Entry count for : http://localhost:59810 : 1
00:49:34.813 [AsyncHttpClient-1-5] DEBUG org.asynchttpclient.netty.handler.HttpHandler - 

Request DefaultFullHttpRequest(decodeResult: success, version: HTTP/1.1, content: EmptyByteBufBE)
GET /session/a03d2cba362fef93da8fb6d6fd407bc8/alert/text HTTP/1.1
User-Agent: selenium/4.7.1 (java windows)
Cache-Control: no-cache
Content-Type: application/json; charset=utf-8
host: localhost:28624
accept: */*

Response DefaultHttpResponse(decodeResult: success, version: HTTP/1.1)
HTTP/1.1 404 Not Found
Content-Type: application/json; charset=utf-8
cache-control: no-cache
content-length: 849

00:49:34.813 [AsyncHttpClient-1-5] DEBUG org.asynchttpclient.netty.channel.ChannelManager - Adding key: http://localhost:28624 for channel [id: 0xc1d370b3, L:/127.0.0.1:59809 - R:localhost/127.0.0.1:28624]
00:49:34.816 [Forwarding switchToWindow on session a03d2cba362fef93da8fb6d6fd407bc8 to remote] DEBUG org.asynchttpclient.netty.request.NettyRequestSender - Using pooled Channel '[id: 0xc1d370b3, L:/127.0.0.1:59809 - R:localhost/127.0.0.1:28624]' for 'POST' to 'http://localhost:28624/session/a03d2cba362fef93da8fb6d6fd407bc8/window'
00:49:34.816 [Forwarding switchToWindow on session a03d2cba362fef93da8fb6d6fd407bc8 to remote] DEBUG org.asynchttpclient.netty.request.NettyRequestSender - Using open Channel [id: 0xc1d370b3, L:/127.0.0.1:59809 - R:localhost/127.0.0.1:28624] for POST '/session/a03d2cba362fef93da8fb6d6fd407bc8/window'
00:49:34.820 [AsyncHttpClient-1-5] DEBUG org.asynchttpclient.netty.handler.HttpHandler - 

Request DefaultHttpRequest(decodeResult: success, version: HTTP/1.1)
POST /session/a03d2cba362fef93da8fb6d6fd407bc8/window HTTP/1.1
User-Agent: selenium/4.7.1 (java windows)
Content-Length: 50
Content-Type: application/json; charset=utf-8
host: localhost:28624
accept: */*

Response DefaultHttpResponse(decodeResult: success, version: HTTP/1.1)
HTTP/1.1 200 OK
Content-Type: application/json; charset=utf-8
cache-control: no-cache
content-length: 14

00:49:34.821 [AsyncHttpClient-1-5] DEBUG org.asynchttpclient.netty.channel.ChannelManager - Adding key: http://localhost:28624 for channel [id: 0xc1d370b3, L:/127.0.0.1:59809 - R:localhost/127.0.0.1:28624]
00:49:34.822 [Forwarding getCurrentUrl on session a03d2cba362fef93da8fb6d6fd407bc8 to remote] DEBUG org.asynchttpclient.netty.request.NettyRequestSender - Using pooled Channel '[id: 0xc1d370b3, L:/127.0.0.1:59809 - R:localhost/127.0.0.1:28624]' for 'GET' to 'http://localhost:28624/session/a03d2cba362fef93da8fb6d6fd407bc8/url'
00:49:34.823 [Forwarding getCurrentUrl on session a03d2cba362fef93da8fb6d6fd407bc8 to remote] DEBUG org.asynchttpclient.netty.request.NettyRequestSender - Using open Channel [id: 0xc1d370b3, L:/127.0.0.1:59809 - R:localhost/127.0.0.1:28624] for GET '/session/a03d2cba362fef93da8fb6d6fd407bc8/url'
00:49:34.826 [AsyncHttpClient-1-5] DEBUG org.asynchttpclient.netty.handler.HttpHandler - 

Request DefaultFullHttpRequest(decodeResult: success, version: HTTP/1.1, content: EmptyByteBufBE)
GET /session/a03d2cba362fef93da8fb6d6fd407bc8/url HTTP/1.1
User-Agent: selenium/4.7.1 (java windows)
Cache-Control: no-cache
Content-Type: application/json; charset=utf-8
host: localhost:28624
accept: */*

Response DefaultHttpResponse(decodeResult: success, version: HTTP/1.1)
HTTP/1.1 200 OK
Content-Type: application/json; charset=utf-8
cache-control: no-cache
content-length: 51

00:49:34.827 [AsyncHttpClient-1-5] DEBUG org.asynchttpclient.netty.channel.ChannelManager - Adding key: http://localhost:28624 for channel [id: 0xc1d370b3, L:/127.0.0.1:59809 - R:localhost/127.0.0.1:28624]
00:49:34.828 [Forwarding screenshot on session a03d2cba362fef93da8fb6d6fd407bc8 to remote] DEBUG org.asynchttpclient.netty.request.NettyRequestSender - Using pooled Channel '[id: 0xc1d370b3, L:/127.0.0.1:59809 - R:localhost/127.0.0.1:28624]' for 'GET' to 'http://localhost:28624/session/a03d2cba362fef93da8fb6d6fd407bc8/screenshot'
00:49:34.828 [Forwarding screenshot on session a03d2cba362fef93da8fb6d6fd407bc8 to remote] DEBUG org.asynchttpclient.netty.request.NettyRequestSender - Using open Channel [id: 0xc1d370b3, L:/127.0.0.1:59809 - R:localhost/127.0.0.1:28624] for GET '/session/a03d2cba362fef93da8fb6d6fd407bc8/screenshot'
00:49:34.907 [AsyncHttpClient-1-5] DEBUG org.asynchttpclient.netty.handler.HttpHandler - 

Request DefaultFullHttpRequest(decodeResult: success, version: HTTP/1.1, content: EmptyByteBufBE)
GET /session/a03d2cba362fef93da8fb6d6fd407bc8/screenshot HTTP/1.1
User-Agent: selenium/4.7.1 (java windows)
Cache-Control: no-cache
Content-Type: application/json; charset=utf-8
host: localhost:28624
accept: */*

Response DefaultHttpResponse(decodeResult: success, version: HTTP/1.1)
HTTP/1.1 200 OK
Content-Type: application/json; charset=utf-8
cache-control: no-cache
content-length: 26172

00:49:34.907 [AsyncHttpClient-1-5] DEBUG org.asynchttpclient.netty.channel.ChannelManager - Adding key: http://localhost:28624 for channel [id: 0xc1d370b3, L:/127.0.0.1:59809 - R:localhost/127.0.0.1:28624]
00:49:34.909 [main] DEBUG net.serenitybdd.core.photography.Darkroom - Send negative for processing for target\site\serenity\f035198f28bcaf95684f4b1a3b9e5d031fc0873bb044f55c4913aef571773aa0.png
00:49:34.909 [main] DEBUG net.thucydides.core.steps.StepInterceptor - STEP DONE: klikButtonLogin
  &amp#27;[32mWhen &amp#27;[0m&amp#27;[32muser klik button login&amp#27;[0m               &amp#27;[90m# starter.stepdefinitions.LoginRegisterSteps.userKlikButtonLogin()&amp#27;[0m
00:49:34.921 [main] DEBUG net.thucydides.core.steps.StepInterceptor - STARTING STEP: LoginRegisterSteps.userInputEmailValid - inputEmail
00:49:34.930 [Forwarding findElement on session a03d2cba362fef93da8fb6d6fd407bc8 to remote] DEBUG org.asynchttpclient.netty.request.NettyRequestSender - Using pooled Channel '[id: 0xc1d370b3, L:/127.0.0.1:59809 - R:localhost/127.0.0.1:28624]' for 'POST' to 'http://localhost:28624/session/a03d2cba362fef93da8fb6d6fd407bc8/element'
00:49:34.931 [Forwarding findElement on session a03d2cba362fef93da8fb6d6fd407bc8 to remote] DEBUG org.asynchttpclient.netty.request.NettyRequestSender - Using open Channel [id: 0xc1d370b3, L:/127.0.0.1:59809 - R:localhost/127.0.0.1:28624] for POST '/session/a03d2cba362fef93da8fb6d6fd407bc8/element'
00:49:34.944 [AsyncHttpClient-1-5] DEBUG org.asynchttpclient.netty.handler.HttpHandler - 

Request DefaultHttpRequest(decodeResult: success, version: HTTP/1.1)
POST /session/a03d2cba362fef93da8fb6d6fd407bc8/element HTTP/1.1
User-Agent: selenium/4.7.1 (java windows)
Content-Length: 187
Content-Type: application/json; charset=utf-8
host: localhost:28624
accept: */*

Response DefaultHttpResponse(decodeResult: success, version: HTTP/1.1)
HTTP/1.1 200 OK
Content-Type: application/json; charset=utf-8
cache-control: no-cache
content-length: 88

00:49:34.944 [AsyncHttpClient-1-5] DEBUG org.asynchttpclient.netty.channel.ChannelManager - Adding key: http://localhost:28624 for channel [id: 0xc1d370b3, L:/127.0.0.1:59809 - R:localhost/127.0.0.1:28624]
00:49:34.946 [Forwarding clearElement on session a03d2cba362fef93da8fb6d6fd407bc8 to remote] DEBUG org.asynchttpclient.netty.request.NettyRequestSender - Using pooled Channel '[id: 0xc1d370b3, L:/127.0.0.1:59809 - R:localhost/127.0.0.1:28624]' for 'POST' to 'http://localhost:28624/session/a03d2cba362fef93da8fb6d6fd407bc8/element/be74ae6f-1994-4c12-bbfe-2ead931c8d5e/clear'
00:49:34.946 [Forwarding clearElement on session a03d2cba362fef93da8fb6d6fd407bc8 to remote] DEBUG org.asynchttpclient.netty.request.NettyRequestSender - Using open Channel [id: 0xc1d370b3, L:/127.0.0.1:59809 - R:localhost/127.0.0.1:28624] for POST '/session/a03d2cba362fef93da8fb6d6fd407bc8/element/be74ae6f-1994-4c12-bbfe-2ead931c8d5e/clear'
00:49:34.982 [AsyncHttpClient-1-5] DEBUG org.asynchttpclient.netty.handler.HttpHandler - 

Request DefaultHttpRequest(decodeResult: success, version: HTTP/1.1)
POST /session/a03d2cba362fef93da8fb6d6fd407bc8/element/be74ae6f-1994-4c12-bbfe-2ead931c8d5e/clear HTTP/1.1
User-Agent: selenium/4.7.1 (java windows)
Content-Length: 50
Content-Type: application/json; charset=utf-8
host: localhost:28624
accept: */*

Response DefaultHttpResponse(decodeResult: success, version: HTTP/1.1)
HTTP/1.1 200 OK
Content-Type: application/json; charset=utf-8
cache-control: no-cache
content-length: 14

00:49:34.983 [AsyncHttpClient-1-5] DEBUG org.asynchttpclient.netty.channel.ChannelManager - Adding key: http://localhost:28624 for channel [id: 0xc1d370b3, L:/127.0.0.1:59809 - R:localhost/127.0.0.1:28624]
00:49:34.985 [Forwarding sendKeysToElement on session a03d2cba362fef93da8fb6d6fd407bc8 to remote] DEBUG org.asynchttpclient.netty.request.NettyRequestSender - Using pooled Channel '[id: 0xc1d370b3, L:/127.0.0.1:59809 - R:localhost/127.0.0.1:28624]' for 'POST' to 'http://localhost:28624/session/a03d2cba362fef93da8fb6d6fd407bc8/element/be74ae6f-1994-4c12-bbfe-2ead931c8d5e/value'
00:49:34.985 [Forwarding sendKeysToElement on session a03d2cba362fef93da8fb6d6fd407bc8 to remote] DEBUG org.asynchttpclient.netty.request.NettyRequestSender - Using open Channel [id: 0xc1d370b3, L:/127.0.0.1:59809 - R:localhost/127.0.0.1:28624] for POST '/session/a03d2cba362fef93da8fb6d6fd407bc8/element/be74ae6f-1994-4c12-bbfe-2ead931c8d5e/value'
00:49:35.092 [AsyncHttpClient-1-5] DEBUG org.asynchttpclient.netty.handler.HttpHandler - 

Request DefaultHttpRequest(decodeResult: success, version: HTTP/1.1)
POST /session/a03d2cba362fef93da8fb6d6fd407bc8/element/be74ae6f-1994-4c12-bbfe-2ead931c8d5e/value HTTP/1.1
User-Agent: selenium/4.7.1 (java windows)
Content-Length: 211
Content-Type: application/json; charset=utf-8
host: localhost:28624
accept: */*

Response DefaultHttpResponse(decodeResult: success, version: HTTP/1.1)
HTTP/1.1 200 OK
Content-Type: application/json; charset=utf-8
cache-control: no-cache
content-length: 14

00:49:35.092 [AsyncHttpClient-1-5] DEBUG org.asynchttpclient.netty.channel.ChannelManager - Adding key: http://localhost:28624 for channel [id: 0xc1d370b3, L:/127.0.0.1:59809 - R:localhost/127.0.0.1:28624]
00:49:35.104 [Forwarding getCurrentWindowHandle on session a03d2cba362fef93da8fb6d6fd407bc8 to remote] DEBUG org.asynchttpclient.netty.request.NettyRequestSender - Using pooled Channel '[id: 0xc1d370b3, L:/127.0.0.1:59809 - R:localhost/127.0.0.1:28624]' for 'GET' to 'http://localhost:28624/session/a03d2cba362fef93da8fb6d6fd407bc8/window'
00:49:35.104 [Forwarding getCurrentWindowHandle on session a03d2cba362fef93da8fb6d6fd407bc8 to remote] DEBUG org.asynchttpclient.netty.request.NettyRequestSender - Using open Channel [id: 0xc1d370b3, L:/127.0.0.1:59809 - R:localhost/127.0.0.1:28624] for GET '/session/a03d2cba362fef93da8fb6d6fd407bc8/window'
00:49:35.105 [AsyncHttpClient-1-5] DEBUG org.asynchttpclient.netty.handler.HttpHandler - 

Request DefaultFullHttpRequest(decodeResult: success, version: HTTP/1.1, content: EmptyByteBufBE)
GET /session/a03d2cba362fef93da8fb6d6fd407bc8/window HTTP/1.1
User-Agent: selenium/4.7.1 (java windows)
Cache-Control: no-cache
Content-Type: application/json; charset=utf-8
host: localhost:28624
accept: */*

Response DefaultHttpResponse(decodeResult: success, version: HTTP/1.1)
HTTP/1.1 200 OK
Content-Type: application/json; charset=utf-8
cache-control: no-cache
content-length: 44

00:49:35.106 [AsyncHttpClient-1-5] DEBUG org.asynchttpclient.netty.channel.ChannelManager - Adding key: http://localhost:28624 for channel [id: 0xc1d370b3, L:/127.0.0.1:59809 - R:localhost/127.0.0.1:28624]
00:49:35.108 [Forwarding getAlertText on session a03d2cba362fef93da8fb6d6fd407bc8 to remote] DEBUG org.asynchttpclient.netty.request.NettyRequestSender - Using pooled Channel '[id: 0xc1d370b3, L:/127.0.0.1:59809 - R:localhost/127.0.0.1:28624]' for 'GET' to 'http://localhost:28624/session/a03d2cba362fef93da8fb6d6fd407bc8/alert/text'
00:49:35.109 [Forwarding getAlertText on session a03d2cba362fef93da8fb6d6fd407bc8 to remote] DEBUG org.asynchttpclient.netty.request.NettyRequestSender - Using open Channel [id: 0xc1d370b3, L:/127.0.0.1:59809 - R:localhost/127.0.0.1:28624] for GET '/session/a03d2cba362fef93da8fb6d6fd407bc8/alert/text'
00:49:35.111 [AsyncHttpClient-1-5] DEBUG org.asynchttpclient.netty.handler.HttpHandler - 

Request DefaultFullHttpRequest(decodeResult: success, version: HTTP/1.1, content: EmptyByteBufBE)
GET /session/a03d2cba362fef93da8fb6d6fd407bc8/alert/text HTTP/1.1
User-Agent: selenium/4.7.1 (java windows)
Cache-Control: no-cache
Content-Type: application/json; charset=utf-8
host: localhost:28624
accept: */*

Response DefaultHttpResponse(decodeResult: success, version: HTTP/1.1)
HTTP/1.1 404 Not Found
Content-Type: application/json; charset=utf-8
cache-control: no-cache
content-length: 849

00:49:35.112 [AsyncHttpClient-1-5] DEBUG org.asynchttpclient.netty.channel.ChannelManager - Adding key: http://localhost:28624 for channel [id: 0xc1d370b3, L:/127.0.0.1:59809 - R:localhost/127.0.0.1:28624]
00:49:35.115 [Forwarding switchToWindow on session a03d2cba362fef93da8fb6d6fd407bc8 to remote] DEBUG org.asynchttpclient.netty.request.NettyRequestSender - Using pooled Channel '[id: 0xc1d370b3, L:/127.0.0.1:59809 - R:localhost/127.0.0.1:28624]' for 'POST' to 'http://localhost:28624/session/a03d2cba362fef93da8fb6d6fd407bc8/window'
00:49:35.115 [Forwarding switchToWindow on session a03d2cba362fef93da8fb6d6fd407bc8 to remote] DEBUG org.asynchttpclient.netty.request.NettyRequestSender - Using open Channel [id: 0xc1d370b3, L:/127.0.0.1:59809 - R:localhost/127.0.0.1:28624] for POST '/session/a03d2cba362fef93da8fb6d6fd407bc8/window'
00:49:35.117 [AsyncHttpClient-1-5] DEBUG org.asynchttpclient.netty.handler.HttpHandler - 

Request DefaultHttpRequest(decodeResult: success, version: HTTP/1.1)
POST /session/a03d2cba362fef93da8fb6d6fd407bc8/window HTTP/1.1
User-Agent: selenium/4.7.1 (java windows)
Content-Length: 50
Content-Type: application/json; charset=utf-8
host: localhost:28624
accept: */*

Response DefaultHttpResponse(decodeResult: success, version: HTTP/1.1)
HTTP/1.1 200 OK
Content-Type: application/json; charset=utf-8
cache-control: no-cache
content-length: 14

00:49:35.117 [AsyncHttpClient-1-5] DEBUG org.asynchttpclient.netty.channel.ChannelManager - Adding key: http://localhost:28624 for channel [id: 0xc1d370b3, L:/127.0.0.1:59809 - R:localhost/127.0.0.1:28624]
00:49:35.119 [Forwarding getCurrentUrl on session a03d2cba362fef93da8fb6d6fd407bc8 to remote] DEBUG org.asynchttpclient.netty.request.NettyRequestSender - Using pooled Channel '[id: 0xc1d370b3, L:/127.0.0.1:59809 - R:localhost/127.0.0.1:28624]' for 'GET' to 'http://localhost:28624/session/a03d2cba362fef93da8fb6d6fd407bc8/url'
00:49:35.119 [Forwarding getCurrentUrl on session a03d2cba362fef93da8fb6d6fd407bc8 to remote] DEBUG org.asynchttpclient.netty.request.NettyRequestSender - Using open Channel [id: 0xc1d370b3, L:/127.0.0.1:59809 - R:localhost/127.0.0.1:28624] for GET '/session/a03d2cba362fef93da8fb6d6fd407bc8/url'
00:49:35.124 [AsyncHttpClient-1-5] DEBUG org.asynchttpclient.netty.handler.HttpHandler - 

Request DefaultFullHttpRequest(decodeResult: success, version: HTTP/1.1, content: EmptyByteBufBE)
GET /session/a03d2cba362fef93da8fb6d6fd407bc8/url HTTP/1.1
User-Agent: selenium/4.7.1 (java windows)
Cache-Control: no-cache
Content-Type: application/json; charset=utf-8
host: localhost:28624
accept: */*

Response DefaultHttpResponse(decodeResult: success, version: HTTP/1.1)
HTTP/1.1 200 OK
Content-Type: application/json; charset=utf-8
cache-control: no-cache
content-length: 51

00:49:35.125 [AsyncHttpClient-1-5] DEBUG org.asynchttpclient.netty.channel.ChannelManager - Adding key: http://localhost:28624 for channel [id: 0xc1d370b3, L:/127.0.0.1:59809 - R:localhost/127.0.0.1:28624]
00:49:35.126 [Forwarding screenshot on session a03d2cba362fef93da8fb6d6fd407bc8 to remote] DEBUG org.asynchttpclient.netty.request.NettyRequestSender - Using pooled Channel '[id: 0xc1d370b3, L:/127.0.0.1:59809 - R:localhost/127.0.0.1:28624]' for 'GET' to 'http://localhost:28624/session/a03d2cba362fef93da8fb6d6fd407bc8/screenshot'
00:49:35.127 [Forwarding screenshot on session a03d2cba362fef93da8fb6d6fd407bc8 to remote] DEBUG org.asynchttpclient.netty.request.NettyRequestSender - Using open Channel [id: 0xc1d370b3, L:/127.0.0.1:59809 - R:localhost/127.0.0.1:28624] for GET '/session/a03d2cba362fef93da8fb6d6fd407bc8/screenshot'
00:49:35.229 [AsyncHttpClient-1-5] DEBUG org.asynchttpclient.netty.handler.HttpHandler - 

Request DefaultFullHttpRequest(decodeResult: success, version: HTTP/1.1, content: EmptyByteBufBE)
GET /session/a03d2cba362fef93da8fb6d6fd407bc8/screenshot HTTP/1.1
User-Agent: selenium/4.7.1 (java windows)
Cache-Control: no-cache
Content-Type: application/json; charset=utf-8
host: localhost:28624
accept: */*

Response DefaultHttpResponse(decodeResult: success, version: HTTP/1.1)
HTTP/1.1 200 OK
Content-Type: application/json; charset=utf-8
cache-control: no-cache
content-length: 29800

00:49:35.229 [AsyncHttpClient-1-5] DEBUG org.asynchttpclient.netty.channel.ChannelManager - Adding key: http://localhost:28624 for channel [id: 0xc1d370b3, L:/127.0.0.1:59809 - R:localhost/127.0.0.1:28624]
00:49:35.231 [main] DEBUG net.serenitybdd.core.photography.Darkroom - Send negative for processing for target\site\serenity\37a2c6ffbdd0a556bbc955081e82533dacbc2b7b36b76bc90a874339b9724a3a.png
00:49:35.231 [main] DEBUG net.thucydides.core.steps.StepInterceptor - STEP DONE: inputEmail
00:49:35.231 [Darkroom Processing Line] DEBUG net.serenitybdd.core.photography.DarkroomProcessingLine - Processing screenshot image in /var/screenshots/screenshot-3113477305540651503
00:49:35.231 [Darkroom Processing Line] DEBUG net.serenitybdd.core.photography.DarkroomProcessingLine - Saving screenshot to target\site\serenity\37a2c6ffbdd0a556bbc955081e82533dacbc2b7b36b76bc90a874339b9724a3a.png
  &amp#27;[32mAnd &amp#27;[0m&amp#27;[32muser input email valid&amp#27;[0m                &amp#27;[90m# starter.stepdefinitions.LoginRegisterSteps.userInputEmailValid()&amp#27;[0m
00:49:35.245 [main] DEBUG net.thucydides.core.steps.StepInterceptor - STARTING STEP: LoginRegisterSteps.userInputPasswordValid - inputPassword
00:49:35.248 [Forwarding findElement on session a03d2cba362fef93da8fb6d6fd407bc8 to remote] DEBUG org.asynchttpclient.netty.request.NettyRequestSender - Using pooled Channel '[id: 0xc1d370b3, L:/127.0.0.1:59809 - R:localhost/127.0.0.1:28624]' for 'POST' to 'http://localhost:28624/session/a03d2cba362fef93da8fb6d6fd407bc8/element'
00:49:35.248 [Forwarding findElement on session a03d2cba362fef93da8fb6d6fd407bc8 to remote] DEBUG org.asynchttpclient.netty.request.NettyRequestSender - Using open Channel [id: 0xc1d370b3, L:/127.0.0.1:59809 - R:localhost/127.0.0.1:28624] for POST '/session/a03d2cba362fef93da8fb6d6fd407bc8/element'
00:49:35.262 [AsyncHttpClient-1-5] DEBUG org.asynchttpclient.netty.handler.HttpHandler - 

Request DefaultHttpRequest(decodeResult: success, version: HTTP/1.1)
POST /session/a03d2cba362fef93da8fb6d6fd407bc8/element HTTP/1.1
User-Agent: selenium/4.7.1 (java windows)
Content-Length: 187
Content-Type: application/json; charset=utf-8
host: localhost:28624
accept: */*

Response DefaultHttpResponse(decodeResult: success, version: HTTP/1.1)
HTTP/1.1 200 OK
Content-Type: application/json; charset=utf-8
cache-control: no-cache
content-length: 88

00:49:35.262 [AsyncHttpClient-1-5] DEBUG org.asynchttpclient.netty.channel.ChannelManager - Adding key: http://localhost:28624 for channel [id: 0xc1d370b3, L:/127.0.0.1:59809 - R:localhost/127.0.0.1:28624]
00:49:35.264 [Forwarding clearElement on session a03d2cba362fef93da8fb6d6fd407bc8 to remote] DEBUG org.asynchttpclient.netty.request.NettyRequestSender - Using pooled Channel '[id: 0xc1d370b3, L:/127.0.0.1:59809 - R:localhost/127.0.0.1:28624]' for 'POST' to 'http://localhost:28624/session/a03d2cba362fef93da8fb6d6fd407bc8/element/3f4c3714-ae25-4b8c-b65f-f17d73108e7a/clear'
00:49:35.264 [Forwarding clearElement on session a03d2cba362fef93da8fb6d6fd407bc8 to remote] DEBUG org.asynchttpclient.netty.request.NettyRequestSender - Using open Channel [id: 0xc1d370b3, L:/127.0.0.1:59809 - R:localhost/127.0.0.1:28624] for POST '/session/a03d2cba362fef93da8fb6d6fd407bc8/element/3f4c3714-ae25-4b8c-b65f-f17d73108e7a/clear'
00:49:35.298 [AsyncHttpClient-1-5] DEBUG org.asynchttpclient.netty.handler.HttpHandler - 

Request DefaultHttpRequest(decodeResult: success, version: HTTP/1.1)
POST /session/a03d2cba362fef93da8fb6d6fd407bc8/element/3f4c3714-ae25-4b8c-b65f-f17d73108e7a/clear HTTP/1.1
User-Agent: selenium/4.7.1 (java windows)
Content-Length: 50
Content-Type: application/json; charset=utf-8
host: localhost:28624
accept: */*

Response DefaultHttpResponse(decodeResult: success, version: HTTP/1.1)
HTTP/1.1 200 OK
Content-Type: application/json; charset=utf-8
cache-control: no-cache
content-length: 14

00:49:35.298 [AsyncHttpClient-1-5] DEBUG org.asynchttpclient.netty.channel.ChannelManager - Adding key: http://localhost:28624 for channel [id: 0xc1d370b3, L:/127.0.0.1:59809 - R:localhost/127.0.0.1:28624]
00:49:35.300 [Forwarding sendKeysToElement on session a03d2cba362fef93da8fb6d6fd407bc8 to remote] DEBUG org.asynchttpclient.netty.request.NettyRequestSender - Using pooled Channel '[id: 0xc1d370b3, L:/127.0.0.1:59809 - R:localhost/127.0.0.1:28624]' for 'POST' to 'http://localhost:28624/session/a03d2cba362fef93da8fb6d6fd407bc8/element/3f4c3714-ae25-4b8c-b65f-f17d73108e7a/value'
00:49:35.300 [Forwarding sendKeysToElement on session a03d2cba362fef93da8fb6d6fd407bc8 to remote] DEBUG org.asynchttpclient.netty.request.NettyRequestSender - Using open Channel [id: 0xc1d370b3, L:/127.0.0.1:59809 - R:localhost/127.0.0.1:28624] for POST '/session/a03d2cba362fef93da8fb6d6fd407bc8/element/3f4c3714-ae25-4b8c-b65f-f17d73108e7a/value'
00:49:35.363 [AsyncHttpClient-1-5] DEBUG org.asynchttpclient.netty.handler.HttpHandler - 

Request DefaultHttpRequest(decodeResult: success, version: HTTP/1.1)
POST /session/a03d2cba362fef93da8fb6d6fd407bc8/element/3f4c3714-ae25-4b8c-b65f-f17d73108e7a/value HTTP/1.1
User-Agent: selenium/4.7.1 (java windows)
Content-Length: 111
Content-Type: application/json; charset=utf-8
host: localhost:28624
accept: */*

Response DefaultHttpResponse(decodeResult: success, version: HTTP/1.1)
HTTP/1.1 200 OK
Content-Type: application/json; charset=utf-8
cache-control: no-cache
content-length: 14

00:49:35.363 [AsyncHttpClient-1-5] DEBUG org.asynchttpclient.netty.channel.ChannelManager - Adding key: http://localhost:28624 for channel [id: 0xc1d370b3, L:/127.0.0.1:59809 - R:localhost/127.0.0.1:28624]
00:49:35.370 [Forwarding getCurrentWindowHandle on session a03d2cba362fef93da8fb6d6fd407bc8 to remote] DEBUG org.asynchttpclient.netty.request.NettyRequestSender - Using pooled Channel '[id: 0xc1d370b3, L:/127.0.0.1:59809 - R:localhost/127.0.0.1:28624]' for 'GET' to 'http://localhost:28624/session/a03d2cba362fef93da8fb6d6fd407bc8/window'
00:49:35.370 [Forwarding getCurrentWindowHandle on session a03d2cba362fef93da8fb6d6fd407bc8 to remote] DEBUG org.asynchttpclient.netty.request.NettyRequestSender - Using open Channel [id: 0xc1d370b3, L:/127.0.0.1:59809 - R:localhost/127.0.0.1:28624] for GET '/session/a03d2cba362fef93da8fb6d6fd407bc8/window'
00:49:35.370 [AsyncHttpClient-1-5] DEBUG org.asynchttpclient.netty.handler.HttpHandler - 

Request DefaultFullHttpRequest(decodeResult: success, version: HTTP/1.1, content: EmptyByteBufBE)
GET /session/a03d2cba362fef93da8fb6d6fd407bc8/window HTTP/1.1
User-Agent: selenium/4.7.1 (java windows)
Cache-Control: no-cache
Content-Type: application/json; charset=utf-8
host: localhost:28624
accept: */*

Response DefaultHttpResponse(decodeResult: success, version: HTTP/1.1)
HTTP/1.1 200 OK
Content-Type: application/json; charset=utf-8
cache-control: no-cache
content-length: 44

00:49:35.371 [AsyncHttpClient-1-5] DEBUG org.asynchttpclient.netty.channel.ChannelManager - Adding key: http://localhost:28624 for channel [id: 0xc1d370b3, L:/127.0.0.1:59809 - R:localhost/127.0.0.1:28624]
00:49:35.372 [Forwarding getAlertText on session a03d2cba362fef93da8fb6d6fd407bc8 to remote] DEBUG org.asynchttpclient.netty.request.NettyRequestSender - Using pooled Channel '[id: 0xc1d370b3, L:/127.0.0.1:59809 - R:localhost/127.0.0.1:28624]' for 'GET' to 'http://localhost:28624/session/a03d2cba362fef93da8fb6d6fd407bc8/alert/text'
00:49:35.372 [Forwarding getAlertText on session a03d2cba362fef93da8fb6d6fd407bc8 to remote] DEBUG org.asynchttpclient.netty.request.NettyRequestSender - Using open Channel [id: 0xc1d370b3, L:/127.0.0.1:59809 - R:localhost/127.0.0.1:28624] for GET '/session/a03d2cba362fef93da8fb6d6fd407bc8/alert/text'
00:49:35.376 [AsyncHttpClient-1-5] DEBUG org.asynchttpclient.netty.handler.HttpHandler - 

Request DefaultFullHttpRequest(decodeResult: success, version: HTTP/1.1, content: EmptyByteBufBE)
GET /session/a03d2cba362fef93da8fb6d6fd407bc8/alert/text HTTP/1.1
User-Agent: selenium/4.7.1 (java windows)
Cache-Control: no-cache
Content-Type: application/json; charset=utf-8
host: localhost:28624
accept: */*

Response DefaultHttpResponse(decodeResult: success, version: HTTP/1.1)
HTTP/1.1 404 Not Found
Content-Type: application/json; charset=utf-8
cache-control: no-cache
content-length: 849

00:49:35.377 [AsyncHttpClient-1-5] DEBUG org.asynchttpclient.netty.channel.ChannelManager - Adding key: http://localhost:28624 for channel [id: 0xc1d370b3, L:/127.0.0.1:59809 - R:localhost/127.0.0.1:28624]
00:49:35.379 [Forwarding switchToWindow on session a03d2cba362fef93da8fb6d6fd407bc8 to remote] DEBUG org.asynchttpclient.netty.request.NettyRequestSender - Using pooled Channel '[id: 0xc1d370b3, L:/127.0.0.1:59809 - R:localhost/127.0.0.1:28624]' for 'POST' to 'http://localhost:28624/session/a03d2cba362fef93da8fb6d6fd407bc8/window'
00:49:35.379 [Forwarding switchToWindow on session a03d2cba362fef93da8fb6d6fd407bc8 to remote] DEBUG org.asynchttpclient.netty.request.NettyRequestSender - Using open Channel [id: 0xc1d370b3, L:/127.0.0.1:59809 - R:localhost/127.0.0.1:28624] for POST '/session/a03d2cba362fef93da8fb6d6fd407bc8/window'
00:49:35.381 [AsyncHttpClient-1-5] DEBUG org.asynchttpclient.netty.handler.HttpHandler - 

Request DefaultHttpRequest(decodeResult: success, version: HTTP/1.1)
POST /session/a03d2cba362fef93da8fb6d6fd407bc8/window HTTP/1.1
User-Agent: selenium/4.7.1 (java windows)
Content-Length: 50
Content-Type: application/json; charset=utf-8
host: localhost:28624
accept: */*

Response DefaultHttpResponse(decodeResult: success, version: HTTP/1.1)
HTTP/1.1 200 OK
Content-Type: application/json; charset=utf-8
cache-control: no-cache
content-length: 14

00:49:35.381 [AsyncHttpClient-1-5] DEBUG org.asynchttpclient.netty.channel.ChannelManager - Adding key: http://localhost:28624 for channel [id: 0xc1d370b3, L:/127.0.0.1:59809 - R:localhost/127.0.0.1:28624]
00:49:35.382 [Forwarding getCurrentUrl on session a03d2cba362fef93da8fb6d6fd407bc8 to remote] DEBUG org.asynchttpclient.netty.request.NettyRequestSender - Using pooled Channel '[id: 0xc1d370b3, L:/127.0.0.1:59809 - R:localhost/127.0.0.1:28624]' for 'GET' to 'http://localhost:28624/session/a03d2cba362fef93da8fb6d6fd407bc8/url'
00:49:35.382 [Forwarding getCurrentUrl on session a03d2cba362fef93da8fb6d6fd407bc8 to remote] DEBUG org.asynchttpclient.netty.request.NettyRequestSender - Using open Channel [id: 0xc1d370b3, L:/127.0.0.1:59809 - R:localhost/127.0.0.1:28624] for GET '/session/a03d2cba362fef93da8fb6d6fd407bc8/url'
00:49:35.385 [AsyncHttpClient-1-5] DEBUG org.asynchttpclient.netty.handler.HttpHandler - 

Request DefaultFullHttpRequest(decodeResult: success, version: HTTP/1.1, content: EmptyByteBufBE)
GET /session/a03d2cba362fef93da8fb6d6fd407bc8/url HTTP/1.1
User-Agent: selenium/4.7.1 (java windows)
Cache-Control: no-cache
Content-Type: application/json; charset=utf-8
host: localhost:28624
accept: */*

Response DefaultHttpResponse(decodeResult: success, version: HTTP/1.1)
HTTP/1.1 200 OK
Content-Type: application/json; charset=utf-8
cache-control: no-cache
content-length: 51

00:49:35.385 [AsyncHttpClient-1-5] DEBUG org.asynchttpclient.netty.channel.ChannelManager - Adding key: http://localhost:28624 for channel [id: 0xc1d370b3, L:/127.0.0.1:59809 - R:localhost/127.0.0.1:28624]
00:49:35.386 [Forwarding screenshot on session a03d2cba362fef93da8fb6d6fd407bc8 to remote] DEBUG org.asynchttpclient.netty.request.NettyRequestSender - Using pooled Channel '[id: 0xc1d370b3, L:/127.0.0.1:59809 - R:localhost/127.0.0.1:28624]' for 'GET' to 'http://localhost:28624/session/a03d2cba362fef93da8fb6d6fd407bc8/screenshot'
00:49:35.386 [Forwarding screenshot on session a03d2cba362fef93da8fb6d6fd407bc8 to remote] DEBUG org.asynchttpclient.netty.request.NettyRequestSender - Using open Channel [id: 0xc1d370b3, L:/127.0.0.1:59809 - R:localhost/127.0.0.1:28624] for GET '/session/a03d2cba362fef93da8fb6d6fd407bc8/screenshot'
00:49:35.480 [AsyncHttpClient-1-5] DEBUG org.asynchttpclient.netty.handler.HttpHandler - 

Request DefaultFullHttpRequest(decodeResult: success, version: HTTP/1.1, content: EmptyByteBufBE)
GET /session/a03d2cba362fef93da8fb6d6fd407bc8/screenshot HTTP/1.1
User-Agent: selenium/4.7.1 (java windows)
Cache-Control: no-cache
Content-Type: application/json; charset=utf-8
host: localhost:28624
accept: */*

Response DefaultHttpResponse(decodeResult: success, version: HTTP/1.1)
HTTP/1.1 200 OK
Content-Type: application/json; charset=utf-8
cache-control: no-cache
content-length: 29964

00:49:35.480 [AsyncHttpClient-1-5] DEBUG org.asynchttpclient.netty.channel.ChannelManager - Adding key: http://localhost:28624 for channel [id: 0xc1d370b3, L:/127.0.0.1:59809 - R:localhost/127.0.0.1:28624]
00:49:35.482 [main] DEBUG net.serenitybdd.core.photography.Darkroom - Send negative for processing for target\site\serenity\5cd3a1a38888632c8949792ae489f7637d86912b17d3e7127b46b715a1a067ee.png
00:49:35.482 [main] DEBUG net.thucydides.core.steps.StepInterceptor - STEP DONE: inputPassword
00:49:35.482 [Darkroom Processing Line] DEBUG net.serenitybdd.core.photography.DarkroomProcessingLine - Processing screenshot image in /var/screenshots/screenshot-2408023946838340540
00:49:35.483 [Darkroom Processing Line] DEBUG net.serenitybdd.core.photography.DarkroomProcessingLine - Saving screenshot to target\site\serenity\5cd3a1a38888632c8949792ae489f7637d86912b17d3e7127b46b715a1a067ee.png
  &amp#27;[32mAnd &amp#27;[0m&amp#27;[32muser input password valid&amp#27;[0m             &amp#27;[90m# starter.stepdefinitions.LoginRegisterSteps.userInputPasswordValid()&amp#27;[0m
00:49:35.498 [main] DEBUG net.thucydides.core.steps.StepInterceptor - STARTING STEP: LoginRegisterSteps.userKlikButtonLoginYangKedua - klikButtonLoginKedua
00:49:35.501 [Forwarding findElement on session a03d2cba362fef93da8fb6d6fd407bc8 to remote] DEBUG org.asynchttpclient.netty.request.NettyRequestSender - Using pooled Channel '[id: 0xc1d370b3, L:/127.0.0.1:59809 - R:localhost/127.0.0.1:28624]' for 'POST' to 'http://localhost:28624/session/a03d2cba362fef93da8fb6d6fd407bc8/element'
00:49:35.501 [Forwarding findElement on session a03d2cba362fef93da8fb6d6fd407bc8 to remote] DEBUG org.asynchttpclient.netty.request.NettyRequestSender - Using open Channel [id: 0xc1d370b3, L:/127.0.0.1:59809 - R:localhost/127.0.0.1:28624] for POST '/session/a03d2cba362fef93da8fb6d6fd407bc8/element'
00:49:35.515 [AsyncHttpClient-1-5] DEBUG org.asynchttpclient.netty.handler.HttpHandler - 

Request DefaultHttpRequest(decodeResult: success, version: HTTP/1.1)
POST /session/a03d2cba362fef93da8fb6d6fd407bc8/element HTTP/1.1
User-Agent: selenium/4.7.1 (java windows)
Content-Length: 141
Content-Type: application/json; charset=utf-8
host: localhost:28624
accept: */*

Response DefaultHttpResponse(decodeResult: success, version: HTTP/1.1)
HTTP/1.1 200 OK
Content-Type: application/json; charset=utf-8
cache-control: no-cache
content-length: 88

00:49:35.515 [AsyncHttpClient-1-5] DEBUG org.asynchttpclient.netty.channel.ChannelManager - Adding key: http://localhost:28624 for channel [id: 0xc1d370b3, L:/127.0.0.1:59809 - R:localhost/127.0.0.1:28624]
00:49:35.517 [Forwarding getElementTagName on session a03d2cba362fef93da8fb6d6fd407bc8 to remote] DEBUG org.asynchttpclient.netty.request.NettyRequestSender - Using pooled Channel '[id: 0xc1d370b3, L:/127.0.0.1:59809 - R:localhost/127.0.0.1:28624]' for 'GET' to 'http://localhost:28624/session/a03d2cba362fef93da8fb6d6fd407bc8/element/9f3274ad-2e83-45d1-aeb1-fc8c931378e3/name'
00:49:35.517 [Forwarding getElementTagName on session a03d2cba362fef93da8fb6d6fd407bc8 to remote] DEBUG org.asynchttpclient.netty.request.NettyRequestSender - Using open Channel [id: 0xc1d370b3, L:/127.0.0.1:59809 - R:localhost/127.0.0.1:28624] for GET '/session/a03d2cba362fef93da8fb6d6fd407bc8/element/9f3274ad-2e83-45d1-aeb1-fc8c931378e3/name'
00:49:35.523 [AsyncHttpClient-1-5] DEBUG org.asynchttpclient.netty.handler.HttpHandler - 

Request DefaultFullHttpRequest(decodeResult: success, version: HTTP/1.1, content: EmptyByteBufBE)
GET /session/a03d2cba362fef93da8fb6d6fd407bc8/element/9f3274ad-2e83-45d1-aeb1-fc8c931378e3/name HTTP/1.1
User-Agent: selenium/4.7.1 (java windows)
Cache-Control: no-cache
Content-Type: application/json; charset=utf-8
host: localhost:28624
accept: */*

Response DefaultHttpResponse(decodeResult: success, version: HTTP/1.1)
HTTP/1.1 200 OK
Content-Type: application/json; charset=utf-8
cache-control: no-cache
content-length: 18

00:49:35.523 [AsyncHttpClient-1-5] DEBUG org.asynchttpclient.netty.channel.ChannelManager - Adding key: http://localhost:28624 for channel [id: 0xc1d370b3, L:/127.0.0.1:59809 - R:localhost/127.0.0.1:28624]
00:49:35.526 [Forwarding getElementTagName on session a03d2cba362fef93da8fb6d6fd407bc8 to remote] DEBUG org.asynchttpclient.netty.request.NettyRequestSender - Using pooled Channel '[id: 0xc1d370b3, L:/127.0.0.1:59809 - R:localhost/127.0.0.1:28624]' for 'GET' to 'http://localhost:28624/session/a03d2cba362fef93da8fb6d6fd407bc8/element/9f3274ad-2e83-45d1-aeb1-fc8c931378e3/name'
00:49:35.526 [Forwarding getElementTagName on session a03d2cba362fef93da8fb6d6fd407bc8 to remote] DEBUG org.asynchttpclient.netty.request.NettyRequestSender - Using open Channel [id: 0xc1d370b3, L:/127.0.0.1:59809 - R:localhost/127.0.0.1:28624] for GET '/session/a03d2cba362fef93da8fb6d6fd407bc8/element/9f3274ad-2e83-45d1-aeb1-fc8c931378e3/name'
00:49:35.532 [AsyncHttpClient-1-5] DEBUG org.asynchttpclient.netty.handler.HttpHandler - 

Request DefaultFullHttpRequest(decodeResult: success, version: HTTP/1.1, content: EmptyByteBufBE)
GET /session/a03d2cba362fef93da8fb6d6fd407bc8/element/9f3274ad-2e83-45d1-aeb1-fc8c931378e3/name HTTP/1.1
User-Agent: selenium/4.7.1 (java windows)
Cache-Control: no-cache
Content-Type: application/json; charset=utf-8
host: localhost:28624
accept: */*

Response DefaultHttpResponse(decodeResult: success, version: HTTP/1.1)
HTTP/1.1 200 OK
Content-Type: application/json; charset=utf-8
cache-control: no-cache
content-length: 18

00:49:35.532 [AsyncHttpClient-1-5] DEBUG org.asynchttpclient.netty.channel.ChannelManager - Adding key: http://localhost:28624 for channel [id: 0xc1d370b3, L:/127.0.0.1:59809 - R:localhost/127.0.0.1:28624]
00:49:35.535 [Forwarding isElementEnabled on session a03d2cba362fef93da8fb6d6fd407bc8 to remote] DEBUG org.asynchttpclient.netty.request.NettyRequestSender - Using pooled Channel '[id: 0xc1d370b3, L:/127.0.0.1:59809 - R:localhost/127.0.0.1:28624]' for 'GET' to 'http://localhost:28624/session/a03d2cba362fef93da8fb6d6fd407bc8/element/9f3274ad-2e83-45d1-aeb1-fc8c931378e3/enabled'
00:49:35.535 [Forwarding isElementEnabled on session a03d2cba362fef93da8fb6d6fd407bc8 to remote] DEBUG org.asynchttpclient.netty.request.NettyRequestSender - Using open Channel [id: 0xc1d370b3, L:/127.0.0.1:59809 - R:localhost/127.0.0.1:28624] for GET '/session/a03d2cba362fef93da8fb6d6fd407bc8/element/9f3274ad-2e83-45d1-aeb1-fc8c931378e3/enabled'
00:49:35.546 [AsyncHttpClient-1-5] DEBUG org.asynchttpclient.netty.handler.HttpHandler - 

Request DefaultFullHttpRequest(decodeResult: success, version: HTTP/1.1, content: EmptyByteBufBE)
GET /session/a03d2cba362fef93da8fb6d6fd407bc8/element/9f3274ad-2e83-45d1-aeb1-fc8c931378e3/enabled HTTP/1.1
User-Agent: selenium/4.7.1 (java windows)
Cache-Control: no-cache
Content-Type: application/json; charset=utf-8
host: localhost:28624
accept: */*

Response DefaultHttpResponse(decodeResult: success, version: HTTP/1.1)
HTTP/1.1 200 OK
Content-Type: application/json; charset=utf-8
cache-control: no-cache
content-length: 14

00:49:35.546 [AsyncHttpClient-1-5] DEBUG org.asynchttpclient.netty.channel.ChannelManager - Adding key: http://localhost:28624 for channel [id: 0xc1d370b3, L:/127.0.0.1:59809 - R:localhost/127.0.0.1:28624]
00:49:35.548 [Forwarding isElementEnabled on session a03d2cba362fef93da8fb6d6fd407bc8 to remote] DEBUG org.asynchttpclient.netty.request.NettyRequestSender - Using pooled Channel '[id: 0xc1d370b3, L:/127.0.0.1:59809 - R:localhost/127.0.0.1:28624]' for 'GET' to 'http://localhost:28624/session/a03d2cba362fef93da8fb6d6fd407bc8/element/9f3274ad-2e83-45d1-aeb1-fc8c931378e3/enabled'
00:49:35.548 [Forwarding isElementEnabled on session a03d2cba362fef93da8fb6d6fd407bc8 to remote] DEBUG org.asynchttpclient.netty.request.NettyRequestSender - Using open Channel [id: 0xc1d370b3, L:/127.0.0.1:59809 - R:localhost/127.0.0.1:28624] for GET '/session/a03d2cba362fef93da8fb6d6fd407bc8/element/9f3274ad-2e83-45d1-aeb1-fc8c931378e3/enabled'
00:49:35.561 [AsyncHttpClient-1-5] DEBUG org.asynchttpclient.netty.handler.HttpHandler - 

Request DefaultFullHttpRequest(decodeResult: success, version: HTTP/1.1, content: EmptyByteBufBE)
GET /session/a03d2cba362fef93da8fb6d6fd407bc8/element/9f3274ad-2e83-45d1-aeb1-fc8c931378e3/enabled HTTP/1.1
User-Agent: selenium/4.7.1 (java windows)
Cache-Control: no-cache
Content-Type: application/json; charset=utf-8
host: localhost:28624
accept: */*

Response DefaultHttpResponse(decodeResult: success, version: HTTP/1.1)
HTTP/1.1 200 OK
Content-Type: application/json; charset=utf-8
cache-control: no-cache
content-length: 14

00:49:35.561 [AsyncHttpClient-1-5] DEBUG org.asynchttpclient.netty.channel.ChannelManager - Adding key: http://localhost:28624 for channel [id: 0xc1d370b3, L:/127.0.0.1:59809 - R:localhost/127.0.0.1:28624]
00:49:35.563 [Forwarding findElement on session a03d2cba362fef93da8fb6d6fd407bc8 to remote] DEBUG org.asynchttpclient.netty.request.NettyRequestSender - Using pooled Channel '[id: 0xc1d370b3, L:/127.0.0.1:59809 - R:localhost/127.0.0.1:28624]' for 'POST' to 'http://localhost:28624/session/a03d2cba362fef93da8fb6d6fd407bc8/element'
00:49:35.563 [Forwarding findElement on session a03d2cba362fef93da8fb6d6fd407bc8 to remote] DEBUG org.asynchttpclient.netty.request.NettyRequestSender - Using open Channel [id: 0xc1d370b3, L:/127.0.0.1:59809 - R:localhost/127.0.0.1:28624] for POST '/session/a03d2cba362fef93da8fb6d6fd407bc8/element'
00:49:35.573 [AsyncHttpClient-1-5] DEBUG org.asynchttpclient.netty.handler.HttpHandler - 

Request DefaultHttpRequest(decodeResult: success, version: HTTP/1.1)
POST /session/a03d2cba362fef93da8fb6d6fd407bc8/element HTTP/1.1
User-Agent: selenium/4.7.1 (java windows)
Content-Length: 141
Content-Type: application/json; charset=utf-8
host: localhost:28624
accept: */*

Response DefaultHttpResponse(decodeResult: success, version: HTTP/1.1)
HTTP/1.1 200 OK
Content-Type: application/json; charset=utf-8
cache-control: no-cache
content-length: 88

00:49:35.573 [AsyncHttpClient-1-5] DEBUG org.asynchttpclient.netty.channel.ChannelManager - Adding key: http://localhost:28624 for channel [id: 0xc1d370b3, L:/127.0.0.1:59809 - R:localhost/127.0.0.1:28624]
00:49:35.576 [Forwarding clickElement on session a03d2cba362fef93da8fb6d6fd407bc8 to remote] DEBUG org.asynchttpclient.netty.request.NettyRequestSender - Using pooled Channel '[id: 0xc1d370b3, L:/127.0.0.1:59809 - R:localhost/127.0.0.1:28624]' for 'POST' to 'http://localhost:28624/session/a03d2cba362fef93da8fb6d6fd407bc8/element/9f3274ad-2e83-45d1-aeb1-fc8c931378e3/click'
00:49:35.576 [Forwarding clickElement on session a03d2cba362fef93da8fb6d6fd407bc8 to remote] DEBUG org.asynchttpclient.netty.request.NettyRequestSender - Using open Channel [id: 0xc1d370b3, L:/127.0.0.1:59809 - R:localhost/127.0.0.1:28624] for POST '/session/a03d2cba362fef93da8fb6d6fd407bc8/element/9f3274ad-2e83-45d1-aeb1-fc8c931378e3/click'
00:49:35.629 [AsyncHttpClient-1-5] DEBUG org.asynchttpclient.netty.handler.HttpHandler - 

Request DefaultHttpRequest(decodeResult: success, version: HTTP/1.1)
POST /session/a03d2cba362fef93da8fb6d6fd407bc8/element/9f3274ad-2e83-45d1-aeb1-fc8c931378e3/click HTTP/1.1
User-Agent: selenium/4.7.1 (java windows)
Content-Length: 50
Content-Type: application/json; charset=utf-8
host: localhost:28624
accept: */*

Response DefaultHttpResponse(decodeResult: success, version: HTTP/1.1)
HTTP/1.1 200 OK
Content-Type: application/json; charset=utf-8
cache-control: no-cache
content-length: 14

00:49:35.629 [AsyncHttpClient-1-5] DEBUG org.asynchttpclient.netty.channel.ChannelManager - Adding key: http://localhost:28624 for channel [id: 0xc1d370b3, L:/127.0.0.1:59809 - R:localhost/127.0.0.1:28624]
00:49:35.636 [Forwarding getCurrentWindowHandle on session a03d2cba362fef93da8fb6d6fd407bc8 to remote] DEBUG org.asynchttpclient.netty.request.NettyRequestSender - Using pooled Channel '[id: 0xc1d370b3, L:/127.0.0.1:59809 - R:localhost/127.0.0.1:28624]' for 'GET' to 'http://localhost:28624/session/a03d2cba362fef93da8fb6d6fd407bc8/window'
00:49:35.636 [Forwarding getCurrentWindowHandle on session a03d2cba362fef93da8fb6d6fd407bc8 to remote] DEBUG org.asynchttpclient.netty.request.NettyRequestSender - Using open Channel [id: 0xc1d370b3, L:/127.0.0.1:59809 - R:localhost/127.0.0.1:28624] for GET '/session/a03d2cba362fef93da8fb6d6fd407bc8/window'
00:49:35.637 [AsyncHttpClient-1-5] DEBUG org.asynchttpclient.netty.handler.HttpHandler - 

Request DefaultFullHttpRequest(decodeResult: success, version: HTTP/1.1, content: EmptyByteBufBE)
GET /session/a03d2cba362fef93da8fb6d6fd407bc8/window HTTP/1.1
User-Agent: selenium/4.7.1 (java windows)
Cache-Control: no-cache
Content-Type: application/json; charset=utf-8
host: localhost:28624
accept: */*

Response DefaultHttpResponse(decodeResult: success, version: HTTP/1.1)
HTTP/1.1 200 OK
Content-Type: application/json; charset=utf-8
cache-control: no-cache
content-length: 44

00:49:35.637 [AsyncHttpClient-1-5] DEBUG org.asynchttpclient.netty.channel.ChannelManager - Adding key: http://localhost:28624 for channel [id: 0xc1d370b3, L:/127.0.0.1:59809 - R:localhost/127.0.0.1:28624]
00:49:35.639 [Forwarding getAlertText on session a03d2cba362fef93da8fb6d6fd407bc8 to remote] DEBUG org.asynchttpclient.netty.request.NettyRequestSender - Using pooled Channel '[id: 0xc1d370b3, L:/127.0.0.1:59809 - R:localhost/127.0.0.1:28624]' for 'GET' to 'http://localhost:28624/session/a03d2cba362fef93da8fb6d6fd407bc8/alert/text'
00:49:35.639 [Forwarding getAlertText on session a03d2cba362fef93da8fb6d6fd407bc8 to remote] DEBUG org.asynchttpclient.netty.request.NettyRequestSender - Using open Channel [id: 0xc1d370b3, L:/127.0.0.1:59809 - R:localhost/127.0.0.1:28624] for GET '/session/a03d2cba362fef93da8fb6d6fd407bc8/alert/text'
00:49:35.642 [AsyncHttpClient-1-5] DEBUG org.asynchttpclient.netty.handler.HttpHandler - 

Request DefaultFullHttpRequest(decodeResult: success, version: HTTP/1.1, content: EmptyByteBufBE)
GET /session/a03d2cba362fef93da8fb6d6fd407bc8/alert/text HTTP/1.1
User-Agent: selenium/4.7.1 (java windows)
Cache-Control: no-cache
Content-Type: application/json; charset=utf-8
host: localhost:28624
accept: */*

Response DefaultHttpResponse(decodeResult: success, version: HTTP/1.1)
HTTP/1.1 404 Not Found
Content-Type: application/json; charset=utf-8
cache-control: no-cache
content-length: 849

00:49:35.642 [AsyncHttpClient-1-5] DEBUG org.asynchttpclient.netty.channel.ChannelManager - Adding key: http://localhost:28624 for channel [id: 0xc1d370b3, L:/127.0.0.1:59809 - R:localhost/127.0.0.1:28624]
00:49:35.647 [Forwarding switchToWindow on session a03d2cba362fef93da8fb6d6fd407bc8 to remote] DEBUG org.asynchttpclient.netty.request.NettyRequestSender - Using pooled Channel '[id: 0xc1d370b3, L:/127.0.0.1:59809 - R:localhost/127.0.0.1:28624]' for 'POST' to 'http://localhost:28624/session/a03d2cba362fef93da8fb6d6fd407bc8/window'
00:49:35.647 [Forwarding switchToWindow on session a03d2cba362fef93da8fb6d6fd407bc8 to remote] DEBUG org.asynchttpclient.netty.request.NettyRequestSender - Using open Channel [id: 0xc1d370b3, L:/127.0.0.1:59809 - R:localhost/127.0.0.1:28624] for POST '/session/a03d2cba362fef93da8fb6d6fd407bc8/window'
00:49:35.649 [AsyncHttpClient-1-5] DEBUG org.asynchttpclient.netty.handler.HttpHandler - 

Request DefaultHttpRequest(decodeResult: success, version: HTTP/1.1)
POST /session/a03d2cba362fef93da8fb6d6fd407bc8/window HTTP/1.1
User-Agent: selenium/4.7.1 (java windows)
Content-Length: 50
Content-Type: application/json; charset=utf-8
host: localhost:28624
accept: */*

Response DefaultHttpResponse(decodeResult: success, version: HTTP/1.1)
HTTP/1.1 200 OK
Content-Type: application/json; charset=utf-8
cache-control: no-cache
content-length: 14

00:49:35.650 [AsyncHttpClient-1-5] DEBUG org.asynchttpclient.netty.channel.ChannelManager - Adding key: http://localhost:28624 for channel [id: 0xc1d370b3, L:/127.0.0.1:59809 - R:localhost/127.0.0.1:28624]
00:49:35.651 [Forwarding getCurrentUrl on session a03d2cba362fef93da8fb6d6fd407bc8 to remote] DEBUG org.asynchttpclient.netty.request.NettyRequestSender - Using pooled Channel '[id: 0xc1d370b3, L:/127.0.0.1:59809 - R:localhost/127.0.0.1:28624]' for 'GET' to 'http://localhost:28624/session/a03d2cba362fef93da8fb6d6fd407bc8/url'
00:49:35.651 [Forwarding getCurrentUrl on session a03d2cba362fef93da8fb6d6fd407bc8 to remote] DEBUG org.asynchttpclient.netty.request.NettyRequestSender - Using open Channel [id: 0xc1d370b3, L:/127.0.0.1:59809 - R:localhost/127.0.0.1:28624] for GET '/session/a03d2cba362fef93da8fb6d6fd407bc8/url'
00:49:35.654 [AsyncHttpClient-1-5] DEBUG org.asynchttpclient.netty.handler.HttpHandler - 

Request DefaultFullHttpRequest(decodeResult: success, version: HTTP/1.1, content: EmptyByteBufBE)
GET /session/a03d2cba362fef93da8fb6d6fd407bc8/url HTTP/1.1
User-Agent: selenium/4.7.1 (java windows)
Cache-Control: no-cache
Content-Type: application/json; charset=utf-8
host: localhost:28624
accept: */*

Response DefaultHttpResponse(decodeResult: success, version: HTTP/1.1)
HTTP/1.1 200 OK
Content-Type: application/json; charset=utf-8
cache-control: no-cache
content-length: 51

00:49:35.655 [AsyncHttpClient-1-5] DEBUG org.asynchttpclient.netty.channel.ChannelManager - Adding key: http://localhost:28624 for channel [id: 0xc1d370b3, L:/127.0.0.1:59809 - R:localhost/127.0.0.1:28624]
00:49:35.656 [Forwarding screenshot on session a03d2cba362fef93da8fb6d6fd407bc8 to remote] DEBUG org.asynchttpclient.netty.request.NettyRequestSender - Using pooled Channel '[id: 0xc1d370b3, L:/127.0.0.1:59809 - R:localhost/127.0.0.1:28624]' for 'GET' to 'http://localhost:28624/session/a03d2cba362fef93da8fb6d6fd407bc8/screenshot'
00:49:35.656 [Forwarding screenshot on session a03d2cba362fef93da8fb6d6fd407bc8 to remote] DEBUG org.asynchttpclient.netty.request.NettyRequestSender - Using open Channel [id: 0xc1d370b3, L:/127.0.0.1:59809 - R:localhost/127.0.0.1:28624] for GET '/session/a03d2cba362fef93da8fb6d6fd407bc8/screenshot'
00:49:35.783 [AsyncHttpClient-1-5] DEBUG org.asynchttpclient.netty.handler.HttpHandler - 

Request DefaultFullHttpRequest(decodeResult: success, version: HTTP/1.1, content: EmptyByteBufBE)
GET /session/a03d2cba362fef93da8fb6d6fd407bc8/screenshot HTTP/1.1
User-Agent: selenium/4.7.1 (java windows)
Cache-Control: no-cache
Content-Type: application/json; charset=utf-8
host: localhost:28624
accept: */*

Response DefaultHttpResponse(decodeResult: success, version: HTTP/1.1)
HTTP/1.1 200 OK
Content-Type: application/json; charset=utf-8
cache-control: no-cache
content-length: 29536

00:49:35.784 [AsyncHttpClient-1-5] DEBUG org.asynchttpclient.netty.channel.ChannelManager - Adding key: http://localhost:28624 for channel [id: 0xc1d370b3, L:/127.0.0.1:59809 - R:localhost/127.0.0.1:28624]
00:49:35.786 [main] DEBUG net.serenitybdd.core.photography.Darkroom - Send negative for processing for target\site\serenity\2515f286c4629f49eb035c66ac24014aa40b3021225e9ec41ae42aecf1c9c3ae.png
00:49:35.786 [main] DEBUG net.thucydides.core.steps.StepInterceptor - STEP DONE: klikButtonLoginKedua
00:49:35.786 [Darkroom Processing Line] DEBUG net.serenitybdd.core.photography.DarkroomProcessingLine - Processing screenshot image in /var/screenshots/screenshot-6456840732738723512
00:49:35.786 [Darkroom Processing Line] DEBUG net.serenitybdd.core.photography.DarkroomProcessingLine - Saving screenshot to target\site\serenity\2515f286c4629f49eb035c66ac24014aa40b3021225e9ec41ae42aecf1c9c3ae.png
  &amp#27;[32mThen &amp#27;[0m&amp#27;[32muser klik button login yang kedua&amp#27;[0m    &amp#27;[90m# starter.stepdefinitions.LoginRegisterSteps.userKlikButtonLoginYangKedua()&amp#27;[0m
00:49:35.799 [main] DEBUG net.thucydides.core.steps.StepInterceptor - STARTING STEP: LoginRegisterSteps.userKembaliDiHomepageAltaShop - menujuHomepageKembali
00:49:35.801 [Forwarding findElement on session a03d2cba362fef93da8fb6d6fd407bc8 to remote] DEBUG org.asynchttpclient.netty.request.NettyRequestSender - Using pooled Channel '[id: 0xc1d370b3, L:/127.0.0.1:59809 - R:localhost/127.0.0.1:28624]' for 'POST' to 'http://localhost:28624/session/a03d2cba362fef93da8fb6d6fd407bc8/element'
00:49:35.801 [Forwarding findElement on session a03d2cba362fef93da8fb6d6fd407bc8 to remote] DEBUG org.asynchttpclient.netty.request.NettyRequestSender - Using open Channel [id: 0xc1d370b3, L:/127.0.0.1:59809 - R:localhost/127.0.0.1:28624] for POST '/session/a03d2cba362fef93da8fb6d6fd407bc8/element'
00:49:35.814 [AsyncHttpClient-1-5] DEBUG org.asynchttpclient.netty.handler.HttpHandler - 

Request DefaultHttpRequest(decodeResult: success, version: HTTP/1.1)
POST /session/a03d2cba362fef93da8fb6d6fd407bc8/element HTTP/1.1
User-Agent: selenium/4.7.1 (java windows)
Content-Length: 81
Content-Type: application/json; charset=utf-8
host: localhost:28624
accept: */*

Response DefaultHttpResponse(decodeResult: success, version: HTTP/1.1)
HTTP/1.1 200 OK
Content-Type: application/json; charset=utf-8
cache-control: no-cache
content-length: 88

00:49:35.815 [AsyncHttpClient-1-5] DEBUG org.asynchttpclient.netty.channel.ChannelManager - Adding key: http://localhost:28624 for channel [id: 0xc1d370b3, L:/127.0.0.1:59809 - R:localhost/127.0.0.1:28624]
00:49:35.818 [Forwarding isElementDisplayed on session a03d2cba362fef93da8fb6d6fd407bc8 to remote] DEBUG org.asynchttpclient.netty.request.NettyRequestSender - Using pooled Channel '[id: 0xc1d370b3, L:/127.0.0.1:59809 - R:localhost/127.0.0.1:28624]' for 'POST' to 'http://localhost:28624/session/a03d2cba362fef93da8fb6d6fd407bc8/execute/sync'
00:49:35.818 [Forwarding isElementDisplayed on session a03d2cba362fef93da8fb6d6fd407bc8 to remote] DEBUG org.asynchttpclient.netty.request.NettyRequestSender - Using open Channel [id: 0xc1d370b3, L:/127.0.0.1:59809 - R:localhost/127.0.0.1:28624] for POST '/session/a03d2cba362fef93da8fb6d6fd407bc8/execute/sync'
00:49:35.828 [AsyncHttpClient-1-5] DEBUG org.asynchttpclient.netty.handler.HttpHandler - 

Request DefaultHttpRequest(decodeResult: success, version: HTTP/1.1)
POST /session/a03d2cba362fef93da8fb6d6fd407bc8/execute/sync HTTP/1.1
User-Agent: selenium/4.7.1 (java windows)
Content-Length: 48780
Content-Type: application/json; charset=utf-8
host: localhost:28624
accept: */*

Response DefaultHttpResponse(decodeResult: success, version: HTTP/1.1)
HTTP/1.1 200 OK
Content-Type: application/json; charset=utf-8
cache-control: no-cache
content-length: 14

00:49:35.829 [AsyncHttpClient-1-5] DEBUG org.asynchttpclient.netty.channel.ChannelManager - Adding key: http://localhost:28624 for channel [id: 0xc1d370b3, L:/127.0.0.1:59809 - R:localhost/127.0.0.1:28624]
00:49:35.832 [AsyncHttpClient-1-1] DEBUG org.asynchttpclient.netty.channel.DefaultChannelPool - Entry count for : http://localhost:28624 : 1
00:49:35.832 [AsyncHttpClient-1-1] DEBUG org.asynchttpclient.netty.channel.DefaultChannelPool - Entry count for : http://localhost:59810 : 1
00:49:35.834 [main] DEBUG net.thucydides.core.steps.StepInterceptor - STEP DONE: menujuHomepageKembali
  &amp#27;[32mAnd &amp#27;[0m&amp#27;[32muser kembali di homepage AltaShop&amp#27;[0m     &amp#27;[90m# starter.stepdefinitions.LoginRegisterSteps.userKembaliDiHomepageAltaShop()&amp#27;[0m
00:49:35.839 [Forwarding getCurrentWindowHandle on session a03d2cba362fef93da8fb6d6fd407bc8 to remote] DEBUG org.asynchttpclient.netty.request.NettyRequestSender - Using pooled Channel '[id: 0xc1d370b3, L:/127.0.0.1:59809 - R:localhost/127.0.0.1:28624]' for 'GET' to 'http://localhost:28624/session/a03d2cba362fef93da8fb6d6fd407bc8/window'
00:49:35.839 [Forwarding getCurrentWindowHandle on session a03d2cba362fef93da8fb6d6fd407bc8 to remote] DEBUG org.asynchttpclient.netty.request.NettyRequestSender - Using open Channel [id: 0xc1d370b3, L:/127.0.0.1:59809 - R:localhost/127.0.0.1:28624] for GET '/session/a03d2cba362fef93da8fb6d6fd407bc8/window'
00:49:35.841 [AsyncHttpClient-1-5] DEBUG org.asynchttpclient.netty.handler.HttpHandler - 

Request DefaultFullHttpRequest(decodeResult: success, version: HTTP/1.1, content: EmptyByteBufBE)
GET /session/a03d2cba362fef93da8fb6d6fd407bc8/window HTTP/1.1
User-Agent: selenium/4.7.1 (java windows)
Cache-Control: no-cache
Content-Type: application/json; charset=utf-8
host: localhost:28624
accept: */*

Response DefaultHttpResponse(decodeResult: success, version: HTTP/1.1)
HTTP/1.1 200 OK
Content-Type: application/json; charset=utf-8
cache-control: no-cache
content-length: 44

00:49:35.841 [AsyncHttpClient-1-5] DEBUG org.asynchttpclient.netty.channel.ChannelManager - Adding key: http://localhost:28624 for channel [id: 0xc1d370b3, L:/127.0.0.1:59809 - R:localhost/127.0.0.1:28624]
00:49:35.843 [Forwarding getAlertText on session a03d2cba362fef93da8fb6d6fd407bc8 to remote] DEBUG org.asynchttpclient.netty.request.NettyRequestSender - Using pooled Channel '[id: 0xc1d370b3, L:/127.0.0.1:59809 - R:localhost/127.0.0.1:28624]' for 'GET' to 'http://localhost:28624/session/a03d2cba362fef93da8fb6d6fd407bc8/alert/text'
00:49:35.843 [Forwarding getAlertText on session a03d2cba362fef93da8fb6d6fd407bc8 to remote] DEBUG org.asynchttpclient.netty.request.NettyRequestSender - Using open Channel [id: 0xc1d370b3, L:/127.0.0.1:59809 - R:localhost/127.0.0.1:28624] for GET '/session/a03d2cba362fef93da8fb6d6fd407bc8/alert/text'
00:49:35.845 [AsyncHttpClient-1-5] DEBUG org.asynchttpclient.netty.handler.HttpHandler - 

Request DefaultFullHttpRequest(decodeResult: success, version: HTTP/1.1, content: EmptyByteBufBE)
GET /session/a03d2cba362fef93da8fb6d6fd407bc8/alert/text HTTP/1.1
User-Agent: selenium/4.7.1 (java windows)
Cache-Control: no-cache
Content-Type: application/json; charset=utf-8
host: localhost:28624
accept: */*

Response DefaultHttpResponse(decodeResult: success, version: HTTP/1.1)
HTTP/1.1 404 Not Found
Content-Type: application/json; charset=utf-8
cache-control: no-cache
content-length: 849

00:49:35.845 [AsyncHttpClient-1-5] DEBUG org.asynchttpclient.netty.channel.ChannelManager - Adding key: http://localhost:28624 for channel [id: 0xc1d370b3, L:/127.0.0.1:59809 - R:localhost/127.0.0.1:28624]
00:49:35.847 [Forwarding switchToWindow on session a03d2cba362fef93da8fb6d6fd407bc8 to remote] DEBUG org.asynchttpclient.netty.request.NettyRequestSender - Using pooled Channel '[id: 0xc1d370b3, L:/127.0.0.1:59809 - R:localhost/127.0.0.1:28624]' for 'POST' to 'http://localhost:28624/session/a03d2cba362fef93da8fb6d6fd407bc8/window'
00:49:35.847 [Forwarding switchToWindow on session a03d2cba362fef93da8fb6d6fd407bc8 to remote] DEBUG org.asynchttpclient.netty.request.NettyRequestSender - Using open Channel [id: 0xc1d370b3, L:/127.0.0.1:59809 - R:localhost/127.0.0.1:28624] for POST '/session/a03d2cba362fef93da8fb6d6fd407bc8/window'
00:49:35.849 [AsyncHttpClient-1-5] DEBUG org.asynchttpclient.netty.handler.HttpHandler - 

Request DefaultHttpRequest(decodeResult: success, version: HTTP/1.1)
POST /session/a03d2cba362fef93da8fb6d6fd407bc8/window HTTP/1.1
User-Agent: selenium/4.7.1 (java windows)
Content-Length: 50
Content-Type: application/json; charset=utf-8
host: localhost:28624
accept: */*

Response DefaultHttpResponse(decodeResult: success, version: HTTP/1.1)
HTTP/1.1 200 OK
Content-Type: application/json; charset=utf-8
cache-control: no-cache
content-length: 14

00:49:35.849 [AsyncHttpClient-1-5] DEBUG org.asynchttpclient.netty.channel.ChannelManager - Adding key: http://localhost:28624 for channel [id: 0xc1d370b3, L:/127.0.0.1:59809 - R:localhost/127.0.0.1:28624]
00:49:35.850 [Forwarding getCurrentUrl on session a03d2cba362fef93da8fb6d6fd407bc8 to remote] DEBUG org.asynchttpclient.netty.request.NettyRequestSender - Using pooled Channel '[id: 0xc1d370b3, L:/127.0.0.1:59809 - R:localhost/127.0.0.1:28624]' for 'GET' to 'http://localhost:28624/session/a03d2cba362fef93da8fb6d6fd407bc8/url'
00:49:35.850 [Forwarding getCurrentUrl on session a03d2cba362fef93da8fb6d6fd407bc8 to remote] DEBUG org.asynchttpclient.netty.request.NettyRequestSender - Using open Channel [id: 0xc1d370b3, L:/127.0.0.1:59809 - R:localhost/127.0.0.1:28624] for GET '/session/a03d2cba362fef93da8fb6d6fd407bc8/url'
00:49:35.854 [AsyncHttpClient-1-5] DEBUG org.asynchttpclient.netty.handler.HttpHandler - 

Request DefaultFullHttpRequest(decodeResult: success, version: HTTP/1.1, content: EmptyByteBufBE)
GET /session/a03d2cba362fef93da8fb6d6fd407bc8/url HTTP/1.1
User-Agent: selenium/4.7.1 (java windows)
Cache-Control: no-cache
Content-Type: application/json; charset=utf-8
host: localhost:28624
accept: */*

Response DefaultHttpResponse(decodeResult: success, version: HTTP/1.1)
HTTP/1.1 200 OK
Content-Type: application/json; charset=utf-8
cache-control: no-cache
content-length: 51

00:49:35.854 [AsyncHttpClient-1-5] DEBUG org.asynchttpclient.netty.channel.ChannelManager - Adding key: http://localhost:28624 for channel [id: 0xc1d370b3, L:/127.0.0.1:59809 - R:localhost/127.0.0.1:28624]
00:49:35.855 [Forwarding screenshot on session a03d2cba362fef93da8fb6d6fd407bc8 to remote] DEBUG org.asynchttpclient.netty.request.NettyRequestSender - Using pooled Channel '[id: 0xc1d370b3, L:/127.0.0.1:59809 - R:localhost/127.0.0.1:28624]' for 'GET' to 'http://localhost:28624/session/a03d2cba362fef93da8fb6d6fd407bc8/screenshot'
00:49:35.855 [Forwarding screenshot on session a03d2cba362fef93da8fb6d6fd407bc8 to remote] DEBUG org.asynchttpclient.netty.request.NettyRequestSender - Using open Channel [id: 0xc1d370b3, L:/127.0.0.1:59809 - R:localhost/127.0.0.1:28624] for GET '/session/a03d2cba362fef93da8fb6d6fd407bc8/screenshot'
00:49:35.962 [AsyncHttpClient-1-5] DEBUG org.asynchttpclient.netty.handler.HttpHandler - 

Request DefaultFullHttpRequest(decodeResult: success, version: HTTP/1.1, content: EmptyByteBufBE)
GET /session/a03d2cba362fef93da8fb6d6fd407bc8/screenshot HTTP/1.1
User-Agent: selenium/4.7.1 (java windows)
Cache-Control: no-cache
Content-Type: application/json; charset=utf-8
host: localhost:28624
accept: */*

Response DefaultHttpResponse(decodeResult: success, version: HTTP/1.1)
HTTP/1.1 200 OK
Content-Type: application/json; charset=utf-8
cache-control: no-cache
content-length: 27688

00:49:35.963 [AsyncHttpClient-1-5] DEBUG org.asynchttpclient.netty.channel.ChannelManager - Adding key: http://localhost:28624 for channel [id: 0xc1d370b3, L:/127.0.0.1:59809 - R:localhost/127.0.0.1:28624]
00:49:35.964 [main] DEBUG net.serenitybdd.core.photography.Darkroom - Send negative for processing for target\site\serenity\1a5fb228edcb9312af85f192e2306db010b86d4e801db71c5b93011057ac5633.png
00:49:35.964 [Darkroom Processing Line] DEBUG net.serenitybdd.core.photography.DarkroomProcessingLine - Processing screenshot image in /var/screenshots/screenshot-13361913874035701060
00:49:35.965 [Darkroom Processing Line] DEBUG net.serenitybdd.core.photography.DarkroomProcessingLine - Saving screenshot to target\site\serenity\1a5fb228edcb9312af85f192e2306db010b86d4e801db71c5b93011057ac5633.png
00:49:35.966 [main] INFO  - 
  _____   ___   ___   _____     ___     _     ___   ___   ___   ___  
 |_   _| | __| / __| |_   _|   | _ \   /_\   / __| / __| | __| |   \ 
   | |   | _|  \__ \   | |     |  _/  / _ \  \__ \ \__ \ | _|  | |) |
   |_|   |___| |___/   |_|     |_|   /_/ \_\ |___/ |___/ |___| |___/ 

user bisa login dengan data valid
----------------------------------------------------------------------
00:49:35.968 [Driver Command Executor] DEBUG org.asynchttpclient.netty.request.NettyRequestSender - Using pooled Channel '[id: 0xc1d370b3, L:/127.0.0.1:59809 - R:localhost/127.0.0.1:28624]' for 'DELETE' to 'http://localhost:28624/session/a03d2cba362fef93da8fb6d6fd407bc8'
00:49:35.968 [Driver Command Executor] DEBUG org.asynchttpclient.netty.request.NettyRequestSender - Using open Channel [id: 0xc1d370b3, L:/127.0.0.1:59809 - R:localhost/127.0.0.1:28624] for DELETE '/session/a03d2cba362fef93da8fb6d6fd407bc8'
00:49:35.968 [AsyncHttpClient-1-7] DEBUG org.asynchttpclient.netty.handler.WebSocketHandler - Unexpected I/O exception on channel [id: 0x550042b1, L:/127.0.0.1:59817 - R:localhost/127.0.0.1:59810]
java.io.IOException: An established connection was aborted by the software in your host machine
	at java.base/sun.nio.ch.SocketDispatcher.read0(Native Method)
	at java.base/sun.nio.ch.SocketDispatcher.read(SocketDispatcher.java:46)
	at java.base/sun.nio.ch.IOUtil.readIntoNativeBuffer(IOUtil.java:339)
	at java.base/sun.nio.ch.IOUtil.read(IOUtil.java:293)
	at java.base/sun.nio.ch.IOUtil.read(IOUtil.java:268)
	at java.base/sun.nio.ch.SocketChannelImpl.read(SocketChannelImpl.java:425)
	at io.netty.buffer.PooledByteBuf.setBytes(PooledByteBuf.java:259)
	at io.netty.buffer.AbstractByteBuf.writeBytes(AbstractByteBuf.java:1132)
	at io.netty.channel.socket.nio.NioSocketChannel.doReadBytes(NioSocketChannel.java:357)
	at io.netty.channel.nio.AbstractNioByteChannel$NioByteUnsafe.read(AbstractNioByteChannel.java:151)
	at io.netty.channel.nio.NioEventLoop.processSelectedKey(NioEventLoop.java:788)
	at io.netty.channel.nio.NioEventLoop.processSelectedKeysOptimized(NioEventLoop.java:724)
	at io.netty.channel.nio.NioEventLoop.processSelectedKeys(NioEventLoop.java:650)
	at io.netty.channel.nio.NioEventLoop.run(NioEventLoop.java:562)
	at io.netty.util.concurrent.SingleThreadEventExecutor$4.run(SingleThreadEventExecutor.java:997)
	at io.netty.util.internal.ThreadExecutorMap$2.run(ThreadExecutorMap.java:74)
	at io.netty.util.concurrent.FastThreadLocalRunnable.run(FastThreadLocalRunnable.java:30)
	at java.base/java.lang.Thread.run(Thread.java:1589)
00:49:35.968 [AsyncHttpClient-1-7] DEBUG org.asynchttpclient.netty.handler.WebSocketHandler - Trying to recover from dead Channel: [id: 0x550042b1, L:/127.0.0.1:59817 - R:localhost/127.0.0.1:59810]
00:49:35.968 [AsyncHttpClient-1-7] DEBUG org.asynchttpclient.netty.handler.WebSocketHandler - Channel Closed: [id: 0x550042b1, L:/127.0.0.1:59817 ! R:localhost/127.0.0.1:59810] with attribute NettyResponseFuture{currentRetry=0,
	isDone=1,
	isCancelled=0,
	asyncHandler=org.asynchttpclient.ws.WebSocketUpgradeHandler@49358bc6,
	nettyRequest=org.asynchttpclient.netty.request.NettyRequest@c371c84,
	future=java.util.concurrent.CompletableFuture@20d395e4[Completed normally],
	uri=ws://localhost:59810/devtools/browser/f8a349bb-6e7d-4da7-bbf9-947974c6625c,
	keepAlive=true,
	redirectCount=0,
	timeoutsHolder=null,
	inAuth=0,
	touch=1683654575968}
00:49:35.968 [AsyncHttpClient-1-7] DEBUG org.asynchttpclient.netty.channel.ChannelManager - Closing Channel [id: 0x550042b1, L:/127.0.0.1:59817 ! R:localhost/127.0.0.1:59810] 
00:49:36.012 [AsyncHttpClient-1-6] DEBUG org.asynchttpclient.netty.handler.HttpHandler - Unexpected I/O exception on channel [id: 0xcfe22fd7, L:/127.0.0.1:59816 - R:localhost/127.0.0.1:59810]
java.net.SocketException: Connection reset
	at java.base/sun.nio.ch.SocketChannelImpl.throwConnectionReset(SocketChannelImpl.java:401)
	at java.base/sun.nio.ch.SocketChannelImpl.read(SocketChannelImpl.java:434)
	at io.netty.buffer.PooledByteBuf.setBytes(PooledByteBuf.java:259)
	at io.netty.buffer.AbstractByteBuf.writeBytes(AbstractByteBuf.java:1132)
	at io.netty.channel.socket.nio.NioSocketChannel.doReadBytes(NioSocketChannel.java:357)
	at io.netty.channel.nio.AbstractNioByteChannel$NioByteUnsafe.read(AbstractNioByteChannel.java:151)
	at io.netty.channel.nio.NioEventLoop.processSelectedKey(NioEventLoop.java:788)
	at io.netty.channel.nio.NioEventLoop.processSelectedKeysOptimized(NioEventLoop.java:724)
	at io.netty.channel.nio.NioEventLoop.processSelectedKeys(NioEventLoop.java:650)
	at io.netty.channel.nio.NioEventLoop.run(NioEventLoop.java:562)
	at io.netty.util.concurrent.SingleThreadEventExecutor$4.run(SingleThreadEventExecutor.java:997)
	at io.netty.util.internal.ThreadExecutorMap$2.run(ThreadExecutorMap.java:74)
	at io.netty.util.concurrent.FastThreadLocalRunnable.run(FastThreadLocalRunnable.java:30)
	at java.base/java.lang.Thread.run(Thread.java:1589)
00:49:36.012 [AsyncHttpClient-1-6] DEBUG org.asynchttpclient.netty.channel.ChannelManager - Closing Channel [id: 0xcfe22fd7, L:/127.0.0.1:59816 - R:localhost/127.0.0.1:59810] 
00:49:36.013 [AsyncHttpClient-1-6] DEBUG org.asynchttpclient.netty.handler.HttpHandler - Channel Closed: [id: 0xcfe22fd7, L:/127.0.0.1:59816 ! R:localhost/127.0.0.1:59810] with attribute DISCARD
00:49:36.032 [AsyncHttpClient-1-5] DEBUG org.asynchttpclient.netty.handler.HttpHandler - 

Request DefaultFullHttpRequest(decodeResult: success, version: HTTP/1.1, content: EmptyByteBufBE)
DELETE /session/a03d2cba362fef93da8fb6d6fd407bc8 HTTP/1.1
User-Agent: selenium/4.7.1 (java windows)
Content-Type: application/json; charset=utf-8
host: localhost:28624
accept: */*

Response DefaultHttpResponse(decodeResult: success, version: HTTP/1.1)
HTTP/1.1 200 OK
Content-Type: application/json; charset=utf-8
cache-control: no-cache
content-length: 14

00:49:36.033 [AsyncHttpClient-1-5] DEBUG org.asynchttpclient.netty.channel.ChannelManager - Adding key: http://localhost:28624 for channel [id: 0xc1d370b3, L:/127.0.0.1:59809 - R:localhost/127.0.0.1:28624]
00:49:36.108 [AsyncHttpClient-1-5] DEBUG org.asynchttpclient.netty.handler.HttpHandler - Channel Closed: [id: 0xc1d370b3, L:/127.0.0.1:59809 ! R:localhost/127.0.0.1:28624] with attribute DISCARD
]]></system-out>
    <system-err><![CDATA[Starting ChromeDriver 112.0.5615.49 (bd2a7bcb881c11e8cfe3078709382934e3916914-refs/branch-heads/5615@{#936}) on port 28624
Only local connections are allowed.
Please see https://chromedriver.chromium.org/security-considerations for suggestions on keeping ChromeDriver safe.
ChromeDriver was started successfully.
May 10, 2023 12:49:30 AM org.openqa.selenium.devtools.CdpVersionFinder findNearestMatch
WARNING: Unable to find an exact match for CDP version 112, so returning the closest version found: 108
]]></system-err>
  </testcase>
  <testcase name="user tidak bisa login karena menggunakan password yang salah" classname="login" time="8.57">
    <system-out><![CDATA[
@AS03-negative
Scenario: user tidak bisa login karena menggunakan password yang salah &amp#27;[90m# src/test/resources/features/1. Login.feature:23&amp#27;[0m
00:49:36.211 [main] INFO io.cucumber.core.plugin.SerenityReporter - Running feature from file:///C:/Users/HP/Downloads/Mini-Project-QA/ALTASHOP%20WEB%20AUTOMATION/src/test/resources/features/1.%20Login.feature
00:49:36.216 [main] INFO  - 
  _____   ___   ___   _____     ___   _____     _     ___   _____   ___   ___  
 |_   _| | __| / __| |_   _|   / __| |_   _|   /_\   | _ \ |_   _| | __| |   \ 
   | |   | _|  \__ \   | |     \__ \   | |    / _ \  |   /   | |   | _|  | |) |
   |_|   |___| |___/   |_|     |___/   |_|   /_/ \_\ |_|_\   |_|   |___| |___/ 

user tidak bisa login karena menggunakan password yang salah(login;user-tidak-bisa-login-karena-menggunakan-password-yang-salah)
--------------------------------------------------------------------------------
00:49:36.247 [main] DEBUG net.thucydides.core.steps.StepInterceptor - STARTING STEP: LoginRegisterSteps.userBeradaDiHomepageAlta - diHomepageAltaShop
00:49:36.317 [main] INFO net.serenitybdd.core.webdriver.driverproviders.ChromeDriverProvider - Starting Chrome driver instance with capabilities:
00:49:36.317 [main] INFO net.serenitybdd.core.webdriver.driverproviders.ChromeDriverProvider - Capabilities {acceptInsecureCerts: true, browserName: chrome, goog:chromeOptions: {args: [remote-allow-origins=*, test-type, no-sandbox, ignore-certificate-errors, start-maximized, incognito, disable-infobars, disable-gpu, disable-default-apps, disable-popup-blocking, remote-allow-origins=*, test-type, no-sandbox, ignore-certificate-errors, start-maximized, incognito, disable-infobars, disable-gpu, disable-default-apps, disable-popup-blocking], extensions: []}}
00:49:36.397 [AsyncHttpClient-1-8] DEBUG org.asynchttpclient.netty.channel.NettyConnectListener - Using new Channel '[id: 0x3b0f0bba, L:/127.0.0.1:59838 - R:localhost/127.0.0.1:5115]' for 'POST' to '/session'
00:49:36.929 [AsyncHttpClient-1-1] DEBUG org.asynchttpclient.netty.channel.DefaultChannelPool - Entry count for : http://localhost:28624 : 1
00:49:36.930 [AsyncHttpClient-1-1] DEBUG org.asynchttpclient.netty.channel.DefaultChannelPool - Entry count for : http://localhost:59810 : 1
00:49:36.930 [AsyncHttpClient-1-1] DEBUG org.asynchttpclient.netty.channel.DefaultChannelPool - Adding Candidate expired Channel [id: 0xc1d370b3, L:/127.0.0.1:59809 ! R:localhost/127.0.0.1:28624] isIdleTimeoutExpired=false isRemotelyClosed=true isTtlExpired=false
00:49:36.930 [AsyncHttpClient-1-1] DEBUG org.asynchttpclient.netty.channel.DefaultChannelPool - Closing Idle Channel [id: 0xc1d370b3, L:/127.0.0.1:59809 ! R:localhost/127.0.0.1:28624]
00:49:36.930 [AsyncHttpClient-1-1] DEBUG org.asynchttpclient.netty.channel.DefaultChannelPool - Adding Candidate expired Channel [id: 0xcfe22fd7, L:/127.0.0.1:59816 ! R:localhost/127.0.0.1:59810] isIdleTimeoutExpired=false isRemotelyClosed=true isTtlExpired=false
00:49:36.930 [AsyncHttpClient-1-1] DEBUG org.asynchttpclient.netty.channel.DefaultChannelPool - Closing Idle Channel [id: 0xcfe22fd7, L:/127.0.0.1:59816 ! R:localhost/127.0.0.1:59810]
00:49:36.930 [AsyncHttpClient-1-1] DEBUG org.asynchttpclient.netty.channel.DefaultChannelPool - Closed 2 connections out of 2 in 0 ms
00:49:37.067 [AsyncHttpClient-1-8] DEBUG org.asynchttpclient.netty.handler.HttpHandler - 

Request DefaultHttpRequest(decodeResult: success, version: HTTP/1.1)
POST /session HTTP/1.1
User-Agent: selenium/4.7.1 (java windows)
Content-Length: 1629
Content-Type: application/json; charset=utf-8
host: localhost:5115
accept: */*

Response DefaultHttpResponse(decodeResult: success, version: HTTP/1.1)
HTTP/1.1 200 OK
Content-Type: application/json; charset=utf-8
cache-control: no-cache
content-length: 855

00:49:37.067 [AsyncHttpClient-1-8] DEBUG org.asynchttpclient.netty.channel.ChannelManager - Adding key: http://localhost:5115 for channel [id: 0x3b0f0bba, L:/127.0.0.1:59838 - R:localhost/127.0.0.1:5115]
00:49:37.083 [AsyncHttpClient-1-9] DEBUG org.asynchttpclient.netty.channel.NettyConnectListener - Using new Channel '[id: 0x0ee9ebfa, L:/127.0.0.1:59844 - R:localhost/127.0.0.1:59839]' for 'GET' to '/json/version'
00:49:37.086 [AsyncHttpClient-1-9] DEBUG org.asynchttpclient.netty.handler.HttpHandler - 

Request DefaultFullHttpRequest(decodeResult: success, version: HTTP/1.1, content: EmptyByteBufBE)
GET /json/version HTTP/1.1
User-Agent: selenium/4.7.1 (java windows)
host: localhost:59839
accept: */*

Response DefaultHttpResponse(decodeResult: success, version: HTTP/1.1)
HTTP/1.1 200 OK
Content-Security-Policy: frame-ancestors 'none'
Content-Type: application/json; charset=UTF-8
content-length: 424

00:49:37.087 [AsyncHttpClient-1-9] DEBUG org.asynchttpclient.netty.channel.ChannelManager - Adding key: http://localhost:59839 for channel [id: 0x0ee9ebfa, L:/127.0.0.1:59844 - R:localhost/127.0.0.1:59839]
00:49:37.091 [AsyncHttpClient-1-10] DEBUG org.asynchttpclient.netty.channel.NettyConnectListener - Using new Channel '[id: 0xab59c477, L:/127.0.0.1:59845 - R:localhost/127.0.0.1:59839]' for 'GET' to '/devtools/browser/3e7ed1e5-ebdd-4ed8-9727-24037171c3ea'
00:49:37.095 [AsyncHttpClient-1-10] DEBUG org.asynchttpclient.netty.handler.WebSocketHandler - 

Request DefaultFullHttpRequest(decodeResult: success, version: HTTP/1.1, content: EmptyByteBufBE)
GET /devtools/browser/3e7ed1e5-ebdd-4ed8-9727-24037171c3ea HTTP/1.1
upgrade: websocket
connection: upgrade
sec-websocket-key: v3Rn0EMAyZIA/o0px4Wmpw==
sec-websocket-version: 13
origin: http://localhost:59839
host: localhost:59839
accept: */*
user-agent: AHC/2.1

Response DefaultHttpResponse(decodeResult: success, version: HTTP/1.1)
HTTP/1.1 101 WebSocket Protocol Handshake
Upgrade: WebSocket
Connection: Upgrade
Sec-WebSocket-Accept: exKuFs4egz4sEnzE/YR0mgejZzo=

00:49:37.101 [Forwarding get on session 889b000e4baa4141abfa5d388f9ad65b to remote] DEBUG org.asynchttpclient.netty.request.NettyRequestSender - Using pooled Channel '[id: 0x3b0f0bba, L:/127.0.0.1:59838 - R:localhost/127.0.0.1:5115]' for 'POST' to 'http://localhost:5115/session/889b000e4baa4141abfa5d388f9ad65b/url'
00:49:37.101 [Forwarding get on session 889b000e4baa4141abfa5d388f9ad65b to remote] DEBUG org.asynchttpclient.netty.request.NettyRequestSender - Using open Channel [id: 0x3b0f0bba, L:/127.0.0.1:59838 - R:localhost/127.0.0.1:5115] for POST '/session/889b000e4baa4141abfa5d388f9ad65b/url'
00:49:38.038 [AsyncHttpClient-1-1] DEBUG org.asynchttpclient.netty.channel.DefaultChannelPool - Entry count for : http://localhost:59839 : 1
00:49:39.129 [AsyncHttpClient-1-1] DEBUG org.asynchttpclient.netty.channel.DefaultChannelPool - Entry count for : http://localhost:59839 : 1
00:49:40.119 [AsyncHttpClient-1-8] DEBUG org.asynchttpclient.netty.handler.HttpHandler - 

Request DefaultHttpRequest(decodeResult: success, version: HTTP/1.1)
POST /session/889b000e4baa4141abfa5d388f9ad65b/url HTTP/1.1
User-Agent: selenium/4.7.1 (java windows)
Content-Length: 59
Content-Type: application/json; charset=utf-8
host: localhost:5115
accept: */*

Response DefaultHttpResponse(decodeResult: success, version: HTTP/1.1)
HTTP/1.1 200 OK
Content-Type: application/json; charset=utf-8
cache-control: no-cache
content-length: 14

00:49:40.120 [AsyncHttpClient-1-8] DEBUG org.asynchttpclient.netty.channel.ChannelManager - Adding key: http://localhost:5115 for channel [id: 0x3b0f0bba, L:/127.0.0.1:59838 - R:localhost/127.0.0.1:5115]
00:49:40.121 [Forwarding setTimeout on session 889b000e4baa4141abfa5d388f9ad65b to remote] DEBUG org.asynchttpclient.netty.request.NettyRequestSender - Using pooled Channel '[id: 0x3b0f0bba, L:/127.0.0.1:59838 - R:localhost/127.0.0.1:5115]' for 'POST' to 'http://localhost:5115/session/889b000e4baa4141abfa5d388f9ad65b/timeouts'
00:49:40.121 [Forwarding setTimeout on session 889b000e4baa4141abfa5d388f9ad65b to remote] DEBUG org.asynchttpclient.netty.request.NettyRequestSender - Using open Channel [id: 0x3b0f0bba, L:/127.0.0.1:59838 - R:localhost/127.0.0.1:5115] for POST '/session/889b000e4baa4141abfa5d388f9ad65b/timeouts'
00:49:40.122 [AsyncHttpClient-1-8] DEBUG org.asynchttpclient.netty.handler.HttpHandler - 

Request DefaultHttpRequest(decodeResult: success, version: HTTP/1.1)
POST /session/889b000e4baa4141abfa5d388f9ad65b/timeouts HTTP/1.1
User-Agent: selenium/4.7.1 (java windows)
Content-Length: 22
Content-Type: application/json; charset=utf-8
host: localhost:5115
accept: */*

Response DefaultHttpResponse(decodeResult: success, version: HTTP/1.1)
HTTP/1.1 200 OK
Content-Type: application/json; charset=utf-8
cache-control: no-cache
content-length: 14

00:49:40.123 [AsyncHttpClient-1-8] DEBUG org.asynchttpclient.netty.channel.ChannelManager - Adding key: http://localhost:5115 for channel [id: 0x3b0f0bba, L:/127.0.0.1:59838 - R:localhost/127.0.0.1:5115]
00:49:40.129 [Forwarding getCurrentUrl on session 889b000e4baa4141abfa5d388f9ad65b to remote] DEBUG org.asynchttpclient.netty.request.NettyRequestSender - Using pooled Channel '[id: 0x3b0f0bba, L:/127.0.0.1:59838 - R:localhost/127.0.0.1:5115]' for 'GET' to 'http://localhost:5115/session/889b000e4baa4141abfa5d388f9ad65b/url'
00:49:40.130 [Forwarding getCurrentUrl on session 889b000e4baa4141abfa5d388f9ad65b to remote] DEBUG org.asynchttpclient.netty.request.NettyRequestSender - Using open Channel [id: 0x3b0f0bba, L:/127.0.0.1:59838 - R:localhost/127.0.0.1:5115] for GET '/session/889b000e4baa4141abfa5d388f9ad65b/url'
00:49:40.138 [AsyncHttpClient-1-8] DEBUG org.asynchttpclient.netty.handler.HttpHandler - 

Request DefaultFullHttpRequest(decodeResult: success, version: HTTP/1.1, content: EmptyByteBufBE)
GET /session/889b000e4baa4141abfa5d388f9ad65b/url HTTP/1.1
User-Agent: selenium/4.7.1 (java windows)
Cache-Control: no-cache
Content-Type: application/json; charset=utf-8
host: localhost:5115
accept: */*

Response DefaultHttpResponse(decodeResult: success, version: HTTP/1.1)
HTTP/1.1 200 OK
Content-Type: application/json; charset=utf-8
cache-control: no-cache
content-length: 41

00:49:40.138 [AsyncHttpClient-1-8] DEBUG org.asynchttpclient.netty.channel.ChannelManager - Adding key: http://localhost:5115 for channel [id: 0x3b0f0bba, L:/127.0.0.1:59838 - R:localhost/127.0.0.1:5115]
00:49:40.144 [Forwarding getCurrentUrl on session 889b000e4baa4141abfa5d388f9ad65b to remote] DEBUG org.asynchttpclient.netty.request.NettyRequestSender - Using pooled Channel '[id: 0x3b0f0bba, L:/127.0.0.1:59838 - R:localhost/127.0.0.1:5115]' for 'GET' to 'http://localhost:5115/session/889b000e4baa4141abfa5d388f9ad65b/url'
00:49:40.144 [Forwarding getCurrentUrl on session 889b000e4baa4141abfa5d388f9ad65b to remote] DEBUG org.asynchttpclient.netty.request.NettyRequestSender - Using open Channel [id: 0x3b0f0bba, L:/127.0.0.1:59838 - R:localhost/127.0.0.1:5115] for GET '/session/889b000e4baa4141abfa5d388f9ad65b/url'
00:49:40.151 [AsyncHttpClient-1-8] DEBUG org.asynchttpclient.netty.handler.HttpHandler - 

Request DefaultFullHttpRequest(decodeResult: success, version: HTTP/1.1, content: EmptyByteBufBE)
GET /session/889b000e4baa4141abfa5d388f9ad65b/url HTTP/1.1
User-Agent: selenium/4.7.1 (java windows)
Cache-Control: no-cache
Content-Type: application/json; charset=utf-8
host: localhost:5115
accept: */*

Response DefaultHttpResponse(decodeResult: success, version: HTTP/1.1)
HTTP/1.1 200 OK
Content-Type: application/json; charset=utf-8
cache-control: no-cache
content-length: 41

00:49:40.151 [AsyncHttpClient-1-8] DEBUG org.asynchttpclient.netty.channel.ChannelManager - Adding key: http://localhost:5115 for channel [id: 0x3b0f0bba, L:/127.0.0.1:59838 - R:localhost/127.0.0.1:5115]
00:49:40.155 [Forwarding findElement on session 889b000e4baa4141abfa5d388f9ad65b to remote] DEBUG org.asynchttpclient.netty.request.NettyRequestSender - Using pooled Channel '[id: 0x3b0f0bba, L:/127.0.0.1:59838 - R:localhost/127.0.0.1:5115]' for 'POST' to 'http://localhost:5115/session/889b000e4baa4141abfa5d388f9ad65b/element'
00:49:40.155 [Forwarding findElement on session 889b000e4baa4141abfa5d388f9ad65b to remote] DEBUG org.asynchttpclient.netty.request.NettyRequestSender - Using open Channel [id: 0x3b0f0bba, L:/127.0.0.1:59838 - R:localhost/127.0.0.1:5115] for POST '/session/889b000e4baa4141abfa5d388f9ad65b/element'
00:49:40.172 [AsyncHttpClient-1-8] DEBUG org.asynchttpclient.netty.handler.HttpHandler - 

Request DefaultHttpRequest(decodeResult: success, version: HTTP/1.1)
POST /session/889b000e4baa4141abfa5d388f9ad65b/element HTTP/1.1
User-Agent: selenium/4.7.1 (java windows)
Content-Length: 108
Content-Type: application/json; charset=utf-8
host: localhost:5115
accept: */*

Response DefaultHttpResponse(decodeResult: success, version: HTTP/1.1)
HTTP/1.1 200 OK
Content-Type: application/json; charset=utf-8
cache-control: no-cache
content-length: 88

00:49:40.172 [AsyncHttpClient-1-8] DEBUG org.asynchttpclient.netty.channel.ChannelManager - Adding key: http://localhost:5115 for channel [id: 0x3b0f0bba, L:/127.0.0.1:59838 - R:localhost/127.0.0.1:5115]
00:49:40.177 [Forwarding isElementDisplayed on session 889b000e4baa4141abfa5d388f9ad65b to remote] DEBUG org.asynchttpclient.netty.request.NettyRequestSender - Using pooled Channel '[id: 0x3b0f0bba, L:/127.0.0.1:59838 - R:localhost/127.0.0.1:5115]' for 'POST' to 'http://localhost:5115/session/889b000e4baa4141abfa5d388f9ad65b/execute/sync'
00:49:40.177 [Forwarding isElementDisplayed on session 889b000e4baa4141abfa5d388f9ad65b to remote] DEBUG org.asynchttpclient.netty.request.NettyRequestSender - Using open Channel [id: 0x3b0f0bba, L:/127.0.0.1:59838 - R:localhost/127.0.0.1:5115] for POST '/session/889b000e4baa4141abfa5d388f9ad65b/execute/sync'
00:49:40.195 [AsyncHttpClient-1-8] DEBUG org.asynchttpclient.netty.handler.HttpHandler - 

Request DefaultHttpRequest(decodeResult: success, version: HTTP/1.1)
POST /session/889b000e4baa4141abfa5d388f9ad65b/execute/sync HTTP/1.1
User-Agent: selenium/4.7.1 (java windows)
Content-Length: 48780
Content-Type: application/json; charset=utf-8
host: localhost:5115
accept: */*

Response DefaultHttpResponse(decodeResult: success, version: HTTP/1.1)
HTTP/1.1 200 OK
Content-Type: application/json; charset=utf-8
cache-control: no-cache
content-length: 14

00:49:40.195 [AsyncHttpClient-1-8] DEBUG org.asynchttpclient.netty.channel.ChannelManager - Adding key: http://localhost:5115 for channel [id: 0x3b0f0bba, L:/127.0.0.1:59838 - R:localhost/127.0.0.1:5115]
00:49:40.199 [Forwarding isElementDisplayed on session 889b000e4baa4141abfa5d388f9ad65b to remote] DEBUG org.asynchttpclient.netty.request.NettyRequestSender - Using pooled Channel '[id: 0x3b0f0bba, L:/127.0.0.1:59838 - R:localhost/127.0.0.1:5115]' for 'POST' to 'http://localhost:5115/session/889b000e4baa4141abfa5d388f9ad65b/execute/sync'
00:49:40.199 [Forwarding isElementDisplayed on session 889b000e4baa4141abfa5d388f9ad65b to remote] DEBUG org.asynchttpclient.netty.request.NettyRequestSender - Using open Channel [id: 0x3b0f0bba, L:/127.0.0.1:59838 - R:localhost/127.0.0.1:5115] for POST '/session/889b000e4baa4141abfa5d388f9ad65b/execute/sync'
00:49:40.215 [AsyncHttpClient-1-8] DEBUG org.asynchttpclient.netty.handler.HttpHandler - 

Request DefaultHttpRequest(decodeResult: success, version: HTTP/1.1)
POST /session/889b000e4baa4141abfa5d388f9ad65b/execute/sync HTTP/1.1
User-Agent: selenium/4.7.1 (java windows)
Content-Length: 48780
Content-Type: application/json; charset=utf-8
host: localhost:5115
accept: */*

Response DefaultHttpResponse(decodeResult: success, version: HTTP/1.1)
HTTP/1.1 200 OK
Content-Type: application/json; charset=utf-8
cache-control: no-cache
content-length: 14

00:49:40.215 [AsyncHttpClient-1-8] DEBUG org.asynchttpclient.netty.channel.ChannelManager - Adding key: http://localhost:5115 for channel [id: 0x3b0f0bba, L:/127.0.0.1:59838 - R:localhost/127.0.0.1:5115]
00:49:40.220 [Forwarding getCurrentWindowHandle on session 889b000e4baa4141abfa5d388f9ad65b to remote] DEBUG org.asynchttpclient.netty.request.NettyRequestSender - Using pooled Channel '[id: 0x3b0f0bba, L:/127.0.0.1:59838 - R:localhost/127.0.0.1:5115]' for 'GET' to 'http://localhost:5115/session/889b000e4baa4141abfa5d388f9ad65b/window'
00:49:40.220 [Forwarding getCurrentWindowHandle on session 889b000e4baa4141abfa5d388f9ad65b to remote] DEBUG org.asynchttpclient.netty.request.NettyRequestSender - Using open Channel [id: 0x3b0f0bba, L:/127.0.0.1:59838 - R:localhost/127.0.0.1:5115] for GET '/session/889b000e4baa4141abfa5d388f9ad65b/window'
00:49:40.222 [AsyncHttpClient-1-8] DEBUG org.asynchttpclient.netty.handler.HttpHandler - 

Request DefaultFullHttpRequest(decodeResult: success, version: HTTP/1.1, content: EmptyByteBufBE)
GET /session/889b000e4baa4141abfa5d388f9ad65b/window HTTP/1.1
User-Agent: selenium/4.7.1 (java windows)
Cache-Control: no-cache
Content-Type: application/json; charset=utf-8
host: localhost:5115
accept: */*

Response DefaultHttpResponse(decodeResult: success, version: HTTP/1.1)
HTTP/1.1 200 OK
Content-Type: application/json; charset=utf-8
cache-control: no-cache
content-length: 44

00:49:40.222 [AsyncHttpClient-1-8] DEBUG org.asynchttpclient.netty.channel.ChannelManager - Adding key: http://localhost:5115 for channel [id: 0x3b0f0bba, L:/127.0.0.1:59838 - R:localhost/127.0.0.1:5115]
00:49:40.225 [Forwarding getAlertText on session 889b000e4baa4141abfa5d388f9ad65b to remote] DEBUG org.asynchttpclient.netty.request.NettyRequestSender - Using pooled Channel '[id: 0x3b0f0bba, L:/127.0.0.1:59838 - R:localhost/127.0.0.1:5115]' for 'GET' to 'http://localhost:5115/session/889b000e4baa4141abfa5d388f9ad65b/alert/text'
00:49:40.225 [Forwarding getAlertText on session 889b000e4baa4141abfa5d388f9ad65b to remote] DEBUG org.asynchttpclient.netty.request.NettyRequestSender - Using open Channel [id: 0x3b0f0bba, L:/127.0.0.1:59838 - R:localhost/127.0.0.1:5115] for GET '/session/889b000e4baa4141abfa5d388f9ad65b/alert/text'
00:49:40.228 [AsyncHttpClient-1-1] DEBUG org.asynchttpclient.netty.channel.DefaultChannelPool - Entry count for : http://localhost:59839 : 1
00:49:40.229 [AsyncHttpClient-1-8] DEBUG org.asynchttpclient.netty.handler.HttpHandler - 

Request DefaultFullHttpRequest(decodeResult: success, version: HTTP/1.1, content: EmptyByteBufBE)
GET /session/889b000e4baa4141abfa5d388f9ad65b/alert/text HTTP/1.1
User-Agent: selenium/4.7.1 (java windows)
Cache-Control: no-cache
Content-Type: application/json; charset=utf-8
host: localhost:5115
accept: */*

Response DefaultHttpResponse(decodeResult: success, version: HTTP/1.1)
HTTP/1.1 404 Not Found
Content-Type: application/json; charset=utf-8
cache-control: no-cache
content-length: 849

00:49:40.230 [AsyncHttpClient-1-8] DEBUG org.asynchttpclient.netty.channel.ChannelManager - Adding key: http://localhost:5115 for channel [id: 0x3b0f0bba, L:/127.0.0.1:59838 - R:localhost/127.0.0.1:5115]
00:49:40.234 [Forwarding switchToWindow on session 889b000e4baa4141abfa5d388f9ad65b to remote] DEBUG org.asynchttpclient.netty.request.NettyRequestSender - Using pooled Channel '[id: 0x3b0f0bba, L:/127.0.0.1:59838 - R:localhost/127.0.0.1:5115]' for 'POST' to 'http://localhost:5115/session/889b000e4baa4141abfa5d388f9ad65b/window'
00:49:40.234 [Forwarding switchToWindow on session 889b000e4baa4141abfa5d388f9ad65b to remote] DEBUG org.asynchttpclient.netty.request.NettyRequestSender - Using open Channel [id: 0x3b0f0bba, L:/127.0.0.1:59838 - R:localhost/127.0.0.1:5115] for POST '/session/889b000e4baa4141abfa5d388f9ad65b/window'
00:49:40.237 [AsyncHttpClient-1-8] DEBUG org.asynchttpclient.netty.handler.HttpHandler - 

Request DefaultHttpRequest(decodeResult: success, version: HTTP/1.1)
POST /session/889b000e4baa4141abfa5d388f9ad65b/window HTTP/1.1
User-Agent: selenium/4.7.1 (java windows)
Content-Length: 50
Content-Type: application/json; charset=utf-8
host: localhost:5115
accept: */*

Response DefaultHttpResponse(decodeResult: success, version: HTTP/1.1)
HTTP/1.1 200 OK
Content-Type: application/json; charset=utf-8
cache-control: no-cache
content-length: 14

00:49:40.237 [AsyncHttpClient-1-8] DEBUG org.asynchttpclient.netty.channel.ChannelManager - Adding key: http://localhost:5115 for channel [id: 0x3b0f0bba, L:/127.0.0.1:59838 - R:localhost/127.0.0.1:5115]
00:49:40.238 [Forwarding getCurrentUrl on session 889b000e4baa4141abfa5d388f9ad65b to remote] DEBUG org.asynchttpclient.netty.request.NettyRequestSender - Using pooled Channel '[id: 0x3b0f0bba, L:/127.0.0.1:59838 - R:localhost/127.0.0.1:5115]' for 'GET' to 'http://localhost:5115/session/889b000e4baa4141abfa5d388f9ad65b/url'
00:49:40.239 [Forwarding getCurrentUrl on session 889b000e4baa4141abfa5d388f9ad65b to remote] DEBUG org.asynchttpclient.netty.request.NettyRequestSender - Using open Channel [id: 0x3b0f0bba, L:/127.0.0.1:59838 - R:localhost/127.0.0.1:5115] for GET '/session/889b000e4baa4141abfa5d388f9ad65b/url'
00:49:41.327 [AsyncHttpClient-1-1] DEBUG org.asynchttpclient.netty.channel.DefaultChannelPool - Entry count for : http://localhost:59839 : 1
00:49:42.429 [AsyncHttpClient-1-1] DEBUG org.asynchttpclient.netty.channel.DefaultChannelPool - Entry count for : http://localhost:59839 : 1
00:49:42.734 [AsyncHttpClient-1-8] DEBUG org.asynchttpclient.netty.handler.HttpHandler - 

Request DefaultFullHttpRequest(decodeResult: success, version: HTTP/1.1, content: EmptyByteBufBE)
GET /session/889b000e4baa4141abfa5d388f9ad65b/url HTTP/1.1
User-Agent: selenium/4.7.1 (java windows)
Cache-Control: no-cache
Content-Type: application/json; charset=utf-8
host: localhost:5115
accept: */*

Response DefaultHttpResponse(decodeResult: success, version: HTTP/1.1)
HTTP/1.1 200 OK
Content-Type: application/json; charset=utf-8
cache-control: no-cache
content-length: 41

00:49:42.735 [AsyncHttpClient-1-8] DEBUG org.asynchttpclient.netty.channel.ChannelManager - Adding key: http://localhost:5115 for channel [id: 0x3b0f0bba, L:/127.0.0.1:59838 - R:localhost/127.0.0.1:5115]
00:49:42.735 [Forwarding screenshot on session 889b000e4baa4141abfa5d388f9ad65b to remote] DEBUG org.asynchttpclient.netty.request.NettyRequestSender - Using pooled Channel '[id: 0x3b0f0bba, L:/127.0.0.1:59838 - R:localhost/127.0.0.1:5115]' for 'GET' to 'http://localhost:5115/session/889b000e4baa4141abfa5d388f9ad65b/screenshot'
00:49:42.736 [Forwarding screenshot on session 889b000e4baa4141abfa5d388f9ad65b to remote] DEBUG org.asynchttpclient.netty.request.NettyRequestSender - Using open Channel [id: 0x3b0f0bba, L:/127.0.0.1:59838 - R:localhost/127.0.0.1:5115] for GET '/session/889b000e4baa4141abfa5d388f9ad65b/screenshot'
00:49:42.825 [AsyncHttpClient-1-8] DEBUG org.asynchttpclient.netty.handler.HttpHandler - 

Request DefaultFullHttpRequest(decodeResult: success, version: HTTP/1.1, content: EmptyByteBufBE)
GET /session/889b000e4baa4141abfa5d388f9ad65b/screenshot HTTP/1.1
User-Agent: selenium/4.7.1 (java windows)
Cache-Control: no-cache
Content-Type: application/json; charset=utf-8
host: localhost:5115
accept: */*

Response DefaultHttpResponse(decodeResult: success, version: HTTP/1.1)
HTTP/1.1 200 OK
Content-Type: application/json; charset=utf-8
cache-control: no-cache
content-length: 92700

00:49:42.826 [AsyncHttpClient-1-8] DEBUG org.asynchttpclient.netty.channel.ChannelManager - Adding key: http://localhost:5115 for channel [id: 0x3b0f0bba, L:/127.0.0.1:59838 - R:localhost/127.0.0.1:5115]
00:49:42.829 [main] DEBUG net.serenitybdd.core.photography.Darkroom - Send negative for processing for target\site\serenity\07df31fe5a4ce387b976f6ad0a338612bfd946142790bc2867c78f6597d96b36.png
00:49:42.829 [main] DEBUG net.thucydides.core.steps.StepInterceptor - STEP DONE: diHomepageAltaShop
00:49:42.829 [Darkroom Processing Line] DEBUG net.serenitybdd.core.photography.DarkroomProcessingLine - Processing screenshot image in /var/screenshots/screenshot-14186663104653870314
00:49:42.829 [Darkroom Processing Line] DEBUG net.serenitybdd.core.photography.DarkroomProcessingLine - Saving screenshot to target\site\serenity\07df31fe5a4ce387b976f6ad0a338612bfd946142790bc2867c78f6597d96b36.png
  &amp#27;[32mGiven &amp#27;[0m&amp#27;[32muser berada di Homepage AltaShop&amp#27;[0m                               &amp#27;[90m# starter.stepdefinitions.LoginRegisterSteps.userBeradaDiHomepageAlta()&amp#27;[0m
00:49:42.840 [main] DEBUG net.thucydides.core.steps.StepInterceptor - STARTING STEP: LoginRegisterSteps.userKlikButtonLogin - klikButtonLogin
00:49:42.842 [Forwarding findElement on session 889b000e4baa4141abfa5d388f9ad65b to remote] DEBUG org.asynchttpclient.netty.request.NettyRequestSender - Using pooled Channel '[id: 0x3b0f0bba, L:/127.0.0.1:59838 - R:localhost/127.0.0.1:5115]' for 'POST' to 'http://localhost:5115/session/889b000e4baa4141abfa5d388f9ad65b/element'
00:49:42.842 [Forwarding findElement on session 889b000e4baa4141abfa5d388f9ad65b to remote] DEBUG org.asynchttpclient.netty.request.NettyRequestSender - Using open Channel [id: 0x3b0f0bba, L:/127.0.0.1:59838 - R:localhost/127.0.0.1:5115] for POST '/session/889b000e4baa4141abfa5d388f9ad65b/element'
00:49:42.857 [AsyncHttpClient-1-8] DEBUG org.asynchttpclient.netty.handler.HttpHandler - 

Request DefaultHttpRequest(decodeResult: success, version: HTTP/1.1)
POST /session/889b000e4baa4141abfa5d388f9ad65b/element HTTP/1.1
User-Agent: selenium/4.7.1 (java windows)
Content-Length: 108
Content-Type: application/json; charset=utf-8
host: localhost:5115
accept: */*

Response DefaultHttpResponse(decodeResult: success, version: HTTP/1.1)
HTTP/1.1 200 OK
Content-Type: application/json; charset=utf-8
cache-control: no-cache
content-length: 88

00:49:42.857 [AsyncHttpClient-1-8] DEBUG org.asynchttpclient.netty.channel.ChannelManager - Adding key: http://localhost:5115 for channel [id: 0x3b0f0bba, L:/127.0.0.1:59838 - R:localhost/127.0.0.1:5115]
00:49:42.859 [Forwarding getElementTagName on session 889b000e4baa4141abfa5d388f9ad65b to remote] DEBUG org.asynchttpclient.netty.request.NettyRequestSender - Using pooled Channel '[id: 0x3b0f0bba, L:/127.0.0.1:59838 - R:localhost/127.0.0.1:5115]' for 'GET' to 'http://localhost:5115/session/889b000e4baa4141abfa5d388f9ad65b/element/608d6470-f865-4ac3-adf9-6b8146762ab8/name'
00:49:42.859 [Forwarding getElementTagName on session 889b000e4baa4141abfa5d388f9ad65b to remote] DEBUG org.asynchttpclient.netty.request.NettyRequestSender - Using open Channel [id: 0x3b0f0bba, L:/127.0.0.1:59838 - R:localhost/127.0.0.1:5115] for GET '/session/889b000e4baa4141abfa5d388f9ad65b/element/608d6470-f865-4ac3-adf9-6b8146762ab8/name'
00:49:42.863 [AsyncHttpClient-1-8] DEBUG org.asynchttpclient.netty.handler.HttpHandler - 

Request DefaultFullHttpRequest(decodeResult: success, version: HTTP/1.1, content: EmptyByteBufBE)
GET /session/889b000e4baa4141abfa5d388f9ad65b/element/608d6470-f865-4ac3-adf9-6b8146762ab8/name HTTP/1.1
User-Agent: selenium/4.7.1 (java windows)
Cache-Control: no-cache
Content-Type: application/json; charset=utf-8
host: localhost:5115
accept: */*

Response DefaultHttpResponse(decodeResult: success, version: HTTP/1.1)
HTTP/1.1 200 OK
Content-Type: application/json; charset=utf-8
cache-control: no-cache
content-length: 18

00:49:42.863 [AsyncHttpClient-1-8] DEBUG org.asynchttpclient.netty.channel.ChannelManager - Adding key: http://localhost:5115 for channel [id: 0x3b0f0bba, L:/127.0.0.1:59838 - R:localhost/127.0.0.1:5115]
00:49:42.864 [Forwarding getElementTagName on session 889b000e4baa4141abfa5d388f9ad65b to remote] DEBUG org.asynchttpclient.netty.request.NettyRequestSender - Using pooled Channel '[id: 0x3b0f0bba, L:/127.0.0.1:59838 - R:localhost/127.0.0.1:5115]' for 'GET' to 'http://localhost:5115/session/889b000e4baa4141abfa5d388f9ad65b/element/608d6470-f865-4ac3-adf9-6b8146762ab8/name'
00:49:42.864 [Forwarding getElementTagName on session 889b000e4baa4141abfa5d388f9ad65b to remote] DEBUG org.asynchttpclient.netty.request.NettyRequestSender - Using open Channel [id: 0x3b0f0bba, L:/127.0.0.1:59838 - R:localhost/127.0.0.1:5115] for GET '/session/889b000e4baa4141abfa5d388f9ad65b/element/608d6470-f865-4ac3-adf9-6b8146762ab8/name'
00:49:42.867 [AsyncHttpClient-1-8] DEBUG org.asynchttpclient.netty.handler.HttpHandler - 

Request DefaultFullHttpRequest(decodeResult: success, version: HTTP/1.1, content: EmptyByteBufBE)
GET /session/889b000e4baa4141abfa5d388f9ad65b/element/608d6470-f865-4ac3-adf9-6b8146762ab8/name HTTP/1.1
User-Agent: selenium/4.7.1 (java windows)
Cache-Control: no-cache
Content-Type: application/json; charset=utf-8
host: localhost:5115
accept: */*

Response DefaultHttpResponse(decodeResult: success, version: HTTP/1.1)
HTTP/1.1 200 OK
Content-Type: application/json; charset=utf-8
cache-control: no-cache
content-length: 18

00:49:42.867 [AsyncHttpClient-1-8] DEBUG org.asynchttpclient.netty.channel.ChannelManager - Adding key: http://localhost:5115 for channel [id: 0x3b0f0bba, L:/127.0.0.1:59838 - R:localhost/127.0.0.1:5115]
00:49:42.869 [Forwarding isElementEnabled on session 889b000e4baa4141abfa5d388f9ad65b to remote] DEBUG org.asynchttpclient.netty.request.NettyRequestSender - Using pooled Channel '[id: 0x3b0f0bba, L:/127.0.0.1:59838 - R:localhost/127.0.0.1:5115]' for 'GET' to 'http://localhost:5115/session/889b000e4baa4141abfa5d388f9ad65b/element/608d6470-f865-4ac3-adf9-6b8146762ab8/enabled'
00:49:42.869 [Forwarding isElementEnabled on session 889b000e4baa4141abfa5d388f9ad65b to remote] DEBUG org.asynchttpclient.netty.request.NettyRequestSender - Using open Channel [id: 0x3b0f0bba, L:/127.0.0.1:59838 - R:localhost/127.0.0.1:5115] for GET '/session/889b000e4baa4141abfa5d388f9ad65b/element/608d6470-f865-4ac3-adf9-6b8146762ab8/enabled'
00:49:42.877 [AsyncHttpClient-1-8] DEBUG org.asynchttpclient.netty.handler.HttpHandler - 

Request DefaultFullHttpRequest(decodeResult: success, version: HTTP/1.1, content: EmptyByteBufBE)
GET /session/889b000e4baa4141abfa5d388f9ad65b/element/608d6470-f865-4ac3-adf9-6b8146762ab8/enabled HTTP/1.1
User-Agent: selenium/4.7.1 (java windows)
Cache-Control: no-cache
Content-Type: application/json; charset=utf-8
host: localhost:5115
accept: */*

Response DefaultHttpResponse(decodeResult: success, version: HTTP/1.1)
HTTP/1.1 200 OK
Content-Type: application/json; charset=utf-8
cache-control: no-cache
content-length: 14

00:49:42.877 [AsyncHttpClient-1-8] DEBUG org.asynchttpclient.netty.channel.ChannelManager - Adding key: http://localhost:5115 for channel [id: 0x3b0f0bba, L:/127.0.0.1:59838 - R:localhost/127.0.0.1:5115]
00:49:42.879 [Forwarding isElementEnabled on session 889b000e4baa4141abfa5d388f9ad65b to remote] DEBUG org.asynchttpclient.netty.request.NettyRequestSender - Using pooled Channel '[id: 0x3b0f0bba, L:/127.0.0.1:59838 - R:localhost/127.0.0.1:5115]' for 'GET' to 'http://localhost:5115/session/889b000e4baa4141abfa5d388f9ad65b/element/608d6470-f865-4ac3-adf9-6b8146762ab8/enabled'
00:49:42.879 [Forwarding isElementEnabled on session 889b000e4baa4141abfa5d388f9ad65b to remote] DEBUG org.asynchttpclient.netty.request.NettyRequestSender - Using open Channel [id: 0x3b0f0bba, L:/127.0.0.1:59838 - R:localhost/127.0.0.1:5115] for GET '/session/889b000e4baa4141abfa5d388f9ad65b/element/608d6470-f865-4ac3-adf9-6b8146762ab8/enabled'
00:49:42.885 [AsyncHttpClient-1-8] DEBUG org.asynchttpclient.netty.handler.HttpHandler - 

Request DefaultFullHttpRequest(decodeResult: success, version: HTTP/1.1, content: EmptyByteBufBE)
GET /session/889b000e4baa4141abfa5d388f9ad65b/element/608d6470-f865-4ac3-adf9-6b8146762ab8/enabled HTTP/1.1
User-Agent: selenium/4.7.1 (java windows)
Cache-Control: no-cache
Content-Type: application/json; charset=utf-8
host: localhost:5115
accept: */*

Response DefaultHttpResponse(decodeResult: success, version: HTTP/1.1)
HTTP/1.1 200 OK
Content-Type: application/json; charset=utf-8
cache-control: no-cache
content-length: 14

00:49:42.885 [AsyncHttpClient-1-8] DEBUG org.asynchttpclient.netty.channel.ChannelManager - Adding key: http://localhost:5115 for channel [id: 0x3b0f0bba, L:/127.0.0.1:59838 - R:localhost/127.0.0.1:5115]
00:49:42.887 [Forwarding findElement on session 889b000e4baa4141abfa5d388f9ad65b to remote] DEBUG org.asynchttpclient.netty.request.NettyRequestSender - Using pooled Channel '[id: 0x3b0f0bba, L:/127.0.0.1:59838 - R:localhost/127.0.0.1:5115]' for 'POST' to 'http://localhost:5115/session/889b000e4baa4141abfa5d388f9ad65b/element'
00:49:42.887 [Forwarding findElement on session 889b000e4baa4141abfa5d388f9ad65b to remote] DEBUG org.asynchttpclient.netty.request.NettyRequestSender - Using open Channel [id: 0x3b0f0bba, L:/127.0.0.1:59838 - R:localhost/127.0.0.1:5115] for POST '/session/889b000e4baa4141abfa5d388f9ad65b/element'
00:49:42.906 [AsyncHttpClient-1-8] DEBUG org.asynchttpclient.netty.handler.HttpHandler - 

Request DefaultHttpRequest(decodeResult: success, version: HTTP/1.1)
POST /session/889b000e4baa4141abfa5d388f9ad65b/element HTTP/1.1
User-Agent: selenium/4.7.1 (java windows)
Content-Length: 108
Content-Type: application/json; charset=utf-8
host: localhost:5115
accept: */*

Response DefaultHttpResponse(decodeResult: success, version: HTTP/1.1)
HTTP/1.1 200 OK
Content-Type: application/json; charset=utf-8
cache-control: no-cache
content-length: 88

00:49:42.906 [AsyncHttpClient-1-8] DEBUG org.asynchttpclient.netty.channel.ChannelManager - Adding key: http://localhost:5115 for channel [id: 0x3b0f0bba, L:/127.0.0.1:59838 - R:localhost/127.0.0.1:5115]
00:49:42.908 [Forwarding clickElement on session 889b000e4baa4141abfa5d388f9ad65b to remote] DEBUG org.asynchttpclient.netty.request.NettyRequestSender - Using pooled Channel '[id: 0x3b0f0bba, L:/127.0.0.1:59838 - R:localhost/127.0.0.1:5115]' for 'POST' to 'http://localhost:5115/session/889b000e4baa4141abfa5d388f9ad65b/element/608d6470-f865-4ac3-adf9-6b8146762ab8/click'
00:49:42.908 [Forwarding clickElement on session 889b000e4baa4141abfa5d388f9ad65b to remote] DEBUG org.asynchttpclient.netty.request.NettyRequestSender - Using open Channel [id: 0x3b0f0bba, L:/127.0.0.1:59838 - R:localhost/127.0.0.1:5115] for POST '/session/889b000e4baa4141abfa5d388f9ad65b/element/608d6470-f865-4ac3-adf9-6b8146762ab8/click'
00:49:42.968 [AsyncHttpClient-1-8] DEBUG org.asynchttpclient.netty.handler.HttpHandler - 

Request DefaultHttpRequest(decodeResult: success, version: HTTP/1.1)
POST /session/889b000e4baa4141abfa5d388f9ad65b/element/608d6470-f865-4ac3-adf9-6b8146762ab8/click HTTP/1.1
User-Agent: selenium/4.7.1 (java windows)
Content-Length: 50
Content-Type: application/json; charset=utf-8
host: localhost:5115
accept: */*

Response DefaultHttpResponse(decodeResult: success, version: HTTP/1.1)
HTTP/1.1 200 OK
Content-Type: application/json; charset=utf-8
cache-control: no-cache
content-length: 14

00:49:42.968 [AsyncHttpClient-1-8] DEBUG org.asynchttpclient.netty.channel.ChannelManager - Adding key: http://localhost:5115 for channel [id: 0x3b0f0bba, L:/127.0.0.1:59838 - R:localhost/127.0.0.1:5115]
00:49:42.978 [Forwarding getCurrentWindowHandle on session 889b000e4baa4141abfa5d388f9ad65b to remote] DEBUG org.asynchttpclient.netty.request.NettyRequestSender - Using pooled Channel '[id: 0x3b0f0bba, L:/127.0.0.1:59838 - R:localhost/127.0.0.1:5115]' for 'GET' to 'http://localhost:5115/session/889b000e4baa4141abfa5d388f9ad65b/window'
00:49:42.978 [Forwarding getCurrentWindowHandle on session 889b000e4baa4141abfa5d388f9ad65b to remote] DEBUG org.asynchttpclient.netty.request.NettyRequestSender - Using open Channel [id: 0x3b0f0bba, L:/127.0.0.1:59838 - R:localhost/127.0.0.1:5115] for GET '/session/889b000e4baa4141abfa5d388f9ad65b/window'
00:49:42.979 [AsyncHttpClient-1-8] DEBUG org.asynchttpclient.netty.handler.HttpHandler - 

Request DefaultFullHttpRequest(decodeResult: success, version: HTTP/1.1, content: EmptyByteBufBE)
GET /session/889b000e4baa4141abfa5d388f9ad65b/window HTTP/1.1
User-Agent: selenium/4.7.1 (java windows)
Cache-Control: no-cache
Content-Type: application/json; charset=utf-8
host: localhost:5115
accept: */*

Response DefaultHttpResponse(decodeResult: success, version: HTTP/1.1)
HTTP/1.1 200 OK
Content-Type: application/json; charset=utf-8
cache-control: no-cache
content-length: 44

00:49:42.980 [AsyncHttpClient-1-8] DEBUG org.asynchttpclient.netty.channel.ChannelManager - Adding key: http://localhost:5115 for channel [id: 0x3b0f0bba, L:/127.0.0.1:59838 - R:localhost/127.0.0.1:5115]
00:49:42.982 [Forwarding getAlertText on session 889b000e4baa4141abfa5d388f9ad65b to remote] DEBUG org.asynchttpclient.netty.request.NettyRequestSender - Using pooled Channel '[id: 0x3b0f0bba, L:/127.0.0.1:59838 - R:localhost/127.0.0.1:5115]' for 'GET' to 'http://localhost:5115/session/889b000e4baa4141abfa5d388f9ad65b/alert/text'
00:49:42.982 [Forwarding getAlertText on session 889b000e4baa4141abfa5d388f9ad65b to remote] DEBUG org.asynchttpclient.netty.request.NettyRequestSender - Using open Channel [id: 0x3b0f0bba, L:/127.0.0.1:59838 - R:localhost/127.0.0.1:5115] for GET '/session/889b000e4baa4141abfa5d388f9ad65b/alert/text'
00:49:43.213 [AsyncHttpClient-1-8] DEBUG org.asynchttpclient.netty.handler.HttpHandler - 

Request DefaultFullHttpRequest(decodeResult: success, version: HTTP/1.1, content: EmptyByteBufBE)
GET /session/889b000e4baa4141abfa5d388f9ad65b/alert/text HTTP/1.1
User-Agent: selenium/4.7.1 (java windows)
Cache-Control: no-cache
Content-Type: application/json; charset=utf-8
host: localhost:5115
accept: */*

Response DefaultHttpResponse(decodeResult: success, version: HTTP/1.1)
HTTP/1.1 404 Not Found
Content-Type: application/json; charset=utf-8
cache-control: no-cache
content-length: 849

00:49:43.213 [AsyncHttpClient-1-8] DEBUG org.asynchttpclient.netty.channel.ChannelManager - Adding key: http://localhost:5115 for channel [id: 0x3b0f0bba, L:/127.0.0.1:59838 - R:localhost/127.0.0.1:5115]
00:49:43.216 [Forwarding switchToWindow on session 889b000e4baa4141abfa5d388f9ad65b to remote] DEBUG org.asynchttpclient.netty.request.NettyRequestSender - Using pooled Channel '[id: 0x3b0f0bba, L:/127.0.0.1:59838 - R:localhost/127.0.0.1:5115]' for 'POST' to 'http://localhost:5115/session/889b000e4baa4141abfa5d388f9ad65b/window'
00:49:43.216 [Forwarding switchToWindow on session 889b000e4baa4141abfa5d388f9ad65b to remote] DEBUG org.asynchttpclient.netty.request.NettyRequestSender - Using open Channel [id: 0x3b0f0bba, L:/127.0.0.1:59838 - R:localhost/127.0.0.1:5115] for POST '/session/889b000e4baa4141abfa5d388f9ad65b/window'
00:49:43.219 [AsyncHttpClient-1-8] DEBUG org.asynchttpclient.netty.handler.HttpHandler - 

Request DefaultHttpRequest(decodeResult: success, version: HTTP/1.1)
POST /session/889b000e4baa4141abfa5d388f9ad65b/window HTTP/1.1
User-Agent: selenium/4.7.1 (java windows)
Content-Length: 50
Content-Type: application/json; charset=utf-8
host: localhost:5115
accept: */*

Response DefaultHttpResponse(decodeResult: success, version: HTTP/1.1)
HTTP/1.1 200 OK
Content-Type: application/json; charset=utf-8
cache-control: no-cache
content-length: 14

00:49:43.220 [AsyncHttpClient-1-8] DEBUG org.asynchttpclient.netty.channel.ChannelManager - Adding key: http://localhost:5115 for channel [id: 0x3b0f0bba, L:/127.0.0.1:59838 - R:localhost/127.0.0.1:5115]
00:49:43.221 [Forwarding getCurrentUrl on session 889b000e4baa4141abfa5d388f9ad65b to remote] DEBUG org.asynchttpclient.netty.request.NettyRequestSender - Using pooled Channel '[id: 0x3b0f0bba, L:/127.0.0.1:59838 - R:localhost/127.0.0.1:5115]' for 'GET' to 'http://localhost:5115/session/889b000e4baa4141abfa5d388f9ad65b/url'
00:49:43.221 [Forwarding getCurrentUrl on session 889b000e4baa4141abfa5d388f9ad65b to remote] DEBUG org.asynchttpclient.netty.request.NettyRequestSender - Using open Channel [id: 0x3b0f0bba, L:/127.0.0.1:59838 - R:localhost/127.0.0.1:5115] for GET '/session/889b000e4baa4141abfa5d388f9ad65b/url'
00:49:43.225 [AsyncHttpClient-1-8] DEBUG org.asynchttpclient.netty.handler.HttpHandler - 

Request DefaultFullHttpRequest(decodeResult: success, version: HTTP/1.1, content: EmptyByteBufBE)
GET /session/889b000e4baa4141abfa5d388f9ad65b/url HTTP/1.1
User-Agent: selenium/4.7.1 (java windows)
Cache-Control: no-cache
Content-Type: application/json; charset=utf-8
host: localhost:5115
accept: */*

Response DefaultHttpResponse(decodeResult: success, version: HTTP/1.1)
HTTP/1.1 200 OK
Content-Type: application/json; charset=utf-8
cache-control: no-cache
content-length: 51

00:49:43.225 [AsyncHttpClient-1-8] DEBUG org.asynchttpclient.netty.channel.ChannelManager - Adding key: http://localhost:5115 for channel [id: 0x3b0f0bba, L:/127.0.0.1:59838 - R:localhost/127.0.0.1:5115]
00:49:43.226 [Forwarding screenshot on session 889b000e4baa4141abfa5d388f9ad65b to remote] DEBUG org.asynchttpclient.netty.request.NettyRequestSender - Using pooled Channel '[id: 0x3b0f0bba, L:/127.0.0.1:59838 - R:localhost/127.0.0.1:5115]' for 'GET' to 'http://localhost:5115/session/889b000e4baa4141abfa5d388f9ad65b/screenshot'
00:49:43.226 [Forwarding screenshot on session 889b000e4baa4141abfa5d388f9ad65b to remote] DEBUG org.asynchttpclient.netty.request.NettyRequestSender - Using open Channel [id: 0x3b0f0bba, L:/127.0.0.1:59838 - R:localhost/127.0.0.1:5115] for GET '/session/889b000e4baa4141abfa5d388f9ad65b/screenshot'
00:49:43.306 [AsyncHttpClient-1-8] DEBUG org.asynchttpclient.netty.handler.HttpHandler - 

Request DefaultFullHttpRequest(decodeResult: success, version: HTTP/1.1, content: EmptyByteBufBE)
GET /session/889b000e4baa4141abfa5d388f9ad65b/screenshot HTTP/1.1
User-Agent: selenium/4.7.1 (java windows)
Cache-Control: no-cache
Content-Type: application/json; charset=utf-8
host: localhost:5115
accept: */*

Response DefaultHttpResponse(decodeResult: success, version: HTTP/1.1)
HTTP/1.1 200 OK
Content-Type: application/json; charset=utf-8
cache-control: no-cache
content-length: 26172

00:49:43.307 [AsyncHttpClient-1-8] DEBUG org.asynchttpclient.netty.channel.ChannelManager - Adding key: http://localhost:5115 for channel [id: 0x3b0f0bba, L:/127.0.0.1:59838 - R:localhost/127.0.0.1:5115]
00:49:43.308 [main] DEBUG net.serenitybdd.core.photography.Darkroom - Send negative for processing for target\site\serenity\f035198f28bcaf95684f4b1a3b9e5d031fc0873bb044f55c4913aef571773aa0.png
00:49:43.309 [main] DEBUG net.thucydides.core.steps.StepInterceptor - STEP DONE: klikButtonLogin
  &amp#27;[32mWhen &amp#27;[0m&amp#27;[32muser klik button login&amp#27;[0m                                          &amp#27;[90m# starter.stepdefinitions.LoginRegisterSteps.userKlikButtonLogin()&amp#27;[0m
00:49:43.319 [main] DEBUG net.thucydides.core.steps.StepInterceptor - STARTING STEP: LoginRegisterSteps.userInputEmailValid - inputEmail
00:49:43.321 [Forwarding findElement on session 889b000e4baa4141abfa5d388f9ad65b to remote] DEBUG org.asynchttpclient.netty.request.NettyRequestSender - Using pooled Channel '[id: 0x3b0f0bba, L:/127.0.0.1:59838 - R:localhost/127.0.0.1:5115]' for 'POST' to 'http://localhost:5115/session/889b000e4baa4141abfa5d388f9ad65b/element'
00:49:43.321 [Forwarding findElement on session 889b000e4baa4141abfa5d388f9ad65b to remote] DEBUG org.asynchttpclient.netty.request.NettyRequestSender - Using open Channel [id: 0x3b0f0bba, L:/127.0.0.1:59838 - R:localhost/127.0.0.1:5115] for POST '/session/889b000e4baa4141abfa5d388f9ad65b/element'
00:49:43.336 [AsyncHttpClient-1-8] DEBUG org.asynchttpclient.netty.handler.HttpHandler - 

Request DefaultHttpRequest(decodeResult: success, version: HTTP/1.1)
POST /session/889b000e4baa4141abfa5d388f9ad65b/element HTTP/1.1
User-Agent: selenium/4.7.1 (java windows)
Content-Length: 187
Content-Type: application/json; charset=utf-8
host: localhost:5115
accept: */*

Response DefaultHttpResponse(decodeResult: success, version: HTTP/1.1)
HTTP/1.1 200 OK
Content-Type: application/json; charset=utf-8
cache-control: no-cache
content-length: 88

00:49:43.343 [AsyncHttpClient-1-8] DEBUG org.asynchttpclient.netty.channel.ChannelManager - Adding key: http://localhost:5115 for channel [id: 0x3b0f0bba, L:/127.0.0.1:59838 - R:localhost/127.0.0.1:5115]
00:49:43.345 [Forwarding clearElement on session 889b000e4baa4141abfa5d388f9ad65b to remote] DEBUG org.asynchttpclient.netty.request.NettyRequestSender - Using pooled Channel '[id: 0x3b0f0bba, L:/127.0.0.1:59838 - R:localhost/127.0.0.1:5115]' for 'POST' to 'http://localhost:5115/session/889b000e4baa4141abfa5d388f9ad65b/element/0ea7b586-3bcc-4160-912f-4ba964888e9b/clear'
00:49:43.345 [Forwarding clearElement on session 889b000e4baa4141abfa5d388f9ad65b to remote] DEBUG org.asynchttpclient.netty.request.NettyRequestSender - Using open Channel [id: 0x3b0f0bba, L:/127.0.0.1:59838 - R:localhost/127.0.0.1:5115] for POST '/session/889b000e4baa4141abfa5d388f9ad65b/element/0ea7b586-3bcc-4160-912f-4ba964888e9b/clear'
00:49:43.387 [AsyncHttpClient-1-8] DEBUG org.asynchttpclient.netty.handler.HttpHandler - 

Request DefaultHttpRequest(decodeResult: success, version: HTTP/1.1)
POST /session/889b000e4baa4141abfa5d388f9ad65b/element/0ea7b586-3bcc-4160-912f-4ba964888e9b/clear HTTP/1.1
User-Agent: selenium/4.7.1 (java windows)
Content-Length: 50
Content-Type: application/json; charset=utf-8
host: localhost:5115
accept: */*

Response DefaultHttpResponse(decodeResult: success, version: HTTP/1.1)
HTTP/1.1 200 OK
Content-Type: application/json; charset=utf-8
cache-control: no-cache
content-length: 14

00:49:43.387 [AsyncHttpClient-1-8] DEBUG org.asynchttpclient.netty.channel.ChannelManager - Adding key: http://localhost:5115 for channel [id: 0x3b0f0bba, L:/127.0.0.1:59838 - R:localhost/127.0.0.1:5115]
00:49:43.389 [Forwarding sendKeysToElement on session 889b000e4baa4141abfa5d388f9ad65b to remote] DEBUG org.asynchttpclient.netty.request.NettyRequestSender - Using pooled Channel '[id: 0x3b0f0bba, L:/127.0.0.1:59838 - R:localhost/127.0.0.1:5115]' for 'POST' to 'http://localhost:5115/session/889b000e4baa4141abfa5d388f9ad65b/element/0ea7b586-3bcc-4160-912f-4ba964888e9b/value'
00:49:43.389 [Forwarding sendKeysToElement on session 889b000e4baa4141abfa5d388f9ad65b to remote] DEBUG org.asynchttpclient.netty.request.NettyRequestSender - Using open Channel [id: 0x3b0f0bba, L:/127.0.0.1:59838 - R:localhost/127.0.0.1:5115] for POST '/session/889b000e4baa4141abfa5d388f9ad65b/element/0ea7b586-3bcc-4160-912f-4ba964888e9b/value'
00:49:43.489 [AsyncHttpClient-1-8] DEBUG org.asynchttpclient.netty.handler.HttpHandler - 

Request DefaultHttpRequest(decodeResult: success, version: HTTP/1.1)
POST /session/889b000e4baa4141abfa5d388f9ad65b/element/0ea7b586-3bcc-4160-912f-4ba964888e9b/value HTTP/1.1
User-Agent: selenium/4.7.1 (java windows)
Content-Length: 211
Content-Type: application/json; charset=utf-8
host: localhost:5115
accept: */*

Response DefaultHttpResponse(decodeResult: success, version: HTTP/1.1)
HTTP/1.1 200 OK
Content-Type: application/json; charset=utf-8
cache-control: no-cache
content-length: 14

00:49:43.489 [AsyncHttpClient-1-8] DEBUG org.asynchttpclient.netty.channel.ChannelManager - Adding key: http://localhost:5115 for channel [id: 0x3b0f0bba, L:/127.0.0.1:59838 - R:localhost/127.0.0.1:5115]
00:49:43.498 [Forwarding getCurrentWindowHandle on session 889b000e4baa4141abfa5d388f9ad65b to remote] DEBUG org.asynchttpclient.netty.request.NettyRequestSender - Using pooled Channel '[id: 0x3b0f0bba, L:/127.0.0.1:59838 - R:localhost/127.0.0.1:5115]' for 'GET' to 'http://localhost:5115/session/889b000e4baa4141abfa5d388f9ad65b/window'
00:49:43.498 [Forwarding getCurrentWindowHandle on session 889b000e4baa4141abfa5d388f9ad65b to remote] DEBUG org.asynchttpclient.netty.request.NettyRequestSender - Using open Channel [id: 0x3b0f0bba, L:/127.0.0.1:59838 - R:localhost/127.0.0.1:5115] for GET '/session/889b000e4baa4141abfa5d388f9ad65b/window'
00:49:43.499 [AsyncHttpClient-1-8] DEBUG org.asynchttpclient.netty.handler.HttpHandler - 

Request DefaultFullHttpRequest(decodeResult: success, version: HTTP/1.1, content: EmptyByteBufBE)
GET /session/889b000e4baa4141abfa5d388f9ad65b/window HTTP/1.1
User-Agent: selenium/4.7.1 (java windows)
Cache-Control: no-cache
Content-Type: application/json; charset=utf-8
host: localhost:5115
accept: */*

Response DefaultHttpResponse(decodeResult: success, version: HTTP/1.1)
HTTP/1.1 200 OK
Content-Type: application/json; charset=utf-8
cache-control: no-cache
content-length: 44

00:49:43.499 [AsyncHttpClient-1-8] DEBUG org.asynchttpclient.netty.channel.ChannelManager - Adding key: http://localhost:5115 for channel [id: 0x3b0f0bba, L:/127.0.0.1:59838 - R:localhost/127.0.0.1:5115]
00:49:43.501 [Forwarding getAlertText on session 889b000e4baa4141abfa5d388f9ad65b to remote] DEBUG org.asynchttpclient.netty.request.NettyRequestSender - Using pooled Channel '[id: 0x3b0f0bba, L:/127.0.0.1:59838 - R:localhost/127.0.0.1:5115]' for 'GET' to 'http://localhost:5115/session/889b000e4baa4141abfa5d388f9ad65b/alert/text'
00:49:43.501 [Forwarding getAlertText on session 889b000e4baa4141abfa5d388f9ad65b to remote] DEBUG org.asynchttpclient.netty.request.NettyRequestSender - Using open Channel [id: 0x3b0f0bba, L:/127.0.0.1:59838 - R:localhost/127.0.0.1:5115] for GET '/session/889b000e4baa4141abfa5d388f9ad65b/alert/text'
00:49:43.503 [AsyncHttpClient-1-8] DEBUG org.asynchttpclient.netty.handler.HttpHandler - 

Request DefaultFullHttpRequest(decodeResult: success, version: HTTP/1.1, content: EmptyByteBufBE)
GET /session/889b000e4baa4141abfa5d388f9ad65b/alert/text HTTP/1.1
User-Agent: selenium/4.7.1 (java windows)
Cache-Control: no-cache
Content-Type: application/json; charset=utf-8
host: localhost:5115
accept: */*

Response DefaultHttpResponse(decodeResult: success, version: HTTP/1.1)
HTTP/1.1 404 Not Found
Content-Type: application/json; charset=utf-8
cache-control: no-cache
content-length: 849

00:49:43.503 [AsyncHttpClient-1-8] DEBUG org.asynchttpclient.netty.channel.ChannelManager - Adding key: http://localhost:5115 for channel [id: 0x3b0f0bba, L:/127.0.0.1:59838 - R:localhost/127.0.0.1:5115]
00:49:43.505 [Forwarding switchToWindow on session 889b000e4baa4141abfa5d388f9ad65b to remote] DEBUG org.asynchttpclient.netty.request.NettyRequestSender - Using pooled Channel '[id: 0x3b0f0bba, L:/127.0.0.1:59838 - R:localhost/127.0.0.1:5115]' for 'POST' to 'http://localhost:5115/session/889b000e4baa4141abfa5d388f9ad65b/window'
00:49:43.506 [Forwarding switchToWindow on session 889b000e4baa4141abfa5d388f9ad65b to remote] DEBUG org.asynchttpclient.netty.request.NettyRequestSender - Using open Channel [id: 0x3b0f0bba, L:/127.0.0.1:59838 - R:localhost/127.0.0.1:5115] for POST '/session/889b000e4baa4141abfa5d388f9ad65b/window'
00:49:43.509 [AsyncHttpClient-1-8] DEBUG org.asynchttpclient.netty.handler.HttpHandler - 

Request DefaultHttpRequest(decodeResult: success, version: HTTP/1.1)
POST /session/889b000e4baa4141abfa5d388f9ad65b/window HTTP/1.1
User-Agent: selenium/4.7.1 (java windows)
Content-Length: 50
Content-Type: application/json; charset=utf-8
host: localhost:5115
accept: */*

Response DefaultHttpResponse(decodeResult: success, version: HTTP/1.1)
HTTP/1.1 200 OK
Content-Type: application/json; charset=utf-8
cache-control: no-cache
content-length: 14

00:49:43.509 [AsyncHttpClient-1-8] DEBUG org.asynchttpclient.netty.channel.ChannelManager - Adding key: http://localhost:5115 for channel [id: 0x3b0f0bba, L:/127.0.0.1:59838 - R:localhost/127.0.0.1:5115]
00:49:43.510 [Forwarding getCurrentUrl on session 889b000e4baa4141abfa5d388f9ad65b to remote] DEBUG org.asynchttpclient.netty.request.NettyRequestSender - Using pooled Channel '[id: 0x3b0f0bba, L:/127.0.0.1:59838 - R:localhost/127.0.0.1:5115]' for 'GET' to 'http://localhost:5115/session/889b000e4baa4141abfa5d388f9ad65b/url'
00:49:43.510 [Forwarding getCurrentUrl on session 889b000e4baa4141abfa5d388f9ad65b to remote] DEBUG org.asynchttpclient.netty.request.NettyRequestSender - Using open Channel [id: 0x3b0f0bba, L:/127.0.0.1:59838 - R:localhost/127.0.0.1:5115] for GET '/session/889b000e4baa4141abfa5d388f9ad65b/url'
00:49:43.513 [AsyncHttpClient-1-8] DEBUG org.asynchttpclient.netty.handler.HttpHandler - 

Request DefaultFullHttpRequest(decodeResult: success, version: HTTP/1.1, content: EmptyByteBufBE)
GET /session/889b000e4baa4141abfa5d388f9ad65b/url HTTP/1.1
User-Agent: selenium/4.7.1 (java windows)
Cache-Control: no-cache
Content-Type: application/json; charset=utf-8
host: localhost:5115
accept: */*

Response DefaultHttpResponse(decodeResult: success, version: HTTP/1.1)
HTTP/1.1 200 OK
Content-Type: application/json; charset=utf-8
cache-control: no-cache
content-length: 51

00:49:43.513 [AsyncHttpClient-1-8] DEBUG org.asynchttpclient.netty.channel.ChannelManager - Adding key: http://localhost:5115 for channel [id: 0x3b0f0bba, L:/127.0.0.1:59838 - R:localhost/127.0.0.1:5115]
00:49:43.514 [Forwarding screenshot on session 889b000e4baa4141abfa5d388f9ad65b to remote] DEBUG org.asynchttpclient.netty.request.NettyRequestSender - Using pooled Channel '[id: 0x3b0f0bba, L:/127.0.0.1:59838 - R:localhost/127.0.0.1:5115]' for 'GET' to 'http://localhost:5115/session/889b000e4baa4141abfa5d388f9ad65b/screenshot'
00:49:43.514 [Forwarding screenshot on session 889b000e4baa4141abfa5d388f9ad65b to remote] DEBUG org.asynchttpclient.netty.request.NettyRequestSender - Using open Channel [id: 0x3b0f0bba, L:/127.0.0.1:59838 - R:localhost/127.0.0.1:5115] for GET '/session/889b000e4baa4141abfa5d388f9ad65b/screenshot'
00:49:43.537 [AsyncHttpClient-1-1] DEBUG org.asynchttpclient.netty.channel.DefaultChannelPool - Entry count for : http://localhost:59839 : 1
00:49:43.646 [AsyncHttpClient-1-8] DEBUG org.asynchttpclient.netty.handler.HttpHandler - 

Request DefaultFullHttpRequest(decodeResult: success, version: HTTP/1.1, content: EmptyByteBufBE)
GET /session/889b000e4baa4141abfa5d388f9ad65b/screenshot HTTP/1.1
User-Agent: selenium/4.7.1 (java windows)
Cache-Control: no-cache
Content-Type: application/json; charset=utf-8
host: localhost:5115
accept: */*

Response DefaultHttpResponse(decodeResult: success, version: HTTP/1.1)
HTTP/1.1 200 OK
Content-Type: application/json; charset=utf-8
cache-control: no-cache
content-length: 29848

00:49:43.647 [AsyncHttpClient-1-8] DEBUG org.asynchttpclient.netty.channel.ChannelManager - Adding key: http://localhost:5115 for channel [id: 0x3b0f0bba, L:/127.0.0.1:59838 - R:localhost/127.0.0.1:5115]
00:49:43.649 [main] DEBUG net.serenitybdd.core.photography.Darkroom - Send negative for processing for target\site\serenity\d0c5bb108fc7cc323ab09ea58d3f87aba5f01cf71ee19458dcaaf37a658270b4.png
00:49:43.650 [main] DEBUG net.thucydides.core.steps.StepInterceptor - STEP DONE: inputEmail
00:49:43.650 [Darkroom Processing Line] DEBUG net.serenitybdd.core.photography.DarkroomProcessingLine - Processing screenshot image in /var/screenshots/screenshot-196711786876012364
00:49:43.650 [Darkroom Processing Line] DEBUG net.serenitybdd.core.photography.DarkroomProcessingLine - Saving screenshot to target\site\serenity\d0c5bb108fc7cc323ab09ea58d3f87aba5f01cf71ee19458dcaaf37a658270b4.png
  &amp#27;[32mAnd &amp#27;[0m&amp#27;[32muser input email valid&amp#27;[0m                                           &amp#27;[90m# starter.stepdefinitions.LoginRegisterSteps.userInputEmailValid()&amp#27;[0m
00:49:43.669 [main] DEBUG net.thucydides.core.steps.StepInterceptor - STARTING STEP: LoginRegisterSteps.userInputPasswordInvalid - inputPassword
00:49:43.672 [Forwarding findElement on session 889b000e4baa4141abfa5d388f9ad65b to remote] DEBUG org.asynchttpclient.netty.request.NettyRequestSender - Using pooled Channel '[id: 0x3b0f0bba, L:/127.0.0.1:59838 - R:localhost/127.0.0.1:5115]' for 'POST' to 'http://localhost:5115/session/889b000e4baa4141abfa5d388f9ad65b/element'
00:49:43.672 [Forwarding findElement on session 889b000e4baa4141abfa5d388f9ad65b to remote] DEBUG org.asynchttpclient.netty.request.NettyRequestSender - Using open Channel [id: 0x3b0f0bba, L:/127.0.0.1:59838 - R:localhost/127.0.0.1:5115] for POST '/session/889b000e4baa4141abfa5d388f9ad65b/element'
00:49:43.690 [AsyncHttpClient-1-8] DEBUG org.asynchttpclient.netty.handler.HttpHandler - 

Request DefaultHttpRequest(decodeResult: success, version: HTTP/1.1)
POST /session/889b000e4baa4141abfa5d388f9ad65b/element HTTP/1.1
User-Agent: selenium/4.7.1 (java windows)
Content-Length: 187
Content-Type: application/json; charset=utf-8
host: localhost:5115
accept: */*

Response DefaultHttpResponse(decodeResult: success, version: HTTP/1.1)
HTTP/1.1 200 OK
Content-Type: application/json; charset=utf-8
cache-control: no-cache
content-length: 88

00:49:43.691 [AsyncHttpClient-1-8] DEBUG org.asynchttpclient.netty.channel.ChannelManager - Adding key: http://localhost:5115 for channel [id: 0x3b0f0bba, L:/127.0.0.1:59838 - R:localhost/127.0.0.1:5115]
00:49:43.692 [Forwarding clearElement on session 889b000e4baa4141abfa5d388f9ad65b to remote] DEBUG org.asynchttpclient.netty.request.NettyRequestSender - Using pooled Channel '[id: 0x3b0f0bba, L:/127.0.0.1:59838 - R:localhost/127.0.0.1:5115]' for 'POST' to 'http://localhost:5115/session/889b000e4baa4141abfa5d388f9ad65b/element/eacb96df-ebcb-4270-9999-4ffd90caad86/clear'
00:49:43.692 [Forwarding clearElement on session 889b000e4baa4141abfa5d388f9ad65b to remote] DEBUG org.asynchttpclient.netty.request.NettyRequestSender - Using open Channel [id: 0x3b0f0bba, L:/127.0.0.1:59838 - R:localhost/127.0.0.1:5115] for POST '/session/889b000e4baa4141abfa5d388f9ad65b/element/eacb96df-ebcb-4270-9999-4ffd90caad86/clear'
00:49:43.734 [AsyncHttpClient-1-8] DEBUG org.asynchttpclient.netty.handler.HttpHandler - 

Request DefaultHttpRequest(decodeResult: success, version: HTTP/1.1)
POST /session/889b000e4baa4141abfa5d388f9ad65b/element/eacb96df-ebcb-4270-9999-4ffd90caad86/clear HTTP/1.1
User-Agent: selenium/4.7.1 (java windows)
Content-Length: 50
Content-Type: application/json; charset=utf-8
host: localhost:5115
accept: */*

Response DefaultHttpResponse(decodeResult: success, version: HTTP/1.1)
HTTP/1.1 200 OK
Content-Type: application/json; charset=utf-8
cache-control: no-cache
content-length: 14

00:49:43.734 [AsyncHttpClient-1-8] DEBUG org.asynchttpclient.netty.channel.ChannelManager - Adding key: http://localhost:5115 for channel [id: 0x3b0f0bba, L:/127.0.0.1:59838 - R:localhost/127.0.0.1:5115]
00:49:43.736 [Forwarding sendKeysToElement on session 889b000e4baa4141abfa5d388f9ad65b to remote] DEBUG org.asynchttpclient.netty.request.NettyRequestSender - Using pooled Channel '[id: 0x3b0f0bba, L:/127.0.0.1:59838 - R:localhost/127.0.0.1:5115]' for 'POST' to 'http://localhost:5115/session/889b000e4baa4141abfa5d388f9ad65b/element/eacb96df-ebcb-4270-9999-4ffd90caad86/value'
00:49:43.736 [Forwarding sendKeysToElement on session 889b000e4baa4141abfa5d388f9ad65b to remote] DEBUG org.asynchttpclient.netty.request.NettyRequestSender - Using open Channel [id: 0x3b0f0bba, L:/127.0.0.1:59838 - R:localhost/127.0.0.1:5115] for POST '/session/889b000e4baa4141abfa5d388f9ad65b/element/eacb96df-ebcb-4270-9999-4ffd90caad86/value'
00:49:43.801 [AsyncHttpClient-1-8] DEBUG org.asynchttpclient.netty.handler.HttpHandler - 

Request DefaultHttpRequest(decodeResult: success, version: HTTP/1.1)
POST /session/889b000e4baa4141abfa5d388f9ad65b/element/eacb96df-ebcb-4270-9999-4ffd90caad86/value HTTP/1.1
User-Agent: selenium/4.7.1 (java windows)
Content-Length: 121
Content-Type: application/json; charset=utf-8
host: localhost:5115
accept: */*

Response DefaultHttpResponse(decodeResult: success, version: HTTP/1.1)
HTTP/1.1 200 OK
Content-Type: application/json; charset=utf-8
cache-control: no-cache
content-length: 14

00:49:43.801 [AsyncHttpClient-1-8] DEBUG org.asynchttpclient.netty.channel.ChannelManager - Adding key: http://localhost:5115 for channel [id: 0x3b0f0bba, L:/127.0.0.1:59838 - R:localhost/127.0.0.1:5115]
00:49:43.811 [Forwarding getCurrentWindowHandle on session 889b000e4baa4141abfa5d388f9ad65b to remote] DEBUG org.asynchttpclient.netty.request.NettyRequestSender - Using pooled Channel '[id: 0x3b0f0bba, L:/127.0.0.1:59838 - R:localhost/127.0.0.1:5115]' for 'GET' to 'http://localhost:5115/session/889b000e4baa4141abfa5d388f9ad65b/window'
00:49:43.811 [Forwarding getCurrentWindowHandle on session 889b000e4baa4141abfa5d388f9ad65b to remote] DEBUG org.asynchttpclient.netty.request.NettyRequestSender - Using open Channel [id: 0x3b0f0bba, L:/127.0.0.1:59838 - R:localhost/127.0.0.1:5115] for GET '/session/889b000e4baa4141abfa5d388f9ad65b/window'
00:49:43.812 [AsyncHttpClient-1-8] DEBUG org.asynchttpclient.netty.handler.HttpHandler - 

Request DefaultFullHttpRequest(decodeResult: success, version: HTTP/1.1, content: EmptyByteBufBE)
GET /session/889b000e4baa4141abfa5d388f9ad65b/window HTTP/1.1
User-Agent: selenium/4.7.1 (java windows)
Cache-Control: no-cache
Content-Type: application/json; charset=utf-8
host: localhost:5115
accept: */*

Response DefaultHttpResponse(decodeResult: success, version: HTTP/1.1)
HTTP/1.1 200 OK
Content-Type: application/json; charset=utf-8
cache-control: no-cache
content-length: 44

00:49:43.812 [AsyncHttpClient-1-8] DEBUG org.asynchttpclient.netty.channel.ChannelManager - Adding key: http://localhost:5115 for channel [id: 0x3b0f0bba, L:/127.0.0.1:59838 - R:localhost/127.0.0.1:5115]
00:49:43.814 [Forwarding getAlertText on session 889b000e4baa4141abfa5d388f9ad65b to remote] DEBUG org.asynchttpclient.netty.request.NettyRequestSender - Using pooled Channel '[id: 0x3b0f0bba, L:/127.0.0.1:59838 - R:localhost/127.0.0.1:5115]' for 'GET' to 'http://localhost:5115/session/889b000e4baa4141abfa5d388f9ad65b/alert/text'
00:49:43.814 [Forwarding getAlertText on session 889b000e4baa4141abfa5d388f9ad65b to remote] DEBUG org.asynchttpclient.netty.request.NettyRequestSender - Using open Channel [id: 0x3b0f0bba, L:/127.0.0.1:59838 - R:localhost/127.0.0.1:5115] for GET '/session/889b000e4baa4141abfa5d388f9ad65b/alert/text'
00:49:43.816 [AsyncHttpClient-1-8] DEBUG org.asynchttpclient.netty.handler.HttpHandler - 

Request DefaultFullHttpRequest(decodeResult: success, version: HTTP/1.1, content: EmptyByteBufBE)
GET /session/889b000e4baa4141abfa5d388f9ad65b/alert/text HTTP/1.1
User-Agent: selenium/4.7.1 (java windows)
Cache-Control: no-cache
Content-Type: application/json; charset=utf-8
host: localhost:5115
accept: */*

Response DefaultHttpResponse(decodeResult: success, version: HTTP/1.1)
HTTP/1.1 404 Not Found
Content-Type: application/json; charset=utf-8
cache-control: no-cache
content-length: 849

00:49:43.816 [AsyncHttpClient-1-8] DEBUG org.asynchttpclient.netty.channel.ChannelManager - Adding key: http://localhost:5115 for channel [id: 0x3b0f0bba, L:/127.0.0.1:59838 - R:localhost/127.0.0.1:5115]
00:49:43.818 [Forwarding switchToWindow on session 889b000e4baa4141abfa5d388f9ad65b to remote] DEBUG org.asynchttpclient.netty.request.NettyRequestSender - Using pooled Channel '[id: 0x3b0f0bba, L:/127.0.0.1:59838 - R:localhost/127.0.0.1:5115]' for 'POST' to 'http://localhost:5115/session/889b000e4baa4141abfa5d388f9ad65b/window'
00:49:43.818 [Forwarding switchToWindow on session 889b000e4baa4141abfa5d388f9ad65b to remote] DEBUG org.asynchttpclient.netty.request.NettyRequestSender - Using open Channel [id: 0x3b0f0bba, L:/127.0.0.1:59838 - R:localhost/127.0.0.1:5115] for POST '/session/889b000e4baa4141abfa5d388f9ad65b/window'
00:49:43.820 [AsyncHttpClient-1-8] DEBUG org.asynchttpclient.netty.handler.HttpHandler - 

Request DefaultHttpRequest(decodeResult: success, version: HTTP/1.1)
POST /session/889b000e4baa4141abfa5d388f9ad65b/window HTTP/1.1
User-Agent: selenium/4.7.1 (java windows)
Content-Length: 50
Content-Type: application/json; charset=utf-8
host: localhost:5115
accept: */*

Response DefaultHttpResponse(decodeResult: success, version: HTTP/1.1)
HTTP/1.1 200 OK
Content-Type: application/json; charset=utf-8
cache-control: no-cache
content-length: 14

00:49:43.820 [AsyncHttpClient-1-8] DEBUG org.asynchttpclient.netty.channel.ChannelManager - Adding key: http://localhost:5115 for channel [id: 0x3b0f0bba, L:/127.0.0.1:59838 - R:localhost/127.0.0.1:5115]
00:49:43.821 [Forwarding getCurrentUrl on session 889b000e4baa4141abfa5d388f9ad65b to remote] DEBUG org.asynchttpclient.netty.request.NettyRequestSender - Using pooled Channel '[id: 0x3b0f0bba, L:/127.0.0.1:59838 - R:localhost/127.0.0.1:5115]' for 'GET' to 'http://localhost:5115/session/889b000e4baa4141abfa5d388f9ad65b/url'
00:49:43.821 [Forwarding getCurrentUrl on session 889b000e4baa4141abfa5d388f9ad65b to remote] DEBUG org.asynchttpclient.netty.request.NettyRequestSender - Using open Channel [id: 0x3b0f0bba, L:/127.0.0.1:59838 - R:localhost/127.0.0.1:5115] for GET '/session/889b000e4baa4141abfa5d388f9ad65b/url'
00:49:43.827 [AsyncHttpClient-1-8] DEBUG org.asynchttpclient.netty.handler.HttpHandler - 

Request DefaultFullHttpRequest(decodeResult: success, version: HTTP/1.1, content: EmptyByteBufBE)
GET /session/889b000e4baa4141abfa5d388f9ad65b/url HTTP/1.1
User-Agent: selenium/4.7.1 (java windows)
Cache-Control: no-cache
Content-Type: application/json; charset=utf-8
host: localhost:5115
accept: */*

Response DefaultHttpResponse(decodeResult: success, version: HTTP/1.1)
HTTP/1.1 200 OK
Content-Type: application/json; charset=utf-8
cache-control: no-cache
content-length: 51

00:49:43.827 [AsyncHttpClient-1-8] DEBUG org.asynchttpclient.netty.channel.ChannelManager - Adding key: http://localhost:5115 for channel [id: 0x3b0f0bba, L:/127.0.0.1:59838 - R:localhost/127.0.0.1:5115]
00:49:43.828 [Forwarding screenshot on session 889b000e4baa4141abfa5d388f9ad65b to remote] DEBUG org.asynchttpclient.netty.request.NettyRequestSender - Using pooled Channel '[id: 0x3b0f0bba, L:/127.0.0.1:59838 - R:localhost/127.0.0.1:5115]' for 'GET' to 'http://localhost:5115/session/889b000e4baa4141abfa5d388f9ad65b/screenshot'
00:49:43.828 [Forwarding screenshot on session 889b000e4baa4141abfa5d388f9ad65b to remote] DEBUG org.asynchttpclient.netty.request.NettyRequestSender - Using open Channel [id: 0x3b0f0bba, L:/127.0.0.1:59838 - R:localhost/127.0.0.1:5115] for GET '/session/889b000e4baa4141abfa5d388f9ad65b/screenshot'
00:49:43.928 [AsyncHttpClient-1-8] DEBUG org.asynchttpclient.netty.handler.HttpHandler - 

Request DefaultFullHttpRequest(decodeResult: success, version: HTTP/1.1, content: EmptyByteBufBE)
GET /session/889b000e4baa4141abfa5d388f9ad65b/screenshot HTTP/1.1
User-Agent: selenium/4.7.1 (java windows)
Cache-Control: no-cache
Content-Type: application/json; charset=utf-8
host: localhost:5115
accept: */*

Response DefaultHttpResponse(decodeResult: success, version: HTTP/1.1)
HTTP/1.1 200 OK
Content-Type: application/json; charset=utf-8
cache-control: no-cache
content-length: 30000

00:49:43.929 [AsyncHttpClient-1-8] DEBUG org.asynchttpclient.netty.channel.ChannelManager - Adding key: http://localhost:5115 for channel [id: 0x3b0f0bba, L:/127.0.0.1:59838 - R:localhost/127.0.0.1:5115]
00:49:43.930 [main] DEBUG net.serenitybdd.core.photography.Darkroom - Send negative for processing for target\site\serenity\39b346b469e491ecca972df19d0f5a80136804dde6b979d14d78858b33bd674b.png
00:49:43.931 [main] DEBUG net.thucydides.core.steps.StepInterceptor - STEP DONE: inputPassword
  &amp#27;[32mAnd &amp#27;[0m&amp#27;[32muser input password invalid&amp#27;[0m                                      &amp#27;[90m# starter.stepdefinitions.LoginRegisterSteps.userInputPasswordInvalid()&amp#27;[0m
00:49:43.931 [Darkroom Processing Line] DEBUG net.serenitybdd.core.photography.DarkroomProcessingLine - Processing screenshot image in /var/screenshots/screenshot-5228597291454449301
00:49:43.931 [Darkroom Processing Line] DEBUG net.serenitybdd.core.photography.DarkroomProcessingLine - Saving screenshot to target\site\serenity\39b346b469e491ecca972df19d0f5a80136804dde6b979d14d78858b33bd674b.png
00:49:43.943 [main] DEBUG net.thucydides.core.steps.StepInterceptor - STARTING STEP: LoginRegisterSteps.userKlikButtonLoginYangKedua - klikButtonLoginKedua
00:49:43.946 [Forwarding findElement on session 889b000e4baa4141abfa5d388f9ad65b to remote] DEBUG org.asynchttpclient.netty.request.NettyRequestSender - Using pooled Channel '[id: 0x3b0f0bba, L:/127.0.0.1:59838 - R:localhost/127.0.0.1:5115]' for 'POST' to 'http://localhost:5115/session/889b000e4baa4141abfa5d388f9ad65b/element'
00:49:43.946 [Forwarding findElement on session 889b000e4baa4141abfa5d388f9ad65b to remote] DEBUG org.asynchttpclient.netty.request.NettyRequestSender - Using open Channel [id: 0x3b0f0bba, L:/127.0.0.1:59838 - R:localhost/127.0.0.1:5115] for POST '/session/889b000e4baa4141abfa5d388f9ad65b/element'
00:49:43.959 [AsyncHttpClient-1-8] DEBUG org.asynchttpclient.netty.handler.HttpHandler - 

Request DefaultHttpRequest(decodeResult: success, version: HTTP/1.1)
POST /session/889b000e4baa4141abfa5d388f9ad65b/element HTTP/1.1
User-Agent: selenium/4.7.1 (java windows)
Content-Length: 141
Content-Type: application/json; charset=utf-8
host: localhost:5115
accept: */*

Response DefaultHttpResponse(decodeResult: success, version: HTTP/1.1)
HTTP/1.1 200 OK
Content-Type: application/json; charset=utf-8
cache-control: no-cache
content-length: 88

00:49:43.959 [AsyncHttpClient-1-8] DEBUG org.asynchttpclient.netty.channel.ChannelManager - Adding key: http://localhost:5115 for channel [id: 0x3b0f0bba, L:/127.0.0.1:59838 - R:localhost/127.0.0.1:5115]
00:49:43.960 [Forwarding getElementTagName on session 889b000e4baa4141abfa5d388f9ad65b to remote] DEBUG org.asynchttpclient.netty.request.NettyRequestSender - Using pooled Channel '[id: 0x3b0f0bba, L:/127.0.0.1:59838 - R:localhost/127.0.0.1:5115]' for 'GET' to 'http://localhost:5115/session/889b000e4baa4141abfa5d388f9ad65b/element/ce1360f7-8fba-4676-b9b0-24611e942df8/name'
00:49:43.960 [Forwarding getElementTagName on session 889b000e4baa4141abfa5d388f9ad65b to remote] DEBUG org.asynchttpclient.netty.request.NettyRequestSender - Using open Channel [id: 0x3b0f0bba, L:/127.0.0.1:59838 - R:localhost/127.0.0.1:5115] for GET '/session/889b000e4baa4141abfa5d388f9ad65b/element/ce1360f7-8fba-4676-b9b0-24611e942df8/name'
00:49:43.965 [AsyncHttpClient-1-8] DEBUG org.asynchttpclient.netty.handler.HttpHandler - 

Request DefaultFullHttpRequest(decodeResult: success, version: HTTP/1.1, content: EmptyByteBufBE)
GET /session/889b000e4baa4141abfa5d388f9ad65b/element/ce1360f7-8fba-4676-b9b0-24611e942df8/name HTTP/1.1
User-Agent: selenium/4.7.1 (java windows)
Cache-Control: no-cache
Content-Type: application/json; charset=utf-8
host: localhost:5115
accept: */*

Response DefaultHttpResponse(decodeResult: success, version: HTTP/1.1)
HTTP/1.1 200 OK
Content-Type: application/json; charset=utf-8
cache-control: no-cache
content-length: 18

00:49:43.965 [AsyncHttpClient-1-8] DEBUG org.asynchttpclient.netty.channel.ChannelManager - Adding key: http://localhost:5115 for channel [id: 0x3b0f0bba, L:/127.0.0.1:59838 - R:localhost/127.0.0.1:5115]
00:49:43.967 [Forwarding getElementTagName on session 889b000e4baa4141abfa5d388f9ad65b to remote] DEBUG org.asynchttpclient.netty.request.NettyRequestSender - Using pooled Channel '[id: 0x3b0f0bba, L:/127.0.0.1:59838 - R:localhost/127.0.0.1:5115]' for 'GET' to 'http://localhost:5115/session/889b000e4baa4141abfa5d388f9ad65b/element/ce1360f7-8fba-4676-b9b0-24611e942df8/name'
00:49:43.967 [Forwarding getElementTagName on session 889b000e4baa4141abfa5d388f9ad65b to remote] DEBUG org.asynchttpclient.netty.request.NettyRequestSender - Using open Channel [id: 0x3b0f0bba, L:/127.0.0.1:59838 - R:localhost/127.0.0.1:5115] for GET '/session/889b000e4baa4141abfa5d388f9ad65b/element/ce1360f7-8fba-4676-b9b0-24611e942df8/name'
00:49:43.970 [AsyncHttpClient-1-8] DEBUG org.asynchttpclient.netty.handler.HttpHandler - 

Request DefaultFullHttpRequest(decodeResult: success, version: HTTP/1.1, content: EmptyByteBufBE)
GET /session/889b000e4baa4141abfa5d388f9ad65b/element/ce1360f7-8fba-4676-b9b0-24611e942df8/name HTTP/1.1
User-Agent: selenium/4.7.1 (java windows)
Cache-Control: no-cache
Content-Type: application/json; charset=utf-8
host: localhost:5115
accept: */*

Response DefaultHttpResponse(decodeResult: success, version: HTTP/1.1)
HTTP/1.1 200 OK
Content-Type: application/json; charset=utf-8
cache-control: no-cache
content-length: 18

00:49:43.970 [AsyncHttpClient-1-8] DEBUG org.asynchttpclient.netty.channel.ChannelManager - Adding key: http://localhost:5115 for channel [id: 0x3b0f0bba, L:/127.0.0.1:59838 - R:localhost/127.0.0.1:5115]
00:49:43.972 [Forwarding isElementEnabled on session 889b000e4baa4141abfa5d388f9ad65b to remote] DEBUG org.asynchttpclient.netty.request.NettyRequestSender - Using pooled Channel '[id: 0x3b0f0bba, L:/127.0.0.1:59838 - R:localhost/127.0.0.1:5115]' for 'GET' to 'http://localhost:5115/session/889b000e4baa4141abfa5d388f9ad65b/element/ce1360f7-8fba-4676-b9b0-24611e942df8/enabled'
00:49:43.972 [Forwarding isElementEnabled on session 889b000e4baa4141abfa5d388f9ad65b to remote] DEBUG org.asynchttpclient.netty.request.NettyRequestSender - Using open Channel [id: 0x3b0f0bba, L:/127.0.0.1:59838 - R:localhost/127.0.0.1:5115] for GET '/session/889b000e4baa4141abfa5d388f9ad65b/element/ce1360f7-8fba-4676-b9b0-24611e942df8/enabled'
00:49:43.982 [AsyncHttpClient-1-8] DEBUG org.asynchttpclient.netty.handler.HttpHandler - 

Request DefaultFullHttpRequest(decodeResult: success, version: HTTP/1.1, content: EmptyByteBufBE)
GET /session/889b000e4baa4141abfa5d388f9ad65b/element/ce1360f7-8fba-4676-b9b0-24611e942df8/enabled HTTP/1.1
User-Agent: selenium/4.7.1 (java windows)
Cache-Control: no-cache
Content-Type: application/json; charset=utf-8
host: localhost:5115
accept: */*

Response DefaultHttpResponse(decodeResult: success, version: HTTP/1.1)
HTTP/1.1 200 OK
Content-Type: application/json; charset=utf-8
cache-control: no-cache
content-length: 14

00:49:43.983 [AsyncHttpClient-1-8] DEBUG org.asynchttpclient.netty.channel.ChannelManager - Adding key: http://localhost:5115 for channel [id: 0x3b0f0bba, L:/127.0.0.1:59838 - R:localhost/127.0.0.1:5115]
00:49:43.984 [Forwarding isElementEnabled on session 889b000e4baa4141abfa5d388f9ad65b to remote] DEBUG org.asynchttpclient.netty.request.NettyRequestSender - Using pooled Channel '[id: 0x3b0f0bba, L:/127.0.0.1:59838 - R:localhost/127.0.0.1:5115]' for 'GET' to 'http://localhost:5115/session/889b000e4baa4141abfa5d388f9ad65b/element/ce1360f7-8fba-4676-b9b0-24611e942df8/enabled'
00:49:43.984 [Forwarding isElementEnabled on session 889b000e4baa4141abfa5d388f9ad65b to remote] DEBUG org.asynchttpclient.netty.request.NettyRequestSender - Using open Channel [id: 0x3b0f0bba, L:/127.0.0.1:59838 - R:localhost/127.0.0.1:5115] for GET '/session/889b000e4baa4141abfa5d388f9ad65b/element/ce1360f7-8fba-4676-b9b0-24611e942df8/enabled'
00:49:43.993 [AsyncHttpClient-1-8] DEBUG org.asynchttpclient.netty.handler.HttpHandler - 

Request DefaultFullHttpRequest(decodeResult: success, version: HTTP/1.1, content: EmptyByteBufBE)
GET /session/889b000e4baa4141abfa5d388f9ad65b/element/ce1360f7-8fba-4676-b9b0-24611e942df8/enabled HTTP/1.1
User-Agent: selenium/4.7.1 (java windows)
Cache-Control: no-cache
Content-Type: application/json; charset=utf-8
host: localhost:5115
accept: */*

Response DefaultHttpResponse(decodeResult: success, version: HTTP/1.1)
HTTP/1.1 200 OK
Content-Type: application/json; charset=utf-8
cache-control: no-cache
content-length: 14

00:49:43.993 [AsyncHttpClient-1-8] DEBUG org.asynchttpclient.netty.channel.ChannelManager - Adding key: http://localhost:5115 for channel [id: 0x3b0f0bba, L:/127.0.0.1:59838 - R:localhost/127.0.0.1:5115]
00:49:43.996 [Forwarding findElement on session 889b000e4baa4141abfa5d388f9ad65b to remote] DEBUG org.asynchttpclient.netty.request.NettyRequestSender - Using pooled Channel '[id: 0x3b0f0bba, L:/127.0.0.1:59838 - R:localhost/127.0.0.1:5115]' for 'POST' to 'http://localhost:5115/session/889b000e4baa4141abfa5d388f9ad65b/element'
00:49:43.996 [Forwarding findElement on session 889b000e4baa4141abfa5d388f9ad65b to remote] DEBUG org.asynchttpclient.netty.request.NettyRequestSender - Using open Channel [id: 0x3b0f0bba, L:/127.0.0.1:59838 - R:localhost/127.0.0.1:5115] for POST '/session/889b000e4baa4141abfa5d388f9ad65b/element'
00:49:44.009 [AsyncHttpClient-1-8] DEBUG org.asynchttpclient.netty.handler.HttpHandler - 

Request DefaultHttpRequest(decodeResult: success, version: HTTP/1.1)
POST /session/889b000e4baa4141abfa5d388f9ad65b/element HTTP/1.1
User-Agent: selenium/4.7.1 (java windows)
Content-Length: 141
Content-Type: application/json; charset=utf-8
host: localhost:5115
accept: */*

Response DefaultHttpResponse(decodeResult: success, version: HTTP/1.1)
HTTP/1.1 200 OK
Content-Type: application/json; charset=utf-8
cache-control: no-cache
content-length: 88

00:49:44.009 [AsyncHttpClient-1-8] DEBUG org.asynchttpclient.netty.channel.ChannelManager - Adding key: http://localhost:5115 for channel [id: 0x3b0f0bba, L:/127.0.0.1:59838 - R:localhost/127.0.0.1:5115]
00:49:44.010 [Forwarding clickElement on session 889b000e4baa4141abfa5d388f9ad65b to remote] DEBUG org.asynchttpclient.netty.request.NettyRequestSender - Using pooled Channel '[id: 0x3b0f0bba, L:/127.0.0.1:59838 - R:localhost/127.0.0.1:5115]' for 'POST' to 'http://localhost:5115/session/889b000e4baa4141abfa5d388f9ad65b/element/ce1360f7-8fba-4676-b9b0-24611e942df8/click'
00:49:44.010 [Forwarding clickElement on session 889b000e4baa4141abfa5d388f9ad65b to remote] DEBUG org.asynchttpclient.netty.request.NettyRequestSender - Using open Channel [id: 0x3b0f0bba, L:/127.0.0.1:59838 - R:localhost/127.0.0.1:5115] for POST '/session/889b000e4baa4141abfa5d388f9ad65b/element/ce1360f7-8fba-4676-b9b0-24611e942df8/click'
00:49:44.086 [AsyncHttpClient-1-8] DEBUG org.asynchttpclient.netty.handler.HttpHandler - 

Request DefaultHttpRequest(decodeResult: success, version: HTTP/1.1)
POST /session/889b000e4baa4141abfa5d388f9ad65b/element/ce1360f7-8fba-4676-b9b0-24611e942df8/click HTTP/1.1
User-Agent: selenium/4.7.1 (java windows)
Content-Length: 50
Content-Type: application/json; charset=utf-8
host: localhost:5115
accept: */*

Response DefaultHttpResponse(decodeResult: success, version: HTTP/1.1)
HTTP/1.1 200 OK
Content-Type: application/json; charset=utf-8
cache-control: no-cache
content-length: 14

00:49:44.086 [AsyncHttpClient-1-8] DEBUG org.asynchttpclient.netty.channel.ChannelManager - Adding key: http://localhost:5115 for channel [id: 0x3b0f0bba, L:/127.0.0.1:59838 - R:localhost/127.0.0.1:5115]
00:49:44.098 [Forwarding getCurrentWindowHandle on session 889b000e4baa4141abfa5d388f9ad65b to remote] DEBUG org.asynchttpclient.netty.request.NettyRequestSender - Using pooled Channel '[id: 0x3b0f0bba, L:/127.0.0.1:59838 - R:localhost/127.0.0.1:5115]' for 'GET' to 'http://localhost:5115/session/889b000e4baa4141abfa5d388f9ad65b/window'
00:49:44.098 [Forwarding getCurrentWindowHandle on session 889b000e4baa4141abfa5d388f9ad65b to remote] DEBUG org.asynchttpclient.netty.request.NettyRequestSender - Using open Channel [id: 0x3b0f0bba, L:/127.0.0.1:59838 - R:localhost/127.0.0.1:5115] for GET '/session/889b000e4baa4141abfa5d388f9ad65b/window'
00:49:44.099 [AsyncHttpClient-1-8] DEBUG org.asynchttpclient.netty.handler.HttpHandler - 

Request DefaultFullHttpRequest(decodeResult: success, version: HTTP/1.1, content: EmptyByteBufBE)
GET /session/889b000e4baa4141abfa5d388f9ad65b/window HTTP/1.1
User-Agent: selenium/4.7.1 (java windows)
Cache-Control: no-cache
Content-Type: application/json; charset=utf-8
host: localhost:5115
accept: */*

Response DefaultHttpResponse(decodeResult: success, version: HTTP/1.1)
HTTP/1.1 200 OK
Content-Type: application/json; charset=utf-8
cache-control: no-cache
content-length: 44

00:49:44.099 [AsyncHttpClient-1-8] DEBUG org.asynchttpclient.netty.channel.ChannelManager - Adding key: http://localhost:5115 for channel [id: 0x3b0f0bba, L:/127.0.0.1:59838 - R:localhost/127.0.0.1:5115]
00:49:44.101 [Forwarding getAlertText on session 889b000e4baa4141abfa5d388f9ad65b to remote] DEBUG org.asynchttpclient.netty.request.NettyRequestSender - Using pooled Channel '[id: 0x3b0f0bba, L:/127.0.0.1:59838 - R:localhost/127.0.0.1:5115]' for 'GET' to 'http://localhost:5115/session/889b000e4baa4141abfa5d388f9ad65b/alert/text'
00:49:44.101 [Forwarding getAlertText on session 889b000e4baa4141abfa5d388f9ad65b to remote] DEBUG org.asynchttpclient.netty.request.NettyRequestSender - Using open Channel [id: 0x3b0f0bba, L:/127.0.0.1:59838 - R:localhost/127.0.0.1:5115] for GET '/session/889b000e4baa4141abfa5d388f9ad65b/alert/text'
00:49:44.103 [AsyncHttpClient-1-8] DEBUG org.asynchttpclient.netty.handler.HttpHandler - 

Request DefaultFullHttpRequest(decodeResult: success, version: HTTP/1.1, content: EmptyByteBufBE)
GET /session/889b000e4baa4141abfa5d388f9ad65b/alert/text HTTP/1.1
User-Agent: selenium/4.7.1 (java windows)
Cache-Control: no-cache
Content-Type: application/json; charset=utf-8
host: localhost:5115
accept: */*

Response DefaultHttpResponse(decodeResult: success, version: HTTP/1.1)
HTTP/1.1 404 Not Found
Content-Type: application/json; charset=utf-8
cache-control: no-cache
content-length: 849

00:49:44.103 [AsyncHttpClient-1-8] DEBUG org.asynchttpclient.netty.channel.ChannelManager - Adding key: http://localhost:5115 for channel [id: 0x3b0f0bba, L:/127.0.0.1:59838 - R:localhost/127.0.0.1:5115]
00:49:44.106 [Forwarding switchToWindow on session 889b000e4baa4141abfa5d388f9ad65b to remote] DEBUG org.asynchttpclient.netty.request.NettyRequestSender - Using pooled Channel '[id: 0x3b0f0bba, L:/127.0.0.1:59838 - R:localhost/127.0.0.1:5115]' for 'POST' to 'http://localhost:5115/session/889b000e4baa4141abfa5d388f9ad65b/window'
00:49:44.107 [Forwarding switchToWindow on session 889b000e4baa4141abfa5d388f9ad65b to remote] DEBUG org.asynchttpclient.netty.request.NettyRequestSender - Using open Channel [id: 0x3b0f0bba, L:/127.0.0.1:59838 - R:localhost/127.0.0.1:5115] for POST '/session/889b000e4baa4141abfa5d388f9ad65b/window'
00:49:44.112 [AsyncHttpClient-1-8] DEBUG org.asynchttpclient.netty.handler.HttpHandler - 

Request DefaultHttpRequest(decodeResult: success, version: HTTP/1.1)
POST /session/889b000e4baa4141abfa5d388f9ad65b/window HTTP/1.1
User-Agent: selenium/4.7.1 (java windows)
Content-Length: 50
Content-Type: application/json; charset=utf-8
host: localhost:5115
accept: */*

Response DefaultHttpResponse(decodeResult: success, version: HTTP/1.1)
HTTP/1.1 200 OK
Content-Type: application/json; charset=utf-8
cache-control: no-cache
content-length: 14

00:49:44.112 [AsyncHttpClient-1-8] DEBUG org.asynchttpclient.netty.channel.ChannelManager - Adding key: http://localhost:5115 for channel [id: 0x3b0f0bba, L:/127.0.0.1:59838 - R:localhost/127.0.0.1:5115]
00:49:44.114 [Forwarding getCurrentUrl on session 889b000e4baa4141abfa5d388f9ad65b to remote] DEBUG org.asynchttpclient.netty.request.NettyRequestSender - Using pooled Channel '[id: 0x3b0f0bba, L:/127.0.0.1:59838 - R:localhost/127.0.0.1:5115]' for 'GET' to 'http://localhost:5115/session/889b000e4baa4141abfa5d388f9ad65b/url'
00:49:44.114 [Forwarding getCurrentUrl on session 889b000e4baa4141abfa5d388f9ad65b to remote] DEBUG org.asynchttpclient.netty.request.NettyRequestSender - Using open Channel [id: 0x3b0f0bba, L:/127.0.0.1:59838 - R:localhost/127.0.0.1:5115] for GET '/session/889b000e4baa4141abfa5d388f9ad65b/url'
00:49:44.119 [AsyncHttpClient-1-8] DEBUG org.asynchttpclient.netty.handler.HttpHandler - 

Request DefaultFullHttpRequest(decodeResult: success, version: HTTP/1.1, content: EmptyByteBufBE)
GET /session/889b000e4baa4141abfa5d388f9ad65b/url HTTP/1.1
User-Agent: selenium/4.7.1 (java windows)
Cache-Control: no-cache
Content-Type: application/json; charset=utf-8
host: localhost:5115
accept: */*

Response DefaultHttpResponse(decodeResult: success, version: HTTP/1.1)
HTTP/1.1 200 OK
Content-Type: application/json; charset=utf-8
cache-control: no-cache
content-length: 51

00:49:44.119 [AsyncHttpClient-1-8] DEBUG org.asynchttpclient.netty.channel.ChannelManager - Adding key: http://localhost:5115 for channel [id: 0x3b0f0bba, L:/127.0.0.1:59838 - R:localhost/127.0.0.1:5115]
00:49:44.120 [Forwarding screenshot on session 889b000e4baa4141abfa5d388f9ad65b to remote] DEBUG org.asynchttpclient.netty.request.NettyRequestSender - Using pooled Channel '[id: 0x3b0f0bba, L:/127.0.0.1:59838 - R:localhost/127.0.0.1:5115]' for 'GET' to 'http://localhost:5115/session/889b000e4baa4141abfa5d388f9ad65b/screenshot'
00:49:44.120 [Forwarding screenshot on session 889b000e4baa4141abfa5d388f9ad65b to remote] DEBUG org.asynchttpclient.netty.request.NettyRequestSender - Using open Channel [id: 0x3b0f0bba, L:/127.0.0.1:59838 - R:localhost/127.0.0.1:5115] for GET '/session/889b000e4baa4141abfa5d388f9ad65b/screenshot'
00:49:44.246 [AsyncHttpClient-1-8] DEBUG org.asynchttpclient.netty.handler.HttpHandler - 

Request DefaultFullHttpRequest(decodeResult: success, version: HTTP/1.1, content: EmptyByteBufBE)
GET /session/889b000e4baa4141abfa5d388f9ad65b/screenshot HTTP/1.1
User-Agent: selenium/4.7.1 (java windows)
Cache-Control: no-cache
Content-Type: application/json; charset=utf-8
host: localhost:5115
accept: */*

Response DefaultHttpResponse(decodeResult: success, version: HTTP/1.1)
HTTP/1.1 200 OK
Content-Type: application/json; charset=utf-8
cache-control: no-cache
content-length: 29644

00:49:44.246 [AsyncHttpClient-1-8] DEBUG org.asynchttpclient.netty.channel.ChannelManager - Adding key: http://localhost:5115 for channel [id: 0x3b0f0bba, L:/127.0.0.1:59838 - R:localhost/127.0.0.1:5115]
00:49:44.249 [main] DEBUG net.serenitybdd.core.photography.Darkroom - Send negative for processing for target\site\serenity\c09e8a50ac26cae2128c446be1cd1059869162f65733d2e508f08121880cb4bc.png
00:49:44.249 [Darkroom Processing Line] DEBUG net.serenitybdd.core.photography.DarkroomProcessingLine - Processing screenshot image in /var/screenshots/screenshot-5092642599625745011
00:49:44.250 [Darkroom Processing Line] DEBUG net.serenitybdd.core.photography.DarkroomProcessingLine - Saving screenshot to target\site\serenity\c09e8a50ac26cae2128c446be1cd1059869162f65733d2e508f08121880cb4bc.png
00:49:44.250 [main] DEBUG net.thucydides.core.steps.StepInterceptor - STEP DONE: klikButtonLoginKedua
  &amp#27;[32mThen &amp#27;[0m&amp#27;[32muser klik button login yang kedua&amp#27;[0m                               &amp#27;[90m# starter.stepdefinitions.LoginRegisterSteps.userKlikButtonLoginYangKedua()&amp#27;[0m
00:49:44.263 [main] DEBUG net.thucydides.core.steps.StepInterceptor - STARTING STEP: LoginRegisterSteps.userMenerimaErrorMessage - munculErrorMessage
00:49:44.268 [Forwarding findElement on session 889b000e4baa4141abfa5d388f9ad65b to remote] DEBUG org.asynchttpclient.netty.request.NettyRequestSender - Using pooled Channel '[id: 0x3b0f0bba, L:/127.0.0.1:59838 - R:localhost/127.0.0.1:5115]' for 'POST' to 'http://localhost:5115/session/889b000e4baa4141abfa5d388f9ad65b/element'
00:49:44.268 [Forwarding findElement on session 889b000e4baa4141abfa5d388f9ad65b to remote] DEBUG org.asynchttpclient.netty.request.NettyRequestSender - Using open Channel [id: 0x3b0f0bba, L:/127.0.0.1:59838 - R:localhost/127.0.0.1:5115] for POST '/session/889b000e4baa4141abfa5d388f9ad65b/element'
00:49:44.414 [AsyncHttpClient-1-8] DEBUG org.asynchttpclient.netty.handler.HttpHandler - 

Request DefaultHttpRequest(decodeResult: success, version: HTTP/1.1)
POST /session/889b000e4baa4141abfa5d388f9ad65b/element HTTP/1.1
User-Agent: selenium/4.7.1 (java windows)
Content-Length: 139
Content-Type: application/json; charset=utf-8
host: localhost:5115
accept: */*

Response DefaultHttpResponse(decodeResult: success, version: HTTP/1.1)
HTTP/1.1 200 OK
Content-Type: application/json; charset=utf-8
cache-control: no-cache
content-length: 88

00:49:44.414 [AsyncHttpClient-1-8] DEBUG org.asynchttpclient.netty.channel.ChannelManager - Adding key: http://localhost:5115 for channel [id: 0x3b0f0bba, L:/127.0.0.1:59838 - R:localhost/127.0.0.1:5115]
00:49:44.417 [Forwarding isElementDisplayed on session 889b000e4baa4141abfa5d388f9ad65b to remote] DEBUG org.asynchttpclient.netty.request.NettyRequestSender - Using pooled Channel '[id: 0x3b0f0bba, L:/127.0.0.1:59838 - R:localhost/127.0.0.1:5115]' for 'POST' to 'http://localhost:5115/session/889b000e4baa4141abfa5d388f9ad65b/execute/sync'
00:49:44.417 [Forwarding isElementDisplayed on session 889b000e4baa4141abfa5d388f9ad65b to remote] DEBUG org.asynchttpclient.netty.request.NettyRequestSender - Using open Channel [id: 0x3b0f0bba, L:/127.0.0.1:59838 - R:localhost/127.0.0.1:5115] for POST '/session/889b000e4baa4141abfa5d388f9ad65b/execute/sync'
00:49:44.428 [AsyncHttpClient-1-8] DEBUG org.asynchttpclient.netty.handler.HttpHandler - 

Request DefaultHttpRequest(decodeResult: success, version: HTTP/1.1)
POST /session/889b000e4baa4141abfa5d388f9ad65b/execute/sync HTTP/1.1
User-Agent: selenium/4.7.1 (java windows)
Content-Length: 48780
Content-Type: application/json; charset=utf-8
host: localhost:5115
accept: */*

Response DefaultHttpResponse(decodeResult: success, version: HTTP/1.1)
HTTP/1.1 200 OK
Content-Type: application/json; charset=utf-8
cache-control: no-cache
content-length: 14

00:49:44.428 [AsyncHttpClient-1-8] DEBUG org.asynchttpclient.netty.channel.ChannelManager - Adding key: http://localhost:5115 for channel [id: 0x3b0f0bba, L:/127.0.0.1:59838 - R:localhost/127.0.0.1:5115]
00:49:44.433 [Forwarding getCurrentWindowHandle on session 889b000e4baa4141abfa5d388f9ad65b to remote] DEBUG org.asynchttpclient.netty.request.NettyRequestSender - Using pooled Channel '[id: 0x3b0f0bba, L:/127.0.0.1:59838 - R:localhost/127.0.0.1:5115]' for 'GET' to 'http://localhost:5115/session/889b000e4baa4141abfa5d388f9ad65b/window'
00:49:44.433 [Forwarding getCurrentWindowHandle on session 889b000e4baa4141abfa5d388f9ad65b to remote] DEBUG org.asynchttpclient.netty.request.NettyRequestSender - Using open Channel [id: 0x3b0f0bba, L:/127.0.0.1:59838 - R:localhost/127.0.0.1:5115] for GET '/session/889b000e4baa4141abfa5d388f9ad65b/window'
00:49:44.434 [AsyncHttpClient-1-8] DEBUG org.asynchttpclient.netty.handler.HttpHandler - 

Request DefaultFullHttpRequest(decodeResult: success, version: HTTP/1.1, content: EmptyByteBufBE)
GET /session/889b000e4baa4141abfa5d388f9ad65b/window HTTP/1.1
User-Agent: selenium/4.7.1 (java windows)
Cache-Control: no-cache
Content-Type: application/json; charset=utf-8
host: localhost:5115
accept: */*

Response DefaultHttpResponse(decodeResult: success, version: HTTP/1.1)
HTTP/1.1 200 OK
Content-Type: application/json; charset=utf-8
cache-control: no-cache
content-length: 44

00:49:44.435 [AsyncHttpClient-1-8] DEBUG org.asynchttpclient.netty.channel.ChannelManager - Adding key: http://localhost:5115 for channel [id: 0x3b0f0bba, L:/127.0.0.1:59838 - R:localhost/127.0.0.1:5115]
00:49:44.436 [Forwarding getAlertText on session 889b000e4baa4141abfa5d388f9ad65b to remote] DEBUG org.asynchttpclient.netty.request.NettyRequestSender - Using pooled Channel '[id: 0x3b0f0bba, L:/127.0.0.1:59838 - R:localhost/127.0.0.1:5115]' for 'GET' to 'http://localhost:5115/session/889b000e4baa4141abfa5d388f9ad65b/alert/text'
00:49:44.436 [Forwarding getAlertText on session 889b000e4baa4141abfa5d388f9ad65b to remote] DEBUG org.asynchttpclient.netty.request.NettyRequestSender - Using open Channel [id: 0x3b0f0bba, L:/127.0.0.1:59838 - R:localhost/127.0.0.1:5115] for GET '/session/889b000e4baa4141abfa5d388f9ad65b/alert/text'
00:49:44.438 [AsyncHttpClient-1-8] DEBUG org.asynchttpclient.netty.handler.HttpHandler - 

Request DefaultFullHttpRequest(decodeResult: success, version: HTTP/1.1, content: EmptyByteBufBE)
GET /session/889b000e4baa4141abfa5d388f9ad65b/alert/text HTTP/1.1
User-Agent: selenium/4.7.1 (java windows)
Cache-Control: no-cache
Content-Type: application/json; charset=utf-8
host: localhost:5115
accept: */*

Response DefaultHttpResponse(decodeResult: success, version: HTTP/1.1)
HTTP/1.1 404 Not Found
Content-Type: application/json; charset=utf-8
cache-control: no-cache
content-length: 849

00:49:44.439 [AsyncHttpClient-1-8] DEBUG org.asynchttpclient.netty.channel.ChannelManager - Adding key: http://localhost:5115 for channel [id: 0x3b0f0bba, L:/127.0.0.1:59838 - R:localhost/127.0.0.1:5115]
00:49:44.441 [Forwarding switchToWindow on session 889b000e4baa4141abfa5d388f9ad65b to remote] DEBUG org.asynchttpclient.netty.request.NettyRequestSender - Using pooled Channel '[id: 0x3b0f0bba, L:/127.0.0.1:59838 - R:localhost/127.0.0.1:5115]' for 'POST' to 'http://localhost:5115/session/889b000e4baa4141abfa5d388f9ad65b/window'
00:49:44.441 [Forwarding switchToWindow on session 889b000e4baa4141abfa5d388f9ad65b to remote] DEBUG org.asynchttpclient.netty.request.NettyRequestSender - Using open Channel [id: 0x3b0f0bba, L:/127.0.0.1:59838 - R:localhost/127.0.0.1:5115] for POST '/session/889b000e4baa4141abfa5d388f9ad65b/window'
00:49:44.443 [AsyncHttpClient-1-8] DEBUG org.asynchttpclient.netty.handler.HttpHandler - 

Request DefaultHttpRequest(decodeResult: success, version: HTTP/1.1)
POST /session/889b000e4baa4141abfa5d388f9ad65b/window HTTP/1.1
User-Agent: selenium/4.7.1 (java windows)
Content-Length: 50
Content-Type: application/json; charset=utf-8
host: localhost:5115
accept: */*

Response DefaultHttpResponse(decodeResult: success, version: HTTP/1.1)
HTTP/1.1 200 OK
Content-Type: application/json; charset=utf-8
cache-control: no-cache
content-length: 14

00:49:44.443 [AsyncHttpClient-1-8] DEBUG org.asynchttpclient.netty.channel.ChannelManager - Adding key: http://localhost:5115 for channel [id: 0x3b0f0bba, L:/127.0.0.1:59838 - R:localhost/127.0.0.1:5115]
00:49:44.444 [Forwarding getCurrentUrl on session 889b000e4baa4141abfa5d388f9ad65b to remote] DEBUG org.asynchttpclient.netty.request.NettyRequestSender - Using pooled Channel '[id: 0x3b0f0bba, L:/127.0.0.1:59838 - R:localhost/127.0.0.1:5115]' for 'GET' to 'http://localhost:5115/session/889b000e4baa4141abfa5d388f9ad65b/url'
00:49:44.444 [Forwarding getCurrentUrl on session 889b000e4baa4141abfa5d388f9ad65b to remote] DEBUG org.asynchttpclient.netty.request.NettyRequestSender - Using open Channel [id: 0x3b0f0bba, L:/127.0.0.1:59838 - R:localhost/127.0.0.1:5115] for GET '/session/889b000e4baa4141abfa5d388f9ad65b/url'
00:49:44.448 [AsyncHttpClient-1-8] DEBUG org.asynchttpclient.netty.handler.HttpHandler - 

Request DefaultFullHttpRequest(decodeResult: success, version: HTTP/1.1, content: EmptyByteBufBE)
GET /session/889b000e4baa4141abfa5d388f9ad65b/url HTTP/1.1
User-Agent: selenium/4.7.1 (java windows)
Cache-Control: no-cache
Content-Type: application/json; charset=utf-8
host: localhost:5115
accept: */*

Response DefaultHttpResponse(decodeResult: success, version: HTTP/1.1)
HTTP/1.1 200 OK
Content-Type: application/json; charset=utf-8
cache-control: no-cache
content-length: 51

00:49:44.448 [AsyncHttpClient-1-8] DEBUG org.asynchttpclient.netty.channel.ChannelManager - Adding key: http://localhost:5115 for channel [id: 0x3b0f0bba, L:/127.0.0.1:59838 - R:localhost/127.0.0.1:5115]
00:49:44.449 [Forwarding screenshot on session 889b000e4baa4141abfa5d388f9ad65b to remote] DEBUG org.asynchttpclient.netty.request.NettyRequestSender - Using pooled Channel '[id: 0x3b0f0bba, L:/127.0.0.1:59838 - R:localhost/127.0.0.1:5115]' for 'GET' to 'http://localhost:5115/session/889b000e4baa4141abfa5d388f9ad65b/screenshot'
00:49:44.449 [Forwarding screenshot on session 889b000e4baa4141abfa5d388f9ad65b to remote] DEBUG org.asynchttpclient.netty.request.NettyRequestSender - Using open Channel [id: 0x3b0f0bba, L:/127.0.0.1:59838 - R:localhost/127.0.0.1:5115] for GET '/session/889b000e4baa4141abfa5d388f9ad65b/screenshot'
00:49:44.543 [AsyncHttpClient-1-8] DEBUG org.asynchttpclient.netty.handler.HttpHandler - 

Request DefaultFullHttpRequest(decodeResult: success, version: HTTP/1.1, content: EmptyByteBufBE)
GET /session/889b000e4baa4141abfa5d388f9ad65b/screenshot HTTP/1.1
User-Agent: selenium/4.7.1 (java windows)
Cache-Control: no-cache
Content-Type: application/json; charset=utf-8
host: localhost:5115
accept: */*

Response DefaultHttpResponse(decodeResult: success, version: HTTP/1.1)
HTTP/1.1 200 OK
Content-Type: application/json; charset=utf-8
cache-control: no-cache
content-length: 34332

00:49:44.544 [AsyncHttpClient-1-8] DEBUG org.asynchttpclient.netty.channel.ChannelManager - Adding key: http://localhost:5115 for channel [id: 0x3b0f0bba, L:/127.0.0.1:59838 - R:localhost/127.0.0.1:5115]
00:49:44.545 [main] DEBUG net.serenitybdd.core.photography.Darkroom - Send negative for processing for target\site\serenity\1555dc3dd3907b39172a9b37983f2b70f7c1969ab57a2cef8d32d2848f28b148.png
00:49:44.546 [main] DEBUG net.thucydides.core.steps.StepInterceptor - STEP DONE: munculErrorMessage
00:49:44.546 [Darkroom Processing Line] DEBUG net.serenitybdd.core.photography.DarkroomProcessingLine - Processing screenshot image in /var/screenshots/screenshot-16790312565486785354
00:49:44.546 [Darkroom Processing Line] DEBUG net.serenitybdd.core.photography.DarkroomProcessingLine - Saving screenshot to target\site\serenity\1555dc3dd3907b39172a9b37983f2b70f7c1969ab57a2cef8d32d2848f28b148.png
  &amp#27;[32mAnd &amp#27;[0m&amp#27;[32muser menerima error message &amp#27;[0m&amp#27;[32m&amp#27;[1m"email or password is invalid"&amp#27;[0m       &amp#27;[90m# starter.stepdefinitions.LoginRegisterSteps.userMenerimaErrorMessage(java.lang.String)&amp#27;[0m
00:49:44.551 [main] INFO  - 
  _____   ___   ___   _____     ___     _     ___   ___   ___   ___  
 |_   _| | __| / __| |_   _|   | _ \   /_\   / __| / __| | __| |   \ 
   | |   | _|  \__ \   | |     |  _/  / _ \  \__ \ \__ \ | _|  | |) |
   |_|   |___| |___/   |_|     |_|   /_/ \_\ |___/ |___/ |___| |___/ 

user tidak bisa login karena menggunakan password yang salah
----------------------------------------------------------------------
00:49:44.553 [AsyncHttpClient-1-10] DEBUG org.asynchttpclient.netty.handler.WebSocketHandler - Unexpected I/O exception on channel [id: 0xab59c477, L:/127.0.0.1:59845 - R:localhost/127.0.0.1:59839]
java.io.IOException: An established connection was aborted by the software in your host machine
	at java.base/sun.nio.ch.SocketDispatcher.read0(Native Method)
	at java.base/sun.nio.ch.SocketDispatcher.read(SocketDispatcher.java:46)
	at java.base/sun.nio.ch.IOUtil.readIntoNativeBuffer(IOUtil.java:339)
	at java.base/sun.nio.ch.IOUtil.read(IOUtil.java:293)
	at java.base/sun.nio.ch.IOUtil.read(IOUtil.java:268)
	at java.base/sun.nio.ch.SocketChannelImpl.read(SocketChannelImpl.java:425)
	at io.netty.buffer.PooledByteBuf.setBytes(PooledByteBuf.java:259)
	at io.netty.buffer.AbstractByteBuf.writeBytes(AbstractByteBuf.java:1132)
	at io.netty.channel.socket.nio.NioSocketChannel.doReadBytes(NioSocketChannel.java:357)
	at io.netty.channel.nio.AbstractNioByteChannel$NioByteUnsafe.read(AbstractNioByteChannel.java:151)
	at io.netty.channel.nio.NioEventLoop.processSelectedKey(NioEventLoop.java:788)
	at io.netty.channel.nio.NioEventLoop.processSelectedKeysOptimized(NioEventLoop.java:724)
	at io.netty.channel.nio.NioEventLoop.processSelectedKeys(NioEventLoop.java:650)
	at io.netty.channel.nio.NioEventLoop.run(NioEventLoop.java:562)
	at io.netty.util.concurrent.SingleThreadEventExecutor$4.run(SingleThreadEventExecutor.java:997)
	at io.netty.util.internal.ThreadExecutorMap$2.run(ThreadExecutorMap.java:74)
	at io.netty.util.concurrent.FastThreadLocalRunnable.run(FastThreadLocalRunnable.java:30)
	at java.base/java.lang.Thread.run(Thread.java:1589)
00:49:44.553 [AsyncHttpClient-1-10] DEBUG org.asynchttpclient.netty.handler.WebSocketHandler - Trying to recover from dead Channel: [id: 0xab59c477, L:/127.0.0.1:59845 - R:localhost/127.0.0.1:59839]
00:49:44.553 [Driver Command Executor] DEBUG org.asynchttpclient.netty.request.NettyRequestSender - Using pooled Channel '[id: 0x3b0f0bba, L:/127.0.0.1:59838 - R:localhost/127.0.0.1:5115]' for 'DELETE' to 'http://localhost:5115/session/889b000e4baa4141abfa5d388f9ad65b'
00:49:44.553 [Driver Command Executor] DEBUG org.asynchttpclient.netty.request.NettyRequestSender - Using open Channel [id: 0x3b0f0bba, L:/127.0.0.1:59838 - R:localhost/127.0.0.1:5115] for DELETE '/session/889b000e4baa4141abfa5d388f9ad65b'
00:49:44.553 [AsyncHttpClient-1-10] DEBUG org.asynchttpclient.netty.handler.WebSocketHandler - Channel Closed: [id: 0xab59c477, L:/127.0.0.1:59845 ! R:localhost/127.0.0.1:59839] with attribute NettyResponseFuture{currentRetry=0,
	isDone=1,
	isCancelled=0,
	asyncHandler=org.asynchttpclient.ws.WebSocketUpgradeHandler@29e89934,
	nettyRequest=org.asynchttpclient.netty.request.NettyRequest@6cea026d,
	future=java.util.concurrent.CompletableFuture@48cc4f66[Completed normally],
	uri=ws://localhost:59839/devtools/browser/3e7ed1e5-ebdd-4ed8-9727-24037171c3ea,
	keepAlive=true,
	redirectCount=0,
	timeoutsHolder=null,
	inAuth=0,
	touch=1683654584553}
00:49:44.553 [AsyncHttpClient-1-10] DEBUG org.asynchttpclient.netty.channel.ChannelManager - Closing Channel [id: 0xab59c477, L:/127.0.0.1:59845 ! R:localhost/127.0.0.1:59839] 
00:49:44.611 [AsyncHttpClient-1-9] DEBUG org.asynchttpclient.netty.handler.HttpHandler - Unexpected I/O exception on channel [id: 0x0ee9ebfa, L:/127.0.0.1:59844 - R:localhost/127.0.0.1:59839]
java.net.SocketException: Connection reset
	at java.base/sun.nio.ch.SocketChannelImpl.throwConnectionReset(SocketChannelImpl.java:401)
	at java.base/sun.nio.ch.SocketChannelImpl.read(SocketChannelImpl.java:434)
	at io.netty.buffer.PooledByteBuf.setBytes(PooledByteBuf.java:259)
	at io.netty.buffer.AbstractByteBuf.writeBytes(AbstractByteBuf.java:1132)
	at io.netty.channel.socket.nio.NioSocketChannel.doReadBytes(NioSocketChannel.java:357)
	at io.netty.channel.nio.AbstractNioByteChannel$NioByteUnsafe.read(AbstractNioByteChannel.java:151)
	at io.netty.channel.nio.NioEventLoop.processSelectedKey(NioEventLoop.java:788)
	at io.netty.channel.nio.NioEventLoop.processSelectedKeysOptimized(NioEventLoop.java:724)
	at io.netty.channel.nio.NioEventLoop.processSelectedKeys(NioEventLoop.java:650)
	at io.netty.channel.nio.NioEventLoop.run(NioEventLoop.java:562)
	at io.netty.util.concurrent.SingleThreadEventExecutor$4.run(SingleThreadEventExecutor.java:997)
	at io.netty.util.internal.ThreadExecutorMap$2.run(ThreadExecutorMap.java:74)
	at io.netty.util.concurrent.FastThreadLocalRunnable.run(FastThreadLocalRunnable.java:30)
	at java.base/java.lang.Thread.run(Thread.java:1589)
00:49:44.611 [AsyncHttpClient-1-9] DEBUG org.asynchttpclient.netty.channel.ChannelManager - Closing Channel [id: 0x0ee9ebfa, L:/127.0.0.1:59844 - R:localhost/127.0.0.1:59839] 
00:49:44.611 [AsyncHttpClient-1-9] DEBUG org.asynchttpclient.netty.handler.HttpHandler - Channel Closed: [id: 0x0ee9ebfa, L:/127.0.0.1:59844 ! R:localhost/127.0.0.1:59839] with attribute DISCARD
00:49:44.629 [AsyncHttpClient-1-1] DEBUG org.asynchttpclient.netty.channel.DefaultChannelPool - Entry count for : http://localhost:59839 : 1
00:49:44.629 [AsyncHttpClient-1-1] DEBUG org.asynchttpclient.netty.channel.DefaultChannelPool - Adding Candidate expired Channel [id: 0x0ee9ebfa, L:/127.0.0.1:59844 ! R:localhost/127.0.0.1:59839] isIdleTimeoutExpired=false isRemotelyClosed=true isTtlExpired=false
00:49:44.629 [AsyncHttpClient-1-1] DEBUG org.asynchttpclient.netty.channel.DefaultChannelPool - Closing Idle Channel [id: 0x0ee9ebfa, L:/127.0.0.1:59844 ! R:localhost/127.0.0.1:59839]
00:49:44.630 [AsyncHttpClient-1-1] DEBUG org.asynchttpclient.netty.channel.DefaultChannelPool - Closed 1 connections out of 1 in 1 ms
00:49:44.637 [AsyncHttpClient-1-8] DEBUG org.asynchttpclient.netty.handler.HttpHandler - 

Request DefaultFullHttpRequest(decodeResult: success, version: HTTP/1.1, content: EmptyByteBufBE)
DELETE /session/889b000e4baa4141abfa5d388f9ad65b HTTP/1.1
User-Agent: selenium/4.7.1 (java windows)
Content-Type: application/json; charset=utf-8
host: localhost:5115
accept: */*

Response DefaultHttpResponse(decodeResult: success, version: HTTP/1.1)
HTTP/1.1 200 OK
Content-Type: application/json; charset=utf-8
cache-control: no-cache
content-length: 14

00:49:44.637 [AsyncHttpClient-1-8] DEBUG org.asynchttpclient.netty.channel.ChannelManager - Adding key: http://localhost:5115 for channel [id: 0x3b0f0bba, L:/127.0.0.1:59838 - R:localhost/127.0.0.1:5115]
00:49:44.704 [AsyncHttpClient-1-8] DEBUG org.asynchttpclient.netty.handler.HttpHandler - Channel Closed: [id: 0x3b0f0bba, L:/127.0.0.1:59838 ! R:localhost/127.0.0.1:5115] with attribute DISCARD
]]></system-out>
    <system-err><![CDATA[Starting ChromeDriver 112.0.5615.49 (bd2a7bcb881c11e8cfe3078709382934e3916914-refs/branch-heads/5615@{#936}) on port 5115
Only local connections are allowed.
Please see https://chromedriver.chromium.org/security-considerations for suggestions on keeping ChromeDriver safe.
ChromeDriver was started successfully.
May 10, 2023 12:49:37 AM org.openqa.selenium.devtools.CdpVersionFinder findNearestMatch
WARNING: Unable to find an exact match for CDP version 112, so returning the closest version found: 108
]]></system-err>
  </testcase>
  <testcase name="user tidak bisa login karena menggunakan email yang salah" classname="login" time="6.692">
    <system-out><![CDATA[
@AS04-negative
Scenario: user tidak bisa login karena menggunakan email yang salah &amp#27;[90m# src/test/resources/features/1. Login.feature:32&amp#27;[0m
00:49:44.778 [main] INFO io.cucumber.core.plugin.SerenityReporter - Running feature from file:///C:/Users/HP/Downloads/Mini-Project-QA/ALTASHOP%20WEB%20AUTOMATION/src/test/resources/features/1.%20Login.feature
00:49:44.781 [main] INFO  - 
  _____   ___   ___   _____     ___   _____     _     ___   _____   ___   ___  
 |_   _| | __| / __| |_   _|   / __| |_   _|   /_\   | _ \ |_   _| | __| |   \ 
   | |   | _|  \__ \   | |     \__ \   | |    / _ \  |   /   | |   | _|  | |) |
   |_|   |___| |___/   |_|     |___/   |_|   /_/ \_\ |_|_\   |_|   |___| |___/ 

user tidak bisa login karena menggunakan email yang salah(login;user-tidak-bisa-login-karena-menggunakan-email-yang-salah)
--------------------------------------------------------------------------------
00:49:44.817 [main] DEBUG net.thucydides.core.steps.StepInterceptor - STARTING STEP: LoginRegisterSteps.userBeradaDiHomepageAlta - diHomepageAltaShop
00:49:44.868 [main] INFO net.serenitybdd.core.webdriver.driverproviders.ChromeDriverProvider - Starting Chrome driver instance with capabilities:
00:49:44.868 [main] INFO net.serenitybdd.core.webdriver.driverproviders.ChromeDriverProvider - Capabilities {acceptInsecureCerts: true, browserName: chrome, goog:chromeOptions: {args: [remote-allow-origins=*, test-type, no-sandbox, ignore-certificate-errors, start-maximized, incognito, disable-infobars, disable-gpu, disable-default-apps, disable-popup-blocking, remote-allow-origins=*, test-type, no-sandbox, ignore-certificate-errors, start-maximized, incognito, disable-infobars, disable-gpu, disable-default-apps, disable-popup-blocking], extensions: []}}
00:49:44.952 [AsyncHttpClient-1-11] DEBUG org.asynchttpclient.netty.channel.NettyConnectListener - Using new Channel '[id: 0x02bcbcfa, L:/127.0.0.1:59867 - R:localhost/127.0.0.1:30683]' for 'POST' to '/session'
00:49:45.637 [AsyncHttpClient-1-11] DEBUG org.asynchttpclient.netty.handler.HttpHandler - 

Request DefaultHttpRequest(decodeResult: success, version: HTTP/1.1)
POST /session HTTP/1.1
User-Agent: selenium/4.7.1 (java windows)
Content-Length: 1629
Content-Type: application/json; charset=utf-8
host: localhost:30683
accept: */*

Response DefaultHttpResponse(decodeResult: success, version: HTTP/1.1)
HTTP/1.1 200 OK
Content-Type: application/json; charset=utf-8
cache-control: no-cache
content-length: 854

00:49:45.637 [AsyncHttpClient-1-11] DEBUG org.asynchttpclient.netty.channel.ChannelManager - Adding key: http://localhost:30683 for channel [id: 0x02bcbcfa, L:/127.0.0.1:59867 - R:localhost/127.0.0.1:30683]
00:49:45.652 [AsyncHttpClient-1-12] DEBUG org.asynchttpclient.netty.channel.NettyConnectListener - Using new Channel '[id: 0xd49208cd, L:/127.0.0.1:59874 - R:localhost/127.0.0.1:59868]' for 'GET' to '/json/version'
00:49:45.661 [AsyncHttpClient-1-12] DEBUG org.asynchttpclient.netty.handler.HttpHandler - 

Request DefaultFullHttpRequest(decodeResult: success, version: HTTP/1.1, content: EmptyByteBufBE)
GET /json/version HTTP/1.1
User-Agent: selenium/4.7.1 (java windows)
host: localhost:59868
accept: */*

Response DefaultHttpResponse(decodeResult: success, version: HTTP/1.1)
HTTP/1.1 200 OK
Content-Security-Policy: frame-ancestors 'none'
Content-Type: application/json; charset=UTF-8
content-length: 424

00:49:45.661 [AsyncHttpClient-1-12] DEBUG org.asynchttpclient.netty.channel.ChannelManager - Adding key: http://localhost:59868 for channel [id: 0xd49208cd, L:/127.0.0.1:59874 - R:localhost/127.0.0.1:59868]
00:49:45.667 [AsyncHttpClient-1-13] DEBUG org.asynchttpclient.netty.channel.NettyConnectListener - Using new Channel '[id: 0xfa2a7255, L:/127.0.0.1:59875 - R:localhost/127.0.0.1:59868]' for 'GET' to '/devtools/browser/10c1056b-17fe-40d8-b03c-8810a334b072'
00:49:45.673 [AsyncHttpClient-1-13] DEBUG org.asynchttpclient.netty.handler.WebSocketHandler - 

Request DefaultFullHttpRequest(decodeResult: success, version: HTTP/1.1, content: EmptyByteBufBE)
GET /devtools/browser/10c1056b-17fe-40d8-b03c-8810a334b072 HTTP/1.1
upgrade: websocket
connection: upgrade
sec-websocket-key: 93Fi2Z7SSs8XsZwXUupdaw==
sec-websocket-version: 13
origin: http://localhost:59868
host: localhost:59868
accept: */*
user-agent: AHC/2.1

Response DefaultHttpResponse(decodeResult: success, version: HTTP/1.1)
HTTP/1.1 101 WebSocket Protocol Handshake
Upgrade: WebSocket
Connection: Upgrade
Sec-WebSocket-Accept: HgAqkP5e0rJqnGizF1g1k1C1De0=

00:49:45.683 [Forwarding get on session 2fb3befb8a22108f23ca222e58cb8fb9 to remote] DEBUG org.asynchttpclient.netty.request.NettyRequestSender - Using pooled Channel '[id: 0x02bcbcfa, L:/127.0.0.1:59867 - R:localhost/127.0.0.1:30683]' for 'POST' to 'http://localhost:30683/session/2fb3befb8a22108f23ca222e58cb8fb9/url'
00:49:45.683 [Forwarding get on session 2fb3befb8a22108f23ca222e58cb8fb9 to remote] DEBUG org.asynchttpclient.netty.request.NettyRequestSender - Using open Channel [id: 0x02bcbcfa, L:/127.0.0.1:59867 - R:localhost/127.0.0.1:30683] for POST '/session/2fb3befb8a22108f23ca222e58cb8fb9/url'
00:49:45.730 [AsyncHttpClient-1-1] DEBUG org.asynchttpclient.netty.channel.DefaultChannelPool - Entry count for : http://localhost:5115 : 1
00:49:45.734 [AsyncHttpClient-1-1] DEBUG org.asynchttpclient.netty.channel.DefaultChannelPool - Entry count for : http://localhost:59868 : 1
00:49:45.736 [AsyncHttpClient-1-1] DEBUG org.asynchttpclient.netty.channel.DefaultChannelPool - Adding Candidate expired Channel [id: 0x3b0f0bba, L:/127.0.0.1:59838 ! R:localhost/127.0.0.1:5115] isIdleTimeoutExpired=false isRemotelyClosed=true isTtlExpired=false
00:49:45.737 [AsyncHttpClient-1-1] DEBUG org.asynchttpclient.netty.channel.DefaultChannelPool - Closing Idle Channel [id: 0x3b0f0bba, L:/127.0.0.1:59838 ! R:localhost/127.0.0.1:5115]
00:49:45.737 [AsyncHttpClient-1-1] DEBUG org.asynchttpclient.netty.channel.DefaultChannelPool - Closed 1 connections out of 2 in 3 ms
00:49:46.722 [AsyncHttpClient-1-11] DEBUG org.asynchttpclient.netty.handler.HttpHandler - 

Request DefaultHttpRequest(decodeResult: success, version: HTTP/1.1)
POST /session/2fb3befb8a22108f23ca222e58cb8fb9/url HTTP/1.1
User-Agent: selenium/4.7.1 (java windows)
Content-Length: 59
Content-Type: application/json; charset=utf-8
host: localhost:30683
accept: */*

Response DefaultHttpResponse(decodeResult: success, version: HTTP/1.1)
HTTP/1.1 200 OK
Content-Type: application/json; charset=utf-8
cache-control: no-cache
content-length: 14

00:49:46.722 [AsyncHttpClient-1-11] DEBUG org.asynchttpclient.netty.channel.ChannelManager - Adding key: http://localhost:30683 for channel [id: 0x02bcbcfa, L:/127.0.0.1:59867 - R:localhost/127.0.0.1:30683]
00:49:46.724 [Forwarding setTimeout on session 2fb3befb8a22108f23ca222e58cb8fb9 to remote] DEBUG org.asynchttpclient.netty.request.NettyRequestSender - Using pooled Channel '[id: 0x02bcbcfa, L:/127.0.0.1:59867 - R:localhost/127.0.0.1:30683]' for 'POST' to 'http://localhost:30683/session/2fb3befb8a22108f23ca222e58cb8fb9/timeouts'
00:49:46.724 [Forwarding setTimeout on session 2fb3befb8a22108f23ca222e58cb8fb9 to remote] DEBUG org.asynchttpclient.netty.request.NettyRequestSender - Using open Channel [id: 0x02bcbcfa, L:/127.0.0.1:59867 - R:localhost/127.0.0.1:30683] for POST '/session/2fb3befb8a22108f23ca222e58cb8fb9/timeouts'
00:49:46.725 [AsyncHttpClient-1-11] DEBUG org.asynchttpclient.netty.handler.HttpHandler - 

Request DefaultHttpRequest(decodeResult: success, version: HTTP/1.1)
POST /session/2fb3befb8a22108f23ca222e58cb8fb9/timeouts HTTP/1.1
User-Agent: selenium/4.7.1 (java windows)
Content-Length: 22
Content-Type: application/json; charset=utf-8
host: localhost:30683
accept: */*

Response DefaultHttpResponse(decodeResult: success, version: HTTP/1.1)
HTTP/1.1 200 OK
Content-Type: application/json; charset=utf-8
cache-control: no-cache
content-length: 14

00:49:46.726 [AsyncHttpClient-1-11] DEBUG org.asynchttpclient.netty.channel.ChannelManager - Adding key: http://localhost:30683 for channel [id: 0x02bcbcfa, L:/127.0.0.1:59867 - R:localhost/127.0.0.1:30683]
00:49:46.731 [Forwarding getCurrentUrl on session 2fb3befb8a22108f23ca222e58cb8fb9 to remote] DEBUG org.asynchttpclient.netty.request.NettyRequestSender - Using pooled Channel '[id: 0x02bcbcfa, L:/127.0.0.1:59867 - R:localhost/127.0.0.1:30683]' for 'GET' to 'http://localhost:30683/session/2fb3befb8a22108f23ca222e58cb8fb9/url'
00:49:46.731 [Forwarding getCurrentUrl on session 2fb3befb8a22108f23ca222e58cb8fb9 to remote] DEBUG org.asynchttpclient.netty.request.NettyRequestSender - Using open Channel [id: 0x02bcbcfa, L:/127.0.0.1:59867 - R:localhost/127.0.0.1:30683] for GET '/session/2fb3befb8a22108f23ca222e58cb8fb9/url'
00:49:46.739 [AsyncHttpClient-1-11] DEBUG org.asynchttpclient.netty.handler.HttpHandler - 

Request DefaultFullHttpRequest(decodeResult: success, version: HTTP/1.1, content: EmptyByteBufBE)
GET /session/2fb3befb8a22108f23ca222e58cb8fb9/url HTTP/1.1
User-Agent: selenium/4.7.1 (java windows)
Cache-Control: no-cache
Content-Type: application/json; charset=utf-8
host: localhost:30683
accept: */*

Response DefaultHttpResponse(decodeResult: success, version: HTTP/1.1)
HTTP/1.1 200 OK
Content-Type: application/json; charset=utf-8
cache-control: no-cache
content-length: 41

00:49:46.740 [AsyncHttpClient-1-11] DEBUG org.asynchttpclient.netty.channel.ChannelManager - Adding key: http://localhost:30683 for channel [id: 0x02bcbcfa, L:/127.0.0.1:59867 - R:localhost/127.0.0.1:30683]
00:49:46.745 [Forwarding getCurrentUrl on session 2fb3befb8a22108f23ca222e58cb8fb9 to remote] DEBUG org.asynchttpclient.netty.request.NettyRequestSender - Using pooled Channel '[id: 0x02bcbcfa, L:/127.0.0.1:59867 - R:localhost/127.0.0.1:30683]' for 'GET' to 'http://localhost:30683/session/2fb3befb8a22108f23ca222e58cb8fb9/url'
00:49:46.745 [Forwarding getCurrentUrl on session 2fb3befb8a22108f23ca222e58cb8fb9 to remote] DEBUG org.asynchttpclient.netty.request.NettyRequestSender - Using open Channel [id: 0x02bcbcfa, L:/127.0.0.1:59867 - R:localhost/127.0.0.1:30683] for GET '/session/2fb3befb8a22108f23ca222e58cb8fb9/url'
00:49:46.751 [AsyncHttpClient-1-11] DEBUG org.asynchttpclient.netty.handler.HttpHandler - 

Request DefaultFullHttpRequest(decodeResult: success, version: HTTP/1.1, content: EmptyByteBufBE)
GET /session/2fb3befb8a22108f23ca222e58cb8fb9/url HTTP/1.1
User-Agent: selenium/4.7.1 (java windows)
Cache-Control: no-cache
Content-Type: application/json; charset=utf-8
host: localhost:30683
accept: */*

Response DefaultHttpResponse(decodeResult: success, version: HTTP/1.1)
HTTP/1.1 200 OK
Content-Type: application/json; charset=utf-8
cache-control: no-cache
content-length: 41

00:49:46.751 [AsyncHttpClient-1-11] DEBUG org.asynchttpclient.netty.channel.ChannelManager - Adding key: http://localhost:30683 for channel [id: 0x02bcbcfa, L:/127.0.0.1:59867 - R:localhost/127.0.0.1:30683]
00:49:46.754 [Forwarding findElement on session 2fb3befb8a22108f23ca222e58cb8fb9 to remote] DEBUG org.asynchttpclient.netty.request.NettyRequestSender - Using pooled Channel '[id: 0x02bcbcfa, L:/127.0.0.1:59867 - R:localhost/127.0.0.1:30683]' for 'POST' to 'http://localhost:30683/session/2fb3befb8a22108f23ca222e58cb8fb9/element'
00:49:46.754 [Forwarding findElement on session 2fb3befb8a22108f23ca222e58cb8fb9 to remote] DEBUG org.asynchttpclient.netty.request.NettyRequestSender - Using open Channel [id: 0x02bcbcfa, L:/127.0.0.1:59867 - R:localhost/127.0.0.1:30683] for POST '/session/2fb3befb8a22108f23ca222e58cb8fb9/element'
00:49:46.769 [AsyncHttpClient-1-11] DEBUG org.asynchttpclient.netty.handler.HttpHandler - 

Request DefaultHttpRequest(decodeResult: success, version: HTTP/1.1)
POST /session/2fb3befb8a22108f23ca222e58cb8fb9/element HTTP/1.1
User-Agent: selenium/4.7.1 (java windows)
Content-Length: 108
Content-Type: application/json; charset=utf-8
host: localhost:30683
accept: */*

Response DefaultHttpResponse(decodeResult: success, version: HTTP/1.1)
HTTP/1.1 200 OK
Content-Type: application/json; charset=utf-8
cache-control: no-cache
content-length: 88

00:49:46.770 [AsyncHttpClient-1-11] DEBUG org.asynchttpclient.netty.channel.ChannelManager - Adding key: http://localhost:30683 for channel [id: 0x02bcbcfa, L:/127.0.0.1:59867 - R:localhost/127.0.0.1:30683]
00:49:46.773 [Forwarding isElementDisplayed on session 2fb3befb8a22108f23ca222e58cb8fb9 to remote] DEBUG org.asynchttpclient.netty.request.NettyRequestSender - Using pooled Channel '[id: 0x02bcbcfa, L:/127.0.0.1:59867 - R:localhost/127.0.0.1:30683]' for 'POST' to 'http://localhost:30683/session/2fb3befb8a22108f23ca222e58cb8fb9/execute/sync'
00:49:46.773 [Forwarding isElementDisplayed on session 2fb3befb8a22108f23ca222e58cb8fb9 to remote] DEBUG org.asynchttpclient.netty.request.NettyRequestSender - Using open Channel [id: 0x02bcbcfa, L:/127.0.0.1:59867 - R:localhost/127.0.0.1:30683] for POST '/session/2fb3befb8a22108f23ca222e58cb8fb9/execute/sync'
00:49:46.795 [AsyncHttpClient-1-11] DEBUG org.asynchttpclient.netty.handler.HttpHandler - 

Request DefaultHttpRequest(decodeResult: success, version: HTTP/1.1)
POST /session/2fb3befb8a22108f23ca222e58cb8fb9/execute/sync HTTP/1.1
User-Agent: selenium/4.7.1 (java windows)
Content-Length: 48780
Content-Type: application/json; charset=utf-8
host: localhost:30683
accept: */*

Response DefaultHttpResponse(decodeResult: success, version: HTTP/1.1)
HTTP/1.1 200 OK
Content-Type: application/json; charset=utf-8
cache-control: no-cache
content-length: 14

00:49:46.796 [AsyncHttpClient-1-11] DEBUG org.asynchttpclient.netty.channel.ChannelManager - Adding key: http://localhost:30683 for channel [id: 0x02bcbcfa, L:/127.0.0.1:59867 - R:localhost/127.0.0.1:30683]
00:49:46.799 [Forwarding isElementDisplayed on session 2fb3befb8a22108f23ca222e58cb8fb9 to remote] DEBUG org.asynchttpclient.netty.request.NettyRequestSender - Using pooled Channel '[id: 0x02bcbcfa, L:/127.0.0.1:59867 - R:localhost/127.0.0.1:30683]' for 'POST' to 'http://localhost:30683/session/2fb3befb8a22108f23ca222e58cb8fb9/execute/sync'
00:49:46.799 [Forwarding isElementDisplayed on session 2fb3befb8a22108f23ca222e58cb8fb9 to remote] DEBUG org.asynchttpclient.netty.request.NettyRequestSender - Using open Channel [id: 0x02bcbcfa, L:/127.0.0.1:59867 - R:localhost/127.0.0.1:30683] for POST '/session/2fb3befb8a22108f23ca222e58cb8fb9/execute/sync'
00:49:46.815 [AsyncHttpClient-1-11] DEBUG org.asynchttpclient.netty.handler.HttpHandler - 

Request DefaultHttpRequest(decodeResult: success, version: HTTP/1.1)
POST /session/2fb3befb8a22108f23ca222e58cb8fb9/execute/sync HTTP/1.1
User-Agent: selenium/4.7.1 (java windows)
Content-Length: 48780
Content-Type: application/json; charset=utf-8
host: localhost:30683
accept: */*

Response DefaultHttpResponse(decodeResult: success, version: HTTP/1.1)
HTTP/1.1 200 OK
Content-Type: application/json; charset=utf-8
cache-control: no-cache
content-length: 14

00:49:46.815 [AsyncHttpClient-1-11] DEBUG org.asynchttpclient.netty.channel.ChannelManager - Adding key: http://localhost:30683 for channel [id: 0x02bcbcfa, L:/127.0.0.1:59867 - R:localhost/127.0.0.1:30683]
00:49:46.821 [Forwarding getCurrentWindowHandle on session 2fb3befb8a22108f23ca222e58cb8fb9 to remote] DEBUG org.asynchttpclient.netty.request.NettyRequestSender - Using pooled Channel '[id: 0x02bcbcfa, L:/127.0.0.1:59867 - R:localhost/127.0.0.1:30683]' for 'GET' to 'http://localhost:30683/session/2fb3befb8a22108f23ca222e58cb8fb9/window'
00:49:46.821 [Forwarding getCurrentWindowHandle on session 2fb3befb8a22108f23ca222e58cb8fb9 to remote] DEBUG org.asynchttpclient.netty.request.NettyRequestSender - Using open Channel [id: 0x02bcbcfa, L:/127.0.0.1:59867 - R:localhost/127.0.0.1:30683] for GET '/session/2fb3befb8a22108f23ca222e58cb8fb9/window'
00:49:46.822 [AsyncHttpClient-1-11] DEBUG org.asynchttpclient.netty.handler.HttpHandler - 

Request DefaultFullHttpRequest(decodeResult: success, version: HTTP/1.1, content: EmptyByteBufBE)
GET /session/2fb3befb8a22108f23ca222e58cb8fb9/window HTTP/1.1
User-Agent: selenium/4.7.1 (java windows)
Cache-Control: no-cache
Content-Type: application/json; charset=utf-8
host: localhost:30683
accept: */*

Response DefaultHttpResponse(decodeResult: success, version: HTTP/1.1)
HTTP/1.1 200 OK
Content-Type: application/json; charset=utf-8
cache-control: no-cache
content-length: 44

00:49:46.822 [AsyncHttpClient-1-11] DEBUG org.asynchttpclient.netty.channel.ChannelManager - Adding key: http://localhost:30683 for channel [id: 0x02bcbcfa, L:/127.0.0.1:59867 - R:localhost/127.0.0.1:30683]
00:49:46.824 [Forwarding getAlertText on session 2fb3befb8a22108f23ca222e58cb8fb9 to remote] DEBUG org.asynchttpclient.netty.request.NettyRequestSender - Using pooled Channel '[id: 0x02bcbcfa, L:/127.0.0.1:59867 - R:localhost/127.0.0.1:30683]' for 'GET' to 'http://localhost:30683/session/2fb3befb8a22108f23ca222e58cb8fb9/alert/text'
00:49:46.825 [Forwarding getAlertText on session 2fb3befb8a22108f23ca222e58cb8fb9 to remote] DEBUG org.asynchttpclient.netty.request.NettyRequestSender - Using open Channel [id: 0x02bcbcfa, L:/127.0.0.1:59867 - R:localhost/127.0.0.1:30683] for GET '/session/2fb3befb8a22108f23ca222e58cb8fb9/alert/text'
00:49:46.828 [AsyncHttpClient-1-1] DEBUG org.asynchttpclient.netty.channel.DefaultChannelPool - Entry count for : http://localhost:59868 : 1
00:49:46.830 [AsyncHttpClient-1-11] DEBUG org.asynchttpclient.netty.handler.HttpHandler - 

Request DefaultFullHttpRequest(decodeResult: success, version: HTTP/1.1, content: EmptyByteBufBE)
GET /session/2fb3befb8a22108f23ca222e58cb8fb9/alert/text HTTP/1.1
User-Agent: selenium/4.7.1 (java windows)
Cache-Control: no-cache
Content-Type: application/json; charset=utf-8
host: localhost:30683
accept: */*

Response DefaultHttpResponse(decodeResult: success, version: HTTP/1.1)
HTTP/1.1 404 Not Found
Content-Type: application/json; charset=utf-8
cache-control: no-cache
content-length: 849

00:49:46.831 [AsyncHttpClient-1-11] DEBUG org.asynchttpclient.netty.channel.ChannelManager - Adding key: http://localhost:30683 for channel [id: 0x02bcbcfa, L:/127.0.0.1:59867 - R:localhost/127.0.0.1:30683]
00:49:46.833 [Forwarding switchToWindow on session 2fb3befb8a22108f23ca222e58cb8fb9 to remote] DEBUG org.asynchttpclient.netty.request.NettyRequestSender - Using pooled Channel '[id: 0x02bcbcfa, L:/127.0.0.1:59867 - R:localhost/127.0.0.1:30683]' for 'POST' to 'http://localhost:30683/session/2fb3befb8a22108f23ca222e58cb8fb9/window'
00:49:46.834 [Forwarding switchToWindow on session 2fb3befb8a22108f23ca222e58cb8fb9 to remote] DEBUG org.asynchttpclient.netty.request.NettyRequestSender - Using open Channel [id: 0x02bcbcfa, L:/127.0.0.1:59867 - R:localhost/127.0.0.1:30683] for POST '/session/2fb3befb8a22108f23ca222e58cb8fb9/window'
00:49:46.835 [AsyncHttpClient-1-11] DEBUG org.asynchttpclient.netty.handler.HttpHandler - 

Request DefaultHttpRequest(decodeResult: success, version: HTTP/1.1)
POST /session/2fb3befb8a22108f23ca222e58cb8fb9/window HTTP/1.1
User-Agent: selenium/4.7.1 (java windows)
Content-Length: 50
Content-Type: application/json; charset=utf-8
host: localhost:30683
accept: */*

Response DefaultHttpResponse(decodeResult: success, version: HTTP/1.1)
HTTP/1.1 200 OK
Content-Type: application/json; charset=utf-8
cache-control: no-cache
content-length: 14

00:49:46.836 [AsyncHttpClient-1-11] DEBUG org.asynchttpclient.netty.channel.ChannelManager - Adding key: http://localhost:30683 for channel [id: 0x02bcbcfa, L:/127.0.0.1:59867 - R:localhost/127.0.0.1:30683]
00:49:46.836 [Forwarding getCurrentUrl on session 2fb3befb8a22108f23ca222e58cb8fb9 to remote] DEBUG org.asynchttpclient.netty.request.NettyRequestSender - Using pooled Channel '[id: 0x02bcbcfa, L:/127.0.0.1:59867 - R:localhost/127.0.0.1:30683]' for 'GET' to 'http://localhost:30683/session/2fb3befb8a22108f23ca222e58cb8fb9/url'
00:49:46.836 [Forwarding getCurrentUrl on session 2fb3befb8a22108f23ca222e58cb8fb9 to remote] DEBUG org.asynchttpclient.netty.request.NettyRequestSender - Using open Channel [id: 0x02bcbcfa, L:/127.0.0.1:59867 - R:localhost/127.0.0.1:30683] for GET '/session/2fb3befb8a22108f23ca222e58cb8fb9/url'
00:49:46.840 [AsyncHttpClient-1-11] DEBUG org.asynchttpclient.netty.handler.HttpHandler - 

Request DefaultFullHttpRequest(decodeResult: success, version: HTTP/1.1, content: EmptyByteBufBE)
GET /session/2fb3befb8a22108f23ca222e58cb8fb9/url HTTP/1.1
User-Agent: selenium/4.7.1 (java windows)
Cache-Control: no-cache
Content-Type: application/json; charset=utf-8
host: localhost:30683
accept: */*

Response DefaultHttpResponse(decodeResult: success, version: HTTP/1.1)
HTTP/1.1 200 OK
Content-Type: application/json; charset=utf-8
cache-control: no-cache
content-length: 41

00:49:46.840 [AsyncHttpClient-1-11] DEBUG org.asynchttpclient.netty.channel.ChannelManager - Adding key: http://localhost:30683 for channel [id: 0x02bcbcfa, L:/127.0.0.1:59867 - R:localhost/127.0.0.1:30683]
00:49:46.842 [Forwarding screenshot on session 2fb3befb8a22108f23ca222e58cb8fb9 to remote] DEBUG org.asynchttpclient.netty.request.NettyRequestSender - Using pooled Channel '[id: 0x02bcbcfa, L:/127.0.0.1:59867 - R:localhost/127.0.0.1:30683]' for 'GET' to 'http://localhost:30683/session/2fb3befb8a22108f23ca222e58cb8fb9/screenshot'
00:49:46.842 [Forwarding screenshot on session 2fb3befb8a22108f23ca222e58cb8fb9 to remote] DEBUG org.asynchttpclient.netty.request.NettyRequestSender - Using open Channel [id: 0x02bcbcfa, L:/127.0.0.1:59867 - R:localhost/127.0.0.1:30683] for GET '/session/2fb3befb8a22108f23ca222e58cb8fb9/screenshot'
00:49:47.934 [AsyncHttpClient-1-1] DEBUG org.asynchttpclient.netty.channel.DefaultChannelPool - Entry count for : http://localhost:59868 : 1
00:49:49.032 [AsyncHttpClient-1-1] DEBUG org.asynchttpclient.netty.channel.DefaultChannelPool - Entry count for : http://localhost:59868 : 1
00:49:49.335 [AsyncHttpClient-1-11] DEBUG org.asynchttpclient.netty.handler.HttpHandler - 

Request DefaultFullHttpRequest(decodeResult: success, version: HTTP/1.1, content: EmptyByteBufBE)
GET /session/2fb3befb8a22108f23ca222e58cb8fb9/screenshot HTTP/1.1
User-Agent: selenium/4.7.1 (java windows)
Cache-Control: no-cache
Content-Type: application/json; charset=utf-8
host: localhost:30683
accept: */*

Response DefaultHttpResponse(decodeResult: success, version: HTTP/1.1)
HTTP/1.1 200 OK
Content-Type: application/json; charset=utf-8
cache-control: no-cache
content-length: 92700

00:49:49.335 [AsyncHttpClient-1-11] DEBUG org.asynchttpclient.netty.channel.ChannelManager - Adding key: http://localhost:30683 for channel [id: 0x02bcbcfa, L:/127.0.0.1:59867 - R:localhost/127.0.0.1:30683]
00:49:49.339 [main] DEBUG net.serenitybdd.core.photography.Darkroom - Send negative for processing for target\site\serenity\07df31fe5a4ce387b976f6ad0a338612bfd946142790bc2867c78f6597d96b36.png
00:49:49.339 [main] DEBUG net.thucydides.core.steps.StepInterceptor - STEP DONE: diHomepageAltaShop
  &amp#27;[32mGiven &amp#27;[0m&amp#27;[32muser berada di Homepage AltaShop&amp#27;[0m                            &amp#27;[90m# starter.stepdefinitions.LoginRegisterSteps.userBeradaDiHomepageAlta()&amp#27;[0m
00:49:49.348 [main] DEBUG net.thucydides.core.steps.StepInterceptor - STARTING STEP: LoginRegisterSteps.userKlikButtonLogin - klikButtonLogin
00:49:49.350 [Forwarding findElement on session 2fb3befb8a22108f23ca222e58cb8fb9 to remote] DEBUG org.asynchttpclient.netty.request.NettyRequestSender - Using pooled Channel '[id: 0x02bcbcfa, L:/127.0.0.1:59867 - R:localhost/127.0.0.1:30683]' for 'POST' to 'http://localhost:30683/session/2fb3befb8a22108f23ca222e58cb8fb9/element'
00:49:49.350 [Forwarding findElement on session 2fb3befb8a22108f23ca222e58cb8fb9 to remote] DEBUG org.asynchttpclient.netty.request.NettyRequestSender - Using open Channel [id: 0x02bcbcfa, L:/127.0.0.1:59867 - R:localhost/127.0.0.1:30683] for POST '/session/2fb3befb8a22108f23ca222e58cb8fb9/element'
00:49:49.367 [AsyncHttpClient-1-11] DEBUG org.asynchttpclient.netty.handler.HttpHandler - 

Request DefaultHttpRequest(decodeResult: success, version: HTTP/1.1)
POST /session/2fb3befb8a22108f23ca222e58cb8fb9/element HTTP/1.1
User-Agent: selenium/4.7.1 (java windows)
Content-Length: 108
Content-Type: application/json; charset=utf-8
host: localhost:30683
accept: */*

Response DefaultHttpResponse(decodeResult: success, version: HTTP/1.1)
HTTP/1.1 200 OK
Content-Type: application/json; charset=utf-8
cache-control: no-cache
content-length: 88

00:49:49.368 [AsyncHttpClient-1-11] DEBUG org.asynchttpclient.netty.channel.ChannelManager - Adding key: http://localhost:30683 for channel [id: 0x02bcbcfa, L:/127.0.0.1:59867 - R:localhost/127.0.0.1:30683]
00:49:49.369 [Forwarding getElementTagName on session 2fb3befb8a22108f23ca222e58cb8fb9 to remote] DEBUG org.asynchttpclient.netty.request.NettyRequestSender - Using pooled Channel '[id: 0x02bcbcfa, L:/127.0.0.1:59867 - R:localhost/127.0.0.1:30683]' for 'GET' to 'http://localhost:30683/session/2fb3befb8a22108f23ca222e58cb8fb9/element/f17300ec-e842-40ef-bd72-384c4614f294/name'
00:49:49.369 [Forwarding getElementTagName on session 2fb3befb8a22108f23ca222e58cb8fb9 to remote] DEBUG org.asynchttpclient.netty.request.NettyRequestSender - Using open Channel [id: 0x02bcbcfa, L:/127.0.0.1:59867 - R:localhost/127.0.0.1:30683] for GET '/session/2fb3befb8a22108f23ca222e58cb8fb9/element/f17300ec-e842-40ef-bd72-384c4614f294/name'
00:49:49.373 [AsyncHttpClient-1-11] DEBUG org.asynchttpclient.netty.handler.HttpHandler - 

Request DefaultFullHttpRequest(decodeResult: success, version: HTTP/1.1, content: EmptyByteBufBE)
GET /session/2fb3befb8a22108f23ca222e58cb8fb9/element/f17300ec-e842-40ef-bd72-384c4614f294/name HTTP/1.1
User-Agent: selenium/4.7.1 (java windows)
Cache-Control: no-cache
Content-Type: application/json; charset=utf-8
host: localhost:30683
accept: */*

Response DefaultHttpResponse(decodeResult: success, version: HTTP/1.1)
HTTP/1.1 200 OK
Content-Type: application/json; charset=utf-8
cache-control: no-cache
content-length: 18

00:49:49.373 [AsyncHttpClient-1-11] DEBUG org.asynchttpclient.netty.channel.ChannelManager - Adding key: http://localhost:30683 for channel [id: 0x02bcbcfa, L:/127.0.0.1:59867 - R:localhost/127.0.0.1:30683]
00:49:49.374 [Forwarding getElementTagName on session 2fb3befb8a22108f23ca222e58cb8fb9 to remote] DEBUG org.asynchttpclient.netty.request.NettyRequestSender - Using pooled Channel '[id: 0x02bcbcfa, L:/127.0.0.1:59867 - R:localhost/127.0.0.1:30683]' for 'GET' to 'http://localhost:30683/session/2fb3befb8a22108f23ca222e58cb8fb9/element/f17300ec-e842-40ef-bd72-384c4614f294/name'
00:49:49.374 [Forwarding getElementTagName on session 2fb3befb8a22108f23ca222e58cb8fb9 to remote] DEBUG org.asynchttpclient.netty.request.NettyRequestSender - Using open Channel [id: 0x02bcbcfa, L:/127.0.0.1:59867 - R:localhost/127.0.0.1:30683] for GET '/session/2fb3befb8a22108f23ca222e58cb8fb9/element/f17300ec-e842-40ef-bd72-384c4614f294/name'
00:49:49.377 [AsyncHttpClient-1-11] DEBUG org.asynchttpclient.netty.handler.HttpHandler - 

Request DefaultFullHttpRequest(decodeResult: success, version: HTTP/1.1, content: EmptyByteBufBE)
GET /session/2fb3befb8a22108f23ca222e58cb8fb9/element/f17300ec-e842-40ef-bd72-384c4614f294/name HTTP/1.1
User-Agent: selenium/4.7.1 (java windows)
Cache-Control: no-cache
Content-Type: application/json; charset=utf-8
host: localhost:30683
accept: */*

Response DefaultHttpResponse(decodeResult: success, version: HTTP/1.1)
HTTP/1.1 200 OK
Content-Type: application/json; charset=utf-8
cache-control: no-cache
content-length: 18

00:49:49.377 [AsyncHttpClient-1-11] DEBUG org.asynchttpclient.netty.channel.ChannelManager - Adding key: http://localhost:30683 for channel [id: 0x02bcbcfa, L:/127.0.0.1:59867 - R:localhost/127.0.0.1:30683]
00:49:49.379 [Forwarding isElementEnabled on session 2fb3befb8a22108f23ca222e58cb8fb9 to remote] DEBUG org.asynchttpclient.netty.request.NettyRequestSender - Using pooled Channel '[id: 0x02bcbcfa, L:/127.0.0.1:59867 - R:localhost/127.0.0.1:30683]' for 'GET' to 'http://localhost:30683/session/2fb3befb8a22108f23ca222e58cb8fb9/element/f17300ec-e842-40ef-bd72-384c4614f294/enabled'
00:49:49.379 [Forwarding isElementEnabled on session 2fb3befb8a22108f23ca222e58cb8fb9 to remote] DEBUG org.asynchttpclient.netty.request.NettyRequestSender - Using open Channel [id: 0x02bcbcfa, L:/127.0.0.1:59867 - R:localhost/127.0.0.1:30683] for GET '/session/2fb3befb8a22108f23ca222e58cb8fb9/element/f17300ec-e842-40ef-bd72-384c4614f294/enabled'
00:49:49.387 [AsyncHttpClient-1-11] DEBUG org.asynchttpclient.netty.handler.HttpHandler - 

Request DefaultFullHttpRequest(decodeResult: success, version: HTTP/1.1, content: EmptyByteBufBE)
GET /session/2fb3befb8a22108f23ca222e58cb8fb9/element/f17300ec-e842-40ef-bd72-384c4614f294/enabled HTTP/1.1
User-Agent: selenium/4.7.1 (java windows)
Cache-Control: no-cache
Content-Type: application/json; charset=utf-8
host: localhost:30683
accept: */*

Response DefaultHttpResponse(decodeResult: success, version: HTTP/1.1)
HTTP/1.1 200 OK
Content-Type: application/json; charset=utf-8
cache-control: no-cache
content-length: 14

00:49:49.387 [AsyncHttpClient-1-11] DEBUG org.asynchttpclient.netty.channel.ChannelManager - Adding key: http://localhost:30683 for channel [id: 0x02bcbcfa, L:/127.0.0.1:59867 - R:localhost/127.0.0.1:30683]
00:49:49.388 [Forwarding isElementEnabled on session 2fb3befb8a22108f23ca222e58cb8fb9 to remote] DEBUG org.asynchttpclient.netty.request.NettyRequestSender - Using pooled Channel '[id: 0x02bcbcfa, L:/127.0.0.1:59867 - R:localhost/127.0.0.1:30683]' for 'GET' to 'http://localhost:30683/session/2fb3befb8a22108f23ca222e58cb8fb9/element/f17300ec-e842-40ef-bd72-384c4614f294/enabled'
00:49:49.388 [Forwarding isElementEnabled on session 2fb3befb8a22108f23ca222e58cb8fb9 to remote] DEBUG org.asynchttpclient.netty.request.NettyRequestSender - Using open Channel [id: 0x02bcbcfa, L:/127.0.0.1:59867 - R:localhost/127.0.0.1:30683] for GET '/session/2fb3befb8a22108f23ca222e58cb8fb9/element/f17300ec-e842-40ef-bd72-384c4614f294/enabled'
00:49:49.393 [AsyncHttpClient-1-11] DEBUG org.asynchttpclient.netty.handler.HttpHandler - 

Request DefaultFullHttpRequest(decodeResult: success, version: HTTP/1.1, content: EmptyByteBufBE)
GET /session/2fb3befb8a22108f23ca222e58cb8fb9/element/f17300ec-e842-40ef-bd72-384c4614f294/enabled HTTP/1.1
User-Agent: selenium/4.7.1 (java windows)
Cache-Control: no-cache
Content-Type: application/json; charset=utf-8
host: localhost:30683
accept: */*

Response DefaultHttpResponse(decodeResult: success, version: HTTP/1.1)
HTTP/1.1 200 OK
Content-Type: application/json; charset=utf-8
cache-control: no-cache
content-length: 14

00:49:49.393 [AsyncHttpClient-1-11] DEBUG org.asynchttpclient.netty.channel.ChannelManager - Adding key: http://localhost:30683 for channel [id: 0x02bcbcfa, L:/127.0.0.1:59867 - R:localhost/127.0.0.1:30683]
00:49:49.397 [Forwarding findElement on session 2fb3befb8a22108f23ca222e58cb8fb9 to remote] DEBUG org.asynchttpclient.netty.request.NettyRequestSender - Using pooled Channel '[id: 0x02bcbcfa, L:/127.0.0.1:59867 - R:localhost/127.0.0.1:30683]' for 'POST' to 'http://localhost:30683/session/2fb3befb8a22108f23ca222e58cb8fb9/element'
00:49:49.397 [Forwarding findElement on session 2fb3befb8a22108f23ca222e58cb8fb9 to remote] DEBUG org.asynchttpclient.netty.request.NettyRequestSender - Using open Channel [id: 0x02bcbcfa, L:/127.0.0.1:59867 - R:localhost/127.0.0.1:30683] for POST '/session/2fb3befb8a22108f23ca222e58cb8fb9/element'
00:49:49.414 [AsyncHttpClient-1-11] DEBUG org.asynchttpclient.netty.handler.HttpHandler - 

Request DefaultHttpRequest(decodeResult: success, version: HTTP/1.1)
POST /session/2fb3befb8a22108f23ca222e58cb8fb9/element HTTP/1.1
User-Agent: selenium/4.7.1 (java windows)
Content-Length: 108
Content-Type: application/json; charset=utf-8
host: localhost:30683
accept: */*

Response DefaultHttpResponse(decodeResult: success, version: HTTP/1.1)
HTTP/1.1 200 OK
Content-Type: application/json; charset=utf-8
cache-control: no-cache
content-length: 88

00:49:49.414 [AsyncHttpClient-1-11] DEBUG org.asynchttpclient.netty.channel.ChannelManager - Adding key: http://localhost:30683 for channel [id: 0x02bcbcfa, L:/127.0.0.1:59867 - R:localhost/127.0.0.1:30683]
00:49:49.423 [Forwarding clickElement on session 2fb3befb8a22108f23ca222e58cb8fb9 to remote] DEBUG org.asynchttpclient.netty.request.NettyRequestSender - Using pooled Channel '[id: 0x02bcbcfa, L:/127.0.0.1:59867 - R:localhost/127.0.0.1:30683]' for 'POST' to 'http://localhost:30683/session/2fb3befb8a22108f23ca222e58cb8fb9/element/f17300ec-e842-40ef-bd72-384c4614f294/click'
00:49:49.423 [Forwarding clickElement on session 2fb3befb8a22108f23ca222e58cb8fb9 to remote] DEBUG org.asynchttpclient.netty.request.NettyRequestSender - Using open Channel [id: 0x02bcbcfa, L:/127.0.0.1:59867 - R:localhost/127.0.0.1:30683] for POST '/session/2fb3befb8a22108f23ca222e58cb8fb9/element/f17300ec-e842-40ef-bd72-384c4614f294/click'
00:49:49.487 [AsyncHttpClient-1-11] DEBUG org.asynchttpclient.netty.handler.HttpHandler - 

Request DefaultHttpRequest(decodeResult: success, version: HTTP/1.1)
POST /session/2fb3befb8a22108f23ca222e58cb8fb9/element/f17300ec-e842-40ef-bd72-384c4614f294/click HTTP/1.1
User-Agent: selenium/4.7.1 (java windows)
Content-Length: 50
Content-Type: application/json; charset=utf-8
host: localhost:30683
accept: */*

Response DefaultHttpResponse(decodeResult: success, version: HTTP/1.1)
HTTP/1.1 200 OK
Content-Type: application/json; charset=utf-8
cache-control: no-cache
content-length: 14

00:49:49.487 [AsyncHttpClient-1-11] DEBUG org.asynchttpclient.netty.channel.ChannelManager - Adding key: http://localhost:30683 for channel [id: 0x02bcbcfa, L:/127.0.0.1:59867 - R:localhost/127.0.0.1:30683]
00:49:49.497 [Forwarding getCurrentWindowHandle on session 2fb3befb8a22108f23ca222e58cb8fb9 to remote] DEBUG org.asynchttpclient.netty.request.NettyRequestSender - Using pooled Channel '[id: 0x02bcbcfa, L:/127.0.0.1:59867 - R:localhost/127.0.0.1:30683]' for 'GET' to 'http://localhost:30683/session/2fb3befb8a22108f23ca222e58cb8fb9/window'
00:49:49.497 [Forwarding getCurrentWindowHandle on session 2fb3befb8a22108f23ca222e58cb8fb9 to remote] DEBUG org.asynchttpclient.netty.request.NettyRequestSender - Using open Channel [id: 0x02bcbcfa, L:/127.0.0.1:59867 - R:localhost/127.0.0.1:30683] for GET '/session/2fb3befb8a22108f23ca222e58cb8fb9/window'
00:49:49.498 [AsyncHttpClient-1-11] DEBUG org.asynchttpclient.netty.handler.HttpHandler - 

Request DefaultFullHttpRequest(decodeResult: success, version: HTTP/1.1, content: EmptyByteBufBE)
GET /session/2fb3befb8a22108f23ca222e58cb8fb9/window HTTP/1.1
User-Agent: selenium/4.7.1 (java windows)
Cache-Control: no-cache
Content-Type: application/json; charset=utf-8
host: localhost:30683
accept: */*

Response DefaultHttpResponse(decodeResult: success, version: HTTP/1.1)
HTTP/1.1 200 OK
Content-Type: application/json; charset=utf-8
cache-control: no-cache
content-length: 44

00:49:49.498 [AsyncHttpClient-1-11] DEBUG org.asynchttpclient.netty.channel.ChannelManager - Adding key: http://localhost:30683 for channel [id: 0x02bcbcfa, L:/127.0.0.1:59867 - R:localhost/127.0.0.1:30683]
00:49:49.500 [Forwarding getAlertText on session 2fb3befb8a22108f23ca222e58cb8fb9 to remote] DEBUG org.asynchttpclient.netty.request.NettyRequestSender - Using pooled Channel '[id: 0x02bcbcfa, L:/127.0.0.1:59867 - R:localhost/127.0.0.1:30683]' for 'GET' to 'http://localhost:30683/session/2fb3befb8a22108f23ca222e58cb8fb9/alert/text'
00:49:49.500 [Forwarding getAlertText on session 2fb3befb8a22108f23ca222e58cb8fb9 to remote] DEBUG org.asynchttpclient.netty.request.NettyRequestSender - Using open Channel [id: 0x02bcbcfa, L:/127.0.0.1:59867 - R:localhost/127.0.0.1:30683] for GET '/session/2fb3befb8a22108f23ca222e58cb8fb9/alert/text'
00:49:49.719 [AsyncHttpClient-1-11] DEBUG org.asynchttpclient.netty.handler.HttpHandler - 

Request DefaultFullHttpRequest(decodeResult: success, version: HTTP/1.1, content: EmptyByteBufBE)
GET /session/2fb3befb8a22108f23ca222e58cb8fb9/alert/text HTTP/1.1
User-Agent: selenium/4.7.1 (java windows)
Cache-Control: no-cache
Content-Type: application/json; charset=utf-8
host: localhost:30683
accept: */*

Response DefaultHttpResponse(decodeResult: success, version: HTTP/1.1)
HTTP/1.1 404 Not Found
Content-Type: application/json; charset=utf-8
cache-control: no-cache
content-length: 849

00:49:49.719 [AsyncHttpClient-1-11] DEBUG org.asynchttpclient.netty.channel.ChannelManager - Adding key: http://localhost:30683 for channel [id: 0x02bcbcfa, L:/127.0.0.1:59867 - R:localhost/127.0.0.1:30683]
00:49:49.721 [Forwarding switchToWindow on session 2fb3befb8a22108f23ca222e58cb8fb9 to remote] DEBUG org.asynchttpclient.netty.request.NettyRequestSender - Using pooled Channel '[id: 0x02bcbcfa, L:/127.0.0.1:59867 - R:localhost/127.0.0.1:30683]' for 'POST' to 'http://localhost:30683/session/2fb3befb8a22108f23ca222e58cb8fb9/window'
00:49:49.721 [Forwarding switchToWindow on session 2fb3befb8a22108f23ca222e58cb8fb9 to remote] DEBUG org.asynchttpclient.netty.request.NettyRequestSender - Using open Channel [id: 0x02bcbcfa, L:/127.0.0.1:59867 - R:localhost/127.0.0.1:30683] for POST '/session/2fb3befb8a22108f23ca222e58cb8fb9/window'
00:49:49.723 [AsyncHttpClient-1-11] DEBUG org.asynchttpclient.netty.handler.HttpHandler - 

Request DefaultHttpRequest(decodeResult: success, version: HTTP/1.1)
POST /session/2fb3befb8a22108f23ca222e58cb8fb9/window HTTP/1.1
User-Agent: selenium/4.7.1 (java windows)
Content-Length: 50
Content-Type: application/json; charset=utf-8
host: localhost:30683
accept: */*

Response DefaultHttpResponse(decodeResult: success, version: HTTP/1.1)
HTTP/1.1 200 OK
Content-Type: application/json; charset=utf-8
cache-control: no-cache
content-length: 14

00:49:49.723 [AsyncHttpClient-1-11] DEBUG org.asynchttpclient.netty.channel.ChannelManager - Adding key: http://localhost:30683 for channel [id: 0x02bcbcfa, L:/127.0.0.1:59867 - R:localhost/127.0.0.1:30683]
00:49:49.724 [Forwarding getCurrentUrl on session 2fb3befb8a22108f23ca222e58cb8fb9 to remote] DEBUG org.asynchttpclient.netty.request.NettyRequestSender - Using pooled Channel '[id: 0x02bcbcfa, L:/127.0.0.1:59867 - R:localhost/127.0.0.1:30683]' for 'GET' to 'http://localhost:30683/session/2fb3befb8a22108f23ca222e58cb8fb9/url'
00:49:49.724 [Forwarding getCurrentUrl on session 2fb3befb8a22108f23ca222e58cb8fb9 to remote] DEBUG org.asynchttpclient.netty.request.NettyRequestSender - Using open Channel [id: 0x02bcbcfa, L:/127.0.0.1:59867 - R:localhost/127.0.0.1:30683] for GET '/session/2fb3befb8a22108f23ca222e58cb8fb9/url'
00:49:49.731 [AsyncHttpClient-1-11] DEBUG org.asynchttpclient.netty.handler.HttpHandler - 

Request DefaultFullHttpRequest(decodeResult: success, version: HTTP/1.1, content: EmptyByteBufBE)
GET /session/2fb3befb8a22108f23ca222e58cb8fb9/url HTTP/1.1
User-Agent: selenium/4.7.1 (java windows)
Cache-Control: no-cache
Content-Type: application/json; charset=utf-8
host: localhost:30683
accept: */*

Response DefaultHttpResponse(decodeResult: success, version: HTTP/1.1)
HTTP/1.1 200 OK
Content-Type: application/json; charset=utf-8
cache-control: no-cache
content-length: 51

00:49:49.731 [AsyncHttpClient-1-11] DEBUG org.asynchttpclient.netty.channel.ChannelManager - Adding key: http://localhost:30683 for channel [id: 0x02bcbcfa, L:/127.0.0.1:59867 - R:localhost/127.0.0.1:30683]
00:49:49.732 [Forwarding screenshot on session 2fb3befb8a22108f23ca222e58cb8fb9 to remote] DEBUG org.asynchttpclient.netty.request.NettyRequestSender - Using pooled Channel '[id: 0x02bcbcfa, L:/127.0.0.1:59867 - R:localhost/127.0.0.1:30683]' for 'GET' to 'http://localhost:30683/session/2fb3befb8a22108f23ca222e58cb8fb9/screenshot'
00:49:49.733 [Forwarding screenshot on session 2fb3befb8a22108f23ca222e58cb8fb9 to remote] DEBUG org.asynchttpclient.netty.request.NettyRequestSender - Using open Channel [id: 0x02bcbcfa, L:/127.0.0.1:59867 - R:localhost/127.0.0.1:30683] for GET '/session/2fb3befb8a22108f23ca222e58cb8fb9/screenshot'
00:49:49.856 [AsyncHttpClient-1-11] DEBUG org.asynchttpclient.netty.handler.HttpHandler - 

Request DefaultFullHttpRequest(decodeResult: success, version: HTTP/1.1, content: EmptyByteBufBE)
GET /session/2fb3befb8a22108f23ca222e58cb8fb9/screenshot HTTP/1.1
User-Agent: selenium/4.7.1 (java windows)
Cache-Control: no-cache
Content-Type: application/json; charset=utf-8
host: localhost:30683
accept: */*

Response DefaultHttpResponse(decodeResult: success, version: HTTP/1.1)
HTTP/1.1 200 OK
Content-Type: application/json; charset=utf-8
cache-control: no-cache
content-length: 26172

00:49:49.856 [AsyncHttpClient-1-11] DEBUG org.asynchttpclient.netty.channel.ChannelManager - Adding key: http://localhost:30683 for channel [id: 0x02bcbcfa, L:/127.0.0.1:59867 - R:localhost/127.0.0.1:30683]
00:49:49.859 [main] DEBUG net.serenitybdd.core.photography.Darkroom - Send negative for processing for target\site\serenity\f035198f28bcaf95684f4b1a3b9e5d031fc0873bb044f55c4913aef571773aa0.png
00:49:49.859 [main] DEBUG net.thucydides.core.steps.StepInterceptor - STEP DONE: klikButtonLogin
  &amp#27;[32mWhen &amp#27;[0m&amp#27;[32muser klik button login&amp#27;[0m                                       &amp#27;[90m# starter.stepdefinitions.LoginRegisterSteps.userKlikButtonLogin()&amp#27;[0m
00:49:49.869 [main] DEBUG net.thucydides.core.steps.StepInterceptor - STARTING STEP: LoginRegisterSteps.userInputEmailInvalid - inputEmail
00:49:49.871 [Forwarding findElement on session 2fb3befb8a22108f23ca222e58cb8fb9 to remote] DEBUG org.asynchttpclient.netty.request.NettyRequestSender - Using pooled Channel '[id: 0x02bcbcfa, L:/127.0.0.1:59867 - R:localhost/127.0.0.1:30683]' for 'POST' to 'http://localhost:30683/session/2fb3befb8a22108f23ca222e58cb8fb9/element'
00:49:49.871 [Forwarding findElement on session 2fb3befb8a22108f23ca222e58cb8fb9 to remote] DEBUG org.asynchttpclient.netty.request.NettyRequestSender - Using open Channel [id: 0x02bcbcfa, L:/127.0.0.1:59867 - R:localhost/127.0.0.1:30683] for POST '/session/2fb3befb8a22108f23ca222e58cb8fb9/element'
00:49:49.886 [AsyncHttpClient-1-11] DEBUG org.asynchttpclient.netty.handler.HttpHandler - 

Request DefaultHttpRequest(decodeResult: success, version: HTTP/1.1)
POST /session/2fb3befb8a22108f23ca222e58cb8fb9/element HTTP/1.1
User-Agent: selenium/4.7.1 (java windows)
Content-Length: 187
Content-Type: application/json; charset=utf-8
host: localhost:30683
accept: */*

Response DefaultHttpResponse(decodeResult: success, version: HTTP/1.1)
HTTP/1.1 200 OK
Content-Type: application/json; charset=utf-8
cache-control: no-cache
content-length: 88

00:49:49.886 [AsyncHttpClient-1-11] DEBUG org.asynchttpclient.netty.channel.ChannelManager - Adding key: http://localhost:30683 for channel [id: 0x02bcbcfa, L:/127.0.0.1:59867 - R:localhost/127.0.0.1:30683]
00:49:49.887 [Forwarding clearElement on session 2fb3befb8a22108f23ca222e58cb8fb9 to remote] DEBUG org.asynchttpclient.netty.request.NettyRequestSender - Using pooled Channel '[id: 0x02bcbcfa, L:/127.0.0.1:59867 - R:localhost/127.0.0.1:30683]' for 'POST' to 'http://localhost:30683/session/2fb3befb8a22108f23ca222e58cb8fb9/element/d07173e8-ba7c-4473-bac8-bb742092d7fb/clear'
00:49:49.887 [Forwarding clearElement on session 2fb3befb8a22108f23ca222e58cb8fb9 to remote] DEBUG org.asynchttpclient.netty.request.NettyRequestSender - Using open Channel [id: 0x02bcbcfa, L:/127.0.0.1:59867 - R:localhost/127.0.0.1:30683] for POST '/session/2fb3befb8a22108f23ca222e58cb8fb9/element/d07173e8-ba7c-4473-bac8-bb742092d7fb/clear'
00:49:49.923 [AsyncHttpClient-1-11] DEBUG org.asynchttpclient.netty.handler.HttpHandler - 

Request DefaultHttpRequest(decodeResult: success, version: HTTP/1.1)
POST /session/2fb3befb8a22108f23ca222e58cb8fb9/element/d07173e8-ba7c-4473-bac8-bb742092d7fb/clear HTTP/1.1
User-Agent: selenium/4.7.1 (java windows)
Content-Length: 50
Content-Type: application/json; charset=utf-8
host: localhost:30683
accept: */*

Response DefaultHttpResponse(decodeResult: success, version: HTTP/1.1)
HTTP/1.1 200 OK
Content-Type: application/json; charset=utf-8
cache-control: no-cache
content-length: 14

00:49:49.923 [AsyncHttpClient-1-11] DEBUG org.asynchttpclient.netty.channel.ChannelManager - Adding key: http://localhost:30683 for channel [id: 0x02bcbcfa, L:/127.0.0.1:59867 - R:localhost/127.0.0.1:30683]
00:49:49.925 [Forwarding sendKeysToElement on session 2fb3befb8a22108f23ca222e58cb8fb9 to remote] DEBUG org.asynchttpclient.netty.request.NettyRequestSender - Using pooled Channel '[id: 0x02bcbcfa, L:/127.0.0.1:59867 - R:localhost/127.0.0.1:30683]' for 'POST' to 'http://localhost:30683/session/2fb3befb8a22108f23ca222e58cb8fb9/element/d07173e8-ba7c-4473-bac8-bb742092d7fb/value'
00:49:49.925 [Forwarding sendKeysToElement on session 2fb3befb8a22108f23ca222e58cb8fb9 to remote] DEBUG org.asynchttpclient.netty.request.NettyRequestSender - Using open Channel [id: 0x02bcbcfa, L:/127.0.0.1:59867 - R:localhost/127.0.0.1:30683] for POST '/session/2fb3befb8a22108f23ca222e58cb8fb9/element/d07173e8-ba7c-4473-bac8-bb742092d7fb/value'
00:49:50.030 [AsyncHttpClient-1-11] DEBUG org.asynchttpclient.netty.handler.HttpHandler - 

Request DefaultHttpRequest(decodeResult: success, version: HTTP/1.1)
POST /session/2fb3befb8a22108f23ca222e58cb8fb9/element/d07173e8-ba7c-4473-bac8-bb742092d7fb/value HTTP/1.1
User-Agent: selenium/4.7.1 (java windows)
Content-Length: 231
Content-Type: application/json; charset=utf-8
host: localhost:30683
accept: */*

Response DefaultHttpResponse(decodeResult: success, version: HTTP/1.1)
HTTP/1.1 200 OK
Content-Type: application/json; charset=utf-8
cache-control: no-cache
content-length: 14

00:49:50.030 [AsyncHttpClient-1-11] DEBUG org.asynchttpclient.netty.channel.ChannelManager - Adding key: http://localhost:30683 for channel [id: 0x02bcbcfa, L:/127.0.0.1:59867 - R:localhost/127.0.0.1:30683]
00:49:50.037 [Forwarding getCurrentWindowHandle on session 2fb3befb8a22108f23ca222e58cb8fb9 to remote] DEBUG org.asynchttpclient.netty.request.NettyRequestSender - Using pooled Channel '[id: 0x02bcbcfa, L:/127.0.0.1:59867 - R:localhost/127.0.0.1:30683]' for 'GET' to 'http://localhost:30683/session/2fb3befb8a22108f23ca222e58cb8fb9/window'
00:49:50.037 [Forwarding getCurrentWindowHandle on session 2fb3befb8a22108f23ca222e58cb8fb9 to remote] DEBUG org.asynchttpclient.netty.request.NettyRequestSender - Using open Channel [id: 0x02bcbcfa, L:/127.0.0.1:59867 - R:localhost/127.0.0.1:30683] for GET '/session/2fb3befb8a22108f23ca222e58cb8fb9/window'
00:49:50.039 [AsyncHttpClient-1-11] DEBUG org.asynchttpclient.netty.handler.HttpHandler - 

Request DefaultFullHttpRequest(decodeResult: success, version: HTTP/1.1, content: EmptyByteBufBE)
GET /session/2fb3befb8a22108f23ca222e58cb8fb9/window HTTP/1.1
User-Agent: selenium/4.7.1 (java windows)
Cache-Control: no-cache
Content-Type: application/json; charset=utf-8
host: localhost:30683
accept: */*

Response DefaultHttpResponse(decodeResult: success, version: HTTP/1.1)
HTTP/1.1 200 OK
Content-Type: application/json; charset=utf-8
cache-control: no-cache
content-length: 44

00:49:50.039 [AsyncHttpClient-1-11] DEBUG org.asynchttpclient.netty.channel.ChannelManager - Adding key: http://localhost:30683 for channel [id: 0x02bcbcfa, L:/127.0.0.1:59867 - R:localhost/127.0.0.1:30683]
00:49:50.041 [Forwarding getAlertText on session 2fb3befb8a22108f23ca222e58cb8fb9 to remote] DEBUG org.asynchttpclient.netty.request.NettyRequestSender - Using pooled Channel '[id: 0x02bcbcfa, L:/127.0.0.1:59867 - R:localhost/127.0.0.1:30683]' for 'GET' to 'http://localhost:30683/session/2fb3befb8a22108f23ca222e58cb8fb9/alert/text'
00:49:50.041 [Forwarding getAlertText on session 2fb3befb8a22108f23ca222e58cb8fb9 to remote] DEBUG org.asynchttpclient.netty.request.NettyRequestSender - Using open Channel [id: 0x02bcbcfa, L:/127.0.0.1:59867 - R:localhost/127.0.0.1:30683] for GET '/session/2fb3befb8a22108f23ca222e58cb8fb9/alert/text'
00:49:50.043 [AsyncHttpClient-1-11] DEBUG org.asynchttpclient.netty.handler.HttpHandler - 

Request DefaultFullHttpRequest(decodeResult: success, version: HTTP/1.1, content: EmptyByteBufBE)
GET /session/2fb3befb8a22108f23ca222e58cb8fb9/alert/text HTTP/1.1
User-Agent: selenium/4.7.1 (java windows)
Cache-Control: no-cache
Content-Type: application/json; charset=utf-8
host: localhost:30683
accept: */*

Response DefaultHttpResponse(decodeResult: success, version: HTTP/1.1)
HTTP/1.1 404 Not Found
Content-Type: application/json; charset=utf-8
cache-control: no-cache
content-length: 849

00:49:50.043 [AsyncHttpClient-1-11] DEBUG org.asynchttpclient.netty.channel.ChannelManager - Adding key: http://localhost:30683 for channel [id: 0x02bcbcfa, L:/127.0.0.1:59867 - R:localhost/127.0.0.1:30683]
00:49:50.045 [Forwarding switchToWindow on session 2fb3befb8a22108f23ca222e58cb8fb9 to remote] DEBUG org.asynchttpclient.netty.request.NettyRequestSender - Using pooled Channel '[id: 0x02bcbcfa, L:/127.0.0.1:59867 - R:localhost/127.0.0.1:30683]' for 'POST' to 'http://localhost:30683/session/2fb3befb8a22108f23ca222e58cb8fb9/window'
00:49:50.045 [Forwarding switchToWindow on session 2fb3befb8a22108f23ca222e58cb8fb9 to remote] DEBUG org.asynchttpclient.netty.request.NettyRequestSender - Using open Channel [id: 0x02bcbcfa, L:/127.0.0.1:59867 - R:localhost/127.0.0.1:30683] for POST '/session/2fb3befb8a22108f23ca222e58cb8fb9/window'
00:49:50.047 [AsyncHttpClient-1-11] DEBUG org.asynchttpclient.netty.handler.HttpHandler - 

Request DefaultHttpRequest(decodeResult: success, version: HTTP/1.1)
POST /session/2fb3befb8a22108f23ca222e58cb8fb9/window HTTP/1.1
User-Agent: selenium/4.7.1 (java windows)
Content-Length: 50
Content-Type: application/json; charset=utf-8
host: localhost:30683
accept: */*

Response DefaultHttpResponse(decodeResult: success, version: HTTP/1.1)
HTTP/1.1 200 OK
Content-Type: application/json; charset=utf-8
cache-control: no-cache
content-length: 14

00:49:50.047 [AsyncHttpClient-1-11] DEBUG org.asynchttpclient.netty.channel.ChannelManager - Adding key: http://localhost:30683 for channel [id: 0x02bcbcfa, L:/127.0.0.1:59867 - R:localhost/127.0.0.1:30683]
00:49:50.048 [Forwarding getCurrentUrl on session 2fb3befb8a22108f23ca222e58cb8fb9 to remote] DEBUG org.asynchttpclient.netty.request.NettyRequestSender - Using pooled Channel '[id: 0x02bcbcfa, L:/127.0.0.1:59867 - R:localhost/127.0.0.1:30683]' for 'GET' to 'http://localhost:30683/session/2fb3befb8a22108f23ca222e58cb8fb9/url'
00:49:50.048 [Forwarding getCurrentUrl on session 2fb3befb8a22108f23ca222e58cb8fb9 to remote] DEBUG org.asynchttpclient.netty.request.NettyRequestSender - Using open Channel [id: 0x02bcbcfa, L:/127.0.0.1:59867 - R:localhost/127.0.0.1:30683] for GET '/session/2fb3befb8a22108f23ca222e58cb8fb9/url'
00:49:50.052 [AsyncHttpClient-1-11] DEBUG org.asynchttpclient.netty.handler.HttpHandler - 

Request DefaultFullHttpRequest(decodeResult: success, version: HTTP/1.1, content: EmptyByteBufBE)
GET /session/2fb3befb8a22108f23ca222e58cb8fb9/url HTTP/1.1
User-Agent: selenium/4.7.1 (java windows)
Cache-Control: no-cache
Content-Type: application/json; charset=utf-8
host: localhost:30683
accept: */*

Response DefaultHttpResponse(decodeResult: success, version: HTTP/1.1)
HTTP/1.1 200 OK
Content-Type: application/json; charset=utf-8
cache-control: no-cache
content-length: 51

00:49:50.052 [AsyncHttpClient-1-11] DEBUG org.asynchttpclient.netty.channel.ChannelManager - Adding key: http://localhost:30683 for channel [id: 0x02bcbcfa, L:/127.0.0.1:59867 - R:localhost/127.0.0.1:30683]
00:49:50.053 [Forwarding screenshot on session 2fb3befb8a22108f23ca222e58cb8fb9 to remote] DEBUG org.asynchttpclient.netty.request.NettyRequestSender - Using pooled Channel '[id: 0x02bcbcfa, L:/127.0.0.1:59867 - R:localhost/127.0.0.1:30683]' for 'GET' to 'http://localhost:30683/session/2fb3befb8a22108f23ca222e58cb8fb9/screenshot'
00:49:50.053 [Forwarding screenshot on session 2fb3befb8a22108f23ca222e58cb8fb9 to remote] DEBUG org.asynchttpclient.netty.request.NettyRequestSender - Using open Channel [id: 0x02bcbcfa, L:/127.0.0.1:59867 - R:localhost/127.0.0.1:30683] for GET '/session/2fb3befb8a22108f23ca222e58cb8fb9/screenshot'
00:49:50.130 [AsyncHttpClient-1-1] DEBUG org.asynchttpclient.netty.channel.DefaultChannelPool - Entry count for : http://localhost:59868 : 1
00:49:50.193 [AsyncHttpClient-1-11] DEBUG org.asynchttpclient.netty.handler.HttpHandler - 

Request DefaultFullHttpRequest(decodeResult: success, version: HTTP/1.1, content: EmptyByteBufBE)
GET /session/2fb3befb8a22108f23ca222e58cb8fb9/screenshot HTTP/1.1
User-Agent: selenium/4.7.1 (java windows)
Cache-Control: no-cache
Content-Type: application/json; charset=utf-8
host: localhost:30683
accept: */*

Response DefaultHttpResponse(decodeResult: success, version: HTTP/1.1)
HTTP/1.1 200 OK
Content-Type: application/json; charset=utf-8
cache-control: no-cache
content-length: 29960

00:49:50.194 [AsyncHttpClient-1-11] DEBUG org.asynchttpclient.netty.channel.ChannelManager - Adding key: http://localhost:30683 for channel [id: 0x02bcbcfa, L:/127.0.0.1:59867 - R:localhost/127.0.0.1:30683]
00:49:50.195 [main] DEBUG net.serenitybdd.core.photography.Darkroom - Send negative for processing for target\site\serenity\a39d20d4cc3cb98bcfd5422f6e3fcbff3e50d464cd4b5532fad1dbdde49c7e52.png
00:49:50.195 [main] DEBUG net.thucydides.core.steps.StepInterceptor - STEP DONE: inputEmail
00:49:50.195 [Darkroom Processing Line] DEBUG net.serenitybdd.core.photography.DarkroomProcessingLine - Processing screenshot image in /var/screenshots/screenshot-6495840667084648172
00:49:50.195 [Darkroom Processing Line] DEBUG net.serenitybdd.core.photography.DarkroomProcessingLine - Saving screenshot to target\site\serenity\a39d20d4cc3cb98bcfd5422f6e3fcbff3e50d464cd4b5532fad1dbdde49c7e52.png
  &amp#27;[32mAnd &amp#27;[0m&amp#27;[32muser input email invalid&amp#27;[0m                                      &amp#27;[90m# starter.stepdefinitions.LoginRegisterSteps.userInputEmailInvalid()&amp#27;[0m
00:49:50.204 [main] DEBUG net.thucydides.core.steps.StepInterceptor - STARTING STEP: LoginRegisterSteps.userInputPasswordValid - inputPassword
00:49:50.209 [Forwarding findElement on session 2fb3befb8a22108f23ca222e58cb8fb9 to remote] DEBUG org.asynchttpclient.netty.request.NettyRequestSender - Using pooled Channel '[id: 0x02bcbcfa, L:/127.0.0.1:59867 - R:localhost/127.0.0.1:30683]' for 'POST' to 'http://localhost:30683/session/2fb3befb8a22108f23ca222e58cb8fb9/element'
00:49:50.209 [Forwarding findElement on session 2fb3befb8a22108f23ca222e58cb8fb9 to remote] DEBUG org.asynchttpclient.netty.request.NettyRequestSender - Using open Channel [id: 0x02bcbcfa, L:/127.0.0.1:59867 - R:localhost/127.0.0.1:30683] for POST '/session/2fb3befb8a22108f23ca222e58cb8fb9/element'
00:49:50.221 [AsyncHttpClient-1-11] DEBUG org.asynchttpclient.netty.handler.HttpHandler - 

Request DefaultHttpRequest(decodeResult: success, version: HTTP/1.1)
POST /session/2fb3befb8a22108f23ca222e58cb8fb9/element HTTP/1.1
User-Agent: selenium/4.7.1 (java windows)
Content-Length: 187
Content-Type: application/json; charset=utf-8
host: localhost:30683
accept: */*

Response DefaultHttpResponse(decodeResult: success, version: HTTP/1.1)
HTTP/1.1 200 OK
Content-Type: application/json; charset=utf-8
cache-control: no-cache
content-length: 88

00:49:50.221 [AsyncHttpClient-1-11] DEBUG org.asynchttpclient.netty.channel.ChannelManager - Adding key: http://localhost:30683 for channel [id: 0x02bcbcfa, L:/127.0.0.1:59867 - R:localhost/127.0.0.1:30683]
00:49:50.223 [Forwarding clearElement on session 2fb3befb8a22108f23ca222e58cb8fb9 to remote] DEBUG org.asynchttpclient.netty.request.NettyRequestSender - Using pooled Channel '[id: 0x02bcbcfa, L:/127.0.0.1:59867 - R:localhost/127.0.0.1:30683]' for 'POST' to 'http://localhost:30683/session/2fb3befb8a22108f23ca222e58cb8fb9/element/577a90be-6ba2-49af-9b99-4ce45a5b0a6e/clear'
00:49:50.223 [Forwarding clearElement on session 2fb3befb8a22108f23ca222e58cb8fb9 to remote] DEBUG org.asynchttpclient.netty.request.NettyRequestSender - Using open Channel [id: 0x02bcbcfa, L:/127.0.0.1:59867 - R:localhost/127.0.0.1:30683] for POST '/session/2fb3befb8a22108f23ca222e58cb8fb9/element/577a90be-6ba2-49af-9b99-4ce45a5b0a6e/clear'
00:49:50.265 [AsyncHttpClient-1-11] DEBUG org.asynchttpclient.netty.handler.HttpHandler - 

Request DefaultHttpRequest(decodeResult: success, version: HTTP/1.1)
POST /session/2fb3befb8a22108f23ca222e58cb8fb9/element/577a90be-6ba2-49af-9b99-4ce45a5b0a6e/clear HTTP/1.1
User-Agent: selenium/4.7.1 (java windows)
Content-Length: 50
Content-Type: application/json; charset=utf-8
host: localhost:30683
accept: */*

Response DefaultHttpResponse(decodeResult: success, version: HTTP/1.1)
HTTP/1.1 200 OK
Content-Type: application/json; charset=utf-8
cache-control: no-cache
content-length: 14

00:49:50.265 [AsyncHttpClient-1-11] DEBUG org.asynchttpclient.netty.channel.ChannelManager - Adding key: http://localhost:30683 for channel [id: 0x02bcbcfa, L:/127.0.0.1:59867 - R:localhost/127.0.0.1:30683]
00:49:50.267 [Forwarding sendKeysToElement on session 2fb3befb8a22108f23ca222e58cb8fb9 to remote] DEBUG org.asynchttpclient.netty.request.NettyRequestSender - Using pooled Channel '[id: 0x02bcbcfa, L:/127.0.0.1:59867 - R:localhost/127.0.0.1:30683]' for 'POST' to 'http://localhost:30683/session/2fb3befb8a22108f23ca222e58cb8fb9/element/577a90be-6ba2-49af-9b99-4ce45a5b0a6e/value'
00:49:50.267 [Forwarding sendKeysToElement on session 2fb3befb8a22108f23ca222e58cb8fb9 to remote] DEBUG org.asynchttpclient.netty.request.NettyRequestSender - Using open Channel [id: 0x02bcbcfa, L:/127.0.0.1:59867 - R:localhost/127.0.0.1:30683] for POST '/session/2fb3befb8a22108f23ca222e58cb8fb9/element/577a90be-6ba2-49af-9b99-4ce45a5b0a6e/value'
00:49:50.334 [AsyncHttpClient-1-11] DEBUG org.asynchttpclient.netty.handler.HttpHandler - 

Request DefaultHttpRequest(decodeResult: success, version: HTTP/1.1)
POST /session/2fb3befb8a22108f23ca222e58cb8fb9/element/577a90be-6ba2-49af-9b99-4ce45a5b0a6e/value HTTP/1.1
User-Agent: selenium/4.7.1 (java windows)
Content-Length: 111
Content-Type: application/json; charset=utf-8
host: localhost:30683
accept: */*

Response DefaultHttpResponse(decodeResult: success, version: HTTP/1.1)
HTTP/1.1 200 OK
Content-Type: application/json; charset=utf-8
cache-control: no-cache
content-length: 14

00:49:50.334 [AsyncHttpClient-1-11] DEBUG org.asynchttpclient.netty.channel.ChannelManager - Adding key: http://localhost:30683 for channel [id: 0x02bcbcfa, L:/127.0.0.1:59867 - R:localhost/127.0.0.1:30683]
00:49:50.342 [Forwarding getCurrentWindowHandle on session 2fb3befb8a22108f23ca222e58cb8fb9 to remote] DEBUG org.asynchttpclient.netty.request.NettyRequestSender - Using pooled Channel '[id: 0x02bcbcfa, L:/127.0.0.1:59867 - R:localhost/127.0.0.1:30683]' for 'GET' to 'http://localhost:30683/session/2fb3befb8a22108f23ca222e58cb8fb9/window'
00:49:50.342 [Forwarding getCurrentWindowHandle on session 2fb3befb8a22108f23ca222e58cb8fb9 to remote] DEBUG org.asynchttpclient.netty.request.NettyRequestSender - Using open Channel [id: 0x02bcbcfa, L:/127.0.0.1:59867 - R:localhost/127.0.0.1:30683] for GET '/session/2fb3befb8a22108f23ca222e58cb8fb9/window'
00:49:50.343 [AsyncHttpClient-1-11] DEBUG org.asynchttpclient.netty.handler.HttpHandler - 

Request DefaultFullHttpRequest(decodeResult: success, version: HTTP/1.1, content: EmptyByteBufBE)
GET /session/2fb3befb8a22108f23ca222e58cb8fb9/window HTTP/1.1
User-Agent: selenium/4.7.1 (java windows)
Cache-Control: no-cache
Content-Type: application/json; charset=utf-8
host: localhost:30683
accept: */*

Response DefaultHttpResponse(decodeResult: success, version: HTTP/1.1)
HTTP/1.1 200 OK
Content-Type: application/json; charset=utf-8
cache-control: no-cache
content-length: 44

00:49:50.343 [AsyncHttpClient-1-11] DEBUG org.asynchttpclient.netty.channel.ChannelManager - Adding key: http://localhost:30683 for channel [id: 0x02bcbcfa, L:/127.0.0.1:59867 - R:localhost/127.0.0.1:30683]
00:49:50.344 [Forwarding getAlertText on session 2fb3befb8a22108f23ca222e58cb8fb9 to remote] DEBUG org.asynchttpclient.netty.request.NettyRequestSender - Using pooled Channel '[id: 0x02bcbcfa, L:/127.0.0.1:59867 - R:localhost/127.0.0.1:30683]' for 'GET' to 'http://localhost:30683/session/2fb3befb8a22108f23ca222e58cb8fb9/alert/text'
00:49:50.344 [Forwarding getAlertText on session 2fb3befb8a22108f23ca222e58cb8fb9 to remote] DEBUG org.asynchttpclient.netty.request.NettyRequestSender - Using open Channel [id: 0x02bcbcfa, L:/127.0.0.1:59867 - R:localhost/127.0.0.1:30683] for GET '/session/2fb3befb8a22108f23ca222e58cb8fb9/alert/text'
00:49:50.346 [AsyncHttpClient-1-11] DEBUG org.asynchttpclient.netty.handler.HttpHandler - 

Request DefaultFullHttpRequest(decodeResult: success, version: HTTP/1.1, content: EmptyByteBufBE)
GET /session/2fb3befb8a22108f23ca222e58cb8fb9/alert/text HTTP/1.1
User-Agent: selenium/4.7.1 (java windows)
Cache-Control: no-cache
Content-Type: application/json; charset=utf-8
host: localhost:30683
accept: */*

Response DefaultHttpResponse(decodeResult: success, version: HTTP/1.1)
HTTP/1.1 404 Not Found
Content-Type: application/json; charset=utf-8
cache-control: no-cache
content-length: 849

00:49:50.346 [AsyncHttpClient-1-11] DEBUG org.asynchttpclient.netty.channel.ChannelManager - Adding key: http://localhost:30683 for channel [id: 0x02bcbcfa, L:/127.0.0.1:59867 - R:localhost/127.0.0.1:30683]
00:49:50.348 [Forwarding switchToWindow on session 2fb3befb8a22108f23ca222e58cb8fb9 to remote] DEBUG org.asynchttpclient.netty.request.NettyRequestSender - Using pooled Channel '[id: 0x02bcbcfa, L:/127.0.0.1:59867 - R:localhost/127.0.0.1:30683]' for 'POST' to 'http://localhost:30683/session/2fb3befb8a22108f23ca222e58cb8fb9/window'
00:49:50.348 [Forwarding switchToWindow on session 2fb3befb8a22108f23ca222e58cb8fb9 to remote] DEBUG org.asynchttpclient.netty.request.NettyRequestSender - Using open Channel [id: 0x02bcbcfa, L:/127.0.0.1:59867 - R:localhost/127.0.0.1:30683] for POST '/session/2fb3befb8a22108f23ca222e58cb8fb9/window'
00:49:50.350 [AsyncHttpClient-1-11] DEBUG org.asynchttpclient.netty.handler.HttpHandler - 

Request DefaultHttpRequest(decodeResult: success, version: HTTP/1.1)
POST /session/2fb3befb8a22108f23ca222e58cb8fb9/window HTTP/1.1
User-Agent: selenium/4.7.1 (java windows)
Content-Length: 50
Content-Type: application/json; charset=utf-8
host: localhost:30683
accept: */*

Response DefaultHttpResponse(decodeResult: success, version: HTTP/1.1)
HTTP/1.1 200 OK
Content-Type: application/json; charset=utf-8
cache-control: no-cache
content-length: 14

00:49:50.351 [AsyncHttpClient-1-11] DEBUG org.asynchttpclient.netty.channel.ChannelManager - Adding key: http://localhost:30683 for channel [id: 0x02bcbcfa, L:/127.0.0.1:59867 - R:localhost/127.0.0.1:30683]
00:49:50.351 [Forwarding getCurrentUrl on session 2fb3befb8a22108f23ca222e58cb8fb9 to remote] DEBUG org.asynchttpclient.netty.request.NettyRequestSender - Using pooled Channel '[id: 0x02bcbcfa, L:/127.0.0.1:59867 - R:localhost/127.0.0.1:30683]' for 'GET' to 'http://localhost:30683/session/2fb3befb8a22108f23ca222e58cb8fb9/url'
00:49:50.351 [Forwarding getCurrentUrl on session 2fb3befb8a22108f23ca222e58cb8fb9 to remote] DEBUG org.asynchttpclient.netty.request.NettyRequestSender - Using open Channel [id: 0x02bcbcfa, L:/127.0.0.1:59867 - R:localhost/127.0.0.1:30683] for GET '/session/2fb3befb8a22108f23ca222e58cb8fb9/url'
00:49:50.355 [AsyncHttpClient-1-11] DEBUG org.asynchttpclient.netty.handler.HttpHandler - 

Request DefaultFullHttpRequest(decodeResult: success, version: HTTP/1.1, content: EmptyByteBufBE)
GET /session/2fb3befb8a22108f23ca222e58cb8fb9/url HTTP/1.1
User-Agent: selenium/4.7.1 (java windows)
Cache-Control: no-cache
Content-Type: application/json; charset=utf-8
host: localhost:30683
accept: */*

Response DefaultHttpResponse(decodeResult: success, version: HTTP/1.1)
HTTP/1.1 200 OK
Content-Type: application/json; charset=utf-8
cache-control: no-cache
content-length: 51

00:49:50.355 [AsyncHttpClient-1-11] DEBUG org.asynchttpclient.netty.channel.ChannelManager - Adding key: http://localhost:30683 for channel [id: 0x02bcbcfa, L:/127.0.0.1:59867 - R:localhost/127.0.0.1:30683]
00:49:50.356 [Forwarding screenshot on session 2fb3befb8a22108f23ca222e58cb8fb9 to remote] DEBUG org.asynchttpclient.netty.request.NettyRequestSender - Using pooled Channel '[id: 0x02bcbcfa, L:/127.0.0.1:59867 - R:localhost/127.0.0.1:30683]' for 'GET' to 'http://localhost:30683/session/2fb3befb8a22108f23ca222e58cb8fb9/screenshot'
00:49:50.356 [Forwarding screenshot on session 2fb3befb8a22108f23ca222e58cb8fb9 to remote] DEBUG org.asynchttpclient.netty.request.NettyRequestSender - Using open Channel [id: 0x02bcbcfa, L:/127.0.0.1:59867 - R:localhost/127.0.0.1:30683] for GET '/session/2fb3befb8a22108f23ca222e58cb8fb9/screenshot'
00:49:50.495 [AsyncHttpClient-1-11] DEBUG org.asynchttpclient.netty.handler.HttpHandler - 

Request DefaultFullHttpRequest(decodeResult: success, version: HTTP/1.1, content: EmptyByteBufBE)
GET /session/2fb3befb8a22108f23ca222e58cb8fb9/screenshot HTTP/1.1
User-Agent: selenium/4.7.1 (java windows)
Cache-Control: no-cache
Content-Type: application/json; charset=utf-8
host: localhost:30683
accept: */*

Response DefaultHttpResponse(decodeResult: success, version: HTTP/1.1)
HTTP/1.1 200 OK
Content-Type: application/json; charset=utf-8
cache-control: no-cache
content-length: 29856

00:49:50.495 [AsyncHttpClient-1-11] DEBUG org.asynchttpclient.netty.channel.ChannelManager - Adding key: http://localhost:30683 for channel [id: 0x02bcbcfa, L:/127.0.0.1:59867 - R:localhost/127.0.0.1:30683]
00:49:50.496 [main] DEBUG net.serenitybdd.core.photography.Darkroom - Send negative for processing for target\site\serenity\aa12f95d89c71da0c91e590251cb457ac00bc9d2f5724a987a3d7e66dc1176ea.png
00:49:50.497 [main] DEBUG net.thucydides.core.steps.StepInterceptor - STEP DONE: inputPassword
00:49:50.497 [Darkroom Processing Line] DEBUG net.serenitybdd.core.photography.DarkroomProcessingLine - Processing screenshot image in /var/screenshots/screenshot-5614189971625631078
00:49:50.497 [Darkroom Processing Line] DEBUG net.serenitybdd.core.photography.DarkroomProcessingLine - Saving screenshot to target\site\serenity\aa12f95d89c71da0c91e590251cb457ac00bc9d2f5724a987a3d7e66dc1176ea.png
  &amp#27;[32mAnd &amp#27;[0m&amp#27;[32muser input password valid&amp#27;[0m                                     &amp#27;[90m# starter.stepdefinitions.LoginRegisterSteps.userInputPasswordValid()&amp#27;[0m
00:49:50.506 [main] DEBUG net.thucydides.core.steps.StepInterceptor - STARTING STEP: LoginRegisterSteps.userKlikButtonLoginYangKedua - klikButtonLoginKedua
00:49:50.509 [Forwarding findElement on session 2fb3befb8a22108f23ca222e58cb8fb9 to remote] DEBUG org.asynchttpclient.netty.request.NettyRequestSender - Using pooled Channel '[id: 0x02bcbcfa, L:/127.0.0.1:59867 - R:localhost/127.0.0.1:30683]' for 'POST' to 'http://localhost:30683/session/2fb3befb8a22108f23ca222e58cb8fb9/element'
00:49:50.510 [Forwarding findElement on session 2fb3befb8a22108f23ca222e58cb8fb9 to remote] DEBUG org.asynchttpclient.netty.request.NettyRequestSender - Using open Channel [id: 0x02bcbcfa, L:/127.0.0.1:59867 - R:localhost/127.0.0.1:30683] for POST '/session/2fb3befb8a22108f23ca222e58cb8fb9/element'
00:49:50.521 [AsyncHttpClient-1-11] DEBUG org.asynchttpclient.netty.handler.HttpHandler - 

Request DefaultHttpRequest(decodeResult: success, version: HTTP/1.1)
POST /session/2fb3befb8a22108f23ca222e58cb8fb9/element HTTP/1.1
User-Agent: selenium/4.7.1 (java windows)
Content-Length: 141
Content-Type: application/json; charset=utf-8
host: localhost:30683
accept: */*

Response DefaultHttpResponse(decodeResult: success, version: HTTP/1.1)
HTTP/1.1 200 OK
Content-Type: application/json; charset=utf-8
cache-control: no-cache
content-length: 88

00:49:50.521 [AsyncHttpClient-1-11] DEBUG org.asynchttpclient.netty.channel.ChannelManager - Adding key: http://localhost:30683 for channel [id: 0x02bcbcfa, L:/127.0.0.1:59867 - R:localhost/127.0.0.1:30683]
00:49:50.523 [Forwarding getElementTagName on session 2fb3befb8a22108f23ca222e58cb8fb9 to remote] DEBUG org.asynchttpclient.netty.request.NettyRequestSender - Using pooled Channel '[id: 0x02bcbcfa, L:/127.0.0.1:59867 - R:localhost/127.0.0.1:30683]' for 'GET' to 'http://localhost:30683/session/2fb3befb8a22108f23ca222e58cb8fb9/element/cbf58553-65dc-41c6-8aaf-d4e540d5195d/name'
00:49:50.523 [Forwarding getElementTagName on session 2fb3befb8a22108f23ca222e58cb8fb9 to remote] DEBUG org.asynchttpclient.netty.request.NettyRequestSender - Using open Channel [id: 0x02bcbcfa, L:/127.0.0.1:59867 - R:localhost/127.0.0.1:30683] for GET '/session/2fb3befb8a22108f23ca222e58cb8fb9/element/cbf58553-65dc-41c6-8aaf-d4e540d5195d/name'
00:49:50.527 [AsyncHttpClient-1-11] DEBUG org.asynchttpclient.netty.handler.HttpHandler - 

Request DefaultFullHttpRequest(decodeResult: success, version: HTTP/1.1, content: EmptyByteBufBE)
GET /session/2fb3befb8a22108f23ca222e58cb8fb9/element/cbf58553-65dc-41c6-8aaf-d4e540d5195d/name HTTP/1.1
User-Agent: selenium/4.7.1 (java windows)
Cache-Control: no-cache
Content-Type: application/json; charset=utf-8
host: localhost:30683
accept: */*

Response DefaultHttpResponse(decodeResult: success, version: HTTP/1.1)
HTTP/1.1 200 OK
Content-Type: application/json; charset=utf-8
cache-control: no-cache
content-length: 18

00:49:50.527 [AsyncHttpClient-1-11] DEBUG org.asynchttpclient.netty.channel.ChannelManager - Adding key: http://localhost:30683 for channel [id: 0x02bcbcfa, L:/127.0.0.1:59867 - R:localhost/127.0.0.1:30683]
00:49:50.529 [Forwarding getElementTagName on session 2fb3befb8a22108f23ca222e58cb8fb9 to remote] DEBUG org.asynchttpclient.netty.request.NettyRequestSender - Using pooled Channel '[id: 0x02bcbcfa, L:/127.0.0.1:59867 - R:localhost/127.0.0.1:30683]' for 'GET' to 'http://localhost:30683/session/2fb3befb8a22108f23ca222e58cb8fb9/element/cbf58553-65dc-41c6-8aaf-d4e540d5195d/name'
00:49:50.529 [Forwarding getElementTagName on session 2fb3befb8a22108f23ca222e58cb8fb9 to remote] DEBUG org.asynchttpclient.netty.request.NettyRequestSender - Using open Channel [id: 0x02bcbcfa, L:/127.0.0.1:59867 - R:localhost/127.0.0.1:30683] for GET '/session/2fb3befb8a22108f23ca222e58cb8fb9/element/cbf58553-65dc-41c6-8aaf-d4e540d5195d/name'
00:49:50.532 [AsyncHttpClient-1-11] DEBUG org.asynchttpclient.netty.handler.HttpHandler - 

Request DefaultFullHttpRequest(decodeResult: success, version: HTTP/1.1, content: EmptyByteBufBE)
GET /session/2fb3befb8a22108f23ca222e58cb8fb9/element/cbf58553-65dc-41c6-8aaf-d4e540d5195d/name HTTP/1.1
User-Agent: selenium/4.7.1 (java windows)
Cache-Control: no-cache
Content-Type: application/json; charset=utf-8
host: localhost:30683
accept: */*

Response DefaultHttpResponse(decodeResult: success, version: HTTP/1.1)
HTTP/1.1 200 OK
Content-Type: application/json; charset=utf-8
cache-control: no-cache
content-length: 18

00:49:50.532 [AsyncHttpClient-1-11] DEBUG org.asynchttpclient.netty.channel.ChannelManager - Adding key: http://localhost:30683 for channel [id: 0x02bcbcfa, L:/127.0.0.1:59867 - R:localhost/127.0.0.1:30683]
00:49:50.534 [Forwarding isElementEnabled on session 2fb3befb8a22108f23ca222e58cb8fb9 to remote] DEBUG org.asynchttpclient.netty.request.NettyRequestSender - Using pooled Channel '[id: 0x02bcbcfa, L:/127.0.0.1:59867 - R:localhost/127.0.0.1:30683]' for 'GET' to 'http://localhost:30683/session/2fb3befb8a22108f23ca222e58cb8fb9/element/cbf58553-65dc-41c6-8aaf-d4e540d5195d/enabled'
00:49:50.534 [Forwarding isElementEnabled on session 2fb3befb8a22108f23ca222e58cb8fb9 to remote] DEBUG org.asynchttpclient.netty.request.NettyRequestSender - Using open Channel [id: 0x02bcbcfa, L:/127.0.0.1:59867 - R:localhost/127.0.0.1:30683] for GET '/session/2fb3befb8a22108f23ca222e58cb8fb9/element/cbf58553-65dc-41c6-8aaf-d4e540d5195d/enabled'
00:49:50.546 [AsyncHttpClient-1-11] DEBUG org.asynchttpclient.netty.handler.HttpHandler - 

Request DefaultFullHttpRequest(decodeResult: success, version: HTTP/1.1, content: EmptyByteBufBE)
GET /session/2fb3befb8a22108f23ca222e58cb8fb9/element/cbf58553-65dc-41c6-8aaf-d4e540d5195d/enabled HTTP/1.1
User-Agent: selenium/4.7.1 (java windows)
Cache-Control: no-cache
Content-Type: application/json; charset=utf-8
host: localhost:30683
accept: */*

Response DefaultHttpResponse(decodeResult: success, version: HTTP/1.1)
HTTP/1.1 200 OK
Content-Type: application/json; charset=utf-8
cache-control: no-cache
content-length: 14

00:49:50.546 [AsyncHttpClient-1-11] DEBUG org.asynchttpclient.netty.channel.ChannelManager - Adding key: http://localhost:30683 for channel [id: 0x02bcbcfa, L:/127.0.0.1:59867 - R:localhost/127.0.0.1:30683]
00:49:50.547 [Forwarding isElementEnabled on session 2fb3befb8a22108f23ca222e58cb8fb9 to remote] DEBUG org.asynchttpclient.netty.request.NettyRequestSender - Using pooled Channel '[id: 0x02bcbcfa, L:/127.0.0.1:59867 - R:localhost/127.0.0.1:30683]' for 'GET' to 'http://localhost:30683/session/2fb3befb8a22108f23ca222e58cb8fb9/element/cbf58553-65dc-41c6-8aaf-d4e540d5195d/enabled'
00:49:50.547 [Forwarding isElementEnabled on session 2fb3befb8a22108f23ca222e58cb8fb9 to remote] DEBUG org.asynchttpclient.netty.request.NettyRequestSender - Using open Channel [id: 0x02bcbcfa, L:/127.0.0.1:59867 - R:localhost/127.0.0.1:30683] for GET '/session/2fb3befb8a22108f23ca222e58cb8fb9/element/cbf58553-65dc-41c6-8aaf-d4e540d5195d/enabled'
00:49:50.554 [AsyncHttpClient-1-11] DEBUG org.asynchttpclient.netty.handler.HttpHandler - 

Request DefaultFullHttpRequest(decodeResult: success, version: HTTP/1.1, content: EmptyByteBufBE)
GET /session/2fb3befb8a22108f23ca222e58cb8fb9/element/cbf58553-65dc-41c6-8aaf-d4e540d5195d/enabled HTTP/1.1
User-Agent: selenium/4.7.1 (java windows)
Cache-Control: no-cache
Content-Type: application/json; charset=utf-8
host: localhost:30683
accept: */*

Response DefaultHttpResponse(decodeResult: success, version: HTTP/1.1)
HTTP/1.1 200 OK
Content-Type: application/json; charset=utf-8
cache-control: no-cache
content-length: 14

00:49:50.555 [AsyncHttpClient-1-11] DEBUG org.asynchttpclient.netty.channel.ChannelManager - Adding key: http://localhost:30683 for channel [id: 0x02bcbcfa, L:/127.0.0.1:59867 - R:localhost/127.0.0.1:30683]
00:49:50.559 [Forwarding findElement on session 2fb3befb8a22108f23ca222e58cb8fb9 to remote] DEBUG org.asynchttpclient.netty.request.NettyRequestSender - Using pooled Channel '[id: 0x02bcbcfa, L:/127.0.0.1:59867 - R:localhost/127.0.0.1:30683]' for 'POST' to 'http://localhost:30683/session/2fb3befb8a22108f23ca222e58cb8fb9/element'
00:49:50.559 [Forwarding findElement on session 2fb3befb8a22108f23ca222e58cb8fb9 to remote] DEBUG org.asynchttpclient.netty.request.NettyRequestSender - Using open Channel [id: 0x02bcbcfa, L:/127.0.0.1:59867 - R:localhost/127.0.0.1:30683] for POST '/session/2fb3befb8a22108f23ca222e58cb8fb9/element'
00:49:50.567 [AsyncHttpClient-1-11] DEBUG org.asynchttpclient.netty.handler.HttpHandler - 

Request DefaultHttpRequest(decodeResult: success, version: HTTP/1.1)
POST /session/2fb3befb8a22108f23ca222e58cb8fb9/element HTTP/1.1
User-Agent: selenium/4.7.1 (java windows)
Content-Length: 141
Content-Type: application/json; charset=utf-8
host: localhost:30683
accept: */*

Response DefaultHttpResponse(decodeResult: success, version: HTTP/1.1)
HTTP/1.1 200 OK
Content-Type: application/json; charset=utf-8
cache-control: no-cache
content-length: 88

00:49:50.567 [AsyncHttpClient-1-11] DEBUG org.asynchttpclient.netty.channel.ChannelManager - Adding key: http://localhost:30683 for channel [id: 0x02bcbcfa, L:/127.0.0.1:59867 - R:localhost/127.0.0.1:30683]
00:49:50.569 [Forwarding clickElement on session 2fb3befb8a22108f23ca222e58cb8fb9 to remote] DEBUG org.asynchttpclient.netty.request.NettyRequestSender - Using pooled Channel '[id: 0x02bcbcfa, L:/127.0.0.1:59867 - R:localhost/127.0.0.1:30683]' for 'POST' to 'http://localhost:30683/session/2fb3befb8a22108f23ca222e58cb8fb9/element/cbf58553-65dc-41c6-8aaf-d4e540d5195d/click'
00:49:50.569 [Forwarding clickElement on session 2fb3befb8a22108f23ca222e58cb8fb9 to remote] DEBUG org.asynchttpclient.netty.request.NettyRequestSender - Using open Channel [id: 0x02bcbcfa, L:/127.0.0.1:59867 - R:localhost/127.0.0.1:30683] for POST '/session/2fb3befb8a22108f23ca222e58cb8fb9/element/cbf58553-65dc-41c6-8aaf-d4e540d5195d/click'
00:49:50.621 [AsyncHttpClient-1-11] DEBUG org.asynchttpclient.netty.handler.HttpHandler - 

Request DefaultHttpRequest(decodeResult: success, version: HTTP/1.1)
POST /session/2fb3befb8a22108f23ca222e58cb8fb9/element/cbf58553-65dc-41c6-8aaf-d4e540d5195d/click HTTP/1.1
User-Agent: selenium/4.7.1 (java windows)
Content-Length: 50
Content-Type: application/json; charset=utf-8
host: localhost:30683
accept: */*

Response DefaultHttpResponse(decodeResult: success, version: HTTP/1.1)
HTTP/1.1 200 OK
Content-Type: application/json; charset=utf-8
cache-control: no-cache
content-length: 14

00:49:50.621 [AsyncHttpClient-1-11] DEBUG org.asynchttpclient.netty.channel.ChannelManager - Adding key: http://localhost:30683 for channel [id: 0x02bcbcfa, L:/127.0.0.1:59867 - R:localhost/127.0.0.1:30683]
00:49:50.631 [Forwarding getCurrentWindowHandle on session 2fb3befb8a22108f23ca222e58cb8fb9 to remote] DEBUG org.asynchttpclient.netty.request.NettyRequestSender - Using pooled Channel '[id: 0x02bcbcfa, L:/127.0.0.1:59867 - R:localhost/127.0.0.1:30683]' for 'GET' to 'http://localhost:30683/session/2fb3befb8a22108f23ca222e58cb8fb9/window'
00:49:50.631 [Forwarding getCurrentWindowHandle on session 2fb3befb8a22108f23ca222e58cb8fb9 to remote] DEBUG org.asynchttpclient.netty.request.NettyRequestSender - Using open Channel [id: 0x02bcbcfa, L:/127.0.0.1:59867 - R:localhost/127.0.0.1:30683] for GET '/session/2fb3befb8a22108f23ca222e58cb8fb9/window'
00:49:50.632 [AsyncHttpClient-1-11] DEBUG org.asynchttpclient.netty.handler.HttpHandler - 

Request DefaultFullHttpRequest(decodeResult: success, version: HTTP/1.1, content: EmptyByteBufBE)
GET /session/2fb3befb8a22108f23ca222e58cb8fb9/window HTTP/1.1
User-Agent: selenium/4.7.1 (java windows)
Cache-Control: no-cache
Content-Type: application/json; charset=utf-8
host: localhost:30683
accept: */*

Response DefaultHttpResponse(decodeResult: success, version: HTTP/1.1)
HTTP/1.1 200 OK
Content-Type: application/json; charset=utf-8
cache-control: no-cache
content-length: 44

00:49:50.632 [AsyncHttpClient-1-11] DEBUG org.asynchttpclient.netty.channel.ChannelManager - Adding key: http://localhost:30683 for channel [id: 0x02bcbcfa, L:/127.0.0.1:59867 - R:localhost/127.0.0.1:30683]
00:49:50.634 [Forwarding getAlertText on session 2fb3befb8a22108f23ca222e58cb8fb9 to remote] DEBUG org.asynchttpclient.netty.request.NettyRequestSender - Using pooled Channel '[id: 0x02bcbcfa, L:/127.0.0.1:59867 - R:localhost/127.0.0.1:30683]' for 'GET' to 'http://localhost:30683/session/2fb3befb8a22108f23ca222e58cb8fb9/alert/text'
00:49:50.634 [Forwarding getAlertText on session 2fb3befb8a22108f23ca222e58cb8fb9 to remote] DEBUG org.asynchttpclient.netty.request.NettyRequestSender - Using open Channel [id: 0x02bcbcfa, L:/127.0.0.1:59867 - R:localhost/127.0.0.1:30683] for GET '/session/2fb3befb8a22108f23ca222e58cb8fb9/alert/text'
00:49:50.637 [AsyncHttpClient-1-11] DEBUG org.asynchttpclient.netty.handler.HttpHandler - 

Request DefaultFullHttpRequest(decodeResult: success, version: HTTP/1.1, content: EmptyByteBufBE)
GET /session/2fb3befb8a22108f23ca222e58cb8fb9/alert/text HTTP/1.1
User-Agent: selenium/4.7.1 (java windows)
Cache-Control: no-cache
Content-Type: application/json; charset=utf-8
host: localhost:30683
accept: */*

Response DefaultHttpResponse(decodeResult: success, version: HTTP/1.1)
HTTP/1.1 404 Not Found
Content-Type: application/json; charset=utf-8
cache-control: no-cache
content-length: 849

00:49:50.637 [AsyncHttpClient-1-11] DEBUG org.asynchttpclient.netty.channel.ChannelManager - Adding key: http://localhost:30683 for channel [id: 0x02bcbcfa, L:/127.0.0.1:59867 - R:localhost/127.0.0.1:30683]
00:49:50.641 [Forwarding switchToWindow on session 2fb3befb8a22108f23ca222e58cb8fb9 to remote] DEBUG org.asynchttpclient.netty.request.NettyRequestSender - Using pooled Channel '[id: 0x02bcbcfa, L:/127.0.0.1:59867 - R:localhost/127.0.0.1:30683]' for 'POST' to 'http://localhost:30683/session/2fb3befb8a22108f23ca222e58cb8fb9/window'
00:49:50.641 [Forwarding switchToWindow on session 2fb3befb8a22108f23ca222e58cb8fb9 to remote] DEBUG org.asynchttpclient.netty.request.NettyRequestSender - Using open Channel [id: 0x02bcbcfa, L:/127.0.0.1:59867 - R:localhost/127.0.0.1:30683] for POST '/session/2fb3befb8a22108f23ca222e58cb8fb9/window'
00:49:50.644 [AsyncHttpClient-1-11] DEBUG org.asynchttpclient.netty.handler.HttpHandler - 

Request DefaultHttpRequest(decodeResult: success, version: HTTP/1.1)
POST /session/2fb3befb8a22108f23ca222e58cb8fb9/window HTTP/1.1
User-Agent: selenium/4.7.1 (java windows)
Content-Length: 50
Content-Type: application/json; charset=utf-8
host: localhost:30683
accept: */*

Response DefaultHttpResponse(decodeResult: success, version: HTTP/1.1)
HTTP/1.1 200 OK
Content-Type: application/json; charset=utf-8
cache-control: no-cache
content-length: 14

00:49:50.644 [AsyncHttpClient-1-11] DEBUG org.asynchttpclient.netty.channel.ChannelManager - Adding key: http://localhost:30683 for channel [id: 0x02bcbcfa, L:/127.0.0.1:59867 - R:localhost/127.0.0.1:30683]
00:49:50.645 [Forwarding getCurrentUrl on session 2fb3befb8a22108f23ca222e58cb8fb9 to remote] DEBUG org.asynchttpclient.netty.request.NettyRequestSender - Using pooled Channel '[id: 0x02bcbcfa, L:/127.0.0.1:59867 - R:localhost/127.0.0.1:30683]' for 'GET' to 'http://localhost:30683/session/2fb3befb8a22108f23ca222e58cb8fb9/url'
00:49:50.645 [Forwarding getCurrentUrl on session 2fb3befb8a22108f23ca222e58cb8fb9 to remote] DEBUG org.asynchttpclient.netty.request.NettyRequestSender - Using open Channel [id: 0x02bcbcfa, L:/127.0.0.1:59867 - R:localhost/127.0.0.1:30683] for GET '/session/2fb3befb8a22108f23ca222e58cb8fb9/url'
00:49:50.651 [AsyncHttpClient-1-11] DEBUG org.asynchttpclient.netty.handler.HttpHandler - 

Request DefaultFullHttpRequest(decodeResult: success, version: HTTP/1.1, content: EmptyByteBufBE)
GET /session/2fb3befb8a22108f23ca222e58cb8fb9/url HTTP/1.1
User-Agent: selenium/4.7.1 (java windows)
Cache-Control: no-cache
Content-Type: application/json; charset=utf-8
host: localhost:30683
accept: */*

Response DefaultHttpResponse(decodeResult: success, version: HTTP/1.1)
HTTP/1.1 200 OK
Content-Type: application/json; charset=utf-8
cache-control: no-cache
content-length: 51

00:49:50.652 [AsyncHttpClient-1-11] DEBUG org.asynchttpclient.netty.channel.ChannelManager - Adding key: http://localhost:30683 for channel [id: 0x02bcbcfa, L:/127.0.0.1:59867 - R:localhost/127.0.0.1:30683]
00:49:50.653 [Forwarding screenshot on session 2fb3befb8a22108f23ca222e58cb8fb9 to remote] DEBUG org.asynchttpclient.netty.request.NettyRequestSender - Using pooled Channel '[id: 0x02bcbcfa, L:/127.0.0.1:59867 - R:localhost/127.0.0.1:30683]' for 'GET' to 'http://localhost:30683/session/2fb3befb8a22108f23ca222e58cb8fb9/screenshot'
00:49:50.653 [Forwarding screenshot on session 2fb3befb8a22108f23ca222e58cb8fb9 to remote] DEBUG org.asynchttpclient.netty.request.NettyRequestSender - Using open Channel [id: 0x02bcbcfa, L:/127.0.0.1:59867 - R:localhost/127.0.0.1:30683] for GET '/session/2fb3befb8a22108f23ca222e58cb8fb9/screenshot'
00:49:50.782 [AsyncHttpClient-1-11] DEBUG org.asynchttpclient.netty.handler.HttpHandler - 

Request DefaultFullHttpRequest(decodeResult: success, version: HTTP/1.1, content: EmptyByteBufBE)
GET /session/2fb3befb8a22108f23ca222e58cb8fb9/screenshot HTTP/1.1
User-Agent: selenium/4.7.1 (java windows)
Cache-Control: no-cache
Content-Type: application/json; charset=utf-8
host: localhost:30683
accept: */*

Response DefaultHttpResponse(decodeResult: success, version: HTTP/1.1)
HTTP/1.1 200 OK
Content-Type: application/json; charset=utf-8
cache-control: no-cache
content-length: 29560

00:49:50.783 [AsyncHttpClient-1-11] DEBUG org.asynchttpclient.netty.channel.ChannelManager - Adding key: http://localhost:30683 for channel [id: 0x02bcbcfa, L:/127.0.0.1:59867 - R:localhost/127.0.0.1:30683]
00:49:50.784 [main] DEBUG net.serenitybdd.core.photography.Darkroom - Send negative for processing for target\site\serenity\a115eb4d76c7da141b5dbb28a7e748d075514d7c76db20edb8c2cadcfc85bed1.png
00:49:50.784 [main] DEBUG net.thucydides.core.steps.StepInterceptor - STEP DONE: klikButtonLoginKedua
00:49:50.784 [Darkroom Processing Line] DEBUG net.serenitybdd.core.photography.DarkroomProcessingLine - Processing screenshot image in /var/screenshots/screenshot-5914026542154814273
00:49:50.784 [Darkroom Processing Line] DEBUG net.serenitybdd.core.photography.DarkroomProcessingLine - Saving screenshot to target\site\serenity\a115eb4d76c7da141b5dbb28a7e748d075514d7c76db20edb8c2cadcfc85bed1.png
  &amp#27;[32mThen &amp#27;[0m&amp#27;[32muser klik button login yang kedua&amp#27;[0m                            &amp#27;[90m# starter.stepdefinitions.LoginRegisterSteps.userKlikButtonLoginYangKedua()&amp#27;[0m
00:49:50.796 [main] DEBUG net.thucydides.core.steps.StepInterceptor - STARTING STEP: LoginRegisterSteps.userMenerimaErrorMessage - munculErrorMessage
00:49:50.798 [Forwarding findElement on session 2fb3befb8a22108f23ca222e58cb8fb9 to remote] DEBUG org.asynchttpclient.netty.request.NettyRequestSender - Using pooled Channel '[id: 0x02bcbcfa, L:/127.0.0.1:59867 - R:localhost/127.0.0.1:30683]' for 'POST' to 'http://localhost:30683/session/2fb3befb8a22108f23ca222e58cb8fb9/element'
00:49:50.798 [Forwarding findElement on session 2fb3befb8a22108f23ca222e58cb8fb9 to remote] DEBUG org.asynchttpclient.netty.request.NettyRequestSender - Using open Channel [id: 0x02bcbcfa, L:/127.0.0.1:59867 - R:localhost/127.0.0.1:30683] for POST '/session/2fb3befb8a22108f23ca222e58cb8fb9/element'
00:49:51.120 [AsyncHttpClient-1-11] DEBUG org.asynchttpclient.netty.handler.HttpHandler - 

Request DefaultHttpRequest(decodeResult: success, version: HTTP/1.1)
POST /session/2fb3befb8a22108f23ca222e58cb8fb9/element HTTP/1.1
User-Agent: selenium/4.7.1 (java windows)
Content-Length: 139
Content-Type: application/json; charset=utf-8
host: localhost:30683
accept: */*

Response DefaultHttpResponse(decodeResult: success, version: HTTP/1.1)
HTTP/1.1 200 OK
Content-Type: application/json; charset=utf-8
cache-control: no-cache
content-length: 88

00:49:51.120 [AsyncHttpClient-1-11] DEBUG org.asynchttpclient.netty.channel.ChannelManager - Adding key: http://localhost:30683 for channel [id: 0x02bcbcfa, L:/127.0.0.1:59867 - R:localhost/127.0.0.1:30683]
00:49:51.123 [Forwarding isElementDisplayed on session 2fb3befb8a22108f23ca222e58cb8fb9 to remote] DEBUG org.asynchttpclient.netty.request.NettyRequestSender - Using pooled Channel '[id: 0x02bcbcfa, L:/127.0.0.1:59867 - R:localhost/127.0.0.1:30683]' for 'POST' to 'http://localhost:30683/session/2fb3befb8a22108f23ca222e58cb8fb9/execute/sync'
00:49:51.123 [Forwarding isElementDisplayed on session 2fb3befb8a22108f23ca222e58cb8fb9 to remote] DEBUG org.asynchttpclient.netty.request.NettyRequestSender - Using open Channel [id: 0x02bcbcfa, L:/127.0.0.1:59867 - R:localhost/127.0.0.1:30683] for POST '/session/2fb3befb8a22108f23ca222e58cb8fb9/execute/sync'
00:49:51.133 [AsyncHttpClient-1-11] DEBUG org.asynchttpclient.netty.handler.HttpHandler - 

Request DefaultHttpRequest(decodeResult: success, version: HTTP/1.1)
POST /session/2fb3befb8a22108f23ca222e58cb8fb9/execute/sync HTTP/1.1
User-Agent: selenium/4.7.1 (java windows)
Content-Length: 48780
Content-Type: application/json; charset=utf-8
host: localhost:30683
accept: */*

Response DefaultHttpResponse(decodeResult: success, version: HTTP/1.1)
HTTP/1.1 200 OK
Content-Type: application/json; charset=utf-8
cache-control: no-cache
content-length: 14

00:49:51.133 [AsyncHttpClient-1-11] DEBUG org.asynchttpclient.netty.channel.ChannelManager - Adding key: http://localhost:30683 for channel [id: 0x02bcbcfa, L:/127.0.0.1:59867 - R:localhost/127.0.0.1:30683]
00:49:51.138 [Forwarding getCurrentWindowHandle on session 2fb3befb8a22108f23ca222e58cb8fb9 to remote] DEBUG org.asynchttpclient.netty.request.NettyRequestSender - Using pooled Channel '[id: 0x02bcbcfa, L:/127.0.0.1:59867 - R:localhost/127.0.0.1:30683]' for 'GET' to 'http://localhost:30683/session/2fb3befb8a22108f23ca222e58cb8fb9/window'
00:49:51.138 [Forwarding getCurrentWindowHandle on session 2fb3befb8a22108f23ca222e58cb8fb9 to remote] DEBUG org.asynchttpclient.netty.request.NettyRequestSender - Using open Channel [id: 0x02bcbcfa, L:/127.0.0.1:59867 - R:localhost/127.0.0.1:30683] for GET '/session/2fb3befb8a22108f23ca222e58cb8fb9/window'
00:49:51.140 [AsyncHttpClient-1-11] DEBUG org.asynchttpclient.netty.handler.HttpHandler - 

Request DefaultFullHttpRequest(decodeResult: success, version: HTTP/1.1, content: EmptyByteBufBE)
GET /session/2fb3befb8a22108f23ca222e58cb8fb9/window HTTP/1.1
User-Agent: selenium/4.7.1 (java windows)
Cache-Control: no-cache
Content-Type: application/json; charset=utf-8
host: localhost:30683
accept: */*

Response DefaultHttpResponse(decodeResult: success, version: HTTP/1.1)
HTTP/1.1 200 OK
Content-Type: application/json; charset=utf-8
cache-control: no-cache
content-length: 44

00:49:51.141 [AsyncHttpClient-1-11] DEBUG org.asynchttpclient.netty.channel.ChannelManager - Adding key: http://localhost:30683 for channel [id: 0x02bcbcfa, L:/127.0.0.1:59867 - R:localhost/127.0.0.1:30683]
00:49:51.141 [Forwarding getAlertText on session 2fb3befb8a22108f23ca222e58cb8fb9 to remote] DEBUG org.asynchttpclient.netty.request.NettyRequestSender - Using pooled Channel '[id: 0x02bcbcfa, L:/127.0.0.1:59867 - R:localhost/127.0.0.1:30683]' for 'GET' to 'http://localhost:30683/session/2fb3befb8a22108f23ca222e58cb8fb9/alert/text'
00:49:51.141 [Forwarding getAlertText on session 2fb3befb8a22108f23ca222e58cb8fb9 to remote] DEBUG org.asynchttpclient.netty.request.NettyRequestSender - Using open Channel [id: 0x02bcbcfa, L:/127.0.0.1:59867 - R:localhost/127.0.0.1:30683] for GET '/session/2fb3befb8a22108f23ca222e58cb8fb9/alert/text'
00:49:51.142 [AsyncHttpClient-1-11] DEBUG org.asynchttpclient.netty.handler.HttpHandler - 

Request DefaultFullHttpRequest(decodeResult: success, version: HTTP/1.1, content: EmptyByteBufBE)
GET /session/2fb3befb8a22108f23ca222e58cb8fb9/alert/text HTTP/1.1
User-Agent: selenium/4.7.1 (java windows)
Cache-Control: no-cache
Content-Type: application/json; charset=utf-8
host: localhost:30683
accept: */*

Response DefaultHttpResponse(decodeResult: success, version: HTTP/1.1)
HTTP/1.1 404 Not Found
Content-Type: application/json; charset=utf-8
cache-control: no-cache
content-length: 849

00:49:51.143 [AsyncHttpClient-1-11] DEBUG org.asynchttpclient.netty.channel.ChannelManager - Adding key: http://localhost:30683 for channel [id: 0x02bcbcfa, L:/127.0.0.1:59867 - R:localhost/127.0.0.1:30683]
00:49:51.145 [Forwarding switchToWindow on session 2fb3befb8a22108f23ca222e58cb8fb9 to remote] DEBUG org.asynchttpclient.netty.request.NettyRequestSender - Using pooled Channel '[id: 0x02bcbcfa, L:/127.0.0.1:59867 - R:localhost/127.0.0.1:30683]' for 'POST' to 'http://localhost:30683/session/2fb3befb8a22108f23ca222e58cb8fb9/window'
00:49:51.145 [Forwarding switchToWindow on session 2fb3befb8a22108f23ca222e58cb8fb9 to remote] DEBUG org.asynchttpclient.netty.request.NettyRequestSender - Using open Channel [id: 0x02bcbcfa, L:/127.0.0.1:59867 - R:localhost/127.0.0.1:30683] for POST '/session/2fb3befb8a22108f23ca222e58cb8fb9/window'
00:49:51.147 [AsyncHttpClient-1-11] DEBUG org.asynchttpclient.netty.handler.HttpHandler - 

Request DefaultHttpRequest(decodeResult: success, version: HTTP/1.1)
POST /session/2fb3befb8a22108f23ca222e58cb8fb9/window HTTP/1.1
User-Agent: selenium/4.7.1 (java windows)
Content-Length: 50
Content-Type: application/json; charset=utf-8
host: localhost:30683
accept: */*

Response DefaultHttpResponse(decodeResult: success, version: HTTP/1.1)
HTTP/1.1 200 OK
Content-Type: application/json; charset=utf-8
cache-control: no-cache
content-length: 14

00:49:51.147 [AsyncHttpClient-1-11] DEBUG org.asynchttpclient.netty.channel.ChannelManager - Adding key: http://localhost:30683 for channel [id: 0x02bcbcfa, L:/127.0.0.1:59867 - R:localhost/127.0.0.1:30683]
00:49:51.149 [Forwarding getCurrentUrl on session 2fb3befb8a22108f23ca222e58cb8fb9 to remote] DEBUG org.asynchttpclient.netty.request.NettyRequestSender - Using pooled Channel '[id: 0x02bcbcfa, L:/127.0.0.1:59867 - R:localhost/127.0.0.1:30683]' for 'GET' to 'http://localhost:30683/session/2fb3befb8a22108f23ca222e58cb8fb9/url'
00:49:51.149 [Forwarding getCurrentUrl on session 2fb3befb8a22108f23ca222e58cb8fb9 to remote] DEBUG org.asynchttpclient.netty.request.NettyRequestSender - Using open Channel [id: 0x02bcbcfa, L:/127.0.0.1:59867 - R:localhost/127.0.0.1:30683] for GET '/session/2fb3befb8a22108f23ca222e58cb8fb9/url'
00:49:51.152 [AsyncHttpClient-1-11] DEBUG org.asynchttpclient.netty.handler.HttpHandler - 

Request DefaultFullHttpRequest(decodeResult: success, version: HTTP/1.1, content: EmptyByteBufBE)
GET /session/2fb3befb8a22108f23ca222e58cb8fb9/url HTTP/1.1
User-Agent: selenium/4.7.1 (java windows)
Cache-Control: no-cache
Content-Type: application/json; charset=utf-8
host: localhost:30683
accept: */*

Response DefaultHttpResponse(decodeResult: success, version: HTTP/1.1)
HTTP/1.1 200 OK
Content-Type: application/json; charset=utf-8
cache-control: no-cache
content-length: 51

00:49:51.152 [AsyncHttpClient-1-11] DEBUG org.asynchttpclient.netty.channel.ChannelManager - Adding key: http://localhost:30683 for channel [id: 0x02bcbcfa, L:/127.0.0.1:59867 - R:localhost/127.0.0.1:30683]
00:49:51.153 [Forwarding screenshot on session 2fb3befb8a22108f23ca222e58cb8fb9 to remote] DEBUG org.asynchttpclient.netty.request.NettyRequestSender - Using pooled Channel '[id: 0x02bcbcfa, L:/127.0.0.1:59867 - R:localhost/127.0.0.1:30683]' for 'GET' to 'http://localhost:30683/session/2fb3befb8a22108f23ca222e58cb8fb9/screenshot'
00:49:51.153 [Forwarding screenshot on session 2fb3befb8a22108f23ca222e58cb8fb9 to remote] DEBUG org.asynchttpclient.netty.request.NettyRequestSender - Using open Channel [id: 0x02bcbcfa, L:/127.0.0.1:59867 - R:localhost/127.0.0.1:30683] for GET '/session/2fb3befb8a22108f23ca222e58cb8fb9/screenshot'
00:49:51.228 [AsyncHttpClient-1-1] DEBUG org.asynchttpclient.netty.channel.DefaultChannelPool - Entry count for : http://localhost:59868 : 1
00:49:51.260 [AsyncHttpClient-1-11] DEBUG org.asynchttpclient.netty.handler.HttpHandler - 

Request DefaultFullHttpRequest(decodeResult: success, version: HTTP/1.1, content: EmptyByteBufBE)
GET /session/2fb3befb8a22108f23ca222e58cb8fb9/screenshot HTTP/1.1
User-Agent: selenium/4.7.1 (java windows)
Cache-Control: no-cache
Content-Type: application/json; charset=utf-8
host: localhost:30683
accept: */*

Response DefaultHttpResponse(decodeResult: success, version: HTTP/1.1)
HTTP/1.1 200 OK
Content-Type: application/json; charset=utf-8
cache-control: no-cache
content-length: 32280

00:49:51.260 [AsyncHttpClient-1-11] DEBUG org.asynchttpclient.netty.channel.ChannelManager - Adding key: http://localhost:30683 for channel [id: 0x02bcbcfa, L:/127.0.0.1:59867 - R:localhost/127.0.0.1:30683]
00:49:51.262 [main] DEBUG net.serenitybdd.core.photography.Darkroom - Send negative for processing for target\site\serenity\e14604ff577b70d3a18ef0a540751a37199d7e126a85c71ae257424420134f88.png
00:49:51.262 [main] DEBUG net.thucydides.core.steps.StepInterceptor - STEP DONE: munculErrorMessage
00:49:51.262 [Darkroom Processing Line] DEBUG net.serenitybdd.core.photography.DarkroomProcessingLine - Processing screenshot image in /var/screenshots/screenshot-3384989919530034714
  &amp#27;[32mAnd &amp#27;[0m&amp#27;[32muser menerima error message &amp#27;[0m&amp#27;[32m&amp#27;[1m"email or password is invalid"&amp#27;[0m    &amp#27;[90m# starter.stepdefinitions.LoginRegisterSteps.userMenerimaErrorMessage(java.lang.String)&amp#27;[0m
00:49:51.262 [Darkroom Processing Line] DEBUG net.serenitybdd.core.photography.DarkroomProcessingLine - Saving screenshot to target\site\serenity\e14604ff577b70d3a18ef0a540751a37199d7e126a85c71ae257424420134f88.png
00:49:51.267 [main] INFO  - 
  _____   ___   ___   _____     ___     _     ___   ___   ___   ___  
 |_   _| | __| / __| |_   _|   | _ \   /_\   / __| / __| | __| |   \ 
   | |   | _|  \__ \   | |     |  _/  / _ \  \__ \ \__ \ | _|  | |) |
   |_|   |___| |___/   |_|     |_|   /_/ \_\ |___/ |___/ |___| |___/ 

user tidak bisa login karena menggunakan email yang salah
----------------------------------------------------------------------
00:49:51.268 [AsyncHttpClient-1-13] DEBUG org.asynchttpclient.netty.handler.WebSocketHandler - Channel Closed: [id: 0xfa2a7255, L:/127.0.0.1:59875 ! R:localhost/127.0.0.1:59868] with attribute NettyResponseFuture{currentRetry=0,
	isDone=1,
	isCancelled=0,
	asyncHandler=org.asynchttpclient.ws.WebSocketUpgradeHandler@49625053,
	nettyRequest=org.asynchttpclient.netty.request.NettyRequest@c60d71b,
	future=java.util.concurrent.CompletableFuture@1e31b697[Completed normally],
	uri=ws://localhost:59868/devtools/browser/10c1056b-17fe-40d8-b03c-8810a334b072,
	keepAlive=true,
	redirectCount=0,
	timeoutsHolder=null,
	inAuth=0,
	touch=1683654585674}
00:49:51.269 [AsyncHttpClient-1-13] DEBUG org.asynchttpclient.netty.channel.ChannelManager - Closing Channel [id: 0xfa2a7255, L:/127.0.0.1:59875 ! R:localhost/127.0.0.1:59868] 
00:49:51.269 [Driver Command Executor] DEBUG org.asynchttpclient.netty.request.NettyRequestSender - Using pooled Channel '[id: 0x02bcbcfa, L:/127.0.0.1:59867 - R:localhost/127.0.0.1:30683]' for 'DELETE' to 'http://localhost:30683/session/2fb3befb8a22108f23ca222e58cb8fb9'
00:49:51.269 [Driver Command Executor] DEBUG org.asynchttpclient.netty.request.NettyRequestSender - Using open Channel [id: 0x02bcbcfa, L:/127.0.0.1:59867 - R:localhost/127.0.0.1:30683] for DELETE '/session/2fb3befb8a22108f23ca222e58cb8fb9'
00:49:51.312 [AsyncHttpClient-1-12] DEBUG org.asynchttpclient.netty.handler.HttpHandler - Unexpected I/O exception on channel [id: 0xd49208cd, L:/127.0.0.1:59874 - R:localhost/127.0.0.1:59868]
java.net.SocketException: Connection reset
	at java.base/sun.nio.ch.SocketChannelImpl.throwConnectionReset(SocketChannelImpl.java:401)
	at java.base/sun.nio.ch.SocketChannelImpl.read(SocketChannelImpl.java:434)
	at io.netty.buffer.PooledByteBuf.setBytes(PooledByteBuf.java:259)
	at io.netty.buffer.AbstractByteBuf.writeBytes(AbstractByteBuf.java:1132)
	at io.netty.channel.socket.nio.NioSocketChannel.doReadBytes(NioSocketChannel.java:357)
	at io.netty.channel.nio.AbstractNioByteChannel$NioByteUnsafe.read(AbstractNioByteChannel.java:151)
	at io.netty.channel.nio.NioEventLoop.processSelectedKey(NioEventLoop.java:788)
	at io.netty.channel.nio.NioEventLoop.processSelectedKeysOptimized(NioEventLoop.java:724)
	at io.netty.channel.nio.NioEventLoop.processSelectedKeys(NioEventLoop.java:650)
	at io.netty.channel.nio.NioEventLoop.run(NioEventLoop.java:562)
	at io.netty.util.concurrent.SingleThreadEventExecutor$4.run(SingleThreadEventExecutor.java:997)
	at io.netty.util.internal.ThreadExecutorMap$2.run(ThreadExecutorMap.java:74)
	at io.netty.util.concurrent.FastThreadLocalRunnable.run(FastThreadLocalRunnable.java:30)
	at java.base/java.lang.Thread.run(Thread.java:1589)
00:49:51.313 [AsyncHttpClient-1-12] DEBUG org.asynchttpclient.netty.channel.ChannelManager - Closing Channel [id: 0xd49208cd, L:/127.0.0.1:59874 - R:localhost/127.0.0.1:59868] 
00:49:51.313 [AsyncHttpClient-1-12] DEBUG org.asynchttpclient.netty.handler.HttpHandler - Channel Closed: [id: 0xd49208cd, L:/127.0.0.1:59874 ! R:localhost/127.0.0.1:59868] with attribute DISCARD
00:49:51.332 [AsyncHttpClient-1-11] DEBUG org.asynchttpclient.netty.handler.HttpHandler - 

Request DefaultFullHttpRequest(decodeResult: success, version: HTTP/1.1, content: EmptyByteBufBE)
DELETE /session/2fb3befb8a22108f23ca222e58cb8fb9 HTTP/1.1
User-Agent: selenium/4.7.1 (java windows)
Content-Type: application/json; charset=utf-8
host: localhost:30683
accept: */*

Response DefaultHttpResponse(decodeResult: success, version: HTTP/1.1)
HTTP/1.1 200 OK
Content-Type: application/json; charset=utf-8
cache-control: no-cache
content-length: 14

00:49:51.332 [AsyncHttpClient-1-11] DEBUG org.asynchttpclient.netty.channel.ChannelManager - Adding key: http://localhost:30683 for channel [id: 0x02bcbcfa, L:/127.0.0.1:59867 - R:localhost/127.0.0.1:30683]
00:49:51.409 [AsyncHttpClient-1-11] DEBUG org.asynchttpclient.netty.handler.HttpHandler - Channel Closed: [id: 0x02bcbcfa, L:/127.0.0.1:59867 ! R:localhost/127.0.0.1:30683] with attribute DISCARD
]]></system-out>
    <system-err><![CDATA[Starting ChromeDriver 112.0.5615.49 (bd2a7bcb881c11e8cfe3078709382934e3916914-refs/branch-heads/5615@{#936}) on port 30683
Only local connections are allowed.
Please see https://chromedriver.chromium.org/security-considerations for suggestions on keeping ChromeDriver safe.
ChromeDriver was started successfully.
May 10, 2023 12:49:45 AM org.openqa.selenium.devtools.CdpVersionFinder findNearestMatch
WARNING: Unable to find an exact match for CDP version 112, so returning the closest version found: 108
]]></system-err>
  </testcase>
  <testcase name="user tidak bisa login karena tidak mengisi email" classname="login" time="6.357">
    <system-out><![CDATA[
@AS05-negative
Scenario: user tidak bisa login karena tidak mengisi email &amp#27;[90m# src/test/resources/features/1. Login.feature:41&amp#27;[0m
00:49:51.480 [main] INFO io.cucumber.core.plugin.SerenityReporter - Running feature from file:///C:/Users/HP/Downloads/Mini-Project-QA/ALTASHOP%20WEB%20AUTOMATION/src/test/resources/features/1.%20Login.feature
00:49:51.483 [main] INFO  - 
  _____   ___   ___   _____     ___   _____     _     ___   _____   ___   ___  
 |_   _| | __| / __| |_   _|   / __| |_   _|   /_\   | _ \ |_   _| | __| |   \ 
   | |   | _|  \__ \   | |     \__ \   | |    / _ \  |   /   | |   | _|  | |) |
   |_|   |___| |___/   |_|     |___/   |_|   /_/ \_\ |_|_\   |_|   |___| |___/ 

user tidak bisa login karena tidak mengisi email(login;user-tidak-bisa-login-karena-tidak-mengisi-email)
--------------------------------------------------------------------------------
00:49:51.505 [main] DEBUG net.thucydides.core.steps.StepInterceptor - STARTING STEP: LoginRegisterSteps.userBeradaDiHomepageAlta - diHomepageAltaShop
00:49:51.569 [main] INFO net.serenitybdd.core.webdriver.driverproviders.ChromeDriverProvider - Starting Chrome driver instance with capabilities:
00:49:51.570 [main] INFO net.serenitybdd.core.webdriver.driverproviders.ChromeDriverProvider - Capabilities {acceptInsecureCerts: true, browserName: chrome, goog:chromeOptions: {args: [remote-allow-origins=*, test-type, no-sandbox, ignore-certificate-errors, start-maximized, incognito, disable-infobars, disable-gpu, disable-default-apps, disable-popup-blocking, remote-allow-origins=*, test-type, no-sandbox, ignore-certificate-errors, start-maximized, incognito, disable-infobars, disable-gpu, disable-default-apps, disable-popup-blocking], extensions: []}}
00:49:51.659 [AsyncHttpClient-1-14] DEBUG org.asynchttpclient.netty.channel.NettyConnectListener - Using new Channel '[id: 0x76450424, L:/127.0.0.1:59891 - R:localhost/127.0.0.1:42865]' for 'POST' to '/session'
00:49:52.328 [AsyncHttpClient-1-1] DEBUG org.asynchttpclient.netty.channel.DefaultChannelPool - Entry count for : http://localhost:59868 : 1
00:49:52.328 [AsyncHttpClient-1-1] DEBUG org.asynchttpclient.netty.channel.DefaultChannelPool - Entry count for : http://localhost:30683 : 1
00:49:52.328 [AsyncHttpClient-1-1] DEBUG org.asynchttpclient.netty.channel.DefaultChannelPool - Adding Candidate expired Channel [id: 0xd49208cd, L:/127.0.0.1:59874 ! R:localhost/127.0.0.1:59868] isIdleTimeoutExpired=false isRemotelyClosed=true isTtlExpired=false
00:49:52.328 [AsyncHttpClient-1-1] DEBUG org.asynchttpclient.netty.channel.DefaultChannelPool - Closing Idle Channel [id: 0xd49208cd, L:/127.0.0.1:59874 ! R:localhost/127.0.0.1:59868]
00:49:52.328 [AsyncHttpClient-1-1] DEBUG org.asynchttpclient.netty.channel.DefaultChannelPool - Adding Candidate expired Channel [id: 0x02bcbcfa, L:/127.0.0.1:59867 ! R:localhost/127.0.0.1:30683] isIdleTimeoutExpired=false isRemotelyClosed=true isTtlExpired=false
00:49:52.328 [AsyncHttpClient-1-1] DEBUG org.asynchttpclient.netty.channel.DefaultChannelPool - Closing Idle Channel [id: 0x02bcbcfa, L:/127.0.0.1:59867 ! R:localhost/127.0.0.1:30683]
00:49:52.328 [AsyncHttpClient-1-1] DEBUG org.asynchttpclient.netty.channel.DefaultChannelPool - Closed 2 connections out of 2 in 0 ms
00:49:52.369 [AsyncHttpClient-1-14] DEBUG org.asynchttpclient.netty.handler.HttpHandler - 

Request DefaultHttpRequest(decodeResult: success, version: HTTP/1.1)
POST /session HTTP/1.1
User-Agent: selenium/4.7.1 (java windows)
Content-Length: 1629
Content-Type: application/json; charset=utf-8
host: localhost:42865
accept: */*

Response DefaultHttpResponse(decodeResult: success, version: HTTP/1.1)
HTTP/1.1 200 OK
Content-Type: application/json; charset=utf-8
cache-control: no-cache
content-length: 856

00:49:52.370 [AsyncHttpClient-1-14] DEBUG org.asynchttpclient.netty.channel.ChannelManager - Adding key: http://localhost:42865 for channel [id: 0x76450424, L:/127.0.0.1:59891 - R:localhost/127.0.0.1:42865]
00:49:52.380 [AsyncHttpClient-1-15] DEBUG org.asynchttpclient.netty.channel.NettyConnectListener - Using new Channel '[id: 0x60449a05, L:/127.0.0.1:59898 - R:localhost/127.0.0.1:59892]' for 'GET' to '/json/version'
00:49:52.384 [AsyncHttpClient-1-15] DEBUG org.asynchttpclient.netty.handler.HttpHandler - 

Request DefaultFullHttpRequest(decodeResult: success, version: HTTP/1.1, content: EmptyByteBufBE)
GET /json/version HTTP/1.1
User-Agent: selenium/4.7.1 (java windows)
host: localhost:59892
accept: */*

Response DefaultHttpResponse(decodeResult: success, version: HTTP/1.1)
HTTP/1.1 200 OK
Content-Security-Policy: frame-ancestors 'none'
Content-Type: application/json; charset=UTF-8
content-length: 424

00:49:52.384 [AsyncHttpClient-1-15] DEBUG org.asynchttpclient.netty.channel.ChannelManager - Adding key: http://localhost:59892 for channel [id: 0x60449a05, L:/127.0.0.1:59898 - R:localhost/127.0.0.1:59892]
00:49:52.387 [AsyncHttpClient-1-16] DEBUG org.asynchttpclient.netty.channel.NettyConnectListener - Using new Channel '[id: 0x7fe9c0e3, L:/127.0.0.1:59899 - R:localhost/127.0.0.1:59892]' for 'GET' to '/devtools/browser/b8ec56a7-3e34-4b44-bff2-77b2511c9db0'
00:49:52.391 [AsyncHttpClient-1-16] DEBUG org.asynchttpclient.netty.handler.WebSocketHandler - 

Request DefaultFullHttpRequest(decodeResult: success, version: HTTP/1.1, content: EmptyByteBufBE)
GET /devtools/browser/b8ec56a7-3e34-4b44-bff2-77b2511c9db0 HTTP/1.1
upgrade: websocket
connection: upgrade
sec-websocket-key: Fj+5Se5qxE6jkun0a/FyEQ==
sec-websocket-version: 13
origin: http://localhost:59892
host: localhost:59892
accept: */*
user-agent: AHC/2.1

Response DefaultHttpResponse(decodeResult: success, version: HTTP/1.1)
HTTP/1.1 101 WebSocket Protocol Handshake
Upgrade: WebSocket
Connection: Upgrade
Sec-WebSocket-Accept: ea5CtE0wovAGRJI+dHJZNElwBiY=

00:49:52.414 [Forwarding get on session 2d7b512d8447bedd1ec5c9db6a427ced to remote] DEBUG org.asynchttpclient.netty.request.NettyRequestSender - Using pooled Channel '[id: 0x76450424, L:/127.0.0.1:59891 - R:localhost/127.0.0.1:42865]' for 'POST' to 'http://localhost:42865/session/2d7b512d8447bedd1ec5c9db6a427ced/url'
00:49:52.414 [Forwarding get on session 2d7b512d8447bedd1ec5c9db6a427ced to remote] DEBUG org.asynchttpclient.netty.request.NettyRequestSender - Using open Channel [id: 0x76450424, L:/127.0.0.1:59891 - R:localhost/127.0.0.1:42865] for POST '/session/2d7b512d8447bedd1ec5c9db6a427ced/url'
00:49:53.428 [AsyncHttpClient-1-1] DEBUG org.asynchttpclient.netty.channel.DefaultChannelPool - Entry count for : http://localhost:59892 : 1
00:49:53.580 [AsyncHttpClient-1-14] DEBUG org.asynchttpclient.netty.handler.HttpHandler - 

Request DefaultHttpRequest(decodeResult: success, version: HTTP/1.1)
POST /session/2d7b512d8447bedd1ec5c9db6a427ced/url HTTP/1.1
User-Agent: selenium/4.7.1 (java windows)
Content-Length: 59
Content-Type: application/json; charset=utf-8
host: localhost:42865
accept: */*

Response DefaultHttpResponse(decodeResult: success, version: HTTP/1.1)
HTTP/1.1 200 OK
Content-Type: application/json; charset=utf-8
cache-control: no-cache
content-length: 14

00:49:53.580 [AsyncHttpClient-1-14] DEBUG org.asynchttpclient.netty.channel.ChannelManager - Adding key: http://localhost:42865 for channel [id: 0x76450424, L:/127.0.0.1:59891 - R:localhost/127.0.0.1:42865]
00:49:53.584 [Forwarding setTimeout on session 2d7b512d8447bedd1ec5c9db6a427ced to remote] DEBUG org.asynchttpclient.netty.request.NettyRequestSender - Using pooled Channel '[id: 0x76450424, L:/127.0.0.1:59891 - R:localhost/127.0.0.1:42865]' for 'POST' to 'http://localhost:42865/session/2d7b512d8447bedd1ec5c9db6a427ced/timeouts'
00:49:53.584 [Forwarding setTimeout on session 2d7b512d8447bedd1ec5c9db6a427ced to remote] DEBUG org.asynchttpclient.netty.request.NettyRequestSender - Using open Channel [id: 0x76450424, L:/127.0.0.1:59891 - R:localhost/127.0.0.1:42865] for POST '/session/2d7b512d8447bedd1ec5c9db6a427ced/timeouts'
00:49:53.587 [AsyncHttpClient-1-14] DEBUG org.asynchttpclient.netty.handler.HttpHandler - 

Request DefaultHttpRequest(decodeResult: success, version: HTTP/1.1)
POST /session/2d7b512d8447bedd1ec5c9db6a427ced/timeouts HTTP/1.1
User-Agent: selenium/4.7.1 (java windows)
Content-Length: 22
Content-Type: application/json; charset=utf-8
host: localhost:42865
accept: */*

Response DefaultHttpResponse(decodeResult: success, version: HTTP/1.1)
HTTP/1.1 200 OK
Content-Type: application/json; charset=utf-8
cache-control: no-cache
content-length: 14

00:49:53.587 [AsyncHttpClient-1-14] DEBUG org.asynchttpclient.netty.channel.ChannelManager - Adding key: http://localhost:42865 for channel [id: 0x76450424, L:/127.0.0.1:59891 - R:localhost/127.0.0.1:42865]
00:49:53.591 [Forwarding getCurrentUrl on session 2d7b512d8447bedd1ec5c9db6a427ced to remote] DEBUG org.asynchttpclient.netty.request.NettyRequestSender - Using pooled Channel '[id: 0x76450424, L:/127.0.0.1:59891 - R:localhost/127.0.0.1:42865]' for 'GET' to 'http://localhost:42865/session/2d7b512d8447bedd1ec5c9db6a427ced/url'
00:49:53.591 [Forwarding getCurrentUrl on session 2d7b512d8447bedd1ec5c9db6a427ced to remote] DEBUG org.asynchttpclient.netty.request.NettyRequestSender - Using open Channel [id: 0x76450424, L:/127.0.0.1:59891 - R:localhost/127.0.0.1:42865] for GET '/session/2d7b512d8447bedd1ec5c9db6a427ced/url'
00:49:53.598 [AsyncHttpClient-1-14] DEBUG org.asynchttpclient.netty.handler.HttpHandler - 

Request DefaultFullHttpRequest(decodeResult: success, version: HTTP/1.1, content: EmptyByteBufBE)
GET /session/2d7b512d8447bedd1ec5c9db6a427ced/url HTTP/1.1
User-Agent: selenium/4.7.1 (java windows)
Cache-Control: no-cache
Content-Type: application/json; charset=utf-8
host: localhost:42865
accept: */*

Response DefaultHttpResponse(decodeResult: success, version: HTTP/1.1)
HTTP/1.1 200 OK
Content-Type: application/json; charset=utf-8
cache-control: no-cache
content-length: 41

00:49:53.598 [AsyncHttpClient-1-14] DEBUG org.asynchttpclient.netty.channel.ChannelManager - Adding key: http://localhost:42865 for channel [id: 0x76450424, L:/127.0.0.1:59891 - R:localhost/127.0.0.1:42865]
00:49:53.601 [Forwarding getCurrentUrl on session 2d7b512d8447bedd1ec5c9db6a427ced to remote] DEBUG org.asynchttpclient.netty.request.NettyRequestSender - Using pooled Channel '[id: 0x76450424, L:/127.0.0.1:59891 - R:localhost/127.0.0.1:42865]' for 'GET' to 'http://localhost:42865/session/2d7b512d8447bedd1ec5c9db6a427ced/url'
00:49:53.601 [Forwarding getCurrentUrl on session 2d7b512d8447bedd1ec5c9db6a427ced to remote] DEBUG org.asynchttpclient.netty.request.NettyRequestSender - Using open Channel [id: 0x76450424, L:/127.0.0.1:59891 - R:localhost/127.0.0.1:42865] for GET '/session/2d7b512d8447bedd1ec5c9db6a427ced/url'
00:49:53.605 [AsyncHttpClient-1-14] DEBUG org.asynchttpclient.netty.handler.HttpHandler - 

Request DefaultFullHttpRequest(decodeResult: success, version: HTTP/1.1, content: EmptyByteBufBE)
GET /session/2d7b512d8447bedd1ec5c9db6a427ced/url HTTP/1.1
User-Agent: selenium/4.7.1 (java windows)
Cache-Control: no-cache
Content-Type: application/json; charset=utf-8
host: localhost:42865
accept: */*

Response DefaultHttpResponse(decodeResult: success, version: HTTP/1.1)
HTTP/1.1 200 OK
Content-Type: application/json; charset=utf-8
cache-control: no-cache
content-length: 41

00:49:53.606 [AsyncHttpClient-1-14] DEBUG org.asynchttpclient.netty.channel.ChannelManager - Adding key: http://localhost:42865 for channel [id: 0x76450424, L:/127.0.0.1:59891 - R:localhost/127.0.0.1:42865]
00:49:53.610 [Forwarding findElement on session 2d7b512d8447bedd1ec5c9db6a427ced to remote] DEBUG org.asynchttpclient.netty.request.NettyRequestSender - Using pooled Channel '[id: 0x76450424, L:/127.0.0.1:59891 - R:localhost/127.0.0.1:42865]' for 'POST' to 'http://localhost:42865/session/2d7b512d8447bedd1ec5c9db6a427ced/element'
00:49:53.610 [Forwarding findElement on session 2d7b512d8447bedd1ec5c9db6a427ced to remote] DEBUG org.asynchttpclient.netty.request.NettyRequestSender - Using open Channel [id: 0x76450424, L:/127.0.0.1:59891 - R:localhost/127.0.0.1:42865] for POST '/session/2d7b512d8447bedd1ec5c9db6a427ced/element'
00:49:53.629 [AsyncHttpClient-1-14] DEBUG org.asynchttpclient.netty.handler.HttpHandler - 

Request DefaultHttpRequest(decodeResult: success, version: HTTP/1.1)
POST /session/2d7b512d8447bedd1ec5c9db6a427ced/element HTTP/1.1
User-Agent: selenium/4.7.1 (java windows)
Content-Length: 108
Content-Type: application/json; charset=utf-8
host: localhost:42865
accept: */*

Response DefaultHttpResponse(decodeResult: success, version: HTTP/1.1)
HTTP/1.1 200 OK
Content-Type: application/json; charset=utf-8
cache-control: no-cache
content-length: 88

00:49:53.629 [AsyncHttpClient-1-14] DEBUG org.asynchttpclient.netty.channel.ChannelManager - Adding key: http://localhost:42865 for channel [id: 0x76450424, L:/127.0.0.1:59891 - R:localhost/127.0.0.1:42865]
00:49:53.635 [Forwarding isElementDisplayed on session 2d7b512d8447bedd1ec5c9db6a427ced to remote] DEBUG org.asynchttpclient.netty.request.NettyRequestSender - Using pooled Channel '[id: 0x76450424, L:/127.0.0.1:59891 - R:localhost/127.0.0.1:42865]' for 'POST' to 'http://localhost:42865/session/2d7b512d8447bedd1ec5c9db6a427ced/execute/sync'
00:49:53.635 [Forwarding isElementDisplayed on session 2d7b512d8447bedd1ec5c9db6a427ced to remote] DEBUG org.asynchttpclient.netty.request.NettyRequestSender - Using open Channel [id: 0x76450424, L:/127.0.0.1:59891 - R:localhost/127.0.0.1:42865] for POST '/session/2d7b512d8447bedd1ec5c9db6a427ced/execute/sync'
00:49:53.654 [AsyncHttpClient-1-14] DEBUG org.asynchttpclient.netty.handler.HttpHandler - 

Request DefaultHttpRequest(decodeResult: success, version: HTTP/1.1)
POST /session/2d7b512d8447bedd1ec5c9db6a427ced/execute/sync HTTP/1.1
User-Agent: selenium/4.7.1 (java windows)
Content-Length: 48780
Content-Type: application/json; charset=utf-8
host: localhost:42865
accept: */*

Response DefaultHttpResponse(decodeResult: success, version: HTTP/1.1)
HTTP/1.1 200 OK
Content-Type: application/json; charset=utf-8
cache-control: no-cache
content-length: 14

00:49:53.654 [AsyncHttpClient-1-14] DEBUG org.asynchttpclient.netty.channel.ChannelManager - Adding key: http://localhost:42865 for channel [id: 0x76450424, L:/127.0.0.1:59891 - R:localhost/127.0.0.1:42865]
00:49:53.657 [Forwarding isElementDisplayed on session 2d7b512d8447bedd1ec5c9db6a427ced to remote] DEBUG org.asynchttpclient.netty.request.NettyRequestSender - Using pooled Channel '[id: 0x76450424, L:/127.0.0.1:59891 - R:localhost/127.0.0.1:42865]' for 'POST' to 'http://localhost:42865/session/2d7b512d8447bedd1ec5c9db6a427ced/execute/sync'
00:49:53.658 [Forwarding isElementDisplayed on session 2d7b512d8447bedd1ec5c9db6a427ced to remote] DEBUG org.asynchttpclient.netty.request.NettyRequestSender - Using open Channel [id: 0x76450424, L:/127.0.0.1:59891 - R:localhost/127.0.0.1:42865] for POST '/session/2d7b512d8447bedd1ec5c9db6a427ced/execute/sync'
00:49:53.674 [AsyncHttpClient-1-14] DEBUG org.asynchttpclient.netty.handler.HttpHandler - 

Request DefaultHttpRequest(decodeResult: success, version: HTTP/1.1)
POST /session/2d7b512d8447bedd1ec5c9db6a427ced/execute/sync HTTP/1.1
User-Agent: selenium/4.7.1 (java windows)
Content-Length: 48780
Content-Type: application/json; charset=utf-8
host: localhost:42865
accept: */*

Response DefaultHttpResponse(decodeResult: success, version: HTTP/1.1)
HTTP/1.1 200 OK
Content-Type: application/json; charset=utf-8
cache-control: no-cache
content-length: 14

00:49:53.674 [AsyncHttpClient-1-14] DEBUG org.asynchttpclient.netty.channel.ChannelManager - Adding key: http://localhost:42865 for channel [id: 0x76450424, L:/127.0.0.1:59891 - R:localhost/127.0.0.1:42865]
00:49:53.680 [Forwarding getCurrentWindowHandle on session 2d7b512d8447bedd1ec5c9db6a427ced to remote] DEBUG org.asynchttpclient.netty.request.NettyRequestSender - Using pooled Channel '[id: 0x76450424, L:/127.0.0.1:59891 - R:localhost/127.0.0.1:42865]' for 'GET' to 'http://localhost:42865/session/2d7b512d8447bedd1ec5c9db6a427ced/window'
00:49:53.680 [Forwarding getCurrentWindowHandle on session 2d7b512d8447bedd1ec5c9db6a427ced to remote] DEBUG org.asynchttpclient.netty.request.NettyRequestSender - Using open Channel [id: 0x76450424, L:/127.0.0.1:59891 - R:localhost/127.0.0.1:42865] for GET '/session/2d7b512d8447bedd1ec5c9db6a427ced/window'
00:49:53.681 [AsyncHttpClient-1-14] DEBUG org.asynchttpclient.netty.handler.HttpHandler - 

Request DefaultFullHttpRequest(decodeResult: success, version: HTTP/1.1, content: EmptyByteBufBE)
GET /session/2d7b512d8447bedd1ec5c9db6a427ced/window HTTP/1.1
User-Agent: selenium/4.7.1 (java windows)
Cache-Control: no-cache
Content-Type: application/json; charset=utf-8
host: localhost:42865
accept: */*

Response DefaultHttpResponse(decodeResult: success, version: HTTP/1.1)
HTTP/1.1 200 OK
Content-Type: application/json; charset=utf-8
cache-control: no-cache
content-length: 44

00:49:53.681 [AsyncHttpClient-1-14] DEBUG org.asynchttpclient.netty.channel.ChannelManager - Adding key: http://localhost:42865 for channel [id: 0x76450424, L:/127.0.0.1:59891 - R:localhost/127.0.0.1:42865]
00:49:53.683 [Forwarding getAlertText on session 2d7b512d8447bedd1ec5c9db6a427ced to remote] DEBUG org.asynchttpclient.netty.request.NettyRequestSender - Using pooled Channel '[id: 0x76450424, L:/127.0.0.1:59891 - R:localhost/127.0.0.1:42865]' for 'GET' to 'http://localhost:42865/session/2d7b512d8447bedd1ec5c9db6a427ced/alert/text'
00:49:53.683 [Forwarding getAlertText on session 2d7b512d8447bedd1ec5c9db6a427ced to remote] DEBUG org.asynchttpclient.netty.request.NettyRequestSender - Using open Channel [id: 0x76450424, L:/127.0.0.1:59891 - R:localhost/127.0.0.1:42865] for GET '/session/2d7b512d8447bedd1ec5c9db6a427ced/alert/text'
00:49:53.684 [AsyncHttpClient-1-14] DEBUG org.asynchttpclient.netty.handler.HttpHandler - 

Request DefaultFullHttpRequest(decodeResult: success, version: HTTP/1.1, content: EmptyByteBufBE)
GET /session/2d7b512d8447bedd1ec5c9db6a427ced/alert/text HTTP/1.1
User-Agent: selenium/4.7.1 (java windows)
Cache-Control: no-cache
Content-Type: application/json; charset=utf-8
host: localhost:42865
accept: */*

Response DefaultHttpResponse(decodeResult: success, version: HTTP/1.1)
HTTP/1.1 404 Not Found
Content-Type: application/json; charset=utf-8
cache-control: no-cache
content-length: 849

00:49:53.685 [AsyncHttpClient-1-14] DEBUG org.asynchttpclient.netty.channel.ChannelManager - Adding key: http://localhost:42865 for channel [id: 0x76450424, L:/127.0.0.1:59891 - R:localhost/127.0.0.1:42865]
00:49:53.687 [Forwarding switchToWindow on session 2d7b512d8447bedd1ec5c9db6a427ced to remote] DEBUG org.asynchttpclient.netty.request.NettyRequestSender - Using pooled Channel '[id: 0x76450424, L:/127.0.0.1:59891 - R:localhost/127.0.0.1:42865]' for 'POST' to 'http://localhost:42865/session/2d7b512d8447bedd1ec5c9db6a427ced/window'
00:49:53.687 [Forwarding switchToWindow on session 2d7b512d8447bedd1ec5c9db6a427ced to remote] DEBUG org.asynchttpclient.netty.request.NettyRequestSender - Using open Channel [id: 0x76450424, L:/127.0.0.1:59891 - R:localhost/127.0.0.1:42865] for POST '/session/2d7b512d8447bedd1ec5c9db6a427ced/window'
00:49:53.689 [AsyncHttpClient-1-14] DEBUG org.asynchttpclient.netty.handler.HttpHandler - 

Request DefaultHttpRequest(decodeResult: success, version: HTTP/1.1)
POST /session/2d7b512d8447bedd1ec5c9db6a427ced/window HTTP/1.1
User-Agent: selenium/4.7.1 (java windows)
Content-Length: 50
Content-Type: application/json; charset=utf-8
host: localhost:42865
accept: */*

Response DefaultHttpResponse(decodeResult: success, version: HTTP/1.1)
HTTP/1.1 200 OK
Content-Type: application/json; charset=utf-8
cache-control: no-cache
content-length: 14

00:49:53.690 [AsyncHttpClient-1-14] DEBUG org.asynchttpclient.netty.channel.ChannelManager - Adding key: http://localhost:42865 for channel [id: 0x76450424, L:/127.0.0.1:59891 - R:localhost/127.0.0.1:42865]
00:49:53.691 [Forwarding getCurrentUrl on session 2d7b512d8447bedd1ec5c9db6a427ced to remote] DEBUG org.asynchttpclient.netty.request.NettyRequestSender - Using pooled Channel '[id: 0x76450424, L:/127.0.0.1:59891 - R:localhost/127.0.0.1:42865]' for 'GET' to 'http://localhost:42865/session/2d7b512d8447bedd1ec5c9db6a427ced/url'
00:49:53.691 [Forwarding getCurrentUrl on session 2d7b512d8447bedd1ec5c9db6a427ced to remote] DEBUG org.asynchttpclient.netty.request.NettyRequestSender - Using open Channel [id: 0x76450424, L:/127.0.0.1:59891 - R:localhost/127.0.0.1:42865] for GET '/session/2d7b512d8447bedd1ec5c9db6a427ced/url'
00:49:53.697 [AsyncHttpClient-1-14] DEBUG org.asynchttpclient.netty.handler.HttpHandler - 

Request DefaultFullHttpRequest(decodeResult: success, version: HTTP/1.1, content: EmptyByteBufBE)
GET /session/2d7b512d8447bedd1ec5c9db6a427ced/url HTTP/1.1
User-Agent: selenium/4.7.1 (java windows)
Cache-Control: no-cache
Content-Type: application/json; charset=utf-8
host: localhost:42865
accept: */*

Response DefaultHttpResponse(decodeResult: success, version: HTTP/1.1)
HTTP/1.1 200 OK
Content-Type: application/json; charset=utf-8
cache-control: no-cache
content-length: 41

00:49:53.697 [AsyncHttpClient-1-14] DEBUG org.asynchttpclient.netty.channel.ChannelManager - Adding key: http://localhost:42865 for channel [id: 0x76450424, L:/127.0.0.1:59891 - R:localhost/127.0.0.1:42865]
00:49:53.699 [Forwarding screenshot on session 2d7b512d8447bedd1ec5c9db6a427ced to remote] DEBUG org.asynchttpclient.netty.request.NettyRequestSender - Using pooled Channel '[id: 0x76450424, L:/127.0.0.1:59891 - R:localhost/127.0.0.1:42865]' for 'GET' to 'http://localhost:42865/session/2d7b512d8447bedd1ec5c9db6a427ced/screenshot'
00:49:53.699 [Forwarding screenshot on session 2d7b512d8447bedd1ec5c9db6a427ced to remote] DEBUG org.asynchttpclient.netty.request.NettyRequestSender - Using open Channel [id: 0x76450424, L:/127.0.0.1:59891 - R:localhost/127.0.0.1:42865] for GET '/session/2d7b512d8447bedd1ec5c9db6a427ced/screenshot'
00:49:54.528 [AsyncHttpClient-1-1] DEBUG org.asynchttpclient.netty.channel.DefaultChannelPool - Entry count for : http://localhost:59892 : 1
00:49:55.634 [AsyncHttpClient-1-1] DEBUG org.asynchttpclient.netty.channel.DefaultChannelPool - Entry count for : http://localhost:59892 : 1
00:49:56.170 [AsyncHttpClient-1-14] DEBUG org.asynchttpclient.netty.handler.HttpHandler - 

Request DefaultFullHttpRequest(decodeResult: success, version: HTTP/1.1, content: EmptyByteBufBE)
GET /session/2d7b512d8447bedd1ec5c9db6a427ced/screenshot HTTP/1.1
User-Agent: selenium/4.7.1 (java windows)
Cache-Control: no-cache
Content-Type: application/json; charset=utf-8
host: localhost:42865
accept: */*

Response DefaultHttpResponse(decodeResult: success, version: HTTP/1.1)
HTTP/1.1 200 OK
Content-Type: application/json; charset=utf-8
cache-control: no-cache
content-length: 39624

00:49:56.171 [AsyncHttpClient-1-14] DEBUG org.asynchttpclient.netty.channel.ChannelManager - Adding key: http://localhost:42865 for channel [id: 0x76450424, L:/127.0.0.1:59891 - R:localhost/127.0.0.1:42865]
00:49:56.173 [main] DEBUG net.serenitybdd.core.photography.Darkroom - Send negative for processing for target\site\serenity\27c518f5fadcf3406b0b9b10c3ca6d212fa4c36462718a40d81d59aa60c53512.png
00:49:56.174 [main] DEBUG net.thucydides.core.steps.StepInterceptor - STEP DONE: diHomepageAltaShop
00:49:56.174 [Darkroom Processing Line] DEBUG net.serenitybdd.core.photography.DarkroomProcessingLine - Processing screenshot image in /var/screenshots/screenshot-14742468342636453886
00:49:56.174 [Darkroom Processing Line] DEBUG net.serenitybdd.core.photography.DarkroomProcessingLine - Saving screenshot to target\site\serenity\27c518f5fadcf3406b0b9b10c3ca6d212fa4c36462718a40d81d59aa60c53512.png
  &amp#27;[32mGiven &amp#27;[0m&amp#27;[32muser berada di Homepage AltaShop&amp#27;[0m                   &amp#27;[90m# starter.stepdefinitions.LoginRegisterSteps.userBeradaDiHomepageAlta()&amp#27;[0m
00:49:56.186 [main] DEBUG net.thucydides.core.steps.StepInterceptor - STARTING STEP: LoginRegisterSteps.userKlikButtonLogin - klikButtonLogin
00:49:56.188 [Forwarding findElement on session 2d7b512d8447bedd1ec5c9db6a427ced to remote] DEBUG org.asynchttpclient.netty.request.NettyRequestSender - Using pooled Channel '[id: 0x76450424, L:/127.0.0.1:59891 - R:localhost/127.0.0.1:42865]' for 'POST' to 'http://localhost:42865/session/2d7b512d8447bedd1ec5c9db6a427ced/element'
00:49:56.188 [Forwarding findElement on session 2d7b512d8447bedd1ec5c9db6a427ced to remote] DEBUG org.asynchttpclient.netty.request.NettyRequestSender - Using open Channel [id: 0x76450424, L:/127.0.0.1:59891 - R:localhost/127.0.0.1:42865] for POST '/session/2d7b512d8447bedd1ec5c9db6a427ced/element'
00:49:56.207 [AsyncHttpClient-1-14] DEBUG org.asynchttpclient.netty.handler.HttpHandler - 

Request DefaultHttpRequest(decodeResult: success, version: HTTP/1.1)
POST /session/2d7b512d8447bedd1ec5c9db6a427ced/element HTTP/1.1
User-Agent: selenium/4.7.1 (java windows)
Content-Length: 108
Content-Type: application/json; charset=utf-8
host: localhost:42865
accept: */*

Response DefaultHttpResponse(decodeResult: success, version: HTTP/1.1)
HTTP/1.1 200 OK
Content-Type: application/json; charset=utf-8
cache-control: no-cache
content-length: 88

00:49:56.207 [AsyncHttpClient-1-14] DEBUG org.asynchttpclient.netty.channel.ChannelManager - Adding key: http://localhost:42865 for channel [id: 0x76450424, L:/127.0.0.1:59891 - R:localhost/127.0.0.1:42865]
00:49:56.209 [Forwarding getElementTagName on session 2d7b512d8447bedd1ec5c9db6a427ced to remote] DEBUG org.asynchttpclient.netty.request.NettyRequestSender - Using pooled Channel '[id: 0x76450424, L:/127.0.0.1:59891 - R:localhost/127.0.0.1:42865]' for 'GET' to 'http://localhost:42865/session/2d7b512d8447bedd1ec5c9db6a427ced/element/79af5f8d-9c03-4abc-ae6f-d57462477f56/name'
00:49:56.209 [Forwarding getElementTagName on session 2d7b512d8447bedd1ec5c9db6a427ced to remote] DEBUG org.asynchttpclient.netty.request.NettyRequestSender - Using open Channel [id: 0x76450424, L:/127.0.0.1:59891 - R:localhost/127.0.0.1:42865] for GET '/session/2d7b512d8447bedd1ec5c9db6a427ced/element/79af5f8d-9c03-4abc-ae6f-d57462477f56/name'
00:49:56.213 [AsyncHttpClient-1-14] DEBUG org.asynchttpclient.netty.handler.HttpHandler - 

Request DefaultFullHttpRequest(decodeResult: success, version: HTTP/1.1, content: EmptyByteBufBE)
GET /session/2d7b512d8447bedd1ec5c9db6a427ced/element/79af5f8d-9c03-4abc-ae6f-d57462477f56/name HTTP/1.1
User-Agent: selenium/4.7.1 (java windows)
Cache-Control: no-cache
Content-Type: application/json; charset=utf-8
host: localhost:42865
accept: */*

Response DefaultHttpResponse(decodeResult: success, version: HTTP/1.1)
HTTP/1.1 200 OK
Content-Type: application/json; charset=utf-8
cache-control: no-cache
content-length: 18

00:49:56.213 [AsyncHttpClient-1-14] DEBUG org.asynchttpclient.netty.channel.ChannelManager - Adding key: http://localhost:42865 for channel [id: 0x76450424, L:/127.0.0.1:59891 - R:localhost/127.0.0.1:42865]
00:49:56.214 [Forwarding getElementTagName on session 2d7b512d8447bedd1ec5c9db6a427ced to remote] DEBUG org.asynchttpclient.netty.request.NettyRequestSender - Using pooled Channel '[id: 0x76450424, L:/127.0.0.1:59891 - R:localhost/127.0.0.1:42865]' for 'GET' to 'http://localhost:42865/session/2d7b512d8447bedd1ec5c9db6a427ced/element/79af5f8d-9c03-4abc-ae6f-d57462477f56/name'
00:49:56.214 [Forwarding getElementTagName on session 2d7b512d8447bedd1ec5c9db6a427ced to remote] DEBUG org.asynchttpclient.netty.request.NettyRequestSender - Using open Channel [id: 0x76450424, L:/127.0.0.1:59891 - R:localhost/127.0.0.1:42865] for GET '/session/2d7b512d8447bedd1ec5c9db6a427ced/element/79af5f8d-9c03-4abc-ae6f-d57462477f56/name'
00:49:56.218 [AsyncHttpClient-1-14] DEBUG org.asynchttpclient.netty.handler.HttpHandler - 

Request DefaultFullHttpRequest(decodeResult: success, version: HTTP/1.1, content: EmptyByteBufBE)
GET /session/2d7b512d8447bedd1ec5c9db6a427ced/element/79af5f8d-9c03-4abc-ae6f-d57462477f56/name HTTP/1.1
User-Agent: selenium/4.7.1 (java windows)
Cache-Control: no-cache
Content-Type: application/json; charset=utf-8
host: localhost:42865
accept: */*

Response DefaultHttpResponse(decodeResult: success, version: HTTP/1.1)
HTTP/1.1 200 OK
Content-Type: application/json; charset=utf-8
cache-control: no-cache
content-length: 18

00:49:56.218 [AsyncHttpClient-1-14] DEBUG org.asynchttpclient.netty.channel.ChannelManager - Adding key: http://localhost:42865 for channel [id: 0x76450424, L:/127.0.0.1:59891 - R:localhost/127.0.0.1:42865]
00:49:56.221 [Forwarding isElementEnabled on session 2d7b512d8447bedd1ec5c9db6a427ced to remote] DEBUG org.asynchttpclient.netty.request.NettyRequestSender - Using pooled Channel '[id: 0x76450424, L:/127.0.0.1:59891 - R:localhost/127.0.0.1:42865]' for 'GET' to 'http://localhost:42865/session/2d7b512d8447bedd1ec5c9db6a427ced/element/79af5f8d-9c03-4abc-ae6f-d57462477f56/enabled'
00:49:56.221 [Forwarding isElementEnabled on session 2d7b512d8447bedd1ec5c9db6a427ced to remote] DEBUG org.asynchttpclient.netty.request.NettyRequestSender - Using open Channel [id: 0x76450424, L:/127.0.0.1:59891 - R:localhost/127.0.0.1:42865] for GET '/session/2d7b512d8447bedd1ec5c9db6a427ced/element/79af5f8d-9c03-4abc-ae6f-d57462477f56/enabled'
00:49:56.230 [AsyncHttpClient-1-14] DEBUG org.asynchttpclient.netty.handler.HttpHandler - 

Request DefaultFullHttpRequest(decodeResult: success, version: HTTP/1.1, content: EmptyByteBufBE)
GET /session/2d7b512d8447bedd1ec5c9db6a427ced/element/79af5f8d-9c03-4abc-ae6f-d57462477f56/enabled HTTP/1.1
User-Agent: selenium/4.7.1 (java windows)
Cache-Control: no-cache
Content-Type: application/json; charset=utf-8
host: localhost:42865
accept: */*

Response DefaultHttpResponse(decodeResult: success, version: HTTP/1.1)
HTTP/1.1 200 OK
Content-Type: application/json; charset=utf-8
cache-control: no-cache
content-length: 14

00:49:56.230 [AsyncHttpClient-1-14] DEBUG org.asynchttpclient.netty.channel.ChannelManager - Adding key: http://localhost:42865 for channel [id: 0x76450424, L:/127.0.0.1:59891 - R:localhost/127.0.0.1:42865]
00:49:56.231 [Forwarding isElementEnabled on session 2d7b512d8447bedd1ec5c9db6a427ced to remote] DEBUG org.asynchttpclient.netty.request.NettyRequestSender - Using pooled Channel '[id: 0x76450424, L:/127.0.0.1:59891 - R:localhost/127.0.0.1:42865]' for 'GET' to 'http://localhost:42865/session/2d7b512d8447bedd1ec5c9db6a427ced/element/79af5f8d-9c03-4abc-ae6f-d57462477f56/enabled'
00:49:56.232 [Forwarding isElementEnabled on session 2d7b512d8447bedd1ec5c9db6a427ced to remote] DEBUG org.asynchttpclient.netty.request.NettyRequestSender - Using open Channel [id: 0x76450424, L:/127.0.0.1:59891 - R:localhost/127.0.0.1:42865] for GET '/session/2d7b512d8447bedd1ec5c9db6a427ced/element/79af5f8d-9c03-4abc-ae6f-d57462477f56/enabled'
00:49:56.240 [AsyncHttpClient-1-14] DEBUG org.asynchttpclient.netty.handler.HttpHandler - 

Request DefaultFullHttpRequest(decodeResult: success, version: HTTP/1.1, content: EmptyByteBufBE)
GET /session/2d7b512d8447bedd1ec5c9db6a427ced/element/79af5f8d-9c03-4abc-ae6f-d57462477f56/enabled HTTP/1.1
User-Agent: selenium/4.7.1 (java windows)
Cache-Control: no-cache
Content-Type: application/json; charset=utf-8
host: localhost:42865
accept: */*

Response DefaultHttpResponse(decodeResult: success, version: HTTP/1.1)
HTTP/1.1 200 OK
Content-Type: application/json; charset=utf-8
cache-control: no-cache
content-length: 14

00:49:56.241 [AsyncHttpClient-1-14] DEBUG org.asynchttpclient.netty.channel.ChannelManager - Adding key: http://localhost:42865 for channel [id: 0x76450424, L:/127.0.0.1:59891 - R:localhost/127.0.0.1:42865]
00:49:56.243 [Forwarding findElement on session 2d7b512d8447bedd1ec5c9db6a427ced to remote] DEBUG org.asynchttpclient.netty.request.NettyRequestSender - Using pooled Channel '[id: 0x76450424, L:/127.0.0.1:59891 - R:localhost/127.0.0.1:42865]' for 'POST' to 'http://localhost:42865/session/2d7b512d8447bedd1ec5c9db6a427ced/element'
00:49:56.243 [Forwarding findElement on session 2d7b512d8447bedd1ec5c9db6a427ced to remote] DEBUG org.asynchttpclient.netty.request.NettyRequestSender - Using open Channel [id: 0x76450424, L:/127.0.0.1:59891 - R:localhost/127.0.0.1:42865] for POST '/session/2d7b512d8447bedd1ec5c9db6a427ced/element'
00:49:56.263 [AsyncHttpClient-1-14] DEBUG org.asynchttpclient.netty.handler.HttpHandler - 

Request DefaultHttpRequest(decodeResult: success, version: HTTP/1.1)
POST /session/2d7b512d8447bedd1ec5c9db6a427ced/element HTTP/1.1
User-Agent: selenium/4.7.1 (java windows)
Content-Length: 108
Content-Type: application/json; charset=utf-8
host: localhost:42865
accept: */*

Response DefaultHttpResponse(decodeResult: success, version: HTTP/1.1)
HTTP/1.1 200 OK
Content-Type: application/json; charset=utf-8
cache-control: no-cache
content-length: 88

00:49:56.263 [AsyncHttpClient-1-14] DEBUG org.asynchttpclient.netty.channel.ChannelManager - Adding key: http://localhost:42865 for channel [id: 0x76450424, L:/127.0.0.1:59891 - R:localhost/127.0.0.1:42865]
00:49:56.264 [Forwarding clickElement on session 2d7b512d8447bedd1ec5c9db6a427ced to remote] DEBUG org.asynchttpclient.netty.request.NettyRequestSender - Using pooled Channel '[id: 0x76450424, L:/127.0.0.1:59891 - R:localhost/127.0.0.1:42865]' for 'POST' to 'http://localhost:42865/session/2d7b512d8447bedd1ec5c9db6a427ced/element/79af5f8d-9c03-4abc-ae6f-d57462477f56/click'
00:49:56.265 [Forwarding clickElement on session 2d7b512d8447bedd1ec5c9db6a427ced to remote] DEBUG org.asynchttpclient.netty.request.NettyRequestSender - Using open Channel [id: 0x76450424, L:/127.0.0.1:59891 - R:localhost/127.0.0.1:42865] for POST '/session/2d7b512d8447bedd1ec5c9db6a427ced/element/79af5f8d-9c03-4abc-ae6f-d57462477f56/click'
00:49:56.348 [AsyncHttpClient-1-14] DEBUG org.asynchttpclient.netty.handler.HttpHandler - 

Request DefaultHttpRequest(decodeResult: success, version: HTTP/1.1)
POST /session/2d7b512d8447bedd1ec5c9db6a427ced/element/79af5f8d-9c03-4abc-ae6f-d57462477f56/click HTTP/1.1
User-Agent: selenium/4.7.1 (java windows)
Content-Length: 50
Content-Type: application/json; charset=utf-8
host: localhost:42865
accept: */*

Response DefaultHttpResponse(decodeResult: success, version: HTTP/1.1)
HTTP/1.1 200 OK
Content-Type: application/json; charset=utf-8
cache-control: no-cache
content-length: 14

00:49:56.349 [AsyncHttpClient-1-14] DEBUG org.asynchttpclient.netty.channel.ChannelManager - Adding key: http://localhost:42865 for channel [id: 0x76450424, L:/127.0.0.1:59891 - R:localhost/127.0.0.1:42865]
00:49:56.358 [Forwarding getCurrentWindowHandle on session 2d7b512d8447bedd1ec5c9db6a427ced to remote] DEBUG org.asynchttpclient.netty.request.NettyRequestSender - Using pooled Channel '[id: 0x76450424, L:/127.0.0.1:59891 - R:localhost/127.0.0.1:42865]' for 'GET' to 'http://localhost:42865/session/2d7b512d8447bedd1ec5c9db6a427ced/window'
00:49:56.358 [Forwarding getCurrentWindowHandle on session 2d7b512d8447bedd1ec5c9db6a427ced to remote] DEBUG org.asynchttpclient.netty.request.NettyRequestSender - Using open Channel [id: 0x76450424, L:/127.0.0.1:59891 - R:localhost/127.0.0.1:42865] for GET '/session/2d7b512d8447bedd1ec5c9db6a427ced/window'
00:49:56.359 [AsyncHttpClient-1-14] DEBUG org.asynchttpclient.netty.handler.HttpHandler - 

Request DefaultFullHttpRequest(decodeResult: success, version: HTTP/1.1, content: EmptyByteBufBE)
GET /session/2d7b512d8447bedd1ec5c9db6a427ced/window HTTP/1.1
User-Agent: selenium/4.7.1 (java windows)
Cache-Control: no-cache
Content-Type: application/json; charset=utf-8
host: localhost:42865
accept: */*

Response DefaultHttpResponse(decodeResult: success, version: HTTP/1.1)
HTTP/1.1 200 OK
Content-Type: application/json; charset=utf-8
cache-control: no-cache
content-length: 44

00:49:56.359 [AsyncHttpClient-1-14] DEBUG org.asynchttpclient.netty.channel.ChannelManager - Adding key: http://localhost:42865 for channel [id: 0x76450424, L:/127.0.0.1:59891 - R:localhost/127.0.0.1:42865]
00:49:56.361 [Forwarding getAlertText on session 2d7b512d8447bedd1ec5c9db6a427ced to remote] DEBUG org.asynchttpclient.netty.request.NettyRequestSender - Using pooled Channel '[id: 0x76450424, L:/127.0.0.1:59891 - R:localhost/127.0.0.1:42865]' for 'GET' to 'http://localhost:42865/session/2d7b512d8447bedd1ec5c9db6a427ced/alert/text'
00:49:56.361 [Forwarding getAlertText on session 2d7b512d8447bedd1ec5c9db6a427ced to remote] DEBUG org.asynchttpclient.netty.request.NettyRequestSender - Using open Channel [id: 0x76450424, L:/127.0.0.1:59891 - R:localhost/127.0.0.1:42865] for GET '/session/2d7b512d8447bedd1ec5c9db6a427ced/alert/text'
00:49:56.617 [AsyncHttpClient-1-14] DEBUG org.asynchttpclient.netty.handler.HttpHandler - 

Request DefaultFullHttpRequest(decodeResult: success, version: HTTP/1.1, content: EmptyByteBufBE)
GET /session/2d7b512d8447bedd1ec5c9db6a427ced/alert/text HTTP/1.1
User-Agent: selenium/4.7.1 (java windows)
Cache-Control: no-cache
Content-Type: application/json; charset=utf-8
host: localhost:42865
accept: */*

Response DefaultHttpResponse(decodeResult: success, version: HTTP/1.1)
HTTP/1.1 404 Not Found
Content-Type: application/json; charset=utf-8
cache-control: no-cache
content-length: 849

00:49:56.617 [AsyncHttpClient-1-14] DEBUG org.asynchttpclient.netty.channel.ChannelManager - Adding key: http://localhost:42865 for channel [id: 0x76450424, L:/127.0.0.1:59891 - R:localhost/127.0.0.1:42865]
00:49:56.620 [Forwarding switchToWindow on session 2d7b512d8447bedd1ec5c9db6a427ced to remote] DEBUG org.asynchttpclient.netty.request.NettyRequestSender - Using pooled Channel '[id: 0x76450424, L:/127.0.0.1:59891 - R:localhost/127.0.0.1:42865]' for 'POST' to 'http://localhost:42865/session/2d7b512d8447bedd1ec5c9db6a427ced/window'
00:49:56.621 [Forwarding switchToWindow on session 2d7b512d8447bedd1ec5c9db6a427ced to remote] DEBUG org.asynchttpclient.netty.request.NettyRequestSender - Using open Channel [id: 0x76450424, L:/127.0.0.1:59891 - R:localhost/127.0.0.1:42865] for POST '/session/2d7b512d8447bedd1ec5c9db6a427ced/window'
00:49:56.622 [AsyncHttpClient-1-14] DEBUG org.asynchttpclient.netty.handler.HttpHandler - 

Request DefaultHttpRequest(decodeResult: success, version: HTTP/1.1)
POST /session/2d7b512d8447bedd1ec5c9db6a427ced/window HTTP/1.1
User-Agent: selenium/4.7.1 (java windows)
Content-Length: 50
Content-Type: application/json; charset=utf-8
host: localhost:42865
accept: */*

Response DefaultHttpResponse(decodeResult: success, version: HTTP/1.1)
HTTP/1.1 200 OK
Content-Type: application/json; charset=utf-8
cache-control: no-cache
content-length: 14

00:49:56.623 [AsyncHttpClient-1-14] DEBUG org.asynchttpclient.netty.channel.ChannelManager - Adding key: http://localhost:42865 for channel [id: 0x76450424, L:/127.0.0.1:59891 - R:localhost/127.0.0.1:42865]
00:49:56.623 [Forwarding getCurrentUrl on session 2d7b512d8447bedd1ec5c9db6a427ced to remote] DEBUG org.asynchttpclient.netty.request.NettyRequestSender - Using pooled Channel '[id: 0x76450424, L:/127.0.0.1:59891 - R:localhost/127.0.0.1:42865]' for 'GET' to 'http://localhost:42865/session/2d7b512d8447bedd1ec5c9db6a427ced/url'
00:49:56.623 [Forwarding getCurrentUrl on session 2d7b512d8447bedd1ec5c9db6a427ced to remote] DEBUG org.asynchttpclient.netty.request.NettyRequestSender - Using open Channel [id: 0x76450424, L:/127.0.0.1:59891 - R:localhost/127.0.0.1:42865] for GET '/session/2d7b512d8447bedd1ec5c9db6a427ced/url'
00:49:56.629 [AsyncHttpClient-1-14] DEBUG org.asynchttpclient.netty.handler.HttpHandler - 

Request DefaultFullHttpRequest(decodeResult: success, version: HTTP/1.1, content: EmptyByteBufBE)
GET /session/2d7b512d8447bedd1ec5c9db6a427ced/url HTTP/1.1
User-Agent: selenium/4.7.1 (java windows)
Cache-Control: no-cache
Content-Type: application/json; charset=utf-8
host: localhost:42865
accept: */*

Response DefaultHttpResponse(decodeResult: success, version: HTTP/1.1)
HTTP/1.1 200 OK
Content-Type: application/json; charset=utf-8
cache-control: no-cache
content-length: 51

00:49:56.629 [AsyncHttpClient-1-14] DEBUG org.asynchttpclient.netty.channel.ChannelManager - Adding key: http://localhost:42865 for channel [id: 0x76450424, L:/127.0.0.1:59891 - R:localhost/127.0.0.1:42865]
00:49:56.630 [Forwarding screenshot on session 2d7b512d8447bedd1ec5c9db6a427ced to remote] DEBUG org.asynchttpclient.netty.request.NettyRequestSender - Using pooled Channel '[id: 0x76450424, L:/127.0.0.1:59891 - R:localhost/127.0.0.1:42865]' for 'GET' to 'http://localhost:42865/session/2d7b512d8447bedd1ec5c9db6a427ced/screenshot'
00:49:56.630 [Forwarding screenshot on session 2d7b512d8447bedd1ec5c9db6a427ced to remote] DEBUG org.asynchttpclient.netty.request.NettyRequestSender - Using open Channel [id: 0x76450424, L:/127.0.0.1:59891 - R:localhost/127.0.0.1:42865] for GET '/session/2d7b512d8447bedd1ec5c9db6a427ced/screenshot'
00:49:56.707 [AsyncHttpClient-1-14] DEBUG org.asynchttpclient.netty.handler.HttpHandler - 

Request DefaultFullHttpRequest(decodeResult: success, version: HTTP/1.1, content: EmptyByteBufBE)
GET /session/2d7b512d8447bedd1ec5c9db6a427ced/screenshot HTTP/1.1
User-Agent: selenium/4.7.1 (java windows)
Cache-Control: no-cache
Content-Type: application/json; charset=utf-8
host: localhost:42865
accept: */*

Response DefaultHttpResponse(decodeResult: success, version: HTTP/1.1)
HTTP/1.1 200 OK
Content-Type: application/json; charset=utf-8
cache-control: no-cache
content-length: 26172

00:49:56.708 [AsyncHttpClient-1-14] DEBUG org.asynchttpclient.netty.channel.ChannelManager - Adding key: http://localhost:42865 for channel [id: 0x76450424, L:/127.0.0.1:59891 - R:localhost/127.0.0.1:42865]
00:49:56.710 [main] DEBUG net.serenitybdd.core.photography.Darkroom - Send negative for processing for target\site\serenity\f035198f28bcaf95684f4b1a3b9e5d031fc0873bb044f55c4913aef571773aa0.png
00:49:56.710 [main] DEBUG net.thucydides.core.steps.StepInterceptor - STEP DONE: klikButtonLogin
  &amp#27;[32mWhen &amp#27;[0m&amp#27;[32muser klik button login&amp#27;[0m                              &amp#27;[90m# starter.stepdefinitions.LoginRegisterSteps.userKlikButtonLogin()&amp#27;[0m
00:49:56.721 [main] DEBUG net.thucydides.core.steps.StepInterceptor - STARTING STEP: LoginRegisterSteps.userNotInputEmail - inputEmail
00:49:56.722 [Forwarding findElement on session 2d7b512d8447bedd1ec5c9db6a427ced to remote] DEBUG org.asynchttpclient.netty.request.NettyRequestSender - Using pooled Channel '[id: 0x76450424, L:/127.0.0.1:59891 - R:localhost/127.0.0.1:42865]' for 'POST' to 'http://localhost:42865/session/2d7b512d8447bedd1ec5c9db6a427ced/element'
00:49:56.722 [Forwarding findElement on session 2d7b512d8447bedd1ec5c9db6a427ced to remote] DEBUG org.asynchttpclient.netty.request.NettyRequestSender - Using open Channel [id: 0x76450424, L:/127.0.0.1:59891 - R:localhost/127.0.0.1:42865] for POST '/session/2d7b512d8447bedd1ec5c9db6a427ced/element'
00:49:56.728 [AsyncHttpClient-1-1] DEBUG org.asynchttpclient.netty.channel.DefaultChannelPool - Entry count for : http://localhost:59892 : 1
00:49:56.737 [AsyncHttpClient-1-14] DEBUG org.asynchttpclient.netty.handler.HttpHandler - 

Request DefaultHttpRequest(decodeResult: success, version: HTTP/1.1)
POST /session/2d7b512d8447bedd1ec5c9db6a427ced/element HTTP/1.1
User-Agent: selenium/4.7.1 (java windows)
Content-Length: 187
Content-Type: application/json; charset=utf-8
host: localhost:42865
accept: */*

Response DefaultHttpResponse(decodeResult: success, version: HTTP/1.1)
HTTP/1.1 200 OK
Content-Type: application/json; charset=utf-8
cache-control: no-cache
content-length: 88

00:49:56.737 [AsyncHttpClient-1-14] DEBUG org.asynchttpclient.netty.channel.ChannelManager - Adding key: http://localhost:42865 for channel [id: 0x76450424, L:/127.0.0.1:59891 - R:localhost/127.0.0.1:42865]
00:49:56.738 [Forwarding clearElement on session 2d7b512d8447bedd1ec5c9db6a427ced to remote] DEBUG org.asynchttpclient.netty.request.NettyRequestSender - Using pooled Channel '[id: 0x76450424, L:/127.0.0.1:59891 - R:localhost/127.0.0.1:42865]' for 'POST' to 'http://localhost:42865/session/2d7b512d8447bedd1ec5c9db6a427ced/element/2865e985-b589-4ee7-a2a9-e4a2a112106b/clear'
00:49:56.739 [Forwarding clearElement on session 2d7b512d8447bedd1ec5c9db6a427ced to remote] DEBUG org.asynchttpclient.netty.request.NettyRequestSender - Using open Channel [id: 0x76450424, L:/127.0.0.1:59891 - R:localhost/127.0.0.1:42865] for POST '/session/2d7b512d8447bedd1ec5c9db6a427ced/element/2865e985-b589-4ee7-a2a9-e4a2a112106b/clear'
00:49:56.772 [AsyncHttpClient-1-14] DEBUG org.asynchttpclient.netty.handler.HttpHandler - 

Request DefaultHttpRequest(decodeResult: success, version: HTTP/1.1)
POST /session/2d7b512d8447bedd1ec5c9db6a427ced/element/2865e985-b589-4ee7-a2a9-e4a2a112106b/clear HTTP/1.1
User-Agent: selenium/4.7.1 (java windows)
Content-Length: 50
Content-Type: application/json; charset=utf-8
host: localhost:42865
accept: */*

Response DefaultHttpResponse(decodeResult: success, version: HTTP/1.1)
HTTP/1.1 200 OK
Content-Type: application/json; charset=utf-8
cache-control: no-cache
content-length: 14

00:49:56.772 [AsyncHttpClient-1-14] DEBUG org.asynchttpclient.netty.channel.ChannelManager - Adding key: http://localhost:42865 for channel [id: 0x76450424, L:/127.0.0.1:59891 - R:localhost/127.0.0.1:42865]
00:49:56.774 [Forwarding sendKeysToElement on session 2d7b512d8447bedd1ec5c9db6a427ced to remote] DEBUG org.asynchttpclient.netty.request.NettyRequestSender - Using pooled Channel '[id: 0x76450424, L:/127.0.0.1:59891 - R:localhost/127.0.0.1:42865]' for 'POST' to 'http://localhost:42865/session/2d7b512d8447bedd1ec5c9db6a427ced/element/2865e985-b589-4ee7-a2a9-e4a2a112106b/value'
00:49:56.774 [Forwarding sendKeysToElement on session 2d7b512d8447bedd1ec5c9db6a427ced to remote] DEBUG org.asynchttpclient.netty.request.NettyRequestSender - Using open Channel [id: 0x76450424, L:/127.0.0.1:59891 - R:localhost/127.0.0.1:42865] for POST '/session/2d7b512d8447bedd1ec5c9db6a427ced/element/2865e985-b589-4ee7-a2a9-e4a2a112106b/value'
00:49:56.814 [AsyncHttpClient-1-14] DEBUG org.asynchttpclient.netty.handler.HttpHandler - 

Request DefaultHttpRequest(decodeResult: success, version: HTTP/1.1)
POST /session/2d7b512d8447bedd1ec5c9db6a427ced/element/2865e985-b589-4ee7-a2a9-e4a2a112106b/value HTTP/1.1
User-Agent: selenium/4.7.1 (java windows)
Content-Length: 82
Content-Type: application/json; charset=utf-8
host: localhost:42865
accept: */*

Response DefaultHttpResponse(decodeResult: success, version: HTTP/1.1)
HTTP/1.1 200 OK
Content-Type: application/json; charset=utf-8
cache-control: no-cache
content-length: 14

00:49:56.814 [AsyncHttpClient-1-14] DEBUG org.asynchttpclient.netty.channel.ChannelManager - Adding key: http://localhost:42865 for channel [id: 0x76450424, L:/127.0.0.1:59891 - R:localhost/127.0.0.1:42865]
00:49:56.820 [Forwarding getCurrentWindowHandle on session 2d7b512d8447bedd1ec5c9db6a427ced to remote] DEBUG org.asynchttpclient.netty.request.NettyRequestSender - Using pooled Channel '[id: 0x76450424, L:/127.0.0.1:59891 - R:localhost/127.0.0.1:42865]' for 'GET' to 'http://localhost:42865/session/2d7b512d8447bedd1ec5c9db6a427ced/window'
00:49:56.820 [Forwarding getCurrentWindowHandle on session 2d7b512d8447bedd1ec5c9db6a427ced to remote] DEBUG org.asynchttpclient.netty.request.NettyRequestSender - Using open Channel [id: 0x76450424, L:/127.0.0.1:59891 - R:localhost/127.0.0.1:42865] for GET '/session/2d7b512d8447bedd1ec5c9db6a427ced/window'
00:49:56.821 [AsyncHttpClient-1-14] DEBUG org.asynchttpclient.netty.handler.HttpHandler - 

Request DefaultFullHttpRequest(decodeResult: success, version: HTTP/1.1, content: EmptyByteBufBE)
GET /session/2d7b512d8447bedd1ec5c9db6a427ced/window HTTP/1.1
User-Agent: selenium/4.7.1 (java windows)
Cache-Control: no-cache
Content-Type: application/json; charset=utf-8
host: localhost:42865
accept: */*

Response DefaultHttpResponse(decodeResult: success, version: HTTP/1.1)
HTTP/1.1 200 OK
Content-Type: application/json; charset=utf-8
cache-control: no-cache
content-length: 44

00:49:56.821 [AsyncHttpClient-1-14] DEBUG org.asynchttpclient.netty.channel.ChannelManager - Adding key: http://localhost:42865 for channel [id: 0x76450424, L:/127.0.0.1:59891 - R:localhost/127.0.0.1:42865]
00:49:56.823 [Forwarding getAlertText on session 2d7b512d8447bedd1ec5c9db6a427ced to remote] DEBUG org.asynchttpclient.netty.request.NettyRequestSender - Using pooled Channel '[id: 0x76450424, L:/127.0.0.1:59891 - R:localhost/127.0.0.1:42865]' for 'GET' to 'http://localhost:42865/session/2d7b512d8447bedd1ec5c9db6a427ced/alert/text'
00:49:56.823 [Forwarding getAlertText on session 2d7b512d8447bedd1ec5c9db6a427ced to remote] DEBUG org.asynchttpclient.netty.request.NettyRequestSender - Using open Channel [id: 0x76450424, L:/127.0.0.1:59891 - R:localhost/127.0.0.1:42865] for GET '/session/2d7b512d8447bedd1ec5c9db6a427ced/alert/text'
00:49:56.827 [AsyncHttpClient-1-14] DEBUG org.asynchttpclient.netty.handler.HttpHandler - 

Request DefaultFullHttpRequest(decodeResult: success, version: HTTP/1.1, content: EmptyByteBufBE)
GET /session/2d7b512d8447bedd1ec5c9db6a427ced/alert/text HTTP/1.1
User-Agent: selenium/4.7.1 (java windows)
Cache-Control: no-cache
Content-Type: application/json; charset=utf-8
host: localhost:42865
accept: */*

Response DefaultHttpResponse(decodeResult: success, version: HTTP/1.1)
HTTP/1.1 404 Not Found
Content-Type: application/json; charset=utf-8
cache-control: no-cache
content-length: 849

00:49:56.828 [AsyncHttpClient-1-14] DEBUG org.asynchttpclient.netty.channel.ChannelManager - Adding key: http://localhost:42865 for channel [id: 0x76450424, L:/127.0.0.1:59891 - R:localhost/127.0.0.1:42865]
00:49:56.830 [Forwarding switchToWindow on session 2d7b512d8447bedd1ec5c9db6a427ced to remote] DEBUG org.asynchttpclient.netty.request.NettyRequestSender - Using pooled Channel '[id: 0x76450424, L:/127.0.0.1:59891 - R:localhost/127.0.0.1:42865]' for 'POST' to 'http://localhost:42865/session/2d7b512d8447bedd1ec5c9db6a427ced/window'
00:49:56.830 [Forwarding switchToWindow on session 2d7b512d8447bedd1ec5c9db6a427ced to remote] DEBUG org.asynchttpclient.netty.request.NettyRequestSender - Using open Channel [id: 0x76450424, L:/127.0.0.1:59891 - R:localhost/127.0.0.1:42865] for POST '/session/2d7b512d8447bedd1ec5c9db6a427ced/window'
00:49:56.832 [AsyncHttpClient-1-14] DEBUG org.asynchttpclient.netty.handler.HttpHandler - 

Request DefaultHttpRequest(decodeResult: success, version: HTTP/1.1)
POST /session/2d7b512d8447bedd1ec5c9db6a427ced/window HTTP/1.1
User-Agent: selenium/4.7.1 (java windows)
Content-Length: 50
Content-Type: application/json; charset=utf-8
host: localhost:42865
accept: */*

Response DefaultHttpResponse(decodeResult: success, version: HTTP/1.1)
HTTP/1.1 200 OK
Content-Type: application/json; charset=utf-8
cache-control: no-cache
content-length: 14

00:49:56.832 [AsyncHttpClient-1-14] DEBUG org.asynchttpclient.netty.channel.ChannelManager - Adding key: http://localhost:42865 for channel [id: 0x76450424, L:/127.0.0.1:59891 - R:localhost/127.0.0.1:42865]
00:49:56.833 [Forwarding getCurrentUrl on session 2d7b512d8447bedd1ec5c9db6a427ced to remote] DEBUG org.asynchttpclient.netty.request.NettyRequestSender - Using pooled Channel '[id: 0x76450424, L:/127.0.0.1:59891 - R:localhost/127.0.0.1:42865]' for 'GET' to 'http://localhost:42865/session/2d7b512d8447bedd1ec5c9db6a427ced/url'
00:49:56.833 [Forwarding getCurrentUrl on session 2d7b512d8447bedd1ec5c9db6a427ced to remote] DEBUG org.asynchttpclient.netty.request.NettyRequestSender - Using open Channel [id: 0x76450424, L:/127.0.0.1:59891 - R:localhost/127.0.0.1:42865] for GET '/session/2d7b512d8447bedd1ec5c9db6a427ced/url'
00:49:56.836 [AsyncHttpClient-1-14] DEBUG org.asynchttpclient.netty.handler.HttpHandler - 

Request DefaultFullHttpRequest(decodeResult: success, version: HTTP/1.1, content: EmptyByteBufBE)
GET /session/2d7b512d8447bedd1ec5c9db6a427ced/url HTTP/1.1
User-Agent: selenium/4.7.1 (java windows)
Cache-Control: no-cache
Content-Type: application/json; charset=utf-8
host: localhost:42865
accept: */*

Response DefaultHttpResponse(decodeResult: success, version: HTTP/1.1)
HTTP/1.1 200 OK
Content-Type: application/json; charset=utf-8
cache-control: no-cache
content-length: 51

00:49:56.836 [AsyncHttpClient-1-14] DEBUG org.asynchttpclient.netty.channel.ChannelManager - Adding key: http://localhost:42865 for channel [id: 0x76450424, L:/127.0.0.1:59891 - R:localhost/127.0.0.1:42865]
00:49:56.837 [Forwarding screenshot on session 2d7b512d8447bedd1ec5c9db6a427ced to remote] DEBUG org.asynchttpclient.netty.request.NettyRequestSender - Using pooled Channel '[id: 0x76450424, L:/127.0.0.1:59891 - R:localhost/127.0.0.1:42865]' for 'GET' to 'http://localhost:42865/session/2d7b512d8447bedd1ec5c9db6a427ced/screenshot'
00:49:56.837 [Forwarding screenshot on session 2d7b512d8447bedd1ec5c9db6a427ced to remote] DEBUG org.asynchttpclient.netty.request.NettyRequestSender - Using open Channel [id: 0x76450424, L:/127.0.0.1:59891 - R:localhost/127.0.0.1:42865] for GET '/session/2d7b512d8447bedd1ec5c9db6a427ced/screenshot'
00:49:56.932 [AsyncHttpClient-1-14] DEBUG org.asynchttpclient.netty.handler.HttpHandler - 

Request DefaultFullHttpRequest(decodeResult: success, version: HTTP/1.1, content: EmptyByteBufBE)
GET /session/2d7b512d8447bedd1ec5c9db6a427ced/screenshot HTTP/1.1
User-Agent: selenium/4.7.1 (java windows)
Cache-Control: no-cache
Content-Type: application/json; charset=utf-8
host: localhost:42865
accept: */*

Response DefaultHttpResponse(decodeResult: success, version: HTTP/1.1)
HTTP/1.1 200 OK
Content-Type: application/json; charset=utf-8
cache-control: no-cache
content-length: 26228

00:49:56.932 [AsyncHttpClient-1-14] DEBUG org.asynchttpclient.netty.channel.ChannelManager - Adding key: http://localhost:42865 for channel [id: 0x76450424, L:/127.0.0.1:59891 - R:localhost/127.0.0.1:42865]
00:49:56.934 [main] DEBUG net.serenitybdd.core.photography.Darkroom - Send negative for processing for target\site\serenity\5b28ce458bd697778de5033f61ce510a2f8d9c85d40fab83d52a0d4b4becf5e3.png
00:49:56.934 [main] DEBUG net.thucydides.core.steps.StepInterceptor - STEP DONE: inputEmail
00:49:56.934 [Darkroom Processing Line] DEBUG net.serenitybdd.core.photography.DarkroomProcessingLine - Processing screenshot image in /var/screenshots/screenshot-7893215860148782640
00:49:56.934 [Darkroom Processing Line] DEBUG net.serenitybdd.core.photography.DarkroomProcessingLine - Saving screenshot to target\site\serenity\5b28ce458bd697778de5033f61ce510a2f8d9c85d40fab83d52a0d4b4becf5e3.png
  &amp#27;[32mAnd &amp#27;[0m&amp#27;[32muser not input email&amp#27;[0m                                 &amp#27;[90m# starter.stepdefinitions.LoginRegisterSteps.userNotInputEmail()&amp#27;[0m
00:49:56.946 [main] DEBUG net.thucydides.core.steps.StepInterceptor - STARTING STEP: LoginRegisterSteps.userInputPasswordValid - inputPassword
00:49:56.947 [Forwarding findElement on session 2d7b512d8447bedd1ec5c9db6a427ced to remote] DEBUG org.asynchttpclient.netty.request.NettyRequestSender - Using pooled Channel '[id: 0x76450424, L:/127.0.0.1:59891 - R:localhost/127.0.0.1:42865]' for 'POST' to 'http://localhost:42865/session/2d7b512d8447bedd1ec5c9db6a427ced/element'
00:49:56.948 [Forwarding findElement on session 2d7b512d8447bedd1ec5c9db6a427ced to remote] DEBUG org.asynchttpclient.netty.request.NettyRequestSender - Using open Channel [id: 0x76450424, L:/127.0.0.1:59891 - R:localhost/127.0.0.1:42865] for POST '/session/2d7b512d8447bedd1ec5c9db6a427ced/element'
00:49:56.960 [AsyncHttpClient-1-14] DEBUG org.asynchttpclient.netty.handler.HttpHandler - 

Request DefaultHttpRequest(decodeResult: success, version: HTTP/1.1)
POST /session/2d7b512d8447bedd1ec5c9db6a427ced/element HTTP/1.1
User-Agent: selenium/4.7.1 (java windows)
Content-Length: 187
Content-Type: application/json; charset=utf-8
host: localhost:42865
accept: */*

Response DefaultHttpResponse(decodeResult: success, version: HTTP/1.1)
HTTP/1.1 200 OK
Content-Type: application/json; charset=utf-8
cache-control: no-cache
content-length: 88

00:49:56.960 [AsyncHttpClient-1-14] DEBUG org.asynchttpclient.netty.channel.ChannelManager - Adding key: http://localhost:42865 for channel [id: 0x76450424, L:/127.0.0.1:59891 - R:localhost/127.0.0.1:42865]
00:49:56.961 [Forwarding clearElement on session 2d7b512d8447bedd1ec5c9db6a427ced to remote] DEBUG org.asynchttpclient.netty.request.NettyRequestSender - Using pooled Channel '[id: 0x76450424, L:/127.0.0.1:59891 - R:localhost/127.0.0.1:42865]' for 'POST' to 'http://localhost:42865/session/2d7b512d8447bedd1ec5c9db6a427ced/element/fa12ab17-b5c0-4921-9962-af017236eac3/clear'
00:49:56.961 [Forwarding clearElement on session 2d7b512d8447bedd1ec5c9db6a427ced to remote] DEBUG org.asynchttpclient.netty.request.NettyRequestSender - Using open Channel [id: 0x76450424, L:/127.0.0.1:59891 - R:localhost/127.0.0.1:42865] for POST '/session/2d7b512d8447bedd1ec5c9db6a427ced/element/fa12ab17-b5c0-4921-9962-af017236eac3/clear'
00:49:56.995 [AsyncHttpClient-1-14] DEBUG org.asynchttpclient.netty.handler.HttpHandler - 

Request DefaultHttpRequest(decodeResult: success, version: HTTP/1.1)
POST /session/2d7b512d8447bedd1ec5c9db6a427ced/element/fa12ab17-b5c0-4921-9962-af017236eac3/clear HTTP/1.1
User-Agent: selenium/4.7.1 (java windows)
Content-Length: 50
Content-Type: application/json; charset=utf-8
host: localhost:42865
accept: */*

Response DefaultHttpResponse(decodeResult: success, version: HTTP/1.1)
HTTP/1.1 200 OK
Content-Type: application/json; charset=utf-8
cache-control: no-cache
content-length: 14

00:49:56.995 [AsyncHttpClient-1-14] DEBUG org.asynchttpclient.netty.channel.ChannelManager - Adding key: http://localhost:42865 for channel [id: 0x76450424, L:/127.0.0.1:59891 - R:localhost/127.0.0.1:42865]
00:49:56.996 [Forwarding sendKeysToElement on session 2d7b512d8447bedd1ec5c9db6a427ced to remote] DEBUG org.asynchttpclient.netty.request.NettyRequestSender - Using pooled Channel '[id: 0x76450424, L:/127.0.0.1:59891 - R:localhost/127.0.0.1:42865]' for 'POST' to 'http://localhost:42865/session/2d7b512d8447bedd1ec5c9db6a427ced/element/fa12ab17-b5c0-4921-9962-af017236eac3/value'
00:49:56.997 [Forwarding sendKeysToElement on session 2d7b512d8447bedd1ec5c9db6a427ced to remote] DEBUG org.asynchttpclient.netty.request.NettyRequestSender - Using open Channel [id: 0x76450424, L:/127.0.0.1:59891 - R:localhost/127.0.0.1:42865] for POST '/session/2d7b512d8447bedd1ec5c9db6a427ced/element/fa12ab17-b5c0-4921-9962-af017236eac3/value'
00:49:57.052 [AsyncHttpClient-1-14] DEBUG org.asynchttpclient.netty.handler.HttpHandler - 

Request DefaultHttpRequest(decodeResult: success, version: HTTP/1.1)
POST /session/2d7b512d8447bedd1ec5c9db6a427ced/element/fa12ab17-b5c0-4921-9962-af017236eac3/value HTTP/1.1
User-Agent: selenium/4.7.1 (java windows)
Content-Length: 111
Content-Type: application/json; charset=utf-8
host: localhost:42865
accept: */*

Response DefaultHttpResponse(decodeResult: success, version: HTTP/1.1)
HTTP/1.1 200 OK
Content-Type: application/json; charset=utf-8
cache-control: no-cache
content-length: 14

00:49:57.053 [AsyncHttpClient-1-14] DEBUG org.asynchttpclient.netty.channel.ChannelManager - Adding key: http://localhost:42865 for channel [id: 0x76450424, L:/127.0.0.1:59891 - R:localhost/127.0.0.1:42865]
00:49:57.059 [Forwarding getCurrentWindowHandle on session 2d7b512d8447bedd1ec5c9db6a427ced to remote] DEBUG org.asynchttpclient.netty.request.NettyRequestSender - Using pooled Channel '[id: 0x76450424, L:/127.0.0.1:59891 - R:localhost/127.0.0.1:42865]' for 'GET' to 'http://localhost:42865/session/2d7b512d8447bedd1ec5c9db6a427ced/window'
00:49:57.059 [Forwarding getCurrentWindowHandle on session 2d7b512d8447bedd1ec5c9db6a427ced to remote] DEBUG org.asynchttpclient.netty.request.NettyRequestSender - Using open Channel [id: 0x76450424, L:/127.0.0.1:59891 - R:localhost/127.0.0.1:42865] for GET '/session/2d7b512d8447bedd1ec5c9db6a427ced/window'
00:49:57.060 [AsyncHttpClient-1-14] DEBUG org.asynchttpclient.netty.handler.HttpHandler - 

Request DefaultFullHttpRequest(decodeResult: success, version: HTTP/1.1, content: EmptyByteBufBE)
GET /session/2d7b512d8447bedd1ec5c9db6a427ced/window HTTP/1.1
User-Agent: selenium/4.7.1 (java windows)
Cache-Control: no-cache
Content-Type: application/json; charset=utf-8
host: localhost:42865
accept: */*

Response DefaultHttpResponse(decodeResult: success, version: HTTP/1.1)
HTTP/1.1 200 OK
Content-Type: application/json; charset=utf-8
cache-control: no-cache
content-length: 44

00:49:57.060 [AsyncHttpClient-1-14] DEBUG org.asynchttpclient.netty.channel.ChannelManager - Adding key: http://localhost:42865 for channel [id: 0x76450424, L:/127.0.0.1:59891 - R:localhost/127.0.0.1:42865]
00:49:57.061 [Forwarding getAlertText on session 2d7b512d8447bedd1ec5c9db6a427ced to remote] DEBUG org.asynchttpclient.netty.request.NettyRequestSender - Using pooled Channel '[id: 0x76450424, L:/127.0.0.1:59891 - R:localhost/127.0.0.1:42865]' for 'GET' to 'http://localhost:42865/session/2d7b512d8447bedd1ec5c9db6a427ced/alert/text'
00:49:57.061 [Forwarding getAlertText on session 2d7b512d8447bedd1ec5c9db6a427ced to remote] DEBUG org.asynchttpclient.netty.request.NettyRequestSender - Using open Channel [id: 0x76450424, L:/127.0.0.1:59891 - R:localhost/127.0.0.1:42865] for GET '/session/2d7b512d8447bedd1ec5c9db6a427ced/alert/text'
00:49:57.064 [AsyncHttpClient-1-14] DEBUG org.asynchttpclient.netty.handler.HttpHandler - 

Request DefaultFullHttpRequest(decodeResult: success, version: HTTP/1.1, content: EmptyByteBufBE)
GET /session/2d7b512d8447bedd1ec5c9db6a427ced/alert/text HTTP/1.1
User-Agent: selenium/4.7.1 (java windows)
Cache-Control: no-cache
Content-Type: application/json; charset=utf-8
host: localhost:42865
accept: */*

Response DefaultHttpResponse(decodeResult: success, version: HTTP/1.1)
HTTP/1.1 404 Not Found
Content-Type: application/json; charset=utf-8
cache-control: no-cache
content-length: 849

00:49:57.064 [AsyncHttpClient-1-14] DEBUG org.asynchttpclient.netty.channel.ChannelManager - Adding key: http://localhost:42865 for channel [id: 0x76450424, L:/127.0.0.1:59891 - R:localhost/127.0.0.1:42865]
00:49:57.066 [Forwarding switchToWindow on session 2d7b512d8447bedd1ec5c9db6a427ced to remote] DEBUG org.asynchttpclient.netty.request.NettyRequestSender - Using pooled Channel '[id: 0x76450424, L:/127.0.0.1:59891 - R:localhost/127.0.0.1:42865]' for 'POST' to 'http://localhost:42865/session/2d7b512d8447bedd1ec5c9db6a427ced/window'
00:49:57.066 [Forwarding switchToWindow on session 2d7b512d8447bedd1ec5c9db6a427ced to remote] DEBUG org.asynchttpclient.netty.request.NettyRequestSender - Using open Channel [id: 0x76450424, L:/127.0.0.1:59891 - R:localhost/127.0.0.1:42865] for POST '/session/2d7b512d8447bedd1ec5c9db6a427ced/window'
00:49:57.068 [AsyncHttpClient-1-14] DEBUG org.asynchttpclient.netty.handler.HttpHandler - 

Request DefaultHttpRequest(decodeResult: success, version: HTTP/1.1)
POST /session/2d7b512d8447bedd1ec5c9db6a427ced/window HTTP/1.1
User-Agent: selenium/4.7.1 (java windows)
Content-Length: 50
Content-Type: application/json; charset=utf-8
host: localhost:42865
accept: */*

Response DefaultHttpResponse(decodeResult: success, version: HTTP/1.1)
HTTP/1.1 200 OK
Content-Type: application/json; charset=utf-8
cache-control: no-cache
content-length: 14

00:49:57.068 [AsyncHttpClient-1-14] DEBUG org.asynchttpclient.netty.channel.ChannelManager - Adding key: http://localhost:42865 for channel [id: 0x76450424, L:/127.0.0.1:59891 - R:localhost/127.0.0.1:42865]
00:49:57.069 [Forwarding getCurrentUrl on session 2d7b512d8447bedd1ec5c9db6a427ced to remote] DEBUG org.asynchttpclient.netty.request.NettyRequestSender - Using pooled Channel '[id: 0x76450424, L:/127.0.0.1:59891 - R:localhost/127.0.0.1:42865]' for 'GET' to 'http://localhost:42865/session/2d7b512d8447bedd1ec5c9db6a427ced/url'
00:49:57.069 [Forwarding getCurrentUrl on session 2d7b512d8447bedd1ec5c9db6a427ced to remote] DEBUG org.asynchttpclient.netty.request.NettyRequestSender - Using open Channel [id: 0x76450424, L:/127.0.0.1:59891 - R:localhost/127.0.0.1:42865] for GET '/session/2d7b512d8447bedd1ec5c9db6a427ced/url'
00:49:57.072 [AsyncHttpClient-1-14] DEBUG org.asynchttpclient.netty.handler.HttpHandler - 

Request DefaultFullHttpRequest(decodeResult: success, version: HTTP/1.1, content: EmptyByteBufBE)
GET /session/2d7b512d8447bedd1ec5c9db6a427ced/url HTTP/1.1
User-Agent: selenium/4.7.1 (java windows)
Cache-Control: no-cache
Content-Type: application/json; charset=utf-8
host: localhost:42865
accept: */*

Response DefaultHttpResponse(decodeResult: success, version: HTTP/1.1)
HTTP/1.1 200 OK
Content-Type: application/json; charset=utf-8
cache-control: no-cache
content-length: 51

00:49:57.072 [AsyncHttpClient-1-14] DEBUG org.asynchttpclient.netty.channel.ChannelManager - Adding key: http://localhost:42865 for channel [id: 0x76450424, L:/127.0.0.1:59891 - R:localhost/127.0.0.1:42865]
00:49:57.073 [Forwarding screenshot on session 2d7b512d8447bedd1ec5c9db6a427ced to remote] DEBUG org.asynchttpclient.netty.request.NettyRequestSender - Using pooled Channel '[id: 0x76450424, L:/127.0.0.1:59891 - R:localhost/127.0.0.1:42865]' for 'GET' to 'http://localhost:42865/session/2d7b512d8447bedd1ec5c9db6a427ced/screenshot'
00:49:57.073 [Forwarding screenshot on session 2d7b512d8447bedd1ec5c9db6a427ced to remote] DEBUG org.asynchttpclient.netty.request.NettyRequestSender - Using open Channel [id: 0x76450424, L:/127.0.0.1:59891 - R:localhost/127.0.0.1:42865] for GET '/session/2d7b512d8447bedd1ec5c9db6a427ced/screenshot'
00:49:57.160 [AsyncHttpClient-1-14] DEBUG org.asynchttpclient.netty.handler.HttpHandler - 

Request DefaultFullHttpRequest(decodeResult: success, version: HTTP/1.1, content: EmptyByteBufBE)
GET /session/2d7b512d8447bedd1ec5c9db6a427ced/screenshot HTTP/1.1
User-Agent: selenium/4.7.1 (java windows)
Cache-Control: no-cache
Content-Type: application/json; charset=utf-8
host: localhost:42865
accept: */*

Response DefaultHttpResponse(decodeResult: success, version: HTTP/1.1)
HTTP/1.1 200 OK
Content-Type: application/json; charset=utf-8
cache-control: no-cache
content-length: 26868

00:49:57.160 [AsyncHttpClient-1-14] DEBUG org.asynchttpclient.netty.channel.ChannelManager - Adding key: http://localhost:42865 for channel [id: 0x76450424, L:/127.0.0.1:59891 - R:localhost/127.0.0.1:42865]
00:49:57.161 [main] DEBUG net.serenitybdd.core.photography.Darkroom - Send negative for processing for target\site\serenity\c8e7320cb123519d9a9dbf24ed5eeb259f47b126163514cd0a867a801a562328.png
00:49:57.162 [main] DEBUG net.thucydides.core.steps.StepInterceptor - STEP DONE: inputPassword
00:49:57.162 [Darkroom Processing Line] DEBUG net.serenitybdd.core.photography.DarkroomProcessingLine - Processing screenshot image in /var/screenshots/screenshot-14140561566044185803
00:49:57.162 [Darkroom Processing Line] DEBUG net.serenitybdd.core.photography.DarkroomProcessingLine - Saving screenshot to target\site\serenity\c8e7320cb123519d9a9dbf24ed5eeb259f47b126163514cd0a867a801a562328.png
  &amp#27;[32mAnd &amp#27;[0m&amp#27;[32muser input password valid&amp#27;[0m                            &amp#27;[90m# starter.stepdefinitions.LoginRegisterSteps.userInputPasswordValid()&amp#27;[0m
00:49:57.172 [main] DEBUG net.thucydides.core.steps.StepInterceptor - STARTING STEP: LoginRegisterSteps.userKlikButtonLoginYangKedua - klikButtonLoginKedua
00:49:57.176 [Forwarding findElement on session 2d7b512d8447bedd1ec5c9db6a427ced to remote] DEBUG org.asynchttpclient.netty.request.NettyRequestSender - Using pooled Channel '[id: 0x76450424, L:/127.0.0.1:59891 - R:localhost/127.0.0.1:42865]' for 'POST' to 'http://localhost:42865/session/2d7b512d8447bedd1ec5c9db6a427ced/element'
00:49:57.176 [Forwarding findElement on session 2d7b512d8447bedd1ec5c9db6a427ced to remote] DEBUG org.asynchttpclient.netty.request.NettyRequestSender - Using open Channel [id: 0x76450424, L:/127.0.0.1:59891 - R:localhost/127.0.0.1:42865] for POST '/session/2d7b512d8447bedd1ec5c9db6a427ced/element'
00:49:57.193 [AsyncHttpClient-1-14] DEBUG org.asynchttpclient.netty.handler.HttpHandler - 

Request DefaultHttpRequest(decodeResult: success, version: HTTP/1.1)
POST /session/2d7b512d8447bedd1ec5c9db6a427ced/element HTTP/1.1
User-Agent: selenium/4.7.1 (java windows)
Content-Length: 141
Content-Type: application/json; charset=utf-8
host: localhost:42865
accept: */*

Response DefaultHttpResponse(decodeResult: success, version: HTTP/1.1)
HTTP/1.1 200 OK
Content-Type: application/json; charset=utf-8
cache-control: no-cache
content-length: 88

00:49:57.193 [AsyncHttpClient-1-14] DEBUG org.asynchttpclient.netty.channel.ChannelManager - Adding key: http://localhost:42865 for channel [id: 0x76450424, L:/127.0.0.1:59891 - R:localhost/127.0.0.1:42865]
00:49:57.195 [Forwarding getElementTagName on session 2d7b512d8447bedd1ec5c9db6a427ced to remote] DEBUG org.asynchttpclient.netty.request.NettyRequestSender - Using pooled Channel '[id: 0x76450424, L:/127.0.0.1:59891 - R:localhost/127.0.0.1:42865]' for 'GET' to 'http://localhost:42865/session/2d7b512d8447bedd1ec5c9db6a427ced/element/bb1164f9-63d7-442b-8d33-42ffdd8c80e7/name'
00:49:57.195 [Forwarding getElementTagName on session 2d7b512d8447bedd1ec5c9db6a427ced to remote] DEBUG org.asynchttpclient.netty.request.NettyRequestSender - Using open Channel [id: 0x76450424, L:/127.0.0.1:59891 - R:localhost/127.0.0.1:42865] for GET '/session/2d7b512d8447bedd1ec5c9db6a427ced/element/bb1164f9-63d7-442b-8d33-42ffdd8c80e7/name'
00:49:57.199 [AsyncHttpClient-1-14] DEBUG org.asynchttpclient.netty.handler.HttpHandler - 

Request DefaultFullHttpRequest(decodeResult: success, version: HTTP/1.1, content: EmptyByteBufBE)
GET /session/2d7b512d8447bedd1ec5c9db6a427ced/element/bb1164f9-63d7-442b-8d33-42ffdd8c80e7/name HTTP/1.1
User-Agent: selenium/4.7.1 (java windows)
Cache-Control: no-cache
Content-Type: application/json; charset=utf-8
host: localhost:42865
accept: */*

Response DefaultHttpResponse(decodeResult: success, version: HTTP/1.1)
HTTP/1.1 200 OK
Content-Type: application/json; charset=utf-8
cache-control: no-cache
content-length: 18

00:49:57.199 [AsyncHttpClient-1-14] DEBUG org.asynchttpclient.netty.channel.ChannelManager - Adding key: http://localhost:42865 for channel [id: 0x76450424, L:/127.0.0.1:59891 - R:localhost/127.0.0.1:42865]
00:49:57.201 [Forwarding getElementTagName on session 2d7b512d8447bedd1ec5c9db6a427ced to remote] DEBUG org.asynchttpclient.netty.request.NettyRequestSender - Using pooled Channel '[id: 0x76450424, L:/127.0.0.1:59891 - R:localhost/127.0.0.1:42865]' for 'GET' to 'http://localhost:42865/session/2d7b512d8447bedd1ec5c9db6a427ced/element/bb1164f9-63d7-442b-8d33-42ffdd8c80e7/name'
00:49:57.201 [Forwarding getElementTagName on session 2d7b512d8447bedd1ec5c9db6a427ced to remote] DEBUG org.asynchttpclient.netty.request.NettyRequestSender - Using open Channel [id: 0x76450424, L:/127.0.0.1:59891 - R:localhost/127.0.0.1:42865] for GET '/session/2d7b512d8447bedd1ec5c9db6a427ced/element/bb1164f9-63d7-442b-8d33-42ffdd8c80e7/name'
00:49:57.206 [AsyncHttpClient-1-14] DEBUG org.asynchttpclient.netty.handler.HttpHandler - 

Request DefaultFullHttpRequest(decodeResult: success, version: HTTP/1.1, content: EmptyByteBufBE)
GET /session/2d7b512d8447bedd1ec5c9db6a427ced/element/bb1164f9-63d7-442b-8d33-42ffdd8c80e7/name HTTP/1.1
User-Agent: selenium/4.7.1 (java windows)
Cache-Control: no-cache
Content-Type: application/json; charset=utf-8
host: localhost:42865
accept: */*

Response DefaultHttpResponse(decodeResult: success, version: HTTP/1.1)
HTTP/1.1 200 OK
Content-Type: application/json; charset=utf-8
cache-control: no-cache
content-length: 18

00:49:57.206 [AsyncHttpClient-1-14] DEBUG org.asynchttpclient.netty.channel.ChannelManager - Adding key: http://localhost:42865 for channel [id: 0x76450424, L:/127.0.0.1:59891 - R:localhost/127.0.0.1:42865]
00:49:57.210 [Forwarding isElementEnabled on session 2d7b512d8447bedd1ec5c9db6a427ced to remote] DEBUG org.asynchttpclient.netty.request.NettyRequestSender - Using pooled Channel '[id: 0x76450424, L:/127.0.0.1:59891 - R:localhost/127.0.0.1:42865]' for 'GET' to 'http://localhost:42865/session/2d7b512d8447bedd1ec5c9db6a427ced/element/bb1164f9-63d7-442b-8d33-42ffdd8c80e7/enabled'
00:49:57.210 [Forwarding isElementEnabled on session 2d7b512d8447bedd1ec5c9db6a427ced to remote] DEBUG org.asynchttpclient.netty.request.NettyRequestSender - Using open Channel [id: 0x76450424, L:/127.0.0.1:59891 - R:localhost/127.0.0.1:42865] for GET '/session/2d7b512d8447bedd1ec5c9db6a427ced/element/bb1164f9-63d7-442b-8d33-42ffdd8c80e7/enabled'
00:49:57.218 [AsyncHttpClient-1-14] DEBUG org.asynchttpclient.netty.handler.HttpHandler - 

Request DefaultFullHttpRequest(decodeResult: success, version: HTTP/1.1, content: EmptyByteBufBE)
GET /session/2d7b512d8447bedd1ec5c9db6a427ced/element/bb1164f9-63d7-442b-8d33-42ffdd8c80e7/enabled HTTP/1.1
User-Agent: selenium/4.7.1 (java windows)
Cache-Control: no-cache
Content-Type: application/json; charset=utf-8
host: localhost:42865
accept: */*

Response DefaultHttpResponse(decodeResult: success, version: HTTP/1.1)
HTTP/1.1 200 OK
Content-Type: application/json; charset=utf-8
cache-control: no-cache
content-length: 14

00:49:57.218 [AsyncHttpClient-1-14] DEBUG org.asynchttpclient.netty.channel.ChannelManager - Adding key: http://localhost:42865 for channel [id: 0x76450424, L:/127.0.0.1:59891 - R:localhost/127.0.0.1:42865]
00:49:57.220 [Forwarding isElementEnabled on session 2d7b512d8447bedd1ec5c9db6a427ced to remote] DEBUG org.asynchttpclient.netty.request.NettyRequestSender - Using pooled Channel '[id: 0x76450424, L:/127.0.0.1:59891 - R:localhost/127.0.0.1:42865]' for 'GET' to 'http://localhost:42865/session/2d7b512d8447bedd1ec5c9db6a427ced/element/bb1164f9-63d7-442b-8d33-42ffdd8c80e7/enabled'
00:49:57.220 [Forwarding isElementEnabled on session 2d7b512d8447bedd1ec5c9db6a427ced to remote] DEBUG org.asynchttpclient.netty.request.NettyRequestSender - Using open Channel [id: 0x76450424, L:/127.0.0.1:59891 - R:localhost/127.0.0.1:42865] for GET '/session/2d7b512d8447bedd1ec5c9db6a427ced/element/bb1164f9-63d7-442b-8d33-42ffdd8c80e7/enabled'
00:49:57.231 [AsyncHttpClient-1-14] DEBUG org.asynchttpclient.netty.handler.HttpHandler - 

Request DefaultFullHttpRequest(decodeResult: success, version: HTTP/1.1, content: EmptyByteBufBE)
GET /session/2d7b512d8447bedd1ec5c9db6a427ced/element/bb1164f9-63d7-442b-8d33-42ffdd8c80e7/enabled HTTP/1.1
User-Agent: selenium/4.7.1 (java windows)
Cache-Control: no-cache
Content-Type: application/json; charset=utf-8
host: localhost:42865
accept: */*

Response DefaultHttpResponse(decodeResult: success, version: HTTP/1.1)
HTTP/1.1 200 OK
Content-Type: application/json; charset=utf-8
cache-control: no-cache
content-length: 14

00:49:57.232 [AsyncHttpClient-1-14] DEBUG org.asynchttpclient.netty.channel.ChannelManager - Adding key: http://localhost:42865 for channel [id: 0x76450424, L:/127.0.0.1:59891 - R:localhost/127.0.0.1:42865]
00:49:57.234 [Forwarding findElement on session 2d7b512d8447bedd1ec5c9db6a427ced to remote] DEBUG org.asynchttpclient.netty.request.NettyRequestSender - Using pooled Channel '[id: 0x76450424, L:/127.0.0.1:59891 - R:localhost/127.0.0.1:42865]' for 'POST' to 'http://localhost:42865/session/2d7b512d8447bedd1ec5c9db6a427ced/element'
00:49:57.234 [Forwarding findElement on session 2d7b512d8447bedd1ec5c9db6a427ced to remote] DEBUG org.asynchttpclient.netty.request.NettyRequestSender - Using open Channel [id: 0x76450424, L:/127.0.0.1:59891 - R:localhost/127.0.0.1:42865] for POST '/session/2d7b512d8447bedd1ec5c9db6a427ced/element'
00:49:57.245 [AsyncHttpClient-1-14] DEBUG org.asynchttpclient.netty.handler.HttpHandler - 

Request DefaultHttpRequest(decodeResult: success, version: HTTP/1.1)
POST /session/2d7b512d8447bedd1ec5c9db6a427ced/element HTTP/1.1
User-Agent: selenium/4.7.1 (java windows)
Content-Length: 141
Content-Type: application/json; charset=utf-8
host: localhost:42865
accept: */*

Response DefaultHttpResponse(decodeResult: success, version: HTTP/1.1)
HTTP/1.1 200 OK
Content-Type: application/json; charset=utf-8
cache-control: no-cache
content-length: 88

00:49:57.245 [AsyncHttpClient-1-14] DEBUG org.asynchttpclient.netty.channel.ChannelManager - Adding key: http://localhost:42865 for channel [id: 0x76450424, L:/127.0.0.1:59891 - R:localhost/127.0.0.1:42865]
00:49:57.247 [Forwarding clickElement on session 2d7b512d8447bedd1ec5c9db6a427ced to remote] DEBUG org.asynchttpclient.netty.request.NettyRequestSender - Using pooled Channel '[id: 0x76450424, L:/127.0.0.1:59891 - R:localhost/127.0.0.1:42865]' for 'POST' to 'http://localhost:42865/session/2d7b512d8447bedd1ec5c9db6a427ced/element/bb1164f9-63d7-442b-8d33-42ffdd8c80e7/click'
00:49:57.247 [Forwarding clickElement on session 2d7b512d8447bedd1ec5c9db6a427ced to remote] DEBUG org.asynchttpclient.netty.request.NettyRequestSender - Using open Channel [id: 0x76450424, L:/127.0.0.1:59891 - R:localhost/127.0.0.1:42865] for POST '/session/2d7b512d8447bedd1ec5c9db6a427ced/element/bb1164f9-63d7-442b-8d33-42ffdd8c80e7/click'
00:49:57.305 [AsyncHttpClient-1-14] DEBUG org.asynchttpclient.netty.handler.HttpHandler - 

Request DefaultHttpRequest(decodeResult: success, version: HTTP/1.1)
POST /session/2d7b512d8447bedd1ec5c9db6a427ced/element/bb1164f9-63d7-442b-8d33-42ffdd8c80e7/click HTTP/1.1
User-Agent: selenium/4.7.1 (java windows)
Content-Length: 50
Content-Type: application/json; charset=utf-8
host: localhost:42865
accept: */*

Response DefaultHttpResponse(decodeResult: success, version: HTTP/1.1)
HTTP/1.1 200 OK
Content-Type: application/json; charset=utf-8
cache-control: no-cache
content-length: 14

00:49:57.306 [AsyncHttpClient-1-14] DEBUG org.asynchttpclient.netty.channel.ChannelManager - Adding key: http://localhost:42865 for channel [id: 0x76450424, L:/127.0.0.1:59891 - R:localhost/127.0.0.1:42865]
00:49:57.314 [Forwarding getCurrentWindowHandle on session 2d7b512d8447bedd1ec5c9db6a427ced to remote] DEBUG org.asynchttpclient.netty.request.NettyRequestSender - Using pooled Channel '[id: 0x76450424, L:/127.0.0.1:59891 - R:localhost/127.0.0.1:42865]' for 'GET' to 'http://localhost:42865/session/2d7b512d8447bedd1ec5c9db6a427ced/window'
00:49:57.314 [Forwarding getCurrentWindowHandle on session 2d7b512d8447bedd1ec5c9db6a427ced to remote] DEBUG org.asynchttpclient.netty.request.NettyRequestSender - Using open Channel [id: 0x76450424, L:/127.0.0.1:59891 - R:localhost/127.0.0.1:42865] for GET '/session/2d7b512d8447bedd1ec5c9db6a427ced/window'
00:49:57.315 [AsyncHttpClient-1-14] DEBUG org.asynchttpclient.netty.handler.HttpHandler - 

Request DefaultFullHttpRequest(decodeResult: success, version: HTTP/1.1, content: EmptyByteBufBE)
GET /session/2d7b512d8447bedd1ec5c9db6a427ced/window HTTP/1.1
User-Agent: selenium/4.7.1 (java windows)
Cache-Control: no-cache
Content-Type: application/json; charset=utf-8
host: localhost:42865
accept: */*

Response DefaultHttpResponse(decodeResult: success, version: HTTP/1.1)
HTTP/1.1 200 OK
Content-Type: application/json; charset=utf-8
cache-control: no-cache
content-length: 44

00:49:57.316 [AsyncHttpClient-1-14] DEBUG org.asynchttpclient.netty.channel.ChannelManager - Adding key: http://localhost:42865 for channel [id: 0x76450424, L:/127.0.0.1:59891 - R:localhost/127.0.0.1:42865]
00:49:57.318 [Forwarding getAlertText on session 2d7b512d8447bedd1ec5c9db6a427ced to remote] DEBUG org.asynchttpclient.netty.request.NettyRequestSender - Using pooled Channel '[id: 0x76450424, L:/127.0.0.1:59891 - R:localhost/127.0.0.1:42865]' for 'GET' to 'http://localhost:42865/session/2d7b512d8447bedd1ec5c9db6a427ced/alert/text'
00:49:57.318 [Forwarding getAlertText on session 2d7b512d8447bedd1ec5c9db6a427ced to remote] DEBUG org.asynchttpclient.netty.request.NettyRequestSender - Using open Channel [id: 0x76450424, L:/127.0.0.1:59891 - R:localhost/127.0.0.1:42865] for GET '/session/2d7b512d8447bedd1ec5c9db6a427ced/alert/text'
00:49:57.319 [AsyncHttpClient-1-14] DEBUG org.asynchttpclient.netty.handler.HttpHandler - 

Request DefaultFullHttpRequest(decodeResult: success, version: HTTP/1.1, content: EmptyByteBufBE)
GET /session/2d7b512d8447bedd1ec5c9db6a427ced/alert/text HTTP/1.1
User-Agent: selenium/4.7.1 (java windows)
Cache-Control: no-cache
Content-Type: application/json; charset=utf-8
host: localhost:42865
accept: */*

Response DefaultHttpResponse(decodeResult: success, version: HTTP/1.1)
HTTP/1.1 404 Not Found
Content-Type: application/json; charset=utf-8
cache-control: no-cache
content-length: 849

00:49:57.320 [AsyncHttpClient-1-14] DEBUG org.asynchttpclient.netty.channel.ChannelManager - Adding key: http://localhost:42865 for channel [id: 0x76450424, L:/127.0.0.1:59891 - R:localhost/127.0.0.1:42865]
00:49:57.322 [Forwarding switchToWindow on session 2d7b512d8447bedd1ec5c9db6a427ced to remote] DEBUG org.asynchttpclient.netty.request.NettyRequestSender - Using pooled Channel '[id: 0x76450424, L:/127.0.0.1:59891 - R:localhost/127.0.0.1:42865]' for 'POST' to 'http://localhost:42865/session/2d7b512d8447bedd1ec5c9db6a427ced/window'
00:49:57.322 [Forwarding switchToWindow on session 2d7b512d8447bedd1ec5c9db6a427ced to remote] DEBUG org.asynchttpclient.netty.request.NettyRequestSender - Using open Channel [id: 0x76450424, L:/127.0.0.1:59891 - R:localhost/127.0.0.1:42865] for POST '/session/2d7b512d8447bedd1ec5c9db6a427ced/window'
00:49:57.324 [AsyncHttpClient-1-14] DEBUG org.asynchttpclient.netty.handler.HttpHandler - 

Request DefaultHttpRequest(decodeResult: success, version: HTTP/1.1)
POST /session/2d7b512d8447bedd1ec5c9db6a427ced/window HTTP/1.1
User-Agent: selenium/4.7.1 (java windows)
Content-Length: 50
Content-Type: application/json; charset=utf-8
host: localhost:42865
accept: */*

Response DefaultHttpResponse(decodeResult: success, version: HTTP/1.1)
HTTP/1.1 200 OK
Content-Type: application/json; charset=utf-8
cache-control: no-cache
content-length: 14

00:49:57.325 [AsyncHttpClient-1-14] DEBUG org.asynchttpclient.netty.channel.ChannelManager - Adding key: http://localhost:42865 for channel [id: 0x76450424, L:/127.0.0.1:59891 - R:localhost/127.0.0.1:42865]
00:49:57.326 [Forwarding getCurrentUrl on session 2d7b512d8447bedd1ec5c9db6a427ced to remote] DEBUG org.asynchttpclient.netty.request.NettyRequestSender - Using pooled Channel '[id: 0x76450424, L:/127.0.0.1:59891 - R:localhost/127.0.0.1:42865]' for 'GET' to 'http://localhost:42865/session/2d7b512d8447bedd1ec5c9db6a427ced/url'
00:49:57.326 [Forwarding getCurrentUrl on session 2d7b512d8447bedd1ec5c9db6a427ced to remote] DEBUG org.asynchttpclient.netty.request.NettyRequestSender - Using open Channel [id: 0x76450424, L:/127.0.0.1:59891 - R:localhost/127.0.0.1:42865] for GET '/session/2d7b512d8447bedd1ec5c9db6a427ced/url'
00:49:57.329 [AsyncHttpClient-1-14] DEBUG org.asynchttpclient.netty.handler.HttpHandler - 

Request DefaultFullHttpRequest(decodeResult: success, version: HTTP/1.1, content: EmptyByteBufBE)
GET /session/2d7b512d8447bedd1ec5c9db6a427ced/url HTTP/1.1
User-Agent: selenium/4.7.1 (java windows)
Cache-Control: no-cache
Content-Type: application/json; charset=utf-8
host: localhost:42865
accept: */*

Response DefaultHttpResponse(decodeResult: success, version: HTTP/1.1)
HTTP/1.1 200 OK
Content-Type: application/json; charset=utf-8
cache-control: no-cache
content-length: 51

00:49:57.330 [AsyncHttpClient-1-14] DEBUG org.asynchttpclient.netty.channel.ChannelManager - Adding key: http://localhost:42865 for channel [id: 0x76450424, L:/127.0.0.1:59891 - R:localhost/127.0.0.1:42865]
00:49:57.330 [Forwarding screenshot on session 2d7b512d8447bedd1ec5c9db6a427ced to remote] DEBUG org.asynchttpclient.netty.request.NettyRequestSender - Using pooled Channel '[id: 0x76450424, L:/127.0.0.1:59891 - R:localhost/127.0.0.1:42865]' for 'GET' to 'http://localhost:42865/session/2d7b512d8447bedd1ec5c9db6a427ced/screenshot'
00:49:57.330 [Forwarding screenshot on session 2d7b512d8447bedd1ec5c9db6a427ced to remote] DEBUG org.asynchttpclient.netty.request.NettyRequestSender - Using open Channel [id: 0x76450424, L:/127.0.0.1:59891 - R:localhost/127.0.0.1:42865] for GET '/session/2d7b512d8447bedd1ec5c9db6a427ced/screenshot'
00:49:57.431 [AsyncHttpClient-1-14] DEBUG org.asynchttpclient.netty.handler.HttpHandler - 

Request DefaultFullHttpRequest(decodeResult: success, version: HTTP/1.1, content: EmptyByteBufBE)
GET /session/2d7b512d8447bedd1ec5c9db6a427ced/screenshot HTTP/1.1
User-Agent: selenium/4.7.1 (java windows)
Cache-Control: no-cache
Content-Type: application/json; charset=utf-8
host: localhost:42865
accept: */*

Response DefaultHttpResponse(decodeResult: success, version: HTTP/1.1)
HTTP/1.1 200 OK
Content-Type: application/json; charset=utf-8
cache-control: no-cache
content-length: 25996

00:49:57.432 [AsyncHttpClient-1-14] DEBUG org.asynchttpclient.netty.channel.ChannelManager - Adding key: http://localhost:42865 for channel [id: 0x76450424, L:/127.0.0.1:59891 - R:localhost/127.0.0.1:42865]
00:49:57.433 [main] DEBUG net.serenitybdd.core.photography.Darkroom - Send negative for processing for target\site\serenity\9d301853f2dae1c5aec8b8d5c78663a8a8bcf8d8e9358c7c95eebcbc20154623.png
00:49:57.433 [main] DEBUG net.thucydides.core.steps.StepInterceptor - STEP DONE: klikButtonLoginKedua
00:49:57.433 [Darkroom Processing Line] DEBUG net.serenitybdd.core.photography.DarkroomProcessingLine - Processing screenshot image in /var/screenshots/screenshot-225468687328302618
00:49:57.433 [Darkroom Processing Line] DEBUG net.serenitybdd.core.photography.DarkroomProcessingLine - Saving screenshot to target\site\serenity\9d301853f2dae1c5aec8b8d5c78663a8a8bcf8d8e9358c7c95eebcbc20154623.png
  &amp#27;[32mThen &amp#27;[0m&amp#27;[32muser klik button login yang kedua&amp#27;[0m                   &amp#27;[90m# starter.stepdefinitions.LoginRegisterSteps.userKlikButtonLoginYangKedua()&amp#27;[0m
00:49:57.447 [main] DEBUG net.thucydides.core.steps.StepInterceptor - STARTING STEP: LoginRegisterSteps.userMenerimaErrorMessage - munculErrorMessage
00:49:57.449 [Forwarding findElement on session 2d7b512d8447bedd1ec5c9db6a427ced to remote] DEBUG org.asynchttpclient.netty.request.NettyRequestSender - Using pooled Channel '[id: 0x76450424, L:/127.0.0.1:59891 - R:localhost/127.0.0.1:42865]' for 'POST' to 'http://localhost:42865/session/2d7b512d8447bedd1ec5c9db6a427ced/element'
00:49:57.449 [Forwarding findElement on session 2d7b512d8447bedd1ec5c9db6a427ced to remote] DEBUG org.asynchttpclient.netty.request.NettyRequestSender - Using open Channel [id: 0x76450424, L:/127.0.0.1:59891 - R:localhost/127.0.0.1:42865] for POST '/session/2d7b512d8447bedd1ec5c9db6a427ced/element'
00:49:57.463 [AsyncHttpClient-1-14] DEBUG org.asynchttpclient.netty.handler.HttpHandler - 

Request DefaultHttpRequest(decodeResult: success, version: HTTP/1.1)
POST /session/2d7b512d8447bedd1ec5c9db6a427ced/element HTTP/1.1
User-Agent: selenium/4.7.1 (java windows)
Content-Length: 139
Content-Type: application/json; charset=utf-8
host: localhost:42865
accept: */*

Response DefaultHttpResponse(decodeResult: success, version: HTTP/1.1)
HTTP/1.1 200 OK
Content-Type: application/json; charset=utf-8
cache-control: no-cache
content-length: 88

00:49:57.464 [AsyncHttpClient-1-14] DEBUG org.asynchttpclient.netty.channel.ChannelManager - Adding key: http://localhost:42865 for channel [id: 0x76450424, L:/127.0.0.1:59891 - R:localhost/127.0.0.1:42865]
00:49:57.466 [Forwarding isElementDisplayed on session 2d7b512d8447bedd1ec5c9db6a427ced to remote] DEBUG org.asynchttpclient.netty.request.NettyRequestSender - Using pooled Channel '[id: 0x76450424, L:/127.0.0.1:59891 - R:localhost/127.0.0.1:42865]' for 'POST' to 'http://localhost:42865/session/2d7b512d8447bedd1ec5c9db6a427ced/execute/sync'
00:49:57.467 [Forwarding isElementDisplayed on session 2d7b512d8447bedd1ec5c9db6a427ced to remote] DEBUG org.asynchttpclient.netty.request.NettyRequestSender - Using open Channel [id: 0x76450424, L:/127.0.0.1:59891 - R:localhost/127.0.0.1:42865] for POST '/session/2d7b512d8447bedd1ec5c9db6a427ced/execute/sync'
00:49:57.479 [AsyncHttpClient-1-14] DEBUG org.asynchttpclient.netty.handler.HttpHandler - 

Request DefaultHttpRequest(decodeResult: success, version: HTTP/1.1)
POST /session/2d7b512d8447bedd1ec5c9db6a427ced/execute/sync HTTP/1.1
User-Agent: selenium/4.7.1 (java windows)
Content-Length: 48780
Content-Type: application/json; charset=utf-8
host: localhost:42865
accept: */*

Response DefaultHttpResponse(decodeResult: success, version: HTTP/1.1)
HTTP/1.1 200 OK
Content-Type: application/json; charset=utf-8
cache-control: no-cache
content-length: 14

00:49:57.480 [AsyncHttpClient-1-14] DEBUG org.asynchttpclient.netty.channel.ChannelManager - Adding key: http://localhost:42865 for channel [id: 0x76450424, L:/127.0.0.1:59891 - R:localhost/127.0.0.1:42865]
00:49:57.483 [Forwarding getCurrentWindowHandle on session 2d7b512d8447bedd1ec5c9db6a427ced to remote] DEBUG org.asynchttpclient.netty.request.NettyRequestSender - Using pooled Channel '[id: 0x76450424, L:/127.0.0.1:59891 - R:localhost/127.0.0.1:42865]' for 'GET' to 'http://localhost:42865/session/2d7b512d8447bedd1ec5c9db6a427ced/window'
00:49:57.484 [Forwarding getCurrentWindowHandle on session 2d7b512d8447bedd1ec5c9db6a427ced to remote] DEBUG org.asynchttpclient.netty.request.NettyRequestSender - Using open Channel [id: 0x76450424, L:/127.0.0.1:59891 - R:localhost/127.0.0.1:42865] for GET '/session/2d7b512d8447bedd1ec5c9db6a427ced/window'
00:49:57.484 [AsyncHttpClient-1-14] DEBUG org.asynchttpclient.netty.handler.HttpHandler - 

Request DefaultFullHttpRequest(decodeResult: success, version: HTTP/1.1, content: EmptyByteBufBE)
GET /session/2d7b512d8447bedd1ec5c9db6a427ced/window HTTP/1.1
User-Agent: selenium/4.7.1 (java windows)
Cache-Control: no-cache
Content-Type: application/json; charset=utf-8
host: localhost:42865
accept: */*

Response DefaultHttpResponse(decodeResult: success, version: HTTP/1.1)
HTTP/1.1 200 OK
Content-Type: application/json; charset=utf-8
cache-control: no-cache
content-length: 44

00:49:57.484 [AsyncHttpClient-1-14] DEBUG org.asynchttpclient.netty.channel.ChannelManager - Adding key: http://localhost:42865 for channel [id: 0x76450424, L:/127.0.0.1:59891 - R:localhost/127.0.0.1:42865]
00:49:57.485 [Forwarding getAlertText on session 2d7b512d8447bedd1ec5c9db6a427ced to remote] DEBUG org.asynchttpclient.netty.request.NettyRequestSender - Using pooled Channel '[id: 0x76450424, L:/127.0.0.1:59891 - R:localhost/127.0.0.1:42865]' for 'GET' to 'http://localhost:42865/session/2d7b512d8447bedd1ec5c9db6a427ced/alert/text'
00:49:57.485 [Forwarding getAlertText on session 2d7b512d8447bedd1ec5c9db6a427ced to remote] DEBUG org.asynchttpclient.netty.request.NettyRequestSender - Using open Channel [id: 0x76450424, L:/127.0.0.1:59891 - R:localhost/127.0.0.1:42865] for GET '/session/2d7b512d8447bedd1ec5c9db6a427ced/alert/text'
00:49:57.487 [AsyncHttpClient-1-14] DEBUG org.asynchttpclient.netty.handler.HttpHandler - 

Request DefaultFullHttpRequest(decodeResult: success, version: HTTP/1.1, content: EmptyByteBufBE)
GET /session/2d7b512d8447bedd1ec5c9db6a427ced/alert/text HTTP/1.1
User-Agent: selenium/4.7.1 (java windows)
Cache-Control: no-cache
Content-Type: application/json; charset=utf-8
host: localhost:42865
accept: */*

Response DefaultHttpResponse(decodeResult: success, version: HTTP/1.1)
HTTP/1.1 404 Not Found
Content-Type: application/json; charset=utf-8
cache-control: no-cache
content-length: 849

00:49:57.487 [AsyncHttpClient-1-14] DEBUG org.asynchttpclient.netty.channel.ChannelManager - Adding key: http://localhost:42865 for channel [id: 0x76450424, L:/127.0.0.1:59891 - R:localhost/127.0.0.1:42865]
00:49:57.489 [Forwarding switchToWindow on session 2d7b512d8447bedd1ec5c9db6a427ced to remote] DEBUG org.asynchttpclient.netty.request.NettyRequestSender - Using pooled Channel '[id: 0x76450424, L:/127.0.0.1:59891 - R:localhost/127.0.0.1:42865]' for 'POST' to 'http://localhost:42865/session/2d7b512d8447bedd1ec5c9db6a427ced/window'
00:49:57.489 [Forwarding switchToWindow on session 2d7b512d8447bedd1ec5c9db6a427ced to remote] DEBUG org.asynchttpclient.netty.request.NettyRequestSender - Using open Channel [id: 0x76450424, L:/127.0.0.1:59891 - R:localhost/127.0.0.1:42865] for POST '/session/2d7b512d8447bedd1ec5c9db6a427ced/window'
00:49:57.492 [AsyncHttpClient-1-14] DEBUG org.asynchttpclient.netty.handler.HttpHandler - 

Request DefaultHttpRequest(decodeResult: success, version: HTTP/1.1)
POST /session/2d7b512d8447bedd1ec5c9db6a427ced/window HTTP/1.1
User-Agent: selenium/4.7.1 (java windows)
Content-Length: 50
Content-Type: application/json; charset=utf-8
host: localhost:42865
accept: */*

Response DefaultHttpResponse(decodeResult: success, version: HTTP/1.1)
HTTP/1.1 200 OK
Content-Type: application/json; charset=utf-8
cache-control: no-cache
content-length: 14

00:49:57.499 [AsyncHttpClient-1-14] DEBUG org.asynchttpclient.netty.channel.ChannelManager - Adding key: http://localhost:42865 for channel [id: 0x76450424, L:/127.0.0.1:59891 - R:localhost/127.0.0.1:42865]
00:49:57.500 [Forwarding getCurrentUrl on session 2d7b512d8447bedd1ec5c9db6a427ced to remote] DEBUG org.asynchttpclient.netty.request.NettyRequestSender - Using pooled Channel '[id: 0x76450424, L:/127.0.0.1:59891 - R:localhost/127.0.0.1:42865]' for 'GET' to 'http://localhost:42865/session/2d7b512d8447bedd1ec5c9db6a427ced/url'
00:49:57.500 [Forwarding getCurrentUrl on session 2d7b512d8447bedd1ec5c9db6a427ced to remote] DEBUG org.asynchttpclient.netty.request.NettyRequestSender - Using open Channel [id: 0x76450424, L:/127.0.0.1:59891 - R:localhost/127.0.0.1:42865] for GET '/session/2d7b512d8447bedd1ec5c9db6a427ced/url'
00:49:57.504 [AsyncHttpClient-1-14] DEBUG org.asynchttpclient.netty.handler.HttpHandler - 

Request DefaultFullHttpRequest(decodeResult: success, version: HTTP/1.1, content: EmptyByteBufBE)
GET /session/2d7b512d8447bedd1ec5c9db6a427ced/url HTTP/1.1
User-Agent: selenium/4.7.1 (java windows)
Cache-Control: no-cache
Content-Type: application/json; charset=utf-8
host: localhost:42865
accept: */*

Response DefaultHttpResponse(decodeResult: success, version: HTTP/1.1)
HTTP/1.1 200 OK
Content-Type: application/json; charset=utf-8
cache-control: no-cache
content-length: 51

00:49:57.504 [AsyncHttpClient-1-14] DEBUG org.asynchttpclient.netty.channel.ChannelManager - Adding key: http://localhost:42865 for channel [id: 0x76450424, L:/127.0.0.1:59891 - R:localhost/127.0.0.1:42865]
00:49:57.505 [Forwarding screenshot on session 2d7b512d8447bedd1ec5c9db6a427ced to remote] DEBUG org.asynchttpclient.netty.request.NettyRequestSender - Using pooled Channel '[id: 0x76450424, L:/127.0.0.1:59891 - R:localhost/127.0.0.1:42865]' for 'GET' to 'http://localhost:42865/session/2d7b512d8447bedd1ec5c9db6a427ced/screenshot'
00:49:57.505 [Forwarding screenshot on session 2d7b512d8447bedd1ec5c9db6a427ced to remote] DEBUG org.asynchttpclient.netty.request.NettyRequestSender - Using open Channel [id: 0x76450424, L:/127.0.0.1:59891 - R:localhost/127.0.0.1:42865] for GET '/session/2d7b512d8447bedd1ec5c9db6a427ced/screenshot'
00:49:57.611 [AsyncHttpClient-1-14] DEBUG org.asynchttpclient.netty.handler.HttpHandler - 

Request DefaultFullHttpRequest(decodeResult: success, version: HTTP/1.1, content: EmptyByteBufBE)
GET /session/2d7b512d8447bedd1ec5c9db6a427ced/screenshot HTTP/1.1
User-Agent: selenium/4.7.1 (java windows)
Cache-Control: no-cache
Content-Type: application/json; charset=utf-8
host: localhost:42865
accept: */*

Response DefaultHttpResponse(decodeResult: success, version: HTTP/1.1)
HTTP/1.1 200 OK
Content-Type: application/json; charset=utf-8
cache-control: no-cache
content-length: 28628

00:49:57.611 [AsyncHttpClient-1-14] DEBUG org.asynchttpclient.netty.channel.ChannelManager - Adding key: http://localhost:42865 for channel [id: 0x76450424, L:/127.0.0.1:59891 - R:localhost/127.0.0.1:42865]
00:49:57.613 [main] DEBUG net.serenitybdd.core.photography.Darkroom - Send negative for processing for target\site\serenity\7429816fb2cf79b30eefd2623441731d33dd94aa935ab4871c7bcde357e5d0e4.png
00:49:57.613 [main] DEBUG net.thucydides.core.steps.StepInterceptor - STEP DONE: munculErrorMessage
00:49:57.613 [Darkroom Processing Line] DEBUG net.serenitybdd.core.photography.DarkroomProcessingLine - Processing screenshot image in /var/screenshots/screenshot-10690448205753179602
00:49:57.613 [Darkroom Processing Line] DEBUG net.serenitybdd.core.photography.DarkroomProcessingLine - Saving screenshot to target\site\serenity\7429816fb2cf79b30eefd2623441731d33dd94aa935ab4871c7bcde357e5d0e4.png
  &amp#27;[32mAnd &amp#27;[0m&amp#27;[32muser menerima error message &amp#27;[0m&amp#27;[32m&amp#27;[1m"email is required"&amp#27;[0m      &amp#27;[90m# starter.stepdefinitions.LoginRegisterSteps.userMenerimaErrorMessage(java.lang.String)&amp#27;[0m
00:49:57.619 [main] INFO  - 
  _____   ___   ___   _____     ___     _     ___   ___   ___   ___  
 |_   _| | __| / __| |_   _|   | _ \   /_\   / __| / __| | __| |   \ 
   | |   | _|  \__ \   | |     |  _/  / _ \  \__ \ \__ \ | _|  | |) |
   |_|   |___| |___/   |_|     |_|   /_/ \_\ |___/ |___/ |___| |___/ 

user tidak bisa login karena tidak mengisi email
----------------------------------------------------------------------
00:49:57.621 [AsyncHttpClient-1-16] DEBUG org.asynchttpclient.netty.handler.WebSocketHandler - Channel Closed: [id: 0x7fe9c0e3, L:/127.0.0.1:59899 ! R:localhost/127.0.0.1:59892] with attribute NettyResponseFuture{currentRetry=0,
	isDone=1,
	isCancelled=0,
	asyncHandler=org.asynchttpclient.ws.WebSocketUpgradeHandler@274889db,
	nettyRequest=org.asynchttpclient.netty.request.NettyRequest@624a0356,
	future=java.util.concurrent.CompletableFuture@48c5100e[Completed normally],
	uri=ws://localhost:59892/devtools/browser/b8ec56a7-3e34-4b44-bff2-77b2511c9db0,
	keepAlive=true,
	redirectCount=0,
	timeoutsHolder=null,
	inAuth=0,
	touch=1683654592393}
00:49:57.621 [Driver Command Executor] DEBUG org.asynchttpclient.netty.request.NettyRequestSender - Using pooled Channel '[id: 0x76450424, L:/127.0.0.1:59891 - R:localhost/127.0.0.1:42865]' for 'DELETE' to 'http://localhost:42865/session/2d7b512d8447bedd1ec5c9db6a427ced'
00:49:57.621 [AsyncHttpClient-1-16] DEBUG org.asynchttpclient.netty.channel.ChannelManager - Closing Channel [id: 0x7fe9c0e3, L:/127.0.0.1:59899 ! R:localhost/127.0.0.1:59892] 
00:49:57.621 [Driver Command Executor] DEBUG org.asynchttpclient.netty.request.NettyRequestSender - Using open Channel [id: 0x76450424, L:/127.0.0.1:59891 - R:localhost/127.0.0.1:42865] for DELETE '/session/2d7b512d8447bedd1ec5c9db6a427ced'
00:49:57.656 [AsyncHttpClient-1-15] DEBUG org.asynchttpclient.netty.handler.HttpHandler - Unexpected I/O exception on channel [id: 0x60449a05, L:/127.0.0.1:59898 - R:localhost/127.0.0.1:59892]
java.net.SocketException: Connection reset
	at java.base/sun.nio.ch.SocketChannelImpl.throwConnectionReset(SocketChannelImpl.java:401)
	at java.base/sun.nio.ch.SocketChannelImpl.read(SocketChannelImpl.java:434)
	at io.netty.buffer.PooledByteBuf.setBytes(PooledByteBuf.java:259)
	at io.netty.buffer.AbstractByteBuf.writeBytes(AbstractByteBuf.java:1132)
	at io.netty.channel.socket.nio.NioSocketChannel.doReadBytes(NioSocketChannel.java:357)
	at io.netty.channel.nio.AbstractNioByteChannel$NioByteUnsafe.read(AbstractNioByteChannel.java:151)
	at io.netty.channel.nio.NioEventLoop.processSelectedKey(NioEventLoop.java:788)
	at io.netty.channel.nio.NioEventLoop.processSelectedKeysOptimized(NioEventLoop.java:724)
	at io.netty.channel.nio.NioEventLoop.processSelectedKeys(NioEventLoop.java:650)
	at io.netty.channel.nio.NioEventLoop.run(NioEventLoop.java:562)
	at io.netty.util.concurrent.SingleThreadEventExecutor$4.run(SingleThreadEventExecutor.java:997)
	at io.netty.util.internal.ThreadExecutorMap$2.run(ThreadExecutorMap.java:74)
	at io.netty.util.concurrent.FastThreadLocalRunnable.run(FastThreadLocalRunnable.java:30)
	at java.base/java.lang.Thread.run(Thread.java:1589)
00:49:57.657 [AsyncHttpClient-1-15] DEBUG org.asynchttpclient.netty.channel.ChannelManager - Closing Channel [id: 0x60449a05, L:/127.0.0.1:59898 - R:localhost/127.0.0.1:59892] 
00:49:57.657 [AsyncHttpClient-1-15] DEBUG org.asynchttpclient.netty.handler.HttpHandler - Channel Closed: [id: 0x60449a05, L:/127.0.0.1:59898 ! R:localhost/127.0.0.1:59892] with attribute DISCARD
00:49:57.686 [AsyncHttpClient-1-14] DEBUG org.asynchttpclient.netty.handler.HttpHandler - 

Request DefaultFullHttpRequest(decodeResult: success, version: HTTP/1.1, content: EmptyByteBufBE)
DELETE /session/2d7b512d8447bedd1ec5c9db6a427ced HTTP/1.1
User-Agent: selenium/4.7.1 (java windows)
Content-Type: application/json; charset=utf-8
host: localhost:42865
accept: */*

Response DefaultHttpResponse(decodeResult: success, version: HTTP/1.1)
HTTP/1.1 200 OK
Content-Type: application/json; charset=utf-8
cache-control: no-cache
content-length: 14

00:49:57.687 [AsyncHttpClient-1-14] DEBUG org.asynchttpclient.netty.channel.ChannelManager - Adding key: http://localhost:42865 for channel [id: 0x76450424, L:/127.0.0.1:59891 - R:localhost/127.0.0.1:42865]
00:49:57.765 [AsyncHttpClient-1-14] DEBUG org.asynchttpclient.netty.handler.HttpHandler - Channel Closed: [id: 0x76450424, L:/127.0.0.1:59891 ! R:localhost/127.0.0.1:42865] with attribute DISCARD
]]></system-out>
    <system-err><![CDATA[Starting ChromeDriver 112.0.5615.49 (bd2a7bcb881c11e8cfe3078709382934e3916914-refs/branch-heads/5615@{#936}) on port 42865
Only local connections are allowed.
Please see https://chromedriver.chromium.org/security-considerations for suggestions on keeping ChromeDriver safe.
ChromeDriver was started successfully.
May 10, 2023 12:49:52 AM org.openqa.selenium.devtools.CdpVersionFinder findNearestMatch
WARNING: Unable to find an exact match for CDP version 112, so returning the closest version found: 108
]]></system-err>
  </testcase>
  <testcase name="user tidak bisa login karena tidak mengisi password" classname="login" time="6.956">
    <system-out><![CDATA[
@AS06-negative
Scenario: user tidak bisa login karena tidak mengisi password &amp#27;[90m# src/test/resources/features/1. Login.feature:50&amp#27;[0m
00:49:57.829 [main] INFO io.cucumber.core.plugin.SerenityReporter - Running feature from file:///C:/Users/HP/Downloads/Mini-Project-QA/ALTASHOP%20WEB%20AUTOMATION/src/test/resources/features/1.%20Login.feature
00:49:57.835 [AsyncHttpClient-1-1] DEBUG org.asynchttpclient.netty.channel.DefaultChannelPool - Entry count for : http://localhost:59892 : 1
00:49:57.835 [AsyncHttpClient-1-1] DEBUG org.asynchttpclient.netty.channel.DefaultChannelPool - Entry count for : http://localhost:42865 : 1
00:49:57.835 [AsyncHttpClient-1-1] DEBUG org.asynchttpclient.netty.channel.DefaultChannelPool - Adding Candidate expired Channel [id: 0x60449a05, L:/127.0.0.1:59898 ! R:localhost/127.0.0.1:59892] isIdleTimeoutExpired=false isRemotelyClosed=true isTtlExpired=false
00:49:57.835 [AsyncHttpClient-1-1] DEBUG org.asynchttpclient.netty.channel.DefaultChannelPool - Closing Idle Channel [id: 0x60449a05, L:/127.0.0.1:59898 ! R:localhost/127.0.0.1:59892]
00:49:57.835 [AsyncHttpClient-1-1] DEBUG org.asynchttpclient.netty.channel.DefaultChannelPool - Adding Candidate expired Channel [id: 0x76450424, L:/127.0.0.1:59891 ! R:localhost/127.0.0.1:42865] isIdleTimeoutExpired=false isRemotelyClosed=true isTtlExpired=false
00:49:57.835 [AsyncHttpClient-1-1] DEBUG org.asynchttpclient.netty.channel.DefaultChannelPool - Closing Idle Channel [id: 0x76450424, L:/127.0.0.1:59891 ! R:localhost/127.0.0.1:42865]
00:49:57.835 [AsyncHttpClient-1-1] DEBUG org.asynchttpclient.netty.channel.DefaultChannelPool - Closed 2 connections out of 2 in 0 ms
00:49:57.847 [main] INFO  - 
  _____   ___   ___   _____     ___   _____     _     ___   _____   ___   ___  
 |_   _| | __| / __| |_   _|   / __| |_   _|   /_\   | _ \ |_   _| | __| |   \ 
   | |   | _|  \__ \   | |     \__ \   | |    / _ \  |   /   | |   | _|  | |) |
   |_|   |___| |___/   |_|     |___/   |_|   /_/ \_\ |_|_\   |_|   |___| |___/ 

user tidak bisa login karena tidak mengisi password(login;user-tidak-bisa-login-karena-tidak-mengisi-password)
--------------------------------------------------------------------------------
00:49:57.871 [main] DEBUG net.thucydides.core.steps.StepInterceptor - STARTING STEP: LoginRegisterSteps.userBeradaDiHomepageAlta - diHomepageAltaShop
00:49:57.936 [main] INFO net.serenitybdd.core.webdriver.driverproviders.ChromeDriverProvider - Starting Chrome driver instance with capabilities:
00:49:57.937 [main] INFO net.serenitybdd.core.webdriver.driverproviders.ChromeDriverProvider - Capabilities {acceptInsecureCerts: true, browserName: chrome, goog:chromeOptions: {args: [remote-allow-origins=*, test-type, no-sandbox, ignore-certificate-errors, start-maximized, incognito, disable-infobars, disable-gpu, disable-default-apps, disable-popup-blocking, remote-allow-origins=*, test-type, no-sandbox, ignore-certificate-errors, start-maximized, incognito, disable-infobars, disable-gpu, disable-default-apps, disable-popup-blocking], extensions: []}}
00:49:58.018 [AsyncHttpClient-1-17] DEBUG org.asynchttpclient.netty.channel.NettyConnectListener - Using new Channel '[id: 0x27cd69ac, L:/127.0.0.1:59915 - R:localhost/127.0.0.1:8862]' for 'POST' to '/session'
00:49:58.737 [AsyncHttpClient-1-17] DEBUG org.asynchttpclient.netty.handler.HttpHandler - 

Request DefaultHttpRequest(decodeResult: success, version: HTTP/1.1)
POST /session HTTP/1.1
User-Agent: selenium/4.7.1 (java windows)
Content-Length: 1629
Content-Type: application/json; charset=utf-8
host: localhost:8862
accept: */*

Response DefaultHttpResponse(decodeResult: success, version: HTTP/1.1)
HTTP/1.1 200 OK
Content-Type: application/json; charset=utf-8
cache-control: no-cache
content-length: 854

00:49:58.737 [AsyncHttpClient-1-17] DEBUG org.asynchttpclient.netty.channel.ChannelManager - Adding key: http://localhost:8862 for channel [id: 0x27cd69ac, L:/127.0.0.1:59915 - R:localhost/127.0.0.1:8862]
00:49:58.747 [AsyncHttpClient-1-2] DEBUG org.asynchttpclient.netty.channel.NettyConnectListener - Using new Channel '[id: 0xb8ffc0aa, L:/127.0.0.1:59922 - R:localhost/127.0.0.1:59916]' for 'GET' to '/json/version'
00:49:58.748 [AsyncHttpClient-1-2] DEBUG org.asynchttpclient.netty.handler.HttpHandler - 

Request DefaultFullHttpRequest(decodeResult: success, version: HTTP/1.1, content: EmptyByteBufBE)
GET /json/version HTTP/1.1
User-Agent: selenium/4.7.1 (java windows)
host: localhost:59916
accept: */*

Response DefaultHttpResponse(decodeResult: success, version: HTTP/1.1)
HTTP/1.1 200 OK
Content-Security-Policy: frame-ancestors 'none'
Content-Type: application/json; charset=UTF-8
content-length: 424

00:49:58.748 [AsyncHttpClient-1-2] DEBUG org.asynchttpclient.netty.channel.ChannelManager - Adding key: http://localhost:59916 for channel [id: 0xb8ffc0aa, L:/127.0.0.1:59922 - R:localhost/127.0.0.1:59916]
00:49:58.751 [AsyncHttpClient-1-3] DEBUG org.asynchttpclient.netty.channel.NettyConnectListener - Using new Channel '[id: 0xab59ab01, L:/127.0.0.1:59923 - R:localhost/127.0.0.1:59916]' for 'GET' to '/devtools/browser/b1832b7d-dfa0-4f4c-a20d-52d229206d05'
00:49:58.752 [AsyncHttpClient-1-3] DEBUG org.asynchttpclient.netty.handler.WebSocketHandler - 

Request DefaultFullHttpRequest(decodeResult: success, version: HTTP/1.1, content: EmptyByteBufBE)
GET /devtools/browser/b1832b7d-dfa0-4f4c-a20d-52d229206d05 HTTP/1.1
upgrade: websocket
connection: upgrade
sec-websocket-key: gAtHfWbg8QSozPR2EaDNHQ==
sec-websocket-version: 13
origin: http://localhost:59916
host: localhost:59916
accept: */*
user-agent: AHC/2.1

Response DefaultHttpResponse(decodeResult: success, version: HTTP/1.1)
HTTP/1.1 101 WebSocket Protocol Handshake
Upgrade: WebSocket
Connection: Upgrade
Sec-WebSocket-Accept: G7q2dhslyHk/YTXLE/2xeDAk7io=

00:49:58.757 [Forwarding get on session 29285838cc0d386e47580dd2278cbebf to remote] DEBUG org.asynchttpclient.netty.request.NettyRequestSender - Using pooled Channel '[id: 0x27cd69ac, L:/127.0.0.1:59915 - R:localhost/127.0.0.1:8862]' for 'POST' to 'http://localhost:8862/session/29285838cc0d386e47580dd2278cbebf/url'
00:49:58.758 [Forwarding get on session 29285838cc0d386e47580dd2278cbebf to remote] DEBUG org.asynchttpclient.netty.request.NettyRequestSender - Using open Channel [id: 0x27cd69ac, L:/127.0.0.1:59915 - R:localhost/127.0.0.1:8862] for POST '/session/29285838cc0d386e47580dd2278cbebf/url'
00:49:58.932 [AsyncHttpClient-1-1] DEBUG org.asynchttpclient.netty.channel.DefaultChannelPool - Entry count for : http://localhost:59916 : 1
00:50:00.028 [AsyncHttpClient-1-1] DEBUG org.asynchttpclient.netty.channel.DefaultChannelPool - Entry count for : http://localhost:59916 : 1
00:50:00.169 [AsyncHttpClient-1-17] DEBUG org.asynchttpclient.netty.handler.HttpHandler - 

Request DefaultHttpRequest(decodeResult: success, version: HTTP/1.1)
POST /session/29285838cc0d386e47580dd2278cbebf/url HTTP/1.1
User-Agent: selenium/4.7.1 (java windows)
Content-Length: 59
Content-Type: application/json; charset=utf-8
host: localhost:8862
accept: */*

Response DefaultHttpResponse(decodeResult: success, version: HTTP/1.1)
HTTP/1.1 200 OK
Content-Type: application/json; charset=utf-8
cache-control: no-cache
content-length: 14

00:50:00.169 [AsyncHttpClient-1-17] DEBUG org.asynchttpclient.netty.channel.ChannelManager - Adding key: http://localhost:8862 for channel [id: 0x27cd69ac, L:/127.0.0.1:59915 - R:localhost/127.0.0.1:8862]
00:50:00.171 [Forwarding setTimeout on session 29285838cc0d386e47580dd2278cbebf to remote] DEBUG org.asynchttpclient.netty.request.NettyRequestSender - Using pooled Channel '[id: 0x27cd69ac, L:/127.0.0.1:59915 - R:localhost/127.0.0.1:8862]' for 'POST' to 'http://localhost:8862/session/29285838cc0d386e47580dd2278cbebf/timeouts'
00:50:00.171 [Forwarding setTimeout on session 29285838cc0d386e47580dd2278cbebf to remote] DEBUG org.asynchttpclient.netty.request.NettyRequestSender - Using open Channel [id: 0x27cd69ac, L:/127.0.0.1:59915 - R:localhost/127.0.0.1:8862] for POST '/session/29285838cc0d386e47580dd2278cbebf/timeouts'
00:50:00.173 [AsyncHttpClient-1-17] DEBUG org.asynchttpclient.netty.handler.HttpHandler - 

Request DefaultHttpRequest(decodeResult: success, version: HTTP/1.1)
POST /session/29285838cc0d386e47580dd2278cbebf/timeouts HTTP/1.1
User-Agent: selenium/4.7.1 (java windows)
Content-Length: 22
Content-Type: application/json; charset=utf-8
host: localhost:8862
accept: */*

Response DefaultHttpResponse(decodeResult: success, version: HTTP/1.1)
HTTP/1.1 200 OK
Content-Type: application/json; charset=utf-8
cache-control: no-cache
content-length: 14

00:50:00.173 [AsyncHttpClient-1-17] DEBUG org.asynchttpclient.netty.channel.ChannelManager - Adding key: http://localhost:8862 for channel [id: 0x27cd69ac, L:/127.0.0.1:59915 - R:localhost/127.0.0.1:8862]
00:50:00.181 [Forwarding getCurrentUrl on session 29285838cc0d386e47580dd2278cbebf to remote] DEBUG org.asynchttpclient.netty.request.NettyRequestSender - Using pooled Channel '[id: 0x27cd69ac, L:/127.0.0.1:59915 - R:localhost/127.0.0.1:8862]' for 'GET' to 'http://localhost:8862/session/29285838cc0d386e47580dd2278cbebf/url'
00:50:00.181 [Forwarding getCurrentUrl on session 29285838cc0d386e47580dd2278cbebf to remote] DEBUG org.asynchttpclient.netty.request.NettyRequestSender - Using open Channel [id: 0x27cd69ac, L:/127.0.0.1:59915 - R:localhost/127.0.0.1:8862] for GET '/session/29285838cc0d386e47580dd2278cbebf/url'
00:50:00.188 [AsyncHttpClient-1-17] DEBUG org.asynchttpclient.netty.handler.HttpHandler - 

Request DefaultFullHttpRequest(decodeResult: success, version: HTTP/1.1, content: EmptyByteBufBE)
GET /session/29285838cc0d386e47580dd2278cbebf/url HTTP/1.1
User-Agent: selenium/4.7.1 (java windows)
Cache-Control: no-cache
Content-Type: application/json; charset=utf-8
host: localhost:8862
accept: */*

Response DefaultHttpResponse(decodeResult: success, version: HTTP/1.1)
HTTP/1.1 200 OK
Content-Type: application/json; charset=utf-8
cache-control: no-cache
content-length: 41

00:50:00.188 [AsyncHttpClient-1-17] DEBUG org.asynchttpclient.netty.channel.ChannelManager - Adding key: http://localhost:8862 for channel [id: 0x27cd69ac, L:/127.0.0.1:59915 - R:localhost/127.0.0.1:8862]
00:50:00.191 [Forwarding getCurrentUrl on session 29285838cc0d386e47580dd2278cbebf to remote] DEBUG org.asynchttpclient.netty.request.NettyRequestSender - Using pooled Channel '[id: 0x27cd69ac, L:/127.0.0.1:59915 - R:localhost/127.0.0.1:8862]' for 'GET' to 'http://localhost:8862/session/29285838cc0d386e47580dd2278cbebf/url'
00:50:00.191 [Forwarding getCurrentUrl on session 29285838cc0d386e47580dd2278cbebf to remote] DEBUG org.asynchttpclient.netty.request.NettyRequestSender - Using open Channel [id: 0x27cd69ac, L:/127.0.0.1:59915 - R:localhost/127.0.0.1:8862] for GET '/session/29285838cc0d386e47580dd2278cbebf/url'
00:50:00.197 [AsyncHttpClient-1-17] DEBUG org.asynchttpclient.netty.handler.HttpHandler - 

Request DefaultFullHttpRequest(decodeResult: success, version: HTTP/1.1, content: EmptyByteBufBE)
GET /session/29285838cc0d386e47580dd2278cbebf/url HTTP/1.1
User-Agent: selenium/4.7.1 (java windows)
Cache-Control: no-cache
Content-Type: application/json; charset=utf-8
host: localhost:8862
accept: */*

Response DefaultHttpResponse(decodeResult: success, version: HTTP/1.1)
HTTP/1.1 200 OK
Content-Type: application/json; charset=utf-8
cache-control: no-cache
content-length: 41

00:50:00.197 [AsyncHttpClient-1-17] DEBUG org.asynchttpclient.netty.channel.ChannelManager - Adding key: http://localhost:8862 for channel [id: 0x27cd69ac, L:/127.0.0.1:59915 - R:localhost/127.0.0.1:8862]
00:50:00.200 [Forwarding findElement on session 29285838cc0d386e47580dd2278cbebf to remote] DEBUG org.asynchttpclient.netty.request.NettyRequestSender - Using pooled Channel '[id: 0x27cd69ac, L:/127.0.0.1:59915 - R:localhost/127.0.0.1:8862]' for 'POST' to 'http://localhost:8862/session/29285838cc0d386e47580dd2278cbebf/element'
00:50:00.200 [Forwarding findElement on session 29285838cc0d386e47580dd2278cbebf to remote] DEBUG org.asynchttpclient.netty.request.NettyRequestSender - Using open Channel [id: 0x27cd69ac, L:/127.0.0.1:59915 - R:localhost/127.0.0.1:8862] for POST '/session/29285838cc0d386e47580dd2278cbebf/element'
00:50:00.219 [AsyncHttpClient-1-17] DEBUG org.asynchttpclient.netty.handler.HttpHandler - 

Request DefaultHttpRequest(decodeResult: success, version: HTTP/1.1)
POST /session/29285838cc0d386e47580dd2278cbebf/element HTTP/1.1
User-Agent: selenium/4.7.1 (java windows)
Content-Length: 108
Content-Type: application/json; charset=utf-8
host: localhost:8862
accept: */*

Response DefaultHttpResponse(decodeResult: success, version: HTTP/1.1)
HTTP/1.1 200 OK
Content-Type: application/json; charset=utf-8
cache-control: no-cache
content-length: 88

00:50:00.219 [AsyncHttpClient-1-17] DEBUG org.asynchttpclient.netty.channel.ChannelManager - Adding key: http://localhost:8862 for channel [id: 0x27cd69ac, L:/127.0.0.1:59915 - R:localhost/127.0.0.1:8862]
00:50:00.224 [Forwarding isElementDisplayed on session 29285838cc0d386e47580dd2278cbebf to remote] DEBUG org.asynchttpclient.netty.request.NettyRequestSender - Using pooled Channel '[id: 0x27cd69ac, L:/127.0.0.1:59915 - R:localhost/127.0.0.1:8862]' for 'POST' to 'http://localhost:8862/session/29285838cc0d386e47580dd2278cbebf/execute/sync'
00:50:00.224 [Forwarding isElementDisplayed on session 29285838cc0d386e47580dd2278cbebf to remote] DEBUG org.asynchttpclient.netty.request.NettyRequestSender - Using open Channel [id: 0x27cd69ac, L:/127.0.0.1:59915 - R:localhost/127.0.0.1:8862] for POST '/session/29285838cc0d386e47580dd2278cbebf/execute/sync'
00:50:00.244 [AsyncHttpClient-1-17] DEBUG org.asynchttpclient.netty.handler.HttpHandler - 

Request DefaultHttpRequest(decodeResult: success, version: HTTP/1.1)
POST /session/29285838cc0d386e47580dd2278cbebf/execute/sync HTTP/1.1
User-Agent: selenium/4.7.1 (java windows)
Content-Length: 48780
Content-Type: application/json; charset=utf-8
host: localhost:8862
accept: */*

Response DefaultHttpResponse(decodeResult: success, version: HTTP/1.1)
HTTP/1.1 200 OK
Content-Type: application/json; charset=utf-8
cache-control: no-cache
content-length: 14

00:50:00.245 [AsyncHttpClient-1-17] DEBUG org.asynchttpclient.netty.channel.ChannelManager - Adding key: http://localhost:8862 for channel [id: 0x27cd69ac, L:/127.0.0.1:59915 - R:localhost/127.0.0.1:8862]
00:50:00.248 [Forwarding isElementDisplayed on session 29285838cc0d386e47580dd2278cbebf to remote] DEBUG org.asynchttpclient.netty.request.NettyRequestSender - Using pooled Channel '[id: 0x27cd69ac, L:/127.0.0.1:59915 - R:localhost/127.0.0.1:8862]' for 'POST' to 'http://localhost:8862/session/29285838cc0d386e47580dd2278cbebf/execute/sync'
00:50:00.248 [Forwarding isElementDisplayed on session 29285838cc0d386e47580dd2278cbebf to remote] DEBUG org.asynchttpclient.netty.request.NettyRequestSender - Using open Channel [id: 0x27cd69ac, L:/127.0.0.1:59915 - R:localhost/127.0.0.1:8862] for POST '/session/29285838cc0d386e47580dd2278cbebf/execute/sync'
00:50:00.267 [AsyncHttpClient-1-17] DEBUG org.asynchttpclient.netty.handler.HttpHandler - 

Request DefaultHttpRequest(decodeResult: success, version: HTTP/1.1)
POST /session/29285838cc0d386e47580dd2278cbebf/execute/sync HTTP/1.1
User-Agent: selenium/4.7.1 (java windows)
Content-Length: 48780
Content-Type: application/json; charset=utf-8
host: localhost:8862
accept: */*

Response DefaultHttpResponse(decodeResult: success, version: HTTP/1.1)
HTTP/1.1 200 OK
Content-Type: application/json; charset=utf-8
cache-control: no-cache
content-length: 14

00:50:00.268 [AsyncHttpClient-1-17] DEBUG org.asynchttpclient.netty.channel.ChannelManager - Adding key: http://localhost:8862 for channel [id: 0x27cd69ac, L:/127.0.0.1:59915 - R:localhost/127.0.0.1:8862]
00:50:00.276 [Forwarding getCurrentWindowHandle on session 29285838cc0d386e47580dd2278cbebf to remote] DEBUG org.asynchttpclient.netty.request.NettyRequestSender - Using pooled Channel '[id: 0x27cd69ac, L:/127.0.0.1:59915 - R:localhost/127.0.0.1:8862]' for 'GET' to 'http://localhost:8862/session/29285838cc0d386e47580dd2278cbebf/window'
00:50:00.276 [Forwarding getCurrentWindowHandle on session 29285838cc0d386e47580dd2278cbebf to remote] DEBUG org.asynchttpclient.netty.request.NettyRequestSender - Using open Channel [id: 0x27cd69ac, L:/127.0.0.1:59915 - R:localhost/127.0.0.1:8862] for GET '/session/29285838cc0d386e47580dd2278cbebf/window'
00:50:00.277 [AsyncHttpClient-1-17] DEBUG org.asynchttpclient.netty.handler.HttpHandler - 

Request DefaultFullHttpRequest(decodeResult: success, version: HTTP/1.1, content: EmptyByteBufBE)
GET /session/29285838cc0d386e47580dd2278cbebf/window HTTP/1.1
User-Agent: selenium/4.7.1 (java windows)
Cache-Control: no-cache
Content-Type: application/json; charset=utf-8
host: localhost:8862
accept: */*

Response DefaultHttpResponse(decodeResult: success, version: HTTP/1.1)
HTTP/1.1 200 OK
Content-Type: application/json; charset=utf-8
cache-control: no-cache
content-length: 44

00:50:00.277 [AsyncHttpClient-1-17] DEBUG org.asynchttpclient.netty.channel.ChannelManager - Adding key: http://localhost:8862 for channel [id: 0x27cd69ac, L:/127.0.0.1:59915 - R:localhost/127.0.0.1:8862]
00:50:00.279 [Forwarding getAlertText on session 29285838cc0d386e47580dd2278cbebf to remote] DEBUG org.asynchttpclient.netty.request.NettyRequestSender - Using pooled Channel '[id: 0x27cd69ac, L:/127.0.0.1:59915 - R:localhost/127.0.0.1:8862]' for 'GET' to 'http://localhost:8862/session/29285838cc0d386e47580dd2278cbebf/alert/text'
00:50:00.279 [Forwarding getAlertText on session 29285838cc0d386e47580dd2278cbebf to remote] DEBUG org.asynchttpclient.netty.request.NettyRequestSender - Using open Channel [id: 0x27cd69ac, L:/127.0.0.1:59915 - R:localhost/127.0.0.1:8862] for GET '/session/29285838cc0d386e47580dd2278cbebf/alert/text'
00:50:00.282 [AsyncHttpClient-1-17] DEBUG org.asynchttpclient.netty.handler.HttpHandler - 

Request DefaultFullHttpRequest(decodeResult: success, version: HTTP/1.1, content: EmptyByteBufBE)
GET /session/29285838cc0d386e47580dd2278cbebf/alert/text HTTP/1.1
User-Agent: selenium/4.7.1 (java windows)
Cache-Control: no-cache
Content-Type: application/json; charset=utf-8
host: localhost:8862
accept: */*

Response DefaultHttpResponse(decodeResult: success, version: HTTP/1.1)
HTTP/1.1 404 Not Found
Content-Type: application/json; charset=utf-8
cache-control: no-cache
content-length: 849

00:50:00.282 [AsyncHttpClient-1-17] DEBUG org.asynchttpclient.netty.channel.ChannelManager - Adding key: http://localhost:8862 for channel [id: 0x27cd69ac, L:/127.0.0.1:59915 - R:localhost/127.0.0.1:8862]
00:50:00.285 [Forwarding switchToWindow on session 29285838cc0d386e47580dd2278cbebf to remote] DEBUG org.asynchttpclient.netty.request.NettyRequestSender - Using pooled Channel '[id: 0x27cd69ac, L:/127.0.0.1:59915 - R:localhost/127.0.0.1:8862]' for 'POST' to 'http://localhost:8862/session/29285838cc0d386e47580dd2278cbebf/window'
00:50:00.285 [Forwarding switchToWindow on session 29285838cc0d386e47580dd2278cbebf to remote] DEBUG org.asynchttpclient.netty.request.NettyRequestSender - Using open Channel [id: 0x27cd69ac, L:/127.0.0.1:59915 - R:localhost/127.0.0.1:8862] for POST '/session/29285838cc0d386e47580dd2278cbebf/window'
00:50:00.288 [AsyncHttpClient-1-17] DEBUG org.asynchttpclient.netty.handler.HttpHandler - 

Request DefaultHttpRequest(decodeResult: success, version: HTTP/1.1)
POST /session/29285838cc0d386e47580dd2278cbebf/window HTTP/1.1
User-Agent: selenium/4.7.1 (java windows)
Content-Length: 50
Content-Type: application/json; charset=utf-8
host: localhost:8862
accept: */*

Response DefaultHttpResponse(decodeResult: success, version: HTTP/1.1)
HTTP/1.1 200 OK
Content-Type: application/json; charset=utf-8
cache-control: no-cache
content-length: 14

00:50:00.289 [AsyncHttpClient-1-17] DEBUG org.asynchttpclient.netty.channel.ChannelManager - Adding key: http://localhost:8862 for channel [id: 0x27cd69ac, L:/127.0.0.1:59915 - R:localhost/127.0.0.1:8862]
00:50:00.291 [Forwarding getCurrentUrl on session 29285838cc0d386e47580dd2278cbebf to remote] DEBUG org.asynchttpclient.netty.request.NettyRequestSender - Using pooled Channel '[id: 0x27cd69ac, L:/127.0.0.1:59915 - R:localhost/127.0.0.1:8862]' for 'GET' to 'http://localhost:8862/session/29285838cc0d386e47580dd2278cbebf/url'
00:50:00.292 [Forwarding getCurrentUrl on session 29285838cc0d386e47580dd2278cbebf to remote] DEBUG org.asynchttpclient.netty.request.NettyRequestSender - Using open Channel [id: 0x27cd69ac, L:/127.0.0.1:59915 - R:localhost/127.0.0.1:8862] for GET '/session/29285838cc0d386e47580dd2278cbebf/url'
00:50:00.298 [AsyncHttpClient-1-17] DEBUG org.asynchttpclient.netty.handler.HttpHandler - 

Request DefaultFullHttpRequest(decodeResult: success, version: HTTP/1.1, content: EmptyByteBufBE)
GET /session/29285838cc0d386e47580dd2278cbebf/url HTTP/1.1
User-Agent: selenium/4.7.1 (java windows)
Cache-Control: no-cache
Content-Type: application/json; charset=utf-8
host: localhost:8862
accept: */*

Response DefaultHttpResponse(decodeResult: success, version: HTTP/1.1)
HTTP/1.1 200 OK
Content-Type: application/json; charset=utf-8
cache-control: no-cache
content-length: 41

00:50:00.299 [AsyncHttpClient-1-17] DEBUG org.asynchttpclient.netty.channel.ChannelManager - Adding key: http://localhost:8862 for channel [id: 0x27cd69ac, L:/127.0.0.1:59915 - R:localhost/127.0.0.1:8862]
00:50:00.300 [Forwarding screenshot on session 29285838cc0d386e47580dd2278cbebf to remote] DEBUG org.asynchttpclient.netty.request.NettyRequestSender - Using pooled Channel '[id: 0x27cd69ac, L:/127.0.0.1:59915 - R:localhost/127.0.0.1:8862]' for 'GET' to 'http://localhost:8862/session/29285838cc0d386e47580dd2278cbebf/screenshot'
00:50:00.301 [Forwarding screenshot on session 29285838cc0d386e47580dd2278cbebf to remote] DEBUG org.asynchttpclient.netty.request.NettyRequestSender - Using open Channel [id: 0x27cd69ac, L:/127.0.0.1:59915 - R:localhost/127.0.0.1:8862] for GET '/session/29285838cc0d386e47580dd2278cbebf/screenshot'
00:50:00.430 [AsyncHttpClient-1-17] DEBUG org.asynchttpclient.netty.handler.HttpHandler - 

Request DefaultFullHttpRequest(decodeResult: success, version: HTTP/1.1, content: EmptyByteBufBE)
GET /session/29285838cc0d386e47580dd2278cbebf/screenshot HTTP/1.1
User-Agent: selenium/4.7.1 (java windows)
Cache-Control: no-cache
Content-Type: application/json; charset=utf-8
host: localhost:8862
accept: */*

Response DefaultHttpResponse(decodeResult: success, version: HTTP/1.1)
HTTP/1.1 200 OK
Content-Type: application/json; charset=utf-8
cache-control: no-cache
content-length: 32732

00:50:00.431 [AsyncHttpClient-1-17] DEBUG org.asynchttpclient.netty.channel.ChannelManager - Adding key: http://localhost:8862 for channel [id: 0x27cd69ac, L:/127.0.0.1:59915 - R:localhost/127.0.0.1:8862]
00:50:00.433 [main] DEBUG net.serenitybdd.core.photography.Darkroom - Send negative for processing for target\site\serenity\4b07ca94d789a6d44bf7606c933e06ca93a9a80bc74932da6e8c1b782416d23e.png
00:50:00.433 [main] DEBUG net.thucydides.core.steps.StepInterceptor - STEP DONE: diHomepageAltaShop
00:50:00.433 [Darkroom Processing Line] DEBUG net.serenitybdd.core.photography.DarkroomProcessingLine - Processing screenshot image in /var/screenshots/screenshot-1161319200442839655
00:50:00.433 [Darkroom Processing Line] DEBUG net.serenitybdd.core.photography.DarkroomProcessingLine - Saving screenshot to target\site\serenity\4b07ca94d789a6d44bf7606c933e06ca93a9a80bc74932da6e8c1b782416d23e.png
  &amp#27;[32mGiven &amp#27;[0m&amp#27;[32muser berada di Homepage AltaShop&amp#27;[0m                      &amp#27;[90m# starter.stepdefinitions.LoginRegisterSteps.userBeradaDiHomepageAlta()&amp#27;[0m
00:50:00.447 [main] DEBUG net.thucydides.core.steps.StepInterceptor - STARTING STEP: LoginRegisterSteps.userKlikButtonLogin - klikButtonLogin
00:50:00.451 [Forwarding findElement on session 29285838cc0d386e47580dd2278cbebf to remote] DEBUG org.asynchttpclient.netty.request.NettyRequestSender - Using pooled Channel '[id: 0x27cd69ac, L:/127.0.0.1:59915 - R:localhost/127.0.0.1:8862]' for 'POST' to 'http://localhost:8862/session/29285838cc0d386e47580dd2278cbebf/element'
00:50:00.451 [Forwarding findElement on session 29285838cc0d386e47580dd2278cbebf to remote] DEBUG org.asynchttpclient.netty.request.NettyRequestSender - Using open Channel [id: 0x27cd69ac, L:/127.0.0.1:59915 - R:localhost/127.0.0.1:8862] for POST '/session/29285838cc0d386e47580dd2278cbebf/element'
00:50:00.460 [AsyncHttpClient-1-17] DEBUG org.asynchttpclient.netty.handler.HttpHandler - 

Request DefaultHttpRequest(decodeResult: success, version: HTTP/1.1)
POST /session/29285838cc0d386e47580dd2278cbebf/element HTTP/1.1
User-Agent: selenium/4.7.1 (java windows)
Content-Length: 108
Content-Type: application/json; charset=utf-8
host: localhost:8862
accept: */*

Response DefaultHttpResponse(decodeResult: success, version: HTTP/1.1)
HTTP/1.1 200 OK
Content-Type: application/json; charset=utf-8
cache-control: no-cache
content-length: 88

00:50:00.460 [AsyncHttpClient-1-17] DEBUG org.asynchttpclient.netty.channel.ChannelManager - Adding key: http://localhost:8862 for channel [id: 0x27cd69ac, L:/127.0.0.1:59915 - R:localhost/127.0.0.1:8862]
00:50:00.462 [Forwarding getElementTagName on session 29285838cc0d386e47580dd2278cbebf to remote] DEBUG org.asynchttpclient.netty.request.NettyRequestSender - Using pooled Channel '[id: 0x27cd69ac, L:/127.0.0.1:59915 - R:localhost/127.0.0.1:8862]' for 'GET' to 'http://localhost:8862/session/29285838cc0d386e47580dd2278cbebf/element/44fb3106-001b-4584-bac6-0e4493eb957c/name'
00:50:00.462 [Forwarding getElementTagName on session 29285838cc0d386e47580dd2278cbebf to remote] DEBUG org.asynchttpclient.netty.request.NettyRequestSender - Using open Channel [id: 0x27cd69ac, L:/127.0.0.1:59915 - R:localhost/127.0.0.1:8862] for GET '/session/29285838cc0d386e47580dd2278cbebf/element/44fb3106-001b-4584-bac6-0e4493eb957c/name'
00:50:00.468 [AsyncHttpClient-1-17] DEBUG org.asynchttpclient.netty.handler.HttpHandler - 

Request DefaultFullHttpRequest(decodeResult: success, version: HTTP/1.1, content: EmptyByteBufBE)
GET /session/29285838cc0d386e47580dd2278cbebf/element/44fb3106-001b-4584-bac6-0e4493eb957c/name HTTP/1.1
User-Agent: selenium/4.7.1 (java windows)
Cache-Control: no-cache
Content-Type: application/json; charset=utf-8
host: localhost:8862
accept: */*

Response DefaultHttpResponse(decodeResult: success, version: HTTP/1.1)
HTTP/1.1 200 OK
Content-Type: application/json; charset=utf-8
cache-control: no-cache
content-length: 18

00:50:00.468 [AsyncHttpClient-1-17] DEBUG org.asynchttpclient.netty.channel.ChannelManager - Adding key: http://localhost:8862 for channel [id: 0x27cd69ac, L:/127.0.0.1:59915 - R:localhost/127.0.0.1:8862]
00:50:00.469 [Forwarding getElementTagName on session 29285838cc0d386e47580dd2278cbebf to remote] DEBUG org.asynchttpclient.netty.request.NettyRequestSender - Using pooled Channel '[id: 0x27cd69ac, L:/127.0.0.1:59915 - R:localhost/127.0.0.1:8862]' for 'GET' to 'http://localhost:8862/session/29285838cc0d386e47580dd2278cbebf/element/44fb3106-001b-4584-bac6-0e4493eb957c/name'
00:50:00.469 [Forwarding getElementTagName on session 29285838cc0d386e47580dd2278cbebf to remote] DEBUG org.asynchttpclient.netty.request.NettyRequestSender - Using open Channel [id: 0x27cd69ac, L:/127.0.0.1:59915 - R:localhost/127.0.0.1:8862] for GET '/session/29285838cc0d386e47580dd2278cbebf/element/44fb3106-001b-4584-bac6-0e4493eb957c/name'
00:50:00.476 [AsyncHttpClient-1-17] DEBUG org.asynchttpclient.netty.handler.HttpHandler - 

Request DefaultFullHttpRequest(decodeResult: success, version: HTTP/1.1, content: EmptyByteBufBE)
GET /session/29285838cc0d386e47580dd2278cbebf/element/44fb3106-001b-4584-bac6-0e4493eb957c/name HTTP/1.1
User-Agent: selenium/4.7.1 (java windows)
Cache-Control: no-cache
Content-Type: application/json; charset=utf-8
host: localhost:8862
accept: */*

Response DefaultHttpResponse(decodeResult: success, version: HTTP/1.1)
HTTP/1.1 200 OK
Content-Type: application/json; charset=utf-8
cache-control: no-cache
content-length: 18

00:50:00.476 [AsyncHttpClient-1-17] DEBUG org.asynchttpclient.netty.channel.ChannelManager - Adding key: http://localhost:8862 for channel [id: 0x27cd69ac, L:/127.0.0.1:59915 - R:localhost/127.0.0.1:8862]
00:50:00.479 [Forwarding isElementEnabled on session 29285838cc0d386e47580dd2278cbebf to remote] DEBUG org.asynchttpclient.netty.request.NettyRequestSender - Using pooled Channel '[id: 0x27cd69ac, L:/127.0.0.1:59915 - R:localhost/127.0.0.1:8862]' for 'GET' to 'http://localhost:8862/session/29285838cc0d386e47580dd2278cbebf/element/44fb3106-001b-4584-bac6-0e4493eb957c/enabled'
00:50:00.479 [Forwarding isElementEnabled on session 29285838cc0d386e47580dd2278cbebf to remote] DEBUG org.asynchttpclient.netty.request.NettyRequestSender - Using open Channel [id: 0x27cd69ac, L:/127.0.0.1:59915 - R:localhost/127.0.0.1:8862] for GET '/session/29285838cc0d386e47580dd2278cbebf/element/44fb3106-001b-4584-bac6-0e4493eb957c/enabled'
00:50:00.492 [AsyncHttpClient-1-17] DEBUG org.asynchttpclient.netty.handler.HttpHandler - 

Request DefaultFullHttpRequest(decodeResult: success, version: HTTP/1.1, content: EmptyByteBufBE)
GET /session/29285838cc0d386e47580dd2278cbebf/element/44fb3106-001b-4584-bac6-0e4493eb957c/enabled HTTP/1.1
User-Agent: selenium/4.7.1 (java windows)
Cache-Control: no-cache
Content-Type: application/json; charset=utf-8
host: localhost:8862
accept: */*

Response DefaultHttpResponse(decodeResult: success, version: HTTP/1.1)
HTTP/1.1 200 OK
Content-Type: application/json; charset=utf-8
cache-control: no-cache
content-length: 14

00:50:00.492 [AsyncHttpClient-1-17] DEBUG org.asynchttpclient.netty.channel.ChannelManager - Adding key: http://localhost:8862 for channel [id: 0x27cd69ac, L:/127.0.0.1:59915 - R:localhost/127.0.0.1:8862]
00:50:00.494 [Forwarding isElementEnabled on session 29285838cc0d386e47580dd2278cbebf to remote] DEBUG org.asynchttpclient.netty.request.NettyRequestSender - Using pooled Channel '[id: 0x27cd69ac, L:/127.0.0.1:59915 - R:localhost/127.0.0.1:8862]' for 'GET' to 'http://localhost:8862/session/29285838cc0d386e47580dd2278cbebf/element/44fb3106-001b-4584-bac6-0e4493eb957c/enabled'
00:50:00.494 [Forwarding isElementEnabled on session 29285838cc0d386e47580dd2278cbebf to remote] DEBUG org.asynchttpclient.netty.request.NettyRequestSender - Using open Channel [id: 0x27cd69ac, L:/127.0.0.1:59915 - R:localhost/127.0.0.1:8862] for GET '/session/29285838cc0d386e47580dd2278cbebf/element/44fb3106-001b-4584-bac6-0e4493eb957c/enabled'
00:50:00.509 [AsyncHttpClient-1-17] DEBUG org.asynchttpclient.netty.handler.HttpHandler - 

Request DefaultFullHttpRequest(decodeResult: success, version: HTTP/1.1, content: EmptyByteBufBE)
GET /session/29285838cc0d386e47580dd2278cbebf/element/44fb3106-001b-4584-bac6-0e4493eb957c/enabled HTTP/1.1
User-Agent: selenium/4.7.1 (java windows)
Cache-Control: no-cache
Content-Type: application/json; charset=utf-8
host: localhost:8862
accept: */*

Response DefaultHttpResponse(decodeResult: success, version: HTTP/1.1)
HTTP/1.1 200 OK
Content-Type: application/json; charset=utf-8
cache-control: no-cache
content-length: 14

00:50:00.510 [AsyncHttpClient-1-17] DEBUG org.asynchttpclient.netty.channel.ChannelManager - Adding key: http://localhost:8862 for channel [id: 0x27cd69ac, L:/127.0.0.1:59915 - R:localhost/127.0.0.1:8862]
00:50:00.513 [Forwarding findElement on session 29285838cc0d386e47580dd2278cbebf to remote] DEBUG org.asynchttpclient.netty.request.NettyRequestSender - Using pooled Channel '[id: 0x27cd69ac, L:/127.0.0.1:59915 - R:localhost/127.0.0.1:8862]' for 'POST' to 'http://localhost:8862/session/29285838cc0d386e47580dd2278cbebf/element'
00:50:00.514 [Forwarding findElement on session 29285838cc0d386e47580dd2278cbebf to remote] DEBUG org.asynchttpclient.netty.request.NettyRequestSender - Using open Channel [id: 0x27cd69ac, L:/127.0.0.1:59915 - R:localhost/127.0.0.1:8862] for POST '/session/29285838cc0d386e47580dd2278cbebf/element'
00:50:00.528 [AsyncHttpClient-1-17] DEBUG org.asynchttpclient.netty.handler.HttpHandler - 

Request DefaultHttpRequest(decodeResult: success, version: HTTP/1.1)
POST /session/29285838cc0d386e47580dd2278cbebf/element HTTP/1.1
User-Agent: selenium/4.7.1 (java windows)
Content-Length: 108
Content-Type: application/json; charset=utf-8
host: localhost:8862
accept: */*

Response DefaultHttpResponse(decodeResult: success, version: HTTP/1.1)
HTTP/1.1 200 OK
Content-Type: application/json; charset=utf-8
cache-control: no-cache
content-length: 88

00:50:00.528 [AsyncHttpClient-1-17] DEBUG org.asynchttpclient.netty.channel.ChannelManager - Adding key: http://localhost:8862 for channel [id: 0x27cd69ac, L:/127.0.0.1:59915 - R:localhost/127.0.0.1:8862]
00:50:00.533 [Forwarding clickElement on session 29285838cc0d386e47580dd2278cbebf to remote] DEBUG org.asynchttpclient.netty.request.NettyRequestSender - Using pooled Channel '[id: 0x27cd69ac, L:/127.0.0.1:59915 - R:localhost/127.0.0.1:8862]' for 'POST' to 'http://localhost:8862/session/29285838cc0d386e47580dd2278cbebf/element/44fb3106-001b-4584-bac6-0e4493eb957c/click'
00:50:00.533 [Forwarding clickElement on session 29285838cc0d386e47580dd2278cbebf to remote] DEBUG org.asynchttpclient.netty.request.NettyRequestSender - Using open Channel [id: 0x27cd69ac, L:/127.0.0.1:59915 - R:localhost/127.0.0.1:8862] for POST '/session/29285838cc0d386e47580dd2278cbebf/element/44fb3106-001b-4584-bac6-0e4493eb957c/click'
00:50:01.132 [AsyncHttpClient-1-1] DEBUG org.asynchttpclient.netty.channel.DefaultChannelPool - Entry count for : http://localhost:59916 : 1
00:50:02.232 [AsyncHttpClient-1-1] DEBUG org.asynchttpclient.netty.channel.DefaultChannelPool - Entry count for : http://localhost:59916 : 1
00:50:03.267 [AsyncHttpClient-1-17] DEBUG org.asynchttpclient.netty.handler.HttpHandler - 

Request DefaultHttpRequest(decodeResult: success, version: HTTP/1.1)
POST /session/29285838cc0d386e47580dd2278cbebf/element/44fb3106-001b-4584-bac6-0e4493eb957c/click HTTP/1.1
User-Agent: selenium/4.7.1 (java windows)
Content-Length: 50
Content-Type: application/json; charset=utf-8
host: localhost:8862
accept: */*

Response DefaultHttpResponse(decodeResult: success, version: HTTP/1.1)
HTTP/1.1 200 OK
Content-Type: application/json; charset=utf-8
cache-control: no-cache
content-length: 14

00:50:03.267 [AsyncHttpClient-1-17] DEBUG org.asynchttpclient.netty.channel.ChannelManager - Adding key: http://localhost:8862 for channel [id: 0x27cd69ac, L:/127.0.0.1:59915 - R:localhost/127.0.0.1:8862]
00:50:03.275 [Forwarding getCurrentWindowHandle on session 29285838cc0d386e47580dd2278cbebf to remote] DEBUG org.asynchttpclient.netty.request.NettyRequestSender - Using pooled Channel '[id: 0x27cd69ac, L:/127.0.0.1:59915 - R:localhost/127.0.0.1:8862]' for 'GET' to 'http://localhost:8862/session/29285838cc0d386e47580dd2278cbebf/window'
00:50:03.275 [Forwarding getCurrentWindowHandle on session 29285838cc0d386e47580dd2278cbebf to remote] DEBUG org.asynchttpclient.netty.request.NettyRequestSender - Using open Channel [id: 0x27cd69ac, L:/127.0.0.1:59915 - R:localhost/127.0.0.1:8862] for GET '/session/29285838cc0d386e47580dd2278cbebf/window'
00:50:03.276 [AsyncHttpClient-1-17] DEBUG org.asynchttpclient.netty.handler.HttpHandler - 

Request DefaultFullHttpRequest(decodeResult: success, version: HTTP/1.1, content: EmptyByteBufBE)
GET /session/29285838cc0d386e47580dd2278cbebf/window HTTP/1.1
User-Agent: selenium/4.7.1 (java windows)
Cache-Control: no-cache
Content-Type: application/json; charset=utf-8
host: localhost:8862
accept: */*

Response DefaultHttpResponse(decodeResult: success, version: HTTP/1.1)
HTTP/1.1 200 OK
Content-Type: application/json; charset=utf-8
cache-control: no-cache
content-length: 44

00:50:03.276 [AsyncHttpClient-1-17] DEBUG org.asynchttpclient.netty.channel.ChannelManager - Adding key: http://localhost:8862 for channel [id: 0x27cd69ac, L:/127.0.0.1:59915 - R:localhost/127.0.0.1:8862]
00:50:03.278 [Forwarding getAlertText on session 29285838cc0d386e47580dd2278cbebf to remote] DEBUG org.asynchttpclient.netty.request.NettyRequestSender - Using pooled Channel '[id: 0x27cd69ac, L:/127.0.0.1:59915 - R:localhost/127.0.0.1:8862]' for 'GET' to 'http://localhost:8862/session/29285838cc0d386e47580dd2278cbebf/alert/text'
00:50:03.278 [Forwarding getAlertText on session 29285838cc0d386e47580dd2278cbebf to remote] DEBUG org.asynchttpclient.netty.request.NettyRequestSender - Using open Channel [id: 0x27cd69ac, L:/127.0.0.1:59915 - R:localhost/127.0.0.1:8862] for GET '/session/29285838cc0d386e47580dd2278cbebf/alert/text'
00:50:03.329 [AsyncHttpClient-1-1] DEBUG org.asynchttpclient.netty.channel.DefaultChannelPool - Entry count for : http://localhost:59916 : 1
00:50:03.518 [AsyncHttpClient-1-17] DEBUG org.asynchttpclient.netty.handler.HttpHandler - 

Request DefaultFullHttpRequest(decodeResult: success, version: HTTP/1.1, content: EmptyByteBufBE)
GET /session/29285838cc0d386e47580dd2278cbebf/alert/text HTTP/1.1
User-Agent: selenium/4.7.1 (java windows)
Cache-Control: no-cache
Content-Type: application/json; charset=utf-8
host: localhost:8862
accept: */*

Response DefaultHttpResponse(decodeResult: success, version: HTTP/1.1)
HTTP/1.1 404 Not Found
Content-Type: application/json; charset=utf-8
cache-control: no-cache
content-length: 849

00:50:03.518 [AsyncHttpClient-1-17] DEBUG org.asynchttpclient.netty.channel.ChannelManager - Adding key: http://localhost:8862 for channel [id: 0x27cd69ac, L:/127.0.0.1:59915 - R:localhost/127.0.0.1:8862]
00:50:03.520 [Forwarding switchToWindow on session 29285838cc0d386e47580dd2278cbebf to remote] DEBUG org.asynchttpclient.netty.request.NettyRequestSender - Using pooled Channel '[id: 0x27cd69ac, L:/127.0.0.1:59915 - R:localhost/127.0.0.1:8862]' for 'POST' to 'http://localhost:8862/session/29285838cc0d386e47580dd2278cbebf/window'
00:50:03.520 [Forwarding switchToWindow on session 29285838cc0d386e47580dd2278cbebf to remote] DEBUG org.asynchttpclient.netty.request.NettyRequestSender - Using open Channel [id: 0x27cd69ac, L:/127.0.0.1:59915 - R:localhost/127.0.0.1:8862] for POST '/session/29285838cc0d386e47580dd2278cbebf/window'
00:50:03.522 [AsyncHttpClient-1-17] DEBUG org.asynchttpclient.netty.handler.HttpHandler - 

Request DefaultHttpRequest(decodeResult: success, version: HTTP/1.1)
POST /session/29285838cc0d386e47580dd2278cbebf/window HTTP/1.1
User-Agent: selenium/4.7.1 (java windows)
Content-Length: 50
Content-Type: application/json; charset=utf-8
host: localhost:8862
accept: */*

Response DefaultHttpResponse(decodeResult: success, version: HTTP/1.1)
HTTP/1.1 200 OK
Content-Type: application/json; charset=utf-8
cache-control: no-cache
content-length: 14

00:50:03.523 [AsyncHttpClient-1-17] DEBUG org.asynchttpclient.netty.channel.ChannelManager - Adding key: http://localhost:8862 for channel [id: 0x27cd69ac, L:/127.0.0.1:59915 - R:localhost/127.0.0.1:8862]
00:50:03.524 [Forwarding getCurrentUrl on session 29285838cc0d386e47580dd2278cbebf to remote] DEBUG org.asynchttpclient.netty.request.NettyRequestSender - Using pooled Channel '[id: 0x27cd69ac, L:/127.0.0.1:59915 - R:localhost/127.0.0.1:8862]' for 'GET' to 'http://localhost:8862/session/29285838cc0d386e47580dd2278cbebf/url'
00:50:03.524 [Forwarding getCurrentUrl on session 29285838cc0d386e47580dd2278cbebf to remote] DEBUG org.asynchttpclient.netty.request.NettyRequestSender - Using open Channel [id: 0x27cd69ac, L:/127.0.0.1:59915 - R:localhost/127.0.0.1:8862] for GET '/session/29285838cc0d386e47580dd2278cbebf/url'
00:50:03.531 [AsyncHttpClient-1-17] DEBUG org.asynchttpclient.netty.handler.HttpHandler - 

Request DefaultFullHttpRequest(decodeResult: success, version: HTTP/1.1, content: EmptyByteBufBE)
GET /session/29285838cc0d386e47580dd2278cbebf/url HTTP/1.1
User-Agent: selenium/4.7.1 (java windows)
Cache-Control: no-cache
Content-Type: application/json; charset=utf-8
host: localhost:8862
accept: */*

Response DefaultHttpResponse(decodeResult: success, version: HTTP/1.1)
HTTP/1.1 200 OK
Content-Type: application/json; charset=utf-8
cache-control: no-cache
content-length: 51

00:50:03.531 [AsyncHttpClient-1-17] DEBUG org.asynchttpclient.netty.channel.ChannelManager - Adding key: http://localhost:8862 for channel [id: 0x27cd69ac, L:/127.0.0.1:59915 - R:localhost/127.0.0.1:8862]
00:50:03.532 [Forwarding screenshot on session 29285838cc0d386e47580dd2278cbebf to remote] DEBUG org.asynchttpclient.netty.request.NettyRequestSender - Using pooled Channel '[id: 0x27cd69ac, L:/127.0.0.1:59915 - R:localhost/127.0.0.1:8862]' for 'GET' to 'http://localhost:8862/session/29285838cc0d386e47580dd2278cbebf/screenshot'
00:50:03.532 [Forwarding screenshot on session 29285838cc0d386e47580dd2278cbebf to remote] DEBUG org.asynchttpclient.netty.request.NettyRequestSender - Using open Channel [id: 0x27cd69ac, L:/127.0.0.1:59915 - R:localhost/127.0.0.1:8862] for GET '/session/29285838cc0d386e47580dd2278cbebf/screenshot'
00:50:03.605 [AsyncHttpClient-1-17] DEBUG org.asynchttpclient.netty.handler.HttpHandler - 

Request DefaultFullHttpRequest(decodeResult: success, version: HTTP/1.1, content: EmptyByteBufBE)
GET /session/29285838cc0d386e47580dd2278cbebf/screenshot HTTP/1.1
User-Agent: selenium/4.7.1 (java windows)
Cache-Control: no-cache
Content-Type: application/json; charset=utf-8
host: localhost:8862
accept: */*

Response DefaultHttpResponse(decodeResult: success, version: HTTP/1.1)
HTTP/1.1 200 OK
Content-Type: application/json; charset=utf-8
cache-control: no-cache
content-length: 26172

00:50:03.606 [AsyncHttpClient-1-17] DEBUG org.asynchttpclient.netty.channel.ChannelManager - Adding key: http://localhost:8862 for channel [id: 0x27cd69ac, L:/127.0.0.1:59915 - R:localhost/127.0.0.1:8862]
00:50:03.607 [main] DEBUG net.serenitybdd.core.photography.Darkroom - Send negative for processing for target\site\serenity\f035198f28bcaf95684f4b1a3b9e5d031fc0873bb044f55c4913aef571773aa0.png
00:50:03.608 [main] DEBUG net.thucydides.core.steps.StepInterceptor - STEP DONE: klikButtonLogin
  &amp#27;[32mWhen &amp#27;[0m&amp#27;[32muser klik button login&amp#27;[0m                                 &amp#27;[90m# starter.stepdefinitions.LoginRegisterSteps.userKlikButtonLogin()&amp#27;[0m
00:50:03.617 [main] DEBUG net.thucydides.core.steps.StepInterceptor - STARTING STEP: LoginRegisterSteps.userInputEmailValid - inputEmail
00:50:03.619 [Forwarding findElement on session 29285838cc0d386e47580dd2278cbebf to remote] DEBUG org.asynchttpclient.netty.request.NettyRequestSender - Using pooled Channel '[id: 0x27cd69ac, L:/127.0.0.1:59915 - R:localhost/127.0.0.1:8862]' for 'POST' to 'http://localhost:8862/session/29285838cc0d386e47580dd2278cbebf/element'
00:50:03.619 [Forwarding findElement on session 29285838cc0d386e47580dd2278cbebf to remote] DEBUG org.asynchttpclient.netty.request.NettyRequestSender - Using open Channel [id: 0x27cd69ac, L:/127.0.0.1:59915 - R:localhost/127.0.0.1:8862] for POST '/session/29285838cc0d386e47580dd2278cbebf/element'
00:50:03.630 [AsyncHttpClient-1-17] DEBUG org.asynchttpclient.netty.handler.HttpHandler - 

Request DefaultHttpRequest(decodeResult: success, version: HTTP/1.1)
POST /session/29285838cc0d386e47580dd2278cbebf/element HTTP/1.1
User-Agent: selenium/4.7.1 (java windows)
Content-Length: 187
Content-Type: application/json; charset=utf-8
host: localhost:8862
accept: */*

Response DefaultHttpResponse(decodeResult: success, version: HTTP/1.1)
HTTP/1.1 200 OK
Content-Type: application/json; charset=utf-8
cache-control: no-cache
content-length: 88

00:50:03.630 [AsyncHttpClient-1-17] DEBUG org.asynchttpclient.netty.channel.ChannelManager - Adding key: http://localhost:8862 for channel [id: 0x27cd69ac, L:/127.0.0.1:59915 - R:localhost/127.0.0.1:8862]
00:50:03.631 [Forwarding clearElement on session 29285838cc0d386e47580dd2278cbebf to remote] DEBUG org.asynchttpclient.netty.request.NettyRequestSender - Using pooled Channel '[id: 0x27cd69ac, L:/127.0.0.1:59915 - R:localhost/127.0.0.1:8862]' for 'POST' to 'http://localhost:8862/session/29285838cc0d386e47580dd2278cbebf/element/70ae0570-d527-4120-86f8-55e190fe53d5/clear'
00:50:03.631 [Forwarding clearElement on session 29285838cc0d386e47580dd2278cbebf to remote] DEBUG org.asynchttpclient.netty.request.NettyRequestSender - Using open Channel [id: 0x27cd69ac, L:/127.0.0.1:59915 - R:localhost/127.0.0.1:8862] for POST '/session/29285838cc0d386e47580dd2278cbebf/element/70ae0570-d527-4120-86f8-55e190fe53d5/clear'
00:50:03.668 [AsyncHttpClient-1-17] DEBUG org.asynchttpclient.netty.handler.HttpHandler - 

Request DefaultHttpRequest(decodeResult: success, version: HTTP/1.1)
POST /session/29285838cc0d386e47580dd2278cbebf/element/70ae0570-d527-4120-86f8-55e190fe53d5/clear HTTP/1.1
User-Agent: selenium/4.7.1 (java windows)
Content-Length: 50
Content-Type: application/json; charset=utf-8
host: localhost:8862
accept: */*

Response DefaultHttpResponse(decodeResult: success, version: HTTP/1.1)
HTTP/1.1 200 OK
Content-Type: application/json; charset=utf-8
cache-control: no-cache
content-length: 14

00:50:03.668 [AsyncHttpClient-1-17] DEBUG org.asynchttpclient.netty.channel.ChannelManager - Adding key: http://localhost:8862 for channel [id: 0x27cd69ac, L:/127.0.0.1:59915 - R:localhost/127.0.0.1:8862]
00:50:03.670 [Forwarding sendKeysToElement on session 29285838cc0d386e47580dd2278cbebf to remote] DEBUG org.asynchttpclient.netty.request.NettyRequestSender - Using pooled Channel '[id: 0x27cd69ac, L:/127.0.0.1:59915 - R:localhost/127.0.0.1:8862]' for 'POST' to 'http://localhost:8862/session/29285838cc0d386e47580dd2278cbebf/element/70ae0570-d527-4120-86f8-55e190fe53d5/value'
00:50:03.670 [Forwarding sendKeysToElement on session 29285838cc0d386e47580dd2278cbebf to remote] DEBUG org.asynchttpclient.netty.request.NettyRequestSender - Using open Channel [id: 0x27cd69ac, L:/127.0.0.1:59915 - R:localhost/127.0.0.1:8862] for POST '/session/29285838cc0d386e47580dd2278cbebf/element/70ae0570-d527-4120-86f8-55e190fe53d5/value'
00:50:03.769 [AsyncHttpClient-1-17] DEBUG org.asynchttpclient.netty.handler.HttpHandler - 

Request DefaultHttpRequest(decodeResult: success, version: HTTP/1.1)
POST /session/29285838cc0d386e47580dd2278cbebf/element/70ae0570-d527-4120-86f8-55e190fe53d5/value HTTP/1.1
User-Agent: selenium/4.7.1 (java windows)
Content-Length: 211
Content-Type: application/json; charset=utf-8
host: localhost:8862
accept: */*

Response DefaultHttpResponse(decodeResult: success, version: HTTP/1.1)
HTTP/1.1 200 OK
Content-Type: application/json; charset=utf-8
cache-control: no-cache
content-length: 14

00:50:03.769 [AsyncHttpClient-1-17] DEBUG org.asynchttpclient.netty.channel.ChannelManager - Adding key: http://localhost:8862 for channel [id: 0x27cd69ac, L:/127.0.0.1:59915 - R:localhost/127.0.0.1:8862]
00:50:03.777 [Forwarding getCurrentWindowHandle on session 29285838cc0d386e47580dd2278cbebf to remote] DEBUG org.asynchttpclient.netty.request.NettyRequestSender - Using pooled Channel '[id: 0x27cd69ac, L:/127.0.0.1:59915 - R:localhost/127.0.0.1:8862]' for 'GET' to 'http://localhost:8862/session/29285838cc0d386e47580dd2278cbebf/window'
00:50:03.777 [Forwarding getCurrentWindowHandle on session 29285838cc0d386e47580dd2278cbebf to remote] DEBUG org.asynchttpclient.netty.request.NettyRequestSender - Using open Channel [id: 0x27cd69ac, L:/127.0.0.1:59915 - R:localhost/127.0.0.1:8862] for GET '/session/29285838cc0d386e47580dd2278cbebf/window'
00:50:03.778 [AsyncHttpClient-1-17] DEBUG org.asynchttpclient.netty.handler.HttpHandler - 

Request DefaultFullHttpRequest(decodeResult: success, version: HTTP/1.1, content: EmptyByteBufBE)
GET /session/29285838cc0d386e47580dd2278cbebf/window HTTP/1.1
User-Agent: selenium/4.7.1 (java windows)
Cache-Control: no-cache
Content-Type: application/json; charset=utf-8
host: localhost:8862
accept: */*

Response DefaultHttpResponse(decodeResult: success, version: HTTP/1.1)
HTTP/1.1 200 OK
Content-Type: application/json; charset=utf-8
cache-control: no-cache
content-length: 44

00:50:03.778 [AsyncHttpClient-1-17] DEBUG org.asynchttpclient.netty.channel.ChannelManager - Adding key: http://localhost:8862 for channel [id: 0x27cd69ac, L:/127.0.0.1:59915 - R:localhost/127.0.0.1:8862]
00:50:03.779 [Forwarding getAlertText on session 29285838cc0d386e47580dd2278cbebf to remote] DEBUG org.asynchttpclient.netty.request.NettyRequestSender - Using pooled Channel '[id: 0x27cd69ac, L:/127.0.0.1:59915 - R:localhost/127.0.0.1:8862]' for 'GET' to 'http://localhost:8862/session/29285838cc0d386e47580dd2278cbebf/alert/text'
00:50:03.779 [Forwarding getAlertText on session 29285838cc0d386e47580dd2278cbebf to remote] DEBUG org.asynchttpclient.netty.request.NettyRequestSender - Using open Channel [id: 0x27cd69ac, L:/127.0.0.1:59915 - R:localhost/127.0.0.1:8862] for GET '/session/29285838cc0d386e47580dd2278cbebf/alert/text'
00:50:03.780 [AsyncHttpClient-1-17] DEBUG org.asynchttpclient.netty.handler.HttpHandler - 

Request DefaultFullHttpRequest(decodeResult: success, version: HTTP/1.1, content: EmptyByteBufBE)
GET /session/29285838cc0d386e47580dd2278cbebf/alert/text HTTP/1.1
User-Agent: selenium/4.7.1 (java windows)
Cache-Control: no-cache
Content-Type: application/json; charset=utf-8
host: localhost:8862
accept: */*

Response DefaultHttpResponse(decodeResult: success, version: HTTP/1.1)
HTTP/1.1 404 Not Found
Content-Type: application/json; charset=utf-8
cache-control: no-cache
content-length: 849

00:50:03.781 [AsyncHttpClient-1-17] DEBUG org.asynchttpclient.netty.channel.ChannelManager - Adding key: http://localhost:8862 for channel [id: 0x27cd69ac, L:/127.0.0.1:59915 - R:localhost/127.0.0.1:8862]
00:50:03.782 [Forwarding switchToWindow on session 29285838cc0d386e47580dd2278cbebf to remote] DEBUG org.asynchttpclient.netty.request.NettyRequestSender - Using pooled Channel '[id: 0x27cd69ac, L:/127.0.0.1:59915 - R:localhost/127.0.0.1:8862]' for 'POST' to 'http://localhost:8862/session/29285838cc0d386e47580dd2278cbebf/window'
00:50:03.782 [Forwarding switchToWindow on session 29285838cc0d386e47580dd2278cbebf to remote] DEBUG org.asynchttpclient.netty.request.NettyRequestSender - Using open Channel [id: 0x27cd69ac, L:/127.0.0.1:59915 - R:localhost/127.0.0.1:8862] for POST '/session/29285838cc0d386e47580dd2278cbebf/window'
00:50:03.784 [AsyncHttpClient-1-17] DEBUG org.asynchttpclient.netty.handler.HttpHandler - 

Request DefaultHttpRequest(decodeResult: success, version: HTTP/1.1)
POST /session/29285838cc0d386e47580dd2278cbebf/window HTTP/1.1
User-Agent: selenium/4.7.1 (java windows)
Content-Length: 50
Content-Type: application/json; charset=utf-8
host: localhost:8862
accept: */*

Response DefaultHttpResponse(decodeResult: success, version: HTTP/1.1)
HTTP/1.1 200 OK
Content-Type: application/json; charset=utf-8
cache-control: no-cache
content-length: 14

00:50:03.784 [AsyncHttpClient-1-17] DEBUG org.asynchttpclient.netty.channel.ChannelManager - Adding key: http://localhost:8862 for channel [id: 0x27cd69ac, L:/127.0.0.1:59915 - R:localhost/127.0.0.1:8862]
00:50:03.785 [Forwarding getCurrentUrl on session 29285838cc0d386e47580dd2278cbebf to remote] DEBUG org.asynchttpclient.netty.request.NettyRequestSender - Using pooled Channel '[id: 0x27cd69ac, L:/127.0.0.1:59915 - R:localhost/127.0.0.1:8862]' for 'GET' to 'http://localhost:8862/session/29285838cc0d386e47580dd2278cbebf/url'
00:50:03.785 [Forwarding getCurrentUrl on session 29285838cc0d386e47580dd2278cbebf to remote] DEBUG org.asynchttpclient.netty.request.NettyRequestSender - Using open Channel [id: 0x27cd69ac, L:/127.0.0.1:59915 - R:localhost/127.0.0.1:8862] for GET '/session/29285838cc0d386e47580dd2278cbebf/url'
00:50:03.792 [AsyncHttpClient-1-17] DEBUG org.asynchttpclient.netty.handler.HttpHandler - 

Request DefaultFullHttpRequest(decodeResult: success, version: HTTP/1.1, content: EmptyByteBufBE)
GET /session/29285838cc0d386e47580dd2278cbebf/url HTTP/1.1
User-Agent: selenium/4.7.1 (java windows)
Cache-Control: no-cache
Content-Type: application/json; charset=utf-8
host: localhost:8862
accept: */*

Response DefaultHttpResponse(decodeResult: success, version: HTTP/1.1)
HTTP/1.1 200 OK
Content-Type: application/json; charset=utf-8
cache-control: no-cache
content-length: 51

00:50:03.792 [AsyncHttpClient-1-17] DEBUG org.asynchttpclient.netty.channel.ChannelManager - Adding key: http://localhost:8862 for channel [id: 0x27cd69ac, L:/127.0.0.1:59915 - R:localhost/127.0.0.1:8862]
00:50:03.793 [Forwarding screenshot on session 29285838cc0d386e47580dd2278cbebf to remote] DEBUG org.asynchttpclient.netty.request.NettyRequestSender - Using pooled Channel '[id: 0x27cd69ac, L:/127.0.0.1:59915 - R:localhost/127.0.0.1:8862]' for 'GET' to 'http://localhost:8862/session/29285838cc0d386e47580dd2278cbebf/screenshot'
00:50:03.793 [Forwarding screenshot on session 29285838cc0d386e47580dd2278cbebf to remote] DEBUG org.asynchttpclient.netty.request.NettyRequestSender - Using open Channel [id: 0x27cd69ac, L:/127.0.0.1:59915 - R:localhost/127.0.0.1:8862] for GET '/session/29285838cc0d386e47580dd2278cbebf/screenshot'
00:50:03.892 [AsyncHttpClient-1-17] DEBUG org.asynchttpclient.netty.handler.HttpHandler - 

Request DefaultFullHttpRequest(decodeResult: success, version: HTTP/1.1, content: EmptyByteBufBE)
GET /session/29285838cc0d386e47580dd2278cbebf/screenshot HTTP/1.1
User-Agent: selenium/4.7.1 (java windows)
Cache-Control: no-cache
Content-Type: application/json; charset=utf-8
host: localhost:8862
accept: */*

Response DefaultHttpResponse(decodeResult: success, version: HTTP/1.1)
HTTP/1.1 200 OK
Content-Type: application/json; charset=utf-8
cache-control: no-cache
content-length: 29848

00:50:03.892 [AsyncHttpClient-1-17] DEBUG org.asynchttpclient.netty.channel.ChannelManager - Adding key: http://localhost:8862 for channel [id: 0x27cd69ac, L:/127.0.0.1:59915 - R:localhost/127.0.0.1:8862]
00:50:03.894 [main] DEBUG net.serenitybdd.core.photography.Darkroom - Send negative for processing for target\site\serenity\d0c5bb108fc7cc323ab09ea58d3f87aba5f01cf71ee19458dcaaf37a658270b4.png
00:50:03.894 [main] DEBUG net.thucydides.core.steps.StepInterceptor - STEP DONE: inputEmail
  &amp#27;[32mAnd &amp#27;[0m&amp#27;[32muser input email valid&amp#27;[0m                                  &amp#27;[90m# starter.stepdefinitions.LoginRegisterSteps.userInputEmailValid()&amp#27;[0m
00:50:03.903 [main] DEBUG net.thucydides.core.steps.StepInterceptor - STARTING STEP: LoginRegisterSteps.userNotInputPassword - inputPassword
00:50:03.905 [Forwarding findElement on session 29285838cc0d386e47580dd2278cbebf to remote] DEBUG org.asynchttpclient.netty.request.NettyRequestSender - Using pooled Channel '[id: 0x27cd69ac, L:/127.0.0.1:59915 - R:localhost/127.0.0.1:8862]' for 'POST' to 'http://localhost:8862/session/29285838cc0d386e47580dd2278cbebf/element'
00:50:03.905 [Forwarding findElement on session 29285838cc0d386e47580dd2278cbebf to remote] DEBUG org.asynchttpclient.netty.request.NettyRequestSender - Using open Channel [id: 0x27cd69ac, L:/127.0.0.1:59915 - R:localhost/127.0.0.1:8862] for POST '/session/29285838cc0d386e47580dd2278cbebf/element'
00:50:03.918 [AsyncHttpClient-1-17] DEBUG org.asynchttpclient.netty.handler.HttpHandler - 

Request DefaultHttpRequest(decodeResult: success, version: HTTP/1.1)
POST /session/29285838cc0d386e47580dd2278cbebf/element HTTP/1.1
User-Agent: selenium/4.7.1 (java windows)
Content-Length: 187
Content-Type: application/json; charset=utf-8
host: localhost:8862
accept: */*

Response DefaultHttpResponse(decodeResult: success, version: HTTP/1.1)
HTTP/1.1 200 OK
Content-Type: application/json; charset=utf-8
cache-control: no-cache
content-length: 88

00:50:03.919 [AsyncHttpClient-1-17] DEBUG org.asynchttpclient.netty.channel.ChannelManager - Adding key: http://localhost:8862 for channel [id: 0x27cd69ac, L:/127.0.0.1:59915 - R:localhost/127.0.0.1:8862]
00:50:03.920 [Forwarding clearElement on session 29285838cc0d386e47580dd2278cbebf to remote] DEBUG org.asynchttpclient.netty.request.NettyRequestSender - Using pooled Channel '[id: 0x27cd69ac, L:/127.0.0.1:59915 - R:localhost/127.0.0.1:8862]' for 'POST' to 'http://localhost:8862/session/29285838cc0d386e47580dd2278cbebf/element/9a2ec15e-2eed-496b-94c2-d6691c04b8ae/clear'
00:50:03.920 [Forwarding clearElement on session 29285838cc0d386e47580dd2278cbebf to remote] DEBUG org.asynchttpclient.netty.request.NettyRequestSender - Using open Channel [id: 0x27cd69ac, L:/127.0.0.1:59915 - R:localhost/127.0.0.1:8862] for POST '/session/29285838cc0d386e47580dd2278cbebf/element/9a2ec15e-2eed-496b-94c2-d6691c04b8ae/clear'
00:50:03.953 [AsyncHttpClient-1-17] DEBUG org.asynchttpclient.netty.handler.HttpHandler - 

Request DefaultHttpRequest(decodeResult: success, version: HTTP/1.1)
POST /session/29285838cc0d386e47580dd2278cbebf/element/9a2ec15e-2eed-496b-94c2-d6691c04b8ae/clear HTTP/1.1
User-Agent: selenium/4.7.1 (java windows)
Content-Length: 50
Content-Type: application/json; charset=utf-8
host: localhost:8862
accept: */*

Response DefaultHttpResponse(decodeResult: success, version: HTTP/1.1)
HTTP/1.1 200 OK
Content-Type: application/json; charset=utf-8
cache-control: no-cache
content-length: 14

00:50:03.953 [AsyncHttpClient-1-17] DEBUG org.asynchttpclient.netty.channel.ChannelManager - Adding key: http://localhost:8862 for channel [id: 0x27cd69ac, L:/127.0.0.1:59915 - R:localhost/127.0.0.1:8862]
00:50:03.954 [Forwarding sendKeysToElement on session 29285838cc0d386e47580dd2278cbebf to remote] DEBUG org.asynchttpclient.netty.request.NettyRequestSender - Using pooled Channel '[id: 0x27cd69ac, L:/127.0.0.1:59915 - R:localhost/127.0.0.1:8862]' for 'POST' to 'http://localhost:8862/session/29285838cc0d386e47580dd2278cbebf/element/9a2ec15e-2eed-496b-94c2-d6691c04b8ae/value'
00:50:03.954 [Forwarding sendKeysToElement on session 29285838cc0d386e47580dd2278cbebf to remote] DEBUG org.asynchttpclient.netty.request.NettyRequestSender - Using open Channel [id: 0x27cd69ac, L:/127.0.0.1:59915 - R:localhost/127.0.0.1:8862] for POST '/session/29285838cc0d386e47580dd2278cbebf/element/9a2ec15e-2eed-496b-94c2-d6691c04b8ae/value'
00:50:03.997 [AsyncHttpClient-1-17] DEBUG org.asynchttpclient.netty.handler.HttpHandler - 

Request DefaultHttpRequest(decodeResult: success, version: HTTP/1.1)
POST /session/29285838cc0d386e47580dd2278cbebf/element/9a2ec15e-2eed-496b-94c2-d6691c04b8ae/value HTTP/1.1
User-Agent: selenium/4.7.1 (java windows)
Content-Length: 82
Content-Type: application/json; charset=utf-8
host: localhost:8862
accept: */*

Response DefaultHttpResponse(decodeResult: success, version: HTTP/1.1)
HTTP/1.1 200 OK
Content-Type: application/json; charset=utf-8
cache-control: no-cache
content-length: 14

00:50:03.997 [AsyncHttpClient-1-17] DEBUG org.asynchttpclient.netty.channel.ChannelManager - Adding key: http://localhost:8862 for channel [id: 0x27cd69ac, L:/127.0.0.1:59915 - R:localhost/127.0.0.1:8862]
00:50:04.003 [Forwarding getCurrentWindowHandle on session 29285838cc0d386e47580dd2278cbebf to remote] DEBUG org.asynchttpclient.netty.request.NettyRequestSender - Using pooled Channel '[id: 0x27cd69ac, L:/127.0.0.1:59915 - R:localhost/127.0.0.1:8862]' for 'GET' to 'http://localhost:8862/session/29285838cc0d386e47580dd2278cbebf/window'
00:50:04.003 [Forwarding getCurrentWindowHandle on session 29285838cc0d386e47580dd2278cbebf to remote] DEBUG org.asynchttpclient.netty.request.NettyRequestSender - Using open Channel [id: 0x27cd69ac, L:/127.0.0.1:59915 - R:localhost/127.0.0.1:8862] for GET '/session/29285838cc0d386e47580dd2278cbebf/window'
00:50:04.004 [AsyncHttpClient-1-17] DEBUG org.asynchttpclient.netty.handler.HttpHandler - 

Request DefaultFullHttpRequest(decodeResult: success, version: HTTP/1.1, content: EmptyByteBufBE)
GET /session/29285838cc0d386e47580dd2278cbebf/window HTTP/1.1
User-Agent: selenium/4.7.1 (java windows)
Cache-Control: no-cache
Content-Type: application/json; charset=utf-8
host: localhost:8862
accept: */*

Response DefaultHttpResponse(decodeResult: success, version: HTTP/1.1)
HTTP/1.1 200 OK
Content-Type: application/json; charset=utf-8
cache-control: no-cache
content-length: 44

00:50:04.004 [AsyncHttpClient-1-17] DEBUG org.asynchttpclient.netty.channel.ChannelManager - Adding key: http://localhost:8862 for channel [id: 0x27cd69ac, L:/127.0.0.1:59915 - R:localhost/127.0.0.1:8862]
00:50:04.005 [Forwarding getAlertText on session 29285838cc0d386e47580dd2278cbebf to remote] DEBUG org.asynchttpclient.netty.request.NettyRequestSender - Using pooled Channel '[id: 0x27cd69ac, L:/127.0.0.1:59915 - R:localhost/127.0.0.1:8862]' for 'GET' to 'http://localhost:8862/session/29285838cc0d386e47580dd2278cbebf/alert/text'
00:50:04.005 [Forwarding getAlertText on session 29285838cc0d386e47580dd2278cbebf to remote] DEBUG org.asynchttpclient.netty.request.NettyRequestSender - Using open Channel [id: 0x27cd69ac, L:/127.0.0.1:59915 - R:localhost/127.0.0.1:8862] for GET '/session/29285838cc0d386e47580dd2278cbebf/alert/text'
00:50:04.008 [AsyncHttpClient-1-17] DEBUG org.asynchttpclient.netty.handler.HttpHandler - 

Request DefaultFullHttpRequest(decodeResult: success, version: HTTP/1.1, content: EmptyByteBufBE)
GET /session/29285838cc0d386e47580dd2278cbebf/alert/text HTTP/1.1
User-Agent: selenium/4.7.1 (java windows)
Cache-Control: no-cache
Content-Type: application/json; charset=utf-8
host: localhost:8862
accept: */*

Response DefaultHttpResponse(decodeResult: success, version: HTTP/1.1)
HTTP/1.1 404 Not Found
Content-Type: application/json; charset=utf-8
cache-control: no-cache
content-length: 849

00:50:04.009 [AsyncHttpClient-1-17] DEBUG org.asynchttpclient.netty.channel.ChannelManager - Adding key: http://localhost:8862 for channel [id: 0x27cd69ac, L:/127.0.0.1:59915 - R:localhost/127.0.0.1:8862]
00:50:04.012 [Forwarding switchToWindow on session 29285838cc0d386e47580dd2278cbebf to remote] DEBUG org.asynchttpclient.netty.request.NettyRequestSender - Using pooled Channel '[id: 0x27cd69ac, L:/127.0.0.1:59915 - R:localhost/127.0.0.1:8862]' for 'POST' to 'http://localhost:8862/session/29285838cc0d386e47580dd2278cbebf/window'
00:50:04.012 [Forwarding switchToWindow on session 29285838cc0d386e47580dd2278cbebf to remote] DEBUG org.asynchttpclient.netty.request.NettyRequestSender - Using open Channel [id: 0x27cd69ac, L:/127.0.0.1:59915 - R:localhost/127.0.0.1:8862] for POST '/session/29285838cc0d386e47580dd2278cbebf/window'
00:50:04.013 [AsyncHttpClient-1-17] DEBUG org.asynchttpclient.netty.handler.HttpHandler - 

Request DefaultHttpRequest(decodeResult: success, version: HTTP/1.1)
POST /session/29285838cc0d386e47580dd2278cbebf/window HTTP/1.1
User-Agent: selenium/4.7.1 (java windows)
Content-Length: 50
Content-Type: application/json; charset=utf-8
host: localhost:8862
accept: */*

Response DefaultHttpResponse(decodeResult: success, version: HTTP/1.1)
HTTP/1.1 200 OK
Content-Type: application/json; charset=utf-8
cache-control: no-cache
content-length: 14

00:50:04.013 [AsyncHttpClient-1-17] DEBUG org.asynchttpclient.netty.channel.ChannelManager - Adding key: http://localhost:8862 for channel [id: 0x27cd69ac, L:/127.0.0.1:59915 - R:localhost/127.0.0.1:8862]
00:50:04.014 [Forwarding getCurrentUrl on session 29285838cc0d386e47580dd2278cbebf to remote] DEBUG org.asynchttpclient.netty.request.NettyRequestSender - Using pooled Channel '[id: 0x27cd69ac, L:/127.0.0.1:59915 - R:localhost/127.0.0.1:8862]' for 'GET' to 'http://localhost:8862/session/29285838cc0d386e47580dd2278cbebf/url'
00:50:04.014 [Forwarding getCurrentUrl on session 29285838cc0d386e47580dd2278cbebf to remote] DEBUG org.asynchttpclient.netty.request.NettyRequestSender - Using open Channel [id: 0x27cd69ac, L:/127.0.0.1:59915 - R:localhost/127.0.0.1:8862] for GET '/session/29285838cc0d386e47580dd2278cbebf/url'
00:50:04.017 [AsyncHttpClient-1-17] DEBUG org.asynchttpclient.netty.handler.HttpHandler - 

Request DefaultFullHttpRequest(decodeResult: success, version: HTTP/1.1, content: EmptyByteBufBE)
GET /session/29285838cc0d386e47580dd2278cbebf/url HTTP/1.1
User-Agent: selenium/4.7.1 (java windows)
Cache-Control: no-cache
Content-Type: application/json; charset=utf-8
host: localhost:8862
accept: */*

Response DefaultHttpResponse(decodeResult: success, version: HTTP/1.1)
HTTP/1.1 200 OK
Content-Type: application/json; charset=utf-8
cache-control: no-cache
content-length: 51

00:50:04.017 [AsyncHttpClient-1-17] DEBUG org.asynchttpclient.netty.channel.ChannelManager - Adding key: http://localhost:8862 for channel [id: 0x27cd69ac, L:/127.0.0.1:59915 - R:localhost/127.0.0.1:8862]
00:50:04.018 [Forwarding screenshot on session 29285838cc0d386e47580dd2278cbebf to remote] DEBUG org.asynchttpclient.netty.request.NettyRequestSender - Using pooled Channel '[id: 0x27cd69ac, L:/127.0.0.1:59915 - R:localhost/127.0.0.1:8862]' for 'GET' to 'http://localhost:8862/session/29285838cc0d386e47580dd2278cbebf/screenshot'
00:50:04.018 [Forwarding screenshot on session 29285838cc0d386e47580dd2278cbebf to remote] DEBUG org.asynchttpclient.netty.request.NettyRequestSender - Using open Channel [id: 0x27cd69ac, L:/127.0.0.1:59915 - R:localhost/127.0.0.1:8862] for GET '/session/29285838cc0d386e47580dd2278cbebf/screenshot'
00:50:04.108 [AsyncHttpClient-1-17] DEBUG org.asynchttpclient.netty.handler.HttpHandler - 

Request DefaultFullHttpRequest(decodeResult: success, version: HTTP/1.1, content: EmptyByteBufBE)
GET /session/29285838cc0d386e47580dd2278cbebf/screenshot HTTP/1.1
User-Agent: selenium/4.7.1 (java windows)
Cache-Control: no-cache
Content-Type: application/json; charset=utf-8
host: localhost:8862
accept: */*

Response DefaultHttpResponse(decodeResult: success, version: HTTP/1.1)
HTTP/1.1 200 OK
Content-Type: application/json; charset=utf-8
cache-control: no-cache
content-length: 29640

00:50:04.109 [AsyncHttpClient-1-17] DEBUG org.asynchttpclient.netty.channel.ChannelManager - Adding key: http://localhost:8862 for channel [id: 0x27cd69ac, L:/127.0.0.1:59915 - R:localhost/127.0.0.1:8862]
00:50:04.111 [main] DEBUG net.serenitybdd.core.photography.Darkroom - Send negative for processing for target\site\serenity\296bd976951ccdcff74e0531a1ce6ac4be2988329b58e097228c20b050237909.png
00:50:04.111 [main] DEBUG net.thucydides.core.steps.StepInterceptor - STEP DONE: inputPassword
00:50:04.111 [Darkroom Processing Line] DEBUG net.serenitybdd.core.photography.DarkroomProcessingLine - Processing screenshot image in /var/screenshots/screenshot-16006511830861410676
00:50:04.111 [Darkroom Processing Line] DEBUG net.serenitybdd.core.photography.DarkroomProcessingLine - Saving screenshot to target\site\serenity\296bd976951ccdcff74e0531a1ce6ac4be2988329b58e097228c20b050237909.png
  &amp#27;[32mAnd &amp#27;[0m&amp#27;[32muser not input password&amp#27;[0m                                 &amp#27;[90m# starter.stepdefinitions.LoginRegisterSteps.userNotInputPassword()&amp#27;[0m
00:50:04.121 [main] DEBUG net.thucydides.core.steps.StepInterceptor - STARTING STEP: LoginRegisterSteps.userKlikButtonLoginYangKedua - klikButtonLoginKedua
00:50:04.124 [Forwarding findElement on session 29285838cc0d386e47580dd2278cbebf to remote] DEBUG org.asynchttpclient.netty.request.NettyRequestSender - Using pooled Channel '[id: 0x27cd69ac, L:/127.0.0.1:59915 - R:localhost/127.0.0.1:8862]' for 'POST' to 'http://localhost:8862/session/29285838cc0d386e47580dd2278cbebf/element'
00:50:04.124 [Forwarding findElement on session 29285838cc0d386e47580dd2278cbebf to remote] DEBUG org.asynchttpclient.netty.request.NettyRequestSender - Using open Channel [id: 0x27cd69ac, L:/127.0.0.1:59915 - R:localhost/127.0.0.1:8862] for POST '/session/29285838cc0d386e47580dd2278cbebf/element'
00:50:04.136 [AsyncHttpClient-1-17] DEBUG org.asynchttpclient.netty.handler.HttpHandler - 

Request DefaultHttpRequest(decodeResult: success, version: HTTP/1.1)
POST /session/29285838cc0d386e47580dd2278cbebf/element HTTP/1.1
User-Agent: selenium/4.7.1 (java windows)
Content-Length: 141
Content-Type: application/json; charset=utf-8
host: localhost:8862
accept: */*

Response DefaultHttpResponse(decodeResult: success, version: HTTP/1.1)
HTTP/1.1 200 OK
Content-Type: application/json; charset=utf-8
cache-control: no-cache
content-length: 88

00:50:04.137 [AsyncHttpClient-1-17] DEBUG org.asynchttpclient.netty.channel.ChannelManager - Adding key: http://localhost:8862 for channel [id: 0x27cd69ac, L:/127.0.0.1:59915 - R:localhost/127.0.0.1:8862]
00:50:04.138 [Forwarding getElementTagName on session 29285838cc0d386e47580dd2278cbebf to remote] DEBUG org.asynchttpclient.netty.request.NettyRequestSender - Using pooled Channel '[id: 0x27cd69ac, L:/127.0.0.1:59915 - R:localhost/127.0.0.1:8862]' for 'GET' to 'http://localhost:8862/session/29285838cc0d386e47580dd2278cbebf/element/a6923e21-94f3-4030-a1f2-ff1737a0fd6c/name'
00:50:04.138 [Forwarding getElementTagName on session 29285838cc0d386e47580dd2278cbebf to remote] DEBUG org.asynchttpclient.netty.request.NettyRequestSender - Using open Channel [id: 0x27cd69ac, L:/127.0.0.1:59915 - R:localhost/127.0.0.1:8862] for GET '/session/29285838cc0d386e47580dd2278cbebf/element/a6923e21-94f3-4030-a1f2-ff1737a0fd6c/name'
00:50:04.144 [AsyncHttpClient-1-17] DEBUG org.asynchttpclient.netty.handler.HttpHandler - 

Request DefaultFullHttpRequest(decodeResult: success, version: HTTP/1.1, content: EmptyByteBufBE)
GET /session/29285838cc0d386e47580dd2278cbebf/element/a6923e21-94f3-4030-a1f2-ff1737a0fd6c/name HTTP/1.1
User-Agent: selenium/4.7.1 (java windows)
Cache-Control: no-cache
Content-Type: application/json; charset=utf-8
host: localhost:8862
accept: */*

Response DefaultHttpResponse(decodeResult: success, version: HTTP/1.1)
HTTP/1.1 200 OK
Content-Type: application/json; charset=utf-8
cache-control: no-cache
content-length: 18

00:50:04.144 [AsyncHttpClient-1-17] DEBUG org.asynchttpclient.netty.channel.ChannelManager - Adding key: http://localhost:8862 for channel [id: 0x27cd69ac, L:/127.0.0.1:59915 - R:localhost/127.0.0.1:8862]
00:50:04.145 [Forwarding getElementTagName on session 29285838cc0d386e47580dd2278cbebf to remote] DEBUG org.asynchttpclient.netty.request.NettyRequestSender - Using pooled Channel '[id: 0x27cd69ac, L:/127.0.0.1:59915 - R:localhost/127.0.0.1:8862]' for 'GET' to 'http://localhost:8862/session/29285838cc0d386e47580dd2278cbebf/element/a6923e21-94f3-4030-a1f2-ff1737a0fd6c/name'
00:50:04.145 [Forwarding getElementTagName on session 29285838cc0d386e47580dd2278cbebf to remote] DEBUG org.asynchttpclient.netty.request.NettyRequestSender - Using open Channel [id: 0x27cd69ac, L:/127.0.0.1:59915 - R:localhost/127.0.0.1:8862] for GET '/session/29285838cc0d386e47580dd2278cbebf/element/a6923e21-94f3-4030-a1f2-ff1737a0fd6c/name'
00:50:04.148 [AsyncHttpClient-1-17] DEBUG org.asynchttpclient.netty.handler.HttpHandler - 

Request DefaultFullHttpRequest(decodeResult: success, version: HTTP/1.1, content: EmptyByteBufBE)
GET /session/29285838cc0d386e47580dd2278cbebf/element/a6923e21-94f3-4030-a1f2-ff1737a0fd6c/name HTTP/1.1
User-Agent: selenium/4.7.1 (java windows)
Cache-Control: no-cache
Content-Type: application/json; charset=utf-8
host: localhost:8862
accept: */*

Response DefaultHttpResponse(decodeResult: success, version: HTTP/1.1)
HTTP/1.1 200 OK
Content-Type: application/json; charset=utf-8
cache-control: no-cache
content-length: 18

00:50:04.148 [AsyncHttpClient-1-17] DEBUG org.asynchttpclient.netty.channel.ChannelManager - Adding key: http://localhost:8862 for channel [id: 0x27cd69ac, L:/127.0.0.1:59915 - R:localhost/127.0.0.1:8862]
00:50:04.152 [Forwarding isElementEnabled on session 29285838cc0d386e47580dd2278cbebf to remote] DEBUG org.asynchttpclient.netty.request.NettyRequestSender - Using pooled Channel '[id: 0x27cd69ac, L:/127.0.0.1:59915 - R:localhost/127.0.0.1:8862]' for 'GET' to 'http://localhost:8862/session/29285838cc0d386e47580dd2278cbebf/element/a6923e21-94f3-4030-a1f2-ff1737a0fd6c/enabled'
00:50:04.152 [Forwarding isElementEnabled on session 29285838cc0d386e47580dd2278cbebf to remote] DEBUG org.asynchttpclient.netty.request.NettyRequestSender - Using open Channel [id: 0x27cd69ac, L:/127.0.0.1:59915 - R:localhost/127.0.0.1:8862] for GET '/session/29285838cc0d386e47580dd2278cbebf/element/a6923e21-94f3-4030-a1f2-ff1737a0fd6c/enabled'
00:50:04.161 [AsyncHttpClient-1-17] DEBUG org.asynchttpclient.netty.handler.HttpHandler - 

Request DefaultFullHttpRequest(decodeResult: success, version: HTTP/1.1, content: EmptyByteBufBE)
GET /session/29285838cc0d386e47580dd2278cbebf/element/a6923e21-94f3-4030-a1f2-ff1737a0fd6c/enabled HTTP/1.1
User-Agent: selenium/4.7.1 (java windows)
Cache-Control: no-cache
Content-Type: application/json; charset=utf-8
host: localhost:8862
accept: */*

Response DefaultHttpResponse(decodeResult: success, version: HTTP/1.1)
HTTP/1.1 200 OK
Content-Type: application/json; charset=utf-8
cache-control: no-cache
content-length: 14

00:50:04.161 [AsyncHttpClient-1-17] DEBUG org.asynchttpclient.netty.channel.ChannelManager - Adding key: http://localhost:8862 for channel [id: 0x27cd69ac, L:/127.0.0.1:59915 - R:localhost/127.0.0.1:8862]
00:50:04.162 [Forwarding isElementEnabled on session 29285838cc0d386e47580dd2278cbebf to remote] DEBUG org.asynchttpclient.netty.request.NettyRequestSender - Using pooled Channel '[id: 0x27cd69ac, L:/127.0.0.1:59915 - R:localhost/127.0.0.1:8862]' for 'GET' to 'http://localhost:8862/session/29285838cc0d386e47580dd2278cbebf/element/a6923e21-94f3-4030-a1f2-ff1737a0fd6c/enabled'
00:50:04.162 [Forwarding isElementEnabled on session 29285838cc0d386e47580dd2278cbebf to remote] DEBUG org.asynchttpclient.netty.request.NettyRequestSender - Using open Channel [id: 0x27cd69ac, L:/127.0.0.1:59915 - R:localhost/127.0.0.1:8862] for GET '/session/29285838cc0d386e47580dd2278cbebf/element/a6923e21-94f3-4030-a1f2-ff1737a0fd6c/enabled'
00:50:04.169 [AsyncHttpClient-1-17] DEBUG org.asynchttpclient.netty.handler.HttpHandler - 

Request DefaultFullHttpRequest(decodeResult: success, version: HTTP/1.1, content: EmptyByteBufBE)
GET /session/29285838cc0d386e47580dd2278cbebf/element/a6923e21-94f3-4030-a1f2-ff1737a0fd6c/enabled HTTP/1.1
User-Agent: selenium/4.7.1 (java windows)
Cache-Control: no-cache
Content-Type: application/json; charset=utf-8
host: localhost:8862
accept: */*

Response DefaultHttpResponse(decodeResult: success, version: HTTP/1.1)
HTTP/1.1 200 OK
Content-Type: application/json; charset=utf-8
cache-control: no-cache
content-length: 14

00:50:04.169 [AsyncHttpClient-1-17] DEBUG org.asynchttpclient.netty.channel.ChannelManager - Adding key: http://localhost:8862 for channel [id: 0x27cd69ac, L:/127.0.0.1:59915 - R:localhost/127.0.0.1:8862]
00:50:04.172 [Forwarding findElement on session 29285838cc0d386e47580dd2278cbebf to remote] DEBUG org.asynchttpclient.netty.request.NettyRequestSender - Using pooled Channel '[id: 0x27cd69ac, L:/127.0.0.1:59915 - R:localhost/127.0.0.1:8862]' for 'POST' to 'http://localhost:8862/session/29285838cc0d386e47580dd2278cbebf/element'
00:50:04.172 [Forwarding findElement on session 29285838cc0d386e47580dd2278cbebf to remote] DEBUG org.asynchttpclient.netty.request.NettyRequestSender - Using open Channel [id: 0x27cd69ac, L:/127.0.0.1:59915 - R:localhost/127.0.0.1:8862] for POST '/session/29285838cc0d386e47580dd2278cbebf/element'
00:50:04.181 [AsyncHttpClient-1-17] DEBUG org.asynchttpclient.netty.handler.HttpHandler - 

Request DefaultHttpRequest(decodeResult: success, version: HTTP/1.1)
POST /session/29285838cc0d386e47580dd2278cbebf/element HTTP/1.1
User-Agent: selenium/4.7.1 (java windows)
Content-Length: 141
Content-Type: application/json; charset=utf-8
host: localhost:8862
accept: */*

Response DefaultHttpResponse(decodeResult: success, version: HTTP/1.1)
HTTP/1.1 200 OK
Content-Type: application/json; charset=utf-8
cache-control: no-cache
content-length: 88

00:50:04.182 [AsyncHttpClient-1-17] DEBUG org.asynchttpclient.netty.channel.ChannelManager - Adding key: http://localhost:8862 for channel [id: 0x27cd69ac, L:/127.0.0.1:59915 - R:localhost/127.0.0.1:8862]
00:50:04.183 [Forwarding clickElement on session 29285838cc0d386e47580dd2278cbebf to remote] DEBUG org.asynchttpclient.netty.request.NettyRequestSender - Using pooled Channel '[id: 0x27cd69ac, L:/127.0.0.1:59915 - R:localhost/127.0.0.1:8862]' for 'POST' to 'http://localhost:8862/session/29285838cc0d386e47580dd2278cbebf/element/a6923e21-94f3-4030-a1f2-ff1737a0fd6c/click'
00:50:04.183 [Forwarding clickElement on session 29285838cc0d386e47580dd2278cbebf to remote] DEBUG org.asynchttpclient.netty.request.NettyRequestSender - Using open Channel [id: 0x27cd69ac, L:/127.0.0.1:59915 - R:localhost/127.0.0.1:8862] for POST '/session/29285838cc0d386e47580dd2278cbebf/element/a6923e21-94f3-4030-a1f2-ff1737a0fd6c/click'
00:50:04.243 [AsyncHttpClient-1-17] DEBUG org.asynchttpclient.netty.handler.HttpHandler - 

Request DefaultHttpRequest(decodeResult: success, version: HTTP/1.1)
POST /session/29285838cc0d386e47580dd2278cbebf/element/a6923e21-94f3-4030-a1f2-ff1737a0fd6c/click HTTP/1.1
User-Agent: selenium/4.7.1 (java windows)
Content-Length: 50
Content-Type: application/json; charset=utf-8
host: localhost:8862
accept: */*

Response DefaultHttpResponse(decodeResult: success, version: HTTP/1.1)
HTTP/1.1 200 OK
Content-Type: application/json; charset=utf-8
cache-control: no-cache
content-length: 14

00:50:04.243 [AsyncHttpClient-1-17] DEBUG org.asynchttpclient.netty.channel.ChannelManager - Adding key: http://localhost:8862 for channel [id: 0x27cd69ac, L:/127.0.0.1:59915 - R:localhost/127.0.0.1:8862]
00:50:04.249 [Forwarding getCurrentWindowHandle on session 29285838cc0d386e47580dd2278cbebf to remote] DEBUG org.asynchttpclient.netty.request.NettyRequestSender - Using pooled Channel '[id: 0x27cd69ac, L:/127.0.0.1:59915 - R:localhost/127.0.0.1:8862]' for 'GET' to 'http://localhost:8862/session/29285838cc0d386e47580dd2278cbebf/window'
00:50:04.249 [Forwarding getCurrentWindowHandle on session 29285838cc0d386e47580dd2278cbebf to remote] DEBUG org.asynchttpclient.netty.request.NettyRequestSender - Using open Channel [id: 0x27cd69ac, L:/127.0.0.1:59915 - R:localhost/127.0.0.1:8862] for GET '/session/29285838cc0d386e47580dd2278cbebf/window'
00:50:04.249 [AsyncHttpClient-1-17] DEBUG org.asynchttpclient.netty.handler.HttpHandler - 

Request DefaultFullHttpRequest(decodeResult: success, version: HTTP/1.1, content: EmptyByteBufBE)
GET /session/29285838cc0d386e47580dd2278cbebf/window HTTP/1.1
User-Agent: selenium/4.7.1 (java windows)
Cache-Control: no-cache
Content-Type: application/json; charset=utf-8
host: localhost:8862
accept: */*

Response DefaultHttpResponse(decodeResult: success, version: HTTP/1.1)
HTTP/1.1 200 OK
Content-Type: application/json; charset=utf-8
cache-control: no-cache
content-length: 44

00:50:04.249 [AsyncHttpClient-1-17] DEBUG org.asynchttpclient.netty.channel.ChannelManager - Adding key: http://localhost:8862 for channel [id: 0x27cd69ac, L:/127.0.0.1:59915 - R:localhost/127.0.0.1:8862]
00:50:04.251 [Forwarding getAlertText on session 29285838cc0d386e47580dd2278cbebf to remote] DEBUG org.asynchttpclient.netty.request.NettyRequestSender - Using pooled Channel '[id: 0x27cd69ac, L:/127.0.0.1:59915 - R:localhost/127.0.0.1:8862]' for 'GET' to 'http://localhost:8862/session/29285838cc0d386e47580dd2278cbebf/alert/text'
00:50:04.251 [Forwarding getAlertText on session 29285838cc0d386e47580dd2278cbebf to remote] DEBUG org.asynchttpclient.netty.request.NettyRequestSender - Using open Channel [id: 0x27cd69ac, L:/127.0.0.1:59915 - R:localhost/127.0.0.1:8862] for GET '/session/29285838cc0d386e47580dd2278cbebf/alert/text'
00:50:04.252 [AsyncHttpClient-1-17] DEBUG org.asynchttpclient.netty.handler.HttpHandler - 

Request DefaultFullHttpRequest(decodeResult: success, version: HTTP/1.1, content: EmptyByteBufBE)
GET /session/29285838cc0d386e47580dd2278cbebf/alert/text HTTP/1.1
User-Agent: selenium/4.7.1 (java windows)
Cache-Control: no-cache
Content-Type: application/json; charset=utf-8
host: localhost:8862
accept: */*

Response DefaultHttpResponse(decodeResult: success, version: HTTP/1.1)
HTTP/1.1 404 Not Found
Content-Type: application/json; charset=utf-8
cache-control: no-cache
content-length: 849

00:50:04.252 [AsyncHttpClient-1-17] DEBUG org.asynchttpclient.netty.channel.ChannelManager - Adding key: http://localhost:8862 for channel [id: 0x27cd69ac, L:/127.0.0.1:59915 - R:localhost/127.0.0.1:8862]
00:50:04.254 [Forwarding switchToWindow on session 29285838cc0d386e47580dd2278cbebf to remote] DEBUG org.asynchttpclient.netty.request.NettyRequestSender - Using pooled Channel '[id: 0x27cd69ac, L:/127.0.0.1:59915 - R:localhost/127.0.0.1:8862]' for 'POST' to 'http://localhost:8862/session/29285838cc0d386e47580dd2278cbebf/window'
00:50:04.254 [Forwarding switchToWindow on session 29285838cc0d386e47580dd2278cbebf to remote] DEBUG org.asynchttpclient.netty.request.NettyRequestSender - Using open Channel [id: 0x27cd69ac, L:/127.0.0.1:59915 - R:localhost/127.0.0.1:8862] for POST '/session/29285838cc0d386e47580dd2278cbebf/window'
00:50:04.255 [AsyncHttpClient-1-17] DEBUG org.asynchttpclient.netty.handler.HttpHandler - 

Request DefaultHttpRequest(decodeResult: success, version: HTTP/1.1)
POST /session/29285838cc0d386e47580dd2278cbebf/window HTTP/1.1
User-Agent: selenium/4.7.1 (java windows)
Content-Length: 50
Content-Type: application/json; charset=utf-8
host: localhost:8862
accept: */*

Response DefaultHttpResponse(decodeResult: success, version: HTTP/1.1)
HTTP/1.1 200 OK
Content-Type: application/json; charset=utf-8
cache-control: no-cache
content-length: 14

00:50:04.256 [AsyncHttpClient-1-17] DEBUG org.asynchttpclient.netty.channel.ChannelManager - Adding key: http://localhost:8862 for channel [id: 0x27cd69ac, L:/127.0.0.1:59915 - R:localhost/127.0.0.1:8862]
00:50:04.257 [Forwarding getCurrentUrl on session 29285838cc0d386e47580dd2278cbebf to remote] DEBUG org.asynchttpclient.netty.request.NettyRequestSender - Using pooled Channel '[id: 0x27cd69ac, L:/127.0.0.1:59915 - R:localhost/127.0.0.1:8862]' for 'GET' to 'http://localhost:8862/session/29285838cc0d386e47580dd2278cbebf/url'
00:50:04.257 [Forwarding getCurrentUrl on session 29285838cc0d386e47580dd2278cbebf to remote] DEBUG org.asynchttpclient.netty.request.NettyRequestSender - Using open Channel [id: 0x27cd69ac, L:/127.0.0.1:59915 - R:localhost/127.0.0.1:8862] for GET '/session/29285838cc0d386e47580dd2278cbebf/url'
00:50:04.262 [AsyncHttpClient-1-17] DEBUG org.asynchttpclient.netty.handler.HttpHandler - 

Request DefaultFullHttpRequest(decodeResult: success, version: HTTP/1.1, content: EmptyByteBufBE)
GET /session/29285838cc0d386e47580dd2278cbebf/url HTTP/1.1
User-Agent: selenium/4.7.1 (java windows)
Cache-Control: no-cache
Content-Type: application/json; charset=utf-8
host: localhost:8862
accept: */*

Response DefaultHttpResponse(decodeResult: success, version: HTTP/1.1)
HTTP/1.1 200 OK
Content-Type: application/json; charset=utf-8
cache-control: no-cache
content-length: 51

00:50:04.262 [AsyncHttpClient-1-17] DEBUG org.asynchttpclient.netty.channel.ChannelManager - Adding key: http://localhost:8862 for channel [id: 0x27cd69ac, L:/127.0.0.1:59915 - R:localhost/127.0.0.1:8862]
00:50:04.263 [Forwarding screenshot on session 29285838cc0d386e47580dd2278cbebf to remote] DEBUG org.asynchttpclient.netty.request.NettyRequestSender - Using pooled Channel '[id: 0x27cd69ac, L:/127.0.0.1:59915 - R:localhost/127.0.0.1:8862]' for 'GET' to 'http://localhost:8862/session/29285838cc0d386e47580dd2278cbebf/screenshot'
00:50:04.263 [Forwarding screenshot on session 29285838cc0d386e47580dd2278cbebf to remote] DEBUG org.asynchttpclient.netty.request.NettyRequestSender - Using open Channel [id: 0x27cd69ac, L:/127.0.0.1:59915 - R:localhost/127.0.0.1:8862] for GET '/session/29285838cc0d386e47580dd2278cbebf/screenshot'
00:50:04.363 [AsyncHttpClient-1-17] DEBUG org.asynchttpclient.netty.handler.HttpHandler - 

Request DefaultFullHttpRequest(decodeResult: success, version: HTTP/1.1, content: EmptyByteBufBE)
GET /session/29285838cc0d386e47580dd2278cbebf/screenshot HTTP/1.1
User-Agent: selenium/4.7.1 (java windows)
Cache-Control: no-cache
Content-Type: application/json; charset=utf-8
host: localhost:8862
accept: */*

Response DefaultHttpResponse(decodeResult: success, version: HTTP/1.1)
HTTP/1.1 200 OK
Content-Type: application/json; charset=utf-8
cache-control: no-cache
content-length: 30072

00:50:04.364 [AsyncHttpClient-1-17] DEBUG org.asynchttpclient.netty.channel.ChannelManager - Adding key: http://localhost:8862 for channel [id: 0x27cd69ac, L:/127.0.0.1:59915 - R:localhost/127.0.0.1:8862]
00:50:04.365 [main] DEBUG net.serenitybdd.core.photography.Darkroom - Send negative for processing for target\site\serenity\9cd7969d887c0b413589b4b4a444f4131ef67d8d0efe8d3f2e8f0b95467dd1ea.png
00:50:04.365 [main] DEBUG net.thucydides.core.steps.StepInterceptor - STEP DONE: klikButtonLoginKedua
00:50:04.365 [Darkroom Processing Line] DEBUG net.serenitybdd.core.photography.DarkroomProcessingLine - Processing screenshot image in /var/screenshots/screenshot-9473362850138807237
00:50:04.365 [Darkroom Processing Line] DEBUG net.serenitybdd.core.photography.DarkroomProcessingLine - Saving screenshot to target\site\serenity\9cd7969d887c0b413589b4b4a444f4131ef67d8d0efe8d3f2e8f0b95467dd1ea.png
  &amp#27;[32mThen &amp#27;[0m&amp#27;[32muser klik button login yang kedua&amp#27;[0m                      &amp#27;[90m# starter.stepdefinitions.LoginRegisterSteps.userKlikButtonLoginYangKedua()&amp#27;[0m
00:50:04.377 [main] DEBUG net.thucydides.core.steps.StepInterceptor - STARTING STEP: LoginRegisterSteps.userMenerimaErrorMessage - munculErrorMessage
00:50:04.380 [Forwarding findElement on session 29285838cc0d386e47580dd2278cbebf to remote] DEBUG org.asynchttpclient.netty.request.NettyRequestSender - Using pooled Channel '[id: 0x27cd69ac, L:/127.0.0.1:59915 - R:localhost/127.0.0.1:8862]' for 'POST' to 'http://localhost:8862/session/29285838cc0d386e47580dd2278cbebf/element'
00:50:04.380 [Forwarding findElement on session 29285838cc0d386e47580dd2278cbebf to remote] DEBUG org.asynchttpclient.netty.request.NettyRequestSender - Using open Channel [id: 0x27cd69ac, L:/127.0.0.1:59915 - R:localhost/127.0.0.1:8862] for POST '/session/29285838cc0d386e47580dd2278cbebf/element'
00:50:04.401 [AsyncHttpClient-1-17] DEBUG org.asynchttpclient.netty.handler.HttpHandler - 

Request DefaultHttpRequest(decodeResult: success, version: HTTP/1.1)
POST /session/29285838cc0d386e47580dd2278cbebf/element HTTP/1.1
User-Agent: selenium/4.7.1 (java windows)
Content-Length: 139
Content-Type: application/json; charset=utf-8
host: localhost:8862
accept: */*

Response DefaultHttpResponse(decodeResult: success, version: HTTP/1.1)
HTTP/1.1 200 OK
Content-Type: application/json; charset=utf-8
cache-control: no-cache
content-length: 88

00:50:04.401 [AsyncHttpClient-1-17] DEBUG org.asynchttpclient.netty.channel.ChannelManager - Adding key: http://localhost:8862 for channel [id: 0x27cd69ac, L:/127.0.0.1:59915 - R:localhost/127.0.0.1:8862]
00:50:04.404 [Forwarding isElementDisplayed on session 29285838cc0d386e47580dd2278cbebf to remote] DEBUG org.asynchttpclient.netty.request.NettyRequestSender - Using pooled Channel '[id: 0x27cd69ac, L:/127.0.0.1:59915 - R:localhost/127.0.0.1:8862]' for 'POST' to 'http://localhost:8862/session/29285838cc0d386e47580dd2278cbebf/execute/sync'
00:50:04.405 [Forwarding isElementDisplayed on session 29285838cc0d386e47580dd2278cbebf to remote] DEBUG org.asynchttpclient.netty.request.NettyRequestSender - Using open Channel [id: 0x27cd69ac, L:/127.0.0.1:59915 - R:localhost/127.0.0.1:8862] for POST '/session/29285838cc0d386e47580dd2278cbebf/execute/sync'
00:50:04.418 [AsyncHttpClient-1-17] DEBUG org.asynchttpclient.netty.handler.HttpHandler - 

Request DefaultHttpRequest(decodeResult: success, version: HTTP/1.1)
POST /session/29285838cc0d386e47580dd2278cbebf/execute/sync HTTP/1.1
User-Agent: selenium/4.7.1 (java windows)
Content-Length: 48780
Content-Type: application/json; charset=utf-8
host: localhost:8862
accept: */*

Response DefaultHttpResponse(decodeResult: success, version: HTTP/1.1)
HTTP/1.1 200 OK
Content-Type: application/json; charset=utf-8
cache-control: no-cache
content-length: 14

00:50:04.418 [AsyncHttpClient-1-17] DEBUG org.asynchttpclient.netty.channel.ChannelManager - Adding key: http://localhost:8862 for channel [id: 0x27cd69ac, L:/127.0.0.1:59915 - R:localhost/127.0.0.1:8862]
00:50:04.425 [Forwarding getCurrentWindowHandle on session 29285838cc0d386e47580dd2278cbebf to remote] DEBUG org.asynchttpclient.netty.request.NettyRequestSender - Using pooled Channel '[id: 0x27cd69ac, L:/127.0.0.1:59915 - R:localhost/127.0.0.1:8862]' for 'GET' to 'http://localhost:8862/session/29285838cc0d386e47580dd2278cbebf/window'
00:50:04.425 [Forwarding getCurrentWindowHandle on session 29285838cc0d386e47580dd2278cbebf to remote] DEBUG org.asynchttpclient.netty.request.NettyRequestSender - Using open Channel [id: 0x27cd69ac, L:/127.0.0.1:59915 - R:localhost/127.0.0.1:8862] for GET '/session/29285838cc0d386e47580dd2278cbebf/window'
00:50:04.427 [AsyncHttpClient-1-17] DEBUG org.asynchttpclient.netty.handler.HttpHandler - 

Request DefaultFullHttpRequest(decodeResult: success, version: HTTP/1.1, content: EmptyByteBufBE)
GET /session/29285838cc0d386e47580dd2278cbebf/window HTTP/1.1
User-Agent: selenium/4.7.1 (java windows)
Cache-Control: no-cache
Content-Type: application/json; charset=utf-8
host: localhost:8862
accept: */*

Response DefaultHttpResponse(decodeResult: success, version: HTTP/1.1)
HTTP/1.1 200 OK
Content-Type: application/json; charset=utf-8
cache-control: no-cache
content-length: 44

00:50:04.427 [AsyncHttpClient-1-17] DEBUG org.asynchttpclient.netty.channel.ChannelManager - Adding key: http://localhost:8862 for channel [id: 0x27cd69ac, L:/127.0.0.1:59915 - R:localhost/127.0.0.1:8862]
00:50:04.428 [Forwarding getAlertText on session 29285838cc0d386e47580dd2278cbebf to remote] DEBUG org.asynchttpclient.netty.request.NettyRequestSender - Using pooled Channel '[id: 0x27cd69ac, L:/127.0.0.1:59915 - R:localhost/127.0.0.1:8862]' for 'GET' to 'http://localhost:8862/session/29285838cc0d386e47580dd2278cbebf/alert/text'
00:50:04.428 [Forwarding getAlertText on session 29285838cc0d386e47580dd2278cbebf to remote] DEBUG org.asynchttpclient.netty.request.NettyRequestSender - Using open Channel [id: 0x27cd69ac, L:/127.0.0.1:59915 - R:localhost/127.0.0.1:8862] for GET '/session/29285838cc0d386e47580dd2278cbebf/alert/text'
00:50:04.430 [AsyncHttpClient-1-17] DEBUG org.asynchttpclient.netty.handler.HttpHandler - 

Request DefaultFullHttpRequest(decodeResult: success, version: HTTP/1.1, content: EmptyByteBufBE)
GET /session/29285838cc0d386e47580dd2278cbebf/alert/text HTTP/1.1
User-Agent: selenium/4.7.1 (java windows)
Cache-Control: no-cache
Content-Type: application/json; charset=utf-8
host: localhost:8862
accept: */*

Response DefaultHttpResponse(decodeResult: success, version: HTTP/1.1)
HTTP/1.1 404 Not Found
Content-Type: application/json; charset=utf-8
cache-control: no-cache
content-length: 849

00:50:04.430 [AsyncHttpClient-1-17] DEBUG org.asynchttpclient.netty.channel.ChannelManager - Adding key: http://localhost:8862 for channel [id: 0x27cd69ac, L:/127.0.0.1:59915 - R:localhost/127.0.0.1:8862]
00:50:04.432 [Forwarding switchToWindow on session 29285838cc0d386e47580dd2278cbebf to remote] DEBUG org.asynchttpclient.netty.request.NettyRequestSender - Using pooled Channel '[id: 0x27cd69ac, L:/127.0.0.1:59915 - R:localhost/127.0.0.1:8862]' for 'POST' to 'http://localhost:8862/session/29285838cc0d386e47580dd2278cbebf/window'
00:50:04.432 [Forwarding switchToWindow on session 29285838cc0d386e47580dd2278cbebf to remote] DEBUG org.asynchttpclient.netty.request.NettyRequestSender - Using open Channel [id: 0x27cd69ac, L:/127.0.0.1:59915 - R:localhost/127.0.0.1:8862] for POST '/session/29285838cc0d386e47580dd2278cbebf/window'
00:50:04.434 [AsyncHttpClient-1-17] DEBUG org.asynchttpclient.netty.handler.HttpHandler - 

Request DefaultHttpRequest(decodeResult: success, version: HTTP/1.1)
POST /session/29285838cc0d386e47580dd2278cbebf/window HTTP/1.1
User-Agent: selenium/4.7.1 (java windows)
Content-Length: 50
Content-Type: application/json; charset=utf-8
host: localhost:8862
accept: */*

Response DefaultHttpResponse(decodeResult: success, version: HTTP/1.1)
HTTP/1.1 200 OK
Content-Type: application/json; charset=utf-8
cache-control: no-cache
content-length: 14

00:50:04.434 [AsyncHttpClient-1-17] DEBUG org.asynchttpclient.netty.channel.ChannelManager - Adding key: http://localhost:8862 for channel [id: 0x27cd69ac, L:/127.0.0.1:59915 - R:localhost/127.0.0.1:8862]
00:50:04.435 [Forwarding getCurrentUrl on session 29285838cc0d386e47580dd2278cbebf to remote] DEBUG org.asynchttpclient.netty.request.NettyRequestSender - Using pooled Channel '[id: 0x27cd69ac, L:/127.0.0.1:59915 - R:localhost/127.0.0.1:8862]' for 'GET' to 'http://localhost:8862/session/29285838cc0d386e47580dd2278cbebf/url'
00:50:04.435 [Forwarding getCurrentUrl on session 29285838cc0d386e47580dd2278cbebf to remote] DEBUG org.asynchttpclient.netty.request.NettyRequestSender - Using open Channel [id: 0x27cd69ac, L:/127.0.0.1:59915 - R:localhost/127.0.0.1:8862] for GET '/session/29285838cc0d386e47580dd2278cbebf/url'
00:50:04.438 [AsyncHttpClient-1-17] DEBUG org.asynchttpclient.netty.handler.HttpHandler - 

Request DefaultFullHttpRequest(decodeResult: success, version: HTTP/1.1, content: EmptyByteBufBE)
GET /session/29285838cc0d386e47580dd2278cbebf/url HTTP/1.1
User-Agent: selenium/4.7.1 (java windows)
Cache-Control: no-cache
Content-Type: application/json; charset=utf-8
host: localhost:8862
accept: */*

Response DefaultHttpResponse(decodeResult: success, version: HTTP/1.1)
HTTP/1.1 200 OK
Content-Type: application/json; charset=utf-8
cache-control: no-cache
content-length: 51

00:50:04.439 [AsyncHttpClient-1-17] DEBUG org.asynchttpclient.netty.channel.ChannelManager - Adding key: http://localhost:8862 for channel [id: 0x27cd69ac, L:/127.0.0.1:59915 - R:localhost/127.0.0.1:8862]
00:50:04.439 [AsyncHttpClient-1-1] DEBUG org.asynchttpclient.netty.channel.DefaultChannelPool - Entry count for : http://localhost:8862 : 1
00:50:04.439 [AsyncHttpClient-1-1] DEBUG org.asynchttpclient.netty.channel.DefaultChannelPool - Entry count for : http://localhost:59916 : 1
00:50:04.440 [Forwarding screenshot on session 29285838cc0d386e47580dd2278cbebf to remote] DEBUG org.asynchttpclient.netty.request.NettyRequestSender - Using pooled Channel '[id: 0x27cd69ac, L:/127.0.0.1:59915 - R:localhost/127.0.0.1:8862]' for 'GET' to 'http://localhost:8862/session/29285838cc0d386e47580dd2278cbebf/screenshot'
00:50:04.440 [Forwarding screenshot on session 29285838cc0d386e47580dd2278cbebf to remote] DEBUG org.asynchttpclient.netty.request.NettyRequestSender - Using open Channel [id: 0x27cd69ac, L:/127.0.0.1:59915 - R:localhost/127.0.0.1:8862] for GET '/session/29285838cc0d386e47580dd2278cbebf/screenshot'
00:50:04.542 [AsyncHttpClient-1-17] DEBUG org.asynchttpclient.netty.handler.HttpHandler - 

Request DefaultFullHttpRequest(decodeResult: success, version: HTTP/1.1, content: EmptyByteBufBE)
GET /session/29285838cc0d386e47580dd2278cbebf/screenshot HTTP/1.1
User-Agent: selenium/4.7.1 (java windows)
Cache-Control: no-cache
Content-Type: application/json; charset=utf-8
host: localhost:8862
accept: */*

Response DefaultHttpResponse(decodeResult: success, version: HTTP/1.1)
HTTP/1.1 200 OK
Content-Type: application/json; charset=utf-8
cache-control: no-cache
content-length: 33700

00:50:04.542 [AsyncHttpClient-1-17] DEBUG org.asynchttpclient.netty.channel.ChannelManager - Adding key: http://localhost:8862 for channel [id: 0x27cd69ac, L:/127.0.0.1:59915 - R:localhost/127.0.0.1:8862]
00:50:04.543 [main] DEBUG net.serenitybdd.core.photography.Darkroom - Send negative for processing for target\site\serenity\41738f8034d6f4591515cdc1401618988c3828e5799468566829aebe95c339ae.png
00:50:04.544 [main] DEBUG net.thucydides.core.steps.StepInterceptor - STEP DONE: munculErrorMessage
00:50:04.544 [Darkroom Processing Line] DEBUG net.serenitybdd.core.photography.DarkroomProcessingLine - Processing screenshot image in /var/screenshots/screenshot-6893152354260453085
00:50:04.544 [Darkroom Processing Line] DEBUG net.serenitybdd.core.photography.DarkroomProcessingLine - Saving screenshot to target\site\serenity\41738f8034d6f4591515cdc1401618988c3828e5799468566829aebe95c339ae.png
  &amp#27;[32mAnd &amp#27;[0m&amp#27;[32muser menerima error message &amp#27;[0m&amp#27;[32m&amp#27;[1m"password is required"&amp#27;[0m      &amp#27;[90m# starter.stepdefinitions.LoginRegisterSteps.userMenerimaErrorMessage(java.lang.String)&amp#27;[0m
00:50:04.549 [main] INFO  - 
  _____   ___   ___   _____     ___     _     ___   ___   ___   ___  
 |_   _| | __| / __| |_   _|   | _ \   /_\   / __| / __| | __| |   \ 
   | |   | _|  \__ \   | |     |  _/  / _ \  \__ \ \__ \ | _|  | |) |
   |_|   |___| |___/   |_|     |_|   /_/ \_\ |___/ |___/ |___| |___/ 

user tidak bisa login karena tidak mengisi password
----------------------------------------------------------------------
00:50:04.551 [AsyncHttpClient-1-3] DEBUG org.asynchttpclient.netty.handler.WebSocketHandler - Channel Closed: [id: 0xab59ab01, L:/127.0.0.1:59923 ! R:localhost/127.0.0.1:59916] with attribute NettyResponseFuture{currentRetry=0,
	isDone=1,
	isCancelled=0,
	asyncHandler=org.asynchttpclient.ws.WebSocketUpgradeHandler@4e70c7f7,
	nettyRequest=org.asynchttpclient.netty.request.NettyRequest@29564958,
	future=java.util.concurrent.CompletableFuture@22452e73[Completed normally],
	uri=ws://localhost:59916/devtools/browser/b1832b7d-dfa0-4f4c-a20d-52d229206d05,
	keepAlive=true,
	redirectCount=0,
	timeoutsHolder=null,
	inAuth=0,
	touch=1683654598752}
00:50:04.551 [Driver Command Executor] DEBUG org.asynchttpclient.netty.request.NettyRequestSender - Using pooled Channel '[id: 0x27cd69ac, L:/127.0.0.1:59915 - R:localhost/127.0.0.1:8862]' for 'DELETE' to 'http://localhost:8862/session/29285838cc0d386e47580dd2278cbebf'
00:50:04.551 [AsyncHttpClient-1-3] DEBUG org.asynchttpclient.netty.channel.ChannelManager - Closing Channel [id: 0xab59ab01, L:/127.0.0.1:59923 ! R:localhost/127.0.0.1:59916] 
00:50:04.551 [Driver Command Executor] DEBUG org.asynchttpclient.netty.request.NettyRequestSender - Using open Channel [id: 0x27cd69ac, L:/127.0.0.1:59915 - R:localhost/127.0.0.1:8862] for DELETE '/session/29285838cc0d386e47580dd2278cbebf'
00:50:04.608 [AsyncHttpClient-1-2] DEBUG org.asynchttpclient.netty.handler.HttpHandler - Unexpected I/O exception on channel [id: 0xb8ffc0aa, L:/127.0.0.1:59922 - R:localhost/127.0.0.1:59916]
java.net.SocketException: Connection reset
	at java.base/sun.nio.ch.SocketChannelImpl.throwConnectionReset(SocketChannelImpl.java:401)
	at java.base/sun.nio.ch.SocketChannelImpl.read(SocketChannelImpl.java:434)
	at io.netty.buffer.PooledByteBuf.setBytes(PooledByteBuf.java:259)
	at io.netty.buffer.AbstractByteBuf.writeBytes(AbstractByteBuf.java:1132)
	at io.netty.channel.socket.nio.NioSocketChannel.doReadBytes(NioSocketChannel.java:357)
	at io.netty.channel.nio.AbstractNioByteChannel$NioByteUnsafe.read(AbstractNioByteChannel.java:151)
	at io.netty.channel.nio.NioEventLoop.processSelectedKey(NioEventLoop.java:788)
	at io.netty.channel.nio.NioEventLoop.processSelectedKeysOptimized(NioEventLoop.java:724)
	at io.netty.channel.nio.NioEventLoop.processSelectedKeys(NioEventLoop.java:650)
	at io.netty.channel.nio.NioEventLoop.run(NioEventLoop.java:562)
	at io.netty.util.concurrent.SingleThreadEventExecutor$4.run(SingleThreadEventExecutor.java:997)
	at io.netty.util.internal.ThreadExecutorMap$2.run(ThreadExecutorMap.java:74)
	at io.netty.util.concurrent.FastThreadLocalRunnable.run(FastThreadLocalRunnable.java:30)
	at java.base/java.lang.Thread.run(Thread.java:1589)
00:50:04.609 [AsyncHttpClient-1-2] DEBUG org.asynchttpclient.netty.channel.ChannelManager - Closing Channel [id: 0xb8ffc0aa, L:/127.0.0.1:59922 - R:localhost/127.0.0.1:59916] 
00:50:04.609 [AsyncHttpClient-1-2] DEBUG org.asynchttpclient.netty.handler.HttpHandler - Channel Closed: [id: 0xb8ffc0aa, L:/127.0.0.1:59922 ! R:localhost/127.0.0.1:59916] with attribute DISCARD
00:50:04.633 [AsyncHttpClient-1-17] DEBUG org.asynchttpclient.netty.handler.HttpHandler - 

Request DefaultFullHttpRequest(decodeResult: success, version: HTTP/1.1, content: EmptyByteBufBE)
DELETE /session/29285838cc0d386e47580dd2278cbebf HTTP/1.1
User-Agent: selenium/4.7.1 (java windows)
Content-Type: application/json; charset=utf-8
host: localhost:8862
accept: */*

Response DefaultHttpResponse(decodeResult: success, version: HTTP/1.1)
HTTP/1.1 200 OK
Content-Type: application/json; charset=utf-8
cache-control: no-cache
content-length: 14

00:50:04.633 [AsyncHttpClient-1-17] DEBUG org.asynchttpclient.netty.channel.ChannelManager - Adding key: http://localhost:8862 for channel [id: 0x27cd69ac, L:/127.0.0.1:59915 - R:localhost/127.0.0.1:8862]
00:50:04.710 [AsyncHttpClient-1-17] DEBUG org.asynchttpclient.netty.handler.HttpHandler - Channel Closed: [id: 0x27cd69ac, L:/127.0.0.1:59915 ! R:localhost/127.0.0.1:8862] with attribute DISCARD
]]></system-out>
    <system-err><![CDATA[Starting ChromeDriver 112.0.5615.49 (bd2a7bcb881c11e8cfe3078709382934e3916914-refs/branch-heads/5615@{#936}) on port 8862
Only local connections are allowed.
Please see https://chromedriver.chromium.org/security-considerations for suggestions on keeping ChromeDriver safe.
ChromeDriver was started successfully.
May 10, 2023 12:49:58 AM org.openqa.selenium.devtools.CdpVersionFinder findNearestMatch
WARNING: Unable to find an exact match for CDP version 112, so returning the closest version found: 108
]]></system-err>
  </testcase>
  <testcase name="user tidak bisa register karena nama email sudah terdaftar" classname="register" time="10.646">
    <system-out><![CDATA[00:50:04.779 [main] INFO io.cucumber.core.plugin.SerenityReporter - Running feature from file:///C:/Users/HP/Downloads/Mini-Project-QA/ALTASHOP%20WEB%20AUTOMATION/src/test/resources/features/2.%20Register.feature
00:50:04.783 [main] DEBUG net.thucydides.core.steps.StepEventBus - Test suite started for story net.thucydides.core.model.Story@83d3b3ef
00:50:04.784 [main] INFO  - Test Suite Started: Register

@AS07-negative
Scenario: user tidak bisa register karena nama email sudah terdaftar &amp#27;[90m# src/test/resources/features/2. Register.feature:4&amp#27;[0m
00:50:04.813 [main] INFO io.cucumber.core.plugin.SerenityReporter - Running feature from file:///C:/Users/HP/Downloads/Mini-Project-QA/ALTASHOP%20WEB%20AUTOMATION/src/test/resources/features/2.%20Register.feature
00:50:04.815 [main] INFO  - 
  _____   ___   ___   _____     ___   _____     _     ___   _____   ___   ___  
 |_   _| | __| / __| |_   _|   / __| |_   _|   /_\   | _ \ |_   _| | __| |   \ 
   | |   | _|  \__ \   | |     \__ \   | |    / _ \  |   /   | |   | _|  | |) |
   |_|   |___| |___/   |_|     |___/   |_|   /_/ \_\ |_|_\   |_|   |___| |___/ 

user tidak bisa register karena nama email sudah terdaftar(register;user-tidak-bisa-register-karena-nama-email-sudah-terdaftar)
--------------------------------------------------------------------------------
00:50:04.840 [main] DEBUG net.thucydides.core.steps.StepInterceptor - STARTING STEP: LoginRegisterSteps.userBeradaDiHomepageAlta - diHomepageAltaShop
00:50:04.925 [main] INFO net.serenitybdd.core.webdriver.driverproviders.ChromeDriverProvider - Starting Chrome driver instance with capabilities:
00:50:04.925 [main] INFO net.serenitybdd.core.webdriver.driverproviders.ChromeDriverProvider - Capabilities {acceptInsecureCerts: true, browserName: chrome, goog:chromeOptions: {args: [remote-allow-origins=*, test-type, no-sandbox, ignore-certificate-errors, start-maximized, incognito, disable-infobars, disable-gpu, disable-default-apps, disable-popup-blocking, remote-allow-origins=*, test-type, no-sandbox, ignore-certificate-errors, start-maximized, incognito, disable-infobars, disable-gpu, disable-default-apps, disable-popup-blocking], extensions: []}}
00:50:05.030 [AsyncHttpClient-1-4] DEBUG org.asynchttpclient.netty.channel.NettyConnectListener - Using new Channel '[id: 0xb14ac9ad, L:/127.0.0.1:59943 - R:localhost/127.0.0.1:25007]' for 'POST' to '/session'
00:50:05.535 [AsyncHttpClient-1-1] DEBUG org.asynchttpclient.netty.channel.DefaultChannelPool - Entry count for : http://localhost:8862 : 1
00:50:05.535 [AsyncHttpClient-1-1] DEBUG org.asynchttpclient.netty.channel.DefaultChannelPool - Entry count for : http://localhost:59916 : 1
00:50:05.536 [AsyncHttpClient-1-1] DEBUG org.asynchttpclient.netty.channel.DefaultChannelPool - Adding Candidate expired Channel [id: 0x27cd69ac, L:/127.0.0.1:59915 ! R:localhost/127.0.0.1:8862] isIdleTimeoutExpired=false isRemotelyClosed=true isTtlExpired=false
00:50:05.536 [AsyncHttpClient-1-1] DEBUG org.asynchttpclient.netty.channel.DefaultChannelPool - Closing Idle Channel [id: 0x27cd69ac, L:/127.0.0.1:59915 ! R:localhost/127.0.0.1:8862]
00:50:05.536 [AsyncHttpClient-1-1] DEBUG org.asynchttpclient.netty.channel.DefaultChannelPool - Adding Candidate expired Channel [id: 0xb8ffc0aa, L:/127.0.0.1:59922 ! R:localhost/127.0.0.1:59916] isIdleTimeoutExpired=false isRemotelyClosed=true isTtlExpired=false
00:50:05.536 [AsyncHttpClient-1-1] DEBUG org.asynchttpclient.netty.channel.DefaultChannelPool - Closing Idle Channel [id: 0xb8ffc0aa, L:/127.0.0.1:59922 ! R:localhost/127.0.0.1:59916]
00:50:05.536 [AsyncHttpClient-1-1] DEBUG org.asynchttpclient.netty.channel.DefaultChannelPool - Closed 2 connections out of 2 in 1 ms
00:50:05.730 [AsyncHttpClient-1-4] DEBUG org.asynchttpclient.netty.handler.HttpHandler - 

Request DefaultHttpRequest(decodeResult: success, version: HTTP/1.1)
POST /session HTTP/1.1
User-Agent: selenium/4.7.1 (java windows)
Content-Length: 1629
Content-Type: application/json; charset=utf-8
host: localhost:25007
accept: */*

Response DefaultHttpResponse(decodeResult: success, version: HTTP/1.1)
HTTP/1.1 200 OK
Content-Type: application/json; charset=utf-8
cache-control: no-cache
content-length: 855

00:50:05.731 [AsyncHttpClient-1-4] DEBUG org.asynchttpclient.netty.channel.ChannelManager - Adding key: http://localhost:25007 for channel [id: 0xb14ac9ad, L:/127.0.0.1:59943 - R:localhost/127.0.0.1:25007]
00:50:05.741 [AsyncHttpClient-1-5] DEBUG org.asynchttpclient.netty.channel.NettyConnectListener - Using new Channel '[id: 0xce56f8ec, L:/127.0.0.1:59950 - R:localhost/127.0.0.1:59944]' for 'GET' to '/json/version'
00:50:05.743 [AsyncHttpClient-1-5] DEBUG org.asynchttpclient.netty.handler.HttpHandler - 

Request DefaultFullHttpRequest(decodeResult: success, version: HTTP/1.1, content: EmptyByteBufBE)
GET /json/version HTTP/1.1
User-Agent: selenium/4.7.1 (java windows)
host: localhost:59944
accept: */*

Response DefaultHttpResponse(decodeResult: success, version: HTTP/1.1)
HTTP/1.1 200 OK
Content-Security-Policy: frame-ancestors 'none'
Content-Type: application/json; charset=UTF-8
content-length: 424

00:50:05.743 [AsyncHttpClient-1-5] DEBUG org.asynchttpclient.netty.channel.ChannelManager - Adding key: http://localhost:59944 for channel [id: 0xce56f8ec, L:/127.0.0.1:59950 - R:localhost/127.0.0.1:59944]
00:50:05.746 [AsyncHttpClient-1-6] DEBUG org.asynchttpclient.netty.channel.NettyConnectListener - Using new Channel '[id: 0x14b25ca7, L:/127.0.0.1:59951 - R:localhost/127.0.0.1:59944]' for 'GET' to '/devtools/browser/f590dbf7-e308-4dd8-b8da-7293d4a0f8af'
00:50:05.748 [AsyncHttpClient-1-6] DEBUG org.asynchttpclient.netty.handler.WebSocketHandler - 

Request DefaultFullHttpRequest(decodeResult: success, version: HTTP/1.1, content: EmptyByteBufBE)
GET /devtools/browser/f590dbf7-e308-4dd8-b8da-7293d4a0f8af HTTP/1.1
upgrade: websocket
connection: upgrade
sec-websocket-key: FE7Xuasw9U79psxpM0Nnyg==
sec-websocket-version: 13
origin: http://localhost:59944
host: localhost:59944
accept: */*
user-agent: AHC/2.1

Response DefaultHttpResponse(decodeResult: success, version: HTTP/1.1)
HTTP/1.1 101 WebSocket Protocol Handshake
Upgrade: WebSocket
Connection: Upgrade
Sec-WebSocket-Accept: pMi4BfR8Xiq0f2p7zXrY6jI5XCw=

00:50:05.752 [Forwarding get on session 14cf205f8bdb4c2e90fc3d6aa3243ebb to remote] DEBUG org.asynchttpclient.netty.request.NettyRequestSender - Using pooled Channel '[id: 0xb14ac9ad, L:/127.0.0.1:59943 - R:localhost/127.0.0.1:25007]' for 'POST' to 'http://localhost:25007/session/14cf205f8bdb4c2e90fc3d6aa3243ebb/url'
00:50:05.753 [Forwarding get on session 14cf205f8bdb4c2e90fc3d6aa3243ebb to remote] DEBUG org.asynchttpclient.netty.request.NettyRequestSender - Using open Channel [id: 0xb14ac9ad, L:/127.0.0.1:59943 - R:localhost/127.0.0.1:25007] for POST '/session/14cf205f8bdb4c2e90fc3d6aa3243ebb/url'
00:50:06.632 [AsyncHttpClient-1-1] DEBUG org.asynchttpclient.netty.channel.DefaultChannelPool - Entry count for : http://localhost:59944 : 1
00:50:07.730 [AsyncHttpClient-1-1] DEBUG org.asynchttpclient.netty.channel.DefaultChannelPool - Entry count for : http://localhost:59944 : 1
00:50:08.829 [AsyncHttpClient-1-1] DEBUG org.asynchttpclient.netty.channel.DefaultChannelPool - Entry count for : http://localhost:59944 : 1
00:50:09.937 [AsyncHttpClient-1-1] DEBUG org.asynchttpclient.netty.channel.DefaultChannelPool - Entry count for : http://localhost:59944 : 1
00:50:11.035 [AsyncHttpClient-1-1] DEBUG org.asynchttpclient.netty.channel.DefaultChannelPool - Entry count for : http://localhost:59944 : 1
00:50:11.991 [AsyncHttpClient-1-4] DEBUG org.asynchttpclient.netty.handler.HttpHandler - 

Request DefaultHttpRequest(decodeResult: success, version: HTTP/1.1)
POST /session/14cf205f8bdb4c2e90fc3d6aa3243ebb/url HTTP/1.1
User-Agent: selenium/4.7.1 (java windows)
Content-Length: 59
Content-Type: application/json; charset=utf-8
host: localhost:25007
accept: */*

Response DefaultHttpResponse(decodeResult: success, version: HTTP/1.1)
HTTP/1.1 200 OK
Content-Type: application/json; charset=utf-8
cache-control: no-cache
content-length: 14

00:50:11.991 [AsyncHttpClient-1-4] DEBUG org.asynchttpclient.netty.channel.ChannelManager - Adding key: http://localhost:25007 for channel [id: 0xb14ac9ad, L:/127.0.0.1:59943 - R:localhost/127.0.0.1:25007]
00:50:11.992 [Forwarding setTimeout on session 14cf205f8bdb4c2e90fc3d6aa3243ebb to remote] DEBUG org.asynchttpclient.netty.request.NettyRequestSender - Using pooled Channel '[id: 0xb14ac9ad, L:/127.0.0.1:59943 - R:localhost/127.0.0.1:25007]' for 'POST' to 'http://localhost:25007/session/14cf205f8bdb4c2e90fc3d6aa3243ebb/timeouts'
00:50:11.993 [Forwarding setTimeout on session 14cf205f8bdb4c2e90fc3d6aa3243ebb to remote] DEBUG org.asynchttpclient.netty.request.NettyRequestSender - Using open Channel [id: 0xb14ac9ad, L:/127.0.0.1:59943 - R:localhost/127.0.0.1:25007] for POST '/session/14cf205f8bdb4c2e90fc3d6aa3243ebb/timeouts'
00:50:11.993 [AsyncHttpClient-1-4] DEBUG org.asynchttpclient.netty.handler.HttpHandler - 

Request DefaultHttpRequest(decodeResult: success, version: HTTP/1.1)
POST /session/14cf205f8bdb4c2e90fc3d6aa3243ebb/timeouts HTTP/1.1
User-Agent: selenium/4.7.1 (java windows)
Content-Length: 22
Content-Type: application/json; charset=utf-8
host: localhost:25007
accept: */*

Response DefaultHttpResponse(decodeResult: success, version: HTTP/1.1)
HTTP/1.1 200 OK
Content-Type: application/json; charset=utf-8
cache-control: no-cache
content-length: 14

00:50:11.994 [AsyncHttpClient-1-4] DEBUG org.asynchttpclient.netty.channel.ChannelManager - Adding key: http://localhost:25007 for channel [id: 0xb14ac9ad, L:/127.0.0.1:59943 - R:localhost/127.0.0.1:25007]
00:50:11.997 [Forwarding getCurrentUrl on session 14cf205f8bdb4c2e90fc3d6aa3243ebb to remote] DEBUG org.asynchttpclient.netty.request.NettyRequestSender - Using pooled Channel '[id: 0xb14ac9ad, L:/127.0.0.1:59943 - R:localhost/127.0.0.1:25007]' for 'GET' to 'http://localhost:25007/session/14cf205f8bdb4c2e90fc3d6aa3243ebb/url'
00:50:11.997 [Forwarding getCurrentUrl on session 14cf205f8bdb4c2e90fc3d6aa3243ebb to remote] DEBUG org.asynchttpclient.netty.request.NettyRequestSender - Using open Channel [id: 0xb14ac9ad, L:/127.0.0.1:59943 - R:localhost/127.0.0.1:25007] for GET '/session/14cf205f8bdb4c2e90fc3d6aa3243ebb/url'
00:50:12.004 [AsyncHttpClient-1-4] DEBUG org.asynchttpclient.netty.handler.HttpHandler - 

Request DefaultFullHttpRequest(decodeResult: success, version: HTTP/1.1, content: EmptyByteBufBE)
GET /session/14cf205f8bdb4c2e90fc3d6aa3243ebb/url HTTP/1.1
User-Agent: selenium/4.7.1 (java windows)
Cache-Control: no-cache
Content-Type: application/json; charset=utf-8
host: localhost:25007
accept: */*

Response DefaultHttpResponse(decodeResult: success, version: HTTP/1.1)
HTTP/1.1 200 OK
Content-Type: application/json; charset=utf-8
cache-control: no-cache
content-length: 41

00:50:12.004 [AsyncHttpClient-1-4] DEBUG org.asynchttpclient.netty.channel.ChannelManager - Adding key: http://localhost:25007 for channel [id: 0xb14ac9ad, L:/127.0.0.1:59943 - R:localhost/127.0.0.1:25007]
00:50:12.007 [Forwarding getCurrentUrl on session 14cf205f8bdb4c2e90fc3d6aa3243ebb to remote] DEBUG org.asynchttpclient.netty.request.NettyRequestSender - Using pooled Channel '[id: 0xb14ac9ad, L:/127.0.0.1:59943 - R:localhost/127.0.0.1:25007]' for 'GET' to 'http://localhost:25007/session/14cf205f8bdb4c2e90fc3d6aa3243ebb/url'
00:50:12.007 [Forwarding getCurrentUrl on session 14cf205f8bdb4c2e90fc3d6aa3243ebb to remote] DEBUG org.asynchttpclient.netty.request.NettyRequestSender - Using open Channel [id: 0xb14ac9ad, L:/127.0.0.1:59943 - R:localhost/127.0.0.1:25007] for GET '/session/14cf205f8bdb4c2e90fc3d6aa3243ebb/url'
00:50:12.010 [AsyncHttpClient-1-4] DEBUG org.asynchttpclient.netty.handler.HttpHandler - 

Request DefaultFullHttpRequest(decodeResult: success, version: HTTP/1.1, content: EmptyByteBufBE)
GET /session/14cf205f8bdb4c2e90fc3d6aa3243ebb/url HTTP/1.1
User-Agent: selenium/4.7.1 (java windows)
Cache-Control: no-cache
Content-Type: application/json; charset=utf-8
host: localhost:25007
accept: */*

Response DefaultHttpResponse(decodeResult: success, version: HTTP/1.1)
HTTP/1.1 200 OK
Content-Type: application/json; charset=utf-8
cache-control: no-cache
content-length: 41

00:50:12.011 [AsyncHttpClient-1-4] DEBUG org.asynchttpclient.netty.channel.ChannelManager - Adding key: http://localhost:25007 for channel [id: 0xb14ac9ad, L:/127.0.0.1:59943 - R:localhost/127.0.0.1:25007]
00:50:12.013 [Forwarding findElement on session 14cf205f8bdb4c2e90fc3d6aa3243ebb to remote] DEBUG org.asynchttpclient.netty.request.NettyRequestSender - Using pooled Channel '[id: 0xb14ac9ad, L:/127.0.0.1:59943 - R:localhost/127.0.0.1:25007]' for 'POST' to 'http://localhost:25007/session/14cf205f8bdb4c2e90fc3d6aa3243ebb/element'
00:50:12.013 [Forwarding findElement on session 14cf205f8bdb4c2e90fc3d6aa3243ebb to remote] DEBUG org.asynchttpclient.netty.request.NettyRequestSender - Using open Channel [id: 0xb14ac9ad, L:/127.0.0.1:59943 - R:localhost/127.0.0.1:25007] for POST '/session/14cf205f8bdb4c2e90fc3d6aa3243ebb/element'
00:50:12.038 [AsyncHttpClient-1-4] DEBUG org.asynchttpclient.netty.handler.HttpHandler - 

Request DefaultHttpRequest(decodeResult: success, version: HTTP/1.1)
POST /session/14cf205f8bdb4c2e90fc3d6aa3243ebb/element HTTP/1.1
User-Agent: selenium/4.7.1 (java windows)
Content-Length: 108
Content-Type: application/json; charset=utf-8
host: localhost:25007
accept: */*

Response DefaultHttpResponse(decodeResult: success, version: HTTP/1.1)
HTTP/1.1 200 OK
Content-Type: application/json; charset=utf-8
cache-control: no-cache
content-length: 88

00:50:12.038 [AsyncHttpClient-1-4] DEBUG org.asynchttpclient.netty.channel.ChannelManager - Adding key: http://localhost:25007 for channel [id: 0xb14ac9ad, L:/127.0.0.1:59943 - R:localhost/127.0.0.1:25007]
00:50:12.041 [Forwarding isElementDisplayed on session 14cf205f8bdb4c2e90fc3d6aa3243ebb to remote] DEBUG org.asynchttpclient.netty.request.NettyRequestSender - Using pooled Channel '[id: 0xb14ac9ad, L:/127.0.0.1:59943 - R:localhost/127.0.0.1:25007]' for 'POST' to 'http://localhost:25007/session/14cf205f8bdb4c2e90fc3d6aa3243ebb/execute/sync'
00:50:12.041 [Forwarding isElementDisplayed on session 14cf205f8bdb4c2e90fc3d6aa3243ebb to remote] DEBUG org.asynchttpclient.netty.request.NettyRequestSender - Using open Channel [id: 0xb14ac9ad, L:/127.0.0.1:59943 - R:localhost/127.0.0.1:25007] for POST '/session/14cf205f8bdb4c2e90fc3d6aa3243ebb/execute/sync'
00:50:12.055 [AsyncHttpClient-1-4] DEBUG org.asynchttpclient.netty.handler.HttpHandler - 

Request DefaultHttpRequest(decodeResult: success, version: HTTP/1.1)
POST /session/14cf205f8bdb4c2e90fc3d6aa3243ebb/execute/sync HTTP/1.1
User-Agent: selenium/4.7.1 (java windows)
Content-Length: 48780
Content-Type: application/json; charset=utf-8
host: localhost:25007
accept: */*

Response DefaultHttpResponse(decodeResult: success, version: HTTP/1.1)
HTTP/1.1 200 OK
Content-Type: application/json; charset=utf-8
cache-control: no-cache
content-length: 14

00:50:12.055 [AsyncHttpClient-1-4] DEBUG org.asynchttpclient.netty.channel.ChannelManager - Adding key: http://localhost:25007 for channel [id: 0xb14ac9ad, L:/127.0.0.1:59943 - R:localhost/127.0.0.1:25007]
00:50:12.058 [Forwarding isElementDisplayed on session 14cf205f8bdb4c2e90fc3d6aa3243ebb to remote] DEBUG org.asynchttpclient.netty.request.NettyRequestSender - Using pooled Channel '[id: 0xb14ac9ad, L:/127.0.0.1:59943 - R:localhost/127.0.0.1:25007]' for 'POST' to 'http://localhost:25007/session/14cf205f8bdb4c2e90fc3d6aa3243ebb/execute/sync'
00:50:12.058 [Forwarding isElementDisplayed on session 14cf205f8bdb4c2e90fc3d6aa3243ebb to remote] DEBUG org.asynchttpclient.netty.request.NettyRequestSender - Using open Channel [id: 0xb14ac9ad, L:/127.0.0.1:59943 - R:localhost/127.0.0.1:25007] for POST '/session/14cf205f8bdb4c2e90fc3d6aa3243ebb/execute/sync'
00:50:12.069 [AsyncHttpClient-1-4] DEBUG org.asynchttpclient.netty.handler.HttpHandler - 

Request DefaultHttpRequest(decodeResult: success, version: HTTP/1.1)
POST /session/14cf205f8bdb4c2e90fc3d6aa3243ebb/execute/sync HTTP/1.1
User-Agent: selenium/4.7.1 (java windows)
Content-Length: 48780
Content-Type: application/json; charset=utf-8
host: localhost:25007
accept: */*

Response DefaultHttpResponse(decodeResult: success, version: HTTP/1.1)
HTTP/1.1 200 OK
Content-Type: application/json; charset=utf-8
cache-control: no-cache
content-length: 14

00:50:12.069 [AsyncHttpClient-1-4] DEBUG org.asynchttpclient.netty.channel.ChannelManager - Adding key: http://localhost:25007 for channel [id: 0xb14ac9ad, L:/127.0.0.1:59943 - R:localhost/127.0.0.1:25007]
00:50:12.074 [main] DEBUG net.serenitybdd.core.photography.Darkroom - Opening darkroom
00:50:12.075 [Darkroom Processing Line] DEBUG net.serenitybdd.core.photography.DarkroomProcessingLine - Darkroom processing line starting up
00:50:12.075 [Forwarding getCurrentWindowHandle on session 14cf205f8bdb4c2e90fc3d6aa3243ebb to remote] DEBUG org.asynchttpclient.netty.request.NettyRequestSender - Using pooled Channel '[id: 0xb14ac9ad, L:/127.0.0.1:59943 - R:localhost/127.0.0.1:25007]' for 'GET' to 'http://localhost:25007/session/14cf205f8bdb4c2e90fc3d6aa3243ebb/window'
00:50:12.075 [Forwarding getCurrentWindowHandle on session 14cf205f8bdb4c2e90fc3d6aa3243ebb to remote] DEBUG org.asynchttpclient.netty.request.NettyRequestSender - Using open Channel [id: 0xb14ac9ad, L:/127.0.0.1:59943 - R:localhost/127.0.0.1:25007] for GET '/session/14cf205f8bdb4c2e90fc3d6aa3243ebb/window'
00:50:12.076 [AsyncHttpClient-1-4] DEBUG org.asynchttpclient.netty.handler.HttpHandler - 

Request DefaultFullHttpRequest(decodeResult: success, version: HTTP/1.1, content: EmptyByteBufBE)
GET /session/14cf205f8bdb4c2e90fc3d6aa3243ebb/window HTTP/1.1
User-Agent: selenium/4.7.1 (java windows)
Cache-Control: no-cache
Content-Type: application/json; charset=utf-8
host: localhost:25007
accept: */*

Response DefaultHttpResponse(decodeResult: success, version: HTTP/1.1)
HTTP/1.1 200 OK
Content-Type: application/json; charset=utf-8
cache-control: no-cache
content-length: 44

00:50:12.076 [AsyncHttpClient-1-4] DEBUG org.asynchttpclient.netty.channel.ChannelManager - Adding key: http://localhost:25007 for channel [id: 0xb14ac9ad, L:/127.0.0.1:59943 - R:localhost/127.0.0.1:25007]
00:50:12.077 [Forwarding getAlertText on session 14cf205f8bdb4c2e90fc3d6aa3243ebb to remote] DEBUG org.asynchttpclient.netty.request.NettyRequestSender - Using pooled Channel '[id: 0xb14ac9ad, L:/127.0.0.1:59943 - R:localhost/127.0.0.1:25007]' for 'GET' to 'http://localhost:25007/session/14cf205f8bdb4c2e90fc3d6aa3243ebb/alert/text'
00:50:12.077 [Forwarding getAlertText on session 14cf205f8bdb4c2e90fc3d6aa3243ebb to remote] DEBUG org.asynchttpclient.netty.request.NettyRequestSender - Using open Channel [id: 0xb14ac9ad, L:/127.0.0.1:59943 - R:localhost/127.0.0.1:25007] for GET '/session/14cf205f8bdb4c2e90fc3d6aa3243ebb/alert/text'
00:50:12.079 [AsyncHttpClient-1-4] DEBUG org.asynchttpclient.netty.handler.HttpHandler - 

Request DefaultFullHttpRequest(decodeResult: success, version: HTTP/1.1, content: EmptyByteBufBE)
GET /session/14cf205f8bdb4c2e90fc3d6aa3243ebb/alert/text HTTP/1.1
User-Agent: selenium/4.7.1 (java windows)
Cache-Control: no-cache
Content-Type: application/json; charset=utf-8
host: localhost:25007
accept: */*

Response DefaultHttpResponse(decodeResult: success, version: HTTP/1.1)
HTTP/1.1 404 Not Found
Content-Type: application/json; charset=utf-8
cache-control: no-cache
content-length: 849

00:50:12.079 [AsyncHttpClient-1-4] DEBUG org.asynchttpclient.netty.channel.ChannelManager - Adding key: http://localhost:25007 for channel [id: 0xb14ac9ad, L:/127.0.0.1:59943 - R:localhost/127.0.0.1:25007]
00:50:12.081 [Forwarding switchToWindow on session 14cf205f8bdb4c2e90fc3d6aa3243ebb to remote] DEBUG org.asynchttpclient.netty.request.NettyRequestSender - Using pooled Channel '[id: 0xb14ac9ad, L:/127.0.0.1:59943 - R:localhost/127.0.0.1:25007]' for 'POST' to 'http://localhost:25007/session/14cf205f8bdb4c2e90fc3d6aa3243ebb/window'
00:50:12.081 [Forwarding switchToWindow on session 14cf205f8bdb4c2e90fc3d6aa3243ebb to remote] DEBUG org.asynchttpclient.netty.request.NettyRequestSender - Using open Channel [id: 0xb14ac9ad, L:/127.0.0.1:59943 - R:localhost/127.0.0.1:25007] for POST '/session/14cf205f8bdb4c2e90fc3d6aa3243ebb/window'
00:50:12.083 [AsyncHttpClient-1-4] DEBUG org.asynchttpclient.netty.handler.HttpHandler - 

Request DefaultHttpRequest(decodeResult: success, version: HTTP/1.1)
POST /session/14cf205f8bdb4c2e90fc3d6aa3243ebb/window HTTP/1.1
User-Agent: selenium/4.7.1 (java windows)
Content-Length: 50
Content-Type: application/json; charset=utf-8
host: localhost:25007
accept: */*

Response DefaultHttpResponse(decodeResult: success, version: HTTP/1.1)
HTTP/1.1 200 OK
Content-Type: application/json; charset=utf-8
cache-control: no-cache
content-length: 14

00:50:12.083 [AsyncHttpClient-1-4] DEBUG org.asynchttpclient.netty.channel.ChannelManager - Adding key: http://localhost:25007 for channel [id: 0xb14ac9ad, L:/127.0.0.1:59943 - R:localhost/127.0.0.1:25007]
00:50:12.084 [Forwarding getCurrentUrl on session 14cf205f8bdb4c2e90fc3d6aa3243ebb to remote] DEBUG org.asynchttpclient.netty.request.NettyRequestSender - Using pooled Channel '[id: 0xb14ac9ad, L:/127.0.0.1:59943 - R:localhost/127.0.0.1:25007]' for 'GET' to 'http://localhost:25007/session/14cf205f8bdb4c2e90fc3d6aa3243ebb/url'
00:50:12.084 [Forwarding getCurrentUrl on session 14cf205f8bdb4c2e90fc3d6aa3243ebb to remote] DEBUG org.asynchttpclient.netty.request.NettyRequestSender - Using open Channel [id: 0xb14ac9ad, L:/127.0.0.1:59943 - R:localhost/127.0.0.1:25007] for GET '/session/14cf205f8bdb4c2e90fc3d6aa3243ebb/url'
00:50:12.088 [AsyncHttpClient-1-4] DEBUG org.asynchttpclient.netty.handler.HttpHandler - 

Request DefaultFullHttpRequest(decodeResult: success, version: HTTP/1.1, content: EmptyByteBufBE)
GET /session/14cf205f8bdb4c2e90fc3d6aa3243ebb/url HTTP/1.1
User-Agent: selenium/4.7.1 (java windows)
Cache-Control: no-cache
Content-Type: application/json; charset=utf-8
host: localhost:25007
accept: */*

Response DefaultHttpResponse(decodeResult: success, version: HTTP/1.1)
HTTP/1.1 200 OK
Content-Type: application/json; charset=utf-8
cache-control: no-cache
content-length: 41

00:50:12.088 [AsyncHttpClient-1-4] DEBUG org.asynchttpclient.netty.channel.ChannelManager - Adding key: http://localhost:25007 for channel [id: 0xb14ac9ad, L:/127.0.0.1:59943 - R:localhost/127.0.0.1:25007]
00:50:12.089 [Forwarding screenshot on session 14cf205f8bdb4c2e90fc3d6aa3243ebb to remote] DEBUG org.asynchttpclient.netty.request.NettyRequestSender - Using pooled Channel '[id: 0xb14ac9ad, L:/127.0.0.1:59943 - R:localhost/127.0.0.1:25007]' for 'GET' to 'http://localhost:25007/session/14cf205f8bdb4c2e90fc3d6aa3243ebb/screenshot'
00:50:12.089 [Forwarding screenshot on session 14cf205f8bdb4c2e90fc3d6aa3243ebb to remote] DEBUG org.asynchttpclient.netty.request.NettyRequestSender - Using open Channel [id: 0xb14ac9ad, L:/127.0.0.1:59943 - R:localhost/127.0.0.1:25007] for GET '/session/14cf205f8bdb4c2e90fc3d6aa3243ebb/screenshot'
00:50:12.133 [AsyncHttpClient-1-1] DEBUG org.asynchttpclient.netty.channel.DefaultChannelPool - Entry count for : http://localhost:59944 : 1
00:50:12.181 [AsyncHttpClient-1-4] DEBUG org.asynchttpclient.netty.handler.HttpHandler - 

Request DefaultFullHttpRequest(decodeResult: success, version: HTTP/1.1, content: EmptyByteBufBE)
GET /session/14cf205f8bdb4c2e90fc3d6aa3243ebb/screenshot HTTP/1.1
User-Agent: selenium/4.7.1 (java windows)
Cache-Control: no-cache
Content-Type: application/json; charset=utf-8
host: localhost:25007
accept: */*

Response DefaultHttpResponse(decodeResult: success, version: HTTP/1.1)
HTTP/1.1 200 OK
Content-Type: application/json; charset=utf-8
cache-control: no-cache
content-length: 92700

00:50:12.182 [AsyncHttpClient-1-4] DEBUG org.asynchttpclient.netty.channel.ChannelManager - Adding key: http://localhost:25007 for channel [id: 0xb14ac9ad, L:/127.0.0.1:59943 - R:localhost/127.0.0.1:25007]
00:50:12.185 [main] DEBUG net.serenitybdd.core.photography.Darkroom - Send negative for processing for target\site\serenity\07df31fe5a4ce387b976f6ad0a338612bfd946142790bc2867c78f6597d96b36.png
00:50:12.185 [main] DEBUG net.thucydides.core.steps.StepInterceptor - STEP DONE: diHomepageAltaShop
  &amp#27;[32mGiven &amp#27;[0m&amp#27;[32muser berada di Homepage AltaShop&amp#27;[0m                             &amp#27;[90m# starter.stepdefinitions.LoginRegisterSteps.userBeradaDiHomepageAlta()&amp#27;[0m
00:50:12.195 [main] DEBUG net.thucydides.core.steps.StepInterceptor - STARTING STEP: LoginRegisterSteps.userKlikButtonLogin - klikButtonLogin
00:50:12.198 [Forwarding findElement on session 14cf205f8bdb4c2e90fc3d6aa3243ebb to remote] DEBUG org.asynchttpclient.netty.request.NettyRequestSender - Using pooled Channel '[id: 0xb14ac9ad, L:/127.0.0.1:59943 - R:localhost/127.0.0.1:25007]' for 'POST' to 'http://localhost:25007/session/14cf205f8bdb4c2e90fc3d6aa3243ebb/element'
00:50:12.198 [Forwarding findElement on session 14cf205f8bdb4c2e90fc3d6aa3243ebb to remote] DEBUG org.asynchttpclient.netty.request.NettyRequestSender - Using open Channel [id: 0xb14ac9ad, L:/127.0.0.1:59943 - R:localhost/127.0.0.1:25007] for POST '/session/14cf205f8bdb4c2e90fc3d6aa3243ebb/element'
00:50:12.217 [AsyncHttpClient-1-4] DEBUG org.asynchttpclient.netty.handler.HttpHandler - 

Request DefaultHttpRequest(decodeResult: success, version: HTTP/1.1)
POST /session/14cf205f8bdb4c2e90fc3d6aa3243ebb/element HTTP/1.1
User-Agent: selenium/4.7.1 (java windows)
Content-Length: 108
Content-Type: application/json; charset=utf-8
host: localhost:25007
accept: */*

Response DefaultHttpResponse(decodeResult: success, version: HTTP/1.1)
HTTP/1.1 200 OK
Content-Type: application/json; charset=utf-8
cache-control: no-cache
content-length: 88

00:50:12.219 [AsyncHttpClient-1-4] DEBUG org.asynchttpclient.netty.channel.ChannelManager - Adding key: http://localhost:25007 for channel [id: 0xb14ac9ad, L:/127.0.0.1:59943 - R:localhost/127.0.0.1:25007]
00:50:12.220 [Forwarding getElementTagName on session 14cf205f8bdb4c2e90fc3d6aa3243ebb to remote] DEBUG org.asynchttpclient.netty.request.NettyRequestSender - Using pooled Channel '[id: 0xb14ac9ad, L:/127.0.0.1:59943 - R:localhost/127.0.0.1:25007]' for 'GET' to 'http://localhost:25007/session/14cf205f8bdb4c2e90fc3d6aa3243ebb/element/5211552f-2db3-48f7-8923-998d5816bffc/name'
00:50:12.220 [Forwarding getElementTagName on session 14cf205f8bdb4c2e90fc3d6aa3243ebb to remote] DEBUG org.asynchttpclient.netty.request.NettyRequestSender - Using open Channel [id: 0xb14ac9ad, L:/127.0.0.1:59943 - R:localhost/127.0.0.1:25007] for GET '/session/14cf205f8bdb4c2e90fc3d6aa3243ebb/element/5211552f-2db3-48f7-8923-998d5816bffc/name'
00:50:12.225 [AsyncHttpClient-1-4] DEBUG org.asynchttpclient.netty.handler.HttpHandler - 

Request DefaultFullHttpRequest(decodeResult: success, version: HTTP/1.1, content: EmptyByteBufBE)
GET /session/14cf205f8bdb4c2e90fc3d6aa3243ebb/element/5211552f-2db3-48f7-8923-998d5816bffc/name HTTP/1.1
User-Agent: selenium/4.7.1 (java windows)
Cache-Control: no-cache
Content-Type: application/json; charset=utf-8
host: localhost:25007
accept: */*

Response DefaultHttpResponse(decodeResult: success, version: HTTP/1.1)
HTTP/1.1 200 OK
Content-Type: application/json; charset=utf-8
cache-control: no-cache
content-length: 18

00:50:12.225 [AsyncHttpClient-1-4] DEBUG org.asynchttpclient.netty.channel.ChannelManager - Adding key: http://localhost:25007 for channel [id: 0xb14ac9ad, L:/127.0.0.1:59943 - R:localhost/127.0.0.1:25007]
00:50:12.226 [Forwarding getElementTagName on session 14cf205f8bdb4c2e90fc3d6aa3243ebb to remote] DEBUG org.asynchttpclient.netty.request.NettyRequestSender - Using pooled Channel '[id: 0xb14ac9ad, L:/127.0.0.1:59943 - R:localhost/127.0.0.1:25007]' for 'GET' to 'http://localhost:25007/session/14cf205f8bdb4c2e90fc3d6aa3243ebb/element/5211552f-2db3-48f7-8923-998d5816bffc/name'
00:50:12.226 [Forwarding getElementTagName on session 14cf205f8bdb4c2e90fc3d6aa3243ebb to remote] DEBUG org.asynchttpclient.netty.request.NettyRequestSender - Using open Channel [id: 0xb14ac9ad, L:/127.0.0.1:59943 - R:localhost/127.0.0.1:25007] for GET '/session/14cf205f8bdb4c2e90fc3d6aa3243ebb/element/5211552f-2db3-48f7-8923-998d5816bffc/name'
00:50:12.229 [AsyncHttpClient-1-4] DEBUG org.asynchttpclient.netty.handler.HttpHandler - 

Request DefaultFullHttpRequest(decodeResult: success, version: HTTP/1.1, content: EmptyByteBufBE)
GET /session/14cf205f8bdb4c2e90fc3d6aa3243ebb/element/5211552f-2db3-48f7-8923-998d5816bffc/name HTTP/1.1
User-Agent: selenium/4.7.1 (java windows)
Cache-Control: no-cache
Content-Type: application/json; charset=utf-8
host: localhost:25007
accept: */*

Response DefaultHttpResponse(decodeResult: success, version: HTTP/1.1)
HTTP/1.1 200 OK
Content-Type: application/json; charset=utf-8
cache-control: no-cache
content-length: 18

00:50:12.229 [AsyncHttpClient-1-4] DEBUG org.asynchttpclient.netty.channel.ChannelManager - Adding key: http://localhost:25007 for channel [id: 0xb14ac9ad, L:/127.0.0.1:59943 - R:localhost/127.0.0.1:25007]
00:50:12.231 [Forwarding isElementEnabled on session 14cf205f8bdb4c2e90fc3d6aa3243ebb to remote] DEBUG org.asynchttpclient.netty.request.NettyRequestSender - Using pooled Channel '[id: 0xb14ac9ad, L:/127.0.0.1:59943 - R:localhost/127.0.0.1:25007]' for 'GET' to 'http://localhost:25007/session/14cf205f8bdb4c2e90fc3d6aa3243ebb/element/5211552f-2db3-48f7-8923-998d5816bffc/enabled'
00:50:12.231 [Forwarding isElementEnabled on session 14cf205f8bdb4c2e90fc3d6aa3243ebb to remote] DEBUG org.asynchttpclient.netty.request.NettyRequestSender - Using open Channel [id: 0xb14ac9ad, L:/127.0.0.1:59943 - R:localhost/127.0.0.1:25007] for GET '/session/14cf205f8bdb4c2e90fc3d6aa3243ebb/element/5211552f-2db3-48f7-8923-998d5816bffc/enabled'
00:50:12.239 [AsyncHttpClient-1-4] DEBUG org.asynchttpclient.netty.handler.HttpHandler - 

Request DefaultFullHttpRequest(decodeResult: success, version: HTTP/1.1, content: EmptyByteBufBE)
GET /session/14cf205f8bdb4c2e90fc3d6aa3243ebb/element/5211552f-2db3-48f7-8923-998d5816bffc/enabled HTTP/1.1
User-Agent: selenium/4.7.1 (java windows)
Cache-Control: no-cache
Content-Type: application/json; charset=utf-8
host: localhost:25007
accept: */*

Response DefaultHttpResponse(decodeResult: success, version: HTTP/1.1)
HTTP/1.1 200 OK
Content-Type: application/json; charset=utf-8
cache-control: no-cache
content-length: 14

00:50:12.239 [AsyncHttpClient-1-4] DEBUG org.asynchttpclient.netty.channel.ChannelManager - Adding key: http://localhost:25007 for channel [id: 0xb14ac9ad, L:/127.0.0.1:59943 - R:localhost/127.0.0.1:25007]
00:50:12.241 [Forwarding isElementEnabled on session 14cf205f8bdb4c2e90fc3d6aa3243ebb to remote] DEBUG org.asynchttpclient.netty.request.NettyRequestSender - Using pooled Channel '[id: 0xb14ac9ad, L:/127.0.0.1:59943 - R:localhost/127.0.0.1:25007]' for 'GET' to 'http://localhost:25007/session/14cf205f8bdb4c2e90fc3d6aa3243ebb/element/5211552f-2db3-48f7-8923-998d5816bffc/enabled'
00:50:12.241 [Forwarding isElementEnabled on session 14cf205f8bdb4c2e90fc3d6aa3243ebb to remote] DEBUG org.asynchttpclient.netty.request.NettyRequestSender - Using open Channel [id: 0xb14ac9ad, L:/127.0.0.1:59943 - R:localhost/127.0.0.1:25007] for GET '/session/14cf205f8bdb4c2e90fc3d6aa3243ebb/element/5211552f-2db3-48f7-8923-998d5816bffc/enabled'
00:50:12.248 [AsyncHttpClient-1-4] DEBUG org.asynchttpclient.netty.handler.HttpHandler - 

Request DefaultFullHttpRequest(decodeResult: success, version: HTTP/1.1, content: EmptyByteBufBE)
GET /session/14cf205f8bdb4c2e90fc3d6aa3243ebb/element/5211552f-2db3-48f7-8923-998d5816bffc/enabled HTTP/1.1
User-Agent: selenium/4.7.1 (java windows)
Cache-Control: no-cache
Content-Type: application/json; charset=utf-8
host: localhost:25007
accept: */*

Response DefaultHttpResponse(decodeResult: success, version: HTTP/1.1)
HTTP/1.1 200 OK
Content-Type: application/json; charset=utf-8
cache-control: no-cache
content-length: 14

00:50:12.248 [AsyncHttpClient-1-4] DEBUG org.asynchttpclient.netty.channel.ChannelManager - Adding key: http://localhost:25007 for channel [id: 0xb14ac9ad, L:/127.0.0.1:59943 - R:localhost/127.0.0.1:25007]
00:50:12.250 [Forwarding findElement on session 14cf205f8bdb4c2e90fc3d6aa3243ebb to remote] DEBUG org.asynchttpclient.netty.request.NettyRequestSender - Using pooled Channel '[id: 0xb14ac9ad, L:/127.0.0.1:59943 - R:localhost/127.0.0.1:25007]' for 'POST' to 'http://localhost:25007/session/14cf205f8bdb4c2e90fc3d6aa3243ebb/element'
00:50:12.250 [Forwarding findElement on session 14cf205f8bdb4c2e90fc3d6aa3243ebb to remote] DEBUG org.asynchttpclient.netty.request.NettyRequestSender - Using open Channel [id: 0xb14ac9ad, L:/127.0.0.1:59943 - R:localhost/127.0.0.1:25007] for POST '/session/14cf205f8bdb4c2e90fc3d6aa3243ebb/element'
00:50:12.268 [AsyncHttpClient-1-4] DEBUG org.asynchttpclient.netty.handler.HttpHandler - 

Request DefaultHttpRequest(decodeResult: success, version: HTTP/1.1)
POST /session/14cf205f8bdb4c2e90fc3d6aa3243ebb/element HTTP/1.1
User-Agent: selenium/4.7.1 (java windows)
Content-Length: 108
Content-Type: application/json; charset=utf-8
host: localhost:25007
accept: */*

Response DefaultHttpResponse(decodeResult: success, version: HTTP/1.1)
HTTP/1.1 200 OK
Content-Type: application/json; charset=utf-8
cache-control: no-cache
content-length: 88

00:50:12.268 [AsyncHttpClient-1-4] DEBUG org.asynchttpclient.netty.channel.ChannelManager - Adding key: http://localhost:25007 for channel [id: 0xb14ac9ad, L:/127.0.0.1:59943 - R:localhost/127.0.0.1:25007]
00:50:12.269 [Forwarding clickElement on session 14cf205f8bdb4c2e90fc3d6aa3243ebb to remote] DEBUG org.asynchttpclient.netty.request.NettyRequestSender - Using pooled Channel '[id: 0xb14ac9ad, L:/127.0.0.1:59943 - R:localhost/127.0.0.1:25007]' for 'POST' to 'http://localhost:25007/session/14cf205f8bdb4c2e90fc3d6aa3243ebb/element/5211552f-2db3-48f7-8923-998d5816bffc/click'
00:50:12.269 [Forwarding clickElement on session 14cf205f8bdb4c2e90fc3d6aa3243ebb to remote] DEBUG org.asynchttpclient.netty.request.NettyRequestSender - Using open Channel [id: 0xb14ac9ad, L:/127.0.0.1:59943 - R:localhost/127.0.0.1:25007] for POST '/session/14cf205f8bdb4c2e90fc3d6aa3243ebb/element/5211552f-2db3-48f7-8923-998d5816bffc/click'
00:50:12.329 [AsyncHttpClient-1-4] DEBUG org.asynchttpclient.netty.handler.HttpHandler - 

Request DefaultHttpRequest(decodeResult: success, version: HTTP/1.1)
POST /session/14cf205f8bdb4c2e90fc3d6aa3243ebb/element/5211552f-2db3-48f7-8923-998d5816bffc/click HTTP/1.1
User-Agent: selenium/4.7.1 (java windows)
Content-Length: 50
Content-Type: application/json; charset=utf-8
host: localhost:25007
accept: */*

Response DefaultHttpResponse(decodeResult: success, version: HTTP/1.1)
HTTP/1.1 200 OK
Content-Type: application/json; charset=utf-8
cache-control: no-cache
content-length: 14

00:50:12.329 [AsyncHttpClient-1-4] DEBUG org.asynchttpclient.netty.channel.ChannelManager - Adding key: http://localhost:25007 for channel [id: 0xb14ac9ad, L:/127.0.0.1:59943 - R:localhost/127.0.0.1:25007]
00:50:12.336 [Forwarding getCurrentWindowHandle on session 14cf205f8bdb4c2e90fc3d6aa3243ebb to remote] DEBUG org.asynchttpclient.netty.request.NettyRequestSender - Using pooled Channel '[id: 0xb14ac9ad, L:/127.0.0.1:59943 - R:localhost/127.0.0.1:25007]' for 'GET' to 'http://localhost:25007/session/14cf205f8bdb4c2e90fc3d6aa3243ebb/window'
00:50:12.336 [Forwarding getCurrentWindowHandle on session 14cf205f8bdb4c2e90fc3d6aa3243ebb to remote] DEBUG org.asynchttpclient.netty.request.NettyRequestSender - Using open Channel [id: 0xb14ac9ad, L:/127.0.0.1:59943 - R:localhost/127.0.0.1:25007] for GET '/session/14cf205f8bdb4c2e90fc3d6aa3243ebb/window'
00:50:12.338 [AsyncHttpClient-1-4] DEBUG org.asynchttpclient.netty.handler.HttpHandler - 

Request DefaultFullHttpRequest(decodeResult: success, version: HTTP/1.1, content: EmptyByteBufBE)
GET /session/14cf205f8bdb4c2e90fc3d6aa3243ebb/window HTTP/1.1
User-Agent: selenium/4.7.1 (java windows)
Cache-Control: no-cache
Content-Type: application/json; charset=utf-8
host: localhost:25007
accept: */*

Response DefaultHttpResponse(decodeResult: success, version: HTTP/1.1)
HTTP/1.1 200 OK
Content-Type: application/json; charset=utf-8
cache-control: no-cache
content-length: 44

00:50:12.338 [AsyncHttpClient-1-4] DEBUG org.asynchttpclient.netty.channel.ChannelManager - Adding key: http://localhost:25007 for channel [id: 0xb14ac9ad, L:/127.0.0.1:59943 - R:localhost/127.0.0.1:25007]
00:50:12.340 [Forwarding getAlertText on session 14cf205f8bdb4c2e90fc3d6aa3243ebb to remote] DEBUG org.asynchttpclient.netty.request.NettyRequestSender - Using pooled Channel '[id: 0xb14ac9ad, L:/127.0.0.1:59943 - R:localhost/127.0.0.1:25007]' for 'GET' to 'http://localhost:25007/session/14cf205f8bdb4c2e90fc3d6aa3243ebb/alert/text'
00:50:12.340 [Forwarding getAlertText on session 14cf205f8bdb4c2e90fc3d6aa3243ebb to remote] DEBUG org.asynchttpclient.netty.request.NettyRequestSender - Using open Channel [id: 0xb14ac9ad, L:/127.0.0.1:59943 - R:localhost/127.0.0.1:25007] for GET '/session/14cf205f8bdb4c2e90fc3d6aa3243ebb/alert/text'
00:50:12.563 [AsyncHttpClient-1-4] DEBUG org.asynchttpclient.netty.handler.HttpHandler - 

Request DefaultFullHttpRequest(decodeResult: success, version: HTTP/1.1, content: EmptyByteBufBE)
GET /session/14cf205f8bdb4c2e90fc3d6aa3243ebb/alert/text HTTP/1.1
User-Agent: selenium/4.7.1 (java windows)
Cache-Control: no-cache
Content-Type: application/json; charset=utf-8
host: localhost:25007
accept: */*

Response DefaultHttpResponse(decodeResult: success, version: HTTP/1.1)
HTTP/1.1 404 Not Found
Content-Type: application/json; charset=utf-8
cache-control: no-cache
content-length: 849

00:50:12.563 [AsyncHttpClient-1-4] DEBUG org.asynchttpclient.netty.channel.ChannelManager - Adding key: http://localhost:25007 for channel [id: 0xb14ac9ad, L:/127.0.0.1:59943 - R:localhost/127.0.0.1:25007]
00:50:12.566 [Forwarding switchToWindow on session 14cf205f8bdb4c2e90fc3d6aa3243ebb to remote] DEBUG org.asynchttpclient.netty.request.NettyRequestSender - Using pooled Channel '[id: 0xb14ac9ad, L:/127.0.0.1:59943 - R:localhost/127.0.0.1:25007]' for 'POST' to 'http://localhost:25007/session/14cf205f8bdb4c2e90fc3d6aa3243ebb/window'
00:50:12.566 [Forwarding switchToWindow on session 14cf205f8bdb4c2e90fc3d6aa3243ebb to remote] DEBUG org.asynchttpclient.netty.request.NettyRequestSender - Using open Channel [id: 0xb14ac9ad, L:/127.0.0.1:59943 - R:localhost/127.0.0.1:25007] for POST '/session/14cf205f8bdb4c2e90fc3d6aa3243ebb/window'
00:50:12.569 [AsyncHttpClient-1-4] DEBUG org.asynchttpclient.netty.handler.HttpHandler - 

Request DefaultHttpRequest(decodeResult: success, version: HTTP/1.1)
POST /session/14cf205f8bdb4c2e90fc3d6aa3243ebb/window HTTP/1.1
User-Agent: selenium/4.7.1 (java windows)
Content-Length: 50
Content-Type: application/json; charset=utf-8
host: localhost:25007
accept: */*

Response DefaultHttpResponse(decodeResult: success, version: HTTP/1.1)
HTTP/1.1 200 OK
Content-Type: application/json; charset=utf-8
cache-control: no-cache
content-length: 14

00:50:12.570 [AsyncHttpClient-1-4] DEBUG org.asynchttpclient.netty.channel.ChannelManager - Adding key: http://localhost:25007 for channel [id: 0xb14ac9ad, L:/127.0.0.1:59943 - R:localhost/127.0.0.1:25007]
00:50:12.571 [Forwarding getCurrentUrl on session 14cf205f8bdb4c2e90fc3d6aa3243ebb to remote] DEBUG org.asynchttpclient.netty.request.NettyRequestSender - Using pooled Channel '[id: 0xb14ac9ad, L:/127.0.0.1:59943 - R:localhost/127.0.0.1:25007]' for 'GET' to 'http://localhost:25007/session/14cf205f8bdb4c2e90fc3d6aa3243ebb/url'
00:50:12.571 [Forwarding getCurrentUrl on session 14cf205f8bdb4c2e90fc3d6aa3243ebb to remote] DEBUG org.asynchttpclient.netty.request.NettyRequestSender - Using open Channel [id: 0xb14ac9ad, L:/127.0.0.1:59943 - R:localhost/127.0.0.1:25007] for GET '/session/14cf205f8bdb4c2e90fc3d6aa3243ebb/url'
00:50:12.811 [AsyncHttpClient-1-4] DEBUG org.asynchttpclient.netty.handler.HttpHandler - 

Request DefaultFullHttpRequest(decodeResult: success, version: HTTP/1.1, content: EmptyByteBufBE)
GET /session/14cf205f8bdb4c2e90fc3d6aa3243ebb/url HTTP/1.1
User-Agent: selenium/4.7.1 (java windows)
Cache-Control: no-cache
Content-Type: application/json; charset=utf-8
host: localhost:25007
accept: */*

Response DefaultHttpResponse(decodeResult: success, version: HTTP/1.1)
HTTP/1.1 200 OK
Content-Type: application/json; charset=utf-8
cache-control: no-cache
content-length: 51

00:50:12.812 [AsyncHttpClient-1-4] DEBUG org.asynchttpclient.netty.channel.ChannelManager - Adding key: http://localhost:25007 for channel [id: 0xb14ac9ad, L:/127.0.0.1:59943 - R:localhost/127.0.0.1:25007]
00:50:12.814 [Forwarding screenshot on session 14cf205f8bdb4c2e90fc3d6aa3243ebb to remote] DEBUG org.asynchttpclient.netty.request.NettyRequestSender - Using pooled Channel '[id: 0xb14ac9ad, L:/127.0.0.1:59943 - R:localhost/127.0.0.1:25007]' for 'GET' to 'http://localhost:25007/session/14cf205f8bdb4c2e90fc3d6aa3243ebb/screenshot'
00:50:12.815 [Forwarding screenshot on session 14cf205f8bdb4c2e90fc3d6aa3243ebb to remote] DEBUG org.asynchttpclient.netty.request.NettyRequestSender - Using open Channel [id: 0xb14ac9ad, L:/127.0.0.1:59943 - R:localhost/127.0.0.1:25007] for GET '/session/14cf205f8bdb4c2e90fc3d6aa3243ebb/screenshot'
00:50:12.927 [AsyncHttpClient-1-4] DEBUG org.asynchttpclient.netty.handler.HttpHandler - 

Request DefaultFullHttpRequest(decodeResult: success, version: HTTP/1.1, content: EmptyByteBufBE)
GET /session/14cf205f8bdb4c2e90fc3d6aa3243ebb/screenshot HTTP/1.1
User-Agent: selenium/4.7.1 (java windows)
Cache-Control: no-cache
Content-Type: application/json; charset=utf-8
host: localhost:25007
accept: */*

Response DefaultHttpResponse(decodeResult: success, version: HTTP/1.1)
HTTP/1.1 200 OK
Content-Type: application/json; charset=utf-8
cache-control: no-cache
content-length: 26268

00:50:12.927 [AsyncHttpClient-1-4] DEBUG org.asynchttpclient.netty.channel.ChannelManager - Adding key: http://localhost:25007 for channel [id: 0xb14ac9ad, L:/127.0.0.1:59943 - R:localhost/127.0.0.1:25007]
00:50:12.928 [main] DEBUG net.serenitybdd.core.photography.Darkroom - Send negative for processing for target\site\serenity\5c232a1ed159f62a7c9e296a00623c0b523f9ef7e138ec833fbb464020a3c0c6.png
00:50:12.929 [main] DEBUG net.thucydides.core.steps.StepInterceptor - STEP DONE: klikButtonLogin
  &amp#27;[32mWhen &amp#27;[0m&amp#27;[32muser klik button login&amp#27;[0m                                        &amp#27;[90m# starter.stepdefinitions.LoginRegisterSteps.userKlikButtonLogin()&amp#27;[0m
00:50:12.929 [Darkroom Processing Line] DEBUG net.serenitybdd.core.photography.DarkroomProcessingLine - Processing screenshot image in /var/screenshots/screenshot-13888694974576441401
00:50:12.929 [Darkroom Processing Line] DEBUG net.serenitybdd.core.photography.DarkroomProcessingLine - Saving screenshot to target\site\serenity\5c232a1ed159f62a7c9e296a00623c0b523f9ef7e138ec833fbb464020a3c0c6.png
00:50:12.945 [main] DEBUG net.thucydides.core.steps.StepInterceptor - STARTING STEP: RegisterSteps.userKlikRegister - klikLinkRegister
00:50:12.948 [Forwarding findElement on session 14cf205f8bdb4c2e90fc3d6aa3243ebb to remote] DEBUG org.asynchttpclient.netty.request.NettyRequestSender - Using pooled Channel '[id: 0xb14ac9ad, L:/127.0.0.1:59943 - R:localhost/127.0.0.1:25007]' for 'POST' to 'http://localhost:25007/session/14cf205f8bdb4c2e90fc3d6aa3243ebb/element'
00:50:12.948 [Forwarding findElement on session 14cf205f8bdb4c2e90fc3d6aa3243ebb to remote] DEBUG org.asynchttpclient.netty.request.NettyRequestSender - Using open Channel [id: 0xb14ac9ad, L:/127.0.0.1:59943 - R:localhost/127.0.0.1:25007] for POST '/session/14cf205f8bdb4c2e90fc3d6aa3243ebb/element'
00:50:12.959 [AsyncHttpClient-1-4] DEBUG org.asynchttpclient.netty.handler.HttpHandler - 

Request DefaultHttpRequest(decodeResult: success, version: HTTP/1.1)
POST /session/14cf205f8bdb4c2e90fc3d6aa3243ebb/element HTTP/1.1
User-Agent: selenium/4.7.1 (java windows)
Content-Length: 84
Content-Type: application/json; charset=utf-8
host: localhost:25007
accept: */*

Response DefaultHttpResponse(decodeResult: success, version: HTTP/1.1)
HTTP/1.1 200 OK
Content-Type: application/json; charset=utf-8
cache-control: no-cache
content-length: 88

00:50:12.959 [AsyncHttpClient-1-4] DEBUG org.asynchttpclient.netty.channel.ChannelManager - Adding key: http://localhost:25007 for channel [id: 0xb14ac9ad, L:/127.0.0.1:59943 - R:localhost/127.0.0.1:25007]
00:50:12.960 [Forwarding getElementTagName on session 14cf205f8bdb4c2e90fc3d6aa3243ebb to remote] DEBUG org.asynchttpclient.netty.request.NettyRequestSender - Using pooled Channel '[id: 0xb14ac9ad, L:/127.0.0.1:59943 - R:localhost/127.0.0.1:25007]' for 'GET' to 'http://localhost:25007/session/14cf205f8bdb4c2e90fc3d6aa3243ebb/element/50998fa8-2605-47b3-b790-dff75c59c546/name'
00:50:12.960 [Forwarding getElementTagName on session 14cf205f8bdb4c2e90fc3d6aa3243ebb to remote] DEBUG org.asynchttpclient.netty.request.NettyRequestSender - Using open Channel [id: 0xb14ac9ad, L:/127.0.0.1:59943 - R:localhost/127.0.0.1:25007] for GET '/session/14cf205f8bdb4c2e90fc3d6aa3243ebb/element/50998fa8-2605-47b3-b790-dff75c59c546/name'
00:50:12.964 [AsyncHttpClient-1-4] DEBUG org.asynchttpclient.netty.handler.HttpHandler - 

Request DefaultFullHttpRequest(decodeResult: success, version: HTTP/1.1, content: EmptyByteBufBE)
GET /session/14cf205f8bdb4c2e90fc3d6aa3243ebb/element/50998fa8-2605-47b3-b790-dff75c59c546/name HTTP/1.1
User-Agent: selenium/4.7.1 (java windows)
Cache-Control: no-cache
Content-Type: application/json; charset=utf-8
host: localhost:25007
accept: */*

Response DefaultHttpResponse(decodeResult: success, version: HTTP/1.1)
HTTP/1.1 200 OK
Content-Type: application/json; charset=utf-8
cache-control: no-cache
content-length: 13

00:50:12.964 [AsyncHttpClient-1-4] DEBUG org.asynchttpclient.netty.channel.ChannelManager - Adding key: http://localhost:25007 for channel [id: 0xb14ac9ad, L:/127.0.0.1:59943 - R:localhost/127.0.0.1:25007]
00:50:12.965 [Forwarding getElementTagName on session 14cf205f8bdb4c2e90fc3d6aa3243ebb to remote] DEBUG org.asynchttpclient.netty.request.NettyRequestSender - Using pooled Channel '[id: 0xb14ac9ad, L:/127.0.0.1:59943 - R:localhost/127.0.0.1:25007]' for 'GET' to 'http://localhost:25007/session/14cf205f8bdb4c2e90fc3d6aa3243ebb/element/50998fa8-2605-47b3-b790-dff75c59c546/name'
00:50:12.966 [Forwarding getElementTagName on session 14cf205f8bdb4c2e90fc3d6aa3243ebb to remote] DEBUG org.asynchttpclient.netty.request.NettyRequestSender - Using open Channel [id: 0xb14ac9ad, L:/127.0.0.1:59943 - R:localhost/127.0.0.1:25007] for GET '/session/14cf205f8bdb4c2e90fc3d6aa3243ebb/element/50998fa8-2605-47b3-b790-dff75c59c546/name'
00:50:12.969 [AsyncHttpClient-1-4] DEBUG org.asynchttpclient.netty.handler.HttpHandler - 

Request DefaultFullHttpRequest(decodeResult: success, version: HTTP/1.1, content: EmptyByteBufBE)
GET /session/14cf205f8bdb4c2e90fc3d6aa3243ebb/element/50998fa8-2605-47b3-b790-dff75c59c546/name HTTP/1.1
User-Agent: selenium/4.7.1 (java windows)
Cache-Control: no-cache
Content-Type: application/json; charset=utf-8
host: localhost:25007
accept: */*

Response DefaultHttpResponse(decodeResult: success, version: HTTP/1.1)
HTTP/1.1 200 OK
Content-Type: application/json; charset=utf-8
cache-control: no-cache
content-length: 13

00:50:12.969 [AsyncHttpClient-1-4] DEBUG org.asynchttpclient.netty.channel.ChannelManager - Adding key: http://localhost:25007 for channel [id: 0xb14ac9ad, L:/127.0.0.1:59943 - R:localhost/127.0.0.1:25007]
00:50:12.970 [Forwarding findElement on session 14cf205f8bdb4c2e90fc3d6aa3243ebb to remote] DEBUG org.asynchttpclient.netty.request.NettyRequestSender - Using pooled Channel '[id: 0xb14ac9ad, L:/127.0.0.1:59943 - R:localhost/127.0.0.1:25007]' for 'POST' to 'http://localhost:25007/session/14cf205f8bdb4c2e90fc3d6aa3243ebb/element'
00:50:12.970 [Forwarding findElement on session 14cf205f8bdb4c2e90fc3d6aa3243ebb to remote] DEBUG org.asynchttpclient.netty.request.NettyRequestSender - Using open Channel [id: 0xb14ac9ad, L:/127.0.0.1:59943 - R:localhost/127.0.0.1:25007] for POST '/session/14cf205f8bdb4c2e90fc3d6aa3243ebb/element'
00:50:12.977 [AsyncHttpClient-1-4] DEBUG org.asynchttpclient.netty.handler.HttpHandler - 

Request DefaultHttpRequest(decodeResult: success, version: HTTP/1.1)
POST /session/14cf205f8bdb4c2e90fc3d6aa3243ebb/element HTTP/1.1
User-Agent: selenium/4.7.1 (java windows)
Content-Length: 84
Content-Type: application/json; charset=utf-8
host: localhost:25007
accept: */*

Response DefaultHttpResponse(decodeResult: success, version: HTTP/1.1)
HTTP/1.1 200 OK
Content-Type: application/json; charset=utf-8
cache-control: no-cache
content-length: 88

00:50:12.977 [AsyncHttpClient-1-4] DEBUG org.asynchttpclient.netty.channel.ChannelManager - Adding key: http://localhost:25007 for channel [id: 0xb14ac9ad, L:/127.0.0.1:59943 - R:localhost/127.0.0.1:25007]
00:50:12.978 [Forwarding clickElement on session 14cf205f8bdb4c2e90fc3d6aa3243ebb to remote] DEBUG org.asynchttpclient.netty.request.NettyRequestSender - Using pooled Channel '[id: 0xb14ac9ad, L:/127.0.0.1:59943 - R:localhost/127.0.0.1:25007]' for 'POST' to 'http://localhost:25007/session/14cf205f8bdb4c2e90fc3d6aa3243ebb/element/50998fa8-2605-47b3-b790-dff75c59c546/click'
00:50:12.978 [Forwarding clickElement on session 14cf205f8bdb4c2e90fc3d6aa3243ebb to remote] DEBUG org.asynchttpclient.netty.request.NettyRequestSender - Using open Channel [id: 0xb14ac9ad, L:/127.0.0.1:59943 - R:localhost/127.0.0.1:25007] for POST '/session/14cf205f8bdb4c2e90fc3d6aa3243ebb/element/50998fa8-2605-47b3-b790-dff75c59c546/click'
00:50:13.017 [AsyncHttpClient-1-4] DEBUG org.asynchttpclient.netty.handler.HttpHandler - 

Request DefaultHttpRequest(decodeResult: success, version: HTTP/1.1)
POST /session/14cf205f8bdb4c2e90fc3d6aa3243ebb/element/50998fa8-2605-47b3-b790-dff75c59c546/click HTTP/1.1
User-Agent: selenium/4.7.1 (java windows)
Content-Length: 50
Content-Type: application/json; charset=utf-8
host: localhost:25007
accept: */*

Response DefaultHttpResponse(decodeResult: success, version: HTTP/1.1)
HTTP/1.1 200 OK
Content-Type: application/json; charset=utf-8
cache-control: no-cache
content-length: 14

00:50:13.017 [AsyncHttpClient-1-4] DEBUG org.asynchttpclient.netty.channel.ChannelManager - Adding key: http://localhost:25007 for channel [id: 0xb14ac9ad, L:/127.0.0.1:59943 - R:localhost/127.0.0.1:25007]
00:50:13.028 [Forwarding getCurrentWindowHandle on session 14cf205f8bdb4c2e90fc3d6aa3243ebb to remote] DEBUG org.asynchttpclient.netty.request.NettyRequestSender - Using pooled Channel '[id: 0xb14ac9ad, L:/127.0.0.1:59943 - R:localhost/127.0.0.1:25007]' for 'GET' to 'http://localhost:25007/session/14cf205f8bdb4c2e90fc3d6aa3243ebb/window'
00:50:13.028 [Forwarding getCurrentWindowHandle on session 14cf205f8bdb4c2e90fc3d6aa3243ebb to remote] DEBUG org.asynchttpclient.netty.request.NettyRequestSender - Using open Channel [id: 0xb14ac9ad, L:/127.0.0.1:59943 - R:localhost/127.0.0.1:25007] for GET '/session/14cf205f8bdb4c2e90fc3d6aa3243ebb/window'
00:50:13.029 [AsyncHttpClient-1-4] DEBUG org.asynchttpclient.netty.handler.HttpHandler - 

Request DefaultFullHttpRequest(decodeResult: success, version: HTTP/1.1, content: EmptyByteBufBE)
GET /session/14cf205f8bdb4c2e90fc3d6aa3243ebb/window HTTP/1.1
User-Agent: selenium/4.7.1 (java windows)
Cache-Control: no-cache
Content-Type: application/json; charset=utf-8
host: localhost:25007
accept: */*

Response DefaultHttpResponse(decodeResult: success, version: HTTP/1.1)
HTTP/1.1 200 OK
Content-Type: application/json; charset=utf-8
cache-control: no-cache
content-length: 44

00:50:13.030 [AsyncHttpClient-1-4] DEBUG org.asynchttpclient.netty.channel.ChannelManager - Adding key: http://localhost:25007 for channel [id: 0xb14ac9ad, L:/127.0.0.1:59943 - R:localhost/127.0.0.1:25007]
00:50:13.031 [Forwarding getAlertText on session 14cf205f8bdb4c2e90fc3d6aa3243ebb to remote] DEBUG org.asynchttpclient.netty.request.NettyRequestSender - Using pooled Channel '[id: 0xb14ac9ad, L:/127.0.0.1:59943 - R:localhost/127.0.0.1:25007]' for 'GET' to 'http://localhost:25007/session/14cf205f8bdb4c2e90fc3d6aa3243ebb/alert/text'
00:50:13.031 [Forwarding getAlertText on session 14cf205f8bdb4c2e90fc3d6aa3243ebb to remote] DEBUG org.asynchttpclient.netty.request.NettyRequestSender - Using open Channel [id: 0xb14ac9ad, L:/127.0.0.1:59943 - R:localhost/127.0.0.1:25007] for GET '/session/14cf205f8bdb4c2e90fc3d6aa3243ebb/alert/text'
00:50:13.043 [AsyncHttpClient-1-4] DEBUG org.asynchttpclient.netty.handler.HttpHandler - 

Request DefaultFullHttpRequest(decodeResult: success, version: HTTP/1.1, content: EmptyByteBufBE)
GET /session/14cf205f8bdb4c2e90fc3d6aa3243ebb/alert/text HTTP/1.1
User-Agent: selenium/4.7.1 (java windows)
Cache-Control: no-cache
Content-Type: application/json; charset=utf-8
host: localhost:25007
accept: */*

Response DefaultHttpResponse(decodeResult: success, version: HTTP/1.1)
HTTP/1.1 404 Not Found
Content-Type: application/json; charset=utf-8
cache-control: no-cache
content-length: 849

00:50:13.043 [AsyncHttpClient-1-4] DEBUG org.asynchttpclient.netty.channel.ChannelManager - Adding key: http://localhost:25007 for channel [id: 0xb14ac9ad, L:/127.0.0.1:59943 - R:localhost/127.0.0.1:25007]
00:50:13.046 [Forwarding switchToWindow on session 14cf205f8bdb4c2e90fc3d6aa3243ebb to remote] DEBUG org.asynchttpclient.netty.request.NettyRequestSender - Using pooled Channel '[id: 0xb14ac9ad, L:/127.0.0.1:59943 - R:localhost/127.0.0.1:25007]' for 'POST' to 'http://localhost:25007/session/14cf205f8bdb4c2e90fc3d6aa3243ebb/window'
00:50:13.046 [Forwarding switchToWindow on session 14cf205f8bdb4c2e90fc3d6aa3243ebb to remote] DEBUG org.asynchttpclient.netty.request.NettyRequestSender - Using open Channel [id: 0xb14ac9ad, L:/127.0.0.1:59943 - R:localhost/127.0.0.1:25007] for POST '/session/14cf205f8bdb4c2e90fc3d6aa3243ebb/window'
00:50:13.049 [AsyncHttpClient-1-4] DEBUG org.asynchttpclient.netty.handler.HttpHandler - 

Request DefaultHttpRequest(decodeResult: success, version: HTTP/1.1)
POST /session/14cf205f8bdb4c2e90fc3d6aa3243ebb/window HTTP/1.1
User-Agent: selenium/4.7.1 (java windows)
Content-Length: 50
Content-Type: application/json; charset=utf-8
host: localhost:25007
accept: */*

Response DefaultHttpResponse(decodeResult: success, version: HTTP/1.1)
HTTP/1.1 200 OK
Content-Type: application/json; charset=utf-8
cache-control: no-cache
content-length: 14

00:50:13.049 [AsyncHttpClient-1-4] DEBUG org.asynchttpclient.netty.channel.ChannelManager - Adding key: http://localhost:25007 for channel [id: 0xb14ac9ad, L:/127.0.0.1:59943 - R:localhost/127.0.0.1:25007]
00:50:13.049 [Forwarding getCurrentUrl on session 14cf205f8bdb4c2e90fc3d6aa3243ebb to remote] DEBUG org.asynchttpclient.netty.request.NettyRequestSender - Using pooled Channel '[id: 0xb14ac9ad, L:/127.0.0.1:59943 - R:localhost/127.0.0.1:25007]' for 'GET' to 'http://localhost:25007/session/14cf205f8bdb4c2e90fc3d6aa3243ebb/url'
00:50:13.049 [Forwarding getCurrentUrl on session 14cf205f8bdb4c2e90fc3d6aa3243ebb to remote] DEBUG org.asynchttpclient.netty.request.NettyRequestSender - Using open Channel [id: 0xb14ac9ad, L:/127.0.0.1:59943 - R:localhost/127.0.0.1:25007] for GET '/session/14cf205f8bdb4c2e90fc3d6aa3243ebb/url'
00:50:13.052 [AsyncHttpClient-1-4] DEBUG org.asynchttpclient.netty.handler.HttpHandler - 

Request DefaultFullHttpRequest(decodeResult: success, version: HTTP/1.1, content: EmptyByteBufBE)
GET /session/14cf205f8bdb4c2e90fc3d6aa3243ebb/url HTTP/1.1
User-Agent: selenium/4.7.1 (java windows)
Cache-Control: no-cache
Content-Type: application/json; charset=utf-8
host: localhost:25007
accept: */*

Response DefaultHttpResponse(decodeResult: success, version: HTTP/1.1)
HTTP/1.1 200 OK
Content-Type: application/json; charset=utf-8
cache-control: no-cache
content-length: 54

00:50:13.053 [AsyncHttpClient-1-4] DEBUG org.asynchttpclient.netty.channel.ChannelManager - Adding key: http://localhost:25007 for channel [id: 0xb14ac9ad, L:/127.0.0.1:59943 - R:localhost/127.0.0.1:25007]
00:50:13.054 [Forwarding screenshot on session 14cf205f8bdb4c2e90fc3d6aa3243ebb to remote] DEBUG org.asynchttpclient.netty.request.NettyRequestSender - Using pooled Channel '[id: 0xb14ac9ad, L:/127.0.0.1:59943 - R:localhost/127.0.0.1:25007]' for 'GET' to 'http://localhost:25007/session/14cf205f8bdb4c2e90fc3d6aa3243ebb/screenshot'
00:50:13.055 [Forwarding screenshot on session 14cf205f8bdb4c2e90fc3d6aa3243ebb to remote] DEBUG org.asynchttpclient.netty.request.NettyRequestSender - Using open Channel [id: 0xb14ac9ad, L:/127.0.0.1:59943 - R:localhost/127.0.0.1:25007] for GET '/session/14cf205f8bdb4c2e90fc3d6aa3243ebb/screenshot'
00:50:13.192 [AsyncHttpClient-1-4] DEBUG org.asynchttpclient.netty.handler.HttpHandler - 

Request DefaultFullHttpRequest(decodeResult: success, version: HTTP/1.1, content: EmptyByteBufBE)
GET /session/14cf205f8bdb4c2e90fc3d6aa3243ebb/screenshot HTTP/1.1
User-Agent: selenium/4.7.1 (java windows)
Cache-Control: no-cache
Content-Type: application/json; charset=utf-8
host: localhost:25007
accept: */*

Response DefaultHttpResponse(decodeResult: success, version: HTTP/1.1)
HTTP/1.1 200 OK
Content-Type: application/json; charset=utf-8
cache-control: no-cache
content-length: 30620

00:50:13.192 [AsyncHttpClient-1-4] DEBUG org.asynchttpclient.netty.channel.ChannelManager - Adding key: http://localhost:25007 for channel [id: 0xb14ac9ad, L:/127.0.0.1:59943 - R:localhost/127.0.0.1:25007]
00:50:13.193 [main] DEBUG net.serenitybdd.core.photography.Darkroom - Send negative for processing for target\site\serenity\62558e9b8a2065e6f98754b998c86f58362df773f47d0822800f34643bbac779.png
00:50:13.193 [main] DEBUG net.thucydides.core.steps.StepInterceptor - STEP DONE: klikLinkRegister
00:50:13.193 [Darkroom Processing Line] DEBUG net.serenitybdd.core.photography.DarkroomProcessingLine - Processing screenshot image in /var/screenshots/screenshot-1804176375359949209
00:50:13.193 [Darkroom Processing Line] DEBUG net.serenitybdd.core.photography.DarkroomProcessingLine - Saving screenshot to target\site\serenity\62558e9b8a2065e6f98754b998c86f58362df773f47d0822800f34643bbac779.png
  &amp#27;[32mThen &amp#27;[0m&amp#27;[32muser klik register&amp#27;[0m                                            &amp#27;[90m# starter.stepdefinitions.RegisterSteps.userKlikRegister()&amp#27;[0m
00:50:13.204 [main] DEBUG net.thucydides.core.steps.StepInterceptor - STARTING STEP: RegisterSteps.userInputNamaLengkap - inputNamaLengkap
00:50:13.206 [Forwarding findElement on session 14cf205f8bdb4c2e90fc3d6aa3243ebb to remote] DEBUG org.asynchttpclient.netty.request.NettyRequestSender - Using pooled Channel '[id: 0xb14ac9ad, L:/127.0.0.1:59943 - R:localhost/127.0.0.1:25007]' for 'POST' to 'http://localhost:25007/session/14cf205f8bdb4c2e90fc3d6aa3243ebb/element'
00:50:13.207 [Forwarding findElement on session 14cf205f8bdb4c2e90fc3d6aa3243ebb to remote] DEBUG org.asynchttpclient.netty.request.NettyRequestSender - Using open Channel [id: 0xb14ac9ad, L:/127.0.0.1:59943 - R:localhost/127.0.0.1:25007] for POST '/session/14cf205f8bdb4c2e90fc3d6aa3243ebb/element'
00:50:13.218 [AsyncHttpClient-1-4] DEBUG org.asynchttpclient.netty.handler.HttpHandler - 

Request DefaultHttpRequest(decodeResult: success, version: HTTP/1.1)
POST /session/14cf205f8bdb4c2e90fc3d6aa3243ebb/element HTTP/1.1
User-Agent: selenium/4.7.1 (java windows)
Content-Length: 187
Content-Type: application/json; charset=utf-8
host: localhost:25007
accept: */*

Response DefaultHttpResponse(decodeResult: success, version: HTTP/1.1)
HTTP/1.1 200 OK
Content-Type: application/json; charset=utf-8
cache-control: no-cache
content-length: 88

00:50:13.218 [AsyncHttpClient-1-4] DEBUG org.asynchttpclient.netty.channel.ChannelManager - Adding key: http://localhost:25007 for channel [id: 0xb14ac9ad, L:/127.0.0.1:59943 - R:localhost/127.0.0.1:25007]
00:50:13.219 [Forwarding clearElement on session 14cf205f8bdb4c2e90fc3d6aa3243ebb to remote] DEBUG org.asynchttpclient.netty.request.NettyRequestSender - Using pooled Channel '[id: 0xb14ac9ad, L:/127.0.0.1:59943 - R:localhost/127.0.0.1:25007]' for 'POST' to 'http://localhost:25007/session/14cf205f8bdb4c2e90fc3d6aa3243ebb/element/37cb5102-69dd-4853-8c9c-28ece45688d1/clear'
00:50:13.219 [Forwarding clearElement on session 14cf205f8bdb4c2e90fc3d6aa3243ebb to remote] DEBUG org.asynchttpclient.netty.request.NettyRequestSender - Using open Channel [id: 0xb14ac9ad, L:/127.0.0.1:59943 - R:localhost/127.0.0.1:25007] for POST '/session/14cf205f8bdb4c2e90fc3d6aa3243ebb/element/37cb5102-69dd-4853-8c9c-28ece45688d1/clear'
00:50:13.229 [AsyncHttpClient-1-1] DEBUG org.asynchttpclient.netty.channel.DefaultChannelPool - Entry count for : http://localhost:59944 : 1
00:50:13.253 [AsyncHttpClient-1-4] DEBUG org.asynchttpclient.netty.handler.HttpHandler - 

Request DefaultHttpRequest(decodeResult: success, version: HTTP/1.1)
POST /session/14cf205f8bdb4c2e90fc3d6aa3243ebb/element/37cb5102-69dd-4853-8c9c-28ece45688d1/clear HTTP/1.1
User-Agent: selenium/4.7.1 (java windows)
Content-Length: 50
Content-Type: application/json; charset=utf-8
host: localhost:25007
accept: */*

Response DefaultHttpResponse(decodeResult: success, version: HTTP/1.1)
HTTP/1.1 200 OK
Content-Type: application/json; charset=utf-8
cache-control: no-cache
content-length: 14

00:50:13.254 [AsyncHttpClient-1-4] DEBUG org.asynchttpclient.netty.channel.ChannelManager - Adding key: http://localhost:25007 for channel [id: 0xb14ac9ad, L:/127.0.0.1:59943 - R:localhost/127.0.0.1:25007]
00:50:13.256 [Forwarding sendKeysToElement on session 14cf205f8bdb4c2e90fc3d6aa3243ebb to remote] DEBUG org.asynchttpclient.netty.request.NettyRequestSender - Using pooled Channel '[id: 0xb14ac9ad, L:/127.0.0.1:59943 - R:localhost/127.0.0.1:25007]' for 'POST' to 'http://localhost:25007/session/14cf205f8bdb4c2e90fc3d6aa3243ebb/element/37cb5102-69dd-4853-8c9c-28ece45688d1/value'
00:50:13.256 [Forwarding sendKeysToElement on session 14cf205f8bdb4c2e90fc3d6aa3243ebb to remote] DEBUG org.asynchttpclient.netty.request.NettyRequestSender - Using open Channel [id: 0xb14ac9ad, L:/127.0.0.1:59943 - R:localhost/127.0.0.1:25007] for POST '/session/14cf205f8bdb4c2e90fc3d6aa3243ebb/element/37cb5102-69dd-4853-8c9c-28ece45688d1/value'
00:50:13.350 [AsyncHttpClient-1-4] DEBUG org.asynchttpclient.netty.handler.HttpHandler - 

Request DefaultHttpRequest(decodeResult: success, version: HTTP/1.1)
POST /session/14cf205f8bdb4c2e90fc3d6aa3243ebb/element/37cb5102-69dd-4853-8c9c-28ece45688d1/value HTTP/1.1
User-Agent: selenium/4.7.1 (java windows)
Content-Length: 201
Content-Type: application/json; charset=utf-8
host: localhost:25007
accept: */*

Response DefaultHttpResponse(decodeResult: success, version: HTTP/1.1)
HTTP/1.1 200 OK
Content-Type: application/json; charset=utf-8
cache-control: no-cache
content-length: 14

00:50:13.350 [AsyncHttpClient-1-4] DEBUG org.asynchttpclient.netty.channel.ChannelManager - Adding key: http://localhost:25007 for channel [id: 0xb14ac9ad, L:/127.0.0.1:59943 - R:localhost/127.0.0.1:25007]
00:50:13.356 [Forwarding getCurrentWindowHandle on session 14cf205f8bdb4c2e90fc3d6aa3243ebb to remote] DEBUG org.asynchttpclient.netty.request.NettyRequestSender - Using pooled Channel '[id: 0xb14ac9ad, L:/127.0.0.1:59943 - R:localhost/127.0.0.1:25007]' for 'GET' to 'http://localhost:25007/session/14cf205f8bdb4c2e90fc3d6aa3243ebb/window'
00:50:13.356 [Forwarding getCurrentWindowHandle on session 14cf205f8bdb4c2e90fc3d6aa3243ebb to remote] DEBUG org.asynchttpclient.netty.request.NettyRequestSender - Using open Channel [id: 0xb14ac9ad, L:/127.0.0.1:59943 - R:localhost/127.0.0.1:25007] for GET '/session/14cf205f8bdb4c2e90fc3d6aa3243ebb/window'
00:50:13.357 [AsyncHttpClient-1-4] DEBUG org.asynchttpclient.netty.handler.HttpHandler - 

Request DefaultFullHttpRequest(decodeResult: success, version: HTTP/1.1, content: EmptyByteBufBE)
GET /session/14cf205f8bdb4c2e90fc3d6aa3243ebb/window HTTP/1.1
User-Agent: selenium/4.7.1 (java windows)
Cache-Control: no-cache
Content-Type: application/json; charset=utf-8
host: localhost:25007
accept: */*

Response DefaultHttpResponse(decodeResult: success, version: HTTP/1.1)
HTTP/1.1 200 OK
Content-Type: application/json; charset=utf-8
cache-control: no-cache
content-length: 44

00:50:13.357 [AsyncHttpClient-1-4] DEBUG org.asynchttpclient.netty.channel.ChannelManager - Adding key: http://localhost:25007 for channel [id: 0xb14ac9ad, L:/127.0.0.1:59943 - R:localhost/127.0.0.1:25007]
00:50:13.359 [Forwarding getAlertText on session 14cf205f8bdb4c2e90fc3d6aa3243ebb to remote] DEBUG org.asynchttpclient.netty.request.NettyRequestSender - Using pooled Channel '[id: 0xb14ac9ad, L:/127.0.0.1:59943 - R:localhost/127.0.0.1:25007]' for 'GET' to 'http://localhost:25007/session/14cf205f8bdb4c2e90fc3d6aa3243ebb/alert/text'
00:50:13.359 [Forwarding getAlertText on session 14cf205f8bdb4c2e90fc3d6aa3243ebb to remote] DEBUG org.asynchttpclient.netty.request.NettyRequestSender - Using open Channel [id: 0xb14ac9ad, L:/127.0.0.1:59943 - R:localhost/127.0.0.1:25007] for GET '/session/14cf205f8bdb4c2e90fc3d6aa3243ebb/alert/text'
00:50:13.360 [AsyncHttpClient-1-4] DEBUG org.asynchttpclient.netty.handler.HttpHandler - 

Request DefaultFullHttpRequest(decodeResult: success, version: HTTP/1.1, content: EmptyByteBufBE)
GET /session/14cf205f8bdb4c2e90fc3d6aa3243ebb/alert/text HTTP/1.1
User-Agent: selenium/4.7.1 (java windows)
Cache-Control: no-cache
Content-Type: application/json; charset=utf-8
host: localhost:25007
accept: */*

Response DefaultHttpResponse(decodeResult: success, version: HTTP/1.1)
HTTP/1.1 404 Not Found
Content-Type: application/json; charset=utf-8
cache-control: no-cache
content-length: 849

00:50:13.361 [AsyncHttpClient-1-4] DEBUG org.asynchttpclient.netty.channel.ChannelManager - Adding key: http://localhost:25007 for channel [id: 0xb14ac9ad, L:/127.0.0.1:59943 - R:localhost/127.0.0.1:25007]
00:50:13.362 [Forwarding switchToWindow on session 14cf205f8bdb4c2e90fc3d6aa3243ebb to remote] DEBUG org.asynchttpclient.netty.request.NettyRequestSender - Using pooled Channel '[id: 0xb14ac9ad, L:/127.0.0.1:59943 - R:localhost/127.0.0.1:25007]' for 'POST' to 'http://localhost:25007/session/14cf205f8bdb4c2e90fc3d6aa3243ebb/window'
00:50:13.362 [Forwarding switchToWindow on session 14cf205f8bdb4c2e90fc3d6aa3243ebb to remote] DEBUG org.asynchttpclient.netty.request.NettyRequestSender - Using open Channel [id: 0xb14ac9ad, L:/127.0.0.1:59943 - R:localhost/127.0.0.1:25007] for POST '/session/14cf205f8bdb4c2e90fc3d6aa3243ebb/window'
00:50:13.363 [AsyncHttpClient-1-4] DEBUG org.asynchttpclient.netty.handler.HttpHandler - 

Request DefaultHttpRequest(decodeResult: success, version: HTTP/1.1)
POST /session/14cf205f8bdb4c2e90fc3d6aa3243ebb/window HTTP/1.1
User-Agent: selenium/4.7.1 (java windows)
Content-Length: 50
Content-Type: application/json; charset=utf-8
host: localhost:25007
accept: */*

Response DefaultHttpResponse(decodeResult: success, version: HTTP/1.1)
HTTP/1.1 200 OK
Content-Type: application/json; charset=utf-8
cache-control: no-cache
content-length: 14

00:50:13.364 [AsyncHttpClient-1-4] DEBUG org.asynchttpclient.netty.channel.ChannelManager - Adding key: http://localhost:25007 for channel [id: 0xb14ac9ad, L:/127.0.0.1:59943 - R:localhost/127.0.0.1:25007]
00:50:13.364 [Forwarding getCurrentUrl on session 14cf205f8bdb4c2e90fc3d6aa3243ebb to remote] DEBUG org.asynchttpclient.netty.request.NettyRequestSender - Using pooled Channel '[id: 0xb14ac9ad, L:/127.0.0.1:59943 - R:localhost/127.0.0.1:25007]' for 'GET' to 'http://localhost:25007/session/14cf205f8bdb4c2e90fc3d6aa3243ebb/url'
00:50:13.364 [Forwarding getCurrentUrl on session 14cf205f8bdb4c2e90fc3d6aa3243ebb to remote] DEBUG org.asynchttpclient.netty.request.NettyRequestSender - Using open Channel [id: 0xb14ac9ad, L:/127.0.0.1:59943 - R:localhost/127.0.0.1:25007] for GET '/session/14cf205f8bdb4c2e90fc3d6aa3243ebb/url'
00:50:13.367 [AsyncHttpClient-1-4] DEBUG org.asynchttpclient.netty.handler.HttpHandler - 

Request DefaultFullHttpRequest(decodeResult: success, version: HTTP/1.1, content: EmptyByteBufBE)
GET /session/14cf205f8bdb4c2e90fc3d6aa3243ebb/url HTTP/1.1
User-Agent: selenium/4.7.1 (java windows)
Cache-Control: no-cache
Content-Type: application/json; charset=utf-8
host: localhost:25007
accept: */*

Response DefaultHttpResponse(decodeResult: success, version: HTTP/1.1)
HTTP/1.1 200 OK
Content-Type: application/json; charset=utf-8
cache-control: no-cache
content-length: 54

00:50:13.367 [AsyncHttpClient-1-4] DEBUG org.asynchttpclient.netty.channel.ChannelManager - Adding key: http://localhost:25007 for channel [id: 0xb14ac9ad, L:/127.0.0.1:59943 - R:localhost/127.0.0.1:25007]
00:50:13.368 [Forwarding screenshot on session 14cf205f8bdb4c2e90fc3d6aa3243ebb to remote] DEBUG org.asynchttpclient.netty.request.NettyRequestSender - Using pooled Channel '[id: 0xb14ac9ad, L:/127.0.0.1:59943 - R:localhost/127.0.0.1:25007]' for 'GET' to 'http://localhost:25007/session/14cf205f8bdb4c2e90fc3d6aa3243ebb/screenshot'
00:50:13.368 [Forwarding screenshot on session 14cf205f8bdb4c2e90fc3d6aa3243ebb to remote] DEBUG org.asynchttpclient.netty.request.NettyRequestSender - Using open Channel [id: 0xb14ac9ad, L:/127.0.0.1:59943 - R:localhost/127.0.0.1:25007] for GET '/session/14cf205f8bdb4c2e90fc3d6aa3243ebb/screenshot'
00:50:13.470 [AsyncHttpClient-1-4] DEBUG org.asynchttpclient.netty.handler.HttpHandler - 

Request DefaultFullHttpRequest(decodeResult: success, version: HTTP/1.1, content: EmptyByteBufBE)
GET /session/14cf205f8bdb4c2e90fc3d6aa3243ebb/screenshot HTTP/1.1
User-Agent: selenium/4.7.1 (java windows)
Cache-Control: no-cache
Content-Type: application/json; charset=utf-8
host: localhost:25007
accept: */*

Response DefaultHttpResponse(decodeResult: success, version: HTTP/1.1)
HTTP/1.1 200 OK
Content-Type: application/json; charset=utf-8
cache-control: no-cache
content-length: 31456

00:50:13.470 [AsyncHttpClient-1-4] DEBUG org.asynchttpclient.netty.channel.ChannelManager - Adding key: http://localhost:25007 for channel [id: 0xb14ac9ad, L:/127.0.0.1:59943 - R:localhost/127.0.0.1:25007]
00:50:13.472 [main] DEBUG net.serenitybdd.core.photography.Darkroom - Send negative for processing for target\site\serenity\c4653274cf05e0e87e425083907efea7b5553c0d661f917ae07066ecf5a280d4.png
00:50:13.473 [Darkroom Processing Line] DEBUG net.serenitybdd.core.photography.DarkroomProcessingLine - Processing screenshot image in /var/screenshots/screenshot-14522400559969069414
00:50:13.473 [main] DEBUG net.thucydides.core.steps.StepInterceptor - STEP DONE: inputNamaLengkap
00:50:13.473 [Darkroom Processing Line] DEBUG net.serenitybdd.core.photography.DarkroomProcessingLine - Saving screenshot to target\site\serenity\c4653274cf05e0e87e425083907efea7b5553c0d661f917ae07066ecf5a280d4.png
  &amp#27;[32mAnd &amp#27;[0m&amp#27;[32muser input nama lengkap&amp#27;[0m                                        &amp#27;[90m# starter.stepdefinitions.RegisterSteps.userInputNamaLengkap()&amp#27;[0m
00:50:13.484 [main] DEBUG net.thucydides.core.steps.StepInterceptor - STARTING STEP: RegisterSteps.userInputEmailUntukRegister - inputEmail
00:50:13.486 [Forwarding findElement on session 14cf205f8bdb4c2e90fc3d6aa3243ebb to remote] DEBUG org.asynchttpclient.netty.request.NettyRequestSender - Using pooled Channel '[id: 0xb14ac9ad, L:/127.0.0.1:59943 - R:localhost/127.0.0.1:25007]' for 'POST' to 'http://localhost:25007/session/14cf205f8bdb4c2e90fc3d6aa3243ebb/element'
00:50:13.486 [Forwarding findElement on session 14cf205f8bdb4c2e90fc3d6aa3243ebb to remote] DEBUG org.asynchttpclient.netty.request.NettyRequestSender - Using open Channel [id: 0xb14ac9ad, L:/127.0.0.1:59943 - R:localhost/127.0.0.1:25007] for POST '/session/14cf205f8bdb4c2e90fc3d6aa3243ebb/element'
00:50:13.498 [AsyncHttpClient-1-4] DEBUG org.asynchttpclient.netty.handler.HttpHandler - 

Request DefaultHttpRequest(decodeResult: success, version: HTTP/1.1)
POST /session/14cf205f8bdb4c2e90fc3d6aa3243ebb/element HTTP/1.1
User-Agent: selenium/4.7.1 (java windows)
Content-Length: 187
Content-Type: application/json; charset=utf-8
host: localhost:25007
accept: */*

Response DefaultHttpResponse(decodeResult: success, version: HTTP/1.1)
HTTP/1.1 200 OK
Content-Type: application/json; charset=utf-8
cache-control: no-cache
content-length: 88

00:50:13.498 [AsyncHttpClient-1-4] DEBUG org.asynchttpclient.netty.channel.ChannelManager - Adding key: http://localhost:25007 for channel [id: 0xb14ac9ad, L:/127.0.0.1:59943 - R:localhost/127.0.0.1:25007]
00:50:13.499 [Forwarding clearElement on session 14cf205f8bdb4c2e90fc3d6aa3243ebb to remote] DEBUG org.asynchttpclient.netty.request.NettyRequestSender - Using pooled Channel '[id: 0xb14ac9ad, L:/127.0.0.1:59943 - R:localhost/127.0.0.1:25007]' for 'POST' to 'http://localhost:25007/session/14cf205f8bdb4c2e90fc3d6aa3243ebb/element/6dfa6db0-e3c0-4aa9-b7f4-b9a595193090/clear'
00:50:13.499 [Forwarding clearElement on session 14cf205f8bdb4c2e90fc3d6aa3243ebb to remote] DEBUG org.asynchttpclient.netty.request.NettyRequestSender - Using open Channel [id: 0xb14ac9ad, L:/127.0.0.1:59943 - R:localhost/127.0.0.1:25007] for POST '/session/14cf205f8bdb4c2e90fc3d6aa3243ebb/element/6dfa6db0-e3c0-4aa9-b7f4-b9a595193090/clear'
00:50:13.532 [AsyncHttpClient-1-4] DEBUG org.asynchttpclient.netty.handler.HttpHandler - 

Request DefaultHttpRequest(decodeResult: success, version: HTTP/1.1)
POST /session/14cf205f8bdb4c2e90fc3d6aa3243ebb/element/6dfa6db0-e3c0-4aa9-b7f4-b9a595193090/clear HTTP/1.1
User-Agent: selenium/4.7.1 (java windows)
Content-Length: 50
Content-Type: application/json; charset=utf-8
host: localhost:25007
accept: */*

Response DefaultHttpResponse(decodeResult: success, version: HTTP/1.1)
HTTP/1.1 200 OK
Content-Type: application/json; charset=utf-8
cache-control: no-cache
content-length: 14

00:50:13.533 [AsyncHttpClient-1-4] DEBUG org.asynchttpclient.netty.channel.ChannelManager - Adding key: http://localhost:25007 for channel [id: 0xb14ac9ad, L:/127.0.0.1:59943 - R:localhost/127.0.0.1:25007]
00:50:13.535 [Forwarding sendKeysToElement on session 14cf205f8bdb4c2e90fc3d6aa3243ebb to remote] DEBUG org.asynchttpclient.netty.request.NettyRequestSender - Using pooled Channel '[id: 0xb14ac9ad, L:/127.0.0.1:59943 - R:localhost/127.0.0.1:25007]' for 'POST' to 'http://localhost:25007/session/14cf205f8bdb4c2e90fc3d6aa3243ebb/element/6dfa6db0-e3c0-4aa9-b7f4-b9a595193090/value'
00:50:13.535 [Forwarding sendKeysToElement on session 14cf205f8bdb4c2e90fc3d6aa3243ebb to remote] DEBUG org.asynchttpclient.netty.request.NettyRequestSender - Using open Channel [id: 0xb14ac9ad, L:/127.0.0.1:59943 - R:localhost/127.0.0.1:25007] for POST '/session/14cf205f8bdb4c2e90fc3d6aa3243ebb/element/6dfa6db0-e3c0-4aa9-b7f4-b9a595193090/value'
00:50:13.661 [AsyncHttpClient-1-4] DEBUG org.asynchttpclient.netty.handler.HttpHandler - 

Request DefaultHttpRequest(decodeResult: success, version: HTTP/1.1)
POST /session/14cf205f8bdb4c2e90fc3d6aa3243ebb/element/6dfa6db0-e3c0-4aa9-b7f4-b9a595193090/value HTTP/1.1
User-Agent: selenium/4.7.1 (java windows)
Content-Length: 211
Content-Type: application/json; charset=utf-8
host: localhost:25007
accept: */*

Response DefaultHttpResponse(decodeResult: success, version: HTTP/1.1)
HTTP/1.1 200 OK
Content-Type: application/json; charset=utf-8
cache-control: no-cache
content-length: 14

00:50:13.662 [AsyncHttpClient-1-4] DEBUG org.asynchttpclient.netty.channel.ChannelManager - Adding key: http://localhost:25007 for channel [id: 0xb14ac9ad, L:/127.0.0.1:59943 - R:localhost/127.0.0.1:25007]
00:50:13.669 [Forwarding getCurrentWindowHandle on session 14cf205f8bdb4c2e90fc3d6aa3243ebb to remote] DEBUG org.asynchttpclient.netty.request.NettyRequestSender - Using pooled Channel '[id: 0xb14ac9ad, L:/127.0.0.1:59943 - R:localhost/127.0.0.1:25007]' for 'GET' to 'http://localhost:25007/session/14cf205f8bdb4c2e90fc3d6aa3243ebb/window'
00:50:13.669 [Forwarding getCurrentWindowHandle on session 14cf205f8bdb4c2e90fc3d6aa3243ebb to remote] DEBUG org.asynchttpclient.netty.request.NettyRequestSender - Using open Channel [id: 0xb14ac9ad, L:/127.0.0.1:59943 - R:localhost/127.0.0.1:25007] for GET '/session/14cf205f8bdb4c2e90fc3d6aa3243ebb/window'
00:50:13.670 [AsyncHttpClient-1-4] DEBUG org.asynchttpclient.netty.handler.HttpHandler - 

Request DefaultFullHttpRequest(decodeResult: success, version: HTTP/1.1, content: EmptyByteBufBE)
GET /session/14cf205f8bdb4c2e90fc3d6aa3243ebb/window HTTP/1.1
User-Agent: selenium/4.7.1 (java windows)
Cache-Control: no-cache
Content-Type: application/json; charset=utf-8
host: localhost:25007
accept: */*

Response DefaultHttpResponse(decodeResult: success, version: HTTP/1.1)
HTTP/1.1 200 OK
Content-Type: application/json; charset=utf-8
cache-control: no-cache
content-length: 44

00:50:13.670 [AsyncHttpClient-1-4] DEBUG org.asynchttpclient.netty.channel.ChannelManager - Adding key: http://localhost:25007 for channel [id: 0xb14ac9ad, L:/127.0.0.1:59943 - R:localhost/127.0.0.1:25007]
00:50:13.672 [Forwarding getAlertText on session 14cf205f8bdb4c2e90fc3d6aa3243ebb to remote] DEBUG org.asynchttpclient.netty.request.NettyRequestSender - Using pooled Channel '[id: 0xb14ac9ad, L:/127.0.0.1:59943 - R:localhost/127.0.0.1:25007]' for 'GET' to 'http://localhost:25007/session/14cf205f8bdb4c2e90fc3d6aa3243ebb/alert/text'
00:50:13.672 [Forwarding getAlertText on session 14cf205f8bdb4c2e90fc3d6aa3243ebb to remote] DEBUG org.asynchttpclient.netty.request.NettyRequestSender - Using open Channel [id: 0xb14ac9ad, L:/127.0.0.1:59943 - R:localhost/127.0.0.1:25007] for GET '/session/14cf205f8bdb4c2e90fc3d6aa3243ebb/alert/text'
00:50:13.674 [AsyncHttpClient-1-4] DEBUG org.asynchttpclient.netty.handler.HttpHandler - 

Request DefaultFullHttpRequest(decodeResult: success, version: HTTP/1.1, content: EmptyByteBufBE)
GET /session/14cf205f8bdb4c2e90fc3d6aa3243ebb/alert/text HTTP/1.1
User-Agent: selenium/4.7.1 (java windows)
Cache-Control: no-cache
Content-Type: application/json; charset=utf-8
host: localhost:25007
accept: */*

Response DefaultHttpResponse(decodeResult: success, version: HTTP/1.1)
HTTP/1.1 404 Not Found
Content-Type: application/json; charset=utf-8
cache-control: no-cache
content-length: 849

00:50:13.674 [AsyncHttpClient-1-4] DEBUG org.asynchttpclient.netty.channel.ChannelManager - Adding key: http://localhost:25007 for channel [id: 0xb14ac9ad, L:/127.0.0.1:59943 - R:localhost/127.0.0.1:25007]
00:50:13.676 [Forwarding switchToWindow on session 14cf205f8bdb4c2e90fc3d6aa3243ebb to remote] DEBUG org.asynchttpclient.netty.request.NettyRequestSender - Using pooled Channel '[id: 0xb14ac9ad, L:/127.0.0.1:59943 - R:localhost/127.0.0.1:25007]' for 'POST' to 'http://localhost:25007/session/14cf205f8bdb4c2e90fc3d6aa3243ebb/window'
00:50:13.676 [Forwarding switchToWindow on session 14cf205f8bdb4c2e90fc3d6aa3243ebb to remote] DEBUG org.asynchttpclient.netty.request.NettyRequestSender - Using open Channel [id: 0xb14ac9ad, L:/127.0.0.1:59943 - R:localhost/127.0.0.1:25007] for POST '/session/14cf205f8bdb4c2e90fc3d6aa3243ebb/window'
00:50:13.677 [AsyncHttpClient-1-4] DEBUG org.asynchttpclient.netty.handler.HttpHandler - 

Request DefaultHttpRequest(decodeResult: success, version: HTTP/1.1)
POST /session/14cf205f8bdb4c2e90fc3d6aa3243ebb/window HTTP/1.1
User-Agent: selenium/4.7.1 (java windows)
Content-Length: 50
Content-Type: application/json; charset=utf-8
host: localhost:25007
accept: */*

Response DefaultHttpResponse(decodeResult: success, version: HTTP/1.1)
HTTP/1.1 200 OK
Content-Type: application/json; charset=utf-8
cache-control: no-cache
content-length: 14

00:50:13.677 [AsyncHttpClient-1-4] DEBUG org.asynchttpclient.netty.channel.ChannelManager - Adding key: http://localhost:25007 for channel [id: 0xb14ac9ad, L:/127.0.0.1:59943 - R:localhost/127.0.0.1:25007]
00:50:13.678 [Forwarding getCurrentUrl on session 14cf205f8bdb4c2e90fc3d6aa3243ebb to remote] DEBUG org.asynchttpclient.netty.request.NettyRequestSender - Using pooled Channel '[id: 0xb14ac9ad, L:/127.0.0.1:59943 - R:localhost/127.0.0.1:25007]' for 'GET' to 'http://localhost:25007/session/14cf205f8bdb4c2e90fc3d6aa3243ebb/url'
00:50:13.678 [Forwarding getCurrentUrl on session 14cf205f8bdb4c2e90fc3d6aa3243ebb to remote] DEBUG org.asynchttpclient.netty.request.NettyRequestSender - Using open Channel [id: 0xb14ac9ad, L:/127.0.0.1:59943 - R:localhost/127.0.0.1:25007] for GET '/session/14cf205f8bdb4c2e90fc3d6aa3243ebb/url'
00:50:13.681 [AsyncHttpClient-1-4] DEBUG org.asynchttpclient.netty.handler.HttpHandler - 

Request DefaultFullHttpRequest(decodeResult: success, version: HTTP/1.1, content: EmptyByteBufBE)
GET /session/14cf205f8bdb4c2e90fc3d6aa3243ebb/url HTTP/1.1
User-Agent: selenium/4.7.1 (java windows)
Cache-Control: no-cache
Content-Type: application/json; charset=utf-8
host: localhost:25007
accept: */*

Response DefaultHttpResponse(decodeResult: success, version: HTTP/1.1)
HTTP/1.1 200 OK
Content-Type: application/json; charset=utf-8
cache-control: no-cache
content-length: 54

00:50:13.681 [AsyncHttpClient-1-4] DEBUG org.asynchttpclient.netty.channel.ChannelManager - Adding key: http://localhost:25007 for channel [id: 0xb14ac9ad, L:/127.0.0.1:59943 - R:localhost/127.0.0.1:25007]
00:50:13.682 [Forwarding screenshot on session 14cf205f8bdb4c2e90fc3d6aa3243ebb to remote] DEBUG org.asynchttpclient.netty.request.NettyRequestSender - Using pooled Channel '[id: 0xb14ac9ad, L:/127.0.0.1:59943 - R:localhost/127.0.0.1:25007]' for 'GET' to 'http://localhost:25007/session/14cf205f8bdb4c2e90fc3d6aa3243ebb/screenshot'
00:50:13.682 [Forwarding screenshot on session 14cf205f8bdb4c2e90fc3d6aa3243ebb to remote] DEBUG org.asynchttpclient.netty.request.NettyRequestSender - Using open Channel [id: 0xb14ac9ad, L:/127.0.0.1:59943 - R:localhost/127.0.0.1:25007] for GET '/session/14cf205f8bdb4c2e90fc3d6aa3243ebb/screenshot'
00:50:13.781 [AsyncHttpClient-1-4] DEBUG org.asynchttpclient.netty.handler.HttpHandler - 

Request DefaultFullHttpRequest(decodeResult: success, version: HTTP/1.1, content: EmptyByteBufBE)
GET /session/14cf205f8bdb4c2e90fc3d6aa3243ebb/screenshot HTTP/1.1
User-Agent: selenium/4.7.1 (java windows)
Cache-Control: no-cache
Content-Type: application/json; charset=utf-8
host: localhost:25007
accept: */*

Response DefaultHttpResponse(decodeResult: success, version: HTTP/1.1)
HTTP/1.1 200 OK
Content-Type: application/json; charset=utf-8
cache-control: no-cache
content-length: 34136

00:50:13.781 [AsyncHttpClient-1-4] DEBUG org.asynchttpclient.netty.channel.ChannelManager - Adding key: http://localhost:25007 for channel [id: 0xb14ac9ad, L:/127.0.0.1:59943 - R:localhost/127.0.0.1:25007]
00:50:13.782 [main] DEBUG net.serenitybdd.core.photography.Darkroom - Send negative for processing for target\site\serenity\d05748925b2290d861034f45a540ec0e20482b7788e046f1b0f8f9822476952a.png
00:50:13.783 [main] DEBUG net.thucydides.core.steps.StepInterceptor - STEP DONE: inputEmail
00:50:13.783 [Darkroom Processing Line] DEBUG net.serenitybdd.core.photography.DarkroomProcessingLine - Processing screenshot image in /var/screenshots/screenshot-1682447895273804893
00:50:13.783 [Darkroom Processing Line] DEBUG net.serenitybdd.core.photography.DarkroomProcessingLine - Saving screenshot to target\site\serenity\d05748925b2290d861034f45a540ec0e20482b7788e046f1b0f8f9822476952a.png
  &amp#27;[32mAnd &amp#27;[0m&amp#27;[32muser input email untuk register&amp#27;[0m                                &amp#27;[90m# starter.stepdefinitions.RegisterSteps.userInputEmailUntukRegister()&amp#27;[0m
00:50:13.794 [main] DEBUG net.thucydides.core.steps.StepInterceptor - STARTING STEP: RegisterSteps.userInputPasswordUntukRegister - inputPassword
00:50:13.796 [Forwarding findElement on session 14cf205f8bdb4c2e90fc3d6aa3243ebb to remote] DEBUG org.asynchttpclient.netty.request.NettyRequestSender - Using pooled Channel '[id: 0xb14ac9ad, L:/127.0.0.1:59943 - R:localhost/127.0.0.1:25007]' for 'POST' to 'http://localhost:25007/session/14cf205f8bdb4c2e90fc3d6aa3243ebb/element'
00:50:13.796 [Forwarding findElement on session 14cf205f8bdb4c2e90fc3d6aa3243ebb to remote] DEBUG org.asynchttpclient.netty.request.NettyRequestSender - Using open Channel [id: 0xb14ac9ad, L:/127.0.0.1:59943 - R:localhost/127.0.0.1:25007] for POST '/session/14cf205f8bdb4c2e90fc3d6aa3243ebb/element'
00:50:13.810 [AsyncHttpClient-1-4] DEBUG org.asynchttpclient.netty.handler.HttpHandler - 

Request DefaultHttpRequest(decodeResult: success, version: HTTP/1.1)
POST /session/14cf205f8bdb4c2e90fc3d6aa3243ebb/element HTTP/1.1
User-Agent: selenium/4.7.1 (java windows)
Content-Length: 187
Content-Type: application/json; charset=utf-8
host: localhost:25007
accept: */*

Response DefaultHttpResponse(decodeResult: success, version: HTTP/1.1)
HTTP/1.1 200 OK
Content-Type: application/json; charset=utf-8
cache-control: no-cache
content-length: 88

00:50:13.810 [AsyncHttpClient-1-4] DEBUG org.asynchttpclient.netty.channel.ChannelManager - Adding key: http://localhost:25007 for channel [id: 0xb14ac9ad, L:/127.0.0.1:59943 - R:localhost/127.0.0.1:25007]
00:50:13.811 [Forwarding clearElement on session 14cf205f8bdb4c2e90fc3d6aa3243ebb to remote] DEBUG org.asynchttpclient.netty.request.NettyRequestSender - Using pooled Channel '[id: 0xb14ac9ad, L:/127.0.0.1:59943 - R:localhost/127.0.0.1:25007]' for 'POST' to 'http://localhost:25007/session/14cf205f8bdb4c2e90fc3d6aa3243ebb/element/83e9a06a-f41a-4bdb-b3ea-96739c3810d6/clear'
00:50:13.811 [Forwarding clearElement on session 14cf205f8bdb4c2e90fc3d6aa3243ebb to remote] DEBUG org.asynchttpclient.netty.request.NettyRequestSender - Using open Channel [id: 0xb14ac9ad, L:/127.0.0.1:59943 - R:localhost/127.0.0.1:25007] for POST '/session/14cf205f8bdb4c2e90fc3d6aa3243ebb/element/83e9a06a-f41a-4bdb-b3ea-96739c3810d6/clear'
00:50:13.843 [AsyncHttpClient-1-4] DEBUG org.asynchttpclient.netty.handler.HttpHandler - 

Request DefaultHttpRequest(decodeResult: success, version: HTTP/1.1)
POST /session/14cf205f8bdb4c2e90fc3d6aa3243ebb/element/83e9a06a-f41a-4bdb-b3ea-96739c3810d6/clear HTTP/1.1
User-Agent: selenium/4.7.1 (java windows)
Content-Length: 50
Content-Type: application/json; charset=utf-8
host: localhost:25007
accept: */*

Response DefaultHttpResponse(decodeResult: success, version: HTTP/1.1)
HTTP/1.1 200 OK
Content-Type: application/json; charset=utf-8
cache-control: no-cache
content-length: 14

00:50:13.843 [AsyncHttpClient-1-4] DEBUG org.asynchttpclient.netty.channel.ChannelManager - Adding key: http://localhost:25007 for channel [id: 0xb14ac9ad, L:/127.0.0.1:59943 - R:localhost/127.0.0.1:25007]
00:50:13.845 [Forwarding sendKeysToElement on session 14cf205f8bdb4c2e90fc3d6aa3243ebb to remote] DEBUG org.asynchttpclient.netty.request.NettyRequestSender - Using pooled Channel '[id: 0xb14ac9ad, L:/127.0.0.1:59943 - R:localhost/127.0.0.1:25007]' for 'POST' to 'http://localhost:25007/session/14cf205f8bdb4c2e90fc3d6aa3243ebb/element/83e9a06a-f41a-4bdb-b3ea-96739c3810d6/value'
00:50:13.845 [Forwarding sendKeysToElement on session 14cf205f8bdb4c2e90fc3d6aa3243ebb to remote] DEBUG org.asynchttpclient.netty.request.NettyRequestSender - Using open Channel [id: 0xb14ac9ad, L:/127.0.0.1:59943 - R:localhost/127.0.0.1:25007] for POST '/session/14cf205f8bdb4c2e90fc3d6aa3243ebb/element/83e9a06a-f41a-4bdb-b3ea-96739c3810d6/value'
00:50:13.897 [AsyncHttpClient-1-4] DEBUG org.asynchttpclient.netty.handler.HttpHandler - 

Request DefaultHttpRequest(decodeResult: success, version: HTTP/1.1)
POST /session/14cf205f8bdb4c2e90fc3d6aa3243ebb/element/83e9a06a-f41a-4bdb-b3ea-96739c3810d6/value HTTP/1.1
User-Agent: selenium/4.7.1 (java windows)
Content-Length: 111
Content-Type: application/json; charset=utf-8
host: localhost:25007
accept: */*

Response DefaultHttpResponse(decodeResult: success, version: HTTP/1.1)
HTTP/1.1 200 OK
Content-Type: application/json; charset=utf-8
cache-control: no-cache
content-length: 14

00:50:13.897 [AsyncHttpClient-1-4] DEBUG org.asynchttpclient.netty.channel.ChannelManager - Adding key: http://localhost:25007 for channel [id: 0xb14ac9ad, L:/127.0.0.1:59943 - R:localhost/127.0.0.1:25007]
00:50:13.903 [Forwarding getCurrentWindowHandle on session 14cf205f8bdb4c2e90fc3d6aa3243ebb to remote] DEBUG org.asynchttpclient.netty.request.NettyRequestSender - Using pooled Channel '[id: 0xb14ac9ad, L:/127.0.0.1:59943 - R:localhost/127.0.0.1:25007]' for 'GET' to 'http://localhost:25007/session/14cf205f8bdb4c2e90fc3d6aa3243ebb/window'
00:50:13.903 [Forwarding getCurrentWindowHandle on session 14cf205f8bdb4c2e90fc3d6aa3243ebb to remote] DEBUG org.asynchttpclient.netty.request.NettyRequestSender - Using open Channel [id: 0xb14ac9ad, L:/127.0.0.1:59943 - R:localhost/127.0.0.1:25007] for GET '/session/14cf205f8bdb4c2e90fc3d6aa3243ebb/window'
00:50:13.903 [AsyncHttpClient-1-4] DEBUG org.asynchttpclient.netty.handler.HttpHandler - 

Request DefaultFullHttpRequest(decodeResult: success, version: HTTP/1.1, content: EmptyByteBufBE)
GET /session/14cf205f8bdb4c2e90fc3d6aa3243ebb/window HTTP/1.1
User-Agent: selenium/4.7.1 (java windows)
Cache-Control: no-cache
Content-Type: application/json; charset=utf-8
host: localhost:25007
accept: */*

Response DefaultHttpResponse(decodeResult: success, version: HTTP/1.1)
HTTP/1.1 200 OK
Content-Type: application/json; charset=utf-8
cache-control: no-cache
content-length: 44

00:50:13.904 [AsyncHttpClient-1-4] DEBUG org.asynchttpclient.netty.channel.ChannelManager - Adding key: http://localhost:25007 for channel [id: 0xb14ac9ad, L:/127.0.0.1:59943 - R:localhost/127.0.0.1:25007]
00:50:13.905 [Forwarding getAlertText on session 14cf205f8bdb4c2e90fc3d6aa3243ebb to remote] DEBUG org.asynchttpclient.netty.request.NettyRequestSender - Using pooled Channel '[id: 0xb14ac9ad, L:/127.0.0.1:59943 - R:localhost/127.0.0.1:25007]' for 'GET' to 'http://localhost:25007/session/14cf205f8bdb4c2e90fc3d6aa3243ebb/alert/text'
00:50:13.905 [Forwarding getAlertText on session 14cf205f8bdb4c2e90fc3d6aa3243ebb to remote] DEBUG org.asynchttpclient.netty.request.NettyRequestSender - Using open Channel [id: 0xb14ac9ad, L:/127.0.0.1:59943 - R:localhost/127.0.0.1:25007] for GET '/session/14cf205f8bdb4c2e90fc3d6aa3243ebb/alert/text'
00:50:13.908 [AsyncHttpClient-1-4] DEBUG org.asynchttpclient.netty.handler.HttpHandler - 

Request DefaultFullHttpRequest(decodeResult: success, version: HTTP/1.1, content: EmptyByteBufBE)
GET /session/14cf205f8bdb4c2e90fc3d6aa3243ebb/alert/text HTTP/1.1
User-Agent: selenium/4.7.1 (java windows)
Cache-Control: no-cache
Content-Type: application/json; charset=utf-8
host: localhost:25007
accept: */*

Response DefaultHttpResponse(decodeResult: success, version: HTTP/1.1)
HTTP/1.1 404 Not Found
Content-Type: application/json; charset=utf-8
cache-control: no-cache
content-length: 849

00:50:13.908 [AsyncHttpClient-1-4] DEBUG org.asynchttpclient.netty.channel.ChannelManager - Adding key: http://localhost:25007 for channel [id: 0xb14ac9ad, L:/127.0.0.1:59943 - R:localhost/127.0.0.1:25007]
00:50:13.911 [Forwarding switchToWindow on session 14cf205f8bdb4c2e90fc3d6aa3243ebb to remote] DEBUG org.asynchttpclient.netty.request.NettyRequestSender - Using pooled Channel '[id: 0xb14ac9ad, L:/127.0.0.1:59943 - R:localhost/127.0.0.1:25007]' for 'POST' to 'http://localhost:25007/session/14cf205f8bdb4c2e90fc3d6aa3243ebb/window'
00:50:13.911 [Forwarding switchToWindow on session 14cf205f8bdb4c2e90fc3d6aa3243ebb to remote] DEBUG org.asynchttpclient.netty.request.NettyRequestSender - Using open Channel [id: 0xb14ac9ad, L:/127.0.0.1:59943 - R:localhost/127.0.0.1:25007] for POST '/session/14cf205f8bdb4c2e90fc3d6aa3243ebb/window'
00:50:13.912 [AsyncHttpClient-1-4] DEBUG org.asynchttpclient.netty.handler.HttpHandler - 

Request DefaultHttpRequest(decodeResult: success, version: HTTP/1.1)
POST /session/14cf205f8bdb4c2e90fc3d6aa3243ebb/window HTTP/1.1
User-Agent: selenium/4.7.1 (java windows)
Content-Length: 50
Content-Type: application/json; charset=utf-8
host: localhost:25007
accept: */*

Response DefaultHttpResponse(decodeResult: success, version: HTTP/1.1)
HTTP/1.1 200 OK
Content-Type: application/json; charset=utf-8
cache-control: no-cache
content-length: 14

00:50:13.912 [AsyncHttpClient-1-4] DEBUG org.asynchttpclient.netty.channel.ChannelManager - Adding key: http://localhost:25007 for channel [id: 0xb14ac9ad, L:/127.0.0.1:59943 - R:localhost/127.0.0.1:25007]
00:50:13.913 [Forwarding getCurrentUrl on session 14cf205f8bdb4c2e90fc3d6aa3243ebb to remote] DEBUG org.asynchttpclient.netty.request.NettyRequestSender - Using pooled Channel '[id: 0xb14ac9ad, L:/127.0.0.1:59943 - R:localhost/127.0.0.1:25007]' for 'GET' to 'http://localhost:25007/session/14cf205f8bdb4c2e90fc3d6aa3243ebb/url'
00:50:13.913 [Forwarding getCurrentUrl on session 14cf205f8bdb4c2e90fc3d6aa3243ebb to remote] DEBUG org.asynchttpclient.netty.request.NettyRequestSender - Using open Channel [id: 0xb14ac9ad, L:/127.0.0.1:59943 - R:localhost/127.0.0.1:25007] for GET '/session/14cf205f8bdb4c2e90fc3d6aa3243ebb/url'
00:50:13.915 [AsyncHttpClient-1-4] DEBUG org.asynchttpclient.netty.handler.HttpHandler - 

Request DefaultFullHttpRequest(decodeResult: success, version: HTTP/1.1, content: EmptyByteBufBE)
GET /session/14cf205f8bdb4c2e90fc3d6aa3243ebb/url HTTP/1.1
User-Agent: selenium/4.7.1 (java windows)
Cache-Control: no-cache
Content-Type: application/json; charset=utf-8
host: localhost:25007
accept: */*

Response DefaultHttpResponse(decodeResult: success, version: HTTP/1.1)
HTTP/1.1 200 OK
Content-Type: application/json; charset=utf-8
cache-control: no-cache
content-length: 54

00:50:13.916 [AsyncHttpClient-1-4] DEBUG org.asynchttpclient.netty.channel.ChannelManager - Adding key: http://localhost:25007 for channel [id: 0xb14ac9ad, L:/127.0.0.1:59943 - R:localhost/127.0.0.1:25007]
00:50:13.916 [Forwarding screenshot on session 14cf205f8bdb4c2e90fc3d6aa3243ebb to remote] DEBUG org.asynchttpclient.netty.request.NettyRequestSender - Using pooled Channel '[id: 0xb14ac9ad, L:/127.0.0.1:59943 - R:localhost/127.0.0.1:25007]' for 'GET' to 'http://localhost:25007/session/14cf205f8bdb4c2e90fc3d6aa3243ebb/screenshot'
00:50:13.916 [Forwarding screenshot on session 14cf205f8bdb4c2e90fc3d6aa3243ebb to remote] DEBUG org.asynchttpclient.netty.request.NettyRequestSender - Using open Channel [id: 0xb14ac9ad, L:/127.0.0.1:59943 - R:localhost/127.0.0.1:25007] for GET '/session/14cf205f8bdb4c2e90fc3d6aa3243ebb/screenshot'
00:50:14.012 [AsyncHttpClient-1-4] DEBUG org.asynchttpclient.netty.handler.HttpHandler - 

Request DefaultFullHttpRequest(decodeResult: success, version: HTTP/1.1, content: EmptyByteBufBE)
GET /session/14cf205f8bdb4c2e90fc3d6aa3243ebb/screenshot HTTP/1.1
User-Agent: selenium/4.7.1 (java windows)
Cache-Control: no-cache
Content-Type: application/json; charset=utf-8
host: localhost:25007
accept: */*

Response DefaultHttpResponse(decodeResult: success, version: HTTP/1.1)
HTTP/1.1 200 OK
Content-Type: application/json; charset=utf-8
cache-control: no-cache
content-length: 34620

00:50:14.012 [AsyncHttpClient-1-4] DEBUG org.asynchttpclient.netty.channel.ChannelManager - Adding key: http://localhost:25007 for channel [id: 0xb14ac9ad, L:/127.0.0.1:59943 - R:localhost/127.0.0.1:25007]
00:50:14.014 [main] DEBUG net.serenitybdd.core.photography.Darkroom - Send negative for processing for target\site\serenity\a095f5f7e3fd264febfcd40cc54562c739d5a7f23be24ef6d074a344561f7df6.png
00:50:14.014 [main] DEBUG net.thucydides.core.steps.StepInterceptor - STEP DONE: inputPassword
00:50:14.014 [Darkroom Processing Line] DEBUG net.serenitybdd.core.photography.DarkroomProcessingLine - Processing screenshot image in /var/screenshots/screenshot-14538292796524297945
00:50:14.014 [Darkroom Processing Line] DEBUG net.serenitybdd.core.photography.DarkroomProcessingLine - Saving screenshot to target\site\serenity\a095f5f7e3fd264febfcd40cc54562c739d5a7f23be24ef6d074a344561f7df6.png
  &amp#27;[32mAnd &amp#27;[0m&amp#27;[32muser input password untuk register&amp#27;[0m                             &amp#27;[90m# starter.stepdefinitions.RegisterSteps.userInputPasswordUntukRegister()&amp#27;[0m
00:50:14.029 [main] DEBUG net.thucydides.core.steps.StepInterceptor - STARTING STEP: RegisterSteps.userKlikRegisterYangKedua - klikButtonRegister
00:50:14.032 [Forwarding findElement on session 14cf205f8bdb4c2e90fc3d6aa3243ebb to remote] DEBUG org.asynchttpclient.netty.request.NettyRequestSender - Using pooled Channel '[id: 0xb14ac9ad, L:/127.0.0.1:59943 - R:localhost/127.0.0.1:25007]' for 'POST' to 'http://localhost:25007/session/14cf205f8bdb4c2e90fc3d6aa3243ebb/element'
00:50:14.032 [Forwarding findElement on session 14cf205f8bdb4c2e90fc3d6aa3243ebb to remote] DEBUG org.asynchttpclient.netty.request.NettyRequestSender - Using open Channel [id: 0xb14ac9ad, L:/127.0.0.1:59943 - R:localhost/127.0.0.1:25007] for POST '/session/14cf205f8bdb4c2e90fc3d6aa3243ebb/element'
00:50:14.045 [AsyncHttpClient-1-4] DEBUG org.asynchttpclient.netty.handler.HttpHandler - 

Request DefaultHttpRequest(decodeResult: success, version: HTTP/1.1)
POST /session/14cf205f8bdb4c2e90fc3d6aa3243ebb/element HTTP/1.1
User-Agent: selenium/4.7.1 (java windows)
Content-Length: 141
Content-Type: application/json; charset=utf-8
host: localhost:25007
accept: */*

Response DefaultHttpResponse(decodeResult: success, version: HTTP/1.1)
HTTP/1.1 200 OK
Content-Type: application/json; charset=utf-8
cache-control: no-cache
content-length: 88

00:50:14.045 [AsyncHttpClient-1-4] DEBUG org.asynchttpclient.netty.channel.ChannelManager - Adding key: http://localhost:25007 for channel [id: 0xb14ac9ad, L:/127.0.0.1:59943 - R:localhost/127.0.0.1:25007]
00:50:14.046 [Forwarding getElementTagName on session 14cf205f8bdb4c2e90fc3d6aa3243ebb to remote] DEBUG org.asynchttpclient.netty.request.NettyRequestSender - Using pooled Channel '[id: 0xb14ac9ad, L:/127.0.0.1:59943 - R:localhost/127.0.0.1:25007]' for 'GET' to 'http://localhost:25007/session/14cf205f8bdb4c2e90fc3d6aa3243ebb/element/4cbbceac-b840-4086-ad1e-80fa99436eaa/name'
00:50:14.046 [Forwarding getElementTagName on session 14cf205f8bdb4c2e90fc3d6aa3243ebb to remote] DEBUG org.asynchttpclient.netty.request.NettyRequestSender - Using open Channel [id: 0xb14ac9ad, L:/127.0.0.1:59943 - R:localhost/127.0.0.1:25007] for GET '/session/14cf205f8bdb4c2e90fc3d6aa3243ebb/element/4cbbceac-b840-4086-ad1e-80fa99436eaa/name'
00:50:14.049 [AsyncHttpClient-1-4] DEBUG org.asynchttpclient.netty.handler.HttpHandler - 

Request DefaultFullHttpRequest(decodeResult: success, version: HTTP/1.1, content: EmptyByteBufBE)
GET /session/14cf205f8bdb4c2e90fc3d6aa3243ebb/element/4cbbceac-b840-4086-ad1e-80fa99436eaa/name HTTP/1.1
User-Agent: selenium/4.7.1 (java windows)
Cache-Control: no-cache
Content-Type: application/json; charset=utf-8
host: localhost:25007
accept: */*

Response DefaultHttpResponse(decodeResult: success, version: HTTP/1.1)
HTTP/1.1 200 OK
Content-Type: application/json; charset=utf-8
cache-control: no-cache
content-length: 18

00:50:14.050 [AsyncHttpClient-1-4] DEBUG org.asynchttpclient.netty.channel.ChannelManager - Adding key: http://localhost:25007 for channel [id: 0xb14ac9ad, L:/127.0.0.1:59943 - R:localhost/127.0.0.1:25007]
00:50:14.051 [Forwarding getElementTagName on session 14cf205f8bdb4c2e90fc3d6aa3243ebb to remote] DEBUG org.asynchttpclient.netty.request.NettyRequestSender - Using pooled Channel '[id: 0xb14ac9ad, L:/127.0.0.1:59943 - R:localhost/127.0.0.1:25007]' for 'GET' to 'http://localhost:25007/session/14cf205f8bdb4c2e90fc3d6aa3243ebb/element/4cbbceac-b840-4086-ad1e-80fa99436eaa/name'
00:50:14.051 [Forwarding getElementTagName on session 14cf205f8bdb4c2e90fc3d6aa3243ebb to remote] DEBUG org.asynchttpclient.netty.request.NettyRequestSender - Using open Channel [id: 0xb14ac9ad, L:/127.0.0.1:59943 - R:localhost/127.0.0.1:25007] for GET '/session/14cf205f8bdb4c2e90fc3d6aa3243ebb/element/4cbbceac-b840-4086-ad1e-80fa99436eaa/name'
00:50:14.058 [AsyncHttpClient-1-4] DEBUG org.asynchttpclient.netty.handler.HttpHandler - 

Request DefaultFullHttpRequest(decodeResult: success, version: HTTP/1.1, content: EmptyByteBufBE)
GET /session/14cf205f8bdb4c2e90fc3d6aa3243ebb/element/4cbbceac-b840-4086-ad1e-80fa99436eaa/name HTTP/1.1
User-Agent: selenium/4.7.1 (java windows)
Cache-Control: no-cache
Content-Type: application/json; charset=utf-8
host: localhost:25007
accept: */*

Response DefaultHttpResponse(decodeResult: success, version: HTTP/1.1)
HTTP/1.1 200 OK
Content-Type: application/json; charset=utf-8
cache-control: no-cache
content-length: 18

00:50:14.058 [AsyncHttpClient-1-4] DEBUG org.asynchttpclient.netty.channel.ChannelManager - Adding key: http://localhost:25007 for channel [id: 0xb14ac9ad, L:/127.0.0.1:59943 - R:localhost/127.0.0.1:25007]
00:50:14.059 [Forwarding isElementEnabled on session 14cf205f8bdb4c2e90fc3d6aa3243ebb to remote] DEBUG org.asynchttpclient.netty.request.NettyRequestSender - Using pooled Channel '[id: 0xb14ac9ad, L:/127.0.0.1:59943 - R:localhost/127.0.0.1:25007]' for 'GET' to 'http://localhost:25007/session/14cf205f8bdb4c2e90fc3d6aa3243ebb/element/4cbbceac-b840-4086-ad1e-80fa99436eaa/enabled'
00:50:14.059 [Forwarding isElementEnabled on session 14cf205f8bdb4c2e90fc3d6aa3243ebb to remote] DEBUG org.asynchttpclient.netty.request.NettyRequestSender - Using open Channel [id: 0xb14ac9ad, L:/127.0.0.1:59943 - R:localhost/127.0.0.1:25007] for GET '/session/14cf205f8bdb4c2e90fc3d6aa3243ebb/element/4cbbceac-b840-4086-ad1e-80fa99436eaa/enabled'
00:50:14.066 [AsyncHttpClient-1-4] DEBUG org.asynchttpclient.netty.handler.HttpHandler - 

Request DefaultFullHttpRequest(decodeResult: success, version: HTTP/1.1, content: EmptyByteBufBE)
GET /session/14cf205f8bdb4c2e90fc3d6aa3243ebb/element/4cbbceac-b840-4086-ad1e-80fa99436eaa/enabled HTTP/1.1
User-Agent: selenium/4.7.1 (java windows)
Cache-Control: no-cache
Content-Type: application/json; charset=utf-8
host: localhost:25007
accept: */*

Response DefaultHttpResponse(decodeResult: success, version: HTTP/1.1)
HTTP/1.1 200 OK
Content-Type: application/json; charset=utf-8
cache-control: no-cache
content-length: 14

00:50:14.066 [AsyncHttpClient-1-4] DEBUG org.asynchttpclient.netty.channel.ChannelManager - Adding key: http://localhost:25007 for channel [id: 0xb14ac9ad, L:/127.0.0.1:59943 - R:localhost/127.0.0.1:25007]
00:50:14.068 [Forwarding isElementEnabled on session 14cf205f8bdb4c2e90fc3d6aa3243ebb to remote] DEBUG org.asynchttpclient.netty.request.NettyRequestSender - Using pooled Channel '[id: 0xb14ac9ad, L:/127.0.0.1:59943 - R:localhost/127.0.0.1:25007]' for 'GET' to 'http://localhost:25007/session/14cf205f8bdb4c2e90fc3d6aa3243ebb/element/4cbbceac-b840-4086-ad1e-80fa99436eaa/enabled'
00:50:14.068 [Forwarding isElementEnabled on session 14cf205f8bdb4c2e90fc3d6aa3243ebb to remote] DEBUG org.asynchttpclient.netty.request.NettyRequestSender - Using open Channel [id: 0xb14ac9ad, L:/127.0.0.1:59943 - R:localhost/127.0.0.1:25007] for GET '/session/14cf205f8bdb4c2e90fc3d6aa3243ebb/element/4cbbceac-b840-4086-ad1e-80fa99436eaa/enabled'
00:50:14.076 [AsyncHttpClient-1-4] DEBUG org.asynchttpclient.netty.handler.HttpHandler - 

Request DefaultFullHttpRequest(decodeResult: success, version: HTTP/1.1, content: EmptyByteBufBE)
GET /session/14cf205f8bdb4c2e90fc3d6aa3243ebb/element/4cbbceac-b840-4086-ad1e-80fa99436eaa/enabled HTTP/1.1
User-Agent: selenium/4.7.1 (java windows)
Cache-Control: no-cache
Content-Type: application/json; charset=utf-8
host: localhost:25007
accept: */*

Response DefaultHttpResponse(decodeResult: success, version: HTTP/1.1)
HTTP/1.1 200 OK
Content-Type: application/json; charset=utf-8
cache-control: no-cache
content-length: 14

00:50:14.076 [AsyncHttpClient-1-4] DEBUG org.asynchttpclient.netty.channel.ChannelManager - Adding key: http://localhost:25007 for channel [id: 0xb14ac9ad, L:/127.0.0.1:59943 - R:localhost/127.0.0.1:25007]
00:50:14.078 [Forwarding findElement on session 14cf205f8bdb4c2e90fc3d6aa3243ebb to remote] DEBUG org.asynchttpclient.netty.request.NettyRequestSender - Using pooled Channel '[id: 0xb14ac9ad, L:/127.0.0.1:59943 - R:localhost/127.0.0.1:25007]' for 'POST' to 'http://localhost:25007/session/14cf205f8bdb4c2e90fc3d6aa3243ebb/element'
00:50:14.078 [Forwarding findElement on session 14cf205f8bdb4c2e90fc3d6aa3243ebb to remote] DEBUG org.asynchttpclient.netty.request.NettyRequestSender - Using open Channel [id: 0xb14ac9ad, L:/127.0.0.1:59943 - R:localhost/127.0.0.1:25007] for POST '/session/14cf205f8bdb4c2e90fc3d6aa3243ebb/element'
00:50:14.085 [AsyncHttpClient-1-4] DEBUG org.asynchttpclient.netty.handler.HttpHandler - 

Request DefaultHttpRequest(decodeResult: success, version: HTTP/1.1)
POST /session/14cf205f8bdb4c2e90fc3d6aa3243ebb/element HTTP/1.1
User-Agent: selenium/4.7.1 (java windows)
Content-Length: 141
Content-Type: application/json; charset=utf-8
host: localhost:25007
accept: */*

Response DefaultHttpResponse(decodeResult: success, version: HTTP/1.1)
HTTP/1.1 200 OK
Content-Type: application/json; charset=utf-8
cache-control: no-cache
content-length: 88

00:50:14.085 [AsyncHttpClient-1-4] DEBUG org.asynchttpclient.netty.channel.ChannelManager - Adding key: http://localhost:25007 for channel [id: 0xb14ac9ad, L:/127.0.0.1:59943 - R:localhost/127.0.0.1:25007]
00:50:14.086 [Forwarding clickElement on session 14cf205f8bdb4c2e90fc3d6aa3243ebb to remote] DEBUG org.asynchttpclient.netty.request.NettyRequestSender - Using pooled Channel '[id: 0xb14ac9ad, L:/127.0.0.1:59943 - R:localhost/127.0.0.1:25007]' for 'POST' to 'http://localhost:25007/session/14cf205f8bdb4c2e90fc3d6aa3243ebb/element/4cbbceac-b840-4086-ad1e-80fa99436eaa/click'
00:50:14.086 [Forwarding clickElement on session 14cf205f8bdb4c2e90fc3d6aa3243ebb to remote] DEBUG org.asynchttpclient.netty.request.NettyRequestSender - Using open Channel [id: 0xb14ac9ad, L:/127.0.0.1:59943 - R:localhost/127.0.0.1:25007] for POST '/session/14cf205f8bdb4c2e90fc3d6aa3243ebb/element/4cbbceac-b840-4086-ad1e-80fa99436eaa/click'
00:50:14.129 [AsyncHttpClient-1-4] DEBUG org.asynchttpclient.netty.handler.HttpHandler - 

Request DefaultHttpRequest(decodeResult: success, version: HTTP/1.1)
POST /session/14cf205f8bdb4c2e90fc3d6aa3243ebb/element/4cbbceac-b840-4086-ad1e-80fa99436eaa/click HTTP/1.1
User-Agent: selenium/4.7.1 (java windows)
Content-Length: 50
Content-Type: application/json; charset=utf-8
host: localhost:25007
accept: */*

Response DefaultHttpResponse(decodeResult: success, version: HTTP/1.1)
HTTP/1.1 200 OK
Content-Type: application/json; charset=utf-8
cache-control: no-cache
content-length: 14

00:50:14.129 [AsyncHttpClient-1-4] DEBUG org.asynchttpclient.netty.channel.ChannelManager - Adding key: http://localhost:25007 for channel [id: 0xb14ac9ad, L:/127.0.0.1:59943 - R:localhost/127.0.0.1:25007]
00:50:14.135 [Forwarding getCurrentWindowHandle on session 14cf205f8bdb4c2e90fc3d6aa3243ebb to remote] DEBUG org.asynchttpclient.netty.request.NettyRequestSender - Using pooled Channel '[id: 0xb14ac9ad, L:/127.0.0.1:59943 - R:localhost/127.0.0.1:25007]' for 'GET' to 'http://localhost:25007/session/14cf205f8bdb4c2e90fc3d6aa3243ebb/window'
00:50:14.135 [Forwarding getCurrentWindowHandle on session 14cf205f8bdb4c2e90fc3d6aa3243ebb to remote] DEBUG org.asynchttpclient.netty.request.NettyRequestSender - Using open Channel [id: 0xb14ac9ad, L:/127.0.0.1:59943 - R:localhost/127.0.0.1:25007] for GET '/session/14cf205f8bdb4c2e90fc3d6aa3243ebb/window'
00:50:14.136 [AsyncHttpClient-1-4] DEBUG org.asynchttpclient.netty.handler.HttpHandler - 

Request DefaultFullHttpRequest(decodeResult: success, version: HTTP/1.1, content: EmptyByteBufBE)
GET /session/14cf205f8bdb4c2e90fc3d6aa3243ebb/window HTTP/1.1
User-Agent: selenium/4.7.1 (java windows)
Cache-Control: no-cache
Content-Type: application/json; charset=utf-8
host: localhost:25007
accept: */*

Response DefaultHttpResponse(decodeResult: success, version: HTTP/1.1)
HTTP/1.1 200 OK
Content-Type: application/json; charset=utf-8
cache-control: no-cache
content-length: 44

00:50:14.136 [AsyncHttpClient-1-4] DEBUG org.asynchttpclient.netty.channel.ChannelManager - Adding key: http://localhost:25007 for channel [id: 0xb14ac9ad, L:/127.0.0.1:59943 - R:localhost/127.0.0.1:25007]
00:50:14.137 [Forwarding getAlertText on session 14cf205f8bdb4c2e90fc3d6aa3243ebb to remote] DEBUG org.asynchttpclient.netty.request.NettyRequestSender - Using pooled Channel '[id: 0xb14ac9ad, L:/127.0.0.1:59943 - R:localhost/127.0.0.1:25007]' for 'GET' to 'http://localhost:25007/session/14cf205f8bdb4c2e90fc3d6aa3243ebb/alert/text'
00:50:14.137 [Forwarding getAlertText on session 14cf205f8bdb4c2e90fc3d6aa3243ebb to remote] DEBUG org.asynchttpclient.netty.request.NettyRequestSender - Using open Channel [id: 0xb14ac9ad, L:/127.0.0.1:59943 - R:localhost/127.0.0.1:25007] for GET '/session/14cf205f8bdb4c2e90fc3d6aa3243ebb/alert/text'
00:50:14.141 [AsyncHttpClient-1-4] DEBUG org.asynchttpclient.netty.handler.HttpHandler - 

Request DefaultFullHttpRequest(decodeResult: success, version: HTTP/1.1, content: EmptyByteBufBE)
GET /session/14cf205f8bdb4c2e90fc3d6aa3243ebb/alert/text HTTP/1.1
User-Agent: selenium/4.7.1 (java windows)
Cache-Control: no-cache
Content-Type: application/json; charset=utf-8
host: localhost:25007
accept: */*

Response DefaultHttpResponse(decodeResult: success, version: HTTP/1.1)
HTTP/1.1 404 Not Found
Content-Type: application/json; charset=utf-8
cache-control: no-cache
content-length: 849

00:50:14.141 [AsyncHttpClient-1-4] DEBUG org.asynchttpclient.netty.channel.ChannelManager - Adding key: http://localhost:25007 for channel [id: 0xb14ac9ad, L:/127.0.0.1:59943 - R:localhost/127.0.0.1:25007]
00:50:14.142 [Forwarding switchToWindow on session 14cf205f8bdb4c2e90fc3d6aa3243ebb to remote] DEBUG org.asynchttpclient.netty.request.NettyRequestSender - Using pooled Channel '[id: 0xb14ac9ad, L:/127.0.0.1:59943 - R:localhost/127.0.0.1:25007]' for 'POST' to 'http://localhost:25007/session/14cf205f8bdb4c2e90fc3d6aa3243ebb/window'
00:50:14.142 [Forwarding switchToWindow on session 14cf205f8bdb4c2e90fc3d6aa3243ebb to remote] DEBUG org.asynchttpclient.netty.request.NettyRequestSender - Using open Channel [id: 0xb14ac9ad, L:/127.0.0.1:59943 - R:localhost/127.0.0.1:25007] for POST '/session/14cf205f8bdb4c2e90fc3d6aa3243ebb/window'
00:50:14.144 [AsyncHttpClient-1-4] DEBUG org.asynchttpclient.netty.handler.HttpHandler - 

Request DefaultHttpRequest(decodeResult: success, version: HTTP/1.1)
POST /session/14cf205f8bdb4c2e90fc3d6aa3243ebb/window HTTP/1.1
User-Agent: selenium/4.7.1 (java windows)
Content-Length: 50
Content-Type: application/json; charset=utf-8
host: localhost:25007
accept: */*

Response DefaultHttpResponse(decodeResult: success, version: HTTP/1.1)
HTTP/1.1 200 OK
Content-Type: application/json; charset=utf-8
cache-control: no-cache
content-length: 14

00:50:14.144 [AsyncHttpClient-1-4] DEBUG org.asynchttpclient.netty.channel.ChannelManager - Adding key: http://localhost:25007 for channel [id: 0xb14ac9ad, L:/127.0.0.1:59943 - R:localhost/127.0.0.1:25007]
00:50:14.145 [Forwarding getCurrentUrl on session 14cf205f8bdb4c2e90fc3d6aa3243ebb to remote] DEBUG org.asynchttpclient.netty.request.NettyRequestSender - Using pooled Channel '[id: 0xb14ac9ad, L:/127.0.0.1:59943 - R:localhost/127.0.0.1:25007]' for 'GET' to 'http://localhost:25007/session/14cf205f8bdb4c2e90fc3d6aa3243ebb/url'
00:50:14.145 [Forwarding getCurrentUrl on session 14cf205f8bdb4c2e90fc3d6aa3243ebb to remote] DEBUG org.asynchttpclient.netty.request.NettyRequestSender - Using open Channel [id: 0xb14ac9ad, L:/127.0.0.1:59943 - R:localhost/127.0.0.1:25007] for GET '/session/14cf205f8bdb4c2e90fc3d6aa3243ebb/url'
00:50:14.148 [AsyncHttpClient-1-4] DEBUG org.asynchttpclient.netty.handler.HttpHandler - 

Request DefaultFullHttpRequest(decodeResult: success, version: HTTP/1.1, content: EmptyByteBufBE)
GET /session/14cf205f8bdb4c2e90fc3d6aa3243ebb/url HTTP/1.1
User-Agent: selenium/4.7.1 (java windows)
Cache-Control: no-cache
Content-Type: application/json; charset=utf-8
host: localhost:25007
accept: */*

Response DefaultHttpResponse(decodeResult: success, version: HTTP/1.1)
HTTP/1.1 200 OK
Content-Type: application/json; charset=utf-8
cache-control: no-cache
content-length: 54

00:50:14.148 [AsyncHttpClient-1-4] DEBUG org.asynchttpclient.netty.channel.ChannelManager - Adding key: http://localhost:25007 for channel [id: 0xb14ac9ad, L:/127.0.0.1:59943 - R:localhost/127.0.0.1:25007]
00:50:14.149 [Forwarding screenshot on session 14cf205f8bdb4c2e90fc3d6aa3243ebb to remote] DEBUG org.asynchttpclient.netty.request.NettyRequestSender - Using pooled Channel '[id: 0xb14ac9ad, L:/127.0.0.1:59943 - R:localhost/127.0.0.1:25007]' for 'GET' to 'http://localhost:25007/session/14cf205f8bdb4c2e90fc3d6aa3243ebb/screenshot'
00:50:14.149 [Forwarding screenshot on session 14cf205f8bdb4c2e90fc3d6aa3243ebb to remote] DEBUG org.asynchttpclient.netty.request.NettyRequestSender - Using open Channel [id: 0xb14ac9ad, L:/127.0.0.1:59943 - R:localhost/127.0.0.1:25007] for GET '/session/14cf205f8bdb4c2e90fc3d6aa3243ebb/screenshot'
00:50:14.242 [AsyncHttpClient-1-4] DEBUG org.asynchttpclient.netty.handler.HttpHandler - 

Request DefaultFullHttpRequest(decodeResult: success, version: HTTP/1.1, content: EmptyByteBufBE)
GET /session/14cf205f8bdb4c2e90fc3d6aa3243ebb/screenshot HTTP/1.1
User-Agent: selenium/4.7.1 (java windows)
Cache-Control: no-cache
Content-Type: application/json; charset=utf-8
host: localhost:25007
accept: */*

Response DefaultHttpResponse(decodeResult: success, version: HTTP/1.1)
HTTP/1.1 200 OK
Content-Type: application/json; charset=utf-8
cache-control: no-cache
content-length: 33804

00:50:14.243 [AsyncHttpClient-1-4] DEBUG org.asynchttpclient.netty.channel.ChannelManager - Adding key: http://localhost:25007 for channel [id: 0xb14ac9ad, L:/127.0.0.1:59943 - R:localhost/127.0.0.1:25007]
00:50:14.244 [main] DEBUG net.serenitybdd.core.photography.Darkroom - Send negative for processing for target\site\serenity\e7c18a1721eec49399a1384ab86435d3c968e02dedffbb6d59656fa6eeb8ddd0.png
00:50:14.244 [main] DEBUG net.thucydides.core.steps.StepInterceptor - STEP DONE: klikButtonRegister
  &amp#27;[32mThen &amp#27;[0m&amp#27;[32muser klik register yang kedua&amp#27;[0m                                 &amp#27;[90m# starter.stepdefinitions.RegisterSteps.userKlikRegisterYangKedua()&amp#27;[0m
00:50:14.244 [Darkroom Processing Line] DEBUG net.serenitybdd.core.photography.DarkroomProcessingLine - Processing screenshot image in /var/screenshots/screenshot-6831571990573979268
00:50:14.245 [Darkroom Processing Line] DEBUG net.serenitybdd.core.photography.DarkroomProcessingLine - Saving screenshot to target\site\serenity\e7c18a1721eec49399a1384ab86435d3c968e02dedffbb6d59656fa6eeb8ddd0.png
00:50:14.254 [main] DEBUG net.thucydides.core.steps.StepInterceptor - STARTING STEP: RegisterSteps.userMenerimaERRORMessage - munculErrorMessage
00:50:14.257 [Forwarding findElement on session 14cf205f8bdb4c2e90fc3d6aa3243ebb to remote] DEBUG org.asynchttpclient.netty.request.NettyRequestSender - Using pooled Channel '[id: 0xb14ac9ad, L:/127.0.0.1:59943 - R:localhost/127.0.0.1:25007]' for 'POST' to 'http://localhost:25007/session/14cf205f8bdb4c2e90fc3d6aa3243ebb/element'
00:50:14.257 [Forwarding findElement on session 14cf205f8bdb4c2e90fc3d6aa3243ebb to remote] DEBUG org.asynchttpclient.netty.request.NettyRequestSender - Using open Channel [id: 0xb14ac9ad, L:/127.0.0.1:59943 - R:localhost/127.0.0.1:25007] for POST '/session/14cf205f8bdb4c2e90fc3d6aa3243ebb/element'
00:50:14.331 [AsyncHttpClient-1-1] DEBUG org.asynchttpclient.netty.channel.DefaultChannelPool - Entry count for : http://localhost:59944 : 1
00:50:15.074 [AsyncHttpClient-1-4] DEBUG org.asynchttpclient.netty.handler.HttpHandler - 

Request DefaultHttpRequest(decodeResult: success, version: HTTP/1.1)
POST /session/14cf205f8bdb4c2e90fc3d6aa3243ebb/element HTTP/1.1
User-Agent: selenium/4.7.1 (java windows)
Content-Length: 79
Content-Type: application/json; charset=utf-8
host: localhost:25007
accept: */*

Response DefaultHttpResponse(decodeResult: success, version: HTTP/1.1)
HTTP/1.1 200 OK
Content-Type: application/json; charset=utf-8
cache-control: no-cache
content-length: 88

00:50:15.074 [AsyncHttpClient-1-4] DEBUG org.asynchttpclient.netty.channel.ChannelManager - Adding key: http://localhost:25007 for channel [id: 0xb14ac9ad, L:/127.0.0.1:59943 - R:localhost/127.0.0.1:25007]
00:50:15.077 [Forwarding isElementDisplayed on session 14cf205f8bdb4c2e90fc3d6aa3243ebb to remote] DEBUG org.asynchttpclient.netty.request.NettyRequestSender - Using pooled Channel '[id: 0xb14ac9ad, L:/127.0.0.1:59943 - R:localhost/127.0.0.1:25007]' for 'POST' to 'http://localhost:25007/session/14cf205f8bdb4c2e90fc3d6aa3243ebb/execute/sync'
00:50:15.077 [Forwarding isElementDisplayed on session 14cf205f8bdb4c2e90fc3d6aa3243ebb to remote] DEBUG org.asynchttpclient.netty.request.NettyRequestSender - Using open Channel [id: 0xb14ac9ad, L:/127.0.0.1:59943 - R:localhost/127.0.0.1:25007] for POST '/session/14cf205f8bdb4c2e90fc3d6aa3243ebb/execute/sync'
00:50:15.090 [AsyncHttpClient-1-4] DEBUG org.asynchttpclient.netty.handler.HttpHandler - 

Request DefaultHttpRequest(decodeResult: success, version: HTTP/1.1)
POST /session/14cf205f8bdb4c2e90fc3d6aa3243ebb/execute/sync HTTP/1.1
User-Agent: selenium/4.7.1 (java windows)
Content-Length: 48780
Content-Type: application/json; charset=utf-8
host: localhost:25007
accept: */*

Response DefaultHttpResponse(decodeResult: success, version: HTTP/1.1)
HTTP/1.1 200 OK
Content-Type: application/json; charset=utf-8
cache-control: no-cache
content-length: 14

00:50:15.090 [AsyncHttpClient-1-4] DEBUG org.asynchttpclient.netty.channel.ChannelManager - Adding key: http://localhost:25007 for channel [id: 0xb14ac9ad, L:/127.0.0.1:59943 - R:localhost/127.0.0.1:25007]
00:50:15.095 [Forwarding getCurrentWindowHandle on session 14cf205f8bdb4c2e90fc3d6aa3243ebb to remote] DEBUG org.asynchttpclient.netty.request.NettyRequestSender - Using pooled Channel '[id: 0xb14ac9ad, L:/127.0.0.1:59943 - R:localhost/127.0.0.1:25007]' for 'GET' to 'http://localhost:25007/session/14cf205f8bdb4c2e90fc3d6aa3243ebb/window'
00:50:15.095 [Forwarding getCurrentWindowHandle on session 14cf205f8bdb4c2e90fc3d6aa3243ebb to remote] DEBUG org.asynchttpclient.netty.request.NettyRequestSender - Using open Channel [id: 0xb14ac9ad, L:/127.0.0.1:59943 - R:localhost/127.0.0.1:25007] for GET '/session/14cf205f8bdb4c2e90fc3d6aa3243ebb/window'
00:50:15.096 [AsyncHttpClient-1-4] DEBUG org.asynchttpclient.netty.handler.HttpHandler - 

Request DefaultFullHttpRequest(decodeResult: success, version: HTTP/1.1, content: EmptyByteBufBE)
GET /session/14cf205f8bdb4c2e90fc3d6aa3243ebb/window HTTP/1.1
User-Agent: selenium/4.7.1 (java windows)
Cache-Control: no-cache
Content-Type: application/json; charset=utf-8
host: localhost:25007
accept: */*

Response DefaultHttpResponse(decodeResult: success, version: HTTP/1.1)
HTTP/1.1 200 OK
Content-Type: application/json; charset=utf-8
cache-control: no-cache
content-length: 44

00:50:15.096 [AsyncHttpClient-1-4] DEBUG org.asynchttpclient.netty.channel.ChannelManager - Adding key: http://localhost:25007 for channel [id: 0xb14ac9ad, L:/127.0.0.1:59943 - R:localhost/127.0.0.1:25007]
00:50:15.097 [Forwarding getAlertText on session 14cf205f8bdb4c2e90fc3d6aa3243ebb to remote] DEBUG org.asynchttpclient.netty.request.NettyRequestSender - Using pooled Channel '[id: 0xb14ac9ad, L:/127.0.0.1:59943 - R:localhost/127.0.0.1:25007]' for 'GET' to 'http://localhost:25007/session/14cf205f8bdb4c2e90fc3d6aa3243ebb/alert/text'
00:50:15.097 [Forwarding getAlertText on session 14cf205f8bdb4c2e90fc3d6aa3243ebb to remote] DEBUG org.asynchttpclient.netty.request.NettyRequestSender - Using open Channel [id: 0xb14ac9ad, L:/127.0.0.1:59943 - R:localhost/127.0.0.1:25007] for GET '/session/14cf205f8bdb4c2e90fc3d6aa3243ebb/alert/text'
00:50:15.098 [AsyncHttpClient-1-4] DEBUG org.asynchttpclient.netty.handler.HttpHandler - 

Request DefaultFullHttpRequest(decodeResult: success, version: HTTP/1.1, content: EmptyByteBufBE)
GET /session/14cf205f8bdb4c2e90fc3d6aa3243ebb/alert/text HTTP/1.1
User-Agent: selenium/4.7.1 (java windows)
Cache-Control: no-cache
Content-Type: application/json; charset=utf-8
host: localhost:25007
accept: */*

Response DefaultHttpResponse(decodeResult: success, version: HTTP/1.1)
HTTP/1.1 404 Not Found
Content-Type: application/json; charset=utf-8
cache-control: no-cache
content-length: 849

00:50:15.098 [AsyncHttpClient-1-4] DEBUG org.asynchttpclient.netty.channel.ChannelManager - Adding key: http://localhost:25007 for channel [id: 0xb14ac9ad, L:/127.0.0.1:59943 - R:localhost/127.0.0.1:25007]
00:50:15.100 [Forwarding switchToWindow on session 14cf205f8bdb4c2e90fc3d6aa3243ebb to remote] DEBUG org.asynchttpclient.netty.request.NettyRequestSender - Using pooled Channel '[id: 0xb14ac9ad, L:/127.0.0.1:59943 - R:localhost/127.0.0.1:25007]' for 'POST' to 'http://localhost:25007/session/14cf205f8bdb4c2e90fc3d6aa3243ebb/window'
00:50:15.100 [Forwarding switchToWindow on session 14cf205f8bdb4c2e90fc3d6aa3243ebb to remote] DEBUG org.asynchttpclient.netty.request.NettyRequestSender - Using open Channel [id: 0xb14ac9ad, L:/127.0.0.1:59943 - R:localhost/127.0.0.1:25007] for POST '/session/14cf205f8bdb4c2e90fc3d6aa3243ebb/window'
00:50:15.102 [AsyncHttpClient-1-4] DEBUG org.asynchttpclient.netty.handler.HttpHandler - 

Request DefaultHttpRequest(decodeResult: success, version: HTTP/1.1)
POST /session/14cf205f8bdb4c2e90fc3d6aa3243ebb/window HTTP/1.1
User-Agent: selenium/4.7.1 (java windows)
Content-Length: 50
Content-Type: application/json; charset=utf-8
host: localhost:25007
accept: */*

Response DefaultHttpResponse(decodeResult: success, version: HTTP/1.1)
HTTP/1.1 200 OK
Content-Type: application/json; charset=utf-8
cache-control: no-cache
content-length: 14

00:50:15.102 [AsyncHttpClient-1-4] DEBUG org.asynchttpclient.netty.channel.ChannelManager - Adding key: http://localhost:25007 for channel [id: 0xb14ac9ad, L:/127.0.0.1:59943 - R:localhost/127.0.0.1:25007]
00:50:15.103 [Forwarding getCurrentUrl on session 14cf205f8bdb4c2e90fc3d6aa3243ebb to remote] DEBUG org.asynchttpclient.netty.request.NettyRequestSender - Using pooled Channel '[id: 0xb14ac9ad, L:/127.0.0.1:59943 - R:localhost/127.0.0.1:25007]' for 'GET' to 'http://localhost:25007/session/14cf205f8bdb4c2e90fc3d6aa3243ebb/url'
00:50:15.103 [Forwarding getCurrentUrl on session 14cf205f8bdb4c2e90fc3d6aa3243ebb to remote] DEBUG org.asynchttpclient.netty.request.NettyRequestSender - Using open Channel [id: 0xb14ac9ad, L:/127.0.0.1:59943 - R:localhost/127.0.0.1:25007] for GET '/session/14cf205f8bdb4c2e90fc3d6aa3243ebb/url'
00:50:15.107 [AsyncHttpClient-1-4] DEBUG org.asynchttpclient.netty.handler.HttpHandler - 

Request DefaultFullHttpRequest(decodeResult: success, version: HTTP/1.1, content: EmptyByteBufBE)
GET /session/14cf205f8bdb4c2e90fc3d6aa3243ebb/url HTTP/1.1
User-Agent: selenium/4.7.1 (java windows)
Cache-Control: no-cache
Content-Type: application/json; charset=utf-8
host: localhost:25007
accept: */*

Response DefaultHttpResponse(decodeResult: success, version: HTTP/1.1)
HTTP/1.1 200 OK
Content-Type: application/json; charset=utf-8
cache-control: no-cache
content-length: 54

00:50:15.107 [AsyncHttpClient-1-4] DEBUG org.asynchttpclient.netty.channel.ChannelManager - Adding key: http://localhost:25007 for channel [id: 0xb14ac9ad, L:/127.0.0.1:59943 - R:localhost/127.0.0.1:25007]
00:50:15.108 [Forwarding screenshot on session 14cf205f8bdb4c2e90fc3d6aa3243ebb to remote] DEBUG org.asynchttpclient.netty.request.NettyRequestSender - Using pooled Channel '[id: 0xb14ac9ad, L:/127.0.0.1:59943 - R:localhost/127.0.0.1:25007]' for 'GET' to 'http://localhost:25007/session/14cf205f8bdb4c2e90fc3d6aa3243ebb/screenshot'
00:50:15.108 [Forwarding screenshot on session 14cf205f8bdb4c2e90fc3d6aa3243ebb to remote] DEBUG org.asynchttpclient.netty.request.NettyRequestSender - Using open Channel [id: 0xb14ac9ad, L:/127.0.0.1:59943 - R:localhost/127.0.0.1:25007] for GET '/session/14cf205f8bdb4c2e90fc3d6aa3243ebb/screenshot'
00:50:15.218 [AsyncHttpClient-1-4] DEBUG org.asynchttpclient.netty.handler.HttpHandler - 

Request DefaultFullHttpRequest(decodeResult: success, version: HTTP/1.1, content: EmptyByteBufBE)
GET /session/14cf205f8bdb4c2e90fc3d6aa3243ebb/screenshot HTTP/1.1
User-Agent: selenium/4.7.1 (java windows)
Cache-Control: no-cache
Content-Type: application/json; charset=utf-8
host: localhost:25007
accept: */*

Response DefaultHttpResponse(decodeResult: success, version: HTTP/1.1)
HTTP/1.1 200 OK
Content-Type: application/json; charset=utf-8
cache-control: no-cache
content-length: 34988

00:50:15.218 [AsyncHttpClient-1-4] DEBUG org.asynchttpclient.netty.channel.ChannelManager - Adding key: http://localhost:25007 for channel [id: 0xb14ac9ad, L:/127.0.0.1:59943 - R:localhost/127.0.0.1:25007]
00:50:15.219 [main] DEBUG net.serenitybdd.core.photography.Darkroom - Send negative for processing for target\site\serenity\982235064dc649f81e06e43f287b3d2aff181c2635af06d6f608de4cab6737af.png
00:50:15.220 [main] DEBUG net.thucydides.core.steps.StepInterceptor - STEP DONE: munculErrorMessage
00:50:15.220 [Darkroom Processing Line] DEBUG net.serenitybdd.core.photography.DarkroomProcessingLine - Processing screenshot image in /var/screenshots/screenshot-14682786507693995693
00:50:15.220 [Darkroom Processing Line] DEBUG net.serenitybdd.core.photography.DarkroomProcessingLine - Saving screenshot to target\site\serenity\982235064dc649f81e06e43f287b3d2aff181c2635af06d6f608de4cab6737af.png
  &amp#27;[32mAnd &amp#27;[0m&amp#27;[32muser menerima ERROR message &amp#27;[0m&amp#27;[32m&amp#27;[1m"duplicate key value ..."&amp#27;[0m          &amp#27;[90m# starter.stepdefinitions.RegisterSteps.userMenerimaERRORMessage(java.lang.String)&amp#27;[0m
00:50:15.229 [main] INFO  - 
  _____   ___   ___   _____     ___     _     ___   ___   ___   ___  
 |_   _| | __| / __| |_   _|   | _ \   /_\   / __| / __| | __| |   \ 
   | |   | _|  \__ \   | |     |  _/  / _ \  \__ \ \__ \ | _|  | |) |
   |_|   |___| |___/   |_|     |_|   /_/ \_\ |___/ |___/ |___| |___/ 

user tidak bisa register karena nama email sudah terdaftar
----------------------------------------------------------------------
00:50:15.230 [AsyncHttpClient-1-6] DEBUG org.asynchttpclient.netty.handler.WebSocketHandler - Channel Closed: [id: 0x14b25ca7, L:/127.0.0.1:59951 ! R:localhost/127.0.0.1:59944] with attribute NettyResponseFuture{currentRetry=0,
	isDone=1,
	isCancelled=0,
	asyncHandler=org.asynchttpclient.ws.WebSocketUpgradeHandler@3b41476c,
	nettyRequest=org.asynchttpclient.netty.request.NettyRequest@75ca9a96,
	future=java.util.concurrent.CompletableFuture@4325fee6[Completed normally],
	uri=ws://localhost:59944/devtools/browser/f590dbf7-e308-4dd8-b8da-7293d4a0f8af,
	keepAlive=true,
	redirectCount=0,
	timeoutsHolder=null,
	inAuth=0,
	touch=1683654605748}
00:50:15.230 [Driver Command Executor] DEBUG org.asynchttpclient.netty.request.NettyRequestSender - Using pooled Channel '[id: 0xb14ac9ad, L:/127.0.0.1:59943 - R:localhost/127.0.0.1:25007]' for 'DELETE' to 'http://localhost:25007/session/14cf205f8bdb4c2e90fc3d6aa3243ebb'
00:50:15.230 [Driver Command Executor] DEBUG org.asynchttpclient.netty.request.NettyRequestSender - Using open Channel [id: 0xb14ac9ad, L:/127.0.0.1:59943 - R:localhost/127.0.0.1:25007] for DELETE '/session/14cf205f8bdb4c2e90fc3d6aa3243ebb'
00:50:15.230 [AsyncHttpClient-1-6] DEBUG org.asynchttpclient.netty.channel.ChannelManager - Closing Channel [id: 0x14b25ca7, L:/127.0.0.1:59951 ! R:localhost/127.0.0.1:59944] 
00:50:15.289 [AsyncHttpClient-1-5] DEBUG org.asynchttpclient.netty.handler.HttpHandler - Unexpected I/O exception on channel [id: 0xce56f8ec, L:/127.0.0.1:59950 - R:localhost/127.0.0.1:59944]
java.net.SocketException: Connection reset
	at java.base/sun.nio.ch.SocketChannelImpl.throwConnectionReset(SocketChannelImpl.java:401)
	at java.base/sun.nio.ch.SocketChannelImpl.read(SocketChannelImpl.java:434)
	at io.netty.buffer.PooledByteBuf.setBytes(PooledByteBuf.java:259)
	at io.netty.buffer.AbstractByteBuf.writeBytes(AbstractByteBuf.java:1132)
	at io.netty.channel.socket.nio.NioSocketChannel.doReadBytes(NioSocketChannel.java:357)
	at io.netty.channel.nio.AbstractNioByteChannel$NioByteUnsafe.read(AbstractNioByteChannel.java:151)
	at io.netty.channel.nio.NioEventLoop.processSelectedKey(NioEventLoop.java:788)
	at io.netty.channel.nio.NioEventLoop.processSelectedKeysOptimized(NioEventLoop.java:724)
	at io.netty.channel.nio.NioEventLoop.processSelectedKeys(NioEventLoop.java:650)
	at io.netty.channel.nio.NioEventLoop.run(NioEventLoop.java:562)
	at io.netty.util.concurrent.SingleThreadEventExecutor$4.run(SingleThreadEventExecutor.java:997)
	at io.netty.util.internal.ThreadExecutorMap$2.run(ThreadExecutorMap.java:74)
	at io.netty.util.concurrent.FastThreadLocalRunnable.run(FastThreadLocalRunnable.java:30)
	at java.base/java.lang.Thread.run(Thread.java:1589)
00:50:15.290 [AsyncHttpClient-1-5] DEBUG org.asynchttpclient.netty.channel.ChannelManager - Closing Channel [id: 0xce56f8ec, L:/127.0.0.1:59950 - R:localhost/127.0.0.1:59944] 
00:50:15.290 [AsyncHttpClient-1-5] DEBUG org.asynchttpclient.netty.handler.HttpHandler - Channel Closed: [id: 0xce56f8ec, L:/127.0.0.1:59950 ! R:localhost/127.0.0.1:59944] with attribute DISCARD
00:50:15.312 [AsyncHttpClient-1-4] DEBUG org.asynchttpclient.netty.handler.HttpHandler - 

Request DefaultFullHttpRequest(decodeResult: success, version: HTTP/1.1, content: EmptyByteBufBE)
DELETE /session/14cf205f8bdb4c2e90fc3d6aa3243ebb HTTP/1.1
User-Agent: selenium/4.7.1 (java windows)
Content-Type: application/json; charset=utf-8
host: localhost:25007
accept: */*

Response DefaultHttpResponse(decodeResult: success, version: HTTP/1.1)
HTTP/1.1 200 OK
Content-Type: application/json; charset=utf-8
cache-control: no-cache
content-length: 14

00:50:15.312 [AsyncHttpClient-1-4] DEBUG org.asynchttpclient.netty.channel.ChannelManager - Adding key: http://localhost:25007 for channel [id: 0xb14ac9ad, L:/127.0.0.1:59943 - R:localhost/127.0.0.1:25007]
00:50:15.383 [AsyncHttpClient-1-4] DEBUG org.asynchttpclient.netty.handler.HttpHandler - Channel Closed: [id: 0xb14ac9ad, L:/127.0.0.1:59943 ! R:localhost/127.0.0.1:25007] with attribute DISCARD
00:50:15.431 [AsyncHttpClient-1-1] DEBUG org.asynchttpclient.netty.channel.DefaultChannelPool - Entry count for : http://localhost:59944 : 1
00:50:15.431 [AsyncHttpClient-1-1] DEBUG org.asynchttpclient.netty.channel.DefaultChannelPool - Entry count for : http://localhost:25007 : 1
00:50:15.431 [AsyncHttpClient-1-1] DEBUG org.asynchttpclient.netty.channel.DefaultChannelPool - Adding Candidate expired Channel [id: 0xce56f8ec, L:/127.0.0.1:59950 ! R:localhost/127.0.0.1:59944] isIdleTimeoutExpired=false isRemotelyClosed=true isTtlExpired=false
00:50:15.431 [AsyncHttpClient-1-1] DEBUG org.asynchttpclient.netty.channel.DefaultChannelPool - Closing Idle Channel [id: 0xce56f8ec, L:/127.0.0.1:59950 ! R:localhost/127.0.0.1:59944]
00:50:15.431 [AsyncHttpClient-1-1] DEBUG org.asynchttpclient.netty.channel.DefaultChannelPool - Adding Candidate expired Channel [id: 0xb14ac9ad, L:/127.0.0.1:59943 ! R:localhost/127.0.0.1:25007] isIdleTimeoutExpired=false isRemotelyClosed=true isTtlExpired=false
00:50:15.431 [AsyncHttpClient-1-1] DEBUG org.asynchttpclient.netty.channel.DefaultChannelPool - Closing Idle Channel [id: 0xb14ac9ad, L:/127.0.0.1:59943 ! R:localhost/127.0.0.1:25007]
00:50:15.431 [AsyncHttpClient-1-1] DEBUG org.asynchttpclient.netty.channel.DefaultChannelPool - Closed 2 connections out of 2 in 0 ms
]]></system-out>
    <system-err><![CDATA[Starting ChromeDriver 112.0.5615.49 (bd2a7bcb881c11e8cfe3078709382934e3916914-refs/branch-heads/5615@{#936}) on port 25007
Only local connections are allowed.
Please see https://chromedriver.chromium.org/security-considerations for suggestions on keeping ChromeDriver safe.
ChromeDriver was started successfully.
May 10, 2023 12:50:05 AM org.openqa.selenium.devtools.CdpVersionFinder findNearestMatch
WARNING: Unable to find an exact match for CDP version 112, so returning the closest version found: 108
]]></system-err>
  </testcase>
  <testcase name="user tidak bisa register karena tidak input nama lengkap" classname="register" time="6.76">
    <system-out><![CDATA[
@AS08-negative
Scenario: user tidak bisa register karena tidak input nama lengkap &amp#27;[90m# src/test/resources/features/2. Register.feature:15&amp#27;[0m
00:50:15.442 [main] INFO io.cucumber.core.plugin.SerenityReporter - Running feature from file:///C:/Users/HP/Downloads/Mini-Project-QA/ALTASHOP%20WEB%20AUTOMATION/src/test/resources/features/2.%20Register.feature
00:50:15.445 [main] INFO  - 
  _____   ___   ___   _____     ___   _____     _     ___   _____   ___   ___  
 |_   _| | __| / __| |_   _|   / __| |_   _|   /_\   | _ \ |_   _| | __| |   \ 
   | |   | _|  \__ \   | |     \__ \   | |    / _ \  |   /   | |   | _|  | |) |
   |_|   |___| |___/   |_|     |___/   |_|   /_/ \_\ |_|_\   |_|   |___| |___/ 

user tidak bisa register karena tidak input nama lengkap(register;user-tidak-bisa-register-karena-tidak-input-nama-lengkap)
--------------------------------------------------------------------------------
00:50:15.468 [main] DEBUG net.thucydides.core.steps.StepInterceptor - STARTING STEP: LoginRegisterSteps.userBeradaDiHomepageAlta - diHomepageAltaShop
00:50:15.533 [main] INFO net.serenitybdd.core.webdriver.driverproviders.ChromeDriverProvider - Starting Chrome driver instance with capabilities:
00:50:15.534 [main] INFO net.serenitybdd.core.webdriver.driverproviders.ChromeDriverProvider - Capabilities {acceptInsecureCerts: true, browserName: chrome, goog:chromeOptions: {args: [remote-allow-origins=*, test-type, no-sandbox, ignore-certificate-errors, start-maximized, incognito, disable-infobars, disable-gpu, disable-default-apps, disable-popup-blocking, remote-allow-origins=*, test-type, no-sandbox, ignore-certificate-errors, start-maximized, incognito, disable-infobars, disable-gpu, disable-default-apps, disable-popup-blocking], extensions: []}}
00:50:15.646 [AsyncHttpClient-1-7] DEBUG org.asynchttpclient.netty.channel.NettyConnectListener - Using new Channel '[id: 0xdb27294d, L:/127.0.0.1:59975 - R:localhost/127.0.0.1:37090]' for 'POST' to '/session'
00:50:16.365 [AsyncHttpClient-1-7] DEBUG org.asynchttpclient.netty.handler.HttpHandler - 

Request DefaultHttpRequest(decodeResult: success, version: HTTP/1.1)
POST /session HTTP/1.1
User-Agent: selenium/4.7.1 (java windows)
Content-Length: 1629
Content-Type: application/json; charset=utf-8
host: localhost:37090
accept: */*

Response DefaultHttpResponse(decodeResult: success, version: HTTP/1.1)
HTTP/1.1 200 OK
Content-Type: application/json; charset=utf-8
cache-control: no-cache
content-length: 854

00:50:16.366 [AsyncHttpClient-1-7] DEBUG org.asynchttpclient.netty.channel.ChannelManager - Adding key: http://localhost:37090 for channel [id: 0xdb27294d, L:/127.0.0.1:59975 - R:localhost/127.0.0.1:37090]
00:50:16.372 [AsyncHttpClient-1-8] DEBUG org.asynchttpclient.netty.channel.NettyConnectListener - Using new Channel '[id: 0x017b823b, L:/127.0.0.1:59982 - R:localhost/127.0.0.1:59976]' for 'GET' to '/json/version'
00:50:16.375 [AsyncHttpClient-1-8] DEBUG org.asynchttpclient.netty.handler.HttpHandler - 

Request DefaultFullHttpRequest(decodeResult: success, version: HTTP/1.1, content: EmptyByteBufBE)
GET /json/version HTTP/1.1
User-Agent: selenium/4.7.1 (java windows)
host: localhost:59976
accept: */*

Response DefaultHttpResponse(decodeResult: success, version: HTTP/1.1)
HTTP/1.1 200 OK
Content-Security-Policy: frame-ancestors 'none'
Content-Type: application/json; charset=UTF-8
content-length: 424

00:50:16.375 [AsyncHttpClient-1-8] DEBUG org.asynchttpclient.netty.channel.ChannelManager - Adding key: http://localhost:59976 for channel [id: 0x017b823b, L:/127.0.0.1:59982 - R:localhost/127.0.0.1:59976]
00:50:16.380 [AsyncHttpClient-1-9] DEBUG org.asynchttpclient.netty.channel.NettyConnectListener - Using new Channel '[id: 0xd50801a5, L:/127.0.0.1:59983 - R:localhost/127.0.0.1:59976]' for 'GET' to '/devtools/browser/d9f9d7fb-2265-48cf-a758-372007f27cca'
00:50:16.381 [AsyncHttpClient-1-9] DEBUG org.asynchttpclient.netty.handler.WebSocketHandler - 

Request DefaultFullHttpRequest(decodeResult: success, version: HTTP/1.1, content: EmptyByteBufBE)
GET /devtools/browser/d9f9d7fb-2265-48cf-a758-372007f27cca HTTP/1.1
upgrade: websocket
connection: upgrade
sec-websocket-key: DZ19kj2ZkOwmUmoEEypPiA==
sec-websocket-version: 13
origin: http://localhost:59976
host: localhost:59976
accept: */*
user-agent: AHC/2.1

Response DefaultHttpResponse(decodeResult: success, version: HTTP/1.1)
HTTP/1.1 101 WebSocket Protocol Handshake
Upgrade: WebSocket
Connection: Upgrade
Sec-WebSocket-Accept: LTeM7mASBTnzOcwccKr93fzgwF4=

00:50:16.388 [Forwarding get on session fdc1cc81b6ad6aa308a94fe3be8a4a60 to remote] DEBUG org.asynchttpclient.netty.request.NettyRequestSender - Using pooled Channel '[id: 0xdb27294d, L:/127.0.0.1:59975 - R:localhost/127.0.0.1:37090]' for 'POST' to 'http://localhost:37090/session/fdc1cc81b6ad6aa308a94fe3be8a4a60/url'
00:50:16.388 [Forwarding get on session fdc1cc81b6ad6aa308a94fe3be8a4a60 to remote] DEBUG org.asynchttpclient.netty.request.NettyRequestSender - Using open Channel [id: 0xdb27294d, L:/127.0.0.1:59975 - R:localhost/127.0.0.1:37090] for POST '/session/fdc1cc81b6ad6aa308a94fe3be8a4a60/url'
00:50:16.531 [AsyncHttpClient-1-1] DEBUG org.asynchttpclient.netty.channel.DefaultChannelPool - Entry count for : http://localhost:59976 : 1
00:50:17.629 [AsyncHttpClient-1-1] DEBUG org.asynchttpclient.netty.channel.DefaultChannelPool - Entry count for : http://localhost:59976 : 1
00:50:18.730 [AsyncHttpClient-1-1] DEBUG org.asynchttpclient.netty.channel.DefaultChannelPool - Entry count for : http://localhost:59976 : 1
00:50:19.131 [AsyncHttpClient-1-7] DEBUG org.asynchttpclient.netty.handler.HttpHandler - 

Request DefaultHttpRequest(decodeResult: success, version: HTTP/1.1)
POST /session/fdc1cc81b6ad6aa308a94fe3be8a4a60/url HTTP/1.1
User-Agent: selenium/4.7.1 (java windows)
Content-Length: 59
Content-Type: application/json; charset=utf-8
host: localhost:37090
accept: */*

Response DefaultHttpResponse(decodeResult: success, version: HTTP/1.1)
HTTP/1.1 200 OK
Content-Type: application/json; charset=utf-8
cache-control: no-cache
content-length: 14

00:50:19.131 [AsyncHttpClient-1-7] DEBUG org.asynchttpclient.netty.channel.ChannelManager - Adding key: http://localhost:37090 for channel [id: 0xdb27294d, L:/127.0.0.1:59975 - R:localhost/127.0.0.1:37090]
00:50:19.132 [Forwarding setTimeout on session fdc1cc81b6ad6aa308a94fe3be8a4a60 to remote] DEBUG org.asynchttpclient.netty.request.NettyRequestSender - Using pooled Channel '[id: 0xdb27294d, L:/127.0.0.1:59975 - R:localhost/127.0.0.1:37090]' for 'POST' to 'http://localhost:37090/session/fdc1cc81b6ad6aa308a94fe3be8a4a60/timeouts'
00:50:19.132 [Forwarding setTimeout on session fdc1cc81b6ad6aa308a94fe3be8a4a60 to remote] DEBUG org.asynchttpclient.netty.request.NettyRequestSender - Using open Channel [id: 0xdb27294d, L:/127.0.0.1:59975 - R:localhost/127.0.0.1:37090] for POST '/session/fdc1cc81b6ad6aa308a94fe3be8a4a60/timeouts'
00:50:19.133 [AsyncHttpClient-1-7] DEBUG org.asynchttpclient.netty.handler.HttpHandler - 

Request DefaultHttpRequest(decodeResult: success, version: HTTP/1.1)
POST /session/fdc1cc81b6ad6aa308a94fe3be8a4a60/timeouts HTTP/1.1
User-Agent: selenium/4.7.1 (java windows)
Content-Length: 22
Content-Type: application/json; charset=utf-8
host: localhost:37090
accept: */*

Response DefaultHttpResponse(decodeResult: success, version: HTTP/1.1)
HTTP/1.1 200 OK
Content-Type: application/json; charset=utf-8
cache-control: no-cache
content-length: 14

00:50:19.133 [AsyncHttpClient-1-7] DEBUG org.asynchttpclient.netty.channel.ChannelManager - Adding key: http://localhost:37090 for channel [id: 0xdb27294d, L:/127.0.0.1:59975 - R:localhost/127.0.0.1:37090]
00:50:19.135 [Forwarding getCurrentUrl on session fdc1cc81b6ad6aa308a94fe3be8a4a60 to remote] DEBUG org.asynchttpclient.netty.request.NettyRequestSender - Using pooled Channel '[id: 0xdb27294d, L:/127.0.0.1:59975 - R:localhost/127.0.0.1:37090]' for 'GET' to 'http://localhost:37090/session/fdc1cc81b6ad6aa308a94fe3be8a4a60/url'
00:50:19.135 [Forwarding getCurrentUrl on session fdc1cc81b6ad6aa308a94fe3be8a4a60 to remote] DEBUG org.asynchttpclient.netty.request.NettyRequestSender - Using open Channel [id: 0xdb27294d, L:/127.0.0.1:59975 - R:localhost/127.0.0.1:37090] for GET '/session/fdc1cc81b6ad6aa308a94fe3be8a4a60/url'
00:50:19.150 [AsyncHttpClient-1-7] DEBUG org.asynchttpclient.netty.handler.HttpHandler - 

Request DefaultFullHttpRequest(decodeResult: success, version: HTTP/1.1, content: EmptyByteBufBE)
GET /session/fdc1cc81b6ad6aa308a94fe3be8a4a60/url HTTP/1.1
User-Agent: selenium/4.7.1 (java windows)
Cache-Control: no-cache
Content-Type: application/json; charset=utf-8
host: localhost:37090
accept: */*

Response DefaultHttpResponse(decodeResult: success, version: HTTP/1.1)
HTTP/1.1 200 OK
Content-Type: application/json; charset=utf-8
cache-control: no-cache
content-length: 41

00:50:19.150 [AsyncHttpClient-1-7] DEBUG org.asynchttpclient.netty.channel.ChannelManager - Adding key: http://localhost:37090 for channel [id: 0xdb27294d, L:/127.0.0.1:59975 - R:localhost/127.0.0.1:37090]
00:50:19.152 [Forwarding getCurrentUrl on session fdc1cc81b6ad6aa308a94fe3be8a4a60 to remote] DEBUG org.asynchttpclient.netty.request.NettyRequestSender - Using pooled Channel '[id: 0xdb27294d, L:/127.0.0.1:59975 - R:localhost/127.0.0.1:37090]' for 'GET' to 'http://localhost:37090/session/fdc1cc81b6ad6aa308a94fe3be8a4a60/url'
00:50:19.152 [Forwarding getCurrentUrl on session fdc1cc81b6ad6aa308a94fe3be8a4a60 to remote] DEBUG org.asynchttpclient.netty.request.NettyRequestSender - Using open Channel [id: 0xdb27294d, L:/127.0.0.1:59975 - R:localhost/127.0.0.1:37090] for GET '/session/fdc1cc81b6ad6aa308a94fe3be8a4a60/url'
00:50:19.158 [AsyncHttpClient-1-7] DEBUG org.asynchttpclient.netty.handler.HttpHandler - 

Request DefaultFullHttpRequest(decodeResult: success, version: HTTP/1.1, content: EmptyByteBufBE)
GET /session/fdc1cc81b6ad6aa308a94fe3be8a4a60/url HTTP/1.1
User-Agent: selenium/4.7.1 (java windows)
Cache-Control: no-cache
Content-Type: application/json; charset=utf-8
host: localhost:37090
accept: */*

Response DefaultHttpResponse(decodeResult: success, version: HTTP/1.1)
HTTP/1.1 200 OK
Content-Type: application/json; charset=utf-8
cache-control: no-cache
content-length: 41

00:50:19.158 [AsyncHttpClient-1-7] DEBUG org.asynchttpclient.netty.channel.ChannelManager - Adding key: http://localhost:37090 for channel [id: 0xdb27294d, L:/127.0.0.1:59975 - R:localhost/127.0.0.1:37090]
00:50:19.162 [Forwarding findElement on session fdc1cc81b6ad6aa308a94fe3be8a4a60 to remote] DEBUG org.asynchttpclient.netty.request.NettyRequestSender - Using pooled Channel '[id: 0xdb27294d, L:/127.0.0.1:59975 - R:localhost/127.0.0.1:37090]' for 'POST' to 'http://localhost:37090/session/fdc1cc81b6ad6aa308a94fe3be8a4a60/element'
00:50:19.162 [Forwarding findElement on session fdc1cc81b6ad6aa308a94fe3be8a4a60 to remote] DEBUG org.asynchttpclient.netty.request.NettyRequestSender - Using open Channel [id: 0xdb27294d, L:/127.0.0.1:59975 - R:localhost/127.0.0.1:37090] for POST '/session/fdc1cc81b6ad6aa308a94fe3be8a4a60/element'
00:50:19.180 [AsyncHttpClient-1-7] DEBUG org.asynchttpclient.netty.handler.HttpHandler - 

Request DefaultHttpRequest(decodeResult: success, version: HTTP/1.1)
POST /session/fdc1cc81b6ad6aa308a94fe3be8a4a60/element HTTP/1.1
User-Agent: selenium/4.7.1 (java windows)
Content-Length: 108
Content-Type: application/json; charset=utf-8
host: localhost:37090
accept: */*

Response DefaultHttpResponse(decodeResult: success, version: HTTP/1.1)
HTTP/1.1 200 OK
Content-Type: application/json; charset=utf-8
cache-control: no-cache
content-length: 88

00:50:19.180 [AsyncHttpClient-1-7] DEBUG org.asynchttpclient.netty.channel.ChannelManager - Adding key: http://localhost:37090 for channel [id: 0xdb27294d, L:/127.0.0.1:59975 - R:localhost/127.0.0.1:37090]
00:50:19.182 [Forwarding isElementDisplayed on session fdc1cc81b6ad6aa308a94fe3be8a4a60 to remote] DEBUG org.asynchttpclient.netty.request.NettyRequestSender - Using pooled Channel '[id: 0xdb27294d, L:/127.0.0.1:59975 - R:localhost/127.0.0.1:37090]' for 'POST' to 'http://localhost:37090/session/fdc1cc81b6ad6aa308a94fe3be8a4a60/execute/sync'
00:50:19.182 [Forwarding isElementDisplayed on session fdc1cc81b6ad6aa308a94fe3be8a4a60 to remote] DEBUG org.asynchttpclient.netty.request.NettyRequestSender - Using open Channel [id: 0xdb27294d, L:/127.0.0.1:59975 - R:localhost/127.0.0.1:37090] for POST '/session/fdc1cc81b6ad6aa308a94fe3be8a4a60/execute/sync'
00:50:19.201 [AsyncHttpClient-1-7] DEBUG org.asynchttpclient.netty.handler.HttpHandler - 

Request DefaultHttpRequest(decodeResult: success, version: HTTP/1.1)
POST /session/fdc1cc81b6ad6aa308a94fe3be8a4a60/execute/sync HTTP/1.1
User-Agent: selenium/4.7.1 (java windows)
Content-Length: 48780
Content-Type: application/json; charset=utf-8
host: localhost:37090
accept: */*

Response DefaultHttpResponse(decodeResult: success, version: HTTP/1.1)
HTTP/1.1 200 OK
Content-Type: application/json; charset=utf-8
cache-control: no-cache
content-length: 14

00:50:19.201 [AsyncHttpClient-1-7] DEBUG org.asynchttpclient.netty.channel.ChannelManager - Adding key: http://localhost:37090 for channel [id: 0xdb27294d, L:/127.0.0.1:59975 - R:localhost/127.0.0.1:37090]
00:50:19.204 [Forwarding isElementDisplayed on session fdc1cc81b6ad6aa308a94fe3be8a4a60 to remote] DEBUG org.asynchttpclient.netty.request.NettyRequestSender - Using pooled Channel '[id: 0xdb27294d, L:/127.0.0.1:59975 - R:localhost/127.0.0.1:37090]' for 'POST' to 'http://localhost:37090/session/fdc1cc81b6ad6aa308a94fe3be8a4a60/execute/sync'
00:50:19.204 [Forwarding isElementDisplayed on session fdc1cc81b6ad6aa308a94fe3be8a4a60 to remote] DEBUG org.asynchttpclient.netty.request.NettyRequestSender - Using open Channel [id: 0xdb27294d, L:/127.0.0.1:59975 - R:localhost/127.0.0.1:37090] for POST '/session/fdc1cc81b6ad6aa308a94fe3be8a4a60/execute/sync'
00:50:19.249 [AsyncHttpClient-1-7] DEBUG org.asynchttpclient.netty.handler.HttpHandler - 

Request DefaultHttpRequest(decodeResult: success, version: HTTP/1.1)
POST /session/fdc1cc81b6ad6aa308a94fe3be8a4a60/execute/sync HTTP/1.1
User-Agent: selenium/4.7.1 (java windows)
Content-Length: 48780
Content-Type: application/json; charset=utf-8
host: localhost:37090
accept: */*

Response DefaultHttpResponse(decodeResult: success, version: HTTP/1.1)
HTTP/1.1 200 OK
Content-Type: application/json; charset=utf-8
cache-control: no-cache
content-length: 14

00:50:19.250 [AsyncHttpClient-1-7] DEBUG org.asynchttpclient.netty.channel.ChannelManager - Adding key: http://localhost:37090 for channel [id: 0xdb27294d, L:/127.0.0.1:59975 - R:localhost/127.0.0.1:37090]
00:50:19.259 [Forwarding getCurrentWindowHandle on session fdc1cc81b6ad6aa308a94fe3be8a4a60 to remote] DEBUG org.asynchttpclient.netty.request.NettyRequestSender - Using pooled Channel '[id: 0xdb27294d, L:/127.0.0.1:59975 - R:localhost/127.0.0.1:37090]' for 'GET' to 'http://localhost:37090/session/fdc1cc81b6ad6aa308a94fe3be8a4a60/window'
00:50:19.259 [Forwarding getCurrentWindowHandle on session fdc1cc81b6ad6aa308a94fe3be8a4a60 to remote] DEBUG org.asynchttpclient.netty.request.NettyRequestSender - Using open Channel [id: 0xdb27294d, L:/127.0.0.1:59975 - R:localhost/127.0.0.1:37090] for GET '/session/fdc1cc81b6ad6aa308a94fe3be8a4a60/window'
00:50:19.260 [AsyncHttpClient-1-7] DEBUG org.asynchttpclient.netty.handler.HttpHandler - 

Request DefaultFullHttpRequest(decodeResult: success, version: HTTP/1.1, content: EmptyByteBufBE)
GET /session/fdc1cc81b6ad6aa308a94fe3be8a4a60/window HTTP/1.1
User-Agent: selenium/4.7.1 (java windows)
Cache-Control: no-cache
Content-Type: application/json; charset=utf-8
host: localhost:37090
accept: */*

Response DefaultHttpResponse(decodeResult: success, version: HTTP/1.1)
HTTP/1.1 200 OK
Content-Type: application/json; charset=utf-8
cache-control: no-cache
content-length: 44

00:50:19.261 [AsyncHttpClient-1-7] DEBUG org.asynchttpclient.netty.channel.ChannelManager - Adding key: http://localhost:37090 for channel [id: 0xdb27294d, L:/127.0.0.1:59975 - R:localhost/127.0.0.1:37090]
00:50:19.262 [Forwarding getAlertText on session fdc1cc81b6ad6aa308a94fe3be8a4a60 to remote] DEBUG org.asynchttpclient.netty.request.NettyRequestSender - Using pooled Channel '[id: 0xdb27294d, L:/127.0.0.1:59975 - R:localhost/127.0.0.1:37090]' for 'GET' to 'http://localhost:37090/session/fdc1cc81b6ad6aa308a94fe3be8a4a60/alert/text'
00:50:19.262 [Forwarding getAlertText on session fdc1cc81b6ad6aa308a94fe3be8a4a60 to remote] DEBUG org.asynchttpclient.netty.request.NettyRequestSender - Using open Channel [id: 0xdb27294d, L:/127.0.0.1:59975 - R:localhost/127.0.0.1:37090] for GET '/session/fdc1cc81b6ad6aa308a94fe3be8a4a60/alert/text'
00:50:19.264 [AsyncHttpClient-1-7] DEBUG org.asynchttpclient.netty.handler.HttpHandler - 

Request DefaultFullHttpRequest(decodeResult: success, version: HTTP/1.1, content: EmptyByteBufBE)
GET /session/fdc1cc81b6ad6aa308a94fe3be8a4a60/alert/text HTTP/1.1
User-Agent: selenium/4.7.1 (java windows)
Cache-Control: no-cache
Content-Type: application/json; charset=utf-8
host: localhost:37090
accept: */*

Response DefaultHttpResponse(decodeResult: success, version: HTTP/1.1)
HTTP/1.1 404 Not Found
Content-Type: application/json; charset=utf-8
cache-control: no-cache
content-length: 849

00:50:19.264 [AsyncHttpClient-1-7] DEBUG org.asynchttpclient.netty.channel.ChannelManager - Adding key: http://localhost:37090 for channel [id: 0xdb27294d, L:/127.0.0.1:59975 - R:localhost/127.0.0.1:37090]
00:50:19.266 [Forwarding switchToWindow on session fdc1cc81b6ad6aa308a94fe3be8a4a60 to remote] DEBUG org.asynchttpclient.netty.request.NettyRequestSender - Using pooled Channel '[id: 0xdb27294d, L:/127.0.0.1:59975 - R:localhost/127.0.0.1:37090]' for 'POST' to 'http://localhost:37090/session/fdc1cc81b6ad6aa308a94fe3be8a4a60/window'
00:50:19.266 [Forwarding switchToWindow on session fdc1cc81b6ad6aa308a94fe3be8a4a60 to remote] DEBUG org.asynchttpclient.netty.request.NettyRequestSender - Using open Channel [id: 0xdb27294d, L:/127.0.0.1:59975 - R:localhost/127.0.0.1:37090] for POST '/session/fdc1cc81b6ad6aa308a94fe3be8a4a60/window'
00:50:19.268 [AsyncHttpClient-1-7] DEBUG org.asynchttpclient.netty.handler.HttpHandler - 

Request DefaultHttpRequest(decodeResult: success, version: HTTP/1.1)
POST /session/fdc1cc81b6ad6aa308a94fe3be8a4a60/window HTTP/1.1
User-Agent: selenium/4.7.1 (java windows)
Content-Length: 50
Content-Type: application/json; charset=utf-8
host: localhost:37090
accept: */*

Response DefaultHttpResponse(decodeResult: success, version: HTTP/1.1)
HTTP/1.1 200 OK
Content-Type: application/json; charset=utf-8
cache-control: no-cache
content-length: 14

00:50:19.268 [AsyncHttpClient-1-7] DEBUG org.asynchttpclient.netty.channel.ChannelManager - Adding key: http://localhost:37090 for channel [id: 0xdb27294d, L:/127.0.0.1:59975 - R:localhost/127.0.0.1:37090]
00:50:19.269 [Forwarding getCurrentUrl on session fdc1cc81b6ad6aa308a94fe3be8a4a60 to remote] DEBUG org.asynchttpclient.netty.request.NettyRequestSender - Using pooled Channel '[id: 0xdb27294d, L:/127.0.0.1:59975 - R:localhost/127.0.0.1:37090]' for 'GET' to 'http://localhost:37090/session/fdc1cc81b6ad6aa308a94fe3be8a4a60/url'
00:50:19.269 [Forwarding getCurrentUrl on session fdc1cc81b6ad6aa308a94fe3be8a4a60 to remote] DEBUG org.asynchttpclient.netty.request.NettyRequestSender - Using open Channel [id: 0xdb27294d, L:/127.0.0.1:59975 - R:localhost/127.0.0.1:37090] for GET '/session/fdc1cc81b6ad6aa308a94fe3be8a4a60/url'
00:50:19.275 [AsyncHttpClient-1-7] DEBUG org.asynchttpclient.netty.handler.HttpHandler - 

Request DefaultFullHttpRequest(decodeResult: success, version: HTTP/1.1, content: EmptyByteBufBE)
GET /session/fdc1cc81b6ad6aa308a94fe3be8a4a60/url HTTP/1.1
User-Agent: selenium/4.7.1 (java windows)
Cache-Control: no-cache
Content-Type: application/json; charset=utf-8
host: localhost:37090
accept: */*

Response DefaultHttpResponse(decodeResult: success, version: HTTP/1.1)
HTTP/1.1 200 OK
Content-Type: application/json; charset=utf-8
cache-control: no-cache
content-length: 41

00:50:19.275 [AsyncHttpClient-1-7] DEBUG org.asynchttpclient.netty.channel.ChannelManager - Adding key: http://localhost:37090 for channel [id: 0xdb27294d, L:/127.0.0.1:59975 - R:localhost/127.0.0.1:37090]
00:50:19.276 [Forwarding screenshot on session fdc1cc81b6ad6aa308a94fe3be8a4a60 to remote] DEBUG org.asynchttpclient.netty.request.NettyRequestSender - Using pooled Channel '[id: 0xdb27294d, L:/127.0.0.1:59975 - R:localhost/127.0.0.1:37090]' for 'GET' to 'http://localhost:37090/session/fdc1cc81b6ad6aa308a94fe3be8a4a60/screenshot'
00:50:19.276 [Forwarding screenshot on session fdc1cc81b6ad6aa308a94fe3be8a4a60 to remote] DEBUG org.asynchttpclient.netty.request.NettyRequestSender - Using open Channel [id: 0xdb27294d, L:/127.0.0.1:59975 - R:localhost/127.0.0.1:37090] for GET '/session/fdc1cc81b6ad6aa308a94fe3be8a4a60/screenshot'
00:50:19.398 [AsyncHttpClient-1-7] DEBUG org.asynchttpclient.netty.handler.HttpHandler - 

Request DefaultFullHttpRequest(decodeResult: success, version: HTTP/1.1, content: EmptyByteBufBE)
GET /session/fdc1cc81b6ad6aa308a94fe3be8a4a60/screenshot HTTP/1.1
User-Agent: selenium/4.7.1 (java windows)
Cache-Control: no-cache
Content-Type: application/json; charset=utf-8
host: localhost:37090
accept: */*

Response DefaultHttpResponse(decodeResult: success, version: HTTP/1.1)
HTTP/1.1 200 OK
Content-Type: application/json; charset=utf-8
cache-control: no-cache
content-length: 29016

00:50:19.399 [AsyncHttpClient-1-7] DEBUG org.asynchttpclient.netty.channel.ChannelManager - Adding key: http://localhost:37090 for channel [id: 0xdb27294d, L:/127.0.0.1:59975 - R:localhost/127.0.0.1:37090]
00:50:19.401 [main] DEBUG net.serenitybdd.core.photography.Darkroom - Send negative for processing for target\site\serenity\d2ef1c41c6b62dfe7850363405167f57f458c153e330280b9d70d751474a1326.png
00:50:19.401 [main] DEBUG net.thucydides.core.steps.StepInterceptor - STEP DONE: diHomepageAltaShop
  &amp#27;[32mGiven &amp#27;[0m&amp#27;[32muser berada di Homepage AltaShop&amp#27;[0m                           &amp#27;[90m# starter.stepdefinitions.LoginRegisterSteps.userBeradaDiHomepageAlta()&amp#27;[0m
00:50:19.402 [Darkroom Processing Line] DEBUG net.serenitybdd.core.photography.DarkroomProcessingLine - Processing screenshot image in /var/screenshots/screenshot-4528829202256786478
00:50:19.402 [Darkroom Processing Line] DEBUG net.serenitybdd.core.photography.DarkroomProcessingLine - Saving screenshot to target\site\serenity\d2ef1c41c6b62dfe7850363405167f57f458c153e330280b9d70d751474a1326.png
00:50:19.415 [main] DEBUG net.thucydides.core.steps.StepInterceptor - STARTING STEP: LoginRegisterSteps.userKlikButtonLogin - klikButtonLogin
00:50:19.417 [Forwarding findElement on session fdc1cc81b6ad6aa308a94fe3be8a4a60 to remote] DEBUG org.asynchttpclient.netty.request.NettyRequestSender - Using pooled Channel '[id: 0xdb27294d, L:/127.0.0.1:59975 - R:localhost/127.0.0.1:37090]' for 'POST' to 'http://localhost:37090/session/fdc1cc81b6ad6aa308a94fe3be8a4a60/element'
00:50:19.417 [Forwarding findElement on session fdc1cc81b6ad6aa308a94fe3be8a4a60 to remote] DEBUG org.asynchttpclient.netty.request.NettyRequestSender - Using open Channel [id: 0xdb27294d, L:/127.0.0.1:59975 - R:localhost/127.0.0.1:37090] for POST '/session/fdc1cc81b6ad6aa308a94fe3be8a4a60/element'
00:50:19.426 [AsyncHttpClient-1-7] DEBUG org.asynchttpclient.netty.handler.HttpHandler - 

Request DefaultHttpRequest(decodeResult: success, version: HTTP/1.1)
POST /session/fdc1cc81b6ad6aa308a94fe3be8a4a60/element HTTP/1.1
User-Agent: selenium/4.7.1 (java windows)
Content-Length: 108
Content-Type: application/json; charset=utf-8
host: localhost:37090
accept: */*

Response DefaultHttpResponse(decodeResult: success, version: HTTP/1.1)
HTTP/1.1 200 OK
Content-Type: application/json; charset=utf-8
cache-control: no-cache
content-length: 88

00:50:19.426 [AsyncHttpClient-1-7] DEBUG org.asynchttpclient.netty.channel.ChannelManager - Adding key: http://localhost:37090 for channel [id: 0xdb27294d, L:/127.0.0.1:59975 - R:localhost/127.0.0.1:37090]
00:50:19.428 [Forwarding getElementTagName on session fdc1cc81b6ad6aa308a94fe3be8a4a60 to remote] DEBUG org.asynchttpclient.netty.request.NettyRequestSender - Using pooled Channel '[id: 0xdb27294d, L:/127.0.0.1:59975 - R:localhost/127.0.0.1:37090]' for 'GET' to 'http://localhost:37090/session/fdc1cc81b6ad6aa308a94fe3be8a4a60/element/49c03a46-49e2-45e2-a6f4-f6efde8adae6/name'
00:50:19.428 [Forwarding getElementTagName on session fdc1cc81b6ad6aa308a94fe3be8a4a60 to remote] DEBUG org.asynchttpclient.netty.request.NettyRequestSender - Using open Channel [id: 0xdb27294d, L:/127.0.0.1:59975 - R:localhost/127.0.0.1:37090] for GET '/session/fdc1cc81b6ad6aa308a94fe3be8a4a60/element/49c03a46-49e2-45e2-a6f4-f6efde8adae6/name'
00:50:19.432 [AsyncHttpClient-1-7] DEBUG org.asynchttpclient.netty.handler.HttpHandler - 

Request DefaultFullHttpRequest(decodeResult: success, version: HTTP/1.1, content: EmptyByteBufBE)
GET /session/fdc1cc81b6ad6aa308a94fe3be8a4a60/element/49c03a46-49e2-45e2-a6f4-f6efde8adae6/name HTTP/1.1
User-Agent: selenium/4.7.1 (java windows)
Cache-Control: no-cache
Content-Type: application/json; charset=utf-8
host: localhost:37090
accept: */*

Response DefaultHttpResponse(decodeResult: success, version: HTTP/1.1)
HTTP/1.1 200 OK
Content-Type: application/json; charset=utf-8
cache-control: no-cache
content-length: 18

00:50:19.432 [AsyncHttpClient-1-7] DEBUG org.asynchttpclient.netty.channel.ChannelManager - Adding key: http://localhost:37090 for channel [id: 0xdb27294d, L:/127.0.0.1:59975 - R:localhost/127.0.0.1:37090]
00:50:19.433 [Forwarding getElementTagName on session fdc1cc81b6ad6aa308a94fe3be8a4a60 to remote] DEBUG org.asynchttpclient.netty.request.NettyRequestSender - Using pooled Channel '[id: 0xdb27294d, L:/127.0.0.1:59975 - R:localhost/127.0.0.1:37090]' for 'GET' to 'http://localhost:37090/session/fdc1cc81b6ad6aa308a94fe3be8a4a60/element/49c03a46-49e2-45e2-a6f4-f6efde8adae6/name'
00:50:19.433 [Forwarding getElementTagName on session fdc1cc81b6ad6aa308a94fe3be8a4a60 to remote] DEBUG org.asynchttpclient.netty.request.NettyRequestSender - Using open Channel [id: 0xdb27294d, L:/127.0.0.1:59975 - R:localhost/127.0.0.1:37090] for GET '/session/fdc1cc81b6ad6aa308a94fe3be8a4a60/element/49c03a46-49e2-45e2-a6f4-f6efde8adae6/name'
00:50:19.437 [AsyncHttpClient-1-7] DEBUG org.asynchttpclient.netty.handler.HttpHandler - 

Request DefaultFullHttpRequest(decodeResult: success, version: HTTP/1.1, content: EmptyByteBufBE)
GET /session/fdc1cc81b6ad6aa308a94fe3be8a4a60/element/49c03a46-49e2-45e2-a6f4-f6efde8adae6/name HTTP/1.1
User-Agent: selenium/4.7.1 (java windows)
Cache-Control: no-cache
Content-Type: application/json; charset=utf-8
host: localhost:37090
accept: */*

Response DefaultHttpResponse(decodeResult: success, version: HTTP/1.1)
HTTP/1.1 200 OK
Content-Type: application/json; charset=utf-8
cache-control: no-cache
content-length: 18

00:50:19.437 [AsyncHttpClient-1-7] DEBUG org.asynchttpclient.netty.channel.ChannelManager - Adding key: http://localhost:37090 for channel [id: 0xdb27294d, L:/127.0.0.1:59975 - R:localhost/127.0.0.1:37090]
00:50:19.440 [Forwarding isElementEnabled on session fdc1cc81b6ad6aa308a94fe3be8a4a60 to remote] DEBUG org.asynchttpclient.netty.request.NettyRequestSender - Using pooled Channel '[id: 0xdb27294d, L:/127.0.0.1:59975 - R:localhost/127.0.0.1:37090]' for 'GET' to 'http://localhost:37090/session/fdc1cc81b6ad6aa308a94fe3be8a4a60/element/49c03a46-49e2-45e2-a6f4-f6efde8adae6/enabled'
00:50:19.440 [Forwarding isElementEnabled on session fdc1cc81b6ad6aa308a94fe3be8a4a60 to remote] DEBUG org.asynchttpclient.netty.request.NettyRequestSender - Using open Channel [id: 0xdb27294d, L:/127.0.0.1:59975 - R:localhost/127.0.0.1:37090] for GET '/session/fdc1cc81b6ad6aa308a94fe3be8a4a60/element/49c03a46-49e2-45e2-a6f4-f6efde8adae6/enabled'
00:50:19.449 [AsyncHttpClient-1-7] DEBUG org.asynchttpclient.netty.handler.HttpHandler - 

Request DefaultFullHttpRequest(decodeResult: success, version: HTTP/1.1, content: EmptyByteBufBE)
GET /session/fdc1cc81b6ad6aa308a94fe3be8a4a60/element/49c03a46-49e2-45e2-a6f4-f6efde8adae6/enabled HTTP/1.1
User-Agent: selenium/4.7.1 (java windows)
Cache-Control: no-cache
Content-Type: application/json; charset=utf-8
host: localhost:37090
accept: */*

Response DefaultHttpResponse(decodeResult: success, version: HTTP/1.1)
HTTP/1.1 200 OK
Content-Type: application/json; charset=utf-8
cache-control: no-cache
content-length: 14

00:50:19.449 [AsyncHttpClient-1-7] DEBUG org.asynchttpclient.netty.channel.ChannelManager - Adding key: http://localhost:37090 for channel [id: 0xdb27294d, L:/127.0.0.1:59975 - R:localhost/127.0.0.1:37090]
00:50:19.450 [Forwarding isElementEnabled on session fdc1cc81b6ad6aa308a94fe3be8a4a60 to remote] DEBUG org.asynchttpclient.netty.request.NettyRequestSender - Using pooled Channel '[id: 0xdb27294d, L:/127.0.0.1:59975 - R:localhost/127.0.0.1:37090]' for 'GET' to 'http://localhost:37090/session/fdc1cc81b6ad6aa308a94fe3be8a4a60/element/49c03a46-49e2-45e2-a6f4-f6efde8adae6/enabled'
00:50:19.450 [Forwarding isElementEnabled on session fdc1cc81b6ad6aa308a94fe3be8a4a60 to remote] DEBUG org.asynchttpclient.netty.request.NettyRequestSender - Using open Channel [id: 0xdb27294d, L:/127.0.0.1:59975 - R:localhost/127.0.0.1:37090] for GET '/session/fdc1cc81b6ad6aa308a94fe3be8a4a60/element/49c03a46-49e2-45e2-a6f4-f6efde8adae6/enabled'
00:50:19.457 [AsyncHttpClient-1-7] DEBUG org.asynchttpclient.netty.handler.HttpHandler - 

Request DefaultFullHttpRequest(decodeResult: success, version: HTTP/1.1, content: EmptyByteBufBE)
GET /session/fdc1cc81b6ad6aa308a94fe3be8a4a60/element/49c03a46-49e2-45e2-a6f4-f6efde8adae6/enabled HTTP/1.1
User-Agent: selenium/4.7.1 (java windows)
Cache-Control: no-cache
Content-Type: application/json; charset=utf-8
host: localhost:37090
accept: */*

Response DefaultHttpResponse(decodeResult: success, version: HTTP/1.1)
HTTP/1.1 200 OK
Content-Type: application/json; charset=utf-8
cache-control: no-cache
content-length: 14

00:50:19.457 [AsyncHttpClient-1-7] DEBUG org.asynchttpclient.netty.channel.ChannelManager - Adding key: http://localhost:37090 for channel [id: 0xdb27294d, L:/127.0.0.1:59975 - R:localhost/127.0.0.1:37090]
00:50:19.459 [Forwarding findElement on session fdc1cc81b6ad6aa308a94fe3be8a4a60 to remote] DEBUG org.asynchttpclient.netty.request.NettyRequestSender - Using pooled Channel '[id: 0xdb27294d, L:/127.0.0.1:59975 - R:localhost/127.0.0.1:37090]' for 'POST' to 'http://localhost:37090/session/fdc1cc81b6ad6aa308a94fe3be8a4a60/element'
00:50:19.459 [Forwarding findElement on session fdc1cc81b6ad6aa308a94fe3be8a4a60 to remote] DEBUG org.asynchttpclient.netty.request.NettyRequestSender - Using open Channel [id: 0xdb27294d, L:/127.0.0.1:59975 - R:localhost/127.0.0.1:37090] for POST '/session/fdc1cc81b6ad6aa308a94fe3be8a4a60/element'
00:50:19.469 [AsyncHttpClient-1-7] DEBUG org.asynchttpclient.netty.handler.HttpHandler - 

Request DefaultHttpRequest(decodeResult: success, version: HTTP/1.1)
POST /session/fdc1cc81b6ad6aa308a94fe3be8a4a60/element HTTP/1.1
User-Agent: selenium/4.7.1 (java windows)
Content-Length: 108
Content-Type: application/json; charset=utf-8
host: localhost:37090
accept: */*

Response DefaultHttpResponse(decodeResult: success, version: HTTP/1.1)
HTTP/1.1 200 OK
Content-Type: application/json; charset=utf-8
cache-control: no-cache
content-length: 88

00:50:19.469 [AsyncHttpClient-1-7] DEBUG org.asynchttpclient.netty.channel.ChannelManager - Adding key: http://localhost:37090 for channel [id: 0xdb27294d, L:/127.0.0.1:59975 - R:localhost/127.0.0.1:37090]
00:50:19.471 [Forwarding clickElement on session fdc1cc81b6ad6aa308a94fe3be8a4a60 to remote] DEBUG org.asynchttpclient.netty.request.NettyRequestSender - Using pooled Channel '[id: 0xdb27294d, L:/127.0.0.1:59975 - R:localhost/127.0.0.1:37090]' for 'POST' to 'http://localhost:37090/session/fdc1cc81b6ad6aa308a94fe3be8a4a60/element/49c03a46-49e2-45e2-a6f4-f6efde8adae6/click'
00:50:19.471 [Forwarding clickElement on session fdc1cc81b6ad6aa308a94fe3be8a4a60 to remote] DEBUG org.asynchttpclient.netty.request.NettyRequestSender - Using open Channel [id: 0xdb27294d, L:/127.0.0.1:59975 - R:localhost/127.0.0.1:37090] for POST '/session/fdc1cc81b6ad6aa308a94fe3be8a4a60/element/49c03a46-49e2-45e2-a6f4-f6efde8adae6/click'
00:50:19.537 [AsyncHttpClient-1-7] DEBUG org.asynchttpclient.netty.handler.HttpHandler - 

Request DefaultHttpRequest(decodeResult: success, version: HTTP/1.1)
POST /session/fdc1cc81b6ad6aa308a94fe3be8a4a60/element/49c03a46-49e2-45e2-a6f4-f6efde8adae6/click HTTP/1.1
User-Agent: selenium/4.7.1 (java windows)
Content-Length: 50
Content-Type: application/json; charset=utf-8
host: localhost:37090
accept: */*

Response DefaultHttpResponse(decodeResult: success, version: HTTP/1.1)
HTTP/1.1 200 OK
Content-Type: application/json; charset=utf-8
cache-control: no-cache
content-length: 14

00:50:19.538 [AsyncHttpClient-1-7] DEBUG org.asynchttpclient.netty.channel.ChannelManager - Adding key: http://localhost:37090 for channel [id: 0xdb27294d, L:/127.0.0.1:59975 - R:localhost/127.0.0.1:37090]
00:50:19.548 [Forwarding getCurrentWindowHandle on session fdc1cc81b6ad6aa308a94fe3be8a4a60 to remote] DEBUG org.asynchttpclient.netty.request.NettyRequestSender - Using pooled Channel '[id: 0xdb27294d, L:/127.0.0.1:59975 - R:localhost/127.0.0.1:37090]' for 'GET' to 'http://localhost:37090/session/fdc1cc81b6ad6aa308a94fe3be8a4a60/window'
00:50:19.548 [Forwarding getCurrentWindowHandle on session fdc1cc81b6ad6aa308a94fe3be8a4a60 to remote] DEBUG org.asynchttpclient.netty.request.NettyRequestSender - Using open Channel [id: 0xdb27294d, L:/127.0.0.1:59975 - R:localhost/127.0.0.1:37090] for GET '/session/fdc1cc81b6ad6aa308a94fe3be8a4a60/window'
00:50:19.549 [AsyncHttpClient-1-7] DEBUG org.asynchttpclient.netty.handler.HttpHandler - 

Request DefaultFullHttpRequest(decodeResult: success, version: HTTP/1.1, content: EmptyByteBufBE)
GET /session/fdc1cc81b6ad6aa308a94fe3be8a4a60/window HTTP/1.1
User-Agent: selenium/4.7.1 (java windows)
Cache-Control: no-cache
Content-Type: application/json; charset=utf-8
host: localhost:37090
accept: */*

Response DefaultHttpResponse(decodeResult: success, version: HTTP/1.1)
HTTP/1.1 200 OK
Content-Type: application/json; charset=utf-8
cache-control: no-cache
content-length: 44

00:50:19.549 [AsyncHttpClient-1-7] DEBUG org.asynchttpclient.netty.channel.ChannelManager - Adding key: http://localhost:37090 for channel [id: 0xdb27294d, L:/127.0.0.1:59975 - R:localhost/127.0.0.1:37090]
00:50:19.550 [Forwarding getAlertText on session fdc1cc81b6ad6aa308a94fe3be8a4a60 to remote] DEBUG org.asynchttpclient.netty.request.NettyRequestSender - Using pooled Channel '[id: 0xdb27294d, L:/127.0.0.1:59975 - R:localhost/127.0.0.1:37090]' for 'GET' to 'http://localhost:37090/session/fdc1cc81b6ad6aa308a94fe3be8a4a60/alert/text'
00:50:19.550 [Forwarding getAlertText on session fdc1cc81b6ad6aa308a94fe3be8a4a60 to remote] DEBUG org.asynchttpclient.netty.request.NettyRequestSender - Using open Channel [id: 0xdb27294d, L:/127.0.0.1:59975 - R:localhost/127.0.0.1:37090] for GET '/session/fdc1cc81b6ad6aa308a94fe3be8a4a60/alert/text'
00:50:19.589 [AsyncHttpClient-1-7] DEBUG org.asynchttpclient.netty.handler.HttpHandler - 

Request DefaultFullHttpRequest(decodeResult: success, version: HTTP/1.1, content: EmptyByteBufBE)
GET /session/fdc1cc81b6ad6aa308a94fe3be8a4a60/alert/text HTTP/1.1
User-Agent: selenium/4.7.1 (java windows)
Cache-Control: no-cache
Content-Type: application/json; charset=utf-8
host: localhost:37090
accept: */*

Response DefaultHttpResponse(decodeResult: success, version: HTTP/1.1)
HTTP/1.1 404 Not Found
Content-Type: application/json; charset=utf-8
cache-control: no-cache
content-length: 849

00:50:19.589 [AsyncHttpClient-1-7] DEBUG org.asynchttpclient.netty.channel.ChannelManager - Adding key: http://localhost:37090 for channel [id: 0xdb27294d, L:/127.0.0.1:59975 - R:localhost/127.0.0.1:37090]
00:50:19.593 [Forwarding switchToWindow on session fdc1cc81b6ad6aa308a94fe3be8a4a60 to remote] DEBUG org.asynchttpclient.netty.request.NettyRequestSender - Using pooled Channel '[id: 0xdb27294d, L:/127.0.0.1:59975 - R:localhost/127.0.0.1:37090]' for 'POST' to 'http://localhost:37090/session/fdc1cc81b6ad6aa308a94fe3be8a4a60/window'
00:50:19.593 [Forwarding switchToWindow on session fdc1cc81b6ad6aa308a94fe3be8a4a60 to remote] DEBUG org.asynchttpclient.netty.request.NettyRequestSender - Using open Channel [id: 0xdb27294d, L:/127.0.0.1:59975 - R:localhost/127.0.0.1:37090] for POST '/session/fdc1cc81b6ad6aa308a94fe3be8a4a60/window'
00:50:19.596 [AsyncHttpClient-1-7] DEBUG org.asynchttpclient.netty.handler.HttpHandler - 

Request DefaultHttpRequest(decodeResult: success, version: HTTP/1.1)
POST /session/fdc1cc81b6ad6aa308a94fe3be8a4a60/window HTTP/1.1
User-Agent: selenium/4.7.1 (java windows)
Content-Length: 50
Content-Type: application/json; charset=utf-8
host: localhost:37090
accept: */*

Response DefaultHttpResponse(decodeResult: success, version: HTTP/1.1)
HTTP/1.1 200 OK
Content-Type: application/json; charset=utf-8
cache-control: no-cache
content-length: 14

00:50:19.596 [AsyncHttpClient-1-7] DEBUG org.asynchttpclient.netty.channel.ChannelManager - Adding key: http://localhost:37090 for channel [id: 0xdb27294d, L:/127.0.0.1:59975 - R:localhost/127.0.0.1:37090]
00:50:19.597 [Forwarding getCurrentUrl on session fdc1cc81b6ad6aa308a94fe3be8a4a60 to remote] DEBUG org.asynchttpclient.netty.request.NettyRequestSender - Using pooled Channel '[id: 0xdb27294d, L:/127.0.0.1:59975 - R:localhost/127.0.0.1:37090]' for 'GET' to 'http://localhost:37090/session/fdc1cc81b6ad6aa308a94fe3be8a4a60/url'
00:50:19.597 [Forwarding getCurrentUrl on session fdc1cc81b6ad6aa308a94fe3be8a4a60 to remote] DEBUG org.asynchttpclient.netty.request.NettyRequestSender - Using open Channel [id: 0xdb27294d, L:/127.0.0.1:59975 - R:localhost/127.0.0.1:37090] for GET '/session/fdc1cc81b6ad6aa308a94fe3be8a4a60/url'
00:50:19.600 [AsyncHttpClient-1-7] DEBUG org.asynchttpclient.netty.handler.HttpHandler - 

Request DefaultFullHttpRequest(decodeResult: success, version: HTTP/1.1, content: EmptyByteBufBE)
GET /session/fdc1cc81b6ad6aa308a94fe3be8a4a60/url HTTP/1.1
User-Agent: selenium/4.7.1 (java windows)
Cache-Control: no-cache
Content-Type: application/json; charset=utf-8
host: localhost:37090
accept: */*

Response DefaultHttpResponse(decodeResult: success, version: HTTP/1.1)
HTTP/1.1 200 OK
Content-Type: application/json; charset=utf-8
cache-control: no-cache
content-length: 51

00:50:19.600 [AsyncHttpClient-1-7] DEBUG org.asynchttpclient.netty.channel.ChannelManager - Adding key: http://localhost:37090 for channel [id: 0xdb27294d, L:/127.0.0.1:59975 - R:localhost/127.0.0.1:37090]
00:50:19.601 [Forwarding screenshot on session fdc1cc81b6ad6aa308a94fe3be8a4a60 to remote] DEBUG org.asynchttpclient.netty.request.NettyRequestSender - Using pooled Channel '[id: 0xdb27294d, L:/127.0.0.1:59975 - R:localhost/127.0.0.1:37090]' for 'GET' to 'http://localhost:37090/session/fdc1cc81b6ad6aa308a94fe3be8a4a60/screenshot'
00:50:19.601 [Forwarding screenshot on session fdc1cc81b6ad6aa308a94fe3be8a4a60 to remote] DEBUG org.asynchttpclient.netty.request.NettyRequestSender - Using open Channel [id: 0xdb27294d, L:/127.0.0.1:59975 - R:localhost/127.0.0.1:37090] for GET '/session/fdc1cc81b6ad6aa308a94fe3be8a4a60/screenshot'
00:50:19.730 [AsyncHttpClient-1-7] DEBUG org.asynchttpclient.netty.handler.HttpHandler - 

Request DefaultFullHttpRequest(decodeResult: success, version: HTTP/1.1, content: EmptyByteBufBE)
GET /session/fdc1cc81b6ad6aa308a94fe3be8a4a60/screenshot HTTP/1.1
User-Agent: selenium/4.7.1 (java windows)
Cache-Control: no-cache
Content-Type: application/json; charset=utf-8
host: localhost:37090
accept: */*

Response DefaultHttpResponse(decodeResult: success, version: HTTP/1.1)
HTTP/1.1 200 OK
Content-Type: application/json; charset=utf-8
cache-control: no-cache
content-length: 26928

00:50:19.731 [AsyncHttpClient-1-7] DEBUG org.asynchttpclient.netty.channel.ChannelManager - Adding key: http://localhost:37090 for channel [id: 0xdb27294d, L:/127.0.0.1:59975 - R:localhost/127.0.0.1:37090]
00:50:19.732 [main] DEBUG net.serenitybdd.core.photography.Darkroom - Send negative for processing for target\site\serenity\8be1c2abcf19b6be4e2f19b9e6bd67732aa747cd3b8bab7953a32c0fa13fe416.png
00:50:19.732 [main] DEBUG net.thucydides.core.steps.StepInterceptor - STEP DONE: klikButtonLogin
00:50:19.732 [Darkroom Processing Line] DEBUG net.serenitybdd.core.photography.DarkroomProcessingLine - Processing screenshot image in /var/screenshots/screenshot-3520951780282779845
00:50:19.732 [Darkroom Processing Line] DEBUG net.serenitybdd.core.photography.DarkroomProcessingLine - Saving screenshot to target\site\serenity\8be1c2abcf19b6be4e2f19b9e6bd67732aa747cd3b8bab7953a32c0fa13fe416.png
  &amp#27;[32mWhen &amp#27;[0m&amp#27;[32muser klik button login&amp#27;[0m                                      &amp#27;[90m# starter.stepdefinitions.LoginRegisterSteps.userKlikButtonLogin()&amp#27;[0m
00:50:19.747 [main] DEBUG net.thucydides.core.steps.StepInterceptor - STARTING STEP: RegisterSteps.userKlikRegister - klikLinkRegister
00:50:19.749 [Forwarding findElement on session fdc1cc81b6ad6aa308a94fe3be8a4a60 to remote] DEBUG org.asynchttpclient.netty.request.NettyRequestSender - Using pooled Channel '[id: 0xdb27294d, L:/127.0.0.1:59975 - R:localhost/127.0.0.1:37090]' for 'POST' to 'http://localhost:37090/session/fdc1cc81b6ad6aa308a94fe3be8a4a60/element'
00:50:19.749 [Forwarding findElement on session fdc1cc81b6ad6aa308a94fe3be8a4a60 to remote] DEBUG org.asynchttpclient.netty.request.NettyRequestSender - Using open Channel [id: 0xdb27294d, L:/127.0.0.1:59975 - R:localhost/127.0.0.1:37090] for POST '/session/fdc1cc81b6ad6aa308a94fe3be8a4a60/element'
00:50:19.761 [AsyncHttpClient-1-7] DEBUG org.asynchttpclient.netty.handler.HttpHandler - 

Request DefaultHttpRequest(decodeResult: success, version: HTTP/1.1)
POST /session/fdc1cc81b6ad6aa308a94fe3be8a4a60/element HTTP/1.1
User-Agent: selenium/4.7.1 (java windows)
Content-Length: 84
Content-Type: application/json; charset=utf-8
host: localhost:37090
accept: */*

Response DefaultHttpResponse(decodeResult: success, version: HTTP/1.1)
HTTP/1.1 200 OK
Content-Type: application/json; charset=utf-8
cache-control: no-cache
content-length: 88

00:50:19.762 [AsyncHttpClient-1-7] DEBUG org.asynchttpclient.netty.channel.ChannelManager - Adding key: http://localhost:37090 for channel [id: 0xdb27294d, L:/127.0.0.1:59975 - R:localhost/127.0.0.1:37090]
00:50:19.763 [Forwarding getElementTagName on session fdc1cc81b6ad6aa308a94fe3be8a4a60 to remote] DEBUG org.asynchttpclient.netty.request.NettyRequestSender - Using pooled Channel '[id: 0xdb27294d, L:/127.0.0.1:59975 - R:localhost/127.0.0.1:37090]' for 'GET' to 'http://localhost:37090/session/fdc1cc81b6ad6aa308a94fe3be8a4a60/element/a68fcb0d-6d21-42f2-928a-9c44e329505e/name'
00:50:19.763 [Forwarding getElementTagName on session fdc1cc81b6ad6aa308a94fe3be8a4a60 to remote] DEBUG org.asynchttpclient.netty.request.NettyRequestSender - Using open Channel [id: 0xdb27294d, L:/127.0.0.1:59975 - R:localhost/127.0.0.1:37090] for GET '/session/fdc1cc81b6ad6aa308a94fe3be8a4a60/element/a68fcb0d-6d21-42f2-928a-9c44e329505e/name'
00:50:19.767 [AsyncHttpClient-1-7] DEBUG org.asynchttpclient.netty.handler.HttpHandler - 

Request DefaultFullHttpRequest(decodeResult: success, version: HTTP/1.1, content: EmptyByteBufBE)
GET /session/fdc1cc81b6ad6aa308a94fe3be8a4a60/element/a68fcb0d-6d21-42f2-928a-9c44e329505e/name HTTP/1.1
User-Agent: selenium/4.7.1 (java windows)
Cache-Control: no-cache
Content-Type: application/json; charset=utf-8
host: localhost:37090
accept: */*

Response DefaultHttpResponse(decodeResult: success, version: HTTP/1.1)
HTTP/1.1 200 OK
Content-Type: application/json; charset=utf-8
cache-control: no-cache
content-length: 13

00:50:19.767 [AsyncHttpClient-1-7] DEBUG org.asynchttpclient.netty.channel.ChannelManager - Adding key: http://localhost:37090 for channel [id: 0xdb27294d, L:/127.0.0.1:59975 - R:localhost/127.0.0.1:37090]
00:50:19.768 [Forwarding getElementTagName on session fdc1cc81b6ad6aa308a94fe3be8a4a60 to remote] DEBUG org.asynchttpclient.netty.request.NettyRequestSender - Using pooled Channel '[id: 0xdb27294d, L:/127.0.0.1:59975 - R:localhost/127.0.0.1:37090]' for 'GET' to 'http://localhost:37090/session/fdc1cc81b6ad6aa308a94fe3be8a4a60/element/a68fcb0d-6d21-42f2-928a-9c44e329505e/name'
00:50:19.768 [Forwarding getElementTagName on session fdc1cc81b6ad6aa308a94fe3be8a4a60 to remote] DEBUG org.asynchttpclient.netty.request.NettyRequestSender - Using open Channel [id: 0xdb27294d, L:/127.0.0.1:59975 - R:localhost/127.0.0.1:37090] for GET '/session/fdc1cc81b6ad6aa308a94fe3be8a4a60/element/a68fcb0d-6d21-42f2-928a-9c44e329505e/name'
00:50:19.772 [AsyncHttpClient-1-7] DEBUG org.asynchttpclient.netty.handler.HttpHandler - 

Request DefaultFullHttpRequest(decodeResult: success, version: HTTP/1.1, content: EmptyByteBufBE)
GET /session/fdc1cc81b6ad6aa308a94fe3be8a4a60/element/a68fcb0d-6d21-42f2-928a-9c44e329505e/name HTTP/1.1
User-Agent: selenium/4.7.1 (java windows)
Cache-Control: no-cache
Content-Type: application/json; charset=utf-8
host: localhost:37090
accept: */*

Response DefaultHttpResponse(decodeResult: success, version: HTTP/1.1)
HTTP/1.1 200 OK
Content-Type: application/json; charset=utf-8
cache-control: no-cache
content-length: 13

00:50:19.772 [AsyncHttpClient-1-7] DEBUG org.asynchttpclient.netty.channel.ChannelManager - Adding key: http://localhost:37090 for channel [id: 0xdb27294d, L:/127.0.0.1:59975 - R:localhost/127.0.0.1:37090]
00:50:19.774 [Forwarding findElement on session fdc1cc81b6ad6aa308a94fe3be8a4a60 to remote] DEBUG org.asynchttpclient.netty.request.NettyRequestSender - Using pooled Channel '[id: 0xdb27294d, L:/127.0.0.1:59975 - R:localhost/127.0.0.1:37090]' for 'POST' to 'http://localhost:37090/session/fdc1cc81b6ad6aa308a94fe3be8a4a60/element'
00:50:19.774 [Forwarding findElement on session fdc1cc81b6ad6aa308a94fe3be8a4a60 to remote] DEBUG org.asynchttpclient.netty.request.NettyRequestSender - Using open Channel [id: 0xdb27294d, L:/127.0.0.1:59975 - R:localhost/127.0.0.1:37090] for POST '/session/fdc1cc81b6ad6aa308a94fe3be8a4a60/element'
00:50:19.780 [AsyncHttpClient-1-7] DEBUG org.asynchttpclient.netty.handler.HttpHandler - 

Request DefaultHttpRequest(decodeResult: success, version: HTTP/1.1)
POST /session/fdc1cc81b6ad6aa308a94fe3be8a4a60/element HTTP/1.1
User-Agent: selenium/4.7.1 (java windows)
Content-Length: 84
Content-Type: application/json; charset=utf-8
host: localhost:37090
accept: */*

Response DefaultHttpResponse(decodeResult: success, version: HTTP/1.1)
HTTP/1.1 200 OK
Content-Type: application/json; charset=utf-8
cache-control: no-cache
content-length: 88

00:50:19.781 [AsyncHttpClient-1-7] DEBUG org.asynchttpclient.netty.channel.ChannelManager - Adding key: http://localhost:37090 for channel [id: 0xdb27294d, L:/127.0.0.1:59975 - R:localhost/127.0.0.1:37090]
00:50:19.782 [Forwarding clickElement on session fdc1cc81b6ad6aa308a94fe3be8a4a60 to remote] DEBUG org.asynchttpclient.netty.request.NettyRequestSender - Using pooled Channel '[id: 0xdb27294d, L:/127.0.0.1:59975 - R:localhost/127.0.0.1:37090]' for 'POST' to 'http://localhost:37090/session/fdc1cc81b6ad6aa308a94fe3be8a4a60/element/a68fcb0d-6d21-42f2-928a-9c44e329505e/click'
00:50:19.782 [Forwarding clickElement on session fdc1cc81b6ad6aa308a94fe3be8a4a60 to remote] DEBUG org.asynchttpclient.netty.request.NettyRequestSender - Using open Channel [id: 0xdb27294d, L:/127.0.0.1:59975 - R:localhost/127.0.0.1:37090] for POST '/session/fdc1cc81b6ad6aa308a94fe3be8a4a60/element/a68fcb0d-6d21-42f2-928a-9c44e329505e/click'
00:50:19.830 [AsyncHttpClient-1-1] DEBUG org.asynchttpclient.netty.channel.DefaultChannelPool - Entry count for : http://localhost:59976 : 1
00:50:19.855 [AsyncHttpClient-1-7] DEBUG org.asynchttpclient.netty.handler.HttpHandler - 

Request DefaultHttpRequest(decodeResult: success, version: HTTP/1.1)
POST /session/fdc1cc81b6ad6aa308a94fe3be8a4a60/element/a68fcb0d-6d21-42f2-928a-9c44e329505e/click HTTP/1.1
User-Agent: selenium/4.7.1 (java windows)
Content-Length: 50
Content-Type: application/json; charset=utf-8
host: localhost:37090
accept: */*

Response DefaultHttpResponse(decodeResult: success, version: HTTP/1.1)
HTTP/1.1 200 OK
Content-Type: application/json; charset=utf-8
cache-control: no-cache
content-length: 14

00:50:19.855 [AsyncHttpClient-1-7] DEBUG org.asynchttpclient.netty.channel.ChannelManager - Adding key: http://localhost:37090 for channel [id: 0xdb27294d, L:/127.0.0.1:59975 - R:localhost/127.0.0.1:37090]
00:50:19.862 [Forwarding getCurrentWindowHandle on session fdc1cc81b6ad6aa308a94fe3be8a4a60 to remote] DEBUG org.asynchttpclient.netty.request.NettyRequestSender - Using pooled Channel '[id: 0xdb27294d, L:/127.0.0.1:59975 - R:localhost/127.0.0.1:37090]' for 'GET' to 'http://localhost:37090/session/fdc1cc81b6ad6aa308a94fe3be8a4a60/window'
00:50:19.862 [Forwarding getCurrentWindowHandle on session fdc1cc81b6ad6aa308a94fe3be8a4a60 to remote] DEBUG org.asynchttpclient.netty.request.NettyRequestSender - Using open Channel [id: 0xdb27294d, L:/127.0.0.1:59975 - R:localhost/127.0.0.1:37090] for GET '/session/fdc1cc81b6ad6aa308a94fe3be8a4a60/window'
00:50:19.863 [AsyncHttpClient-1-7] DEBUG org.asynchttpclient.netty.handler.HttpHandler - 

Request DefaultFullHttpRequest(decodeResult: success, version: HTTP/1.1, content: EmptyByteBufBE)
GET /session/fdc1cc81b6ad6aa308a94fe3be8a4a60/window HTTP/1.1
User-Agent: selenium/4.7.1 (java windows)
Cache-Control: no-cache
Content-Type: application/json; charset=utf-8
host: localhost:37090
accept: */*

Response DefaultHttpResponse(decodeResult: success, version: HTTP/1.1)
HTTP/1.1 200 OK
Content-Type: application/json; charset=utf-8
cache-control: no-cache
content-length: 44

00:50:19.863 [AsyncHttpClient-1-7] DEBUG org.asynchttpclient.netty.channel.ChannelManager - Adding key: http://localhost:37090 for channel [id: 0xdb27294d, L:/127.0.0.1:59975 - R:localhost/127.0.0.1:37090]
00:50:19.865 [Forwarding getAlertText on session fdc1cc81b6ad6aa308a94fe3be8a4a60 to remote] DEBUG org.asynchttpclient.netty.request.NettyRequestSender - Using pooled Channel '[id: 0xdb27294d, L:/127.0.0.1:59975 - R:localhost/127.0.0.1:37090]' for 'GET' to 'http://localhost:37090/session/fdc1cc81b6ad6aa308a94fe3be8a4a60/alert/text'
00:50:19.865 [Forwarding getAlertText on session fdc1cc81b6ad6aa308a94fe3be8a4a60 to remote] DEBUG org.asynchttpclient.netty.request.NettyRequestSender - Using open Channel [id: 0xdb27294d, L:/127.0.0.1:59975 - R:localhost/127.0.0.1:37090] for GET '/session/fdc1cc81b6ad6aa308a94fe3be8a4a60/alert/text'
00:50:19.873 [AsyncHttpClient-1-7] DEBUG org.asynchttpclient.netty.handler.HttpHandler - 

Request DefaultFullHttpRequest(decodeResult: success, version: HTTP/1.1, content: EmptyByteBufBE)
GET /session/fdc1cc81b6ad6aa308a94fe3be8a4a60/alert/text HTTP/1.1
User-Agent: selenium/4.7.1 (java windows)
Cache-Control: no-cache
Content-Type: application/json; charset=utf-8
host: localhost:37090
accept: */*

Response DefaultHttpResponse(decodeResult: success, version: HTTP/1.1)
HTTP/1.1 404 Not Found
Content-Type: application/json; charset=utf-8
cache-control: no-cache
content-length: 849

00:50:19.873 [AsyncHttpClient-1-7] DEBUG org.asynchttpclient.netty.channel.ChannelManager - Adding key: http://localhost:37090 for channel [id: 0xdb27294d, L:/127.0.0.1:59975 - R:localhost/127.0.0.1:37090]
00:50:19.875 [Forwarding switchToWindow on session fdc1cc81b6ad6aa308a94fe3be8a4a60 to remote] DEBUG org.asynchttpclient.netty.request.NettyRequestSender - Using pooled Channel '[id: 0xdb27294d, L:/127.0.0.1:59975 - R:localhost/127.0.0.1:37090]' for 'POST' to 'http://localhost:37090/session/fdc1cc81b6ad6aa308a94fe3be8a4a60/window'
00:50:19.875 [Forwarding switchToWindow on session fdc1cc81b6ad6aa308a94fe3be8a4a60 to remote] DEBUG org.asynchttpclient.netty.request.NettyRequestSender - Using open Channel [id: 0xdb27294d, L:/127.0.0.1:59975 - R:localhost/127.0.0.1:37090] for POST '/session/fdc1cc81b6ad6aa308a94fe3be8a4a60/window'
00:50:19.877 [AsyncHttpClient-1-7] DEBUG org.asynchttpclient.netty.handler.HttpHandler - 

Request DefaultHttpRequest(decodeResult: success, version: HTTP/1.1)
POST /session/fdc1cc81b6ad6aa308a94fe3be8a4a60/window HTTP/1.1
User-Agent: selenium/4.7.1 (java windows)
Content-Length: 50
Content-Type: application/json; charset=utf-8
host: localhost:37090
accept: */*

Response DefaultHttpResponse(decodeResult: success, version: HTTP/1.1)
HTTP/1.1 200 OK
Content-Type: application/json; charset=utf-8
cache-control: no-cache
content-length: 14

00:50:19.877 [AsyncHttpClient-1-7] DEBUG org.asynchttpclient.netty.channel.ChannelManager - Adding key: http://localhost:37090 for channel [id: 0xdb27294d, L:/127.0.0.1:59975 - R:localhost/127.0.0.1:37090]
00:50:19.878 [Forwarding getCurrentUrl on session fdc1cc81b6ad6aa308a94fe3be8a4a60 to remote] DEBUG org.asynchttpclient.netty.request.NettyRequestSender - Using pooled Channel '[id: 0xdb27294d, L:/127.0.0.1:59975 - R:localhost/127.0.0.1:37090]' for 'GET' to 'http://localhost:37090/session/fdc1cc81b6ad6aa308a94fe3be8a4a60/url'
00:50:19.878 [Forwarding getCurrentUrl on session fdc1cc81b6ad6aa308a94fe3be8a4a60 to remote] DEBUG org.asynchttpclient.netty.request.NettyRequestSender - Using open Channel [id: 0xdb27294d, L:/127.0.0.1:59975 - R:localhost/127.0.0.1:37090] for GET '/session/fdc1cc81b6ad6aa308a94fe3be8a4a60/url'
00:50:19.882 [AsyncHttpClient-1-7] DEBUG org.asynchttpclient.netty.handler.HttpHandler - 

Request DefaultFullHttpRequest(decodeResult: success, version: HTTP/1.1, content: EmptyByteBufBE)
GET /session/fdc1cc81b6ad6aa308a94fe3be8a4a60/url HTTP/1.1
User-Agent: selenium/4.7.1 (java windows)
Cache-Control: no-cache
Content-Type: application/json; charset=utf-8
host: localhost:37090
accept: */*

Response DefaultHttpResponse(decodeResult: success, version: HTTP/1.1)
HTTP/1.1 200 OK
Content-Type: application/json; charset=utf-8
cache-control: no-cache
content-length: 54

00:50:19.882 [AsyncHttpClient-1-7] DEBUG org.asynchttpclient.netty.channel.ChannelManager - Adding key: http://localhost:37090 for channel [id: 0xdb27294d, L:/127.0.0.1:59975 - R:localhost/127.0.0.1:37090]
00:50:19.883 [Forwarding screenshot on session fdc1cc81b6ad6aa308a94fe3be8a4a60 to remote] DEBUG org.asynchttpclient.netty.request.NettyRequestSender - Using pooled Channel '[id: 0xdb27294d, L:/127.0.0.1:59975 - R:localhost/127.0.0.1:37090]' for 'GET' to 'http://localhost:37090/session/fdc1cc81b6ad6aa308a94fe3be8a4a60/screenshot'
00:50:19.883 [Forwarding screenshot on session fdc1cc81b6ad6aa308a94fe3be8a4a60 to remote] DEBUG org.asynchttpclient.netty.request.NettyRequestSender - Using open Channel [id: 0xdb27294d, L:/127.0.0.1:59975 - R:localhost/127.0.0.1:37090] for GET '/session/fdc1cc81b6ad6aa308a94fe3be8a4a60/screenshot'
00:50:20.025 [AsyncHttpClient-1-7] DEBUG org.asynchttpclient.netty.handler.HttpHandler - 

Request DefaultFullHttpRequest(decodeResult: success, version: HTTP/1.1, content: EmptyByteBufBE)
GET /session/fdc1cc81b6ad6aa308a94fe3be8a4a60/screenshot HTTP/1.1
User-Agent: selenium/4.7.1 (java windows)
Cache-Control: no-cache
Content-Type: application/json; charset=utf-8
host: localhost:37090
accept: */*

Response DefaultHttpResponse(decodeResult: success, version: HTTP/1.1)
HTTP/1.1 200 OK
Content-Type: application/json; charset=utf-8
cache-control: no-cache
content-length: 30768

00:50:20.026 [AsyncHttpClient-1-7] DEBUG org.asynchttpclient.netty.channel.ChannelManager - Adding key: http://localhost:37090 for channel [id: 0xdb27294d, L:/127.0.0.1:59975 - R:localhost/127.0.0.1:37090]
00:50:20.027 [main] DEBUG net.serenitybdd.core.photography.Darkroom - Send negative for processing for target\site\serenity\17cc4d58fee1333654d32a674223ca617caf6c4269561c70161ba559cbab7841.png
00:50:20.027 [main] DEBUG net.thucydides.core.steps.StepInterceptor - STEP DONE: klikLinkRegister
00:50:20.027 [Darkroom Processing Line] DEBUG net.serenitybdd.core.photography.DarkroomProcessingLine - Processing screenshot image in /var/screenshots/screenshot-12551294592275291235
00:50:20.027 [Darkroom Processing Line] DEBUG net.serenitybdd.core.photography.DarkroomProcessingLine - Saving screenshot to target\site\serenity\17cc4d58fee1333654d32a674223ca617caf6c4269561c70161ba559cbab7841.png
  &amp#27;[32mThen &amp#27;[0m&amp#27;[32muser klik register&amp#27;[0m                                          &amp#27;[90m# starter.stepdefinitions.RegisterSteps.userKlikRegister()&amp#27;[0m
00:50:20.036 [main] DEBUG net.thucydides.core.steps.StepInterceptor - STARTING STEP: RegisterSteps.userTidakInputNamaLengkap - inputNamaLengkap
00:50:20.039 [Forwarding findElement on session fdc1cc81b6ad6aa308a94fe3be8a4a60 to remote] DEBUG org.asynchttpclient.netty.request.NettyRequestSender - Using pooled Channel '[id: 0xdb27294d, L:/127.0.0.1:59975 - R:localhost/127.0.0.1:37090]' for 'POST' to 'http://localhost:37090/session/fdc1cc81b6ad6aa308a94fe3be8a4a60/element'
00:50:20.039 [Forwarding findElement on session fdc1cc81b6ad6aa308a94fe3be8a4a60 to remote] DEBUG org.asynchttpclient.netty.request.NettyRequestSender - Using open Channel [id: 0xdb27294d, L:/127.0.0.1:59975 - R:localhost/127.0.0.1:37090] for POST '/session/fdc1cc81b6ad6aa308a94fe3be8a4a60/element'
00:50:20.051 [AsyncHttpClient-1-7] DEBUG org.asynchttpclient.netty.handler.HttpHandler - 

Request DefaultHttpRequest(decodeResult: success, version: HTTP/1.1)
POST /session/fdc1cc81b6ad6aa308a94fe3be8a4a60/element HTTP/1.1
User-Agent: selenium/4.7.1 (java windows)
Content-Length: 187
Content-Type: application/json; charset=utf-8
host: localhost:37090
accept: */*

Response DefaultHttpResponse(decodeResult: success, version: HTTP/1.1)
HTTP/1.1 200 OK
Content-Type: application/json; charset=utf-8
cache-control: no-cache
content-length: 88

00:50:20.051 [AsyncHttpClient-1-7] DEBUG org.asynchttpclient.netty.channel.ChannelManager - Adding key: http://localhost:37090 for channel [id: 0xdb27294d, L:/127.0.0.1:59975 - R:localhost/127.0.0.1:37090]
00:50:20.052 [Forwarding clearElement on session fdc1cc81b6ad6aa308a94fe3be8a4a60 to remote] DEBUG org.asynchttpclient.netty.request.NettyRequestSender - Using pooled Channel '[id: 0xdb27294d, L:/127.0.0.1:59975 - R:localhost/127.0.0.1:37090]' for 'POST' to 'http://localhost:37090/session/fdc1cc81b6ad6aa308a94fe3be8a4a60/element/c163d82d-a030-41b4-ad61-580021c3d1e0/clear'
00:50:20.053 [Forwarding clearElement on session fdc1cc81b6ad6aa308a94fe3be8a4a60 to remote] DEBUG org.asynchttpclient.netty.request.NettyRequestSender - Using open Channel [id: 0xdb27294d, L:/127.0.0.1:59975 - R:localhost/127.0.0.1:37090] for POST '/session/fdc1cc81b6ad6aa308a94fe3be8a4a60/element/c163d82d-a030-41b4-ad61-580021c3d1e0/clear'
00:50:20.086 [AsyncHttpClient-1-7] DEBUG org.asynchttpclient.netty.handler.HttpHandler - 

Request DefaultHttpRequest(decodeResult: success, version: HTTP/1.1)
POST /session/fdc1cc81b6ad6aa308a94fe3be8a4a60/element/c163d82d-a030-41b4-ad61-580021c3d1e0/clear HTTP/1.1
User-Agent: selenium/4.7.1 (java windows)
Content-Length: 50
Content-Type: application/json; charset=utf-8
host: localhost:37090
accept: */*

Response DefaultHttpResponse(decodeResult: success, version: HTTP/1.1)
HTTP/1.1 200 OK
Content-Type: application/json; charset=utf-8
cache-control: no-cache
content-length: 14

00:50:20.086 [AsyncHttpClient-1-7] DEBUG org.asynchttpclient.netty.channel.ChannelManager - Adding key: http://localhost:37090 for channel [id: 0xdb27294d, L:/127.0.0.1:59975 - R:localhost/127.0.0.1:37090]
00:50:20.087 [Forwarding sendKeysToElement on session fdc1cc81b6ad6aa308a94fe3be8a4a60 to remote] DEBUG org.asynchttpclient.netty.request.NettyRequestSender - Using pooled Channel '[id: 0xdb27294d, L:/127.0.0.1:59975 - R:localhost/127.0.0.1:37090]' for 'POST' to 'http://localhost:37090/session/fdc1cc81b6ad6aa308a94fe3be8a4a60/element/c163d82d-a030-41b4-ad61-580021c3d1e0/value'
00:50:20.088 [Forwarding sendKeysToElement on session fdc1cc81b6ad6aa308a94fe3be8a4a60 to remote] DEBUG org.asynchttpclient.netty.request.NettyRequestSender - Using open Channel [id: 0xdb27294d, L:/127.0.0.1:59975 - R:localhost/127.0.0.1:37090] for POST '/session/fdc1cc81b6ad6aa308a94fe3be8a4a60/element/c163d82d-a030-41b4-ad61-580021c3d1e0/value'
00:50:20.128 [AsyncHttpClient-1-7] DEBUG org.asynchttpclient.netty.handler.HttpHandler - 

Request DefaultHttpRequest(decodeResult: success, version: HTTP/1.1)
POST /session/fdc1cc81b6ad6aa308a94fe3be8a4a60/element/c163d82d-a030-41b4-ad61-580021c3d1e0/value HTTP/1.1
User-Agent: selenium/4.7.1 (java windows)
Content-Length: 82
Content-Type: application/json; charset=utf-8
host: localhost:37090
accept: */*

Response DefaultHttpResponse(decodeResult: success, version: HTTP/1.1)
HTTP/1.1 200 OK
Content-Type: application/json; charset=utf-8
cache-control: no-cache
content-length: 14

00:50:20.128 [AsyncHttpClient-1-7] DEBUG org.asynchttpclient.netty.channel.ChannelManager - Adding key: http://localhost:37090 for channel [id: 0xdb27294d, L:/127.0.0.1:59975 - R:localhost/127.0.0.1:37090]
00:50:20.135 [Forwarding getCurrentWindowHandle on session fdc1cc81b6ad6aa308a94fe3be8a4a60 to remote] DEBUG org.asynchttpclient.netty.request.NettyRequestSender - Using pooled Channel '[id: 0xdb27294d, L:/127.0.0.1:59975 - R:localhost/127.0.0.1:37090]' for 'GET' to 'http://localhost:37090/session/fdc1cc81b6ad6aa308a94fe3be8a4a60/window'
00:50:20.135 [Forwarding getCurrentWindowHandle on session fdc1cc81b6ad6aa308a94fe3be8a4a60 to remote] DEBUG org.asynchttpclient.netty.request.NettyRequestSender - Using open Channel [id: 0xdb27294d, L:/127.0.0.1:59975 - R:localhost/127.0.0.1:37090] for GET '/session/fdc1cc81b6ad6aa308a94fe3be8a4a60/window'
00:50:20.136 [AsyncHttpClient-1-7] DEBUG org.asynchttpclient.netty.handler.HttpHandler - 

Request DefaultFullHttpRequest(decodeResult: success, version: HTTP/1.1, content: EmptyByteBufBE)
GET /session/fdc1cc81b6ad6aa308a94fe3be8a4a60/window HTTP/1.1
User-Agent: selenium/4.7.1 (java windows)
Cache-Control: no-cache
Content-Type: application/json; charset=utf-8
host: localhost:37090
accept: */*

Response DefaultHttpResponse(decodeResult: success, version: HTTP/1.1)
HTTP/1.1 200 OK
Content-Type: application/json; charset=utf-8
cache-control: no-cache
content-length: 44

00:50:20.136 [AsyncHttpClient-1-7] DEBUG org.asynchttpclient.netty.channel.ChannelManager - Adding key: http://localhost:37090 for channel [id: 0xdb27294d, L:/127.0.0.1:59975 - R:localhost/127.0.0.1:37090]
00:50:20.137 [Forwarding getAlertText on session fdc1cc81b6ad6aa308a94fe3be8a4a60 to remote] DEBUG org.asynchttpclient.netty.request.NettyRequestSender - Using pooled Channel '[id: 0xdb27294d, L:/127.0.0.1:59975 - R:localhost/127.0.0.1:37090]' for 'GET' to 'http://localhost:37090/session/fdc1cc81b6ad6aa308a94fe3be8a4a60/alert/text'
00:50:20.137 [Forwarding getAlertText on session fdc1cc81b6ad6aa308a94fe3be8a4a60 to remote] DEBUG org.asynchttpclient.netty.request.NettyRequestSender - Using open Channel [id: 0xdb27294d, L:/127.0.0.1:59975 - R:localhost/127.0.0.1:37090] for GET '/session/fdc1cc81b6ad6aa308a94fe3be8a4a60/alert/text'
00:50:20.139 [AsyncHttpClient-1-7] DEBUG org.asynchttpclient.netty.handler.HttpHandler - 

Request DefaultFullHttpRequest(decodeResult: success, version: HTTP/1.1, content: EmptyByteBufBE)
GET /session/fdc1cc81b6ad6aa308a94fe3be8a4a60/alert/text HTTP/1.1
User-Agent: selenium/4.7.1 (java windows)
Cache-Control: no-cache
Content-Type: application/json; charset=utf-8
host: localhost:37090
accept: */*

Response DefaultHttpResponse(decodeResult: success, version: HTTP/1.1)
HTTP/1.1 404 Not Found
Content-Type: application/json; charset=utf-8
cache-control: no-cache
content-length: 849

00:50:20.140 [AsyncHttpClient-1-7] DEBUG org.asynchttpclient.netty.channel.ChannelManager - Adding key: http://localhost:37090 for channel [id: 0xdb27294d, L:/127.0.0.1:59975 - R:localhost/127.0.0.1:37090]
00:50:20.141 [Forwarding switchToWindow on session fdc1cc81b6ad6aa308a94fe3be8a4a60 to remote] DEBUG org.asynchttpclient.netty.request.NettyRequestSender - Using pooled Channel '[id: 0xdb27294d, L:/127.0.0.1:59975 - R:localhost/127.0.0.1:37090]' for 'POST' to 'http://localhost:37090/session/fdc1cc81b6ad6aa308a94fe3be8a4a60/window'
00:50:20.141 [Forwarding switchToWindow on session fdc1cc81b6ad6aa308a94fe3be8a4a60 to remote] DEBUG org.asynchttpclient.netty.request.NettyRequestSender - Using open Channel [id: 0xdb27294d, L:/127.0.0.1:59975 - R:localhost/127.0.0.1:37090] for POST '/session/fdc1cc81b6ad6aa308a94fe3be8a4a60/window'
00:50:20.143 [AsyncHttpClient-1-7] DEBUG org.asynchttpclient.netty.handler.HttpHandler - 

Request DefaultHttpRequest(decodeResult: success, version: HTTP/1.1)
POST /session/fdc1cc81b6ad6aa308a94fe3be8a4a60/window HTTP/1.1
User-Agent: selenium/4.7.1 (java windows)
Content-Length: 50
Content-Type: application/json; charset=utf-8
host: localhost:37090
accept: */*

Response DefaultHttpResponse(decodeResult: success, version: HTTP/1.1)
HTTP/1.1 200 OK
Content-Type: application/json; charset=utf-8
cache-control: no-cache
content-length: 14

00:50:20.143 [AsyncHttpClient-1-7] DEBUG org.asynchttpclient.netty.channel.ChannelManager - Adding key: http://localhost:37090 for channel [id: 0xdb27294d, L:/127.0.0.1:59975 - R:localhost/127.0.0.1:37090]
00:50:20.143 [Forwarding getCurrentUrl on session fdc1cc81b6ad6aa308a94fe3be8a4a60 to remote] DEBUG org.asynchttpclient.netty.request.NettyRequestSender - Using pooled Channel '[id: 0xdb27294d, L:/127.0.0.1:59975 - R:localhost/127.0.0.1:37090]' for 'GET' to 'http://localhost:37090/session/fdc1cc81b6ad6aa308a94fe3be8a4a60/url'
00:50:20.143 [Forwarding getCurrentUrl on session fdc1cc81b6ad6aa308a94fe3be8a4a60 to remote] DEBUG org.asynchttpclient.netty.request.NettyRequestSender - Using open Channel [id: 0xdb27294d, L:/127.0.0.1:59975 - R:localhost/127.0.0.1:37090] for GET '/session/fdc1cc81b6ad6aa308a94fe3be8a4a60/url'
00:50:20.146 [AsyncHttpClient-1-7] DEBUG org.asynchttpclient.netty.handler.HttpHandler - 

Request DefaultFullHttpRequest(decodeResult: success, version: HTTP/1.1, content: EmptyByteBufBE)
GET /session/fdc1cc81b6ad6aa308a94fe3be8a4a60/url HTTP/1.1
User-Agent: selenium/4.7.1 (java windows)
Cache-Control: no-cache
Content-Type: application/json; charset=utf-8
host: localhost:37090
accept: */*

Response DefaultHttpResponse(decodeResult: success, version: HTTP/1.1)
HTTP/1.1 200 OK
Content-Type: application/json; charset=utf-8
cache-control: no-cache
content-length: 54

00:50:20.146 [AsyncHttpClient-1-7] DEBUG org.asynchttpclient.netty.channel.ChannelManager - Adding key: http://localhost:37090 for channel [id: 0xdb27294d, L:/127.0.0.1:59975 - R:localhost/127.0.0.1:37090]
00:50:20.147 [Forwarding screenshot on session fdc1cc81b6ad6aa308a94fe3be8a4a60 to remote] DEBUG org.asynchttpclient.netty.request.NettyRequestSender - Using pooled Channel '[id: 0xdb27294d, L:/127.0.0.1:59975 - R:localhost/127.0.0.1:37090]' for 'GET' to 'http://localhost:37090/session/fdc1cc81b6ad6aa308a94fe3be8a4a60/screenshot'
00:50:20.147 [Forwarding screenshot on session fdc1cc81b6ad6aa308a94fe3be8a4a60 to remote] DEBUG org.asynchttpclient.netty.request.NettyRequestSender - Using open Channel [id: 0xdb27294d, L:/127.0.0.1:59975 - R:localhost/127.0.0.1:37090] for GET '/session/fdc1cc81b6ad6aa308a94fe3be8a4a60/screenshot'
00:50:20.299 [AsyncHttpClient-1-7] DEBUG org.asynchttpclient.netty.handler.HttpHandler - 

Request DefaultFullHttpRequest(decodeResult: success, version: HTTP/1.1, content: EmptyByteBufBE)
GET /session/fdc1cc81b6ad6aa308a94fe3be8a4a60/screenshot HTTP/1.1
User-Agent: selenium/4.7.1 (java windows)
Cache-Control: no-cache
Content-Type: application/json; charset=utf-8
host: localhost:37090
accept: */*

Response DefaultHttpResponse(decodeResult: success, version: HTTP/1.1)
HTTP/1.1 200 OK
Content-Type: application/json; charset=utf-8
cache-control: no-cache
content-length: 29580

00:50:20.299 [AsyncHttpClient-1-7] DEBUG org.asynchttpclient.netty.channel.ChannelManager - Adding key: http://localhost:37090 for channel [id: 0xdb27294d, L:/127.0.0.1:59975 - R:localhost/127.0.0.1:37090]
00:50:20.301 [main] DEBUG net.serenitybdd.core.photography.Darkroom - Send negative for processing for target\site\serenity\5f26bb1d70daa72dec2009b73f56629bbc69a46bd88e5df10840db8fd0f51c25.png
00:50:20.301 [main] DEBUG net.thucydides.core.steps.StepInterceptor - STEP DONE: inputNamaLengkap
  &amp#27;[32mAnd &amp#27;[0m&amp#27;[32muser tidak input nama lengkap&amp#27;[0m                                &amp#27;[90m# starter.stepdefinitions.RegisterSteps.userTidakInputNamaLengkap()&amp#27;[0m
00:50:20.301 [Darkroom Processing Line] DEBUG net.serenitybdd.core.photography.DarkroomProcessingLine - Processing screenshot image in /var/screenshots/screenshot-7326037103785909579
00:50:20.301 [Darkroom Processing Line] DEBUG net.serenitybdd.core.photography.DarkroomProcessingLine - Saving screenshot to target\site\serenity\5f26bb1d70daa72dec2009b73f56629bbc69a46bd88e5df10840db8fd0f51c25.png
00:50:20.312 [main] DEBUG net.thucydides.core.steps.StepInterceptor - STARTING STEP: RegisterSteps.userInputEmailUntukRegister - inputEmail
00:50:20.314 [Forwarding findElement on session fdc1cc81b6ad6aa308a94fe3be8a4a60 to remote] DEBUG org.asynchttpclient.netty.request.NettyRequestSender - Using pooled Channel '[id: 0xdb27294d, L:/127.0.0.1:59975 - R:localhost/127.0.0.1:37090]' for 'POST' to 'http://localhost:37090/session/fdc1cc81b6ad6aa308a94fe3be8a4a60/element'
00:50:20.314 [Forwarding findElement on session fdc1cc81b6ad6aa308a94fe3be8a4a60 to remote] DEBUG org.asynchttpclient.netty.request.NettyRequestSender - Using open Channel [id: 0xdb27294d, L:/127.0.0.1:59975 - R:localhost/127.0.0.1:37090] for POST '/session/fdc1cc81b6ad6aa308a94fe3be8a4a60/element'
00:50:20.328 [AsyncHttpClient-1-7] DEBUG org.asynchttpclient.netty.handler.HttpHandler - 

Request DefaultHttpRequest(decodeResult: success, version: HTTP/1.1)
POST /session/fdc1cc81b6ad6aa308a94fe3be8a4a60/element HTTP/1.1
User-Agent: selenium/4.7.1 (java windows)
Content-Length: 187
Content-Type: application/json; charset=utf-8
host: localhost:37090
accept: */*

Response DefaultHttpResponse(decodeResult: success, version: HTTP/1.1)
HTTP/1.1 200 OK
Content-Type: application/json; charset=utf-8
cache-control: no-cache
content-length: 88

00:50:20.328 [AsyncHttpClient-1-7] DEBUG org.asynchttpclient.netty.channel.ChannelManager - Adding key: http://localhost:37090 for channel [id: 0xdb27294d, L:/127.0.0.1:59975 - R:localhost/127.0.0.1:37090]
00:50:20.329 [Forwarding clearElement on session fdc1cc81b6ad6aa308a94fe3be8a4a60 to remote] DEBUG org.asynchttpclient.netty.request.NettyRequestSender - Using pooled Channel '[id: 0xdb27294d, L:/127.0.0.1:59975 - R:localhost/127.0.0.1:37090]' for 'POST' to 'http://localhost:37090/session/fdc1cc81b6ad6aa308a94fe3be8a4a60/element/797c6801-b681-4754-a151-f0a1f4c9b843/clear'
00:50:20.329 [Forwarding clearElement on session fdc1cc81b6ad6aa308a94fe3be8a4a60 to remote] DEBUG org.asynchttpclient.netty.request.NettyRequestSender - Using open Channel [id: 0xdb27294d, L:/127.0.0.1:59975 - R:localhost/127.0.0.1:37090] for POST '/session/fdc1cc81b6ad6aa308a94fe3be8a4a60/element/797c6801-b681-4754-a151-f0a1f4c9b843/clear'
00:50:20.362 [AsyncHttpClient-1-7] DEBUG org.asynchttpclient.netty.handler.HttpHandler - 

Request DefaultHttpRequest(decodeResult: success, version: HTTP/1.1)
POST /session/fdc1cc81b6ad6aa308a94fe3be8a4a60/element/797c6801-b681-4754-a151-f0a1f4c9b843/clear HTTP/1.1
User-Agent: selenium/4.7.1 (java windows)
Content-Length: 50
Content-Type: application/json; charset=utf-8
host: localhost:37090
accept: */*

Response DefaultHttpResponse(decodeResult: success, version: HTTP/1.1)
HTTP/1.1 200 OK
Content-Type: application/json; charset=utf-8
cache-control: no-cache
content-length: 14

00:50:20.362 [AsyncHttpClient-1-7] DEBUG org.asynchttpclient.netty.channel.ChannelManager - Adding key: http://localhost:37090 for channel [id: 0xdb27294d, L:/127.0.0.1:59975 - R:localhost/127.0.0.1:37090]
00:50:20.363 [Forwarding sendKeysToElement on session fdc1cc81b6ad6aa308a94fe3be8a4a60 to remote] DEBUG org.asynchttpclient.netty.request.NettyRequestSender - Using pooled Channel '[id: 0xdb27294d, L:/127.0.0.1:59975 - R:localhost/127.0.0.1:37090]' for 'POST' to 'http://localhost:37090/session/fdc1cc81b6ad6aa308a94fe3be8a4a60/element/797c6801-b681-4754-a151-f0a1f4c9b843/value'
00:50:20.363 [Forwarding sendKeysToElement on session fdc1cc81b6ad6aa308a94fe3be8a4a60 to remote] DEBUG org.asynchttpclient.netty.request.NettyRequestSender - Using open Channel [id: 0xdb27294d, L:/127.0.0.1:59975 - R:localhost/127.0.0.1:37090] for POST '/session/fdc1cc81b6ad6aa308a94fe3be8a4a60/element/797c6801-b681-4754-a151-f0a1f4c9b843/value'
00:50:20.482 [AsyncHttpClient-1-7] DEBUG org.asynchttpclient.netty.handler.HttpHandler - 

Request DefaultHttpRequest(decodeResult: success, version: HTTP/1.1)
POST /session/fdc1cc81b6ad6aa308a94fe3be8a4a60/element/797c6801-b681-4754-a151-f0a1f4c9b843/value HTTP/1.1
User-Agent: selenium/4.7.1 (java windows)
Content-Length: 211
Content-Type: application/json; charset=utf-8
host: localhost:37090
accept: */*

Response DefaultHttpResponse(decodeResult: success, version: HTTP/1.1)
HTTP/1.1 200 OK
Content-Type: application/json; charset=utf-8
cache-control: no-cache
content-length: 14

00:50:20.482 [AsyncHttpClient-1-7] DEBUG org.asynchttpclient.netty.channel.ChannelManager - Adding key: http://localhost:37090 for channel [id: 0xdb27294d, L:/127.0.0.1:59975 - R:localhost/127.0.0.1:37090]
00:50:20.493 [Forwarding getCurrentWindowHandle on session fdc1cc81b6ad6aa308a94fe3be8a4a60 to remote] DEBUG org.asynchttpclient.netty.request.NettyRequestSender - Using pooled Channel '[id: 0xdb27294d, L:/127.0.0.1:59975 - R:localhost/127.0.0.1:37090]' for 'GET' to 'http://localhost:37090/session/fdc1cc81b6ad6aa308a94fe3be8a4a60/window'
00:50:20.497 [Forwarding getCurrentWindowHandle on session fdc1cc81b6ad6aa308a94fe3be8a4a60 to remote] DEBUG org.asynchttpclient.netty.request.NettyRequestSender - Using open Channel [id: 0xdb27294d, L:/127.0.0.1:59975 - R:localhost/127.0.0.1:37090] for GET '/session/fdc1cc81b6ad6aa308a94fe3be8a4a60/window'
00:50:20.498 [AsyncHttpClient-1-7] DEBUG org.asynchttpclient.netty.handler.HttpHandler - 

Request DefaultFullHttpRequest(decodeResult: success, version: HTTP/1.1, content: EmptyByteBufBE)
GET /session/fdc1cc81b6ad6aa308a94fe3be8a4a60/window HTTP/1.1
User-Agent: selenium/4.7.1 (java windows)
Cache-Control: no-cache
Content-Type: application/json; charset=utf-8
host: localhost:37090
accept: */*

Response DefaultHttpResponse(decodeResult: success, version: HTTP/1.1)
HTTP/1.1 200 OK
Content-Type: application/json; charset=utf-8
cache-control: no-cache
content-length: 44

00:50:20.498 [AsyncHttpClient-1-7] DEBUG org.asynchttpclient.netty.channel.ChannelManager - Adding key: http://localhost:37090 for channel [id: 0xdb27294d, L:/127.0.0.1:59975 - R:localhost/127.0.0.1:37090]
00:50:20.499 [Forwarding getAlertText on session fdc1cc81b6ad6aa308a94fe3be8a4a60 to remote] DEBUG org.asynchttpclient.netty.request.NettyRequestSender - Using pooled Channel '[id: 0xdb27294d, L:/127.0.0.1:59975 - R:localhost/127.0.0.1:37090]' for 'GET' to 'http://localhost:37090/session/fdc1cc81b6ad6aa308a94fe3be8a4a60/alert/text'
00:50:20.499 [Forwarding getAlertText on session fdc1cc81b6ad6aa308a94fe3be8a4a60 to remote] DEBUG org.asynchttpclient.netty.request.NettyRequestSender - Using open Channel [id: 0xdb27294d, L:/127.0.0.1:59975 - R:localhost/127.0.0.1:37090] for GET '/session/fdc1cc81b6ad6aa308a94fe3be8a4a60/alert/text'
00:50:20.501 [AsyncHttpClient-1-7] DEBUG org.asynchttpclient.netty.handler.HttpHandler - 

Request DefaultFullHttpRequest(decodeResult: success, version: HTTP/1.1, content: EmptyByteBufBE)
GET /session/fdc1cc81b6ad6aa308a94fe3be8a4a60/alert/text HTTP/1.1
User-Agent: selenium/4.7.1 (java windows)
Cache-Control: no-cache
Content-Type: application/json; charset=utf-8
host: localhost:37090
accept: */*

Response DefaultHttpResponse(decodeResult: success, version: HTTP/1.1)
HTTP/1.1 404 Not Found
Content-Type: application/json; charset=utf-8
cache-control: no-cache
content-length: 849

00:50:20.502 [AsyncHttpClient-1-7] DEBUG org.asynchttpclient.netty.channel.ChannelManager - Adding key: http://localhost:37090 for channel [id: 0xdb27294d, L:/127.0.0.1:59975 - R:localhost/127.0.0.1:37090]
00:50:20.505 [Forwarding switchToWindow on session fdc1cc81b6ad6aa308a94fe3be8a4a60 to remote] DEBUG org.asynchttpclient.netty.request.NettyRequestSender - Using pooled Channel '[id: 0xdb27294d, L:/127.0.0.1:59975 - R:localhost/127.0.0.1:37090]' for 'POST' to 'http://localhost:37090/session/fdc1cc81b6ad6aa308a94fe3be8a4a60/window'
00:50:20.505 [Forwarding switchToWindow on session fdc1cc81b6ad6aa308a94fe3be8a4a60 to remote] DEBUG org.asynchttpclient.netty.request.NettyRequestSender - Using open Channel [id: 0xdb27294d, L:/127.0.0.1:59975 - R:localhost/127.0.0.1:37090] for POST '/session/fdc1cc81b6ad6aa308a94fe3be8a4a60/window'
00:50:20.507 [AsyncHttpClient-1-7] DEBUG org.asynchttpclient.netty.handler.HttpHandler - 

Request DefaultHttpRequest(decodeResult: success, version: HTTP/1.1)
POST /session/fdc1cc81b6ad6aa308a94fe3be8a4a60/window HTTP/1.1
User-Agent: selenium/4.7.1 (java windows)
Content-Length: 50
Content-Type: application/json; charset=utf-8
host: localhost:37090
accept: */*

Response DefaultHttpResponse(decodeResult: success, version: HTTP/1.1)
HTTP/1.1 200 OK
Content-Type: application/json; charset=utf-8
cache-control: no-cache
content-length: 14

00:50:20.508 [AsyncHttpClient-1-7] DEBUG org.asynchttpclient.netty.channel.ChannelManager - Adding key: http://localhost:37090 for channel [id: 0xdb27294d, L:/127.0.0.1:59975 - R:localhost/127.0.0.1:37090]
00:50:20.509 [Forwarding getCurrentUrl on session fdc1cc81b6ad6aa308a94fe3be8a4a60 to remote] DEBUG org.asynchttpclient.netty.request.NettyRequestSender - Using pooled Channel '[id: 0xdb27294d, L:/127.0.0.1:59975 - R:localhost/127.0.0.1:37090]' for 'GET' to 'http://localhost:37090/session/fdc1cc81b6ad6aa308a94fe3be8a4a60/url'
00:50:20.509 [Forwarding getCurrentUrl on session fdc1cc81b6ad6aa308a94fe3be8a4a60 to remote] DEBUG org.asynchttpclient.netty.request.NettyRequestSender - Using open Channel [id: 0xdb27294d, L:/127.0.0.1:59975 - R:localhost/127.0.0.1:37090] for GET '/session/fdc1cc81b6ad6aa308a94fe3be8a4a60/url'
00:50:20.514 [AsyncHttpClient-1-7] DEBUG org.asynchttpclient.netty.handler.HttpHandler - 

Request DefaultFullHttpRequest(decodeResult: success, version: HTTP/1.1, content: EmptyByteBufBE)
GET /session/fdc1cc81b6ad6aa308a94fe3be8a4a60/url HTTP/1.1
User-Agent: selenium/4.7.1 (java windows)
Cache-Control: no-cache
Content-Type: application/json; charset=utf-8
host: localhost:37090
accept: */*

Response DefaultHttpResponse(decodeResult: success, version: HTTP/1.1)
HTTP/1.1 200 OK
Content-Type: application/json; charset=utf-8
cache-control: no-cache
content-length: 54

00:50:20.515 [AsyncHttpClient-1-7] DEBUG org.asynchttpclient.netty.channel.ChannelManager - Adding key: http://localhost:37090 for channel [id: 0xdb27294d, L:/127.0.0.1:59975 - R:localhost/127.0.0.1:37090]
00:50:20.516 [Forwarding screenshot on session fdc1cc81b6ad6aa308a94fe3be8a4a60 to remote] DEBUG org.asynchttpclient.netty.request.NettyRequestSender - Using pooled Channel '[id: 0xdb27294d, L:/127.0.0.1:59975 - R:localhost/127.0.0.1:37090]' for 'GET' to 'http://localhost:37090/session/fdc1cc81b6ad6aa308a94fe3be8a4a60/screenshot'
00:50:20.516 [Forwarding screenshot on session fdc1cc81b6ad6aa308a94fe3be8a4a60 to remote] DEBUG org.asynchttpclient.netty.request.NettyRequestSender - Using open Channel [id: 0xdb27294d, L:/127.0.0.1:59975 - R:localhost/127.0.0.1:37090] for GET '/session/fdc1cc81b6ad6aa308a94fe3be8a4a60/screenshot'
00:50:20.653 [AsyncHttpClient-1-7] DEBUG org.asynchttpclient.netty.handler.HttpHandler - 

Request DefaultFullHttpRequest(decodeResult: success, version: HTTP/1.1, content: EmptyByteBufBE)
GET /session/fdc1cc81b6ad6aa308a94fe3be8a4a60/screenshot HTTP/1.1
User-Agent: selenium/4.7.1 (java windows)
Cache-Control: no-cache
Content-Type: application/json; charset=utf-8
host: localhost:37090
accept: */*

Response DefaultHttpResponse(decodeResult: success, version: HTTP/1.1)
HTTP/1.1 200 OK
Content-Type: application/json; charset=utf-8
cache-control: no-cache
content-length: 34296

00:50:20.653 [AsyncHttpClient-1-7] DEBUG org.asynchttpclient.netty.channel.ChannelManager - Adding key: http://localhost:37090 for channel [id: 0xdb27294d, L:/127.0.0.1:59975 - R:localhost/127.0.0.1:37090]
00:50:20.656 [main] DEBUG net.serenitybdd.core.photography.Darkroom - Send negative for processing for target\site\serenity\93299c30a0134484185c5aab6399176e2525e175a0bd0e22a38766bcd057d3a0.png
00:50:20.656 [main] DEBUG net.thucydides.core.steps.StepInterceptor - STEP DONE: inputEmail
00:50:20.656 [Darkroom Processing Line] DEBUG net.serenitybdd.core.photography.DarkroomProcessingLine - Processing screenshot image in /var/screenshots/screenshot-4893982253307123815
00:50:20.656 [Darkroom Processing Line] DEBUG net.serenitybdd.core.photography.DarkroomProcessingLine - Saving screenshot to target\site\serenity\93299c30a0134484185c5aab6399176e2525e175a0bd0e22a38766bcd057d3a0.png
  &amp#27;[32mAnd &amp#27;[0m&amp#27;[32muser input email untuk register&amp#27;[0m                              &amp#27;[90m# starter.stepdefinitions.RegisterSteps.userInputEmailUntukRegister()&amp#27;[0m
00:50:20.667 [main] DEBUG net.thucydides.core.steps.StepInterceptor - STARTING STEP: RegisterSteps.userInputPasswordUntukRegister - inputPassword
00:50:20.669 [Forwarding findElement on session fdc1cc81b6ad6aa308a94fe3be8a4a60 to remote] DEBUG org.asynchttpclient.netty.request.NettyRequestSender - Using pooled Channel '[id: 0xdb27294d, L:/127.0.0.1:59975 - R:localhost/127.0.0.1:37090]' for 'POST' to 'http://localhost:37090/session/fdc1cc81b6ad6aa308a94fe3be8a4a60/element'
00:50:20.669 [Forwarding findElement on session fdc1cc81b6ad6aa308a94fe3be8a4a60 to remote] DEBUG org.asynchttpclient.netty.request.NettyRequestSender - Using open Channel [id: 0xdb27294d, L:/127.0.0.1:59975 - R:localhost/127.0.0.1:37090] for POST '/session/fdc1cc81b6ad6aa308a94fe3be8a4a60/element'
00:50:20.684 [AsyncHttpClient-1-7] DEBUG org.asynchttpclient.netty.handler.HttpHandler - 

Request DefaultHttpRequest(decodeResult: success, version: HTTP/1.1)
POST /session/fdc1cc81b6ad6aa308a94fe3be8a4a60/element HTTP/1.1
User-Agent: selenium/4.7.1 (java windows)
Content-Length: 187
Content-Type: application/json; charset=utf-8
host: localhost:37090
accept: */*

Response DefaultHttpResponse(decodeResult: success, version: HTTP/1.1)
HTTP/1.1 200 OK
Content-Type: application/json; charset=utf-8
cache-control: no-cache
content-length: 88

00:50:20.684 [AsyncHttpClient-1-7] DEBUG org.asynchttpclient.netty.channel.ChannelManager - Adding key: http://localhost:37090 for channel [id: 0xdb27294d, L:/127.0.0.1:59975 - R:localhost/127.0.0.1:37090]
00:50:20.685 [Forwarding clearElement on session fdc1cc81b6ad6aa308a94fe3be8a4a60 to remote] DEBUG org.asynchttpclient.netty.request.NettyRequestSender - Using pooled Channel '[id: 0xdb27294d, L:/127.0.0.1:59975 - R:localhost/127.0.0.1:37090]' for 'POST' to 'http://localhost:37090/session/fdc1cc81b6ad6aa308a94fe3be8a4a60/element/66d5691a-3bdf-44ee-8929-2bb699e76221/clear'
00:50:20.685 [Forwarding clearElement on session fdc1cc81b6ad6aa308a94fe3be8a4a60 to remote] DEBUG org.asynchttpclient.netty.request.NettyRequestSender - Using open Channel [id: 0xdb27294d, L:/127.0.0.1:59975 - R:localhost/127.0.0.1:37090] for POST '/session/fdc1cc81b6ad6aa308a94fe3be8a4a60/element/66d5691a-3bdf-44ee-8929-2bb699e76221/clear'
00:50:20.721 [AsyncHttpClient-1-7] DEBUG org.asynchttpclient.netty.handler.HttpHandler - 

Request DefaultHttpRequest(decodeResult: success, version: HTTP/1.1)
POST /session/fdc1cc81b6ad6aa308a94fe3be8a4a60/element/66d5691a-3bdf-44ee-8929-2bb699e76221/clear HTTP/1.1
User-Agent: selenium/4.7.1 (java windows)
Content-Length: 50
Content-Type: application/json; charset=utf-8
host: localhost:37090
accept: */*

Response DefaultHttpResponse(decodeResult: success, version: HTTP/1.1)
HTTP/1.1 200 OK
Content-Type: application/json; charset=utf-8
cache-control: no-cache
content-length: 14

00:50:20.722 [AsyncHttpClient-1-7] DEBUG org.asynchttpclient.netty.channel.ChannelManager - Adding key: http://localhost:37090 for channel [id: 0xdb27294d, L:/127.0.0.1:59975 - R:localhost/127.0.0.1:37090]
00:50:20.723 [Forwarding sendKeysToElement on session fdc1cc81b6ad6aa308a94fe3be8a4a60 to remote] DEBUG org.asynchttpclient.netty.request.NettyRequestSender - Using pooled Channel '[id: 0xdb27294d, L:/127.0.0.1:59975 - R:localhost/127.0.0.1:37090]' for 'POST' to 'http://localhost:37090/session/fdc1cc81b6ad6aa308a94fe3be8a4a60/element/66d5691a-3bdf-44ee-8929-2bb699e76221/value'
00:50:20.723 [Forwarding sendKeysToElement on session fdc1cc81b6ad6aa308a94fe3be8a4a60 to remote] DEBUG org.asynchttpclient.netty.request.NettyRequestSender - Using open Channel [id: 0xdb27294d, L:/127.0.0.1:59975 - R:localhost/127.0.0.1:37090] for POST '/session/fdc1cc81b6ad6aa308a94fe3be8a4a60/element/66d5691a-3bdf-44ee-8929-2bb699e76221/value'
00:50:20.780 [AsyncHttpClient-1-7] DEBUG org.asynchttpclient.netty.handler.HttpHandler - 

Request DefaultHttpRequest(decodeResult: success, version: HTTP/1.1)
POST /session/fdc1cc81b6ad6aa308a94fe3be8a4a60/element/66d5691a-3bdf-44ee-8929-2bb699e76221/value HTTP/1.1
User-Agent: selenium/4.7.1 (java windows)
Content-Length: 111
Content-Type: application/json; charset=utf-8
host: localhost:37090
accept: */*

Response DefaultHttpResponse(decodeResult: success, version: HTTP/1.1)
HTTP/1.1 200 OK
Content-Type: application/json; charset=utf-8
cache-control: no-cache
content-length: 14

00:50:20.780 [AsyncHttpClient-1-7] DEBUG org.asynchttpclient.netty.channel.ChannelManager - Adding key: http://localhost:37090 for channel [id: 0xdb27294d, L:/127.0.0.1:59975 - R:localhost/127.0.0.1:37090]
00:50:20.786 [Forwarding getCurrentWindowHandle on session fdc1cc81b6ad6aa308a94fe3be8a4a60 to remote] DEBUG org.asynchttpclient.netty.request.NettyRequestSender - Using pooled Channel '[id: 0xdb27294d, L:/127.0.0.1:59975 - R:localhost/127.0.0.1:37090]' for 'GET' to 'http://localhost:37090/session/fdc1cc81b6ad6aa308a94fe3be8a4a60/window'
00:50:20.786 [Forwarding getCurrentWindowHandle on session fdc1cc81b6ad6aa308a94fe3be8a4a60 to remote] DEBUG org.asynchttpclient.netty.request.NettyRequestSender - Using open Channel [id: 0xdb27294d, L:/127.0.0.1:59975 - R:localhost/127.0.0.1:37090] for GET '/session/fdc1cc81b6ad6aa308a94fe3be8a4a60/window'
00:50:20.787 [AsyncHttpClient-1-7] DEBUG org.asynchttpclient.netty.handler.HttpHandler - 

Request DefaultFullHttpRequest(decodeResult: success, version: HTTP/1.1, content: EmptyByteBufBE)
GET /session/fdc1cc81b6ad6aa308a94fe3be8a4a60/window HTTP/1.1
User-Agent: selenium/4.7.1 (java windows)
Cache-Control: no-cache
Content-Type: application/json; charset=utf-8
host: localhost:37090
accept: */*

Response DefaultHttpResponse(decodeResult: success, version: HTTP/1.1)
HTTP/1.1 200 OK
Content-Type: application/json; charset=utf-8
cache-control: no-cache
content-length: 44

00:50:20.787 [AsyncHttpClient-1-7] DEBUG org.asynchttpclient.netty.channel.ChannelManager - Adding key: http://localhost:37090 for channel [id: 0xdb27294d, L:/127.0.0.1:59975 - R:localhost/127.0.0.1:37090]
00:50:20.788 [Forwarding getAlertText on session fdc1cc81b6ad6aa308a94fe3be8a4a60 to remote] DEBUG org.asynchttpclient.netty.request.NettyRequestSender - Using pooled Channel '[id: 0xdb27294d, L:/127.0.0.1:59975 - R:localhost/127.0.0.1:37090]' for 'GET' to 'http://localhost:37090/session/fdc1cc81b6ad6aa308a94fe3be8a4a60/alert/text'
00:50:20.788 [Forwarding getAlertText on session fdc1cc81b6ad6aa308a94fe3be8a4a60 to remote] DEBUG org.asynchttpclient.netty.request.NettyRequestSender - Using open Channel [id: 0xdb27294d, L:/127.0.0.1:59975 - R:localhost/127.0.0.1:37090] for GET '/session/fdc1cc81b6ad6aa308a94fe3be8a4a60/alert/text'
00:50:20.791 [AsyncHttpClient-1-7] DEBUG org.asynchttpclient.netty.handler.HttpHandler - 

Request DefaultFullHttpRequest(decodeResult: success, version: HTTP/1.1, content: EmptyByteBufBE)
GET /session/fdc1cc81b6ad6aa308a94fe3be8a4a60/alert/text HTTP/1.1
User-Agent: selenium/4.7.1 (java windows)
Cache-Control: no-cache
Content-Type: application/json; charset=utf-8
host: localhost:37090
accept: */*

Response DefaultHttpResponse(decodeResult: success, version: HTTP/1.1)
HTTP/1.1 404 Not Found
Content-Type: application/json; charset=utf-8
cache-control: no-cache
content-length: 849

00:50:20.791 [AsyncHttpClient-1-7] DEBUG org.asynchttpclient.netty.channel.ChannelManager - Adding key: http://localhost:37090 for channel [id: 0xdb27294d, L:/127.0.0.1:59975 - R:localhost/127.0.0.1:37090]
00:50:20.792 [Forwarding switchToWindow on session fdc1cc81b6ad6aa308a94fe3be8a4a60 to remote] DEBUG org.asynchttpclient.netty.request.NettyRequestSender - Using pooled Channel '[id: 0xdb27294d, L:/127.0.0.1:59975 - R:localhost/127.0.0.1:37090]' for 'POST' to 'http://localhost:37090/session/fdc1cc81b6ad6aa308a94fe3be8a4a60/window'
00:50:20.792 [Forwarding switchToWindow on session fdc1cc81b6ad6aa308a94fe3be8a4a60 to remote] DEBUG org.asynchttpclient.netty.request.NettyRequestSender - Using open Channel [id: 0xdb27294d, L:/127.0.0.1:59975 - R:localhost/127.0.0.1:37090] for POST '/session/fdc1cc81b6ad6aa308a94fe3be8a4a60/window'
00:50:20.794 [AsyncHttpClient-1-7] DEBUG org.asynchttpclient.netty.handler.HttpHandler - 

Request DefaultHttpRequest(decodeResult: success, version: HTTP/1.1)
POST /session/fdc1cc81b6ad6aa308a94fe3be8a4a60/window HTTP/1.1
User-Agent: selenium/4.7.1 (java windows)
Content-Length: 50
Content-Type: application/json; charset=utf-8
host: localhost:37090
accept: */*

Response DefaultHttpResponse(decodeResult: success, version: HTTP/1.1)
HTTP/1.1 200 OK
Content-Type: application/json; charset=utf-8
cache-control: no-cache
content-length: 14

00:50:20.794 [AsyncHttpClient-1-7] DEBUG org.asynchttpclient.netty.channel.ChannelManager - Adding key: http://localhost:37090 for channel [id: 0xdb27294d, L:/127.0.0.1:59975 - R:localhost/127.0.0.1:37090]
00:50:20.794 [Forwarding getCurrentUrl on session fdc1cc81b6ad6aa308a94fe3be8a4a60 to remote] DEBUG org.asynchttpclient.netty.request.NettyRequestSender - Using pooled Channel '[id: 0xdb27294d, L:/127.0.0.1:59975 - R:localhost/127.0.0.1:37090]' for 'GET' to 'http://localhost:37090/session/fdc1cc81b6ad6aa308a94fe3be8a4a60/url'
00:50:20.794 [Forwarding getCurrentUrl on session fdc1cc81b6ad6aa308a94fe3be8a4a60 to remote] DEBUG org.asynchttpclient.netty.request.NettyRequestSender - Using open Channel [id: 0xdb27294d, L:/127.0.0.1:59975 - R:localhost/127.0.0.1:37090] for GET '/session/fdc1cc81b6ad6aa308a94fe3be8a4a60/url'
00:50:20.798 [AsyncHttpClient-1-7] DEBUG org.asynchttpclient.netty.handler.HttpHandler - 

Request DefaultFullHttpRequest(decodeResult: success, version: HTTP/1.1, content: EmptyByteBufBE)
GET /session/fdc1cc81b6ad6aa308a94fe3be8a4a60/url HTTP/1.1
User-Agent: selenium/4.7.1 (java windows)
Cache-Control: no-cache
Content-Type: application/json; charset=utf-8
host: localhost:37090
accept: */*

Response DefaultHttpResponse(decodeResult: success, version: HTTP/1.1)
HTTP/1.1 200 OK
Content-Type: application/json; charset=utf-8
cache-control: no-cache
content-length: 54

00:50:20.798 [AsyncHttpClient-1-7] DEBUG org.asynchttpclient.netty.channel.ChannelManager - Adding key: http://localhost:37090 for channel [id: 0xdb27294d, L:/127.0.0.1:59975 - R:localhost/127.0.0.1:37090]
00:50:20.799 [Forwarding screenshot on session fdc1cc81b6ad6aa308a94fe3be8a4a60 to remote] DEBUG org.asynchttpclient.netty.request.NettyRequestSender - Using pooled Channel '[id: 0xdb27294d, L:/127.0.0.1:59975 - R:localhost/127.0.0.1:37090]' for 'GET' to 'http://localhost:37090/session/fdc1cc81b6ad6aa308a94fe3be8a4a60/screenshot'
00:50:20.799 [Forwarding screenshot on session fdc1cc81b6ad6aa308a94fe3be8a4a60 to remote] DEBUG org.asynchttpclient.netty.request.NettyRequestSender - Using open Channel [id: 0xdb27294d, L:/127.0.0.1:59975 - R:localhost/127.0.0.1:37090] for GET '/session/fdc1cc81b6ad6aa308a94fe3be8a4a60/screenshot'
00:50:20.928 [AsyncHttpClient-1-7] DEBUG org.asynchttpclient.netty.handler.HttpHandler - 

Request DefaultFullHttpRequest(decodeResult: success, version: HTTP/1.1, content: EmptyByteBufBE)
GET /session/fdc1cc81b6ad6aa308a94fe3be8a4a60/screenshot HTTP/1.1
User-Agent: selenium/4.7.1 (java windows)
Cache-Control: no-cache
Content-Type: application/json; charset=utf-8
host: localhost:37090
accept: */*

Response DefaultHttpResponse(decodeResult: success, version: HTTP/1.1)
HTTP/1.1 200 OK
Content-Type: application/json; charset=utf-8
cache-control: no-cache
content-length: 33388

00:50:20.928 [AsyncHttpClient-1-7] DEBUG org.asynchttpclient.netty.channel.ChannelManager - Adding key: http://localhost:37090 for channel [id: 0xdb27294d, L:/127.0.0.1:59975 - R:localhost/127.0.0.1:37090]
00:50:20.929 [AsyncHttpClient-1-1] DEBUG org.asynchttpclient.netty.channel.DefaultChannelPool - Entry count for : http://localhost:59976 : 1
00:50:20.929 [AsyncHttpClient-1-1] DEBUG org.asynchttpclient.netty.channel.DefaultChannelPool - Entry count for : http://localhost:37090 : 1
00:50:20.930 [main] DEBUG net.serenitybdd.core.photography.Darkroom - Send negative for processing for target\site\serenity\2ae1f574b7f168c06caff3256e83dcc22051e376b4c4a729fcc5614116aa9a6f.png
00:50:20.930 [main] DEBUG net.thucydides.core.steps.StepInterceptor - STEP DONE: inputPassword
00:50:20.930 [Darkroom Processing Line] DEBUG net.serenitybdd.core.photography.DarkroomProcessingLine - Processing screenshot image in /var/screenshots/screenshot-5240965251102105181
00:50:20.930 [Darkroom Processing Line] DEBUG net.serenitybdd.core.photography.DarkroomProcessingLine - Saving screenshot to target\site\serenity\2ae1f574b7f168c06caff3256e83dcc22051e376b4c4a729fcc5614116aa9a6f.png
  &amp#27;[32mAnd &amp#27;[0m&amp#27;[32muser input password untuk register&amp#27;[0m                           &amp#27;[90m# starter.stepdefinitions.RegisterSteps.userInputPasswordUntukRegister()&amp#27;[0m
00:50:20.941 [main] DEBUG net.thucydides.core.steps.StepInterceptor - STARTING STEP: RegisterSteps.userKlikRegisterYangKedua - klikButtonRegister
00:50:20.943 [Forwarding findElement on session fdc1cc81b6ad6aa308a94fe3be8a4a60 to remote] DEBUG org.asynchttpclient.netty.request.NettyRequestSender - Using pooled Channel '[id: 0xdb27294d, L:/127.0.0.1:59975 - R:localhost/127.0.0.1:37090]' for 'POST' to 'http://localhost:37090/session/fdc1cc81b6ad6aa308a94fe3be8a4a60/element'
00:50:20.943 [Forwarding findElement on session fdc1cc81b6ad6aa308a94fe3be8a4a60 to remote] DEBUG org.asynchttpclient.netty.request.NettyRequestSender - Using open Channel [id: 0xdb27294d, L:/127.0.0.1:59975 - R:localhost/127.0.0.1:37090] for POST '/session/fdc1cc81b6ad6aa308a94fe3be8a4a60/element'
00:50:20.954 [AsyncHttpClient-1-7] DEBUG org.asynchttpclient.netty.handler.HttpHandler - 

Request DefaultHttpRequest(decodeResult: success, version: HTTP/1.1)
POST /session/fdc1cc81b6ad6aa308a94fe3be8a4a60/element HTTP/1.1
User-Agent: selenium/4.7.1 (java windows)
Content-Length: 141
Content-Type: application/json; charset=utf-8
host: localhost:37090
accept: */*

Response DefaultHttpResponse(decodeResult: success, version: HTTP/1.1)
HTTP/1.1 200 OK
Content-Type: application/json; charset=utf-8
cache-control: no-cache
content-length: 88

00:50:20.954 [AsyncHttpClient-1-7] DEBUG org.asynchttpclient.netty.channel.ChannelManager - Adding key: http://localhost:37090 for channel [id: 0xdb27294d, L:/127.0.0.1:59975 - R:localhost/127.0.0.1:37090]
00:50:20.956 [Forwarding getElementTagName on session fdc1cc81b6ad6aa308a94fe3be8a4a60 to remote] DEBUG org.asynchttpclient.netty.request.NettyRequestSender - Using pooled Channel '[id: 0xdb27294d, L:/127.0.0.1:59975 - R:localhost/127.0.0.1:37090]' for 'GET' to 'http://localhost:37090/session/fdc1cc81b6ad6aa308a94fe3be8a4a60/element/a61579a3-a17d-4d02-a768-2b77141b6108/name'
00:50:20.956 [Forwarding getElementTagName on session fdc1cc81b6ad6aa308a94fe3be8a4a60 to remote] DEBUG org.asynchttpclient.netty.request.NettyRequestSender - Using open Channel [id: 0xdb27294d, L:/127.0.0.1:59975 - R:localhost/127.0.0.1:37090] for GET '/session/fdc1cc81b6ad6aa308a94fe3be8a4a60/element/a61579a3-a17d-4d02-a768-2b77141b6108/name'
00:50:20.961 [AsyncHttpClient-1-7] DEBUG org.asynchttpclient.netty.handler.HttpHandler - 

Request DefaultFullHttpRequest(decodeResult: success, version: HTTP/1.1, content: EmptyByteBufBE)
GET /session/fdc1cc81b6ad6aa308a94fe3be8a4a60/element/a61579a3-a17d-4d02-a768-2b77141b6108/name HTTP/1.1
User-Agent: selenium/4.7.1 (java windows)
Cache-Control: no-cache
Content-Type: application/json; charset=utf-8
host: localhost:37090
accept: */*

Response DefaultHttpResponse(decodeResult: success, version: HTTP/1.1)
HTTP/1.1 200 OK
Content-Type: application/json; charset=utf-8
cache-control: no-cache
content-length: 18

00:50:20.961 [AsyncHttpClient-1-7] DEBUG org.asynchttpclient.netty.channel.ChannelManager - Adding key: http://localhost:37090 for channel [id: 0xdb27294d, L:/127.0.0.1:59975 - R:localhost/127.0.0.1:37090]
00:50:20.962 [Forwarding getElementTagName on session fdc1cc81b6ad6aa308a94fe3be8a4a60 to remote] DEBUG org.asynchttpclient.netty.request.NettyRequestSender - Using pooled Channel '[id: 0xdb27294d, L:/127.0.0.1:59975 - R:localhost/127.0.0.1:37090]' for 'GET' to 'http://localhost:37090/session/fdc1cc81b6ad6aa308a94fe3be8a4a60/element/a61579a3-a17d-4d02-a768-2b77141b6108/name'
00:50:20.962 [Forwarding getElementTagName on session fdc1cc81b6ad6aa308a94fe3be8a4a60 to remote] DEBUG org.asynchttpclient.netty.request.NettyRequestSender - Using open Channel [id: 0xdb27294d, L:/127.0.0.1:59975 - R:localhost/127.0.0.1:37090] for GET '/session/fdc1cc81b6ad6aa308a94fe3be8a4a60/element/a61579a3-a17d-4d02-a768-2b77141b6108/name'
00:50:20.965 [AsyncHttpClient-1-7] DEBUG org.asynchttpclient.netty.handler.HttpHandler - 

Request DefaultFullHttpRequest(decodeResult: success, version: HTTP/1.1, content: EmptyByteBufBE)
GET /session/fdc1cc81b6ad6aa308a94fe3be8a4a60/element/a61579a3-a17d-4d02-a768-2b77141b6108/name HTTP/1.1
User-Agent: selenium/4.7.1 (java windows)
Cache-Control: no-cache
Content-Type: application/json; charset=utf-8
host: localhost:37090
accept: */*

Response DefaultHttpResponse(decodeResult: success, version: HTTP/1.1)
HTTP/1.1 200 OK
Content-Type: application/json; charset=utf-8
cache-control: no-cache
content-length: 18

00:50:20.965 [AsyncHttpClient-1-7] DEBUG org.asynchttpclient.netty.channel.ChannelManager - Adding key: http://localhost:37090 for channel [id: 0xdb27294d, L:/127.0.0.1:59975 - R:localhost/127.0.0.1:37090]
00:50:20.967 [Forwarding isElementEnabled on session fdc1cc81b6ad6aa308a94fe3be8a4a60 to remote] DEBUG org.asynchttpclient.netty.request.NettyRequestSender - Using pooled Channel '[id: 0xdb27294d, L:/127.0.0.1:59975 - R:localhost/127.0.0.1:37090]' for 'GET' to 'http://localhost:37090/session/fdc1cc81b6ad6aa308a94fe3be8a4a60/element/a61579a3-a17d-4d02-a768-2b77141b6108/enabled'
00:50:20.967 [Forwarding isElementEnabled on session fdc1cc81b6ad6aa308a94fe3be8a4a60 to remote] DEBUG org.asynchttpclient.netty.request.NettyRequestSender - Using open Channel [id: 0xdb27294d, L:/127.0.0.1:59975 - R:localhost/127.0.0.1:37090] for GET '/session/fdc1cc81b6ad6aa308a94fe3be8a4a60/element/a61579a3-a17d-4d02-a768-2b77141b6108/enabled'
00:50:20.976 [AsyncHttpClient-1-7] DEBUG org.asynchttpclient.netty.handler.HttpHandler - 

Request DefaultFullHttpRequest(decodeResult: success, version: HTTP/1.1, content: EmptyByteBufBE)
GET /session/fdc1cc81b6ad6aa308a94fe3be8a4a60/element/a61579a3-a17d-4d02-a768-2b77141b6108/enabled HTTP/1.1
User-Agent: selenium/4.7.1 (java windows)
Cache-Control: no-cache
Content-Type: application/json; charset=utf-8
host: localhost:37090
accept: */*

Response DefaultHttpResponse(decodeResult: success, version: HTTP/1.1)
HTTP/1.1 200 OK
Content-Type: application/json; charset=utf-8
cache-control: no-cache
content-length: 14

00:50:20.976 [AsyncHttpClient-1-7] DEBUG org.asynchttpclient.netty.channel.ChannelManager - Adding key: http://localhost:37090 for channel [id: 0xdb27294d, L:/127.0.0.1:59975 - R:localhost/127.0.0.1:37090]
00:50:20.977 [Forwarding isElementEnabled on session fdc1cc81b6ad6aa308a94fe3be8a4a60 to remote] DEBUG org.asynchttpclient.netty.request.NettyRequestSender - Using pooled Channel '[id: 0xdb27294d, L:/127.0.0.1:59975 - R:localhost/127.0.0.1:37090]' for 'GET' to 'http://localhost:37090/session/fdc1cc81b6ad6aa308a94fe3be8a4a60/element/a61579a3-a17d-4d02-a768-2b77141b6108/enabled'
00:50:20.977 [Forwarding isElementEnabled on session fdc1cc81b6ad6aa308a94fe3be8a4a60 to remote] DEBUG org.asynchttpclient.netty.request.NettyRequestSender - Using open Channel [id: 0xdb27294d, L:/127.0.0.1:59975 - R:localhost/127.0.0.1:37090] for GET '/session/fdc1cc81b6ad6aa308a94fe3be8a4a60/element/a61579a3-a17d-4d02-a768-2b77141b6108/enabled'
00:50:20.981 [AsyncHttpClient-1-7] DEBUG org.asynchttpclient.netty.handler.HttpHandler - 

Request DefaultFullHttpRequest(decodeResult: success, version: HTTP/1.1, content: EmptyByteBufBE)
GET /session/fdc1cc81b6ad6aa308a94fe3be8a4a60/element/a61579a3-a17d-4d02-a768-2b77141b6108/enabled HTTP/1.1
User-Agent: selenium/4.7.1 (java windows)
Cache-Control: no-cache
Content-Type: application/json; charset=utf-8
host: localhost:37090
accept: */*

Response DefaultHttpResponse(decodeResult: success, version: HTTP/1.1)
HTTP/1.1 200 OK
Content-Type: application/json; charset=utf-8
cache-control: no-cache
content-length: 14

00:50:20.982 [AsyncHttpClient-1-7] DEBUG org.asynchttpclient.netty.channel.ChannelManager - Adding key: http://localhost:37090 for channel [id: 0xdb27294d, L:/127.0.0.1:59975 - R:localhost/127.0.0.1:37090]
00:50:20.983 [Forwarding findElement on session fdc1cc81b6ad6aa308a94fe3be8a4a60 to remote] DEBUG org.asynchttpclient.netty.request.NettyRequestSender - Using pooled Channel '[id: 0xdb27294d, L:/127.0.0.1:59975 - R:localhost/127.0.0.1:37090]' for 'POST' to 'http://localhost:37090/session/fdc1cc81b6ad6aa308a94fe3be8a4a60/element'
00:50:20.983 [Forwarding findElement on session fdc1cc81b6ad6aa308a94fe3be8a4a60 to remote] DEBUG org.asynchttpclient.netty.request.NettyRequestSender - Using open Channel [id: 0xdb27294d, L:/127.0.0.1:59975 - R:localhost/127.0.0.1:37090] for POST '/session/fdc1cc81b6ad6aa308a94fe3be8a4a60/element'
00:50:20.991 [AsyncHttpClient-1-7] DEBUG org.asynchttpclient.netty.handler.HttpHandler - 

Request DefaultHttpRequest(decodeResult: success, version: HTTP/1.1)
POST /session/fdc1cc81b6ad6aa308a94fe3be8a4a60/element HTTP/1.1
User-Agent: selenium/4.7.1 (java windows)
Content-Length: 141
Content-Type: application/json; charset=utf-8
host: localhost:37090
accept: */*

Response DefaultHttpResponse(decodeResult: success, version: HTTP/1.1)
HTTP/1.1 200 OK
Content-Type: application/json; charset=utf-8
cache-control: no-cache
content-length: 88

00:50:20.991 [AsyncHttpClient-1-7] DEBUG org.asynchttpclient.netty.channel.ChannelManager - Adding key: http://localhost:37090 for channel [id: 0xdb27294d, L:/127.0.0.1:59975 - R:localhost/127.0.0.1:37090]
00:50:20.992 [Forwarding clickElement on session fdc1cc81b6ad6aa308a94fe3be8a4a60 to remote] DEBUG org.asynchttpclient.netty.request.NettyRequestSender - Using pooled Channel '[id: 0xdb27294d, L:/127.0.0.1:59975 - R:localhost/127.0.0.1:37090]' for 'POST' to 'http://localhost:37090/session/fdc1cc81b6ad6aa308a94fe3be8a4a60/element/a61579a3-a17d-4d02-a768-2b77141b6108/click'
00:50:20.992 [Forwarding clickElement on session fdc1cc81b6ad6aa308a94fe3be8a4a60 to remote] DEBUG org.asynchttpclient.netty.request.NettyRequestSender - Using open Channel [id: 0xdb27294d, L:/127.0.0.1:59975 - R:localhost/127.0.0.1:37090] for POST '/session/fdc1cc81b6ad6aa308a94fe3be8a4a60/element/a61579a3-a17d-4d02-a768-2b77141b6108/click'
00:50:21.043 [AsyncHttpClient-1-7] DEBUG org.asynchttpclient.netty.handler.HttpHandler - 

Request DefaultHttpRequest(decodeResult: success, version: HTTP/1.1)
POST /session/fdc1cc81b6ad6aa308a94fe3be8a4a60/element/a61579a3-a17d-4d02-a768-2b77141b6108/click HTTP/1.1
User-Agent: selenium/4.7.1 (java windows)
Content-Length: 50
Content-Type: application/json; charset=utf-8
host: localhost:37090
accept: */*

Response DefaultHttpResponse(decodeResult: success, version: HTTP/1.1)
HTTP/1.1 200 OK
Content-Type: application/json; charset=utf-8
cache-control: no-cache
content-length: 14

00:50:21.044 [AsyncHttpClient-1-7] DEBUG org.asynchttpclient.netty.channel.ChannelManager - Adding key: http://localhost:37090 for channel [id: 0xdb27294d, L:/127.0.0.1:59975 - R:localhost/127.0.0.1:37090]
00:50:21.050 [Forwarding getCurrentWindowHandle on session fdc1cc81b6ad6aa308a94fe3be8a4a60 to remote] DEBUG org.asynchttpclient.netty.request.NettyRequestSender - Using pooled Channel '[id: 0xdb27294d, L:/127.0.0.1:59975 - R:localhost/127.0.0.1:37090]' for 'GET' to 'http://localhost:37090/session/fdc1cc81b6ad6aa308a94fe3be8a4a60/window'
00:50:21.050 [Forwarding getCurrentWindowHandle on session fdc1cc81b6ad6aa308a94fe3be8a4a60 to remote] DEBUG org.asynchttpclient.netty.request.NettyRequestSender - Using open Channel [id: 0xdb27294d, L:/127.0.0.1:59975 - R:localhost/127.0.0.1:37090] for GET '/session/fdc1cc81b6ad6aa308a94fe3be8a4a60/window'
00:50:21.051 [AsyncHttpClient-1-7] DEBUG org.asynchttpclient.netty.handler.HttpHandler - 

Request DefaultFullHttpRequest(decodeResult: success, version: HTTP/1.1, content: EmptyByteBufBE)
GET /session/fdc1cc81b6ad6aa308a94fe3be8a4a60/window HTTP/1.1
User-Agent: selenium/4.7.1 (java windows)
Cache-Control: no-cache
Content-Type: application/json; charset=utf-8
host: localhost:37090
accept: */*

Response DefaultHttpResponse(decodeResult: success, version: HTTP/1.1)
HTTP/1.1 200 OK
Content-Type: application/json; charset=utf-8
cache-control: no-cache
content-length: 44

00:50:21.051 [AsyncHttpClient-1-7] DEBUG org.asynchttpclient.netty.channel.ChannelManager - Adding key: http://localhost:37090 for channel [id: 0xdb27294d, L:/127.0.0.1:59975 - R:localhost/127.0.0.1:37090]
00:50:21.052 [Forwarding getAlertText on session fdc1cc81b6ad6aa308a94fe3be8a4a60 to remote] DEBUG org.asynchttpclient.netty.request.NettyRequestSender - Using pooled Channel '[id: 0xdb27294d, L:/127.0.0.1:59975 - R:localhost/127.0.0.1:37090]' for 'GET' to 'http://localhost:37090/session/fdc1cc81b6ad6aa308a94fe3be8a4a60/alert/text'
00:50:21.052 [Forwarding getAlertText on session fdc1cc81b6ad6aa308a94fe3be8a4a60 to remote] DEBUG org.asynchttpclient.netty.request.NettyRequestSender - Using open Channel [id: 0xdb27294d, L:/127.0.0.1:59975 - R:localhost/127.0.0.1:37090] for GET '/session/fdc1cc81b6ad6aa308a94fe3be8a4a60/alert/text'
00:50:21.054 [AsyncHttpClient-1-7] DEBUG org.asynchttpclient.netty.handler.HttpHandler - 

Request DefaultFullHttpRequest(decodeResult: success, version: HTTP/1.1, content: EmptyByteBufBE)
GET /session/fdc1cc81b6ad6aa308a94fe3be8a4a60/alert/text HTTP/1.1
User-Agent: selenium/4.7.1 (java windows)
Cache-Control: no-cache
Content-Type: application/json; charset=utf-8
host: localhost:37090
accept: */*

Response DefaultHttpResponse(decodeResult: success, version: HTTP/1.1)
HTTP/1.1 404 Not Found
Content-Type: application/json; charset=utf-8
cache-control: no-cache
content-length: 849

00:50:21.054 [AsyncHttpClient-1-7] DEBUG org.asynchttpclient.netty.channel.ChannelManager - Adding key: http://localhost:37090 for channel [id: 0xdb27294d, L:/127.0.0.1:59975 - R:localhost/127.0.0.1:37090]
00:50:21.056 [Forwarding switchToWindow on session fdc1cc81b6ad6aa308a94fe3be8a4a60 to remote] DEBUG org.asynchttpclient.netty.request.NettyRequestSender - Using pooled Channel '[id: 0xdb27294d, L:/127.0.0.1:59975 - R:localhost/127.0.0.1:37090]' for 'POST' to 'http://localhost:37090/session/fdc1cc81b6ad6aa308a94fe3be8a4a60/window'
00:50:21.056 [Forwarding switchToWindow on session fdc1cc81b6ad6aa308a94fe3be8a4a60 to remote] DEBUG org.asynchttpclient.netty.request.NettyRequestSender - Using open Channel [id: 0xdb27294d, L:/127.0.0.1:59975 - R:localhost/127.0.0.1:37090] for POST '/session/fdc1cc81b6ad6aa308a94fe3be8a4a60/window'
00:50:21.059 [AsyncHttpClient-1-7] DEBUG org.asynchttpclient.netty.handler.HttpHandler - 

Request DefaultHttpRequest(decodeResult: success, version: HTTP/1.1)
POST /session/fdc1cc81b6ad6aa308a94fe3be8a4a60/window HTTP/1.1
User-Agent: selenium/4.7.1 (java windows)
Content-Length: 50
Content-Type: application/json; charset=utf-8
host: localhost:37090
accept: */*

Response DefaultHttpResponse(decodeResult: success, version: HTTP/1.1)
HTTP/1.1 200 OK
Content-Type: application/json; charset=utf-8
cache-control: no-cache
content-length: 14

00:50:21.059 [AsyncHttpClient-1-7] DEBUG org.asynchttpclient.netty.channel.ChannelManager - Adding key: http://localhost:37090 for channel [id: 0xdb27294d, L:/127.0.0.1:59975 - R:localhost/127.0.0.1:37090]
00:50:21.059 [Forwarding getCurrentUrl on session fdc1cc81b6ad6aa308a94fe3be8a4a60 to remote] DEBUG org.asynchttpclient.netty.request.NettyRequestSender - Using pooled Channel '[id: 0xdb27294d, L:/127.0.0.1:59975 - R:localhost/127.0.0.1:37090]' for 'GET' to 'http://localhost:37090/session/fdc1cc81b6ad6aa308a94fe3be8a4a60/url'
00:50:21.059 [Forwarding getCurrentUrl on session fdc1cc81b6ad6aa308a94fe3be8a4a60 to remote] DEBUG org.asynchttpclient.netty.request.NettyRequestSender - Using open Channel [id: 0xdb27294d, L:/127.0.0.1:59975 - R:localhost/127.0.0.1:37090] for GET '/session/fdc1cc81b6ad6aa308a94fe3be8a4a60/url'
00:50:21.063 [AsyncHttpClient-1-7] DEBUG org.asynchttpclient.netty.handler.HttpHandler - 

Request DefaultFullHttpRequest(decodeResult: success, version: HTTP/1.1, content: EmptyByteBufBE)
GET /session/fdc1cc81b6ad6aa308a94fe3be8a4a60/url HTTP/1.1
User-Agent: selenium/4.7.1 (java windows)
Cache-Control: no-cache
Content-Type: application/json; charset=utf-8
host: localhost:37090
accept: */*

Response DefaultHttpResponse(decodeResult: success, version: HTTP/1.1)
HTTP/1.1 200 OK
Content-Type: application/json; charset=utf-8
cache-control: no-cache
content-length: 54

00:50:21.063 [AsyncHttpClient-1-7] DEBUG org.asynchttpclient.netty.channel.ChannelManager - Adding key: http://localhost:37090 for channel [id: 0xdb27294d, L:/127.0.0.1:59975 - R:localhost/127.0.0.1:37090]
00:50:21.064 [Forwarding screenshot on session fdc1cc81b6ad6aa308a94fe3be8a4a60 to remote] DEBUG org.asynchttpclient.netty.request.NettyRequestSender - Using pooled Channel '[id: 0xdb27294d, L:/127.0.0.1:59975 - R:localhost/127.0.0.1:37090]' for 'GET' to 'http://localhost:37090/session/fdc1cc81b6ad6aa308a94fe3be8a4a60/screenshot'
00:50:21.064 [Forwarding screenshot on session fdc1cc81b6ad6aa308a94fe3be8a4a60 to remote] DEBUG org.asynchttpclient.netty.request.NettyRequestSender - Using open Channel [id: 0xdb27294d, L:/127.0.0.1:59975 - R:localhost/127.0.0.1:37090] for GET '/session/fdc1cc81b6ad6aa308a94fe3be8a4a60/screenshot'
00:50:21.194 [AsyncHttpClient-1-7] DEBUG org.asynchttpclient.netty.handler.HttpHandler - 

Request DefaultFullHttpRequest(decodeResult: success, version: HTTP/1.1, content: EmptyByteBufBE)
GET /session/fdc1cc81b6ad6aa308a94fe3be8a4a60/screenshot HTTP/1.1
User-Agent: selenium/4.7.1 (java windows)
Cache-Control: no-cache
Content-Type: application/json; charset=utf-8
host: localhost:37090
accept: */*

Response DefaultHttpResponse(decodeResult: success, version: HTTP/1.1)
HTTP/1.1 200 OK
Content-Type: application/json; charset=utf-8
cache-control: no-cache
content-length: 32756

00:50:21.195 [AsyncHttpClient-1-7] DEBUG org.asynchttpclient.netty.channel.ChannelManager - Adding key: http://localhost:37090 for channel [id: 0xdb27294d, L:/127.0.0.1:59975 - R:localhost/127.0.0.1:37090]
00:50:21.196 [main] DEBUG net.serenitybdd.core.photography.Darkroom - Send negative for processing for target\site\serenity\879afa73f388547ce826c969313b7ada648821d91794795b71df1d32eb1c4926.png
00:50:21.197 [main] DEBUG net.thucydides.core.steps.StepInterceptor - STEP DONE: klikButtonRegister
  &amp#27;[32mThen &amp#27;[0m&amp#27;[32muser klik register yang kedua&amp#27;[0m                               &amp#27;[90m# starter.stepdefinitions.RegisterSteps.userKlikRegisterYangKedua()&amp#27;[0m
00:50:21.197 [Darkroom Processing Line] DEBUG net.serenitybdd.core.photography.DarkroomProcessingLine - Processing screenshot image in /var/screenshots/screenshot-17273284195018969523
00:50:21.197 [Darkroom Processing Line] DEBUG net.serenitybdd.core.photography.DarkroomProcessingLine - Saving screenshot to target\site\serenity\879afa73f388547ce826c969313b7ada648821d91794795b71df1d32eb1c4926.png
00:50:21.207 [main] DEBUG net.thucydides.core.steps.StepInterceptor - STARTING STEP: RegisterSteps.userMenerimaERRORMessage - munculErrorMessage
00:50:21.209 [Forwarding findElement on session fdc1cc81b6ad6aa308a94fe3be8a4a60 to remote] DEBUG org.asynchttpclient.netty.request.NettyRequestSender - Using pooled Channel '[id: 0xdb27294d, L:/127.0.0.1:59975 - R:localhost/127.0.0.1:37090]' for 'POST' to 'http://localhost:37090/session/fdc1cc81b6ad6aa308a94fe3be8a4a60/element'
00:50:21.210 [Forwarding findElement on session fdc1cc81b6ad6aa308a94fe3be8a4a60 to remote] DEBUG org.asynchttpclient.netty.request.NettyRequestSender - Using open Channel [id: 0xdb27294d, L:/127.0.0.1:59975 - R:localhost/127.0.0.1:37090] for POST '/session/fdc1cc81b6ad6aa308a94fe3be8a4a60/element'
00:50:21.789 [AsyncHttpClient-1-7] DEBUG org.asynchttpclient.netty.handler.HttpHandler - 

Request DefaultHttpRequest(decodeResult: success, version: HTTP/1.1)
POST /session/fdc1cc81b6ad6aa308a94fe3be8a4a60/element HTTP/1.1
User-Agent: selenium/4.7.1 (java windows)
Content-Length: 79
Content-Type: application/json; charset=utf-8
host: localhost:37090
accept: */*

Response DefaultHttpResponse(decodeResult: success, version: HTTP/1.1)
HTTP/1.1 200 OK
Content-Type: application/json; charset=utf-8
cache-control: no-cache
content-length: 88

00:50:21.789 [AsyncHttpClient-1-7] DEBUG org.asynchttpclient.netty.channel.ChannelManager - Adding key: http://localhost:37090 for channel [id: 0xdb27294d, L:/127.0.0.1:59975 - R:localhost/127.0.0.1:37090]
00:50:21.791 [Forwarding isElementDisplayed on session fdc1cc81b6ad6aa308a94fe3be8a4a60 to remote] DEBUG org.asynchttpclient.netty.request.NettyRequestSender - Using pooled Channel '[id: 0xdb27294d, L:/127.0.0.1:59975 - R:localhost/127.0.0.1:37090]' for 'POST' to 'http://localhost:37090/session/fdc1cc81b6ad6aa308a94fe3be8a4a60/execute/sync'
00:50:21.791 [Forwarding isElementDisplayed on session fdc1cc81b6ad6aa308a94fe3be8a4a60 to remote] DEBUG org.asynchttpclient.netty.request.NettyRequestSender - Using open Channel [id: 0xdb27294d, L:/127.0.0.1:59975 - R:localhost/127.0.0.1:37090] for POST '/session/fdc1cc81b6ad6aa308a94fe3be8a4a60/execute/sync'
00:50:21.803 [AsyncHttpClient-1-7] DEBUG org.asynchttpclient.netty.handler.HttpHandler - 

Request DefaultHttpRequest(decodeResult: success, version: HTTP/1.1)
POST /session/fdc1cc81b6ad6aa308a94fe3be8a4a60/execute/sync HTTP/1.1
User-Agent: selenium/4.7.1 (java windows)
Content-Length: 48780
Content-Type: application/json; charset=utf-8
host: localhost:37090
accept: */*

Response DefaultHttpResponse(decodeResult: success, version: HTTP/1.1)
HTTP/1.1 200 OK
Content-Type: application/json; charset=utf-8
cache-control: no-cache
content-length: 14

00:50:21.804 [AsyncHttpClient-1-7] DEBUG org.asynchttpclient.netty.channel.ChannelManager - Adding key: http://localhost:37090 for channel [id: 0xdb27294d, L:/127.0.0.1:59975 - R:localhost/127.0.0.1:37090]
00:50:21.809 [Forwarding getCurrentWindowHandle on session fdc1cc81b6ad6aa308a94fe3be8a4a60 to remote] DEBUG org.asynchttpclient.netty.request.NettyRequestSender - Using pooled Channel '[id: 0xdb27294d, L:/127.0.0.1:59975 - R:localhost/127.0.0.1:37090]' for 'GET' to 'http://localhost:37090/session/fdc1cc81b6ad6aa308a94fe3be8a4a60/window'
00:50:21.810 [Forwarding getCurrentWindowHandle on session fdc1cc81b6ad6aa308a94fe3be8a4a60 to remote] DEBUG org.asynchttpclient.netty.request.NettyRequestSender - Using open Channel [id: 0xdb27294d, L:/127.0.0.1:59975 - R:localhost/127.0.0.1:37090] for GET '/session/fdc1cc81b6ad6aa308a94fe3be8a4a60/window'
00:50:21.810 [AsyncHttpClient-1-7] DEBUG org.asynchttpclient.netty.handler.HttpHandler - 

Request DefaultFullHttpRequest(decodeResult: success, version: HTTP/1.1, content: EmptyByteBufBE)
GET /session/fdc1cc81b6ad6aa308a94fe3be8a4a60/window HTTP/1.1
User-Agent: selenium/4.7.1 (java windows)
Cache-Control: no-cache
Content-Type: application/json; charset=utf-8
host: localhost:37090
accept: */*

Response DefaultHttpResponse(decodeResult: success, version: HTTP/1.1)
HTTP/1.1 200 OK
Content-Type: application/json; charset=utf-8
cache-control: no-cache
content-length: 44

00:50:21.811 [AsyncHttpClient-1-7] DEBUG org.asynchttpclient.netty.channel.ChannelManager - Adding key: http://localhost:37090 for channel [id: 0xdb27294d, L:/127.0.0.1:59975 - R:localhost/127.0.0.1:37090]
00:50:21.812 [Forwarding getAlertText on session fdc1cc81b6ad6aa308a94fe3be8a4a60 to remote] DEBUG org.asynchttpclient.netty.request.NettyRequestSender - Using pooled Channel '[id: 0xdb27294d, L:/127.0.0.1:59975 - R:localhost/127.0.0.1:37090]' for 'GET' to 'http://localhost:37090/session/fdc1cc81b6ad6aa308a94fe3be8a4a60/alert/text'
00:50:21.812 [Forwarding getAlertText on session fdc1cc81b6ad6aa308a94fe3be8a4a60 to remote] DEBUG org.asynchttpclient.netty.request.NettyRequestSender - Using open Channel [id: 0xdb27294d, L:/127.0.0.1:59975 - R:localhost/127.0.0.1:37090] for GET '/session/fdc1cc81b6ad6aa308a94fe3be8a4a60/alert/text'
00:50:21.815 [AsyncHttpClient-1-7] DEBUG org.asynchttpclient.netty.handler.HttpHandler - 

Request DefaultFullHttpRequest(decodeResult: success, version: HTTP/1.1, content: EmptyByteBufBE)
GET /session/fdc1cc81b6ad6aa308a94fe3be8a4a60/alert/text HTTP/1.1
User-Agent: selenium/4.7.1 (java windows)
Cache-Control: no-cache
Content-Type: application/json; charset=utf-8
host: localhost:37090
accept: */*

Response DefaultHttpResponse(decodeResult: success, version: HTTP/1.1)
HTTP/1.1 404 Not Found
Content-Type: application/json; charset=utf-8
cache-control: no-cache
content-length: 849

00:50:21.815 [AsyncHttpClient-1-7] DEBUG org.asynchttpclient.netty.channel.ChannelManager - Adding key: http://localhost:37090 for channel [id: 0xdb27294d, L:/127.0.0.1:59975 - R:localhost/127.0.0.1:37090]
00:50:21.818 [Forwarding switchToWindow on session fdc1cc81b6ad6aa308a94fe3be8a4a60 to remote] DEBUG org.asynchttpclient.netty.request.NettyRequestSender - Using pooled Channel '[id: 0xdb27294d, L:/127.0.0.1:59975 - R:localhost/127.0.0.1:37090]' for 'POST' to 'http://localhost:37090/session/fdc1cc81b6ad6aa308a94fe3be8a4a60/window'
00:50:21.818 [Forwarding switchToWindow on session fdc1cc81b6ad6aa308a94fe3be8a4a60 to remote] DEBUG org.asynchttpclient.netty.request.NettyRequestSender - Using open Channel [id: 0xdb27294d, L:/127.0.0.1:59975 - R:localhost/127.0.0.1:37090] for POST '/session/fdc1cc81b6ad6aa308a94fe3be8a4a60/window'
00:50:21.821 [AsyncHttpClient-1-7] DEBUG org.asynchttpclient.netty.handler.HttpHandler - 

Request DefaultHttpRequest(decodeResult: success, version: HTTP/1.1)
POST /session/fdc1cc81b6ad6aa308a94fe3be8a4a60/window HTTP/1.1
User-Agent: selenium/4.7.1 (java windows)
Content-Length: 50
Content-Type: application/json; charset=utf-8
host: localhost:37090
accept: */*

Response DefaultHttpResponse(decodeResult: success, version: HTTP/1.1)
HTTP/1.1 200 OK
Content-Type: application/json; charset=utf-8
cache-control: no-cache
content-length: 14

00:50:21.822 [AsyncHttpClient-1-7] DEBUG org.asynchttpclient.netty.channel.ChannelManager - Adding key: http://localhost:37090 for channel [id: 0xdb27294d, L:/127.0.0.1:59975 - R:localhost/127.0.0.1:37090]
00:50:21.823 [Forwarding getCurrentUrl on session fdc1cc81b6ad6aa308a94fe3be8a4a60 to remote] DEBUG org.asynchttpclient.netty.request.NettyRequestSender - Using pooled Channel '[id: 0xdb27294d, L:/127.0.0.1:59975 - R:localhost/127.0.0.1:37090]' for 'GET' to 'http://localhost:37090/session/fdc1cc81b6ad6aa308a94fe3be8a4a60/url'
00:50:21.823 [Forwarding getCurrentUrl on session fdc1cc81b6ad6aa308a94fe3be8a4a60 to remote] DEBUG org.asynchttpclient.netty.request.NettyRequestSender - Using open Channel [id: 0xdb27294d, L:/127.0.0.1:59975 - R:localhost/127.0.0.1:37090] for GET '/session/fdc1cc81b6ad6aa308a94fe3be8a4a60/url'
00:50:21.828 [AsyncHttpClient-1-7] DEBUG org.asynchttpclient.netty.handler.HttpHandler - 

Request DefaultFullHttpRequest(decodeResult: success, version: HTTP/1.1, content: EmptyByteBufBE)
GET /session/fdc1cc81b6ad6aa308a94fe3be8a4a60/url HTTP/1.1
User-Agent: selenium/4.7.1 (java windows)
Cache-Control: no-cache
Content-Type: application/json; charset=utf-8
host: localhost:37090
accept: */*

Response DefaultHttpResponse(decodeResult: success, version: HTTP/1.1)
HTTP/1.1 200 OK
Content-Type: application/json; charset=utf-8
cache-control: no-cache
content-length: 54

00:50:21.829 [AsyncHttpClient-1-7] DEBUG org.asynchttpclient.netty.channel.ChannelManager - Adding key: http://localhost:37090 for channel [id: 0xdb27294d, L:/127.0.0.1:59975 - R:localhost/127.0.0.1:37090]
00:50:21.830 [Forwarding screenshot on session fdc1cc81b6ad6aa308a94fe3be8a4a60 to remote] DEBUG org.asynchttpclient.netty.request.NettyRequestSender - Using pooled Channel '[id: 0xdb27294d, L:/127.0.0.1:59975 - R:localhost/127.0.0.1:37090]' for 'GET' to 'http://localhost:37090/session/fdc1cc81b6ad6aa308a94fe3be8a4a60/screenshot'
00:50:21.830 [Forwarding screenshot on session fdc1cc81b6ad6aa308a94fe3be8a4a60 to remote] DEBUG org.asynchttpclient.netty.request.NettyRequestSender - Using open Channel [id: 0xdb27294d, L:/127.0.0.1:59975 - R:localhost/127.0.0.1:37090] for GET '/session/fdc1cc81b6ad6aa308a94fe3be8a4a60/screenshot'
00:50:21.930 [AsyncHttpClient-1-7] DEBUG org.asynchttpclient.netty.handler.HttpHandler - 

Request DefaultFullHttpRequest(decodeResult: success, version: HTTP/1.1, content: EmptyByteBufBE)
GET /session/fdc1cc81b6ad6aa308a94fe3be8a4a60/screenshot HTTP/1.1
User-Agent: selenium/4.7.1 (java windows)
Cache-Control: no-cache
Content-Type: application/json; charset=utf-8
host: localhost:37090
accept: */*

Response DefaultHttpResponse(decodeResult: success, version: HTTP/1.1)
HTTP/1.1 200 OK
Content-Type: application/json; charset=utf-8
cache-control: no-cache
content-length: 34200

00:50:21.930 [AsyncHttpClient-1-7] DEBUG org.asynchttpclient.netty.channel.ChannelManager - Adding key: http://localhost:37090 for channel [id: 0xdb27294d, L:/127.0.0.1:59975 - R:localhost/127.0.0.1:37090]
00:50:21.932 [main] DEBUG net.serenitybdd.core.photography.Darkroom - Send negative for processing for target\site\serenity\1f966dd9803b6d86e67cb603a8af4b25baee1976967d2c44e9bc169f1f557dde.png
00:50:21.933 [main] DEBUG net.thucydides.core.steps.StepInterceptor - STEP DONE: munculErrorMessage
00:50:21.933 [Darkroom Processing Line] DEBUG net.serenitybdd.core.photography.DarkroomProcessingLine - Processing screenshot image in /var/screenshots/screenshot-348780800037782787
00:50:21.933 [Darkroom Processing Line] DEBUG net.serenitybdd.core.photography.DarkroomProcessingLine - Saving screenshot to target\site\serenity\1f966dd9803b6d86e67cb603a8af4b25baee1976967d2c44e9bc169f1f557dde.png
  &amp#27;[32mAnd &amp#27;[0m&amp#27;[32muser menerima ERROR message &amp#27;[0m&amp#27;[32m&amp#27;[1m"fullname is required"&amp#27;[0m           &amp#27;[90m# starter.stepdefinitions.RegisterSteps.userMenerimaERRORMessage(java.lang.String)&amp#27;[0m
00:50:21.942 [main] INFO  - 
  _____   ___   ___   _____     ___     _     ___   ___   ___   ___  
 |_   _| | __| / __| |_   _|   | _ \   /_\   / __| / __| | __| |   \ 
   | |   | _|  \__ \   | |     |  _/  / _ \  \__ \ \__ \ | _|  | |) |
   |_|   |___| |___/   |_|     |_|   /_/ \_\ |___/ |___/ |___| |___/ 

user tidak bisa register karena tidak input nama lengkap
----------------------------------------------------------------------
00:50:21.944 [AsyncHttpClient-1-9] DEBUG org.asynchttpclient.netty.handler.WebSocketHandler - Channel Closed: [id: 0xd50801a5, L:/127.0.0.1:59983 ! R:localhost/127.0.0.1:59976] with attribute NettyResponseFuture{currentRetry=0,
	isDone=1,
	isCancelled=0,
	asyncHandler=org.asynchttpclient.ws.WebSocketUpgradeHandler@6330f27e,
	nettyRequest=org.asynchttpclient.netty.request.NettyRequest@ace9343,
	future=java.util.concurrent.CompletableFuture@1bab5702[Completed normally],
	uri=ws://localhost:59976/devtools/browser/d9f9d7fb-2265-48cf-a758-372007f27cca,
	keepAlive=true,
	redirectCount=0,
	timeoutsHolder=null,
	inAuth=0,
	touch=1683654616381}
00:50:21.944 [Driver Command Executor] DEBUG org.asynchttpclient.netty.request.NettyRequestSender - Using pooled Channel '[id: 0xdb27294d, L:/127.0.0.1:59975 - R:localhost/127.0.0.1:37090]' for 'DELETE' to 'http://localhost:37090/session/fdc1cc81b6ad6aa308a94fe3be8a4a60'
00:50:21.944 [AsyncHttpClient-1-9] DEBUG org.asynchttpclient.netty.channel.ChannelManager - Closing Channel [id: 0xd50801a5, L:/127.0.0.1:59983 ! R:localhost/127.0.0.1:59976] 
00:50:21.944 [Driver Command Executor] DEBUG org.asynchttpclient.netty.request.NettyRequestSender - Using open Channel [id: 0xdb27294d, L:/127.0.0.1:59975 - R:localhost/127.0.0.1:37090] for DELETE '/session/fdc1cc81b6ad6aa308a94fe3be8a4a60'
00:50:22.018 [AsyncHttpClient-1-8] DEBUG org.asynchttpclient.netty.handler.HttpHandler - Unexpected I/O exception on channel [id: 0x017b823b, L:/127.0.0.1:59982 - R:localhost/127.0.0.1:59976]
java.net.SocketException: Connection reset
	at java.base/sun.nio.ch.SocketChannelImpl.throwConnectionReset(SocketChannelImpl.java:401)
	at java.base/sun.nio.ch.SocketChannelImpl.read(SocketChannelImpl.java:434)
	at io.netty.buffer.PooledByteBuf.setBytes(PooledByteBuf.java:259)
	at io.netty.buffer.AbstractByteBuf.writeBytes(AbstractByteBuf.java:1132)
	at io.netty.channel.socket.nio.NioSocketChannel.doReadBytes(NioSocketChannel.java:357)
	at io.netty.channel.nio.AbstractNioByteChannel$NioByteUnsafe.read(AbstractNioByteChannel.java:151)
	at io.netty.channel.nio.NioEventLoop.processSelectedKey(NioEventLoop.java:788)
	at io.netty.channel.nio.NioEventLoop.processSelectedKeysOptimized(NioEventLoop.java:724)
	at io.netty.channel.nio.NioEventLoop.processSelectedKeys(NioEventLoop.java:650)
	at io.netty.channel.nio.NioEventLoop.run(NioEventLoop.java:562)
	at io.netty.util.concurrent.SingleThreadEventExecutor$4.run(SingleThreadEventExecutor.java:997)
	at io.netty.util.internal.ThreadExecutorMap$2.run(ThreadExecutorMap.java:74)
	at io.netty.util.concurrent.FastThreadLocalRunnable.run(FastThreadLocalRunnable.java:30)
	at java.base/java.lang.Thread.run(Thread.java:1589)
00:50:22.019 [AsyncHttpClient-1-8] DEBUG org.asynchttpclient.netty.channel.ChannelManager - Closing Channel [id: 0x017b823b, L:/127.0.0.1:59982 - R:localhost/127.0.0.1:59976] 
00:50:22.019 [AsyncHttpClient-1-8] DEBUG org.asynchttpclient.netty.handler.HttpHandler - Channel Closed: [id: 0x017b823b, L:/127.0.0.1:59982 ! R:localhost/127.0.0.1:59976] with attribute DISCARD
00:50:22.034 [AsyncHttpClient-1-1] DEBUG org.asynchttpclient.netty.channel.DefaultChannelPool - Entry count for : http://localhost:59976 : 1
00:50:22.034 [AsyncHttpClient-1-1] DEBUG org.asynchttpclient.netty.channel.DefaultChannelPool - Adding Candidate expired Channel [id: 0x017b823b, L:/127.0.0.1:59982 ! R:localhost/127.0.0.1:59976] isIdleTimeoutExpired=false isRemotelyClosed=true isTtlExpired=false
00:50:22.034 [AsyncHttpClient-1-1] DEBUG org.asynchttpclient.netty.channel.DefaultChannelPool - Closing Idle Channel [id: 0x017b823b, L:/127.0.0.1:59982 ! R:localhost/127.0.0.1:59976]
00:50:22.034 [AsyncHttpClient-1-1] DEBUG org.asynchttpclient.netty.channel.DefaultChannelPool - Closed 1 connections out of 1 in 0 ms
00:50:22.045 [AsyncHttpClient-1-7] DEBUG org.asynchttpclient.netty.handler.HttpHandler - 

Request DefaultFullHttpRequest(decodeResult: success, version: HTTP/1.1, content: EmptyByteBufBE)
DELETE /session/fdc1cc81b6ad6aa308a94fe3be8a4a60 HTTP/1.1
User-Agent: selenium/4.7.1 (java windows)
Content-Type: application/json; charset=utf-8
host: localhost:37090
accept: */*

Response DefaultHttpResponse(decodeResult: success, version: HTTP/1.1)
HTTP/1.1 200 OK
Content-Type: application/json; charset=utf-8
cache-control: no-cache
content-length: 14

00:50:22.045 [AsyncHttpClient-1-7] DEBUG org.asynchttpclient.netty.channel.ChannelManager - Adding key: http://localhost:37090 for channel [id: 0xdb27294d, L:/127.0.0.1:59975 - R:localhost/127.0.0.1:37090]
00:50:22.117 [AsyncHttpClient-1-7] DEBUG org.asynchttpclient.netty.handler.HttpHandler - Channel Closed: [id: 0xdb27294d, L:/127.0.0.1:59975 ! R:localhost/127.0.0.1:37090] with attribute DISCARD
]]></system-out>
    <system-err><![CDATA[Starting ChromeDriver 112.0.5615.49 (bd2a7bcb881c11e8cfe3078709382934e3916914-refs/branch-heads/5615@{#936}) on port 37090
Only local connections are allowed.
Please see https://chromedriver.chromium.org/security-considerations for suggestions on keeping ChromeDriver safe.
ChromeDriver was started successfully.
May 10, 2023 12:50:16 AM org.openqa.selenium.devtools.CdpVersionFinder findNearestMatch
WARNING: Unable to find an exact match for CDP version 112, so returning the closest version found: 108
]]></system-err>
  </testcase>
  <testcase name="user tidak bisa register karena tidak input email" classname="register" time="9.485">
    <system-out><![CDATA[
@AS09-negative
Scenario: user tidak bisa register karena tidak input email &amp#27;[90m# src/test/resources/features/2. Register.feature:26&amp#27;[0m
00:50:22.203 [main] INFO io.cucumber.core.plugin.SerenityReporter - Running feature from file:///C:/Users/HP/Downloads/Mini-Project-QA/ALTASHOP%20WEB%20AUTOMATION/src/test/resources/features/2.%20Register.feature
00:50:22.206 [main] INFO  - 
  _____   ___   ___   _____     ___   _____     _     ___   _____   ___   ___  
 |_   _| | __| / __| |_   _|   / __| |_   _|   /_\   | _ \ |_   _| | __| |   \ 
   | |   | _|  \__ \   | |     \__ \   | |    / _ \  |   /   | |   | _|  | |) |
   |_|   |___| |___/   |_|     |___/   |_|   /_/ \_\ |_|_\   |_|   |___| |___/ 

user tidak bisa register karena tidak input email(register;user-tidak-bisa-register-karena-tidak-input-email)
--------------------------------------------------------------------------------
00:50:22.230 [main] DEBUG net.thucydides.core.steps.StepInterceptor - STARTING STEP: LoginRegisterSteps.userBeradaDiHomepageAlta - diHomepageAltaShop
00:50:22.292 [main] INFO net.serenitybdd.core.webdriver.driverproviders.ChromeDriverProvider - Starting Chrome driver instance with capabilities:
00:50:22.292 [main] INFO net.serenitybdd.core.webdriver.driverproviders.ChromeDriverProvider - Capabilities {acceptInsecureCerts: true, browserName: chrome, goog:chromeOptions: {args: [remote-allow-origins=*, test-type, no-sandbox, ignore-certificate-errors, start-maximized, incognito, disable-infobars, disable-gpu, disable-default-apps, disable-popup-blocking, remote-allow-origins=*, test-type, no-sandbox, ignore-certificate-errors, start-maximized, incognito, disable-infobars, disable-gpu, disable-default-apps, disable-popup-blocking], extensions: []}}
00:50:22.375 [AsyncHttpClient-1-10] DEBUG org.asynchttpclient.netty.channel.NettyConnectListener - Using new Channel '[id: 0xc133a20e, L:/127.0.0.1:60002 - R:localhost/127.0.0.1:24433]' for 'POST' to '/session'
00:50:23.069 [AsyncHttpClient-1-10] DEBUG org.asynchttpclient.netty.handler.HttpHandler - 

Request DefaultHttpRequest(decodeResult: success, version: HTTP/1.1)
POST /session HTTP/1.1
User-Agent: selenium/4.7.1 (java windows)
Content-Length: 1629
Content-Type: application/json; charset=utf-8
host: localhost:24433
accept: */*

Response DefaultHttpResponse(decodeResult: success, version: HTTP/1.1)
HTTP/1.1 200 OK
Content-Type: application/json; charset=utf-8
cache-control: no-cache
content-length: 853

00:50:23.069 [AsyncHttpClient-1-10] DEBUG org.asynchttpclient.netty.channel.ChannelManager - Adding key: http://localhost:24433 for channel [id: 0xc133a20e, L:/127.0.0.1:60002 - R:localhost/127.0.0.1:24433]
00:50:23.078 [AsyncHttpClient-1-11] DEBUG org.asynchttpclient.netty.channel.NettyConnectListener - Using new Channel '[id: 0x8c5f2745, L:/127.0.0.1:60008 - R:localhost/127.0.0.1:60003]' for 'GET' to '/json/version'
00:50:23.079 [AsyncHttpClient-1-11] DEBUG org.asynchttpclient.netty.handler.HttpHandler - 

Request DefaultFullHttpRequest(decodeResult: success, version: HTTP/1.1, content: EmptyByteBufBE)
GET /json/version HTTP/1.1
User-Agent: selenium/4.7.1 (java windows)
host: localhost:60003
accept: */*

Response DefaultHttpResponse(decodeResult: success, version: HTTP/1.1)
HTTP/1.1 200 OK
Content-Security-Policy: frame-ancestors 'none'
Content-Type: application/json; charset=UTF-8
content-length: 424

00:50:23.079 [AsyncHttpClient-1-11] DEBUG org.asynchttpclient.netty.channel.ChannelManager - Adding key: http://localhost:60003 for channel [id: 0x8c5f2745, L:/127.0.0.1:60008 - R:localhost/127.0.0.1:60003]
00:50:23.082 [AsyncHttpClient-1-12] DEBUG org.asynchttpclient.netty.channel.NettyConnectListener - Using new Channel '[id: 0xf4a7e7dc, L:/127.0.0.1:60009 - R:localhost/127.0.0.1:60003]' for 'GET' to '/devtools/browser/21908863-7018-4a38-a9a0-9d9a7feb658a'
00:50:23.083 [AsyncHttpClient-1-12] DEBUG org.asynchttpclient.netty.handler.WebSocketHandler - 

Request DefaultFullHttpRequest(decodeResult: success, version: HTTP/1.1, content: EmptyByteBufBE)
GET /devtools/browser/21908863-7018-4a38-a9a0-9d9a7feb658a HTTP/1.1
upgrade: websocket
connection: upgrade
sec-websocket-key: zvJ/wj2hHbI2KR00mVuTRQ==
sec-websocket-version: 13
origin: http://localhost:60003
host: localhost:60003
accept: */*
user-agent: AHC/2.1

Response DefaultHttpResponse(decodeResult: success, version: HTTP/1.1)
HTTP/1.1 101 WebSocket Protocol Handshake
Upgrade: WebSocket
Connection: Upgrade
Sec-WebSocket-Accept: o+NVV6FhjFkwXJ+5qRRhh7iVyNk=

00:50:23.088 [Forwarding get on session 653d70fe905154629d6ccccb100c156b to remote] DEBUG org.asynchttpclient.netty.request.NettyRequestSender - Using pooled Channel '[id: 0xc133a20e, L:/127.0.0.1:60002 - R:localhost/127.0.0.1:24433]' for 'POST' to 'http://localhost:24433/session/653d70fe905154629d6ccccb100c156b/url'
00:50:23.088 [Forwarding get on session 653d70fe905154629d6ccccb100c156b to remote] DEBUG org.asynchttpclient.netty.request.NettyRequestSender - Using open Channel [id: 0xc133a20e, L:/127.0.0.1:60002 - R:localhost/127.0.0.1:24433] for POST '/session/653d70fe905154629d6ccccb100c156b/url'
00:50:23.129 [AsyncHttpClient-1-1] DEBUG org.asynchttpclient.netty.channel.DefaultChannelPool - Entry count for : http://localhost:37090 : 1
00:50:23.129 [AsyncHttpClient-1-1] DEBUG org.asynchttpclient.netty.channel.DefaultChannelPool - Entry count for : http://localhost:60003 : 1
00:50:23.129 [AsyncHttpClient-1-1] DEBUG org.asynchttpclient.netty.channel.DefaultChannelPool - Adding Candidate expired Channel [id: 0xdb27294d, L:/127.0.0.1:59975 ! R:localhost/127.0.0.1:37090] isIdleTimeoutExpired=false isRemotelyClosed=true isTtlExpired=false
00:50:23.130 [AsyncHttpClient-1-1] DEBUG org.asynchttpclient.netty.channel.DefaultChannelPool - Closing Idle Channel [id: 0xdb27294d, L:/127.0.0.1:59975 ! R:localhost/127.0.0.1:37090]
00:50:23.130 [AsyncHttpClient-1-1] DEBUG org.asynchttpclient.netty.channel.DefaultChannelPool - Closed 1 connections out of 2 in 1 ms
00:50:24.234 [AsyncHttpClient-1-1] DEBUG org.asynchttpclient.netty.channel.DefaultChannelPool - Entry count for : http://localhost:60003 : 1
00:50:25.329 [AsyncHttpClient-1-1] DEBUG org.asynchttpclient.netty.channel.DefaultChannelPool - Entry count for : http://localhost:60003 : 1
00:50:26.212 [AsyncHttpClient-1-10] DEBUG org.asynchttpclient.netty.handler.HttpHandler - 

Request DefaultHttpRequest(decodeResult: success, version: HTTP/1.1)
POST /session/653d70fe905154629d6ccccb100c156b/url HTTP/1.1
User-Agent: selenium/4.7.1 (java windows)
Content-Length: 59
Content-Type: application/json; charset=utf-8
host: localhost:24433
accept: */*

Response DefaultHttpResponse(decodeResult: success, version: HTTP/1.1)
HTTP/1.1 200 OK
Content-Type: application/json; charset=utf-8
cache-control: no-cache
content-length: 14

00:50:26.212 [AsyncHttpClient-1-10] DEBUG org.asynchttpclient.netty.channel.ChannelManager - Adding key: http://localhost:24433 for channel [id: 0xc133a20e, L:/127.0.0.1:60002 - R:localhost/127.0.0.1:24433]
00:50:26.215 [Forwarding setTimeout on session 653d70fe905154629d6ccccb100c156b to remote] DEBUG org.asynchttpclient.netty.request.NettyRequestSender - Using pooled Channel '[id: 0xc133a20e, L:/127.0.0.1:60002 - R:localhost/127.0.0.1:24433]' for 'POST' to 'http://localhost:24433/session/653d70fe905154629d6ccccb100c156b/timeouts'
00:50:26.215 [Forwarding setTimeout on session 653d70fe905154629d6ccccb100c156b to remote] DEBUG org.asynchttpclient.netty.request.NettyRequestSender - Using open Channel [id: 0xc133a20e, L:/127.0.0.1:60002 - R:localhost/127.0.0.1:24433] for POST '/session/653d70fe905154629d6ccccb100c156b/timeouts'
00:50:26.216 [AsyncHttpClient-1-10] DEBUG org.asynchttpclient.netty.handler.HttpHandler - 

Request DefaultHttpRequest(decodeResult: success, version: HTTP/1.1)
POST /session/653d70fe905154629d6ccccb100c156b/timeouts HTTP/1.1
User-Agent: selenium/4.7.1 (java windows)
Content-Length: 22
Content-Type: application/json; charset=utf-8
host: localhost:24433
accept: */*

Response DefaultHttpResponse(decodeResult: success, version: HTTP/1.1)
HTTP/1.1 200 OK
Content-Type: application/json; charset=utf-8
cache-control: no-cache
content-length: 14

00:50:26.217 [AsyncHttpClient-1-10] DEBUG org.asynchttpclient.netty.channel.ChannelManager - Adding key: http://localhost:24433 for channel [id: 0xc133a20e, L:/127.0.0.1:60002 - R:localhost/127.0.0.1:24433]
00:50:26.219 [Forwarding getCurrentUrl on session 653d70fe905154629d6ccccb100c156b to remote] DEBUG org.asynchttpclient.netty.request.NettyRequestSender - Using pooled Channel '[id: 0xc133a20e, L:/127.0.0.1:60002 - R:localhost/127.0.0.1:24433]' for 'GET' to 'http://localhost:24433/session/653d70fe905154629d6ccccb100c156b/url'
00:50:26.219 [Forwarding getCurrentUrl on session 653d70fe905154629d6ccccb100c156b to remote] DEBUG org.asynchttpclient.netty.request.NettyRequestSender - Using open Channel [id: 0xc133a20e, L:/127.0.0.1:60002 - R:localhost/127.0.0.1:24433] for GET '/session/653d70fe905154629d6ccccb100c156b/url'
00:50:26.225 [AsyncHttpClient-1-10] DEBUG org.asynchttpclient.netty.handler.HttpHandler - 

Request DefaultFullHttpRequest(decodeResult: success, version: HTTP/1.1, content: EmptyByteBufBE)
GET /session/653d70fe905154629d6ccccb100c156b/url HTTP/1.1
User-Agent: selenium/4.7.1 (java windows)
Cache-Control: no-cache
Content-Type: application/json; charset=utf-8
host: localhost:24433
accept: */*

Response DefaultHttpResponse(decodeResult: success, version: HTTP/1.1)
HTTP/1.1 200 OK
Content-Type: application/json; charset=utf-8
cache-control: no-cache
content-length: 41

00:50:26.226 [AsyncHttpClient-1-10] DEBUG org.asynchttpclient.netty.channel.ChannelManager - Adding key: http://localhost:24433 for channel [id: 0xc133a20e, L:/127.0.0.1:60002 - R:localhost/127.0.0.1:24433]
00:50:26.228 [Forwarding getCurrentUrl on session 653d70fe905154629d6ccccb100c156b to remote] DEBUG org.asynchttpclient.netty.request.NettyRequestSender - Using pooled Channel '[id: 0xc133a20e, L:/127.0.0.1:60002 - R:localhost/127.0.0.1:24433]' for 'GET' to 'http://localhost:24433/session/653d70fe905154629d6ccccb100c156b/url'
00:50:26.228 [Forwarding getCurrentUrl on session 653d70fe905154629d6ccccb100c156b to remote] DEBUG org.asynchttpclient.netty.request.NettyRequestSender - Using open Channel [id: 0xc133a20e, L:/127.0.0.1:60002 - R:localhost/127.0.0.1:24433] for GET '/session/653d70fe905154629d6ccccb100c156b/url'
00:50:26.232 [AsyncHttpClient-1-10] DEBUG org.asynchttpclient.netty.handler.HttpHandler - 

Request DefaultFullHttpRequest(decodeResult: success, version: HTTP/1.1, content: EmptyByteBufBE)
GET /session/653d70fe905154629d6ccccb100c156b/url HTTP/1.1
User-Agent: selenium/4.7.1 (java windows)
Cache-Control: no-cache
Content-Type: application/json; charset=utf-8
host: localhost:24433
accept: */*

Response DefaultHttpResponse(decodeResult: success, version: HTTP/1.1)
HTTP/1.1 200 OK
Content-Type: application/json; charset=utf-8
cache-control: no-cache
content-length: 41

00:50:26.232 [AsyncHttpClient-1-10] DEBUG org.asynchttpclient.netty.channel.ChannelManager - Adding key: http://localhost:24433 for channel [id: 0xc133a20e, L:/127.0.0.1:60002 - R:localhost/127.0.0.1:24433]
00:50:26.234 [Forwarding findElement on session 653d70fe905154629d6ccccb100c156b to remote] DEBUG org.asynchttpclient.netty.request.NettyRequestSender - Using pooled Channel '[id: 0xc133a20e, L:/127.0.0.1:60002 - R:localhost/127.0.0.1:24433]' for 'POST' to 'http://localhost:24433/session/653d70fe905154629d6ccccb100c156b/element'
00:50:26.235 [Forwarding findElement on session 653d70fe905154629d6ccccb100c156b to remote] DEBUG org.asynchttpclient.netty.request.NettyRequestSender - Using open Channel [id: 0xc133a20e, L:/127.0.0.1:60002 - R:localhost/127.0.0.1:24433] for POST '/session/653d70fe905154629d6ccccb100c156b/element'
00:50:26.250 [AsyncHttpClient-1-10] DEBUG org.asynchttpclient.netty.handler.HttpHandler - 

Request DefaultHttpRequest(decodeResult: success, version: HTTP/1.1)
POST /session/653d70fe905154629d6ccccb100c156b/element HTTP/1.1
User-Agent: selenium/4.7.1 (java windows)
Content-Length: 108
Content-Type: application/json; charset=utf-8
host: localhost:24433
accept: */*

Response DefaultHttpResponse(decodeResult: success, version: HTTP/1.1)
HTTP/1.1 200 OK
Content-Type: application/json; charset=utf-8
cache-control: no-cache
content-length: 88

00:50:26.250 [AsyncHttpClient-1-10] DEBUG org.asynchttpclient.netty.channel.ChannelManager - Adding key: http://localhost:24433 for channel [id: 0xc133a20e, L:/127.0.0.1:60002 - R:localhost/127.0.0.1:24433]
00:50:26.253 [Forwarding isElementDisplayed on session 653d70fe905154629d6ccccb100c156b to remote] DEBUG org.asynchttpclient.netty.request.NettyRequestSender - Using pooled Channel '[id: 0xc133a20e, L:/127.0.0.1:60002 - R:localhost/127.0.0.1:24433]' for 'POST' to 'http://localhost:24433/session/653d70fe905154629d6ccccb100c156b/execute/sync'
00:50:26.253 [Forwarding isElementDisplayed on session 653d70fe905154629d6ccccb100c156b to remote] DEBUG org.asynchttpclient.netty.request.NettyRequestSender - Using open Channel [id: 0xc133a20e, L:/127.0.0.1:60002 - R:localhost/127.0.0.1:24433] for POST '/session/653d70fe905154629d6ccccb100c156b/execute/sync'
00:50:26.274 [AsyncHttpClient-1-10] DEBUG org.asynchttpclient.netty.handler.HttpHandler - 

Request DefaultHttpRequest(decodeResult: success, version: HTTP/1.1)
POST /session/653d70fe905154629d6ccccb100c156b/execute/sync HTTP/1.1
User-Agent: selenium/4.7.1 (java windows)
Content-Length: 48780
Content-Type: application/json; charset=utf-8
host: localhost:24433
accept: */*

Response DefaultHttpResponse(decodeResult: success, version: HTTP/1.1)
HTTP/1.1 200 OK
Content-Type: application/json; charset=utf-8
cache-control: no-cache
content-length: 14

00:50:26.274 [AsyncHttpClient-1-10] DEBUG org.asynchttpclient.netty.channel.ChannelManager - Adding key: http://localhost:24433 for channel [id: 0xc133a20e, L:/127.0.0.1:60002 - R:localhost/127.0.0.1:24433]
00:50:26.279 [Forwarding isElementDisplayed on session 653d70fe905154629d6ccccb100c156b to remote] DEBUG org.asynchttpclient.netty.request.NettyRequestSender - Using pooled Channel '[id: 0xc133a20e, L:/127.0.0.1:60002 - R:localhost/127.0.0.1:24433]' for 'POST' to 'http://localhost:24433/session/653d70fe905154629d6ccccb100c156b/execute/sync'
00:50:26.279 [Forwarding isElementDisplayed on session 653d70fe905154629d6ccccb100c156b to remote] DEBUG org.asynchttpclient.netty.request.NettyRequestSender - Using open Channel [id: 0xc133a20e, L:/127.0.0.1:60002 - R:localhost/127.0.0.1:24433] for POST '/session/653d70fe905154629d6ccccb100c156b/execute/sync'
00:50:26.296 [AsyncHttpClient-1-10] DEBUG org.asynchttpclient.netty.handler.HttpHandler - 

Request DefaultHttpRequest(decodeResult: success, version: HTTP/1.1)
POST /session/653d70fe905154629d6ccccb100c156b/execute/sync HTTP/1.1
User-Agent: selenium/4.7.1 (java windows)
Content-Length: 48780
Content-Type: application/json; charset=utf-8
host: localhost:24433
accept: */*

Response DefaultHttpResponse(decodeResult: success, version: HTTP/1.1)
HTTP/1.1 200 OK
Content-Type: application/json; charset=utf-8
cache-control: no-cache
content-length: 14

00:50:26.297 [AsyncHttpClient-1-10] DEBUG org.asynchttpclient.netty.channel.ChannelManager - Adding key: http://localhost:24433 for channel [id: 0xc133a20e, L:/127.0.0.1:60002 - R:localhost/127.0.0.1:24433]
00:50:26.302 [Forwarding getCurrentWindowHandle on session 653d70fe905154629d6ccccb100c156b to remote] DEBUG org.asynchttpclient.netty.request.NettyRequestSender - Using pooled Channel '[id: 0xc133a20e, L:/127.0.0.1:60002 - R:localhost/127.0.0.1:24433]' for 'GET' to 'http://localhost:24433/session/653d70fe905154629d6ccccb100c156b/window'
00:50:26.302 [Forwarding getCurrentWindowHandle on session 653d70fe905154629d6ccccb100c156b to remote] DEBUG org.asynchttpclient.netty.request.NettyRequestSender - Using open Channel [id: 0xc133a20e, L:/127.0.0.1:60002 - R:localhost/127.0.0.1:24433] for GET '/session/653d70fe905154629d6ccccb100c156b/window'
00:50:26.303 [AsyncHttpClient-1-10] DEBUG org.asynchttpclient.netty.handler.HttpHandler - 

Request DefaultFullHttpRequest(decodeResult: success, version: HTTP/1.1, content: EmptyByteBufBE)
GET /session/653d70fe905154629d6ccccb100c156b/window HTTP/1.1
User-Agent: selenium/4.7.1 (java windows)
Cache-Control: no-cache
Content-Type: application/json; charset=utf-8
host: localhost:24433
accept: */*

Response DefaultHttpResponse(decodeResult: success, version: HTTP/1.1)
HTTP/1.1 200 OK
Content-Type: application/json; charset=utf-8
cache-control: no-cache
content-length: 44

00:50:26.304 [AsyncHttpClient-1-10] DEBUG org.asynchttpclient.netty.channel.ChannelManager - Adding key: http://localhost:24433 for channel [id: 0xc133a20e, L:/127.0.0.1:60002 - R:localhost/127.0.0.1:24433]
00:50:26.305 [Forwarding getAlertText on session 653d70fe905154629d6ccccb100c156b to remote] DEBUG org.asynchttpclient.netty.request.NettyRequestSender - Using pooled Channel '[id: 0xc133a20e, L:/127.0.0.1:60002 - R:localhost/127.0.0.1:24433]' for 'GET' to 'http://localhost:24433/session/653d70fe905154629d6ccccb100c156b/alert/text'
00:50:26.306 [Forwarding getAlertText on session 653d70fe905154629d6ccccb100c156b to remote] DEBUG org.asynchttpclient.netty.request.NettyRequestSender - Using open Channel [id: 0xc133a20e, L:/127.0.0.1:60002 - R:localhost/127.0.0.1:24433] for GET '/session/653d70fe905154629d6ccccb100c156b/alert/text'
00:50:26.308 [AsyncHttpClient-1-10] DEBUG org.asynchttpclient.netty.handler.HttpHandler - 

Request DefaultFullHttpRequest(decodeResult: success, version: HTTP/1.1, content: EmptyByteBufBE)
GET /session/653d70fe905154629d6ccccb100c156b/alert/text HTTP/1.1
User-Agent: selenium/4.7.1 (java windows)
Cache-Control: no-cache
Content-Type: application/json; charset=utf-8
host: localhost:24433
accept: */*

Response DefaultHttpResponse(decodeResult: success, version: HTTP/1.1)
HTTP/1.1 404 Not Found
Content-Type: application/json; charset=utf-8
cache-control: no-cache
content-length: 849

00:50:26.308 [AsyncHttpClient-1-10] DEBUG org.asynchttpclient.netty.channel.ChannelManager - Adding key: http://localhost:24433 for channel [id: 0xc133a20e, L:/127.0.0.1:60002 - R:localhost/127.0.0.1:24433]
00:50:26.311 [Forwarding switchToWindow on session 653d70fe905154629d6ccccb100c156b to remote] DEBUG org.asynchttpclient.netty.request.NettyRequestSender - Using pooled Channel '[id: 0xc133a20e, L:/127.0.0.1:60002 - R:localhost/127.0.0.1:24433]' for 'POST' to 'http://localhost:24433/session/653d70fe905154629d6ccccb100c156b/window'
00:50:26.311 [Forwarding switchToWindow on session 653d70fe905154629d6ccccb100c156b to remote] DEBUG org.asynchttpclient.netty.request.NettyRequestSender - Using open Channel [id: 0xc133a20e, L:/127.0.0.1:60002 - R:localhost/127.0.0.1:24433] for POST '/session/653d70fe905154629d6ccccb100c156b/window'
00:50:26.314 [AsyncHttpClient-1-10] DEBUG org.asynchttpclient.netty.handler.HttpHandler - 

Request DefaultHttpRequest(decodeResult: success, version: HTTP/1.1)
POST /session/653d70fe905154629d6ccccb100c156b/window HTTP/1.1
User-Agent: selenium/4.7.1 (java windows)
Content-Length: 50
Content-Type: application/json; charset=utf-8
host: localhost:24433
accept: */*

Response DefaultHttpResponse(decodeResult: success, version: HTTP/1.1)
HTTP/1.1 200 OK
Content-Type: application/json; charset=utf-8
cache-control: no-cache
content-length: 14

00:50:26.314 [AsyncHttpClient-1-10] DEBUG org.asynchttpclient.netty.channel.ChannelManager - Adding key: http://localhost:24433 for channel [id: 0xc133a20e, L:/127.0.0.1:60002 - R:localhost/127.0.0.1:24433]
00:50:26.314 [Forwarding getCurrentUrl on session 653d70fe905154629d6ccccb100c156b to remote] DEBUG org.asynchttpclient.netty.request.NettyRequestSender - Using pooled Channel '[id: 0xc133a20e, L:/127.0.0.1:60002 - R:localhost/127.0.0.1:24433]' for 'GET' to 'http://localhost:24433/session/653d70fe905154629d6ccccb100c156b/url'
00:50:26.314 [Forwarding getCurrentUrl on session 653d70fe905154629d6ccccb100c156b to remote] DEBUG org.asynchttpclient.netty.request.NettyRequestSender - Using open Channel [id: 0xc133a20e, L:/127.0.0.1:60002 - R:localhost/127.0.0.1:24433] for GET '/session/653d70fe905154629d6ccccb100c156b/url'
00:50:26.318 [AsyncHttpClient-1-10] DEBUG org.asynchttpclient.netty.handler.HttpHandler - 

Request DefaultFullHttpRequest(decodeResult: success, version: HTTP/1.1, content: EmptyByteBufBE)
GET /session/653d70fe905154629d6ccccb100c156b/url HTTP/1.1
User-Agent: selenium/4.7.1 (java windows)
Cache-Control: no-cache
Content-Type: application/json; charset=utf-8
host: localhost:24433
accept: */*

Response DefaultHttpResponse(decodeResult: success, version: HTTP/1.1)
HTTP/1.1 200 OK
Content-Type: application/json; charset=utf-8
cache-control: no-cache
content-length: 41

00:50:26.318 [AsyncHttpClient-1-10] DEBUG org.asynchttpclient.netty.channel.ChannelManager - Adding key: http://localhost:24433 for channel [id: 0xc133a20e, L:/127.0.0.1:60002 - R:localhost/127.0.0.1:24433]
00:50:26.319 [Forwarding screenshot on session 653d70fe905154629d6ccccb100c156b to remote] DEBUG org.asynchttpclient.netty.request.NettyRequestSender - Using pooled Channel '[id: 0xc133a20e, L:/127.0.0.1:60002 - R:localhost/127.0.0.1:24433]' for 'GET' to 'http://localhost:24433/session/653d70fe905154629d6ccccb100c156b/screenshot'
00:50:26.319 [Forwarding screenshot on session 653d70fe905154629d6ccccb100c156b to remote] DEBUG org.asynchttpclient.netty.request.NettyRequestSender - Using open Channel [id: 0xc133a20e, L:/127.0.0.1:60002 - R:localhost/127.0.0.1:24433] for GET '/session/653d70fe905154629d6ccccb100c156b/screenshot'
00:50:26.429 [AsyncHttpClient-1-1] DEBUG org.asynchttpclient.netty.channel.DefaultChannelPool - Entry count for : http://localhost:60003 : 1
00:50:26.455 [AsyncHttpClient-1-10] DEBUG org.asynchttpclient.netty.handler.HttpHandler - 

Request DefaultFullHttpRequest(decodeResult: success, version: HTTP/1.1, content: EmptyByteBufBE)
GET /session/653d70fe905154629d6ccccb100c156b/screenshot HTTP/1.1
User-Agent: selenium/4.7.1 (java windows)
Cache-Control: no-cache
Content-Type: application/json; charset=utf-8
host: localhost:24433
accept: */*

Response DefaultHttpResponse(decodeResult: success, version: HTTP/1.1)
HTTP/1.1 200 OK
Content-Type: application/json; charset=utf-8
cache-control: no-cache
content-length: 38248

00:50:26.455 [AsyncHttpClient-1-10] DEBUG org.asynchttpclient.netty.channel.ChannelManager - Adding key: http://localhost:24433 for channel [id: 0xc133a20e, L:/127.0.0.1:60002 - R:localhost/127.0.0.1:24433]
00:50:26.457 [main] DEBUG net.serenitybdd.core.photography.Darkroom - Send negative for processing for target\site\serenity\bf7f002ae21cf21a23b30772ecde147de3f3ff9e10f522793d6cc050e5e2ee7f.png
00:50:26.458 [main] DEBUG net.thucydides.core.steps.StepInterceptor - STEP DONE: diHomepageAltaShop
  &amp#27;[32mGiven &amp#27;[0m&amp#27;[32muser berada di Homepage AltaShop&amp#27;[0m                    &amp#27;[90m# starter.stepdefinitions.LoginRegisterSteps.userBeradaDiHomepageAlta()&amp#27;[0m
00:50:26.458 [Darkroom Processing Line] DEBUG net.serenitybdd.core.photography.DarkroomProcessingLine - Processing screenshot image in /var/screenshots/screenshot-17237441626635330785
00:50:26.458 [Darkroom Processing Line] DEBUG net.serenitybdd.core.photography.DarkroomProcessingLine - Saving screenshot to target\site\serenity\bf7f002ae21cf21a23b30772ecde147de3f3ff9e10f522793d6cc050e5e2ee7f.png
00:50:26.473 [main] DEBUG net.thucydides.core.steps.StepInterceptor - STARTING STEP: LoginRegisterSteps.userKlikButtonLogin - klikButtonLogin
00:50:26.476 [Forwarding findElement on session 653d70fe905154629d6ccccb100c156b to remote] DEBUG org.asynchttpclient.netty.request.NettyRequestSender - Using pooled Channel '[id: 0xc133a20e, L:/127.0.0.1:60002 - R:localhost/127.0.0.1:24433]' for 'POST' to 'http://localhost:24433/session/653d70fe905154629d6ccccb100c156b/element'
00:50:26.476 [Forwarding findElement on session 653d70fe905154629d6ccccb100c156b to remote] DEBUG org.asynchttpclient.netty.request.NettyRequestSender - Using open Channel [id: 0xc133a20e, L:/127.0.0.1:60002 - R:localhost/127.0.0.1:24433] for POST '/session/653d70fe905154629d6ccccb100c156b/element'
00:50:26.484 [AsyncHttpClient-1-10] DEBUG org.asynchttpclient.netty.handler.HttpHandler - 

Request DefaultHttpRequest(decodeResult: success, version: HTTP/1.1)
POST /session/653d70fe905154629d6ccccb100c156b/element HTTP/1.1
User-Agent: selenium/4.7.1 (java windows)
Content-Length: 108
Content-Type: application/json; charset=utf-8
host: localhost:24433
accept: */*

Response DefaultHttpResponse(decodeResult: success, version: HTTP/1.1)
HTTP/1.1 200 OK
Content-Type: application/json; charset=utf-8
cache-control: no-cache
content-length: 88

00:50:26.484 [AsyncHttpClient-1-10] DEBUG org.asynchttpclient.netty.channel.ChannelManager - Adding key: http://localhost:24433 for channel [id: 0xc133a20e, L:/127.0.0.1:60002 - R:localhost/127.0.0.1:24433]
00:50:26.485 [Forwarding getElementTagName on session 653d70fe905154629d6ccccb100c156b to remote] DEBUG org.asynchttpclient.netty.request.NettyRequestSender - Using pooled Channel '[id: 0xc133a20e, L:/127.0.0.1:60002 - R:localhost/127.0.0.1:24433]' for 'GET' to 'http://localhost:24433/session/653d70fe905154629d6ccccb100c156b/element/97e3c0e5-8a13-4ba8-9854-98857bba175f/name'
00:50:26.485 [Forwarding getElementTagName on session 653d70fe905154629d6ccccb100c156b to remote] DEBUG org.asynchttpclient.netty.request.NettyRequestSender - Using open Channel [id: 0xc133a20e, L:/127.0.0.1:60002 - R:localhost/127.0.0.1:24433] for GET '/session/653d70fe905154629d6ccccb100c156b/element/97e3c0e5-8a13-4ba8-9854-98857bba175f/name'
00:50:26.491 [AsyncHttpClient-1-10] DEBUG org.asynchttpclient.netty.handler.HttpHandler - 

Request DefaultFullHttpRequest(decodeResult: success, version: HTTP/1.1, content: EmptyByteBufBE)
GET /session/653d70fe905154629d6ccccb100c156b/element/97e3c0e5-8a13-4ba8-9854-98857bba175f/name HTTP/1.1
User-Agent: selenium/4.7.1 (java windows)
Cache-Control: no-cache
Content-Type: application/json; charset=utf-8
host: localhost:24433
accept: */*

Response DefaultHttpResponse(decodeResult: success, version: HTTP/1.1)
HTTP/1.1 200 OK
Content-Type: application/json; charset=utf-8
cache-control: no-cache
content-length: 18

00:50:26.491 [AsyncHttpClient-1-10] DEBUG org.asynchttpclient.netty.channel.ChannelManager - Adding key: http://localhost:24433 for channel [id: 0xc133a20e, L:/127.0.0.1:60002 - R:localhost/127.0.0.1:24433]
00:50:26.492 [Forwarding getElementTagName on session 653d70fe905154629d6ccccb100c156b to remote] DEBUG org.asynchttpclient.netty.request.NettyRequestSender - Using pooled Channel '[id: 0xc133a20e, L:/127.0.0.1:60002 - R:localhost/127.0.0.1:24433]' for 'GET' to 'http://localhost:24433/session/653d70fe905154629d6ccccb100c156b/element/97e3c0e5-8a13-4ba8-9854-98857bba175f/name'
00:50:26.493 [Forwarding getElementTagName on session 653d70fe905154629d6ccccb100c156b to remote] DEBUG org.asynchttpclient.netty.request.NettyRequestSender - Using open Channel [id: 0xc133a20e, L:/127.0.0.1:60002 - R:localhost/127.0.0.1:24433] for GET '/session/653d70fe905154629d6ccccb100c156b/element/97e3c0e5-8a13-4ba8-9854-98857bba175f/name'
00:50:26.496 [AsyncHttpClient-1-10] DEBUG org.asynchttpclient.netty.handler.HttpHandler - 

Request DefaultFullHttpRequest(decodeResult: success, version: HTTP/1.1, content: EmptyByteBufBE)
GET /session/653d70fe905154629d6ccccb100c156b/element/97e3c0e5-8a13-4ba8-9854-98857bba175f/name HTTP/1.1
User-Agent: selenium/4.7.1 (java windows)
Cache-Control: no-cache
Content-Type: application/json; charset=utf-8
host: localhost:24433
accept: */*

Response DefaultHttpResponse(decodeResult: success, version: HTTP/1.1)
HTTP/1.1 200 OK
Content-Type: application/json; charset=utf-8
cache-control: no-cache
content-length: 18

00:50:26.497 [AsyncHttpClient-1-10] DEBUG org.asynchttpclient.netty.channel.ChannelManager - Adding key: http://localhost:24433 for channel [id: 0xc133a20e, L:/127.0.0.1:60002 - R:localhost/127.0.0.1:24433]
00:50:26.498 [Forwarding isElementEnabled on session 653d70fe905154629d6ccccb100c156b to remote] DEBUG org.asynchttpclient.netty.request.NettyRequestSender - Using pooled Channel '[id: 0xc133a20e, L:/127.0.0.1:60002 - R:localhost/127.0.0.1:24433]' for 'GET' to 'http://localhost:24433/session/653d70fe905154629d6ccccb100c156b/element/97e3c0e5-8a13-4ba8-9854-98857bba175f/enabled'
00:50:26.498 [Forwarding isElementEnabled on session 653d70fe905154629d6ccccb100c156b to remote] DEBUG org.asynchttpclient.netty.request.NettyRequestSender - Using open Channel [id: 0xc133a20e, L:/127.0.0.1:60002 - R:localhost/127.0.0.1:24433] for GET '/session/653d70fe905154629d6ccccb100c156b/element/97e3c0e5-8a13-4ba8-9854-98857bba175f/enabled'
00:50:26.507 [AsyncHttpClient-1-10] DEBUG org.asynchttpclient.netty.handler.HttpHandler - 

Request DefaultFullHttpRequest(decodeResult: success, version: HTTP/1.1, content: EmptyByteBufBE)
GET /session/653d70fe905154629d6ccccb100c156b/element/97e3c0e5-8a13-4ba8-9854-98857bba175f/enabled HTTP/1.1
User-Agent: selenium/4.7.1 (java windows)
Cache-Control: no-cache
Content-Type: application/json; charset=utf-8
host: localhost:24433
accept: */*

Response DefaultHttpResponse(decodeResult: success, version: HTTP/1.1)
HTTP/1.1 200 OK
Content-Type: application/json; charset=utf-8
cache-control: no-cache
content-length: 14

00:50:26.507 [AsyncHttpClient-1-10] DEBUG org.asynchttpclient.netty.channel.ChannelManager - Adding key: http://localhost:24433 for channel [id: 0xc133a20e, L:/127.0.0.1:60002 - R:localhost/127.0.0.1:24433]
00:50:26.508 [Forwarding isElementEnabled on session 653d70fe905154629d6ccccb100c156b to remote] DEBUG org.asynchttpclient.netty.request.NettyRequestSender - Using pooled Channel '[id: 0xc133a20e, L:/127.0.0.1:60002 - R:localhost/127.0.0.1:24433]' for 'GET' to 'http://localhost:24433/session/653d70fe905154629d6ccccb100c156b/element/97e3c0e5-8a13-4ba8-9854-98857bba175f/enabled'
00:50:26.508 [Forwarding isElementEnabled on session 653d70fe905154629d6ccccb100c156b to remote] DEBUG org.asynchttpclient.netty.request.NettyRequestSender - Using open Channel [id: 0xc133a20e, L:/127.0.0.1:60002 - R:localhost/127.0.0.1:24433] for GET '/session/653d70fe905154629d6ccccb100c156b/element/97e3c0e5-8a13-4ba8-9854-98857bba175f/enabled'
00:50:26.517 [AsyncHttpClient-1-10] DEBUG org.asynchttpclient.netty.handler.HttpHandler - 

Request DefaultFullHttpRequest(decodeResult: success, version: HTTP/1.1, content: EmptyByteBufBE)
GET /session/653d70fe905154629d6ccccb100c156b/element/97e3c0e5-8a13-4ba8-9854-98857bba175f/enabled HTTP/1.1
User-Agent: selenium/4.7.1 (java windows)
Cache-Control: no-cache
Content-Type: application/json; charset=utf-8
host: localhost:24433
accept: */*

Response DefaultHttpResponse(decodeResult: success, version: HTTP/1.1)
HTTP/1.1 200 OK
Content-Type: application/json; charset=utf-8
cache-control: no-cache
content-length: 14

00:50:26.517 [AsyncHttpClient-1-10] DEBUG org.asynchttpclient.netty.channel.ChannelManager - Adding key: http://localhost:24433 for channel [id: 0xc133a20e, L:/127.0.0.1:60002 - R:localhost/127.0.0.1:24433]
00:50:26.518 [Forwarding findElement on session 653d70fe905154629d6ccccb100c156b to remote] DEBUG org.asynchttpclient.netty.request.NettyRequestSender - Using pooled Channel '[id: 0xc133a20e, L:/127.0.0.1:60002 - R:localhost/127.0.0.1:24433]' for 'POST' to 'http://localhost:24433/session/653d70fe905154629d6ccccb100c156b/element'
00:50:26.518 [Forwarding findElement on session 653d70fe905154629d6ccccb100c156b to remote] DEBUG org.asynchttpclient.netty.request.NettyRequestSender - Using open Channel [id: 0xc133a20e, L:/127.0.0.1:60002 - R:localhost/127.0.0.1:24433] for POST '/session/653d70fe905154629d6ccccb100c156b/element'
00:50:26.529 [AsyncHttpClient-1-10] DEBUG org.asynchttpclient.netty.handler.HttpHandler - 

Request DefaultHttpRequest(decodeResult: success, version: HTTP/1.1)
POST /session/653d70fe905154629d6ccccb100c156b/element HTTP/1.1
User-Agent: selenium/4.7.1 (java windows)
Content-Length: 108
Content-Type: application/json; charset=utf-8
host: localhost:24433
accept: */*

Response DefaultHttpResponse(decodeResult: success, version: HTTP/1.1)
HTTP/1.1 200 OK
Content-Type: application/json; charset=utf-8
cache-control: no-cache
content-length: 88

00:50:26.529 [AsyncHttpClient-1-10] DEBUG org.asynchttpclient.netty.channel.ChannelManager - Adding key: http://localhost:24433 for channel [id: 0xc133a20e, L:/127.0.0.1:60002 - R:localhost/127.0.0.1:24433]
00:50:26.531 [Forwarding clickElement on session 653d70fe905154629d6ccccb100c156b to remote] DEBUG org.asynchttpclient.netty.request.NettyRequestSender - Using pooled Channel '[id: 0xc133a20e, L:/127.0.0.1:60002 - R:localhost/127.0.0.1:24433]' for 'POST' to 'http://localhost:24433/session/653d70fe905154629d6ccccb100c156b/element/97e3c0e5-8a13-4ba8-9854-98857bba175f/click'
00:50:26.531 [Forwarding clickElement on session 653d70fe905154629d6ccccb100c156b to remote] DEBUG org.asynchttpclient.netty.request.NettyRequestSender - Using open Channel [id: 0xc133a20e, L:/127.0.0.1:60002 - R:localhost/127.0.0.1:24433] for POST '/session/653d70fe905154629d6ccccb100c156b/element/97e3c0e5-8a13-4ba8-9854-98857bba175f/click'
00:50:27.538 [AsyncHttpClient-1-1] DEBUG org.asynchttpclient.netty.channel.DefaultChannelPool - Entry count for : http://localhost:60003 : 1
00:50:28.633 [AsyncHttpClient-1-1] DEBUG org.asynchttpclient.netty.channel.DefaultChannelPool - Entry count for : http://localhost:60003 : 1
00:50:29.376 [AsyncHttpClient-1-10] DEBUG org.asynchttpclient.netty.handler.HttpHandler - 

Request DefaultHttpRequest(decodeResult: success, version: HTTP/1.1)
POST /session/653d70fe905154629d6ccccb100c156b/element/97e3c0e5-8a13-4ba8-9854-98857bba175f/click HTTP/1.1
User-Agent: selenium/4.7.1 (java windows)
Content-Length: 50
Content-Type: application/json; charset=utf-8
host: localhost:24433
accept: */*

Response DefaultHttpResponse(decodeResult: success, version: HTTP/1.1)
HTTP/1.1 200 OK
Content-Type: application/json; charset=utf-8
cache-control: no-cache
content-length: 14

00:50:29.376 [AsyncHttpClient-1-10] DEBUG org.asynchttpclient.netty.channel.ChannelManager - Adding key: http://localhost:24433 for channel [id: 0xc133a20e, L:/127.0.0.1:60002 - R:localhost/127.0.0.1:24433]
00:50:29.384 [Forwarding getCurrentWindowHandle on session 653d70fe905154629d6ccccb100c156b to remote] DEBUG org.asynchttpclient.netty.request.NettyRequestSender - Using pooled Channel '[id: 0xc133a20e, L:/127.0.0.1:60002 - R:localhost/127.0.0.1:24433]' for 'GET' to 'http://localhost:24433/session/653d70fe905154629d6ccccb100c156b/window'
00:50:29.384 [Forwarding getCurrentWindowHandle on session 653d70fe905154629d6ccccb100c156b to remote] DEBUG org.asynchttpclient.netty.request.NettyRequestSender - Using open Channel [id: 0xc133a20e, L:/127.0.0.1:60002 - R:localhost/127.0.0.1:24433] for GET '/session/653d70fe905154629d6ccccb100c156b/window'
00:50:29.385 [AsyncHttpClient-1-10] DEBUG org.asynchttpclient.netty.handler.HttpHandler - 

Request DefaultFullHttpRequest(decodeResult: success, version: HTTP/1.1, content: EmptyByteBufBE)
GET /session/653d70fe905154629d6ccccb100c156b/window HTTP/1.1
User-Agent: selenium/4.7.1 (java windows)
Cache-Control: no-cache
Content-Type: application/json; charset=utf-8
host: localhost:24433
accept: */*

Response DefaultHttpResponse(decodeResult: success, version: HTTP/1.1)
HTTP/1.1 200 OK
Content-Type: application/json; charset=utf-8
cache-control: no-cache
content-length: 44

00:50:29.385 [AsyncHttpClient-1-10] DEBUG org.asynchttpclient.netty.channel.ChannelManager - Adding key: http://localhost:24433 for channel [id: 0xc133a20e, L:/127.0.0.1:60002 - R:localhost/127.0.0.1:24433]
00:50:29.387 [Forwarding getAlertText on session 653d70fe905154629d6ccccb100c156b to remote] DEBUG org.asynchttpclient.netty.request.NettyRequestSender - Using pooled Channel '[id: 0xc133a20e, L:/127.0.0.1:60002 - R:localhost/127.0.0.1:24433]' for 'GET' to 'http://localhost:24433/session/653d70fe905154629d6ccccb100c156b/alert/text'
00:50:29.388 [Forwarding getAlertText on session 653d70fe905154629d6ccccb100c156b to remote] DEBUG org.asynchttpclient.netty.request.NettyRequestSender - Using open Channel [id: 0xc133a20e, L:/127.0.0.1:60002 - R:localhost/127.0.0.1:24433] for GET '/session/653d70fe905154629d6ccccb100c156b/alert/text'
00:50:29.639 [AsyncHttpClient-1-10] DEBUG org.asynchttpclient.netty.handler.HttpHandler - 

Request DefaultFullHttpRequest(decodeResult: success, version: HTTP/1.1, content: EmptyByteBufBE)
GET /session/653d70fe905154629d6ccccb100c156b/alert/text HTTP/1.1
User-Agent: selenium/4.7.1 (java windows)
Cache-Control: no-cache
Content-Type: application/json; charset=utf-8
host: localhost:24433
accept: */*

Response DefaultHttpResponse(decodeResult: success, version: HTTP/1.1)
HTTP/1.1 404 Not Found
Content-Type: application/json; charset=utf-8
cache-control: no-cache
content-length: 849

00:50:29.639 [AsyncHttpClient-1-10] DEBUG org.asynchttpclient.netty.channel.ChannelManager - Adding key: http://localhost:24433 for channel [id: 0xc133a20e, L:/127.0.0.1:60002 - R:localhost/127.0.0.1:24433]
00:50:29.641 [Forwarding switchToWindow on session 653d70fe905154629d6ccccb100c156b to remote] DEBUG org.asynchttpclient.netty.request.NettyRequestSender - Using pooled Channel '[id: 0xc133a20e, L:/127.0.0.1:60002 - R:localhost/127.0.0.1:24433]' for 'POST' to 'http://localhost:24433/session/653d70fe905154629d6ccccb100c156b/window'
00:50:29.641 [Forwarding switchToWindow on session 653d70fe905154629d6ccccb100c156b to remote] DEBUG org.asynchttpclient.netty.request.NettyRequestSender - Using open Channel [id: 0xc133a20e, L:/127.0.0.1:60002 - R:localhost/127.0.0.1:24433] for POST '/session/653d70fe905154629d6ccccb100c156b/window'
00:50:29.643 [AsyncHttpClient-1-10] DEBUG org.asynchttpclient.netty.handler.HttpHandler - 

Request DefaultHttpRequest(decodeResult: success, version: HTTP/1.1)
POST /session/653d70fe905154629d6ccccb100c156b/window HTTP/1.1
User-Agent: selenium/4.7.1 (java windows)
Content-Length: 50
Content-Type: application/json; charset=utf-8
host: localhost:24433
accept: */*

Response DefaultHttpResponse(decodeResult: success, version: HTTP/1.1)
HTTP/1.1 200 OK
Content-Type: application/json; charset=utf-8
cache-control: no-cache
content-length: 14

00:50:29.643 [AsyncHttpClient-1-10] DEBUG org.asynchttpclient.netty.channel.ChannelManager - Adding key: http://localhost:24433 for channel [id: 0xc133a20e, L:/127.0.0.1:60002 - R:localhost/127.0.0.1:24433]
00:50:29.644 [Forwarding getCurrentUrl on session 653d70fe905154629d6ccccb100c156b to remote] DEBUG org.asynchttpclient.netty.request.NettyRequestSender - Using pooled Channel '[id: 0xc133a20e, L:/127.0.0.1:60002 - R:localhost/127.0.0.1:24433]' for 'GET' to 'http://localhost:24433/session/653d70fe905154629d6ccccb100c156b/url'
00:50:29.644 [Forwarding getCurrentUrl on session 653d70fe905154629d6ccccb100c156b to remote] DEBUG org.asynchttpclient.netty.request.NettyRequestSender - Using open Channel [id: 0xc133a20e, L:/127.0.0.1:60002 - R:localhost/127.0.0.1:24433] for GET '/session/653d70fe905154629d6ccccb100c156b/url'
00:50:29.649 [AsyncHttpClient-1-10] DEBUG org.asynchttpclient.netty.handler.HttpHandler - 

Request DefaultFullHttpRequest(decodeResult: success, version: HTTP/1.1, content: EmptyByteBufBE)
GET /session/653d70fe905154629d6ccccb100c156b/url HTTP/1.1
User-Agent: selenium/4.7.1 (java windows)
Cache-Control: no-cache
Content-Type: application/json; charset=utf-8
host: localhost:24433
accept: */*

Response DefaultHttpResponse(decodeResult: success, version: HTTP/1.1)
HTTP/1.1 200 OK
Content-Type: application/json; charset=utf-8
cache-control: no-cache
content-length: 51

00:50:29.649 [AsyncHttpClient-1-10] DEBUG org.asynchttpclient.netty.channel.ChannelManager - Adding key: http://localhost:24433 for channel [id: 0xc133a20e, L:/127.0.0.1:60002 - R:localhost/127.0.0.1:24433]
00:50:29.649 [Forwarding screenshot on session 653d70fe905154629d6ccccb100c156b to remote] DEBUG org.asynchttpclient.netty.request.NettyRequestSender - Using pooled Channel '[id: 0xc133a20e, L:/127.0.0.1:60002 - R:localhost/127.0.0.1:24433]' for 'GET' to 'http://localhost:24433/session/653d70fe905154629d6ccccb100c156b/screenshot'
00:50:29.650 [Forwarding screenshot on session 653d70fe905154629d6ccccb100c156b to remote] DEBUG org.asynchttpclient.netty.request.NettyRequestSender - Using open Channel [id: 0xc133a20e, L:/127.0.0.1:60002 - R:localhost/127.0.0.1:24433] for GET '/session/653d70fe905154629d6ccccb100c156b/screenshot'
00:50:29.732 [AsyncHttpClient-1-1] DEBUG org.asynchttpclient.netty.channel.DefaultChannelPool - Entry count for : http://localhost:60003 : 1
00:50:29.740 [AsyncHttpClient-1-10] DEBUG org.asynchttpclient.netty.handler.HttpHandler - 

Request DefaultFullHttpRequest(decodeResult: success, version: HTTP/1.1, content: EmptyByteBufBE)
GET /session/653d70fe905154629d6ccccb100c156b/screenshot HTTP/1.1
User-Agent: selenium/4.7.1 (java windows)
Cache-Control: no-cache
Content-Type: application/json; charset=utf-8
host: localhost:24433
accept: */*

Response DefaultHttpResponse(decodeResult: success, version: HTTP/1.1)
HTTP/1.1 200 OK
Content-Type: application/json; charset=utf-8
cache-control: no-cache
content-length: 26172

00:50:29.741 [AsyncHttpClient-1-10] DEBUG org.asynchttpclient.netty.channel.ChannelManager - Adding key: http://localhost:24433 for channel [id: 0xc133a20e, L:/127.0.0.1:60002 - R:localhost/127.0.0.1:24433]
00:50:29.742 [main] DEBUG net.serenitybdd.core.photography.Darkroom - Send negative for processing for target\site\serenity\f035198f28bcaf95684f4b1a3b9e5d031fc0873bb044f55c4913aef571773aa0.png
00:50:29.743 [main] DEBUG net.thucydides.core.steps.StepInterceptor - STEP DONE: klikButtonLogin
  &amp#27;[32mWhen &amp#27;[0m&amp#27;[32muser klik button login&amp#27;[0m                               &amp#27;[90m# starter.stepdefinitions.LoginRegisterSteps.userKlikButtonLogin()&amp#27;[0m
00:50:29.760 [main] DEBUG net.thucydides.core.steps.StepInterceptor - STARTING STEP: RegisterSteps.userKlikRegister - klikLinkRegister
00:50:29.762 [Forwarding findElement on session 653d70fe905154629d6ccccb100c156b to remote] DEBUG org.asynchttpclient.netty.request.NettyRequestSender - Using pooled Channel '[id: 0xc133a20e, L:/127.0.0.1:60002 - R:localhost/127.0.0.1:24433]' for 'POST' to 'http://localhost:24433/session/653d70fe905154629d6ccccb100c156b/element'
00:50:29.762 [Forwarding findElement on session 653d70fe905154629d6ccccb100c156b to remote] DEBUG org.asynchttpclient.netty.request.NettyRequestSender - Using open Channel [id: 0xc133a20e, L:/127.0.0.1:60002 - R:localhost/127.0.0.1:24433] for POST '/session/653d70fe905154629d6ccccb100c156b/element'
00:50:29.773 [AsyncHttpClient-1-10] DEBUG org.asynchttpclient.netty.handler.HttpHandler - 

Request DefaultHttpRequest(decodeResult: success, version: HTTP/1.1)
POST /session/653d70fe905154629d6ccccb100c156b/element HTTP/1.1
User-Agent: selenium/4.7.1 (java windows)
Content-Length: 84
Content-Type: application/json; charset=utf-8
host: localhost:24433
accept: */*

Response DefaultHttpResponse(decodeResult: success, version: HTTP/1.1)
HTTP/1.1 200 OK
Content-Type: application/json; charset=utf-8
cache-control: no-cache
content-length: 88

00:50:29.773 [AsyncHttpClient-1-10] DEBUG org.asynchttpclient.netty.channel.ChannelManager - Adding key: http://localhost:24433 for channel [id: 0xc133a20e, L:/127.0.0.1:60002 - R:localhost/127.0.0.1:24433]
00:50:29.774 [Forwarding getElementTagName on session 653d70fe905154629d6ccccb100c156b to remote] DEBUG org.asynchttpclient.netty.request.NettyRequestSender - Using pooled Channel '[id: 0xc133a20e, L:/127.0.0.1:60002 - R:localhost/127.0.0.1:24433]' for 'GET' to 'http://localhost:24433/session/653d70fe905154629d6ccccb100c156b/element/52df6ad6-a59a-41b2-84b9-87500ff4868b/name'
00:50:29.774 [Forwarding getElementTagName on session 653d70fe905154629d6ccccb100c156b to remote] DEBUG org.asynchttpclient.netty.request.NettyRequestSender - Using open Channel [id: 0xc133a20e, L:/127.0.0.1:60002 - R:localhost/127.0.0.1:24433] for GET '/session/653d70fe905154629d6ccccb100c156b/element/52df6ad6-a59a-41b2-84b9-87500ff4868b/name'
00:50:29.777 [AsyncHttpClient-1-10] DEBUG org.asynchttpclient.netty.handler.HttpHandler - 

Request DefaultFullHttpRequest(decodeResult: success, version: HTTP/1.1, content: EmptyByteBufBE)
GET /session/653d70fe905154629d6ccccb100c156b/element/52df6ad6-a59a-41b2-84b9-87500ff4868b/name HTTP/1.1
User-Agent: selenium/4.7.1 (java windows)
Cache-Control: no-cache
Content-Type: application/json; charset=utf-8
host: localhost:24433
accept: */*

Response DefaultHttpResponse(decodeResult: success, version: HTTP/1.1)
HTTP/1.1 200 OK
Content-Type: application/json; charset=utf-8
cache-control: no-cache
content-length: 13

00:50:29.778 [AsyncHttpClient-1-10] DEBUG org.asynchttpclient.netty.channel.ChannelManager - Adding key: http://localhost:24433 for channel [id: 0xc133a20e, L:/127.0.0.1:60002 - R:localhost/127.0.0.1:24433]
00:50:29.781 [Forwarding getElementTagName on session 653d70fe905154629d6ccccb100c156b to remote] DEBUG org.asynchttpclient.netty.request.NettyRequestSender - Using pooled Channel '[id: 0xc133a20e, L:/127.0.0.1:60002 - R:localhost/127.0.0.1:24433]' for 'GET' to 'http://localhost:24433/session/653d70fe905154629d6ccccb100c156b/element/52df6ad6-a59a-41b2-84b9-87500ff4868b/name'
00:50:29.781 [Forwarding getElementTagName on session 653d70fe905154629d6ccccb100c156b to remote] DEBUG org.asynchttpclient.netty.request.NettyRequestSender - Using open Channel [id: 0xc133a20e, L:/127.0.0.1:60002 - R:localhost/127.0.0.1:24433] for GET '/session/653d70fe905154629d6ccccb100c156b/element/52df6ad6-a59a-41b2-84b9-87500ff4868b/name'
00:50:29.784 [AsyncHttpClient-1-10] DEBUG org.asynchttpclient.netty.handler.HttpHandler - 

Request DefaultFullHttpRequest(decodeResult: success, version: HTTP/1.1, content: EmptyByteBufBE)
GET /session/653d70fe905154629d6ccccb100c156b/element/52df6ad6-a59a-41b2-84b9-87500ff4868b/name HTTP/1.1
User-Agent: selenium/4.7.1 (java windows)
Cache-Control: no-cache
Content-Type: application/json; charset=utf-8
host: localhost:24433
accept: */*

Response DefaultHttpResponse(decodeResult: success, version: HTTP/1.1)
HTTP/1.1 200 OK
Content-Type: application/json; charset=utf-8
cache-control: no-cache
content-length: 13

00:50:29.784 [AsyncHttpClient-1-10] DEBUG org.asynchttpclient.netty.channel.ChannelManager - Adding key: http://localhost:24433 for channel [id: 0xc133a20e, L:/127.0.0.1:60002 - R:localhost/127.0.0.1:24433]
00:50:29.786 [Forwarding findElement on session 653d70fe905154629d6ccccb100c156b to remote] DEBUG org.asynchttpclient.netty.request.NettyRequestSender - Using pooled Channel '[id: 0xc133a20e, L:/127.0.0.1:60002 - R:localhost/127.0.0.1:24433]' for 'POST' to 'http://localhost:24433/session/653d70fe905154629d6ccccb100c156b/element'
00:50:29.786 [Forwarding findElement on session 653d70fe905154629d6ccccb100c156b to remote] DEBUG org.asynchttpclient.netty.request.NettyRequestSender - Using open Channel [id: 0xc133a20e, L:/127.0.0.1:60002 - R:localhost/127.0.0.1:24433] for POST '/session/653d70fe905154629d6ccccb100c156b/element'
00:50:29.792 [AsyncHttpClient-1-10] DEBUG org.asynchttpclient.netty.handler.HttpHandler - 

Request DefaultHttpRequest(decodeResult: success, version: HTTP/1.1)
POST /session/653d70fe905154629d6ccccb100c156b/element HTTP/1.1
User-Agent: selenium/4.7.1 (java windows)
Content-Length: 84
Content-Type: application/json; charset=utf-8
host: localhost:24433
accept: */*

Response DefaultHttpResponse(decodeResult: success, version: HTTP/1.1)
HTTP/1.1 200 OK
Content-Type: application/json; charset=utf-8
cache-control: no-cache
content-length: 88

00:50:29.793 [AsyncHttpClient-1-10] DEBUG org.asynchttpclient.netty.channel.ChannelManager - Adding key: http://localhost:24433 for channel [id: 0xc133a20e, L:/127.0.0.1:60002 - R:localhost/127.0.0.1:24433]
00:50:29.794 [Forwarding clickElement on session 653d70fe905154629d6ccccb100c156b to remote] DEBUG org.asynchttpclient.netty.request.NettyRequestSender - Using pooled Channel '[id: 0xc133a20e, L:/127.0.0.1:60002 - R:localhost/127.0.0.1:24433]' for 'POST' to 'http://localhost:24433/session/653d70fe905154629d6ccccb100c156b/element/52df6ad6-a59a-41b2-84b9-87500ff4868b/click'
00:50:29.794 [Forwarding clickElement on session 653d70fe905154629d6ccccb100c156b to remote] DEBUG org.asynchttpclient.netty.request.NettyRequestSender - Using open Channel [id: 0xc133a20e, L:/127.0.0.1:60002 - R:localhost/127.0.0.1:24433] for POST '/session/653d70fe905154629d6ccccb100c156b/element/52df6ad6-a59a-41b2-84b9-87500ff4868b/click'
00:50:29.828 [AsyncHttpClient-1-10] DEBUG org.asynchttpclient.netty.handler.HttpHandler - 

Request DefaultHttpRequest(decodeResult: success, version: HTTP/1.1)
POST /session/653d70fe905154629d6ccccb100c156b/element/52df6ad6-a59a-41b2-84b9-87500ff4868b/click HTTP/1.1
User-Agent: selenium/4.7.1 (java windows)
Content-Length: 50
Content-Type: application/json; charset=utf-8
host: localhost:24433
accept: */*

Response DefaultHttpResponse(decodeResult: success, version: HTTP/1.1)
HTTP/1.1 200 OK
Content-Type: application/json; charset=utf-8
cache-control: no-cache
content-length: 14

00:50:29.829 [AsyncHttpClient-1-10] DEBUG org.asynchttpclient.netty.channel.ChannelManager - Adding key: http://localhost:24433 for channel [id: 0xc133a20e, L:/127.0.0.1:60002 - R:localhost/127.0.0.1:24433]
00:50:29.837 [Forwarding getCurrentWindowHandle on session 653d70fe905154629d6ccccb100c156b to remote] DEBUG org.asynchttpclient.netty.request.NettyRequestSender - Using pooled Channel '[id: 0xc133a20e, L:/127.0.0.1:60002 - R:localhost/127.0.0.1:24433]' for 'GET' to 'http://localhost:24433/session/653d70fe905154629d6ccccb100c156b/window'
00:50:29.837 [Forwarding getCurrentWindowHandle on session 653d70fe905154629d6ccccb100c156b to remote] DEBUG org.asynchttpclient.netty.request.NettyRequestSender - Using open Channel [id: 0xc133a20e, L:/127.0.0.1:60002 - R:localhost/127.0.0.1:24433] for GET '/session/653d70fe905154629d6ccccb100c156b/window'
00:50:29.838 [AsyncHttpClient-1-10] DEBUG org.asynchttpclient.netty.handler.HttpHandler - 

Request DefaultFullHttpRequest(decodeResult: success, version: HTTP/1.1, content: EmptyByteBufBE)
GET /session/653d70fe905154629d6ccccb100c156b/window HTTP/1.1
User-Agent: selenium/4.7.1 (java windows)
Cache-Control: no-cache
Content-Type: application/json; charset=utf-8
host: localhost:24433
accept: */*

Response DefaultHttpResponse(decodeResult: success, version: HTTP/1.1)
HTTP/1.1 200 OK
Content-Type: application/json; charset=utf-8
cache-control: no-cache
content-length: 44

00:50:29.838 [AsyncHttpClient-1-10] DEBUG org.asynchttpclient.netty.channel.ChannelManager - Adding key: http://localhost:24433 for channel [id: 0xc133a20e, L:/127.0.0.1:60002 - R:localhost/127.0.0.1:24433]
00:50:29.840 [Forwarding getAlertText on session 653d70fe905154629d6ccccb100c156b to remote] DEBUG org.asynchttpclient.netty.request.NettyRequestSender - Using pooled Channel '[id: 0xc133a20e, L:/127.0.0.1:60002 - R:localhost/127.0.0.1:24433]' for 'GET' to 'http://localhost:24433/session/653d70fe905154629d6ccccb100c156b/alert/text'
00:50:29.840 [Forwarding getAlertText on session 653d70fe905154629d6ccccb100c156b to remote] DEBUG org.asynchttpclient.netty.request.NettyRequestSender - Using open Channel [id: 0xc133a20e, L:/127.0.0.1:60002 - R:localhost/127.0.0.1:24433] for GET '/session/653d70fe905154629d6ccccb100c156b/alert/text'
00:50:29.856 [AsyncHttpClient-1-10] DEBUG org.asynchttpclient.netty.handler.HttpHandler - 

Request DefaultFullHttpRequest(decodeResult: success, version: HTTP/1.1, content: EmptyByteBufBE)
GET /session/653d70fe905154629d6ccccb100c156b/alert/text HTTP/1.1
User-Agent: selenium/4.7.1 (java windows)
Cache-Control: no-cache
Content-Type: application/json; charset=utf-8
host: localhost:24433
accept: */*

Response DefaultHttpResponse(decodeResult: success, version: HTTP/1.1)
HTTP/1.1 404 Not Found
Content-Type: application/json; charset=utf-8
cache-control: no-cache
content-length: 849

00:50:29.856 [AsyncHttpClient-1-10] DEBUG org.asynchttpclient.netty.channel.ChannelManager - Adding key: http://localhost:24433 for channel [id: 0xc133a20e, L:/127.0.0.1:60002 - R:localhost/127.0.0.1:24433]
00:50:29.860 [Forwarding switchToWindow on session 653d70fe905154629d6ccccb100c156b to remote] DEBUG org.asynchttpclient.netty.request.NettyRequestSender - Using pooled Channel '[id: 0xc133a20e, L:/127.0.0.1:60002 - R:localhost/127.0.0.1:24433]' for 'POST' to 'http://localhost:24433/session/653d70fe905154629d6ccccb100c156b/window'
00:50:29.860 [Forwarding switchToWindow on session 653d70fe905154629d6ccccb100c156b to remote] DEBUG org.asynchttpclient.netty.request.NettyRequestSender - Using open Channel [id: 0xc133a20e, L:/127.0.0.1:60002 - R:localhost/127.0.0.1:24433] for POST '/session/653d70fe905154629d6ccccb100c156b/window'
00:50:29.863 [AsyncHttpClient-1-10] DEBUG org.asynchttpclient.netty.handler.HttpHandler - 

Request DefaultHttpRequest(decodeResult: success, version: HTTP/1.1)
POST /session/653d70fe905154629d6ccccb100c156b/window HTTP/1.1
User-Agent: selenium/4.7.1 (java windows)
Content-Length: 50
Content-Type: application/json; charset=utf-8
host: localhost:24433
accept: */*

Response DefaultHttpResponse(decodeResult: success, version: HTTP/1.1)
HTTP/1.1 200 OK
Content-Type: application/json; charset=utf-8
cache-control: no-cache
content-length: 14

00:50:29.863 [AsyncHttpClient-1-10] DEBUG org.asynchttpclient.netty.channel.ChannelManager - Adding key: http://localhost:24433 for channel [id: 0xc133a20e, L:/127.0.0.1:60002 - R:localhost/127.0.0.1:24433]
00:50:29.863 [Forwarding getCurrentUrl on session 653d70fe905154629d6ccccb100c156b to remote] DEBUG org.asynchttpclient.netty.request.NettyRequestSender - Using pooled Channel '[id: 0xc133a20e, L:/127.0.0.1:60002 - R:localhost/127.0.0.1:24433]' for 'GET' to 'http://localhost:24433/session/653d70fe905154629d6ccccb100c156b/url'
00:50:29.863 [Forwarding getCurrentUrl on session 653d70fe905154629d6ccccb100c156b to remote] DEBUG org.asynchttpclient.netty.request.NettyRequestSender - Using open Channel [id: 0xc133a20e, L:/127.0.0.1:60002 - R:localhost/127.0.0.1:24433] for GET '/session/653d70fe905154629d6ccccb100c156b/url'
00:50:29.867 [AsyncHttpClient-1-10] DEBUG org.asynchttpclient.netty.handler.HttpHandler - 

Request DefaultFullHttpRequest(decodeResult: success, version: HTTP/1.1, content: EmptyByteBufBE)
GET /session/653d70fe905154629d6ccccb100c156b/url HTTP/1.1
User-Agent: selenium/4.7.1 (java windows)
Cache-Control: no-cache
Content-Type: application/json; charset=utf-8
host: localhost:24433
accept: */*

Response DefaultHttpResponse(decodeResult: success, version: HTTP/1.1)
HTTP/1.1 200 OK
Content-Type: application/json; charset=utf-8
cache-control: no-cache
content-length: 54

00:50:29.867 [AsyncHttpClient-1-10] DEBUG org.asynchttpclient.netty.channel.ChannelManager - Adding key: http://localhost:24433 for channel [id: 0xc133a20e, L:/127.0.0.1:60002 - R:localhost/127.0.0.1:24433]
00:50:29.868 [Forwarding screenshot on session 653d70fe905154629d6ccccb100c156b to remote] DEBUG org.asynchttpclient.netty.request.NettyRequestSender - Using pooled Channel '[id: 0xc133a20e, L:/127.0.0.1:60002 - R:localhost/127.0.0.1:24433]' for 'GET' to 'http://localhost:24433/session/653d70fe905154629d6ccccb100c156b/screenshot'
00:50:29.868 [Forwarding screenshot on session 653d70fe905154629d6ccccb100c156b to remote] DEBUG org.asynchttpclient.netty.request.NettyRequestSender - Using open Channel [id: 0xc133a20e, L:/127.0.0.1:60002 - R:localhost/127.0.0.1:24433] for GET '/session/653d70fe905154629d6ccccb100c156b/screenshot'
00:50:30.002 [AsyncHttpClient-1-10] DEBUG org.asynchttpclient.netty.handler.HttpHandler - 

Request DefaultFullHttpRequest(decodeResult: success, version: HTTP/1.1, content: EmptyByteBufBE)
GET /session/653d70fe905154629d6ccccb100c156b/screenshot HTTP/1.1
User-Agent: selenium/4.7.1 (java windows)
Cache-Control: no-cache
Content-Type: application/json; charset=utf-8
host: localhost:24433
accept: */*

Response DefaultHttpResponse(decodeResult: success, version: HTTP/1.1)
HTTP/1.1 200 OK
Content-Type: application/json; charset=utf-8
cache-control: no-cache
content-length: 30692

00:50:30.002 [AsyncHttpClient-1-10] DEBUG org.asynchttpclient.netty.channel.ChannelManager - Adding key: http://localhost:24433 for channel [id: 0xc133a20e, L:/127.0.0.1:60002 - R:localhost/127.0.0.1:24433]
00:50:30.005 [main] DEBUG net.serenitybdd.core.photography.Darkroom - Send negative for processing for target\site\serenity\4ad33bd4b0b439b00be3b940058503090d3ce3803dfdaf227b7fafcb2e77921e.png
00:50:30.005 [main] DEBUG net.thucydides.core.steps.StepInterceptor - STEP DONE: klikLinkRegister
00:50:30.005 [Darkroom Processing Line] DEBUG net.serenitybdd.core.photography.DarkroomProcessingLine - Processing screenshot image in /var/screenshots/screenshot-13723327881947076465
  &amp#27;[32mThen &amp#27;[0m&amp#27;[32muser klik register&amp#27;[0m                                   &amp#27;[90m# starter.stepdefinitions.RegisterSteps.userKlikRegister()&amp#27;[0m
00:50:30.005 [Darkroom Processing Line] DEBUG net.serenitybdd.core.photography.DarkroomProcessingLine - Saving screenshot to target\site\serenity\4ad33bd4b0b439b00be3b940058503090d3ce3803dfdaf227b7fafcb2e77921e.png
00:50:30.016 [main] DEBUG net.thucydides.core.steps.StepInterceptor - STARTING STEP: RegisterSteps.userInputNamaLengkap - inputNamaLengkap
00:50:30.018 [Forwarding findElement on session 653d70fe905154629d6ccccb100c156b to remote] DEBUG org.asynchttpclient.netty.request.NettyRequestSender - Using pooled Channel '[id: 0xc133a20e, L:/127.0.0.1:60002 - R:localhost/127.0.0.1:24433]' for 'POST' to 'http://localhost:24433/session/653d70fe905154629d6ccccb100c156b/element'
00:50:30.018 [Forwarding findElement on session 653d70fe905154629d6ccccb100c156b to remote] DEBUG org.asynchttpclient.netty.request.NettyRequestSender - Using open Channel [id: 0xc133a20e, L:/127.0.0.1:60002 - R:localhost/127.0.0.1:24433] for POST '/session/653d70fe905154629d6ccccb100c156b/element'
00:50:30.032 [AsyncHttpClient-1-10] DEBUG org.asynchttpclient.netty.handler.HttpHandler - 

Request DefaultHttpRequest(decodeResult: success, version: HTTP/1.1)
POST /session/653d70fe905154629d6ccccb100c156b/element HTTP/1.1
User-Agent: selenium/4.7.1 (java windows)
Content-Length: 187
Content-Type: application/json; charset=utf-8
host: localhost:24433
accept: */*

Response DefaultHttpResponse(decodeResult: success, version: HTTP/1.1)
HTTP/1.1 200 OK
Content-Type: application/json; charset=utf-8
cache-control: no-cache
content-length: 88

00:50:30.032 [AsyncHttpClient-1-10] DEBUG org.asynchttpclient.netty.channel.ChannelManager - Adding key: http://localhost:24433 for channel [id: 0xc133a20e, L:/127.0.0.1:60002 - R:localhost/127.0.0.1:24433]
00:50:30.033 [Forwarding clearElement on session 653d70fe905154629d6ccccb100c156b to remote] DEBUG org.asynchttpclient.netty.request.NettyRequestSender - Using pooled Channel '[id: 0xc133a20e, L:/127.0.0.1:60002 - R:localhost/127.0.0.1:24433]' for 'POST' to 'http://localhost:24433/session/653d70fe905154629d6ccccb100c156b/element/1ebed7d3-c739-46d9-a7ce-9254c682cac4/clear'
00:50:30.033 [Forwarding clearElement on session 653d70fe905154629d6ccccb100c156b to remote] DEBUG org.asynchttpclient.netty.request.NettyRequestSender - Using open Channel [id: 0xc133a20e, L:/127.0.0.1:60002 - R:localhost/127.0.0.1:24433] for POST '/session/653d70fe905154629d6ccccb100c156b/element/1ebed7d3-c739-46d9-a7ce-9254c682cac4/clear'
00:50:30.067 [AsyncHttpClient-1-10] DEBUG org.asynchttpclient.netty.handler.HttpHandler - 

Request DefaultHttpRequest(decodeResult: success, version: HTTP/1.1)
POST /session/653d70fe905154629d6ccccb100c156b/element/1ebed7d3-c739-46d9-a7ce-9254c682cac4/clear HTTP/1.1
User-Agent: selenium/4.7.1 (java windows)
Content-Length: 50
Content-Type: application/json; charset=utf-8
host: localhost:24433
accept: */*

Response DefaultHttpResponse(decodeResult: success, version: HTTP/1.1)
HTTP/1.1 200 OK
Content-Type: application/json; charset=utf-8
cache-control: no-cache
content-length: 14

00:50:30.067 [AsyncHttpClient-1-10] DEBUG org.asynchttpclient.netty.channel.ChannelManager - Adding key: http://localhost:24433 for channel [id: 0xc133a20e, L:/127.0.0.1:60002 - R:localhost/127.0.0.1:24433]
00:50:30.069 [Forwarding sendKeysToElement on session 653d70fe905154629d6ccccb100c156b to remote] DEBUG org.asynchttpclient.netty.request.NettyRequestSender - Using pooled Channel '[id: 0xc133a20e, L:/127.0.0.1:60002 - R:localhost/127.0.0.1:24433]' for 'POST' to 'http://localhost:24433/session/653d70fe905154629d6ccccb100c156b/element/1ebed7d3-c739-46d9-a7ce-9254c682cac4/value'
00:50:30.069 [Forwarding sendKeysToElement on session 653d70fe905154629d6ccccb100c156b to remote] DEBUG org.asynchttpclient.netty.request.NettyRequestSender - Using open Channel [id: 0xc133a20e, L:/127.0.0.1:60002 - R:localhost/127.0.0.1:24433] for POST '/session/653d70fe905154629d6ccccb100c156b/element/1ebed7d3-c739-46d9-a7ce-9254c682cac4/value'
00:50:30.168 [AsyncHttpClient-1-10] DEBUG org.asynchttpclient.netty.handler.HttpHandler - 

Request DefaultHttpRequest(decodeResult: success, version: HTTP/1.1)
POST /session/653d70fe905154629d6ccccb100c156b/element/1ebed7d3-c739-46d9-a7ce-9254c682cac4/value HTTP/1.1
User-Agent: selenium/4.7.1 (java windows)
Content-Length: 201
Content-Type: application/json; charset=utf-8
host: localhost:24433
accept: */*

Response DefaultHttpResponse(decodeResult: success, version: HTTP/1.1)
HTTP/1.1 200 OK
Content-Type: application/json; charset=utf-8
cache-control: no-cache
content-length: 14

00:50:30.168 [AsyncHttpClient-1-10] DEBUG org.asynchttpclient.netty.channel.ChannelManager - Adding key: http://localhost:24433 for channel [id: 0xc133a20e, L:/127.0.0.1:60002 - R:localhost/127.0.0.1:24433]
00:50:30.175 [Forwarding getCurrentWindowHandle on session 653d70fe905154629d6ccccb100c156b to remote] DEBUG org.asynchttpclient.netty.request.NettyRequestSender - Using pooled Channel '[id: 0xc133a20e, L:/127.0.0.1:60002 - R:localhost/127.0.0.1:24433]' for 'GET' to 'http://localhost:24433/session/653d70fe905154629d6ccccb100c156b/window'
00:50:30.175 [Forwarding getCurrentWindowHandle on session 653d70fe905154629d6ccccb100c156b to remote] DEBUG org.asynchttpclient.netty.request.NettyRequestSender - Using open Channel [id: 0xc133a20e, L:/127.0.0.1:60002 - R:localhost/127.0.0.1:24433] for GET '/session/653d70fe905154629d6ccccb100c156b/window'
00:50:30.175 [AsyncHttpClient-1-10] DEBUG org.asynchttpclient.netty.handler.HttpHandler - 

Request DefaultFullHttpRequest(decodeResult: success, version: HTTP/1.1, content: EmptyByteBufBE)
GET /session/653d70fe905154629d6ccccb100c156b/window HTTP/1.1
User-Agent: selenium/4.7.1 (java windows)
Cache-Control: no-cache
Content-Type: application/json; charset=utf-8
host: localhost:24433
accept: */*

Response DefaultHttpResponse(decodeResult: success, version: HTTP/1.1)
HTTP/1.1 200 OK
Content-Type: application/json; charset=utf-8
cache-control: no-cache
content-length: 44

00:50:30.175 [AsyncHttpClient-1-10] DEBUG org.asynchttpclient.netty.channel.ChannelManager - Adding key: http://localhost:24433 for channel [id: 0xc133a20e, L:/127.0.0.1:60002 - R:localhost/127.0.0.1:24433]
00:50:30.176 [Forwarding getAlertText on session 653d70fe905154629d6ccccb100c156b to remote] DEBUG org.asynchttpclient.netty.request.NettyRequestSender - Using pooled Channel '[id: 0xc133a20e, L:/127.0.0.1:60002 - R:localhost/127.0.0.1:24433]' for 'GET' to 'http://localhost:24433/session/653d70fe905154629d6ccccb100c156b/alert/text'
00:50:30.176 [Forwarding getAlertText on session 653d70fe905154629d6ccccb100c156b to remote] DEBUG org.asynchttpclient.netty.request.NettyRequestSender - Using open Channel [id: 0xc133a20e, L:/127.0.0.1:60002 - R:localhost/127.0.0.1:24433] for GET '/session/653d70fe905154629d6ccccb100c156b/alert/text'
00:50:30.178 [AsyncHttpClient-1-10] DEBUG org.asynchttpclient.netty.handler.HttpHandler - 

Request DefaultFullHttpRequest(decodeResult: success, version: HTTP/1.1, content: EmptyByteBufBE)
GET /session/653d70fe905154629d6ccccb100c156b/alert/text HTTP/1.1
User-Agent: selenium/4.7.1 (java windows)
Cache-Control: no-cache
Content-Type: application/json; charset=utf-8
host: localhost:24433
accept: */*

Response DefaultHttpResponse(decodeResult: success, version: HTTP/1.1)
HTTP/1.1 404 Not Found
Content-Type: application/json; charset=utf-8
cache-control: no-cache
content-length: 849

00:50:30.178 [AsyncHttpClient-1-10] DEBUG org.asynchttpclient.netty.channel.ChannelManager - Adding key: http://localhost:24433 for channel [id: 0xc133a20e, L:/127.0.0.1:60002 - R:localhost/127.0.0.1:24433]
00:50:30.180 [Forwarding switchToWindow on session 653d70fe905154629d6ccccb100c156b to remote] DEBUG org.asynchttpclient.netty.request.NettyRequestSender - Using pooled Channel '[id: 0xc133a20e, L:/127.0.0.1:60002 - R:localhost/127.0.0.1:24433]' for 'POST' to 'http://localhost:24433/session/653d70fe905154629d6ccccb100c156b/window'
00:50:30.180 [Forwarding switchToWindow on session 653d70fe905154629d6ccccb100c156b to remote] DEBUG org.asynchttpclient.netty.request.NettyRequestSender - Using open Channel [id: 0xc133a20e, L:/127.0.0.1:60002 - R:localhost/127.0.0.1:24433] for POST '/session/653d70fe905154629d6ccccb100c156b/window'
00:50:30.182 [AsyncHttpClient-1-10] DEBUG org.asynchttpclient.netty.handler.HttpHandler - 

Request DefaultHttpRequest(decodeResult: success, version: HTTP/1.1)
POST /session/653d70fe905154629d6ccccb100c156b/window HTTP/1.1
User-Agent: selenium/4.7.1 (java windows)
Content-Length: 50
Content-Type: application/json; charset=utf-8
host: localhost:24433
accept: */*

Response DefaultHttpResponse(decodeResult: success, version: HTTP/1.1)
HTTP/1.1 200 OK
Content-Type: application/json; charset=utf-8
cache-control: no-cache
content-length: 14

00:50:30.182 [AsyncHttpClient-1-10] DEBUG org.asynchttpclient.netty.channel.ChannelManager - Adding key: http://localhost:24433 for channel [id: 0xc133a20e, L:/127.0.0.1:60002 - R:localhost/127.0.0.1:24433]
00:50:30.182 [Forwarding getCurrentUrl on session 653d70fe905154629d6ccccb100c156b to remote] DEBUG org.asynchttpclient.netty.request.NettyRequestSender - Using pooled Channel '[id: 0xc133a20e, L:/127.0.0.1:60002 - R:localhost/127.0.0.1:24433]' for 'GET' to 'http://localhost:24433/session/653d70fe905154629d6ccccb100c156b/url'
00:50:30.182 [Forwarding getCurrentUrl on session 653d70fe905154629d6ccccb100c156b to remote] DEBUG org.asynchttpclient.netty.request.NettyRequestSender - Using open Channel [id: 0xc133a20e, L:/127.0.0.1:60002 - R:localhost/127.0.0.1:24433] for GET '/session/653d70fe905154629d6ccccb100c156b/url'
00:50:30.186 [AsyncHttpClient-1-10] DEBUG org.asynchttpclient.netty.handler.HttpHandler - 

Request DefaultFullHttpRequest(decodeResult: success, version: HTTP/1.1, content: EmptyByteBufBE)
GET /session/653d70fe905154629d6ccccb100c156b/url HTTP/1.1
User-Agent: selenium/4.7.1 (java windows)
Cache-Control: no-cache
Content-Type: application/json; charset=utf-8
host: localhost:24433
accept: */*

Response DefaultHttpResponse(decodeResult: success, version: HTTP/1.1)
HTTP/1.1 200 OK
Content-Type: application/json; charset=utf-8
cache-control: no-cache
content-length: 54

00:50:30.186 [AsyncHttpClient-1-10] DEBUG org.asynchttpclient.netty.channel.ChannelManager - Adding key: http://localhost:24433 for channel [id: 0xc133a20e, L:/127.0.0.1:60002 - R:localhost/127.0.0.1:24433]
00:50:30.187 [Forwarding screenshot on session 653d70fe905154629d6ccccb100c156b to remote] DEBUG org.asynchttpclient.netty.request.NettyRequestSender - Using pooled Channel '[id: 0xc133a20e, L:/127.0.0.1:60002 - R:localhost/127.0.0.1:24433]' for 'GET' to 'http://localhost:24433/session/653d70fe905154629d6ccccb100c156b/screenshot'
00:50:30.187 [Forwarding screenshot on session 653d70fe905154629d6ccccb100c156b to remote] DEBUG org.asynchttpclient.netty.request.NettyRequestSender - Using open Channel [id: 0xc133a20e, L:/127.0.0.1:60002 - R:localhost/127.0.0.1:24433] for GET '/session/653d70fe905154629d6ccccb100c156b/screenshot'
00:50:30.298 [AsyncHttpClient-1-10] DEBUG org.asynchttpclient.netty.handler.HttpHandler - 

Request DefaultFullHttpRequest(decodeResult: success, version: HTTP/1.1, content: EmptyByteBufBE)
GET /session/653d70fe905154629d6ccccb100c156b/screenshot HTTP/1.1
User-Agent: selenium/4.7.1 (java windows)
Cache-Control: no-cache
Content-Type: application/json; charset=utf-8
host: localhost:24433
accept: */*

Response DefaultHttpResponse(decodeResult: success, version: HTTP/1.1)
HTTP/1.1 200 OK
Content-Type: application/json; charset=utf-8
cache-control: no-cache
content-length: 31312

00:50:30.298 [AsyncHttpClient-1-10] DEBUG org.asynchttpclient.netty.channel.ChannelManager - Adding key: http://localhost:24433 for channel [id: 0xc133a20e, L:/127.0.0.1:60002 - R:localhost/127.0.0.1:24433]
00:50:30.300 [main] DEBUG net.serenitybdd.core.photography.Darkroom - Send negative for processing for target\site\serenity\39ceb22681a5b92e5c5131131d22803c9408d4671cb66972ef574a7edc16d2f2.png
00:50:30.300 [main] DEBUG net.thucydides.core.steps.StepInterceptor - STEP DONE: inputNamaLengkap
00:50:30.300 [Darkroom Processing Line] DEBUG net.serenitybdd.core.photography.DarkroomProcessingLine - Processing screenshot image in /var/screenshots/screenshot-14542390595761192951
  &amp#27;[32mAnd &amp#27;[0m&amp#27;[32muser input nama lengkap&amp#27;[0m                               &amp#27;[90m# starter.stepdefinitions.RegisterSteps.userInputNamaLengkap()&amp#27;[0m
00:50:30.300 [Darkroom Processing Line] DEBUG net.serenitybdd.core.photography.DarkroomProcessingLine - Saving screenshot to target\site\serenity\39ceb22681a5b92e5c5131131d22803c9408d4671cb66972ef574a7edc16d2f2.png
00:50:30.311 [main] DEBUG net.thucydides.core.steps.StepInterceptor - STARTING STEP: RegisterSteps.userTidakInputEmailUntukRegister - inputEmail
00:50:30.312 [Forwarding findElement on session 653d70fe905154629d6ccccb100c156b to remote] DEBUG org.asynchttpclient.netty.request.NettyRequestSender - Using pooled Channel '[id: 0xc133a20e, L:/127.0.0.1:60002 - R:localhost/127.0.0.1:24433]' for 'POST' to 'http://localhost:24433/session/653d70fe905154629d6ccccb100c156b/element'
00:50:30.312 [Forwarding findElement on session 653d70fe905154629d6ccccb100c156b to remote] DEBUG org.asynchttpclient.netty.request.NettyRequestSender - Using open Channel [id: 0xc133a20e, L:/127.0.0.1:60002 - R:localhost/127.0.0.1:24433] for POST '/session/653d70fe905154629d6ccccb100c156b/element'
00:50:30.326 [AsyncHttpClient-1-10] DEBUG org.asynchttpclient.netty.handler.HttpHandler - 

Request DefaultHttpRequest(decodeResult: success, version: HTTP/1.1)
POST /session/653d70fe905154629d6ccccb100c156b/element HTTP/1.1
User-Agent: selenium/4.7.1 (java windows)
Content-Length: 187
Content-Type: application/json; charset=utf-8
host: localhost:24433
accept: */*

Response DefaultHttpResponse(decodeResult: success, version: HTTP/1.1)
HTTP/1.1 200 OK
Content-Type: application/json; charset=utf-8
cache-control: no-cache
content-length: 88

00:50:30.326 [AsyncHttpClient-1-10] DEBUG org.asynchttpclient.netty.channel.ChannelManager - Adding key: http://localhost:24433 for channel [id: 0xc133a20e, L:/127.0.0.1:60002 - R:localhost/127.0.0.1:24433]
00:50:30.327 [Forwarding clearElement on session 653d70fe905154629d6ccccb100c156b to remote] DEBUG org.asynchttpclient.netty.request.NettyRequestSender - Using pooled Channel '[id: 0xc133a20e, L:/127.0.0.1:60002 - R:localhost/127.0.0.1:24433]' for 'POST' to 'http://localhost:24433/session/653d70fe905154629d6ccccb100c156b/element/b13b84cb-aa59-41f2-8805-f132d2f6aebf/clear'
00:50:30.327 [Forwarding clearElement on session 653d70fe905154629d6ccccb100c156b to remote] DEBUG org.asynchttpclient.netty.request.NettyRequestSender - Using open Channel [id: 0xc133a20e, L:/127.0.0.1:60002 - R:localhost/127.0.0.1:24433] for POST '/session/653d70fe905154629d6ccccb100c156b/element/b13b84cb-aa59-41f2-8805-f132d2f6aebf/clear'
00:50:30.361 [AsyncHttpClient-1-10] DEBUG org.asynchttpclient.netty.handler.HttpHandler - 

Request DefaultHttpRequest(decodeResult: success, version: HTTP/1.1)
POST /session/653d70fe905154629d6ccccb100c156b/element/b13b84cb-aa59-41f2-8805-f132d2f6aebf/clear HTTP/1.1
User-Agent: selenium/4.7.1 (java windows)
Content-Length: 50
Content-Type: application/json; charset=utf-8
host: localhost:24433
accept: */*

Response DefaultHttpResponse(decodeResult: success, version: HTTP/1.1)
HTTP/1.1 200 OK
Content-Type: application/json; charset=utf-8
cache-control: no-cache
content-length: 14

00:50:30.361 [AsyncHttpClient-1-10] DEBUG org.asynchttpclient.netty.channel.ChannelManager - Adding key: http://localhost:24433 for channel [id: 0xc133a20e, L:/127.0.0.1:60002 - R:localhost/127.0.0.1:24433]
00:50:30.363 [Forwarding sendKeysToElement on session 653d70fe905154629d6ccccb100c156b to remote] DEBUG org.asynchttpclient.netty.request.NettyRequestSender - Using pooled Channel '[id: 0xc133a20e, L:/127.0.0.1:60002 - R:localhost/127.0.0.1:24433]' for 'POST' to 'http://localhost:24433/session/653d70fe905154629d6ccccb100c156b/element/b13b84cb-aa59-41f2-8805-f132d2f6aebf/value'
00:50:30.363 [Forwarding sendKeysToElement on session 653d70fe905154629d6ccccb100c156b to remote] DEBUG org.asynchttpclient.netty.request.NettyRequestSender - Using open Channel [id: 0xc133a20e, L:/127.0.0.1:60002 - R:localhost/127.0.0.1:24433] for POST '/session/653d70fe905154629d6ccccb100c156b/element/b13b84cb-aa59-41f2-8805-f132d2f6aebf/value'
00:50:30.416 [AsyncHttpClient-1-10] DEBUG org.asynchttpclient.netty.handler.HttpHandler - 

Request DefaultHttpRequest(decodeResult: success, version: HTTP/1.1)
POST /session/653d70fe905154629d6ccccb100c156b/element/b13b84cb-aa59-41f2-8805-f132d2f6aebf/value HTTP/1.1
User-Agent: selenium/4.7.1 (java windows)
Content-Length: 82
Content-Type: application/json; charset=utf-8
host: localhost:24433
accept: */*

Response DefaultHttpResponse(decodeResult: success, version: HTTP/1.1)
HTTP/1.1 200 OK
Content-Type: application/json; charset=utf-8
cache-control: no-cache
content-length: 14

00:50:30.416 [AsyncHttpClient-1-10] DEBUG org.asynchttpclient.netty.channel.ChannelManager - Adding key: http://localhost:24433 for channel [id: 0xc133a20e, L:/127.0.0.1:60002 - R:localhost/127.0.0.1:24433]
00:50:30.428 [Forwarding getCurrentWindowHandle on session 653d70fe905154629d6ccccb100c156b to remote] DEBUG org.asynchttpclient.netty.request.NettyRequestSender - Using pooled Channel '[id: 0xc133a20e, L:/127.0.0.1:60002 - R:localhost/127.0.0.1:24433]' for 'GET' to 'http://localhost:24433/session/653d70fe905154629d6ccccb100c156b/window'
00:50:30.428 [Forwarding getCurrentWindowHandle on session 653d70fe905154629d6ccccb100c156b to remote] DEBUG org.asynchttpclient.netty.request.NettyRequestSender - Using open Channel [id: 0xc133a20e, L:/127.0.0.1:60002 - R:localhost/127.0.0.1:24433] for GET '/session/653d70fe905154629d6ccccb100c156b/window'
00:50:30.429 [AsyncHttpClient-1-10] DEBUG org.asynchttpclient.netty.handler.HttpHandler - 

Request DefaultFullHttpRequest(decodeResult: success, version: HTTP/1.1, content: EmptyByteBufBE)
GET /session/653d70fe905154629d6ccccb100c156b/window HTTP/1.1
User-Agent: selenium/4.7.1 (java windows)
Cache-Control: no-cache
Content-Type: application/json; charset=utf-8
host: localhost:24433
accept: */*

Response DefaultHttpResponse(decodeResult: success, version: HTTP/1.1)
HTTP/1.1 200 OK
Content-Type: application/json; charset=utf-8
cache-control: no-cache
content-length: 44

00:50:30.429 [AsyncHttpClient-1-10] DEBUG org.asynchttpclient.netty.channel.ChannelManager - Adding key: http://localhost:24433 for channel [id: 0xc133a20e, L:/127.0.0.1:60002 - R:localhost/127.0.0.1:24433]
00:50:30.430 [Forwarding getAlertText on session 653d70fe905154629d6ccccb100c156b to remote] DEBUG org.asynchttpclient.netty.request.NettyRequestSender - Using pooled Channel '[id: 0xc133a20e, L:/127.0.0.1:60002 - R:localhost/127.0.0.1:24433]' for 'GET' to 'http://localhost:24433/session/653d70fe905154629d6ccccb100c156b/alert/text'
00:50:30.430 [Forwarding getAlertText on session 653d70fe905154629d6ccccb100c156b to remote] DEBUG org.asynchttpclient.netty.request.NettyRequestSender - Using open Channel [id: 0xc133a20e, L:/127.0.0.1:60002 - R:localhost/127.0.0.1:24433] for GET '/session/653d70fe905154629d6ccccb100c156b/alert/text'
00:50:30.432 [AsyncHttpClient-1-10] DEBUG org.asynchttpclient.netty.handler.HttpHandler - 

Request DefaultFullHttpRequest(decodeResult: success, version: HTTP/1.1, content: EmptyByteBufBE)
GET /session/653d70fe905154629d6ccccb100c156b/alert/text HTTP/1.1
User-Agent: selenium/4.7.1 (java windows)
Cache-Control: no-cache
Content-Type: application/json; charset=utf-8
host: localhost:24433
accept: */*

Response DefaultHttpResponse(decodeResult: success, version: HTTP/1.1)
HTTP/1.1 404 Not Found
Content-Type: application/json; charset=utf-8
cache-control: no-cache
content-length: 849

00:50:30.432 [AsyncHttpClient-1-10] DEBUG org.asynchttpclient.netty.channel.ChannelManager - Adding key: http://localhost:24433 for channel [id: 0xc133a20e, L:/127.0.0.1:60002 - R:localhost/127.0.0.1:24433]
00:50:30.434 [Forwarding switchToWindow on session 653d70fe905154629d6ccccb100c156b to remote] DEBUG org.asynchttpclient.netty.request.NettyRequestSender - Using pooled Channel '[id: 0xc133a20e, L:/127.0.0.1:60002 - R:localhost/127.0.0.1:24433]' for 'POST' to 'http://localhost:24433/session/653d70fe905154629d6ccccb100c156b/window'
00:50:30.434 [Forwarding switchToWindow on session 653d70fe905154629d6ccccb100c156b to remote] DEBUG org.asynchttpclient.netty.request.NettyRequestSender - Using open Channel [id: 0xc133a20e, L:/127.0.0.1:60002 - R:localhost/127.0.0.1:24433] for POST '/session/653d70fe905154629d6ccccb100c156b/window'
00:50:30.437 [AsyncHttpClient-1-10] DEBUG org.asynchttpclient.netty.handler.HttpHandler - 

Request DefaultHttpRequest(decodeResult: success, version: HTTP/1.1)
POST /session/653d70fe905154629d6ccccb100c156b/window HTTP/1.1
User-Agent: selenium/4.7.1 (java windows)
Content-Length: 50
Content-Type: application/json; charset=utf-8
host: localhost:24433
accept: */*

Response DefaultHttpResponse(decodeResult: success, version: HTTP/1.1)
HTTP/1.1 200 OK
Content-Type: application/json; charset=utf-8
cache-control: no-cache
content-length: 14

00:50:30.438 [AsyncHttpClient-1-10] DEBUG org.asynchttpclient.netty.channel.ChannelManager - Adding key: http://localhost:24433 for channel [id: 0xc133a20e, L:/127.0.0.1:60002 - R:localhost/127.0.0.1:24433]
00:50:30.439 [Forwarding getCurrentUrl on session 653d70fe905154629d6ccccb100c156b to remote] DEBUG org.asynchttpclient.netty.request.NettyRequestSender - Using pooled Channel '[id: 0xc133a20e, L:/127.0.0.1:60002 - R:localhost/127.0.0.1:24433]' for 'GET' to 'http://localhost:24433/session/653d70fe905154629d6ccccb100c156b/url'
00:50:30.439 [Forwarding getCurrentUrl on session 653d70fe905154629d6ccccb100c156b to remote] DEBUG org.asynchttpclient.netty.request.NettyRequestSender - Using open Channel [id: 0xc133a20e, L:/127.0.0.1:60002 - R:localhost/127.0.0.1:24433] for GET '/session/653d70fe905154629d6ccccb100c156b/url'
00:50:30.445 [AsyncHttpClient-1-10] DEBUG org.asynchttpclient.netty.handler.HttpHandler - 

Request DefaultFullHttpRequest(decodeResult: success, version: HTTP/1.1, content: EmptyByteBufBE)
GET /session/653d70fe905154629d6ccccb100c156b/url HTTP/1.1
User-Agent: selenium/4.7.1 (java windows)
Cache-Control: no-cache
Content-Type: application/json; charset=utf-8
host: localhost:24433
accept: */*

Response DefaultHttpResponse(decodeResult: success, version: HTTP/1.1)
HTTP/1.1 200 OK
Content-Type: application/json; charset=utf-8
cache-control: no-cache
content-length: 54

00:50:30.445 [AsyncHttpClient-1-10] DEBUG org.asynchttpclient.netty.channel.ChannelManager - Adding key: http://localhost:24433 for channel [id: 0xc133a20e, L:/127.0.0.1:60002 - R:localhost/127.0.0.1:24433]
00:50:30.445 [Forwarding screenshot on session 653d70fe905154629d6ccccb100c156b to remote] DEBUG org.asynchttpclient.netty.request.NettyRequestSender - Using pooled Channel '[id: 0xc133a20e, L:/127.0.0.1:60002 - R:localhost/127.0.0.1:24433]' for 'GET' to 'http://localhost:24433/session/653d70fe905154629d6ccccb100c156b/screenshot'
00:50:30.445 [Forwarding screenshot on session 653d70fe905154629d6ccccb100c156b to remote] DEBUG org.asynchttpclient.netty.request.NettyRequestSender - Using open Channel [id: 0xc133a20e, L:/127.0.0.1:60002 - R:localhost/127.0.0.1:24433] for GET '/session/653d70fe905154629d6ccccb100c156b/screenshot'
00:50:30.553 [AsyncHttpClient-1-10] DEBUG org.asynchttpclient.netty.handler.HttpHandler - 

Request DefaultFullHttpRequest(decodeResult: success, version: HTTP/1.1, content: EmptyByteBufBE)
GET /session/653d70fe905154629d6ccccb100c156b/screenshot HTTP/1.1
User-Agent: selenium/4.7.1 (java windows)
Cache-Control: no-cache
Content-Type: application/json; charset=utf-8
host: localhost:24433
accept: */*

Response DefaultHttpResponse(decodeResult: success, version: HTTP/1.1)
HTTP/1.1 200 OK
Content-Type: application/json; charset=utf-8
cache-control: no-cache
content-length: 30712

00:50:30.554 [AsyncHttpClient-1-10] DEBUG org.asynchttpclient.netty.channel.ChannelManager - Adding key: http://localhost:24433 for channel [id: 0xc133a20e, L:/127.0.0.1:60002 - R:localhost/127.0.0.1:24433]
00:50:30.555 [main] DEBUG net.serenitybdd.core.photography.Darkroom - Send negative for processing for target\site\serenity\b2d36d69f7f96ebea8b91e47521381dcb0fd163d1a0d953d326117233fa80487.png
00:50:30.555 [main] DEBUG net.thucydides.core.steps.StepInterceptor - STEP DONE: inputEmail
  &amp#27;[32mAnd &amp#27;[0m&amp#27;[32muser tidak input email untuk register&amp#27;[0m                 &amp#27;[90m# starter.stepdefinitions.RegisterSteps.userTidakInputEmailUntukRegister()&amp#27;[0m
00:50:30.555 [Darkroom Processing Line] DEBUG net.serenitybdd.core.photography.DarkroomProcessingLine - Processing screenshot image in /var/screenshots/screenshot-17253427253764155573
00:50:30.555 [Darkroom Processing Line] DEBUG net.serenitybdd.core.photography.DarkroomProcessingLine - Saving screenshot to target\site\serenity\b2d36d69f7f96ebea8b91e47521381dcb0fd163d1a0d953d326117233fa80487.png
00:50:30.566 [main] DEBUG net.thucydides.core.steps.StepInterceptor - STARTING STEP: RegisterSteps.userInputPasswordUntukRegister - inputPassword
00:50:30.567 [Forwarding findElement on session 653d70fe905154629d6ccccb100c156b to remote] DEBUG org.asynchttpclient.netty.request.NettyRequestSender - Using pooled Channel '[id: 0xc133a20e, L:/127.0.0.1:60002 - R:localhost/127.0.0.1:24433]' for 'POST' to 'http://localhost:24433/session/653d70fe905154629d6ccccb100c156b/element'
00:50:30.567 [Forwarding findElement on session 653d70fe905154629d6ccccb100c156b to remote] DEBUG org.asynchttpclient.netty.request.NettyRequestSender - Using open Channel [id: 0xc133a20e, L:/127.0.0.1:60002 - R:localhost/127.0.0.1:24433] for POST '/session/653d70fe905154629d6ccccb100c156b/element'
00:50:30.579 [AsyncHttpClient-1-10] DEBUG org.asynchttpclient.netty.handler.HttpHandler - 

Request DefaultHttpRequest(decodeResult: success, version: HTTP/1.1)
POST /session/653d70fe905154629d6ccccb100c156b/element HTTP/1.1
User-Agent: selenium/4.7.1 (java windows)
Content-Length: 187
Content-Type: application/json; charset=utf-8
host: localhost:24433
accept: */*

Response DefaultHttpResponse(decodeResult: success, version: HTTP/1.1)
HTTP/1.1 200 OK
Content-Type: application/json; charset=utf-8
cache-control: no-cache
content-length: 88

00:50:30.580 [AsyncHttpClient-1-10] DEBUG org.asynchttpclient.netty.channel.ChannelManager - Adding key: http://localhost:24433 for channel [id: 0xc133a20e, L:/127.0.0.1:60002 - R:localhost/127.0.0.1:24433]
00:50:30.581 [Forwarding clearElement on session 653d70fe905154629d6ccccb100c156b to remote] DEBUG org.asynchttpclient.netty.request.NettyRequestSender - Using pooled Channel '[id: 0xc133a20e, L:/127.0.0.1:60002 - R:localhost/127.0.0.1:24433]' for 'POST' to 'http://localhost:24433/session/653d70fe905154629d6ccccb100c156b/element/2c35beb9-dfe6-4fc0-8e27-38bfccca958c/clear'
00:50:30.581 [Forwarding clearElement on session 653d70fe905154629d6ccccb100c156b to remote] DEBUG org.asynchttpclient.netty.request.NettyRequestSender - Using open Channel [id: 0xc133a20e, L:/127.0.0.1:60002 - R:localhost/127.0.0.1:24433] for POST '/session/653d70fe905154629d6ccccb100c156b/element/2c35beb9-dfe6-4fc0-8e27-38bfccca958c/clear'
00:50:30.618 [AsyncHttpClient-1-10] DEBUG org.asynchttpclient.netty.handler.HttpHandler - 

Request DefaultHttpRequest(decodeResult: success, version: HTTP/1.1)
POST /session/653d70fe905154629d6ccccb100c156b/element/2c35beb9-dfe6-4fc0-8e27-38bfccca958c/clear HTTP/1.1
User-Agent: selenium/4.7.1 (java windows)
Content-Length: 50
Content-Type: application/json; charset=utf-8
host: localhost:24433
accept: */*

Response DefaultHttpResponse(decodeResult: success, version: HTTP/1.1)
HTTP/1.1 200 OK
Content-Type: application/json; charset=utf-8
cache-control: no-cache
content-length: 14

00:50:30.618 [AsyncHttpClient-1-10] DEBUG org.asynchttpclient.netty.channel.ChannelManager - Adding key: http://localhost:24433 for channel [id: 0xc133a20e, L:/127.0.0.1:60002 - R:localhost/127.0.0.1:24433]
00:50:30.619 [Forwarding sendKeysToElement on session 653d70fe905154629d6ccccb100c156b to remote] DEBUG org.asynchttpclient.netty.request.NettyRequestSender - Using pooled Channel '[id: 0xc133a20e, L:/127.0.0.1:60002 - R:localhost/127.0.0.1:24433]' for 'POST' to 'http://localhost:24433/session/653d70fe905154629d6ccccb100c156b/element/2c35beb9-dfe6-4fc0-8e27-38bfccca958c/value'
00:50:30.619 [Forwarding sendKeysToElement on session 653d70fe905154629d6ccccb100c156b to remote] DEBUG org.asynchttpclient.netty.request.NettyRequestSender - Using open Channel [id: 0xc133a20e, L:/127.0.0.1:60002 - R:localhost/127.0.0.1:24433] for POST '/session/653d70fe905154629d6ccccb100c156b/element/2c35beb9-dfe6-4fc0-8e27-38bfccca958c/value'
00:50:30.678 [AsyncHttpClient-1-10] DEBUG org.asynchttpclient.netty.handler.HttpHandler - 

Request DefaultHttpRequest(decodeResult: success, version: HTTP/1.1)
POST /session/653d70fe905154629d6ccccb100c156b/element/2c35beb9-dfe6-4fc0-8e27-38bfccca958c/value HTTP/1.1
User-Agent: selenium/4.7.1 (java windows)
Content-Length: 111
Content-Type: application/json; charset=utf-8
host: localhost:24433
accept: */*

Response DefaultHttpResponse(decodeResult: success, version: HTTP/1.1)
HTTP/1.1 200 OK
Content-Type: application/json; charset=utf-8
cache-control: no-cache
content-length: 14

00:50:30.679 [AsyncHttpClient-1-10] DEBUG org.asynchttpclient.netty.channel.ChannelManager - Adding key: http://localhost:24433 for channel [id: 0xc133a20e, L:/127.0.0.1:60002 - R:localhost/127.0.0.1:24433]
00:50:30.686 [Forwarding getCurrentWindowHandle on session 653d70fe905154629d6ccccb100c156b to remote] DEBUG org.asynchttpclient.netty.request.NettyRequestSender - Using pooled Channel '[id: 0xc133a20e, L:/127.0.0.1:60002 - R:localhost/127.0.0.1:24433]' for 'GET' to 'http://localhost:24433/session/653d70fe905154629d6ccccb100c156b/window'
00:50:30.686 [Forwarding getCurrentWindowHandle on session 653d70fe905154629d6ccccb100c156b to remote] DEBUG org.asynchttpclient.netty.request.NettyRequestSender - Using open Channel [id: 0xc133a20e, L:/127.0.0.1:60002 - R:localhost/127.0.0.1:24433] for GET '/session/653d70fe905154629d6ccccb100c156b/window'
00:50:30.687 [AsyncHttpClient-1-10] DEBUG org.asynchttpclient.netty.handler.HttpHandler - 

Request DefaultFullHttpRequest(decodeResult: success, version: HTTP/1.1, content: EmptyByteBufBE)
GET /session/653d70fe905154629d6ccccb100c156b/window HTTP/1.1
User-Agent: selenium/4.7.1 (java windows)
Cache-Control: no-cache
Content-Type: application/json; charset=utf-8
host: localhost:24433
accept: */*

Response DefaultHttpResponse(decodeResult: success, version: HTTP/1.1)
HTTP/1.1 200 OK
Content-Type: application/json; charset=utf-8
cache-control: no-cache
content-length: 44

00:50:30.687 [AsyncHttpClient-1-10] DEBUG org.asynchttpclient.netty.channel.ChannelManager - Adding key: http://localhost:24433 for channel [id: 0xc133a20e, L:/127.0.0.1:60002 - R:localhost/127.0.0.1:24433]
00:50:30.690 [Forwarding getAlertText on session 653d70fe905154629d6ccccb100c156b to remote] DEBUG org.asynchttpclient.netty.request.NettyRequestSender - Using pooled Channel '[id: 0xc133a20e, L:/127.0.0.1:60002 - R:localhost/127.0.0.1:24433]' for 'GET' to 'http://localhost:24433/session/653d70fe905154629d6ccccb100c156b/alert/text'
00:50:30.690 [Forwarding getAlertText on session 653d70fe905154629d6ccccb100c156b to remote] DEBUG org.asynchttpclient.netty.request.NettyRequestSender - Using open Channel [id: 0xc133a20e, L:/127.0.0.1:60002 - R:localhost/127.0.0.1:24433] for GET '/session/653d70fe905154629d6ccccb100c156b/alert/text'
00:50:30.693 [AsyncHttpClient-1-10] DEBUG org.asynchttpclient.netty.handler.HttpHandler - 

Request DefaultFullHttpRequest(decodeResult: success, version: HTTP/1.1, content: EmptyByteBufBE)
GET /session/653d70fe905154629d6ccccb100c156b/alert/text HTTP/1.1
User-Agent: selenium/4.7.1 (java windows)
Cache-Control: no-cache
Content-Type: application/json; charset=utf-8
host: localhost:24433
accept: */*

Response DefaultHttpResponse(decodeResult: success, version: HTTP/1.1)
HTTP/1.1 404 Not Found
Content-Type: application/json; charset=utf-8
cache-control: no-cache
content-length: 849

00:50:30.693 [AsyncHttpClient-1-10] DEBUG org.asynchttpclient.netty.channel.ChannelManager - Adding key: http://localhost:24433 for channel [id: 0xc133a20e, L:/127.0.0.1:60002 - R:localhost/127.0.0.1:24433]
00:50:30.696 [Forwarding switchToWindow on session 653d70fe905154629d6ccccb100c156b to remote] DEBUG org.asynchttpclient.netty.request.NettyRequestSender - Using pooled Channel '[id: 0xc133a20e, L:/127.0.0.1:60002 - R:localhost/127.0.0.1:24433]' for 'POST' to 'http://localhost:24433/session/653d70fe905154629d6ccccb100c156b/window'
00:50:30.697 [Forwarding switchToWindow on session 653d70fe905154629d6ccccb100c156b to remote] DEBUG org.asynchttpclient.netty.request.NettyRequestSender - Using open Channel [id: 0xc133a20e, L:/127.0.0.1:60002 - R:localhost/127.0.0.1:24433] for POST '/session/653d70fe905154629d6ccccb100c156b/window'
00:50:30.699 [AsyncHttpClient-1-10] DEBUG org.asynchttpclient.netty.handler.HttpHandler - 

Request DefaultHttpRequest(decodeResult: success, version: HTTP/1.1)
POST /session/653d70fe905154629d6ccccb100c156b/window HTTP/1.1
User-Agent: selenium/4.7.1 (java windows)
Content-Length: 50
Content-Type: application/json; charset=utf-8
host: localhost:24433
accept: */*

Response DefaultHttpResponse(decodeResult: success, version: HTTP/1.1)
HTTP/1.1 200 OK
Content-Type: application/json; charset=utf-8
cache-control: no-cache
content-length: 14

00:50:30.699 [AsyncHttpClient-1-10] DEBUG org.asynchttpclient.netty.channel.ChannelManager - Adding key: http://localhost:24433 for channel [id: 0xc133a20e, L:/127.0.0.1:60002 - R:localhost/127.0.0.1:24433]
00:50:30.700 [Forwarding getCurrentUrl on session 653d70fe905154629d6ccccb100c156b to remote] DEBUG org.asynchttpclient.netty.request.NettyRequestSender - Using pooled Channel '[id: 0xc133a20e, L:/127.0.0.1:60002 - R:localhost/127.0.0.1:24433]' for 'GET' to 'http://localhost:24433/session/653d70fe905154629d6ccccb100c156b/url'
00:50:30.700 [Forwarding getCurrentUrl on session 653d70fe905154629d6ccccb100c156b to remote] DEBUG org.asynchttpclient.netty.request.NettyRequestSender - Using open Channel [id: 0xc133a20e, L:/127.0.0.1:60002 - R:localhost/127.0.0.1:24433] for GET '/session/653d70fe905154629d6ccccb100c156b/url'
00:50:30.707 [AsyncHttpClient-1-10] DEBUG org.asynchttpclient.netty.handler.HttpHandler - 

Request DefaultFullHttpRequest(decodeResult: success, version: HTTP/1.1, content: EmptyByteBufBE)
GET /session/653d70fe905154629d6ccccb100c156b/url HTTP/1.1
User-Agent: selenium/4.7.1 (java windows)
Cache-Control: no-cache
Content-Type: application/json; charset=utf-8
host: localhost:24433
accept: */*

Response DefaultHttpResponse(decodeResult: success, version: HTTP/1.1)
HTTP/1.1 200 OK
Content-Type: application/json; charset=utf-8
cache-control: no-cache
content-length: 54

00:50:30.707 [AsyncHttpClient-1-10] DEBUG org.asynchttpclient.netty.channel.ChannelManager - Adding key: http://localhost:24433 for channel [id: 0xc133a20e, L:/127.0.0.1:60002 - R:localhost/127.0.0.1:24433]
00:50:30.708 [Forwarding screenshot on session 653d70fe905154629d6ccccb100c156b to remote] DEBUG org.asynchttpclient.netty.request.NettyRequestSender - Using pooled Channel '[id: 0xc133a20e, L:/127.0.0.1:60002 - R:localhost/127.0.0.1:24433]' for 'GET' to 'http://localhost:24433/session/653d70fe905154629d6ccccb100c156b/screenshot'
00:50:30.708 [Forwarding screenshot on session 653d70fe905154629d6ccccb100c156b to remote] DEBUG org.asynchttpclient.netty.request.NettyRequestSender - Using open Channel [id: 0xc133a20e, L:/127.0.0.1:60002 - R:localhost/127.0.0.1:24433] for GET '/session/653d70fe905154629d6ccccb100c156b/screenshot'
00:50:30.821 [AsyncHttpClient-1-10] DEBUG org.asynchttpclient.netty.handler.HttpHandler - 

Request DefaultFullHttpRequest(decodeResult: success, version: HTTP/1.1, content: EmptyByteBufBE)
GET /session/653d70fe905154629d6ccccb100c156b/screenshot HTTP/1.1
User-Agent: selenium/4.7.1 (java windows)
Cache-Control: no-cache
Content-Type: application/json; charset=utf-8
host: localhost:24433
accept: */*

Response DefaultHttpResponse(decodeResult: success, version: HTTP/1.1)
HTTP/1.1 200 OK
Content-Type: application/json; charset=utf-8
cache-control: no-cache
content-length: 31008

00:50:30.822 [AsyncHttpClient-1-10] DEBUG org.asynchttpclient.netty.channel.ChannelManager - Adding key: http://localhost:24433 for channel [id: 0xc133a20e, L:/127.0.0.1:60002 - R:localhost/127.0.0.1:24433]
00:50:30.823 [main] DEBUG net.serenitybdd.core.photography.Darkroom - Send negative for processing for target\site\serenity\dc560274d6be89ef69639919b2ef4792702d5222294a3e59cbe5cc879d12627c.png
00:50:30.823 [main] DEBUG net.thucydides.core.steps.StepInterceptor - STEP DONE: inputPassword
  &amp#27;[32mAnd &amp#27;[0m&amp#27;[32muser input password untuk register&amp#27;[0m                    &amp#27;[90m# starter.stepdefinitions.RegisterSteps.userInputPasswordUntukRegister()&amp#27;[0m
00:50:30.826 [Darkroom Processing Line] DEBUG net.serenitybdd.core.photography.DarkroomProcessingLine - Processing screenshot image in /var/screenshots/screenshot-10846440858180019168
00:50:30.827 [Darkroom Processing Line] DEBUG net.serenitybdd.core.photography.DarkroomProcessingLine - Saving screenshot to target\site\serenity\dc560274d6be89ef69639919b2ef4792702d5222294a3e59cbe5cc879d12627c.png
00:50:30.828 [AsyncHttpClient-1-1] DEBUG org.asynchttpclient.netty.channel.DefaultChannelPool - Entry count for : http://localhost:24433 : 1
00:50:30.828 [AsyncHttpClient-1-1] DEBUG org.asynchttpclient.netty.channel.DefaultChannelPool - Entry count for : http://localhost:60003 : 1
00:50:30.837 [main] DEBUG net.thucydides.core.steps.StepInterceptor - STARTING STEP: RegisterSteps.userKlikRegisterYangKedua - klikButtonRegister
00:50:30.839 [Forwarding findElement on session 653d70fe905154629d6ccccb100c156b to remote] DEBUG org.asynchttpclient.netty.request.NettyRequestSender - Using pooled Channel '[id: 0xc133a20e, L:/127.0.0.1:60002 - R:localhost/127.0.0.1:24433]' for 'POST' to 'http://localhost:24433/session/653d70fe905154629d6ccccb100c156b/element'
00:50:30.839 [Forwarding findElement on session 653d70fe905154629d6ccccb100c156b to remote] DEBUG org.asynchttpclient.netty.request.NettyRequestSender - Using open Channel [id: 0xc133a20e, L:/127.0.0.1:60002 - R:localhost/127.0.0.1:24433] for POST '/session/653d70fe905154629d6ccccb100c156b/element'
00:50:30.851 [AsyncHttpClient-1-10] DEBUG org.asynchttpclient.netty.handler.HttpHandler - 

Request DefaultHttpRequest(decodeResult: success, version: HTTP/1.1)
POST /session/653d70fe905154629d6ccccb100c156b/element HTTP/1.1
User-Agent: selenium/4.7.1 (java windows)
Content-Length: 141
Content-Type: application/json; charset=utf-8
host: localhost:24433
accept: */*

Response DefaultHttpResponse(decodeResult: success, version: HTTP/1.1)
HTTP/1.1 200 OK
Content-Type: application/json; charset=utf-8
cache-control: no-cache
content-length: 88

00:50:30.851 [AsyncHttpClient-1-10] DEBUG org.asynchttpclient.netty.channel.ChannelManager - Adding key: http://localhost:24433 for channel [id: 0xc133a20e, L:/127.0.0.1:60002 - R:localhost/127.0.0.1:24433]
00:50:30.852 [Forwarding getElementTagName on session 653d70fe905154629d6ccccb100c156b to remote] DEBUG org.asynchttpclient.netty.request.NettyRequestSender - Using pooled Channel '[id: 0xc133a20e, L:/127.0.0.1:60002 - R:localhost/127.0.0.1:24433]' for 'GET' to 'http://localhost:24433/session/653d70fe905154629d6ccccb100c156b/element/3949390f-711e-48ca-af89-c676bec89eb1/name'
00:50:30.852 [Forwarding getElementTagName on session 653d70fe905154629d6ccccb100c156b to remote] DEBUG org.asynchttpclient.netty.request.NettyRequestSender - Using open Channel [id: 0xc133a20e, L:/127.0.0.1:60002 - R:localhost/127.0.0.1:24433] for GET '/session/653d70fe905154629d6ccccb100c156b/element/3949390f-711e-48ca-af89-c676bec89eb1/name'
00:50:30.859 [AsyncHttpClient-1-10] DEBUG org.asynchttpclient.netty.handler.HttpHandler - 

Request DefaultFullHttpRequest(decodeResult: success, version: HTTP/1.1, content: EmptyByteBufBE)
GET /session/653d70fe905154629d6ccccb100c156b/element/3949390f-711e-48ca-af89-c676bec89eb1/name HTTP/1.1
User-Agent: selenium/4.7.1 (java windows)
Cache-Control: no-cache
Content-Type: application/json; charset=utf-8
host: localhost:24433
accept: */*

Response DefaultHttpResponse(decodeResult: success, version: HTTP/1.1)
HTTP/1.1 200 OK
Content-Type: application/json; charset=utf-8
cache-control: no-cache
content-length: 18

00:50:30.859 [AsyncHttpClient-1-10] DEBUG org.asynchttpclient.netty.channel.ChannelManager - Adding key: http://localhost:24433 for channel [id: 0xc133a20e, L:/127.0.0.1:60002 - R:localhost/127.0.0.1:24433]
00:50:30.860 [Forwarding getElementTagName on session 653d70fe905154629d6ccccb100c156b to remote] DEBUG org.asynchttpclient.netty.request.NettyRequestSender - Using pooled Channel '[id: 0xc133a20e, L:/127.0.0.1:60002 - R:localhost/127.0.0.1:24433]' for 'GET' to 'http://localhost:24433/session/653d70fe905154629d6ccccb100c156b/element/3949390f-711e-48ca-af89-c676bec89eb1/name'
00:50:30.860 [Forwarding getElementTagName on session 653d70fe905154629d6ccccb100c156b to remote] DEBUG org.asynchttpclient.netty.request.NettyRequestSender - Using open Channel [id: 0xc133a20e, L:/127.0.0.1:60002 - R:localhost/127.0.0.1:24433] for GET '/session/653d70fe905154629d6ccccb100c156b/element/3949390f-711e-48ca-af89-c676bec89eb1/name'
00:50:30.863 [AsyncHttpClient-1-10] DEBUG org.asynchttpclient.netty.handler.HttpHandler - 

Request DefaultFullHttpRequest(decodeResult: success, version: HTTP/1.1, content: EmptyByteBufBE)
GET /session/653d70fe905154629d6ccccb100c156b/element/3949390f-711e-48ca-af89-c676bec89eb1/name HTTP/1.1
User-Agent: selenium/4.7.1 (java windows)
Cache-Control: no-cache
Content-Type: application/json; charset=utf-8
host: localhost:24433
accept: */*

Response DefaultHttpResponse(decodeResult: success, version: HTTP/1.1)
HTTP/1.1 200 OK
Content-Type: application/json; charset=utf-8
cache-control: no-cache
content-length: 18

00:50:30.863 [AsyncHttpClient-1-10] DEBUG org.asynchttpclient.netty.channel.ChannelManager - Adding key: http://localhost:24433 for channel [id: 0xc133a20e, L:/127.0.0.1:60002 - R:localhost/127.0.0.1:24433]
00:50:30.865 [Forwarding isElementEnabled on session 653d70fe905154629d6ccccb100c156b to remote] DEBUG org.asynchttpclient.netty.request.NettyRequestSender - Using pooled Channel '[id: 0xc133a20e, L:/127.0.0.1:60002 - R:localhost/127.0.0.1:24433]' for 'GET' to 'http://localhost:24433/session/653d70fe905154629d6ccccb100c156b/element/3949390f-711e-48ca-af89-c676bec89eb1/enabled'
00:50:30.865 [Forwarding isElementEnabled on session 653d70fe905154629d6ccccb100c156b to remote] DEBUG org.asynchttpclient.netty.request.NettyRequestSender - Using open Channel [id: 0xc133a20e, L:/127.0.0.1:60002 - R:localhost/127.0.0.1:24433] for GET '/session/653d70fe905154629d6ccccb100c156b/element/3949390f-711e-48ca-af89-c676bec89eb1/enabled'
00:50:30.874 [AsyncHttpClient-1-10] DEBUG org.asynchttpclient.netty.handler.HttpHandler - 

Request DefaultFullHttpRequest(decodeResult: success, version: HTTP/1.1, content: EmptyByteBufBE)
GET /session/653d70fe905154629d6ccccb100c156b/element/3949390f-711e-48ca-af89-c676bec89eb1/enabled HTTP/1.1
User-Agent: selenium/4.7.1 (java windows)
Cache-Control: no-cache
Content-Type: application/json; charset=utf-8
host: localhost:24433
accept: */*

Response DefaultHttpResponse(decodeResult: success, version: HTTP/1.1)
HTTP/1.1 200 OK
Content-Type: application/json; charset=utf-8
cache-control: no-cache
content-length: 14

00:50:30.874 [AsyncHttpClient-1-10] DEBUG org.asynchttpclient.netty.channel.ChannelManager - Adding key: http://localhost:24433 for channel [id: 0xc133a20e, L:/127.0.0.1:60002 - R:localhost/127.0.0.1:24433]
00:50:30.876 [Forwarding isElementEnabled on session 653d70fe905154629d6ccccb100c156b to remote] DEBUG org.asynchttpclient.netty.request.NettyRequestSender - Using pooled Channel '[id: 0xc133a20e, L:/127.0.0.1:60002 - R:localhost/127.0.0.1:24433]' for 'GET' to 'http://localhost:24433/session/653d70fe905154629d6ccccb100c156b/element/3949390f-711e-48ca-af89-c676bec89eb1/enabled'
00:50:30.876 [Forwarding isElementEnabled on session 653d70fe905154629d6ccccb100c156b to remote] DEBUG org.asynchttpclient.netty.request.NettyRequestSender - Using open Channel [id: 0xc133a20e, L:/127.0.0.1:60002 - R:localhost/127.0.0.1:24433] for GET '/session/653d70fe905154629d6ccccb100c156b/element/3949390f-711e-48ca-af89-c676bec89eb1/enabled'
00:50:30.881 [AsyncHttpClient-1-10] DEBUG org.asynchttpclient.netty.handler.HttpHandler - 

Request DefaultFullHttpRequest(decodeResult: success, version: HTTP/1.1, content: EmptyByteBufBE)
GET /session/653d70fe905154629d6ccccb100c156b/element/3949390f-711e-48ca-af89-c676bec89eb1/enabled HTTP/1.1
User-Agent: selenium/4.7.1 (java windows)
Cache-Control: no-cache
Content-Type: application/json; charset=utf-8
host: localhost:24433
accept: */*

Response DefaultHttpResponse(decodeResult: success, version: HTTP/1.1)
HTTP/1.1 200 OK
Content-Type: application/json; charset=utf-8
cache-control: no-cache
content-length: 14

00:50:30.881 [AsyncHttpClient-1-10] DEBUG org.asynchttpclient.netty.channel.ChannelManager - Adding key: http://localhost:24433 for channel [id: 0xc133a20e, L:/127.0.0.1:60002 - R:localhost/127.0.0.1:24433]
00:50:30.882 [Forwarding findElement on session 653d70fe905154629d6ccccb100c156b to remote] DEBUG org.asynchttpclient.netty.request.NettyRequestSender - Using pooled Channel '[id: 0xc133a20e, L:/127.0.0.1:60002 - R:localhost/127.0.0.1:24433]' for 'POST' to 'http://localhost:24433/session/653d70fe905154629d6ccccb100c156b/element'
00:50:30.882 [Forwarding findElement on session 653d70fe905154629d6ccccb100c156b to remote] DEBUG org.asynchttpclient.netty.request.NettyRequestSender - Using open Channel [id: 0xc133a20e, L:/127.0.0.1:60002 - R:localhost/127.0.0.1:24433] for POST '/session/653d70fe905154629d6ccccb100c156b/element'
00:50:30.891 [AsyncHttpClient-1-10] DEBUG org.asynchttpclient.netty.handler.HttpHandler - 

Request DefaultHttpRequest(decodeResult: success, version: HTTP/1.1)
POST /session/653d70fe905154629d6ccccb100c156b/element HTTP/1.1
User-Agent: selenium/4.7.1 (java windows)
Content-Length: 141
Content-Type: application/json; charset=utf-8
host: localhost:24433
accept: */*

Response DefaultHttpResponse(decodeResult: success, version: HTTP/1.1)
HTTP/1.1 200 OK
Content-Type: application/json; charset=utf-8
cache-control: no-cache
content-length: 88

00:50:30.891 [AsyncHttpClient-1-10] DEBUG org.asynchttpclient.netty.channel.ChannelManager - Adding key: http://localhost:24433 for channel [id: 0xc133a20e, L:/127.0.0.1:60002 - R:localhost/127.0.0.1:24433]
00:50:30.892 [Forwarding clickElement on session 653d70fe905154629d6ccccb100c156b to remote] DEBUG org.asynchttpclient.netty.request.NettyRequestSender - Using pooled Channel '[id: 0xc133a20e, L:/127.0.0.1:60002 - R:localhost/127.0.0.1:24433]' for 'POST' to 'http://localhost:24433/session/653d70fe905154629d6ccccb100c156b/element/3949390f-711e-48ca-af89-c676bec89eb1/click'
00:50:30.892 [Forwarding clickElement on session 653d70fe905154629d6ccccb100c156b to remote] DEBUG org.asynchttpclient.netty.request.NettyRequestSender - Using open Channel [id: 0xc133a20e, L:/127.0.0.1:60002 - R:localhost/127.0.0.1:24433] for POST '/session/653d70fe905154629d6ccccb100c156b/element/3949390f-711e-48ca-af89-c676bec89eb1/click'
00:50:30.941 [AsyncHttpClient-1-10] DEBUG org.asynchttpclient.netty.handler.HttpHandler - 

Request DefaultHttpRequest(decodeResult: success, version: HTTP/1.1)
POST /session/653d70fe905154629d6ccccb100c156b/element/3949390f-711e-48ca-af89-c676bec89eb1/click HTTP/1.1
User-Agent: selenium/4.7.1 (java windows)
Content-Length: 50
Content-Type: application/json; charset=utf-8
host: localhost:24433
accept: */*

Response DefaultHttpResponse(decodeResult: success, version: HTTP/1.1)
HTTP/1.1 200 OK
Content-Type: application/json; charset=utf-8
cache-control: no-cache
content-length: 14

00:50:30.941 [AsyncHttpClient-1-10] DEBUG org.asynchttpclient.netty.channel.ChannelManager - Adding key: http://localhost:24433 for channel [id: 0xc133a20e, L:/127.0.0.1:60002 - R:localhost/127.0.0.1:24433]
00:50:30.948 [Forwarding getCurrentWindowHandle on session 653d70fe905154629d6ccccb100c156b to remote] DEBUG org.asynchttpclient.netty.request.NettyRequestSender - Using pooled Channel '[id: 0xc133a20e, L:/127.0.0.1:60002 - R:localhost/127.0.0.1:24433]' for 'GET' to 'http://localhost:24433/session/653d70fe905154629d6ccccb100c156b/window'
00:50:30.948 [Forwarding getCurrentWindowHandle on session 653d70fe905154629d6ccccb100c156b to remote] DEBUG org.asynchttpclient.netty.request.NettyRequestSender - Using open Channel [id: 0xc133a20e, L:/127.0.0.1:60002 - R:localhost/127.0.0.1:24433] for GET '/session/653d70fe905154629d6ccccb100c156b/window'
00:50:30.948 [AsyncHttpClient-1-10] DEBUG org.asynchttpclient.netty.handler.HttpHandler - 

Request DefaultFullHttpRequest(decodeResult: success, version: HTTP/1.1, content: EmptyByteBufBE)
GET /session/653d70fe905154629d6ccccb100c156b/window HTTP/1.1
User-Agent: selenium/4.7.1 (java windows)
Cache-Control: no-cache
Content-Type: application/json; charset=utf-8
host: localhost:24433
accept: */*

Response DefaultHttpResponse(decodeResult: success, version: HTTP/1.1)
HTTP/1.1 200 OK
Content-Type: application/json; charset=utf-8
cache-control: no-cache
content-length: 44

00:50:30.949 [AsyncHttpClient-1-10] DEBUG org.asynchttpclient.netty.channel.ChannelManager - Adding key: http://localhost:24433 for channel [id: 0xc133a20e, L:/127.0.0.1:60002 - R:localhost/127.0.0.1:24433]
00:50:30.950 [Forwarding getAlertText on session 653d70fe905154629d6ccccb100c156b to remote] DEBUG org.asynchttpclient.netty.request.NettyRequestSender - Using pooled Channel '[id: 0xc133a20e, L:/127.0.0.1:60002 - R:localhost/127.0.0.1:24433]' for 'GET' to 'http://localhost:24433/session/653d70fe905154629d6ccccb100c156b/alert/text'
00:50:30.950 [Forwarding getAlertText on session 653d70fe905154629d6ccccb100c156b to remote] DEBUG org.asynchttpclient.netty.request.NettyRequestSender - Using open Channel [id: 0xc133a20e, L:/127.0.0.1:60002 - R:localhost/127.0.0.1:24433] for GET '/session/653d70fe905154629d6ccccb100c156b/alert/text'
00:50:30.951 [AsyncHttpClient-1-10] DEBUG org.asynchttpclient.netty.handler.HttpHandler - 

Request DefaultFullHttpRequest(decodeResult: success, version: HTTP/1.1, content: EmptyByteBufBE)
GET /session/653d70fe905154629d6ccccb100c156b/alert/text HTTP/1.1
User-Agent: selenium/4.7.1 (java windows)
Cache-Control: no-cache
Content-Type: application/json; charset=utf-8
host: localhost:24433
accept: */*

Response DefaultHttpResponse(decodeResult: success, version: HTTP/1.1)
HTTP/1.1 404 Not Found
Content-Type: application/json; charset=utf-8
cache-control: no-cache
content-length: 849

00:50:30.951 [AsyncHttpClient-1-10] DEBUG org.asynchttpclient.netty.channel.ChannelManager - Adding key: http://localhost:24433 for channel [id: 0xc133a20e, L:/127.0.0.1:60002 - R:localhost/127.0.0.1:24433]
00:50:30.952 [Forwarding switchToWindow on session 653d70fe905154629d6ccccb100c156b to remote] DEBUG org.asynchttpclient.netty.request.NettyRequestSender - Using pooled Channel '[id: 0xc133a20e, L:/127.0.0.1:60002 - R:localhost/127.0.0.1:24433]' for 'POST' to 'http://localhost:24433/session/653d70fe905154629d6ccccb100c156b/window'
00:50:30.953 [Forwarding switchToWindow on session 653d70fe905154629d6ccccb100c156b to remote] DEBUG org.asynchttpclient.netty.request.NettyRequestSender - Using open Channel [id: 0xc133a20e, L:/127.0.0.1:60002 - R:localhost/127.0.0.1:24433] for POST '/session/653d70fe905154629d6ccccb100c156b/window'
00:50:30.955 [AsyncHttpClient-1-10] DEBUG org.asynchttpclient.netty.handler.HttpHandler - 

Request DefaultHttpRequest(decodeResult: success, version: HTTP/1.1)
POST /session/653d70fe905154629d6ccccb100c156b/window HTTP/1.1
User-Agent: selenium/4.7.1 (java windows)
Content-Length: 50
Content-Type: application/json; charset=utf-8
host: localhost:24433
accept: */*

Response DefaultHttpResponse(decodeResult: success, version: HTTP/1.1)
HTTP/1.1 200 OK
Content-Type: application/json; charset=utf-8
cache-control: no-cache
content-length: 14

00:50:30.955 [AsyncHttpClient-1-10] DEBUG org.asynchttpclient.netty.channel.ChannelManager - Adding key: http://localhost:24433 for channel [id: 0xc133a20e, L:/127.0.0.1:60002 - R:localhost/127.0.0.1:24433]
00:50:30.956 [Forwarding getCurrentUrl on session 653d70fe905154629d6ccccb100c156b to remote] DEBUG org.asynchttpclient.netty.request.NettyRequestSender - Using pooled Channel '[id: 0xc133a20e, L:/127.0.0.1:60002 - R:localhost/127.0.0.1:24433]' for 'GET' to 'http://localhost:24433/session/653d70fe905154629d6ccccb100c156b/url'
00:50:30.956 [Forwarding getCurrentUrl on session 653d70fe905154629d6ccccb100c156b to remote] DEBUG org.asynchttpclient.netty.request.NettyRequestSender - Using open Channel [id: 0xc133a20e, L:/127.0.0.1:60002 - R:localhost/127.0.0.1:24433] for GET '/session/653d70fe905154629d6ccccb100c156b/url'
00:50:30.959 [AsyncHttpClient-1-10] DEBUG org.asynchttpclient.netty.handler.HttpHandler - 

Request DefaultFullHttpRequest(decodeResult: success, version: HTTP/1.1, content: EmptyByteBufBE)
GET /session/653d70fe905154629d6ccccb100c156b/url HTTP/1.1
User-Agent: selenium/4.7.1 (java windows)
Cache-Control: no-cache
Content-Type: application/json; charset=utf-8
host: localhost:24433
accept: */*

Response DefaultHttpResponse(decodeResult: success, version: HTTP/1.1)
HTTP/1.1 200 OK
Content-Type: application/json; charset=utf-8
cache-control: no-cache
content-length: 54

00:50:30.960 [AsyncHttpClient-1-10] DEBUG org.asynchttpclient.netty.channel.ChannelManager - Adding key: http://localhost:24433 for channel [id: 0xc133a20e, L:/127.0.0.1:60002 - R:localhost/127.0.0.1:24433]
00:50:30.960 [Forwarding screenshot on session 653d70fe905154629d6ccccb100c156b to remote] DEBUG org.asynchttpclient.netty.request.NettyRequestSender - Using pooled Channel '[id: 0xc133a20e, L:/127.0.0.1:60002 - R:localhost/127.0.0.1:24433]' for 'GET' to 'http://localhost:24433/session/653d70fe905154629d6ccccb100c156b/screenshot'
00:50:30.960 [Forwarding screenshot on session 653d70fe905154629d6ccccb100c156b to remote] DEBUG org.asynchttpclient.netty.request.NettyRequestSender - Using open Channel [id: 0xc133a20e, L:/127.0.0.1:60002 - R:localhost/127.0.0.1:24433] for GET '/session/653d70fe905154629d6ccccb100c156b/screenshot'
00:50:31.063 [AsyncHttpClient-1-10] DEBUG org.asynchttpclient.netty.handler.HttpHandler - 

Request DefaultFullHttpRequest(decodeResult: success, version: HTTP/1.1, content: EmptyByteBufBE)
GET /session/653d70fe905154629d6ccccb100c156b/screenshot HTTP/1.1
User-Agent: selenium/4.7.1 (java windows)
Cache-Control: no-cache
Content-Type: application/json; charset=utf-8
host: localhost:24433
accept: */*

Response DefaultHttpResponse(decodeResult: success, version: HTTP/1.1)
HTTP/1.1 200 OK
Content-Type: application/json; charset=utf-8
cache-control: no-cache
content-length: 30208

00:50:31.063 [AsyncHttpClient-1-10] DEBUG org.asynchttpclient.netty.channel.ChannelManager - Adding key: http://localhost:24433 for channel [id: 0xc133a20e, L:/127.0.0.1:60002 - R:localhost/127.0.0.1:24433]
00:50:31.064 [main] DEBUG net.serenitybdd.core.photography.Darkroom - Send negative for processing for target\site\serenity\95f48e9924b74a2eec37288732edadcb45426033de47cdd1e7eb2a2c68cbb201.png
00:50:31.065 [main] DEBUG net.thucydides.core.steps.StepInterceptor - STEP DONE: klikButtonRegister
  &amp#27;[32mThen &amp#27;[0m&amp#27;[32muser klik register yang kedua&amp#27;[0m                        &amp#27;[90m# starter.stepdefinitions.RegisterSteps.userKlikRegisterYangKedua()&amp#27;[0m
00:50:31.065 [Darkroom Processing Line] DEBUG net.serenitybdd.core.photography.DarkroomProcessingLine - Processing screenshot image in /var/screenshots/screenshot-17674228762710087886
00:50:31.065 [Darkroom Processing Line] DEBUG net.serenitybdd.core.photography.DarkroomProcessingLine - Saving screenshot to target\site\serenity\95f48e9924b74a2eec37288732edadcb45426033de47cdd1e7eb2a2c68cbb201.png
00:50:31.075 [main] DEBUG net.thucydides.core.steps.StepInterceptor - STARTING STEP: RegisterSteps.userMenerimaERRORMessage - munculErrorMessage
00:50:31.077 [Forwarding findElement on session 653d70fe905154629d6ccccb100c156b to remote] DEBUG org.asynchttpclient.netty.request.NettyRequestSender - Using pooled Channel '[id: 0xc133a20e, L:/127.0.0.1:60002 - R:localhost/127.0.0.1:24433]' for 'POST' to 'http://localhost:24433/session/653d70fe905154629d6ccccb100c156b/element'
00:50:31.078 [Forwarding findElement on session 653d70fe905154629d6ccccb100c156b to remote] DEBUG org.asynchttpclient.netty.request.NettyRequestSender - Using open Channel [id: 0xc133a20e, L:/127.0.0.1:60002 - R:localhost/127.0.0.1:24433] for POST '/session/653d70fe905154629d6ccccb100c156b/element'
00:50:31.275 [AsyncHttpClient-1-10] DEBUG org.asynchttpclient.netty.handler.HttpHandler - 

Request DefaultHttpRequest(decodeResult: success, version: HTTP/1.1)
POST /session/653d70fe905154629d6ccccb100c156b/element HTTP/1.1
User-Agent: selenium/4.7.1 (java windows)
Content-Length: 79
Content-Type: application/json; charset=utf-8
host: localhost:24433
accept: */*

Response DefaultHttpResponse(decodeResult: success, version: HTTP/1.1)
HTTP/1.1 200 OK
Content-Type: application/json; charset=utf-8
cache-control: no-cache
content-length: 88

00:50:31.275 [AsyncHttpClient-1-10] DEBUG org.asynchttpclient.netty.channel.ChannelManager - Adding key: http://localhost:24433 for channel [id: 0xc133a20e, L:/127.0.0.1:60002 - R:localhost/127.0.0.1:24433]
00:50:31.278 [Forwarding isElementDisplayed on session 653d70fe905154629d6ccccb100c156b to remote] DEBUG org.asynchttpclient.netty.request.NettyRequestSender - Using pooled Channel '[id: 0xc133a20e, L:/127.0.0.1:60002 - R:localhost/127.0.0.1:24433]' for 'POST' to 'http://localhost:24433/session/653d70fe905154629d6ccccb100c156b/execute/sync'
00:50:31.278 [Forwarding isElementDisplayed on session 653d70fe905154629d6ccccb100c156b to remote] DEBUG org.asynchttpclient.netty.request.NettyRequestSender - Using open Channel [id: 0xc133a20e, L:/127.0.0.1:60002 - R:localhost/127.0.0.1:24433] for POST '/session/653d70fe905154629d6ccccb100c156b/execute/sync'
00:50:31.291 [AsyncHttpClient-1-10] DEBUG org.asynchttpclient.netty.handler.HttpHandler - 

Request DefaultHttpRequest(decodeResult: success, version: HTTP/1.1)
POST /session/653d70fe905154629d6ccccb100c156b/execute/sync HTTP/1.1
User-Agent: selenium/4.7.1 (java windows)
Content-Length: 48780
Content-Type: application/json; charset=utf-8
host: localhost:24433
accept: */*

Response DefaultHttpResponse(decodeResult: success, version: HTTP/1.1)
HTTP/1.1 200 OK
Content-Type: application/json; charset=utf-8
cache-control: no-cache
content-length: 14

00:50:31.291 [AsyncHttpClient-1-10] DEBUG org.asynchttpclient.netty.channel.ChannelManager - Adding key: http://localhost:24433 for channel [id: 0xc133a20e, L:/127.0.0.1:60002 - R:localhost/127.0.0.1:24433]
00:50:31.296 [Forwarding getCurrentWindowHandle on session 653d70fe905154629d6ccccb100c156b to remote] DEBUG org.asynchttpclient.netty.request.NettyRequestSender - Using pooled Channel '[id: 0xc133a20e, L:/127.0.0.1:60002 - R:localhost/127.0.0.1:24433]' for 'GET' to 'http://localhost:24433/session/653d70fe905154629d6ccccb100c156b/window'
00:50:31.296 [Forwarding getCurrentWindowHandle on session 653d70fe905154629d6ccccb100c156b to remote] DEBUG org.asynchttpclient.netty.request.NettyRequestSender - Using open Channel [id: 0xc133a20e, L:/127.0.0.1:60002 - R:localhost/127.0.0.1:24433] for GET '/session/653d70fe905154629d6ccccb100c156b/window'
00:50:31.297 [AsyncHttpClient-1-10] DEBUG org.asynchttpclient.netty.handler.HttpHandler - 

Request DefaultFullHttpRequest(decodeResult: success, version: HTTP/1.1, content: EmptyByteBufBE)
GET /session/653d70fe905154629d6ccccb100c156b/window HTTP/1.1
User-Agent: selenium/4.7.1 (java windows)
Cache-Control: no-cache
Content-Type: application/json; charset=utf-8
host: localhost:24433
accept: */*

Response DefaultHttpResponse(decodeResult: success, version: HTTP/1.1)
HTTP/1.1 200 OK
Content-Type: application/json; charset=utf-8
cache-control: no-cache
content-length: 44

00:50:31.297 [AsyncHttpClient-1-10] DEBUG org.asynchttpclient.netty.channel.ChannelManager - Adding key: http://localhost:24433 for channel [id: 0xc133a20e, L:/127.0.0.1:60002 - R:localhost/127.0.0.1:24433]
00:50:31.298 [Forwarding getAlertText on session 653d70fe905154629d6ccccb100c156b to remote] DEBUG org.asynchttpclient.netty.request.NettyRequestSender - Using pooled Channel '[id: 0xc133a20e, L:/127.0.0.1:60002 - R:localhost/127.0.0.1:24433]' for 'GET' to 'http://localhost:24433/session/653d70fe905154629d6ccccb100c156b/alert/text'
00:50:31.298 [Forwarding getAlertText on session 653d70fe905154629d6ccccb100c156b to remote] DEBUG org.asynchttpclient.netty.request.NettyRequestSender - Using open Channel [id: 0xc133a20e, L:/127.0.0.1:60002 - R:localhost/127.0.0.1:24433] for GET '/session/653d70fe905154629d6ccccb100c156b/alert/text'
00:50:31.300 [AsyncHttpClient-1-10] DEBUG org.asynchttpclient.netty.handler.HttpHandler - 

Request DefaultFullHttpRequest(decodeResult: success, version: HTTP/1.1, content: EmptyByteBufBE)
GET /session/653d70fe905154629d6ccccb100c156b/alert/text HTTP/1.1
User-Agent: selenium/4.7.1 (java windows)
Cache-Control: no-cache
Content-Type: application/json; charset=utf-8
host: localhost:24433
accept: */*

Response DefaultHttpResponse(decodeResult: success, version: HTTP/1.1)
HTTP/1.1 404 Not Found
Content-Type: application/json; charset=utf-8
cache-control: no-cache
content-length: 849

00:50:31.300 [AsyncHttpClient-1-10] DEBUG org.asynchttpclient.netty.channel.ChannelManager - Adding key: http://localhost:24433 for channel [id: 0xc133a20e, L:/127.0.0.1:60002 - R:localhost/127.0.0.1:24433]
00:50:31.302 [Forwarding switchToWindow on session 653d70fe905154629d6ccccb100c156b to remote] DEBUG org.asynchttpclient.netty.request.NettyRequestSender - Using pooled Channel '[id: 0xc133a20e, L:/127.0.0.1:60002 - R:localhost/127.0.0.1:24433]' for 'POST' to 'http://localhost:24433/session/653d70fe905154629d6ccccb100c156b/window'
00:50:31.302 [Forwarding switchToWindow on session 653d70fe905154629d6ccccb100c156b to remote] DEBUG org.asynchttpclient.netty.request.NettyRequestSender - Using open Channel [id: 0xc133a20e, L:/127.0.0.1:60002 - R:localhost/127.0.0.1:24433] for POST '/session/653d70fe905154629d6ccccb100c156b/window'
00:50:31.305 [AsyncHttpClient-1-10] DEBUG org.asynchttpclient.netty.handler.HttpHandler - 

Request DefaultHttpRequest(decodeResult: success, version: HTTP/1.1)
POST /session/653d70fe905154629d6ccccb100c156b/window HTTP/1.1
User-Agent: selenium/4.7.1 (java windows)
Content-Length: 50
Content-Type: application/json; charset=utf-8
host: localhost:24433
accept: */*

Response DefaultHttpResponse(decodeResult: success, version: HTTP/1.1)
HTTP/1.1 200 OK
Content-Type: application/json; charset=utf-8
cache-control: no-cache
content-length: 14

00:50:31.305 [AsyncHttpClient-1-10] DEBUG org.asynchttpclient.netty.channel.ChannelManager - Adding key: http://localhost:24433 for channel [id: 0xc133a20e, L:/127.0.0.1:60002 - R:localhost/127.0.0.1:24433]
00:50:31.306 [Forwarding getCurrentUrl on session 653d70fe905154629d6ccccb100c156b to remote] DEBUG org.asynchttpclient.netty.request.NettyRequestSender - Using pooled Channel '[id: 0xc133a20e, L:/127.0.0.1:60002 - R:localhost/127.0.0.1:24433]' for 'GET' to 'http://localhost:24433/session/653d70fe905154629d6ccccb100c156b/url'
00:50:31.306 [Forwarding getCurrentUrl on session 653d70fe905154629d6ccccb100c156b to remote] DEBUG org.asynchttpclient.netty.request.NettyRequestSender - Using open Channel [id: 0xc133a20e, L:/127.0.0.1:60002 - R:localhost/127.0.0.1:24433] for GET '/session/653d70fe905154629d6ccccb100c156b/url'
00:50:31.310 [AsyncHttpClient-1-10] DEBUG org.asynchttpclient.netty.handler.HttpHandler - 

Request DefaultFullHttpRequest(decodeResult: success, version: HTTP/1.1, content: EmptyByteBufBE)
GET /session/653d70fe905154629d6ccccb100c156b/url HTTP/1.1
User-Agent: selenium/4.7.1 (java windows)
Cache-Control: no-cache
Content-Type: application/json; charset=utf-8
host: localhost:24433
accept: */*

Response DefaultHttpResponse(decodeResult: success, version: HTTP/1.1)
HTTP/1.1 200 OK
Content-Type: application/json; charset=utf-8
cache-control: no-cache
content-length: 54

00:50:31.310 [AsyncHttpClient-1-10] DEBUG org.asynchttpclient.netty.channel.ChannelManager - Adding key: http://localhost:24433 for channel [id: 0xc133a20e, L:/127.0.0.1:60002 - R:localhost/127.0.0.1:24433]
00:50:31.311 [Forwarding screenshot on session 653d70fe905154629d6ccccb100c156b to remote] DEBUG org.asynchttpclient.netty.request.NettyRequestSender - Using pooled Channel '[id: 0xc133a20e, L:/127.0.0.1:60002 - R:localhost/127.0.0.1:24433]' for 'GET' to 'http://localhost:24433/session/653d70fe905154629d6ccccb100c156b/screenshot'
00:50:31.311 [Forwarding screenshot on session 653d70fe905154629d6ccccb100c156b to remote] DEBUG org.asynchttpclient.netty.request.NettyRequestSender - Using open Channel [id: 0xc133a20e, L:/127.0.0.1:60002 - R:localhost/127.0.0.1:24433] for GET '/session/653d70fe905154629d6ccccb100c156b/screenshot'
00:50:31.444 [AsyncHttpClient-1-10] DEBUG org.asynchttpclient.netty.handler.HttpHandler - 

Request DefaultFullHttpRequest(decodeResult: success, version: HTTP/1.1, content: EmptyByteBufBE)
GET /session/653d70fe905154629d6ccccb100c156b/screenshot HTTP/1.1
User-Agent: selenium/4.7.1 (java windows)
Cache-Control: no-cache
Content-Type: application/json; charset=utf-8
host: localhost:24433
accept: */*

Response DefaultHttpResponse(decodeResult: success, version: HTTP/1.1)
HTTP/1.1 200 OK
Content-Type: application/json; charset=utf-8
cache-control: no-cache
content-length: 31160

00:50:31.445 [AsyncHttpClient-1-10] DEBUG org.asynchttpclient.netty.channel.ChannelManager - Adding key: http://localhost:24433 for channel [id: 0xc133a20e, L:/127.0.0.1:60002 - R:localhost/127.0.0.1:24433]
00:50:31.446 [main] DEBUG net.serenitybdd.core.photography.Darkroom - Send negative for processing for target\site\serenity\e6d2ccdc87c6eedb72e672bdf808cf4f8a84dc7940d06ca4aa9469dc2582f16a.png
00:50:31.446 [main] DEBUG net.thucydides.core.steps.StepInterceptor - STEP DONE: munculErrorMessage
00:50:31.446 [Darkroom Processing Line] DEBUG net.serenitybdd.core.photography.DarkroomProcessingLine - Processing screenshot image in /var/screenshots/screenshot-5025157576702973095
00:50:31.447 [Darkroom Processing Line] DEBUG net.serenitybdd.core.photography.DarkroomProcessingLine - Saving screenshot to target\site\serenity\e6d2ccdc87c6eedb72e672bdf808cf4f8a84dc7940d06ca4aa9469dc2582f16a.png
  &amp#27;[32mAnd &amp#27;[0m&amp#27;[32muser menerima ERROR message &amp#27;[0m&amp#27;[32m&amp#27;[1m"email is required"&amp#27;[0m       &amp#27;[90m# starter.stepdefinitions.RegisterSteps.userMenerimaERRORMessage(java.lang.String)&amp#27;[0m
00:50:31.452 [main] INFO  - 
  _____   ___   ___   _____     ___     _     ___   ___   ___   ___  
 |_   _| | __| / __| |_   _|   | _ \   /_\   / __| / __| | __| |   \ 
   | |   | _|  \__ \   | |     |  _/  / _ \  \__ \ \__ \ | _|  | |) |
   |_|   |___| |___/   |_|     |_|   /_/ \_\ |___/ |___/ |___| |___/ 

user tidak bisa register karena tidak input email
----------------------------------------------------------------------
00:50:31.454 [Driver Command Executor] DEBUG org.asynchttpclient.netty.request.NettyRequestSender - Using pooled Channel '[id: 0xc133a20e, L:/127.0.0.1:60002 - R:localhost/127.0.0.1:24433]' for 'DELETE' to 'http://localhost:24433/session/653d70fe905154629d6ccccb100c156b'
00:50:31.454 [Driver Command Executor] DEBUG org.asynchttpclient.netty.request.NettyRequestSender - Using open Channel [id: 0xc133a20e, L:/127.0.0.1:60002 - R:localhost/127.0.0.1:24433] for DELETE '/session/653d70fe905154629d6ccccb100c156b'
00:50:31.455 [AsyncHttpClient-1-12] DEBUG org.asynchttpclient.netty.handler.WebSocketHandler - Unexpected I/O exception on channel [id: 0xf4a7e7dc, L:/127.0.0.1:60009 - R:localhost/127.0.0.1:60003]
java.io.IOException: An established connection was aborted by the software in your host machine
	at java.base/sun.nio.ch.SocketDispatcher.read0(Native Method)
	at java.base/sun.nio.ch.SocketDispatcher.read(SocketDispatcher.java:46)
	at java.base/sun.nio.ch.IOUtil.readIntoNativeBuffer(IOUtil.java:339)
	at java.base/sun.nio.ch.IOUtil.read(IOUtil.java:293)
	at java.base/sun.nio.ch.IOUtil.read(IOUtil.java:268)
	at java.base/sun.nio.ch.SocketChannelImpl.read(SocketChannelImpl.java:425)
	at io.netty.buffer.PooledByteBuf.setBytes(PooledByteBuf.java:259)
	at io.netty.buffer.AbstractByteBuf.writeBytes(AbstractByteBuf.java:1132)
	at io.netty.channel.socket.nio.NioSocketChannel.doReadBytes(NioSocketChannel.java:357)
	at io.netty.channel.nio.AbstractNioByteChannel$NioByteUnsafe.read(AbstractNioByteChannel.java:151)
	at io.netty.channel.nio.NioEventLoop.processSelectedKey(NioEventLoop.java:788)
	at io.netty.channel.nio.NioEventLoop.processSelectedKeysOptimized(NioEventLoop.java:724)
	at io.netty.channel.nio.NioEventLoop.processSelectedKeys(NioEventLoop.java:650)
	at io.netty.channel.nio.NioEventLoop.run(NioEventLoop.java:562)
	at io.netty.util.concurrent.SingleThreadEventExecutor$4.run(SingleThreadEventExecutor.java:997)
	at io.netty.util.internal.ThreadExecutorMap$2.run(ThreadExecutorMap.java:74)
	at io.netty.util.concurrent.FastThreadLocalRunnable.run(FastThreadLocalRunnable.java:30)
	at java.base/java.lang.Thread.run(Thread.java:1589)
00:50:31.455 [AsyncHttpClient-1-12] DEBUG org.asynchttpclient.netty.handler.WebSocketHandler - Trying to recover from dead Channel: [id: 0xf4a7e7dc, L:/127.0.0.1:60009 - R:localhost/127.0.0.1:60003]
00:50:31.455 [AsyncHttpClient-1-12] DEBUG org.asynchttpclient.netty.handler.WebSocketHandler - Channel Closed: [id: 0xf4a7e7dc, L:/127.0.0.1:60009 ! R:localhost/127.0.0.1:60003] with attribute NettyResponseFuture{currentRetry=0,
	isDone=1,
	isCancelled=0,
	asyncHandler=org.asynchttpclient.ws.WebSocketUpgradeHandler@3d1cac0,
	nettyRequest=org.asynchttpclient.netty.request.NettyRequest@7fd79200,
	future=java.util.concurrent.CompletableFuture@7b3f7ec8[Completed normally],
	uri=ws://localhost:60003/devtools/browser/21908863-7018-4a38-a9a0-9d9a7feb658a,
	keepAlive=true,
	redirectCount=0,
	timeoutsHolder=null,
	inAuth=0,
	touch=1683654631455}
00:50:31.455 [AsyncHttpClient-1-12] DEBUG org.asynchttpclient.netty.channel.ChannelManager - Closing Channel [id: 0xf4a7e7dc, L:/127.0.0.1:60009 ! R:localhost/127.0.0.1:60003] 
00:50:31.495 [AsyncHttpClient-1-11] DEBUG org.asynchttpclient.netty.handler.HttpHandler - Unexpected I/O exception on channel [id: 0x8c5f2745, L:/127.0.0.1:60008 - R:localhost/127.0.0.1:60003]
java.net.SocketException: Connection reset
	at java.base/sun.nio.ch.SocketChannelImpl.throwConnectionReset(SocketChannelImpl.java:401)
	at java.base/sun.nio.ch.SocketChannelImpl.read(SocketChannelImpl.java:434)
	at io.netty.buffer.PooledByteBuf.setBytes(PooledByteBuf.java:259)
	at io.netty.buffer.AbstractByteBuf.writeBytes(AbstractByteBuf.java:1132)
	at io.netty.channel.socket.nio.NioSocketChannel.doReadBytes(NioSocketChannel.java:357)
	at io.netty.channel.nio.AbstractNioByteChannel$NioByteUnsafe.read(AbstractNioByteChannel.java:151)
	at io.netty.channel.nio.NioEventLoop.processSelectedKey(NioEventLoop.java:788)
	at io.netty.channel.nio.NioEventLoop.processSelectedKeysOptimized(NioEventLoop.java:724)
	at io.netty.channel.nio.NioEventLoop.processSelectedKeys(NioEventLoop.java:650)
	at io.netty.channel.nio.NioEventLoop.run(NioEventLoop.java:562)
	at io.netty.util.concurrent.SingleThreadEventExecutor$4.run(SingleThreadEventExecutor.java:997)
	at io.netty.util.internal.ThreadExecutorMap$2.run(ThreadExecutorMap.java:74)
	at io.netty.util.concurrent.FastThreadLocalRunnable.run(FastThreadLocalRunnable.java:30)
	at java.base/java.lang.Thread.run(Thread.java:1589)
00:50:31.495 [AsyncHttpClient-1-11] DEBUG org.asynchttpclient.netty.channel.ChannelManager - Closing Channel [id: 0x8c5f2745, L:/127.0.0.1:60008 - R:localhost/127.0.0.1:60003] 
00:50:31.496 [AsyncHttpClient-1-11] DEBUG org.asynchttpclient.netty.handler.HttpHandler - Channel Closed: [id: 0x8c5f2745, L:/127.0.0.1:60008 ! R:localhost/127.0.0.1:60003] with attribute DISCARD
00:50:31.519 [AsyncHttpClient-1-10] DEBUG org.asynchttpclient.netty.handler.HttpHandler - 

Request DefaultFullHttpRequest(decodeResult: success, version: HTTP/1.1, content: EmptyByteBufBE)
DELETE /session/653d70fe905154629d6ccccb100c156b HTTP/1.1
User-Agent: selenium/4.7.1 (java windows)
Content-Type: application/json; charset=utf-8
host: localhost:24433
accept: */*

Response DefaultHttpResponse(decodeResult: success, version: HTTP/1.1)
HTTP/1.1 200 OK
Content-Type: application/json; charset=utf-8
cache-control: no-cache
content-length: 14

00:50:31.519 [AsyncHttpClient-1-10] DEBUG org.asynchttpclient.netty.channel.ChannelManager - Adding key: http://localhost:24433 for channel [id: 0xc133a20e, L:/127.0.0.1:60002 - R:localhost/127.0.0.1:24433]
00:50:31.603 [AsyncHttpClient-1-10] DEBUG org.asynchttpclient.netty.handler.HttpHandler - Channel Closed: [id: 0xc133a20e, L:/127.0.0.1:60002 ! R:localhost/127.0.0.1:24433] with attribute DISCARD
]]></system-out>
    <system-err><![CDATA[Starting ChromeDriver 112.0.5615.49 (bd2a7bcb881c11e8cfe3078709382934e3916914-refs/branch-heads/5615@{#936}) on port 24433
Only local connections are allowed.
Please see https://chromedriver.chromium.org/security-considerations for suggestions on keeping ChromeDriver safe.
ChromeDriver was started successfully.
May 10, 2023 12:50:23 AM org.openqa.selenium.devtools.CdpVersionFinder findNearestMatch
WARNING: Unable to find an exact match for CDP version 112, so returning the closest version found: 108
]]></system-err>
  </testcase>
  <testcase name="user tidak bisa register karena tidak input password" classname="register" time="9.814">
    <system-out><![CDATA[
@AS10-negative
Scenario: user tidak bisa register karena tidak input password &amp#27;[90m# src/test/resources/features/2. Register.feature:37&amp#27;[0m
00:50:31.691 [main] INFO io.cucumber.core.plugin.SerenityReporter - Running feature from file:///C:/Users/HP/Downloads/Mini-Project-QA/ALTASHOP%20WEB%20AUTOMATION/src/test/resources/features/2.%20Register.feature
00:50:31.694 [main] INFO  - 
  _____   ___   ___   _____     ___   _____     _     ___   _____   ___   ___  
 |_   _| | __| / __| |_   _|   / __| |_   _|   /_\   | _ \ |_   _| | __| |   \ 
   | |   | _|  \__ \   | |     \__ \   | |    / _ \  |   /   | |   | _|  | |) |
   |_|   |___| |___/   |_|     |___/   |_|   /_/ \_\ |_|_\   |_|   |___| |___/ 

user tidak bisa register karena tidak input password(register;user-tidak-bisa-register-karena-tidak-input-password)
--------------------------------------------------------------------------------
00:50:31.717 [main] DEBUG net.thucydides.core.steps.StepInterceptor - STARTING STEP: LoginRegisterSteps.userBeradaDiHomepageAlta - diHomepageAltaShop
00:50:31.795 [main] INFO net.serenitybdd.core.webdriver.driverproviders.ChromeDriverProvider - Starting Chrome driver instance with capabilities:
00:50:31.796 [main] INFO net.serenitybdd.core.webdriver.driverproviders.ChromeDriverProvider - Capabilities {acceptInsecureCerts: true, browserName: chrome, goog:chromeOptions: {args: [remote-allow-origins=*, test-type, no-sandbox, ignore-certificate-errors, start-maximized, incognito, disable-infobars, disable-gpu, disable-default-apps, disable-popup-blocking, remote-allow-origins=*, test-type, no-sandbox, ignore-certificate-errors, start-maximized, incognito, disable-infobars, disable-gpu, disable-default-apps, disable-popup-blocking], extensions: []}}
00:50:31.908 [AsyncHttpClient-1-13] DEBUG org.asynchttpclient.netty.channel.NettyConnectListener - Using new Channel '[id: 0xb059b223, L:/127.0.0.1:60031 - R:localhost/127.0.0.1:36095]' for 'POST' to '/session'
00:50:31.932 [AsyncHttpClient-1-1] DEBUG org.asynchttpclient.netty.channel.DefaultChannelPool - Entry count for : http://localhost:24433 : 1
00:50:31.932 [AsyncHttpClient-1-1] DEBUG org.asynchttpclient.netty.channel.DefaultChannelPool - Entry count for : http://localhost:60003 : 1
00:50:31.932 [AsyncHttpClient-1-1] DEBUG org.asynchttpclient.netty.channel.DefaultChannelPool - Adding Candidate expired Channel [id: 0xc133a20e, L:/127.0.0.1:60002 ! R:localhost/127.0.0.1:24433] isIdleTimeoutExpired=false isRemotelyClosed=true isTtlExpired=false
00:50:31.932 [AsyncHttpClient-1-1] DEBUG org.asynchttpclient.netty.channel.DefaultChannelPool - Closing Idle Channel [id: 0xc133a20e, L:/127.0.0.1:60002 ! R:localhost/127.0.0.1:24433]
00:50:31.932 [AsyncHttpClient-1-1] DEBUG org.asynchttpclient.netty.channel.DefaultChannelPool - Adding Candidate expired Channel [id: 0x8c5f2745, L:/127.0.0.1:60008 ! R:localhost/127.0.0.1:60003] isIdleTimeoutExpired=false isRemotelyClosed=true isTtlExpired=false
00:50:31.932 [AsyncHttpClient-1-1] DEBUG org.asynchttpclient.netty.channel.DefaultChannelPool - Closing Idle Channel [id: 0x8c5f2745, L:/127.0.0.1:60008 ! R:localhost/127.0.0.1:60003]
00:50:31.932 [AsyncHttpClient-1-1] DEBUG org.asynchttpclient.netty.channel.DefaultChannelPool - Closed 2 connections out of 2 in 0 ms
00:50:32.644 [AsyncHttpClient-1-13] DEBUG org.asynchttpclient.netty.handler.HttpHandler - 

Request DefaultHttpRequest(decodeResult: success, version: HTTP/1.1)
POST /session HTTP/1.1
User-Agent: selenium/4.7.1 (java windows)
Content-Length: 1629
Content-Type: application/json; charset=utf-8
host: localhost:36095
accept: */*

Response DefaultHttpResponse(decodeResult: success, version: HTTP/1.1)
HTTP/1.1 200 OK
Content-Type: application/json; charset=utf-8
cache-control: no-cache
content-length: 854

00:50:32.644 [AsyncHttpClient-1-13] DEBUG org.asynchttpclient.netty.channel.ChannelManager - Adding key: http://localhost:36095 for channel [id: 0xb059b223, L:/127.0.0.1:60031 - R:localhost/127.0.0.1:36095]
00:50:32.653 [AsyncHttpClient-1-14] DEBUG org.asynchttpclient.netty.channel.NettyConnectListener - Using new Channel '[id: 0x73be07ac, L:/127.0.0.1:60037 - R:localhost/127.0.0.1:60032]' for 'GET' to '/json/version'
00:50:32.656 [AsyncHttpClient-1-14] DEBUG org.asynchttpclient.netty.handler.HttpHandler - 

Request DefaultFullHttpRequest(decodeResult: success, version: HTTP/1.1, content: EmptyByteBufBE)
GET /json/version HTTP/1.1
User-Agent: selenium/4.7.1 (java windows)
host: localhost:60032
accept: */*

Response DefaultHttpResponse(decodeResult: success, version: HTTP/1.1)
HTTP/1.1 200 OK
Content-Security-Policy: frame-ancestors 'none'
Content-Type: application/json; charset=UTF-8
content-length: 424

00:50:32.656 [AsyncHttpClient-1-14] DEBUG org.asynchttpclient.netty.channel.ChannelManager - Adding key: http://localhost:60032 for channel [id: 0x73be07ac, L:/127.0.0.1:60037 - R:localhost/127.0.0.1:60032]
00:50:32.659 [AsyncHttpClient-1-15] DEBUG org.asynchttpclient.netty.channel.NettyConnectListener - Using new Channel '[id: 0xa26df49b, L:/127.0.0.1:60038 - R:localhost/127.0.0.1:60032]' for 'GET' to '/devtools/browser/3fa3e155-b3ed-4c67-a583-7eb82dda788e'
00:50:32.660 [AsyncHttpClient-1-15] DEBUG org.asynchttpclient.netty.handler.WebSocketHandler - 

Request DefaultFullHttpRequest(decodeResult: success, version: HTTP/1.1, content: EmptyByteBufBE)
GET /devtools/browser/3fa3e155-b3ed-4c67-a583-7eb82dda788e HTTP/1.1
upgrade: websocket
connection: upgrade
sec-websocket-key: KmGpLA1XYZnmdY3ImuXiUg==
sec-websocket-version: 13
origin: http://localhost:60032
host: localhost:60032
accept: */*
user-agent: AHC/2.1

Response DefaultHttpResponse(decodeResult: success, version: HTTP/1.1)
HTTP/1.1 101 WebSocket Protocol Handshake
Upgrade: WebSocket
Connection: Upgrade
Sec-WebSocket-Accept: njgIa0Gng2XWN2+kGc40Rdso1wA=

00:50:32.665 [Forwarding get on session cbf007b0abb31f2ab12a0d547471de21 to remote] DEBUG org.asynchttpclient.netty.request.NettyRequestSender - Using pooled Channel '[id: 0xb059b223, L:/127.0.0.1:60031 - R:localhost/127.0.0.1:36095]' for 'POST' to 'http://localhost:36095/session/cbf007b0abb31f2ab12a0d547471de21/url'
00:50:32.665 [Forwarding get on session cbf007b0abb31f2ab12a0d547471de21 to remote] DEBUG org.asynchttpclient.netty.request.NettyRequestSender - Using open Channel [id: 0xb059b223, L:/127.0.0.1:60031 - R:localhost/127.0.0.1:36095] for POST '/session/cbf007b0abb31f2ab12a0d547471de21/url'
00:50:33.030 [AsyncHttpClient-1-1] DEBUG org.asynchttpclient.netty.channel.DefaultChannelPool - Entry count for : http://localhost:60032 : 1
00:50:34.129 [AsyncHttpClient-1-1] DEBUG org.asynchttpclient.netty.channel.DefaultChannelPool - Entry count for : http://localhost:60032 : 1
00:50:35.229 [AsyncHttpClient-1-1] DEBUG org.asynchttpclient.netty.channel.DefaultChannelPool - Entry count for : http://localhost:60032 : 1
00:50:35.521 [AsyncHttpClient-1-13] DEBUG org.asynchttpclient.netty.handler.HttpHandler - 

Request DefaultHttpRequest(decodeResult: success, version: HTTP/1.1)
POST /session/cbf007b0abb31f2ab12a0d547471de21/url HTTP/1.1
User-Agent: selenium/4.7.1 (java windows)
Content-Length: 59
Content-Type: application/json; charset=utf-8
host: localhost:36095
accept: */*

Response DefaultHttpResponse(decodeResult: success, version: HTTP/1.1)
HTTP/1.1 200 OK
Content-Type: application/json; charset=utf-8
cache-control: no-cache
content-length: 14

00:50:35.522 [AsyncHttpClient-1-13] DEBUG org.asynchttpclient.netty.channel.ChannelManager - Adding key: http://localhost:36095 for channel [id: 0xb059b223, L:/127.0.0.1:60031 - R:localhost/127.0.0.1:36095]
00:50:35.523 [Forwarding setTimeout on session cbf007b0abb31f2ab12a0d547471de21 to remote] DEBUG org.asynchttpclient.netty.request.NettyRequestSender - Using pooled Channel '[id: 0xb059b223, L:/127.0.0.1:60031 - R:localhost/127.0.0.1:36095]' for 'POST' to 'http://localhost:36095/session/cbf007b0abb31f2ab12a0d547471de21/timeouts'
00:50:35.523 [Forwarding setTimeout on session cbf007b0abb31f2ab12a0d547471de21 to remote] DEBUG org.asynchttpclient.netty.request.NettyRequestSender - Using open Channel [id: 0xb059b223, L:/127.0.0.1:60031 - R:localhost/127.0.0.1:36095] for POST '/session/cbf007b0abb31f2ab12a0d547471de21/timeouts'
00:50:35.524 [AsyncHttpClient-1-13] DEBUG org.asynchttpclient.netty.handler.HttpHandler - 

Request DefaultHttpRequest(decodeResult: success, version: HTTP/1.1)
POST /session/cbf007b0abb31f2ab12a0d547471de21/timeouts HTTP/1.1
User-Agent: selenium/4.7.1 (java windows)
Content-Length: 22
Content-Type: application/json; charset=utf-8
host: localhost:36095
accept: */*

Response DefaultHttpResponse(decodeResult: success, version: HTTP/1.1)
HTTP/1.1 200 OK
Content-Type: application/json; charset=utf-8
cache-control: no-cache
content-length: 14

00:50:35.524 [AsyncHttpClient-1-13] DEBUG org.asynchttpclient.netty.channel.ChannelManager - Adding key: http://localhost:36095 for channel [id: 0xb059b223, L:/127.0.0.1:60031 - R:localhost/127.0.0.1:36095]
00:50:35.527 [Forwarding getCurrentUrl on session cbf007b0abb31f2ab12a0d547471de21 to remote] DEBUG org.asynchttpclient.netty.request.NettyRequestSender - Using pooled Channel '[id: 0xb059b223, L:/127.0.0.1:60031 - R:localhost/127.0.0.1:36095]' for 'GET' to 'http://localhost:36095/session/cbf007b0abb31f2ab12a0d547471de21/url'
00:50:35.527 [Forwarding getCurrentUrl on session cbf007b0abb31f2ab12a0d547471de21 to remote] DEBUG org.asynchttpclient.netty.request.NettyRequestSender - Using open Channel [id: 0xb059b223, L:/127.0.0.1:60031 - R:localhost/127.0.0.1:36095] for GET '/session/cbf007b0abb31f2ab12a0d547471de21/url'
00:50:35.537 [AsyncHttpClient-1-13] DEBUG org.asynchttpclient.netty.handler.HttpHandler - 

Request DefaultFullHttpRequest(decodeResult: success, version: HTTP/1.1, content: EmptyByteBufBE)
GET /session/cbf007b0abb31f2ab12a0d547471de21/url HTTP/1.1
User-Agent: selenium/4.7.1 (java windows)
Cache-Control: no-cache
Content-Type: application/json; charset=utf-8
host: localhost:36095
accept: */*

Response DefaultHttpResponse(decodeResult: success, version: HTTP/1.1)
HTTP/1.1 200 OK
Content-Type: application/json; charset=utf-8
cache-control: no-cache
content-length: 41

00:50:35.537 [AsyncHttpClient-1-13] DEBUG org.asynchttpclient.netty.channel.ChannelManager - Adding key: http://localhost:36095 for channel [id: 0xb059b223, L:/127.0.0.1:60031 - R:localhost/127.0.0.1:36095]
00:50:35.540 [Forwarding getCurrentUrl on session cbf007b0abb31f2ab12a0d547471de21 to remote] DEBUG org.asynchttpclient.netty.request.NettyRequestSender - Using pooled Channel '[id: 0xb059b223, L:/127.0.0.1:60031 - R:localhost/127.0.0.1:36095]' for 'GET' to 'http://localhost:36095/session/cbf007b0abb31f2ab12a0d547471de21/url'
00:50:35.540 [Forwarding getCurrentUrl on session cbf007b0abb31f2ab12a0d547471de21 to remote] DEBUG org.asynchttpclient.netty.request.NettyRequestSender - Using open Channel [id: 0xb059b223, L:/127.0.0.1:60031 - R:localhost/127.0.0.1:36095] for GET '/session/cbf007b0abb31f2ab12a0d547471de21/url'
00:50:35.545 [AsyncHttpClient-1-13] DEBUG org.asynchttpclient.netty.handler.HttpHandler - 

Request DefaultFullHttpRequest(decodeResult: success, version: HTTP/1.1, content: EmptyByteBufBE)
GET /session/cbf007b0abb31f2ab12a0d547471de21/url HTTP/1.1
User-Agent: selenium/4.7.1 (java windows)
Cache-Control: no-cache
Content-Type: application/json; charset=utf-8
host: localhost:36095
accept: */*

Response DefaultHttpResponse(decodeResult: success, version: HTTP/1.1)
HTTP/1.1 200 OK
Content-Type: application/json; charset=utf-8
cache-control: no-cache
content-length: 41

00:50:35.545 [AsyncHttpClient-1-13] DEBUG org.asynchttpclient.netty.channel.ChannelManager - Adding key: http://localhost:36095 for channel [id: 0xb059b223, L:/127.0.0.1:60031 - R:localhost/127.0.0.1:36095]
00:50:35.548 [Forwarding findElement on session cbf007b0abb31f2ab12a0d547471de21 to remote] DEBUG org.asynchttpclient.netty.request.NettyRequestSender - Using pooled Channel '[id: 0xb059b223, L:/127.0.0.1:60031 - R:localhost/127.0.0.1:36095]' for 'POST' to 'http://localhost:36095/session/cbf007b0abb31f2ab12a0d547471de21/element'
00:50:35.548 [Forwarding findElement on session cbf007b0abb31f2ab12a0d547471de21 to remote] DEBUG org.asynchttpclient.netty.request.NettyRequestSender - Using open Channel [id: 0xb059b223, L:/127.0.0.1:60031 - R:localhost/127.0.0.1:36095] for POST '/session/cbf007b0abb31f2ab12a0d547471de21/element'
00:50:35.563 [AsyncHttpClient-1-13] DEBUG org.asynchttpclient.netty.handler.HttpHandler - 

Request DefaultHttpRequest(decodeResult: success, version: HTTP/1.1)
POST /session/cbf007b0abb31f2ab12a0d547471de21/element HTTP/1.1
User-Agent: selenium/4.7.1 (java windows)
Content-Length: 108
Content-Type: application/json; charset=utf-8
host: localhost:36095
accept: */*

Response DefaultHttpResponse(decodeResult: success, version: HTTP/1.1)
HTTP/1.1 200 OK
Content-Type: application/json; charset=utf-8
cache-control: no-cache
content-length: 88

00:50:35.563 [AsyncHttpClient-1-13] DEBUG org.asynchttpclient.netty.channel.ChannelManager - Adding key: http://localhost:36095 for channel [id: 0xb059b223, L:/127.0.0.1:60031 - R:localhost/127.0.0.1:36095]
00:50:35.566 [Forwarding isElementDisplayed on session cbf007b0abb31f2ab12a0d547471de21 to remote] DEBUG org.asynchttpclient.netty.request.NettyRequestSender - Using pooled Channel '[id: 0xb059b223, L:/127.0.0.1:60031 - R:localhost/127.0.0.1:36095]' for 'POST' to 'http://localhost:36095/session/cbf007b0abb31f2ab12a0d547471de21/execute/sync'
00:50:35.566 [Forwarding isElementDisplayed on session cbf007b0abb31f2ab12a0d547471de21 to remote] DEBUG org.asynchttpclient.netty.request.NettyRequestSender - Using open Channel [id: 0xb059b223, L:/127.0.0.1:60031 - R:localhost/127.0.0.1:36095] for POST '/session/cbf007b0abb31f2ab12a0d547471de21/execute/sync'
00:50:35.582 [AsyncHttpClient-1-13] DEBUG org.asynchttpclient.netty.handler.HttpHandler - 

Request DefaultHttpRequest(decodeResult: success, version: HTTP/1.1)
POST /session/cbf007b0abb31f2ab12a0d547471de21/execute/sync HTTP/1.1
User-Agent: selenium/4.7.1 (java windows)
Content-Length: 48780
Content-Type: application/json; charset=utf-8
host: localhost:36095
accept: */*

Response DefaultHttpResponse(decodeResult: success, version: HTTP/1.1)
HTTP/1.1 200 OK
Content-Type: application/json; charset=utf-8
cache-control: no-cache
content-length: 14

00:50:35.582 [AsyncHttpClient-1-13] DEBUG org.asynchttpclient.netty.channel.ChannelManager - Adding key: http://localhost:36095 for channel [id: 0xb059b223, L:/127.0.0.1:60031 - R:localhost/127.0.0.1:36095]
00:50:35.584 [Forwarding isElementDisplayed on session cbf007b0abb31f2ab12a0d547471de21 to remote] DEBUG org.asynchttpclient.netty.request.NettyRequestSender - Using pooled Channel '[id: 0xb059b223, L:/127.0.0.1:60031 - R:localhost/127.0.0.1:36095]' for 'POST' to 'http://localhost:36095/session/cbf007b0abb31f2ab12a0d547471de21/execute/sync'
00:50:35.584 [Forwarding isElementDisplayed on session cbf007b0abb31f2ab12a0d547471de21 to remote] DEBUG org.asynchttpclient.netty.request.NettyRequestSender - Using open Channel [id: 0xb059b223, L:/127.0.0.1:60031 - R:localhost/127.0.0.1:36095] for POST '/session/cbf007b0abb31f2ab12a0d547471de21/execute/sync'
00:50:35.600 [AsyncHttpClient-1-13] DEBUG org.asynchttpclient.netty.handler.HttpHandler - 

Request DefaultHttpRequest(decodeResult: success, version: HTTP/1.1)
POST /session/cbf007b0abb31f2ab12a0d547471de21/execute/sync HTTP/1.1
User-Agent: selenium/4.7.1 (java windows)
Content-Length: 48780
Content-Type: application/json; charset=utf-8
host: localhost:36095
accept: */*

Response DefaultHttpResponse(decodeResult: success, version: HTTP/1.1)
HTTP/1.1 200 OK
Content-Type: application/json; charset=utf-8
cache-control: no-cache
content-length: 14

00:50:35.600 [AsyncHttpClient-1-13] DEBUG org.asynchttpclient.netty.channel.ChannelManager - Adding key: http://localhost:36095 for channel [id: 0xb059b223, L:/127.0.0.1:60031 - R:localhost/127.0.0.1:36095]
00:50:35.606 [Forwarding getCurrentWindowHandle on session cbf007b0abb31f2ab12a0d547471de21 to remote] DEBUG org.asynchttpclient.netty.request.NettyRequestSender - Using pooled Channel '[id: 0xb059b223, L:/127.0.0.1:60031 - R:localhost/127.0.0.1:36095]' for 'GET' to 'http://localhost:36095/session/cbf007b0abb31f2ab12a0d547471de21/window'
00:50:35.606 [Forwarding getCurrentWindowHandle on session cbf007b0abb31f2ab12a0d547471de21 to remote] DEBUG org.asynchttpclient.netty.request.NettyRequestSender - Using open Channel [id: 0xb059b223, L:/127.0.0.1:60031 - R:localhost/127.0.0.1:36095] for GET '/session/cbf007b0abb31f2ab12a0d547471de21/window'
00:50:35.607 [AsyncHttpClient-1-13] DEBUG org.asynchttpclient.netty.handler.HttpHandler - 

Request DefaultFullHttpRequest(decodeResult: success, version: HTTP/1.1, content: EmptyByteBufBE)
GET /session/cbf007b0abb31f2ab12a0d547471de21/window HTTP/1.1
User-Agent: selenium/4.7.1 (java windows)
Cache-Control: no-cache
Content-Type: application/json; charset=utf-8
host: localhost:36095
accept: */*

Response DefaultHttpResponse(decodeResult: success, version: HTTP/1.1)
HTTP/1.1 200 OK
Content-Type: application/json; charset=utf-8
cache-control: no-cache
content-length: 44

00:50:35.607 [AsyncHttpClient-1-13] DEBUG org.asynchttpclient.netty.channel.ChannelManager - Adding key: http://localhost:36095 for channel [id: 0xb059b223, L:/127.0.0.1:60031 - R:localhost/127.0.0.1:36095]
00:50:35.609 [Forwarding getAlertText on session cbf007b0abb31f2ab12a0d547471de21 to remote] DEBUG org.asynchttpclient.netty.request.NettyRequestSender - Using pooled Channel '[id: 0xb059b223, L:/127.0.0.1:60031 - R:localhost/127.0.0.1:36095]' for 'GET' to 'http://localhost:36095/session/cbf007b0abb31f2ab12a0d547471de21/alert/text'
00:50:35.609 [Forwarding getAlertText on session cbf007b0abb31f2ab12a0d547471de21 to remote] DEBUG org.asynchttpclient.netty.request.NettyRequestSender - Using open Channel [id: 0xb059b223, L:/127.0.0.1:60031 - R:localhost/127.0.0.1:36095] for GET '/session/cbf007b0abb31f2ab12a0d547471de21/alert/text'
00:50:35.611 [AsyncHttpClient-1-13] DEBUG org.asynchttpclient.netty.handler.HttpHandler - 

Request DefaultFullHttpRequest(decodeResult: success, version: HTTP/1.1, content: EmptyByteBufBE)
GET /session/cbf007b0abb31f2ab12a0d547471de21/alert/text HTTP/1.1
User-Agent: selenium/4.7.1 (java windows)
Cache-Control: no-cache
Content-Type: application/json; charset=utf-8
host: localhost:36095
accept: */*

Response DefaultHttpResponse(decodeResult: success, version: HTTP/1.1)
HTTP/1.1 404 Not Found
Content-Type: application/json; charset=utf-8
cache-control: no-cache
content-length: 849

00:50:35.611 [AsyncHttpClient-1-13] DEBUG org.asynchttpclient.netty.channel.ChannelManager - Adding key: http://localhost:36095 for channel [id: 0xb059b223, L:/127.0.0.1:60031 - R:localhost/127.0.0.1:36095]
00:50:35.612 [Forwarding switchToWindow on session cbf007b0abb31f2ab12a0d547471de21 to remote] DEBUG org.asynchttpclient.netty.request.NettyRequestSender - Using pooled Channel '[id: 0xb059b223, L:/127.0.0.1:60031 - R:localhost/127.0.0.1:36095]' for 'POST' to 'http://localhost:36095/session/cbf007b0abb31f2ab12a0d547471de21/window'
00:50:35.612 [Forwarding switchToWindow on session cbf007b0abb31f2ab12a0d547471de21 to remote] DEBUG org.asynchttpclient.netty.request.NettyRequestSender - Using open Channel [id: 0xb059b223, L:/127.0.0.1:60031 - R:localhost/127.0.0.1:36095] for POST '/session/cbf007b0abb31f2ab12a0d547471de21/window'
00:50:35.614 [AsyncHttpClient-1-13] DEBUG org.asynchttpclient.netty.handler.HttpHandler - 

Request DefaultHttpRequest(decodeResult: success, version: HTTP/1.1)
POST /session/cbf007b0abb31f2ab12a0d547471de21/window HTTP/1.1
User-Agent: selenium/4.7.1 (java windows)
Content-Length: 50
Content-Type: application/json; charset=utf-8
host: localhost:36095
accept: */*

Response DefaultHttpResponse(decodeResult: success, version: HTTP/1.1)
HTTP/1.1 200 OK
Content-Type: application/json; charset=utf-8
cache-control: no-cache
content-length: 14

00:50:35.614 [AsyncHttpClient-1-13] DEBUG org.asynchttpclient.netty.channel.ChannelManager - Adding key: http://localhost:36095 for channel [id: 0xb059b223, L:/127.0.0.1:60031 - R:localhost/127.0.0.1:36095]
00:50:35.615 [Forwarding getCurrentUrl on session cbf007b0abb31f2ab12a0d547471de21 to remote] DEBUG org.asynchttpclient.netty.request.NettyRequestSender - Using pooled Channel '[id: 0xb059b223, L:/127.0.0.1:60031 - R:localhost/127.0.0.1:36095]' for 'GET' to 'http://localhost:36095/session/cbf007b0abb31f2ab12a0d547471de21/url'
00:50:35.615 [Forwarding getCurrentUrl on session cbf007b0abb31f2ab12a0d547471de21 to remote] DEBUG org.asynchttpclient.netty.request.NettyRequestSender - Using open Channel [id: 0xb059b223, L:/127.0.0.1:60031 - R:localhost/127.0.0.1:36095] for GET '/session/cbf007b0abb31f2ab12a0d547471de21/url'
00:50:35.618 [AsyncHttpClient-1-13] DEBUG org.asynchttpclient.netty.handler.HttpHandler - 

Request DefaultFullHttpRequest(decodeResult: success, version: HTTP/1.1, content: EmptyByteBufBE)
GET /session/cbf007b0abb31f2ab12a0d547471de21/url HTTP/1.1
User-Agent: selenium/4.7.1 (java windows)
Cache-Control: no-cache
Content-Type: application/json; charset=utf-8
host: localhost:36095
accept: */*

Response DefaultHttpResponse(decodeResult: success, version: HTTP/1.1)
HTTP/1.1 200 OK
Content-Type: application/json; charset=utf-8
cache-control: no-cache
content-length: 41

00:50:35.618 [AsyncHttpClient-1-13] DEBUG org.asynchttpclient.netty.channel.ChannelManager - Adding key: http://localhost:36095 for channel [id: 0xb059b223, L:/127.0.0.1:60031 - R:localhost/127.0.0.1:36095]
00:50:35.618 [Forwarding screenshot on session cbf007b0abb31f2ab12a0d547471de21 to remote] DEBUG org.asynchttpclient.netty.request.NettyRequestSender - Using pooled Channel '[id: 0xb059b223, L:/127.0.0.1:60031 - R:localhost/127.0.0.1:36095]' for 'GET' to 'http://localhost:36095/session/cbf007b0abb31f2ab12a0d547471de21/screenshot'
00:50:35.619 [Forwarding screenshot on session cbf007b0abb31f2ab12a0d547471de21 to remote] DEBUG org.asynchttpclient.netty.request.NettyRequestSender - Using open Channel [id: 0xb059b223, L:/127.0.0.1:60031 - R:localhost/127.0.0.1:36095] for GET '/session/cbf007b0abb31f2ab12a0d547471de21/screenshot'
00:50:36.329 [AsyncHttpClient-1-1] DEBUG org.asynchttpclient.netty.channel.DefaultChannelPool - Entry count for : http://localhost:60032 : 1
00:50:37.434 [AsyncHttpClient-1-1] DEBUG org.asynchttpclient.netty.channel.DefaultChannelPool - Entry count for : http://localhost:60032 : 1
00:50:38.531 [AsyncHttpClient-1-1] DEBUG org.asynchttpclient.netty.channel.DefaultChannelPool - Entry count for : http://localhost:60032 : 1
00:50:38.533 [AsyncHttpClient-1-13] DEBUG org.asynchttpclient.netty.handler.HttpHandler - 

Request DefaultFullHttpRequest(decodeResult: success, version: HTTP/1.1, content: EmptyByteBufBE)
GET /session/cbf007b0abb31f2ab12a0d547471de21/screenshot HTTP/1.1
User-Agent: selenium/4.7.1 (java windows)
Cache-Control: no-cache
Content-Type: application/json; charset=utf-8
host: localhost:36095
accept: */*

Response DefaultHttpResponse(decodeResult: success, version: HTTP/1.1)
HTTP/1.1 200 OK
Content-Type: application/json; charset=utf-8
cache-control: no-cache
content-length: 29784

00:50:38.534 [AsyncHttpClient-1-13] DEBUG org.asynchttpclient.netty.channel.ChannelManager - Adding key: http://localhost:36095 for channel [id: 0xb059b223, L:/127.0.0.1:60031 - R:localhost/127.0.0.1:36095]
00:50:38.535 [main] DEBUG net.serenitybdd.core.photography.Darkroom - Send negative for processing for target\site\serenity\f981436a2092940ae60205344fee7a200056b859433deaf5755dc9fb50c90c69.png
00:50:38.536 [main] DEBUG net.thucydides.core.steps.StepInterceptor - STEP DONE: diHomepageAltaShop
  &amp#27;[32mGiven &amp#27;[0m&amp#27;[32muser berada di Homepage AltaShop&amp#27;[0m                       &amp#27;[90m# starter.stepdefinitions.LoginRegisterSteps.userBeradaDiHomepageAlta()&amp#27;[0m
00:50:38.536 [Darkroom Processing Line] DEBUG net.serenitybdd.core.photography.DarkroomProcessingLine - Processing screenshot image in /var/screenshots/screenshot-2064714056277877847
00:50:38.536 [Darkroom Processing Line] DEBUG net.serenitybdd.core.photography.DarkroomProcessingLine - Saving screenshot to target\site\serenity\f981436a2092940ae60205344fee7a200056b859433deaf5755dc9fb50c90c69.png
00:50:38.550 [main] DEBUG net.thucydides.core.steps.StepInterceptor - STARTING STEP: LoginRegisterSteps.userKlikButtonLogin - klikButtonLogin
00:50:38.552 [Forwarding findElement on session cbf007b0abb31f2ab12a0d547471de21 to remote] DEBUG org.asynchttpclient.netty.request.NettyRequestSender - Using pooled Channel '[id: 0xb059b223, L:/127.0.0.1:60031 - R:localhost/127.0.0.1:36095]' for 'POST' to 'http://localhost:36095/session/cbf007b0abb31f2ab12a0d547471de21/element'
00:50:38.552 [Forwarding findElement on session cbf007b0abb31f2ab12a0d547471de21 to remote] DEBUG org.asynchttpclient.netty.request.NettyRequestSender - Using open Channel [id: 0xb059b223, L:/127.0.0.1:60031 - R:localhost/127.0.0.1:36095] for POST '/session/cbf007b0abb31f2ab12a0d547471de21/element'
00:50:38.573 [AsyncHttpClient-1-13] DEBUG org.asynchttpclient.netty.handler.HttpHandler - 

Request DefaultHttpRequest(decodeResult: success, version: HTTP/1.1)
POST /session/cbf007b0abb31f2ab12a0d547471de21/element HTTP/1.1
User-Agent: selenium/4.7.1 (java windows)
Content-Length: 108
Content-Type: application/json; charset=utf-8
host: localhost:36095
accept: */*

Response DefaultHttpResponse(decodeResult: success, version: HTTP/1.1)
HTTP/1.1 200 OK
Content-Type: application/json; charset=utf-8
cache-control: no-cache
content-length: 88

00:50:38.573 [AsyncHttpClient-1-13] DEBUG org.asynchttpclient.netty.channel.ChannelManager - Adding key: http://localhost:36095 for channel [id: 0xb059b223, L:/127.0.0.1:60031 - R:localhost/127.0.0.1:36095]
00:50:38.574 [Forwarding getElementTagName on session cbf007b0abb31f2ab12a0d547471de21 to remote] DEBUG org.asynchttpclient.netty.request.NettyRequestSender - Using pooled Channel '[id: 0xb059b223, L:/127.0.0.1:60031 - R:localhost/127.0.0.1:36095]' for 'GET' to 'http://localhost:36095/session/cbf007b0abb31f2ab12a0d547471de21/element/b1eac66c-269f-49de-93c7-9191cf7de3d4/name'
00:50:38.574 [Forwarding getElementTagName on session cbf007b0abb31f2ab12a0d547471de21 to remote] DEBUG org.asynchttpclient.netty.request.NettyRequestSender - Using open Channel [id: 0xb059b223, L:/127.0.0.1:60031 - R:localhost/127.0.0.1:36095] for GET '/session/cbf007b0abb31f2ab12a0d547471de21/element/b1eac66c-269f-49de-93c7-9191cf7de3d4/name'
00:50:38.579 [AsyncHttpClient-1-13] DEBUG org.asynchttpclient.netty.handler.HttpHandler - 

Request DefaultFullHttpRequest(decodeResult: success, version: HTTP/1.1, content: EmptyByteBufBE)
GET /session/cbf007b0abb31f2ab12a0d547471de21/element/b1eac66c-269f-49de-93c7-9191cf7de3d4/name HTTP/1.1
User-Agent: selenium/4.7.1 (java windows)
Cache-Control: no-cache
Content-Type: application/json; charset=utf-8
host: localhost:36095
accept: */*

Response DefaultHttpResponse(decodeResult: success, version: HTTP/1.1)
HTTP/1.1 200 OK
Content-Type: application/json; charset=utf-8
cache-control: no-cache
content-length: 18

00:50:38.579 [AsyncHttpClient-1-13] DEBUG org.asynchttpclient.netty.channel.ChannelManager - Adding key: http://localhost:36095 for channel [id: 0xb059b223, L:/127.0.0.1:60031 - R:localhost/127.0.0.1:36095]
00:50:38.580 [Forwarding getElementTagName on session cbf007b0abb31f2ab12a0d547471de21 to remote] DEBUG org.asynchttpclient.netty.request.NettyRequestSender - Using pooled Channel '[id: 0xb059b223, L:/127.0.0.1:60031 - R:localhost/127.0.0.1:36095]' for 'GET' to 'http://localhost:36095/session/cbf007b0abb31f2ab12a0d547471de21/element/b1eac66c-269f-49de-93c7-9191cf7de3d4/name'
00:50:38.581 [Forwarding getElementTagName on session cbf007b0abb31f2ab12a0d547471de21 to remote] DEBUG org.asynchttpclient.netty.request.NettyRequestSender - Using open Channel [id: 0xb059b223, L:/127.0.0.1:60031 - R:localhost/127.0.0.1:36095] for GET '/session/cbf007b0abb31f2ab12a0d547471de21/element/b1eac66c-269f-49de-93c7-9191cf7de3d4/name'
00:50:38.584 [AsyncHttpClient-1-13] DEBUG org.asynchttpclient.netty.handler.HttpHandler - 

Request DefaultFullHttpRequest(decodeResult: success, version: HTTP/1.1, content: EmptyByteBufBE)
GET /session/cbf007b0abb31f2ab12a0d547471de21/element/b1eac66c-269f-49de-93c7-9191cf7de3d4/name HTTP/1.1
User-Agent: selenium/4.7.1 (java windows)
Cache-Control: no-cache
Content-Type: application/json; charset=utf-8
host: localhost:36095
accept: */*

Response DefaultHttpResponse(decodeResult: success, version: HTTP/1.1)
HTTP/1.1 200 OK
Content-Type: application/json; charset=utf-8
cache-control: no-cache
content-length: 18

00:50:38.584 [AsyncHttpClient-1-13] DEBUG org.asynchttpclient.netty.channel.ChannelManager - Adding key: http://localhost:36095 for channel [id: 0xb059b223, L:/127.0.0.1:60031 - R:localhost/127.0.0.1:36095]
00:50:38.586 [Forwarding isElementEnabled on session cbf007b0abb31f2ab12a0d547471de21 to remote] DEBUG org.asynchttpclient.netty.request.NettyRequestSender - Using pooled Channel '[id: 0xb059b223, L:/127.0.0.1:60031 - R:localhost/127.0.0.1:36095]' for 'GET' to 'http://localhost:36095/session/cbf007b0abb31f2ab12a0d547471de21/element/b1eac66c-269f-49de-93c7-9191cf7de3d4/enabled'
00:50:38.586 [Forwarding isElementEnabled on session cbf007b0abb31f2ab12a0d547471de21 to remote] DEBUG org.asynchttpclient.netty.request.NettyRequestSender - Using open Channel [id: 0xb059b223, L:/127.0.0.1:60031 - R:localhost/127.0.0.1:36095] for GET '/session/cbf007b0abb31f2ab12a0d547471de21/element/b1eac66c-269f-49de-93c7-9191cf7de3d4/enabled'
00:50:38.595 [AsyncHttpClient-1-13] DEBUG org.asynchttpclient.netty.handler.HttpHandler - 

Request DefaultFullHttpRequest(decodeResult: success, version: HTTP/1.1, content: EmptyByteBufBE)
GET /session/cbf007b0abb31f2ab12a0d547471de21/element/b1eac66c-269f-49de-93c7-9191cf7de3d4/enabled HTTP/1.1
User-Agent: selenium/4.7.1 (java windows)
Cache-Control: no-cache
Content-Type: application/json; charset=utf-8
host: localhost:36095
accept: */*

Response DefaultHttpResponse(decodeResult: success, version: HTTP/1.1)
HTTP/1.1 200 OK
Content-Type: application/json; charset=utf-8
cache-control: no-cache
content-length: 14

00:50:38.595 [AsyncHttpClient-1-13] DEBUG org.asynchttpclient.netty.channel.ChannelManager - Adding key: http://localhost:36095 for channel [id: 0xb059b223, L:/127.0.0.1:60031 - R:localhost/127.0.0.1:36095]
00:50:38.597 [Forwarding isElementEnabled on session cbf007b0abb31f2ab12a0d547471de21 to remote] DEBUG org.asynchttpclient.netty.request.NettyRequestSender - Using pooled Channel '[id: 0xb059b223, L:/127.0.0.1:60031 - R:localhost/127.0.0.1:36095]' for 'GET' to 'http://localhost:36095/session/cbf007b0abb31f2ab12a0d547471de21/element/b1eac66c-269f-49de-93c7-9191cf7de3d4/enabled'
00:50:38.598 [Forwarding isElementEnabled on session cbf007b0abb31f2ab12a0d547471de21 to remote] DEBUG org.asynchttpclient.netty.request.NettyRequestSender - Using open Channel [id: 0xb059b223, L:/127.0.0.1:60031 - R:localhost/127.0.0.1:36095] for GET '/session/cbf007b0abb31f2ab12a0d547471de21/element/b1eac66c-269f-49de-93c7-9191cf7de3d4/enabled'
00:50:38.605 [AsyncHttpClient-1-13] DEBUG org.asynchttpclient.netty.handler.HttpHandler - 

Request DefaultFullHttpRequest(decodeResult: success, version: HTTP/1.1, content: EmptyByteBufBE)
GET /session/cbf007b0abb31f2ab12a0d547471de21/element/b1eac66c-269f-49de-93c7-9191cf7de3d4/enabled HTTP/1.1
User-Agent: selenium/4.7.1 (java windows)
Cache-Control: no-cache
Content-Type: application/json; charset=utf-8
host: localhost:36095
accept: */*

Response DefaultHttpResponse(decodeResult: success, version: HTTP/1.1)
HTTP/1.1 200 OK
Content-Type: application/json; charset=utf-8
cache-control: no-cache
content-length: 14

00:50:38.605 [AsyncHttpClient-1-13] DEBUG org.asynchttpclient.netty.channel.ChannelManager - Adding key: http://localhost:36095 for channel [id: 0xb059b223, L:/127.0.0.1:60031 - R:localhost/127.0.0.1:36095]
00:50:38.608 [Forwarding findElement on session cbf007b0abb31f2ab12a0d547471de21 to remote] DEBUG org.asynchttpclient.netty.request.NettyRequestSender - Using pooled Channel '[id: 0xb059b223, L:/127.0.0.1:60031 - R:localhost/127.0.0.1:36095]' for 'POST' to 'http://localhost:36095/session/cbf007b0abb31f2ab12a0d547471de21/element'
00:50:38.608 [Forwarding findElement on session cbf007b0abb31f2ab12a0d547471de21 to remote] DEBUG org.asynchttpclient.netty.request.NettyRequestSender - Using open Channel [id: 0xb059b223, L:/127.0.0.1:60031 - R:localhost/127.0.0.1:36095] for POST '/session/cbf007b0abb31f2ab12a0d547471de21/element'
00:50:38.628 [AsyncHttpClient-1-13] DEBUG org.asynchttpclient.netty.handler.HttpHandler - 

Request DefaultHttpRequest(decodeResult: success, version: HTTP/1.1)
POST /session/cbf007b0abb31f2ab12a0d547471de21/element HTTP/1.1
User-Agent: selenium/4.7.1 (java windows)
Content-Length: 108
Content-Type: application/json; charset=utf-8
host: localhost:36095
accept: */*

Response DefaultHttpResponse(decodeResult: success, version: HTTP/1.1)
HTTP/1.1 200 OK
Content-Type: application/json; charset=utf-8
cache-control: no-cache
content-length: 88

00:50:38.629 [AsyncHttpClient-1-13] DEBUG org.asynchttpclient.netty.channel.ChannelManager - Adding key: http://localhost:36095 for channel [id: 0xb059b223, L:/127.0.0.1:60031 - R:localhost/127.0.0.1:36095]
00:50:38.630 [Forwarding clickElement on session cbf007b0abb31f2ab12a0d547471de21 to remote] DEBUG org.asynchttpclient.netty.request.NettyRequestSender - Using pooled Channel '[id: 0xb059b223, L:/127.0.0.1:60031 - R:localhost/127.0.0.1:36095]' for 'POST' to 'http://localhost:36095/session/cbf007b0abb31f2ab12a0d547471de21/element/b1eac66c-269f-49de-93c7-9191cf7de3d4/click'
00:50:38.630 [Forwarding clickElement on session cbf007b0abb31f2ab12a0d547471de21 to remote] DEBUG org.asynchttpclient.netty.request.NettyRequestSender - Using open Channel [id: 0xb059b223, L:/127.0.0.1:60031 - R:localhost/127.0.0.1:36095] for POST '/session/cbf007b0abb31f2ab12a0d547471de21/element/b1eac66c-269f-49de-93c7-9191cf7de3d4/click'
00:50:38.702 [AsyncHttpClient-1-13] DEBUG org.asynchttpclient.netty.handler.HttpHandler - 

Request DefaultHttpRequest(decodeResult: success, version: HTTP/1.1)
POST /session/cbf007b0abb31f2ab12a0d547471de21/element/b1eac66c-269f-49de-93c7-9191cf7de3d4/click HTTP/1.1
User-Agent: selenium/4.7.1 (java windows)
Content-Length: 50
Content-Type: application/json; charset=utf-8
host: localhost:36095
accept: */*

Response DefaultHttpResponse(decodeResult: success, version: HTTP/1.1)
HTTP/1.1 200 OK
Content-Type: application/json; charset=utf-8
cache-control: no-cache
content-length: 14

00:50:38.702 [AsyncHttpClient-1-13] DEBUG org.asynchttpclient.netty.channel.ChannelManager - Adding key: http://localhost:36095 for channel [id: 0xb059b223, L:/127.0.0.1:60031 - R:localhost/127.0.0.1:36095]
00:50:38.712 [Forwarding getCurrentWindowHandle on session cbf007b0abb31f2ab12a0d547471de21 to remote] DEBUG org.asynchttpclient.netty.request.NettyRequestSender - Using pooled Channel '[id: 0xb059b223, L:/127.0.0.1:60031 - R:localhost/127.0.0.1:36095]' for 'GET' to 'http://localhost:36095/session/cbf007b0abb31f2ab12a0d547471de21/window'
00:50:38.712 [Forwarding getCurrentWindowHandle on session cbf007b0abb31f2ab12a0d547471de21 to remote] DEBUG org.asynchttpclient.netty.request.NettyRequestSender - Using open Channel [id: 0xb059b223, L:/127.0.0.1:60031 - R:localhost/127.0.0.1:36095] for GET '/session/cbf007b0abb31f2ab12a0d547471de21/window'
00:50:38.713 [AsyncHttpClient-1-13] DEBUG org.asynchttpclient.netty.handler.HttpHandler - 

Request DefaultFullHttpRequest(decodeResult: success, version: HTTP/1.1, content: EmptyByteBufBE)
GET /session/cbf007b0abb31f2ab12a0d547471de21/window HTTP/1.1
User-Agent: selenium/4.7.1 (java windows)
Cache-Control: no-cache
Content-Type: application/json; charset=utf-8
host: localhost:36095
accept: */*

Response DefaultHttpResponse(decodeResult: success, version: HTTP/1.1)
HTTP/1.1 200 OK
Content-Type: application/json; charset=utf-8
cache-control: no-cache
content-length: 44

00:50:38.714 [AsyncHttpClient-1-13] DEBUG org.asynchttpclient.netty.channel.ChannelManager - Adding key: http://localhost:36095 for channel [id: 0xb059b223, L:/127.0.0.1:60031 - R:localhost/127.0.0.1:36095]
00:50:38.715 [Forwarding getAlertText on session cbf007b0abb31f2ab12a0d547471de21 to remote] DEBUG org.asynchttpclient.netty.request.NettyRequestSender - Using pooled Channel '[id: 0xb059b223, L:/127.0.0.1:60031 - R:localhost/127.0.0.1:36095]' for 'GET' to 'http://localhost:36095/session/cbf007b0abb31f2ab12a0d547471de21/alert/text'
00:50:38.715 [Forwarding getAlertText on session cbf007b0abb31f2ab12a0d547471de21 to remote] DEBUG org.asynchttpclient.netty.request.NettyRequestSender - Using open Channel [id: 0xb059b223, L:/127.0.0.1:60031 - R:localhost/127.0.0.1:36095] for GET '/session/cbf007b0abb31f2ab12a0d547471de21/alert/text'
00:50:38.990 [AsyncHttpClient-1-13] DEBUG org.asynchttpclient.netty.handler.HttpHandler - 

Request DefaultFullHttpRequest(decodeResult: success, version: HTTP/1.1, content: EmptyByteBufBE)
GET /session/cbf007b0abb31f2ab12a0d547471de21/alert/text HTTP/1.1
User-Agent: selenium/4.7.1 (java windows)
Cache-Control: no-cache
Content-Type: application/json; charset=utf-8
host: localhost:36095
accept: */*

Response DefaultHttpResponse(decodeResult: success, version: HTTP/1.1)
HTTP/1.1 404 Not Found
Content-Type: application/json; charset=utf-8
cache-control: no-cache
content-length: 849

00:50:38.991 [AsyncHttpClient-1-13] DEBUG org.asynchttpclient.netty.channel.ChannelManager - Adding key: http://localhost:36095 for channel [id: 0xb059b223, L:/127.0.0.1:60031 - R:localhost/127.0.0.1:36095]
00:50:38.992 [Forwarding switchToWindow on session cbf007b0abb31f2ab12a0d547471de21 to remote] DEBUG org.asynchttpclient.netty.request.NettyRequestSender - Using pooled Channel '[id: 0xb059b223, L:/127.0.0.1:60031 - R:localhost/127.0.0.1:36095]' for 'POST' to 'http://localhost:36095/session/cbf007b0abb31f2ab12a0d547471de21/window'
00:50:38.993 [Forwarding switchToWindow on session cbf007b0abb31f2ab12a0d547471de21 to remote] DEBUG org.asynchttpclient.netty.request.NettyRequestSender - Using open Channel [id: 0xb059b223, L:/127.0.0.1:60031 - R:localhost/127.0.0.1:36095] for POST '/session/cbf007b0abb31f2ab12a0d547471de21/window'
00:50:38.994 [AsyncHttpClient-1-13] DEBUG org.asynchttpclient.netty.handler.HttpHandler - 

Request DefaultHttpRequest(decodeResult: success, version: HTTP/1.1)
POST /session/cbf007b0abb31f2ab12a0d547471de21/window HTTP/1.1
User-Agent: selenium/4.7.1 (java windows)
Content-Length: 50
Content-Type: application/json; charset=utf-8
host: localhost:36095
accept: */*

Response DefaultHttpResponse(decodeResult: success, version: HTTP/1.1)
HTTP/1.1 200 OK
Content-Type: application/json; charset=utf-8
cache-control: no-cache
content-length: 14

00:50:38.995 [AsyncHttpClient-1-13] DEBUG org.asynchttpclient.netty.channel.ChannelManager - Adding key: http://localhost:36095 for channel [id: 0xb059b223, L:/127.0.0.1:60031 - R:localhost/127.0.0.1:36095]
00:50:38.995 [Forwarding getCurrentUrl on session cbf007b0abb31f2ab12a0d547471de21 to remote] DEBUG org.asynchttpclient.netty.request.NettyRequestSender - Using pooled Channel '[id: 0xb059b223, L:/127.0.0.1:60031 - R:localhost/127.0.0.1:36095]' for 'GET' to 'http://localhost:36095/session/cbf007b0abb31f2ab12a0d547471de21/url'
00:50:38.995 [Forwarding getCurrentUrl on session cbf007b0abb31f2ab12a0d547471de21 to remote] DEBUG org.asynchttpclient.netty.request.NettyRequestSender - Using open Channel [id: 0xb059b223, L:/127.0.0.1:60031 - R:localhost/127.0.0.1:36095] for GET '/session/cbf007b0abb31f2ab12a0d547471de21/url'
00:50:39.001 [AsyncHttpClient-1-13] DEBUG org.asynchttpclient.netty.handler.HttpHandler - 

Request DefaultFullHttpRequest(decodeResult: success, version: HTTP/1.1, content: EmptyByteBufBE)
GET /session/cbf007b0abb31f2ab12a0d547471de21/url HTTP/1.1
User-Agent: selenium/4.7.1 (java windows)
Cache-Control: no-cache
Content-Type: application/json; charset=utf-8
host: localhost:36095
accept: */*

Response DefaultHttpResponse(decodeResult: success, version: HTTP/1.1)
HTTP/1.1 200 OK
Content-Type: application/json; charset=utf-8
cache-control: no-cache
content-length: 51

00:50:39.001 [AsyncHttpClient-1-13] DEBUG org.asynchttpclient.netty.channel.ChannelManager - Adding key: http://localhost:36095 for channel [id: 0xb059b223, L:/127.0.0.1:60031 - R:localhost/127.0.0.1:36095]
00:50:39.002 [Forwarding screenshot on session cbf007b0abb31f2ab12a0d547471de21 to remote] DEBUG org.asynchttpclient.netty.request.NettyRequestSender - Using pooled Channel '[id: 0xb059b223, L:/127.0.0.1:60031 - R:localhost/127.0.0.1:36095]' for 'GET' to 'http://localhost:36095/session/cbf007b0abb31f2ab12a0d547471de21/screenshot'
00:50:39.002 [Forwarding screenshot on session cbf007b0abb31f2ab12a0d547471de21 to remote] DEBUG org.asynchttpclient.netty.request.NettyRequestSender - Using open Channel [id: 0xb059b223, L:/127.0.0.1:60031 - R:localhost/127.0.0.1:36095] for GET '/session/cbf007b0abb31f2ab12a0d547471de21/screenshot'
00:50:39.095 [AsyncHttpClient-1-13] DEBUG org.asynchttpclient.netty.handler.HttpHandler - 

Request DefaultFullHttpRequest(decodeResult: success, version: HTTP/1.1, content: EmptyByteBufBE)
GET /session/cbf007b0abb31f2ab12a0d547471de21/screenshot HTTP/1.1
User-Agent: selenium/4.7.1 (java windows)
Cache-Control: no-cache
Content-Type: application/json; charset=utf-8
host: localhost:36095
accept: */*

Response DefaultHttpResponse(decodeResult: success, version: HTTP/1.1)
HTTP/1.1 200 OK
Content-Type: application/json; charset=utf-8
cache-control: no-cache
content-length: 26172

00:50:39.095 [AsyncHttpClient-1-13] DEBUG org.asynchttpclient.netty.channel.ChannelManager - Adding key: http://localhost:36095 for channel [id: 0xb059b223, L:/127.0.0.1:60031 - R:localhost/127.0.0.1:36095]
00:50:39.097 [main] DEBUG net.serenitybdd.core.photography.Darkroom - Send negative for processing for target\site\serenity\f035198f28bcaf95684f4b1a3b9e5d031fc0873bb044f55c4913aef571773aa0.png
00:50:39.097 [main] DEBUG net.thucydides.core.steps.StepInterceptor - STEP DONE: klikButtonLogin
  &amp#27;[32mWhen &amp#27;[0m&amp#27;[32muser klik button login&amp#27;[0m                                  &amp#27;[90m# starter.stepdefinitions.LoginRegisterSteps.userKlikButtonLogin()&amp#27;[0m
00:50:39.115 [main] DEBUG net.thucydides.core.steps.StepInterceptor - STARTING STEP: RegisterSteps.userKlikRegister - klikLinkRegister
00:50:39.117 [Forwarding findElement on session cbf007b0abb31f2ab12a0d547471de21 to remote] DEBUG org.asynchttpclient.netty.request.NettyRequestSender - Using pooled Channel '[id: 0xb059b223, L:/127.0.0.1:60031 - R:localhost/127.0.0.1:36095]' for 'POST' to 'http://localhost:36095/session/cbf007b0abb31f2ab12a0d547471de21/element'
00:50:39.118 [Forwarding findElement on session cbf007b0abb31f2ab12a0d547471de21 to remote] DEBUG org.asynchttpclient.netty.request.NettyRequestSender - Using open Channel [id: 0xb059b223, L:/127.0.0.1:60031 - R:localhost/127.0.0.1:36095] for POST '/session/cbf007b0abb31f2ab12a0d547471de21/element'
00:50:39.130 [AsyncHttpClient-1-13] DEBUG org.asynchttpclient.netty.handler.HttpHandler - 

Request DefaultHttpRequest(decodeResult: success, version: HTTP/1.1)
POST /session/cbf007b0abb31f2ab12a0d547471de21/element HTTP/1.1
User-Agent: selenium/4.7.1 (java windows)
Content-Length: 84
Content-Type: application/json; charset=utf-8
host: localhost:36095
accept: */*

Response DefaultHttpResponse(decodeResult: success, version: HTTP/1.1)
HTTP/1.1 200 OK
Content-Type: application/json; charset=utf-8
cache-control: no-cache
content-length: 88

00:50:39.131 [AsyncHttpClient-1-13] DEBUG org.asynchttpclient.netty.channel.ChannelManager - Adding key: http://localhost:36095 for channel [id: 0xb059b223, L:/127.0.0.1:60031 - R:localhost/127.0.0.1:36095]
00:50:39.132 [Forwarding getElementTagName on session cbf007b0abb31f2ab12a0d547471de21 to remote] DEBUG org.asynchttpclient.netty.request.NettyRequestSender - Using pooled Channel '[id: 0xb059b223, L:/127.0.0.1:60031 - R:localhost/127.0.0.1:36095]' for 'GET' to 'http://localhost:36095/session/cbf007b0abb31f2ab12a0d547471de21/element/004be268-29ba-4c5a-b7a7-cbde38cf854f/name'
00:50:39.132 [Forwarding getElementTagName on session cbf007b0abb31f2ab12a0d547471de21 to remote] DEBUG org.asynchttpclient.netty.request.NettyRequestSender - Using open Channel [id: 0xb059b223, L:/127.0.0.1:60031 - R:localhost/127.0.0.1:36095] for GET '/session/cbf007b0abb31f2ab12a0d547471de21/element/004be268-29ba-4c5a-b7a7-cbde38cf854f/name'
00:50:39.136 [AsyncHttpClient-1-13] DEBUG org.asynchttpclient.netty.handler.HttpHandler - 

Request DefaultFullHttpRequest(decodeResult: success, version: HTTP/1.1, content: EmptyByteBufBE)
GET /session/cbf007b0abb31f2ab12a0d547471de21/element/004be268-29ba-4c5a-b7a7-cbde38cf854f/name HTTP/1.1
User-Agent: selenium/4.7.1 (java windows)
Cache-Control: no-cache
Content-Type: application/json; charset=utf-8
host: localhost:36095
accept: */*

Response DefaultHttpResponse(decodeResult: success, version: HTTP/1.1)
HTTP/1.1 200 OK
Content-Type: application/json; charset=utf-8
cache-control: no-cache
content-length: 13

00:50:39.136 [AsyncHttpClient-1-13] DEBUG org.asynchttpclient.netty.channel.ChannelManager - Adding key: http://localhost:36095 for channel [id: 0xb059b223, L:/127.0.0.1:60031 - R:localhost/127.0.0.1:36095]
00:50:39.138 [Forwarding getElementTagName on session cbf007b0abb31f2ab12a0d547471de21 to remote] DEBUG org.asynchttpclient.netty.request.NettyRequestSender - Using pooled Channel '[id: 0xb059b223, L:/127.0.0.1:60031 - R:localhost/127.0.0.1:36095]' for 'GET' to 'http://localhost:36095/session/cbf007b0abb31f2ab12a0d547471de21/element/004be268-29ba-4c5a-b7a7-cbde38cf854f/name'
00:50:39.138 [Forwarding getElementTagName on session cbf007b0abb31f2ab12a0d547471de21 to remote] DEBUG org.asynchttpclient.netty.request.NettyRequestSender - Using open Channel [id: 0xb059b223, L:/127.0.0.1:60031 - R:localhost/127.0.0.1:36095] for GET '/session/cbf007b0abb31f2ab12a0d547471de21/element/004be268-29ba-4c5a-b7a7-cbde38cf854f/name'
00:50:39.142 [AsyncHttpClient-1-13] DEBUG org.asynchttpclient.netty.handler.HttpHandler - 

Request DefaultFullHttpRequest(decodeResult: success, version: HTTP/1.1, content: EmptyByteBufBE)
GET /session/cbf007b0abb31f2ab12a0d547471de21/element/004be268-29ba-4c5a-b7a7-cbde38cf854f/name HTTP/1.1
User-Agent: selenium/4.7.1 (java windows)
Cache-Control: no-cache
Content-Type: application/json; charset=utf-8
host: localhost:36095
accept: */*

Response DefaultHttpResponse(decodeResult: success, version: HTTP/1.1)
HTTP/1.1 200 OK
Content-Type: application/json; charset=utf-8
cache-control: no-cache
content-length: 13

00:50:39.143 [AsyncHttpClient-1-13] DEBUG org.asynchttpclient.netty.channel.ChannelManager - Adding key: http://localhost:36095 for channel [id: 0xb059b223, L:/127.0.0.1:60031 - R:localhost/127.0.0.1:36095]
00:50:39.144 [Forwarding findElement on session cbf007b0abb31f2ab12a0d547471de21 to remote] DEBUG org.asynchttpclient.netty.request.NettyRequestSender - Using pooled Channel '[id: 0xb059b223, L:/127.0.0.1:60031 - R:localhost/127.0.0.1:36095]' for 'POST' to 'http://localhost:36095/session/cbf007b0abb31f2ab12a0d547471de21/element'
00:50:39.145 [Forwarding findElement on session cbf007b0abb31f2ab12a0d547471de21 to remote] DEBUG org.asynchttpclient.netty.request.NettyRequestSender - Using open Channel [id: 0xb059b223, L:/127.0.0.1:60031 - R:localhost/127.0.0.1:36095] for POST '/session/cbf007b0abb31f2ab12a0d547471de21/element'
00:50:39.152 [AsyncHttpClient-1-13] DEBUG org.asynchttpclient.netty.handler.HttpHandler - 

Request DefaultHttpRequest(decodeResult: success, version: HTTP/1.1)
POST /session/cbf007b0abb31f2ab12a0d547471de21/element HTTP/1.1
User-Agent: selenium/4.7.1 (java windows)
Content-Length: 84
Content-Type: application/json; charset=utf-8
host: localhost:36095
accept: */*

Response DefaultHttpResponse(decodeResult: success, version: HTTP/1.1)
HTTP/1.1 200 OK
Content-Type: application/json; charset=utf-8
cache-control: no-cache
content-length: 88

00:50:39.152 [AsyncHttpClient-1-13] DEBUG org.asynchttpclient.netty.channel.ChannelManager - Adding key: http://localhost:36095 for channel [id: 0xb059b223, L:/127.0.0.1:60031 - R:localhost/127.0.0.1:36095]
00:50:39.153 [Forwarding clickElement on session cbf007b0abb31f2ab12a0d547471de21 to remote] DEBUG org.asynchttpclient.netty.request.NettyRequestSender - Using pooled Channel '[id: 0xb059b223, L:/127.0.0.1:60031 - R:localhost/127.0.0.1:36095]' for 'POST' to 'http://localhost:36095/session/cbf007b0abb31f2ab12a0d547471de21/element/004be268-29ba-4c5a-b7a7-cbde38cf854f/click'
00:50:39.153 [Forwarding clickElement on session cbf007b0abb31f2ab12a0d547471de21 to remote] DEBUG org.asynchttpclient.netty.request.NettyRequestSender - Using open Channel [id: 0xb059b223, L:/127.0.0.1:60031 - R:localhost/127.0.0.1:36095] for POST '/session/cbf007b0abb31f2ab12a0d547471de21/element/004be268-29ba-4c5a-b7a7-cbde38cf854f/click'
00:50:39.192 [AsyncHttpClient-1-13] DEBUG org.asynchttpclient.netty.handler.HttpHandler - 

Request DefaultHttpRequest(decodeResult: success, version: HTTP/1.1)
POST /session/cbf007b0abb31f2ab12a0d547471de21/element/004be268-29ba-4c5a-b7a7-cbde38cf854f/click HTTP/1.1
User-Agent: selenium/4.7.1 (java windows)
Content-Length: 50
Content-Type: application/json; charset=utf-8
host: localhost:36095
accept: */*

Response DefaultHttpResponse(decodeResult: success, version: HTTP/1.1)
HTTP/1.1 200 OK
Content-Type: application/json; charset=utf-8
cache-control: no-cache
content-length: 14

00:50:39.192 [AsyncHttpClient-1-13] DEBUG org.asynchttpclient.netty.channel.ChannelManager - Adding key: http://localhost:36095 for channel [id: 0xb059b223, L:/127.0.0.1:60031 - R:localhost/127.0.0.1:36095]
00:50:39.199 [Forwarding getCurrentWindowHandle on session cbf007b0abb31f2ab12a0d547471de21 to remote] DEBUG org.asynchttpclient.netty.request.NettyRequestSender - Using pooled Channel '[id: 0xb059b223, L:/127.0.0.1:60031 - R:localhost/127.0.0.1:36095]' for 'GET' to 'http://localhost:36095/session/cbf007b0abb31f2ab12a0d547471de21/window'
00:50:39.199 [Forwarding getCurrentWindowHandle on session cbf007b0abb31f2ab12a0d547471de21 to remote] DEBUG org.asynchttpclient.netty.request.NettyRequestSender - Using open Channel [id: 0xb059b223, L:/127.0.0.1:60031 - R:localhost/127.0.0.1:36095] for GET '/session/cbf007b0abb31f2ab12a0d547471de21/window'
00:50:39.200 [AsyncHttpClient-1-13] DEBUG org.asynchttpclient.netty.handler.HttpHandler - 

Request DefaultFullHttpRequest(decodeResult: success, version: HTTP/1.1, content: EmptyByteBufBE)
GET /session/cbf007b0abb31f2ab12a0d547471de21/window HTTP/1.1
User-Agent: selenium/4.7.1 (java windows)
Cache-Control: no-cache
Content-Type: application/json; charset=utf-8
host: localhost:36095
accept: */*

Response DefaultHttpResponse(decodeResult: success, version: HTTP/1.1)
HTTP/1.1 200 OK
Content-Type: application/json; charset=utf-8
cache-control: no-cache
content-length: 44

00:50:39.200 [AsyncHttpClient-1-13] DEBUG org.asynchttpclient.netty.channel.ChannelManager - Adding key: http://localhost:36095 for channel [id: 0xb059b223, L:/127.0.0.1:60031 - R:localhost/127.0.0.1:36095]
00:50:39.201 [Forwarding getAlertText on session cbf007b0abb31f2ab12a0d547471de21 to remote] DEBUG org.asynchttpclient.netty.request.NettyRequestSender - Using pooled Channel '[id: 0xb059b223, L:/127.0.0.1:60031 - R:localhost/127.0.0.1:36095]' for 'GET' to 'http://localhost:36095/session/cbf007b0abb31f2ab12a0d547471de21/alert/text'
00:50:39.201 [Forwarding getAlertText on session cbf007b0abb31f2ab12a0d547471de21 to remote] DEBUG org.asynchttpclient.netty.request.NettyRequestSender - Using open Channel [id: 0xb059b223, L:/127.0.0.1:60031 - R:localhost/127.0.0.1:36095] for GET '/session/cbf007b0abb31f2ab12a0d547471de21/alert/text'
00:50:39.209 [AsyncHttpClient-1-13] DEBUG org.asynchttpclient.netty.handler.HttpHandler - 

Request DefaultFullHttpRequest(decodeResult: success, version: HTTP/1.1, content: EmptyByteBufBE)
GET /session/cbf007b0abb31f2ab12a0d547471de21/alert/text HTTP/1.1
User-Agent: selenium/4.7.1 (java windows)
Cache-Control: no-cache
Content-Type: application/json; charset=utf-8
host: localhost:36095
accept: */*

Response DefaultHttpResponse(decodeResult: success, version: HTTP/1.1)
HTTP/1.1 404 Not Found
Content-Type: application/json; charset=utf-8
cache-control: no-cache
content-length: 849

00:50:39.209 [AsyncHttpClient-1-13] DEBUG org.asynchttpclient.netty.channel.ChannelManager - Adding key: http://localhost:36095 for channel [id: 0xb059b223, L:/127.0.0.1:60031 - R:localhost/127.0.0.1:36095]
00:50:39.211 [Forwarding switchToWindow on session cbf007b0abb31f2ab12a0d547471de21 to remote] DEBUG org.asynchttpclient.netty.request.NettyRequestSender - Using pooled Channel '[id: 0xb059b223, L:/127.0.0.1:60031 - R:localhost/127.0.0.1:36095]' for 'POST' to 'http://localhost:36095/session/cbf007b0abb31f2ab12a0d547471de21/window'
00:50:39.211 [Forwarding switchToWindow on session cbf007b0abb31f2ab12a0d547471de21 to remote] DEBUG org.asynchttpclient.netty.request.NettyRequestSender - Using open Channel [id: 0xb059b223, L:/127.0.0.1:60031 - R:localhost/127.0.0.1:36095] for POST '/session/cbf007b0abb31f2ab12a0d547471de21/window'
00:50:39.212 [AsyncHttpClient-1-13] DEBUG org.asynchttpclient.netty.handler.HttpHandler - 

Request DefaultHttpRequest(decodeResult: success, version: HTTP/1.1)
POST /session/cbf007b0abb31f2ab12a0d547471de21/window HTTP/1.1
User-Agent: selenium/4.7.1 (java windows)
Content-Length: 50
Content-Type: application/json; charset=utf-8
host: localhost:36095
accept: */*

Response DefaultHttpResponse(decodeResult: success, version: HTTP/1.1)
HTTP/1.1 200 OK
Content-Type: application/json; charset=utf-8
cache-control: no-cache
content-length: 14

00:50:39.212 [AsyncHttpClient-1-13] DEBUG org.asynchttpclient.netty.channel.ChannelManager - Adding key: http://localhost:36095 for channel [id: 0xb059b223, L:/127.0.0.1:60031 - R:localhost/127.0.0.1:36095]
00:50:39.213 [Forwarding getCurrentUrl on session cbf007b0abb31f2ab12a0d547471de21 to remote] DEBUG org.asynchttpclient.netty.request.NettyRequestSender - Using pooled Channel '[id: 0xb059b223, L:/127.0.0.1:60031 - R:localhost/127.0.0.1:36095]' for 'GET' to 'http://localhost:36095/session/cbf007b0abb31f2ab12a0d547471de21/url'
00:50:39.213 [Forwarding getCurrentUrl on session cbf007b0abb31f2ab12a0d547471de21 to remote] DEBUG org.asynchttpclient.netty.request.NettyRequestSender - Using open Channel [id: 0xb059b223, L:/127.0.0.1:60031 - R:localhost/127.0.0.1:36095] for GET '/session/cbf007b0abb31f2ab12a0d547471de21/url'
00:50:39.222 [AsyncHttpClient-1-13] DEBUG org.asynchttpclient.netty.handler.HttpHandler - 

Request DefaultFullHttpRequest(decodeResult: success, version: HTTP/1.1, content: EmptyByteBufBE)
GET /session/cbf007b0abb31f2ab12a0d547471de21/url HTTP/1.1
User-Agent: selenium/4.7.1 (java windows)
Cache-Control: no-cache
Content-Type: application/json; charset=utf-8
host: localhost:36095
accept: */*

Response DefaultHttpResponse(decodeResult: success, version: HTTP/1.1)
HTTP/1.1 200 OK
Content-Type: application/json; charset=utf-8
cache-control: no-cache
content-length: 54

00:50:39.223 [AsyncHttpClient-1-13] DEBUG org.asynchttpclient.netty.channel.ChannelManager - Adding key: http://localhost:36095 for channel [id: 0xb059b223, L:/127.0.0.1:60031 - R:localhost/127.0.0.1:36095]
00:50:39.223 [Forwarding screenshot on session cbf007b0abb31f2ab12a0d547471de21 to remote] DEBUG org.asynchttpclient.netty.request.NettyRequestSender - Using pooled Channel '[id: 0xb059b223, L:/127.0.0.1:60031 - R:localhost/127.0.0.1:36095]' for 'GET' to 'http://localhost:36095/session/cbf007b0abb31f2ab12a0d547471de21/screenshot'
00:50:39.223 [Forwarding screenshot on session cbf007b0abb31f2ab12a0d547471de21 to remote] DEBUG org.asynchttpclient.netty.request.NettyRequestSender - Using open Channel [id: 0xb059b223, L:/127.0.0.1:60031 - R:localhost/127.0.0.1:36095] for GET '/session/cbf007b0abb31f2ab12a0d547471de21/screenshot'
00:50:39.367 [AsyncHttpClient-1-13] DEBUG org.asynchttpclient.netty.handler.HttpHandler - 

Request DefaultFullHttpRequest(decodeResult: success, version: HTTP/1.1, content: EmptyByteBufBE)
GET /session/cbf007b0abb31f2ab12a0d547471de21/screenshot HTTP/1.1
User-Agent: selenium/4.7.1 (java windows)
Cache-Control: no-cache
Content-Type: application/json; charset=utf-8
host: localhost:36095
accept: */*

Response DefaultHttpResponse(decodeResult: success, version: HTTP/1.1)
HTTP/1.1 200 OK
Content-Type: application/json; charset=utf-8
cache-control: no-cache
content-length: 30692

00:50:39.367 [AsyncHttpClient-1-13] DEBUG org.asynchttpclient.netty.channel.ChannelManager - Adding key: http://localhost:36095 for channel [id: 0xb059b223, L:/127.0.0.1:60031 - R:localhost/127.0.0.1:36095]
00:50:39.369 [main] DEBUG net.serenitybdd.core.photography.Darkroom - Send negative for processing for target\site\serenity\4ad33bd4b0b439b00be3b940058503090d3ce3803dfdaf227b7fafcb2e77921e.png
00:50:39.369 [main] DEBUG net.thucydides.core.steps.StepInterceptor - STEP DONE: klikLinkRegister
  &amp#27;[32mThen &amp#27;[0m&amp#27;[32muser klik register&amp#27;[0m                                      &amp#27;[90m# starter.stepdefinitions.RegisterSteps.userKlikRegister()&amp#27;[0m
00:50:39.382 [main] DEBUG net.thucydides.core.steps.StepInterceptor - STARTING STEP: RegisterSteps.userInputNamaLengkap - inputNamaLengkap
00:50:39.384 [Forwarding findElement on session cbf007b0abb31f2ab12a0d547471de21 to remote] DEBUG org.asynchttpclient.netty.request.NettyRequestSender - Using pooled Channel '[id: 0xb059b223, L:/127.0.0.1:60031 - R:localhost/127.0.0.1:36095]' for 'POST' to 'http://localhost:36095/session/cbf007b0abb31f2ab12a0d547471de21/element'
00:50:39.384 [Forwarding findElement on session cbf007b0abb31f2ab12a0d547471de21 to remote] DEBUG org.asynchttpclient.netty.request.NettyRequestSender - Using open Channel [id: 0xb059b223, L:/127.0.0.1:60031 - R:localhost/127.0.0.1:36095] for POST '/session/cbf007b0abb31f2ab12a0d547471de21/element'
00:50:39.397 [AsyncHttpClient-1-13] DEBUG org.asynchttpclient.netty.handler.HttpHandler - 

Request DefaultHttpRequest(decodeResult: success, version: HTTP/1.1)
POST /session/cbf007b0abb31f2ab12a0d547471de21/element HTTP/1.1
User-Agent: selenium/4.7.1 (java windows)
Content-Length: 187
Content-Type: application/json; charset=utf-8
host: localhost:36095
accept: */*

Response DefaultHttpResponse(decodeResult: success, version: HTTP/1.1)
HTTP/1.1 200 OK
Content-Type: application/json; charset=utf-8
cache-control: no-cache
content-length: 88

00:50:39.397 [AsyncHttpClient-1-13] DEBUG org.asynchttpclient.netty.channel.ChannelManager - Adding key: http://localhost:36095 for channel [id: 0xb059b223, L:/127.0.0.1:60031 - R:localhost/127.0.0.1:36095]
00:50:39.398 [Forwarding clearElement on session cbf007b0abb31f2ab12a0d547471de21 to remote] DEBUG org.asynchttpclient.netty.request.NettyRequestSender - Using pooled Channel '[id: 0xb059b223, L:/127.0.0.1:60031 - R:localhost/127.0.0.1:36095]' for 'POST' to 'http://localhost:36095/session/cbf007b0abb31f2ab12a0d547471de21/element/335d8f92-74fb-41bd-8045-b145161babda/clear'
00:50:39.398 [Forwarding clearElement on session cbf007b0abb31f2ab12a0d547471de21 to remote] DEBUG org.asynchttpclient.netty.request.NettyRequestSender - Using open Channel [id: 0xb059b223, L:/127.0.0.1:60031 - R:localhost/127.0.0.1:36095] for POST '/session/cbf007b0abb31f2ab12a0d547471de21/element/335d8f92-74fb-41bd-8045-b145161babda/clear'
00:50:39.433 [AsyncHttpClient-1-13] DEBUG org.asynchttpclient.netty.handler.HttpHandler - 

Request DefaultHttpRequest(decodeResult: success, version: HTTP/1.1)
POST /session/cbf007b0abb31f2ab12a0d547471de21/element/335d8f92-74fb-41bd-8045-b145161babda/clear HTTP/1.1
User-Agent: selenium/4.7.1 (java windows)
Content-Length: 50
Content-Type: application/json; charset=utf-8
host: localhost:36095
accept: */*

Response DefaultHttpResponse(decodeResult: success, version: HTTP/1.1)
HTTP/1.1 200 OK
Content-Type: application/json; charset=utf-8
cache-control: no-cache
content-length: 14

00:50:39.433 [AsyncHttpClient-1-13] DEBUG org.asynchttpclient.netty.channel.ChannelManager - Adding key: http://localhost:36095 for channel [id: 0xb059b223, L:/127.0.0.1:60031 - R:localhost/127.0.0.1:36095]
00:50:39.435 [Forwarding sendKeysToElement on session cbf007b0abb31f2ab12a0d547471de21 to remote] DEBUG org.asynchttpclient.netty.request.NettyRequestSender - Using pooled Channel '[id: 0xb059b223, L:/127.0.0.1:60031 - R:localhost/127.0.0.1:36095]' for 'POST' to 'http://localhost:36095/session/cbf007b0abb31f2ab12a0d547471de21/element/335d8f92-74fb-41bd-8045-b145161babda/value'
00:50:39.435 [Forwarding sendKeysToElement on session cbf007b0abb31f2ab12a0d547471de21 to remote] DEBUG org.asynchttpclient.netty.request.NettyRequestSender - Using open Channel [id: 0xb059b223, L:/127.0.0.1:60031 - R:localhost/127.0.0.1:36095] for POST '/session/cbf007b0abb31f2ab12a0d547471de21/element/335d8f92-74fb-41bd-8045-b145161babda/value'
00:50:39.537 [AsyncHttpClient-1-13] DEBUG org.asynchttpclient.netty.handler.HttpHandler - 

Request DefaultHttpRequest(decodeResult: success, version: HTTP/1.1)
POST /session/cbf007b0abb31f2ab12a0d547471de21/element/335d8f92-74fb-41bd-8045-b145161babda/value HTTP/1.1
User-Agent: selenium/4.7.1 (java windows)
Content-Length: 201
Content-Type: application/json; charset=utf-8
host: localhost:36095
accept: */*

Response DefaultHttpResponse(decodeResult: success, version: HTTP/1.1)
HTTP/1.1 200 OK
Content-Type: application/json; charset=utf-8
cache-control: no-cache
content-length: 14

00:50:39.537 [AsyncHttpClient-1-13] DEBUG org.asynchttpclient.netty.channel.ChannelManager - Adding key: http://localhost:36095 for channel [id: 0xb059b223, L:/127.0.0.1:60031 - R:localhost/127.0.0.1:36095]
00:50:39.543 [Forwarding getCurrentWindowHandle on session cbf007b0abb31f2ab12a0d547471de21 to remote] DEBUG org.asynchttpclient.netty.request.NettyRequestSender - Using pooled Channel '[id: 0xb059b223, L:/127.0.0.1:60031 - R:localhost/127.0.0.1:36095]' for 'GET' to 'http://localhost:36095/session/cbf007b0abb31f2ab12a0d547471de21/window'
00:50:39.543 [Forwarding getCurrentWindowHandle on session cbf007b0abb31f2ab12a0d547471de21 to remote] DEBUG org.asynchttpclient.netty.request.NettyRequestSender - Using open Channel [id: 0xb059b223, L:/127.0.0.1:60031 - R:localhost/127.0.0.1:36095] for GET '/session/cbf007b0abb31f2ab12a0d547471de21/window'
00:50:39.544 [AsyncHttpClient-1-13] DEBUG org.asynchttpclient.netty.handler.HttpHandler - 

Request DefaultFullHttpRequest(decodeResult: success, version: HTTP/1.1, content: EmptyByteBufBE)
GET /session/cbf007b0abb31f2ab12a0d547471de21/window HTTP/1.1
User-Agent: selenium/4.7.1 (java windows)
Cache-Control: no-cache
Content-Type: application/json; charset=utf-8
host: localhost:36095
accept: */*

Response DefaultHttpResponse(decodeResult: success, version: HTTP/1.1)
HTTP/1.1 200 OK
Content-Type: application/json; charset=utf-8
cache-control: no-cache
content-length: 44

00:50:39.544 [AsyncHttpClient-1-13] DEBUG org.asynchttpclient.netty.channel.ChannelManager - Adding key: http://localhost:36095 for channel [id: 0xb059b223, L:/127.0.0.1:60031 - R:localhost/127.0.0.1:36095]
00:50:39.545 [Forwarding getAlertText on session cbf007b0abb31f2ab12a0d547471de21 to remote] DEBUG org.asynchttpclient.netty.request.NettyRequestSender - Using pooled Channel '[id: 0xb059b223, L:/127.0.0.1:60031 - R:localhost/127.0.0.1:36095]' for 'GET' to 'http://localhost:36095/session/cbf007b0abb31f2ab12a0d547471de21/alert/text'
00:50:39.545 [Forwarding getAlertText on session cbf007b0abb31f2ab12a0d547471de21 to remote] DEBUG org.asynchttpclient.netty.request.NettyRequestSender - Using open Channel [id: 0xb059b223, L:/127.0.0.1:60031 - R:localhost/127.0.0.1:36095] for GET '/session/cbf007b0abb31f2ab12a0d547471de21/alert/text'
00:50:39.546 [AsyncHttpClient-1-13] DEBUG org.asynchttpclient.netty.handler.HttpHandler - 

Request DefaultFullHttpRequest(decodeResult: success, version: HTTP/1.1, content: EmptyByteBufBE)
GET /session/cbf007b0abb31f2ab12a0d547471de21/alert/text HTTP/1.1
User-Agent: selenium/4.7.1 (java windows)
Cache-Control: no-cache
Content-Type: application/json; charset=utf-8
host: localhost:36095
accept: */*

Response DefaultHttpResponse(decodeResult: success, version: HTTP/1.1)
HTTP/1.1 404 Not Found
Content-Type: application/json; charset=utf-8
cache-control: no-cache
content-length: 849

00:50:39.546 [AsyncHttpClient-1-13] DEBUG org.asynchttpclient.netty.channel.ChannelManager - Adding key: http://localhost:36095 for channel [id: 0xb059b223, L:/127.0.0.1:60031 - R:localhost/127.0.0.1:36095]
00:50:39.548 [Forwarding switchToWindow on session cbf007b0abb31f2ab12a0d547471de21 to remote] DEBUG org.asynchttpclient.netty.request.NettyRequestSender - Using pooled Channel '[id: 0xb059b223, L:/127.0.0.1:60031 - R:localhost/127.0.0.1:36095]' for 'POST' to 'http://localhost:36095/session/cbf007b0abb31f2ab12a0d547471de21/window'
00:50:39.548 [Forwarding switchToWindow on session cbf007b0abb31f2ab12a0d547471de21 to remote] DEBUG org.asynchttpclient.netty.request.NettyRequestSender - Using open Channel [id: 0xb059b223, L:/127.0.0.1:60031 - R:localhost/127.0.0.1:36095] for POST '/session/cbf007b0abb31f2ab12a0d547471de21/window'
00:50:39.550 [AsyncHttpClient-1-13] DEBUG org.asynchttpclient.netty.handler.HttpHandler - 

Request DefaultHttpRequest(decodeResult: success, version: HTTP/1.1)
POST /session/cbf007b0abb31f2ab12a0d547471de21/window HTTP/1.1
User-Agent: selenium/4.7.1 (java windows)
Content-Length: 50
Content-Type: application/json; charset=utf-8
host: localhost:36095
accept: */*

Response DefaultHttpResponse(decodeResult: success, version: HTTP/1.1)
HTTP/1.1 200 OK
Content-Type: application/json; charset=utf-8
cache-control: no-cache
content-length: 14

00:50:39.550 [AsyncHttpClient-1-13] DEBUG org.asynchttpclient.netty.channel.ChannelManager - Adding key: http://localhost:36095 for channel [id: 0xb059b223, L:/127.0.0.1:60031 - R:localhost/127.0.0.1:36095]
00:50:39.551 [Forwarding getCurrentUrl on session cbf007b0abb31f2ab12a0d547471de21 to remote] DEBUG org.asynchttpclient.netty.request.NettyRequestSender - Using pooled Channel '[id: 0xb059b223, L:/127.0.0.1:60031 - R:localhost/127.0.0.1:36095]' for 'GET' to 'http://localhost:36095/session/cbf007b0abb31f2ab12a0d547471de21/url'
00:50:39.551 [Forwarding getCurrentUrl on session cbf007b0abb31f2ab12a0d547471de21 to remote] DEBUG org.asynchttpclient.netty.request.NettyRequestSender - Using open Channel [id: 0xb059b223, L:/127.0.0.1:60031 - R:localhost/127.0.0.1:36095] for GET '/session/cbf007b0abb31f2ab12a0d547471de21/url'
00:50:39.556 [AsyncHttpClient-1-13] DEBUG org.asynchttpclient.netty.handler.HttpHandler - 

Request DefaultFullHttpRequest(decodeResult: success, version: HTTP/1.1, content: EmptyByteBufBE)
GET /session/cbf007b0abb31f2ab12a0d547471de21/url HTTP/1.1
User-Agent: selenium/4.7.1 (java windows)
Cache-Control: no-cache
Content-Type: application/json; charset=utf-8
host: localhost:36095
accept: */*

Response DefaultHttpResponse(decodeResult: success, version: HTTP/1.1)
HTTP/1.1 200 OK
Content-Type: application/json; charset=utf-8
cache-control: no-cache
content-length: 54

00:50:39.556 [AsyncHttpClient-1-13] DEBUG org.asynchttpclient.netty.channel.ChannelManager - Adding key: http://localhost:36095 for channel [id: 0xb059b223, L:/127.0.0.1:60031 - R:localhost/127.0.0.1:36095]
00:50:39.557 [Forwarding screenshot on session cbf007b0abb31f2ab12a0d547471de21 to remote] DEBUG org.asynchttpclient.netty.request.NettyRequestSender - Using pooled Channel '[id: 0xb059b223, L:/127.0.0.1:60031 - R:localhost/127.0.0.1:36095]' for 'GET' to 'http://localhost:36095/session/cbf007b0abb31f2ab12a0d547471de21/screenshot'
00:50:39.557 [Forwarding screenshot on session cbf007b0abb31f2ab12a0d547471de21 to remote] DEBUG org.asynchttpclient.netty.request.NettyRequestSender - Using open Channel [id: 0xb059b223, L:/127.0.0.1:60031 - R:localhost/127.0.0.1:36095] for GET '/session/cbf007b0abb31f2ab12a0d547471de21/screenshot'
00:50:39.628 [AsyncHttpClient-1-1] DEBUG org.asynchttpclient.netty.channel.DefaultChannelPool - Entry count for : http://localhost:60032 : 1
00:50:39.693 [AsyncHttpClient-1-13] DEBUG org.asynchttpclient.netty.handler.HttpHandler - 

Request DefaultFullHttpRequest(decodeResult: success, version: HTTP/1.1, content: EmptyByteBufBE)
GET /session/cbf007b0abb31f2ab12a0d547471de21/screenshot HTTP/1.1
User-Agent: selenium/4.7.1 (java windows)
Cache-Control: no-cache
Content-Type: application/json; charset=utf-8
host: localhost:36095
accept: */*

Response DefaultHttpResponse(decodeResult: success, version: HTTP/1.1)
HTTP/1.1 200 OK
Content-Type: application/json; charset=utf-8
cache-control: no-cache
content-length: 31272

00:50:39.693 [AsyncHttpClient-1-13] DEBUG org.asynchttpclient.netty.channel.ChannelManager - Adding key: http://localhost:36095 for channel [id: 0xb059b223, L:/127.0.0.1:60031 - R:localhost/127.0.0.1:36095]
00:50:39.694 [main] DEBUG net.serenitybdd.core.photography.Darkroom - Send negative for processing for target\site\serenity\10543161718e3f04a72a11673bda144f2b041ead963d5960236d9749bb827f7f.png
00:50:39.695 [main] DEBUG net.thucydides.core.steps.StepInterceptor - STEP DONE: inputNamaLengkap
  &amp#27;[32mAnd &amp#27;[0m&amp#27;[32muser input nama lengkap&amp#27;[0m                                  &amp#27;[90m# starter.stepdefinitions.RegisterSteps.userInputNamaLengkap()&amp#27;[0m
00:50:39.695 [Darkroom Processing Line] DEBUG net.serenitybdd.core.photography.DarkroomProcessingLine - Processing screenshot image in /var/screenshots/screenshot-7204682956553012210
00:50:39.695 [Darkroom Processing Line] DEBUG net.serenitybdd.core.photography.DarkroomProcessingLine - Saving screenshot to target\site\serenity\10543161718e3f04a72a11673bda144f2b041ead963d5960236d9749bb827f7f.png
00:50:39.704 [main] DEBUG net.thucydides.core.steps.StepInterceptor - STARTING STEP: RegisterSteps.userInputEmailUntukRegister - inputEmail
00:50:39.706 [Forwarding findElement on session cbf007b0abb31f2ab12a0d547471de21 to remote] DEBUG org.asynchttpclient.netty.request.NettyRequestSender - Using pooled Channel '[id: 0xb059b223, L:/127.0.0.1:60031 - R:localhost/127.0.0.1:36095]' for 'POST' to 'http://localhost:36095/session/cbf007b0abb31f2ab12a0d547471de21/element'
00:50:39.706 [Forwarding findElement on session cbf007b0abb31f2ab12a0d547471de21 to remote] DEBUG org.asynchttpclient.netty.request.NettyRequestSender - Using open Channel [id: 0xb059b223, L:/127.0.0.1:60031 - R:localhost/127.0.0.1:36095] for POST '/session/cbf007b0abb31f2ab12a0d547471de21/element'
00:50:39.717 [AsyncHttpClient-1-13] DEBUG org.asynchttpclient.netty.handler.HttpHandler - 

Request DefaultHttpRequest(decodeResult: success, version: HTTP/1.1)
POST /session/cbf007b0abb31f2ab12a0d547471de21/element HTTP/1.1
User-Agent: selenium/4.7.1 (java windows)
Content-Length: 187
Content-Type: application/json; charset=utf-8
host: localhost:36095
accept: */*

Response DefaultHttpResponse(decodeResult: success, version: HTTP/1.1)
HTTP/1.1 200 OK
Content-Type: application/json; charset=utf-8
cache-control: no-cache
content-length: 88

00:50:39.717 [AsyncHttpClient-1-13] DEBUG org.asynchttpclient.netty.channel.ChannelManager - Adding key: http://localhost:36095 for channel [id: 0xb059b223, L:/127.0.0.1:60031 - R:localhost/127.0.0.1:36095]
00:50:39.718 [Forwarding clearElement on session cbf007b0abb31f2ab12a0d547471de21 to remote] DEBUG org.asynchttpclient.netty.request.NettyRequestSender - Using pooled Channel '[id: 0xb059b223, L:/127.0.0.1:60031 - R:localhost/127.0.0.1:36095]' for 'POST' to 'http://localhost:36095/session/cbf007b0abb31f2ab12a0d547471de21/element/8e52d4a6-6cd0-49dd-abc6-608bb899aa4a/clear'
00:50:39.719 [Forwarding clearElement on session cbf007b0abb31f2ab12a0d547471de21 to remote] DEBUG org.asynchttpclient.netty.request.NettyRequestSender - Using open Channel [id: 0xb059b223, L:/127.0.0.1:60031 - R:localhost/127.0.0.1:36095] for POST '/session/cbf007b0abb31f2ab12a0d547471de21/element/8e52d4a6-6cd0-49dd-abc6-608bb899aa4a/clear'
00:50:39.753 [AsyncHttpClient-1-13] DEBUG org.asynchttpclient.netty.handler.HttpHandler - 

Request DefaultHttpRequest(decodeResult: success, version: HTTP/1.1)
POST /session/cbf007b0abb31f2ab12a0d547471de21/element/8e52d4a6-6cd0-49dd-abc6-608bb899aa4a/clear HTTP/1.1
User-Agent: selenium/4.7.1 (java windows)
Content-Length: 50
Content-Type: application/json; charset=utf-8
host: localhost:36095
accept: */*

Response DefaultHttpResponse(decodeResult: success, version: HTTP/1.1)
HTTP/1.1 200 OK
Content-Type: application/json; charset=utf-8
cache-control: no-cache
content-length: 14

00:50:39.753 [AsyncHttpClient-1-13] DEBUG org.asynchttpclient.netty.channel.ChannelManager - Adding key: http://localhost:36095 for channel [id: 0xb059b223, L:/127.0.0.1:60031 - R:localhost/127.0.0.1:36095]
00:50:39.755 [Forwarding sendKeysToElement on session cbf007b0abb31f2ab12a0d547471de21 to remote] DEBUG org.asynchttpclient.netty.request.NettyRequestSender - Using pooled Channel '[id: 0xb059b223, L:/127.0.0.1:60031 - R:localhost/127.0.0.1:36095]' for 'POST' to 'http://localhost:36095/session/cbf007b0abb31f2ab12a0d547471de21/element/8e52d4a6-6cd0-49dd-abc6-608bb899aa4a/value'
00:50:39.755 [Forwarding sendKeysToElement on session cbf007b0abb31f2ab12a0d547471de21 to remote] DEBUG org.asynchttpclient.netty.request.NettyRequestSender - Using open Channel [id: 0xb059b223, L:/127.0.0.1:60031 - R:localhost/127.0.0.1:36095] for POST '/session/cbf007b0abb31f2ab12a0d547471de21/element/8e52d4a6-6cd0-49dd-abc6-608bb899aa4a/value'
00:50:39.903 [AsyncHttpClient-1-13] DEBUG org.asynchttpclient.netty.handler.HttpHandler - 

Request DefaultHttpRequest(decodeResult: success, version: HTTP/1.1)
POST /session/cbf007b0abb31f2ab12a0d547471de21/element/8e52d4a6-6cd0-49dd-abc6-608bb899aa4a/value HTTP/1.1
User-Agent: selenium/4.7.1 (java windows)
Content-Length: 211
Content-Type: application/json; charset=utf-8
host: localhost:36095
accept: */*

Response DefaultHttpResponse(decodeResult: success, version: HTTP/1.1)
HTTP/1.1 200 OK
Content-Type: application/json; charset=utf-8
cache-control: no-cache
content-length: 14

00:50:39.904 [AsyncHttpClient-1-13] DEBUG org.asynchttpclient.netty.channel.ChannelManager - Adding key: http://localhost:36095 for channel [id: 0xb059b223, L:/127.0.0.1:60031 - R:localhost/127.0.0.1:36095]
00:50:39.911 [Forwarding getCurrentWindowHandle on session cbf007b0abb31f2ab12a0d547471de21 to remote] DEBUG org.asynchttpclient.netty.request.NettyRequestSender - Using pooled Channel '[id: 0xb059b223, L:/127.0.0.1:60031 - R:localhost/127.0.0.1:36095]' for 'GET' to 'http://localhost:36095/session/cbf007b0abb31f2ab12a0d547471de21/window'
00:50:39.911 [Forwarding getCurrentWindowHandle on session cbf007b0abb31f2ab12a0d547471de21 to remote] DEBUG org.asynchttpclient.netty.request.NettyRequestSender - Using open Channel [id: 0xb059b223, L:/127.0.0.1:60031 - R:localhost/127.0.0.1:36095] for GET '/session/cbf007b0abb31f2ab12a0d547471de21/window'
00:50:39.911 [AsyncHttpClient-1-13] DEBUG org.asynchttpclient.netty.handler.HttpHandler - 

Request DefaultFullHttpRequest(decodeResult: success, version: HTTP/1.1, content: EmptyByteBufBE)
GET /session/cbf007b0abb31f2ab12a0d547471de21/window HTTP/1.1
User-Agent: selenium/4.7.1 (java windows)
Cache-Control: no-cache
Content-Type: application/json; charset=utf-8
host: localhost:36095
accept: */*

Response DefaultHttpResponse(decodeResult: success, version: HTTP/1.1)
HTTP/1.1 200 OK
Content-Type: application/json; charset=utf-8
cache-control: no-cache
content-length: 44

00:50:39.912 [AsyncHttpClient-1-13] DEBUG org.asynchttpclient.netty.channel.ChannelManager - Adding key: http://localhost:36095 for channel [id: 0xb059b223, L:/127.0.0.1:60031 - R:localhost/127.0.0.1:36095]
00:50:39.913 [Forwarding getAlertText on session cbf007b0abb31f2ab12a0d547471de21 to remote] DEBUG org.asynchttpclient.netty.request.NettyRequestSender - Using pooled Channel '[id: 0xb059b223, L:/127.0.0.1:60031 - R:localhost/127.0.0.1:36095]' for 'GET' to 'http://localhost:36095/session/cbf007b0abb31f2ab12a0d547471de21/alert/text'
00:50:39.913 [Forwarding getAlertText on session cbf007b0abb31f2ab12a0d547471de21 to remote] DEBUG org.asynchttpclient.netty.request.NettyRequestSender - Using open Channel [id: 0xb059b223, L:/127.0.0.1:60031 - R:localhost/127.0.0.1:36095] for GET '/session/cbf007b0abb31f2ab12a0d547471de21/alert/text'
00:50:39.915 [AsyncHttpClient-1-13] DEBUG org.asynchttpclient.netty.handler.HttpHandler - 

Request DefaultFullHttpRequest(decodeResult: success, version: HTTP/1.1, content: EmptyByteBufBE)
GET /session/cbf007b0abb31f2ab12a0d547471de21/alert/text HTTP/1.1
User-Agent: selenium/4.7.1 (java windows)
Cache-Control: no-cache
Content-Type: application/json; charset=utf-8
host: localhost:36095
accept: */*

Response DefaultHttpResponse(decodeResult: success, version: HTTP/1.1)
HTTP/1.1 404 Not Found
Content-Type: application/json; charset=utf-8
cache-control: no-cache
content-length: 849

00:50:39.915 [AsyncHttpClient-1-13] DEBUG org.asynchttpclient.netty.channel.ChannelManager - Adding key: http://localhost:36095 for channel [id: 0xb059b223, L:/127.0.0.1:60031 - R:localhost/127.0.0.1:36095]
00:50:39.916 [Forwarding switchToWindow on session cbf007b0abb31f2ab12a0d547471de21 to remote] DEBUG org.asynchttpclient.netty.request.NettyRequestSender - Using pooled Channel '[id: 0xb059b223, L:/127.0.0.1:60031 - R:localhost/127.0.0.1:36095]' for 'POST' to 'http://localhost:36095/session/cbf007b0abb31f2ab12a0d547471de21/window'
00:50:39.917 [Forwarding switchToWindow on session cbf007b0abb31f2ab12a0d547471de21 to remote] DEBUG org.asynchttpclient.netty.request.NettyRequestSender - Using open Channel [id: 0xb059b223, L:/127.0.0.1:60031 - R:localhost/127.0.0.1:36095] for POST '/session/cbf007b0abb31f2ab12a0d547471de21/window'
00:50:39.919 [AsyncHttpClient-1-13] DEBUG org.asynchttpclient.netty.handler.HttpHandler - 

Request DefaultHttpRequest(decodeResult: success, version: HTTP/1.1)
POST /session/cbf007b0abb31f2ab12a0d547471de21/window HTTP/1.1
User-Agent: selenium/4.7.1 (java windows)
Content-Length: 50
Content-Type: application/json; charset=utf-8
host: localhost:36095
accept: */*

Response DefaultHttpResponse(decodeResult: success, version: HTTP/1.1)
HTTP/1.1 200 OK
Content-Type: application/json; charset=utf-8
cache-control: no-cache
content-length: 14

00:50:39.919 [AsyncHttpClient-1-13] DEBUG org.asynchttpclient.netty.channel.ChannelManager - Adding key: http://localhost:36095 for channel [id: 0xb059b223, L:/127.0.0.1:60031 - R:localhost/127.0.0.1:36095]
00:50:39.920 [Forwarding getCurrentUrl on session cbf007b0abb31f2ab12a0d547471de21 to remote] DEBUG org.asynchttpclient.netty.request.NettyRequestSender - Using pooled Channel '[id: 0xb059b223, L:/127.0.0.1:60031 - R:localhost/127.0.0.1:36095]' for 'GET' to 'http://localhost:36095/session/cbf007b0abb31f2ab12a0d547471de21/url'
00:50:39.920 [Forwarding getCurrentUrl on session cbf007b0abb31f2ab12a0d547471de21 to remote] DEBUG org.asynchttpclient.netty.request.NettyRequestSender - Using open Channel [id: 0xb059b223, L:/127.0.0.1:60031 - R:localhost/127.0.0.1:36095] for GET '/session/cbf007b0abb31f2ab12a0d547471de21/url'
00:50:39.925 [AsyncHttpClient-1-13] DEBUG org.asynchttpclient.netty.handler.HttpHandler - 

Request DefaultFullHttpRequest(decodeResult: success, version: HTTP/1.1, content: EmptyByteBufBE)
GET /session/cbf007b0abb31f2ab12a0d547471de21/url HTTP/1.1
User-Agent: selenium/4.7.1 (java windows)
Cache-Control: no-cache
Content-Type: application/json; charset=utf-8
host: localhost:36095
accept: */*

Response DefaultHttpResponse(decodeResult: success, version: HTTP/1.1)
HTTP/1.1 200 OK
Content-Type: application/json; charset=utf-8
cache-control: no-cache
content-length: 54

00:50:39.925 [AsyncHttpClient-1-13] DEBUG org.asynchttpclient.netty.channel.ChannelManager - Adding key: http://localhost:36095 for channel [id: 0xb059b223, L:/127.0.0.1:60031 - R:localhost/127.0.0.1:36095]
00:50:39.926 [Forwarding screenshot on session cbf007b0abb31f2ab12a0d547471de21 to remote] DEBUG org.asynchttpclient.netty.request.NettyRequestSender - Using pooled Channel '[id: 0xb059b223, L:/127.0.0.1:60031 - R:localhost/127.0.0.1:36095]' for 'GET' to 'http://localhost:36095/session/cbf007b0abb31f2ab12a0d547471de21/screenshot'
00:50:39.926 [Forwarding screenshot on session cbf007b0abb31f2ab12a0d547471de21 to remote] DEBUG org.asynchttpclient.netty.request.NettyRequestSender - Using open Channel [id: 0xb059b223, L:/127.0.0.1:60031 - R:localhost/127.0.0.1:36095] for GET '/session/cbf007b0abb31f2ab12a0d547471de21/screenshot'
00:50:40.068 [AsyncHttpClient-1-13] DEBUG org.asynchttpclient.netty.handler.HttpHandler - 

Request DefaultFullHttpRequest(decodeResult: success, version: HTTP/1.1, content: EmptyByteBufBE)
GET /session/cbf007b0abb31f2ab12a0d547471de21/screenshot HTTP/1.1
User-Agent: selenium/4.7.1 (java windows)
Cache-Control: no-cache
Content-Type: application/json; charset=utf-8
host: localhost:36095
accept: */*

Response DefaultHttpResponse(decodeResult: success, version: HTTP/1.1)
HTTP/1.1 200 OK
Content-Type: application/json; charset=utf-8
cache-control: no-cache
content-length: 33948

00:50:40.069 [AsyncHttpClient-1-13] DEBUG org.asynchttpclient.netty.channel.ChannelManager - Adding key: http://localhost:36095 for channel [id: 0xb059b223, L:/127.0.0.1:60031 - R:localhost/127.0.0.1:36095]
00:50:40.070 [main] DEBUG net.serenitybdd.core.photography.Darkroom - Send negative for processing for target\site\serenity\3f0f529806495a34db12af22f2f73526ac4481a4bc621afe982d42fff26c2213.png
00:50:40.071 [main] DEBUG net.thucydides.core.steps.StepInterceptor - STEP DONE: inputEmail
00:50:40.071 [Darkroom Processing Line] DEBUG net.serenitybdd.core.photography.DarkroomProcessingLine - Processing screenshot image in /var/screenshots/screenshot-1872594403416888391
  &amp#27;[32mAnd &amp#27;[0m&amp#27;[32muser input email untuk register&amp#27;[0m                          &amp#27;[90m# starter.stepdefinitions.RegisterSteps.userInputEmailUntukRegister()&amp#27;[0m
00:50:40.071 [Darkroom Processing Line] DEBUG net.serenitybdd.core.photography.DarkroomProcessingLine - Saving screenshot to target\site\serenity\3f0f529806495a34db12af22f2f73526ac4481a4bc621afe982d42fff26c2213.png
00:50:40.081 [main] DEBUG net.thucydides.core.steps.StepInterceptor - STARTING STEP: RegisterSteps.userTidakInputPasswordUntukRegister - inputPassword
00:50:40.083 [Forwarding findElement on session cbf007b0abb31f2ab12a0d547471de21 to remote] DEBUG org.asynchttpclient.netty.request.NettyRequestSender - Using pooled Channel '[id: 0xb059b223, L:/127.0.0.1:60031 - R:localhost/127.0.0.1:36095]' for 'POST' to 'http://localhost:36095/session/cbf007b0abb31f2ab12a0d547471de21/element'
00:50:40.083 [Forwarding findElement on session cbf007b0abb31f2ab12a0d547471de21 to remote] DEBUG org.asynchttpclient.netty.request.NettyRequestSender - Using open Channel [id: 0xb059b223, L:/127.0.0.1:60031 - R:localhost/127.0.0.1:36095] for POST '/session/cbf007b0abb31f2ab12a0d547471de21/element'
00:50:40.095 [AsyncHttpClient-1-13] DEBUG org.asynchttpclient.netty.handler.HttpHandler - 

Request DefaultHttpRequest(decodeResult: success, version: HTTP/1.1)
POST /session/cbf007b0abb31f2ab12a0d547471de21/element HTTP/1.1
User-Agent: selenium/4.7.1 (java windows)
Content-Length: 187
Content-Type: application/json; charset=utf-8
host: localhost:36095
accept: */*

Response DefaultHttpResponse(decodeResult: success, version: HTTP/1.1)
HTTP/1.1 200 OK
Content-Type: application/json; charset=utf-8
cache-control: no-cache
content-length: 88

00:50:40.095 [AsyncHttpClient-1-13] DEBUG org.asynchttpclient.netty.channel.ChannelManager - Adding key: http://localhost:36095 for channel [id: 0xb059b223, L:/127.0.0.1:60031 - R:localhost/127.0.0.1:36095]
00:50:40.096 [Forwarding clearElement on session cbf007b0abb31f2ab12a0d547471de21 to remote] DEBUG org.asynchttpclient.netty.request.NettyRequestSender - Using pooled Channel '[id: 0xb059b223, L:/127.0.0.1:60031 - R:localhost/127.0.0.1:36095]' for 'POST' to 'http://localhost:36095/session/cbf007b0abb31f2ab12a0d547471de21/element/9db06df9-4eb9-447a-8f01-4f930980f793/clear'
00:50:40.096 [Forwarding clearElement on session cbf007b0abb31f2ab12a0d547471de21 to remote] DEBUG org.asynchttpclient.netty.request.NettyRequestSender - Using open Channel [id: 0xb059b223, L:/127.0.0.1:60031 - R:localhost/127.0.0.1:36095] for POST '/session/cbf007b0abb31f2ab12a0d547471de21/element/9db06df9-4eb9-447a-8f01-4f930980f793/clear'
00:50:40.132 [AsyncHttpClient-1-13] DEBUG org.asynchttpclient.netty.handler.HttpHandler - 

Request DefaultHttpRequest(decodeResult: success, version: HTTP/1.1)
POST /session/cbf007b0abb31f2ab12a0d547471de21/element/9db06df9-4eb9-447a-8f01-4f930980f793/clear HTTP/1.1
User-Agent: selenium/4.7.1 (java windows)
Content-Length: 50
Content-Type: application/json; charset=utf-8
host: localhost:36095
accept: */*

Response DefaultHttpResponse(decodeResult: success, version: HTTP/1.1)
HTTP/1.1 200 OK
Content-Type: application/json; charset=utf-8
cache-control: no-cache
content-length: 14

00:50:40.132 [AsyncHttpClient-1-13] DEBUG org.asynchttpclient.netty.channel.ChannelManager - Adding key: http://localhost:36095 for channel [id: 0xb059b223, L:/127.0.0.1:60031 - R:localhost/127.0.0.1:36095]
00:50:40.133 [Forwarding sendKeysToElement on session cbf007b0abb31f2ab12a0d547471de21 to remote] DEBUG org.asynchttpclient.netty.request.NettyRequestSender - Using pooled Channel '[id: 0xb059b223, L:/127.0.0.1:60031 - R:localhost/127.0.0.1:36095]' for 'POST' to 'http://localhost:36095/session/cbf007b0abb31f2ab12a0d547471de21/element/9db06df9-4eb9-447a-8f01-4f930980f793/value'
00:50:40.133 [Forwarding sendKeysToElement on session cbf007b0abb31f2ab12a0d547471de21 to remote] DEBUG org.asynchttpclient.netty.request.NettyRequestSender - Using open Channel [id: 0xb059b223, L:/127.0.0.1:60031 - R:localhost/127.0.0.1:36095] for POST '/session/cbf007b0abb31f2ab12a0d547471de21/element/9db06df9-4eb9-447a-8f01-4f930980f793/value'
00:50:40.178 [AsyncHttpClient-1-13] DEBUG org.asynchttpclient.netty.handler.HttpHandler - 

Request DefaultHttpRequest(decodeResult: success, version: HTTP/1.1)
POST /session/cbf007b0abb31f2ab12a0d547471de21/element/9db06df9-4eb9-447a-8f01-4f930980f793/value HTTP/1.1
User-Agent: selenium/4.7.1 (java windows)
Content-Length: 82
Content-Type: application/json; charset=utf-8
host: localhost:36095
accept: */*

Response DefaultHttpResponse(decodeResult: success, version: HTTP/1.1)
HTTP/1.1 200 OK
Content-Type: application/json; charset=utf-8
cache-control: no-cache
content-length: 14

00:50:40.178 [AsyncHttpClient-1-13] DEBUG org.asynchttpclient.netty.channel.ChannelManager - Adding key: http://localhost:36095 for channel [id: 0xb059b223, L:/127.0.0.1:60031 - R:localhost/127.0.0.1:36095]
00:50:40.184 [Forwarding getCurrentWindowHandle on session cbf007b0abb31f2ab12a0d547471de21 to remote] DEBUG org.asynchttpclient.netty.request.NettyRequestSender - Using pooled Channel '[id: 0xb059b223, L:/127.0.0.1:60031 - R:localhost/127.0.0.1:36095]' for 'GET' to 'http://localhost:36095/session/cbf007b0abb31f2ab12a0d547471de21/window'
00:50:40.184 [Forwarding getCurrentWindowHandle on session cbf007b0abb31f2ab12a0d547471de21 to remote] DEBUG org.asynchttpclient.netty.request.NettyRequestSender - Using open Channel [id: 0xb059b223, L:/127.0.0.1:60031 - R:localhost/127.0.0.1:36095] for GET '/session/cbf007b0abb31f2ab12a0d547471de21/window'
00:50:40.185 [AsyncHttpClient-1-13] DEBUG org.asynchttpclient.netty.handler.HttpHandler - 

Request DefaultFullHttpRequest(decodeResult: success, version: HTTP/1.1, content: EmptyByteBufBE)
GET /session/cbf007b0abb31f2ab12a0d547471de21/window HTTP/1.1
User-Agent: selenium/4.7.1 (java windows)
Cache-Control: no-cache
Content-Type: application/json; charset=utf-8
host: localhost:36095
accept: */*

Response DefaultHttpResponse(decodeResult: success, version: HTTP/1.1)
HTTP/1.1 200 OK
Content-Type: application/json; charset=utf-8
cache-control: no-cache
content-length: 44

00:50:40.185 [AsyncHttpClient-1-13] DEBUG org.asynchttpclient.netty.channel.ChannelManager - Adding key: http://localhost:36095 for channel [id: 0xb059b223, L:/127.0.0.1:60031 - R:localhost/127.0.0.1:36095]
00:50:40.186 [Forwarding getAlertText on session cbf007b0abb31f2ab12a0d547471de21 to remote] DEBUG org.asynchttpclient.netty.request.NettyRequestSender - Using pooled Channel '[id: 0xb059b223, L:/127.0.0.1:60031 - R:localhost/127.0.0.1:36095]' for 'GET' to 'http://localhost:36095/session/cbf007b0abb31f2ab12a0d547471de21/alert/text'
00:50:40.186 [Forwarding getAlertText on session cbf007b0abb31f2ab12a0d547471de21 to remote] DEBUG org.asynchttpclient.netty.request.NettyRequestSender - Using open Channel [id: 0xb059b223, L:/127.0.0.1:60031 - R:localhost/127.0.0.1:36095] for GET '/session/cbf007b0abb31f2ab12a0d547471de21/alert/text'
00:50:40.190 [AsyncHttpClient-1-13] DEBUG org.asynchttpclient.netty.handler.HttpHandler - 

Request DefaultFullHttpRequest(decodeResult: success, version: HTTP/1.1, content: EmptyByteBufBE)
GET /session/cbf007b0abb31f2ab12a0d547471de21/alert/text HTTP/1.1
User-Agent: selenium/4.7.1 (java windows)
Cache-Control: no-cache
Content-Type: application/json; charset=utf-8
host: localhost:36095
accept: */*

Response DefaultHttpResponse(decodeResult: success, version: HTTP/1.1)
HTTP/1.1 404 Not Found
Content-Type: application/json; charset=utf-8
cache-control: no-cache
content-length: 849

00:50:40.190 [AsyncHttpClient-1-13] DEBUG org.asynchttpclient.netty.channel.ChannelManager - Adding key: http://localhost:36095 for channel [id: 0xb059b223, L:/127.0.0.1:60031 - R:localhost/127.0.0.1:36095]
00:50:40.192 [Forwarding switchToWindow on session cbf007b0abb31f2ab12a0d547471de21 to remote] DEBUG org.asynchttpclient.netty.request.NettyRequestSender - Using pooled Channel '[id: 0xb059b223, L:/127.0.0.1:60031 - R:localhost/127.0.0.1:36095]' for 'POST' to 'http://localhost:36095/session/cbf007b0abb31f2ab12a0d547471de21/window'
00:50:40.192 [Forwarding switchToWindow on session cbf007b0abb31f2ab12a0d547471de21 to remote] DEBUG org.asynchttpclient.netty.request.NettyRequestSender - Using open Channel [id: 0xb059b223, L:/127.0.0.1:60031 - R:localhost/127.0.0.1:36095] for POST '/session/cbf007b0abb31f2ab12a0d547471de21/window'
00:50:40.193 [AsyncHttpClient-1-13] DEBUG org.asynchttpclient.netty.handler.HttpHandler - 

Request DefaultHttpRequest(decodeResult: success, version: HTTP/1.1)
POST /session/cbf007b0abb31f2ab12a0d547471de21/window HTTP/1.1
User-Agent: selenium/4.7.1 (java windows)
Content-Length: 50
Content-Type: application/json; charset=utf-8
host: localhost:36095
accept: */*

Response DefaultHttpResponse(decodeResult: success, version: HTTP/1.1)
HTTP/1.1 200 OK
Content-Type: application/json; charset=utf-8
cache-control: no-cache
content-length: 14

00:50:40.194 [AsyncHttpClient-1-13] DEBUG org.asynchttpclient.netty.channel.ChannelManager - Adding key: http://localhost:36095 for channel [id: 0xb059b223, L:/127.0.0.1:60031 - R:localhost/127.0.0.1:36095]
00:50:40.195 [Forwarding getCurrentUrl on session cbf007b0abb31f2ab12a0d547471de21 to remote] DEBUG org.asynchttpclient.netty.request.NettyRequestSender - Using pooled Channel '[id: 0xb059b223, L:/127.0.0.1:60031 - R:localhost/127.0.0.1:36095]' for 'GET' to 'http://localhost:36095/session/cbf007b0abb31f2ab12a0d547471de21/url'
00:50:40.195 [Forwarding getCurrentUrl on session cbf007b0abb31f2ab12a0d547471de21 to remote] DEBUG org.asynchttpclient.netty.request.NettyRequestSender - Using open Channel [id: 0xb059b223, L:/127.0.0.1:60031 - R:localhost/127.0.0.1:36095] for GET '/session/cbf007b0abb31f2ab12a0d547471de21/url'
00:50:40.198 [AsyncHttpClient-1-13] DEBUG org.asynchttpclient.netty.handler.HttpHandler - 

Request DefaultFullHttpRequest(decodeResult: success, version: HTTP/1.1, content: EmptyByteBufBE)
GET /session/cbf007b0abb31f2ab12a0d547471de21/url HTTP/1.1
User-Agent: selenium/4.7.1 (java windows)
Cache-Control: no-cache
Content-Type: application/json; charset=utf-8
host: localhost:36095
accept: */*

Response DefaultHttpResponse(decodeResult: success, version: HTTP/1.1)
HTTP/1.1 200 OK
Content-Type: application/json; charset=utf-8
cache-control: no-cache
content-length: 54

00:50:40.198 [AsyncHttpClient-1-13] DEBUG org.asynchttpclient.netty.channel.ChannelManager - Adding key: http://localhost:36095 for channel [id: 0xb059b223, L:/127.0.0.1:60031 - R:localhost/127.0.0.1:36095]
00:50:40.199 [Forwarding screenshot on session cbf007b0abb31f2ab12a0d547471de21 to remote] DEBUG org.asynchttpclient.netty.request.NettyRequestSender - Using pooled Channel '[id: 0xb059b223, L:/127.0.0.1:60031 - R:localhost/127.0.0.1:36095]' for 'GET' to 'http://localhost:36095/session/cbf007b0abb31f2ab12a0d547471de21/screenshot'
00:50:40.199 [Forwarding screenshot on session cbf007b0abb31f2ab12a0d547471de21 to remote] DEBUG org.asynchttpclient.netty.request.NettyRequestSender - Using open Channel [id: 0xb059b223, L:/127.0.0.1:60031 - R:localhost/127.0.0.1:36095] for GET '/session/cbf007b0abb31f2ab12a0d547471de21/screenshot'
00:50:40.327 [AsyncHttpClient-1-13] DEBUG org.asynchttpclient.netty.handler.HttpHandler - 

Request DefaultFullHttpRequest(decodeResult: success, version: HTTP/1.1, content: EmptyByteBufBE)
GET /session/cbf007b0abb31f2ab12a0d547471de21/screenshot HTTP/1.1
User-Agent: selenium/4.7.1 (java windows)
Cache-Control: no-cache
Content-Type: application/json; charset=utf-8
host: localhost:36095
accept: */*

Response DefaultHttpResponse(decodeResult: success, version: HTTP/1.1)
HTTP/1.1 200 OK
Content-Type: application/json; charset=utf-8
cache-control: no-cache
content-length: 33704

00:50:40.327 [AsyncHttpClient-1-13] DEBUG org.asynchttpclient.netty.channel.ChannelManager - Adding key: http://localhost:36095 for channel [id: 0xb059b223, L:/127.0.0.1:60031 - R:localhost/127.0.0.1:36095]
00:50:40.329 [main] DEBUG net.serenitybdd.core.photography.Darkroom - Send negative for processing for target\site\serenity\4d6e365ea3d6d5c639e9383ee5e96e8417576018876e5799913d62fa57bdd185.png
00:50:40.329 [main] DEBUG net.thucydides.core.steps.StepInterceptor - STEP DONE: inputPassword
00:50:40.329 [Darkroom Processing Line] DEBUG net.serenitybdd.core.photography.DarkroomProcessingLine - Processing screenshot image in /var/screenshots/screenshot-2989724132710055183
00:50:40.329 [Darkroom Processing Line] DEBUG net.serenitybdd.core.photography.DarkroomProcessingLine - Saving screenshot to target\site\serenity\4d6e365ea3d6d5c639e9383ee5e96e8417576018876e5799913d62fa57bdd185.png
  &amp#27;[32mAnd &amp#27;[0m&amp#27;[32muser tidak input password untuk register&amp#27;[0m                 &amp#27;[90m# starter.stepdefinitions.RegisterSteps.userTidakInputPasswordUntukRegister()&amp#27;[0m
00:50:40.339 [main] DEBUG net.thucydides.core.steps.StepInterceptor - STARTING STEP: RegisterSteps.userKlikRegisterYangKedua - klikButtonRegister
00:50:40.342 [Forwarding findElement on session cbf007b0abb31f2ab12a0d547471de21 to remote] DEBUG org.asynchttpclient.netty.request.NettyRequestSender - Using pooled Channel '[id: 0xb059b223, L:/127.0.0.1:60031 - R:localhost/127.0.0.1:36095]' for 'POST' to 'http://localhost:36095/session/cbf007b0abb31f2ab12a0d547471de21/element'
00:50:40.342 [Forwarding findElement on session cbf007b0abb31f2ab12a0d547471de21 to remote] DEBUG org.asynchttpclient.netty.request.NettyRequestSender - Using open Channel [id: 0xb059b223, L:/127.0.0.1:60031 - R:localhost/127.0.0.1:36095] for POST '/session/cbf007b0abb31f2ab12a0d547471de21/element'
00:50:40.352 [AsyncHttpClient-1-13] DEBUG org.asynchttpclient.netty.handler.HttpHandler - 

Request DefaultHttpRequest(decodeResult: success, version: HTTP/1.1)
POST /session/cbf007b0abb31f2ab12a0d547471de21/element HTTP/1.1
User-Agent: selenium/4.7.1 (java windows)
Content-Length: 141
Content-Type: application/json; charset=utf-8
host: localhost:36095
accept: */*

Response DefaultHttpResponse(decodeResult: success, version: HTTP/1.1)
HTTP/1.1 200 OK
Content-Type: application/json; charset=utf-8
cache-control: no-cache
content-length: 88

00:50:40.353 [AsyncHttpClient-1-13] DEBUG org.asynchttpclient.netty.channel.ChannelManager - Adding key: http://localhost:36095 for channel [id: 0xb059b223, L:/127.0.0.1:60031 - R:localhost/127.0.0.1:36095]
00:50:40.355 [Forwarding getElementTagName on session cbf007b0abb31f2ab12a0d547471de21 to remote] DEBUG org.asynchttpclient.netty.request.NettyRequestSender - Using pooled Channel '[id: 0xb059b223, L:/127.0.0.1:60031 - R:localhost/127.0.0.1:36095]' for 'GET' to 'http://localhost:36095/session/cbf007b0abb31f2ab12a0d547471de21/element/e3d956d1-22e0-4c59-9fe3-73fdf7fd28fa/name'
00:50:40.355 [Forwarding getElementTagName on session cbf007b0abb31f2ab12a0d547471de21 to remote] DEBUG org.asynchttpclient.netty.request.NettyRequestSender - Using open Channel [id: 0xb059b223, L:/127.0.0.1:60031 - R:localhost/127.0.0.1:36095] for GET '/session/cbf007b0abb31f2ab12a0d547471de21/element/e3d956d1-22e0-4c59-9fe3-73fdf7fd28fa/name'
00:50:40.359 [AsyncHttpClient-1-13] DEBUG org.asynchttpclient.netty.handler.HttpHandler - 

Request DefaultFullHttpRequest(decodeResult: success, version: HTTP/1.1, content: EmptyByteBufBE)
GET /session/cbf007b0abb31f2ab12a0d547471de21/element/e3d956d1-22e0-4c59-9fe3-73fdf7fd28fa/name HTTP/1.1
User-Agent: selenium/4.7.1 (java windows)
Cache-Control: no-cache
Content-Type: application/json; charset=utf-8
host: localhost:36095
accept: */*

Response DefaultHttpResponse(decodeResult: success, version: HTTP/1.1)
HTTP/1.1 200 OK
Content-Type: application/json; charset=utf-8
cache-control: no-cache
content-length: 18

00:50:40.359 [AsyncHttpClient-1-13] DEBUG org.asynchttpclient.netty.channel.ChannelManager - Adding key: http://localhost:36095 for channel [id: 0xb059b223, L:/127.0.0.1:60031 - R:localhost/127.0.0.1:36095]
00:50:40.360 [Forwarding getElementTagName on session cbf007b0abb31f2ab12a0d547471de21 to remote] DEBUG org.asynchttpclient.netty.request.NettyRequestSender - Using pooled Channel '[id: 0xb059b223, L:/127.0.0.1:60031 - R:localhost/127.0.0.1:36095]' for 'GET' to 'http://localhost:36095/session/cbf007b0abb31f2ab12a0d547471de21/element/e3d956d1-22e0-4c59-9fe3-73fdf7fd28fa/name'
00:50:40.360 [Forwarding getElementTagName on session cbf007b0abb31f2ab12a0d547471de21 to remote] DEBUG org.asynchttpclient.netty.request.NettyRequestSender - Using open Channel [id: 0xb059b223, L:/127.0.0.1:60031 - R:localhost/127.0.0.1:36095] for GET '/session/cbf007b0abb31f2ab12a0d547471de21/element/e3d956d1-22e0-4c59-9fe3-73fdf7fd28fa/name'
00:50:40.363 [AsyncHttpClient-1-13] DEBUG org.asynchttpclient.netty.handler.HttpHandler - 

Request DefaultFullHttpRequest(decodeResult: success, version: HTTP/1.1, content: EmptyByteBufBE)
GET /session/cbf007b0abb31f2ab12a0d547471de21/element/e3d956d1-22e0-4c59-9fe3-73fdf7fd28fa/name HTTP/1.1
User-Agent: selenium/4.7.1 (java windows)
Cache-Control: no-cache
Content-Type: application/json; charset=utf-8
host: localhost:36095
accept: */*

Response DefaultHttpResponse(decodeResult: success, version: HTTP/1.1)
HTTP/1.1 200 OK
Content-Type: application/json; charset=utf-8
cache-control: no-cache
content-length: 18

00:50:40.363 [AsyncHttpClient-1-13] DEBUG org.asynchttpclient.netty.channel.ChannelManager - Adding key: http://localhost:36095 for channel [id: 0xb059b223, L:/127.0.0.1:60031 - R:localhost/127.0.0.1:36095]
00:50:40.364 [Forwarding isElementEnabled on session cbf007b0abb31f2ab12a0d547471de21 to remote] DEBUG org.asynchttpclient.netty.request.NettyRequestSender - Using pooled Channel '[id: 0xb059b223, L:/127.0.0.1:60031 - R:localhost/127.0.0.1:36095]' for 'GET' to 'http://localhost:36095/session/cbf007b0abb31f2ab12a0d547471de21/element/e3d956d1-22e0-4c59-9fe3-73fdf7fd28fa/enabled'
00:50:40.364 [Forwarding isElementEnabled on session cbf007b0abb31f2ab12a0d547471de21 to remote] DEBUG org.asynchttpclient.netty.request.NettyRequestSender - Using open Channel [id: 0xb059b223, L:/127.0.0.1:60031 - R:localhost/127.0.0.1:36095] for GET '/session/cbf007b0abb31f2ab12a0d547471de21/element/e3d956d1-22e0-4c59-9fe3-73fdf7fd28fa/enabled'
00:50:40.375 [AsyncHttpClient-1-13] DEBUG org.asynchttpclient.netty.handler.HttpHandler - 

Request DefaultFullHttpRequest(decodeResult: success, version: HTTP/1.1, content: EmptyByteBufBE)
GET /session/cbf007b0abb31f2ab12a0d547471de21/element/e3d956d1-22e0-4c59-9fe3-73fdf7fd28fa/enabled HTTP/1.1
User-Agent: selenium/4.7.1 (java windows)
Cache-Control: no-cache
Content-Type: application/json; charset=utf-8
host: localhost:36095
accept: */*

Response DefaultHttpResponse(decodeResult: success, version: HTTP/1.1)
HTTP/1.1 200 OK
Content-Type: application/json; charset=utf-8
cache-control: no-cache
content-length: 14

00:50:40.375 [AsyncHttpClient-1-13] DEBUG org.asynchttpclient.netty.channel.ChannelManager - Adding key: http://localhost:36095 for channel [id: 0xb059b223, L:/127.0.0.1:60031 - R:localhost/127.0.0.1:36095]
00:50:40.376 [Forwarding isElementEnabled on session cbf007b0abb31f2ab12a0d547471de21 to remote] DEBUG org.asynchttpclient.netty.request.NettyRequestSender - Using pooled Channel '[id: 0xb059b223, L:/127.0.0.1:60031 - R:localhost/127.0.0.1:36095]' for 'GET' to 'http://localhost:36095/session/cbf007b0abb31f2ab12a0d547471de21/element/e3d956d1-22e0-4c59-9fe3-73fdf7fd28fa/enabled'
00:50:40.376 [Forwarding isElementEnabled on session cbf007b0abb31f2ab12a0d547471de21 to remote] DEBUG org.asynchttpclient.netty.request.NettyRequestSender - Using open Channel [id: 0xb059b223, L:/127.0.0.1:60031 - R:localhost/127.0.0.1:36095] for GET '/session/cbf007b0abb31f2ab12a0d547471de21/element/e3d956d1-22e0-4c59-9fe3-73fdf7fd28fa/enabled'
00:50:40.381 [AsyncHttpClient-1-13] DEBUG org.asynchttpclient.netty.handler.HttpHandler - 

Request DefaultFullHttpRequest(decodeResult: success, version: HTTP/1.1, content: EmptyByteBufBE)
GET /session/cbf007b0abb31f2ab12a0d547471de21/element/e3d956d1-22e0-4c59-9fe3-73fdf7fd28fa/enabled HTTP/1.1
User-Agent: selenium/4.7.1 (java windows)
Cache-Control: no-cache
Content-Type: application/json; charset=utf-8
host: localhost:36095
accept: */*

Response DefaultHttpResponse(decodeResult: success, version: HTTP/1.1)
HTTP/1.1 200 OK
Content-Type: application/json; charset=utf-8
cache-control: no-cache
content-length: 14

00:50:40.381 [AsyncHttpClient-1-13] DEBUG org.asynchttpclient.netty.channel.ChannelManager - Adding key: http://localhost:36095 for channel [id: 0xb059b223, L:/127.0.0.1:60031 - R:localhost/127.0.0.1:36095]
00:50:40.382 [Forwarding findElement on session cbf007b0abb31f2ab12a0d547471de21 to remote] DEBUG org.asynchttpclient.netty.request.NettyRequestSender - Using pooled Channel '[id: 0xb059b223, L:/127.0.0.1:60031 - R:localhost/127.0.0.1:36095]' for 'POST' to 'http://localhost:36095/session/cbf007b0abb31f2ab12a0d547471de21/element'
00:50:40.382 [Forwarding findElement on session cbf007b0abb31f2ab12a0d547471de21 to remote] DEBUG org.asynchttpclient.netty.request.NettyRequestSender - Using open Channel [id: 0xb059b223, L:/127.0.0.1:60031 - R:localhost/127.0.0.1:36095] for POST '/session/cbf007b0abb31f2ab12a0d547471de21/element'
00:50:40.390 [AsyncHttpClient-1-13] DEBUG org.asynchttpclient.netty.handler.HttpHandler - 

Request DefaultHttpRequest(decodeResult: success, version: HTTP/1.1)
POST /session/cbf007b0abb31f2ab12a0d547471de21/element HTTP/1.1
User-Agent: selenium/4.7.1 (java windows)
Content-Length: 141
Content-Type: application/json; charset=utf-8
host: localhost:36095
accept: */*

Response DefaultHttpResponse(decodeResult: success, version: HTTP/1.1)
HTTP/1.1 200 OK
Content-Type: application/json; charset=utf-8
cache-control: no-cache
content-length: 88

00:50:40.390 [AsyncHttpClient-1-13] DEBUG org.asynchttpclient.netty.channel.ChannelManager - Adding key: http://localhost:36095 for channel [id: 0xb059b223, L:/127.0.0.1:60031 - R:localhost/127.0.0.1:36095]
00:50:40.391 [Forwarding clickElement on session cbf007b0abb31f2ab12a0d547471de21 to remote] DEBUG org.asynchttpclient.netty.request.NettyRequestSender - Using pooled Channel '[id: 0xb059b223, L:/127.0.0.1:60031 - R:localhost/127.0.0.1:36095]' for 'POST' to 'http://localhost:36095/session/cbf007b0abb31f2ab12a0d547471de21/element/e3d956d1-22e0-4c59-9fe3-73fdf7fd28fa/click'
00:50:40.391 [Forwarding clickElement on session cbf007b0abb31f2ab12a0d547471de21 to remote] DEBUG org.asynchttpclient.netty.request.NettyRequestSender - Using open Channel [id: 0xb059b223, L:/127.0.0.1:60031 - R:localhost/127.0.0.1:36095] for POST '/session/cbf007b0abb31f2ab12a0d547471de21/element/e3d956d1-22e0-4c59-9fe3-73fdf7fd28fa/click'
00:50:40.434 [AsyncHttpClient-1-13] DEBUG org.asynchttpclient.netty.handler.HttpHandler - 

Request DefaultHttpRequest(decodeResult: success, version: HTTP/1.1)
POST /session/cbf007b0abb31f2ab12a0d547471de21/element/e3d956d1-22e0-4c59-9fe3-73fdf7fd28fa/click HTTP/1.1
User-Agent: selenium/4.7.1 (java windows)
Content-Length: 50
Content-Type: application/json; charset=utf-8
host: localhost:36095
accept: */*

Response DefaultHttpResponse(decodeResult: success, version: HTTP/1.1)
HTTP/1.1 200 OK
Content-Type: application/json; charset=utf-8
cache-control: no-cache
content-length: 14

00:50:40.434 [AsyncHttpClient-1-13] DEBUG org.asynchttpclient.netty.channel.ChannelManager - Adding key: http://localhost:36095 for channel [id: 0xb059b223, L:/127.0.0.1:60031 - R:localhost/127.0.0.1:36095]
00:50:40.441 [Forwarding getCurrentWindowHandle on session cbf007b0abb31f2ab12a0d547471de21 to remote] DEBUG org.asynchttpclient.netty.request.NettyRequestSender - Using pooled Channel '[id: 0xb059b223, L:/127.0.0.1:60031 - R:localhost/127.0.0.1:36095]' for 'GET' to 'http://localhost:36095/session/cbf007b0abb31f2ab12a0d547471de21/window'
00:50:40.441 [Forwarding getCurrentWindowHandle on session cbf007b0abb31f2ab12a0d547471de21 to remote] DEBUG org.asynchttpclient.netty.request.NettyRequestSender - Using open Channel [id: 0xb059b223, L:/127.0.0.1:60031 - R:localhost/127.0.0.1:36095] for GET '/session/cbf007b0abb31f2ab12a0d547471de21/window'
00:50:40.442 [AsyncHttpClient-1-13] DEBUG org.asynchttpclient.netty.handler.HttpHandler - 

Request DefaultFullHttpRequest(decodeResult: success, version: HTTP/1.1, content: EmptyByteBufBE)
GET /session/cbf007b0abb31f2ab12a0d547471de21/window HTTP/1.1
User-Agent: selenium/4.7.1 (java windows)
Cache-Control: no-cache
Content-Type: application/json; charset=utf-8
host: localhost:36095
accept: */*

Response DefaultHttpResponse(decodeResult: success, version: HTTP/1.1)
HTTP/1.1 200 OK
Content-Type: application/json; charset=utf-8
cache-control: no-cache
content-length: 44

00:50:40.442 [AsyncHttpClient-1-13] DEBUG org.asynchttpclient.netty.channel.ChannelManager - Adding key: http://localhost:36095 for channel [id: 0xb059b223, L:/127.0.0.1:60031 - R:localhost/127.0.0.1:36095]
00:50:40.443 [Forwarding getAlertText on session cbf007b0abb31f2ab12a0d547471de21 to remote] DEBUG org.asynchttpclient.netty.request.NettyRequestSender - Using pooled Channel '[id: 0xb059b223, L:/127.0.0.1:60031 - R:localhost/127.0.0.1:36095]' for 'GET' to 'http://localhost:36095/session/cbf007b0abb31f2ab12a0d547471de21/alert/text'
00:50:40.443 [Forwarding getAlertText on session cbf007b0abb31f2ab12a0d547471de21 to remote] DEBUG org.asynchttpclient.netty.request.NettyRequestSender - Using open Channel [id: 0xb059b223, L:/127.0.0.1:60031 - R:localhost/127.0.0.1:36095] for GET '/session/cbf007b0abb31f2ab12a0d547471de21/alert/text'
00:50:40.444 [AsyncHttpClient-1-13] DEBUG org.asynchttpclient.netty.handler.HttpHandler - 

Request DefaultFullHttpRequest(decodeResult: success, version: HTTP/1.1, content: EmptyByteBufBE)
GET /session/cbf007b0abb31f2ab12a0d547471de21/alert/text HTTP/1.1
User-Agent: selenium/4.7.1 (java windows)
Cache-Control: no-cache
Content-Type: application/json; charset=utf-8
host: localhost:36095
accept: */*

Response DefaultHttpResponse(decodeResult: success, version: HTTP/1.1)
HTTP/1.1 404 Not Found
Content-Type: application/json; charset=utf-8
cache-control: no-cache
content-length: 849

00:50:40.444 [AsyncHttpClient-1-13] DEBUG org.asynchttpclient.netty.channel.ChannelManager - Adding key: http://localhost:36095 for channel [id: 0xb059b223, L:/127.0.0.1:60031 - R:localhost/127.0.0.1:36095]
00:50:40.446 [Forwarding switchToWindow on session cbf007b0abb31f2ab12a0d547471de21 to remote] DEBUG org.asynchttpclient.netty.request.NettyRequestSender - Using pooled Channel '[id: 0xb059b223, L:/127.0.0.1:60031 - R:localhost/127.0.0.1:36095]' for 'POST' to 'http://localhost:36095/session/cbf007b0abb31f2ab12a0d547471de21/window'
00:50:40.446 [Forwarding switchToWindow on session cbf007b0abb31f2ab12a0d547471de21 to remote] DEBUG org.asynchttpclient.netty.request.NettyRequestSender - Using open Channel [id: 0xb059b223, L:/127.0.0.1:60031 - R:localhost/127.0.0.1:36095] for POST '/session/cbf007b0abb31f2ab12a0d547471de21/window'
00:50:40.448 [AsyncHttpClient-1-13] DEBUG org.asynchttpclient.netty.handler.HttpHandler - 

Request DefaultHttpRequest(decodeResult: success, version: HTTP/1.1)
POST /session/cbf007b0abb31f2ab12a0d547471de21/window HTTP/1.1
User-Agent: selenium/4.7.1 (java windows)
Content-Length: 50
Content-Type: application/json; charset=utf-8
host: localhost:36095
accept: */*

Response DefaultHttpResponse(decodeResult: success, version: HTTP/1.1)
HTTP/1.1 200 OK
Content-Type: application/json; charset=utf-8
cache-control: no-cache
content-length: 14

00:50:40.448 [AsyncHttpClient-1-13] DEBUG org.asynchttpclient.netty.channel.ChannelManager - Adding key: http://localhost:36095 for channel [id: 0xb059b223, L:/127.0.0.1:60031 - R:localhost/127.0.0.1:36095]
00:50:40.448 [Forwarding getCurrentUrl on session cbf007b0abb31f2ab12a0d547471de21 to remote] DEBUG org.asynchttpclient.netty.request.NettyRequestSender - Using pooled Channel '[id: 0xb059b223, L:/127.0.0.1:60031 - R:localhost/127.0.0.1:36095]' for 'GET' to 'http://localhost:36095/session/cbf007b0abb31f2ab12a0d547471de21/url'
00:50:40.448 [Forwarding getCurrentUrl on session cbf007b0abb31f2ab12a0d547471de21 to remote] DEBUG org.asynchttpclient.netty.request.NettyRequestSender - Using open Channel [id: 0xb059b223, L:/127.0.0.1:60031 - R:localhost/127.0.0.1:36095] for GET '/session/cbf007b0abb31f2ab12a0d547471de21/url'
00:50:40.451 [AsyncHttpClient-1-13] DEBUG org.asynchttpclient.netty.handler.HttpHandler - 

Request DefaultFullHttpRequest(decodeResult: success, version: HTTP/1.1, content: EmptyByteBufBE)
GET /session/cbf007b0abb31f2ab12a0d547471de21/url HTTP/1.1
User-Agent: selenium/4.7.1 (java windows)
Cache-Control: no-cache
Content-Type: application/json; charset=utf-8
host: localhost:36095
accept: */*

Response DefaultHttpResponse(decodeResult: success, version: HTTP/1.1)
HTTP/1.1 200 OK
Content-Type: application/json; charset=utf-8
cache-control: no-cache
content-length: 54

00:50:40.451 [AsyncHttpClient-1-13] DEBUG org.asynchttpclient.netty.channel.ChannelManager - Adding key: http://localhost:36095 for channel [id: 0xb059b223, L:/127.0.0.1:60031 - R:localhost/127.0.0.1:36095]
00:50:40.457 [Forwarding screenshot on session cbf007b0abb31f2ab12a0d547471de21 to remote] DEBUG org.asynchttpclient.netty.request.NettyRequestSender - Using pooled Channel '[id: 0xb059b223, L:/127.0.0.1:60031 - R:localhost/127.0.0.1:36095]' for 'GET' to 'http://localhost:36095/session/cbf007b0abb31f2ab12a0d547471de21/screenshot'
00:50:40.457 [Forwarding screenshot on session cbf007b0abb31f2ab12a0d547471de21 to remote] DEBUG org.asynchttpclient.netty.request.NettyRequestSender - Using open Channel [id: 0xb059b223, L:/127.0.0.1:60031 - R:localhost/127.0.0.1:36095] for GET '/session/cbf007b0abb31f2ab12a0d547471de21/screenshot'
00:50:40.606 [AsyncHttpClient-1-13] DEBUG org.asynchttpclient.netty.handler.HttpHandler - 

Request DefaultFullHttpRequest(decodeResult: success, version: HTTP/1.1, content: EmptyByteBufBE)
GET /session/cbf007b0abb31f2ab12a0d547471de21/screenshot HTTP/1.1
User-Agent: selenium/4.7.1 (java windows)
Cache-Control: no-cache
Content-Type: application/json; charset=utf-8
host: localhost:36095
accept: */*

Response DefaultHttpResponse(decodeResult: success, version: HTTP/1.1)
HTTP/1.1 200 OK
Content-Type: application/json; charset=utf-8
cache-control: no-cache
content-length: 33944

00:50:40.606 [AsyncHttpClient-1-13] DEBUG org.asynchttpclient.netty.channel.ChannelManager - Adding key: http://localhost:36095 for channel [id: 0xb059b223, L:/127.0.0.1:60031 - R:localhost/127.0.0.1:36095]
00:50:40.607 [main] DEBUG net.serenitybdd.core.photography.Darkroom - Send negative for processing for target\site\serenity\03c502ff88197cae7366d2ddd545f0fe05f6f0da0541a277f688da99a00e6d23.png
00:50:40.607 [main] DEBUG net.thucydides.core.steps.StepInterceptor - STEP DONE: klikButtonRegister
  &amp#27;[32mThen &amp#27;[0m&amp#27;[32muser klik register yang kedua&amp#27;[0m                           &amp#27;[90m# starter.stepdefinitions.RegisterSteps.userKlikRegisterYangKedua()&amp#27;[0m
00:50:40.608 [Darkroom Processing Line] DEBUG net.serenitybdd.core.photography.DarkroomProcessingLine - Processing screenshot image in /var/screenshots/screenshot-4359952764522589195
00:50:40.608 [Darkroom Processing Line] DEBUG net.serenitybdd.core.photography.DarkroomProcessingLine - Saving screenshot to target\site\serenity\03c502ff88197cae7366d2ddd545f0fe05f6f0da0541a277f688da99a00e6d23.png
00:50:40.617 [main] DEBUG net.thucydides.core.steps.StepInterceptor - STARTING STEP: RegisterSteps.userMenerimaERRORMessage - munculErrorMessage
00:50:40.620 [Forwarding findElement on session cbf007b0abb31f2ab12a0d547471de21 to remote] DEBUG org.asynchttpclient.netty.request.NettyRequestSender - Using pooled Channel '[id: 0xb059b223, L:/127.0.0.1:60031 - R:localhost/127.0.0.1:36095]' for 'POST' to 'http://localhost:36095/session/cbf007b0abb31f2ab12a0d547471de21/element'
00:50:40.621 [Forwarding findElement on session cbf007b0abb31f2ab12a0d547471de21 to remote] DEBUG org.asynchttpclient.netty.request.NettyRequestSender - Using open Channel [id: 0xb059b223, L:/127.0.0.1:60031 - R:localhost/127.0.0.1:36095] for POST '/session/cbf007b0abb31f2ab12a0d547471de21/element'
00:50:40.730 [AsyncHttpClient-1-1] DEBUG org.asynchttpclient.netty.channel.DefaultChannelPool - Entry count for : http://localhost:60032 : 1
00:50:41.144 [AsyncHttpClient-1-13] DEBUG org.asynchttpclient.netty.handler.HttpHandler - 

Request DefaultHttpRequest(decodeResult: success, version: HTTP/1.1)
POST /session/cbf007b0abb31f2ab12a0d547471de21/element HTTP/1.1
User-Agent: selenium/4.7.1 (java windows)
Content-Length: 79
Content-Type: application/json; charset=utf-8
host: localhost:36095
accept: */*

Response DefaultHttpResponse(decodeResult: success, version: HTTP/1.1)
HTTP/1.1 200 OK
Content-Type: application/json; charset=utf-8
cache-control: no-cache
content-length: 88

00:50:41.144 [AsyncHttpClient-1-13] DEBUG org.asynchttpclient.netty.channel.ChannelManager - Adding key: http://localhost:36095 for channel [id: 0xb059b223, L:/127.0.0.1:60031 - R:localhost/127.0.0.1:36095]
00:50:41.148 [Forwarding isElementDisplayed on session cbf007b0abb31f2ab12a0d547471de21 to remote] DEBUG org.asynchttpclient.netty.request.NettyRequestSender - Using pooled Channel '[id: 0xb059b223, L:/127.0.0.1:60031 - R:localhost/127.0.0.1:36095]' for 'POST' to 'http://localhost:36095/session/cbf007b0abb31f2ab12a0d547471de21/execute/sync'
00:50:41.149 [Forwarding isElementDisplayed on session cbf007b0abb31f2ab12a0d547471de21 to remote] DEBUG org.asynchttpclient.netty.request.NettyRequestSender - Using open Channel [id: 0xb059b223, L:/127.0.0.1:60031 - R:localhost/127.0.0.1:36095] for POST '/session/cbf007b0abb31f2ab12a0d547471de21/execute/sync'
00:50:41.163 [AsyncHttpClient-1-13] DEBUG org.asynchttpclient.netty.handler.HttpHandler - 

Request DefaultHttpRequest(decodeResult: success, version: HTTP/1.1)
POST /session/cbf007b0abb31f2ab12a0d547471de21/execute/sync HTTP/1.1
User-Agent: selenium/4.7.1 (java windows)
Content-Length: 48780
Content-Type: application/json; charset=utf-8
host: localhost:36095
accept: */*

Response DefaultHttpResponse(decodeResult: success, version: HTTP/1.1)
HTTP/1.1 200 OK
Content-Type: application/json; charset=utf-8
cache-control: no-cache
content-length: 14

00:50:41.163 [AsyncHttpClient-1-13] DEBUG org.asynchttpclient.netty.channel.ChannelManager - Adding key: http://localhost:36095 for channel [id: 0xb059b223, L:/127.0.0.1:60031 - R:localhost/127.0.0.1:36095]
00:50:41.169 [Forwarding getCurrentWindowHandle on session cbf007b0abb31f2ab12a0d547471de21 to remote] DEBUG org.asynchttpclient.netty.request.NettyRequestSender - Using pooled Channel '[id: 0xb059b223, L:/127.0.0.1:60031 - R:localhost/127.0.0.1:36095]' for 'GET' to 'http://localhost:36095/session/cbf007b0abb31f2ab12a0d547471de21/window'
00:50:41.169 [Forwarding getCurrentWindowHandle on session cbf007b0abb31f2ab12a0d547471de21 to remote] DEBUG org.asynchttpclient.netty.request.NettyRequestSender - Using open Channel [id: 0xb059b223, L:/127.0.0.1:60031 - R:localhost/127.0.0.1:36095] for GET '/session/cbf007b0abb31f2ab12a0d547471de21/window'
00:50:41.170 [AsyncHttpClient-1-13] DEBUG org.asynchttpclient.netty.handler.HttpHandler - 

Request DefaultFullHttpRequest(decodeResult: success, version: HTTP/1.1, content: EmptyByteBufBE)
GET /session/cbf007b0abb31f2ab12a0d547471de21/window HTTP/1.1
User-Agent: selenium/4.7.1 (java windows)
Cache-Control: no-cache
Content-Type: application/json; charset=utf-8
host: localhost:36095
accept: */*

Response DefaultHttpResponse(decodeResult: success, version: HTTP/1.1)
HTTP/1.1 200 OK
Content-Type: application/json; charset=utf-8
cache-control: no-cache
content-length: 44

00:50:41.170 [AsyncHttpClient-1-13] DEBUG org.asynchttpclient.netty.channel.ChannelManager - Adding key: http://localhost:36095 for channel [id: 0xb059b223, L:/127.0.0.1:60031 - R:localhost/127.0.0.1:36095]
00:50:41.171 [Forwarding getAlertText on session cbf007b0abb31f2ab12a0d547471de21 to remote] DEBUG org.asynchttpclient.netty.request.NettyRequestSender - Using pooled Channel '[id: 0xb059b223, L:/127.0.0.1:60031 - R:localhost/127.0.0.1:36095]' for 'GET' to 'http://localhost:36095/session/cbf007b0abb31f2ab12a0d547471de21/alert/text'
00:50:41.171 [Forwarding getAlertText on session cbf007b0abb31f2ab12a0d547471de21 to remote] DEBUG org.asynchttpclient.netty.request.NettyRequestSender - Using open Channel [id: 0xb059b223, L:/127.0.0.1:60031 - R:localhost/127.0.0.1:36095] for GET '/session/cbf007b0abb31f2ab12a0d547471de21/alert/text'
00:50:41.173 [AsyncHttpClient-1-13] DEBUG org.asynchttpclient.netty.handler.HttpHandler - 

Request DefaultFullHttpRequest(decodeResult: success, version: HTTP/1.1, content: EmptyByteBufBE)
GET /session/cbf007b0abb31f2ab12a0d547471de21/alert/text HTTP/1.1
User-Agent: selenium/4.7.1 (java windows)
Cache-Control: no-cache
Content-Type: application/json; charset=utf-8
host: localhost:36095
accept: */*

Response DefaultHttpResponse(decodeResult: success, version: HTTP/1.1)
HTTP/1.1 404 Not Found
Content-Type: application/json; charset=utf-8
cache-control: no-cache
content-length: 849

00:50:41.173 [AsyncHttpClient-1-13] DEBUG org.asynchttpclient.netty.channel.ChannelManager - Adding key: http://localhost:36095 for channel [id: 0xb059b223, L:/127.0.0.1:60031 - R:localhost/127.0.0.1:36095]
00:50:41.175 [Forwarding switchToWindow on session cbf007b0abb31f2ab12a0d547471de21 to remote] DEBUG org.asynchttpclient.netty.request.NettyRequestSender - Using pooled Channel '[id: 0xb059b223, L:/127.0.0.1:60031 - R:localhost/127.0.0.1:36095]' for 'POST' to 'http://localhost:36095/session/cbf007b0abb31f2ab12a0d547471de21/window'
00:50:41.175 [Forwarding switchToWindow on session cbf007b0abb31f2ab12a0d547471de21 to remote] DEBUG org.asynchttpclient.netty.request.NettyRequestSender - Using open Channel [id: 0xb059b223, L:/127.0.0.1:60031 - R:localhost/127.0.0.1:36095] for POST '/session/cbf007b0abb31f2ab12a0d547471de21/window'
00:50:41.177 [AsyncHttpClient-1-13] DEBUG org.asynchttpclient.netty.handler.HttpHandler - 

Request DefaultHttpRequest(decodeResult: success, version: HTTP/1.1)
POST /session/cbf007b0abb31f2ab12a0d547471de21/window HTTP/1.1
User-Agent: selenium/4.7.1 (java windows)
Content-Length: 50
Content-Type: application/json; charset=utf-8
host: localhost:36095
accept: */*

Response DefaultHttpResponse(decodeResult: success, version: HTTP/1.1)
HTTP/1.1 200 OK
Content-Type: application/json; charset=utf-8
cache-control: no-cache
content-length: 14

00:50:41.177 [AsyncHttpClient-1-13] DEBUG org.asynchttpclient.netty.channel.ChannelManager - Adding key: http://localhost:36095 for channel [id: 0xb059b223, L:/127.0.0.1:60031 - R:localhost/127.0.0.1:36095]
00:50:41.177 [Forwarding getCurrentUrl on session cbf007b0abb31f2ab12a0d547471de21 to remote] DEBUG org.asynchttpclient.netty.request.NettyRequestSender - Using pooled Channel '[id: 0xb059b223, L:/127.0.0.1:60031 - R:localhost/127.0.0.1:36095]' for 'GET' to 'http://localhost:36095/session/cbf007b0abb31f2ab12a0d547471de21/url'
00:50:41.177 [Forwarding getCurrentUrl on session cbf007b0abb31f2ab12a0d547471de21 to remote] DEBUG org.asynchttpclient.netty.request.NettyRequestSender - Using open Channel [id: 0xb059b223, L:/127.0.0.1:60031 - R:localhost/127.0.0.1:36095] for GET '/session/cbf007b0abb31f2ab12a0d547471de21/url'
00:50:41.190 [AsyncHttpClient-1-13] DEBUG org.asynchttpclient.netty.handler.HttpHandler - 

Request DefaultFullHttpRequest(decodeResult: success, version: HTTP/1.1, content: EmptyByteBufBE)
GET /session/cbf007b0abb31f2ab12a0d547471de21/url HTTP/1.1
User-Agent: selenium/4.7.1 (java windows)
Cache-Control: no-cache
Content-Type: application/json; charset=utf-8
host: localhost:36095
accept: */*

Response DefaultHttpResponse(decodeResult: success, version: HTTP/1.1)
HTTP/1.1 200 OK
Content-Type: application/json; charset=utf-8
cache-control: no-cache
content-length: 54

00:50:41.190 [AsyncHttpClient-1-13] DEBUG org.asynchttpclient.netty.channel.ChannelManager - Adding key: http://localhost:36095 for channel [id: 0xb059b223, L:/127.0.0.1:60031 - R:localhost/127.0.0.1:36095]
00:50:41.191 [Forwarding screenshot on session cbf007b0abb31f2ab12a0d547471de21 to remote] DEBUG org.asynchttpclient.netty.request.NettyRequestSender - Using pooled Channel '[id: 0xb059b223, L:/127.0.0.1:60031 - R:localhost/127.0.0.1:36095]' for 'GET' to 'http://localhost:36095/session/cbf007b0abb31f2ab12a0d547471de21/screenshot'
00:50:41.191 [Forwarding screenshot on session cbf007b0abb31f2ab12a0d547471de21 to remote] DEBUG org.asynchttpclient.netty.request.NettyRequestSender - Using open Channel [id: 0xb059b223, L:/127.0.0.1:60031 - R:localhost/127.0.0.1:36095] for GET '/session/cbf007b0abb31f2ab12a0d547471de21/screenshot'
00:50:41.277 [AsyncHttpClient-1-13] DEBUG org.asynchttpclient.netty.handler.HttpHandler - 

Request DefaultFullHttpRequest(decodeResult: success, version: HTTP/1.1, content: EmptyByteBufBE)
GET /session/cbf007b0abb31f2ab12a0d547471de21/screenshot HTTP/1.1
User-Agent: selenium/4.7.1 (java windows)
Cache-Control: no-cache
Content-Type: application/json; charset=utf-8
host: localhost:36095
accept: */*

Response DefaultHttpResponse(decodeResult: success, version: HTTP/1.1)
HTTP/1.1 200 OK
Content-Type: application/json; charset=utf-8
cache-control: no-cache
content-length: 35068

00:50:41.278 [AsyncHttpClient-1-13] DEBUG org.asynchttpclient.netty.channel.ChannelManager - Adding key: http://localhost:36095 for channel [id: 0xb059b223, L:/127.0.0.1:60031 - R:localhost/127.0.0.1:36095]
00:50:41.279 [main] DEBUG net.serenitybdd.core.photography.Darkroom - Send negative for processing for target\site\serenity\636c013f2df9cc1b44883f526444b9036ba5598c0a685afb4aa693ee87840243.png
00:50:41.279 [main] DEBUG net.thucydides.core.steps.StepInterceptor - STEP DONE: munculErrorMessage
  &amp#27;[32mAnd &amp#27;[0m&amp#27;[32muser menerima ERROR message &amp#27;[0m&amp#27;[32m&amp#27;[1m"password is required"&amp#27;[0m       &amp#27;[90m# starter.stepdefinitions.RegisterSteps.userMenerimaERRORMessage(java.lang.String)&amp#27;[0m
00:50:41.280 [Darkroom Processing Line] DEBUG net.serenitybdd.core.photography.DarkroomProcessingLine - Processing screenshot image in /var/screenshots/screenshot-2574087697240916799
00:50:41.280 [Darkroom Processing Line] DEBUG net.serenitybdd.core.photography.DarkroomProcessingLine - Saving screenshot to target\site\serenity\636c013f2df9cc1b44883f526444b9036ba5598c0a685afb4aa693ee87840243.png
00:50:41.286 [main] INFO  - 
  _____   ___   ___   _____     ___     _     ___   ___   ___   ___  
 |_   _| | __| / __| |_   _|   | _ \   /_\   / __| / __| | __| |   \ 
   | |   | _|  \__ \   | |     |  _/  / _ \  \__ \ \__ \ | _|  | |) |
   |_|   |___| |___/   |_|     |_|   /_/ \_\ |___/ |___/ |___| |___/ 

user tidak bisa register karena tidak input password
----------------------------------------------------------------------
00:50:41.287 [AsyncHttpClient-1-15] DEBUG org.asynchttpclient.netty.handler.WebSocketHandler - Channel Closed: [id: 0xa26df49b, L:/127.0.0.1:60038 ! R:localhost/127.0.0.1:60032] with attribute NettyResponseFuture{currentRetry=0,
	isDone=1,
	isCancelled=0,
	asyncHandler=org.asynchttpclient.ws.WebSocketUpgradeHandler@1a131f4e,
	nettyRequest=org.asynchttpclient.netty.request.NettyRequest@52e997d9,
	future=java.util.concurrent.CompletableFuture@625085ee[Completed normally],
	uri=ws://localhost:60032/devtools/browser/3fa3e155-b3ed-4c67-a583-7eb82dda788e,
	keepAlive=true,
	redirectCount=0,
	timeoutsHolder=null,
	inAuth=0,
	touch=1683654632661}
00:50:41.287 [Driver Command Executor] DEBUG org.asynchttpclient.netty.request.NettyRequestSender - Using pooled Channel '[id: 0xb059b223, L:/127.0.0.1:60031 - R:localhost/127.0.0.1:36095]' for 'DELETE' to 'http://localhost:36095/session/cbf007b0abb31f2ab12a0d547471de21'
00:50:41.287 [Driver Command Executor] DEBUG org.asynchttpclient.netty.request.NettyRequestSender - Using open Channel [id: 0xb059b223, L:/127.0.0.1:60031 - R:localhost/127.0.0.1:36095] for DELETE '/session/cbf007b0abb31f2ab12a0d547471de21'
00:50:41.287 [AsyncHttpClient-1-15] DEBUG org.asynchttpclient.netty.channel.ChannelManager - Closing Channel [id: 0xa26df49b, L:/127.0.0.1:60038 ! R:localhost/127.0.0.1:60032] 
00:50:41.346 [AsyncHttpClient-1-14] DEBUG org.asynchttpclient.netty.handler.HttpHandler - Unexpected I/O exception on channel [id: 0x73be07ac, L:/127.0.0.1:60037 - R:localhost/127.0.0.1:60032]
java.net.SocketException: Connection reset
	at java.base/sun.nio.ch.SocketChannelImpl.throwConnectionReset(SocketChannelImpl.java:401)
	at java.base/sun.nio.ch.SocketChannelImpl.read(SocketChannelImpl.java:434)
	at io.netty.buffer.PooledByteBuf.setBytes(PooledByteBuf.java:259)
	at io.netty.buffer.AbstractByteBuf.writeBytes(AbstractByteBuf.java:1132)
	at io.netty.channel.socket.nio.NioSocketChannel.doReadBytes(NioSocketChannel.java:357)
	at io.netty.channel.nio.AbstractNioByteChannel$NioByteUnsafe.read(AbstractNioByteChannel.java:151)
	at io.netty.channel.nio.NioEventLoop.processSelectedKey(NioEventLoop.java:788)
	at io.netty.channel.nio.NioEventLoop.processSelectedKeysOptimized(NioEventLoop.java:724)
	at io.netty.channel.nio.NioEventLoop.processSelectedKeys(NioEventLoop.java:650)
	at io.netty.channel.nio.NioEventLoop.run(NioEventLoop.java:562)
	at io.netty.util.concurrent.SingleThreadEventExecutor$4.run(SingleThreadEventExecutor.java:997)
	at io.netty.util.internal.ThreadExecutorMap$2.run(ThreadExecutorMap.java:74)
	at io.netty.util.concurrent.FastThreadLocalRunnable.run(FastThreadLocalRunnable.java:30)
	at java.base/java.lang.Thread.run(Thread.java:1589)
00:50:41.347 [AsyncHttpClient-1-14] DEBUG org.asynchttpclient.netty.channel.ChannelManager - Closing Channel [id: 0x73be07ac, L:/127.0.0.1:60037 - R:localhost/127.0.0.1:60032] 
00:50:41.347 [AsyncHttpClient-1-14] DEBUG org.asynchttpclient.netty.handler.HttpHandler - Channel Closed: [id: 0x73be07ac, L:/127.0.0.1:60037 ! R:localhost/127.0.0.1:60032] with attribute DISCARD
00:50:41.368 [AsyncHttpClient-1-13] DEBUG org.asynchttpclient.netty.handler.HttpHandler - 

Request DefaultFullHttpRequest(decodeResult: success, version: HTTP/1.1, content: EmptyByteBufBE)
DELETE /session/cbf007b0abb31f2ab12a0d547471de21 HTTP/1.1
User-Agent: selenium/4.7.1 (java windows)
Content-Type: application/json; charset=utf-8
host: localhost:36095
accept: */*

Response DefaultHttpResponse(decodeResult: success, version: HTTP/1.1)
HTTP/1.1 200 OK
Content-Type: application/json; charset=utf-8
cache-control: no-cache
content-length: 14

00:50:41.368 [AsyncHttpClient-1-13] DEBUG org.asynchttpclient.netty.channel.ChannelManager - Adding key: http://localhost:36095 for channel [id: 0xb059b223, L:/127.0.0.1:60031 - R:localhost/127.0.0.1:36095]
00:50:41.440 [AsyncHttpClient-1-13] DEBUG org.asynchttpclient.netty.handler.HttpHandler - Channel Closed: [id: 0xb059b223, L:/127.0.0.1:60031 ! R:localhost/127.0.0.1:36095] with attribute DISCARD
]]></system-out>
    <system-err><![CDATA[Starting ChromeDriver 112.0.5615.49 (bd2a7bcb881c11e8cfe3078709382934e3916914-refs/branch-heads/5615@{#936}) on port 36095
Only local connections are allowed.
Please see https://chromedriver.chromium.org/security-considerations for suggestions on keeping ChromeDriver safe.
ChromeDriver was started successfully.
May 10, 2023 12:50:32 AM org.openqa.selenium.devtools.CdpVersionFinder findNearestMatch
WARNING: Unable to find an exact match for CDP version 112, so returning the closest version found: 108
]]></system-err>
  </testcase>
  <testcase name="user bisa register" classname="register" time="10.728">
    <system-out><![CDATA[
@AS11-positive
Scenario: user bisa register                                      &amp#27;[90m# src/test/resources/features/2. Register.feature:48&amp#27;[0m
00:50:41.517 [main] INFO io.cucumber.core.plugin.SerenityReporter - Running feature from file:///C:/Users/HP/Downloads/Mini-Project-QA/ALTASHOP%20WEB%20AUTOMATION/src/test/resources/features/2.%20Register.feature
00:50:41.519 [main] INFO  - 
  _____   ___   ___   _____     ___   _____     _     ___   _____   ___   ___  
 |_   _| | __| / __| |_   _|   / __| |_   _|   /_\   | _ \ |_   _| | __| |   \ 
   | |   | _|  \__ \   | |     \__ \   | |    / _ \  |   /   | |   | _|  | |) |
   |_|   |___| |___/   |_|     |___/   |_|   /_/ \_\ |_|_\   |_|   |___| |___/ 

user bisa register(register;user-bisa-register)
--------------------------------------------------------------------------------
00:50:41.538 [main] DEBUG net.thucydides.core.steps.StepInterceptor - STARTING STEP: LoginRegisterSteps.userBeradaDiHomepageAlta - diHomepageAltaShop
00:50:41.594 [main] INFO net.serenitybdd.core.webdriver.driverproviders.ChromeDriverProvider - Starting Chrome driver instance with capabilities:
00:50:41.595 [main] INFO net.serenitybdd.core.webdriver.driverproviders.ChromeDriverProvider - Capabilities {acceptInsecureCerts: true, browserName: chrome, goog:chromeOptions: {args: [remote-allow-origins=*, test-type, no-sandbox, ignore-certificate-errors, start-maximized, incognito, disable-infobars, disable-gpu, disable-default-apps, disable-popup-blocking, remote-allow-origins=*, test-type, no-sandbox, ignore-certificate-errors, start-maximized, incognito, disable-infobars, disable-gpu, disable-default-apps, disable-popup-blocking], extensions: []}}
00:50:41.674 [AsyncHttpClient-1-16] DEBUG org.asynchttpclient.netty.channel.NettyConnectListener - Using new Channel '[id: 0xc9c9d9c1, L:/127.0.0.1:60065 - R:localhost/127.0.0.1:25271]' for 'POST' to '/session'
00:50:41.829 [AsyncHttpClient-1-1] DEBUG org.asynchttpclient.netty.channel.DefaultChannelPool - Entry count for : http://localhost:60032 : 1
00:50:41.829 [AsyncHttpClient-1-1] DEBUG org.asynchttpclient.netty.channel.DefaultChannelPool - Entry count for : http://localhost:36095 : 1
00:50:41.829 [AsyncHttpClient-1-1] DEBUG org.asynchttpclient.netty.channel.DefaultChannelPool - Adding Candidate expired Channel [id: 0x73be07ac, L:/127.0.0.1:60037 ! R:localhost/127.0.0.1:60032] isIdleTimeoutExpired=false isRemotelyClosed=true isTtlExpired=false
00:50:41.829 [AsyncHttpClient-1-1] DEBUG org.asynchttpclient.netty.channel.DefaultChannelPool - Closing Idle Channel [id: 0x73be07ac, L:/127.0.0.1:60037 ! R:localhost/127.0.0.1:60032]
00:50:41.829 [AsyncHttpClient-1-1] DEBUG org.asynchttpclient.netty.channel.DefaultChannelPool - Adding Candidate expired Channel [id: 0xb059b223, L:/127.0.0.1:60031 ! R:localhost/127.0.0.1:36095] isIdleTimeoutExpired=false isRemotelyClosed=true isTtlExpired=false
00:50:41.829 [AsyncHttpClient-1-1] DEBUG org.asynchttpclient.netty.channel.DefaultChannelPool - Closing Idle Channel [id: 0xb059b223, L:/127.0.0.1:60031 ! R:localhost/127.0.0.1:36095]
00:50:41.829 [AsyncHttpClient-1-1] DEBUG org.asynchttpclient.netty.channel.DefaultChannelPool - Closed 2 connections out of 2 in 0 ms
00:50:42.447 [AsyncHttpClient-1-16] DEBUG org.asynchttpclient.netty.handler.HttpHandler - 

Request DefaultHttpRequest(decodeResult: success, version: HTTP/1.1)
POST /session HTTP/1.1
User-Agent: selenium/4.7.1 (java windows)
Content-Length: 1629
Content-Type: application/json; charset=utf-8
host: localhost:25271
accept: */*

Response DefaultHttpResponse(decodeResult: success, version: HTTP/1.1)
HTTP/1.1 200 OK
Content-Type: application/json; charset=utf-8
cache-control: no-cache
content-length: 856

00:50:42.447 [AsyncHttpClient-1-16] DEBUG org.asynchttpclient.netty.channel.ChannelManager - Adding key: http://localhost:25271 for channel [id: 0xc9c9d9c1, L:/127.0.0.1:60065 - R:localhost/127.0.0.1:25271]
00:50:42.455 [AsyncHttpClient-1-17] DEBUG org.asynchttpclient.netty.channel.NettyConnectListener - Using new Channel '[id: 0x9ab97983, L:/127.0.0.1:60071 - R:localhost/127.0.0.1:60066]' for 'GET' to '/json/version'
00:50:42.456 [AsyncHttpClient-1-17] DEBUG org.asynchttpclient.netty.handler.HttpHandler - 

Request DefaultFullHttpRequest(decodeResult: success, version: HTTP/1.1, content: EmptyByteBufBE)
GET /json/version HTTP/1.1
User-Agent: selenium/4.7.1 (java windows)
host: localhost:60066
accept: */*

Response DefaultHttpResponse(decodeResult: success, version: HTTP/1.1)
HTTP/1.1 200 OK
Content-Security-Policy: frame-ancestors 'none'
Content-Type: application/json; charset=UTF-8
content-length: 424

00:50:42.456 [AsyncHttpClient-1-17] DEBUG org.asynchttpclient.netty.channel.ChannelManager - Adding key: http://localhost:60066 for channel [id: 0x9ab97983, L:/127.0.0.1:60071 - R:localhost/127.0.0.1:60066]
00:50:42.460 [AsyncHttpClient-1-2] DEBUG org.asynchttpclient.netty.channel.NettyConnectListener - Using new Channel '[id: 0xd7f36f2d, L:/127.0.0.1:60072 - R:localhost/127.0.0.1:60066]' for 'GET' to '/devtools/browser/237410f5-78a1-4115-a34e-466b4b1fc2e5'
00:50:42.461 [AsyncHttpClient-1-2] DEBUG org.asynchttpclient.netty.handler.WebSocketHandler - 

Request DefaultFullHttpRequest(decodeResult: success, version: HTTP/1.1, content: EmptyByteBufBE)
GET /devtools/browser/237410f5-78a1-4115-a34e-466b4b1fc2e5 HTTP/1.1
upgrade: websocket
connection: upgrade
sec-websocket-key: 5ZQf8VK2rkVQNvSEUMzQFQ==
sec-websocket-version: 13
origin: http://localhost:60066
host: localhost:60066
accept: */*
user-agent: AHC/2.1

Response DefaultHttpResponse(decodeResult: success, version: HTTP/1.1)
HTTP/1.1 101 WebSocket Protocol Handshake
Upgrade: WebSocket
Connection: Upgrade
Sec-WebSocket-Accept: MP+oUw+Q4e/LSSxviT7l4dbCXmA=

00:50:42.472 [Forwarding get on session 33fc8c03837af926b89ec9c035010d63 to remote] DEBUG org.asynchttpclient.netty.request.NettyRequestSender - Using pooled Channel '[id: 0xc9c9d9c1, L:/127.0.0.1:60065 - R:localhost/127.0.0.1:25271]' for 'POST' to 'http://localhost:25271/session/33fc8c03837af926b89ec9c035010d63/url'
00:50:42.473 [Forwarding get on session 33fc8c03837af926b89ec9c035010d63 to remote] DEBUG org.asynchttpclient.netty.request.NettyRequestSender - Using open Channel [id: 0xc9c9d9c1, L:/127.0.0.1:60065 - R:localhost/127.0.0.1:25271] for POST '/session/33fc8c03837af926b89ec9c035010d63/url'
00:50:42.931 [AsyncHttpClient-1-1] DEBUG org.asynchttpclient.netty.channel.DefaultChannelPool - Entry count for : http://localhost:60066 : 1
00:50:44.029 [AsyncHttpClient-1-1] DEBUG org.asynchttpclient.netty.channel.DefaultChannelPool - Entry count for : http://localhost:60066 : 1
00:50:45.134 [AsyncHttpClient-1-1] DEBUG org.asynchttpclient.netty.channel.DefaultChannelPool - Entry count for : http://localhost:60066 : 1
00:50:46.231 [AsyncHttpClient-1-1] DEBUG org.asynchttpclient.netty.channel.DefaultChannelPool - Entry count for : http://localhost:60066 : 1
00:50:46.282 [AsyncHttpClient-1-16] DEBUG org.asynchttpclient.netty.handler.HttpHandler - 

Request DefaultHttpRequest(decodeResult: success, version: HTTP/1.1)
POST /session/33fc8c03837af926b89ec9c035010d63/url HTTP/1.1
User-Agent: selenium/4.7.1 (java windows)
Content-Length: 59
Content-Type: application/json; charset=utf-8
host: localhost:25271
accept: */*

Response DefaultHttpResponse(decodeResult: success, version: HTTP/1.1)
HTTP/1.1 200 OK
Content-Type: application/json; charset=utf-8
cache-control: no-cache
content-length: 14

00:50:46.282 [AsyncHttpClient-1-16] DEBUG org.asynchttpclient.netty.channel.ChannelManager - Adding key: http://localhost:25271 for channel [id: 0xc9c9d9c1, L:/127.0.0.1:60065 - R:localhost/127.0.0.1:25271]
00:50:46.283 [Forwarding setTimeout on session 33fc8c03837af926b89ec9c035010d63 to remote] DEBUG org.asynchttpclient.netty.request.NettyRequestSender - Using pooled Channel '[id: 0xc9c9d9c1, L:/127.0.0.1:60065 - R:localhost/127.0.0.1:25271]' for 'POST' to 'http://localhost:25271/session/33fc8c03837af926b89ec9c035010d63/timeouts'
00:50:46.284 [Forwarding setTimeout on session 33fc8c03837af926b89ec9c035010d63 to remote] DEBUG org.asynchttpclient.netty.request.NettyRequestSender - Using open Channel [id: 0xc9c9d9c1, L:/127.0.0.1:60065 - R:localhost/127.0.0.1:25271] for POST '/session/33fc8c03837af926b89ec9c035010d63/timeouts'
00:50:46.285 [AsyncHttpClient-1-16] DEBUG org.asynchttpclient.netty.handler.HttpHandler - 

Request DefaultHttpRequest(decodeResult: success, version: HTTP/1.1)
POST /session/33fc8c03837af926b89ec9c035010d63/timeouts HTTP/1.1
User-Agent: selenium/4.7.1 (java windows)
Content-Length: 22
Content-Type: application/json; charset=utf-8
host: localhost:25271
accept: */*

Response DefaultHttpResponse(decodeResult: success, version: HTTP/1.1)
HTTP/1.1 200 OK
Content-Type: application/json; charset=utf-8
cache-control: no-cache
content-length: 14

00:50:46.285 [AsyncHttpClient-1-16] DEBUG org.asynchttpclient.netty.channel.ChannelManager - Adding key: http://localhost:25271 for channel [id: 0xc9c9d9c1, L:/127.0.0.1:60065 - R:localhost/127.0.0.1:25271]
00:50:46.288 [Forwarding getCurrentUrl on session 33fc8c03837af926b89ec9c035010d63 to remote] DEBUG org.asynchttpclient.netty.request.NettyRequestSender - Using pooled Channel '[id: 0xc9c9d9c1, L:/127.0.0.1:60065 - R:localhost/127.0.0.1:25271]' for 'GET' to 'http://localhost:25271/session/33fc8c03837af926b89ec9c035010d63/url'
00:50:46.288 [Forwarding getCurrentUrl on session 33fc8c03837af926b89ec9c035010d63 to remote] DEBUG org.asynchttpclient.netty.request.NettyRequestSender - Using open Channel [id: 0xc9c9d9c1, L:/127.0.0.1:60065 - R:localhost/127.0.0.1:25271] for GET '/session/33fc8c03837af926b89ec9c035010d63/url'
00:50:46.293 [AsyncHttpClient-1-16] DEBUG org.asynchttpclient.netty.handler.HttpHandler - 

Request DefaultFullHttpRequest(decodeResult: success, version: HTTP/1.1, content: EmptyByteBufBE)
GET /session/33fc8c03837af926b89ec9c035010d63/url HTTP/1.1
User-Agent: selenium/4.7.1 (java windows)
Cache-Control: no-cache
Content-Type: application/json; charset=utf-8
host: localhost:25271
accept: */*

Response DefaultHttpResponse(decodeResult: success, version: HTTP/1.1)
HTTP/1.1 200 OK
Content-Type: application/json; charset=utf-8
cache-control: no-cache
content-length: 41

00:50:46.294 [AsyncHttpClient-1-16] DEBUG org.asynchttpclient.netty.channel.ChannelManager - Adding key: http://localhost:25271 for channel [id: 0xc9c9d9c1, L:/127.0.0.1:60065 - R:localhost/127.0.0.1:25271]
00:50:46.297 [Forwarding getCurrentUrl on session 33fc8c03837af926b89ec9c035010d63 to remote] DEBUG org.asynchttpclient.netty.request.NettyRequestSender - Using pooled Channel '[id: 0xc9c9d9c1, L:/127.0.0.1:60065 - R:localhost/127.0.0.1:25271]' for 'GET' to 'http://localhost:25271/session/33fc8c03837af926b89ec9c035010d63/url'
00:50:46.297 [Forwarding getCurrentUrl on session 33fc8c03837af926b89ec9c035010d63 to remote] DEBUG org.asynchttpclient.netty.request.NettyRequestSender - Using open Channel [id: 0xc9c9d9c1, L:/127.0.0.1:60065 - R:localhost/127.0.0.1:25271] for GET '/session/33fc8c03837af926b89ec9c035010d63/url'
00:50:46.300 [AsyncHttpClient-1-16] DEBUG org.asynchttpclient.netty.handler.HttpHandler - 

Request DefaultFullHttpRequest(decodeResult: success, version: HTTP/1.1, content: EmptyByteBufBE)
GET /session/33fc8c03837af926b89ec9c035010d63/url HTTP/1.1
User-Agent: selenium/4.7.1 (java windows)
Cache-Control: no-cache
Content-Type: application/json; charset=utf-8
host: localhost:25271
accept: */*

Response DefaultHttpResponse(decodeResult: success, version: HTTP/1.1)
HTTP/1.1 200 OK
Content-Type: application/json; charset=utf-8
cache-control: no-cache
content-length: 41

00:50:46.300 [AsyncHttpClient-1-16] DEBUG org.asynchttpclient.netty.channel.ChannelManager - Adding key: http://localhost:25271 for channel [id: 0xc9c9d9c1, L:/127.0.0.1:60065 - R:localhost/127.0.0.1:25271]
00:50:46.304 [Forwarding findElement on session 33fc8c03837af926b89ec9c035010d63 to remote] DEBUG org.asynchttpclient.netty.request.NettyRequestSender - Using pooled Channel '[id: 0xc9c9d9c1, L:/127.0.0.1:60065 - R:localhost/127.0.0.1:25271]' for 'POST' to 'http://localhost:25271/session/33fc8c03837af926b89ec9c035010d63/element'
00:50:46.304 [Forwarding findElement on session 33fc8c03837af926b89ec9c035010d63 to remote] DEBUG org.asynchttpclient.netty.request.NettyRequestSender - Using open Channel [id: 0xc9c9d9c1, L:/127.0.0.1:60065 - R:localhost/127.0.0.1:25271] for POST '/session/33fc8c03837af926b89ec9c035010d63/element'
00:50:46.320 [AsyncHttpClient-1-16] DEBUG org.asynchttpclient.netty.handler.HttpHandler - 

Request DefaultHttpRequest(decodeResult: success, version: HTTP/1.1)
POST /session/33fc8c03837af926b89ec9c035010d63/element HTTP/1.1
User-Agent: selenium/4.7.1 (java windows)
Content-Length: 108
Content-Type: application/json; charset=utf-8
host: localhost:25271
accept: */*

Response DefaultHttpResponse(decodeResult: success, version: HTTP/1.1)
HTTP/1.1 200 OK
Content-Type: application/json; charset=utf-8
cache-control: no-cache
content-length: 88

00:50:46.321 [AsyncHttpClient-1-16] DEBUG org.asynchttpclient.netty.channel.ChannelManager - Adding key: http://localhost:25271 for channel [id: 0xc9c9d9c1, L:/127.0.0.1:60065 - R:localhost/127.0.0.1:25271]
00:50:46.324 [Forwarding isElementDisplayed on session 33fc8c03837af926b89ec9c035010d63 to remote] DEBUG org.asynchttpclient.netty.request.NettyRequestSender - Using pooled Channel '[id: 0xc9c9d9c1, L:/127.0.0.1:60065 - R:localhost/127.0.0.1:25271]' for 'POST' to 'http://localhost:25271/session/33fc8c03837af926b89ec9c035010d63/execute/sync'
00:50:46.324 [Forwarding isElementDisplayed on session 33fc8c03837af926b89ec9c035010d63 to remote] DEBUG org.asynchttpclient.netty.request.NettyRequestSender - Using open Channel [id: 0xc9c9d9c1, L:/127.0.0.1:60065 - R:localhost/127.0.0.1:25271] for POST '/session/33fc8c03837af926b89ec9c035010d63/execute/sync'
00:50:46.342 [AsyncHttpClient-1-16] DEBUG org.asynchttpclient.netty.handler.HttpHandler - 

Request DefaultHttpRequest(decodeResult: success, version: HTTP/1.1)
POST /session/33fc8c03837af926b89ec9c035010d63/execute/sync HTTP/1.1
User-Agent: selenium/4.7.1 (java windows)
Content-Length: 48780
Content-Type: application/json; charset=utf-8
host: localhost:25271
accept: */*

Response DefaultHttpResponse(decodeResult: success, version: HTTP/1.1)
HTTP/1.1 200 OK
Content-Type: application/json; charset=utf-8
cache-control: no-cache
content-length: 14

00:50:46.342 [AsyncHttpClient-1-16] DEBUG org.asynchttpclient.netty.channel.ChannelManager - Adding key: http://localhost:25271 for channel [id: 0xc9c9d9c1, L:/127.0.0.1:60065 - R:localhost/127.0.0.1:25271]
00:50:46.344 [Forwarding isElementDisplayed on session 33fc8c03837af926b89ec9c035010d63 to remote] DEBUG org.asynchttpclient.netty.request.NettyRequestSender - Using pooled Channel '[id: 0xc9c9d9c1, L:/127.0.0.1:60065 - R:localhost/127.0.0.1:25271]' for 'POST' to 'http://localhost:25271/session/33fc8c03837af926b89ec9c035010d63/execute/sync'
00:50:46.344 [Forwarding isElementDisplayed on session 33fc8c03837af926b89ec9c035010d63 to remote] DEBUG org.asynchttpclient.netty.request.NettyRequestSender - Using open Channel [id: 0xc9c9d9c1, L:/127.0.0.1:60065 - R:localhost/127.0.0.1:25271] for POST '/session/33fc8c03837af926b89ec9c035010d63/execute/sync'
00:50:46.360 [AsyncHttpClient-1-16] DEBUG org.asynchttpclient.netty.handler.HttpHandler - 

Request DefaultHttpRequest(decodeResult: success, version: HTTP/1.1)
POST /session/33fc8c03837af926b89ec9c035010d63/execute/sync HTTP/1.1
User-Agent: selenium/4.7.1 (java windows)
Content-Length: 48780
Content-Type: application/json; charset=utf-8
host: localhost:25271
accept: */*

Response DefaultHttpResponse(decodeResult: success, version: HTTP/1.1)
HTTP/1.1 200 OK
Content-Type: application/json; charset=utf-8
cache-control: no-cache
content-length: 14

00:50:46.360 [AsyncHttpClient-1-16] DEBUG org.asynchttpclient.netty.channel.ChannelManager - Adding key: http://localhost:25271 for channel [id: 0xc9c9d9c1, L:/127.0.0.1:60065 - R:localhost/127.0.0.1:25271]
00:50:46.365 [Forwarding getCurrentWindowHandle on session 33fc8c03837af926b89ec9c035010d63 to remote] DEBUG org.asynchttpclient.netty.request.NettyRequestSender - Using pooled Channel '[id: 0xc9c9d9c1, L:/127.0.0.1:60065 - R:localhost/127.0.0.1:25271]' for 'GET' to 'http://localhost:25271/session/33fc8c03837af926b89ec9c035010d63/window'
00:50:46.365 [Forwarding getCurrentWindowHandle on session 33fc8c03837af926b89ec9c035010d63 to remote] DEBUG org.asynchttpclient.netty.request.NettyRequestSender - Using open Channel [id: 0xc9c9d9c1, L:/127.0.0.1:60065 - R:localhost/127.0.0.1:25271] for GET '/session/33fc8c03837af926b89ec9c035010d63/window'
00:50:46.365 [AsyncHttpClient-1-16] DEBUG org.asynchttpclient.netty.handler.HttpHandler - 

Request DefaultFullHttpRequest(decodeResult: success, version: HTTP/1.1, content: EmptyByteBufBE)
GET /session/33fc8c03837af926b89ec9c035010d63/window HTTP/1.1
User-Agent: selenium/4.7.1 (java windows)
Cache-Control: no-cache
Content-Type: application/json; charset=utf-8
host: localhost:25271
accept: */*

Response DefaultHttpResponse(decodeResult: success, version: HTTP/1.1)
HTTP/1.1 200 OK
Content-Type: application/json; charset=utf-8
cache-control: no-cache
content-length: 44

00:50:46.365 [AsyncHttpClient-1-16] DEBUG org.asynchttpclient.netty.channel.ChannelManager - Adding key: http://localhost:25271 for channel [id: 0xc9c9d9c1, L:/127.0.0.1:60065 - R:localhost/127.0.0.1:25271]
00:50:46.366 [Forwarding getAlertText on session 33fc8c03837af926b89ec9c035010d63 to remote] DEBUG org.asynchttpclient.netty.request.NettyRequestSender - Using pooled Channel '[id: 0xc9c9d9c1, L:/127.0.0.1:60065 - R:localhost/127.0.0.1:25271]' for 'GET' to 'http://localhost:25271/session/33fc8c03837af926b89ec9c035010d63/alert/text'
00:50:46.366 [Forwarding getAlertText on session 33fc8c03837af926b89ec9c035010d63 to remote] DEBUG org.asynchttpclient.netty.request.NettyRequestSender - Using open Channel [id: 0xc9c9d9c1, L:/127.0.0.1:60065 - R:localhost/127.0.0.1:25271] for GET '/session/33fc8c03837af926b89ec9c035010d63/alert/text'
00:50:46.368 [AsyncHttpClient-1-16] DEBUG org.asynchttpclient.netty.handler.HttpHandler - 

Request DefaultFullHttpRequest(decodeResult: success, version: HTTP/1.1, content: EmptyByteBufBE)
GET /session/33fc8c03837af926b89ec9c035010d63/alert/text HTTP/1.1
User-Agent: selenium/4.7.1 (java windows)
Cache-Control: no-cache
Content-Type: application/json; charset=utf-8
host: localhost:25271
accept: */*

Response DefaultHttpResponse(decodeResult: success, version: HTTP/1.1)
HTTP/1.1 404 Not Found
Content-Type: application/json; charset=utf-8
cache-control: no-cache
content-length: 849

00:50:46.368 [AsyncHttpClient-1-16] DEBUG org.asynchttpclient.netty.channel.ChannelManager - Adding key: http://localhost:25271 for channel [id: 0xc9c9d9c1, L:/127.0.0.1:60065 - R:localhost/127.0.0.1:25271]
00:50:46.370 [Forwarding switchToWindow on session 33fc8c03837af926b89ec9c035010d63 to remote] DEBUG org.asynchttpclient.netty.request.NettyRequestSender - Using pooled Channel '[id: 0xc9c9d9c1, L:/127.0.0.1:60065 - R:localhost/127.0.0.1:25271]' for 'POST' to 'http://localhost:25271/session/33fc8c03837af926b89ec9c035010d63/window'
00:50:46.370 [Forwarding switchToWindow on session 33fc8c03837af926b89ec9c035010d63 to remote] DEBUG org.asynchttpclient.netty.request.NettyRequestSender - Using open Channel [id: 0xc9c9d9c1, L:/127.0.0.1:60065 - R:localhost/127.0.0.1:25271] for POST '/session/33fc8c03837af926b89ec9c035010d63/window'
00:50:46.372 [AsyncHttpClient-1-16] DEBUG org.asynchttpclient.netty.handler.HttpHandler - 

Request DefaultHttpRequest(decodeResult: success, version: HTTP/1.1)
POST /session/33fc8c03837af926b89ec9c035010d63/window HTTP/1.1
User-Agent: selenium/4.7.1 (java windows)
Content-Length: 50
Content-Type: application/json; charset=utf-8
host: localhost:25271
accept: */*

Response DefaultHttpResponse(decodeResult: success, version: HTTP/1.1)
HTTP/1.1 200 OK
Content-Type: application/json; charset=utf-8
cache-control: no-cache
content-length: 14

00:50:46.372 [AsyncHttpClient-1-16] DEBUG org.asynchttpclient.netty.channel.ChannelManager - Adding key: http://localhost:25271 for channel [id: 0xc9c9d9c1, L:/127.0.0.1:60065 - R:localhost/127.0.0.1:25271]
00:50:46.373 [Forwarding getCurrentUrl on session 33fc8c03837af926b89ec9c035010d63 to remote] DEBUG org.asynchttpclient.netty.request.NettyRequestSender - Using pooled Channel '[id: 0xc9c9d9c1, L:/127.0.0.1:60065 - R:localhost/127.0.0.1:25271]' for 'GET' to 'http://localhost:25271/session/33fc8c03837af926b89ec9c035010d63/url'
00:50:46.373 [Forwarding getCurrentUrl on session 33fc8c03837af926b89ec9c035010d63 to remote] DEBUG org.asynchttpclient.netty.request.NettyRequestSender - Using open Channel [id: 0xc9c9d9c1, L:/127.0.0.1:60065 - R:localhost/127.0.0.1:25271] for GET '/session/33fc8c03837af926b89ec9c035010d63/url'
00:50:46.377 [AsyncHttpClient-1-16] DEBUG org.asynchttpclient.netty.handler.HttpHandler - 

Request DefaultFullHttpRequest(decodeResult: success, version: HTTP/1.1, content: EmptyByteBufBE)
GET /session/33fc8c03837af926b89ec9c035010d63/url HTTP/1.1
User-Agent: selenium/4.7.1 (java windows)
Cache-Control: no-cache
Content-Type: application/json; charset=utf-8
host: localhost:25271
accept: */*

Response DefaultHttpResponse(decodeResult: success, version: HTTP/1.1)
HTTP/1.1 200 OK
Content-Type: application/json; charset=utf-8
cache-control: no-cache
content-length: 41

00:50:46.377 [AsyncHttpClient-1-16] DEBUG org.asynchttpclient.netty.channel.ChannelManager - Adding key: http://localhost:25271 for channel [id: 0xc9c9d9c1, L:/127.0.0.1:60065 - R:localhost/127.0.0.1:25271]
00:50:46.378 [Forwarding screenshot on session 33fc8c03837af926b89ec9c035010d63 to remote] DEBUG org.asynchttpclient.netty.request.NettyRequestSender - Using pooled Channel '[id: 0xc9c9d9c1, L:/127.0.0.1:60065 - R:localhost/127.0.0.1:25271]' for 'GET' to 'http://localhost:25271/session/33fc8c03837af926b89ec9c035010d63/screenshot'
00:50:46.378 [Forwarding screenshot on session 33fc8c03837af926b89ec9c035010d63 to remote] DEBUG org.asynchttpclient.netty.request.NettyRequestSender - Using open Channel [id: 0xc9c9d9c1, L:/127.0.0.1:60065 - R:localhost/127.0.0.1:25271] for GET '/session/33fc8c03837af926b89ec9c035010d63/screenshot'
00:50:47.329 [AsyncHttpClient-1-1] DEBUG org.asynchttpclient.netty.channel.DefaultChannelPool - Entry count for : http://localhost:60066 : 1
00:50:48.432 [AsyncHttpClient-1-1] DEBUG org.asynchttpclient.netty.channel.DefaultChannelPool - Entry count for : http://localhost:60066 : 1
00:50:49.397 [AsyncHttpClient-1-16] DEBUG org.asynchttpclient.netty.handler.HttpHandler - 

Request DefaultFullHttpRequest(decodeResult: success, version: HTTP/1.1, content: EmptyByteBufBE)
GET /session/33fc8c03837af926b89ec9c035010d63/screenshot HTTP/1.1
User-Agent: selenium/4.7.1 (java windows)
Cache-Control: no-cache
Content-Type: application/json; charset=utf-8
host: localhost:25271
accept: */*

Response DefaultHttpResponse(decodeResult: success, version: HTTP/1.1)
HTTP/1.1 200 OK
Content-Type: application/json; charset=utf-8
cache-control: no-cache
content-length: 25036

00:50:49.397 [AsyncHttpClient-1-16] DEBUG org.asynchttpclient.netty.channel.ChannelManager - Adding key: http://localhost:25271 for channel [id: 0xc9c9d9c1, L:/127.0.0.1:60065 - R:localhost/127.0.0.1:25271]
00:50:49.399 [main] DEBUG net.serenitybdd.core.photography.Darkroom - Send negative for processing for target\site\serenity\ba43f9b7000ca7bff229f8a53da10098a5dc1589b7abbcbab461974a60a27ae8.png
00:50:49.399 [main] DEBUG net.thucydides.core.steps.StepInterceptor - STEP DONE: diHomepageAltaShop
  &amp#27;[32mGiven &amp#27;[0m&amp#27;[32muser berada di Homepage AltaShop&amp#27;[0m                          &amp#27;[90m# starter.stepdefinitions.LoginRegisterSteps.userBeradaDiHomepageAlta()&amp#27;[0m
00:50:49.399 [Darkroom Processing Line] DEBUG net.serenitybdd.core.photography.DarkroomProcessingLine - Processing screenshot image in /var/screenshots/screenshot-17523875019031754618
00:50:49.399 [Darkroom Processing Line] DEBUG net.serenitybdd.core.photography.DarkroomProcessingLine - Saving screenshot to target\site\serenity\ba43f9b7000ca7bff229f8a53da10098a5dc1589b7abbcbab461974a60a27ae8.png
00:50:49.414 [main] DEBUG net.thucydides.core.steps.StepInterceptor - STARTING STEP: LoginRegisterSteps.userKlikButtonLogin - klikButtonLogin
00:50:49.416 [Forwarding findElement on session 33fc8c03837af926b89ec9c035010d63 to remote] DEBUG org.asynchttpclient.netty.request.NettyRequestSender - Using pooled Channel '[id: 0xc9c9d9c1, L:/127.0.0.1:60065 - R:localhost/127.0.0.1:25271]' for 'POST' to 'http://localhost:25271/session/33fc8c03837af926b89ec9c035010d63/element'
00:50:49.416 [Forwarding findElement on session 33fc8c03837af926b89ec9c035010d63 to remote] DEBUG org.asynchttpclient.netty.request.NettyRequestSender - Using open Channel [id: 0xc9c9d9c1, L:/127.0.0.1:60065 - R:localhost/127.0.0.1:25271] for POST '/session/33fc8c03837af926b89ec9c035010d63/element'
00:50:49.435 [AsyncHttpClient-1-16] DEBUG org.asynchttpclient.netty.handler.HttpHandler - 

Request DefaultHttpRequest(decodeResult: success, version: HTTP/1.1)
POST /session/33fc8c03837af926b89ec9c035010d63/element HTTP/1.1
User-Agent: selenium/4.7.1 (java windows)
Content-Length: 108
Content-Type: application/json; charset=utf-8
host: localhost:25271
accept: */*

Response DefaultHttpResponse(decodeResult: success, version: HTTP/1.1)
HTTP/1.1 200 OK
Content-Type: application/json; charset=utf-8
cache-control: no-cache
content-length: 88

00:50:49.435 [AsyncHttpClient-1-16] DEBUG org.asynchttpclient.netty.channel.ChannelManager - Adding key: http://localhost:25271 for channel [id: 0xc9c9d9c1, L:/127.0.0.1:60065 - R:localhost/127.0.0.1:25271]
00:50:49.436 [Forwarding getElementTagName on session 33fc8c03837af926b89ec9c035010d63 to remote] DEBUG org.asynchttpclient.netty.request.NettyRequestSender - Using pooled Channel '[id: 0xc9c9d9c1, L:/127.0.0.1:60065 - R:localhost/127.0.0.1:25271]' for 'GET' to 'http://localhost:25271/session/33fc8c03837af926b89ec9c035010d63/element/da81127e-b090-4bd6-bc70-7cbba61671f9/name'
00:50:49.436 [Forwarding getElementTagName on session 33fc8c03837af926b89ec9c035010d63 to remote] DEBUG org.asynchttpclient.netty.request.NettyRequestSender - Using open Channel [id: 0xc9c9d9c1, L:/127.0.0.1:60065 - R:localhost/127.0.0.1:25271] for GET '/session/33fc8c03837af926b89ec9c035010d63/element/da81127e-b090-4bd6-bc70-7cbba61671f9/name'
00:50:49.440 [AsyncHttpClient-1-16] DEBUG org.asynchttpclient.netty.handler.HttpHandler - 

Request DefaultFullHttpRequest(decodeResult: success, version: HTTP/1.1, content: EmptyByteBufBE)
GET /session/33fc8c03837af926b89ec9c035010d63/element/da81127e-b090-4bd6-bc70-7cbba61671f9/name HTTP/1.1
User-Agent: selenium/4.7.1 (java windows)
Cache-Control: no-cache
Content-Type: application/json; charset=utf-8
host: localhost:25271
accept: */*

Response DefaultHttpResponse(decodeResult: success, version: HTTP/1.1)
HTTP/1.1 200 OK
Content-Type: application/json; charset=utf-8
cache-control: no-cache
content-length: 18

00:50:49.441 [AsyncHttpClient-1-16] DEBUG org.asynchttpclient.netty.channel.ChannelManager - Adding key: http://localhost:25271 for channel [id: 0xc9c9d9c1, L:/127.0.0.1:60065 - R:localhost/127.0.0.1:25271]
00:50:49.441 [Forwarding getElementTagName on session 33fc8c03837af926b89ec9c035010d63 to remote] DEBUG org.asynchttpclient.netty.request.NettyRequestSender - Using pooled Channel '[id: 0xc9c9d9c1, L:/127.0.0.1:60065 - R:localhost/127.0.0.1:25271]' for 'GET' to 'http://localhost:25271/session/33fc8c03837af926b89ec9c035010d63/element/da81127e-b090-4bd6-bc70-7cbba61671f9/name'
00:50:49.441 [Forwarding getElementTagName on session 33fc8c03837af926b89ec9c035010d63 to remote] DEBUG org.asynchttpclient.netty.request.NettyRequestSender - Using open Channel [id: 0xc9c9d9c1, L:/127.0.0.1:60065 - R:localhost/127.0.0.1:25271] for GET '/session/33fc8c03837af926b89ec9c035010d63/element/da81127e-b090-4bd6-bc70-7cbba61671f9/name'
00:50:49.445 [AsyncHttpClient-1-16] DEBUG org.asynchttpclient.netty.handler.HttpHandler - 

Request DefaultFullHttpRequest(decodeResult: success, version: HTTP/1.1, content: EmptyByteBufBE)
GET /session/33fc8c03837af926b89ec9c035010d63/element/da81127e-b090-4bd6-bc70-7cbba61671f9/name HTTP/1.1
User-Agent: selenium/4.7.1 (java windows)
Cache-Control: no-cache
Content-Type: application/json; charset=utf-8
host: localhost:25271
accept: */*

Response DefaultHttpResponse(decodeResult: success, version: HTTP/1.1)
HTTP/1.1 200 OK
Content-Type: application/json; charset=utf-8
cache-control: no-cache
content-length: 18

00:50:49.445 [AsyncHttpClient-1-16] DEBUG org.asynchttpclient.netty.channel.ChannelManager - Adding key: http://localhost:25271 for channel [id: 0xc9c9d9c1, L:/127.0.0.1:60065 - R:localhost/127.0.0.1:25271]
00:50:49.450 [Forwarding isElementEnabled on session 33fc8c03837af926b89ec9c035010d63 to remote] DEBUG org.asynchttpclient.netty.request.NettyRequestSender - Using pooled Channel '[id: 0xc9c9d9c1, L:/127.0.0.1:60065 - R:localhost/127.0.0.1:25271]' for 'GET' to 'http://localhost:25271/session/33fc8c03837af926b89ec9c035010d63/element/da81127e-b090-4bd6-bc70-7cbba61671f9/enabled'
00:50:49.450 [Forwarding isElementEnabled on session 33fc8c03837af926b89ec9c035010d63 to remote] DEBUG org.asynchttpclient.netty.request.NettyRequestSender - Using open Channel [id: 0xc9c9d9c1, L:/127.0.0.1:60065 - R:localhost/127.0.0.1:25271] for GET '/session/33fc8c03837af926b89ec9c035010d63/element/da81127e-b090-4bd6-bc70-7cbba61671f9/enabled'
00:50:49.460 [AsyncHttpClient-1-16] DEBUG org.asynchttpclient.netty.handler.HttpHandler - 

Request DefaultFullHttpRequest(decodeResult: success, version: HTTP/1.1, content: EmptyByteBufBE)
GET /session/33fc8c03837af926b89ec9c035010d63/element/da81127e-b090-4bd6-bc70-7cbba61671f9/enabled HTTP/1.1
User-Agent: selenium/4.7.1 (java windows)
Cache-Control: no-cache
Content-Type: application/json; charset=utf-8
host: localhost:25271
accept: */*

Response DefaultHttpResponse(decodeResult: success, version: HTTP/1.1)
HTTP/1.1 200 OK
Content-Type: application/json; charset=utf-8
cache-control: no-cache
content-length: 14

00:50:49.460 [AsyncHttpClient-1-16] DEBUG org.asynchttpclient.netty.channel.ChannelManager - Adding key: http://localhost:25271 for channel [id: 0xc9c9d9c1, L:/127.0.0.1:60065 - R:localhost/127.0.0.1:25271]
00:50:49.462 [Forwarding isElementEnabled on session 33fc8c03837af926b89ec9c035010d63 to remote] DEBUG org.asynchttpclient.netty.request.NettyRequestSender - Using pooled Channel '[id: 0xc9c9d9c1, L:/127.0.0.1:60065 - R:localhost/127.0.0.1:25271]' for 'GET' to 'http://localhost:25271/session/33fc8c03837af926b89ec9c035010d63/element/da81127e-b090-4bd6-bc70-7cbba61671f9/enabled'
00:50:49.462 [Forwarding isElementEnabled on session 33fc8c03837af926b89ec9c035010d63 to remote] DEBUG org.asynchttpclient.netty.request.NettyRequestSender - Using open Channel [id: 0xc9c9d9c1, L:/127.0.0.1:60065 - R:localhost/127.0.0.1:25271] for GET '/session/33fc8c03837af926b89ec9c035010d63/element/da81127e-b090-4bd6-bc70-7cbba61671f9/enabled'
00:50:49.470 [AsyncHttpClient-1-16] DEBUG org.asynchttpclient.netty.handler.HttpHandler - 

Request DefaultFullHttpRequest(decodeResult: success, version: HTTP/1.1, content: EmptyByteBufBE)
GET /session/33fc8c03837af926b89ec9c035010d63/element/da81127e-b090-4bd6-bc70-7cbba61671f9/enabled HTTP/1.1
User-Agent: selenium/4.7.1 (java windows)
Cache-Control: no-cache
Content-Type: application/json; charset=utf-8
host: localhost:25271
accept: */*

Response DefaultHttpResponse(decodeResult: success, version: HTTP/1.1)
HTTP/1.1 200 OK
Content-Type: application/json; charset=utf-8
cache-control: no-cache
content-length: 14

00:50:49.470 [AsyncHttpClient-1-16] DEBUG org.asynchttpclient.netty.channel.ChannelManager - Adding key: http://localhost:25271 for channel [id: 0xc9c9d9c1, L:/127.0.0.1:60065 - R:localhost/127.0.0.1:25271]
00:50:49.471 [Forwarding findElement on session 33fc8c03837af926b89ec9c035010d63 to remote] DEBUG org.asynchttpclient.netty.request.NettyRequestSender - Using pooled Channel '[id: 0xc9c9d9c1, L:/127.0.0.1:60065 - R:localhost/127.0.0.1:25271]' for 'POST' to 'http://localhost:25271/session/33fc8c03837af926b89ec9c035010d63/element'
00:50:49.471 [Forwarding findElement on session 33fc8c03837af926b89ec9c035010d63 to remote] DEBUG org.asynchttpclient.netty.request.NettyRequestSender - Using open Channel [id: 0xc9c9d9c1, L:/127.0.0.1:60065 - R:localhost/127.0.0.1:25271] for POST '/session/33fc8c03837af926b89ec9c035010d63/element'
00:50:49.492 [AsyncHttpClient-1-16] DEBUG org.asynchttpclient.netty.handler.HttpHandler - 

Request DefaultHttpRequest(decodeResult: success, version: HTTP/1.1)
POST /session/33fc8c03837af926b89ec9c035010d63/element HTTP/1.1
User-Agent: selenium/4.7.1 (java windows)
Content-Length: 108
Content-Type: application/json; charset=utf-8
host: localhost:25271
accept: */*

Response DefaultHttpResponse(decodeResult: success, version: HTTP/1.1)
HTTP/1.1 200 OK
Content-Type: application/json; charset=utf-8
cache-control: no-cache
content-length: 88

00:50:49.492 [AsyncHttpClient-1-16] DEBUG org.asynchttpclient.netty.channel.ChannelManager - Adding key: http://localhost:25271 for channel [id: 0xc9c9d9c1, L:/127.0.0.1:60065 - R:localhost/127.0.0.1:25271]
00:50:49.493 [Forwarding clickElement on session 33fc8c03837af926b89ec9c035010d63 to remote] DEBUG org.asynchttpclient.netty.request.NettyRequestSender - Using pooled Channel '[id: 0xc9c9d9c1, L:/127.0.0.1:60065 - R:localhost/127.0.0.1:25271]' for 'POST' to 'http://localhost:25271/session/33fc8c03837af926b89ec9c035010d63/element/da81127e-b090-4bd6-bc70-7cbba61671f9/click'
00:50:49.493 [Forwarding clickElement on session 33fc8c03837af926b89ec9c035010d63 to remote] DEBUG org.asynchttpclient.netty.request.NettyRequestSender - Using open Channel [id: 0xc9c9d9c1, L:/127.0.0.1:60065 - R:localhost/127.0.0.1:25271] for POST '/session/33fc8c03837af926b89ec9c035010d63/element/da81127e-b090-4bd6-bc70-7cbba61671f9/click'
00:50:49.531 [AsyncHttpClient-1-1] DEBUG org.asynchttpclient.netty.channel.DefaultChannelPool - Entry count for : http://localhost:60066 : 1
00:50:49.563 [AsyncHttpClient-1-16] DEBUG org.asynchttpclient.netty.handler.HttpHandler - 

Request DefaultHttpRequest(decodeResult: success, version: HTTP/1.1)
POST /session/33fc8c03837af926b89ec9c035010d63/element/da81127e-b090-4bd6-bc70-7cbba61671f9/click HTTP/1.1
User-Agent: selenium/4.7.1 (java windows)
Content-Length: 50
Content-Type: application/json; charset=utf-8
host: localhost:25271
accept: */*

Response DefaultHttpResponse(decodeResult: success, version: HTTP/1.1)
HTTP/1.1 200 OK
Content-Type: application/json; charset=utf-8
cache-control: no-cache
content-length: 14

00:50:49.563 [AsyncHttpClient-1-16] DEBUG org.asynchttpclient.netty.channel.ChannelManager - Adding key: http://localhost:25271 for channel [id: 0xc9c9d9c1, L:/127.0.0.1:60065 - R:localhost/127.0.0.1:25271]
00:50:49.573 [Forwarding getCurrentWindowHandle on session 33fc8c03837af926b89ec9c035010d63 to remote] DEBUG org.asynchttpclient.netty.request.NettyRequestSender - Using pooled Channel '[id: 0xc9c9d9c1, L:/127.0.0.1:60065 - R:localhost/127.0.0.1:25271]' for 'GET' to 'http://localhost:25271/session/33fc8c03837af926b89ec9c035010d63/window'
00:50:49.573 [Forwarding getCurrentWindowHandle on session 33fc8c03837af926b89ec9c035010d63 to remote] DEBUG org.asynchttpclient.netty.request.NettyRequestSender - Using open Channel [id: 0xc9c9d9c1, L:/127.0.0.1:60065 - R:localhost/127.0.0.1:25271] for GET '/session/33fc8c03837af926b89ec9c035010d63/window'
00:50:49.574 [AsyncHttpClient-1-16] DEBUG org.asynchttpclient.netty.handler.HttpHandler - 

Request DefaultFullHttpRequest(decodeResult: success, version: HTTP/1.1, content: EmptyByteBufBE)
GET /session/33fc8c03837af926b89ec9c035010d63/window HTTP/1.1
User-Agent: selenium/4.7.1 (java windows)
Cache-Control: no-cache
Content-Type: application/json; charset=utf-8
host: localhost:25271
accept: */*

Response DefaultHttpResponse(decodeResult: success, version: HTTP/1.1)
HTTP/1.1 200 OK
Content-Type: application/json; charset=utf-8
cache-control: no-cache
content-length: 44

00:50:49.574 [AsyncHttpClient-1-16] DEBUG org.asynchttpclient.netty.channel.ChannelManager - Adding key: http://localhost:25271 for channel [id: 0xc9c9d9c1, L:/127.0.0.1:60065 - R:localhost/127.0.0.1:25271]
00:50:49.576 [Forwarding getAlertText on session 33fc8c03837af926b89ec9c035010d63 to remote] DEBUG org.asynchttpclient.netty.request.NettyRequestSender - Using pooled Channel '[id: 0xc9c9d9c1, L:/127.0.0.1:60065 - R:localhost/127.0.0.1:25271]' for 'GET' to 'http://localhost:25271/session/33fc8c03837af926b89ec9c035010d63/alert/text'
00:50:49.576 [Forwarding getAlertText on session 33fc8c03837af926b89ec9c035010d63 to remote] DEBUG org.asynchttpclient.netty.request.NettyRequestSender - Using open Channel [id: 0xc9c9d9c1, L:/127.0.0.1:60065 - R:localhost/127.0.0.1:25271] for GET '/session/33fc8c03837af926b89ec9c035010d63/alert/text'
00:50:49.874 [AsyncHttpClient-1-16] DEBUG org.asynchttpclient.netty.handler.HttpHandler - 

Request DefaultFullHttpRequest(decodeResult: success, version: HTTP/1.1, content: EmptyByteBufBE)
GET /session/33fc8c03837af926b89ec9c035010d63/alert/text HTTP/1.1
User-Agent: selenium/4.7.1 (java windows)
Cache-Control: no-cache
Content-Type: application/json; charset=utf-8
host: localhost:25271
accept: */*

Response DefaultHttpResponse(decodeResult: success, version: HTTP/1.1)
HTTP/1.1 404 Not Found
Content-Type: application/json; charset=utf-8
cache-control: no-cache
content-length: 849

00:50:49.874 [AsyncHttpClient-1-16] DEBUG org.asynchttpclient.netty.channel.ChannelManager - Adding key: http://localhost:25271 for channel [id: 0xc9c9d9c1, L:/127.0.0.1:60065 - R:localhost/127.0.0.1:25271]
00:50:49.876 [Forwarding switchToWindow on session 33fc8c03837af926b89ec9c035010d63 to remote] DEBUG org.asynchttpclient.netty.request.NettyRequestSender - Using pooled Channel '[id: 0xc9c9d9c1, L:/127.0.0.1:60065 - R:localhost/127.0.0.1:25271]' for 'POST' to 'http://localhost:25271/session/33fc8c03837af926b89ec9c035010d63/window'
00:50:49.876 [Forwarding switchToWindow on session 33fc8c03837af926b89ec9c035010d63 to remote] DEBUG org.asynchttpclient.netty.request.NettyRequestSender - Using open Channel [id: 0xc9c9d9c1, L:/127.0.0.1:60065 - R:localhost/127.0.0.1:25271] for POST '/session/33fc8c03837af926b89ec9c035010d63/window'
00:50:49.878 [AsyncHttpClient-1-16] DEBUG org.asynchttpclient.netty.handler.HttpHandler - 

Request DefaultHttpRequest(decodeResult: success, version: HTTP/1.1)
POST /session/33fc8c03837af926b89ec9c035010d63/window HTTP/1.1
User-Agent: selenium/4.7.1 (java windows)
Content-Length: 50
Content-Type: application/json; charset=utf-8
host: localhost:25271
accept: */*

Response DefaultHttpResponse(decodeResult: success, version: HTTP/1.1)
HTTP/1.1 200 OK
Content-Type: application/json; charset=utf-8
cache-control: no-cache
content-length: 14

00:50:49.878 [AsyncHttpClient-1-16] DEBUG org.asynchttpclient.netty.channel.ChannelManager - Adding key: http://localhost:25271 for channel [id: 0xc9c9d9c1, L:/127.0.0.1:60065 - R:localhost/127.0.0.1:25271]
00:50:49.879 [Forwarding getCurrentUrl on session 33fc8c03837af926b89ec9c035010d63 to remote] DEBUG org.asynchttpclient.netty.request.NettyRequestSender - Using pooled Channel '[id: 0xc9c9d9c1, L:/127.0.0.1:60065 - R:localhost/127.0.0.1:25271]' for 'GET' to 'http://localhost:25271/session/33fc8c03837af926b89ec9c035010d63/url'
00:50:49.879 [Forwarding getCurrentUrl on session 33fc8c03837af926b89ec9c035010d63 to remote] DEBUG org.asynchttpclient.netty.request.NettyRequestSender - Using open Channel [id: 0xc9c9d9c1, L:/127.0.0.1:60065 - R:localhost/127.0.0.1:25271] for GET '/session/33fc8c03837af926b89ec9c035010d63/url'
00:50:49.886 [AsyncHttpClient-1-16] DEBUG org.asynchttpclient.netty.handler.HttpHandler - 

Request DefaultFullHttpRequest(decodeResult: success, version: HTTP/1.1, content: EmptyByteBufBE)
GET /session/33fc8c03837af926b89ec9c035010d63/url HTTP/1.1
User-Agent: selenium/4.7.1 (java windows)
Cache-Control: no-cache
Content-Type: application/json; charset=utf-8
host: localhost:25271
accept: */*

Response DefaultHttpResponse(decodeResult: success, version: HTTP/1.1)
HTTP/1.1 200 OK
Content-Type: application/json; charset=utf-8
cache-control: no-cache
content-length: 51

00:50:49.886 [AsyncHttpClient-1-16] DEBUG org.asynchttpclient.netty.channel.ChannelManager - Adding key: http://localhost:25271 for channel [id: 0xc9c9d9c1, L:/127.0.0.1:60065 - R:localhost/127.0.0.1:25271]
00:50:49.887 [Forwarding screenshot on session 33fc8c03837af926b89ec9c035010d63 to remote] DEBUG org.asynchttpclient.netty.request.NettyRequestSender - Using pooled Channel '[id: 0xc9c9d9c1, L:/127.0.0.1:60065 - R:localhost/127.0.0.1:25271]' for 'GET' to 'http://localhost:25271/session/33fc8c03837af926b89ec9c035010d63/screenshot'
00:50:49.887 [Forwarding screenshot on session 33fc8c03837af926b89ec9c035010d63 to remote] DEBUG org.asynchttpclient.netty.request.NettyRequestSender - Using open Channel [id: 0xc9c9d9c1, L:/127.0.0.1:60065 - R:localhost/127.0.0.1:25271] for GET '/session/33fc8c03837af926b89ec9c035010d63/screenshot'
00:50:49.977 [AsyncHttpClient-1-16] DEBUG org.asynchttpclient.netty.handler.HttpHandler - 

Request DefaultFullHttpRequest(decodeResult: success, version: HTTP/1.1, content: EmptyByteBufBE)
GET /session/33fc8c03837af926b89ec9c035010d63/screenshot HTTP/1.1
User-Agent: selenium/4.7.1 (java windows)
Cache-Control: no-cache
Content-Type: application/json; charset=utf-8
host: localhost:25271
accept: */*

Response DefaultHttpResponse(decodeResult: success, version: HTTP/1.1)
HTTP/1.1 200 OK
Content-Type: application/json; charset=utf-8
cache-control: no-cache
content-length: 26172

00:50:49.977 [AsyncHttpClient-1-16] DEBUG org.asynchttpclient.netty.channel.ChannelManager - Adding key: http://localhost:25271 for channel [id: 0xc9c9d9c1, L:/127.0.0.1:60065 - R:localhost/127.0.0.1:25271]
00:50:49.978 [main] DEBUG net.serenitybdd.core.photography.Darkroom - Send negative for processing for target\site\serenity\f035198f28bcaf95684f4b1a3b9e5d031fc0873bb044f55c4913aef571773aa0.png
00:50:49.979 [main] DEBUG net.thucydides.core.steps.StepInterceptor - STEP DONE: klikButtonLogin
  &amp#27;[32mWhen &amp#27;[0m&amp#27;[32muser klik button login&amp#27;[0m                                     &amp#27;[90m# starter.stepdefinitions.LoginRegisterSteps.userKlikButtonLogin()&amp#27;[0m
00:50:49.991 [main] DEBUG net.thucydides.core.steps.StepInterceptor - STARTING STEP: RegisterSteps.userKlikRegister - klikLinkRegister
00:50:49.993 [Forwarding findElement on session 33fc8c03837af926b89ec9c035010d63 to remote] DEBUG org.asynchttpclient.netty.request.NettyRequestSender - Using pooled Channel '[id: 0xc9c9d9c1, L:/127.0.0.1:60065 - R:localhost/127.0.0.1:25271]' for 'POST' to 'http://localhost:25271/session/33fc8c03837af926b89ec9c035010d63/element'
00:50:49.993 [Forwarding findElement on session 33fc8c03837af926b89ec9c035010d63 to remote] DEBUG org.asynchttpclient.netty.request.NettyRequestSender - Using open Channel [id: 0xc9c9d9c1, L:/127.0.0.1:60065 - R:localhost/127.0.0.1:25271] for POST '/session/33fc8c03837af926b89ec9c035010d63/element'
00:50:50.005 [AsyncHttpClient-1-16] DEBUG org.asynchttpclient.netty.handler.HttpHandler - 

Request DefaultHttpRequest(decodeResult: success, version: HTTP/1.1)
POST /session/33fc8c03837af926b89ec9c035010d63/element HTTP/1.1
User-Agent: selenium/4.7.1 (java windows)
Content-Length: 84
Content-Type: application/json; charset=utf-8
host: localhost:25271
accept: */*

Response DefaultHttpResponse(decodeResult: success, version: HTTP/1.1)
HTTP/1.1 200 OK
Content-Type: application/json; charset=utf-8
cache-control: no-cache
content-length: 88

00:50:50.005 [AsyncHttpClient-1-16] DEBUG org.asynchttpclient.netty.channel.ChannelManager - Adding key: http://localhost:25271 for channel [id: 0xc9c9d9c1, L:/127.0.0.1:60065 - R:localhost/127.0.0.1:25271]
00:50:50.006 [Forwarding getElementTagName on session 33fc8c03837af926b89ec9c035010d63 to remote] DEBUG org.asynchttpclient.netty.request.NettyRequestSender - Using pooled Channel '[id: 0xc9c9d9c1, L:/127.0.0.1:60065 - R:localhost/127.0.0.1:25271]' for 'GET' to 'http://localhost:25271/session/33fc8c03837af926b89ec9c035010d63/element/b9ab2731-3746-425d-9d01-bbd6635825aa/name'
00:50:50.006 [Forwarding getElementTagName on session 33fc8c03837af926b89ec9c035010d63 to remote] DEBUG org.asynchttpclient.netty.request.NettyRequestSender - Using open Channel [id: 0xc9c9d9c1, L:/127.0.0.1:60065 - R:localhost/127.0.0.1:25271] for GET '/session/33fc8c03837af926b89ec9c035010d63/element/b9ab2731-3746-425d-9d01-bbd6635825aa/name'
00:50:50.010 [AsyncHttpClient-1-16] DEBUG org.asynchttpclient.netty.handler.HttpHandler - 

Request DefaultFullHttpRequest(decodeResult: success, version: HTTP/1.1, content: EmptyByteBufBE)
GET /session/33fc8c03837af926b89ec9c035010d63/element/b9ab2731-3746-425d-9d01-bbd6635825aa/name HTTP/1.1
User-Agent: selenium/4.7.1 (java windows)
Cache-Control: no-cache
Content-Type: application/json; charset=utf-8
host: localhost:25271
accept: */*

Response DefaultHttpResponse(decodeResult: success, version: HTTP/1.1)
HTTP/1.1 200 OK
Content-Type: application/json; charset=utf-8
cache-control: no-cache
content-length: 13

00:50:50.010 [AsyncHttpClient-1-16] DEBUG org.asynchttpclient.netty.channel.ChannelManager - Adding key: http://localhost:25271 for channel [id: 0xc9c9d9c1, L:/127.0.0.1:60065 - R:localhost/127.0.0.1:25271]
00:50:50.011 [Forwarding getElementTagName on session 33fc8c03837af926b89ec9c035010d63 to remote] DEBUG org.asynchttpclient.netty.request.NettyRequestSender - Using pooled Channel '[id: 0xc9c9d9c1, L:/127.0.0.1:60065 - R:localhost/127.0.0.1:25271]' for 'GET' to 'http://localhost:25271/session/33fc8c03837af926b89ec9c035010d63/element/b9ab2731-3746-425d-9d01-bbd6635825aa/name'
00:50:50.011 [Forwarding getElementTagName on session 33fc8c03837af926b89ec9c035010d63 to remote] DEBUG org.asynchttpclient.netty.request.NettyRequestSender - Using open Channel [id: 0xc9c9d9c1, L:/127.0.0.1:60065 - R:localhost/127.0.0.1:25271] for GET '/session/33fc8c03837af926b89ec9c035010d63/element/b9ab2731-3746-425d-9d01-bbd6635825aa/name'
00:50:50.015 [AsyncHttpClient-1-16] DEBUG org.asynchttpclient.netty.handler.HttpHandler - 

Request DefaultFullHttpRequest(decodeResult: success, version: HTTP/1.1, content: EmptyByteBufBE)
GET /session/33fc8c03837af926b89ec9c035010d63/element/b9ab2731-3746-425d-9d01-bbd6635825aa/name HTTP/1.1
User-Agent: selenium/4.7.1 (java windows)
Cache-Control: no-cache
Content-Type: application/json; charset=utf-8
host: localhost:25271
accept: */*

Response DefaultHttpResponse(decodeResult: success, version: HTTP/1.1)
HTTP/1.1 200 OK
Content-Type: application/json; charset=utf-8
cache-control: no-cache
content-length: 13

00:50:50.015 [AsyncHttpClient-1-16] DEBUG org.asynchttpclient.netty.channel.ChannelManager - Adding key: http://localhost:25271 for channel [id: 0xc9c9d9c1, L:/127.0.0.1:60065 - R:localhost/127.0.0.1:25271]
00:50:50.016 [Forwarding findElement on session 33fc8c03837af926b89ec9c035010d63 to remote] DEBUG org.asynchttpclient.netty.request.NettyRequestSender - Using pooled Channel '[id: 0xc9c9d9c1, L:/127.0.0.1:60065 - R:localhost/127.0.0.1:25271]' for 'POST' to 'http://localhost:25271/session/33fc8c03837af926b89ec9c035010d63/element'
00:50:50.016 [Forwarding findElement on session 33fc8c03837af926b89ec9c035010d63 to remote] DEBUG org.asynchttpclient.netty.request.NettyRequestSender - Using open Channel [id: 0xc9c9d9c1, L:/127.0.0.1:60065 - R:localhost/127.0.0.1:25271] for POST '/session/33fc8c03837af926b89ec9c035010d63/element'
00:50:50.023 [AsyncHttpClient-1-16] DEBUG org.asynchttpclient.netty.handler.HttpHandler - 

Request DefaultHttpRequest(decodeResult: success, version: HTTP/1.1)
POST /session/33fc8c03837af926b89ec9c035010d63/element HTTP/1.1
User-Agent: selenium/4.7.1 (java windows)
Content-Length: 84
Content-Type: application/json; charset=utf-8
host: localhost:25271
accept: */*

Response DefaultHttpResponse(decodeResult: success, version: HTTP/1.1)
HTTP/1.1 200 OK
Content-Type: application/json; charset=utf-8
cache-control: no-cache
content-length: 88

00:50:50.023 [AsyncHttpClient-1-16] DEBUG org.asynchttpclient.netty.channel.ChannelManager - Adding key: http://localhost:25271 for channel [id: 0xc9c9d9c1, L:/127.0.0.1:60065 - R:localhost/127.0.0.1:25271]
00:50:50.024 [Forwarding clickElement on session 33fc8c03837af926b89ec9c035010d63 to remote] DEBUG org.asynchttpclient.netty.request.NettyRequestSender - Using pooled Channel '[id: 0xc9c9d9c1, L:/127.0.0.1:60065 - R:localhost/127.0.0.1:25271]' for 'POST' to 'http://localhost:25271/session/33fc8c03837af926b89ec9c035010d63/element/b9ab2731-3746-425d-9d01-bbd6635825aa/click'
00:50:50.024 [Forwarding clickElement on session 33fc8c03837af926b89ec9c035010d63 to remote] DEBUG org.asynchttpclient.netty.request.NettyRequestSender - Using open Channel [id: 0xc9c9d9c1, L:/127.0.0.1:60065 - R:localhost/127.0.0.1:25271] for POST '/session/33fc8c03837af926b89ec9c035010d63/element/b9ab2731-3746-425d-9d01-bbd6635825aa/click'
00:50:50.064 [AsyncHttpClient-1-16] DEBUG org.asynchttpclient.netty.handler.HttpHandler - 

Request DefaultHttpRequest(decodeResult: success, version: HTTP/1.1)
POST /session/33fc8c03837af926b89ec9c035010d63/element/b9ab2731-3746-425d-9d01-bbd6635825aa/click HTTP/1.1
User-Agent: selenium/4.7.1 (java windows)
Content-Length: 50
Content-Type: application/json; charset=utf-8
host: localhost:25271
accept: */*

Response DefaultHttpResponse(decodeResult: success, version: HTTP/1.1)
HTTP/1.1 200 OK
Content-Type: application/json; charset=utf-8
cache-control: no-cache
content-length: 14

00:50:50.064 [AsyncHttpClient-1-16] DEBUG org.asynchttpclient.netty.channel.ChannelManager - Adding key: http://localhost:25271 for channel [id: 0xc9c9d9c1, L:/127.0.0.1:60065 - R:localhost/127.0.0.1:25271]
00:50:50.075 [Forwarding getCurrentWindowHandle on session 33fc8c03837af926b89ec9c035010d63 to remote] DEBUG org.asynchttpclient.netty.request.NettyRequestSender - Using pooled Channel '[id: 0xc9c9d9c1, L:/127.0.0.1:60065 - R:localhost/127.0.0.1:25271]' for 'GET' to 'http://localhost:25271/session/33fc8c03837af926b89ec9c035010d63/window'
00:50:50.075 [Forwarding getCurrentWindowHandle on session 33fc8c03837af926b89ec9c035010d63 to remote] DEBUG org.asynchttpclient.netty.request.NettyRequestSender - Using open Channel [id: 0xc9c9d9c1, L:/127.0.0.1:60065 - R:localhost/127.0.0.1:25271] for GET '/session/33fc8c03837af926b89ec9c035010d63/window'
00:50:50.076 [AsyncHttpClient-1-16] DEBUG org.asynchttpclient.netty.handler.HttpHandler - 

Request DefaultFullHttpRequest(decodeResult: success, version: HTTP/1.1, content: EmptyByteBufBE)
GET /session/33fc8c03837af926b89ec9c035010d63/window HTTP/1.1
User-Agent: selenium/4.7.1 (java windows)
Cache-Control: no-cache
Content-Type: application/json; charset=utf-8
host: localhost:25271
accept: */*

Response DefaultHttpResponse(decodeResult: success, version: HTTP/1.1)
HTTP/1.1 200 OK
Content-Type: application/json; charset=utf-8
cache-control: no-cache
content-length: 44

00:50:50.076 [AsyncHttpClient-1-16] DEBUG org.asynchttpclient.netty.channel.ChannelManager - Adding key: http://localhost:25271 for channel [id: 0xc9c9d9c1, L:/127.0.0.1:60065 - R:localhost/127.0.0.1:25271]
00:50:50.077 [Forwarding getAlertText on session 33fc8c03837af926b89ec9c035010d63 to remote] DEBUG org.asynchttpclient.netty.request.NettyRequestSender - Using pooled Channel '[id: 0xc9c9d9c1, L:/127.0.0.1:60065 - R:localhost/127.0.0.1:25271]' for 'GET' to 'http://localhost:25271/session/33fc8c03837af926b89ec9c035010d63/alert/text'
00:50:50.077 [Forwarding getAlertText on session 33fc8c03837af926b89ec9c035010d63 to remote] DEBUG org.asynchttpclient.netty.request.NettyRequestSender - Using open Channel [id: 0xc9c9d9c1, L:/127.0.0.1:60065 - R:localhost/127.0.0.1:25271] for GET '/session/33fc8c03837af926b89ec9c035010d63/alert/text'
00:50:50.090 [AsyncHttpClient-1-16] DEBUG org.asynchttpclient.netty.handler.HttpHandler - 

Request DefaultFullHttpRequest(decodeResult: success, version: HTTP/1.1, content: EmptyByteBufBE)
GET /session/33fc8c03837af926b89ec9c035010d63/alert/text HTTP/1.1
User-Agent: selenium/4.7.1 (java windows)
Cache-Control: no-cache
Content-Type: application/json; charset=utf-8
host: localhost:25271
accept: */*

Response DefaultHttpResponse(decodeResult: success, version: HTTP/1.1)
HTTP/1.1 404 Not Found
Content-Type: application/json; charset=utf-8
cache-control: no-cache
content-length: 849

00:50:50.095 [AsyncHttpClient-1-16] DEBUG org.asynchttpclient.netty.channel.ChannelManager - Adding key: http://localhost:25271 for channel [id: 0xc9c9d9c1, L:/127.0.0.1:60065 - R:localhost/127.0.0.1:25271]
00:50:50.096 [Forwarding switchToWindow on session 33fc8c03837af926b89ec9c035010d63 to remote] DEBUG org.asynchttpclient.netty.request.NettyRequestSender - Using pooled Channel '[id: 0xc9c9d9c1, L:/127.0.0.1:60065 - R:localhost/127.0.0.1:25271]' for 'POST' to 'http://localhost:25271/session/33fc8c03837af926b89ec9c035010d63/window'
00:50:50.096 [Forwarding switchToWindow on session 33fc8c03837af926b89ec9c035010d63 to remote] DEBUG org.asynchttpclient.netty.request.NettyRequestSender - Using open Channel [id: 0xc9c9d9c1, L:/127.0.0.1:60065 - R:localhost/127.0.0.1:25271] for POST '/session/33fc8c03837af926b89ec9c035010d63/window'
00:50:50.098 [AsyncHttpClient-1-16] DEBUG org.asynchttpclient.netty.handler.HttpHandler - 

Request DefaultHttpRequest(decodeResult: success, version: HTTP/1.1)
POST /session/33fc8c03837af926b89ec9c035010d63/window HTTP/1.1
User-Agent: selenium/4.7.1 (java windows)
Content-Length: 50
Content-Type: application/json; charset=utf-8
host: localhost:25271
accept: */*

Response DefaultHttpResponse(decodeResult: success, version: HTTP/1.1)
HTTP/1.1 200 OK
Content-Type: application/json; charset=utf-8
cache-control: no-cache
content-length: 14

00:50:50.098 [AsyncHttpClient-1-16] DEBUG org.asynchttpclient.netty.channel.ChannelManager - Adding key: http://localhost:25271 for channel [id: 0xc9c9d9c1, L:/127.0.0.1:60065 - R:localhost/127.0.0.1:25271]
00:50:50.098 [Forwarding getCurrentUrl on session 33fc8c03837af926b89ec9c035010d63 to remote] DEBUG org.asynchttpclient.netty.request.NettyRequestSender - Using pooled Channel '[id: 0xc9c9d9c1, L:/127.0.0.1:60065 - R:localhost/127.0.0.1:25271]' for 'GET' to 'http://localhost:25271/session/33fc8c03837af926b89ec9c035010d63/url'
00:50:50.098 [Forwarding getCurrentUrl on session 33fc8c03837af926b89ec9c035010d63 to remote] DEBUG org.asynchttpclient.netty.request.NettyRequestSender - Using open Channel [id: 0xc9c9d9c1, L:/127.0.0.1:60065 - R:localhost/127.0.0.1:25271] for GET '/session/33fc8c03837af926b89ec9c035010d63/url'
00:50:50.105 [AsyncHttpClient-1-16] DEBUG org.asynchttpclient.netty.handler.HttpHandler - 

Request DefaultFullHttpRequest(decodeResult: success, version: HTTP/1.1, content: EmptyByteBufBE)
GET /session/33fc8c03837af926b89ec9c035010d63/url HTTP/1.1
User-Agent: selenium/4.7.1 (java windows)
Cache-Control: no-cache
Content-Type: application/json; charset=utf-8
host: localhost:25271
accept: */*

Response DefaultHttpResponse(decodeResult: success, version: HTTP/1.1)
HTTP/1.1 200 OK
Content-Type: application/json; charset=utf-8
cache-control: no-cache
content-length: 54

00:50:50.105 [AsyncHttpClient-1-16] DEBUG org.asynchttpclient.netty.channel.ChannelManager - Adding key: http://localhost:25271 for channel [id: 0xc9c9d9c1, L:/127.0.0.1:60065 - R:localhost/127.0.0.1:25271]
00:50:50.106 [Forwarding screenshot on session 33fc8c03837af926b89ec9c035010d63 to remote] DEBUG org.asynchttpclient.netty.request.NettyRequestSender - Using pooled Channel '[id: 0xc9c9d9c1, L:/127.0.0.1:60065 - R:localhost/127.0.0.1:25271]' for 'GET' to 'http://localhost:25271/session/33fc8c03837af926b89ec9c035010d63/screenshot'
00:50:50.106 [Forwarding screenshot on session 33fc8c03837af926b89ec9c035010d63 to remote] DEBUG org.asynchttpclient.netty.request.NettyRequestSender - Using open Channel [id: 0xc9c9d9c1, L:/127.0.0.1:60065 - R:localhost/127.0.0.1:25271] for GET '/session/33fc8c03837af926b89ec9c035010d63/screenshot'
00:50:50.252 [AsyncHttpClient-1-16] DEBUG org.asynchttpclient.netty.handler.HttpHandler - 

Request DefaultFullHttpRequest(decodeResult: success, version: HTTP/1.1, content: EmptyByteBufBE)
GET /session/33fc8c03837af926b89ec9c035010d63/screenshot HTTP/1.1
User-Agent: selenium/4.7.1 (java windows)
Cache-Control: no-cache
Content-Type: application/json; charset=utf-8
host: localhost:25271
accept: */*

Response DefaultHttpResponse(decodeResult: success, version: HTTP/1.1)
HTTP/1.1 200 OK
Content-Type: application/json; charset=utf-8
cache-control: no-cache
content-length: 30620

00:50:50.252 [AsyncHttpClient-1-16] DEBUG org.asynchttpclient.netty.channel.ChannelManager - Adding key: http://localhost:25271 for channel [id: 0xc9c9d9c1, L:/127.0.0.1:60065 - R:localhost/127.0.0.1:25271]
00:50:50.254 [main] DEBUG net.serenitybdd.core.photography.Darkroom - Send negative for processing for target\site\serenity\62558e9b8a2065e6f98754b998c86f58362df773f47d0822800f34643bbac779.png
00:50:50.254 [main] DEBUG net.thucydides.core.steps.StepInterceptor - STEP DONE: klikLinkRegister
  &amp#27;[32mThen &amp#27;[0m&amp#27;[32muser klik register&amp#27;[0m                                         &amp#27;[90m# starter.stepdefinitions.RegisterSteps.userKlikRegister()&amp#27;[0m
00:50:50.267 [main] DEBUG net.thucydides.core.steps.StepInterceptor - STARTING STEP: RegisterSteps.userInputNamaLengkap - inputNamaLengkap
00:50:50.271 [Forwarding findElement on session 33fc8c03837af926b89ec9c035010d63 to remote] DEBUG org.asynchttpclient.netty.request.NettyRequestSender - Using pooled Channel '[id: 0xc9c9d9c1, L:/127.0.0.1:60065 - R:localhost/127.0.0.1:25271]' for 'POST' to 'http://localhost:25271/session/33fc8c03837af926b89ec9c035010d63/element'
00:50:50.271 [Forwarding findElement on session 33fc8c03837af926b89ec9c035010d63 to remote] DEBUG org.asynchttpclient.netty.request.NettyRequestSender - Using open Channel [id: 0xc9c9d9c1, L:/127.0.0.1:60065 - R:localhost/127.0.0.1:25271] for POST '/session/33fc8c03837af926b89ec9c035010d63/element'
00:50:50.284 [AsyncHttpClient-1-16] DEBUG org.asynchttpclient.netty.handler.HttpHandler - 

Request DefaultHttpRequest(decodeResult: success, version: HTTP/1.1)
POST /session/33fc8c03837af926b89ec9c035010d63/element HTTP/1.1
User-Agent: selenium/4.7.1 (java windows)
Content-Length: 187
Content-Type: application/json; charset=utf-8
host: localhost:25271
accept: */*

Response DefaultHttpResponse(decodeResult: success, version: HTTP/1.1)
HTTP/1.1 200 OK
Content-Type: application/json; charset=utf-8
cache-control: no-cache
content-length: 88

00:50:50.284 [AsyncHttpClient-1-16] DEBUG org.asynchttpclient.netty.channel.ChannelManager - Adding key: http://localhost:25271 for channel [id: 0xc9c9d9c1, L:/127.0.0.1:60065 - R:localhost/127.0.0.1:25271]
00:50:50.286 [Forwarding clearElement on session 33fc8c03837af926b89ec9c035010d63 to remote] DEBUG org.asynchttpclient.netty.request.NettyRequestSender - Using pooled Channel '[id: 0xc9c9d9c1, L:/127.0.0.1:60065 - R:localhost/127.0.0.1:25271]' for 'POST' to 'http://localhost:25271/session/33fc8c03837af926b89ec9c035010d63/element/4131c876-1627-49a1-b2c7-49157d7b7ab5/clear'
00:50:50.286 [Forwarding clearElement on session 33fc8c03837af926b89ec9c035010d63 to remote] DEBUG org.asynchttpclient.netty.request.NettyRequestSender - Using open Channel [id: 0xc9c9d9c1, L:/127.0.0.1:60065 - R:localhost/127.0.0.1:25271] for POST '/session/33fc8c03837af926b89ec9c035010d63/element/4131c876-1627-49a1-b2c7-49157d7b7ab5/clear'
00:50:50.324 [AsyncHttpClient-1-16] DEBUG org.asynchttpclient.netty.handler.HttpHandler - 

Request DefaultHttpRequest(decodeResult: success, version: HTTP/1.1)
POST /session/33fc8c03837af926b89ec9c035010d63/element/4131c876-1627-49a1-b2c7-49157d7b7ab5/clear HTTP/1.1
User-Agent: selenium/4.7.1 (java windows)
Content-Length: 50
Content-Type: application/json; charset=utf-8
host: localhost:25271
accept: */*

Response DefaultHttpResponse(decodeResult: success, version: HTTP/1.1)
HTTP/1.1 200 OK
Content-Type: application/json; charset=utf-8
cache-control: no-cache
content-length: 14

00:50:50.324 [AsyncHttpClient-1-16] DEBUG org.asynchttpclient.netty.channel.ChannelManager - Adding key: http://localhost:25271 for channel [id: 0xc9c9d9c1, L:/127.0.0.1:60065 - R:localhost/127.0.0.1:25271]
00:50:50.326 [Forwarding sendKeysToElement on session 33fc8c03837af926b89ec9c035010d63 to remote] DEBUG org.asynchttpclient.netty.request.NettyRequestSender - Using pooled Channel '[id: 0xc9c9d9c1, L:/127.0.0.1:60065 - R:localhost/127.0.0.1:25271]' for 'POST' to 'http://localhost:25271/session/33fc8c03837af926b89ec9c035010d63/element/4131c876-1627-49a1-b2c7-49157d7b7ab5/value'
00:50:50.326 [Forwarding sendKeysToElement on session 33fc8c03837af926b89ec9c035010d63 to remote] DEBUG org.asynchttpclient.netty.request.NettyRequestSender - Using open Channel [id: 0xc9c9d9c1, L:/127.0.0.1:60065 - R:localhost/127.0.0.1:25271] for POST '/session/33fc8c03837af926b89ec9c035010d63/element/4131c876-1627-49a1-b2c7-49157d7b7ab5/value'
00:50:50.428 [AsyncHttpClient-1-16] DEBUG org.asynchttpclient.netty.handler.HttpHandler - 

Request DefaultHttpRequest(decodeResult: success, version: HTTP/1.1)
POST /session/33fc8c03837af926b89ec9c035010d63/element/4131c876-1627-49a1-b2c7-49157d7b7ab5/value HTTP/1.1
User-Agent: selenium/4.7.1 (java windows)
Content-Length: 201
Content-Type: application/json; charset=utf-8
host: localhost:25271
accept: */*

Response DefaultHttpResponse(decodeResult: success, version: HTTP/1.1)
HTTP/1.1 200 OK
Content-Type: application/json; charset=utf-8
cache-control: no-cache
content-length: 14

00:50:50.428 [AsyncHttpClient-1-16] DEBUG org.asynchttpclient.netty.channel.ChannelManager - Adding key: http://localhost:25271 for channel [id: 0xc9c9d9c1, L:/127.0.0.1:60065 - R:localhost/127.0.0.1:25271]
00:50:50.436 [Forwarding getCurrentWindowHandle on session 33fc8c03837af926b89ec9c035010d63 to remote] DEBUG org.asynchttpclient.netty.request.NettyRequestSender - Using pooled Channel '[id: 0xc9c9d9c1, L:/127.0.0.1:60065 - R:localhost/127.0.0.1:25271]' for 'GET' to 'http://localhost:25271/session/33fc8c03837af926b89ec9c035010d63/window'
00:50:50.437 [Forwarding getCurrentWindowHandle on session 33fc8c03837af926b89ec9c035010d63 to remote] DEBUG org.asynchttpclient.netty.request.NettyRequestSender - Using open Channel [id: 0xc9c9d9c1, L:/127.0.0.1:60065 - R:localhost/127.0.0.1:25271] for GET '/session/33fc8c03837af926b89ec9c035010d63/window'
00:50:50.437 [AsyncHttpClient-1-16] DEBUG org.asynchttpclient.netty.handler.HttpHandler - 

Request DefaultFullHttpRequest(decodeResult: success, version: HTTP/1.1, content: EmptyByteBufBE)
GET /session/33fc8c03837af926b89ec9c035010d63/window HTTP/1.1
User-Agent: selenium/4.7.1 (java windows)
Cache-Control: no-cache
Content-Type: application/json; charset=utf-8
host: localhost:25271
accept: */*

Response DefaultHttpResponse(decodeResult: success, version: HTTP/1.1)
HTTP/1.1 200 OK
Content-Type: application/json; charset=utf-8
cache-control: no-cache
content-length: 44

00:50:50.437 [AsyncHttpClient-1-16] DEBUG org.asynchttpclient.netty.channel.ChannelManager - Adding key: http://localhost:25271 for channel [id: 0xc9c9d9c1, L:/127.0.0.1:60065 - R:localhost/127.0.0.1:25271]
00:50:50.439 [Forwarding getAlertText on session 33fc8c03837af926b89ec9c035010d63 to remote] DEBUG org.asynchttpclient.netty.request.NettyRequestSender - Using pooled Channel '[id: 0xc9c9d9c1, L:/127.0.0.1:60065 - R:localhost/127.0.0.1:25271]' for 'GET' to 'http://localhost:25271/session/33fc8c03837af926b89ec9c035010d63/alert/text'
00:50:50.439 [Forwarding getAlertText on session 33fc8c03837af926b89ec9c035010d63 to remote] DEBUG org.asynchttpclient.netty.request.NettyRequestSender - Using open Channel [id: 0xc9c9d9c1, L:/127.0.0.1:60065 - R:localhost/127.0.0.1:25271] for GET '/session/33fc8c03837af926b89ec9c035010d63/alert/text'
00:50:50.440 [AsyncHttpClient-1-16] DEBUG org.asynchttpclient.netty.handler.HttpHandler - 

Request DefaultFullHttpRequest(decodeResult: success, version: HTTP/1.1, content: EmptyByteBufBE)
GET /session/33fc8c03837af926b89ec9c035010d63/alert/text HTTP/1.1
User-Agent: selenium/4.7.1 (java windows)
Cache-Control: no-cache
Content-Type: application/json; charset=utf-8
host: localhost:25271
accept: */*

Response DefaultHttpResponse(decodeResult: success, version: HTTP/1.1)
HTTP/1.1 404 Not Found
Content-Type: application/json; charset=utf-8
cache-control: no-cache
content-length: 849

00:50:50.440 [AsyncHttpClient-1-16] DEBUG org.asynchttpclient.netty.channel.ChannelManager - Adding key: http://localhost:25271 for channel [id: 0xc9c9d9c1, L:/127.0.0.1:60065 - R:localhost/127.0.0.1:25271]
00:50:50.442 [Forwarding switchToWindow on session 33fc8c03837af926b89ec9c035010d63 to remote] DEBUG org.asynchttpclient.netty.request.NettyRequestSender - Using pooled Channel '[id: 0xc9c9d9c1, L:/127.0.0.1:60065 - R:localhost/127.0.0.1:25271]' for 'POST' to 'http://localhost:25271/session/33fc8c03837af926b89ec9c035010d63/window'
00:50:50.442 [Forwarding switchToWindow on session 33fc8c03837af926b89ec9c035010d63 to remote] DEBUG org.asynchttpclient.netty.request.NettyRequestSender - Using open Channel [id: 0xc9c9d9c1, L:/127.0.0.1:60065 - R:localhost/127.0.0.1:25271] for POST '/session/33fc8c03837af926b89ec9c035010d63/window'
00:50:50.443 [AsyncHttpClient-1-16] DEBUG org.asynchttpclient.netty.handler.HttpHandler - 

Request DefaultHttpRequest(decodeResult: success, version: HTTP/1.1)
POST /session/33fc8c03837af926b89ec9c035010d63/window HTTP/1.1
User-Agent: selenium/4.7.1 (java windows)
Content-Length: 50
Content-Type: application/json; charset=utf-8
host: localhost:25271
accept: */*

Response DefaultHttpResponse(decodeResult: success, version: HTTP/1.1)
HTTP/1.1 200 OK
Content-Type: application/json; charset=utf-8
cache-control: no-cache
content-length: 14

00:50:50.443 [AsyncHttpClient-1-16] DEBUG org.asynchttpclient.netty.channel.ChannelManager - Adding key: http://localhost:25271 for channel [id: 0xc9c9d9c1, L:/127.0.0.1:60065 - R:localhost/127.0.0.1:25271]
00:50:50.444 [Forwarding getCurrentUrl on session 33fc8c03837af926b89ec9c035010d63 to remote] DEBUG org.asynchttpclient.netty.request.NettyRequestSender - Using pooled Channel '[id: 0xc9c9d9c1, L:/127.0.0.1:60065 - R:localhost/127.0.0.1:25271]' for 'GET' to 'http://localhost:25271/session/33fc8c03837af926b89ec9c035010d63/url'
00:50:50.444 [Forwarding getCurrentUrl on session 33fc8c03837af926b89ec9c035010d63 to remote] DEBUG org.asynchttpclient.netty.request.NettyRequestSender - Using open Channel [id: 0xc9c9d9c1, L:/127.0.0.1:60065 - R:localhost/127.0.0.1:25271] for GET '/session/33fc8c03837af926b89ec9c035010d63/url'
00:50:50.447 [AsyncHttpClient-1-16] DEBUG org.asynchttpclient.netty.handler.HttpHandler - 

Request DefaultFullHttpRequest(decodeResult: success, version: HTTP/1.1, content: EmptyByteBufBE)
GET /session/33fc8c03837af926b89ec9c035010d63/url HTTP/1.1
User-Agent: selenium/4.7.1 (java windows)
Cache-Control: no-cache
Content-Type: application/json; charset=utf-8
host: localhost:25271
accept: */*

Response DefaultHttpResponse(decodeResult: success, version: HTTP/1.1)
HTTP/1.1 200 OK
Content-Type: application/json; charset=utf-8
cache-control: no-cache
content-length: 54

00:50:50.447 [AsyncHttpClient-1-16] DEBUG org.asynchttpclient.netty.channel.ChannelManager - Adding key: http://localhost:25271 for channel [id: 0xc9c9d9c1, L:/127.0.0.1:60065 - R:localhost/127.0.0.1:25271]
00:50:50.447 [Forwarding screenshot on session 33fc8c03837af926b89ec9c035010d63 to remote] DEBUG org.asynchttpclient.netty.request.NettyRequestSender - Using pooled Channel '[id: 0xc9c9d9c1, L:/127.0.0.1:60065 - R:localhost/127.0.0.1:25271]' for 'GET' to 'http://localhost:25271/session/33fc8c03837af926b89ec9c035010d63/screenshot'
00:50:50.447 [Forwarding screenshot on session 33fc8c03837af926b89ec9c035010d63 to remote] DEBUG org.asynchttpclient.netty.request.NettyRequestSender - Using open Channel [id: 0xc9c9d9c1, L:/127.0.0.1:60065 - R:localhost/127.0.0.1:25271] for GET '/session/33fc8c03837af926b89ec9c035010d63/screenshot'
00:50:50.547 [AsyncHttpClient-1-16] DEBUG org.asynchttpclient.netty.handler.HttpHandler - 

Request DefaultFullHttpRequest(decodeResult: success, version: HTTP/1.1, content: EmptyByteBufBE)
GET /session/33fc8c03837af926b89ec9c035010d63/screenshot HTTP/1.1
User-Agent: selenium/4.7.1 (java windows)
Cache-Control: no-cache
Content-Type: application/json; charset=utf-8
host: localhost:25271
accept: */*

Response DefaultHttpResponse(decodeResult: success, version: HTTP/1.1)
HTTP/1.1 200 OK
Content-Type: application/json; charset=utf-8
cache-control: no-cache
content-length: 31456

00:50:50.548 [AsyncHttpClient-1-16] DEBUG org.asynchttpclient.netty.channel.ChannelManager - Adding key: http://localhost:25271 for channel [id: 0xc9c9d9c1, L:/127.0.0.1:60065 - R:localhost/127.0.0.1:25271]
00:50:50.549 [main] DEBUG net.serenitybdd.core.photography.Darkroom - Send negative for processing for target\site\serenity\c4653274cf05e0e87e425083907efea7b5553c0d661f917ae07066ecf5a280d4.png
00:50:50.549 [main] DEBUG net.thucydides.core.steps.StepInterceptor - STEP DONE: inputNamaLengkap
  &amp#27;[32mAnd &amp#27;[0m&amp#27;[32muser input nama lengkap&amp#27;[0m                                     &amp#27;[90m# starter.stepdefinitions.RegisterSteps.userInputNamaLengkap()&amp#27;[0m
00:50:50.564 [main] DEBUG net.thucydides.core.steps.StepInterceptor - STARTING STEP: RegisterSteps.userInputEmailUntukRegisterYangBelumPernahTerdaftar - inputEmail
00:50:50.566 [Forwarding findElement on session 33fc8c03837af926b89ec9c035010d63 to remote] DEBUG org.asynchttpclient.netty.request.NettyRequestSender - Using pooled Channel '[id: 0xc9c9d9c1, L:/127.0.0.1:60065 - R:localhost/127.0.0.1:25271]' for 'POST' to 'http://localhost:25271/session/33fc8c03837af926b89ec9c035010d63/element'
00:50:50.566 [Forwarding findElement on session 33fc8c03837af926b89ec9c035010d63 to remote] DEBUG org.asynchttpclient.netty.request.NettyRequestSender - Using open Channel [id: 0xc9c9d9c1, L:/127.0.0.1:60065 - R:localhost/127.0.0.1:25271] for POST '/session/33fc8c03837af926b89ec9c035010d63/element'
00:50:50.580 [AsyncHttpClient-1-16] DEBUG org.asynchttpclient.netty.handler.HttpHandler - 

Request DefaultHttpRequest(decodeResult: success, version: HTTP/1.1)
POST /session/33fc8c03837af926b89ec9c035010d63/element HTTP/1.1
User-Agent: selenium/4.7.1 (java windows)
Content-Length: 187
Content-Type: application/json; charset=utf-8
host: localhost:25271
accept: */*

Response DefaultHttpResponse(decodeResult: success, version: HTTP/1.1)
HTTP/1.1 200 OK
Content-Type: application/json; charset=utf-8
cache-control: no-cache
content-length: 88

00:50:50.580 [AsyncHttpClient-1-16] DEBUG org.asynchttpclient.netty.channel.ChannelManager - Adding key: http://localhost:25271 for channel [id: 0xc9c9d9c1, L:/127.0.0.1:60065 - R:localhost/127.0.0.1:25271]
00:50:50.581 [Forwarding clearElement on session 33fc8c03837af926b89ec9c035010d63 to remote] DEBUG org.asynchttpclient.netty.request.NettyRequestSender - Using pooled Channel '[id: 0xc9c9d9c1, L:/127.0.0.1:60065 - R:localhost/127.0.0.1:25271]' for 'POST' to 'http://localhost:25271/session/33fc8c03837af926b89ec9c035010d63/element/7154d0b2-22e9-416a-ba35-86bfb01146e4/clear'
00:50:50.581 [Forwarding clearElement on session 33fc8c03837af926b89ec9c035010d63 to remote] DEBUG org.asynchttpclient.netty.request.NettyRequestSender - Using open Channel [id: 0xc9c9d9c1, L:/127.0.0.1:60065 - R:localhost/127.0.0.1:25271] for POST '/session/33fc8c03837af926b89ec9c035010d63/element/7154d0b2-22e9-416a-ba35-86bfb01146e4/clear'
00:50:50.620 [AsyncHttpClient-1-16] DEBUG org.asynchttpclient.netty.handler.HttpHandler - 

Request DefaultHttpRequest(decodeResult: success, version: HTTP/1.1)
POST /session/33fc8c03837af926b89ec9c035010d63/element/7154d0b2-22e9-416a-ba35-86bfb01146e4/clear HTTP/1.1
User-Agent: selenium/4.7.1 (java windows)
Content-Length: 50
Content-Type: application/json; charset=utf-8
host: localhost:25271
accept: */*

Response DefaultHttpResponse(decodeResult: success, version: HTTP/1.1)
HTTP/1.1 200 OK
Content-Type: application/json; charset=utf-8
cache-control: no-cache
content-length: 14

00:50:50.620 [AsyncHttpClient-1-16] DEBUG org.asynchttpclient.netty.channel.ChannelManager - Adding key: http://localhost:25271 for channel [id: 0xc9c9d9c1, L:/127.0.0.1:60065 - R:localhost/127.0.0.1:25271]
00:50:50.622 [Forwarding sendKeysToElement on session 33fc8c03837af926b89ec9c035010d63 to remote] DEBUG org.asynchttpclient.netty.request.NettyRequestSender - Using pooled Channel '[id: 0xc9c9d9c1, L:/127.0.0.1:60065 - R:localhost/127.0.0.1:25271]' for 'POST' to 'http://localhost:25271/session/33fc8c03837af926b89ec9c035010d63/element/7154d0b2-22e9-416a-ba35-86bfb01146e4/value'
00:50:50.622 [Forwarding sendKeysToElement on session 33fc8c03837af926b89ec9c035010d63 to remote] DEBUG org.asynchttpclient.netty.request.NettyRequestSender - Using open Channel [id: 0xc9c9d9c1, L:/127.0.0.1:60065 - R:localhost/127.0.0.1:25271] for POST '/session/33fc8c03837af926b89ec9c035010d63/element/7154d0b2-22e9-416a-ba35-86bfb01146e4/value'
00:50:50.640 [AsyncHttpClient-1-1] DEBUG org.asynchttpclient.netty.channel.DefaultChannelPool - Entry count for : http://localhost:60066 : 1
00:50:50.774 [AsyncHttpClient-1-16] DEBUG org.asynchttpclient.netty.handler.HttpHandler - 

Request DefaultHttpRequest(decodeResult: success, version: HTTP/1.1)
POST /session/33fc8c03837af926b89ec9c035010d63/element/7154d0b2-22e9-416a-ba35-86bfb01146e4/value HTTP/1.1
User-Agent: selenium/4.7.1 (java windows)
Content-Length: 251
Content-Type: application/json; charset=utf-8
host: localhost:25271
accept: */*

Response DefaultHttpResponse(decodeResult: success, version: HTTP/1.1)
HTTP/1.1 200 OK
Content-Type: application/json; charset=utf-8
cache-control: no-cache
content-length: 14

00:50:50.774 [AsyncHttpClient-1-16] DEBUG org.asynchttpclient.netty.channel.ChannelManager - Adding key: http://localhost:25271 for channel [id: 0xc9c9d9c1, L:/127.0.0.1:60065 - R:localhost/127.0.0.1:25271]
00:50:50.782 [Forwarding getCurrentWindowHandle on session 33fc8c03837af926b89ec9c035010d63 to remote] DEBUG org.asynchttpclient.netty.request.NettyRequestSender - Using pooled Channel '[id: 0xc9c9d9c1, L:/127.0.0.1:60065 - R:localhost/127.0.0.1:25271]' for 'GET' to 'http://localhost:25271/session/33fc8c03837af926b89ec9c035010d63/window'
00:50:50.782 [Forwarding getCurrentWindowHandle on session 33fc8c03837af926b89ec9c035010d63 to remote] DEBUG org.asynchttpclient.netty.request.NettyRequestSender - Using open Channel [id: 0xc9c9d9c1, L:/127.0.0.1:60065 - R:localhost/127.0.0.1:25271] for GET '/session/33fc8c03837af926b89ec9c035010d63/window'
00:50:50.783 [AsyncHttpClient-1-16] DEBUG org.asynchttpclient.netty.handler.HttpHandler - 

Request DefaultFullHttpRequest(decodeResult: success, version: HTTP/1.1, content: EmptyByteBufBE)
GET /session/33fc8c03837af926b89ec9c035010d63/window HTTP/1.1
User-Agent: selenium/4.7.1 (java windows)
Cache-Control: no-cache
Content-Type: application/json; charset=utf-8
host: localhost:25271
accept: */*

Response DefaultHttpResponse(decodeResult: success, version: HTTP/1.1)
HTTP/1.1 200 OK
Content-Type: application/json; charset=utf-8
cache-control: no-cache
content-length: 44

00:50:50.783 [AsyncHttpClient-1-16] DEBUG org.asynchttpclient.netty.channel.ChannelManager - Adding key: http://localhost:25271 for channel [id: 0xc9c9d9c1, L:/127.0.0.1:60065 - R:localhost/127.0.0.1:25271]
00:50:50.784 [Forwarding getAlertText on session 33fc8c03837af926b89ec9c035010d63 to remote] DEBUG org.asynchttpclient.netty.request.NettyRequestSender - Using pooled Channel '[id: 0xc9c9d9c1, L:/127.0.0.1:60065 - R:localhost/127.0.0.1:25271]' for 'GET' to 'http://localhost:25271/session/33fc8c03837af926b89ec9c035010d63/alert/text'
00:50:50.784 [Forwarding getAlertText on session 33fc8c03837af926b89ec9c035010d63 to remote] DEBUG org.asynchttpclient.netty.request.NettyRequestSender - Using open Channel [id: 0xc9c9d9c1, L:/127.0.0.1:60065 - R:localhost/127.0.0.1:25271] for GET '/session/33fc8c03837af926b89ec9c035010d63/alert/text'
00:50:50.786 [AsyncHttpClient-1-16] DEBUG org.asynchttpclient.netty.handler.HttpHandler - 

Request DefaultFullHttpRequest(decodeResult: success, version: HTTP/1.1, content: EmptyByteBufBE)
GET /session/33fc8c03837af926b89ec9c035010d63/alert/text HTTP/1.1
User-Agent: selenium/4.7.1 (java windows)
Cache-Control: no-cache
Content-Type: application/json; charset=utf-8
host: localhost:25271
accept: */*

Response DefaultHttpResponse(decodeResult: success, version: HTTP/1.1)
HTTP/1.1 404 Not Found
Content-Type: application/json; charset=utf-8
cache-control: no-cache
content-length: 849

00:50:50.786 [AsyncHttpClient-1-16] DEBUG org.asynchttpclient.netty.channel.ChannelManager - Adding key: http://localhost:25271 for channel [id: 0xc9c9d9c1, L:/127.0.0.1:60065 - R:localhost/127.0.0.1:25271]
00:50:50.788 [Forwarding switchToWindow on session 33fc8c03837af926b89ec9c035010d63 to remote] DEBUG org.asynchttpclient.netty.request.NettyRequestSender - Using pooled Channel '[id: 0xc9c9d9c1, L:/127.0.0.1:60065 - R:localhost/127.0.0.1:25271]' for 'POST' to 'http://localhost:25271/session/33fc8c03837af926b89ec9c035010d63/window'
00:50:50.788 [Forwarding switchToWindow on session 33fc8c03837af926b89ec9c035010d63 to remote] DEBUG org.asynchttpclient.netty.request.NettyRequestSender - Using open Channel [id: 0xc9c9d9c1, L:/127.0.0.1:60065 - R:localhost/127.0.0.1:25271] for POST '/session/33fc8c03837af926b89ec9c035010d63/window'
00:50:50.790 [AsyncHttpClient-1-16] DEBUG org.asynchttpclient.netty.handler.HttpHandler - 

Request DefaultHttpRequest(decodeResult: success, version: HTTP/1.1)
POST /session/33fc8c03837af926b89ec9c035010d63/window HTTP/1.1
User-Agent: selenium/4.7.1 (java windows)
Content-Length: 50
Content-Type: application/json; charset=utf-8
host: localhost:25271
accept: */*

Response DefaultHttpResponse(decodeResult: success, version: HTTP/1.1)
HTTP/1.1 200 OK
Content-Type: application/json; charset=utf-8
cache-control: no-cache
content-length: 14

00:50:50.790 [AsyncHttpClient-1-16] DEBUG org.asynchttpclient.netty.channel.ChannelManager - Adding key: http://localhost:25271 for channel [id: 0xc9c9d9c1, L:/127.0.0.1:60065 - R:localhost/127.0.0.1:25271]
00:50:50.791 [Forwarding getCurrentUrl on session 33fc8c03837af926b89ec9c035010d63 to remote] DEBUG org.asynchttpclient.netty.request.NettyRequestSender - Using pooled Channel '[id: 0xc9c9d9c1, L:/127.0.0.1:60065 - R:localhost/127.0.0.1:25271]' for 'GET' to 'http://localhost:25271/session/33fc8c03837af926b89ec9c035010d63/url'
00:50:50.791 [Forwarding getCurrentUrl on session 33fc8c03837af926b89ec9c035010d63 to remote] DEBUG org.asynchttpclient.netty.request.NettyRequestSender - Using open Channel [id: 0xc9c9d9c1, L:/127.0.0.1:60065 - R:localhost/127.0.0.1:25271] for GET '/session/33fc8c03837af926b89ec9c035010d63/url'
00:50:50.794 [AsyncHttpClient-1-16] DEBUG org.asynchttpclient.netty.handler.HttpHandler - 

Request DefaultFullHttpRequest(decodeResult: success, version: HTTP/1.1, content: EmptyByteBufBE)
GET /session/33fc8c03837af926b89ec9c035010d63/url HTTP/1.1
User-Agent: selenium/4.7.1 (java windows)
Cache-Control: no-cache
Content-Type: application/json; charset=utf-8
host: localhost:25271
accept: */*

Response DefaultHttpResponse(decodeResult: success, version: HTTP/1.1)
HTTP/1.1 200 OK
Content-Type: application/json; charset=utf-8
cache-control: no-cache
content-length: 54

00:50:50.794 [AsyncHttpClient-1-16] DEBUG org.asynchttpclient.netty.channel.ChannelManager - Adding key: http://localhost:25271 for channel [id: 0xc9c9d9c1, L:/127.0.0.1:60065 - R:localhost/127.0.0.1:25271]
00:50:50.795 [Forwarding screenshot on session 33fc8c03837af926b89ec9c035010d63 to remote] DEBUG org.asynchttpclient.netty.request.NettyRequestSender - Using pooled Channel '[id: 0xc9c9d9c1, L:/127.0.0.1:60065 - R:localhost/127.0.0.1:25271]' for 'GET' to 'http://localhost:25271/session/33fc8c03837af926b89ec9c035010d63/screenshot'
00:50:50.795 [Forwarding screenshot on session 33fc8c03837af926b89ec9c035010d63 to remote] DEBUG org.asynchttpclient.netty.request.NettyRequestSender - Using open Channel [id: 0xc9c9d9c1, L:/127.0.0.1:60065 - R:localhost/127.0.0.1:25271] for GET '/session/33fc8c03837af926b89ec9c035010d63/screenshot'
00:50:50.906 [AsyncHttpClient-1-16] DEBUG org.asynchttpclient.netty.handler.HttpHandler - 

Request DefaultFullHttpRequest(decodeResult: success, version: HTTP/1.1, content: EmptyByteBufBE)
GET /session/33fc8c03837af926b89ec9c035010d63/screenshot HTTP/1.1
User-Agent: selenium/4.7.1 (java windows)
Cache-Control: no-cache
Content-Type: application/json; charset=utf-8
host: localhost:25271
accept: */*

Response DefaultHttpResponse(decodeResult: success, version: HTTP/1.1)
HTTP/1.1 200 OK
Content-Type: application/json; charset=utf-8
cache-control: no-cache
content-length: 34492

00:50:50.906 [AsyncHttpClient-1-16] DEBUG org.asynchttpclient.netty.channel.ChannelManager - Adding key: http://localhost:25271 for channel [id: 0xc9c9d9c1, L:/127.0.0.1:60065 - R:localhost/127.0.0.1:25271]
00:50:50.908 [main] DEBUG net.serenitybdd.core.photography.Darkroom - Send negative for processing for target\site\serenity\6ac9e7d6521664ccc6cbfe3c95329f50f7b1b1bf7393363758683b0c4506d30b.png
00:50:50.908 [main] DEBUG net.thucydides.core.steps.StepInterceptor - STEP DONE: inputEmail
  &amp#27;[32mAnd &amp#27;[0m&amp#27;[32muser input email untuk register yang belum pernah terdaftar&amp#27;[0m &amp#27;[90m# starter.stepdefinitions.RegisterSteps.userInputEmailUntukRegisterYangBelumPernahTerdaftar()&amp#27;[0m
00:50:50.908 [Darkroom Processing Line] DEBUG net.serenitybdd.core.photography.DarkroomProcessingLine - Processing screenshot image in /var/screenshots/screenshot-9171921262129739957
00:50:50.908 [Darkroom Processing Line] DEBUG net.serenitybdd.core.photography.DarkroomProcessingLine - Saving screenshot to target\site\serenity\6ac9e7d6521664ccc6cbfe3c95329f50f7b1b1bf7393363758683b0c4506d30b.png
00:50:50.919 [main] DEBUG net.thucydides.core.steps.StepInterceptor - STARTING STEP: RegisterSteps.userInputPasswordUntukRegister - inputPassword
00:50:50.921 [Forwarding findElement on session 33fc8c03837af926b89ec9c035010d63 to remote] DEBUG org.asynchttpclient.netty.request.NettyRequestSender - Using pooled Channel '[id: 0xc9c9d9c1, L:/127.0.0.1:60065 - R:localhost/127.0.0.1:25271]' for 'POST' to 'http://localhost:25271/session/33fc8c03837af926b89ec9c035010d63/element'
00:50:50.921 [Forwarding findElement on session 33fc8c03837af926b89ec9c035010d63 to remote] DEBUG org.asynchttpclient.netty.request.NettyRequestSender - Using open Channel [id: 0xc9c9d9c1, L:/127.0.0.1:60065 - R:localhost/127.0.0.1:25271] for POST '/session/33fc8c03837af926b89ec9c035010d63/element'
00:50:50.938 [AsyncHttpClient-1-16] DEBUG org.asynchttpclient.netty.handler.HttpHandler - 

Request DefaultHttpRequest(decodeResult: success, version: HTTP/1.1)
POST /session/33fc8c03837af926b89ec9c035010d63/element HTTP/1.1
User-Agent: selenium/4.7.1 (java windows)
Content-Length: 187
Content-Type: application/json; charset=utf-8
host: localhost:25271
accept: */*

Response DefaultHttpResponse(decodeResult: success, version: HTTP/1.1)
HTTP/1.1 200 OK
Content-Type: application/json; charset=utf-8
cache-control: no-cache
content-length: 88

00:50:50.938 [AsyncHttpClient-1-16] DEBUG org.asynchttpclient.netty.channel.ChannelManager - Adding key: http://localhost:25271 for channel [id: 0xc9c9d9c1, L:/127.0.0.1:60065 - R:localhost/127.0.0.1:25271]
00:50:50.939 [Forwarding clearElement on session 33fc8c03837af926b89ec9c035010d63 to remote] DEBUG org.asynchttpclient.netty.request.NettyRequestSender - Using pooled Channel '[id: 0xc9c9d9c1, L:/127.0.0.1:60065 - R:localhost/127.0.0.1:25271]' for 'POST' to 'http://localhost:25271/session/33fc8c03837af926b89ec9c035010d63/element/fb119008-cd41-4edb-b4d5-bfd57329413f/clear'
00:50:50.939 [Forwarding clearElement on session 33fc8c03837af926b89ec9c035010d63 to remote] DEBUG org.asynchttpclient.netty.request.NettyRequestSender - Using open Channel [id: 0xc9c9d9c1, L:/127.0.0.1:60065 - R:localhost/127.0.0.1:25271] for POST '/session/33fc8c03837af926b89ec9c035010d63/element/fb119008-cd41-4edb-b4d5-bfd57329413f/clear'
00:50:50.978 [AsyncHttpClient-1-16] DEBUG org.asynchttpclient.netty.handler.HttpHandler - 

Request DefaultHttpRequest(decodeResult: success, version: HTTP/1.1)
POST /session/33fc8c03837af926b89ec9c035010d63/element/fb119008-cd41-4edb-b4d5-bfd57329413f/clear HTTP/1.1
User-Agent: selenium/4.7.1 (java windows)
Content-Length: 50
Content-Type: application/json; charset=utf-8
host: localhost:25271
accept: */*

Response DefaultHttpResponse(decodeResult: success, version: HTTP/1.1)
HTTP/1.1 200 OK
Content-Type: application/json; charset=utf-8
cache-control: no-cache
content-length: 14

00:50:50.979 [AsyncHttpClient-1-16] DEBUG org.asynchttpclient.netty.channel.ChannelManager - Adding key: http://localhost:25271 for channel [id: 0xc9c9d9c1, L:/127.0.0.1:60065 - R:localhost/127.0.0.1:25271]
00:50:50.980 [Forwarding sendKeysToElement on session 33fc8c03837af926b89ec9c035010d63 to remote] DEBUG org.asynchttpclient.netty.request.NettyRequestSender - Using pooled Channel '[id: 0xc9c9d9c1, L:/127.0.0.1:60065 - R:localhost/127.0.0.1:25271]' for 'POST' to 'http://localhost:25271/session/33fc8c03837af926b89ec9c035010d63/element/fb119008-cd41-4edb-b4d5-bfd57329413f/value'
00:50:50.980 [Forwarding sendKeysToElement on session 33fc8c03837af926b89ec9c035010d63 to remote] DEBUG org.asynchttpclient.netty.request.NettyRequestSender - Using open Channel [id: 0xc9c9d9c1, L:/127.0.0.1:60065 - R:localhost/127.0.0.1:25271] for POST '/session/33fc8c03837af926b89ec9c035010d63/element/fb119008-cd41-4edb-b4d5-bfd57329413f/value'
00:50:51.039 [AsyncHttpClient-1-16] DEBUG org.asynchttpclient.netty.handler.HttpHandler - 

Request DefaultHttpRequest(decodeResult: success, version: HTTP/1.1)
POST /session/33fc8c03837af926b89ec9c035010d63/element/fb119008-cd41-4edb-b4d5-bfd57329413f/value HTTP/1.1
User-Agent: selenium/4.7.1 (java windows)
Content-Length: 111
Content-Type: application/json; charset=utf-8
host: localhost:25271
accept: */*

Response DefaultHttpResponse(decodeResult: success, version: HTTP/1.1)
HTTP/1.1 200 OK
Content-Type: application/json; charset=utf-8
cache-control: no-cache
content-length: 14

00:50:51.039 [AsyncHttpClient-1-16] DEBUG org.asynchttpclient.netty.channel.ChannelManager - Adding key: http://localhost:25271 for channel [id: 0xc9c9d9c1, L:/127.0.0.1:60065 - R:localhost/127.0.0.1:25271]
00:50:51.051 [Forwarding getCurrentWindowHandle on session 33fc8c03837af926b89ec9c035010d63 to remote] DEBUG org.asynchttpclient.netty.request.NettyRequestSender - Using pooled Channel '[id: 0xc9c9d9c1, L:/127.0.0.1:60065 - R:localhost/127.0.0.1:25271]' for 'GET' to 'http://localhost:25271/session/33fc8c03837af926b89ec9c035010d63/window'
00:50:51.051 [Forwarding getCurrentWindowHandle on session 33fc8c03837af926b89ec9c035010d63 to remote] DEBUG org.asynchttpclient.netty.request.NettyRequestSender - Using open Channel [id: 0xc9c9d9c1, L:/127.0.0.1:60065 - R:localhost/127.0.0.1:25271] for GET '/session/33fc8c03837af926b89ec9c035010d63/window'
00:50:51.052 [AsyncHttpClient-1-16] DEBUG org.asynchttpclient.netty.handler.HttpHandler - 

Request DefaultFullHttpRequest(decodeResult: success, version: HTTP/1.1, content: EmptyByteBufBE)
GET /session/33fc8c03837af926b89ec9c035010d63/window HTTP/1.1
User-Agent: selenium/4.7.1 (java windows)
Cache-Control: no-cache
Content-Type: application/json; charset=utf-8
host: localhost:25271
accept: */*

Response DefaultHttpResponse(decodeResult: success, version: HTTP/1.1)
HTTP/1.1 200 OK
Content-Type: application/json; charset=utf-8
cache-control: no-cache
content-length: 44

00:50:51.052 [AsyncHttpClient-1-16] DEBUG org.asynchttpclient.netty.channel.ChannelManager - Adding key: http://localhost:25271 for channel [id: 0xc9c9d9c1, L:/127.0.0.1:60065 - R:localhost/127.0.0.1:25271]
00:50:51.053 [Forwarding getAlertText on session 33fc8c03837af926b89ec9c035010d63 to remote] DEBUG org.asynchttpclient.netty.request.NettyRequestSender - Using pooled Channel '[id: 0xc9c9d9c1, L:/127.0.0.1:60065 - R:localhost/127.0.0.1:25271]' for 'GET' to 'http://localhost:25271/session/33fc8c03837af926b89ec9c035010d63/alert/text'
00:50:51.053 [Forwarding getAlertText on session 33fc8c03837af926b89ec9c035010d63 to remote] DEBUG org.asynchttpclient.netty.request.NettyRequestSender - Using open Channel [id: 0xc9c9d9c1, L:/127.0.0.1:60065 - R:localhost/127.0.0.1:25271] for GET '/session/33fc8c03837af926b89ec9c035010d63/alert/text'
00:50:51.055 [AsyncHttpClient-1-16] DEBUG org.asynchttpclient.netty.handler.HttpHandler - 

Request DefaultFullHttpRequest(decodeResult: success, version: HTTP/1.1, content: EmptyByteBufBE)
GET /session/33fc8c03837af926b89ec9c035010d63/alert/text HTTP/1.1
User-Agent: selenium/4.7.1 (java windows)
Cache-Control: no-cache
Content-Type: application/json; charset=utf-8
host: localhost:25271
accept: */*

Response DefaultHttpResponse(decodeResult: success, version: HTTP/1.1)
HTTP/1.1 404 Not Found
Content-Type: application/json; charset=utf-8
cache-control: no-cache
content-length: 849

00:50:51.055 [AsyncHttpClient-1-16] DEBUG org.asynchttpclient.netty.channel.ChannelManager - Adding key: http://localhost:25271 for channel [id: 0xc9c9d9c1, L:/127.0.0.1:60065 - R:localhost/127.0.0.1:25271]
00:50:51.057 [Forwarding switchToWindow on session 33fc8c03837af926b89ec9c035010d63 to remote] DEBUG org.asynchttpclient.netty.request.NettyRequestSender - Using pooled Channel '[id: 0xc9c9d9c1, L:/127.0.0.1:60065 - R:localhost/127.0.0.1:25271]' for 'POST' to 'http://localhost:25271/session/33fc8c03837af926b89ec9c035010d63/window'
00:50:51.057 [Forwarding switchToWindow on session 33fc8c03837af926b89ec9c035010d63 to remote] DEBUG org.asynchttpclient.netty.request.NettyRequestSender - Using open Channel [id: 0xc9c9d9c1, L:/127.0.0.1:60065 - R:localhost/127.0.0.1:25271] for POST '/session/33fc8c03837af926b89ec9c035010d63/window'
00:50:51.059 [AsyncHttpClient-1-16] DEBUG org.asynchttpclient.netty.handler.HttpHandler - 

Request DefaultHttpRequest(decodeResult: success, version: HTTP/1.1)
POST /session/33fc8c03837af926b89ec9c035010d63/window HTTP/1.1
User-Agent: selenium/4.7.1 (java windows)
Content-Length: 50
Content-Type: application/json; charset=utf-8
host: localhost:25271
accept: */*

Response DefaultHttpResponse(decodeResult: success, version: HTTP/1.1)
HTTP/1.1 200 OK
Content-Type: application/json; charset=utf-8
cache-control: no-cache
content-length: 14

00:50:51.059 [AsyncHttpClient-1-16] DEBUG org.asynchttpclient.netty.channel.ChannelManager - Adding key: http://localhost:25271 for channel [id: 0xc9c9d9c1, L:/127.0.0.1:60065 - R:localhost/127.0.0.1:25271]
00:50:51.059 [Forwarding getCurrentUrl on session 33fc8c03837af926b89ec9c035010d63 to remote] DEBUG org.asynchttpclient.netty.request.NettyRequestSender - Using pooled Channel '[id: 0xc9c9d9c1, L:/127.0.0.1:60065 - R:localhost/127.0.0.1:25271]' for 'GET' to 'http://localhost:25271/session/33fc8c03837af926b89ec9c035010d63/url'
00:50:51.059 [Forwarding getCurrentUrl on session 33fc8c03837af926b89ec9c035010d63 to remote] DEBUG org.asynchttpclient.netty.request.NettyRequestSender - Using open Channel [id: 0xc9c9d9c1, L:/127.0.0.1:60065 - R:localhost/127.0.0.1:25271] for GET '/session/33fc8c03837af926b89ec9c035010d63/url'
00:50:51.062 [AsyncHttpClient-1-16] DEBUG org.asynchttpclient.netty.handler.HttpHandler - 

Request DefaultFullHttpRequest(decodeResult: success, version: HTTP/1.1, content: EmptyByteBufBE)
GET /session/33fc8c03837af926b89ec9c035010d63/url HTTP/1.1
User-Agent: selenium/4.7.1 (java windows)
Cache-Control: no-cache
Content-Type: application/json; charset=utf-8
host: localhost:25271
accept: */*

Response DefaultHttpResponse(decodeResult: success, version: HTTP/1.1)
HTTP/1.1 200 OK
Content-Type: application/json; charset=utf-8
cache-control: no-cache
content-length: 54

00:50:51.062 [AsyncHttpClient-1-16] DEBUG org.asynchttpclient.netty.channel.ChannelManager - Adding key: http://localhost:25271 for channel [id: 0xc9c9d9c1, L:/127.0.0.1:60065 - R:localhost/127.0.0.1:25271]
00:50:51.063 [Forwarding screenshot on session 33fc8c03837af926b89ec9c035010d63 to remote] DEBUG org.asynchttpclient.netty.request.NettyRequestSender - Using pooled Channel '[id: 0xc9c9d9c1, L:/127.0.0.1:60065 - R:localhost/127.0.0.1:25271]' for 'GET' to 'http://localhost:25271/session/33fc8c03837af926b89ec9c035010d63/screenshot'
00:50:51.063 [Forwarding screenshot on session 33fc8c03837af926b89ec9c035010d63 to remote] DEBUG org.asynchttpclient.netty.request.NettyRequestSender - Using open Channel [id: 0xc9c9d9c1, L:/127.0.0.1:60065 - R:localhost/127.0.0.1:25271] for GET '/session/33fc8c03837af926b89ec9c035010d63/screenshot'
00:50:51.166 [AsyncHttpClient-1-16] DEBUG org.asynchttpclient.netty.handler.HttpHandler - 

Request DefaultFullHttpRequest(decodeResult: success, version: HTTP/1.1, content: EmptyByteBufBE)
GET /session/33fc8c03837af926b89ec9c035010d63/screenshot HTTP/1.1
User-Agent: selenium/4.7.1 (java windows)
Cache-Control: no-cache
Content-Type: application/json; charset=utf-8
host: localhost:25271
accept: */*

Response DefaultHttpResponse(decodeResult: success, version: HTTP/1.1)
HTTP/1.1 200 OK
Content-Type: application/json; charset=utf-8
cache-control: no-cache
content-length: 34608

00:50:51.166 [AsyncHttpClient-1-16] DEBUG org.asynchttpclient.netty.channel.ChannelManager - Adding key: http://localhost:25271 for channel [id: 0xc9c9d9c1, L:/127.0.0.1:60065 - R:localhost/127.0.0.1:25271]
00:50:51.168 [main] DEBUG net.serenitybdd.core.photography.Darkroom - Send negative for processing for target\site\serenity\a79c50718df3c1b137ac17e9fa483c9415cbb4b1c993b52def8a2610cab2dff2.png
00:50:51.168 [main] DEBUG net.thucydides.core.steps.StepInterceptor - STEP DONE: inputPassword
  &amp#27;[32mAnd &amp#27;[0m&amp#27;[32muser input password untuk register&amp#27;[0m                          &amp#27;[90m# starter.stepdefinitions.RegisterSteps.userInputPasswordUntukRegister()&amp#27;[0m
00:50:51.168 [Darkroom Processing Line] DEBUG net.serenitybdd.core.photography.DarkroomProcessingLine - Processing screenshot image in /var/screenshots/screenshot-6842655321478144747
00:50:51.168 [Darkroom Processing Line] DEBUG net.serenitybdd.core.photography.DarkroomProcessingLine - Saving screenshot to target\site\serenity\a79c50718df3c1b137ac17e9fa483c9415cbb4b1c993b52def8a2610cab2dff2.png
00:50:51.181 [main] DEBUG net.thucydides.core.steps.StepInterceptor - STARTING STEP: RegisterSteps.userKlikRegisterYangKedua - klikButtonRegister
00:50:51.183 [Forwarding findElement on session 33fc8c03837af926b89ec9c035010d63 to remote] DEBUG org.asynchttpclient.netty.request.NettyRequestSender - Using pooled Channel '[id: 0xc9c9d9c1, L:/127.0.0.1:60065 - R:localhost/127.0.0.1:25271]' for 'POST' to 'http://localhost:25271/session/33fc8c03837af926b89ec9c035010d63/element'
00:50:51.183 [Forwarding findElement on session 33fc8c03837af926b89ec9c035010d63 to remote] DEBUG org.asynchttpclient.netty.request.NettyRequestSender - Using open Channel [id: 0xc9c9d9c1, L:/127.0.0.1:60065 - R:localhost/127.0.0.1:25271] for POST '/session/33fc8c03837af926b89ec9c035010d63/element'
00:50:51.196 [AsyncHttpClient-1-16] DEBUG org.asynchttpclient.netty.handler.HttpHandler - 

Request DefaultHttpRequest(decodeResult: success, version: HTTP/1.1)
POST /session/33fc8c03837af926b89ec9c035010d63/element HTTP/1.1
User-Agent: selenium/4.7.1 (java windows)
Content-Length: 141
Content-Type: application/json; charset=utf-8
host: localhost:25271
accept: */*

Response DefaultHttpResponse(decodeResult: success, version: HTTP/1.1)
HTTP/1.1 200 OK
Content-Type: application/json; charset=utf-8
cache-control: no-cache
content-length: 88

00:50:51.196 [AsyncHttpClient-1-16] DEBUG org.asynchttpclient.netty.channel.ChannelManager - Adding key: http://localhost:25271 for channel [id: 0xc9c9d9c1, L:/127.0.0.1:60065 - R:localhost/127.0.0.1:25271]
00:50:51.197 [Forwarding getElementTagName on session 33fc8c03837af926b89ec9c035010d63 to remote] DEBUG org.asynchttpclient.netty.request.NettyRequestSender - Using pooled Channel '[id: 0xc9c9d9c1, L:/127.0.0.1:60065 - R:localhost/127.0.0.1:25271]' for 'GET' to 'http://localhost:25271/session/33fc8c03837af926b89ec9c035010d63/element/c9b4c03d-f234-4739-bc97-68bafdabc54d/name'
00:50:51.198 [Forwarding getElementTagName on session 33fc8c03837af926b89ec9c035010d63 to remote] DEBUG org.asynchttpclient.netty.request.NettyRequestSender - Using open Channel [id: 0xc9c9d9c1, L:/127.0.0.1:60065 - R:localhost/127.0.0.1:25271] for GET '/session/33fc8c03837af926b89ec9c035010d63/element/c9b4c03d-f234-4739-bc97-68bafdabc54d/name'
00:50:51.202 [AsyncHttpClient-1-16] DEBUG org.asynchttpclient.netty.handler.HttpHandler - 

Request DefaultFullHttpRequest(decodeResult: success, version: HTTP/1.1, content: EmptyByteBufBE)
GET /session/33fc8c03837af926b89ec9c035010d63/element/c9b4c03d-f234-4739-bc97-68bafdabc54d/name HTTP/1.1
User-Agent: selenium/4.7.1 (java windows)
Cache-Control: no-cache
Content-Type: application/json; charset=utf-8
host: localhost:25271
accept: */*

Response DefaultHttpResponse(decodeResult: success, version: HTTP/1.1)
HTTP/1.1 200 OK
Content-Type: application/json; charset=utf-8
cache-control: no-cache
content-length: 18

00:50:51.202 [AsyncHttpClient-1-16] DEBUG org.asynchttpclient.netty.channel.ChannelManager - Adding key: http://localhost:25271 for channel [id: 0xc9c9d9c1, L:/127.0.0.1:60065 - R:localhost/127.0.0.1:25271]
00:50:51.204 [Forwarding getElementTagName on session 33fc8c03837af926b89ec9c035010d63 to remote] DEBUG org.asynchttpclient.netty.request.NettyRequestSender - Using pooled Channel '[id: 0xc9c9d9c1, L:/127.0.0.1:60065 - R:localhost/127.0.0.1:25271]' for 'GET' to 'http://localhost:25271/session/33fc8c03837af926b89ec9c035010d63/element/c9b4c03d-f234-4739-bc97-68bafdabc54d/name'
00:50:51.204 [Forwarding getElementTagName on session 33fc8c03837af926b89ec9c035010d63 to remote] DEBUG org.asynchttpclient.netty.request.NettyRequestSender - Using open Channel [id: 0xc9c9d9c1, L:/127.0.0.1:60065 - R:localhost/127.0.0.1:25271] for GET '/session/33fc8c03837af926b89ec9c035010d63/element/c9b4c03d-f234-4739-bc97-68bafdabc54d/name'
00:50:51.207 [AsyncHttpClient-1-16] DEBUG org.asynchttpclient.netty.handler.HttpHandler - 

Request DefaultFullHttpRequest(decodeResult: success, version: HTTP/1.1, content: EmptyByteBufBE)
GET /session/33fc8c03837af926b89ec9c035010d63/element/c9b4c03d-f234-4739-bc97-68bafdabc54d/name HTTP/1.1
User-Agent: selenium/4.7.1 (java windows)
Cache-Control: no-cache
Content-Type: application/json; charset=utf-8
host: localhost:25271
accept: */*

Response DefaultHttpResponse(decodeResult: success, version: HTTP/1.1)
HTTP/1.1 200 OK
Content-Type: application/json; charset=utf-8
cache-control: no-cache
content-length: 18

00:50:51.207 [AsyncHttpClient-1-16] DEBUG org.asynchttpclient.netty.channel.ChannelManager - Adding key: http://localhost:25271 for channel [id: 0xc9c9d9c1, L:/127.0.0.1:60065 - R:localhost/127.0.0.1:25271]
00:50:51.209 [Forwarding isElementEnabled on session 33fc8c03837af926b89ec9c035010d63 to remote] DEBUG org.asynchttpclient.netty.request.NettyRequestSender - Using pooled Channel '[id: 0xc9c9d9c1, L:/127.0.0.1:60065 - R:localhost/127.0.0.1:25271]' for 'GET' to 'http://localhost:25271/session/33fc8c03837af926b89ec9c035010d63/element/c9b4c03d-f234-4739-bc97-68bafdabc54d/enabled'
00:50:51.209 [Forwarding isElementEnabled on session 33fc8c03837af926b89ec9c035010d63 to remote] DEBUG org.asynchttpclient.netty.request.NettyRequestSender - Using open Channel [id: 0xc9c9d9c1, L:/127.0.0.1:60065 - R:localhost/127.0.0.1:25271] for GET '/session/33fc8c03837af926b89ec9c035010d63/element/c9b4c03d-f234-4739-bc97-68bafdabc54d/enabled'
00:50:51.217 [AsyncHttpClient-1-16] DEBUG org.asynchttpclient.netty.handler.HttpHandler - 

Request DefaultFullHttpRequest(decodeResult: success, version: HTTP/1.1, content: EmptyByteBufBE)
GET /session/33fc8c03837af926b89ec9c035010d63/element/c9b4c03d-f234-4739-bc97-68bafdabc54d/enabled HTTP/1.1
User-Agent: selenium/4.7.1 (java windows)
Cache-Control: no-cache
Content-Type: application/json; charset=utf-8
host: localhost:25271
accept: */*

Response DefaultHttpResponse(decodeResult: success, version: HTTP/1.1)
HTTP/1.1 200 OK
Content-Type: application/json; charset=utf-8
cache-control: no-cache
content-length: 14

00:50:51.217 [AsyncHttpClient-1-16] DEBUG org.asynchttpclient.netty.channel.ChannelManager - Adding key: http://localhost:25271 for channel [id: 0xc9c9d9c1, L:/127.0.0.1:60065 - R:localhost/127.0.0.1:25271]
00:50:51.218 [Forwarding isElementEnabled on session 33fc8c03837af926b89ec9c035010d63 to remote] DEBUG org.asynchttpclient.netty.request.NettyRequestSender - Using pooled Channel '[id: 0xc9c9d9c1, L:/127.0.0.1:60065 - R:localhost/127.0.0.1:25271]' for 'GET' to 'http://localhost:25271/session/33fc8c03837af926b89ec9c035010d63/element/c9b4c03d-f234-4739-bc97-68bafdabc54d/enabled'
00:50:51.218 [Forwarding isElementEnabled on session 33fc8c03837af926b89ec9c035010d63 to remote] DEBUG org.asynchttpclient.netty.request.NettyRequestSender - Using open Channel [id: 0xc9c9d9c1, L:/127.0.0.1:60065 - R:localhost/127.0.0.1:25271] for GET '/session/33fc8c03837af926b89ec9c035010d63/element/c9b4c03d-f234-4739-bc97-68bafdabc54d/enabled'
00:50:51.227 [AsyncHttpClient-1-16] DEBUG org.asynchttpclient.netty.handler.HttpHandler - 

Request DefaultFullHttpRequest(decodeResult: success, version: HTTP/1.1, content: EmptyByteBufBE)
GET /session/33fc8c03837af926b89ec9c035010d63/element/c9b4c03d-f234-4739-bc97-68bafdabc54d/enabled HTTP/1.1
User-Agent: selenium/4.7.1 (java windows)
Cache-Control: no-cache
Content-Type: application/json; charset=utf-8
host: localhost:25271
accept: */*

Response DefaultHttpResponse(decodeResult: success, version: HTTP/1.1)
HTTP/1.1 200 OK
Content-Type: application/json; charset=utf-8
cache-control: no-cache
content-length: 14

00:50:51.227 [AsyncHttpClient-1-16] DEBUG org.asynchttpclient.netty.channel.ChannelManager - Adding key: http://localhost:25271 for channel [id: 0xc9c9d9c1, L:/127.0.0.1:60065 - R:localhost/127.0.0.1:25271]
00:50:51.228 [Forwarding findElement on session 33fc8c03837af926b89ec9c035010d63 to remote] DEBUG org.asynchttpclient.netty.request.NettyRequestSender - Using pooled Channel '[id: 0xc9c9d9c1, L:/127.0.0.1:60065 - R:localhost/127.0.0.1:25271]' for 'POST' to 'http://localhost:25271/session/33fc8c03837af926b89ec9c035010d63/element'
00:50:51.228 [Forwarding findElement on session 33fc8c03837af926b89ec9c035010d63 to remote] DEBUG org.asynchttpclient.netty.request.NettyRequestSender - Using open Channel [id: 0xc9c9d9c1, L:/127.0.0.1:60065 - R:localhost/127.0.0.1:25271] for POST '/session/33fc8c03837af926b89ec9c035010d63/element'
00:50:51.235 [AsyncHttpClient-1-16] DEBUG org.asynchttpclient.netty.handler.HttpHandler - 

Request DefaultHttpRequest(decodeResult: success, version: HTTP/1.1)
POST /session/33fc8c03837af926b89ec9c035010d63/element HTTP/1.1
User-Agent: selenium/4.7.1 (java windows)
Content-Length: 141
Content-Type: application/json; charset=utf-8
host: localhost:25271
accept: */*

Response DefaultHttpResponse(decodeResult: success, version: HTTP/1.1)
HTTP/1.1 200 OK
Content-Type: application/json; charset=utf-8
cache-control: no-cache
content-length: 88

00:50:51.235 [AsyncHttpClient-1-16] DEBUG org.asynchttpclient.netty.channel.ChannelManager - Adding key: http://localhost:25271 for channel [id: 0xc9c9d9c1, L:/127.0.0.1:60065 - R:localhost/127.0.0.1:25271]
00:50:51.237 [Forwarding clickElement on session 33fc8c03837af926b89ec9c035010d63 to remote] DEBUG org.asynchttpclient.netty.request.NettyRequestSender - Using pooled Channel '[id: 0xc9c9d9c1, L:/127.0.0.1:60065 - R:localhost/127.0.0.1:25271]' for 'POST' to 'http://localhost:25271/session/33fc8c03837af926b89ec9c035010d63/element/c9b4c03d-f234-4739-bc97-68bafdabc54d/click'
00:50:51.237 [Forwarding clickElement on session 33fc8c03837af926b89ec9c035010d63 to remote] DEBUG org.asynchttpclient.netty.request.NettyRequestSender - Using open Channel [id: 0xc9c9d9c1, L:/127.0.0.1:60065 - R:localhost/127.0.0.1:25271] for POST '/session/33fc8c03837af926b89ec9c035010d63/element/c9b4c03d-f234-4739-bc97-68bafdabc54d/click'
00:50:51.283 [AsyncHttpClient-1-16] DEBUG org.asynchttpclient.netty.handler.HttpHandler - 

Request DefaultHttpRequest(decodeResult: success, version: HTTP/1.1)
POST /session/33fc8c03837af926b89ec9c035010d63/element/c9b4c03d-f234-4739-bc97-68bafdabc54d/click HTTP/1.1
User-Agent: selenium/4.7.1 (java windows)
Content-Length: 50
Content-Type: application/json; charset=utf-8
host: localhost:25271
accept: */*

Response DefaultHttpResponse(decodeResult: success, version: HTTP/1.1)
HTTP/1.1 200 OK
Content-Type: application/json; charset=utf-8
cache-control: no-cache
content-length: 14

00:50:51.283 [AsyncHttpClient-1-16] DEBUG org.asynchttpclient.netty.channel.ChannelManager - Adding key: http://localhost:25271 for channel [id: 0xc9c9d9c1, L:/127.0.0.1:60065 - R:localhost/127.0.0.1:25271]
00:50:51.291 [Forwarding getCurrentWindowHandle on session 33fc8c03837af926b89ec9c035010d63 to remote] DEBUG org.asynchttpclient.netty.request.NettyRequestSender - Using pooled Channel '[id: 0xc9c9d9c1, L:/127.0.0.1:60065 - R:localhost/127.0.0.1:25271]' for 'GET' to 'http://localhost:25271/session/33fc8c03837af926b89ec9c035010d63/window'
00:50:51.291 [Forwarding getCurrentWindowHandle on session 33fc8c03837af926b89ec9c035010d63 to remote] DEBUG org.asynchttpclient.netty.request.NettyRequestSender - Using open Channel [id: 0xc9c9d9c1, L:/127.0.0.1:60065 - R:localhost/127.0.0.1:25271] for GET '/session/33fc8c03837af926b89ec9c035010d63/window'
00:50:51.292 [AsyncHttpClient-1-16] DEBUG org.asynchttpclient.netty.handler.HttpHandler - 

Request DefaultFullHttpRequest(decodeResult: success, version: HTTP/1.1, content: EmptyByteBufBE)
GET /session/33fc8c03837af926b89ec9c035010d63/window HTTP/1.1
User-Agent: selenium/4.7.1 (java windows)
Cache-Control: no-cache
Content-Type: application/json; charset=utf-8
host: localhost:25271
accept: */*

Response DefaultHttpResponse(decodeResult: success, version: HTTP/1.1)
HTTP/1.1 200 OK
Content-Type: application/json; charset=utf-8
cache-control: no-cache
content-length: 44

00:50:51.292 [AsyncHttpClient-1-16] DEBUG org.asynchttpclient.netty.channel.ChannelManager - Adding key: http://localhost:25271 for channel [id: 0xc9c9d9c1, L:/127.0.0.1:60065 - R:localhost/127.0.0.1:25271]
00:50:51.293 [Forwarding getAlertText on session 33fc8c03837af926b89ec9c035010d63 to remote] DEBUG org.asynchttpclient.netty.request.NettyRequestSender - Using pooled Channel '[id: 0xc9c9d9c1, L:/127.0.0.1:60065 - R:localhost/127.0.0.1:25271]' for 'GET' to 'http://localhost:25271/session/33fc8c03837af926b89ec9c035010d63/alert/text'
00:50:51.293 [Forwarding getAlertText on session 33fc8c03837af926b89ec9c035010d63 to remote] DEBUG org.asynchttpclient.netty.request.NettyRequestSender - Using open Channel [id: 0xc9c9d9c1, L:/127.0.0.1:60065 - R:localhost/127.0.0.1:25271] for GET '/session/33fc8c03837af926b89ec9c035010d63/alert/text'
00:50:51.294 [AsyncHttpClient-1-16] DEBUG org.asynchttpclient.netty.handler.HttpHandler - 

Request DefaultFullHttpRequest(decodeResult: success, version: HTTP/1.1, content: EmptyByteBufBE)
GET /session/33fc8c03837af926b89ec9c035010d63/alert/text HTTP/1.1
User-Agent: selenium/4.7.1 (java windows)
Cache-Control: no-cache
Content-Type: application/json; charset=utf-8
host: localhost:25271
accept: */*

Response DefaultHttpResponse(decodeResult: success, version: HTTP/1.1)
HTTP/1.1 404 Not Found
Content-Type: application/json; charset=utf-8
cache-control: no-cache
content-length: 849

00:50:51.294 [AsyncHttpClient-1-16] DEBUG org.asynchttpclient.netty.channel.ChannelManager - Adding key: http://localhost:25271 for channel [id: 0xc9c9d9c1, L:/127.0.0.1:60065 - R:localhost/127.0.0.1:25271]
00:50:51.296 [Forwarding switchToWindow on session 33fc8c03837af926b89ec9c035010d63 to remote] DEBUG org.asynchttpclient.netty.request.NettyRequestSender - Using pooled Channel '[id: 0xc9c9d9c1, L:/127.0.0.1:60065 - R:localhost/127.0.0.1:25271]' for 'POST' to 'http://localhost:25271/session/33fc8c03837af926b89ec9c035010d63/window'
00:50:51.296 [Forwarding switchToWindow on session 33fc8c03837af926b89ec9c035010d63 to remote] DEBUG org.asynchttpclient.netty.request.NettyRequestSender - Using open Channel [id: 0xc9c9d9c1, L:/127.0.0.1:60065 - R:localhost/127.0.0.1:25271] for POST '/session/33fc8c03837af926b89ec9c035010d63/window'
00:50:51.297 [AsyncHttpClient-1-16] DEBUG org.asynchttpclient.netty.handler.HttpHandler - 

Request DefaultHttpRequest(decodeResult: success, version: HTTP/1.1)
POST /session/33fc8c03837af926b89ec9c035010d63/window HTTP/1.1
User-Agent: selenium/4.7.1 (java windows)
Content-Length: 50
Content-Type: application/json; charset=utf-8
host: localhost:25271
accept: */*

Response DefaultHttpResponse(decodeResult: success, version: HTTP/1.1)
HTTP/1.1 200 OK
Content-Type: application/json; charset=utf-8
cache-control: no-cache
content-length: 14

00:50:51.297 [AsyncHttpClient-1-16] DEBUG org.asynchttpclient.netty.channel.ChannelManager - Adding key: http://localhost:25271 for channel [id: 0xc9c9d9c1, L:/127.0.0.1:60065 - R:localhost/127.0.0.1:25271]
00:50:51.298 [Forwarding getCurrentUrl on session 33fc8c03837af926b89ec9c035010d63 to remote] DEBUG org.asynchttpclient.netty.request.NettyRequestSender - Using pooled Channel '[id: 0xc9c9d9c1, L:/127.0.0.1:60065 - R:localhost/127.0.0.1:25271]' for 'GET' to 'http://localhost:25271/session/33fc8c03837af926b89ec9c035010d63/url'
00:50:51.298 [Forwarding getCurrentUrl on session 33fc8c03837af926b89ec9c035010d63 to remote] DEBUG org.asynchttpclient.netty.request.NettyRequestSender - Using open Channel [id: 0xc9c9d9c1, L:/127.0.0.1:60065 - R:localhost/127.0.0.1:25271] for GET '/session/33fc8c03837af926b89ec9c035010d63/url'
00:50:51.301 [AsyncHttpClient-1-16] DEBUG org.asynchttpclient.netty.handler.HttpHandler - 

Request DefaultFullHttpRequest(decodeResult: success, version: HTTP/1.1, content: EmptyByteBufBE)
GET /session/33fc8c03837af926b89ec9c035010d63/url HTTP/1.1
User-Agent: selenium/4.7.1 (java windows)
Cache-Control: no-cache
Content-Type: application/json; charset=utf-8
host: localhost:25271
accept: */*

Response DefaultHttpResponse(decodeResult: success, version: HTTP/1.1)
HTTP/1.1 200 OK
Content-Type: application/json; charset=utf-8
cache-control: no-cache
content-length: 54

00:50:51.301 [AsyncHttpClient-1-16] DEBUG org.asynchttpclient.netty.channel.ChannelManager - Adding key: http://localhost:25271 for channel [id: 0xc9c9d9c1, L:/127.0.0.1:60065 - R:localhost/127.0.0.1:25271]
00:50:51.302 [Forwarding screenshot on session 33fc8c03837af926b89ec9c035010d63 to remote] DEBUG org.asynchttpclient.netty.request.NettyRequestSender - Using pooled Channel '[id: 0xc9c9d9c1, L:/127.0.0.1:60065 - R:localhost/127.0.0.1:25271]' for 'GET' to 'http://localhost:25271/session/33fc8c03837af926b89ec9c035010d63/screenshot'
00:50:51.302 [Forwarding screenshot on session 33fc8c03837af926b89ec9c035010d63 to remote] DEBUG org.asynchttpclient.netty.request.NettyRequestSender - Using open Channel [id: 0xc9c9d9c1, L:/127.0.0.1:60065 - R:localhost/127.0.0.1:25271] for GET '/session/33fc8c03837af926b89ec9c035010d63/screenshot'
00:50:51.413 [AsyncHttpClient-1-16] DEBUG org.asynchttpclient.netty.handler.HttpHandler - 

Request DefaultFullHttpRequest(decodeResult: success, version: HTTP/1.1, content: EmptyByteBufBE)
GET /session/33fc8c03837af926b89ec9c035010d63/screenshot HTTP/1.1
User-Agent: selenium/4.7.1 (java windows)
Cache-Control: no-cache
Content-Type: application/json; charset=utf-8
host: localhost:25271
accept: */*

Response DefaultHttpResponse(decodeResult: success, version: HTTP/1.1)
HTTP/1.1 200 OK
Content-Type: application/json; charset=utf-8
cache-control: no-cache
content-length: 34104

00:50:51.413 [AsyncHttpClient-1-16] DEBUG org.asynchttpclient.netty.channel.ChannelManager - Adding key: http://localhost:25271 for channel [id: 0xc9c9d9c1, L:/127.0.0.1:60065 - R:localhost/127.0.0.1:25271]
00:50:51.415 [main] DEBUG net.serenitybdd.core.photography.Darkroom - Send negative for processing for target\site\serenity\03af5a113c4ef2aa82a926dc0ec75edc2daf731d63ba115f3426d335b5b5514f.png
00:50:51.415 [main] DEBUG net.thucydides.core.steps.StepInterceptor - STEP DONE: klikButtonRegister
  &amp#27;[32mThen &amp#27;[0m&amp#27;[32muser klik register yang kedua&amp#27;[0m                              &amp#27;[90m# starter.stepdefinitions.RegisterSteps.userKlikRegisterYangKedua()&amp#27;[0m
00:50:51.415 [Darkroom Processing Line] DEBUG net.serenitybdd.core.photography.DarkroomProcessingLine - Processing screenshot image in /var/screenshots/screenshot-1278588689469005663
00:50:51.415 [Darkroom Processing Line] DEBUG net.serenitybdd.core.photography.DarkroomProcessingLine - Saving screenshot to target\site\serenity\03af5a113c4ef2aa82a926dc0ec75edc2daf731d63ba115f3426d335b5b5514f.png
00:50:51.428 [main] DEBUG net.thucydides.core.steps.StepInterceptor - STARTING STEP: RegisterSteps.userBeradaDiHalamanLogin - halamanLogin
00:50:51.430 [Forwarding findElement on session 33fc8c03837af926b89ec9c035010d63 to remote] DEBUG org.asynchttpclient.netty.request.NettyRequestSender - Using pooled Channel '[id: 0xc9c9d9c1, L:/127.0.0.1:60065 - R:localhost/127.0.0.1:25271]' for 'POST' to 'http://localhost:25271/session/33fc8c03837af926b89ec9c035010d63/element'
00:50:51.430 [Forwarding findElement on session 33fc8c03837af926b89ec9c035010d63 to remote] DEBUG org.asynchttpclient.netty.request.NettyRequestSender - Using open Channel [id: 0xc9c9d9c1, L:/127.0.0.1:60065 - R:localhost/127.0.0.1:25271] for POST '/session/33fc8c03837af926b89ec9c035010d63/element'
00:50:51.733 [AsyncHttpClient-1-1] DEBUG org.asynchttpclient.netty.channel.DefaultChannelPool - Entry count for : http://localhost:60066 : 1
00:50:51.877 [AsyncHttpClient-1-16] DEBUG org.asynchttpclient.netty.handler.HttpHandler - 

Request DefaultHttpRequest(decodeResult: success, version: HTTP/1.1)
POST /session/33fc8c03837af926b89ec9c035010d63/element HTTP/1.1
User-Agent: selenium/4.7.1 (java windows)
Content-Length: 141
Content-Type: application/json; charset=utf-8
host: localhost:25271
accept: */*

Response DefaultHttpResponse(decodeResult: success, version: HTTP/1.1)
HTTP/1.1 200 OK
Content-Type: application/json; charset=utf-8
cache-control: no-cache
content-length: 88

00:50:51.877 [AsyncHttpClient-1-16] DEBUG org.asynchttpclient.netty.channel.ChannelManager - Adding key: http://localhost:25271 for channel [id: 0xc9c9d9c1, L:/127.0.0.1:60065 - R:localhost/127.0.0.1:25271]
00:50:51.880 [Forwarding isElementDisplayed on session 33fc8c03837af926b89ec9c035010d63 to remote] DEBUG org.asynchttpclient.netty.request.NettyRequestSender - Using pooled Channel '[id: 0xc9c9d9c1, L:/127.0.0.1:60065 - R:localhost/127.0.0.1:25271]' for 'POST' to 'http://localhost:25271/session/33fc8c03837af926b89ec9c035010d63/execute/sync'
00:50:51.880 [Forwarding isElementDisplayed on session 33fc8c03837af926b89ec9c035010d63 to remote] DEBUG org.asynchttpclient.netty.request.NettyRequestSender - Using open Channel [id: 0xc9c9d9c1, L:/127.0.0.1:60065 - R:localhost/127.0.0.1:25271] for POST '/session/33fc8c03837af926b89ec9c035010d63/execute/sync'
00:50:51.892 [AsyncHttpClient-1-16] DEBUG org.asynchttpclient.netty.handler.HttpHandler - 

Request DefaultHttpRequest(decodeResult: success, version: HTTP/1.1)
POST /session/33fc8c03837af926b89ec9c035010d63/execute/sync HTTP/1.1
User-Agent: selenium/4.7.1 (java windows)
Content-Length: 48780
Content-Type: application/json; charset=utf-8
host: localhost:25271
accept: */*

Response DefaultHttpResponse(decodeResult: success, version: HTTP/1.1)
HTTP/1.1 200 OK
Content-Type: application/json; charset=utf-8
cache-control: no-cache
content-length: 14

00:50:51.892 [AsyncHttpClient-1-16] DEBUG org.asynchttpclient.netty.channel.ChannelManager - Adding key: http://localhost:25271 for channel [id: 0xc9c9d9c1, L:/127.0.0.1:60065 - R:localhost/127.0.0.1:25271]
00:50:51.894 [Forwarding isElementDisplayed on session 33fc8c03837af926b89ec9c035010d63 to remote] DEBUG org.asynchttpclient.netty.request.NettyRequestSender - Using pooled Channel '[id: 0xc9c9d9c1, L:/127.0.0.1:60065 - R:localhost/127.0.0.1:25271]' for 'POST' to 'http://localhost:25271/session/33fc8c03837af926b89ec9c035010d63/execute/sync'
00:50:51.894 [Forwarding isElementDisplayed on session 33fc8c03837af926b89ec9c035010d63 to remote] DEBUG org.asynchttpclient.netty.request.NettyRequestSender - Using open Channel [id: 0xc9c9d9c1, L:/127.0.0.1:60065 - R:localhost/127.0.0.1:25271] for POST '/session/33fc8c03837af926b89ec9c035010d63/execute/sync'
00:50:51.907 [AsyncHttpClient-1-16] DEBUG org.asynchttpclient.netty.handler.HttpHandler - 

Request DefaultHttpRequest(decodeResult: success, version: HTTP/1.1)
POST /session/33fc8c03837af926b89ec9c035010d63/execute/sync HTTP/1.1
User-Agent: selenium/4.7.1 (java windows)
Content-Length: 48780
Content-Type: application/json; charset=utf-8
host: localhost:25271
accept: */*

Response DefaultHttpResponse(decodeResult: success, version: HTTP/1.1)
HTTP/1.1 200 OK
Content-Type: application/json; charset=utf-8
cache-control: no-cache
content-length: 14

00:50:51.908 [AsyncHttpClient-1-16] DEBUG org.asynchttpclient.netty.channel.ChannelManager - Adding key: http://localhost:25271 for channel [id: 0xc9c9d9c1, L:/127.0.0.1:60065 - R:localhost/127.0.0.1:25271]
00:50:51.913 [Forwarding getCurrentWindowHandle on session 33fc8c03837af926b89ec9c035010d63 to remote] DEBUG org.asynchttpclient.netty.request.NettyRequestSender - Using pooled Channel '[id: 0xc9c9d9c1, L:/127.0.0.1:60065 - R:localhost/127.0.0.1:25271]' for 'GET' to 'http://localhost:25271/session/33fc8c03837af926b89ec9c035010d63/window'
00:50:51.913 [Forwarding getCurrentWindowHandle on session 33fc8c03837af926b89ec9c035010d63 to remote] DEBUG org.asynchttpclient.netty.request.NettyRequestSender - Using open Channel [id: 0xc9c9d9c1, L:/127.0.0.1:60065 - R:localhost/127.0.0.1:25271] for GET '/session/33fc8c03837af926b89ec9c035010d63/window'
00:50:51.914 [AsyncHttpClient-1-16] DEBUG org.asynchttpclient.netty.handler.HttpHandler - 

Request DefaultFullHttpRequest(decodeResult: success, version: HTTP/1.1, content: EmptyByteBufBE)
GET /session/33fc8c03837af926b89ec9c035010d63/window HTTP/1.1
User-Agent: selenium/4.7.1 (java windows)
Cache-Control: no-cache
Content-Type: application/json; charset=utf-8
host: localhost:25271
accept: */*

Response DefaultHttpResponse(decodeResult: success, version: HTTP/1.1)
HTTP/1.1 200 OK
Content-Type: application/json; charset=utf-8
cache-control: no-cache
content-length: 44

00:50:51.914 [AsyncHttpClient-1-16] DEBUG org.asynchttpclient.netty.channel.ChannelManager - Adding key: http://localhost:25271 for channel [id: 0xc9c9d9c1, L:/127.0.0.1:60065 - R:localhost/127.0.0.1:25271]
00:50:51.915 [Forwarding getAlertText on session 33fc8c03837af926b89ec9c035010d63 to remote] DEBUG org.asynchttpclient.netty.request.NettyRequestSender - Using pooled Channel '[id: 0xc9c9d9c1, L:/127.0.0.1:60065 - R:localhost/127.0.0.1:25271]' for 'GET' to 'http://localhost:25271/session/33fc8c03837af926b89ec9c035010d63/alert/text'
00:50:51.915 [Forwarding getAlertText on session 33fc8c03837af926b89ec9c035010d63 to remote] DEBUG org.asynchttpclient.netty.request.NettyRequestSender - Using open Channel [id: 0xc9c9d9c1, L:/127.0.0.1:60065 - R:localhost/127.0.0.1:25271] for GET '/session/33fc8c03837af926b89ec9c035010d63/alert/text'
00:50:51.917 [AsyncHttpClient-1-16] DEBUG org.asynchttpclient.netty.handler.HttpHandler - 

Request DefaultFullHttpRequest(decodeResult: success, version: HTTP/1.1, content: EmptyByteBufBE)
GET /session/33fc8c03837af926b89ec9c035010d63/alert/text HTTP/1.1
User-Agent: selenium/4.7.1 (java windows)
Cache-Control: no-cache
Content-Type: application/json; charset=utf-8
host: localhost:25271
accept: */*

Response DefaultHttpResponse(decodeResult: success, version: HTTP/1.1)
HTTP/1.1 404 Not Found
Content-Type: application/json; charset=utf-8
cache-control: no-cache
content-length: 849

00:50:51.917 [AsyncHttpClient-1-16] DEBUG org.asynchttpclient.netty.channel.ChannelManager - Adding key: http://localhost:25271 for channel [id: 0xc9c9d9c1, L:/127.0.0.1:60065 - R:localhost/127.0.0.1:25271]
00:50:51.920 [Forwarding switchToWindow on session 33fc8c03837af926b89ec9c035010d63 to remote] DEBUG org.asynchttpclient.netty.request.NettyRequestSender - Using pooled Channel '[id: 0xc9c9d9c1, L:/127.0.0.1:60065 - R:localhost/127.0.0.1:25271]' for 'POST' to 'http://localhost:25271/session/33fc8c03837af926b89ec9c035010d63/window'
00:50:51.920 [Forwarding switchToWindow on session 33fc8c03837af926b89ec9c035010d63 to remote] DEBUG org.asynchttpclient.netty.request.NettyRequestSender - Using open Channel [id: 0xc9c9d9c1, L:/127.0.0.1:60065 - R:localhost/127.0.0.1:25271] for POST '/session/33fc8c03837af926b89ec9c035010d63/window'
00:50:51.922 [AsyncHttpClient-1-16] DEBUG org.asynchttpclient.netty.handler.HttpHandler - 

Request DefaultHttpRequest(decodeResult: success, version: HTTP/1.1)
POST /session/33fc8c03837af926b89ec9c035010d63/window HTTP/1.1
User-Agent: selenium/4.7.1 (java windows)
Content-Length: 50
Content-Type: application/json; charset=utf-8
host: localhost:25271
accept: */*

Response DefaultHttpResponse(decodeResult: success, version: HTTP/1.1)
HTTP/1.1 200 OK
Content-Type: application/json; charset=utf-8
cache-control: no-cache
content-length: 14

00:50:51.922 [AsyncHttpClient-1-16] DEBUG org.asynchttpclient.netty.channel.ChannelManager - Adding key: http://localhost:25271 for channel [id: 0xc9c9d9c1, L:/127.0.0.1:60065 - R:localhost/127.0.0.1:25271]
00:50:51.923 [Forwarding getCurrentUrl on session 33fc8c03837af926b89ec9c035010d63 to remote] DEBUG org.asynchttpclient.netty.request.NettyRequestSender - Using pooled Channel '[id: 0xc9c9d9c1, L:/127.0.0.1:60065 - R:localhost/127.0.0.1:25271]' for 'GET' to 'http://localhost:25271/session/33fc8c03837af926b89ec9c035010d63/url'
00:50:51.923 [Forwarding getCurrentUrl on session 33fc8c03837af926b89ec9c035010d63 to remote] DEBUG org.asynchttpclient.netty.request.NettyRequestSender - Using open Channel [id: 0xc9c9d9c1, L:/127.0.0.1:60065 - R:localhost/127.0.0.1:25271] for GET '/session/33fc8c03837af926b89ec9c035010d63/url'
00:50:51.926 [AsyncHttpClient-1-16] DEBUG org.asynchttpclient.netty.handler.HttpHandler - 

Request DefaultFullHttpRequest(decodeResult: success, version: HTTP/1.1, content: EmptyByteBufBE)
GET /session/33fc8c03837af926b89ec9c035010d63/url HTTP/1.1
User-Agent: selenium/4.7.1 (java windows)
Cache-Control: no-cache
Content-Type: application/json; charset=utf-8
host: localhost:25271
accept: */*

Response DefaultHttpResponse(decodeResult: success, version: HTTP/1.1)
HTTP/1.1 200 OK
Content-Type: application/json; charset=utf-8
cache-control: no-cache
content-length: 54

00:50:51.926 [AsyncHttpClient-1-16] DEBUG org.asynchttpclient.netty.channel.ChannelManager - Adding key: http://localhost:25271 for channel [id: 0xc9c9d9c1, L:/127.0.0.1:60065 - R:localhost/127.0.0.1:25271]
00:50:51.927 [Forwarding screenshot on session 33fc8c03837af926b89ec9c035010d63 to remote] DEBUG org.asynchttpclient.netty.request.NettyRequestSender - Using pooled Channel '[id: 0xc9c9d9c1, L:/127.0.0.1:60065 - R:localhost/127.0.0.1:25271]' for 'GET' to 'http://localhost:25271/session/33fc8c03837af926b89ec9c035010d63/screenshot'
00:50:51.927 [Forwarding screenshot on session 33fc8c03837af926b89ec9c035010d63 to remote] DEBUG org.asynchttpclient.netty.request.NettyRequestSender - Using open Channel [id: 0xc9c9d9c1, L:/127.0.0.1:60065 - R:localhost/127.0.0.1:25271] for GET '/session/33fc8c03837af926b89ec9c035010d63/screenshot'
00:50:52.024 [AsyncHttpClient-1-16] DEBUG org.asynchttpclient.netty.handler.HttpHandler - 

Request DefaultFullHttpRequest(decodeResult: success, version: HTTP/1.1, content: EmptyByteBufBE)
GET /session/33fc8c03837af926b89ec9c035010d63/screenshot HTTP/1.1
User-Agent: selenium/4.7.1 (java windows)
Cache-Control: no-cache
Content-Type: application/json; charset=utf-8
host: localhost:25271
accept: */*

Response DefaultHttpResponse(decodeResult: success, version: HTTP/1.1)
HTTP/1.1 200 OK
Content-Type: application/json; charset=utf-8
cache-control: no-cache
content-length: 35300

00:50:52.024 [AsyncHttpClient-1-16] DEBUG org.asynchttpclient.netty.channel.ChannelManager - Adding key: http://localhost:25271 for channel [id: 0xc9c9d9c1, L:/127.0.0.1:60065 - R:localhost/127.0.0.1:25271]
00:50:52.026 [main] DEBUG net.serenitybdd.core.photography.Darkroom - Send negative for processing for target\site\serenity\8184c49fbcf0c6b56267e70233b803dfcae6b6bb0cf2c0152aacc043553455a1.png
00:50:52.026 [main] DEBUG net.thucydides.core.steps.StepInterceptor - STEP DONE: halamanLogin
  &amp#27;[32mAnd &amp#27;[0m&amp#27;[32muser berada di halaman login&amp#27;[0m                                &amp#27;[90m# starter.stepdefinitions.RegisterSteps.userBeradaDiHalamanLogin()&amp#27;[0m
00:50:52.027 [Darkroom Processing Line] DEBUG net.serenitybdd.core.photography.DarkroomProcessingLine - Processing screenshot image in /var/screenshots/screenshot-9537527102046244512
00:50:52.027 [Darkroom Processing Line] DEBUG net.serenitybdd.core.photography.DarkroomProcessingLine - Saving screenshot to target\site\serenity\8184c49fbcf0c6b56267e70233b803dfcae6b6bb0cf2c0152aacc043553455a1.png
00:50:52.033 [main] INFO  - 
  _____   ___   ___   _____     ___     _     ___   ___   ___   ___  
 |_   _| | __| / __| |_   _|   | _ \   /_\   / __| / __| | __| |   \ 
   | |   | _|  \__ \   | |     |  _/  / _ \  \__ \ \__ \ | _|  | |) |
   |_|   |___| |___/   |_|     |_|   /_/ \_\ |___/ |___/ |___| |___/ 

user bisa register
----------------------------------------------------------------------
00:50:52.035 [AsyncHttpClient-1-2] DEBUG org.asynchttpclient.netty.handler.WebSocketHandler - Channel Closed: [id: 0xd7f36f2d, L:/127.0.0.1:60072 ! R:localhost/127.0.0.1:60066] with attribute NettyResponseFuture{currentRetry=0,
	isDone=1,
	isCancelled=0,
	asyncHandler=org.asynchttpclient.ws.WebSocketUpgradeHandler@2478bb32,
	nettyRequest=org.asynchttpclient.netty.request.NettyRequest@54c24de,
	future=java.util.concurrent.CompletableFuture@396bf4c7[Completed normally],
	uri=ws://localhost:60066/devtools/browser/237410f5-78a1-4115-a34e-466b4b1fc2e5,
	keepAlive=true,
	redirectCount=0,
	timeoutsHolder=null,
	inAuth=0,
	touch=1683654642462}
00:50:52.035 [Driver Command Executor] DEBUG org.asynchttpclient.netty.request.NettyRequestSender - Using pooled Channel '[id: 0xc9c9d9c1, L:/127.0.0.1:60065 - R:localhost/127.0.0.1:25271]' for 'DELETE' to 'http://localhost:25271/session/33fc8c03837af926b89ec9c035010d63'
00:50:52.035 [Driver Command Executor] DEBUG org.asynchttpclient.netty.request.NettyRequestSender - Using open Channel [id: 0xc9c9d9c1, L:/127.0.0.1:60065 - R:localhost/127.0.0.1:25271] for DELETE '/session/33fc8c03837af926b89ec9c035010d63'
00:50:52.035 [AsyncHttpClient-1-2] DEBUG org.asynchttpclient.netty.channel.ChannelManager - Closing Channel [id: 0xd7f36f2d, L:/127.0.0.1:60072 ! R:localhost/127.0.0.1:60066] 
00:50:52.081 [AsyncHttpClient-1-17] DEBUG org.asynchttpclient.netty.handler.HttpHandler - Unexpected I/O exception on channel [id: 0x9ab97983, L:/127.0.0.1:60071 - R:localhost/127.0.0.1:60066]
java.net.SocketException: Connection reset
	at java.base/sun.nio.ch.SocketChannelImpl.throwConnectionReset(SocketChannelImpl.java:401)
	at java.base/sun.nio.ch.SocketChannelImpl.read(SocketChannelImpl.java:434)
	at io.netty.buffer.PooledByteBuf.setBytes(PooledByteBuf.java:259)
	at io.netty.buffer.AbstractByteBuf.writeBytes(AbstractByteBuf.java:1132)
	at io.netty.channel.socket.nio.NioSocketChannel.doReadBytes(NioSocketChannel.java:357)
	at io.netty.channel.nio.AbstractNioByteChannel$NioByteUnsafe.read(AbstractNioByteChannel.java:151)
	at io.netty.channel.nio.NioEventLoop.processSelectedKey(NioEventLoop.java:788)
	at io.netty.channel.nio.NioEventLoop.processSelectedKeysOptimized(NioEventLoop.java:724)
	at io.netty.channel.nio.NioEventLoop.processSelectedKeys(NioEventLoop.java:650)
	at io.netty.channel.nio.NioEventLoop.run(NioEventLoop.java:562)
	at io.netty.util.concurrent.SingleThreadEventExecutor$4.run(SingleThreadEventExecutor.java:997)
	at io.netty.util.internal.ThreadExecutorMap$2.run(ThreadExecutorMap.java:74)
	at io.netty.util.concurrent.FastThreadLocalRunnable.run(FastThreadLocalRunnable.java:30)
	at java.base/java.lang.Thread.run(Thread.java:1589)
00:50:52.082 [AsyncHttpClient-1-17] DEBUG org.asynchttpclient.netty.channel.ChannelManager - Closing Channel [id: 0x9ab97983, L:/127.0.0.1:60071 - R:localhost/127.0.0.1:60066] 
00:50:52.082 [AsyncHttpClient-1-17] DEBUG org.asynchttpclient.netty.handler.HttpHandler - Channel Closed: [id: 0x9ab97983, L:/127.0.0.1:60071 ! R:localhost/127.0.0.1:60066] with attribute DISCARD
00:50:52.104 [AsyncHttpClient-1-16] DEBUG org.asynchttpclient.netty.handler.HttpHandler - 

Request DefaultFullHttpRequest(decodeResult: success, version: HTTP/1.1, content: EmptyByteBufBE)
DELETE /session/33fc8c03837af926b89ec9c035010d63 HTTP/1.1
User-Agent: selenium/4.7.1 (java windows)
Content-Type: application/json; charset=utf-8
host: localhost:25271
accept: */*

Response DefaultHttpResponse(decodeResult: success, version: HTTP/1.1)
HTTP/1.1 200 OK
Content-Type: application/json; charset=utf-8
cache-control: no-cache
content-length: 14

00:50:52.104 [AsyncHttpClient-1-16] DEBUG org.asynchttpclient.netty.channel.ChannelManager - Adding key: http://localhost:25271 for channel [id: 0xc9c9d9c1, L:/127.0.0.1:60065 - R:localhost/127.0.0.1:25271]
00:50:52.191 [AsyncHttpClient-1-16] DEBUG org.asynchttpclient.netty.handler.HttpHandler - Channel Closed: [id: 0xc9c9d9c1, L:/127.0.0.1:60065 ! R:localhost/127.0.0.1:25271] with attribute DISCARD
]]></system-out>
    <system-err><![CDATA[Starting ChromeDriver 112.0.5615.49 (bd2a7bcb881c11e8cfe3078709382934e3916914-refs/branch-heads/5615@{#936}) on port 25271
Only local connections are allowed.
Please see https://chromedriver.chromium.org/security-considerations for suggestions on keeping ChromeDriver safe.
ChromeDriver was started successfully.
May 10, 2023 12:50:42 AM org.openqa.selenium.devtools.CdpVersionFinder findNearestMatch
WARNING: Unable to find an exact match for CDP version 112, so returning the closest version found: 108
]]></system-err>
  </testcase>
  <testcase name="user bisa membayar produk yang diinginkan" classname="Transaksi" time="15.475">
    <failure type="java.lang.AssertionError"><![CDATA[java.lang.AssertionError: Element should be visible
]]></failure>
    <system-out><![CDATA[00:50:52.221 [main] INFO io.cucumber.core.plugin.SerenityReporter - Running feature from file:///C:/Users/HP/Downloads/Mini-Project-QA/ALTASHOP%20WEB%20AUTOMATION/src/test/resources/features/3.%20Transaksi.feature
00:50:52.225 [main] DEBUG net.thucydides.core.steps.StepEventBus - Test suite started for story net.thucydides.core.model.Story@75f83c00
00:50:52.239 [main] INFO  - Test Suite Started: Transaksi

@AS15-positive
Scenario: user bisa membayar produk yang diinginkan                       &amp#27;[90m# src/test/resources/features/3. Transaksi.feature:5&amp#27;[0m
00:50:52.253 [main] INFO io.cucumber.core.plugin.SerenityReporter - Running feature from file:///C:/Users/HP/Downloads/Mini-Project-QA/ALTASHOP%20WEB%20AUTOMATION/src/test/resources/features/3.%20Transaksi.feature
00:50:52.257 [main] INFO  - 
  _____   ___   ___   _____     ___   _____     _     ___   _____   ___   ___  
 |_   _| | __| / __| |_   _|   / __| |_   _|   /_\   | _ \ |_   _| | __| |   \ 
   | |   | _|  \__ \   | |     \__ \   | |    / _ \  |   /   | |   | _|  | |) |
   |_|   |___| |___/   |_|     |___/   |_|   /_/ \_\ |_|_\   |_|   |___| |___/ 

user bisa membayar produk yang diinginkan(transaksi;user-bisa-membayar-produk-yang-diinginkan)
--------------------------------------------------------------------------------
00:50:52.441 [main] DEBUG net.thucydides.core.steps.StepInterceptor - STARTING STEP: TransaksiSteps.userBeradaDiHomepageAltaShopDanLoginAkun - diHomepageAltaShop
00:50:52.520 [main] INFO net.serenitybdd.core.webdriver.driverproviders.ChromeDriverProvider - Starting Chrome driver instance with capabilities:
00:50:52.520 [main] INFO net.serenitybdd.core.webdriver.driverproviders.ChromeDriverProvider - Capabilities {acceptInsecureCerts: true, browserName: chrome, goog:chromeOptions: {args: [remote-allow-origins=*, test-type, no-sandbox, ignore-certificate-errors, start-maximized, incognito, disable-infobars, disable-gpu, disable-default-apps, disable-popup-blocking, remote-allow-origins=*, test-type, no-sandbox, ignore-certificate-errors, start-maximized, incognito, disable-infobars, disable-gpu, disable-default-apps, disable-popup-blocking], extensions: []}}
00:50:52.613 [AsyncHttpClient-1-3] DEBUG org.asynchttpclient.netty.channel.NettyConnectListener - Using new Channel '[id: 0xd5399c0b, L:/127.0.0.1:60105 - R:localhost/127.0.0.1:33209]' for 'POST' to '/session'
00:50:52.828 [AsyncHttpClient-1-1] DEBUG org.asynchttpclient.netty.channel.DefaultChannelPool - Entry count for : http://localhost:60066 : 1
00:50:52.828 [AsyncHttpClient-1-1] DEBUG org.asynchttpclient.netty.channel.DefaultChannelPool - Entry count for : http://localhost:25271 : 1
00:50:52.828 [AsyncHttpClient-1-1] DEBUG org.asynchttpclient.netty.channel.DefaultChannelPool - Adding Candidate expired Channel [id: 0x9ab97983, L:/127.0.0.1:60071 ! R:localhost/127.0.0.1:60066] isIdleTimeoutExpired=false isRemotelyClosed=true isTtlExpired=false
00:50:52.828 [AsyncHttpClient-1-1] DEBUG org.asynchttpclient.netty.channel.DefaultChannelPool - Closing Idle Channel [id: 0x9ab97983, L:/127.0.0.1:60071 ! R:localhost/127.0.0.1:60066]
00:50:52.828 [AsyncHttpClient-1-1] DEBUG org.asynchttpclient.netty.channel.DefaultChannelPool - Adding Candidate expired Channel [id: 0xc9c9d9c1, L:/127.0.0.1:60065 ! R:localhost/127.0.0.1:25271] isIdleTimeoutExpired=false isRemotelyClosed=true isTtlExpired=false
00:50:52.828 [AsyncHttpClient-1-1] DEBUG org.asynchttpclient.netty.channel.DefaultChannelPool - Closing Idle Channel [id: 0xc9c9d9c1, L:/127.0.0.1:60065 ! R:localhost/127.0.0.1:25271]
00:50:52.828 [AsyncHttpClient-1-1] DEBUG org.asynchttpclient.netty.channel.DefaultChannelPool - Closed 2 connections out of 2 in 0 ms
00:50:53.415 [AsyncHttpClient-1-3] DEBUG org.asynchttpclient.netty.handler.HttpHandler - 

Request DefaultHttpRequest(decodeResult: success, version: HTTP/1.1)
POST /session HTTP/1.1
User-Agent: selenium/4.7.1 (java windows)
Content-Length: 1629
Content-Type: application/json; charset=utf-8
host: localhost:33209
accept: */*

Response DefaultHttpResponse(decodeResult: success, version: HTTP/1.1)
HTTP/1.1 200 OK
Content-Type: application/json; charset=utf-8
cache-control: no-cache
content-length: 853

00:50:53.415 [AsyncHttpClient-1-3] DEBUG org.asynchttpclient.netty.channel.ChannelManager - Adding key: http://localhost:33209 for channel [id: 0xd5399c0b, L:/127.0.0.1:60105 - R:localhost/127.0.0.1:33209]
00:50:53.427 [AsyncHttpClient-1-4] DEBUG org.asynchttpclient.netty.channel.NettyConnectListener - Using new Channel '[id: 0x3266be48, L:/127.0.0.1:60111 - R:localhost/127.0.0.1:60106]' for 'GET' to '/json/version'
00:50:53.428 [AsyncHttpClient-1-4] DEBUG org.asynchttpclient.netty.handler.HttpHandler - 

Request DefaultFullHttpRequest(decodeResult: success, version: HTTP/1.1, content: EmptyByteBufBE)
GET /json/version HTTP/1.1
User-Agent: selenium/4.7.1 (java windows)
host: localhost:60106
accept: */*

Response DefaultHttpResponse(decodeResult: success, version: HTTP/1.1)
HTTP/1.1 200 OK
Content-Security-Policy: frame-ancestors 'none'
Content-Type: application/json; charset=UTF-8
content-length: 424

00:50:53.428 [AsyncHttpClient-1-4] DEBUG org.asynchttpclient.netty.channel.ChannelManager - Adding key: http://localhost:60106 for channel [id: 0x3266be48, L:/127.0.0.1:60111 - R:localhost/127.0.0.1:60106]
00:50:53.431 [AsyncHttpClient-1-5] DEBUG org.asynchttpclient.netty.channel.NettyConnectListener - Using new Channel '[id: 0xf4888713, L:/127.0.0.1:60112 - R:localhost/127.0.0.1:60106]' for 'GET' to '/devtools/browser/1e3d1810-8805-4f8c-9b1d-91761dcddd66'
00:50:53.432 [AsyncHttpClient-1-5] DEBUG org.asynchttpclient.netty.handler.WebSocketHandler - 

Request DefaultFullHttpRequest(decodeResult: success, version: HTTP/1.1, content: EmptyByteBufBE)
GET /devtools/browser/1e3d1810-8805-4f8c-9b1d-91761dcddd66 HTTP/1.1
upgrade: websocket
connection: upgrade
sec-websocket-key: koYI0D017Dr6jJltfd0g4Q==
sec-websocket-version: 13
origin: http://localhost:60106
host: localhost:60106
accept: */*
user-agent: AHC/2.1

Response DefaultHttpResponse(decodeResult: success, version: HTTP/1.1)
HTTP/1.1 101 WebSocket Protocol Handshake
Upgrade: WebSocket
Connection: Upgrade
Sec-WebSocket-Accept: oa2DeNXj1LqIezrprBzmnh3NW0c=

00:50:53.447 [Forwarding get on session 40e55b6100d500abb0ccd5487a0fa1fd to remote] DEBUG org.asynchttpclient.netty.request.NettyRequestSender - Using pooled Channel '[id: 0xd5399c0b, L:/127.0.0.1:60105 - R:localhost/127.0.0.1:33209]' for 'POST' to 'http://localhost:33209/session/40e55b6100d500abb0ccd5487a0fa1fd/url'
00:50:53.447 [Forwarding get on session 40e55b6100d500abb0ccd5487a0fa1fd to remote] DEBUG org.asynchttpclient.netty.request.NettyRequestSender - Using open Channel [id: 0xd5399c0b, L:/127.0.0.1:60105 - R:localhost/127.0.0.1:33209] for POST '/session/40e55b6100d500abb0ccd5487a0fa1fd/url'
00:50:53.936 [AsyncHttpClient-1-1] DEBUG org.asynchttpclient.netty.channel.DefaultChannelPool - Entry count for : http://localhost:60106 : 1
00:50:55.035 [AsyncHttpClient-1-1] DEBUG org.asynchttpclient.netty.channel.DefaultChannelPool - Entry count for : http://localhost:60106 : 1
00:50:56.129 [AsyncHttpClient-1-1] DEBUG org.asynchttpclient.netty.channel.DefaultChannelPool - Entry count for : http://localhost:60106 : 1
00:50:57.230 [AsyncHttpClient-1-1] DEBUG org.asynchttpclient.netty.channel.DefaultChannelPool - Entry count for : http://localhost:60106 : 1
00:50:58.328 [AsyncHttpClient-1-1] DEBUG org.asynchttpclient.netty.channel.DefaultChannelPool - Entry count for : http://localhost:60106 : 1
00:50:58.919 [AsyncHttpClient-1-3] DEBUG org.asynchttpclient.netty.handler.HttpHandler - 

Request DefaultHttpRequest(decodeResult: success, version: HTTP/1.1)
POST /session/40e55b6100d500abb0ccd5487a0fa1fd/url HTTP/1.1
User-Agent: selenium/4.7.1 (java windows)
Content-Length: 59
Content-Type: application/json; charset=utf-8
host: localhost:33209
accept: */*

Response DefaultHttpResponse(decodeResult: success, version: HTTP/1.1)
HTTP/1.1 200 OK
Content-Type: application/json; charset=utf-8
cache-control: no-cache
content-length: 14

00:50:58.919 [AsyncHttpClient-1-3] DEBUG org.asynchttpclient.netty.channel.ChannelManager - Adding key: http://localhost:33209 for channel [id: 0xd5399c0b, L:/127.0.0.1:60105 - R:localhost/127.0.0.1:33209]
00:50:58.920 [Forwarding setTimeout on session 40e55b6100d500abb0ccd5487a0fa1fd to remote] DEBUG org.asynchttpclient.netty.request.NettyRequestSender - Using pooled Channel '[id: 0xd5399c0b, L:/127.0.0.1:60105 - R:localhost/127.0.0.1:33209]' for 'POST' to 'http://localhost:33209/session/40e55b6100d500abb0ccd5487a0fa1fd/timeouts'
00:50:58.921 [Forwarding setTimeout on session 40e55b6100d500abb0ccd5487a0fa1fd to remote] DEBUG org.asynchttpclient.netty.request.NettyRequestSender - Using open Channel [id: 0xd5399c0b, L:/127.0.0.1:60105 - R:localhost/127.0.0.1:33209] for POST '/session/40e55b6100d500abb0ccd5487a0fa1fd/timeouts'
00:50:58.923 [AsyncHttpClient-1-3] DEBUG org.asynchttpclient.netty.handler.HttpHandler - 

Request DefaultHttpRequest(decodeResult: success, version: HTTP/1.1)
POST /session/40e55b6100d500abb0ccd5487a0fa1fd/timeouts HTTP/1.1
User-Agent: selenium/4.7.1 (java windows)
Content-Length: 22
Content-Type: application/json; charset=utf-8
host: localhost:33209
accept: */*

Response DefaultHttpResponse(decodeResult: success, version: HTTP/1.1)
HTTP/1.1 200 OK
Content-Type: application/json; charset=utf-8
cache-control: no-cache
content-length: 14

00:50:58.923 [AsyncHttpClient-1-3] DEBUG org.asynchttpclient.netty.channel.ChannelManager - Adding key: http://localhost:33209 for channel [id: 0xd5399c0b, L:/127.0.0.1:60105 - R:localhost/127.0.0.1:33209]
00:50:58.927 [Forwarding getCurrentUrl on session 40e55b6100d500abb0ccd5487a0fa1fd to remote] DEBUG org.asynchttpclient.netty.request.NettyRequestSender - Using pooled Channel '[id: 0xd5399c0b, L:/127.0.0.1:60105 - R:localhost/127.0.0.1:33209]' for 'GET' to 'http://localhost:33209/session/40e55b6100d500abb0ccd5487a0fa1fd/url'
00:50:58.927 [Forwarding getCurrentUrl on session 40e55b6100d500abb0ccd5487a0fa1fd to remote] DEBUG org.asynchttpclient.netty.request.NettyRequestSender - Using open Channel [id: 0xd5399c0b, L:/127.0.0.1:60105 - R:localhost/127.0.0.1:33209] for GET '/session/40e55b6100d500abb0ccd5487a0fa1fd/url'
00:50:58.933 [AsyncHttpClient-1-3] DEBUG org.asynchttpclient.netty.handler.HttpHandler - 

Request DefaultFullHttpRequest(decodeResult: success, version: HTTP/1.1, content: EmptyByteBufBE)
GET /session/40e55b6100d500abb0ccd5487a0fa1fd/url HTTP/1.1
User-Agent: selenium/4.7.1 (java windows)
Cache-Control: no-cache
Content-Type: application/json; charset=utf-8
host: localhost:33209
accept: */*

Response DefaultHttpResponse(decodeResult: success, version: HTTP/1.1)
HTTP/1.1 200 OK
Content-Type: application/json; charset=utf-8
cache-control: no-cache
content-length: 41

00:50:58.933 [AsyncHttpClient-1-3] DEBUG org.asynchttpclient.netty.channel.ChannelManager - Adding key: http://localhost:33209 for channel [id: 0xd5399c0b, L:/127.0.0.1:60105 - R:localhost/127.0.0.1:33209]
00:50:58.936 [Forwarding getCurrentUrl on session 40e55b6100d500abb0ccd5487a0fa1fd to remote] DEBUG org.asynchttpclient.netty.request.NettyRequestSender - Using pooled Channel '[id: 0xd5399c0b, L:/127.0.0.1:60105 - R:localhost/127.0.0.1:33209]' for 'GET' to 'http://localhost:33209/session/40e55b6100d500abb0ccd5487a0fa1fd/url'
00:50:58.936 [Forwarding getCurrentUrl on session 40e55b6100d500abb0ccd5487a0fa1fd to remote] DEBUG org.asynchttpclient.netty.request.NettyRequestSender - Using open Channel [id: 0xd5399c0b, L:/127.0.0.1:60105 - R:localhost/127.0.0.1:33209] for GET '/session/40e55b6100d500abb0ccd5487a0fa1fd/url'
00:50:58.941 [AsyncHttpClient-1-3] DEBUG org.asynchttpclient.netty.handler.HttpHandler - 

Request DefaultFullHttpRequest(decodeResult: success, version: HTTP/1.1, content: EmptyByteBufBE)
GET /session/40e55b6100d500abb0ccd5487a0fa1fd/url HTTP/1.1
User-Agent: selenium/4.7.1 (java windows)
Cache-Control: no-cache
Content-Type: application/json; charset=utf-8
host: localhost:33209
accept: */*

Response DefaultHttpResponse(decodeResult: success, version: HTTP/1.1)
HTTP/1.1 200 OK
Content-Type: application/json; charset=utf-8
cache-control: no-cache
content-length: 41

00:50:58.941 [AsyncHttpClient-1-3] DEBUG org.asynchttpclient.netty.channel.ChannelManager - Adding key: http://localhost:33209 for channel [id: 0xd5399c0b, L:/127.0.0.1:60105 - R:localhost/127.0.0.1:33209]
00:50:58.946 [Forwarding findElement on session 40e55b6100d500abb0ccd5487a0fa1fd to remote] DEBUG org.asynchttpclient.netty.request.NettyRequestSender - Using pooled Channel '[id: 0xd5399c0b, L:/127.0.0.1:60105 - R:localhost/127.0.0.1:33209]' for 'POST' to 'http://localhost:33209/session/40e55b6100d500abb0ccd5487a0fa1fd/element'
00:50:58.946 [Forwarding findElement on session 40e55b6100d500abb0ccd5487a0fa1fd to remote] DEBUG org.asynchttpclient.netty.request.NettyRequestSender - Using open Channel [id: 0xd5399c0b, L:/127.0.0.1:60105 - R:localhost/127.0.0.1:33209] for POST '/session/40e55b6100d500abb0ccd5487a0fa1fd/element'
00:50:58.960 [AsyncHttpClient-1-3] DEBUG org.asynchttpclient.netty.handler.HttpHandler - 

Request DefaultHttpRequest(decodeResult: success, version: HTTP/1.1)
POST /session/40e55b6100d500abb0ccd5487a0fa1fd/element HTTP/1.1
User-Agent: selenium/4.7.1 (java windows)
Content-Length: 108
Content-Type: application/json; charset=utf-8
host: localhost:33209
accept: */*

Response DefaultHttpResponse(decodeResult: success, version: HTTP/1.1)
HTTP/1.1 200 OK
Content-Type: application/json; charset=utf-8
cache-control: no-cache
content-length: 88

00:50:58.960 [AsyncHttpClient-1-3] DEBUG org.asynchttpclient.netty.channel.ChannelManager - Adding key: http://localhost:33209 for channel [id: 0xd5399c0b, L:/127.0.0.1:60105 - R:localhost/127.0.0.1:33209]
00:50:58.963 [Forwarding isElementDisplayed on session 40e55b6100d500abb0ccd5487a0fa1fd to remote] DEBUG org.asynchttpclient.netty.request.NettyRequestSender - Using pooled Channel '[id: 0xd5399c0b, L:/127.0.0.1:60105 - R:localhost/127.0.0.1:33209]' for 'POST' to 'http://localhost:33209/session/40e55b6100d500abb0ccd5487a0fa1fd/execute/sync'
00:50:58.963 [Forwarding isElementDisplayed on session 40e55b6100d500abb0ccd5487a0fa1fd to remote] DEBUG org.asynchttpclient.netty.request.NettyRequestSender - Using open Channel [id: 0xd5399c0b, L:/127.0.0.1:60105 - R:localhost/127.0.0.1:33209] for POST '/session/40e55b6100d500abb0ccd5487a0fa1fd/execute/sync'
00:50:58.981 [AsyncHttpClient-1-3] DEBUG org.asynchttpclient.netty.handler.HttpHandler - 

Request DefaultHttpRequest(decodeResult: success, version: HTTP/1.1)
POST /session/40e55b6100d500abb0ccd5487a0fa1fd/execute/sync HTTP/1.1
User-Agent: selenium/4.7.1 (java windows)
Content-Length: 48780
Content-Type: application/json; charset=utf-8
host: localhost:33209
accept: */*

Response DefaultHttpResponse(decodeResult: success, version: HTTP/1.1)
HTTP/1.1 200 OK
Content-Type: application/json; charset=utf-8
cache-control: no-cache
content-length: 14

00:50:58.981 [AsyncHttpClient-1-3] DEBUG org.asynchttpclient.netty.channel.ChannelManager - Adding key: http://localhost:33209 for channel [id: 0xd5399c0b, L:/127.0.0.1:60105 - R:localhost/127.0.0.1:33209]
00:50:58.984 [Forwarding isElementDisplayed on session 40e55b6100d500abb0ccd5487a0fa1fd to remote] DEBUG org.asynchttpclient.netty.request.NettyRequestSender - Using pooled Channel '[id: 0xd5399c0b, L:/127.0.0.1:60105 - R:localhost/127.0.0.1:33209]' for 'POST' to 'http://localhost:33209/session/40e55b6100d500abb0ccd5487a0fa1fd/execute/sync'
00:50:58.984 [Forwarding isElementDisplayed on session 40e55b6100d500abb0ccd5487a0fa1fd to remote] DEBUG org.asynchttpclient.netty.request.NettyRequestSender - Using open Channel [id: 0xd5399c0b, L:/127.0.0.1:60105 - R:localhost/127.0.0.1:33209] for POST '/session/40e55b6100d500abb0ccd5487a0fa1fd/execute/sync'
00:50:58.998 [AsyncHttpClient-1-3] DEBUG org.asynchttpclient.netty.handler.HttpHandler - 

Request DefaultHttpRequest(decodeResult: success, version: HTTP/1.1)
POST /session/40e55b6100d500abb0ccd5487a0fa1fd/execute/sync HTTP/1.1
User-Agent: selenium/4.7.1 (java windows)
Content-Length: 48780
Content-Type: application/json; charset=utf-8
host: localhost:33209
accept: */*

Response DefaultHttpResponse(decodeResult: success, version: HTTP/1.1)
HTTP/1.1 200 OK
Content-Type: application/json; charset=utf-8
cache-control: no-cache
content-length: 14

00:50:58.999 [AsyncHttpClient-1-3] DEBUG org.asynchttpclient.netty.channel.ChannelManager - Adding key: http://localhost:33209 for channel [id: 0xd5399c0b, L:/127.0.0.1:60105 - R:localhost/127.0.0.1:33209]
00:50:59.003 [main] DEBUG net.serenitybdd.core.photography.Darkroom - Opening darkroom
00:50:59.007 [Darkroom Processing Line] DEBUG net.serenitybdd.core.photography.DarkroomProcessingLine - Darkroom processing line starting up
00:50:59.008 [Forwarding getCurrentWindowHandle on session 40e55b6100d500abb0ccd5487a0fa1fd to remote] DEBUG org.asynchttpclient.netty.request.NettyRequestSender - Using pooled Channel '[id: 0xd5399c0b, L:/127.0.0.1:60105 - R:localhost/127.0.0.1:33209]' for 'GET' to 'http://localhost:33209/session/40e55b6100d500abb0ccd5487a0fa1fd/window'
00:50:59.008 [Forwarding getCurrentWindowHandle on session 40e55b6100d500abb0ccd5487a0fa1fd to remote] DEBUG org.asynchttpclient.netty.request.NettyRequestSender - Using open Channel [id: 0xd5399c0b, L:/127.0.0.1:60105 - R:localhost/127.0.0.1:33209] for GET '/session/40e55b6100d500abb0ccd5487a0fa1fd/window'
00:50:59.008 [AsyncHttpClient-1-3] DEBUG org.asynchttpclient.netty.handler.HttpHandler - 

Request DefaultFullHttpRequest(decodeResult: success, version: HTTP/1.1, content: EmptyByteBufBE)
GET /session/40e55b6100d500abb0ccd5487a0fa1fd/window HTTP/1.1
User-Agent: selenium/4.7.1 (java windows)
Cache-Control: no-cache
Content-Type: application/json; charset=utf-8
host: localhost:33209
accept: */*

Response DefaultHttpResponse(decodeResult: success, version: HTTP/1.1)
HTTP/1.1 200 OK
Content-Type: application/json; charset=utf-8
cache-control: no-cache
content-length: 44

00:50:59.009 [AsyncHttpClient-1-3] DEBUG org.asynchttpclient.netty.channel.ChannelManager - Adding key: http://localhost:33209 for channel [id: 0xd5399c0b, L:/127.0.0.1:60105 - R:localhost/127.0.0.1:33209]
00:50:59.010 [Forwarding getAlertText on session 40e55b6100d500abb0ccd5487a0fa1fd to remote] DEBUG org.asynchttpclient.netty.request.NettyRequestSender - Using pooled Channel '[id: 0xd5399c0b, L:/127.0.0.1:60105 - R:localhost/127.0.0.1:33209]' for 'GET' to 'http://localhost:33209/session/40e55b6100d500abb0ccd5487a0fa1fd/alert/text'
00:50:59.010 [Forwarding getAlertText on session 40e55b6100d500abb0ccd5487a0fa1fd to remote] DEBUG org.asynchttpclient.netty.request.NettyRequestSender - Using open Channel [id: 0xd5399c0b, L:/127.0.0.1:60105 - R:localhost/127.0.0.1:33209] for GET '/session/40e55b6100d500abb0ccd5487a0fa1fd/alert/text'
00:50:59.011 [AsyncHttpClient-1-3] DEBUG org.asynchttpclient.netty.handler.HttpHandler - 

Request DefaultFullHttpRequest(decodeResult: success, version: HTTP/1.1, content: EmptyByteBufBE)
GET /session/40e55b6100d500abb0ccd5487a0fa1fd/alert/text HTTP/1.1
User-Agent: selenium/4.7.1 (java windows)
Cache-Control: no-cache
Content-Type: application/json; charset=utf-8
host: localhost:33209
accept: */*

Response DefaultHttpResponse(decodeResult: success, version: HTTP/1.1)
HTTP/1.1 404 Not Found
Content-Type: application/json; charset=utf-8
cache-control: no-cache
content-length: 849

00:50:59.012 [AsyncHttpClient-1-3] DEBUG org.asynchttpclient.netty.channel.ChannelManager - Adding key: http://localhost:33209 for channel [id: 0xd5399c0b, L:/127.0.0.1:60105 - R:localhost/127.0.0.1:33209]
00:50:59.013 [Forwarding switchToWindow on session 40e55b6100d500abb0ccd5487a0fa1fd to remote] DEBUG org.asynchttpclient.netty.request.NettyRequestSender - Using pooled Channel '[id: 0xd5399c0b, L:/127.0.0.1:60105 - R:localhost/127.0.0.1:33209]' for 'POST' to 'http://localhost:33209/session/40e55b6100d500abb0ccd5487a0fa1fd/window'
00:50:59.013 [Forwarding switchToWindow on session 40e55b6100d500abb0ccd5487a0fa1fd to remote] DEBUG org.asynchttpclient.netty.request.NettyRequestSender - Using open Channel [id: 0xd5399c0b, L:/127.0.0.1:60105 - R:localhost/127.0.0.1:33209] for POST '/session/40e55b6100d500abb0ccd5487a0fa1fd/window'
00:50:59.015 [AsyncHttpClient-1-3] DEBUG org.asynchttpclient.netty.handler.HttpHandler - 

Request DefaultHttpRequest(decodeResult: success, version: HTTP/1.1)
POST /session/40e55b6100d500abb0ccd5487a0fa1fd/window HTTP/1.1
User-Agent: selenium/4.7.1 (java windows)
Content-Length: 50
Content-Type: application/json; charset=utf-8
host: localhost:33209
accept: */*

Response DefaultHttpResponse(decodeResult: success, version: HTTP/1.1)
HTTP/1.1 200 OK
Content-Type: application/json; charset=utf-8
cache-control: no-cache
content-length: 14

00:50:59.015 [AsyncHttpClient-1-3] DEBUG org.asynchttpclient.netty.channel.ChannelManager - Adding key: http://localhost:33209 for channel [id: 0xd5399c0b, L:/127.0.0.1:60105 - R:localhost/127.0.0.1:33209]
00:50:59.016 [Forwarding getCurrentUrl on session 40e55b6100d500abb0ccd5487a0fa1fd to remote] DEBUG org.asynchttpclient.netty.request.NettyRequestSender - Using pooled Channel '[id: 0xd5399c0b, L:/127.0.0.1:60105 - R:localhost/127.0.0.1:33209]' for 'GET' to 'http://localhost:33209/session/40e55b6100d500abb0ccd5487a0fa1fd/url'
00:50:59.016 [Forwarding getCurrentUrl on session 40e55b6100d500abb0ccd5487a0fa1fd to remote] DEBUG org.asynchttpclient.netty.request.NettyRequestSender - Using open Channel [id: 0xd5399c0b, L:/127.0.0.1:60105 - R:localhost/127.0.0.1:33209] for GET '/session/40e55b6100d500abb0ccd5487a0fa1fd/url'
00:50:59.021 [AsyncHttpClient-1-3] DEBUG org.asynchttpclient.netty.handler.HttpHandler - 

Request DefaultFullHttpRequest(decodeResult: success, version: HTTP/1.1, content: EmptyByteBufBE)
GET /session/40e55b6100d500abb0ccd5487a0fa1fd/url HTTP/1.1
User-Agent: selenium/4.7.1 (java windows)
Cache-Control: no-cache
Content-Type: application/json; charset=utf-8
host: localhost:33209
accept: */*

Response DefaultHttpResponse(decodeResult: success, version: HTTP/1.1)
HTTP/1.1 200 OK
Content-Type: application/json; charset=utf-8
cache-control: no-cache
content-length: 41

00:50:59.021 [AsyncHttpClient-1-3] DEBUG org.asynchttpclient.netty.channel.ChannelManager - Adding key: http://localhost:33209 for channel [id: 0xd5399c0b, L:/127.0.0.1:60105 - R:localhost/127.0.0.1:33209]
00:50:59.021 [Forwarding screenshot on session 40e55b6100d500abb0ccd5487a0fa1fd to remote] DEBUG org.asynchttpclient.netty.request.NettyRequestSender - Using pooled Channel '[id: 0xd5399c0b, L:/127.0.0.1:60105 - R:localhost/127.0.0.1:33209]' for 'GET' to 'http://localhost:33209/session/40e55b6100d500abb0ccd5487a0fa1fd/screenshot'
00:50:59.021 [Forwarding screenshot on session 40e55b6100d500abb0ccd5487a0fa1fd to remote] DEBUG org.asynchttpclient.netty.request.NettyRequestSender - Using open Channel [id: 0xd5399c0b, L:/127.0.0.1:60105 - R:localhost/127.0.0.1:33209] for GET '/session/40e55b6100d500abb0ccd5487a0fa1fd/screenshot'
00:50:59.153 [AsyncHttpClient-1-3] DEBUG org.asynchttpclient.netty.handler.HttpHandler - 

Request DefaultFullHttpRequest(decodeResult: success, version: HTTP/1.1, content: EmptyByteBufBE)
GET /session/40e55b6100d500abb0ccd5487a0fa1fd/screenshot HTTP/1.1
User-Agent: selenium/4.7.1 (java windows)
Cache-Control: no-cache
Content-Type: application/json; charset=utf-8
host: localhost:33209
accept: */*

Response DefaultHttpResponse(decodeResult: success, version: HTTP/1.1)
HTTP/1.1 200 OK
Content-Type: application/json; charset=utf-8
cache-control: no-cache
content-length: 30508

00:50:59.153 [AsyncHttpClient-1-3] DEBUG org.asynchttpclient.netty.channel.ChannelManager - Adding key: http://localhost:33209 for channel [id: 0xd5399c0b, L:/127.0.0.1:60105 - R:localhost/127.0.0.1:33209]
00:50:59.155 [main] DEBUG net.serenitybdd.core.photography.Darkroom - Send negative for processing for target\site\serenity\905b3bdc01963f13af0b3af5aada0813e39feca7a615de25df5544d23543ab5e.png
00:50:59.156 [main] DEBUG net.thucydides.core.steps.StepInterceptor - STEP DONE: diHomepageAltaShop
00:50:59.156 [Darkroom Processing Line] DEBUG net.serenitybdd.core.photography.DarkroomProcessingLine - Processing screenshot image in /var/screenshots/screenshot-15341180778933806608
00:50:59.156 [Darkroom Processing Line] DEBUG net.serenitybdd.core.photography.DarkroomProcessingLine - Saving screenshot to target\site\serenity\905b3bdc01963f13af0b3af5aada0813e39feca7a615de25df5544d23543ab5e.png
00:50:59.160 [main] DEBUG net.thucydides.core.steps.StepInterceptor - STARTING STEP: TransaksiSteps.userBeradaDiHomepageAltaShopDanLoginAkun - klikButtonLogin
00:50:59.163 [Forwarding findElement on session 40e55b6100d500abb0ccd5487a0fa1fd to remote] DEBUG org.asynchttpclient.netty.request.NettyRequestSender - Using pooled Channel '[id: 0xd5399c0b, L:/127.0.0.1:60105 - R:localhost/127.0.0.1:33209]' for 'POST' to 'http://localhost:33209/session/40e55b6100d500abb0ccd5487a0fa1fd/element'
00:50:59.163 [Forwarding findElement on session 40e55b6100d500abb0ccd5487a0fa1fd to remote] DEBUG org.asynchttpclient.netty.request.NettyRequestSender - Using open Channel [id: 0xd5399c0b, L:/127.0.0.1:60105 - R:localhost/127.0.0.1:33209] for POST '/session/40e55b6100d500abb0ccd5487a0fa1fd/element'
00:50:59.173 [AsyncHttpClient-1-3] DEBUG org.asynchttpclient.netty.handler.HttpHandler - 

Request DefaultHttpRequest(decodeResult: success, version: HTTP/1.1)
POST /session/40e55b6100d500abb0ccd5487a0fa1fd/element HTTP/1.1
User-Agent: selenium/4.7.1 (java windows)
Content-Length: 108
Content-Type: application/json; charset=utf-8
host: localhost:33209
accept: */*

Response DefaultHttpResponse(decodeResult: success, version: HTTP/1.1)
HTTP/1.1 200 OK
Content-Type: application/json; charset=utf-8
cache-control: no-cache
content-length: 88

00:50:59.173 [AsyncHttpClient-1-3] DEBUG org.asynchttpclient.netty.channel.ChannelManager - Adding key: http://localhost:33209 for channel [id: 0xd5399c0b, L:/127.0.0.1:60105 - R:localhost/127.0.0.1:33209]
00:50:59.174 [Forwarding getElementTagName on session 40e55b6100d500abb0ccd5487a0fa1fd to remote] DEBUG org.asynchttpclient.netty.request.NettyRequestSender - Using pooled Channel '[id: 0xd5399c0b, L:/127.0.0.1:60105 - R:localhost/127.0.0.1:33209]' for 'GET' to 'http://localhost:33209/session/40e55b6100d500abb0ccd5487a0fa1fd/element/f4ab8d92-7661-4e31-a15f-55e1dd5005fa/name'
00:50:59.174 [Forwarding getElementTagName on session 40e55b6100d500abb0ccd5487a0fa1fd to remote] DEBUG org.asynchttpclient.netty.request.NettyRequestSender - Using open Channel [id: 0xd5399c0b, L:/127.0.0.1:60105 - R:localhost/127.0.0.1:33209] for GET '/session/40e55b6100d500abb0ccd5487a0fa1fd/element/f4ab8d92-7661-4e31-a15f-55e1dd5005fa/name'
00:50:59.179 [AsyncHttpClient-1-3] DEBUG org.asynchttpclient.netty.handler.HttpHandler - 

Request DefaultFullHttpRequest(decodeResult: success, version: HTTP/1.1, content: EmptyByteBufBE)
GET /session/40e55b6100d500abb0ccd5487a0fa1fd/element/f4ab8d92-7661-4e31-a15f-55e1dd5005fa/name HTTP/1.1
User-Agent: selenium/4.7.1 (java windows)
Cache-Control: no-cache
Content-Type: application/json; charset=utf-8
host: localhost:33209
accept: */*

Response DefaultHttpResponse(decodeResult: success, version: HTTP/1.1)
HTTP/1.1 200 OK
Content-Type: application/json; charset=utf-8
cache-control: no-cache
content-length: 18

00:50:59.179 [AsyncHttpClient-1-3] DEBUG org.asynchttpclient.netty.channel.ChannelManager - Adding key: http://localhost:33209 for channel [id: 0xd5399c0b, L:/127.0.0.1:60105 - R:localhost/127.0.0.1:33209]
00:50:59.180 [Forwarding getElementTagName on session 40e55b6100d500abb0ccd5487a0fa1fd to remote] DEBUG org.asynchttpclient.netty.request.NettyRequestSender - Using pooled Channel '[id: 0xd5399c0b, L:/127.0.0.1:60105 - R:localhost/127.0.0.1:33209]' for 'GET' to 'http://localhost:33209/session/40e55b6100d500abb0ccd5487a0fa1fd/element/f4ab8d92-7661-4e31-a15f-55e1dd5005fa/name'
00:50:59.180 [Forwarding getElementTagName on session 40e55b6100d500abb0ccd5487a0fa1fd to remote] DEBUG org.asynchttpclient.netty.request.NettyRequestSender - Using open Channel [id: 0xd5399c0b, L:/127.0.0.1:60105 - R:localhost/127.0.0.1:33209] for GET '/session/40e55b6100d500abb0ccd5487a0fa1fd/element/f4ab8d92-7661-4e31-a15f-55e1dd5005fa/name'
00:50:59.183 [AsyncHttpClient-1-3] DEBUG org.asynchttpclient.netty.handler.HttpHandler - 

Request DefaultFullHttpRequest(decodeResult: success, version: HTTP/1.1, content: EmptyByteBufBE)
GET /session/40e55b6100d500abb0ccd5487a0fa1fd/element/f4ab8d92-7661-4e31-a15f-55e1dd5005fa/name HTTP/1.1
User-Agent: selenium/4.7.1 (java windows)
Cache-Control: no-cache
Content-Type: application/json; charset=utf-8
host: localhost:33209
accept: */*

Response DefaultHttpResponse(decodeResult: success, version: HTTP/1.1)
HTTP/1.1 200 OK
Content-Type: application/json; charset=utf-8
cache-control: no-cache
content-length: 18

00:50:59.183 [AsyncHttpClient-1-3] DEBUG org.asynchttpclient.netty.channel.ChannelManager - Adding key: http://localhost:33209 for channel [id: 0xd5399c0b, L:/127.0.0.1:60105 - R:localhost/127.0.0.1:33209]
00:50:59.185 [Forwarding isElementEnabled on session 40e55b6100d500abb0ccd5487a0fa1fd to remote] DEBUG org.asynchttpclient.netty.request.NettyRequestSender - Using pooled Channel '[id: 0xd5399c0b, L:/127.0.0.1:60105 - R:localhost/127.0.0.1:33209]' for 'GET' to 'http://localhost:33209/session/40e55b6100d500abb0ccd5487a0fa1fd/element/f4ab8d92-7661-4e31-a15f-55e1dd5005fa/enabled'
00:50:59.185 [Forwarding isElementEnabled on session 40e55b6100d500abb0ccd5487a0fa1fd to remote] DEBUG org.asynchttpclient.netty.request.NettyRequestSender - Using open Channel [id: 0xd5399c0b, L:/127.0.0.1:60105 - R:localhost/127.0.0.1:33209] for GET '/session/40e55b6100d500abb0ccd5487a0fa1fd/element/f4ab8d92-7661-4e31-a15f-55e1dd5005fa/enabled'
00:50:59.195 [AsyncHttpClient-1-3] DEBUG org.asynchttpclient.netty.handler.HttpHandler - 

Request DefaultFullHttpRequest(decodeResult: success, version: HTTP/1.1, content: EmptyByteBufBE)
GET /session/40e55b6100d500abb0ccd5487a0fa1fd/element/f4ab8d92-7661-4e31-a15f-55e1dd5005fa/enabled HTTP/1.1
User-Agent: selenium/4.7.1 (java windows)
Cache-Control: no-cache
Content-Type: application/json; charset=utf-8
host: localhost:33209
accept: */*

Response DefaultHttpResponse(decodeResult: success, version: HTTP/1.1)
HTTP/1.1 200 OK
Content-Type: application/json; charset=utf-8
cache-control: no-cache
content-length: 14

00:50:59.195 [AsyncHttpClient-1-3] DEBUG org.asynchttpclient.netty.channel.ChannelManager - Adding key: http://localhost:33209 for channel [id: 0xd5399c0b, L:/127.0.0.1:60105 - R:localhost/127.0.0.1:33209]
00:50:59.197 [Forwarding isElementEnabled on session 40e55b6100d500abb0ccd5487a0fa1fd to remote] DEBUG org.asynchttpclient.netty.request.NettyRequestSender - Using pooled Channel '[id: 0xd5399c0b, L:/127.0.0.1:60105 - R:localhost/127.0.0.1:33209]' for 'GET' to 'http://localhost:33209/session/40e55b6100d500abb0ccd5487a0fa1fd/element/f4ab8d92-7661-4e31-a15f-55e1dd5005fa/enabled'
00:50:59.197 [Forwarding isElementEnabled on session 40e55b6100d500abb0ccd5487a0fa1fd to remote] DEBUG org.asynchttpclient.netty.request.NettyRequestSender - Using open Channel [id: 0xd5399c0b, L:/127.0.0.1:60105 - R:localhost/127.0.0.1:33209] for GET '/session/40e55b6100d500abb0ccd5487a0fa1fd/element/f4ab8d92-7661-4e31-a15f-55e1dd5005fa/enabled'
00:50:59.205 [AsyncHttpClient-1-3] DEBUG org.asynchttpclient.netty.handler.HttpHandler - 

Request DefaultFullHttpRequest(decodeResult: success, version: HTTP/1.1, content: EmptyByteBufBE)
GET /session/40e55b6100d500abb0ccd5487a0fa1fd/element/f4ab8d92-7661-4e31-a15f-55e1dd5005fa/enabled HTTP/1.1
User-Agent: selenium/4.7.1 (java windows)
Cache-Control: no-cache
Content-Type: application/json; charset=utf-8
host: localhost:33209
accept: */*

Response DefaultHttpResponse(decodeResult: success, version: HTTP/1.1)
HTTP/1.1 200 OK
Content-Type: application/json; charset=utf-8
cache-control: no-cache
content-length: 14

00:50:59.205 [AsyncHttpClient-1-3] DEBUG org.asynchttpclient.netty.channel.ChannelManager - Adding key: http://localhost:33209 for channel [id: 0xd5399c0b, L:/127.0.0.1:60105 - R:localhost/127.0.0.1:33209]
00:50:59.208 [Forwarding findElement on session 40e55b6100d500abb0ccd5487a0fa1fd to remote] DEBUG org.asynchttpclient.netty.request.NettyRequestSender - Using pooled Channel '[id: 0xd5399c0b, L:/127.0.0.1:60105 - R:localhost/127.0.0.1:33209]' for 'POST' to 'http://localhost:33209/session/40e55b6100d500abb0ccd5487a0fa1fd/element'
00:50:59.208 [Forwarding findElement on session 40e55b6100d500abb0ccd5487a0fa1fd to remote] DEBUG org.asynchttpclient.netty.request.NettyRequestSender - Using open Channel [id: 0xd5399c0b, L:/127.0.0.1:60105 - R:localhost/127.0.0.1:33209] for POST '/session/40e55b6100d500abb0ccd5487a0fa1fd/element'
00:50:59.216 [AsyncHttpClient-1-3] DEBUG org.asynchttpclient.netty.handler.HttpHandler - 

Request DefaultHttpRequest(decodeResult: success, version: HTTP/1.1)
POST /session/40e55b6100d500abb0ccd5487a0fa1fd/element HTTP/1.1
User-Agent: selenium/4.7.1 (java windows)
Content-Length: 108
Content-Type: application/json; charset=utf-8
host: localhost:33209
accept: */*

Response DefaultHttpResponse(decodeResult: success, version: HTTP/1.1)
HTTP/1.1 200 OK
Content-Type: application/json; charset=utf-8
cache-control: no-cache
content-length: 88

00:50:59.217 [AsyncHttpClient-1-3] DEBUG org.asynchttpclient.netty.channel.ChannelManager - Adding key: http://localhost:33209 for channel [id: 0xd5399c0b, L:/127.0.0.1:60105 - R:localhost/127.0.0.1:33209]
00:50:59.218 [Forwarding clickElement on session 40e55b6100d500abb0ccd5487a0fa1fd to remote] DEBUG org.asynchttpclient.netty.request.NettyRequestSender - Using pooled Channel '[id: 0xd5399c0b, L:/127.0.0.1:60105 - R:localhost/127.0.0.1:33209]' for 'POST' to 'http://localhost:33209/session/40e55b6100d500abb0ccd5487a0fa1fd/element/f4ab8d92-7661-4e31-a15f-55e1dd5005fa/click'
00:50:59.218 [Forwarding clickElement on session 40e55b6100d500abb0ccd5487a0fa1fd to remote] DEBUG org.asynchttpclient.netty.request.NettyRequestSender - Using open Channel [id: 0xd5399c0b, L:/127.0.0.1:60105 - R:localhost/127.0.0.1:33209] for POST '/session/40e55b6100d500abb0ccd5487a0fa1fd/element/f4ab8d92-7661-4e31-a15f-55e1dd5005fa/click'
00:50:59.429 [AsyncHttpClient-1-1] DEBUG org.asynchttpclient.netty.channel.DefaultChannelPool - Entry count for : http://localhost:60106 : 1
00:51:00.536 [AsyncHttpClient-1-1] DEBUG org.asynchttpclient.netty.channel.DefaultChannelPool - Entry count for : http://localhost:60106 : 1
00:51:01.632 [AsyncHttpClient-1-1] DEBUG org.asynchttpclient.netty.channel.DefaultChannelPool - Entry count for : http://localhost:60106 : 1
00:51:02.731 [AsyncHttpClient-1-1] DEBUG org.asynchttpclient.netty.channel.DefaultChannelPool - Entry count for : http://localhost:60106 : 1
00:51:02.763 [AsyncHttpClient-1-3] DEBUG org.asynchttpclient.netty.handler.HttpHandler - 

Request DefaultHttpRequest(decodeResult: success, version: HTTP/1.1)
POST /session/40e55b6100d500abb0ccd5487a0fa1fd/element/f4ab8d92-7661-4e31-a15f-55e1dd5005fa/click HTTP/1.1
User-Agent: selenium/4.7.1 (java windows)
Content-Length: 50
Content-Type: application/json; charset=utf-8
host: localhost:33209
accept: */*

Response DefaultHttpResponse(decodeResult: success, version: HTTP/1.1)
HTTP/1.1 200 OK
Content-Type: application/json; charset=utf-8
cache-control: no-cache
content-length: 14

00:51:02.763 [AsyncHttpClient-1-3] DEBUG org.asynchttpclient.netty.channel.ChannelManager - Adding key: http://localhost:33209 for channel [id: 0xd5399c0b, L:/127.0.0.1:60105 - R:localhost/127.0.0.1:33209]
00:51:02.772 [Forwarding getCurrentWindowHandle on session 40e55b6100d500abb0ccd5487a0fa1fd to remote] DEBUG org.asynchttpclient.netty.request.NettyRequestSender - Using pooled Channel '[id: 0xd5399c0b, L:/127.0.0.1:60105 - R:localhost/127.0.0.1:33209]' for 'GET' to 'http://localhost:33209/session/40e55b6100d500abb0ccd5487a0fa1fd/window'
00:51:02.772 [Forwarding getCurrentWindowHandle on session 40e55b6100d500abb0ccd5487a0fa1fd to remote] DEBUG org.asynchttpclient.netty.request.NettyRequestSender - Using open Channel [id: 0xd5399c0b, L:/127.0.0.1:60105 - R:localhost/127.0.0.1:33209] for GET '/session/40e55b6100d500abb0ccd5487a0fa1fd/window'
00:51:02.773 [AsyncHttpClient-1-3] DEBUG org.asynchttpclient.netty.handler.HttpHandler - 

Request DefaultFullHttpRequest(decodeResult: success, version: HTTP/1.1, content: EmptyByteBufBE)
GET /session/40e55b6100d500abb0ccd5487a0fa1fd/window HTTP/1.1
User-Agent: selenium/4.7.1 (java windows)
Cache-Control: no-cache
Content-Type: application/json; charset=utf-8
host: localhost:33209
accept: */*

Response DefaultHttpResponse(decodeResult: success, version: HTTP/1.1)
HTTP/1.1 200 OK
Content-Type: application/json; charset=utf-8
cache-control: no-cache
content-length: 44

00:51:02.773 [AsyncHttpClient-1-3] DEBUG org.asynchttpclient.netty.channel.ChannelManager - Adding key: http://localhost:33209 for channel [id: 0xd5399c0b, L:/127.0.0.1:60105 - R:localhost/127.0.0.1:33209]
00:51:02.774 [Forwarding getAlertText on session 40e55b6100d500abb0ccd5487a0fa1fd to remote] DEBUG org.asynchttpclient.netty.request.NettyRequestSender - Using pooled Channel '[id: 0xd5399c0b, L:/127.0.0.1:60105 - R:localhost/127.0.0.1:33209]' for 'GET' to 'http://localhost:33209/session/40e55b6100d500abb0ccd5487a0fa1fd/alert/text'
00:51:02.774 [Forwarding getAlertText on session 40e55b6100d500abb0ccd5487a0fa1fd to remote] DEBUG org.asynchttpclient.netty.request.NettyRequestSender - Using open Channel [id: 0xd5399c0b, L:/127.0.0.1:60105 - R:localhost/127.0.0.1:33209] for GET '/session/40e55b6100d500abb0ccd5487a0fa1fd/alert/text'
00:51:03.057 [AsyncHttpClient-1-3] DEBUG org.asynchttpclient.netty.handler.HttpHandler - 

Request DefaultFullHttpRequest(decodeResult: success, version: HTTP/1.1, content: EmptyByteBufBE)
GET /session/40e55b6100d500abb0ccd5487a0fa1fd/alert/text HTTP/1.1
User-Agent: selenium/4.7.1 (java windows)
Cache-Control: no-cache
Content-Type: application/json; charset=utf-8
host: localhost:33209
accept: */*

Response DefaultHttpResponse(decodeResult: success, version: HTTP/1.1)
HTTP/1.1 404 Not Found
Content-Type: application/json; charset=utf-8
cache-control: no-cache
content-length: 849

00:51:03.058 [AsyncHttpClient-1-3] DEBUG org.asynchttpclient.netty.channel.ChannelManager - Adding key: http://localhost:33209 for channel [id: 0xd5399c0b, L:/127.0.0.1:60105 - R:localhost/127.0.0.1:33209]
00:51:03.060 [Forwarding switchToWindow on session 40e55b6100d500abb0ccd5487a0fa1fd to remote] DEBUG org.asynchttpclient.netty.request.NettyRequestSender - Using pooled Channel '[id: 0xd5399c0b, L:/127.0.0.1:60105 - R:localhost/127.0.0.1:33209]' for 'POST' to 'http://localhost:33209/session/40e55b6100d500abb0ccd5487a0fa1fd/window'
00:51:03.060 [Forwarding switchToWindow on session 40e55b6100d500abb0ccd5487a0fa1fd to remote] DEBUG org.asynchttpclient.netty.request.NettyRequestSender - Using open Channel [id: 0xd5399c0b, L:/127.0.0.1:60105 - R:localhost/127.0.0.1:33209] for POST '/session/40e55b6100d500abb0ccd5487a0fa1fd/window'
00:51:03.062 [AsyncHttpClient-1-3] DEBUG org.asynchttpclient.netty.handler.HttpHandler - 

Request DefaultHttpRequest(decodeResult: success, version: HTTP/1.1)
POST /session/40e55b6100d500abb0ccd5487a0fa1fd/window HTTP/1.1
User-Agent: selenium/4.7.1 (java windows)
Content-Length: 50
Content-Type: application/json; charset=utf-8
host: localhost:33209
accept: */*

Response DefaultHttpResponse(decodeResult: success, version: HTTP/1.1)
HTTP/1.1 200 OK
Content-Type: application/json; charset=utf-8
cache-control: no-cache
content-length: 14

00:51:03.062 [AsyncHttpClient-1-3] DEBUG org.asynchttpclient.netty.channel.ChannelManager - Adding key: http://localhost:33209 for channel [id: 0xd5399c0b, L:/127.0.0.1:60105 - R:localhost/127.0.0.1:33209]
00:51:03.062 [Forwarding getCurrentUrl on session 40e55b6100d500abb0ccd5487a0fa1fd to remote] DEBUG org.asynchttpclient.netty.request.NettyRequestSender - Using pooled Channel '[id: 0xd5399c0b, L:/127.0.0.1:60105 - R:localhost/127.0.0.1:33209]' for 'GET' to 'http://localhost:33209/session/40e55b6100d500abb0ccd5487a0fa1fd/url'
00:51:03.062 [Forwarding getCurrentUrl on session 40e55b6100d500abb0ccd5487a0fa1fd to remote] DEBUG org.asynchttpclient.netty.request.NettyRequestSender - Using open Channel [id: 0xd5399c0b, L:/127.0.0.1:60105 - R:localhost/127.0.0.1:33209] for GET '/session/40e55b6100d500abb0ccd5487a0fa1fd/url'
00:51:03.069 [AsyncHttpClient-1-3] DEBUG org.asynchttpclient.netty.handler.HttpHandler - 

Request DefaultFullHttpRequest(decodeResult: success, version: HTTP/1.1, content: EmptyByteBufBE)
GET /session/40e55b6100d500abb0ccd5487a0fa1fd/url HTTP/1.1
User-Agent: selenium/4.7.1 (java windows)
Cache-Control: no-cache
Content-Type: application/json; charset=utf-8
host: localhost:33209
accept: */*

Response DefaultHttpResponse(decodeResult: success, version: HTTP/1.1)
HTTP/1.1 200 OK
Content-Type: application/json; charset=utf-8
cache-control: no-cache
content-length: 51

00:51:03.070 [AsyncHttpClient-1-3] DEBUG org.asynchttpclient.netty.channel.ChannelManager - Adding key: http://localhost:33209 for channel [id: 0xd5399c0b, L:/127.0.0.1:60105 - R:localhost/127.0.0.1:33209]
00:51:03.071 [Forwarding screenshot on session 40e55b6100d500abb0ccd5487a0fa1fd to remote] DEBUG org.asynchttpclient.netty.request.NettyRequestSender - Using pooled Channel '[id: 0xd5399c0b, L:/127.0.0.1:60105 - R:localhost/127.0.0.1:33209]' for 'GET' to 'http://localhost:33209/session/40e55b6100d500abb0ccd5487a0fa1fd/screenshot'
00:51:03.071 [Forwarding screenshot on session 40e55b6100d500abb0ccd5487a0fa1fd to remote] DEBUG org.asynchttpclient.netty.request.NettyRequestSender - Using open Channel [id: 0xd5399c0b, L:/127.0.0.1:60105 - R:localhost/127.0.0.1:33209] for GET '/session/40e55b6100d500abb0ccd5487a0fa1fd/screenshot'
00:51:03.177 [AsyncHttpClient-1-3] DEBUG org.asynchttpclient.netty.handler.HttpHandler - 

Request DefaultFullHttpRequest(decodeResult: success, version: HTTP/1.1, content: EmptyByteBufBE)
GET /session/40e55b6100d500abb0ccd5487a0fa1fd/screenshot HTTP/1.1
User-Agent: selenium/4.7.1 (java windows)
Cache-Control: no-cache
Content-Type: application/json; charset=utf-8
host: localhost:33209
accept: */*

Response DefaultHttpResponse(decodeResult: success, version: HTTP/1.1)
HTTP/1.1 200 OK
Content-Type: application/json; charset=utf-8
cache-control: no-cache
content-length: 26172

00:51:03.177 [AsyncHttpClient-1-3] DEBUG org.asynchttpclient.netty.channel.ChannelManager - Adding key: http://localhost:33209 for channel [id: 0xd5399c0b, L:/127.0.0.1:60105 - R:localhost/127.0.0.1:33209]
00:51:03.179 [main] DEBUG net.serenitybdd.core.photography.Darkroom - Send negative for processing for target\site\serenity\f035198f28bcaf95684f4b1a3b9e5d031fc0873bb044f55c4913aef571773aa0.png
00:51:03.179 [main] DEBUG net.thucydides.core.steps.StepInterceptor - STEP DONE: klikButtonLogin
00:51:03.183 [main] DEBUG net.thucydides.core.steps.StepInterceptor - STARTING STEP: TransaksiSteps.userBeradaDiHomepageAltaShopDanLoginAkun - inputEmail
00:51:03.185 [Forwarding findElement on session 40e55b6100d500abb0ccd5487a0fa1fd to remote] DEBUG org.asynchttpclient.netty.request.NettyRequestSender - Using pooled Channel '[id: 0xd5399c0b, L:/127.0.0.1:60105 - R:localhost/127.0.0.1:33209]' for 'POST' to 'http://localhost:33209/session/40e55b6100d500abb0ccd5487a0fa1fd/element'
00:51:03.186 [Forwarding findElement on session 40e55b6100d500abb0ccd5487a0fa1fd to remote] DEBUG org.asynchttpclient.netty.request.NettyRequestSender - Using open Channel [id: 0xd5399c0b, L:/127.0.0.1:60105 - R:localhost/127.0.0.1:33209] for POST '/session/40e55b6100d500abb0ccd5487a0fa1fd/element'
00:51:03.199 [AsyncHttpClient-1-3] DEBUG org.asynchttpclient.netty.handler.HttpHandler - 

Request DefaultHttpRequest(decodeResult: success, version: HTTP/1.1)
POST /session/40e55b6100d500abb0ccd5487a0fa1fd/element HTTP/1.1
User-Agent: selenium/4.7.1 (java windows)
Content-Length: 187
Content-Type: application/json; charset=utf-8
host: localhost:33209
accept: */*

Response DefaultHttpResponse(decodeResult: success, version: HTTP/1.1)
HTTP/1.1 200 OK
Content-Type: application/json; charset=utf-8
cache-control: no-cache
content-length: 88

00:51:03.199 [AsyncHttpClient-1-3] DEBUG org.asynchttpclient.netty.channel.ChannelManager - Adding key: http://localhost:33209 for channel [id: 0xd5399c0b, L:/127.0.0.1:60105 - R:localhost/127.0.0.1:33209]
00:51:03.200 [Forwarding clearElement on session 40e55b6100d500abb0ccd5487a0fa1fd to remote] DEBUG org.asynchttpclient.netty.request.NettyRequestSender - Using pooled Channel '[id: 0xd5399c0b, L:/127.0.0.1:60105 - R:localhost/127.0.0.1:33209]' for 'POST' to 'http://localhost:33209/session/40e55b6100d500abb0ccd5487a0fa1fd/element/c380a6ca-787c-4539-85a4-801e788a0824/clear'
00:51:03.200 [Forwarding clearElement on session 40e55b6100d500abb0ccd5487a0fa1fd to remote] DEBUG org.asynchttpclient.netty.request.NettyRequestSender - Using open Channel [id: 0xd5399c0b, L:/127.0.0.1:60105 - R:localhost/127.0.0.1:33209] for POST '/session/40e55b6100d500abb0ccd5487a0fa1fd/element/c380a6ca-787c-4539-85a4-801e788a0824/clear'
00:51:03.240 [AsyncHttpClient-1-3] DEBUG org.asynchttpclient.netty.handler.HttpHandler - 

Request DefaultHttpRequest(decodeResult: success, version: HTTP/1.1)
POST /session/40e55b6100d500abb0ccd5487a0fa1fd/element/c380a6ca-787c-4539-85a4-801e788a0824/clear HTTP/1.1
User-Agent: selenium/4.7.1 (java windows)
Content-Length: 50
Content-Type: application/json; charset=utf-8
host: localhost:33209
accept: */*

Response DefaultHttpResponse(decodeResult: success, version: HTTP/1.1)
HTTP/1.1 200 OK
Content-Type: application/json; charset=utf-8
cache-control: no-cache
content-length: 14

00:51:03.240 [AsyncHttpClient-1-3] DEBUG org.asynchttpclient.netty.channel.ChannelManager - Adding key: http://localhost:33209 for channel [id: 0xd5399c0b, L:/127.0.0.1:60105 - R:localhost/127.0.0.1:33209]
00:51:03.242 [Forwarding sendKeysToElement on session 40e55b6100d500abb0ccd5487a0fa1fd to remote] DEBUG org.asynchttpclient.netty.request.NettyRequestSender - Using pooled Channel '[id: 0xd5399c0b, L:/127.0.0.1:60105 - R:localhost/127.0.0.1:33209]' for 'POST' to 'http://localhost:33209/session/40e55b6100d500abb0ccd5487a0fa1fd/element/c380a6ca-787c-4539-85a4-801e788a0824/value'
00:51:03.242 [Forwarding sendKeysToElement on session 40e55b6100d500abb0ccd5487a0fa1fd to remote] DEBUG org.asynchttpclient.netty.request.NettyRequestSender - Using open Channel [id: 0xd5399c0b, L:/127.0.0.1:60105 - R:localhost/127.0.0.1:33209] for POST '/session/40e55b6100d500abb0ccd5487a0fa1fd/element/c380a6ca-787c-4539-85a4-801e788a0824/value'
00:51:03.347 [AsyncHttpClient-1-3] DEBUG org.asynchttpclient.netty.handler.HttpHandler - 

Request DefaultHttpRequest(decodeResult: success, version: HTTP/1.1)
POST /session/40e55b6100d500abb0ccd5487a0fa1fd/element/c380a6ca-787c-4539-85a4-801e788a0824/value HTTP/1.1
User-Agent: selenium/4.7.1 (java windows)
Content-Length: 211
Content-Type: application/json; charset=utf-8
host: localhost:33209
accept: */*

Response DefaultHttpResponse(decodeResult: success, version: HTTP/1.1)
HTTP/1.1 200 OK
Content-Type: application/json; charset=utf-8
cache-control: no-cache
content-length: 14

00:51:03.347 [AsyncHttpClient-1-3] DEBUG org.asynchttpclient.netty.channel.ChannelManager - Adding key: http://localhost:33209 for channel [id: 0xd5399c0b, L:/127.0.0.1:60105 - R:localhost/127.0.0.1:33209]
00:51:03.354 [Forwarding getCurrentWindowHandle on session 40e55b6100d500abb0ccd5487a0fa1fd to remote] DEBUG org.asynchttpclient.netty.request.NettyRequestSender - Using pooled Channel '[id: 0xd5399c0b, L:/127.0.0.1:60105 - R:localhost/127.0.0.1:33209]' for 'GET' to 'http://localhost:33209/session/40e55b6100d500abb0ccd5487a0fa1fd/window'
00:51:03.354 [Forwarding getCurrentWindowHandle on session 40e55b6100d500abb0ccd5487a0fa1fd to remote] DEBUG org.asynchttpclient.netty.request.NettyRequestSender - Using open Channel [id: 0xd5399c0b, L:/127.0.0.1:60105 - R:localhost/127.0.0.1:33209] for GET '/session/40e55b6100d500abb0ccd5487a0fa1fd/window'
00:51:03.355 [AsyncHttpClient-1-3] DEBUG org.asynchttpclient.netty.handler.HttpHandler - 

Request DefaultFullHttpRequest(decodeResult: success, version: HTTP/1.1, content: EmptyByteBufBE)
GET /session/40e55b6100d500abb0ccd5487a0fa1fd/window HTTP/1.1
User-Agent: selenium/4.7.1 (java windows)
Cache-Control: no-cache
Content-Type: application/json; charset=utf-8
host: localhost:33209
accept: */*

Response DefaultHttpResponse(decodeResult: success, version: HTTP/1.1)
HTTP/1.1 200 OK
Content-Type: application/json; charset=utf-8
cache-control: no-cache
content-length: 44

00:51:03.355 [AsyncHttpClient-1-3] DEBUG org.asynchttpclient.netty.channel.ChannelManager - Adding key: http://localhost:33209 for channel [id: 0xd5399c0b, L:/127.0.0.1:60105 - R:localhost/127.0.0.1:33209]
00:51:03.356 [Forwarding getAlertText on session 40e55b6100d500abb0ccd5487a0fa1fd to remote] DEBUG org.asynchttpclient.netty.request.NettyRequestSender - Using pooled Channel '[id: 0xd5399c0b, L:/127.0.0.1:60105 - R:localhost/127.0.0.1:33209]' for 'GET' to 'http://localhost:33209/session/40e55b6100d500abb0ccd5487a0fa1fd/alert/text'
00:51:03.356 [Forwarding getAlertText on session 40e55b6100d500abb0ccd5487a0fa1fd to remote] DEBUG org.asynchttpclient.netty.request.NettyRequestSender - Using open Channel [id: 0xd5399c0b, L:/127.0.0.1:60105 - R:localhost/127.0.0.1:33209] for GET '/session/40e55b6100d500abb0ccd5487a0fa1fd/alert/text'
00:51:03.357 [AsyncHttpClient-1-3] DEBUG org.asynchttpclient.netty.handler.HttpHandler - 

Request DefaultFullHttpRequest(decodeResult: success, version: HTTP/1.1, content: EmptyByteBufBE)
GET /session/40e55b6100d500abb0ccd5487a0fa1fd/alert/text HTTP/1.1
User-Agent: selenium/4.7.1 (java windows)
Cache-Control: no-cache
Content-Type: application/json; charset=utf-8
host: localhost:33209
accept: */*

Response DefaultHttpResponse(decodeResult: success, version: HTTP/1.1)
HTTP/1.1 404 Not Found
Content-Type: application/json; charset=utf-8
cache-control: no-cache
content-length: 849

00:51:03.357 [AsyncHttpClient-1-3] DEBUG org.asynchttpclient.netty.channel.ChannelManager - Adding key: http://localhost:33209 for channel [id: 0xd5399c0b, L:/127.0.0.1:60105 - R:localhost/127.0.0.1:33209]
00:51:03.358 [Forwarding switchToWindow on session 40e55b6100d500abb0ccd5487a0fa1fd to remote] DEBUG org.asynchttpclient.netty.request.NettyRequestSender - Using pooled Channel '[id: 0xd5399c0b, L:/127.0.0.1:60105 - R:localhost/127.0.0.1:33209]' for 'POST' to 'http://localhost:33209/session/40e55b6100d500abb0ccd5487a0fa1fd/window'
00:51:03.359 [Forwarding switchToWindow on session 40e55b6100d500abb0ccd5487a0fa1fd to remote] DEBUG org.asynchttpclient.netty.request.NettyRequestSender - Using open Channel [id: 0xd5399c0b, L:/127.0.0.1:60105 - R:localhost/127.0.0.1:33209] for POST '/session/40e55b6100d500abb0ccd5487a0fa1fd/window'
00:51:03.360 [AsyncHttpClient-1-3] DEBUG org.asynchttpclient.netty.handler.HttpHandler - 

Request DefaultHttpRequest(decodeResult: success, version: HTTP/1.1)
POST /session/40e55b6100d500abb0ccd5487a0fa1fd/window HTTP/1.1
User-Agent: selenium/4.7.1 (java windows)
Content-Length: 50
Content-Type: application/json; charset=utf-8
host: localhost:33209
accept: */*

Response DefaultHttpResponse(decodeResult: success, version: HTTP/1.1)
HTTP/1.1 200 OK
Content-Type: application/json; charset=utf-8
cache-control: no-cache
content-length: 14

00:51:03.360 [AsyncHttpClient-1-3] DEBUG org.asynchttpclient.netty.channel.ChannelManager - Adding key: http://localhost:33209 for channel [id: 0xd5399c0b, L:/127.0.0.1:60105 - R:localhost/127.0.0.1:33209]
00:51:03.361 [Forwarding getCurrentUrl on session 40e55b6100d500abb0ccd5487a0fa1fd to remote] DEBUG org.asynchttpclient.netty.request.NettyRequestSender - Using pooled Channel '[id: 0xd5399c0b, L:/127.0.0.1:60105 - R:localhost/127.0.0.1:33209]' for 'GET' to 'http://localhost:33209/session/40e55b6100d500abb0ccd5487a0fa1fd/url'
00:51:03.361 [Forwarding getCurrentUrl on session 40e55b6100d500abb0ccd5487a0fa1fd to remote] DEBUG org.asynchttpclient.netty.request.NettyRequestSender - Using open Channel [id: 0xd5399c0b, L:/127.0.0.1:60105 - R:localhost/127.0.0.1:33209] for GET '/session/40e55b6100d500abb0ccd5487a0fa1fd/url'
00:51:03.364 [AsyncHttpClient-1-3] DEBUG org.asynchttpclient.netty.handler.HttpHandler - 

Request DefaultFullHttpRequest(decodeResult: success, version: HTTP/1.1, content: EmptyByteBufBE)
GET /session/40e55b6100d500abb0ccd5487a0fa1fd/url HTTP/1.1
User-Agent: selenium/4.7.1 (java windows)
Cache-Control: no-cache
Content-Type: application/json; charset=utf-8
host: localhost:33209
accept: */*

Response DefaultHttpResponse(decodeResult: success, version: HTTP/1.1)
HTTP/1.1 200 OK
Content-Type: application/json; charset=utf-8
cache-control: no-cache
content-length: 51

00:51:03.364 [AsyncHttpClient-1-3] DEBUG org.asynchttpclient.netty.channel.ChannelManager - Adding key: http://localhost:33209 for channel [id: 0xd5399c0b, L:/127.0.0.1:60105 - R:localhost/127.0.0.1:33209]
00:51:03.364 [Forwarding screenshot on session 40e55b6100d500abb0ccd5487a0fa1fd to remote] DEBUG org.asynchttpclient.netty.request.NettyRequestSender - Using pooled Channel '[id: 0xd5399c0b, L:/127.0.0.1:60105 - R:localhost/127.0.0.1:33209]' for 'GET' to 'http://localhost:33209/session/40e55b6100d500abb0ccd5487a0fa1fd/screenshot'
00:51:03.364 [Forwarding screenshot on session 40e55b6100d500abb0ccd5487a0fa1fd to remote] DEBUG org.asynchttpclient.netty.request.NettyRequestSender - Using open Channel [id: 0xd5399c0b, L:/127.0.0.1:60105 - R:localhost/127.0.0.1:33209] for GET '/session/40e55b6100d500abb0ccd5487a0fa1fd/screenshot'
00:51:03.493 [AsyncHttpClient-1-3] DEBUG org.asynchttpclient.netty.handler.HttpHandler - 

Request DefaultFullHttpRequest(decodeResult: success, version: HTTP/1.1, content: EmptyByteBufBE)
GET /session/40e55b6100d500abb0ccd5487a0fa1fd/screenshot HTTP/1.1
User-Agent: selenium/4.7.1 (java windows)
Cache-Control: no-cache
Content-Type: application/json; charset=utf-8
host: localhost:33209
accept: */*

Response DefaultHttpResponse(decodeResult: success, version: HTTP/1.1)
HTTP/1.1 200 OK
Content-Type: application/json; charset=utf-8
cache-control: no-cache
content-length: 29972

00:51:03.493 [AsyncHttpClient-1-3] DEBUG org.asynchttpclient.netty.channel.ChannelManager - Adding key: http://localhost:33209 for channel [id: 0xd5399c0b, L:/127.0.0.1:60105 - R:localhost/127.0.0.1:33209]
00:51:03.494 [main] DEBUG net.serenitybdd.core.photography.Darkroom - Send negative for processing for target\site\serenity\c45aff9b53c786d9a97ed2b5b2c4935e0807e9633762e5e8b5fcc09c17d8dcb7.png
00:51:03.494 [main] DEBUG net.thucydides.core.steps.StepInterceptor - STEP DONE: inputEmail
00:51:03.494 [Darkroom Processing Line] DEBUG net.serenitybdd.core.photography.DarkroomProcessingLine - Processing screenshot image in /var/screenshots/screenshot-3682041709965619843
00:51:03.495 [Darkroom Processing Line] DEBUG net.serenitybdd.core.photography.DarkroomProcessingLine - Saving screenshot to target\site\serenity\c45aff9b53c786d9a97ed2b5b2c4935e0807e9633762e5e8b5fcc09c17d8dcb7.png
00:51:03.498 [main] DEBUG net.thucydides.core.steps.StepInterceptor - STARTING STEP: TransaksiSteps.userBeradaDiHomepageAltaShopDanLoginAkun - inputPassword
00:51:03.500 [Forwarding findElement on session 40e55b6100d500abb0ccd5487a0fa1fd to remote] DEBUG org.asynchttpclient.netty.request.NettyRequestSender - Using pooled Channel '[id: 0xd5399c0b, L:/127.0.0.1:60105 - R:localhost/127.0.0.1:33209]' for 'POST' to 'http://localhost:33209/session/40e55b6100d500abb0ccd5487a0fa1fd/element'
00:51:03.500 [Forwarding findElement on session 40e55b6100d500abb0ccd5487a0fa1fd to remote] DEBUG org.asynchttpclient.netty.request.NettyRequestSender - Using open Channel [id: 0xd5399c0b, L:/127.0.0.1:60105 - R:localhost/127.0.0.1:33209] for POST '/session/40e55b6100d500abb0ccd5487a0fa1fd/element'
00:51:03.513 [AsyncHttpClient-1-3] DEBUG org.asynchttpclient.netty.handler.HttpHandler - 

Request DefaultHttpRequest(decodeResult: success, version: HTTP/1.1)
POST /session/40e55b6100d500abb0ccd5487a0fa1fd/element HTTP/1.1
User-Agent: selenium/4.7.1 (java windows)
Content-Length: 187
Content-Type: application/json; charset=utf-8
host: localhost:33209
accept: */*

Response DefaultHttpResponse(decodeResult: success, version: HTTP/1.1)
HTTP/1.1 200 OK
Content-Type: application/json; charset=utf-8
cache-control: no-cache
content-length: 88

00:51:03.513 [AsyncHttpClient-1-3] DEBUG org.asynchttpclient.netty.channel.ChannelManager - Adding key: http://localhost:33209 for channel [id: 0xd5399c0b, L:/127.0.0.1:60105 - R:localhost/127.0.0.1:33209]
00:51:03.514 [Forwarding clearElement on session 40e55b6100d500abb0ccd5487a0fa1fd to remote] DEBUG org.asynchttpclient.netty.request.NettyRequestSender - Using pooled Channel '[id: 0xd5399c0b, L:/127.0.0.1:60105 - R:localhost/127.0.0.1:33209]' for 'POST' to 'http://localhost:33209/session/40e55b6100d500abb0ccd5487a0fa1fd/element/565e93db-620b-4641-9b94-f23a3fb2d622/clear'
00:51:03.514 [Forwarding clearElement on session 40e55b6100d500abb0ccd5487a0fa1fd to remote] DEBUG org.asynchttpclient.netty.request.NettyRequestSender - Using open Channel [id: 0xd5399c0b, L:/127.0.0.1:60105 - R:localhost/127.0.0.1:33209] for POST '/session/40e55b6100d500abb0ccd5487a0fa1fd/element/565e93db-620b-4641-9b94-f23a3fb2d622/clear'
00:51:03.549 [AsyncHttpClient-1-3] DEBUG org.asynchttpclient.netty.handler.HttpHandler - 

Request DefaultHttpRequest(decodeResult: success, version: HTTP/1.1)
POST /session/40e55b6100d500abb0ccd5487a0fa1fd/element/565e93db-620b-4641-9b94-f23a3fb2d622/clear HTTP/1.1
User-Agent: selenium/4.7.1 (java windows)
Content-Length: 50
Content-Type: application/json; charset=utf-8
host: localhost:33209
accept: */*

Response DefaultHttpResponse(decodeResult: success, version: HTTP/1.1)
HTTP/1.1 200 OK
Content-Type: application/json; charset=utf-8
cache-control: no-cache
content-length: 14

00:51:03.549 [AsyncHttpClient-1-3] DEBUG org.asynchttpclient.netty.channel.ChannelManager - Adding key: http://localhost:33209 for channel [id: 0xd5399c0b, L:/127.0.0.1:60105 - R:localhost/127.0.0.1:33209]
00:51:03.551 [Forwarding sendKeysToElement on session 40e55b6100d500abb0ccd5487a0fa1fd to remote] DEBUG org.asynchttpclient.netty.request.NettyRequestSender - Using pooled Channel '[id: 0xd5399c0b, L:/127.0.0.1:60105 - R:localhost/127.0.0.1:33209]' for 'POST' to 'http://localhost:33209/session/40e55b6100d500abb0ccd5487a0fa1fd/element/565e93db-620b-4641-9b94-f23a3fb2d622/value'
00:51:03.551 [Forwarding sendKeysToElement on session 40e55b6100d500abb0ccd5487a0fa1fd to remote] DEBUG org.asynchttpclient.netty.request.NettyRequestSender - Using open Channel [id: 0xd5399c0b, L:/127.0.0.1:60105 - R:localhost/127.0.0.1:33209] for POST '/session/40e55b6100d500abb0ccd5487a0fa1fd/element/565e93db-620b-4641-9b94-f23a3fb2d622/value'
00:51:03.614 [AsyncHttpClient-1-3] DEBUG org.asynchttpclient.netty.handler.HttpHandler - 

Request DefaultHttpRequest(decodeResult: success, version: HTTP/1.1)
POST /session/40e55b6100d500abb0ccd5487a0fa1fd/element/565e93db-620b-4641-9b94-f23a3fb2d622/value HTTP/1.1
User-Agent: selenium/4.7.1 (java windows)
Content-Length: 111
Content-Type: application/json; charset=utf-8
host: localhost:33209
accept: */*

Response DefaultHttpResponse(decodeResult: success, version: HTTP/1.1)
HTTP/1.1 200 OK
Content-Type: application/json; charset=utf-8
cache-control: no-cache
content-length: 14

00:51:03.614 [AsyncHttpClient-1-3] DEBUG org.asynchttpclient.netty.channel.ChannelManager - Adding key: http://localhost:33209 for channel [id: 0xd5399c0b, L:/127.0.0.1:60105 - R:localhost/127.0.0.1:33209]
00:51:03.621 [Forwarding getCurrentWindowHandle on session 40e55b6100d500abb0ccd5487a0fa1fd to remote] DEBUG org.asynchttpclient.netty.request.NettyRequestSender - Using pooled Channel '[id: 0xd5399c0b, L:/127.0.0.1:60105 - R:localhost/127.0.0.1:33209]' for 'GET' to 'http://localhost:33209/session/40e55b6100d500abb0ccd5487a0fa1fd/window'
00:51:03.621 [Forwarding getCurrentWindowHandle on session 40e55b6100d500abb0ccd5487a0fa1fd to remote] DEBUG org.asynchttpclient.netty.request.NettyRequestSender - Using open Channel [id: 0xd5399c0b, L:/127.0.0.1:60105 - R:localhost/127.0.0.1:33209] for GET '/session/40e55b6100d500abb0ccd5487a0fa1fd/window'
00:51:03.623 [AsyncHttpClient-1-3] DEBUG org.asynchttpclient.netty.handler.HttpHandler - 

Request DefaultFullHttpRequest(decodeResult: success, version: HTTP/1.1, content: EmptyByteBufBE)
GET /session/40e55b6100d500abb0ccd5487a0fa1fd/window HTTP/1.1
User-Agent: selenium/4.7.1 (java windows)
Cache-Control: no-cache
Content-Type: application/json; charset=utf-8
host: localhost:33209
accept: */*

Response DefaultHttpResponse(decodeResult: success, version: HTTP/1.1)
HTTP/1.1 200 OK
Content-Type: application/json; charset=utf-8
cache-control: no-cache
content-length: 44

00:51:03.623 [AsyncHttpClient-1-3] DEBUG org.asynchttpclient.netty.channel.ChannelManager - Adding key: http://localhost:33209 for channel [id: 0xd5399c0b, L:/127.0.0.1:60105 - R:localhost/127.0.0.1:33209]
00:51:03.624 [Forwarding getAlertText on session 40e55b6100d500abb0ccd5487a0fa1fd to remote] DEBUG org.asynchttpclient.netty.request.NettyRequestSender - Using pooled Channel '[id: 0xd5399c0b, L:/127.0.0.1:60105 - R:localhost/127.0.0.1:33209]' for 'GET' to 'http://localhost:33209/session/40e55b6100d500abb0ccd5487a0fa1fd/alert/text'
00:51:03.624 [Forwarding getAlertText on session 40e55b6100d500abb0ccd5487a0fa1fd to remote] DEBUG org.asynchttpclient.netty.request.NettyRequestSender - Using open Channel [id: 0xd5399c0b, L:/127.0.0.1:60105 - R:localhost/127.0.0.1:33209] for GET '/session/40e55b6100d500abb0ccd5487a0fa1fd/alert/text'
00:51:03.626 [AsyncHttpClient-1-3] DEBUG org.asynchttpclient.netty.handler.HttpHandler - 

Request DefaultFullHttpRequest(decodeResult: success, version: HTTP/1.1, content: EmptyByteBufBE)
GET /session/40e55b6100d500abb0ccd5487a0fa1fd/alert/text HTTP/1.1
User-Agent: selenium/4.7.1 (java windows)
Cache-Control: no-cache
Content-Type: application/json; charset=utf-8
host: localhost:33209
accept: */*

Response DefaultHttpResponse(decodeResult: success, version: HTTP/1.1)
HTTP/1.1 404 Not Found
Content-Type: application/json; charset=utf-8
cache-control: no-cache
content-length: 849

00:51:03.626 [AsyncHttpClient-1-3] DEBUG org.asynchttpclient.netty.channel.ChannelManager - Adding key: http://localhost:33209 for channel [id: 0xd5399c0b, L:/127.0.0.1:60105 - R:localhost/127.0.0.1:33209]
00:51:03.627 [Forwarding switchToWindow on session 40e55b6100d500abb0ccd5487a0fa1fd to remote] DEBUG org.asynchttpclient.netty.request.NettyRequestSender - Using pooled Channel '[id: 0xd5399c0b, L:/127.0.0.1:60105 - R:localhost/127.0.0.1:33209]' for 'POST' to 'http://localhost:33209/session/40e55b6100d500abb0ccd5487a0fa1fd/window'
00:51:03.627 [Forwarding switchToWindow on session 40e55b6100d500abb0ccd5487a0fa1fd to remote] DEBUG org.asynchttpclient.netty.request.NettyRequestSender - Using open Channel [id: 0xd5399c0b, L:/127.0.0.1:60105 - R:localhost/127.0.0.1:33209] for POST '/session/40e55b6100d500abb0ccd5487a0fa1fd/window'
00:51:03.629 [AsyncHttpClient-1-3] DEBUG org.asynchttpclient.netty.handler.HttpHandler - 

Request DefaultHttpRequest(decodeResult: success, version: HTTP/1.1)
POST /session/40e55b6100d500abb0ccd5487a0fa1fd/window HTTP/1.1
User-Agent: selenium/4.7.1 (java windows)
Content-Length: 50
Content-Type: application/json; charset=utf-8
host: localhost:33209
accept: */*

Response DefaultHttpResponse(decodeResult: success, version: HTTP/1.1)
HTTP/1.1 200 OK
Content-Type: application/json; charset=utf-8
cache-control: no-cache
content-length: 14

00:51:03.629 [AsyncHttpClient-1-3] DEBUG org.asynchttpclient.netty.channel.ChannelManager - Adding key: http://localhost:33209 for channel [id: 0xd5399c0b, L:/127.0.0.1:60105 - R:localhost/127.0.0.1:33209]
00:51:03.630 [Forwarding getCurrentUrl on session 40e55b6100d500abb0ccd5487a0fa1fd to remote] DEBUG org.asynchttpclient.netty.request.NettyRequestSender - Using pooled Channel '[id: 0xd5399c0b, L:/127.0.0.1:60105 - R:localhost/127.0.0.1:33209]' for 'GET' to 'http://localhost:33209/session/40e55b6100d500abb0ccd5487a0fa1fd/url'
00:51:03.630 [Forwarding getCurrentUrl on session 40e55b6100d500abb0ccd5487a0fa1fd to remote] DEBUG org.asynchttpclient.netty.request.NettyRequestSender - Using open Channel [id: 0xd5399c0b, L:/127.0.0.1:60105 - R:localhost/127.0.0.1:33209] for GET '/session/40e55b6100d500abb0ccd5487a0fa1fd/url'
00:51:03.635 [AsyncHttpClient-1-3] DEBUG org.asynchttpclient.netty.handler.HttpHandler - 

Request DefaultFullHttpRequest(decodeResult: success, version: HTTP/1.1, content: EmptyByteBufBE)
GET /session/40e55b6100d500abb0ccd5487a0fa1fd/url HTTP/1.1
User-Agent: selenium/4.7.1 (java windows)
Cache-Control: no-cache
Content-Type: application/json; charset=utf-8
host: localhost:33209
accept: */*

Response DefaultHttpResponse(decodeResult: success, version: HTTP/1.1)
HTTP/1.1 200 OK
Content-Type: application/json; charset=utf-8
cache-control: no-cache
content-length: 51

00:51:03.636 [AsyncHttpClient-1-3] DEBUG org.asynchttpclient.netty.channel.ChannelManager - Adding key: http://localhost:33209 for channel [id: 0xd5399c0b, L:/127.0.0.1:60105 - R:localhost/127.0.0.1:33209]
00:51:03.636 [Forwarding screenshot on session 40e55b6100d500abb0ccd5487a0fa1fd to remote] DEBUG org.asynchttpclient.netty.request.NettyRequestSender - Using pooled Channel '[id: 0xd5399c0b, L:/127.0.0.1:60105 - R:localhost/127.0.0.1:33209]' for 'GET' to 'http://localhost:33209/session/40e55b6100d500abb0ccd5487a0fa1fd/screenshot'
00:51:03.636 [Forwarding screenshot on session 40e55b6100d500abb0ccd5487a0fa1fd to remote] DEBUG org.asynchttpclient.netty.request.NettyRequestSender - Using open Channel [id: 0xd5399c0b, L:/127.0.0.1:60105 - R:localhost/127.0.0.1:33209] for GET '/session/40e55b6100d500abb0ccd5487a0fa1fd/screenshot'
00:51:03.748 [AsyncHttpClient-1-3] DEBUG org.asynchttpclient.netty.handler.HttpHandler - 

Request DefaultFullHttpRequest(decodeResult: success, version: HTTP/1.1, content: EmptyByteBufBE)
GET /session/40e55b6100d500abb0ccd5487a0fa1fd/screenshot HTTP/1.1
User-Agent: selenium/4.7.1 (java windows)
Cache-Control: no-cache
Content-Type: application/json; charset=utf-8
host: localhost:33209
accept: */*

Response DefaultHttpResponse(decodeResult: success, version: HTTP/1.1)
HTTP/1.1 200 OK
Content-Type: application/json; charset=utf-8
cache-control: no-cache
content-length: 30336

00:51:03.748 [AsyncHttpClient-1-3] DEBUG org.asynchttpclient.netty.channel.ChannelManager - Adding key: http://localhost:33209 for channel [id: 0xd5399c0b, L:/127.0.0.1:60105 - R:localhost/127.0.0.1:33209]
00:51:03.750 [main] DEBUG net.serenitybdd.core.photography.Darkroom - Send negative for processing for target\site\serenity\83286941e46d67fb3317a16a7da5521882104b8a90222dc7782e07923f2860ae.png
00:51:03.750 [main] DEBUG net.thucydides.core.steps.StepInterceptor - STEP DONE: inputPassword
00:51:03.750 [Darkroom Processing Line] DEBUG net.serenitybdd.core.photography.DarkroomProcessingLine - Processing screenshot image in /var/screenshots/screenshot-17573533703623060576
00:51:03.750 [Darkroom Processing Line] DEBUG net.serenitybdd.core.photography.DarkroomProcessingLine - Saving screenshot to target\site\serenity\83286941e46d67fb3317a16a7da5521882104b8a90222dc7782e07923f2860ae.png
00:51:03.754 [main] DEBUG net.thucydides.core.steps.StepInterceptor - STARTING STEP: TransaksiSteps.userBeradaDiHomepageAltaShopDanLoginAkun - klikButtonLoginKedua
00:51:03.756 [Forwarding findElement on session 40e55b6100d500abb0ccd5487a0fa1fd to remote] DEBUG org.asynchttpclient.netty.request.NettyRequestSender - Using pooled Channel '[id: 0xd5399c0b, L:/127.0.0.1:60105 - R:localhost/127.0.0.1:33209]' for 'POST' to 'http://localhost:33209/session/40e55b6100d500abb0ccd5487a0fa1fd/element'
00:51:03.756 [Forwarding findElement on session 40e55b6100d500abb0ccd5487a0fa1fd to remote] DEBUG org.asynchttpclient.netty.request.NettyRequestSender - Using open Channel [id: 0xd5399c0b, L:/127.0.0.1:60105 - R:localhost/127.0.0.1:33209] for POST '/session/40e55b6100d500abb0ccd5487a0fa1fd/element'
00:51:03.768 [AsyncHttpClient-1-3] DEBUG org.asynchttpclient.netty.handler.HttpHandler - 

Request DefaultHttpRequest(decodeResult: success, version: HTTP/1.1)
POST /session/40e55b6100d500abb0ccd5487a0fa1fd/element HTTP/1.1
User-Agent: selenium/4.7.1 (java windows)
Content-Length: 141
Content-Type: application/json; charset=utf-8
host: localhost:33209
accept: */*

Response DefaultHttpResponse(decodeResult: success, version: HTTP/1.1)
HTTP/1.1 200 OK
Content-Type: application/json; charset=utf-8
cache-control: no-cache
content-length: 88

00:51:03.768 [AsyncHttpClient-1-3] DEBUG org.asynchttpclient.netty.channel.ChannelManager - Adding key: http://localhost:33209 for channel [id: 0xd5399c0b, L:/127.0.0.1:60105 - R:localhost/127.0.0.1:33209]
00:51:03.769 [Forwarding getElementTagName on session 40e55b6100d500abb0ccd5487a0fa1fd to remote] DEBUG org.asynchttpclient.netty.request.NettyRequestSender - Using pooled Channel '[id: 0xd5399c0b, L:/127.0.0.1:60105 - R:localhost/127.0.0.1:33209]' for 'GET' to 'http://localhost:33209/session/40e55b6100d500abb0ccd5487a0fa1fd/element/fd5f7a8e-7e09-43dd-8ac6-e06a7237d014/name'
00:51:03.769 [Forwarding getElementTagName on session 40e55b6100d500abb0ccd5487a0fa1fd to remote] DEBUG org.asynchttpclient.netty.request.NettyRequestSender - Using open Channel [id: 0xd5399c0b, L:/127.0.0.1:60105 - R:localhost/127.0.0.1:33209] for GET '/session/40e55b6100d500abb0ccd5487a0fa1fd/element/fd5f7a8e-7e09-43dd-8ac6-e06a7237d014/name'
00:51:03.776 [AsyncHttpClient-1-3] DEBUG org.asynchttpclient.netty.handler.HttpHandler - 

Request DefaultFullHttpRequest(decodeResult: success, version: HTTP/1.1, content: EmptyByteBufBE)
GET /session/40e55b6100d500abb0ccd5487a0fa1fd/element/fd5f7a8e-7e09-43dd-8ac6-e06a7237d014/name HTTP/1.1
User-Agent: selenium/4.7.1 (java windows)
Cache-Control: no-cache
Content-Type: application/json; charset=utf-8
host: localhost:33209
accept: */*

Response DefaultHttpResponse(decodeResult: success, version: HTTP/1.1)
HTTP/1.1 200 OK
Content-Type: application/json; charset=utf-8
cache-control: no-cache
content-length: 18

00:51:03.776 [AsyncHttpClient-1-3] DEBUG org.asynchttpclient.netty.channel.ChannelManager - Adding key: http://localhost:33209 for channel [id: 0xd5399c0b, L:/127.0.0.1:60105 - R:localhost/127.0.0.1:33209]
00:51:03.777 [Forwarding getElementTagName on session 40e55b6100d500abb0ccd5487a0fa1fd to remote] DEBUG org.asynchttpclient.netty.request.NettyRequestSender - Using pooled Channel '[id: 0xd5399c0b, L:/127.0.0.1:60105 - R:localhost/127.0.0.1:33209]' for 'GET' to 'http://localhost:33209/session/40e55b6100d500abb0ccd5487a0fa1fd/element/fd5f7a8e-7e09-43dd-8ac6-e06a7237d014/name'
00:51:03.777 [Forwarding getElementTagName on session 40e55b6100d500abb0ccd5487a0fa1fd to remote] DEBUG org.asynchttpclient.netty.request.NettyRequestSender - Using open Channel [id: 0xd5399c0b, L:/127.0.0.1:60105 - R:localhost/127.0.0.1:33209] for GET '/session/40e55b6100d500abb0ccd5487a0fa1fd/element/fd5f7a8e-7e09-43dd-8ac6-e06a7237d014/name'
00:51:03.780 [AsyncHttpClient-1-3] DEBUG org.asynchttpclient.netty.handler.HttpHandler - 

Request DefaultFullHttpRequest(decodeResult: success, version: HTTP/1.1, content: EmptyByteBufBE)
GET /session/40e55b6100d500abb0ccd5487a0fa1fd/element/fd5f7a8e-7e09-43dd-8ac6-e06a7237d014/name HTTP/1.1
User-Agent: selenium/4.7.1 (java windows)
Cache-Control: no-cache
Content-Type: application/json; charset=utf-8
host: localhost:33209
accept: */*

Response DefaultHttpResponse(decodeResult: success, version: HTTP/1.1)
HTTP/1.1 200 OK
Content-Type: application/json; charset=utf-8
cache-control: no-cache
content-length: 18

00:51:03.780 [AsyncHttpClient-1-3] DEBUG org.asynchttpclient.netty.channel.ChannelManager - Adding key: http://localhost:33209 for channel [id: 0xd5399c0b, L:/127.0.0.1:60105 - R:localhost/127.0.0.1:33209]
00:51:03.781 [Forwarding isElementEnabled on session 40e55b6100d500abb0ccd5487a0fa1fd to remote] DEBUG org.asynchttpclient.netty.request.NettyRequestSender - Using pooled Channel '[id: 0xd5399c0b, L:/127.0.0.1:60105 - R:localhost/127.0.0.1:33209]' for 'GET' to 'http://localhost:33209/session/40e55b6100d500abb0ccd5487a0fa1fd/element/fd5f7a8e-7e09-43dd-8ac6-e06a7237d014/enabled'
00:51:03.781 [Forwarding isElementEnabled on session 40e55b6100d500abb0ccd5487a0fa1fd to remote] DEBUG org.asynchttpclient.netty.request.NettyRequestSender - Using open Channel [id: 0xd5399c0b, L:/127.0.0.1:60105 - R:localhost/127.0.0.1:33209] for GET '/session/40e55b6100d500abb0ccd5487a0fa1fd/element/fd5f7a8e-7e09-43dd-8ac6-e06a7237d014/enabled'
00:51:03.793 [AsyncHttpClient-1-3] DEBUG org.asynchttpclient.netty.handler.HttpHandler - 

Request DefaultFullHttpRequest(decodeResult: success, version: HTTP/1.1, content: EmptyByteBufBE)
GET /session/40e55b6100d500abb0ccd5487a0fa1fd/element/fd5f7a8e-7e09-43dd-8ac6-e06a7237d014/enabled HTTP/1.1
User-Agent: selenium/4.7.1 (java windows)
Cache-Control: no-cache
Content-Type: application/json; charset=utf-8
host: localhost:33209
accept: */*

Response DefaultHttpResponse(decodeResult: success, version: HTTP/1.1)
HTTP/1.1 200 OK
Content-Type: application/json; charset=utf-8
cache-control: no-cache
content-length: 14

00:51:03.793 [AsyncHttpClient-1-3] DEBUG org.asynchttpclient.netty.channel.ChannelManager - Adding key: http://localhost:33209 for channel [id: 0xd5399c0b, L:/127.0.0.1:60105 - R:localhost/127.0.0.1:33209]
00:51:03.794 [Forwarding isElementEnabled on session 40e55b6100d500abb0ccd5487a0fa1fd to remote] DEBUG org.asynchttpclient.netty.request.NettyRequestSender - Using pooled Channel '[id: 0xd5399c0b, L:/127.0.0.1:60105 - R:localhost/127.0.0.1:33209]' for 'GET' to 'http://localhost:33209/session/40e55b6100d500abb0ccd5487a0fa1fd/element/fd5f7a8e-7e09-43dd-8ac6-e06a7237d014/enabled'
00:51:03.794 [Forwarding isElementEnabled on session 40e55b6100d500abb0ccd5487a0fa1fd to remote] DEBUG org.asynchttpclient.netty.request.NettyRequestSender - Using open Channel [id: 0xd5399c0b, L:/127.0.0.1:60105 - R:localhost/127.0.0.1:33209] for GET '/session/40e55b6100d500abb0ccd5487a0fa1fd/element/fd5f7a8e-7e09-43dd-8ac6-e06a7237d014/enabled'
00:51:03.803 [AsyncHttpClient-1-3] DEBUG org.asynchttpclient.netty.handler.HttpHandler - 

Request DefaultFullHttpRequest(decodeResult: success, version: HTTP/1.1, content: EmptyByteBufBE)
GET /session/40e55b6100d500abb0ccd5487a0fa1fd/element/fd5f7a8e-7e09-43dd-8ac6-e06a7237d014/enabled HTTP/1.1
User-Agent: selenium/4.7.1 (java windows)
Cache-Control: no-cache
Content-Type: application/json; charset=utf-8
host: localhost:33209
accept: */*

Response DefaultHttpResponse(decodeResult: success, version: HTTP/1.1)
HTTP/1.1 200 OK
Content-Type: application/json; charset=utf-8
cache-control: no-cache
content-length: 14

00:51:03.803 [AsyncHttpClient-1-3] DEBUG org.asynchttpclient.netty.channel.ChannelManager - Adding key: http://localhost:33209 for channel [id: 0xd5399c0b, L:/127.0.0.1:60105 - R:localhost/127.0.0.1:33209]
00:51:03.805 [Forwarding findElement on session 40e55b6100d500abb0ccd5487a0fa1fd to remote] DEBUG org.asynchttpclient.netty.request.NettyRequestSender - Using pooled Channel '[id: 0xd5399c0b, L:/127.0.0.1:60105 - R:localhost/127.0.0.1:33209]' for 'POST' to 'http://localhost:33209/session/40e55b6100d500abb0ccd5487a0fa1fd/element'
00:51:03.805 [Forwarding findElement on session 40e55b6100d500abb0ccd5487a0fa1fd to remote] DEBUG org.asynchttpclient.netty.request.NettyRequestSender - Using open Channel [id: 0xd5399c0b, L:/127.0.0.1:60105 - R:localhost/127.0.0.1:33209] for POST '/session/40e55b6100d500abb0ccd5487a0fa1fd/element'
00:51:03.815 [AsyncHttpClient-1-3] DEBUG org.asynchttpclient.netty.handler.HttpHandler - 

Request DefaultHttpRequest(decodeResult: success, version: HTTP/1.1)
POST /session/40e55b6100d500abb0ccd5487a0fa1fd/element HTTP/1.1
User-Agent: selenium/4.7.1 (java windows)
Content-Length: 141
Content-Type: application/json; charset=utf-8
host: localhost:33209
accept: */*

Response DefaultHttpResponse(decodeResult: success, version: HTTP/1.1)
HTTP/1.1 200 OK
Content-Type: application/json; charset=utf-8
cache-control: no-cache
content-length: 88

00:51:03.815 [AsyncHttpClient-1-3] DEBUG org.asynchttpclient.netty.channel.ChannelManager - Adding key: http://localhost:33209 for channel [id: 0xd5399c0b, L:/127.0.0.1:60105 - R:localhost/127.0.0.1:33209]
00:51:03.816 [Forwarding clickElement on session 40e55b6100d500abb0ccd5487a0fa1fd to remote] DEBUG org.asynchttpclient.netty.request.NettyRequestSender - Using pooled Channel '[id: 0xd5399c0b, L:/127.0.0.1:60105 - R:localhost/127.0.0.1:33209]' for 'POST' to 'http://localhost:33209/session/40e55b6100d500abb0ccd5487a0fa1fd/element/fd5f7a8e-7e09-43dd-8ac6-e06a7237d014/click'
00:51:03.817 [Forwarding clickElement on session 40e55b6100d500abb0ccd5487a0fa1fd to remote] DEBUG org.asynchttpclient.netty.request.NettyRequestSender - Using open Channel [id: 0xd5399c0b, L:/127.0.0.1:60105 - R:localhost/127.0.0.1:33209] for POST '/session/40e55b6100d500abb0ccd5487a0fa1fd/element/fd5f7a8e-7e09-43dd-8ac6-e06a7237d014/click'
00:51:03.830 [AsyncHttpClient-1-1] DEBUG org.asynchttpclient.netty.channel.DefaultChannelPool - Entry count for : http://localhost:60106 : 1
00:51:03.874 [AsyncHttpClient-1-3] DEBUG org.asynchttpclient.netty.handler.HttpHandler - 

Request DefaultHttpRequest(decodeResult: success, version: HTTP/1.1)
POST /session/40e55b6100d500abb0ccd5487a0fa1fd/element/fd5f7a8e-7e09-43dd-8ac6-e06a7237d014/click HTTP/1.1
User-Agent: selenium/4.7.1 (java windows)
Content-Length: 50
Content-Type: application/json; charset=utf-8
host: localhost:33209
accept: */*

Response DefaultHttpResponse(decodeResult: success, version: HTTP/1.1)
HTTP/1.1 200 OK
Content-Type: application/json; charset=utf-8
cache-control: no-cache
content-length: 14

00:51:03.874 [AsyncHttpClient-1-3] DEBUG org.asynchttpclient.netty.channel.ChannelManager - Adding key: http://localhost:33209 for channel [id: 0xd5399c0b, L:/127.0.0.1:60105 - R:localhost/127.0.0.1:33209]
00:51:03.883 [Forwarding getCurrentWindowHandle on session 40e55b6100d500abb0ccd5487a0fa1fd to remote] DEBUG org.asynchttpclient.netty.request.NettyRequestSender - Using pooled Channel '[id: 0xd5399c0b, L:/127.0.0.1:60105 - R:localhost/127.0.0.1:33209]' for 'GET' to 'http://localhost:33209/session/40e55b6100d500abb0ccd5487a0fa1fd/window'
00:51:03.883 [Forwarding getCurrentWindowHandle on session 40e55b6100d500abb0ccd5487a0fa1fd to remote] DEBUG org.asynchttpclient.netty.request.NettyRequestSender - Using open Channel [id: 0xd5399c0b, L:/127.0.0.1:60105 - R:localhost/127.0.0.1:33209] for GET '/session/40e55b6100d500abb0ccd5487a0fa1fd/window'
00:51:03.884 [AsyncHttpClient-1-3] DEBUG org.asynchttpclient.netty.handler.HttpHandler - 

Request DefaultFullHttpRequest(decodeResult: success, version: HTTP/1.1, content: EmptyByteBufBE)
GET /session/40e55b6100d500abb0ccd5487a0fa1fd/window HTTP/1.1
User-Agent: selenium/4.7.1 (java windows)
Cache-Control: no-cache
Content-Type: application/json; charset=utf-8
host: localhost:33209
accept: */*

Response DefaultHttpResponse(decodeResult: success, version: HTTP/1.1)
HTTP/1.1 200 OK
Content-Type: application/json; charset=utf-8
cache-control: no-cache
content-length: 44

00:51:03.884 [AsyncHttpClient-1-3] DEBUG org.asynchttpclient.netty.channel.ChannelManager - Adding key: http://localhost:33209 for channel [id: 0xd5399c0b, L:/127.0.0.1:60105 - R:localhost/127.0.0.1:33209]
00:51:03.886 [Forwarding getAlertText on session 40e55b6100d500abb0ccd5487a0fa1fd to remote] DEBUG org.asynchttpclient.netty.request.NettyRequestSender - Using pooled Channel '[id: 0xd5399c0b, L:/127.0.0.1:60105 - R:localhost/127.0.0.1:33209]' for 'GET' to 'http://localhost:33209/session/40e55b6100d500abb0ccd5487a0fa1fd/alert/text'
00:51:03.886 [Forwarding getAlertText on session 40e55b6100d500abb0ccd5487a0fa1fd to remote] DEBUG org.asynchttpclient.netty.request.NettyRequestSender - Using open Channel [id: 0xd5399c0b, L:/127.0.0.1:60105 - R:localhost/127.0.0.1:33209] for GET '/session/40e55b6100d500abb0ccd5487a0fa1fd/alert/text'
00:51:03.889 [AsyncHttpClient-1-3] DEBUG org.asynchttpclient.netty.handler.HttpHandler - 

Request DefaultFullHttpRequest(decodeResult: success, version: HTTP/1.1, content: EmptyByteBufBE)
GET /session/40e55b6100d500abb0ccd5487a0fa1fd/alert/text HTTP/1.1
User-Agent: selenium/4.7.1 (java windows)
Cache-Control: no-cache
Content-Type: application/json; charset=utf-8
host: localhost:33209
accept: */*

Response DefaultHttpResponse(decodeResult: success, version: HTTP/1.1)
HTTP/1.1 404 Not Found
Content-Type: application/json; charset=utf-8
cache-control: no-cache
content-length: 849

00:51:03.889 [AsyncHttpClient-1-3] DEBUG org.asynchttpclient.netty.channel.ChannelManager - Adding key: http://localhost:33209 for channel [id: 0xd5399c0b, L:/127.0.0.1:60105 - R:localhost/127.0.0.1:33209]
00:51:03.891 [Forwarding switchToWindow on session 40e55b6100d500abb0ccd5487a0fa1fd to remote] DEBUG org.asynchttpclient.netty.request.NettyRequestSender - Using pooled Channel '[id: 0xd5399c0b, L:/127.0.0.1:60105 - R:localhost/127.0.0.1:33209]' for 'POST' to 'http://localhost:33209/session/40e55b6100d500abb0ccd5487a0fa1fd/window'
00:51:03.891 [Forwarding switchToWindow on session 40e55b6100d500abb0ccd5487a0fa1fd to remote] DEBUG org.asynchttpclient.netty.request.NettyRequestSender - Using open Channel [id: 0xd5399c0b, L:/127.0.0.1:60105 - R:localhost/127.0.0.1:33209] for POST '/session/40e55b6100d500abb0ccd5487a0fa1fd/window'
00:51:03.893 [AsyncHttpClient-1-3] DEBUG org.asynchttpclient.netty.handler.HttpHandler - 

Request DefaultHttpRequest(decodeResult: success, version: HTTP/1.1)
POST /session/40e55b6100d500abb0ccd5487a0fa1fd/window HTTP/1.1
User-Agent: selenium/4.7.1 (java windows)
Content-Length: 50
Content-Type: application/json; charset=utf-8
host: localhost:33209
accept: */*

Response DefaultHttpResponse(decodeResult: success, version: HTTP/1.1)
HTTP/1.1 200 OK
Content-Type: application/json; charset=utf-8
cache-control: no-cache
content-length: 14

00:51:03.893 [AsyncHttpClient-1-3] DEBUG org.asynchttpclient.netty.channel.ChannelManager - Adding key: http://localhost:33209 for channel [id: 0xd5399c0b, L:/127.0.0.1:60105 - R:localhost/127.0.0.1:33209]
00:51:03.893 [Forwarding getCurrentUrl on session 40e55b6100d500abb0ccd5487a0fa1fd to remote] DEBUG org.asynchttpclient.netty.request.NettyRequestSender - Using pooled Channel '[id: 0xd5399c0b, L:/127.0.0.1:60105 - R:localhost/127.0.0.1:33209]' for 'GET' to 'http://localhost:33209/session/40e55b6100d500abb0ccd5487a0fa1fd/url'
00:51:03.893 [Forwarding getCurrentUrl on session 40e55b6100d500abb0ccd5487a0fa1fd to remote] DEBUG org.asynchttpclient.netty.request.NettyRequestSender - Using open Channel [id: 0xd5399c0b, L:/127.0.0.1:60105 - R:localhost/127.0.0.1:33209] for GET '/session/40e55b6100d500abb0ccd5487a0fa1fd/url'
00:51:03.898 [AsyncHttpClient-1-3] DEBUG org.asynchttpclient.netty.handler.HttpHandler - 

Request DefaultFullHttpRequest(decodeResult: success, version: HTTP/1.1, content: EmptyByteBufBE)
GET /session/40e55b6100d500abb0ccd5487a0fa1fd/url HTTP/1.1
User-Agent: selenium/4.7.1 (java windows)
Cache-Control: no-cache
Content-Type: application/json; charset=utf-8
host: localhost:33209
accept: */*

Response DefaultHttpResponse(decodeResult: success, version: HTTP/1.1)
HTTP/1.1 200 OK
Content-Type: application/json; charset=utf-8
cache-control: no-cache
content-length: 51

00:51:03.898 [AsyncHttpClient-1-3] DEBUG org.asynchttpclient.netty.channel.ChannelManager - Adding key: http://localhost:33209 for channel [id: 0xd5399c0b, L:/127.0.0.1:60105 - R:localhost/127.0.0.1:33209]
00:51:03.899 [Forwarding screenshot on session 40e55b6100d500abb0ccd5487a0fa1fd to remote] DEBUG org.asynchttpclient.netty.request.NettyRequestSender - Using pooled Channel '[id: 0xd5399c0b, L:/127.0.0.1:60105 - R:localhost/127.0.0.1:33209]' for 'GET' to 'http://localhost:33209/session/40e55b6100d500abb0ccd5487a0fa1fd/screenshot'
00:51:03.899 [Forwarding screenshot on session 40e55b6100d500abb0ccd5487a0fa1fd to remote] DEBUG org.asynchttpclient.netty.request.NettyRequestSender - Using open Channel [id: 0xd5399c0b, L:/127.0.0.1:60105 - R:localhost/127.0.0.1:33209] for GET '/session/40e55b6100d500abb0ccd5487a0fa1fd/screenshot'
00:51:04.017 [AsyncHttpClient-1-3] DEBUG org.asynchttpclient.netty.handler.HttpHandler - 

Request DefaultFullHttpRequest(decodeResult: success, version: HTTP/1.1, content: EmptyByteBufBE)
GET /session/40e55b6100d500abb0ccd5487a0fa1fd/screenshot HTTP/1.1
User-Agent: selenium/4.7.1 (java windows)
Cache-Control: no-cache
Content-Type: application/json; charset=utf-8
host: localhost:33209
accept: */*

Response DefaultHttpResponse(decodeResult: success, version: HTTP/1.1)
HTTP/1.1 200 OK
Content-Type: application/json; charset=utf-8
cache-control: no-cache
content-length: 29808

00:51:04.017 [AsyncHttpClient-1-3] DEBUG org.asynchttpclient.netty.channel.ChannelManager - Adding key: http://localhost:33209 for channel [id: 0xd5399c0b, L:/127.0.0.1:60105 - R:localhost/127.0.0.1:33209]
00:51:04.018 [main] DEBUG net.serenitybdd.core.photography.Darkroom - Send negative for processing for target\site\serenity\d6bd8c706732c5ae54979c9cca2b4c98189249f3b1edd1f589dbc79891913b35.png
00:51:04.019 [main] DEBUG net.thucydides.core.steps.StepInterceptor - STEP DONE: klikButtonLoginKedua
  &amp#27;[32mGiven &amp#27;[0m&amp#27;[32muser berada di Homepage AltaShop dan login akun&amp#27;[0m                   &amp#27;[90m# starter.stepdefinitions.TransaksiSteps.userBeradaDiHomepageAltaShopDanLoginAkun()&amp#27;[0m
00:51:04.019 [Darkroom Processing Line] DEBUG net.serenitybdd.core.photography.DarkroomProcessingLine - Processing screenshot image in /var/screenshots/screenshot-1548625357239878763
00:51:04.019 [Darkroom Processing Line] DEBUG net.serenitybdd.core.photography.DarkroomProcessingLine - Saving screenshot to target\site\serenity\d6bd8c706732c5ae54979c9cca2b4c98189249f3b1edd1f589dbc79891913b35.png
00:51:04.030 [main] DEBUG net.thucydides.core.steps.StepInterceptor - STARTING STEP: TransaksiSteps.userKlikBeliPadaProdukYangDiinginkan - diHomepageKembali
00:51:04.032 [Forwarding findElement on session 40e55b6100d500abb0ccd5487a0fa1fd to remote] DEBUG org.asynchttpclient.netty.request.NettyRequestSender - Using pooled Channel '[id: 0xd5399c0b, L:/127.0.0.1:60105 - R:localhost/127.0.0.1:33209]' for 'POST' to 'http://localhost:33209/session/40e55b6100d500abb0ccd5487a0fa1fd/element'
00:51:04.032 [Forwarding findElement on session 40e55b6100d500abb0ccd5487a0fa1fd to remote] DEBUG org.asynchttpclient.netty.request.NettyRequestSender - Using open Channel [id: 0xd5399c0b, L:/127.0.0.1:60105 - R:localhost/127.0.0.1:33209] for POST '/session/40e55b6100d500abb0ccd5487a0fa1fd/element'
00:51:04.931 [AsyncHttpClient-1-1] DEBUG org.asynchttpclient.netty.channel.DefaultChannelPool - Entry count for : http://localhost:60106 : 1
00:51:06.028 [AsyncHttpClient-1-1] DEBUG org.asynchttpclient.netty.channel.DefaultChannelPool - Entry count for : http://localhost:60106 : 1
00:51:07.060 [AsyncHttpClient-1-3] DEBUG org.asynchttpclient.netty.handler.HttpHandler - 

Request DefaultHttpRequest(decodeResult: success, version: HTTP/1.1)
POST /session/40e55b6100d500abb0ccd5487a0fa1fd/element HTTP/1.1
User-Agent: selenium/4.7.1 (java windows)
Content-Length: 194
Content-Type: application/json; charset=utf-8
host: localhost:33209
accept: */*

Response DefaultHttpResponse(decodeResult: success, version: HTTP/1.1)
HTTP/1.1 404 Not Found
Content-Type: application/json; charset=utf-8
cache-control: no-cache
content-length: 1031

00:51:07.061 [AsyncHttpClient-1-3] DEBUG org.asynchttpclient.netty.channel.ChannelManager - Adding key: http://localhost:33209 for channel [id: 0xd5399c0b, L:/127.0.0.1:60105 - R:localhost/127.0.0.1:33209]
00:51:07.069 [Forwarding getCurrentWindowHandle on session 40e55b6100d500abb0ccd5487a0fa1fd to remote] DEBUG org.asynchttpclient.netty.request.NettyRequestSender - Using pooled Channel '[id: 0xd5399c0b, L:/127.0.0.1:60105 - R:localhost/127.0.0.1:33209]' for 'GET' to 'http://localhost:33209/session/40e55b6100d500abb0ccd5487a0fa1fd/window'
00:51:07.069 [Forwarding getCurrentWindowHandle on session 40e55b6100d500abb0ccd5487a0fa1fd to remote] DEBUG org.asynchttpclient.netty.request.NettyRequestSender - Using open Channel [id: 0xd5399c0b, L:/127.0.0.1:60105 - R:localhost/127.0.0.1:33209] for GET '/session/40e55b6100d500abb0ccd5487a0fa1fd/window'
00:51:07.069 [AsyncHttpClient-1-3] DEBUG org.asynchttpclient.netty.handler.HttpHandler - 

Request DefaultFullHttpRequest(decodeResult: success, version: HTTP/1.1, content: EmptyByteBufBE)
GET /session/40e55b6100d500abb0ccd5487a0fa1fd/window HTTP/1.1
User-Agent: selenium/4.7.1 (java windows)
Cache-Control: no-cache
Content-Type: application/json; charset=utf-8
host: localhost:33209
accept: */*

Response DefaultHttpResponse(decodeResult: success, version: HTTP/1.1)
HTTP/1.1 200 OK
Content-Type: application/json; charset=utf-8
cache-control: no-cache
content-length: 44

00:51:07.070 [AsyncHttpClient-1-3] DEBUG org.asynchttpclient.netty.channel.ChannelManager - Adding key: http://localhost:33209 for channel [id: 0xd5399c0b, L:/127.0.0.1:60105 - R:localhost/127.0.0.1:33209]
00:51:07.070 [Forwarding getAlertText on session 40e55b6100d500abb0ccd5487a0fa1fd to remote] DEBUG org.asynchttpclient.netty.request.NettyRequestSender - Using pooled Channel '[id: 0xd5399c0b, L:/127.0.0.1:60105 - R:localhost/127.0.0.1:33209]' for 'GET' to 'http://localhost:33209/session/40e55b6100d500abb0ccd5487a0fa1fd/alert/text'
00:51:07.070 [Forwarding getAlertText on session 40e55b6100d500abb0ccd5487a0fa1fd to remote] DEBUG org.asynchttpclient.netty.request.NettyRequestSender - Using open Channel [id: 0xd5399c0b, L:/127.0.0.1:60105 - R:localhost/127.0.0.1:33209] for GET '/session/40e55b6100d500abb0ccd5487a0fa1fd/alert/text'
00:51:07.072 [AsyncHttpClient-1-3] DEBUG org.asynchttpclient.netty.handler.HttpHandler - 

Request DefaultFullHttpRequest(decodeResult: success, version: HTTP/1.1, content: EmptyByteBufBE)
GET /session/40e55b6100d500abb0ccd5487a0fa1fd/alert/text HTTP/1.1
User-Agent: selenium/4.7.1 (java windows)
Cache-Control: no-cache
Content-Type: application/json; charset=utf-8
host: localhost:33209
accept: */*

Response DefaultHttpResponse(decodeResult: success, version: HTTP/1.1)
HTTP/1.1 404 Not Found
Content-Type: application/json; charset=utf-8
cache-control: no-cache
content-length: 849

00:51:07.072 [AsyncHttpClient-1-3] DEBUG org.asynchttpclient.netty.channel.ChannelManager - Adding key: http://localhost:33209 for channel [id: 0xd5399c0b, L:/127.0.0.1:60105 - R:localhost/127.0.0.1:33209]
00:51:07.073 [Forwarding switchToWindow on session 40e55b6100d500abb0ccd5487a0fa1fd to remote] DEBUG org.asynchttpclient.netty.request.NettyRequestSender - Using pooled Channel '[id: 0xd5399c0b, L:/127.0.0.1:60105 - R:localhost/127.0.0.1:33209]' for 'POST' to 'http://localhost:33209/session/40e55b6100d500abb0ccd5487a0fa1fd/window'
00:51:07.073 [Forwarding switchToWindow on session 40e55b6100d500abb0ccd5487a0fa1fd to remote] DEBUG org.asynchttpclient.netty.request.NettyRequestSender - Using open Channel [id: 0xd5399c0b, L:/127.0.0.1:60105 - R:localhost/127.0.0.1:33209] for POST '/session/40e55b6100d500abb0ccd5487a0fa1fd/window'
00:51:07.075 [AsyncHttpClient-1-3] DEBUG org.asynchttpclient.netty.handler.HttpHandler - 

Request DefaultHttpRequest(decodeResult: success, version: HTTP/1.1)
POST /session/40e55b6100d500abb0ccd5487a0fa1fd/window HTTP/1.1
User-Agent: selenium/4.7.1 (java windows)
Content-Length: 50
Content-Type: application/json; charset=utf-8
host: localhost:33209
accept: */*

Response DefaultHttpResponse(decodeResult: success, version: HTTP/1.1)
HTTP/1.1 200 OK
Content-Type: application/json; charset=utf-8
cache-control: no-cache
content-length: 14

00:51:07.076 [AsyncHttpClient-1-3] DEBUG org.asynchttpclient.netty.channel.ChannelManager - Adding key: http://localhost:33209 for channel [id: 0xd5399c0b, L:/127.0.0.1:60105 - R:localhost/127.0.0.1:33209]
00:51:07.076 [Forwarding getCurrentUrl on session 40e55b6100d500abb0ccd5487a0fa1fd to remote] DEBUG org.asynchttpclient.netty.request.NettyRequestSender - Using pooled Channel '[id: 0xd5399c0b, L:/127.0.0.1:60105 - R:localhost/127.0.0.1:33209]' for 'GET' to 'http://localhost:33209/session/40e55b6100d500abb0ccd5487a0fa1fd/url'
00:51:07.076 [Forwarding getCurrentUrl on session 40e55b6100d500abb0ccd5487a0fa1fd to remote] DEBUG org.asynchttpclient.netty.request.NettyRequestSender - Using open Channel [id: 0xd5399c0b, L:/127.0.0.1:60105 - R:localhost/127.0.0.1:33209] for GET '/session/40e55b6100d500abb0ccd5487a0fa1fd/url'
00:51:07.084 [AsyncHttpClient-1-3] DEBUG org.asynchttpclient.netty.handler.HttpHandler - 

Request DefaultFullHttpRequest(decodeResult: success, version: HTTP/1.1, content: EmptyByteBufBE)
GET /session/40e55b6100d500abb0ccd5487a0fa1fd/url HTTP/1.1
User-Agent: selenium/4.7.1 (java windows)
Cache-Control: no-cache
Content-Type: application/json; charset=utf-8
host: localhost:33209
accept: */*

Response DefaultHttpResponse(decodeResult: success, version: HTTP/1.1)
HTTP/1.1 200 OK
Content-Type: application/json; charset=utf-8
cache-control: no-cache
content-length: 41

00:51:07.084 [AsyncHttpClient-1-3] DEBUG org.asynchttpclient.netty.channel.ChannelManager - Adding key: http://localhost:33209 for channel [id: 0xd5399c0b, L:/127.0.0.1:60105 - R:localhost/127.0.0.1:33209]
00:51:07.085 [Forwarding screenshot on session 40e55b6100d500abb0ccd5487a0fa1fd to remote] DEBUG org.asynchttpclient.netty.request.NettyRequestSender - Using pooled Channel '[id: 0xd5399c0b, L:/127.0.0.1:60105 - R:localhost/127.0.0.1:33209]' for 'GET' to 'http://localhost:33209/session/40e55b6100d500abb0ccd5487a0fa1fd/screenshot'
00:51:07.085 [Forwarding screenshot on session 40e55b6100d500abb0ccd5487a0fa1fd to remote] DEBUG org.asynchttpclient.netty.request.NettyRequestSender - Using open Channel [id: 0xd5399c0b, L:/127.0.0.1:60105 - R:localhost/127.0.0.1:33209] for GET '/session/40e55b6100d500abb0ccd5487a0fa1fd/screenshot'
00:51:07.128 [AsyncHttpClient-1-1] DEBUG org.asynchttpclient.netty.channel.DefaultChannelPool - Entry count for : http://localhost:60106 : 1
00:51:07.202 [AsyncHttpClient-1-3] DEBUG org.asynchttpclient.netty.handler.HttpHandler - 

Request DefaultFullHttpRequest(decodeResult: success, version: HTTP/1.1, content: EmptyByteBufBE)
GET /session/40e55b6100d500abb0ccd5487a0fa1fd/screenshot HTTP/1.1
User-Agent: selenium/4.7.1 (java windows)
Cache-Control: no-cache
Content-Type: application/json; charset=utf-8
host: localhost:33209
accept: */*

Response DefaultHttpResponse(decodeResult: success, version: HTTP/1.1)
HTTP/1.1 200 OK
Content-Type: application/json; charset=utf-8
cache-control: no-cache
content-length: 27340

00:51:07.203 [AsyncHttpClient-1-3] DEBUG org.asynchttpclient.netty.channel.ChannelManager - Adding key: http://localhost:33209 for channel [id: 0xd5399c0b, L:/127.0.0.1:60105 - R:localhost/127.0.0.1:33209]
00:51:07.204 [main] DEBUG net.serenitybdd.core.photography.Darkroom - Send negative for processing for target\site\serenity\56a400856aac4091e966c522cce53578a286d4cb50d0c02c1a156e00e7eeed91.png
00:51:07.205 [Darkroom Processing Line] DEBUG net.serenitybdd.core.photography.DarkroomProcessingLine - Processing screenshot image in /var/screenshots/screenshot-3736927857465422695
00:51:07.205 [Darkroom Processing Line] DEBUG net.serenitybdd.core.photography.DarkroomProcessingLine - Saving screenshot to target\site\serenity\56a400856aac4091e966c522cce53578a286d4cb50d0c02c1a156e00e7eeed91.png
00:51:07.206 [Forwarding getPageSource on session 40e55b6100d500abb0ccd5487a0fa1fd to remote] DEBUG org.asynchttpclient.netty.request.NettyRequestSender - Using pooled Channel '[id: 0xd5399c0b, L:/127.0.0.1:60105 - R:localhost/127.0.0.1:33209]' for 'POST' to 'http://localhost:33209/session/40e55b6100d500abb0ccd5487a0fa1fd/execute/sync'
00:51:07.206 [Forwarding getPageSource on session 40e55b6100d500abb0ccd5487a0fa1fd to remote] DEBUG org.asynchttpclient.netty.request.NettyRequestSender - Using open Channel [id: 0xd5399c0b, L:/127.0.0.1:60105 - R:localhost/127.0.0.1:33209] for POST '/session/40e55b6100d500abb0ccd5487a0fa1fd/execute/sync'
00:51:07.216 [AsyncHttpClient-1-3] DEBUG org.asynchttpclient.netty.handler.HttpHandler - 

Request DefaultHttpRequest(decodeResult: success, version: HTTP/1.1)
POST /session/40e55b6100d500abb0ccd5487a0fa1fd/execute/sync HTTP/1.1
User-Agent: selenium/4.7.1 (java windows)
Content-Length: 176
Content-Type: application/json; charset=utf-8
host: localhost:33209
accept: */*

Response DefaultHttpResponse(decodeResult: success, version: HTTP/1.1)
HTTP/1.1 200 OK
Content-Type: application/json; charset=utf-8
cache-control: no-cache
content-length: 28804

00:51:07.217 [AsyncHttpClient-1-3] DEBUG org.asynchttpclient.netty.channel.ChannelManager - Adding key: http://localhost:33209 for channel [id: 0xd5399c0b, L:/127.0.0.1:60105 - R:localhost/127.0.0.1:33209]
00:51:07.340 [Forwarding getCurrentUrl on session 40e55b6100d500abb0ccd5487a0fa1fd to remote] DEBUG org.asynchttpclient.netty.request.NettyRequestSender - Using pooled Channel '[id: 0xd5399c0b, L:/127.0.0.1:60105 - R:localhost/127.0.0.1:33209]' for 'GET' to 'http://localhost:33209/session/40e55b6100d500abb0ccd5487a0fa1fd/url'
00:51:07.340 [Forwarding getCurrentUrl on session 40e55b6100d500abb0ccd5487a0fa1fd to remote] DEBUG org.asynchttpclient.netty.request.NettyRequestSender - Using open Channel [id: 0xd5399c0b, L:/127.0.0.1:60105 - R:localhost/127.0.0.1:33209] for GET '/session/40e55b6100d500abb0ccd5487a0fa1fd/url'
00:51:07.346 [AsyncHttpClient-1-3] DEBUG org.asynchttpclient.netty.handler.HttpHandler - 

Request DefaultFullHttpRequest(decodeResult: success, version: HTTP/1.1, content: EmptyByteBufBE)
GET /session/40e55b6100d500abb0ccd5487a0fa1fd/url HTTP/1.1
User-Agent: selenium/4.7.1 (java windows)
Cache-Control: no-cache
Content-Type: application/json; charset=utf-8
host: localhost:33209
accept: */*

Response DefaultHttpResponse(decodeResult: success, version: HTTP/1.1)
HTTP/1.1 200 OK
Content-Type: application/json; charset=utf-8
cache-control: no-cache
content-length: 41

00:51:07.346 [AsyncHttpClient-1-3] DEBUG org.asynchttpclient.netty.channel.ChannelManager - Adding key: http://localhost:33209 for channel [id: 0xd5399c0b, L:/127.0.0.1:60105 - R:localhost/127.0.0.1:33209]
  &amp#27;[31mWhen &amp#27;[0m&amp#27;[31muser berada di homepage lalu klik beli pada produk yang diinginkan&amp#27;[0m &amp#27;[90m# starter.stepdefinitions.TransaksiSteps.userKlikBeliPadaProdukYangDiinginkan()&amp#27;[0m
      &amp#27;[31mjava.lang.AssertionError: Element should be visible
	at net.serenitybdd.core.pages.WebElementFacadeImpl.failWithMessage(WebElementFacadeImpl.java:980)
	at net.serenitybdd.core.pages.WebElementFacadeImpl.shouldBeVisible(WebElementFacadeImpl.java:433)
	at alta@1.0-SNAPSHOT/starter.pages.TransaksiPage.diHomepageKembali(TransaksiPage.java:89)
	at alta@1.0-SNAPSHOT/starter.pages.TransaksiPage$ByteBuddy$KzBXg9vu.diHomepageKembali$accessor$joKRyGfv(Unknown Source)
	at java.base/jdk.internal.reflect.DirectMethodHandleAccessor.invoke(DirectMethodHandleAccessor.java:104)
	at java.base/java.lang.reflect.Method.invoke(Method.java:578)
	at net.thucydides.core.steps.StepInterceptor.invokeMethod(StepInterceptor.java:503)
	at net.thucydides.core.steps.StepInterceptor.executeTestStepMethod(StepInterceptor.java:483)
	at net.thucydides.core.steps.StepInterceptor.runTestStep(StepInterceptor.java:457)
	at net.thucydides.core.steps.StepInterceptor.runOrSkipMethod(StepInterceptor.java:209)
	at net.thucydides.core.steps.StepInterceptor.testStepResult(StepInterceptor.java:196)
	at net.thucydides.core.steps.StepInterceptor.intercept(StepInterceptor.java:84)
	at net.thucydides.core.steps.ProxyConfiguration$InterceptorDispatcher.intercept(ProxyConfiguration.java:51)
	at alta@1.0-SNAPSHOT/starter.pages.TransaksiPage$ByteBuddy$KzBXg9vu.diHomepageKembali(Unknown Source)
	at alta@1.0-SNAPSHOT/starter.stepdefinitions.TransaksiSteps.userKlikBeliPadaProdukYangDiinginkan(TransaksiSteps.java:23)
	at ✽.user berada di homepage lalu klik beli pada produk yang diinginkan(file:///C:/Users/HP/Downloads/Mini-Project-QA/ALTASHOP%20WEB%20AUTOMATION/src/test/resources/features/3.%20Transaksi.feature:7)
&amp#27;[0m
  &amp#27;[36mAnd &amp#27;[0m&amp#27;[36mmuncul notif pada cart&amp#27;[0m                                              &amp#27;[90m# starter.stepdefinitions.TransaksiSteps.munculNotifPadaCart()&amp#27;[0m
  &amp#27;[36mAnd &amp#27;[0m&amp#27;[36muser klik cart&amp#27;[0m                                                      &amp#27;[90m# starter.stepdefinitions.TransaksiSteps.userKlikCart()&amp#27;[0m
  &amp#27;[36mAnd &amp#27;[0m&amp#27;[36muser klik bayar&amp#27;[0m                                                     &amp#27;[90m# starter.stepdefinitions.TransaksiSteps.userKlikBayar()&amp#27;[0m
  &amp#27;[36mAnd &amp#27;[0m&amp#27;[36muser masuk ke halaman transaksi&amp#27;[0m                                     &amp#27;[90m# starter.stepdefinitions.TransaksiSteps.userMasukKeHalamanTransaksi()&amp#27;[0m
00:51:07.433 [main] ERROR  - 
  _____   ___   ___   _____     ___     _     ___   _      ___   ___  
 |_   _| | __| / __| |_   _|   | __|   /_\   |_ _| | |    | __| |   \ 
   | |   | _|  \__ \   | |     | _|   / _ \   | |  | |__  | _|  | |) |
   |_|   |___| |___/   |_|     |_|   /_/ \_\ |___| |____| |___| |___/ 

user bisa membayar produk yang diinginkan
-----------------------------------------------------------------------
00:51:07.436 [main] DEBUG  - RELATED ISSUES: 
00:51:07.439 [main] ERROR  -     Test failed at step: Di homepage kembali
00:51:07.439 [main] ERROR  -     Element should be visible
00:51:07.444 [AsyncHttpClient-1-5] DEBUG org.asynchttpclient.netty.handler.WebSocketHandler - Channel Closed: [id: 0xf4888713, L:/127.0.0.1:60112 ! R:localhost/127.0.0.1:60106] with attribute NettyResponseFuture{currentRetry=0,
	isDone=1,
	isCancelled=0,
	asyncHandler=org.asynchttpclient.ws.WebSocketUpgradeHandler@1eec595a,
	nettyRequest=org.asynchttpclient.netty.request.NettyRequest@47140dd9,
	future=java.util.concurrent.CompletableFuture@ab698ab[Completed normally],
	uri=ws://localhost:60106/devtools/browser/1e3d1810-8805-4f8c-9b1d-91761dcddd66,
	keepAlive=true,
	redirectCount=0,
	timeoutsHolder=null,
	inAuth=0,
	touch=1683654653433}
00:51:07.444 [AsyncHttpClient-1-5] DEBUG org.asynchttpclient.netty.channel.ChannelManager - Closing Channel [id: 0xf4888713, L:/127.0.0.1:60112 ! R:localhost/127.0.0.1:60106] 
00:51:07.445 [Driver Command Executor] DEBUG org.asynchttpclient.netty.request.NettyRequestSender - Using pooled Channel '[id: 0xd5399c0b, L:/127.0.0.1:60105 - R:localhost/127.0.0.1:33209]' for 'DELETE' to 'http://localhost:33209/session/40e55b6100d500abb0ccd5487a0fa1fd'
00:51:07.445 [Driver Command Executor] DEBUG org.asynchttpclient.netty.request.NettyRequestSender - Using open Channel [id: 0xd5399c0b, L:/127.0.0.1:60105 - R:localhost/127.0.0.1:33209] for DELETE '/session/40e55b6100d500abb0ccd5487a0fa1fd'
00:51:07.508 [AsyncHttpClient-1-4] DEBUG org.asynchttpclient.netty.handler.HttpHandler - Unexpected I/O exception on channel [id: 0x3266be48, L:/127.0.0.1:60111 - R:localhost/127.0.0.1:60106]
java.net.SocketException: Connection reset
	at java.base/sun.nio.ch.SocketChannelImpl.throwConnectionReset(SocketChannelImpl.java:401)
	at java.base/sun.nio.ch.SocketChannelImpl.read(SocketChannelImpl.java:434)
	at io.netty.buffer.PooledByteBuf.setBytes(PooledByteBuf.java:259)
	at io.netty.buffer.AbstractByteBuf.writeBytes(AbstractByteBuf.java:1132)
	at io.netty.channel.socket.nio.NioSocketChannel.doReadBytes(NioSocketChannel.java:357)
	at io.netty.channel.nio.AbstractNioByteChannel$NioByteUnsafe.read(AbstractNioByteChannel.java:151)
	at io.netty.channel.nio.NioEventLoop.processSelectedKey(NioEventLoop.java:788)
	at io.netty.channel.nio.NioEventLoop.processSelectedKeysOptimized(NioEventLoop.java:724)
	at io.netty.channel.nio.NioEventLoop.processSelectedKeys(NioEventLoop.java:650)
	at io.netty.channel.nio.NioEventLoop.run(NioEventLoop.java:562)
	at io.netty.util.concurrent.SingleThreadEventExecutor$4.run(SingleThreadEventExecutor.java:997)
	at io.netty.util.internal.ThreadExecutorMap$2.run(ThreadExecutorMap.java:74)
	at io.netty.util.concurrent.FastThreadLocalRunnable.run(FastThreadLocalRunnable.java:30)
	at java.base/java.lang.Thread.run(Thread.java:1589)
00:51:07.509 [AsyncHttpClient-1-4] DEBUG org.asynchttpclient.netty.channel.ChannelManager - Closing Channel [id: 0x3266be48, L:/127.0.0.1:60111 - R:localhost/127.0.0.1:60106] 
00:51:07.509 [AsyncHttpClient-1-4] DEBUG org.asynchttpclient.netty.handler.HttpHandler - Channel Closed: [id: 0x3266be48, L:/127.0.0.1:60111 ! R:localhost/127.0.0.1:60106] with attribute DISCARD
00:51:07.537 [AsyncHttpClient-1-3] DEBUG org.asynchttpclient.netty.handler.HttpHandler - 

Request DefaultFullHttpRequest(decodeResult: success, version: HTTP/1.1, content: EmptyByteBufBE)
DELETE /session/40e55b6100d500abb0ccd5487a0fa1fd HTTP/1.1
User-Agent: selenium/4.7.1 (java windows)
Content-Type: application/json; charset=utf-8
host: localhost:33209
accept: */*

Response DefaultHttpResponse(decodeResult: success, version: HTTP/1.1)
HTTP/1.1 200 OK
Content-Type: application/json; charset=utf-8
cache-control: no-cache
content-length: 14

00:51:07.537 [AsyncHttpClient-1-3] DEBUG org.asynchttpclient.netty.channel.ChannelManager - Adding key: http://localhost:33209 for channel [id: 0xd5399c0b, L:/127.0.0.1:60105 - R:localhost/127.0.0.1:33209]
00:51:07.675 [AsyncHttpClient-1-3] DEBUG org.asynchttpclient.netty.handler.HttpHandler - Channel Closed: [id: 0xd5399c0b, L:/127.0.0.1:60105 ! R:localhost/127.0.0.1:33209] with attribute DISCARD
]]></system-out>
    <system-err><![CDATA[Starting ChromeDriver 112.0.5615.49 (bd2a7bcb881c11e8cfe3078709382934e3916914-refs/branch-heads/5615@{#936}) on port 33209
Only local connections are allowed.
Please see https://chromedriver.chromium.org/security-considerations for suggestions on keeping ChromeDriver safe.
ChromeDriver was started successfully.
May 10, 2023 12:50:53 AM org.openqa.selenium.devtools.CdpVersionFinder findNearestMatch
WARNING: Unable to find an exact match for CDP version 112, so returning the closest version found: 108
]]></system-err>
  </testcase>
  <testcase name="user bisa melakukan pencarian produk dari listdown categories" classname="Transaksi" time="16.414">
    <system-out><![CDATA[
@AS16-positive
Scenario: user bisa melakukan pencarian produk dari listdown categories   &amp#27;[90m# src/test/resources/features/3. Transaksi.feature:14&amp#27;[0m
00:51:07.741 [main] INFO io.cucumber.core.plugin.SerenityReporter - Running feature from file:///C:/Users/HP/Downloads/Mini-Project-QA/ALTASHOP%20WEB%20AUTOMATION/src/test/resources/features/3.%20Transaksi.feature
00:51:07.744 [main] INFO  - 
  _____   ___   ___   _____     ___   _____     _     ___   _____   ___   ___  
 |_   _| | __| / __| |_   _|   / __| |_   _|   /_\   | _ \ |_   _| | __| |   \ 
   | |   | _|  \__ \   | |     \__ \   | |    / _ \  |   /   | |   | _|  | |) |
   |_|   |___| |___/   |_|     |___/   |_|   /_/ \_\ |_|_\   |_|   |___| |___/ 

user bisa melakukan pencarian produk dari listdown categories(transaksi;user-bisa-melakukan-pencarian-produk-dari-listdown-categories)
--------------------------------------------------------------------------------
00:51:07.787 [main] DEBUG net.thucydides.core.steps.StepInterceptor - STARTING STEP: TransaksiSteps.userBeradaDiHomepageAltaShopDanLoginAkun - diHomepageAltaShop
00:51:07.923 [main] INFO net.serenitybdd.core.webdriver.driverproviders.ChromeDriverProvider - Starting Chrome driver instance with capabilities:
00:51:07.924 [main] INFO net.serenitybdd.core.webdriver.driverproviders.ChromeDriverProvider - Capabilities {acceptInsecureCerts: true, browserName: chrome, goog:chromeOptions: {args: [remote-allow-origins=*, test-type, no-sandbox, ignore-certificate-errors, start-maximized, incognito, disable-infobars, disable-gpu, disable-default-apps, disable-popup-blocking, remote-allow-origins=*, test-type, no-sandbox, ignore-certificate-errors, start-maximized, incognito, disable-infobars, disable-gpu, disable-default-apps, disable-popup-blocking], extensions: []}}
00:51:08.091 [AsyncHttpClient-1-6] DEBUG org.asynchttpclient.netty.channel.NettyConnectListener - Using new Channel '[id: 0xeb4ec9fb, L:/127.0.0.1:60142 - R:localhost/127.0.0.1:44618]' for 'POST' to '/session'
00:51:08.237 [AsyncHttpClient-1-1] DEBUG org.asynchttpclient.netty.channel.DefaultChannelPool - Entry count for : http://localhost:33209 : 1
00:51:08.237 [AsyncHttpClient-1-1] DEBUG org.asynchttpclient.netty.channel.DefaultChannelPool - Entry count for : http://localhost:60106 : 1
00:51:08.237 [AsyncHttpClient-1-1] DEBUG org.asynchttpclient.netty.channel.DefaultChannelPool - Adding Candidate expired Channel [id: 0xd5399c0b, L:/127.0.0.1:60105 ! R:localhost/127.0.0.1:33209] isIdleTimeoutExpired=false isRemotelyClosed=true isTtlExpired=false
00:51:08.237 [AsyncHttpClient-1-1] DEBUG org.asynchttpclient.netty.channel.DefaultChannelPool - Closing Idle Channel [id: 0xd5399c0b, L:/127.0.0.1:60105 ! R:localhost/127.0.0.1:33209]
00:51:08.237 [AsyncHttpClient-1-1] DEBUG org.asynchttpclient.netty.channel.DefaultChannelPool - Adding Candidate expired Channel [id: 0x3266be48, L:/127.0.0.1:60111 ! R:localhost/127.0.0.1:60106] isIdleTimeoutExpired=false isRemotelyClosed=true isTtlExpired=false
00:51:08.237 [AsyncHttpClient-1-1] DEBUG org.asynchttpclient.netty.channel.DefaultChannelPool - Closing Idle Channel [id: 0x3266be48, L:/127.0.0.1:60111 ! R:localhost/127.0.0.1:60106]
00:51:08.237 [AsyncHttpClient-1-1] DEBUG org.asynchttpclient.netty.channel.DefaultChannelPool - Closed 2 connections out of 2 in 0 ms
00:51:09.008 [AsyncHttpClient-1-6] DEBUG org.asynchttpclient.netty.handler.HttpHandler - 

Request DefaultHttpRequest(decodeResult: success, version: HTTP/1.1)
POST /session HTTP/1.1
User-Agent: selenium/4.7.1 (java windows)
Content-Length: 1629
Content-Type: application/json; charset=utf-8
host: localhost:44618
accept: */*

Response DefaultHttpResponse(decodeResult: success, version: HTTP/1.1)
HTTP/1.1 200 OK
Content-Type: application/json; charset=utf-8
cache-control: no-cache
content-length: 855

00:51:09.008 [AsyncHttpClient-1-6] DEBUG org.asynchttpclient.netty.channel.ChannelManager - Adding key: http://localhost:44618 for channel [id: 0xeb4ec9fb, L:/127.0.0.1:60142 - R:localhost/127.0.0.1:44618]
00:51:09.017 [AsyncHttpClient-1-7] DEBUG org.asynchttpclient.netty.channel.NettyConnectListener - Using new Channel '[id: 0x8053b388, L:/127.0.0.1:60148 - R:localhost/127.0.0.1:60143]' for 'GET' to '/json/version'
00:51:09.018 [AsyncHttpClient-1-7] DEBUG org.asynchttpclient.netty.handler.HttpHandler - 

Request DefaultFullHttpRequest(decodeResult: success, version: HTTP/1.1, content: EmptyByteBufBE)
GET /json/version HTTP/1.1
User-Agent: selenium/4.7.1 (java windows)
host: localhost:60143
accept: */*

Response DefaultHttpResponse(decodeResult: success, version: HTTP/1.1)
HTTP/1.1 200 OK
Content-Security-Policy: frame-ancestors 'none'
Content-Type: application/json; charset=UTF-8
content-length: 424

00:51:09.018 [AsyncHttpClient-1-7] DEBUG org.asynchttpclient.netty.channel.ChannelManager - Adding key: http://localhost:60143 for channel [id: 0x8053b388, L:/127.0.0.1:60148 - R:localhost/127.0.0.1:60143]
00:51:09.021 [AsyncHttpClient-1-8] DEBUG org.asynchttpclient.netty.channel.NettyConnectListener - Using new Channel '[id: 0x95fe75b9, L:/127.0.0.1:60149 - R:localhost/127.0.0.1:60143]' for 'GET' to '/devtools/browser/fbe76a33-4266-47d8-bc23-c1d80d6dd6bc'
00:51:09.022 [AsyncHttpClient-1-8] DEBUG org.asynchttpclient.netty.handler.WebSocketHandler - 

Request DefaultFullHttpRequest(decodeResult: success, version: HTTP/1.1, content: EmptyByteBufBE)
GET /devtools/browser/fbe76a33-4266-47d8-bc23-c1d80d6dd6bc HTTP/1.1
upgrade: websocket
connection: upgrade
sec-websocket-key: BFCfQjrodT0VrLLX+b16kw==
sec-websocket-version: 13
origin: http://localhost:60143
host: localhost:60143
accept: */*
user-agent: AHC/2.1

Response DefaultHttpResponse(decodeResult: success, version: HTTP/1.1)
HTTP/1.1 101 WebSocket Protocol Handshake
Upgrade: WebSocket
Connection: Upgrade
Sec-WebSocket-Accept: RVebUeBgJFN2W6HY0XcL5m2AVJQ=

00:51:09.031 [Forwarding get on session 50f237672399725ed5ea53314edf5d8a to remote] DEBUG org.asynchttpclient.netty.request.NettyRequestSender - Using pooled Channel '[id: 0xeb4ec9fb, L:/127.0.0.1:60142 - R:localhost/127.0.0.1:44618]' for 'POST' to 'http://localhost:44618/session/50f237672399725ed5ea53314edf5d8a/url'
00:51:09.031 [Forwarding get on session 50f237672399725ed5ea53314edf5d8a to remote] DEBUG org.asynchttpclient.netty.request.NettyRequestSender - Using open Channel [id: 0xeb4ec9fb, L:/127.0.0.1:60142 - R:localhost/127.0.0.1:44618] for POST '/session/50f237672399725ed5ea53314edf5d8a/url'
00:51:09.340 [AsyncHttpClient-1-1] DEBUG org.asynchttpclient.netty.channel.DefaultChannelPool - Entry count for : http://localhost:60143 : 1
00:51:10.437 [AsyncHttpClient-1-1] DEBUG org.asynchttpclient.netty.channel.DefaultChannelPool - Entry count for : http://localhost:60143 : 1
00:51:11.530 [AsyncHttpClient-1-1] DEBUG org.asynchttpclient.netty.channel.DefaultChannelPool - Entry count for : http://localhost:60143 : 1
00:51:12.629 [AsyncHttpClient-1-1] DEBUG org.asynchttpclient.netty.channel.DefaultChannelPool - Entry count for : http://localhost:60143 : 1
00:51:12.734 [AsyncHttpClient-1-6] DEBUG org.asynchttpclient.netty.handler.HttpHandler - 

Request DefaultHttpRequest(decodeResult: success, version: HTTP/1.1)
POST /session/50f237672399725ed5ea53314edf5d8a/url HTTP/1.1
User-Agent: selenium/4.7.1 (java windows)
Content-Length: 59
Content-Type: application/json; charset=utf-8
host: localhost:44618
accept: */*

Response DefaultHttpResponse(decodeResult: success, version: HTTP/1.1)
HTTP/1.1 200 OK
Content-Type: application/json; charset=utf-8
cache-control: no-cache
content-length: 14

00:51:12.734 [AsyncHttpClient-1-6] DEBUG org.asynchttpclient.netty.channel.ChannelManager - Adding key: http://localhost:44618 for channel [id: 0xeb4ec9fb, L:/127.0.0.1:60142 - R:localhost/127.0.0.1:44618]
00:51:12.735 [Forwarding setTimeout on session 50f237672399725ed5ea53314edf5d8a to remote] DEBUG org.asynchttpclient.netty.request.NettyRequestSender - Using pooled Channel '[id: 0xeb4ec9fb, L:/127.0.0.1:60142 - R:localhost/127.0.0.1:44618]' for 'POST' to 'http://localhost:44618/session/50f237672399725ed5ea53314edf5d8a/timeouts'
00:51:12.735 [Forwarding setTimeout on session 50f237672399725ed5ea53314edf5d8a to remote] DEBUG org.asynchttpclient.netty.request.NettyRequestSender - Using open Channel [id: 0xeb4ec9fb, L:/127.0.0.1:60142 - R:localhost/127.0.0.1:44618] for POST '/session/50f237672399725ed5ea53314edf5d8a/timeouts'
00:51:12.737 [AsyncHttpClient-1-6] DEBUG org.asynchttpclient.netty.handler.HttpHandler - 

Request DefaultHttpRequest(decodeResult: success, version: HTTP/1.1)
POST /session/50f237672399725ed5ea53314edf5d8a/timeouts HTTP/1.1
User-Agent: selenium/4.7.1 (java windows)
Content-Length: 22
Content-Type: application/json; charset=utf-8
host: localhost:44618
accept: */*

Response DefaultHttpResponse(decodeResult: success, version: HTTP/1.1)
HTTP/1.1 200 OK
Content-Type: application/json; charset=utf-8
cache-control: no-cache
content-length: 14

00:51:12.737 [AsyncHttpClient-1-6] DEBUG org.asynchttpclient.netty.channel.ChannelManager - Adding key: http://localhost:44618 for channel [id: 0xeb4ec9fb, L:/127.0.0.1:60142 - R:localhost/127.0.0.1:44618]
00:51:12.742 [Forwarding getCurrentUrl on session 50f237672399725ed5ea53314edf5d8a to remote] DEBUG org.asynchttpclient.netty.request.NettyRequestSender - Using pooled Channel '[id: 0xeb4ec9fb, L:/127.0.0.1:60142 - R:localhost/127.0.0.1:44618]' for 'GET' to 'http://localhost:44618/session/50f237672399725ed5ea53314edf5d8a/url'
00:51:12.742 [Forwarding getCurrentUrl on session 50f237672399725ed5ea53314edf5d8a to remote] DEBUG org.asynchttpclient.netty.request.NettyRequestSender - Using open Channel [id: 0xeb4ec9fb, L:/127.0.0.1:60142 - R:localhost/127.0.0.1:44618] for GET '/session/50f237672399725ed5ea53314edf5d8a/url'
00:51:12.748 [AsyncHttpClient-1-6] DEBUG org.asynchttpclient.netty.handler.HttpHandler - 

Request DefaultFullHttpRequest(decodeResult: success, version: HTTP/1.1, content: EmptyByteBufBE)
GET /session/50f237672399725ed5ea53314edf5d8a/url HTTP/1.1
User-Agent: selenium/4.7.1 (java windows)
Cache-Control: no-cache
Content-Type: application/json; charset=utf-8
host: localhost:44618
accept: */*

Response DefaultHttpResponse(decodeResult: success, version: HTTP/1.1)
HTTP/1.1 200 OK
Content-Type: application/json; charset=utf-8
cache-control: no-cache
content-length: 41

00:51:12.748 [AsyncHttpClient-1-6] DEBUG org.asynchttpclient.netty.channel.ChannelManager - Adding key: http://localhost:44618 for channel [id: 0xeb4ec9fb, L:/127.0.0.1:60142 - R:localhost/127.0.0.1:44618]
00:51:12.750 [Forwarding getCurrentUrl on session 50f237672399725ed5ea53314edf5d8a to remote] DEBUG org.asynchttpclient.netty.request.NettyRequestSender - Using pooled Channel '[id: 0xeb4ec9fb, L:/127.0.0.1:60142 - R:localhost/127.0.0.1:44618]' for 'GET' to 'http://localhost:44618/session/50f237672399725ed5ea53314edf5d8a/url'
00:51:12.751 [Forwarding getCurrentUrl on session 50f237672399725ed5ea53314edf5d8a to remote] DEBUG org.asynchttpclient.netty.request.NettyRequestSender - Using open Channel [id: 0xeb4ec9fb, L:/127.0.0.1:60142 - R:localhost/127.0.0.1:44618] for GET '/session/50f237672399725ed5ea53314edf5d8a/url'
00:51:12.755 [AsyncHttpClient-1-6] DEBUG org.asynchttpclient.netty.handler.HttpHandler - 

Request DefaultFullHttpRequest(decodeResult: success, version: HTTP/1.1, content: EmptyByteBufBE)
GET /session/50f237672399725ed5ea53314edf5d8a/url HTTP/1.1
User-Agent: selenium/4.7.1 (java windows)
Cache-Control: no-cache
Content-Type: application/json; charset=utf-8
host: localhost:44618
accept: */*

Response DefaultHttpResponse(decodeResult: success, version: HTTP/1.1)
HTTP/1.1 200 OK
Content-Type: application/json; charset=utf-8
cache-control: no-cache
content-length: 41

00:51:12.755 [AsyncHttpClient-1-6] DEBUG org.asynchttpclient.netty.channel.ChannelManager - Adding key: http://localhost:44618 for channel [id: 0xeb4ec9fb, L:/127.0.0.1:60142 - R:localhost/127.0.0.1:44618]
00:51:12.758 [Forwarding findElement on session 50f237672399725ed5ea53314edf5d8a to remote] DEBUG org.asynchttpclient.netty.request.NettyRequestSender - Using pooled Channel '[id: 0xeb4ec9fb, L:/127.0.0.1:60142 - R:localhost/127.0.0.1:44618]' for 'POST' to 'http://localhost:44618/session/50f237672399725ed5ea53314edf5d8a/element'
00:51:12.758 [Forwarding findElement on session 50f237672399725ed5ea53314edf5d8a to remote] DEBUG org.asynchttpclient.netty.request.NettyRequestSender - Using open Channel [id: 0xeb4ec9fb, L:/127.0.0.1:60142 - R:localhost/127.0.0.1:44618] for POST '/session/50f237672399725ed5ea53314edf5d8a/element'
00:51:12.772 [AsyncHttpClient-1-6] DEBUG org.asynchttpclient.netty.handler.HttpHandler - 

Request DefaultHttpRequest(decodeResult: success, version: HTTP/1.1)
POST /session/50f237672399725ed5ea53314edf5d8a/element HTTP/1.1
User-Agent: selenium/4.7.1 (java windows)
Content-Length: 108
Content-Type: application/json; charset=utf-8
host: localhost:44618
accept: */*

Response DefaultHttpResponse(decodeResult: success, version: HTTP/1.1)
HTTP/1.1 200 OK
Content-Type: application/json; charset=utf-8
cache-control: no-cache
content-length: 88

00:51:12.773 [AsyncHttpClient-1-6] DEBUG org.asynchttpclient.netty.channel.ChannelManager - Adding key: http://localhost:44618 for channel [id: 0xeb4ec9fb, L:/127.0.0.1:60142 - R:localhost/127.0.0.1:44618]
00:51:12.776 [Forwarding isElementDisplayed on session 50f237672399725ed5ea53314edf5d8a to remote] DEBUG org.asynchttpclient.netty.request.NettyRequestSender - Using pooled Channel '[id: 0xeb4ec9fb, L:/127.0.0.1:60142 - R:localhost/127.0.0.1:44618]' for 'POST' to 'http://localhost:44618/session/50f237672399725ed5ea53314edf5d8a/execute/sync'
00:51:12.776 [Forwarding isElementDisplayed on session 50f237672399725ed5ea53314edf5d8a to remote] DEBUG org.asynchttpclient.netty.request.NettyRequestSender - Using open Channel [id: 0xeb4ec9fb, L:/127.0.0.1:60142 - R:localhost/127.0.0.1:44618] for POST '/session/50f237672399725ed5ea53314edf5d8a/execute/sync'
00:51:12.793 [AsyncHttpClient-1-6] DEBUG org.asynchttpclient.netty.handler.HttpHandler - 

Request DefaultHttpRequest(decodeResult: success, version: HTTP/1.1)
POST /session/50f237672399725ed5ea53314edf5d8a/execute/sync HTTP/1.1
User-Agent: selenium/4.7.1 (java windows)
Content-Length: 48780
Content-Type: application/json; charset=utf-8
host: localhost:44618
accept: */*

Response DefaultHttpResponse(decodeResult: success, version: HTTP/1.1)
HTTP/1.1 200 OK
Content-Type: application/json; charset=utf-8
cache-control: no-cache
content-length: 14

00:51:12.793 [AsyncHttpClient-1-6] DEBUG org.asynchttpclient.netty.channel.ChannelManager - Adding key: http://localhost:44618 for channel [id: 0xeb4ec9fb, L:/127.0.0.1:60142 - R:localhost/127.0.0.1:44618]
00:51:12.796 [Forwarding isElementDisplayed on session 50f237672399725ed5ea53314edf5d8a to remote] DEBUG org.asynchttpclient.netty.request.NettyRequestSender - Using pooled Channel '[id: 0xeb4ec9fb, L:/127.0.0.1:60142 - R:localhost/127.0.0.1:44618]' for 'POST' to 'http://localhost:44618/session/50f237672399725ed5ea53314edf5d8a/execute/sync'
00:51:12.796 [Forwarding isElementDisplayed on session 50f237672399725ed5ea53314edf5d8a to remote] DEBUG org.asynchttpclient.netty.request.NettyRequestSender - Using open Channel [id: 0xeb4ec9fb, L:/127.0.0.1:60142 - R:localhost/127.0.0.1:44618] for POST '/session/50f237672399725ed5ea53314edf5d8a/execute/sync'
00:51:12.811 [AsyncHttpClient-1-6] DEBUG org.asynchttpclient.netty.handler.HttpHandler - 

Request DefaultHttpRequest(decodeResult: success, version: HTTP/1.1)
POST /session/50f237672399725ed5ea53314edf5d8a/execute/sync HTTP/1.1
User-Agent: selenium/4.7.1 (java windows)
Content-Length: 48780
Content-Type: application/json; charset=utf-8
host: localhost:44618
accept: */*

Response DefaultHttpResponse(decodeResult: success, version: HTTP/1.1)
HTTP/1.1 200 OK
Content-Type: application/json; charset=utf-8
cache-control: no-cache
content-length: 14

00:51:12.811 [AsyncHttpClient-1-6] DEBUG org.asynchttpclient.netty.channel.ChannelManager - Adding key: http://localhost:44618 for channel [id: 0xeb4ec9fb, L:/127.0.0.1:60142 - R:localhost/127.0.0.1:44618]
00:51:12.816 [Forwarding getCurrentWindowHandle on session 50f237672399725ed5ea53314edf5d8a to remote] DEBUG org.asynchttpclient.netty.request.NettyRequestSender - Using pooled Channel '[id: 0xeb4ec9fb, L:/127.0.0.1:60142 - R:localhost/127.0.0.1:44618]' for 'GET' to 'http://localhost:44618/session/50f237672399725ed5ea53314edf5d8a/window'
00:51:12.816 [Forwarding getCurrentWindowHandle on session 50f237672399725ed5ea53314edf5d8a to remote] DEBUG org.asynchttpclient.netty.request.NettyRequestSender - Using open Channel [id: 0xeb4ec9fb, L:/127.0.0.1:60142 - R:localhost/127.0.0.1:44618] for GET '/session/50f237672399725ed5ea53314edf5d8a/window'
00:51:12.817 [AsyncHttpClient-1-6] DEBUG org.asynchttpclient.netty.handler.HttpHandler - 

Request DefaultFullHttpRequest(decodeResult: success, version: HTTP/1.1, content: EmptyByteBufBE)
GET /session/50f237672399725ed5ea53314edf5d8a/window HTTP/1.1
User-Agent: selenium/4.7.1 (java windows)
Cache-Control: no-cache
Content-Type: application/json; charset=utf-8
host: localhost:44618
accept: */*

Response DefaultHttpResponse(decodeResult: success, version: HTTP/1.1)
HTTP/1.1 200 OK
Content-Type: application/json; charset=utf-8
cache-control: no-cache
content-length: 44

00:51:12.817 [AsyncHttpClient-1-6] DEBUG org.asynchttpclient.netty.channel.ChannelManager - Adding key: http://localhost:44618 for channel [id: 0xeb4ec9fb, L:/127.0.0.1:60142 - R:localhost/127.0.0.1:44618]
00:51:12.819 [Forwarding getAlertText on session 50f237672399725ed5ea53314edf5d8a to remote] DEBUG org.asynchttpclient.netty.request.NettyRequestSender - Using pooled Channel '[id: 0xeb4ec9fb, L:/127.0.0.1:60142 - R:localhost/127.0.0.1:44618]' for 'GET' to 'http://localhost:44618/session/50f237672399725ed5ea53314edf5d8a/alert/text'
00:51:12.819 [Forwarding getAlertText on session 50f237672399725ed5ea53314edf5d8a to remote] DEBUG org.asynchttpclient.netty.request.NettyRequestSender - Using open Channel [id: 0xeb4ec9fb, L:/127.0.0.1:60142 - R:localhost/127.0.0.1:44618] for GET '/session/50f237672399725ed5ea53314edf5d8a/alert/text'
00:51:12.821 [AsyncHttpClient-1-6] DEBUG org.asynchttpclient.netty.handler.HttpHandler - 

Request DefaultFullHttpRequest(decodeResult: success, version: HTTP/1.1, content: EmptyByteBufBE)
GET /session/50f237672399725ed5ea53314edf5d8a/alert/text HTTP/1.1
User-Agent: selenium/4.7.1 (java windows)
Cache-Control: no-cache
Content-Type: application/json; charset=utf-8
host: localhost:44618
accept: */*

Response DefaultHttpResponse(decodeResult: success, version: HTTP/1.1)
HTTP/1.1 404 Not Found
Content-Type: application/json; charset=utf-8
cache-control: no-cache
content-length: 849

00:51:12.822 [AsyncHttpClient-1-6] DEBUG org.asynchttpclient.netty.channel.ChannelManager - Adding key: http://localhost:44618 for channel [id: 0xeb4ec9fb, L:/127.0.0.1:60142 - R:localhost/127.0.0.1:44618]
00:51:12.824 [Forwarding switchToWindow on session 50f237672399725ed5ea53314edf5d8a to remote] DEBUG org.asynchttpclient.netty.request.NettyRequestSender - Using pooled Channel '[id: 0xeb4ec9fb, L:/127.0.0.1:60142 - R:localhost/127.0.0.1:44618]' for 'POST' to 'http://localhost:44618/session/50f237672399725ed5ea53314edf5d8a/window'
00:51:12.824 [Forwarding switchToWindow on session 50f237672399725ed5ea53314edf5d8a to remote] DEBUG org.asynchttpclient.netty.request.NettyRequestSender - Using open Channel [id: 0xeb4ec9fb, L:/127.0.0.1:60142 - R:localhost/127.0.0.1:44618] for POST '/session/50f237672399725ed5ea53314edf5d8a/window'
00:51:12.826 [AsyncHttpClient-1-6] DEBUG org.asynchttpclient.netty.handler.HttpHandler - 

Request DefaultHttpRequest(decodeResult: success, version: HTTP/1.1)
POST /session/50f237672399725ed5ea53314edf5d8a/window HTTP/1.1
User-Agent: selenium/4.7.1 (java windows)
Content-Length: 50
Content-Type: application/json; charset=utf-8
host: localhost:44618
accept: */*

Response DefaultHttpResponse(decodeResult: success, version: HTTP/1.1)
HTTP/1.1 200 OK
Content-Type: application/json; charset=utf-8
cache-control: no-cache
content-length: 14

00:51:12.826 [AsyncHttpClient-1-6] DEBUG org.asynchttpclient.netty.channel.ChannelManager - Adding key: http://localhost:44618 for channel [id: 0xeb4ec9fb, L:/127.0.0.1:60142 - R:localhost/127.0.0.1:44618]
00:51:12.827 [Forwarding getCurrentUrl on session 50f237672399725ed5ea53314edf5d8a to remote] DEBUG org.asynchttpclient.netty.request.NettyRequestSender - Using pooled Channel '[id: 0xeb4ec9fb, L:/127.0.0.1:60142 - R:localhost/127.0.0.1:44618]' for 'GET' to 'http://localhost:44618/session/50f237672399725ed5ea53314edf5d8a/url'
00:51:12.827 [Forwarding getCurrentUrl on session 50f237672399725ed5ea53314edf5d8a to remote] DEBUG org.asynchttpclient.netty.request.NettyRequestSender - Using open Channel [id: 0xeb4ec9fb, L:/127.0.0.1:60142 - R:localhost/127.0.0.1:44618] for GET '/session/50f237672399725ed5ea53314edf5d8a/url'
00:51:13.728 [AsyncHttpClient-1-1] DEBUG org.asynchttpclient.netty.channel.DefaultChannelPool - Entry count for : http://localhost:60143 : 1
00:51:14.828 [AsyncHttpClient-1-1] DEBUG org.asynchttpclient.netty.channel.DefaultChannelPool - Entry count for : http://localhost:60143 : 1
00:51:15.930 [AsyncHttpClient-1-1] DEBUG org.asynchttpclient.netty.channel.DefaultChannelPool - Entry count for : http://localhost:60143 : 1
00:51:15.986 [AsyncHttpClient-1-6] DEBUG org.asynchttpclient.netty.handler.HttpHandler - 

Request DefaultFullHttpRequest(decodeResult: success, version: HTTP/1.1, content: EmptyByteBufBE)
GET /session/50f237672399725ed5ea53314edf5d8a/url HTTP/1.1
User-Agent: selenium/4.7.1 (java windows)
Cache-Control: no-cache
Content-Type: application/json; charset=utf-8
host: localhost:44618
accept: */*

Response DefaultHttpResponse(decodeResult: success, version: HTTP/1.1)
HTTP/1.1 200 OK
Content-Type: application/json; charset=utf-8
cache-control: no-cache
content-length: 41

00:51:15.986 [AsyncHttpClient-1-6] DEBUG org.asynchttpclient.netty.channel.ChannelManager - Adding key: http://localhost:44618 for channel [id: 0xeb4ec9fb, L:/127.0.0.1:60142 - R:localhost/127.0.0.1:44618]
00:51:15.986 [Forwarding screenshot on session 50f237672399725ed5ea53314edf5d8a to remote] DEBUG org.asynchttpclient.netty.request.NettyRequestSender - Using pooled Channel '[id: 0xeb4ec9fb, L:/127.0.0.1:60142 - R:localhost/127.0.0.1:44618]' for 'GET' to 'http://localhost:44618/session/50f237672399725ed5ea53314edf5d8a/screenshot'
00:51:15.986 [Forwarding screenshot on session 50f237672399725ed5ea53314edf5d8a to remote] DEBUG org.asynchttpclient.netty.request.NettyRequestSender - Using open Channel [id: 0xeb4ec9fb, L:/127.0.0.1:60142 - R:localhost/127.0.0.1:44618] for GET '/session/50f237672399725ed5ea53314edf5d8a/screenshot'
00:51:16.088 [AsyncHttpClient-1-6] DEBUG org.asynchttpclient.netty.handler.HttpHandler - 

Request DefaultFullHttpRequest(decodeResult: success, version: HTTP/1.1, content: EmptyByteBufBE)
GET /session/50f237672399725ed5ea53314edf5d8a/screenshot HTTP/1.1
User-Agent: selenium/4.7.1 (java windows)
Cache-Control: no-cache
Content-Type: application/json; charset=utf-8
host: localhost:44618
accept: */*

Response DefaultHttpResponse(decodeResult: success, version: HTTP/1.1)
HTTP/1.1 200 OK
Content-Type: application/json; charset=utf-8
cache-control: no-cache
content-length: 92700

00:51:16.088 [AsyncHttpClient-1-6] DEBUG org.asynchttpclient.netty.channel.ChannelManager - Adding key: http://localhost:44618 for channel [id: 0xeb4ec9fb, L:/127.0.0.1:60142 - R:localhost/127.0.0.1:44618]
00:51:16.091 [main] DEBUG net.serenitybdd.core.photography.Darkroom - Send negative for processing for target\site\serenity\07df31fe5a4ce387b976f6ad0a338612bfd946142790bc2867c78f6597d96b36.png
00:51:16.091 [main] DEBUG net.thucydides.core.steps.StepInterceptor - STEP DONE: diHomepageAltaShop
00:51:16.094 [main] DEBUG net.thucydides.core.steps.StepInterceptor - STARTING STEP: TransaksiSteps.userBeradaDiHomepageAltaShopDanLoginAkun - klikButtonLogin
00:51:16.096 [Forwarding findElement on session 50f237672399725ed5ea53314edf5d8a to remote] DEBUG org.asynchttpclient.netty.request.NettyRequestSender - Using pooled Channel '[id: 0xeb4ec9fb, L:/127.0.0.1:60142 - R:localhost/127.0.0.1:44618]' for 'POST' to 'http://localhost:44618/session/50f237672399725ed5ea53314edf5d8a/element'
00:51:16.097 [Forwarding findElement on session 50f237672399725ed5ea53314edf5d8a to remote] DEBUG org.asynchttpclient.netty.request.NettyRequestSender - Using open Channel [id: 0xeb4ec9fb, L:/127.0.0.1:60142 - R:localhost/127.0.0.1:44618] for POST '/session/50f237672399725ed5ea53314edf5d8a/element'
00:51:16.117 [AsyncHttpClient-1-6] DEBUG org.asynchttpclient.netty.handler.HttpHandler - 

Request DefaultHttpRequest(decodeResult: success, version: HTTP/1.1)
POST /session/50f237672399725ed5ea53314edf5d8a/element HTTP/1.1
User-Agent: selenium/4.7.1 (java windows)
Content-Length: 108
Content-Type: application/json; charset=utf-8
host: localhost:44618
accept: */*

Response DefaultHttpResponse(decodeResult: success, version: HTTP/1.1)
HTTP/1.1 200 OK
Content-Type: application/json; charset=utf-8
cache-control: no-cache
content-length: 88

00:51:16.118 [AsyncHttpClient-1-6] DEBUG org.asynchttpclient.netty.channel.ChannelManager - Adding key: http://localhost:44618 for channel [id: 0xeb4ec9fb, L:/127.0.0.1:60142 - R:localhost/127.0.0.1:44618]
00:51:16.119 [Forwarding getElementTagName on session 50f237672399725ed5ea53314edf5d8a to remote] DEBUG org.asynchttpclient.netty.request.NettyRequestSender - Using pooled Channel '[id: 0xeb4ec9fb, L:/127.0.0.1:60142 - R:localhost/127.0.0.1:44618]' for 'GET' to 'http://localhost:44618/session/50f237672399725ed5ea53314edf5d8a/element/a7b9b44d-c877-49b0-9360-6079adbb06c7/name'
00:51:16.119 [Forwarding getElementTagName on session 50f237672399725ed5ea53314edf5d8a to remote] DEBUG org.asynchttpclient.netty.request.NettyRequestSender - Using open Channel [id: 0xeb4ec9fb, L:/127.0.0.1:60142 - R:localhost/127.0.0.1:44618] for GET '/session/50f237672399725ed5ea53314edf5d8a/element/a7b9b44d-c877-49b0-9360-6079adbb06c7/name'
00:51:16.123 [AsyncHttpClient-1-6] DEBUG org.asynchttpclient.netty.handler.HttpHandler - 

Request DefaultFullHttpRequest(decodeResult: success, version: HTTP/1.1, content: EmptyByteBufBE)
GET /session/50f237672399725ed5ea53314edf5d8a/element/a7b9b44d-c877-49b0-9360-6079adbb06c7/name HTTP/1.1
User-Agent: selenium/4.7.1 (java windows)
Cache-Control: no-cache
Content-Type: application/json; charset=utf-8
host: localhost:44618
accept: */*

Response DefaultHttpResponse(decodeResult: success, version: HTTP/1.1)
HTTP/1.1 200 OK
Content-Type: application/json; charset=utf-8
cache-control: no-cache
content-length: 18

00:51:16.123 [AsyncHttpClient-1-6] DEBUG org.asynchttpclient.netty.channel.ChannelManager - Adding key: http://localhost:44618 for channel [id: 0xeb4ec9fb, L:/127.0.0.1:60142 - R:localhost/127.0.0.1:44618]
00:51:16.124 [Forwarding getElementTagName on session 50f237672399725ed5ea53314edf5d8a to remote] DEBUG org.asynchttpclient.netty.request.NettyRequestSender - Using pooled Channel '[id: 0xeb4ec9fb, L:/127.0.0.1:60142 - R:localhost/127.0.0.1:44618]' for 'GET' to 'http://localhost:44618/session/50f237672399725ed5ea53314edf5d8a/element/a7b9b44d-c877-49b0-9360-6079adbb06c7/name'
00:51:16.124 [Forwarding getElementTagName on session 50f237672399725ed5ea53314edf5d8a to remote] DEBUG org.asynchttpclient.netty.request.NettyRequestSender - Using open Channel [id: 0xeb4ec9fb, L:/127.0.0.1:60142 - R:localhost/127.0.0.1:44618] for GET '/session/50f237672399725ed5ea53314edf5d8a/element/a7b9b44d-c877-49b0-9360-6079adbb06c7/name'
00:51:16.128 [AsyncHttpClient-1-6] DEBUG org.asynchttpclient.netty.handler.HttpHandler - 

Request DefaultFullHttpRequest(decodeResult: success, version: HTTP/1.1, content: EmptyByteBufBE)
GET /session/50f237672399725ed5ea53314edf5d8a/element/a7b9b44d-c877-49b0-9360-6079adbb06c7/name HTTP/1.1
User-Agent: selenium/4.7.1 (java windows)
Cache-Control: no-cache
Content-Type: application/json; charset=utf-8
host: localhost:44618
accept: */*

Response DefaultHttpResponse(decodeResult: success, version: HTTP/1.1)
HTTP/1.1 200 OK
Content-Type: application/json; charset=utf-8
cache-control: no-cache
content-length: 18

00:51:16.128 [AsyncHttpClient-1-6] DEBUG org.asynchttpclient.netty.channel.ChannelManager - Adding key: http://localhost:44618 for channel [id: 0xeb4ec9fb, L:/127.0.0.1:60142 - R:localhost/127.0.0.1:44618]
00:51:16.130 [Forwarding isElementEnabled on session 50f237672399725ed5ea53314edf5d8a to remote] DEBUG org.asynchttpclient.netty.request.NettyRequestSender - Using pooled Channel '[id: 0xeb4ec9fb, L:/127.0.0.1:60142 - R:localhost/127.0.0.1:44618]' for 'GET' to 'http://localhost:44618/session/50f237672399725ed5ea53314edf5d8a/element/a7b9b44d-c877-49b0-9360-6079adbb06c7/enabled'
00:51:16.130 [Forwarding isElementEnabled on session 50f237672399725ed5ea53314edf5d8a to remote] DEBUG org.asynchttpclient.netty.request.NettyRequestSender - Using open Channel [id: 0xeb4ec9fb, L:/127.0.0.1:60142 - R:localhost/127.0.0.1:44618] for GET '/session/50f237672399725ed5ea53314edf5d8a/element/a7b9b44d-c877-49b0-9360-6079adbb06c7/enabled'
00:51:16.139 [AsyncHttpClient-1-6] DEBUG org.asynchttpclient.netty.handler.HttpHandler - 

Request DefaultFullHttpRequest(decodeResult: success, version: HTTP/1.1, content: EmptyByteBufBE)
GET /session/50f237672399725ed5ea53314edf5d8a/element/a7b9b44d-c877-49b0-9360-6079adbb06c7/enabled HTTP/1.1
User-Agent: selenium/4.7.1 (java windows)
Cache-Control: no-cache
Content-Type: application/json; charset=utf-8
host: localhost:44618
accept: */*

Response DefaultHttpResponse(decodeResult: success, version: HTTP/1.1)
HTTP/1.1 200 OK
Content-Type: application/json; charset=utf-8
cache-control: no-cache
content-length: 14

00:51:16.139 [AsyncHttpClient-1-6] DEBUG org.asynchttpclient.netty.channel.ChannelManager - Adding key: http://localhost:44618 for channel [id: 0xeb4ec9fb, L:/127.0.0.1:60142 - R:localhost/127.0.0.1:44618]
00:51:16.140 [Forwarding isElementEnabled on session 50f237672399725ed5ea53314edf5d8a to remote] DEBUG org.asynchttpclient.netty.request.NettyRequestSender - Using pooled Channel '[id: 0xeb4ec9fb, L:/127.0.0.1:60142 - R:localhost/127.0.0.1:44618]' for 'GET' to 'http://localhost:44618/session/50f237672399725ed5ea53314edf5d8a/element/a7b9b44d-c877-49b0-9360-6079adbb06c7/enabled'
00:51:16.140 [Forwarding isElementEnabled on session 50f237672399725ed5ea53314edf5d8a to remote] DEBUG org.asynchttpclient.netty.request.NettyRequestSender - Using open Channel [id: 0xeb4ec9fb, L:/127.0.0.1:60142 - R:localhost/127.0.0.1:44618] for GET '/session/50f237672399725ed5ea53314edf5d8a/element/a7b9b44d-c877-49b0-9360-6079adbb06c7/enabled'
00:51:16.148 [AsyncHttpClient-1-6] DEBUG org.asynchttpclient.netty.handler.HttpHandler - 

Request DefaultFullHttpRequest(decodeResult: success, version: HTTP/1.1, content: EmptyByteBufBE)
GET /session/50f237672399725ed5ea53314edf5d8a/element/a7b9b44d-c877-49b0-9360-6079adbb06c7/enabled HTTP/1.1
User-Agent: selenium/4.7.1 (java windows)
Cache-Control: no-cache
Content-Type: application/json; charset=utf-8
host: localhost:44618
accept: */*

Response DefaultHttpResponse(decodeResult: success, version: HTTP/1.1)
HTTP/1.1 200 OK
Content-Type: application/json; charset=utf-8
cache-control: no-cache
content-length: 14

00:51:16.148 [AsyncHttpClient-1-6] DEBUG org.asynchttpclient.netty.channel.ChannelManager - Adding key: http://localhost:44618 for channel [id: 0xeb4ec9fb, L:/127.0.0.1:60142 - R:localhost/127.0.0.1:44618]
00:51:16.150 [Forwarding findElement on session 50f237672399725ed5ea53314edf5d8a to remote] DEBUG org.asynchttpclient.netty.request.NettyRequestSender - Using pooled Channel '[id: 0xeb4ec9fb, L:/127.0.0.1:60142 - R:localhost/127.0.0.1:44618]' for 'POST' to 'http://localhost:44618/session/50f237672399725ed5ea53314edf5d8a/element'
00:51:16.150 [Forwarding findElement on session 50f237672399725ed5ea53314edf5d8a to remote] DEBUG org.asynchttpclient.netty.request.NettyRequestSender - Using open Channel [id: 0xeb4ec9fb, L:/127.0.0.1:60142 - R:localhost/127.0.0.1:44618] for POST '/session/50f237672399725ed5ea53314edf5d8a/element'
00:51:16.171 [AsyncHttpClient-1-6] DEBUG org.asynchttpclient.netty.handler.HttpHandler - 

Request DefaultHttpRequest(decodeResult: success, version: HTTP/1.1)
POST /session/50f237672399725ed5ea53314edf5d8a/element HTTP/1.1
User-Agent: selenium/4.7.1 (java windows)
Content-Length: 108
Content-Type: application/json; charset=utf-8
host: localhost:44618
accept: */*

Response DefaultHttpResponse(decodeResult: success, version: HTTP/1.1)
HTTP/1.1 200 OK
Content-Type: application/json; charset=utf-8
cache-control: no-cache
content-length: 88

00:51:16.171 [AsyncHttpClient-1-6] DEBUG org.asynchttpclient.netty.channel.ChannelManager - Adding key: http://localhost:44618 for channel [id: 0xeb4ec9fb, L:/127.0.0.1:60142 - R:localhost/127.0.0.1:44618]
00:51:16.172 [Forwarding clickElement on session 50f237672399725ed5ea53314edf5d8a to remote] DEBUG org.asynchttpclient.netty.request.NettyRequestSender - Using pooled Channel '[id: 0xeb4ec9fb, L:/127.0.0.1:60142 - R:localhost/127.0.0.1:44618]' for 'POST' to 'http://localhost:44618/session/50f237672399725ed5ea53314edf5d8a/element/a7b9b44d-c877-49b0-9360-6079adbb06c7/click'
00:51:16.172 [Forwarding clickElement on session 50f237672399725ed5ea53314edf5d8a to remote] DEBUG org.asynchttpclient.netty.request.NettyRequestSender - Using open Channel [id: 0xeb4ec9fb, L:/127.0.0.1:60142 - R:localhost/127.0.0.1:44618] for POST '/session/50f237672399725ed5ea53314edf5d8a/element/a7b9b44d-c877-49b0-9360-6079adbb06c7/click'
00:51:16.239 [AsyncHttpClient-1-6] DEBUG org.asynchttpclient.netty.handler.HttpHandler - 

Request DefaultHttpRequest(decodeResult: success, version: HTTP/1.1)
POST /session/50f237672399725ed5ea53314edf5d8a/element/a7b9b44d-c877-49b0-9360-6079adbb06c7/click HTTP/1.1
User-Agent: selenium/4.7.1 (java windows)
Content-Length: 50
Content-Type: application/json; charset=utf-8
host: localhost:44618
accept: */*

Response DefaultHttpResponse(decodeResult: success, version: HTTP/1.1)
HTTP/1.1 200 OK
Content-Type: application/json; charset=utf-8
cache-control: no-cache
content-length: 14

00:51:16.239 [AsyncHttpClient-1-6] DEBUG org.asynchttpclient.netty.channel.ChannelManager - Adding key: http://localhost:44618 for channel [id: 0xeb4ec9fb, L:/127.0.0.1:60142 - R:localhost/127.0.0.1:44618]
00:51:16.249 [Forwarding getCurrentWindowHandle on session 50f237672399725ed5ea53314edf5d8a to remote] DEBUG org.asynchttpclient.netty.request.NettyRequestSender - Using pooled Channel '[id: 0xeb4ec9fb, L:/127.0.0.1:60142 - R:localhost/127.0.0.1:44618]' for 'GET' to 'http://localhost:44618/session/50f237672399725ed5ea53314edf5d8a/window'
00:51:16.250 [Forwarding getCurrentWindowHandle on session 50f237672399725ed5ea53314edf5d8a to remote] DEBUG org.asynchttpclient.netty.request.NettyRequestSender - Using open Channel [id: 0xeb4ec9fb, L:/127.0.0.1:60142 - R:localhost/127.0.0.1:44618] for GET '/session/50f237672399725ed5ea53314edf5d8a/window'
00:51:16.251 [AsyncHttpClient-1-6] DEBUG org.asynchttpclient.netty.handler.HttpHandler - 

Request DefaultFullHttpRequest(decodeResult: success, version: HTTP/1.1, content: EmptyByteBufBE)
GET /session/50f237672399725ed5ea53314edf5d8a/window HTTP/1.1
User-Agent: selenium/4.7.1 (java windows)
Cache-Control: no-cache
Content-Type: application/json; charset=utf-8
host: localhost:44618
accept: */*

Response DefaultHttpResponse(decodeResult: success, version: HTTP/1.1)
HTTP/1.1 200 OK
Content-Type: application/json; charset=utf-8
cache-control: no-cache
content-length: 44

00:51:16.251 [AsyncHttpClient-1-6] DEBUG org.asynchttpclient.netty.channel.ChannelManager - Adding key: http://localhost:44618 for channel [id: 0xeb4ec9fb, L:/127.0.0.1:60142 - R:localhost/127.0.0.1:44618]
00:51:16.252 [Forwarding getAlertText on session 50f237672399725ed5ea53314edf5d8a to remote] DEBUG org.asynchttpclient.netty.request.NettyRequestSender - Using pooled Channel '[id: 0xeb4ec9fb, L:/127.0.0.1:60142 - R:localhost/127.0.0.1:44618]' for 'GET' to 'http://localhost:44618/session/50f237672399725ed5ea53314edf5d8a/alert/text'
00:51:16.253 [Forwarding getAlertText on session 50f237672399725ed5ea53314edf5d8a to remote] DEBUG org.asynchttpclient.netty.request.NettyRequestSender - Using open Channel [id: 0xeb4ec9fb, L:/127.0.0.1:60142 - R:localhost/127.0.0.1:44618] for GET '/session/50f237672399725ed5ea53314edf5d8a/alert/text'
00:51:16.544 [AsyncHttpClient-1-6] DEBUG org.asynchttpclient.netty.handler.HttpHandler - 

Request DefaultFullHttpRequest(decodeResult: success, version: HTTP/1.1, content: EmptyByteBufBE)
GET /session/50f237672399725ed5ea53314edf5d8a/alert/text HTTP/1.1
User-Agent: selenium/4.7.1 (java windows)
Cache-Control: no-cache
Content-Type: application/json; charset=utf-8
host: localhost:44618
accept: */*

Response DefaultHttpResponse(decodeResult: success, version: HTTP/1.1)
HTTP/1.1 404 Not Found
Content-Type: application/json; charset=utf-8
cache-control: no-cache
content-length: 849

00:51:16.545 [AsyncHttpClient-1-6] DEBUG org.asynchttpclient.netty.channel.ChannelManager - Adding key: http://localhost:44618 for channel [id: 0xeb4ec9fb, L:/127.0.0.1:60142 - R:localhost/127.0.0.1:44618]
00:51:16.547 [Forwarding switchToWindow on session 50f237672399725ed5ea53314edf5d8a to remote] DEBUG org.asynchttpclient.netty.request.NettyRequestSender - Using pooled Channel '[id: 0xeb4ec9fb, L:/127.0.0.1:60142 - R:localhost/127.0.0.1:44618]' for 'POST' to 'http://localhost:44618/session/50f237672399725ed5ea53314edf5d8a/window'
00:51:16.547 [Forwarding switchToWindow on session 50f237672399725ed5ea53314edf5d8a to remote] DEBUG org.asynchttpclient.netty.request.NettyRequestSender - Using open Channel [id: 0xeb4ec9fb, L:/127.0.0.1:60142 - R:localhost/127.0.0.1:44618] for POST '/session/50f237672399725ed5ea53314edf5d8a/window'
00:51:16.549 [AsyncHttpClient-1-6] DEBUG org.asynchttpclient.netty.handler.HttpHandler - 

Request DefaultHttpRequest(decodeResult: success, version: HTTP/1.1)
POST /session/50f237672399725ed5ea53314edf5d8a/window HTTP/1.1
User-Agent: selenium/4.7.1 (java windows)
Content-Length: 50
Content-Type: application/json; charset=utf-8
host: localhost:44618
accept: */*

Response DefaultHttpResponse(decodeResult: success, version: HTTP/1.1)
HTTP/1.1 200 OK
Content-Type: application/json; charset=utf-8
cache-control: no-cache
content-length: 14

00:51:16.549 [AsyncHttpClient-1-6] DEBUG org.asynchttpclient.netty.channel.ChannelManager - Adding key: http://localhost:44618 for channel [id: 0xeb4ec9fb, L:/127.0.0.1:60142 - R:localhost/127.0.0.1:44618]
00:51:16.550 [Forwarding getCurrentUrl on session 50f237672399725ed5ea53314edf5d8a to remote] DEBUG org.asynchttpclient.netty.request.NettyRequestSender - Using pooled Channel '[id: 0xeb4ec9fb, L:/127.0.0.1:60142 - R:localhost/127.0.0.1:44618]' for 'GET' to 'http://localhost:44618/session/50f237672399725ed5ea53314edf5d8a/url'
00:51:16.550 [Forwarding getCurrentUrl on session 50f237672399725ed5ea53314edf5d8a to remote] DEBUG org.asynchttpclient.netty.request.NettyRequestSender - Using open Channel [id: 0xeb4ec9fb, L:/127.0.0.1:60142 - R:localhost/127.0.0.1:44618] for GET '/session/50f237672399725ed5ea53314edf5d8a/url'
00:51:16.556 [AsyncHttpClient-1-6] DEBUG org.asynchttpclient.netty.handler.HttpHandler - 

Request DefaultFullHttpRequest(decodeResult: success, version: HTTP/1.1, content: EmptyByteBufBE)
GET /session/50f237672399725ed5ea53314edf5d8a/url HTTP/1.1
User-Agent: selenium/4.7.1 (java windows)
Cache-Control: no-cache
Content-Type: application/json; charset=utf-8
host: localhost:44618
accept: */*

Response DefaultHttpResponse(decodeResult: success, version: HTTP/1.1)
HTTP/1.1 200 OK
Content-Type: application/json; charset=utf-8
cache-control: no-cache
content-length: 51

00:51:16.557 [AsyncHttpClient-1-6] DEBUG org.asynchttpclient.netty.channel.ChannelManager - Adding key: http://localhost:44618 for channel [id: 0xeb4ec9fb, L:/127.0.0.1:60142 - R:localhost/127.0.0.1:44618]
00:51:16.557 [Forwarding screenshot on session 50f237672399725ed5ea53314edf5d8a to remote] DEBUG org.asynchttpclient.netty.request.NettyRequestSender - Using pooled Channel '[id: 0xeb4ec9fb, L:/127.0.0.1:60142 - R:localhost/127.0.0.1:44618]' for 'GET' to 'http://localhost:44618/session/50f237672399725ed5ea53314edf5d8a/screenshot'
00:51:16.557 [Forwarding screenshot on session 50f237672399725ed5ea53314edf5d8a to remote] DEBUG org.asynchttpclient.netty.request.NettyRequestSender - Using open Channel [id: 0xeb4ec9fb, L:/127.0.0.1:60142 - R:localhost/127.0.0.1:44618] for GET '/session/50f237672399725ed5ea53314edf5d8a/screenshot'
00:51:16.657 [AsyncHttpClient-1-6] DEBUG org.asynchttpclient.netty.handler.HttpHandler - 

Request DefaultFullHttpRequest(decodeResult: success, version: HTTP/1.1, content: EmptyByteBufBE)
GET /session/50f237672399725ed5ea53314edf5d8a/screenshot HTTP/1.1
User-Agent: selenium/4.7.1 (java windows)
Cache-Control: no-cache
Content-Type: application/json; charset=utf-8
host: localhost:44618
accept: */*

Response DefaultHttpResponse(decodeResult: success, version: HTTP/1.1)
HTTP/1.1 200 OK
Content-Type: application/json; charset=utf-8
cache-control: no-cache
content-length: 26172

00:51:16.657 [AsyncHttpClient-1-6] DEBUG org.asynchttpclient.netty.channel.ChannelManager - Adding key: http://localhost:44618 for channel [id: 0xeb4ec9fb, L:/127.0.0.1:60142 - R:localhost/127.0.0.1:44618]
00:51:16.658 [main] DEBUG net.serenitybdd.core.photography.Darkroom - Send negative for processing for target\site\serenity\f035198f28bcaf95684f4b1a3b9e5d031fc0873bb044f55c4913aef571773aa0.png
00:51:16.659 [main] DEBUG net.thucydides.core.steps.StepInterceptor - STEP DONE: klikButtonLogin
00:51:16.662 [main] DEBUG net.thucydides.core.steps.StepInterceptor - STARTING STEP: TransaksiSteps.userBeradaDiHomepageAltaShopDanLoginAkun - inputEmail
00:51:16.664 [Forwarding findElement on session 50f237672399725ed5ea53314edf5d8a to remote] DEBUG org.asynchttpclient.netty.request.NettyRequestSender - Using pooled Channel '[id: 0xeb4ec9fb, L:/127.0.0.1:60142 - R:localhost/127.0.0.1:44618]' for 'POST' to 'http://localhost:44618/session/50f237672399725ed5ea53314edf5d8a/element'
00:51:16.664 [Forwarding findElement on session 50f237672399725ed5ea53314edf5d8a to remote] DEBUG org.asynchttpclient.netty.request.NettyRequestSender - Using open Channel [id: 0xeb4ec9fb, L:/127.0.0.1:60142 - R:localhost/127.0.0.1:44618] for POST '/session/50f237672399725ed5ea53314edf5d8a/element'
00:51:16.680 [AsyncHttpClient-1-6] DEBUG org.asynchttpclient.netty.handler.HttpHandler - 

Request DefaultHttpRequest(decodeResult: success, version: HTTP/1.1)
POST /session/50f237672399725ed5ea53314edf5d8a/element HTTP/1.1
User-Agent: selenium/4.7.1 (java windows)
Content-Length: 187
Content-Type: application/json; charset=utf-8
host: localhost:44618
accept: */*

Response DefaultHttpResponse(decodeResult: success, version: HTTP/1.1)
HTTP/1.1 200 OK
Content-Type: application/json; charset=utf-8
cache-control: no-cache
content-length: 88

00:51:16.680 [AsyncHttpClient-1-6] DEBUG org.asynchttpclient.netty.channel.ChannelManager - Adding key: http://localhost:44618 for channel [id: 0xeb4ec9fb, L:/127.0.0.1:60142 - R:localhost/127.0.0.1:44618]
00:51:16.681 [Forwarding clearElement on session 50f237672399725ed5ea53314edf5d8a to remote] DEBUG org.asynchttpclient.netty.request.NettyRequestSender - Using pooled Channel '[id: 0xeb4ec9fb, L:/127.0.0.1:60142 - R:localhost/127.0.0.1:44618]' for 'POST' to 'http://localhost:44618/session/50f237672399725ed5ea53314edf5d8a/element/2ab8d37c-2f2e-4e94-bcde-8b0feeee6aba/clear'
00:51:16.681 [Forwarding clearElement on session 50f237672399725ed5ea53314edf5d8a to remote] DEBUG org.asynchttpclient.netty.request.NettyRequestSender - Using open Channel [id: 0xeb4ec9fb, L:/127.0.0.1:60142 - R:localhost/127.0.0.1:44618] for POST '/session/50f237672399725ed5ea53314edf5d8a/element/2ab8d37c-2f2e-4e94-bcde-8b0feeee6aba/clear'
00:51:16.718 [AsyncHttpClient-1-6] DEBUG org.asynchttpclient.netty.handler.HttpHandler - 

Request DefaultHttpRequest(decodeResult: success, version: HTTP/1.1)
POST /session/50f237672399725ed5ea53314edf5d8a/element/2ab8d37c-2f2e-4e94-bcde-8b0feeee6aba/clear HTTP/1.1
User-Agent: selenium/4.7.1 (java windows)
Content-Length: 50
Content-Type: application/json; charset=utf-8
host: localhost:44618
accept: */*

Response DefaultHttpResponse(decodeResult: success, version: HTTP/1.1)
HTTP/1.1 200 OK
Content-Type: application/json; charset=utf-8
cache-control: no-cache
content-length: 14

00:51:16.718 [AsyncHttpClient-1-6] DEBUG org.asynchttpclient.netty.channel.ChannelManager - Adding key: http://localhost:44618 for channel [id: 0xeb4ec9fb, L:/127.0.0.1:60142 - R:localhost/127.0.0.1:44618]
00:51:16.720 [Forwarding sendKeysToElement on session 50f237672399725ed5ea53314edf5d8a to remote] DEBUG org.asynchttpclient.netty.request.NettyRequestSender - Using pooled Channel '[id: 0xeb4ec9fb, L:/127.0.0.1:60142 - R:localhost/127.0.0.1:44618]' for 'POST' to 'http://localhost:44618/session/50f237672399725ed5ea53314edf5d8a/element/2ab8d37c-2f2e-4e94-bcde-8b0feeee6aba/value'
00:51:16.720 [Forwarding sendKeysToElement on session 50f237672399725ed5ea53314edf5d8a to remote] DEBUG org.asynchttpclient.netty.request.NettyRequestSender - Using open Channel [id: 0xeb4ec9fb, L:/127.0.0.1:60142 - R:localhost/127.0.0.1:44618] for POST '/session/50f237672399725ed5ea53314edf5d8a/element/2ab8d37c-2f2e-4e94-bcde-8b0feeee6aba/value'
00:51:16.821 [AsyncHttpClient-1-6] DEBUG org.asynchttpclient.netty.handler.HttpHandler - 

Request DefaultHttpRequest(decodeResult: success, version: HTTP/1.1)
POST /session/50f237672399725ed5ea53314edf5d8a/element/2ab8d37c-2f2e-4e94-bcde-8b0feeee6aba/value HTTP/1.1
User-Agent: selenium/4.7.1 (java windows)
Content-Length: 211
Content-Type: application/json; charset=utf-8
host: localhost:44618
accept: */*

Response DefaultHttpResponse(decodeResult: success, version: HTTP/1.1)
HTTP/1.1 200 OK
Content-Type: application/json; charset=utf-8
cache-control: no-cache
content-length: 14

00:51:16.821 [AsyncHttpClient-1-6] DEBUG org.asynchttpclient.netty.channel.ChannelManager - Adding key: http://localhost:44618 for channel [id: 0xeb4ec9fb, L:/127.0.0.1:60142 - R:localhost/127.0.0.1:44618]
00:51:16.827 [Forwarding getCurrentWindowHandle on session 50f237672399725ed5ea53314edf5d8a to remote] DEBUG org.asynchttpclient.netty.request.NettyRequestSender - Using pooled Channel '[id: 0xeb4ec9fb, L:/127.0.0.1:60142 - R:localhost/127.0.0.1:44618]' for 'GET' to 'http://localhost:44618/session/50f237672399725ed5ea53314edf5d8a/window'
00:51:16.827 [Forwarding getCurrentWindowHandle on session 50f237672399725ed5ea53314edf5d8a to remote] DEBUG org.asynchttpclient.netty.request.NettyRequestSender - Using open Channel [id: 0xeb4ec9fb, L:/127.0.0.1:60142 - R:localhost/127.0.0.1:44618] for GET '/session/50f237672399725ed5ea53314edf5d8a/window'
00:51:16.828 [AsyncHttpClient-1-6] DEBUG org.asynchttpclient.netty.handler.HttpHandler - 

Request DefaultFullHttpRequest(decodeResult: success, version: HTTP/1.1, content: EmptyByteBufBE)
GET /session/50f237672399725ed5ea53314edf5d8a/window HTTP/1.1
User-Agent: selenium/4.7.1 (java windows)
Cache-Control: no-cache
Content-Type: application/json; charset=utf-8
host: localhost:44618
accept: */*

Response DefaultHttpResponse(decodeResult: success, version: HTTP/1.1)
HTTP/1.1 200 OK
Content-Type: application/json; charset=utf-8
cache-control: no-cache
content-length: 44

00:51:16.828 [AsyncHttpClient-1-6] DEBUG org.asynchttpclient.netty.channel.ChannelManager - Adding key: http://localhost:44618 for channel [id: 0xeb4ec9fb, L:/127.0.0.1:60142 - R:localhost/127.0.0.1:44618]
00:51:16.829 [Forwarding getAlertText on session 50f237672399725ed5ea53314edf5d8a to remote] DEBUG org.asynchttpclient.netty.request.NettyRequestSender - Using pooled Channel '[id: 0xeb4ec9fb, L:/127.0.0.1:60142 - R:localhost/127.0.0.1:44618]' for 'GET' to 'http://localhost:44618/session/50f237672399725ed5ea53314edf5d8a/alert/text'
00:51:16.829 [Forwarding getAlertText on session 50f237672399725ed5ea53314edf5d8a to remote] DEBUG org.asynchttpclient.netty.request.NettyRequestSender - Using open Channel [id: 0xeb4ec9fb, L:/127.0.0.1:60142 - R:localhost/127.0.0.1:44618] for GET '/session/50f237672399725ed5ea53314edf5d8a/alert/text'
00:51:16.830 [AsyncHttpClient-1-6] DEBUG org.asynchttpclient.netty.handler.HttpHandler - 

Request DefaultFullHttpRequest(decodeResult: success, version: HTTP/1.1, content: EmptyByteBufBE)
GET /session/50f237672399725ed5ea53314edf5d8a/alert/text HTTP/1.1
User-Agent: selenium/4.7.1 (java windows)
Cache-Control: no-cache
Content-Type: application/json; charset=utf-8
host: localhost:44618
accept: */*

Response DefaultHttpResponse(decodeResult: success, version: HTTP/1.1)
HTTP/1.1 404 Not Found
Content-Type: application/json; charset=utf-8
cache-control: no-cache
content-length: 849

00:51:16.830 [AsyncHttpClient-1-6] DEBUG org.asynchttpclient.netty.channel.ChannelManager - Adding key: http://localhost:44618 for channel [id: 0xeb4ec9fb, L:/127.0.0.1:60142 - R:localhost/127.0.0.1:44618]
00:51:16.832 [Forwarding switchToWindow on session 50f237672399725ed5ea53314edf5d8a to remote] DEBUG org.asynchttpclient.netty.request.NettyRequestSender - Using pooled Channel '[id: 0xeb4ec9fb, L:/127.0.0.1:60142 - R:localhost/127.0.0.1:44618]' for 'POST' to 'http://localhost:44618/session/50f237672399725ed5ea53314edf5d8a/window'
00:51:16.832 [Forwarding switchToWindow on session 50f237672399725ed5ea53314edf5d8a to remote] DEBUG org.asynchttpclient.netty.request.NettyRequestSender - Using open Channel [id: 0xeb4ec9fb, L:/127.0.0.1:60142 - R:localhost/127.0.0.1:44618] for POST '/session/50f237672399725ed5ea53314edf5d8a/window'
00:51:16.833 [AsyncHttpClient-1-6] DEBUG org.asynchttpclient.netty.handler.HttpHandler - 

Request DefaultHttpRequest(decodeResult: success, version: HTTP/1.1)
POST /session/50f237672399725ed5ea53314edf5d8a/window HTTP/1.1
User-Agent: selenium/4.7.1 (java windows)
Content-Length: 50
Content-Type: application/json; charset=utf-8
host: localhost:44618
accept: */*

Response DefaultHttpResponse(decodeResult: success, version: HTTP/1.1)
HTTP/1.1 200 OK
Content-Type: application/json; charset=utf-8
cache-control: no-cache
content-length: 14

00:51:16.834 [AsyncHttpClient-1-6] DEBUG org.asynchttpclient.netty.channel.ChannelManager - Adding key: http://localhost:44618 for channel [id: 0xeb4ec9fb, L:/127.0.0.1:60142 - R:localhost/127.0.0.1:44618]
00:51:16.834 [Forwarding getCurrentUrl on session 50f237672399725ed5ea53314edf5d8a to remote] DEBUG org.asynchttpclient.netty.request.NettyRequestSender - Using pooled Channel '[id: 0xeb4ec9fb, L:/127.0.0.1:60142 - R:localhost/127.0.0.1:44618]' for 'GET' to 'http://localhost:44618/session/50f237672399725ed5ea53314edf5d8a/url'
00:51:16.834 [Forwarding getCurrentUrl on session 50f237672399725ed5ea53314edf5d8a to remote] DEBUG org.asynchttpclient.netty.request.NettyRequestSender - Using open Channel [id: 0xeb4ec9fb, L:/127.0.0.1:60142 - R:localhost/127.0.0.1:44618] for GET '/session/50f237672399725ed5ea53314edf5d8a/url'
00:51:16.839 [AsyncHttpClient-1-6] DEBUG org.asynchttpclient.netty.handler.HttpHandler - 

Request DefaultFullHttpRequest(decodeResult: success, version: HTTP/1.1, content: EmptyByteBufBE)
GET /session/50f237672399725ed5ea53314edf5d8a/url HTTP/1.1
User-Agent: selenium/4.7.1 (java windows)
Cache-Control: no-cache
Content-Type: application/json; charset=utf-8
host: localhost:44618
accept: */*

Response DefaultHttpResponse(decodeResult: success, version: HTTP/1.1)
HTTP/1.1 200 OK
Content-Type: application/json; charset=utf-8
cache-control: no-cache
content-length: 51

00:51:16.839 [AsyncHttpClient-1-6] DEBUG org.asynchttpclient.netty.channel.ChannelManager - Adding key: http://localhost:44618 for channel [id: 0xeb4ec9fb, L:/127.0.0.1:60142 - R:localhost/127.0.0.1:44618]
00:51:16.839 [Forwarding screenshot on session 50f237672399725ed5ea53314edf5d8a to remote] DEBUG org.asynchttpclient.netty.request.NettyRequestSender - Using pooled Channel '[id: 0xeb4ec9fb, L:/127.0.0.1:60142 - R:localhost/127.0.0.1:44618]' for 'GET' to 'http://localhost:44618/session/50f237672399725ed5ea53314edf5d8a/screenshot'
00:51:16.839 [Forwarding screenshot on session 50f237672399725ed5ea53314edf5d8a to remote] DEBUG org.asynchttpclient.netty.request.NettyRequestSender - Using open Channel [id: 0xeb4ec9fb, L:/127.0.0.1:60142 - R:localhost/127.0.0.1:44618] for GET '/session/50f237672399725ed5ea53314edf5d8a/screenshot'
00:51:16.946 [AsyncHttpClient-1-6] DEBUG org.asynchttpclient.netty.handler.HttpHandler - 

Request DefaultFullHttpRequest(decodeResult: success, version: HTTP/1.1, content: EmptyByteBufBE)
GET /session/50f237672399725ed5ea53314edf5d8a/screenshot HTTP/1.1
User-Agent: selenium/4.7.1 (java windows)
Cache-Control: no-cache
Content-Type: application/json; charset=utf-8
host: localhost:44618
accept: */*

Response DefaultHttpResponse(decodeResult: success, version: HTTP/1.1)
HTTP/1.1 200 OK
Content-Type: application/json; charset=utf-8
cache-control: no-cache
content-length: 29848

00:51:16.946 [AsyncHttpClient-1-6] DEBUG org.asynchttpclient.netty.channel.ChannelManager - Adding key: http://localhost:44618 for channel [id: 0xeb4ec9fb, L:/127.0.0.1:60142 - R:localhost/127.0.0.1:44618]
00:51:16.947 [main] DEBUG net.serenitybdd.core.photography.Darkroom - Send negative for processing for target\site\serenity\d0c5bb108fc7cc323ab09ea58d3f87aba5f01cf71ee19458dcaaf37a658270b4.png
00:51:16.947 [main] DEBUG net.thucydides.core.steps.StepInterceptor - STEP DONE: inputEmail
00:51:16.952 [main] DEBUG net.thucydides.core.steps.StepInterceptor - STARTING STEP: TransaksiSteps.userBeradaDiHomepageAltaShopDanLoginAkun - inputPassword
00:51:16.954 [Forwarding findElement on session 50f237672399725ed5ea53314edf5d8a to remote] DEBUG org.asynchttpclient.netty.request.NettyRequestSender - Using pooled Channel '[id: 0xeb4ec9fb, L:/127.0.0.1:60142 - R:localhost/127.0.0.1:44618]' for 'POST' to 'http://localhost:44618/session/50f237672399725ed5ea53314edf5d8a/element'
00:51:16.954 [Forwarding findElement on session 50f237672399725ed5ea53314edf5d8a to remote] DEBUG org.asynchttpclient.netty.request.NettyRequestSender - Using open Channel [id: 0xeb4ec9fb, L:/127.0.0.1:60142 - R:localhost/127.0.0.1:44618] for POST '/session/50f237672399725ed5ea53314edf5d8a/element'
00:51:16.970 [AsyncHttpClient-1-6] DEBUG org.asynchttpclient.netty.handler.HttpHandler - 

Request DefaultHttpRequest(decodeResult: success, version: HTTP/1.1)
POST /session/50f237672399725ed5ea53314edf5d8a/element HTTP/1.1
User-Agent: selenium/4.7.1 (java windows)
Content-Length: 187
Content-Type: application/json; charset=utf-8
host: localhost:44618
accept: */*

Response DefaultHttpResponse(decodeResult: success, version: HTTP/1.1)
HTTP/1.1 200 OK
Content-Type: application/json; charset=utf-8
cache-control: no-cache
content-length: 88

00:51:16.970 [AsyncHttpClient-1-6] DEBUG org.asynchttpclient.netty.channel.ChannelManager - Adding key: http://localhost:44618 for channel [id: 0xeb4ec9fb, L:/127.0.0.1:60142 - R:localhost/127.0.0.1:44618]
00:51:16.971 [Forwarding clearElement on session 50f237672399725ed5ea53314edf5d8a to remote] DEBUG org.asynchttpclient.netty.request.NettyRequestSender - Using pooled Channel '[id: 0xeb4ec9fb, L:/127.0.0.1:60142 - R:localhost/127.0.0.1:44618]' for 'POST' to 'http://localhost:44618/session/50f237672399725ed5ea53314edf5d8a/element/12a3a19a-9e7e-416e-bc8b-c6faa3e8af00/clear'
00:51:16.971 [Forwarding clearElement on session 50f237672399725ed5ea53314edf5d8a to remote] DEBUG org.asynchttpclient.netty.request.NettyRequestSender - Using open Channel [id: 0xeb4ec9fb, L:/127.0.0.1:60142 - R:localhost/127.0.0.1:44618] for POST '/session/50f237672399725ed5ea53314edf5d8a/element/12a3a19a-9e7e-416e-bc8b-c6faa3e8af00/clear'
00:51:17.013 [AsyncHttpClient-1-6] DEBUG org.asynchttpclient.netty.handler.HttpHandler - 

Request DefaultHttpRequest(decodeResult: success, version: HTTP/1.1)
POST /session/50f237672399725ed5ea53314edf5d8a/element/12a3a19a-9e7e-416e-bc8b-c6faa3e8af00/clear HTTP/1.1
User-Agent: selenium/4.7.1 (java windows)
Content-Length: 50
Content-Type: application/json; charset=utf-8
host: localhost:44618
accept: */*

Response DefaultHttpResponse(decodeResult: success, version: HTTP/1.1)
HTTP/1.1 200 OK
Content-Type: application/json; charset=utf-8
cache-control: no-cache
content-length: 14

00:51:17.013 [AsyncHttpClient-1-6] DEBUG org.asynchttpclient.netty.channel.ChannelManager - Adding key: http://localhost:44618 for channel [id: 0xeb4ec9fb, L:/127.0.0.1:60142 - R:localhost/127.0.0.1:44618]
00:51:17.015 [Forwarding sendKeysToElement on session 50f237672399725ed5ea53314edf5d8a to remote] DEBUG org.asynchttpclient.netty.request.NettyRequestSender - Using pooled Channel '[id: 0xeb4ec9fb, L:/127.0.0.1:60142 - R:localhost/127.0.0.1:44618]' for 'POST' to 'http://localhost:44618/session/50f237672399725ed5ea53314edf5d8a/element/12a3a19a-9e7e-416e-bc8b-c6faa3e8af00/value'
00:51:17.015 [Forwarding sendKeysToElement on session 50f237672399725ed5ea53314edf5d8a to remote] DEBUG org.asynchttpclient.netty.request.NettyRequestSender - Using open Channel [id: 0xeb4ec9fb, L:/127.0.0.1:60142 - R:localhost/127.0.0.1:44618] for POST '/session/50f237672399725ed5ea53314edf5d8a/element/12a3a19a-9e7e-416e-bc8b-c6faa3e8af00/value'
00:51:17.031 [AsyncHttpClient-1-1] DEBUG org.asynchttpclient.netty.channel.DefaultChannelPool - Entry count for : http://localhost:60143 : 1
00:51:17.078 [AsyncHttpClient-1-6] DEBUG org.asynchttpclient.netty.handler.HttpHandler - 

Request DefaultHttpRequest(decodeResult: success, version: HTTP/1.1)
POST /session/50f237672399725ed5ea53314edf5d8a/element/12a3a19a-9e7e-416e-bc8b-c6faa3e8af00/value HTTP/1.1
User-Agent: selenium/4.7.1 (java windows)
Content-Length: 111
Content-Type: application/json; charset=utf-8
host: localhost:44618
accept: */*

Response DefaultHttpResponse(decodeResult: success, version: HTTP/1.1)
HTTP/1.1 200 OK
Content-Type: application/json; charset=utf-8
cache-control: no-cache
content-length: 14

00:51:17.078 [AsyncHttpClient-1-6] DEBUG org.asynchttpclient.netty.channel.ChannelManager - Adding key: http://localhost:44618 for channel [id: 0xeb4ec9fb, L:/127.0.0.1:60142 - R:localhost/127.0.0.1:44618]
00:51:17.085 [Forwarding getCurrentWindowHandle on session 50f237672399725ed5ea53314edf5d8a to remote] DEBUG org.asynchttpclient.netty.request.NettyRequestSender - Using pooled Channel '[id: 0xeb4ec9fb, L:/127.0.0.1:60142 - R:localhost/127.0.0.1:44618]' for 'GET' to 'http://localhost:44618/session/50f237672399725ed5ea53314edf5d8a/window'
00:51:17.085 [Forwarding getCurrentWindowHandle on session 50f237672399725ed5ea53314edf5d8a to remote] DEBUG org.asynchttpclient.netty.request.NettyRequestSender - Using open Channel [id: 0xeb4ec9fb, L:/127.0.0.1:60142 - R:localhost/127.0.0.1:44618] for GET '/session/50f237672399725ed5ea53314edf5d8a/window'
00:51:17.086 [AsyncHttpClient-1-6] DEBUG org.asynchttpclient.netty.handler.HttpHandler - 

Request DefaultFullHttpRequest(decodeResult: success, version: HTTP/1.1, content: EmptyByteBufBE)
GET /session/50f237672399725ed5ea53314edf5d8a/window HTTP/1.1
User-Agent: selenium/4.7.1 (java windows)
Cache-Control: no-cache
Content-Type: application/json; charset=utf-8
host: localhost:44618
accept: */*

Response DefaultHttpResponse(decodeResult: success, version: HTTP/1.1)
HTTP/1.1 200 OK
Content-Type: application/json; charset=utf-8
cache-control: no-cache
content-length: 44

00:51:17.086 [AsyncHttpClient-1-6] DEBUG org.asynchttpclient.netty.channel.ChannelManager - Adding key: http://localhost:44618 for channel [id: 0xeb4ec9fb, L:/127.0.0.1:60142 - R:localhost/127.0.0.1:44618]
00:51:17.087 [Forwarding getAlertText on session 50f237672399725ed5ea53314edf5d8a to remote] DEBUG org.asynchttpclient.netty.request.NettyRequestSender - Using pooled Channel '[id: 0xeb4ec9fb, L:/127.0.0.1:60142 - R:localhost/127.0.0.1:44618]' for 'GET' to 'http://localhost:44618/session/50f237672399725ed5ea53314edf5d8a/alert/text'
00:51:17.087 [Forwarding getAlertText on session 50f237672399725ed5ea53314edf5d8a to remote] DEBUG org.asynchttpclient.netty.request.NettyRequestSender - Using open Channel [id: 0xeb4ec9fb, L:/127.0.0.1:60142 - R:localhost/127.0.0.1:44618] for GET '/session/50f237672399725ed5ea53314edf5d8a/alert/text'
00:51:17.089 [AsyncHttpClient-1-6] DEBUG org.asynchttpclient.netty.handler.HttpHandler - 

Request DefaultFullHttpRequest(decodeResult: success, version: HTTP/1.1, content: EmptyByteBufBE)
GET /session/50f237672399725ed5ea53314edf5d8a/alert/text HTTP/1.1
User-Agent: selenium/4.7.1 (java windows)
Cache-Control: no-cache
Content-Type: application/json; charset=utf-8
host: localhost:44618
accept: */*

Response DefaultHttpResponse(decodeResult: success, version: HTTP/1.1)
HTTP/1.1 404 Not Found
Content-Type: application/json; charset=utf-8
cache-control: no-cache
content-length: 849

00:51:17.089 [AsyncHttpClient-1-6] DEBUG org.asynchttpclient.netty.channel.ChannelManager - Adding key: http://localhost:44618 for channel [id: 0xeb4ec9fb, L:/127.0.0.1:60142 - R:localhost/127.0.0.1:44618]
00:51:17.090 [Forwarding switchToWindow on session 50f237672399725ed5ea53314edf5d8a to remote] DEBUG org.asynchttpclient.netty.request.NettyRequestSender - Using pooled Channel '[id: 0xeb4ec9fb, L:/127.0.0.1:60142 - R:localhost/127.0.0.1:44618]' for 'POST' to 'http://localhost:44618/session/50f237672399725ed5ea53314edf5d8a/window'
00:51:17.090 [Forwarding switchToWindow on session 50f237672399725ed5ea53314edf5d8a to remote] DEBUG org.asynchttpclient.netty.request.NettyRequestSender - Using open Channel [id: 0xeb4ec9fb, L:/127.0.0.1:60142 - R:localhost/127.0.0.1:44618] for POST '/session/50f237672399725ed5ea53314edf5d8a/window'
00:51:17.092 [AsyncHttpClient-1-6] DEBUG org.asynchttpclient.netty.handler.HttpHandler - 

Request DefaultHttpRequest(decodeResult: success, version: HTTP/1.1)
POST /session/50f237672399725ed5ea53314edf5d8a/window HTTP/1.1
User-Agent: selenium/4.7.1 (java windows)
Content-Length: 50
Content-Type: application/json; charset=utf-8
host: localhost:44618
accept: */*

Response DefaultHttpResponse(decodeResult: success, version: HTTP/1.1)
HTTP/1.1 200 OK
Content-Type: application/json; charset=utf-8
cache-control: no-cache
content-length: 14

00:51:17.092 [AsyncHttpClient-1-6] DEBUG org.asynchttpclient.netty.channel.ChannelManager - Adding key: http://localhost:44618 for channel [id: 0xeb4ec9fb, L:/127.0.0.1:60142 - R:localhost/127.0.0.1:44618]
00:51:17.092 [Forwarding getCurrentUrl on session 50f237672399725ed5ea53314edf5d8a to remote] DEBUG org.asynchttpclient.netty.request.NettyRequestSender - Using pooled Channel '[id: 0xeb4ec9fb, L:/127.0.0.1:60142 - R:localhost/127.0.0.1:44618]' for 'GET' to 'http://localhost:44618/session/50f237672399725ed5ea53314edf5d8a/url'
00:51:17.092 [Forwarding getCurrentUrl on session 50f237672399725ed5ea53314edf5d8a to remote] DEBUG org.asynchttpclient.netty.request.NettyRequestSender - Using open Channel [id: 0xeb4ec9fb, L:/127.0.0.1:60142 - R:localhost/127.0.0.1:44618] for GET '/session/50f237672399725ed5ea53314edf5d8a/url'
00:51:17.096 [AsyncHttpClient-1-6] DEBUG org.asynchttpclient.netty.handler.HttpHandler - 

Request DefaultFullHttpRequest(decodeResult: success, version: HTTP/1.1, content: EmptyByteBufBE)
GET /session/50f237672399725ed5ea53314edf5d8a/url HTTP/1.1
User-Agent: selenium/4.7.1 (java windows)
Cache-Control: no-cache
Content-Type: application/json; charset=utf-8
host: localhost:44618
accept: */*

Response DefaultHttpResponse(decodeResult: success, version: HTTP/1.1)
HTTP/1.1 200 OK
Content-Type: application/json; charset=utf-8
cache-control: no-cache
content-length: 51

00:51:17.096 [AsyncHttpClient-1-6] DEBUG org.asynchttpclient.netty.channel.ChannelManager - Adding key: http://localhost:44618 for channel [id: 0xeb4ec9fb, L:/127.0.0.1:60142 - R:localhost/127.0.0.1:44618]
00:51:17.097 [Forwarding screenshot on session 50f237672399725ed5ea53314edf5d8a to remote] DEBUG org.asynchttpclient.netty.request.NettyRequestSender - Using pooled Channel '[id: 0xeb4ec9fb, L:/127.0.0.1:60142 - R:localhost/127.0.0.1:44618]' for 'GET' to 'http://localhost:44618/session/50f237672399725ed5ea53314edf5d8a/screenshot'
00:51:17.097 [Forwarding screenshot on session 50f237672399725ed5ea53314edf5d8a to remote] DEBUG org.asynchttpclient.netty.request.NettyRequestSender - Using open Channel [id: 0xeb4ec9fb, L:/127.0.0.1:60142 - R:localhost/127.0.0.1:44618] for GET '/session/50f237672399725ed5ea53314edf5d8a/screenshot'
00:51:17.196 [AsyncHttpClient-1-6] DEBUG org.asynchttpclient.netty.handler.HttpHandler - 

Request DefaultFullHttpRequest(decodeResult: success, version: HTTP/1.1, content: EmptyByteBufBE)
GET /session/50f237672399725ed5ea53314edf5d8a/screenshot HTTP/1.1
User-Agent: selenium/4.7.1 (java windows)
Cache-Control: no-cache
Content-Type: application/json; charset=utf-8
host: localhost:44618
accept: */*

Response DefaultHttpResponse(decodeResult: success, version: HTTP/1.1)
HTTP/1.1 200 OK
Content-Type: application/json; charset=utf-8
cache-control: no-cache
content-length: 30208

00:51:17.196 [AsyncHttpClient-1-6] DEBUG org.asynchttpclient.netty.channel.ChannelManager - Adding key: http://localhost:44618 for channel [id: 0xeb4ec9fb, L:/127.0.0.1:60142 - R:localhost/127.0.0.1:44618]
00:51:17.198 [main] DEBUG net.serenitybdd.core.photography.Darkroom - Send negative for processing for target\site\serenity\6e6e76f86be5abfd8e9ec27b649ea34760ae3b8f15b6c4fb53af6ac1bd160127.png
00:51:17.198 [main] DEBUG net.thucydides.core.steps.StepInterceptor - STEP DONE: inputPassword
00:51:17.198 [Darkroom Processing Line] DEBUG net.serenitybdd.core.photography.DarkroomProcessingLine - Processing screenshot image in /var/screenshots/screenshot-5958504944731910697
00:51:17.198 [Darkroom Processing Line] DEBUG net.serenitybdd.core.photography.DarkroomProcessingLine - Saving screenshot to target\site\serenity\6e6e76f86be5abfd8e9ec27b649ea34760ae3b8f15b6c4fb53af6ac1bd160127.png
00:51:17.203 [main] DEBUG net.thucydides.core.steps.StepInterceptor - STARTING STEP: TransaksiSteps.userBeradaDiHomepageAltaShopDanLoginAkun - klikButtonLoginKedua
00:51:17.205 [Forwarding findElement on session 50f237672399725ed5ea53314edf5d8a to remote] DEBUG org.asynchttpclient.netty.request.NettyRequestSender - Using pooled Channel '[id: 0xeb4ec9fb, L:/127.0.0.1:60142 - R:localhost/127.0.0.1:44618]' for 'POST' to 'http://localhost:44618/session/50f237672399725ed5ea53314edf5d8a/element'
00:51:17.205 [Forwarding findElement on session 50f237672399725ed5ea53314edf5d8a to remote] DEBUG org.asynchttpclient.netty.request.NettyRequestSender - Using open Channel [id: 0xeb4ec9fb, L:/127.0.0.1:60142 - R:localhost/127.0.0.1:44618] for POST '/session/50f237672399725ed5ea53314edf5d8a/element'
00:51:17.216 [AsyncHttpClient-1-6] DEBUG org.asynchttpclient.netty.handler.HttpHandler - 

Request DefaultHttpRequest(decodeResult: success, version: HTTP/1.1)
POST /session/50f237672399725ed5ea53314edf5d8a/element HTTP/1.1
User-Agent: selenium/4.7.1 (java windows)
Content-Length: 141
Content-Type: application/json; charset=utf-8
host: localhost:44618
accept: */*

Response DefaultHttpResponse(decodeResult: success, version: HTTP/1.1)
HTTP/1.1 200 OK
Content-Type: application/json; charset=utf-8
cache-control: no-cache
content-length: 88

00:51:17.216 [AsyncHttpClient-1-6] DEBUG org.asynchttpclient.netty.channel.ChannelManager - Adding key: http://localhost:44618 for channel [id: 0xeb4ec9fb, L:/127.0.0.1:60142 - R:localhost/127.0.0.1:44618]
00:51:17.218 [Forwarding getElementTagName on session 50f237672399725ed5ea53314edf5d8a to remote] DEBUG org.asynchttpclient.netty.request.NettyRequestSender - Using pooled Channel '[id: 0xeb4ec9fb, L:/127.0.0.1:60142 - R:localhost/127.0.0.1:44618]' for 'GET' to 'http://localhost:44618/session/50f237672399725ed5ea53314edf5d8a/element/bc4a680b-ec8c-41ea-b554-493751d14d76/name'
00:51:17.218 [Forwarding getElementTagName on session 50f237672399725ed5ea53314edf5d8a to remote] DEBUG org.asynchttpclient.netty.request.NettyRequestSender - Using open Channel [id: 0xeb4ec9fb, L:/127.0.0.1:60142 - R:localhost/127.0.0.1:44618] for GET '/session/50f237672399725ed5ea53314edf5d8a/element/bc4a680b-ec8c-41ea-b554-493751d14d76/name'
00:51:17.222 [AsyncHttpClient-1-6] DEBUG org.asynchttpclient.netty.handler.HttpHandler - 

Request DefaultFullHttpRequest(decodeResult: success, version: HTTP/1.1, content: EmptyByteBufBE)
GET /session/50f237672399725ed5ea53314edf5d8a/element/bc4a680b-ec8c-41ea-b554-493751d14d76/name HTTP/1.1
User-Agent: selenium/4.7.1 (java windows)
Cache-Control: no-cache
Content-Type: application/json; charset=utf-8
host: localhost:44618
accept: */*

Response DefaultHttpResponse(decodeResult: success, version: HTTP/1.1)
HTTP/1.1 200 OK
Content-Type: application/json; charset=utf-8
cache-control: no-cache
content-length: 18

00:51:17.223 [AsyncHttpClient-1-6] DEBUG org.asynchttpclient.netty.channel.ChannelManager - Adding key: http://localhost:44618 for channel [id: 0xeb4ec9fb, L:/127.0.0.1:60142 - R:localhost/127.0.0.1:44618]
00:51:17.223 [Forwarding getElementTagName on session 50f237672399725ed5ea53314edf5d8a to remote] DEBUG org.asynchttpclient.netty.request.NettyRequestSender - Using pooled Channel '[id: 0xeb4ec9fb, L:/127.0.0.1:60142 - R:localhost/127.0.0.1:44618]' for 'GET' to 'http://localhost:44618/session/50f237672399725ed5ea53314edf5d8a/element/bc4a680b-ec8c-41ea-b554-493751d14d76/name'
00:51:17.223 [Forwarding getElementTagName on session 50f237672399725ed5ea53314edf5d8a to remote] DEBUG org.asynchttpclient.netty.request.NettyRequestSender - Using open Channel [id: 0xeb4ec9fb, L:/127.0.0.1:60142 - R:localhost/127.0.0.1:44618] for GET '/session/50f237672399725ed5ea53314edf5d8a/element/bc4a680b-ec8c-41ea-b554-493751d14d76/name'
00:51:17.226 [AsyncHttpClient-1-6] DEBUG org.asynchttpclient.netty.handler.HttpHandler - 

Request DefaultFullHttpRequest(decodeResult: success, version: HTTP/1.1, content: EmptyByteBufBE)
GET /session/50f237672399725ed5ea53314edf5d8a/element/bc4a680b-ec8c-41ea-b554-493751d14d76/name HTTP/1.1
User-Agent: selenium/4.7.1 (java windows)
Cache-Control: no-cache
Content-Type: application/json; charset=utf-8
host: localhost:44618
accept: */*

Response DefaultHttpResponse(decodeResult: success, version: HTTP/1.1)
HTTP/1.1 200 OK
Content-Type: application/json; charset=utf-8
cache-control: no-cache
content-length: 18

00:51:17.226 [AsyncHttpClient-1-6] DEBUG org.asynchttpclient.netty.channel.ChannelManager - Adding key: http://localhost:44618 for channel [id: 0xeb4ec9fb, L:/127.0.0.1:60142 - R:localhost/127.0.0.1:44618]
00:51:17.228 [Forwarding isElementEnabled on session 50f237672399725ed5ea53314edf5d8a to remote] DEBUG org.asynchttpclient.netty.request.NettyRequestSender - Using pooled Channel '[id: 0xeb4ec9fb, L:/127.0.0.1:60142 - R:localhost/127.0.0.1:44618]' for 'GET' to 'http://localhost:44618/session/50f237672399725ed5ea53314edf5d8a/element/bc4a680b-ec8c-41ea-b554-493751d14d76/enabled'
00:51:17.228 [Forwarding isElementEnabled on session 50f237672399725ed5ea53314edf5d8a to remote] DEBUG org.asynchttpclient.netty.request.NettyRequestSender - Using open Channel [id: 0xeb4ec9fb, L:/127.0.0.1:60142 - R:localhost/127.0.0.1:44618] for GET '/session/50f237672399725ed5ea53314edf5d8a/element/bc4a680b-ec8c-41ea-b554-493751d14d76/enabled'
00:51:17.237 [AsyncHttpClient-1-6] DEBUG org.asynchttpclient.netty.handler.HttpHandler - 

Request DefaultFullHttpRequest(decodeResult: success, version: HTTP/1.1, content: EmptyByteBufBE)
GET /session/50f237672399725ed5ea53314edf5d8a/element/bc4a680b-ec8c-41ea-b554-493751d14d76/enabled HTTP/1.1
User-Agent: selenium/4.7.1 (java windows)
Cache-Control: no-cache
Content-Type: application/json; charset=utf-8
host: localhost:44618
accept: */*

Response DefaultHttpResponse(decodeResult: success, version: HTTP/1.1)
HTTP/1.1 200 OK
Content-Type: application/json; charset=utf-8
cache-control: no-cache
content-length: 14

00:51:17.237 [AsyncHttpClient-1-6] DEBUG org.asynchttpclient.netty.channel.ChannelManager - Adding key: http://localhost:44618 for channel [id: 0xeb4ec9fb, L:/127.0.0.1:60142 - R:localhost/127.0.0.1:44618]
00:51:17.238 [Forwarding isElementEnabled on session 50f237672399725ed5ea53314edf5d8a to remote] DEBUG org.asynchttpclient.netty.request.NettyRequestSender - Using pooled Channel '[id: 0xeb4ec9fb, L:/127.0.0.1:60142 - R:localhost/127.0.0.1:44618]' for 'GET' to 'http://localhost:44618/session/50f237672399725ed5ea53314edf5d8a/element/bc4a680b-ec8c-41ea-b554-493751d14d76/enabled'
00:51:17.238 [Forwarding isElementEnabled on session 50f237672399725ed5ea53314edf5d8a to remote] DEBUG org.asynchttpclient.netty.request.NettyRequestSender - Using open Channel [id: 0xeb4ec9fb, L:/127.0.0.1:60142 - R:localhost/127.0.0.1:44618] for GET '/session/50f237672399725ed5ea53314edf5d8a/element/bc4a680b-ec8c-41ea-b554-493751d14d76/enabled'
00:51:17.244 [AsyncHttpClient-1-6] DEBUG org.asynchttpclient.netty.handler.HttpHandler - 

Request DefaultFullHttpRequest(decodeResult: success, version: HTTP/1.1, content: EmptyByteBufBE)
GET /session/50f237672399725ed5ea53314edf5d8a/element/bc4a680b-ec8c-41ea-b554-493751d14d76/enabled HTTP/1.1
User-Agent: selenium/4.7.1 (java windows)
Cache-Control: no-cache
Content-Type: application/json; charset=utf-8
host: localhost:44618
accept: */*

Response DefaultHttpResponse(decodeResult: success, version: HTTP/1.1)
HTTP/1.1 200 OK
Content-Type: application/json; charset=utf-8
cache-control: no-cache
content-length: 14

00:51:17.244 [AsyncHttpClient-1-6] DEBUG org.asynchttpclient.netty.channel.ChannelManager - Adding key: http://localhost:44618 for channel [id: 0xeb4ec9fb, L:/127.0.0.1:60142 - R:localhost/127.0.0.1:44618]
00:51:17.246 [Forwarding findElement on session 50f237672399725ed5ea53314edf5d8a to remote] DEBUG org.asynchttpclient.netty.request.NettyRequestSender - Using pooled Channel '[id: 0xeb4ec9fb, L:/127.0.0.1:60142 - R:localhost/127.0.0.1:44618]' for 'POST' to 'http://localhost:44618/session/50f237672399725ed5ea53314edf5d8a/element'
00:51:17.246 [Forwarding findElement on session 50f237672399725ed5ea53314edf5d8a to remote] DEBUG org.asynchttpclient.netty.request.NettyRequestSender - Using open Channel [id: 0xeb4ec9fb, L:/127.0.0.1:60142 - R:localhost/127.0.0.1:44618] for POST '/session/50f237672399725ed5ea53314edf5d8a/element'
00:51:17.255 [AsyncHttpClient-1-6] DEBUG org.asynchttpclient.netty.handler.HttpHandler - 

Request DefaultHttpRequest(decodeResult: success, version: HTTP/1.1)
POST /session/50f237672399725ed5ea53314edf5d8a/element HTTP/1.1
User-Agent: selenium/4.7.1 (java windows)
Content-Length: 141
Content-Type: application/json; charset=utf-8
host: localhost:44618
accept: */*

Response DefaultHttpResponse(decodeResult: success, version: HTTP/1.1)
HTTP/1.1 200 OK
Content-Type: application/json; charset=utf-8
cache-control: no-cache
content-length: 88

00:51:17.255 [AsyncHttpClient-1-6] DEBUG org.asynchttpclient.netty.channel.ChannelManager - Adding key: http://localhost:44618 for channel [id: 0xeb4ec9fb, L:/127.0.0.1:60142 - R:localhost/127.0.0.1:44618]
00:51:17.256 [Forwarding clickElement on session 50f237672399725ed5ea53314edf5d8a to remote] DEBUG org.asynchttpclient.netty.request.NettyRequestSender - Using pooled Channel '[id: 0xeb4ec9fb, L:/127.0.0.1:60142 - R:localhost/127.0.0.1:44618]' for 'POST' to 'http://localhost:44618/session/50f237672399725ed5ea53314edf5d8a/element/bc4a680b-ec8c-41ea-b554-493751d14d76/click'
00:51:17.257 [Forwarding clickElement on session 50f237672399725ed5ea53314edf5d8a to remote] DEBUG org.asynchttpclient.netty.request.NettyRequestSender - Using open Channel [id: 0xeb4ec9fb, L:/127.0.0.1:60142 - R:localhost/127.0.0.1:44618] for POST '/session/50f237672399725ed5ea53314edf5d8a/element/bc4a680b-ec8c-41ea-b554-493751d14d76/click'
00:51:17.309 [AsyncHttpClient-1-6] DEBUG org.asynchttpclient.netty.handler.HttpHandler - 

Request DefaultHttpRequest(decodeResult: success, version: HTTP/1.1)
POST /session/50f237672399725ed5ea53314edf5d8a/element/bc4a680b-ec8c-41ea-b554-493751d14d76/click HTTP/1.1
User-Agent: selenium/4.7.1 (java windows)
Content-Length: 50
Content-Type: application/json; charset=utf-8
host: localhost:44618
accept: */*

Response DefaultHttpResponse(decodeResult: success, version: HTTP/1.1)
HTTP/1.1 200 OK
Content-Type: application/json; charset=utf-8
cache-control: no-cache
content-length: 14

00:51:17.309 [AsyncHttpClient-1-6] DEBUG org.asynchttpclient.netty.channel.ChannelManager - Adding key: http://localhost:44618 for channel [id: 0xeb4ec9fb, L:/127.0.0.1:60142 - R:localhost/127.0.0.1:44618]
00:51:17.317 [Forwarding getCurrentWindowHandle on session 50f237672399725ed5ea53314edf5d8a to remote] DEBUG org.asynchttpclient.netty.request.NettyRequestSender - Using pooled Channel '[id: 0xeb4ec9fb, L:/127.0.0.1:60142 - R:localhost/127.0.0.1:44618]' for 'GET' to 'http://localhost:44618/session/50f237672399725ed5ea53314edf5d8a/window'
00:51:17.317 [Forwarding getCurrentWindowHandle on session 50f237672399725ed5ea53314edf5d8a to remote] DEBUG org.asynchttpclient.netty.request.NettyRequestSender - Using open Channel [id: 0xeb4ec9fb, L:/127.0.0.1:60142 - R:localhost/127.0.0.1:44618] for GET '/session/50f237672399725ed5ea53314edf5d8a/window'
00:51:17.318 [AsyncHttpClient-1-6] DEBUG org.asynchttpclient.netty.handler.HttpHandler - 

Request DefaultFullHttpRequest(decodeResult: success, version: HTTP/1.1, content: EmptyByteBufBE)
GET /session/50f237672399725ed5ea53314edf5d8a/window HTTP/1.1
User-Agent: selenium/4.7.1 (java windows)
Cache-Control: no-cache
Content-Type: application/json; charset=utf-8
host: localhost:44618
accept: */*

Response DefaultHttpResponse(decodeResult: success, version: HTTP/1.1)
HTTP/1.1 200 OK
Content-Type: application/json; charset=utf-8
cache-control: no-cache
content-length: 44

00:51:17.319 [AsyncHttpClient-1-6] DEBUG org.asynchttpclient.netty.channel.ChannelManager - Adding key: http://localhost:44618 for channel [id: 0xeb4ec9fb, L:/127.0.0.1:60142 - R:localhost/127.0.0.1:44618]
00:51:17.320 [Forwarding getAlertText on session 50f237672399725ed5ea53314edf5d8a to remote] DEBUG org.asynchttpclient.netty.request.NettyRequestSender - Using pooled Channel '[id: 0xeb4ec9fb, L:/127.0.0.1:60142 - R:localhost/127.0.0.1:44618]' for 'GET' to 'http://localhost:44618/session/50f237672399725ed5ea53314edf5d8a/alert/text'
00:51:17.320 [Forwarding getAlertText on session 50f237672399725ed5ea53314edf5d8a to remote] DEBUG org.asynchttpclient.netty.request.NettyRequestSender - Using open Channel [id: 0xeb4ec9fb, L:/127.0.0.1:60142 - R:localhost/127.0.0.1:44618] for GET '/session/50f237672399725ed5ea53314edf5d8a/alert/text'
00:51:17.323 [AsyncHttpClient-1-6] DEBUG org.asynchttpclient.netty.handler.HttpHandler - 

Request DefaultFullHttpRequest(decodeResult: success, version: HTTP/1.1, content: EmptyByteBufBE)
GET /session/50f237672399725ed5ea53314edf5d8a/alert/text HTTP/1.1
User-Agent: selenium/4.7.1 (java windows)
Cache-Control: no-cache
Content-Type: application/json; charset=utf-8
host: localhost:44618
accept: */*

Response DefaultHttpResponse(decodeResult: success, version: HTTP/1.1)
HTTP/1.1 404 Not Found
Content-Type: application/json; charset=utf-8
cache-control: no-cache
content-length: 849

00:51:17.323 [AsyncHttpClient-1-6] DEBUG org.asynchttpclient.netty.channel.ChannelManager - Adding key: http://localhost:44618 for channel [id: 0xeb4ec9fb, L:/127.0.0.1:60142 - R:localhost/127.0.0.1:44618]
00:51:17.324 [Forwarding switchToWindow on session 50f237672399725ed5ea53314edf5d8a to remote] DEBUG org.asynchttpclient.netty.request.NettyRequestSender - Using pooled Channel '[id: 0xeb4ec9fb, L:/127.0.0.1:60142 - R:localhost/127.0.0.1:44618]' for 'POST' to 'http://localhost:44618/session/50f237672399725ed5ea53314edf5d8a/window'
00:51:17.324 [Forwarding switchToWindow on session 50f237672399725ed5ea53314edf5d8a to remote] DEBUG org.asynchttpclient.netty.request.NettyRequestSender - Using open Channel [id: 0xeb4ec9fb, L:/127.0.0.1:60142 - R:localhost/127.0.0.1:44618] for POST '/session/50f237672399725ed5ea53314edf5d8a/window'
00:51:17.326 [AsyncHttpClient-1-6] DEBUG org.asynchttpclient.netty.handler.HttpHandler - 

Request DefaultHttpRequest(decodeResult: success, version: HTTP/1.1)
POST /session/50f237672399725ed5ea53314edf5d8a/window HTTP/1.1
User-Agent: selenium/4.7.1 (java windows)
Content-Length: 50
Content-Type: application/json; charset=utf-8
host: localhost:44618
accept: */*

Response DefaultHttpResponse(decodeResult: success, version: HTTP/1.1)
HTTP/1.1 200 OK
Content-Type: application/json; charset=utf-8
cache-control: no-cache
content-length: 14

00:51:17.331 [AsyncHttpClient-1-6] DEBUG org.asynchttpclient.netty.channel.ChannelManager - Adding key: http://localhost:44618 for channel [id: 0xeb4ec9fb, L:/127.0.0.1:60142 - R:localhost/127.0.0.1:44618]
00:51:17.331 [Forwarding getCurrentUrl on session 50f237672399725ed5ea53314edf5d8a to remote] DEBUG org.asynchttpclient.netty.request.NettyRequestSender - Using pooled Channel '[id: 0xeb4ec9fb, L:/127.0.0.1:60142 - R:localhost/127.0.0.1:44618]' for 'GET' to 'http://localhost:44618/session/50f237672399725ed5ea53314edf5d8a/url'
00:51:17.331 [Forwarding getCurrentUrl on session 50f237672399725ed5ea53314edf5d8a to remote] DEBUG org.asynchttpclient.netty.request.NettyRequestSender - Using open Channel [id: 0xeb4ec9fb, L:/127.0.0.1:60142 - R:localhost/127.0.0.1:44618] for GET '/session/50f237672399725ed5ea53314edf5d8a/url'
00:51:17.338 [AsyncHttpClient-1-6] DEBUG org.asynchttpclient.netty.handler.HttpHandler - 

Request DefaultFullHttpRequest(decodeResult: success, version: HTTP/1.1, content: EmptyByteBufBE)
GET /session/50f237672399725ed5ea53314edf5d8a/url HTTP/1.1
User-Agent: selenium/4.7.1 (java windows)
Cache-Control: no-cache
Content-Type: application/json; charset=utf-8
host: localhost:44618
accept: */*

Response DefaultHttpResponse(decodeResult: success, version: HTTP/1.1)
HTTP/1.1 200 OK
Content-Type: application/json; charset=utf-8
cache-control: no-cache
content-length: 51

00:51:17.338 [AsyncHttpClient-1-6] DEBUG org.asynchttpclient.netty.channel.ChannelManager - Adding key: http://localhost:44618 for channel [id: 0xeb4ec9fb, L:/127.0.0.1:60142 - R:localhost/127.0.0.1:44618]
00:51:17.339 [Forwarding screenshot on session 50f237672399725ed5ea53314edf5d8a to remote] DEBUG org.asynchttpclient.netty.request.NettyRequestSender - Using pooled Channel '[id: 0xeb4ec9fb, L:/127.0.0.1:60142 - R:localhost/127.0.0.1:44618]' for 'GET' to 'http://localhost:44618/session/50f237672399725ed5ea53314edf5d8a/screenshot'
00:51:17.339 [Forwarding screenshot on session 50f237672399725ed5ea53314edf5d8a to remote] DEBUG org.asynchttpclient.netty.request.NettyRequestSender - Using open Channel [id: 0xeb4ec9fb, L:/127.0.0.1:60142 - R:localhost/127.0.0.1:44618] for GET '/session/50f237672399725ed5ea53314edf5d8a/screenshot'
00:51:17.450 [AsyncHttpClient-1-6] DEBUG org.asynchttpclient.netty.handler.HttpHandler - 

Request DefaultFullHttpRequest(decodeResult: success, version: HTTP/1.1, content: EmptyByteBufBE)
GET /session/50f237672399725ed5ea53314edf5d8a/screenshot HTTP/1.1
User-Agent: selenium/4.7.1 (java windows)
Cache-Control: no-cache
Content-Type: application/json; charset=utf-8
host: localhost:44618
accept: */*

Response DefaultHttpResponse(decodeResult: success, version: HTTP/1.1)
HTTP/1.1 200 OK
Content-Type: application/json; charset=utf-8
cache-control: no-cache
content-length: 29840

00:51:17.451 [AsyncHttpClient-1-6] DEBUG org.asynchttpclient.netty.channel.ChannelManager - Adding key: http://localhost:44618 for channel [id: 0xeb4ec9fb, L:/127.0.0.1:60142 - R:localhost/127.0.0.1:44618]
00:51:17.454 [main] DEBUG net.serenitybdd.core.photography.Darkroom - Send negative for processing for target\site\serenity\4b2ddcbde7ba9f203fd695e4d6833bb5c9ab2c498a3369517b0e01753a90b31a.png
00:51:17.454 [main] DEBUG net.thucydides.core.steps.StepInterceptor - STEP DONE: klikButtonLoginKedua
00:51:17.454 [Darkroom Processing Line] DEBUG net.serenitybdd.core.photography.DarkroomProcessingLine - Processing screenshot image in /var/screenshots/screenshot-7929927827342412874
00:51:17.454 [Darkroom Processing Line] DEBUG net.serenitybdd.core.photography.DarkroomProcessingLine - Saving screenshot to target\site\serenity\4b2ddcbde7ba9f203fd695e4d6833bb5c9ab2c498a3369517b0e01753a90b31a.png
  &amp#27;[32mGiven &amp#27;[0m&amp#27;[32muser berada di Homepage AltaShop dan login akun&amp#27;[0m                   &amp#27;[90m# starter.stepdefinitions.TransaksiSteps.userBeradaDiHomepageAltaShopDanLoginAkun()&amp#27;[0m
00:51:17.466 [main] DEBUG net.thucydides.core.steps.StepInterceptor - STARTING STEP: TransaksiSteps.userKlikSelectCategories - klikFieldCategories
00:51:17.470 [Forwarding findElement on session 50f237672399725ed5ea53314edf5d8a to remote] DEBUG org.asynchttpclient.netty.request.NettyRequestSender - Using pooled Channel '[id: 0xeb4ec9fb, L:/127.0.0.1:60142 - R:localhost/127.0.0.1:44618]' for 'POST' to 'http://localhost:44618/session/50f237672399725ed5ea53314edf5d8a/element'
00:51:17.470 [Forwarding findElement on session 50f237672399725ed5ea53314edf5d8a to remote] DEBUG org.asynchttpclient.netty.request.NettyRequestSender - Using open Channel [id: 0xeb4ec9fb, L:/127.0.0.1:60142 - R:localhost/127.0.0.1:44618] for POST '/session/50f237672399725ed5ea53314edf5d8a/element'
00:51:18.130 [AsyncHttpClient-1-1] DEBUG org.asynchttpclient.netty.channel.DefaultChannelPool - Entry count for : http://localhost:60143 : 1
00:51:19.230 [AsyncHttpClient-1-1] DEBUG org.asynchttpclient.netty.channel.DefaultChannelPool - Entry count for : http://localhost:60143 : 1
00:51:19.722 [AsyncHttpClient-1-6] DEBUG org.asynchttpclient.netty.handler.HttpHandler - 

Request DefaultHttpRequest(decodeResult: success, version: HTTP/1.1)
POST /session/50f237672399725ed5ea53314edf5d8a/element HTTP/1.1
User-Agent: selenium/4.7.1 (java windows)
Content-Length: 160
Content-Type: application/json; charset=utf-8
host: localhost:44618
accept: */*

Response DefaultHttpResponse(decodeResult: success, version: HTTP/1.1)
HTTP/1.1 200 OK
Content-Type: application/json; charset=utf-8
cache-control: no-cache
content-length: 88

00:51:19.722 [AsyncHttpClient-1-6] DEBUG org.asynchttpclient.netty.channel.ChannelManager - Adding key: http://localhost:44618 for channel [id: 0xeb4ec9fb, L:/127.0.0.1:60142 - R:localhost/127.0.0.1:44618]
00:51:19.723 [Forwarding getElementTagName on session 50f237672399725ed5ea53314edf5d8a to remote] DEBUG org.asynchttpclient.netty.request.NettyRequestSender - Using pooled Channel '[id: 0xeb4ec9fb, L:/127.0.0.1:60142 - R:localhost/127.0.0.1:44618]' for 'GET' to 'http://localhost:44618/session/50f237672399725ed5ea53314edf5d8a/element/76d31ca2-eb22-4185-a339-7d30cce51512/name'
00:51:19.723 [Forwarding getElementTagName on session 50f237672399725ed5ea53314edf5d8a to remote] DEBUG org.asynchttpclient.netty.request.NettyRequestSender - Using open Channel [id: 0xeb4ec9fb, L:/127.0.0.1:60142 - R:localhost/127.0.0.1:44618] for GET '/session/50f237672399725ed5ea53314edf5d8a/element/76d31ca2-eb22-4185-a339-7d30cce51512/name'
00:51:19.730 [AsyncHttpClient-1-6] DEBUG org.asynchttpclient.netty.handler.HttpHandler - 

Request DefaultFullHttpRequest(decodeResult: success, version: HTTP/1.1, content: EmptyByteBufBE)
GET /session/50f237672399725ed5ea53314edf5d8a/element/76d31ca2-eb22-4185-a339-7d30cce51512/name HTTP/1.1
User-Agent: selenium/4.7.1 (java windows)
Cache-Control: no-cache
Content-Type: application/json; charset=utf-8
host: localhost:44618
accept: */*

Response DefaultHttpResponse(decodeResult: success, version: HTTP/1.1)
HTTP/1.1 200 OK
Content-Type: application/json; charset=utf-8
cache-control: no-cache
content-length: 15

00:51:19.731 [AsyncHttpClient-1-6] DEBUG org.asynchttpclient.netty.channel.ChannelManager - Adding key: http://localhost:44618 for channel [id: 0xeb4ec9fb, L:/127.0.0.1:60142 - R:localhost/127.0.0.1:44618]
00:51:19.731 [Forwarding getElementTagName on session 50f237672399725ed5ea53314edf5d8a to remote] DEBUG org.asynchttpclient.netty.request.NettyRequestSender - Using pooled Channel '[id: 0xeb4ec9fb, L:/127.0.0.1:60142 - R:localhost/127.0.0.1:44618]' for 'GET' to 'http://localhost:44618/session/50f237672399725ed5ea53314edf5d8a/element/76d31ca2-eb22-4185-a339-7d30cce51512/name'
00:51:19.732 [Forwarding getElementTagName on session 50f237672399725ed5ea53314edf5d8a to remote] DEBUG org.asynchttpclient.netty.request.NettyRequestSender - Using open Channel [id: 0xeb4ec9fb, L:/127.0.0.1:60142 - R:localhost/127.0.0.1:44618] for GET '/session/50f237672399725ed5ea53314edf5d8a/element/76d31ca2-eb22-4185-a339-7d30cce51512/name'
00:51:19.735 [AsyncHttpClient-1-6] DEBUG org.asynchttpclient.netty.handler.HttpHandler - 

Request DefaultFullHttpRequest(decodeResult: success, version: HTTP/1.1, content: EmptyByteBufBE)
GET /session/50f237672399725ed5ea53314edf5d8a/element/76d31ca2-eb22-4185-a339-7d30cce51512/name HTTP/1.1
User-Agent: selenium/4.7.1 (java windows)
Cache-Control: no-cache
Content-Type: application/json; charset=utf-8
host: localhost:44618
accept: */*

Response DefaultHttpResponse(decodeResult: success, version: HTTP/1.1)
HTTP/1.1 200 OK
Content-Type: application/json; charset=utf-8
cache-control: no-cache
content-length: 15

00:51:19.735 [AsyncHttpClient-1-6] DEBUG org.asynchttpclient.netty.channel.ChannelManager - Adding key: http://localhost:44618 for channel [id: 0xeb4ec9fb, L:/127.0.0.1:60142 - R:localhost/127.0.0.1:44618]
00:51:19.737 [Forwarding findElement on session 50f237672399725ed5ea53314edf5d8a to remote] DEBUG org.asynchttpclient.netty.request.NettyRequestSender - Using pooled Channel '[id: 0xeb4ec9fb, L:/127.0.0.1:60142 - R:localhost/127.0.0.1:44618]' for 'POST' to 'http://localhost:44618/session/50f237672399725ed5ea53314edf5d8a/element'
00:51:19.737 [Forwarding findElement on session 50f237672399725ed5ea53314edf5d8a to remote] DEBUG org.asynchttpclient.netty.request.NettyRequestSender - Using open Channel [id: 0xeb4ec9fb, L:/127.0.0.1:60142 - R:localhost/127.0.0.1:44618] for POST '/session/50f237672399725ed5ea53314edf5d8a/element'
00:51:19.744 [AsyncHttpClient-1-6] DEBUG org.asynchttpclient.netty.handler.HttpHandler - 

Request DefaultHttpRequest(decodeResult: success, version: HTTP/1.1)
POST /session/50f237672399725ed5ea53314edf5d8a/element HTTP/1.1
User-Agent: selenium/4.7.1 (java windows)
Content-Length: 160
Content-Type: application/json; charset=utf-8
host: localhost:44618
accept: */*

Response DefaultHttpResponse(decodeResult: success, version: HTTP/1.1)
HTTP/1.1 200 OK
Content-Type: application/json; charset=utf-8
cache-control: no-cache
content-length: 88

00:51:19.744 [AsyncHttpClient-1-6] DEBUG org.asynchttpclient.netty.channel.ChannelManager - Adding key: http://localhost:44618 for channel [id: 0xeb4ec9fb, L:/127.0.0.1:60142 - R:localhost/127.0.0.1:44618]
00:51:19.745 [Forwarding clickElement on session 50f237672399725ed5ea53314edf5d8a to remote] DEBUG org.asynchttpclient.netty.request.NettyRequestSender - Using pooled Channel '[id: 0xeb4ec9fb, L:/127.0.0.1:60142 - R:localhost/127.0.0.1:44618]' for 'POST' to 'http://localhost:44618/session/50f237672399725ed5ea53314edf5d8a/element/76d31ca2-eb22-4185-a339-7d30cce51512/click'
00:51:19.745 [Forwarding clickElement on session 50f237672399725ed5ea53314edf5d8a to remote] DEBUG org.asynchttpclient.netty.request.NettyRequestSender - Using open Channel [id: 0xeb4ec9fb, L:/127.0.0.1:60142 - R:localhost/127.0.0.1:44618] for POST '/session/50f237672399725ed5ea53314edf5d8a/element/76d31ca2-eb22-4185-a339-7d30cce51512/click'
00:51:19.793 [AsyncHttpClient-1-6] DEBUG org.asynchttpclient.netty.handler.HttpHandler - 

Request DefaultHttpRequest(decodeResult: success, version: HTTP/1.1)
POST /session/50f237672399725ed5ea53314edf5d8a/element/76d31ca2-eb22-4185-a339-7d30cce51512/click HTTP/1.1
User-Agent: selenium/4.7.1 (java windows)
Content-Length: 50
Content-Type: application/json; charset=utf-8
host: localhost:44618
accept: */*

Response DefaultHttpResponse(decodeResult: success, version: HTTP/1.1)
HTTP/1.1 200 OK
Content-Type: application/json; charset=utf-8
cache-control: no-cache
content-length: 14

00:51:19.793 [AsyncHttpClient-1-6] DEBUG org.asynchttpclient.netty.channel.ChannelManager - Adding key: http://localhost:44618 for channel [id: 0xeb4ec9fb, L:/127.0.0.1:60142 - R:localhost/127.0.0.1:44618]
00:51:19.800 [Forwarding getCurrentWindowHandle on session 50f237672399725ed5ea53314edf5d8a to remote] DEBUG org.asynchttpclient.netty.request.NettyRequestSender - Using pooled Channel '[id: 0xeb4ec9fb, L:/127.0.0.1:60142 - R:localhost/127.0.0.1:44618]' for 'GET' to 'http://localhost:44618/session/50f237672399725ed5ea53314edf5d8a/window'
00:51:19.800 [Forwarding getCurrentWindowHandle on session 50f237672399725ed5ea53314edf5d8a to remote] DEBUG org.asynchttpclient.netty.request.NettyRequestSender - Using open Channel [id: 0xeb4ec9fb, L:/127.0.0.1:60142 - R:localhost/127.0.0.1:44618] for GET '/session/50f237672399725ed5ea53314edf5d8a/window'
00:51:19.801 [AsyncHttpClient-1-6] DEBUG org.asynchttpclient.netty.handler.HttpHandler - 

Request DefaultFullHttpRequest(decodeResult: success, version: HTTP/1.1, content: EmptyByteBufBE)
GET /session/50f237672399725ed5ea53314edf5d8a/window HTTP/1.1
User-Agent: selenium/4.7.1 (java windows)
Cache-Control: no-cache
Content-Type: application/json; charset=utf-8
host: localhost:44618
accept: */*

Response DefaultHttpResponse(decodeResult: success, version: HTTP/1.1)
HTTP/1.1 200 OK
Content-Type: application/json; charset=utf-8
cache-control: no-cache
content-length: 44

00:51:19.801 [AsyncHttpClient-1-6] DEBUG org.asynchttpclient.netty.channel.ChannelManager - Adding key: http://localhost:44618 for channel [id: 0xeb4ec9fb, L:/127.0.0.1:60142 - R:localhost/127.0.0.1:44618]
00:51:19.802 [Forwarding getAlertText on session 50f237672399725ed5ea53314edf5d8a to remote] DEBUG org.asynchttpclient.netty.request.NettyRequestSender - Using pooled Channel '[id: 0xeb4ec9fb, L:/127.0.0.1:60142 - R:localhost/127.0.0.1:44618]' for 'GET' to 'http://localhost:44618/session/50f237672399725ed5ea53314edf5d8a/alert/text'
00:51:19.802 [Forwarding getAlertText on session 50f237672399725ed5ea53314edf5d8a to remote] DEBUG org.asynchttpclient.netty.request.NettyRequestSender - Using open Channel [id: 0xeb4ec9fb, L:/127.0.0.1:60142 - R:localhost/127.0.0.1:44618] for GET '/session/50f237672399725ed5ea53314edf5d8a/alert/text'
00:51:19.804 [AsyncHttpClient-1-6] DEBUG org.asynchttpclient.netty.handler.HttpHandler - 

Request DefaultFullHttpRequest(decodeResult: success, version: HTTP/1.1, content: EmptyByteBufBE)
GET /session/50f237672399725ed5ea53314edf5d8a/alert/text HTTP/1.1
User-Agent: selenium/4.7.1 (java windows)
Cache-Control: no-cache
Content-Type: application/json; charset=utf-8
host: localhost:44618
accept: */*

Response DefaultHttpResponse(decodeResult: success, version: HTTP/1.1)
HTTP/1.1 404 Not Found
Content-Type: application/json; charset=utf-8
cache-control: no-cache
content-length: 849

00:51:19.804 [AsyncHttpClient-1-6] DEBUG org.asynchttpclient.netty.channel.ChannelManager - Adding key: http://localhost:44618 for channel [id: 0xeb4ec9fb, L:/127.0.0.1:60142 - R:localhost/127.0.0.1:44618]
00:51:19.806 [Forwarding switchToWindow on session 50f237672399725ed5ea53314edf5d8a to remote] DEBUG org.asynchttpclient.netty.request.NettyRequestSender - Using pooled Channel '[id: 0xeb4ec9fb, L:/127.0.0.1:60142 - R:localhost/127.0.0.1:44618]' for 'POST' to 'http://localhost:44618/session/50f237672399725ed5ea53314edf5d8a/window'
00:51:19.806 [Forwarding switchToWindow on session 50f237672399725ed5ea53314edf5d8a to remote] DEBUG org.asynchttpclient.netty.request.NettyRequestSender - Using open Channel [id: 0xeb4ec9fb, L:/127.0.0.1:60142 - R:localhost/127.0.0.1:44618] for POST '/session/50f237672399725ed5ea53314edf5d8a/window'
00:51:19.808 [AsyncHttpClient-1-6] DEBUG org.asynchttpclient.netty.handler.HttpHandler - 

Request DefaultHttpRequest(decodeResult: success, version: HTTP/1.1)
POST /session/50f237672399725ed5ea53314edf5d8a/window HTTP/1.1
User-Agent: selenium/4.7.1 (java windows)
Content-Length: 50
Content-Type: application/json; charset=utf-8
host: localhost:44618
accept: */*

Response DefaultHttpResponse(decodeResult: success, version: HTTP/1.1)
HTTP/1.1 200 OK
Content-Type: application/json; charset=utf-8
cache-control: no-cache
content-length: 14

00:51:19.808 [AsyncHttpClient-1-6] DEBUG org.asynchttpclient.netty.channel.ChannelManager - Adding key: http://localhost:44618 for channel [id: 0xeb4ec9fb, L:/127.0.0.1:60142 - R:localhost/127.0.0.1:44618]
00:51:19.809 [Forwarding getCurrentUrl on session 50f237672399725ed5ea53314edf5d8a to remote] DEBUG org.asynchttpclient.netty.request.NettyRequestSender - Using pooled Channel '[id: 0xeb4ec9fb, L:/127.0.0.1:60142 - R:localhost/127.0.0.1:44618]' for 'GET' to 'http://localhost:44618/session/50f237672399725ed5ea53314edf5d8a/url'
00:51:19.809 [Forwarding getCurrentUrl on session 50f237672399725ed5ea53314edf5d8a to remote] DEBUG org.asynchttpclient.netty.request.NettyRequestSender - Using open Channel [id: 0xeb4ec9fb, L:/127.0.0.1:60142 - R:localhost/127.0.0.1:44618] for GET '/session/50f237672399725ed5ea53314edf5d8a/url'
00:51:19.813 [AsyncHttpClient-1-6] DEBUG org.asynchttpclient.netty.handler.HttpHandler - 

Request DefaultFullHttpRequest(decodeResult: success, version: HTTP/1.1, content: EmptyByteBufBE)
GET /session/50f237672399725ed5ea53314edf5d8a/url HTTP/1.1
User-Agent: selenium/4.7.1 (java windows)
Cache-Control: no-cache
Content-Type: application/json; charset=utf-8
host: localhost:44618
accept: */*

Response DefaultHttpResponse(decodeResult: success, version: HTTP/1.1)
HTTP/1.1 200 OK
Content-Type: application/json; charset=utf-8
cache-control: no-cache
content-length: 41

00:51:19.813 [AsyncHttpClient-1-6] DEBUG org.asynchttpclient.netty.channel.ChannelManager - Adding key: http://localhost:44618 for channel [id: 0xeb4ec9fb, L:/127.0.0.1:60142 - R:localhost/127.0.0.1:44618]
00:51:19.813 [Forwarding screenshot on session 50f237672399725ed5ea53314edf5d8a to remote] DEBUG org.asynchttpclient.netty.request.NettyRequestSender - Using pooled Channel '[id: 0xeb4ec9fb, L:/127.0.0.1:60142 - R:localhost/127.0.0.1:44618]' for 'GET' to 'http://localhost:44618/session/50f237672399725ed5ea53314edf5d8a/screenshot'
00:51:19.814 [Forwarding screenshot on session 50f237672399725ed5ea53314edf5d8a to remote] DEBUG org.asynchttpclient.netty.request.NettyRequestSender - Using open Channel [id: 0xeb4ec9fb, L:/127.0.0.1:60142 - R:localhost/127.0.0.1:44618] for GET '/session/50f237672399725ed5ea53314edf5d8a/screenshot'
00:51:19.905 [AsyncHttpClient-1-6] DEBUG org.asynchttpclient.netty.handler.HttpHandler - 

Request DefaultFullHttpRequest(decodeResult: success, version: HTTP/1.1, content: EmptyByteBufBE)
GET /session/50f237672399725ed5ea53314edf5d8a/screenshot HTTP/1.1
User-Agent: selenium/4.7.1 (java windows)
Cache-Control: no-cache
Content-Type: application/json; charset=utf-8
host: localhost:44618
accept: */*

Response DefaultHttpResponse(decodeResult: success, version: HTTP/1.1)
HTTP/1.1 200 OK
Content-Type: application/json; charset=utf-8
cache-control: no-cache
content-length: 29208

00:51:19.905 [AsyncHttpClient-1-6] DEBUG org.asynchttpclient.netty.channel.ChannelManager - Adding key: http://localhost:44618 for channel [id: 0xeb4ec9fb, L:/127.0.0.1:60142 - R:localhost/127.0.0.1:44618]
00:51:19.907 [main] DEBUG net.serenitybdd.core.photography.Darkroom - Send negative for processing for target\site\serenity\0eda4a0d3604dd8e3527c675eaa6129188f64a824b4a141231e6bc301dd0c791.png
00:51:19.907 [main] DEBUG net.thucydides.core.steps.StepInterceptor - STEP DONE: klikFieldCategories
00:51:19.907 [Darkroom Processing Line] DEBUG net.serenitybdd.core.photography.DarkroomProcessingLine - Processing screenshot image in /var/screenshots/screenshot-4030353326937534575
00:51:19.907 [Darkroom Processing Line] DEBUG net.serenitybdd.core.photography.DarkroomProcessingLine - Saving screenshot to target\site\serenity\0eda4a0d3604dd8e3527c675eaa6129188f64a824b4a141231e6bc301dd0c791.png
  &amp#27;[32mWhen &amp#27;[0m&amp#27;[32muser klik select categories&amp#27;[0m                                        &amp#27;[90m# starter.stepdefinitions.TransaksiSteps.userKlikSelectCategories()&amp#27;[0m
00:51:19.919 [main] DEBUG net.thucydides.core.steps.StepInterceptor - STARTING STEP: TransaksiSteps.userMemilihSalahSatuCategories - klikSelectCategories
00:51:19.921 [Forwarding findElement on session 50f237672399725ed5ea53314edf5d8a to remote] DEBUG org.asynchttpclient.netty.request.NettyRequestSender - Using pooled Channel '[id: 0xeb4ec9fb, L:/127.0.0.1:60142 - R:localhost/127.0.0.1:44618]' for 'POST' to 'http://localhost:44618/session/50f237672399725ed5ea53314edf5d8a/element'
00:51:19.921 [Forwarding findElement on session 50f237672399725ed5ea53314edf5d8a to remote] DEBUG org.asynchttpclient.netty.request.NettyRequestSender - Using open Channel [id: 0xeb4ec9fb, L:/127.0.0.1:60142 - R:localhost/127.0.0.1:44618] for POST '/session/50f237672399725ed5ea53314edf5d8a/element'
00:51:19.936 [AsyncHttpClient-1-6] DEBUG org.asynchttpclient.netty.handler.HttpHandler - 

Request DefaultHttpRequest(decodeResult: success, version: HTTP/1.1)
POST /session/50f237672399725ed5ea53314edf5d8a/element HTTP/1.1
User-Agent: selenium/4.7.1 (java windows)
Content-Length: 121
Content-Type: application/json; charset=utf-8
host: localhost:44618
accept: */*

Response DefaultHttpResponse(decodeResult: success, version: HTTP/1.1)
HTTP/1.1 200 OK
Content-Type: application/json; charset=utf-8
cache-control: no-cache
content-length: 88

00:51:19.937 [AsyncHttpClient-1-6] DEBUG org.asynchttpclient.netty.channel.ChannelManager - Adding key: http://localhost:44618 for channel [id: 0xeb4ec9fb, L:/127.0.0.1:60142 - R:localhost/127.0.0.1:44618]
00:51:19.938 [Forwarding getElementTagName on session 50f237672399725ed5ea53314edf5d8a to remote] DEBUG org.asynchttpclient.netty.request.NettyRequestSender - Using pooled Channel '[id: 0xeb4ec9fb, L:/127.0.0.1:60142 - R:localhost/127.0.0.1:44618]' for 'GET' to 'http://localhost:44618/session/50f237672399725ed5ea53314edf5d8a/element/4581d4e0-c020-4200-a9a6-6eb43594eb04/name'
00:51:19.938 [Forwarding getElementTagName on session 50f237672399725ed5ea53314edf5d8a to remote] DEBUG org.asynchttpclient.netty.request.NettyRequestSender - Using open Channel [id: 0xeb4ec9fb, L:/127.0.0.1:60142 - R:localhost/127.0.0.1:44618] for GET '/session/50f237672399725ed5ea53314edf5d8a/element/4581d4e0-c020-4200-a9a6-6eb43594eb04/name'
00:51:19.944 [AsyncHttpClient-1-6] DEBUG org.asynchttpclient.netty.handler.HttpHandler - 

Request DefaultFullHttpRequest(decodeResult: success, version: HTTP/1.1, content: EmptyByteBufBE)
GET /session/50f237672399725ed5ea53314edf5d8a/element/4581d4e0-c020-4200-a9a6-6eb43594eb04/name HTTP/1.1
User-Agent: selenium/4.7.1 (java windows)
Cache-Control: no-cache
Content-Type: application/json; charset=utf-8
host: localhost:44618
accept: */*

Response DefaultHttpResponse(decodeResult: success, version: HTTP/1.1)
HTTP/1.1 200 OK
Content-Type: application/json; charset=utf-8
cache-control: no-cache
content-length: 15

00:51:19.944 [AsyncHttpClient-1-6] DEBUG org.asynchttpclient.netty.channel.ChannelManager - Adding key: http://localhost:44618 for channel [id: 0xeb4ec9fb, L:/127.0.0.1:60142 - R:localhost/127.0.0.1:44618]
00:51:19.945 [Forwarding getElementTagName on session 50f237672399725ed5ea53314edf5d8a to remote] DEBUG org.asynchttpclient.netty.request.NettyRequestSender - Using pooled Channel '[id: 0xeb4ec9fb, L:/127.0.0.1:60142 - R:localhost/127.0.0.1:44618]' for 'GET' to 'http://localhost:44618/session/50f237672399725ed5ea53314edf5d8a/element/4581d4e0-c020-4200-a9a6-6eb43594eb04/name'
00:51:19.945 [Forwarding getElementTagName on session 50f237672399725ed5ea53314edf5d8a to remote] DEBUG org.asynchttpclient.netty.request.NettyRequestSender - Using open Channel [id: 0xeb4ec9fb, L:/127.0.0.1:60142 - R:localhost/127.0.0.1:44618] for GET '/session/50f237672399725ed5ea53314edf5d8a/element/4581d4e0-c020-4200-a9a6-6eb43594eb04/name'
00:51:19.950 [AsyncHttpClient-1-6] DEBUG org.asynchttpclient.netty.handler.HttpHandler - 

Request DefaultFullHttpRequest(decodeResult: success, version: HTTP/1.1, content: EmptyByteBufBE)
GET /session/50f237672399725ed5ea53314edf5d8a/element/4581d4e0-c020-4200-a9a6-6eb43594eb04/name HTTP/1.1
User-Agent: selenium/4.7.1 (java windows)
Cache-Control: no-cache
Content-Type: application/json; charset=utf-8
host: localhost:44618
accept: */*

Response DefaultHttpResponse(decodeResult: success, version: HTTP/1.1)
HTTP/1.1 200 OK
Content-Type: application/json; charset=utf-8
cache-control: no-cache
content-length: 15

00:51:19.950 [AsyncHttpClient-1-6] DEBUG org.asynchttpclient.netty.channel.ChannelManager - Adding key: http://localhost:44618 for channel [id: 0xeb4ec9fb, L:/127.0.0.1:60142 - R:localhost/127.0.0.1:44618]
00:51:19.952 [Forwarding findElement on session 50f237672399725ed5ea53314edf5d8a to remote] DEBUG org.asynchttpclient.netty.request.NettyRequestSender - Using pooled Channel '[id: 0xeb4ec9fb, L:/127.0.0.1:60142 - R:localhost/127.0.0.1:44618]' for 'POST' to 'http://localhost:44618/session/50f237672399725ed5ea53314edf5d8a/element'
00:51:19.952 [Forwarding findElement on session 50f237672399725ed5ea53314edf5d8a to remote] DEBUG org.asynchttpclient.netty.request.NettyRequestSender - Using open Channel [id: 0xeb4ec9fb, L:/127.0.0.1:60142 - R:localhost/127.0.0.1:44618] for POST '/session/50f237672399725ed5ea53314edf5d8a/element'
00:51:19.961 [AsyncHttpClient-1-6] DEBUG org.asynchttpclient.netty.handler.HttpHandler - 

Request DefaultHttpRequest(decodeResult: success, version: HTTP/1.1)
POST /session/50f237672399725ed5ea53314edf5d8a/element HTTP/1.1
User-Agent: selenium/4.7.1 (java windows)
Content-Length: 121
Content-Type: application/json; charset=utf-8
host: localhost:44618
accept: */*

Response DefaultHttpResponse(decodeResult: success, version: HTTP/1.1)
HTTP/1.1 200 OK
Content-Type: application/json; charset=utf-8
cache-control: no-cache
content-length: 88

00:51:19.961 [AsyncHttpClient-1-6] DEBUG org.asynchttpclient.netty.channel.ChannelManager - Adding key: http://localhost:44618 for channel [id: 0xeb4ec9fb, L:/127.0.0.1:60142 - R:localhost/127.0.0.1:44618]
00:51:19.962 [Forwarding clickElement on session 50f237672399725ed5ea53314edf5d8a to remote] DEBUG org.asynchttpclient.netty.request.NettyRequestSender - Using pooled Channel '[id: 0xeb4ec9fb, L:/127.0.0.1:60142 - R:localhost/127.0.0.1:44618]' for 'POST' to 'http://localhost:44618/session/50f237672399725ed5ea53314edf5d8a/element/4581d4e0-c020-4200-a9a6-6eb43594eb04/click'
00:51:19.962 [Forwarding clickElement on session 50f237672399725ed5ea53314edf5d8a to remote] DEBUG org.asynchttpclient.netty.request.NettyRequestSender - Using open Channel [id: 0xeb4ec9fb, L:/127.0.0.1:60142 - R:localhost/127.0.0.1:44618] for POST '/session/50f237672399725ed5ea53314edf5d8a/element/4581d4e0-c020-4200-a9a6-6eb43594eb04/click'
00:51:20.010 [AsyncHttpClient-1-6] DEBUG org.asynchttpclient.netty.handler.HttpHandler - 

Request DefaultHttpRequest(decodeResult: success, version: HTTP/1.1)
POST /session/50f237672399725ed5ea53314edf5d8a/element/4581d4e0-c020-4200-a9a6-6eb43594eb04/click HTTP/1.1
User-Agent: selenium/4.7.1 (java windows)
Content-Length: 50
Content-Type: application/json; charset=utf-8
host: localhost:44618
accept: */*

Response DefaultHttpResponse(decodeResult: success, version: HTTP/1.1)
HTTP/1.1 200 OK
Content-Type: application/json; charset=utf-8
cache-control: no-cache
content-length: 14

00:51:20.011 [AsyncHttpClient-1-6] DEBUG org.asynchttpclient.netty.channel.ChannelManager - Adding key: http://localhost:44618 for channel [id: 0xeb4ec9fb, L:/127.0.0.1:60142 - R:localhost/127.0.0.1:44618]
00:51:20.020 [Forwarding getCurrentWindowHandle on session 50f237672399725ed5ea53314edf5d8a to remote] DEBUG org.asynchttpclient.netty.request.NettyRequestSender - Using pooled Channel '[id: 0xeb4ec9fb, L:/127.0.0.1:60142 - R:localhost/127.0.0.1:44618]' for 'GET' to 'http://localhost:44618/session/50f237672399725ed5ea53314edf5d8a/window'
00:51:20.020 [Forwarding getCurrentWindowHandle on session 50f237672399725ed5ea53314edf5d8a to remote] DEBUG org.asynchttpclient.netty.request.NettyRequestSender - Using open Channel [id: 0xeb4ec9fb, L:/127.0.0.1:60142 - R:localhost/127.0.0.1:44618] for GET '/session/50f237672399725ed5ea53314edf5d8a/window'
00:51:20.021 [AsyncHttpClient-1-6] DEBUG org.asynchttpclient.netty.handler.HttpHandler - 

Request DefaultFullHttpRequest(decodeResult: success, version: HTTP/1.1, content: EmptyByteBufBE)
GET /session/50f237672399725ed5ea53314edf5d8a/window HTTP/1.1
User-Agent: selenium/4.7.1 (java windows)
Cache-Control: no-cache
Content-Type: application/json; charset=utf-8
host: localhost:44618
accept: */*

Response DefaultHttpResponse(decodeResult: success, version: HTTP/1.1)
HTTP/1.1 200 OK
Content-Type: application/json; charset=utf-8
cache-control: no-cache
content-length: 44

00:51:20.021 [AsyncHttpClient-1-6] DEBUG org.asynchttpclient.netty.channel.ChannelManager - Adding key: http://localhost:44618 for channel [id: 0xeb4ec9fb, L:/127.0.0.1:60142 - R:localhost/127.0.0.1:44618]
00:51:20.022 [Forwarding getAlertText on session 50f237672399725ed5ea53314edf5d8a to remote] DEBUG org.asynchttpclient.netty.request.NettyRequestSender - Using pooled Channel '[id: 0xeb4ec9fb, L:/127.0.0.1:60142 - R:localhost/127.0.0.1:44618]' for 'GET' to 'http://localhost:44618/session/50f237672399725ed5ea53314edf5d8a/alert/text'
00:51:20.022 [Forwarding getAlertText on session 50f237672399725ed5ea53314edf5d8a to remote] DEBUG org.asynchttpclient.netty.request.NettyRequestSender - Using open Channel [id: 0xeb4ec9fb, L:/127.0.0.1:60142 - R:localhost/127.0.0.1:44618] for GET '/session/50f237672399725ed5ea53314edf5d8a/alert/text'
00:51:20.028 [AsyncHttpClient-1-6] DEBUG org.asynchttpclient.netty.handler.HttpHandler - 

Request DefaultFullHttpRequest(decodeResult: success, version: HTTP/1.1, content: EmptyByteBufBE)
GET /session/50f237672399725ed5ea53314edf5d8a/alert/text HTTP/1.1
User-Agent: selenium/4.7.1 (java windows)
Cache-Control: no-cache
Content-Type: application/json; charset=utf-8
host: localhost:44618
accept: */*

Response DefaultHttpResponse(decodeResult: success, version: HTTP/1.1)
HTTP/1.1 404 Not Found
Content-Type: application/json; charset=utf-8
cache-control: no-cache
content-length: 849

00:51:20.028 [AsyncHttpClient-1-6] DEBUG org.asynchttpclient.netty.channel.ChannelManager - Adding key: http://localhost:44618 for channel [id: 0xeb4ec9fb, L:/127.0.0.1:60142 - R:localhost/127.0.0.1:44618]
00:51:20.031 [Forwarding switchToWindow on session 50f237672399725ed5ea53314edf5d8a to remote] DEBUG org.asynchttpclient.netty.request.NettyRequestSender - Using pooled Channel '[id: 0xeb4ec9fb, L:/127.0.0.1:60142 - R:localhost/127.0.0.1:44618]' for 'POST' to 'http://localhost:44618/session/50f237672399725ed5ea53314edf5d8a/window'
00:51:20.031 [Forwarding switchToWindow on session 50f237672399725ed5ea53314edf5d8a to remote] DEBUG org.asynchttpclient.netty.request.NettyRequestSender - Using open Channel [id: 0xeb4ec9fb, L:/127.0.0.1:60142 - R:localhost/127.0.0.1:44618] for POST '/session/50f237672399725ed5ea53314edf5d8a/window'
00:51:20.033 [AsyncHttpClient-1-6] DEBUG org.asynchttpclient.netty.handler.HttpHandler - 

Request DefaultHttpRequest(decodeResult: success, version: HTTP/1.1)
POST /session/50f237672399725ed5ea53314edf5d8a/window HTTP/1.1
User-Agent: selenium/4.7.1 (java windows)
Content-Length: 50
Content-Type: application/json; charset=utf-8
host: localhost:44618
accept: */*

Response DefaultHttpResponse(decodeResult: success, version: HTTP/1.1)
HTTP/1.1 200 OK
Content-Type: application/json; charset=utf-8
cache-control: no-cache
content-length: 14

00:51:20.034 [AsyncHttpClient-1-6] DEBUG org.asynchttpclient.netty.channel.ChannelManager - Adding key: http://localhost:44618 for channel [id: 0xeb4ec9fb, L:/127.0.0.1:60142 - R:localhost/127.0.0.1:44618]
00:51:20.034 [Forwarding getCurrentUrl on session 50f237672399725ed5ea53314edf5d8a to remote] DEBUG org.asynchttpclient.netty.request.NettyRequestSender - Using pooled Channel '[id: 0xeb4ec9fb, L:/127.0.0.1:60142 - R:localhost/127.0.0.1:44618]' for 'GET' to 'http://localhost:44618/session/50f237672399725ed5ea53314edf5d8a/url'
00:51:20.035 [Forwarding getCurrentUrl on session 50f237672399725ed5ea53314edf5d8a to remote] DEBUG org.asynchttpclient.netty.request.NettyRequestSender - Using open Channel [id: 0xeb4ec9fb, L:/127.0.0.1:60142 - R:localhost/127.0.0.1:44618] for GET '/session/50f237672399725ed5ea53314edf5d8a/url'
00:51:20.041 [AsyncHttpClient-1-6] DEBUG org.asynchttpclient.netty.handler.HttpHandler - 

Request DefaultFullHttpRequest(decodeResult: success, version: HTTP/1.1, content: EmptyByteBufBE)
GET /session/50f237672399725ed5ea53314edf5d8a/url HTTP/1.1
User-Agent: selenium/4.7.1 (java windows)
Cache-Control: no-cache
Content-Type: application/json; charset=utf-8
host: localhost:44618
accept: */*

Response DefaultHttpResponse(decodeResult: success, version: HTTP/1.1)
HTTP/1.1 200 OK
Content-Type: application/json; charset=utf-8
cache-control: no-cache
content-length: 41

00:51:20.041 [AsyncHttpClient-1-6] DEBUG org.asynchttpclient.netty.channel.ChannelManager - Adding key: http://localhost:44618 for channel [id: 0xeb4ec9fb, L:/127.0.0.1:60142 - R:localhost/127.0.0.1:44618]
00:51:20.042 [Forwarding screenshot on session 50f237672399725ed5ea53314edf5d8a to remote] DEBUG org.asynchttpclient.netty.request.NettyRequestSender - Using pooled Channel '[id: 0xeb4ec9fb, L:/127.0.0.1:60142 - R:localhost/127.0.0.1:44618]' for 'GET' to 'http://localhost:44618/session/50f237672399725ed5ea53314edf5d8a/screenshot'
00:51:20.042 [Forwarding screenshot on session 50f237672399725ed5ea53314edf5d8a to remote] DEBUG org.asynchttpclient.netty.request.NettyRequestSender - Using open Channel [id: 0xeb4ec9fb, L:/127.0.0.1:60142 - R:localhost/127.0.0.1:44618] for GET '/session/50f237672399725ed5ea53314edf5d8a/screenshot'
00:51:20.178 [AsyncHttpClient-1-6] DEBUG org.asynchttpclient.netty.handler.HttpHandler - 

Request DefaultFullHttpRequest(decodeResult: success, version: HTTP/1.1, content: EmptyByteBufBE)
GET /session/50f237672399725ed5ea53314edf5d8a/screenshot HTTP/1.1
User-Agent: selenium/4.7.1 (java windows)
Cache-Control: no-cache
Content-Type: application/json; charset=utf-8
host: localhost:44618
accept: */*

Response DefaultHttpResponse(decodeResult: success, version: HTTP/1.1)
HTTP/1.1 200 OK
Content-Type: application/json; charset=utf-8
cache-control: no-cache
content-length: 38192

00:51:20.179 [AsyncHttpClient-1-6] DEBUG org.asynchttpclient.netty.channel.ChannelManager - Adding key: http://localhost:44618 for channel [id: 0xeb4ec9fb, L:/127.0.0.1:60142 - R:localhost/127.0.0.1:44618]
00:51:20.181 [main] DEBUG net.serenitybdd.core.photography.Darkroom - Send negative for processing for target\site\serenity\ce9037788498ac0203503cd0b57d113377b86ad32c50193a7a22243a23929c1a.png
00:51:20.181 [main] DEBUG net.thucydides.core.steps.StepInterceptor - STEP DONE: klikSelectCategories
00:51:20.181 [Darkroom Processing Line] DEBUG net.serenitybdd.core.photography.DarkroomProcessingLine - Processing screenshot image in /var/screenshots/screenshot-4491273906912800714
00:51:20.181 [Darkroom Processing Line] DEBUG net.serenitybdd.core.photography.DarkroomProcessingLine - Saving screenshot to target\site\serenity\ce9037788498ac0203503cd0b57d113377b86ad32c50193a7a22243a23929c1a.png
  &amp#27;[32mAnd &amp#27;[0m&amp#27;[32muser memilih salah satu categories&amp#27;[0m                                  &amp#27;[90m# starter.stepdefinitions.TransaksiSteps.userMemilihSalahSatuCategories()&amp#27;[0m
00:51:20.201 [main] DEBUG net.thucydides.core.steps.StepInterceptor - STARTING STEP: TransaksiSteps.produkYangDicariPadaCategoriTersebutMunculDiHasilPencarian - munculprodukcategories
00:51:20.204 [Forwarding findElement on session 50f237672399725ed5ea53314edf5d8a to remote] DEBUG org.asynchttpclient.netty.request.NettyRequestSender - Using pooled Channel '[id: 0xeb4ec9fb, L:/127.0.0.1:60142 - R:localhost/127.0.0.1:44618]' for 'POST' to 'http://localhost:44618/session/50f237672399725ed5ea53314edf5d8a/element'
00:51:20.205 [Forwarding findElement on session 50f237672399725ed5ea53314edf5d8a to remote] DEBUG org.asynchttpclient.netty.request.NettyRequestSender - Using open Channel [id: 0xeb4ec9fb, L:/127.0.0.1:60142 - R:localhost/127.0.0.1:44618] for POST '/session/50f237672399725ed5ea53314edf5d8a/element'
00:51:20.330 [AsyncHttpClient-1-1] DEBUG org.asynchttpclient.netty.channel.DefaultChannelPool - Entry count for : http://localhost:60143 : 1
00:51:21.430 [AsyncHttpClient-1-1] DEBUG org.asynchttpclient.netty.channel.DefaultChannelPool - Entry count for : http://localhost:60143 : 1
00:51:22.530 [AsyncHttpClient-1-1] DEBUG org.asynchttpclient.netty.channel.DefaultChannelPool - Entry count for : http://localhost:60143 : 1
00:51:23.628 [AsyncHttpClient-1-1] DEBUG org.asynchttpclient.netty.channel.DefaultChannelPool - Entry count for : http://localhost:60143 : 1
00:51:23.633 [AsyncHttpClient-1-6] DEBUG org.asynchttpclient.netty.handler.HttpHandler - 

Request DefaultHttpRequest(decodeResult: success, version: HTTP/1.1)
POST /session/50f237672399725ed5ea53314edf5d8a/element HTTP/1.1
User-Agent: selenium/4.7.1 (java windows)
Content-Length: 120
Content-Type: application/json; charset=utf-8
host: localhost:44618
accept: */*

Response DefaultHttpResponse(decodeResult: success, version: HTTP/1.1)
HTTP/1.1 404 Not Found
Content-Type: application/json; charset=utf-8
cache-control: no-cache
content-length: 992

00:51:23.633 [AsyncHttpClient-1-6] DEBUG org.asynchttpclient.netty.channel.ChannelManager - Adding key: http://localhost:44618 for channel [id: 0xeb4ec9fb, L:/127.0.0.1:60142 - R:localhost/127.0.0.1:44618]
00:51:23.641 [Forwarding getCurrentWindowHandle on session 50f237672399725ed5ea53314edf5d8a to remote] DEBUG org.asynchttpclient.netty.request.NettyRequestSender - Using pooled Channel '[id: 0xeb4ec9fb, L:/127.0.0.1:60142 - R:localhost/127.0.0.1:44618]' for 'GET' to 'http://localhost:44618/session/50f237672399725ed5ea53314edf5d8a/window'
00:51:23.641 [Forwarding getCurrentWindowHandle on session 50f237672399725ed5ea53314edf5d8a to remote] DEBUG org.asynchttpclient.netty.request.NettyRequestSender - Using open Channel [id: 0xeb4ec9fb, L:/127.0.0.1:60142 - R:localhost/127.0.0.1:44618] for GET '/session/50f237672399725ed5ea53314edf5d8a/window'
00:51:23.642 [AsyncHttpClient-1-6] DEBUG org.asynchttpclient.netty.handler.HttpHandler - 

Request DefaultFullHttpRequest(decodeResult: success, version: HTTP/1.1, content: EmptyByteBufBE)
GET /session/50f237672399725ed5ea53314edf5d8a/window HTTP/1.1
User-Agent: selenium/4.7.1 (java windows)
Cache-Control: no-cache
Content-Type: application/json; charset=utf-8
host: localhost:44618
accept: */*

Response DefaultHttpResponse(decodeResult: success, version: HTTP/1.1)
HTTP/1.1 200 OK
Content-Type: application/json; charset=utf-8
cache-control: no-cache
content-length: 44

00:51:23.642 [AsyncHttpClient-1-6] DEBUG org.asynchttpclient.netty.channel.ChannelManager - Adding key: http://localhost:44618 for channel [id: 0xeb4ec9fb, L:/127.0.0.1:60142 - R:localhost/127.0.0.1:44618]
00:51:23.643 [Forwarding getAlertText on session 50f237672399725ed5ea53314edf5d8a to remote] DEBUG org.asynchttpclient.netty.request.NettyRequestSender - Using pooled Channel '[id: 0xeb4ec9fb, L:/127.0.0.1:60142 - R:localhost/127.0.0.1:44618]' for 'GET' to 'http://localhost:44618/session/50f237672399725ed5ea53314edf5d8a/alert/text'
00:51:23.644 [Forwarding getAlertText on session 50f237672399725ed5ea53314edf5d8a to remote] DEBUG org.asynchttpclient.netty.request.NettyRequestSender - Using open Channel [id: 0xeb4ec9fb, L:/127.0.0.1:60142 - R:localhost/127.0.0.1:44618] for GET '/session/50f237672399725ed5ea53314edf5d8a/alert/text'
00:51:23.645 [AsyncHttpClient-1-6] DEBUG org.asynchttpclient.netty.handler.HttpHandler - 

Request DefaultFullHttpRequest(decodeResult: success, version: HTTP/1.1, content: EmptyByteBufBE)
GET /session/50f237672399725ed5ea53314edf5d8a/alert/text HTTP/1.1
User-Agent: selenium/4.7.1 (java windows)
Cache-Control: no-cache
Content-Type: application/json; charset=utf-8
host: localhost:44618
accept: */*

Response DefaultHttpResponse(decodeResult: success, version: HTTP/1.1)
HTTP/1.1 404 Not Found
Content-Type: application/json; charset=utf-8
cache-control: no-cache
content-length: 849

00:51:23.646 [AsyncHttpClient-1-6] DEBUG org.asynchttpclient.netty.channel.ChannelManager - Adding key: http://localhost:44618 for channel [id: 0xeb4ec9fb, L:/127.0.0.1:60142 - R:localhost/127.0.0.1:44618]
00:51:23.647 [Forwarding switchToWindow on session 50f237672399725ed5ea53314edf5d8a to remote] DEBUG org.asynchttpclient.netty.request.NettyRequestSender - Using pooled Channel '[id: 0xeb4ec9fb, L:/127.0.0.1:60142 - R:localhost/127.0.0.1:44618]' for 'POST' to 'http://localhost:44618/session/50f237672399725ed5ea53314edf5d8a/window'
00:51:23.647 [Forwarding switchToWindow on session 50f237672399725ed5ea53314edf5d8a to remote] DEBUG org.asynchttpclient.netty.request.NettyRequestSender - Using open Channel [id: 0xeb4ec9fb, L:/127.0.0.1:60142 - R:localhost/127.0.0.1:44618] for POST '/session/50f237672399725ed5ea53314edf5d8a/window'
00:51:23.649 [AsyncHttpClient-1-6] DEBUG org.asynchttpclient.netty.handler.HttpHandler - 

Request DefaultHttpRequest(decodeResult: success, version: HTTP/1.1)
POST /session/50f237672399725ed5ea53314edf5d8a/window HTTP/1.1
User-Agent: selenium/4.7.1 (java windows)
Content-Length: 50
Content-Type: application/json; charset=utf-8
host: localhost:44618
accept: */*

Response DefaultHttpResponse(decodeResult: success, version: HTTP/1.1)
HTTP/1.1 200 OK
Content-Type: application/json; charset=utf-8
cache-control: no-cache
content-length: 14

00:51:23.649 [AsyncHttpClient-1-6] DEBUG org.asynchttpclient.netty.channel.ChannelManager - Adding key: http://localhost:44618 for channel [id: 0xeb4ec9fb, L:/127.0.0.1:60142 - R:localhost/127.0.0.1:44618]
00:51:23.650 [Forwarding getCurrentUrl on session 50f237672399725ed5ea53314edf5d8a to remote] DEBUG org.asynchttpclient.netty.request.NettyRequestSender - Using pooled Channel '[id: 0xeb4ec9fb, L:/127.0.0.1:60142 - R:localhost/127.0.0.1:44618]' for 'GET' to 'http://localhost:44618/session/50f237672399725ed5ea53314edf5d8a/url'
00:51:23.650 [Forwarding getCurrentUrl on session 50f237672399725ed5ea53314edf5d8a to remote] DEBUG org.asynchttpclient.netty.request.NettyRequestSender - Using open Channel [id: 0xeb4ec9fb, L:/127.0.0.1:60142 - R:localhost/127.0.0.1:44618] for GET '/session/50f237672399725ed5ea53314edf5d8a/url'
00:51:23.654 [AsyncHttpClient-1-6] DEBUG org.asynchttpclient.netty.handler.HttpHandler - 

Request DefaultFullHttpRequest(decodeResult: success, version: HTTP/1.1, content: EmptyByteBufBE)
GET /session/50f237672399725ed5ea53314edf5d8a/url HTTP/1.1
User-Agent: selenium/4.7.1 (java windows)
Cache-Control: no-cache
Content-Type: application/json; charset=utf-8
host: localhost:44618
accept: */*

Response DefaultHttpResponse(decodeResult: success, version: HTTP/1.1)
HTTP/1.1 200 OK
Content-Type: application/json; charset=utf-8
cache-control: no-cache
content-length: 41

00:51:23.654 [AsyncHttpClient-1-6] DEBUG org.asynchttpclient.netty.channel.ChannelManager - Adding key: http://localhost:44618 for channel [id: 0xeb4ec9fb, L:/127.0.0.1:60142 - R:localhost/127.0.0.1:44618]
00:51:23.655 [Forwarding screenshot on session 50f237672399725ed5ea53314edf5d8a to remote] DEBUG org.asynchttpclient.netty.request.NettyRequestSender - Using pooled Channel '[id: 0xeb4ec9fb, L:/127.0.0.1:60142 - R:localhost/127.0.0.1:44618]' for 'GET' to 'http://localhost:44618/session/50f237672399725ed5ea53314edf5d8a/screenshot'
00:51:23.655 [Forwarding screenshot on session 50f237672399725ed5ea53314edf5d8a to remote] DEBUG org.asynchttpclient.netty.request.NettyRequestSender - Using open Channel [id: 0xeb4ec9fb, L:/127.0.0.1:60142 - R:localhost/127.0.0.1:44618] for GET '/session/50f237672399725ed5ea53314edf5d8a/screenshot'
00:51:23.762 [AsyncHttpClient-1-6] DEBUG org.asynchttpclient.netty.handler.HttpHandler - 

Request DefaultFullHttpRequest(decodeResult: success, version: HTTP/1.1, content: EmptyByteBufBE)
GET /session/50f237672399725ed5ea53314edf5d8a/screenshot HTTP/1.1
User-Agent: selenium/4.7.1 (java windows)
Cache-Control: no-cache
Content-Type: application/json; charset=utf-8
host: localhost:44618
accept: */*

Response DefaultHttpResponse(decodeResult: success, version: HTTP/1.1)
HTTP/1.1 200 OK
Content-Type: application/json; charset=utf-8
cache-control: no-cache
content-length: 92656

00:51:23.763 [AsyncHttpClient-1-6] DEBUG org.asynchttpclient.netty.channel.ChannelManager - Adding key: http://localhost:44618 for channel [id: 0xeb4ec9fb, L:/127.0.0.1:60142 - R:localhost/127.0.0.1:44618]
00:51:23.765 [main] DEBUG net.serenitybdd.core.photography.Darkroom - Send negative for processing for target\site\serenity\372e092ef087929ae5a5b608a161033e9b2810c8a89d7c8caa27a32817c51f3f.png
00:51:23.766 [main] DEBUG net.thucydides.core.steps.StepInterceptor - STEP DONE: munculprodukcategories
  &amp#27;[32mAnd &amp#27;[0m&amp#27;[32mProduk yang dicari pada categori tersebut muncul di hasil pencarian&amp#27;[0m &amp#27;[90m# starter.stepdefinitions.TransaksiSteps.produkYangDicariPadaCategoriTersebutMunculDiHasilPencarian()&amp#27;[0m
00:51:23.766 [Darkroom Processing Line] DEBUG net.serenitybdd.core.photography.DarkroomProcessingLine - Processing screenshot image in /var/screenshots/screenshot-14700839045785192931
00:51:23.766 [Darkroom Processing Line] DEBUG net.serenitybdd.core.photography.DarkroomProcessingLine - Saving screenshot to target\site\serenity\372e092ef087929ae5a5b608a161033e9b2810c8a89d7c8caa27a32817c51f3f.png
00:51:23.774 [main] INFO  - 
  _____   ___   ___   _____     ___     _     ___   ___   ___   ___  
 |_   _| | __| / __| |_   _|   | _ \   /_\   / __| / __| | __| |   \ 
   | |   | _|  \__ \   | |     |  _/  / _ \  \__ \ \__ \ | _|  | |) |
   |_|   |___| |___/   |_|     |_|   /_/ \_\ |___/ |___/ |___| |___/ 

user bisa melakukan pencarian produk dari listdown categories
----------------------------------------------------------------------
00:51:23.775 [Driver Command Executor] DEBUG org.asynchttpclient.netty.request.NettyRequestSender - Using pooled Channel '[id: 0xeb4ec9fb, L:/127.0.0.1:60142 - R:localhost/127.0.0.1:44618]' for 'DELETE' to 'http://localhost:44618/session/50f237672399725ed5ea53314edf5d8a'
00:51:23.775 [Driver Command Executor] DEBUG org.asynchttpclient.netty.request.NettyRequestSender - Using open Channel [id: 0xeb4ec9fb, L:/127.0.0.1:60142 - R:localhost/127.0.0.1:44618] for DELETE '/session/50f237672399725ed5ea53314edf5d8a'
00:51:23.775 [AsyncHttpClient-1-8] DEBUG org.asynchttpclient.netty.handler.WebSocketHandler - Channel Closed: [id: 0x95fe75b9, L:/127.0.0.1:60149 ! R:localhost/127.0.0.1:60143] with attribute NettyResponseFuture{currentRetry=0,
	isDone=1,
	isCancelled=0,
	asyncHandler=org.asynchttpclient.ws.WebSocketUpgradeHandler@1ee08d1f,
	nettyRequest=org.asynchttpclient.netty.request.NettyRequest@77303b86,
	future=java.util.concurrent.CompletableFuture@2c1f8dd3[Completed normally],
	uri=ws://localhost:60143/devtools/browser/fbe76a33-4266-47d8-bc23-c1d80d6dd6bc,
	keepAlive=true,
	redirectCount=0,
	timeoutsHolder=null,
	inAuth=0,
	touch=1683654669023}
00:51:23.775 [AsyncHttpClient-1-8] DEBUG org.asynchttpclient.netty.channel.ChannelManager - Closing Channel [id: 0x95fe75b9, L:/127.0.0.1:60149 ! R:localhost/127.0.0.1:60143] 
00:51:23.932 [AsyncHttpClient-1-7] DEBUG org.asynchttpclient.netty.handler.HttpHandler - Unexpected I/O exception on channel [id: 0x8053b388, L:/127.0.0.1:60148 - R:localhost/127.0.0.1:60143]
java.net.SocketException: Connection reset
	at java.base/sun.nio.ch.SocketChannelImpl.throwConnectionReset(SocketChannelImpl.java:401)
	at java.base/sun.nio.ch.SocketChannelImpl.read(SocketChannelImpl.java:434)
	at io.netty.buffer.PooledByteBuf.setBytes(PooledByteBuf.java:259)
	at io.netty.buffer.AbstractByteBuf.writeBytes(AbstractByteBuf.java:1132)
	at io.netty.channel.socket.nio.NioSocketChannel.doReadBytes(NioSocketChannel.java:357)
	at io.netty.channel.nio.AbstractNioByteChannel$NioByteUnsafe.read(AbstractNioByteChannel.java:151)
	at io.netty.channel.nio.NioEventLoop.processSelectedKey(NioEventLoop.java:788)
	at io.netty.channel.nio.NioEventLoop.processSelectedKeysOptimized(NioEventLoop.java:724)
	at io.netty.channel.nio.NioEventLoop.processSelectedKeys(NioEventLoop.java:650)
	at io.netty.channel.nio.NioEventLoop.run(NioEventLoop.java:562)
	at io.netty.util.concurrent.SingleThreadEventExecutor$4.run(SingleThreadEventExecutor.java:997)
	at io.netty.util.internal.ThreadExecutorMap$2.run(ThreadExecutorMap.java:74)
	at io.netty.util.concurrent.FastThreadLocalRunnable.run(FastThreadLocalRunnable.java:30)
	at java.base/java.lang.Thread.run(Thread.java:1589)
00:51:23.933 [AsyncHttpClient-1-7] DEBUG org.asynchttpclient.netty.channel.ChannelManager - Closing Channel [id: 0x8053b388, L:/127.0.0.1:60148 - R:localhost/127.0.0.1:60143] 
00:51:23.933 [AsyncHttpClient-1-7] DEBUG org.asynchttpclient.netty.handler.HttpHandler - Channel Closed: [id: 0x8053b388, L:/127.0.0.1:60148 ! R:localhost/127.0.0.1:60143] with attribute DISCARD
00:51:23.966 [AsyncHttpClient-1-6] DEBUG org.asynchttpclient.netty.handler.HttpHandler - 

Request DefaultFullHttpRequest(decodeResult: success, version: HTTP/1.1, content: EmptyByteBufBE)
DELETE /session/50f237672399725ed5ea53314edf5d8a HTTP/1.1
User-Agent: selenium/4.7.1 (java windows)
Content-Type: application/json; charset=utf-8
host: localhost:44618
accept: */*

Response DefaultHttpResponse(decodeResult: success, version: HTTP/1.1)
HTTP/1.1 200 OK
Content-Type: application/json; charset=utf-8
cache-control: no-cache
content-length: 14

00:51:23.967 [AsyncHttpClient-1-6] DEBUG org.asynchttpclient.netty.channel.ChannelManager - Adding key: http://localhost:44618 for channel [id: 0xeb4ec9fb, L:/127.0.0.1:60142 - R:localhost/127.0.0.1:44618]
00:51:24.041 [AsyncHttpClient-1-6] DEBUG org.asynchttpclient.netty.handler.HttpHandler - Channel Closed: [id: 0xeb4ec9fb, L:/127.0.0.1:60142 ! R:localhost/127.0.0.1:44618] with attribute DISCARD
]]></system-out>
    <system-err><![CDATA[Starting ChromeDriver 112.0.5615.49 (bd2a7bcb881c11e8cfe3078709382934e3916914-refs/branch-heads/5615@{#936}) on port 44618
Only local connections are allowed.
Please see https://chromedriver.chromium.org/security-considerations for suggestions on keeping ChromeDriver safe.
ChromeDriver was started successfully.
May 10, 2023 12:51:09 AM org.openqa.selenium.devtools.CdpVersionFinder findNearestMatch
WARNING: Unable to find an exact match for CDP version 112, so returning the closest version found: 108
]]></system-err>
  </testcase>
  <testcase name="user bisa melihat riwayat transaksi" classname="Transaksi" time="17.424">
    <error type="net.thucydides.core.webdriver.exceptions.ElementShouldBeEnabledException"><![CDATA[net.thucydides.core.webdriver.exceptions.ElementShouldBeEnabledException: Expected enabled element was not enabled
Caused by: org.openqa.selenium.TimeoutException: Expected condition failed: waiting for By.xpath: /html/body/div[1]/div[2]/div/div[1] to be enabled (tried for 5 second(s) with 100 milliseconds interval)
Caused by: org.openqa.selenium.NoSuchElementException: 
no such element: Unable to locate element: {"method":"xpath","selector":"/html/body/div[1]/div[2]/div/div[1]"}
  (Session info: chrome=112.0.5615.138)
For documentation on this error, please visit: https://selenium.dev/exceptions/#no_such_element
Build info: version: '4.7.1', revision: 'c6795baf1a3'
System info: os.name: 'Windows 11', os.arch: 'amd64', os.version: '10.0', java.version: '19.0.2'
Driver info: org.openqa.selenium.chrome.ChromeDriver
Command: [4974577a3f047554c2d0a36645d9e7da, findElement {using=xpath, value=/html/body/div[1]/div[2]/div/div[1]}]
Capabilities {acceptInsecureCerts: true, browserName: chrome, browserVersion: 112.0.5615.138, chrome: {chromedriverVersion: 112.0.5615.49 (bd2a7bcb881c..., userDataDir: C:\Users\HP\AppData\Local\T...}, goog:chromeOptions: {debuggerAddress: localhost:60185}, networkConnectionEnabled: false, pageLoadStrategy: normal, platformName: WINDOWS, proxy: Proxy(), se:cdp: ws://localhost:60185/devtoo..., se:cdpVersion: 112.0.5615.138, setWindowRect: true, strictFileInteractability: false, timeouts: {implicit: 0, pageLoad: 300000, script: 30000}, unhandledPromptBehavior: dismiss and notify, webauthn:extension:credBlob: true, webauthn:extension:largeBlob: true, webauthn:extension:minPinLength: true, webauthn:extension:prf: true, webauthn:virtualAuthenticators: true}
Session ID: 4974577a3f047554c2d0a36645d9e7da
]]></error>
    <system-out><![CDATA[
@AS17-positive
Scenario: user bisa melihat riwayat transaksi           &amp#27;[90m# src/test/resources/features/3. Transaksi.feature:21&amp#27;[0m
00:51:24.151 [main] INFO io.cucumber.core.plugin.SerenityReporter - Running feature from file:///C:/Users/HP/Downloads/Mini-Project-QA/ALTASHOP%20WEB%20AUTOMATION/src/test/resources/features/3.%20Transaksi.feature
00:51:24.156 [main] INFO  - 
  _____   ___   ___   _____     ___   _____     _     ___   _____   ___   ___  
 |_   _| | __| / __| |_   _|   / __| |_   _|   /_\   | _ \ |_   _| | __| |   \ 
   | |   | _|  \__ \   | |     \__ \   | |    / _ \  |   /   | |   | _|  | |) |
   |_|   |___| |___/   |_|     |___/   |_|   /_/ \_\ |_|_\   |_|   |___| |___/ 

user bisa melihat riwayat transaksi(transaksi;user-bisa-melihat-riwayat-transaksi)
--------------------------------------------------------------------------------
00:51:24.185 [main] DEBUG net.thucydides.core.steps.StepInterceptor - STARTING STEP: TransaksiSteps.userBeradaDiHomepageAltaShopDanLoginAkun - diHomepageAltaShop
00:51:24.293 [main] INFO net.serenitybdd.core.webdriver.driverproviders.ChromeDriverProvider - Starting Chrome driver instance with capabilities:
00:51:24.293 [main] INFO net.serenitybdd.core.webdriver.driverproviders.ChromeDriverProvider - Capabilities {acceptInsecureCerts: true, browserName: chrome, goog:chromeOptions: {args: [remote-allow-origins=*, test-type, no-sandbox, ignore-certificate-errors, start-maximized, incognito, disable-infobars, disable-gpu, disable-default-apps, disable-popup-blocking, remote-allow-origins=*, test-type, no-sandbox, ignore-certificate-errors, start-maximized, incognito, disable-infobars, disable-gpu, disable-default-apps, disable-popup-blocking], extensions: []}}
00:51:24.464 [AsyncHttpClient-1-9] DEBUG org.asynchttpclient.netty.channel.NettyConnectListener - Using new Channel '[id: 0x651052cf, L:/127.0.0.1:60184 - R:localhost/127.0.0.1:37663]' for 'POST' to '/session'
00:51:24.729 [AsyncHttpClient-1-1] DEBUG org.asynchttpclient.netty.channel.DefaultChannelPool - Entry count for : http://localhost:60143 : 1
00:51:24.729 [AsyncHttpClient-1-1] DEBUG org.asynchttpclient.netty.channel.DefaultChannelPool - Entry count for : http://localhost:44618 : 1
00:51:24.729 [AsyncHttpClient-1-1] DEBUG org.asynchttpclient.netty.channel.DefaultChannelPool - Adding Candidate expired Channel [id: 0x8053b388, L:/127.0.0.1:60148 ! R:localhost/127.0.0.1:60143] isIdleTimeoutExpired=false isRemotelyClosed=true isTtlExpired=false
00:51:24.729 [AsyncHttpClient-1-1] DEBUG org.asynchttpclient.netty.channel.DefaultChannelPool - Closing Idle Channel [id: 0x8053b388, L:/127.0.0.1:60148 ! R:localhost/127.0.0.1:60143]
00:51:24.729 [AsyncHttpClient-1-1] DEBUG org.asynchttpclient.netty.channel.DefaultChannelPool - Adding Candidate expired Channel [id: 0xeb4ec9fb, L:/127.0.0.1:60142 ! R:localhost/127.0.0.1:44618] isIdleTimeoutExpired=false isRemotelyClosed=true isTtlExpired=false
00:51:24.729 [AsyncHttpClient-1-1] DEBUG org.asynchttpclient.netty.channel.DefaultChannelPool - Closing Idle Channel [id: 0xeb4ec9fb, L:/127.0.0.1:60142 ! R:localhost/127.0.0.1:44618]
00:51:24.729 [AsyncHttpClient-1-1] DEBUG org.asynchttpclient.netty.channel.DefaultChannelPool - Closed 2 connections out of 2 in 0 ms
00:51:25.422 [AsyncHttpClient-1-9] DEBUG org.asynchttpclient.netty.handler.HttpHandler - 

Request DefaultHttpRequest(decodeResult: success, version: HTTP/1.1)
POST /session HTTP/1.1
User-Agent: selenium/4.7.1 (java windows)
Content-Length: 1629
Content-Type: application/json; charset=utf-8
host: localhost:37663
accept: */*

Response DefaultHttpResponse(decodeResult: success, version: HTTP/1.1)
HTTP/1.1 200 OK
Content-Type: application/json; charset=utf-8
cache-control: no-cache
content-length: 856

00:51:25.423 [AsyncHttpClient-1-9] DEBUG org.asynchttpclient.netty.channel.ChannelManager - Adding key: http://localhost:37663 for channel [id: 0x651052cf, L:/127.0.0.1:60184 - R:localhost/127.0.0.1:37663]
00:51:25.444 [AsyncHttpClient-1-10] DEBUG org.asynchttpclient.netty.channel.NettyConnectListener - Using new Channel '[id: 0x0fc2f43e, L:/127.0.0.1:60190 - R:localhost/127.0.0.1:60185]' for 'GET' to '/json/version'
00:51:25.447 [AsyncHttpClient-1-10] DEBUG org.asynchttpclient.netty.handler.HttpHandler - 

Request DefaultFullHttpRequest(decodeResult: success, version: HTTP/1.1, content: EmptyByteBufBE)
GET /json/version HTTP/1.1
User-Agent: selenium/4.7.1 (java windows)
host: localhost:60185
accept: */*

Response DefaultHttpResponse(decodeResult: success, version: HTTP/1.1)
HTTP/1.1 200 OK
Content-Security-Policy: frame-ancestors 'none'
Content-Type: application/json; charset=UTF-8
content-length: 424

00:51:25.447 [AsyncHttpClient-1-10] DEBUG org.asynchttpclient.netty.channel.ChannelManager - Adding key: http://localhost:60185 for channel [id: 0x0fc2f43e, L:/127.0.0.1:60190 - R:localhost/127.0.0.1:60185]
00:51:25.453 [AsyncHttpClient-1-11] DEBUG org.asynchttpclient.netty.channel.NettyConnectListener - Using new Channel '[id: 0x9a6c5ce7, L:/127.0.0.1:60191 - R:localhost/127.0.0.1:60185]' for 'GET' to '/devtools/browser/a11c48c2-ae27-48aa-8fe8-75477af0ef80'
00:51:25.457 [AsyncHttpClient-1-11] DEBUG org.asynchttpclient.netty.handler.WebSocketHandler - 

Request DefaultFullHttpRequest(decodeResult: success, version: HTTP/1.1, content: EmptyByteBufBE)
GET /devtools/browser/a11c48c2-ae27-48aa-8fe8-75477af0ef80 HTTP/1.1
upgrade: websocket
connection: upgrade
sec-websocket-key: 8BOD/FfD6Koziyohohhy3w==
sec-websocket-version: 13
origin: http://localhost:60185
host: localhost:60185
accept: */*
user-agent: AHC/2.1

Response DefaultHttpResponse(decodeResult: success, version: HTTP/1.1)
HTTP/1.1 101 WebSocket Protocol Handshake
Upgrade: WebSocket
Connection: Upgrade
Sec-WebSocket-Accept: c5amBBI21EFuGZYlpg/D7RFaDuo=

00:51:25.468 [Forwarding get on session 4974577a3f047554c2d0a36645d9e7da to remote] DEBUG org.asynchttpclient.netty.request.NettyRequestSender - Using pooled Channel '[id: 0x651052cf, L:/127.0.0.1:60184 - R:localhost/127.0.0.1:37663]' for 'POST' to 'http://localhost:37663/session/4974577a3f047554c2d0a36645d9e7da/url'
00:51:25.469 [Forwarding get on session 4974577a3f047554c2d0a36645d9e7da to remote] DEBUG org.asynchttpclient.netty.request.NettyRequestSender - Using open Channel [id: 0x651052cf, L:/127.0.0.1:60184 - R:localhost/127.0.0.1:37663] for POST '/session/4974577a3f047554c2d0a36645d9e7da/url'
00:51:25.845 [AsyncHttpClient-1-1] DEBUG org.asynchttpclient.netty.channel.DefaultChannelPool - Entry count for : http://localhost:60185 : 1
00:51:26.929 [AsyncHttpClient-1-1] DEBUG org.asynchttpclient.netty.channel.DefaultChannelPool - Entry count for : http://localhost:60185 : 1
00:51:28.028 [AsyncHttpClient-1-1] DEBUG org.asynchttpclient.netty.channel.DefaultChannelPool - Entry count for : http://localhost:60185 : 1
00:51:28.443 [AsyncHttpClient-1-9] DEBUG org.asynchttpclient.netty.handler.HttpHandler - 

Request DefaultHttpRequest(decodeResult: success, version: HTTP/1.1)
POST /session/4974577a3f047554c2d0a36645d9e7da/url HTTP/1.1
User-Agent: selenium/4.7.1 (java windows)
Content-Length: 59
Content-Type: application/json; charset=utf-8
host: localhost:37663
accept: */*

Response DefaultHttpResponse(decodeResult: success, version: HTTP/1.1)
HTTP/1.1 200 OK
Content-Type: application/json; charset=utf-8
cache-control: no-cache
content-length: 14

00:51:28.444 [AsyncHttpClient-1-9] DEBUG org.asynchttpclient.netty.channel.ChannelManager - Adding key: http://localhost:37663 for channel [id: 0x651052cf, L:/127.0.0.1:60184 - R:localhost/127.0.0.1:37663]
00:51:28.445 [Forwarding setTimeout on session 4974577a3f047554c2d0a36645d9e7da to remote] DEBUG org.asynchttpclient.netty.request.NettyRequestSender - Using pooled Channel '[id: 0x651052cf, L:/127.0.0.1:60184 - R:localhost/127.0.0.1:37663]' for 'POST' to 'http://localhost:37663/session/4974577a3f047554c2d0a36645d9e7da/timeouts'
00:51:28.445 [Forwarding setTimeout on session 4974577a3f047554c2d0a36645d9e7da to remote] DEBUG org.asynchttpclient.netty.request.NettyRequestSender - Using open Channel [id: 0x651052cf, L:/127.0.0.1:60184 - R:localhost/127.0.0.1:37663] for POST '/session/4974577a3f047554c2d0a36645d9e7da/timeouts'
00:51:28.446 [AsyncHttpClient-1-9] DEBUG org.asynchttpclient.netty.handler.HttpHandler - 

Request DefaultHttpRequest(decodeResult: success, version: HTTP/1.1)
POST /session/4974577a3f047554c2d0a36645d9e7da/timeouts HTTP/1.1
User-Agent: selenium/4.7.1 (java windows)
Content-Length: 22
Content-Type: application/json; charset=utf-8
host: localhost:37663
accept: */*

Response DefaultHttpResponse(decodeResult: success, version: HTTP/1.1)
HTTP/1.1 200 OK
Content-Type: application/json; charset=utf-8
cache-control: no-cache
content-length: 14

00:51:28.446 [AsyncHttpClient-1-9] DEBUG org.asynchttpclient.netty.channel.ChannelManager - Adding key: http://localhost:37663 for channel [id: 0x651052cf, L:/127.0.0.1:60184 - R:localhost/127.0.0.1:37663]
00:51:28.449 [Forwarding getCurrentUrl on session 4974577a3f047554c2d0a36645d9e7da to remote] DEBUG org.asynchttpclient.netty.request.NettyRequestSender - Using pooled Channel '[id: 0x651052cf, L:/127.0.0.1:60184 - R:localhost/127.0.0.1:37663]' for 'GET' to 'http://localhost:37663/session/4974577a3f047554c2d0a36645d9e7da/url'
00:51:28.449 [Forwarding getCurrentUrl on session 4974577a3f047554c2d0a36645d9e7da to remote] DEBUG org.asynchttpclient.netty.request.NettyRequestSender - Using open Channel [id: 0x651052cf, L:/127.0.0.1:60184 - R:localhost/127.0.0.1:37663] for GET '/session/4974577a3f047554c2d0a36645d9e7da/url'
00:51:28.456 [AsyncHttpClient-1-9] DEBUG org.asynchttpclient.netty.handler.HttpHandler - 

Request DefaultFullHttpRequest(decodeResult: success, version: HTTP/1.1, content: EmptyByteBufBE)
GET /session/4974577a3f047554c2d0a36645d9e7da/url HTTP/1.1
User-Agent: selenium/4.7.1 (java windows)
Cache-Control: no-cache
Content-Type: application/json; charset=utf-8
host: localhost:37663
accept: */*

Response DefaultHttpResponse(decodeResult: success, version: HTTP/1.1)
HTTP/1.1 200 OK
Content-Type: application/json; charset=utf-8
cache-control: no-cache
content-length: 41

00:51:28.456 [AsyncHttpClient-1-9] DEBUG org.asynchttpclient.netty.channel.ChannelManager - Adding key: http://localhost:37663 for channel [id: 0x651052cf, L:/127.0.0.1:60184 - R:localhost/127.0.0.1:37663]
00:51:28.459 [Forwarding getCurrentUrl on session 4974577a3f047554c2d0a36645d9e7da to remote] DEBUG org.asynchttpclient.netty.request.NettyRequestSender - Using pooled Channel '[id: 0x651052cf, L:/127.0.0.1:60184 - R:localhost/127.0.0.1:37663]' for 'GET' to 'http://localhost:37663/session/4974577a3f047554c2d0a36645d9e7da/url'
00:51:28.459 [Forwarding getCurrentUrl on session 4974577a3f047554c2d0a36645d9e7da to remote] DEBUG org.asynchttpclient.netty.request.NettyRequestSender - Using open Channel [id: 0x651052cf, L:/127.0.0.1:60184 - R:localhost/127.0.0.1:37663] for GET '/session/4974577a3f047554c2d0a36645d9e7da/url'
00:51:28.462 [AsyncHttpClient-1-9] DEBUG org.asynchttpclient.netty.handler.HttpHandler - 

Request DefaultFullHttpRequest(decodeResult: success, version: HTTP/1.1, content: EmptyByteBufBE)
GET /session/4974577a3f047554c2d0a36645d9e7da/url HTTP/1.1
User-Agent: selenium/4.7.1 (java windows)
Cache-Control: no-cache
Content-Type: application/json; charset=utf-8
host: localhost:37663
accept: */*

Response DefaultHttpResponse(decodeResult: success, version: HTTP/1.1)
HTTP/1.1 200 OK
Content-Type: application/json; charset=utf-8
cache-control: no-cache
content-length: 41

00:51:28.462 [AsyncHttpClient-1-9] DEBUG org.asynchttpclient.netty.channel.ChannelManager - Adding key: http://localhost:37663 for channel [id: 0x651052cf, L:/127.0.0.1:60184 - R:localhost/127.0.0.1:37663]
00:51:28.465 [Forwarding findElement on session 4974577a3f047554c2d0a36645d9e7da to remote] DEBUG org.asynchttpclient.netty.request.NettyRequestSender - Using pooled Channel '[id: 0x651052cf, L:/127.0.0.1:60184 - R:localhost/127.0.0.1:37663]' for 'POST' to 'http://localhost:37663/session/4974577a3f047554c2d0a36645d9e7da/element'
00:51:28.465 [Forwarding findElement on session 4974577a3f047554c2d0a36645d9e7da to remote] DEBUG org.asynchttpclient.netty.request.NettyRequestSender - Using open Channel [id: 0x651052cf, L:/127.0.0.1:60184 - R:localhost/127.0.0.1:37663] for POST '/session/4974577a3f047554c2d0a36645d9e7da/element'
00:51:28.485 [AsyncHttpClient-1-9] DEBUG org.asynchttpclient.netty.handler.HttpHandler - 

Request DefaultHttpRequest(decodeResult: success, version: HTTP/1.1)
POST /session/4974577a3f047554c2d0a36645d9e7da/element HTTP/1.1
User-Agent: selenium/4.7.1 (java windows)
Content-Length: 108
Content-Type: application/json; charset=utf-8
host: localhost:37663
accept: */*

Response DefaultHttpResponse(decodeResult: success, version: HTTP/1.1)
HTTP/1.1 200 OK
Content-Type: application/json; charset=utf-8
cache-control: no-cache
content-length: 88

00:51:28.485 [AsyncHttpClient-1-9] DEBUG org.asynchttpclient.netty.channel.ChannelManager - Adding key: http://localhost:37663 for channel [id: 0x651052cf, L:/127.0.0.1:60184 - R:localhost/127.0.0.1:37663]
00:51:28.488 [Forwarding isElementDisplayed on session 4974577a3f047554c2d0a36645d9e7da to remote] DEBUG org.asynchttpclient.netty.request.NettyRequestSender - Using pooled Channel '[id: 0x651052cf, L:/127.0.0.1:60184 - R:localhost/127.0.0.1:37663]' for 'POST' to 'http://localhost:37663/session/4974577a3f047554c2d0a36645d9e7da/execute/sync'
00:51:28.488 [Forwarding isElementDisplayed on session 4974577a3f047554c2d0a36645d9e7da to remote] DEBUG org.asynchttpclient.netty.request.NettyRequestSender - Using open Channel [id: 0x651052cf, L:/127.0.0.1:60184 - R:localhost/127.0.0.1:37663] for POST '/session/4974577a3f047554c2d0a36645d9e7da/execute/sync'
00:51:28.506 [AsyncHttpClient-1-9] DEBUG org.asynchttpclient.netty.handler.HttpHandler - 

Request DefaultHttpRequest(decodeResult: success, version: HTTP/1.1)
POST /session/4974577a3f047554c2d0a36645d9e7da/execute/sync HTTP/1.1
User-Agent: selenium/4.7.1 (java windows)
Content-Length: 48780
Content-Type: application/json; charset=utf-8
host: localhost:37663
accept: */*

Response DefaultHttpResponse(decodeResult: success, version: HTTP/1.1)
HTTP/1.1 200 OK
Content-Type: application/json; charset=utf-8
cache-control: no-cache
content-length: 14

00:51:28.506 [AsyncHttpClient-1-9] DEBUG org.asynchttpclient.netty.channel.ChannelManager - Adding key: http://localhost:37663 for channel [id: 0x651052cf, L:/127.0.0.1:60184 - R:localhost/127.0.0.1:37663]
00:51:28.509 [Forwarding isElementDisplayed on session 4974577a3f047554c2d0a36645d9e7da to remote] DEBUG org.asynchttpclient.netty.request.NettyRequestSender - Using pooled Channel '[id: 0x651052cf, L:/127.0.0.1:60184 - R:localhost/127.0.0.1:37663]' for 'POST' to 'http://localhost:37663/session/4974577a3f047554c2d0a36645d9e7da/execute/sync'
00:51:28.509 [Forwarding isElementDisplayed on session 4974577a3f047554c2d0a36645d9e7da to remote] DEBUG org.asynchttpclient.netty.request.NettyRequestSender - Using open Channel [id: 0x651052cf, L:/127.0.0.1:60184 - R:localhost/127.0.0.1:37663] for POST '/session/4974577a3f047554c2d0a36645d9e7da/execute/sync'
00:51:28.525 [AsyncHttpClient-1-9] DEBUG org.asynchttpclient.netty.handler.HttpHandler - 

Request DefaultHttpRequest(decodeResult: success, version: HTTP/1.1)
POST /session/4974577a3f047554c2d0a36645d9e7da/execute/sync HTTP/1.1
User-Agent: selenium/4.7.1 (java windows)
Content-Length: 48780
Content-Type: application/json; charset=utf-8
host: localhost:37663
accept: */*

Response DefaultHttpResponse(decodeResult: success, version: HTTP/1.1)
HTTP/1.1 200 OK
Content-Type: application/json; charset=utf-8
cache-control: no-cache
content-length: 14

00:51:28.525 [AsyncHttpClient-1-9] DEBUG org.asynchttpclient.netty.channel.ChannelManager - Adding key: http://localhost:37663 for channel [id: 0x651052cf, L:/127.0.0.1:60184 - R:localhost/127.0.0.1:37663]
00:51:28.530 [Forwarding getCurrentWindowHandle on session 4974577a3f047554c2d0a36645d9e7da to remote] DEBUG org.asynchttpclient.netty.request.NettyRequestSender - Using pooled Channel '[id: 0x651052cf, L:/127.0.0.1:60184 - R:localhost/127.0.0.1:37663]' for 'GET' to 'http://localhost:37663/session/4974577a3f047554c2d0a36645d9e7da/window'
00:51:28.530 [Forwarding getCurrentWindowHandle on session 4974577a3f047554c2d0a36645d9e7da to remote] DEBUG org.asynchttpclient.netty.request.NettyRequestSender - Using open Channel [id: 0x651052cf, L:/127.0.0.1:60184 - R:localhost/127.0.0.1:37663] for GET '/session/4974577a3f047554c2d0a36645d9e7da/window'
00:51:28.531 [AsyncHttpClient-1-9] DEBUG org.asynchttpclient.netty.handler.HttpHandler - 

Request DefaultFullHttpRequest(decodeResult: success, version: HTTP/1.1, content: EmptyByteBufBE)
GET /session/4974577a3f047554c2d0a36645d9e7da/window HTTP/1.1
User-Agent: selenium/4.7.1 (java windows)
Cache-Control: no-cache
Content-Type: application/json; charset=utf-8
host: localhost:37663
accept: */*

Response DefaultHttpResponse(decodeResult: success, version: HTTP/1.1)
HTTP/1.1 200 OK
Content-Type: application/json; charset=utf-8
cache-control: no-cache
content-length: 44

00:51:28.531 [AsyncHttpClient-1-9] DEBUG org.asynchttpclient.netty.channel.ChannelManager - Adding key: http://localhost:37663 for channel [id: 0x651052cf, L:/127.0.0.1:60184 - R:localhost/127.0.0.1:37663]
00:51:28.531 [Forwarding getAlertText on session 4974577a3f047554c2d0a36645d9e7da to remote] DEBUG org.asynchttpclient.netty.request.NettyRequestSender - Using pooled Channel '[id: 0x651052cf, L:/127.0.0.1:60184 - R:localhost/127.0.0.1:37663]' for 'GET' to 'http://localhost:37663/session/4974577a3f047554c2d0a36645d9e7da/alert/text'
00:51:28.531 [Forwarding getAlertText on session 4974577a3f047554c2d0a36645d9e7da to remote] DEBUG org.asynchttpclient.netty.request.NettyRequestSender - Using open Channel [id: 0x651052cf, L:/127.0.0.1:60184 - R:localhost/127.0.0.1:37663] for GET '/session/4974577a3f047554c2d0a36645d9e7da/alert/text'
00:51:28.533 [AsyncHttpClient-1-9] DEBUG org.asynchttpclient.netty.handler.HttpHandler - 

Request DefaultFullHttpRequest(decodeResult: success, version: HTTP/1.1, content: EmptyByteBufBE)
GET /session/4974577a3f047554c2d0a36645d9e7da/alert/text HTTP/1.1
User-Agent: selenium/4.7.1 (java windows)
Cache-Control: no-cache
Content-Type: application/json; charset=utf-8
host: localhost:37663
accept: */*

Response DefaultHttpResponse(decodeResult: success, version: HTTP/1.1)
HTTP/1.1 404 Not Found
Content-Type: application/json; charset=utf-8
cache-control: no-cache
content-length: 849

00:51:28.534 [AsyncHttpClient-1-9] DEBUG org.asynchttpclient.netty.channel.ChannelManager - Adding key: http://localhost:37663 for channel [id: 0x651052cf, L:/127.0.0.1:60184 - R:localhost/127.0.0.1:37663]
00:51:28.536 [Forwarding switchToWindow on session 4974577a3f047554c2d0a36645d9e7da to remote] DEBUG org.asynchttpclient.netty.request.NettyRequestSender - Using pooled Channel '[id: 0x651052cf, L:/127.0.0.1:60184 - R:localhost/127.0.0.1:37663]' for 'POST' to 'http://localhost:37663/session/4974577a3f047554c2d0a36645d9e7da/window'
00:51:28.536 [Forwarding switchToWindow on session 4974577a3f047554c2d0a36645d9e7da to remote] DEBUG org.asynchttpclient.netty.request.NettyRequestSender - Using open Channel [id: 0x651052cf, L:/127.0.0.1:60184 - R:localhost/127.0.0.1:37663] for POST '/session/4974577a3f047554c2d0a36645d9e7da/window'
00:51:28.538 [AsyncHttpClient-1-9] DEBUG org.asynchttpclient.netty.handler.HttpHandler - 

Request DefaultHttpRequest(decodeResult: success, version: HTTP/1.1)
POST /session/4974577a3f047554c2d0a36645d9e7da/window HTTP/1.1
User-Agent: selenium/4.7.1 (java windows)
Content-Length: 50
Content-Type: application/json; charset=utf-8
host: localhost:37663
accept: */*

Response DefaultHttpResponse(decodeResult: success, version: HTTP/1.1)
HTTP/1.1 200 OK
Content-Type: application/json; charset=utf-8
cache-control: no-cache
content-length: 14

00:51:28.538 [AsyncHttpClient-1-9] DEBUG org.asynchttpclient.netty.channel.ChannelManager - Adding key: http://localhost:37663 for channel [id: 0x651052cf, L:/127.0.0.1:60184 - R:localhost/127.0.0.1:37663]
00:51:28.539 [Forwarding getCurrentUrl on session 4974577a3f047554c2d0a36645d9e7da to remote] DEBUG org.asynchttpclient.netty.request.NettyRequestSender - Using pooled Channel '[id: 0x651052cf, L:/127.0.0.1:60184 - R:localhost/127.0.0.1:37663]' for 'GET' to 'http://localhost:37663/session/4974577a3f047554c2d0a36645d9e7da/url'
00:51:28.539 [Forwarding getCurrentUrl on session 4974577a3f047554c2d0a36645d9e7da to remote] DEBUG org.asynchttpclient.netty.request.NettyRequestSender - Using open Channel [id: 0x651052cf, L:/127.0.0.1:60184 - R:localhost/127.0.0.1:37663] for GET '/session/4974577a3f047554c2d0a36645d9e7da/url'
00:51:28.543 [AsyncHttpClient-1-9] DEBUG org.asynchttpclient.netty.handler.HttpHandler - 

Request DefaultFullHttpRequest(decodeResult: success, version: HTTP/1.1, content: EmptyByteBufBE)
GET /session/4974577a3f047554c2d0a36645d9e7da/url HTTP/1.1
User-Agent: selenium/4.7.1 (java windows)
Cache-Control: no-cache
Content-Type: application/json; charset=utf-8
host: localhost:37663
accept: */*

Response DefaultHttpResponse(decodeResult: success, version: HTTP/1.1)
HTTP/1.1 200 OK
Content-Type: application/json; charset=utf-8
cache-control: no-cache
content-length: 41

00:51:28.543 [AsyncHttpClient-1-9] DEBUG org.asynchttpclient.netty.channel.ChannelManager - Adding key: http://localhost:37663 for channel [id: 0x651052cf, L:/127.0.0.1:60184 - R:localhost/127.0.0.1:37663]
00:51:28.544 [Forwarding screenshot on session 4974577a3f047554c2d0a36645d9e7da to remote] DEBUG org.asynchttpclient.netty.request.NettyRequestSender - Using pooled Channel '[id: 0x651052cf, L:/127.0.0.1:60184 - R:localhost/127.0.0.1:37663]' for 'GET' to 'http://localhost:37663/session/4974577a3f047554c2d0a36645d9e7da/screenshot'
00:51:28.544 [Forwarding screenshot on session 4974577a3f047554c2d0a36645d9e7da to remote] DEBUG org.asynchttpclient.netty.request.NettyRequestSender - Using open Channel [id: 0x651052cf, L:/127.0.0.1:60184 - R:localhost/127.0.0.1:37663] for GET '/session/4974577a3f047554c2d0a36645d9e7da/screenshot'
00:51:28.660 [AsyncHttpClient-1-9] DEBUG org.asynchttpclient.netty.handler.HttpHandler - 

Request DefaultFullHttpRequest(decodeResult: success, version: HTTP/1.1, content: EmptyByteBufBE)
GET /session/4974577a3f047554c2d0a36645d9e7da/screenshot HTTP/1.1
User-Agent: selenium/4.7.1 (java windows)
Cache-Control: no-cache
Content-Type: application/json; charset=utf-8
host: localhost:37663
accept: */*

Response DefaultHttpResponse(decodeResult: success, version: HTTP/1.1)
HTTP/1.1 200 OK
Content-Type: application/json; charset=utf-8
cache-control: no-cache
content-length: 30916

00:51:28.661 [AsyncHttpClient-1-9] DEBUG org.asynchttpclient.netty.channel.ChannelManager - Adding key: http://localhost:37663 for channel [id: 0x651052cf, L:/127.0.0.1:60184 - R:localhost/127.0.0.1:37663]
00:51:28.662 [main] DEBUG net.serenitybdd.core.photography.Darkroom - Send negative for processing for target\site\serenity\6c914a3fc13a241292a9749afbaffb35e07003bce894db6cc9c44999b3ed8e3a.png
00:51:28.662 [main] DEBUG net.thucydides.core.steps.StepInterceptor - STEP DONE: diHomepageAltaShop
00:51:28.662 [Darkroom Processing Line] DEBUG net.serenitybdd.core.photography.DarkroomProcessingLine - Processing screenshot image in /var/screenshots/screenshot-2106084963424086337
00:51:28.662 [Darkroom Processing Line] DEBUG net.serenitybdd.core.photography.DarkroomProcessingLine - Saving screenshot to target\site\serenity\6c914a3fc13a241292a9749afbaffb35e07003bce894db6cc9c44999b3ed8e3a.png
00:51:28.667 [main] DEBUG net.thucydides.core.steps.StepInterceptor - STARTING STEP: TransaksiSteps.userBeradaDiHomepageAltaShopDanLoginAkun - klikButtonLogin
00:51:28.671 [Forwarding findElement on session 4974577a3f047554c2d0a36645d9e7da to remote] DEBUG org.asynchttpclient.netty.request.NettyRequestSender - Using pooled Channel '[id: 0x651052cf, L:/127.0.0.1:60184 - R:localhost/127.0.0.1:37663]' for 'POST' to 'http://localhost:37663/session/4974577a3f047554c2d0a36645d9e7da/element'
00:51:28.671 [Forwarding findElement on session 4974577a3f047554c2d0a36645d9e7da to remote] DEBUG org.asynchttpclient.netty.request.NettyRequestSender - Using open Channel [id: 0x651052cf, L:/127.0.0.1:60184 - R:localhost/127.0.0.1:37663] for POST '/session/4974577a3f047554c2d0a36645d9e7da/element'
00:51:28.679 [AsyncHttpClient-1-9] DEBUG org.asynchttpclient.netty.handler.HttpHandler - 

Request DefaultHttpRequest(decodeResult: success, version: HTTP/1.1)
POST /session/4974577a3f047554c2d0a36645d9e7da/element HTTP/1.1
User-Agent: selenium/4.7.1 (java windows)
Content-Length: 108
Content-Type: application/json; charset=utf-8
host: localhost:37663
accept: */*

Response DefaultHttpResponse(decodeResult: success, version: HTTP/1.1)
HTTP/1.1 200 OK
Content-Type: application/json; charset=utf-8
cache-control: no-cache
content-length: 88

00:51:28.679 [AsyncHttpClient-1-9] DEBUG org.asynchttpclient.netty.channel.ChannelManager - Adding key: http://localhost:37663 for channel [id: 0x651052cf, L:/127.0.0.1:60184 - R:localhost/127.0.0.1:37663]
00:51:28.680 [Forwarding getElementTagName on session 4974577a3f047554c2d0a36645d9e7da to remote] DEBUG org.asynchttpclient.netty.request.NettyRequestSender - Using pooled Channel '[id: 0x651052cf, L:/127.0.0.1:60184 - R:localhost/127.0.0.1:37663]' for 'GET' to 'http://localhost:37663/session/4974577a3f047554c2d0a36645d9e7da/element/00061cb1-d3e3-4d44-b503-c80fbfdb0d09/name'
00:51:28.680 [Forwarding getElementTagName on session 4974577a3f047554c2d0a36645d9e7da to remote] DEBUG org.asynchttpclient.netty.request.NettyRequestSender - Using open Channel [id: 0x651052cf, L:/127.0.0.1:60184 - R:localhost/127.0.0.1:37663] for GET '/session/4974577a3f047554c2d0a36645d9e7da/element/00061cb1-d3e3-4d44-b503-c80fbfdb0d09/name'
00:51:28.685 [AsyncHttpClient-1-9] DEBUG org.asynchttpclient.netty.handler.HttpHandler - 

Request DefaultFullHttpRequest(decodeResult: success, version: HTTP/1.1, content: EmptyByteBufBE)
GET /session/4974577a3f047554c2d0a36645d9e7da/element/00061cb1-d3e3-4d44-b503-c80fbfdb0d09/name HTTP/1.1
User-Agent: selenium/4.7.1 (java windows)
Cache-Control: no-cache
Content-Type: application/json; charset=utf-8
host: localhost:37663
accept: */*

Response DefaultHttpResponse(decodeResult: success, version: HTTP/1.1)
HTTP/1.1 200 OK
Content-Type: application/json; charset=utf-8
cache-control: no-cache
content-length: 18

00:51:28.685 [AsyncHttpClient-1-9] DEBUG org.asynchttpclient.netty.channel.ChannelManager - Adding key: http://localhost:37663 for channel [id: 0x651052cf, L:/127.0.0.1:60184 - R:localhost/127.0.0.1:37663]
00:51:28.686 [Forwarding getElementTagName on session 4974577a3f047554c2d0a36645d9e7da to remote] DEBUG org.asynchttpclient.netty.request.NettyRequestSender - Using pooled Channel '[id: 0x651052cf, L:/127.0.0.1:60184 - R:localhost/127.0.0.1:37663]' for 'GET' to 'http://localhost:37663/session/4974577a3f047554c2d0a36645d9e7da/element/00061cb1-d3e3-4d44-b503-c80fbfdb0d09/name'
00:51:28.687 [Forwarding getElementTagName on session 4974577a3f047554c2d0a36645d9e7da to remote] DEBUG org.asynchttpclient.netty.request.NettyRequestSender - Using open Channel [id: 0x651052cf, L:/127.0.0.1:60184 - R:localhost/127.0.0.1:37663] for GET '/session/4974577a3f047554c2d0a36645d9e7da/element/00061cb1-d3e3-4d44-b503-c80fbfdb0d09/name'
00:51:28.691 [AsyncHttpClient-1-9] DEBUG org.asynchttpclient.netty.handler.HttpHandler - 

Request DefaultFullHttpRequest(decodeResult: success, version: HTTP/1.1, content: EmptyByteBufBE)
GET /session/4974577a3f047554c2d0a36645d9e7da/element/00061cb1-d3e3-4d44-b503-c80fbfdb0d09/name HTTP/1.1
User-Agent: selenium/4.7.1 (java windows)
Cache-Control: no-cache
Content-Type: application/json; charset=utf-8
host: localhost:37663
accept: */*

Response DefaultHttpResponse(decodeResult: success, version: HTTP/1.1)
HTTP/1.1 200 OK
Content-Type: application/json; charset=utf-8
cache-control: no-cache
content-length: 18

00:51:28.691 [AsyncHttpClient-1-9] DEBUG org.asynchttpclient.netty.channel.ChannelManager - Adding key: http://localhost:37663 for channel [id: 0x651052cf, L:/127.0.0.1:60184 - R:localhost/127.0.0.1:37663]
00:51:28.692 [Forwarding isElementEnabled on session 4974577a3f047554c2d0a36645d9e7da to remote] DEBUG org.asynchttpclient.netty.request.NettyRequestSender - Using pooled Channel '[id: 0x651052cf, L:/127.0.0.1:60184 - R:localhost/127.0.0.1:37663]' for 'GET' to 'http://localhost:37663/session/4974577a3f047554c2d0a36645d9e7da/element/00061cb1-d3e3-4d44-b503-c80fbfdb0d09/enabled'
00:51:28.693 [Forwarding isElementEnabled on session 4974577a3f047554c2d0a36645d9e7da to remote] DEBUG org.asynchttpclient.netty.request.NettyRequestSender - Using open Channel [id: 0x651052cf, L:/127.0.0.1:60184 - R:localhost/127.0.0.1:37663] for GET '/session/4974577a3f047554c2d0a36645d9e7da/element/00061cb1-d3e3-4d44-b503-c80fbfdb0d09/enabled'
00:51:28.702 [AsyncHttpClient-1-9] DEBUG org.asynchttpclient.netty.handler.HttpHandler - 

Request DefaultFullHttpRequest(decodeResult: success, version: HTTP/1.1, content: EmptyByteBufBE)
GET /session/4974577a3f047554c2d0a36645d9e7da/element/00061cb1-d3e3-4d44-b503-c80fbfdb0d09/enabled HTTP/1.1
User-Agent: selenium/4.7.1 (java windows)
Cache-Control: no-cache
Content-Type: application/json; charset=utf-8
host: localhost:37663
accept: */*

Response DefaultHttpResponse(decodeResult: success, version: HTTP/1.1)
HTTP/1.1 200 OK
Content-Type: application/json; charset=utf-8
cache-control: no-cache
content-length: 14

00:51:28.702 [AsyncHttpClient-1-9] DEBUG org.asynchttpclient.netty.channel.ChannelManager - Adding key: http://localhost:37663 for channel [id: 0x651052cf, L:/127.0.0.1:60184 - R:localhost/127.0.0.1:37663]
00:51:28.703 [Forwarding isElementEnabled on session 4974577a3f047554c2d0a36645d9e7da to remote] DEBUG org.asynchttpclient.netty.request.NettyRequestSender - Using pooled Channel '[id: 0x651052cf, L:/127.0.0.1:60184 - R:localhost/127.0.0.1:37663]' for 'GET' to 'http://localhost:37663/session/4974577a3f047554c2d0a36645d9e7da/element/00061cb1-d3e3-4d44-b503-c80fbfdb0d09/enabled'
00:51:28.703 [Forwarding isElementEnabled on session 4974577a3f047554c2d0a36645d9e7da to remote] DEBUG org.asynchttpclient.netty.request.NettyRequestSender - Using open Channel [id: 0x651052cf, L:/127.0.0.1:60184 - R:localhost/127.0.0.1:37663] for GET '/session/4974577a3f047554c2d0a36645d9e7da/element/00061cb1-d3e3-4d44-b503-c80fbfdb0d09/enabled'
00:51:29.131 [AsyncHttpClient-1-1] DEBUG org.asynchttpclient.netty.channel.DefaultChannelPool - Entry count for : http://localhost:60185 : 1
00:51:30.240 [AsyncHttpClient-1-1] DEBUG org.asynchttpclient.netty.channel.DefaultChannelPool - Entry count for : http://localhost:60185 : 1
00:51:31.340 [AsyncHttpClient-1-1] DEBUG org.asynchttpclient.netty.channel.DefaultChannelPool - Entry count for : http://localhost:60185 : 1
00:51:31.918 [AsyncHttpClient-1-9] DEBUG org.asynchttpclient.netty.handler.HttpHandler - 

Request DefaultFullHttpRequest(decodeResult: success, version: HTTP/1.1, content: EmptyByteBufBE)
GET /session/4974577a3f047554c2d0a36645d9e7da/element/00061cb1-d3e3-4d44-b503-c80fbfdb0d09/enabled HTTP/1.1
User-Agent: selenium/4.7.1 (java windows)
Cache-Control: no-cache
Content-Type: application/json; charset=utf-8
host: localhost:37663
accept: */*

Response DefaultHttpResponse(decodeResult: success, version: HTTP/1.1)
HTTP/1.1 200 OK
Content-Type: application/json; charset=utf-8
cache-control: no-cache
content-length: 14

00:51:31.919 [AsyncHttpClient-1-9] DEBUG org.asynchttpclient.netty.channel.ChannelManager - Adding key: http://localhost:37663 for channel [id: 0x651052cf, L:/127.0.0.1:60184 - R:localhost/127.0.0.1:37663]
00:51:31.921 [Forwarding findElement on session 4974577a3f047554c2d0a36645d9e7da to remote] DEBUG org.asynchttpclient.netty.request.NettyRequestSender - Using pooled Channel '[id: 0x651052cf, L:/127.0.0.1:60184 - R:localhost/127.0.0.1:37663]' for 'POST' to 'http://localhost:37663/session/4974577a3f047554c2d0a36645d9e7da/element'
00:51:31.921 [Forwarding findElement on session 4974577a3f047554c2d0a36645d9e7da to remote] DEBUG org.asynchttpclient.netty.request.NettyRequestSender - Using open Channel [id: 0x651052cf, L:/127.0.0.1:60184 - R:localhost/127.0.0.1:37663] for POST '/session/4974577a3f047554c2d0a36645d9e7da/element'
00:51:31.940 [AsyncHttpClient-1-9] DEBUG org.asynchttpclient.netty.handler.HttpHandler - 

Request DefaultHttpRequest(decodeResult: success, version: HTTP/1.1)
POST /session/4974577a3f047554c2d0a36645d9e7da/element HTTP/1.1
User-Agent: selenium/4.7.1 (java windows)
Content-Length: 108
Content-Type: application/json; charset=utf-8
host: localhost:37663
accept: */*

Response DefaultHttpResponse(decodeResult: success, version: HTTP/1.1)
HTTP/1.1 200 OK
Content-Type: application/json; charset=utf-8
cache-control: no-cache
content-length: 88

00:51:31.940 [AsyncHttpClient-1-9] DEBUG org.asynchttpclient.netty.channel.ChannelManager - Adding key: http://localhost:37663 for channel [id: 0x651052cf, L:/127.0.0.1:60184 - R:localhost/127.0.0.1:37663]
00:51:31.941 [Forwarding clickElement on session 4974577a3f047554c2d0a36645d9e7da to remote] DEBUG org.asynchttpclient.netty.request.NettyRequestSender - Using pooled Channel '[id: 0x651052cf, L:/127.0.0.1:60184 - R:localhost/127.0.0.1:37663]' for 'POST' to 'http://localhost:37663/session/4974577a3f047554c2d0a36645d9e7da/element/00061cb1-d3e3-4d44-b503-c80fbfdb0d09/click'
00:51:31.941 [Forwarding clickElement on session 4974577a3f047554c2d0a36645d9e7da to remote] DEBUG org.asynchttpclient.netty.request.NettyRequestSender - Using open Channel [id: 0x651052cf, L:/127.0.0.1:60184 - R:localhost/127.0.0.1:37663] for POST '/session/4974577a3f047554c2d0a36645d9e7da/element/00061cb1-d3e3-4d44-b503-c80fbfdb0d09/click'
00:51:32.001 [AsyncHttpClient-1-9] DEBUG org.asynchttpclient.netty.handler.HttpHandler - 

Request DefaultHttpRequest(decodeResult: success, version: HTTP/1.1)
POST /session/4974577a3f047554c2d0a36645d9e7da/element/00061cb1-d3e3-4d44-b503-c80fbfdb0d09/click HTTP/1.1
User-Agent: selenium/4.7.1 (java windows)
Content-Length: 50
Content-Type: application/json; charset=utf-8
host: localhost:37663
accept: */*

Response DefaultHttpResponse(decodeResult: success, version: HTTP/1.1)
HTTP/1.1 200 OK
Content-Type: application/json; charset=utf-8
cache-control: no-cache
content-length: 14

00:51:32.002 [AsyncHttpClient-1-9] DEBUG org.asynchttpclient.netty.channel.ChannelManager - Adding key: http://localhost:37663 for channel [id: 0x651052cf, L:/127.0.0.1:60184 - R:localhost/127.0.0.1:37663]
00:51:32.010 [Forwarding getCurrentWindowHandle on session 4974577a3f047554c2d0a36645d9e7da to remote] DEBUG org.asynchttpclient.netty.request.NettyRequestSender - Using pooled Channel '[id: 0x651052cf, L:/127.0.0.1:60184 - R:localhost/127.0.0.1:37663]' for 'GET' to 'http://localhost:37663/session/4974577a3f047554c2d0a36645d9e7da/window'
00:51:32.010 [Forwarding getCurrentWindowHandle on session 4974577a3f047554c2d0a36645d9e7da to remote] DEBUG org.asynchttpclient.netty.request.NettyRequestSender - Using open Channel [id: 0x651052cf, L:/127.0.0.1:60184 - R:localhost/127.0.0.1:37663] for GET '/session/4974577a3f047554c2d0a36645d9e7da/window'
00:51:32.011 [AsyncHttpClient-1-9] DEBUG org.asynchttpclient.netty.handler.HttpHandler - 

Request DefaultFullHttpRequest(decodeResult: success, version: HTTP/1.1, content: EmptyByteBufBE)
GET /session/4974577a3f047554c2d0a36645d9e7da/window HTTP/1.1
User-Agent: selenium/4.7.1 (java windows)
Cache-Control: no-cache
Content-Type: application/json; charset=utf-8
host: localhost:37663
accept: */*

Response DefaultHttpResponse(decodeResult: success, version: HTTP/1.1)
HTTP/1.1 200 OK
Content-Type: application/json; charset=utf-8
cache-control: no-cache
content-length: 44

00:51:32.011 [AsyncHttpClient-1-9] DEBUG org.asynchttpclient.netty.channel.ChannelManager - Adding key: http://localhost:37663 for channel [id: 0x651052cf, L:/127.0.0.1:60184 - R:localhost/127.0.0.1:37663]
00:51:32.012 [Forwarding getAlertText on session 4974577a3f047554c2d0a36645d9e7da to remote] DEBUG org.asynchttpclient.netty.request.NettyRequestSender - Using pooled Channel '[id: 0x651052cf, L:/127.0.0.1:60184 - R:localhost/127.0.0.1:37663]' for 'GET' to 'http://localhost:37663/session/4974577a3f047554c2d0a36645d9e7da/alert/text'
00:51:32.012 [Forwarding getAlertText on session 4974577a3f047554c2d0a36645d9e7da to remote] DEBUG org.asynchttpclient.netty.request.NettyRequestSender - Using open Channel [id: 0x651052cf, L:/127.0.0.1:60184 - R:localhost/127.0.0.1:37663] for GET '/session/4974577a3f047554c2d0a36645d9e7da/alert/text'
00:51:32.271 [AsyncHttpClient-1-9] DEBUG org.asynchttpclient.netty.handler.HttpHandler - 

Request DefaultFullHttpRequest(decodeResult: success, version: HTTP/1.1, content: EmptyByteBufBE)
GET /session/4974577a3f047554c2d0a36645d9e7da/alert/text HTTP/1.1
User-Agent: selenium/4.7.1 (java windows)
Cache-Control: no-cache
Content-Type: application/json; charset=utf-8
host: localhost:37663
accept: */*

Response DefaultHttpResponse(decodeResult: success, version: HTTP/1.1)
HTTP/1.1 404 Not Found
Content-Type: application/json; charset=utf-8
cache-control: no-cache
content-length: 849

00:51:32.271 [AsyncHttpClient-1-9] DEBUG org.asynchttpclient.netty.channel.ChannelManager - Adding key: http://localhost:37663 for channel [id: 0x651052cf, L:/127.0.0.1:60184 - R:localhost/127.0.0.1:37663]
00:51:32.273 [Forwarding switchToWindow on session 4974577a3f047554c2d0a36645d9e7da to remote] DEBUG org.asynchttpclient.netty.request.NettyRequestSender - Using pooled Channel '[id: 0x651052cf, L:/127.0.0.1:60184 - R:localhost/127.0.0.1:37663]' for 'POST' to 'http://localhost:37663/session/4974577a3f047554c2d0a36645d9e7da/window'
00:51:32.273 [Forwarding switchToWindow on session 4974577a3f047554c2d0a36645d9e7da to remote] DEBUG org.asynchttpclient.netty.request.NettyRequestSender - Using open Channel [id: 0x651052cf, L:/127.0.0.1:60184 - R:localhost/127.0.0.1:37663] for POST '/session/4974577a3f047554c2d0a36645d9e7da/window'
00:51:32.275 [AsyncHttpClient-1-9] DEBUG org.asynchttpclient.netty.handler.HttpHandler - 

Request DefaultHttpRequest(decodeResult: success, version: HTTP/1.1)
POST /session/4974577a3f047554c2d0a36645d9e7da/window HTTP/1.1
User-Agent: selenium/4.7.1 (java windows)
Content-Length: 50
Content-Type: application/json; charset=utf-8
host: localhost:37663
accept: */*

Response DefaultHttpResponse(decodeResult: success, version: HTTP/1.1)
HTTP/1.1 200 OK
Content-Type: application/json; charset=utf-8
cache-control: no-cache
content-length: 14

00:51:32.275 [AsyncHttpClient-1-9] DEBUG org.asynchttpclient.netty.channel.ChannelManager - Adding key: http://localhost:37663 for channel [id: 0x651052cf, L:/127.0.0.1:60184 - R:localhost/127.0.0.1:37663]
00:51:32.275 [Forwarding getCurrentUrl on session 4974577a3f047554c2d0a36645d9e7da to remote] DEBUG org.asynchttpclient.netty.request.NettyRequestSender - Using pooled Channel '[id: 0x651052cf, L:/127.0.0.1:60184 - R:localhost/127.0.0.1:37663]' for 'GET' to 'http://localhost:37663/session/4974577a3f047554c2d0a36645d9e7da/url'
00:51:32.275 [Forwarding getCurrentUrl on session 4974577a3f047554c2d0a36645d9e7da to remote] DEBUG org.asynchttpclient.netty.request.NettyRequestSender - Using open Channel [id: 0x651052cf, L:/127.0.0.1:60184 - R:localhost/127.0.0.1:37663] for GET '/session/4974577a3f047554c2d0a36645d9e7da/url'
00:51:32.282 [AsyncHttpClient-1-9] DEBUG org.asynchttpclient.netty.handler.HttpHandler - 

Request DefaultFullHttpRequest(decodeResult: success, version: HTTP/1.1, content: EmptyByteBufBE)
GET /session/4974577a3f047554c2d0a36645d9e7da/url HTTP/1.1
User-Agent: selenium/4.7.1 (java windows)
Cache-Control: no-cache
Content-Type: application/json; charset=utf-8
host: localhost:37663
accept: */*

Response DefaultHttpResponse(decodeResult: success, version: HTTP/1.1)
HTTP/1.1 200 OK
Content-Type: application/json; charset=utf-8
cache-control: no-cache
content-length: 51

00:51:32.282 [AsyncHttpClient-1-9] DEBUG org.asynchttpclient.netty.channel.ChannelManager - Adding key: http://localhost:37663 for channel [id: 0x651052cf, L:/127.0.0.1:60184 - R:localhost/127.0.0.1:37663]
00:51:32.283 [Forwarding screenshot on session 4974577a3f047554c2d0a36645d9e7da to remote] DEBUG org.asynchttpclient.netty.request.NettyRequestSender - Using pooled Channel '[id: 0x651052cf, L:/127.0.0.1:60184 - R:localhost/127.0.0.1:37663]' for 'GET' to 'http://localhost:37663/session/4974577a3f047554c2d0a36645d9e7da/screenshot'
00:51:32.283 [Forwarding screenshot on session 4974577a3f047554c2d0a36645d9e7da to remote] DEBUG org.asynchttpclient.netty.request.NettyRequestSender - Using open Channel [id: 0x651052cf, L:/127.0.0.1:60184 - R:localhost/127.0.0.1:37663] for GET '/session/4974577a3f047554c2d0a36645d9e7da/screenshot'
00:51:32.374 [AsyncHttpClient-1-9] DEBUG org.asynchttpclient.netty.handler.HttpHandler - 

Request DefaultFullHttpRequest(decodeResult: success, version: HTTP/1.1, content: EmptyByteBufBE)
GET /session/4974577a3f047554c2d0a36645d9e7da/screenshot HTTP/1.1
User-Agent: selenium/4.7.1 (java windows)
Cache-Control: no-cache
Content-Type: application/json; charset=utf-8
host: localhost:37663
accept: */*

Response DefaultHttpResponse(decodeResult: success, version: HTTP/1.1)
HTTP/1.1 200 OK
Content-Type: application/json; charset=utf-8
cache-control: no-cache
content-length: 26172

00:51:32.375 [AsyncHttpClient-1-9] DEBUG org.asynchttpclient.netty.channel.ChannelManager - Adding key: http://localhost:37663 for channel [id: 0x651052cf, L:/127.0.0.1:60184 - R:localhost/127.0.0.1:37663]
00:51:32.376 [main] DEBUG net.serenitybdd.core.photography.Darkroom - Send negative for processing for target\site\serenity\f035198f28bcaf95684f4b1a3b9e5d031fc0873bb044f55c4913aef571773aa0.png
00:51:32.377 [main] DEBUG net.thucydides.core.steps.StepInterceptor - STEP DONE: klikButtonLogin
00:51:32.381 [main] DEBUG net.thucydides.core.steps.StepInterceptor - STARTING STEP: TransaksiSteps.userBeradaDiHomepageAltaShopDanLoginAkun - inputEmail
00:51:32.384 [Forwarding findElement on session 4974577a3f047554c2d0a36645d9e7da to remote] DEBUG org.asynchttpclient.netty.request.NettyRequestSender - Using pooled Channel '[id: 0x651052cf, L:/127.0.0.1:60184 - R:localhost/127.0.0.1:37663]' for 'POST' to 'http://localhost:37663/session/4974577a3f047554c2d0a36645d9e7da/element'
00:51:32.384 [Forwarding findElement on session 4974577a3f047554c2d0a36645d9e7da to remote] DEBUG org.asynchttpclient.netty.request.NettyRequestSender - Using open Channel [id: 0x651052cf, L:/127.0.0.1:60184 - R:localhost/127.0.0.1:37663] for POST '/session/4974577a3f047554c2d0a36645d9e7da/element'
00:51:32.396 [AsyncHttpClient-1-9] DEBUG org.asynchttpclient.netty.handler.HttpHandler - 

Request DefaultHttpRequest(decodeResult: success, version: HTTP/1.1)
POST /session/4974577a3f047554c2d0a36645d9e7da/element HTTP/1.1
User-Agent: selenium/4.7.1 (java windows)
Content-Length: 187
Content-Type: application/json; charset=utf-8
host: localhost:37663
accept: */*

Response DefaultHttpResponse(decodeResult: success, version: HTTP/1.1)
HTTP/1.1 200 OK
Content-Type: application/json; charset=utf-8
cache-control: no-cache
content-length: 88

00:51:32.396 [AsyncHttpClient-1-9] DEBUG org.asynchttpclient.netty.channel.ChannelManager - Adding key: http://localhost:37663 for channel [id: 0x651052cf, L:/127.0.0.1:60184 - R:localhost/127.0.0.1:37663]
00:51:32.397 [Forwarding clearElement on session 4974577a3f047554c2d0a36645d9e7da to remote] DEBUG org.asynchttpclient.netty.request.NettyRequestSender - Using pooled Channel '[id: 0x651052cf, L:/127.0.0.1:60184 - R:localhost/127.0.0.1:37663]' for 'POST' to 'http://localhost:37663/session/4974577a3f047554c2d0a36645d9e7da/element/8bc52d9c-2fc0-4a3b-9c4d-87e49760b75d/clear'
00:51:32.397 [Forwarding clearElement on session 4974577a3f047554c2d0a36645d9e7da to remote] DEBUG org.asynchttpclient.netty.request.NettyRequestSender - Using open Channel [id: 0x651052cf, L:/127.0.0.1:60184 - R:localhost/127.0.0.1:37663] for POST '/session/4974577a3f047554c2d0a36645d9e7da/element/8bc52d9c-2fc0-4a3b-9c4d-87e49760b75d/clear'
00:51:32.432 [AsyncHttpClient-1-1] DEBUG org.asynchttpclient.netty.channel.DefaultChannelPool - Entry count for : http://localhost:60185 : 1
00:51:32.432 [AsyncHttpClient-1-9] DEBUG org.asynchttpclient.netty.handler.HttpHandler - 

Request DefaultHttpRequest(decodeResult: success, version: HTTP/1.1)
POST /session/4974577a3f047554c2d0a36645d9e7da/element/8bc52d9c-2fc0-4a3b-9c4d-87e49760b75d/clear HTTP/1.1
User-Agent: selenium/4.7.1 (java windows)
Content-Length: 50
Content-Type: application/json; charset=utf-8
host: localhost:37663
accept: */*

Response DefaultHttpResponse(decodeResult: success, version: HTTP/1.1)
HTTP/1.1 200 OK
Content-Type: application/json; charset=utf-8
cache-control: no-cache
content-length: 14

00:51:32.432 [AsyncHttpClient-1-9] DEBUG org.asynchttpclient.netty.channel.ChannelManager - Adding key: http://localhost:37663 for channel [id: 0x651052cf, L:/127.0.0.1:60184 - R:localhost/127.0.0.1:37663]
00:51:32.434 [Forwarding sendKeysToElement on session 4974577a3f047554c2d0a36645d9e7da to remote] DEBUG org.asynchttpclient.netty.request.NettyRequestSender - Using pooled Channel '[id: 0x651052cf, L:/127.0.0.1:60184 - R:localhost/127.0.0.1:37663]' for 'POST' to 'http://localhost:37663/session/4974577a3f047554c2d0a36645d9e7da/element/8bc52d9c-2fc0-4a3b-9c4d-87e49760b75d/value'
00:51:32.434 [Forwarding sendKeysToElement on session 4974577a3f047554c2d0a36645d9e7da to remote] DEBUG org.asynchttpclient.netty.request.NettyRequestSender - Using open Channel [id: 0x651052cf, L:/127.0.0.1:60184 - R:localhost/127.0.0.1:37663] for POST '/session/4974577a3f047554c2d0a36645d9e7da/element/8bc52d9c-2fc0-4a3b-9c4d-87e49760b75d/value'
00:51:32.543 [AsyncHttpClient-1-9] DEBUG org.asynchttpclient.netty.handler.HttpHandler - 

Request DefaultHttpRequest(decodeResult: success, version: HTTP/1.1)
POST /session/4974577a3f047554c2d0a36645d9e7da/element/8bc52d9c-2fc0-4a3b-9c4d-87e49760b75d/value HTTP/1.1
User-Agent: selenium/4.7.1 (java windows)
Content-Length: 211
Content-Type: application/json; charset=utf-8
host: localhost:37663
accept: */*

Response DefaultHttpResponse(decodeResult: success, version: HTTP/1.1)
HTTP/1.1 200 OK
Content-Type: application/json; charset=utf-8
cache-control: no-cache
content-length: 14

00:51:32.543 [AsyncHttpClient-1-9] DEBUG org.asynchttpclient.netty.channel.ChannelManager - Adding key: http://localhost:37663 for channel [id: 0x651052cf, L:/127.0.0.1:60184 - R:localhost/127.0.0.1:37663]
00:51:32.552 [Forwarding getCurrentWindowHandle on session 4974577a3f047554c2d0a36645d9e7da to remote] DEBUG org.asynchttpclient.netty.request.NettyRequestSender - Using pooled Channel '[id: 0x651052cf, L:/127.0.0.1:60184 - R:localhost/127.0.0.1:37663]' for 'GET' to 'http://localhost:37663/session/4974577a3f047554c2d0a36645d9e7da/window'
00:51:32.552 [Forwarding getCurrentWindowHandle on session 4974577a3f047554c2d0a36645d9e7da to remote] DEBUG org.asynchttpclient.netty.request.NettyRequestSender - Using open Channel [id: 0x651052cf, L:/127.0.0.1:60184 - R:localhost/127.0.0.1:37663] for GET '/session/4974577a3f047554c2d0a36645d9e7da/window'
00:51:32.552 [AsyncHttpClient-1-9] DEBUG org.asynchttpclient.netty.handler.HttpHandler - 

Request DefaultFullHttpRequest(decodeResult: success, version: HTTP/1.1, content: EmptyByteBufBE)
GET /session/4974577a3f047554c2d0a36645d9e7da/window HTTP/1.1
User-Agent: selenium/4.7.1 (java windows)
Cache-Control: no-cache
Content-Type: application/json; charset=utf-8
host: localhost:37663
accept: */*

Response DefaultHttpResponse(decodeResult: success, version: HTTP/1.1)
HTTP/1.1 200 OK
Content-Type: application/json; charset=utf-8
cache-control: no-cache
content-length: 44

00:51:32.552 [AsyncHttpClient-1-9] DEBUG org.asynchttpclient.netty.channel.ChannelManager - Adding key: http://localhost:37663 for channel [id: 0x651052cf, L:/127.0.0.1:60184 - R:localhost/127.0.0.1:37663]
00:51:32.553 [Forwarding getAlertText on session 4974577a3f047554c2d0a36645d9e7da to remote] DEBUG org.asynchttpclient.netty.request.NettyRequestSender - Using pooled Channel '[id: 0x651052cf, L:/127.0.0.1:60184 - R:localhost/127.0.0.1:37663]' for 'GET' to 'http://localhost:37663/session/4974577a3f047554c2d0a36645d9e7da/alert/text'
00:51:32.553 [Forwarding getAlertText on session 4974577a3f047554c2d0a36645d9e7da to remote] DEBUG org.asynchttpclient.netty.request.NettyRequestSender - Using open Channel [id: 0x651052cf, L:/127.0.0.1:60184 - R:localhost/127.0.0.1:37663] for GET '/session/4974577a3f047554c2d0a36645d9e7da/alert/text'
00:51:32.555 [AsyncHttpClient-1-9] DEBUG org.asynchttpclient.netty.handler.HttpHandler - 

Request DefaultFullHttpRequest(decodeResult: success, version: HTTP/1.1, content: EmptyByteBufBE)
GET /session/4974577a3f047554c2d0a36645d9e7da/alert/text HTTP/1.1
User-Agent: selenium/4.7.1 (java windows)
Cache-Control: no-cache
Content-Type: application/json; charset=utf-8
host: localhost:37663
accept: */*

Response DefaultHttpResponse(decodeResult: success, version: HTTP/1.1)
HTTP/1.1 404 Not Found
Content-Type: application/json; charset=utf-8
cache-control: no-cache
content-length: 849

00:51:32.555 [AsyncHttpClient-1-9] DEBUG org.asynchttpclient.netty.channel.ChannelManager - Adding key: http://localhost:37663 for channel [id: 0x651052cf, L:/127.0.0.1:60184 - R:localhost/127.0.0.1:37663]
00:51:32.556 [Forwarding switchToWindow on session 4974577a3f047554c2d0a36645d9e7da to remote] DEBUG org.asynchttpclient.netty.request.NettyRequestSender - Using pooled Channel '[id: 0x651052cf, L:/127.0.0.1:60184 - R:localhost/127.0.0.1:37663]' for 'POST' to 'http://localhost:37663/session/4974577a3f047554c2d0a36645d9e7da/window'
00:51:32.556 [Forwarding switchToWindow on session 4974577a3f047554c2d0a36645d9e7da to remote] DEBUG org.asynchttpclient.netty.request.NettyRequestSender - Using open Channel [id: 0x651052cf, L:/127.0.0.1:60184 - R:localhost/127.0.0.1:37663] for POST '/session/4974577a3f047554c2d0a36645d9e7da/window'
00:51:32.558 [AsyncHttpClient-1-9] DEBUG org.asynchttpclient.netty.handler.HttpHandler - 

Request DefaultHttpRequest(decodeResult: success, version: HTTP/1.1)
POST /session/4974577a3f047554c2d0a36645d9e7da/window HTTP/1.1
User-Agent: selenium/4.7.1 (java windows)
Content-Length: 50
Content-Type: application/json; charset=utf-8
host: localhost:37663
accept: */*

Response DefaultHttpResponse(decodeResult: success, version: HTTP/1.1)
HTTP/1.1 200 OK
Content-Type: application/json; charset=utf-8
cache-control: no-cache
content-length: 14

00:51:32.558 [AsyncHttpClient-1-9] DEBUG org.asynchttpclient.netty.channel.ChannelManager - Adding key: http://localhost:37663 for channel [id: 0x651052cf, L:/127.0.0.1:60184 - R:localhost/127.0.0.1:37663]
00:51:32.558 [Forwarding getCurrentUrl on session 4974577a3f047554c2d0a36645d9e7da to remote] DEBUG org.asynchttpclient.netty.request.NettyRequestSender - Using pooled Channel '[id: 0x651052cf, L:/127.0.0.1:60184 - R:localhost/127.0.0.1:37663]' for 'GET' to 'http://localhost:37663/session/4974577a3f047554c2d0a36645d9e7da/url'
00:51:32.558 [Forwarding getCurrentUrl on session 4974577a3f047554c2d0a36645d9e7da to remote] DEBUG org.asynchttpclient.netty.request.NettyRequestSender - Using open Channel [id: 0x651052cf, L:/127.0.0.1:60184 - R:localhost/127.0.0.1:37663] for GET '/session/4974577a3f047554c2d0a36645d9e7da/url'
00:51:32.561 [AsyncHttpClient-1-9] DEBUG org.asynchttpclient.netty.handler.HttpHandler - 

Request DefaultFullHttpRequest(decodeResult: success, version: HTTP/1.1, content: EmptyByteBufBE)
GET /session/4974577a3f047554c2d0a36645d9e7da/url HTTP/1.1
User-Agent: selenium/4.7.1 (java windows)
Cache-Control: no-cache
Content-Type: application/json; charset=utf-8
host: localhost:37663
accept: */*

Response DefaultHttpResponse(decodeResult: success, version: HTTP/1.1)
HTTP/1.1 200 OK
Content-Type: application/json; charset=utf-8
cache-control: no-cache
content-length: 51

00:51:32.561 [AsyncHttpClient-1-9] DEBUG org.asynchttpclient.netty.channel.ChannelManager - Adding key: http://localhost:37663 for channel [id: 0x651052cf, L:/127.0.0.1:60184 - R:localhost/127.0.0.1:37663]
00:51:32.562 [Forwarding screenshot on session 4974577a3f047554c2d0a36645d9e7da to remote] DEBUG org.asynchttpclient.netty.request.NettyRequestSender - Using pooled Channel '[id: 0x651052cf, L:/127.0.0.1:60184 - R:localhost/127.0.0.1:37663]' for 'GET' to 'http://localhost:37663/session/4974577a3f047554c2d0a36645d9e7da/screenshot'
00:51:32.562 [Forwarding screenshot on session 4974577a3f047554c2d0a36645d9e7da to remote] DEBUG org.asynchttpclient.netty.request.NettyRequestSender - Using open Channel [id: 0x651052cf, L:/127.0.0.1:60184 - R:localhost/127.0.0.1:37663] for GET '/session/4974577a3f047554c2d0a36645d9e7da/screenshot'
00:51:32.665 [AsyncHttpClient-1-9] DEBUG org.asynchttpclient.netty.handler.HttpHandler - 

Request DefaultFullHttpRequest(decodeResult: success, version: HTTP/1.1, content: EmptyByteBufBE)
GET /session/4974577a3f047554c2d0a36645d9e7da/screenshot HTTP/1.1
User-Agent: selenium/4.7.1 (java windows)
Cache-Control: no-cache
Content-Type: application/json; charset=utf-8
host: localhost:37663
accept: */*

Response DefaultHttpResponse(decodeResult: success, version: HTTP/1.1)
HTTP/1.1 200 OK
Content-Type: application/json; charset=utf-8
cache-control: no-cache
content-length: 29848

00:51:32.665 [AsyncHttpClient-1-9] DEBUG org.asynchttpclient.netty.channel.ChannelManager - Adding key: http://localhost:37663 for channel [id: 0x651052cf, L:/127.0.0.1:60184 - R:localhost/127.0.0.1:37663]
00:51:32.667 [main] DEBUG net.serenitybdd.core.photography.Darkroom - Send negative for processing for target\site\serenity\789f30736afd59153041e6f4e00942c5145a19c4376db0472792283eaa98f7b3.png
00:51:32.667 [main] DEBUG net.thucydides.core.steps.StepInterceptor - STEP DONE: inputEmail
00:51:32.667 [Darkroom Processing Line] DEBUG net.serenitybdd.core.photography.DarkroomProcessingLine - Processing screenshot image in /var/screenshots/screenshot-8970732917498880850
00:51:32.668 [Darkroom Processing Line] DEBUG net.serenitybdd.core.photography.DarkroomProcessingLine - Saving screenshot to target\site\serenity\789f30736afd59153041e6f4e00942c5145a19c4376db0472792283eaa98f7b3.png
00:51:32.672 [main] DEBUG net.thucydides.core.steps.StepInterceptor - STARTING STEP: TransaksiSteps.userBeradaDiHomepageAltaShopDanLoginAkun - inputPassword
00:51:32.674 [Forwarding findElement on session 4974577a3f047554c2d0a36645d9e7da to remote] DEBUG org.asynchttpclient.netty.request.NettyRequestSender - Using pooled Channel '[id: 0x651052cf, L:/127.0.0.1:60184 - R:localhost/127.0.0.1:37663]' for 'POST' to 'http://localhost:37663/session/4974577a3f047554c2d0a36645d9e7da/element'
00:51:32.674 [Forwarding findElement on session 4974577a3f047554c2d0a36645d9e7da to remote] DEBUG org.asynchttpclient.netty.request.NettyRequestSender - Using open Channel [id: 0x651052cf, L:/127.0.0.1:60184 - R:localhost/127.0.0.1:37663] for POST '/session/4974577a3f047554c2d0a36645d9e7da/element'
00:51:32.688 [AsyncHttpClient-1-9] DEBUG org.asynchttpclient.netty.handler.HttpHandler - 

Request DefaultHttpRequest(decodeResult: success, version: HTTP/1.1)
POST /session/4974577a3f047554c2d0a36645d9e7da/element HTTP/1.1
User-Agent: selenium/4.7.1 (java windows)
Content-Length: 187
Content-Type: application/json; charset=utf-8
host: localhost:37663
accept: */*

Response DefaultHttpResponse(decodeResult: success, version: HTTP/1.1)
HTTP/1.1 200 OK
Content-Type: application/json; charset=utf-8
cache-control: no-cache
content-length: 88

00:51:32.688 [AsyncHttpClient-1-9] DEBUG org.asynchttpclient.netty.channel.ChannelManager - Adding key: http://localhost:37663 for channel [id: 0x651052cf, L:/127.0.0.1:60184 - R:localhost/127.0.0.1:37663]
00:51:32.689 [Forwarding clearElement on session 4974577a3f047554c2d0a36645d9e7da to remote] DEBUG org.asynchttpclient.netty.request.NettyRequestSender - Using pooled Channel '[id: 0x651052cf, L:/127.0.0.1:60184 - R:localhost/127.0.0.1:37663]' for 'POST' to 'http://localhost:37663/session/4974577a3f047554c2d0a36645d9e7da/element/a8539a33-ed88-4023-9740-7d79f2b5342c/clear'
00:51:32.689 [Forwarding clearElement on session 4974577a3f047554c2d0a36645d9e7da to remote] DEBUG org.asynchttpclient.netty.request.NettyRequestSender - Using open Channel [id: 0x651052cf, L:/127.0.0.1:60184 - R:localhost/127.0.0.1:37663] for POST '/session/4974577a3f047554c2d0a36645d9e7da/element/a8539a33-ed88-4023-9740-7d79f2b5342c/clear'
00:51:32.727 [AsyncHttpClient-1-9] DEBUG org.asynchttpclient.netty.handler.HttpHandler - 

Request DefaultHttpRequest(decodeResult: success, version: HTTP/1.1)
POST /session/4974577a3f047554c2d0a36645d9e7da/element/a8539a33-ed88-4023-9740-7d79f2b5342c/clear HTTP/1.1
User-Agent: selenium/4.7.1 (java windows)
Content-Length: 50
Content-Type: application/json; charset=utf-8
host: localhost:37663
accept: */*

Response DefaultHttpResponse(decodeResult: success, version: HTTP/1.1)
HTTP/1.1 200 OK
Content-Type: application/json; charset=utf-8
cache-control: no-cache
content-length: 14

00:51:32.727 [AsyncHttpClient-1-9] DEBUG org.asynchttpclient.netty.channel.ChannelManager - Adding key: http://localhost:37663 for channel [id: 0x651052cf, L:/127.0.0.1:60184 - R:localhost/127.0.0.1:37663]
00:51:32.728 [Forwarding sendKeysToElement on session 4974577a3f047554c2d0a36645d9e7da to remote] DEBUG org.asynchttpclient.netty.request.NettyRequestSender - Using pooled Channel '[id: 0x651052cf, L:/127.0.0.1:60184 - R:localhost/127.0.0.1:37663]' for 'POST' to 'http://localhost:37663/session/4974577a3f047554c2d0a36645d9e7da/element/a8539a33-ed88-4023-9740-7d79f2b5342c/value'
00:51:32.728 [Forwarding sendKeysToElement on session 4974577a3f047554c2d0a36645d9e7da to remote] DEBUG org.asynchttpclient.netty.request.NettyRequestSender - Using open Channel [id: 0x651052cf, L:/127.0.0.1:60184 - R:localhost/127.0.0.1:37663] for POST '/session/4974577a3f047554c2d0a36645d9e7da/element/a8539a33-ed88-4023-9740-7d79f2b5342c/value'
00:51:32.791 [AsyncHttpClient-1-9] DEBUG org.asynchttpclient.netty.handler.HttpHandler - 

Request DefaultHttpRequest(decodeResult: success, version: HTTP/1.1)
POST /session/4974577a3f047554c2d0a36645d9e7da/element/a8539a33-ed88-4023-9740-7d79f2b5342c/value HTTP/1.1
User-Agent: selenium/4.7.1 (java windows)
Content-Length: 111
Content-Type: application/json; charset=utf-8
host: localhost:37663
accept: */*

Response DefaultHttpResponse(decodeResult: success, version: HTTP/1.1)
HTTP/1.1 200 OK
Content-Type: application/json; charset=utf-8
cache-control: no-cache
content-length: 14

00:51:32.791 [AsyncHttpClient-1-9] DEBUG org.asynchttpclient.netty.channel.ChannelManager - Adding key: http://localhost:37663 for channel [id: 0x651052cf, L:/127.0.0.1:60184 - R:localhost/127.0.0.1:37663]
00:51:32.797 [Forwarding getCurrentWindowHandle on session 4974577a3f047554c2d0a36645d9e7da to remote] DEBUG org.asynchttpclient.netty.request.NettyRequestSender - Using pooled Channel '[id: 0x651052cf, L:/127.0.0.1:60184 - R:localhost/127.0.0.1:37663]' for 'GET' to 'http://localhost:37663/session/4974577a3f047554c2d0a36645d9e7da/window'
00:51:32.797 [Forwarding getCurrentWindowHandle on session 4974577a3f047554c2d0a36645d9e7da to remote] DEBUG org.asynchttpclient.netty.request.NettyRequestSender - Using open Channel [id: 0x651052cf, L:/127.0.0.1:60184 - R:localhost/127.0.0.1:37663] for GET '/session/4974577a3f047554c2d0a36645d9e7da/window'
00:51:32.798 [AsyncHttpClient-1-9] DEBUG org.asynchttpclient.netty.handler.HttpHandler - 

Request DefaultFullHttpRequest(decodeResult: success, version: HTTP/1.1, content: EmptyByteBufBE)
GET /session/4974577a3f047554c2d0a36645d9e7da/window HTTP/1.1
User-Agent: selenium/4.7.1 (java windows)
Cache-Control: no-cache
Content-Type: application/json; charset=utf-8
host: localhost:37663
accept: */*

Response DefaultHttpResponse(decodeResult: success, version: HTTP/1.1)
HTTP/1.1 200 OK
Content-Type: application/json; charset=utf-8
cache-control: no-cache
content-length: 44

00:51:32.798 [AsyncHttpClient-1-9] DEBUG org.asynchttpclient.netty.channel.ChannelManager - Adding key: http://localhost:37663 for channel [id: 0x651052cf, L:/127.0.0.1:60184 - R:localhost/127.0.0.1:37663]
00:51:32.799 [Forwarding getAlertText on session 4974577a3f047554c2d0a36645d9e7da to remote] DEBUG org.asynchttpclient.netty.request.NettyRequestSender - Using pooled Channel '[id: 0x651052cf, L:/127.0.0.1:60184 - R:localhost/127.0.0.1:37663]' for 'GET' to 'http://localhost:37663/session/4974577a3f047554c2d0a36645d9e7da/alert/text'
00:51:32.799 [Forwarding getAlertText on session 4974577a3f047554c2d0a36645d9e7da to remote] DEBUG org.asynchttpclient.netty.request.NettyRequestSender - Using open Channel [id: 0x651052cf, L:/127.0.0.1:60184 - R:localhost/127.0.0.1:37663] for GET '/session/4974577a3f047554c2d0a36645d9e7da/alert/text'
00:51:32.802 [AsyncHttpClient-1-9] DEBUG org.asynchttpclient.netty.handler.HttpHandler - 

Request DefaultFullHttpRequest(decodeResult: success, version: HTTP/1.1, content: EmptyByteBufBE)
GET /session/4974577a3f047554c2d0a36645d9e7da/alert/text HTTP/1.1
User-Agent: selenium/4.7.1 (java windows)
Cache-Control: no-cache
Content-Type: application/json; charset=utf-8
host: localhost:37663
accept: */*

Response DefaultHttpResponse(decodeResult: success, version: HTTP/1.1)
HTTP/1.1 404 Not Found
Content-Type: application/json; charset=utf-8
cache-control: no-cache
content-length: 849

00:51:32.802 [AsyncHttpClient-1-9] DEBUG org.asynchttpclient.netty.channel.ChannelManager - Adding key: http://localhost:37663 for channel [id: 0x651052cf, L:/127.0.0.1:60184 - R:localhost/127.0.0.1:37663]
00:51:32.803 [Forwarding switchToWindow on session 4974577a3f047554c2d0a36645d9e7da to remote] DEBUG org.asynchttpclient.netty.request.NettyRequestSender - Using pooled Channel '[id: 0x651052cf, L:/127.0.0.1:60184 - R:localhost/127.0.0.1:37663]' for 'POST' to 'http://localhost:37663/session/4974577a3f047554c2d0a36645d9e7da/window'
00:51:32.803 [Forwarding switchToWindow on session 4974577a3f047554c2d0a36645d9e7da to remote] DEBUG org.asynchttpclient.netty.request.NettyRequestSender - Using open Channel [id: 0x651052cf, L:/127.0.0.1:60184 - R:localhost/127.0.0.1:37663] for POST '/session/4974577a3f047554c2d0a36645d9e7da/window'
00:51:32.804 [AsyncHttpClient-1-9] DEBUG org.asynchttpclient.netty.handler.HttpHandler - 

Request DefaultHttpRequest(decodeResult: success, version: HTTP/1.1)
POST /session/4974577a3f047554c2d0a36645d9e7da/window HTTP/1.1
User-Agent: selenium/4.7.1 (java windows)
Content-Length: 50
Content-Type: application/json; charset=utf-8
host: localhost:37663
accept: */*

Response DefaultHttpResponse(decodeResult: success, version: HTTP/1.1)
HTTP/1.1 200 OK
Content-Type: application/json; charset=utf-8
cache-control: no-cache
content-length: 14

00:51:32.804 [AsyncHttpClient-1-9] DEBUG org.asynchttpclient.netty.channel.ChannelManager - Adding key: http://localhost:37663 for channel [id: 0x651052cf, L:/127.0.0.1:60184 - R:localhost/127.0.0.1:37663]
00:51:32.805 [Forwarding getCurrentUrl on session 4974577a3f047554c2d0a36645d9e7da to remote] DEBUG org.asynchttpclient.netty.request.NettyRequestSender - Using pooled Channel '[id: 0x651052cf, L:/127.0.0.1:60184 - R:localhost/127.0.0.1:37663]' for 'GET' to 'http://localhost:37663/session/4974577a3f047554c2d0a36645d9e7da/url'
00:51:32.805 [Forwarding getCurrentUrl on session 4974577a3f047554c2d0a36645d9e7da to remote] DEBUG org.asynchttpclient.netty.request.NettyRequestSender - Using open Channel [id: 0x651052cf, L:/127.0.0.1:60184 - R:localhost/127.0.0.1:37663] for GET '/session/4974577a3f047554c2d0a36645d9e7da/url'
00:51:32.808 [AsyncHttpClient-1-9] DEBUG org.asynchttpclient.netty.handler.HttpHandler - 

Request DefaultFullHttpRequest(decodeResult: success, version: HTTP/1.1, content: EmptyByteBufBE)
GET /session/4974577a3f047554c2d0a36645d9e7da/url HTTP/1.1
User-Agent: selenium/4.7.1 (java windows)
Cache-Control: no-cache
Content-Type: application/json; charset=utf-8
host: localhost:37663
accept: */*

Response DefaultHttpResponse(decodeResult: success, version: HTTP/1.1)
HTTP/1.1 200 OK
Content-Type: application/json; charset=utf-8
cache-control: no-cache
content-length: 51

00:51:32.808 [AsyncHttpClient-1-9] DEBUG org.asynchttpclient.netty.channel.ChannelManager - Adding key: http://localhost:37663 for channel [id: 0x651052cf, L:/127.0.0.1:60184 - R:localhost/127.0.0.1:37663]
00:51:32.808 [Forwarding screenshot on session 4974577a3f047554c2d0a36645d9e7da to remote] DEBUG org.asynchttpclient.netty.request.NettyRequestSender - Using pooled Channel '[id: 0x651052cf, L:/127.0.0.1:60184 - R:localhost/127.0.0.1:37663]' for 'GET' to 'http://localhost:37663/session/4974577a3f047554c2d0a36645d9e7da/screenshot'
00:51:32.808 [Forwarding screenshot on session 4974577a3f047554c2d0a36645d9e7da to remote] DEBUG org.asynchttpclient.netty.request.NettyRequestSender - Using open Channel [id: 0x651052cf, L:/127.0.0.1:60184 - R:localhost/127.0.0.1:37663] for GET '/session/4974577a3f047554c2d0a36645d9e7da/screenshot'
00:51:32.919 [AsyncHttpClient-1-9] DEBUG org.asynchttpclient.netty.handler.HttpHandler - 

Request DefaultFullHttpRequest(decodeResult: success, version: HTTP/1.1, content: EmptyByteBufBE)
GET /session/4974577a3f047554c2d0a36645d9e7da/screenshot HTTP/1.1
User-Agent: selenium/4.7.1 (java windows)
Cache-Control: no-cache
Content-Type: application/json; charset=utf-8
host: localhost:37663
accept: */*

Response DefaultHttpResponse(decodeResult: success, version: HTTP/1.1)
HTTP/1.1 200 OK
Content-Type: application/json; charset=utf-8
cache-control: no-cache
content-length: 29964

00:51:32.919 [AsyncHttpClient-1-9] DEBUG org.asynchttpclient.netty.channel.ChannelManager - Adding key: http://localhost:37663 for channel [id: 0x651052cf, L:/127.0.0.1:60184 - R:localhost/127.0.0.1:37663]
00:51:32.920 [main] DEBUG net.serenitybdd.core.photography.Darkroom - Send negative for processing for target\site\serenity\0e3c17ff7848edc0088e7f90b900b273f4bca3719d6989a0f987d884019647f1.png
00:51:32.920 [main] DEBUG net.thucydides.core.steps.StepInterceptor - STEP DONE: inputPassword
00:51:32.920 [Darkroom Processing Line] DEBUG net.serenitybdd.core.photography.DarkroomProcessingLine - Processing screenshot image in /var/screenshots/screenshot-15810661601518478734
00:51:32.920 [Darkroom Processing Line] DEBUG net.serenitybdd.core.photography.DarkroomProcessingLine - Saving screenshot to target\site\serenity\0e3c17ff7848edc0088e7f90b900b273f4bca3719d6989a0f987d884019647f1.png
00:51:32.924 [main] DEBUG net.thucydides.core.steps.StepInterceptor - STARTING STEP: TransaksiSteps.userBeradaDiHomepageAltaShopDanLoginAkun - klikButtonLoginKedua
00:51:32.926 [Forwarding findElement on session 4974577a3f047554c2d0a36645d9e7da to remote] DEBUG org.asynchttpclient.netty.request.NettyRequestSender - Using pooled Channel '[id: 0x651052cf, L:/127.0.0.1:60184 - R:localhost/127.0.0.1:37663]' for 'POST' to 'http://localhost:37663/session/4974577a3f047554c2d0a36645d9e7da/element'
00:51:32.926 [Forwarding findElement on session 4974577a3f047554c2d0a36645d9e7da to remote] DEBUG org.asynchttpclient.netty.request.NettyRequestSender - Using open Channel [id: 0x651052cf, L:/127.0.0.1:60184 - R:localhost/127.0.0.1:37663] for POST '/session/4974577a3f047554c2d0a36645d9e7da/element'
00:51:32.941 [AsyncHttpClient-1-9] DEBUG org.asynchttpclient.netty.handler.HttpHandler - 

Request DefaultHttpRequest(decodeResult: success, version: HTTP/1.1)
POST /session/4974577a3f047554c2d0a36645d9e7da/element HTTP/1.1
User-Agent: selenium/4.7.1 (java windows)
Content-Length: 141
Content-Type: application/json; charset=utf-8
host: localhost:37663
accept: */*

Response DefaultHttpResponse(decodeResult: success, version: HTTP/1.1)
HTTP/1.1 200 OK
Content-Type: application/json; charset=utf-8
cache-control: no-cache
content-length: 88

00:51:32.941 [AsyncHttpClient-1-9] DEBUG org.asynchttpclient.netty.channel.ChannelManager - Adding key: http://localhost:37663 for channel [id: 0x651052cf, L:/127.0.0.1:60184 - R:localhost/127.0.0.1:37663]
00:51:32.942 [Forwarding getElementTagName on session 4974577a3f047554c2d0a36645d9e7da to remote] DEBUG org.asynchttpclient.netty.request.NettyRequestSender - Using pooled Channel '[id: 0x651052cf, L:/127.0.0.1:60184 - R:localhost/127.0.0.1:37663]' for 'GET' to 'http://localhost:37663/session/4974577a3f047554c2d0a36645d9e7da/element/a595e7c9-cc8f-4bc6-a26e-2232084ab8f5/name'
00:51:32.942 [Forwarding getElementTagName on session 4974577a3f047554c2d0a36645d9e7da to remote] DEBUG org.asynchttpclient.netty.request.NettyRequestSender - Using open Channel [id: 0x651052cf, L:/127.0.0.1:60184 - R:localhost/127.0.0.1:37663] for GET '/session/4974577a3f047554c2d0a36645d9e7da/element/a595e7c9-cc8f-4bc6-a26e-2232084ab8f5/name'
00:51:32.946 [AsyncHttpClient-1-9] DEBUG org.asynchttpclient.netty.handler.HttpHandler - 

Request DefaultFullHttpRequest(decodeResult: success, version: HTTP/1.1, content: EmptyByteBufBE)
GET /session/4974577a3f047554c2d0a36645d9e7da/element/a595e7c9-cc8f-4bc6-a26e-2232084ab8f5/name HTTP/1.1
User-Agent: selenium/4.7.1 (java windows)
Cache-Control: no-cache
Content-Type: application/json; charset=utf-8
host: localhost:37663
accept: */*

Response DefaultHttpResponse(decodeResult: success, version: HTTP/1.1)
HTTP/1.1 200 OK
Content-Type: application/json; charset=utf-8
cache-control: no-cache
content-length: 18

00:51:32.946 [AsyncHttpClient-1-9] DEBUG org.asynchttpclient.netty.channel.ChannelManager - Adding key: http://localhost:37663 for channel [id: 0x651052cf, L:/127.0.0.1:60184 - R:localhost/127.0.0.1:37663]
00:51:32.947 [Forwarding getElementTagName on session 4974577a3f047554c2d0a36645d9e7da to remote] DEBUG org.asynchttpclient.netty.request.NettyRequestSender - Using pooled Channel '[id: 0x651052cf, L:/127.0.0.1:60184 - R:localhost/127.0.0.1:37663]' for 'GET' to 'http://localhost:37663/session/4974577a3f047554c2d0a36645d9e7da/element/a595e7c9-cc8f-4bc6-a26e-2232084ab8f5/name'
00:51:32.947 [Forwarding getElementTagName on session 4974577a3f047554c2d0a36645d9e7da to remote] DEBUG org.asynchttpclient.netty.request.NettyRequestSender - Using open Channel [id: 0x651052cf, L:/127.0.0.1:60184 - R:localhost/127.0.0.1:37663] for GET '/session/4974577a3f047554c2d0a36645d9e7da/element/a595e7c9-cc8f-4bc6-a26e-2232084ab8f5/name'
00:51:32.953 [AsyncHttpClient-1-9] DEBUG org.asynchttpclient.netty.handler.HttpHandler - 

Request DefaultFullHttpRequest(decodeResult: success, version: HTTP/1.1, content: EmptyByteBufBE)
GET /session/4974577a3f047554c2d0a36645d9e7da/element/a595e7c9-cc8f-4bc6-a26e-2232084ab8f5/name HTTP/1.1
User-Agent: selenium/4.7.1 (java windows)
Cache-Control: no-cache
Content-Type: application/json; charset=utf-8
host: localhost:37663
accept: */*

Response DefaultHttpResponse(decodeResult: success, version: HTTP/1.1)
HTTP/1.1 200 OK
Content-Type: application/json; charset=utf-8
cache-control: no-cache
content-length: 18

00:51:32.953 [AsyncHttpClient-1-9] DEBUG org.asynchttpclient.netty.channel.ChannelManager - Adding key: http://localhost:37663 for channel [id: 0x651052cf, L:/127.0.0.1:60184 - R:localhost/127.0.0.1:37663]
00:51:32.954 [Forwarding isElementEnabled on session 4974577a3f047554c2d0a36645d9e7da to remote] DEBUG org.asynchttpclient.netty.request.NettyRequestSender - Using pooled Channel '[id: 0x651052cf, L:/127.0.0.1:60184 - R:localhost/127.0.0.1:37663]' for 'GET' to 'http://localhost:37663/session/4974577a3f047554c2d0a36645d9e7da/element/a595e7c9-cc8f-4bc6-a26e-2232084ab8f5/enabled'
00:51:32.954 [Forwarding isElementEnabled on session 4974577a3f047554c2d0a36645d9e7da to remote] DEBUG org.asynchttpclient.netty.request.NettyRequestSender - Using open Channel [id: 0x651052cf, L:/127.0.0.1:60184 - R:localhost/127.0.0.1:37663] for GET '/session/4974577a3f047554c2d0a36645d9e7da/element/a595e7c9-cc8f-4bc6-a26e-2232084ab8f5/enabled'
00:51:32.962 [AsyncHttpClient-1-9] DEBUG org.asynchttpclient.netty.handler.HttpHandler - 

Request DefaultFullHttpRequest(decodeResult: success, version: HTTP/1.1, content: EmptyByteBufBE)
GET /session/4974577a3f047554c2d0a36645d9e7da/element/a595e7c9-cc8f-4bc6-a26e-2232084ab8f5/enabled HTTP/1.1
User-Agent: selenium/4.7.1 (java windows)
Cache-Control: no-cache
Content-Type: application/json; charset=utf-8
host: localhost:37663
accept: */*

Response DefaultHttpResponse(decodeResult: success, version: HTTP/1.1)
HTTP/1.1 200 OK
Content-Type: application/json; charset=utf-8
cache-control: no-cache
content-length: 14

00:51:32.962 [AsyncHttpClient-1-9] DEBUG org.asynchttpclient.netty.channel.ChannelManager - Adding key: http://localhost:37663 for channel [id: 0x651052cf, L:/127.0.0.1:60184 - R:localhost/127.0.0.1:37663]
00:51:32.963 [Forwarding isElementEnabled on session 4974577a3f047554c2d0a36645d9e7da to remote] DEBUG org.asynchttpclient.netty.request.NettyRequestSender - Using pooled Channel '[id: 0x651052cf, L:/127.0.0.1:60184 - R:localhost/127.0.0.1:37663]' for 'GET' to 'http://localhost:37663/session/4974577a3f047554c2d0a36645d9e7da/element/a595e7c9-cc8f-4bc6-a26e-2232084ab8f5/enabled'
00:51:32.963 [Forwarding isElementEnabled on session 4974577a3f047554c2d0a36645d9e7da to remote] DEBUG org.asynchttpclient.netty.request.NettyRequestSender - Using open Channel [id: 0x651052cf, L:/127.0.0.1:60184 - R:localhost/127.0.0.1:37663] for GET '/session/4974577a3f047554c2d0a36645d9e7da/element/a595e7c9-cc8f-4bc6-a26e-2232084ab8f5/enabled'
00:51:32.974 [AsyncHttpClient-1-9] DEBUG org.asynchttpclient.netty.handler.HttpHandler - 

Request DefaultFullHttpRequest(decodeResult: success, version: HTTP/1.1, content: EmptyByteBufBE)
GET /session/4974577a3f047554c2d0a36645d9e7da/element/a595e7c9-cc8f-4bc6-a26e-2232084ab8f5/enabled HTTP/1.1
User-Agent: selenium/4.7.1 (java windows)
Cache-Control: no-cache
Content-Type: application/json; charset=utf-8
host: localhost:37663
accept: */*

Response DefaultHttpResponse(decodeResult: success, version: HTTP/1.1)
HTTP/1.1 200 OK
Content-Type: application/json; charset=utf-8
cache-control: no-cache
content-length: 14

00:51:32.974 [AsyncHttpClient-1-9] DEBUG org.asynchttpclient.netty.channel.ChannelManager - Adding key: http://localhost:37663 for channel [id: 0x651052cf, L:/127.0.0.1:60184 - R:localhost/127.0.0.1:37663]
00:51:32.975 [Forwarding findElement on session 4974577a3f047554c2d0a36645d9e7da to remote] DEBUG org.asynchttpclient.netty.request.NettyRequestSender - Using pooled Channel '[id: 0x651052cf, L:/127.0.0.1:60184 - R:localhost/127.0.0.1:37663]' for 'POST' to 'http://localhost:37663/session/4974577a3f047554c2d0a36645d9e7da/element'
00:51:32.975 [Forwarding findElement on session 4974577a3f047554c2d0a36645d9e7da to remote] DEBUG org.asynchttpclient.netty.request.NettyRequestSender - Using open Channel [id: 0x651052cf, L:/127.0.0.1:60184 - R:localhost/127.0.0.1:37663] for POST '/session/4974577a3f047554c2d0a36645d9e7da/element'
00:51:32.987 [AsyncHttpClient-1-9] DEBUG org.asynchttpclient.netty.handler.HttpHandler - 

Request DefaultHttpRequest(decodeResult: success, version: HTTP/1.1)
POST /session/4974577a3f047554c2d0a36645d9e7da/element HTTP/1.1
User-Agent: selenium/4.7.1 (java windows)
Content-Length: 141
Content-Type: application/json; charset=utf-8
host: localhost:37663
accept: */*

Response DefaultHttpResponse(decodeResult: success, version: HTTP/1.1)
HTTP/1.1 200 OK
Content-Type: application/json; charset=utf-8
cache-control: no-cache
content-length: 88

00:51:32.988 [AsyncHttpClient-1-9] DEBUG org.asynchttpclient.netty.channel.ChannelManager - Adding key: http://localhost:37663 for channel [id: 0x651052cf, L:/127.0.0.1:60184 - R:localhost/127.0.0.1:37663]
00:51:32.989 [Forwarding clickElement on session 4974577a3f047554c2d0a36645d9e7da to remote] DEBUG org.asynchttpclient.netty.request.NettyRequestSender - Using pooled Channel '[id: 0x651052cf, L:/127.0.0.1:60184 - R:localhost/127.0.0.1:37663]' for 'POST' to 'http://localhost:37663/session/4974577a3f047554c2d0a36645d9e7da/element/a595e7c9-cc8f-4bc6-a26e-2232084ab8f5/click'
00:51:32.989 [Forwarding clickElement on session 4974577a3f047554c2d0a36645d9e7da to remote] DEBUG org.asynchttpclient.netty.request.NettyRequestSender - Using open Channel [id: 0x651052cf, L:/127.0.0.1:60184 - R:localhost/127.0.0.1:37663] for POST '/session/4974577a3f047554c2d0a36645d9e7da/element/a595e7c9-cc8f-4bc6-a26e-2232084ab8f5/click'
00:51:33.047 [AsyncHttpClient-1-9] DEBUG org.asynchttpclient.netty.handler.HttpHandler - 

Request DefaultHttpRequest(decodeResult: success, version: HTTP/1.1)
POST /session/4974577a3f047554c2d0a36645d9e7da/element/a595e7c9-cc8f-4bc6-a26e-2232084ab8f5/click HTTP/1.1
User-Agent: selenium/4.7.1 (java windows)
Content-Length: 50
Content-Type: application/json; charset=utf-8
host: localhost:37663
accept: */*

Response DefaultHttpResponse(decodeResult: success, version: HTTP/1.1)
HTTP/1.1 200 OK
Content-Type: application/json; charset=utf-8
cache-control: no-cache
content-length: 14

00:51:33.048 [AsyncHttpClient-1-9] DEBUG org.asynchttpclient.netty.channel.ChannelManager - Adding key: http://localhost:37663 for channel [id: 0x651052cf, L:/127.0.0.1:60184 - R:localhost/127.0.0.1:37663]
00:51:33.059 [Forwarding getCurrentWindowHandle on session 4974577a3f047554c2d0a36645d9e7da to remote] DEBUG org.asynchttpclient.netty.request.NettyRequestSender - Using pooled Channel '[id: 0x651052cf, L:/127.0.0.1:60184 - R:localhost/127.0.0.1:37663]' for 'GET' to 'http://localhost:37663/session/4974577a3f047554c2d0a36645d9e7da/window'
00:51:33.059 [Forwarding getCurrentWindowHandle on session 4974577a3f047554c2d0a36645d9e7da to remote] DEBUG org.asynchttpclient.netty.request.NettyRequestSender - Using open Channel [id: 0x651052cf, L:/127.0.0.1:60184 - R:localhost/127.0.0.1:37663] for GET '/session/4974577a3f047554c2d0a36645d9e7da/window'
00:51:33.060 [AsyncHttpClient-1-9] DEBUG org.asynchttpclient.netty.handler.HttpHandler - 

Request DefaultFullHttpRequest(decodeResult: success, version: HTTP/1.1, content: EmptyByteBufBE)
GET /session/4974577a3f047554c2d0a36645d9e7da/window HTTP/1.1
User-Agent: selenium/4.7.1 (java windows)
Cache-Control: no-cache
Content-Type: application/json; charset=utf-8
host: localhost:37663
accept: */*

Response DefaultHttpResponse(decodeResult: success, version: HTTP/1.1)
HTTP/1.1 200 OK
Content-Type: application/json; charset=utf-8
cache-control: no-cache
content-length: 44

00:51:33.060 [AsyncHttpClient-1-9] DEBUG org.asynchttpclient.netty.channel.ChannelManager - Adding key: http://localhost:37663 for channel [id: 0x651052cf, L:/127.0.0.1:60184 - R:localhost/127.0.0.1:37663]
00:51:33.061 [Forwarding getAlertText on session 4974577a3f047554c2d0a36645d9e7da to remote] DEBUG org.asynchttpclient.netty.request.NettyRequestSender - Using pooled Channel '[id: 0x651052cf, L:/127.0.0.1:60184 - R:localhost/127.0.0.1:37663]' for 'GET' to 'http://localhost:37663/session/4974577a3f047554c2d0a36645d9e7da/alert/text'
00:51:33.061 [Forwarding getAlertText on session 4974577a3f047554c2d0a36645d9e7da to remote] DEBUG org.asynchttpclient.netty.request.NettyRequestSender - Using open Channel [id: 0x651052cf, L:/127.0.0.1:60184 - R:localhost/127.0.0.1:37663] for GET '/session/4974577a3f047554c2d0a36645d9e7da/alert/text'
00:51:33.062 [AsyncHttpClient-1-9] DEBUG org.asynchttpclient.netty.handler.HttpHandler - 

Request DefaultFullHttpRequest(decodeResult: success, version: HTTP/1.1, content: EmptyByteBufBE)
GET /session/4974577a3f047554c2d0a36645d9e7da/alert/text HTTP/1.1
User-Agent: selenium/4.7.1 (java windows)
Cache-Control: no-cache
Content-Type: application/json; charset=utf-8
host: localhost:37663
accept: */*

Response DefaultHttpResponse(decodeResult: success, version: HTTP/1.1)
HTTP/1.1 404 Not Found
Content-Type: application/json; charset=utf-8
cache-control: no-cache
content-length: 849

00:51:33.063 [AsyncHttpClient-1-9] DEBUG org.asynchttpclient.netty.channel.ChannelManager - Adding key: http://localhost:37663 for channel [id: 0x651052cf, L:/127.0.0.1:60184 - R:localhost/127.0.0.1:37663]
00:51:33.064 [Forwarding switchToWindow on session 4974577a3f047554c2d0a36645d9e7da to remote] DEBUG org.asynchttpclient.netty.request.NettyRequestSender - Using pooled Channel '[id: 0x651052cf, L:/127.0.0.1:60184 - R:localhost/127.0.0.1:37663]' for 'POST' to 'http://localhost:37663/session/4974577a3f047554c2d0a36645d9e7da/window'
00:51:33.064 [Forwarding switchToWindow on session 4974577a3f047554c2d0a36645d9e7da to remote] DEBUG org.asynchttpclient.netty.request.NettyRequestSender - Using open Channel [id: 0x651052cf, L:/127.0.0.1:60184 - R:localhost/127.0.0.1:37663] for POST '/session/4974577a3f047554c2d0a36645d9e7da/window'
00:51:33.068 [AsyncHttpClient-1-9] DEBUG org.asynchttpclient.netty.handler.HttpHandler - 

Request DefaultHttpRequest(decodeResult: success, version: HTTP/1.1)
POST /session/4974577a3f047554c2d0a36645d9e7da/window HTTP/1.1
User-Agent: selenium/4.7.1 (java windows)
Content-Length: 50
Content-Type: application/json; charset=utf-8
host: localhost:37663
accept: */*

Response DefaultHttpResponse(decodeResult: success, version: HTTP/1.1)
HTTP/1.1 200 OK
Content-Type: application/json; charset=utf-8
cache-control: no-cache
content-length: 14

00:51:33.068 [AsyncHttpClient-1-9] DEBUG org.asynchttpclient.netty.channel.ChannelManager - Adding key: http://localhost:37663 for channel [id: 0x651052cf, L:/127.0.0.1:60184 - R:localhost/127.0.0.1:37663]
00:51:33.068 [Forwarding getCurrentUrl on session 4974577a3f047554c2d0a36645d9e7da to remote] DEBUG org.asynchttpclient.netty.request.NettyRequestSender - Using pooled Channel '[id: 0x651052cf, L:/127.0.0.1:60184 - R:localhost/127.0.0.1:37663]' for 'GET' to 'http://localhost:37663/session/4974577a3f047554c2d0a36645d9e7da/url'
00:51:33.069 [Forwarding getCurrentUrl on session 4974577a3f047554c2d0a36645d9e7da to remote] DEBUG org.asynchttpclient.netty.request.NettyRequestSender - Using open Channel [id: 0x651052cf, L:/127.0.0.1:60184 - R:localhost/127.0.0.1:37663] for GET '/session/4974577a3f047554c2d0a36645d9e7da/url'
00:51:33.073 [AsyncHttpClient-1-9] DEBUG org.asynchttpclient.netty.handler.HttpHandler - 

Request DefaultFullHttpRequest(decodeResult: success, version: HTTP/1.1, content: EmptyByteBufBE)
GET /session/4974577a3f047554c2d0a36645d9e7da/url HTTP/1.1
User-Agent: selenium/4.7.1 (java windows)
Cache-Control: no-cache
Content-Type: application/json; charset=utf-8
host: localhost:37663
accept: */*

Response DefaultHttpResponse(decodeResult: success, version: HTTP/1.1)
HTTP/1.1 200 OK
Content-Type: application/json; charset=utf-8
cache-control: no-cache
content-length: 51

00:51:33.073 [AsyncHttpClient-1-9] DEBUG org.asynchttpclient.netty.channel.ChannelManager - Adding key: http://localhost:37663 for channel [id: 0x651052cf, L:/127.0.0.1:60184 - R:localhost/127.0.0.1:37663]
00:51:33.074 [Forwarding screenshot on session 4974577a3f047554c2d0a36645d9e7da to remote] DEBUG org.asynchttpclient.netty.request.NettyRequestSender - Using pooled Channel '[id: 0x651052cf, L:/127.0.0.1:60184 - R:localhost/127.0.0.1:37663]' for 'GET' to 'http://localhost:37663/session/4974577a3f047554c2d0a36645d9e7da/screenshot'
00:51:33.074 [Forwarding screenshot on session 4974577a3f047554c2d0a36645d9e7da to remote] DEBUG org.asynchttpclient.netty.request.NettyRequestSender - Using open Channel [id: 0x651052cf, L:/127.0.0.1:60184 - R:localhost/127.0.0.1:37663] for GET '/session/4974577a3f047554c2d0a36645d9e7da/screenshot'
00:51:33.182 [AsyncHttpClient-1-9] DEBUG org.asynchttpclient.netty.handler.HttpHandler - 

Request DefaultFullHttpRequest(decodeResult: success, version: HTTP/1.1, content: EmptyByteBufBE)
GET /session/4974577a3f047554c2d0a36645d9e7da/screenshot HTTP/1.1
User-Agent: selenium/4.7.1 (java windows)
Cache-Control: no-cache
Content-Type: application/json; charset=utf-8
host: localhost:37663
accept: */*

Response DefaultHttpResponse(decodeResult: success, version: HTTP/1.1)
HTTP/1.1 200 OK
Content-Type: application/json; charset=utf-8
cache-control: no-cache
content-length: 29528

00:51:33.183 [AsyncHttpClient-1-9] DEBUG org.asynchttpclient.netty.channel.ChannelManager - Adding key: http://localhost:37663 for channel [id: 0x651052cf, L:/127.0.0.1:60184 - R:localhost/127.0.0.1:37663]
00:51:33.184 [main] DEBUG net.serenitybdd.core.photography.Darkroom - Send negative for processing for target\site\serenity\4708639376737880def324efdca89f74835bcdbed3f4b0cbe4275c2e60437718.png
00:51:33.185 [main] DEBUG net.thucydides.core.steps.StepInterceptor - STEP DONE: klikButtonLoginKedua
00:51:33.185 [Darkroom Processing Line] DEBUG net.serenitybdd.core.photography.DarkroomProcessingLine - Processing screenshot image in /var/screenshots/screenshot-9103309688472597935
00:51:33.185 [Darkroom Processing Line] DEBUG net.serenitybdd.core.photography.DarkroomProcessingLine - Saving screenshot to target\site\serenity\4708639376737880def324efdca89f74835bcdbed3f4b0cbe4275c2e60437718.png
  &amp#27;[32mGiven &amp#27;[0m&amp#27;[32muser berada di Homepage AltaShop dan login akun&amp#27;[0m &amp#27;[90m# starter.stepdefinitions.TransaksiSteps.userBeradaDiHomepageAltaShopDanLoginAkun()&amp#27;[0m
00:51:33.203 [main] DEBUG net.thucydides.core.steps.StepInterceptor - STARTING STEP: TransaksiSteps.userKlikLogoUser - klikLogoUser
00:51:33.206 [Forwarding findElement on session 4974577a3f047554c2d0a36645d9e7da to remote] DEBUG org.asynchttpclient.netty.request.NettyRequestSender - Using pooled Channel '[id: 0x651052cf, L:/127.0.0.1:60184 - R:localhost/127.0.0.1:37663]' for 'POST' to 'http://localhost:37663/session/4974577a3f047554c2d0a36645d9e7da/element'
00:51:33.206 [Forwarding findElement on session 4974577a3f047554c2d0a36645d9e7da to remote] DEBUG org.asynchttpclient.netty.request.NettyRequestSender - Using open Channel [id: 0x651052cf, L:/127.0.0.1:60184 - R:localhost/127.0.0.1:37663] for POST '/session/4974577a3f047554c2d0a36645d9e7da/element'
00:51:33.221 [AsyncHttpClient-1-9] DEBUG org.asynchttpclient.netty.handler.HttpHandler - 

Request DefaultHttpRequest(decodeResult: success, version: HTTP/1.1)
POST /session/4974577a3f047554c2d0a36645d9e7da/element HTTP/1.1
User-Agent: selenium/4.7.1 (java windows)
Content-Length: 111
Content-Type: application/json; charset=utf-8
host: localhost:37663
accept: */*

Response DefaultHttpResponse(decodeResult: success, version: HTTP/1.1)
HTTP/1.1 200 OK
Content-Type: application/json; charset=utf-8
cache-control: no-cache
content-length: 88

00:51:33.221 [AsyncHttpClient-1-9] DEBUG org.asynchttpclient.netty.channel.ChannelManager - Adding key: http://localhost:37663 for channel [id: 0x651052cf, L:/127.0.0.1:60184 - R:localhost/127.0.0.1:37663]
00:51:33.222 [Forwarding getElementTagName on session 4974577a3f047554c2d0a36645d9e7da to remote] DEBUG org.asynchttpclient.netty.request.NettyRequestSender - Using pooled Channel '[id: 0x651052cf, L:/127.0.0.1:60184 - R:localhost/127.0.0.1:37663]' for 'GET' to 'http://localhost:37663/session/4974577a3f047554c2d0a36645d9e7da/element/00061cb1-d3e3-4d44-b503-c80fbfdb0d09/name'
00:51:33.222 [Forwarding getElementTagName on session 4974577a3f047554c2d0a36645d9e7da to remote] DEBUG org.asynchttpclient.netty.request.NettyRequestSender - Using open Channel [id: 0x651052cf, L:/127.0.0.1:60184 - R:localhost/127.0.0.1:37663] for GET '/session/4974577a3f047554c2d0a36645d9e7da/element/00061cb1-d3e3-4d44-b503-c80fbfdb0d09/name'
00:51:33.226 [AsyncHttpClient-1-9] DEBUG org.asynchttpclient.netty.handler.HttpHandler - 

Request DefaultFullHttpRequest(decodeResult: success, version: HTTP/1.1, content: EmptyByteBufBE)
GET /session/4974577a3f047554c2d0a36645d9e7da/element/00061cb1-d3e3-4d44-b503-c80fbfdb0d09/name HTTP/1.1
User-Agent: selenium/4.7.1 (java windows)
Cache-Control: no-cache
Content-Type: application/json; charset=utf-8
host: localhost:37663
accept: */*

Response DefaultHttpResponse(decodeResult: success, version: HTTP/1.1)
HTTP/1.1 200 OK
Content-Type: application/json; charset=utf-8
cache-control: no-cache
content-length: 18

00:51:33.226 [AsyncHttpClient-1-9] DEBUG org.asynchttpclient.netty.channel.ChannelManager - Adding key: http://localhost:37663 for channel [id: 0x651052cf, L:/127.0.0.1:60184 - R:localhost/127.0.0.1:37663]
00:51:33.227 [Forwarding getElementTagName on session 4974577a3f047554c2d0a36645d9e7da to remote] DEBUG org.asynchttpclient.netty.request.NettyRequestSender - Using pooled Channel '[id: 0x651052cf, L:/127.0.0.1:60184 - R:localhost/127.0.0.1:37663]' for 'GET' to 'http://localhost:37663/session/4974577a3f047554c2d0a36645d9e7da/element/00061cb1-d3e3-4d44-b503-c80fbfdb0d09/name'
00:51:33.227 [Forwarding getElementTagName on session 4974577a3f047554c2d0a36645d9e7da to remote] DEBUG org.asynchttpclient.netty.request.NettyRequestSender - Using open Channel [id: 0x651052cf, L:/127.0.0.1:60184 - R:localhost/127.0.0.1:37663] for GET '/session/4974577a3f047554c2d0a36645d9e7da/element/00061cb1-d3e3-4d44-b503-c80fbfdb0d09/name'
00:51:33.230 [AsyncHttpClient-1-9] DEBUG org.asynchttpclient.netty.handler.HttpHandler - 

Request DefaultFullHttpRequest(decodeResult: success, version: HTTP/1.1, content: EmptyByteBufBE)
GET /session/4974577a3f047554c2d0a36645d9e7da/element/00061cb1-d3e3-4d44-b503-c80fbfdb0d09/name HTTP/1.1
User-Agent: selenium/4.7.1 (java windows)
Cache-Control: no-cache
Content-Type: application/json; charset=utf-8
host: localhost:37663
accept: */*

Response DefaultHttpResponse(decodeResult: success, version: HTTP/1.1)
HTTP/1.1 200 OK
Content-Type: application/json; charset=utf-8
cache-control: no-cache
content-length: 18

00:51:33.230 [AsyncHttpClient-1-9] DEBUG org.asynchttpclient.netty.channel.ChannelManager - Adding key: http://localhost:37663 for channel [id: 0x651052cf, L:/127.0.0.1:60184 - R:localhost/127.0.0.1:37663]
00:51:33.232 [Forwarding isElementEnabled on session 4974577a3f047554c2d0a36645d9e7da to remote] DEBUG org.asynchttpclient.netty.request.NettyRequestSender - Using pooled Channel '[id: 0x651052cf, L:/127.0.0.1:60184 - R:localhost/127.0.0.1:37663]' for 'GET' to 'http://localhost:37663/session/4974577a3f047554c2d0a36645d9e7da/element/00061cb1-d3e3-4d44-b503-c80fbfdb0d09/enabled'
00:51:33.232 [Forwarding isElementEnabled on session 4974577a3f047554c2d0a36645d9e7da to remote] DEBUG org.asynchttpclient.netty.request.NettyRequestSender - Using open Channel [id: 0x651052cf, L:/127.0.0.1:60184 - R:localhost/127.0.0.1:37663] for GET '/session/4974577a3f047554c2d0a36645d9e7da/element/00061cb1-d3e3-4d44-b503-c80fbfdb0d09/enabled'
00:51:33.240 [AsyncHttpClient-1-9] DEBUG org.asynchttpclient.netty.handler.HttpHandler - 

Request DefaultFullHttpRequest(decodeResult: success, version: HTTP/1.1, content: EmptyByteBufBE)
GET /session/4974577a3f047554c2d0a36645d9e7da/element/00061cb1-d3e3-4d44-b503-c80fbfdb0d09/enabled HTTP/1.1
User-Agent: selenium/4.7.1 (java windows)
Cache-Control: no-cache
Content-Type: application/json; charset=utf-8
host: localhost:37663
accept: */*

Response DefaultHttpResponse(decodeResult: success, version: HTTP/1.1)
HTTP/1.1 200 OK
Content-Type: application/json; charset=utf-8
cache-control: no-cache
content-length: 14

00:51:33.240 [AsyncHttpClient-1-9] DEBUG org.asynchttpclient.netty.channel.ChannelManager - Adding key: http://localhost:37663 for channel [id: 0x651052cf, L:/127.0.0.1:60184 - R:localhost/127.0.0.1:37663]
00:51:33.241 [Forwarding isElementEnabled on session 4974577a3f047554c2d0a36645d9e7da to remote] DEBUG org.asynchttpclient.netty.request.NettyRequestSender - Using pooled Channel '[id: 0x651052cf, L:/127.0.0.1:60184 - R:localhost/127.0.0.1:37663]' for 'GET' to 'http://localhost:37663/session/4974577a3f047554c2d0a36645d9e7da/element/00061cb1-d3e3-4d44-b503-c80fbfdb0d09/enabled'
00:51:33.241 [Forwarding isElementEnabled on session 4974577a3f047554c2d0a36645d9e7da to remote] DEBUG org.asynchttpclient.netty.request.NettyRequestSender - Using open Channel [id: 0x651052cf, L:/127.0.0.1:60184 - R:localhost/127.0.0.1:37663] for GET '/session/4974577a3f047554c2d0a36645d9e7da/element/00061cb1-d3e3-4d44-b503-c80fbfdb0d09/enabled'
00:51:33.246 [AsyncHttpClient-1-9] DEBUG org.asynchttpclient.netty.handler.HttpHandler - 

Request DefaultFullHttpRequest(decodeResult: success, version: HTTP/1.1, content: EmptyByteBufBE)
GET /session/4974577a3f047554c2d0a36645d9e7da/element/00061cb1-d3e3-4d44-b503-c80fbfdb0d09/enabled HTTP/1.1
User-Agent: selenium/4.7.1 (java windows)
Cache-Control: no-cache
Content-Type: application/json; charset=utf-8
host: localhost:37663
accept: */*

Response DefaultHttpResponse(decodeResult: success, version: HTTP/1.1)
HTTP/1.1 200 OK
Content-Type: application/json; charset=utf-8
cache-control: no-cache
content-length: 14

00:51:33.249 [AsyncHttpClient-1-9] DEBUG org.asynchttpclient.netty.channel.ChannelManager - Adding key: http://localhost:37663 for channel [id: 0x651052cf, L:/127.0.0.1:60184 - R:localhost/127.0.0.1:37663]
00:51:33.251 [Forwarding findElement on session 4974577a3f047554c2d0a36645d9e7da to remote] DEBUG org.asynchttpclient.netty.request.NettyRequestSender - Using pooled Channel '[id: 0x651052cf, L:/127.0.0.1:60184 - R:localhost/127.0.0.1:37663]' for 'POST' to 'http://localhost:37663/session/4974577a3f047554c2d0a36645d9e7da/element'
00:51:33.251 [Forwarding findElement on session 4974577a3f047554c2d0a36645d9e7da to remote] DEBUG org.asynchttpclient.netty.request.NettyRequestSender - Using open Channel [id: 0x651052cf, L:/127.0.0.1:60184 - R:localhost/127.0.0.1:37663] for POST '/session/4974577a3f047554c2d0a36645d9e7da/element'
00:51:33.260 [AsyncHttpClient-1-9] DEBUG org.asynchttpclient.netty.handler.HttpHandler - 

Request DefaultHttpRequest(decodeResult: success, version: HTTP/1.1)
POST /session/4974577a3f047554c2d0a36645d9e7da/element HTTP/1.1
User-Agent: selenium/4.7.1 (java windows)
Content-Length: 111
Content-Type: application/json; charset=utf-8
host: localhost:37663
accept: */*

Response DefaultHttpResponse(decodeResult: success, version: HTTP/1.1)
HTTP/1.1 200 OK
Content-Type: application/json; charset=utf-8
cache-control: no-cache
content-length: 88

00:51:33.260 [AsyncHttpClient-1-9] DEBUG org.asynchttpclient.netty.channel.ChannelManager - Adding key: http://localhost:37663 for channel [id: 0x651052cf, L:/127.0.0.1:60184 - R:localhost/127.0.0.1:37663]
00:51:33.261 [Forwarding clickElement on session 4974577a3f047554c2d0a36645d9e7da to remote] DEBUG org.asynchttpclient.netty.request.NettyRequestSender - Using pooled Channel '[id: 0x651052cf, L:/127.0.0.1:60184 - R:localhost/127.0.0.1:37663]' for 'POST' to 'http://localhost:37663/session/4974577a3f047554c2d0a36645d9e7da/element/00061cb1-d3e3-4d44-b503-c80fbfdb0d09/click'
00:51:33.261 [Forwarding clickElement on session 4974577a3f047554c2d0a36645d9e7da to remote] DEBUG org.asynchttpclient.netty.request.NettyRequestSender - Using open Channel [id: 0x651052cf, L:/127.0.0.1:60184 - R:localhost/127.0.0.1:37663] for POST '/session/4974577a3f047554c2d0a36645d9e7da/element/00061cb1-d3e3-4d44-b503-c80fbfdb0d09/click'
00:51:33.289 [AsyncHttpClient-1-9] DEBUG org.asynchttpclient.netty.handler.HttpHandler - 

Request DefaultHttpRequest(decodeResult: success, version: HTTP/1.1)
POST /session/4974577a3f047554c2d0a36645d9e7da/element/00061cb1-d3e3-4d44-b503-c80fbfdb0d09/click HTTP/1.1
User-Agent: selenium/4.7.1 (java windows)
Content-Length: 50
Content-Type: application/json; charset=utf-8
host: localhost:37663
accept: */*

Response DefaultHttpResponse(decodeResult: success, version: HTTP/1.1)
HTTP/1.1 200 OK
Content-Type: application/json; charset=utf-8
cache-control: no-cache
content-length: 14

00:51:33.289 [AsyncHttpClient-1-9] DEBUG org.asynchttpclient.netty.channel.ChannelManager - Adding key: http://localhost:37663 for channel [id: 0x651052cf, L:/127.0.0.1:60184 - R:localhost/127.0.0.1:37663]
00:51:33.296 [Forwarding getCurrentWindowHandle on session 4974577a3f047554c2d0a36645d9e7da to remote] DEBUG org.asynchttpclient.netty.request.NettyRequestSender - Using pooled Channel '[id: 0x651052cf, L:/127.0.0.1:60184 - R:localhost/127.0.0.1:37663]' for 'GET' to 'http://localhost:37663/session/4974577a3f047554c2d0a36645d9e7da/window'
00:51:33.296 [Forwarding getCurrentWindowHandle on session 4974577a3f047554c2d0a36645d9e7da to remote] DEBUG org.asynchttpclient.netty.request.NettyRequestSender - Using open Channel [id: 0x651052cf, L:/127.0.0.1:60184 - R:localhost/127.0.0.1:37663] for GET '/session/4974577a3f047554c2d0a36645d9e7da/window'
00:51:33.297 [AsyncHttpClient-1-9] DEBUG org.asynchttpclient.netty.handler.HttpHandler - 

Request DefaultFullHttpRequest(decodeResult: success, version: HTTP/1.1, content: EmptyByteBufBE)
GET /session/4974577a3f047554c2d0a36645d9e7da/window HTTP/1.1
User-Agent: selenium/4.7.1 (java windows)
Cache-Control: no-cache
Content-Type: application/json; charset=utf-8
host: localhost:37663
accept: */*

Response DefaultHttpResponse(decodeResult: success, version: HTTP/1.1)
HTTP/1.1 200 OK
Content-Type: application/json; charset=utf-8
cache-control: no-cache
content-length: 44

00:51:33.297 [AsyncHttpClient-1-9] DEBUG org.asynchttpclient.netty.channel.ChannelManager - Adding key: http://localhost:37663 for channel [id: 0x651052cf, L:/127.0.0.1:60184 - R:localhost/127.0.0.1:37663]
00:51:33.298 [Forwarding getAlertText on session 4974577a3f047554c2d0a36645d9e7da to remote] DEBUG org.asynchttpclient.netty.request.NettyRequestSender - Using pooled Channel '[id: 0x651052cf, L:/127.0.0.1:60184 - R:localhost/127.0.0.1:37663]' for 'GET' to 'http://localhost:37663/session/4974577a3f047554c2d0a36645d9e7da/alert/text'
00:51:33.298 [Forwarding getAlertText on session 4974577a3f047554c2d0a36645d9e7da to remote] DEBUG org.asynchttpclient.netty.request.NettyRequestSender - Using open Channel [id: 0x651052cf, L:/127.0.0.1:60184 - R:localhost/127.0.0.1:37663] for GET '/session/4974577a3f047554c2d0a36645d9e7da/alert/text'
00:51:33.539 [AsyncHttpClient-1-1] DEBUG org.asynchttpclient.netty.channel.DefaultChannelPool - Entry count for : http://localhost:60185 : 1
00:51:34.628 [AsyncHttpClient-1-1] DEBUG org.asynchttpclient.netty.channel.DefaultChannelPool - Entry count for : http://localhost:60185 : 1
00:51:35.511 [AsyncHttpClient-1-9] DEBUG org.asynchttpclient.netty.handler.HttpHandler - 

Request DefaultFullHttpRequest(decodeResult: success, version: HTTP/1.1, content: EmptyByteBufBE)
GET /session/4974577a3f047554c2d0a36645d9e7da/alert/text HTTP/1.1
User-Agent: selenium/4.7.1 (java windows)
Cache-Control: no-cache
Content-Type: application/json; charset=utf-8
host: localhost:37663
accept: */*

Response DefaultHttpResponse(decodeResult: success, version: HTTP/1.1)
HTTP/1.1 404 Not Found
Content-Type: application/json; charset=utf-8
cache-control: no-cache
content-length: 849

00:51:35.511 [AsyncHttpClient-1-9] DEBUG org.asynchttpclient.netty.channel.ChannelManager - Adding key: http://localhost:37663 for channel [id: 0x651052cf, L:/127.0.0.1:60184 - R:localhost/127.0.0.1:37663]
00:51:35.514 [Forwarding switchToWindow on session 4974577a3f047554c2d0a36645d9e7da to remote] DEBUG org.asynchttpclient.netty.request.NettyRequestSender - Using pooled Channel '[id: 0x651052cf, L:/127.0.0.1:60184 - R:localhost/127.0.0.1:37663]' for 'POST' to 'http://localhost:37663/session/4974577a3f047554c2d0a36645d9e7da/window'
00:51:35.514 [Forwarding switchToWindow on session 4974577a3f047554c2d0a36645d9e7da to remote] DEBUG org.asynchttpclient.netty.request.NettyRequestSender - Using open Channel [id: 0x651052cf, L:/127.0.0.1:60184 - R:localhost/127.0.0.1:37663] for POST '/session/4974577a3f047554c2d0a36645d9e7da/window'
00:51:35.516 [AsyncHttpClient-1-9] DEBUG org.asynchttpclient.netty.handler.HttpHandler - 

Request DefaultHttpRequest(decodeResult: success, version: HTTP/1.1)
POST /session/4974577a3f047554c2d0a36645d9e7da/window HTTP/1.1
User-Agent: selenium/4.7.1 (java windows)
Content-Length: 50
Content-Type: application/json; charset=utf-8
host: localhost:37663
accept: */*

Response DefaultHttpResponse(decodeResult: success, version: HTTP/1.1)
HTTP/1.1 200 OK
Content-Type: application/json; charset=utf-8
cache-control: no-cache
content-length: 14

00:51:35.516 [AsyncHttpClient-1-9] DEBUG org.asynchttpclient.netty.channel.ChannelManager - Adding key: http://localhost:37663 for channel [id: 0x651052cf, L:/127.0.0.1:60184 - R:localhost/127.0.0.1:37663]
00:51:35.516 [Forwarding getCurrentUrl on session 4974577a3f047554c2d0a36645d9e7da to remote] DEBUG org.asynchttpclient.netty.request.NettyRequestSender - Using pooled Channel '[id: 0x651052cf, L:/127.0.0.1:60184 - R:localhost/127.0.0.1:37663]' for 'GET' to 'http://localhost:37663/session/4974577a3f047554c2d0a36645d9e7da/url'
00:51:35.517 [Forwarding getCurrentUrl on session 4974577a3f047554c2d0a36645d9e7da to remote] DEBUG org.asynchttpclient.netty.request.NettyRequestSender - Using open Channel [id: 0x651052cf, L:/127.0.0.1:60184 - R:localhost/127.0.0.1:37663] for GET '/session/4974577a3f047554c2d0a36645d9e7da/url'
00:51:35.527 [AsyncHttpClient-1-9] DEBUG org.asynchttpclient.netty.handler.HttpHandler - 

Request DefaultFullHttpRequest(decodeResult: success, version: HTTP/1.1, content: EmptyByteBufBE)
GET /session/4974577a3f047554c2d0a36645d9e7da/url HTTP/1.1
User-Agent: selenium/4.7.1 (java windows)
Cache-Control: no-cache
Content-Type: application/json; charset=utf-8
host: localhost:37663
accept: */*

Response DefaultHttpResponse(decodeResult: success, version: HTTP/1.1)
HTTP/1.1 200 OK
Content-Type: application/json; charset=utf-8
cache-control: no-cache
content-length: 41

00:51:35.527 [AsyncHttpClient-1-9] DEBUG org.asynchttpclient.netty.channel.ChannelManager - Adding key: http://localhost:37663 for channel [id: 0x651052cf, L:/127.0.0.1:60184 - R:localhost/127.0.0.1:37663]
00:51:35.528 [Forwarding screenshot on session 4974577a3f047554c2d0a36645d9e7da to remote] DEBUG org.asynchttpclient.netty.request.NettyRequestSender - Using pooled Channel '[id: 0x651052cf, L:/127.0.0.1:60184 - R:localhost/127.0.0.1:37663]' for 'GET' to 'http://localhost:37663/session/4974577a3f047554c2d0a36645d9e7da/screenshot'
00:51:35.528 [Forwarding screenshot on session 4974577a3f047554c2d0a36645d9e7da to remote] DEBUG org.asynchttpclient.netty.request.NettyRequestSender - Using open Channel [id: 0x651052cf, L:/127.0.0.1:60184 - R:localhost/127.0.0.1:37663] for GET '/session/4974577a3f047554c2d0a36645d9e7da/screenshot'
00:51:35.624 [AsyncHttpClient-1-9] DEBUG org.asynchttpclient.netty.handler.HttpHandler - 

Request DefaultFullHttpRequest(decodeResult: success, version: HTTP/1.1, content: EmptyByteBufBE)
GET /session/4974577a3f047554c2d0a36645d9e7da/screenshot HTTP/1.1
User-Agent: selenium/4.7.1 (java windows)
Cache-Control: no-cache
Content-Type: application/json; charset=utf-8
host: localhost:37663
accept: */*

Response DefaultHttpResponse(decodeResult: success, version: HTTP/1.1)
HTTP/1.1 200 OK
Content-Type: application/json; charset=utf-8
cache-control: no-cache
content-length: 27804

00:51:35.624 [AsyncHttpClient-1-9] DEBUG org.asynchttpclient.netty.channel.ChannelManager - Adding key: http://localhost:37663 for channel [id: 0x651052cf, L:/127.0.0.1:60184 - R:localhost/127.0.0.1:37663]
00:51:35.625 [main] DEBUG net.serenitybdd.core.photography.Darkroom - Send negative for processing for target\site\serenity\b3f0c1eb1d9d42c7c6a61a1c8f50b2bff853dff567f7fff2e9967d553c0acdae.png
00:51:35.625 [main] DEBUG net.thucydides.core.steps.StepInterceptor - STEP DONE: klikLogoUser
  &amp#27;[32mWhen &amp#27;[0m&amp#27;[32muser klik logo user&amp#27;[0m                              &amp#27;[90m# starter.stepdefinitions.TransaksiSteps.userKlikLogoUser()&amp#27;[0m
00:51:35.625 [Darkroom Processing Line] DEBUG net.serenitybdd.core.photography.DarkroomProcessingLine - Processing screenshot image in /var/screenshots/screenshot-5872294720733469960
00:51:35.625 [Darkroom Processing Line] DEBUG net.serenitybdd.core.photography.DarkroomProcessingLine - Saving screenshot to target\site\serenity\b3f0c1eb1d9d42c7c6a61a1c8f50b2bff853dff567f7fff2e9967d553c0acdae.png
00:51:35.636 [main] DEBUG net.thucydides.core.steps.StepInterceptor - STARTING STEP: TransaksiSteps.userKlikTransaksi - klikRiwayatTransaksi
00:51:35.639 [Forwarding findElement on session 4974577a3f047554c2d0a36645d9e7da to remote] DEBUG org.asynchttpclient.netty.request.NettyRequestSender - Using pooled Channel '[id: 0x651052cf, L:/127.0.0.1:60184 - R:localhost/127.0.0.1:37663]' for 'POST' to 'http://localhost:37663/session/4974577a3f047554c2d0a36645d9e7da/element'
00:51:35.639 [Forwarding findElement on session 4974577a3f047554c2d0a36645d9e7da to remote] DEBUG org.asynchttpclient.netty.request.NettyRequestSender - Using open Channel [id: 0x651052cf, L:/127.0.0.1:60184 - R:localhost/127.0.0.1:37663] for POST '/session/4974577a3f047554c2d0a36645d9e7da/element'
00:51:35.729 [AsyncHttpClient-1-1] DEBUG org.asynchttpclient.netty.channel.DefaultChannelPool - Entry count for : http://localhost:60185 : 1
00:51:36.830 [AsyncHttpClient-1-1] DEBUG org.asynchttpclient.netty.channel.DefaultChannelPool - Entry count for : http://localhost:60185 : 1
00:51:37.928 [AsyncHttpClient-1-1] DEBUG org.asynchttpclient.netty.channel.DefaultChannelPool - Entry count for : http://localhost:60185 : 1
00:51:38.647 [AsyncHttpClient-1-9] DEBUG org.asynchttpclient.netty.handler.HttpHandler - 

Request DefaultHttpRequest(decodeResult: success, version: HTTP/1.1)
POST /session/4974577a3f047554c2d0a36645d9e7da/element HTTP/1.1
User-Agent: selenium/4.7.1 (java windows)
Content-Length: 102
Content-Type: application/json; charset=utf-8
host: localhost:37663
accept: */*

Response DefaultHttpResponse(decodeResult: success, version: HTTP/1.1)
HTTP/1.1 404 Not Found
Content-Type: application/json; charset=utf-8
cache-control: no-cache
content-length: 984

00:51:38.647 [AsyncHttpClient-1-9] DEBUG org.asynchttpclient.netty.channel.ChannelManager - Adding key: http://localhost:37663 for channel [id: 0x651052cf, L:/127.0.0.1:60184 - R:localhost/127.0.0.1:37663]
00:51:38.755 [Forwarding findElement on session 4974577a3f047554c2d0a36645d9e7da to remote] DEBUG org.asynchttpclient.netty.request.NettyRequestSender - Using pooled Channel '[id: 0x651052cf, L:/127.0.0.1:60184 - R:localhost/127.0.0.1:37663]' for 'POST' to 'http://localhost:37663/session/4974577a3f047554c2d0a36645d9e7da/element'
00:51:38.755 [Forwarding findElement on session 4974577a3f047554c2d0a36645d9e7da to remote] DEBUG org.asynchttpclient.netty.request.NettyRequestSender - Using open Channel [id: 0x651052cf, L:/127.0.0.1:60184 - R:localhost/127.0.0.1:37663] for POST '/session/4974577a3f047554c2d0a36645d9e7da/element'
00:51:39.033 [AsyncHttpClient-1-1] DEBUG org.asynchttpclient.netty.channel.DefaultChannelPool - Entry count for : http://localhost:60185 : 1
00:51:40.128 [AsyncHttpClient-1-1] DEBUG org.asynchttpclient.netty.channel.DefaultChannelPool - Entry count for : http://localhost:60185 : 1
00:51:40.808 [AsyncHttpClient-1-9] DEBUG org.asynchttpclient.netty.handler.HttpHandler - 

Request DefaultHttpRequest(decodeResult: success, version: HTTP/1.1)
POST /session/4974577a3f047554c2d0a36645d9e7da/element HTTP/1.1
User-Agent: selenium/4.7.1 (java windows)
Content-Length: 102
Content-Type: application/json; charset=utf-8
host: localhost:37663
accept: */*

Response DefaultHttpResponse(decodeResult: success, version: HTTP/1.1)
HTTP/1.1 404 Not Found
Content-Type: application/json; charset=utf-8
cache-control: no-cache
content-length: 984

00:51:40.808 [AsyncHttpClient-1-9] DEBUG org.asynchttpclient.netty.channel.ChannelManager - Adding key: http://localhost:37663 for channel [id: 0x651052cf, L:/127.0.0.1:60184 - R:localhost/127.0.0.1:37663]
00:51:40.813 [Forwarding getCurrentWindowHandle on session 4974577a3f047554c2d0a36645d9e7da to remote] DEBUG org.asynchttpclient.netty.request.NettyRequestSender - Using pooled Channel '[id: 0x651052cf, L:/127.0.0.1:60184 - R:localhost/127.0.0.1:37663]' for 'GET' to 'http://localhost:37663/session/4974577a3f047554c2d0a36645d9e7da/window'
00:51:40.813 [Forwarding getCurrentWindowHandle on session 4974577a3f047554c2d0a36645d9e7da to remote] DEBUG org.asynchttpclient.netty.request.NettyRequestSender - Using open Channel [id: 0x651052cf, L:/127.0.0.1:60184 - R:localhost/127.0.0.1:37663] for GET '/session/4974577a3f047554c2d0a36645d9e7da/window'
00:51:40.813 [AsyncHttpClient-1-9] DEBUG org.asynchttpclient.netty.handler.HttpHandler - 

Request DefaultFullHttpRequest(decodeResult: success, version: HTTP/1.1, content: EmptyByteBufBE)
GET /session/4974577a3f047554c2d0a36645d9e7da/window HTTP/1.1
User-Agent: selenium/4.7.1 (java windows)
Cache-Control: no-cache
Content-Type: application/json; charset=utf-8
host: localhost:37663
accept: */*

Response DefaultHttpResponse(decodeResult: success, version: HTTP/1.1)
HTTP/1.1 200 OK
Content-Type: application/json; charset=utf-8
cache-control: no-cache
content-length: 44

00:51:40.813 [AsyncHttpClient-1-9] DEBUG org.asynchttpclient.netty.channel.ChannelManager - Adding key: http://localhost:37663 for channel [id: 0x651052cf, L:/127.0.0.1:60184 - R:localhost/127.0.0.1:37663]
00:51:40.814 [Forwarding getAlertText on session 4974577a3f047554c2d0a36645d9e7da to remote] DEBUG org.asynchttpclient.netty.request.NettyRequestSender - Using pooled Channel '[id: 0x651052cf, L:/127.0.0.1:60184 - R:localhost/127.0.0.1:37663]' for 'GET' to 'http://localhost:37663/session/4974577a3f047554c2d0a36645d9e7da/alert/text'
00:51:40.814 [Forwarding getAlertText on session 4974577a3f047554c2d0a36645d9e7da to remote] DEBUG org.asynchttpclient.netty.request.NettyRequestSender - Using open Channel [id: 0x651052cf, L:/127.0.0.1:60184 - R:localhost/127.0.0.1:37663] for GET '/session/4974577a3f047554c2d0a36645d9e7da/alert/text'
00:51:40.816 [AsyncHttpClient-1-9] DEBUG org.asynchttpclient.netty.handler.HttpHandler - 

Request DefaultFullHttpRequest(decodeResult: success, version: HTTP/1.1, content: EmptyByteBufBE)
GET /session/4974577a3f047554c2d0a36645d9e7da/alert/text HTTP/1.1
User-Agent: selenium/4.7.1 (java windows)
Cache-Control: no-cache
Content-Type: application/json; charset=utf-8
host: localhost:37663
accept: */*

Response DefaultHttpResponse(decodeResult: success, version: HTTP/1.1)
HTTP/1.1 404 Not Found
Content-Type: application/json; charset=utf-8
cache-control: no-cache
content-length: 849

00:51:40.816 [AsyncHttpClient-1-9] DEBUG org.asynchttpclient.netty.channel.ChannelManager - Adding key: http://localhost:37663 for channel [id: 0x651052cf, L:/127.0.0.1:60184 - R:localhost/127.0.0.1:37663]
00:51:40.817 [Forwarding switchToWindow on session 4974577a3f047554c2d0a36645d9e7da to remote] DEBUG org.asynchttpclient.netty.request.NettyRequestSender - Using pooled Channel '[id: 0x651052cf, L:/127.0.0.1:60184 - R:localhost/127.0.0.1:37663]' for 'POST' to 'http://localhost:37663/session/4974577a3f047554c2d0a36645d9e7da/window'
00:51:40.817 [Forwarding switchToWindow on session 4974577a3f047554c2d0a36645d9e7da to remote] DEBUG org.asynchttpclient.netty.request.NettyRequestSender - Using open Channel [id: 0x651052cf, L:/127.0.0.1:60184 - R:localhost/127.0.0.1:37663] for POST '/session/4974577a3f047554c2d0a36645d9e7da/window'
00:51:40.819 [AsyncHttpClient-1-9] DEBUG org.asynchttpclient.netty.handler.HttpHandler - 

Request DefaultHttpRequest(decodeResult: success, version: HTTP/1.1)
POST /session/4974577a3f047554c2d0a36645d9e7da/window HTTP/1.1
User-Agent: selenium/4.7.1 (java windows)
Content-Length: 50
Content-Type: application/json; charset=utf-8
host: localhost:37663
accept: */*

Response DefaultHttpResponse(decodeResult: success, version: HTTP/1.1)
HTTP/1.1 200 OK
Content-Type: application/json; charset=utf-8
cache-control: no-cache
content-length: 14

00:51:40.819 [AsyncHttpClient-1-9] DEBUG org.asynchttpclient.netty.channel.ChannelManager - Adding key: http://localhost:37663 for channel [id: 0x651052cf, L:/127.0.0.1:60184 - R:localhost/127.0.0.1:37663]
00:51:40.819 [Forwarding getCurrentUrl on session 4974577a3f047554c2d0a36645d9e7da to remote] DEBUG org.asynchttpclient.netty.request.NettyRequestSender - Using pooled Channel '[id: 0x651052cf, L:/127.0.0.1:60184 - R:localhost/127.0.0.1:37663]' for 'GET' to 'http://localhost:37663/session/4974577a3f047554c2d0a36645d9e7da/url'
00:51:40.819 [Forwarding getCurrentUrl on session 4974577a3f047554c2d0a36645d9e7da to remote] DEBUG org.asynchttpclient.netty.request.NettyRequestSender - Using open Channel [id: 0x651052cf, L:/127.0.0.1:60184 - R:localhost/127.0.0.1:37663] for GET '/session/4974577a3f047554c2d0a36645d9e7da/url'
00:51:40.823 [AsyncHttpClient-1-9] DEBUG org.asynchttpclient.netty.handler.HttpHandler - 

Request DefaultFullHttpRequest(decodeResult: success, version: HTTP/1.1, content: EmptyByteBufBE)
GET /session/4974577a3f047554c2d0a36645d9e7da/url HTTP/1.1
User-Agent: selenium/4.7.1 (java windows)
Cache-Control: no-cache
Content-Type: application/json; charset=utf-8
host: localhost:37663
accept: */*

Response DefaultHttpResponse(decodeResult: success, version: HTTP/1.1)
HTTP/1.1 200 OK
Content-Type: application/json; charset=utf-8
cache-control: no-cache
content-length: 41

00:51:40.823 [AsyncHttpClient-1-9] DEBUG org.asynchttpclient.netty.channel.ChannelManager - Adding key: http://localhost:37663 for channel [id: 0x651052cf, L:/127.0.0.1:60184 - R:localhost/127.0.0.1:37663]
00:51:40.824 [Forwarding screenshot on session 4974577a3f047554c2d0a36645d9e7da to remote] DEBUG org.asynchttpclient.netty.request.NettyRequestSender - Using pooled Channel '[id: 0x651052cf, L:/127.0.0.1:60184 - R:localhost/127.0.0.1:37663]' for 'GET' to 'http://localhost:37663/session/4974577a3f047554c2d0a36645d9e7da/screenshot'
00:51:40.824 [Forwarding screenshot on session 4974577a3f047554c2d0a36645d9e7da to remote] DEBUG org.asynchttpclient.netty.request.NettyRequestSender - Using open Channel [id: 0x651052cf, L:/127.0.0.1:60184 - R:localhost/127.0.0.1:37663] for GET '/session/4974577a3f047554c2d0a36645d9e7da/screenshot'
00:51:40.893 [AsyncHttpClient-1-9] DEBUG org.asynchttpclient.netty.handler.HttpHandler - 

Request DefaultFullHttpRequest(decodeResult: success, version: HTTP/1.1, content: EmptyByteBufBE)
GET /session/4974577a3f047554c2d0a36645d9e7da/screenshot HTTP/1.1
User-Agent: selenium/4.7.1 (java windows)
Cache-Control: no-cache
Content-Type: application/json; charset=utf-8
host: localhost:37663
accept: */*

Response DefaultHttpResponse(decodeResult: success, version: HTTP/1.1)
HTTP/1.1 200 OK
Content-Type: application/json; charset=utf-8
cache-control: no-cache
content-length: 93740

00:51:40.893 [AsyncHttpClient-1-9] DEBUG org.asynchttpclient.netty.channel.ChannelManager - Adding key: http://localhost:37663 for channel [id: 0x651052cf, L:/127.0.0.1:60184 - R:localhost/127.0.0.1:37663]
00:51:40.896 [main] DEBUG net.serenitybdd.core.photography.Darkroom - Send negative for processing for target\site\serenity\0986e71b8c642450cd812f39af57eead972e062f967f9600cd7b674b5e475a69.png
00:51:40.896 [Darkroom Processing Line] DEBUG net.serenitybdd.core.photography.DarkroomProcessingLine - Processing screenshot image in /var/screenshots/screenshot-542936531029118448
00:51:40.896 [Darkroom Processing Line] DEBUG net.serenitybdd.core.photography.DarkroomProcessingLine - Saving screenshot to target\site\serenity\0986e71b8c642450cd812f39af57eead972e062f967f9600cd7b674b5e475a69.png
00:51:40.897 [Forwarding getPageSource on session 4974577a3f047554c2d0a36645d9e7da to remote] DEBUG org.asynchttpclient.netty.request.NettyRequestSender - Using pooled Channel '[id: 0x651052cf, L:/127.0.0.1:60184 - R:localhost/127.0.0.1:37663]' for 'POST' to 'http://localhost:37663/session/4974577a3f047554c2d0a36645d9e7da/execute/sync'
00:51:40.897 [Forwarding getPageSource on session 4974577a3f047554c2d0a36645d9e7da to remote] DEBUG org.asynchttpclient.netty.request.NettyRequestSender - Using open Channel [id: 0x651052cf, L:/127.0.0.1:60184 - R:localhost/127.0.0.1:37663] for POST '/session/4974577a3f047554c2d0a36645d9e7da/execute/sync'
00:51:40.967 [AsyncHttpClient-1-9] DEBUG org.asynchttpclient.netty.handler.HttpHandler - 

Request DefaultHttpRequest(decodeResult: success, version: HTTP/1.1)
POST /session/4974577a3f047554c2d0a36645d9e7da/execute/sync HTTP/1.1
User-Agent: selenium/4.7.1 (java windows)
Content-Length: 176
Content-Type: application/json; charset=utf-8
host: localhost:37663
accept: */*

Response DefaultHttpResponse(decodeResult: success, version: HTTP/1.1)
HTTP/1.1 200 OK
Content-Type: application/json; charset=utf-8
cache-control: no-cache
content-length: 983506

00:51:40.970 [AsyncHttpClient-1-9] DEBUG org.asynchttpclient.netty.channel.ChannelManager - Adding key: http://localhost:37663 for channel [id: 0x651052cf, L:/127.0.0.1:60184 - R:localhost/127.0.0.1:37663]
00:51:41.207 [Forwarding getCurrentUrl on session 4974577a3f047554c2d0a36645d9e7da to remote] DEBUG org.asynchttpclient.netty.request.NettyRequestSender - Using pooled Channel '[id: 0x651052cf, L:/127.0.0.1:60184 - R:localhost/127.0.0.1:37663]' for 'GET' to 'http://localhost:37663/session/4974577a3f047554c2d0a36645d9e7da/url'
00:51:41.207 [Forwarding getCurrentUrl on session 4974577a3f047554c2d0a36645d9e7da to remote] DEBUG org.asynchttpclient.netty.request.NettyRequestSender - Using open Channel [id: 0x651052cf, L:/127.0.0.1:60184 - R:localhost/127.0.0.1:37663] for GET '/session/4974577a3f047554c2d0a36645d9e7da/url'
00:51:41.211 [AsyncHttpClient-1-9] DEBUG org.asynchttpclient.netty.handler.HttpHandler - 

Request DefaultFullHttpRequest(decodeResult: success, version: HTTP/1.1, content: EmptyByteBufBE)
GET /session/4974577a3f047554c2d0a36645d9e7da/url HTTP/1.1
User-Agent: selenium/4.7.1 (java windows)
Cache-Control: no-cache
Content-Type: application/json; charset=utf-8
host: localhost:37663
accept: */*

Response DefaultHttpResponse(decodeResult: success, version: HTTP/1.1)
HTTP/1.1 200 OK
Content-Type: application/json; charset=utf-8
cache-control: no-cache
content-length: 41

00:51:41.211 [AsyncHttpClient-1-9] DEBUG org.asynchttpclient.netty.channel.ChannelManager - Adding key: http://localhost:37663 for channel [id: 0x651052cf, L:/127.0.0.1:60184 - R:localhost/127.0.0.1:37663]
  &amp#27;[31mAnd &amp#27;[0m&amp#27;[31muser klik transaksi&amp#27;[0m                               &amp#27;[90m# starter.stepdefinitions.TransaksiSteps.userKlikTransaksi()&amp#27;[0m
      &amp#27;[31mnet.thucydides.core.webdriver.exceptions.ElementShouldBeEnabledException: Expected enabled element was not enabled
	at net.serenitybdd.core.pages.WebElementFacadeImpl.waitUntilEnabled(WebElementFacadeImpl.java:1122)
	at net.serenitybdd.core.pages.WebElementFacadeImpl.waitUntilElementAvailable(WebElementFacadeImpl.java:906)
	at net.serenitybdd.core.pages.WebElementFacadeImpl.click(WebElementFacadeImpl.java:1204)
	at net.serenitybdd.core.pages.WebElementFacadeImpl.click(WebElementFacadeImpl.java:1224)
	at alta@1.0-SNAPSHOT/starter.pages.TransaksiPage.klikRiwayatTransaksi(TransaksiPage.java:126)
	at alta@1.0-SNAPSHOT/starter.pages.TransaksiPage$ByteBuddy$KzBXg9vu.klikRiwayatTransaksi$accessor$joKRyGfv(Unknown Source)
	at java.base/jdk.internal.reflect.DirectMethodHandleAccessor.invoke(DirectMethodHandleAccessor.java:104)
	at java.base/java.lang.reflect.Method.invoke(Method.java:578)
	at net.thucydides.core.steps.StepInterceptor.invokeMethod(StepInterceptor.java:503)
	at net.thucydides.core.steps.StepInterceptor.executeTestStepMethod(StepInterceptor.java:483)
	at net.thucydides.core.steps.StepInterceptor.runTestStep(StepInterceptor.java:457)
	at net.thucydides.core.steps.StepInterceptor.runOrSkipMethod(StepInterceptor.java:209)
	at net.thucydides.core.steps.StepInterceptor.testStepResult(StepInterceptor.java:196)
	at net.thucydides.core.steps.StepInterceptor.intercept(StepInterceptor.java:84)
	at net.thucydides.core.steps.ProxyConfiguration$InterceptorDispatcher.intercept(ProxyConfiguration.java:51)
	at alta@1.0-SNAPSHOT/starter.pages.TransaksiPage$ByteBuddy$KzBXg9vu.klikRiwayatTransaksi(Unknown Source)
	at alta@1.0-SNAPSHOT/starter.stepdefinitions.TransaksiSteps.userKlikTransaksi(TransaksiSteps.java:60)
	at ✽.user klik transaksi(file:///C:/Users/HP/Downloads/Mini-Project-QA/ALTASHOP%20WEB%20AUTOMATION/src/test/resources/features/3.%20Transaksi.feature:24)
Caused by: org.openqa.selenium.TimeoutException: Expected condition failed: waiting for By.xpath: /html/body/div[1]/div[2]/div/div[1] to be enabled (tried for 5 second(s) with 100 milliseconds interval)
	at org.openqa.selenium.support.ui.FluentWait.timeoutException(FluentWait.java:263)
	at org.openqa.selenium.support.ui.FluentWait.until(FluentWait.java:231)
	at net.serenitybdd.core.pages.WebElementFacadeImpl.waitUntilEnabled(WebElementFacadeImpl.java:1119)
	at net.serenitybdd.core.pages.WebElementFacadeImpl.waitUntilElementAvailable(WebElementFacadeImpl.java:906)
	at net.serenitybdd.core.pages.WebElementFacadeImpl.click(WebElementFacadeImpl.java:1204)
	at net.serenitybdd.core.pages.WebElementFacadeImpl.click(WebElementFacadeImpl.java:1224)
	at alta@1.0-SNAPSHOT/starter.pages.TransaksiPage.klikRiwayatTransaksi(TransaksiPage.java:126)
	at alta@1.0-SNAPSHOT/starter.pages.TransaksiPage$ByteBuddy$KzBXg9vu.klikRiwayatTransaksi$accessor$joKRyGfv(Unknown Source)
	at java.base/jdk.internal.reflect.DirectMethodHandleAccessor.invoke(DirectMethodHandleAccessor.java:104)
	at java.base/java.lang.reflect.Method.invoke(Method.java:578)
	at net.thucydides.core.steps.StepInterceptor.invokeMethod(StepInterceptor.java:503)
	at net.thucydides.core.steps.StepInterceptor.executeTestStepMethod(StepInterceptor.java:483)
	at net.thucydides.core.steps.StepInterceptor.runTestStep(StepInterceptor.java:457)
	at net.thucydides.core.steps.StepInterceptor.runOrSkipMethod(StepInterceptor.java:209)
	at net.thucydides.core.steps.StepInterceptor.testStepResult(StepInterceptor.java:196)
	at net.thucydides.core.steps.StepInterceptor.intercept(StepInterceptor.java:84)
	at net.thucydides.core.steps.ProxyConfiguration$InterceptorDispatcher.intercept(ProxyConfiguration.java:51)
	at alta@1.0-SNAPSHOT/starter.pages.TransaksiPage$ByteBuddy$KzBXg9vu.klikRiwayatTransaksi(Unknown Source)
	at alta@1.0-SNAPSHOT/starter.stepdefinitions.TransaksiSteps.userKlikTransaksi(TransaksiSteps.java:60)
	at java.base/jdk.internal.reflect.DirectMethodHandleAccessor.invoke(DirectMethodHandleAccessor.java:104)
	at java.base/java.lang.reflect.Method.invoke(Method.java:578)
	at io.cucumber.java.Invoker.doInvoke(Invoker.java:66)
	at io.cucumber.java.Invoker.invoke(Invoker.java:24)
	at io.cucumber.java.AbstractGlueDefinition.invokeMethod(AbstractGlueDefinition.java:47)
	at io.cucumber.java.JavaStepDefinition.execute(JavaStepDefinition.java:29)
	at io.cucumber.core.runner.CoreStepDefinition.execute(CoreStepDefinition.java:66)
	at io.cucumber.core.runner.PickleStepDefinitionMatch.runStep(PickleStepDefinitionMatch.java:63)
	at io.cucumber.core.runner.ExecutionMode$1.execute(ExecutionMode.java:10)
	at io.cucumber.core.runner.TestStep.executeStep(TestStep.java:85)
	at io.cucumber.core.runner.TestStep.run(TestStep.java:57)
	at io.cucumber.core.runner.PickleStepTestStep.run(PickleStepTestStep.java:51)
	at io.cucumber.core.runner.TestCase.run(TestCase.java:84)
	at io.cucumber.core.runner.Runner.runPickle(Runner.java:75)
	at io.cucumber.junit.PickleRunners$NoStepDescriptions.lambda$run$0(PickleRunners.java:151)
	at io.cucumber.core.runtime.CucumberExecutionContext.lambda$runTestCase$5(CucumberExecutionContext.java:129)
	at io.cucumber.core.runtime.RethrowingThrowableCollector.executeAndThrow(RethrowingThrowableCollector.java:23)
	at io.cucumber.core.runtime.CucumberExecutionContext.runTestCase(CucumberExecutionContext.java:129)
	at io.cucumber.junit.PickleRunners$NoStepDescriptions.run(PickleRunners.java:148)
	at io.cucumber.junit.FeatureRunner.runChild(FeatureRunner.java:144)
	at io.cucumber.junit.FeatureRunner.runChild(FeatureRunner.java:28)
	at org.junit.runners.ParentRunner$4.run(ParentRunner.java:331)
	at org.junit.runners.ParentRunner$1.schedule(ParentRunner.java:79)
	at org.junit.runners.ParentRunner.runChildren(ParentRunner.java:329)
	at org.junit.runners.ParentRunner.access$100(ParentRunner.java:66)
	at org.junit.runners.ParentRunner$2.evaluate(ParentRunner.java:293)
	at org.junit.runners.ParentRunner$3.evaluate(ParentRunner.java:306)
	at org.junit.runners.ParentRunner.run(ParentRunner.java:413)
	at io.cucumber.junit.FeatureRunner.run(FeatureRunner.java:137)
	at io.cucumber.junit.CucumberSerenityRunner.runChild(CucumberSerenityRunner.java:259)
	at io.cucumber.junit.CucumberSerenityRunner.runChild(CucumberSerenityRunner.java:59)
	at org.junit.runners.ParentRunner$4.run(ParentRunner.java:331)
	at org.junit.runners.ParentRunner$1.schedule(ParentRunner.java:79)
	at org.junit.runners.ParentRunner.runChildren(ParentRunner.java:329)
	at org.junit.runners.ParentRunner.access$100(ParentRunner.java:66)
	at org.junit.runners.ParentRunner$2.evaluate(ParentRunner.java:293)
	at io.cucumber.junit.CucumberSerenityRunner$RunCucumber.evaluate(CucumberSerenityRunner.java:288)
	at org.junit.runners.ParentRunner$3.evaluate(ParentRunner.java:306)
	at org.junit.runners.ParentRunner.run(ParentRunner.java:413)
	at org.junit.runner.JUnitCore.run(JUnitCore.java:137)
	at org.junit.runner.JUnitCore.run(JUnitCore.java:115)
	at org.junit.vintage.engine.execution.RunnerExecutor.execute(RunnerExecutor.java:42)
	at org.junit.vintage.engine.VintageTestEngine.executeAllChildren(VintageTestEngine.java:80)
	at org.junit.vintage.engine.VintageTestEngine.execute(VintageTestEngine.java:72)
	at org.junit.platform.launcher.core.EngineExecutionOrchestrator.execute(EngineExecutionOrchestrator.java:107)
	at org.junit.platform.launcher.core.EngineExecutionOrchestrator.execute(EngineExecutionOrchestrator.java:88)
	at org.junit.platform.launcher.core.EngineExecutionOrchestrator.lambda$execute$0(EngineExecutionOrchestrator.java:54)
	at org.junit.platform.launcher.core.EngineExecutionOrchestrator.withInterceptedStreams(EngineExecutionOrchestrator.java:67)
	at org.junit.platform.launcher.core.EngineExecutionOrchestrator.execute(EngineExecutionOrchestrator.java:52)
	at org.junit.platform.launcher.core.DefaultLauncher.execute(DefaultLauncher.java:114)
	at org.junit.platform.launcher.core.DefaultLauncher.execute(DefaultLauncher.java:86)
	at org.junit.platform.launcher.core.DefaultLauncherSession$DelegatingLauncher.execute(DefaultLauncherSession.java:86)
	at org.junit.platform.launcher.core.SessionPerRequestLau00:51:41.228 [AsyncHttpClient-1-1] DEBUG org.asynchttpclient.netty.channel.DefaultChannelPool - Entry count for : http://localhost:37663 : 1
00:51:41.228 [AsyncHttpClient-1-1] DEBUG org.asynchttpclient.netty.channel.DefaultChannelPool - Entry count for : http://localhost:60185 : 1
ncher.execute(SessionPerRequestLauncher.java:53)
	at org.apache.maven.surefire.junitplatform.JUnitPlatformProvider.execute(JUnitPlatformProvider.java:188)
	at org.apache.maven.surefire.junitplatform.JUnitPlatformProvider.invokeAllTests(JUnitPlatformProvider.java:154)
	at org.apache.maven.surefire.junitplatform.JUnitPlatformProvider.invoke(JUnitPlatformProvider.java:128)
	at org.apache.maven.surefire.booter.ForkedBooter.runSuitesInProcess(ForkedBooter.java:428)
	at org.apache.maven.surefire.booter.ForkedBooter.execute(ForkedBooter.java:162)
	at org.apache.maven.surefire.booter.ForkedBooter.run(ForkedBooter.java:562)
	at org.apache.maven.surefire.booter.ForkedBooter.main(ForkedBooter.java:548)
Caused by: org.openqa.selenium.NoSuchElementException: no such element: Unable to locate element: {"method":"xpath","selector":"/html/body/div[1]/div[2]/div/div[1]"}
  (Session info: chrome=112.0.5615.138)
For documentation on this error, please visit: https://selenium.dev/exceptions/#no_such_element
Build info: version: '4.7.1', revision: 'c6795baf1a3'
System info: os.name: 'Windows 11', os.arch: 'amd64', os.version: '10.0', java.version: '19.0.2'
Driver info: org.openqa.selenium.chrome.ChromeDriver
Command: [4974577a3f047554c2d0a36645d9e7da, findElement {using=xpath, value=/html/body/div[1]/div[2]/div/div[1]}]
Capabilities {acceptInsecureCerts: true, browserName: chrome, browserVersion: 112.0.5615.138, chrome: {chromedriverVersion: 112.0.5615.49 (bd2a7bcb881c..., userDataDir: C:\Users\HP\AppData\Local\T...}, goog:chromeOptions: {debuggerAddress: localhost:60185}, networkConnectionEnabled: false, pageLoadStrategy: normal, platformName: WINDOWS, proxy: Proxy(), se:cdp: ws://localhost:60185/devtoo..., se:cdpVersion: 112.0.5615.138, setWindowRect: true, strictFileInteractability: false, timeouts: {implicit: 0, pageLoad: 300000, script: 30000}, unhandledPromptBehavior: dismiss and notify, webauthn:extension:credBlob: true, webauthn:extension:largeBlob: true, webauthn:extension:minPinLength: true, webauthn:extension:prf: true, webauthn:virtualAuthenticators: true}
Session ID: 4974577a3f047554c2d0a36645d9e7da
	at java.base/jdk.internal.reflect.DirectConstructorHandleAccessor.newInstance(DirectConstructorHandleAccessor.java:67)
	at java.base/java.lang.reflect.Constructor.newInstanceWithCaller(Constructor.java:500)
	at java.base/java.lang.reflect.Constructor.newInstance(Constructor.java:484)
	at org.openqa.selenium.remote.codec.w3c.W3CHttpResponseCodec.createException(W3CHttpResponseCodec.java:200)
	at org.openqa.selenium.remote.codec.w3c.W3CHttpResponseCodec.decode(W3CHttpResponseCodec.java:133)
	at org.openqa.selenium.remote.codec.w3c.W3CHttpResponseCodec.decode(W3CHttpResponseCodec.java:53)
	at org.openqa.selenium.remote.HttpCommandExecutor.execute(HttpCommandExecutor.java:184)
	at org.openqa.selenium.remote.service.DriverCommandExecutor.invokeExecute(DriverCommandExecutor.java:167)
	at org.openqa.selenium.remote.service.DriverCommandExecutor.execute(DriverCommandExecutor.java:142)
	at org.openqa.selenium.remote.RemoteWebDriver.execute(RemoteWebDriver.java:551)
	at org.openqa.selenium.remote.ElementLocation$ElementFinder$2.findElement(ElementLocation.java:162)
	at org.openqa.selenium.remote.ElementLocation.findElement(ElementLocation.java:60)
	at org.openqa.selenium.remote.RemoteWebDriver.findElement(RemoteWebDriver.java:367)
	at org.openqa.selenium.remote.RemoteWebDriver.findElement(RemoteWebDriver.java:359)
	at net.thucydides.core.webdriver.WebDriverFacade.findElement(WebDriverFacade.java:239)
	at net.serenitybdd.core.pages.WebElementResolverByLocator.resolveForDriver(WebElementResolverByLocator.java:25)
	at net.serenitybdd.core.pages.WebElementFacadeImpl.getResolvedElement(WebElementFacadeImpl.java:189)
	at net.serenitybdd.core.pages.WebElementFacadeImpl.getElement(WebElementFacadeImpl.java:184)
	at net.serenitybdd.core.pages.WebElementExpectations$3.apply(WebElementExpectations.java:63)
	at net.serenitybdd.core.pages.WebElementExpectations$3.apply(WebElementExpectations.java:55)
	at org.openqa.selenium.support.ui.FluentWait.until(FluentWait.java:208)
	... 77 more
&amp#27;[0m
  &amp#27;[36mAnd &amp#27;[0m&amp#27;[36muser dibawa ke halaman transaksi&amp#27;[0m                  &amp#27;[90m# starter.stepdefinitions.TransaksiSteps.userDibawaKeHalamanTransaksi()&amp#27;[0m
00:51:41.241 [main] ERROR  - 
  _____   ___   ___   _____     ___     _     ___   _      ___   ___  
 |_   _| | __| / __| |_   _|   | __|   /_\   |_ _| | |    | __| |   \ 
   | |   | _|  \__ \   | |     | _|   / _ \   | |  | |__  | _|  | |) |
   |_|   |___| |___/   |_|     |_|   /_/ \_\ |___| |____| |___| |___/ 

user bisa melihat riwayat transaksi
-----------------------------------------------------------------------
00:51:41.241 [main] DEBUG  - RELATED ISSUES: 
00:51:41.242 [main] ERROR  -     Test failed at step: Klik riwayat transaksi
00:51:41.242 [main] ERROR  -     Expected enabled element was not enabled
00:51:41.252 [Driver Command Executor] DEBUG org.asynchttpclient.netty.request.NettyRequestSender - Using pooled Channel '[id: 0x651052cf, L:/127.0.0.1:60184 - R:localhost/127.0.0.1:37663]' for 'DELETE' to 'http://localhost:37663/session/4974577a3f047554c2d0a36645d9e7da'
00:51:41.252 [AsyncHttpClient-1-11] DEBUG org.asynchttpclient.netty.handler.WebSocketHandler - Channel Closed: [id: 0x9a6c5ce7, L:/127.0.0.1:60191 ! R:localhost/127.0.0.1:60185] with attribute NettyResponseFuture{currentRetry=0,
	isDone=1,
	isCancelled=0,
	asyncHandler=org.asynchttpclient.ws.WebSocketUpgradeHandler@376fc837,
	nettyRequest=org.asynchttpclient.netty.request.NettyRequest@438509f9,
	future=java.util.concurrent.CompletableFuture@487f09ad[Completed normally],
	uri=ws://localhost:60185/devtools/browser/a11c48c2-ae27-48aa-8fe8-75477af0ef80,
	keepAlive=true,
	redirectCount=0,
	timeoutsHolder=null,
	inAuth=0,
	touch=1683654685458}
00:51:41.252 [Driver Command Executor] DEBUG org.asynchttpclient.netty.request.NettyRequestSender - Using open Channel [id: 0x651052cf, L:/127.0.0.1:60184 - R:localhost/127.0.0.1:37663] for DELETE '/session/4974577a3f047554c2d0a36645d9e7da'
00:51:41.252 [AsyncHttpClient-1-11] DEBUG org.asynchttpclient.netty.channel.ChannelManager - Closing Channel [id: 0x9a6c5ce7, L:/127.0.0.1:60191 ! R:localhost/127.0.0.1:60185] 
00:51:41.404 [AsyncHttpClient-1-10] DEBUG org.asynchttpclient.netty.handler.HttpHandler - Unexpected I/O exception on channel [id: 0x0fc2f43e, L:/127.0.0.1:60190 - R:localhost/127.0.0.1:60185]
java.net.SocketException: Connection reset
	at java.base/sun.nio.ch.SocketChannelImpl.throwConnectionReset(SocketChannelImpl.java:401)
	at java.base/sun.nio.ch.SocketChannelImpl.read(SocketChannelImpl.java:434)
	at io.netty.buffer.PooledByteBuf.setBytes(PooledByteBuf.java:259)
	at io.netty.buffer.AbstractByteBuf.writeBytes(AbstractByteBuf.java:1132)
	at io.netty.channel.socket.nio.NioSocketChannel.doReadBytes(NioSocketChannel.java:357)
	at io.netty.channel.nio.AbstractNioByteChannel$NioByteUnsafe.read(AbstractNioByteChannel.java:151)
	at io.netty.channel.nio.NioEventLoop.processSelectedKey(NioEventLoop.java:788)
	at io.netty.channel.nio.NioEventLoop.processSelectedKeysOptimized(NioEventLoop.java:724)
	at io.netty.channel.nio.NioEventLoop.processSelectedKeys(NioEventLoop.java:650)
	at io.netty.channel.nio.NioEventLoop.run(NioEventLoop.java:562)
	at io.netty.util.concurrent.SingleThreadEventExecutor$4.run(SingleThreadEventExecutor.java:997)
	at io.netty.util.internal.ThreadExecutorMap$2.run(ThreadExecutorMap.java:74)
	at io.netty.util.concurrent.FastThreadLocalRunnable.run(FastThreadLocalRunnable.java:30)
	at java.base/java.lang.Thread.run(Thread.java:1589)
00:51:41.405 [AsyncHttpClient-1-10] DEBUG org.asynchttpclient.netty.channel.ChannelManager - Closing Channel [id: 0x0fc2f43e, L:/127.0.0.1:60190 - R:localhost/127.0.0.1:60185] 
00:51:41.405 [AsyncHttpClient-1-10] DEBUG org.asynchttpclient.netty.handler.HttpHandler - Channel Closed: [id: 0x0fc2f43e, L:/127.0.0.1:60190 ! R:localhost/127.0.0.1:60185] with attribute DISCARD
00:51:41.434 [AsyncHttpClient-1-9] DEBUG org.asynchttpclient.netty.handler.HttpHandler - 

Request DefaultFullHttpRequest(decodeResult: success, version: HTTP/1.1, content: EmptyByteBufBE)
DELETE /session/4974577a3f047554c2d0a36645d9e7da HTTP/1.1
User-Agent: selenium/4.7.1 (java windows)
Content-Type: application/json; charset=utf-8
host: localhost:37663
accept: */*

Response DefaultHttpResponse(decodeResult: success, version: HTTP/1.1)
HTTP/1.1 200 OK
Content-Type: application/json; charset=utf-8
cache-control: no-cache
content-length: 14

00:51:41.434 [AsyncHttpClient-1-9] DEBUG org.asynchttpclient.netty.channel.ChannelManager - Adding key: http://localhost:37663 for channel [id: 0x651052cf, L:/127.0.0.1:60184 - R:localhost/127.0.0.1:37663]
00:51:41.504 [AsyncHttpClient-1-9] DEBUG org.asynchttpclient.netty.handler.HttpHandler - Channel Closed: [id: 0x651052cf, L:/127.0.0.1:60184 ! R:localhost/127.0.0.1:37663] with attribute DISCARD
]]></system-out>
    <system-err><![CDATA[Starting ChromeDriver 112.0.5615.49 (bd2a7bcb881c11e8cfe3078709382934e3916914-refs/branch-heads/5615@{#936}) on port 37663
Only local connections are allowed.
Please see https://chromedriver.chromium.org/security-considerations for suggestions on keeping ChromeDriver safe.
ChromeDriver was started successfully.
May 10, 2023 12:51:25 AM org.openqa.selenium.devtools.CdpVersionFinder findNearestMatch
WARNING: Unable to find an exact match for CDP version 112, so returning the closest version found: 108
]]></system-err>
  </testcase>
  <testcase name="user bisa Mengubah Jumlah Produk pada Keranjang Belanja" classname="Transaksi" time="9.578">
    <failure type="java.lang.AssertionError"><![CDATA[java.lang.AssertionError: Element should be visible
]]></failure>
    <system-out><![CDATA[
@AS18-positive
Scenario: user bisa Mengubah Jumlah Produk pada Keranjang Belanja         &amp#27;[90m# src/test/resources/features/3. Transaksi.feature:28&amp#27;[0m
00:51:41.572 [main] INFO io.cucumber.core.plugin.SerenityReporter - Running feature from file:///C:/Users/HP/Downloads/Mini-Project-QA/ALTASHOP%20WEB%20AUTOMATION/src/test/resources/features/3.%20Transaksi.feature
00:51:41.575 [main] INFO  - 
  _____   ___   ___   _____     ___   _____     _     ___   _____   ___   ___  
 |_   _| | __| / __| |_   _|   / __| |_   _|   /_\   | _ \ |_   _| | __| |   \ 
   | |   | _|  \__ \   | |     \__ \   | |    / _ \  |   /   | |   | _|  | |) |
   |_|   |___| |___/   |_|     |___/   |_|   /_/ \_\ |_|_\   |_|   |___| |___/ 

user bisa Mengubah Jumlah Produk pada Keranjang Belanja(transaksi;user-bisa-mengubah-jumlah-produk-pada-keranjang-belanja)
--------------------------------------------------------------------------------
00:51:41.597 [main] DEBUG net.thucydides.core.steps.StepInterceptor - STARTING STEP: TransaksiSteps.userBeradaDiHomepageAltaShopDanLoginAkun - diHomepageAltaShop
00:51:41.682 [main] INFO net.serenitybdd.core.webdriver.driverproviders.ChromeDriverProvider - Starting Chrome driver instance with capabilities:
00:51:41.682 [main] INFO net.serenitybdd.core.webdriver.driverproviders.ChromeDriverProvider - Capabilities {acceptInsecureCerts: true, browserName: chrome, goog:chromeOptions: {args: [remote-allow-origins=*, test-type, no-sandbox, ignore-certificate-errors, start-maximized, incognito, disable-infobars, disable-gpu, disable-default-apps, disable-popup-blocking, remote-allow-origins=*, test-type, no-sandbox, ignore-certificate-errors, start-maximized, incognito, disable-infobars, disable-gpu, disable-default-apps, disable-popup-blocking], extensions: []}}
00:51:41.838 [AsyncHttpClient-1-12] DEBUG org.asynchttpclient.netty.channel.NettyConnectListener - Using new Channel '[id: 0xcac841a2, L:/127.0.0.1:60213 - R:localhost/127.0.0.1:20988]' for 'POST' to '/session'
00:51:42.341 [AsyncHttpClient-1-1] DEBUG org.asynchttpclient.netty.channel.DefaultChannelPool - Entry count for : http://localhost:37663 : 1
00:51:42.341 [AsyncHttpClient-1-1] DEBUG org.asynchttpclient.netty.channel.DefaultChannelPool - Entry count for : http://localhost:60185 : 1
00:51:42.341 [AsyncHttpClient-1-1] DEBUG org.asynchttpclient.netty.channel.DefaultChannelPool - Adding Candidate expired Channel [id: 0x651052cf, L:/127.0.0.1:60184 ! R:localhost/127.0.0.1:37663] isIdleTimeoutExpired=false isRemotelyClosed=true isTtlExpired=false
00:51:42.342 [AsyncHttpClient-1-1] DEBUG org.asynchttpclient.netty.channel.DefaultChannelPool - Closing Idle Channel [id: 0x651052cf, L:/127.0.0.1:60184 ! R:localhost/127.0.0.1:37663]
00:51:42.342 [AsyncHttpClient-1-1] DEBUG org.asynchttpclient.netty.channel.DefaultChannelPool - Adding Candidate expired Channel [id: 0x0fc2f43e, L:/127.0.0.1:60190 ! R:localhost/127.0.0.1:60185] isIdleTimeoutExpired=false isRemotelyClosed=true isTtlExpired=false
00:51:42.342 [AsyncHttpClient-1-1] DEBUG org.asynchttpclient.netty.channel.DefaultChannelPool - Closing Idle Channel [id: 0x0fc2f43e, L:/127.0.0.1:60190 ! R:localhost/127.0.0.1:60185]
00:51:42.342 [AsyncHttpClient-1-1] DEBUG org.asynchttpclient.netty.channel.DefaultChannelPool - Closed 2 connections out of 2 in 1 ms
00:51:42.720 [AsyncHttpClient-1-12] DEBUG org.asynchttpclient.netty.handler.HttpHandler - 

Request DefaultHttpRequest(decodeResult: success, version: HTTP/1.1)
POST /session HTTP/1.1
User-Agent: selenium/4.7.1 (java windows)
Content-Length: 1629
Content-Type: application/json; charset=utf-8
host: localhost:20988
accept: */*

Response DefaultHttpResponse(decodeResult: success, version: HTTP/1.1)
HTTP/1.1 200 OK
Content-Type: application/json; charset=utf-8
cache-control: no-cache
content-length: 856

00:51:42.721 [AsyncHttpClient-1-12] DEBUG org.asynchttpclient.netty.channel.ChannelManager - Adding key: http://localhost:20988 for channel [id: 0xcac841a2, L:/127.0.0.1:60213 - R:localhost/127.0.0.1:20988]
00:51:42.736 [AsyncHttpClient-1-13] DEBUG org.asynchttpclient.netty.channel.NettyConnectListener - Using new Channel '[id: 0x3ae0eaa4, L:/127.0.0.1:60220 - R:localhost/127.0.0.1:60214]' for 'GET' to '/json/version'
00:51:42.739 [AsyncHttpClient-1-13] DEBUG org.asynchttpclient.netty.handler.HttpHandler - 

Request DefaultFullHttpRequest(decodeResult: success, version: HTTP/1.1, content: EmptyByteBufBE)
GET /json/version HTTP/1.1
User-Agent: selenium/4.7.1 (java windows)
host: localhost:60214
accept: */*

Response DefaultHttpResponse(decodeResult: success, version: HTTP/1.1)
HTTP/1.1 200 OK
Content-Security-Policy: frame-ancestors 'none'
Content-Type: application/json; charset=UTF-8
content-length: 424

00:51:42.739 [AsyncHttpClient-1-13] DEBUG org.asynchttpclient.netty.channel.ChannelManager - Adding key: http://localhost:60214 for channel [id: 0x3ae0eaa4, L:/127.0.0.1:60220 - R:localhost/127.0.0.1:60214]
00:51:42.745 [AsyncHttpClient-1-14] DEBUG org.asynchttpclient.netty.channel.NettyConnectListener - Using new Channel '[id: 0x0ad06228, L:/127.0.0.1:60221 - R:localhost/127.0.0.1:60214]' for 'GET' to '/devtools/browser/6638655b-1711-4201-bfd5-a17a11feb480'
00:51:42.748 [AsyncHttpClient-1-14] DEBUG org.asynchttpclient.netty.handler.WebSocketHandler - 

Request DefaultFullHttpRequest(decodeResult: success, version: HTTP/1.1, content: EmptyByteBufBE)
GET /devtools/browser/6638655b-1711-4201-bfd5-a17a11feb480 HTTP/1.1
upgrade: websocket
connection: upgrade
sec-websocket-key: gkFf0RDgUbrBqfcE9MDCYA==
sec-websocket-version: 13
origin: http://localhost:60214
host: localhost:60214
accept: */*
user-agent: AHC/2.1

Response DefaultHttpResponse(decodeResult: success, version: HTTP/1.1)
HTTP/1.1 101 WebSocket Protocol Handshake
Upgrade: WebSocket
Connection: Upgrade
Sec-WebSocket-Accept: Vh9HziI0Aln5TUDq3GuhYicAwYs=

00:51:42.758 [Forwarding get on session b3c7df7ab7ae1f6f8b58d639a2441b72 to remote] DEBUG org.asynchttpclient.netty.request.NettyRequestSender - Using pooled Channel '[id: 0xcac841a2, L:/127.0.0.1:60213 - R:localhost/127.0.0.1:20988]' for 'POST' to 'http://localhost:20988/session/b3c7df7ab7ae1f6f8b58d639a2441b72/url'
00:51:42.758 [Forwarding get on session b3c7df7ab7ae1f6f8b58d639a2441b72 to remote] DEBUG org.asynchttpclient.netty.request.NettyRequestSender - Using open Channel [id: 0xcac841a2, L:/127.0.0.1:60213 - R:localhost/127.0.0.1:20988] for POST '/session/b3c7df7ab7ae1f6f8b58d639a2441b72/url'
00:51:43.430 [AsyncHttpClient-1-1] DEBUG org.asynchttpclient.netty.channel.DefaultChannelPool - Entry count for : http://localhost:60214 : 1
00:51:43.993 [AsyncHttpClient-1-12] DEBUG org.asynchttpclient.netty.handler.HttpHandler - 

Request DefaultHttpRequest(decodeResult: success, version: HTTP/1.1)
POST /session/b3c7df7ab7ae1f6f8b58d639a2441b72/url HTTP/1.1
User-Agent: selenium/4.7.1 (java windows)
Content-Length: 59
Content-Type: application/json; charset=utf-8
host: localhost:20988
accept: */*

Response DefaultHttpResponse(decodeResult: success, version: HTTP/1.1)
HTTP/1.1 200 OK
Content-Type: application/json; charset=utf-8
cache-control: no-cache
content-length: 14

00:51:43.993 [AsyncHttpClient-1-12] DEBUG org.asynchttpclient.netty.channel.ChannelManager - Adding key: http://localhost:20988 for channel [id: 0xcac841a2, L:/127.0.0.1:60213 - R:localhost/127.0.0.1:20988]
00:51:43.994 [Forwarding setTimeout on session b3c7df7ab7ae1f6f8b58d639a2441b72 to remote] DEBUG org.asynchttpclient.netty.request.NettyRequestSender - Using pooled Channel '[id: 0xcac841a2, L:/127.0.0.1:60213 - R:localhost/127.0.0.1:20988]' for 'POST' to 'http://localhost:20988/session/b3c7df7ab7ae1f6f8b58d639a2441b72/timeouts'
00:51:43.994 [Forwarding setTimeout on session b3c7df7ab7ae1f6f8b58d639a2441b72 to remote] DEBUG org.asynchttpclient.netty.request.NettyRequestSender - Using open Channel [id: 0xcac841a2, L:/127.0.0.1:60213 - R:localhost/127.0.0.1:20988] for POST '/session/b3c7df7ab7ae1f6f8b58d639a2441b72/timeouts'
00:51:43.995 [AsyncHttpClient-1-12] DEBUG org.asynchttpclient.netty.handler.HttpHandler - 

Request DefaultHttpRequest(decodeResult: success, version: HTTP/1.1)
POST /session/b3c7df7ab7ae1f6f8b58d639a2441b72/timeouts HTTP/1.1
User-Agent: selenium/4.7.1 (java windows)
Content-Length: 22
Content-Type: application/json; charset=utf-8
host: localhost:20988
accept: */*

Response DefaultHttpResponse(decodeResult: success, version: HTTP/1.1)
HTTP/1.1 200 OK
Content-Type: application/json; charset=utf-8
cache-control: no-cache
content-length: 14

00:51:43.995 [AsyncHttpClient-1-12] DEBUG org.asynchttpclient.netty.channel.ChannelManager - Adding key: http://localhost:20988 for channel [id: 0xcac841a2, L:/127.0.0.1:60213 - R:localhost/127.0.0.1:20988]
00:51:43.999 [Forwarding getCurrentUrl on session b3c7df7ab7ae1f6f8b58d639a2441b72 to remote] DEBUG org.asynchttpclient.netty.request.NettyRequestSender - Using pooled Channel '[id: 0xcac841a2, L:/127.0.0.1:60213 - R:localhost/127.0.0.1:20988]' for 'GET' to 'http://localhost:20988/session/b3c7df7ab7ae1f6f8b58d639a2441b72/url'
00:51:43.999 [Forwarding getCurrentUrl on session b3c7df7ab7ae1f6f8b58d639a2441b72 to remote] DEBUG org.asynchttpclient.netty.request.NettyRequestSender - Using open Channel [id: 0xcac841a2, L:/127.0.0.1:60213 - R:localhost/127.0.0.1:20988] for GET '/session/b3c7df7ab7ae1f6f8b58d639a2441b72/url'
00:51:44.006 [AsyncHttpClient-1-12] DEBUG org.asynchttpclient.netty.handler.HttpHandler - 

Request DefaultFullHttpRequest(decodeResult: success, version: HTTP/1.1, content: EmptyByteBufBE)
GET /session/b3c7df7ab7ae1f6f8b58d639a2441b72/url HTTP/1.1
User-Agent: selenium/4.7.1 (java windows)
Cache-Control: no-cache
Content-Type: application/json; charset=utf-8
host: localhost:20988
accept: */*

Response DefaultHttpResponse(decodeResult: success, version: HTTP/1.1)
HTTP/1.1 200 OK
Content-Type: application/json; charset=utf-8
cache-control: no-cache
content-length: 41

00:51:44.007 [AsyncHttpClient-1-12] DEBUG org.asynchttpclient.netty.channel.ChannelManager - Adding key: http://localhost:20988 for channel [id: 0xcac841a2, L:/127.0.0.1:60213 - R:localhost/127.0.0.1:20988]
00:51:44.010 [Forwarding getCurrentUrl on session b3c7df7ab7ae1f6f8b58d639a2441b72 to remote] DEBUG org.asynchttpclient.netty.request.NettyRequestSender - Using pooled Channel '[id: 0xcac841a2, L:/127.0.0.1:60213 - R:localhost/127.0.0.1:20988]' for 'GET' to 'http://localhost:20988/session/b3c7df7ab7ae1f6f8b58d639a2441b72/url'
00:51:44.010 [Forwarding getCurrentUrl on session b3c7df7ab7ae1f6f8b58d639a2441b72 to remote] DEBUG org.asynchttpclient.netty.request.NettyRequestSender - Using open Channel [id: 0xcac841a2, L:/127.0.0.1:60213 - R:localhost/127.0.0.1:20988] for GET '/session/b3c7df7ab7ae1f6f8b58d639a2441b72/url'
00:51:44.015 [AsyncHttpClient-1-12] DEBUG org.asynchttpclient.netty.handler.HttpHandler - 

Request DefaultFullHttpRequest(decodeResult: success, version: HTTP/1.1, content: EmptyByteBufBE)
GET /session/b3c7df7ab7ae1f6f8b58d639a2441b72/url HTTP/1.1
User-Agent: selenium/4.7.1 (java windows)
Cache-Control: no-cache
Content-Type: application/json; charset=utf-8
host: localhost:20988
accept: */*

Response DefaultHttpResponse(decodeResult: success, version: HTTP/1.1)
HTTP/1.1 200 OK
Content-Type: application/json; charset=utf-8
cache-control: no-cache
content-length: 41

00:51:44.015 [AsyncHttpClient-1-12] DEBUG org.asynchttpclient.netty.channel.ChannelManager - Adding key: http://localhost:20988 for channel [id: 0xcac841a2, L:/127.0.0.1:60213 - R:localhost/127.0.0.1:20988]
00:51:44.020 [Forwarding findElement on session b3c7df7ab7ae1f6f8b58d639a2441b72 to remote] DEBUG org.asynchttpclient.netty.request.NettyRequestSender - Using pooled Channel '[id: 0xcac841a2, L:/127.0.0.1:60213 - R:localhost/127.0.0.1:20988]' for 'POST' to 'http://localhost:20988/session/b3c7df7ab7ae1f6f8b58d639a2441b72/element'
00:51:44.020 [Forwarding findElement on session b3c7df7ab7ae1f6f8b58d639a2441b72 to remote] DEBUG org.asynchttpclient.netty.request.NettyRequestSender - Using open Channel [id: 0xcac841a2, L:/127.0.0.1:60213 - R:localhost/127.0.0.1:20988] for POST '/session/b3c7df7ab7ae1f6f8b58d639a2441b72/element'
00:51:44.039 [AsyncHttpClient-1-12] DEBUG org.asynchttpclient.netty.handler.HttpHandler - 

Request DefaultHttpRequest(decodeResult: success, version: HTTP/1.1)
POST /session/b3c7df7ab7ae1f6f8b58d639a2441b72/element HTTP/1.1
User-Agent: selenium/4.7.1 (java windows)
Content-Length: 108
Content-Type: application/json; charset=utf-8
host: localhost:20988
accept: */*

Response DefaultHttpResponse(decodeResult: success, version: HTTP/1.1)
HTTP/1.1 200 OK
Content-Type: application/json; charset=utf-8
cache-control: no-cache
content-length: 88

00:51:44.039 [AsyncHttpClient-1-12] DEBUG org.asynchttpclient.netty.channel.ChannelManager - Adding key: http://localhost:20988 for channel [id: 0xcac841a2, L:/127.0.0.1:60213 - R:localhost/127.0.0.1:20988]
00:51:44.044 [Forwarding isElementDisplayed on session b3c7df7ab7ae1f6f8b58d639a2441b72 to remote] DEBUG org.asynchttpclient.netty.request.NettyRequestSender - Using pooled Channel '[id: 0xcac841a2, L:/127.0.0.1:60213 - R:localhost/127.0.0.1:20988]' for 'POST' to 'http://localhost:20988/session/b3c7df7ab7ae1f6f8b58d639a2441b72/execute/sync'
00:51:44.044 [Forwarding isElementDisplayed on session b3c7df7ab7ae1f6f8b58d639a2441b72 to remote] DEBUG org.asynchttpclient.netty.request.NettyRequestSender - Using open Channel [id: 0xcac841a2, L:/127.0.0.1:60213 - R:localhost/127.0.0.1:20988] for POST '/session/b3c7df7ab7ae1f6f8b58d639a2441b72/execute/sync'
00:51:44.071 [AsyncHttpClient-1-12] DEBUG org.asynchttpclient.netty.handler.HttpHandler - 

Request DefaultHttpRequest(decodeResult: success, version: HTTP/1.1)
POST /session/b3c7df7ab7ae1f6f8b58d639a2441b72/execute/sync HTTP/1.1
User-Agent: selenium/4.7.1 (java windows)
Content-Length: 48780
Content-Type: application/json; charset=utf-8
host: localhost:20988
accept: */*

Response DefaultHttpResponse(decodeResult: success, version: HTTP/1.1)
HTTP/1.1 200 OK
Content-Type: application/json; charset=utf-8
cache-control: no-cache
content-length: 14

00:51:44.071 [AsyncHttpClient-1-12] DEBUG org.asynchttpclient.netty.channel.ChannelManager - Adding key: http://localhost:20988 for channel [id: 0xcac841a2, L:/127.0.0.1:60213 - R:localhost/127.0.0.1:20988]
00:51:44.075 [Forwarding isElementDisplayed on session b3c7df7ab7ae1f6f8b58d639a2441b72 to remote] DEBUG org.asynchttpclient.netty.request.NettyRequestSender - Using pooled Channel '[id: 0xcac841a2, L:/127.0.0.1:60213 - R:localhost/127.0.0.1:20988]' for 'POST' to 'http://localhost:20988/session/b3c7df7ab7ae1f6f8b58d639a2441b72/execute/sync'
00:51:44.075 [Forwarding isElementDisplayed on session b3c7df7ab7ae1f6f8b58d639a2441b72 to remote] DEBUG org.asynchttpclient.netty.request.NettyRequestSender - Using open Channel [id: 0xcac841a2, L:/127.0.0.1:60213 - R:localhost/127.0.0.1:20988] for POST '/session/b3c7df7ab7ae1f6f8b58d639a2441b72/execute/sync'
00:51:44.098 [AsyncHttpClient-1-12] DEBUG org.asynchttpclient.netty.handler.HttpHandler - 

Request DefaultHttpRequest(decodeResult: success, version: HTTP/1.1)
POST /session/b3c7df7ab7ae1f6f8b58d639a2441b72/execute/sync HTTP/1.1
User-Agent: selenium/4.7.1 (java windows)
Content-Length: 48780
Content-Type: application/json; charset=utf-8
host: localhost:20988
accept: */*

Response DefaultHttpResponse(decodeResult: success, version: HTTP/1.1)
HTTP/1.1 200 OK
Content-Type: application/json; charset=utf-8
cache-control: no-cache
content-length: 14

00:51:44.099 [AsyncHttpClient-1-12] DEBUG org.asynchttpclient.netty.channel.ChannelManager - Adding key: http://localhost:20988 for channel [id: 0xcac841a2, L:/127.0.0.1:60213 - R:localhost/127.0.0.1:20988]
00:51:44.107 [Forwarding getCurrentWindowHandle on session b3c7df7ab7ae1f6f8b58d639a2441b72 to remote] DEBUG org.asynchttpclient.netty.request.NettyRequestSender - Using pooled Channel '[id: 0xcac841a2, L:/127.0.0.1:60213 - R:localhost/127.0.0.1:20988]' for 'GET' to 'http://localhost:20988/session/b3c7df7ab7ae1f6f8b58d639a2441b72/window'
00:51:44.107 [Forwarding getCurrentWindowHandle on session b3c7df7ab7ae1f6f8b58d639a2441b72 to remote] DEBUG org.asynchttpclient.netty.request.NettyRequestSender - Using open Channel [id: 0xcac841a2, L:/127.0.0.1:60213 - R:localhost/127.0.0.1:20988] for GET '/session/b3c7df7ab7ae1f6f8b58d639a2441b72/window'
00:51:44.110 [AsyncHttpClient-1-12] DEBUG org.asynchttpclient.netty.handler.HttpHandler - 

Request DefaultFullHttpRequest(decodeResult: success, version: HTTP/1.1, content: EmptyByteBufBE)
GET /session/b3c7df7ab7ae1f6f8b58d639a2441b72/window HTTP/1.1
User-Agent: selenium/4.7.1 (java windows)
Cache-Control: no-cache
Content-Type: application/json; charset=utf-8
host: localhost:20988
accept: */*

Response DefaultHttpResponse(decodeResult: success, version: HTTP/1.1)
HTTP/1.1 200 OK
Content-Type: application/json; charset=utf-8
cache-control: no-cache
content-length: 44

00:51:44.110 [AsyncHttpClient-1-12] DEBUG org.asynchttpclient.netty.channel.ChannelManager - Adding key: http://localhost:20988 for channel [id: 0xcac841a2, L:/127.0.0.1:60213 - R:localhost/127.0.0.1:20988]
00:51:44.111 [Forwarding getAlertText on session b3c7df7ab7ae1f6f8b58d639a2441b72 to remote] DEBUG org.asynchttpclient.netty.request.NettyRequestSender - Using pooled Channel '[id: 0xcac841a2, L:/127.0.0.1:60213 - R:localhost/127.0.0.1:20988]' for 'GET' to 'http://localhost:20988/session/b3c7df7ab7ae1f6f8b58d639a2441b72/alert/text'
00:51:44.111 [Forwarding getAlertText on session b3c7df7ab7ae1f6f8b58d639a2441b72 to remote] DEBUG org.asynchttpclient.netty.request.NettyRequestSender - Using open Channel [id: 0xcac841a2, L:/127.0.0.1:60213 - R:localhost/127.0.0.1:20988] for GET '/session/b3c7df7ab7ae1f6f8b58d639a2441b72/alert/text'
00:51:44.113 [AsyncHttpClient-1-12] DEBUG org.asynchttpclient.netty.handler.HttpHandler - 

Request DefaultFullHttpRequest(decodeResult: success, version: HTTP/1.1, content: EmptyByteBufBE)
GET /session/b3c7df7ab7ae1f6f8b58d639a2441b72/alert/text HTTP/1.1
User-Agent: selenium/4.7.1 (java windows)
Cache-Control: no-cache
Content-Type: application/json; charset=utf-8
host: localhost:20988
accept: */*

Response DefaultHttpResponse(decodeResult: success, version: HTTP/1.1)
HTTP/1.1 404 Not Found
Content-Type: application/json; charset=utf-8
cache-control: no-cache
content-length: 849

00:51:44.113 [AsyncHttpClient-1-12] DEBUG org.asynchttpclient.netty.channel.ChannelManager - Adding key: http://localhost:20988 for channel [id: 0xcac841a2, L:/127.0.0.1:60213 - R:localhost/127.0.0.1:20988]
00:51:44.115 [Forwarding switchToWindow on session b3c7df7ab7ae1f6f8b58d639a2441b72 to remote] DEBUG org.asynchttpclient.netty.request.NettyRequestSender - Using pooled Channel '[id: 0xcac841a2, L:/127.0.0.1:60213 - R:localhost/127.0.0.1:20988]' for 'POST' to 'http://localhost:20988/session/b3c7df7ab7ae1f6f8b58d639a2441b72/window'
00:51:44.115 [Forwarding switchToWindow on session b3c7df7ab7ae1f6f8b58d639a2441b72 to remote] DEBUG org.asynchttpclient.netty.request.NettyRequestSender - Using open Channel [id: 0xcac841a2, L:/127.0.0.1:60213 - R:localhost/127.0.0.1:20988] for POST '/session/b3c7df7ab7ae1f6f8b58d639a2441b72/window'
00:51:44.118 [AsyncHttpClient-1-12] DEBUG org.asynchttpclient.netty.handler.HttpHandler - 

Request DefaultHttpRequest(decodeResult: success, version: HTTP/1.1)
POST /session/b3c7df7ab7ae1f6f8b58d639a2441b72/window HTTP/1.1
User-Agent: selenium/4.7.1 (java windows)
Content-Length: 50
Content-Type: application/json; charset=utf-8
host: localhost:20988
accept: */*

Response DefaultHttpResponse(decodeResult: success, version: HTTP/1.1)
HTTP/1.1 200 OK
Content-Type: application/json; charset=utf-8
cache-control: no-cache
content-length: 14

00:51:44.118 [AsyncHttpClient-1-12] DEBUG org.asynchttpclient.netty.channel.ChannelManager - Adding key: http://localhost:20988 for channel [id: 0xcac841a2, L:/127.0.0.1:60213 - R:localhost/127.0.0.1:20988]
00:51:44.119 [Forwarding getCurrentUrl on session b3c7df7ab7ae1f6f8b58d639a2441b72 to remote] DEBUG org.asynchttpclient.netty.request.NettyRequestSender - Using pooled Channel '[id: 0xcac841a2, L:/127.0.0.1:60213 - R:localhost/127.0.0.1:20988]' for 'GET' to 'http://localhost:20988/session/b3c7df7ab7ae1f6f8b58d639a2441b72/url'
00:51:44.119 [Forwarding getCurrentUrl on session b3c7df7ab7ae1f6f8b58d639a2441b72 to remote] DEBUG org.asynchttpclient.netty.request.NettyRequestSender - Using open Channel [id: 0xcac841a2, L:/127.0.0.1:60213 - R:localhost/127.0.0.1:20988] for GET '/session/b3c7df7ab7ae1f6f8b58d639a2441b72/url'
00:51:44.125 [AsyncHttpClient-1-12] DEBUG org.asynchttpclient.netty.handler.HttpHandler - 

Request DefaultFullHttpRequest(decodeResult: success, version: HTTP/1.1, content: EmptyByteBufBE)
GET /session/b3c7df7ab7ae1f6f8b58d639a2441b72/url HTTP/1.1
User-Agent: selenium/4.7.1 (java windows)
Cache-Control: no-cache
Content-Type: application/json; charset=utf-8
host: localhost:20988
accept: */*

Response DefaultHttpResponse(decodeResult: success, version: HTTP/1.1)
HTTP/1.1 200 OK
Content-Type: application/json; charset=utf-8
cache-control: no-cache
content-length: 41

00:51:44.125 [AsyncHttpClient-1-12] DEBUG org.asynchttpclient.netty.channel.ChannelManager - Adding key: http://localhost:20988 for channel [id: 0xcac841a2, L:/127.0.0.1:60213 - R:localhost/127.0.0.1:20988]
00:51:44.125 [Forwarding screenshot on session b3c7df7ab7ae1f6f8b58d639a2441b72 to remote] DEBUG org.asynchttpclient.netty.request.NettyRequestSender - Using pooled Channel '[id: 0xcac841a2, L:/127.0.0.1:60213 - R:localhost/127.0.0.1:20988]' for 'GET' to 'http://localhost:20988/session/b3c7df7ab7ae1f6f8b58d639a2441b72/screenshot'
00:51:44.125 [Forwarding screenshot on session b3c7df7ab7ae1f6f8b58d639a2441b72 to remote] DEBUG org.asynchttpclient.netty.request.NettyRequestSender - Using open Channel [id: 0xcac841a2, L:/127.0.0.1:60213 - R:localhost/127.0.0.1:20988] for GET '/session/b3c7df7ab7ae1f6f8b58d639a2441b72/screenshot'
00:51:44.528 [AsyncHttpClient-1-1] DEBUG org.asynchttpclient.netty.channel.DefaultChannelPool - Entry count for : http://localhost:60214 : 1
00:51:45.640 [AsyncHttpClient-1-1] DEBUG org.asynchttpclient.netty.channel.DefaultChannelPool - Entry count for : http://localhost:60214 : 1
00:51:46.728 [AsyncHttpClient-1-1] DEBUG org.asynchttpclient.netty.channel.DefaultChannelPool - Entry count for : http://localhost:60214 : 1
00:51:47.274 [AsyncHttpClient-1-12] DEBUG org.asynchttpclient.netty.handler.HttpHandler - 

Request DefaultFullHttpRequest(decodeResult: success, version: HTTP/1.1, content: EmptyByteBufBE)
GET /session/b3c7df7ab7ae1f6f8b58d639a2441b72/screenshot HTTP/1.1
User-Agent: selenium/4.7.1 (java windows)
Cache-Control: no-cache
Content-Type: application/json; charset=utf-8
host: localhost:20988
accept: */*

Response DefaultHttpResponse(decodeResult: success, version: HTTP/1.1)
HTTP/1.1 200 OK
Content-Type: application/json; charset=utf-8
cache-control: no-cache
content-length: 38164

00:51:47.275 [AsyncHttpClient-1-12] DEBUG org.asynchttpclient.netty.channel.ChannelManager - Adding key: http://localhost:20988 for channel [id: 0xcac841a2, L:/127.0.0.1:60213 - R:localhost/127.0.0.1:20988]
00:51:47.276 [main] DEBUG net.serenitybdd.core.photography.Darkroom - Send negative for processing for target\site\serenity\0ba2a8d8fe1bf48969de568751678fdc8b08b6982e22bad5d3da8c0ba06102fe.png
00:51:47.277 [main] DEBUG net.thucydides.core.steps.StepInterceptor - STEP DONE: diHomepageAltaShop
00:51:47.277 [Darkroom Processing Line] DEBUG net.serenitybdd.core.photography.DarkroomProcessingLine - Processing screenshot image in /var/screenshots/screenshot-2616204710718314650
00:51:47.277 [Darkroom Processing Line] DEBUG net.serenitybdd.core.photography.DarkroomProcessingLine - Saving screenshot to target\site\serenity\0ba2a8d8fe1bf48969de568751678fdc8b08b6982e22bad5d3da8c0ba06102fe.png
00:51:47.281 [main] DEBUG net.thucydides.core.steps.StepInterceptor - STARTING STEP: TransaksiSteps.userBeradaDiHomepageAltaShopDanLoginAkun - klikButtonLogin
00:51:47.284 [Forwarding findElement on session b3c7df7ab7ae1f6f8b58d639a2441b72 to remote] DEBUG org.asynchttpclient.netty.request.NettyRequestSender - Using pooled Channel '[id: 0xcac841a2, L:/127.0.0.1:60213 - R:localhost/127.0.0.1:20988]' for 'POST' to 'http://localhost:20988/session/b3c7df7ab7ae1f6f8b58d639a2441b72/element'
00:51:47.284 [Forwarding findElement on session b3c7df7ab7ae1f6f8b58d639a2441b72 to remote] DEBUG org.asynchttpclient.netty.request.NettyRequestSender - Using open Channel [id: 0xcac841a2, L:/127.0.0.1:60213 - R:localhost/127.0.0.1:20988] for POST '/session/b3c7df7ab7ae1f6f8b58d639a2441b72/element'
00:51:47.302 [AsyncHttpClient-1-12] DEBUG org.asynchttpclient.netty.handler.HttpHandler - 

Request DefaultHttpRequest(decodeResult: success, version: HTTP/1.1)
POST /session/b3c7df7ab7ae1f6f8b58d639a2441b72/element HTTP/1.1
User-Agent: selenium/4.7.1 (java windows)
Content-Length: 108
Content-Type: application/json; charset=utf-8
host: localhost:20988
accept: */*

Response DefaultHttpResponse(decodeResult: success, version: HTTP/1.1)
HTTP/1.1 200 OK
Content-Type: application/json; charset=utf-8
cache-control: no-cache
content-length: 88

00:51:47.302 [AsyncHttpClient-1-12] DEBUG org.asynchttpclient.netty.channel.ChannelManager - Adding key: http://localhost:20988 for channel [id: 0xcac841a2, L:/127.0.0.1:60213 - R:localhost/127.0.0.1:20988]
00:51:47.303 [Forwarding getElementTagName on session b3c7df7ab7ae1f6f8b58d639a2441b72 to remote] DEBUG org.asynchttpclient.netty.request.NettyRequestSender - Using pooled Channel '[id: 0xcac841a2, L:/127.0.0.1:60213 - R:localhost/127.0.0.1:20988]' for 'GET' to 'http://localhost:20988/session/b3c7df7ab7ae1f6f8b58d639a2441b72/element/436985c3-1b37-4bba-bbd7-2ddfeb07be5b/name'
00:51:47.303 [Forwarding getElementTagName on session b3c7df7ab7ae1f6f8b58d639a2441b72 to remote] DEBUG org.asynchttpclient.netty.request.NettyRequestSender - Using open Channel [id: 0xcac841a2, L:/127.0.0.1:60213 - R:localhost/127.0.0.1:20988] for GET '/session/b3c7df7ab7ae1f6f8b58d639a2441b72/element/436985c3-1b37-4bba-bbd7-2ddfeb07be5b/name'
00:51:47.307 [AsyncHttpClient-1-12] DEBUG org.asynchttpclient.netty.handler.HttpHandler - 

Request DefaultFullHttpRequest(decodeResult: success, version: HTTP/1.1, content: EmptyByteBufBE)
GET /session/b3c7df7ab7ae1f6f8b58d639a2441b72/element/436985c3-1b37-4bba-bbd7-2ddfeb07be5b/name HTTP/1.1
User-Agent: selenium/4.7.1 (java windows)
Cache-Control: no-cache
Content-Type: application/json; charset=utf-8
host: localhost:20988
accept: */*

Response DefaultHttpResponse(decodeResult: success, version: HTTP/1.1)
HTTP/1.1 200 OK
Content-Type: application/json; charset=utf-8
cache-control: no-cache
content-length: 18

00:51:47.308 [AsyncHttpClient-1-12] DEBUG org.asynchttpclient.netty.channel.ChannelManager - Adding key: http://localhost:20988 for channel [id: 0xcac841a2, L:/127.0.0.1:60213 - R:localhost/127.0.0.1:20988]
00:51:47.308 [Forwarding getElementTagName on session b3c7df7ab7ae1f6f8b58d639a2441b72 to remote] DEBUG org.asynchttpclient.netty.request.NettyRequestSender - Using pooled Channel '[id: 0xcac841a2, L:/127.0.0.1:60213 - R:localhost/127.0.0.1:20988]' for 'GET' to 'http://localhost:20988/session/b3c7df7ab7ae1f6f8b58d639a2441b72/element/436985c3-1b37-4bba-bbd7-2ddfeb07be5b/name'
00:51:47.308 [Forwarding getElementTagName on session b3c7df7ab7ae1f6f8b58d639a2441b72 to remote] DEBUG org.asynchttpclient.netty.request.NettyRequestSender - Using open Channel [id: 0xcac841a2, L:/127.0.0.1:60213 - R:localhost/127.0.0.1:20988] for GET '/session/b3c7df7ab7ae1f6f8b58d639a2441b72/element/436985c3-1b37-4bba-bbd7-2ddfeb07be5b/name'
00:51:47.312 [AsyncHttpClient-1-12] DEBUG org.asynchttpclient.netty.handler.HttpHandler - 

Request DefaultFullHttpRequest(decodeResult: success, version: HTTP/1.1, content: EmptyByteBufBE)
GET /session/b3c7df7ab7ae1f6f8b58d639a2441b72/element/436985c3-1b37-4bba-bbd7-2ddfeb07be5b/name HTTP/1.1
User-Agent: selenium/4.7.1 (java windows)
Cache-Control: no-cache
Content-Type: application/json; charset=utf-8
host: localhost:20988
accept: */*

Response DefaultHttpResponse(decodeResult: success, version: HTTP/1.1)
HTTP/1.1 200 OK
Content-Type: application/json; charset=utf-8
cache-control: no-cache
content-length: 18

00:51:47.312 [AsyncHttpClient-1-12] DEBUG org.asynchttpclient.netty.channel.ChannelManager - Adding key: http://localhost:20988 for channel [id: 0xcac841a2, L:/127.0.0.1:60213 - R:localhost/127.0.0.1:20988]
00:51:47.314 [Forwarding isElementEnabled on session b3c7df7ab7ae1f6f8b58d639a2441b72 to remote] DEBUG org.asynchttpclient.netty.request.NettyRequestSender - Using pooled Channel '[id: 0xcac841a2, L:/127.0.0.1:60213 - R:localhost/127.0.0.1:20988]' for 'GET' to 'http://localhost:20988/session/b3c7df7ab7ae1f6f8b58d639a2441b72/element/436985c3-1b37-4bba-bbd7-2ddfeb07be5b/enabled'
00:51:47.314 [Forwarding isElementEnabled on session b3c7df7ab7ae1f6f8b58d639a2441b72 to remote] DEBUG org.asynchttpclient.netty.request.NettyRequestSender - Using open Channel [id: 0xcac841a2, L:/127.0.0.1:60213 - R:localhost/127.0.0.1:20988] for GET '/session/b3c7df7ab7ae1f6f8b58d639a2441b72/element/436985c3-1b37-4bba-bbd7-2ddfeb07be5b/enabled'
00:51:47.322 [AsyncHttpClient-1-12] DEBUG org.asynchttpclient.netty.handler.HttpHandler - 

Request DefaultFullHttpRequest(decodeResult: success, version: HTTP/1.1, content: EmptyByteBufBE)
GET /session/b3c7df7ab7ae1f6f8b58d639a2441b72/element/436985c3-1b37-4bba-bbd7-2ddfeb07be5b/enabled HTTP/1.1
User-Agent: selenium/4.7.1 (java windows)
Cache-Control: no-cache
Content-Type: application/json; charset=utf-8
host: localhost:20988
accept: */*

Response DefaultHttpResponse(decodeResult: success, version: HTTP/1.1)
HTTP/1.1 200 OK
Content-Type: application/json; charset=utf-8
cache-control: no-cache
content-length: 14

00:51:47.322 [AsyncHttpClient-1-12] DEBUG org.asynchttpclient.netty.channel.ChannelManager - Adding key: http://localhost:20988 for channel [id: 0xcac841a2, L:/127.0.0.1:60213 - R:localhost/127.0.0.1:20988]
00:51:47.323 [Forwarding isElementEnabled on session b3c7df7ab7ae1f6f8b58d639a2441b72 to remote] DEBUG org.asynchttpclient.netty.request.NettyRequestSender - Using pooled Channel '[id: 0xcac841a2, L:/127.0.0.1:60213 - R:localhost/127.0.0.1:20988]' for 'GET' to 'http://localhost:20988/session/b3c7df7ab7ae1f6f8b58d639a2441b72/element/436985c3-1b37-4bba-bbd7-2ddfeb07be5b/enabled'
00:51:47.323 [Forwarding isElementEnabled on session b3c7df7ab7ae1f6f8b58d639a2441b72 to remote] DEBUG org.asynchttpclient.netty.request.NettyRequestSender - Using open Channel [id: 0xcac841a2, L:/127.0.0.1:60213 - R:localhost/127.0.0.1:20988] for GET '/session/b3c7df7ab7ae1f6f8b58d639a2441b72/element/436985c3-1b37-4bba-bbd7-2ddfeb07be5b/enabled'
00:51:47.331 [AsyncHttpClient-1-12] DEBUG org.asynchttpclient.netty.handler.HttpHandler - 

Request DefaultFullHttpRequest(decodeResult: success, version: HTTP/1.1, content: EmptyByteBufBE)
GET /session/b3c7df7ab7ae1f6f8b58d639a2441b72/element/436985c3-1b37-4bba-bbd7-2ddfeb07be5b/enabled HTTP/1.1
User-Agent: selenium/4.7.1 (java windows)
Cache-Control: no-cache
Content-Type: application/json; charset=utf-8
host: localhost:20988
accept: */*

Response DefaultHttpResponse(decodeResult: success, version: HTTP/1.1)
HTTP/1.1 200 OK
Content-Type: application/json; charset=utf-8
cache-control: no-cache
content-length: 14

00:51:47.331 [AsyncHttpClient-1-12] DEBUG org.asynchttpclient.netty.channel.ChannelManager - Adding key: http://localhost:20988 for channel [id: 0xcac841a2, L:/127.0.0.1:60213 - R:localhost/127.0.0.1:20988]
00:51:47.332 [Forwarding findElement on session b3c7df7ab7ae1f6f8b58d639a2441b72 to remote] DEBUG org.asynchttpclient.netty.request.NettyRequestSender - Using pooled Channel '[id: 0xcac841a2, L:/127.0.0.1:60213 - R:localhost/127.0.0.1:20988]' for 'POST' to 'http://localhost:20988/session/b3c7df7ab7ae1f6f8b58d639a2441b72/element'
00:51:47.332 [Forwarding findElement on session b3c7df7ab7ae1f6f8b58d639a2441b72 to remote] DEBUG org.asynchttpclient.netty.request.NettyRequestSender - Using open Channel [id: 0xcac841a2, L:/127.0.0.1:60213 - R:localhost/127.0.0.1:20988] for POST '/session/b3c7df7ab7ae1f6f8b58d639a2441b72/element'
00:51:47.353 [AsyncHttpClient-1-12] DEBUG org.asynchttpclient.netty.handler.HttpHandler - 

Request DefaultHttpRequest(decodeResult: success, version: HTTP/1.1)
POST /session/b3c7df7ab7ae1f6f8b58d639a2441b72/element HTTP/1.1
User-Agent: selenium/4.7.1 (java windows)
Content-Length: 108
Content-Type: application/json; charset=utf-8
host: localhost:20988
accept: */*

Response DefaultHttpResponse(decodeResult: success, version: HTTP/1.1)
HTTP/1.1 200 OK
Content-Type: application/json; charset=utf-8
cache-control: no-cache
content-length: 88

00:51:47.353 [AsyncHttpClient-1-12] DEBUG org.asynchttpclient.netty.channel.ChannelManager - Adding key: http://localhost:20988 for channel [id: 0xcac841a2, L:/127.0.0.1:60213 - R:localhost/127.0.0.1:20988]
00:51:47.354 [Forwarding clickElement on session b3c7df7ab7ae1f6f8b58d639a2441b72 to remote] DEBUG org.asynchttpclient.netty.request.NettyRequestSender - Using pooled Channel '[id: 0xcac841a2, L:/127.0.0.1:60213 - R:localhost/127.0.0.1:20988]' for 'POST' to 'http://localhost:20988/session/b3c7df7ab7ae1f6f8b58d639a2441b72/element/436985c3-1b37-4bba-bbd7-2ddfeb07be5b/click'
00:51:47.354 [Forwarding clickElement on session b3c7df7ab7ae1f6f8b58d639a2441b72 to remote] DEBUG org.asynchttpclient.netty.request.NettyRequestSender - Using open Channel [id: 0xcac841a2, L:/127.0.0.1:60213 - R:localhost/127.0.0.1:20988] for POST '/session/b3c7df7ab7ae1f6f8b58d639a2441b72/element/436985c3-1b37-4bba-bbd7-2ddfeb07be5b/click'
00:51:47.417 [AsyncHttpClient-1-12] DEBUG org.asynchttpclient.netty.handler.HttpHandler - 

Request DefaultHttpRequest(decodeResult: success, version: HTTP/1.1)
POST /session/b3c7df7ab7ae1f6f8b58d639a2441b72/element/436985c3-1b37-4bba-bbd7-2ddfeb07be5b/click HTTP/1.1
User-Agent: selenium/4.7.1 (java windows)
Content-Length: 50
Content-Type: application/json; charset=utf-8
host: localhost:20988
accept: */*

Response DefaultHttpResponse(decodeResult: success, version: HTTP/1.1)
HTTP/1.1 200 OK
Content-Type: application/json; charset=utf-8
cache-control: no-cache
content-length: 14

00:51:47.417 [AsyncHttpClient-1-12] DEBUG org.asynchttpclient.netty.channel.ChannelManager - Adding key: http://localhost:20988 for channel [id: 0xcac841a2, L:/127.0.0.1:60213 - R:localhost/127.0.0.1:20988]
00:51:47.425 [Forwarding getCurrentWindowHandle on session b3c7df7ab7ae1f6f8b58d639a2441b72 to remote] DEBUG org.asynchttpclient.netty.request.NettyRequestSender - Using pooled Channel '[id: 0xcac841a2, L:/127.0.0.1:60213 - R:localhost/127.0.0.1:20988]' for 'GET' to 'http://localhost:20988/session/b3c7df7ab7ae1f6f8b58d639a2441b72/window'
00:51:47.425 [Forwarding getCurrentWindowHandle on session b3c7df7ab7ae1f6f8b58d639a2441b72 to remote] DEBUG org.asynchttpclient.netty.request.NettyRequestSender - Using open Channel [id: 0xcac841a2, L:/127.0.0.1:60213 - R:localhost/127.0.0.1:20988] for GET '/session/b3c7df7ab7ae1f6f8b58d639a2441b72/window'
00:51:47.425 [AsyncHttpClient-1-12] DEBUG org.asynchttpclient.netty.handler.HttpHandler - 

Request DefaultFullHttpRequest(decodeResult: success, version: HTTP/1.1, content: EmptyByteBufBE)
GET /session/b3c7df7ab7ae1f6f8b58d639a2441b72/window HTTP/1.1
User-Agent: selenium/4.7.1 (java windows)
Cache-Control: no-cache
Content-Type: application/json; charset=utf-8
host: localhost:20988
accept: */*

Response DefaultHttpResponse(decodeResult: success, version: HTTP/1.1)
HTTP/1.1 200 OK
Content-Type: application/json; charset=utf-8
cache-control: no-cache
content-length: 44

00:51:47.426 [AsyncHttpClient-1-12] DEBUG org.asynchttpclient.netty.channel.ChannelManager - Adding key: http://localhost:20988 for channel [id: 0xcac841a2, L:/127.0.0.1:60213 - R:localhost/127.0.0.1:20988]
00:51:47.427 [Forwarding getAlertText on session b3c7df7ab7ae1f6f8b58d639a2441b72 to remote] DEBUG org.asynchttpclient.netty.request.NettyRequestSender - Using pooled Channel '[id: 0xcac841a2, L:/127.0.0.1:60213 - R:localhost/127.0.0.1:20988]' for 'GET' to 'http://localhost:20988/session/b3c7df7ab7ae1f6f8b58d639a2441b72/alert/text'
00:51:47.427 [Forwarding getAlertText on session b3c7df7ab7ae1f6f8b58d639a2441b72 to remote] DEBUG org.asynchttpclient.netty.request.NettyRequestSender - Using open Channel [id: 0xcac841a2, L:/127.0.0.1:60213 - R:localhost/127.0.0.1:20988] for GET '/session/b3c7df7ab7ae1f6f8b58d639a2441b72/alert/text'
00:51:47.701 [AsyncHttpClient-1-12] DEBUG org.asynchttpclient.netty.handler.HttpHandler - 

Request DefaultFullHttpRequest(decodeResult: success, version: HTTP/1.1, content: EmptyByteBufBE)
GET /session/b3c7df7ab7ae1f6f8b58d639a2441b72/alert/text HTTP/1.1
User-Agent: selenium/4.7.1 (java windows)
Cache-Control: no-cache
Content-Type: application/json; charset=utf-8
host: localhost:20988
accept: */*

Response DefaultHttpResponse(decodeResult: success, version: HTTP/1.1)
HTTP/1.1 404 Not Found
Content-Type: application/json; charset=utf-8
cache-control: no-cache
content-length: 849

00:51:47.702 [AsyncHttpClient-1-12] DEBUG org.asynchttpclient.netty.channel.ChannelManager - Adding key: http://localhost:20988 for channel [id: 0xcac841a2, L:/127.0.0.1:60213 - R:localhost/127.0.0.1:20988]
00:51:47.704 [Forwarding switchToWindow on session b3c7df7ab7ae1f6f8b58d639a2441b72 to remote] DEBUG org.asynchttpclient.netty.request.NettyRequestSender - Using pooled Channel '[id: 0xcac841a2, L:/127.0.0.1:60213 - R:localhost/127.0.0.1:20988]' for 'POST' to 'http://localhost:20988/session/b3c7df7ab7ae1f6f8b58d639a2441b72/window'
00:51:47.704 [Forwarding switchToWindow on session b3c7df7ab7ae1f6f8b58d639a2441b72 to remote] DEBUG org.asynchttpclient.netty.request.NettyRequestSender - Using open Channel [id: 0xcac841a2, L:/127.0.0.1:60213 - R:localhost/127.0.0.1:20988] for POST '/session/b3c7df7ab7ae1f6f8b58d639a2441b72/window'
00:51:47.705 [AsyncHttpClient-1-12] DEBUG org.asynchttpclient.netty.handler.HttpHandler - 

Request DefaultHttpRequest(decodeResult: success, version: HTTP/1.1)
POST /session/b3c7df7ab7ae1f6f8b58d639a2441b72/window HTTP/1.1
User-Agent: selenium/4.7.1 (java windows)
Content-Length: 50
Content-Type: application/json; charset=utf-8
host: localhost:20988
accept: */*

Response DefaultHttpResponse(decodeResult: success, version: HTTP/1.1)
HTTP/1.1 200 OK
Content-Type: application/json; charset=utf-8
cache-control: no-cache
content-length: 14

00:51:47.706 [AsyncHttpClient-1-12] DEBUG org.asynchttpclient.netty.channel.ChannelManager - Adding key: http://localhost:20988 for channel [id: 0xcac841a2, L:/127.0.0.1:60213 - R:localhost/127.0.0.1:20988]
00:51:47.706 [Forwarding getCurrentUrl on session b3c7df7ab7ae1f6f8b58d639a2441b72 to remote] DEBUG org.asynchttpclient.netty.request.NettyRequestSender - Using pooled Channel '[id: 0xcac841a2, L:/127.0.0.1:60213 - R:localhost/127.0.0.1:20988]' for 'GET' to 'http://localhost:20988/session/b3c7df7ab7ae1f6f8b58d639a2441b72/url'
00:51:47.706 [Forwarding getCurrentUrl on session b3c7df7ab7ae1f6f8b58d639a2441b72 to remote] DEBUG org.asynchttpclient.netty.request.NettyRequestSender - Using open Channel [id: 0xcac841a2, L:/127.0.0.1:60213 - R:localhost/127.0.0.1:20988] for GET '/session/b3c7df7ab7ae1f6f8b58d639a2441b72/url'
00:51:47.713 [AsyncHttpClient-1-12] DEBUG org.asynchttpclient.netty.handler.HttpHandler - 

Request DefaultFullHttpRequest(decodeResult: success, version: HTTP/1.1, content: EmptyByteBufBE)
GET /session/b3c7df7ab7ae1f6f8b58d639a2441b72/url HTTP/1.1
User-Agent: selenium/4.7.1 (java windows)
Cache-Control: no-cache
Content-Type: application/json; charset=utf-8
host: localhost:20988
accept: */*

Response DefaultHttpResponse(decodeResult: success, version: HTTP/1.1)
HTTP/1.1 200 OK
Content-Type: application/json; charset=utf-8
cache-control: no-cache
content-length: 51

00:51:47.713 [AsyncHttpClient-1-12] DEBUG org.asynchttpclient.netty.channel.ChannelManager - Adding key: http://localhost:20988 for channel [id: 0xcac841a2, L:/127.0.0.1:60213 - R:localhost/127.0.0.1:20988]
00:51:47.713 [Forwarding screenshot on session b3c7df7ab7ae1f6f8b58d639a2441b72 to remote] DEBUG org.asynchttpclient.netty.request.NettyRequestSender - Using pooled Channel '[id: 0xcac841a2, L:/127.0.0.1:60213 - R:localhost/127.0.0.1:20988]' for 'GET' to 'http://localhost:20988/session/b3c7df7ab7ae1f6f8b58d639a2441b72/screenshot'
00:51:47.713 [Forwarding screenshot on session b3c7df7ab7ae1f6f8b58d639a2441b72 to remote] DEBUG org.asynchttpclient.netty.request.NettyRequestSender - Using open Channel [id: 0xcac841a2, L:/127.0.0.1:60213 - R:localhost/127.0.0.1:20988] for GET '/session/b3c7df7ab7ae1f6f8b58d639a2441b72/screenshot'
00:51:47.804 [AsyncHttpClient-1-12] DEBUG org.asynchttpclient.netty.handler.HttpHandler - 

Request DefaultFullHttpRequest(decodeResult: success, version: HTTP/1.1, content: EmptyByteBufBE)
GET /session/b3c7df7ab7ae1f6f8b58d639a2441b72/screenshot HTTP/1.1
User-Agent: selenium/4.7.1 (java windows)
Cache-Control: no-cache
Content-Type: application/json; charset=utf-8
host: localhost:20988
accept: */*

Response DefaultHttpResponse(decodeResult: success, version: HTTP/1.1)
HTTP/1.1 200 OK
Content-Type: application/json; charset=utf-8
cache-control: no-cache
content-length: 26172

00:51:47.805 [AsyncHttpClient-1-12] DEBUG org.asynchttpclient.netty.channel.ChannelManager - Adding key: http://localhost:20988 for channel [id: 0xcac841a2, L:/127.0.0.1:60213 - R:localhost/127.0.0.1:20988]
00:51:47.806 [main] DEBUG net.serenitybdd.core.photography.Darkroom - Send negative for processing for target\site\serenity\f035198f28bcaf95684f4b1a3b9e5d031fc0873bb044f55c4913aef571773aa0.png
00:51:47.806 [main] DEBUG net.thucydides.core.steps.StepInterceptor - STEP DONE: klikButtonLogin
00:51:47.810 [main] DEBUG net.thucydides.core.steps.StepInterceptor - STARTING STEP: TransaksiSteps.userBeradaDiHomepageAltaShopDanLoginAkun - inputEmail
00:51:47.812 [Forwarding findElement on session b3c7df7ab7ae1f6f8b58d639a2441b72 to remote] DEBUG org.asynchttpclient.netty.request.NettyRequestSender - Using pooled Channel '[id: 0xcac841a2, L:/127.0.0.1:60213 - R:localhost/127.0.0.1:20988]' for 'POST' to 'http://localhost:20988/session/b3c7df7ab7ae1f6f8b58d639a2441b72/element'
00:51:47.812 [Forwarding findElement on session b3c7df7ab7ae1f6f8b58d639a2441b72 to remote] DEBUG org.asynchttpclient.netty.request.NettyRequestSender - Using open Channel [id: 0xcac841a2, L:/127.0.0.1:60213 - R:localhost/127.0.0.1:20988] for POST '/session/b3c7df7ab7ae1f6f8b58d639a2441b72/element'
00:51:47.826 [AsyncHttpClient-1-12] DEBUG org.asynchttpclient.netty.handler.HttpHandler - 

Request DefaultHttpRequest(decodeResult: success, version: HTTP/1.1)
POST /session/b3c7df7ab7ae1f6f8b58d639a2441b72/element HTTP/1.1
User-Agent: selenium/4.7.1 (java windows)
Content-Length: 187
Content-Type: application/json; charset=utf-8
host: localhost:20988
accept: */*

Response DefaultHttpResponse(decodeResult: success, version: HTTP/1.1)
HTTP/1.1 200 OK
Content-Type: application/json; charset=utf-8
cache-control: no-cache
content-length: 88

00:51:47.826 [AsyncHttpClient-1-12] DEBUG org.asynchttpclient.netty.channel.ChannelManager - Adding key: http://localhost:20988 for channel [id: 0xcac841a2, L:/127.0.0.1:60213 - R:localhost/127.0.0.1:20988]
00:51:47.827 [Forwarding clearElement on session b3c7df7ab7ae1f6f8b58d639a2441b72 to remote] DEBUG org.asynchttpclient.netty.request.NettyRequestSender - Using pooled Channel '[id: 0xcac841a2, L:/127.0.0.1:60213 - R:localhost/127.0.0.1:20988]' for 'POST' to 'http://localhost:20988/session/b3c7df7ab7ae1f6f8b58d639a2441b72/element/df0639f9-1766-41e1-882e-e4695acf709c/clear'
00:51:47.827 [Forwarding clearElement on session b3c7df7ab7ae1f6f8b58d639a2441b72 to remote] DEBUG org.asynchttpclient.netty.request.NettyRequestSender - Using open Channel [id: 0xcac841a2, L:/127.0.0.1:60213 - R:localhost/127.0.0.1:20988] for POST '/session/b3c7df7ab7ae1f6f8b58d639a2441b72/element/df0639f9-1766-41e1-882e-e4695acf709c/clear'
00:51:47.830 [AsyncHttpClient-1-1] DEBUG org.asynchttpclient.netty.channel.DefaultChannelPool - Entry count for : http://localhost:60214 : 1
00:51:47.869 [AsyncHttpClient-1-12] DEBUG org.asynchttpclient.netty.handler.HttpHandler - 

Request DefaultHttpRequest(decodeResult: success, version: HTTP/1.1)
POST /session/b3c7df7ab7ae1f6f8b58d639a2441b72/element/df0639f9-1766-41e1-882e-e4695acf709c/clear HTTP/1.1
User-Agent: selenium/4.7.1 (java windows)
Content-Length: 50
Content-Type: application/json; charset=utf-8
host: localhost:20988
accept: */*

Response DefaultHttpResponse(decodeResult: success, version: HTTP/1.1)
HTTP/1.1 200 OK
Content-Type: application/json; charset=utf-8
cache-control: no-cache
content-length: 14

00:51:47.869 [AsyncHttpClient-1-12] DEBUG org.asynchttpclient.netty.channel.ChannelManager - Adding key: http://localhost:20988 for channel [id: 0xcac841a2, L:/127.0.0.1:60213 - R:localhost/127.0.0.1:20988]
00:51:47.871 [Forwarding sendKeysToElement on session b3c7df7ab7ae1f6f8b58d639a2441b72 to remote] DEBUG org.asynchttpclient.netty.request.NettyRequestSender - Using pooled Channel '[id: 0xcac841a2, L:/127.0.0.1:60213 - R:localhost/127.0.0.1:20988]' for 'POST' to 'http://localhost:20988/session/b3c7df7ab7ae1f6f8b58d639a2441b72/element/df0639f9-1766-41e1-882e-e4695acf709c/value'
00:51:47.871 [Forwarding sendKeysToElement on session b3c7df7ab7ae1f6f8b58d639a2441b72 to remote] DEBUG org.asynchttpclient.netty.request.NettyRequestSender - Using open Channel [id: 0xcac841a2, L:/127.0.0.1:60213 - R:localhost/127.0.0.1:20988] for POST '/session/b3c7df7ab7ae1f6f8b58d639a2441b72/element/df0639f9-1766-41e1-882e-e4695acf709c/value'
00:51:47.972 [AsyncHttpClient-1-12] DEBUG org.asynchttpclient.netty.handler.HttpHandler - 

Request DefaultHttpRequest(decodeResult: success, version: HTTP/1.1)
POST /session/b3c7df7ab7ae1f6f8b58d639a2441b72/element/df0639f9-1766-41e1-882e-e4695acf709c/value HTTP/1.1
User-Agent: selenium/4.7.1 (java windows)
Content-Length: 211
Content-Type: application/json; charset=utf-8
host: localhost:20988
accept: */*

Response DefaultHttpResponse(decodeResult: success, version: HTTP/1.1)
HTTP/1.1 200 OK
Content-Type: application/json; charset=utf-8
cache-control: no-cache
content-length: 14

00:51:47.972 [AsyncHttpClient-1-12] DEBUG org.asynchttpclient.netty.channel.ChannelManager - Adding key: http://localhost:20988 for channel [id: 0xcac841a2, L:/127.0.0.1:60213 - R:localhost/127.0.0.1:20988]
00:51:47.979 [Forwarding getCurrentWindowHandle on session b3c7df7ab7ae1f6f8b58d639a2441b72 to remote] DEBUG org.asynchttpclient.netty.request.NettyRequestSender - Using pooled Channel '[id: 0xcac841a2, L:/127.0.0.1:60213 - R:localhost/127.0.0.1:20988]' for 'GET' to 'http://localhost:20988/session/b3c7df7ab7ae1f6f8b58d639a2441b72/window'
00:51:47.979 [Forwarding getCurrentWindowHandle on session b3c7df7ab7ae1f6f8b58d639a2441b72 to remote] DEBUG org.asynchttpclient.netty.request.NettyRequestSender - Using open Channel [id: 0xcac841a2, L:/127.0.0.1:60213 - R:localhost/127.0.0.1:20988] for GET '/session/b3c7df7ab7ae1f6f8b58d639a2441b72/window'
00:51:47.979 [AsyncHttpClient-1-12] DEBUG org.asynchttpclient.netty.handler.HttpHandler - 

Request DefaultFullHttpRequest(decodeResult: success, version: HTTP/1.1, content: EmptyByteBufBE)
GET /session/b3c7df7ab7ae1f6f8b58d639a2441b72/window HTTP/1.1
User-Agent: selenium/4.7.1 (java windows)
Cache-Control: no-cache
Content-Type: application/json; charset=utf-8
host: localhost:20988
accept: */*

Response DefaultHttpResponse(decodeResult: success, version: HTTP/1.1)
HTTP/1.1 200 OK
Content-Type: application/json; charset=utf-8
cache-control: no-cache
content-length: 44

00:51:47.979 [AsyncHttpClient-1-12] DEBUG org.asynchttpclient.netty.channel.ChannelManager - Adding key: http://localhost:20988 for channel [id: 0xcac841a2, L:/127.0.0.1:60213 - R:localhost/127.0.0.1:20988]
00:51:47.980 [Forwarding getAlertText on session b3c7df7ab7ae1f6f8b58d639a2441b72 to remote] DEBUG org.asynchttpclient.netty.request.NettyRequestSender - Using pooled Channel '[id: 0xcac841a2, L:/127.0.0.1:60213 - R:localhost/127.0.0.1:20988]' for 'GET' to 'http://localhost:20988/session/b3c7df7ab7ae1f6f8b58d639a2441b72/alert/text'
00:51:47.980 [Forwarding getAlertText on session b3c7df7ab7ae1f6f8b58d639a2441b72 to remote] DEBUG org.asynchttpclient.netty.request.NettyRequestSender - Using open Channel [id: 0xcac841a2, L:/127.0.0.1:60213 - R:localhost/127.0.0.1:20988] for GET '/session/b3c7df7ab7ae1f6f8b58d639a2441b72/alert/text'
00:51:47.984 [AsyncHttpClient-1-12] DEBUG org.asynchttpclient.netty.handler.HttpHandler - 

Request DefaultFullHttpRequest(decodeResult: success, version: HTTP/1.1, content: EmptyByteBufBE)
GET /session/b3c7df7ab7ae1f6f8b58d639a2441b72/alert/text HTTP/1.1
User-Agent: selenium/4.7.1 (java windows)
Cache-Control: no-cache
Content-Type: application/json; charset=utf-8
host: localhost:20988
accept: */*

Response DefaultHttpResponse(decodeResult: success, version: HTTP/1.1)
HTTP/1.1 404 Not Found
Content-Type: application/json; charset=utf-8
cache-control: no-cache
content-length: 849

00:51:47.984 [AsyncHttpClient-1-12] DEBUG org.asynchttpclient.netty.channel.ChannelManager - Adding key: http://localhost:20988 for channel [id: 0xcac841a2, L:/127.0.0.1:60213 - R:localhost/127.0.0.1:20988]
00:51:47.986 [Forwarding switchToWindow on session b3c7df7ab7ae1f6f8b58d639a2441b72 to remote] DEBUG org.asynchttpclient.netty.request.NettyRequestSender - Using pooled Channel '[id: 0xcac841a2, L:/127.0.0.1:60213 - R:localhost/127.0.0.1:20988]' for 'POST' to 'http://localhost:20988/session/b3c7df7ab7ae1f6f8b58d639a2441b72/window'
00:51:47.986 [Forwarding switchToWindow on session b3c7df7ab7ae1f6f8b58d639a2441b72 to remote] DEBUG org.asynchttpclient.netty.request.NettyRequestSender - Using open Channel [id: 0xcac841a2, L:/127.0.0.1:60213 - R:localhost/127.0.0.1:20988] for POST '/session/b3c7df7ab7ae1f6f8b58d639a2441b72/window'
00:51:47.987 [AsyncHttpClient-1-12] DEBUG org.asynchttpclient.netty.handler.HttpHandler - 

Request DefaultHttpRequest(decodeResult: success, version: HTTP/1.1)
POST /session/b3c7df7ab7ae1f6f8b58d639a2441b72/window HTTP/1.1
User-Agent: selenium/4.7.1 (java windows)
Content-Length: 50
Content-Type: application/json; charset=utf-8
host: localhost:20988
accept: */*

Response DefaultHttpResponse(decodeResult: success, version: HTTP/1.1)
HTTP/1.1 200 OK
Content-Type: application/json; charset=utf-8
cache-control: no-cache
content-length: 14

00:51:47.987 [AsyncHttpClient-1-12] DEBUG org.asynchttpclient.netty.channel.ChannelManager - Adding key: http://localhost:20988 for channel [id: 0xcac841a2, L:/127.0.0.1:60213 - R:localhost/127.0.0.1:20988]
00:51:47.988 [Forwarding getCurrentUrl on session b3c7df7ab7ae1f6f8b58d639a2441b72 to remote] DEBUG org.asynchttpclient.netty.request.NettyRequestSender - Using pooled Channel '[id: 0xcac841a2, L:/127.0.0.1:60213 - R:localhost/127.0.0.1:20988]' for 'GET' to 'http://localhost:20988/session/b3c7df7ab7ae1f6f8b58d639a2441b72/url'
00:51:47.988 [Forwarding getCurrentUrl on session b3c7df7ab7ae1f6f8b58d639a2441b72 to remote] DEBUG org.asynchttpclient.netty.request.NettyRequestSender - Using open Channel [id: 0xcac841a2, L:/127.0.0.1:60213 - R:localhost/127.0.0.1:20988] for GET '/session/b3c7df7ab7ae1f6f8b58d639a2441b72/url'
00:51:47.991 [AsyncHttpClient-1-12] DEBUG org.asynchttpclient.netty.handler.HttpHandler - 

Request DefaultFullHttpRequest(decodeResult: success, version: HTTP/1.1, content: EmptyByteBufBE)
GET /session/b3c7df7ab7ae1f6f8b58d639a2441b72/url HTTP/1.1
User-Agent: selenium/4.7.1 (java windows)
Cache-Control: no-cache
Content-Type: application/json; charset=utf-8
host: localhost:20988
accept: */*

Response DefaultHttpResponse(decodeResult: success, version: HTTP/1.1)
HTTP/1.1 200 OK
Content-Type: application/json; charset=utf-8
cache-control: no-cache
content-length: 51

00:51:47.991 [AsyncHttpClient-1-12] DEBUG org.asynchttpclient.netty.channel.ChannelManager - Adding key: http://localhost:20988 for channel [id: 0xcac841a2, L:/127.0.0.1:60213 - R:localhost/127.0.0.1:20988]
00:51:47.991 [Forwarding screenshot on session b3c7df7ab7ae1f6f8b58d639a2441b72 to remote] DEBUG org.asynchttpclient.netty.request.NettyRequestSender - Using pooled Channel '[id: 0xcac841a2, L:/127.0.0.1:60213 - R:localhost/127.0.0.1:20988]' for 'GET' to 'http://localhost:20988/session/b3c7df7ab7ae1f6f8b58d639a2441b72/screenshot'
00:51:47.991 [Forwarding screenshot on session b3c7df7ab7ae1f6f8b58d639a2441b72 to remote] DEBUG org.asynchttpclient.netty.request.NettyRequestSender - Using open Channel [id: 0xcac841a2, L:/127.0.0.1:60213 - R:localhost/127.0.0.1:20988] for GET '/session/b3c7df7ab7ae1f6f8b58d639a2441b72/screenshot'
00:51:48.090 [AsyncHttpClient-1-12] DEBUG org.asynchttpclient.netty.handler.HttpHandler - 

Request DefaultFullHttpRequest(decodeResult: success, version: HTTP/1.1, content: EmptyByteBufBE)
GET /session/b3c7df7ab7ae1f6f8b58d639a2441b72/screenshot HTTP/1.1
User-Agent: selenium/4.7.1 (java windows)
Cache-Control: no-cache
Content-Type: application/json; charset=utf-8
host: localhost:20988
accept: */*

Response DefaultHttpResponse(decodeResult: success, version: HTTP/1.1)
HTTP/1.1 200 OK
Content-Type: application/json; charset=utf-8
cache-control: no-cache
content-length: 29852

00:51:48.090 [AsyncHttpClient-1-12] DEBUG org.asynchttpclient.netty.channel.ChannelManager - Adding key: http://localhost:20988 for channel [id: 0xcac841a2, L:/127.0.0.1:60213 - R:localhost/127.0.0.1:20988]
00:51:48.091 [main] DEBUG net.serenitybdd.core.photography.Darkroom - Send negative for processing for target\site\serenity\6c30689863113df1476fa6963dc6e2dc94f2c60a19ae4d04e7accc5818d63fc2.png
00:51:48.092 [main] DEBUG net.thucydides.core.steps.StepInterceptor - STEP DONE: inputEmail
00:51:48.092 [Darkroom Processing Line] DEBUG net.serenitybdd.core.photography.DarkroomProcessingLine - Processing screenshot image in /var/screenshots/screenshot-8486390733846338964
00:51:48.092 [Darkroom Processing Line] DEBUG net.serenitybdd.core.photography.DarkroomProcessingLine - Saving screenshot to target\site\serenity\6c30689863113df1476fa6963dc6e2dc94f2c60a19ae4d04e7accc5818d63fc2.png
00:51:48.095 [main] DEBUG net.thucydides.core.steps.StepInterceptor - STARTING STEP: TransaksiSteps.userBeradaDiHomepageAltaShopDanLoginAkun - inputPassword
00:51:48.097 [Forwarding findElement on session b3c7df7ab7ae1f6f8b58d639a2441b72 to remote] DEBUG org.asynchttpclient.netty.request.NettyRequestSender - Using pooled Channel '[id: 0xcac841a2, L:/127.0.0.1:60213 - R:localhost/127.0.0.1:20988]' for 'POST' to 'http://localhost:20988/session/b3c7df7ab7ae1f6f8b58d639a2441b72/element'
00:51:48.097 [Forwarding findElement on session b3c7df7ab7ae1f6f8b58d639a2441b72 to remote] DEBUG org.asynchttpclient.netty.request.NettyRequestSender - Using open Channel [id: 0xcac841a2, L:/127.0.0.1:60213 - R:localhost/127.0.0.1:20988] for POST '/session/b3c7df7ab7ae1f6f8b58d639a2441b72/element'
00:51:48.109 [AsyncHttpClient-1-12] DEBUG org.asynchttpclient.netty.handler.HttpHandler - 

Request DefaultHttpRequest(decodeResult: success, version: HTTP/1.1)
POST /session/b3c7df7ab7ae1f6f8b58d639a2441b72/element HTTP/1.1
User-Agent: selenium/4.7.1 (java windows)
Content-Length: 187
Content-Type: application/json; charset=utf-8
host: localhost:20988
accept: */*

Response DefaultHttpResponse(decodeResult: success, version: HTTP/1.1)
HTTP/1.1 200 OK
Content-Type: application/json; charset=utf-8
cache-control: no-cache
content-length: 88

00:51:48.109 [AsyncHttpClient-1-12] DEBUG org.asynchttpclient.netty.channel.ChannelManager - Adding key: http://localhost:20988 for channel [id: 0xcac841a2, L:/127.0.0.1:60213 - R:localhost/127.0.0.1:20988]
00:51:48.110 [Forwarding clearElement on session b3c7df7ab7ae1f6f8b58d639a2441b72 to remote] DEBUG org.asynchttpclient.netty.request.NettyRequestSender - Using pooled Channel '[id: 0xcac841a2, L:/127.0.0.1:60213 - R:localhost/127.0.0.1:20988]' for 'POST' to 'http://localhost:20988/session/b3c7df7ab7ae1f6f8b58d639a2441b72/element/866d52d9-ecb7-4639-a8b7-bcd549623b7f/clear'
00:51:48.110 [Forwarding clearElement on session b3c7df7ab7ae1f6f8b58d639a2441b72 to remote] DEBUG org.asynchttpclient.netty.request.NettyRequestSender - Using open Channel [id: 0xcac841a2, L:/127.0.0.1:60213 - R:localhost/127.0.0.1:20988] for POST '/session/b3c7df7ab7ae1f6f8b58d639a2441b72/element/866d52d9-ecb7-4639-a8b7-bcd549623b7f/clear'
00:51:48.143 [AsyncHttpClient-1-12] DEBUG org.asynchttpclient.netty.handler.HttpHandler - 

Request DefaultHttpRequest(decodeResult: success, version: HTTP/1.1)
POST /session/b3c7df7ab7ae1f6f8b58d639a2441b72/element/866d52d9-ecb7-4639-a8b7-bcd549623b7f/clear HTTP/1.1
User-Agent: selenium/4.7.1 (java windows)
Content-Length: 50
Content-Type: application/json; charset=utf-8
host: localhost:20988
accept: */*

Response DefaultHttpResponse(decodeResult: success, version: HTTP/1.1)
HTTP/1.1 200 OK
Content-Type: application/json; charset=utf-8
cache-control: no-cache
content-length: 14

00:51:48.143 [AsyncHttpClient-1-12] DEBUG org.asynchttpclient.netty.channel.ChannelManager - Adding key: http://localhost:20988 for channel [id: 0xcac841a2, L:/127.0.0.1:60213 - R:localhost/127.0.0.1:20988]
00:51:48.144 [Forwarding sendKeysToElement on session b3c7df7ab7ae1f6f8b58d639a2441b72 to remote] DEBUG org.asynchttpclient.netty.request.NettyRequestSender - Using pooled Channel '[id: 0xcac841a2, L:/127.0.0.1:60213 - R:localhost/127.0.0.1:20988]' for 'POST' to 'http://localhost:20988/session/b3c7df7ab7ae1f6f8b58d639a2441b72/element/866d52d9-ecb7-4639-a8b7-bcd549623b7f/value'
00:51:48.144 [Forwarding sendKeysToElement on session b3c7df7ab7ae1f6f8b58d639a2441b72 to remote] DEBUG org.asynchttpclient.netty.request.NettyRequestSender - Using open Channel [id: 0xcac841a2, L:/127.0.0.1:60213 - R:localhost/127.0.0.1:20988] for POST '/session/b3c7df7ab7ae1f6f8b58d639a2441b72/element/866d52d9-ecb7-4639-a8b7-bcd549623b7f/value'
00:51:48.201 [AsyncHttpClient-1-12] DEBUG org.asynchttpclient.netty.handler.HttpHandler - 

Request DefaultHttpRequest(decodeResult: success, version: HTTP/1.1)
POST /session/b3c7df7ab7ae1f6f8b58d639a2441b72/element/866d52d9-ecb7-4639-a8b7-bcd549623b7f/value HTTP/1.1
User-Agent: selenium/4.7.1 (java windows)
Content-Length: 111
Content-Type: application/json; charset=utf-8
host: localhost:20988
accept: */*

Response DefaultHttpResponse(decodeResult: success, version: HTTP/1.1)
HTTP/1.1 200 OK
Content-Type: application/json; charset=utf-8
cache-control: no-cache
content-length: 14

00:51:48.204 [AsyncHttpClient-1-12] DEBUG org.asynchttpclient.netty.channel.ChannelManager - Adding key: http://localhost:20988 for channel [id: 0xcac841a2, L:/127.0.0.1:60213 - R:localhost/127.0.0.1:20988]
00:51:48.210 [Forwarding getCurrentWindowHandle on session b3c7df7ab7ae1f6f8b58d639a2441b72 to remote] DEBUG org.asynchttpclient.netty.request.NettyRequestSender - Using pooled Channel '[id: 0xcac841a2, L:/127.0.0.1:60213 - R:localhost/127.0.0.1:20988]' for 'GET' to 'http://localhost:20988/session/b3c7df7ab7ae1f6f8b58d639a2441b72/window'
00:51:48.210 [Forwarding getCurrentWindowHandle on session b3c7df7ab7ae1f6f8b58d639a2441b72 to remote] DEBUG org.asynchttpclient.netty.request.NettyRequestSender - Using open Channel [id: 0xcac841a2, L:/127.0.0.1:60213 - R:localhost/127.0.0.1:20988] for GET '/session/b3c7df7ab7ae1f6f8b58d639a2441b72/window'
00:51:48.211 [AsyncHttpClient-1-12] DEBUG org.asynchttpclient.netty.handler.HttpHandler - 

Request DefaultFullHttpRequest(decodeResult: success, version: HTTP/1.1, content: EmptyByteBufBE)
GET /session/b3c7df7ab7ae1f6f8b58d639a2441b72/window HTTP/1.1
User-Agent: selenium/4.7.1 (java windows)
Cache-Control: no-cache
Content-Type: application/json; charset=utf-8
host: localhost:20988
accept: */*

Response DefaultHttpResponse(decodeResult: success, version: HTTP/1.1)
HTTP/1.1 200 OK
Content-Type: application/json; charset=utf-8
cache-control: no-cache
content-length: 44

00:51:48.211 [AsyncHttpClient-1-12] DEBUG org.asynchttpclient.netty.channel.ChannelManager - Adding key: http://localhost:20988 for channel [id: 0xcac841a2, L:/127.0.0.1:60213 - R:localhost/127.0.0.1:20988]
00:51:48.211 [Forwarding getAlertText on session b3c7df7ab7ae1f6f8b58d639a2441b72 to remote] DEBUG org.asynchttpclient.netty.request.NettyRequestSender - Using pooled Channel '[id: 0xcac841a2, L:/127.0.0.1:60213 - R:localhost/127.0.0.1:20988]' for 'GET' to 'http://localhost:20988/session/b3c7df7ab7ae1f6f8b58d639a2441b72/alert/text'
00:51:48.211 [Forwarding getAlertText on session b3c7df7ab7ae1f6f8b58d639a2441b72 to remote] DEBUG org.asynchttpclient.netty.request.NettyRequestSender - Using open Channel [id: 0xcac841a2, L:/127.0.0.1:60213 - R:localhost/127.0.0.1:20988] for GET '/session/b3c7df7ab7ae1f6f8b58d639a2441b72/alert/text'
00:51:48.213 [AsyncHttpClient-1-12] DEBUG org.asynchttpclient.netty.handler.HttpHandler - 

Request DefaultFullHttpRequest(decodeResult: success, version: HTTP/1.1, content: EmptyByteBufBE)
GET /session/b3c7df7ab7ae1f6f8b58d639a2441b72/alert/text HTTP/1.1
User-Agent: selenium/4.7.1 (java windows)
Cache-Control: no-cache
Content-Type: application/json; charset=utf-8
host: localhost:20988
accept: */*

Response DefaultHttpResponse(decodeResult: success, version: HTTP/1.1)
HTTP/1.1 404 Not Found
Content-Type: application/json; charset=utf-8
cache-control: no-cache
content-length: 849

00:51:48.213 [AsyncHttpClient-1-12] DEBUG org.asynchttpclient.netty.channel.ChannelManager - Adding key: http://localhost:20988 for channel [id: 0xcac841a2, L:/127.0.0.1:60213 - R:localhost/127.0.0.1:20988]
00:51:48.214 [Forwarding switchToWindow on session b3c7df7ab7ae1f6f8b58d639a2441b72 to remote] DEBUG org.asynchttpclient.netty.request.NettyRequestSender - Using pooled Channel '[id: 0xcac841a2, L:/127.0.0.1:60213 - R:localhost/127.0.0.1:20988]' for 'POST' to 'http://localhost:20988/session/b3c7df7ab7ae1f6f8b58d639a2441b72/window'
00:51:48.214 [Forwarding switchToWindow on session b3c7df7ab7ae1f6f8b58d639a2441b72 to remote] DEBUG org.asynchttpclient.netty.request.NettyRequestSender - Using open Channel [id: 0xcac841a2, L:/127.0.0.1:60213 - R:localhost/127.0.0.1:20988] for POST '/session/b3c7df7ab7ae1f6f8b58d639a2441b72/window'
00:51:48.217 [AsyncHttpClient-1-12] DEBUG org.asynchttpclient.netty.handler.HttpHandler - 

Request DefaultHttpRequest(decodeResult: success, version: HTTP/1.1)
POST /session/b3c7df7ab7ae1f6f8b58d639a2441b72/window HTTP/1.1
User-Agent: selenium/4.7.1 (java windows)
Content-Length: 50
Content-Type: application/json; charset=utf-8
host: localhost:20988
accept: */*

Response DefaultHttpResponse(decodeResult: success, version: HTTP/1.1)
HTTP/1.1 200 OK
Content-Type: application/json; charset=utf-8
cache-control: no-cache
content-length: 14

00:51:48.217 [AsyncHttpClient-1-12] DEBUG org.asynchttpclient.netty.channel.ChannelManager - Adding key: http://localhost:20988 for channel [id: 0xcac841a2, L:/127.0.0.1:60213 - R:localhost/127.0.0.1:20988]
00:51:48.217 [Forwarding getCurrentUrl on session b3c7df7ab7ae1f6f8b58d639a2441b72 to remote] DEBUG org.asynchttpclient.netty.request.NettyRequestSender - Using pooled Channel '[id: 0xcac841a2, L:/127.0.0.1:60213 - R:localhost/127.0.0.1:20988]' for 'GET' to 'http://localhost:20988/session/b3c7df7ab7ae1f6f8b58d639a2441b72/url'
00:51:48.217 [Forwarding getCurrentUrl on session b3c7df7ab7ae1f6f8b58d639a2441b72 to remote] DEBUG org.asynchttpclient.netty.request.NettyRequestSender - Using open Channel [id: 0xcac841a2, L:/127.0.0.1:60213 - R:localhost/127.0.0.1:20988] for GET '/session/b3c7df7ab7ae1f6f8b58d639a2441b72/url'
00:51:48.220 [AsyncHttpClient-1-12] DEBUG org.asynchttpclient.netty.handler.HttpHandler - 

Request DefaultFullHttpRequest(decodeResult: success, version: HTTP/1.1, content: EmptyByteBufBE)
GET /session/b3c7df7ab7ae1f6f8b58d639a2441b72/url HTTP/1.1
User-Agent: selenium/4.7.1 (java windows)
Cache-Control: no-cache
Content-Type: application/json; charset=utf-8
host: localhost:20988
accept: */*

Response DefaultHttpResponse(decodeResult: success, version: HTTP/1.1)
HTTP/1.1 200 OK
Content-Type: application/json; charset=utf-8
cache-control: no-cache
content-length: 51

00:51:48.221 [AsyncHttpClient-1-12] DEBUG org.asynchttpclient.netty.channel.ChannelManager - Adding key: http://localhost:20988 for channel [id: 0xcac841a2, L:/127.0.0.1:60213 - R:localhost/127.0.0.1:20988]
00:51:48.221 [Forwarding screenshot on session b3c7df7ab7ae1f6f8b58d639a2441b72 to remote] DEBUG org.asynchttpclient.netty.request.NettyRequestSender - Using pooled Channel '[id: 0xcac841a2, L:/127.0.0.1:60213 - R:localhost/127.0.0.1:20988]' for 'GET' to 'http://localhost:20988/session/b3c7df7ab7ae1f6f8b58d639a2441b72/screenshot'
00:51:48.221 [Forwarding screenshot on session b3c7df7ab7ae1f6f8b58d639a2441b72 to remote] DEBUG org.asynchttpclient.netty.request.NettyRequestSender - Using open Channel [id: 0xcac841a2, L:/127.0.0.1:60213 - R:localhost/127.0.0.1:20988] for GET '/session/b3c7df7ab7ae1f6f8b58d639a2441b72/screenshot'
00:51:48.324 [AsyncHttpClient-1-12] DEBUG org.asynchttpclient.netty.handler.HttpHandler - 

Request DefaultFullHttpRequest(decodeResult: success, version: HTTP/1.1, content: EmptyByteBufBE)
GET /session/b3c7df7ab7ae1f6f8b58d639a2441b72/screenshot HTTP/1.1
User-Agent: selenium/4.7.1 (java windows)
Cache-Control: no-cache
Content-Type: application/json; charset=utf-8
host: localhost:20988
accept: */*

Response DefaultHttpResponse(decodeResult: success, version: HTTP/1.1)
HTTP/1.1 200 OK
Content-Type: application/json; charset=utf-8
cache-control: no-cache
content-length: 29968

00:51:48.324 [AsyncHttpClient-1-12] DEBUG org.asynchttpclient.netty.channel.ChannelManager - Adding key: http://localhost:20988 for channel [id: 0xcac841a2, L:/127.0.0.1:60213 - R:localhost/127.0.0.1:20988]
00:51:48.325 [main] DEBUG net.serenitybdd.core.photography.Darkroom - Send negative for processing for target\site\serenity\e47a71f9457daf1662c628dab3e55576d60152162516b0f82d91630885e267a3.png
00:51:48.326 [main] DEBUG net.thucydides.core.steps.StepInterceptor - STEP DONE: inputPassword
00:51:48.326 [Darkroom Processing Line] DEBUG net.serenitybdd.core.photography.DarkroomProcessingLine - Processing screenshot image in /var/screenshots/screenshot-18056100150878230968
00:51:48.326 [Darkroom Processing Line] DEBUG net.serenitybdd.core.photography.DarkroomProcessingLine - Saving screenshot to target\site\serenity\e47a71f9457daf1662c628dab3e55576d60152162516b0f82d91630885e267a3.png
00:51:48.328 [main] DEBUG net.thucydides.core.steps.StepInterceptor - STARTING STEP: TransaksiSteps.userBeradaDiHomepageAltaShopDanLoginAkun - klikButtonLoginKedua
00:51:48.331 [Forwarding findElement on session b3c7df7ab7ae1f6f8b58d639a2441b72 to remote] DEBUG org.asynchttpclient.netty.request.NettyRequestSender - Using pooled Channel '[id: 0xcac841a2, L:/127.0.0.1:60213 - R:localhost/127.0.0.1:20988]' for 'POST' to 'http://localhost:20988/session/b3c7df7ab7ae1f6f8b58d639a2441b72/element'
00:51:48.331 [Forwarding findElement on session b3c7df7ab7ae1f6f8b58d639a2441b72 to remote] DEBUG org.asynchttpclient.netty.request.NettyRequestSender - Using open Channel [id: 0xcac841a2, L:/127.0.0.1:60213 - R:localhost/127.0.0.1:20988] for POST '/session/b3c7df7ab7ae1f6f8b58d639a2441b72/element'
00:51:48.343 [AsyncHttpClient-1-12] DEBUG org.asynchttpclient.netty.handler.HttpHandler - 

Request DefaultHttpRequest(decodeResult: success, version: HTTP/1.1)
POST /session/b3c7df7ab7ae1f6f8b58d639a2441b72/element HTTP/1.1
User-Agent: selenium/4.7.1 (java windows)
Content-Length: 141
Content-Type: application/json; charset=utf-8
host: localhost:20988
accept: */*

Response DefaultHttpResponse(decodeResult: success, version: HTTP/1.1)
HTTP/1.1 200 OK
Content-Type: application/json; charset=utf-8
cache-control: no-cache
content-length: 88

00:51:48.343 [AsyncHttpClient-1-12] DEBUG org.asynchttpclient.netty.channel.ChannelManager - Adding key: http://localhost:20988 for channel [id: 0xcac841a2, L:/127.0.0.1:60213 - R:localhost/127.0.0.1:20988]
00:51:48.344 [Forwarding getElementTagName on session b3c7df7ab7ae1f6f8b58d639a2441b72 to remote] DEBUG org.asynchttpclient.netty.request.NettyRequestSender - Using pooled Channel '[id: 0xcac841a2, L:/127.0.0.1:60213 - R:localhost/127.0.0.1:20988]' for 'GET' to 'http://localhost:20988/session/b3c7df7ab7ae1f6f8b58d639a2441b72/element/8b5404d4-f844-4e9d-8801-f83c3d3a9333/name'
00:51:48.344 [Forwarding getElementTagName on session b3c7df7ab7ae1f6f8b58d639a2441b72 to remote] DEBUG org.asynchttpclient.netty.request.NettyRequestSender - Using open Channel [id: 0xcac841a2, L:/127.0.0.1:60213 - R:localhost/127.0.0.1:20988] for GET '/session/b3c7df7ab7ae1f6f8b58d639a2441b72/element/8b5404d4-f844-4e9d-8801-f83c3d3a9333/name'
00:51:48.351 [AsyncHttpClient-1-12] DEBUG org.asynchttpclient.netty.handler.HttpHandler - 

Request DefaultFullHttpRequest(decodeResult: success, version: HTTP/1.1, content: EmptyByteBufBE)
GET /session/b3c7df7ab7ae1f6f8b58d639a2441b72/element/8b5404d4-f844-4e9d-8801-f83c3d3a9333/name HTTP/1.1
User-Agent: selenium/4.7.1 (java windows)
Cache-Control: no-cache
Content-Type: application/json; charset=utf-8
host: localhost:20988
accept: */*

Response DefaultHttpResponse(decodeResult: success, version: HTTP/1.1)
HTTP/1.1 200 OK
Content-Type: application/json; charset=utf-8
cache-control: no-cache
content-length: 18

00:51:48.351 [AsyncHttpClient-1-12] DEBUG org.asynchttpclient.netty.channel.ChannelManager - Adding key: http://localhost:20988 for channel [id: 0xcac841a2, L:/127.0.0.1:60213 - R:localhost/127.0.0.1:20988]
00:51:48.352 [Forwarding getElementTagName on session b3c7df7ab7ae1f6f8b58d639a2441b72 to remote] DEBUG org.asynchttpclient.netty.request.NettyRequestSender - Using pooled Channel '[id: 0xcac841a2, L:/127.0.0.1:60213 - R:localhost/127.0.0.1:20988]' for 'GET' to 'http://localhost:20988/session/b3c7df7ab7ae1f6f8b58d639a2441b72/element/8b5404d4-f844-4e9d-8801-f83c3d3a9333/name'
00:51:48.352 [Forwarding getElementTagName on session b3c7df7ab7ae1f6f8b58d639a2441b72 to remote] DEBUG org.asynchttpclient.netty.request.NettyRequestSender - Using open Channel [id: 0xcac841a2, L:/127.0.0.1:60213 - R:localhost/127.0.0.1:20988] for GET '/session/b3c7df7ab7ae1f6f8b58d639a2441b72/element/8b5404d4-f844-4e9d-8801-f83c3d3a9333/name'
00:51:48.355 [AsyncHttpClient-1-12] DEBUG org.asynchttpclient.netty.handler.HttpHandler - 

Request DefaultFullHttpRequest(decodeResult: success, version: HTTP/1.1, content: EmptyByteBufBE)
GET /session/b3c7df7ab7ae1f6f8b58d639a2441b72/element/8b5404d4-f844-4e9d-8801-f83c3d3a9333/name HTTP/1.1
User-Agent: selenium/4.7.1 (java windows)
Cache-Control: no-cache
Content-Type: application/json; charset=utf-8
host: localhost:20988
accept: */*

Response DefaultHttpResponse(decodeResult: success, version: HTTP/1.1)
HTTP/1.1 200 OK
Content-Type: application/json; charset=utf-8
cache-control: no-cache
content-length: 18

00:51:48.355 [AsyncHttpClient-1-12] DEBUG org.asynchttpclient.netty.channel.ChannelManager - Adding key: http://localhost:20988 for channel [id: 0xcac841a2, L:/127.0.0.1:60213 - R:localhost/127.0.0.1:20988]
00:51:48.356 [Forwarding isElementEnabled on session b3c7df7ab7ae1f6f8b58d639a2441b72 to remote] DEBUG org.asynchttpclient.netty.request.NettyRequestSender - Using pooled Channel '[id: 0xcac841a2, L:/127.0.0.1:60213 - R:localhost/127.0.0.1:20988]' for 'GET' to 'http://localhost:20988/session/b3c7df7ab7ae1f6f8b58d639a2441b72/element/8b5404d4-f844-4e9d-8801-f83c3d3a9333/enabled'
00:51:48.356 [Forwarding isElementEnabled on session b3c7df7ab7ae1f6f8b58d639a2441b72 to remote] DEBUG org.asynchttpclient.netty.request.NettyRequestSender - Using open Channel [id: 0xcac841a2, L:/127.0.0.1:60213 - R:localhost/127.0.0.1:20988] for GET '/session/b3c7df7ab7ae1f6f8b58d639a2441b72/element/8b5404d4-f844-4e9d-8801-f83c3d3a9333/enabled'
00:51:48.364 [AsyncHttpClient-1-12] DEBUG org.asynchttpclient.netty.handler.HttpHandler - 

Request DefaultFullHttpRequest(decodeResult: success, version: HTTP/1.1, content: EmptyByteBufBE)
GET /session/b3c7df7ab7ae1f6f8b58d639a2441b72/element/8b5404d4-f844-4e9d-8801-f83c3d3a9333/enabled HTTP/1.1
User-Agent: selenium/4.7.1 (java windows)
Cache-Control: no-cache
Content-Type: application/json; charset=utf-8
host: localhost:20988
accept: */*

Response DefaultHttpResponse(decodeResult: success, version: HTTP/1.1)
HTTP/1.1 200 OK
Content-Type: application/json; charset=utf-8
cache-control: no-cache
content-length: 14

00:51:48.364 [AsyncHttpClient-1-12] DEBUG org.asynchttpclient.netty.channel.ChannelManager - Adding key: http://localhost:20988 for channel [id: 0xcac841a2, L:/127.0.0.1:60213 - R:localhost/127.0.0.1:20988]
00:51:48.365 [Forwarding isElementEnabled on session b3c7df7ab7ae1f6f8b58d639a2441b72 to remote] DEBUG org.asynchttpclient.netty.request.NettyRequestSender - Using pooled Channel '[id: 0xcac841a2, L:/127.0.0.1:60213 - R:localhost/127.0.0.1:20988]' for 'GET' to 'http://localhost:20988/session/b3c7df7ab7ae1f6f8b58d639a2441b72/element/8b5404d4-f844-4e9d-8801-f83c3d3a9333/enabled'
00:51:48.365 [Forwarding isElementEnabled on session b3c7df7ab7ae1f6f8b58d639a2441b72 to remote] DEBUG org.asynchttpclient.netty.request.NettyRequestSender - Using open Channel [id: 0xcac841a2, L:/127.0.0.1:60213 - R:localhost/127.0.0.1:20988] for GET '/session/b3c7df7ab7ae1f6f8b58d639a2441b72/element/8b5404d4-f844-4e9d-8801-f83c3d3a9333/enabled'
00:51:48.374 [AsyncHttpClient-1-12] DEBUG org.asynchttpclient.netty.handler.HttpHandler - 

Request DefaultFullHttpRequest(decodeResult: success, version: HTTP/1.1, content: EmptyByteBufBE)
GET /session/b3c7df7ab7ae1f6f8b58d639a2441b72/element/8b5404d4-f844-4e9d-8801-f83c3d3a9333/enabled HTTP/1.1
User-Agent: selenium/4.7.1 (java windows)
Cache-Control: no-cache
Content-Type: application/json; charset=utf-8
host: localhost:20988
accept: */*

Response DefaultHttpResponse(decodeResult: success, version: HTTP/1.1)
HTTP/1.1 200 OK
Content-Type: application/json; charset=utf-8
cache-control: no-cache
content-length: 14

00:51:48.374 [AsyncHttpClient-1-12] DEBUG org.asynchttpclient.netty.channel.ChannelManager - Adding key: http://localhost:20988 for channel [id: 0xcac841a2, L:/127.0.0.1:60213 - R:localhost/127.0.0.1:20988]
00:51:48.375 [Forwarding findElement on session b3c7df7ab7ae1f6f8b58d639a2441b72 to remote] DEBUG org.asynchttpclient.netty.request.NettyRequestSender - Using pooled Channel '[id: 0xcac841a2, L:/127.0.0.1:60213 - R:localhost/127.0.0.1:20988]' for 'POST' to 'http://localhost:20988/session/b3c7df7ab7ae1f6f8b58d639a2441b72/element'
00:51:48.375 [Forwarding findElement on session b3c7df7ab7ae1f6f8b58d639a2441b72 to remote] DEBUG org.asynchttpclient.netty.request.NettyRequestSender - Using open Channel [id: 0xcac841a2, L:/127.0.0.1:60213 - R:localhost/127.0.0.1:20988] for POST '/session/b3c7df7ab7ae1f6f8b58d639a2441b72/element'
00:51:48.385 [AsyncHttpClient-1-12] DEBUG org.asynchttpclient.netty.handler.HttpHandler - 

Request DefaultHttpRequest(decodeResult: success, version: HTTP/1.1)
POST /session/b3c7df7ab7ae1f6f8b58d639a2441b72/element HTTP/1.1
User-Agent: selenium/4.7.1 (java windows)
Content-Length: 141
Content-Type: application/json; charset=utf-8
host: localhost:20988
accept: */*

Response DefaultHttpResponse(decodeResult: success, version: HTTP/1.1)
HTTP/1.1 200 OK
Content-Type: application/json; charset=utf-8
cache-control: no-cache
content-length: 88

00:51:48.385 [AsyncHttpClient-1-12] DEBUG org.asynchttpclient.netty.channel.ChannelManager - Adding key: http://localhost:20988 for channel [id: 0xcac841a2, L:/127.0.0.1:60213 - R:localhost/127.0.0.1:20988]
00:51:48.386 [Forwarding clickElement on session b3c7df7ab7ae1f6f8b58d639a2441b72 to remote] DEBUG org.asynchttpclient.netty.request.NettyRequestSender - Using pooled Channel '[id: 0xcac841a2, L:/127.0.0.1:60213 - R:localhost/127.0.0.1:20988]' for 'POST' to 'http://localhost:20988/session/b3c7df7ab7ae1f6f8b58d639a2441b72/element/8b5404d4-f844-4e9d-8801-f83c3d3a9333/click'
00:51:48.386 [Forwarding clickElement on session b3c7df7ab7ae1f6f8b58d639a2441b72 to remote] DEBUG org.asynchttpclient.netty.request.NettyRequestSender - Using open Channel [id: 0xcac841a2, L:/127.0.0.1:60213 - R:localhost/127.0.0.1:20988] for POST '/session/b3c7df7ab7ae1f6f8b58d639a2441b72/element/8b5404d4-f844-4e9d-8801-f83c3d3a9333/click'
00:51:48.441 [AsyncHttpClient-1-12] DEBUG org.asynchttpclient.netty.handler.HttpHandler - 

Request DefaultHttpRequest(decodeResult: success, version: HTTP/1.1)
POST /session/b3c7df7ab7ae1f6f8b58d639a2441b72/element/8b5404d4-f844-4e9d-8801-f83c3d3a9333/click HTTP/1.1
User-Agent: selenium/4.7.1 (java windows)
Content-Length: 50
Content-Type: application/json; charset=utf-8
host: localhost:20988
accept: */*

Response DefaultHttpResponse(decodeResult: success, version: HTTP/1.1)
HTTP/1.1 200 OK
Content-Type: application/json; charset=utf-8
cache-control: no-cache
content-length: 14

00:51:48.442 [AsyncHttpClient-1-12] DEBUG org.asynchttpclient.netty.channel.ChannelManager - Adding key: http://localhost:20988 for channel [id: 0xcac841a2, L:/127.0.0.1:60213 - R:localhost/127.0.0.1:20988]
00:51:48.449 [Forwarding getCurrentWindowHandle on session b3c7df7ab7ae1f6f8b58d639a2441b72 to remote] DEBUG org.asynchttpclient.netty.request.NettyRequestSender - Using pooled Channel '[id: 0xcac841a2, L:/127.0.0.1:60213 - R:localhost/127.0.0.1:20988]' for 'GET' to 'http://localhost:20988/session/b3c7df7ab7ae1f6f8b58d639a2441b72/window'
00:51:48.449 [Forwarding getCurrentWindowHandle on session b3c7df7ab7ae1f6f8b58d639a2441b72 to remote] DEBUG org.asynchttpclient.netty.request.NettyRequestSender - Using open Channel [id: 0xcac841a2, L:/127.0.0.1:60213 - R:localhost/127.0.0.1:20988] for GET '/session/b3c7df7ab7ae1f6f8b58d639a2441b72/window'
00:51:48.450 [AsyncHttpClient-1-12] DEBUG org.asynchttpclient.netty.handler.HttpHandler - 

Request DefaultFullHttpRequest(decodeResult: success, version: HTTP/1.1, content: EmptyByteBufBE)
GET /session/b3c7df7ab7ae1f6f8b58d639a2441b72/window HTTP/1.1
User-Agent: selenium/4.7.1 (java windows)
Cache-Control: no-cache
Content-Type: application/json; charset=utf-8
host: localhost:20988
accept: */*

Response DefaultHttpResponse(decodeResult: success, version: HTTP/1.1)
HTTP/1.1 200 OK
Content-Type: application/json; charset=utf-8
cache-control: no-cache
content-length: 44

00:51:48.450 [AsyncHttpClient-1-12] DEBUG org.asynchttpclient.netty.channel.ChannelManager - Adding key: http://localhost:20988 for channel [id: 0xcac841a2, L:/127.0.0.1:60213 - R:localhost/127.0.0.1:20988]
00:51:48.452 [Forwarding getAlertText on session b3c7df7ab7ae1f6f8b58d639a2441b72 to remote] DEBUG org.asynchttpclient.netty.request.NettyRequestSender - Using pooled Channel '[id: 0xcac841a2, L:/127.0.0.1:60213 - R:localhost/127.0.0.1:20988]' for 'GET' to 'http://localhost:20988/session/b3c7df7ab7ae1f6f8b58d639a2441b72/alert/text'
00:51:48.452 [Forwarding getAlertText on session b3c7df7ab7ae1f6f8b58d639a2441b72 to remote] DEBUG org.asynchttpclient.netty.request.NettyRequestSender - Using open Channel [id: 0xcac841a2, L:/127.0.0.1:60213 - R:localhost/127.0.0.1:20988] for GET '/session/b3c7df7ab7ae1f6f8b58d639a2441b72/alert/text'
00:51:48.454 [AsyncHttpClient-1-12] DEBUG org.asynchttpclient.netty.handler.HttpHandler - 

Request DefaultFullHttpRequest(decodeResult: success, version: HTTP/1.1, content: EmptyByteBufBE)
GET /session/b3c7df7ab7ae1f6f8b58d639a2441b72/alert/text HTTP/1.1
User-Agent: selenium/4.7.1 (java windows)
Cache-Control: no-cache
Content-Type: application/json; charset=utf-8
host: localhost:20988
accept: */*

Response DefaultHttpResponse(decodeResult: success, version: HTTP/1.1)
HTTP/1.1 404 Not Found
Content-Type: application/json; charset=utf-8
cache-control: no-cache
content-length: 849

00:51:48.455 [AsyncHttpClient-1-12] DEBUG org.asynchttpclient.netty.channel.ChannelManager - Adding key: http://localhost:20988 for channel [id: 0xcac841a2, L:/127.0.0.1:60213 - R:localhost/127.0.0.1:20988]
00:51:48.456 [Forwarding switchToWindow on session b3c7df7ab7ae1f6f8b58d639a2441b72 to remote] DEBUG org.asynchttpclient.netty.request.NettyRequestSender - Using pooled Channel '[id: 0xcac841a2, L:/127.0.0.1:60213 - R:localhost/127.0.0.1:20988]' for 'POST' to 'http://localhost:20988/session/b3c7df7ab7ae1f6f8b58d639a2441b72/window'
00:51:48.456 [Forwarding switchToWindow on session b3c7df7ab7ae1f6f8b58d639a2441b72 to remote] DEBUG org.asynchttpclient.netty.request.NettyRequestSender - Using open Channel [id: 0xcac841a2, L:/127.0.0.1:60213 - R:localhost/127.0.0.1:20988] for POST '/session/b3c7df7ab7ae1f6f8b58d639a2441b72/window'
00:51:48.459 [AsyncHttpClient-1-12] DEBUG org.asynchttpclient.netty.handler.HttpHandler - 

Request DefaultHttpRequest(decodeResult: success, version: HTTP/1.1)
POST /session/b3c7df7ab7ae1f6f8b58d639a2441b72/window HTTP/1.1
User-Agent: selenium/4.7.1 (java windows)
Content-Length: 50
Content-Type: application/json; charset=utf-8
host: localhost:20988
accept: */*

Response DefaultHttpResponse(decodeResult: success, version: HTTP/1.1)
HTTP/1.1 200 OK
Content-Type: application/json; charset=utf-8
cache-control: no-cache
content-length: 14

00:51:48.459 [AsyncHttpClient-1-12] DEBUG org.asynchttpclient.netty.channel.ChannelManager - Adding key: http://localhost:20988 for channel [id: 0xcac841a2, L:/127.0.0.1:60213 - R:localhost/127.0.0.1:20988]
00:51:48.459 [Forwarding getCurrentUrl on session b3c7df7ab7ae1f6f8b58d639a2441b72 to remote] DEBUG org.asynchttpclient.netty.request.NettyRequestSender - Using pooled Channel '[id: 0xcac841a2, L:/127.0.0.1:60213 - R:localhost/127.0.0.1:20988]' for 'GET' to 'http://localhost:20988/session/b3c7df7ab7ae1f6f8b58d639a2441b72/url'
00:51:48.459 [Forwarding getCurrentUrl on session b3c7df7ab7ae1f6f8b58d639a2441b72 to remote] DEBUG org.asynchttpclient.netty.request.NettyRequestSender - Using open Channel [id: 0xcac841a2, L:/127.0.0.1:60213 - R:localhost/127.0.0.1:20988] for GET '/session/b3c7df7ab7ae1f6f8b58d639a2441b72/url'
00:51:48.463 [AsyncHttpClient-1-12] DEBUG org.asynchttpclient.netty.handler.HttpHandler - 

Request DefaultFullHttpRequest(decodeResult: success, version: HTTP/1.1, content: EmptyByteBufBE)
GET /session/b3c7df7ab7ae1f6f8b58d639a2441b72/url HTTP/1.1
User-Agent: selenium/4.7.1 (java windows)
Cache-Control: no-cache
Content-Type: application/json; charset=utf-8
host: localhost:20988
accept: */*

Response DefaultHttpResponse(decodeResult: success, version: HTTP/1.1)
HTTP/1.1 200 OK
Content-Type: application/json; charset=utf-8
cache-control: no-cache
content-length: 51

00:51:48.464 [AsyncHttpClient-1-12] DEBUG org.asynchttpclient.netty.channel.ChannelManager - Adding key: http://localhost:20988 for channel [id: 0xcac841a2, L:/127.0.0.1:60213 - R:localhost/127.0.0.1:20988]
00:51:48.464 [Forwarding screenshot on session b3c7df7ab7ae1f6f8b58d639a2441b72 to remote] DEBUG org.asynchttpclient.netty.request.NettyRequestSender - Using pooled Channel '[id: 0xcac841a2, L:/127.0.0.1:60213 - R:localhost/127.0.0.1:20988]' for 'GET' to 'http://localhost:20988/session/b3c7df7ab7ae1f6f8b58d639a2441b72/screenshot'
00:51:48.464 [Forwarding screenshot on session b3c7df7ab7ae1f6f8b58d639a2441b72 to remote] DEBUG org.asynchttpclient.netty.request.NettyRequestSender - Using open Channel [id: 0xcac841a2, L:/127.0.0.1:60213 - R:localhost/127.0.0.1:20988] for GET '/session/b3c7df7ab7ae1f6f8b58d639a2441b72/screenshot'
00:51:48.576 [AsyncHttpClient-1-12] DEBUG org.asynchttpclient.netty.handler.HttpHandler - 

Request DefaultFullHttpRequest(decodeResult: success, version: HTTP/1.1, content: EmptyByteBufBE)
GET /session/b3c7df7ab7ae1f6f8b58d639a2441b72/screenshot HTTP/1.1
User-Agent: selenium/4.7.1 (java windows)
Cache-Control: no-cache
Content-Type: application/json; charset=utf-8
host: localhost:20988
accept: */*

Response DefaultHttpResponse(decodeResult: success, version: HTTP/1.1)
HTTP/1.1 200 OK
Content-Type: application/json; charset=utf-8
cache-control: no-cache
content-length: 29548

00:51:48.576 [AsyncHttpClient-1-12] DEBUG org.asynchttpclient.netty.channel.ChannelManager - Adding key: http://localhost:20988 for channel [id: 0xcac841a2, L:/127.0.0.1:60213 - R:localhost/127.0.0.1:20988]
00:51:48.578 [main] DEBUG net.serenitybdd.core.photography.Darkroom - Send negative for processing for target\site\serenity\348172a9ffff3dc692a10443152b9c0edcaee5484781efa197a7cf3af8a8b518.png
00:51:48.578 [main] DEBUG net.thucydides.core.steps.StepInterceptor - STEP DONE: klikButtonLoginKedua
00:51:48.578 [Darkroom Processing Line] DEBUG net.serenitybdd.core.photography.DarkroomProcessingLine - Processing screenshot image in /var/screenshots/screenshot-16132597901002216797
00:51:48.578 [Darkroom Processing Line] DEBUG net.serenitybdd.core.photography.DarkroomProcessingLine - Saving screenshot to target\site\serenity\348172a9ffff3dc692a10443152b9c0edcaee5484781efa197a7cf3af8a8b518.png
  &amp#27;[32mGiven &amp#27;[0m&amp#27;[32muser berada di Homepage AltaShop dan login akun&amp#27;[0m                   &amp#27;[90m# starter.stepdefinitions.TransaksiSteps.userBeradaDiHomepageAltaShopDanLoginAkun()&amp#27;[0m
00:51:48.592 [main] DEBUG net.thucydides.core.steps.StepInterceptor - STARTING STEP: TransaksiSteps.userKlikBeliPadaProdukYangDiinginkan - diHomepageKembali
00:51:48.594 [Forwarding findElement on session b3c7df7ab7ae1f6f8b58d639a2441b72 to remote] DEBUG org.asynchttpclient.netty.request.NettyRequestSender - Using pooled Channel '[id: 0xcac841a2, L:/127.0.0.1:60213 - R:localhost/127.0.0.1:20988]' for 'POST' to 'http://localhost:20988/session/b3c7df7ab7ae1f6f8b58d639a2441b72/element'
00:51:48.594 [Forwarding findElement on session b3c7df7ab7ae1f6f8b58d639a2441b72 to remote] DEBUG org.asynchttpclient.netty.request.NettyRequestSender - Using open Channel [id: 0xcac841a2, L:/127.0.0.1:60213 - R:localhost/127.0.0.1:20988] for POST '/session/b3c7df7ab7ae1f6f8b58d639a2441b72/element'
00:51:48.930 [AsyncHttpClient-1-1] DEBUG org.asynchttpclient.netty.channel.DefaultChannelPool - Entry count for : http://localhost:60214 : 1
00:51:50.029 [AsyncHttpClient-1-1] DEBUG org.asynchttpclient.netty.channel.DefaultChannelPool - Entry count for : http://localhost:60214 : 1
00:51:50.672 [AsyncHttpClient-1-12] DEBUG org.asynchttpclient.netty.handler.HttpHandler - 

Request DefaultHttpRequest(decodeResult: success, version: HTTP/1.1)
POST /session/b3c7df7ab7ae1f6f8b58d639a2441b72/element HTTP/1.1
User-Agent: selenium/4.7.1 (java windows)
Content-Length: 194
Content-Type: application/json; charset=utf-8
host: localhost:20988
accept: */*

Response DefaultHttpResponse(decodeResult: success, version: HTTP/1.1)
HTTP/1.1 404 Not Found
Content-Type: application/json; charset=utf-8
cache-control: no-cache
content-length: 1031

00:51:50.673 [AsyncHttpClient-1-12] DEBUG org.asynchttpclient.netty.channel.ChannelManager - Adding key: http://localhost:20988 for channel [id: 0xcac841a2, L:/127.0.0.1:60213 - R:localhost/127.0.0.1:20988]
00:51:50.677 [Forwarding getCurrentWindowHandle on session b3c7df7ab7ae1f6f8b58d639a2441b72 to remote] DEBUG org.asynchttpclient.netty.request.NettyRequestSender - Using pooled Channel '[id: 0xcac841a2, L:/127.0.0.1:60213 - R:localhost/127.0.0.1:20988]' for 'GET' to 'http://localhost:20988/session/b3c7df7ab7ae1f6f8b58d639a2441b72/window'
00:51:50.677 [Forwarding getCurrentWindowHandle on session b3c7df7ab7ae1f6f8b58d639a2441b72 to remote] DEBUG org.asynchttpclient.netty.request.NettyRequestSender - Using open Channel [id: 0xcac841a2, L:/127.0.0.1:60213 - R:localhost/127.0.0.1:20988] for GET '/session/b3c7df7ab7ae1f6f8b58d639a2441b72/window'
00:51:50.678 [AsyncHttpClient-1-12] DEBUG org.asynchttpclient.netty.handler.HttpHandler - 

Request DefaultFullHttpRequest(decodeResult: success, version: HTTP/1.1, content: EmptyByteBufBE)
GET /session/b3c7df7ab7ae1f6f8b58d639a2441b72/window HTTP/1.1
User-Agent: selenium/4.7.1 (java windows)
Cache-Control: no-cache
Content-Type: application/json; charset=utf-8
host: localhost:20988
accept: */*

Response DefaultHttpResponse(decodeResult: success, version: HTTP/1.1)
HTTP/1.1 200 OK
Content-Type: application/json; charset=utf-8
cache-control: no-cache
content-length: 44

00:51:50.678 [AsyncHttpClient-1-12] DEBUG org.asynchttpclient.netty.channel.ChannelManager - Adding key: http://localhost:20988 for channel [id: 0xcac841a2, L:/127.0.0.1:60213 - R:localhost/127.0.0.1:20988]
00:51:50.679 [Forwarding getAlertText on session b3c7df7ab7ae1f6f8b58d639a2441b72 to remote] DEBUG org.asynchttpclient.netty.request.NettyRequestSender - Using pooled Channel '[id: 0xcac841a2, L:/127.0.0.1:60213 - R:localhost/127.0.0.1:20988]' for 'GET' to 'http://localhost:20988/session/b3c7df7ab7ae1f6f8b58d639a2441b72/alert/text'
00:51:50.680 [Forwarding getAlertText on session b3c7df7ab7ae1f6f8b58d639a2441b72 to remote] DEBUG org.asynchttpclient.netty.request.NettyRequestSender - Using open Channel [id: 0xcac841a2, L:/127.0.0.1:60213 - R:localhost/127.0.0.1:20988] for GET '/session/b3c7df7ab7ae1f6f8b58d639a2441b72/alert/text'
00:51:50.681 [AsyncHttpClient-1-12] DEBUG org.asynchttpclient.netty.handler.HttpHandler - 

Request DefaultFullHttpRequest(decodeResult: success, version: HTTP/1.1, content: EmptyByteBufBE)
GET /session/b3c7df7ab7ae1f6f8b58d639a2441b72/alert/text HTTP/1.1
User-Agent: selenium/4.7.1 (java windows)
Cache-Control: no-cache
Content-Type: application/json; charset=utf-8
host: localhost:20988
accept: */*

Response DefaultHttpResponse(decodeResult: success, version: HTTP/1.1)
HTTP/1.1 404 Not Found
Content-Type: application/json; charset=utf-8
cache-control: no-cache
content-length: 849

00:51:50.682 [AsyncHttpClient-1-12] DEBUG org.asynchttpclient.netty.channel.ChannelManager - Adding key: http://localhost:20988 for channel [id: 0xcac841a2, L:/127.0.0.1:60213 - R:localhost/127.0.0.1:20988]
00:51:50.684 [Forwarding switchToWindow on session b3c7df7ab7ae1f6f8b58d639a2441b72 to remote] DEBUG org.asynchttpclient.netty.request.NettyRequestSender - Using pooled Channel '[id: 0xcac841a2, L:/127.0.0.1:60213 - R:localhost/127.0.0.1:20988]' for 'POST' to 'http://localhost:20988/session/b3c7df7ab7ae1f6f8b58d639a2441b72/window'
00:51:50.684 [Forwarding switchToWindow on session b3c7df7ab7ae1f6f8b58d639a2441b72 to remote] DEBUG org.asynchttpclient.netty.request.NettyRequestSender - Using open Channel [id: 0xcac841a2, L:/127.0.0.1:60213 - R:localhost/127.0.0.1:20988] for POST '/session/b3c7df7ab7ae1f6f8b58d639a2441b72/window'
00:51:50.686 [AsyncHttpClient-1-12] DEBUG org.asynchttpclient.netty.handler.HttpHandler - 

Request DefaultHttpRequest(decodeResult: success, version: HTTP/1.1)
POST /session/b3c7df7ab7ae1f6f8b58d639a2441b72/window HTTP/1.1
User-Agent: selenium/4.7.1 (java windows)
Content-Length: 50
Content-Type: application/json; charset=utf-8
host: localhost:20988
accept: */*

Response DefaultHttpResponse(decodeResult: success, version: HTTP/1.1)
HTTP/1.1 200 OK
Content-Type: application/json; charset=utf-8
cache-control: no-cache
content-length: 14

00:51:50.686 [AsyncHttpClient-1-12] DEBUG org.asynchttpclient.netty.channel.ChannelManager - Adding key: http://localhost:20988 for channel [id: 0xcac841a2, L:/127.0.0.1:60213 - R:localhost/127.0.0.1:20988]
00:51:50.686 [Forwarding getCurrentUrl on session b3c7df7ab7ae1f6f8b58d639a2441b72 to remote] DEBUG org.asynchttpclient.netty.request.NettyRequestSender - Using pooled Channel '[id: 0xcac841a2, L:/127.0.0.1:60213 - R:localhost/127.0.0.1:20988]' for 'GET' to 'http://localhost:20988/session/b3c7df7ab7ae1f6f8b58d639a2441b72/url'
00:51:50.686 [Forwarding getCurrentUrl on session b3c7df7ab7ae1f6f8b58d639a2441b72 to remote] DEBUG org.asynchttpclient.netty.request.NettyRequestSender - Using open Channel [id: 0xcac841a2, L:/127.0.0.1:60213 - R:localhost/127.0.0.1:20988] for GET '/session/b3c7df7ab7ae1f6f8b58d639a2441b72/url'
00:51:50.691 [AsyncHttpClient-1-12] DEBUG org.asynchttpclient.netty.handler.HttpHandler - 

Request DefaultFullHttpRequest(decodeResult: success, version: HTTP/1.1, content: EmptyByteBufBE)
GET /session/b3c7df7ab7ae1f6f8b58d639a2441b72/url HTTP/1.1
User-Agent: selenium/4.7.1 (java windows)
Cache-Control: no-cache
Content-Type: application/json; charset=utf-8
host: localhost:20988
accept: */*

Response DefaultHttpResponse(decodeResult: success, version: HTTP/1.1)
HTTP/1.1 200 OK
Content-Type: application/json; charset=utf-8
cache-control: no-cache
content-length: 41

00:51:50.691 [AsyncHttpClient-1-12] DEBUG org.asynchttpclient.netty.channel.ChannelManager - Adding key: http://localhost:20988 for channel [id: 0xcac841a2, L:/127.0.0.1:60213 - R:localhost/127.0.0.1:20988]
00:51:50.691 [Forwarding screenshot on session b3c7df7ab7ae1f6f8b58d639a2441b72 to remote] DEBUG org.asynchttpclient.netty.request.NettyRequestSender - Using pooled Channel '[id: 0xcac841a2, L:/127.0.0.1:60213 - R:localhost/127.0.0.1:20988]' for 'GET' to 'http://localhost:20988/session/b3c7df7ab7ae1f6f8b58d639a2441b72/screenshot'
00:51:50.691 [Forwarding screenshot on session b3c7df7ab7ae1f6f8b58d639a2441b72 to remote] DEBUG org.asynchttpclient.netty.request.NettyRequestSender - Using open Channel [id: 0xcac841a2, L:/127.0.0.1:60213 - R:localhost/127.0.0.1:20988] for GET '/session/b3c7df7ab7ae1f6f8b58d639a2441b72/screenshot'
00:51:50.779 [AsyncHttpClient-1-12] DEBUG org.asynchttpclient.netty.handler.HttpHandler - 

Request DefaultFullHttpRequest(decodeResult: success, version: HTTP/1.1, content: EmptyByteBufBE)
GET /session/b3c7df7ab7ae1f6f8b58d639a2441b72/screenshot HTTP/1.1
User-Agent: selenium/4.7.1 (java windows)
Cache-Control: no-cache
Content-Type: application/json; charset=utf-8
host: localhost:20988
accept: */*

Response DefaultHttpResponse(decodeResult: success, version: HTTP/1.1)
HTTP/1.1 200 OK
Content-Type: application/json; charset=utf-8
cache-control: no-cache
content-length: 27524

00:51:50.780 [AsyncHttpClient-1-12] DEBUG org.asynchttpclient.netty.channel.ChannelManager - Adding key: http://localhost:20988 for channel [id: 0xcac841a2, L:/127.0.0.1:60213 - R:localhost/127.0.0.1:20988]
00:51:50.781 [main] DEBUG net.serenitybdd.core.photography.Darkroom - Send negative for processing for target\site\serenity\51447f85531d2b54c4a3c96777f5fc36fdd9e83d11f97e70cc6aae58844dd441.png
00:51:50.781 [Darkroom Processing Line] DEBUG net.serenitybdd.core.photography.DarkroomProcessingLine - Processing screenshot image in /var/screenshots/screenshot-9565518959172478926
00:51:50.782 [Darkroom Processing Line] DEBUG net.serenitybdd.core.photography.DarkroomProcessingLine - Saving screenshot to target\site\serenity\51447f85531d2b54c4a3c96777f5fc36fdd9e83d11f97e70cc6aae58844dd441.png
00:51:50.782 [Forwarding getPageSource on session b3c7df7ab7ae1f6f8b58d639a2441b72 to remote] DEBUG org.asynchttpclient.netty.request.NettyRequestSender - Using pooled Channel '[id: 0xcac841a2, L:/127.0.0.1:60213 - R:localhost/127.0.0.1:20988]' for 'POST' to 'http://localhost:20988/session/b3c7df7ab7ae1f6f8b58d639a2441b72/execute/sync'
00:51:50.782 [Forwarding getPageSource on session b3c7df7ab7ae1f6f8b58d639a2441b72 to remote] DEBUG org.asynchttpclient.netty.request.NettyRequestSender - Using open Channel [id: 0xcac841a2, L:/127.0.0.1:60213 - R:localhost/127.0.0.1:20988] for POST '/session/b3c7df7ab7ae1f6f8b58d639a2441b72/execute/sync'
00:51:50.791 [AsyncHttpClient-1-12] DEBUG org.asynchttpclient.netty.handler.HttpHandler - 

Request DefaultHttpRequest(decodeResult: success, version: HTTP/1.1)
POST /session/b3c7df7ab7ae1f6f8b58d639a2441b72/execute/sync HTTP/1.1
User-Agent: selenium/4.7.1 (java windows)
Content-Length: 176
Content-Type: application/json; charset=utf-8
host: localhost:20988
accept: */*

Response DefaultHttpResponse(decodeResult: success, version: HTTP/1.1)
HTTP/1.1 200 OK
Content-Type: application/json; charset=utf-8
cache-control: no-cache
content-length: 28804

00:51:50.791 [AsyncHttpClient-1-12] DEBUG org.asynchttpclient.netty.channel.ChannelManager - Adding key: http://localhost:20988 for channel [id: 0xcac841a2, L:/127.0.0.1:60213 - R:localhost/127.0.0.1:20988]
00:51:50.796 [Forwarding getCurrentUrl on session b3c7df7ab7ae1f6f8b58d639a2441b72 to remote] DEBUG org.asynchttpclient.netty.request.NettyRequestSender - Using pooled Channel '[id: 0xcac841a2, L:/127.0.0.1:60213 - R:localhost/127.0.0.1:20988]' for 'GET' to 'http://localhost:20988/session/b3c7df7ab7ae1f6f8b58d639a2441b72/url'
00:51:50.796 [Forwarding getCurrentUrl on session b3c7df7ab7ae1f6f8b58d639a2441b72 to remote] DEBUG org.asynchttpclient.netty.request.NettyRequestSender - Using open Channel [id: 0xcac841a2, L:/127.0.0.1:60213 - R:localhost/127.0.0.1:20988] for GET '/session/b3c7df7ab7ae1f6f8b58d639a2441b72/url'
00:51:50.801 [AsyncHttpClient-1-12] DEBUG org.asynchttpclient.netty.handler.HttpHandler - 

Request DefaultFullHttpRequest(decodeResult: success, version: HTTP/1.1, content: EmptyByteBufBE)
GET /session/b3c7df7ab7ae1f6f8b58d639a2441b72/url HTTP/1.1
User-Agent: selenium/4.7.1 (java windows)
Cache-Control: no-cache
Content-Type: application/json; charset=utf-8
host: localhost:20988
accept: */*

Response DefaultHttpResponse(decodeResult: success, version: HTTP/1.1)
HTTP/1.1 200 OK
Content-Type: application/json; charset=utf-8
cache-control: no-cache
content-length: 41

00:51:50.801 [AsyncHttpClient-1-12] DEBUG org.asynchttpclient.netty.channel.ChannelManager - Adding key: http://localhost:20988 for channel [id: 0xcac841a2, L:/127.0.0.1:60213 - R:localhost/127.0.0.1:20988]
  &amp#27;[31mWhen &amp#27;[0m&amp#27;[31muser berada di homepage lalu klik beli pada produk yang diinginkan&amp#27;[0m &amp#27;[90m# starter.stepdefinitions.TransaksiSteps.userKlikBeliPadaProdukYangDiinginkan()&amp#27;[0m
      &amp#27;[31mjava.lang.AssertionError: Element should be visible
	at net.serenitybdd.core.pages.WebElementFacadeImpl.failWithMessage(WebElementFacadeImpl.java:980)
	at net.serenitybdd.core.pages.WebElementFacadeImpl.shouldBeVisible(WebElementFacadeImpl.java:433)
	at alta@1.0-SNAPSHOT/starter.pages.TransaksiPage.diHomepageKembali(TransaksiPage.java:89)
	at alta@1.0-SNAPSHOT/starter.pages.TransaksiPage$ByteBuddy$KzBXg9vu.diHomepageKembali$accessor$joKRyGfv(Unknown Source)
	at java.base/jdk.internal.reflect.DirectMethodHandleAccessor.invoke(DirectMethodHandleAccessor.java:104)
	at java.base/java.lang.reflect.Method.invoke(Method.java:578)
	at net.thucydides.core.steps.StepInterceptor.invokeMethod(StepInterceptor.java:503)
	at net.thucydides.core.steps.StepInterceptor.executeTestStepMethod(StepInterceptor.java:483)
	at net.thucydides.core.steps.StepInterceptor.runTestStep(StepInterceptor.java:457)
	at net.thucydides.core.steps.StepInterceptor.runOrSkipMethod(StepInterceptor.java:209)
	at net.thucydides.core.steps.StepInterceptor.testStepResult(StepInterceptor.java:196)
	at net.thucydides.core.steps.StepInterceptor.intercept(StepInterceptor.java:84)
	at net.thucydides.core.steps.ProxyConfiguration$InterceptorDispatcher.intercept(ProxyConfiguration.java:51)
	at alta@1.0-SNAPSHOT/starter.pages.TransaksiPage$ByteBuddy$KzBXg9vu.diHomepageKembali(Unknown Source)
	at alta@1.0-SNAPSHOT/starter.stepdefinitions.TransaksiSteps.userKlikBeliPadaProdukYangDiinginkan(TransaksiSteps.java:23)
	at ✽.user berada di homepage lalu klik beli pada produk yang diinginkan(file:///C:/Users/HP/Downloads/Mini-Project-QA/ALTASHOP%20WEB%20AUTOMATION/src/test/resources/features/3.%20Transaksi.feature:30)
&amp#27;[0m
  &amp#27;[36mAnd &amp#27;[0m&amp#27;[36mmuncul notif pada cart&amp#27;[0m                                              &amp#27;[90m# starter.stepdefinitions.TransaksiSteps.munculNotifPadaCart()&amp#27;[0m
  &amp#27;[36mAnd &amp#27;[0m&amp#27;[36muser klik cart&amp#27;[0m                                                      &amp#27;[90m# starter.stepdefinitions.TransaksiSteps.userKlikCart()&amp#27;[0m
  &amp#27;[36mThen &amp#27;[0m&amp#27;[36muser klik tombol tambah&amp#27;[0m                                            &amp#27;[90m# starter.stepdefinitions.TransaksiSteps.userKlikTombolTambah()&amp#27;[0m
00:51:50.858 [main] ERROR  - 
  _____   ___   ___   _____     ___     _     ___   _      ___   ___  
 |_   _| | __| / __| |_   _|   | __|   /_\   |_ _| | |    | __| |   \ 
   | |   | _|  \__ \   | |     | _|   / _ \   | |  | |__  | _|  | |) |
   |_|   |___| |___/   |_|     |_|   /_/ \_\ |___| |____| |___| |___/ 

user bisa Mengubah Jumlah Produk pada Keranjang Belanja
-----------------------------------------------------------------------
00:51:50.858 [main] DEBUG  - RELATED ISSUES: 
00:51:50.858 [main] ERROR  -     Test failed at step: Di homepage kembali
00:51:50.859 [main] ERROR  -     Element should be visible
00:51:50.862 [AsyncHttpClient-1-14] DEBUG org.asynchttpclient.netty.handler.WebSocketHandler - Channel Closed: [id: 0x0ad06228, L:/127.0.0.1:60221 ! R:localhost/127.0.0.1:60214] with attribute NettyResponseFuture{currentRetry=0,
	isDone=1,
	isCancelled=0,
	asyncHandler=org.asynchttpclient.ws.WebSocketUpgradeHandler@6f2bad8,
	nettyRequest=org.asynchttpclient.netty.request.NettyRequest@403e7790,
	future=java.util.concurrent.CompletableFuture@33a9081f[Completed normally],
	uri=ws://localhost:60214/devtools/browser/6638655b-1711-4201-bfd5-a17a11feb480,
	keepAlive=true,
	redirectCount=0,
	timeoutsHolder=null,
	inAuth=0,
	touch=1683654702749}
00:51:50.862 [AsyncHttpClient-1-14] DEBUG org.asynchttpclient.netty.channel.ChannelManager - Closing Channel [id: 0x0ad06228, L:/127.0.0.1:60221 ! R:localhost/127.0.0.1:60214] 
00:51:50.862 [Driver Command Executor] DEBUG org.asynchttpclient.netty.request.NettyRequestSender - Using pooled Channel '[id: 0xcac841a2, L:/127.0.0.1:60213 - R:localhost/127.0.0.1:20988]' for 'DELETE' to 'http://localhost:20988/session/b3c7df7ab7ae1f6f8b58d639a2441b72'
00:51:50.862 [Driver Command Executor] DEBUG org.asynchttpclient.netty.request.NettyRequestSender - Using open Channel [id: 0xcac841a2, L:/127.0.0.1:60213 - R:localhost/127.0.0.1:20988] for DELETE '/session/b3c7df7ab7ae1f6f8b58d639a2441b72'
00:51:50.949 [AsyncHttpClient-1-13] DEBUG org.asynchttpclient.netty.handler.HttpHandler - Unexpected I/O exception on channel [id: 0x3ae0eaa4, L:/127.0.0.1:60220 - R:localhost/127.0.0.1:60214]
java.net.SocketException: Connection reset
	at java.base/sun.nio.ch.SocketChannelImpl.throwConnectionReset(SocketChannelImpl.java:401)
	at java.base/sun.nio.ch.SocketChannelImpl.read(SocketChannelImpl.java:434)
	at io.netty.buffer.PooledByteBuf.setBytes(PooledByteBuf.java:259)
	at io.netty.buffer.AbstractByteBuf.writeBytes(AbstractByteBuf.java:1132)
	at io.netty.channel.socket.nio.NioSocketChannel.doReadBytes(NioSocketChannel.java:357)
	at io.netty.channel.nio.AbstractNioByteChannel$NioByteUnsafe.read(AbstractNioByteChannel.java:151)
	at io.netty.channel.nio.NioEventLoop.processSelectedKey(NioEventLoop.java:788)
	at io.netty.channel.nio.NioEventLoop.processSelectedKeysOptimized(NioEventLoop.java:724)
	at io.netty.channel.nio.NioEventLoop.processSelectedKeys(NioEventLoop.java:650)
	at io.netty.channel.nio.NioEventLoop.run(NioEventLoop.java:562)
	at io.netty.util.concurrent.SingleThreadEventExecutor$4.run(SingleThreadEventExecutor.java:997)
	at io.netty.util.internal.ThreadExecutorMap$2.run(ThreadExecutorMap.java:74)
	at io.netty.util.concurrent.FastThreadLocalRunnable.run(FastThreadLocalRunnable.java:30)
	at java.base/java.lang.Thread.run(Thread.java:1589)
00:51:50.950 [AsyncHttpClient-1-13] DEBUG org.asynchttpclient.netty.channel.ChannelManager - Closing Channel [id: 0x3ae0eaa4, L:/127.0.0.1:60220 - R:localhost/127.0.0.1:60214] 
00:51:50.950 [AsyncHttpClient-1-13] DEBUG org.asynchttpclient.netty.handler.HttpHandler - Channel Closed: [id: 0x3ae0eaa4, L:/127.0.0.1:60220 ! R:localhost/127.0.0.1:60214] with attribute DISCARD
00:51:50.991 [AsyncHttpClient-1-12] DEBUG org.asynchttpclient.netty.handler.HttpHandler - 

Request DefaultFullHttpRequest(decodeResult: success, version: HTTP/1.1, content: EmptyByteBufBE)
DELETE /session/b3c7df7ab7ae1f6f8b58d639a2441b72 HTTP/1.1
User-Agent: selenium/4.7.1 (java windows)
Content-Type: application/json; charset=utf-8
host: localhost:20988
accept: */*

Response DefaultHttpResponse(decodeResult: success, version: HTTP/1.1)
HTTP/1.1 200 OK
Content-Type: application/json; charset=utf-8
cache-control: no-cache
content-length: 14

00:51:50.992 [AsyncHttpClient-1-12] DEBUG org.asynchttpclient.netty.channel.ChannelManager - Adding key: http://localhost:20988 for channel [id: 0xcac841a2, L:/127.0.0.1:60213 - R:localhost/127.0.0.1:20988]
00:51:51.070 [AsyncHttpClient-1-12] DEBUG org.asynchttpclient.netty.handler.HttpHandler - Channel Closed: [id: 0xcac841a2, L:/127.0.0.1:60213 ! R:localhost/127.0.0.1:20988] with attribute DISCARD
00:51:51.128 [AsyncHttpClient-1-1] DEBUG org.asynchttpclient.netty.channel.DefaultChannelPool - Entry count for : http://localhost:20988 : 1
00:51:51.128 [AsyncHttpClient-1-1] DEBUG org.asynchttpclient.netty.channel.DefaultChannelPool - Entry count for : http://localhost:60214 : 1
00:51:51.128 [AsyncHttpClient-1-1] DEBUG org.asynchttpclient.netty.channel.DefaultChannelPool - Adding Candidate expired Channel [id: 0xcac841a2, L:/127.0.0.1:60213 ! R:localhost/127.0.0.1:20988] isIdleTimeoutExpired=false isRemotelyClosed=true isTtlExpired=false
00:51:51.128 [AsyncHttpClient-1-1] DEBUG org.asynchttpclient.netty.channel.DefaultChannelPool - Closing Idle Channel [id: 0xcac841a2, L:/127.0.0.1:60213 ! R:localhost/127.0.0.1:20988]
00:51:51.128 [AsyncHttpClient-1-1] DEBUG org.asynchttpclient.netty.channel.DefaultChannelPool - Adding Candidate expired Channel [id: 0x3ae0eaa4, L:/127.0.0.1:60220 ! R:localhost/127.0.0.1:60214] isIdleTimeoutExpired=false isRemotelyClosed=true isTtlExpired=false
00:51:51.128 [AsyncHttpClient-1-1] DEBUG org.asynchttpclient.netty.channel.DefaultChannelPool - Closing Idle Channel [id: 0x3ae0eaa4, L:/127.0.0.1:60220 ! R:localhost/127.0.0.1:60214]
00:51:51.128 [AsyncHttpClient-1-1] DEBUG org.asynchttpclient.netty.channel.DefaultChannelPool - Closed 2 connections out of 2 in 0 ms
]]></system-out>
    <system-err><![CDATA[Starting ChromeDriver 112.0.5615.49 (bd2a7bcb881c11e8cfe3078709382934e3916914-refs/branch-heads/5615@{#936}) on port 20988
Only local connections are allowed.
Please see https://chromedriver.chromium.org/security-considerations for suggestions on keeping ChromeDriver safe.
ChromeDriver was started successfully.
May 10, 2023 12:51:42 AM org.openqa.selenium.devtools.CdpVersionFinder findNearestMatch
WARNING: Unable to find an exact match for CDP version 112, so returning the closest version found: 108
]]></system-err>
  </testcase>
  <testcase name="user bisa menghapus produk dari keranjang belanja" classname="Transaksi" time="11.319">
    <failure type="java.lang.AssertionError"><![CDATA[java.lang.AssertionError: Element should be visible
]]></failure>
    <system-out><![CDATA[
@AS19-positive
Scenario: user bisa menghapus produk dari keranjang belanja               &amp#27;[90m# src/test/resources/features/3. Transaksi.feature:36&amp#27;[0m
00:51:51.151 [main] INFO io.cucumber.core.plugin.SerenityReporter - Running feature from file:///C:/Users/HP/Downloads/Mini-Project-QA/ALTASHOP%20WEB%20AUTOMATION/src/test/resources/features/3.%20Transaksi.feature
00:51:51.154 [main] INFO  - 
  _____   ___   ___   _____     ___   _____     _     ___   _____   ___   ___  
 |_   _| | __| / __| |_   _|   / __| |_   _|   /_\   | _ \ |_   _| | __| |   \ 
   | |   | _|  \__ \   | |     \__ \   | |    / _ \  |   /   | |   | _|  | |) |
   |_|   |___| |___/   |_|     |___/   |_|   /_/ \_\ |_|_\   |_|   |___| |___/ 

user bisa menghapus produk dari keranjang belanja(transaksi;user-bisa-menghapus-produk-dari-keranjang-belanja)
--------------------------------------------------------------------------------
00:51:51.171 [main] DEBUG net.thucydides.core.steps.StepInterceptor - STARTING STEP: TransaksiSteps.userBeradaDiHomepageAltaShopDanLoginAkun - diHomepageAltaShop
00:51:51.258 [main] INFO net.serenitybdd.core.webdriver.driverproviders.ChromeDriverProvider - Starting Chrome driver instance with capabilities:
00:51:51.258 [main] INFO net.serenitybdd.core.webdriver.driverproviders.ChromeDriverProvider - Capabilities {acceptInsecureCerts: true, browserName: chrome, goog:chromeOptions: {args: [remote-allow-origins=*, test-type, no-sandbox, ignore-certificate-errors, start-maximized, incognito, disable-infobars, disable-gpu, disable-default-apps, disable-popup-blocking, remote-allow-origins=*, test-type, no-sandbox, ignore-certificate-errors, start-maximized, incognito, disable-infobars, disable-gpu, disable-default-apps, disable-popup-blocking], extensions: []}}
00:51:51.367 [AsyncHttpClient-1-15] DEBUG org.asynchttpclient.netty.channel.NettyConnectListener - Using new Channel '[id: 0x7b4c9655, L:/127.0.0.1:60241 - R:localhost/127.0.0.1:34017]' for 'POST' to '/session'
00:51:52.147 [AsyncHttpClient-1-15] DEBUG org.asynchttpclient.netty.handler.HttpHandler - 

Request DefaultHttpRequest(decodeResult: success, version: HTTP/1.1)
POST /session HTTP/1.1
User-Agent: selenium/4.7.1 (java windows)
Content-Length: 1629
Content-Type: application/json; charset=utf-8
host: localhost:34017
accept: */*

Response DefaultHttpResponse(decodeResult: success, version: HTTP/1.1)
HTTP/1.1 200 OK
Content-Type: application/json; charset=utf-8
cache-control: no-cache
content-length: 855

00:51:52.148 [AsyncHttpClient-1-15] DEBUG org.asynchttpclient.netty.channel.ChannelManager - Adding key: http://localhost:34017 for channel [id: 0x7b4c9655, L:/127.0.0.1:60241 - R:localhost/127.0.0.1:34017]
00:51:52.172 [AsyncHttpClient-1-16] DEBUG org.asynchttpclient.netty.channel.NettyConnectListener - Using new Channel '[id: 0x292762fa, L:/127.0.0.1:60247 - R:localhost/127.0.0.1:60242]' for 'GET' to '/json/version'
00:51:52.174 [AsyncHttpClient-1-16] DEBUG org.asynchttpclient.netty.handler.HttpHandler - 

Request DefaultFullHttpRequest(decodeResult: success, version: HTTP/1.1, content: EmptyByteBufBE)
GET /json/version HTTP/1.1
User-Agent: selenium/4.7.1 (java windows)
host: localhost:60242
accept: */*

Response DefaultHttpResponse(decodeResult: success, version: HTTP/1.1)
HTTP/1.1 200 OK
Content-Security-Policy: frame-ancestors 'none'
Content-Type: application/json; charset=UTF-8
content-length: 424

00:51:52.174 [AsyncHttpClient-1-16] DEBUG org.asynchttpclient.netty.channel.ChannelManager - Adding key: http://localhost:60242 for channel [id: 0x292762fa, L:/127.0.0.1:60247 - R:localhost/127.0.0.1:60242]
00:51:52.178 [AsyncHttpClient-1-17] DEBUG org.asynchttpclient.netty.channel.NettyConnectListener - Using new Channel '[id: 0x55ea511d, L:/127.0.0.1:60248 - R:localhost/127.0.0.1:60242]' for 'GET' to '/devtools/browser/9177755e-bc47-4360-a178-bc1950676bd0'
00:51:52.181 [AsyncHttpClient-1-17] DEBUG org.asynchttpclient.netty.handler.WebSocketHandler - 

Request DefaultFullHttpRequest(decodeResult: success, version: HTTP/1.1, content: EmptyByteBufBE)
GET /devtools/browser/9177755e-bc47-4360-a178-bc1950676bd0 HTTP/1.1
upgrade: websocket
connection: upgrade
sec-websocket-key: +88yH1TUWf0angL4vRYg2A==
sec-websocket-version: 13
origin: http://localhost:60242
host: localhost:60242
accept: */*
user-agent: AHC/2.1

Response DefaultHttpResponse(decodeResult: success, version: HTTP/1.1)
HTTP/1.1 101 WebSocket Protocol Handshake
Upgrade: WebSocket
Connection: Upgrade
Sec-WebSocket-Accept: AQg8oAgRe78Mat5QB1pgl8Fu8mM=

00:51:52.197 [Forwarding get on session d7deef2d203bb7575fe8d270318e6beb to remote] DEBUG org.asynchttpclient.netty.request.NettyRequestSender - Using pooled Channel '[id: 0x7b4c9655, L:/127.0.0.1:60241 - R:localhost/127.0.0.1:34017]' for 'POST' to 'http://localhost:34017/session/d7deef2d203bb7575fe8d270318e6beb/url'
00:51:52.198 [Forwarding get on session d7deef2d203bb7575fe8d270318e6beb to remote] DEBUG org.asynchttpclient.netty.request.NettyRequestSender - Using open Channel [id: 0x7b4c9655, L:/127.0.0.1:60241 - R:localhost/127.0.0.1:34017] for POST '/session/d7deef2d203bb7575fe8d270318e6beb/url'
00:51:52.244 [AsyncHttpClient-1-1] DEBUG org.asynchttpclient.netty.channel.DefaultChannelPool - Entry count for : http://localhost:60242 : 1
00:51:53.329 [AsyncHttpClient-1-1] DEBUG org.asynchttpclient.netty.channel.DefaultChannelPool - Entry count for : http://localhost:60242 : 1
00:51:54.429 [AsyncHttpClient-1-1] DEBUG org.asynchttpclient.netty.channel.DefaultChannelPool - Entry count for : http://localhost:60242 : 1
00:51:54.632 [AsyncHttpClient-1-15] DEBUG org.asynchttpclient.netty.handler.HttpHandler - 

Request DefaultHttpRequest(decodeResult: success, version: HTTP/1.1)
POST /session/d7deef2d203bb7575fe8d270318e6beb/url HTTP/1.1
User-Agent: selenium/4.7.1 (java windows)
Content-Length: 59
Content-Type: application/json; charset=utf-8
host: localhost:34017
accept: */*

Response DefaultHttpResponse(decodeResult: success, version: HTTP/1.1)
HTTP/1.1 200 OK
Content-Type: application/json; charset=utf-8
cache-control: no-cache
content-length: 14

00:51:54.633 [AsyncHttpClient-1-15] DEBUG org.asynchttpclient.netty.channel.ChannelManager - Adding key: http://localhost:34017 for channel [id: 0x7b4c9655, L:/127.0.0.1:60241 - R:localhost/127.0.0.1:34017]
00:51:54.634 [Forwarding setTimeout on session d7deef2d203bb7575fe8d270318e6beb to remote] DEBUG org.asynchttpclient.netty.request.NettyRequestSender - Using pooled Channel '[id: 0x7b4c9655, L:/127.0.0.1:60241 - R:localhost/127.0.0.1:34017]' for 'POST' to 'http://localhost:34017/session/d7deef2d203bb7575fe8d270318e6beb/timeouts'
00:51:54.634 [Forwarding setTimeout on session d7deef2d203bb7575fe8d270318e6beb to remote] DEBUG org.asynchttpclient.netty.request.NettyRequestSender - Using open Channel [id: 0x7b4c9655, L:/127.0.0.1:60241 - R:localhost/127.0.0.1:34017] for POST '/session/d7deef2d203bb7575fe8d270318e6beb/timeouts'
00:51:54.636 [AsyncHttpClient-1-15] DEBUG org.asynchttpclient.netty.handler.HttpHandler - 

Request DefaultHttpRequest(decodeResult: success, version: HTTP/1.1)
POST /session/d7deef2d203bb7575fe8d270318e6beb/timeouts HTTP/1.1
User-Agent: selenium/4.7.1 (java windows)
Content-Length: 22
Content-Type: application/json; charset=utf-8
host: localhost:34017
accept: */*

Response DefaultHttpResponse(decodeResult: success, version: HTTP/1.1)
HTTP/1.1 200 OK
Content-Type: application/json; charset=utf-8
cache-control: no-cache
content-length: 14

00:51:54.636 [AsyncHttpClient-1-15] DEBUG org.asynchttpclient.netty.channel.ChannelManager - Adding key: http://localhost:34017 for channel [id: 0x7b4c9655, L:/127.0.0.1:60241 - R:localhost/127.0.0.1:34017]
00:51:54.639 [Forwarding getCurrentUrl on session d7deef2d203bb7575fe8d270318e6beb to remote] DEBUG org.asynchttpclient.netty.request.NettyRequestSender - Using pooled Channel '[id: 0x7b4c9655, L:/127.0.0.1:60241 - R:localhost/127.0.0.1:34017]' for 'GET' to 'http://localhost:34017/session/d7deef2d203bb7575fe8d270318e6beb/url'
00:51:54.639 [Forwarding getCurrentUrl on session d7deef2d203bb7575fe8d270318e6beb to remote] DEBUG org.asynchttpclient.netty.request.NettyRequestSender - Using open Channel [id: 0x7b4c9655, L:/127.0.0.1:60241 - R:localhost/127.0.0.1:34017] for GET '/session/d7deef2d203bb7575fe8d270318e6beb/url'
00:51:54.646 [AsyncHttpClient-1-15] DEBUG org.asynchttpclient.netty.handler.HttpHandler - 

Request DefaultFullHttpRequest(decodeResult: success, version: HTTP/1.1, content: EmptyByteBufBE)
GET /session/d7deef2d203bb7575fe8d270318e6beb/url HTTP/1.1
User-Agent: selenium/4.7.1 (java windows)
Cache-Control: no-cache
Content-Type: application/json; charset=utf-8
host: localhost:34017
accept: */*

Response DefaultHttpResponse(decodeResult: success, version: HTTP/1.1)
HTTP/1.1 200 OK
Content-Type: application/json; charset=utf-8
cache-control: no-cache
content-length: 41

00:51:54.646 [AsyncHttpClient-1-15] DEBUG org.asynchttpclient.netty.channel.ChannelManager - Adding key: http://localhost:34017 for channel [id: 0x7b4c9655, L:/127.0.0.1:60241 - R:localhost/127.0.0.1:34017]
00:51:54.649 [Forwarding getCurrentUrl on session d7deef2d203bb7575fe8d270318e6beb to remote] DEBUG org.asynchttpclient.netty.request.NettyRequestSender - Using pooled Channel '[id: 0x7b4c9655, L:/127.0.0.1:60241 - R:localhost/127.0.0.1:34017]' for 'GET' to 'http://localhost:34017/session/d7deef2d203bb7575fe8d270318e6beb/url'
00:51:54.649 [Forwarding getCurrentUrl on session d7deef2d203bb7575fe8d270318e6beb to remote] DEBUG org.asynchttpclient.netty.request.NettyRequestSender - Using open Channel [id: 0x7b4c9655, L:/127.0.0.1:60241 - R:localhost/127.0.0.1:34017] for GET '/session/d7deef2d203bb7575fe8d270318e6beb/url'
00:51:54.654 [AsyncHttpClient-1-15] DEBUG org.asynchttpclient.netty.handler.HttpHandler - 

Request DefaultFullHttpRequest(decodeResult: success, version: HTTP/1.1, content: EmptyByteBufBE)
GET /session/d7deef2d203bb7575fe8d270318e6beb/url HTTP/1.1
User-Agent: selenium/4.7.1 (java windows)
Cache-Control: no-cache
Content-Type: application/json; charset=utf-8
host: localhost:34017
accept: */*

Response DefaultHttpResponse(decodeResult: success, version: HTTP/1.1)
HTTP/1.1 200 OK
Content-Type: application/json; charset=utf-8
cache-control: no-cache
content-length: 41

00:51:54.654 [AsyncHttpClient-1-15] DEBUG org.asynchttpclient.netty.channel.ChannelManager - Adding key: http://localhost:34017 for channel [id: 0x7b4c9655, L:/127.0.0.1:60241 - R:localhost/127.0.0.1:34017]
00:51:54.658 [Forwarding findElement on session d7deef2d203bb7575fe8d270318e6beb to remote] DEBUG org.asynchttpclient.netty.request.NettyRequestSender - Using pooled Channel '[id: 0x7b4c9655, L:/127.0.0.1:60241 - R:localhost/127.0.0.1:34017]' for 'POST' to 'http://localhost:34017/session/d7deef2d203bb7575fe8d270318e6beb/element'
00:51:54.658 [Forwarding findElement on session d7deef2d203bb7575fe8d270318e6beb to remote] DEBUG org.asynchttpclient.netty.request.NettyRequestSender - Using open Channel [id: 0x7b4c9655, L:/127.0.0.1:60241 - R:localhost/127.0.0.1:34017] for POST '/session/d7deef2d203bb7575fe8d270318e6beb/element'
00:51:54.673 [AsyncHttpClient-1-15] DEBUG org.asynchttpclient.netty.handler.HttpHandler - 

Request DefaultHttpRequest(decodeResult: success, version: HTTP/1.1)
POST /session/d7deef2d203bb7575fe8d270318e6beb/element HTTP/1.1
User-Agent: selenium/4.7.1 (java windows)
Content-Length: 108
Content-Type: application/json; charset=utf-8
host: localhost:34017
accept: */*

Response DefaultHttpResponse(decodeResult: success, version: HTTP/1.1)
HTTP/1.1 200 OK
Content-Type: application/json; charset=utf-8
cache-control: no-cache
content-length: 88

00:51:54.673 [AsyncHttpClient-1-15] DEBUG org.asynchttpclient.netty.channel.ChannelManager - Adding key: http://localhost:34017 for channel [id: 0x7b4c9655, L:/127.0.0.1:60241 - R:localhost/127.0.0.1:34017]
00:51:54.677 [Forwarding isElementDisplayed on session d7deef2d203bb7575fe8d270318e6beb to remote] DEBUG org.asynchttpclient.netty.request.NettyRequestSender - Using pooled Channel '[id: 0x7b4c9655, L:/127.0.0.1:60241 - R:localhost/127.0.0.1:34017]' for 'POST' to 'http://localhost:34017/session/d7deef2d203bb7575fe8d270318e6beb/execute/sync'
00:51:54.677 [Forwarding isElementDisplayed on session d7deef2d203bb7575fe8d270318e6beb to remote] DEBUG org.asynchttpclient.netty.request.NettyRequestSender - Using open Channel [id: 0x7b4c9655, L:/127.0.0.1:60241 - R:localhost/127.0.0.1:34017] for POST '/session/d7deef2d203bb7575fe8d270318e6beb/execute/sync'
00:51:54.697 [AsyncHttpClient-1-15] DEBUG org.asynchttpclient.netty.handler.HttpHandler - 

Request DefaultHttpRequest(decodeResult: success, version: HTTP/1.1)
POST /session/d7deef2d203bb7575fe8d270318e6beb/execute/sync HTTP/1.1
User-Agent: selenium/4.7.1 (java windows)
Content-Length: 48780
Content-Type: application/json; charset=utf-8
host: localhost:34017
accept: */*

Response DefaultHttpResponse(decodeResult: success, version: HTTP/1.1)
HTTP/1.1 200 OK
Content-Type: application/json; charset=utf-8
cache-control: no-cache
content-length: 14

00:51:54.697 [AsyncHttpClient-1-15] DEBUG org.asynchttpclient.netty.channel.ChannelManager - Adding key: http://localhost:34017 for channel [id: 0x7b4c9655, L:/127.0.0.1:60241 - R:localhost/127.0.0.1:34017]
00:51:54.700 [Forwarding isElementDisplayed on session d7deef2d203bb7575fe8d270318e6beb to remote] DEBUG org.asynchttpclient.netty.request.NettyRequestSender - Using pooled Channel '[id: 0x7b4c9655, L:/127.0.0.1:60241 - R:localhost/127.0.0.1:34017]' for 'POST' to 'http://localhost:34017/session/d7deef2d203bb7575fe8d270318e6beb/execute/sync'
00:51:54.700 [Forwarding isElementDisplayed on session d7deef2d203bb7575fe8d270318e6beb to remote] DEBUG org.asynchttpclient.netty.request.NettyRequestSender - Using open Channel [id: 0x7b4c9655, L:/127.0.0.1:60241 - R:localhost/127.0.0.1:34017] for POST '/session/d7deef2d203bb7575fe8d270318e6beb/execute/sync'
00:51:54.719 [AsyncHttpClient-1-15] DEBUG org.asynchttpclient.netty.handler.HttpHandler - 

Request DefaultHttpRequest(decodeResult: success, version: HTTP/1.1)
POST /session/d7deef2d203bb7575fe8d270318e6beb/execute/sync HTTP/1.1
User-Agent: selenium/4.7.1 (java windows)
Content-Length: 48780
Content-Type: application/json; charset=utf-8
host: localhost:34017
accept: */*

Response DefaultHttpResponse(decodeResult: success, version: HTTP/1.1)
HTTP/1.1 200 OK
Content-Type: application/json; charset=utf-8
cache-control: no-cache
content-length: 14

00:51:54.720 [AsyncHttpClient-1-15] DEBUG org.asynchttpclient.netty.channel.ChannelManager - Adding key: http://localhost:34017 for channel [id: 0x7b4c9655, L:/127.0.0.1:60241 - R:localhost/127.0.0.1:34017]
00:51:54.726 [Forwarding getCurrentWindowHandle on session d7deef2d203bb7575fe8d270318e6beb to remote] DEBUG org.asynchttpclient.netty.request.NettyRequestSender - Using pooled Channel '[id: 0x7b4c9655, L:/127.0.0.1:60241 - R:localhost/127.0.0.1:34017]' for 'GET' to 'http://localhost:34017/session/d7deef2d203bb7575fe8d270318e6beb/window'
00:51:54.727 [Forwarding getCurrentWindowHandle on session d7deef2d203bb7575fe8d270318e6beb to remote] DEBUG org.asynchttpclient.netty.request.NettyRequestSender - Using open Channel [id: 0x7b4c9655, L:/127.0.0.1:60241 - R:localhost/127.0.0.1:34017] for GET '/session/d7deef2d203bb7575fe8d270318e6beb/window'
00:51:54.727 [AsyncHttpClient-1-15] DEBUG org.asynchttpclient.netty.handler.HttpHandler - 

Request DefaultFullHttpRequest(decodeResult: success, version: HTTP/1.1, content: EmptyByteBufBE)
GET /session/d7deef2d203bb7575fe8d270318e6beb/window HTTP/1.1
User-Agent: selenium/4.7.1 (java windows)
Cache-Control: no-cache
Content-Type: application/json; charset=utf-8
host: localhost:34017
accept: */*

Response DefaultHttpResponse(decodeResult: success, version: HTTP/1.1)
HTTP/1.1 200 OK
Content-Type: application/json; charset=utf-8
cache-control: no-cache
content-length: 44

00:51:54.727 [AsyncHttpClient-1-15] DEBUG org.asynchttpclient.netty.channel.ChannelManager - Adding key: http://localhost:34017 for channel [id: 0x7b4c9655, L:/127.0.0.1:60241 - R:localhost/127.0.0.1:34017]
00:51:54.728 [Forwarding getAlertText on session d7deef2d203bb7575fe8d270318e6beb to remote] DEBUG org.asynchttpclient.netty.request.NettyRequestSender - Using pooled Channel '[id: 0x7b4c9655, L:/127.0.0.1:60241 - R:localhost/127.0.0.1:34017]' for 'GET' to 'http://localhost:34017/session/d7deef2d203bb7575fe8d270318e6beb/alert/text'
00:51:54.728 [Forwarding getAlertText on session d7deef2d203bb7575fe8d270318e6beb to remote] DEBUG org.asynchttpclient.netty.request.NettyRequestSender - Using open Channel [id: 0x7b4c9655, L:/127.0.0.1:60241 - R:localhost/127.0.0.1:34017] for GET '/session/d7deef2d203bb7575fe8d270318e6beb/alert/text'
00:51:54.730 [AsyncHttpClient-1-15] DEBUG org.asynchttpclient.netty.handler.HttpHandler - 

Request DefaultFullHttpRequest(decodeResult: success, version: HTTP/1.1, content: EmptyByteBufBE)
GET /session/d7deef2d203bb7575fe8d270318e6beb/alert/text HTTP/1.1
User-Agent: selenium/4.7.1 (java windows)
Cache-Control: no-cache
Content-Type: application/json; charset=utf-8
host: localhost:34017
accept: */*

Response DefaultHttpResponse(decodeResult: success, version: HTTP/1.1)
HTTP/1.1 404 Not Found
Content-Type: application/json; charset=utf-8
cache-control: no-cache
content-length: 849

00:51:54.730 [AsyncHttpClient-1-15] DEBUG org.asynchttpclient.netty.channel.ChannelManager - Adding key: http://localhost:34017 for channel [id: 0x7b4c9655, L:/127.0.0.1:60241 - R:localhost/127.0.0.1:34017]
00:51:54.733 [Forwarding switchToWindow on session d7deef2d203bb7575fe8d270318e6beb to remote] DEBUG org.asynchttpclient.netty.request.NettyRequestSender - Using pooled Channel '[id: 0x7b4c9655, L:/127.0.0.1:60241 - R:localhost/127.0.0.1:34017]' for 'POST' to 'http://localhost:34017/session/d7deef2d203bb7575fe8d270318e6beb/window'
00:51:54.733 [Forwarding switchToWindow on session d7deef2d203bb7575fe8d270318e6beb to remote] DEBUG org.asynchttpclient.netty.request.NettyRequestSender - Using open Channel [id: 0x7b4c9655, L:/127.0.0.1:60241 - R:localhost/127.0.0.1:34017] for POST '/session/d7deef2d203bb7575fe8d270318e6beb/window'
00:51:54.736 [AsyncHttpClient-1-15] DEBUG org.asynchttpclient.netty.handler.HttpHandler - 

Request DefaultHttpRequest(decodeResult: success, version: HTTP/1.1)
POST /session/d7deef2d203bb7575fe8d270318e6beb/window HTTP/1.1
User-Agent: selenium/4.7.1 (java windows)
Content-Length: 50
Content-Type: application/json; charset=utf-8
host: localhost:34017
accept: */*

Response DefaultHttpResponse(decodeResult: success, version: HTTP/1.1)
HTTP/1.1 200 OK
Content-Type: application/json; charset=utf-8
cache-control: no-cache
content-length: 14

00:51:54.736 [AsyncHttpClient-1-15] DEBUG org.asynchttpclient.netty.channel.ChannelManager - Adding key: http://localhost:34017 for channel [id: 0x7b4c9655, L:/127.0.0.1:60241 - R:localhost/127.0.0.1:34017]
00:51:54.737 [Forwarding getCurrentUrl on session d7deef2d203bb7575fe8d270318e6beb to remote] DEBUG org.asynchttpclient.netty.request.NettyRequestSender - Using pooled Channel '[id: 0x7b4c9655, L:/127.0.0.1:60241 - R:localhost/127.0.0.1:34017]' for 'GET' to 'http://localhost:34017/session/d7deef2d203bb7575fe8d270318e6beb/url'
00:51:54.737 [Forwarding getCurrentUrl on session d7deef2d203bb7575fe8d270318e6beb to remote] DEBUG org.asynchttpclient.netty.request.NettyRequestSender - Using open Channel [id: 0x7b4c9655, L:/127.0.0.1:60241 - R:localhost/127.0.0.1:34017] for GET '/session/d7deef2d203bb7575fe8d270318e6beb/url'
00:51:54.741 [AsyncHttpClient-1-15] DEBUG org.asynchttpclient.netty.handler.HttpHandler - 

Request DefaultFullHttpRequest(decodeResult: success, version: HTTP/1.1, content: EmptyByteBufBE)
GET /session/d7deef2d203bb7575fe8d270318e6beb/url HTTP/1.1
User-Agent: selenium/4.7.1 (java windows)
Cache-Control: no-cache
Content-Type: application/json; charset=utf-8
host: localhost:34017
accept: */*

Response DefaultHttpResponse(decodeResult: success, version: HTTP/1.1)
HTTP/1.1 200 OK
Content-Type: application/json; charset=utf-8
cache-control: no-cache
content-length: 41

00:51:54.742 [AsyncHttpClient-1-15] DEBUG org.asynchttpclient.netty.channel.ChannelManager - Adding key: http://localhost:34017 for channel [id: 0x7b4c9655, L:/127.0.0.1:60241 - R:localhost/127.0.0.1:34017]
00:51:54.742 [Forwarding screenshot on session d7deef2d203bb7575fe8d270318e6beb to remote] DEBUG org.asynchttpclient.netty.request.NettyRequestSender - Using pooled Channel '[id: 0x7b4c9655, L:/127.0.0.1:60241 - R:localhost/127.0.0.1:34017]' for 'GET' to 'http://localhost:34017/session/d7deef2d203bb7575fe8d270318e6beb/screenshot'
00:51:54.742 [Forwarding screenshot on session d7deef2d203bb7575fe8d270318e6beb to remote] DEBUG org.asynchttpclient.netty.request.NettyRequestSender - Using open Channel [id: 0x7b4c9655, L:/127.0.0.1:60241 - R:localhost/127.0.0.1:34017] for GET '/session/d7deef2d203bb7575fe8d270318e6beb/screenshot'
00:51:54.876 [AsyncHttpClient-1-15] DEBUG org.asynchttpclient.netty.handler.HttpHandler - 

Request DefaultFullHttpRequest(decodeResult: success, version: HTTP/1.1, content: EmptyByteBufBE)
GET /session/d7deef2d203bb7575fe8d270318e6beb/screenshot HTTP/1.1
User-Agent: selenium/4.7.1 (java windows)
Cache-Control: no-cache
Content-Type: application/json; charset=utf-8
host: localhost:34017
accept: */*

Response DefaultHttpResponse(decodeResult: success, version: HTTP/1.1)
HTTP/1.1 200 OK
Content-Type: application/json; charset=utf-8
cache-control: no-cache
content-length: 30916

00:51:54.876 [AsyncHttpClient-1-15] DEBUG org.asynchttpclient.netty.channel.ChannelManager - Adding key: http://localhost:34017 for channel [id: 0x7b4c9655, L:/127.0.0.1:60241 - R:localhost/127.0.0.1:34017]
00:51:54.877 [main] DEBUG net.serenitybdd.core.photography.Darkroom - Send negative for processing for target\site\serenity\6c914a3fc13a241292a9749afbaffb35e07003bce894db6cc9c44999b3ed8e3a.png
00:51:54.878 [main] DEBUG net.thucydides.core.steps.StepInterceptor - STEP DONE: diHomepageAltaShop
00:51:54.881 [main] DEBUG net.thucydides.core.steps.StepInterceptor - STARTING STEP: TransaksiSteps.userBeradaDiHomepageAltaShopDanLoginAkun - klikButtonLogin
00:51:54.884 [Forwarding findElement on session d7deef2d203bb7575fe8d270318e6beb to remote] DEBUG org.asynchttpclient.netty.request.NettyRequestSender - Using pooled Channel '[id: 0x7b4c9655, L:/127.0.0.1:60241 - R:localhost/127.0.0.1:34017]' for 'POST' to 'http://localhost:34017/session/d7deef2d203bb7575fe8d270318e6beb/element'
00:51:54.884 [Forwarding findElement on session d7deef2d203bb7575fe8d270318e6beb to remote] DEBUG org.asynchttpclient.netty.request.NettyRequestSender - Using open Channel [id: 0x7b4c9655, L:/127.0.0.1:60241 - R:localhost/127.0.0.1:34017] for POST '/session/d7deef2d203bb7575fe8d270318e6beb/element'
00:51:54.893 [AsyncHttpClient-1-15] DEBUG org.asynchttpclient.netty.handler.HttpHandler - 

Request DefaultHttpRequest(decodeResult: success, version: HTTP/1.1)
POST /session/d7deef2d203bb7575fe8d270318e6beb/element HTTP/1.1
User-Agent: selenium/4.7.1 (java windows)
Content-Length: 108
Content-Type: application/json; charset=utf-8
host: localhost:34017
accept: */*

Response DefaultHttpResponse(decodeResult: success, version: HTTP/1.1)
HTTP/1.1 200 OK
Content-Type: application/json; charset=utf-8
cache-control: no-cache
content-length: 88

00:51:54.893 [AsyncHttpClient-1-15] DEBUG org.asynchttpclient.netty.channel.ChannelManager - Adding key: http://localhost:34017 for channel [id: 0x7b4c9655, L:/127.0.0.1:60241 - R:localhost/127.0.0.1:34017]
00:51:54.894 [Forwarding getElementTagName on session d7deef2d203bb7575fe8d270318e6beb to remote] DEBUG org.asynchttpclient.netty.request.NettyRequestSender - Using pooled Channel '[id: 0x7b4c9655, L:/127.0.0.1:60241 - R:localhost/127.0.0.1:34017]' for 'GET' to 'http://localhost:34017/session/d7deef2d203bb7575fe8d270318e6beb/element/20e99625-8360-460c-9fa4-abe0cfb4bfdb/name'
00:51:54.894 [Forwarding getElementTagName on session d7deef2d203bb7575fe8d270318e6beb to remote] DEBUG org.asynchttpclient.netty.request.NettyRequestSender - Using open Channel [id: 0x7b4c9655, L:/127.0.0.1:60241 - R:localhost/127.0.0.1:34017] for GET '/session/d7deef2d203bb7575fe8d270318e6beb/element/20e99625-8360-460c-9fa4-abe0cfb4bfdb/name'
00:51:54.900 [AsyncHttpClient-1-15] DEBUG org.asynchttpclient.netty.handler.HttpHandler - 

Request DefaultFullHttpRequest(decodeResult: success, version: HTTP/1.1, content: EmptyByteBufBE)
GET /session/d7deef2d203bb7575fe8d270318e6beb/element/20e99625-8360-460c-9fa4-abe0cfb4bfdb/name HTTP/1.1
User-Agent: selenium/4.7.1 (java windows)
Cache-Control: no-cache
Content-Type: application/json; charset=utf-8
host: localhost:34017
accept: */*

Response DefaultHttpResponse(decodeResult: success, version: HTTP/1.1)
HTTP/1.1 200 OK
Content-Type: application/json; charset=utf-8
cache-control: no-cache
content-length: 18

00:51:54.901 [AsyncHttpClient-1-15] DEBUG org.asynchttpclient.netty.channel.ChannelManager - Adding key: http://localhost:34017 for channel [id: 0x7b4c9655, L:/127.0.0.1:60241 - R:localhost/127.0.0.1:34017]
00:51:54.902 [Forwarding getElementTagName on session d7deef2d203bb7575fe8d270318e6beb to remote] DEBUG org.asynchttpclient.netty.request.NettyRequestSender - Using pooled Channel '[id: 0x7b4c9655, L:/127.0.0.1:60241 - R:localhost/127.0.0.1:34017]' for 'GET' to 'http://localhost:34017/session/d7deef2d203bb7575fe8d270318e6beb/element/20e99625-8360-460c-9fa4-abe0cfb4bfdb/name'
00:51:54.902 [Forwarding getElementTagName on session d7deef2d203bb7575fe8d270318e6beb to remote] DEBUG org.asynchttpclient.netty.request.NettyRequestSender - Using open Channel [id: 0x7b4c9655, L:/127.0.0.1:60241 - R:localhost/127.0.0.1:34017] for GET '/session/d7deef2d203bb7575fe8d270318e6beb/element/20e99625-8360-460c-9fa4-abe0cfb4bfdb/name'
00:51:55.535 [AsyncHttpClient-1-1] DEBUG org.asynchttpclient.netty.channel.DefaultChannelPool - Entry count for : http://localhost:60242 : 1
00:51:56.630 [AsyncHttpClient-1-1] DEBUG org.asynchttpclient.netty.channel.DefaultChannelPool - Entry count for : http://localhost:60242 : 1
00:51:57.728 [AsyncHttpClient-1-1] DEBUG org.asynchttpclient.netty.channel.DefaultChannelPool - Entry count for : http://localhost:60242 : 1
00:51:58.061 [AsyncHttpClient-1-15] DEBUG org.asynchttpclient.netty.handler.HttpHandler - 

Request DefaultFullHttpRequest(decodeResult: success, version: HTTP/1.1, content: EmptyByteBufBE)
GET /session/d7deef2d203bb7575fe8d270318e6beb/element/20e99625-8360-460c-9fa4-abe0cfb4bfdb/name HTTP/1.1
User-Agent: selenium/4.7.1 (java windows)
Cache-Control: no-cache
Content-Type: application/json; charset=utf-8
host: localhost:34017
accept: */*

Response DefaultHttpResponse(decodeResult: success, version: HTTP/1.1)
HTTP/1.1 200 OK
Content-Type: application/json; charset=utf-8
cache-control: no-cache
content-length: 18

00:51:58.061 [AsyncHttpClient-1-15] DEBUG org.asynchttpclient.netty.channel.ChannelManager - Adding key: http://localhost:34017 for channel [id: 0x7b4c9655, L:/127.0.0.1:60241 - R:localhost/127.0.0.1:34017]
00:51:58.064 [Forwarding isElementEnabled on session d7deef2d203bb7575fe8d270318e6beb to remote] DEBUG org.asynchttpclient.netty.request.NettyRequestSender - Using pooled Channel '[id: 0x7b4c9655, L:/127.0.0.1:60241 - R:localhost/127.0.0.1:34017]' for 'GET' to 'http://localhost:34017/session/d7deef2d203bb7575fe8d270318e6beb/element/20e99625-8360-460c-9fa4-abe0cfb4bfdb/enabled'
00:51:58.064 [Forwarding isElementEnabled on session d7deef2d203bb7575fe8d270318e6beb to remote] DEBUG org.asynchttpclient.netty.request.NettyRequestSender - Using open Channel [id: 0x7b4c9655, L:/127.0.0.1:60241 - R:localhost/127.0.0.1:34017] for GET '/session/d7deef2d203bb7575fe8d270318e6beb/element/20e99625-8360-460c-9fa4-abe0cfb4bfdb/enabled'
00:51:58.089 [AsyncHttpClient-1-15] DEBUG org.asynchttpclient.netty.handler.HttpHandler - 

Request DefaultFullHttpRequest(decodeResult: success, version: HTTP/1.1, content: EmptyByteBufBE)
GET /session/d7deef2d203bb7575fe8d270318e6beb/element/20e99625-8360-460c-9fa4-abe0cfb4bfdb/enabled HTTP/1.1
User-Agent: selenium/4.7.1 (java windows)
Cache-Control: no-cache
Content-Type: application/json; charset=utf-8
host: localhost:34017
accept: */*

Response DefaultHttpResponse(decodeResult: success, version: HTTP/1.1)
HTTP/1.1 200 OK
Content-Type: application/json; charset=utf-8
cache-control: no-cache
content-length: 14

00:51:58.089 [AsyncHttpClient-1-15] DEBUG org.asynchttpclient.netty.channel.ChannelManager - Adding key: http://localhost:34017 for channel [id: 0x7b4c9655, L:/127.0.0.1:60241 - R:localhost/127.0.0.1:34017]
00:51:58.090 [Forwarding isElementEnabled on session d7deef2d203bb7575fe8d270318e6beb to remote] DEBUG org.asynchttpclient.netty.request.NettyRequestSender - Using pooled Channel '[id: 0x7b4c9655, L:/127.0.0.1:60241 - R:localhost/127.0.0.1:34017]' for 'GET' to 'http://localhost:34017/session/d7deef2d203bb7575fe8d270318e6beb/element/20e99625-8360-460c-9fa4-abe0cfb4bfdb/enabled'
00:51:58.090 [Forwarding isElementEnabled on session d7deef2d203bb7575fe8d270318e6beb to remote] DEBUG org.asynchttpclient.netty.request.NettyRequestSender - Using open Channel [id: 0x7b4c9655, L:/127.0.0.1:60241 - R:localhost/127.0.0.1:34017] for GET '/session/d7deef2d203bb7575fe8d270318e6beb/element/20e99625-8360-460c-9fa4-abe0cfb4bfdb/enabled'
00:51:58.098 [AsyncHttpClient-1-15] DEBUG org.asynchttpclient.netty.handler.HttpHandler - 

Request DefaultFullHttpRequest(decodeResult: success, version: HTTP/1.1, content: EmptyByteBufBE)
GET /session/d7deef2d203bb7575fe8d270318e6beb/element/20e99625-8360-460c-9fa4-abe0cfb4bfdb/enabled HTTP/1.1
User-Agent: selenium/4.7.1 (java windows)
Cache-Control: no-cache
Content-Type: application/json; charset=utf-8
host: localhost:34017
accept: */*

Response DefaultHttpResponse(decodeResult: success, version: HTTP/1.1)
HTTP/1.1 200 OK
Content-Type: application/json; charset=utf-8
cache-control: no-cache
content-length: 14

00:51:58.098 [AsyncHttpClient-1-15] DEBUG org.asynchttpclient.netty.channel.ChannelManager - Adding key: http://localhost:34017 for channel [id: 0x7b4c9655, L:/127.0.0.1:60241 - R:localhost/127.0.0.1:34017]
00:51:58.100 [Forwarding findElement on session d7deef2d203bb7575fe8d270318e6beb to remote] DEBUG org.asynchttpclient.netty.request.NettyRequestSender - Using pooled Channel '[id: 0x7b4c9655, L:/127.0.0.1:60241 - R:localhost/127.0.0.1:34017]' for 'POST' to 'http://localhost:34017/session/d7deef2d203bb7575fe8d270318e6beb/element'
00:51:58.100 [Forwarding findElement on session d7deef2d203bb7575fe8d270318e6beb to remote] DEBUG org.asynchttpclient.netty.request.NettyRequestSender - Using open Channel [id: 0x7b4c9655, L:/127.0.0.1:60241 - R:localhost/127.0.0.1:34017] for POST '/session/d7deef2d203bb7575fe8d270318e6beb/element'
00:51:58.129 [AsyncHttpClient-1-15] DEBUG org.asynchttpclient.netty.handler.HttpHandler - 

Request DefaultHttpRequest(decodeResult: success, version: HTTP/1.1)
POST /session/d7deef2d203bb7575fe8d270318e6beb/element HTTP/1.1
User-Agent: selenium/4.7.1 (java windows)
Content-Length: 108
Content-Type: application/json; charset=utf-8
host: localhost:34017
accept: */*

Response DefaultHttpResponse(decodeResult: success, version: HTTP/1.1)
HTTP/1.1 200 OK
Content-Type: application/json; charset=utf-8
cache-control: no-cache
content-length: 88

00:51:58.129 [AsyncHttpClient-1-15] DEBUG org.asynchttpclient.netty.channel.ChannelManager - Adding key: http://localhost:34017 for channel [id: 0x7b4c9655, L:/127.0.0.1:60241 - R:localhost/127.0.0.1:34017]
00:51:58.130 [Forwarding clickElement on session d7deef2d203bb7575fe8d270318e6beb to remote] DEBUG org.asynchttpclient.netty.request.NettyRequestSender - Using pooled Channel '[id: 0x7b4c9655, L:/127.0.0.1:60241 - R:localhost/127.0.0.1:34017]' for 'POST' to 'http://localhost:34017/session/d7deef2d203bb7575fe8d270318e6beb/element/20e99625-8360-460c-9fa4-abe0cfb4bfdb/click'
00:51:58.130 [Forwarding clickElement on session d7deef2d203bb7575fe8d270318e6beb to remote] DEBUG org.asynchttpclient.netty.request.NettyRequestSender - Using open Channel [id: 0x7b4c9655, L:/127.0.0.1:60241 - R:localhost/127.0.0.1:34017] for POST '/session/d7deef2d203bb7575fe8d270318e6beb/element/20e99625-8360-460c-9fa4-abe0cfb4bfdb/click'
00:51:58.215 [AsyncHttpClient-1-15] DEBUG org.asynchttpclient.netty.handler.HttpHandler - 

Request DefaultHttpRequest(decodeResult: success, version: HTTP/1.1)
POST /session/d7deef2d203bb7575fe8d270318e6beb/element/20e99625-8360-460c-9fa4-abe0cfb4bfdb/click HTTP/1.1
User-Agent: selenium/4.7.1 (java windows)
Content-Length: 50
Content-Type: application/json; charset=utf-8
host: localhost:34017
accept: */*

Response DefaultHttpResponse(decodeResult: success, version: HTTP/1.1)
HTTP/1.1 200 OK
Content-Type: application/json; charset=utf-8
cache-control: no-cache
content-length: 14

00:51:58.215 [AsyncHttpClient-1-15] DEBUG org.asynchttpclient.netty.channel.ChannelManager - Adding key: http://localhost:34017 for channel [id: 0x7b4c9655, L:/127.0.0.1:60241 - R:localhost/127.0.0.1:34017]
00:51:58.227 [Forwarding getCurrentWindowHandle on session d7deef2d203bb7575fe8d270318e6beb to remote] DEBUG org.asynchttpclient.netty.request.NettyRequestSender - Using pooled Channel '[id: 0x7b4c9655, L:/127.0.0.1:60241 - R:localhost/127.0.0.1:34017]' for 'GET' to 'http://localhost:34017/session/d7deef2d203bb7575fe8d270318e6beb/window'
00:51:58.227 [Forwarding getCurrentWindowHandle on session d7deef2d203bb7575fe8d270318e6beb to remote] DEBUG org.asynchttpclient.netty.request.NettyRequestSender - Using open Channel [id: 0x7b4c9655, L:/127.0.0.1:60241 - R:localhost/127.0.0.1:34017] for GET '/session/d7deef2d203bb7575fe8d270318e6beb/window'
00:51:58.228 [AsyncHttpClient-1-15] DEBUG org.asynchttpclient.netty.handler.HttpHandler - 

Request DefaultFullHttpRequest(decodeResult: success, version: HTTP/1.1, content: EmptyByteBufBE)
GET /session/d7deef2d203bb7575fe8d270318e6beb/window HTTP/1.1
User-Agent: selenium/4.7.1 (java windows)
Cache-Control: no-cache
Content-Type: application/json; charset=utf-8
host: localhost:34017
accept: */*

Response DefaultHttpResponse(decodeResult: success, version: HTTP/1.1)
HTTP/1.1 200 OK
Content-Type: application/json; charset=utf-8
cache-control: no-cache
content-length: 44

00:51:58.228 [AsyncHttpClient-1-15] DEBUG org.asynchttpclient.netty.channel.ChannelManager - Adding key: http://localhost:34017 for channel [id: 0x7b4c9655, L:/127.0.0.1:60241 - R:localhost/127.0.0.1:34017]
00:51:58.229 [Forwarding getAlertText on session d7deef2d203bb7575fe8d270318e6beb to remote] DEBUG org.asynchttpclient.netty.request.NettyRequestSender - Using pooled Channel '[id: 0x7b4c9655, L:/127.0.0.1:60241 - R:localhost/127.0.0.1:34017]' for 'GET' to 'http://localhost:34017/session/d7deef2d203bb7575fe8d270318e6beb/alert/text'
00:51:58.229 [Forwarding getAlertText on session d7deef2d203bb7575fe8d270318e6beb to remote] DEBUG org.asynchttpclient.netty.request.NettyRequestSender - Using open Channel [id: 0x7b4c9655, L:/127.0.0.1:60241 - R:localhost/127.0.0.1:34017] for GET '/session/d7deef2d203bb7575fe8d270318e6beb/alert/text'
00:51:58.522 [AsyncHttpClient-1-15] DEBUG org.asynchttpclient.netty.handler.HttpHandler - 

Request DefaultFullHttpRequest(decodeResult: success, version: HTTP/1.1, content: EmptyByteBufBE)
GET /session/d7deef2d203bb7575fe8d270318e6beb/alert/text HTTP/1.1
User-Agent: selenium/4.7.1 (java windows)
Cache-Control: no-cache
Content-Type: application/json; charset=utf-8
host: localhost:34017
accept: */*

Response DefaultHttpResponse(decodeResult: success, version: HTTP/1.1)
HTTP/1.1 404 Not Found
Content-Type: application/json; charset=utf-8
cache-control: no-cache
content-length: 849

00:51:58.523 [AsyncHttpClient-1-15] DEBUG org.asynchttpclient.netty.channel.ChannelManager - Adding key: http://localhost:34017 for channel [id: 0x7b4c9655, L:/127.0.0.1:60241 - R:localhost/127.0.0.1:34017]
00:51:58.524 [Forwarding switchToWindow on session d7deef2d203bb7575fe8d270318e6beb to remote] DEBUG org.asynchttpclient.netty.request.NettyRequestSender - Using pooled Channel '[id: 0x7b4c9655, L:/127.0.0.1:60241 - R:localhost/127.0.0.1:34017]' for 'POST' to 'http://localhost:34017/session/d7deef2d203bb7575fe8d270318e6beb/window'
00:51:58.525 [Forwarding switchToWindow on session d7deef2d203bb7575fe8d270318e6beb to remote] DEBUG org.asynchttpclient.netty.request.NettyRequestSender - Using open Channel [id: 0x7b4c9655, L:/127.0.0.1:60241 - R:localhost/127.0.0.1:34017] for POST '/session/d7deef2d203bb7575fe8d270318e6beb/window'
00:51:58.526 [AsyncHttpClient-1-15] DEBUG org.asynchttpclient.netty.handler.HttpHandler - 

Request DefaultHttpRequest(decodeResult: success, version: HTTP/1.1)
POST /session/d7deef2d203bb7575fe8d270318e6beb/window HTTP/1.1
User-Agent: selenium/4.7.1 (java windows)
Content-Length: 50
Content-Type: application/json; charset=utf-8
host: localhost:34017
accept: */*

Response DefaultHttpResponse(decodeResult: success, version: HTTP/1.1)
HTTP/1.1 200 OK
Content-Type: application/json; charset=utf-8
cache-control: no-cache
content-length: 14

00:51:58.526 [AsyncHttpClient-1-15] DEBUG org.asynchttpclient.netty.channel.ChannelManager - Adding key: http://localhost:34017 for channel [id: 0x7b4c9655, L:/127.0.0.1:60241 - R:localhost/127.0.0.1:34017]
00:51:58.527 [Forwarding getCurrentUrl on session d7deef2d203bb7575fe8d270318e6beb to remote] DEBUG org.asynchttpclient.netty.request.NettyRequestSender - Using pooled Channel '[id: 0x7b4c9655, L:/127.0.0.1:60241 - R:localhost/127.0.0.1:34017]' for 'GET' to 'http://localhost:34017/session/d7deef2d203bb7575fe8d270318e6beb/url'
00:51:58.527 [Forwarding getCurrentUrl on session d7deef2d203bb7575fe8d270318e6beb to remote] DEBUG org.asynchttpclient.netty.request.NettyRequestSender - Using open Channel [id: 0x7b4c9655, L:/127.0.0.1:60241 - R:localhost/127.0.0.1:34017] for GET '/session/d7deef2d203bb7575fe8d270318e6beb/url'
00:51:58.533 [AsyncHttpClient-1-15] DEBUG org.asynchttpclient.netty.handler.HttpHandler - 

Request DefaultFullHttpRequest(decodeResult: success, version: HTTP/1.1, content: EmptyByteBufBE)
GET /session/d7deef2d203bb7575fe8d270318e6beb/url HTTP/1.1
User-Agent: selenium/4.7.1 (java windows)
Cache-Control: no-cache
Content-Type: application/json; charset=utf-8
host: localhost:34017
accept: */*

Response DefaultHttpResponse(decodeResult: success, version: HTTP/1.1)
HTTP/1.1 200 OK
Content-Type: application/json; charset=utf-8
cache-control: no-cache
content-length: 51

00:51:58.533 [AsyncHttpClient-1-15] DEBUG org.asynchttpclient.netty.channel.ChannelManager - Adding key: http://localhost:34017 for channel [id: 0x7b4c9655, L:/127.0.0.1:60241 - R:localhost/127.0.0.1:34017]
00:51:58.533 [Forwarding screenshot on session d7deef2d203bb7575fe8d270318e6beb to remote] DEBUG org.asynchttpclient.netty.request.NettyRequestSender - Using pooled Channel '[id: 0x7b4c9655, L:/127.0.0.1:60241 - R:localhost/127.0.0.1:34017]' for 'GET' to 'http://localhost:34017/session/d7deef2d203bb7575fe8d270318e6beb/screenshot'
00:51:58.534 [Forwarding screenshot on session d7deef2d203bb7575fe8d270318e6beb to remote] DEBUG org.asynchttpclient.netty.request.NettyRequestSender - Using open Channel [id: 0x7b4c9655, L:/127.0.0.1:60241 - R:localhost/127.0.0.1:34017] for GET '/session/d7deef2d203bb7575fe8d270318e6beb/screenshot'
00:51:58.622 [AsyncHttpClient-1-15] DEBUG org.asynchttpclient.netty.handler.HttpHandler - 

Request DefaultFullHttpRequest(decodeResult: success, version: HTTP/1.1, content: EmptyByteBufBE)
GET /session/d7deef2d203bb7575fe8d270318e6beb/screenshot HTTP/1.1
User-Agent: selenium/4.7.1 (java windows)
Cache-Control: no-cache
Content-Type: application/json; charset=utf-8
host: localhost:34017
accept: */*

Response DefaultHttpResponse(decodeResult: success, version: HTTP/1.1)
HTTP/1.1 200 OK
Content-Type: application/json; charset=utf-8
cache-control: no-cache
content-length: 26172

00:51:58.622 [AsyncHttpClient-1-15] DEBUG org.asynchttpclient.netty.channel.ChannelManager - Adding key: http://localhost:34017 for channel [id: 0x7b4c9655, L:/127.0.0.1:60241 - R:localhost/127.0.0.1:34017]
00:51:58.623 [main] DEBUG net.serenitybdd.core.photography.Darkroom - Send negative for processing for target\site\serenity\f035198f28bcaf95684f4b1a3b9e5d031fc0873bb044f55c4913aef571773aa0.png
00:51:58.623 [main] DEBUG net.thucydides.core.steps.StepInterceptor - STEP DONE: klikButtonLogin
00:51:58.627 [main] DEBUG net.thucydides.core.steps.StepInterceptor - STARTING STEP: TransaksiSteps.userBeradaDiHomepageAltaShopDanLoginAkun - inputEmail
00:51:58.629 [Forwarding findElement on session d7deef2d203bb7575fe8d270318e6beb to remote] DEBUG org.asynchttpclient.netty.request.NettyRequestSender - Using pooled Channel '[id: 0x7b4c9655, L:/127.0.0.1:60241 - R:localhost/127.0.0.1:34017]' for 'POST' to 'http://localhost:34017/session/d7deef2d203bb7575fe8d270318e6beb/element'
00:51:58.629 [Forwarding findElement on session d7deef2d203bb7575fe8d270318e6beb to remote] DEBUG org.asynchttpclient.netty.request.NettyRequestSender - Using open Channel [id: 0x7b4c9655, L:/127.0.0.1:60241 - R:localhost/127.0.0.1:34017] for POST '/session/d7deef2d203bb7575fe8d270318e6beb/element'
00:51:58.640 [AsyncHttpClient-1-15] DEBUG org.asynchttpclient.netty.handler.HttpHandler - 

Request DefaultHttpRequest(decodeResult: success, version: HTTP/1.1)
POST /session/d7deef2d203bb7575fe8d270318e6beb/element HTTP/1.1
User-Agent: selenium/4.7.1 (java windows)
Content-Length: 187
Content-Type: application/json; charset=utf-8
host: localhost:34017
accept: */*

Response DefaultHttpResponse(decodeResult: success, version: HTTP/1.1)
HTTP/1.1 200 OK
Content-Type: application/json; charset=utf-8
cache-control: no-cache
content-length: 88

00:51:58.640 [AsyncHttpClient-1-15] DEBUG org.asynchttpclient.netty.channel.ChannelManager - Adding key: http://localhost:34017 for channel [id: 0x7b4c9655, L:/127.0.0.1:60241 - R:localhost/127.0.0.1:34017]
00:51:58.641 [Forwarding clearElement on session d7deef2d203bb7575fe8d270318e6beb to remote] DEBUG org.asynchttpclient.netty.request.NettyRequestSender - Using pooled Channel '[id: 0x7b4c9655, L:/127.0.0.1:60241 - R:localhost/127.0.0.1:34017]' for 'POST' to 'http://localhost:34017/session/d7deef2d203bb7575fe8d270318e6beb/element/9134a227-5b61-411a-a900-fcc257ef9562/clear'
00:51:58.641 [Forwarding clearElement on session d7deef2d203bb7575fe8d270318e6beb to remote] DEBUG org.asynchttpclient.netty.request.NettyRequestSender - Using open Channel [id: 0x7b4c9655, L:/127.0.0.1:60241 - R:localhost/127.0.0.1:34017] for POST '/session/d7deef2d203bb7575fe8d270318e6beb/element/9134a227-5b61-411a-a900-fcc257ef9562/clear'
00:51:58.672 [AsyncHttpClient-1-15] DEBUG org.asynchttpclient.netty.handler.HttpHandler - 

Request DefaultHttpRequest(decodeResult: success, version: HTTP/1.1)
POST /session/d7deef2d203bb7575fe8d270318e6beb/element/9134a227-5b61-411a-a900-fcc257ef9562/clear HTTP/1.1
User-Agent: selenium/4.7.1 (java windows)
Content-Length: 50
Content-Type: application/json; charset=utf-8
host: localhost:34017
accept: */*

Response DefaultHttpResponse(decodeResult: success, version: HTTP/1.1)
HTTP/1.1 200 OK
Content-Type: application/json; charset=utf-8
cache-control: no-cache
content-length: 14

00:51:58.672 [AsyncHttpClient-1-15] DEBUG org.asynchttpclient.netty.channel.ChannelManager - Adding key: http://localhost:34017 for channel [id: 0x7b4c9655, L:/127.0.0.1:60241 - R:localhost/127.0.0.1:34017]
00:51:58.674 [Forwarding sendKeysToElement on session d7deef2d203bb7575fe8d270318e6beb to remote] DEBUG org.asynchttpclient.netty.request.NettyRequestSender - Using pooled Channel '[id: 0x7b4c9655, L:/127.0.0.1:60241 - R:localhost/127.0.0.1:34017]' for 'POST' to 'http://localhost:34017/session/d7deef2d203bb7575fe8d270318e6beb/element/9134a227-5b61-411a-a900-fcc257ef9562/value'
00:51:58.674 [Forwarding sendKeysToElement on session d7deef2d203bb7575fe8d270318e6beb to remote] DEBUG org.asynchttpclient.netty.request.NettyRequestSender - Using open Channel [id: 0x7b4c9655, L:/127.0.0.1:60241 - R:localhost/127.0.0.1:34017] for POST '/session/d7deef2d203bb7575fe8d270318e6beb/element/9134a227-5b61-411a-a900-fcc257ef9562/value'
00:51:58.770 [AsyncHttpClient-1-15] DEBUG org.asynchttpclient.netty.handler.HttpHandler - 

Request DefaultHttpRequest(decodeResult: success, version: HTTP/1.1)
POST /session/d7deef2d203bb7575fe8d270318e6beb/element/9134a227-5b61-411a-a900-fcc257ef9562/value HTTP/1.1
User-Agent: selenium/4.7.1 (java windows)
Content-Length: 211
Content-Type: application/json; charset=utf-8
host: localhost:34017
accept: */*

Response DefaultHttpResponse(decodeResult: success, version: HTTP/1.1)
HTTP/1.1 200 OK
Content-Type: application/json; charset=utf-8
cache-control: no-cache
content-length: 14

00:51:58.770 [AsyncHttpClient-1-15] DEBUG org.asynchttpclient.netty.channel.ChannelManager - Adding key: http://localhost:34017 for channel [id: 0x7b4c9655, L:/127.0.0.1:60241 - R:localhost/127.0.0.1:34017]
00:51:58.776 [Forwarding getCurrentWindowHandle on session d7deef2d203bb7575fe8d270318e6beb to remote] DEBUG org.asynchttpclient.netty.request.NettyRequestSender - Using pooled Channel '[id: 0x7b4c9655, L:/127.0.0.1:60241 - R:localhost/127.0.0.1:34017]' for 'GET' to 'http://localhost:34017/session/d7deef2d203bb7575fe8d270318e6beb/window'
00:51:58.776 [Forwarding getCurrentWindowHandle on session d7deef2d203bb7575fe8d270318e6beb to remote] DEBUG org.asynchttpclient.netty.request.NettyRequestSender - Using open Channel [id: 0x7b4c9655, L:/127.0.0.1:60241 - R:localhost/127.0.0.1:34017] for GET '/session/d7deef2d203bb7575fe8d270318e6beb/window'
00:51:58.777 [AsyncHttpClient-1-15] DEBUG org.asynchttpclient.netty.handler.HttpHandler - 

Request DefaultFullHttpRequest(decodeResult: success, version: HTTP/1.1, content: EmptyByteBufBE)
GET /session/d7deef2d203bb7575fe8d270318e6beb/window HTTP/1.1
User-Agent: selenium/4.7.1 (java windows)
Cache-Control: no-cache
Content-Type: application/json; charset=utf-8
host: localhost:34017
accept: */*

Response DefaultHttpResponse(decodeResult: success, version: HTTP/1.1)
HTTP/1.1 200 OK
Content-Type: application/json; charset=utf-8
cache-control: no-cache
content-length: 44

00:51:58.777 [AsyncHttpClient-1-15] DEBUG org.asynchttpclient.netty.channel.ChannelManager - Adding key: http://localhost:34017 for channel [id: 0x7b4c9655, L:/127.0.0.1:60241 - R:localhost/127.0.0.1:34017]
00:51:58.778 [Forwarding getAlertText on session d7deef2d203bb7575fe8d270318e6beb to remote] DEBUG org.asynchttpclient.netty.request.NettyRequestSender - Using pooled Channel '[id: 0x7b4c9655, L:/127.0.0.1:60241 - R:localhost/127.0.0.1:34017]' for 'GET' to 'http://localhost:34017/session/d7deef2d203bb7575fe8d270318e6beb/alert/text'
00:51:58.778 [Forwarding getAlertText on session d7deef2d203bb7575fe8d270318e6beb to remote] DEBUG org.asynchttpclient.netty.request.NettyRequestSender - Using open Channel [id: 0x7b4c9655, L:/127.0.0.1:60241 - R:localhost/127.0.0.1:34017] for GET '/session/d7deef2d203bb7575fe8d270318e6beb/alert/text'
00:51:58.779 [AsyncHttpClient-1-15] DEBUG org.asynchttpclient.netty.handler.HttpHandler - 

Request DefaultFullHttpRequest(decodeResult: success, version: HTTP/1.1, content: EmptyByteBufBE)
GET /session/d7deef2d203bb7575fe8d270318e6beb/alert/text HTTP/1.1
User-Agent: selenium/4.7.1 (java windows)
Cache-Control: no-cache
Content-Type: application/json; charset=utf-8
host: localhost:34017
accept: */*

Response DefaultHttpResponse(decodeResult: success, version: HTTP/1.1)
HTTP/1.1 404 Not Found
Content-Type: application/json; charset=utf-8
cache-control: no-cache
content-length: 849

00:51:58.781 [AsyncHttpClient-1-15] DEBUG org.asynchttpclient.netty.channel.ChannelManager - Adding key: http://localhost:34017 for channel [id: 0x7b4c9655, L:/127.0.0.1:60241 - R:localhost/127.0.0.1:34017]
00:51:58.783 [Forwarding switchToWindow on session d7deef2d203bb7575fe8d270318e6beb to remote] DEBUG org.asynchttpclient.netty.request.NettyRequestSender - Using pooled Channel '[id: 0x7b4c9655, L:/127.0.0.1:60241 - R:localhost/127.0.0.1:34017]' for 'POST' to 'http://localhost:34017/session/d7deef2d203bb7575fe8d270318e6beb/window'
00:51:58.783 [Forwarding switchToWindow on session d7deef2d203bb7575fe8d270318e6beb to remote] DEBUG org.asynchttpclient.netty.request.NettyRequestSender - Using open Channel [id: 0x7b4c9655, L:/127.0.0.1:60241 - R:localhost/127.0.0.1:34017] for POST '/session/d7deef2d203bb7575fe8d270318e6beb/window'
00:51:58.784 [AsyncHttpClient-1-15] DEBUG org.asynchttpclient.netty.handler.HttpHandler - 

Request DefaultHttpRequest(decodeResult: success, version: HTTP/1.1)
POST /session/d7deef2d203bb7575fe8d270318e6beb/window HTTP/1.1
User-Agent: selenium/4.7.1 (java windows)
Content-Length: 50
Content-Type: application/json; charset=utf-8
host: localhost:34017
accept: */*

Response DefaultHttpResponse(decodeResult: success, version: HTTP/1.1)
HTTP/1.1 200 OK
Content-Type: application/json; charset=utf-8
cache-control: no-cache
content-length: 14

00:51:58.784 [AsyncHttpClient-1-15] DEBUG org.asynchttpclient.netty.channel.ChannelManager - Adding key: http://localhost:34017 for channel [id: 0x7b4c9655, L:/127.0.0.1:60241 - R:localhost/127.0.0.1:34017]
00:51:58.785 [Forwarding getCurrentUrl on session d7deef2d203bb7575fe8d270318e6beb to remote] DEBUG org.asynchttpclient.netty.request.NettyRequestSender - Using pooled Channel '[id: 0x7b4c9655, L:/127.0.0.1:60241 - R:localhost/127.0.0.1:34017]' for 'GET' to 'http://localhost:34017/session/d7deef2d203bb7575fe8d270318e6beb/url'
00:51:58.785 [Forwarding getCurrentUrl on session d7deef2d203bb7575fe8d270318e6beb to remote] DEBUG org.asynchttpclient.netty.request.NettyRequestSender - Using open Channel [id: 0x7b4c9655, L:/127.0.0.1:60241 - R:localhost/127.0.0.1:34017] for GET '/session/d7deef2d203bb7575fe8d270318e6beb/url'
00:51:58.788 [AsyncHttpClient-1-15] DEBUG org.asynchttpclient.netty.handler.HttpHandler - 

Request DefaultFullHttpRequest(decodeResult: success, version: HTTP/1.1, content: EmptyByteBufBE)
GET /session/d7deef2d203bb7575fe8d270318e6beb/url HTTP/1.1
User-Agent: selenium/4.7.1 (java windows)
Cache-Control: no-cache
Content-Type: application/json; charset=utf-8
host: localhost:34017
accept: */*

Response DefaultHttpResponse(decodeResult: success, version: HTTP/1.1)
HTTP/1.1 200 OK
Content-Type: application/json; charset=utf-8
cache-control: no-cache
content-length: 51

00:51:58.788 [AsyncHttpClient-1-15] DEBUG org.asynchttpclient.netty.channel.ChannelManager - Adding key: http://localhost:34017 for channel [id: 0x7b4c9655, L:/127.0.0.1:60241 - R:localhost/127.0.0.1:34017]
00:51:58.788 [Forwarding screenshot on session d7deef2d203bb7575fe8d270318e6beb to remote] DEBUG org.asynchttpclient.netty.request.NettyRequestSender - Using pooled Channel '[id: 0x7b4c9655, L:/127.0.0.1:60241 - R:localhost/127.0.0.1:34017]' for 'GET' to 'http://localhost:34017/session/d7deef2d203bb7575fe8d270318e6beb/screenshot'
00:51:58.788 [Forwarding screenshot on session d7deef2d203bb7575fe8d270318e6beb to remote] DEBUG org.asynchttpclient.netty.request.NettyRequestSender - Using open Channel [id: 0x7b4c9655, L:/127.0.0.1:60241 - R:localhost/127.0.0.1:34017] for GET '/session/d7deef2d203bb7575fe8d270318e6beb/screenshot'
00:51:58.835 [AsyncHttpClient-1-1] DEBUG org.asynchttpclient.netty.channel.DefaultChannelPool - Entry count for : http://localhost:60242 : 1
00:51:58.874 [AsyncHttpClient-1-15] DEBUG org.asynchttpclient.netty.handler.HttpHandler - 

Request DefaultFullHttpRequest(decodeResult: success, version: HTTP/1.1, content: EmptyByteBufBE)
GET /session/d7deef2d203bb7575fe8d270318e6beb/screenshot HTTP/1.1
User-Agent: selenium/4.7.1 (java windows)
Cache-Control: no-cache
Content-Type: application/json; charset=utf-8
host: localhost:34017
accept: */*

Response DefaultHttpResponse(decodeResult: success, version: HTTP/1.1)
HTTP/1.1 200 OK
Content-Type: application/json; charset=utf-8
cache-control: no-cache
content-length: 29996

00:51:58.874 [AsyncHttpClient-1-15] DEBUG org.asynchttpclient.netty.channel.ChannelManager - Adding key: http://localhost:34017 for channel [id: 0x7b4c9655, L:/127.0.0.1:60241 - R:localhost/127.0.0.1:34017]
00:51:58.876 [main] DEBUG net.serenitybdd.core.photography.Darkroom - Send negative for processing for target\site\serenity\6586083477b0e9389dad234ff6ebc6fce3eef4fca998438e6351f327a720acef.png
00:51:58.876 [main] DEBUG net.thucydides.core.steps.StepInterceptor - STEP DONE: inputEmail
00:51:58.876 [Darkroom Processing Line] DEBUG net.serenitybdd.core.photography.DarkroomProcessingLine - Processing screenshot image in /var/screenshots/screenshot-16163586844947058010
00:51:58.876 [Darkroom Processing Line] DEBUG net.serenitybdd.core.photography.DarkroomProcessingLine - Saving screenshot to target\site\serenity\6586083477b0e9389dad234ff6ebc6fce3eef4fca998438e6351f327a720acef.png
00:51:58.879 [main] DEBUG net.thucydides.core.steps.StepInterceptor - STARTING STEP: TransaksiSteps.userBeradaDiHomepageAltaShopDanLoginAkun - inputPassword
00:51:58.881 [Forwarding findElement on session d7deef2d203bb7575fe8d270318e6beb to remote] DEBUG org.asynchttpclient.netty.request.NettyRequestSender - Using pooled Channel '[id: 0x7b4c9655, L:/127.0.0.1:60241 - R:localhost/127.0.0.1:34017]' for 'POST' to 'http://localhost:34017/session/d7deef2d203bb7575fe8d270318e6beb/element'
00:51:58.881 [Forwarding findElement on session d7deef2d203bb7575fe8d270318e6beb to remote] DEBUG org.asynchttpclient.netty.request.NettyRequestSender - Using open Channel [id: 0x7b4c9655, L:/127.0.0.1:60241 - R:localhost/127.0.0.1:34017] for POST '/session/d7deef2d203bb7575fe8d270318e6beb/element'
00:51:58.894 [AsyncHttpClient-1-15] DEBUG org.asynchttpclient.netty.handler.HttpHandler - 

Request DefaultHttpRequest(decodeResult: success, version: HTTP/1.1)
POST /session/d7deef2d203bb7575fe8d270318e6beb/element HTTP/1.1
User-Agent: selenium/4.7.1 (java windows)
Content-Length: 187
Content-Type: application/json; charset=utf-8
host: localhost:34017
accept: */*

Response DefaultHttpResponse(decodeResult: success, version: HTTP/1.1)
HTTP/1.1 200 OK
Content-Type: application/json; charset=utf-8
cache-control: no-cache
content-length: 88

00:51:58.894 [AsyncHttpClient-1-15] DEBUG org.asynchttpclient.netty.channel.ChannelManager - Adding key: http://localhost:34017 for channel [id: 0x7b4c9655, L:/127.0.0.1:60241 - R:localhost/127.0.0.1:34017]
00:51:58.895 [Forwarding clearElement on session d7deef2d203bb7575fe8d270318e6beb to remote] DEBUG org.asynchttpclient.netty.request.NettyRequestSender - Using pooled Channel '[id: 0x7b4c9655, L:/127.0.0.1:60241 - R:localhost/127.0.0.1:34017]' for 'POST' to 'http://localhost:34017/session/d7deef2d203bb7575fe8d270318e6beb/element/b5ec3b05-945a-4fac-ac08-b73892da420a/clear'
00:51:58.895 [Forwarding clearElement on session d7deef2d203bb7575fe8d270318e6beb to remote] DEBUG org.asynchttpclient.netty.request.NettyRequestSender - Using open Channel [id: 0x7b4c9655, L:/127.0.0.1:60241 - R:localhost/127.0.0.1:34017] for POST '/session/d7deef2d203bb7575fe8d270318e6beb/element/b5ec3b05-945a-4fac-ac08-b73892da420a/clear'
00:51:58.930 [AsyncHttpClient-1-15] DEBUG org.asynchttpclient.netty.handler.HttpHandler - 

Request DefaultHttpRequest(decodeResult: success, version: HTTP/1.1)
POST /session/d7deef2d203bb7575fe8d270318e6beb/element/b5ec3b05-945a-4fac-ac08-b73892da420a/clear HTTP/1.1
User-Agent: selenium/4.7.1 (java windows)
Content-Length: 50
Content-Type: application/json; charset=utf-8
host: localhost:34017
accept: */*

Response DefaultHttpResponse(decodeResult: success, version: HTTP/1.1)
HTTP/1.1 200 OK
Content-Type: application/json; charset=utf-8
cache-control: no-cache
content-length: 14

00:51:58.930 [AsyncHttpClient-1-15] DEBUG org.asynchttpclient.netty.channel.ChannelManager - Adding key: http://localhost:34017 for channel [id: 0x7b4c9655, L:/127.0.0.1:60241 - R:localhost/127.0.0.1:34017]
00:51:58.931 [Forwarding sendKeysToElement on session d7deef2d203bb7575fe8d270318e6beb to remote] DEBUG org.asynchttpclient.netty.request.NettyRequestSender - Using pooled Channel '[id: 0x7b4c9655, L:/127.0.0.1:60241 - R:localhost/127.0.0.1:34017]' for 'POST' to 'http://localhost:34017/session/d7deef2d203bb7575fe8d270318e6beb/element/b5ec3b05-945a-4fac-ac08-b73892da420a/value'
00:51:58.931 [Forwarding sendKeysToElement on session d7deef2d203bb7575fe8d270318e6beb to remote] DEBUG org.asynchttpclient.netty.request.NettyRequestSender - Using open Channel [id: 0x7b4c9655, L:/127.0.0.1:60241 - R:localhost/127.0.0.1:34017] for POST '/session/d7deef2d203bb7575fe8d270318e6beb/element/b5ec3b05-945a-4fac-ac08-b73892da420a/value'
00:51:58.992 [AsyncHttpClient-1-15] DEBUG org.asynchttpclient.netty.handler.HttpHandler - 

Request DefaultHttpRequest(decodeResult: success, version: HTTP/1.1)
POST /session/d7deef2d203bb7575fe8d270318e6beb/element/b5ec3b05-945a-4fac-ac08-b73892da420a/value HTTP/1.1
User-Agent: selenium/4.7.1 (java windows)
Content-Length: 111
Content-Type: application/json; charset=utf-8
host: localhost:34017
accept: */*

Response DefaultHttpResponse(decodeResult: success, version: HTTP/1.1)
HTTP/1.1 200 OK
Content-Type: application/json; charset=utf-8
cache-control: no-cache
content-length: 14

00:51:58.992 [AsyncHttpClient-1-15] DEBUG org.asynchttpclient.netty.channel.ChannelManager - Adding key: http://localhost:34017 for channel [id: 0x7b4c9655, L:/127.0.0.1:60241 - R:localhost/127.0.0.1:34017]
00:51:58.999 [Forwarding getCurrentWindowHandle on session d7deef2d203bb7575fe8d270318e6beb to remote] DEBUG org.asynchttpclient.netty.request.NettyRequestSender - Using pooled Channel '[id: 0x7b4c9655, L:/127.0.0.1:60241 - R:localhost/127.0.0.1:34017]' for 'GET' to 'http://localhost:34017/session/d7deef2d203bb7575fe8d270318e6beb/window'
00:51:58.999 [Forwarding getCurrentWindowHandle on session d7deef2d203bb7575fe8d270318e6beb to remote] DEBUG org.asynchttpclient.netty.request.NettyRequestSender - Using open Channel [id: 0x7b4c9655, L:/127.0.0.1:60241 - R:localhost/127.0.0.1:34017] for GET '/session/d7deef2d203bb7575fe8d270318e6beb/window'
00:51:59.000 [AsyncHttpClient-1-15] DEBUG org.asynchttpclient.netty.handler.HttpHandler - 

Request DefaultFullHttpRequest(decodeResult: success, version: HTTP/1.1, content: EmptyByteBufBE)
GET /session/d7deef2d203bb7575fe8d270318e6beb/window HTTP/1.1
User-Agent: selenium/4.7.1 (java windows)
Cache-Control: no-cache
Content-Type: application/json; charset=utf-8
host: localhost:34017
accept: */*

Response DefaultHttpResponse(decodeResult: success, version: HTTP/1.1)
HTTP/1.1 200 OK
Content-Type: application/json; charset=utf-8
cache-control: no-cache
content-length: 44

00:51:59.000 [AsyncHttpClient-1-15] DEBUG org.asynchttpclient.netty.channel.ChannelManager - Adding key: http://localhost:34017 for channel [id: 0x7b4c9655, L:/127.0.0.1:60241 - R:localhost/127.0.0.1:34017]
00:51:59.001 [Forwarding getAlertText on session d7deef2d203bb7575fe8d270318e6beb to remote] DEBUG org.asynchttpclient.netty.request.NettyRequestSender - Using pooled Channel '[id: 0x7b4c9655, L:/127.0.0.1:60241 - R:localhost/127.0.0.1:34017]' for 'GET' to 'http://localhost:34017/session/d7deef2d203bb7575fe8d270318e6beb/alert/text'
00:51:59.001 [Forwarding getAlertText on session d7deef2d203bb7575fe8d270318e6beb to remote] DEBUG org.asynchttpclient.netty.request.NettyRequestSender - Using open Channel [id: 0x7b4c9655, L:/127.0.0.1:60241 - R:localhost/127.0.0.1:34017] for GET '/session/d7deef2d203bb7575fe8d270318e6beb/alert/text'
00:51:59.003 [AsyncHttpClient-1-15] DEBUG org.asynchttpclient.netty.handler.HttpHandler - 

Request DefaultFullHttpRequest(decodeResult: success, version: HTTP/1.1, content: EmptyByteBufBE)
GET /session/d7deef2d203bb7575fe8d270318e6beb/alert/text HTTP/1.1
User-Agent: selenium/4.7.1 (java windows)
Cache-Control: no-cache
Content-Type: application/json; charset=utf-8
host: localhost:34017
accept: */*

Response DefaultHttpResponse(decodeResult: success, version: HTTP/1.1)
HTTP/1.1 404 Not Found
Content-Type: application/json; charset=utf-8
cache-control: no-cache
content-length: 849

00:51:59.003 [AsyncHttpClient-1-15] DEBUG org.asynchttpclient.netty.channel.ChannelManager - Adding key: http://localhost:34017 for channel [id: 0x7b4c9655, L:/127.0.0.1:60241 - R:localhost/127.0.0.1:34017]
00:51:59.004 [Forwarding switchToWindow on session d7deef2d203bb7575fe8d270318e6beb to remote] DEBUG org.asynchttpclient.netty.request.NettyRequestSender - Using pooled Channel '[id: 0x7b4c9655, L:/127.0.0.1:60241 - R:localhost/127.0.0.1:34017]' for 'POST' to 'http://localhost:34017/session/d7deef2d203bb7575fe8d270318e6beb/window'
00:51:59.004 [Forwarding switchToWindow on session d7deef2d203bb7575fe8d270318e6beb to remote] DEBUG org.asynchttpclient.netty.request.NettyRequestSender - Using open Channel [id: 0x7b4c9655, L:/127.0.0.1:60241 - R:localhost/127.0.0.1:34017] for POST '/session/d7deef2d203bb7575fe8d270318e6beb/window'
00:51:59.005 [AsyncHttpClient-1-15] DEBUG org.asynchttpclient.netty.handler.HttpHandler - 

Request DefaultHttpRequest(decodeResult: success, version: HTTP/1.1)
POST /session/d7deef2d203bb7575fe8d270318e6beb/window HTTP/1.1
User-Agent: selenium/4.7.1 (java windows)
Content-Length: 50
Content-Type: application/json; charset=utf-8
host: localhost:34017
accept: */*

Response DefaultHttpResponse(decodeResult: success, version: HTTP/1.1)
HTTP/1.1 200 OK
Content-Type: application/json; charset=utf-8
cache-control: no-cache
content-length: 14

00:51:59.006 [AsyncHttpClient-1-15] DEBUG org.asynchttpclient.netty.channel.ChannelManager - Adding key: http://localhost:34017 for channel [id: 0x7b4c9655, L:/127.0.0.1:60241 - R:localhost/127.0.0.1:34017]
00:51:59.006 [Forwarding getCurrentUrl on session d7deef2d203bb7575fe8d270318e6beb to remote] DEBUG org.asynchttpclient.netty.request.NettyRequestSender - Using pooled Channel '[id: 0x7b4c9655, L:/127.0.0.1:60241 - R:localhost/127.0.0.1:34017]' for 'GET' to 'http://localhost:34017/session/d7deef2d203bb7575fe8d270318e6beb/url'
00:51:59.006 [Forwarding getCurrentUrl on session d7deef2d203bb7575fe8d270318e6beb to remote] DEBUG org.asynchttpclient.netty.request.NettyRequestSender - Using open Channel [id: 0x7b4c9655, L:/127.0.0.1:60241 - R:localhost/127.0.0.1:34017] for GET '/session/d7deef2d203bb7575fe8d270318e6beb/url'
00:51:59.012 [AsyncHttpClient-1-15] DEBUG org.asynchttpclient.netty.handler.HttpHandler - 

Request DefaultFullHttpRequest(decodeResult: success, version: HTTP/1.1, content: EmptyByteBufBE)
GET /session/d7deef2d203bb7575fe8d270318e6beb/url HTTP/1.1
User-Agent: selenium/4.7.1 (java windows)
Cache-Control: no-cache
Content-Type: application/json; charset=utf-8
host: localhost:34017
accept: */*

Response DefaultHttpResponse(decodeResult: success, version: HTTP/1.1)
HTTP/1.1 200 OK
Content-Type: application/json; charset=utf-8
cache-control: no-cache
content-length: 51

00:51:59.012 [AsyncHttpClient-1-15] DEBUG org.asynchttpclient.netty.channel.ChannelManager - Adding key: http://localhost:34017 for channel [id: 0x7b4c9655, L:/127.0.0.1:60241 - R:localhost/127.0.0.1:34017]
00:51:59.013 [Forwarding screenshot on session d7deef2d203bb7575fe8d270318e6beb to remote] DEBUG org.asynchttpclient.netty.request.NettyRequestSender - Using pooled Channel '[id: 0x7b4c9655, L:/127.0.0.1:60241 - R:localhost/127.0.0.1:34017]' for 'GET' to 'http://localhost:34017/session/d7deef2d203bb7575fe8d270318e6beb/screenshot'
00:51:59.013 [Forwarding screenshot on session d7deef2d203bb7575fe8d270318e6beb to remote] DEBUG org.asynchttpclient.netty.request.NettyRequestSender - Using open Channel [id: 0x7b4c9655, L:/127.0.0.1:60241 - R:localhost/127.0.0.1:34017] for GET '/session/d7deef2d203bb7575fe8d270318e6beb/screenshot'
00:51:59.111 [AsyncHttpClient-1-15] DEBUG org.asynchttpclient.netty.handler.HttpHandler - 

Request DefaultFullHttpRequest(decodeResult: success, version: HTTP/1.1, content: EmptyByteBufBE)
GET /session/d7deef2d203bb7575fe8d270318e6beb/screenshot HTTP/1.1
User-Agent: selenium/4.7.1 (java windows)
Cache-Control: no-cache
Content-Type: application/json; charset=utf-8
host: localhost:34017
accept: */*

Response DefaultHttpResponse(decodeResult: success, version: HTTP/1.1)
HTTP/1.1 200 OK
Content-Type: application/json; charset=utf-8
cache-control: no-cache
content-length: 29976

00:51:59.111 [AsyncHttpClient-1-15] DEBUG org.asynchttpclient.netty.channel.ChannelManager - Adding key: http://localhost:34017 for channel [id: 0x7b4c9655, L:/127.0.0.1:60241 - R:localhost/127.0.0.1:34017]
00:51:59.112 [main] DEBUG net.serenitybdd.core.photography.Darkroom - Send negative for processing for target\site\serenity\7f817c3e03a3e5f25d18dd4134fe2be2987a938706e5e3c3885b536f088d1220.png
00:51:59.113 [main] DEBUG net.thucydides.core.steps.StepInterceptor - STEP DONE: inputPassword
00:51:59.113 [Darkroom Processing Line] DEBUG net.serenitybdd.core.photography.DarkroomProcessingLine - Processing screenshot image in /var/screenshots/screenshot-2552216914323695775
00:51:59.113 [Darkroom Processing Line] DEBUG net.serenitybdd.core.photography.DarkroomProcessingLine - Saving screenshot to target\site\serenity\7f817c3e03a3e5f25d18dd4134fe2be2987a938706e5e3c3885b536f088d1220.png
00:51:59.117 [main] DEBUG net.thucydides.core.steps.StepInterceptor - STARTING STEP: TransaksiSteps.userBeradaDiHomepageAltaShopDanLoginAkun - klikButtonLoginKedua
00:51:59.120 [Forwarding findElement on session d7deef2d203bb7575fe8d270318e6beb to remote] DEBUG org.asynchttpclient.netty.request.NettyRequestSender - Using pooled Channel '[id: 0x7b4c9655, L:/127.0.0.1:60241 - R:localhost/127.0.0.1:34017]' for 'POST' to 'http://localhost:34017/session/d7deef2d203bb7575fe8d270318e6beb/element'
00:51:59.120 [Forwarding findElement on session d7deef2d203bb7575fe8d270318e6beb to remote] DEBUG org.asynchttpclient.netty.request.NettyRequestSender - Using open Channel [id: 0x7b4c9655, L:/127.0.0.1:60241 - R:localhost/127.0.0.1:34017] for POST '/session/d7deef2d203bb7575fe8d270318e6beb/element'
00:51:59.133 [AsyncHttpClient-1-15] DEBUG org.asynchttpclient.netty.handler.HttpHandler - 

Request DefaultHttpRequest(decodeResult: success, version: HTTP/1.1)
POST /session/d7deef2d203bb7575fe8d270318e6beb/element HTTP/1.1
User-Agent: selenium/4.7.1 (java windows)
Content-Length: 141
Content-Type: application/json; charset=utf-8
host: localhost:34017
accept: */*

Response DefaultHttpResponse(decodeResult: success, version: HTTP/1.1)
HTTP/1.1 200 OK
Content-Type: application/json; charset=utf-8
cache-control: no-cache
content-length: 88

00:51:59.133 [AsyncHttpClient-1-15] DEBUG org.asynchttpclient.netty.channel.ChannelManager - Adding key: http://localhost:34017 for channel [id: 0x7b4c9655, L:/127.0.0.1:60241 - R:localhost/127.0.0.1:34017]
00:51:59.134 [Forwarding getElementTagName on session d7deef2d203bb7575fe8d270318e6beb to remote] DEBUG org.asynchttpclient.netty.request.NettyRequestSender - Using pooled Channel '[id: 0x7b4c9655, L:/127.0.0.1:60241 - R:localhost/127.0.0.1:34017]' for 'GET' to 'http://localhost:34017/session/d7deef2d203bb7575fe8d270318e6beb/element/de6e9753-0482-4d5b-a708-05206bdee070/name'
00:51:59.134 [Forwarding getElementTagName on session d7deef2d203bb7575fe8d270318e6beb to remote] DEBUG org.asynchttpclient.netty.request.NettyRequestSender - Using open Channel [id: 0x7b4c9655, L:/127.0.0.1:60241 - R:localhost/127.0.0.1:34017] for GET '/session/d7deef2d203bb7575fe8d270318e6beb/element/de6e9753-0482-4d5b-a708-05206bdee070/name'
00:51:59.138 [AsyncHttpClient-1-15] DEBUG org.asynchttpclient.netty.handler.HttpHandler - 

Request DefaultFullHttpRequest(decodeResult: success, version: HTTP/1.1, content: EmptyByteBufBE)
GET /session/d7deef2d203bb7575fe8d270318e6beb/element/de6e9753-0482-4d5b-a708-05206bdee070/name HTTP/1.1
User-Agent: selenium/4.7.1 (java windows)
Cache-Control: no-cache
Content-Type: application/json; charset=utf-8
host: localhost:34017
accept: */*

Response DefaultHttpResponse(decodeResult: success, version: HTTP/1.1)
HTTP/1.1 200 OK
Content-Type: application/json; charset=utf-8
cache-control: no-cache
content-length: 18

00:51:59.138 [AsyncHttpClient-1-15] DEBUG org.asynchttpclient.netty.channel.ChannelManager - Adding key: http://localhost:34017 for channel [id: 0x7b4c9655, L:/127.0.0.1:60241 - R:localhost/127.0.0.1:34017]
00:51:59.139 [Forwarding getElementTagName on session d7deef2d203bb7575fe8d270318e6beb to remote] DEBUG org.asynchttpclient.netty.request.NettyRequestSender - Using pooled Channel '[id: 0x7b4c9655, L:/127.0.0.1:60241 - R:localhost/127.0.0.1:34017]' for 'GET' to 'http://localhost:34017/session/d7deef2d203bb7575fe8d270318e6beb/element/de6e9753-0482-4d5b-a708-05206bdee070/name'
00:51:59.139 [Forwarding getElementTagName on session d7deef2d203bb7575fe8d270318e6beb to remote] DEBUG org.asynchttpclient.netty.request.NettyRequestSender - Using open Channel [id: 0x7b4c9655, L:/127.0.0.1:60241 - R:localhost/127.0.0.1:34017] for GET '/session/d7deef2d203bb7575fe8d270318e6beb/element/de6e9753-0482-4d5b-a708-05206bdee070/name'
00:51:59.142 [AsyncHttpClient-1-15] DEBUG org.asynchttpclient.netty.handler.HttpHandler - 

Request DefaultFullHttpRequest(decodeResult: success, version: HTTP/1.1, content: EmptyByteBufBE)
GET /session/d7deef2d203bb7575fe8d270318e6beb/element/de6e9753-0482-4d5b-a708-05206bdee070/name HTTP/1.1
User-Agent: selenium/4.7.1 (java windows)
Cache-Control: no-cache
Content-Type: application/json; charset=utf-8
host: localhost:34017
accept: */*

Response DefaultHttpResponse(decodeResult: success, version: HTTP/1.1)
HTTP/1.1 200 OK
Content-Type: application/json; charset=utf-8
cache-control: no-cache
content-length: 18

00:51:59.142 [AsyncHttpClient-1-15] DEBUG org.asynchttpclient.netty.channel.ChannelManager - Adding key: http://localhost:34017 for channel [id: 0x7b4c9655, L:/127.0.0.1:60241 - R:localhost/127.0.0.1:34017]
00:51:59.144 [Forwarding isElementEnabled on session d7deef2d203bb7575fe8d270318e6beb to remote] DEBUG org.asynchttpclient.netty.request.NettyRequestSender - Using pooled Channel '[id: 0x7b4c9655, L:/127.0.0.1:60241 - R:localhost/127.0.0.1:34017]' for 'GET' to 'http://localhost:34017/session/d7deef2d203bb7575fe8d270318e6beb/element/de6e9753-0482-4d5b-a708-05206bdee070/enabled'
00:51:59.144 [Forwarding isElementEnabled on session d7deef2d203bb7575fe8d270318e6beb to remote] DEBUG org.asynchttpclient.netty.request.NettyRequestSender - Using open Channel [id: 0x7b4c9655, L:/127.0.0.1:60241 - R:localhost/127.0.0.1:34017] for GET '/session/d7deef2d203bb7575fe8d270318e6beb/element/de6e9753-0482-4d5b-a708-05206bdee070/enabled'
00:51:59.152 [AsyncHttpClient-1-15] DEBUG org.asynchttpclient.netty.handler.HttpHandler - 

Request DefaultFullHttpRequest(decodeResult: success, version: HTTP/1.1, content: EmptyByteBufBE)
GET /session/d7deef2d203bb7575fe8d270318e6beb/element/de6e9753-0482-4d5b-a708-05206bdee070/enabled HTTP/1.1
User-Agent: selenium/4.7.1 (java windows)
Cache-Control: no-cache
Content-Type: application/json; charset=utf-8
host: localhost:34017
accept: */*

Response DefaultHttpResponse(decodeResult: success, version: HTTP/1.1)
HTTP/1.1 200 OK
Content-Type: application/json; charset=utf-8
cache-control: no-cache
content-length: 14

00:51:59.153 [AsyncHttpClient-1-15] DEBUG org.asynchttpclient.netty.channel.ChannelManager - Adding key: http://localhost:34017 for channel [id: 0x7b4c9655, L:/127.0.0.1:60241 - R:localhost/127.0.0.1:34017]
00:51:59.154 [Forwarding isElementEnabled on session d7deef2d203bb7575fe8d270318e6beb to remote] DEBUG org.asynchttpclient.netty.request.NettyRequestSender - Using pooled Channel '[id: 0x7b4c9655, L:/127.0.0.1:60241 - R:localhost/127.0.0.1:34017]' for 'GET' to 'http://localhost:34017/session/d7deef2d203bb7575fe8d270318e6beb/element/de6e9753-0482-4d5b-a708-05206bdee070/enabled'
00:51:59.154 [Forwarding isElementEnabled on session d7deef2d203bb7575fe8d270318e6beb to remote] DEBUG org.asynchttpclient.netty.request.NettyRequestSender - Using open Channel [id: 0x7b4c9655, L:/127.0.0.1:60241 - R:localhost/127.0.0.1:34017] for GET '/session/d7deef2d203bb7575fe8d270318e6beb/element/de6e9753-0482-4d5b-a708-05206bdee070/enabled'
00:51:59.160 [AsyncHttpClient-1-15] DEBUG org.asynchttpclient.netty.handler.HttpHandler - 

Request DefaultFullHttpRequest(decodeResult: success, version: HTTP/1.1, content: EmptyByteBufBE)
GET /session/d7deef2d203bb7575fe8d270318e6beb/element/de6e9753-0482-4d5b-a708-05206bdee070/enabled HTTP/1.1
User-Agent: selenium/4.7.1 (java windows)
Cache-Control: no-cache
Content-Type: application/json; charset=utf-8
host: localhost:34017
accept: */*

Response DefaultHttpResponse(decodeResult: success, version: HTTP/1.1)
HTTP/1.1 200 OK
Content-Type: application/json; charset=utf-8
cache-control: no-cache
content-length: 14

00:51:59.160 [AsyncHttpClient-1-15] DEBUG org.asynchttpclient.netty.channel.ChannelManager - Adding key: http://localhost:34017 for channel [id: 0x7b4c9655, L:/127.0.0.1:60241 - R:localhost/127.0.0.1:34017]
00:51:59.162 [Forwarding findElement on session d7deef2d203bb7575fe8d270318e6beb to remote] DEBUG org.asynchttpclient.netty.request.NettyRequestSender - Using pooled Channel '[id: 0x7b4c9655, L:/127.0.0.1:60241 - R:localhost/127.0.0.1:34017]' for 'POST' to 'http://localhost:34017/session/d7deef2d203bb7575fe8d270318e6beb/element'
00:51:59.162 [Forwarding findElement on session d7deef2d203bb7575fe8d270318e6beb to remote] DEBUG org.asynchttpclient.netty.request.NettyRequestSender - Using open Channel [id: 0x7b4c9655, L:/127.0.0.1:60241 - R:localhost/127.0.0.1:34017] for POST '/session/d7deef2d203bb7575fe8d270318e6beb/element'
00:51:59.173 [AsyncHttpClient-1-15] DEBUG org.asynchttpclient.netty.handler.HttpHandler - 

Request DefaultHttpRequest(decodeResult: success, version: HTTP/1.1)
POST /session/d7deef2d203bb7575fe8d270318e6beb/element HTTP/1.1
User-Agent: selenium/4.7.1 (java windows)
Content-Length: 141
Content-Type: application/json; charset=utf-8
host: localhost:34017
accept: */*

Response DefaultHttpResponse(decodeResult: success, version: HTTP/1.1)
HTTP/1.1 200 OK
Content-Type: application/json; charset=utf-8
cache-control: no-cache
content-length: 88

00:51:59.173 [AsyncHttpClient-1-15] DEBUG org.asynchttpclient.netty.channel.ChannelManager - Adding key: http://localhost:34017 for channel [id: 0x7b4c9655, L:/127.0.0.1:60241 - R:localhost/127.0.0.1:34017]
00:51:59.174 [Forwarding clickElement on session d7deef2d203bb7575fe8d270318e6beb to remote] DEBUG org.asynchttpclient.netty.request.NettyRequestSender - Using pooled Channel '[id: 0x7b4c9655, L:/127.0.0.1:60241 - R:localhost/127.0.0.1:34017]' for 'POST' to 'http://localhost:34017/session/d7deef2d203bb7575fe8d270318e6beb/element/de6e9753-0482-4d5b-a708-05206bdee070/click'
00:51:59.174 [Forwarding clickElement on session d7deef2d203bb7575fe8d270318e6beb to remote] DEBUG org.asynchttpclient.netty.request.NettyRequestSender - Using open Channel [id: 0x7b4c9655, L:/127.0.0.1:60241 - R:localhost/127.0.0.1:34017] for POST '/session/d7deef2d203bb7575fe8d270318e6beb/element/de6e9753-0482-4d5b-a708-05206bdee070/click'
00:51:59.239 [AsyncHttpClient-1-15] DEBUG org.asynchttpclient.netty.handler.HttpHandler - 

Request DefaultHttpRequest(decodeResult: success, version: HTTP/1.1)
POST /session/d7deef2d203bb7575fe8d270318e6beb/element/de6e9753-0482-4d5b-a708-05206bdee070/click HTTP/1.1
User-Agent: selenium/4.7.1 (java windows)
Content-Length: 50
Content-Type: application/json; charset=utf-8
host: localhost:34017
accept: */*

Response DefaultHttpResponse(decodeResult: success, version: HTTP/1.1)
HTTP/1.1 200 OK
Content-Type: application/json; charset=utf-8
cache-control: no-cache
content-length: 14

00:51:59.239 [AsyncHttpClient-1-15] DEBUG org.asynchttpclient.netty.channel.ChannelManager - Adding key: http://localhost:34017 for channel [id: 0x7b4c9655, L:/127.0.0.1:60241 - R:localhost/127.0.0.1:34017]
00:51:59.247 [Forwarding getCurrentWindowHandle on session d7deef2d203bb7575fe8d270318e6beb to remote] DEBUG org.asynchttpclient.netty.request.NettyRequestSender - Using pooled Channel '[id: 0x7b4c9655, L:/127.0.0.1:60241 - R:localhost/127.0.0.1:34017]' for 'GET' to 'http://localhost:34017/session/d7deef2d203bb7575fe8d270318e6beb/window'
00:51:59.247 [Forwarding getCurrentWindowHandle on session d7deef2d203bb7575fe8d270318e6beb to remote] DEBUG org.asynchttpclient.netty.request.NettyRequestSender - Using open Channel [id: 0x7b4c9655, L:/127.0.0.1:60241 - R:localhost/127.0.0.1:34017] for GET '/session/d7deef2d203bb7575fe8d270318e6beb/window'
00:51:59.248 [AsyncHttpClient-1-15] DEBUG org.asynchttpclient.netty.handler.HttpHandler - 

Request DefaultFullHttpRequest(decodeResult: success, version: HTTP/1.1, content: EmptyByteBufBE)
GET /session/d7deef2d203bb7575fe8d270318e6beb/window HTTP/1.1
User-Agent: selenium/4.7.1 (java windows)
Cache-Control: no-cache
Content-Type: application/json; charset=utf-8
host: localhost:34017
accept: */*

Response DefaultHttpResponse(decodeResult: success, version: HTTP/1.1)
HTTP/1.1 200 OK
Content-Type: application/json; charset=utf-8
cache-control: no-cache
content-length: 44

00:51:59.248 [AsyncHttpClient-1-15] DEBUG org.asynchttpclient.netty.channel.ChannelManager - Adding key: http://localhost:34017 for channel [id: 0x7b4c9655, L:/127.0.0.1:60241 - R:localhost/127.0.0.1:34017]
00:51:59.250 [Forwarding getAlertText on session d7deef2d203bb7575fe8d270318e6beb to remote] DEBUG org.asynchttpclient.netty.request.NettyRequestSender - Using pooled Channel '[id: 0x7b4c9655, L:/127.0.0.1:60241 - R:localhost/127.0.0.1:34017]' for 'GET' to 'http://localhost:34017/session/d7deef2d203bb7575fe8d270318e6beb/alert/text'
00:51:59.250 [Forwarding getAlertText on session d7deef2d203bb7575fe8d270318e6beb to remote] DEBUG org.asynchttpclient.netty.request.NettyRequestSender - Using open Channel [id: 0x7b4c9655, L:/127.0.0.1:60241 - R:localhost/127.0.0.1:34017] for GET '/session/d7deef2d203bb7575fe8d270318e6beb/alert/text'
00:51:59.252 [AsyncHttpClient-1-15] DEBUG org.asynchttpclient.netty.handler.HttpHandler - 

Request DefaultFullHttpRequest(decodeResult: success, version: HTTP/1.1, content: EmptyByteBufBE)
GET /session/d7deef2d203bb7575fe8d270318e6beb/alert/text HTTP/1.1
User-Agent: selenium/4.7.1 (java windows)
Cache-Control: no-cache
Content-Type: application/json; charset=utf-8
host: localhost:34017
accept: */*

Response DefaultHttpResponse(decodeResult: success, version: HTTP/1.1)
HTTP/1.1 404 Not Found
Content-Type: application/json; charset=utf-8
cache-control: no-cache
content-length: 849

00:51:59.252 [AsyncHttpClient-1-15] DEBUG org.asynchttpclient.netty.channel.ChannelManager - Adding key: http://localhost:34017 for channel [id: 0x7b4c9655, L:/127.0.0.1:60241 - R:localhost/127.0.0.1:34017]
00:51:59.254 [Forwarding switchToWindow on session d7deef2d203bb7575fe8d270318e6beb to remote] DEBUG org.asynchttpclient.netty.request.NettyRequestSender - Using pooled Channel '[id: 0x7b4c9655, L:/127.0.0.1:60241 - R:localhost/127.0.0.1:34017]' for 'POST' to 'http://localhost:34017/session/d7deef2d203bb7575fe8d270318e6beb/window'
00:51:59.254 [Forwarding switchToWindow on session d7deef2d203bb7575fe8d270318e6beb to remote] DEBUG org.asynchttpclient.netty.request.NettyRequestSender - Using open Channel [id: 0x7b4c9655, L:/127.0.0.1:60241 - R:localhost/127.0.0.1:34017] for POST '/session/d7deef2d203bb7575fe8d270318e6beb/window'
00:51:59.256 [AsyncHttpClient-1-15] DEBUG org.asynchttpclient.netty.handler.HttpHandler - 

Request DefaultHttpRequest(decodeResult: success, version: HTTP/1.1)
POST /session/d7deef2d203bb7575fe8d270318e6beb/window HTTP/1.1
User-Agent: selenium/4.7.1 (java windows)
Content-Length: 50
Content-Type: application/json; charset=utf-8
host: localhost:34017
accept: */*

Response DefaultHttpResponse(decodeResult: success, version: HTTP/1.1)
HTTP/1.1 200 OK
Content-Type: application/json; charset=utf-8
cache-control: no-cache
content-length: 14

00:51:59.256 [AsyncHttpClient-1-15] DEBUG org.asynchttpclient.netty.channel.ChannelManager - Adding key: http://localhost:34017 for channel [id: 0x7b4c9655, L:/127.0.0.1:60241 - R:localhost/127.0.0.1:34017]
00:51:59.257 [Forwarding getCurrentUrl on session d7deef2d203bb7575fe8d270318e6beb to remote] DEBUG org.asynchttpclient.netty.request.NettyRequestSender - Using pooled Channel '[id: 0x7b4c9655, L:/127.0.0.1:60241 - R:localhost/127.0.0.1:34017]' for 'GET' to 'http://localhost:34017/session/d7deef2d203bb7575fe8d270318e6beb/url'
00:51:59.257 [Forwarding getCurrentUrl on session d7deef2d203bb7575fe8d270318e6beb to remote] DEBUG org.asynchttpclient.netty.request.NettyRequestSender - Using open Channel [id: 0x7b4c9655, L:/127.0.0.1:60241 - R:localhost/127.0.0.1:34017] for GET '/session/d7deef2d203bb7575fe8d270318e6beb/url'
00:51:59.261 [AsyncHttpClient-1-15] DEBUG org.asynchttpclient.netty.handler.HttpHandler - 

Request DefaultFullHttpRequest(decodeResult: success, version: HTTP/1.1, content: EmptyByteBufBE)
GET /session/d7deef2d203bb7575fe8d270318e6beb/url HTTP/1.1
User-Agent: selenium/4.7.1 (java windows)
Cache-Control: no-cache
Content-Type: application/json; charset=utf-8
host: localhost:34017
accept: */*

Response DefaultHttpResponse(decodeResult: success, version: HTTP/1.1)
HTTP/1.1 200 OK
Content-Type: application/json; charset=utf-8
cache-control: no-cache
content-length: 51

00:51:59.261 [AsyncHttpClient-1-15] DEBUG org.asynchttpclient.netty.channel.ChannelManager - Adding key: http://localhost:34017 for channel [id: 0x7b4c9655, L:/127.0.0.1:60241 - R:localhost/127.0.0.1:34017]
00:51:59.261 [Forwarding screenshot on session d7deef2d203bb7575fe8d270318e6beb to remote] DEBUG org.asynchttpclient.netty.request.NettyRequestSender - Using pooled Channel '[id: 0x7b4c9655, L:/127.0.0.1:60241 - R:localhost/127.0.0.1:34017]' for 'GET' to 'http://localhost:34017/session/d7deef2d203bb7575fe8d270318e6beb/screenshot'
00:51:59.262 [Forwarding screenshot on session d7deef2d203bb7575fe8d270318e6beb to remote] DEBUG org.asynchttpclient.netty.request.NettyRequestSender - Using open Channel [id: 0x7b4c9655, L:/127.0.0.1:60241 - R:localhost/127.0.0.1:34017] for GET '/session/d7deef2d203bb7575fe8d270318e6beb/screenshot'
00:51:59.369 [AsyncHttpClient-1-15] DEBUG org.asynchttpclient.netty.handler.HttpHandler - 

Request DefaultFullHttpRequest(decodeResult: success, version: HTTP/1.1, content: EmptyByteBufBE)
GET /session/d7deef2d203bb7575fe8d270318e6beb/screenshot HTTP/1.1
User-Agent: selenium/4.7.1 (java windows)
Cache-Control: no-cache
Content-Type: application/json; charset=utf-8
host: localhost:34017
accept: */*

Response DefaultHttpResponse(decodeResult: success, version: HTTP/1.1)
HTTP/1.1 200 OK
Content-Type: application/json; charset=utf-8
cache-control: no-cache
content-length: 29456

00:51:59.369 [AsyncHttpClient-1-15] DEBUG org.asynchttpclient.netty.channel.ChannelManager - Adding key: http://localhost:34017 for channel [id: 0x7b4c9655, L:/127.0.0.1:60241 - R:localhost/127.0.0.1:34017]
00:51:59.370 [main] DEBUG net.serenitybdd.core.photography.Darkroom - Send negative for processing for target\site\serenity\18271a28200c0056bc7436686b820cb21211930380e3e869970c43e589f416de.png
00:51:59.370 [main] DEBUG net.thucydides.core.steps.StepInterceptor - STEP DONE: klikButtonLoginKedua
  &amp#27;[32mGiven &amp#27;[0m&amp#27;[32muser berada di Homepage AltaShop dan login akun&amp#27;[0m                   &amp#27;[90m# starter.stepdefinitions.TransaksiSteps.userBeradaDiHomepageAltaShopDanLoginAkun()&amp#27;[0m
00:51:59.371 [Darkroom Processing Line] DEBUG net.serenitybdd.core.photography.DarkroomProcessingLine - Processing screenshot image in /var/screenshots/screenshot-5102464735491788389
00:51:59.371 [Darkroom Processing Line] DEBUG net.serenitybdd.core.photography.DarkroomProcessingLine - Saving screenshot to target\site\serenity\18271a28200c0056bc7436686b820cb21211930380e3e869970c43e589f416de.png
00:51:59.385 [main] DEBUG net.thucydides.core.steps.StepInterceptor - STARTING STEP: TransaksiSteps.userKlikBeliPadaProdukYangDiinginkan - diHomepageKembali
00:51:59.388 [Forwarding findElement on session d7deef2d203bb7575fe8d270318e6beb to remote] DEBUG org.asynchttpclient.netty.request.NettyRequestSender - Using pooled Channel '[id: 0x7b4c9655, L:/127.0.0.1:60241 - R:localhost/127.0.0.1:34017]' for 'POST' to 'http://localhost:34017/session/d7deef2d203bb7575fe8d270318e6beb/element'
00:51:59.388 [Forwarding findElement on session d7deef2d203bb7575fe8d270318e6beb to remote] DEBUG org.asynchttpclient.netty.request.NettyRequestSender - Using open Channel [id: 0x7b4c9655, L:/127.0.0.1:60241 - R:localhost/127.0.0.1:34017] for POST '/session/d7deef2d203bb7575fe8d270318e6beb/element'
00:51:59.929 [AsyncHttpClient-1-1] DEBUG org.asynchttpclient.netty.channel.DefaultChannelPool - Entry count for : http://localhost:60242 : 1
00:52:01.040 [AsyncHttpClient-1-1] DEBUG org.asynchttpclient.netty.channel.DefaultChannelPool - Entry count for : http://localhost:60242 : 1
00:52:01.913 [AsyncHttpClient-1-15] DEBUG org.asynchttpclient.netty.handler.HttpHandler - 

Request DefaultHttpRequest(decodeResult: success, version: HTTP/1.1)
POST /session/d7deef2d203bb7575fe8d270318e6beb/element HTTP/1.1
User-Agent: selenium/4.7.1 (java windows)
Content-Length: 194
Content-Type: application/json; charset=utf-8
host: localhost:34017
accept: */*

Response DefaultHttpResponse(decodeResult: success, version: HTTP/1.1)
HTTP/1.1 404 Not Found
Content-Type: application/json; charset=utf-8
cache-control: no-cache
content-length: 1031

00:52:01.913 [AsyncHttpClient-1-15] DEBUG org.asynchttpclient.netty.channel.ChannelManager - Adding key: http://localhost:34017 for channel [id: 0x7b4c9655, L:/127.0.0.1:60241 - R:localhost/127.0.0.1:34017]
00:52:01.921 [Forwarding getCurrentWindowHandle on session d7deef2d203bb7575fe8d270318e6beb to remote] DEBUG org.asynchttpclient.netty.request.NettyRequestSender - Using pooled Channel '[id: 0x7b4c9655, L:/127.0.0.1:60241 - R:localhost/127.0.0.1:34017]' for 'GET' to 'http://localhost:34017/session/d7deef2d203bb7575fe8d270318e6beb/window'
00:52:01.921 [Forwarding getCurrentWindowHandle on session d7deef2d203bb7575fe8d270318e6beb to remote] DEBUG org.asynchttpclient.netty.request.NettyRequestSender - Using open Channel [id: 0x7b4c9655, L:/127.0.0.1:60241 - R:localhost/127.0.0.1:34017] for GET '/session/d7deef2d203bb7575fe8d270318e6beb/window'
00:52:01.922 [AsyncHttpClient-1-15] DEBUG org.asynchttpclient.netty.handler.HttpHandler - 

Request DefaultFullHttpRequest(decodeResult: success, version: HTTP/1.1, content: EmptyByteBufBE)
GET /session/d7deef2d203bb7575fe8d270318e6beb/window HTTP/1.1
User-Agent: selenium/4.7.1 (java windows)
Cache-Control: no-cache
Content-Type: application/json; charset=utf-8
host: localhost:34017
accept: */*

Response DefaultHttpResponse(decodeResult: success, version: HTTP/1.1)
HTTP/1.1 200 OK
Content-Type: application/json; charset=utf-8
cache-control: no-cache
content-length: 44

00:52:01.922 [AsyncHttpClient-1-15] DEBUG org.asynchttpclient.netty.channel.ChannelManager - Adding key: http://localhost:34017 for channel [id: 0x7b4c9655, L:/127.0.0.1:60241 - R:localhost/127.0.0.1:34017]
00:52:01.923 [Forwarding getAlertText on session d7deef2d203bb7575fe8d270318e6beb to remote] DEBUG org.asynchttpclient.netty.request.NettyRequestSender - Using pooled Channel '[id: 0x7b4c9655, L:/127.0.0.1:60241 - R:localhost/127.0.0.1:34017]' for 'GET' to 'http://localhost:34017/session/d7deef2d203bb7575fe8d270318e6beb/alert/text'
00:52:01.924 [Forwarding getAlertText on session d7deef2d203bb7575fe8d270318e6beb to remote] DEBUG org.asynchttpclient.netty.request.NettyRequestSender - Using open Channel [id: 0x7b4c9655, L:/127.0.0.1:60241 - R:localhost/127.0.0.1:34017] for GET '/session/d7deef2d203bb7575fe8d270318e6beb/alert/text'
00:52:01.925 [AsyncHttpClient-1-15] DEBUG org.asynchttpclient.netty.handler.HttpHandler - 

Request DefaultFullHttpRequest(decodeResult: success, version: HTTP/1.1, content: EmptyByteBufBE)
GET /session/d7deef2d203bb7575fe8d270318e6beb/alert/text HTTP/1.1
User-Agent: selenium/4.7.1 (java windows)
Cache-Control: no-cache
Content-Type: application/json; charset=utf-8
host: localhost:34017
accept: */*

Response DefaultHttpResponse(decodeResult: success, version: HTTP/1.1)
HTTP/1.1 404 Not Found
Content-Type: application/json; charset=utf-8
cache-control: no-cache
content-length: 849

00:52:01.926 [AsyncHttpClient-1-15] DEBUG org.asynchttpclient.netty.channel.ChannelManager - Adding key: http://localhost:34017 for channel [id: 0x7b4c9655, L:/127.0.0.1:60241 - R:localhost/127.0.0.1:34017]
00:52:01.927 [Forwarding switchToWindow on session d7deef2d203bb7575fe8d270318e6beb to remote] DEBUG org.asynchttpclient.netty.request.NettyRequestSender - Using pooled Channel '[id: 0x7b4c9655, L:/127.0.0.1:60241 - R:localhost/127.0.0.1:34017]' for 'POST' to 'http://localhost:34017/session/d7deef2d203bb7575fe8d270318e6beb/window'
00:52:01.927 [Forwarding switchToWindow on session d7deef2d203bb7575fe8d270318e6beb to remote] DEBUG org.asynchttpclient.netty.request.NettyRequestSender - Using open Channel [id: 0x7b4c9655, L:/127.0.0.1:60241 - R:localhost/127.0.0.1:34017] for POST '/session/d7deef2d203bb7575fe8d270318e6beb/window'
00:52:01.929 [AsyncHttpClient-1-15] DEBUG org.asynchttpclient.netty.handler.HttpHandler - 

Request DefaultHttpRequest(decodeResult: success, version: HTTP/1.1)
POST /session/d7deef2d203bb7575fe8d270318e6beb/window HTTP/1.1
User-Agent: selenium/4.7.1 (java windows)
Content-Length: 50
Content-Type: application/json; charset=utf-8
host: localhost:34017
accept: */*

Response DefaultHttpResponse(decodeResult: success, version: HTTP/1.1)
HTTP/1.1 200 OK
Content-Type: application/json; charset=utf-8
cache-control: no-cache
content-length: 14

00:52:01.929 [AsyncHttpClient-1-15] DEBUG org.asynchttpclient.netty.channel.ChannelManager - Adding key: http://localhost:34017 for channel [id: 0x7b4c9655, L:/127.0.0.1:60241 - R:localhost/127.0.0.1:34017]
00:52:01.929 [Forwarding getCurrentUrl on session d7deef2d203bb7575fe8d270318e6beb to remote] DEBUG org.asynchttpclient.netty.request.NettyRequestSender - Using pooled Channel '[id: 0x7b4c9655, L:/127.0.0.1:60241 - R:localhost/127.0.0.1:34017]' for 'GET' to 'http://localhost:34017/session/d7deef2d203bb7575fe8d270318e6beb/url'
00:52:01.930 [Forwarding getCurrentUrl on session d7deef2d203bb7575fe8d270318e6beb to remote] DEBUG org.asynchttpclient.netty.request.NettyRequestSender - Using open Channel [id: 0x7b4c9655, L:/127.0.0.1:60241 - R:localhost/127.0.0.1:34017] for GET '/session/d7deef2d203bb7575fe8d270318e6beb/url'
00:52:01.937 [AsyncHttpClient-1-15] DEBUG org.asynchttpclient.netty.handler.HttpHandler - 

Request DefaultFullHttpRequest(decodeResult: success, version: HTTP/1.1, content: EmptyByteBufBE)
GET /session/d7deef2d203bb7575fe8d270318e6beb/url HTTP/1.1
User-Agent: selenium/4.7.1 (java windows)
Cache-Control: no-cache
Content-Type: application/json; charset=utf-8
host: localhost:34017
accept: */*

Response DefaultHttpResponse(decodeResult: success, version: HTTP/1.1)
HTTP/1.1 200 OK
Content-Type: application/json; charset=utf-8
cache-control: no-cache
content-length: 41

00:52:01.938 [AsyncHttpClient-1-15] DEBUG org.asynchttpclient.netty.channel.ChannelManager - Adding key: http://localhost:34017 for channel [id: 0x7b4c9655, L:/127.0.0.1:60241 - R:localhost/127.0.0.1:34017]
00:52:01.938 [Forwarding screenshot on session d7deef2d203bb7575fe8d270318e6beb to remote] DEBUG org.asynchttpclient.netty.request.NettyRequestSender - Using pooled Channel '[id: 0x7b4c9655, L:/127.0.0.1:60241 - R:localhost/127.0.0.1:34017]' for 'GET' to 'http://localhost:34017/session/d7deef2d203bb7575fe8d270318e6beb/screenshot'
00:52:01.938 [Forwarding screenshot on session d7deef2d203bb7575fe8d270318e6beb to remote] DEBUG org.asynchttpclient.netty.request.NettyRequestSender - Using open Channel [id: 0x7b4c9655, L:/127.0.0.1:60241 - R:localhost/127.0.0.1:34017] for GET '/session/d7deef2d203bb7575fe8d270318e6beb/screenshot'
00:52:02.050 [AsyncHttpClient-1-15] DEBUG org.asynchttpclient.netty.handler.HttpHandler - 

Request DefaultFullHttpRequest(decodeResult: success, version: HTTP/1.1, content: EmptyByteBufBE)
GET /session/d7deef2d203bb7575fe8d270318e6beb/screenshot HTTP/1.1
User-Agent: selenium/4.7.1 (java windows)
Cache-Control: no-cache
Content-Type: application/json; charset=utf-8
host: localhost:34017
accept: */*

Response DefaultHttpResponse(decodeResult: success, version: HTTP/1.1)
HTTP/1.1 200 OK
Content-Type: application/json; charset=utf-8
cache-control: no-cache
content-length: 28180

00:52:02.051 [AsyncHttpClient-1-15] DEBUG org.asynchttpclient.netty.channel.ChannelManager - Adding key: http://localhost:34017 for channel [id: 0x7b4c9655, L:/127.0.0.1:60241 - R:localhost/127.0.0.1:34017]
00:52:02.052 [main] DEBUG net.serenitybdd.core.photography.Darkroom - Send negative for processing for target\site\serenity\8d28ee5b32cdb9f6070a8715302536a75997de4791bac157e157dc4dfb5ac62b.png
00:52:02.053 [Darkroom Processing Line] DEBUG net.serenitybdd.core.photography.DarkroomProcessingLine - Processing screenshot image in /var/screenshots/screenshot-1689334389669082429
00:52:02.053 [Darkroom Processing Line] DEBUG net.serenitybdd.core.photography.DarkroomProcessingLine - Saving screenshot to target\site\serenity\8d28ee5b32cdb9f6070a8715302536a75997de4791bac157e157dc4dfb5ac62b.png
00:52:02.054 [Forwarding getPageSource on session d7deef2d203bb7575fe8d270318e6beb to remote] DEBUG org.asynchttpclient.netty.request.NettyRequestSender - Using pooled Channel '[id: 0x7b4c9655, L:/127.0.0.1:60241 - R:localhost/127.0.0.1:34017]' for 'POST' to 'http://localhost:34017/session/d7deef2d203bb7575fe8d270318e6beb/execute/sync'
00:52:02.054 [Forwarding getPageSource on session d7deef2d203bb7575fe8d270318e6beb to remote] DEBUG org.asynchttpclient.netty.request.NettyRequestSender - Using open Channel [id: 0x7b4c9655, L:/127.0.0.1:60241 - R:localhost/127.0.0.1:34017] for POST '/session/d7deef2d203bb7575fe8d270318e6beb/execute/sync'
00:52:02.063 [AsyncHttpClient-1-15] DEBUG org.asynchttpclient.netty.handler.HttpHandler - 

Request DefaultHttpRequest(decodeResult: success, version: HTTP/1.1)
POST /session/d7deef2d203bb7575fe8d270318e6beb/execute/sync HTTP/1.1
User-Agent: selenium/4.7.1 (java windows)
Content-Length: 176
Content-Type: application/json; charset=utf-8
host: localhost:34017
accept: */*

Response DefaultHttpResponse(decodeResult: success, version: HTTP/1.1)
HTTP/1.1 200 OK
Content-Type: application/json; charset=utf-8
cache-control: no-cache
content-length: 28804

00:52:02.063 [AsyncHttpClient-1-15] DEBUG org.asynchttpclient.netty.channel.ChannelManager - Adding key: http://localhost:34017 for channel [id: 0x7b4c9655, L:/127.0.0.1:60241 - R:localhost/127.0.0.1:34017]
00:52:02.069 [Forwarding getCurrentUrl on session d7deef2d203bb7575fe8d270318e6beb to remote] DEBUG org.asynchttpclient.netty.request.NettyRequestSender - Using pooled Channel '[id: 0x7b4c9655, L:/127.0.0.1:60241 - R:localhost/127.0.0.1:34017]' for 'GET' to 'http://localhost:34017/session/d7deef2d203bb7575fe8d270318e6beb/url'
00:52:02.069 [Forwarding getCurrentUrl on session d7deef2d203bb7575fe8d270318e6beb to remote] DEBUG org.asynchttpclient.netty.request.NettyRequestSender - Using open Channel [id: 0x7b4c9655, L:/127.0.0.1:60241 - R:localhost/127.0.0.1:34017] for GET '/session/d7deef2d203bb7575fe8d270318e6beb/url'
00:52:02.075 [AsyncHttpClient-1-15] DEBUG org.asynchttpclient.netty.handler.HttpHandler - 

Request DefaultFullHttpRequest(decodeResult: success, version: HTTP/1.1, content: EmptyByteBufBE)
GET /session/d7deef2d203bb7575fe8d270318e6beb/url HTTP/1.1
User-Agent: selenium/4.7.1 (java windows)
Cache-Control: no-cache
Content-Type: application/json; charset=utf-8
host: localhost:34017
accept: */*

Response DefaultHttpResponse(decodeResult: success, version: HTTP/1.1)
HTTP/1.1 200 OK
Content-Type: application/json; charset=utf-8
cache-control: no-cache
content-length: 41

00:52:02.075 [AsyncHttpClient-1-15] DEBUG org.asynchttpclient.netty.channel.ChannelManager - Adding key: http://localhost:34017 for channel [id: 0x7b4c9655, L:/127.0.0.1:60241 - R:localhost/127.0.0.1:34017]
  &amp#27;[31mWhen &amp#27;[0m&amp#27;[31muser berada di homepage lalu klik beli pada produk yang diinginkan&amp#27;[0m &amp#27;[90m# starter.stepdefinitions.TransaksiSteps.userKlikBeliPadaProdukYangDiinginkan()&amp#27;[0m
      &amp#27;[31mjava.lang.AssertionError: Element should be visible
	at net.serenitybdd.core.pages.WebElementFacadeImpl.failWithMessage(WebElementFacadeImpl.java:980)
	at net.serenitybdd.core.pages.WebElementFacadeImpl.shouldBeVisible(WebElementFacadeImpl.java:433)
	at alta@1.0-SNAPSHOT/starter.pages.TransaksiPage.diHomepageKembali(TransaksiPage.java:89)
	at alta@1.0-SNAPSHOT/starter.pages.TransaksiPage$ByteBuddy$KzBXg9vu.diHomepageKembali$accessor$joKRyGfv(Unknown Source)
	at java.base/jdk.internal.reflect.DirectMethodHandleAccessor.invoke(DirectMethodHandleAccessor.java:104)
	at java.base/java.lang.reflect.Method.invoke(Method.java:578)
	at net.thucydides.core.steps.StepInterceptor.invokeMethod(StepInterceptor.java:503)
	at net.thucydides.core.steps.StepInterceptor.executeTestStepMethod(StepInterceptor.java:483)
	at net.thucydides.core.steps.StepInterceptor.runTestStep(StepInterceptor.java:457)
	at net.thucydides.core.steps.StepInterceptor.runOrSkipMethod(StepInterceptor.java:209)
	at net.thucydides.core.steps.StepInterceptor.testStepResult(StepInterceptor.java:196)
	at net.thucydides.core.steps.StepInterceptor.intercept(StepInterceptor.java:84)
	at net.thucydides.core.steps.ProxyConfiguration$InterceptorDispatcher.intercept(ProxyConfiguration.java:51)
	at alta@1.0-SNAPSHOT/starter.pages.TransaksiPage$ByteBuddy$KzBXg9vu.diHomepageKembali(Unknown Source)
	at alta@1.0-SNAPSHOT/starter.stepdefinitions.TransaksiSteps.userKlikBeliPadaProdukYangDiinginkan(TransaksiSteps.java:23)
	at ✽.user berada di homepage lalu klik beli pada produk yang diinginkan(file:///C:/Users/HP/Downloads/Mini-Project-QA/ALTASHOP%20WEB%20AUTOMATION/src/test/resources/features/3.%20Transaksi.feature:38)
&amp#27;[0m
  &amp#27;[36mAnd &amp#27;[0m&amp#27;[36mmuncul notif pada cart&amp#27;[0m                                              &amp#27;[90m# starter.stepdefinitions.TransaksiSteps.munculNotifPadaCart()&amp#27;[0m
  &amp#27;[36mAnd &amp#27;[0m&amp#27;[36muser klik cart&amp#27;[0m                                                      &amp#27;[90m# starter.stepdefinitions.TransaksiSteps.userKlikCart()&amp#27;[0m
  &amp#27;[36mThen &amp#27;[0m&amp#27;[36muser klik tombol minus&amp#27;[0m                                             &amp#27;[90m# starter.stepdefinitions.TransaksiSteps.userKlikTombolMinus()&amp#27;[0m
  &amp#27;[36mAnd &amp#27;[0m&amp#27;[36mmuncul alert message pesanan kosong&amp#27;[0m                                 &amp#27;[90m# starter.stepdefinitions.TransaksiSteps.munculAlertMessagePesananKosong()&amp#27;[0m
00:52:02.129 [AsyncHttpClient-1-1] DEBUG org.asynchttpclient.netty.channel.DefaultChannelPool - Entry count for : http://localhost:60242 : 1
00:52:02.129 [AsyncHttpClient-1-1] DEBUG org.asynchttpclient.netty.channel.DefaultChannelPool - Entry count for : http://localhost:34017 : 1
00:52:02.137 [main] ERROR  - 
  _____   ___   ___   _____     ___     _     ___   _      ___   ___  
 |_   _| | __| / __| |_   _|   | __|   /_\   |_ _| | |    | __| |   \ 
   | |   | _|  \__ \   | |     | _|   / _ \   | |  | |__  | _|  | |) |
   |_|   |___| |___/   |_|     |_|   /_/ \_\ |___| |____| |___| |___/ 

user bisa menghapus produk dari keranjang belanja
-----------------------------------------------------------------------
00:52:02.137 [main] DEBUG  - RELATED ISSUES: 
00:52:02.138 [main] ERROR  -     Test failed at step: Di homepage kembali
00:52:02.138 [main] ERROR  -     Element should be visible
00:52:02.145 [Driver Command Executor] DEBUG org.asynchttpclient.netty.request.NettyRequestSender - Using pooled Channel '[id: 0x7b4c9655, L:/127.0.0.1:60241 - R:localhost/127.0.0.1:34017]' for 'DELETE' to 'http://localhost:34017/session/d7deef2d203bb7575fe8d270318e6beb'
00:52:02.145 [AsyncHttpClient-1-17] DEBUG org.asynchttpclient.netty.handler.WebSocketHandler - Channel Closed: [id: 0x55ea511d, L:/127.0.0.1:60248 ! R:localhost/127.0.0.1:60242] with attribute NettyResponseFuture{currentRetry=0,
	isDone=1,
	isCancelled=0,
	asyncHandler=org.asynchttpclient.ws.WebSocketUpgradeHandler@2d9cb4e2,
	nettyRequest=org.asynchttpclient.netty.request.NettyRequest@692641bb,
	future=java.util.concurrent.CompletableFuture@10c5b384[Completed normally],
	uri=ws://localhost:60242/devtools/browser/9177755e-bc47-4360-a178-bc1950676bd0,
	keepAlive=true,
	redirectCount=0,
	timeoutsHolder=null,
	inAuth=0,
	touch=1683654712183}
00:52:02.146 [Driver Command Executor] DEBUG org.asynchttpclient.netty.request.NettyRequestSender - Using open Channel [id: 0x7b4c9655, L:/127.0.0.1:60241 - R:localhost/127.0.0.1:34017] for DELETE '/session/d7deef2d203bb7575fe8d270318e6beb'
00:52:02.146 [AsyncHttpClient-1-17] DEBUG org.asynchttpclient.netty.channel.ChannelManager - Closing Channel [id: 0x55ea511d, L:/127.0.0.1:60248 ! R:localhost/127.0.0.1:60242] 
00:52:02.278 [AsyncHttpClient-1-16] DEBUG org.asynchttpclient.netty.handler.HttpHandler - Unexpected I/O exception on channel [id: 0x292762fa, L:/127.0.0.1:60247 - R:localhost/127.0.0.1:60242]
java.net.SocketException: Connection reset
	at java.base/sun.nio.ch.SocketChannelImpl.throwConnectionReset(SocketChannelImpl.java:401)
	at java.base/sun.nio.ch.SocketChannelImpl.read(SocketChannelImpl.java:434)
	at io.netty.buffer.PooledByteBuf.setBytes(PooledByteBuf.java:259)
	at io.netty.buffer.AbstractByteBuf.writeBytes(AbstractByteBuf.java:1132)
	at io.netty.channel.socket.nio.NioSocketChannel.doReadBytes(NioSocketChannel.java:357)
	at io.netty.channel.nio.AbstractNioByteChannel$NioByteUnsafe.read(AbstractNioByteChannel.java:151)
	at io.netty.channel.nio.NioEventLoop.processSelectedKey(NioEventLoop.java:788)
	at io.netty.channel.nio.NioEventLoop.processSelectedKeysOptimized(NioEventLoop.java:724)
	at io.netty.channel.nio.NioEventLoop.processSelectedKeys(NioEventLoop.java:650)
	at io.netty.channel.nio.NioEventLoop.run(NioEventLoop.java:562)
	at io.netty.util.concurrent.SingleThreadEventExecutor$4.run(SingleThreadEventExecutor.java:997)
	at io.netty.util.internal.ThreadExecutorMap$2.run(ThreadExecutorMap.java:74)
	at io.netty.util.concurrent.FastThreadLocalRunnable.run(FastThreadLocalRunnable.java:30)
	at java.base/java.lang.Thread.run(Thread.java:1589)
00:52:02.278 [AsyncHttpClient-1-16] DEBUG org.asynchttpclient.netty.channel.ChannelManager - Closing Channel [id: 0x292762fa, L:/127.0.0.1:60247 - R:localhost/127.0.0.1:60242] 
00:52:02.278 [AsyncHttpClient-1-16] DEBUG org.asynchttpclient.netty.handler.HttpHandler - Channel Closed: [id: 0x292762fa, L:/127.0.0.1:60247 ! R:localhost/127.0.0.1:60242] with attribute DISCARD
00:52:02.321 [AsyncHttpClient-1-15] DEBUG org.asynchttpclient.netty.handler.HttpHandler - 

Request DefaultFullHttpRequest(decodeResult: success, version: HTTP/1.1, content: EmptyByteBufBE)
DELETE /session/d7deef2d203bb7575fe8d270318e6beb HTTP/1.1
User-Agent: selenium/4.7.1 (java windows)
Content-Type: application/json; charset=utf-8
host: localhost:34017
accept: */*

Response DefaultHttpResponse(decodeResult: success, version: HTTP/1.1)
HTTP/1.1 200 OK
Content-Type: application/json; charset=utf-8
cache-control: no-cache
content-length: 14

00:52:02.321 [AsyncHttpClient-1-15] DEBUG org.asynchttpclient.netty.channel.ChannelManager - Adding key: http://localhost:34017 for channel [id: 0x7b4c9655, L:/127.0.0.1:60241 - R:localhost/127.0.0.1:34017]
00:52:02.386 [AsyncHttpClient-1-15] DEBUG org.asynchttpclient.netty.handler.HttpHandler - Channel Closed: [id: 0x7b4c9655, L:/127.0.0.1:60241 ! R:localhost/127.0.0.1:34017] with attribute DISCARD
]]></system-out>
    <system-err><![CDATA[Starting ChromeDriver 112.0.5615.49 (bd2a7bcb881c11e8cfe3078709382934e3916914-refs/branch-heads/5615@{#936}) on port 34017
Only local connections are allowed.
Please see https://chromedriver.chromium.org/security-considerations for suggestions on keeping ChromeDriver safe.
ChromeDriver was started successfully.
May 10, 2023 12:51:52 AM org.openqa.selenium.devtools.CdpVersionFinder findNearestMatch
WARNING: Unable to find an exact match for CDP version 112, so returning the closest version found: 108
]]></system-err>
  </testcase>
</testsuite>