<?xml version="1.0" encoding="UTF-8"?>
<testsuite xmlns:xsi="http://www.w3.org/2001/XMLSchema-instance" xsi:noNamespaceSchemaLocation="https://maven.apache.org/surefire/maven-failsafe-plugin/xsd/failsafe-test-report-3.0.xsd" version="3.0" name="starter.CucumberTestSuite" time="178.798" tests="40" errors="0" skipped="0" failures="0">
  <properties>
    <property name="java.specification.version" value="19"/>
    <property name="sun.cpu.isalist" value="amd64"/>
    <property name="sun.jnu.encoding" value="Cp1252"/>
    <property name="java.class.path" value="C:\Users\HP\Downloads\Mini-Project-QA\ALTASHOP MOBILE AUTOMATION\target\test-classes;C:\Users\HP\.m2\repository\net\serenity-bdd\serenity-core\3.6.21\serenity-core-3.6.21.jar;C:\Users\HP\.m2\repository\net\serenity-bdd\serenity-model\3.6.21\serenity-model-3.6.21.jar;C:\Users\HP\.m2\repository\org\apache\commons\commons-text\1.10.0\commons-text-1.10.0.jar;C:\Users\HP\.m2\repository\commons-net\commons-net\3.9.0\commons-net-3.9.0.jar;C:\Users\HP\.m2\repository\com\google\inject\guice\5.1.0\guice-5.1.0.jar;C:\Users\HP\.m2\repository\javax\inject\javax.inject\1\javax.inject-1.jar;C:\Users\HP\.m2\repository\aopalliance\aopalliance\1.0\aopalliance-1.0.jar;C:\Users\HP\.m2\repository\org\jsoup\jsoup\1.14.3\jsoup-1.14.3.jar;C:\Users\HP\.m2\repository\com\thoughtworks\xstream\xstream\1.4.20\xstream-1.4.20.jar;C:\Users\HP\.m2\repository\io\github\x-stream\mxparser\1.2.2\mxparser-1.2.2.jar;C:\Users\HP\.m2\repository\xmlpull\xmlpull\1.1.3.1\xmlpull-1.1.3.1.jar;C:\Users\HP\.m2\repository\com\typesafe\config\1.4.2\config-1.4.2.jar;C:\Users\HP\.m2\repository\org\imgscalr\imgscalr-lib\4.2\imgscalr-lib-4.2.jar;C:\Users\HP\.m2\repository\org\awaitility\awaitility\4.2.0\awaitility-4.2.0.jar;C:\Users\HP\.m2\repository\org\freemarker\freemarker\2.3.31\freemarker-2.3.31.jar;C:\Users\HP\.m2\repository\io\github\classgraph\classgraph\4.8.138\classgraph-4.8.138.jar;C:\Users\HP\.m2\repository\net\sourceforge\jexcelapi\jxl\2.6.12\jxl-2.6.12.jar;C:\Users\HP\.m2\repository\net\bytebuddy\byte-buddy-agent\1.14.2\byte-buddy-agent-1.14.2.jar;C:\Users\HP\.m2\repository\org\objenesis\objenesis\3.3\objenesis-3.3.jar;C:\Users\HP\.m2\repository\net\serenity-bdd\serenity-reports\3.6.21\serenity-reports-3.6.21.jar;C:\Users\HP\.m2\repository\net\serenity-bdd\serenity-stats\3.6.21\serenity-stats-3.6.21.jar;C:\Users\HP\.m2\repository\net\serenity-bdd\serenity-reports-configuration\3.6.21\serenity-reports-configuration-3.6.21.jar;C:\Users\HP\.m2\repository\com\vladsch\flexmark\flexmark-all\0.62.2\flexmark-all-0.62.2.jar;C:\Users\HP\.m2\repository\com\vladsch\flexmark\flexmark\0.62.2\flexmark-0.62.2.jar;C:\Users\HP\.m2\repository\com\vladsch\flexmark\flexmark-ext-abbreviation\0.62.2\flexmark-ext-abbreviation-0.62.2.jar;C:\Users\HP\.m2\repository\com\vladsch\flexmark\flexmark-util\0.62.2\flexmark-util-0.62.2.jar;C:\Users\HP\.m2\repository\com\vladsch\flexmark\flexmark-ext-admonition\0.62.2\flexmark-ext-admonition-0.62.2.jar;C:\Users\HP\.m2\repository\com\vladsch\flexmark\flexmark-ext-anchorlink\0.62.2\flexmark-ext-anchorlink-0.62.2.jar;C:\Users\HP\.m2\repository\com\vladsch\flexmark\flexmark-ext-aside\0.62.2\flexmark-ext-aside-0.62.2.jar;C:\Users\HP\.m2\repository\com\vladsch\flexmark\flexmark-ext-attributes\0.62.2\flexmark-ext-attributes-0.62.2.jar;C:\Users\HP\.m2\repository\com\vladsch\flexmark\flexmark-ext-autolink\0.62.2\flexmark-ext-autolink-0.62.2.jar;C:\Users\HP\.m2\repository\org\nibor\autolink\autolink\0.6.0\autolink-0.6.0.jar;C:\Users\HP\.m2\repository\com\vladsch\flexmark\flexmark-ext-definition\0.62.2\flexmark-ext-definition-0.62.2.jar;C:\Users\HP\.m2\repository\com\vladsch\flexmark\flexmark-ext-emoji\0.62.2\flexmark-ext-emoji-0.62.2.jar;C:\Users\HP\.m2\repository\com\vladsch\flexmark\flexmark-ext-enumerated-reference\0.62.2\flexmark-ext-enumerated-reference-0.62.2.jar;C:\Users\HP\.m2\repository\com\vladsch\flexmark\flexmark-ext-escaped-character\0.62.2\flexmark-ext-escaped-character-0.62.2.jar;C:\Users\HP\.m2\repository\com\vladsch\flexmark\flexmark-ext-footnotes\0.62.2\flexmark-ext-footnotes-0.62.2.jar;C:\Users\HP\.m2\repository\com\vladsch\flexmark\flexmark-ext-gfm-issues\0.62.2\flexmark-ext-gfm-issues-0.62.2.jar;C:\Users\HP\.m2\repository\com\vladsch\flexmark\flexmark-ext-gfm-strikethrough\0.62.2\flexmark-ext-gfm-strikethrough-0.62.2.jar;C:\Users\HP\.m2\repository\com\vladsch\flexmark\flexmark-ext-gfm-tasklist\0.62.2\flexmark-ext-gfm-tasklist-0.62.2.jar;C:\Users\HP\.m2\repository\com\vladsch\flexmark\flexmark-ext-gfm-users\0.62.2\flexmark-ext-gfm-users-0.62.2.jar;C:\Users\HP\.m2\repository\com\vladsch\flexmark\flexmark-ext-gitlab\0.62.2\flexmark-ext-gitlab-0.62.2.jar;C:\Users\HP\.m2\repository\com\vladsch\flexmark\flexmark-ext-jekyll-front-matter\0.62.2\flexmark-ext-jekyll-front-matter-0.62.2.jar;C:\Users\HP\.m2\repository\com\vladsch\flexmark\flexmark-ext-jekyll-tag\0.62.2\flexmark-ext-jekyll-tag-0.62.2.jar;C:\Users\HP\.m2\repository\com\vladsch\flexmark\flexmark-ext-media-tags\0.62.2\flexmark-ext-media-tags-0.62.2.jar;C:\Users\HP\.m2\repository\com\vladsch\flexmark\flexmark-ext-macros\0.62.2\flexmark-ext-macros-0.62.2.jar;C:\Users\HP\.m2\repository\com\vladsch\flexmark\flexmark-ext-ins\0.62.2\flexmark-ext-ins-0.62.2.jar;C:\Users\HP\.m2\repository\com\vladsch\flexmark\flexmark-ext-xwiki-macros\0.62.2\flexmark-ext-xwiki-macros-0.62.2.jar;C:\Users\HP\.m2\repository\com\vladsch\flexmark\flexmark-ext-superscript\0.62.2\flexmark-ext-superscript-0.62.2.jar;C:\Users\HP\.m2\repository\com\vladsch\flexmark\flexmark-ext-tables\0.62.2\flexmark-ext-tables-0.62.2.jar;C:\Users\HP\.m2\repository\com\vladsch\flexmark\flexmark-ext-toc\0.62.2\flexmark-ext-toc-0.62.2.jar;C:\Users\HP\.m2\repository\com\vladsch\flexmark\flexmark-ext-typographic\0.62.2\flexmark-ext-typographic-0.62.2.jar;C:\Users\HP\.m2\repository\com\vladsch\flexmark\flexmark-ext-wikilink\0.62.2\flexmark-ext-wikilink-0.62.2.jar;C:\Users\HP\.m2\repository\com\vladsch\flexmark\flexmark-ext-yaml-front-matter\0.62.2\flexmark-ext-yaml-front-matter-0.62.2.jar;C:\Users\HP\.m2\repository\com\vladsch\flexmark\flexmark-ext-youtube-embedded\0.62.2\flexmark-ext-youtube-embedded-0.62.2.jar;C:\Users\HP\.m2\repository\com\vladsch\flexmark\flexmark-html2md-converter\0.62.2\flexmark-html2md-converter-0.62.2.jar;C:\Users\HP\.m2\repository\com\vladsch\flexmark\flexmark-jira-converter\0.62.2\flexmark-jira-converter-0.62.2.jar;C:\Users\HP\.m2\repository\com\vladsch\flexmark\flexmark-pdf-converter\0.62.2\flexmark-pdf-converter-0.62.2.jar;C:\Users\HP\.m2\repository\com\openhtmltopdf\openhtmltopdf-core\1.0.0\openhtmltopdf-core-1.0.0.jar;C:\Users\HP\.m2\repository\com\openhtmltopdf\openhtmltopdf-pdfbox\1.0.0\openhtmltopdf-pdfbox-1.0.0.jar;C:\Users\HP\.m2\repository\org\apache\pdfbox\pdfbox\2.0.16\pdfbox-2.0.16.jar;C:\Users\HP\.m2\repository\org\apache\pdfbox\fontbox\2.0.16\fontbox-2.0.16.jar;C:\Users\HP\.m2\repository\org\apache\pdfbox\xmpbox\2.0.16\xmpbox-2.0.16.jar;C:\Users\HP\.m2\repository\de\rototor\pdfbox\graphics2d\0.24\graphics2d-0.24.jar;C:\Users\HP\.m2\repository\com\openhtmltopdf\openhtmltopdf-rtl-support\1.0.0\openhtmltopdf-rtl-support-1.0.0.jar;C:\Users\HP\.m2\repository\com\openhtmltopdf\openhtmltopdf-jsoup-dom-converter\1.0.0\openhtmltopdf-jsoup-dom-converter-1.0.0.jar;C:\Users\HP\.m2\repository\com\vladsch\flexmark\flexmark-profile-pegdown\0.62.2\flexmark-profile-pegdown-0.62.2.jar;C:\Users\HP\.m2\repository\com\vladsch\flexmark\flexmark-util-ast\0.62.2\flexmark-util-ast-0.62.2.jar;C:\Users\HP\.m2\repository\com\vladsch\flexmark\flexmark-util-builder\0.62.2\flexmark-util-builder-0.62.2.jar;C:\Users\HP\.m2\repository\com\vladsch\flexmark\flexmark-util-collection\0.62.2\flexmark-util-collection-0.62.2.jar;C:\Users\HP\.m2\repository\com\vladsch\flexmark\flexmark-util-data\0.62.2\flexmark-util-data-0.62.2.jar;C:\Users\HP\.m2\repository\com\vladsch\flexmark\flexmark-util-dependency\0.62.2\flexmark-util-dependency-0.62.2.jar;C:\Users\HP\.m2\repository\com\vladsch\flexmark\flexmark-util-format\0.62.2\flexmark-util-format-0.62.2.jar;C:\Users\HP\.m2\repository\com\vladsch\flexmark\flexmark-util-html\0.62.2\flexmark-util-html-0.62.2.jar;C:\Users\HP\.m2\repository\com\vladsch\flexmark\flexmark-util-misc\0.62.2\flexmark-util-misc-0.62.2.jar;C:\Users\HP\.m2\repository\com\vladsch\flexmark\flexmark-util-options\0.62.2\flexmark-util-options-0.62.2.jar;C:\Users\HP\.m2\repository\com\vladsch\flexmark\flexmark-util-sequence\0.62.2\flexmark-util-sequence-0.62.2.jar;C:\Users\HP\.m2\repository\com\vladsch\flexmark\flexmark-util-visitor\0.62.2\flexmark-util-visitor-0.62.2.jar;C:\Users\HP\.m2\repository\com\vladsch\flexmark\flexmark-youtrack-converter\0.62.2\flexmark-youtrack-converter-0.62.2.jar;C:\Users\HP\.m2\repository\com\ibm\icu\icu4j\72.1\icu4j-72.1.jar;C:\Users\HP\.m2\repository\es\nitaur\markdown\txtmark\0.16\txtmark-0.16.jar;C:\Users\HP\.m2\repository\net\serenity-bdd\serenity-report-resources\3.6.21\serenity-report-resources-3.6.21.jar;C:\Users\HP\.m2\repository\com\google\code\gson\gson\2.10.1\gson-2.10.1.jar;C:\Users\HP\.m2\repository\com\fasterxml\jackson\core\jackson-core\2.15.0-rc1\jackson-core-2.15.0-rc1.jar;C:\Users\HP\.m2\repository\com\fasterxml\jackson\core\jackson-databind\2.15.0-rc1\jackson-databind-2.15.0-rc1.jar;C:\Users\HP\.m2\repository\com\fasterxml\jackson\core\jackson-annotations\2.15.0-rc1\jackson-annotations-2.15.0-rc1.jar;C:\Users\HP\.m2\repository\commons-codec\commons-codec\1.15\commons-codec-1.15.jar;C:\Users\HP\.m2\repository\commons-io\commons-io\2.11.0\commons-io-2.11.0.jar;C:\Users\HP\.m2\repository\org\apache\httpcomponents\httpclient\4.5.13\httpclient-4.5.13.jar;C:\Users\HP\.m2\repository\org\apache\httpcomponents\httpcore\4.4.13\httpcore-4.4.13.jar;C:\Users\HP\.m2\repository\commons-logging\commons-logging\1.2\commons-logging-1.2.jar;C:\Users\HP\.m2\repository\org\seleniumhq\selenium\selenium-java\4.8.1\selenium-java-4.8.1.jar;C:\Users\HP\.m2\repository\org\seleniumhq\selenium\selenium-devtools-v108\4.8.1\selenium-devtools-v108-4.8.1.jar;C:\Users\HP\.m2\repository\org\seleniumhq\selenium\selenium-devtools-v109\4.8.1\selenium-devtools-v109-4.8.1.jar;C:\Users\HP\.m2\repository\org\seleniumhq\selenium\selenium-devtools-v110\4.8.1\selenium-devtools-v110-4.8.1.jar;C:\Users\HP\.m2\repository\org\seleniumhq\selenium\selenium-devtools-v85\4.8.1\selenium-devtools-v85-4.8.1.jar;C:\Users\HP\.m2\repository\org\seleniumhq\selenium\selenium-safari-driver\4.8.1\selenium-safari-driver-4.8.1.jar;C:\Users\HP\.m2\repository\org\seleniumhq\selenium\selenium-api\4.8.1\selenium-api-4.8.1.jar;C:\Users\HP\.m2\repository\org\seleniumhq\selenium\selenium-chrome-driver\4.8.1\selenium-chrome-driver-4.8.1.jar;C:\Users\HP\.m2\repository\org\seleniumhq\selenium\selenium-chromium-driver\4.8.1\selenium-chromium-driver-4.8.1.jar;C:\Users\HP\.m2\repository\org\seleniumhq\selenium\selenium-firefox-driver\4.8.1\selenium-firefox-driver-4.8.1.jar;C:\Users\HP\.m2\repository\org\seleniumhq\selenium\selenium-http\4.8.1\selenium-http-4.8.1.jar;C:\Users\HP\.m2\repository\dev\failsafe\failsafe\3.3.0\failsafe-3.3.0.jar;C:\Users\HP\.m2\repository\org\seleniumhq\selenium\selenium-edge-driver\4.8.1\selenium-edge-driver-4.8.1.jar;C:\Users\HP\.m2\repository\org\seleniumhq\selenium\selenium-ie-driver\4.8.1\selenium-ie-driver-4.8.1.jar;C:\Users\HP\.m2\repository\org\projectlombok\lombok\1.18.20\lombok-1.18.20.jar;C:\Users\HP\.m2\repository\org\apache\groovy\groovy\4.0.10\groovy-4.0.10.jar;C:\Users\HP\.m2\repository\net\sf\opencsv\opencsv\2.0\opencsv-2.0.jar;C:\Users\HP\.m2\repository\commons-beanutils\commons-beanutils\1.9.4\commons-beanutils-1.9.4.jar;C:\Users\HP\.m2\repository\org\apache\commons\commons-lang3\3.12.0\commons-lang3-3.12.0.jar;C:\Users\HP\.m2\repository\commons-collections\commons-collections\3.2.2\commons-collections-3.2.2.jar;C:\Users\HP\.m2\repository\org\fluentlenium\fluentlenium-core\0.10.2\fluentlenium-core-0.10.2.jar;C:\Users\HP\.m2\repository\io\github\bonigarcia\webdrivermanager\5.3.0\webdrivermanager-5.3.0.jar;C:\Users\HP\.m2\repository\com\github\docker-java\docker-java\3.2.13\docker-java-3.2.13.jar;C:\Users\HP\.m2\repository\com\github\docker-java\docker-java-core\3.2.13\docker-java-core-3.2.13.jar;C:\Users\HP\.m2\repository\com\github\docker-java\docker-java-api\3.2.13\docker-java-api-3.2.13.jar;C:\Users\HP\.m2\repository\org\apache\commons\commons-compress\1.21\commons-compress-1.21.jar;C:\Users\HP\.m2\repository\org\bouncycastle\bcpkix-jdk15on\1.64\bcpkix-jdk15on-1.64.jar;C:\Users\HP\.m2\repository\org\bouncycastle\bcprov-jdk15on\1.64\bcprov-jdk15on-1.64.jar;C:\Users\HP\.m2\repository\org\slf4j\jcl-over-slf4j\1.7.30\jcl-over-slf4j-1.7.30.jar;C:\Users\HP\.m2\repository\com\github\docker-java\docker-java-transport-httpclient5\3.2.13\docker-java-transport-httpclient5-3.2.13.jar;C:\Users\HP\.m2\repository\com\github\docker-java\docker-java-transport\3.2.13\docker-java-transport-3.2.13.jar;C:\Users\HP\.m2\repository\net\java\dev\jna\jna\5.8.0\jna-5.8.0.jar;C:\Users\HP\.m2\repository\org\brotli\dec\0.1.2\dec-0.1.2.jar;C:\Users\HP\.m2\repository\org\apache\httpcomponents\client5\httpclient5\5.1.3\httpclient5-5.1.3.jar;C:\Users\HP\.m2\repository\org\apache\httpcomponents\core5\httpcore5\5.1.3\httpcore5-5.1.3.jar;C:\Users\HP\.m2\repository\org\apache\httpcomponents\core5\httpcore5-h2\5.1.3\httpcore5-h2-5.1.3.jar;C:\Users\HP\.m2\repository\com\jhlabs\filters\2.0.235\filters-2.0.235.jar;C:\Users\HP\.m2\repository\com\paulhammant\ngwebdriver\1.1.6\ngwebdriver-1.1.6.jar;C:\Users\HP\.m2\repository\joda-time\joda-time\2.12.2\joda-time-2.12.2.jar;C:\Users\HP\.m2\repository\org\hamcrest\hamcrest\2.2\hamcrest-2.2.jar;C:\Users\HP\.m2\repository\com\google\jimfs\jimfs\1.2\jimfs-1.2.jar;C:\Users\HP\.m2\repository\org\mockito\mockito-core\3.3.3\mockito-core-3.3.3.jar;C:\Users\HP\.m2\repository\javax\xml\bind\jaxb-api\2.3.1\jaxb-api-2.3.1.jar;C:\Users\HP\.m2\repository\javax\activation\javax.activation-api\1.2.0\javax.activation-api-1.2.0.jar;C:\Users\HP\.m2\repository\com\sun\xml\bind\jaxb-core\2.3.0.1\jaxb-core-2.3.0.1.jar;C:\Users\HP\.m2\repository\com\sun\xml\bind\jaxb-impl\2.3.3\jaxb-impl-2.3.3.jar;C:\Users\HP\.m2\repository\jakarta\xml\bind\jakarta.xml.bind-api\2.3.3\jakarta.xml.bind-api-2.3.3.jar;C:\Users\HP\.m2\repository\com\sun\activation\jakarta.activation\1.2.2\jakarta.activation-1.2.2.jar;C:\Users\HP\.m2\repository\javax\activation\activation\1.1.1\activation-1.1.1.jar;C:\Users\HP\.m2\repository\net\serenity-bdd\serenity-cucumber\3.6.21\serenity-cucumber-3.6.21.jar;C:\Users\HP\.m2\repository\io\cucumber\cucumber-core\7.11.0\cucumber-core-7.11.0.jar;C:\Users\HP\.m2\repository\io\cucumber\cucumber-gherkin\7.11.0\cucumber-gherkin-7.11.0.jar;C:\Users\HP\.m2\repository\io\cucumber\cucumber-gherkin-messages\7.11.0\cucumber-gherkin-messages-7.11.0.jar;C:\Users\HP\.m2\repository\io\cucumber\gherkin\26.0.3\gherkin-26.0.3.jar;C:\Users\HP\.m2\repository\io\cucumber\messages\21.0.1\messages-21.0.1.jar;C:\Users\HP\.m2\repository\io\cucumber\tag-expressions\5.0.1\tag-expressions-5.0.1.jar;C:\Users\HP\.m2\repository\io\cucumber\cucumber-expressions\16.1.1\cucumber-expressions-16.1.1.jar;C:\Users\HP\.m2\repository\io\cucumber\datatable\7.11.0\datatable-7.11.0.jar;C:\Users\HP\.m2\repository\io\cucumber\cucumber-plugin\7.11.0\cucumber-plugin-7.11.0.jar;C:\Users\HP\.m2\repository\io\cucumber\docstring\7.11.0\docstring-7.11.0.jar;C:\Users\HP\.m2\repository\io\cucumber\html-formatter\20.2.1\html-formatter-20.2.1.jar;C:\Users\HP\.m2\repository\io\cucumber\junit-xml-formatter\0.1.0\junit-xml-formatter-0.1.0.jar;C:\Users\HP\.m2\repository\io\cucumber\ci-environment\9.1.0\ci-environment-9.1.0.jar;C:\Users\HP\.m2\repository\io\cucumber\cucumber-java\7.11.0\cucumber-java-7.11.0.jar;C:\Users\HP\.m2\repository\io\cucumber\cucumber-junit\7.11.0\cucumber-junit-7.11.0.jar;C:\Users\HP\.m2\repository\org\apache\commons\commons-csv\1.5\commons-csv-1.5.jar;C:\Users\HP\.m2\repository\net\serenity-bdd\serenity-screenplay\3.6.21\serenity-screenplay-3.6.21.jar;C:\Users\HP\.m2\repository\net\serenity-bdd\serenity-screenplay-webdriver\3.6.21\serenity-screenplay-webdriver-3.6.21.jar;C:\Users\HP\.m2\repository\net\serenity-bdd\serenity-ensure\3.6.21\serenity-ensure-3.6.21.jar;C:\Users\HP\.m2\repository\net\serenity-bdd\serenity-junit\3.6.21\serenity-junit-3.6.21.jar;C:\Users\HP\.m2\repository\org\jetbrains\kotlin\kotlin-stdlib\1.8.10\kotlin-stdlib-1.8.10.jar;C:\Users\HP\.m2\repository\org\jetbrains\kotlin\kotlin-stdlib-common\1.8.10\kotlin-stdlib-common-1.8.10.jar;C:\Users\HP\.m2\repository\org\jetbrains\annotations\13.0\annotations-13.0.jar;C:\Users\HP\.m2\repository\org\junit\platform\junit-platform-launcher\1.8.2\junit-platform-launcher-1.8.2.jar;C:\Users\HP\.m2\repository\org\junit\platform\junit-platform-engine\1.8.2\junit-platform-engine-1.8.2.jar;C:\Users\HP\.m2\repository\org\opentest4j\opentest4j\1.2.0\opentest4j-1.2.0.jar;C:\Users\HP\.m2\repository\org\junit\platform\junit-platform-commons\1.8.2\junit-platform-commons-1.8.2.jar;C:\Users\HP\.m2\repository\org\apiguardian\apiguardian-api\1.1.2\apiguardian-api-1.1.2.jar;C:\Users\HP\.m2\repository\org\junit\jupiter\junit-jupiter-engine\5.8.2\junit-jupiter-engine-5.8.2.jar;C:\Users\HP\.m2\repository\org\junit\jupiter\junit-jupiter-api\5.8.2\junit-jupiter-api-5.8.2.jar;C:\Users\HP\.m2\repository\org\junit\vintage\junit-vintage-engine\5.8.2\junit-vintage-engine-5.8.2.jar;C:\Users\HP\.m2\repository\junit\junit\4.13.2\junit-4.13.2.jar;C:\Users\HP\.m2\repository\org\hamcrest\hamcrest-core\1.3\hamcrest-core-1.3.jar;C:\Users\HP\.m2\repository\ch\qos\logback\logback-classic\1.2.10\logback-classic-1.2.10.jar;C:\Users\HP\.m2\repository\ch\qos\logback\logback-core\1.2.10\logback-core-1.2.10.jar;C:\Users\HP\.m2\repository\org\slf4j\slf4j-api\1.7.32\slf4j-api-1.7.32.jar;C:\Users\HP\.m2\repository\org\assertj\assertj-core\3.23.1\assertj-core-3.23.1.jar;C:\Users\HP\.m2\repository\net\bytebuddy\byte-buddy\1.12.10\byte-buddy-1.12.10.jar;C:\Users\HP\.m2\repository\org\slf4j\slf4j-simple\1.7.7\slf4j-simple-1.7.7.jar;C:\Users\HP\.m2\repository\io\appium\java-client\8.3.0\java-client-8.3.0.jar;C:\Users\HP\.m2\repository\org\seleniumhq\selenium\selenium-remote-driver\4.9.0\selenium-remote-driver-4.9.0.jar;C:\Users\HP\.m2\repository\com\beust\jcommander\1.82\jcommander-1.82.jar;C:\Users\HP\.m2\repository\io\netty\netty-buffer\4.1.91.Final\netty-buffer-4.1.91.Final.jar;C:\Users\HP\.m2\repository\io\netty\netty-codec-http\4.1.91.Final\netty-codec-http-4.1.91.Final.jar;C:\Users\HP\.m2\repository\io\netty\netty-codec\4.1.91.Final\netty-codec-4.1.91.Final.jar;C:\Users\HP\.m2\repository\io\netty\netty-handler\4.1.91.Final\netty-handler-4.1.91.Final.jar;C:\Users\HP\.m2\repository\io\netty\netty-common\4.1.91.Final\netty-common-4.1.91.Final.jar;C:\Users\HP\.m2\repository\io\netty\netty-transport-classes-epoll\4.1.91.Final\netty-transport-classes-epoll-4.1.91.Final.jar;C:\Users\HP\.m2\repository\io\netty\netty-transport-classes-kqueue\4.1.91.Final\netty-transport-classes-kqueue-4.1.91.Final.jar;C:\Users\HP\.m2\repository\io\netty\netty-transport-native-epoll\4.1.91.Final\netty-transport-native-epoll-4.1.91.Final.jar;C:\Users\HP\.m2\repository\io\netty\netty-transport-native-kqueue\4.1.91.Final\netty-transport-native-kqueue-4.1.91.Final.jar;C:\Users\HP\.m2\repository\io\netty\netty-transport-native-unix-common\4.1.91.Final\netty-transport-native-unix-common-4.1.91.Final.jar;C:\Users\HP\.m2\repository\io\netty\netty-transport\4.1.91.Final\netty-transport-4.1.91.Final.jar;C:\Users\HP\.m2\repository\io\netty\netty-resolver\4.1.91.Final\netty-resolver-4.1.91.Final.jar;C:\Users\HP\.m2\repository\io\opentelemetry\opentelemetry-api\1.25.0\opentelemetry-api-1.25.0.jar;C:\Users\HP\.m2\repository\io\opentelemetry\opentelemetry-context\1.25.0\opentelemetry-context-1.25.0.jar;C:\Users\HP\.m2\repository\io\opentelemetry\opentelemetry-exporter-logging\1.25.0\opentelemetry-exporter-logging-1.25.0.jar;C:\Users\HP\.m2\repository\io\opentelemetry\opentelemetry-sdk-metrics\1.25.0\opentelemetry-sdk-metrics-1.25.0.jar;C:\Users\HP\.m2\repository\io\opentelemetry\opentelemetry-sdk-logs\1.25.0-alpha\opentelemetry-sdk-logs-1.25.0-alpha.jar;C:\Users\HP\.m2\repository\io\opentelemetry\opentelemetry-api-logs\1.25.0-alpha\opentelemetry-api-logs-1.25.0-alpha.jar;C:\Users\HP\.m2\repository\io\opentelemetry\opentelemetry-api-events\1.25.0-alpha\opentelemetry-api-events-1.25.0-alpha.jar;C:\Users\HP\.m2\repository\io\opentelemetry\opentelemetry-sdk-common\1.25.0\opentelemetry-sdk-common-1.25.0.jar;C:\Users\HP\.m2\repository\io\opentelemetry\opentelemetry-sdk-extension-autoconfigure-spi\1.25.0\opentelemetry-sdk-extension-autoconfigure-spi-1.25.0.jar;C:\Users\HP\.m2\repository\io\opentelemetry\opentelemetry-sdk-extension-autoconfigure\1.25.0-alpha\opentelemetry-sdk-extension-autoconfigure-1.25.0-alpha.jar;C:\Users\HP\.m2\repository\io\opentelemetry\opentelemetry-sdk-trace\1.25.0\opentelemetry-sdk-trace-1.25.0.jar;C:\Users\HP\.m2\repository\io\opentelemetry\opentelemetry-sdk\1.25.0\opentelemetry-sdk-1.25.0.jar;C:\Users\HP\.m2\repository\io\opentelemetry\opentelemetry-semconv\1.25.0-alpha\opentelemetry-semconv-1.25.0-alpha.jar;C:\Users\HP\.m2\repository\io\ous\jtoml\2.0.0\jtoml-2.0.0.jar;C:\Users\HP\.m2\repository\org\apache\commons\commons-exec\1.3\commons-exec-1.3.jar;C:\Users\HP\.m2\repository\org\asynchttpclient\async-http-client\2.12.3\async-http-client-2.12.3.jar;C:\Users\HP\.m2\repository\org\asynchttpclient\async-http-client-netty-utils\2.12.3\async-http-client-netty-utils-2.12.3.jar;C:\Users\HP\.m2\repository\io\netty\netty-codec-socks\4.1.60.Final\netty-codec-socks-4.1.60.Final.jar;C:\Users\HP\.m2\repository\io\netty\netty-handler-proxy\4.1.60.Final\netty-handler-proxy-4.1.60.Final.jar;C:\Users\HP\.m2\repository\io\netty\netty-transport-native-epoll\4.1.60.Final\netty-transport-native-epoll-4.1.60.Final-linux-x86_64.jar;C:\Users\HP\.m2\repository\io\netty\netty-transport-native-kqueue\4.1.60.Final\netty-transport-native-kqueue-4.1.60.Final-osx-x86_64.jar;C:\Users\HP\.m2\repository\org\reactivestreams\reactive-streams\1.0.3\reactive-streams-1.0.3.jar;C:\Users\HP\.m2\repository\com\typesafe\netty\netty-reactive-streams\2.0.4\netty-reactive-streams-2.0.4.jar;C:\Users\HP\.m2\repository\org\seleniumhq\selenium\selenium-manager\4.9.0\selenium-manager-4.9.0.jar;C:\Users\HP\.m2\repository\cglib\cglib\3.3.0\cglib-3.3.0.jar;C:\Users\HP\.m2\repository\org\ow2\asm\asm\7.1\asm-7.1.jar;C:\Users\HP\.m2\repository\commons-validator\commons-validator\1.7\commons-validator-1.7.jar;C:\Users\HP\.m2\repository\commons-digester\commons-digester\2.1\commons-digester-2.1.jar;C:\Users\HP\.m2\repository\org\yaml\snakeyaml\1.29\snakeyaml-1.29.jar;C:\Users\HP\.m2\repository\com\github\javafaker\javafaker\1.0.2\javafaker-1.0.2.jar;C:\Users\HP\.m2\repository\org\yaml\snakeyaml\1.23\snakeyaml-1.23-android.jar;C:\Users\HP\.m2\repository\com\github\mifmif\generex\1.0.2\generex-1.0.2.jar;C:\Users\HP\.m2\repository\dk\brics\automaton\automaton\1.11-8\automaton-1.11-8.jar;C:\Users\HP\.m2\repository\info\cukes\cucumber-java\1.0.1\cucumber-java-1.0.1.jar;C:\Users\HP\.m2\repository\info\cukes\cucumber-core\1.0.1\cucumber-core-1.0.1.jar;C:\Users\HP\.m2\repository\info\cukes\gherkin\2.9.3\gherkin-2.9.3.jar;C:\Users\HP\.m2\repository\info\cukes\cucumber-html\0.2.1\cucumber-html-0.2.1.jar;C:\Users\HP\.m2\repository\org\seleniumhq\selenium\selenium-support\4.8.1\selenium-support-4.8.1.jar;C:\Users\HP\.m2\repository\com\google\auto\service\auto-service-annotations\1.0.1\auto-service-annotations-1.0.1.jar;C:\Users\HP\.m2\repository\com\google\auto\service\auto-service\1.0.1\auto-service-1.0.1.jar;C:\Users\HP\.m2\repository\com\google\auto\auto-common\1.2\auto-common-1.2.jar;C:\Users\HP\.m2\repository\com\google\guava\guava\31.1-jre\guava-31.1-jre.jar;C:\Users\HP\.m2\repository\com\google\guava\failureaccess\1.0.1\failureaccess-1.0.1.jar;C:\Users\HP\.m2\repository\com\google\guava\listenablefuture\9999.0-empty-to-avoid-conflict-with-guava\listenablefuture-9999.0-empty-to-avoid-conflict-with-guava.jar;C:\Users\HP\.m2\repository\com\google\code\findbugs\jsr305\3.0.2\jsr305-3.0.2.jar;C:\Users\HP\.m2\repository\org\checkerframework\checker-qual\3.12.0\checker-qual-3.12.0.jar;C:\Users\HP\.m2\repository\com\google\errorprone\error_prone_annotations\2.11.0\error_prone_annotations-2.11.0.jar;C:\Users\HP\.m2\repository\com\google\j2objc\j2objc-annotations\1.3\j2objc-annotations-1.3.jar;C:\Users\HP\.m2\repository\org\seleniumhq\selenium\selenium-json\4.8.1\selenium-json-4.8.1.jar;"/>
    <property name="java.vm.vendor" value="Oracle Corporation"/>
    <property name="sun.arch.data.model" value="64"/>
    <property name="user.variant" value=""/>
    <property name="java.vendor.url" value="https://java.oracle.com/"/>
    <property name="user.timezone" value="Asia/Jakarta"/>
    <property name="os.name" value="Windows 11"/>
    <property name="java.vm.specification.version" value="19"/>
    <property name="sun.java.launcher" value="SUN_STANDARD"/>
    <property name="user.country" value="ID"/>
    <property name="sun.boot.library.path" value="C:\Program Files\Java\jdk-19\bin"/>
    <property name="sun.java.command" value="org.apache.maven.surefire.booter.ForkedBooter C:\Users\HP\AppData\Local\Temp\surefire18051931280800842649 2023-05-07T18-12-50_799-jvmRun1 surefire5107326714897728494tmp surefire_01675604612225919831tmp"/>
    <property name="jdk.debug" value="release"/>
    <property name="surefire.test.class.path" value="C:\Users\HP\Downloads\Mini-Project-QA\ALTASHOP MOBILE AUTOMATION\target\test-classes;C:\Users\HP\.m2\repository\net\serenity-bdd\serenity-core\3.6.21\serenity-core-3.6.21.jar;C:\Users\HP\.m2\repository\net\serenity-bdd\serenity-model\3.6.21\serenity-model-3.6.21.jar;C:\Users\HP\.m2\repository\org\apache\commons\commons-text\1.10.0\commons-text-1.10.0.jar;C:\Users\HP\.m2\repository\commons-net\commons-net\3.9.0\commons-net-3.9.0.jar;C:\Users\HP\.m2\repository\com\google\inject\guice\5.1.0\guice-5.1.0.jar;C:\Users\HP\.m2\repository\javax\inject\javax.inject\1\javax.inject-1.jar;C:\Users\HP\.m2\repository\aopalliance\aopalliance\1.0\aopalliance-1.0.jar;C:\Users\HP\.m2\repository\org\jsoup\jsoup\1.14.3\jsoup-1.14.3.jar;C:\Users\HP\.m2\repository\com\thoughtworks\xstream\xstream\1.4.20\xstream-1.4.20.jar;C:\Users\HP\.m2\repository\io\github\x-stream\mxparser\1.2.2\mxparser-1.2.2.jar;C:\Users\HP\.m2\repository\xmlpull\xmlpull\1.1.3.1\xmlpull-1.1.3.1.jar;C:\Users\HP\.m2\repository\com\typesafe\config\1.4.2\config-1.4.2.jar;C:\Users\HP\.m2\repository\org\imgscalr\imgscalr-lib\4.2\imgscalr-lib-4.2.jar;C:\Users\HP\.m2\repository\org\awaitility\awaitility\4.2.0\awaitility-4.2.0.jar;C:\Users\HP\.m2\repository\org\freemarker\freemarker\2.3.31\freemarker-2.3.31.jar;C:\Users\HP\.m2\repository\io\github\classgraph\classgraph\4.8.138\classgraph-4.8.138.jar;C:\Users\HP\.m2\repository\net\sourceforge\jexcelapi\jxl\2.6.12\jxl-2.6.12.jar;C:\Users\HP\.m2\repository\net\bytebuddy\byte-buddy-agent\1.14.2\byte-buddy-agent-1.14.2.jar;C:\Users\HP\.m2\repository\org\objenesis\objenesis\3.3\objenesis-3.3.jar;C:\Users\HP\.m2\repository\net\serenity-bdd\serenity-reports\3.6.21\serenity-reports-3.6.21.jar;C:\Users\HP\.m2\repository\net\serenity-bdd\serenity-stats\3.6.21\serenity-stats-3.6.21.jar;C:\Users\HP\.m2\repository\net\serenity-bdd\serenity-reports-configuration\3.6.21\serenity-reports-configuration-3.6.21.jar;C:\Users\HP\.m2\repository\com\vladsch\flexmark\flexmark-all\0.62.2\flexmark-all-0.62.2.jar;C:\Users\HP\.m2\repository\com\vladsch\flexmark\flexmark\0.62.2\flexmark-0.62.2.jar;C:\Users\HP\.m2\repository\com\vladsch\flexmark\flexmark-ext-abbreviation\0.62.2\flexmark-ext-abbreviation-0.62.2.jar;C:\Users\HP\.m2\repository\com\vladsch\flexmark\flexmark-util\0.62.2\flexmark-util-0.62.2.jar;C:\Users\HP\.m2\repository\com\vladsch\flexmark\flexmark-ext-admonition\0.62.2\flexmark-ext-admonition-0.62.2.jar;C:\Users\HP\.m2\repository\com\vladsch\flexmark\flexmark-ext-anchorlink\0.62.2\flexmark-ext-anchorlink-0.62.2.jar;C:\Users\HP\.m2\repository\com\vladsch\flexmark\flexmark-ext-aside\0.62.2\flexmark-ext-aside-0.62.2.jar;C:\Users\HP\.m2\repository\com\vladsch\flexmark\flexmark-ext-attributes\0.62.2\flexmark-ext-attributes-0.62.2.jar;C:\Users\HP\.m2\repository\com\vladsch\flexmark\flexmark-ext-autolink\0.62.2\flexmark-ext-autolink-0.62.2.jar;C:\Users\HP\.m2\repository\org\nibor\autolink\autolink\0.6.0\autolink-0.6.0.jar;C:\Users\HP\.m2\repository\com\vladsch\flexmark\flexmark-ext-definition\0.62.2\flexmark-ext-definition-0.62.2.jar;C:\Users\HP\.m2\repository\com\vladsch\flexmark\flexmark-ext-emoji\0.62.2\flexmark-ext-emoji-0.62.2.jar;C:\Users\HP\.m2\repository\com\vladsch\flexmark\flexmark-ext-enumerated-reference\0.62.2\flexmark-ext-enumerated-reference-0.62.2.jar;C:\Users\HP\.m2\repository\com\vladsch\flexmark\flexmark-ext-escaped-character\0.62.2\flexmark-ext-escaped-character-0.62.2.jar;C:\Users\HP\.m2\repository\com\vladsch\flexmark\flexmark-ext-footnotes\0.62.2\flexmark-ext-footnotes-0.62.2.jar;C:\Users\HP\.m2\repository\com\vladsch\flexmark\flexmark-ext-gfm-issues\0.62.2\flexmark-ext-gfm-issues-0.62.2.jar;C:\Users\HP\.m2\repository\com\vladsch\flexmark\flexmark-ext-gfm-strikethrough\0.62.2\flexmark-ext-gfm-strikethrough-0.62.2.jar;C:\Users\HP\.m2\repository\com\vladsch\flexmark\flexmark-ext-gfm-tasklist\0.62.2\flexmark-ext-gfm-tasklist-0.62.2.jar;C:\Users\HP\.m2\repository\com\vladsch\flexmark\flexmark-ext-gfm-users\0.62.2\flexmark-ext-gfm-users-0.62.2.jar;C:\Users\HP\.m2\repository\com\vladsch\flexmark\flexmark-ext-gitlab\0.62.2\flexmark-ext-gitlab-0.62.2.jar;C:\Users\HP\.m2\repository\com\vladsch\flexmark\flexmark-ext-jekyll-front-matter\0.62.2\flexmark-ext-jekyll-front-matter-0.62.2.jar;C:\Users\HP\.m2\repository\com\vladsch\flexmark\flexmark-ext-jekyll-tag\0.62.2\flexmark-ext-jekyll-tag-0.62.2.jar;C:\Users\HP\.m2\repository\com\vladsch\flexmark\flexmark-ext-media-tags\0.62.2\flexmark-ext-media-tags-0.62.2.jar;C:\Users\HP\.m2\repository\com\vladsch\flexmark\flexmark-ext-macros\0.62.2\flexmark-ext-macros-0.62.2.jar;C:\Users\HP\.m2\repository\com\vladsch\flexmark\flexmark-ext-ins\0.62.2\flexmark-ext-ins-0.62.2.jar;C:\Users\HP\.m2\repository\com\vladsch\flexmark\flexmark-ext-xwiki-macros\0.62.2\flexmark-ext-xwiki-macros-0.62.2.jar;C:\Users\HP\.m2\repository\com\vladsch\flexmark\flexmark-ext-superscript\0.62.2\flexmark-ext-superscript-0.62.2.jar;C:\Users\HP\.m2\repository\com\vladsch\flexmark\flexmark-ext-tables\0.62.2\flexmark-ext-tables-0.62.2.jar;C:\Users\HP\.m2\repository\com\vladsch\flexmark\flexmark-ext-toc\0.62.2\flexmark-ext-toc-0.62.2.jar;C:\Users\HP\.m2\repository\com\vladsch\flexmark\flexmark-ext-typographic\0.62.2\flexmark-ext-typographic-0.62.2.jar;C:\Users\HP\.m2\repository\com\vladsch\flexmark\flexmark-ext-wikilink\0.62.2\flexmark-ext-wikilink-0.62.2.jar;C:\Users\HP\.m2\repository\com\vladsch\flexmark\flexmark-ext-yaml-front-matter\0.62.2\flexmark-ext-yaml-front-matter-0.62.2.jar;C:\Users\HP\.m2\repository\com\vladsch\flexmark\flexmark-ext-youtube-embedded\0.62.2\flexmark-ext-youtube-embedded-0.62.2.jar;C:\Users\HP\.m2\repository\com\vladsch\flexmark\flexmark-html2md-converter\0.62.2\flexmark-html2md-converter-0.62.2.jar;C:\Users\HP\.m2\repository\com\vladsch\flexmark\flexmark-jira-converter\0.62.2\flexmark-jira-converter-0.62.2.jar;C:\Users\HP\.m2\repository\com\vladsch\flexmark\flexmark-pdf-converter\0.62.2\flexmark-pdf-converter-0.62.2.jar;C:\Users\HP\.m2\repository\com\openhtmltopdf\openhtmltopdf-core\1.0.0\openhtmltopdf-core-1.0.0.jar;C:\Users\HP\.m2\repository\com\openhtmltopdf\openhtmltopdf-pdfbox\1.0.0\openhtmltopdf-pdfbox-1.0.0.jar;C:\Users\HP\.m2\repository\org\apache\pdfbox\pdfbox\2.0.16\pdfbox-2.0.16.jar;C:\Users\HP\.m2\repository\org\apache\pdfbox\fontbox\2.0.16\fontbox-2.0.16.jar;C:\Users\HP\.m2\repository\org\apache\pdfbox\xmpbox\2.0.16\xmpbox-2.0.16.jar;C:\Users\HP\.m2\repository\de\rototor\pdfbox\graphics2d\0.24\graphics2d-0.24.jar;C:\Users\HP\.m2\repository\com\openhtmltopdf\openhtmltopdf-rtl-support\1.0.0\openhtmltopdf-rtl-support-1.0.0.jar;C:\Users\HP\.m2\repository\com\openhtmltopdf\openhtmltopdf-jsoup-dom-converter\1.0.0\openhtmltopdf-jsoup-dom-converter-1.0.0.jar;C:\Users\HP\.m2\repository\com\vladsch\flexmark\flexmark-profile-pegdown\0.62.2\flexmark-profile-pegdown-0.62.2.jar;C:\Users\HP\.m2\repository\com\vladsch\flexmark\flexmark-util-ast\0.62.2\flexmark-util-ast-0.62.2.jar;C:\Users\HP\.m2\repository\com\vladsch\flexmark\flexmark-util-builder\0.62.2\flexmark-util-builder-0.62.2.jar;C:\Users\HP\.m2\repository\com\vladsch\flexmark\flexmark-util-collection\0.62.2\flexmark-util-collection-0.62.2.jar;C:\Users\HP\.m2\repository\com\vladsch\flexmark\flexmark-util-data\0.62.2\flexmark-util-data-0.62.2.jar;C:\Users\HP\.m2\repository\com\vladsch\flexmark\flexmark-util-dependency\0.62.2\flexmark-util-dependency-0.62.2.jar;C:\Users\HP\.m2\repository\com\vladsch\flexmark\flexmark-util-format\0.62.2\flexmark-util-format-0.62.2.jar;C:\Users\HP\.m2\repository\com\vladsch\flexmark\flexmark-util-html\0.62.2\flexmark-util-html-0.62.2.jar;C:\Users\HP\.m2\repository\com\vladsch\flexmark\flexmark-util-misc\0.62.2\flexmark-util-misc-0.62.2.jar;C:\Users\HP\.m2\repository\com\vladsch\flexmark\flexmark-util-options\0.62.2\flexmark-util-options-0.62.2.jar;C:\Users\HP\.m2\repository\com\vladsch\flexmark\flexmark-util-sequence\0.62.2\flexmark-util-sequence-0.62.2.jar;C:\Users\HP\.m2\repository\com\vladsch\flexmark\flexmark-util-visitor\0.62.2\flexmark-util-visitor-0.62.2.jar;C:\Users\HP\.m2\repository\com\vladsch\flexmark\flexmark-youtrack-converter\0.62.2\flexmark-youtrack-converter-0.62.2.jar;C:\Users\HP\.m2\repository\com\ibm\icu\icu4j\72.1\icu4j-72.1.jar;C:\Users\HP\.m2\repository\es\nitaur\markdown\txtmark\0.16\txtmark-0.16.jar;C:\Users\HP\.m2\repository\net\serenity-bdd\serenity-report-resources\3.6.21\serenity-report-resources-3.6.21.jar;C:\Users\HP\.m2\repository\com\google\code\gson\gson\2.10.1\gson-2.10.1.jar;C:\Users\HP\.m2\repository\com\fasterxml\jackson\core\jackson-core\2.15.0-rc1\jackson-core-2.15.0-rc1.jar;C:\Users\HP\.m2\repository\com\fasterxml\jackson\core\jackson-databind\2.15.0-rc1\jackson-databind-2.15.0-rc1.jar;C:\Users\HP\.m2\repository\com\fasterxml\jackson\core\jackson-annotations\2.15.0-rc1\jackson-annotations-2.15.0-rc1.jar;C:\Users\HP\.m2\repository\commons-codec\commons-codec\1.15\commons-codec-1.15.jar;C:\Users\HP\.m2\repository\commons-io\commons-io\2.11.0\commons-io-2.11.0.jar;C:\Users\HP\.m2\repository\org\apache\httpcomponents\httpclient\4.5.13\httpclient-4.5.13.jar;C:\Users\HP\.m2\repository\org\apache\httpcomponents\httpcore\4.4.13\httpcore-4.4.13.jar;C:\Users\HP\.m2\repository\commons-logging\commons-logging\1.2\commons-logging-1.2.jar;C:\Users\HP\.m2\repository\org\seleniumhq\selenium\selenium-java\4.8.1\selenium-java-4.8.1.jar;C:\Users\HP\.m2\repository\org\seleniumhq\selenium\selenium-devtools-v108\4.8.1\selenium-devtools-v108-4.8.1.jar;C:\Users\HP\.m2\repository\org\seleniumhq\selenium\selenium-devtools-v109\4.8.1\selenium-devtools-v109-4.8.1.jar;C:\Users\HP\.m2\repository\org\seleniumhq\selenium\selenium-devtools-v110\4.8.1\selenium-devtools-v110-4.8.1.jar;C:\Users\HP\.m2\repository\org\seleniumhq\selenium\selenium-devtools-v85\4.8.1\selenium-devtools-v85-4.8.1.jar;C:\Users\HP\.m2\repository\org\seleniumhq\selenium\selenium-safari-driver\4.8.1\selenium-safari-driver-4.8.1.jar;C:\Users\HP\.m2\repository\org\seleniumhq\selenium\selenium-api\4.8.1\selenium-api-4.8.1.jar;C:\Users\HP\.m2\repository\org\seleniumhq\selenium\selenium-chrome-driver\4.8.1\selenium-chrome-driver-4.8.1.jar;C:\Users\HP\.m2\repository\org\seleniumhq\selenium\selenium-chromium-driver\4.8.1\selenium-chromium-driver-4.8.1.jar;C:\Users\HP\.m2\repository\org\seleniumhq\selenium\selenium-firefox-driver\4.8.1\selenium-firefox-driver-4.8.1.jar;C:\Users\HP\.m2\repository\org\seleniumhq\selenium\selenium-http\4.8.1\selenium-http-4.8.1.jar;C:\Users\HP\.m2\repository\dev\failsafe\failsafe\3.3.0\failsafe-3.3.0.jar;C:\Users\HP\.m2\repository\org\seleniumhq\selenium\selenium-edge-driver\4.8.1\selenium-edge-driver-4.8.1.jar;C:\Users\HP\.m2\repository\org\seleniumhq\selenium\selenium-ie-driver\4.8.1\selenium-ie-driver-4.8.1.jar;C:\Users\HP\.m2\repository\org\projectlombok\lombok\1.18.20\lombok-1.18.20.jar;C:\Users\HP\.m2\repository\org\apache\groovy\groovy\4.0.10\groovy-4.0.10.jar;C:\Users\HP\.m2\repository\net\sf\opencsv\opencsv\2.0\opencsv-2.0.jar;C:\Users\HP\.m2\repository\commons-beanutils\commons-beanutils\1.9.4\commons-beanutils-1.9.4.jar;C:\Users\HP\.m2\repository\org\apache\commons\commons-lang3\3.12.0\commons-lang3-3.12.0.jar;C:\Users\HP\.m2\repository\commons-collections\commons-collections\3.2.2\commons-collections-3.2.2.jar;C:\Users\HP\.m2\repository\org\fluentlenium\fluentlenium-core\0.10.2\fluentlenium-core-0.10.2.jar;C:\Users\HP\.m2\repository\io\github\bonigarcia\webdrivermanager\5.3.0\webdrivermanager-5.3.0.jar;C:\Users\HP\.m2\repository\com\github\docker-java\docker-java\3.2.13\docker-java-3.2.13.jar;C:\Users\HP\.m2\repository\com\github\docker-java\docker-java-core\3.2.13\docker-java-core-3.2.13.jar;C:\Users\HP\.m2\repository\com\github\docker-java\docker-java-api\3.2.13\docker-java-api-3.2.13.jar;C:\Users\HP\.m2\repository\org\apache\commons\commons-compress\1.21\commons-compress-1.21.jar;C:\Users\HP\.m2\repository\org\bouncycastle\bcpkix-jdk15on\1.64\bcpkix-jdk15on-1.64.jar;C:\Users\HP\.m2\repository\org\bouncycastle\bcprov-jdk15on\1.64\bcprov-jdk15on-1.64.jar;C:\Users\HP\.m2\repository\org\slf4j\jcl-over-slf4j\1.7.30\jcl-over-slf4j-1.7.30.jar;C:\Users\HP\.m2\repository\com\github\docker-java\docker-java-transport-httpclient5\3.2.13\docker-java-transport-httpclient5-3.2.13.jar;C:\Users\HP\.m2\repository\com\github\docker-java\docker-java-transport\3.2.13\docker-java-transport-3.2.13.jar;C:\Users\HP\.m2\repository\net\java\dev\jna\jna\5.8.0\jna-5.8.0.jar;C:\Users\HP\.m2\repository\org\brotli\dec\0.1.2\dec-0.1.2.jar;C:\Users\HP\.m2\repository\org\apache\httpcomponents\client5\httpclient5\5.1.3\httpclient5-5.1.3.jar;C:\Users\HP\.m2\repository\org\apache\httpcomponents\core5\httpcore5\5.1.3\httpcore5-5.1.3.jar;C:\Users\HP\.m2\repository\org\apache\httpcomponents\core5\httpcore5-h2\5.1.3\httpcore5-h2-5.1.3.jar;C:\Users\HP\.m2\repository\com\jhlabs\filters\2.0.235\filters-2.0.235.jar;C:\Users\HP\.m2\repository\com\paulhammant\ngwebdriver\1.1.6\ngwebdriver-1.1.6.jar;C:\Users\HP\.m2\repository\joda-time\joda-time\2.12.2\joda-time-2.12.2.jar;C:\Users\HP\.m2\repository\org\hamcrest\hamcrest\2.2\hamcrest-2.2.jar;C:\Users\HP\.m2\repository\com\google\jimfs\jimfs\1.2\jimfs-1.2.jar;C:\Users\HP\.m2\repository\org\mockito\mockito-core\3.3.3\mockito-core-3.3.3.jar;C:\Users\HP\.m2\repository\javax\xml\bind\jaxb-api\2.3.1\jaxb-api-2.3.1.jar;C:\Users\HP\.m2\repository\javax\activation\javax.activation-api\1.2.0\javax.activation-api-1.2.0.jar;C:\Users\HP\.m2\repository\com\sun\xml\bind\jaxb-core\2.3.0.1\jaxb-core-2.3.0.1.jar;C:\Users\HP\.m2\repository\com\sun\xml\bind\jaxb-impl\2.3.3\jaxb-impl-2.3.3.jar;C:\Users\HP\.m2\repository\jakarta\xml\bind\jakarta.xml.bind-api\2.3.3\jakarta.xml.bind-api-2.3.3.jar;C:\Users\HP\.m2\repository\com\sun\activation\jakarta.activation\1.2.2\jakarta.activation-1.2.2.jar;C:\Users\HP\.m2\repository\javax\activation\activation\1.1.1\activation-1.1.1.jar;C:\Users\HP\.m2\repository\net\serenity-bdd\serenity-cucumber\3.6.21\serenity-cucumber-3.6.21.jar;C:\Users\HP\.m2\repository\io\cucumber\cucumber-core\7.11.0\cucumber-core-7.11.0.jar;C:\Users\HP\.m2\repository\io\cucumber\cucumber-gherkin\7.11.0\cucumber-gherkin-7.11.0.jar;C:\Users\HP\.m2\repository\io\cucumber\cucumber-gherkin-messages\7.11.0\cucumber-gherkin-messages-7.11.0.jar;C:\Users\HP\.m2\repository\io\cucumber\gherkin\26.0.3\gherkin-26.0.3.jar;C:\Users\HP\.m2\repository\io\cucumber\messages\21.0.1\messages-21.0.1.jar;C:\Users\HP\.m2\repository\io\cucumber\tag-expressions\5.0.1\tag-expressions-5.0.1.jar;C:\Users\HP\.m2\repository\io\cucumber\cucumber-expressions\16.1.1\cucumber-expressions-16.1.1.jar;C:\Users\HP\.m2\repository\io\cucumber\datatable\7.11.0\datatable-7.11.0.jar;C:\Users\HP\.m2\repository\io\cucumber\cucumber-plugin\7.11.0\cucumber-plugin-7.11.0.jar;C:\Users\HP\.m2\repository\io\cucumber\docstring\7.11.0\docstring-7.11.0.jar;C:\Users\HP\.m2\repository\io\cucumber\html-formatter\20.2.1\html-formatter-20.2.1.jar;C:\Users\HP\.m2\repository\io\cucumber\junit-xml-formatter\0.1.0\junit-xml-formatter-0.1.0.jar;C:\Users\HP\.m2\repository\io\cucumber\ci-environment\9.1.0\ci-environment-9.1.0.jar;C:\Users\HP\.m2\repository\io\cucumber\cucumber-java\7.11.0\cucumber-java-7.11.0.jar;C:\Users\HP\.m2\repository\io\cucumber\cucumber-junit\7.11.0\cucumber-junit-7.11.0.jar;C:\Users\HP\.m2\repository\org\apache\commons\commons-csv\1.5\commons-csv-1.5.jar;C:\Users\HP\.m2\repository\net\serenity-bdd\serenity-screenplay\3.6.21\serenity-screenplay-3.6.21.jar;C:\Users\HP\.m2\repository\net\serenity-bdd\serenity-screenplay-webdriver\3.6.21\serenity-screenplay-webdriver-3.6.21.jar;C:\Users\HP\.m2\repository\net\serenity-bdd\serenity-ensure\3.6.21\serenity-ensure-3.6.21.jar;C:\Users\HP\.m2\repository\net\serenity-bdd\serenity-junit\3.6.21\serenity-junit-3.6.21.jar;C:\Users\HP\.m2\repository\org\jetbrains\kotlin\kotlin-stdlib\1.8.10\kotlin-stdlib-1.8.10.jar;C:\Users\HP\.m2\repository\org\jetbrains\kotlin\kotlin-stdlib-common\1.8.10\kotlin-stdlib-common-1.8.10.jar;C:\Users\HP\.m2\repository\org\jetbrains\annotations\13.0\annotations-13.0.jar;C:\Users\HP\.m2\repository\org\junit\platform\junit-platform-launcher\1.8.2\junit-platform-launcher-1.8.2.jar;C:\Users\HP\.m2\repository\org\junit\platform\junit-platform-engine\1.8.2\junit-platform-engine-1.8.2.jar;C:\Users\HP\.m2\repository\org\opentest4j\opentest4j\1.2.0\opentest4j-1.2.0.jar;C:\Users\HP\.m2\repository\org\junit\platform\junit-platform-commons\1.8.2\junit-platform-commons-1.8.2.jar;C:\Users\HP\.m2\repository\org\apiguardian\apiguardian-api\1.1.2\apiguardian-api-1.1.2.jar;C:\Users\HP\.m2\repository\org\junit\jupiter\junit-jupiter-engine\5.8.2\junit-jupiter-engine-5.8.2.jar;C:\Users\HP\.m2\repository\org\junit\jupiter\junit-jupiter-api\5.8.2\junit-jupiter-api-5.8.2.jar;C:\Users\HP\.m2\repository\org\junit\vintage\junit-vintage-engine\5.8.2\junit-vintage-engine-5.8.2.jar;C:\Users\HP\.m2\repository\junit\junit\4.13.2\junit-4.13.2.jar;C:\Users\HP\.m2\repository\org\hamcrest\hamcrest-core\1.3\hamcrest-core-1.3.jar;C:\Users\HP\.m2\repository\ch\qos\logback\logback-classic\1.2.10\logback-classic-1.2.10.jar;C:\Users\HP\.m2\repository\ch\qos\logback\logback-core\1.2.10\logback-core-1.2.10.jar;C:\Users\HP\.m2\repository\org\slf4j\slf4j-api\1.7.32\slf4j-api-1.7.32.jar;C:\Users\HP\.m2\repository\org\assertj\assertj-core\3.23.1\assertj-core-3.23.1.jar;C:\Users\HP\.m2\repository\net\bytebuddy\byte-buddy\1.12.10\byte-buddy-1.12.10.jar;C:\Users\HP\.m2\repository\org\slf4j\slf4j-simple\1.7.7\slf4j-simple-1.7.7.jar;C:\Users\HP\.m2\repository\io\appium\java-client\8.3.0\java-client-8.3.0.jar;C:\Users\HP\.m2\repository\org\seleniumhq\selenium\selenium-remote-driver\4.9.0\selenium-remote-driver-4.9.0.jar;C:\Users\HP\.m2\repository\com\beust\jcommander\1.82\jcommander-1.82.jar;C:\Users\HP\.m2\repository\io\netty\netty-buffer\4.1.91.Final\netty-buffer-4.1.91.Final.jar;C:\Users\HP\.m2\repository\io\netty\netty-codec-http\4.1.91.Final\netty-codec-http-4.1.91.Final.jar;C:\Users\HP\.m2\repository\io\netty\netty-codec\4.1.91.Final\netty-codec-4.1.91.Final.jar;C:\Users\HP\.m2\repository\io\netty\netty-handler\4.1.91.Final\netty-handler-4.1.91.Final.jar;C:\Users\HP\.m2\repository\io\netty\netty-common\4.1.91.Final\netty-common-4.1.91.Final.jar;C:\Users\HP\.m2\repository\io\netty\netty-transport-classes-epoll\4.1.91.Final\netty-transport-classes-epoll-4.1.91.Final.jar;C:\Users\HP\.m2\repository\io\netty\netty-transport-classes-kqueue\4.1.91.Final\netty-transport-classes-kqueue-4.1.91.Final.jar;C:\Users\HP\.m2\repository\io\netty\netty-transport-native-epoll\4.1.91.Final\netty-transport-native-epoll-4.1.91.Final.jar;C:\Users\HP\.m2\repository\io\netty\netty-transport-native-kqueue\4.1.91.Final\netty-transport-native-kqueue-4.1.91.Final.jar;C:\Users\HP\.m2\repository\io\netty\netty-transport-native-unix-common\4.1.91.Final\netty-transport-native-unix-common-4.1.91.Final.jar;C:\Users\HP\.m2\repository\io\netty\netty-transport\4.1.91.Final\netty-transport-4.1.91.Final.jar;C:\Users\HP\.m2\repository\io\netty\netty-resolver\4.1.91.Final\netty-resolver-4.1.91.Final.jar;C:\Users\HP\.m2\repository\io\opentelemetry\opentelemetry-api\1.25.0\opentelemetry-api-1.25.0.jar;C:\Users\HP\.m2\repository\io\opentelemetry\opentelemetry-context\1.25.0\opentelemetry-context-1.25.0.jar;C:\Users\HP\.m2\repository\io\opentelemetry\opentelemetry-exporter-logging\1.25.0\opentelemetry-exporter-logging-1.25.0.jar;C:\Users\HP\.m2\repository\io\opentelemetry\opentelemetry-sdk-metrics\1.25.0\opentelemetry-sdk-metrics-1.25.0.jar;C:\Users\HP\.m2\repository\io\opentelemetry\opentelemetry-sdk-logs\1.25.0-alpha\opentelemetry-sdk-logs-1.25.0-alpha.jar;C:\Users\HP\.m2\repository\io\opentelemetry\opentelemetry-api-logs\1.25.0-alpha\opentelemetry-api-logs-1.25.0-alpha.jar;C:\Users\HP\.m2\repository\io\opentelemetry\opentelemetry-api-events\1.25.0-alpha\opentelemetry-api-events-1.25.0-alpha.jar;C:\Users\HP\.m2\repository\io\opentelemetry\opentelemetry-sdk-common\1.25.0\opentelemetry-sdk-common-1.25.0.jar;C:\Users\HP\.m2\repository\io\opentelemetry\opentelemetry-sdk-extension-autoconfigure-spi\1.25.0\opentelemetry-sdk-extension-autoconfigure-spi-1.25.0.jar;C:\Users\HP\.m2\repository\io\opentelemetry\opentelemetry-sdk-extension-autoconfigure\1.25.0-alpha\opentelemetry-sdk-extension-autoconfigure-1.25.0-alpha.jar;C:\Users\HP\.m2\repository\io\opentelemetry\opentelemetry-sdk-trace\1.25.0\opentelemetry-sdk-trace-1.25.0.jar;C:\Users\HP\.m2\repository\io\opentelemetry\opentelemetry-sdk\1.25.0\opentelemetry-sdk-1.25.0.jar;C:\Users\HP\.m2\repository\io\opentelemetry\opentelemetry-semconv\1.25.0-alpha\opentelemetry-semconv-1.25.0-alpha.jar;C:\Users\HP\.m2\repository\io\ous\jtoml\2.0.0\jtoml-2.0.0.jar;C:\Users\HP\.m2\repository\org\apache\commons\commons-exec\1.3\commons-exec-1.3.jar;C:\Users\HP\.m2\repository\org\asynchttpclient\async-http-client\2.12.3\async-http-client-2.12.3.jar;C:\Users\HP\.m2\repository\org\asynchttpclient\async-http-client-netty-utils\2.12.3\async-http-client-netty-utils-2.12.3.jar;C:\Users\HP\.m2\repository\io\netty\netty-codec-socks\4.1.60.Final\netty-codec-socks-4.1.60.Final.jar;C:\Users\HP\.m2\repository\io\netty\netty-handler-proxy\4.1.60.Final\netty-handler-proxy-4.1.60.Final.jar;C:\Users\HP\.m2\repository\io\netty\netty-transport-native-epoll\4.1.60.Final\netty-transport-native-epoll-4.1.60.Final-linux-x86_64.jar;C:\Users\HP\.m2\repository\io\netty\netty-transport-native-kqueue\4.1.60.Final\netty-transport-native-kqueue-4.1.60.Final-osx-x86_64.jar;C:\Users\HP\.m2\repository\org\reactivestreams\reactive-streams\1.0.3\reactive-streams-1.0.3.jar;C:\Users\HP\.m2\repository\com\typesafe\netty\netty-reactive-streams\2.0.4\netty-reactive-streams-2.0.4.jar;C:\Users\HP\.m2\repository\org\seleniumhq\selenium\selenium-manager\4.9.0\selenium-manager-4.9.0.jar;C:\Users\HP\.m2\repository\cglib\cglib\3.3.0\cglib-3.3.0.jar;C:\Users\HP\.m2\repository\org\ow2\asm\asm\7.1\asm-7.1.jar;C:\Users\HP\.m2\repository\commons-validator\commons-validator\1.7\commons-validator-1.7.jar;C:\Users\HP\.m2\repository\commons-digester\commons-digester\2.1\commons-digester-2.1.jar;C:\Users\HP\.m2\repository\org\yaml\snakeyaml\1.29\snakeyaml-1.29.jar;C:\Users\HP\.m2\repository\com\github\javafaker\javafaker\1.0.2\javafaker-1.0.2.jar;C:\Users\HP\.m2\repository\org\yaml\snakeyaml\1.23\snakeyaml-1.23-android.jar;C:\Users\HP\.m2\repository\com\github\mifmif\generex\1.0.2\generex-1.0.2.jar;C:\Users\HP\.m2\repository\dk\brics\automaton\automaton\1.11-8\automaton-1.11-8.jar;C:\Users\HP\.m2\repository\info\cukes\cucumber-java\1.0.1\cucumber-java-1.0.1.jar;C:\Users\HP\.m2\repository\info\cukes\cucumber-core\1.0.1\cucumber-core-1.0.1.jar;C:\Users\HP\.m2\repository\info\cukes\gherkin\2.9.3\gherkin-2.9.3.jar;C:\Users\HP\.m2\repository\info\cukes\cucumber-html\0.2.1\cucumber-html-0.2.1.jar;C:\Users\HP\.m2\repository\org\seleniumhq\selenium\selenium-support\4.8.1\selenium-support-4.8.1.jar;C:\Users\HP\.m2\repository\com\google\auto\service\auto-service-annotations\1.0.1\auto-service-annotations-1.0.1.jar;C:\Users\HP\.m2\repository\com\google\auto\service\auto-service\1.0.1\auto-service-1.0.1.jar;C:\Users\HP\.m2\repository\com\google\auto\auto-common\1.2\auto-common-1.2.jar;C:\Users\HP\.m2\repository\com\google\guava\guava\31.1-jre\guava-31.1-jre.jar;C:\Users\HP\.m2\repository\com\google\guava\failureaccess\1.0.1\failureaccess-1.0.1.jar;C:\Users\HP\.m2\repository\com\google\guava\listenablefuture\9999.0-empty-to-avoid-conflict-with-guava\listenablefuture-9999.0-empty-to-avoid-conflict-with-guava.jar;C:\Users\HP\.m2\repository\com\google\code\findbugs\jsr305\3.0.2\jsr305-3.0.2.jar;C:\Users\HP\.m2\repository\org\checkerframework\checker-qual\3.12.0\checker-qual-3.12.0.jar;C:\Users\HP\.m2\repository\com\google\errorprone\error_prone_annotations\2.11.0\error_prone_annotations-2.11.0.jar;C:\Users\HP\.m2\repository\com\google\j2objc\j2objc-annotations\1.3\j2objc-annotations-1.3.jar;C:\Users\HP\.m2\repository\org\seleniumhq\selenium\selenium-json\4.8.1\selenium-json-4.8.1.jar;"/>
    <property name="sun.cpu.endian" value="little"/>
    <property name="user.home" value="C:\Users\HP"/>
    <property name="user.language" value="en"/>
    <property name="java.specification.vendor" value="Oracle Corporation"/>
    <property name="jdk.module.path" value="C:\Users\HP\Downloads\Mini-Project-QA\ALTASHOP MOBILE AUTOMATION\target\altashop-1.0-SNAPSHOT.jar"/>
    <property name="java.version.date" value="2023-01-17"/>
    <property name="java.home" value="C:\Program Files\Java\jdk-19"/>
    <property name="file.separator" value="\"/>
    <property name="basedir" value="C:\Users\HP\Downloads\Mini-Project-QA\ALTASHOP MOBILE AUTOMATION"/>
    <property name="java.vm.compressedOopsMode" value="32-bit"/>
    <property name="line.separator" value="&#10;"/>
    <property name="java.vm.specification.vendor" value="Oracle Corporation"/>
    <property name="java.specification.name" value="Java Platform API Specification"/>
    <property name="surefire.real.class.path" value="C:\Users\HP\.m2\repository\org\apache\maven\surefire\surefire-booter\3.0.0-M5\surefire-booter-3.0.0-M5.jar;C:\Users\HP\.m2\repository\org\apache\maven\surefire\surefire-api\3.0.0-M5\surefire-api-3.0.0-M5.jar;C:\Users\HP\.m2\repository\org\apache\maven\surefire\surefire-logger-api\3.0.0-M5\surefire-logger-api-3.0.0-M5.jar;C:\Users\HP\.m2\repository\org\apache\maven\surefire\surefire-shared-utils\3.0.0-M4\surefire-shared-utils-3.0.0-M4.jar;C:\Users\HP\.m2\repository\org\apache\maven\surefire\surefire-extensions-spi\3.0.0-M5\surefire-extensions-spi-3.0.0-M5.jar;C:\Users\HP\Downloads\Mini-Project-QA\ALTASHOP MOBILE AUTOMATION\target\test-classes;C:\Users\HP\.m2\repository\net\serenity-bdd\serenity-core\3.6.21\serenity-core-3.6.21.jar;C:\Users\HP\.m2\repository\net\serenity-bdd\serenity-model\3.6.21\serenity-model-3.6.21.jar;C:\Users\HP\.m2\repository\org\apache\commons\commons-text\1.10.0\commons-text-1.10.0.jar;C:\Users\HP\.m2\repository\commons-net\commons-net\3.9.0\commons-net-3.9.0.jar;C:\Users\HP\.m2\repository\com\google\inject\guice\5.1.0\guice-5.1.0.jar;C:\Users\HP\.m2\repository\javax\inject\javax.inject\1\javax.inject-1.jar;C:\Users\HP\.m2\repository\aopalliance\aopalliance\1.0\aopalliance-1.0.jar;C:\Users\HP\.m2\repository\org\jsoup\jsoup\1.14.3\jsoup-1.14.3.jar;C:\Users\HP\.m2\repository\com\thoughtworks\xstream\xstream\1.4.20\xstream-1.4.20.jar;C:\Users\HP\.m2\repository\io\github\x-stream\mxparser\1.2.2\mxparser-1.2.2.jar;C:\Users\HP\.m2\repository\xmlpull\xmlpull\1.1.3.1\xmlpull-1.1.3.1.jar;C:\Users\HP\.m2\repository\com\typesafe\config\1.4.2\config-1.4.2.jar;C:\Users\HP\.m2\repository\org\imgscalr\imgscalr-lib\4.2\imgscalr-lib-4.2.jar;C:\Users\HP\.m2\repository\org\awaitility\awaitility\4.2.0\awaitility-4.2.0.jar;C:\Users\HP\.m2\repository\org\freemarker\freemarker\2.3.31\freemarker-2.3.31.jar;C:\Users\HP\.m2\repository\io\github\classgraph\classgraph\4.8.138\classgraph-4.8.138.jar;C:\Users\HP\.m2\repository\net\sourceforge\jexcelapi\jxl\2.6.12\jxl-2.6.12.jar;C:\Users\HP\.m2\repository\net\bytebuddy\byte-buddy-agent\1.14.2\byte-buddy-agent-1.14.2.jar;C:\Users\HP\.m2\repository\org\objenesis\objenesis\3.3\objenesis-3.3.jar;C:\Users\HP\.m2\repository\net\serenity-bdd\serenity-reports\3.6.21\serenity-reports-3.6.21.jar;C:\Users\HP\.m2\repository\net\serenity-bdd\serenity-stats\3.6.21\serenity-stats-3.6.21.jar;C:\Users\HP\.m2\repository\net\serenity-bdd\serenity-reports-configuration\3.6.21\serenity-reports-configuration-3.6.21.jar;C:\Users\HP\.m2\repository\com\vladsch\flexmark\flexmark-all\0.62.2\flexmark-all-0.62.2.jar;C:\Users\HP\.m2\repository\com\vladsch\flexmark\flexmark\0.62.2\flexmark-0.62.2.jar;C:\Users\HP\.m2\repository\com\vladsch\flexmark\flexmark-ext-abbreviation\0.62.2\flexmark-ext-abbreviation-0.62.2.jar;C:\Users\HP\.m2\repository\com\vladsch\flexmark\flexmark-util\0.62.2\flexmark-util-0.62.2.jar;C:\Users\HP\.m2\repository\com\vladsch\flexmark\flexmark-ext-admonition\0.62.2\flexmark-ext-admonition-0.62.2.jar;C:\Users\HP\.m2\repository\com\vladsch\flexmark\flexmark-ext-anchorlink\0.62.2\flexmark-ext-anchorlink-0.62.2.jar;C:\Users\HP\.m2\repository\com\vladsch\flexmark\flexmark-ext-aside\0.62.2\flexmark-ext-aside-0.62.2.jar;C:\Users\HP\.m2\repository\com\vladsch\flexmark\flexmark-ext-attributes\0.62.2\flexmark-ext-attributes-0.62.2.jar;C:\Users\HP\.m2\repository\com\vladsch\flexmark\flexmark-ext-autolink\0.62.2\flexmark-ext-autolink-0.62.2.jar;C:\Users\HP\.m2\repository\org\nibor\autolink\autolink\0.6.0\autolink-0.6.0.jar;C:\Users\HP\.m2\repository\com\vladsch\flexmark\flexmark-ext-definition\0.62.2\flexmark-ext-definition-0.62.2.jar;C:\Users\HP\.m2\repository\com\vladsch\flexmark\flexmark-ext-emoji\0.62.2\flexmark-ext-emoji-0.62.2.jar;C:\Users\HP\.m2\repository\com\vladsch\flexmark\flexmark-ext-enumerated-reference\0.62.2\flexmark-ext-enumerated-reference-0.62.2.jar;C:\Users\HP\.m2\repository\com\vladsch\flexmark\flexmark-ext-escaped-character\0.62.2\flexmark-ext-escaped-character-0.62.2.jar;C:\Users\HP\.m2\repository\com\vladsch\flexmark\flexmark-ext-footnotes\0.62.2\flexmark-ext-footnotes-0.62.2.jar;C:\Users\HP\.m2\repository\com\vladsch\flexmark\flexmark-ext-gfm-issues\0.62.2\flexmark-ext-gfm-issues-0.62.2.jar;C:\Users\HP\.m2\repository\com\vladsch\flexmark\flexmark-ext-gfm-strikethrough\0.62.2\flexmark-ext-gfm-strikethrough-0.62.2.jar;C:\Users\HP\.m2\repository\com\vladsch\flexmark\flexmark-ext-gfm-tasklist\0.62.2\flexmark-ext-gfm-tasklist-0.62.2.jar;C:\Users\HP\.m2\repository\com\vladsch\flexmark\flexmark-ext-gfm-users\0.62.2\flexmark-ext-gfm-users-0.62.2.jar;C:\Users\HP\.m2\repository\com\vladsch\flexmark\flexmark-ext-gitlab\0.62.2\flexmark-ext-gitlab-0.62.2.jar;C:\Users\HP\.m2\repository\com\vladsch\flexmark\flexmark-ext-jekyll-front-matter\0.62.2\flexmark-ext-jekyll-front-matter-0.62.2.jar;C:\Users\HP\.m2\repository\com\vladsch\flexmark\flexmark-ext-jekyll-tag\0.62.2\flexmark-ext-jekyll-tag-0.62.2.jar;C:\Users\HP\.m2\repository\com\vladsch\flexmark\flexmark-ext-media-tags\0.62.2\flexmark-ext-media-tags-0.62.2.jar;C:\Users\HP\.m2\repository\com\vladsch\flexmark\flexmark-ext-macros\0.62.2\flexmark-ext-macros-0.62.2.jar;C:\Users\HP\.m2\repository\com\vladsch\flexmark\flexmark-ext-ins\0.62.2\flexmark-ext-ins-0.62.2.jar;C:\Users\HP\.m2\repository\com\vladsch\flexmark\flexmark-ext-xwiki-macros\0.62.2\flexmark-ext-xwiki-macros-0.62.2.jar;C:\Users\HP\.m2\repository\com\vladsch\flexmark\flexmark-ext-superscript\0.62.2\flexmark-ext-superscript-0.62.2.jar;C:\Users\HP\.m2\repository\com\vladsch\flexmark\flexmark-ext-tables\0.62.2\flexmark-ext-tables-0.62.2.jar;C:\Users\HP\.m2\repository\com\vladsch\flexmark\flexmark-ext-toc\0.62.2\flexmark-ext-toc-0.62.2.jar;C:\Users\HP\.m2\repository\com\vladsch\flexmark\flexmark-ext-typographic\0.62.2\flexmark-ext-typographic-0.62.2.jar;C:\Users\HP\.m2\repository\com\vladsch\flexmark\flexmark-ext-wikilink\0.62.2\flexmark-ext-wikilink-0.62.2.jar;C:\Users\HP\.m2\repository\com\vladsch\flexmark\flexmark-ext-yaml-front-matter\0.62.2\flexmark-ext-yaml-front-matter-0.62.2.jar;C:\Users\HP\.m2\repository\com\vladsch\flexmark\flexmark-ext-youtube-embedded\0.62.2\flexmark-ext-youtube-embedded-0.62.2.jar;C:\Users\HP\.m2\repository\com\vladsch\flexmark\flexmark-html2md-converter\0.62.2\flexmark-html2md-converter-0.62.2.jar;C:\Users\HP\.m2\repository\com\vladsch\flexmark\flexmark-jira-converter\0.62.2\flexmark-jira-converter-0.62.2.jar;C:\Users\HP\.m2\repository\com\vladsch\flexmark\flexmark-pdf-converter\0.62.2\flexmark-pdf-converter-0.62.2.jar;C:\Users\HP\.m2\repository\com\openhtmltopdf\openhtmltopdf-core\1.0.0\openhtmltopdf-core-1.0.0.jar;C:\Users\HP\.m2\repository\com\openhtmltopdf\openhtmltopdf-pdfbox\1.0.0\openhtmltopdf-pdfbox-1.0.0.jar;C:\Users\HP\.m2\repository\org\apache\pdfbox\pdfbox\2.0.16\pdfbox-2.0.16.jar;C:\Users\HP\.m2\repository\org\apache\pdfbox\fontbox\2.0.16\fontbox-2.0.16.jar;C:\Users\HP\.m2\repository\org\apache\pdfbox\xmpbox\2.0.16\xmpbox-2.0.16.jar;C:\Users\HP\.m2\repository\de\rototor\pdfbox\graphics2d\0.24\graphics2d-0.24.jar;C:\Users\HP\.m2\repository\com\openhtmltopdf\openhtmltopdf-rtl-support\1.0.0\openhtmltopdf-rtl-support-1.0.0.jar;C:\Users\HP\.m2\repository\com\openhtmltopdf\openhtmltopdf-jsoup-dom-converter\1.0.0\openhtmltopdf-jsoup-dom-converter-1.0.0.jar;C:\Users\HP\.m2\repository\com\vladsch\flexmark\flexmark-profile-pegdown\0.62.2\flexmark-profile-pegdown-0.62.2.jar;C:\Users\HP\.m2\repository\com\vladsch\flexmark\flexmark-util-ast\0.62.2\flexmark-util-ast-0.62.2.jar;C:\Users\HP\.m2\repository\com\vladsch\flexmark\flexmark-util-builder\0.62.2\flexmark-util-builder-0.62.2.jar;C:\Users\HP\.m2\repository\com\vladsch\flexmark\flexmark-util-collection\0.62.2\flexmark-util-collection-0.62.2.jar;C:\Users\HP\.m2\repository\com\vladsch\flexmark\flexmark-util-data\0.62.2\flexmark-util-data-0.62.2.jar;C:\Users\HP\.m2\repository\com\vladsch\flexmark\flexmark-util-dependency\0.62.2\flexmark-util-dependency-0.62.2.jar;C:\Users\HP\.m2\repository\com\vladsch\flexmark\flexmark-util-format\0.62.2\flexmark-util-format-0.62.2.jar;C:\Users\HP\.m2\repository\com\vladsch\flexmark\flexmark-util-html\0.62.2\flexmark-util-html-0.62.2.jar;C:\Users\HP\.m2\repository\com\vladsch\flexmark\flexmark-util-misc\0.62.2\flexmark-util-misc-0.62.2.jar;C:\Users\HP\.m2\repository\com\vladsch\flexmark\flexmark-util-options\0.62.2\flexmark-util-options-0.62.2.jar;C:\Users\HP\.m2\repository\com\vladsch\flexmark\flexmark-util-sequence\0.62.2\flexmark-util-sequence-0.62.2.jar;C:\Users\HP\.m2\repository\com\vladsch\flexmark\flexmark-util-visitor\0.62.2\flexmark-util-visitor-0.62.2.jar;C:\Users\HP\.m2\repository\com\vladsch\flexmark\flexmark-youtrack-converter\0.62.2\flexmark-youtrack-converter-0.62.2.jar;C:\Users\HP\.m2\repository\com\ibm\icu\icu4j\72.1\icu4j-72.1.jar;C:\Users\HP\.m2\repository\es\nitaur\markdown\txtmark\0.16\txtmark-0.16.jar;C:\Users\HP\.m2\repository\net\serenity-bdd\serenity-report-resources\3.6.21\serenity-report-resources-3.6.21.jar;C:\Users\HP\.m2\repository\com\google\code\gson\gson\2.10.1\gson-2.10.1.jar;C:\Users\HP\.m2\repository\com\fasterxml\jackson\core\jackson-core\2.15.0-rc1\jackson-core-2.15.0-rc1.jar;C:\Users\HP\.m2\repository\com\fasterxml\jackson\core\jackson-databind\2.15.0-rc1\jackson-databind-2.15.0-rc1.jar;C:\Users\HP\.m2\repository\com\fasterxml\jackson\core\jackson-annotations\2.15.0-rc1\jackson-annotations-2.15.0-rc1.jar;C:\Users\HP\.m2\repository\commons-codec\commons-codec\1.15\commons-codec-1.15.jar;C:\Users\HP\.m2\repository\commons-io\commons-io\2.11.0\commons-io-2.11.0.jar;C:\Users\HP\.m2\repository\org\apache\httpcomponents\httpclient\4.5.13\httpclient-4.5.13.jar;C:\Users\HP\.m2\repository\org\apache\httpcomponents\httpcore\4.4.13\httpcore-4.4.13.jar;C:\Users\HP\.m2\repository\commons-logging\commons-logging\1.2\commons-logging-1.2.jar;C:\Users\HP\.m2\repository\org\seleniumhq\selenium\selenium-java\4.8.1\selenium-java-4.8.1.jar;C:\Users\HP\.m2\repository\org\seleniumhq\selenium\selenium-devtools-v108\4.8.1\selenium-devtools-v108-4.8.1.jar;C:\Users\HP\.m2\repository\org\seleniumhq\selenium\selenium-devtools-v109\4.8.1\selenium-devtools-v109-4.8.1.jar;C:\Users\HP\.m2\repository\org\seleniumhq\selenium\selenium-devtools-v110\4.8.1\selenium-devtools-v110-4.8.1.jar;C:\Users\HP\.m2\repository\org\seleniumhq\selenium\selenium-devtools-v85\4.8.1\selenium-devtools-v85-4.8.1.jar;C:\Users\HP\.m2\repository\org\seleniumhq\selenium\selenium-safari-driver\4.8.1\selenium-safari-driver-4.8.1.jar;C:\Users\HP\.m2\repository\org\seleniumhq\selenium\selenium-api\4.8.1\selenium-api-4.8.1.jar;C:\Users\HP\.m2\repository\org\seleniumhq\selenium\selenium-chrome-driver\4.8.1\selenium-chrome-driver-4.8.1.jar;C:\Users\HP\.m2\repository\org\seleniumhq\selenium\selenium-chromium-driver\4.8.1\selenium-chromium-driver-4.8.1.jar;C:\Users\HP\.m2\repository\org\seleniumhq\selenium\selenium-firefox-driver\4.8.1\selenium-firefox-driver-4.8.1.jar;C:\Users\HP\.m2\repository\org\seleniumhq\selenium\selenium-http\4.8.1\selenium-http-4.8.1.jar;C:\Users\HP\.m2\repository\dev\failsafe\failsafe\3.3.0\failsafe-3.3.0.jar;C:\Users\HP\.m2\repository\org\seleniumhq\selenium\selenium-edge-driver\4.8.1\selenium-edge-driver-4.8.1.jar;C:\Users\HP\.m2\repository\org\seleniumhq\selenium\selenium-ie-driver\4.8.1\selenium-ie-driver-4.8.1.jar;C:\Users\HP\.m2\repository\org\projectlombok\lombok\1.18.20\lombok-1.18.20.jar;C:\Users\HP\.m2\repository\org\apache\groovy\groovy\4.0.10\groovy-4.0.10.jar;C:\Users\HP\.m2\repository\net\sf\opencsv\opencsv\2.0\opencsv-2.0.jar;C:\Users\HP\.m2\repository\commons-beanutils\commons-beanutils\1.9.4\commons-beanutils-1.9.4.jar;C:\Users\HP\.m2\repository\org\apache\commons\commons-lang3\3.12.0\commons-lang3-3.12.0.jar;C:\Users\HP\.m2\repository\commons-collections\commons-collections\3.2.2\commons-collections-3.2.2.jar;C:\Users\HP\.m2\repository\org\fluentlenium\fluentlenium-core\0.10.2\fluentlenium-core-0.10.2.jar;C:\Users\HP\.m2\repository\io\github\bonigarcia\webdrivermanager\5.3.0\webdrivermanager-5.3.0.jar;C:\Users\HP\.m2\repository\com\github\docker-java\docker-java\3.2.13\docker-java-3.2.13.jar;C:\Users\HP\.m2\repository\com\github\docker-java\docker-java-core\3.2.13\docker-java-core-3.2.13.jar;C:\Users\HP\.m2\repository\com\github\docker-java\docker-java-api\3.2.13\docker-java-api-3.2.13.jar;C:\Users\HP\.m2\repository\org\apache\commons\commons-compress\1.21\commons-compress-1.21.jar;C:\Users\HP\.m2\repository\org\bouncycastle\bcpkix-jdk15on\1.64\bcpkix-jdk15on-1.64.jar;C:\Users\HP\.m2\repository\org\bouncycastle\bcprov-jdk15on\1.64\bcprov-jdk15on-1.64.jar;C:\Users\HP\.m2\repository\org\slf4j\jcl-over-slf4j\1.7.30\jcl-over-slf4j-1.7.30.jar;C:\Users\HP\.m2\repository\com\github\docker-java\docker-java-transport-httpclient5\3.2.13\docker-java-transport-httpclient5-3.2.13.jar;C:\Users\HP\.m2\repository\com\github\docker-java\docker-java-transport\3.2.13\docker-java-transport-3.2.13.jar;C:\Users\HP\.m2\repository\net\java\dev\jna\jna\5.8.0\jna-5.8.0.jar;C:\Users\HP\.m2\repository\org\brotli\dec\0.1.2\dec-0.1.2.jar;C:\Users\HP\.m2\repository\org\apache\httpcomponents\client5\httpclient5\5.1.3\httpclient5-5.1.3.jar;C:\Users\HP\.m2\repository\org\apache\httpcomponents\core5\httpcore5\5.1.3\httpcore5-5.1.3.jar;C:\Users\HP\.m2\repository\org\apache\httpcomponents\core5\httpcore5-h2\5.1.3\httpcore5-h2-5.1.3.jar;C:\Users\HP\.m2\repository\com\jhlabs\filters\2.0.235\filters-2.0.235.jar;C:\Users\HP\.m2\repository\com\paulhammant\ngwebdriver\1.1.6\ngwebdriver-1.1.6.jar;C:\Users\HP\.m2\repository\joda-time\joda-time\2.12.2\joda-time-2.12.2.jar;C:\Users\HP\.m2\repository\org\hamcrest\hamcrest\2.2\hamcrest-2.2.jar;C:\Users\HP\.m2\repository\com\google\jimfs\jimfs\1.2\jimfs-1.2.jar;C:\Users\HP\.m2\repository\org\mockito\mockito-core\3.3.3\mockito-core-3.3.3.jar;C:\Users\HP\.m2\repository\javax\xml\bind\jaxb-api\2.3.1\jaxb-api-2.3.1.jar;C:\Users\HP\.m2\repository\javax\activation\javax.activation-api\1.2.0\javax.activation-api-1.2.0.jar;C:\Users\HP\.m2\repository\com\sun\xml\bind\jaxb-core\2.3.0.1\jaxb-core-2.3.0.1.jar;C:\Users\HP\.m2\repository\com\sun\xml\bind\jaxb-impl\2.3.3\jaxb-impl-2.3.3.jar;C:\Users\HP\.m2\repository\jakarta\xml\bind\jakarta.xml.bind-api\2.3.3\jakarta.xml.bind-api-2.3.3.jar;C:\Users\HP\.m2\repository\com\sun\activation\jakarta.activation\1.2.2\jakarta.activation-1.2.2.jar;C:\Users\HP\.m2\repository\javax\activation\activation\1.1.1\activation-1.1.1.jar;C:\Users\HP\.m2\repository\net\serenity-bdd\serenity-cucumber\3.6.21\serenity-cucumber-3.6.21.jar;C:\Users\HP\.m2\repository\io\cucumber\cucumber-core\7.11.0\cucumber-core-7.11.0.jar;C:\Users\HP\.m2\repository\io\cucumber\cucumber-gherkin\7.11.0\cucumber-gherkin-7.11.0.jar;C:\Users\HP\.m2\repository\io\cucumber\cucumber-gherkin-messages\7.11.0\cucumber-gherkin-messages-7.11.0.jar;C:\Users\HP\.m2\repository\io\cucumber\gherkin\26.0.3\gherkin-26.0.3.jar;C:\Users\HP\.m2\repository\io\cucumber\messages\21.0.1\messages-21.0.1.jar;C:\Users\HP\.m2\repository\io\cucumber\tag-expressions\5.0.1\tag-expressions-5.0.1.jar;C:\Users\HP\.m2\repository\io\cucumber\cucumber-expressions\16.1.1\cucumber-expressions-16.1.1.jar;C:\Users\HP\.m2\repository\io\cucumber\datatable\7.11.0\datatable-7.11.0.jar;C:\Users\HP\.m2\repository\io\cucumber\cucumber-plugin\7.11.0\cucumber-plugin-7.11.0.jar;C:\Users\HP\.m2\repository\io\cucumber\docstring\7.11.0\docstring-7.11.0.jar;C:\Users\HP\.m2\repository\io\cucumber\html-formatter\20.2.1\html-formatter-20.2.1.jar;C:\Users\HP\.m2\repository\io\cucumber\junit-xml-formatter\0.1.0\junit-xml-formatter-0.1.0.jar;C:\Users\HP\.m2\repository\io\cucumber\ci-environment\9.1.0\ci-environment-9.1.0.jar;C:\Users\HP\.m2\repository\io\cucumber\cucumber-java\7.11.0\cucumber-java-7.11.0.jar;C:\Users\HP\.m2\repository\io\cucumber\cucumber-junit\7.11.0\cucumber-junit-7.11.0.jar;C:\Users\HP\.m2\repository\org\apache\commons\commons-csv\1.5\commons-csv-1.5.jar;C:\Users\HP\.m2\repository\net\serenity-bdd\serenity-screenplay\3.6.21\serenity-screenplay-3.6.21.jar;C:\Users\HP\.m2\repository\net\serenity-bdd\serenity-screenplay-webdriver\3.6.21\serenity-screenplay-webdriver-3.6.21.jar;C:\Users\HP\.m2\repository\net\serenity-bdd\serenity-ensure\3.6.21\serenity-ensure-3.6.21.jar;C:\Users\HP\.m2\repository\net\serenity-bdd\serenity-junit\3.6.21\serenity-junit-3.6.21.jar;C:\Users\HP\.m2\repository\org\jetbrains\kotlin\kotlin-stdlib\1.8.10\kotlin-stdlib-1.8.10.jar;C:\Users\HP\.m2\repository\org\jetbrains\kotlin\kotlin-stdlib-common\1.8.10\kotlin-stdlib-common-1.8.10.jar;C:\Users\HP\.m2\repository\org\jetbrains\annotations\13.0\annotations-13.0.jar;C:\Users\HP\.m2\repository\org\junit\platform\junit-platform-launcher\1.8.2\junit-platform-launcher-1.8.2.jar;C:\Users\HP\.m2\repository\org\junit\platform\junit-platform-engine\1.8.2\junit-platform-engine-1.8.2.jar;C:\Users\HP\.m2\repository\org\opentest4j\opentest4j\1.2.0\opentest4j-1.2.0.jar;C:\Users\HP\.m2\repository\org\junit\platform\junit-platform-commons\1.8.2\junit-platform-commons-1.8.2.jar;C:\Users\HP\.m2\repository\org\apiguardian\apiguardian-api\1.1.2\apiguardian-api-1.1.2.jar;C:\Users\HP\.m2\repository\org\junit\jupiter\junit-jupiter-engine\5.8.2\junit-jupiter-engine-5.8.2.jar;C:\Users\HP\.m2\repository\org\junit\jupiter\junit-jupiter-api\5.8.2\junit-jupiter-api-5.8.2.jar;C:\Users\HP\.m2\repository\org\junit\vintage\junit-vintage-engine\5.8.2\junit-vintage-engine-5.8.2.jar;C:\Users\HP\.m2\repository\junit\junit\4.13.2\junit-4.13.2.jar;C:\Users\HP\.m2\repository\org\hamcrest\hamcrest-core\1.3\hamcrest-core-1.3.jar;C:\Users\HP\.m2\repository\ch\qos\logback\logback-classic\1.2.10\logback-classic-1.2.10.jar;C:\Users\HP\.m2\repository\ch\qos\logback\logback-core\1.2.10\logback-core-1.2.10.jar;C:\Users\HP\.m2\repository\org\slf4j\slf4j-api\1.7.32\slf4j-api-1.7.32.jar;C:\Users\HP\.m2\repository\org\assertj\assertj-core\3.23.1\assertj-core-3.23.1.jar;C:\Users\HP\.m2\repository\net\bytebuddy\byte-buddy\1.12.10\byte-buddy-1.12.10.jar;C:\Users\HP\.m2\repository\org\slf4j\slf4j-simple\1.7.7\slf4j-simple-1.7.7.jar;C:\Users\HP\.m2\repository\io\appium\java-client\8.3.0\java-client-8.3.0.jar;C:\Users\HP\.m2\repository\org\seleniumhq\selenium\selenium-remote-driver\4.9.0\selenium-remote-driver-4.9.0.jar;C:\Users\HP\.m2\repository\com\beust\jcommander\1.82\jcommander-1.82.jar;C:\Users\HP\.m2\repository\io\netty\netty-buffer\4.1.91.Final\netty-buffer-4.1.91.Final.jar;C:\Users\HP\.m2\repository\io\netty\netty-codec-http\4.1.91.Final\netty-codec-http-4.1.91.Final.jar;C:\Users\HP\.m2\repository\io\netty\netty-codec\4.1.91.Final\netty-codec-4.1.91.Final.jar;C:\Users\HP\.m2\repository\io\netty\netty-handler\4.1.91.Final\netty-handler-4.1.91.Final.jar;C:\Users\HP\.m2\repository\io\netty\netty-common\4.1.91.Final\netty-common-4.1.91.Final.jar;C:\Users\HP\.m2\repository\io\netty\netty-transport-classes-epoll\4.1.91.Final\netty-transport-classes-epoll-4.1.91.Final.jar;C:\Users\HP\.m2\repository\io\netty\netty-transport-classes-kqueue\4.1.91.Final\netty-transport-classes-kqueue-4.1.91.Final.jar;C:\Users\HP\.m2\repository\io\netty\netty-transport-native-epoll\4.1.91.Final\netty-transport-native-epoll-4.1.91.Final.jar;C:\Users\HP\.m2\repository\io\netty\netty-transport-native-kqueue\4.1.91.Final\netty-transport-native-kqueue-4.1.91.Final.jar;C:\Users\HP\.m2\repository\io\netty\netty-transport-native-unix-common\4.1.91.Final\netty-transport-native-unix-common-4.1.91.Final.jar;C:\Users\HP\.m2\repository\io\netty\netty-transport\4.1.91.Final\netty-transport-4.1.91.Final.jar;C:\Users\HP\.m2\repository\io\netty\netty-resolver\4.1.91.Final\netty-resolver-4.1.91.Final.jar;C:\Users\HP\.m2\repository\io\opentelemetry\opentelemetry-api\1.25.0\opentelemetry-api-1.25.0.jar;C:\Users\HP\.m2\repository\io\opentelemetry\opentelemetry-context\1.25.0\opentelemetry-context-1.25.0.jar;C:\Users\HP\.m2\repository\io\opentelemetry\opentelemetry-exporter-logging\1.25.0\opentelemetry-exporter-logging-1.25.0.jar;C:\Users\HP\.m2\repository\io\opentelemetry\opentelemetry-sdk-metrics\1.25.0\opentelemetry-sdk-metrics-1.25.0.jar;C:\Users\HP\.m2\repository\io\opentelemetry\opentelemetry-sdk-logs\1.25.0-alpha\opentelemetry-sdk-logs-1.25.0-alpha.jar;C:\Users\HP\.m2\repository\io\opentelemetry\opentelemetry-api-logs\1.25.0-alpha\opentelemetry-api-logs-1.25.0-alpha.jar;C:\Users\HP\.m2\repository\io\opentelemetry\opentelemetry-api-events\1.25.0-alpha\opentelemetry-api-events-1.25.0-alpha.jar;C:\Users\HP\.m2\repository\io\opentelemetry\opentelemetry-sdk-common\1.25.0\opentelemetry-sdk-common-1.25.0.jar;C:\Users\HP\.m2\repository\io\opentelemetry\opentelemetry-sdk-extension-autoconfigure-spi\1.25.0\opentelemetry-sdk-extension-autoconfigure-spi-1.25.0.jar;C:\Users\HP\.m2\repository\io\opentelemetry\opentelemetry-sdk-extension-autoconfigure\1.25.0-alpha\opentelemetry-sdk-extension-autoconfigure-1.25.0-alpha.jar;C:\Users\HP\.m2\repository\io\opentelemetry\opentelemetry-sdk-trace\1.25.0\opentelemetry-sdk-trace-1.25.0.jar;C:\Users\HP\.m2\repository\io\opentelemetry\opentelemetry-sdk\1.25.0\opentelemetry-sdk-1.25.0.jar;C:\Users\HP\.m2\repository\io\opentelemetry\opentelemetry-semconv\1.25.0-alpha\opentelemetry-semconv-1.25.0-alpha.jar;C:\Users\HP\.m2\repository\io\ous\jtoml\2.0.0\jtoml-2.0.0.jar;C:\Users\HP\.m2\repository\org\apache\commons\commons-exec\1.3\commons-exec-1.3.jar;C:\Users\HP\.m2\repository\org\asynchttpclient\async-http-client\2.12.3\async-http-client-2.12.3.jar;C:\Users\HP\.m2\repository\org\asynchttpclient\async-http-client-netty-utils\2.12.3\async-http-client-netty-utils-2.12.3.jar;C:\Users\HP\.m2\repository\io\netty\netty-codec-socks\4.1.60.Final\netty-codec-socks-4.1.60.Final.jar;C:\Users\HP\.m2\repository\io\netty\netty-handler-proxy\4.1.60.Final\netty-handler-proxy-4.1.60.Final.jar;C:\Users\HP\.m2\repository\io\netty\netty-transport-native-epoll\4.1.60.Final\netty-transport-native-epoll-4.1.60.Final-linux-x86_64.jar;C:\Users\HP\.m2\repository\io\netty\netty-transport-native-kqueue\4.1.60.Final\netty-transport-native-kqueue-4.1.60.Final-osx-x86_64.jar;C:\Users\HP\.m2\repository\org\reactivestreams\reactive-streams\1.0.3\reactive-streams-1.0.3.jar;C:\Users\HP\.m2\repository\com\typesafe\netty\netty-reactive-streams\2.0.4\netty-reactive-streams-2.0.4.jar;C:\Users\HP\.m2\repository\org\seleniumhq\selenium\selenium-manager\4.9.0\selenium-manager-4.9.0.jar;C:\Users\HP\.m2\repository\cglib\cglib\3.3.0\cglib-3.3.0.jar;C:\Users\HP\.m2\repository\org\ow2\asm\asm\7.1\asm-7.1.jar;C:\Users\HP\.m2\repository\commons-validator\commons-validator\1.7\commons-validator-1.7.jar;C:\Users\HP\.m2\repository\commons-digester\commons-digester\2.1\commons-digester-2.1.jar;C:\Users\HP\.m2\repository\org\yaml\snakeyaml\1.29\snakeyaml-1.29.jar;C:\Users\HP\.m2\repository\com\github\javafaker\javafaker\1.0.2\javafaker-1.0.2.jar;C:\Users\HP\.m2\repository\org\yaml\snakeyaml\1.23\snakeyaml-1.23-android.jar;C:\Users\HP\.m2\repository\com\github\mifmif\generex\1.0.2\generex-1.0.2.jar;C:\Users\HP\.m2\repository\dk\brics\automaton\automaton\1.11-8\automaton-1.11-8.jar;C:\Users\HP\.m2\repository\info\cukes\cucumber-java\1.0.1\cucumber-java-1.0.1.jar;C:\Users\HP\.m2\repository\info\cukes\cucumber-core\1.0.1\cucumber-core-1.0.1.jar;C:\Users\HP\.m2\repository\info\cukes\gherkin\2.9.3\gherkin-2.9.3.jar;C:\Users\HP\.m2\repository\info\cukes\cucumber-html\0.2.1\cucumber-html-0.2.1.jar;C:\Users\HP\.m2\repository\org\seleniumhq\selenium\selenium-support\4.8.1\selenium-support-4.8.1.jar;C:\Users\HP\.m2\repository\com\google\auto\service\auto-service-annotations\1.0.1\auto-service-annotations-1.0.1.jar;C:\Users\HP\.m2\repository\com\google\auto\service\auto-service\1.0.1\auto-service-1.0.1.jar;C:\Users\HP\.m2\repository\com\google\auto\auto-common\1.2\auto-common-1.2.jar;C:\Users\HP\.m2\repository\com\google\guava\guava\31.1-jre\guava-31.1-jre.jar;C:\Users\HP\.m2\repository\com\google\guava\failureaccess\1.0.1\failureaccess-1.0.1.jar;C:\Users\HP\.m2\repository\com\google\guava\listenablefuture\9999.0-empty-to-avoid-conflict-with-guava\listenablefuture-9999.0-empty-to-avoid-conflict-with-guava.jar;C:\Users\HP\.m2\repository\com\google\code\findbugs\jsr305\3.0.2\jsr305-3.0.2.jar;C:\Users\HP\.m2\repository\org\checkerframework\checker-qual\3.12.0\checker-qual-3.12.0.jar;C:\Users\HP\.m2\repository\com\google\errorprone\error_prone_annotations\2.11.0\error_prone_annotations-2.11.0.jar;C:\Users\HP\.m2\repository\com\google\j2objc\j2objc-annotations\1.3\j2objc-annotations-1.3.jar;C:\Users\HP\.m2\repository\org\seleniumhq\selenium\selenium-json\4.8.1\selenium-json-4.8.1.jar;C:\Users\HP\.m2\repository\org\apache\maven\surefire\surefire-junit-platform\3.0.0-M5\surefire-junit-platform-3.0.0-M5.jar;C:\Users\HP\.m2\repository\org\apache\maven\surefire\common-java5\3.0.0-M5\common-java5-3.0.0-M5.jar"/>
    <property name="user.script" value=""/>
    <property name="sun.management.compiler" value="HotSpot 64-Bit Tiered Compilers"/>
    <property name="java.runtime.version" value="19.0.2+7-44"/>
    <property name="user.name" value="HP"/>
    <property name="stdout.encoding" value="Cp1252"/>
    <property name="path.separator" value=";"/>
    <property name="os.version" value="10.0"/>
    <property name="java.runtime.name" value="Java(TM) SE Runtime Environment"/>
    <property name="file.encoding" value="UTF-8"/>
    <property name="java.vm.name" value="Java HotSpot(TM) 64-Bit Server VM"/>
    <property name="localRepository" value="C:\Users\HP\.m2\repository"/>
    <property name="java.vendor.url.bug" value="https://bugreport.java.com/bugreport/"/>
    <property name="java.io.tmpdir" value="C:\Users\HP\AppData\Local\Temp\"/>
    <property name="java.version" value="19.0.2"/>
    <property name="user.dir" value="C:\Users\HP\Downloads\Mini-Project-QA\ALTASHOP MOBILE AUTOMATION"/>
    <property name="os.arch" value="amd64"/>
    <property name="java.vm.specification.name" value="Java Virtual Machine Specification"/>
    <property name="sun.os.patch.level" value=""/>
    <property name="native.encoding" value="Cp1252"/>
    <property name="java.library.path" value="C:\Program Files\Java\jdk-19\bin;C:\WINDOWS\Sun\Java\bin;C:\WINDOWS\system32;C:\WINDOWS;C:\Program Files\Common Files\Oracle\Java\javapath;C:\Program Files\Java\jdk1.8.0_361\bin;c:\Program Files (x86)\Common Files\Intel\Shared Files\cpp\bin\Intel64;C:\WINDOWS\system32;C:\WINDOWS;C:\WINDOWS\System32\Wbem;C:\WINDOWS\System32\WindowsPowerShell\v1.0\;C:\WINDOWS\System32\OpenSSH\;C:\Users\apache-maven-3.9.1-bin\bin;%MAVEN_HOME%\bin;C:\Users\HP\AppData\Local\Android\Sdk;C:\Users\HP\AppData\Local\Android\Sdk\platform-tools;C:\Program Files\nodejs\;C:\Program Files\Git\cmd;C:\Users\HP\AppData\Local\Microsoft\WindowsApps;C:\Program Files\JetBrains\IntelliJ IDEA Community Edition 2022.3.2\bin;C:\Users\HP\AppData\Local\GitHubDesktop\bin;C:\Users\HP\AppData\Local\Programs\Microsoft VS Code\bin;C:\Users\HP\AppData\Roaming\npm;C:\Users\HP\AppData\Local\gitkraken\bin;."/>
    <property name="java.vm.info" value="mixed mode"/>
    <property name="stderr.encoding" value="Cp1252"/>
    <property name="java.vendor" value="Oracle Corporation"/>
    <property name="java.vm.version" value="19.0.2+7-44"/>
    <property name="sun.io.unicode.encoding" value="UnicodeLittle"/>
    <property name="java.class.version" value="63.0"/>
  </properties>
  <testcase name="user on homepage AltaShop for register feature" classname="user tidak dapat register karena menggunakan email yang sudah terdaftar" time="23.893">
    <system-out><![CDATA[18:12:55.304 [main] DEBUG net.thucydides.core.guice.Injectors - Created injector for module net.thucydides.core.guice.ThucydidesModule
18:12:55.713 [main] DEBUG io.cucumber.core.plugin.SerenityReporter - Running feature from file:///C:/Users/HP/Downloads/Mini-Project-QA/ALTASHOP%20MOBILE%20AUTOMATION/src/test/resources/features/2.%20Register.feature
18:12:55.962 [main] DEBUG net.thucydides.core.guice.Injectors - Created injector for module net.thucydides.core.guice.webdriver.WebDriverModule
18:12:55.983 [main] INFO  - 

-------------------------------------------------------------------------------------
     _______. _______ .______       _______ .__   __.  __  .___________.____    ____ 
    /       ||   ____||   _  \     |   ____||  \ |  | |  | |           |\   \  /   / 
   |   (----`|  |__   |  |_)  |    |  |__   |   \|  | |  | `---|  |----` \   \/   /  
    \   \    |   __|  |      /     |   __|  |  . `  | |  |     |  |       \_    _/   
.----)   |   |  |____ |  |\  \----.|  |____ |  |\   | |  |     |  |         |  |     
|_______/    |_______|| _| `._____||_______||__| \__| |__|     |__|         |__|    
                                                                                     
 News and tutorials at http://www.serenity-bdd.info                                  
 Documentation at https://wakaleo.gitbooks.io/the-serenity-book/content/             
 Join the Serenity Community on Gitter: https://gitter.im/serenity-bdd/serenity-core 
 Serenity BDD Support and Training at http://serenity-bdd.info/#/trainingandsupport  
-------------------------------------------------------------------------------------

18:12:55.987 [main] DEBUG net.thucydides.core.steps.StepEventBus - Test suite started for story net.thucydides.core.model.Story@83d3b3ef
18:12:55.992 [main] INFO  - Test Suite Started: Register
18:12:56.015 [main] DEBUG io.cucumber.core.plugin.SerenityReporter - Running feature from file:///C:/Users/HP/Downloads/Mini-Project-QA/ALTASHOP%20MOBILE%20AUTOMATION/src/test/resources/features/2.%20Register.feature
18:12:56.029 [main] DEBUG net.thucydides.core.steps.StepEventBus - Test suite started for story net.thucydides.core.model.Story@83d3b3ef
18:12:56.030 [main] INFO  - Test Suite Started: Register
18:12:56.140 [main] DEBUG io.cucumber.core.plugin.SerenityReporter - Running feature from file:///C:/Users/HP/Downloads/Mini-Project-QA/ALTASHOP%20MOBILE%20AUTOMATION/src/test/resources/features/2.%20Register.feature
18:12:56.299 [main] INFO  - 
  _____   ___   ___   _____     ___   _____     _     ___   _____   ___   ___  
 |_   _| | __| / __| |_   _|   / __| |_   _|   /_\   | _ \ |_   _| | __| |   \ 
   | |   | _|  \__ \   | |     \__ \   | |    / _ \  |   /   | |   | _|  | |) |
   |_|   |___| |___/   |_|     |___/   |_|   /_/ \_\ |_|_\   |_|   |___| |___/ 

user tidak dapat register karena menggunakan email yang sudah terdaftar(register;user-tidak-dapat-register-karena-menggunakan-email-yang-sudah-terdaftar)
--------------------------------------------------------------------------------
18:12:56.382 [main] DEBUG net.thucydides.core.requirements.model.cucumber.CucumberParser - Loading feature C:\Users\HP\Downloads\Mini-Project-QA\ALTASHOP MOBILE AUTOMATION\src\test\resources\features\1. Login.feature
18:12:56.411 [main] DEBUG net.thucydides.core.requirements.model.cucumber.CucumberParser - Loading feature C:\Users\HP\Downloads\Mini-Project-QA\ALTASHOP MOBILE AUTOMATION\src\test\resources\features\2. Register.feature
18:12:57.073 [main] DEBUG net.thucydides.core.steps.StepInterceptor - STARTING STEP: RegisterSteps.userOnHomepageAltaShopForRegisterFeature - onHomepageAltaShop
18:12:57.203 [main] DEBUG io.netty.util.internal.logging.InternalLoggerFactory - Using SLF4J as the default logging framework
18:12:57.209 [main] DEBUG io.netty.util.ResourceLeakDetector - -Dio.netty.leakDetection.level: simple
18:12:57.210 [main] DEBUG io.netty.util.ResourceLeakDetector - -Dio.netty.leakDetection.targetRecords: 4
18:12:57.215 [main] DEBUG io.netty.util.ResourceLeakDetectorFactory - Loaded default ResourceLeakDetector: io.netty.util.ResourceLeakDetector@4ef2ab73
18:12:57.249 [main] DEBUG io.netty.util.internal.PlatformDependent0 - -Dio.netty.noUnsafe: false
18:12:57.249 [main] DEBUG io.netty.util.internal.PlatformDependent0 - Java version: 19
18:12:57.250 [main] DEBUG io.netty.util.internal.PlatformDependent0 - sun.misc.Unsafe.theUnsafe: available
18:12:57.252 [main] DEBUG io.netty.util.internal.PlatformDependent0 - sun.misc.Unsafe.copyMemory: available
18:12:57.252 [main] DEBUG io.netty.util.internal.PlatformDependent0 - sun.misc.Unsafe.storeFence: available
18:12:57.254 [main] DEBUG io.netty.util.internal.PlatformDependent0 - java.nio.Buffer.address: available
18:12:57.255 [main] DEBUG io.netty.util.internal.PlatformDependent0 - direct buffer constructor: unavailable: Reflective setAccessible(true) disabled
18:12:57.257 [main] DEBUG io.netty.util.internal.PlatformDependent0 - java.nio.Bits.unaligned: available, true
18:12:57.259 [main] DEBUG io.netty.util.internal.PlatformDependent0 - jdk.internal.misc.Unsafe.allocateUninitializedArray(int): unavailable: class io.netty.util.internal.PlatformDependent0$7 cannot access class jdk.internal.misc.Unsafe (in module java.base) because module java.base does not export jdk.internal.misc to unnamed module @27ff5d15
18:12:57.262 [main] DEBUG io.netty.util.internal.PlatformDependent0 - java.nio.DirectByteBuffer.<init>(long, int): unavailable
18:12:57.262 [main] DEBUG io.netty.util.internal.PlatformDependent - sun.misc.Unsafe: available
18:12:57.264 [main] DEBUG io.netty.util.internal.PlatformDependent - maxDirectMemory: 1589641216 bytes (maybe)
18:12:57.265 [main] DEBUG io.netty.util.internal.PlatformDependent - -Dio.netty.tmpdir: C:\Users\HP\AppData\Local\Temp (java.io.tmpdir)
18:12:57.265 [main] DEBUG io.netty.util.internal.PlatformDependent - -Dio.netty.bitMode: 64 (sun.arch.data.model)
18:12:57.265 [main] DEBUG io.netty.util.internal.PlatformDependent - Platform: Windows
18:12:57.267 [main] DEBUG io.netty.util.internal.PlatformDependent - -Dio.netty.maxDirectMemory: -1 bytes
18:12:57.267 [main] DEBUG io.netty.util.internal.PlatformDependent - -Dio.netty.uninitializedArrayAllocationThreshold: -1
18:12:57.269 [main] DEBUG io.netty.util.internal.CleanerJava9 - java.nio.ByteBuffer.cleaner(): available
18:12:57.269 [main] DEBUG io.netty.util.internal.PlatformDependent - -Dio.netty.noPreferDirect: false
18:12:57.283 [main] DEBUG io.netty.util.internal.PlatformDependent - org.jctools-core.MpscChunkedArrayQueue: available
18:12:57.329 [main] DEBUG io.netty.util.internal.InternalThreadLocalMap - -Dio.netty.threadLocalMap.stringBuilder.initialSize: 1024
18:12:57.329 [main] DEBUG io.netty.util.internal.InternalThreadLocalMap - -Dio.netty.threadLocalMap.stringBuilder.maxSize: 4096
18:12:57.616 [main] DEBUG io.netty.handler.ssl.JdkSslContext - Default protocols (JDK): [TLSv1.3, TLSv1.2] 
18:12:57.616 [main] DEBUG io.netty.handler.ssl.JdkSslContext - Default cipher suites (JDK): [TLS_ECDHE_ECDSA_WITH_AES_256_GCM_SHA384, TLS_ECDHE_ECDSA_WITH_AES_128_GCM_SHA256, TLS_ECDHE_RSA_WITH_AES_128_GCM_SHA256, TLS_ECDHE_RSA_WITH_AES_256_GCM_SHA384, TLS_ECDHE_RSA_WITH_AES_128_CBC_SHA, TLS_ECDHE_RSA_WITH_AES_256_CBC_SHA, TLS_RSA_WITH_AES_128_GCM_SHA256, TLS_RSA_WITH_AES_128_CBC_SHA, TLS_RSA_WITH_AES_256_CBC_SHA, TLS_AES_128_GCM_SHA256, TLS_AES_256_GCM_SHA384]
18:12:57.635 [main] DEBUG io.netty.util.concurrent.GlobalEventExecutor - -Dio.netty.globalEventExecutor.quietPeriodSeconds: 1
18:12:57.658 [main] DEBUG io.netty.channel.MultithreadEventLoopGroup - -Dio.netty.eventLoopThreads: 16
18:12:57.674 [main] DEBUG io.netty.channel.nio.NioEventLoop - -Dio.netty.noKeySetOptimization: false
18:12:57.675 [main] DEBUG io.netty.channel.nio.NioEventLoop - -Dio.netty.selectorAutoRebuildThreshold: 512
18:12:57.762 [main] DEBUG io.netty.buffer.PooledByteBufAllocator - -Dio.netty.allocator.numHeapArenas: 16
18:12:57.762 [main] DEBUG io.netty.buffer.PooledByteBufAllocator - -Dio.netty.allocator.numDirectArenas: 16
18:12:57.762 [main] DEBUG io.netty.buffer.PooledByteBufAllocator - -Dio.netty.allocator.pageSize: 8192
18:12:57.762 [main] DEBUG io.netty.buffer.PooledByteBufAllocator - -Dio.netty.allocator.maxOrder: 9
18:12:57.762 [main] DEBUG io.netty.buffer.PooledByteBufAllocator - -Dio.netty.allocator.chunkSize: 4194304
18:12:57.762 [main] DEBUG io.netty.buffer.PooledByteBufAllocator - -Dio.netty.allocator.smallCacheSize: 256
18:12:57.762 [main] DEBUG io.netty.buffer.PooledByteBufAllocator - -Dio.netty.allocator.normalCacheSize: 64
18:12:57.762 [main] DEBUG io.netty.buffer.PooledByteBufAllocator - -Dio.netty.allocator.maxCachedBufferCapacity: 32768
18:12:57.762 [main] DEBUG io.netty.buffer.PooledByteBufAllocator - -Dio.netty.allocator.cacheTrimInterval: 8192
18:12:57.762 [main] DEBUG io.netty.buffer.PooledByteBufAllocator - -Dio.netty.allocator.cacheTrimIntervalMillis: 0
18:12:57.762 [main] DEBUG io.netty.buffer.PooledByteBufAllocator - -Dio.netty.allocator.useCacheForAllThreads: false
18:12:57.763 [main] DEBUG io.netty.buffer.PooledByteBufAllocator - -Dio.netty.allocator.maxCachedByteBuffersPerChunk: 1023
18:12:57.778 [main] DEBUG io.netty.buffer.ByteBufUtil - -Dio.netty.allocator.type: pooled
18:12:57.778 [main] DEBUG io.netty.buffer.ByteBufUtil - -Dio.netty.threadLocalDirectBufferSize: 0
18:12:57.778 [main] DEBUG io.netty.buffer.ByteBufUtil - -Dio.netty.maxThreadLocalCharBufferSize: 16384
18:12:58.005 [Forwarding newSession on session null to remote] DEBUG io.netty.channel.DefaultChannelId - -Dio.netty.processId: 16852 (auto-detected)
18:12:58.008 [Forwarding newSession on session null to remote] DEBUG io.netty.util.NetUtil - -Djava.net.preferIPv4Stack: false
18:12:58.008 [Forwarding newSession on session null to remote] DEBUG io.netty.util.NetUtil - -Djava.net.preferIPv6Addresses: false
18:12:58.026 [Forwarding newSession on session null to remote] DEBUG io.netty.util.NetUtilInitializations - Loopback interface: lo (Software Loopback Interface 1, 127.0.0.1)
18:12:58.027 [Forwarding newSession on session null to remote] DEBUG io.netty.util.NetUtil - Failed to get SOMAXCONN from sysctl and file \proc\sys\net\core\somaxconn. Default: 200
18:12:58.068 [Forwarding newSession on session null to remote] DEBUG io.netty.channel.DefaultChannelId - -Dio.netty.machineId: cc:6b:1e:ff:fe:34:9f:97 (auto-detected)
18:12:58.134 [AsyncHttpClient-1-2] DEBUG io.netty.buffer.AbstractByteBuf - -Dio.netty.buffer.checkAccessible: true
18:12:58.135 [AsyncHttpClient-1-2] DEBUG io.netty.buffer.AbstractByteBuf - -Dio.netty.buffer.checkBounds: true
18:12:58.135 [AsyncHttpClient-1-2] DEBUG io.netty.util.ResourceLeakDetectorFactory - Loaded default ResourceLeakDetector: io.netty.util.ResourceLeakDetector@5ff5e8a9
18:12:58.158 [AsyncHttpClient-1-2] DEBUG org.asynchttpclient.netty.channel.NettyConnectListener - Using new Channel '[id: 0x5e8df1ca, L:/127.0.0.1:59751 - R:/127.0.0.1:4723]' for 'POST' to '/wd/hub/session'
18:12:58.180 [AsyncHttpClient-1-2] DEBUG io.netty.util.Recycler - -Dio.netty.recycler.maxCapacityPerThread: 4096
18:12:58.180 [AsyncHttpClient-1-2] DEBUG io.netty.util.Recycler - -Dio.netty.recycler.ratio: 8
18:12:58.180 [AsyncHttpClient-1-2] DEBUG io.netty.util.Recycler - -Dio.netty.recycler.chunkSize: 32
18:12:58.180 [AsyncHttpClient-1-2] DEBUG io.netty.util.Recycler - -Dio.netty.recycler.blocking: false
18:12:58.180 [AsyncHttpClient-1-2] DEBUG io.netty.util.Recycler - -Dio.netty.recycler.batchFastThreadLocalOnly: true
18:13:19.210 [AsyncHttpClient-1-2] DEBUG io.netty.handler.codec.compression.Brotli - brotli4j not in the classpath; Brotli support will be unavailable.
18:13:19.221 [AsyncHttpClient-1-2] DEBUG org.asynchttpclient.netty.handler.HttpHandler - 

Request DefaultHttpRequest(decodeResult: success, version: HTTP/1.1)
POST /wd/hub/session HTTP/1.1
X-Idempotency-Key: c2397dd5-fda5-49a8-8c03-1e71e5569ffb
User-Agent: appium/8.3.0 (selenium/4.8.1 (java windows))
Content-Length: 335
Content-Type: application/json; charset=utf-8
host: 0.0.0.0:4723
accept: */*

Response DefaultHttpResponse(decodeResult: success, version: HTTP/1.1)
HTTP/1.1 200 OK
X-Powered-By: Express
Vary: X-HTTP-Method-Override
Content-Type: application/json; charset=utf-8
Content-Length: 988
ETag: W/"3dc-U53/DrYHWRUvYU5D2XqqB1chPbE"
Date: Sun, 07 May 2023 11:13:19 GMT
Connection: keep-alive
Keep-Alive: timeout=600

18:13:19.259 [AsyncHttpClient-1-2] DEBUG org.asynchttpclient.netty.channel.ChannelManager - Adding key: http://0.0.0.0:4723 for channel [id: 0x5e8df1ca, L:/127.0.0.1:59751 - R:/127.0.0.1:4723]
18:13:19.458 [Forwarding setTimeout on session 8da20edd-df82-454f-b2b9-6070a7649807 to remote] DEBUG org.asynchttpclient.netty.request.NettyRequestSender - Using pooled Channel '[id: 0x5e8df1ca, L:/127.0.0.1:59751 - R:/127.0.0.1:4723]' for 'POST' to 'http://0.0.0.0:4723/wd/hub/session/8da20edd-df82-454f-b2b9-6070a7649807/timeouts'
18:13:19.459 [Forwarding setTimeout on session 8da20edd-df82-454f-b2b9-6070a7649807 to remote] DEBUG org.asynchttpclient.netty.request.NettyRequestSender - Using open Channel [id: 0x5e8df1ca, L:/127.0.0.1:59751 - R:/127.0.0.1:4723] for POST '/wd/hub/session/8da20edd-df82-454f-b2b9-6070a7649807/timeouts'
18:13:19.473 [AsyncHttpClient-1-2] DEBUG org.asynchttpclient.netty.handler.HttpHandler - 

Request DefaultHttpRequest(decodeResult: success, version: HTTP/1.1)
POST /wd/hub/session/8da20edd-df82-454f-b2b9-6070a7649807/timeouts HTTP/1.1
User-Agent: appium/8.3.0 (selenium/4.8.1 (java windows))
Content-Length: 23
Content-Type: application/json; charset=utf-8
host: 0.0.0.0:4723
accept: */*

Response DefaultHttpResponse(decodeResult: success, version: HTTP/1.1)
HTTP/1.1 200 OK
X-Powered-By: Express
Vary: X-HTTP-Method-Override
Content-Type: application/json; charset=utf-8
Content-Length: 14
ETag: W/"e-9/1BuKMgFObM1mWJm+YjxtXJnUM"
Date: Sun, 07 May 2023 11:13:19 GMT
Connection: keep-alive
Keep-Alive: timeout=600

18:13:19.474 [AsyncHttpClient-1-2] DEBUG org.asynchttpclient.netty.channel.ChannelManager - Adding key: http://0.0.0.0:4723 for channel [id: 0x5e8df1ca, L:/127.0.0.1:59751 - R:/127.0.0.1:4723]
18:13:19.487 [Forwarding findElement on session 8da20edd-df82-454f-b2b9-6070a7649807 to remote] DEBUG org.asynchttpclient.netty.request.NettyRequestSender - Using pooled Channel '[id: 0x5e8df1ca, L:/127.0.0.1:59751 - R:/127.0.0.1:4723]' for 'POST' to 'http://0.0.0.0:4723/wd/hub/session/8da20edd-df82-454f-b2b9-6070a7649807/element'
18:13:19.488 [Forwarding findElement on session 8da20edd-df82-454f-b2b9-6070a7649807 to remote] DEBUG org.asynchttpclient.netty.request.NettyRequestSender - Using open Channel [id: 0x5e8df1ca, L:/127.0.0.1:59751 - R:/127.0.0.1:4723] for POST '/wd/hub/session/8da20edd-df82-454f-b2b9-6070a7649807/element'
18:13:20.261 [AsyncHttpClient-1-2] DEBUG org.asynchttpclient.netty.handler.HttpHandler - 

Request DefaultHttpRequest(decodeResult: success, version: HTTP/1.1)
POST /wd/hub/session/8da20edd-df82-454f-b2b9-6070a7649807/element HTTP/1.1
User-Agent: appium/8.3.0 (selenium/4.8.1 (java windows))
Content-Length: 326
Content-Type: application/json; charset=utf-8
host: 0.0.0.0:4723
accept: */*

Response DefaultHttpResponse(decodeResult: success, version: HTTP/1.1)
HTTP/1.1 200 OK
X-Powered-By: Express
Vary: X-HTTP-Method-Override
Content-Type: application/json; charset=utf-8
Content-Length: 137
ETag: W/"89-gLLbMB+19ON5HpcAKb2jErgoWzI"
Date: Sun, 07 May 2023 11:13:20 GMT
Connection: keep-alive
Keep-Alive: timeout=600

18:13:20.262 [AsyncHttpClient-1-2] DEBUG org.asynchttpclient.netty.channel.ChannelManager - Adding key: http://0.0.0.0:4723 for channel [id: 0x5e8df1ca, L:/127.0.0.1:59751 - R:/127.0.0.1:4723]
18:13:20.270 [Forwarding isElementDisplayed on session 8da20edd-df82-454f-b2b9-6070a7649807 to remote] DEBUG org.asynchttpclient.netty.request.NettyRequestSender - Using pooled Channel '[id: 0x5e8df1ca, L:/127.0.0.1:59751 - R:/127.0.0.1:4723]' for 'GET' to 'http://0.0.0.0:4723/wd/hub/session/8da20edd-df82-454f-b2b9-6070a7649807/element/00000000-0000-05dd-0000-000700000003/displayed'
18:13:20.271 [Forwarding isElementDisplayed on session 8da20edd-df82-454f-b2b9-6070a7649807 to remote] DEBUG org.asynchttpclient.netty.request.NettyRequestSender - Using open Channel [id: 0x5e8df1ca, L:/127.0.0.1:59751 - R:/127.0.0.1:4723] for GET '/wd/hub/session/8da20edd-df82-454f-b2b9-6070a7649807/element/00000000-0000-05dd-0000-000700000003/displayed'
18:13:20.292 [AsyncHttpClient-1-2] DEBUG org.asynchttpclient.netty.handler.HttpHandler - 

Request DefaultFullHttpRequest(decodeResult: success, version: HTTP/1.1, content: EmptyByteBufBE)
GET /wd/hub/session/8da20edd-df82-454f-b2b9-6070a7649807/element/00000000-0000-05dd-0000-000700000003/displayed HTTP/1.1
User-Agent: appium/8.3.0 (selenium/4.8.1 (java windows))
Cache-Control: no-cache
Content-Type: application/json; charset=utf-8
host: 0.0.0.0:4723
accept: */*

Response DefaultHttpResponse(decodeResult: success, version: HTTP/1.1)
HTTP/1.1 200 OK
X-Powered-By: Express
Content-Type: application/json; charset=utf-8
Content-Length: 14
ETag: W/"e-2ZHvAWebNQpyjGZTg6uyV8/spTo"
Date: Sun, 07 May 2023 11:13:20 GMT
Connection: keep-alive
Keep-Alive: timeout=600

18:13:20.293 [AsyncHttpClient-1-2] DEBUG org.asynchttpclient.netty.channel.ChannelManager - Adding key: http://0.0.0.0:4723 for channel [id: 0x5e8df1ca, L:/127.0.0.1:59751 - R:/127.0.0.1:4723]
18:13:20.296 [Forwarding isElementDisplayed on session 8da20edd-df82-454f-b2b9-6070a7649807 to remote] DEBUG org.asynchttpclient.netty.request.NettyRequestSender - Using pooled Channel '[id: 0x5e8df1ca, L:/127.0.0.1:59751 - R:/127.0.0.1:4723]' for 'GET' to 'http://0.0.0.0:4723/wd/hub/session/8da20edd-df82-454f-b2b9-6070a7649807/element/00000000-0000-05dd-0000-000700000003/displayed'
18:13:20.296 [Forwarding isElementDisplayed on session 8da20edd-df82-454f-b2b9-6070a7649807 to remote] DEBUG org.asynchttpclient.netty.request.NettyRequestSender - Using open Channel [id: 0x5e8df1ca, L:/127.0.0.1:59751 - R:/127.0.0.1:4723] for GET '/wd/hub/session/8da20edd-df82-454f-b2b9-6070a7649807/element/00000000-0000-05dd-0000-000700000003/displayed'
18:13:20.317 [AsyncHttpClient-1-2] DEBUG org.asynchttpclient.netty.handler.HttpHandler - 

Request DefaultFullHttpRequest(decodeResult: success, version: HTTP/1.1, content: EmptyByteBufBE)
GET /wd/hub/session/8da20edd-df82-454f-b2b9-6070a7649807/element/00000000-0000-05dd-0000-000700000003/displayed HTTP/1.1
User-Agent: appium/8.3.0 (selenium/4.8.1 (java windows))
Cache-Control: no-cache
Content-Type: application/json; charset=utf-8
host: 0.0.0.0:4723
accept: */*

Response DefaultHttpResponse(decodeResult: success, version: HTTP/1.1)
HTTP/1.1 200 OK
X-Powered-By: Express
Content-Type: application/json; charset=utf-8
Content-Length: 14
ETag: W/"e-2ZHvAWebNQpyjGZTg6uyV8/spTo"
Date: Sun, 07 May 2023 11:13:20 GMT
Connection: keep-alive
Keep-Alive: timeout=600

18:13:20.319 [AsyncHttpClient-1-2] DEBUG org.asynchttpclient.netty.channel.ChannelManager - Adding key: http://0.0.0.0:4723 for channel [id: 0x5e8df1ca, L:/127.0.0.1:59751 - R:/127.0.0.1:4723]
18:13:20.333 [main] DEBUG net.thucydides.core.steps.StepInterceptor - STEP DONE: onHomepageAltaShop
]]></system-out>
    <system-err><![CDATA[SLF4J: Class path contains multiple SLF4J bindings.
SLF4J: Found binding in [jar:file:/C:/Users/HP/.m2/repository/ch/qos/logback/logback-classic/1.2.10/logback-classic-1.2.10.jar!/org/slf4j/impl/StaticLoggerBinder.class]
SLF4J: Found binding in [jar:file:/C:/Users/HP/.m2/repository/org/slf4j/slf4j-simple/1.7.7/slf4j-simple-1.7.7.jar!/org/slf4j/impl/StaticLoggerBinder.class]
SLF4J: See http://www.slf4j.org/codes.html#multiple_bindings for an explanation.
SLF4J: Actual binding is of type [ch.qos.logback.classic.util.ContextSelectorStaticBinder]
]]></system-err>
  </testcase>
  <testcase name="user click login button for register feature" classname="user tidak dapat register karena menggunakan email yang sudah terdaftar" time="0.713">
    <system-out><![CDATA[18:13:20.368 [main] DEBUG net.thucydides.core.steps.StepInterceptor - STARTING STEP: RegisterSteps.userClickLoginButtonForRegisterFeature - clickButtonLogin
18:13:20.375 [Forwarding findElement on session 8da20edd-df82-454f-b2b9-6070a7649807 to remote] DEBUG org.asynchttpclient.netty.request.NettyRequestSender - Using pooled Channel '[id: 0x5e8df1ca, L:/127.0.0.1:59751 - R:/127.0.0.1:4723]' for 'POST' to 'http://0.0.0.0:4723/wd/hub/session/8da20edd-df82-454f-b2b9-6070a7649807/element'
18:13:20.375 [Forwarding findElement on session 8da20edd-df82-454f-b2b9-6070a7649807 to remote] DEBUG org.asynchttpclient.netty.request.NettyRequestSender - Using open Channel [id: 0x5e8df1ca, L:/127.0.0.1:59751 - R:/127.0.0.1:4723] for POST '/wd/hub/session/8da20edd-df82-454f-b2b9-6070a7649807/element'
18:13:20.436 [AsyncHttpClient-1-2] DEBUG org.asynchttpclient.netty.handler.HttpHandler - 

Request DefaultHttpRequest(decodeResult: success, version: HTTP/1.1)
POST /wd/hub/session/8da20edd-df82-454f-b2b9-6070a7649807/element HTTP/1.1
User-Agent: appium/8.3.0 (selenium/4.8.1 (java windows))
Content-Length: 326
Content-Type: application/json; charset=utf-8
host: 0.0.0.0:4723
accept: */*

Response DefaultHttpResponse(decodeResult: success, version: HTTP/1.1)
HTTP/1.1 200 OK
X-Powered-By: Express
Vary: X-HTTP-Method-Override
Content-Type: application/json; charset=utf-8
Content-Length: 137
ETag: W/"89-gLLbMB+19ON5HpcAKb2jErgoWzI"
Date: Sun, 07 May 2023 11:13:20 GMT
Connection: keep-alive
Keep-Alive: timeout=600

18:13:20.438 [AsyncHttpClient-1-2] DEBUG org.asynchttpclient.netty.channel.ChannelManager - Adding key: http://0.0.0.0:4723 for channel [id: 0x5e8df1ca, L:/127.0.0.1:59751 - R:/127.0.0.1:4723]
18:13:20.442 [Forwarding isElementDisplayed on session 8da20edd-df82-454f-b2b9-6070a7649807 to remote] DEBUG org.asynchttpclient.netty.request.NettyRequestSender - Using pooled Channel '[id: 0x5e8df1ca, L:/127.0.0.1:59751 - R:/127.0.0.1:4723]' for 'GET' to 'http://0.0.0.0:4723/wd/hub/session/8da20edd-df82-454f-b2b9-6070a7649807/element/00000000-0000-05dd-0000-000700000003/displayed'
18:13:20.442 [Forwarding isElementDisplayed on session 8da20edd-df82-454f-b2b9-6070a7649807 to remote] DEBUG org.asynchttpclient.netty.request.NettyRequestSender - Using open Channel [id: 0x5e8df1ca, L:/127.0.0.1:59751 - R:/127.0.0.1:4723] for GET '/wd/hub/session/8da20edd-df82-454f-b2b9-6070a7649807/element/00000000-0000-05dd-0000-000700000003/displayed'
18:13:20.469 [AsyncHttpClient-1-2] DEBUG org.asynchttpclient.netty.handler.HttpHandler - 

Request DefaultFullHttpRequest(decodeResult: success, version: HTTP/1.1, content: EmptyByteBufBE)
GET /wd/hub/session/8da20edd-df82-454f-b2b9-6070a7649807/element/00000000-0000-05dd-0000-000700000003/displayed HTTP/1.1
User-Agent: appium/8.3.0 (selenium/4.8.1 (java windows))
Cache-Control: no-cache
Content-Type: application/json; charset=utf-8
host: 0.0.0.0:4723
accept: */*

Response DefaultHttpResponse(decodeResult: success, version: HTTP/1.1)
HTTP/1.1 200 OK
X-Powered-By: Express
Content-Type: application/json; charset=utf-8
Content-Length: 14
ETag: W/"e-2ZHvAWebNQpyjGZTg6uyV8/spTo"
Date: Sun, 07 May 2023 11:13:20 GMT
Connection: keep-alive
Keep-Alive: timeout=600

18:13:20.470 [AsyncHttpClient-1-2] DEBUG org.asynchttpclient.netty.channel.ChannelManager - Adding key: http://0.0.0.0:4723 for channel [id: 0x5e8df1ca, L:/127.0.0.1:59751 - R:/127.0.0.1:4723]
18:13:20.472 [Forwarding isElementEnabled on session 8da20edd-df82-454f-b2b9-6070a7649807 to remote] DEBUG org.asynchttpclient.netty.request.NettyRequestSender - Using pooled Channel '[id: 0x5e8df1ca, L:/127.0.0.1:59751 - R:/127.0.0.1:4723]' for 'GET' to 'http://0.0.0.0:4723/wd/hub/session/8da20edd-df82-454f-b2b9-6070a7649807/element/00000000-0000-05dd-0000-000700000003/enabled'
18:13:20.472 [Forwarding isElementEnabled on session 8da20edd-df82-454f-b2b9-6070a7649807 to remote] DEBUG org.asynchttpclient.netty.request.NettyRequestSender - Using open Channel [id: 0x5e8df1ca, L:/127.0.0.1:59751 - R:/127.0.0.1:4723] for GET '/wd/hub/session/8da20edd-df82-454f-b2b9-6070a7649807/element/00000000-0000-05dd-0000-000700000003/enabled'
18:13:20.492 [AsyncHttpClient-1-2] DEBUG org.asynchttpclient.netty.handler.HttpHandler - 

Request DefaultFullHttpRequest(decodeResult: success, version: HTTP/1.1, content: EmptyByteBufBE)
GET /wd/hub/session/8da20edd-df82-454f-b2b9-6070a7649807/element/00000000-0000-05dd-0000-000700000003/enabled HTTP/1.1
User-Agent: appium/8.3.0 (selenium/4.8.1 (java windows))
Cache-Control: no-cache
Content-Type: application/json; charset=utf-8
host: 0.0.0.0:4723
accept: */*

Response DefaultHttpResponse(decodeResult: success, version: HTTP/1.1)
HTTP/1.1 200 OK
X-Powered-By: Express
Content-Type: application/json; charset=utf-8
Content-Length: 14
ETag: W/"e-2ZHvAWebNQpyjGZTg6uyV8/spTo"
Date: Sun, 07 May 2023 11:13:20 GMT
Connection: keep-alive
Keep-Alive: timeout=600

18:13:20.493 [AsyncHttpClient-1-2] DEBUG org.asynchttpclient.netty.channel.ChannelManager - Adding key: http://0.0.0.0:4723 for channel [id: 0x5e8df1ca, L:/127.0.0.1:59751 - R:/127.0.0.1:4723]
18:13:20.497 [Forwarding clickElement on session 8da20edd-df82-454f-b2b9-6070a7649807 to remote] DEBUG org.asynchttpclient.netty.request.NettyRequestSender - Using pooled Channel '[id: 0x5e8df1ca, L:/127.0.0.1:59751 - R:/127.0.0.1:4723]' for 'POST' to 'http://0.0.0.0:4723/wd/hub/session/8da20edd-df82-454f-b2b9-6070a7649807/element/00000000-0000-05dd-0000-000700000003/click'
18:13:20.497 [Forwarding clickElement on session 8da20edd-df82-454f-b2b9-6070a7649807 to remote] DEBUG org.asynchttpclient.netty.request.NettyRequestSender - Using open Channel [id: 0x5e8df1ca, L:/127.0.0.1:59751 - R:/127.0.0.1:4723] for POST '/wd/hub/session/8da20edd-df82-454f-b2b9-6070a7649807/element/00000000-0000-05dd-0000-000700000003/click'
18:13:21.065 [AsyncHttpClient-1-2] DEBUG org.asynchttpclient.netty.handler.HttpHandler - 

Request DefaultHttpRequest(decodeResult: success, version: HTTP/1.1)
POST /wd/hub/session/8da20edd-df82-454f-b2b9-6070a7649807/element/00000000-0000-05dd-0000-000700000003/click HTTP/1.1
User-Agent: appium/8.3.0 (selenium/4.8.1 (java windows))
Content-Length: 50
Content-Type: application/json; charset=utf-8
host: 0.0.0.0:4723
accept: */*

Response DefaultHttpResponse(decodeResult: success, version: HTTP/1.1)
HTTP/1.1 200 OK
X-Powered-By: Express
Vary: X-HTTP-Method-Override
Content-Type: application/json; charset=utf-8
Content-Length: 14
ETag: W/"e-9/1BuKMgFObM1mWJm+YjxtXJnUM"
Date: Sun, 07 May 2023 11:13:21 GMT
Connection: keep-alive
Keep-Alive: timeout=600

18:13:21.066 [AsyncHttpClient-1-2] DEBUG org.asynchttpclient.netty.channel.ChannelManager - Adding key: http://0.0.0.0:4723 for channel [id: 0x5e8df1ca, L:/127.0.0.1:59751 - R:/127.0.0.1:4723]
18:13:21.067 [main] DEBUG net.thucydides.core.steps.StepInterceptor - STEP DONE: clickButtonLogin
]]></system-out>
  </testcase>
  <testcase name="user click link register for register feature" classname="user tidak dapat register karena menggunakan email yang sudah terdaftar" time="1.012">
    <system-out><![CDATA[18:13:21.085 [main] DEBUG net.thucydides.core.steps.StepInterceptor - STARTING STEP: RegisterSteps.userClickLinkRegisterForRegisterFeature - clickLinkRegister
18:13:21.091 [Forwarding findElement on session 8da20edd-df82-454f-b2b9-6070a7649807 to remote] DEBUG org.asynchttpclient.netty.request.NettyRequestSender - Using pooled Channel '[id: 0x5e8df1ca, L:/127.0.0.1:59751 - R:/127.0.0.1:4723]' for 'POST' to 'http://0.0.0.0:4723/wd/hub/session/8da20edd-df82-454f-b2b9-6070a7649807/element'
18:13:21.092 [Forwarding findElement on session 8da20edd-df82-454f-b2b9-6070a7649807 to remote] DEBUG org.asynchttpclient.netty.request.NettyRequestSender - Using open Channel [id: 0x5e8df1ca, L:/127.0.0.1:59751 - R:/127.0.0.1:4723] for POST '/wd/hub/session/8da20edd-df82-454f-b2b9-6070a7649807/element'
18:13:21.177 [AsyncHttpClient-1-2] DEBUG org.asynchttpclient.netty.handler.HttpHandler - 

Request DefaultHttpRequest(decodeResult: success, version: HTTP/1.1)
POST /wd/hub/session/8da20edd-df82-454f-b2b9-6070a7649807/element HTTP/1.1
User-Agent: appium/8.3.0 (selenium/4.8.1 (java windows))
Content-Length: 98
Content-Type: application/json; charset=utf-8
host: 0.0.0.0:4723
accept: */*

Response DefaultHttpResponse(decodeResult: success, version: HTTP/1.1)
HTTP/1.1 200 OK
X-Powered-By: Express
Vary: X-HTTP-Method-Override
Content-Type: application/json; charset=utf-8
Content-Length: 137
ETag: W/"89-KKkiyeDRtOH45FS6RWRctmr3iDo"
Date: Sun, 07 May 2023 11:13:21 GMT
Connection: keep-alive
Keep-Alive: timeout=600

18:13:21.177 [AsyncHttpClient-1-2] DEBUG org.asynchttpclient.netty.channel.ChannelManager - Adding key: http://0.0.0.0:4723 for channel [id: 0x5e8df1ca, L:/127.0.0.1:59751 - R:/127.0.0.1:4723]
18:13:21.180 [Forwarding isElementDisplayed on session 8da20edd-df82-454f-b2b9-6070a7649807 to remote] DEBUG org.asynchttpclient.netty.request.NettyRequestSender - Using pooled Channel '[id: 0x5e8df1ca, L:/127.0.0.1:59751 - R:/127.0.0.1:4723]' for 'GET' to 'http://0.0.0.0:4723/wd/hub/session/8da20edd-df82-454f-b2b9-6070a7649807/element/00000000-0000-05dd-0000-002b00000003/displayed'
18:13:21.180 [Forwarding isElementDisplayed on session 8da20edd-df82-454f-b2b9-6070a7649807 to remote] DEBUG org.asynchttpclient.netty.request.NettyRequestSender - Using open Channel [id: 0x5e8df1ca, L:/127.0.0.1:59751 - R:/127.0.0.1:4723] for GET '/wd/hub/session/8da20edd-df82-454f-b2b9-6070a7649807/element/00000000-0000-05dd-0000-002b00000003/displayed'
18:13:21.204 [AsyncHttpClient-1-2] DEBUG org.asynchttpclient.netty.handler.HttpHandler - 

Request DefaultFullHttpRequest(decodeResult: success, version: HTTP/1.1, content: EmptyByteBufBE)
GET /wd/hub/session/8da20edd-df82-454f-b2b9-6070a7649807/element/00000000-0000-05dd-0000-002b00000003/displayed HTTP/1.1
User-Agent: appium/8.3.0 (selenium/4.8.1 (java windows))
Cache-Control: no-cache
Content-Type: application/json; charset=utf-8
host: 0.0.0.0:4723
accept: */*

Response DefaultHttpResponse(decodeResult: success, version: HTTP/1.1)
HTTP/1.1 200 OK
X-Powered-By: Express
Content-Type: application/json; charset=utf-8
Content-Length: 14
ETag: W/"e-2ZHvAWebNQpyjGZTg6uyV8/spTo"
Date: Sun, 07 May 2023 11:13:21 GMT
Connection: keep-alive
Keep-Alive: timeout=600

18:13:21.205 [AsyncHttpClient-1-2] DEBUG org.asynchttpclient.netty.channel.ChannelManager - Adding key: http://0.0.0.0:4723 for channel [id: 0x5e8df1ca, L:/127.0.0.1:59751 - R:/127.0.0.1:4723]
18:13:21.208 [Forwarding isElementEnabled on session 8da20edd-df82-454f-b2b9-6070a7649807 to remote] DEBUG org.asynchttpclient.netty.request.NettyRequestSender - Using pooled Channel '[id: 0x5e8df1ca, L:/127.0.0.1:59751 - R:/127.0.0.1:4723]' for 'GET' to 'http://0.0.0.0:4723/wd/hub/session/8da20edd-df82-454f-b2b9-6070a7649807/element/00000000-0000-05dd-0000-002b00000003/enabled'
18:13:21.208 [Forwarding isElementEnabled on session 8da20edd-df82-454f-b2b9-6070a7649807 to remote] DEBUG org.asynchttpclient.netty.request.NettyRequestSender - Using open Channel [id: 0x5e8df1ca, L:/127.0.0.1:59751 - R:/127.0.0.1:4723] for GET '/wd/hub/session/8da20edd-df82-454f-b2b9-6070a7649807/element/00000000-0000-05dd-0000-002b00000003/enabled'
18:13:21.226 [AsyncHttpClient-1-2] DEBUG org.asynchttpclient.netty.handler.HttpHandler - 

Request DefaultFullHttpRequest(decodeResult: success, version: HTTP/1.1, content: EmptyByteBufBE)
GET /wd/hub/session/8da20edd-df82-454f-b2b9-6070a7649807/element/00000000-0000-05dd-0000-002b00000003/enabled HTTP/1.1
User-Agent: appium/8.3.0 (selenium/4.8.1 (java windows))
Cache-Control: no-cache
Content-Type: application/json; charset=utf-8
host: 0.0.0.0:4723
accept: */*

Response DefaultHttpResponse(decodeResult: success, version: HTTP/1.1)
HTTP/1.1 200 OK
X-Powered-By: Express
Content-Type: application/json; charset=utf-8
Content-Length: 14
ETag: W/"e-2ZHvAWebNQpyjGZTg6uyV8/spTo"
Date: Sun, 07 May 2023 11:13:21 GMT
Connection: keep-alive
Keep-Alive: timeout=600

18:13:21.227 [AsyncHttpClient-1-2] DEBUG org.asynchttpclient.netty.channel.ChannelManager - Adding key: http://0.0.0.0:4723 for channel [id: 0x5e8df1ca, L:/127.0.0.1:59751 - R:/127.0.0.1:4723]
18:13:21.230 [Forwarding clickElement on session 8da20edd-df82-454f-b2b9-6070a7649807 to remote] DEBUG org.asynchttpclient.netty.request.NettyRequestSender - Using pooled Channel '[id: 0x5e8df1ca, L:/127.0.0.1:59751 - R:/127.0.0.1:4723]' for 'POST' to 'http://0.0.0.0:4723/wd/hub/session/8da20edd-df82-454f-b2b9-6070a7649807/element/00000000-0000-05dd-0000-002b00000003/click'
18:13:21.230 [Forwarding clickElement on session 8da20edd-df82-454f-b2b9-6070a7649807 to remote] DEBUG org.asynchttpclient.netty.request.NettyRequestSender - Using open Channel [id: 0x5e8df1ca, L:/127.0.0.1:59751 - R:/127.0.0.1:4723] for POST '/wd/hub/session/8da20edd-df82-454f-b2b9-6070a7649807/element/00000000-0000-05dd-0000-002b00000003/click'
18:13:22.083 [AsyncHttpClient-1-2] DEBUG org.asynchttpclient.netty.handler.HttpHandler - 

Request DefaultHttpRequest(decodeResult: success, version: HTTP/1.1)
POST /wd/hub/session/8da20edd-df82-454f-b2b9-6070a7649807/element/00000000-0000-05dd-0000-002b00000003/click HTTP/1.1
User-Agent: appium/8.3.0 (selenium/4.8.1 (java windows))
Content-Length: 50
Content-Type: application/json; charset=utf-8
host: 0.0.0.0:4723
accept: */*

Response DefaultHttpResponse(decodeResult: success, version: HTTP/1.1)
HTTP/1.1 200 OK
X-Powered-By: Express
Vary: X-HTTP-Method-Override
Content-Type: application/json; charset=utf-8
Content-Length: 14
ETag: W/"e-9/1BuKMgFObM1mWJm+YjxtXJnUM"
Date: Sun, 07 May 2023 11:13:22 GMT
Connection: keep-alive
Keep-Alive: timeout=600

18:13:22.084 [AsyncHttpClient-1-2] DEBUG org.asynchttpclient.netty.channel.ChannelManager - Adding key: http://0.0.0.0:4723 for channel [id: 0x5e8df1ca, L:/127.0.0.1:59751 - R:/127.0.0.1:4723]
18:13:22.087 [main] DEBUG net.thucydides.core.steps.StepInterceptor - STEP DONE: clickLinkRegister
]]></system-out>
  </testcase>
  <testcase name="user input fullname for register feature" classname="user tidak dapat register karena menggunakan email yang sudah terdaftar" time="6.69">
    <system-out><![CDATA[18:13:22.113 [main] DEBUG net.thucydides.core.steps.StepInterceptor - STARTING STEP: RegisterSteps.userInputFullnameForRegisterFeature - inputFullname
18:13:22.118 [Forwarding findElement on session 8da20edd-df82-454f-b2b9-6070a7649807 to remote] DEBUG org.asynchttpclient.netty.request.NettyRequestSender - Using pooled Channel '[id: 0x5e8df1ca, L:/127.0.0.1:59751 - R:/127.0.0.1:4723]' for 'POST' to 'http://0.0.0.0:4723/wd/hub/session/8da20edd-df82-454f-b2b9-6070a7649807/element'
18:13:22.119 [Forwarding findElement on session 8da20edd-df82-454f-b2b9-6070a7649807 to remote] DEBUG org.asynchttpclient.netty.request.NettyRequestSender - Using open Channel [id: 0x5e8df1ca, L:/127.0.0.1:59751 - R:/127.0.0.1:4723] for POST '/wd/hub/session/8da20edd-df82-454f-b2b9-6070a7649807/element'
18:13:22.186 [AsyncHttpClient-1-2] DEBUG org.asynchttpclient.netty.handler.HttpHandler - 

Request DefaultHttpRequest(decodeResult: success, version: HTTP/1.1)
POST /wd/hub/session/8da20edd-df82-454f-b2b9-6070a7649807/element HTTP/1.1
User-Agent: appium/8.3.0 (selenium/4.8.1 (java windows))
Content-Length: 305
Content-Type: application/json; charset=utf-8
host: 0.0.0.0:4723
accept: */*

Response DefaultHttpResponse(decodeResult: success, version: HTTP/1.1)
HTTP/1.1 200 OK
X-Powered-By: Express
Vary: X-HTTP-Method-Override
Content-Type: application/json; charset=utf-8
Content-Length: 137
ETag: W/"89-QkmWEl0NdU2wB1IQjoipBTwS2Zo"
Date: Sun, 07 May 2023 11:13:22 GMT
Connection: keep-alive
Keep-Alive: timeout=600

18:13:22.187 [AsyncHttpClient-1-2] DEBUG org.asynchttpclient.netty.channel.ChannelManager - Adding key: http://0.0.0.0:4723 for channel [id: 0x5e8df1ca, L:/127.0.0.1:59751 - R:/127.0.0.1:4723]
18:13:22.189 [Forwarding isElementDisplayed on session 8da20edd-df82-454f-b2b9-6070a7649807 to remote] DEBUG org.asynchttpclient.netty.request.NettyRequestSender - Using pooled Channel '[id: 0x5e8df1ca, L:/127.0.0.1:59751 - R:/127.0.0.1:4723]' for 'GET' to 'http://0.0.0.0:4723/wd/hub/session/8da20edd-df82-454f-b2b9-6070a7649807/element/00000000-0000-05dd-0000-003100000003/displayed'
18:13:22.189 [Forwarding isElementDisplayed on session 8da20edd-df82-454f-b2b9-6070a7649807 to remote] DEBUG org.asynchttpclient.netty.request.NettyRequestSender - Using open Channel [id: 0x5e8df1ca, L:/127.0.0.1:59751 - R:/127.0.0.1:4723] for GET '/wd/hub/session/8da20edd-df82-454f-b2b9-6070a7649807/element/00000000-0000-05dd-0000-003100000003/displayed'
18:13:22.211 [AsyncHttpClient-1-2] DEBUG org.asynchttpclient.netty.handler.HttpHandler - 

Request DefaultFullHttpRequest(decodeResult: success, version: HTTP/1.1, content: EmptyByteBufBE)
GET /wd/hub/session/8da20edd-df82-454f-b2b9-6070a7649807/element/00000000-0000-05dd-0000-003100000003/displayed HTTP/1.1
User-Agent: appium/8.3.0 (selenium/4.8.1 (java windows))
Cache-Control: no-cache
Content-Type: application/json; charset=utf-8
host: 0.0.0.0:4723
accept: */*

Response DefaultHttpResponse(decodeResult: success, version: HTTP/1.1)
HTTP/1.1 200 OK
X-Powered-By: Express
Content-Type: application/json; charset=utf-8
Content-Length: 14
ETag: W/"e-2ZHvAWebNQpyjGZTg6uyV8/spTo"
Date: Sun, 07 May 2023 11:13:22 GMT
Connection: keep-alive
Keep-Alive: timeout=600

18:13:22.212 [AsyncHttpClient-1-2] DEBUG org.asynchttpclient.netty.channel.ChannelManager - Adding key: http://0.0.0.0:4723 for channel [id: 0x5e8df1ca, L:/127.0.0.1:59751 - R:/127.0.0.1:4723]
18:13:22.215 [Forwarding isElementEnabled on session 8da20edd-df82-454f-b2b9-6070a7649807 to remote] DEBUG org.asynchttpclient.netty.request.NettyRequestSender - Using pooled Channel '[id: 0x5e8df1ca, L:/127.0.0.1:59751 - R:/127.0.0.1:4723]' for 'GET' to 'http://0.0.0.0:4723/wd/hub/session/8da20edd-df82-454f-b2b9-6070a7649807/element/00000000-0000-05dd-0000-003100000003/enabled'
18:13:22.215 [Forwarding isElementEnabled on session 8da20edd-df82-454f-b2b9-6070a7649807 to remote] DEBUG org.asynchttpclient.netty.request.NettyRequestSender - Using open Channel [id: 0x5e8df1ca, L:/127.0.0.1:59751 - R:/127.0.0.1:4723] for GET '/wd/hub/session/8da20edd-df82-454f-b2b9-6070a7649807/element/00000000-0000-05dd-0000-003100000003/enabled'
18:13:22.233 [AsyncHttpClient-1-2] DEBUG org.asynchttpclient.netty.handler.HttpHandler - 

Request DefaultFullHttpRequest(decodeResult: success, version: HTTP/1.1, content: EmptyByteBufBE)
GET /wd/hub/session/8da20edd-df82-454f-b2b9-6070a7649807/element/00000000-0000-05dd-0000-003100000003/enabled HTTP/1.1
User-Agent: appium/8.3.0 (selenium/4.8.1 (java windows))
Cache-Control: no-cache
Content-Type: application/json; charset=utf-8
host: 0.0.0.0:4723
accept: */*

Response DefaultHttpResponse(decodeResult: success, version: HTTP/1.1)
HTTP/1.1 200 OK
X-Powered-By: Express
Content-Type: application/json; charset=utf-8
Content-Length: 14
ETag: W/"e-2ZHvAWebNQpyjGZTg6uyV8/spTo"
Date: Sun, 07 May 2023 11:13:22 GMT
Connection: keep-alive
Keep-Alive: timeout=600

18:13:22.234 [AsyncHttpClient-1-2] DEBUG org.asynchttpclient.netty.channel.ChannelManager - Adding key: http://0.0.0.0:4723 for channel [id: 0x5e8df1ca, L:/127.0.0.1:59751 - R:/127.0.0.1:4723]
18:13:22.237 [Forwarding clickElement on session 8da20edd-df82-454f-b2b9-6070a7649807 to remote] DEBUG org.asynchttpclient.netty.request.NettyRequestSender - Using pooled Channel '[id: 0x5e8df1ca, L:/127.0.0.1:59751 - R:/127.0.0.1:4723]' for 'POST' to 'http://0.0.0.0:4723/wd/hub/session/8da20edd-df82-454f-b2b9-6070a7649807/element/00000000-0000-05dd-0000-003100000003/click'
18:13:22.237 [Forwarding clickElement on session 8da20edd-df82-454f-b2b9-6070a7649807 to remote] DEBUG org.asynchttpclient.netty.request.NettyRequestSender - Using open Channel [id: 0x5e8df1ca, L:/127.0.0.1:59751 - R:/127.0.0.1:4723] for POST '/wd/hub/session/8da20edd-df82-454f-b2b9-6070a7649807/element/00000000-0000-05dd-0000-003100000003/click'
18:13:22.292 [AsyncHttpClient-1-2] DEBUG org.asynchttpclient.netty.handler.HttpHandler - 

Request DefaultHttpRequest(decodeResult: success, version: HTTP/1.1)
POST /wd/hub/session/8da20edd-df82-454f-b2b9-6070a7649807/element/00000000-0000-05dd-0000-003100000003/click HTTP/1.1
User-Agent: appium/8.3.0 (selenium/4.8.1 (java windows))
Content-Length: 50
Content-Type: application/json; charset=utf-8
host: 0.0.0.0:4723
accept: */*

Response DefaultHttpResponse(decodeResult: success, version: HTTP/1.1)
HTTP/1.1 200 OK
X-Powered-By: Express
Vary: X-HTTP-Method-Override
Content-Type: application/json; charset=utf-8
Content-Length: 14
ETag: W/"e-9/1BuKMgFObM1mWJm+YjxtXJnUM"
Date: Sun, 07 May 2023 11:13:22 GMT
Connection: keep-alive
Keep-Alive: timeout=600

18:13:22.293 [AsyncHttpClient-1-2] DEBUG org.asynchttpclient.netty.channel.ChannelManager - Adding key: http://0.0.0.0:4723 for channel [id: 0x5e8df1ca, L:/127.0.0.1:59751 - R:/127.0.0.1:4723]
18:13:22.307 [Forwarding findElement on session 8da20edd-df82-454f-b2b9-6070a7649807 to remote] DEBUG org.asynchttpclient.netty.request.NettyRequestSender - Using pooled Channel '[id: 0x5e8df1ca, L:/127.0.0.1:59751 - R:/127.0.0.1:4723]' for 'POST' to 'http://0.0.0.0:4723/wd/hub/session/8da20edd-df82-454f-b2b9-6070a7649807/element'
18:13:22.307 [Forwarding findElement on session 8da20edd-df82-454f-b2b9-6070a7649807 to remote] DEBUG org.asynchttpclient.netty.request.NettyRequestSender - Using open Channel [id: 0x5e8df1ca, L:/127.0.0.1:59751 - R:/127.0.0.1:4723] for POST '/wd/hub/session/8da20edd-df82-454f-b2b9-6070a7649807/element'
18:13:23.196 [AsyncHttpClient-1-2] DEBUG org.asynchttpclient.netty.handler.HttpHandler - 

Request DefaultHttpRequest(decodeResult: success, version: HTTP/1.1)
POST /wd/hub/session/8da20edd-df82-454f-b2b9-6070a7649807/element HTTP/1.1
User-Agent: appium/8.3.0 (selenium/4.8.1 (java windows))
Content-Length: 305
Content-Type: application/json; charset=utf-8
host: 0.0.0.0:4723
accept: */*

Response DefaultHttpResponse(decodeResult: success, version: HTTP/1.1)
HTTP/1.1 200 OK
X-Powered-By: Express
Vary: X-HTTP-Method-Override
Content-Type: application/json; charset=utf-8
Content-Length: 137
ETag: W/"89-QkmWEl0NdU2wB1IQjoipBTwS2Zo"
Date: Sun, 07 May 2023 11:13:23 GMT
Connection: keep-alive
Keep-Alive: timeout=600

18:13:23.197 [AsyncHttpClient-1-2] DEBUG org.asynchttpclient.netty.channel.ChannelManager - Adding key: http://0.0.0.0:4723 for channel [id: 0x5e8df1ca, L:/127.0.0.1:59751 - R:/127.0.0.1:4723]
18:13:23.213 [Forwarding sendKeysToElement on session 8da20edd-df82-454f-b2b9-6070a7649807 to remote] DEBUG org.asynchttpclient.netty.request.NettyRequestSender - Using pooled Channel '[id: 0x5e8df1ca, L:/127.0.0.1:59751 - R:/127.0.0.1:4723]' for 'POST' to 'http://0.0.0.0:4723/wd/hub/session/8da20edd-df82-454f-b2b9-6070a7649807/element/00000000-0000-05dd-0000-003100000003/value'
18:13:23.213 [Forwarding sendKeysToElement on session 8da20edd-df82-454f-b2b9-6070a7649807 to remote] DEBUG org.asynchttpclient.netty.request.NettyRequestSender - Using open Channel [id: 0x5e8df1ca, L:/127.0.0.1:59751 - R:/127.0.0.1:4723] for POST '/wd/hub/session/8da20edd-df82-454f-b2b9-6070a7649807/element/00000000-0000-05dd-0000-003100000003/value'
18:13:28.699 [AsyncHttpClient-1-2] DEBUG org.asynchttpclient.netty.handler.HttpHandler - 

Request DefaultHttpRequest(decodeResult: success, version: HTTP/1.1)
POST /wd/hub/session/8da20edd-df82-454f-b2b9-6070a7649807/element/00000000-0000-05dd-0000-003100000003/value HTTP/1.1
User-Agent: appium/8.3.0 (selenium/4.8.1 (java windows))
Content-Length: 201
Content-Type: application/json; charset=utf-8
host: 0.0.0.0:4723
accept: */*

Response DefaultHttpResponse(decodeResult: success, version: HTTP/1.1)
HTTP/1.1 200 OK
X-Powered-By: Express
Vary: X-HTTP-Method-Override
Content-Type: application/json; charset=utf-8
Content-Length: 14
ETag: W/"e-9/1BuKMgFObM1mWJm+YjxtXJnUM"
Date: Sun, 07 May 2023 11:13:28 GMT
Connection: keep-alive
Keep-Alive: timeout=600

18:13:28.705 [AsyncHttpClient-1-2] DEBUG org.asynchttpclient.netty.channel.ChannelManager - Adding key: http://0.0.0.0:4723 for channel [id: 0x5e8df1ca, L:/127.0.0.1:59751 - R:/127.0.0.1:4723]
18:13:28.784 [main] DEBUG net.thucydides.core.steps.StepInterceptor - STEP DONE: inputFullname
]]></system-out>
  </testcase>
  <testcase name="user input registered email for register feature" classname="user tidak dapat register karena menggunakan email yang sudah terdaftar" time="3.59">
    <system-out><![CDATA[18:13:28.957 [main] DEBUG net.thucydides.core.steps.StepInterceptor - STARTING STEP: RegisterSteps.userInputRegisteredEmailForRegisterFeature - inputEmail
18:13:28.996 [Forwarding findElement on session 8da20edd-df82-454f-b2b9-6070a7649807 to remote] DEBUG org.asynchttpclient.netty.request.NettyRequestSender - Using pooled Channel '[id: 0x5e8df1ca, L:/127.0.0.1:59751 - R:/127.0.0.1:4723]' for 'POST' to 'http://0.0.0.0:4723/wd/hub/session/8da20edd-df82-454f-b2b9-6070a7649807/element'
18:13:28.996 [Forwarding findElement on session 8da20edd-df82-454f-b2b9-6070a7649807 to remote] DEBUG org.asynchttpclient.netty.request.NettyRequestSender - Using open Channel [id: 0x5e8df1ca, L:/127.0.0.1:59751 - R:/127.0.0.1:4723] for POST '/wd/hub/session/8da20edd-df82-454f-b2b9-6070a7649807/element'
18:13:31.263 [AsyncHttpClient-1-2] DEBUG org.asynchttpclient.netty.handler.HttpHandler - 

Request DefaultHttpRequest(decodeResult: success, version: HTTP/1.1)
POST /wd/hub/session/8da20edd-df82-454f-b2b9-6070a7649807/element HTTP/1.1
User-Agent: appium/8.3.0 (selenium/4.8.1 (java windows))
Content-Length: 305
Content-Type: application/json; charset=utf-8
host: 0.0.0.0:4723
accept: */*

Response DefaultHttpResponse(decodeResult: success, version: HTTP/1.1)
HTTP/1.1 200 OK
X-Powered-By: Express
Vary: X-HTTP-Method-Override
Content-Type: application/json; charset=utf-8
Content-Length: 137
ETag: W/"89-6Dtd8MlLjPn35/ceHtgiUhw6dd8"
Date: Sun, 07 May 2023 11:13:31 GMT
Connection: keep-alive
Keep-Alive: timeout=600

18:13:31.267 [AsyncHttpClient-1-2] DEBUG org.asynchttpclient.netty.channel.ChannelManager - Adding key: http://0.0.0.0:4723 for channel [id: 0x5e8df1ca, L:/127.0.0.1:59751 - R:/127.0.0.1:4723]
18:13:31.287 [Forwarding isElementDisplayed on session 8da20edd-df82-454f-b2b9-6070a7649807 to remote] DEBUG org.asynchttpclient.netty.request.NettyRequestSender - Using pooled Channel '[id: 0x5e8df1ca, L:/127.0.0.1:59751 - R:/127.0.0.1:4723]' for 'GET' to 'http://0.0.0.0:4723/wd/hub/session/8da20edd-df82-454f-b2b9-6070a7649807/element/00000000-0000-05dd-0000-003200000003/displayed'
18:13:31.289 [Forwarding isElementDisplayed on session 8da20edd-df82-454f-b2b9-6070a7649807 to remote] DEBUG org.asynchttpclient.netty.request.NettyRequestSender - Using open Channel [id: 0x5e8df1ca, L:/127.0.0.1:59751 - R:/127.0.0.1:4723] for GET '/wd/hub/session/8da20edd-df82-454f-b2b9-6070a7649807/element/00000000-0000-05dd-0000-003200000003/displayed'
18:13:31.428 [AsyncHttpClient-1-2] DEBUG org.asynchttpclient.netty.handler.HttpHandler - 

Request DefaultFullHttpRequest(decodeResult: success, version: HTTP/1.1, content: EmptyByteBufBE)
GET /wd/hub/session/8da20edd-df82-454f-b2b9-6070a7649807/element/00000000-0000-05dd-0000-003200000003/displayed HTTP/1.1
User-Agent: appium/8.3.0 (selenium/4.8.1 (java windows))
Cache-Control: no-cache
Content-Type: application/json; charset=utf-8
host: 0.0.0.0:4723
accept: */*

Response DefaultHttpResponse(decodeResult: success, version: HTTP/1.1)
HTTP/1.1 200 OK
X-Powered-By: Express
Content-Type: application/json; charset=utf-8
Content-Length: 14
ETag: W/"e-2ZHvAWebNQpyjGZTg6uyV8/spTo"
Date: Sun, 07 May 2023 11:13:31 GMT
Connection: keep-alive
Keep-Alive: timeout=600

18:13:31.430 [AsyncHttpClient-1-2] DEBUG org.asynchttpclient.netty.channel.ChannelManager - Adding key: http://0.0.0.0:4723 for channel [id: 0x5e8df1ca, L:/127.0.0.1:59751 - R:/127.0.0.1:4723]
18:13:31.433 [Forwarding isElementEnabled on session 8da20edd-df82-454f-b2b9-6070a7649807 to remote] DEBUG org.asynchttpclient.netty.request.NettyRequestSender - Using pooled Channel '[id: 0x5e8df1ca, L:/127.0.0.1:59751 - R:/127.0.0.1:4723]' for 'GET' to 'http://0.0.0.0:4723/wd/hub/session/8da20edd-df82-454f-b2b9-6070a7649807/element/00000000-0000-05dd-0000-003200000003/enabled'
18:13:31.434 [Forwarding isElementEnabled on session 8da20edd-df82-454f-b2b9-6070a7649807 to remote] DEBUG org.asynchttpclient.netty.request.NettyRequestSender - Using open Channel [id: 0x5e8df1ca, L:/127.0.0.1:59751 - R:/127.0.0.1:4723] for GET '/wd/hub/session/8da20edd-df82-454f-b2b9-6070a7649807/element/00000000-0000-05dd-0000-003200000003/enabled'
18:13:31.480 [AsyncHttpClient-1-2] DEBUG org.asynchttpclient.netty.handler.HttpHandler - 

Request DefaultFullHttpRequest(decodeResult: success, version: HTTP/1.1, content: EmptyByteBufBE)
GET /wd/hub/session/8da20edd-df82-454f-b2b9-6070a7649807/element/00000000-0000-05dd-0000-003200000003/enabled HTTP/1.1
User-Agent: appium/8.3.0 (selenium/4.8.1 (java windows))
Cache-Control: no-cache
Content-Type: application/json; charset=utf-8
host: 0.0.0.0:4723
accept: */*

Response DefaultHttpResponse(decodeResult: success, version: HTTP/1.1)
HTTP/1.1 200 OK
X-Powered-By: Express
Content-Type: application/json; charset=utf-8
Content-Length: 14
ETag: W/"e-2ZHvAWebNQpyjGZTg6uyV8/spTo"
Date: Sun, 07 May 2023 11:13:31 GMT
Connection: keep-alive
Keep-Alive: timeout=600

18:13:31.481 [AsyncHttpClient-1-2] DEBUG org.asynchttpclient.netty.channel.ChannelManager - Adding key: http://0.0.0.0:4723 for channel [id: 0x5e8df1ca, L:/127.0.0.1:59751 - R:/127.0.0.1:4723]
18:13:31.487 [Forwarding clickElement on session 8da20edd-df82-454f-b2b9-6070a7649807 to remote] DEBUG org.asynchttpclient.netty.request.NettyRequestSender - Using pooled Channel '[id: 0x5e8df1ca, L:/127.0.0.1:59751 - R:/127.0.0.1:4723]' for 'POST' to 'http://0.0.0.0:4723/wd/hub/session/8da20edd-df82-454f-b2b9-6070a7649807/element/00000000-0000-05dd-0000-003200000003/click'
18:13:31.487 [Forwarding clickElement on session 8da20edd-df82-454f-b2b9-6070a7649807 to remote] DEBUG org.asynchttpclient.netty.request.NettyRequestSender - Using open Channel [id: 0x5e8df1ca, L:/127.0.0.1:59751 - R:/127.0.0.1:4723] for POST '/wd/hub/session/8da20edd-df82-454f-b2b9-6070a7649807/element/00000000-0000-05dd-0000-003200000003/click'
18:13:31.545 [AsyncHttpClient-1-2] DEBUG org.asynchttpclient.netty.handler.HttpHandler - 

Request DefaultHttpRequest(decodeResult: success, version: HTTP/1.1)
POST /wd/hub/session/8da20edd-df82-454f-b2b9-6070a7649807/element/00000000-0000-05dd-0000-003200000003/click HTTP/1.1
User-Agent: appium/8.3.0 (selenium/4.8.1 (java windows))
Content-Length: 50
Content-Type: application/json; charset=utf-8
host: 0.0.0.0:4723
accept: */*

Response DefaultHttpResponse(decodeResult: success, version: HTTP/1.1)
HTTP/1.1 200 OK
X-Powered-By: Express
Vary: X-HTTP-Method-Override
Content-Type: application/json; charset=utf-8
Content-Length: 14
ETag: W/"e-9/1BuKMgFObM1mWJm+YjxtXJnUM"
Date: Sun, 07 May 2023 11:13:31 GMT
Connection: keep-alive
Keep-Alive: timeout=600

18:13:31.548 [AsyncHttpClient-1-2] DEBUG org.asynchttpclient.netty.channel.ChannelManager - Adding key: http://0.0.0.0:4723 for channel [id: 0x5e8df1ca, L:/127.0.0.1:59751 - R:/127.0.0.1:4723]
18:13:31.578 [Forwarding findElement on session 8da20edd-df82-454f-b2b9-6070a7649807 to remote] DEBUG org.asynchttpclient.netty.request.NettyRequestSender - Using pooled Channel '[id: 0x5e8df1ca, L:/127.0.0.1:59751 - R:/127.0.0.1:4723]' for 'POST' to 'http://0.0.0.0:4723/wd/hub/session/8da20edd-df82-454f-b2b9-6070a7649807/element'
18:13:31.592 [Forwarding findElement on session 8da20edd-df82-454f-b2b9-6070a7649807 to remote] DEBUG org.asynchttpclient.netty.request.NettyRequestSender - Using open Channel [id: 0x5e8df1ca, L:/127.0.0.1:59751 - R:/127.0.0.1:4723] for POST '/wd/hub/session/8da20edd-df82-454f-b2b9-6070a7649807/element'
18:13:32.376 [AsyncHttpClient-1-2] DEBUG org.asynchttpclient.netty.handler.HttpHandler - 

Request DefaultHttpRequest(decodeResult: success, version: HTTP/1.1)
POST /wd/hub/session/8da20edd-df82-454f-b2b9-6070a7649807/element HTTP/1.1
User-Agent: appium/8.3.0 (selenium/4.8.1 (java windows))
Content-Length: 305
Content-Type: application/json; charset=utf-8
host: 0.0.0.0:4723
accept: */*

Response DefaultHttpResponse(decodeResult: success, version: HTTP/1.1)
HTTP/1.1 200 OK
X-Powered-By: Express
Vary: X-HTTP-Method-Override
Content-Type: application/json; charset=utf-8
Content-Length: 137
ETag: W/"89-6Dtd8MlLjPn35/ceHtgiUhw6dd8"
Date: Sun, 07 May 2023 11:13:32 GMT
Connection: keep-alive
Keep-Alive: timeout=600

18:13:32.377 [AsyncHttpClient-1-2] DEBUG org.asynchttpclient.netty.channel.ChannelManager - Adding key: http://0.0.0.0:4723 for channel [id: 0x5e8df1ca, L:/127.0.0.1:59751 - R:/127.0.0.1:4723]
18:13:32.388 [Forwarding sendKeysToElement on session 8da20edd-df82-454f-b2b9-6070a7649807 to remote] DEBUG org.asynchttpclient.netty.request.NettyRequestSender - Using pooled Channel '[id: 0x5e8df1ca, L:/127.0.0.1:59751 - R:/127.0.0.1:4723]' for 'POST' to 'http://0.0.0.0:4723/wd/hub/session/8da20edd-df82-454f-b2b9-6070a7649807/element/00000000-0000-05dd-0000-003200000003/value'
18:13:32.388 [Forwarding sendKeysToElement on session 8da20edd-df82-454f-b2b9-6070a7649807 to remote] DEBUG org.asynchttpclient.netty.request.NettyRequestSender - Using open Channel [id: 0x5e8df1ca, L:/127.0.0.1:59751 - R:/127.0.0.1:4723] for POST '/wd/hub/session/8da20edd-df82-454f-b2b9-6070a7649807/element/00000000-0000-05dd-0000-003200000003/value'
18:13:32.465 [AsyncHttpClient-1-2] DEBUG org.asynchttpclient.netty.handler.HttpHandler - 

Request DefaultHttpRequest(decodeResult: success, version: HTTP/1.1)
POST /wd/hub/session/8da20edd-df82-454f-b2b9-6070a7649807/element/00000000-0000-05dd-0000-003200000003/value HTTP/1.1
User-Agent: appium/8.3.0 (selenium/4.8.1 (java windows))
Content-Length: 211
Content-Type: application/json; charset=utf-8
host: 0.0.0.0:4723
accept: */*

Response DefaultHttpResponse(decodeResult: success, version: HTTP/1.1)
HTTP/1.1 200 OK
X-Powered-By: Express
Vary: X-HTTP-Method-Override
Content-Type: application/json; charset=utf-8
Content-Length: 14
ETag: W/"e-9/1BuKMgFObM1mWJm+YjxtXJnUM"
Date: Sun, 07 May 2023 11:13:32 GMT
Connection: keep-alive
Keep-Alive: timeout=600

18:13:32.466 [AsyncHttpClient-1-2] DEBUG org.asynchttpclient.netty.channel.ChannelManager - Adding key: http://0.0.0.0:4723 for channel [id: 0x5e8df1ca, L:/127.0.0.1:59751 - R:/127.0.0.1:4723]
18:13:32.478 [main] DEBUG net.thucydides.core.steps.StepInterceptor - STEP DONE: inputEmail
]]></system-out>
  </testcase>
  <testcase name="user input password for register feature" classname="user tidak dapat register karena menggunakan email yang sudah terdaftar" time="1.526">
    <system-out><![CDATA[18:13:32.526 [main] DEBUG net.thucydides.core.steps.StepInterceptor - STARTING STEP: RegisterSteps.userInputPasswordForRegisterFeature - inputPassword
18:13:32.546 [Forwarding findElement on session 8da20edd-df82-454f-b2b9-6070a7649807 to remote] DEBUG org.asynchttpclient.netty.request.NettyRequestSender - Using pooled Channel '[id: 0x5e8df1ca, L:/127.0.0.1:59751 - R:/127.0.0.1:4723]' for 'POST' to 'http://0.0.0.0:4723/wd/hub/session/8da20edd-df82-454f-b2b9-6070a7649807/element'
18:13:32.547 [Forwarding findElement on session 8da20edd-df82-454f-b2b9-6070a7649807 to remote] DEBUG org.asynchttpclient.netty.request.NettyRequestSender - Using open Channel [id: 0x5e8df1ca, L:/127.0.0.1:59751 - R:/127.0.0.1:4723] for POST '/wd/hub/session/8da20edd-df82-454f-b2b9-6070a7649807/element'
18:13:33.026 [AsyncHttpClient-1-2] DEBUG org.asynchttpclient.netty.handler.HttpHandler - 

Request DefaultHttpRequest(decodeResult: success, version: HTTP/1.1)
POST /wd/hub/session/8da20edd-df82-454f-b2b9-6070a7649807/element HTTP/1.1
User-Agent: appium/8.3.0 (selenium/4.8.1 (java windows))
Content-Length: 305
Content-Type: application/json; charset=utf-8
host: 0.0.0.0:4723
accept: */*

Response DefaultHttpResponse(decodeResult: success, version: HTTP/1.1)
HTTP/1.1 200 OK
X-Powered-By: Express
Vary: X-HTTP-Method-Override
Content-Type: application/json; charset=utf-8
Content-Length: 137
ETag: W/"89-o4NWg25QbSf1LURFCzuVOXjvCgI"
Date: Sun, 07 May 2023 11:13:33 GMT
Connection: keep-alive
Keep-Alive: timeout=600

18:13:33.027 [AsyncHttpClient-1-2] DEBUG org.asynchttpclient.netty.channel.ChannelManager - Adding key: http://0.0.0.0:4723 for channel [id: 0x5e8df1ca, L:/127.0.0.1:59751 - R:/127.0.0.1:4723]
18:13:33.032 [Forwarding isElementDisplayed on session 8da20edd-df82-454f-b2b9-6070a7649807 to remote] DEBUG org.asynchttpclient.netty.request.NettyRequestSender - Using pooled Channel '[id: 0x5e8df1ca, L:/127.0.0.1:59751 - R:/127.0.0.1:4723]' for 'GET' to 'http://0.0.0.0:4723/wd/hub/session/8da20edd-df82-454f-b2b9-6070a7649807/element/00000000-0000-05dd-0000-003300000003/displayed'
18:13:33.033 [Forwarding isElementDisplayed on session 8da20edd-df82-454f-b2b9-6070a7649807 to remote] DEBUG org.asynchttpclient.netty.request.NettyRequestSender - Using open Channel [id: 0x5e8df1ca, L:/127.0.0.1:59751 - R:/127.0.0.1:4723] for GET '/wd/hub/session/8da20edd-df82-454f-b2b9-6070a7649807/element/00000000-0000-05dd-0000-003300000003/displayed'
18:13:33.068 [AsyncHttpClient-1-2] DEBUG org.asynchttpclient.netty.handler.HttpHandler - 

Request DefaultFullHttpRequest(decodeResult: success, version: HTTP/1.1, content: EmptyByteBufBE)
GET /wd/hub/session/8da20edd-df82-454f-b2b9-6070a7649807/element/00000000-0000-05dd-0000-003300000003/displayed HTTP/1.1
User-Agent: appium/8.3.0 (selenium/4.8.1 (java windows))
Cache-Control: no-cache
Content-Type: application/json; charset=utf-8
host: 0.0.0.0:4723
accept: */*

Response DefaultHttpResponse(decodeResult: success, version: HTTP/1.1)
HTTP/1.1 200 OK
X-Powered-By: Express
Content-Type: application/json; charset=utf-8
Content-Length: 14
ETag: W/"e-2ZHvAWebNQpyjGZTg6uyV8/spTo"
Date: Sun, 07 May 2023 11:13:33 GMT
Connection: keep-alive
Keep-Alive: timeout=600

18:13:33.070 [AsyncHttpClient-1-2] DEBUG org.asynchttpclient.netty.channel.ChannelManager - Adding key: http://0.0.0.0:4723 for channel [id: 0x5e8df1ca, L:/127.0.0.1:59751 - R:/127.0.0.1:4723]
18:13:33.073 [Forwarding isElementEnabled on session 8da20edd-df82-454f-b2b9-6070a7649807 to remote] DEBUG org.asynchttpclient.netty.request.NettyRequestSender - Using pooled Channel '[id: 0x5e8df1ca, L:/127.0.0.1:59751 - R:/127.0.0.1:4723]' for 'GET' to 'http://0.0.0.0:4723/wd/hub/session/8da20edd-df82-454f-b2b9-6070a7649807/element/00000000-0000-05dd-0000-003300000003/enabled'
18:13:33.077 [Forwarding isElementEnabled on session 8da20edd-df82-454f-b2b9-6070a7649807 to remote] DEBUG org.asynchttpclient.netty.request.NettyRequestSender - Using open Channel [id: 0x5e8df1ca, L:/127.0.0.1:59751 - R:/127.0.0.1:4723] for GET '/wd/hub/session/8da20edd-df82-454f-b2b9-6070a7649807/element/00000000-0000-05dd-0000-003300000003/enabled'
18:13:33.114 [AsyncHttpClient-1-2] DEBUG org.asynchttpclient.netty.handler.HttpHandler - 

Request DefaultFullHttpRequest(decodeResult: success, version: HTTP/1.1, content: EmptyByteBufBE)
GET /wd/hub/session/8da20edd-df82-454f-b2b9-6070a7649807/element/00000000-0000-05dd-0000-003300000003/enabled HTTP/1.1
User-Agent: appium/8.3.0 (selenium/4.8.1 (java windows))
Cache-Control: no-cache
Content-Type: application/json; charset=utf-8
host: 0.0.0.0:4723
accept: */*

Response DefaultHttpResponse(decodeResult: success, version: HTTP/1.1)
HTTP/1.1 200 OK
X-Powered-By: Express
Content-Type: application/json; charset=utf-8
Content-Length: 14
ETag: W/"e-2ZHvAWebNQpyjGZTg6uyV8/spTo"
Date: Sun, 07 May 2023 11:13:33 GMT
Connection: keep-alive
Keep-Alive: timeout=600

18:13:33.116 [AsyncHttpClient-1-2] DEBUG org.asynchttpclient.netty.channel.ChannelManager - Adding key: http://0.0.0.0:4723 for channel [id: 0x5e8df1ca, L:/127.0.0.1:59751 - R:/127.0.0.1:4723]
18:13:33.124 [Forwarding clickElement on session 8da20edd-df82-454f-b2b9-6070a7649807 to remote] DEBUG org.asynchttpclient.netty.request.NettyRequestSender - Using pooled Channel '[id: 0x5e8df1ca, L:/127.0.0.1:59751 - R:/127.0.0.1:4723]' for 'POST' to 'http://0.0.0.0:4723/wd/hub/session/8da20edd-df82-454f-b2b9-6070a7649807/element/00000000-0000-05dd-0000-003300000003/click'
18:13:33.124 [Forwarding clickElement on session 8da20edd-df82-454f-b2b9-6070a7649807 to remote] DEBUG org.asynchttpclient.netty.request.NettyRequestSender - Using open Channel [id: 0x5e8df1ca, L:/127.0.0.1:59751 - R:/127.0.0.1:4723] for POST '/wd/hub/session/8da20edd-df82-454f-b2b9-6070a7649807/element/00000000-0000-05dd-0000-003300000003/click'
18:13:33.224 [AsyncHttpClient-1-2] DEBUG org.asynchttpclient.netty.handler.HttpHandler - 

Request DefaultHttpRequest(decodeResult: success, version: HTTP/1.1)
POST /wd/hub/session/8da20edd-df82-454f-b2b9-6070a7649807/element/00000000-0000-05dd-0000-003300000003/click HTTP/1.1
User-Agent: appium/8.3.0 (selenium/4.8.1 (java windows))
Content-Length: 50
Content-Type: application/json; charset=utf-8
host: 0.0.0.0:4723
accept: */*

Response DefaultHttpResponse(decodeResult: success, version: HTTP/1.1)
HTTP/1.1 200 OK
X-Powered-By: Express
Vary: X-HTTP-Method-Override
Content-Type: application/json; charset=utf-8
Content-Length: 14
ETag: W/"e-9/1BuKMgFObM1mWJm+YjxtXJnUM"
Date: Sun, 07 May 2023 11:13:33 GMT
Connection: keep-alive
Keep-Alive: timeout=600

18:13:33.226 [AsyncHttpClient-1-2] DEBUG org.asynchttpclient.netty.channel.ChannelManager - Adding key: http://0.0.0.0:4723 for channel [id: 0x5e8df1ca, L:/127.0.0.1:59751 - R:/127.0.0.1:4723]
18:13:33.257 [Forwarding findElement on session 8da20edd-df82-454f-b2b9-6070a7649807 to remote] DEBUG org.asynchttpclient.netty.request.NettyRequestSender - Using pooled Channel '[id: 0x5e8df1ca, L:/127.0.0.1:59751 - R:/127.0.0.1:4723]' for 'POST' to 'http://0.0.0.0:4723/wd/hub/session/8da20edd-df82-454f-b2b9-6070a7649807/element'
18:13:33.258 [Forwarding findElement on session 8da20edd-df82-454f-b2b9-6070a7649807 to remote] DEBUG org.asynchttpclient.netty.request.NettyRequestSender - Using open Channel [id: 0x5e8df1ca, L:/127.0.0.1:59751 - R:/127.0.0.1:4723] for POST '/wd/hub/session/8da20edd-df82-454f-b2b9-6070a7649807/element'
18:13:33.943 [AsyncHttpClient-1-2] DEBUG org.asynchttpclient.netty.handler.HttpHandler - 

Request DefaultHttpRequest(decodeResult: success, version: HTTP/1.1)
POST /wd/hub/session/8da20edd-df82-454f-b2b9-6070a7649807/element HTTP/1.1
User-Agent: appium/8.3.0 (selenium/4.8.1 (java windows))
Content-Length: 305
Content-Type: application/json; charset=utf-8
host: 0.0.0.0:4723
accept: */*

Response DefaultHttpResponse(decodeResult: success, version: HTTP/1.1)
HTTP/1.1 200 OK
X-Powered-By: Express
Vary: X-HTTP-Method-Override
Content-Type: application/json; charset=utf-8
Content-Length: 137
ETag: W/"89-o4NWg25QbSf1LURFCzuVOXjvCgI"
Date: Sun, 07 May 2023 11:13:33 GMT
Connection: keep-alive
Keep-Alive: timeout=600

18:13:33.945 [AsyncHttpClient-1-2] DEBUG org.asynchttpclient.netty.channel.ChannelManager - Adding key: http://0.0.0.0:4723 for channel [id: 0x5e8df1ca, L:/127.0.0.1:59751 - R:/127.0.0.1:4723]
18:13:33.949 [Forwarding sendKeysToElement on session 8da20edd-df82-454f-b2b9-6070a7649807 to remote] DEBUG org.asynchttpclient.netty.request.NettyRequestSender - Using pooled Channel '[id: 0x5e8df1ca, L:/127.0.0.1:59751 - R:/127.0.0.1:4723]' for 'POST' to 'http://0.0.0.0:4723/wd/hub/session/8da20edd-df82-454f-b2b9-6070a7649807/element/00000000-0000-05dd-0000-003300000003/value'
18:13:33.949 [Forwarding sendKeysToElement on session 8da20edd-df82-454f-b2b9-6070a7649807 to remote] DEBUG org.asynchttpclient.netty.request.NettyRequestSender - Using open Channel [id: 0x5e8df1ca, L:/127.0.0.1:59751 - R:/127.0.0.1:4723] for POST '/wd/hub/session/8da20edd-df82-454f-b2b9-6070a7649807/element/00000000-0000-05dd-0000-003300000003/value'
18:13:34.015 [AsyncHttpClient-1-2] DEBUG org.asynchttpclient.netty.handler.HttpHandler - 

Request DefaultHttpRequest(decodeResult: success, version: HTTP/1.1)
POST /wd/hub/session/8da20edd-df82-454f-b2b9-6070a7649807/element/00000000-0000-05dd-0000-003300000003/value HTTP/1.1
User-Agent: appium/8.3.0 (selenium/4.8.1 (java windows))
Content-Length: 111
Content-Type: application/json; charset=utf-8
host: 0.0.0.0:4723
accept: */*

Response DefaultHttpResponse(decodeResult: success, version: HTTP/1.1)
HTTP/1.1 200 OK
X-Powered-By: Express
Vary: X-HTTP-Method-Override
Content-Type: application/json; charset=utf-8
Content-Length: 14
ETag: W/"e-9/1BuKMgFObM1mWJm+YjxtXJnUM"
Date: Sun, 07 May 2023 11:13:33 GMT
Connection: keep-alive
Keep-Alive: timeout=600

18:13:34.020 [AsyncHttpClient-1-2] DEBUG org.asynchttpclient.netty.channel.ChannelManager - Adding key: http://0.0.0.0:4723 for channel [id: 0x5e8df1ca, L:/127.0.0.1:59751 - R:/127.0.0.1:4723]
18:13:34.025 [main] DEBUG net.thucydides.core.steps.StepInterceptor - STEP DONE: inputPassword
]]></system-out>
  </testcase>
  <testcase name="user click register button for register feature" classname="user tidak dapat register karena menggunakan email yang sudah terdaftar" time="2.038">
    <system-out><![CDATA[18:13:34.054 [main] DEBUG net.thucydides.core.steps.StepInterceptor - STARTING STEP: RegisterSteps.userClickRegisterButtonForRegisterFeature - clickRegisterButton
18:13:34.063 [Forwarding findElement on session 8da20edd-df82-454f-b2b9-6070a7649807 to remote] DEBUG org.asynchttpclient.netty.request.NettyRequestSender - Using pooled Channel '[id: 0x5e8df1ca, L:/127.0.0.1:59751 - R:/127.0.0.1:4723]' for 'POST' to 'http://0.0.0.0:4723/wd/hub/session/8da20edd-df82-454f-b2b9-6070a7649807/element'
18:13:34.067 [Forwarding findElement on session 8da20edd-df82-454f-b2b9-6070a7649807 to remote] DEBUG org.asynchttpclient.netty.request.NettyRequestSender - Using open Channel [id: 0x5e8df1ca, L:/127.0.0.1:59751 - R:/127.0.0.1:4723] for POST '/wd/hub/session/8da20edd-df82-454f-b2b9-6070a7649807/element'
18:13:34.761 [AsyncHttpClient-1-2] DEBUG org.asynchttpclient.netty.handler.HttpHandler - 

Request DefaultHttpRequest(decodeResult: success, version: HTTP/1.1)
POST /wd/hub/session/8da20edd-df82-454f-b2b9-6070a7649807/element HTTP/1.1
User-Agent: appium/8.3.0 (selenium/4.8.1 (java windows))
Content-Length: 98
Content-Type: application/json; charset=utf-8
host: 0.0.0.0:4723
accept: */*

Response DefaultHttpResponse(decodeResult: success, version: HTTP/1.1)
HTTP/1.1 200 OK
X-Powered-By: Express
Vary: X-HTTP-Method-Override
Content-Type: application/json; charset=utf-8
Content-Length: 137
ETag: W/"89-T6T1EZnPMwCRdFWWLE8e43Q0/mQ"
Date: Sun, 07 May 2023 11:13:34 GMT
Connection: keep-alive
Keep-Alive: timeout=600

18:13:34.763 [AsyncHttpClient-1-2] DEBUG org.asynchttpclient.netty.channel.ChannelManager - Adding key: http://0.0.0.0:4723 for channel [id: 0x5e8df1ca, L:/127.0.0.1:59751 - R:/127.0.0.1:4723]
18:13:34.766 [Forwarding isElementDisplayed on session 8da20edd-df82-454f-b2b9-6070a7649807 to remote] DEBUG org.asynchttpclient.netty.request.NettyRequestSender - Using pooled Channel '[id: 0x5e8df1ca, L:/127.0.0.1:59751 - R:/127.0.0.1:4723]' for 'GET' to 'http://0.0.0.0:4723/wd/hub/session/8da20edd-df82-454f-b2b9-6070a7649807/element/00000000-0000-05dd-0000-003400000003/displayed'
18:13:34.766 [Forwarding isElementDisplayed on session 8da20edd-df82-454f-b2b9-6070a7649807 to remote] DEBUG org.asynchttpclient.netty.request.NettyRequestSender - Using open Channel [id: 0x5e8df1ca, L:/127.0.0.1:59751 - R:/127.0.0.1:4723] for GET '/wd/hub/session/8da20edd-df82-454f-b2b9-6070a7649807/element/00000000-0000-05dd-0000-003400000003/displayed'
18:13:34.794 [AsyncHttpClient-1-2] DEBUG org.asynchttpclient.netty.handler.HttpHandler - 

Request DefaultFullHttpRequest(decodeResult: success, version: HTTP/1.1, content: EmptyByteBufBE)
GET /wd/hub/session/8da20edd-df82-454f-b2b9-6070a7649807/element/00000000-0000-05dd-0000-003400000003/displayed HTTP/1.1
User-Agent: appium/8.3.0 (selenium/4.8.1 (java windows))
Cache-Control: no-cache
Content-Type: application/json; charset=utf-8
host: 0.0.0.0:4723
accept: */*

Response DefaultHttpResponse(decodeResult: success, version: HTTP/1.1)
HTTP/1.1 200 OK
X-Powered-By: Express
Content-Type: application/json; charset=utf-8
Content-Length: 14
ETag: W/"e-2ZHvAWebNQpyjGZTg6uyV8/spTo"
Date: Sun, 07 May 2023 11:13:34 GMT
Connection: keep-alive
Keep-Alive: timeout=600

18:13:34.795 [AsyncHttpClient-1-2] DEBUG org.asynchttpclient.netty.channel.ChannelManager - Adding key: http://0.0.0.0:4723 for channel [id: 0x5e8df1ca, L:/127.0.0.1:59751 - R:/127.0.0.1:4723]
18:13:34.798 [Forwarding isElementEnabled on session 8da20edd-df82-454f-b2b9-6070a7649807 to remote] DEBUG org.asynchttpclient.netty.request.NettyRequestSender - Using pooled Channel '[id: 0x5e8df1ca, L:/127.0.0.1:59751 - R:/127.0.0.1:4723]' for 'GET' to 'http://0.0.0.0:4723/wd/hub/session/8da20edd-df82-454f-b2b9-6070a7649807/element/00000000-0000-05dd-0000-003400000003/enabled'
18:13:34.798 [Forwarding isElementEnabled on session 8da20edd-df82-454f-b2b9-6070a7649807 to remote] DEBUG org.asynchttpclient.netty.request.NettyRequestSender - Using open Channel [id: 0x5e8df1ca, L:/127.0.0.1:59751 - R:/127.0.0.1:4723] for GET '/wd/hub/session/8da20edd-df82-454f-b2b9-6070a7649807/element/00000000-0000-05dd-0000-003400000003/enabled'
18:13:34.831 [AsyncHttpClient-1-2] DEBUG org.asynchttpclient.netty.handler.HttpHandler - 

Request DefaultFullHttpRequest(decodeResult: success, version: HTTP/1.1, content: EmptyByteBufBE)
GET /wd/hub/session/8da20edd-df82-454f-b2b9-6070a7649807/element/00000000-0000-05dd-0000-003400000003/enabled HTTP/1.1
User-Agent: appium/8.3.0 (selenium/4.8.1 (java windows))
Cache-Control: no-cache
Content-Type: application/json; charset=utf-8
host: 0.0.0.0:4723
accept: */*

Response DefaultHttpResponse(decodeResult: success, version: HTTP/1.1)
HTTP/1.1 200 OK
X-Powered-By: Express
Content-Type: application/json; charset=utf-8
Content-Length: 14
ETag: W/"e-2ZHvAWebNQpyjGZTg6uyV8/spTo"
Date: Sun, 07 May 2023 11:13:34 GMT
Connection: keep-alive
Keep-Alive: timeout=600

18:13:34.834 [AsyncHttpClient-1-2] DEBUG org.asynchttpclient.netty.channel.ChannelManager - Adding key: http://0.0.0.0:4723 for channel [id: 0x5e8df1ca, L:/127.0.0.1:59751 - R:/127.0.0.1:4723]
18:13:34.838 [Forwarding clickElement on session 8da20edd-df82-454f-b2b9-6070a7649807 to remote] DEBUG org.asynchttpclient.netty.request.NettyRequestSender - Using pooled Channel '[id: 0x5e8df1ca, L:/127.0.0.1:59751 - R:/127.0.0.1:4723]' for 'POST' to 'http://0.0.0.0:4723/wd/hub/session/8da20edd-df82-454f-b2b9-6070a7649807/element/00000000-0000-05dd-0000-003400000003/click'
18:13:34.838 [Forwarding clickElement on session 8da20edd-df82-454f-b2b9-6070a7649807 to remote] DEBUG org.asynchttpclient.netty.request.NettyRequestSender - Using open Channel [id: 0x5e8df1ca, L:/127.0.0.1:59751 - R:/127.0.0.1:4723] for POST '/wd/hub/session/8da20edd-df82-454f-b2b9-6070a7649807/element/00000000-0000-05dd-0000-003400000003/click'
18:13:36.061 [AsyncHttpClient-1-2] DEBUG org.asynchttpclient.netty.handler.HttpHandler - 

Request DefaultHttpRequest(decodeResult: success, version: HTTP/1.1)
POST /wd/hub/session/8da20edd-df82-454f-b2b9-6070a7649807/element/00000000-0000-05dd-0000-003400000003/click HTTP/1.1
User-Agent: appium/8.3.0 (selenium/4.8.1 (java windows))
Content-Length: 50
Content-Type: application/json; charset=utf-8
host: 0.0.0.0:4723
accept: */*

Response DefaultHttpResponse(decodeResult: success, version: HTTP/1.1)
HTTP/1.1 200 OK
X-Powered-By: Express
Vary: X-HTTP-Method-Override
Content-Type: application/json; charset=utf-8
Content-Length: 14
ETag: W/"e-9/1BuKMgFObM1mWJm+YjxtXJnUM"
Date: Sun, 07 May 2023 11:13:36 GMT
Connection: keep-alive
Keep-Alive: timeout=600

18:13:36.068 [AsyncHttpClient-1-2] DEBUG org.asynchttpclient.netty.channel.ChannelManager - Adding key: http://0.0.0.0:4723 for channel [id: 0x5e8df1ca, L:/127.0.0.1:59751 - R:/127.0.0.1:4723]
18:13:36.073 [main] DEBUG net.thucydides.core.steps.StepInterceptor - STEP DONE: clickRegisterButton
]]></system-out>
  </testcase>
  <testcase name="user see error message duplicate email &quot;duplicate key value&quot;" classname="user tidak dapat register karena menggunakan email yang sudah terdaftar" time="0.373">
    <system-out><![CDATA[18:13:36.098 [main] DEBUG net.thucydides.core.steps.StepInterceptor - STARTING STEP: RegisterSteps.userSeeErrorMessageDuplicateEmail - getMessageGagal
18:13:36.103 [Forwarding findElement on session 8da20edd-df82-454f-b2b9-6070a7649807 to remote] DEBUG org.asynchttpclient.netty.request.NettyRequestSender - Using pooled Channel '[id: 0x5e8df1ca, L:/127.0.0.1:59751 - R:/127.0.0.1:4723]' for 'POST' to 'http://0.0.0.0:4723/wd/hub/session/8da20edd-df82-454f-b2b9-6070a7649807/element'
18:13:36.103 [Forwarding findElement on session 8da20edd-df82-454f-b2b9-6070a7649807 to remote] DEBUG org.asynchttpclient.netty.request.NettyRequestSender - Using open Channel [id: 0x5e8df1ca, L:/127.0.0.1:59751 - R:/127.0.0.1:4723] for POST '/wd/hub/session/8da20edd-df82-454f-b2b9-6070a7649807/element'
18:13:36.281 [AsyncHttpClient-1-2] DEBUG org.asynchttpclient.netty.handler.HttpHandler - 

Request DefaultHttpRequest(decodeResult: success, version: HTTP/1.1)
POST /wd/hub/session/8da20edd-df82-454f-b2b9-6070a7649807/element HTTP/1.1
User-Agent: appium/8.3.0 (selenium/4.8.1 (java windows))
Content-Length: 94
Content-Type: application/json; charset=utf-8
host: 0.0.0.0:4723
accept: */*

Response DefaultHttpResponse(decodeResult: success, version: HTTP/1.1)
HTTP/1.1 200 OK
X-Powered-By: Express
Vary: X-HTTP-Method-Override
Content-Type: application/json; charset=utf-8
Content-Length: 137
ETag: W/"89-4RCypfQSWYeCrMEALZvt+lgQ/CY"
Date: Sun, 07 May 2023 11:13:36 GMT
Connection: keep-alive
Keep-Alive: timeout=600

18:13:36.282 [AsyncHttpClient-1-2] DEBUG org.asynchttpclient.netty.channel.ChannelManager - Adding key: http://0.0.0.0:4723 for channel [id: 0x5e8df1ca, L:/127.0.0.1:59751 - R:/127.0.0.1:4723]
18:13:36.287 [Forwarding isElementDisplayed on session 8da20edd-df82-454f-b2b9-6070a7649807 to remote] DEBUG org.asynchttpclient.netty.request.NettyRequestSender - Using pooled Channel '[id: 0x5e8df1ca, L:/127.0.0.1:59751 - R:/127.0.0.1:4723]' for 'GET' to 'http://0.0.0.0:4723/wd/hub/session/8da20edd-df82-454f-b2b9-6070a7649807/element/00000000-0000-05dd-0000-003800000003/displayed'
18:13:36.287 [Forwarding isElementDisplayed on session 8da20edd-df82-454f-b2b9-6070a7649807 to remote] DEBUG org.asynchttpclient.netty.request.NettyRequestSender - Using open Channel [id: 0x5e8df1ca, L:/127.0.0.1:59751 - R:/127.0.0.1:4723] for GET '/wd/hub/session/8da20edd-df82-454f-b2b9-6070a7649807/element/00000000-0000-05dd-0000-003800000003/displayed'
18:13:36.358 [AsyncHttpClient-1-2] DEBUG org.asynchttpclient.netty.handler.HttpHandler - 

Request DefaultFullHttpRequest(decodeResult: success, version: HTTP/1.1, content: EmptyByteBufBE)
GET /wd/hub/session/8da20edd-df82-454f-b2b9-6070a7649807/element/00000000-0000-05dd-0000-003800000003/displayed HTTP/1.1
User-Agent: appium/8.3.0 (selenium/4.8.1 (java windows))
Cache-Control: no-cache
Content-Type: application/json; charset=utf-8
host: 0.0.0.0:4723
accept: */*

Response DefaultHttpResponse(decodeResult: success, version: HTTP/1.1)
HTTP/1.1 200 OK
X-Powered-By: Express
Content-Type: application/json; charset=utf-8
Content-Length: 14
ETag: W/"e-2ZHvAWebNQpyjGZTg6uyV8/spTo"
Date: Sun, 07 May 2023 11:13:36 GMT
Connection: keep-alive
Keep-Alive: timeout=600

18:13:36.362 [AsyncHttpClient-1-2] DEBUG org.asynchttpclient.netty.channel.ChannelManager - Adding key: http://0.0.0.0:4723 for channel [id: 0x5e8df1ca, L:/127.0.0.1:59751 - R:/127.0.0.1:4723]
18:13:36.392 [Forwarding getElementText on session 8da20edd-df82-454f-b2b9-6070a7649807 to remote] DEBUG org.asynchttpclient.netty.request.NettyRequestSender - Using pooled Channel '[id: 0x5e8df1ca, L:/127.0.0.1:59751 - R:/127.0.0.1:4723]' for 'GET' to 'http://0.0.0.0:4723/wd/hub/session/8da20edd-df82-454f-b2b9-6070a7649807/element/00000000-0000-05dd-0000-003800000003/text'
18:13:36.393 [Forwarding getElementText on session 8da20edd-df82-454f-b2b9-6070a7649807 to remote] DEBUG org.asynchttpclient.netty.request.NettyRequestSender - Using open Channel [id: 0x5e8df1ca, L:/127.0.0.1:59751 - R:/127.0.0.1:4723] for GET '/wd/hub/session/8da20edd-df82-454f-b2b9-6070a7649807/element/00000000-0000-05dd-0000-003800000003/text'
18:13:36.442 [AsyncHttpClient-1-2] DEBUG org.asynchttpclient.netty.handler.HttpHandler - 

Request DefaultFullHttpRequest(decodeResult: success, version: HTTP/1.1, content: EmptyByteBufBE)
GET /wd/hub/session/8da20edd-df82-454f-b2b9-6070a7649807/element/00000000-0000-05dd-0000-003800000003/text HTTP/1.1
User-Agent: appium/8.3.0 (selenium/4.8.1 (java windows))
Cache-Control: no-cache
Content-Type: application/json; charset=utf-8
host: 0.0.0.0:4723
accept: */*

Response DefaultHttpResponse(decodeResult: success, version: HTTP/1.1)
HTTP/1.1 200 OK
X-Powered-By: Express
Content-Type: application/json; charset=utf-8
Content-Length: 63
ETag: W/"3f-g3q+UQDMJdBWVU/pXGIq9/HSLdU"
Date: Sun, 07 May 2023 11:13:36 GMT
Connection: keep-alive
Keep-Alive: timeout=600

18:13:36.450 [AsyncHttpClient-1-2] DEBUG org.asynchttpclient.netty.channel.ChannelManager - Adding key: http://0.0.0.0:4723 for channel [id: 0x5e8df1ca, L:/127.0.0.1:59751 - R:/127.0.0.1:4723]
18:13:36.454 [main] DEBUG net.thucydides.core.steps.StepInterceptor - STEP DONE: getMessageGagal
]]></system-out>
  </testcase>
  <testcase name="user on homepage AltaShop for register feature" classname="user tidak dapat register karena tidak mengisi field nama lengkap" time="28.17">
    <system-out><![CDATA[18:13:36.508 [main] INFO  - 
  _____   ___   ___   _____     ___     _     ___   ___   ___   ___  
 |_   _| | __| / __| |_   _|   | _ \   /_\   / __| / __| | __| |   \ 
   | |   | _|  \__ \   | |     |  _/  / _ \  \__ \ \__ \ | _|  | |) |
   |_|   |___| |___/   |_|     |_|   /_/ \_\ |___/ |___/ |___| |___/ 

user tidak dapat register karena menggunakan email yang sudah terdaftar
----------------------------------------------------------------------
18:13:36.742 [main] DEBUG io.cucumber.core.plugin.SerenityReporter - Running feature from file:///C:/Users/HP/Downloads/Mini-Project-QA/ALTASHOP%20MOBILE%20AUTOMATION/src/test/resources/features/2.%20Register.feature
18:13:37.041 [main] INFO  - 
  _____   ___   ___   _____     ___   _____     _     ___   _____   ___   ___  
 |_   _| | __| / __| |_   _|   / __| |_   _|   /_\   | _ \ |_   _| | __| |   \ 
   | |   | _|  \__ \   | |     \__ \   | |    / _ \  |   /   | |   | _|  | |) |
   |_|   |___| |___/   |_|     |___/   |_|   /_/ \_\ |_|_\   |_|   |___| |___/ 

user tidak dapat register karena tidak mengisi field nama lengkap(register;user-tidak-dapat-register-karena-tidak-mengisi-field-nama-lengkap)
--------------------------------------------------------------------------------
18:13:37.082 [main] DEBUG net.thucydides.core.steps.StepInterceptor - STARTING STEP: RegisterSteps.userOnHomepageAltaShopForRegisterFeature - onHomepageAltaShop
18:13:37.108 [Forwarding newSession on session null to remote] DEBUG org.asynchttpclient.netty.request.NettyRequestSender - Using pooled Channel '[id: 0x5e8df1ca, L:/127.0.0.1:59751 - R:/127.0.0.1:4723]' for 'POST' to 'http://0.0.0.0:4723/wd/hub/session'
18:13:37.109 [Forwarding newSession on session null to remote] DEBUG org.asynchttpclient.netty.request.NettyRequestSender - Using open Channel [id: 0x5e8df1ca, L:/127.0.0.1:59751 - R:/127.0.0.1:4723] for POST '/wd/hub/session'
18:13:56.998 [AsyncHttpClient-1-2] DEBUG org.asynchttpclient.netty.handler.HttpHandler - 

Request DefaultHttpRequest(decodeResult: success, version: HTTP/1.1)
POST /wd/hub/session HTTP/1.1
X-Idempotency-Key: f689cc05-5423-43b3-bb19-da17bf045c1f
User-Agent: appium/8.3.0 (selenium/4.8.1 (java windows))
Content-Length: 335
Content-Type: application/json; charset=utf-8
host: 0.0.0.0:4723
accept: */*

Response DefaultHttpResponse(decodeResult: success, version: HTTP/1.1)
HTTP/1.1 200 OK
X-Powered-By: Express
Vary: X-HTTP-Method-Override
Content-Type: application/json; charset=utf-8
Content-Length: 988
ETag: W/"3dc-Bc44w3ngZa02ncGtBoc6lzTtywk"
Date: Sun, 07 May 2023 11:13:56 GMT
Connection: keep-alive
Keep-Alive: timeout=600

18:13:57.253 [AsyncHttpClient-1-2] DEBUG org.asynchttpclient.netty.channel.ChannelManager - Adding key: http://0.0.0.0:4723 for channel [id: 0x5e8df1ca, L:/127.0.0.1:59751 - R:/127.0.0.1:4723]
18:13:57.608 [AsyncHttpClient-1-1] DEBUG org.asynchttpclient.netty.channel.DefaultChannelPool - Entry count for : http://0.0.0.0:4723 : 1
18:13:58.562 [Forwarding setTimeout on session 2141dd67-54fd-4462-aadd-e7007d719b13 to remote] DEBUG org.asynchttpclient.netty.request.NettyRequestSender - Using pooled Channel '[id: 0x5e8df1ca, L:/127.0.0.1:59751 - R:/127.0.0.1:4723]' for 'POST' to 'http://0.0.0.0:4723/wd/hub/session/2141dd67-54fd-4462-aadd-e7007d719b13/timeouts'
18:13:58.564 [Forwarding setTimeout on session 2141dd67-54fd-4462-aadd-e7007d719b13 to remote] DEBUG org.asynchttpclient.netty.request.NettyRequestSender - Using open Channel [id: 0x5e8df1ca, L:/127.0.0.1:59751 - R:/127.0.0.1:4723] for POST '/wd/hub/session/2141dd67-54fd-4462-aadd-e7007d719b13/timeouts'
18:13:58.883 [AsyncHttpClient-1-2] DEBUG org.asynchttpclient.netty.handler.HttpHandler - 

Request DefaultHttpRequest(decodeResult: success, version: HTTP/1.1)
POST /wd/hub/session/2141dd67-54fd-4462-aadd-e7007d719b13/timeouts HTTP/1.1
User-Agent: appium/8.3.0 (selenium/4.8.1 (java windows))
Content-Length: 23
Content-Type: application/json; charset=utf-8
host: 0.0.0.0:4723
accept: */*

Response DefaultHttpResponse(decodeResult: success, version: HTTP/1.1)
HTTP/1.1 200 OK
X-Powered-By: Express
Vary: X-HTTP-Method-Override
Content-Type: application/json; charset=utf-8
Content-Length: 14
ETag: W/"e-9/1BuKMgFObM1mWJm+YjxtXJnUM"
Date: Sun, 07 May 2023 11:13:58 GMT
Connection: keep-alive
Keep-Alive: timeout=600

18:13:58.888 [AsyncHttpClient-1-2] DEBUG org.asynchttpclient.netty.channel.ChannelManager - Adding key: http://0.0.0.0:4723 for channel [id: 0x5e8df1ca, L:/127.0.0.1:59751 - R:/127.0.0.1:4723]
18:13:58.939 [Forwarding findElement on session 2141dd67-54fd-4462-aadd-e7007d719b13 to remote] DEBUG org.asynchttpclient.netty.request.NettyRequestSender - Using pooled Channel '[id: 0x5e8df1ca, L:/127.0.0.1:59751 - R:/127.0.0.1:4723]' for 'POST' to 'http://0.0.0.0:4723/wd/hub/session/2141dd67-54fd-4462-aadd-e7007d719b13/element'
18:13:58.943 [Forwarding findElement on session 2141dd67-54fd-4462-aadd-e7007d719b13 to remote] DEBUG org.asynchttpclient.netty.request.NettyRequestSender - Using open Channel [id: 0x5e8df1ca, L:/127.0.0.1:59751 - R:/127.0.0.1:4723] for POST '/wd/hub/session/2141dd67-54fd-4462-aadd-e7007d719b13/element'
18:14:04.873 [AsyncHttpClient-1-2] DEBUG org.asynchttpclient.netty.handler.HttpHandler - 

Request DefaultHttpRequest(decodeResult: success, version: HTTP/1.1)
POST /wd/hub/session/2141dd67-54fd-4462-aadd-e7007d719b13/element HTTP/1.1
User-Agent: appium/8.3.0 (selenium/4.8.1 (java windows))
Content-Length: 326
Content-Type: application/json; charset=utf-8
host: 0.0.0.0:4723
accept: */*

Response DefaultHttpResponse(decodeResult: success, version: HTTP/1.1)
HTTP/1.1 200 OK
X-Powered-By: Express
Vary: X-HTTP-Method-Override
Content-Type: application/json; charset=utf-8
Content-Length: 137
ETag: W/"89-HxjF5S+jJ331KUB5qlxHWBDIRuk"
Date: Sun, 07 May 2023 11:14:04 GMT
Connection: keep-alive
Keep-Alive: timeout=600

18:14:04.878 [AsyncHttpClient-1-2] DEBUG org.asynchttpclient.netty.channel.ChannelManager - Adding key: http://0.0.0.0:4723 for channel [id: 0x5e8df1ca, L:/127.0.0.1:59751 - R:/127.0.0.1:4723]
18:14:05.001 [Forwarding isElementDisplayed on session 2141dd67-54fd-4462-aadd-e7007d719b13 to remote] DEBUG org.asynchttpclient.netty.request.NettyRequestSender - Using pooled Channel '[id: 0x5e8df1ca, L:/127.0.0.1:59751 - R:/127.0.0.1:4723]' for 'GET' to 'http://0.0.0.0:4723/wd/hub/session/2141dd67-54fd-4462-aadd-e7007d719b13/element/00000000-0000-05eb-0000-000700000003/displayed'
18:14:05.001 [Forwarding isElementDisplayed on session 2141dd67-54fd-4462-aadd-e7007d719b13 to remote] DEBUG org.asynchttpclient.netty.request.NettyRequestSender - Using open Channel [id: 0x5e8df1ca, L:/127.0.0.1:59751 - R:/127.0.0.1:4723] for GET '/wd/hub/session/2141dd67-54fd-4462-aadd-e7007d719b13/element/00000000-0000-05eb-0000-000700000003/displayed'
18:14:05.027 [AsyncHttpClient-1-2] DEBUG org.asynchttpclient.netty.handler.HttpHandler - 

Request DefaultFullHttpRequest(decodeResult: success, version: HTTP/1.1, content: EmptyByteBufBE)
GET /wd/hub/session/2141dd67-54fd-4462-aadd-e7007d719b13/element/00000000-0000-05eb-0000-000700000003/displayed HTTP/1.1
User-Agent: appium/8.3.0 (selenium/4.8.1 (java windows))
Cache-Control: no-cache
Content-Type: application/json; charset=utf-8
host: 0.0.0.0:4723
accept: */*

Response DefaultHttpResponse(decodeResult: success, version: HTTP/1.1)
HTTP/1.1 200 OK
X-Powered-By: Express
Content-Type: application/json; charset=utf-8
Content-Length: 14
ETag: W/"e-2ZHvAWebNQpyjGZTg6uyV8/spTo"
Date: Sun, 07 May 2023 11:14:05 GMT
Connection: keep-alive
Keep-Alive: timeout=600

18:14:05.029 [AsyncHttpClient-1-2] DEBUG org.asynchttpclient.netty.channel.ChannelManager - Adding key: http://0.0.0.0:4723 for channel [id: 0x5e8df1ca, L:/127.0.0.1:59751 - R:/127.0.0.1:4723]
18:14:05.055 [Forwarding isElementDisplayed on session 2141dd67-54fd-4462-aadd-e7007d719b13 to remote] DEBUG org.asynchttpclient.netty.request.NettyRequestSender - Using pooled Channel '[id: 0x5e8df1ca, L:/127.0.0.1:59751 - R:/127.0.0.1:4723]' for 'GET' to 'http://0.0.0.0:4723/wd/hub/session/2141dd67-54fd-4462-aadd-e7007d719b13/element/00000000-0000-05eb-0000-000700000003/displayed'
18:14:05.055 [Forwarding isElementDisplayed on session 2141dd67-54fd-4462-aadd-e7007d719b13 to remote] DEBUG org.asynchttpclient.netty.request.NettyRequestSender - Using open Channel [id: 0x5e8df1ca, L:/127.0.0.1:59751 - R:/127.0.0.1:4723] for GET '/wd/hub/session/2141dd67-54fd-4462-aadd-e7007d719b13/element/00000000-0000-05eb-0000-000700000003/displayed'
18:14:05.080 [AsyncHttpClient-1-2] DEBUG org.asynchttpclient.netty.handler.HttpHandler - 

Request DefaultFullHttpRequest(decodeResult: success, version: HTTP/1.1, content: EmptyByteBufBE)
GET /wd/hub/session/2141dd67-54fd-4462-aadd-e7007d719b13/element/00000000-0000-05eb-0000-000700000003/displayed HTTP/1.1
User-Agent: appium/8.3.0 (selenium/4.8.1 (java windows))
Cache-Control: no-cache
Content-Type: application/json; charset=utf-8
host: 0.0.0.0:4723
accept: */*

Response DefaultHttpResponse(decodeResult: success, version: HTTP/1.1)
HTTP/1.1 200 OK
X-Powered-By: Express
Content-Type: application/json; charset=utf-8
Content-Length: 14
ETag: W/"e-2ZHvAWebNQpyjGZTg6uyV8/spTo"
Date: Sun, 07 May 2023 11:14:05 GMT
Connection: keep-alive
Keep-Alive: timeout=600

18:14:05.082 [AsyncHttpClient-1-2] DEBUG org.asynchttpclient.netty.channel.ChannelManager - Adding key: http://0.0.0.0:4723 for channel [id: 0x5e8df1ca, L:/127.0.0.1:59751 - R:/127.0.0.1:4723]
18:14:05.179 [main] DEBUG net.thucydides.core.steps.StepInterceptor - STEP DONE: onHomepageAltaShop
]]></system-out>
  </testcase>
  <testcase name="user click login button for register feature" classname="user tidak dapat register karena tidak mengisi field nama lengkap" time="0.932">
    <system-out><![CDATA[18:14:05.352 [main] DEBUG net.thucydides.core.steps.StepInterceptor - STARTING STEP: RegisterSteps.userClickLoginButtonForRegisterFeature - clickButtonLogin
18:14:05.367 [Forwarding findElement on session 2141dd67-54fd-4462-aadd-e7007d719b13 to remote] DEBUG org.asynchttpclient.netty.request.NettyRequestSender - Using pooled Channel '[id: 0x5e8df1ca, L:/127.0.0.1:59751 - R:/127.0.0.1:4723]' for 'POST' to 'http://0.0.0.0:4723/wd/hub/session/2141dd67-54fd-4462-aadd-e7007d719b13/element'
18:14:05.367 [Forwarding findElement on session 2141dd67-54fd-4462-aadd-e7007d719b13 to remote] DEBUG org.asynchttpclient.netty.request.NettyRequestSender - Using open Channel [id: 0x5e8df1ca, L:/127.0.0.1:59751 - R:/127.0.0.1:4723] for POST '/wd/hub/session/2141dd67-54fd-4462-aadd-e7007d719b13/element'
18:14:05.479 [AsyncHttpClient-1-2] DEBUG org.asynchttpclient.netty.handler.HttpHandler - 

Request DefaultHttpRequest(decodeResult: success, version: HTTP/1.1)
POST /wd/hub/session/2141dd67-54fd-4462-aadd-e7007d719b13/element HTTP/1.1
User-Agent: appium/8.3.0 (selenium/4.8.1 (java windows))
Content-Length: 326
Content-Type: application/json; charset=utf-8
host: 0.0.0.0:4723
accept: */*

Response DefaultHttpResponse(decodeResult: success, version: HTTP/1.1)
HTTP/1.1 200 OK
X-Powered-By: Express
Vary: X-HTTP-Method-Override
Content-Type: application/json; charset=utf-8
Content-Length: 137
ETag: W/"89-HxjF5S+jJ331KUB5qlxHWBDIRuk"
Date: Sun, 07 May 2023 11:14:05 GMT
Connection: keep-alive
Keep-Alive: timeout=600

18:14:05.483 [AsyncHttpClient-1-2] DEBUG org.asynchttpclient.netty.channel.ChannelManager - Adding key: http://0.0.0.0:4723 for channel [id: 0x5e8df1ca, L:/127.0.0.1:59751 - R:/127.0.0.1:4723]
18:14:05.488 [Forwarding isElementDisplayed on session 2141dd67-54fd-4462-aadd-e7007d719b13 to remote] DEBUG org.asynchttpclient.netty.request.NettyRequestSender - Using pooled Channel '[id: 0x5e8df1ca, L:/127.0.0.1:59751 - R:/127.0.0.1:4723]' for 'GET' to 'http://0.0.0.0:4723/wd/hub/session/2141dd67-54fd-4462-aadd-e7007d719b13/element/00000000-0000-05eb-0000-000700000003/displayed'
18:14:05.488 [Forwarding isElementDisplayed on session 2141dd67-54fd-4462-aadd-e7007d719b13 to remote] DEBUG org.asynchttpclient.netty.request.NettyRequestSender - Using open Channel [id: 0x5e8df1ca, L:/127.0.0.1:59751 - R:/127.0.0.1:4723] for GET '/wd/hub/session/2141dd67-54fd-4462-aadd-e7007d719b13/element/00000000-0000-05eb-0000-000700000003/displayed'
18:14:05.518 [AsyncHttpClient-1-2] DEBUG org.asynchttpclient.netty.handler.HttpHandler - 

Request DefaultFullHttpRequest(decodeResult: success, version: HTTP/1.1, content: EmptyByteBufBE)
GET /wd/hub/session/2141dd67-54fd-4462-aadd-e7007d719b13/element/00000000-0000-05eb-0000-000700000003/displayed HTTP/1.1
User-Agent: appium/8.3.0 (selenium/4.8.1 (java windows))
Cache-Control: no-cache
Content-Type: application/json; charset=utf-8
host: 0.0.0.0:4723
accept: */*

Response DefaultHttpResponse(decodeResult: success, version: HTTP/1.1)
HTTP/1.1 200 OK
X-Powered-By: Express
Content-Type: application/json; charset=utf-8
Content-Length: 14
ETag: W/"e-2ZHvAWebNQpyjGZTg6uyV8/spTo"
Date: Sun, 07 May 2023 11:14:05 GMT
Connection: keep-alive
Keep-Alive: timeout=600

18:14:05.519 [AsyncHttpClient-1-2] DEBUG org.asynchttpclient.netty.channel.ChannelManager - Adding key: http://0.0.0.0:4723 for channel [id: 0x5e8df1ca, L:/127.0.0.1:59751 - R:/127.0.0.1:4723]
18:14:05.524 [Forwarding isElementEnabled on session 2141dd67-54fd-4462-aadd-e7007d719b13 to remote] DEBUG org.asynchttpclient.netty.request.NettyRequestSender - Using pooled Channel '[id: 0x5e8df1ca, L:/127.0.0.1:59751 - R:/127.0.0.1:4723]' for 'GET' to 'http://0.0.0.0:4723/wd/hub/session/2141dd67-54fd-4462-aadd-e7007d719b13/element/00000000-0000-05eb-0000-000700000003/enabled'
18:14:05.524 [Forwarding isElementEnabled on session 2141dd67-54fd-4462-aadd-e7007d719b13 to remote] DEBUG org.asynchttpclient.netty.request.NettyRequestSender - Using open Channel [id: 0x5e8df1ca, L:/127.0.0.1:59751 - R:/127.0.0.1:4723] for GET '/wd/hub/session/2141dd67-54fd-4462-aadd-e7007d719b13/element/00000000-0000-05eb-0000-000700000003/enabled'
18:14:05.551 [AsyncHttpClient-1-2] DEBUG org.asynchttpclient.netty.handler.HttpHandler - 

Request DefaultFullHttpRequest(decodeResult: success, version: HTTP/1.1, content: EmptyByteBufBE)
GET /wd/hub/session/2141dd67-54fd-4462-aadd-e7007d719b13/element/00000000-0000-05eb-0000-000700000003/enabled HTTP/1.1
User-Agent: appium/8.3.0 (selenium/4.8.1 (java windows))
Cache-Control: no-cache
Content-Type: application/json; charset=utf-8
host: 0.0.0.0:4723
accept: */*

Response DefaultHttpResponse(decodeResult: success, version: HTTP/1.1)
HTTP/1.1 200 OK
X-Powered-By: Express
Content-Type: application/json; charset=utf-8
Content-Length: 14
ETag: W/"e-2ZHvAWebNQpyjGZTg6uyV8/spTo"
Date: Sun, 07 May 2023 11:14:05 GMT
Connection: keep-alive
Keep-Alive: timeout=600

18:14:05.552 [AsyncHttpClient-1-2] DEBUG org.asynchttpclient.netty.channel.ChannelManager - Adding key: http://0.0.0.0:4723 for channel [id: 0x5e8df1ca, L:/127.0.0.1:59751 - R:/127.0.0.1:4723]
18:14:05.559 [Forwarding clickElement on session 2141dd67-54fd-4462-aadd-e7007d719b13 to remote] DEBUG org.asynchttpclient.netty.request.NettyRequestSender - Using pooled Channel '[id: 0x5e8df1ca, L:/127.0.0.1:59751 - R:/127.0.0.1:4723]' for 'POST' to 'http://0.0.0.0:4723/wd/hub/session/2141dd67-54fd-4462-aadd-e7007d719b13/element/00000000-0000-05eb-0000-000700000003/click'
18:14:05.559 [Forwarding clickElement on session 2141dd67-54fd-4462-aadd-e7007d719b13 to remote] DEBUG org.asynchttpclient.netty.request.NettyRequestSender - Using open Channel [id: 0x5e8df1ca, L:/127.0.0.1:59751 - R:/127.0.0.1:4723] for POST '/wd/hub/session/2141dd67-54fd-4462-aadd-e7007d719b13/element/00000000-0000-05eb-0000-000700000003/click'
18:14:06.169 [AsyncHttpClient-1-2] DEBUG org.asynchttpclient.netty.handler.HttpHandler - 

Request DefaultHttpRequest(decodeResult: success, version: HTTP/1.1)
POST /wd/hub/session/2141dd67-54fd-4462-aadd-e7007d719b13/element/00000000-0000-05eb-0000-000700000003/click HTTP/1.1
User-Agent: appium/8.3.0 (selenium/4.8.1 (java windows))
Content-Length: 50
Content-Type: application/json; charset=utf-8
host: 0.0.0.0:4723
accept: */*

Response DefaultHttpResponse(decodeResult: success, version: HTTP/1.1)
HTTP/1.1 200 OK
X-Powered-By: Express
Vary: X-HTTP-Method-Override
Content-Type: application/json; charset=utf-8
Content-Length: 14
ETag: W/"e-9/1BuKMgFObM1mWJm+YjxtXJnUM"
Date: Sun, 07 May 2023 11:14:06 GMT
Connection: keep-alive
Keep-Alive: timeout=600

18:14:06.170 [AsyncHttpClient-1-2] DEBUG org.asynchttpclient.netty.channel.ChannelManager - Adding key: http://0.0.0.0:4723 for channel [id: 0x5e8df1ca, L:/127.0.0.1:59751 - R:/127.0.0.1:4723]
18:14:06.177 [main] DEBUG net.thucydides.core.steps.StepInterceptor - STEP DONE: clickButtonLogin
]]></system-out>
  </testcase>
  <testcase name="user click link register for register feature" classname="user tidak dapat register karena tidak mengisi field nama lengkap" time="1.251">
    <system-out><![CDATA[18:14:06.241 [main] DEBUG net.thucydides.core.steps.StepInterceptor - STARTING STEP: RegisterSteps.userClickLinkRegisterForRegisterFeature - clickLinkRegister
18:14:06.258 [Forwarding findElement on session 2141dd67-54fd-4462-aadd-e7007d719b13 to remote] DEBUG org.asynchttpclient.netty.request.NettyRequestSender - Using pooled Channel '[id: 0x5e8df1ca, L:/127.0.0.1:59751 - R:/127.0.0.1:4723]' for 'POST' to 'http://0.0.0.0:4723/wd/hub/session/2141dd67-54fd-4462-aadd-e7007d719b13/element'
18:14:06.258 [Forwarding findElement on session 2141dd67-54fd-4462-aadd-e7007d719b13 to remote] DEBUG org.asynchttpclient.netty.request.NettyRequestSender - Using open Channel [id: 0x5e8df1ca, L:/127.0.0.1:59751 - R:/127.0.0.1:4723] for POST '/wd/hub/session/2141dd67-54fd-4462-aadd-e7007d719b13/element'
18:14:06.379 [AsyncHttpClient-1-2] DEBUG org.asynchttpclient.netty.handler.HttpHandler - 

Request DefaultHttpRequest(decodeResult: success, version: HTTP/1.1)
POST /wd/hub/session/2141dd67-54fd-4462-aadd-e7007d719b13/element HTTP/1.1
User-Agent: appium/8.3.0 (selenium/4.8.1 (java windows))
Content-Length: 98
Content-Type: application/json; charset=utf-8
host: 0.0.0.0:4723
accept: */*

Response DefaultHttpResponse(decodeResult: success, version: HTTP/1.1)
HTTP/1.1 200 OK
X-Powered-By: Express
Vary: X-HTTP-Method-Override
Content-Type: application/json; charset=utf-8
Content-Length: 137
ETag: W/"89-yV2Pmr14tIxUB0rUq2+7Ti6Bsd8"
Date: Sun, 07 May 2023 11:14:06 GMT
Connection: keep-alive
Keep-Alive: timeout=600

18:14:06.381 [AsyncHttpClient-1-2] DEBUG org.asynchttpclient.netty.channel.ChannelManager - Adding key: http://0.0.0.0:4723 for channel [id: 0x5e8df1ca, L:/127.0.0.1:59751 - R:/127.0.0.1:4723]
18:14:06.394 [Forwarding isElementDisplayed on session 2141dd67-54fd-4462-aadd-e7007d719b13 to remote] DEBUG org.asynchttpclient.netty.request.NettyRequestSender - Using pooled Channel '[id: 0x5e8df1ca, L:/127.0.0.1:59751 - R:/127.0.0.1:4723]' for 'GET' to 'http://0.0.0.0:4723/wd/hub/session/2141dd67-54fd-4462-aadd-e7007d719b13/element/00000000-0000-05eb-0000-002b00000003/displayed'
18:14:06.395 [Forwarding isElementDisplayed on session 2141dd67-54fd-4462-aadd-e7007d719b13 to remote] DEBUG org.asynchttpclient.netty.request.NettyRequestSender - Using open Channel [id: 0x5e8df1ca, L:/127.0.0.1:59751 - R:/127.0.0.1:4723] for GET '/wd/hub/session/2141dd67-54fd-4462-aadd-e7007d719b13/element/00000000-0000-05eb-0000-002b00000003/displayed'
18:14:06.431 [AsyncHttpClient-1-2] DEBUG org.asynchttpclient.netty.handler.HttpHandler - 

Request DefaultFullHttpRequest(decodeResult: success, version: HTTP/1.1, content: EmptyByteBufBE)
GET /wd/hub/session/2141dd67-54fd-4462-aadd-e7007d719b13/element/00000000-0000-05eb-0000-002b00000003/displayed HTTP/1.1
User-Agent: appium/8.3.0 (selenium/4.8.1 (java windows))
Cache-Control: no-cache
Content-Type: application/json; charset=utf-8
host: 0.0.0.0:4723
accept: */*

Response DefaultHttpResponse(decodeResult: success, version: HTTP/1.1)
HTTP/1.1 200 OK
X-Powered-By: Express
Content-Type: application/json; charset=utf-8
Content-Length: 14
ETag: W/"e-2ZHvAWebNQpyjGZTg6uyV8/spTo"
Date: Sun, 07 May 2023 11:14:06 GMT
Connection: keep-alive
Keep-Alive: timeout=600

18:14:06.440 [AsyncHttpClient-1-2] DEBUG org.asynchttpclient.netty.channel.ChannelManager - Adding key: http://0.0.0.0:4723 for channel [id: 0x5e8df1ca, L:/127.0.0.1:59751 - R:/127.0.0.1:4723]
18:14:06.464 [Forwarding isElementEnabled on session 2141dd67-54fd-4462-aadd-e7007d719b13 to remote] DEBUG org.asynchttpclient.netty.request.NettyRequestSender - Using pooled Channel '[id: 0x5e8df1ca, L:/127.0.0.1:59751 - R:/127.0.0.1:4723]' for 'GET' to 'http://0.0.0.0:4723/wd/hub/session/2141dd67-54fd-4462-aadd-e7007d719b13/element/00000000-0000-05eb-0000-002b00000003/enabled'
18:14:06.479 [Forwarding isElementEnabled on session 2141dd67-54fd-4462-aadd-e7007d719b13 to remote] DEBUG org.asynchttpclient.netty.request.NettyRequestSender - Using open Channel [id: 0x5e8df1ca, L:/127.0.0.1:59751 - R:/127.0.0.1:4723] for GET '/wd/hub/session/2141dd67-54fd-4462-aadd-e7007d719b13/element/00000000-0000-05eb-0000-002b00000003/enabled'
18:14:06.524 [AsyncHttpClient-1-2] DEBUG org.asynchttpclient.netty.handler.HttpHandler - 

Request DefaultFullHttpRequest(decodeResult: success, version: HTTP/1.1, content: EmptyByteBufBE)
GET /wd/hub/session/2141dd67-54fd-4462-aadd-e7007d719b13/element/00000000-0000-05eb-0000-002b00000003/enabled HTTP/1.1
User-Agent: appium/8.3.0 (selenium/4.8.1 (java windows))
Cache-Control: no-cache
Content-Type: application/json; charset=utf-8
host: 0.0.0.0:4723
accept: */*

Response DefaultHttpResponse(decodeResult: success, version: HTTP/1.1)
HTTP/1.1 200 OK
X-Powered-By: Express
Content-Type: application/json; charset=utf-8
Content-Length: 14
ETag: W/"e-2ZHvAWebNQpyjGZTg6uyV8/spTo"
Date: Sun, 07 May 2023 11:14:06 GMT
Connection: keep-alive
Keep-Alive: timeout=600

18:14:06.535 [AsyncHttpClient-1-2] DEBUG org.asynchttpclient.netty.channel.ChannelManager - Adding key: http://0.0.0.0:4723 for channel [id: 0x5e8df1ca, L:/127.0.0.1:59751 - R:/127.0.0.1:4723]
18:14:06.555 [Forwarding clickElement on session 2141dd67-54fd-4462-aadd-e7007d719b13 to remote] DEBUG org.asynchttpclient.netty.request.NettyRequestSender - Using pooled Channel '[id: 0x5e8df1ca, L:/127.0.0.1:59751 - R:/127.0.0.1:4723]' for 'POST' to 'http://0.0.0.0:4723/wd/hub/session/2141dd67-54fd-4462-aadd-e7007d719b13/element/00000000-0000-05eb-0000-002b00000003/click'
18:14:06.556 [Forwarding clickElement on session 2141dd67-54fd-4462-aadd-e7007d719b13 to remote] DEBUG org.asynchttpclient.netty.request.NettyRequestSender - Using open Channel [id: 0x5e8df1ca, L:/127.0.0.1:59751 - R:/127.0.0.1:4723] for POST '/wd/hub/session/2141dd67-54fd-4462-aadd-e7007d719b13/element/00000000-0000-05eb-0000-002b00000003/click'
18:14:07.432 [AsyncHttpClient-1-2] DEBUG org.asynchttpclient.netty.handler.HttpHandler - 

Request DefaultHttpRequest(decodeResult: success, version: HTTP/1.1)
POST /wd/hub/session/2141dd67-54fd-4462-aadd-e7007d719b13/element/00000000-0000-05eb-0000-002b00000003/click HTTP/1.1
User-Agent: appium/8.3.0 (selenium/4.8.1 (java windows))
Content-Length: 50
Content-Type: application/json; charset=utf-8
host: 0.0.0.0:4723
accept: */*

Response DefaultHttpResponse(decodeResult: success, version: HTTP/1.1)
HTTP/1.1 200 OK
X-Powered-By: Express
Vary: X-HTTP-Method-Override
Content-Type: application/json; charset=utf-8
Content-Length: 14
ETag: W/"e-9/1BuKMgFObM1mWJm+YjxtXJnUM"
Date: Sun, 07 May 2023 11:14:07 GMT
Connection: keep-alive
Keep-Alive: timeout=600

18:14:07.438 [AsyncHttpClient-1-2] DEBUG org.asynchttpclient.netty.channel.ChannelManager - Adding key: http://0.0.0.0:4723 for channel [id: 0x5e8df1ca, L:/127.0.0.1:59751 - R:/127.0.0.1:4723]
18:14:07.441 [main] DEBUG net.thucydides.core.steps.StepInterceptor - STEP DONE: clickLinkRegister
]]></system-out>
  </testcase>
  <testcase name="user does not input fullname for register feature" classname="user tidak dapat register karena tidak mengisi field nama lengkap" time="1.565">
    <system-out><![CDATA[18:14:07.481 [main] DEBUG net.thucydides.core.steps.StepInterceptor - STARTING STEP: RegisterSteps.userDoesNotInputFullnameForRegisterFeature - inputFullname
18:14:07.486 [Forwarding findElement on session 2141dd67-54fd-4462-aadd-e7007d719b13 to remote] DEBUG org.asynchttpclient.netty.request.NettyRequestSender - Using pooled Channel '[id: 0x5e8df1ca, L:/127.0.0.1:59751 - R:/127.0.0.1:4723]' for 'POST' to 'http://0.0.0.0:4723/wd/hub/session/2141dd67-54fd-4462-aadd-e7007d719b13/element'
18:14:07.486 [Forwarding findElement on session 2141dd67-54fd-4462-aadd-e7007d719b13 to remote] DEBUG org.asynchttpclient.netty.request.NettyRequestSender - Using open Channel [id: 0x5e8df1ca, L:/127.0.0.1:59751 - R:/127.0.0.1:4723] for POST '/wd/hub/session/2141dd67-54fd-4462-aadd-e7007d719b13/element'
18:14:07.573 [AsyncHttpClient-1-2] DEBUG org.asynchttpclient.netty.handler.HttpHandler - 

Request DefaultHttpRequest(decodeResult: success, version: HTTP/1.1)
POST /wd/hub/session/2141dd67-54fd-4462-aadd-e7007d719b13/element HTTP/1.1
User-Agent: appium/8.3.0 (selenium/4.8.1 (java windows))
Content-Length: 305
Content-Type: application/json; charset=utf-8
host: 0.0.0.0:4723
accept: */*

Response DefaultHttpResponse(decodeResult: success, version: HTTP/1.1)
HTTP/1.1 200 OK
X-Powered-By: Express
Vary: X-HTTP-Method-Override
Content-Type: application/json; charset=utf-8
Content-Length: 137
ETag: W/"89-wubqdyHgWQbK/DVXTbSSzreXk10"
Date: Sun, 07 May 2023 11:14:07 GMT
Connection: keep-alive
Keep-Alive: timeout=600

18:14:07.576 [AsyncHttpClient-1-2] DEBUG org.asynchttpclient.netty.channel.ChannelManager - Adding key: http://0.0.0.0:4723 for channel [id: 0x5e8df1ca, L:/127.0.0.1:59751 - R:/127.0.0.1:4723]
18:14:07.579 [Forwarding isElementDisplayed on session 2141dd67-54fd-4462-aadd-e7007d719b13 to remote] DEBUG org.asynchttpclient.netty.request.NettyRequestSender - Using pooled Channel '[id: 0x5e8df1ca, L:/127.0.0.1:59751 - R:/127.0.0.1:4723]' for 'GET' to 'http://0.0.0.0:4723/wd/hub/session/2141dd67-54fd-4462-aadd-e7007d719b13/element/00000000-0000-05eb-0000-003100000003/displayed'
18:14:07.580 [Forwarding isElementDisplayed on session 2141dd67-54fd-4462-aadd-e7007d719b13 to remote] DEBUG org.asynchttpclient.netty.request.NettyRequestSender - Using open Channel [id: 0x5e8df1ca, L:/127.0.0.1:59751 - R:/127.0.0.1:4723] for GET '/wd/hub/session/2141dd67-54fd-4462-aadd-e7007d719b13/element/00000000-0000-05eb-0000-003100000003/displayed'
18:14:07.607 [AsyncHttpClient-1-2] DEBUG org.asynchttpclient.netty.handler.HttpHandler - 

Request DefaultFullHttpRequest(decodeResult: success, version: HTTP/1.1, content: EmptyByteBufBE)
GET /wd/hub/session/2141dd67-54fd-4462-aadd-e7007d719b13/element/00000000-0000-05eb-0000-003100000003/displayed HTTP/1.1
User-Agent: appium/8.3.0 (selenium/4.8.1 (java windows))
Cache-Control: no-cache
Content-Type: application/json; charset=utf-8
host: 0.0.0.0:4723
accept: */*

Response DefaultHttpResponse(decodeResult: success, version: HTTP/1.1)
HTTP/1.1 200 OK
X-Powered-By: Express
Content-Type: application/json; charset=utf-8
Content-Length: 14
ETag: W/"e-2ZHvAWebNQpyjGZTg6uyV8/spTo"
Date: Sun, 07 May 2023 11:14:07 GMT
Connection: keep-alive
Keep-Alive: timeout=600

18:14:07.609 [AsyncHttpClient-1-2] DEBUG org.asynchttpclient.netty.channel.ChannelManager - Adding key: http://0.0.0.0:4723 for channel [id: 0x5e8df1ca, L:/127.0.0.1:59751 - R:/127.0.0.1:4723]
18:14:07.611 [Forwarding isElementEnabled on session 2141dd67-54fd-4462-aadd-e7007d719b13 to remote] DEBUG org.asynchttpclient.netty.request.NettyRequestSender - Using pooled Channel '[id: 0x5e8df1ca, L:/127.0.0.1:59751 - R:/127.0.0.1:4723]' for 'GET' to 'http://0.0.0.0:4723/wd/hub/session/2141dd67-54fd-4462-aadd-e7007d719b13/element/00000000-0000-05eb-0000-003100000003/enabled'
18:14:07.612 [Forwarding isElementEnabled on session 2141dd67-54fd-4462-aadd-e7007d719b13 to remote] DEBUG org.asynchttpclient.netty.request.NettyRequestSender - Using open Channel [id: 0x5e8df1ca, L:/127.0.0.1:59751 - R:/127.0.0.1:4723] for GET '/wd/hub/session/2141dd67-54fd-4462-aadd-e7007d719b13/element/00000000-0000-05eb-0000-003100000003/enabled'
18:14:07.634 [AsyncHttpClient-1-2] DEBUG org.asynchttpclient.netty.handler.HttpHandler - 

Request DefaultFullHttpRequest(decodeResult: success, version: HTTP/1.1, content: EmptyByteBufBE)
GET /wd/hub/session/2141dd67-54fd-4462-aadd-e7007d719b13/element/00000000-0000-05eb-0000-003100000003/enabled HTTP/1.1
User-Agent: appium/8.3.0 (selenium/4.8.1 (java windows))
Cache-Control: no-cache
Content-Type: application/json; charset=utf-8
host: 0.0.0.0:4723
accept: */*

Response DefaultHttpResponse(decodeResult: success, version: HTTP/1.1)
HTTP/1.1 200 OK
X-Powered-By: Express
Content-Type: application/json; charset=utf-8
Content-Length: 14
ETag: W/"e-2ZHvAWebNQpyjGZTg6uyV8/spTo"
Date: Sun, 07 May 2023 11:14:07 GMT
Connection: keep-alive
Keep-Alive: timeout=600

18:14:07.637 [AsyncHttpClient-1-2] DEBUG org.asynchttpclient.netty.channel.ChannelManager - Adding key: http://0.0.0.0:4723 for channel [id: 0x5e8df1ca, L:/127.0.0.1:59751 - R:/127.0.0.1:4723]
18:14:07.642 [Forwarding clickElement on session 2141dd67-54fd-4462-aadd-e7007d719b13 to remote] DEBUG org.asynchttpclient.netty.request.NettyRequestSender - Using pooled Channel '[id: 0x5e8df1ca, L:/127.0.0.1:59751 - R:/127.0.0.1:4723]' for 'POST' to 'http://0.0.0.0:4723/wd/hub/session/2141dd67-54fd-4462-aadd-e7007d719b13/element/00000000-0000-05eb-0000-003100000003/click'
18:14:07.642 [Forwarding clickElement on session 2141dd67-54fd-4462-aadd-e7007d719b13 to remote] DEBUG org.asynchttpclient.netty.request.NettyRequestSender - Using open Channel [id: 0x5e8df1ca, L:/127.0.0.1:59751 - R:/127.0.0.1:4723] for POST '/wd/hub/session/2141dd67-54fd-4462-aadd-e7007d719b13/element/00000000-0000-05eb-0000-003100000003/click'
18:14:07.721 [AsyncHttpClient-1-2] DEBUG org.asynchttpclient.netty.handler.HttpHandler - 

Request DefaultHttpRequest(decodeResult: success, version: HTTP/1.1)
POST /wd/hub/session/2141dd67-54fd-4462-aadd-e7007d719b13/element/00000000-0000-05eb-0000-003100000003/click HTTP/1.1
User-Agent: appium/8.3.0 (selenium/4.8.1 (java windows))
Content-Length: 50
Content-Type: application/json; charset=utf-8
host: 0.0.0.0:4723
accept: */*

Response DefaultHttpResponse(decodeResult: success, version: HTTP/1.1)
HTTP/1.1 200 OK
X-Powered-By: Express
Vary: X-HTTP-Method-Override
Content-Type: application/json; charset=utf-8
Content-Length: 14
ETag: W/"e-9/1BuKMgFObM1mWJm+YjxtXJnUM"
Date: Sun, 07 May 2023 11:14:07 GMT
Connection: keep-alive
Keep-Alive: timeout=600

18:14:07.724 [AsyncHttpClient-1-2] DEBUG org.asynchttpclient.netty.channel.ChannelManager - Adding key: http://0.0.0.0:4723 for channel [id: 0x5e8df1ca, L:/127.0.0.1:59751 - R:/127.0.0.1:4723]
18:14:07.743 [Forwarding findElement on session 2141dd67-54fd-4462-aadd-e7007d719b13 to remote] DEBUG org.asynchttpclient.netty.request.NettyRequestSender - Using pooled Channel '[id: 0x5e8df1ca, L:/127.0.0.1:59751 - R:/127.0.0.1:4723]' for 'POST' to 'http://0.0.0.0:4723/wd/hub/session/2141dd67-54fd-4462-aadd-e7007d719b13/element'
18:14:07.743 [Forwarding findElement on session 2141dd67-54fd-4462-aadd-e7007d719b13 to remote] DEBUG org.asynchttpclient.netty.request.NettyRequestSender - Using open Channel [id: 0x5e8df1ca, L:/127.0.0.1:59751 - R:/127.0.0.1:4723] for POST '/wd/hub/session/2141dd67-54fd-4462-aadd-e7007d719b13/element'
18:14:08.917 [AsyncHttpClient-1-2] DEBUG org.asynchttpclient.netty.handler.HttpHandler - 

Request DefaultHttpRequest(decodeResult: success, version: HTTP/1.1)
POST /wd/hub/session/2141dd67-54fd-4462-aadd-e7007d719b13/element HTTP/1.1
User-Agent: appium/8.3.0 (selenium/4.8.1 (java windows))
Content-Length: 305
Content-Type: application/json; charset=utf-8
host: 0.0.0.0:4723
accept: */*

Response DefaultHttpResponse(decodeResult: success, version: HTTP/1.1)
HTTP/1.1 200 OK
X-Powered-By: Express
Vary: X-HTTP-Method-Override
Content-Type: application/json; charset=utf-8
Content-Length: 137
ETag: W/"89-wubqdyHgWQbK/DVXTbSSzreXk10"
Date: Sun, 07 May 2023 11:14:08 GMT
Connection: keep-alive
Keep-Alive: timeout=600

18:14:08.918 [AsyncHttpClient-1-2] DEBUG org.asynchttpclient.netty.channel.ChannelManager - Adding key: http://0.0.0.0:4723 for channel [id: 0x5e8df1ca, L:/127.0.0.1:59751 - R:/127.0.0.1:4723]
18:14:08.923 [Forwarding sendKeysToElement on session 2141dd67-54fd-4462-aadd-e7007d719b13 to remote] DEBUG org.asynchttpclient.netty.request.NettyRequestSender - Using pooled Channel '[id: 0x5e8df1ca, L:/127.0.0.1:59751 - R:/127.0.0.1:4723]' for 'POST' to 'http://0.0.0.0:4723/wd/hub/session/2141dd67-54fd-4462-aadd-e7007d719b13/element/00000000-0000-05eb-0000-003100000003/value'
18:14:08.923 [Forwarding sendKeysToElement on session 2141dd67-54fd-4462-aadd-e7007d719b13 to remote] DEBUG org.asynchttpclient.netty.request.NettyRequestSender - Using open Channel [id: 0x5e8df1ca, L:/127.0.0.1:59751 - R:/127.0.0.1:4723] for POST '/wd/hub/session/2141dd67-54fd-4462-aadd-e7007d719b13/element/00000000-0000-05eb-0000-003100000003/value'
18:14:09.009 [AsyncHttpClient-1-2] DEBUG org.asynchttpclient.netty.handler.HttpHandler - 

Request DefaultHttpRequest(decodeResult: success, version: HTTP/1.1)
POST /wd/hub/session/2141dd67-54fd-4462-aadd-e7007d719b13/element/00000000-0000-05eb-0000-003100000003/value HTTP/1.1
User-Agent: appium/8.3.0 (selenium/4.8.1 (java windows))
Content-Length: 82
Content-Type: application/json; charset=utf-8
host: 0.0.0.0:4723
accept: */*

Response DefaultHttpResponse(decodeResult: success, version: HTTP/1.1)
HTTP/1.1 200 OK
X-Powered-By: Express
Vary: X-HTTP-Method-Override
Content-Type: application/json; charset=utf-8
Content-Length: 14
ETag: W/"e-9/1BuKMgFObM1mWJm+YjxtXJnUM"
Date: Sun, 07 May 2023 11:14:08 GMT
Connection: keep-alive
Keep-Alive: timeout=600

18:14:09.010 [AsyncHttpClient-1-2] DEBUG org.asynchttpclient.netty.channel.ChannelManager - Adding key: http://0.0.0.0:4723 for channel [id: 0x5e8df1ca, L:/127.0.0.1:59751 - R:/127.0.0.1:4723]
18:14:09.014 [main] DEBUG net.thucydides.core.steps.StepInterceptor - STEP DONE: inputFullname
]]></system-out>
  </testcase>
  <testcase name="user input email for register feature" classname="user tidak dapat register karena tidak mengisi field nama lengkap" time="1.649">
    <system-out><![CDATA[18:14:09.051 [main] DEBUG net.thucydides.core.steps.StepInterceptor - STARTING STEP: RegisterSteps.userInputEmailForRegisterFeature - inputEmail
18:14:09.070 [Forwarding findElement on session 2141dd67-54fd-4462-aadd-e7007d719b13 to remote] DEBUG org.asynchttpclient.netty.request.NettyRequestSender - Using pooled Channel '[id: 0x5e8df1ca, L:/127.0.0.1:59751 - R:/127.0.0.1:4723]' for 'POST' to 'http://0.0.0.0:4723/wd/hub/session/2141dd67-54fd-4462-aadd-e7007d719b13/element'
18:14:09.071 [Forwarding findElement on session 2141dd67-54fd-4462-aadd-e7007d719b13 to remote] DEBUG org.asynchttpclient.netty.request.NettyRequestSender - Using open Channel [id: 0x5e8df1ca, L:/127.0.0.1:59751 - R:/127.0.0.1:4723] for POST '/wd/hub/session/2141dd67-54fd-4462-aadd-e7007d719b13/element'
18:14:09.678 [AsyncHttpClient-1-2] DEBUG org.asynchttpclient.netty.handler.HttpHandler - 

Request DefaultHttpRequest(decodeResult: success, version: HTTP/1.1)
POST /wd/hub/session/2141dd67-54fd-4462-aadd-e7007d719b13/element HTTP/1.1
User-Agent: appium/8.3.0 (selenium/4.8.1 (java windows))
Content-Length: 305
Content-Type: application/json; charset=utf-8
host: 0.0.0.0:4723
accept: */*

Response DefaultHttpResponse(decodeResult: success, version: HTTP/1.1)
HTTP/1.1 200 OK
X-Powered-By: Express
Vary: X-HTTP-Method-Override
Content-Type: application/json; charset=utf-8
Content-Length: 137
ETag: W/"89-eAhX0NjGeyjyFLQDjSvLIg9Va3k"
Date: Sun, 07 May 2023 11:14:09 GMT
Connection: keep-alive
Keep-Alive: timeout=600

18:14:09.680 [AsyncHttpClient-1-2] DEBUG org.asynchttpclient.netty.channel.ChannelManager - Adding key: http://0.0.0.0:4723 for channel [id: 0x5e8df1ca, L:/127.0.0.1:59751 - R:/127.0.0.1:4723]
18:14:09.684 [Forwarding isElementDisplayed on session 2141dd67-54fd-4462-aadd-e7007d719b13 to remote] DEBUG org.asynchttpclient.netty.request.NettyRequestSender - Using pooled Channel '[id: 0x5e8df1ca, L:/127.0.0.1:59751 - R:/127.0.0.1:4723]' for 'GET' to 'http://0.0.0.0:4723/wd/hub/session/2141dd67-54fd-4462-aadd-e7007d719b13/element/00000000-0000-05eb-0000-003200000003/displayed'
18:14:09.685 [Forwarding isElementDisplayed on session 2141dd67-54fd-4462-aadd-e7007d719b13 to remote] DEBUG org.asynchttpclient.netty.request.NettyRequestSender - Using open Channel [id: 0x5e8df1ca, L:/127.0.0.1:59751 - R:/127.0.0.1:4723] for GET '/wd/hub/session/2141dd67-54fd-4462-aadd-e7007d719b13/element/00000000-0000-05eb-0000-003200000003/displayed'
18:14:09.729 [AsyncHttpClient-1-2] DEBUG org.asynchttpclient.netty.handler.HttpHandler - 

Request DefaultFullHttpRequest(decodeResult: success, version: HTTP/1.1, content: EmptyByteBufBE)
GET /wd/hub/session/2141dd67-54fd-4462-aadd-e7007d719b13/element/00000000-0000-05eb-0000-003200000003/displayed HTTP/1.1
User-Agent: appium/8.3.0 (selenium/4.8.1 (java windows))
Cache-Control: no-cache
Content-Type: application/json; charset=utf-8
host: 0.0.0.0:4723
accept: */*

Response DefaultHttpResponse(decodeResult: success, version: HTTP/1.1)
HTTP/1.1 200 OK
X-Powered-By: Express
Content-Type: application/json; charset=utf-8
Content-Length: 14
ETag: W/"e-2ZHvAWebNQpyjGZTg6uyV8/spTo"
Date: Sun, 07 May 2023 11:14:09 GMT
Connection: keep-alive
Keep-Alive: timeout=600

18:14:09.730 [AsyncHttpClient-1-2] DEBUG org.asynchttpclient.netty.channel.ChannelManager - Adding key: http://0.0.0.0:4723 for channel [id: 0x5e8df1ca, L:/127.0.0.1:59751 - R:/127.0.0.1:4723]
18:14:09.734 [Forwarding isElementEnabled on session 2141dd67-54fd-4462-aadd-e7007d719b13 to remote] DEBUG org.asynchttpclient.netty.request.NettyRequestSender - Using pooled Channel '[id: 0x5e8df1ca, L:/127.0.0.1:59751 - R:/127.0.0.1:4723]' for 'GET' to 'http://0.0.0.0:4723/wd/hub/session/2141dd67-54fd-4462-aadd-e7007d719b13/element/00000000-0000-05eb-0000-003200000003/enabled'
18:14:09.735 [Forwarding isElementEnabled on session 2141dd67-54fd-4462-aadd-e7007d719b13 to remote] DEBUG org.asynchttpclient.netty.request.NettyRequestSender - Using open Channel [id: 0x5e8df1ca, L:/127.0.0.1:59751 - R:/127.0.0.1:4723] for GET '/wd/hub/session/2141dd67-54fd-4462-aadd-e7007d719b13/element/00000000-0000-05eb-0000-003200000003/enabled'
18:14:09.766 [AsyncHttpClient-1-2] DEBUG org.asynchttpclient.netty.handler.HttpHandler - 

Request DefaultFullHttpRequest(decodeResult: success, version: HTTP/1.1, content: EmptyByteBufBE)
GET /wd/hub/session/2141dd67-54fd-4462-aadd-e7007d719b13/element/00000000-0000-05eb-0000-003200000003/enabled HTTP/1.1
User-Agent: appium/8.3.0 (selenium/4.8.1 (java windows))
Cache-Control: no-cache
Content-Type: application/json; charset=utf-8
host: 0.0.0.0:4723
accept: */*

Response DefaultHttpResponse(decodeResult: success, version: HTTP/1.1)
HTTP/1.1 200 OK
X-Powered-By: Express
Content-Type: application/json; charset=utf-8
Content-Length: 14
ETag: W/"e-2ZHvAWebNQpyjGZTg6uyV8/spTo"
Date: Sun, 07 May 2023 11:14:09 GMT
Connection: keep-alive
Keep-Alive: timeout=600

18:14:09.768 [AsyncHttpClient-1-2] DEBUG org.asynchttpclient.netty.channel.ChannelManager - Adding key: http://0.0.0.0:4723 for channel [id: 0x5e8df1ca, L:/127.0.0.1:59751 - R:/127.0.0.1:4723]
18:14:09.773 [Forwarding clickElement on session 2141dd67-54fd-4462-aadd-e7007d719b13 to remote] DEBUG org.asynchttpclient.netty.request.NettyRequestSender - Using pooled Channel '[id: 0x5e8df1ca, L:/127.0.0.1:59751 - R:/127.0.0.1:4723]' for 'POST' to 'http://0.0.0.0:4723/wd/hub/session/2141dd67-54fd-4462-aadd-e7007d719b13/element/00000000-0000-05eb-0000-003200000003/click'
18:14:09.773 [Forwarding clickElement on session 2141dd67-54fd-4462-aadd-e7007d719b13 to remote] DEBUG org.asynchttpclient.netty.request.NettyRequestSender - Using open Channel [id: 0x5e8df1ca, L:/127.0.0.1:59751 - R:/127.0.0.1:4723] for POST '/wd/hub/session/2141dd67-54fd-4462-aadd-e7007d719b13/element/00000000-0000-05eb-0000-003200000003/click'
18:14:10.550 [AsyncHttpClient-1-2] DEBUG org.asynchttpclient.netty.handler.HttpHandler - 

Request DefaultHttpRequest(decodeResult: success, version: HTTP/1.1)
POST /wd/hub/session/2141dd67-54fd-4462-aadd-e7007d719b13/element/00000000-0000-05eb-0000-003200000003/click HTTP/1.1
User-Agent: appium/8.3.0 (selenium/4.8.1 (java windows))
Content-Length: 50
Content-Type: application/json; charset=utf-8
host: 0.0.0.0:4723
accept: */*

Response DefaultHttpResponse(decodeResult: success, version: HTTP/1.1)
HTTP/1.1 200 OK
X-Powered-By: Express
Vary: X-HTTP-Method-Override
Content-Type: application/json; charset=utf-8
Content-Length: 14
ETag: W/"e-9/1BuKMgFObM1mWJm+YjxtXJnUM"
Date: Sun, 07 May 2023 11:14:10 GMT
Connection: keep-alive
Keep-Alive: timeout=600

18:14:10.551 [AsyncHttpClient-1-2] DEBUG org.asynchttpclient.netty.channel.ChannelManager - Adding key: http://0.0.0.0:4723 for channel [id: 0x5e8df1ca, L:/127.0.0.1:59751 - R:/127.0.0.1:4723]
18:14:10.557 [Forwarding findElement on session 2141dd67-54fd-4462-aadd-e7007d719b13 to remote] DEBUG org.asynchttpclient.netty.request.NettyRequestSender - Using pooled Channel '[id: 0x5e8df1ca, L:/127.0.0.1:59751 - R:/127.0.0.1:4723]' for 'POST' to 'http://0.0.0.0:4723/wd/hub/session/2141dd67-54fd-4462-aadd-e7007d719b13/element'
18:14:10.557 [Forwarding findElement on session 2141dd67-54fd-4462-aadd-e7007d719b13 to remote] DEBUG org.asynchttpclient.netty.request.NettyRequestSender - Using open Channel [id: 0x5e8df1ca, L:/127.0.0.1:59751 - R:/127.0.0.1:4723] for POST '/wd/hub/session/2141dd67-54fd-4462-aadd-e7007d719b13/element'
18:14:10.600 [AsyncHttpClient-1-2] DEBUG org.asynchttpclient.netty.handler.HttpHandler - 

Request DefaultHttpRequest(decodeResult: success, version: HTTP/1.1)
POST /wd/hub/session/2141dd67-54fd-4462-aadd-e7007d719b13/element HTTP/1.1
User-Agent: appium/8.3.0 (selenium/4.8.1 (java windows))
Content-Length: 305
Content-Type: application/json; charset=utf-8
host: 0.0.0.0:4723
accept: */*

Response DefaultHttpResponse(decodeResult: success, version: HTTP/1.1)
HTTP/1.1 200 OK
X-Powered-By: Express
Vary: X-HTTP-Method-Override
Content-Type: application/json; charset=utf-8
Content-Length: 137
ETag: W/"89-eAhX0NjGeyjyFLQDjSvLIg9Va3k"
Date: Sun, 07 May 2023 11:14:10 GMT
Connection: keep-alive
Keep-Alive: timeout=600

18:14:10.601 [AsyncHttpClient-1-2] DEBUG org.asynchttpclient.netty.channel.ChannelManager - Adding key: http://0.0.0.0:4723 for channel [id: 0x5e8df1ca, L:/127.0.0.1:59751 - R:/127.0.0.1:4723]
18:14:10.607 [Forwarding sendKeysToElement on session 2141dd67-54fd-4462-aadd-e7007d719b13 to remote] DEBUG org.asynchttpclient.netty.request.NettyRequestSender - Using pooled Channel '[id: 0x5e8df1ca, L:/127.0.0.1:59751 - R:/127.0.0.1:4723]' for 'POST' to 'http://0.0.0.0:4723/wd/hub/session/2141dd67-54fd-4462-aadd-e7007d719b13/element/00000000-0000-05eb-0000-003200000003/value'
18:14:10.607 [Forwarding sendKeysToElement on session 2141dd67-54fd-4462-aadd-e7007d719b13 to remote] DEBUG org.asynchttpclient.netty.request.NettyRequestSender - Using open Channel [id: 0x5e8df1ca, L:/127.0.0.1:59751 - R:/127.0.0.1:4723] for POST '/wd/hub/session/2141dd67-54fd-4462-aadd-e7007d719b13/element/00000000-0000-05eb-0000-003200000003/value'
18:14:10.671 [AsyncHttpClient-1-2] DEBUG org.asynchttpclient.netty.handler.HttpHandler - 

Request DefaultHttpRequest(decodeResult: success, version: HTTP/1.1)
POST /wd/hub/session/2141dd67-54fd-4462-aadd-e7007d719b13/element/00000000-0000-05eb-0000-003200000003/value HTTP/1.1
User-Agent: appium/8.3.0 (selenium/4.8.1 (java windows))
Content-Length: 231
Content-Type: application/json; charset=utf-8
host: 0.0.0.0:4723
accept: */*

Response DefaultHttpResponse(decodeResult: success, version: HTTP/1.1)
HTTP/1.1 200 OK
X-Powered-By: Express
Vary: X-HTTP-Method-Override
Content-Type: application/json; charset=utf-8
Content-Length: 14
ETag: W/"e-9/1BuKMgFObM1mWJm+YjxtXJnUM"
Date: Sun, 07 May 2023 11:14:10 GMT
Connection: keep-alive
Keep-Alive: timeout=600

18:14:10.673 [AsyncHttpClient-1-2] DEBUG org.asynchttpclient.netty.channel.ChannelManager - Adding key: http://0.0.0.0:4723 for channel [id: 0x5e8df1ca, L:/127.0.0.1:59751 - R:/127.0.0.1:4723]
18:14:10.676 [main] DEBUG net.thucydides.core.steps.StepInterceptor - STEP DONE: inputEmail
]]></system-out>
  </testcase>
  <testcase name="user input password for register feature" classname="user tidak dapat register karena tidak mengisi field nama lengkap" time="1.402">
    <system-out><![CDATA[18:14:10.728 [main] DEBUG net.thucydides.core.steps.StepInterceptor - STARTING STEP: RegisterSteps.userInputPasswordForRegisterFeature - inputPassword
18:14:10.743 [Forwarding findElement on session 2141dd67-54fd-4462-aadd-e7007d719b13 to remote] DEBUG org.asynchttpclient.netty.request.NettyRequestSender - Using pooled Channel '[id: 0x5e8df1ca, L:/127.0.0.1:59751 - R:/127.0.0.1:4723]' for 'POST' to 'http://0.0.0.0:4723/wd/hub/session/2141dd67-54fd-4462-aadd-e7007d719b13/element'
18:14:10.743 [Forwarding findElement on session 2141dd67-54fd-4462-aadd-e7007d719b13 to remote] DEBUG org.asynchttpclient.netty.request.NettyRequestSender - Using open Channel [id: 0x5e8df1ca, L:/127.0.0.1:59751 - R:/127.0.0.1:4723] for POST '/wd/hub/session/2141dd67-54fd-4462-aadd-e7007d719b13/element'
18:14:11.234 [AsyncHttpClient-1-2] DEBUG org.asynchttpclient.netty.handler.HttpHandler - 

Request DefaultHttpRequest(decodeResult: success, version: HTTP/1.1)
POST /wd/hub/session/2141dd67-54fd-4462-aadd-e7007d719b13/element HTTP/1.1
User-Agent: appium/8.3.0 (selenium/4.8.1 (java windows))
Content-Length: 305
Content-Type: application/json; charset=utf-8
host: 0.0.0.0:4723
accept: */*

Response DefaultHttpResponse(decodeResult: success, version: HTTP/1.1)
HTTP/1.1 200 OK
X-Powered-By: Express
Vary: X-HTTP-Method-Override
Content-Type: application/json; charset=utf-8
Content-Length: 137
ETag: W/"89-IyvFaubvElhSiWhevbiKPPYqDrw"
Date: Sun, 07 May 2023 11:14:11 GMT
Connection: keep-alive
Keep-Alive: timeout=600

18:14:11.236 [AsyncHttpClient-1-2] DEBUG org.asynchttpclient.netty.channel.ChannelManager - Adding key: http://0.0.0.0:4723 for channel [id: 0x5e8df1ca, L:/127.0.0.1:59751 - R:/127.0.0.1:4723]
18:14:11.238 [Forwarding isElementDisplayed on session 2141dd67-54fd-4462-aadd-e7007d719b13 to remote] DEBUG org.asynchttpclient.netty.request.NettyRequestSender - Using pooled Channel '[id: 0x5e8df1ca, L:/127.0.0.1:59751 - R:/127.0.0.1:4723]' for 'GET' to 'http://0.0.0.0:4723/wd/hub/session/2141dd67-54fd-4462-aadd-e7007d719b13/element/00000000-0000-05eb-0000-003300000003/displayed'
18:14:11.238 [Forwarding isElementDisplayed on session 2141dd67-54fd-4462-aadd-e7007d719b13 to remote] DEBUG org.asynchttpclient.netty.request.NettyRequestSender - Using open Channel [id: 0x5e8df1ca, L:/127.0.0.1:59751 - R:/127.0.0.1:4723] for GET '/wd/hub/session/2141dd67-54fd-4462-aadd-e7007d719b13/element/00000000-0000-05eb-0000-003300000003/displayed'
18:14:11.256 [AsyncHttpClient-1-2] DEBUG org.asynchttpclient.netty.handler.HttpHandler - 

Request DefaultFullHttpRequest(decodeResult: success, version: HTTP/1.1, content: EmptyByteBufBE)
GET /wd/hub/session/2141dd67-54fd-4462-aadd-e7007d719b13/element/00000000-0000-05eb-0000-003300000003/displayed HTTP/1.1
User-Agent: appium/8.3.0 (selenium/4.8.1 (java windows))
Cache-Control: no-cache
Content-Type: application/json; charset=utf-8
host: 0.0.0.0:4723
accept: */*

Response DefaultHttpResponse(decodeResult: success, version: HTTP/1.1)
HTTP/1.1 200 OK
X-Powered-By: Express
Content-Type: application/json; charset=utf-8
Content-Length: 14
ETag: W/"e-2ZHvAWebNQpyjGZTg6uyV8/spTo"
Date: Sun, 07 May 2023 11:14:11 GMT
Connection: keep-alive
Keep-Alive: timeout=600

18:14:11.257 [AsyncHttpClient-1-2] DEBUG org.asynchttpclient.netty.channel.ChannelManager - Adding key: http://0.0.0.0:4723 for channel [id: 0x5e8df1ca, L:/127.0.0.1:59751 - R:/127.0.0.1:4723]
18:14:11.258 [Forwarding isElementEnabled on session 2141dd67-54fd-4462-aadd-e7007d719b13 to remote] DEBUG org.asynchttpclient.netty.request.NettyRequestSender - Using pooled Channel '[id: 0x5e8df1ca, L:/127.0.0.1:59751 - R:/127.0.0.1:4723]' for 'GET' to 'http://0.0.0.0:4723/wd/hub/session/2141dd67-54fd-4462-aadd-e7007d719b13/element/00000000-0000-05eb-0000-003300000003/enabled'
18:14:11.258 [Forwarding isElementEnabled on session 2141dd67-54fd-4462-aadd-e7007d719b13 to remote] DEBUG org.asynchttpclient.netty.request.NettyRequestSender - Using open Channel [id: 0x5e8df1ca, L:/127.0.0.1:59751 - R:/127.0.0.1:4723] for GET '/wd/hub/session/2141dd67-54fd-4462-aadd-e7007d719b13/element/00000000-0000-05eb-0000-003300000003/enabled'
18:14:11.276 [AsyncHttpClient-1-2] DEBUG org.asynchttpclient.netty.handler.HttpHandler - 

Request DefaultFullHttpRequest(decodeResult: success, version: HTTP/1.1, content: EmptyByteBufBE)
GET /wd/hub/session/2141dd67-54fd-4462-aadd-e7007d719b13/element/00000000-0000-05eb-0000-003300000003/enabled HTTP/1.1
User-Agent: appium/8.3.0 (selenium/4.8.1 (java windows))
Cache-Control: no-cache
Content-Type: application/json; charset=utf-8
host: 0.0.0.0:4723
accept: */*

Response DefaultHttpResponse(decodeResult: success, version: HTTP/1.1)
HTTP/1.1 200 OK
X-Powered-By: Express
Content-Type: application/json; charset=utf-8
Content-Length: 14
ETag: W/"e-2ZHvAWebNQpyjGZTg6uyV8/spTo"
Date: Sun, 07 May 2023 11:14:11 GMT
Connection: keep-alive
Keep-Alive: timeout=600

18:14:11.277 [AsyncHttpClient-1-2] DEBUG org.asynchttpclient.netty.channel.ChannelManager - Adding key: http://0.0.0.0:4723 for channel [id: 0x5e8df1ca, L:/127.0.0.1:59751 - R:/127.0.0.1:4723]
18:14:11.279 [Forwarding clickElement on session 2141dd67-54fd-4462-aadd-e7007d719b13 to remote] DEBUG org.asynchttpclient.netty.request.NettyRequestSender - Using pooled Channel '[id: 0x5e8df1ca, L:/127.0.0.1:59751 - R:/127.0.0.1:4723]' for 'POST' to 'http://0.0.0.0:4723/wd/hub/session/2141dd67-54fd-4462-aadd-e7007d719b13/element/00000000-0000-05eb-0000-003300000003/click'
18:14:11.280 [Forwarding clickElement on session 2141dd67-54fd-4462-aadd-e7007d719b13 to remote] DEBUG org.asynchttpclient.netty.request.NettyRequestSender - Using open Channel [id: 0x5e8df1ca, L:/127.0.0.1:59751 - R:/127.0.0.1:4723] for POST '/wd/hub/session/2141dd67-54fd-4462-aadd-e7007d719b13/element/00000000-0000-05eb-0000-003300000003/click'
18:14:11.365 [AsyncHttpClient-1-2] DEBUG org.asynchttpclient.netty.handler.HttpHandler - 

Request DefaultHttpRequest(decodeResult: success, version: HTTP/1.1)
POST /wd/hub/session/2141dd67-54fd-4462-aadd-e7007d719b13/element/00000000-0000-05eb-0000-003300000003/click HTTP/1.1
User-Agent: appium/8.3.0 (selenium/4.8.1 (java windows))
Content-Length: 50
Content-Type: application/json; charset=utf-8
host: 0.0.0.0:4723
accept: */*

Response DefaultHttpResponse(decodeResult: success, version: HTTP/1.1)
HTTP/1.1 200 OK
X-Powered-By: Express
Vary: X-HTTP-Method-Override
Content-Type: application/json; charset=utf-8
Content-Length: 14
ETag: W/"e-9/1BuKMgFObM1mWJm+YjxtXJnUM"
Date: Sun, 07 May 2023 11:14:11 GMT
Connection: keep-alive
Keep-Alive: timeout=600

18:14:11.367 [AsyncHttpClient-1-2] DEBUG org.asynchttpclient.netty.channel.ChannelManager - Adding key: http://0.0.0.0:4723 for channel [id: 0x5e8df1ca, L:/127.0.0.1:59751 - R:/127.0.0.1:4723]
18:14:11.377 [Forwarding findElement on session 2141dd67-54fd-4462-aadd-e7007d719b13 to remote] DEBUG org.asynchttpclient.netty.request.NettyRequestSender - Using pooled Channel '[id: 0x5e8df1ca, L:/127.0.0.1:59751 - R:/127.0.0.1:4723]' for 'POST' to 'http://0.0.0.0:4723/wd/hub/session/2141dd67-54fd-4462-aadd-e7007d719b13/element'
18:14:11.378 [Forwarding findElement on session 2141dd67-54fd-4462-aadd-e7007d719b13 to remote] DEBUG org.asynchttpclient.netty.request.NettyRequestSender - Using open Channel [id: 0x5e8df1ca, L:/127.0.0.1:59751 - R:/127.0.0.1:4723] for POST '/wd/hub/session/2141dd67-54fd-4462-aadd-e7007d719b13/element'
18:14:12.038 [AsyncHttpClient-1-2] DEBUG org.asynchttpclient.netty.handler.HttpHandler - 

Request DefaultHttpRequest(decodeResult: success, version: HTTP/1.1)
POST /wd/hub/session/2141dd67-54fd-4462-aadd-e7007d719b13/element HTTP/1.1
User-Agent: appium/8.3.0 (selenium/4.8.1 (java windows))
Content-Length: 305
Content-Type: application/json; charset=utf-8
host: 0.0.0.0:4723
accept: */*

Response DefaultHttpResponse(decodeResult: success, version: HTTP/1.1)
HTTP/1.1 200 OK
X-Powered-By: Express
Vary: X-HTTP-Method-Override
Content-Type: application/json; charset=utf-8
Content-Length: 137
ETag: W/"89-IyvFaubvElhSiWhevbiKPPYqDrw"
Date: Sun, 07 May 2023 11:14:12 GMT
Connection: keep-alive
Keep-Alive: timeout=600

18:14:12.046 [AsyncHttpClient-1-2] DEBUG org.asynchttpclient.netty.channel.ChannelManager - Adding key: http://0.0.0.0:4723 for channel [id: 0x5e8df1ca, L:/127.0.0.1:59751 - R:/127.0.0.1:4723]
18:14:12.056 [Forwarding sendKeysToElement on session 2141dd67-54fd-4462-aadd-e7007d719b13 to remote] DEBUG org.asynchttpclient.netty.request.NettyRequestSender - Using pooled Channel '[id: 0x5e8df1ca, L:/127.0.0.1:59751 - R:/127.0.0.1:4723]' for 'POST' to 'http://0.0.0.0:4723/wd/hub/session/2141dd67-54fd-4462-aadd-e7007d719b13/element/00000000-0000-05eb-0000-003300000003/value'
18:14:12.056 [Forwarding sendKeysToElement on session 2141dd67-54fd-4462-aadd-e7007d719b13 to remote] DEBUG org.asynchttpclient.netty.request.NettyRequestSender - Using open Channel [id: 0x5e8df1ca, L:/127.0.0.1:59751 - R:/127.0.0.1:4723] for POST '/wd/hub/session/2141dd67-54fd-4462-aadd-e7007d719b13/element/00000000-0000-05eb-0000-003300000003/value'
18:14:12.096 [AsyncHttpClient-1-2] DEBUG org.asynchttpclient.netty.handler.HttpHandler - 

Request DefaultHttpRequest(decodeResult: success, version: HTTP/1.1)
POST /wd/hub/session/2141dd67-54fd-4462-aadd-e7007d719b13/element/00000000-0000-05eb-0000-003300000003/value HTTP/1.1
User-Agent: appium/8.3.0 (selenium/4.8.1 (java windows))
Content-Length: 111
Content-Type: application/json; charset=utf-8
host: 0.0.0.0:4723
accept: */*

Response DefaultHttpResponse(decodeResult: success, version: HTTP/1.1)
HTTP/1.1 200 OK
X-Powered-By: Express
Vary: X-HTTP-Method-Override
Content-Type: application/json; charset=utf-8
Content-Length: 14
ETag: W/"e-9/1BuKMgFObM1mWJm+YjxtXJnUM"
Date: Sun, 07 May 2023 11:14:12 GMT
Connection: keep-alive
Keep-Alive: timeout=600

18:14:12.099 [AsyncHttpClient-1-2] DEBUG org.asynchttpclient.netty.channel.ChannelManager - Adding key: http://0.0.0.0:4723 for channel [id: 0x5e8df1ca, L:/127.0.0.1:59751 - R:/127.0.0.1:4723]
18:14:12.107 [main] DEBUG net.thucydides.core.steps.StepInterceptor - STEP DONE: inputPassword
]]></system-out>
  </testcase>
  <testcase name="user click register button for register feature" classname="user tidak dapat register karena tidak mengisi field nama lengkap" time="1.359">
    <system-out><![CDATA[18:14:12.146 [main] DEBUG net.thucydides.core.steps.StepInterceptor - STARTING STEP: RegisterSteps.userClickRegisterButtonForRegisterFeature - clickRegisterButton
18:14:12.160 [Forwarding findElement on session 2141dd67-54fd-4462-aadd-e7007d719b13 to remote] DEBUG org.asynchttpclient.netty.request.NettyRequestSender - Using pooled Channel '[id: 0x5e8df1ca, L:/127.0.0.1:59751 - R:/127.0.0.1:4723]' for 'POST' to 'http://0.0.0.0:4723/wd/hub/session/2141dd67-54fd-4462-aadd-e7007d719b13/element'
18:14:12.162 [Forwarding findElement on session 2141dd67-54fd-4462-aadd-e7007d719b13 to remote] DEBUG org.asynchttpclient.netty.request.NettyRequestSender - Using open Channel [id: 0x5e8df1ca, L:/127.0.0.1:59751 - R:/127.0.0.1:4723] for POST '/wd/hub/session/2141dd67-54fd-4462-aadd-e7007d719b13/element'
18:14:12.817 [AsyncHttpClient-1-2] DEBUG org.asynchttpclient.netty.handler.HttpHandler - 

Request DefaultHttpRequest(decodeResult: success, version: HTTP/1.1)
POST /wd/hub/session/2141dd67-54fd-4462-aadd-e7007d719b13/element HTTP/1.1
User-Agent: appium/8.3.0 (selenium/4.8.1 (java windows))
Content-Length: 98
Content-Type: application/json; charset=utf-8
host: 0.0.0.0:4723
accept: */*

Response DefaultHttpResponse(decodeResult: success, version: HTTP/1.1)
HTTP/1.1 200 OK
X-Powered-By: Express
Vary: X-HTTP-Method-Override
Content-Type: application/json; charset=utf-8
Content-Length: 137
ETag: W/"89-jm9O1aDAxbmzRQ8/rEMuQZ62jCs"
Date: Sun, 07 May 2023 11:14:12 GMT
Connection: keep-alive
Keep-Alive: timeout=600

18:14:12.818 [AsyncHttpClient-1-2] DEBUG org.asynchttpclient.netty.channel.ChannelManager - Adding key: http://0.0.0.0:4723 for channel [id: 0x5e8df1ca, L:/127.0.0.1:59751 - R:/127.0.0.1:4723]
18:14:12.821 [Forwarding isElementDisplayed on session 2141dd67-54fd-4462-aadd-e7007d719b13 to remote] DEBUG org.asynchttpclient.netty.request.NettyRequestSender - Using pooled Channel '[id: 0x5e8df1ca, L:/127.0.0.1:59751 - R:/127.0.0.1:4723]' for 'GET' to 'http://0.0.0.0:4723/wd/hub/session/2141dd67-54fd-4462-aadd-e7007d719b13/element/00000000-0000-05eb-0000-003400000003/displayed'
18:14:12.821 [Forwarding isElementDisplayed on session 2141dd67-54fd-4462-aadd-e7007d719b13 to remote] DEBUG org.asynchttpclient.netty.request.NettyRequestSender - Using open Channel [id: 0x5e8df1ca, L:/127.0.0.1:59751 - R:/127.0.0.1:4723] for GET '/wd/hub/session/2141dd67-54fd-4462-aadd-e7007d719b13/element/00000000-0000-05eb-0000-003400000003/displayed'
18:14:12.855 [AsyncHttpClient-1-2] DEBUG org.asynchttpclient.netty.handler.HttpHandler - 

Request DefaultFullHttpRequest(decodeResult: success, version: HTTP/1.1, content: EmptyByteBufBE)
GET /wd/hub/session/2141dd67-54fd-4462-aadd-e7007d719b13/element/00000000-0000-05eb-0000-003400000003/displayed HTTP/1.1
User-Agent: appium/8.3.0 (selenium/4.8.1 (java windows))
Cache-Control: no-cache
Content-Type: application/json; charset=utf-8
host: 0.0.0.0:4723
accept: */*

Response DefaultHttpResponse(decodeResult: success, version: HTTP/1.1)
HTTP/1.1 200 OK
X-Powered-By: Express
Content-Type: application/json; charset=utf-8
Content-Length: 14
ETag: W/"e-2ZHvAWebNQpyjGZTg6uyV8/spTo"
Date: Sun, 07 May 2023 11:14:12 GMT
Connection: keep-alive
Keep-Alive: timeout=600

18:14:12.856 [AsyncHttpClient-1-2] DEBUG org.asynchttpclient.netty.channel.ChannelManager - Adding key: http://0.0.0.0:4723 for channel [id: 0x5e8df1ca, L:/127.0.0.1:59751 - R:/127.0.0.1:4723]
18:14:12.859 [Forwarding isElementEnabled on session 2141dd67-54fd-4462-aadd-e7007d719b13 to remote] DEBUG org.asynchttpclient.netty.request.NettyRequestSender - Using pooled Channel '[id: 0x5e8df1ca, L:/127.0.0.1:59751 - R:/127.0.0.1:4723]' for 'GET' to 'http://0.0.0.0:4723/wd/hub/session/2141dd67-54fd-4462-aadd-e7007d719b13/element/00000000-0000-05eb-0000-003400000003/enabled'
18:14:12.859 [Forwarding isElementEnabled on session 2141dd67-54fd-4462-aadd-e7007d719b13 to remote] DEBUG org.asynchttpclient.netty.request.NettyRequestSender - Using open Channel [id: 0x5e8df1ca, L:/127.0.0.1:59751 - R:/127.0.0.1:4723] for GET '/wd/hub/session/2141dd67-54fd-4462-aadd-e7007d719b13/element/00000000-0000-05eb-0000-003400000003/enabled'
18:14:12.886 [AsyncHttpClient-1-2] DEBUG org.asynchttpclient.netty.handler.HttpHandler - 

Request DefaultFullHttpRequest(decodeResult: success, version: HTTP/1.1, content: EmptyByteBufBE)
GET /wd/hub/session/2141dd67-54fd-4462-aadd-e7007d719b13/element/00000000-0000-05eb-0000-003400000003/enabled HTTP/1.1
User-Agent: appium/8.3.0 (selenium/4.8.1 (java windows))
Cache-Control: no-cache
Content-Type: application/json; charset=utf-8
host: 0.0.0.0:4723
accept: */*

Response DefaultHttpResponse(decodeResult: success, version: HTTP/1.1)
HTTP/1.1 200 OK
X-Powered-By: Express
Content-Type: application/json; charset=utf-8
Content-Length: 14
ETag: W/"e-2ZHvAWebNQpyjGZTg6uyV8/spTo"
Date: Sun, 07 May 2023 11:14:12 GMT
Connection: keep-alive
Keep-Alive: timeout=600

18:14:12.887 [AsyncHttpClient-1-2] DEBUG org.asynchttpclient.netty.channel.ChannelManager - Adding key: http://0.0.0.0:4723 for channel [id: 0x5e8df1ca, L:/127.0.0.1:59751 - R:/127.0.0.1:4723]
18:14:12.892 [Forwarding clickElement on session 2141dd67-54fd-4462-aadd-e7007d719b13 to remote] DEBUG org.asynchttpclient.netty.request.NettyRequestSender - Using pooled Channel '[id: 0x5e8df1ca, L:/127.0.0.1:59751 - R:/127.0.0.1:4723]' for 'POST' to 'http://0.0.0.0:4723/wd/hub/session/2141dd67-54fd-4462-aadd-e7007d719b13/element/00000000-0000-05eb-0000-003400000003/click'
18:14:12.892 [Forwarding clickElement on session 2141dd67-54fd-4462-aadd-e7007d719b13 to remote] DEBUG org.asynchttpclient.netty.request.NettyRequestSender - Using open Channel [id: 0x5e8df1ca, L:/127.0.0.1:59751 - R:/127.0.0.1:4723] for POST '/wd/hub/session/2141dd67-54fd-4462-aadd-e7007d719b13/element/00000000-0000-05eb-0000-003400000003/click'
18:14:13.482 [AsyncHttpClient-1-2] DEBUG org.asynchttpclient.netty.handler.HttpHandler - 

Request DefaultHttpRequest(decodeResult: success, version: HTTP/1.1)
POST /wd/hub/session/2141dd67-54fd-4462-aadd-e7007d719b13/element/00000000-0000-05eb-0000-003400000003/click HTTP/1.1
User-Agent: appium/8.3.0 (selenium/4.8.1 (java windows))
Content-Length: 50
Content-Type: application/json; charset=utf-8
host: 0.0.0.0:4723
accept: */*

Response DefaultHttpResponse(decodeResult: success, version: HTTP/1.1)
HTTP/1.1 200 OK
X-Powered-By: Express
Vary: X-HTTP-Method-Override
Content-Type: application/json; charset=utf-8
Content-Length: 14
ETag: W/"e-9/1BuKMgFObM1mWJm+YjxtXJnUM"
Date: Sun, 07 May 2023 11:14:13 GMT
Connection: keep-alive
Keep-Alive: timeout=600

18:14:13.483 [AsyncHttpClient-1-2] DEBUG org.asynchttpclient.netty.channel.ChannelManager - Adding key: http://0.0.0.0:4723 for channel [id: 0x5e8df1ca, L:/127.0.0.1:59751 - R:/127.0.0.1:4723]
18:14:13.485 [main] DEBUG net.thucydides.core.steps.StepInterceptor - STEP DONE: clickRegisterButton
]]></system-out>
  </testcase>
  <testcase name="user see error message fullname is required or can not empty" classname="user tidak dapat register karena tidak mengisi field nama lengkap" time="0.112">
    <system-out><![CDATA[18:14:13.508 [main] DEBUG net.thucydides.core.steps.StepInterceptor - STARTING STEP: RegisterSteps.userSeeErrorMessage - getMessageonFullname
18:14:13.514 [Forwarding findElement on session 2141dd67-54fd-4462-aadd-e7007d719b13 to remote] DEBUG org.asynchttpclient.netty.request.NettyRequestSender - Using pooled Channel '[id: 0x5e8df1ca, L:/127.0.0.1:59751 - R:/127.0.0.1:4723]' for 'POST' to 'http://0.0.0.0:4723/wd/hub/session/2141dd67-54fd-4462-aadd-e7007d719b13/element'
18:14:13.514 [Forwarding findElement on session 2141dd67-54fd-4462-aadd-e7007d719b13 to remote] DEBUG org.asynchttpclient.netty.request.NettyRequestSender - Using open Channel [id: 0x5e8df1ca, L:/127.0.0.1:59751 - R:/127.0.0.1:4723] for POST '/wd/hub/session/2141dd67-54fd-4462-aadd-e7007d719b13/element'
18:14:13.565 [AsyncHttpClient-1-2] DEBUG org.asynchttpclient.netty.handler.HttpHandler - 

Request DefaultHttpRequest(decodeResult: success, version: HTTP/1.1)
POST /wd/hub/session/2141dd67-54fd-4462-aadd-e7007d719b13/element HTTP/1.1
User-Agent: appium/8.3.0 (selenium/4.8.1 (java windows))
Content-Length: 108
Content-Type: application/json; charset=utf-8
host: 0.0.0.0:4723
accept: */*

Response DefaultHttpResponse(decodeResult: success, version: HTTP/1.1)
HTTP/1.1 200 OK
X-Powered-By: Express
Vary: X-HTTP-Method-Override
Content-Type: application/json; charset=utf-8
Content-Length: 137
ETag: W/"89-xF+JnSoyQD+ZrrgV+RuLcB0VdlE"
Date: Sun, 07 May 2023 11:14:13 GMT
Connection: keep-alive
Keep-Alive: timeout=600

18:14:13.566 [AsyncHttpClient-1-2] DEBUG org.asynchttpclient.netty.channel.ChannelManager - Adding key: http://0.0.0.0:4723 for channel [id: 0x5e8df1ca, L:/127.0.0.1:59751 - R:/127.0.0.1:4723]
18:14:13.568 [Forwarding isElementDisplayed on session 2141dd67-54fd-4462-aadd-e7007d719b13 to remote] DEBUG org.asynchttpclient.netty.request.NettyRequestSender - Using pooled Channel '[id: 0x5e8df1ca, L:/127.0.0.1:59751 - R:/127.0.0.1:4723]' for 'GET' to 'http://0.0.0.0:4723/wd/hub/session/2141dd67-54fd-4462-aadd-e7007d719b13/element/00000000-0000-05eb-0000-003800000003/displayed'
18:14:13.568 [Forwarding isElementDisplayed on session 2141dd67-54fd-4462-aadd-e7007d719b13 to remote] DEBUG org.asynchttpclient.netty.request.NettyRequestSender - Using open Channel [id: 0x5e8df1ca, L:/127.0.0.1:59751 - R:/127.0.0.1:4723] for GET '/wd/hub/session/2141dd67-54fd-4462-aadd-e7007d719b13/element/00000000-0000-05eb-0000-003800000003/displayed'
18:14:13.584 [AsyncHttpClient-1-2] DEBUG org.asynchttpclient.netty.handler.HttpHandler - 

Request DefaultFullHttpRequest(decodeResult: success, version: HTTP/1.1, content: EmptyByteBufBE)
GET /wd/hub/session/2141dd67-54fd-4462-aadd-e7007d719b13/element/00000000-0000-05eb-0000-003800000003/displayed HTTP/1.1
User-Agent: appium/8.3.0 (selenium/4.8.1 (java windows))
Cache-Control: no-cache
Content-Type: application/json; charset=utf-8
host: 0.0.0.0:4723
accept: */*

Response DefaultHttpResponse(decodeResult: success, version: HTTP/1.1)
HTTP/1.1 200 OK
X-Powered-By: Express
Content-Type: application/json; charset=utf-8
Content-Length: 14
ETag: W/"e-2ZHvAWebNQpyjGZTg6uyV8/spTo"
Date: Sun, 07 May 2023 11:14:13 GMT
Connection: keep-alive
Keep-Alive: timeout=600

18:14:13.586 [AsyncHttpClient-1-2] DEBUG org.asynchttpclient.netty.channel.ChannelManager - Adding key: http://0.0.0.0:4723 for channel [id: 0x5e8df1ca, L:/127.0.0.1:59751 - R:/127.0.0.1:4723]
18:14:13.589 [Forwarding getElementText on session 2141dd67-54fd-4462-aadd-e7007d719b13 to remote] DEBUG org.asynchttpclient.netty.request.NettyRequestSender - Using pooled Channel '[id: 0x5e8df1ca, L:/127.0.0.1:59751 - R:/127.0.0.1:4723]' for 'GET' to 'http://0.0.0.0:4723/wd/hub/session/2141dd67-54fd-4462-aadd-e7007d719b13/element/00000000-0000-05eb-0000-003800000003/text'
18:14:13.589 [Forwarding getElementText on session 2141dd67-54fd-4462-aadd-e7007d719b13 to remote] DEBUG org.asynchttpclient.netty.request.NettyRequestSender - Using open Channel [id: 0x5e8df1ca, L:/127.0.0.1:59751 - R:/127.0.0.1:4723] for GET '/wd/hub/session/2141dd67-54fd-4462-aadd-e7007d719b13/element/00000000-0000-05eb-0000-003800000003/text'
18:14:13.604 [AsyncHttpClient-1-2] DEBUG org.asynchttpclient.netty.handler.HttpHandler - 

Request DefaultFullHttpRequest(decodeResult: success, version: HTTP/1.1, content: EmptyByteBufBE)
GET /wd/hub/session/2141dd67-54fd-4462-aadd-e7007d719b13/element/00000000-0000-05eb-0000-003800000003/text HTTP/1.1
User-Agent: appium/8.3.0 (selenium/4.8.1 (java windows))
Cache-Control: no-cache
Content-Type: application/json; charset=utf-8
host: 0.0.0.0:4723
accept: */*

Response DefaultHttpResponse(decodeResult: success, version: HTTP/1.1)
HTTP/1.1 200 OK
X-Powered-By: Express
Content-Type: application/json; charset=utf-8
Content-Length: 63
ETag: W/"3f-SLqjI7MbQe01jAJCYxBj3xIBiVI"
Date: Sun, 07 May 2023 11:14:13 GMT
Connection: keep-alive
Keep-Alive: timeout=600

18:14:13.605 [AsyncHttpClient-1-2] DEBUG org.asynchttpclient.netty.channel.ChannelManager - Adding key: http://0.0.0.0:4723 for channel [id: 0x5e8df1ca, L:/127.0.0.1:59751 - R:/127.0.0.1:4723]
18:14:13.606 [main] DEBUG net.thucydides.core.steps.StepInterceptor - STEP DONE: getMessageonFullname
]]></system-out>
  </testcase>
  <testcase name="user on homepage AltaShop for register feature" classname="user tidak dapat register karena tidak mengisi field nama email" time="10.197">
    <system-out><![CDATA[18:14:13.615 [main] INFO  - 
  _____   ___   ___   _____     ___     _     ___   ___   ___   ___  
 |_   _| | __| / __| |_   _|   | _ \   /_\   / __| / __| | __| |   \ 
   | |   | _|  \__ \   | |     |  _/  / _ \  \__ \ \__ \ | _|  | |) |
   |_|   |___| |___/   |_|     |_|   /_/ \_\ |___/ |___/ |___| |___/ 

user tidak dapat register karena tidak mengisi field nama lengkap
----------------------------------------------------------------------
18:14:13.646 [main] DEBUG io.cucumber.core.plugin.SerenityReporter - Running feature from file:///C:/Users/HP/Downloads/Mini-Project-QA/ALTASHOP%20MOBILE%20AUTOMATION/src/test/resources/features/2.%20Register.feature
18:14:13.653 [main] INFO  - 
  _____   ___   ___   _____     ___   _____     _     ___   _____   ___   ___  
 |_   _| | __| / __| |_   _|   / __| |_   _|   /_\   | _ \ |_   _| | __| |   \ 
   | |   | _|  \__ \   | |     \__ \   | |    / _ \  |   /   | |   | _|  | |) |
   |_|   |___| |___/   |_|     |___/   |_|   /_/ \_\ |_|_\   |_|   |___| |___/ 

user tidak dapat register karena tidak mengisi field nama email(register;user-tidak-dapat-register-karena-tidak-mengisi-field-nama-email)
--------------------------------------------------------------------------------
18:14:13.684 [main] DEBUG net.thucydides.core.steps.StepInterceptor - STARTING STEP: RegisterSteps.userOnHomepageAltaShopForRegisterFeature - onHomepageAltaShop
18:14:13.701 [Forwarding newSession on session null to remote] DEBUG org.asynchttpclient.netty.request.NettyRequestSender - Using pooled Channel '[id: 0x5e8df1ca, L:/127.0.0.1:59751 - R:/127.0.0.1:4723]' for 'POST' to 'http://0.0.0.0:4723/wd/hub/session'
18:14:13.701 [Forwarding newSession on session null to remote] DEBUG org.asynchttpclient.netty.request.NettyRequestSender - Using open Channel [id: 0x5e8df1ca, L:/127.0.0.1:59751 - R:/127.0.0.1:4723] for POST '/wd/hub/session'
18:14:22.294 [AsyncHttpClient-1-2] DEBUG org.asynchttpclient.netty.handler.HttpHandler - 

Request DefaultHttpRequest(decodeResult: success, version: HTTP/1.1)
POST /wd/hub/session HTTP/1.1
X-Idempotency-Key: cc8e3613-a284-4e5f-9e95-9804a81e39d5
User-Agent: appium/8.3.0 (selenium/4.8.1 (java windows))
Content-Length: 335
Content-Type: application/json; charset=utf-8
host: 0.0.0.0:4723
accept: */*

Response DefaultHttpResponse(decodeResult: success, version: HTTP/1.1)
HTTP/1.1 200 OK
X-Powered-By: Express
Vary: X-HTTP-Method-Override
Content-Type: application/json; charset=utf-8
Content-Length: 988
ETag: W/"3dc-DHZlK0+y99vUH1tUKKEakUVA+ZM"
Date: Sun, 07 May 2023 11:14:22 GMT
Connection: keep-alive
Keep-Alive: timeout=600

18:14:22.297 [AsyncHttpClient-1-2] DEBUG org.asynchttpclient.netty.channel.ChannelManager - Adding key: http://0.0.0.0:4723 for channel [id: 0x5e8df1ca, L:/127.0.0.1:59751 - R:/127.0.0.1:4723]
18:14:22.320 [Forwarding setTimeout on session 51d110e4-9a89-4ff0-9186-62327b06dde7 to remote] DEBUG org.asynchttpclient.netty.request.NettyRequestSender - Using pooled Channel '[id: 0x5e8df1ca, L:/127.0.0.1:59751 - R:/127.0.0.1:4723]' for 'POST' to 'http://0.0.0.0:4723/wd/hub/session/51d110e4-9a89-4ff0-9186-62327b06dde7/timeouts'
18:14:22.321 [Forwarding setTimeout on session 51d110e4-9a89-4ff0-9186-62327b06dde7 to remote] DEBUG org.asynchttpclient.netty.request.NettyRequestSender - Using open Channel [id: 0x5e8df1ca, L:/127.0.0.1:59751 - R:/127.0.0.1:4723] for POST '/wd/hub/session/51d110e4-9a89-4ff0-9186-62327b06dde7/timeouts'
18:14:22.336 [AsyncHttpClient-1-2] DEBUG org.asynchttpclient.netty.handler.HttpHandler - 

Request DefaultHttpRequest(decodeResult: success, version: HTTP/1.1)
POST /wd/hub/session/51d110e4-9a89-4ff0-9186-62327b06dde7/timeouts HTTP/1.1
User-Agent: appium/8.3.0 (selenium/4.8.1 (java windows))
Content-Length: 23
Content-Type: application/json; charset=utf-8
host: 0.0.0.0:4723
accept: */*

Response DefaultHttpResponse(decodeResult: success, version: HTTP/1.1)
HTTP/1.1 200 OK
X-Powered-By: Express
Vary: X-HTTP-Method-Override
Content-Type: application/json; charset=utf-8
Content-Length: 14
ETag: W/"e-9/1BuKMgFObM1mWJm+YjxtXJnUM"
Date: Sun, 07 May 2023 11:14:22 GMT
Connection: keep-alive
Keep-Alive: timeout=600

18:14:22.337 [AsyncHttpClient-1-2] DEBUG org.asynchttpclient.netty.channel.ChannelManager - Adding key: http://0.0.0.0:4723 for channel [id: 0x5e8df1ca, L:/127.0.0.1:59751 - R:/127.0.0.1:4723]
18:14:22.344 [Forwarding findElement on session 51d110e4-9a89-4ff0-9186-62327b06dde7 to remote] DEBUG org.asynchttpclient.netty.request.NettyRequestSender - Using pooled Channel '[id: 0x5e8df1ca, L:/127.0.0.1:59751 - R:/127.0.0.1:4723]' for 'POST' to 'http://0.0.0.0:4723/wd/hub/session/51d110e4-9a89-4ff0-9186-62327b06dde7/element'
18:14:22.344 [Forwarding findElement on session 51d110e4-9a89-4ff0-9186-62327b06dde7 to remote] DEBUG org.asynchttpclient.netty.request.NettyRequestSender - Using open Channel [id: 0x5e8df1ca, L:/127.0.0.1:59751 - R:/127.0.0.1:4723] for POST '/wd/hub/session/51d110e4-9a89-4ff0-9186-62327b06dde7/element'
18:14:23.786 [AsyncHttpClient-1-2] DEBUG org.asynchttpclient.netty.handler.HttpHandler - 

Request DefaultHttpRequest(decodeResult: success, version: HTTP/1.1)
POST /wd/hub/session/51d110e4-9a89-4ff0-9186-62327b06dde7/element HTTP/1.1
User-Agent: appium/8.3.0 (selenium/4.8.1 (java windows))
Content-Length: 326
Content-Type: application/json; charset=utf-8
host: 0.0.0.0:4723
accept: */*

Response DefaultHttpResponse(decodeResult: success, version: HTTP/1.1)
HTTP/1.1 200 OK
X-Powered-By: Express
Vary: X-HTTP-Method-Override
Content-Type: application/json; charset=utf-8
Content-Length: 137
ETag: W/"89-1o9hlOTlA1dqFrgpzrw2+lVQXnQ"
Date: Sun, 07 May 2023 11:14:23 GMT
Connection: keep-alive
Keep-Alive: timeout=600

18:14:23.789 [AsyncHttpClient-1-2] DEBUG org.asynchttpclient.netty.channel.ChannelManager - Adding key: http://0.0.0.0:4723 for channel [id: 0x5e8df1ca, L:/127.0.0.1:59751 - R:/127.0.0.1:4723]
18:14:23.793 [Forwarding isElementDisplayed on session 51d110e4-9a89-4ff0-9186-62327b06dde7 to remote] DEBUG org.asynchttpclient.netty.request.NettyRequestSender - Using pooled Channel '[id: 0x5e8df1ca, L:/127.0.0.1:59751 - R:/127.0.0.1:4723]' for 'GET' to 'http://0.0.0.0:4723/wd/hub/session/51d110e4-9a89-4ff0-9186-62327b06dde7/element/00000000-0000-05f9-0000-000700000003/displayed'
18:14:23.793 [Forwarding isElementDisplayed on session 51d110e4-9a89-4ff0-9186-62327b06dde7 to remote] DEBUG org.asynchttpclient.netty.request.NettyRequestSender - Using open Channel [id: 0x5e8df1ca, L:/127.0.0.1:59751 - R:/127.0.0.1:4723] for GET '/wd/hub/session/51d110e4-9a89-4ff0-9186-62327b06dde7/element/00000000-0000-05f9-0000-000700000003/displayed'
18:14:23.825 [AsyncHttpClient-1-2] DEBUG org.asynchttpclient.netty.handler.HttpHandler - 

Request DefaultFullHttpRequest(decodeResult: success, version: HTTP/1.1, content: EmptyByteBufBE)
GET /wd/hub/session/51d110e4-9a89-4ff0-9186-62327b06dde7/element/00000000-0000-05f9-0000-000700000003/displayed HTTP/1.1
User-Agent: appium/8.3.0 (selenium/4.8.1 (java windows))
Cache-Control: no-cache
Content-Type: application/json; charset=utf-8
host: 0.0.0.0:4723
accept: */*

Response DefaultHttpResponse(decodeResult: success, version: HTTP/1.1)
HTTP/1.1 200 OK
X-Powered-By: Express
Content-Type: application/json; charset=utf-8
Content-Length: 14
ETag: W/"e-2ZHvAWebNQpyjGZTg6uyV8/spTo"
Date: Sun, 07 May 2023 11:14:23 GMT
Connection: keep-alive
Keep-Alive: timeout=600

18:14:23.826 [AsyncHttpClient-1-2] DEBUG org.asynchttpclient.netty.channel.ChannelManager - Adding key: http://0.0.0.0:4723 for channel [id: 0x5e8df1ca, L:/127.0.0.1:59751 - R:/127.0.0.1:4723]
18:14:23.828 [Forwarding isElementDisplayed on session 51d110e4-9a89-4ff0-9186-62327b06dde7 to remote] DEBUG org.asynchttpclient.netty.request.NettyRequestSender - Using pooled Channel '[id: 0x5e8df1ca, L:/127.0.0.1:59751 - R:/127.0.0.1:4723]' for 'GET' to 'http://0.0.0.0:4723/wd/hub/session/51d110e4-9a89-4ff0-9186-62327b06dde7/element/00000000-0000-05f9-0000-000700000003/displayed'
18:14:23.829 [Forwarding isElementDisplayed on session 51d110e4-9a89-4ff0-9186-62327b06dde7 to remote] DEBUG org.asynchttpclient.netty.request.NettyRequestSender - Using open Channel [id: 0x5e8df1ca, L:/127.0.0.1:59751 - R:/127.0.0.1:4723] for GET '/wd/hub/session/51d110e4-9a89-4ff0-9186-62327b06dde7/element/00000000-0000-05f9-0000-000700000003/displayed'
18:14:23.859 [AsyncHttpClient-1-2] DEBUG org.asynchttpclient.netty.handler.HttpHandler - 

Request DefaultFullHttpRequest(decodeResult: success, version: HTTP/1.1, content: EmptyByteBufBE)
GET /wd/hub/session/51d110e4-9a89-4ff0-9186-62327b06dde7/element/00000000-0000-05f9-0000-000700000003/displayed HTTP/1.1
User-Agent: appium/8.3.0 (selenium/4.8.1 (java windows))
Cache-Control: no-cache
Content-Type: application/json; charset=utf-8
host: 0.0.0.0:4723
accept: */*

Response DefaultHttpResponse(decodeResult: success, version: HTTP/1.1)
HTTP/1.1 200 OK
X-Powered-By: Express
Content-Type: application/json; charset=utf-8
Content-Length: 14
ETag: W/"e-2ZHvAWebNQpyjGZTg6uyV8/spTo"
Date: Sun, 07 May 2023 11:14:23 GMT
Connection: keep-alive
Keep-Alive: timeout=600

18:14:23.861 [AsyncHttpClient-1-2] DEBUG org.asynchttpclient.netty.channel.ChannelManager - Adding key: http://0.0.0.0:4723 for channel [id: 0x5e8df1ca, L:/127.0.0.1:59751 - R:/127.0.0.1:4723]
18:14:23.863 [main] DEBUG net.thucydides.core.steps.StepInterceptor - STEP DONE: onHomepageAltaShop
]]></system-out>
  </testcase>
  <testcase name="user click login button for register feature" classname="user tidak dapat register karena tidak mengisi field nama email" time="1.077">
    <system-out><![CDATA[18:14:23.891 [main] DEBUG net.thucydides.core.steps.StepInterceptor - STARTING STEP: RegisterSteps.userClickLoginButtonForRegisterFeature - clickButtonLogin
18:14:23.894 [Forwarding findElement on session 51d110e4-9a89-4ff0-9186-62327b06dde7 to remote] DEBUG org.asynchttpclient.netty.request.NettyRequestSender - Using pooled Channel '[id: 0x5e8df1ca, L:/127.0.0.1:59751 - R:/127.0.0.1:4723]' for 'POST' to 'http://0.0.0.0:4723/wd/hub/session/51d110e4-9a89-4ff0-9186-62327b06dde7/element'
18:14:23.895 [Forwarding findElement on session 51d110e4-9a89-4ff0-9186-62327b06dde7 to remote] DEBUG org.asynchttpclient.netty.request.NettyRequestSender - Using open Channel [id: 0x5e8df1ca, L:/127.0.0.1:59751 - R:/127.0.0.1:4723] for POST '/wd/hub/session/51d110e4-9a89-4ff0-9186-62327b06dde7/element'
18:14:23.995 [AsyncHttpClient-1-2] DEBUG org.asynchttpclient.netty.handler.HttpHandler - 

Request DefaultHttpRequest(decodeResult: success, version: HTTP/1.1)
POST /wd/hub/session/51d110e4-9a89-4ff0-9186-62327b06dde7/element HTTP/1.1
User-Agent: appium/8.3.0 (selenium/4.8.1 (java windows))
Content-Length: 326
Content-Type: application/json; charset=utf-8
host: 0.0.0.0:4723
accept: */*

Response DefaultHttpResponse(decodeResult: success, version: HTTP/1.1)
HTTP/1.1 200 OK
X-Powered-By: Express
Vary: X-HTTP-Method-Override
Content-Type: application/json; charset=utf-8
Content-Length: 137
ETag: W/"89-1o9hlOTlA1dqFrgpzrw2+lVQXnQ"
Date: Sun, 07 May 2023 11:14:23 GMT
Connection: keep-alive
Keep-Alive: timeout=600

18:14:23.997 [AsyncHttpClient-1-2] DEBUG org.asynchttpclient.netty.channel.ChannelManager - Adding key: http://0.0.0.0:4723 for channel [id: 0x5e8df1ca, L:/127.0.0.1:59751 - R:/127.0.0.1:4723]
18:14:24.000 [Forwarding isElementDisplayed on session 51d110e4-9a89-4ff0-9186-62327b06dde7 to remote] DEBUG org.asynchttpclient.netty.request.NettyRequestSender - Using pooled Channel '[id: 0x5e8df1ca, L:/127.0.0.1:59751 - R:/127.0.0.1:4723]' for 'GET' to 'http://0.0.0.0:4723/wd/hub/session/51d110e4-9a89-4ff0-9186-62327b06dde7/element/00000000-0000-05f9-0000-000700000003/displayed'
18:14:24.001 [Forwarding isElementDisplayed on session 51d110e4-9a89-4ff0-9186-62327b06dde7 to remote] DEBUG org.asynchttpclient.netty.request.NettyRequestSender - Using open Channel [id: 0x5e8df1ca, L:/127.0.0.1:59751 - R:/127.0.0.1:4723] for GET '/wd/hub/session/51d110e4-9a89-4ff0-9186-62327b06dde7/element/00000000-0000-05f9-0000-000700000003/displayed'
18:14:24.027 [AsyncHttpClient-1-2] DEBUG org.asynchttpclient.netty.handler.HttpHandler - 

Request DefaultFullHttpRequest(decodeResult: success, version: HTTP/1.1, content: EmptyByteBufBE)
GET /wd/hub/session/51d110e4-9a89-4ff0-9186-62327b06dde7/element/00000000-0000-05f9-0000-000700000003/displayed HTTP/1.1
User-Agent: appium/8.3.0 (selenium/4.8.1 (java windows))
Cache-Control: no-cache
Content-Type: application/json; charset=utf-8
host: 0.0.0.0:4723
accept: */*

Response DefaultHttpResponse(decodeResult: success, version: HTTP/1.1)
HTTP/1.1 200 OK
X-Powered-By: Express
Content-Type: application/json; charset=utf-8
Content-Length: 14
ETag: W/"e-2ZHvAWebNQpyjGZTg6uyV8/spTo"
Date: Sun, 07 May 2023 11:14:24 GMT
Connection: keep-alive
Keep-Alive: timeout=600

18:14:24.028 [AsyncHttpClient-1-2] DEBUG org.asynchttpclient.netty.channel.ChannelManager - Adding key: http://0.0.0.0:4723 for channel [id: 0x5e8df1ca, L:/127.0.0.1:59751 - R:/127.0.0.1:4723]
18:14:24.031 [Forwarding isElementEnabled on session 51d110e4-9a89-4ff0-9186-62327b06dde7 to remote] DEBUG org.asynchttpclient.netty.request.NettyRequestSender - Using pooled Channel '[id: 0x5e8df1ca, L:/127.0.0.1:59751 - R:/127.0.0.1:4723]' for 'GET' to 'http://0.0.0.0:4723/wd/hub/session/51d110e4-9a89-4ff0-9186-62327b06dde7/element/00000000-0000-05f9-0000-000700000003/enabled'
18:14:24.031 [Forwarding isElementEnabled on session 51d110e4-9a89-4ff0-9186-62327b06dde7 to remote] DEBUG org.asynchttpclient.netty.request.NettyRequestSender - Using open Channel [id: 0x5e8df1ca, L:/127.0.0.1:59751 - R:/127.0.0.1:4723] for GET '/wd/hub/session/51d110e4-9a89-4ff0-9186-62327b06dde7/element/00000000-0000-05f9-0000-000700000003/enabled'
18:14:24.061 [AsyncHttpClient-1-2] DEBUG org.asynchttpclient.netty.handler.HttpHandler - 

Request DefaultFullHttpRequest(decodeResult: success, version: HTTP/1.1, content: EmptyByteBufBE)
GET /wd/hub/session/51d110e4-9a89-4ff0-9186-62327b06dde7/element/00000000-0000-05f9-0000-000700000003/enabled HTTP/1.1
User-Agent: appium/8.3.0 (selenium/4.8.1 (java windows))
Cache-Control: no-cache
Content-Type: application/json; charset=utf-8
host: 0.0.0.0:4723
accept: */*

Response DefaultHttpResponse(decodeResult: success, version: HTTP/1.1)
HTTP/1.1 200 OK
X-Powered-By: Express
Content-Type: application/json; charset=utf-8
Content-Length: 14
ETag: W/"e-2ZHvAWebNQpyjGZTg6uyV8/spTo"
Date: Sun, 07 May 2023 11:14:24 GMT
Connection: keep-alive
Keep-Alive: timeout=600

18:14:24.063 [AsyncHttpClient-1-2] DEBUG org.asynchttpclient.netty.channel.ChannelManager - Adding key: http://0.0.0.0:4723 for channel [id: 0x5e8df1ca, L:/127.0.0.1:59751 - R:/127.0.0.1:4723]
18:14:24.066 [Forwarding clickElement on session 51d110e4-9a89-4ff0-9186-62327b06dde7 to remote] DEBUG org.asynchttpclient.netty.request.NettyRequestSender - Using pooled Channel '[id: 0x5e8df1ca, L:/127.0.0.1:59751 - R:/127.0.0.1:4723]' for 'POST' to 'http://0.0.0.0:4723/wd/hub/session/51d110e4-9a89-4ff0-9186-62327b06dde7/element/00000000-0000-05f9-0000-000700000003/click'
18:14:24.067 [Forwarding clickElement on session 51d110e4-9a89-4ff0-9186-62327b06dde7 to remote] DEBUG org.asynchttpclient.netty.request.NettyRequestSender - Using open Channel [id: 0x5e8df1ca, L:/127.0.0.1:59751 - R:/127.0.0.1:4723] for POST '/wd/hub/session/51d110e4-9a89-4ff0-9186-62327b06dde7/element/00000000-0000-05f9-0000-000700000003/click'
18:14:24.947 [AsyncHttpClient-1-2] DEBUG org.asynchttpclient.netty.handler.HttpHandler - 

Request DefaultHttpRequest(decodeResult: success, version: HTTP/1.1)
POST /wd/hub/session/51d110e4-9a89-4ff0-9186-62327b06dde7/element/00000000-0000-05f9-0000-000700000003/click HTTP/1.1
User-Agent: appium/8.3.0 (selenium/4.8.1 (java windows))
Content-Length: 50
Content-Type: application/json; charset=utf-8
host: 0.0.0.0:4723
accept: */*

Response DefaultHttpResponse(decodeResult: success, version: HTTP/1.1)
HTTP/1.1 200 OK
X-Powered-By: Express
Vary: X-HTTP-Method-Override
Content-Type: application/json; charset=utf-8
Content-Length: 14
ETag: W/"e-9/1BuKMgFObM1mWJm+YjxtXJnUM"
Date: Sun, 07 May 2023 11:14:24 GMT
Connection: keep-alive
Keep-Alive: timeout=600

18:14:24.948 [AsyncHttpClient-1-2] DEBUG org.asynchttpclient.netty.channel.ChannelManager - Adding key: http://0.0.0.0:4723 for channel [id: 0x5e8df1ca, L:/127.0.0.1:59751 - R:/127.0.0.1:4723]
18:14:24.951 [main] DEBUG net.thucydides.core.steps.StepInterceptor - STEP DONE: clickButtonLogin
]]></system-out>
  </testcase>
  <testcase name="user click link register for register feature" classname="user tidak dapat register karena tidak mengisi field nama email" time="0.981">
    <system-out><![CDATA[18:14:24.974 [main] DEBUG net.thucydides.core.steps.StepInterceptor - STARTING STEP: RegisterSteps.userClickLinkRegisterForRegisterFeature - clickLinkRegister
18:14:24.980 [Forwarding findElement on session 51d110e4-9a89-4ff0-9186-62327b06dde7 to remote] DEBUG org.asynchttpclient.netty.request.NettyRequestSender - Using pooled Channel '[id: 0x5e8df1ca, L:/127.0.0.1:59751 - R:/127.0.0.1:4723]' for 'POST' to 'http://0.0.0.0:4723/wd/hub/session/51d110e4-9a89-4ff0-9186-62327b06dde7/element'
18:14:24.981 [Forwarding findElement on session 51d110e4-9a89-4ff0-9186-62327b06dde7 to remote] DEBUG org.asynchttpclient.netty.request.NettyRequestSender - Using open Channel [id: 0x5e8df1ca, L:/127.0.0.1:59751 - R:/127.0.0.1:4723] for POST '/wd/hub/session/51d110e4-9a89-4ff0-9186-62327b06dde7/element'
18:14:25.043 [AsyncHttpClient-1-2] DEBUG org.asynchttpclient.netty.handler.HttpHandler - 

Request DefaultHttpRequest(decodeResult: success, version: HTTP/1.1)
POST /wd/hub/session/51d110e4-9a89-4ff0-9186-62327b06dde7/element HTTP/1.1
User-Agent: appium/8.3.0 (selenium/4.8.1 (java windows))
Content-Length: 98
Content-Type: application/json; charset=utf-8
host: 0.0.0.0:4723
accept: */*

Response DefaultHttpResponse(decodeResult: success, version: HTTP/1.1)
HTTP/1.1 200 OK
X-Powered-By: Express
Vary: X-HTTP-Method-Override
Content-Type: application/json; charset=utf-8
Content-Length: 137
ETag: W/"89-5PHPyEKY4JjqRRNzYCy3bDcKRF4"
Date: Sun, 07 May 2023 11:14:25 GMT
Connection: keep-alive
Keep-Alive: timeout=600

18:14:25.044 [AsyncHttpClient-1-2] DEBUG org.asynchttpclient.netty.channel.ChannelManager - Adding key: http://0.0.0.0:4723 for channel [id: 0x5e8df1ca, L:/127.0.0.1:59751 - R:/127.0.0.1:4723]
18:14:25.047 [Forwarding isElementDisplayed on session 51d110e4-9a89-4ff0-9186-62327b06dde7 to remote] DEBUG org.asynchttpclient.netty.request.NettyRequestSender - Using pooled Channel '[id: 0x5e8df1ca, L:/127.0.0.1:59751 - R:/127.0.0.1:4723]' for 'GET' to 'http://0.0.0.0:4723/wd/hub/session/51d110e4-9a89-4ff0-9186-62327b06dde7/element/00000000-0000-05f9-0000-002b00000003/displayed'
18:14:25.047 [Forwarding isElementDisplayed on session 51d110e4-9a89-4ff0-9186-62327b06dde7 to remote] DEBUG org.asynchttpclient.netty.request.NettyRequestSender - Using open Channel [id: 0x5e8df1ca, L:/127.0.0.1:59751 - R:/127.0.0.1:4723] for GET '/wd/hub/session/51d110e4-9a89-4ff0-9186-62327b06dde7/element/00000000-0000-05f9-0000-002b00000003/displayed'
18:14:25.062 [AsyncHttpClient-1-2] DEBUG org.asynchttpclient.netty.handler.HttpHandler - 

Request DefaultFullHttpRequest(decodeResult: success, version: HTTP/1.1, content: EmptyByteBufBE)
GET /wd/hub/session/51d110e4-9a89-4ff0-9186-62327b06dde7/element/00000000-0000-05f9-0000-002b00000003/displayed HTTP/1.1
User-Agent: appium/8.3.0 (selenium/4.8.1 (java windows))
Cache-Control: no-cache
Content-Type: application/json; charset=utf-8
host: 0.0.0.0:4723
accept: */*

Response DefaultHttpResponse(decodeResult: success, version: HTTP/1.1)
HTTP/1.1 200 OK
X-Powered-By: Express
Content-Type: application/json; charset=utf-8
Content-Length: 14
ETag: W/"e-2ZHvAWebNQpyjGZTg6uyV8/spTo"
Date: Sun, 07 May 2023 11:14:25 GMT
Connection: keep-alive
Keep-Alive: timeout=600

18:14:25.063 [AsyncHttpClient-1-2] DEBUG org.asynchttpclient.netty.channel.ChannelManager - Adding key: http://0.0.0.0:4723 for channel [id: 0x5e8df1ca, L:/127.0.0.1:59751 - R:/127.0.0.1:4723]
18:14:25.065 [Forwarding isElementEnabled on session 51d110e4-9a89-4ff0-9186-62327b06dde7 to remote] DEBUG org.asynchttpclient.netty.request.NettyRequestSender - Using pooled Channel '[id: 0x5e8df1ca, L:/127.0.0.1:59751 - R:/127.0.0.1:4723]' for 'GET' to 'http://0.0.0.0:4723/wd/hub/session/51d110e4-9a89-4ff0-9186-62327b06dde7/element/00000000-0000-05f9-0000-002b00000003/enabled'
18:14:25.065 [Forwarding isElementEnabled on session 51d110e4-9a89-4ff0-9186-62327b06dde7 to remote] DEBUG org.asynchttpclient.netty.request.NettyRequestSender - Using open Channel [id: 0x5e8df1ca, L:/127.0.0.1:59751 - R:/127.0.0.1:4723] for GET '/wd/hub/session/51d110e4-9a89-4ff0-9186-62327b06dde7/element/00000000-0000-05f9-0000-002b00000003/enabled'
18:14:25.083 [AsyncHttpClient-1-2] DEBUG org.asynchttpclient.netty.handler.HttpHandler - 

Request DefaultFullHttpRequest(decodeResult: success, version: HTTP/1.1, content: EmptyByteBufBE)
GET /wd/hub/session/51d110e4-9a89-4ff0-9186-62327b06dde7/element/00000000-0000-05f9-0000-002b00000003/enabled HTTP/1.1
User-Agent: appium/8.3.0 (selenium/4.8.1 (java windows))
Cache-Control: no-cache
Content-Type: application/json; charset=utf-8
host: 0.0.0.0:4723
accept: */*

Response DefaultHttpResponse(decodeResult: success, version: HTTP/1.1)
HTTP/1.1 200 OK
X-Powered-By: Express
Content-Type: application/json; charset=utf-8
Content-Length: 14
ETag: W/"e-2ZHvAWebNQpyjGZTg6uyV8/spTo"
Date: Sun, 07 May 2023 11:14:25 GMT
Connection: keep-alive
Keep-Alive: timeout=600

18:14:25.083 [AsyncHttpClient-1-2] DEBUG org.asynchttpclient.netty.channel.ChannelManager - Adding key: http://0.0.0.0:4723 for channel [id: 0x5e8df1ca, L:/127.0.0.1:59751 - R:/127.0.0.1:4723]
18:14:25.086 [Forwarding clickElement on session 51d110e4-9a89-4ff0-9186-62327b06dde7 to remote] DEBUG org.asynchttpclient.netty.request.NettyRequestSender - Using pooled Channel '[id: 0x5e8df1ca, L:/127.0.0.1:59751 - R:/127.0.0.1:4723]' for 'POST' to 'http://0.0.0.0:4723/wd/hub/session/51d110e4-9a89-4ff0-9186-62327b06dde7/element/00000000-0000-05f9-0000-002b00000003/click'
18:14:25.086 [Forwarding clickElement on session 51d110e4-9a89-4ff0-9186-62327b06dde7 to remote] DEBUG org.asynchttpclient.netty.request.NettyRequestSender - Using open Channel [id: 0x5e8df1ca, L:/127.0.0.1:59751 - R:/127.0.0.1:4723] for POST '/wd/hub/session/51d110e4-9a89-4ff0-9186-62327b06dde7/element/00000000-0000-05f9-0000-002b00000003/click'
18:14:25.940 [AsyncHttpClient-1-2] DEBUG org.asynchttpclient.netty.handler.HttpHandler - 

Request DefaultHttpRequest(decodeResult: success, version: HTTP/1.1)
POST /wd/hub/session/51d110e4-9a89-4ff0-9186-62327b06dde7/element/00000000-0000-05f9-0000-002b00000003/click HTTP/1.1
User-Agent: appium/8.3.0 (selenium/4.8.1 (java windows))
Content-Length: 50
Content-Type: application/json; charset=utf-8
host: 0.0.0.0:4723
accept: */*

Response DefaultHttpResponse(decodeResult: success, version: HTTP/1.1)
HTTP/1.1 200 OK
X-Powered-By: Express
Vary: X-HTTP-Method-Override
Content-Type: application/json; charset=utf-8
Content-Length: 14
ETag: W/"e-9/1BuKMgFObM1mWJm+YjxtXJnUM"
Date: Sun, 07 May 2023 11:14:25 GMT
Connection: keep-alive
Keep-Alive: timeout=600

18:14:25.941 [AsyncHttpClient-1-2] DEBUG org.asynchttpclient.netty.channel.ChannelManager - Adding key: http://0.0.0.0:4723 for channel [id: 0x5e8df1ca, L:/127.0.0.1:59751 - R:/127.0.0.1:4723]
18:14:25.942 [main] DEBUG net.thucydides.core.steps.StepInterceptor - STEP DONE: clickLinkRegister
]]></system-out>
  </testcase>
  <testcase name="user input fullname for register feature" classname="user tidak dapat register karena tidak mengisi field nama email" time="1.506">
    <system-out><![CDATA[18:14:25.963 [main] DEBUG net.thucydides.core.steps.StepInterceptor - STARTING STEP: RegisterSteps.userInputFullnameForRegisterFeature - inputFullname
18:14:25.967 [Forwarding findElement on session 51d110e4-9a89-4ff0-9186-62327b06dde7 to remote] DEBUG org.asynchttpclient.netty.request.NettyRequestSender - Using pooled Channel '[id: 0x5e8df1ca, L:/127.0.0.1:59751 - R:/127.0.0.1:4723]' for 'POST' to 'http://0.0.0.0:4723/wd/hub/session/51d110e4-9a89-4ff0-9186-62327b06dde7/element'
18:14:25.968 [Forwarding findElement on session 51d110e4-9a89-4ff0-9186-62327b06dde7 to remote] DEBUG org.asynchttpclient.netty.request.NettyRequestSender - Using open Channel [id: 0x5e8df1ca, L:/127.0.0.1:59751 - R:/127.0.0.1:4723] for POST '/wd/hub/session/51d110e4-9a89-4ff0-9186-62327b06dde7/element'
18:14:26.026 [AsyncHttpClient-1-2] DEBUG org.asynchttpclient.netty.handler.HttpHandler - 

Request DefaultHttpRequest(decodeResult: success, version: HTTP/1.1)
POST /wd/hub/session/51d110e4-9a89-4ff0-9186-62327b06dde7/element HTTP/1.1
User-Agent: appium/8.3.0 (selenium/4.8.1 (java windows))
Content-Length: 305
Content-Type: application/json; charset=utf-8
host: 0.0.0.0:4723
accept: */*

Response DefaultHttpResponse(decodeResult: success, version: HTTP/1.1)
HTTP/1.1 200 OK
X-Powered-By: Express
Vary: X-HTTP-Method-Override
Content-Type: application/json; charset=utf-8
Content-Length: 137
ETag: W/"89-+7jPVf6wYNucJk6Dla6YfW40iLM"
Date: Sun, 07 May 2023 11:14:26 GMT
Connection: keep-alive
Keep-Alive: timeout=600

18:14:26.027 [AsyncHttpClient-1-2] DEBUG org.asynchttpclient.netty.channel.ChannelManager - Adding key: http://0.0.0.0:4723 for channel [id: 0x5e8df1ca, L:/127.0.0.1:59751 - R:/127.0.0.1:4723]
18:14:26.029 [Forwarding isElementDisplayed on session 51d110e4-9a89-4ff0-9186-62327b06dde7 to remote] DEBUG org.asynchttpclient.netty.request.NettyRequestSender - Using pooled Channel '[id: 0x5e8df1ca, L:/127.0.0.1:59751 - R:/127.0.0.1:4723]' for 'GET' to 'http://0.0.0.0:4723/wd/hub/session/51d110e4-9a89-4ff0-9186-62327b06dde7/element/00000000-0000-05f9-0000-003100000003/displayed'
18:14:26.029 [Forwarding isElementDisplayed on session 51d110e4-9a89-4ff0-9186-62327b06dde7 to remote] DEBUG org.asynchttpclient.netty.request.NettyRequestSender - Using open Channel [id: 0x5e8df1ca, L:/127.0.0.1:59751 - R:/127.0.0.1:4723] for GET '/wd/hub/session/51d110e4-9a89-4ff0-9186-62327b06dde7/element/00000000-0000-05f9-0000-003100000003/displayed'
18:14:26.052 [AsyncHttpClient-1-2] DEBUG org.asynchttpclient.netty.handler.HttpHandler - 

Request DefaultFullHttpRequest(decodeResult: success, version: HTTP/1.1, content: EmptyByteBufBE)
GET /wd/hub/session/51d110e4-9a89-4ff0-9186-62327b06dde7/element/00000000-0000-05f9-0000-003100000003/displayed HTTP/1.1
User-Agent: appium/8.3.0 (selenium/4.8.1 (java windows))
Cache-Control: no-cache
Content-Type: application/json; charset=utf-8
host: 0.0.0.0:4723
accept: */*

Response DefaultHttpResponse(decodeResult: success, version: HTTP/1.1)
HTTP/1.1 200 OK
X-Powered-By: Express
Content-Type: application/json; charset=utf-8
Content-Length: 14
ETag: W/"e-2ZHvAWebNQpyjGZTg6uyV8/spTo"
Date: Sun, 07 May 2023 11:14:26 GMT
Connection: keep-alive
Keep-Alive: timeout=600

18:14:26.052 [AsyncHttpClient-1-2] DEBUG org.asynchttpclient.netty.channel.ChannelManager - Adding key: http://0.0.0.0:4723 for channel [id: 0x5e8df1ca, L:/127.0.0.1:59751 - R:/127.0.0.1:4723]
18:14:26.055 [Forwarding isElementEnabled on session 51d110e4-9a89-4ff0-9186-62327b06dde7 to remote] DEBUG org.asynchttpclient.netty.request.NettyRequestSender - Using pooled Channel '[id: 0x5e8df1ca, L:/127.0.0.1:59751 - R:/127.0.0.1:4723]' for 'GET' to 'http://0.0.0.0:4723/wd/hub/session/51d110e4-9a89-4ff0-9186-62327b06dde7/element/00000000-0000-05f9-0000-003100000003/enabled'
18:14:26.055 [Forwarding isElementEnabled on session 51d110e4-9a89-4ff0-9186-62327b06dde7 to remote] DEBUG org.asynchttpclient.netty.request.NettyRequestSender - Using open Channel [id: 0x5e8df1ca, L:/127.0.0.1:59751 - R:/127.0.0.1:4723] for GET '/wd/hub/session/51d110e4-9a89-4ff0-9186-62327b06dde7/element/00000000-0000-05f9-0000-003100000003/enabled'
18:14:26.071 [AsyncHttpClient-1-2] DEBUG org.asynchttpclient.netty.handler.HttpHandler - 

Request DefaultFullHttpRequest(decodeResult: success, version: HTTP/1.1, content: EmptyByteBufBE)
GET /wd/hub/session/51d110e4-9a89-4ff0-9186-62327b06dde7/element/00000000-0000-05f9-0000-003100000003/enabled HTTP/1.1
User-Agent: appium/8.3.0 (selenium/4.8.1 (java windows))
Cache-Control: no-cache
Content-Type: application/json; charset=utf-8
host: 0.0.0.0:4723
accept: */*

Response DefaultHttpResponse(decodeResult: success, version: HTTP/1.1)
HTTP/1.1 200 OK
X-Powered-By: Express
Content-Type: application/json; charset=utf-8
Content-Length: 14
ETag: W/"e-2ZHvAWebNQpyjGZTg6uyV8/spTo"
Date: Sun, 07 May 2023 11:14:26 GMT
Connection: keep-alive
Keep-Alive: timeout=600

18:14:26.072 [AsyncHttpClient-1-2] DEBUG org.asynchttpclient.netty.channel.ChannelManager - Adding key: http://0.0.0.0:4723 for channel [id: 0x5e8df1ca, L:/127.0.0.1:59751 - R:/127.0.0.1:4723]
18:14:26.073 [Forwarding clickElement on session 51d110e4-9a89-4ff0-9186-62327b06dde7 to remote] DEBUG org.asynchttpclient.netty.request.NettyRequestSender - Using pooled Channel '[id: 0x5e8df1ca, L:/127.0.0.1:59751 - R:/127.0.0.1:4723]' for 'POST' to 'http://0.0.0.0:4723/wd/hub/session/51d110e4-9a89-4ff0-9186-62327b06dde7/element/00000000-0000-05f9-0000-003100000003/click'
18:14:26.075 [Forwarding clickElement on session 51d110e4-9a89-4ff0-9186-62327b06dde7 to remote] DEBUG org.asynchttpclient.netty.request.NettyRequestSender - Using open Channel [id: 0x5e8df1ca, L:/127.0.0.1:59751 - R:/127.0.0.1:4723] for POST '/wd/hub/session/51d110e4-9a89-4ff0-9186-62327b06dde7/element/00000000-0000-05f9-0000-003100000003/click'
18:14:26.122 [AsyncHttpClient-1-2] DEBUG org.asynchttpclient.netty.handler.HttpHandler - 

Request DefaultHttpRequest(decodeResult: success, version: HTTP/1.1)
POST /wd/hub/session/51d110e4-9a89-4ff0-9186-62327b06dde7/element/00000000-0000-05f9-0000-003100000003/click HTTP/1.1
User-Agent: appium/8.3.0 (selenium/4.8.1 (java windows))
Content-Length: 50
Content-Type: application/json; charset=utf-8
host: 0.0.0.0:4723
accept: */*

Response DefaultHttpResponse(decodeResult: success, version: HTTP/1.1)
HTTP/1.1 200 OK
X-Powered-By: Express
Vary: X-HTTP-Method-Override
Content-Type: application/json; charset=utf-8
Content-Length: 14
ETag: W/"e-9/1BuKMgFObM1mWJm+YjxtXJnUM"
Date: Sun, 07 May 2023 11:14:26 GMT
Connection: keep-alive
Keep-Alive: timeout=600

18:14:26.123 [AsyncHttpClient-1-2] DEBUG org.asynchttpclient.netty.channel.ChannelManager - Adding key: http://0.0.0.0:4723 for channel [id: 0x5e8df1ca, L:/127.0.0.1:59751 - R:/127.0.0.1:4723]
18:14:26.128 [Forwarding findElement on session 51d110e4-9a89-4ff0-9186-62327b06dde7 to remote] DEBUG org.asynchttpclient.netty.request.NettyRequestSender - Using pooled Channel '[id: 0x5e8df1ca, L:/127.0.0.1:59751 - R:/127.0.0.1:4723]' for 'POST' to 'http://0.0.0.0:4723/wd/hub/session/51d110e4-9a89-4ff0-9186-62327b06dde7/element'
18:14:26.128 [Forwarding findElement on session 51d110e4-9a89-4ff0-9186-62327b06dde7 to remote] DEBUG org.asynchttpclient.netty.request.NettyRequestSender - Using open Channel [id: 0x5e8df1ca, L:/127.0.0.1:59751 - R:/127.0.0.1:4723] for POST '/wd/hub/session/51d110e4-9a89-4ff0-9186-62327b06dde7/element'
18:14:26.256 [AsyncHttpClient-1-2] DEBUG org.asynchttpclient.netty.handler.HttpHandler - 

Request DefaultHttpRequest(decodeResult: success, version: HTTP/1.1)
POST /wd/hub/session/51d110e4-9a89-4ff0-9186-62327b06dde7/element HTTP/1.1
User-Agent: appium/8.3.0 (selenium/4.8.1 (java windows))
Content-Length: 305
Content-Type: application/json; charset=utf-8
host: 0.0.0.0:4723
accept: */*

Response DefaultHttpResponse(decodeResult: success, version: HTTP/1.1)
HTTP/1.1 200 OK
X-Powered-By: Express
Vary: X-HTTP-Method-Override
Content-Type: application/json; charset=utf-8
Content-Length: 137
ETag: W/"89-+7jPVf6wYNucJk6Dla6YfW40iLM"
Date: Sun, 07 May 2023 11:14:26 GMT
Connection: keep-alive
Keep-Alive: timeout=600

18:14:26.258 [AsyncHttpClient-1-2] DEBUG org.asynchttpclient.netty.channel.ChannelManager - Adding key: http://0.0.0.0:4723 for channel [id: 0x5e8df1ca, L:/127.0.0.1:59751 - R:/127.0.0.1:4723]
18:14:26.263 [Forwarding sendKeysToElement on session 51d110e4-9a89-4ff0-9186-62327b06dde7 to remote] DEBUG org.asynchttpclient.netty.request.NettyRequestSender - Using pooled Channel '[id: 0x5e8df1ca, L:/127.0.0.1:59751 - R:/127.0.0.1:4723]' for 'POST' to 'http://0.0.0.0:4723/wd/hub/session/51d110e4-9a89-4ff0-9186-62327b06dde7/element/00000000-0000-05f9-0000-003100000003/value'
18:14:26.263 [Forwarding sendKeysToElement on session 51d110e4-9a89-4ff0-9186-62327b06dde7 to remote] DEBUG org.asynchttpclient.netty.request.NettyRequestSender - Using open Channel [id: 0x5e8df1ca, L:/127.0.0.1:59751 - R:/127.0.0.1:4723] for POST '/wd/hub/session/51d110e4-9a89-4ff0-9186-62327b06dde7/element/00000000-0000-05f9-0000-003100000003/value'
18:14:27.450 [AsyncHttpClient-1-2] DEBUG org.asynchttpclient.netty.handler.HttpHandler - 

Request DefaultHttpRequest(decodeResult: success, version: HTTP/1.1)
POST /wd/hub/session/51d110e4-9a89-4ff0-9186-62327b06dde7/element/00000000-0000-05f9-0000-003100000003/value HTTP/1.1
User-Agent: appium/8.3.0 (selenium/4.8.1 (java windows))
Content-Length: 201
Content-Type: application/json; charset=utf-8
host: 0.0.0.0:4723
accept: */*

Response DefaultHttpResponse(decodeResult: success, version: HTTP/1.1)
HTTP/1.1 200 OK
X-Powered-By: Express
Vary: X-HTTP-Method-Override
Content-Type: application/json; charset=utf-8
Content-Length: 14
ETag: W/"e-9/1BuKMgFObM1mWJm+YjxtXJnUM"
Date: Sun, 07 May 2023 11:14:27 GMT
Connection: keep-alive
Keep-Alive: timeout=600

18:14:27.452 [AsyncHttpClient-1-2] DEBUG org.asynchttpclient.netty.channel.ChannelManager - Adding key: http://0.0.0.0:4723 for channel [id: 0x5e8df1ca, L:/127.0.0.1:59751 - R:/127.0.0.1:4723]
18:14:27.454 [main] DEBUG net.thucydides.core.steps.StepInterceptor - STEP DONE: inputFullname
]]></system-out>
  </testcase>
  <testcase name="user does not input email for register feature" classname="user tidak dapat register karena tidak mengisi field nama email" time="1.559">
    <system-out><![CDATA[18:14:27.491 [main] DEBUG net.thucydides.core.steps.StepInterceptor - STARTING STEP: RegisterSteps.userDoesNotInputEmailForRegisterFeature - inputEmail
18:14:27.499 [Forwarding findElement on session 51d110e4-9a89-4ff0-9186-62327b06dde7 to remote] DEBUG org.asynchttpclient.netty.request.NettyRequestSender - Using pooled Channel '[id: 0x5e8df1ca, L:/127.0.0.1:59751 - R:/127.0.0.1:4723]' for 'POST' to 'http://0.0.0.0:4723/wd/hub/session/51d110e4-9a89-4ff0-9186-62327b06dde7/element'
18:14:27.503 [Forwarding findElement on session 51d110e4-9a89-4ff0-9186-62327b06dde7 to remote] DEBUG org.asynchttpclient.netty.request.NettyRequestSender - Using open Channel [id: 0x5e8df1ca, L:/127.0.0.1:59751 - R:/127.0.0.1:4723] for POST '/wd/hub/session/51d110e4-9a89-4ff0-9186-62327b06dde7/element'
18:14:28.111 [AsyncHttpClient-1-2] DEBUG org.asynchttpclient.netty.handler.HttpHandler - 

Request DefaultHttpRequest(decodeResult: success, version: HTTP/1.1)
POST /wd/hub/session/51d110e4-9a89-4ff0-9186-62327b06dde7/element HTTP/1.1
User-Agent: appium/8.3.0 (selenium/4.8.1 (java windows))
Content-Length: 305
Content-Type: application/json; charset=utf-8
host: 0.0.0.0:4723
accept: */*

Response DefaultHttpResponse(decodeResult: success, version: HTTP/1.1)
HTTP/1.1 200 OK
X-Powered-By: Express
Vary: X-HTTP-Method-Override
Content-Type: application/json; charset=utf-8
Content-Length: 137
ETag: W/"89-qVBAmP4B3ToxCn9834hwCNOS6gs"
Date: Sun, 07 May 2023 11:14:28 GMT
Connection: keep-alive
Keep-Alive: timeout=600

18:14:28.111 [AsyncHttpClient-1-2] DEBUG org.asynchttpclient.netty.channel.ChannelManager - Adding key: http://0.0.0.0:4723 for channel [id: 0x5e8df1ca, L:/127.0.0.1:59751 - R:/127.0.0.1:4723]
18:14:28.113 [Forwarding isElementDisplayed on session 51d110e4-9a89-4ff0-9186-62327b06dde7 to remote] DEBUG org.asynchttpclient.netty.request.NettyRequestSender - Using pooled Channel '[id: 0x5e8df1ca, L:/127.0.0.1:59751 - R:/127.0.0.1:4723]' for 'GET' to 'http://0.0.0.0:4723/wd/hub/session/51d110e4-9a89-4ff0-9186-62327b06dde7/element/00000000-0000-05f9-0000-003200000003/displayed'
18:14:28.113 [Forwarding isElementDisplayed on session 51d110e4-9a89-4ff0-9186-62327b06dde7 to remote] DEBUG org.asynchttpclient.netty.request.NettyRequestSender - Using open Channel [id: 0x5e8df1ca, L:/127.0.0.1:59751 - R:/127.0.0.1:4723] for GET '/wd/hub/session/51d110e4-9a89-4ff0-9186-62327b06dde7/element/00000000-0000-05f9-0000-003200000003/displayed'
18:14:28.139 [AsyncHttpClient-1-2] DEBUG org.asynchttpclient.netty.handler.HttpHandler - 

Request DefaultFullHttpRequest(decodeResult: success, version: HTTP/1.1, content: EmptyByteBufBE)
GET /wd/hub/session/51d110e4-9a89-4ff0-9186-62327b06dde7/element/00000000-0000-05f9-0000-003200000003/displayed HTTP/1.1
User-Agent: appium/8.3.0 (selenium/4.8.1 (java windows))
Cache-Control: no-cache
Content-Type: application/json; charset=utf-8
host: 0.0.0.0:4723
accept: */*

Response DefaultHttpResponse(decodeResult: success, version: HTTP/1.1)
HTTP/1.1 200 OK
X-Powered-By: Express
Content-Type: application/json; charset=utf-8
Content-Length: 14
ETag: W/"e-2ZHvAWebNQpyjGZTg6uyV8/spTo"
Date: Sun, 07 May 2023 11:14:28 GMT
Connection: keep-alive
Keep-Alive: timeout=600

18:14:28.141 [AsyncHttpClient-1-2] DEBUG org.asynchttpclient.netty.channel.ChannelManager - Adding key: http://0.0.0.0:4723 for channel [id: 0x5e8df1ca, L:/127.0.0.1:59751 - R:/127.0.0.1:4723]
18:14:28.142 [Forwarding isElementEnabled on session 51d110e4-9a89-4ff0-9186-62327b06dde7 to remote] DEBUG org.asynchttpclient.netty.request.NettyRequestSender - Using pooled Channel '[id: 0x5e8df1ca, L:/127.0.0.1:59751 - R:/127.0.0.1:4723]' for 'GET' to 'http://0.0.0.0:4723/wd/hub/session/51d110e4-9a89-4ff0-9186-62327b06dde7/element/00000000-0000-05f9-0000-003200000003/enabled'
18:14:28.143 [Forwarding isElementEnabled on session 51d110e4-9a89-4ff0-9186-62327b06dde7 to remote] DEBUG org.asynchttpclient.netty.request.NettyRequestSender - Using open Channel [id: 0x5e8df1ca, L:/127.0.0.1:59751 - R:/127.0.0.1:4723] for GET '/wd/hub/session/51d110e4-9a89-4ff0-9186-62327b06dde7/element/00000000-0000-05f9-0000-003200000003/enabled'
18:14:28.172 [AsyncHttpClient-1-2] DEBUG org.asynchttpclient.netty.handler.HttpHandler - 

Request DefaultFullHttpRequest(decodeResult: success, version: HTTP/1.1, content: EmptyByteBufBE)
GET /wd/hub/session/51d110e4-9a89-4ff0-9186-62327b06dde7/element/00000000-0000-05f9-0000-003200000003/enabled HTTP/1.1
User-Agent: appium/8.3.0 (selenium/4.8.1 (java windows))
Cache-Control: no-cache
Content-Type: application/json; charset=utf-8
host: 0.0.0.0:4723
accept: */*

Response DefaultHttpResponse(decodeResult: success, version: HTTP/1.1)
HTTP/1.1 200 OK
X-Powered-By: Express
Content-Type: application/json; charset=utf-8
Content-Length: 14
ETag: W/"e-2ZHvAWebNQpyjGZTg6uyV8/spTo"
Date: Sun, 07 May 2023 11:14:28 GMT
Connection: keep-alive
Keep-Alive: timeout=600

18:14:28.173 [AsyncHttpClient-1-2] DEBUG org.asynchttpclient.netty.channel.ChannelManager - Adding key: http://0.0.0.0:4723 for channel [id: 0x5e8df1ca, L:/127.0.0.1:59751 - R:/127.0.0.1:4723]
18:14:28.176 [Forwarding clickElement on session 51d110e4-9a89-4ff0-9186-62327b06dde7 to remote] DEBUG org.asynchttpclient.netty.request.NettyRequestSender - Using pooled Channel '[id: 0x5e8df1ca, L:/127.0.0.1:59751 - R:/127.0.0.1:4723]' for 'POST' to 'http://0.0.0.0:4723/wd/hub/session/51d110e4-9a89-4ff0-9186-62327b06dde7/element/00000000-0000-05f9-0000-003200000003/click'
18:14:28.176 [Forwarding clickElement on session 51d110e4-9a89-4ff0-9186-62327b06dde7 to remote] DEBUG org.asynchttpclient.netty.request.NettyRequestSender - Using open Channel [id: 0x5e8df1ca, L:/127.0.0.1:59751 - R:/127.0.0.1:4723] for POST '/wd/hub/session/51d110e4-9a89-4ff0-9186-62327b06dde7/element/00000000-0000-05f9-0000-003200000003/click'
18:14:28.235 [AsyncHttpClient-1-2] DEBUG org.asynchttpclient.netty.handler.HttpHandler - 

Request DefaultHttpRequest(decodeResult: success, version: HTTP/1.1)
POST /wd/hub/session/51d110e4-9a89-4ff0-9186-62327b06dde7/element/00000000-0000-05f9-0000-003200000003/click HTTP/1.1
User-Agent: appium/8.3.0 (selenium/4.8.1 (java windows))
Content-Length: 50
Content-Type: application/json; charset=utf-8
host: 0.0.0.0:4723
accept: */*

Response DefaultHttpResponse(decodeResult: success, version: HTTP/1.1)
HTTP/1.1 200 OK
X-Powered-By: Express
Vary: X-HTTP-Method-Override
Content-Type: application/json; charset=utf-8
Content-Length: 14
ETag: W/"e-9/1BuKMgFObM1mWJm+YjxtXJnUM"
Date: Sun, 07 May 2023 11:14:28 GMT
Connection: keep-alive
Keep-Alive: timeout=600

18:14:28.236 [AsyncHttpClient-1-2] DEBUG org.asynchttpclient.netty.channel.ChannelManager - Adding key: http://0.0.0.0:4723 for channel [id: 0x5e8df1ca, L:/127.0.0.1:59751 - R:/127.0.0.1:4723]
18:14:28.245 [Forwarding findElement on session 51d110e4-9a89-4ff0-9186-62327b06dde7 to remote] DEBUG org.asynchttpclient.netty.request.NettyRequestSender - Using pooled Channel '[id: 0x5e8df1ca, L:/127.0.0.1:59751 - R:/127.0.0.1:4723]' for 'POST' to 'http://0.0.0.0:4723/wd/hub/session/51d110e4-9a89-4ff0-9186-62327b06dde7/element'
18:14:28.246 [Forwarding findElement on session 51d110e4-9a89-4ff0-9186-62327b06dde7 to remote] DEBUG org.asynchttpclient.netty.request.NettyRequestSender - Using open Channel [id: 0x5e8df1ca, L:/127.0.0.1:59751 - R:/127.0.0.1:4723] for POST '/wd/hub/session/51d110e4-9a89-4ff0-9186-62327b06dde7/element'
18:14:28.984 [AsyncHttpClient-1-2] DEBUG org.asynchttpclient.netty.handler.HttpHandler - 

Request DefaultHttpRequest(decodeResult: success, version: HTTP/1.1)
POST /wd/hub/session/51d110e4-9a89-4ff0-9186-62327b06dde7/element HTTP/1.1
User-Agent: appium/8.3.0 (selenium/4.8.1 (java windows))
Content-Length: 305
Content-Type: application/json; charset=utf-8
host: 0.0.0.0:4723
accept: */*

Response DefaultHttpResponse(decodeResult: success, version: HTTP/1.1)
HTTP/1.1 200 OK
X-Powered-By: Express
Vary: X-HTTP-Method-Override
Content-Type: application/json; charset=utf-8
Content-Length: 137
ETag: W/"89-qVBAmP4B3ToxCn9834hwCNOS6gs"
Date: Sun, 07 May 2023 11:14:28 GMT
Connection: keep-alive
Keep-Alive: timeout=600

18:14:28.985 [AsyncHttpClient-1-2] DEBUG org.asynchttpclient.netty.channel.ChannelManager - Adding key: http://0.0.0.0:4723 for channel [id: 0x5e8df1ca, L:/127.0.0.1:59751 - R:/127.0.0.1:4723]
18:14:28.989 [Forwarding sendKeysToElement on session 51d110e4-9a89-4ff0-9186-62327b06dde7 to remote] DEBUG org.asynchttpclient.netty.request.NettyRequestSender - Using pooled Channel '[id: 0x5e8df1ca, L:/127.0.0.1:59751 - R:/127.0.0.1:4723]' for 'POST' to 'http://0.0.0.0:4723/wd/hub/session/51d110e4-9a89-4ff0-9186-62327b06dde7/element/00000000-0000-05f9-0000-003200000003/value'
18:14:28.990 [Forwarding sendKeysToElement on session 51d110e4-9a89-4ff0-9186-62327b06dde7 to remote] DEBUG org.asynchttpclient.netty.request.NettyRequestSender - Using open Channel [id: 0x5e8df1ca, L:/127.0.0.1:59751 - R:/127.0.0.1:4723] for POST '/wd/hub/session/51d110e4-9a89-4ff0-9186-62327b06dde7/element/00000000-0000-05f9-0000-003200000003/value'
18:14:29.022 [AsyncHttpClient-1-2] DEBUG org.asynchttpclient.netty.handler.HttpHandler - 

Request DefaultHttpRequest(decodeResult: success, version: HTTP/1.1)
POST /wd/hub/session/51d110e4-9a89-4ff0-9186-62327b06dde7/element/00000000-0000-05f9-0000-003200000003/value HTTP/1.1
User-Agent: appium/8.3.0 (selenium/4.8.1 (java windows))
Content-Length: 82
Content-Type: application/json; charset=utf-8
host: 0.0.0.0:4723
accept: */*

Response DefaultHttpResponse(decodeResult: success, version: HTTP/1.1)
HTTP/1.1 200 OK
X-Powered-By: Express
Vary: X-HTTP-Method-Override
Content-Type: application/json; charset=utf-8
Content-Length: 14
ETag: W/"e-9/1BuKMgFObM1mWJm+YjxtXJnUM"
Date: Sun, 07 May 2023 11:14:29 GMT
Connection: keep-alive
Keep-Alive: timeout=600

18:14:29.023 [AsyncHttpClient-1-2] DEBUG org.asynchttpclient.netty.channel.ChannelManager - Adding key: http://0.0.0.0:4723 for channel [id: 0x5e8df1ca, L:/127.0.0.1:59751 - R:/127.0.0.1:4723]
18:14:29.026 [main] DEBUG net.thucydides.core.steps.StepInterceptor - STEP DONE: inputEmail
]]></system-out>
  </testcase>
  <testcase name="user input password for register feature" classname="user tidak dapat register karena tidak mengisi field nama email" time="1.415">
    <system-out><![CDATA[18:14:29.054 [main] DEBUG net.thucydides.core.steps.StepInterceptor - STARTING STEP: RegisterSteps.userInputPasswordForRegisterFeature - inputPassword
18:14:29.062 [Forwarding findElement on session 51d110e4-9a89-4ff0-9186-62327b06dde7 to remote] DEBUG org.asynchttpclient.netty.request.NettyRequestSender - Using pooled Channel '[id: 0x5e8df1ca, L:/127.0.0.1:59751 - R:/127.0.0.1:4723]' for 'POST' to 'http://0.0.0.0:4723/wd/hub/session/51d110e4-9a89-4ff0-9186-62327b06dde7/element'
18:14:29.064 [Forwarding findElement on session 51d110e4-9a89-4ff0-9186-62327b06dde7 to remote] DEBUG org.asynchttpclient.netty.request.NettyRequestSender - Using open Channel [id: 0x5e8df1ca, L:/127.0.0.1:59751 - R:/127.0.0.1:4723] for POST '/wd/hub/session/51d110e4-9a89-4ff0-9186-62327b06dde7/element'
18:14:29.560 [AsyncHttpClient-1-2] DEBUG org.asynchttpclient.netty.handler.HttpHandler - 

Request DefaultHttpRequest(decodeResult: success, version: HTTP/1.1)
POST /wd/hub/session/51d110e4-9a89-4ff0-9186-62327b06dde7/element HTTP/1.1
User-Agent: appium/8.3.0 (selenium/4.8.1 (java windows))
Content-Length: 305
Content-Type: application/json; charset=utf-8
host: 0.0.0.0:4723
accept: */*

Response DefaultHttpResponse(decodeResult: success, version: HTTP/1.1)
HTTP/1.1 200 OK
X-Powered-By: Express
Vary: X-HTTP-Method-Override
Content-Type: application/json; charset=utf-8
Content-Length: 137
ETag: W/"89-AlXfhcji3UgakXNzbt1X+1zlLf0"
Date: Sun, 07 May 2023 11:14:29 GMT
Connection: keep-alive
Keep-Alive: timeout=600

18:14:29.563 [AsyncHttpClient-1-2] DEBUG org.asynchttpclient.netty.channel.ChannelManager - Adding key: http://0.0.0.0:4723 for channel [id: 0x5e8df1ca, L:/127.0.0.1:59751 - R:/127.0.0.1:4723]
18:14:29.566 [Forwarding isElementDisplayed on session 51d110e4-9a89-4ff0-9186-62327b06dde7 to remote] DEBUG org.asynchttpclient.netty.request.NettyRequestSender - Using pooled Channel '[id: 0x5e8df1ca, L:/127.0.0.1:59751 - R:/127.0.0.1:4723]' for 'GET' to 'http://0.0.0.0:4723/wd/hub/session/51d110e4-9a89-4ff0-9186-62327b06dde7/element/00000000-0000-05f9-0000-003300000003/displayed'
18:14:29.567 [Forwarding isElementDisplayed on session 51d110e4-9a89-4ff0-9186-62327b06dde7 to remote] DEBUG org.asynchttpclient.netty.request.NettyRequestSender - Using open Channel [id: 0x5e8df1ca, L:/127.0.0.1:59751 - R:/127.0.0.1:4723] for GET '/wd/hub/session/51d110e4-9a89-4ff0-9186-62327b06dde7/element/00000000-0000-05f9-0000-003300000003/displayed'
18:14:29.583 [AsyncHttpClient-1-2] DEBUG org.asynchttpclient.netty.handler.HttpHandler - 

Request DefaultFullHttpRequest(decodeResult: success, version: HTTP/1.1, content: EmptyByteBufBE)
GET /wd/hub/session/51d110e4-9a89-4ff0-9186-62327b06dde7/element/00000000-0000-05f9-0000-003300000003/displayed HTTP/1.1
User-Agent: appium/8.3.0 (selenium/4.8.1 (java windows))
Cache-Control: no-cache
Content-Type: application/json; charset=utf-8
host: 0.0.0.0:4723
accept: */*

Response DefaultHttpResponse(decodeResult: success, version: HTTP/1.1)
HTTP/1.1 200 OK
X-Powered-By: Express
Content-Type: application/json; charset=utf-8
Content-Length: 14
ETag: W/"e-2ZHvAWebNQpyjGZTg6uyV8/spTo"
Date: Sun, 07 May 2023 11:14:29 GMT
Connection: keep-alive
Keep-Alive: timeout=600

18:14:29.583 [AsyncHttpClient-1-2] DEBUG org.asynchttpclient.netty.channel.ChannelManager - Adding key: http://0.0.0.0:4723 for channel [id: 0x5e8df1ca, L:/127.0.0.1:59751 - R:/127.0.0.1:4723]
18:14:29.584 [Forwarding isElementEnabled on session 51d110e4-9a89-4ff0-9186-62327b06dde7 to remote] DEBUG org.asynchttpclient.netty.request.NettyRequestSender - Using pooled Channel '[id: 0x5e8df1ca, L:/127.0.0.1:59751 - R:/127.0.0.1:4723]' for 'GET' to 'http://0.0.0.0:4723/wd/hub/session/51d110e4-9a89-4ff0-9186-62327b06dde7/element/00000000-0000-05f9-0000-003300000003/enabled'
18:14:29.585 [Forwarding isElementEnabled on session 51d110e4-9a89-4ff0-9186-62327b06dde7 to remote] DEBUG org.asynchttpclient.netty.request.NettyRequestSender - Using open Channel [id: 0x5e8df1ca, L:/127.0.0.1:59751 - R:/127.0.0.1:4723] for GET '/wd/hub/session/51d110e4-9a89-4ff0-9186-62327b06dde7/element/00000000-0000-05f9-0000-003300000003/enabled'
18:14:29.602 [AsyncHttpClient-1-2] DEBUG org.asynchttpclient.netty.handler.HttpHandler - 

Request DefaultFullHttpRequest(decodeResult: success, version: HTTP/1.1, content: EmptyByteBufBE)
GET /wd/hub/session/51d110e4-9a89-4ff0-9186-62327b06dde7/element/00000000-0000-05f9-0000-003300000003/enabled HTTP/1.1
User-Agent: appium/8.3.0 (selenium/4.8.1 (java windows))
Cache-Control: no-cache
Content-Type: application/json; charset=utf-8
host: 0.0.0.0:4723
accept: */*

Response DefaultHttpResponse(decodeResult: success, version: HTTP/1.1)
HTTP/1.1 200 OK
X-Powered-By: Express
Content-Type: application/json; charset=utf-8
Content-Length: 14
ETag: W/"e-2ZHvAWebNQpyjGZTg6uyV8/spTo"
Date: Sun, 07 May 2023 11:14:29 GMT
Connection: keep-alive
Keep-Alive: timeout=600

18:14:29.604 [AsyncHttpClient-1-2] DEBUG org.asynchttpclient.netty.channel.ChannelManager - Adding key: http://0.0.0.0:4723 for channel [id: 0x5e8df1ca, L:/127.0.0.1:59751 - R:/127.0.0.1:4723]
18:14:29.606 [Forwarding clickElement on session 51d110e4-9a89-4ff0-9186-62327b06dde7 to remote] DEBUG org.asynchttpclient.netty.request.NettyRequestSender - Using pooled Channel '[id: 0x5e8df1ca, L:/127.0.0.1:59751 - R:/127.0.0.1:4723]' for 'POST' to 'http://0.0.0.0:4723/wd/hub/session/51d110e4-9a89-4ff0-9186-62327b06dde7/element/00000000-0000-05f9-0000-003300000003/click'
18:14:29.606 [Forwarding clickElement on session 51d110e4-9a89-4ff0-9186-62327b06dde7 to remote] DEBUG org.asynchttpclient.netty.request.NettyRequestSender - Using open Channel [id: 0x5e8df1ca, L:/127.0.0.1:59751 - R:/127.0.0.1:4723] for POST '/wd/hub/session/51d110e4-9a89-4ff0-9186-62327b06dde7/element/00000000-0000-05f9-0000-003300000003/click'
18:14:29.667 [AsyncHttpClient-1-2] DEBUG org.asynchttpclient.netty.handler.HttpHandler - 

Request DefaultHttpRequest(decodeResult: success, version: HTTP/1.1)
POST /wd/hub/session/51d110e4-9a89-4ff0-9186-62327b06dde7/element/00000000-0000-05f9-0000-003300000003/click HTTP/1.1
User-Agent: appium/8.3.0 (selenium/4.8.1 (java windows))
Content-Length: 50
Content-Type: application/json; charset=utf-8
host: 0.0.0.0:4723
accept: */*

Response DefaultHttpResponse(decodeResult: success, version: HTTP/1.1)
HTTP/1.1 200 OK
X-Powered-By: Express
Vary: X-HTTP-Method-Override
Content-Type: application/json; charset=utf-8
Content-Length: 14
ETag: W/"e-9/1BuKMgFObM1mWJm+YjxtXJnUM"
Date: Sun, 07 May 2023 11:14:29 GMT
Connection: keep-alive
Keep-Alive: timeout=600

18:14:29.669 [AsyncHttpClient-1-2] DEBUG org.asynchttpclient.netty.channel.ChannelManager - Adding key: http://0.0.0.0:4723 for channel [id: 0x5e8df1ca, L:/127.0.0.1:59751 - R:/127.0.0.1:4723]
18:14:29.677 [Forwarding findElement on session 51d110e4-9a89-4ff0-9186-62327b06dde7 to remote] DEBUG org.asynchttpclient.netty.request.NettyRequestSender - Using pooled Channel '[id: 0x5e8df1ca, L:/127.0.0.1:59751 - R:/127.0.0.1:4723]' for 'POST' to 'http://0.0.0.0:4723/wd/hub/session/51d110e4-9a89-4ff0-9186-62327b06dde7/element'
18:14:29.677 [Forwarding findElement on session 51d110e4-9a89-4ff0-9186-62327b06dde7 to remote] DEBUG org.asynchttpclient.netty.request.NettyRequestSender - Using open Channel [id: 0x5e8df1ca, L:/127.0.0.1:59751 - R:/127.0.0.1:4723] for POST '/wd/hub/session/51d110e4-9a89-4ff0-9186-62327b06dde7/element'
18:14:30.392 [AsyncHttpClient-1-2] DEBUG org.asynchttpclient.netty.handler.HttpHandler - 

Request DefaultHttpRequest(decodeResult: success, version: HTTP/1.1)
POST /wd/hub/session/51d110e4-9a89-4ff0-9186-62327b06dde7/element HTTP/1.1
User-Agent: appium/8.3.0 (selenium/4.8.1 (java windows))
Content-Length: 305
Content-Type: application/json; charset=utf-8
host: 0.0.0.0:4723
accept: */*

Response DefaultHttpResponse(decodeResult: success, version: HTTP/1.1)
HTTP/1.1 200 OK
X-Powered-By: Express
Vary: X-HTTP-Method-Override
Content-Type: application/json; charset=utf-8
Content-Length: 137
ETag: W/"89-AlXfhcji3UgakXNzbt1X+1zlLf0"
Date: Sun, 07 May 2023 11:14:30 GMT
Connection: keep-alive
Keep-Alive: timeout=600

18:14:30.393 [AsyncHttpClient-1-2] DEBUG org.asynchttpclient.netty.channel.ChannelManager - Adding key: http://0.0.0.0:4723 for channel [id: 0x5e8df1ca, L:/127.0.0.1:59751 - R:/127.0.0.1:4723]
18:14:30.395 [Forwarding sendKeysToElement on session 51d110e4-9a89-4ff0-9186-62327b06dde7 to remote] DEBUG org.asynchttpclient.netty.request.NettyRequestSender - Using pooled Channel '[id: 0x5e8df1ca, L:/127.0.0.1:59751 - R:/127.0.0.1:4723]' for 'POST' to 'http://0.0.0.0:4723/wd/hub/session/51d110e4-9a89-4ff0-9186-62327b06dde7/element/00000000-0000-05f9-0000-003300000003/value'
18:14:30.396 [Forwarding sendKeysToElement on session 51d110e4-9a89-4ff0-9186-62327b06dde7 to remote] DEBUG org.asynchttpclient.netty.request.NettyRequestSender - Using open Channel [id: 0x5e8df1ca, L:/127.0.0.1:59751 - R:/127.0.0.1:4723] for POST '/wd/hub/session/51d110e4-9a89-4ff0-9186-62327b06dde7/element/00000000-0000-05f9-0000-003300000003/value'
18:14:30.444 [AsyncHttpClient-1-2] DEBUG org.asynchttpclient.netty.handler.HttpHandler - 

Request DefaultHttpRequest(decodeResult: success, version: HTTP/1.1)
POST /wd/hub/session/51d110e4-9a89-4ff0-9186-62327b06dde7/element/00000000-0000-05f9-0000-003300000003/value HTTP/1.1
User-Agent: appium/8.3.0 (selenium/4.8.1 (java windows))
Content-Length: 111
Content-Type: application/json; charset=utf-8
host: 0.0.0.0:4723
accept: */*

Response DefaultHttpResponse(decodeResult: success, version: HTTP/1.1)
HTTP/1.1 200 OK
X-Powered-By: Express
Vary: X-HTTP-Method-Override
Content-Type: application/json; charset=utf-8
Content-Length: 14
ETag: W/"e-9/1BuKMgFObM1mWJm+YjxtXJnUM"
Date: Sun, 07 May 2023 11:14:30 GMT
Connection: keep-alive
Keep-Alive: timeout=600

18:14:30.445 [AsyncHttpClient-1-2] DEBUG org.asynchttpclient.netty.channel.ChannelManager - Adding key: http://0.0.0.0:4723 for channel [id: 0x5e8df1ca, L:/127.0.0.1:59751 - R:/127.0.0.1:4723]
18:14:30.450 [main] DEBUG net.thucydides.core.steps.StepInterceptor - STEP DONE: inputPassword
]]></system-out>
  </testcase>
  <testcase name="user click register button for register feature" classname="user tidak dapat register karena tidak mengisi field nama email" time="1.297">
    <system-out><![CDATA[18:14:30.476 [main] DEBUG net.thucydides.core.steps.StepInterceptor - STARTING STEP: RegisterSteps.userClickRegisterButtonForRegisterFeature - clickRegisterButton
18:14:30.479 [Forwarding findElement on session 51d110e4-9a89-4ff0-9186-62327b06dde7 to remote] DEBUG org.asynchttpclient.netty.request.NettyRequestSender - Using pooled Channel '[id: 0x5e8df1ca, L:/127.0.0.1:59751 - R:/127.0.0.1:4723]' for 'POST' to 'http://0.0.0.0:4723/wd/hub/session/51d110e4-9a89-4ff0-9186-62327b06dde7/element'
18:14:30.479 [Forwarding findElement on session 51d110e4-9a89-4ff0-9186-62327b06dde7 to remote] DEBUG org.asynchttpclient.netty.request.NettyRequestSender - Using open Channel [id: 0x5e8df1ca, L:/127.0.0.1:59751 - R:/127.0.0.1:4723] for POST '/wd/hub/session/51d110e4-9a89-4ff0-9186-62327b06dde7/element'
18:14:31.131 [AsyncHttpClient-1-2] DEBUG org.asynchttpclient.netty.handler.HttpHandler - 

Request DefaultHttpRequest(decodeResult: success, version: HTTP/1.1)
POST /wd/hub/session/51d110e4-9a89-4ff0-9186-62327b06dde7/element HTTP/1.1
User-Agent: appium/8.3.0 (selenium/4.8.1 (java windows))
Content-Length: 98
Content-Type: application/json; charset=utf-8
host: 0.0.0.0:4723
accept: */*

Response DefaultHttpResponse(decodeResult: success, version: HTTP/1.1)
HTTP/1.1 200 OK
X-Powered-By: Express
Vary: X-HTTP-Method-Override
Content-Type: application/json; charset=utf-8
Content-Length: 137
ETag: W/"89-VN+InskI7rARXAl3aQYIY9Eq3lY"
Date: Sun, 07 May 2023 11:14:31 GMT
Connection: keep-alive
Keep-Alive: timeout=600

18:14:31.131 [AsyncHttpClient-1-2] DEBUG org.asynchttpclient.netty.channel.ChannelManager - Adding key: http://0.0.0.0:4723 for channel [id: 0x5e8df1ca, L:/127.0.0.1:59751 - R:/127.0.0.1:4723]
18:14:31.135 [Forwarding isElementDisplayed on session 51d110e4-9a89-4ff0-9186-62327b06dde7 to remote] DEBUG org.asynchttpclient.netty.request.NettyRequestSender - Using pooled Channel '[id: 0x5e8df1ca, L:/127.0.0.1:59751 - R:/127.0.0.1:4723]' for 'GET' to 'http://0.0.0.0:4723/wd/hub/session/51d110e4-9a89-4ff0-9186-62327b06dde7/element/00000000-0000-05f9-0000-003400000003/displayed'
18:14:31.135 [Forwarding isElementDisplayed on session 51d110e4-9a89-4ff0-9186-62327b06dde7 to remote] DEBUG org.asynchttpclient.netty.request.NettyRequestSender - Using open Channel [id: 0x5e8df1ca, L:/127.0.0.1:59751 - R:/127.0.0.1:4723] for GET '/wd/hub/session/51d110e4-9a89-4ff0-9186-62327b06dde7/element/00000000-0000-05f9-0000-003400000003/displayed'
18:14:31.154 [AsyncHttpClient-1-2] DEBUG org.asynchttpclient.netty.handler.HttpHandler - 

Request DefaultFullHttpRequest(decodeResult: success, version: HTTP/1.1, content: EmptyByteBufBE)
GET /wd/hub/session/51d110e4-9a89-4ff0-9186-62327b06dde7/element/00000000-0000-05f9-0000-003400000003/displayed HTTP/1.1
User-Agent: appium/8.3.0 (selenium/4.8.1 (java windows))
Cache-Control: no-cache
Content-Type: application/json; charset=utf-8
host: 0.0.0.0:4723
accept: */*

Response DefaultHttpResponse(decodeResult: success, version: HTTP/1.1)
HTTP/1.1 200 OK
X-Powered-By: Express
Content-Type: application/json; charset=utf-8
Content-Length: 14
ETag: W/"e-2ZHvAWebNQpyjGZTg6uyV8/spTo"
Date: Sun, 07 May 2023 11:14:31 GMT
Connection: keep-alive
Keep-Alive: timeout=600

18:14:31.154 [AsyncHttpClient-1-2] DEBUG org.asynchttpclient.netty.channel.ChannelManager - Adding key: http://0.0.0.0:4723 for channel [id: 0x5e8df1ca, L:/127.0.0.1:59751 - R:/127.0.0.1:4723]
18:14:31.156 [Forwarding isElementEnabled on session 51d110e4-9a89-4ff0-9186-62327b06dde7 to remote] DEBUG org.asynchttpclient.netty.request.NettyRequestSender - Using pooled Channel '[id: 0x5e8df1ca, L:/127.0.0.1:59751 - R:/127.0.0.1:4723]' for 'GET' to 'http://0.0.0.0:4723/wd/hub/session/51d110e4-9a89-4ff0-9186-62327b06dde7/element/00000000-0000-05f9-0000-003400000003/enabled'
18:14:31.157 [Forwarding isElementEnabled on session 51d110e4-9a89-4ff0-9186-62327b06dde7 to remote] DEBUG org.asynchttpclient.netty.request.NettyRequestSender - Using open Channel [id: 0x5e8df1ca, L:/127.0.0.1:59751 - R:/127.0.0.1:4723] for GET '/wd/hub/session/51d110e4-9a89-4ff0-9186-62327b06dde7/element/00000000-0000-05f9-0000-003400000003/enabled'
18:14:31.172 [AsyncHttpClient-1-2] DEBUG org.asynchttpclient.netty.handler.HttpHandler - 

Request DefaultFullHttpRequest(decodeResult: success, version: HTTP/1.1, content: EmptyByteBufBE)
GET /wd/hub/session/51d110e4-9a89-4ff0-9186-62327b06dde7/element/00000000-0000-05f9-0000-003400000003/enabled HTTP/1.1
User-Agent: appium/8.3.0 (selenium/4.8.1 (java windows))
Cache-Control: no-cache
Content-Type: application/json; charset=utf-8
host: 0.0.0.0:4723
accept: */*

Response DefaultHttpResponse(decodeResult: success, version: HTTP/1.1)
HTTP/1.1 200 OK
X-Powered-By: Express
Content-Type: application/json; charset=utf-8
Content-Length: 14
ETag: W/"e-2ZHvAWebNQpyjGZTg6uyV8/spTo"
Date: Sun, 07 May 2023 11:14:31 GMT
Connection: keep-alive
Keep-Alive: timeout=600

18:14:31.172 [AsyncHttpClient-1-2] DEBUG org.asynchttpclient.netty.channel.ChannelManager - Adding key: http://0.0.0.0:4723 for channel [id: 0x5e8df1ca, L:/127.0.0.1:59751 - R:/127.0.0.1:4723]
18:14:31.174 [Forwarding clickElement on session 51d110e4-9a89-4ff0-9186-62327b06dde7 to remote] DEBUG org.asynchttpclient.netty.request.NettyRequestSender - Using pooled Channel '[id: 0x5e8df1ca, L:/127.0.0.1:59751 - R:/127.0.0.1:4723]' for 'POST' to 'http://0.0.0.0:4723/wd/hub/session/51d110e4-9a89-4ff0-9186-62327b06dde7/element/00000000-0000-05f9-0000-003400000003/click'
18:14:31.174 [Forwarding clickElement on session 51d110e4-9a89-4ff0-9186-62327b06dde7 to remote] DEBUG org.asynchttpclient.netty.request.NettyRequestSender - Using open Channel [id: 0x5e8df1ca, L:/127.0.0.1:59751 - R:/127.0.0.1:4723] for POST '/wd/hub/session/51d110e4-9a89-4ff0-9186-62327b06dde7/element/00000000-0000-05f9-0000-003400000003/click'
18:14:31.753 [AsyncHttpClient-1-2] DEBUG org.asynchttpclient.netty.handler.HttpHandler - 

Request DefaultHttpRequest(decodeResult: success, version: HTTP/1.1)
POST /wd/hub/session/51d110e4-9a89-4ff0-9186-62327b06dde7/element/00000000-0000-05f9-0000-003400000003/click HTTP/1.1
User-Agent: appium/8.3.0 (selenium/4.8.1 (java windows))
Content-Length: 50
Content-Type: application/json; charset=utf-8
host: 0.0.0.0:4723
accept: */*

Response DefaultHttpResponse(decodeResult: success, version: HTTP/1.1)
HTTP/1.1 200 OK
X-Powered-By: Express
Vary: X-HTTP-Method-Override
Content-Type: application/json; charset=utf-8
Content-Length: 14
ETag: W/"e-9/1BuKMgFObM1mWJm+YjxtXJnUM"
Date: Sun, 07 May 2023 11:14:31 GMT
Connection: keep-alive
Keep-Alive: timeout=600

18:14:31.753 [AsyncHttpClient-1-2] DEBUG org.asynchttpclient.netty.channel.ChannelManager - Adding key: http://0.0.0.0:4723 for channel [id: 0x5e8df1ca, L:/127.0.0.1:59751 - R:/127.0.0.1:4723]
18:14:31.755 [main] DEBUG net.thucydides.core.steps.StepInterceptor - STEP DONE: clickRegisterButton
]]></system-out>
  </testcase>
  <testcase name="user see error message email is required or can not empty" classname="user tidak dapat register karena tidak mengisi field nama email" time="0.181">
    <system-out><![CDATA[18:14:31.807 [AsyncHttpClient-1-1] DEBUG org.asynchttpclient.netty.channel.DefaultChannelPool - Entry count for : http://0.0.0.0:4723 : 1
18:14:31.810 [main] DEBUG net.thucydides.core.steps.StepInterceptor - STARTING STEP: RegisterSteps.userSeeErrorMessageEmailIsRequiredOrCanNotEmpty - getMessageonEmailCanNotEmpty
18:14:31.813 [Forwarding findElement on session 51d110e4-9a89-4ff0-9186-62327b06dde7 to remote] DEBUG org.asynchttpclient.netty.request.NettyRequestSender - Using pooled Channel '[id: 0x5e8df1ca, L:/127.0.0.1:59751 - R:/127.0.0.1:4723]' for 'POST' to 'http://0.0.0.0:4723/wd/hub/session/51d110e4-9a89-4ff0-9186-62327b06dde7/element'
18:14:31.813 [Forwarding findElement on session 51d110e4-9a89-4ff0-9186-62327b06dde7 to remote] DEBUG org.asynchttpclient.netty.request.NettyRequestSender - Using open Channel [id: 0x5e8df1ca, L:/127.0.0.1:59751 - R:/127.0.0.1:4723] for POST '/wd/hub/session/51d110e4-9a89-4ff0-9186-62327b06dde7/element'
18:14:31.888 [AsyncHttpClient-1-2] DEBUG org.asynchttpclient.netty.handler.HttpHandler - 

Request DefaultHttpRequest(decodeResult: success, version: HTTP/1.1)
POST /wd/hub/session/51d110e4-9a89-4ff0-9186-62327b06dde7/element HTTP/1.1
User-Agent: appium/8.3.0 (selenium/4.8.1 (java windows))
Content-Length: 105
Content-Type: application/json; charset=utf-8
host: 0.0.0.0:4723
accept: */*

Response DefaultHttpResponse(decodeResult: success, version: HTTP/1.1)
HTTP/1.1 200 OK
X-Powered-By: Express
Vary: X-HTTP-Method-Override
Content-Type: application/json; charset=utf-8
Content-Length: 137
ETag: W/"89-2FuAHUYD2HL2H8vH83Q+EvqJ0Ic"
Date: Sun, 07 May 2023 11:14:31 GMT
Connection: keep-alive
Keep-Alive: timeout=600

18:14:31.889 [AsyncHttpClient-1-2] DEBUG org.asynchttpclient.netty.channel.ChannelManager - Adding key: http://0.0.0.0:4723 for channel [id: 0x5e8df1ca, L:/127.0.0.1:59751 - R:/127.0.0.1:4723]
18:14:31.891 [Forwarding isElementDisplayed on session 51d110e4-9a89-4ff0-9186-62327b06dde7 to remote] DEBUG org.asynchttpclient.netty.request.NettyRequestSender - Using pooled Channel '[id: 0x5e8df1ca, L:/127.0.0.1:59751 - R:/127.0.0.1:4723]' for 'GET' to 'http://0.0.0.0:4723/wd/hub/session/51d110e4-9a89-4ff0-9186-62327b06dde7/element/00000000-0000-05f9-0000-003800000003/displayed'
18:14:31.892 [Forwarding isElementDisplayed on session 51d110e4-9a89-4ff0-9186-62327b06dde7 to remote] DEBUG org.asynchttpclient.netty.request.NettyRequestSender - Using open Channel [id: 0x5e8df1ca, L:/127.0.0.1:59751 - R:/127.0.0.1:4723] for GET '/wd/hub/session/51d110e4-9a89-4ff0-9186-62327b06dde7/element/00000000-0000-05f9-0000-003800000003/displayed'
18:14:31.919 [AsyncHttpClient-1-2] DEBUG org.asynchttpclient.netty.handler.HttpHandler - 

Request DefaultFullHttpRequest(decodeResult: success, version: HTTP/1.1, content: EmptyByteBufBE)
GET /wd/hub/session/51d110e4-9a89-4ff0-9186-62327b06dde7/element/00000000-0000-05f9-0000-003800000003/displayed HTTP/1.1
User-Agent: appium/8.3.0 (selenium/4.8.1 (java windows))
Cache-Control: no-cache
Content-Type: application/json; charset=utf-8
host: 0.0.0.0:4723
accept: */*

Response DefaultHttpResponse(decodeResult: success, version: HTTP/1.1)
HTTP/1.1 200 OK
X-Powered-By: Express
Content-Type: application/json; charset=utf-8
Content-Length: 14
ETag: W/"e-2ZHvAWebNQpyjGZTg6uyV8/spTo"
Date: Sun, 07 May 2023 11:14:31 GMT
Connection: keep-alive
Keep-Alive: timeout=600

18:14:31.919 [AsyncHttpClient-1-2] DEBUG org.asynchttpclient.netty.channel.ChannelManager - Adding key: http://0.0.0.0:4723 for channel [id: 0x5e8df1ca, L:/127.0.0.1:59751 - R:/127.0.0.1:4723]
18:14:31.922 [Forwarding getElementText on session 51d110e4-9a89-4ff0-9186-62327b06dde7 to remote] DEBUG org.asynchttpclient.netty.request.NettyRequestSender - Using pooled Channel '[id: 0x5e8df1ca, L:/127.0.0.1:59751 - R:/127.0.0.1:4723]' for 'GET' to 'http://0.0.0.0:4723/wd/hub/session/51d110e4-9a89-4ff0-9186-62327b06dde7/element/00000000-0000-05f9-0000-003800000003/text'
18:14:31.922 [Forwarding getElementText on session 51d110e4-9a89-4ff0-9186-62327b06dde7 to remote] DEBUG org.asynchttpclient.netty.request.NettyRequestSender - Using open Channel [id: 0x5e8df1ca, L:/127.0.0.1:59751 - R:/127.0.0.1:4723] for GET '/wd/hub/session/51d110e4-9a89-4ff0-9186-62327b06dde7/element/00000000-0000-05f9-0000-003800000003/text'
18:14:31.948 [AsyncHttpClient-1-2] DEBUG org.asynchttpclient.netty.handler.HttpHandler - 

Request DefaultFullHttpRequest(decodeResult: success, version: HTTP/1.1, content: EmptyByteBufBE)
GET /wd/hub/session/51d110e4-9a89-4ff0-9186-62327b06dde7/element/00000000-0000-05f9-0000-003800000003/text HTTP/1.1
User-Agent: appium/8.3.0 (selenium/4.8.1 (java windows))
Cache-Control: no-cache
Content-Type: application/json; charset=utf-8
host: 0.0.0.0:4723
accept: */*

Response DefaultHttpResponse(decodeResult: success, version: HTTP/1.1)
HTTP/1.1 200 OK
X-Powered-By: Express
Content-Type: application/json; charset=utf-8
Content-Length: 63
ETag: W/"3f-REONzipsy5VIQ7s2bZFNid5/Sy4"
Date: Sun, 07 May 2023 11:14:31 GMT
Connection: keep-alive
Keep-Alive: timeout=600

18:14:31.948 [AsyncHttpClient-1-2] DEBUG org.asynchttpclient.netty.channel.ChannelManager - Adding key: http://0.0.0.0:4723 for channel [id: 0x5e8df1ca, L:/127.0.0.1:59751 - R:/127.0.0.1:4723]
18:14:31.950 [main] DEBUG net.thucydides.core.steps.StepInterceptor - STEP DONE: getMessageonEmailCanNotEmpty
]]></system-out>
  </testcase>
  <testcase name="user on homepage AltaShop for register feature" classname="user tidak dapat register karena tidak mengisi field password" time="10.715">
    <system-out><![CDATA[18:14:31.957 [main] INFO  - 
  _____   ___   ___   _____     ___     _     ___   ___   ___   ___  
 |_   _| | __| / __| |_   _|   | _ \   /_\   / __| / __| | __| |   \ 
   | |   | _|  \__ \   | |     |  _/  / _ \  \__ \ \__ \ | _|  | |) |
   |_|   |___| |___/   |_|     |_|   /_/ \_\ |___/ |___/ |___| |___/ 

user tidak dapat register karena tidak mengisi field nama email
----------------------------------------------------------------------
18:14:31.997 [main] DEBUG io.cucumber.core.plugin.SerenityReporter - Running feature from file:///C:/Users/HP/Downloads/Mini-Project-QA/ALTASHOP%20MOBILE%20AUTOMATION/src/test/resources/features/2.%20Register.feature
18:14:32.007 [main] INFO  - 
  _____   ___   ___   _____     ___   _____     _     ___   _____   ___   ___  
 |_   _| | __| / __| |_   _|   / __| |_   _|   /_\   | _ \ |_   _| | __| |   \ 
   | |   | _|  \__ \   | |     \__ \   | |    / _ \  |   /   | |   | _|  | |) |
   |_|   |___| |___/   |_|     |___/   |_|   /_/ \_\ |_|_\   |_|   |___| |___/ 

user tidak dapat register karena tidak mengisi field password(register;user-tidak-dapat-register-karena-tidak-mengisi-field-password)
--------------------------------------------------------------------------------
18:14:32.030 [main] DEBUG net.thucydides.core.steps.StepInterceptor - STARTING STEP: RegisterSteps.userOnHomepageAltaShopForRegisterFeature - onHomepageAltaShop
18:14:32.039 [Forwarding newSession on session null to remote] DEBUG org.asynchttpclient.netty.request.NettyRequestSender - Using pooled Channel '[id: 0x5e8df1ca, L:/127.0.0.1:59751 - R:/127.0.0.1:4723]' for 'POST' to 'http://0.0.0.0:4723/wd/hub/session'
18:14:32.039 [Forwarding newSession on session null to remote] DEBUG org.asynchttpclient.netty.request.NettyRequestSender - Using open Channel [id: 0x5e8df1ca, L:/127.0.0.1:59751 - R:/127.0.0.1:4723] for POST '/wd/hub/session'
18:14:41.678 [AsyncHttpClient-1-2] DEBUG org.asynchttpclient.netty.handler.HttpHandler - 

Request DefaultHttpRequest(decodeResult: success, version: HTTP/1.1)
POST /wd/hub/session HTTP/1.1
X-Idempotency-Key: 46371f18-4cdd-45de-960e-8b11ef8f32b7
User-Agent: appium/8.3.0 (selenium/4.8.1 (java windows))
Content-Length: 335
Content-Type: application/json; charset=utf-8
host: 0.0.0.0:4723
accept: */*

Response DefaultHttpResponse(decodeResult: success, version: HTTP/1.1)
HTTP/1.1 200 OK
X-Powered-By: Express
Vary: X-HTTP-Method-Override
Content-Type: application/json; charset=utf-8
Content-Length: 988
ETag: W/"3dc-/FaWGVLhHKdt/i4ih70ZlCB6e7s"
Date: Sun, 07 May 2023 11:14:41 GMT
Connection: keep-alive
Keep-Alive: timeout=600

18:14:41.684 [AsyncHttpClient-1-2] DEBUG org.asynchttpclient.netty.channel.ChannelManager - Adding key: http://0.0.0.0:4723 for channel [id: 0x5e8df1ca, L:/127.0.0.1:59751 - R:/127.0.0.1:4723]
18:14:41.691 [AsyncHttpClient-1-1] DEBUG org.asynchttpclient.netty.channel.DefaultChannelPool - Entry count for : http://0.0.0.0:4723 : 1
18:14:41.699 [Forwarding setTimeout on session ea627fa9-86ec-4ea8-9536-c13b948ed341 to remote] DEBUG org.asynchttpclient.netty.request.NettyRequestSender - Using pooled Channel '[id: 0x5e8df1ca, L:/127.0.0.1:59751 - R:/127.0.0.1:4723]' for 'POST' to 'http://0.0.0.0:4723/wd/hub/session/ea627fa9-86ec-4ea8-9536-c13b948ed341/timeouts'
18:14:41.699 [Forwarding setTimeout on session ea627fa9-86ec-4ea8-9536-c13b948ed341 to remote] DEBUG org.asynchttpclient.netty.request.NettyRequestSender - Using open Channel [id: 0x5e8df1ca, L:/127.0.0.1:59751 - R:/127.0.0.1:4723] for POST '/wd/hub/session/ea627fa9-86ec-4ea8-9536-c13b948ed341/timeouts'
18:14:41.715 [AsyncHttpClient-1-2] DEBUG org.asynchttpclient.netty.handler.HttpHandler - 

Request DefaultHttpRequest(decodeResult: success, version: HTTP/1.1)
POST /wd/hub/session/ea627fa9-86ec-4ea8-9536-c13b948ed341/timeouts HTTP/1.1
User-Agent: appium/8.3.0 (selenium/4.8.1 (java windows))
Content-Length: 23
Content-Type: application/json; charset=utf-8
host: 0.0.0.0:4723
accept: */*

Response DefaultHttpResponse(decodeResult: success, version: HTTP/1.1)
HTTP/1.1 200 OK
X-Powered-By: Express
Vary: X-HTTP-Method-Override
Content-Type: application/json; charset=utf-8
Content-Length: 14
ETag: W/"e-9/1BuKMgFObM1mWJm+YjxtXJnUM"
Date: Sun, 07 May 2023 11:14:41 GMT
Connection: keep-alive
Keep-Alive: timeout=600

18:14:41.716 [AsyncHttpClient-1-2] DEBUG org.asynchttpclient.netty.channel.ChannelManager - Adding key: http://0.0.0.0:4723 for channel [id: 0x5e8df1ca, L:/127.0.0.1:59751 - R:/127.0.0.1:4723]
18:14:41.721 [Forwarding findElement on session ea627fa9-86ec-4ea8-9536-c13b948ed341 to remote] DEBUG org.asynchttpclient.netty.request.NettyRequestSender - Using pooled Channel '[id: 0x5e8df1ca, L:/127.0.0.1:59751 - R:/127.0.0.1:4723]' for 'POST' to 'http://0.0.0.0:4723/wd/hub/session/ea627fa9-86ec-4ea8-9536-c13b948ed341/element'
18:14:41.721 [Forwarding findElement on session ea627fa9-86ec-4ea8-9536-c13b948ed341 to remote] DEBUG org.asynchttpclient.netty.request.NettyRequestSender - Using open Channel [id: 0x5e8df1ca, L:/127.0.0.1:59751 - R:/127.0.0.1:4723] for POST '/wd/hub/session/ea627fa9-86ec-4ea8-9536-c13b948ed341/element'
18:14:42.673 [AsyncHttpClient-1-2] DEBUG org.asynchttpclient.netty.handler.HttpHandler - 

Request DefaultHttpRequest(decodeResult: success, version: HTTP/1.1)
POST /wd/hub/session/ea627fa9-86ec-4ea8-9536-c13b948ed341/element HTTP/1.1
User-Agent: appium/8.3.0 (selenium/4.8.1 (java windows))
Content-Length: 326
Content-Type: application/json; charset=utf-8
host: 0.0.0.0:4723
accept: */*

Response DefaultHttpResponse(decodeResult: success, version: HTTP/1.1)
HTTP/1.1 200 OK
X-Powered-By: Express
Vary: X-HTTP-Method-Override
Content-Type: application/json; charset=utf-8
Content-Length: 137
ETag: W/"89-KNED0cZfNiY5iqSx9skiC6lqQvo"
Date: Sun, 07 May 2023 11:14:42 GMT
Connection: keep-alive
Keep-Alive: timeout=600

18:14:42.674 [AsyncHttpClient-1-2] DEBUG org.asynchttpclient.netty.channel.ChannelManager - Adding key: http://0.0.0.0:4723 for channel [id: 0x5e8df1ca, L:/127.0.0.1:59751 - R:/127.0.0.1:4723]
18:14:42.676 [Forwarding isElementDisplayed on session ea627fa9-86ec-4ea8-9536-c13b948ed341 to remote] DEBUG org.asynchttpclient.netty.request.NettyRequestSender - Using pooled Channel '[id: 0x5e8df1ca, L:/127.0.0.1:59751 - R:/127.0.0.1:4723]' for 'GET' to 'http://0.0.0.0:4723/wd/hub/session/ea627fa9-86ec-4ea8-9536-c13b948ed341/element/00000000-0000-0607-0000-000700000003/displayed'
18:14:42.676 [Forwarding isElementDisplayed on session ea627fa9-86ec-4ea8-9536-c13b948ed341 to remote] DEBUG org.asynchttpclient.netty.request.NettyRequestSender - Using open Channel [id: 0x5e8df1ca, L:/127.0.0.1:59751 - R:/127.0.0.1:4723] for GET '/wd/hub/session/ea627fa9-86ec-4ea8-9536-c13b948ed341/element/00000000-0000-0607-0000-000700000003/displayed'
18:14:42.707 [AsyncHttpClient-1-2] DEBUG org.asynchttpclient.netty.handler.HttpHandler - 

Request DefaultFullHttpRequest(decodeResult: success, version: HTTP/1.1, content: EmptyByteBufBE)
GET /wd/hub/session/ea627fa9-86ec-4ea8-9536-c13b948ed341/element/00000000-0000-0607-0000-000700000003/displayed HTTP/1.1
User-Agent: appium/8.3.0 (selenium/4.8.1 (java windows))
Cache-Control: no-cache
Content-Type: application/json; charset=utf-8
host: 0.0.0.0:4723
accept: */*

Response DefaultHttpResponse(decodeResult: success, version: HTTP/1.1)
HTTP/1.1 200 OK
X-Powered-By: Express
Content-Type: application/json; charset=utf-8
Content-Length: 14
ETag: W/"e-2ZHvAWebNQpyjGZTg6uyV8/spTo"
Date: Sun, 07 May 2023 11:14:42 GMT
Connection: keep-alive
Keep-Alive: timeout=600

18:14:42.708 [AsyncHttpClient-1-2] DEBUG org.asynchttpclient.netty.channel.ChannelManager - Adding key: http://0.0.0.0:4723 for channel [id: 0x5e8df1ca, L:/127.0.0.1:59751 - R:/127.0.0.1:4723]
18:14:42.710 [Forwarding isElementDisplayed on session ea627fa9-86ec-4ea8-9536-c13b948ed341 to remote] DEBUG org.asynchttpclient.netty.request.NettyRequestSender - Using pooled Channel '[id: 0x5e8df1ca, L:/127.0.0.1:59751 - R:/127.0.0.1:4723]' for 'GET' to 'http://0.0.0.0:4723/wd/hub/session/ea627fa9-86ec-4ea8-9536-c13b948ed341/element/00000000-0000-0607-0000-000700000003/displayed'
18:14:42.710 [Forwarding isElementDisplayed on session ea627fa9-86ec-4ea8-9536-c13b948ed341 to remote] DEBUG org.asynchttpclient.netty.request.NettyRequestSender - Using open Channel [id: 0x5e8df1ca, L:/127.0.0.1:59751 - R:/127.0.0.1:4723] for GET '/wd/hub/session/ea627fa9-86ec-4ea8-9536-c13b948ed341/element/00000000-0000-0607-0000-000700000003/displayed'
18:14:42.729 [AsyncHttpClient-1-2] DEBUG org.asynchttpclient.netty.handler.HttpHandler - 

Request DefaultFullHttpRequest(decodeResult: success, version: HTTP/1.1, content: EmptyByteBufBE)
GET /wd/hub/session/ea627fa9-86ec-4ea8-9536-c13b948ed341/element/00000000-0000-0607-0000-000700000003/displayed HTTP/1.1
User-Agent: appium/8.3.0 (selenium/4.8.1 (java windows))
Cache-Control: no-cache
Content-Type: application/json; charset=utf-8
host: 0.0.0.0:4723
accept: */*

Response DefaultHttpResponse(decodeResult: success, version: HTTP/1.1)
HTTP/1.1 200 OK
X-Powered-By: Express
Content-Type: application/json; charset=utf-8
Content-Length: 14
ETag: W/"e-2ZHvAWebNQpyjGZTg6uyV8/spTo"
Date: Sun, 07 May 2023 11:14:42 GMT
Connection: keep-alive
Keep-Alive: timeout=600

18:14:42.729 [AsyncHttpClient-1-2] DEBUG org.asynchttpclient.netty.channel.ChannelManager - Adding key: http://0.0.0.0:4723 for channel [id: 0x5e8df1ca, L:/127.0.0.1:59751 - R:/127.0.0.1:4723]
18:14:42.731 [main] DEBUG net.thucydides.core.steps.StepInterceptor - STEP DONE: onHomepageAltaShop
]]></system-out>
  </testcase>
  <testcase name="user click login button for register feature" classname="user tidak dapat register karena tidak mengisi field password" time="1.094">
    <system-out><![CDATA[18:14:42.741 [main] DEBUG net.thucydides.core.steps.StepInterceptor - STARTING STEP: RegisterSteps.userClickLoginButtonForRegisterFeature - clickButtonLogin
18:14:42.744 [Forwarding findElement on session ea627fa9-86ec-4ea8-9536-c13b948ed341 to remote] DEBUG org.asynchttpclient.netty.request.NettyRequestSender - Using pooled Channel '[id: 0x5e8df1ca, L:/127.0.0.1:59751 - R:/127.0.0.1:4723]' for 'POST' to 'http://0.0.0.0:4723/wd/hub/session/ea627fa9-86ec-4ea8-9536-c13b948ed341/element'
18:14:42.744 [Forwarding findElement on session ea627fa9-86ec-4ea8-9536-c13b948ed341 to remote] DEBUG org.asynchttpclient.netty.request.NettyRequestSender - Using open Channel [id: 0x5e8df1ca, L:/127.0.0.1:59751 - R:/127.0.0.1:4723] for POST '/wd/hub/session/ea627fa9-86ec-4ea8-9536-c13b948ed341/element'
18:14:42.870 [AsyncHttpClient-1-2] DEBUG org.asynchttpclient.netty.handler.HttpHandler - 

Request DefaultHttpRequest(decodeResult: success, version: HTTP/1.1)
POST /wd/hub/session/ea627fa9-86ec-4ea8-9536-c13b948ed341/element HTTP/1.1
User-Agent: appium/8.3.0 (selenium/4.8.1 (java windows))
Content-Length: 326
Content-Type: application/json; charset=utf-8
host: 0.0.0.0:4723
accept: */*

Response DefaultHttpResponse(decodeResult: success, version: HTTP/1.1)
HTTP/1.1 200 OK
X-Powered-By: Express
Vary: X-HTTP-Method-Override
Content-Type: application/json; charset=utf-8
Content-Length: 137
ETag: W/"89-KNED0cZfNiY5iqSx9skiC6lqQvo"
Date: Sun, 07 May 2023 11:14:42 GMT
Connection: keep-alive
Keep-Alive: timeout=600

18:14:42.871 [AsyncHttpClient-1-2] DEBUG org.asynchttpclient.netty.channel.ChannelManager - Adding key: http://0.0.0.0:4723 for channel [id: 0x5e8df1ca, L:/127.0.0.1:59751 - R:/127.0.0.1:4723]
18:14:42.874 [Forwarding isElementDisplayed on session ea627fa9-86ec-4ea8-9536-c13b948ed341 to remote] DEBUG org.asynchttpclient.netty.request.NettyRequestSender - Using pooled Channel '[id: 0x5e8df1ca, L:/127.0.0.1:59751 - R:/127.0.0.1:4723]' for 'GET' to 'http://0.0.0.0:4723/wd/hub/session/ea627fa9-86ec-4ea8-9536-c13b948ed341/element/00000000-0000-0607-0000-000700000003/displayed'
18:14:42.874 [Forwarding isElementDisplayed on session ea627fa9-86ec-4ea8-9536-c13b948ed341 to remote] DEBUG org.asynchttpclient.netty.request.NettyRequestSender - Using open Channel [id: 0x5e8df1ca, L:/127.0.0.1:59751 - R:/127.0.0.1:4723] for GET '/wd/hub/session/ea627fa9-86ec-4ea8-9536-c13b948ed341/element/00000000-0000-0607-0000-000700000003/displayed'
18:14:42.908 [AsyncHttpClient-1-2] DEBUG org.asynchttpclient.netty.handler.HttpHandler - 

Request DefaultFullHttpRequest(decodeResult: success, version: HTTP/1.1, content: EmptyByteBufBE)
GET /wd/hub/session/ea627fa9-86ec-4ea8-9536-c13b948ed341/element/00000000-0000-0607-0000-000700000003/displayed HTTP/1.1
User-Agent: appium/8.3.0 (selenium/4.8.1 (java windows))
Cache-Control: no-cache
Content-Type: application/json; charset=utf-8
host: 0.0.0.0:4723
accept: */*

Response DefaultHttpResponse(decodeResult: success, version: HTTP/1.1)
HTTP/1.1 200 OK
X-Powered-By: Express
Content-Type: application/json; charset=utf-8
Content-Length: 14
ETag: W/"e-2ZHvAWebNQpyjGZTg6uyV8/spTo"
Date: Sun, 07 May 2023 11:14:42 GMT
Connection: keep-alive
Keep-Alive: timeout=600

18:14:42.911 [AsyncHttpClient-1-2] DEBUG org.asynchttpclient.netty.channel.ChannelManager - Adding key: http://0.0.0.0:4723 for channel [id: 0x5e8df1ca, L:/127.0.0.1:59751 - R:/127.0.0.1:4723]
18:14:42.917 [Forwarding isElementEnabled on session ea627fa9-86ec-4ea8-9536-c13b948ed341 to remote] DEBUG org.asynchttpclient.netty.request.NettyRequestSender - Using pooled Channel '[id: 0x5e8df1ca, L:/127.0.0.1:59751 - R:/127.0.0.1:4723]' for 'GET' to 'http://0.0.0.0:4723/wd/hub/session/ea627fa9-86ec-4ea8-9536-c13b948ed341/element/00000000-0000-0607-0000-000700000003/enabled'
18:14:42.917 [Forwarding isElementEnabled on session ea627fa9-86ec-4ea8-9536-c13b948ed341 to remote] DEBUG org.asynchttpclient.netty.request.NettyRequestSender - Using open Channel [id: 0x5e8df1ca, L:/127.0.0.1:59751 - R:/127.0.0.1:4723] for GET '/wd/hub/session/ea627fa9-86ec-4ea8-9536-c13b948ed341/element/00000000-0000-0607-0000-000700000003/enabled'
18:14:42.941 [AsyncHttpClient-1-2] DEBUG org.asynchttpclient.netty.handler.HttpHandler - 

Request DefaultFullHttpRequest(decodeResult: success, version: HTTP/1.1, content: EmptyByteBufBE)
GET /wd/hub/session/ea627fa9-86ec-4ea8-9536-c13b948ed341/element/00000000-0000-0607-0000-000700000003/enabled HTTP/1.1
User-Agent: appium/8.3.0 (selenium/4.8.1 (java windows))
Cache-Control: no-cache
Content-Type: application/json; charset=utf-8
host: 0.0.0.0:4723
accept: */*

Response DefaultHttpResponse(decodeResult: success, version: HTTP/1.1)
HTTP/1.1 200 OK
X-Powered-By: Express
Content-Type: application/json; charset=utf-8
Content-Length: 14
ETag: W/"e-2ZHvAWebNQpyjGZTg6uyV8/spTo"
Date: Sun, 07 May 2023 11:14:42 GMT
Connection: keep-alive
Keep-Alive: timeout=600

18:14:42.942 [AsyncHttpClient-1-2] DEBUG org.asynchttpclient.netty.channel.ChannelManager - Adding key: http://0.0.0.0:4723 for channel [id: 0x5e8df1ca, L:/127.0.0.1:59751 - R:/127.0.0.1:4723]
18:14:42.944 [Forwarding clickElement on session ea627fa9-86ec-4ea8-9536-c13b948ed341 to remote] DEBUG org.asynchttpclient.netty.request.NettyRequestSender - Using pooled Channel '[id: 0x5e8df1ca, L:/127.0.0.1:59751 - R:/127.0.0.1:4723]' for 'POST' to 'http://0.0.0.0:4723/wd/hub/session/ea627fa9-86ec-4ea8-9536-c13b948ed341/element/00000000-0000-0607-0000-000700000003/click'
18:14:42.945 [Forwarding clickElement on session ea627fa9-86ec-4ea8-9536-c13b948ed341 to remote] DEBUG org.asynchttpclient.netty.request.NettyRequestSender - Using open Channel [id: 0x5e8df1ca, L:/127.0.0.1:59751 - R:/127.0.0.1:4723] for POST '/wd/hub/session/ea627fa9-86ec-4ea8-9536-c13b948ed341/element/00000000-0000-0607-0000-000700000003/click'
18:14:43.828 [AsyncHttpClient-1-2] DEBUG org.asynchttpclient.netty.handler.HttpHandler - 

Request DefaultHttpRequest(decodeResult: success, version: HTTP/1.1)
POST /wd/hub/session/ea627fa9-86ec-4ea8-9536-c13b948ed341/element/00000000-0000-0607-0000-000700000003/click HTTP/1.1
User-Agent: appium/8.3.0 (selenium/4.8.1 (java windows))
Content-Length: 50
Content-Type: application/json; charset=utf-8
host: 0.0.0.0:4723
accept: */*

Response DefaultHttpResponse(decodeResult: success, version: HTTP/1.1)
HTTP/1.1 200 OK
X-Powered-By: Express
Vary: X-HTTP-Method-Override
Content-Type: application/json; charset=utf-8
Content-Length: 14
ETag: W/"e-9/1BuKMgFObM1mWJm+YjxtXJnUM"
Date: Sun, 07 May 2023 11:14:43 GMT
Connection: keep-alive
Keep-Alive: timeout=600

18:14:43.829 [AsyncHttpClient-1-2] DEBUG org.asynchttpclient.netty.channel.ChannelManager - Adding key: http://0.0.0.0:4723 for channel [id: 0x5e8df1ca, L:/127.0.0.1:59751 - R:/127.0.0.1:4723]
18:14:43.830 [main] DEBUG net.thucydides.core.steps.StepInterceptor - STEP DONE: clickButtonLogin
]]></system-out>
  </testcase>
  <testcase name="user click link register for register feature" classname="user tidak dapat register karena tidak mengisi field password" time="0.198">
    <system-out><![CDATA[18:14:43.841 [main] DEBUG net.thucydides.core.steps.StepInterceptor - STARTING STEP: RegisterSteps.userClickLinkRegisterForRegisterFeature - clickLinkRegister
18:14:43.842 [Forwarding findElement on session ea627fa9-86ec-4ea8-9536-c13b948ed341 to remote] DEBUG org.asynchttpclient.netty.request.NettyRequestSender - Using pooled Channel '[id: 0x5e8df1ca, L:/127.0.0.1:59751 - R:/127.0.0.1:4723]' for 'POST' to 'http://0.0.0.0:4723/wd/hub/session/ea627fa9-86ec-4ea8-9536-c13b948ed341/element'
18:14:43.842 [Forwarding findElement on session ea627fa9-86ec-4ea8-9536-c13b948ed341 to remote] DEBUG org.asynchttpclient.netty.request.NettyRequestSender - Using open Channel [id: 0x5e8df1ca, L:/127.0.0.1:59751 - R:/127.0.0.1:4723] for POST '/wd/hub/session/ea627fa9-86ec-4ea8-9536-c13b948ed341/element'
18:14:43.902 [AsyncHttpClient-1-2] DEBUG org.asynchttpclient.netty.handler.HttpHandler - 

Request DefaultHttpRequest(decodeResult: success, version: HTTP/1.1)
POST /wd/hub/session/ea627fa9-86ec-4ea8-9536-c13b948ed341/element HTTP/1.1
User-Agent: appium/8.3.0 (selenium/4.8.1 (java windows))
Content-Length: 98
Content-Type: application/json; charset=utf-8
host: 0.0.0.0:4723
accept: */*

Response DefaultHttpResponse(decodeResult: success, version: HTTP/1.1)
HTTP/1.1 200 OK
X-Powered-By: Express
Vary: X-HTTP-Method-Override
Content-Type: application/json; charset=utf-8
Content-Length: 137
ETag: W/"89-6sVGcBG8AptoB5KIicmxGKygXCc"
Date: Sun, 07 May 2023 11:14:43 GMT
Connection: keep-alive
Keep-Alive: timeout=600

18:14:43.903 [AsyncHttpClient-1-2] DEBUG org.asynchttpclient.netty.channel.ChannelManager - Adding key: http://0.0.0.0:4723 for channel [id: 0x5e8df1ca, L:/127.0.0.1:59751 - R:/127.0.0.1:4723]
18:14:43.905 [Forwarding isElementDisplayed on session ea627fa9-86ec-4ea8-9536-c13b948ed341 to remote] DEBUG org.asynchttpclient.netty.request.NettyRequestSender - Using pooled Channel '[id: 0x5e8df1ca, L:/127.0.0.1:59751 - R:/127.0.0.1:4723]' for 'GET' to 'http://0.0.0.0:4723/wd/hub/session/ea627fa9-86ec-4ea8-9536-c13b948ed341/element/00000000-0000-0607-0000-002b00000003/displayed'
18:14:43.905 [Forwarding isElementDisplayed on session ea627fa9-86ec-4ea8-9536-c13b948ed341 to remote] DEBUG org.asynchttpclient.netty.request.NettyRequestSender - Using open Channel [id: 0x5e8df1ca, L:/127.0.0.1:59751 - R:/127.0.0.1:4723] for GET '/wd/hub/session/ea627fa9-86ec-4ea8-9536-c13b948ed341/element/00000000-0000-0607-0000-002b00000003/displayed'
18:14:43.927 [AsyncHttpClient-1-2] DEBUG org.asynchttpclient.netty.handler.HttpHandler - 

Request DefaultFullHttpRequest(decodeResult: success, version: HTTP/1.1, content: EmptyByteBufBE)
GET /wd/hub/session/ea627fa9-86ec-4ea8-9536-c13b948ed341/element/00000000-0000-0607-0000-002b00000003/displayed HTTP/1.1
User-Agent: appium/8.3.0 (selenium/4.8.1 (java windows))
Cache-Control: no-cache
Content-Type: application/json; charset=utf-8
host: 0.0.0.0:4723
accept: */*

Response DefaultHttpResponse(decodeResult: success, version: HTTP/1.1)
HTTP/1.1 200 OK
X-Powered-By: Express
Content-Type: application/json; charset=utf-8
Content-Length: 14
ETag: W/"e-2ZHvAWebNQpyjGZTg6uyV8/spTo"
Date: Sun, 07 May 2023 11:14:43 GMT
Connection: keep-alive
Keep-Alive: timeout=600

18:14:43.927 [AsyncHttpClient-1-2] DEBUG org.asynchttpclient.netty.channel.ChannelManager - Adding key: http://0.0.0.0:4723 for channel [id: 0x5e8df1ca, L:/127.0.0.1:59751 - R:/127.0.0.1:4723]
18:14:43.929 [Forwarding isElementEnabled on session ea627fa9-86ec-4ea8-9536-c13b948ed341 to remote] DEBUG org.asynchttpclient.netty.request.NettyRequestSender - Using pooled Channel '[id: 0x5e8df1ca, L:/127.0.0.1:59751 - R:/127.0.0.1:4723]' for 'GET' to 'http://0.0.0.0:4723/wd/hub/session/ea627fa9-86ec-4ea8-9536-c13b948ed341/element/00000000-0000-0607-0000-002b00000003/enabled'
18:14:43.929 [Forwarding isElementEnabled on session ea627fa9-86ec-4ea8-9536-c13b948ed341 to remote] DEBUG org.asynchttpclient.netty.request.NettyRequestSender - Using open Channel [id: 0x5e8df1ca, L:/127.0.0.1:59751 - R:/127.0.0.1:4723] for GET '/wd/hub/session/ea627fa9-86ec-4ea8-9536-c13b948ed341/element/00000000-0000-0607-0000-002b00000003/enabled'
18:14:43.956 [AsyncHttpClient-1-2] DEBUG org.asynchttpclient.netty.handler.HttpHandler - 

Request DefaultFullHttpRequest(decodeResult: success, version: HTTP/1.1, content: EmptyByteBufBE)
GET /wd/hub/session/ea627fa9-86ec-4ea8-9536-c13b948ed341/element/00000000-0000-0607-0000-002b00000003/enabled HTTP/1.1
User-Agent: appium/8.3.0 (selenium/4.8.1 (java windows))
Cache-Control: no-cache
Content-Type: application/json; charset=utf-8
host: 0.0.0.0:4723
accept: */*

Response DefaultHttpResponse(decodeResult: success, version: HTTP/1.1)
HTTP/1.1 200 OK
X-Powered-By: Express
Content-Type: application/json; charset=utf-8
Content-Length: 14
ETag: W/"e-2ZHvAWebNQpyjGZTg6uyV8/spTo"
Date: Sun, 07 May 2023 11:14:43 GMT
Connection: keep-alive
Keep-Alive: timeout=600

18:14:43.956 [AsyncHttpClient-1-2] DEBUG org.asynchttpclient.netty.channel.ChannelManager - Adding key: http://0.0.0.0:4723 for channel [id: 0x5e8df1ca, L:/127.0.0.1:59751 - R:/127.0.0.1:4723]
18:14:43.963 [Forwarding clickElement on session ea627fa9-86ec-4ea8-9536-c13b948ed341 to remote] DEBUG org.asynchttpclient.netty.request.NettyRequestSender - Using pooled Channel '[id: 0x5e8df1ca, L:/127.0.0.1:59751 - R:/127.0.0.1:4723]' for 'POST' to 'http://0.0.0.0:4723/wd/hub/session/ea627fa9-86ec-4ea8-9536-c13b948ed341/element/00000000-0000-0607-0000-002b00000003/click'
18:14:43.963 [Forwarding clickElement on session ea627fa9-86ec-4ea8-9536-c13b948ed341 to remote] DEBUG org.asynchttpclient.netty.request.NettyRequestSender - Using open Channel [id: 0x5e8df1ca, L:/127.0.0.1:59751 - R:/127.0.0.1:4723] for POST '/wd/hub/session/ea627fa9-86ec-4ea8-9536-c13b948ed341/element/00000000-0000-0607-0000-002b00000003/click'
18:14:44.031 [AsyncHttpClient-1-2] DEBUG org.asynchttpclient.netty.handler.HttpHandler - 

Request DefaultHttpRequest(decodeResult: success, version: HTTP/1.1)
POST /wd/hub/session/ea627fa9-86ec-4ea8-9536-c13b948ed341/element/00000000-0000-0607-0000-002b00000003/click HTTP/1.1
User-Agent: appium/8.3.0 (selenium/4.8.1 (java windows))
Content-Length: 50
Content-Type: application/json; charset=utf-8
host: 0.0.0.0:4723
accept: */*

Response DefaultHttpResponse(decodeResult: success, version: HTTP/1.1)
HTTP/1.1 200 OK
X-Powered-By: Express
Vary: X-HTTP-Method-Override
Content-Type: application/json; charset=utf-8
Content-Length: 14
ETag: W/"e-9/1BuKMgFObM1mWJm+YjxtXJnUM"
Date: Sun, 07 May 2023 11:14:44 GMT
Connection: keep-alive
Keep-Alive: timeout=600

18:14:44.031 [AsyncHttpClient-1-2] DEBUG org.asynchttpclient.netty.channel.ChannelManager - Adding key: http://0.0.0.0:4723 for channel [id: 0x5e8df1ca, L:/127.0.0.1:59751 - R:/127.0.0.1:4723]
18:14:44.034 [main] DEBUG net.thucydides.core.steps.StepInterceptor - STEP DONE: clickLinkRegister
]]></system-out>
  </testcase>
  <testcase name="user input fullname for register feature" classname="user tidak dapat register karena tidak mengisi field password" time="2.158">
    <system-out><![CDATA[18:14:44.052 [main] DEBUG net.thucydides.core.steps.StepInterceptor - STARTING STEP: RegisterSteps.userInputFullnameForRegisterFeature - inputFullname
18:14:44.058 [Forwarding findElement on session ea627fa9-86ec-4ea8-9536-c13b948ed341 to remote] DEBUG org.asynchttpclient.netty.request.NettyRequestSender - Using pooled Channel '[id: 0x5e8df1ca, L:/127.0.0.1:59751 - R:/127.0.0.1:4723]' for 'POST' to 'http://0.0.0.0:4723/wd/hub/session/ea627fa9-86ec-4ea8-9536-c13b948ed341/element'
18:14:44.058 [Forwarding findElement on session ea627fa9-86ec-4ea8-9536-c13b948ed341 to remote] DEBUG org.asynchttpclient.netty.request.NettyRequestSender - Using open Channel [id: 0x5e8df1ca, L:/127.0.0.1:59751 - R:/127.0.0.1:4723] for POST '/wd/hub/session/ea627fa9-86ec-4ea8-9536-c13b948ed341/element'
18:14:44.866 [AsyncHttpClient-1-2] DEBUG org.asynchttpclient.netty.handler.HttpHandler - 

Request DefaultHttpRequest(decodeResult: success, version: HTTP/1.1)
POST /wd/hub/session/ea627fa9-86ec-4ea8-9536-c13b948ed341/element HTTP/1.1
User-Agent: appium/8.3.0 (selenium/4.8.1 (java windows))
Content-Length: 305
Content-Type: application/json; charset=utf-8
host: 0.0.0.0:4723
accept: */*

Response DefaultHttpResponse(decodeResult: success, version: HTTP/1.1)
HTTP/1.1 200 OK
X-Powered-By: Express
Vary: X-HTTP-Method-Override
Content-Type: application/json; charset=utf-8
Content-Length: 137
ETag: W/"89-G8PTrUIBYU6pZou3jgg279DJVng"
Date: Sun, 07 May 2023 11:14:44 GMT
Connection: keep-alive
Keep-Alive: timeout=600

18:14:44.867 [AsyncHttpClient-1-2] DEBUG org.asynchttpclient.netty.channel.ChannelManager - Adding key: http://0.0.0.0:4723 for channel [id: 0x5e8df1ca, L:/127.0.0.1:59751 - R:/127.0.0.1:4723]
18:14:44.868 [Forwarding isElementDisplayed on session ea627fa9-86ec-4ea8-9536-c13b948ed341 to remote] DEBUG org.asynchttpclient.netty.request.NettyRequestSender - Using pooled Channel '[id: 0x5e8df1ca, L:/127.0.0.1:59751 - R:/127.0.0.1:4723]' for 'GET' to 'http://0.0.0.0:4723/wd/hub/session/ea627fa9-86ec-4ea8-9536-c13b948ed341/element/00000000-0000-0607-0000-003100000003/displayed'
18:14:44.868 [Forwarding isElementDisplayed on session ea627fa9-86ec-4ea8-9536-c13b948ed341 to remote] DEBUG org.asynchttpclient.netty.request.NettyRequestSender - Using open Channel [id: 0x5e8df1ca, L:/127.0.0.1:59751 - R:/127.0.0.1:4723] for GET '/wd/hub/session/ea627fa9-86ec-4ea8-9536-c13b948ed341/element/00000000-0000-0607-0000-003100000003/displayed'
18:14:44.885 [AsyncHttpClient-1-2] DEBUG org.asynchttpclient.netty.handler.HttpHandler - 

Request DefaultFullHttpRequest(decodeResult: success, version: HTTP/1.1, content: EmptyByteBufBE)
GET /wd/hub/session/ea627fa9-86ec-4ea8-9536-c13b948ed341/element/00000000-0000-0607-0000-003100000003/displayed HTTP/1.1
User-Agent: appium/8.3.0 (selenium/4.8.1 (java windows))
Cache-Control: no-cache
Content-Type: application/json; charset=utf-8
host: 0.0.0.0:4723
accept: */*

Response DefaultHttpResponse(decodeResult: success, version: HTTP/1.1)
HTTP/1.1 200 OK
X-Powered-By: Express
Content-Type: application/json; charset=utf-8
Content-Length: 14
ETag: W/"e-2ZHvAWebNQpyjGZTg6uyV8/spTo"
Date: Sun, 07 May 2023 11:14:44 GMT
Connection: keep-alive
Keep-Alive: timeout=600

18:14:44.886 [AsyncHttpClient-1-2] DEBUG org.asynchttpclient.netty.channel.ChannelManager - Adding key: http://0.0.0.0:4723 for channel [id: 0x5e8df1ca, L:/127.0.0.1:59751 - R:/127.0.0.1:4723]
18:14:44.887 [Forwarding isElementEnabled on session ea627fa9-86ec-4ea8-9536-c13b948ed341 to remote] DEBUG org.asynchttpclient.netty.request.NettyRequestSender - Using pooled Channel '[id: 0x5e8df1ca, L:/127.0.0.1:59751 - R:/127.0.0.1:4723]' for 'GET' to 'http://0.0.0.0:4723/wd/hub/session/ea627fa9-86ec-4ea8-9536-c13b948ed341/element/00000000-0000-0607-0000-003100000003/enabled'
18:14:44.887 [Forwarding isElementEnabled on session ea627fa9-86ec-4ea8-9536-c13b948ed341 to remote] DEBUG org.asynchttpclient.netty.request.NettyRequestSender - Using open Channel [id: 0x5e8df1ca, L:/127.0.0.1:59751 - R:/127.0.0.1:4723] for GET '/wd/hub/session/ea627fa9-86ec-4ea8-9536-c13b948ed341/element/00000000-0000-0607-0000-003100000003/enabled'
18:14:44.903 [AsyncHttpClient-1-2] DEBUG org.asynchttpclient.netty.handler.HttpHandler - 

Request DefaultFullHttpRequest(decodeResult: success, version: HTTP/1.1, content: EmptyByteBufBE)
GET /wd/hub/session/ea627fa9-86ec-4ea8-9536-c13b948ed341/element/00000000-0000-0607-0000-003100000003/enabled HTTP/1.1
User-Agent: appium/8.3.0 (selenium/4.8.1 (java windows))
Cache-Control: no-cache
Content-Type: application/json; charset=utf-8
host: 0.0.0.0:4723
accept: */*

Response DefaultHttpResponse(decodeResult: success, version: HTTP/1.1)
HTTP/1.1 200 OK
X-Powered-By: Express
Content-Type: application/json; charset=utf-8
Content-Length: 14
ETag: W/"e-2ZHvAWebNQpyjGZTg6uyV8/spTo"
Date: Sun, 07 May 2023 11:14:44 GMT
Connection: keep-alive
Keep-Alive: timeout=600

18:14:44.904 [AsyncHttpClient-1-2] DEBUG org.asynchttpclient.netty.channel.ChannelManager - Adding key: http://0.0.0.0:4723 for channel [id: 0x5e8df1ca, L:/127.0.0.1:59751 - R:/127.0.0.1:4723]
18:14:44.906 [Forwarding clickElement on session ea627fa9-86ec-4ea8-9536-c13b948ed341 to remote] DEBUG org.asynchttpclient.netty.request.NettyRequestSender - Using pooled Channel '[id: 0x5e8df1ca, L:/127.0.0.1:59751 - R:/127.0.0.1:4723]' for 'POST' to 'http://0.0.0.0:4723/wd/hub/session/ea627fa9-86ec-4ea8-9536-c13b948ed341/element/00000000-0000-0607-0000-003100000003/click'
18:14:44.906 [Forwarding clickElement on session ea627fa9-86ec-4ea8-9536-c13b948ed341 to remote] DEBUG org.asynchttpclient.netty.request.NettyRequestSender - Using open Channel [id: 0x5e8df1ca, L:/127.0.0.1:59751 - R:/127.0.0.1:4723] for POST '/wd/hub/session/ea627fa9-86ec-4ea8-9536-c13b948ed341/element/00000000-0000-0607-0000-003100000003/click'
18:14:44.976 [AsyncHttpClient-1-2] DEBUG org.asynchttpclient.netty.handler.HttpHandler - 

Request DefaultHttpRequest(decodeResult: success, version: HTTP/1.1)
POST /wd/hub/session/ea627fa9-86ec-4ea8-9536-c13b948ed341/element/00000000-0000-0607-0000-003100000003/click HTTP/1.1
User-Agent: appium/8.3.0 (selenium/4.8.1 (java windows))
Content-Length: 50
Content-Type: application/json; charset=utf-8
host: 0.0.0.0:4723
accept: */*

Response DefaultHttpResponse(decodeResult: success, version: HTTP/1.1)
HTTP/1.1 200 OK
X-Powered-By: Express
Vary: X-HTTP-Method-Override
Content-Type: application/json; charset=utf-8
Content-Length: 14
ETag: W/"e-9/1BuKMgFObM1mWJm+YjxtXJnUM"
Date: Sun, 07 May 2023 11:14:44 GMT
Connection: keep-alive
Keep-Alive: timeout=600

18:14:44.978 [AsyncHttpClient-1-2] DEBUG org.asynchttpclient.netty.channel.ChannelManager - Adding key: http://0.0.0.0:4723 for channel [id: 0x5e8df1ca, L:/127.0.0.1:59751 - R:/127.0.0.1:4723]
18:14:44.981 [Forwarding findElement on session ea627fa9-86ec-4ea8-9536-c13b948ed341 to remote] DEBUG org.asynchttpclient.netty.request.NettyRequestSender - Using pooled Channel '[id: 0x5e8df1ca, L:/127.0.0.1:59751 - R:/127.0.0.1:4723]' for 'POST' to 'http://0.0.0.0:4723/wd/hub/session/ea627fa9-86ec-4ea8-9536-c13b948ed341/element'
18:14:44.981 [Forwarding findElement on session ea627fa9-86ec-4ea8-9536-c13b948ed341 to remote] DEBUG org.asynchttpclient.netty.request.NettyRequestSender - Using open Channel [id: 0x5e8df1ca, L:/127.0.0.1:59751 - R:/127.0.0.1:4723] for POST '/wd/hub/session/ea627fa9-86ec-4ea8-9536-c13b948ed341/element'
18:14:46.133 [AsyncHttpClient-1-2] DEBUG org.asynchttpclient.netty.handler.HttpHandler - 

Request DefaultHttpRequest(decodeResult: success, version: HTTP/1.1)
POST /wd/hub/session/ea627fa9-86ec-4ea8-9536-c13b948ed341/element HTTP/1.1
User-Agent: appium/8.3.0 (selenium/4.8.1 (java windows))
Content-Length: 305
Content-Type: application/json; charset=utf-8
host: 0.0.0.0:4723
accept: */*

Response DefaultHttpResponse(decodeResult: success, version: HTTP/1.1)
HTTP/1.1 200 OK
X-Powered-By: Express
Vary: X-HTTP-Method-Override
Content-Type: application/json; charset=utf-8
Content-Length: 137
ETag: W/"89-G8PTrUIBYU6pZou3jgg279DJVng"
Date: Sun, 07 May 2023 11:14:46 GMT
Connection: keep-alive
Keep-Alive: timeout=600

18:14:46.133 [AsyncHttpClient-1-2] DEBUG org.asynchttpclient.netty.channel.ChannelManager - Adding key: http://0.0.0.0:4723 for channel [id: 0x5e8df1ca, L:/127.0.0.1:59751 - R:/127.0.0.1:4723]
18:14:46.137 [Forwarding sendKeysToElement on session ea627fa9-86ec-4ea8-9536-c13b948ed341 to remote] DEBUG org.asynchttpclient.netty.request.NettyRequestSender - Using pooled Channel '[id: 0x5e8df1ca, L:/127.0.0.1:59751 - R:/127.0.0.1:4723]' for 'POST' to 'http://0.0.0.0:4723/wd/hub/session/ea627fa9-86ec-4ea8-9536-c13b948ed341/element/00000000-0000-0607-0000-003100000003/value'
18:14:46.137 [Forwarding sendKeysToElement on session ea627fa9-86ec-4ea8-9536-c13b948ed341 to remote] DEBUG org.asynchttpclient.netty.request.NettyRequestSender - Using open Channel [id: 0x5e8df1ca, L:/127.0.0.1:59751 - R:/127.0.0.1:4723] for POST '/wd/hub/session/ea627fa9-86ec-4ea8-9536-c13b948ed341/element/00000000-0000-0607-0000-003100000003/value'
18:14:46.195 [AsyncHttpClient-1-2] DEBUG org.asynchttpclient.netty.handler.HttpHandler - 

Request DefaultHttpRequest(decodeResult: success, version: HTTP/1.1)
POST /wd/hub/session/ea627fa9-86ec-4ea8-9536-c13b948ed341/element/00000000-0000-0607-0000-003100000003/value HTTP/1.1
User-Agent: appium/8.3.0 (selenium/4.8.1 (java windows))
Content-Length: 201
Content-Type: application/json; charset=utf-8
host: 0.0.0.0:4723
accept: */*

Response DefaultHttpResponse(decodeResult: success, version: HTTP/1.1)
HTTP/1.1 200 OK
X-Powered-By: Express
Vary: X-HTTP-Method-Override
Content-Type: application/json; charset=utf-8
Content-Length: 14
ETag: W/"e-9/1BuKMgFObM1mWJm+YjxtXJnUM"
Date: Sun, 07 May 2023 11:14:46 GMT
Connection: keep-alive
Keep-Alive: timeout=600

18:14:46.196 [AsyncHttpClient-1-2] DEBUG org.asynchttpclient.netty.channel.ChannelManager - Adding key: http://0.0.0.0:4723 for channel [id: 0x5e8df1ca, L:/127.0.0.1:59751 - R:/127.0.0.1:4723]
18:14:46.198 [main] DEBUG net.thucydides.core.steps.StepInterceptor - STEP DONE: inputFullname
]]></system-out>
  </testcase>
  <testcase name="user input email for register feature" classname="user tidak dapat register karena tidak mengisi field password" time="1.787">
    <system-out><![CDATA[18:14:46.216 [main] DEBUG net.thucydides.core.steps.StepInterceptor - STARTING STEP: RegisterSteps.userInputEmailForRegisterFeature - inputEmail
18:14:46.221 [Forwarding findElement on session ea627fa9-86ec-4ea8-9536-c13b948ed341 to remote] DEBUG org.asynchttpclient.netty.request.NettyRequestSender - Using pooled Channel '[id: 0x5e8df1ca, L:/127.0.0.1:59751 - R:/127.0.0.1:4723]' for 'POST' to 'http://0.0.0.0:4723/wd/hub/session/ea627fa9-86ec-4ea8-9536-c13b948ed341/element'
18:14:46.221 [Forwarding findElement on session ea627fa9-86ec-4ea8-9536-c13b948ed341 to remote] DEBUG org.asynchttpclient.netty.request.NettyRequestSender - Using open Channel [id: 0x5e8df1ca, L:/127.0.0.1:59751 - R:/127.0.0.1:4723] for POST '/wd/hub/session/ea627fa9-86ec-4ea8-9536-c13b948ed341/element'
18:14:47.030 [AsyncHttpClient-1-2] DEBUG org.asynchttpclient.netty.handler.HttpHandler - 

Request DefaultHttpRequest(decodeResult: success, version: HTTP/1.1)
POST /wd/hub/session/ea627fa9-86ec-4ea8-9536-c13b948ed341/element HTTP/1.1
User-Agent: appium/8.3.0 (selenium/4.8.1 (java windows))
Content-Length: 305
Content-Type: application/json; charset=utf-8
host: 0.0.0.0:4723
accept: */*

Response DefaultHttpResponse(decodeResult: success, version: HTTP/1.1)
HTTP/1.1 200 OK
X-Powered-By: Express
Vary: X-HTTP-Method-Override
Content-Type: application/json; charset=utf-8
Content-Length: 137
ETag: W/"89-+/dYvszpeINZfla3S4jxUMS4/V0"
Date: Sun, 07 May 2023 11:14:47 GMT
Connection: keep-alive
Keep-Alive: timeout=600

18:14:47.030 [AsyncHttpClient-1-2] DEBUG org.asynchttpclient.netty.channel.ChannelManager - Adding key: http://0.0.0.0:4723 for channel [id: 0x5e8df1ca, L:/127.0.0.1:59751 - R:/127.0.0.1:4723]
18:14:47.032 [Forwarding isElementDisplayed on session ea627fa9-86ec-4ea8-9536-c13b948ed341 to remote] DEBUG org.asynchttpclient.netty.request.NettyRequestSender - Using pooled Channel '[id: 0x5e8df1ca, L:/127.0.0.1:59751 - R:/127.0.0.1:4723]' for 'GET' to 'http://0.0.0.0:4723/wd/hub/session/ea627fa9-86ec-4ea8-9536-c13b948ed341/element/00000000-0000-0607-0000-003200000003/displayed'
18:14:47.032 [Forwarding isElementDisplayed on session ea627fa9-86ec-4ea8-9536-c13b948ed341 to remote] DEBUG org.asynchttpclient.netty.request.NettyRequestSender - Using open Channel [id: 0x5e8df1ca, L:/127.0.0.1:59751 - R:/127.0.0.1:4723] for GET '/wd/hub/session/ea627fa9-86ec-4ea8-9536-c13b948ed341/element/00000000-0000-0607-0000-003200000003/displayed'
18:14:47.052 [AsyncHttpClient-1-2] DEBUG org.asynchttpclient.netty.handler.HttpHandler - 

Request DefaultFullHttpRequest(decodeResult: success, version: HTTP/1.1, content: EmptyByteBufBE)
GET /wd/hub/session/ea627fa9-86ec-4ea8-9536-c13b948ed341/element/00000000-0000-0607-0000-003200000003/displayed HTTP/1.1
User-Agent: appium/8.3.0 (selenium/4.8.1 (java windows))
Cache-Control: no-cache
Content-Type: application/json; charset=utf-8
host: 0.0.0.0:4723
accept: */*

Response DefaultHttpResponse(decodeResult: success, version: HTTP/1.1)
HTTP/1.1 200 OK
X-Powered-By: Express
Content-Type: application/json; charset=utf-8
Content-Length: 14
ETag: W/"e-2ZHvAWebNQpyjGZTg6uyV8/spTo"
Date: Sun, 07 May 2023 11:14:47 GMT
Connection: keep-alive
Keep-Alive: timeout=600

18:14:47.052 [AsyncHttpClient-1-2] DEBUG org.asynchttpclient.netty.channel.ChannelManager - Adding key: http://0.0.0.0:4723 for channel [id: 0x5e8df1ca, L:/127.0.0.1:59751 - R:/127.0.0.1:4723]
18:14:47.053 [Forwarding isElementEnabled on session ea627fa9-86ec-4ea8-9536-c13b948ed341 to remote] DEBUG org.asynchttpclient.netty.request.NettyRequestSender - Using pooled Channel '[id: 0x5e8df1ca, L:/127.0.0.1:59751 - R:/127.0.0.1:4723]' for 'GET' to 'http://0.0.0.0:4723/wd/hub/session/ea627fa9-86ec-4ea8-9536-c13b948ed341/element/00000000-0000-0607-0000-003200000003/enabled'
18:14:47.054 [Forwarding isElementEnabled on session ea627fa9-86ec-4ea8-9536-c13b948ed341 to remote] DEBUG org.asynchttpclient.netty.request.NettyRequestSender - Using open Channel [id: 0x5e8df1ca, L:/127.0.0.1:59751 - R:/127.0.0.1:4723] for GET '/wd/hub/session/ea627fa9-86ec-4ea8-9536-c13b948ed341/element/00000000-0000-0607-0000-003200000003/enabled'
18:14:47.071 [AsyncHttpClient-1-2] DEBUG org.asynchttpclient.netty.handler.HttpHandler - 

Request DefaultFullHttpRequest(decodeResult: success, version: HTTP/1.1, content: EmptyByteBufBE)
GET /wd/hub/session/ea627fa9-86ec-4ea8-9536-c13b948ed341/element/00000000-0000-0607-0000-003200000003/enabled HTTP/1.1
User-Agent: appium/8.3.0 (selenium/4.8.1 (java windows))
Cache-Control: no-cache
Content-Type: application/json; charset=utf-8
host: 0.0.0.0:4723
accept: */*

Response DefaultHttpResponse(decodeResult: success, version: HTTP/1.1)
HTTP/1.1 200 OK
X-Powered-By: Express
Content-Type: application/json; charset=utf-8
Content-Length: 14
ETag: W/"e-2ZHvAWebNQpyjGZTg6uyV8/spTo"
Date: Sun, 07 May 2023 11:14:47 GMT
Connection: keep-alive
Keep-Alive: timeout=600

18:14:47.071 [AsyncHttpClient-1-2] DEBUG org.asynchttpclient.netty.channel.ChannelManager - Adding key: http://0.0.0.0:4723 for channel [id: 0x5e8df1ca, L:/127.0.0.1:59751 - R:/127.0.0.1:4723]
18:14:47.073 [Forwarding clickElement on session ea627fa9-86ec-4ea8-9536-c13b948ed341 to remote] DEBUG org.asynchttpclient.netty.request.NettyRequestSender - Using pooled Channel '[id: 0x5e8df1ca, L:/127.0.0.1:59751 - R:/127.0.0.1:4723]' for 'POST' to 'http://0.0.0.0:4723/wd/hub/session/ea627fa9-86ec-4ea8-9536-c13b948ed341/element/00000000-0000-0607-0000-003200000003/click'
18:14:47.073 [Forwarding clickElement on session ea627fa9-86ec-4ea8-9536-c13b948ed341 to remote] DEBUG org.asynchttpclient.netty.request.NettyRequestSender - Using open Channel [id: 0x5e8df1ca, L:/127.0.0.1:59751 - R:/127.0.0.1:4723] for POST '/wd/hub/session/ea627fa9-86ec-4ea8-9536-c13b948ed341/element/00000000-0000-0607-0000-003200000003/click'
18:14:47.844 [AsyncHttpClient-1-2] DEBUG org.asynchttpclient.netty.handler.HttpHandler - 

Request DefaultHttpRequest(decodeResult: success, version: HTTP/1.1)
POST /wd/hub/session/ea627fa9-86ec-4ea8-9536-c13b948ed341/element/00000000-0000-0607-0000-003200000003/click HTTP/1.1
User-Agent: appium/8.3.0 (selenium/4.8.1 (java windows))
Content-Length: 50
Content-Type: application/json; charset=utf-8
host: 0.0.0.0:4723
accept: */*

Response DefaultHttpResponse(decodeResult: success, version: HTTP/1.1)
HTTP/1.1 200 OK
X-Powered-By: Express
Vary: X-HTTP-Method-Override
Content-Type: application/json; charset=utf-8
Content-Length: 14
ETag: W/"e-9/1BuKMgFObM1mWJm+YjxtXJnUM"
Date: Sun, 07 May 2023 11:14:47 GMT
Connection: keep-alive
Keep-Alive: timeout=600

18:14:47.845 [AsyncHttpClient-1-2] DEBUG org.asynchttpclient.netty.channel.ChannelManager - Adding key: http://0.0.0.0:4723 for channel [id: 0x5e8df1ca, L:/127.0.0.1:59751 - R:/127.0.0.1:4723]
18:14:47.849 [Forwarding findElement on session ea627fa9-86ec-4ea8-9536-c13b948ed341 to remote] DEBUG org.asynchttpclient.netty.request.NettyRequestSender - Using pooled Channel '[id: 0x5e8df1ca, L:/127.0.0.1:59751 - R:/127.0.0.1:4723]' for 'POST' to 'http://0.0.0.0:4723/wd/hub/session/ea627fa9-86ec-4ea8-9536-c13b948ed341/element'
18:14:47.849 [Forwarding findElement on session ea627fa9-86ec-4ea8-9536-c13b948ed341 to remote] DEBUG org.asynchttpclient.netty.request.NettyRequestSender - Using open Channel [id: 0x5e8df1ca, L:/127.0.0.1:59751 - R:/127.0.0.1:4723] for POST '/wd/hub/session/ea627fa9-86ec-4ea8-9536-c13b948ed341/element'
18:14:47.934 [AsyncHttpClient-1-2] DEBUG org.asynchttpclient.netty.handler.HttpHandler - 

Request DefaultHttpRequest(decodeResult: success, version: HTTP/1.1)
POST /wd/hub/session/ea627fa9-86ec-4ea8-9536-c13b948ed341/element HTTP/1.1
User-Agent: appium/8.3.0 (selenium/4.8.1 (java windows))
Content-Length: 305
Content-Type: application/json; charset=utf-8
host: 0.0.0.0:4723
accept: */*

Response DefaultHttpResponse(decodeResult: success, version: HTTP/1.1)
HTTP/1.1 200 OK
X-Powered-By: Express
Vary: X-HTTP-Method-Override
Content-Type: application/json; charset=utf-8
Content-Length: 137
ETag: W/"89-+/dYvszpeINZfla3S4jxUMS4/V0"
Date: Sun, 07 May 2023 11:14:47 GMT
Connection: keep-alive
Keep-Alive: timeout=600

18:14:47.935 [AsyncHttpClient-1-2] DEBUG org.asynchttpclient.netty.channel.ChannelManager - Adding key: http://0.0.0.0:4723 for channel [id: 0x5e8df1ca, L:/127.0.0.1:59751 - R:/127.0.0.1:4723]
18:14:47.938 [Forwarding sendKeysToElement on session ea627fa9-86ec-4ea8-9536-c13b948ed341 to remote] DEBUG org.asynchttpclient.netty.request.NettyRequestSender - Using pooled Channel '[id: 0x5e8df1ca, L:/127.0.0.1:59751 - R:/127.0.0.1:4723]' for 'POST' to 'http://0.0.0.0:4723/wd/hub/session/ea627fa9-86ec-4ea8-9536-c13b948ed341/element/00000000-0000-0607-0000-003200000003/value'
18:14:47.938 [Forwarding sendKeysToElement on session ea627fa9-86ec-4ea8-9536-c13b948ed341 to remote] DEBUG org.asynchttpclient.netty.request.NettyRequestSender - Using open Channel [id: 0x5e8df1ca, L:/127.0.0.1:59751 - R:/127.0.0.1:4723] for POST '/wd/hub/session/ea627fa9-86ec-4ea8-9536-c13b948ed341/element/00000000-0000-0607-0000-003200000003/value'
18:14:47.988 [AsyncHttpClient-1-2] DEBUG org.asynchttpclient.netty.handler.HttpHandler - 

Request DefaultHttpRequest(decodeResult: success, version: HTTP/1.1)
POST /wd/hub/session/ea627fa9-86ec-4ea8-9536-c13b948ed341/element/00000000-0000-0607-0000-003200000003/value HTTP/1.1
User-Agent: appium/8.3.0 (selenium/4.8.1 (java windows))
Content-Length: 231
Content-Type: application/json; charset=utf-8
host: 0.0.0.0:4723
accept: */*

Response DefaultHttpResponse(decodeResult: success, version: HTTP/1.1)
HTTP/1.1 200 OK
X-Powered-By: Express
Vary: X-HTTP-Method-Override
Content-Type: application/json; charset=utf-8
Content-Length: 14
ETag: W/"e-9/1BuKMgFObM1mWJm+YjxtXJnUM"
Date: Sun, 07 May 2023 11:14:47 GMT
Connection: keep-alive
Keep-Alive: timeout=600

18:14:47.989 [AsyncHttpClient-1-2] DEBUG org.asynchttpclient.netty.channel.ChannelManager - Adding key: http://0.0.0.0:4723 for channel [id: 0x5e8df1ca, L:/127.0.0.1:59751 - R:/127.0.0.1:4723]
18:14:47.996 [main] DEBUG net.thucydides.core.steps.StepInterceptor - STEP DONE: inputEmail
]]></system-out>
  </testcase>
  <testcase name="user does not input password for register feature" classname="user tidak dapat register karena tidak mengisi field password" time="1.374">
    <system-out><![CDATA[18:14:48.016 [main] DEBUG net.thucydides.core.steps.StepInterceptor - STARTING STEP: RegisterSteps.userDoesNotInputPasswordForRegisterFeature - inputPassword
18:14:48.020 [Forwarding findElement on session ea627fa9-86ec-4ea8-9536-c13b948ed341 to remote] DEBUG org.asynchttpclient.netty.request.NettyRequestSender - Using pooled Channel '[id: 0x5e8df1ca, L:/127.0.0.1:59751 - R:/127.0.0.1:4723]' for 'POST' to 'http://0.0.0.0:4723/wd/hub/session/ea627fa9-86ec-4ea8-9536-c13b948ed341/element'
18:14:48.020 [Forwarding findElement on session ea627fa9-86ec-4ea8-9536-c13b948ed341 to remote] DEBUG org.asynchttpclient.netty.request.NettyRequestSender - Using open Channel [id: 0x5e8df1ca, L:/127.0.0.1:59751 - R:/127.0.0.1:4723] for POST '/wd/hub/session/ea627fa9-86ec-4ea8-9536-c13b948ed341/element'
18:14:48.557 [AsyncHttpClient-1-2] DEBUG org.asynchttpclient.netty.handler.HttpHandler - 

Request DefaultHttpRequest(decodeResult: success, version: HTTP/1.1)
POST /wd/hub/session/ea627fa9-86ec-4ea8-9536-c13b948ed341/element HTTP/1.1
User-Agent: appium/8.3.0 (selenium/4.8.1 (java windows))
Content-Length: 305
Content-Type: application/json; charset=utf-8
host: 0.0.0.0:4723
accept: */*

Response DefaultHttpResponse(decodeResult: success, version: HTTP/1.1)
HTTP/1.1 200 OK
X-Powered-By: Express
Vary: X-HTTP-Method-Override
Content-Type: application/json; charset=utf-8
Content-Length: 137
ETag: W/"89-HRTdf7DOOQfKirl3l112m1SJXj4"
Date: Sun, 07 May 2023 11:14:48 GMT
Connection: keep-alive
Keep-Alive: timeout=600

18:14:48.558 [AsyncHttpClient-1-2] DEBUG org.asynchttpclient.netty.channel.ChannelManager - Adding key: http://0.0.0.0:4723 for channel [id: 0x5e8df1ca, L:/127.0.0.1:59751 - R:/127.0.0.1:4723]
18:14:48.559 [Forwarding isElementDisplayed on session ea627fa9-86ec-4ea8-9536-c13b948ed341 to remote] DEBUG org.asynchttpclient.netty.request.NettyRequestSender - Using pooled Channel '[id: 0x5e8df1ca, L:/127.0.0.1:59751 - R:/127.0.0.1:4723]' for 'GET' to 'http://0.0.0.0:4723/wd/hub/session/ea627fa9-86ec-4ea8-9536-c13b948ed341/element/00000000-0000-0607-0000-003300000003/displayed'
18:14:48.559 [Forwarding isElementDisplayed on session ea627fa9-86ec-4ea8-9536-c13b948ed341 to remote] DEBUG org.asynchttpclient.netty.request.NettyRequestSender - Using open Channel [id: 0x5e8df1ca, L:/127.0.0.1:59751 - R:/127.0.0.1:4723] for GET '/wd/hub/session/ea627fa9-86ec-4ea8-9536-c13b948ed341/element/00000000-0000-0607-0000-003300000003/displayed'
18:14:48.579 [AsyncHttpClient-1-2] DEBUG org.asynchttpclient.netty.handler.HttpHandler - 

Request DefaultFullHttpRequest(decodeResult: success, version: HTTP/1.1, content: EmptyByteBufBE)
GET /wd/hub/session/ea627fa9-86ec-4ea8-9536-c13b948ed341/element/00000000-0000-0607-0000-003300000003/displayed HTTP/1.1
User-Agent: appium/8.3.0 (selenium/4.8.1 (java windows))
Cache-Control: no-cache
Content-Type: application/json; charset=utf-8
host: 0.0.0.0:4723
accept: */*

Response DefaultHttpResponse(decodeResult: success, version: HTTP/1.1)
HTTP/1.1 200 OK
X-Powered-By: Express
Content-Type: application/json; charset=utf-8
Content-Length: 14
ETag: W/"e-2ZHvAWebNQpyjGZTg6uyV8/spTo"
Date: Sun, 07 May 2023 11:14:48 GMT
Connection: keep-alive
Keep-Alive: timeout=600

18:14:48.579 [AsyncHttpClient-1-2] DEBUG org.asynchttpclient.netty.channel.ChannelManager - Adding key: http://0.0.0.0:4723 for channel [id: 0x5e8df1ca, L:/127.0.0.1:59751 - R:/127.0.0.1:4723]
18:14:48.580 [Forwarding isElementEnabled on session ea627fa9-86ec-4ea8-9536-c13b948ed341 to remote] DEBUG org.asynchttpclient.netty.request.NettyRequestSender - Using pooled Channel '[id: 0x5e8df1ca, L:/127.0.0.1:59751 - R:/127.0.0.1:4723]' for 'GET' to 'http://0.0.0.0:4723/wd/hub/session/ea627fa9-86ec-4ea8-9536-c13b948ed341/element/00000000-0000-0607-0000-003300000003/enabled'
18:14:48.580 [Forwarding isElementEnabled on session ea627fa9-86ec-4ea8-9536-c13b948ed341 to remote] DEBUG org.asynchttpclient.netty.request.NettyRequestSender - Using open Channel [id: 0x5e8df1ca, L:/127.0.0.1:59751 - R:/127.0.0.1:4723] for GET '/wd/hub/session/ea627fa9-86ec-4ea8-9536-c13b948ed341/element/00000000-0000-0607-0000-003300000003/enabled'
18:14:48.600 [AsyncHttpClient-1-2] DEBUG org.asynchttpclient.netty.handler.HttpHandler - 

Request DefaultFullHttpRequest(decodeResult: success, version: HTTP/1.1, content: EmptyByteBufBE)
GET /wd/hub/session/ea627fa9-86ec-4ea8-9536-c13b948ed341/element/00000000-0000-0607-0000-003300000003/enabled HTTP/1.1
User-Agent: appium/8.3.0 (selenium/4.8.1 (java windows))
Cache-Control: no-cache
Content-Type: application/json; charset=utf-8
host: 0.0.0.0:4723
accept: */*

Response DefaultHttpResponse(decodeResult: success, version: HTTP/1.1)
HTTP/1.1 200 OK
X-Powered-By: Express
Content-Type: application/json; charset=utf-8
Content-Length: 14
ETag: W/"e-2ZHvAWebNQpyjGZTg6uyV8/spTo"
Date: Sun, 07 May 2023 11:14:48 GMT
Connection: keep-alive
Keep-Alive: timeout=600

18:14:48.600 [AsyncHttpClient-1-2] DEBUG org.asynchttpclient.netty.channel.ChannelManager - Adding key: http://0.0.0.0:4723 for channel [id: 0x5e8df1ca, L:/127.0.0.1:59751 - R:/127.0.0.1:4723]
18:14:48.603 [Forwarding clickElement on session ea627fa9-86ec-4ea8-9536-c13b948ed341 to remote] DEBUG org.asynchttpclient.netty.request.NettyRequestSender - Using pooled Channel '[id: 0x5e8df1ca, L:/127.0.0.1:59751 - R:/127.0.0.1:4723]' for 'POST' to 'http://0.0.0.0:4723/wd/hub/session/ea627fa9-86ec-4ea8-9536-c13b948ed341/element/00000000-0000-0607-0000-003300000003/click'
18:14:48.603 [Forwarding clickElement on session ea627fa9-86ec-4ea8-9536-c13b948ed341 to remote] DEBUG org.asynchttpclient.netty.request.NettyRequestSender - Using open Channel [id: 0x5e8df1ca, L:/127.0.0.1:59751 - R:/127.0.0.1:4723] for POST '/wd/hub/session/ea627fa9-86ec-4ea8-9536-c13b948ed341/element/00000000-0000-0607-0000-003300000003/click'
18:14:48.673 [AsyncHttpClient-1-2] DEBUG org.asynchttpclient.netty.handler.HttpHandler - 

Request DefaultHttpRequest(decodeResult: success, version: HTTP/1.1)
POST /wd/hub/session/ea627fa9-86ec-4ea8-9536-c13b948ed341/element/00000000-0000-0607-0000-003300000003/click HTTP/1.1
User-Agent: appium/8.3.0 (selenium/4.8.1 (java windows))
Content-Length: 50
Content-Type: application/json; charset=utf-8
host: 0.0.0.0:4723
accept: */*

Response DefaultHttpResponse(decodeResult: success, version: HTTP/1.1)
HTTP/1.1 200 OK
X-Powered-By: Express
Vary: X-HTTP-Method-Override
Content-Type: application/json; charset=utf-8
Content-Length: 14
ETag: W/"e-9/1BuKMgFObM1mWJm+YjxtXJnUM"
Date: Sun, 07 May 2023 11:14:48 GMT
Connection: keep-alive
Keep-Alive: timeout=600

18:14:48.674 [AsyncHttpClient-1-2] DEBUG org.asynchttpclient.netty.channel.ChannelManager - Adding key: http://0.0.0.0:4723 for channel [id: 0x5e8df1ca, L:/127.0.0.1:59751 - R:/127.0.0.1:4723]
18:14:48.680 [Forwarding findElement on session ea627fa9-86ec-4ea8-9536-c13b948ed341 to remote] DEBUG org.asynchttpclient.netty.request.NettyRequestSender - Using pooled Channel '[id: 0x5e8df1ca, L:/127.0.0.1:59751 - R:/127.0.0.1:4723]' for 'POST' to 'http://0.0.0.0:4723/wd/hub/session/ea627fa9-86ec-4ea8-9536-c13b948ed341/element'
18:14:48.680 [Forwarding findElement on session ea627fa9-86ec-4ea8-9536-c13b948ed341 to remote] DEBUG org.asynchttpclient.netty.request.NettyRequestSender - Using open Channel [id: 0x5e8df1ca, L:/127.0.0.1:59751 - R:/127.0.0.1:4723] for POST '/wd/hub/session/ea627fa9-86ec-4ea8-9536-c13b948ed341/element'
18:14:49.346 [AsyncHttpClient-1-2] DEBUG org.asynchttpclient.netty.handler.HttpHandler - 

Request DefaultHttpRequest(decodeResult: success, version: HTTP/1.1)
POST /wd/hub/session/ea627fa9-86ec-4ea8-9536-c13b948ed341/element HTTP/1.1
User-Agent: appium/8.3.0 (selenium/4.8.1 (java windows))
Content-Length: 305
Content-Type: application/json; charset=utf-8
host: 0.0.0.0:4723
accept: */*

Response DefaultHttpResponse(decodeResult: success, version: HTTP/1.1)
HTTP/1.1 200 OK
X-Powered-By: Express
Vary: X-HTTP-Method-Override
Content-Type: application/json; charset=utf-8
Content-Length: 137
ETag: W/"89-HRTdf7DOOQfKirl3l112m1SJXj4"
Date: Sun, 07 May 2023 11:14:49 GMT
Connection: keep-alive
Keep-Alive: timeout=600

18:14:49.346 [AsyncHttpClient-1-2] DEBUG org.asynchttpclient.netty.channel.ChannelManager - Adding key: http://0.0.0.0:4723 for channel [id: 0x5e8df1ca, L:/127.0.0.1:59751 - R:/127.0.0.1:4723]
18:14:49.348 [Forwarding sendKeysToElement on session ea627fa9-86ec-4ea8-9536-c13b948ed341 to remote] DEBUG org.asynchttpclient.netty.request.NettyRequestSender - Using pooled Channel '[id: 0x5e8df1ca, L:/127.0.0.1:59751 - R:/127.0.0.1:4723]' for 'POST' to 'http://0.0.0.0:4723/wd/hub/session/ea627fa9-86ec-4ea8-9536-c13b948ed341/element/00000000-0000-0607-0000-003300000003/value'
18:14:49.348 [Forwarding sendKeysToElement on session ea627fa9-86ec-4ea8-9536-c13b948ed341 to remote] DEBUG org.asynchttpclient.netty.request.NettyRequestSender - Using open Channel [id: 0x5e8df1ca, L:/127.0.0.1:59751 - R:/127.0.0.1:4723] for POST '/wd/hub/session/ea627fa9-86ec-4ea8-9536-c13b948ed341/element/00000000-0000-0607-0000-003300000003/value'
18:14:49.380 [AsyncHttpClient-1-2] DEBUG org.asynchttpclient.netty.handler.HttpHandler - 

Request DefaultHttpRequest(decodeResult: success, version: HTTP/1.1)
POST /wd/hub/session/ea627fa9-86ec-4ea8-9536-c13b948ed341/element/00000000-0000-0607-0000-003300000003/value HTTP/1.1
User-Agent: appium/8.3.0 (selenium/4.8.1 (java windows))
Content-Length: 82
Content-Type: application/json; charset=utf-8
host: 0.0.0.0:4723
accept: */*

Response DefaultHttpResponse(decodeResult: success, version: HTTP/1.1)
HTTP/1.1 200 OK
X-Powered-By: Express
Vary: X-HTTP-Method-Override
Content-Type: application/json; charset=utf-8
Content-Length: 14
ETag: W/"e-9/1BuKMgFObM1mWJm+YjxtXJnUM"
Date: Sun, 07 May 2023 11:14:49 GMT
Connection: keep-alive
Keep-Alive: timeout=600

18:14:49.380 [AsyncHttpClient-1-2] DEBUG org.asynchttpclient.netty.channel.ChannelManager - Adding key: http://0.0.0.0:4723 for channel [id: 0x5e8df1ca, L:/127.0.0.1:59751 - R:/127.0.0.1:4723]
18:14:49.383 [main] DEBUG net.thucydides.core.steps.StepInterceptor - STEP DONE: inputPassword
]]></system-out>
  </testcase>
  <testcase name="user click register button for register feature" classname="user tidak dapat register karena tidak mengisi field password" time="0.654">
    <system-out><![CDATA[18:14:49.400 [main] DEBUG net.thucydides.core.steps.StepInterceptor - STARTING STEP: RegisterSteps.userClickRegisterButtonForRegisterFeature - clickRegisterButton
18:14:49.401 [AsyncHttpClient-1-1] DEBUG org.asynchttpclient.netty.channel.DefaultChannelPool - Entry count for : http://0.0.0.0:4723 : 1
18:14:49.411 [Forwarding findElement on session ea627fa9-86ec-4ea8-9536-c13b948ed341 to remote] DEBUG org.asynchttpclient.netty.request.NettyRequestSender - Using pooled Channel '[id: 0x5e8df1ca, L:/127.0.0.1:59751 - R:/127.0.0.1:4723]' for 'POST' to 'http://0.0.0.0:4723/wd/hub/session/ea627fa9-86ec-4ea8-9536-c13b948ed341/element'
18:14:49.411 [Forwarding findElement on session ea627fa9-86ec-4ea8-9536-c13b948ed341 to remote] DEBUG org.asynchttpclient.netty.request.NettyRequestSender - Using open Channel [id: 0x5e8df1ca, L:/127.0.0.1:59751 - R:/127.0.0.1:4723] for POST '/wd/hub/session/ea627fa9-86ec-4ea8-9536-c13b948ed341/element'
18:14:49.942 [AsyncHttpClient-1-2] DEBUG org.asynchttpclient.netty.handler.HttpHandler - 

Request DefaultHttpRequest(decodeResult: success, version: HTTP/1.1)
POST /wd/hub/session/ea627fa9-86ec-4ea8-9536-c13b948ed341/element HTTP/1.1
User-Agent: appium/8.3.0 (selenium/4.8.1 (java windows))
Content-Length: 98
Content-Type: application/json; charset=utf-8
host: 0.0.0.0:4723
accept: */*

Response DefaultHttpResponse(decodeResult: success, version: HTTP/1.1)
HTTP/1.1 200 OK
X-Powered-By: Express
Vary: X-HTTP-Method-Override
Content-Type: application/json; charset=utf-8
Content-Length: 137
ETag: W/"89-cyC9qEOVXF0QF8uxlMAeG7KyZxs"
Date: Sun, 07 May 2023 11:14:49 GMT
Connection: keep-alive
Keep-Alive: timeout=600

18:14:49.942 [AsyncHttpClient-1-2] DEBUG org.asynchttpclient.netty.channel.ChannelManager - Adding key: http://0.0.0.0:4723 for channel [id: 0x5e8df1ca, L:/127.0.0.1:59751 - R:/127.0.0.1:4723]
18:14:49.944 [Forwarding isElementDisplayed on session ea627fa9-86ec-4ea8-9536-c13b948ed341 to remote] DEBUG org.asynchttpclient.netty.request.NettyRequestSender - Using pooled Channel '[id: 0x5e8df1ca, L:/127.0.0.1:59751 - R:/127.0.0.1:4723]' for 'GET' to 'http://0.0.0.0:4723/wd/hub/session/ea627fa9-86ec-4ea8-9536-c13b948ed341/element/00000000-0000-0607-0000-003400000003/displayed'
18:14:49.944 [Forwarding isElementDisplayed on session ea627fa9-86ec-4ea8-9536-c13b948ed341 to remote] DEBUG org.asynchttpclient.netty.request.NettyRequestSender - Using open Channel [id: 0x5e8df1ca, L:/127.0.0.1:59751 - R:/127.0.0.1:4723] for GET '/wd/hub/session/ea627fa9-86ec-4ea8-9536-c13b948ed341/element/00000000-0000-0607-0000-003400000003/displayed'
18:14:49.966 [AsyncHttpClient-1-2] DEBUG org.asynchttpclient.netty.handler.HttpHandler - 

Request DefaultFullHttpRequest(decodeResult: success, version: HTTP/1.1, content: EmptyByteBufBE)
GET /wd/hub/session/ea627fa9-86ec-4ea8-9536-c13b948ed341/element/00000000-0000-0607-0000-003400000003/displayed HTTP/1.1
User-Agent: appium/8.3.0 (selenium/4.8.1 (java windows))
Cache-Control: no-cache
Content-Type: application/json; charset=utf-8
host: 0.0.0.0:4723
accept: */*

Response DefaultHttpResponse(decodeResult: success, version: HTTP/1.1)
HTTP/1.1 200 OK
X-Powered-By: Express
Content-Type: application/json; charset=utf-8
Content-Length: 14
ETag: W/"e-2ZHvAWebNQpyjGZTg6uyV8/spTo"
Date: Sun, 07 May 2023 11:14:49 GMT
Connection: keep-alive
Keep-Alive: timeout=600

18:14:49.966 [AsyncHttpClient-1-2] DEBUG org.asynchttpclient.netty.channel.ChannelManager - Adding key: http://0.0.0.0:4723 for channel [id: 0x5e8df1ca, L:/127.0.0.1:59751 - R:/127.0.0.1:4723]
18:14:49.967 [Forwarding isElementEnabled on session ea627fa9-86ec-4ea8-9536-c13b948ed341 to remote] DEBUG org.asynchttpclient.netty.request.NettyRequestSender - Using pooled Channel '[id: 0x5e8df1ca, L:/127.0.0.1:59751 - R:/127.0.0.1:4723]' for 'GET' to 'http://0.0.0.0:4723/wd/hub/session/ea627fa9-86ec-4ea8-9536-c13b948ed341/element/00000000-0000-0607-0000-003400000003/enabled'
18:14:49.968 [Forwarding isElementEnabled on session ea627fa9-86ec-4ea8-9536-c13b948ed341 to remote] DEBUG org.asynchttpclient.netty.request.NettyRequestSender - Using open Channel [id: 0x5e8df1ca, L:/127.0.0.1:59751 - R:/127.0.0.1:4723] for GET '/wd/hub/session/ea627fa9-86ec-4ea8-9536-c13b948ed341/element/00000000-0000-0607-0000-003400000003/enabled'
18:14:49.988 [AsyncHttpClient-1-2] DEBUG org.asynchttpclient.netty.handler.HttpHandler - 

Request DefaultFullHttpRequest(decodeResult: success, version: HTTP/1.1, content: EmptyByteBufBE)
GET /wd/hub/session/ea627fa9-86ec-4ea8-9536-c13b948ed341/element/00000000-0000-0607-0000-003400000003/enabled HTTP/1.1
User-Agent: appium/8.3.0 (selenium/4.8.1 (java windows))
Cache-Control: no-cache
Content-Type: application/json; charset=utf-8
host: 0.0.0.0:4723
accept: */*

Response DefaultHttpResponse(decodeResult: success, version: HTTP/1.1)
HTTP/1.1 200 OK
X-Powered-By: Express
Content-Type: application/json; charset=utf-8
Content-Length: 14
ETag: W/"e-2ZHvAWebNQpyjGZTg6uyV8/spTo"
Date: Sun, 07 May 2023 11:14:49 GMT
Connection: keep-alive
Keep-Alive: timeout=600

18:14:49.988 [AsyncHttpClient-1-2] DEBUG org.asynchttpclient.netty.channel.ChannelManager - Adding key: http://0.0.0.0:4723 for channel [id: 0x5e8df1ca, L:/127.0.0.1:59751 - R:/127.0.0.1:4723]
18:14:49.991 [Forwarding clickElement on session ea627fa9-86ec-4ea8-9536-c13b948ed341 to remote] DEBUG org.asynchttpclient.netty.request.NettyRequestSender - Using pooled Channel '[id: 0x5e8df1ca, L:/127.0.0.1:59751 - R:/127.0.0.1:4723]' for 'POST' to 'http://0.0.0.0:4723/wd/hub/session/ea627fa9-86ec-4ea8-9536-c13b948ed341/element/00000000-0000-0607-0000-003400000003/click'
18:14:49.991 [Forwarding clickElement on session ea627fa9-86ec-4ea8-9536-c13b948ed341 to remote] DEBUG org.asynchttpclient.netty.request.NettyRequestSender - Using open Channel [id: 0x5e8df1ca, L:/127.0.0.1:59751 - R:/127.0.0.1:4723] for POST '/wd/hub/session/ea627fa9-86ec-4ea8-9536-c13b948ed341/element/00000000-0000-0607-0000-003400000003/click'
18:14:50.044 [AsyncHttpClient-1-2] DEBUG org.asynchttpclient.netty.handler.HttpHandler - 

Request DefaultHttpRequest(decodeResult: success, version: HTTP/1.1)
POST /wd/hub/session/ea627fa9-86ec-4ea8-9536-c13b948ed341/element/00000000-0000-0607-0000-003400000003/click HTTP/1.1
User-Agent: appium/8.3.0 (selenium/4.8.1 (java windows))
Content-Length: 50
Content-Type: application/json; charset=utf-8
host: 0.0.0.0:4723
accept: */*

Response DefaultHttpResponse(decodeResult: success, version: HTTP/1.1)
HTTP/1.1 200 OK
X-Powered-By: Express
Vary: X-HTTP-Method-Override
Content-Type: application/json; charset=utf-8
Content-Length: 14
ETag: W/"e-9/1BuKMgFObM1mWJm+YjxtXJnUM"
Date: Sun, 07 May 2023 11:14:50 GMT
Connection: keep-alive
Keep-Alive: timeout=600

18:14:50.045 [AsyncHttpClient-1-2] DEBUG org.asynchttpclient.netty.channel.ChannelManager - Adding key: http://0.0.0.0:4723 for channel [id: 0x5e8df1ca, L:/127.0.0.1:59751 - R:/127.0.0.1:4723]
18:14:50.047 [main] DEBUG net.thucydides.core.steps.StepInterceptor - STEP DONE: clickRegisterButton
]]></system-out>
  </testcase>
  <testcase name="user see error message password is required or can not empty" classname="user tidak dapat register karena tidak mengisi field password" time="0.571">
    <system-out><![CDATA[18:14:50.061 [main] DEBUG net.thucydides.core.steps.StepInterceptor - STARTING STEP: RegisterSteps.userSeeErrorMessagePasswordIsRequiredOrCanNotEmpty - getMessageonPasswordCanNotEmpty
18:14:50.066 [Forwarding findElement on session ea627fa9-86ec-4ea8-9536-c13b948ed341 to remote] DEBUG org.asynchttpclient.netty.request.NettyRequestSender - Using pooled Channel '[id: 0x5e8df1ca, L:/127.0.0.1:59751 - R:/127.0.0.1:4723]' for 'POST' to 'http://0.0.0.0:4723/wd/hub/session/ea627fa9-86ec-4ea8-9536-c13b948ed341/element'
18:14:50.066 [Forwarding findElement on session ea627fa9-86ec-4ea8-9536-c13b948ed341 to remote] DEBUG org.asynchttpclient.netty.request.NettyRequestSender - Using open Channel [id: 0x5e8df1ca, L:/127.0.0.1:59751 - R:/127.0.0.1:4723] for POST '/wd/hub/session/ea627fa9-86ec-4ea8-9536-c13b948ed341/element'
18:14:50.585 [AsyncHttpClient-1-2] DEBUG org.asynchttpclient.netty.handler.HttpHandler - 

Request DefaultHttpRequest(decodeResult: success, version: HTTP/1.1)
POST /wd/hub/session/ea627fa9-86ec-4ea8-9536-c13b948ed341/element HTTP/1.1
User-Agent: appium/8.3.0 (selenium/4.8.1 (java windows))
Content-Length: 108
Content-Type: application/json; charset=utf-8
host: 0.0.0.0:4723
accept: */*

Response DefaultHttpResponse(decodeResult: success, version: HTTP/1.1)
HTTP/1.1 200 OK
X-Powered-By: Express
Vary: X-HTTP-Method-Override
Content-Type: application/json; charset=utf-8
Content-Length: 137
ETag: W/"89-vFdgbtDb+uBWqWOZYu5Ard3LkLU"
Date: Sun, 07 May 2023 11:14:50 GMT
Connection: keep-alive
Keep-Alive: timeout=600

18:14:50.585 [AsyncHttpClient-1-2] DEBUG org.asynchttpclient.netty.channel.ChannelManager - Adding key: http://0.0.0.0:4723 for channel [id: 0x5e8df1ca, L:/127.0.0.1:59751 - R:/127.0.0.1:4723]
18:14:50.586 [Forwarding isElementDisplayed on session ea627fa9-86ec-4ea8-9536-c13b948ed341 to remote] DEBUG org.asynchttpclient.netty.request.NettyRequestSender - Using pooled Channel '[id: 0x5e8df1ca, L:/127.0.0.1:59751 - R:/127.0.0.1:4723]' for 'GET' to 'http://0.0.0.0:4723/wd/hub/session/ea627fa9-86ec-4ea8-9536-c13b948ed341/element/00000000-0000-0607-0000-003800000003/displayed'
18:14:50.586 [Forwarding isElementDisplayed on session ea627fa9-86ec-4ea8-9536-c13b948ed341 to remote] DEBUG org.asynchttpclient.netty.request.NettyRequestSender - Using open Channel [id: 0x5e8df1ca, L:/127.0.0.1:59751 - R:/127.0.0.1:4723] for GET '/wd/hub/session/ea627fa9-86ec-4ea8-9536-c13b948ed341/element/00000000-0000-0607-0000-003800000003/displayed'
18:14:50.606 [AsyncHttpClient-1-2] DEBUG org.asynchttpclient.netty.handler.HttpHandler - 

Request DefaultFullHttpRequest(decodeResult: success, version: HTTP/1.1, content: EmptyByteBufBE)
GET /wd/hub/session/ea627fa9-86ec-4ea8-9536-c13b948ed341/element/00000000-0000-0607-0000-003800000003/displayed HTTP/1.1
User-Agent: appium/8.3.0 (selenium/4.8.1 (java windows))
Cache-Control: no-cache
Content-Type: application/json; charset=utf-8
host: 0.0.0.0:4723
accept: */*

Response DefaultHttpResponse(decodeResult: success, version: HTTP/1.1)
HTTP/1.1 200 OK
X-Powered-By: Express
Content-Type: application/json; charset=utf-8
Content-Length: 14
ETag: W/"e-2ZHvAWebNQpyjGZTg6uyV8/spTo"
Date: Sun, 07 May 2023 11:14:50 GMT
Connection: keep-alive
Keep-Alive: timeout=600

18:14:50.606 [AsyncHttpClient-1-2] DEBUG org.asynchttpclient.netty.channel.ChannelManager - Adding key: http://0.0.0.0:4723 for channel [id: 0x5e8df1ca, L:/127.0.0.1:59751 - R:/127.0.0.1:4723]
18:14:50.607 [Forwarding getElementText on session ea627fa9-86ec-4ea8-9536-c13b948ed341 to remote] DEBUG org.asynchttpclient.netty.request.NettyRequestSender - Using pooled Channel '[id: 0x5e8df1ca, L:/127.0.0.1:59751 - R:/127.0.0.1:4723]' for 'GET' to 'http://0.0.0.0:4723/wd/hub/session/ea627fa9-86ec-4ea8-9536-c13b948ed341/element/00000000-0000-0607-0000-003800000003/text'
18:14:50.607 [Forwarding getElementText on session ea627fa9-86ec-4ea8-9536-c13b948ed341 to remote] DEBUG org.asynchttpclient.netty.request.NettyRequestSender - Using open Channel [id: 0x5e8df1ca, L:/127.0.0.1:59751 - R:/127.0.0.1:4723] for GET '/wd/hub/session/ea627fa9-86ec-4ea8-9536-c13b948ed341/element/00000000-0000-0607-0000-003800000003/text'
18:14:50.621 [AsyncHttpClient-1-2] DEBUG org.asynchttpclient.netty.handler.HttpHandler - 

Request DefaultFullHttpRequest(decodeResult: success, version: HTTP/1.1, content: EmptyByteBufBE)
GET /wd/hub/session/ea627fa9-86ec-4ea8-9536-c13b948ed341/element/00000000-0000-0607-0000-003800000003/text HTTP/1.1
User-Agent: appium/8.3.0 (selenium/4.8.1 (java windows))
Cache-Control: no-cache
Content-Type: application/json; charset=utf-8
host: 0.0.0.0:4723
accept: */*

Response DefaultHttpResponse(decodeResult: success, version: HTTP/1.1)
HTTP/1.1 200 OK
X-Powered-By: Express
Content-Type: application/json; charset=utf-8
Content-Length: 63
ETag: W/"3f-ekc3YiJ6s92re32Sdqn3sNwFMPo"
Date: Sun, 07 May 2023 11:14:50 GMT
Connection: keep-alive
Keep-Alive: timeout=600

18:14:50.621 [AsyncHttpClient-1-2] DEBUG org.asynchttpclient.netty.channel.ChannelManager - Adding key: http://0.0.0.0:4723 for channel [id: 0x5e8df1ca, L:/127.0.0.1:59751 - R:/127.0.0.1:4723]
18:14:50.622 [main] DEBUG net.thucydides.core.steps.StepInterceptor - STEP DONE: getMessageonPasswordCanNotEmpty
]]></system-out>
  </testcase>
  <testcase name="user on homepage AltaShop for register feature" classname="user dapat register karena semua field terisi dan data yang valid" time="10.421">
    <system-out><![CDATA[18:14:50.627 [main] INFO  - 
  _____   ___   ___   _____     ___     _     ___   ___   ___   ___  
 |_   _| | __| / __| |_   _|   | _ \   /_\   / __| / __| | __| |   \ 
   | |   | _|  \__ \   | |     |  _/  / _ \  \__ \ \__ \ | _|  | |) |
   |_|   |___| |___/   |_|     |_|   /_/ \_\ |___/ |___/ |___| |___/ 

user tidak dapat register karena tidak mengisi field password
----------------------------------------------------------------------
18:14:50.636 [main] DEBUG io.cucumber.core.plugin.SerenityReporter - Running feature from file:///C:/Users/HP/Downloads/Mini-Project-QA/ALTASHOP%20MOBILE%20AUTOMATION/src/test/resources/features/2.%20Register.feature
18:14:50.641 [main] INFO  - 
  _____   ___   ___   _____     ___   _____     _     ___   _____   ___   ___  
 |_   _| | __| / __| |_   _|   / __| |_   _|   /_\   | _ \ |_   _| | __| |   \ 
   | |   | _|  \__ \   | |     \__ \   | |    / _ \  |   /   | |   | _|  | |) |
   |_|   |___| |___/   |_|     |___/   |_|   /_/ \_\ |_|_\   |_|   |___| |___/ 

user dapat register karena semua field terisi dan data yang valid(register;user-dapat-register-karena-semua-field-terisi-dan-data-yang-valid)
--------------------------------------------------------------------------------
18:14:50.657 [main] DEBUG net.thucydides.core.steps.StepInterceptor - STARTING STEP: RegisterSteps.userOnHomepageAltaShopForRegisterFeature - onHomepageAltaShop
18:14:50.666 [Forwarding newSession on session null to remote] DEBUG org.asynchttpclient.netty.request.NettyRequestSender - Using pooled Channel '[id: 0x5e8df1ca, L:/127.0.0.1:59751 - R:/127.0.0.1:4723]' for 'POST' to 'http://0.0.0.0:4723/wd/hub/session'
18:14:50.666 [Forwarding newSession on session null to remote] DEBUG org.asynchttpclient.netty.request.NettyRequestSender - Using open Channel [id: 0x5e8df1ca, L:/127.0.0.1:59751 - R:/127.0.0.1:4723] for POST '/wd/hub/session'
18:14:59.334 [AsyncHttpClient-1-2] DEBUG org.asynchttpclient.netty.handler.HttpHandler - 

Request DefaultHttpRequest(decodeResult: success, version: HTTP/1.1)
POST /wd/hub/session HTTP/1.1
X-Idempotency-Key: 3f25abe8-8362-4002-b221-e0ad5d133986
User-Agent: appium/8.3.0 (selenium/4.8.1 (java windows))
Content-Length: 335
Content-Type: application/json; charset=utf-8
host: 0.0.0.0:4723
accept: */*

Response DefaultHttpResponse(decodeResult: success, version: HTTP/1.1)
HTTP/1.1 200 OK
X-Powered-By: Express
Vary: X-HTTP-Method-Override
Content-Type: application/json; charset=utf-8
Content-Length: 988
ETag: W/"3dc-WDRU2Do9vt8/Ae2yB1vJEMla0bA"
Date: Sun, 07 May 2023 11:14:59 GMT
Connection: keep-alive
Keep-Alive: timeout=600

18:14:59.337 [AsyncHttpClient-1-2] DEBUG org.asynchttpclient.netty.channel.ChannelManager - Adding key: http://0.0.0.0:4723 for channel [id: 0x5e8df1ca, L:/127.0.0.1:59751 - R:/127.0.0.1:4723]
18:14:59.349 [Forwarding setTimeout on session 6ae8d19c-d94b-4b66-bbcb-b0fc622f9fe8 to remote] DEBUG org.asynchttpclient.netty.request.NettyRequestSender - Using pooled Channel '[id: 0x5e8df1ca, L:/127.0.0.1:59751 - R:/127.0.0.1:4723]' for 'POST' to 'http://0.0.0.0:4723/wd/hub/session/6ae8d19c-d94b-4b66-bbcb-b0fc622f9fe8/timeouts'
18:14:59.349 [Forwarding setTimeout on session 6ae8d19c-d94b-4b66-bbcb-b0fc622f9fe8 to remote] DEBUG org.asynchttpclient.netty.request.NettyRequestSender - Using open Channel [id: 0x5e8df1ca, L:/127.0.0.1:59751 - R:/127.0.0.1:4723] for POST '/wd/hub/session/6ae8d19c-d94b-4b66-bbcb-b0fc622f9fe8/timeouts'
18:14:59.364 [AsyncHttpClient-1-2] DEBUG org.asynchttpclient.netty.handler.HttpHandler - 

Request DefaultHttpRequest(decodeResult: success, version: HTTP/1.1)
POST /wd/hub/session/6ae8d19c-d94b-4b66-bbcb-b0fc622f9fe8/timeouts HTTP/1.1
User-Agent: appium/8.3.0 (selenium/4.8.1 (java windows))
Content-Length: 23
Content-Type: application/json; charset=utf-8
host: 0.0.0.0:4723
accept: */*

Response DefaultHttpResponse(decodeResult: success, version: HTTP/1.1)
HTTP/1.1 200 OK
X-Powered-By: Express
Vary: X-HTTP-Method-Override
Content-Type: application/json; charset=utf-8
Content-Length: 14
ETag: W/"e-9/1BuKMgFObM1mWJm+YjxtXJnUM"
Date: Sun, 07 May 2023 11:14:59 GMT
Connection: keep-alive
Keep-Alive: timeout=600

18:14:59.364 [AsyncHttpClient-1-2] DEBUG org.asynchttpclient.netty.channel.ChannelManager - Adding key: http://0.0.0.0:4723 for channel [id: 0x5e8df1ca, L:/127.0.0.1:59751 - R:/127.0.0.1:4723]
18:14:59.370 [Forwarding findElement on session 6ae8d19c-d94b-4b66-bbcb-b0fc622f9fe8 to remote] DEBUG org.asynchttpclient.netty.request.NettyRequestSender - Using pooled Channel '[id: 0x5e8df1ca, L:/127.0.0.1:59751 - R:/127.0.0.1:4723]' for 'POST' to 'http://0.0.0.0:4723/wd/hub/session/6ae8d19c-d94b-4b66-bbcb-b0fc622f9fe8/element'
18:14:59.370 [Forwarding findElement on session 6ae8d19c-d94b-4b66-bbcb-b0fc622f9fe8 to remote] DEBUG org.asynchttpclient.netty.request.NettyRequestSender - Using open Channel [id: 0x5e8df1ca, L:/127.0.0.1:59751 - R:/127.0.0.1:4723] for POST '/wd/hub/session/6ae8d19c-d94b-4b66-bbcb-b0fc622f9fe8/element'
18:15:00.994 [AsyncHttpClient-1-2] DEBUG org.asynchttpclient.netty.handler.HttpHandler - 

Request DefaultHttpRequest(decodeResult: success, version: HTTP/1.1)
POST /wd/hub/session/6ae8d19c-d94b-4b66-bbcb-b0fc622f9fe8/element HTTP/1.1
User-Agent: appium/8.3.0 (selenium/4.8.1 (java windows))
Content-Length: 326
Content-Type: application/json; charset=utf-8
host: 0.0.0.0:4723
accept: */*

Response DefaultHttpResponse(decodeResult: success, version: HTTP/1.1)
HTTP/1.1 200 OK
X-Powered-By: Express
Vary: X-HTTP-Method-Override
Content-Type: application/json; charset=utf-8
Content-Length: 137
ETag: W/"89-zlYZIpTBSikkH6Lf/ETwQWIbOBg"
Date: Sun, 07 May 2023 11:15:00 GMT
Connection: keep-alive
Keep-Alive: timeout=600

18:15:00.994 [AsyncHttpClient-1-2] DEBUG org.asynchttpclient.netty.channel.ChannelManager - Adding key: http://0.0.0.0:4723 for channel [id: 0x5e8df1ca, L:/127.0.0.1:59751 - R:/127.0.0.1:4723]
18:15:00.996 [Forwarding isElementDisplayed on session 6ae8d19c-d94b-4b66-bbcb-b0fc622f9fe8 to remote] DEBUG org.asynchttpclient.netty.request.NettyRequestSender - Using pooled Channel '[id: 0x5e8df1ca, L:/127.0.0.1:59751 - R:/127.0.0.1:4723]' for 'GET' to 'http://0.0.0.0:4723/wd/hub/session/6ae8d19c-d94b-4b66-bbcb-b0fc622f9fe8/element/00000000-0000-0615-0000-000700000003/displayed'
18:15:00.996 [Forwarding isElementDisplayed on session 6ae8d19c-d94b-4b66-bbcb-b0fc622f9fe8 to remote] DEBUG org.asynchttpclient.netty.request.NettyRequestSender - Using open Channel [id: 0x5e8df1ca, L:/127.0.0.1:59751 - R:/127.0.0.1:4723] for GET '/wd/hub/session/6ae8d19c-d94b-4b66-bbcb-b0fc622f9fe8/element/00000000-0000-0615-0000-000700000003/displayed'
18:15:01.028 [AsyncHttpClient-1-2] DEBUG org.asynchttpclient.netty.handler.HttpHandler - 

Request DefaultFullHttpRequest(decodeResult: success, version: HTTP/1.1, content: EmptyByteBufBE)
GET /wd/hub/session/6ae8d19c-d94b-4b66-bbcb-b0fc622f9fe8/element/00000000-0000-0615-0000-000700000003/displayed HTTP/1.1
User-Agent: appium/8.3.0 (selenium/4.8.1 (java windows))
Cache-Control: no-cache
Content-Type: application/json; charset=utf-8
host: 0.0.0.0:4723
accept: */*

Response DefaultHttpResponse(decodeResult: success, version: HTTP/1.1)
HTTP/1.1 200 OK
X-Powered-By: Express
Content-Type: application/json; charset=utf-8
Content-Length: 14
ETag: W/"e-2ZHvAWebNQpyjGZTg6uyV8/spTo"
Date: Sun, 07 May 2023 11:15:01 GMT
Connection: keep-alive
Keep-Alive: timeout=600

18:15:01.029 [AsyncHttpClient-1-2] DEBUG org.asynchttpclient.netty.channel.ChannelManager - Adding key: http://0.0.0.0:4723 for channel [id: 0x5e8df1ca, L:/127.0.0.1:59751 - R:/127.0.0.1:4723]
18:15:01.030 [Forwarding isElementDisplayed on session 6ae8d19c-d94b-4b66-bbcb-b0fc622f9fe8 to remote] DEBUG org.asynchttpclient.netty.request.NettyRequestSender - Using pooled Channel '[id: 0x5e8df1ca, L:/127.0.0.1:59751 - R:/127.0.0.1:4723]' for 'GET' to 'http://0.0.0.0:4723/wd/hub/session/6ae8d19c-d94b-4b66-bbcb-b0fc622f9fe8/element/00000000-0000-0615-0000-000700000003/displayed'
18:15:01.031 [Forwarding isElementDisplayed on session 6ae8d19c-d94b-4b66-bbcb-b0fc622f9fe8 to remote] DEBUG org.asynchttpclient.netty.request.NettyRequestSender - Using open Channel [id: 0x5e8df1ca, L:/127.0.0.1:59751 - R:/127.0.0.1:4723] for GET '/wd/hub/session/6ae8d19c-d94b-4b66-bbcb-b0fc622f9fe8/element/00000000-0000-0615-0000-000700000003/displayed'
18:15:01.067 [AsyncHttpClient-1-2] DEBUG org.asynchttpclient.netty.handler.HttpHandler - 

Request DefaultFullHttpRequest(decodeResult: success, version: HTTP/1.1, content: EmptyByteBufBE)
GET /wd/hub/session/6ae8d19c-d94b-4b66-bbcb-b0fc622f9fe8/element/00000000-0000-0615-0000-000700000003/displayed HTTP/1.1
User-Agent: appium/8.3.0 (selenium/4.8.1 (java windows))
Cache-Control: no-cache
Content-Type: application/json; charset=utf-8
host: 0.0.0.0:4723
accept: */*

Response DefaultHttpResponse(decodeResult: success, version: HTTP/1.1)
HTTP/1.1 200 OK
X-Powered-By: Express
Content-Type: application/json; charset=utf-8
Content-Length: 14
ETag: W/"e-2ZHvAWebNQpyjGZTg6uyV8/spTo"
Date: Sun, 07 May 2023 11:15:01 GMT
Connection: keep-alive
Keep-Alive: timeout=600

18:15:01.067 [AsyncHttpClient-1-2] DEBUG org.asynchttpclient.netty.channel.ChannelManager - Adding key: http://0.0.0.0:4723 for channel [id: 0x5e8df1ca, L:/127.0.0.1:59751 - R:/127.0.0.1:4723]
18:15:01.069 [main] DEBUG net.thucydides.core.steps.StepInterceptor - STEP DONE: onHomepageAltaShop
]]></system-out>
  </testcase>
  <testcase name="user click login button for register feature" classname="user dapat register karena semua field terisi dan data yang valid" time="1.601">
    <system-out><![CDATA[18:15:01.083 [main] DEBUG net.thucydides.core.steps.StepInterceptor - STARTING STEP: RegisterSteps.userClickLoginButtonForRegisterFeature - clickButtonLogin
18:15:01.087 [Forwarding findElement on session 6ae8d19c-d94b-4b66-bbcb-b0fc622f9fe8 to remote] DEBUG org.asynchttpclient.netty.request.NettyRequestSender - Using pooled Channel '[id: 0x5e8df1ca, L:/127.0.0.1:59751 - R:/127.0.0.1:4723]' for 'POST' to 'http://0.0.0.0:4723/wd/hub/session/6ae8d19c-d94b-4b66-bbcb-b0fc622f9fe8/element'
18:15:01.087 [Forwarding findElement on session 6ae8d19c-d94b-4b66-bbcb-b0fc622f9fe8 to remote] DEBUG org.asynchttpclient.netty.request.NettyRequestSender - Using open Channel [id: 0x5e8df1ca, L:/127.0.0.1:59751 - R:/127.0.0.1:4723] for POST '/wd/hub/session/6ae8d19c-d94b-4b66-bbcb-b0fc622f9fe8/element'
18:15:01.764 [AsyncHttpClient-1-2] DEBUG org.asynchttpclient.netty.handler.HttpHandler - 

Request DefaultHttpRequest(decodeResult: success, version: HTTP/1.1)
POST /wd/hub/session/6ae8d19c-d94b-4b66-bbcb-b0fc622f9fe8/element HTTP/1.1
User-Agent: appium/8.3.0 (selenium/4.8.1 (java windows))
Content-Length: 326
Content-Type: application/json; charset=utf-8
host: 0.0.0.0:4723
accept: */*

Response DefaultHttpResponse(decodeResult: success, version: HTTP/1.1)
HTTP/1.1 200 OK
X-Powered-By: Express
Vary: X-HTTP-Method-Override
Content-Type: application/json; charset=utf-8
Content-Length: 137
ETag: W/"89-zlYZIpTBSikkH6Lf/ETwQWIbOBg"
Date: Sun, 07 May 2023 11:15:01 GMT
Connection: keep-alive
Keep-Alive: timeout=600

18:15:01.764 [AsyncHttpClient-1-2] DEBUG org.asynchttpclient.netty.channel.ChannelManager - Adding key: http://0.0.0.0:4723 for channel [id: 0x5e8df1ca, L:/127.0.0.1:59751 - R:/127.0.0.1:4723]
18:15:01.766 [Forwarding isElementDisplayed on session 6ae8d19c-d94b-4b66-bbcb-b0fc622f9fe8 to remote] DEBUG org.asynchttpclient.netty.request.NettyRequestSender - Using pooled Channel '[id: 0x5e8df1ca, L:/127.0.0.1:59751 - R:/127.0.0.1:4723]' for 'GET' to 'http://0.0.0.0:4723/wd/hub/session/6ae8d19c-d94b-4b66-bbcb-b0fc622f9fe8/element/00000000-0000-0615-0000-000700000003/displayed'
18:15:01.766 [Forwarding isElementDisplayed on session 6ae8d19c-d94b-4b66-bbcb-b0fc622f9fe8 to remote] DEBUG org.asynchttpclient.netty.request.NettyRequestSender - Using open Channel [id: 0x5e8df1ca, L:/127.0.0.1:59751 - R:/127.0.0.1:4723] for GET '/wd/hub/session/6ae8d19c-d94b-4b66-bbcb-b0fc622f9fe8/element/00000000-0000-0615-0000-000700000003/displayed'
18:15:01.783 [AsyncHttpClient-1-2] DEBUG org.asynchttpclient.netty.handler.HttpHandler - 

Request DefaultFullHttpRequest(decodeResult: success, version: HTTP/1.1, content: EmptyByteBufBE)
GET /wd/hub/session/6ae8d19c-d94b-4b66-bbcb-b0fc622f9fe8/element/00000000-0000-0615-0000-000700000003/displayed HTTP/1.1
User-Agent: appium/8.3.0 (selenium/4.8.1 (java windows))
Cache-Control: no-cache
Content-Type: application/json; charset=utf-8
host: 0.0.0.0:4723
accept: */*

Response DefaultHttpResponse(decodeResult: success, version: HTTP/1.1)
HTTP/1.1 200 OK
X-Powered-By: Express
Content-Type: application/json; charset=utf-8
Content-Length: 14
ETag: W/"e-2ZHvAWebNQpyjGZTg6uyV8/spTo"
Date: Sun, 07 May 2023 11:15:01 GMT
Connection: keep-alive
Keep-Alive: timeout=600

18:15:01.783 [AsyncHttpClient-1-2] DEBUG org.asynchttpclient.netty.channel.ChannelManager - Adding key: http://0.0.0.0:4723 for channel [id: 0x5e8df1ca, L:/127.0.0.1:59751 - R:/127.0.0.1:4723]
18:15:01.784 [Forwarding isElementEnabled on session 6ae8d19c-d94b-4b66-bbcb-b0fc622f9fe8 to remote] DEBUG org.asynchttpclient.netty.request.NettyRequestSender - Using pooled Channel '[id: 0x5e8df1ca, L:/127.0.0.1:59751 - R:/127.0.0.1:4723]' for 'GET' to 'http://0.0.0.0:4723/wd/hub/session/6ae8d19c-d94b-4b66-bbcb-b0fc622f9fe8/element/00000000-0000-0615-0000-000700000003/enabled'
18:15:01.784 [Forwarding isElementEnabled on session 6ae8d19c-d94b-4b66-bbcb-b0fc622f9fe8 to remote] DEBUG org.asynchttpclient.netty.request.NettyRequestSender - Using open Channel [id: 0x5e8df1ca, L:/127.0.0.1:59751 - R:/127.0.0.1:4723] for GET '/wd/hub/session/6ae8d19c-d94b-4b66-bbcb-b0fc622f9fe8/element/00000000-0000-0615-0000-000700000003/enabled'
18:15:01.802 [AsyncHttpClient-1-2] DEBUG org.asynchttpclient.netty.handler.HttpHandler - 

Request DefaultFullHttpRequest(decodeResult: success, version: HTTP/1.1, content: EmptyByteBufBE)
GET /wd/hub/session/6ae8d19c-d94b-4b66-bbcb-b0fc622f9fe8/element/00000000-0000-0615-0000-000700000003/enabled HTTP/1.1
User-Agent: appium/8.3.0 (selenium/4.8.1 (java windows))
Cache-Control: no-cache
Content-Type: application/json; charset=utf-8
host: 0.0.0.0:4723
accept: */*

Response DefaultHttpResponse(decodeResult: success, version: HTTP/1.1)
HTTP/1.1 200 OK
X-Powered-By: Express
Content-Type: application/json; charset=utf-8
Content-Length: 14
ETag: W/"e-2ZHvAWebNQpyjGZTg6uyV8/spTo"
Date: Sun, 07 May 2023 11:15:01 GMT
Connection: keep-alive
Keep-Alive: timeout=600

18:15:01.802 [AsyncHttpClient-1-2] DEBUG org.asynchttpclient.netty.channel.ChannelManager - Adding key: http://0.0.0.0:4723 for channel [id: 0x5e8df1ca, L:/127.0.0.1:59751 - R:/127.0.0.1:4723]
18:15:01.803 [Forwarding clickElement on session 6ae8d19c-d94b-4b66-bbcb-b0fc622f9fe8 to remote] DEBUG org.asynchttpclient.netty.request.NettyRequestSender - Using pooled Channel '[id: 0x5e8df1ca, L:/127.0.0.1:59751 - R:/127.0.0.1:4723]' for 'POST' to 'http://0.0.0.0:4723/wd/hub/session/6ae8d19c-d94b-4b66-bbcb-b0fc622f9fe8/element/00000000-0000-0615-0000-000700000003/click'
18:15:01.803 [Forwarding clickElement on session 6ae8d19c-d94b-4b66-bbcb-b0fc622f9fe8 to remote] DEBUG org.asynchttpclient.netty.request.NettyRequestSender - Using open Channel [id: 0x5e8df1ca, L:/127.0.0.1:59751 - R:/127.0.0.1:4723] for POST '/wd/hub/session/6ae8d19c-d94b-4b66-bbcb-b0fc622f9fe8/element/00000000-0000-0615-0000-000700000003/click'
18:15:02.675 [AsyncHttpClient-1-2] DEBUG org.asynchttpclient.netty.handler.HttpHandler - 

Request DefaultHttpRequest(decodeResult: success, version: HTTP/1.1)
POST /wd/hub/session/6ae8d19c-d94b-4b66-bbcb-b0fc622f9fe8/element/00000000-0000-0615-0000-000700000003/click HTTP/1.1
User-Agent: appium/8.3.0 (selenium/4.8.1 (java windows))
Content-Length: 50
Content-Type: application/json; charset=utf-8
host: 0.0.0.0:4723
accept: */*

Response DefaultHttpResponse(decodeResult: success, version: HTTP/1.1)
HTTP/1.1 200 OK
X-Powered-By: Express
Vary: X-HTTP-Method-Override
Content-Type: application/json; charset=utf-8
Content-Length: 14
ETag: W/"e-9/1BuKMgFObM1mWJm+YjxtXJnUM"
Date: Sun, 07 May 2023 11:15:02 GMT
Connection: keep-alive
Keep-Alive: timeout=600

18:15:02.675 [AsyncHttpClient-1-2] DEBUG org.asynchttpclient.netty.channel.ChannelManager - Adding key: http://0.0.0.0:4723 for channel [id: 0x5e8df1ca, L:/127.0.0.1:59751 - R:/127.0.0.1:4723]
18:15:02.676 [main] DEBUG net.thucydides.core.steps.StepInterceptor - STEP DONE: clickButtonLogin
]]></system-out>
  </testcase>
  <testcase name="user click link register for register feature" classname="user dapat register karena semua field terisi dan data yang valid" time="0.971">
    <system-out><![CDATA[18:15:02.684 [main] DEBUG net.thucydides.core.steps.StepInterceptor - STARTING STEP: RegisterSteps.userClickLinkRegisterForRegisterFeature - clickLinkRegister
18:15:02.685 [Forwarding findElement on session 6ae8d19c-d94b-4b66-bbcb-b0fc622f9fe8 to remote] DEBUG org.asynchttpclient.netty.request.NettyRequestSender - Using pooled Channel '[id: 0x5e8df1ca, L:/127.0.0.1:59751 - R:/127.0.0.1:4723]' for 'POST' to 'http://0.0.0.0:4723/wd/hub/session/6ae8d19c-d94b-4b66-bbcb-b0fc622f9fe8/element'
18:15:02.685 [Forwarding findElement on session 6ae8d19c-d94b-4b66-bbcb-b0fc622f9fe8 to remote] DEBUG org.asynchttpclient.netty.request.NettyRequestSender - Using open Channel [id: 0x5e8df1ca, L:/127.0.0.1:59751 - R:/127.0.0.1:4723] for POST '/wd/hub/session/6ae8d19c-d94b-4b66-bbcb-b0fc622f9fe8/element'
18:15:02.740 [AsyncHttpClient-1-2] DEBUG org.asynchttpclient.netty.handler.HttpHandler - 

Request DefaultHttpRequest(decodeResult: success, version: HTTP/1.1)
POST /wd/hub/session/6ae8d19c-d94b-4b66-bbcb-b0fc622f9fe8/element HTTP/1.1
User-Agent: appium/8.3.0 (selenium/4.8.1 (java windows))
Content-Length: 98
Content-Type: application/json; charset=utf-8
host: 0.0.0.0:4723
accept: */*

Response DefaultHttpResponse(decodeResult: success, version: HTTP/1.1)
HTTP/1.1 200 OK
X-Powered-By: Express
Vary: X-HTTP-Method-Override
Content-Type: application/json; charset=utf-8
Content-Length: 137
ETag: W/"89-jSw6UpQehqPbjdj7lnLkIKasR9A"
Date: Sun, 07 May 2023 11:15:02 GMT
Connection: keep-alive
Keep-Alive: timeout=600

18:15:02.740 [AsyncHttpClient-1-2] DEBUG org.asynchttpclient.netty.channel.ChannelManager - Adding key: http://0.0.0.0:4723 for channel [id: 0x5e8df1ca, L:/127.0.0.1:59751 - R:/127.0.0.1:4723]
18:15:02.741 [Forwarding isElementDisplayed on session 6ae8d19c-d94b-4b66-bbcb-b0fc622f9fe8 to remote] DEBUG org.asynchttpclient.netty.request.NettyRequestSender - Using pooled Channel '[id: 0x5e8df1ca, L:/127.0.0.1:59751 - R:/127.0.0.1:4723]' for 'GET' to 'http://0.0.0.0:4723/wd/hub/session/6ae8d19c-d94b-4b66-bbcb-b0fc622f9fe8/element/00000000-0000-0615-0000-002b00000003/displayed'
18:15:02.741 [Forwarding isElementDisplayed on session 6ae8d19c-d94b-4b66-bbcb-b0fc622f9fe8 to remote] DEBUG org.asynchttpclient.netty.request.NettyRequestSender - Using open Channel [id: 0x5e8df1ca, L:/127.0.0.1:59751 - R:/127.0.0.1:4723] for GET '/wd/hub/session/6ae8d19c-d94b-4b66-bbcb-b0fc622f9fe8/element/00000000-0000-0615-0000-002b00000003/displayed'
18:15:02.763 [AsyncHttpClient-1-2] DEBUG org.asynchttpclient.netty.handler.HttpHandler - 

Request DefaultFullHttpRequest(decodeResult: success, version: HTTP/1.1, content: EmptyByteBufBE)
GET /wd/hub/session/6ae8d19c-d94b-4b66-bbcb-b0fc622f9fe8/element/00000000-0000-0615-0000-002b00000003/displayed HTTP/1.1
User-Agent: appium/8.3.0 (selenium/4.8.1 (java windows))
Cache-Control: no-cache
Content-Type: application/json; charset=utf-8
host: 0.0.0.0:4723
accept: */*

Response DefaultHttpResponse(decodeResult: success, version: HTTP/1.1)
HTTP/1.1 200 OK
X-Powered-By: Express
Content-Type: application/json; charset=utf-8
Content-Length: 14
ETag: W/"e-2ZHvAWebNQpyjGZTg6uyV8/spTo"
Date: Sun, 07 May 2023 11:15:02 GMT
Connection: keep-alive
Keep-Alive: timeout=600

18:15:02.763 [AsyncHttpClient-1-2] DEBUG org.asynchttpclient.netty.channel.ChannelManager - Adding key: http://0.0.0.0:4723 for channel [id: 0x5e8df1ca, L:/127.0.0.1:59751 - R:/127.0.0.1:4723]
18:15:02.765 [Forwarding isElementEnabled on session 6ae8d19c-d94b-4b66-bbcb-b0fc622f9fe8 to remote] DEBUG org.asynchttpclient.netty.request.NettyRequestSender - Using pooled Channel '[id: 0x5e8df1ca, L:/127.0.0.1:59751 - R:/127.0.0.1:4723]' for 'GET' to 'http://0.0.0.0:4723/wd/hub/session/6ae8d19c-d94b-4b66-bbcb-b0fc622f9fe8/element/00000000-0000-0615-0000-002b00000003/enabled'
18:15:02.765 [Forwarding isElementEnabled on session 6ae8d19c-d94b-4b66-bbcb-b0fc622f9fe8 to remote] DEBUG org.asynchttpclient.netty.request.NettyRequestSender - Using open Channel [id: 0x5e8df1ca, L:/127.0.0.1:59751 - R:/127.0.0.1:4723] for GET '/wd/hub/session/6ae8d19c-d94b-4b66-bbcb-b0fc622f9fe8/element/00000000-0000-0615-0000-002b00000003/enabled'
18:15:02.782 [AsyncHttpClient-1-2] DEBUG org.asynchttpclient.netty.handler.HttpHandler - 

Request DefaultFullHttpRequest(decodeResult: success, version: HTTP/1.1, content: EmptyByteBufBE)
GET /wd/hub/session/6ae8d19c-d94b-4b66-bbcb-b0fc622f9fe8/element/00000000-0000-0615-0000-002b00000003/enabled HTTP/1.1
User-Agent: appium/8.3.0 (selenium/4.8.1 (java windows))
Cache-Control: no-cache
Content-Type: application/json; charset=utf-8
host: 0.0.0.0:4723
accept: */*

Response DefaultHttpResponse(decodeResult: success, version: HTTP/1.1)
HTTP/1.1 200 OK
X-Powered-By: Express
Content-Type: application/json; charset=utf-8
Content-Length: 14
ETag: W/"e-2ZHvAWebNQpyjGZTg6uyV8/spTo"
Date: Sun, 07 May 2023 11:15:02 GMT
Connection: keep-alive
Keep-Alive: timeout=600

18:15:02.782 [AsyncHttpClient-1-2] DEBUG org.asynchttpclient.netty.channel.ChannelManager - Adding key: http://0.0.0.0:4723 for channel [id: 0x5e8df1ca, L:/127.0.0.1:59751 - R:/127.0.0.1:4723]
18:15:02.784 [Forwarding clickElement on session 6ae8d19c-d94b-4b66-bbcb-b0fc622f9fe8 to remote] DEBUG org.asynchttpclient.netty.request.NettyRequestSender - Using pooled Channel '[id: 0x5e8df1ca, L:/127.0.0.1:59751 - R:/127.0.0.1:4723]' for 'POST' to 'http://0.0.0.0:4723/wd/hub/session/6ae8d19c-d94b-4b66-bbcb-b0fc622f9fe8/element/00000000-0000-0615-0000-002b00000003/click'
18:15:02.784 [Forwarding clickElement on session 6ae8d19c-d94b-4b66-bbcb-b0fc622f9fe8 to remote] DEBUG org.asynchttpclient.netty.request.NettyRequestSender - Using open Channel [id: 0x5e8df1ca, L:/127.0.0.1:59751 - R:/127.0.0.1:4723] for POST '/wd/hub/session/6ae8d19c-d94b-4b66-bbcb-b0fc622f9fe8/element/00000000-0000-0615-0000-002b00000003/click'
18:15:03.649 [AsyncHttpClient-1-2] DEBUG org.asynchttpclient.netty.handler.HttpHandler - 

Request DefaultHttpRequest(decodeResult: success, version: HTTP/1.1)
POST /wd/hub/session/6ae8d19c-d94b-4b66-bbcb-b0fc622f9fe8/element/00000000-0000-0615-0000-002b00000003/click HTTP/1.1
User-Agent: appium/8.3.0 (selenium/4.8.1 (java windows))
Content-Length: 50
Content-Type: application/json; charset=utf-8
host: 0.0.0.0:4723
accept: */*

Response DefaultHttpResponse(decodeResult: success, version: HTTP/1.1)
HTTP/1.1 200 OK
X-Powered-By: Express
Vary: X-HTTP-Method-Override
Content-Type: application/json; charset=utf-8
Content-Length: 14
ETag: W/"e-9/1BuKMgFObM1mWJm+YjxtXJnUM"
Date: Sun, 07 May 2023 11:15:03 GMT
Connection: keep-alive
Keep-Alive: timeout=600

18:15:03.649 [AsyncHttpClient-1-2] DEBUG org.asynchttpclient.netty.channel.ChannelManager - Adding key: http://0.0.0.0:4723 for channel [id: 0x5e8df1ca, L:/127.0.0.1:59751 - R:/127.0.0.1:4723]
18:15:03.651 [main] DEBUG net.thucydides.core.steps.StepInterceptor - STEP DONE: clickLinkRegister
]]></system-out>
  </testcase>
  <testcase name="user input fullname for register feature" classname="user dapat register karena semua field terisi dan data yang valid" time="1.463">
    <system-out><![CDATA[18:15:03.663 [main] DEBUG net.thucydides.core.steps.StepInterceptor - STARTING STEP: RegisterSteps.userInputFullnameForRegisterFeature - inputFullname
18:15:03.667 [Forwarding findElement on session 6ae8d19c-d94b-4b66-bbcb-b0fc622f9fe8 to remote] DEBUG org.asynchttpclient.netty.request.NettyRequestSender - Using pooled Channel '[id: 0x5e8df1ca, L:/127.0.0.1:59751 - R:/127.0.0.1:4723]' for 'POST' to 'http://0.0.0.0:4723/wd/hub/session/6ae8d19c-d94b-4b66-bbcb-b0fc622f9fe8/element'
18:15:03.667 [Forwarding findElement on session 6ae8d19c-d94b-4b66-bbcb-b0fc622f9fe8 to remote] DEBUG org.asynchttpclient.netty.request.NettyRequestSender - Using open Channel [id: 0x5e8df1ca, L:/127.0.0.1:59751 - R:/127.0.0.1:4723] for POST '/wd/hub/session/6ae8d19c-d94b-4b66-bbcb-b0fc622f9fe8/element'
18:15:03.747 [AsyncHttpClient-1-2] DEBUG org.asynchttpclient.netty.handler.HttpHandler - 

Request DefaultHttpRequest(decodeResult: success, version: HTTP/1.1)
POST /wd/hub/session/6ae8d19c-d94b-4b66-bbcb-b0fc622f9fe8/element HTTP/1.1
User-Agent: appium/8.3.0 (selenium/4.8.1 (java windows))
Content-Length: 305
Content-Type: application/json; charset=utf-8
host: 0.0.0.0:4723
accept: */*

Response DefaultHttpResponse(decodeResult: success, version: HTTP/1.1)
HTTP/1.1 200 OK
X-Powered-By: Express
Vary: X-HTTP-Method-Override
Content-Type: application/json; charset=utf-8
Content-Length: 137
ETag: W/"89-gMm9oBYFERexXCMfbz4rxOfcQbE"
Date: Sun, 07 May 2023 11:15:03 GMT
Connection: keep-alive
Keep-Alive: timeout=600

18:15:03.748 [AsyncHttpClient-1-2] DEBUG org.asynchttpclient.netty.channel.ChannelManager - Adding key: http://0.0.0.0:4723 for channel [id: 0x5e8df1ca, L:/127.0.0.1:59751 - R:/127.0.0.1:4723]
18:15:03.750 [Forwarding isElementDisplayed on session 6ae8d19c-d94b-4b66-bbcb-b0fc622f9fe8 to remote] DEBUG org.asynchttpclient.netty.request.NettyRequestSender - Using pooled Channel '[id: 0x5e8df1ca, L:/127.0.0.1:59751 - R:/127.0.0.1:4723]' for 'GET' to 'http://0.0.0.0:4723/wd/hub/session/6ae8d19c-d94b-4b66-bbcb-b0fc622f9fe8/element/00000000-0000-0615-0000-003100000003/displayed'
18:15:03.751 [Forwarding isElementDisplayed on session 6ae8d19c-d94b-4b66-bbcb-b0fc622f9fe8 to remote] DEBUG org.asynchttpclient.netty.request.NettyRequestSender - Using open Channel [id: 0x5e8df1ca, L:/127.0.0.1:59751 - R:/127.0.0.1:4723] for GET '/wd/hub/session/6ae8d19c-d94b-4b66-bbcb-b0fc622f9fe8/element/00000000-0000-0615-0000-003100000003/displayed'
18:15:03.780 [AsyncHttpClient-1-2] DEBUG org.asynchttpclient.netty.handler.HttpHandler - 

Request DefaultFullHttpRequest(decodeResult: success, version: HTTP/1.1, content: EmptyByteBufBE)
GET /wd/hub/session/6ae8d19c-d94b-4b66-bbcb-b0fc622f9fe8/element/00000000-0000-0615-0000-003100000003/displayed HTTP/1.1
User-Agent: appium/8.3.0 (selenium/4.8.1 (java windows))
Cache-Control: no-cache
Content-Type: application/json; charset=utf-8
host: 0.0.0.0:4723
accept: */*

Response DefaultHttpResponse(decodeResult: success, version: HTTP/1.1)
HTTP/1.1 200 OK
X-Powered-By: Express
Content-Type: application/json; charset=utf-8
Content-Length: 14
ETag: W/"e-2ZHvAWebNQpyjGZTg6uyV8/spTo"
Date: Sun, 07 May 2023 11:15:03 GMT
Connection: keep-alive
Keep-Alive: timeout=600

18:15:03.780 [AsyncHttpClient-1-2] DEBUG org.asynchttpclient.netty.channel.ChannelManager - Adding key: http://0.0.0.0:4723 for channel [id: 0x5e8df1ca, L:/127.0.0.1:59751 - R:/127.0.0.1:4723]
18:15:03.782 [Forwarding isElementEnabled on session 6ae8d19c-d94b-4b66-bbcb-b0fc622f9fe8 to remote] DEBUG org.asynchttpclient.netty.request.NettyRequestSender - Using pooled Channel '[id: 0x5e8df1ca, L:/127.0.0.1:59751 - R:/127.0.0.1:4723]' for 'GET' to 'http://0.0.0.0:4723/wd/hub/session/6ae8d19c-d94b-4b66-bbcb-b0fc622f9fe8/element/00000000-0000-0615-0000-003100000003/enabled'
18:15:03.782 [Forwarding isElementEnabled on session 6ae8d19c-d94b-4b66-bbcb-b0fc622f9fe8 to remote] DEBUG org.asynchttpclient.netty.request.NettyRequestSender - Using open Channel [id: 0x5e8df1ca, L:/127.0.0.1:59751 - R:/127.0.0.1:4723] for GET '/wd/hub/session/6ae8d19c-d94b-4b66-bbcb-b0fc622f9fe8/element/00000000-0000-0615-0000-003100000003/enabled'
18:15:03.803 [AsyncHttpClient-1-2] DEBUG org.asynchttpclient.netty.handler.HttpHandler - 

Request DefaultFullHttpRequest(decodeResult: success, version: HTTP/1.1, content: EmptyByteBufBE)
GET /wd/hub/session/6ae8d19c-d94b-4b66-bbcb-b0fc622f9fe8/element/00000000-0000-0615-0000-003100000003/enabled HTTP/1.1
User-Agent: appium/8.3.0 (selenium/4.8.1 (java windows))
Cache-Control: no-cache
Content-Type: application/json; charset=utf-8
host: 0.0.0.0:4723
accept: */*

Response DefaultHttpResponse(decodeResult: success, version: HTTP/1.1)
HTTP/1.1 200 OK
X-Powered-By: Express
Content-Type: application/json; charset=utf-8
Content-Length: 14
ETag: W/"e-2ZHvAWebNQpyjGZTg6uyV8/spTo"
Date: Sun, 07 May 2023 11:15:03 GMT
Connection: keep-alive
Keep-Alive: timeout=600

18:15:03.803 [AsyncHttpClient-1-2] DEBUG org.asynchttpclient.netty.channel.ChannelManager - Adding key: http://0.0.0.0:4723 for channel [id: 0x5e8df1ca, L:/127.0.0.1:59751 - R:/127.0.0.1:4723]
18:15:03.805 [Forwarding clickElement on session 6ae8d19c-d94b-4b66-bbcb-b0fc622f9fe8 to remote] DEBUG org.asynchttpclient.netty.request.NettyRequestSender - Using pooled Channel '[id: 0x5e8df1ca, L:/127.0.0.1:59751 - R:/127.0.0.1:4723]' for 'POST' to 'http://0.0.0.0:4723/wd/hub/session/6ae8d19c-d94b-4b66-bbcb-b0fc622f9fe8/element/00000000-0000-0615-0000-003100000003/click'
18:15:03.805 [Forwarding clickElement on session 6ae8d19c-d94b-4b66-bbcb-b0fc622f9fe8 to remote] DEBUG org.asynchttpclient.netty.request.NettyRequestSender - Using open Channel [id: 0x5e8df1ca, L:/127.0.0.1:59751 - R:/127.0.0.1:4723] for POST '/wd/hub/session/6ae8d19c-d94b-4b66-bbcb-b0fc622f9fe8/element/00000000-0000-0615-0000-003100000003/click'
18:15:04.461 [AsyncHttpClient-1-2] DEBUG org.asynchttpclient.netty.handler.HttpHandler - 

Request DefaultHttpRequest(decodeResult: success, version: HTTP/1.1)
POST /wd/hub/session/6ae8d19c-d94b-4b66-bbcb-b0fc622f9fe8/element/00000000-0000-0615-0000-003100000003/click HTTP/1.1
User-Agent: appium/8.3.0 (selenium/4.8.1 (java windows))
Content-Length: 50
Content-Type: application/json; charset=utf-8
host: 0.0.0.0:4723
accept: */*

Response DefaultHttpResponse(decodeResult: success, version: HTTP/1.1)
HTTP/1.1 200 OK
X-Powered-By: Express
Vary: X-HTTP-Method-Override
Content-Type: application/json; charset=utf-8
Content-Length: 14
ETag: W/"e-9/1BuKMgFObM1mWJm+YjxtXJnUM"
Date: Sun, 07 May 2023 11:15:04 GMT
Connection: keep-alive
Keep-Alive: timeout=600

18:15:04.461 [AsyncHttpClient-1-2] DEBUG org.asynchttpclient.netty.channel.ChannelManager - Adding key: http://0.0.0.0:4723 for channel [id: 0x5e8df1ca, L:/127.0.0.1:59751 - R:/127.0.0.1:4723]
18:15:04.463 [Forwarding findElement on session 6ae8d19c-d94b-4b66-bbcb-b0fc622f9fe8 to remote] DEBUG org.asynchttpclient.netty.request.NettyRequestSender - Using pooled Channel '[id: 0x5e8df1ca, L:/127.0.0.1:59751 - R:/127.0.0.1:4723]' for 'POST' to 'http://0.0.0.0:4723/wd/hub/session/6ae8d19c-d94b-4b66-bbcb-b0fc622f9fe8/element'
18:15:04.463 [Forwarding findElement on session 6ae8d19c-d94b-4b66-bbcb-b0fc622f9fe8 to remote] DEBUG org.asynchttpclient.netty.request.NettyRequestSender - Using open Channel [id: 0x5e8df1ca, L:/127.0.0.1:59751 - R:/127.0.0.1:4723] for POST '/wd/hub/session/6ae8d19c-d94b-4b66-bbcb-b0fc622f9fe8/element'
18:15:05.030 [AsyncHttpClient-1-2] DEBUG org.asynchttpclient.netty.handler.HttpHandler - 

Request DefaultHttpRequest(decodeResult: success, version: HTTP/1.1)
POST /wd/hub/session/6ae8d19c-d94b-4b66-bbcb-b0fc622f9fe8/element HTTP/1.1
User-Agent: appium/8.3.0 (selenium/4.8.1 (java windows))
Content-Length: 305
Content-Type: application/json; charset=utf-8
host: 0.0.0.0:4723
accept: */*

Response DefaultHttpResponse(decodeResult: success, version: HTTP/1.1)
HTTP/1.1 200 OK
X-Powered-By: Express
Vary: X-HTTP-Method-Override
Content-Type: application/json; charset=utf-8
Content-Length: 137
ETag: W/"89-gMm9oBYFERexXCMfbz4rxOfcQbE"
Date: Sun, 07 May 2023 11:15:05 GMT
Connection: keep-alive
Keep-Alive: timeout=600

18:15:05.030 [AsyncHttpClient-1-2] DEBUG org.asynchttpclient.netty.channel.ChannelManager - Adding key: http://0.0.0.0:4723 for channel [id: 0x5e8df1ca, L:/127.0.0.1:59751 - R:/127.0.0.1:4723]
18:15:05.035 [Forwarding sendKeysToElement on session 6ae8d19c-d94b-4b66-bbcb-b0fc622f9fe8 to remote] DEBUG org.asynchttpclient.netty.request.NettyRequestSender - Using pooled Channel '[id: 0x5e8df1ca, L:/127.0.0.1:59751 - R:/127.0.0.1:4723]' for 'POST' to 'http://0.0.0.0:4723/wd/hub/session/6ae8d19c-d94b-4b66-bbcb-b0fc622f9fe8/element/00000000-0000-0615-0000-003100000003/value'
18:15:05.035 [Forwarding sendKeysToElement on session 6ae8d19c-d94b-4b66-bbcb-b0fc622f9fe8 to remote] DEBUG org.asynchttpclient.netty.request.NettyRequestSender - Using open Channel [id: 0x5e8df1ca, L:/127.0.0.1:59751 - R:/127.0.0.1:4723] for POST '/wd/hub/session/6ae8d19c-d94b-4b66-bbcb-b0fc622f9fe8/element/00000000-0000-0615-0000-003100000003/value'
18:15:05.117 [AsyncHttpClient-1-2] DEBUG org.asynchttpclient.netty.handler.HttpHandler - 

Request DefaultHttpRequest(decodeResult: success, version: HTTP/1.1)
POST /wd/hub/session/6ae8d19c-d94b-4b66-bbcb-b0fc622f9fe8/element/00000000-0000-0615-0000-003100000003/value HTTP/1.1
User-Agent: appium/8.3.0 (selenium/4.8.1 (java windows))
Content-Length: 201
Content-Type: application/json; charset=utf-8
host: 0.0.0.0:4723
accept: */*

Response DefaultHttpResponse(decodeResult: success, version: HTTP/1.1)
HTTP/1.1 200 OK
X-Powered-By: Express
Vary: X-HTTP-Method-Override
Content-Type: application/json; charset=utf-8
Content-Length: 14
ETag: W/"e-9/1BuKMgFObM1mWJm+YjxtXJnUM"
Date: Sun, 07 May 2023 11:15:05 GMT
Connection: keep-alive
Keep-Alive: timeout=600

18:15:05.118 [AsyncHttpClient-1-2] DEBUG org.asynchttpclient.netty.channel.ChannelManager - Adding key: http://0.0.0.0:4723 for channel [id: 0x5e8df1ca, L:/127.0.0.1:59751 - R:/127.0.0.1:4723]
18:15:05.120 [main] DEBUG net.thucydides.core.steps.StepInterceptor - STEP DONE: inputFullname
]]></system-out>
  </testcase>
  <testcase name="user input email for register feature" classname="user dapat register karena semua field terisi dan data yang valid" time="1.768">
    <system-out><![CDATA[18:15:05.139 [main] DEBUG net.thucydides.core.steps.StepInterceptor - STARTING STEP: RegisterSteps.userInputEmailForRegisterFeature - inputEmail
18:15:05.147 [Forwarding findElement on session 6ae8d19c-d94b-4b66-bbcb-b0fc622f9fe8 to remote] DEBUG org.asynchttpclient.netty.request.NettyRequestSender - Using pooled Channel '[id: 0x5e8df1ca, L:/127.0.0.1:59751 - R:/127.0.0.1:4723]' for 'POST' to 'http://0.0.0.0:4723/wd/hub/session/6ae8d19c-d94b-4b66-bbcb-b0fc622f9fe8/element'
18:15:05.147 [Forwarding findElement on session 6ae8d19c-d94b-4b66-bbcb-b0fc622f9fe8 to remote] DEBUG org.asynchttpclient.netty.request.NettyRequestSender - Using open Channel [id: 0x5e8df1ca, L:/127.0.0.1:59751 - R:/127.0.0.1:4723] for POST '/wd/hub/session/6ae8d19c-d94b-4b66-bbcb-b0fc622f9fe8/element'
18:15:05.895 [AsyncHttpClient-1-2] DEBUG org.asynchttpclient.netty.handler.HttpHandler - 

Request DefaultHttpRequest(decodeResult: success, version: HTTP/1.1)
POST /wd/hub/session/6ae8d19c-d94b-4b66-bbcb-b0fc622f9fe8/element HTTP/1.1
User-Agent: appium/8.3.0 (selenium/4.8.1 (java windows))
Content-Length: 305
Content-Type: application/json; charset=utf-8
host: 0.0.0.0:4723
accept: */*

Response DefaultHttpResponse(decodeResult: success, version: HTTP/1.1)
HTTP/1.1 200 OK
X-Powered-By: Express
Vary: X-HTTP-Method-Override
Content-Type: application/json; charset=utf-8
Content-Length: 137
ETag: W/"89-mfVmF4Egmu3Rm03Z/8lGpcbLXLc"
Date: Sun, 07 May 2023 11:15:05 GMT
Connection: keep-alive
Keep-Alive: timeout=600

18:15:05.896 [AsyncHttpClient-1-2] DEBUG org.asynchttpclient.netty.channel.ChannelManager - Adding key: http://0.0.0.0:4723 for channel [id: 0x5e8df1ca, L:/127.0.0.1:59751 - R:/127.0.0.1:4723]
18:15:05.897 [Forwarding isElementDisplayed on session 6ae8d19c-d94b-4b66-bbcb-b0fc622f9fe8 to remote] DEBUG org.asynchttpclient.netty.request.NettyRequestSender - Using pooled Channel '[id: 0x5e8df1ca, L:/127.0.0.1:59751 - R:/127.0.0.1:4723]' for 'GET' to 'http://0.0.0.0:4723/wd/hub/session/6ae8d19c-d94b-4b66-bbcb-b0fc622f9fe8/element/00000000-0000-0615-0000-003200000003/displayed'
18:15:05.897 [Forwarding isElementDisplayed on session 6ae8d19c-d94b-4b66-bbcb-b0fc622f9fe8 to remote] DEBUG org.asynchttpclient.netty.request.NettyRequestSender - Using open Channel [id: 0x5e8df1ca, L:/127.0.0.1:59751 - R:/127.0.0.1:4723] for GET '/wd/hub/session/6ae8d19c-d94b-4b66-bbcb-b0fc622f9fe8/element/00000000-0000-0615-0000-003200000003/displayed'
18:15:05.920 [AsyncHttpClient-1-2] DEBUG org.asynchttpclient.netty.handler.HttpHandler - 

Request DefaultFullHttpRequest(decodeResult: success, version: HTTP/1.1, content: EmptyByteBufBE)
GET /wd/hub/session/6ae8d19c-d94b-4b66-bbcb-b0fc622f9fe8/element/00000000-0000-0615-0000-003200000003/displayed HTTP/1.1
User-Agent: appium/8.3.0 (selenium/4.8.1 (java windows))
Cache-Control: no-cache
Content-Type: application/json; charset=utf-8
host: 0.0.0.0:4723
accept: */*

Response DefaultHttpResponse(decodeResult: success, version: HTTP/1.1)
HTTP/1.1 200 OK
X-Powered-By: Express
Content-Type: application/json; charset=utf-8
Content-Length: 14
ETag: W/"e-2ZHvAWebNQpyjGZTg6uyV8/spTo"
Date: Sun, 07 May 2023 11:15:05 GMT
Connection: keep-alive
Keep-Alive: timeout=600

18:15:05.920 [AsyncHttpClient-1-2] DEBUG org.asynchttpclient.netty.channel.ChannelManager - Adding key: http://0.0.0.0:4723 for channel [id: 0x5e8df1ca, L:/127.0.0.1:59751 - R:/127.0.0.1:4723]
18:15:05.922 [Forwarding isElementEnabled on session 6ae8d19c-d94b-4b66-bbcb-b0fc622f9fe8 to remote] DEBUG org.asynchttpclient.netty.request.NettyRequestSender - Using pooled Channel '[id: 0x5e8df1ca, L:/127.0.0.1:59751 - R:/127.0.0.1:4723]' for 'GET' to 'http://0.0.0.0:4723/wd/hub/session/6ae8d19c-d94b-4b66-bbcb-b0fc622f9fe8/element/00000000-0000-0615-0000-003200000003/enabled'
18:15:05.922 [Forwarding isElementEnabled on session 6ae8d19c-d94b-4b66-bbcb-b0fc622f9fe8 to remote] DEBUG org.asynchttpclient.netty.request.NettyRequestSender - Using open Channel [id: 0x5e8df1ca, L:/127.0.0.1:59751 - R:/127.0.0.1:4723] for GET '/wd/hub/session/6ae8d19c-d94b-4b66-bbcb-b0fc622f9fe8/element/00000000-0000-0615-0000-003200000003/enabled'
18:15:05.947 [AsyncHttpClient-1-2] DEBUG org.asynchttpclient.netty.handler.HttpHandler - 

Request DefaultFullHttpRequest(decodeResult: success, version: HTTP/1.1, content: EmptyByteBufBE)
GET /wd/hub/session/6ae8d19c-d94b-4b66-bbcb-b0fc622f9fe8/element/00000000-0000-0615-0000-003200000003/enabled HTTP/1.1
User-Agent: appium/8.3.0 (selenium/4.8.1 (java windows))
Cache-Control: no-cache
Content-Type: application/json; charset=utf-8
host: 0.0.0.0:4723
accept: */*

Response DefaultHttpResponse(decodeResult: success, version: HTTP/1.1)
HTTP/1.1 200 OK
X-Powered-By: Express
Content-Type: application/json; charset=utf-8
Content-Length: 14
ETag: W/"e-2ZHvAWebNQpyjGZTg6uyV8/spTo"
Date: Sun, 07 May 2023 11:15:05 GMT
Connection: keep-alive
Keep-Alive: timeout=600

18:15:05.947 [AsyncHttpClient-1-2] DEBUG org.asynchttpclient.netty.channel.ChannelManager - Adding key: http://0.0.0.0:4723 for channel [id: 0x5e8df1ca, L:/127.0.0.1:59751 - R:/127.0.0.1:4723]
18:15:05.949 [Forwarding clickElement on session 6ae8d19c-d94b-4b66-bbcb-b0fc622f9fe8 to remote] DEBUG org.asynchttpclient.netty.request.NettyRequestSender - Using pooled Channel '[id: 0x5e8df1ca, L:/127.0.0.1:59751 - R:/127.0.0.1:4723]' for 'POST' to 'http://0.0.0.0:4723/wd/hub/session/6ae8d19c-d94b-4b66-bbcb-b0fc622f9fe8/element/00000000-0000-0615-0000-003200000003/click'
18:15:05.949 [Forwarding clickElement on session 6ae8d19c-d94b-4b66-bbcb-b0fc622f9fe8 to remote] DEBUG org.asynchttpclient.netty.request.NettyRequestSender - Using open Channel [id: 0x5e8df1ca, L:/127.0.0.1:59751 - R:/127.0.0.1:4723] for POST '/wd/hub/session/6ae8d19c-d94b-4b66-bbcb-b0fc622f9fe8/element/00000000-0000-0615-0000-003200000003/click'
18:15:06.738 [AsyncHttpClient-1-2] DEBUG org.asynchttpclient.netty.handler.HttpHandler - 

Request DefaultHttpRequest(decodeResult: success, version: HTTP/1.1)
POST /wd/hub/session/6ae8d19c-d94b-4b66-bbcb-b0fc622f9fe8/element/00000000-0000-0615-0000-003200000003/click HTTP/1.1
User-Agent: appium/8.3.0 (selenium/4.8.1 (java windows))
Content-Length: 50
Content-Type: application/json; charset=utf-8
host: 0.0.0.0:4723
accept: */*

Response DefaultHttpResponse(decodeResult: success, version: HTTP/1.1)
HTTP/1.1 200 OK
X-Powered-By: Express
Vary: X-HTTP-Method-Override
Content-Type: application/json; charset=utf-8
Content-Length: 14
ETag: W/"e-9/1BuKMgFObM1mWJm+YjxtXJnUM"
Date: Sun, 07 May 2023 11:15:06 GMT
Connection: keep-alive
Keep-Alive: timeout=600

18:15:06.739 [AsyncHttpClient-1-2] DEBUG org.asynchttpclient.netty.channel.ChannelManager - Adding key: http://0.0.0.0:4723 for channel [id: 0x5e8df1ca, L:/127.0.0.1:59751 - R:/127.0.0.1:4723]
18:15:06.742 [Forwarding findElement on session 6ae8d19c-d94b-4b66-bbcb-b0fc622f9fe8 to remote] DEBUG org.asynchttpclient.netty.request.NettyRequestSender - Using pooled Channel '[id: 0x5e8df1ca, L:/127.0.0.1:59751 - R:/127.0.0.1:4723]' for 'POST' to 'http://0.0.0.0:4723/wd/hub/session/6ae8d19c-d94b-4b66-bbcb-b0fc622f9fe8/element'
18:15:06.742 [Forwarding findElement on session 6ae8d19c-d94b-4b66-bbcb-b0fc622f9fe8 to remote] DEBUG org.asynchttpclient.netty.request.NettyRequestSender - Using open Channel [id: 0x5e8df1ca, L:/127.0.0.1:59751 - R:/127.0.0.1:4723] for POST '/wd/hub/session/6ae8d19c-d94b-4b66-bbcb-b0fc622f9fe8/element'
18:15:06.841 [AsyncHttpClient-1-2] DEBUG org.asynchttpclient.netty.handler.HttpHandler - 

Request DefaultHttpRequest(decodeResult: success, version: HTTP/1.1)
POST /wd/hub/session/6ae8d19c-d94b-4b66-bbcb-b0fc622f9fe8/element HTTP/1.1
User-Agent: appium/8.3.0 (selenium/4.8.1 (java windows))
Content-Length: 305
Content-Type: application/json; charset=utf-8
host: 0.0.0.0:4723
accept: */*

Response DefaultHttpResponse(decodeResult: success, version: HTTP/1.1)
HTTP/1.1 200 OK
X-Powered-By: Express
Vary: X-HTTP-Method-Override
Content-Type: application/json; charset=utf-8
Content-Length: 137
ETag: W/"89-mfVmF4Egmu3Rm03Z/8lGpcbLXLc"
Date: Sun, 07 May 2023 11:15:06 GMT
Connection: keep-alive
Keep-Alive: timeout=600

18:15:06.843 [AsyncHttpClient-1-2] DEBUG org.asynchttpclient.netty.channel.ChannelManager - Adding key: http://0.0.0.0:4723 for channel [id: 0x5e8df1ca, L:/127.0.0.1:59751 - R:/127.0.0.1:4723]
18:15:06.844 [Forwarding sendKeysToElement on session 6ae8d19c-d94b-4b66-bbcb-b0fc622f9fe8 to remote] DEBUG org.asynchttpclient.netty.request.NettyRequestSender - Using pooled Channel '[id: 0x5e8df1ca, L:/127.0.0.1:59751 - R:/127.0.0.1:4723]' for 'POST' to 'http://0.0.0.0:4723/wd/hub/session/6ae8d19c-d94b-4b66-bbcb-b0fc622f9fe8/element/00000000-0000-0615-0000-003200000003/value'
18:15:06.844 [Forwarding sendKeysToElement on session 6ae8d19c-d94b-4b66-bbcb-b0fc622f9fe8 to remote] DEBUG org.asynchttpclient.netty.request.NettyRequestSender - Using open Channel [id: 0x5e8df1ca, L:/127.0.0.1:59751 - R:/127.0.0.1:4723] for POST '/wd/hub/session/6ae8d19c-d94b-4b66-bbcb-b0fc622f9fe8/element/00000000-0000-0615-0000-003200000003/value'
18:15:06.897 [AsyncHttpClient-1-2] DEBUG org.asynchttpclient.netty.handler.HttpHandler - 

Request DefaultHttpRequest(decodeResult: success, version: HTTP/1.1)
POST /wd/hub/session/6ae8d19c-d94b-4b66-bbcb-b0fc622f9fe8/element/00000000-0000-0615-0000-003200000003/value HTTP/1.1
User-Agent: appium/8.3.0 (selenium/4.8.1 (java windows))
Content-Length: 231
Content-Type: application/json; charset=utf-8
host: 0.0.0.0:4723
accept: */*

Response DefaultHttpResponse(decodeResult: success, version: HTTP/1.1)
HTTP/1.1 200 OK
X-Powered-By: Express
Vary: X-HTTP-Method-Override
Content-Type: application/json; charset=utf-8
Content-Length: 14
ETag: W/"e-9/1BuKMgFObM1mWJm+YjxtXJnUM"
Date: Sun, 07 May 2023 11:15:06 GMT
Connection: keep-alive
Keep-Alive: timeout=600

18:15:06.897 [AsyncHttpClient-1-2] DEBUG org.asynchttpclient.netty.channel.ChannelManager - Adding key: http://0.0.0.0:4723 for channel [id: 0x5e8df1ca, L:/127.0.0.1:59751 - R:/127.0.0.1:4723]
18:15:06.898 [main] DEBUG net.thucydides.core.steps.StepInterceptor - STEP DONE: inputEmail
]]></system-out>
  </testcase>
  <testcase name="user input password for register feature" classname="user dapat register karena semua field terisi dan data yang valid" time="1.39">
    <system-out><![CDATA[18:15:06.918 [main] DEBUG net.thucydides.core.steps.StepInterceptor - STARTING STEP: RegisterSteps.userInputPasswordForRegisterFeature - inputPassword
18:15:06.921 [Forwarding findElement on session 6ae8d19c-d94b-4b66-bbcb-b0fc622f9fe8 to remote] DEBUG org.asynchttpclient.netty.request.NettyRequestSender - Using pooled Channel '[id: 0x5e8df1ca, L:/127.0.0.1:59751 - R:/127.0.0.1:4723]' for 'POST' to 'http://0.0.0.0:4723/wd/hub/session/6ae8d19c-d94b-4b66-bbcb-b0fc622f9fe8/element'
18:15:06.921 [Forwarding findElement on session 6ae8d19c-d94b-4b66-bbcb-b0fc622f9fe8 to remote] DEBUG org.asynchttpclient.netty.request.NettyRequestSender - Using open Channel [id: 0x5e8df1ca, L:/127.0.0.1:59751 - R:/127.0.0.1:4723] for POST '/wd/hub/session/6ae8d19c-d94b-4b66-bbcb-b0fc622f9fe8/element'
18:15:07.458 [AsyncHttpClient-1-2] DEBUG org.asynchttpclient.netty.handler.HttpHandler - 

Request DefaultHttpRequest(decodeResult: success, version: HTTP/1.1)
POST /wd/hub/session/6ae8d19c-d94b-4b66-bbcb-b0fc622f9fe8/element HTTP/1.1
User-Agent: appium/8.3.0 (selenium/4.8.1 (java windows))
Content-Length: 305
Content-Type: application/json; charset=utf-8
host: 0.0.0.0:4723
accept: */*

Response DefaultHttpResponse(decodeResult: success, version: HTTP/1.1)
HTTP/1.1 200 OK
X-Powered-By: Express
Vary: X-HTTP-Method-Override
Content-Type: application/json; charset=utf-8
Content-Length: 137
ETag: W/"89-MlhTdszpSVr5teh7NFuJUX3aXtI"
Date: Sun, 07 May 2023 11:15:07 GMT
Connection: keep-alive
Keep-Alive: timeout=600

18:15:07.458 [AsyncHttpClient-1-2] DEBUG org.asynchttpclient.netty.channel.ChannelManager - Adding key: http://0.0.0.0:4723 for channel [id: 0x5e8df1ca, L:/127.0.0.1:59751 - R:/127.0.0.1:4723]
18:15:07.459 [Forwarding isElementDisplayed on session 6ae8d19c-d94b-4b66-bbcb-b0fc622f9fe8 to remote] DEBUG org.asynchttpclient.netty.request.NettyRequestSender - Using pooled Channel '[id: 0x5e8df1ca, L:/127.0.0.1:59751 - R:/127.0.0.1:4723]' for 'GET' to 'http://0.0.0.0:4723/wd/hub/session/6ae8d19c-d94b-4b66-bbcb-b0fc622f9fe8/element/00000000-0000-0615-0000-003300000003/displayed'
18:15:07.459 [Forwarding isElementDisplayed on session 6ae8d19c-d94b-4b66-bbcb-b0fc622f9fe8 to remote] DEBUG org.asynchttpclient.netty.request.NettyRequestSender - Using open Channel [id: 0x5e8df1ca, L:/127.0.0.1:59751 - R:/127.0.0.1:4723] for GET '/wd/hub/session/6ae8d19c-d94b-4b66-bbcb-b0fc622f9fe8/element/00000000-0000-0615-0000-003300000003/displayed'
18:15:07.480 [AsyncHttpClient-1-2] DEBUG org.asynchttpclient.netty.handler.HttpHandler - 

Request DefaultFullHttpRequest(decodeResult: success, version: HTTP/1.1, content: EmptyByteBufBE)
GET /wd/hub/session/6ae8d19c-d94b-4b66-bbcb-b0fc622f9fe8/element/00000000-0000-0615-0000-003300000003/displayed HTTP/1.1
User-Agent: appium/8.3.0 (selenium/4.8.1 (java windows))
Cache-Control: no-cache
Content-Type: application/json; charset=utf-8
host: 0.0.0.0:4723
accept: */*

Response DefaultHttpResponse(decodeResult: success, version: HTTP/1.1)
HTTP/1.1 200 OK
X-Powered-By: Express
Content-Type: application/json; charset=utf-8
Content-Length: 14
ETag: W/"e-2ZHvAWebNQpyjGZTg6uyV8/spTo"
Date: Sun, 07 May 2023 11:15:07 GMT
Connection: keep-alive
Keep-Alive: timeout=600

18:15:07.480 [AsyncHttpClient-1-2] DEBUG org.asynchttpclient.netty.channel.ChannelManager - Adding key: http://0.0.0.0:4723 for channel [id: 0x5e8df1ca, L:/127.0.0.1:59751 - R:/127.0.0.1:4723]
18:15:07.481 [Forwarding isElementEnabled on session 6ae8d19c-d94b-4b66-bbcb-b0fc622f9fe8 to remote] DEBUG org.asynchttpclient.netty.request.NettyRequestSender - Using pooled Channel '[id: 0x5e8df1ca, L:/127.0.0.1:59751 - R:/127.0.0.1:4723]' for 'GET' to 'http://0.0.0.0:4723/wd/hub/session/6ae8d19c-d94b-4b66-bbcb-b0fc622f9fe8/element/00000000-0000-0615-0000-003300000003/enabled'
18:15:07.481 [Forwarding isElementEnabled on session 6ae8d19c-d94b-4b66-bbcb-b0fc622f9fe8 to remote] DEBUG org.asynchttpclient.netty.request.NettyRequestSender - Using open Channel [id: 0x5e8df1ca, L:/127.0.0.1:59751 - R:/127.0.0.1:4723] for GET '/wd/hub/session/6ae8d19c-d94b-4b66-bbcb-b0fc622f9fe8/element/00000000-0000-0615-0000-003300000003/enabled'
18:15:07.502 [AsyncHttpClient-1-2] DEBUG org.asynchttpclient.netty.handler.HttpHandler - 

Request DefaultFullHttpRequest(decodeResult: success, version: HTTP/1.1, content: EmptyByteBufBE)
GET /wd/hub/session/6ae8d19c-d94b-4b66-bbcb-b0fc622f9fe8/element/00000000-0000-0615-0000-003300000003/enabled HTTP/1.1
User-Agent: appium/8.3.0 (selenium/4.8.1 (java windows))
Cache-Control: no-cache
Content-Type: application/json; charset=utf-8
host: 0.0.0.0:4723
accept: */*

Response DefaultHttpResponse(decodeResult: success, version: HTTP/1.1)
HTTP/1.1 200 OK
X-Powered-By: Express
Content-Type: application/json; charset=utf-8
Content-Length: 14
ETag: W/"e-2ZHvAWebNQpyjGZTg6uyV8/spTo"
Date: Sun, 07 May 2023 11:15:07 GMT
Connection: keep-alive
Keep-Alive: timeout=600

18:15:07.502 [AsyncHttpClient-1-2] DEBUG org.asynchttpclient.netty.channel.ChannelManager - Adding key: http://0.0.0.0:4723 for channel [id: 0x5e8df1ca, L:/127.0.0.1:59751 - R:/127.0.0.1:4723]
18:15:07.505 [Forwarding clickElement on session 6ae8d19c-d94b-4b66-bbcb-b0fc622f9fe8 to remote] DEBUG org.asynchttpclient.netty.request.NettyRequestSender - Using pooled Channel '[id: 0x5e8df1ca, L:/127.0.0.1:59751 - R:/127.0.0.1:4723]' for 'POST' to 'http://0.0.0.0:4723/wd/hub/session/6ae8d19c-d94b-4b66-bbcb-b0fc622f9fe8/element/00000000-0000-0615-0000-003300000003/click'
18:15:07.505 [Forwarding clickElement on session 6ae8d19c-d94b-4b66-bbcb-b0fc622f9fe8 to remote] DEBUG org.asynchttpclient.netty.request.NettyRequestSender - Using open Channel [id: 0x5e8df1ca, L:/127.0.0.1:59751 - R:/127.0.0.1:4723] for POST '/wd/hub/session/6ae8d19c-d94b-4b66-bbcb-b0fc622f9fe8/element/00000000-0000-0615-0000-003300000003/click'
18:15:07.570 [AsyncHttpClient-1-2] DEBUG org.asynchttpclient.netty.handler.HttpHandler - 

Request DefaultHttpRequest(decodeResult: success, version: HTTP/1.1)
POST /wd/hub/session/6ae8d19c-d94b-4b66-bbcb-b0fc622f9fe8/element/00000000-0000-0615-0000-003300000003/click HTTP/1.1
User-Agent: appium/8.3.0 (selenium/4.8.1 (java windows))
Content-Length: 50
Content-Type: application/json; charset=utf-8
host: 0.0.0.0:4723
accept: */*

Response DefaultHttpResponse(decodeResult: success, version: HTTP/1.1)
HTTP/1.1 200 OK
X-Powered-By: Express
Vary: X-HTTP-Method-Override
Content-Type: application/json; charset=utf-8
Content-Length: 14
ETag: W/"e-9/1BuKMgFObM1mWJm+YjxtXJnUM"
Date: Sun, 07 May 2023 11:15:07 GMT
Connection: keep-alive
Keep-Alive: timeout=600

18:15:07.570 [AsyncHttpClient-1-2] DEBUG org.asynchttpclient.netty.channel.ChannelManager - Adding key: http://0.0.0.0:4723 for channel [id: 0x5e8df1ca, L:/127.0.0.1:59751 - R:/127.0.0.1:4723]
18:15:07.572 [Forwarding findElement on session 6ae8d19c-d94b-4b66-bbcb-b0fc622f9fe8 to remote] DEBUG org.asynchttpclient.netty.request.NettyRequestSender - Using pooled Channel '[id: 0x5e8df1ca, L:/127.0.0.1:59751 - R:/127.0.0.1:4723]' for 'POST' to 'http://0.0.0.0:4723/wd/hub/session/6ae8d19c-d94b-4b66-bbcb-b0fc622f9fe8/element'
18:15:07.572 [Forwarding findElement on session 6ae8d19c-d94b-4b66-bbcb-b0fc622f9fe8 to remote] DEBUG org.asynchttpclient.netty.request.NettyRequestSender - Using open Channel [id: 0x5e8df1ca, L:/127.0.0.1:59751 - R:/127.0.0.1:4723] for POST '/wd/hub/session/6ae8d19c-d94b-4b66-bbcb-b0fc622f9fe8/element'
18:15:08.257 [AsyncHttpClient-1-2] DEBUG org.asynchttpclient.netty.handler.HttpHandler - 

Request DefaultHttpRequest(decodeResult: success, version: HTTP/1.1)
POST /wd/hub/session/6ae8d19c-d94b-4b66-bbcb-b0fc622f9fe8/element HTTP/1.1
User-Agent: appium/8.3.0 (selenium/4.8.1 (java windows))
Content-Length: 305
Content-Type: application/json; charset=utf-8
host: 0.0.0.0:4723
accept: */*

Response DefaultHttpResponse(decodeResult: success, version: HTTP/1.1)
HTTP/1.1 200 OK
X-Powered-By: Express
Vary: X-HTTP-Method-Override
Content-Type: application/json; charset=utf-8
Content-Length: 137
ETag: W/"89-MlhTdszpSVr5teh7NFuJUX3aXtI"
Date: Sun, 07 May 2023 11:15:08 GMT
Connection: keep-alive
Keep-Alive: timeout=600

18:15:08.258 [AsyncHttpClient-1-2] DEBUG org.asynchttpclient.netty.channel.ChannelManager - Adding key: http://0.0.0.0:4723 for channel [id: 0x5e8df1ca, L:/127.0.0.1:59751 - R:/127.0.0.1:4723]
18:15:08.259 [Forwarding sendKeysToElement on session 6ae8d19c-d94b-4b66-bbcb-b0fc622f9fe8 to remote] DEBUG org.asynchttpclient.netty.request.NettyRequestSender - Using pooled Channel '[id: 0x5e8df1ca, L:/127.0.0.1:59751 - R:/127.0.0.1:4723]' for 'POST' to 'http://0.0.0.0:4723/wd/hub/session/6ae8d19c-d94b-4b66-bbcb-b0fc622f9fe8/element/00000000-0000-0615-0000-003300000003/value'
18:15:08.260 [Forwarding sendKeysToElement on session 6ae8d19c-d94b-4b66-bbcb-b0fc622f9fe8 to remote] DEBUG org.asynchttpclient.netty.request.NettyRequestSender - Using open Channel [id: 0x5e8df1ca, L:/127.0.0.1:59751 - R:/127.0.0.1:4723] for POST '/wd/hub/session/6ae8d19c-d94b-4b66-bbcb-b0fc622f9fe8/element/00000000-0000-0615-0000-003300000003/value'
18:15:08.294 [AsyncHttpClient-1-2] DEBUG org.asynchttpclient.netty.handler.HttpHandler - 

Request DefaultHttpRequest(decodeResult: success, version: HTTP/1.1)
POST /wd/hub/session/6ae8d19c-d94b-4b66-bbcb-b0fc622f9fe8/element/00000000-0000-0615-0000-003300000003/value HTTP/1.1
User-Agent: appium/8.3.0 (selenium/4.8.1 (java windows))
Content-Length: 111
Content-Type: application/json; charset=utf-8
host: 0.0.0.0:4723
accept: */*

Response DefaultHttpResponse(decodeResult: success, version: HTTP/1.1)
HTTP/1.1 200 OK
X-Powered-By: Express
Vary: X-HTTP-Method-Override
Content-Type: application/json; charset=utf-8
Content-Length: 14
ETag: W/"e-9/1BuKMgFObM1mWJm+YjxtXJnUM"
Date: Sun, 07 May 2023 11:15:08 GMT
Connection: keep-alive
Keep-Alive: timeout=600

18:15:08.294 [AsyncHttpClient-1-2] DEBUG org.asynchttpclient.netty.channel.ChannelManager - Adding key: http://0.0.0.0:4723 for channel [id: 0x5e8df1ca, L:/127.0.0.1:59751 - R:/127.0.0.1:4723]
18:15:08.296 [main] DEBUG net.thucydides.core.steps.StepInterceptor - STEP DONE: inputPassword
]]></system-out>
  </testcase>
  <testcase name="user click register button for register feature" classname="user dapat register karena semua field terisi dan data yang valid" time="2.259">
    <system-out><![CDATA[18:15:08.310 [main] DEBUG net.thucydides.core.steps.StepInterceptor - STARTING STEP: RegisterSteps.userClickRegisterButtonForRegisterFeature - clickRegisterButton
18:15:08.313 [Forwarding findElement on session 6ae8d19c-d94b-4b66-bbcb-b0fc622f9fe8 to remote] DEBUG org.asynchttpclient.netty.request.NettyRequestSender - Using pooled Channel '[id: 0x5e8df1ca, L:/127.0.0.1:59751 - R:/127.0.0.1:4723]' for 'POST' to 'http://0.0.0.0:4723/wd/hub/session/6ae8d19c-d94b-4b66-bbcb-b0fc622f9fe8/element'
18:15:08.313 [Forwarding findElement on session 6ae8d19c-d94b-4b66-bbcb-b0fc622f9fe8 to remote] DEBUG org.asynchttpclient.netty.request.NettyRequestSender - Using open Channel [id: 0x5e8df1ca, L:/127.0.0.1:59751 - R:/127.0.0.1:4723] for POST '/wd/hub/session/6ae8d19c-d94b-4b66-bbcb-b0fc622f9fe8/element'
18:15:08.975 [AsyncHttpClient-1-2] DEBUG org.asynchttpclient.netty.handler.HttpHandler - 

Request DefaultHttpRequest(decodeResult: success, version: HTTP/1.1)
POST /wd/hub/session/6ae8d19c-d94b-4b66-bbcb-b0fc622f9fe8/element HTTP/1.1
User-Agent: appium/8.3.0 (selenium/4.8.1 (java windows))
Content-Length: 98
Content-Type: application/json; charset=utf-8
host: 0.0.0.0:4723
accept: */*

Response DefaultHttpResponse(decodeResult: success, version: HTTP/1.1)
HTTP/1.1 200 OK
X-Powered-By: Express
Vary: X-HTTP-Method-Override
Content-Type: application/json; charset=utf-8
Content-Length: 137
ETag: W/"89-cLKrn3VsEc+4WbcQTK/F3faGdfs"
Date: Sun, 07 May 2023 11:15:08 GMT
Connection: keep-alive
Keep-Alive: timeout=600

18:15:08.975 [AsyncHttpClient-1-2] DEBUG org.asynchttpclient.netty.channel.ChannelManager - Adding key: http://0.0.0.0:4723 for channel [id: 0x5e8df1ca, L:/127.0.0.1:59751 - R:/127.0.0.1:4723]
18:15:08.977 [Forwarding isElementDisplayed on session 6ae8d19c-d94b-4b66-bbcb-b0fc622f9fe8 to remote] DEBUG org.asynchttpclient.netty.request.NettyRequestSender - Using pooled Channel '[id: 0x5e8df1ca, L:/127.0.0.1:59751 - R:/127.0.0.1:4723]' for 'GET' to 'http://0.0.0.0:4723/wd/hub/session/6ae8d19c-d94b-4b66-bbcb-b0fc622f9fe8/element/00000000-0000-0615-0000-003400000003/displayed'
18:15:08.977 [Forwarding isElementDisplayed on session 6ae8d19c-d94b-4b66-bbcb-b0fc622f9fe8 to remote] DEBUG org.asynchttpclient.netty.request.NettyRequestSender - Using open Channel [id: 0x5e8df1ca, L:/127.0.0.1:59751 - R:/127.0.0.1:4723] for GET '/wd/hub/session/6ae8d19c-d94b-4b66-bbcb-b0fc622f9fe8/element/00000000-0000-0615-0000-003400000003/displayed'
18:15:08.996 [AsyncHttpClient-1-2] DEBUG org.asynchttpclient.netty.handler.HttpHandler - 

Request DefaultFullHttpRequest(decodeResult: success, version: HTTP/1.1, content: EmptyByteBufBE)
GET /wd/hub/session/6ae8d19c-d94b-4b66-bbcb-b0fc622f9fe8/element/00000000-0000-0615-0000-003400000003/displayed HTTP/1.1
User-Agent: appium/8.3.0 (selenium/4.8.1 (java windows))
Cache-Control: no-cache
Content-Type: application/json; charset=utf-8
host: 0.0.0.0:4723
accept: */*

Response DefaultHttpResponse(decodeResult: success, version: HTTP/1.1)
HTTP/1.1 200 OK
X-Powered-By: Express
Content-Type: application/json; charset=utf-8
Content-Length: 14
ETag: W/"e-2ZHvAWebNQpyjGZTg6uyV8/spTo"
Date: Sun, 07 May 2023 11:15:08 GMT
Connection: keep-alive
Keep-Alive: timeout=600

18:15:08.998 [AsyncHttpClient-1-2] DEBUG org.asynchttpclient.netty.channel.ChannelManager - Adding key: http://0.0.0.0:4723 for channel [id: 0x5e8df1ca, L:/127.0.0.1:59751 - R:/127.0.0.1:4723]
18:15:08.999 [Forwarding isElementEnabled on session 6ae8d19c-d94b-4b66-bbcb-b0fc622f9fe8 to remote] DEBUG org.asynchttpclient.netty.request.NettyRequestSender - Using pooled Channel '[id: 0x5e8df1ca, L:/127.0.0.1:59751 - R:/127.0.0.1:4723]' for 'GET' to 'http://0.0.0.0:4723/wd/hub/session/6ae8d19c-d94b-4b66-bbcb-b0fc622f9fe8/element/00000000-0000-0615-0000-003400000003/enabled'
18:15:08.999 [Forwarding isElementEnabled on session 6ae8d19c-d94b-4b66-bbcb-b0fc622f9fe8 to remote] DEBUG org.asynchttpclient.netty.request.NettyRequestSender - Using open Channel [id: 0x5e8df1ca, L:/127.0.0.1:59751 - R:/127.0.0.1:4723] for GET '/wd/hub/session/6ae8d19c-d94b-4b66-bbcb-b0fc622f9fe8/element/00000000-0000-0615-0000-003400000003/enabled'
18:15:09.018 [AsyncHttpClient-1-2] DEBUG org.asynchttpclient.netty.handler.HttpHandler - 

Request DefaultFullHttpRequest(decodeResult: success, version: HTTP/1.1, content: EmptyByteBufBE)
GET /wd/hub/session/6ae8d19c-d94b-4b66-bbcb-b0fc622f9fe8/element/00000000-0000-0615-0000-003400000003/enabled HTTP/1.1
User-Agent: appium/8.3.0 (selenium/4.8.1 (java windows))
Cache-Control: no-cache
Content-Type: application/json; charset=utf-8
host: 0.0.0.0:4723
accept: */*

Response DefaultHttpResponse(decodeResult: success, version: HTTP/1.1)
HTTP/1.1 200 OK
X-Powered-By: Express
Content-Type: application/json; charset=utf-8
Content-Length: 14
ETag: W/"e-2ZHvAWebNQpyjGZTg6uyV8/spTo"
Date: Sun, 07 May 2023 11:15:09 GMT
Connection: keep-alive
Keep-Alive: timeout=600

18:15:09.018 [AsyncHttpClient-1-2] DEBUG org.asynchttpclient.netty.channel.ChannelManager - Adding key: http://0.0.0.0:4723 for channel [id: 0x5e8df1ca, L:/127.0.0.1:59751 - R:/127.0.0.1:4723]
18:15:09.020 [Forwarding clickElement on session 6ae8d19c-d94b-4b66-bbcb-b0fc622f9fe8 to remote] DEBUG org.asynchttpclient.netty.request.NettyRequestSender - Using pooled Channel '[id: 0x5e8df1ca, L:/127.0.0.1:59751 - R:/127.0.0.1:4723]' for 'POST' to 'http://0.0.0.0:4723/wd/hub/session/6ae8d19c-d94b-4b66-bbcb-b0fc622f9fe8/element/00000000-0000-0615-0000-003400000003/click'
18:15:09.020 [Forwarding clickElement on session 6ae8d19c-d94b-4b66-bbcb-b0fc622f9fe8 to remote] DEBUG org.asynchttpclient.netty.request.NettyRequestSender - Using open Channel [id: 0x5e8df1ca, L:/127.0.0.1:59751 - R:/127.0.0.1:4723] for POST '/wd/hub/session/6ae8d19c-d94b-4b66-bbcb-b0fc622f9fe8/element/00000000-0000-0615-0000-003400000003/click'
18:15:10.538 [AsyncHttpClient-1-2] DEBUG org.asynchttpclient.netty.handler.HttpHandler - 

Request DefaultHttpRequest(decodeResult: success, version: HTTP/1.1)
POST /wd/hub/session/6ae8d19c-d94b-4b66-bbcb-b0fc622f9fe8/element/00000000-0000-0615-0000-003400000003/click HTTP/1.1
User-Agent: appium/8.3.0 (selenium/4.8.1 (java windows))
Content-Length: 50
Content-Type: application/json; charset=utf-8
host: 0.0.0.0:4723
accept: */*

Response DefaultHttpResponse(decodeResult: success, version: HTTP/1.1)
HTTP/1.1 200 OK
X-Powered-By: Express
Vary: X-HTTP-Method-Override
Content-Type: application/json; charset=utf-8
Content-Length: 14
ETag: W/"e-9/1BuKMgFObM1mWJm+YjxtXJnUM"
Date: Sun, 07 May 2023 11:15:10 GMT
Connection: keep-alive
Keep-Alive: timeout=600

18:15:10.550 [AsyncHttpClient-1-2] DEBUG org.asynchttpclient.netty.channel.ChannelManager - Adding key: http://0.0.0.0:4723 for channel [id: 0x5e8df1ca, L:/127.0.0.1:59751 - R:/127.0.0.1:4723]
18:15:10.555 [main] DEBUG net.thucydides.core.steps.StepInterceptor - STEP DONE: clickRegisterButton
]]></system-out>
  </testcase>
  <testcase name="user on homepage AltaShop again" classname="user dapat register karena semua field terisi dan data yang valid" time="2.381">
    <system-out><![CDATA[18:15:10.637 [main] DEBUG net.thucydides.core.steps.StepInterceptor - STARTING STEP: RegisterSteps.userOnHomepageAltaShopAgain - onHomepageAltaShopAgain
18:15:10.660 [Forwarding findElement on session 6ae8d19c-d94b-4b66-bbcb-b0fc622f9fe8 to remote] DEBUG org.asynchttpclient.netty.request.NettyRequestSender - Using pooled Channel '[id: 0x5e8df1ca, L:/127.0.0.1:59751 - R:/127.0.0.1:4723]' for 'POST' to 'http://0.0.0.0:4723/wd/hub/session/6ae8d19c-d94b-4b66-bbcb-b0fc622f9fe8/element'
18:15:10.660 [Forwarding findElement on session 6ae8d19c-d94b-4b66-bbcb-b0fc622f9fe8 to remote] DEBUG org.asynchttpclient.netty.request.NettyRequestSender - Using open Channel [id: 0x5e8df1ca, L:/127.0.0.1:59751 - R:/127.0.0.1:4723] for POST '/wd/hub/session/6ae8d19c-d94b-4b66-bbcb-b0fc622f9fe8/element'
18:15:12.202 [AsyncHttpClient-1-2] DEBUG org.asynchttpclient.netty.handler.HttpHandler - 

Request DefaultHttpRequest(decodeResult: success, version: HTTP/1.1)
POST /wd/hub/session/6ae8d19c-d94b-4b66-bbcb-b0fc622f9fe8/element HTTP/1.1
User-Agent: appium/8.3.0 (selenium/4.8.1 (java windows))
Content-Length: 91
Content-Type: application/json; charset=utf-8
host: 0.0.0.0:4723
accept: */*

Response DefaultHttpResponse(decodeResult: success, version: HTTP/1.1)
HTTP/1.1 200 OK
X-Powered-By: Express
Vary: X-HTTP-Method-Override
Content-Type: application/json; charset=utf-8
Content-Length: 137
ETag: W/"89-fYwedk1SnzZNxLx4y9Pf/i3MjAM"
Date: Sun, 07 May 2023 11:15:12 GMT
Connection: keep-alive
Keep-Alive: timeout=600

18:15:12.224 [AsyncHttpClient-1-2] DEBUG org.asynchttpclient.netty.channel.ChannelManager - Adding key: http://0.0.0.0:4723 for channel [id: 0x5e8df1ca, L:/127.0.0.1:59751 - R:/127.0.0.1:4723]
18:15:12.239 [Forwarding isElementDisplayed on session 6ae8d19c-d94b-4b66-bbcb-b0fc622f9fe8 to remote] DEBUG org.asynchttpclient.netty.request.NettyRequestSender - Using pooled Channel '[id: 0x5e8df1ca, L:/127.0.0.1:59751 - R:/127.0.0.1:4723]' for 'GET' to 'http://0.0.0.0:4723/wd/hub/session/6ae8d19c-d94b-4b66-bbcb-b0fc622f9fe8/element/00000000-0000-0615-0000-000800000003/displayed'
18:15:12.244 [Forwarding isElementDisplayed on session 6ae8d19c-d94b-4b66-bbcb-b0fc622f9fe8 to remote] DEBUG org.asynchttpclient.netty.request.NettyRequestSender - Using open Channel [id: 0x5e8df1ca, L:/127.0.0.1:59751 - R:/127.0.0.1:4723] for GET '/wd/hub/session/6ae8d19c-d94b-4b66-bbcb-b0fc622f9fe8/element/00000000-0000-0615-0000-000800000003/displayed'
18:15:12.466 [AsyncHttpClient-1-2] DEBUG org.asynchttpclient.netty.handler.HttpHandler - 

Request DefaultFullHttpRequest(decodeResult: success, version: HTTP/1.1, content: EmptyByteBufBE)
GET /wd/hub/session/6ae8d19c-d94b-4b66-bbcb-b0fc622f9fe8/element/00000000-0000-0615-0000-000800000003/displayed HTTP/1.1
User-Agent: appium/8.3.0 (selenium/4.8.1 (java windows))
Cache-Control: no-cache
Content-Type: application/json; charset=utf-8
host: 0.0.0.0:4723
accept: */*

Response DefaultHttpResponse(decodeResult: success, version: HTTP/1.1)
HTTP/1.1 200 OK
X-Powered-By: Express
Content-Type: application/json; charset=utf-8
Content-Length: 14
ETag: W/"e-2ZHvAWebNQpyjGZTg6uyV8/spTo"
Date: Sun, 07 May 2023 11:15:12 GMT
Connection: keep-alive
Keep-Alive: timeout=600

18:15:12.486 [AsyncHttpClient-1-2] DEBUG org.asynchttpclient.netty.channel.ChannelManager - Adding key: http://0.0.0.0:4723 for channel [id: 0x5e8df1ca, L:/127.0.0.1:59751 - R:/127.0.0.1:4723]
18:15:12.575 [Forwarding isElementDisplayed on session 6ae8d19c-d94b-4b66-bbcb-b0fc622f9fe8 to remote] DEBUG org.asynchttpclient.netty.request.NettyRequestSender - Using pooled Channel '[id: 0x5e8df1ca, L:/127.0.0.1:59751 - R:/127.0.0.1:4723]' for 'GET' to 'http://0.0.0.0:4723/wd/hub/session/6ae8d19c-d94b-4b66-bbcb-b0fc622f9fe8/element/00000000-0000-0615-0000-000800000003/displayed'
18:15:12.575 [Forwarding isElementDisplayed on session 6ae8d19c-d94b-4b66-bbcb-b0fc622f9fe8 to remote] DEBUG org.asynchttpclient.netty.request.NettyRequestSender - Using open Channel [id: 0x5e8df1ca, L:/127.0.0.1:59751 - R:/127.0.0.1:4723] for GET '/wd/hub/session/6ae8d19c-d94b-4b66-bbcb-b0fc622f9fe8/element/00000000-0000-0615-0000-000800000003/displayed'
18:15:12.950 [AsyncHttpClient-1-2] DEBUG org.asynchttpclient.netty.handler.HttpHandler - 

Request DefaultFullHttpRequest(decodeResult: success, version: HTTP/1.1, content: EmptyByteBufBE)
GET /wd/hub/session/6ae8d19c-d94b-4b66-bbcb-b0fc622f9fe8/element/00000000-0000-0615-0000-000800000003/displayed HTTP/1.1
User-Agent: appium/8.3.0 (selenium/4.8.1 (java windows))
Cache-Control: no-cache
Content-Type: application/json; charset=utf-8
host: 0.0.0.0:4723
accept: */*

Response DefaultHttpResponse(decodeResult: success, version: HTTP/1.1)
HTTP/1.1 200 OK
X-Powered-By: Express
Content-Type: application/json; charset=utf-8
Content-Length: 14
ETag: W/"e-2ZHvAWebNQpyjGZTg6uyV8/spTo"
Date: Sun, 07 May 2023 11:15:12 GMT
Connection: keep-alive
Keep-Alive: timeout=600

18:15:12.951 [AsyncHttpClient-1-2] DEBUG org.asynchttpclient.netty.channel.ChannelManager - Adding key: http://0.0.0.0:4723 for channel [id: 0x5e8df1ca, L:/127.0.0.1:59751 - R:/127.0.0.1:4723]
18:15:12.958 [main] DEBUG net.thucydides.core.steps.StepInterceptor - STEP DONE: onHomepageAltaShopAgain
]]></system-out>
  </testcase>
</testsuite>