<?xml version="1.0" encoding="UTF-8"?>
<testsuite xmlns:xsi="http://www.w3.org/2001/XMLSchema-instance" xsi:noNamespaceSchemaLocation="https://maven.apache.org/surefire/maven-failsafe-plugin/xsd/failsafe-test-report-3.0.xsd" version="3.0" name="starter.CucumberTestSuite" time="121.546" tests="37" errors="3" skipped="0" failures="0">
  <properties>
    <property name="java.specification.version" value="19"/>
    <property name="sun.cpu.isalist" value="amd64"/>
    <property name="sun.jnu.encoding" value="Cp1252"/>
    <property name="java.class.path" value="C:\Dev\ALTASHOP MOBILE AUTOMATION\target\test-classes;C:\Users\HP\.m2\repository\net\serenity-bdd\serenity-core\3.6.21\serenity-core-3.6.21.jar;C:\Users\HP\.m2\repository\net\serenity-bdd\serenity-model\3.6.21\serenity-model-3.6.21.jar;C:\Users\HP\.m2\repository\org\apache\commons\commons-text\1.10.0\commons-text-1.10.0.jar;C:\Users\HP\.m2\repository\commons-net\commons-net\3.9.0\commons-net-3.9.0.jar;C:\Users\HP\.m2\repository\com\google\inject\guice\5.1.0\guice-5.1.0.jar;C:\Users\HP\.m2\repository\javax\inject\javax.inject\1\javax.inject-1.jar;C:\Users\HP\.m2\repository\aopalliance\aopalliance\1.0\aopalliance-1.0.jar;C:\Users\HP\.m2\repository\org\jsoup\jsoup\1.14.3\jsoup-1.14.3.jar;C:\Users\HP\.m2\repository\com\thoughtworks\xstream\xstream\1.4.20\xstream-1.4.20.jar;C:\Users\HP\.m2\repository\io\github\x-stream\mxparser\1.2.2\mxparser-1.2.2.jar;C:\Users\HP\.m2\repository\xmlpull\xmlpull\1.1.3.1\xmlpull-1.1.3.1.jar;C:\Users\HP\.m2\repository\com\typesafe\config\1.4.2\config-1.4.2.jar;C:\Users\HP\.m2\repository\org\imgscalr\imgscalr-lib\4.2\imgscalr-lib-4.2.jar;C:\Users\HP\.m2\repository\org\awaitility\awaitility\4.2.0\awaitility-4.2.0.jar;C:\Users\HP\.m2\repository\org\freemarker\freemarker\2.3.31\freemarker-2.3.31.jar;C:\Users\HP\.m2\repository\io\github\classgraph\classgraph\4.8.138\classgraph-4.8.138.jar;C:\Users\HP\.m2\repository\net\sourceforge\jexcelapi\jxl\2.6.12\jxl-2.6.12.jar;C:\Users\HP\.m2\repository\net\bytebuddy\byte-buddy-agent\1.14.2\byte-buddy-agent-1.14.2.jar;C:\Users\HP\.m2\repository\org\objenesis\objenesis\3.3\objenesis-3.3.jar;C:\Users\HP\.m2\repository\net\serenity-bdd\serenity-reports\3.6.21\serenity-reports-3.6.21.jar;C:\Users\HP\.m2\repository\net\serenity-bdd\serenity-stats\3.6.21\serenity-stats-3.6.21.jar;C:\Users\HP\.m2\repository\net\serenity-bdd\serenity-reports-configuration\3.6.21\serenity-reports-configuration-3.6.21.jar;C:\Users\HP\.m2\repository\com\vladsch\flexmark\flexmark-all\0.62.2\flexmark-all-0.62.2.jar;C:\Users\HP\.m2\repository\com\vladsch\flexmark\flexmark\0.62.2\flexmark-0.62.2.jar;C:\Users\HP\.m2\repository\com\vladsch\flexmark\flexmark-ext-abbreviation\0.62.2\flexmark-ext-abbreviation-0.62.2.jar;C:\Users\HP\.m2\repository\com\vladsch\flexmark\flexmark-util\0.62.2\flexmark-util-0.62.2.jar;C:\Users\HP\.m2\repository\com\vladsch\flexmark\flexmark-ext-admonition\0.62.2\flexmark-ext-admonition-0.62.2.jar;C:\Users\HP\.m2\repository\com\vladsch\flexmark\flexmark-ext-anchorlink\0.62.2\flexmark-ext-anchorlink-0.62.2.jar;C:\Users\HP\.m2\repository\com\vladsch\flexmark\flexmark-ext-aside\0.62.2\flexmark-ext-aside-0.62.2.jar;C:\Users\HP\.m2\repository\com\vladsch\flexmark\flexmark-ext-attributes\0.62.2\flexmark-ext-attributes-0.62.2.jar;C:\Users\HP\.m2\repository\com\vladsch\flexmark\flexmark-ext-autolink\0.62.2\flexmark-ext-autolink-0.62.2.jar;C:\Users\HP\.m2\repository\org\nibor\autolink\autolink\0.6.0\autolink-0.6.0.jar;C:\Users\HP\.m2\repository\com\vladsch\flexmark\flexmark-ext-definition\0.62.2\flexmark-ext-definition-0.62.2.jar;C:\Users\HP\.m2\repository\com\vladsch\flexmark\flexmark-ext-emoji\0.62.2\flexmark-ext-emoji-0.62.2.jar;C:\Users\HP\.m2\repository\com\vladsch\flexmark\flexmark-ext-enumerated-reference\0.62.2\flexmark-ext-enumerated-reference-0.62.2.jar;C:\Users\HP\.m2\repository\com\vladsch\flexmark\flexmark-ext-escaped-character\0.62.2\flexmark-ext-escaped-character-0.62.2.jar;C:\Users\HP\.m2\repository\com\vladsch\flexmark\flexmark-ext-footnotes\0.62.2\flexmark-ext-footnotes-0.62.2.jar;C:\Users\HP\.m2\repository\com\vladsch\flexmark\flexmark-ext-gfm-issues\0.62.2\flexmark-ext-gfm-issues-0.62.2.jar;C:\Users\HP\.m2\repository\com\vladsch\flexmark\flexmark-ext-gfm-strikethrough\0.62.2\flexmark-ext-gfm-strikethrough-0.62.2.jar;C:\Users\HP\.m2\repository\com\vladsch\flexmark\flexmark-ext-gfm-tasklist\0.62.2\flexmark-ext-gfm-tasklist-0.62.2.jar;C:\Users\HP\.m2\repository\com\vladsch\flexmark\flexmark-ext-gfm-users\0.62.2\flexmark-ext-gfm-users-0.62.2.jar;C:\Users\HP\.m2\repository\com\vladsch\flexmark\flexmark-ext-gitlab\0.62.2\flexmark-ext-gitlab-0.62.2.jar;C:\Users\HP\.m2\repository\com\vladsch\flexmark\flexmark-ext-jekyll-front-matter\0.62.2\flexmark-ext-jekyll-front-matter-0.62.2.jar;C:\Users\HP\.m2\repository\com\vladsch\flexmark\flexmark-ext-jekyll-tag\0.62.2\flexmark-ext-jekyll-tag-0.62.2.jar;C:\Users\HP\.m2\repository\com\vladsch\flexmark\flexmark-ext-media-tags\0.62.2\flexmark-ext-media-tags-0.62.2.jar;C:\Users\HP\.m2\repository\com\vladsch\flexmark\flexmark-ext-macros\0.62.2\flexmark-ext-macros-0.62.2.jar;C:\Users\HP\.m2\repository\com\vladsch\flexmark\flexmark-ext-ins\0.62.2\flexmark-ext-ins-0.62.2.jar;C:\Users\HP\.m2\repository\com\vladsch\flexmark\flexmark-ext-xwiki-macros\0.62.2\flexmark-ext-xwiki-macros-0.62.2.jar;C:\Users\HP\.m2\repository\com\vladsch\flexmark\flexmark-ext-superscript\0.62.2\flexmark-ext-superscript-0.62.2.jar;C:\Users\HP\.m2\repository\com\vladsch\flexmark\flexmark-ext-tables\0.62.2\flexmark-ext-tables-0.62.2.jar;C:\Users\HP\.m2\repository\com\vladsch\flexmark\flexmark-ext-toc\0.62.2\flexmark-ext-toc-0.62.2.jar;C:\Users\HP\.m2\repository\com\vladsch\flexmark\flexmark-ext-typographic\0.62.2\flexmark-ext-typographic-0.62.2.jar;C:\Users\HP\.m2\repository\com\vladsch\flexmark\flexmark-ext-wikilink\0.62.2\flexmark-ext-wikilink-0.62.2.jar;C:\Users\HP\.m2\repository\com\vladsch\flexmark\flexmark-ext-yaml-front-matter\0.62.2\flexmark-ext-yaml-front-matter-0.62.2.jar;C:\Users\HP\.m2\repository\com\vladsch\flexmark\flexmark-ext-youtube-embedded\0.62.2\flexmark-ext-youtube-embedded-0.62.2.jar;C:\Users\HP\.m2\repository\com\vladsch\flexmark\flexmark-html2md-converter\0.62.2\flexmark-html2md-converter-0.62.2.jar;C:\Users\HP\.m2\repository\com\vladsch\flexmark\flexmark-jira-converter\0.62.2\flexmark-jira-converter-0.62.2.jar;C:\Users\HP\.m2\repository\com\vladsch\flexmark\flexmark-pdf-converter\0.62.2\flexmark-pdf-converter-0.62.2.jar;C:\Users\HP\.m2\repository\com\openhtmltopdf\openhtmltopdf-core\1.0.0\openhtmltopdf-core-1.0.0.jar;C:\Users\HP\.m2\repository\com\openhtmltopdf\openhtmltopdf-pdfbox\1.0.0\openhtmltopdf-pdfbox-1.0.0.jar;C:\Users\HP\.m2\repository\org\apache\pdfbox\pdfbox\2.0.16\pdfbox-2.0.16.jar;C:\Users\HP\.m2\repository\org\apache\pdfbox\fontbox\2.0.16\fontbox-2.0.16.jar;C:\Users\HP\.m2\repository\org\apache\pdfbox\xmpbox\2.0.16\xmpbox-2.0.16.jar;C:\Users\HP\.m2\repository\de\rototor\pdfbox\graphics2d\0.24\graphics2d-0.24.jar;C:\Users\HP\.m2\repository\com\openhtmltopdf\openhtmltopdf-rtl-support\1.0.0\openhtmltopdf-rtl-support-1.0.0.jar;C:\Users\HP\.m2\repository\com\openhtmltopdf\openhtmltopdf-jsoup-dom-converter\1.0.0\openhtmltopdf-jsoup-dom-converter-1.0.0.jar;C:\Users\HP\.m2\repository\com\vladsch\flexmark\flexmark-profile-pegdown\0.62.2\flexmark-profile-pegdown-0.62.2.jar;C:\Users\HP\.m2\repository\com\vladsch\flexmark\flexmark-util-ast\0.62.2\flexmark-util-ast-0.62.2.jar;C:\Users\HP\.m2\repository\com\vladsch\flexmark\flexmark-util-builder\0.62.2\flexmark-util-builder-0.62.2.jar;C:\Users\HP\.m2\repository\com\vladsch\flexmark\flexmark-util-collection\0.62.2\flexmark-util-collection-0.62.2.jar;C:\Users\HP\.m2\repository\com\vladsch\flexmark\flexmark-util-data\0.62.2\flexmark-util-data-0.62.2.jar;C:\Users\HP\.m2\repository\com\vladsch\flexmark\flexmark-util-dependency\0.62.2\flexmark-util-dependency-0.62.2.jar;C:\Users\HP\.m2\repository\com\vladsch\flexmark\flexmark-util-format\0.62.2\flexmark-util-format-0.62.2.jar;C:\Users\HP\.m2\repository\com\vladsch\flexmark\flexmark-util-html\0.62.2\flexmark-util-html-0.62.2.jar;C:\Users\HP\.m2\repository\com\vladsch\flexmark\flexmark-util-misc\0.62.2\flexmark-util-misc-0.62.2.jar;C:\Users\HP\.m2\repository\com\vladsch\flexmark\flexmark-util-options\0.62.2\flexmark-util-options-0.62.2.jar;C:\Users\HP\.m2\repository\com\vladsch\flexmark\flexmark-util-sequence\0.62.2\flexmark-util-sequence-0.62.2.jar;C:\Users\HP\.m2\repository\com\vladsch\flexmark\flexmark-util-visitor\0.62.2\flexmark-util-visitor-0.62.2.jar;C:\Users\HP\.m2\repository\com\vladsch\flexmark\flexmark-youtrack-converter\0.62.2\flexmark-youtrack-converter-0.62.2.jar;C:\Users\HP\.m2\repository\com\ibm\icu\icu4j\72.1\icu4j-72.1.jar;C:\Users\HP\.m2\repository\es\nitaur\markdown\txtmark\0.16\txtmark-0.16.jar;C:\Users\HP\.m2\repository\net\serenity-bdd\serenity-report-resources\3.6.21\serenity-report-resources-3.6.21.jar;C:\Users\HP\.m2\repository\com\google\code\gson\gson\2.10.1\gson-2.10.1.jar;C:\Users\HP\.m2\repository\com\fasterxml\jackson\core\jackson-core\2.15.0-rc1\jackson-core-2.15.0-rc1.jar;C:\Users\HP\.m2\repository\com\fasterxml\jackson\core\jackson-databind\2.15.0-rc1\jackson-databind-2.15.0-rc1.jar;C:\Users\HP\.m2\repository\com\fasterxml\jackson\core\jackson-annotations\2.15.0-rc1\jackson-annotations-2.15.0-rc1.jar;C:\Users\HP\.m2\repository\commons-codec\commons-codec\1.15\commons-codec-1.15.jar;C:\Users\HP\.m2\repository\commons-io\commons-io\2.11.0\commons-io-2.11.0.jar;C:\Users\HP\.m2\repository\org\apache\httpcomponents\httpclient\4.5.13\httpclient-4.5.13.jar;C:\Users\HP\.m2\repository\org\apache\httpcomponents\httpcore\4.4.13\httpcore-4.4.13.jar;C:\Users\HP\.m2\repository\commons-logging\commons-logging\1.2\commons-logging-1.2.jar;C:\Users\HP\.m2\repository\org\seleniumhq\selenium\selenium-java\4.8.1\selenium-java-4.8.1.jar;C:\Users\HP\.m2\repository\org\seleniumhq\selenium\selenium-devtools-v108\4.8.1\selenium-devtools-v108-4.8.1.jar;C:\Users\HP\.m2\repository\org\seleniumhq\selenium\selenium-devtools-v109\4.8.1\selenium-devtools-v109-4.8.1.jar;C:\Users\HP\.m2\repository\org\seleniumhq\selenium\selenium-devtools-v110\4.8.1\selenium-devtools-v110-4.8.1.jar;C:\Users\HP\.m2\repository\org\seleniumhq\selenium\selenium-devtools-v85\4.8.1\selenium-devtools-v85-4.8.1.jar;C:\Users\HP\.m2\repository\org\seleniumhq\selenium\selenium-safari-driver\4.8.1\selenium-safari-driver-4.8.1.jar;C:\Users\HP\.m2\repository\org\seleniumhq\selenium\selenium-api\4.8.1\selenium-api-4.8.1.jar;C:\Users\HP\.m2\repository\org\seleniumhq\selenium\selenium-chrome-driver\4.8.1\selenium-chrome-driver-4.8.1.jar;C:\Users\HP\.m2\repository\org\seleniumhq\selenium\selenium-chromium-driver\4.8.1\selenium-chromium-driver-4.8.1.jar;C:\Users\HP\.m2\repository\org\seleniumhq\selenium\selenium-firefox-driver\4.8.1\selenium-firefox-driver-4.8.1.jar;C:\Users\HP\.m2\repository\org\seleniumhq\selenium\selenium-http\4.8.1\selenium-http-4.8.1.jar;C:\Users\HP\.m2\repository\dev\failsafe\failsafe\3.3.0\failsafe-3.3.0.jar;C:\Users\HP\.m2\repository\org\seleniumhq\selenium\selenium-edge-driver\4.8.1\selenium-edge-driver-4.8.1.jar;C:\Users\HP\.m2\repository\org\seleniumhq\selenium\selenium-ie-driver\4.8.1\selenium-ie-driver-4.8.1.jar;C:\Users\HP\.m2\repository\org\projectlombok\lombok\1.18.20\lombok-1.18.20.jar;C:\Users\HP\.m2\repository\org\apache\groovy\groovy\4.0.10\groovy-4.0.10.jar;C:\Users\HP\.m2\repository\net\sf\opencsv\opencsv\2.0\opencsv-2.0.jar;C:\Users\HP\.m2\repository\commons-beanutils\commons-beanutils\1.9.4\commons-beanutils-1.9.4.jar;C:\Users\HP\.m2\repository\org\apache\commons\commons-lang3\3.12.0\commons-lang3-3.12.0.jar;C:\Users\HP\.m2\repository\commons-collections\commons-collections\3.2.2\commons-collections-3.2.2.jar;C:\Users\HP\.m2\repository\org\fluentlenium\fluentlenium-core\0.10.2\fluentlenium-core-0.10.2.jar;C:\Users\HP\.m2\repository\io\github\bonigarcia\webdrivermanager\5.3.0\webdrivermanager-5.3.0.jar;C:\Users\HP\.m2\repository\com\github\docker-java\docker-java\3.2.13\docker-java-3.2.13.jar;C:\Users\HP\.m2\repository\com\github\docker-java\docker-java-core\3.2.13\docker-java-core-3.2.13.jar;C:\Users\HP\.m2\repository\com\github\docker-java\docker-java-api\3.2.13\docker-java-api-3.2.13.jar;C:\Users\HP\.m2\repository\org\apache\commons\commons-compress\1.21\commons-compress-1.21.jar;C:\Users\HP\.m2\repository\org\bouncycastle\bcpkix-jdk15on\1.64\bcpkix-jdk15on-1.64.jar;C:\Users\HP\.m2\repository\org\bouncycastle\bcprov-jdk15on\1.64\bcprov-jdk15on-1.64.jar;C:\Users\HP\.m2\repository\org\slf4j\jcl-over-slf4j\1.7.30\jcl-over-slf4j-1.7.30.jar;C:\Users\HP\.m2\repository\com\github\docker-java\docker-java-transport-httpclient5\3.2.13\docker-java-transport-httpclient5-3.2.13.jar;C:\Users\HP\.m2\repository\com\github\docker-java\docker-java-transport\3.2.13\docker-java-transport-3.2.13.jar;C:\Users\HP\.m2\repository\net\java\dev\jna\jna\5.8.0\jna-5.8.0.jar;C:\Users\HP\.m2\repository\org\brotli\dec\0.1.2\dec-0.1.2.jar;C:\Users\HP\.m2\repository\org\apache\httpcomponents\client5\httpclient5\5.1.3\httpclient5-5.1.3.jar;C:\Users\HP\.m2\repository\org\apache\httpcomponents\core5\httpcore5\5.1.3\httpcore5-5.1.3.jar;C:\Users\HP\.m2\repository\org\apache\httpcomponents\core5\httpcore5-h2\5.1.3\httpcore5-h2-5.1.3.jar;C:\Users\HP\.m2\repository\com\jhlabs\filters\2.0.235\filters-2.0.235.jar;C:\Users\HP\.m2\repository\com\paulhammant\ngwebdriver\1.1.6\ngwebdriver-1.1.6.jar;C:\Users\HP\.m2\repository\joda-time\joda-time\2.12.2\joda-time-2.12.2.jar;C:\Users\HP\.m2\repository\org\hamcrest\hamcrest\2.2\hamcrest-2.2.jar;C:\Users\HP\.m2\repository\com\google\jimfs\jimfs\1.2\jimfs-1.2.jar;C:\Users\HP\.m2\repository\org\mockito\mockito-core\3.3.3\mockito-core-3.3.3.jar;C:\Users\HP\.m2\repository\javax\xml\bind\jaxb-api\2.3.1\jaxb-api-2.3.1.jar;C:\Users\HP\.m2\repository\javax\activation\javax.activation-api\1.2.0\javax.activation-api-1.2.0.jar;C:\Users\HP\.m2\repository\com\sun\xml\bind\jaxb-core\2.3.0.1\jaxb-core-2.3.0.1.jar;C:\Users\HP\.m2\repository\com\sun\xml\bind\jaxb-impl\2.3.3\jaxb-impl-2.3.3.jar;C:\Users\HP\.m2\repository\jakarta\xml\bind\jakarta.xml.bind-api\2.3.3\jakarta.xml.bind-api-2.3.3.jar;C:\Users\HP\.m2\repository\com\sun\activation\jakarta.activation\1.2.2\jakarta.activation-1.2.2.jar;C:\Users\HP\.m2\repository\javax\activation\activation\1.1.1\activation-1.1.1.jar;C:\Users\HP\.m2\repository\net\serenity-bdd\serenity-cucumber\3.6.21\serenity-cucumber-3.6.21.jar;C:\Users\HP\.m2\repository\io\cucumber\cucumber-core\7.11.0\cucumber-core-7.11.0.jar;C:\Users\HP\.m2\repository\io\cucumber\cucumber-gherkin\7.11.0\cucumber-gherkin-7.11.0.jar;C:\Users\HP\.m2\repository\io\cucumber\cucumber-gherkin-messages\7.11.0\cucumber-gherkin-messages-7.11.0.jar;C:\Users\HP\.m2\repository\io\cucumber\gherkin\26.0.3\gherkin-26.0.3.jar;C:\Users\HP\.m2\repository\io\cucumber\messages\21.0.1\messages-21.0.1.jar;C:\Users\HP\.m2\repository\io\cucumber\tag-expressions\5.0.1\tag-expressions-5.0.1.jar;C:\Users\HP\.m2\repository\io\cucumber\cucumber-expressions\16.1.1\cucumber-expressions-16.1.1.jar;C:\Users\HP\.m2\repository\io\cucumber\datatable\7.11.0\datatable-7.11.0.jar;C:\Users\HP\.m2\repository\io\cucumber\cucumber-plugin\7.11.0\cucumber-plugin-7.11.0.jar;C:\Users\HP\.m2\repository\io\cucumber\docstring\7.11.0\docstring-7.11.0.jar;C:\Users\HP\.m2\repository\io\cucumber\html-formatter\20.2.1\html-formatter-20.2.1.jar;C:\Users\HP\.m2\repository\io\cucumber\junit-xml-formatter\0.1.0\junit-xml-formatter-0.1.0.jar;C:\Users\HP\.m2\repository\io\cucumber\ci-environment\9.1.0\ci-environment-9.1.0.jar;C:\Users\HP\.m2\repository\io\cucumber\cucumber-java\7.11.0\cucumber-java-7.11.0.jar;C:\Users\HP\.m2\repository\io\cucumber\cucumber-junit\7.11.0\cucumber-junit-7.11.0.jar;C:\Users\HP\.m2\repository\org\apache\commons\commons-csv\1.5\commons-csv-1.5.jar;C:\Users\HP\.m2\repository\net\serenity-bdd\serenity-screenplay\3.6.21\serenity-screenplay-3.6.21.jar;C:\Users\HP\.m2\repository\net\serenity-bdd\serenity-screenplay-webdriver\3.6.21\serenity-screenplay-webdriver-3.6.21.jar;C:\Users\HP\.m2\repository\net\serenity-bdd\serenity-ensure\3.6.21\serenity-ensure-3.6.21.jar;C:\Users\HP\.m2\repository\net\serenity-bdd\serenity-junit\3.6.21\serenity-junit-3.6.21.jar;C:\Users\HP\.m2\repository\org\jetbrains\kotlin\kotlin-stdlib\1.8.10\kotlin-stdlib-1.8.10.jar;C:\Users\HP\.m2\repository\org\jetbrains\kotlin\kotlin-stdlib-common\1.8.10\kotlin-stdlib-common-1.8.10.jar;C:\Users\HP\.m2\repository\org\jetbrains\annotations\13.0\annotations-13.0.jar;C:\Users\HP\.m2\repository\org\junit\platform\junit-platform-launcher\1.8.2\junit-platform-launcher-1.8.2.jar;C:\Users\HP\.m2\repository\org\junit\platform\junit-platform-engine\1.8.2\junit-platform-engine-1.8.2.jar;C:\Users\HP\.m2\repository\org\opentest4j\opentest4j\1.2.0\opentest4j-1.2.0.jar;C:\Users\HP\.m2\repository\org\junit\platform\junit-platform-commons\1.8.2\junit-platform-commons-1.8.2.jar;C:\Users\HP\.m2\repository\org\apiguardian\apiguardian-api\1.1.2\apiguardian-api-1.1.2.jar;C:\Users\HP\.m2\repository\org\junit\jupiter\junit-jupiter-engine\5.8.2\junit-jupiter-engine-5.8.2.jar;C:\Users\HP\.m2\repository\org\junit\jupiter\junit-jupiter-api\5.8.2\junit-jupiter-api-5.8.2.jar;C:\Users\HP\.m2\repository\org\junit\vintage\junit-vintage-engine\5.8.2\junit-vintage-engine-5.8.2.jar;C:\Users\HP\.m2\repository\junit\junit\4.13.2\junit-4.13.2.jar;C:\Users\HP\.m2\repository\org\hamcrest\hamcrest-core\1.3\hamcrest-core-1.3.jar;C:\Users\HP\.m2\repository\ch\qos\logback\logback-classic\1.2.10\logback-classic-1.2.10.jar;C:\Users\HP\.m2\repository\ch\qos\logback\logback-core\1.2.10\logback-core-1.2.10.jar;C:\Users\HP\.m2\repository\org\slf4j\slf4j-api\1.7.32\slf4j-api-1.7.32.jar;C:\Users\HP\.m2\repository\org\assertj\assertj-core\3.23.1\assertj-core-3.23.1.jar;C:\Users\HP\.m2\repository\net\bytebuddy\byte-buddy\1.12.10\byte-buddy-1.12.10.jar;C:\Users\HP\.m2\repository\org\slf4j\slf4j-simple\1.7.7\slf4j-simple-1.7.7.jar;C:\Users\HP\.m2\repository\io\appium\java-client\8.3.0\java-client-8.3.0.jar;C:\Users\HP\.m2\repository\org\seleniumhq\selenium\selenium-remote-driver\4.9.0\selenium-remote-driver-4.9.0.jar;C:\Users\HP\.m2\repository\com\beust\jcommander\1.82\jcommander-1.82.jar;C:\Users\HP\.m2\repository\io\netty\netty-buffer\4.1.91.Final\netty-buffer-4.1.91.Final.jar;C:\Users\HP\.m2\repository\io\netty\netty-codec-http\4.1.91.Final\netty-codec-http-4.1.91.Final.jar;C:\Users\HP\.m2\repository\io\netty\netty-codec\4.1.91.Final\netty-codec-4.1.91.Final.jar;C:\Users\HP\.m2\repository\io\netty\netty-handler\4.1.91.Final\netty-handler-4.1.91.Final.jar;C:\Users\HP\.m2\repository\io\netty\netty-common\4.1.91.Final\netty-common-4.1.91.Final.jar;C:\Users\HP\.m2\repository\io\netty\netty-transport-classes-epoll\4.1.91.Final\netty-transport-classes-epoll-4.1.91.Final.jar;C:\Users\HP\.m2\repository\io\netty\netty-transport-classes-kqueue\4.1.91.Final\netty-transport-classes-kqueue-4.1.91.Final.jar;C:\Users\HP\.m2\repository\io\netty\netty-transport-native-epoll\4.1.91.Final\netty-transport-native-epoll-4.1.91.Final.jar;C:\Users\HP\.m2\repository\io\netty\netty-transport-native-kqueue\4.1.91.Final\netty-transport-native-kqueue-4.1.91.Final.jar;C:\Users\HP\.m2\repository\io\netty\netty-transport-native-unix-common\4.1.91.Final\netty-transport-native-unix-common-4.1.91.Final.jar;C:\Users\HP\.m2\repository\io\netty\netty-transport\4.1.91.Final\netty-transport-4.1.91.Final.jar;C:\Users\HP\.m2\repository\io\netty\netty-resolver\4.1.91.Final\netty-resolver-4.1.91.Final.jar;C:\Users\HP\.m2\repository\io\opentelemetry\opentelemetry-api\1.25.0\opentelemetry-api-1.25.0.jar;C:\Users\HP\.m2\repository\io\opentelemetry\opentelemetry-context\1.25.0\opentelemetry-context-1.25.0.jar;C:\Users\HP\.m2\repository\io\opentelemetry\opentelemetry-exporter-logging\1.25.0\opentelemetry-exporter-logging-1.25.0.jar;C:\Users\HP\.m2\repository\io\opentelemetry\opentelemetry-sdk-metrics\1.25.0\opentelemetry-sdk-metrics-1.25.0.jar;C:\Users\HP\.m2\repository\io\opentelemetry\opentelemetry-sdk-logs\1.25.0-alpha\opentelemetry-sdk-logs-1.25.0-alpha.jar;C:\Users\HP\.m2\repository\io\opentelemetry\opentelemetry-api-logs\1.25.0-alpha\opentelemetry-api-logs-1.25.0-alpha.jar;C:\Users\HP\.m2\repository\io\opentelemetry\opentelemetry-api-events\1.25.0-alpha\opentelemetry-api-events-1.25.0-alpha.jar;C:\Users\HP\.m2\repository\io\opentelemetry\opentelemetry-sdk-common\1.25.0\opentelemetry-sdk-common-1.25.0.jar;C:\Users\HP\.m2\repository\io\opentelemetry\opentelemetry-sdk-extension-autoconfigure-spi\1.25.0\opentelemetry-sdk-extension-autoconfigure-spi-1.25.0.jar;C:\Users\HP\.m2\repository\io\opentelemetry\opentelemetry-sdk-extension-autoconfigure\1.25.0-alpha\opentelemetry-sdk-extension-autoconfigure-1.25.0-alpha.jar;C:\Users\HP\.m2\repository\io\opentelemetry\opentelemetry-sdk-trace\1.25.0\opentelemetry-sdk-trace-1.25.0.jar;C:\Users\HP\.m2\repository\io\opentelemetry\opentelemetry-sdk\1.25.0\opentelemetry-sdk-1.25.0.jar;C:\Users\HP\.m2\repository\io\opentelemetry\opentelemetry-semconv\1.25.0-alpha\opentelemetry-semconv-1.25.0-alpha.jar;C:\Users\HP\.m2\repository\io\ous\jtoml\2.0.0\jtoml-2.0.0.jar;C:\Users\HP\.m2\repository\org\apache\commons\commons-exec\1.3\commons-exec-1.3.jar;C:\Users\HP\.m2\repository\org\asynchttpclient\async-http-client\2.12.3\async-http-client-2.12.3.jar;C:\Users\HP\.m2\repository\org\asynchttpclient\async-http-client-netty-utils\2.12.3\async-http-client-netty-utils-2.12.3.jar;C:\Users\HP\.m2\repository\io\netty\netty-codec-socks\4.1.60.Final\netty-codec-socks-4.1.60.Final.jar;C:\Users\HP\.m2\repository\io\netty\netty-handler-proxy\4.1.60.Final\netty-handler-proxy-4.1.60.Final.jar;C:\Users\HP\.m2\repository\io\netty\netty-transport-native-epoll\4.1.60.Final\netty-transport-native-epoll-4.1.60.Final-linux-x86_64.jar;C:\Users\HP\.m2\repository\io\netty\netty-transport-native-kqueue\4.1.60.Final\netty-transport-native-kqueue-4.1.60.Final-osx-x86_64.jar;C:\Users\HP\.m2\repository\org\reactivestreams\reactive-streams\1.0.3\reactive-streams-1.0.3.jar;C:\Users\HP\.m2\repository\com\typesafe\netty\netty-reactive-streams\2.0.4\netty-reactive-streams-2.0.4.jar;C:\Users\HP\.m2\repository\org\seleniumhq\selenium\selenium-manager\4.9.0\selenium-manager-4.9.0.jar;C:\Users\HP\.m2\repository\cglib\cglib\3.3.0\cglib-3.3.0.jar;C:\Users\HP\.m2\repository\org\ow2\asm\asm\7.1\asm-7.1.jar;C:\Users\HP\.m2\repository\commons-validator\commons-validator\1.7\commons-validator-1.7.jar;C:\Users\HP\.m2\repository\commons-digester\commons-digester\2.1\commons-digester-2.1.jar;C:\Users\HP\.m2\repository\org\yaml\snakeyaml\1.29\snakeyaml-1.29.jar;C:\Users\HP\.m2\repository\com\github\javafaker\javafaker\1.0.2\javafaker-1.0.2.jar;C:\Users\HP\.m2\repository\org\yaml\snakeyaml\1.23\snakeyaml-1.23-android.jar;C:\Users\HP\.m2\repository\com\github\mifmif\generex\1.0.2\generex-1.0.2.jar;C:\Users\HP\.m2\repository\dk\brics\automaton\automaton\1.11-8\automaton-1.11-8.jar;C:\Users\HP\.m2\repository\info\cukes\cucumber-java\1.0.1\cucumber-java-1.0.1.jar;C:\Users\HP\.m2\repository\info\cukes\cucumber-core\1.0.1\cucumber-core-1.0.1.jar;C:\Users\HP\.m2\repository\info\cukes\gherkin\2.9.3\gherkin-2.9.3.jar;C:\Users\HP\.m2\repository\info\cukes\cucumber-html\0.2.1\cucumber-html-0.2.1.jar;C:\Users\HP\.m2\repository\org\seleniumhq\selenium\selenium-support\4.8.1\selenium-support-4.8.1.jar;C:\Users\HP\.m2\repository\com\google\auto\service\auto-service-annotations\1.0.1\auto-service-annotations-1.0.1.jar;C:\Users\HP\.m2\repository\com\google\auto\service\auto-service\1.0.1\auto-service-1.0.1.jar;C:\Users\HP\.m2\repository\com\google\auto\auto-common\1.2\auto-common-1.2.jar;C:\Users\HP\.m2\repository\com\google\guava\guava\31.1-jre\guava-31.1-jre.jar;C:\Users\HP\.m2\repository\com\google\guava\failureaccess\1.0.1\failureaccess-1.0.1.jar;C:\Users\HP\.m2\repository\com\google\guava\listenablefuture\9999.0-empty-to-avoid-conflict-with-guava\listenablefuture-9999.0-empty-to-avoid-conflict-with-guava.jar;C:\Users\HP\.m2\repository\com\google\code\findbugs\jsr305\3.0.2\jsr305-3.0.2.jar;C:\Users\HP\.m2\repository\org\checkerframework\checker-qual\3.12.0\checker-qual-3.12.0.jar;C:\Users\HP\.m2\repository\com\google\errorprone\error_prone_annotations\2.11.0\error_prone_annotations-2.11.0.jar;C:\Users\HP\.m2\repository\com\google\j2objc\j2objc-annotations\1.3\j2objc-annotations-1.3.jar;C:\Users\HP\.m2\repository\org\seleniumhq\selenium\selenium-json\4.8.1\selenium-json-4.8.1.jar;"/>
    <property name="java.vm.vendor" value="Oracle Corporation"/>
    <property name="sun.arch.data.model" value="64"/>
    <property name="user.variant" value=""/>
    <property name="java.vendor.url" value="https://java.oracle.com/"/>
    <property name="user.timezone" value="Asia/Jakarta"/>
    <property name="os.name" value="Windows 11"/>
    <property name="java.vm.specification.version" value="19"/>
    <property name="sun.java.launcher" value="SUN_STANDARD"/>
    <property name="user.country" value="ID"/>
    <property name="sun.boot.library.path" value="C:\Program Files\Java\jdk-19\bin"/>
    <property name="sun.java.command" value="org.apache.maven.surefire.booter.ForkedBooter C:\Users\HP\AppData\Local\Temp\surefire16264741188682045319 2023-05-06T10-01-11_352-jvmRun1 surefire7135490155737050003tmp surefire_015786161288882981793tmp"/>
    <property name="jdk.debug" value="release"/>
    <property name="surefire.test.class.path" value="C:\Dev\ALTASHOP MOBILE AUTOMATION\target\test-classes;C:\Users\HP\.m2\repository\net\serenity-bdd\serenity-core\3.6.21\serenity-core-3.6.21.jar;C:\Users\HP\.m2\repository\net\serenity-bdd\serenity-model\3.6.21\serenity-model-3.6.21.jar;C:\Users\HP\.m2\repository\org\apache\commons\commons-text\1.10.0\commons-text-1.10.0.jar;C:\Users\HP\.m2\repository\commons-net\commons-net\3.9.0\commons-net-3.9.0.jar;C:\Users\HP\.m2\repository\com\google\inject\guice\5.1.0\guice-5.1.0.jar;C:\Users\HP\.m2\repository\javax\inject\javax.inject\1\javax.inject-1.jar;C:\Users\HP\.m2\repository\aopalliance\aopalliance\1.0\aopalliance-1.0.jar;C:\Users\HP\.m2\repository\org\jsoup\jsoup\1.14.3\jsoup-1.14.3.jar;C:\Users\HP\.m2\repository\com\thoughtworks\xstream\xstream\1.4.20\xstream-1.4.20.jar;C:\Users\HP\.m2\repository\io\github\x-stream\mxparser\1.2.2\mxparser-1.2.2.jar;C:\Users\HP\.m2\repository\xmlpull\xmlpull\1.1.3.1\xmlpull-1.1.3.1.jar;C:\Users\HP\.m2\repository\com\typesafe\config\1.4.2\config-1.4.2.jar;C:\Users\HP\.m2\repository\org\imgscalr\imgscalr-lib\4.2\imgscalr-lib-4.2.jar;C:\Users\HP\.m2\repository\org\awaitility\awaitility\4.2.0\awaitility-4.2.0.jar;C:\Users\HP\.m2\repository\org\freemarker\freemarker\2.3.31\freemarker-2.3.31.jar;C:\Users\HP\.m2\repository\io\github\classgraph\classgraph\4.8.138\classgraph-4.8.138.jar;C:\Users\HP\.m2\repository\net\sourceforge\jexcelapi\jxl\2.6.12\jxl-2.6.12.jar;C:\Users\HP\.m2\repository\net\bytebuddy\byte-buddy-agent\1.14.2\byte-buddy-agent-1.14.2.jar;C:\Users\HP\.m2\repository\org\objenesis\objenesis\3.3\objenesis-3.3.jar;C:\Users\HP\.m2\repository\net\serenity-bdd\serenity-reports\3.6.21\serenity-reports-3.6.21.jar;C:\Users\HP\.m2\repository\net\serenity-bdd\serenity-stats\3.6.21\serenity-stats-3.6.21.jar;C:\Users\HP\.m2\repository\net\serenity-bdd\serenity-reports-configuration\3.6.21\serenity-reports-configuration-3.6.21.jar;C:\Users\HP\.m2\repository\com\vladsch\flexmark\flexmark-all\0.62.2\flexmark-all-0.62.2.jar;C:\Users\HP\.m2\repository\com\vladsch\flexmark\flexmark\0.62.2\flexmark-0.62.2.jar;C:\Users\HP\.m2\repository\com\vladsch\flexmark\flexmark-ext-abbreviation\0.62.2\flexmark-ext-abbreviation-0.62.2.jar;C:\Users\HP\.m2\repository\com\vladsch\flexmark\flexmark-util\0.62.2\flexmark-util-0.62.2.jar;C:\Users\HP\.m2\repository\com\vladsch\flexmark\flexmark-ext-admonition\0.62.2\flexmark-ext-admonition-0.62.2.jar;C:\Users\HP\.m2\repository\com\vladsch\flexmark\flexmark-ext-anchorlink\0.62.2\flexmark-ext-anchorlink-0.62.2.jar;C:\Users\HP\.m2\repository\com\vladsch\flexmark\flexmark-ext-aside\0.62.2\flexmark-ext-aside-0.62.2.jar;C:\Users\HP\.m2\repository\com\vladsch\flexmark\flexmark-ext-attributes\0.62.2\flexmark-ext-attributes-0.62.2.jar;C:\Users\HP\.m2\repository\com\vladsch\flexmark\flexmark-ext-autolink\0.62.2\flexmark-ext-autolink-0.62.2.jar;C:\Users\HP\.m2\repository\org\nibor\autolink\autolink\0.6.0\autolink-0.6.0.jar;C:\Users\HP\.m2\repository\com\vladsch\flexmark\flexmark-ext-definition\0.62.2\flexmark-ext-definition-0.62.2.jar;C:\Users\HP\.m2\repository\com\vladsch\flexmark\flexmark-ext-emoji\0.62.2\flexmark-ext-emoji-0.62.2.jar;C:\Users\HP\.m2\repository\com\vladsch\flexmark\flexmark-ext-enumerated-reference\0.62.2\flexmark-ext-enumerated-reference-0.62.2.jar;C:\Users\HP\.m2\repository\com\vladsch\flexmark\flexmark-ext-escaped-character\0.62.2\flexmark-ext-escaped-character-0.62.2.jar;C:\Users\HP\.m2\repository\com\vladsch\flexmark\flexmark-ext-footnotes\0.62.2\flexmark-ext-footnotes-0.62.2.jar;C:\Users\HP\.m2\repository\com\vladsch\flexmark\flexmark-ext-gfm-issues\0.62.2\flexmark-ext-gfm-issues-0.62.2.jar;C:\Users\HP\.m2\repository\com\vladsch\flexmark\flexmark-ext-gfm-strikethrough\0.62.2\flexmark-ext-gfm-strikethrough-0.62.2.jar;C:\Users\HP\.m2\repository\com\vladsch\flexmark\flexmark-ext-gfm-tasklist\0.62.2\flexmark-ext-gfm-tasklist-0.62.2.jar;C:\Users\HP\.m2\repository\com\vladsch\flexmark\flexmark-ext-gfm-users\0.62.2\flexmark-ext-gfm-users-0.62.2.jar;C:\Users\HP\.m2\repository\com\vladsch\flexmark\flexmark-ext-gitlab\0.62.2\flexmark-ext-gitlab-0.62.2.jar;C:\Users\HP\.m2\repository\com\vladsch\flexmark\flexmark-ext-jekyll-front-matter\0.62.2\flexmark-ext-jekyll-front-matter-0.62.2.jar;C:\Users\HP\.m2\repository\com\vladsch\flexmark\flexmark-ext-jekyll-tag\0.62.2\flexmark-ext-jekyll-tag-0.62.2.jar;C:\Users\HP\.m2\repository\com\vladsch\flexmark\flexmark-ext-media-tags\0.62.2\flexmark-ext-media-tags-0.62.2.jar;C:\Users\HP\.m2\repository\com\vladsch\flexmark\flexmark-ext-macros\0.62.2\flexmark-ext-macros-0.62.2.jar;C:\Users\HP\.m2\repository\com\vladsch\flexmark\flexmark-ext-ins\0.62.2\flexmark-ext-ins-0.62.2.jar;C:\Users\HP\.m2\repository\com\vladsch\flexmark\flexmark-ext-xwiki-macros\0.62.2\flexmark-ext-xwiki-macros-0.62.2.jar;C:\Users\HP\.m2\repository\com\vladsch\flexmark\flexmark-ext-superscript\0.62.2\flexmark-ext-superscript-0.62.2.jar;C:\Users\HP\.m2\repository\com\vladsch\flexmark\flexmark-ext-tables\0.62.2\flexmark-ext-tables-0.62.2.jar;C:\Users\HP\.m2\repository\com\vladsch\flexmark\flexmark-ext-toc\0.62.2\flexmark-ext-toc-0.62.2.jar;C:\Users\HP\.m2\repository\com\vladsch\flexmark\flexmark-ext-typographic\0.62.2\flexmark-ext-typographic-0.62.2.jar;C:\Users\HP\.m2\repository\com\vladsch\flexmark\flexmark-ext-wikilink\0.62.2\flexmark-ext-wikilink-0.62.2.jar;C:\Users\HP\.m2\repository\com\vladsch\flexmark\flexmark-ext-yaml-front-matter\0.62.2\flexmark-ext-yaml-front-matter-0.62.2.jar;C:\Users\HP\.m2\repository\com\vladsch\flexmark\flexmark-ext-youtube-embedded\0.62.2\flexmark-ext-youtube-embedded-0.62.2.jar;C:\Users\HP\.m2\repository\com\vladsch\flexmark\flexmark-html2md-converter\0.62.2\flexmark-html2md-converter-0.62.2.jar;C:\Users\HP\.m2\repository\com\vladsch\flexmark\flexmark-jira-converter\0.62.2\flexmark-jira-converter-0.62.2.jar;C:\Users\HP\.m2\repository\com\vladsch\flexmark\flexmark-pdf-converter\0.62.2\flexmark-pdf-converter-0.62.2.jar;C:\Users\HP\.m2\repository\com\openhtmltopdf\openhtmltopdf-core\1.0.0\openhtmltopdf-core-1.0.0.jar;C:\Users\HP\.m2\repository\com\openhtmltopdf\openhtmltopdf-pdfbox\1.0.0\openhtmltopdf-pdfbox-1.0.0.jar;C:\Users\HP\.m2\repository\org\apache\pdfbox\pdfbox\2.0.16\pdfbox-2.0.16.jar;C:\Users\HP\.m2\repository\org\apache\pdfbox\fontbox\2.0.16\fontbox-2.0.16.jar;C:\Users\HP\.m2\repository\org\apache\pdfbox\xmpbox\2.0.16\xmpbox-2.0.16.jar;C:\Users\HP\.m2\repository\de\rototor\pdfbox\graphics2d\0.24\graphics2d-0.24.jar;C:\Users\HP\.m2\repository\com\openhtmltopdf\openhtmltopdf-rtl-support\1.0.0\openhtmltopdf-rtl-support-1.0.0.jar;C:\Users\HP\.m2\repository\com\openhtmltopdf\openhtmltopdf-jsoup-dom-converter\1.0.0\openhtmltopdf-jsoup-dom-converter-1.0.0.jar;C:\Users\HP\.m2\repository\com\vladsch\flexmark\flexmark-profile-pegdown\0.62.2\flexmark-profile-pegdown-0.62.2.jar;C:\Users\HP\.m2\repository\com\vladsch\flexmark\flexmark-util-ast\0.62.2\flexmark-util-ast-0.62.2.jar;C:\Users\HP\.m2\repository\com\vladsch\flexmark\flexmark-util-builder\0.62.2\flexmark-util-builder-0.62.2.jar;C:\Users\HP\.m2\repository\com\vladsch\flexmark\flexmark-util-collection\0.62.2\flexmark-util-collection-0.62.2.jar;C:\Users\HP\.m2\repository\com\vladsch\flexmark\flexmark-util-data\0.62.2\flexmark-util-data-0.62.2.jar;C:\Users\HP\.m2\repository\com\vladsch\flexmark\flexmark-util-dependency\0.62.2\flexmark-util-dependency-0.62.2.jar;C:\Users\HP\.m2\repository\com\vladsch\flexmark\flexmark-util-format\0.62.2\flexmark-util-format-0.62.2.jar;C:\Users\HP\.m2\repository\com\vladsch\flexmark\flexmark-util-html\0.62.2\flexmark-util-html-0.62.2.jar;C:\Users\HP\.m2\repository\com\vladsch\flexmark\flexmark-util-misc\0.62.2\flexmark-util-misc-0.62.2.jar;C:\Users\HP\.m2\repository\com\vladsch\flexmark\flexmark-util-options\0.62.2\flexmark-util-options-0.62.2.jar;C:\Users\HP\.m2\repository\com\vladsch\flexmark\flexmark-util-sequence\0.62.2\flexmark-util-sequence-0.62.2.jar;C:\Users\HP\.m2\repository\com\vladsch\flexmark\flexmark-util-visitor\0.62.2\flexmark-util-visitor-0.62.2.jar;C:\Users\HP\.m2\repository\com\vladsch\flexmark\flexmark-youtrack-converter\0.62.2\flexmark-youtrack-converter-0.62.2.jar;C:\Users\HP\.m2\repository\com\ibm\icu\icu4j\72.1\icu4j-72.1.jar;C:\Users\HP\.m2\repository\es\nitaur\markdown\txtmark\0.16\txtmark-0.16.jar;C:\Users\HP\.m2\repository\net\serenity-bdd\serenity-report-resources\3.6.21\serenity-report-resources-3.6.21.jar;C:\Users\HP\.m2\repository\com\google\code\gson\gson\2.10.1\gson-2.10.1.jar;C:\Users\HP\.m2\repository\com\fasterxml\jackson\core\jackson-core\2.15.0-rc1\jackson-core-2.15.0-rc1.jar;C:\Users\HP\.m2\repository\com\fasterxml\jackson\core\jackson-databind\2.15.0-rc1\jackson-databind-2.15.0-rc1.jar;C:\Users\HP\.m2\repository\com\fasterxml\jackson\core\jackson-annotations\2.15.0-rc1\jackson-annotations-2.15.0-rc1.jar;C:\Users\HP\.m2\repository\commons-codec\commons-codec\1.15\commons-codec-1.15.jar;C:\Users\HP\.m2\repository\commons-io\commons-io\2.11.0\commons-io-2.11.0.jar;C:\Users\HP\.m2\repository\org\apache\httpcomponents\httpclient\4.5.13\httpclient-4.5.13.jar;C:\Users\HP\.m2\repository\org\apache\httpcomponents\httpcore\4.4.13\httpcore-4.4.13.jar;C:\Users\HP\.m2\repository\commons-logging\commons-logging\1.2\commons-logging-1.2.jar;C:\Users\HP\.m2\repository\org\seleniumhq\selenium\selenium-java\4.8.1\selenium-java-4.8.1.jar;C:\Users\HP\.m2\repository\org\seleniumhq\selenium\selenium-devtools-v108\4.8.1\selenium-devtools-v108-4.8.1.jar;C:\Users\HP\.m2\repository\org\seleniumhq\selenium\selenium-devtools-v109\4.8.1\selenium-devtools-v109-4.8.1.jar;C:\Users\HP\.m2\repository\org\seleniumhq\selenium\selenium-devtools-v110\4.8.1\selenium-devtools-v110-4.8.1.jar;C:\Users\HP\.m2\repository\org\seleniumhq\selenium\selenium-devtools-v85\4.8.1\selenium-devtools-v85-4.8.1.jar;C:\Users\HP\.m2\repository\org\seleniumhq\selenium\selenium-safari-driver\4.8.1\selenium-safari-driver-4.8.1.jar;C:\Users\HP\.m2\repository\org\seleniumhq\selenium\selenium-api\4.8.1\selenium-api-4.8.1.jar;C:\Users\HP\.m2\repository\org\seleniumhq\selenium\selenium-chrome-driver\4.8.1\selenium-chrome-driver-4.8.1.jar;C:\Users\HP\.m2\repository\org\seleniumhq\selenium\selenium-chromium-driver\4.8.1\selenium-chromium-driver-4.8.1.jar;C:\Users\HP\.m2\repository\org\seleniumhq\selenium\selenium-firefox-driver\4.8.1\selenium-firefox-driver-4.8.1.jar;C:\Users\HP\.m2\repository\org\seleniumhq\selenium\selenium-http\4.8.1\selenium-http-4.8.1.jar;C:\Users\HP\.m2\repository\dev\failsafe\failsafe\3.3.0\failsafe-3.3.0.jar;C:\Users\HP\.m2\repository\org\seleniumhq\selenium\selenium-edge-driver\4.8.1\selenium-edge-driver-4.8.1.jar;C:\Users\HP\.m2\repository\org\seleniumhq\selenium\selenium-ie-driver\4.8.1\selenium-ie-driver-4.8.1.jar;C:\Users\HP\.m2\repository\org\projectlombok\lombok\1.18.20\lombok-1.18.20.jar;C:\Users\HP\.m2\repository\org\apache\groovy\groovy\4.0.10\groovy-4.0.10.jar;C:\Users\HP\.m2\repository\net\sf\opencsv\opencsv\2.0\opencsv-2.0.jar;C:\Users\HP\.m2\repository\commons-beanutils\commons-beanutils\1.9.4\commons-beanutils-1.9.4.jar;C:\Users\HP\.m2\repository\org\apache\commons\commons-lang3\3.12.0\commons-lang3-3.12.0.jar;C:\Users\HP\.m2\repository\commons-collections\commons-collections\3.2.2\commons-collections-3.2.2.jar;C:\Users\HP\.m2\repository\org\fluentlenium\fluentlenium-core\0.10.2\fluentlenium-core-0.10.2.jar;C:\Users\HP\.m2\repository\io\github\bonigarcia\webdrivermanager\5.3.0\webdrivermanager-5.3.0.jar;C:\Users\HP\.m2\repository\com\github\docker-java\docker-java\3.2.13\docker-java-3.2.13.jar;C:\Users\HP\.m2\repository\com\github\docker-java\docker-java-core\3.2.13\docker-java-core-3.2.13.jar;C:\Users\HP\.m2\repository\com\github\docker-java\docker-java-api\3.2.13\docker-java-api-3.2.13.jar;C:\Users\HP\.m2\repository\org\apache\commons\commons-compress\1.21\commons-compress-1.21.jar;C:\Users\HP\.m2\repository\org\bouncycastle\bcpkix-jdk15on\1.64\bcpkix-jdk15on-1.64.jar;C:\Users\HP\.m2\repository\org\bouncycastle\bcprov-jdk15on\1.64\bcprov-jdk15on-1.64.jar;C:\Users\HP\.m2\repository\org\slf4j\jcl-over-slf4j\1.7.30\jcl-over-slf4j-1.7.30.jar;C:\Users\HP\.m2\repository\com\github\docker-java\docker-java-transport-httpclient5\3.2.13\docker-java-transport-httpclient5-3.2.13.jar;C:\Users\HP\.m2\repository\com\github\docker-java\docker-java-transport\3.2.13\docker-java-transport-3.2.13.jar;C:\Users\HP\.m2\repository\net\java\dev\jna\jna\5.8.0\jna-5.8.0.jar;C:\Users\HP\.m2\repository\org\brotli\dec\0.1.2\dec-0.1.2.jar;C:\Users\HP\.m2\repository\org\apache\httpcomponents\client5\httpclient5\5.1.3\httpclient5-5.1.3.jar;C:\Users\HP\.m2\repository\org\apache\httpcomponents\core5\httpcore5\5.1.3\httpcore5-5.1.3.jar;C:\Users\HP\.m2\repository\org\apache\httpcomponents\core5\httpcore5-h2\5.1.3\httpcore5-h2-5.1.3.jar;C:\Users\HP\.m2\repository\com\jhlabs\filters\2.0.235\filters-2.0.235.jar;C:\Users\HP\.m2\repository\com\paulhammant\ngwebdriver\1.1.6\ngwebdriver-1.1.6.jar;C:\Users\HP\.m2\repository\joda-time\joda-time\2.12.2\joda-time-2.12.2.jar;C:\Users\HP\.m2\repository\org\hamcrest\hamcrest\2.2\hamcrest-2.2.jar;C:\Users\HP\.m2\repository\com\google\jimfs\jimfs\1.2\jimfs-1.2.jar;C:\Users\HP\.m2\repository\org\mockito\mockito-core\3.3.3\mockito-core-3.3.3.jar;C:\Users\HP\.m2\repository\javax\xml\bind\jaxb-api\2.3.1\jaxb-api-2.3.1.jar;C:\Users\HP\.m2\repository\javax\activation\javax.activation-api\1.2.0\javax.activation-api-1.2.0.jar;C:\Users\HP\.m2\repository\com\sun\xml\bind\jaxb-core\2.3.0.1\jaxb-core-2.3.0.1.jar;C:\Users\HP\.m2\repository\com\sun\xml\bind\jaxb-impl\2.3.3\jaxb-impl-2.3.3.jar;C:\Users\HP\.m2\repository\jakarta\xml\bind\jakarta.xml.bind-api\2.3.3\jakarta.xml.bind-api-2.3.3.jar;C:\Users\HP\.m2\repository\com\sun\activation\jakarta.activation\1.2.2\jakarta.activation-1.2.2.jar;C:\Users\HP\.m2\repository\javax\activation\activation\1.1.1\activation-1.1.1.jar;C:\Users\HP\.m2\repository\net\serenity-bdd\serenity-cucumber\3.6.21\serenity-cucumber-3.6.21.jar;C:\Users\HP\.m2\repository\io\cucumber\cucumber-core\7.11.0\cucumber-core-7.11.0.jar;C:\Users\HP\.m2\repository\io\cucumber\cucumber-gherkin\7.11.0\cucumber-gherkin-7.11.0.jar;C:\Users\HP\.m2\repository\io\cucumber\cucumber-gherkin-messages\7.11.0\cucumber-gherkin-messages-7.11.0.jar;C:\Users\HP\.m2\repository\io\cucumber\gherkin\26.0.3\gherkin-26.0.3.jar;C:\Users\HP\.m2\repository\io\cucumber\messages\21.0.1\messages-21.0.1.jar;C:\Users\HP\.m2\repository\io\cucumber\tag-expressions\5.0.1\tag-expressions-5.0.1.jar;C:\Users\HP\.m2\repository\io\cucumber\cucumber-expressions\16.1.1\cucumber-expressions-16.1.1.jar;C:\Users\HP\.m2\repository\io\cucumber\datatable\7.11.0\datatable-7.11.0.jar;C:\Users\HP\.m2\repository\io\cucumber\cucumber-plugin\7.11.0\cucumber-plugin-7.11.0.jar;C:\Users\HP\.m2\repository\io\cucumber\docstring\7.11.0\docstring-7.11.0.jar;C:\Users\HP\.m2\repository\io\cucumber\html-formatter\20.2.1\html-formatter-20.2.1.jar;C:\Users\HP\.m2\repository\io\cucumber\junit-xml-formatter\0.1.0\junit-xml-formatter-0.1.0.jar;C:\Users\HP\.m2\repository\io\cucumber\ci-environment\9.1.0\ci-environment-9.1.0.jar;C:\Users\HP\.m2\repository\io\cucumber\cucumber-java\7.11.0\cucumber-java-7.11.0.jar;C:\Users\HP\.m2\repository\io\cucumber\cucumber-junit\7.11.0\cucumber-junit-7.11.0.jar;C:\Users\HP\.m2\repository\org\apache\commons\commons-csv\1.5\commons-csv-1.5.jar;C:\Users\HP\.m2\repository\net\serenity-bdd\serenity-screenplay\3.6.21\serenity-screenplay-3.6.21.jar;C:\Users\HP\.m2\repository\net\serenity-bdd\serenity-screenplay-webdriver\3.6.21\serenity-screenplay-webdriver-3.6.21.jar;C:\Users\HP\.m2\repository\net\serenity-bdd\serenity-ensure\3.6.21\serenity-ensure-3.6.21.jar;C:\Users\HP\.m2\repository\net\serenity-bdd\serenity-junit\3.6.21\serenity-junit-3.6.21.jar;C:\Users\HP\.m2\repository\org\jetbrains\kotlin\kotlin-stdlib\1.8.10\kotlin-stdlib-1.8.10.jar;C:\Users\HP\.m2\repository\org\jetbrains\kotlin\kotlin-stdlib-common\1.8.10\kotlin-stdlib-common-1.8.10.jar;C:\Users\HP\.m2\repository\org\jetbrains\annotations\13.0\annotations-13.0.jar;C:\Users\HP\.m2\repository\org\junit\platform\junit-platform-launcher\1.8.2\junit-platform-launcher-1.8.2.jar;C:\Users\HP\.m2\repository\org\junit\platform\junit-platform-engine\1.8.2\junit-platform-engine-1.8.2.jar;C:\Users\HP\.m2\repository\org\opentest4j\opentest4j\1.2.0\opentest4j-1.2.0.jar;C:\Users\HP\.m2\repository\org\junit\platform\junit-platform-commons\1.8.2\junit-platform-commons-1.8.2.jar;C:\Users\HP\.m2\repository\org\apiguardian\apiguardian-api\1.1.2\apiguardian-api-1.1.2.jar;C:\Users\HP\.m2\repository\org\junit\jupiter\junit-jupiter-engine\5.8.2\junit-jupiter-engine-5.8.2.jar;C:\Users\HP\.m2\repository\org\junit\jupiter\junit-jupiter-api\5.8.2\junit-jupiter-api-5.8.2.jar;C:\Users\HP\.m2\repository\org\junit\vintage\junit-vintage-engine\5.8.2\junit-vintage-engine-5.8.2.jar;C:\Users\HP\.m2\repository\junit\junit\4.13.2\junit-4.13.2.jar;C:\Users\HP\.m2\repository\org\hamcrest\hamcrest-core\1.3\hamcrest-core-1.3.jar;C:\Users\HP\.m2\repository\ch\qos\logback\logback-classic\1.2.10\logback-classic-1.2.10.jar;C:\Users\HP\.m2\repository\ch\qos\logback\logback-core\1.2.10\logback-core-1.2.10.jar;C:\Users\HP\.m2\repository\org\slf4j\slf4j-api\1.7.32\slf4j-api-1.7.32.jar;C:\Users\HP\.m2\repository\org\assertj\assertj-core\3.23.1\assertj-core-3.23.1.jar;C:\Users\HP\.m2\repository\net\bytebuddy\byte-buddy\1.12.10\byte-buddy-1.12.10.jar;C:\Users\HP\.m2\repository\org\slf4j\slf4j-simple\1.7.7\slf4j-simple-1.7.7.jar;C:\Users\HP\.m2\repository\io\appium\java-client\8.3.0\java-client-8.3.0.jar;C:\Users\HP\.m2\repository\org\seleniumhq\selenium\selenium-remote-driver\4.9.0\selenium-remote-driver-4.9.0.jar;C:\Users\HP\.m2\repository\com\beust\jcommander\1.82\jcommander-1.82.jar;C:\Users\HP\.m2\repository\io\netty\netty-buffer\4.1.91.Final\netty-buffer-4.1.91.Final.jar;C:\Users\HP\.m2\repository\io\netty\netty-codec-http\4.1.91.Final\netty-codec-http-4.1.91.Final.jar;C:\Users\HP\.m2\repository\io\netty\netty-codec\4.1.91.Final\netty-codec-4.1.91.Final.jar;C:\Users\HP\.m2\repository\io\netty\netty-handler\4.1.91.Final\netty-handler-4.1.91.Final.jar;C:\Users\HP\.m2\repository\io\netty\netty-common\4.1.91.Final\netty-common-4.1.91.Final.jar;C:\Users\HP\.m2\repository\io\netty\netty-transport-classes-epoll\4.1.91.Final\netty-transport-classes-epoll-4.1.91.Final.jar;C:\Users\HP\.m2\repository\io\netty\netty-transport-classes-kqueue\4.1.91.Final\netty-transport-classes-kqueue-4.1.91.Final.jar;C:\Users\HP\.m2\repository\io\netty\netty-transport-native-epoll\4.1.91.Final\netty-transport-native-epoll-4.1.91.Final.jar;C:\Users\HP\.m2\repository\io\netty\netty-transport-native-kqueue\4.1.91.Final\netty-transport-native-kqueue-4.1.91.Final.jar;C:\Users\HP\.m2\repository\io\netty\netty-transport-native-unix-common\4.1.91.Final\netty-transport-native-unix-common-4.1.91.Final.jar;C:\Users\HP\.m2\repository\io\netty\netty-transport\4.1.91.Final\netty-transport-4.1.91.Final.jar;C:\Users\HP\.m2\repository\io\netty\netty-resolver\4.1.91.Final\netty-resolver-4.1.91.Final.jar;C:\Users\HP\.m2\repository\io\opentelemetry\opentelemetry-api\1.25.0\opentelemetry-api-1.25.0.jar;C:\Users\HP\.m2\repository\io\opentelemetry\opentelemetry-context\1.25.0\opentelemetry-context-1.25.0.jar;C:\Users\HP\.m2\repository\io\opentelemetry\opentelemetry-exporter-logging\1.25.0\opentelemetry-exporter-logging-1.25.0.jar;C:\Users\HP\.m2\repository\io\opentelemetry\opentelemetry-sdk-metrics\1.25.0\opentelemetry-sdk-metrics-1.25.0.jar;C:\Users\HP\.m2\repository\io\opentelemetry\opentelemetry-sdk-logs\1.25.0-alpha\opentelemetry-sdk-logs-1.25.0-alpha.jar;C:\Users\HP\.m2\repository\io\opentelemetry\opentelemetry-api-logs\1.25.0-alpha\opentelemetry-api-logs-1.25.0-alpha.jar;C:\Users\HP\.m2\repository\io\opentelemetry\opentelemetry-api-events\1.25.0-alpha\opentelemetry-api-events-1.25.0-alpha.jar;C:\Users\HP\.m2\repository\io\opentelemetry\opentelemetry-sdk-common\1.25.0\opentelemetry-sdk-common-1.25.0.jar;C:\Users\HP\.m2\repository\io\opentelemetry\opentelemetry-sdk-extension-autoconfigure-spi\1.25.0\opentelemetry-sdk-extension-autoconfigure-spi-1.25.0.jar;C:\Users\HP\.m2\repository\io\opentelemetry\opentelemetry-sdk-extension-autoconfigure\1.25.0-alpha\opentelemetry-sdk-extension-autoconfigure-1.25.0-alpha.jar;C:\Users\HP\.m2\repository\io\opentelemetry\opentelemetry-sdk-trace\1.25.0\opentelemetry-sdk-trace-1.25.0.jar;C:\Users\HP\.m2\repository\io\opentelemetry\opentelemetry-sdk\1.25.0\opentelemetry-sdk-1.25.0.jar;C:\Users\HP\.m2\repository\io\opentelemetry\opentelemetry-semconv\1.25.0-alpha\opentelemetry-semconv-1.25.0-alpha.jar;C:\Users\HP\.m2\repository\io\ous\jtoml\2.0.0\jtoml-2.0.0.jar;C:\Users\HP\.m2\repository\org\apache\commons\commons-exec\1.3\commons-exec-1.3.jar;C:\Users\HP\.m2\repository\org\asynchttpclient\async-http-client\2.12.3\async-http-client-2.12.3.jar;C:\Users\HP\.m2\repository\org\asynchttpclient\async-http-client-netty-utils\2.12.3\async-http-client-netty-utils-2.12.3.jar;C:\Users\HP\.m2\repository\io\netty\netty-codec-socks\4.1.60.Final\netty-codec-socks-4.1.60.Final.jar;C:\Users\HP\.m2\repository\io\netty\netty-handler-proxy\4.1.60.Final\netty-handler-proxy-4.1.60.Final.jar;C:\Users\HP\.m2\repository\io\netty\netty-transport-native-epoll\4.1.60.Final\netty-transport-native-epoll-4.1.60.Final-linux-x86_64.jar;C:\Users\HP\.m2\repository\io\netty\netty-transport-native-kqueue\4.1.60.Final\netty-transport-native-kqueue-4.1.60.Final-osx-x86_64.jar;C:\Users\HP\.m2\repository\org\reactivestreams\reactive-streams\1.0.3\reactive-streams-1.0.3.jar;C:\Users\HP\.m2\repository\com\typesafe\netty\netty-reactive-streams\2.0.4\netty-reactive-streams-2.0.4.jar;C:\Users\HP\.m2\repository\org\seleniumhq\selenium\selenium-manager\4.9.0\selenium-manager-4.9.0.jar;C:\Users\HP\.m2\repository\cglib\cglib\3.3.0\cglib-3.3.0.jar;C:\Users\HP\.m2\repository\org\ow2\asm\asm\7.1\asm-7.1.jar;C:\Users\HP\.m2\repository\commons-validator\commons-validator\1.7\commons-validator-1.7.jar;C:\Users\HP\.m2\repository\commons-digester\commons-digester\2.1\commons-digester-2.1.jar;C:\Users\HP\.m2\repository\org\yaml\snakeyaml\1.29\snakeyaml-1.29.jar;C:\Users\HP\.m2\repository\com\github\javafaker\javafaker\1.0.2\javafaker-1.0.2.jar;C:\Users\HP\.m2\repository\org\yaml\snakeyaml\1.23\snakeyaml-1.23-android.jar;C:\Users\HP\.m2\repository\com\github\mifmif\generex\1.0.2\generex-1.0.2.jar;C:\Users\HP\.m2\repository\dk\brics\automaton\automaton\1.11-8\automaton-1.11-8.jar;C:\Users\HP\.m2\repository\info\cukes\cucumber-java\1.0.1\cucumber-java-1.0.1.jar;C:\Users\HP\.m2\repository\info\cukes\cucumber-core\1.0.1\cucumber-core-1.0.1.jar;C:\Users\HP\.m2\repository\info\cukes\gherkin\2.9.3\gherkin-2.9.3.jar;C:\Users\HP\.m2\repository\info\cukes\cucumber-html\0.2.1\cucumber-html-0.2.1.jar;C:\Users\HP\.m2\repository\org\seleniumhq\selenium\selenium-support\4.8.1\selenium-support-4.8.1.jar;C:\Users\HP\.m2\repository\com\google\auto\service\auto-service-annotations\1.0.1\auto-service-annotations-1.0.1.jar;C:\Users\HP\.m2\repository\com\google\auto\service\auto-service\1.0.1\auto-service-1.0.1.jar;C:\Users\HP\.m2\repository\com\google\auto\auto-common\1.2\auto-common-1.2.jar;C:\Users\HP\.m2\repository\com\google\guava\guava\31.1-jre\guava-31.1-jre.jar;C:\Users\HP\.m2\repository\com\google\guava\failureaccess\1.0.1\failureaccess-1.0.1.jar;C:\Users\HP\.m2\repository\com\google\guava\listenablefuture\9999.0-empty-to-avoid-conflict-with-guava\listenablefuture-9999.0-empty-to-avoid-conflict-with-guava.jar;C:\Users\HP\.m2\repository\com\google\code\findbugs\jsr305\3.0.2\jsr305-3.0.2.jar;C:\Users\HP\.m2\repository\org\checkerframework\checker-qual\3.12.0\checker-qual-3.12.0.jar;C:\Users\HP\.m2\repository\com\google\errorprone\error_prone_annotations\2.11.0\error_prone_annotations-2.11.0.jar;C:\Users\HP\.m2\repository\com\google\j2objc\j2objc-annotations\1.3\j2objc-annotations-1.3.jar;C:\Users\HP\.m2\repository\org\seleniumhq\selenium\selenium-json\4.8.1\selenium-json-4.8.1.jar;"/>
    <property name="sun.cpu.endian" value="little"/>
    <property name="user.home" value="C:\Users\HP"/>
    <property name="user.language" value="en"/>
    <property name="java.specification.vendor" value="Oracle Corporation"/>
    <property name="jdk.module.path" value="C:\Dev\ALTASHOP MOBILE AUTOMATION\target\altashop-1.0-SNAPSHOT.jar"/>
    <property name="java.version.date" value="2023-01-17"/>
    <property name="java.home" value="C:\Program Files\Java\jdk-19"/>
    <property name="file.separator" value="\"/>
    <property name="basedir" value="C:\Dev\ALTASHOP MOBILE AUTOMATION"/>
    <property name="java.vm.compressedOopsMode" value="32-bit"/>
    <property name="line.separator" value="&#10;"/>
    <property name="java.vm.specification.vendor" value="Oracle Corporation"/>
    <property name="java.specification.name" value="Java Platform API Specification"/>
    <property name="surefire.real.class.path" value="C:\Users\HP\.m2\repository\org\apache\maven\surefire\surefire-booter\3.0.0-M5\surefire-booter-3.0.0-M5.jar;C:\Users\HP\.m2\repository\org\apache\maven\surefire\surefire-api\3.0.0-M5\surefire-api-3.0.0-M5.jar;C:\Users\HP\.m2\repository\org\apache\maven\surefire\surefire-logger-api\3.0.0-M5\surefire-logger-api-3.0.0-M5.jar;C:\Users\HP\.m2\repository\org\apache\maven\surefire\surefire-shared-utils\3.0.0-M4\surefire-shared-utils-3.0.0-M4.jar;C:\Users\HP\.m2\repository\org\apache\maven\surefire\surefire-extensions-spi\3.0.0-M5\surefire-extensions-spi-3.0.0-M5.jar;C:\Dev\ALTASHOP MOBILE AUTOMATION\target\test-classes;C:\Users\HP\.m2\repository\net\serenity-bdd\serenity-core\3.6.21\serenity-core-3.6.21.jar;C:\Users\HP\.m2\repository\net\serenity-bdd\serenity-model\3.6.21\serenity-model-3.6.21.jar;C:\Users\HP\.m2\repository\org\apache\commons\commons-text\1.10.0\commons-text-1.10.0.jar;C:\Users\HP\.m2\repository\commons-net\commons-net\3.9.0\commons-net-3.9.0.jar;C:\Users\HP\.m2\repository\com\google\inject\guice\5.1.0\guice-5.1.0.jar;C:\Users\HP\.m2\repository\javax\inject\javax.inject\1\javax.inject-1.jar;C:\Users\HP\.m2\repository\aopalliance\aopalliance\1.0\aopalliance-1.0.jar;C:\Users\HP\.m2\repository\org\jsoup\jsoup\1.14.3\jsoup-1.14.3.jar;C:\Users\HP\.m2\repository\com\thoughtworks\xstream\xstream\1.4.20\xstream-1.4.20.jar;C:\Users\HP\.m2\repository\io\github\x-stream\mxparser\1.2.2\mxparser-1.2.2.jar;C:\Users\HP\.m2\repository\xmlpull\xmlpull\1.1.3.1\xmlpull-1.1.3.1.jar;C:\Users\HP\.m2\repository\com\typesafe\config\1.4.2\config-1.4.2.jar;C:\Users\HP\.m2\repository\org\imgscalr\imgscalr-lib\4.2\imgscalr-lib-4.2.jar;C:\Users\HP\.m2\repository\org\awaitility\awaitility\4.2.0\awaitility-4.2.0.jar;C:\Users\HP\.m2\repository\org\freemarker\freemarker\2.3.31\freemarker-2.3.31.jar;C:\Users\HP\.m2\repository\io\github\classgraph\classgraph\4.8.138\classgraph-4.8.138.jar;C:\Users\HP\.m2\repository\net\sourceforge\jexcelapi\jxl\2.6.12\jxl-2.6.12.jar;C:\Users\HP\.m2\repository\net\bytebuddy\byte-buddy-agent\1.14.2\byte-buddy-agent-1.14.2.jar;C:\Users\HP\.m2\repository\org\objenesis\objenesis\3.3\objenesis-3.3.jar;C:\Users\HP\.m2\repository\net\serenity-bdd\serenity-reports\3.6.21\serenity-reports-3.6.21.jar;C:\Users\HP\.m2\repository\net\serenity-bdd\serenity-stats\3.6.21\serenity-stats-3.6.21.jar;C:\Users\HP\.m2\repository\net\serenity-bdd\serenity-reports-configuration\3.6.21\serenity-reports-configuration-3.6.21.jar;C:\Users\HP\.m2\repository\com\vladsch\flexmark\flexmark-all\0.62.2\flexmark-all-0.62.2.jar;C:\Users\HP\.m2\repository\com\vladsch\flexmark\flexmark\0.62.2\flexmark-0.62.2.jar;C:\Users\HP\.m2\repository\com\vladsch\flexmark\flexmark-ext-abbreviation\0.62.2\flexmark-ext-abbreviation-0.62.2.jar;C:\Users\HP\.m2\repository\com\vladsch\flexmark\flexmark-util\0.62.2\flexmark-util-0.62.2.jar;C:\Users\HP\.m2\repository\com\vladsch\flexmark\flexmark-ext-admonition\0.62.2\flexmark-ext-admonition-0.62.2.jar;C:\Users\HP\.m2\repository\com\vladsch\flexmark\flexmark-ext-anchorlink\0.62.2\flexmark-ext-anchorlink-0.62.2.jar;C:\Users\HP\.m2\repository\com\vladsch\flexmark\flexmark-ext-aside\0.62.2\flexmark-ext-aside-0.62.2.jar;C:\Users\HP\.m2\repository\com\vladsch\flexmark\flexmark-ext-attributes\0.62.2\flexmark-ext-attributes-0.62.2.jar;C:\Users\HP\.m2\repository\com\vladsch\flexmark\flexmark-ext-autolink\0.62.2\flexmark-ext-autolink-0.62.2.jar;C:\Users\HP\.m2\repository\org\nibor\autolink\autolink\0.6.0\autolink-0.6.0.jar;C:\Users\HP\.m2\repository\com\vladsch\flexmark\flexmark-ext-definition\0.62.2\flexmark-ext-definition-0.62.2.jar;C:\Users\HP\.m2\repository\com\vladsch\flexmark\flexmark-ext-emoji\0.62.2\flexmark-ext-emoji-0.62.2.jar;C:\Users\HP\.m2\repository\com\vladsch\flexmark\flexmark-ext-enumerated-reference\0.62.2\flexmark-ext-enumerated-reference-0.62.2.jar;C:\Users\HP\.m2\repository\com\vladsch\flexmark\flexmark-ext-escaped-character\0.62.2\flexmark-ext-escaped-character-0.62.2.jar;C:\Users\HP\.m2\repository\com\vladsch\flexmark\flexmark-ext-footnotes\0.62.2\flexmark-ext-footnotes-0.62.2.jar;C:\Users\HP\.m2\repository\com\vladsch\flexmark\flexmark-ext-gfm-issues\0.62.2\flexmark-ext-gfm-issues-0.62.2.jar;C:\Users\HP\.m2\repository\com\vladsch\flexmark\flexmark-ext-gfm-strikethrough\0.62.2\flexmark-ext-gfm-strikethrough-0.62.2.jar;C:\Users\HP\.m2\repository\com\vladsch\flexmark\flexmark-ext-gfm-tasklist\0.62.2\flexmark-ext-gfm-tasklist-0.62.2.jar;C:\Users\HP\.m2\repository\com\vladsch\flexmark\flexmark-ext-gfm-users\0.62.2\flexmark-ext-gfm-users-0.62.2.jar;C:\Users\HP\.m2\repository\com\vladsch\flexmark\flexmark-ext-gitlab\0.62.2\flexmark-ext-gitlab-0.62.2.jar;C:\Users\HP\.m2\repository\com\vladsch\flexmark\flexmark-ext-jekyll-front-matter\0.62.2\flexmark-ext-jekyll-front-matter-0.62.2.jar;C:\Users\HP\.m2\repository\com\vladsch\flexmark\flexmark-ext-jekyll-tag\0.62.2\flexmark-ext-jekyll-tag-0.62.2.jar;C:\Users\HP\.m2\repository\com\vladsch\flexmark\flexmark-ext-media-tags\0.62.2\flexmark-ext-media-tags-0.62.2.jar;C:\Users\HP\.m2\repository\com\vladsch\flexmark\flexmark-ext-macros\0.62.2\flexmark-ext-macros-0.62.2.jar;C:\Users\HP\.m2\repository\com\vladsch\flexmark\flexmark-ext-ins\0.62.2\flexmark-ext-ins-0.62.2.jar;C:\Users\HP\.m2\repository\com\vladsch\flexmark\flexmark-ext-xwiki-macros\0.62.2\flexmark-ext-xwiki-macros-0.62.2.jar;C:\Users\HP\.m2\repository\com\vladsch\flexmark\flexmark-ext-superscript\0.62.2\flexmark-ext-superscript-0.62.2.jar;C:\Users\HP\.m2\repository\com\vladsch\flexmark\flexmark-ext-tables\0.62.2\flexmark-ext-tables-0.62.2.jar;C:\Users\HP\.m2\repository\com\vladsch\flexmark\flexmark-ext-toc\0.62.2\flexmark-ext-toc-0.62.2.jar;C:\Users\HP\.m2\repository\com\vladsch\flexmark\flexmark-ext-typographic\0.62.2\flexmark-ext-typographic-0.62.2.jar;C:\Users\HP\.m2\repository\com\vladsch\flexmark\flexmark-ext-wikilink\0.62.2\flexmark-ext-wikilink-0.62.2.jar;C:\Users\HP\.m2\repository\com\vladsch\flexmark\flexmark-ext-yaml-front-matter\0.62.2\flexmark-ext-yaml-front-matter-0.62.2.jar;C:\Users\HP\.m2\repository\com\vladsch\flexmark\flexmark-ext-youtube-embedded\0.62.2\flexmark-ext-youtube-embedded-0.62.2.jar;C:\Users\HP\.m2\repository\com\vladsch\flexmark\flexmark-html2md-converter\0.62.2\flexmark-html2md-converter-0.62.2.jar;C:\Users\HP\.m2\repository\com\vladsch\flexmark\flexmark-jira-converter\0.62.2\flexmark-jira-converter-0.62.2.jar;C:\Users\HP\.m2\repository\com\vladsch\flexmark\flexmark-pdf-converter\0.62.2\flexmark-pdf-converter-0.62.2.jar;C:\Users\HP\.m2\repository\com\openhtmltopdf\openhtmltopdf-core\1.0.0\openhtmltopdf-core-1.0.0.jar;C:\Users\HP\.m2\repository\com\openhtmltopdf\openhtmltopdf-pdfbox\1.0.0\openhtmltopdf-pdfbox-1.0.0.jar;C:\Users\HP\.m2\repository\org\apache\pdfbox\pdfbox\2.0.16\pdfbox-2.0.16.jar;C:\Users\HP\.m2\repository\org\apache\pdfbox\fontbox\2.0.16\fontbox-2.0.16.jar;C:\Users\HP\.m2\repository\org\apache\pdfbox\xmpbox\2.0.16\xmpbox-2.0.16.jar;C:\Users\HP\.m2\repository\de\rototor\pdfbox\graphics2d\0.24\graphics2d-0.24.jar;C:\Users\HP\.m2\repository\com\openhtmltopdf\openhtmltopdf-rtl-support\1.0.0\openhtmltopdf-rtl-support-1.0.0.jar;C:\Users\HP\.m2\repository\com\openhtmltopdf\openhtmltopdf-jsoup-dom-converter\1.0.0\openhtmltopdf-jsoup-dom-converter-1.0.0.jar;C:\Users\HP\.m2\repository\com\vladsch\flexmark\flexmark-profile-pegdown\0.62.2\flexmark-profile-pegdown-0.62.2.jar;C:\Users\HP\.m2\repository\com\vladsch\flexmark\flexmark-util-ast\0.62.2\flexmark-util-ast-0.62.2.jar;C:\Users\HP\.m2\repository\com\vladsch\flexmark\flexmark-util-builder\0.62.2\flexmark-util-builder-0.62.2.jar;C:\Users\HP\.m2\repository\com\vladsch\flexmark\flexmark-util-collection\0.62.2\flexmark-util-collection-0.62.2.jar;C:\Users\HP\.m2\repository\com\vladsch\flexmark\flexmark-util-data\0.62.2\flexmark-util-data-0.62.2.jar;C:\Users\HP\.m2\repository\com\vladsch\flexmark\flexmark-util-dependency\0.62.2\flexmark-util-dependency-0.62.2.jar;C:\Users\HP\.m2\repository\com\vladsch\flexmark\flexmark-util-format\0.62.2\flexmark-util-format-0.62.2.jar;C:\Users\HP\.m2\repository\com\vladsch\flexmark\flexmark-util-html\0.62.2\flexmark-util-html-0.62.2.jar;C:\Users\HP\.m2\repository\com\vladsch\flexmark\flexmark-util-misc\0.62.2\flexmark-util-misc-0.62.2.jar;C:\Users\HP\.m2\repository\com\vladsch\flexmark\flexmark-util-options\0.62.2\flexmark-util-options-0.62.2.jar;C:\Users\HP\.m2\repository\com\vladsch\flexmark\flexmark-util-sequence\0.62.2\flexmark-util-sequence-0.62.2.jar;C:\Users\HP\.m2\repository\com\vladsch\flexmark\flexmark-util-visitor\0.62.2\flexmark-util-visitor-0.62.2.jar;C:\Users\HP\.m2\repository\com\vladsch\flexmark\flexmark-youtrack-converter\0.62.2\flexmark-youtrack-converter-0.62.2.jar;C:\Users\HP\.m2\repository\com\ibm\icu\icu4j\72.1\icu4j-72.1.jar;C:\Users\HP\.m2\repository\es\nitaur\markdown\txtmark\0.16\txtmark-0.16.jar;C:\Users\HP\.m2\repository\net\serenity-bdd\serenity-report-resources\3.6.21\serenity-report-resources-3.6.21.jar;C:\Users\HP\.m2\repository\com\google\code\gson\gson\2.10.1\gson-2.10.1.jar;C:\Users\HP\.m2\repository\com\fasterxml\jackson\core\jackson-core\2.15.0-rc1\jackson-core-2.15.0-rc1.jar;C:\Users\HP\.m2\repository\com\fasterxml\jackson\core\jackson-databind\2.15.0-rc1\jackson-databind-2.15.0-rc1.jar;C:\Users\HP\.m2\repository\com\fasterxml\jackson\core\jackson-annotations\2.15.0-rc1\jackson-annotations-2.15.0-rc1.jar;C:\Users\HP\.m2\repository\commons-codec\commons-codec\1.15\commons-codec-1.15.jar;C:\Users\HP\.m2\repository\commons-io\commons-io\2.11.0\commons-io-2.11.0.jar;C:\Users\HP\.m2\repository\org\apache\httpcomponents\httpclient\4.5.13\httpclient-4.5.13.jar;C:\Users\HP\.m2\repository\org\apache\httpcomponents\httpcore\4.4.13\httpcore-4.4.13.jar;C:\Users\HP\.m2\repository\commons-logging\commons-logging\1.2\commons-logging-1.2.jar;C:\Users\HP\.m2\repository\org\seleniumhq\selenium\selenium-java\4.8.1\selenium-java-4.8.1.jar;C:\Users\HP\.m2\repository\org\seleniumhq\selenium\selenium-devtools-v108\4.8.1\selenium-devtools-v108-4.8.1.jar;C:\Users\HP\.m2\repository\org\seleniumhq\selenium\selenium-devtools-v109\4.8.1\selenium-devtools-v109-4.8.1.jar;C:\Users\HP\.m2\repository\org\seleniumhq\selenium\selenium-devtools-v110\4.8.1\selenium-devtools-v110-4.8.1.jar;C:\Users\HP\.m2\repository\org\seleniumhq\selenium\selenium-devtools-v85\4.8.1\selenium-devtools-v85-4.8.1.jar;C:\Users\HP\.m2\repository\org\seleniumhq\selenium\selenium-safari-driver\4.8.1\selenium-safari-driver-4.8.1.jar;C:\Users\HP\.m2\repository\org\seleniumhq\selenium\selenium-api\4.8.1\selenium-api-4.8.1.jar;C:\Users\HP\.m2\repository\org\seleniumhq\selenium\selenium-chrome-driver\4.8.1\selenium-chrome-driver-4.8.1.jar;C:\Users\HP\.m2\repository\org\seleniumhq\selenium\selenium-chromium-driver\4.8.1\selenium-chromium-driver-4.8.1.jar;C:\Users\HP\.m2\repository\org\seleniumhq\selenium\selenium-firefox-driver\4.8.1\selenium-firefox-driver-4.8.1.jar;C:\Users\HP\.m2\repository\org\seleniumhq\selenium\selenium-http\4.8.1\selenium-http-4.8.1.jar;C:\Users\HP\.m2\repository\dev\failsafe\failsafe\3.3.0\failsafe-3.3.0.jar;C:\Users\HP\.m2\repository\org\seleniumhq\selenium\selenium-edge-driver\4.8.1\selenium-edge-driver-4.8.1.jar;C:\Users\HP\.m2\repository\org\seleniumhq\selenium\selenium-ie-driver\4.8.1\selenium-ie-driver-4.8.1.jar;C:\Users\HP\.m2\repository\org\projectlombok\lombok\1.18.20\lombok-1.18.20.jar;C:\Users\HP\.m2\repository\org\apache\groovy\groovy\4.0.10\groovy-4.0.10.jar;C:\Users\HP\.m2\repository\net\sf\opencsv\opencsv\2.0\opencsv-2.0.jar;C:\Users\HP\.m2\repository\commons-beanutils\commons-beanutils\1.9.4\commons-beanutils-1.9.4.jar;C:\Users\HP\.m2\repository\org\apache\commons\commons-lang3\3.12.0\commons-lang3-3.12.0.jar;C:\Users\HP\.m2\repository\commons-collections\commons-collections\3.2.2\commons-collections-3.2.2.jar;C:\Users\HP\.m2\repository\org\fluentlenium\fluentlenium-core\0.10.2\fluentlenium-core-0.10.2.jar;C:\Users\HP\.m2\repository\io\github\bonigarcia\webdrivermanager\5.3.0\webdrivermanager-5.3.0.jar;C:\Users\HP\.m2\repository\com\github\docker-java\docker-java\3.2.13\docker-java-3.2.13.jar;C:\Users\HP\.m2\repository\com\github\docker-java\docker-java-core\3.2.13\docker-java-core-3.2.13.jar;C:\Users\HP\.m2\repository\com\github\docker-java\docker-java-api\3.2.13\docker-java-api-3.2.13.jar;C:\Users\HP\.m2\repository\org\apache\commons\commons-compress\1.21\commons-compress-1.21.jar;C:\Users\HP\.m2\repository\org\bouncycastle\bcpkix-jdk15on\1.64\bcpkix-jdk15on-1.64.jar;C:\Users\HP\.m2\repository\org\bouncycastle\bcprov-jdk15on\1.64\bcprov-jdk15on-1.64.jar;C:\Users\HP\.m2\repository\org\slf4j\jcl-over-slf4j\1.7.30\jcl-over-slf4j-1.7.30.jar;C:\Users\HP\.m2\repository\com\github\docker-java\docker-java-transport-httpclient5\3.2.13\docker-java-transport-httpclient5-3.2.13.jar;C:\Users\HP\.m2\repository\com\github\docker-java\docker-java-transport\3.2.13\docker-java-transport-3.2.13.jar;C:\Users\HP\.m2\repository\net\java\dev\jna\jna\5.8.0\jna-5.8.0.jar;C:\Users\HP\.m2\repository\org\brotli\dec\0.1.2\dec-0.1.2.jar;C:\Users\HP\.m2\repository\org\apache\httpcomponents\client5\httpclient5\5.1.3\httpclient5-5.1.3.jar;C:\Users\HP\.m2\repository\org\apache\httpcomponents\core5\httpcore5\5.1.3\httpcore5-5.1.3.jar;C:\Users\HP\.m2\repository\org\apache\httpcomponents\core5\httpcore5-h2\5.1.3\httpcore5-h2-5.1.3.jar;C:\Users\HP\.m2\repository\com\jhlabs\filters\2.0.235\filters-2.0.235.jar;C:\Users\HP\.m2\repository\com\paulhammant\ngwebdriver\1.1.6\ngwebdriver-1.1.6.jar;C:\Users\HP\.m2\repository\joda-time\joda-time\2.12.2\joda-time-2.12.2.jar;C:\Users\HP\.m2\repository\org\hamcrest\hamcrest\2.2\hamcrest-2.2.jar;C:\Users\HP\.m2\repository\com\google\jimfs\jimfs\1.2\jimfs-1.2.jar;C:\Users\HP\.m2\repository\org\mockito\mockito-core\3.3.3\mockito-core-3.3.3.jar;C:\Users\HP\.m2\repository\javax\xml\bind\jaxb-api\2.3.1\jaxb-api-2.3.1.jar;C:\Users\HP\.m2\repository\javax\activation\javax.activation-api\1.2.0\javax.activation-api-1.2.0.jar;C:\Users\HP\.m2\repository\com\sun\xml\bind\jaxb-core\2.3.0.1\jaxb-core-2.3.0.1.jar;C:\Users\HP\.m2\repository\com\sun\xml\bind\jaxb-impl\2.3.3\jaxb-impl-2.3.3.jar;C:\Users\HP\.m2\repository\jakarta\xml\bind\jakarta.xml.bind-api\2.3.3\jakarta.xml.bind-api-2.3.3.jar;C:\Users\HP\.m2\repository\com\sun\activation\jakarta.activation\1.2.2\jakarta.activation-1.2.2.jar;C:\Users\HP\.m2\repository\javax\activation\activation\1.1.1\activation-1.1.1.jar;C:\Users\HP\.m2\repository\net\serenity-bdd\serenity-cucumber\3.6.21\serenity-cucumber-3.6.21.jar;C:\Users\HP\.m2\repository\io\cucumber\cucumber-core\7.11.0\cucumber-core-7.11.0.jar;C:\Users\HP\.m2\repository\io\cucumber\cucumber-gherkin\7.11.0\cucumber-gherkin-7.11.0.jar;C:\Users\HP\.m2\repository\io\cucumber\cucumber-gherkin-messages\7.11.0\cucumber-gherkin-messages-7.11.0.jar;C:\Users\HP\.m2\repository\io\cucumber\gherkin\26.0.3\gherkin-26.0.3.jar;C:\Users\HP\.m2\repository\io\cucumber\messages\21.0.1\messages-21.0.1.jar;C:\Users\HP\.m2\repository\io\cucumber\tag-expressions\5.0.1\tag-expressions-5.0.1.jar;C:\Users\HP\.m2\repository\io\cucumber\cucumber-expressions\16.1.1\cucumber-expressions-16.1.1.jar;C:\Users\HP\.m2\repository\io\cucumber\datatable\7.11.0\datatable-7.11.0.jar;C:\Users\HP\.m2\repository\io\cucumber\cucumber-plugin\7.11.0\cucumber-plugin-7.11.0.jar;C:\Users\HP\.m2\repository\io\cucumber\docstring\7.11.0\docstring-7.11.0.jar;C:\Users\HP\.m2\repository\io\cucumber\html-formatter\20.2.1\html-formatter-20.2.1.jar;C:\Users\HP\.m2\repository\io\cucumber\junit-xml-formatter\0.1.0\junit-xml-formatter-0.1.0.jar;C:\Users\HP\.m2\repository\io\cucumber\ci-environment\9.1.0\ci-environment-9.1.0.jar;C:\Users\HP\.m2\repository\io\cucumber\cucumber-java\7.11.0\cucumber-java-7.11.0.jar;C:\Users\HP\.m2\repository\io\cucumber\cucumber-junit\7.11.0\cucumber-junit-7.11.0.jar;C:\Users\HP\.m2\repository\org\apache\commons\commons-csv\1.5\commons-csv-1.5.jar;C:\Users\HP\.m2\repository\net\serenity-bdd\serenity-screenplay\3.6.21\serenity-screenplay-3.6.21.jar;C:\Users\HP\.m2\repository\net\serenity-bdd\serenity-screenplay-webdriver\3.6.21\serenity-screenplay-webdriver-3.6.21.jar;C:\Users\HP\.m2\repository\net\serenity-bdd\serenity-ensure\3.6.21\serenity-ensure-3.6.21.jar;C:\Users\HP\.m2\repository\net\serenity-bdd\serenity-junit\3.6.21\serenity-junit-3.6.21.jar;C:\Users\HP\.m2\repository\org\jetbrains\kotlin\kotlin-stdlib\1.8.10\kotlin-stdlib-1.8.10.jar;C:\Users\HP\.m2\repository\org\jetbrains\kotlin\kotlin-stdlib-common\1.8.10\kotlin-stdlib-common-1.8.10.jar;C:\Users\HP\.m2\repository\org\jetbrains\annotations\13.0\annotations-13.0.jar;C:\Users\HP\.m2\repository\org\junit\platform\junit-platform-launcher\1.8.2\junit-platform-launcher-1.8.2.jar;C:\Users\HP\.m2\repository\org\junit\platform\junit-platform-engine\1.8.2\junit-platform-engine-1.8.2.jar;C:\Users\HP\.m2\repository\org\opentest4j\opentest4j\1.2.0\opentest4j-1.2.0.jar;C:\Users\HP\.m2\repository\org\junit\platform\junit-platform-commons\1.8.2\junit-platform-commons-1.8.2.jar;C:\Users\HP\.m2\repository\org\apiguardian\apiguardian-api\1.1.2\apiguardian-api-1.1.2.jar;C:\Users\HP\.m2\repository\org\junit\jupiter\junit-jupiter-engine\5.8.2\junit-jupiter-engine-5.8.2.jar;C:\Users\HP\.m2\repository\org\junit\jupiter\junit-jupiter-api\5.8.2\junit-jupiter-api-5.8.2.jar;C:\Users\HP\.m2\repository\org\junit\vintage\junit-vintage-engine\5.8.2\junit-vintage-engine-5.8.2.jar;C:\Users\HP\.m2\repository\junit\junit\4.13.2\junit-4.13.2.jar;C:\Users\HP\.m2\repository\org\hamcrest\hamcrest-core\1.3\hamcrest-core-1.3.jar;C:\Users\HP\.m2\repository\ch\qos\logback\logback-classic\1.2.10\logback-classic-1.2.10.jar;C:\Users\HP\.m2\repository\ch\qos\logback\logback-core\1.2.10\logback-core-1.2.10.jar;C:\Users\HP\.m2\repository\org\slf4j\slf4j-api\1.7.32\slf4j-api-1.7.32.jar;C:\Users\HP\.m2\repository\org\assertj\assertj-core\3.23.1\assertj-core-3.23.1.jar;C:\Users\HP\.m2\repository\net\bytebuddy\byte-buddy\1.12.10\byte-buddy-1.12.10.jar;C:\Users\HP\.m2\repository\org\slf4j\slf4j-simple\1.7.7\slf4j-simple-1.7.7.jar;C:\Users\HP\.m2\repository\io\appium\java-client\8.3.0\java-client-8.3.0.jar;C:\Users\HP\.m2\repository\org\seleniumhq\selenium\selenium-remote-driver\4.9.0\selenium-remote-driver-4.9.0.jar;C:\Users\HP\.m2\repository\com\beust\jcommander\1.82\jcommander-1.82.jar;C:\Users\HP\.m2\repository\io\netty\netty-buffer\4.1.91.Final\netty-buffer-4.1.91.Final.jar;C:\Users\HP\.m2\repository\io\netty\netty-codec-http\4.1.91.Final\netty-codec-http-4.1.91.Final.jar;C:\Users\HP\.m2\repository\io\netty\netty-codec\4.1.91.Final\netty-codec-4.1.91.Final.jar;C:\Users\HP\.m2\repository\io\netty\netty-handler\4.1.91.Final\netty-handler-4.1.91.Final.jar;C:\Users\HP\.m2\repository\io\netty\netty-common\4.1.91.Final\netty-common-4.1.91.Final.jar;C:\Users\HP\.m2\repository\io\netty\netty-transport-classes-epoll\4.1.91.Final\netty-transport-classes-epoll-4.1.91.Final.jar;C:\Users\HP\.m2\repository\io\netty\netty-transport-classes-kqueue\4.1.91.Final\netty-transport-classes-kqueue-4.1.91.Final.jar;C:\Users\HP\.m2\repository\io\netty\netty-transport-native-epoll\4.1.91.Final\netty-transport-native-epoll-4.1.91.Final.jar;C:\Users\HP\.m2\repository\io\netty\netty-transport-native-kqueue\4.1.91.Final\netty-transport-native-kqueue-4.1.91.Final.jar;C:\Users\HP\.m2\repository\io\netty\netty-transport-native-unix-common\4.1.91.Final\netty-transport-native-unix-common-4.1.91.Final.jar;C:\Users\HP\.m2\repository\io\netty\netty-transport\4.1.91.Final\netty-transport-4.1.91.Final.jar;C:\Users\HP\.m2\repository\io\netty\netty-resolver\4.1.91.Final\netty-resolver-4.1.91.Final.jar;C:\Users\HP\.m2\repository\io\opentelemetry\opentelemetry-api\1.25.0\opentelemetry-api-1.25.0.jar;C:\Users\HP\.m2\repository\io\opentelemetry\opentelemetry-context\1.25.0\opentelemetry-context-1.25.0.jar;C:\Users\HP\.m2\repository\io\opentelemetry\opentelemetry-exporter-logging\1.25.0\opentelemetry-exporter-logging-1.25.0.jar;C:\Users\HP\.m2\repository\io\opentelemetry\opentelemetry-sdk-metrics\1.25.0\opentelemetry-sdk-metrics-1.25.0.jar;C:\Users\HP\.m2\repository\io\opentelemetry\opentelemetry-sdk-logs\1.25.0-alpha\opentelemetry-sdk-logs-1.25.0-alpha.jar;C:\Users\HP\.m2\repository\io\opentelemetry\opentelemetry-api-logs\1.25.0-alpha\opentelemetry-api-logs-1.25.0-alpha.jar;C:\Users\HP\.m2\repository\io\opentelemetry\opentelemetry-api-events\1.25.0-alpha\opentelemetry-api-events-1.25.0-alpha.jar;C:\Users\HP\.m2\repository\io\opentelemetry\opentelemetry-sdk-common\1.25.0\opentelemetry-sdk-common-1.25.0.jar;C:\Users\HP\.m2\repository\io\opentelemetry\opentelemetry-sdk-extension-autoconfigure-spi\1.25.0\opentelemetry-sdk-extension-autoconfigure-spi-1.25.0.jar;C:\Users\HP\.m2\repository\io\opentelemetry\opentelemetry-sdk-extension-autoconfigure\1.25.0-alpha\opentelemetry-sdk-extension-autoconfigure-1.25.0-alpha.jar;C:\Users\HP\.m2\repository\io\opentelemetry\opentelemetry-sdk-trace\1.25.0\opentelemetry-sdk-trace-1.25.0.jar;C:\Users\HP\.m2\repository\io\opentelemetry\opentelemetry-sdk\1.25.0\opentelemetry-sdk-1.25.0.jar;C:\Users\HP\.m2\repository\io\opentelemetry\opentelemetry-semconv\1.25.0-alpha\opentelemetry-semconv-1.25.0-alpha.jar;C:\Users\HP\.m2\repository\io\ous\jtoml\2.0.0\jtoml-2.0.0.jar;C:\Users\HP\.m2\repository\org\apache\commons\commons-exec\1.3\commons-exec-1.3.jar;C:\Users\HP\.m2\repository\org\asynchttpclient\async-http-client\2.12.3\async-http-client-2.12.3.jar;C:\Users\HP\.m2\repository\org\asynchttpclient\async-http-client-netty-utils\2.12.3\async-http-client-netty-utils-2.12.3.jar;C:\Users\HP\.m2\repository\io\netty\netty-codec-socks\4.1.60.Final\netty-codec-socks-4.1.60.Final.jar;C:\Users\HP\.m2\repository\io\netty\netty-handler-proxy\4.1.60.Final\netty-handler-proxy-4.1.60.Final.jar;C:\Users\HP\.m2\repository\io\netty\netty-transport-native-epoll\4.1.60.Final\netty-transport-native-epoll-4.1.60.Final-linux-x86_64.jar;C:\Users\HP\.m2\repository\io\netty\netty-transport-native-kqueue\4.1.60.Final\netty-transport-native-kqueue-4.1.60.Final-osx-x86_64.jar;C:\Users\HP\.m2\repository\org\reactivestreams\reactive-streams\1.0.3\reactive-streams-1.0.3.jar;C:\Users\HP\.m2\repository\com\typesafe\netty\netty-reactive-streams\2.0.4\netty-reactive-streams-2.0.4.jar;C:\Users\HP\.m2\repository\org\seleniumhq\selenium\selenium-manager\4.9.0\selenium-manager-4.9.0.jar;C:\Users\HP\.m2\repository\cglib\cglib\3.3.0\cglib-3.3.0.jar;C:\Users\HP\.m2\repository\org\ow2\asm\asm\7.1\asm-7.1.jar;C:\Users\HP\.m2\repository\commons-validator\commons-validator\1.7\commons-validator-1.7.jar;C:\Users\HP\.m2\repository\commons-digester\commons-digester\2.1\commons-digester-2.1.jar;C:\Users\HP\.m2\repository\org\yaml\snakeyaml\1.29\snakeyaml-1.29.jar;C:\Users\HP\.m2\repository\com\github\javafaker\javafaker\1.0.2\javafaker-1.0.2.jar;C:\Users\HP\.m2\repository\org\yaml\snakeyaml\1.23\snakeyaml-1.23-android.jar;C:\Users\HP\.m2\repository\com\github\mifmif\generex\1.0.2\generex-1.0.2.jar;C:\Users\HP\.m2\repository\dk\brics\automaton\automaton\1.11-8\automaton-1.11-8.jar;C:\Users\HP\.m2\repository\info\cukes\cucumber-java\1.0.1\cucumber-java-1.0.1.jar;C:\Users\HP\.m2\repository\info\cukes\cucumber-core\1.0.1\cucumber-core-1.0.1.jar;C:\Users\HP\.m2\repository\info\cukes\gherkin\2.9.3\gherkin-2.9.3.jar;C:\Users\HP\.m2\repository\info\cukes\cucumber-html\0.2.1\cucumber-html-0.2.1.jar;C:\Users\HP\.m2\repository\org\seleniumhq\selenium\selenium-support\4.8.1\selenium-support-4.8.1.jar;C:\Users\HP\.m2\repository\com\google\auto\service\auto-service-annotations\1.0.1\auto-service-annotations-1.0.1.jar;C:\Users\HP\.m2\repository\com\google\auto\service\auto-service\1.0.1\auto-service-1.0.1.jar;C:\Users\HP\.m2\repository\com\google\auto\auto-common\1.2\auto-common-1.2.jar;C:\Users\HP\.m2\repository\com\google\guava\guava\31.1-jre\guava-31.1-jre.jar;C:\Users\HP\.m2\repository\com\google\guava\failureaccess\1.0.1\failureaccess-1.0.1.jar;C:\Users\HP\.m2\repository\com\google\guava\listenablefuture\9999.0-empty-to-avoid-conflict-with-guava\listenablefuture-9999.0-empty-to-avoid-conflict-with-guava.jar;C:\Users\HP\.m2\repository\com\google\code\findbugs\jsr305\3.0.2\jsr305-3.0.2.jar;C:\Users\HP\.m2\repository\org\checkerframework\checker-qual\3.12.0\checker-qual-3.12.0.jar;C:\Users\HP\.m2\repository\com\google\errorprone\error_prone_annotations\2.11.0\error_prone_annotations-2.11.0.jar;C:\Users\HP\.m2\repository\com\google\j2objc\j2objc-annotations\1.3\j2objc-annotations-1.3.jar;C:\Users\HP\.m2\repository\org\seleniumhq\selenium\selenium-json\4.8.1\selenium-json-4.8.1.jar;C:\Users\HP\.m2\repository\org\apache\maven\surefire\surefire-junit-platform\3.0.0-M5\surefire-junit-platform-3.0.0-M5.jar;C:\Users\HP\.m2\repository\org\apache\maven\surefire\common-java5\3.0.0-M5\common-java5-3.0.0-M5.jar"/>
    <property name="user.script" value=""/>
    <property name="sun.management.compiler" value="HotSpot 64-Bit Tiered Compilers"/>
    <property name="java.runtime.version" value="19.0.2+7-44"/>
    <property name="user.name" value="HP"/>
    <property name="stdout.encoding" value="Cp1252"/>
    <property name="path.separator" value=";"/>
    <property name="os.version" value="10.0"/>
    <property name="java.runtime.name" value="Java(TM) SE Runtime Environment"/>
    <property name="file.encoding" value="UTF-8"/>
    <property name="java.vm.name" value="Java HotSpot(TM) 64-Bit Server VM"/>
    <property name="localRepository" value="C:\Users\HP\.m2\repository"/>
    <property name="java.vendor.url.bug" value="https://bugreport.java.com/bugreport/"/>
    <property name="java.io.tmpdir" value="C:\Users\HP\AppData\Local\Temp\"/>
    <property name="java.version" value="19.0.2"/>
    <property name="user.dir" value="C:\Dev\ALTASHOP MOBILE AUTOMATION"/>
    <property name="os.arch" value="amd64"/>
    <property name="java.vm.specification.name" value="Java Virtual Machine Specification"/>
    <property name="sun.os.patch.level" value=""/>
    <property name="native.encoding" value="Cp1252"/>
    <property name="java.library.path" value="C:\Program Files\Java\jdk-19\bin;C:\WINDOWS\Sun\Java\bin;C:\WINDOWS\system32;C:\WINDOWS;C:\Program Files\Common Files\Oracle\Java\javapath;C:\Program Files\Java\jdk1.8.0_361\bin;c:\Program Files (x86)\Common Files\Intel\Shared Files\cpp\bin\Intel64;C:\WINDOWS\system32;C:\WINDOWS;C:\WINDOWS\System32\Wbem;C:\WINDOWS\System32\WindowsPowerShell\v1.0\;C:\WINDOWS\System32\OpenSSH\;C:\Users\apache-maven-3.9.1-bin\bin;%MAVEN_HOME%\bin;C:\Users\HP\AppData\Local\Android\Sdk;C:\Users\HP\AppData\Local\Android\Sdk\platform-tools;C:\Program Files\nodejs\;C:\Program Files\Git\cmd;C:\Users\HP\AppData\Local\Microsoft\WindowsApps;C:\Program Files\JetBrains\IntelliJ IDEA Community Edition 2022.3.2\bin;C:\Users\HP\AppData\Local\GitHubDesktop\bin;C:\Users\HP\AppData\Local\Programs\Microsoft VS Code\bin;C:\Users\HP\AppData\Roaming\npm;C:\Users\HP\AppData\Local\gitkraken\bin;."/>
    <property name="java.vm.info" value="mixed mode"/>
    <property name="stderr.encoding" value="Cp1252"/>
    <property name="java.vendor" value="Oracle Corporation"/>
    <property name="java.vm.version" value="19.0.2+7-44"/>
    <property name="sun.io.unicode.encoding" value="UnicodeLittle"/>
    <property name="java.class.version" value="63.0"/>
  </properties>
  <testcase name="user on homepage AltaShop for login feature" classname="user tidak dapat login menggunakan akun yang belum terdaftar" time="13.475">
    <system-out><![CDATA[10:01:16.708 [main] DEBUG net.thucydides.core.guice.Injectors - Created injector for module net.thucydides.core.guice.ThucydidesModule
10:01:17.113 [main] DEBUG io.cucumber.core.plugin.SerenityReporter - Running feature from file:///C:/Dev/ALTASHOP%20MOBILE%20AUTOMATION/src/test/resources/features/1.%20Login.feature
10:01:17.336 [main] DEBUG net.thucydides.core.guice.Injectors - Created injector for module net.thucydides.core.guice.webdriver.WebDriverModule
10:01:17.362 [main] INFO  - 

-------------------------------------------------------------------------------------
     _______. _______ .______       _______ .__   __.  __  .___________.____    ____ 
    /       ||   ____||   _  \     |   ____||  \ |  | |  | |           |\   \  /   / 
   |   (----`|  |__   |  |_)  |    |  |__   |   \|  | |  | `---|  |----` \   \/   /  
    \   \    |   __|  |      /     |   __|  |  . `  | |  |     |  |       \_    _/   
.----)   |   |  |____ |  |\  \----.|  |____ |  |\   | |  |     |  |         |  |     
|_______/    |_______|| _| `._____||_______||__| \__| |__|     |__|         |__|    
                                                                                     
 News and tutorials at http://www.serenity-bdd.info                                  
 Documentation at https://wakaleo.gitbooks.io/the-serenity-book/content/             
 Join the Serenity Community on Gitter: https://gitter.im/serenity-bdd/serenity-core 
 Serenity BDD Support and Training at http://serenity-bdd.info/#/trainingandsupport  
-------------------------------------------------------------------------------------

10:01:17.367 [main] DEBUG net.thucydides.core.steps.StepEventBus - Test suite started for story net.thucydides.core.model.Story@c21ffae2
10:01:17.375 [main] INFO  - Test Suite Started: Login
10:01:17.399 [main] DEBUG io.cucumber.core.plugin.SerenityReporter - Running feature from file:///C:/Dev/ALTASHOP%20MOBILE%20AUTOMATION/src/test/resources/features/1.%20Login.feature
10:01:17.403 [main] DEBUG net.thucydides.core.steps.StepEventBus - Test suite started for story net.thucydides.core.model.Story@c21ffae2
10:01:17.403 [main] INFO  - Test Suite Started: Login
10:01:17.513 [main] DEBUG io.cucumber.core.plugin.SerenityReporter - Running feature from file:///C:/Dev/ALTASHOP%20MOBILE%20AUTOMATION/src/test/resources/features/1.%20Login.feature
10:01:17.680 [main] INFO  - 
  _____   ___   ___   _____     ___   _____     _     ___   _____   ___   ___  
 |_   _| | __| / __| |_   _|   / __| |_   _|   /_\   | _ \ |_   _| | __| |   \ 
   | |   | _|  \__ \   | |     \__ \   | |    / _ \  |   /   | |   | _|  | |) |
   |_|   |___| |___/   |_|     |___/   |_|   /_/ \_\ |_|_\   |_|   |___| |___/ 

user tidak dapat login menggunakan akun yang belum terdaftar(login;user-tidak-dapat-login-menggunakan-akun-yang-belum-terdaftar)
--------------------------------------------------------------------------------
10:01:17.746 [main] DEBUG net.thucydides.core.requirements.model.cucumber.CucumberParser - Loading feature C:\Dev\ALTASHOP MOBILE AUTOMATION\src\test\resources\features\1. Login.feature
10:01:17.773 [main] DEBUG net.thucydides.core.requirements.model.cucumber.CucumberParser - Loading feature C:\Dev\ALTASHOP MOBILE AUTOMATION\src\test\resources\features\2. Register.feature
10:01:18.412 [main] DEBUG net.thucydides.core.steps.StepInterceptor - STARTING STEP: LoginSteps.userOnHomepageAltaShopForLoginFeature - onHomepageAltaShop
10:01:18.585 [main] DEBUG io.netty.util.internal.logging.InternalLoggerFactory - Using SLF4J as the default logging framework
10:01:18.589 [main] DEBUG io.netty.util.ResourceLeakDetector - -Dio.netty.leakDetection.level: simple
10:01:18.589 [main] DEBUG io.netty.util.ResourceLeakDetector - -Dio.netty.leakDetection.targetRecords: 4
10:01:18.596 [main] DEBUG io.netty.util.ResourceLeakDetectorFactory - Loaded default ResourceLeakDetector: io.netty.util.ResourceLeakDetector@6963b88c
10:01:18.627 [main] DEBUG io.netty.util.internal.PlatformDependent0 - -Dio.netty.noUnsafe: false
10:01:18.627 [main] DEBUG io.netty.util.internal.PlatformDependent0 - Java version: 19
10:01:18.628 [main] DEBUG io.netty.util.internal.PlatformDependent0 - sun.misc.Unsafe.theUnsafe: available
10:01:18.629 [main] DEBUG io.netty.util.internal.PlatformDependent0 - sun.misc.Unsafe.copyMemory: available
10:01:18.630 [main] DEBUG io.netty.util.internal.PlatformDependent0 - sun.misc.Unsafe.storeFence: available
10:01:18.632 [main] DEBUG io.netty.util.internal.PlatformDependent0 - java.nio.Buffer.address: available
10:01:18.632 [main] DEBUG io.netty.util.internal.PlatformDependent0 - direct buffer constructor: unavailable: Reflective setAccessible(true) disabled
10:01:18.634 [main] DEBUG io.netty.util.internal.PlatformDependent0 - java.nio.Bits.unaligned: available, true
10:01:18.637 [main] DEBUG io.netty.util.internal.PlatformDependent0 - jdk.internal.misc.Unsafe.allocateUninitializedArray(int): unavailable: class io.netty.util.internal.PlatformDependent0$7 cannot access class jdk.internal.misc.Unsafe (in module java.base) because module java.base does not export jdk.internal.misc to unnamed module @27ff5d15
10:01:18.640 [main] DEBUG io.netty.util.internal.PlatformDependent0 - java.nio.DirectByteBuffer.<init>(long, int): unavailable
10:01:18.640 [main] DEBUG io.netty.util.internal.PlatformDependent - sun.misc.Unsafe: available
10:01:18.643 [main] DEBUG io.netty.util.internal.PlatformDependent - maxDirectMemory: 1589641216 bytes (maybe)
10:01:18.644 [main] DEBUG io.netty.util.internal.PlatformDependent - -Dio.netty.tmpdir: C:\Users\HP\AppData\Local\Temp (java.io.tmpdir)
10:01:18.644 [main] DEBUG io.netty.util.internal.PlatformDependent - -Dio.netty.bitMode: 64 (sun.arch.data.model)
10:01:18.644 [main] DEBUG io.netty.util.internal.PlatformDependent - Platform: Windows
10:01:18.646 [main] DEBUG io.netty.util.internal.PlatformDependent - -Dio.netty.maxDirectMemory: -1 bytes
10:01:18.646 [main] DEBUG io.netty.util.internal.PlatformDependent - -Dio.netty.uninitializedArrayAllocationThreshold: -1
10:01:18.648 [main] DEBUG io.netty.util.internal.CleanerJava9 - java.nio.ByteBuffer.cleaner(): available
10:01:18.649 [main] DEBUG io.netty.util.internal.PlatformDependent - -Dio.netty.noPreferDirect: false
10:01:18.660 [main] DEBUG io.netty.util.internal.PlatformDependent - org.jctools-core.MpscChunkedArrayQueue: available
10:01:18.705 [main] DEBUG io.netty.util.internal.InternalThreadLocalMap - -Dio.netty.threadLocalMap.stringBuilder.initialSize: 1024
10:01:18.706 [main] DEBUG io.netty.util.internal.InternalThreadLocalMap - -Dio.netty.threadLocalMap.stringBuilder.maxSize: 4096
10:01:18.972 [main] DEBUG io.netty.handler.ssl.JdkSslContext - Default protocols (JDK): [TLSv1.3, TLSv1.2] 
10:01:18.972 [main] DEBUG io.netty.handler.ssl.JdkSslContext - Default cipher suites (JDK): [TLS_ECDHE_ECDSA_WITH_AES_256_GCM_SHA384, TLS_ECDHE_ECDSA_WITH_AES_128_GCM_SHA256, TLS_ECDHE_RSA_WITH_AES_128_GCM_SHA256, TLS_ECDHE_RSA_WITH_AES_256_GCM_SHA384, TLS_ECDHE_RSA_WITH_AES_128_CBC_SHA, TLS_ECDHE_RSA_WITH_AES_256_CBC_SHA, TLS_RSA_WITH_AES_128_GCM_SHA256, TLS_RSA_WITH_AES_128_CBC_SHA, TLS_RSA_WITH_AES_256_CBC_SHA, TLS_AES_128_GCM_SHA256, TLS_AES_256_GCM_SHA384]
10:01:18.991 [main] DEBUG io.netty.util.concurrent.GlobalEventExecutor - -Dio.netty.globalEventExecutor.quietPeriodSeconds: 1
10:01:19.010 [main] DEBUG io.netty.channel.MultithreadEventLoopGroup - -Dio.netty.eventLoopThreads: 16
10:01:19.024 [main] DEBUG io.netty.channel.nio.NioEventLoop - -Dio.netty.noKeySetOptimization: false
10:01:19.025 [main] DEBUG io.netty.channel.nio.NioEventLoop - -Dio.netty.selectorAutoRebuildThreshold: 512
10:01:19.097 [main] DEBUG io.netty.buffer.PooledByteBufAllocator - -Dio.netty.allocator.numHeapArenas: 16
10:01:19.098 [main] DEBUG io.netty.buffer.PooledByteBufAllocator - -Dio.netty.allocator.numDirectArenas: 16
10:01:19.098 [main] DEBUG io.netty.buffer.PooledByteBufAllocator - -Dio.netty.allocator.pageSize: 8192
10:01:19.098 [main] DEBUG io.netty.buffer.PooledByteBufAllocator - -Dio.netty.allocator.maxOrder: 9
10:01:19.098 [main] DEBUG io.netty.buffer.PooledByteBufAllocator - -Dio.netty.allocator.chunkSize: 4194304
10:01:19.098 [main] DEBUG io.netty.buffer.PooledByteBufAllocator - -Dio.netty.allocator.smallCacheSize: 256
10:01:19.098 [main] DEBUG io.netty.buffer.PooledByteBufAllocator - -Dio.netty.allocator.normalCacheSize: 64
10:01:19.098 [main] DEBUG io.netty.buffer.PooledByteBufAllocator - -Dio.netty.allocator.maxCachedBufferCapacity: 32768
10:01:19.098 [main] DEBUG io.netty.buffer.PooledByteBufAllocator - -Dio.netty.allocator.cacheTrimInterval: 8192
10:01:19.098 [main] DEBUG io.netty.buffer.PooledByteBufAllocator - -Dio.netty.allocator.cacheTrimIntervalMillis: 0
10:01:19.098 [main] DEBUG io.netty.buffer.PooledByteBufAllocator - -Dio.netty.allocator.useCacheForAllThreads: false
10:01:19.098 [main] DEBUG io.netty.buffer.PooledByteBufAllocator - -Dio.netty.allocator.maxCachedByteBuffersPerChunk: 1023
10:01:19.111 [main] DEBUG io.netty.buffer.ByteBufUtil - -Dio.netty.allocator.type: pooled
10:01:19.111 [main] DEBUG io.netty.buffer.ByteBufUtil - -Dio.netty.threadLocalDirectBufferSize: 0
10:01:19.111 [main] DEBUG io.netty.buffer.ByteBufUtil - -Dio.netty.maxThreadLocalCharBufferSize: 16384
10:01:19.305 [Forwarding newSession on session null to remote] DEBUG io.netty.channel.DefaultChannelId - -Dio.netty.processId: 6896 (auto-detected)
10:01:19.307 [Forwarding newSession on session null to remote] DEBUG io.netty.util.NetUtil - -Djava.net.preferIPv4Stack: false
10:01:19.307 [Forwarding newSession on session null to remote] DEBUG io.netty.util.NetUtil - -Djava.net.preferIPv6Addresses: false
10:01:19.325 [Forwarding newSession on session null to remote] DEBUG io.netty.util.NetUtilInitializations - Loopback interface: lo (Software Loopback Interface 1, 127.0.0.1)
10:01:19.327 [Forwarding newSession on session null to remote] DEBUG io.netty.util.NetUtil - Failed to get SOMAXCONN from sysctl and file \proc\sys\net\core\somaxconn. Default: 200
10:01:19.369 [Forwarding newSession on session null to remote] DEBUG io.netty.channel.DefaultChannelId - -Dio.netty.machineId: cc:6b:1e:ff:fe:34:9f:97 (auto-detected)
10:01:19.442 [AsyncHttpClient-1-2] DEBUG io.netty.buffer.AbstractByteBuf - -Dio.netty.buffer.checkAccessible: true
10:01:19.444 [AsyncHttpClient-1-2] DEBUG io.netty.buffer.AbstractByteBuf - -Dio.netty.buffer.checkBounds: true
10:01:19.444 [AsyncHttpClient-1-2] DEBUG io.netty.util.ResourceLeakDetectorFactory - Loaded default ResourceLeakDetector: io.netty.util.ResourceLeakDetector@ed9a280
10:01:19.473 [AsyncHttpClient-1-2] DEBUG org.asynchttpclient.netty.channel.NettyConnectListener - Using new Channel '[id: 0xac19b5dd, L:/127.0.0.1:62239 - R:/127.0.0.1:4723]' for 'POST' to '/wd/hub/session'
10:01:19.493 [AsyncHttpClient-1-2] DEBUG io.netty.util.Recycler - -Dio.netty.recycler.maxCapacityPerThread: 4096
10:01:19.493 [AsyncHttpClient-1-2] DEBUG io.netty.util.Recycler - -Dio.netty.recycler.ratio: 8
10:01:19.493 [AsyncHttpClient-1-2] DEBUG io.netty.util.Recycler - -Dio.netty.recycler.chunkSize: 32
10:01:19.493 [AsyncHttpClient-1-2] DEBUG io.netty.util.Recycler - -Dio.netty.recycler.blocking: false
10:01:19.493 [AsyncHttpClient-1-2] DEBUG io.netty.util.Recycler - -Dio.netty.recycler.batchFastThreadLocalOnly: true
10:01:29.893 [AsyncHttpClient-1-2] DEBUG io.netty.handler.codec.compression.Brotli - brotli4j not in the classpath; Brotli support will be unavailable.
10:01:29.893 [AsyncHttpClient-1-2] DEBUG org.asynchttpclient.netty.handler.HttpHandler - 

Request DefaultHttpRequest(decodeResult: success, version: HTTP/1.1)
POST /wd/hub/session HTTP/1.1
X-Idempotency-Key: fa54286a-7aff-4151-9876-b4901145349e
User-Agent: appium/8.3.0 (selenium/4.8.1 (java windows))
Content-Length: 301
Content-Type: application/json; charset=utf-8
host: 0.0.0.0:4723
accept: */*

Response DefaultHttpResponse(decodeResult: success, version: HTTP/1.1)
HTTP/1.1 200 OK
X-Powered-By: Express
Vary: X-HTTP-Method-Override
Content-Type: application/json; charset=utf-8
Content-Length: 920
ETag: W/"398-Q+VwY7GxlzDGcdPz0QxzE+Cy16M"
Date: Sat, 06 May 2023 03:01:29 GMT
Connection: keep-alive
Keep-Alive: timeout=600

10:01:29.912 [AsyncHttpClient-1-2] DEBUG org.asynchttpclient.netty.channel.ChannelManager - Adding key: http://0.0.0.0:4723 for channel [id: 0xac19b5dd, L:/127.0.0.1:62239 - R:/127.0.0.1:4723]
10:01:29.977 [AsyncHttpClient-1-1] DEBUG org.asynchttpclient.netty.channel.DefaultChannelPool - Entry count for : http://0.0.0.0:4723 : 1
10:01:30.081 [Forwarding setTimeout on session d4d46599-2f4f-4592-b2dd-34fedc871b23 to remote] DEBUG org.asynchttpclient.netty.request.NettyRequestSender - Using pooled Channel '[id: 0xac19b5dd, L:/127.0.0.1:62239 - R:/127.0.0.1:4723]' for 'POST' to 'http://0.0.0.0:4723/wd/hub/session/d4d46599-2f4f-4592-b2dd-34fedc871b23/timeouts'
10:01:30.081 [Forwarding setTimeout on session d4d46599-2f4f-4592-b2dd-34fedc871b23 to remote] DEBUG org.asynchttpclient.netty.request.NettyRequestSender - Using open Channel [id: 0xac19b5dd, L:/127.0.0.1:62239 - R:/127.0.0.1:4723] for POST '/wd/hub/session/d4d46599-2f4f-4592-b2dd-34fedc871b23/timeouts'
10:01:30.093 [AsyncHttpClient-1-2] DEBUG org.asynchttpclient.netty.handler.HttpHandler - 

Request DefaultHttpRequest(decodeResult: success, version: HTTP/1.1)
POST /wd/hub/session/d4d46599-2f4f-4592-b2dd-34fedc871b23/timeouts HTTP/1.1
User-Agent: appium/8.3.0 (selenium/4.8.1 (java windows))
Content-Length: 23
Content-Type: application/json; charset=utf-8
host: 0.0.0.0:4723
accept: */*

Response DefaultHttpResponse(decodeResult: success, version: HTTP/1.1)
HTTP/1.1 200 OK
X-Powered-By: Express
Vary: X-HTTP-Method-Override
Content-Type: application/json; charset=utf-8
Content-Length: 14
ETag: W/"e-9/1BuKMgFObM1mWJm+YjxtXJnUM"
Date: Sat, 06 May 2023 03:01:30 GMT
Connection: keep-alive
Keep-Alive: timeout=600

10:01:30.094 [AsyncHttpClient-1-2] DEBUG org.asynchttpclient.netty.channel.ChannelManager - Adding key: http://0.0.0.0:4723 for channel [id: 0xac19b5dd, L:/127.0.0.1:62239 - R:/127.0.0.1:4723]
10:01:30.107 [Forwarding findElement on session d4d46599-2f4f-4592-b2dd-34fedc871b23 to remote] DEBUG org.asynchttpclient.netty.request.NettyRequestSender - Using pooled Channel '[id: 0xac19b5dd, L:/127.0.0.1:62239 - R:/127.0.0.1:4723]' for 'POST' to 'http://0.0.0.0:4723/wd/hub/session/d4d46599-2f4f-4592-b2dd-34fedc871b23/element'
10:01:30.107 [Forwarding findElement on session d4d46599-2f4f-4592-b2dd-34fedc871b23 to remote] DEBUG org.asynchttpclient.netty.request.NettyRequestSender - Using open Channel [id: 0xac19b5dd, L:/127.0.0.1:62239 - R:/127.0.0.1:4723] for POST '/wd/hub/session/d4d46599-2f4f-4592-b2dd-34fedc871b23/element'
10:01:31.208 [AsyncHttpClient-1-2] DEBUG org.asynchttpclient.netty.handler.HttpHandler - 

Request DefaultHttpRequest(decodeResult: success, version: HTTP/1.1)
POST /wd/hub/session/d4d46599-2f4f-4592-b2dd-34fedc871b23/element HTTP/1.1
User-Agent: appium/8.3.0 (selenium/4.8.1 (java windows))
Content-Length: 326
Content-Type: application/json; charset=utf-8
host: 0.0.0.0:4723
accept: */*

Response DefaultHttpResponse(decodeResult: success, version: HTTP/1.1)
HTTP/1.1 200 OK
X-Powered-By: Express
Vary: X-HTTP-Method-Override
Content-Type: application/json; charset=utf-8
Content-Length: 137
ETag: W/"89-BUXbIB/3i8J5OC3GvNXv0a9dUcI"
Date: Sat, 06 May 2023 03:01:31 GMT
Connection: keep-alive
Keep-Alive: timeout=600

10:01:31.208 [AsyncHttpClient-1-2] DEBUG org.asynchttpclient.netty.channel.ChannelManager - Adding key: http://0.0.0.0:4723 for channel [id: 0xac19b5dd, L:/127.0.0.1:62239 - R:/127.0.0.1:4723]
10:01:31.216 [Forwarding isElementDisplayed on session d4d46599-2f4f-4592-b2dd-34fedc871b23 to remote] DEBUG org.asynchttpclient.netty.request.NettyRequestSender - Using pooled Channel '[id: 0xac19b5dd, L:/127.0.0.1:62239 - R:/127.0.0.1:4723]' for 'GET' to 'http://0.0.0.0:4723/wd/hub/session/d4d46599-2f4f-4592-b2dd-34fedc871b23/element/00000000-0000-0535-0000-000700000003/displayed'
10:01:31.216 [Forwarding isElementDisplayed on session d4d46599-2f4f-4592-b2dd-34fedc871b23 to remote] DEBUG org.asynchttpclient.netty.request.NettyRequestSender - Using open Channel [id: 0xac19b5dd, L:/127.0.0.1:62239 - R:/127.0.0.1:4723] for GET '/wd/hub/session/d4d46599-2f4f-4592-b2dd-34fedc871b23/element/00000000-0000-0535-0000-000700000003/displayed'
10:01:31.242 [AsyncHttpClient-1-2] DEBUG org.asynchttpclient.netty.handler.HttpHandler - 

Request DefaultFullHttpRequest(decodeResult: success, version: HTTP/1.1, content: EmptyByteBufBE)
GET /wd/hub/session/d4d46599-2f4f-4592-b2dd-34fedc871b23/element/00000000-0000-0535-0000-000700000003/displayed HTTP/1.1
User-Agent: appium/8.3.0 (selenium/4.8.1 (java windows))
Cache-Control: no-cache
Content-Type: application/json; charset=utf-8
host: 0.0.0.0:4723
accept: */*

Response DefaultHttpResponse(decodeResult: success, version: HTTP/1.1)
HTTP/1.1 200 OK
X-Powered-By: Express
Content-Type: application/json; charset=utf-8
Content-Length: 14
ETag: W/"e-2ZHvAWebNQpyjGZTg6uyV8/spTo"
Date: Sat, 06 May 2023 03:01:31 GMT
Connection: keep-alive
Keep-Alive: timeout=600

10:01:31.243 [AsyncHttpClient-1-2] DEBUG org.asynchttpclient.netty.channel.ChannelManager - Adding key: http://0.0.0.0:4723 for channel [id: 0xac19b5dd, L:/127.0.0.1:62239 - R:/127.0.0.1:4723]
10:01:31.246 [Forwarding isElementDisplayed on session d4d46599-2f4f-4592-b2dd-34fedc871b23 to remote] DEBUG org.asynchttpclient.netty.request.NettyRequestSender - Using pooled Channel '[id: 0xac19b5dd, L:/127.0.0.1:62239 - R:/127.0.0.1:4723]' for 'GET' to 'http://0.0.0.0:4723/wd/hub/session/d4d46599-2f4f-4592-b2dd-34fedc871b23/element/00000000-0000-0535-0000-000700000003/displayed'
10:01:31.246 [Forwarding isElementDisplayed on session d4d46599-2f4f-4592-b2dd-34fedc871b23 to remote] DEBUG org.asynchttpclient.netty.request.NettyRequestSender - Using open Channel [id: 0xac19b5dd, L:/127.0.0.1:62239 - R:/127.0.0.1:4723] for GET '/wd/hub/session/d4d46599-2f4f-4592-b2dd-34fedc871b23/element/00000000-0000-0535-0000-000700000003/displayed'
10:01:31.269 [AsyncHttpClient-1-2] DEBUG org.asynchttpclient.netty.handler.HttpHandler - 

Request DefaultFullHttpRequest(decodeResult: success, version: HTTP/1.1, content: EmptyByteBufBE)
GET /wd/hub/session/d4d46599-2f4f-4592-b2dd-34fedc871b23/element/00000000-0000-0535-0000-000700000003/displayed HTTP/1.1
User-Agent: appium/8.3.0 (selenium/4.8.1 (java windows))
Cache-Control: no-cache
Content-Type: application/json; charset=utf-8
host: 0.0.0.0:4723
accept: */*

Response DefaultHttpResponse(decodeResult: success, version: HTTP/1.1)
HTTP/1.1 200 OK
X-Powered-By: Express
Content-Type: application/json; charset=utf-8
Content-Length: 14
ETag: W/"e-2ZHvAWebNQpyjGZTg6uyV8/spTo"
Date: Sat, 06 May 2023 03:01:31 GMT
Connection: keep-alive
Keep-Alive: timeout=600

10:01:31.270 [AsyncHttpClient-1-2] DEBUG org.asynchttpclient.netty.channel.ChannelManager - Adding key: http://0.0.0.0:4723 for channel [id: 0xac19b5dd, L:/127.0.0.1:62239 - R:/127.0.0.1:4723]
10:01:31.277 [main] DEBUG net.thucydides.core.steps.StepInterceptor - STEP DONE: onHomepageAltaShop
]]></system-out>
    <system-err><![CDATA[SLF4J: Class path contains multiple SLF4J bindings.
SLF4J: Found binding in [jar:file:/C:/Users/HP/.m2/repository/ch/qos/logback/logback-classic/1.2.10/logback-classic-1.2.10.jar!/org/slf4j/impl/StaticLoggerBinder.class]
SLF4J: Found binding in [jar:file:/C:/Users/HP/.m2/repository/org/slf4j/slf4j-simple/1.7.7/slf4j-simple-1.7.7.jar!/org/slf4j/impl/StaticLoggerBinder.class]
SLF4J: See http://www.slf4j.org/codes.html#multiple_bindings for an explanation.
SLF4J: Actual binding is of type [ch.qos.logback.classic.util.ContextSelectorStaticBinder]
]]></system-err>
  </testcase>
  <testcase name="user click login button for login feature" classname="user tidak dapat login menggunakan akun yang belum terdaftar" time="0.304">
    <system-out><![CDATA[10:01:31.307 [main] DEBUG net.thucydides.core.steps.StepInterceptor - STARTING STEP: LoginSteps.userClickLoginButtonForLoginFeature - clickButtonLogin
10:01:31.314 [Forwarding findElement on session d4d46599-2f4f-4592-b2dd-34fedc871b23 to remote] DEBUG org.asynchttpclient.netty.request.NettyRequestSender - Using pooled Channel '[id: 0xac19b5dd, L:/127.0.0.1:62239 - R:/127.0.0.1:4723]' for 'POST' to 'http://0.0.0.0:4723/wd/hub/session/d4d46599-2f4f-4592-b2dd-34fedc871b23/element'
10:01:31.314 [Forwarding findElement on session d4d46599-2f4f-4592-b2dd-34fedc871b23 to remote] DEBUG org.asynchttpclient.netty.request.NettyRequestSender - Using open Channel [id: 0xac19b5dd, L:/127.0.0.1:62239 - R:/127.0.0.1:4723] for POST '/wd/hub/session/d4d46599-2f4f-4592-b2dd-34fedc871b23/element'
10:01:31.414 [AsyncHttpClient-1-2] DEBUG org.asynchttpclient.netty.handler.HttpHandler - 

Request DefaultHttpRequest(decodeResult: success, version: HTTP/1.1)
POST /wd/hub/session/d4d46599-2f4f-4592-b2dd-34fedc871b23/element HTTP/1.1
User-Agent: appium/8.3.0 (selenium/4.8.1 (java windows))
Content-Length: 326
Content-Type: application/json; charset=utf-8
host: 0.0.0.0:4723
accept: */*

Response DefaultHttpResponse(decodeResult: success, version: HTTP/1.1)
HTTP/1.1 200 OK
X-Powered-By: Express
Vary: X-HTTP-Method-Override
Content-Type: application/json; charset=utf-8
Content-Length: 137
ETag: W/"89-BUXbIB/3i8J5OC3GvNXv0a9dUcI"
Date: Sat, 06 May 2023 03:01:31 GMT
Connection: keep-alive
Keep-Alive: timeout=600

10:01:31.415 [AsyncHttpClient-1-2] DEBUG org.asynchttpclient.netty.channel.ChannelManager - Adding key: http://0.0.0.0:4723 for channel [id: 0xac19b5dd, L:/127.0.0.1:62239 - R:/127.0.0.1:4723]
10:01:31.419 [Forwarding isElementDisplayed on session d4d46599-2f4f-4592-b2dd-34fedc871b23 to remote] DEBUG org.asynchttpclient.netty.request.NettyRequestSender - Using pooled Channel '[id: 0xac19b5dd, L:/127.0.0.1:62239 - R:/127.0.0.1:4723]' for 'GET' to 'http://0.0.0.0:4723/wd/hub/session/d4d46599-2f4f-4592-b2dd-34fedc871b23/element/00000000-0000-0535-0000-000700000003/displayed'
10:01:31.419 [Forwarding isElementDisplayed on session d4d46599-2f4f-4592-b2dd-34fedc871b23 to remote] DEBUG org.asynchttpclient.netty.request.NettyRequestSender - Using open Channel [id: 0xac19b5dd, L:/127.0.0.1:62239 - R:/127.0.0.1:4723] for GET '/wd/hub/session/d4d46599-2f4f-4592-b2dd-34fedc871b23/element/00000000-0000-0535-0000-000700000003/displayed'
10:01:31.456 [AsyncHttpClient-1-2] DEBUG org.asynchttpclient.netty.handler.HttpHandler - 

Request DefaultFullHttpRequest(decodeResult: success, version: HTTP/1.1, content: EmptyByteBufBE)
GET /wd/hub/session/d4d46599-2f4f-4592-b2dd-34fedc871b23/element/00000000-0000-0535-0000-000700000003/displayed HTTP/1.1
User-Agent: appium/8.3.0 (selenium/4.8.1 (java windows))
Cache-Control: no-cache
Content-Type: application/json; charset=utf-8
host: 0.0.0.0:4723
accept: */*

Response DefaultHttpResponse(decodeResult: success, version: HTTP/1.1)
HTTP/1.1 200 OK
X-Powered-By: Express
Content-Type: application/json; charset=utf-8
Content-Length: 14
ETag: W/"e-2ZHvAWebNQpyjGZTg6uyV8/spTo"
Date: Sat, 06 May 2023 03:01:31 GMT
Connection: keep-alive
Keep-Alive: timeout=600

10:01:31.456 [AsyncHttpClient-1-2] DEBUG org.asynchttpclient.netty.channel.ChannelManager - Adding key: http://0.0.0.0:4723 for channel [id: 0xac19b5dd, L:/127.0.0.1:62239 - R:/127.0.0.1:4723]
10:01:31.460 [Forwarding isElementEnabled on session d4d46599-2f4f-4592-b2dd-34fedc871b23 to remote] DEBUG org.asynchttpclient.netty.request.NettyRequestSender - Using pooled Channel '[id: 0xac19b5dd, L:/127.0.0.1:62239 - R:/127.0.0.1:4723]' for 'GET' to 'http://0.0.0.0:4723/wd/hub/session/d4d46599-2f4f-4592-b2dd-34fedc871b23/element/00000000-0000-0535-0000-000700000003/enabled'
10:01:31.460 [Forwarding isElementEnabled on session d4d46599-2f4f-4592-b2dd-34fedc871b23 to remote] DEBUG org.asynchttpclient.netty.request.NettyRequestSender - Using open Channel [id: 0xac19b5dd, L:/127.0.0.1:62239 - R:/127.0.0.1:4723] for GET '/wd/hub/session/d4d46599-2f4f-4592-b2dd-34fedc871b23/element/00000000-0000-0535-0000-000700000003/enabled'
10:01:31.493 [AsyncHttpClient-1-2] DEBUG org.asynchttpclient.netty.handler.HttpHandler - 

Request DefaultFullHttpRequest(decodeResult: success, version: HTTP/1.1, content: EmptyByteBufBE)
GET /wd/hub/session/d4d46599-2f4f-4592-b2dd-34fedc871b23/element/00000000-0000-0535-0000-000700000003/enabled HTTP/1.1
User-Agent: appium/8.3.0 (selenium/4.8.1 (java windows))
Cache-Control: no-cache
Content-Type: application/json; charset=utf-8
host: 0.0.0.0:4723
accept: */*

Response DefaultHttpResponse(decodeResult: success, version: HTTP/1.1)
HTTP/1.1 200 OK
X-Powered-By: Express
Content-Type: application/json; charset=utf-8
Content-Length: 14
ETag: W/"e-2ZHvAWebNQpyjGZTg6uyV8/spTo"
Date: Sat, 06 May 2023 03:01:31 GMT
Connection: keep-alive
Keep-Alive: timeout=600

10:01:31.494 [AsyncHttpClient-1-2] DEBUG org.asynchttpclient.netty.channel.ChannelManager - Adding key: http://0.0.0.0:4723 for channel [id: 0xac19b5dd, L:/127.0.0.1:62239 - R:/127.0.0.1:4723]
10:01:31.500 [Forwarding clickElement on session d4d46599-2f4f-4592-b2dd-34fedc871b23 to remote] DEBUG org.asynchttpclient.netty.request.NettyRequestSender - Using pooled Channel '[id: 0xac19b5dd, L:/127.0.0.1:62239 - R:/127.0.0.1:4723]' for 'POST' to 'http://0.0.0.0:4723/wd/hub/session/d4d46599-2f4f-4592-b2dd-34fedc871b23/element/00000000-0000-0535-0000-000700000003/click'
10:01:31.500 [Forwarding clickElement on session d4d46599-2f4f-4592-b2dd-34fedc871b23 to remote] DEBUG org.asynchttpclient.netty.request.NettyRequestSender - Using open Channel [id: 0xac19b5dd, L:/127.0.0.1:62239 - R:/127.0.0.1:4723] for POST '/wd/hub/session/d4d46599-2f4f-4592-b2dd-34fedc871b23/element/00000000-0000-0535-0000-000700000003/click'
10:01:31.599 [AsyncHttpClient-1-2] DEBUG org.asynchttpclient.netty.handler.HttpHandler - 

Request DefaultHttpRequest(decodeResult: success, version: HTTP/1.1)
POST /wd/hub/session/d4d46599-2f4f-4592-b2dd-34fedc871b23/element/00000000-0000-0535-0000-000700000003/click HTTP/1.1
User-Agent: appium/8.3.0 (selenium/4.8.1 (java windows))
Content-Length: 50
Content-Type: application/json; charset=utf-8
host: 0.0.0.0:4723
accept: */*

Response DefaultHttpResponse(decodeResult: success, version: HTTP/1.1)
HTTP/1.1 200 OK
X-Powered-By: Express
Vary: X-HTTP-Method-Override
Content-Type: application/json; charset=utf-8
Content-Length: 14
ETag: W/"e-9/1BuKMgFObM1mWJm+YjxtXJnUM"
Date: Sat, 06 May 2023 03:01:31 GMT
Connection: keep-alive
Keep-Alive: timeout=600

10:01:31.600 [AsyncHttpClient-1-2] DEBUG org.asynchttpclient.netty.channel.ChannelManager - Adding key: http://0.0.0.0:4723 for channel [id: 0xac19b5dd, L:/127.0.0.1:62239 - R:/127.0.0.1:4723]
10:01:31.602 [main] DEBUG net.thucydides.core.steps.StepInterceptor - STEP DONE: clickButtonLogin
]]></system-out>
  </testcase>
  <testcase name="user input email for login feature" classname="user tidak dapat login menggunakan akun yang belum terdaftar" time="2.444">
    <system-out><![CDATA[10:01:31.621 [main] DEBUG net.thucydides.core.steps.StepInterceptor - STARTING STEP: LoginSteps.userInputEmailForLoginFeature - inputEmail
10:01:31.632 [Forwarding findElement on session d4d46599-2f4f-4592-b2dd-34fedc871b23 to remote] DEBUG org.asynchttpclient.netty.request.NettyRequestSender - Using pooled Channel '[id: 0xac19b5dd, L:/127.0.0.1:62239 - R:/127.0.0.1:4723]' for 'POST' to 'http://0.0.0.0:4723/wd/hub/session/d4d46599-2f4f-4592-b2dd-34fedc871b23/element'
10:01:31.633 [Forwarding findElement on session d4d46599-2f4f-4592-b2dd-34fedc871b23 to remote] DEBUG org.asynchttpclient.netty.request.NettyRequestSender - Using open Channel [id: 0xac19b5dd, L:/127.0.0.1:62239 - R:/127.0.0.1:4723] for POST '/wd/hub/session/d4d46599-2f4f-4592-b2dd-34fedc871b23/element'
10:01:32.423 [AsyncHttpClient-1-2] DEBUG org.asynchttpclient.netty.handler.HttpHandler - 

Request DefaultHttpRequest(decodeResult: success, version: HTTP/1.1)
POST /wd/hub/session/d4d46599-2f4f-4592-b2dd-34fedc871b23/element HTTP/1.1
User-Agent: appium/8.3.0 (selenium/4.8.1 (java windows))
Content-Length: 305
Content-Type: application/json; charset=utf-8
host: 0.0.0.0:4723
accept: */*

Response DefaultHttpResponse(decodeResult: success, version: HTTP/1.1)
HTTP/1.1 200 OK
X-Powered-By: Express
Vary: X-HTTP-Method-Override
Content-Type: application/json; charset=utf-8
Content-Length: 137
ETag: W/"89-BMfOmDT44OLSVrOAHUs1AdjMK5M"
Date: Sat, 06 May 2023 03:01:32 GMT
Connection: keep-alive
Keep-Alive: timeout=600

10:01:32.423 [AsyncHttpClient-1-2] DEBUG org.asynchttpclient.netty.channel.ChannelManager - Adding key: http://0.0.0.0:4723 for channel [id: 0xac19b5dd, L:/127.0.0.1:62239 - R:/127.0.0.1:4723]
10:01:32.425 [Forwarding isElementDisplayed on session d4d46599-2f4f-4592-b2dd-34fedc871b23 to remote] DEBUG org.asynchttpclient.netty.request.NettyRequestSender - Using pooled Channel '[id: 0xac19b5dd, L:/127.0.0.1:62239 - R:/127.0.0.1:4723]' for 'GET' to 'http://0.0.0.0:4723/wd/hub/session/d4d46599-2f4f-4592-b2dd-34fedc871b23/element/00000000-0000-0535-0000-002300000003/displayed'
10:01:32.425 [Forwarding isElementDisplayed on session d4d46599-2f4f-4592-b2dd-34fedc871b23 to remote] DEBUG org.asynchttpclient.netty.request.NettyRequestSender - Using open Channel [id: 0xac19b5dd, L:/127.0.0.1:62239 - R:/127.0.0.1:4723] for GET '/wd/hub/session/d4d46599-2f4f-4592-b2dd-34fedc871b23/element/00000000-0000-0535-0000-002300000003/displayed'
10:01:32.454 [AsyncHttpClient-1-2] DEBUG org.asynchttpclient.netty.handler.HttpHandler - 

Request DefaultFullHttpRequest(decodeResult: success, version: HTTP/1.1, content: EmptyByteBufBE)
GET /wd/hub/session/d4d46599-2f4f-4592-b2dd-34fedc871b23/element/00000000-0000-0535-0000-002300000003/displayed HTTP/1.1
User-Agent: appium/8.3.0 (selenium/4.8.1 (java windows))
Cache-Control: no-cache
Content-Type: application/json; charset=utf-8
host: 0.0.0.0:4723
accept: */*

Response DefaultHttpResponse(decodeResult: success, version: HTTP/1.1)
HTTP/1.1 200 OK
X-Powered-By: Express
Content-Type: application/json; charset=utf-8
Content-Length: 14
ETag: W/"e-2ZHvAWebNQpyjGZTg6uyV8/spTo"
Date: Sat, 06 May 2023 03:01:32 GMT
Connection: keep-alive
Keep-Alive: timeout=600

10:01:32.455 [AsyncHttpClient-1-2] DEBUG org.asynchttpclient.netty.channel.ChannelManager - Adding key: http://0.0.0.0:4723 for channel [id: 0xac19b5dd, L:/127.0.0.1:62239 - R:/127.0.0.1:4723]
10:01:32.457 [Forwarding isElementEnabled on session d4d46599-2f4f-4592-b2dd-34fedc871b23 to remote] DEBUG org.asynchttpclient.netty.request.NettyRequestSender - Using pooled Channel '[id: 0xac19b5dd, L:/127.0.0.1:62239 - R:/127.0.0.1:4723]' for 'GET' to 'http://0.0.0.0:4723/wd/hub/session/d4d46599-2f4f-4592-b2dd-34fedc871b23/element/00000000-0000-0535-0000-002300000003/enabled'
10:01:32.457 [Forwarding isElementEnabled on session d4d46599-2f4f-4592-b2dd-34fedc871b23 to remote] DEBUG org.asynchttpclient.netty.request.NettyRequestSender - Using open Channel [id: 0xac19b5dd, L:/127.0.0.1:62239 - R:/127.0.0.1:4723] for GET '/wd/hub/session/d4d46599-2f4f-4592-b2dd-34fedc871b23/element/00000000-0000-0535-0000-002300000003/enabled'
10:01:32.484 [AsyncHttpClient-1-2] DEBUG org.asynchttpclient.netty.handler.HttpHandler - 

Request DefaultFullHttpRequest(decodeResult: success, version: HTTP/1.1, content: EmptyByteBufBE)
GET /wd/hub/session/d4d46599-2f4f-4592-b2dd-34fedc871b23/element/00000000-0000-0535-0000-002300000003/enabled HTTP/1.1
User-Agent: appium/8.3.0 (selenium/4.8.1 (java windows))
Cache-Control: no-cache
Content-Type: application/json; charset=utf-8
host: 0.0.0.0:4723
accept: */*

Response DefaultHttpResponse(decodeResult: success, version: HTTP/1.1)
HTTP/1.1 200 OK
X-Powered-By: Express
Content-Type: application/json; charset=utf-8
Content-Length: 14
ETag: W/"e-2ZHvAWebNQpyjGZTg6uyV8/spTo"
Date: Sat, 06 May 2023 03:01:32 GMT
Connection: keep-alive
Keep-Alive: timeout=600

10:01:32.486 [AsyncHttpClient-1-2] DEBUG org.asynchttpclient.netty.channel.ChannelManager - Adding key: http://0.0.0.0:4723 for channel [id: 0xac19b5dd, L:/127.0.0.1:62239 - R:/127.0.0.1:4723]
10:01:32.488 [Forwarding clickElement on session d4d46599-2f4f-4592-b2dd-34fedc871b23 to remote] DEBUG org.asynchttpclient.netty.request.NettyRequestSender - Using pooled Channel '[id: 0xac19b5dd, L:/127.0.0.1:62239 - R:/127.0.0.1:4723]' for 'POST' to 'http://0.0.0.0:4723/wd/hub/session/d4d46599-2f4f-4592-b2dd-34fedc871b23/element/00000000-0000-0535-0000-002300000003/click'
10:01:32.489 [Forwarding clickElement on session d4d46599-2f4f-4592-b2dd-34fedc871b23 to remote] DEBUG org.asynchttpclient.netty.request.NettyRequestSender - Using open Channel [id: 0xac19b5dd, L:/127.0.0.1:62239 - R:/127.0.0.1:4723] for POST '/wd/hub/session/d4d46599-2f4f-4592-b2dd-34fedc871b23/element/00000000-0000-0535-0000-002300000003/click'
10:01:32.572 [AsyncHttpClient-1-2] DEBUG org.asynchttpclient.netty.handler.HttpHandler - 

Request DefaultHttpRequest(decodeResult: success, version: HTTP/1.1)
POST /wd/hub/session/d4d46599-2f4f-4592-b2dd-34fedc871b23/element/00000000-0000-0535-0000-002300000003/click HTTP/1.1
User-Agent: appium/8.3.0 (selenium/4.8.1 (java windows))
Content-Length: 50
Content-Type: application/json; charset=utf-8
host: 0.0.0.0:4723
accept: */*

Response DefaultHttpResponse(decodeResult: success, version: HTTP/1.1)
HTTP/1.1 200 OK
X-Powered-By: Express
Vary: X-HTTP-Method-Override
Content-Type: application/json; charset=utf-8
Content-Length: 14
ETag: W/"e-9/1BuKMgFObM1mWJm+YjxtXJnUM"
Date: Sat, 06 May 2023 03:01:32 GMT
Connection: keep-alive
Keep-Alive: timeout=600

10:01:32.573 [AsyncHttpClient-1-2] DEBUG org.asynchttpclient.netty.channel.ChannelManager - Adding key: http://0.0.0.0:4723 for channel [id: 0xac19b5dd, L:/127.0.0.1:62239 - R:/127.0.0.1:4723]
10:01:32.599 [Forwarding findElement on session d4d46599-2f4f-4592-b2dd-34fedc871b23 to remote] DEBUG org.asynchttpclient.netty.request.NettyRequestSender - Using pooled Channel '[id: 0xac19b5dd, L:/127.0.0.1:62239 - R:/127.0.0.1:4723]' for 'POST' to 'http://0.0.0.0:4723/wd/hub/session/d4d46599-2f4f-4592-b2dd-34fedc871b23/element'
10:01:32.599 [Forwarding findElement on session d4d46599-2f4f-4592-b2dd-34fedc871b23 to remote] DEBUG org.asynchttpclient.netty.request.NettyRequestSender - Using open Channel [id: 0xac19b5dd, L:/127.0.0.1:62239 - R:/127.0.0.1:4723] for POST '/wd/hub/session/d4d46599-2f4f-4592-b2dd-34fedc871b23/element'
10:01:33.944 [AsyncHttpClient-1-2] DEBUG org.asynchttpclient.netty.handler.HttpHandler - 

Request DefaultHttpRequest(decodeResult: success, version: HTTP/1.1)
POST /wd/hub/session/d4d46599-2f4f-4592-b2dd-34fedc871b23/element HTTP/1.1
User-Agent: appium/8.3.0 (selenium/4.8.1 (java windows))
Content-Length: 305
Content-Type: application/json; charset=utf-8
host: 0.0.0.0:4723
accept: */*

Response DefaultHttpResponse(decodeResult: success, version: HTTP/1.1)
HTTP/1.1 200 OK
X-Powered-By: Express
Vary: X-HTTP-Method-Override
Content-Type: application/json; charset=utf-8
Content-Length: 137
ETag: W/"89-BMfOmDT44OLSVrOAHUs1AdjMK5M"
Date: Sat, 06 May 2023 03:01:33 GMT
Connection: keep-alive
Keep-Alive: timeout=600

10:01:33.945 [AsyncHttpClient-1-2] DEBUG org.asynchttpclient.netty.channel.ChannelManager - Adding key: http://0.0.0.0:4723 for channel [id: 0xac19b5dd, L:/127.0.0.1:62239 - R:/127.0.0.1:4723]
10:01:33.963 [Forwarding sendKeysToElement on session d4d46599-2f4f-4592-b2dd-34fedc871b23 to remote] DEBUG org.asynchttpclient.netty.request.NettyRequestSender - Using pooled Channel '[id: 0xac19b5dd, L:/127.0.0.1:62239 - R:/127.0.0.1:4723]' for 'POST' to 'http://0.0.0.0:4723/wd/hub/session/d4d46599-2f4f-4592-b2dd-34fedc871b23/element/00000000-0000-0535-0000-002300000003/value'
10:01:33.964 [Forwarding sendKeysToElement on session d4d46599-2f4f-4592-b2dd-34fedc871b23 to remote] DEBUG org.asynchttpclient.netty.request.NettyRequestSender - Using open Channel [id: 0xac19b5dd, L:/127.0.0.1:62239 - R:/127.0.0.1:4723] for POST '/wd/hub/session/d4d46599-2f4f-4592-b2dd-34fedc871b23/element/00000000-0000-0535-0000-002300000003/value'
10:01:34.042 [AsyncHttpClient-1-2] DEBUG org.asynchttpclient.netty.handler.HttpHandler - 

Request DefaultHttpRequest(decodeResult: success, version: HTTP/1.1)
POST /wd/hub/session/d4d46599-2f4f-4592-b2dd-34fedc871b23/element/00000000-0000-0535-0000-002300000003/value HTTP/1.1
User-Agent: appium/8.3.0 (selenium/4.8.1 (java windows))
Content-Length: 361
Content-Type: application/json; charset=utf-8
host: 0.0.0.0:4723
accept: */*

Response DefaultHttpResponse(decodeResult: success, version: HTTP/1.1)
HTTP/1.1 200 OK
X-Powered-By: Express
Vary: X-HTTP-Method-Override
Content-Type: application/json; charset=utf-8
Content-Length: 14
ETag: W/"e-9/1BuKMgFObM1mWJm+YjxtXJnUM"
Date: Sat, 06 May 2023 03:01:34 GMT
Connection: keep-alive
Keep-Alive: timeout=600

10:01:34.043 [AsyncHttpClient-1-2] DEBUG org.asynchttpclient.netty.channel.ChannelManager - Adding key: http://0.0.0.0:4723 for channel [id: 0xac19b5dd, L:/127.0.0.1:62239 - R:/127.0.0.1:4723]
10:01:34.053 [main] DEBUG net.thucydides.core.steps.StepInterceptor - STEP DONE: inputEmail
]]></system-out>
  </testcase>
  <testcase name="user input password for login feature" classname="user tidak dapat login menggunakan akun yang belum terdaftar" time="1.529">
    <system-out><![CDATA[10:01:34.108 [main] DEBUG net.thucydides.core.steps.StepInterceptor - STARTING STEP: LoginSteps.userInputPasswordForLoginFeature - inputPassword
10:01:34.115 [Forwarding findElement on session d4d46599-2f4f-4592-b2dd-34fedc871b23 to remote] DEBUG org.asynchttpclient.netty.request.NettyRequestSender - Using pooled Channel '[id: 0xac19b5dd, L:/127.0.0.1:62239 - R:/127.0.0.1:4723]' for 'POST' to 'http://0.0.0.0:4723/wd/hub/session/d4d46599-2f4f-4592-b2dd-34fedc871b23/element'
10:01:34.116 [Forwarding findElement on session d4d46599-2f4f-4592-b2dd-34fedc871b23 to remote] DEBUG org.asynchttpclient.netty.request.NettyRequestSender - Using open Channel [id: 0xac19b5dd, L:/127.0.0.1:62239 - R:/127.0.0.1:4723] for POST '/wd/hub/session/d4d46599-2f4f-4592-b2dd-34fedc871b23/element'
10:01:34.617 [AsyncHttpClient-1-2] DEBUG org.asynchttpclient.netty.handler.HttpHandler - 

Request DefaultHttpRequest(decodeResult: success, version: HTTP/1.1)
POST /wd/hub/session/d4d46599-2f4f-4592-b2dd-34fedc871b23/element HTTP/1.1
User-Agent: appium/8.3.0 (selenium/4.8.1 (java windows))
Content-Length: 305
Content-Type: application/json; charset=utf-8
host: 0.0.0.0:4723
accept: */*

Response DefaultHttpResponse(decodeResult: success, version: HTTP/1.1)
HTTP/1.1 200 OK
X-Powered-By: Express
Vary: X-HTTP-Method-Override
Content-Type: application/json; charset=utf-8
Content-Length: 137
ETag: W/"89-VjdC40tPyvLdCa6lqE6m+XB4jRs"
Date: Sat, 06 May 2023 03:01:34 GMT
Connection: keep-alive
Keep-Alive: timeout=600

10:01:34.619 [AsyncHttpClient-1-2] DEBUG org.asynchttpclient.netty.channel.ChannelManager - Adding key: http://0.0.0.0:4723 for channel [id: 0xac19b5dd, L:/127.0.0.1:62239 - R:/127.0.0.1:4723]
10:01:34.623 [Forwarding isElementDisplayed on session d4d46599-2f4f-4592-b2dd-34fedc871b23 to remote] DEBUG org.asynchttpclient.netty.request.NettyRequestSender - Using pooled Channel '[id: 0xac19b5dd, L:/127.0.0.1:62239 - R:/127.0.0.1:4723]' for 'GET' to 'http://0.0.0.0:4723/wd/hub/session/d4d46599-2f4f-4592-b2dd-34fedc871b23/element/00000000-0000-0535-0000-002400000003/displayed'
10:01:34.623 [Forwarding isElementDisplayed on session d4d46599-2f4f-4592-b2dd-34fedc871b23 to remote] DEBUG org.asynchttpclient.netty.request.NettyRequestSender - Using open Channel [id: 0xac19b5dd, L:/127.0.0.1:62239 - R:/127.0.0.1:4723] for GET '/wd/hub/session/d4d46599-2f4f-4592-b2dd-34fedc871b23/element/00000000-0000-0535-0000-002400000003/displayed'
10:01:34.650 [AsyncHttpClient-1-2] DEBUG org.asynchttpclient.netty.handler.HttpHandler - 

Request DefaultFullHttpRequest(decodeResult: success, version: HTTP/1.1, content: EmptyByteBufBE)
GET /wd/hub/session/d4d46599-2f4f-4592-b2dd-34fedc871b23/element/00000000-0000-0535-0000-002400000003/displayed HTTP/1.1
User-Agent: appium/8.3.0 (selenium/4.8.1 (java windows))
Cache-Control: no-cache
Content-Type: application/json; charset=utf-8
host: 0.0.0.0:4723
accept: */*

Response DefaultHttpResponse(decodeResult: success, version: HTTP/1.1)
HTTP/1.1 200 OK
X-Powered-By: Express
Content-Type: application/json; charset=utf-8
Content-Length: 14
ETag: W/"e-2ZHvAWebNQpyjGZTg6uyV8/spTo"
Date: Sat, 06 May 2023 03:01:34 GMT
Connection: keep-alive
Keep-Alive: timeout=600

10:01:34.651 [AsyncHttpClient-1-2] DEBUG org.asynchttpclient.netty.channel.ChannelManager - Adding key: http://0.0.0.0:4723 for channel [id: 0xac19b5dd, L:/127.0.0.1:62239 - R:/127.0.0.1:4723]
10:01:34.656 [Forwarding isElementEnabled on session d4d46599-2f4f-4592-b2dd-34fedc871b23 to remote] DEBUG org.asynchttpclient.netty.request.NettyRequestSender - Using pooled Channel '[id: 0xac19b5dd, L:/127.0.0.1:62239 - R:/127.0.0.1:4723]' for 'GET' to 'http://0.0.0.0:4723/wd/hub/session/d4d46599-2f4f-4592-b2dd-34fedc871b23/element/00000000-0000-0535-0000-002400000003/enabled'
10:01:34.656 [Forwarding isElementEnabled on session d4d46599-2f4f-4592-b2dd-34fedc871b23 to remote] DEBUG org.asynchttpclient.netty.request.NettyRequestSender - Using open Channel [id: 0xac19b5dd, L:/127.0.0.1:62239 - R:/127.0.0.1:4723] for GET '/wd/hub/session/d4d46599-2f4f-4592-b2dd-34fedc871b23/element/00000000-0000-0535-0000-002400000003/enabled'
10:01:34.694 [AsyncHttpClient-1-2] DEBUG org.asynchttpclient.netty.handler.HttpHandler - 

Request DefaultFullHttpRequest(decodeResult: success, version: HTTP/1.1, content: EmptyByteBufBE)
GET /wd/hub/session/d4d46599-2f4f-4592-b2dd-34fedc871b23/element/00000000-0000-0535-0000-002400000003/enabled HTTP/1.1
User-Agent: appium/8.3.0 (selenium/4.8.1 (java windows))
Cache-Control: no-cache
Content-Type: application/json; charset=utf-8
host: 0.0.0.0:4723
accept: */*

Response DefaultHttpResponse(decodeResult: success, version: HTTP/1.1)
HTTP/1.1 200 OK
X-Powered-By: Express
Content-Type: application/json; charset=utf-8
Content-Length: 14
ETag: W/"e-2ZHvAWebNQpyjGZTg6uyV8/spTo"
Date: Sat, 06 May 2023 03:01:34 GMT
Connection: keep-alive
Keep-Alive: timeout=600

10:01:34.694 [AsyncHttpClient-1-2] DEBUG org.asynchttpclient.netty.channel.ChannelManager - Adding key: http://0.0.0.0:4723 for channel [id: 0xac19b5dd, L:/127.0.0.1:62239 - R:/127.0.0.1:4723]
10:01:34.698 [Forwarding clickElement on session d4d46599-2f4f-4592-b2dd-34fedc871b23 to remote] DEBUG org.asynchttpclient.netty.request.NettyRequestSender - Using pooled Channel '[id: 0xac19b5dd, L:/127.0.0.1:62239 - R:/127.0.0.1:4723]' for 'POST' to 'http://0.0.0.0:4723/wd/hub/session/d4d46599-2f4f-4592-b2dd-34fedc871b23/element/00000000-0000-0535-0000-002400000003/click'
10:01:34.698 [Forwarding clickElement on session d4d46599-2f4f-4592-b2dd-34fedc871b23 to remote] DEBUG org.asynchttpclient.netty.request.NettyRequestSender - Using open Channel [id: 0xac19b5dd, L:/127.0.0.1:62239 - R:/127.0.0.1:4723] for POST '/wd/hub/session/d4d46599-2f4f-4592-b2dd-34fedc871b23/element/00000000-0000-0535-0000-002400000003/click'
10:01:35.489 [AsyncHttpClient-1-2] DEBUG org.asynchttpclient.netty.handler.HttpHandler - 

Request DefaultHttpRequest(decodeResult: success, version: HTTP/1.1)
POST /wd/hub/session/d4d46599-2f4f-4592-b2dd-34fedc871b23/element/00000000-0000-0535-0000-002400000003/click HTTP/1.1
User-Agent: appium/8.3.0 (selenium/4.8.1 (java windows))
Content-Length: 50
Content-Type: application/json; charset=utf-8
host: 0.0.0.0:4723
accept: */*

Response DefaultHttpResponse(decodeResult: success, version: HTTP/1.1)
HTTP/1.1 200 OK
X-Powered-By: Express
Vary: X-HTTP-Method-Override
Content-Type: application/json; charset=utf-8
Content-Length: 14
ETag: W/"e-9/1BuKMgFObM1mWJm+YjxtXJnUM"
Date: Sat, 06 May 2023 03:01:35 GMT
Connection: keep-alive
Keep-Alive: timeout=600

10:01:35.490 [AsyncHttpClient-1-2] DEBUG org.asynchttpclient.netty.channel.ChannelManager - Adding key: http://0.0.0.0:4723 for channel [id: 0xac19b5dd, L:/127.0.0.1:62239 - R:/127.0.0.1:4723]
10:01:35.494 [Forwarding findElement on session d4d46599-2f4f-4592-b2dd-34fedc871b23 to remote] DEBUG org.asynchttpclient.netty.request.NettyRequestSender - Using pooled Channel '[id: 0xac19b5dd, L:/127.0.0.1:62239 - R:/127.0.0.1:4723]' for 'POST' to 'http://0.0.0.0:4723/wd/hub/session/d4d46599-2f4f-4592-b2dd-34fedc871b23/element'
10:01:35.494 [Forwarding findElement on session d4d46599-2f4f-4592-b2dd-34fedc871b23 to remote] DEBUG org.asynchttpclient.netty.request.NettyRequestSender - Using open Channel [id: 0xac19b5dd, L:/127.0.0.1:62239 - R:/127.0.0.1:4723] for POST '/wd/hub/session/d4d46599-2f4f-4592-b2dd-34fedc871b23/element'
10:01:35.571 [AsyncHttpClient-1-2] DEBUG org.asynchttpclient.netty.handler.HttpHandler - 

Request DefaultHttpRequest(decodeResult: success, version: HTTP/1.1)
POST /wd/hub/session/d4d46599-2f4f-4592-b2dd-34fedc871b23/element HTTP/1.1
User-Agent: appium/8.3.0 (selenium/4.8.1 (java windows))
Content-Length: 305
Content-Type: application/json; charset=utf-8
host: 0.0.0.0:4723
accept: */*

Response DefaultHttpResponse(decodeResult: success, version: HTTP/1.1)
HTTP/1.1 200 OK
X-Powered-By: Express
Vary: X-HTTP-Method-Override
Content-Type: application/json; charset=utf-8
Content-Length: 137
ETag: W/"89-VjdC40tPyvLdCa6lqE6m+XB4jRs"
Date: Sat, 06 May 2023 03:01:35 GMT
Connection: keep-alive
Keep-Alive: timeout=600

10:01:35.572 [AsyncHttpClient-1-2] DEBUG org.asynchttpclient.netty.channel.ChannelManager - Adding key: http://0.0.0.0:4723 for channel [id: 0xac19b5dd, L:/127.0.0.1:62239 - R:/127.0.0.1:4723]
10:01:35.574 [Forwarding sendKeysToElement on session d4d46599-2f4f-4592-b2dd-34fedc871b23 to remote] DEBUG org.asynchttpclient.netty.request.NettyRequestSender - Using pooled Channel '[id: 0xac19b5dd, L:/127.0.0.1:62239 - R:/127.0.0.1:4723]' for 'POST' to 'http://0.0.0.0:4723/wd/hub/session/d4d46599-2f4f-4592-b2dd-34fedc871b23/element/00000000-0000-0535-0000-002400000003/value'
10:01:35.574 [Forwarding sendKeysToElement on session d4d46599-2f4f-4592-b2dd-34fedc871b23 to remote] DEBUG org.asynchttpclient.netty.request.NettyRequestSender - Using open Channel [id: 0xac19b5dd, L:/127.0.0.1:62239 - R:/127.0.0.1:4723] for POST '/wd/hub/session/d4d46599-2f4f-4592-b2dd-34fedc871b23/element/00000000-0000-0535-0000-002400000003/value'
10:01:35.609 [AsyncHttpClient-1-2] DEBUG org.asynchttpclient.netty.handler.HttpHandler - 

Request DefaultHttpRequest(decodeResult: success, version: HTTP/1.1)
POST /wd/hub/session/d4d46599-2f4f-4592-b2dd-34fedc871b23/element/00000000-0000-0535-0000-002400000003/value HTTP/1.1
User-Agent: appium/8.3.0 (selenium/4.8.1 (java windows))
Content-Length: 111
Content-Type: application/json; charset=utf-8
host: 0.0.0.0:4723
accept: */*

Response DefaultHttpResponse(decodeResult: success, version: HTTP/1.1)
HTTP/1.1 200 OK
X-Powered-By: Express
Vary: X-HTTP-Method-Override
Content-Type: application/json; charset=utf-8
Content-Length: 14
ETag: W/"e-9/1BuKMgFObM1mWJm+YjxtXJnUM"
Date: Sat, 06 May 2023 03:01:35 GMT
Connection: keep-alive
Keep-Alive: timeout=600

10:01:35.610 [AsyncHttpClient-1-2] DEBUG org.asynchttpclient.netty.channel.ChannelManager - Adding key: http://0.0.0.0:4723 for channel [id: 0xac19b5dd, L:/127.0.0.1:62239 - R:/127.0.0.1:4723]
10:01:35.615 [main] DEBUG net.thucydides.core.steps.StepInterceptor - STEP DONE: inputPassword
]]></system-out>
  </testcase>
  <testcase name="user click login button again for login feature" classname="user tidak dapat login menggunakan akun yang belum terdaftar" time="1.771">
    <system-out><![CDATA[10:01:35.640 [main] DEBUG net.thucydides.core.steps.StepInterceptor - STARTING STEP: LoginSteps.userClickLoginButtonAgainForLoginFeature - clickButtonLoginSecond
10:01:35.643 [Forwarding findElement on session d4d46599-2f4f-4592-b2dd-34fedc871b23 to remote] DEBUG org.asynchttpclient.netty.request.NettyRequestSender - Using pooled Channel '[id: 0xac19b5dd, L:/127.0.0.1:62239 - R:/127.0.0.1:4723]' for 'POST' to 'http://0.0.0.0:4723/wd/hub/session/d4d46599-2f4f-4592-b2dd-34fedc871b23/element'
10:01:35.644 [Forwarding findElement on session d4d46599-2f4f-4592-b2dd-34fedc871b23 to remote] DEBUG org.asynchttpclient.netty.request.NettyRequestSender - Using open Channel [id: 0xac19b5dd, L:/127.0.0.1:62239 - R:/127.0.0.1:4723] for POST '/wd/hub/session/d4d46599-2f4f-4592-b2dd-34fedc871b23/element'
10:01:36.352 [AsyncHttpClient-1-2] DEBUG org.asynchttpclient.netty.handler.HttpHandler - 

Request DefaultHttpRequest(decodeResult: success, version: HTTP/1.1)
POST /wd/hub/session/d4d46599-2f4f-4592-b2dd-34fedc871b23/element HTTP/1.1
User-Agent: appium/8.3.0 (selenium/4.8.1 (java windows))
Content-Length: 95
Content-Type: application/json; charset=utf-8
host: 0.0.0.0:4723
accept: */*

Response DefaultHttpResponse(decodeResult: success, version: HTTP/1.1)
HTTP/1.1 200 OK
X-Powered-By: Express
Vary: X-HTTP-Method-Override
Content-Type: application/json; charset=utf-8
Content-Length: 137
ETag: W/"89-6cyHw8c9EJEDYZcXYKe+J2zls7c"
Date: Sat, 06 May 2023 03:01:36 GMT
Connection: keep-alive
Keep-Alive: timeout=600

10:01:36.353 [AsyncHttpClient-1-2] DEBUG org.asynchttpclient.netty.channel.ChannelManager - Adding key: http://0.0.0.0:4723 for channel [id: 0xac19b5dd, L:/127.0.0.1:62239 - R:/127.0.0.1:4723]
10:01:36.355 [Forwarding isElementDisplayed on session d4d46599-2f4f-4592-b2dd-34fedc871b23 to remote] DEBUG org.asynchttpclient.netty.request.NettyRequestSender - Using pooled Channel '[id: 0xac19b5dd, L:/127.0.0.1:62239 - R:/127.0.0.1:4723]' for 'GET' to 'http://0.0.0.0:4723/wd/hub/session/d4d46599-2f4f-4592-b2dd-34fedc871b23/element/00000000-0000-0535-0000-002500000003/displayed'
10:01:36.355 [Forwarding isElementDisplayed on session d4d46599-2f4f-4592-b2dd-34fedc871b23 to remote] DEBUG org.asynchttpclient.netty.request.NettyRequestSender - Using open Channel [id: 0xac19b5dd, L:/127.0.0.1:62239 - R:/127.0.0.1:4723] for GET '/wd/hub/session/d4d46599-2f4f-4592-b2dd-34fedc871b23/element/00000000-0000-0535-0000-002500000003/displayed'
10:01:36.381 [AsyncHttpClient-1-2] DEBUG org.asynchttpclient.netty.handler.HttpHandler - 

Request DefaultFullHttpRequest(decodeResult: success, version: HTTP/1.1, content: EmptyByteBufBE)
GET /wd/hub/session/d4d46599-2f4f-4592-b2dd-34fedc871b23/element/00000000-0000-0535-0000-002500000003/displayed HTTP/1.1
User-Agent: appium/8.3.0 (selenium/4.8.1 (java windows))
Cache-Control: no-cache
Content-Type: application/json; charset=utf-8
host: 0.0.0.0:4723
accept: */*

Response DefaultHttpResponse(decodeResult: success, version: HTTP/1.1)
HTTP/1.1 200 OK
X-Powered-By: Express
Content-Type: application/json; charset=utf-8
Content-Length: 14
ETag: W/"e-2ZHvAWebNQpyjGZTg6uyV8/spTo"
Date: Sat, 06 May 2023 03:01:36 GMT
Connection: keep-alive
Keep-Alive: timeout=600

10:01:36.382 [AsyncHttpClient-1-2] DEBUG org.asynchttpclient.netty.channel.ChannelManager - Adding key: http://0.0.0.0:4723 for channel [id: 0xac19b5dd, L:/127.0.0.1:62239 - R:/127.0.0.1:4723]
10:01:36.384 [Forwarding isElementEnabled on session d4d46599-2f4f-4592-b2dd-34fedc871b23 to remote] DEBUG org.asynchttpclient.netty.request.NettyRequestSender - Using pooled Channel '[id: 0xac19b5dd, L:/127.0.0.1:62239 - R:/127.0.0.1:4723]' for 'GET' to 'http://0.0.0.0:4723/wd/hub/session/d4d46599-2f4f-4592-b2dd-34fedc871b23/element/00000000-0000-0535-0000-002500000003/enabled'
10:01:36.384 [Forwarding isElementEnabled on session d4d46599-2f4f-4592-b2dd-34fedc871b23 to remote] DEBUG org.asynchttpclient.netty.request.NettyRequestSender - Using open Channel [id: 0xac19b5dd, L:/127.0.0.1:62239 - R:/127.0.0.1:4723] for GET '/wd/hub/session/d4d46599-2f4f-4592-b2dd-34fedc871b23/element/00000000-0000-0535-0000-002500000003/enabled'
10:01:36.412 [AsyncHttpClient-1-2] DEBUG org.asynchttpclient.netty.handler.HttpHandler - 

Request DefaultFullHttpRequest(decodeResult: success, version: HTTP/1.1, content: EmptyByteBufBE)
GET /wd/hub/session/d4d46599-2f4f-4592-b2dd-34fedc871b23/element/00000000-0000-0535-0000-002500000003/enabled HTTP/1.1
User-Agent: appium/8.3.0 (selenium/4.8.1 (java windows))
Cache-Control: no-cache
Content-Type: application/json; charset=utf-8
host: 0.0.0.0:4723
accept: */*

Response DefaultHttpResponse(decodeResult: success, version: HTTP/1.1)
HTTP/1.1 200 OK
X-Powered-By: Express
Content-Type: application/json; charset=utf-8
Content-Length: 14
ETag: W/"e-2ZHvAWebNQpyjGZTg6uyV8/spTo"
Date: Sat, 06 May 2023 03:01:36 GMT
Connection: keep-alive
Keep-Alive: timeout=600

10:01:36.412 [AsyncHttpClient-1-2] DEBUG org.asynchttpclient.netty.channel.ChannelManager - Adding key: http://0.0.0.0:4723 for channel [id: 0xac19b5dd, L:/127.0.0.1:62239 - R:/127.0.0.1:4723]
10:01:36.414 [Forwarding clickElement on session d4d46599-2f4f-4592-b2dd-34fedc871b23 to remote] DEBUG org.asynchttpclient.netty.request.NettyRequestSender - Using pooled Channel '[id: 0xac19b5dd, L:/127.0.0.1:62239 - R:/127.0.0.1:4723]' for 'POST' to 'http://0.0.0.0:4723/wd/hub/session/d4d46599-2f4f-4592-b2dd-34fedc871b23/element/00000000-0000-0535-0000-002500000003/click'
10:01:36.414 [Forwarding clickElement on session d4d46599-2f4f-4592-b2dd-34fedc871b23 to remote] DEBUG org.asynchttpclient.netty.request.NettyRequestSender - Using open Channel [id: 0xac19b5dd, L:/127.0.0.1:62239 - R:/127.0.0.1:4723] for POST '/wd/hub/session/d4d46599-2f4f-4592-b2dd-34fedc871b23/element/00000000-0000-0535-0000-002500000003/click'
10:01:37.390 [AsyncHttpClient-1-2] DEBUG org.asynchttpclient.netty.handler.HttpHandler - 

Request DefaultHttpRequest(decodeResult: success, version: HTTP/1.1)
POST /wd/hub/session/d4d46599-2f4f-4592-b2dd-34fedc871b23/element/00000000-0000-0535-0000-002500000003/click HTTP/1.1
User-Agent: appium/8.3.0 (selenium/4.8.1 (java windows))
Content-Length: 50
Content-Type: application/json; charset=utf-8
host: 0.0.0.0:4723
accept: */*

Response DefaultHttpResponse(decodeResult: success, version: HTTP/1.1)
HTTP/1.1 200 OK
X-Powered-By: Express
Vary: X-HTTP-Method-Override
Content-Type: application/json; charset=utf-8
Content-Length: 14
ETag: W/"e-9/1BuKMgFObM1mWJm+YjxtXJnUM"
Date: Sat, 06 May 2023 03:01:37 GMT
Connection: keep-alive
Keep-Alive: timeout=600

10:01:37.391 [AsyncHttpClient-1-2] DEBUG org.asynchttpclient.netty.channel.ChannelManager - Adding key: http://0.0.0.0:4723 for channel [id: 0xac19b5dd, L:/127.0.0.1:62239 - R:/127.0.0.1:4723]
10:01:37.392 [main] DEBUG net.thucydides.core.steps.StepInterceptor - STEP DONE: clickButtonLoginSecond
]]></system-out>
  </testcase>
  <testcase name="user see error message &quot;Record not found&quot;" classname="user tidak dapat login menggunakan akun yang belum terdaftar" time="15.104">
    <error type="org.openqa.selenium.TimeoutException"><![CDATA[org.openqa.selenium.TimeoutException: 
Expected condition failed: waiting for visibility of element located by By.xpath: //android.view.View[@content-desc="Record not found."] (tried for 15 second(s) with 500 milliseconds interval)
Build info: version: '4.8.1', revision: '8ebccac989'
System info: os.name: 'Windows 11', os.arch: 'amd64', os.version: '10.0', java.version: '19.0.2'
Driver info: io.appium.java_client.android.AndroidDriver
Capabilities {appium:app: C:\Dev\ALTASHOP MOBILE AUTO..., appium:appPackage: com.example.frontend_mobile, appium:automationName: UiAutomator2, appium:databaseEnabled: false, appium:desired: {app: C:\Dev\ALTASHOP MOBILE AUTO..., automationName: UiAutomator2, platformName: ANDROID, platformVersion: 13.0}, appium:deviceApiLevel: 33, appium:deviceManufacturer: Google, appium:deviceModel: sdk_gphone_x86_64, appium:deviceName: emulator-5554, appium:deviceScreenDensity: 440, appium:deviceScreenSize: 1080x2340, appium:deviceUDID: emulator-5554, appium:javascriptEnabled: true, appium:locationContextEnabled: false, appium:networkConnectionEnabled: true, appium:pixelRatio: 2.75, appium:platformVersion: 13, appium:statBarHeight: 136, appium:takesScreenshot: true, appium:viewportRect: {height: 2002, left: 0, top: 136, width: 1080}, appium:warnings: {}, appium:webStorageEnabled: false, platformName: ANDROID}
Session ID: d4d46599-2f4f-4592-b2dd-34fedc871b23
]]></error>
    <system-out><![CDATA[10:01:37.407 [main] DEBUG net.thucydides.core.steps.StepInterceptor - STARTING STEP: LoginSteps.userSeeErrorMessage - getRecordNotFound
10:01:37.410 [Forwarding findElement on session d4d46599-2f4f-4592-b2dd-34fedc871b23 to remote] DEBUG org.asynchttpclient.netty.request.NettyRequestSender - Using pooled Channel '[id: 0xac19b5dd, L:/127.0.0.1:62239 - R:/127.0.0.1:4723]' for 'POST' to 'http://0.0.0.0:4723/wd/hub/session/d4d46599-2f4f-4592-b2dd-34fedc871b23/element'
10:01:37.410 [Forwarding findElement on session d4d46599-2f4f-4592-b2dd-34fedc871b23 to remote] DEBUG org.asynchttpclient.netty.request.NettyRequestSender - Using open Channel [id: 0xac19b5dd, L:/127.0.0.1:62239 - R:/127.0.0.1:4723] for POST '/wd/hub/session/d4d46599-2f4f-4592-b2dd-34fedc871b23/element'
10:01:52.465 [AsyncHttpClient-1-2] DEBUG org.asynchttpclient.netty.handler.HttpHandler - 

Request DefaultHttpRequest(decodeResult: success, version: HTTP/1.1)
POST /wd/hub/session/d4d46599-2f4f-4592-b2dd-34fedc871b23/element HTTP/1.1
User-Agent: appium/8.3.0 (selenium/4.8.1 (java windows))
Content-Length: 103
Content-Type: application/json; charset=utf-8
host: 0.0.0.0:4723
accept: */*

Response DefaultHttpResponse(decodeResult: success, version: HTTP/1.1)
HTTP/1.1 404 Not Found
X-Powered-By: Express
Vary: X-HTTP-Method-Override
Content-Type: application/json; charset=utf-8
Content-Length: 871
ETag: W/"367-IXaP8XpLxHpgELByyHUk78GqGvI"
Date: Sat, 06 May 2023 03:01:52 GMT
Connection: keep-alive
Keep-Alive: timeout=600

10:01:52.466 [AsyncHttpClient-1-2] DEBUG org.asynchttpclient.netty.channel.ChannelManager - Adding key: http://0.0.0.0:4723 for channel [id: 0xac19b5dd, L:/127.0.0.1:62239 - R:/127.0.0.1:4723]
]]></system-out>
  </testcase>
  <testcase name="user tidak dapat login menggunakan akun yang belum terdaftar" classname="login" time="15.131">
    <error type="org.openqa.selenium.TimeoutException"><![CDATA[org.openqa.selenium.TimeoutException: 
Expected condition failed: waiting for visibility of element located by By.xpath: //android.view.View[@content-desc="Record not found."] (tried for 15 second(s) with 500 milliseconds interval)
Build info: version: '4.8.1', revision: '8ebccac989'
System info: os.name: 'Windows 11', os.arch: 'amd64', os.version: '10.0', java.version: '19.0.2'
Driver info: io.appium.java_client.android.AndroidDriver
Capabilities {appium:app: C:\Dev\ALTASHOP MOBILE AUTO..., appium:appPackage: com.example.frontend_mobile, appium:automationName: UiAutomator2, appium:databaseEnabled: false, appium:desired: {app: C:\Dev\ALTASHOP MOBILE AUTO..., automationName: UiAutomator2, platformName: ANDROID, platformVersion: 13.0}, appium:deviceApiLevel: 33, appium:deviceManufacturer: Google, appium:deviceModel: sdk_gphone_x86_64, appium:deviceName: emulator-5554, appium:deviceScreenDensity: 440, appium:deviceScreenSize: 1080x2340, appium:deviceUDID: emulator-5554, appium:javascriptEnabled: true, appium:locationContextEnabled: false, appium:networkConnectionEnabled: true, appium:pixelRatio: 2.75, appium:platformVersion: 13, appium:statBarHeight: 136, appium:takesScreenshot: true, appium:viewportRect: {height: 2002, left: 0, top: 136, width: 1080}, appium:warnings: {}, appium:webStorageEnabled: false, platformName: ANDROID}
Session ID: d4d46599-2f4f-4592-b2dd-34fedc871b23
]]></error>
  </testcase>
  <testcase name="user tidak dapat login menggunakan akun yang belum terdaftar" classname="login" time="15.253">
    <error type="org.openqa.selenium.TimeoutException"><![CDATA[org.openqa.selenium.TimeoutException: 
Expected condition failed: waiting for visibility of element located by By.xpath: //android.view.View[@content-desc="Record not found."] (tried for 15 second(s) with 500 milliseconds interval)
Build info: version: '4.8.1', revision: '8ebccac989'
System info: os.name: 'Windows 11', os.arch: 'amd64', os.version: '10.0', java.version: '19.0.2'
Driver info: io.appium.java_client.android.AndroidDriver
Capabilities {appium:app: C:\Dev\ALTASHOP MOBILE AUTO..., appium:appPackage: com.example.frontend_mobile, appium:automationName: UiAutomator2, appium:databaseEnabled: false, appium:desired: {app: C:\Dev\ALTASHOP MOBILE AUTO..., automationName: UiAutomator2, platformName: ANDROID, platformVersion: 13.0}, appium:deviceApiLevel: 33, appium:deviceManufacturer: Google, appium:deviceModel: sdk_gphone_x86_64, appium:deviceName: emulator-5554, appium:deviceScreenDensity: 440, appium:deviceScreenSize: 1080x2340, appium:deviceUDID: emulator-5554, appium:javascriptEnabled: true, appium:locationContextEnabled: false, appium:networkConnectionEnabled: true, appium:pixelRatio: 2.75, appium:platformVersion: 13, appium:statBarHeight: 136, appium:takesScreenshot: true, appium:viewportRect: {height: 2002, left: 0, top: 136, width: 1080}, appium:warnings: {}, appium:webStorageEnabled: false, platformName: ANDROID}
Session ID: d4d46599-2f4f-4592-b2dd-34fedc871b23
]]></error>
    <system-out><![CDATA[10:01:52.541 [main] ERROR  - 
  _____   ___   ___   _____     ___   ___   ___    ___    ___ 
 |_   _| | __| / __| |_   _|   | __| | _ \ | _ \  / _ \  | _ \
   | |   | _|  \__ \   | |     | _|  |   / |   / | (_) | |   /
   |_|   |___| |___/   |_|     |___| |_|_\ |_|_\  \___/  |_|_\

user tidak dapat login menggunakan akun yang belum terdaftar
---------------------------------------------------------------
10:01:52.545 [main] DEBUG  - RELATED ISSUES: 
10:01:52.641 [main] ERROR  -     Test failed at step: Get record not found
10:01:52.642 [main] ERROR  -     Expected condition failed: waiting for visibility of element located by By.xpath: //android.view.View[@content-desc="Record not found."] (tried for 15 second(s) with 500 milliseconds interval)Build info: version: '4.8.1', revision: '8ebccac989'System info: os.name: 'Windows 11', os.arch: 'amd64', os.version: '10.0', java.version: '19.0.2'Driver info: io.appium.java_client.android.AndroidDriverCapabilities {appium:app: C:\Dev\ALTASHOP MOBILE AUTO..., appium:appPackage: com.example.frontend_mobile, appium:automationName: UiAutomator2, appium:databaseEnabled: false, appium:desired: {app: C:\Dev\ALTASHOP MOBILE AUTO..., automationName: UiAutomator2, platformName: ANDROID, platformVersion: 13.0}, appium:deviceApiLevel: 33, appium:deviceManufacturer: Google, appium:deviceModel: sdk_gphone_x86_64, appium:deviceName: emulator-5554, appium:deviceScreenDensity: 440, appium:deviceScreenSize: 1080x2340, appium:deviceUDID: emulator-5554, appium:javascriptEnabled: true, appium:locationContextEnabled: false, appium:networkConnectionEnabled: true, appium:pixelRatio: 2.75, appium:platformVersion: 13, appium:statBarHeight: 136, appium:takesScreenshot: true, appium:viewportRect: {height: 2002, left: 0, top: 136, width: 1080}, appium:warnings: {}, appium:webStorageEnabled: false, platformName: ANDROID}Session ID: d4d46599-2f4f-4592-b2dd-34fedc871b23
]]></system-out>
  </testcase>
  <testcase name="user on homepage AltaShop for login feature" classname="user bisa login menggunakan data valid" time="8.878">
    <system-out><![CDATA[10:01:52.684 [main] DEBUG io.cucumber.core.plugin.SerenityReporter - Running feature from file:///C:/Dev/ALTASHOP%20MOBILE%20AUTOMATION/src/test/resources/features/1.%20Login.feature
10:01:52.696 [main] INFO  - 
  _____   ___   ___   _____     ___   _____     _     ___   _____   ___   ___  
 |_   _| | __| / __| |_   _|   / __| |_   _|   /_\   | _ \ |_   _| | __| |   \ 
   | |   | _|  \__ \   | |     \__ \   | |    / _ \  |   /   | |   | _|  | |) |
   |_|   |___| |___/   |_|     |___/   |_|   /_/ \_\ |_|_\   |_|   |___| |___/ 

user bisa login menggunakan data valid(login;user-bisa-login-menggunakan-data-valid)
--------------------------------------------------------------------------------
10:01:52.717 [main] DEBUG net.thucydides.core.steps.StepInterceptor - STARTING STEP: LoginSteps.userOnHomepageAltaShopForLoginFeature - onHomepageAltaShop
10:01:52.729 [Forwarding newSession on session null to remote] DEBUG org.asynchttpclient.netty.request.NettyRequestSender - Using pooled Channel '[id: 0xac19b5dd, L:/127.0.0.1:62239 - R:/127.0.0.1:4723]' for 'POST' to 'http://0.0.0.0:4723/wd/hub/session'
10:01:52.729 [Forwarding newSession on session null to remote] DEBUG org.asynchttpclient.netty.request.NettyRequestSender - Using open Channel [id: 0xac19b5dd, L:/127.0.0.1:62239 - R:/127.0.0.1:4723] for POST '/wd/hub/session'
10:02:00.138 [AsyncHttpClient-1-2] DEBUG org.asynchttpclient.netty.handler.HttpHandler - 

Request DefaultHttpRequest(decodeResult: success, version: HTTP/1.1)
POST /wd/hub/session HTTP/1.1
X-Idempotency-Key: 218d3262-a54c-42e1-b84f-b4541eea932d
User-Agent: appium/8.3.0 (selenium/4.8.1 (java windows))
Content-Length: 301
Content-Type: application/json; charset=utf-8
host: 0.0.0.0:4723
accept: */*

Response DefaultHttpResponse(decodeResult: success, version: HTTP/1.1)
HTTP/1.1 200 OK
X-Powered-By: Express
Vary: X-HTTP-Method-Override
Content-Type: application/json; charset=utf-8
Content-Length: 920
ETag: W/"398-8QqiekTnvsM6N+Zv56rwD1HscXs"
Date: Sat, 06 May 2023 03:02:00 GMT
Connection: keep-alive
Keep-Alive: timeout=600

10:02:00.140 [AsyncHttpClient-1-2] DEBUG org.asynchttpclient.netty.channel.ChannelManager - Adding key: http://0.0.0.0:4723 for channel [id: 0xac19b5dd, L:/127.0.0.1:62239 - R:/127.0.0.1:4723]
10:02:00.158 [Forwarding setTimeout on session 3ef95930-d365-41b3-a625-d6e1f7f3ca76 to remote] DEBUG org.asynchttpclient.netty.request.NettyRequestSender - Using pooled Channel '[id: 0xac19b5dd, L:/127.0.0.1:62239 - R:/127.0.0.1:4723]' for 'POST' to 'http://0.0.0.0:4723/wd/hub/session/3ef95930-d365-41b3-a625-d6e1f7f3ca76/timeouts'
10:02:00.159 [Forwarding setTimeout on session 3ef95930-d365-41b3-a625-d6e1f7f3ca76 to remote] DEBUG org.asynchttpclient.netty.request.NettyRequestSender - Using open Channel [id: 0xac19b5dd, L:/127.0.0.1:62239 - R:/127.0.0.1:4723] for POST '/wd/hub/session/3ef95930-d365-41b3-a625-d6e1f7f3ca76/timeouts'
10:02:00.169 [AsyncHttpClient-1-2] DEBUG org.asynchttpclient.netty.handler.HttpHandler - 

Request DefaultHttpRequest(decodeResult: success, version: HTTP/1.1)
POST /wd/hub/session/3ef95930-d365-41b3-a625-d6e1f7f3ca76/timeouts HTTP/1.1
User-Agent: appium/8.3.0 (selenium/4.8.1 (java windows))
Content-Length: 23
Content-Type: application/json; charset=utf-8
host: 0.0.0.0:4723
accept: */*

Response DefaultHttpResponse(decodeResult: success, version: HTTP/1.1)
HTTP/1.1 200 OK
X-Powered-By: Express
Vary: X-HTTP-Method-Override
Content-Type: application/json; charset=utf-8
Content-Length: 14
ETag: W/"e-9/1BuKMgFObM1mWJm+YjxtXJnUM"
Date: Sat, 06 May 2023 03:02:00 GMT
Connection: keep-alive
Keep-Alive: timeout=600

10:02:00.172 [AsyncHttpClient-1-2] DEBUG org.asynchttpclient.netty.channel.ChannelManager - Adding key: http://0.0.0.0:4723 for channel [id: 0xac19b5dd, L:/127.0.0.1:62239 - R:/127.0.0.1:4723]
10:02:00.179 [Forwarding findElement on session 3ef95930-d365-41b3-a625-d6e1f7f3ca76 to remote] DEBUG org.asynchttpclient.netty.request.NettyRequestSender - Using pooled Channel '[id: 0xac19b5dd, L:/127.0.0.1:62239 - R:/127.0.0.1:4723]' for 'POST' to 'http://0.0.0.0:4723/wd/hub/session/3ef95930-d365-41b3-a625-d6e1f7f3ca76/element'
10:02:00.179 [Forwarding findElement on session 3ef95930-d365-41b3-a625-d6e1f7f3ca76 to remote] DEBUG org.asynchttpclient.netty.request.NettyRequestSender - Using open Channel [id: 0xac19b5dd, L:/127.0.0.1:62239 - R:/127.0.0.1:4723] for POST '/wd/hub/session/3ef95930-d365-41b3-a625-d6e1f7f3ca76/element'
10:02:01.522 [AsyncHttpClient-1-2] DEBUG org.asynchttpclient.netty.handler.HttpHandler - 

Request DefaultHttpRequest(decodeResult: success, version: HTTP/1.1)
POST /wd/hub/session/3ef95930-d365-41b3-a625-d6e1f7f3ca76/element HTTP/1.1
User-Agent: appium/8.3.0 (selenium/4.8.1 (java windows))
Content-Length: 326
Content-Type: application/json; charset=utf-8
host: 0.0.0.0:4723
accept: */*

Response DefaultHttpResponse(decodeResult: success, version: HTTP/1.1)
HTTP/1.1 200 OK
X-Powered-By: Express
Vary: X-HTTP-Method-Override
Content-Type: application/json; charset=utf-8
Content-Length: 137
ETag: W/"89-qrjn3PdM9hvv++jWdsDJuHTWfUM"
Date: Sat, 06 May 2023 03:02:01 GMT
Connection: keep-alive
Keep-Alive: timeout=600

10:02:01.523 [AsyncHttpClient-1-2] DEBUG org.asynchttpclient.netty.channel.ChannelManager - Adding key: http://0.0.0.0:4723 for channel [id: 0xac19b5dd, L:/127.0.0.1:62239 - R:/127.0.0.1:4723]
10:02:01.524 [Forwarding isElementDisplayed on session 3ef95930-d365-41b3-a625-d6e1f7f3ca76 to remote] DEBUG org.asynchttpclient.netty.request.NettyRequestSender - Using pooled Channel '[id: 0xac19b5dd, L:/127.0.0.1:62239 - R:/127.0.0.1:4723]' for 'GET' to 'http://0.0.0.0:4723/wd/hub/session/3ef95930-d365-41b3-a625-d6e1f7f3ca76/element/00000000-0000-0543-0000-000700000003/displayed'
10:02:01.525 [Forwarding isElementDisplayed on session 3ef95930-d365-41b3-a625-d6e1f7f3ca76 to remote] DEBUG org.asynchttpclient.netty.request.NettyRequestSender - Using open Channel [id: 0xac19b5dd, L:/127.0.0.1:62239 - R:/127.0.0.1:4723] for GET '/wd/hub/session/3ef95930-d365-41b3-a625-d6e1f7f3ca76/element/00000000-0000-0543-0000-000700000003/displayed'
10:02:01.550 [AsyncHttpClient-1-2] DEBUG org.asynchttpclient.netty.handler.HttpHandler - 

Request DefaultFullHttpRequest(decodeResult: success, version: HTTP/1.1, content: EmptyByteBufBE)
GET /wd/hub/session/3ef95930-d365-41b3-a625-d6e1f7f3ca76/element/00000000-0000-0543-0000-000700000003/displayed HTTP/1.1
User-Agent: appium/8.3.0 (selenium/4.8.1 (java windows))
Cache-Control: no-cache
Content-Type: application/json; charset=utf-8
host: 0.0.0.0:4723
accept: */*

Response DefaultHttpResponse(decodeResult: success, version: HTTP/1.1)
HTTP/1.1 200 OK
X-Powered-By: Express
Content-Type: application/json; charset=utf-8
Content-Length: 14
ETag: W/"e-2ZHvAWebNQpyjGZTg6uyV8/spTo"
Date: Sat, 06 May 2023 03:02:01 GMT
Connection: keep-alive
Keep-Alive: timeout=600

10:02:01.551 [AsyncHttpClient-1-2] DEBUG org.asynchttpclient.netty.channel.ChannelManager - Adding key: http://0.0.0.0:4723 for channel [id: 0xac19b5dd, L:/127.0.0.1:62239 - R:/127.0.0.1:4723]
10:02:01.553 [Forwarding isElementDisplayed on session 3ef95930-d365-41b3-a625-d6e1f7f3ca76 to remote] DEBUG org.asynchttpclient.netty.request.NettyRequestSender - Using pooled Channel '[id: 0xac19b5dd, L:/127.0.0.1:62239 - R:/127.0.0.1:4723]' for 'GET' to 'http://0.0.0.0:4723/wd/hub/session/3ef95930-d365-41b3-a625-d6e1f7f3ca76/element/00000000-0000-0543-0000-000700000003/displayed'
10:02:01.553 [Forwarding isElementDisplayed on session 3ef95930-d365-41b3-a625-d6e1f7f3ca76 to remote] DEBUG org.asynchttpclient.netty.request.NettyRequestSender - Using open Channel [id: 0xac19b5dd, L:/127.0.0.1:62239 - R:/127.0.0.1:4723] for GET '/wd/hub/session/3ef95930-d365-41b3-a625-d6e1f7f3ca76/element/00000000-0000-0543-0000-000700000003/displayed'
10:02:01.578 [AsyncHttpClient-1-2] DEBUG org.asynchttpclient.netty.handler.HttpHandler - 

Request DefaultFullHttpRequest(decodeResult: success, version: HTTP/1.1, content: EmptyByteBufBE)
GET /wd/hub/session/3ef95930-d365-41b3-a625-d6e1f7f3ca76/element/00000000-0000-0543-0000-000700000003/displayed HTTP/1.1
User-Agent: appium/8.3.0 (selenium/4.8.1 (java windows))
Cache-Control: no-cache
Content-Type: application/json; charset=utf-8
host: 0.0.0.0:4723
accept: */*

Response DefaultHttpResponse(decodeResult: success, version: HTTP/1.1)
HTTP/1.1 200 OK
X-Powered-By: Express
Content-Type: application/json; charset=utf-8
Content-Length: 14
ETag: W/"e-2ZHvAWebNQpyjGZTg6uyV8/spTo"
Date: Sat, 06 May 2023 03:02:01 GMT
Connection: keep-alive
Keep-Alive: timeout=600

10:02:01.579 [AsyncHttpClient-1-2] DEBUG org.asynchttpclient.netty.channel.ChannelManager - Adding key: http://0.0.0.0:4723 for channel [id: 0xac19b5dd, L:/127.0.0.1:62239 - R:/127.0.0.1:4723]
10:02:01.580 [main] DEBUG net.thucydides.core.steps.StepInterceptor - STEP DONE: onHomepageAltaShop
]]></system-out>
  </testcase>
  <testcase name="user click login button for login feature" classname="user bisa login menggunakan data valid" time="0.864">
    <system-out><![CDATA[10:02:01.601 [main] DEBUG net.thucydides.core.steps.StepInterceptor - STARTING STEP: LoginSteps.userClickLoginButtonForLoginFeature - clickButtonLogin
10:02:01.604 [Forwarding findElement on session 3ef95930-d365-41b3-a625-d6e1f7f3ca76 to remote] DEBUG org.asynchttpclient.netty.request.NettyRequestSender - Using pooled Channel '[id: 0xac19b5dd, L:/127.0.0.1:62239 - R:/127.0.0.1:4723]' for 'POST' to 'http://0.0.0.0:4723/wd/hub/session/3ef95930-d365-41b3-a625-d6e1f7f3ca76/element'
10:02:01.605 [Forwarding findElement on session 3ef95930-d365-41b3-a625-d6e1f7f3ca76 to remote] DEBUG org.asynchttpclient.netty.request.NettyRequestSender - Using open Channel [id: 0xac19b5dd, L:/127.0.0.1:62239 - R:/127.0.0.1:4723] for POST '/wd/hub/session/3ef95930-d365-41b3-a625-d6e1f7f3ca76/element'
10:02:01.724 [AsyncHttpClient-1-2] DEBUG org.asynchttpclient.netty.handler.HttpHandler - 

Request DefaultHttpRequest(decodeResult: success, version: HTTP/1.1)
POST /wd/hub/session/3ef95930-d365-41b3-a625-d6e1f7f3ca76/element HTTP/1.1
User-Agent: appium/8.3.0 (selenium/4.8.1 (java windows))
Content-Length: 326
Content-Type: application/json; charset=utf-8
host: 0.0.0.0:4723
accept: */*

Response DefaultHttpResponse(decodeResult: success, version: HTTP/1.1)
HTTP/1.1 200 OK
X-Powered-By: Express
Vary: X-HTTP-Method-Override
Content-Type: application/json; charset=utf-8
Content-Length: 137
ETag: W/"89-qrjn3PdM9hvv++jWdsDJuHTWfUM"
Date: Sat, 06 May 2023 03:02:01 GMT
Connection: keep-alive
Keep-Alive: timeout=600

10:02:01.725 [AsyncHttpClient-1-2] DEBUG org.asynchttpclient.netty.channel.ChannelManager - Adding key: http://0.0.0.0:4723 for channel [id: 0xac19b5dd, L:/127.0.0.1:62239 - R:/127.0.0.1:4723]
10:02:01.730 [Forwarding isElementDisplayed on session 3ef95930-d365-41b3-a625-d6e1f7f3ca76 to remote] DEBUG org.asynchttpclient.netty.request.NettyRequestSender - Using pooled Channel '[id: 0xac19b5dd, L:/127.0.0.1:62239 - R:/127.0.0.1:4723]' for 'GET' to 'http://0.0.0.0:4723/wd/hub/session/3ef95930-d365-41b3-a625-d6e1f7f3ca76/element/00000000-0000-0543-0000-000700000003/displayed'
10:02:01.730 [Forwarding isElementDisplayed on session 3ef95930-d365-41b3-a625-d6e1f7f3ca76 to remote] DEBUG org.asynchttpclient.netty.request.NettyRequestSender - Using open Channel [id: 0xac19b5dd, L:/127.0.0.1:62239 - R:/127.0.0.1:4723] for GET '/wd/hub/session/3ef95930-d365-41b3-a625-d6e1f7f3ca76/element/00000000-0000-0543-0000-000700000003/displayed'
10:02:01.766 [AsyncHttpClient-1-2] DEBUG org.asynchttpclient.netty.handler.HttpHandler - 

Request DefaultFullHttpRequest(decodeResult: success, version: HTTP/1.1, content: EmptyByteBufBE)
GET /wd/hub/session/3ef95930-d365-41b3-a625-d6e1f7f3ca76/element/00000000-0000-0543-0000-000700000003/displayed HTTP/1.1
User-Agent: appium/8.3.0 (selenium/4.8.1 (java windows))
Cache-Control: no-cache
Content-Type: application/json; charset=utf-8
host: 0.0.0.0:4723
accept: */*

Response DefaultHttpResponse(decodeResult: success, version: HTTP/1.1)
HTTP/1.1 200 OK
X-Powered-By: Express
Content-Type: application/json; charset=utf-8
Content-Length: 14
ETag: W/"e-2ZHvAWebNQpyjGZTg6uyV8/spTo"
Date: Sat, 06 May 2023 03:02:01 GMT
Connection: keep-alive
Keep-Alive: timeout=600

10:02:01.767 [AsyncHttpClient-1-2] DEBUG org.asynchttpclient.netty.channel.ChannelManager - Adding key: http://0.0.0.0:4723 for channel [id: 0xac19b5dd, L:/127.0.0.1:62239 - R:/127.0.0.1:4723]
10:02:01.772 [Forwarding isElementEnabled on session 3ef95930-d365-41b3-a625-d6e1f7f3ca76 to remote] DEBUG org.asynchttpclient.netty.request.NettyRequestSender - Using pooled Channel '[id: 0xac19b5dd, L:/127.0.0.1:62239 - R:/127.0.0.1:4723]' for 'GET' to 'http://0.0.0.0:4723/wd/hub/session/3ef95930-d365-41b3-a625-d6e1f7f3ca76/element/00000000-0000-0543-0000-000700000003/enabled'
10:02:01.772 [Forwarding isElementEnabled on session 3ef95930-d365-41b3-a625-d6e1f7f3ca76 to remote] DEBUG org.asynchttpclient.netty.request.NettyRequestSender - Using open Channel [id: 0xac19b5dd, L:/127.0.0.1:62239 - R:/127.0.0.1:4723] for GET '/wd/hub/session/3ef95930-d365-41b3-a625-d6e1f7f3ca76/element/00000000-0000-0543-0000-000700000003/enabled'
10:02:01.814 [AsyncHttpClient-1-2] DEBUG org.asynchttpclient.netty.handler.HttpHandler - 

Request DefaultFullHttpRequest(decodeResult: success, version: HTTP/1.1, content: EmptyByteBufBE)
GET /wd/hub/session/3ef95930-d365-41b3-a625-d6e1f7f3ca76/element/00000000-0000-0543-0000-000700000003/enabled HTTP/1.1
User-Agent: appium/8.3.0 (selenium/4.8.1 (java windows))
Cache-Control: no-cache
Content-Type: application/json; charset=utf-8
host: 0.0.0.0:4723
accept: */*

Response DefaultHttpResponse(decodeResult: success, version: HTTP/1.1)
HTTP/1.1 200 OK
X-Powered-By: Express
Content-Type: application/json; charset=utf-8
Content-Length: 14
ETag: W/"e-2ZHvAWebNQpyjGZTg6uyV8/spTo"
Date: Sat, 06 May 2023 03:02:01 GMT
Connection: keep-alive
Keep-Alive: timeout=600

10:02:01.815 [AsyncHttpClient-1-2] DEBUG org.asynchttpclient.netty.channel.ChannelManager - Adding key: http://0.0.0.0:4723 for channel [id: 0xac19b5dd, L:/127.0.0.1:62239 - R:/127.0.0.1:4723]
10:02:01.819 [Forwarding clickElement on session 3ef95930-d365-41b3-a625-d6e1f7f3ca76 to remote] DEBUG org.asynchttpclient.netty.request.NettyRequestSender - Using pooled Channel '[id: 0xac19b5dd, L:/127.0.0.1:62239 - R:/127.0.0.1:4723]' for 'POST' to 'http://0.0.0.0:4723/wd/hub/session/3ef95930-d365-41b3-a625-d6e1f7f3ca76/element/00000000-0000-0543-0000-000700000003/click'
10:02:01.819 [Forwarding clickElement on session 3ef95930-d365-41b3-a625-d6e1f7f3ca76 to remote] DEBUG org.asynchttpclient.netty.request.NettyRequestSender - Using open Channel [id: 0xac19b5dd, L:/127.0.0.1:62239 - R:/127.0.0.1:4723] for POST '/wd/hub/session/3ef95930-d365-41b3-a625-d6e1f7f3ca76/element/00000000-0000-0543-0000-000700000003/click'
10:02:02.454 [AsyncHttpClient-1-2] DEBUG org.asynchttpclient.netty.handler.HttpHandler - 

Request DefaultHttpRequest(decodeResult: success, version: HTTP/1.1)
POST /wd/hub/session/3ef95930-d365-41b3-a625-d6e1f7f3ca76/element/00000000-0000-0543-0000-000700000003/click HTTP/1.1
User-Agent: appium/8.3.0 (selenium/4.8.1 (java windows))
Content-Length: 50
Content-Type: application/json; charset=utf-8
host: 0.0.0.0:4723
accept: */*

Response DefaultHttpResponse(decodeResult: success, version: HTTP/1.1)
HTTP/1.1 200 OK
X-Powered-By: Express
Vary: X-HTTP-Method-Override
Content-Type: application/json; charset=utf-8
Content-Length: 14
ETag: W/"e-9/1BuKMgFObM1mWJm+YjxtXJnUM"
Date: Sat, 06 May 2023 03:02:02 GMT
Connection: keep-alive
Keep-Alive: timeout=600

10:02:02.455 [AsyncHttpClient-1-2] DEBUG org.asynchttpclient.netty.channel.ChannelManager - Adding key: http://0.0.0.0:4723 for channel [id: 0xac19b5dd, L:/127.0.0.1:62239 - R:/127.0.0.1:4723]
10:02:02.456 [main] DEBUG net.thucydides.core.steps.StepInterceptor - STEP DONE: clickButtonLogin
]]></system-out>
  </testcase>
  <testcase name="user input email valid for login feature" classname="user bisa login menggunakan data valid" time="0.959">
    <system-out><![CDATA[10:02:02.467 [main] DEBUG net.thucydides.core.steps.StepInterceptor - STARTING STEP: LoginSteps.userInputEmailValidForLoginFeature - inputEmail
10:02:02.470 [Forwarding findElement on session 3ef95930-d365-41b3-a625-d6e1f7f3ca76 to remote] DEBUG org.asynchttpclient.netty.request.NettyRequestSender - Using pooled Channel '[id: 0xac19b5dd, L:/127.0.0.1:62239 - R:/127.0.0.1:4723]' for 'POST' to 'http://0.0.0.0:4723/wd/hub/session/3ef95930-d365-41b3-a625-d6e1f7f3ca76/element'
10:02:02.470 [Forwarding findElement on session 3ef95930-d365-41b3-a625-d6e1f7f3ca76 to remote] DEBUG org.asynchttpclient.netty.request.NettyRequestSender - Using open Channel [id: 0xac19b5dd, L:/127.0.0.1:62239 - R:/127.0.0.1:4723] for POST '/wd/hub/session/3ef95930-d365-41b3-a625-d6e1f7f3ca76/element'
10:02:02.546 [AsyncHttpClient-1-2] DEBUG org.asynchttpclient.netty.handler.HttpHandler - 

Request DefaultHttpRequest(decodeResult: success, version: HTTP/1.1)
POST /wd/hub/session/3ef95930-d365-41b3-a625-d6e1f7f3ca76/element HTTP/1.1
User-Agent: appium/8.3.0 (selenium/4.8.1 (java windows))
Content-Length: 305
Content-Type: application/json; charset=utf-8
host: 0.0.0.0:4723
accept: */*

Response DefaultHttpResponse(decodeResult: success, version: HTTP/1.1)
HTTP/1.1 200 OK
X-Powered-By: Express
Vary: X-HTTP-Method-Override
Content-Type: application/json; charset=utf-8
Content-Length: 137
ETag: W/"89-r6dqwdz6Doxu+pu6CF3uqcmf7AI"
Date: Sat, 06 May 2023 03:02:02 GMT
Connection: keep-alive
Keep-Alive: timeout=600

10:02:02.551 [AsyncHttpClient-1-2] DEBUG org.asynchttpclient.netty.channel.ChannelManager - Adding key: http://0.0.0.0:4723 for channel [id: 0xac19b5dd, L:/127.0.0.1:62239 - R:/127.0.0.1:4723]
10:02:02.562 [Forwarding isElementDisplayed on session 3ef95930-d365-41b3-a625-d6e1f7f3ca76 to remote] DEBUG org.asynchttpclient.netty.request.NettyRequestSender - Using pooled Channel '[id: 0xac19b5dd, L:/127.0.0.1:62239 - R:/127.0.0.1:4723]' for 'GET' to 'http://0.0.0.0:4723/wd/hub/session/3ef95930-d365-41b3-a625-d6e1f7f3ca76/element/00000000-0000-0543-0000-002300000003/displayed'
10:02:02.563 [Forwarding isElementDisplayed on session 3ef95930-d365-41b3-a625-d6e1f7f3ca76 to remote] DEBUG org.asynchttpclient.netty.request.NettyRequestSender - Using open Channel [id: 0xac19b5dd, L:/127.0.0.1:62239 - R:/127.0.0.1:4723] for GET '/wd/hub/session/3ef95930-d365-41b3-a625-d6e1f7f3ca76/element/00000000-0000-0543-0000-002300000003/displayed'
10:02:02.605 [AsyncHttpClient-1-2] DEBUG org.asynchttpclient.netty.handler.HttpHandler - 

Request DefaultFullHttpRequest(decodeResult: success, version: HTTP/1.1, content: EmptyByteBufBE)
GET /wd/hub/session/3ef95930-d365-41b3-a625-d6e1f7f3ca76/element/00000000-0000-0543-0000-002300000003/displayed HTTP/1.1
User-Agent: appium/8.3.0 (selenium/4.8.1 (java windows))
Cache-Control: no-cache
Content-Type: application/json; charset=utf-8
host: 0.0.0.0:4723
accept: */*

Response DefaultHttpResponse(decodeResult: success, version: HTTP/1.1)
HTTP/1.1 200 OK
X-Powered-By: Express
Content-Type: application/json; charset=utf-8
Content-Length: 14
ETag: W/"e-2ZHvAWebNQpyjGZTg6uyV8/spTo"
Date: Sat, 06 May 2023 03:02:02 GMT
Connection: keep-alive
Keep-Alive: timeout=600

10:02:02.605 [AsyncHttpClient-1-2] DEBUG org.asynchttpclient.netty.channel.ChannelManager - Adding key: http://0.0.0.0:4723 for channel [id: 0xac19b5dd, L:/127.0.0.1:62239 - R:/127.0.0.1:4723]
10:02:02.607 [Forwarding isElementEnabled on session 3ef95930-d365-41b3-a625-d6e1f7f3ca76 to remote] DEBUG org.asynchttpclient.netty.request.NettyRequestSender - Using pooled Channel '[id: 0xac19b5dd, L:/127.0.0.1:62239 - R:/127.0.0.1:4723]' for 'GET' to 'http://0.0.0.0:4723/wd/hub/session/3ef95930-d365-41b3-a625-d6e1f7f3ca76/element/00000000-0000-0543-0000-002300000003/enabled'
10:02:02.608 [Forwarding isElementEnabled on session 3ef95930-d365-41b3-a625-d6e1f7f3ca76 to remote] DEBUG org.asynchttpclient.netty.request.NettyRequestSender - Using open Channel [id: 0xac19b5dd, L:/127.0.0.1:62239 - R:/127.0.0.1:4723] for GET '/wd/hub/session/3ef95930-d365-41b3-a625-d6e1f7f3ca76/element/00000000-0000-0543-0000-002300000003/enabled'
10:02:02.637 [AsyncHttpClient-1-2] DEBUG org.asynchttpclient.netty.handler.HttpHandler - 

Request DefaultFullHttpRequest(decodeResult: success, version: HTTP/1.1, content: EmptyByteBufBE)
GET /wd/hub/session/3ef95930-d365-41b3-a625-d6e1f7f3ca76/element/00000000-0000-0543-0000-002300000003/enabled HTTP/1.1
User-Agent: appium/8.3.0 (selenium/4.8.1 (java windows))
Cache-Control: no-cache
Content-Type: application/json; charset=utf-8
host: 0.0.0.0:4723
accept: */*

Response DefaultHttpResponse(decodeResult: success, version: HTTP/1.1)
HTTP/1.1 200 OK
X-Powered-By: Express
Content-Type: application/json; charset=utf-8
Content-Length: 14
ETag: W/"e-2ZHvAWebNQpyjGZTg6uyV8/spTo"
Date: Sat, 06 May 2023 03:02:02 GMT
Connection: keep-alive
Keep-Alive: timeout=600

10:02:02.638 [AsyncHttpClient-1-2] DEBUG org.asynchttpclient.netty.channel.ChannelManager - Adding key: http://0.0.0.0:4723 for channel [id: 0xac19b5dd, L:/127.0.0.1:62239 - R:/127.0.0.1:4723]
10:02:02.640 [Forwarding clickElement on session 3ef95930-d365-41b3-a625-d6e1f7f3ca76 to remote] DEBUG org.asynchttpclient.netty.request.NettyRequestSender - Using pooled Channel '[id: 0xac19b5dd, L:/127.0.0.1:62239 - R:/127.0.0.1:4723]' for 'POST' to 'http://0.0.0.0:4723/wd/hub/session/3ef95930-d365-41b3-a625-d6e1f7f3ca76/element/00000000-0000-0543-0000-002300000003/click'
10:02:02.641 [Forwarding clickElement on session 3ef95930-d365-41b3-a625-d6e1f7f3ca76 to remote] DEBUG org.asynchttpclient.netty.request.NettyRequestSender - Using open Channel [id: 0xac19b5dd, L:/127.0.0.1:62239 - R:/127.0.0.1:4723] for POST '/wd/hub/session/3ef95930-d365-41b3-a625-d6e1f7f3ca76/element/00000000-0000-0543-0000-002300000003/click'
10:02:02.708 [AsyncHttpClient-1-2] DEBUG org.asynchttpclient.netty.handler.HttpHandler - 

Request DefaultHttpRequest(decodeResult: success, version: HTTP/1.1)
POST /wd/hub/session/3ef95930-d365-41b3-a625-d6e1f7f3ca76/element/00000000-0000-0543-0000-002300000003/click HTTP/1.1
User-Agent: appium/8.3.0 (selenium/4.8.1 (java windows))
Content-Length: 50
Content-Type: application/json; charset=utf-8
host: 0.0.0.0:4723
accept: */*

Response DefaultHttpResponse(decodeResult: success, version: HTTP/1.1)
HTTP/1.1 200 OK
X-Powered-By: Express
Vary: X-HTTP-Method-Override
Content-Type: application/json; charset=utf-8
Content-Length: 14
ETag: W/"e-9/1BuKMgFObM1mWJm+YjxtXJnUM"
Date: Sat, 06 May 2023 03:02:02 GMT
Connection: keep-alive
Keep-Alive: timeout=600

10:02:02.709 [AsyncHttpClient-1-2] DEBUG org.asynchttpclient.netty.channel.ChannelManager - Adding key: http://0.0.0.0:4723 for channel [id: 0xac19b5dd, L:/127.0.0.1:62239 - R:/127.0.0.1:4723]
10:02:02.718 [Forwarding findElement on session 3ef95930-d365-41b3-a625-d6e1f7f3ca76 to remote] DEBUG org.asynchttpclient.netty.request.NettyRequestSender - Using pooled Channel '[id: 0xac19b5dd, L:/127.0.0.1:62239 - R:/127.0.0.1:4723]' for 'POST' to 'http://0.0.0.0:4723/wd/hub/session/3ef95930-d365-41b3-a625-d6e1f7f3ca76/element'
10:02:02.718 [Forwarding findElement on session 3ef95930-d365-41b3-a625-d6e1f7f3ca76 to remote] DEBUG org.asynchttpclient.netty.request.NettyRequestSender - Using open Channel [id: 0xac19b5dd, L:/127.0.0.1:62239 - R:/127.0.0.1:4723] for POST '/wd/hub/session/3ef95930-d365-41b3-a625-d6e1f7f3ca76/element'
10:02:03.365 [AsyncHttpClient-1-2] DEBUG org.asynchttpclient.netty.handler.HttpHandler - 

Request DefaultHttpRequest(decodeResult: success, version: HTTP/1.1)
POST /wd/hub/session/3ef95930-d365-41b3-a625-d6e1f7f3ca76/element HTTP/1.1
User-Agent: appium/8.3.0 (selenium/4.8.1 (java windows))
Content-Length: 305
Content-Type: application/json; charset=utf-8
host: 0.0.0.0:4723
accept: */*

Response DefaultHttpResponse(decodeResult: success, version: HTTP/1.1)
HTTP/1.1 200 OK
X-Powered-By: Express
Vary: X-HTTP-Method-Override
Content-Type: application/json; charset=utf-8
Content-Length: 137
ETag: W/"89-r6dqwdz6Doxu+pu6CF3uqcmf7AI"
Date: Sat, 06 May 2023 03:02:03 GMT
Connection: keep-alive
Keep-Alive: timeout=600

10:02:03.366 [AsyncHttpClient-1-2] DEBUG org.asynchttpclient.netty.channel.ChannelManager - Adding key: http://0.0.0.0:4723 for channel [id: 0xac19b5dd, L:/127.0.0.1:62239 - R:/127.0.0.1:4723]
10:02:03.370 [Forwarding sendKeysToElement on session 3ef95930-d365-41b3-a625-d6e1f7f3ca76 to remote] DEBUG org.asynchttpclient.netty.request.NettyRequestSender - Using pooled Channel '[id: 0xac19b5dd, L:/127.0.0.1:62239 - R:/127.0.0.1:4723]' for 'POST' to 'http://0.0.0.0:4723/wd/hub/session/3ef95930-d365-41b3-a625-d6e1f7f3ca76/element/00000000-0000-0543-0000-002300000003/value'
10:02:03.370 [Forwarding sendKeysToElement on session 3ef95930-d365-41b3-a625-d6e1f7f3ca76 to remote] DEBUG org.asynchttpclient.netty.request.NettyRequestSender - Using open Channel [id: 0xac19b5dd, L:/127.0.0.1:62239 - R:/127.0.0.1:4723] for POST '/wd/hub/session/3ef95930-d365-41b3-a625-d6e1f7f3ca76/element/00000000-0000-0543-0000-002300000003/value'
10:02:03.415 [AsyncHttpClient-1-2] DEBUG org.asynchttpclient.netty.handler.HttpHandler - 

Request DefaultHttpRequest(decodeResult: success, version: HTTP/1.1)
POST /wd/hub/session/3ef95930-d365-41b3-a625-d6e1f7f3ca76/element/00000000-0000-0543-0000-002300000003/value HTTP/1.1
User-Agent: appium/8.3.0 (selenium/4.8.1 (java windows))
Content-Length: 211
Content-Type: application/json; charset=utf-8
host: 0.0.0.0:4723
accept: */*

Response DefaultHttpResponse(decodeResult: success, version: HTTP/1.1)
HTTP/1.1 200 OK
X-Powered-By: Express
Vary: X-HTTP-Method-Override
Content-Type: application/json; charset=utf-8
Content-Length: 14
ETag: W/"e-9/1BuKMgFObM1mWJm+YjxtXJnUM"
Date: Sat, 06 May 2023 03:02:03 GMT
Connection: keep-alive
Keep-Alive: timeout=600

10:02:03.416 [AsyncHttpClient-1-2] DEBUG org.asynchttpclient.netty.channel.ChannelManager - Adding key: http://0.0.0.0:4723 for channel [id: 0xac19b5dd, L:/127.0.0.1:62239 - R:/127.0.0.1:4723]
10:02:03.419 [main] DEBUG net.thucydides.core.steps.StepInterceptor - STEP DONE: inputEmail
]]></system-out>
  </testcase>
  <testcase name="user input password valid for login feature" classname="user bisa login menggunakan data valid" time="1.44">
    <system-out><![CDATA[10:02:03.439 [main] DEBUG net.thucydides.core.steps.StepInterceptor - STARTING STEP: LoginSteps.userInputPasswordValidForLoginFeature - inputPassword
10:02:03.456 [Forwarding findElement on session 3ef95930-d365-41b3-a625-d6e1f7f3ca76 to remote] DEBUG org.asynchttpclient.netty.request.NettyRequestSender - Using pooled Channel '[id: 0xac19b5dd, L:/127.0.0.1:62239 - R:/127.0.0.1:4723]' for 'POST' to 'http://0.0.0.0:4723/wd/hub/session/3ef95930-d365-41b3-a625-d6e1f7f3ca76/element'
10:02:03.456 [Forwarding findElement on session 3ef95930-d365-41b3-a625-d6e1f7f3ca76 to remote] DEBUG org.asynchttpclient.netty.request.NettyRequestSender - Using open Channel [id: 0xac19b5dd, L:/127.0.0.1:62239 - R:/127.0.0.1:4723] for POST '/wd/hub/session/3ef95930-d365-41b3-a625-d6e1f7f3ca76/element'
10:02:04.025 [AsyncHttpClient-1-2] DEBUG org.asynchttpclient.netty.handler.HttpHandler - 

Request DefaultHttpRequest(decodeResult: success, version: HTTP/1.1)
POST /wd/hub/session/3ef95930-d365-41b3-a625-d6e1f7f3ca76/element HTTP/1.1
User-Agent: appium/8.3.0 (selenium/4.8.1 (java windows))
Content-Length: 305
Content-Type: application/json; charset=utf-8
host: 0.0.0.0:4723
accept: */*

Response DefaultHttpResponse(decodeResult: success, version: HTTP/1.1)
HTTP/1.1 200 OK
X-Powered-By: Express
Vary: X-HTTP-Method-Override
Content-Type: application/json; charset=utf-8
Content-Length: 137
ETag: W/"89-b7mBT6WdaMPH7dJ2NdLXEi7SFis"
Date: Sat, 06 May 2023 03:02:04 GMT
Connection: keep-alive
Keep-Alive: timeout=600

10:02:04.026 [AsyncHttpClient-1-2] DEBUG org.asynchttpclient.netty.channel.ChannelManager - Adding key: http://0.0.0.0:4723 for channel [id: 0xac19b5dd, L:/127.0.0.1:62239 - R:/127.0.0.1:4723]
10:02:04.028 [Forwarding isElementDisplayed on session 3ef95930-d365-41b3-a625-d6e1f7f3ca76 to remote] DEBUG org.asynchttpclient.netty.request.NettyRequestSender - Using pooled Channel '[id: 0xac19b5dd, L:/127.0.0.1:62239 - R:/127.0.0.1:4723]' for 'GET' to 'http://0.0.0.0:4723/wd/hub/session/3ef95930-d365-41b3-a625-d6e1f7f3ca76/element/00000000-0000-0543-0000-002400000003/displayed'
10:02:04.028 [Forwarding isElementDisplayed on session 3ef95930-d365-41b3-a625-d6e1f7f3ca76 to remote] DEBUG org.asynchttpclient.netty.request.NettyRequestSender - Using open Channel [id: 0xac19b5dd, L:/127.0.0.1:62239 - R:/127.0.0.1:4723] for GET '/wd/hub/session/3ef95930-d365-41b3-a625-d6e1f7f3ca76/element/00000000-0000-0543-0000-002400000003/displayed'
10:02:04.059 [AsyncHttpClient-1-2] DEBUG org.asynchttpclient.netty.handler.HttpHandler - 

Request DefaultFullHttpRequest(decodeResult: success, version: HTTP/1.1, content: EmptyByteBufBE)
GET /wd/hub/session/3ef95930-d365-41b3-a625-d6e1f7f3ca76/element/00000000-0000-0543-0000-002400000003/displayed HTTP/1.1
User-Agent: appium/8.3.0 (selenium/4.8.1 (java windows))
Cache-Control: no-cache
Content-Type: application/json; charset=utf-8
host: 0.0.0.0:4723
accept: */*

Response DefaultHttpResponse(decodeResult: success, version: HTTP/1.1)
HTTP/1.1 200 OK
X-Powered-By: Express
Content-Type: application/json; charset=utf-8
Content-Length: 14
ETag: W/"e-2ZHvAWebNQpyjGZTg6uyV8/spTo"
Date: Sat, 06 May 2023 03:02:04 GMT
Connection: keep-alive
Keep-Alive: timeout=600

10:02:04.059 [AsyncHttpClient-1-2] DEBUG org.asynchttpclient.netty.channel.ChannelManager - Adding key: http://0.0.0.0:4723 for channel [id: 0xac19b5dd, L:/127.0.0.1:62239 - R:/127.0.0.1:4723]
10:02:04.061 [Forwarding isElementEnabled on session 3ef95930-d365-41b3-a625-d6e1f7f3ca76 to remote] DEBUG org.asynchttpclient.netty.request.NettyRequestSender - Using pooled Channel '[id: 0xac19b5dd, L:/127.0.0.1:62239 - R:/127.0.0.1:4723]' for 'GET' to 'http://0.0.0.0:4723/wd/hub/session/3ef95930-d365-41b3-a625-d6e1f7f3ca76/element/00000000-0000-0543-0000-002400000003/enabled'
10:02:04.061 [Forwarding isElementEnabled on session 3ef95930-d365-41b3-a625-d6e1f7f3ca76 to remote] DEBUG org.asynchttpclient.netty.request.NettyRequestSender - Using open Channel [id: 0xac19b5dd, L:/127.0.0.1:62239 - R:/127.0.0.1:4723] for GET '/wd/hub/session/3ef95930-d365-41b3-a625-d6e1f7f3ca76/element/00000000-0000-0543-0000-002400000003/enabled'
10:02:04.088 [AsyncHttpClient-1-2] DEBUG org.asynchttpclient.netty.handler.HttpHandler - 

Request DefaultFullHttpRequest(decodeResult: success, version: HTTP/1.1, content: EmptyByteBufBE)
GET /wd/hub/session/3ef95930-d365-41b3-a625-d6e1f7f3ca76/element/00000000-0000-0543-0000-002400000003/enabled HTTP/1.1
User-Agent: appium/8.3.0 (selenium/4.8.1 (java windows))
Cache-Control: no-cache
Content-Type: application/json; charset=utf-8
host: 0.0.0.0:4723
accept: */*

Response DefaultHttpResponse(decodeResult: success, version: HTTP/1.1)
HTTP/1.1 200 OK
X-Powered-By: Express
Content-Type: application/json; charset=utf-8
Content-Length: 14
ETag: W/"e-2ZHvAWebNQpyjGZTg6uyV8/spTo"
Date: Sat, 06 May 2023 03:02:04 GMT
Connection: keep-alive
Keep-Alive: timeout=600

10:02:04.088 [AsyncHttpClient-1-2] DEBUG org.asynchttpclient.netty.channel.ChannelManager - Adding key: http://0.0.0.0:4723 for channel [id: 0xac19b5dd, L:/127.0.0.1:62239 - R:/127.0.0.1:4723]
10:02:04.091 [Forwarding clickElement on session 3ef95930-d365-41b3-a625-d6e1f7f3ca76 to remote] DEBUG org.asynchttpclient.netty.request.NettyRequestSender - Using pooled Channel '[id: 0xac19b5dd, L:/127.0.0.1:62239 - R:/127.0.0.1:4723]' for 'POST' to 'http://0.0.0.0:4723/wd/hub/session/3ef95930-d365-41b3-a625-d6e1f7f3ca76/element/00000000-0000-0543-0000-002400000003/click'
10:02:04.092 [Forwarding clickElement on session 3ef95930-d365-41b3-a625-d6e1f7f3ca76 to remote] DEBUG org.asynchttpclient.netty.request.NettyRequestSender - Using open Channel [id: 0xac19b5dd, L:/127.0.0.1:62239 - R:/127.0.0.1:4723] for POST '/wd/hub/session/3ef95930-d365-41b3-a625-d6e1f7f3ca76/element/00000000-0000-0543-0000-002400000003/click'
10:02:04.156 [AsyncHttpClient-1-2] DEBUG org.asynchttpclient.netty.handler.HttpHandler - 

Request DefaultHttpRequest(decodeResult: success, version: HTTP/1.1)
POST /wd/hub/session/3ef95930-d365-41b3-a625-d6e1f7f3ca76/element/00000000-0000-0543-0000-002400000003/click HTTP/1.1
User-Agent: appium/8.3.0 (selenium/4.8.1 (java windows))
Content-Length: 50
Content-Type: application/json; charset=utf-8
host: 0.0.0.0:4723
accept: */*

Response DefaultHttpResponse(decodeResult: success, version: HTTP/1.1)
HTTP/1.1 200 OK
X-Powered-By: Express
Vary: X-HTTP-Method-Override
Content-Type: application/json; charset=utf-8
Content-Length: 14
ETag: W/"e-9/1BuKMgFObM1mWJm+YjxtXJnUM"
Date: Sat, 06 May 2023 03:02:04 GMT
Connection: keep-alive
Keep-Alive: timeout=600

10:02:04.157 [AsyncHttpClient-1-2] DEBUG org.asynchttpclient.netty.channel.ChannelManager - Adding key: http://0.0.0.0:4723 for channel [id: 0xac19b5dd, L:/127.0.0.1:62239 - R:/127.0.0.1:4723]
10:02:04.162 [Forwarding findElement on session 3ef95930-d365-41b3-a625-d6e1f7f3ca76 to remote] DEBUG org.asynchttpclient.netty.request.NettyRequestSender - Using pooled Channel '[id: 0xac19b5dd, L:/127.0.0.1:62239 - R:/127.0.0.1:4723]' for 'POST' to 'http://0.0.0.0:4723/wd/hub/session/3ef95930-d365-41b3-a625-d6e1f7f3ca76/element'
10:02:04.162 [Forwarding findElement on session 3ef95930-d365-41b3-a625-d6e1f7f3ca76 to remote] DEBUG org.asynchttpclient.netty.request.NettyRequestSender - Using open Channel [id: 0xac19b5dd, L:/127.0.0.1:62239 - R:/127.0.0.1:4723] for POST '/wd/hub/session/3ef95930-d365-41b3-a625-d6e1f7f3ca76/element'
10:02:04.404 [AsyncHttpClient-1-2] DEBUG org.asynchttpclient.netty.handler.HttpHandler - 

Request DefaultHttpRequest(decodeResult: success, version: HTTP/1.1)
POST /wd/hub/session/3ef95930-d365-41b3-a625-d6e1f7f3ca76/element HTTP/1.1
User-Agent: appium/8.3.0 (selenium/4.8.1 (java windows))
Content-Length: 305
Content-Type: application/json; charset=utf-8
host: 0.0.0.0:4723
accept: */*

Response DefaultHttpResponse(decodeResult: success, version: HTTP/1.1)
HTTP/1.1 200 OK
X-Powered-By: Express
Vary: X-HTTP-Method-Override
Content-Type: application/json; charset=utf-8
Content-Length: 137
ETag: W/"89-b7mBT6WdaMPH7dJ2NdLXEi7SFis"
Date: Sat, 06 May 2023 03:02:04 GMT
Connection: keep-alive
Keep-Alive: timeout=600

10:02:04.405 [AsyncHttpClient-1-2] DEBUG org.asynchttpclient.netty.channel.ChannelManager - Adding key: http://0.0.0.0:4723 for channel [id: 0xac19b5dd, L:/127.0.0.1:62239 - R:/127.0.0.1:4723]
10:02:04.408 [Forwarding sendKeysToElement on session 3ef95930-d365-41b3-a625-d6e1f7f3ca76 to remote] DEBUG org.asynchttpclient.netty.request.NettyRequestSender - Using pooled Channel '[id: 0xac19b5dd, L:/127.0.0.1:62239 - R:/127.0.0.1:4723]' for 'POST' to 'http://0.0.0.0:4723/wd/hub/session/3ef95930-d365-41b3-a625-d6e1f7f3ca76/element/00000000-0000-0543-0000-002400000003/value'
10:02:04.408 [Forwarding sendKeysToElement on session 3ef95930-d365-41b3-a625-d6e1f7f3ca76 to remote] DEBUG org.asynchttpclient.netty.request.NettyRequestSender - Using open Channel [id: 0xac19b5dd, L:/127.0.0.1:62239 - R:/127.0.0.1:4723] for POST '/wd/hub/session/3ef95930-d365-41b3-a625-d6e1f7f3ca76/element/00000000-0000-0543-0000-002400000003/value'
10:02:04.864 [AsyncHttpClient-1-2] DEBUG org.asynchttpclient.netty.handler.HttpHandler - 

Request DefaultHttpRequest(decodeResult: success, version: HTTP/1.1)
POST /wd/hub/session/3ef95930-d365-41b3-a625-d6e1f7f3ca76/element/00000000-0000-0543-0000-002400000003/value HTTP/1.1
User-Agent: appium/8.3.0 (selenium/4.8.1 (java windows))
Content-Length: 111
Content-Type: application/json; charset=utf-8
host: 0.0.0.0:4723
accept: */*

Response DefaultHttpResponse(decodeResult: success, version: HTTP/1.1)
HTTP/1.1 200 OK
X-Powered-By: Express
Vary: X-HTTP-Method-Override
Content-Type: application/json; charset=utf-8
Content-Length: 14
ETag: W/"e-9/1BuKMgFObM1mWJm+YjxtXJnUM"
Date: Sat, 06 May 2023 03:02:04 GMT
Connection: keep-alive
Keep-Alive: timeout=600

10:02:04.864 [AsyncHttpClient-1-2] DEBUG org.asynchttpclient.netty.channel.ChannelManager - Adding key: http://0.0.0.0:4723 for channel [id: 0xac19b5dd, L:/127.0.0.1:62239 - R:/127.0.0.1:4723]
10:02:04.867 [main] DEBUG net.thucydides.core.steps.StepInterceptor - STEP DONE: inputPassword
]]></system-out>
  </testcase>
  <testcase name="user click login button again for login feature" classname="user bisa login menggunakan data valid" time="1.884">
    <system-out><![CDATA[10:02:04.890 [main] DEBUG net.thucydides.core.steps.StepInterceptor - STARTING STEP: LoginSteps.userClickLoginButtonAgainForLoginFeature - clickButtonLoginSecond
10:02:04.892 [Forwarding findElement on session 3ef95930-d365-41b3-a625-d6e1f7f3ca76 to remote] DEBUG org.asynchttpclient.netty.request.NettyRequestSender - Using pooled Channel '[id: 0xac19b5dd, L:/127.0.0.1:62239 - R:/127.0.0.1:4723]' for 'POST' to 'http://0.0.0.0:4723/wd/hub/session/3ef95930-d365-41b3-a625-d6e1f7f3ca76/element'
10:02:04.892 [Forwarding findElement on session 3ef95930-d365-41b3-a625-d6e1f7f3ca76 to remote] DEBUG org.asynchttpclient.netty.request.NettyRequestSender - Using open Channel [id: 0xac19b5dd, L:/127.0.0.1:62239 - R:/127.0.0.1:4723] for POST '/wd/hub/session/3ef95930-d365-41b3-a625-d6e1f7f3ca76/element'
10:02:05.583 [AsyncHttpClient-1-2] DEBUG org.asynchttpclient.netty.handler.HttpHandler - 

Request DefaultHttpRequest(decodeResult: success, version: HTTP/1.1)
POST /wd/hub/session/3ef95930-d365-41b3-a625-d6e1f7f3ca76/element HTTP/1.1
User-Agent: appium/8.3.0 (selenium/4.8.1 (java windows))
Content-Length: 95
Content-Type: application/json; charset=utf-8
host: 0.0.0.0:4723
accept: */*

Response DefaultHttpResponse(decodeResult: success, version: HTTP/1.1)
HTTP/1.1 200 OK
X-Powered-By: Express
Vary: X-HTTP-Method-Override
Content-Type: application/json; charset=utf-8
Content-Length: 137
ETag: W/"89-qDp9jS3jIMaf929I8xnM3jUUgGM"
Date: Sat, 06 May 2023 03:02:05 GMT
Connection: keep-alive
Keep-Alive: timeout=600

10:02:05.585 [AsyncHttpClient-1-2] DEBUG org.asynchttpclient.netty.channel.ChannelManager - Adding key: http://0.0.0.0:4723 for channel [id: 0xac19b5dd, L:/127.0.0.1:62239 - R:/127.0.0.1:4723]
10:02:05.587 [Forwarding isElementDisplayed on session 3ef95930-d365-41b3-a625-d6e1f7f3ca76 to remote] DEBUG org.asynchttpclient.netty.request.NettyRequestSender - Using pooled Channel '[id: 0xac19b5dd, L:/127.0.0.1:62239 - R:/127.0.0.1:4723]' for 'GET' to 'http://0.0.0.0:4723/wd/hub/session/3ef95930-d365-41b3-a625-d6e1f7f3ca76/element/00000000-0000-0543-0000-002500000003/displayed'
10:02:05.587 [Forwarding isElementDisplayed on session 3ef95930-d365-41b3-a625-d6e1f7f3ca76 to remote] DEBUG org.asynchttpclient.netty.request.NettyRequestSender - Using open Channel [id: 0xac19b5dd, L:/127.0.0.1:62239 - R:/127.0.0.1:4723] for GET '/wd/hub/session/3ef95930-d365-41b3-a625-d6e1f7f3ca76/element/00000000-0000-0543-0000-002500000003/displayed'
10:02:05.607 [AsyncHttpClient-1-2] DEBUG org.asynchttpclient.netty.handler.HttpHandler - 

Request DefaultFullHttpRequest(decodeResult: success, version: HTTP/1.1, content: EmptyByteBufBE)
GET /wd/hub/session/3ef95930-d365-41b3-a625-d6e1f7f3ca76/element/00000000-0000-0543-0000-002500000003/displayed HTTP/1.1
User-Agent: appium/8.3.0 (selenium/4.8.1 (java windows))
Cache-Control: no-cache
Content-Type: application/json; charset=utf-8
host: 0.0.0.0:4723
accept: */*

Response DefaultHttpResponse(decodeResult: success, version: HTTP/1.1)
HTTP/1.1 200 OK
X-Powered-By: Express
Content-Type: application/json; charset=utf-8
Content-Length: 14
ETag: W/"e-2ZHvAWebNQpyjGZTg6uyV8/spTo"
Date: Sat, 06 May 2023 03:02:05 GMT
Connection: keep-alive
Keep-Alive: timeout=600

10:02:05.608 [AsyncHttpClient-1-2] DEBUG org.asynchttpclient.netty.channel.ChannelManager - Adding key: http://0.0.0.0:4723 for channel [id: 0xac19b5dd, L:/127.0.0.1:62239 - R:/127.0.0.1:4723]
10:02:05.609 [Forwarding isElementEnabled on session 3ef95930-d365-41b3-a625-d6e1f7f3ca76 to remote] DEBUG org.asynchttpclient.netty.request.NettyRequestSender - Using pooled Channel '[id: 0xac19b5dd, L:/127.0.0.1:62239 - R:/127.0.0.1:4723]' for 'GET' to 'http://0.0.0.0:4723/wd/hub/session/3ef95930-d365-41b3-a625-d6e1f7f3ca76/element/00000000-0000-0543-0000-002500000003/enabled'
10:02:05.609 [Forwarding isElementEnabled on session 3ef95930-d365-41b3-a625-d6e1f7f3ca76 to remote] DEBUG org.asynchttpclient.netty.request.NettyRequestSender - Using open Channel [id: 0xac19b5dd, L:/127.0.0.1:62239 - R:/127.0.0.1:4723] for GET '/wd/hub/session/3ef95930-d365-41b3-a625-d6e1f7f3ca76/element/00000000-0000-0543-0000-002500000003/enabled'
10:02:05.632 [AsyncHttpClient-1-2] DEBUG org.asynchttpclient.netty.handler.HttpHandler - 

Request DefaultFullHttpRequest(decodeResult: success, version: HTTP/1.1, content: EmptyByteBufBE)
GET /wd/hub/session/3ef95930-d365-41b3-a625-d6e1f7f3ca76/element/00000000-0000-0543-0000-002500000003/enabled HTTP/1.1
User-Agent: appium/8.3.0 (selenium/4.8.1 (java windows))
Cache-Control: no-cache
Content-Type: application/json; charset=utf-8
host: 0.0.0.0:4723
accept: */*

Response DefaultHttpResponse(decodeResult: success, version: HTTP/1.1)
HTTP/1.1 200 OK
X-Powered-By: Express
Content-Type: application/json; charset=utf-8
Content-Length: 14
ETag: W/"e-2ZHvAWebNQpyjGZTg6uyV8/spTo"
Date: Sat, 06 May 2023 03:02:05 GMT
Connection: keep-alive
Keep-Alive: timeout=600

10:02:05.632 [AsyncHttpClient-1-2] DEBUG org.asynchttpclient.netty.channel.ChannelManager - Adding key: http://0.0.0.0:4723 for channel [id: 0xac19b5dd, L:/127.0.0.1:62239 - R:/127.0.0.1:4723]
10:02:05.635 [Forwarding clickElement on session 3ef95930-d365-41b3-a625-d6e1f7f3ca76 to remote] DEBUG org.asynchttpclient.netty.request.NettyRequestSender - Using pooled Channel '[id: 0xac19b5dd, L:/127.0.0.1:62239 - R:/127.0.0.1:4723]' for 'POST' to 'http://0.0.0.0:4723/wd/hub/session/3ef95930-d365-41b3-a625-d6e1f7f3ca76/element/00000000-0000-0543-0000-002500000003/click'
10:02:05.635 [Forwarding clickElement on session 3ef95930-d365-41b3-a625-d6e1f7f3ca76 to remote] DEBUG org.asynchttpclient.netty.request.NettyRequestSender - Using open Channel [id: 0xac19b5dd, L:/127.0.0.1:62239 - R:/127.0.0.1:4723] for POST '/wd/hub/session/3ef95930-d365-41b3-a625-d6e1f7f3ca76/element/00000000-0000-0543-0000-002500000003/click'
10:02:06.758 [AsyncHttpClient-1-2] DEBUG org.asynchttpclient.netty.handler.HttpHandler - 

Request DefaultHttpRequest(decodeResult: success, version: HTTP/1.1)
POST /wd/hub/session/3ef95930-d365-41b3-a625-d6e1f7f3ca76/element/00000000-0000-0543-0000-002500000003/click HTTP/1.1
User-Agent: appium/8.3.0 (selenium/4.8.1 (java windows))
Content-Length: 50
Content-Type: application/json; charset=utf-8
host: 0.0.0.0:4723
accept: */*

Response DefaultHttpResponse(decodeResult: success, version: HTTP/1.1)
HTTP/1.1 200 OK
X-Powered-By: Express
Vary: X-HTTP-Method-Override
Content-Type: application/json; charset=utf-8
Content-Length: 14
ETag: W/"e-9/1BuKMgFObM1mWJm+YjxtXJnUM"
Date: Sat, 06 May 2023 03:02:06 GMT
Connection: keep-alive
Keep-Alive: timeout=600

10:02:06.759 [AsyncHttpClient-1-2] DEBUG org.asynchttpclient.netty.channel.ChannelManager - Adding key: http://0.0.0.0:4723 for channel [id: 0xac19b5dd, L:/127.0.0.1:62239 - R:/127.0.0.1:4723]
10:02:06.760 [main] DEBUG net.thucydides.core.steps.StepInterceptor - STEP DONE: clickButtonLoginSecond
]]></system-out>
  </testcase>
  <testcase name="user on homepage AltaShop for login feature" classname="user tidak bisa login karena menggunakan password yang salah" time="9.946">
    <system-out><![CDATA[10:02:06.769 [main] INFO  - 
  _____   ___   ___   _____     ___     _     ___   ___   ___   ___  
 |_   _| | __| / __| |_   _|   | _ \   /_\   / __| / __| | __| |   \ 
   | |   | _|  \__ \   | |     |  _/  / _ \  \__ \ \__ \ | _|  | |) |
   |_|   |___| |___/   |_|     |_|   /_/ \_\ |___/ |___/ |___| |___/ 

user bisa login menggunakan data valid
----------------------------------------------------------------------
10:02:06.787 [main] DEBUG io.cucumber.core.plugin.SerenityReporter - Running feature from file:///C:/Dev/ALTASHOP%20MOBILE%20AUTOMATION/src/test/resources/features/1.%20Login.feature
10:02:06.793 [main] INFO  - 
  _____   ___   ___   _____     ___   _____     _     ___   _____   ___   ___  
 |_   _| | __| / __| |_   _|   / __| |_   _|   /_\   | _ \ |_   _| | __| |   \ 
   | |   | _|  \__ \   | |     \__ \   | |    / _ \  |   /   | |   | _|  | |) |
   |_|   |___| |___/   |_|     |___/   |_|   /_/ \_\ |_|_\   |_|   |___| |___/ 

user tidak bisa login karena menggunakan password yang salah(login;user-tidak-bisa-login-karena-menggunakan-password-yang-salah)
--------------------------------------------------------------------------------
10:02:06.814 [main] DEBUG net.thucydides.core.steps.StepInterceptor - STARTING STEP: LoginSteps.userOnHomepageAltaShopForLoginFeature - onHomepageAltaShop
10:02:06.825 [Forwarding newSession on session null to remote] DEBUG org.asynchttpclient.netty.request.NettyRequestSender - Using pooled Channel '[id: 0xac19b5dd, L:/127.0.0.1:62239 - R:/127.0.0.1:4723]' for 'POST' to 'http://0.0.0.0:4723/wd/hub/session'
10:02:06.825 [Forwarding newSession on session null to remote] DEBUG org.asynchttpclient.netty.request.NettyRequestSender - Using open Channel [id: 0xac19b5dd, L:/127.0.0.1:62239 - R:/127.0.0.1:4723] for POST '/wd/hub/session'
10:02:15.632 [AsyncHttpClient-1-2] DEBUG org.asynchttpclient.netty.handler.HttpHandler - 

Request DefaultHttpRequest(decodeResult: success, version: HTTP/1.1)
POST /wd/hub/session HTTP/1.1
X-Idempotency-Key: 5b53eda3-81e6-4959-a6e2-15d9d7733cec
User-Agent: appium/8.3.0 (selenium/4.8.1 (java windows))
Content-Length: 301
Content-Type: application/json; charset=utf-8
host: 0.0.0.0:4723
accept: */*

Response DefaultHttpResponse(decodeResult: success, version: HTTP/1.1)
HTTP/1.1 200 OK
X-Powered-By: Express
Vary: X-HTTP-Method-Override
Content-Type: application/json; charset=utf-8
Content-Length: 920
ETag: W/"398-IWU8NvcGHsiD8P51NzzOBJWgwzQ"
Date: Sat, 06 May 2023 03:02:15 GMT
Connection: keep-alive
Keep-Alive: timeout=600

10:02:15.634 [AsyncHttpClient-1-2] DEBUG org.asynchttpclient.netty.channel.ChannelManager - Adding key: http://0.0.0.0:4723 for channel [id: 0xac19b5dd, L:/127.0.0.1:62239 - R:/127.0.0.1:4723]
10:02:15.647 [Forwarding setTimeout on session a6c5a8e0-32f5-42e0-9da5-cf0945d3d41c to remote] DEBUG org.asynchttpclient.netty.request.NettyRequestSender - Using pooled Channel '[id: 0xac19b5dd, L:/127.0.0.1:62239 - R:/127.0.0.1:4723]' for 'POST' to 'http://0.0.0.0:4723/wd/hub/session/a6c5a8e0-32f5-42e0-9da5-cf0945d3d41c/timeouts'
10:02:15.647 [Forwarding setTimeout on session a6c5a8e0-32f5-42e0-9da5-cf0945d3d41c to remote] DEBUG org.asynchttpclient.netty.request.NettyRequestSender - Using open Channel [id: 0xac19b5dd, L:/127.0.0.1:62239 - R:/127.0.0.1:4723] for POST '/wd/hub/session/a6c5a8e0-32f5-42e0-9da5-cf0945d3d41c/timeouts'
10:02:15.657 [AsyncHttpClient-1-2] DEBUG org.asynchttpclient.netty.handler.HttpHandler - 

Request DefaultHttpRequest(decodeResult: success, version: HTTP/1.1)
POST /wd/hub/session/a6c5a8e0-32f5-42e0-9da5-cf0945d3d41c/timeouts HTTP/1.1
User-Agent: appium/8.3.0 (selenium/4.8.1 (java windows))
Content-Length: 23
Content-Type: application/json; charset=utf-8
host: 0.0.0.0:4723
accept: */*

Response DefaultHttpResponse(decodeResult: success, version: HTTP/1.1)
HTTP/1.1 200 OK
X-Powered-By: Express
Vary: X-HTTP-Method-Override
Content-Type: application/json; charset=utf-8
Content-Length: 14
ETag: W/"e-9/1BuKMgFObM1mWJm+YjxtXJnUM"
Date: Sat, 06 May 2023 03:02:15 GMT
Connection: keep-alive
Keep-Alive: timeout=600

10:02:15.658 [AsyncHttpClient-1-2] DEBUG org.asynchttpclient.netty.channel.ChannelManager - Adding key: http://0.0.0.0:4723 for channel [id: 0xac19b5dd, L:/127.0.0.1:62239 - R:/127.0.0.1:4723]
10:02:15.661 [Forwarding findElement on session a6c5a8e0-32f5-42e0-9da5-cf0945d3d41c to remote] DEBUG org.asynchttpclient.netty.request.NettyRequestSender - Using pooled Channel '[id: 0xac19b5dd, L:/127.0.0.1:62239 - R:/127.0.0.1:4723]' for 'POST' to 'http://0.0.0.0:4723/wd/hub/session/a6c5a8e0-32f5-42e0-9da5-cf0945d3d41c/element'
10:02:15.662 [Forwarding findElement on session a6c5a8e0-32f5-42e0-9da5-cf0945d3d41c to remote] DEBUG org.asynchttpclient.netty.request.NettyRequestSender - Using open Channel [id: 0xac19b5dd, L:/127.0.0.1:62239 - R:/127.0.0.1:4723] for POST '/wd/hub/session/a6c5a8e0-32f5-42e0-9da5-cf0945d3d41c/element'
10:02:16.680 [AsyncHttpClient-1-2] DEBUG org.asynchttpclient.netty.handler.HttpHandler - 

Request DefaultHttpRequest(decodeResult: success, version: HTTP/1.1)
POST /wd/hub/session/a6c5a8e0-32f5-42e0-9da5-cf0945d3d41c/element HTTP/1.1
User-Agent: appium/8.3.0 (selenium/4.8.1 (java windows))
Content-Length: 326
Content-Type: application/json; charset=utf-8
host: 0.0.0.0:4723
accept: */*

Response DefaultHttpResponse(decodeResult: success, version: HTTP/1.1)
HTTP/1.1 200 OK
X-Powered-By: Express
Vary: X-HTTP-Method-Override
Content-Type: application/json; charset=utf-8
Content-Length: 137
ETag: W/"89-IUB9DoWN0t2aeZxMj5qyuAuBBTM"
Date: Sat, 06 May 2023 03:02:16 GMT
Connection: keep-alive
Keep-Alive: timeout=600

10:02:16.681 [AsyncHttpClient-1-2] DEBUG org.asynchttpclient.netty.channel.ChannelManager - Adding key: http://0.0.0.0:4723 for channel [id: 0xac19b5dd, L:/127.0.0.1:62239 - R:/127.0.0.1:4723]
10:02:16.684 [Forwarding isElementDisplayed on session a6c5a8e0-32f5-42e0-9da5-cf0945d3d41c to remote] DEBUG org.asynchttpclient.netty.request.NettyRequestSender - Using pooled Channel '[id: 0xac19b5dd, L:/127.0.0.1:62239 - R:/127.0.0.1:4723]' for 'GET' to 'http://0.0.0.0:4723/wd/hub/session/a6c5a8e0-32f5-42e0-9da5-cf0945d3d41c/element/00000000-0000-0551-0000-000700000003/displayed'
10:02:16.684 [Forwarding isElementDisplayed on session a6c5a8e0-32f5-42e0-9da5-cf0945d3d41c to remote] DEBUG org.asynchttpclient.netty.request.NettyRequestSender - Using open Channel [id: 0xac19b5dd, L:/127.0.0.1:62239 - R:/127.0.0.1:4723] for GET '/wd/hub/session/a6c5a8e0-32f5-42e0-9da5-cf0945d3d41c/element/00000000-0000-0551-0000-000700000003/displayed'
10:02:16.711 [AsyncHttpClient-1-2] DEBUG org.asynchttpclient.netty.handler.HttpHandler - 

Request DefaultFullHttpRequest(decodeResult: success, version: HTTP/1.1, content: EmptyByteBufBE)
GET /wd/hub/session/a6c5a8e0-32f5-42e0-9da5-cf0945d3d41c/element/00000000-0000-0551-0000-000700000003/displayed HTTP/1.1
User-Agent: appium/8.3.0 (selenium/4.8.1 (java windows))
Cache-Control: no-cache
Content-Type: application/json; charset=utf-8
host: 0.0.0.0:4723
accept: */*

Response DefaultHttpResponse(decodeResult: success, version: HTTP/1.1)
HTTP/1.1 200 OK
X-Powered-By: Express
Content-Type: application/json; charset=utf-8
Content-Length: 14
ETag: W/"e-2ZHvAWebNQpyjGZTg6uyV8/spTo"
Date: Sat, 06 May 2023 03:02:16 GMT
Connection: keep-alive
Keep-Alive: timeout=600

10:02:16.711 [AsyncHttpClient-1-2] DEBUG org.asynchttpclient.netty.channel.ChannelManager - Adding key: http://0.0.0.0:4723 for channel [id: 0xac19b5dd, L:/127.0.0.1:62239 - R:/127.0.0.1:4723]
10:02:16.713 [Forwarding isElementDisplayed on session a6c5a8e0-32f5-42e0-9da5-cf0945d3d41c to remote] DEBUG org.asynchttpclient.netty.request.NettyRequestSender - Using pooled Channel '[id: 0xac19b5dd, L:/127.0.0.1:62239 - R:/127.0.0.1:4723]' for 'GET' to 'http://0.0.0.0:4723/wd/hub/session/a6c5a8e0-32f5-42e0-9da5-cf0945d3d41c/element/00000000-0000-0551-0000-000700000003/displayed'
10:02:16.713 [Forwarding isElementDisplayed on session a6c5a8e0-32f5-42e0-9da5-cf0945d3d41c to remote] DEBUG org.asynchttpclient.netty.request.NettyRequestSender - Using open Channel [id: 0xac19b5dd, L:/127.0.0.1:62239 - R:/127.0.0.1:4723] for GET '/wd/hub/session/a6c5a8e0-32f5-42e0-9da5-cf0945d3d41c/element/00000000-0000-0551-0000-000700000003/displayed'
10:02:16.741 [AsyncHttpClient-1-2] DEBUG org.asynchttpclient.netty.handler.HttpHandler - 

Request DefaultFullHttpRequest(decodeResult: success, version: HTTP/1.1, content: EmptyByteBufBE)
GET /wd/hub/session/a6c5a8e0-32f5-42e0-9da5-cf0945d3d41c/element/00000000-0000-0551-0000-000700000003/displayed HTTP/1.1
User-Agent: appium/8.3.0 (selenium/4.8.1 (java windows))
Cache-Control: no-cache
Content-Type: application/json; charset=utf-8
host: 0.0.0.0:4723
accept: */*

Response DefaultHttpResponse(decodeResult: success, version: HTTP/1.1)
HTTP/1.1 200 OK
X-Powered-By: Express
Content-Type: application/json; charset=utf-8
Content-Length: 14
ETag: W/"e-2ZHvAWebNQpyjGZTg6uyV8/spTo"
Date: Sat, 06 May 2023 03:02:16 GMT
Connection: keep-alive
Keep-Alive: timeout=600

10:02:16.742 [AsyncHttpClient-1-2] DEBUG org.asynchttpclient.netty.channel.ChannelManager - Adding key: http://0.0.0.0:4723 for channel [id: 0xac19b5dd, L:/127.0.0.1:62239 - R:/127.0.0.1:4723]
10:02:16.743 [main] DEBUG net.thucydides.core.steps.StepInterceptor - STEP DONE: onHomepageAltaShop
]]></system-out>
  </testcase>
  <testcase name="user click login button for login feature" classname="user tidak bisa login karena menggunakan password yang salah" time="0.269">
    <system-out><![CDATA[10:02:16.765 [main] DEBUG net.thucydides.core.steps.StepInterceptor - STARTING STEP: LoginSteps.userClickLoginButtonForLoginFeature - clickButtonLogin
10:02:16.771 [Forwarding findElement on session a6c5a8e0-32f5-42e0-9da5-cf0945d3d41c to remote] DEBUG org.asynchttpclient.netty.request.NettyRequestSender - Using pooled Channel '[id: 0xac19b5dd, L:/127.0.0.1:62239 - R:/127.0.0.1:4723]' for 'POST' to 'http://0.0.0.0:4723/wd/hub/session/a6c5a8e0-32f5-42e0-9da5-cf0945d3d41c/element'
10:02:16.772 [Forwarding findElement on session a6c5a8e0-32f5-42e0-9da5-cf0945d3d41c to remote] DEBUG org.asynchttpclient.netty.request.NettyRequestSender - Using open Channel [id: 0xac19b5dd, L:/127.0.0.1:62239 - R:/127.0.0.1:4723] for POST '/wd/hub/session/a6c5a8e0-32f5-42e0-9da5-cf0945d3d41c/element'
10:02:16.873 [AsyncHttpClient-1-2] DEBUG org.asynchttpclient.netty.handler.HttpHandler - 

Request DefaultHttpRequest(decodeResult: success, version: HTTP/1.1)
POST /wd/hub/session/a6c5a8e0-32f5-42e0-9da5-cf0945d3d41c/element HTTP/1.1
User-Agent: appium/8.3.0 (selenium/4.8.1 (java windows))
Content-Length: 326
Content-Type: application/json; charset=utf-8
host: 0.0.0.0:4723
accept: */*

Response DefaultHttpResponse(decodeResult: success, version: HTTP/1.1)
HTTP/1.1 200 OK
X-Powered-By: Express
Vary: X-HTTP-Method-Override
Content-Type: application/json; charset=utf-8
Content-Length: 137
ETag: W/"89-IUB9DoWN0t2aeZxMj5qyuAuBBTM"
Date: Sat, 06 May 2023 03:02:16 GMT
Connection: keep-alive
Keep-Alive: timeout=600

10:02:16.874 [AsyncHttpClient-1-2] DEBUG org.asynchttpclient.netty.channel.ChannelManager - Adding key: http://0.0.0.0:4723 for channel [id: 0xac19b5dd, L:/127.0.0.1:62239 - R:/127.0.0.1:4723]
10:02:16.875 [Forwarding isElementDisplayed on session a6c5a8e0-32f5-42e0-9da5-cf0945d3d41c to remote] DEBUG org.asynchttpclient.netty.request.NettyRequestSender - Using pooled Channel '[id: 0xac19b5dd, L:/127.0.0.1:62239 - R:/127.0.0.1:4723]' for 'GET' to 'http://0.0.0.0:4723/wd/hub/session/a6c5a8e0-32f5-42e0-9da5-cf0945d3d41c/element/00000000-0000-0551-0000-000700000003/displayed'
10:02:16.875 [Forwarding isElementDisplayed on session a6c5a8e0-32f5-42e0-9da5-cf0945d3d41c to remote] DEBUG org.asynchttpclient.netty.request.NettyRequestSender - Using open Channel [id: 0xac19b5dd, L:/127.0.0.1:62239 - R:/127.0.0.1:4723] for GET '/wd/hub/session/a6c5a8e0-32f5-42e0-9da5-cf0945d3d41c/element/00000000-0000-0551-0000-000700000003/displayed'
10:02:16.900 [AsyncHttpClient-1-2] DEBUG org.asynchttpclient.netty.handler.HttpHandler - 

Request DefaultFullHttpRequest(decodeResult: success, version: HTTP/1.1, content: EmptyByteBufBE)
GET /wd/hub/session/a6c5a8e0-32f5-42e0-9da5-cf0945d3d41c/element/00000000-0000-0551-0000-000700000003/displayed HTTP/1.1
User-Agent: appium/8.3.0 (selenium/4.8.1 (java windows))
Cache-Control: no-cache
Content-Type: application/json; charset=utf-8
host: 0.0.0.0:4723
accept: */*

Response DefaultHttpResponse(decodeResult: success, version: HTTP/1.1)
HTTP/1.1 200 OK
X-Powered-By: Express
Content-Type: application/json; charset=utf-8
Content-Length: 14
ETag: W/"e-2ZHvAWebNQpyjGZTg6uyV8/spTo"
Date: Sat, 06 May 2023 03:02:16 GMT
Connection: keep-alive
Keep-Alive: timeout=600

10:02:16.901 [AsyncHttpClient-1-2] DEBUG org.asynchttpclient.netty.channel.ChannelManager - Adding key: http://0.0.0.0:4723 for channel [id: 0xac19b5dd, L:/127.0.0.1:62239 - R:/127.0.0.1:4723]
10:02:16.903 [Forwarding isElementEnabled on session a6c5a8e0-32f5-42e0-9da5-cf0945d3d41c to remote] DEBUG org.asynchttpclient.netty.request.NettyRequestSender - Using pooled Channel '[id: 0xac19b5dd, L:/127.0.0.1:62239 - R:/127.0.0.1:4723]' for 'GET' to 'http://0.0.0.0:4723/wd/hub/session/a6c5a8e0-32f5-42e0-9da5-cf0945d3d41c/element/00000000-0000-0551-0000-000700000003/enabled'
10:02:16.903 [Forwarding isElementEnabled on session a6c5a8e0-32f5-42e0-9da5-cf0945d3d41c to remote] DEBUG org.asynchttpclient.netty.request.NettyRequestSender - Using open Channel [id: 0xac19b5dd, L:/127.0.0.1:62239 - R:/127.0.0.1:4723] for GET '/wd/hub/session/a6c5a8e0-32f5-42e0-9da5-cf0945d3d41c/element/00000000-0000-0551-0000-000700000003/enabled'
10:02:16.932 [AsyncHttpClient-1-2] DEBUG org.asynchttpclient.netty.handler.HttpHandler - 

Request DefaultFullHttpRequest(decodeResult: success, version: HTTP/1.1, content: EmptyByteBufBE)
GET /wd/hub/session/a6c5a8e0-32f5-42e0-9da5-cf0945d3d41c/element/00000000-0000-0551-0000-000700000003/enabled HTTP/1.1
User-Agent: appium/8.3.0 (selenium/4.8.1 (java windows))
Cache-Control: no-cache
Content-Type: application/json; charset=utf-8
host: 0.0.0.0:4723
accept: */*

Response DefaultHttpResponse(decodeResult: success, version: HTTP/1.1)
HTTP/1.1 200 OK
X-Powered-By: Express
Content-Type: application/json; charset=utf-8
Content-Length: 14
ETag: W/"e-2ZHvAWebNQpyjGZTg6uyV8/spTo"
Date: Sat, 06 May 2023 03:02:16 GMT
Connection: keep-alive
Keep-Alive: timeout=600

10:02:16.932 [AsyncHttpClient-1-2] DEBUG org.asynchttpclient.netty.channel.ChannelManager - Adding key: http://0.0.0.0:4723 for channel [id: 0xac19b5dd, L:/127.0.0.1:62239 - R:/127.0.0.1:4723]
10:02:16.935 [Forwarding clickElement on session a6c5a8e0-32f5-42e0-9da5-cf0945d3d41c to remote] DEBUG org.asynchttpclient.netty.request.NettyRequestSender - Using pooled Channel '[id: 0xac19b5dd, L:/127.0.0.1:62239 - R:/127.0.0.1:4723]' for 'POST' to 'http://0.0.0.0:4723/wd/hub/session/a6c5a8e0-32f5-42e0-9da5-cf0945d3d41c/element/00000000-0000-0551-0000-000700000003/click'
10:02:16.935 [Forwarding clickElement on session a6c5a8e0-32f5-42e0-9da5-cf0945d3d41c to remote] DEBUG org.asynchttpclient.netty.request.NettyRequestSender - Using open Channel [id: 0xac19b5dd, L:/127.0.0.1:62239 - R:/127.0.0.1:4723] for POST '/wd/hub/session/a6c5a8e0-32f5-42e0-9da5-cf0945d3d41c/element/00000000-0000-0551-0000-000700000003/click'
10:02:17.016 [AsyncHttpClient-1-2] DEBUG org.asynchttpclient.netty.handler.HttpHandler - 

Request DefaultHttpRequest(decodeResult: success, version: HTTP/1.1)
POST /wd/hub/session/a6c5a8e0-32f5-42e0-9da5-cf0945d3d41c/element/00000000-0000-0551-0000-000700000003/click HTTP/1.1
User-Agent: appium/8.3.0 (selenium/4.8.1 (java windows))
Content-Length: 50
Content-Type: application/json; charset=utf-8
host: 0.0.0.0:4723
accept: */*

Response DefaultHttpResponse(decodeResult: success, version: HTTP/1.1)
HTTP/1.1 200 OK
X-Powered-By: Express
Vary: X-HTTP-Method-Override
Content-Type: application/json; charset=utf-8
Content-Length: 14
ETag: W/"e-9/1BuKMgFObM1mWJm+YjxtXJnUM"
Date: Sat, 06 May 2023 03:02:17 GMT
Connection: keep-alive
Keep-Alive: timeout=600

10:02:17.017 [AsyncHttpClient-1-2] DEBUG org.asynchttpclient.netty.channel.ChannelManager - Adding key: http://0.0.0.0:4723 for channel [id: 0xac19b5dd, L:/127.0.0.1:62239 - R:/127.0.0.1:4723]
10:02:17.020 [main] DEBUG net.thucydides.core.steps.StepInterceptor - STEP DONE: clickButtonLogin
]]></system-out>
  </testcase>
  <testcase name="user input email valid for login feature" classname="user tidak bisa login karena menggunakan password yang salah" time="1.66">
    <system-out><![CDATA[10:02:17.033 [main] DEBUG net.thucydides.core.steps.StepInterceptor - STARTING STEP: LoginSteps.userInputEmailValidForLoginFeature - inputEmail
10:02:17.048 [Forwarding findElement on session a6c5a8e0-32f5-42e0-9da5-cf0945d3d41c to remote] DEBUG org.asynchttpclient.netty.request.NettyRequestSender - Using pooled Channel '[id: 0xac19b5dd, L:/127.0.0.1:62239 - R:/127.0.0.1:4723]' for 'POST' to 'http://0.0.0.0:4723/wd/hub/session/a6c5a8e0-32f5-42e0-9da5-cf0945d3d41c/element'
10:02:17.048 [Forwarding findElement on session a6c5a8e0-32f5-42e0-9da5-cf0945d3d41c to remote] DEBUG org.asynchttpclient.netty.request.NettyRequestSender - Using open Channel [id: 0xac19b5dd, L:/127.0.0.1:62239 - R:/127.0.0.1:4723] for POST '/wd/hub/session/a6c5a8e0-32f5-42e0-9da5-cf0945d3d41c/element'
10:02:17.848 [AsyncHttpClient-1-2] DEBUG org.asynchttpclient.netty.handler.HttpHandler - 

Request DefaultHttpRequest(decodeResult: success, version: HTTP/1.1)
POST /wd/hub/session/a6c5a8e0-32f5-42e0-9da5-cf0945d3d41c/element HTTP/1.1
User-Agent: appium/8.3.0 (selenium/4.8.1 (java windows))
Content-Length: 305
Content-Type: application/json; charset=utf-8
host: 0.0.0.0:4723
accept: */*

Response DefaultHttpResponse(decodeResult: success, version: HTTP/1.1)
HTTP/1.1 200 OK
X-Powered-By: Express
Vary: X-HTTP-Method-Override
Content-Type: application/json; charset=utf-8
Content-Length: 137
ETag: W/"89-qCEbTNa20T6emvvIUMFMj4x5bIw"
Date: Sat, 06 May 2023 03:02:17 GMT
Connection: keep-alive
Keep-Alive: timeout=600

10:02:17.848 [AsyncHttpClient-1-2] DEBUG org.asynchttpclient.netty.channel.ChannelManager - Adding key: http://0.0.0.0:4723 for channel [id: 0xac19b5dd, L:/127.0.0.1:62239 - R:/127.0.0.1:4723]
10:02:17.850 [Forwarding isElementDisplayed on session a6c5a8e0-32f5-42e0-9da5-cf0945d3d41c to remote] DEBUG org.asynchttpclient.netty.request.NettyRequestSender - Using pooled Channel '[id: 0xac19b5dd, L:/127.0.0.1:62239 - R:/127.0.0.1:4723]' for 'GET' to 'http://0.0.0.0:4723/wd/hub/session/a6c5a8e0-32f5-42e0-9da5-cf0945d3d41c/element/00000000-0000-0551-0000-002300000003/displayed'
10:02:17.850 [Forwarding isElementDisplayed on session a6c5a8e0-32f5-42e0-9da5-cf0945d3d41c to remote] DEBUG org.asynchttpclient.netty.request.NettyRequestSender - Using open Channel [id: 0xac19b5dd, L:/127.0.0.1:62239 - R:/127.0.0.1:4723] for GET '/wd/hub/session/a6c5a8e0-32f5-42e0-9da5-cf0945d3d41c/element/00000000-0000-0551-0000-002300000003/displayed'
10:02:17.876 [AsyncHttpClient-1-2] DEBUG org.asynchttpclient.netty.handler.HttpHandler - 

Request DefaultFullHttpRequest(decodeResult: success, version: HTTP/1.1, content: EmptyByteBufBE)
GET /wd/hub/session/a6c5a8e0-32f5-42e0-9da5-cf0945d3d41c/element/00000000-0000-0551-0000-002300000003/displayed HTTP/1.1
User-Agent: appium/8.3.0 (selenium/4.8.1 (java windows))
Cache-Control: no-cache
Content-Type: application/json; charset=utf-8
host: 0.0.0.0:4723
accept: */*

Response DefaultHttpResponse(decodeResult: success, version: HTTP/1.1)
HTTP/1.1 200 OK
X-Powered-By: Express
Content-Type: application/json; charset=utf-8
Content-Length: 14
ETag: W/"e-2ZHvAWebNQpyjGZTg6uyV8/spTo"
Date: Sat, 06 May 2023 03:02:17 GMT
Connection: keep-alive
Keep-Alive: timeout=600

10:02:17.876 [AsyncHttpClient-1-2] DEBUG org.asynchttpclient.netty.channel.ChannelManager - Adding key: http://0.0.0.0:4723 for channel [id: 0xac19b5dd, L:/127.0.0.1:62239 - R:/127.0.0.1:4723]
10:02:17.877 [Forwarding isElementEnabled on session a6c5a8e0-32f5-42e0-9da5-cf0945d3d41c to remote] DEBUG org.asynchttpclient.netty.request.NettyRequestSender - Using pooled Channel '[id: 0xac19b5dd, L:/127.0.0.1:62239 - R:/127.0.0.1:4723]' for 'GET' to 'http://0.0.0.0:4723/wd/hub/session/a6c5a8e0-32f5-42e0-9da5-cf0945d3d41c/element/00000000-0000-0551-0000-002300000003/enabled'
10:02:17.878 [Forwarding isElementEnabled on session a6c5a8e0-32f5-42e0-9da5-cf0945d3d41c to remote] DEBUG org.asynchttpclient.netty.request.NettyRequestSender - Using open Channel [id: 0xac19b5dd, L:/127.0.0.1:62239 - R:/127.0.0.1:4723] for GET '/wd/hub/session/a6c5a8e0-32f5-42e0-9da5-cf0945d3d41c/element/00000000-0000-0551-0000-002300000003/enabled'
10:02:17.906 [AsyncHttpClient-1-2] DEBUG org.asynchttpclient.netty.handler.HttpHandler - 

Request DefaultFullHttpRequest(decodeResult: success, version: HTTP/1.1, content: EmptyByteBufBE)
GET /wd/hub/session/a6c5a8e0-32f5-42e0-9da5-cf0945d3d41c/element/00000000-0000-0551-0000-002300000003/enabled HTTP/1.1
User-Agent: appium/8.3.0 (selenium/4.8.1 (java windows))
Cache-Control: no-cache
Content-Type: application/json; charset=utf-8
host: 0.0.0.0:4723
accept: */*

Response DefaultHttpResponse(decodeResult: success, version: HTTP/1.1)
HTTP/1.1 200 OK
X-Powered-By: Express
Content-Type: application/json; charset=utf-8
Content-Length: 14
ETag: W/"e-2ZHvAWebNQpyjGZTg6uyV8/spTo"
Date: Sat, 06 May 2023 03:02:17 GMT
Connection: keep-alive
Keep-Alive: timeout=600

10:02:17.907 [AsyncHttpClient-1-2] DEBUG org.asynchttpclient.netty.channel.ChannelManager - Adding key: http://0.0.0.0:4723 for channel [id: 0xac19b5dd, L:/127.0.0.1:62239 - R:/127.0.0.1:4723]
10:02:17.909 [Forwarding clickElement on session a6c5a8e0-32f5-42e0-9da5-cf0945d3d41c to remote] DEBUG org.asynchttpclient.netty.request.NettyRequestSender - Using pooled Channel '[id: 0xac19b5dd, L:/127.0.0.1:62239 - R:/127.0.0.1:4723]' for 'POST' to 'http://0.0.0.0:4723/wd/hub/session/a6c5a8e0-32f5-42e0-9da5-cf0945d3d41c/element/00000000-0000-0551-0000-002300000003/click'
10:02:17.909 [Forwarding clickElement on session a6c5a8e0-32f5-42e0-9da5-cf0945d3d41c to remote] DEBUG org.asynchttpclient.netty.request.NettyRequestSender - Using open Channel [id: 0xac19b5dd, L:/127.0.0.1:62239 - R:/127.0.0.1:4723] for POST '/wd/hub/session/a6c5a8e0-32f5-42e0-9da5-cf0945d3d41c/element/00000000-0000-0551-0000-002300000003/click'
10:02:17.998 [AsyncHttpClient-1-2] DEBUG org.asynchttpclient.netty.handler.HttpHandler - 

Request DefaultHttpRequest(decodeResult: success, version: HTTP/1.1)
POST /wd/hub/session/a6c5a8e0-32f5-42e0-9da5-cf0945d3d41c/element/00000000-0000-0551-0000-002300000003/click HTTP/1.1
User-Agent: appium/8.3.0 (selenium/4.8.1 (java windows))
Content-Length: 50
Content-Type: application/json; charset=utf-8
host: 0.0.0.0:4723
accept: */*

Response DefaultHttpResponse(decodeResult: success, version: HTTP/1.1)
HTTP/1.1 200 OK
X-Powered-By: Express
Vary: X-HTTP-Method-Override
Content-Type: application/json; charset=utf-8
Content-Length: 14
ETag: W/"e-9/1BuKMgFObM1mWJm+YjxtXJnUM"
Date: Sat, 06 May 2023 03:02:17 GMT
Connection: keep-alive
Keep-Alive: timeout=600

10:02:17.999 [AsyncHttpClient-1-2] DEBUG org.asynchttpclient.netty.channel.ChannelManager - Adding key: http://0.0.0.0:4723 for channel [id: 0xac19b5dd, L:/127.0.0.1:62239 - R:/127.0.0.1:4723]
10:02:18.003 [Forwarding findElement on session a6c5a8e0-32f5-42e0-9da5-cf0945d3d41c to remote] DEBUG org.asynchttpclient.netty.request.NettyRequestSender - Using pooled Channel '[id: 0xac19b5dd, L:/127.0.0.1:62239 - R:/127.0.0.1:4723]' for 'POST' to 'http://0.0.0.0:4723/wd/hub/session/a6c5a8e0-32f5-42e0-9da5-cf0945d3d41c/element'
10:02:18.003 [Forwarding findElement on session a6c5a8e0-32f5-42e0-9da5-cf0945d3d41c to remote] DEBUG org.asynchttpclient.netty.request.NettyRequestSender - Using open Channel [id: 0xac19b5dd, L:/127.0.0.1:62239 - R:/127.0.0.1:4723] for POST '/wd/hub/session/a6c5a8e0-32f5-42e0-9da5-cf0945d3d41c/element'
10:02:18.619 [AsyncHttpClient-1-2] DEBUG org.asynchttpclient.netty.handler.HttpHandler - 

Request DefaultHttpRequest(decodeResult: success, version: HTTP/1.1)
POST /wd/hub/session/a6c5a8e0-32f5-42e0-9da5-cf0945d3d41c/element HTTP/1.1
User-Agent: appium/8.3.0 (selenium/4.8.1 (java windows))
Content-Length: 305
Content-Type: application/json; charset=utf-8
host: 0.0.0.0:4723
accept: */*

Response DefaultHttpResponse(decodeResult: success, version: HTTP/1.1)
HTTP/1.1 200 OK
X-Powered-By: Express
Vary: X-HTTP-Method-Override
Content-Type: application/json; charset=utf-8
Content-Length: 137
ETag: W/"89-qCEbTNa20T6emvvIUMFMj4x5bIw"
Date: Sat, 06 May 2023 03:02:18 GMT
Connection: keep-alive
Keep-Alive: timeout=600

10:02:18.620 [AsyncHttpClient-1-2] DEBUG org.asynchttpclient.netty.channel.ChannelManager - Adding key: http://0.0.0.0:4723 for channel [id: 0xac19b5dd, L:/127.0.0.1:62239 - R:/127.0.0.1:4723]
10:02:18.625 [Forwarding sendKeysToElement on session a6c5a8e0-32f5-42e0-9da5-cf0945d3d41c to remote] DEBUG org.asynchttpclient.netty.request.NettyRequestSender - Using pooled Channel '[id: 0xac19b5dd, L:/127.0.0.1:62239 - R:/127.0.0.1:4723]' for 'POST' to 'http://0.0.0.0:4723/wd/hub/session/a6c5a8e0-32f5-42e0-9da5-cf0945d3d41c/element/00000000-0000-0551-0000-002300000003/value'
10:02:18.625 [Forwarding sendKeysToElement on session a6c5a8e0-32f5-42e0-9da5-cf0945d3d41c to remote] DEBUG org.asynchttpclient.netty.request.NettyRequestSender - Using open Channel [id: 0xac19b5dd, L:/127.0.0.1:62239 - R:/127.0.0.1:4723] for POST '/wd/hub/session/a6c5a8e0-32f5-42e0-9da5-cf0945d3d41c/element/00000000-0000-0551-0000-002300000003/value'
10:02:18.683 [AsyncHttpClient-1-2] DEBUG org.asynchttpclient.netty.handler.HttpHandler - 

Request DefaultHttpRequest(decodeResult: success, version: HTTP/1.1)
POST /wd/hub/session/a6c5a8e0-32f5-42e0-9da5-cf0945d3d41c/element/00000000-0000-0551-0000-002300000003/value HTTP/1.1
User-Agent: appium/8.3.0 (selenium/4.8.1 (java windows))
Content-Length: 211
Content-Type: application/json; charset=utf-8
host: 0.0.0.0:4723
accept: */*

Response DefaultHttpResponse(decodeResult: success, version: HTTP/1.1)
HTTP/1.1 200 OK
X-Powered-By: Express
Vary: X-HTTP-Method-Override
Content-Type: application/json; charset=utf-8
Content-Length: 14
ETag: W/"e-9/1BuKMgFObM1mWJm+YjxtXJnUM"
Date: Sat, 06 May 2023 03:02:18 GMT
Connection: keep-alive
Keep-Alive: timeout=600

10:02:18.684 [AsyncHttpClient-1-2] DEBUG org.asynchttpclient.netty.channel.ChannelManager - Adding key: http://0.0.0.0:4723 for channel [id: 0xac19b5dd, L:/127.0.0.1:62239 - R:/127.0.0.1:4723]
10:02:18.688 [main] DEBUG net.thucydides.core.steps.StepInterceptor - STEP DONE: inputEmail
]]></system-out>
  </testcase>
  <testcase name="user input password invalid for login feature" classname="user tidak bisa login karena menggunakan password yang salah" time="1.386">
    <system-out><![CDATA[10:02:18.708 [main] DEBUG net.thucydides.core.steps.StepInterceptor - STARTING STEP: LoginSteps.userInputPasswordInvalidForLoginFeature - inputPassword
10:02:18.713 [Forwarding findElement on session a6c5a8e0-32f5-42e0-9da5-cf0945d3d41c to remote] DEBUG org.asynchttpclient.netty.request.NettyRequestSender - Using pooled Channel '[id: 0xac19b5dd, L:/127.0.0.1:62239 - R:/127.0.0.1:4723]' for 'POST' to 'http://0.0.0.0:4723/wd/hub/session/a6c5a8e0-32f5-42e0-9da5-cf0945d3d41c/element'
10:02:18.713 [Forwarding findElement on session a6c5a8e0-32f5-42e0-9da5-cf0945d3d41c to remote] DEBUG org.asynchttpclient.netty.request.NettyRequestSender - Using open Channel [id: 0xac19b5dd, L:/127.0.0.1:62239 - R:/127.0.0.1:4723] for POST '/wd/hub/session/a6c5a8e0-32f5-42e0-9da5-cf0945d3d41c/element'
10:02:19.271 [AsyncHttpClient-1-2] DEBUG org.asynchttpclient.netty.handler.HttpHandler - 

Request DefaultHttpRequest(decodeResult: success, version: HTTP/1.1)
POST /wd/hub/session/a6c5a8e0-32f5-42e0-9da5-cf0945d3d41c/element HTTP/1.1
User-Agent: appium/8.3.0 (selenium/4.8.1 (java windows))
Content-Length: 305
Content-Type: application/json; charset=utf-8
host: 0.0.0.0:4723
accept: */*

Response DefaultHttpResponse(decodeResult: success, version: HTTP/1.1)
HTTP/1.1 200 OK
X-Powered-By: Express
Vary: X-HTTP-Method-Override
Content-Type: application/json; charset=utf-8
Content-Length: 137
ETag: W/"89-3Uc7RBWEMSOeZ4iG8HD7O9ULkFs"
Date: Sat, 06 May 2023 03:02:19 GMT
Connection: keep-alive
Keep-Alive: timeout=600

10:02:19.272 [AsyncHttpClient-1-2] DEBUG org.asynchttpclient.netty.channel.ChannelManager - Adding key: http://0.0.0.0:4723 for channel [id: 0xac19b5dd, L:/127.0.0.1:62239 - R:/127.0.0.1:4723]
10:02:19.273 [Forwarding isElementDisplayed on session a6c5a8e0-32f5-42e0-9da5-cf0945d3d41c to remote] DEBUG org.asynchttpclient.netty.request.NettyRequestSender - Using pooled Channel '[id: 0xac19b5dd, L:/127.0.0.1:62239 - R:/127.0.0.1:4723]' for 'GET' to 'http://0.0.0.0:4723/wd/hub/session/a6c5a8e0-32f5-42e0-9da5-cf0945d3d41c/element/00000000-0000-0551-0000-002400000003/displayed'
10:02:19.273 [Forwarding isElementDisplayed on session a6c5a8e0-32f5-42e0-9da5-cf0945d3d41c to remote] DEBUG org.asynchttpclient.netty.request.NettyRequestSender - Using open Channel [id: 0xac19b5dd, L:/127.0.0.1:62239 - R:/127.0.0.1:4723] for GET '/wd/hub/session/a6c5a8e0-32f5-42e0-9da5-cf0945d3d41c/element/00000000-0000-0551-0000-002400000003/displayed'
10:02:19.297 [AsyncHttpClient-1-2] DEBUG org.asynchttpclient.netty.handler.HttpHandler - 

Request DefaultFullHttpRequest(decodeResult: success, version: HTTP/1.1, content: EmptyByteBufBE)
GET /wd/hub/session/a6c5a8e0-32f5-42e0-9da5-cf0945d3d41c/element/00000000-0000-0551-0000-002400000003/displayed HTTP/1.1
User-Agent: appium/8.3.0 (selenium/4.8.1 (java windows))
Cache-Control: no-cache
Content-Type: application/json; charset=utf-8
host: 0.0.0.0:4723
accept: */*

Response DefaultHttpResponse(decodeResult: success, version: HTTP/1.1)
HTTP/1.1 200 OK
X-Powered-By: Express
Content-Type: application/json; charset=utf-8
Content-Length: 14
ETag: W/"e-2ZHvAWebNQpyjGZTg6uyV8/spTo"
Date: Sat, 06 May 2023 03:02:19 GMT
Connection: keep-alive
Keep-Alive: timeout=600

10:02:19.297 [AsyncHttpClient-1-2] DEBUG org.asynchttpclient.netty.channel.ChannelManager - Adding key: http://0.0.0.0:4723 for channel [id: 0xac19b5dd, L:/127.0.0.1:62239 - R:/127.0.0.1:4723]
10:02:19.299 [Forwarding isElementEnabled on session a6c5a8e0-32f5-42e0-9da5-cf0945d3d41c to remote] DEBUG org.asynchttpclient.netty.request.NettyRequestSender - Using pooled Channel '[id: 0xac19b5dd, L:/127.0.0.1:62239 - R:/127.0.0.1:4723]' for 'GET' to 'http://0.0.0.0:4723/wd/hub/session/a6c5a8e0-32f5-42e0-9da5-cf0945d3d41c/element/00000000-0000-0551-0000-002400000003/enabled'
10:02:19.299 [Forwarding isElementEnabled on session a6c5a8e0-32f5-42e0-9da5-cf0945d3d41c to remote] DEBUG org.asynchttpclient.netty.request.NettyRequestSender - Using open Channel [id: 0xac19b5dd, L:/127.0.0.1:62239 - R:/127.0.0.1:4723] for GET '/wd/hub/session/a6c5a8e0-32f5-42e0-9da5-cf0945d3d41c/element/00000000-0000-0551-0000-002400000003/enabled'
10:02:19.326 [AsyncHttpClient-1-2] DEBUG org.asynchttpclient.netty.handler.HttpHandler - 

Request DefaultFullHttpRequest(decodeResult: success, version: HTTP/1.1, content: EmptyByteBufBE)
GET /wd/hub/session/a6c5a8e0-32f5-42e0-9da5-cf0945d3d41c/element/00000000-0000-0551-0000-002400000003/enabled HTTP/1.1
User-Agent: appium/8.3.0 (selenium/4.8.1 (java windows))
Cache-Control: no-cache
Content-Type: application/json; charset=utf-8
host: 0.0.0.0:4723
accept: */*

Response DefaultHttpResponse(decodeResult: success, version: HTTP/1.1)
HTTP/1.1 200 OK
X-Powered-By: Express
Content-Type: application/json; charset=utf-8
Content-Length: 14
ETag: W/"e-2ZHvAWebNQpyjGZTg6uyV8/spTo"
Date: Sat, 06 May 2023 03:02:19 GMT
Connection: keep-alive
Keep-Alive: timeout=600

10:02:19.327 [AsyncHttpClient-1-2] DEBUG org.asynchttpclient.netty.channel.ChannelManager - Adding key: http://0.0.0.0:4723 for channel [id: 0xac19b5dd, L:/127.0.0.1:62239 - R:/127.0.0.1:4723]
10:02:19.329 [Forwarding clickElement on session a6c5a8e0-32f5-42e0-9da5-cf0945d3d41c to remote] DEBUG org.asynchttpclient.netty.request.NettyRequestSender - Using pooled Channel '[id: 0xac19b5dd, L:/127.0.0.1:62239 - R:/127.0.0.1:4723]' for 'POST' to 'http://0.0.0.0:4723/wd/hub/session/a6c5a8e0-32f5-42e0-9da5-cf0945d3d41c/element/00000000-0000-0551-0000-002400000003/click'
10:02:19.329 [Forwarding clickElement on session a6c5a8e0-32f5-42e0-9da5-cf0945d3d41c to remote] DEBUG org.asynchttpclient.netty.request.NettyRequestSender - Using open Channel [id: 0xac19b5dd, L:/127.0.0.1:62239 - R:/127.0.0.1:4723] for POST '/wd/hub/session/a6c5a8e0-32f5-42e0-9da5-cf0945d3d41c/element/00000000-0000-0551-0000-002400000003/click'
10:02:19.407 [AsyncHttpClient-1-2] DEBUG org.asynchttpclient.netty.handler.HttpHandler - 

Request DefaultHttpRequest(decodeResult: success, version: HTTP/1.1)
POST /wd/hub/session/a6c5a8e0-32f5-42e0-9da5-cf0945d3d41c/element/00000000-0000-0551-0000-002400000003/click HTTP/1.1
User-Agent: appium/8.3.0 (selenium/4.8.1 (java windows))
Content-Length: 50
Content-Type: application/json; charset=utf-8
host: 0.0.0.0:4723
accept: */*

Response DefaultHttpResponse(decodeResult: success, version: HTTP/1.1)
HTTP/1.1 200 OK
X-Powered-By: Express
Vary: X-HTTP-Method-Override
Content-Type: application/json; charset=utf-8
Content-Length: 14
ETag: W/"e-9/1BuKMgFObM1mWJm+YjxtXJnUM"
Date: Sat, 06 May 2023 03:02:19 GMT
Connection: keep-alive
Keep-Alive: timeout=600

10:02:19.407 [AsyncHttpClient-1-2] DEBUG org.asynchttpclient.netty.channel.ChannelManager - Adding key: http://0.0.0.0:4723 for channel [id: 0xac19b5dd, L:/127.0.0.1:62239 - R:/127.0.0.1:4723]
10:02:19.412 [Forwarding findElement on session a6c5a8e0-32f5-42e0-9da5-cf0945d3d41c to remote] DEBUG org.asynchttpclient.netty.request.NettyRequestSender - Using pooled Channel '[id: 0xac19b5dd, L:/127.0.0.1:62239 - R:/127.0.0.1:4723]' for 'POST' to 'http://0.0.0.0:4723/wd/hub/session/a6c5a8e0-32f5-42e0-9da5-cf0945d3d41c/element'
10:02:19.412 [Forwarding findElement on session a6c5a8e0-32f5-42e0-9da5-cf0945d3d41c to remote] DEBUG org.asynchttpclient.netty.request.NettyRequestSender - Using open Channel [id: 0xac19b5dd, L:/127.0.0.1:62239 - R:/127.0.0.1:4723] for POST '/wd/hub/session/a6c5a8e0-32f5-42e0-9da5-cf0945d3d41c/element'
10:02:19.559 [AsyncHttpClient-1-2] DEBUG org.asynchttpclient.netty.handler.HttpHandler - 

Request DefaultHttpRequest(decodeResult: success, version: HTTP/1.1)
POST /wd/hub/session/a6c5a8e0-32f5-42e0-9da5-cf0945d3d41c/element HTTP/1.1
User-Agent: appium/8.3.0 (selenium/4.8.1 (java windows))
Content-Length: 305
Content-Type: application/json; charset=utf-8
host: 0.0.0.0:4723
accept: */*

Response DefaultHttpResponse(decodeResult: success, version: HTTP/1.1)
HTTP/1.1 200 OK
X-Powered-By: Express
Vary: X-HTTP-Method-Override
Content-Type: application/json; charset=utf-8
Content-Length: 137
ETag: W/"89-3Uc7RBWEMSOeZ4iG8HD7O9ULkFs"
Date: Sat, 06 May 2023 03:02:19 GMT
Connection: keep-alive
Keep-Alive: timeout=600

10:02:19.561 [AsyncHttpClient-1-2] DEBUG org.asynchttpclient.netty.channel.ChannelManager - Adding key: http://0.0.0.0:4723 for channel [id: 0xac19b5dd, L:/127.0.0.1:62239 - R:/127.0.0.1:4723]
10:02:19.565 [Forwarding sendKeysToElement on session a6c5a8e0-32f5-42e0-9da5-cf0945d3d41c to remote] DEBUG org.asynchttpclient.netty.request.NettyRequestSender - Using pooled Channel '[id: 0xac19b5dd, L:/127.0.0.1:62239 - R:/127.0.0.1:4723]' for 'POST' to 'http://0.0.0.0:4723/wd/hub/session/a6c5a8e0-32f5-42e0-9da5-cf0945d3d41c/element/00000000-0000-0551-0000-002400000003/value'
10:02:19.566 [Forwarding sendKeysToElement on session a6c5a8e0-32f5-42e0-9da5-cf0945d3d41c to remote] DEBUG org.asynchttpclient.netty.request.NettyRequestSender - Using open Channel [id: 0xac19b5dd, L:/127.0.0.1:62239 - R:/127.0.0.1:4723] for POST '/wd/hub/session/a6c5a8e0-32f5-42e0-9da5-cf0945d3d41c/element/00000000-0000-0551-0000-002400000003/value'
10:02:20.077 [AsyncHttpClient-1-2] DEBUG org.asynchttpclient.netty.handler.HttpHandler - 

Request DefaultHttpRequest(decodeResult: success, version: HTTP/1.1)
POST /wd/hub/session/a6c5a8e0-32f5-42e0-9da5-cf0945d3d41c/element/00000000-0000-0551-0000-002400000003/value HTTP/1.1
User-Agent: appium/8.3.0 (selenium/4.8.1 (java windows))
Content-Length: 121
Content-Type: application/json; charset=utf-8
host: 0.0.0.0:4723
accept: */*

Response DefaultHttpResponse(decodeResult: success, version: HTTP/1.1)
HTTP/1.1 200 OK
X-Powered-By: Express
Vary: X-HTTP-Method-Override
Content-Type: application/json; charset=utf-8
Content-Length: 14
ETag: W/"e-9/1BuKMgFObM1mWJm+YjxtXJnUM"
Date: Sat, 06 May 2023 03:02:20 GMT
Connection: keep-alive
Keep-Alive: timeout=600

10:02:20.077 [AsyncHttpClient-1-2] DEBUG org.asynchttpclient.netty.channel.ChannelManager - Adding key: http://0.0.0.0:4723 for channel [id: 0xac19b5dd, L:/127.0.0.1:62239 - R:/127.0.0.1:4723]
10:02:20.079 [main] DEBUG net.thucydides.core.steps.StepInterceptor - STEP DONE: inputPassword
]]></system-out>
  </testcase>
  <testcase name="user click login button again for login feature" classname="user tidak bisa login karena menggunakan password yang salah" time="1.697">
    <system-out><![CDATA[10:02:20.108 [main] DEBUG net.thucydides.core.steps.StepInterceptor - STARTING STEP: LoginSteps.userClickLoginButtonAgainForLoginFeature - clickButtonLoginSecond
10:02:20.110 [Forwarding findElement on session a6c5a8e0-32f5-42e0-9da5-cf0945d3d41c to remote] DEBUG org.asynchttpclient.netty.request.NettyRequestSender - Using pooled Channel '[id: 0xac19b5dd, L:/127.0.0.1:62239 - R:/127.0.0.1:4723]' for 'POST' to 'http://0.0.0.0:4723/wd/hub/session/a6c5a8e0-32f5-42e0-9da5-cf0945d3d41c/element'
10:02:20.110 [Forwarding findElement on session a6c5a8e0-32f5-42e0-9da5-cf0945d3d41c to remote] DEBUG org.asynchttpclient.netty.request.NettyRequestSender - Using open Channel [id: 0xac19b5dd, L:/127.0.0.1:62239 - R:/127.0.0.1:4723] for POST '/wd/hub/session/a6c5a8e0-32f5-42e0-9da5-cf0945d3d41c/element'
10:02:20.773 [AsyncHttpClient-1-2] DEBUG org.asynchttpclient.netty.handler.HttpHandler - 

Request DefaultHttpRequest(decodeResult: success, version: HTTP/1.1)
POST /wd/hub/session/a6c5a8e0-32f5-42e0-9da5-cf0945d3d41c/element HTTP/1.1
User-Agent: appium/8.3.0 (selenium/4.8.1 (java windows))
Content-Length: 95
Content-Type: application/json; charset=utf-8
host: 0.0.0.0:4723
accept: */*

Response DefaultHttpResponse(decodeResult: success, version: HTTP/1.1)
HTTP/1.1 200 OK
X-Powered-By: Express
Vary: X-HTTP-Method-Override
Content-Type: application/json; charset=utf-8
Content-Length: 137
ETag: W/"89-jp9CeRL1Q4y8JTeU3Cga58VWax8"
Date: Sat, 06 May 2023 03:02:20 GMT
Connection: keep-alive
Keep-Alive: timeout=600

10:02:20.773 [AsyncHttpClient-1-2] DEBUG org.asynchttpclient.netty.channel.ChannelManager - Adding key: http://0.0.0.0:4723 for channel [id: 0xac19b5dd, L:/127.0.0.1:62239 - R:/127.0.0.1:4723]
10:02:20.775 [Forwarding isElementDisplayed on session a6c5a8e0-32f5-42e0-9da5-cf0945d3d41c to remote] DEBUG org.asynchttpclient.netty.request.NettyRequestSender - Using pooled Channel '[id: 0xac19b5dd, L:/127.0.0.1:62239 - R:/127.0.0.1:4723]' for 'GET' to 'http://0.0.0.0:4723/wd/hub/session/a6c5a8e0-32f5-42e0-9da5-cf0945d3d41c/element/00000000-0000-0551-0000-002500000003/displayed'
10:02:20.775 [Forwarding isElementDisplayed on session a6c5a8e0-32f5-42e0-9da5-cf0945d3d41c to remote] DEBUG org.asynchttpclient.netty.request.NettyRequestSender - Using open Channel [id: 0xac19b5dd, L:/127.0.0.1:62239 - R:/127.0.0.1:4723] for GET '/wd/hub/session/a6c5a8e0-32f5-42e0-9da5-cf0945d3d41c/element/00000000-0000-0551-0000-002500000003/displayed'
10:02:20.796 [AsyncHttpClient-1-2] DEBUG org.asynchttpclient.netty.handler.HttpHandler - 

Request DefaultFullHttpRequest(decodeResult: success, version: HTTP/1.1, content: EmptyByteBufBE)
GET /wd/hub/session/a6c5a8e0-32f5-42e0-9da5-cf0945d3d41c/element/00000000-0000-0551-0000-002500000003/displayed HTTP/1.1
User-Agent: appium/8.3.0 (selenium/4.8.1 (java windows))
Cache-Control: no-cache
Content-Type: application/json; charset=utf-8
host: 0.0.0.0:4723
accept: */*

Response DefaultHttpResponse(decodeResult: success, version: HTTP/1.1)
HTTP/1.1 200 OK
X-Powered-By: Express
Content-Type: application/json; charset=utf-8
Content-Length: 14
ETag: W/"e-2ZHvAWebNQpyjGZTg6uyV8/spTo"
Date: Sat, 06 May 2023 03:02:20 GMT
Connection: keep-alive
Keep-Alive: timeout=600

10:02:20.796 [AsyncHttpClient-1-2] DEBUG org.asynchttpclient.netty.channel.ChannelManager - Adding key: http://0.0.0.0:4723 for channel [id: 0xac19b5dd, L:/127.0.0.1:62239 - R:/127.0.0.1:4723]
10:02:20.797 [Forwarding isElementEnabled on session a6c5a8e0-32f5-42e0-9da5-cf0945d3d41c to remote] DEBUG org.asynchttpclient.netty.request.NettyRequestSender - Using pooled Channel '[id: 0xac19b5dd, L:/127.0.0.1:62239 - R:/127.0.0.1:4723]' for 'GET' to 'http://0.0.0.0:4723/wd/hub/session/a6c5a8e0-32f5-42e0-9da5-cf0945d3d41c/element/00000000-0000-0551-0000-002500000003/enabled'
10:02:20.798 [Forwarding isElementEnabled on session a6c5a8e0-32f5-42e0-9da5-cf0945d3d41c to remote] DEBUG org.asynchttpclient.netty.request.NettyRequestSender - Using open Channel [id: 0xac19b5dd, L:/127.0.0.1:62239 - R:/127.0.0.1:4723] for GET '/wd/hub/session/a6c5a8e0-32f5-42e0-9da5-cf0945d3d41c/element/00000000-0000-0551-0000-002500000003/enabled'
10:02:20.823 [AsyncHttpClient-1-2] DEBUG org.asynchttpclient.netty.handler.HttpHandler - 

Request DefaultFullHttpRequest(decodeResult: success, version: HTTP/1.1, content: EmptyByteBufBE)
GET /wd/hub/session/a6c5a8e0-32f5-42e0-9da5-cf0945d3d41c/element/00000000-0000-0551-0000-002500000003/enabled HTTP/1.1
User-Agent: appium/8.3.0 (selenium/4.8.1 (java windows))
Cache-Control: no-cache
Content-Type: application/json; charset=utf-8
host: 0.0.0.0:4723
accept: */*

Response DefaultHttpResponse(decodeResult: success, version: HTTP/1.1)
HTTP/1.1 200 OK
X-Powered-By: Express
Content-Type: application/json; charset=utf-8
Content-Length: 14
ETag: W/"e-2ZHvAWebNQpyjGZTg6uyV8/spTo"
Date: Sat, 06 May 2023 03:02:20 GMT
Connection: keep-alive
Keep-Alive: timeout=600

10:02:20.824 [AsyncHttpClient-1-2] DEBUG org.asynchttpclient.netty.channel.ChannelManager - Adding key: http://0.0.0.0:4723 for channel [id: 0xac19b5dd, L:/127.0.0.1:62239 - R:/127.0.0.1:4723]
10:02:20.826 [Forwarding clickElement on session a6c5a8e0-32f5-42e0-9da5-cf0945d3d41c to remote] DEBUG org.asynchttpclient.netty.request.NettyRequestSender - Using pooled Channel '[id: 0xac19b5dd, L:/127.0.0.1:62239 - R:/127.0.0.1:4723]' for 'POST' to 'http://0.0.0.0:4723/wd/hub/session/a6c5a8e0-32f5-42e0-9da5-cf0945d3d41c/element/00000000-0000-0551-0000-002500000003/click'
10:02:20.826 [Forwarding clickElement on session a6c5a8e0-32f5-42e0-9da5-cf0945d3d41c to remote] DEBUG org.asynchttpclient.netty.request.NettyRequestSender - Using open Channel [id: 0xac19b5dd, L:/127.0.0.1:62239 - R:/127.0.0.1:4723] for POST '/wd/hub/session/a6c5a8e0-32f5-42e0-9da5-cf0945d3d41c/element/00000000-0000-0551-0000-002500000003/click'
10:02:21.788 [AsyncHttpClient-1-2] DEBUG org.asynchttpclient.netty.handler.HttpHandler - 

Request DefaultHttpRequest(decodeResult: success, version: HTTP/1.1)
POST /wd/hub/session/a6c5a8e0-32f5-42e0-9da5-cf0945d3d41c/element/00000000-0000-0551-0000-002500000003/click HTTP/1.1
User-Agent: appium/8.3.0 (selenium/4.8.1 (java windows))
Content-Length: 50
Content-Type: application/json; charset=utf-8
host: 0.0.0.0:4723
accept: */*

Response DefaultHttpResponse(decodeResult: success, version: HTTP/1.1)
HTTP/1.1 200 OK
X-Powered-By: Express
Vary: X-HTTP-Method-Override
Content-Type: application/json; charset=utf-8
Content-Length: 14
ETag: W/"e-9/1BuKMgFObM1mWJm+YjxtXJnUM"
Date: Sat, 06 May 2023 03:02:21 GMT
Connection: keep-alive
Keep-Alive: timeout=600

10:02:21.788 [AsyncHttpClient-1-2] DEBUG org.asynchttpclient.netty.channel.ChannelManager - Adding key: http://0.0.0.0:4723 for channel [id: 0xac19b5dd, L:/127.0.0.1:62239 - R:/127.0.0.1:4723]
10:02:21.789 [main] DEBUG net.thucydides.core.steps.StepInterceptor - STEP DONE: clickButtonLoginSecond
]]></system-out>
  </testcase>
  <testcase name="user see error message password invalid &quot;Email or Password Invalid&quot;" classname="user tidak bisa login karena menggunakan password yang salah" time="0.161">
    <system-out><![CDATA[10:02:21.799 [main] DEBUG net.thucydides.core.steps.StepInterceptor - STARTING STEP: LoginSteps.userSeeErrorMessagePasswordInvalid - getPasswordInvalid
10:02:21.801 [Forwarding findElement on session a6c5a8e0-32f5-42e0-9da5-cf0945d3d41c to remote] DEBUG org.asynchttpclient.netty.request.NettyRequestSender - Using pooled Channel '[id: 0xac19b5dd, L:/127.0.0.1:62239 - R:/127.0.0.1:4723]' for 'POST' to 'http://0.0.0.0:4723/wd/hub/session/a6c5a8e0-32f5-42e0-9da5-cf0945d3d41c/element'
10:02:21.801 [Forwarding findElement on session a6c5a8e0-32f5-42e0-9da5-cf0945d3d41c to remote] DEBUG org.asynchttpclient.netty.request.NettyRequestSender - Using open Channel [id: 0xac19b5dd, L:/127.0.0.1:62239 - R:/127.0.0.1:4723] for POST '/wd/hub/session/a6c5a8e0-32f5-42e0-9da5-cf0945d3d41c/element'
10:02:21.903 [AsyncHttpClient-1-2] DEBUG org.asynchttpclient.netty.handler.HttpHandler - 

Request DefaultHttpRequest(decodeResult: success, version: HTTP/1.1)
POST /wd/hub/session/a6c5a8e0-32f5-42e0-9da5-cf0945d3d41c/element HTTP/1.1
User-Agent: appium/8.3.0 (selenium/4.8.1 (java windows))
Content-Length: 118
Content-Type: application/json; charset=utf-8
host: 0.0.0.0:4723
accept: */*

Response DefaultHttpResponse(decodeResult: success, version: HTTP/1.1)
HTTP/1.1 200 OK
X-Powered-By: Express
Vary: X-HTTP-Method-Override
Content-Type: application/json; charset=utf-8
Content-Length: 137
ETag: W/"89-wTsCrc197qzHwZ/C9ZZkJ7z9eSg"
Date: Sat, 06 May 2023 03:02:21 GMT
Connection: keep-alive
Keep-Alive: timeout=600

10:02:21.904 [AsyncHttpClient-1-2] DEBUG org.asynchttpclient.netty.channel.ChannelManager - Adding key: http://0.0.0.0:4723 for channel [id: 0xac19b5dd, L:/127.0.0.1:62239 - R:/127.0.0.1:4723]
10:02:21.905 [Forwarding isElementDisplayed on session a6c5a8e0-32f5-42e0-9da5-cf0945d3d41c to remote] DEBUG org.asynchttpclient.netty.request.NettyRequestSender - Using pooled Channel '[id: 0xac19b5dd, L:/127.0.0.1:62239 - R:/127.0.0.1:4723]' for 'GET' to 'http://0.0.0.0:4723/wd/hub/session/a6c5a8e0-32f5-42e0-9da5-cf0945d3d41c/element/00000000-0000-0551-0000-002b00000003/displayed'
10:02:21.905 [Forwarding isElementDisplayed on session a6c5a8e0-32f5-42e0-9da5-cf0945d3d41c to remote] DEBUG org.asynchttpclient.netty.request.NettyRequestSender - Using open Channel [id: 0xac19b5dd, L:/127.0.0.1:62239 - R:/127.0.0.1:4723] for GET '/wd/hub/session/a6c5a8e0-32f5-42e0-9da5-cf0945d3d41c/element/00000000-0000-0551-0000-002b00000003/displayed'
10:02:21.928 [AsyncHttpClient-1-2] DEBUG org.asynchttpclient.netty.handler.HttpHandler - 

Request DefaultFullHttpRequest(decodeResult: success, version: HTTP/1.1, content: EmptyByteBufBE)
GET /wd/hub/session/a6c5a8e0-32f5-42e0-9da5-cf0945d3d41c/element/00000000-0000-0551-0000-002b00000003/displayed HTTP/1.1
User-Agent: appium/8.3.0 (selenium/4.8.1 (java windows))
Cache-Control: no-cache
Content-Type: application/json; charset=utf-8
host: 0.0.0.0:4723
accept: */*

Response DefaultHttpResponse(decodeResult: success, version: HTTP/1.1)
HTTP/1.1 200 OK
X-Powered-By: Express
Content-Type: application/json; charset=utf-8
Content-Length: 14
ETag: W/"e-2ZHvAWebNQpyjGZTg6uyV8/spTo"
Date: Sat, 06 May 2023 03:02:21 GMT
Connection: keep-alive
Keep-Alive: timeout=600

10:02:21.929 [AsyncHttpClient-1-2] DEBUG org.asynchttpclient.netty.channel.ChannelManager - Adding key: http://0.0.0.0:4723 for channel [id: 0xac19b5dd, L:/127.0.0.1:62239 - R:/127.0.0.1:4723]
10:02:21.930 [Forwarding getElementText on session a6c5a8e0-32f5-42e0-9da5-cf0945d3d41c to remote] DEBUG org.asynchttpclient.netty.request.NettyRequestSender - Using pooled Channel '[id: 0xac19b5dd, L:/127.0.0.1:62239 - R:/127.0.0.1:4723]' for 'GET' to 'http://0.0.0.0:4723/wd/hub/session/a6c5a8e0-32f5-42e0-9da5-cf0945d3d41c/element/00000000-0000-0551-0000-002b00000003/text'
10:02:21.930 [Forwarding getElementText on session a6c5a8e0-32f5-42e0-9da5-cf0945d3d41c to remote] DEBUG org.asynchttpclient.netty.request.NettyRequestSender - Using open Channel [id: 0xac19b5dd, L:/127.0.0.1:62239 - R:/127.0.0.1:4723] for GET '/wd/hub/session/a6c5a8e0-32f5-42e0-9da5-cf0945d3d41c/element/00000000-0000-0551-0000-002b00000003/text'
10:02:21.953 [AsyncHttpClient-1-2] DEBUG org.asynchttpclient.netty.handler.HttpHandler - 

Request DefaultFullHttpRequest(decodeResult: success, version: HTTP/1.1, content: EmptyByteBufBE)
GET /wd/hub/session/a6c5a8e0-32f5-42e0-9da5-cf0945d3d41c/element/00000000-0000-0551-0000-002b00000003/text HTTP/1.1
User-Agent: appium/8.3.0 (selenium/4.8.1 (java windows))
Cache-Control: no-cache
Content-Type: application/json; charset=utf-8
host: 0.0.0.0:4723
accept: */*

Response DefaultHttpResponse(decodeResult: success, version: HTTP/1.1)
HTTP/1.1 200 OK
X-Powered-By: Express
Content-Type: application/json; charset=utf-8
Content-Length: 63
ETag: W/"3f-vIQNtqennEkQm8jA8ajiG+h63v4"
Date: Sat, 06 May 2023 03:02:21 GMT
Connection: keep-alive
Keep-Alive: timeout=600

10:02:21.954 [AsyncHttpClient-1-2] DEBUG org.asynchttpclient.netty.channel.ChannelManager - Adding key: http://0.0.0.0:4723 for channel [id: 0xac19b5dd, L:/127.0.0.1:62239 - R:/127.0.0.1:4723]
10:02:21.956 [main] DEBUG net.thucydides.core.steps.StepInterceptor - STEP DONE: getPasswordInvalid
]]></system-out>
  </testcase>
  <testcase name="user on homepage AltaShop for login feature" classname="user tidak bisa login karena menggunakan email yang salah" time="9.508">
    <system-out><![CDATA[10:02:21.962 [main] INFO  - 
  _____   ___   ___   _____     ___     _     ___   ___   ___   ___  
 |_   _| | __| / __| |_   _|   | _ \   /_\   / __| / __| | __| |   \ 
   | |   | _|  \__ \   | |     |  _/  / _ \  \__ \ \__ \ | _|  | |) |
   |_|   |___| |___/   |_|     |_|   /_/ \_\ |___/ |___/ |___| |___/ 

user tidak bisa login karena menggunakan password yang salah
----------------------------------------------------------------------
10:02:21.976 [main] DEBUG io.cucumber.core.plugin.SerenityReporter - Running feature from file:///C:/Dev/ALTASHOP%20MOBILE%20AUTOMATION/src/test/resources/features/1.%20Login.feature
10:02:21.982 [main] INFO  - 
  _____   ___   ___   _____     ___   _____     _     ___   _____   ___   ___  
 |_   _| | __| / __| |_   _|   / __| |_   _|   /_\   | _ \ |_   _| | __| |   \ 
   | |   | _|  \__ \   | |     \__ \   | |    / _ \  |   /   | |   | _|  | |) |
   |_|   |___| |___/   |_|     |___/   |_|   /_/ \_\ |_|_\   |_|   |___| |___/ 

user tidak bisa login karena menggunakan email yang salah(login;user-tidak-bisa-login-karena-menggunakan-email-yang-salah)
--------------------------------------------------------------------------------
10:02:22.008 [main] DEBUG net.thucydides.core.steps.StepInterceptor - STARTING STEP: LoginSteps.userOnHomepageAltaShopForLoginFeature - onHomepageAltaShop
10:02:22.017 [Forwarding newSession on session null to remote] DEBUG org.asynchttpclient.netty.request.NettyRequestSender - Using pooled Channel '[id: 0xac19b5dd, L:/127.0.0.1:62239 - R:/127.0.0.1:4723]' for 'POST' to 'http://0.0.0.0:4723/wd/hub/session'
10:02:22.018 [Forwarding newSession on session null to remote] DEBUG org.asynchttpclient.netty.request.NettyRequestSender - Using open Channel [id: 0xac19b5dd, L:/127.0.0.1:62239 - R:/127.0.0.1:4723] for POST '/wd/hub/session'
10:02:30.614 [AsyncHttpClient-1-2] DEBUG org.asynchttpclient.netty.handler.HttpHandler - 

Request DefaultHttpRequest(decodeResult: success, version: HTTP/1.1)
POST /wd/hub/session HTTP/1.1
X-Idempotency-Key: 86cd6704-d4c5-41f8-b8fe-8ba600d8712c
User-Agent: appium/8.3.0 (selenium/4.8.1 (java windows))
Content-Length: 301
Content-Type: application/json; charset=utf-8
host: 0.0.0.0:4723
accept: */*

Response DefaultHttpResponse(decodeResult: success, version: HTTP/1.1)
HTTP/1.1 200 OK
X-Powered-By: Express
Vary: X-HTTP-Method-Override
Content-Type: application/json; charset=utf-8
Content-Length: 920
ETag: W/"398-W76w2DFINE68ZnFztCqOnD7+0fg"
Date: Sat, 06 May 2023 03:02:30 GMT
Connection: keep-alive
Keep-Alive: timeout=600

10:02:30.619 [AsyncHttpClient-1-2] DEBUG org.asynchttpclient.netty.channel.ChannelManager - Adding key: http://0.0.0.0:4723 for channel [id: 0xac19b5dd, L:/127.0.0.1:62239 - R:/127.0.0.1:4723]
10:02:30.630 [Forwarding setTimeout on session 9d8bf035-4924-42d7-be1e-0ebf40f0715e to remote] DEBUG org.asynchttpclient.netty.request.NettyRequestSender - Using pooled Channel '[id: 0xac19b5dd, L:/127.0.0.1:62239 - R:/127.0.0.1:4723]' for 'POST' to 'http://0.0.0.0:4723/wd/hub/session/9d8bf035-4924-42d7-be1e-0ebf40f0715e/timeouts'
10:02:30.630 [Forwarding setTimeout on session 9d8bf035-4924-42d7-be1e-0ebf40f0715e to remote] DEBUG org.asynchttpclient.netty.request.NettyRequestSender - Using open Channel [id: 0xac19b5dd, L:/127.0.0.1:62239 - R:/127.0.0.1:4723] for POST '/wd/hub/session/9d8bf035-4924-42d7-be1e-0ebf40f0715e/timeouts'
10:02:30.640 [AsyncHttpClient-1-2] DEBUG org.asynchttpclient.netty.handler.HttpHandler - 

Request DefaultHttpRequest(decodeResult: success, version: HTTP/1.1)
POST /wd/hub/session/9d8bf035-4924-42d7-be1e-0ebf40f0715e/timeouts HTTP/1.1
User-Agent: appium/8.3.0 (selenium/4.8.1 (java windows))
Content-Length: 23
Content-Type: application/json; charset=utf-8
host: 0.0.0.0:4723
accept: */*

Response DefaultHttpResponse(decodeResult: success, version: HTTP/1.1)
HTTP/1.1 200 OK
X-Powered-By: Express
Vary: X-HTTP-Method-Override
Content-Type: application/json; charset=utf-8
Content-Length: 14
ETag: W/"e-9/1BuKMgFObM1mWJm+YjxtXJnUM"
Date: Sat, 06 May 2023 03:02:30 GMT
Connection: keep-alive
Keep-Alive: timeout=600

10:02:30.640 [AsyncHttpClient-1-2] DEBUG org.asynchttpclient.netty.channel.ChannelManager - Adding key: http://0.0.0.0:4723 for channel [id: 0xac19b5dd, L:/127.0.0.1:62239 - R:/127.0.0.1:4723]
10:02:30.643 [Forwarding findElement on session 9d8bf035-4924-42d7-be1e-0ebf40f0715e to remote] DEBUG org.asynchttpclient.netty.request.NettyRequestSender - Using pooled Channel '[id: 0xac19b5dd, L:/127.0.0.1:62239 - R:/127.0.0.1:4723]' for 'POST' to 'http://0.0.0.0:4723/wd/hub/session/9d8bf035-4924-42d7-be1e-0ebf40f0715e/element'
10:02:30.644 [Forwarding findElement on session 9d8bf035-4924-42d7-be1e-0ebf40f0715e to remote] DEBUG org.asynchttpclient.netty.request.NettyRequestSender - Using open Channel [id: 0xac19b5dd, L:/127.0.0.1:62239 - R:/127.0.0.1:4723] for POST '/wd/hub/session/9d8bf035-4924-42d7-be1e-0ebf40f0715e/element'
10:02:31.436 [AsyncHttpClient-1-2] DEBUG org.asynchttpclient.netty.handler.HttpHandler - 

Request DefaultHttpRequest(decodeResult: success, version: HTTP/1.1)
POST /wd/hub/session/9d8bf035-4924-42d7-be1e-0ebf40f0715e/element HTTP/1.1
User-Agent: appium/8.3.0 (selenium/4.8.1 (java windows))
Content-Length: 326
Content-Type: application/json; charset=utf-8
host: 0.0.0.0:4723
accept: */*

Response DefaultHttpResponse(decodeResult: success, version: HTTP/1.1)
HTTP/1.1 200 OK
X-Powered-By: Express
Vary: X-HTTP-Method-Override
Content-Type: application/json; charset=utf-8
Content-Length: 137
ETag: W/"89-1k9zODaQa0BoYw4s3efEODYTpOg"
Date: Sat, 06 May 2023 03:02:31 GMT
Connection: keep-alive
Keep-Alive: timeout=600

10:02:31.437 [AsyncHttpClient-1-2] DEBUG org.asynchttpclient.netty.channel.ChannelManager - Adding key: http://0.0.0.0:4723 for channel [id: 0xac19b5dd, L:/127.0.0.1:62239 - R:/127.0.0.1:4723]
10:02:31.441 [Forwarding isElementDisplayed on session 9d8bf035-4924-42d7-be1e-0ebf40f0715e to remote] DEBUG org.asynchttpclient.netty.request.NettyRequestSender - Using pooled Channel '[id: 0xac19b5dd, L:/127.0.0.1:62239 - R:/127.0.0.1:4723]' for 'GET' to 'http://0.0.0.0:4723/wd/hub/session/9d8bf035-4924-42d7-be1e-0ebf40f0715e/element/00000000-0000-055f-0000-000700000003/displayed'
10:02:31.441 [Forwarding isElementDisplayed on session 9d8bf035-4924-42d7-be1e-0ebf40f0715e to remote] DEBUG org.asynchttpclient.netty.request.NettyRequestSender - Using open Channel [id: 0xac19b5dd, L:/127.0.0.1:62239 - R:/127.0.0.1:4723] for GET '/wd/hub/session/9d8bf035-4924-42d7-be1e-0ebf40f0715e/element/00000000-0000-055f-0000-000700000003/displayed'
10:02:31.468 [AsyncHttpClient-1-2] DEBUG org.asynchttpclient.netty.handler.HttpHandler - 

Request DefaultFullHttpRequest(decodeResult: success, version: HTTP/1.1, content: EmptyByteBufBE)
GET /wd/hub/session/9d8bf035-4924-42d7-be1e-0ebf40f0715e/element/00000000-0000-055f-0000-000700000003/displayed HTTP/1.1
User-Agent: appium/8.3.0 (selenium/4.8.1 (java windows))
Cache-Control: no-cache
Content-Type: application/json; charset=utf-8
host: 0.0.0.0:4723
accept: */*

Response DefaultHttpResponse(decodeResult: success, version: HTTP/1.1)
HTTP/1.1 200 OK
X-Powered-By: Express
Content-Type: application/json; charset=utf-8
Content-Length: 14
ETag: W/"e-2ZHvAWebNQpyjGZTg6uyV8/spTo"
Date: Sat, 06 May 2023 03:02:31 GMT
Connection: keep-alive
Keep-Alive: timeout=600

10:02:31.469 [AsyncHttpClient-1-2] DEBUG org.asynchttpclient.netty.channel.ChannelManager - Adding key: http://0.0.0.0:4723 for channel [id: 0xac19b5dd, L:/127.0.0.1:62239 - R:/127.0.0.1:4723]
10:02:31.471 [Forwarding isElementDisplayed on session 9d8bf035-4924-42d7-be1e-0ebf40f0715e to remote] DEBUG org.asynchttpclient.netty.request.NettyRequestSender - Using pooled Channel '[id: 0xac19b5dd, L:/127.0.0.1:62239 - R:/127.0.0.1:4723]' for 'GET' to 'http://0.0.0.0:4723/wd/hub/session/9d8bf035-4924-42d7-be1e-0ebf40f0715e/element/00000000-0000-055f-0000-000700000003/displayed'
10:02:31.472 [Forwarding isElementDisplayed on session 9d8bf035-4924-42d7-be1e-0ebf40f0715e to remote] DEBUG org.asynchttpclient.netty.request.NettyRequestSender - Using open Channel [id: 0xac19b5dd, L:/127.0.0.1:62239 - R:/127.0.0.1:4723] for GET '/wd/hub/session/9d8bf035-4924-42d7-be1e-0ebf40f0715e/element/00000000-0000-055f-0000-000700000003/displayed'
10:02:31.495 [AsyncHttpClient-1-2] DEBUG org.asynchttpclient.netty.handler.HttpHandler - 

Request DefaultFullHttpRequest(decodeResult: success, version: HTTP/1.1, content: EmptyByteBufBE)
GET /wd/hub/session/9d8bf035-4924-42d7-be1e-0ebf40f0715e/element/00000000-0000-055f-0000-000700000003/displayed HTTP/1.1
User-Agent: appium/8.3.0 (selenium/4.8.1 (java windows))
Cache-Control: no-cache
Content-Type: application/json; charset=utf-8
host: 0.0.0.0:4723
accept: */*

Response DefaultHttpResponse(decodeResult: success, version: HTTP/1.1)
HTTP/1.1 200 OK
X-Powered-By: Express
Content-Type: application/json; charset=utf-8
Content-Length: 14
ETag: W/"e-2ZHvAWebNQpyjGZTg6uyV8/spTo"
Date: Sat, 06 May 2023 03:02:31 GMT
Connection: keep-alive
Keep-Alive: timeout=600

10:02:31.495 [AsyncHttpClient-1-2] DEBUG org.asynchttpclient.netty.channel.ChannelManager - Adding key: http://0.0.0.0:4723 for channel [id: 0xac19b5dd, L:/127.0.0.1:62239 - R:/127.0.0.1:4723]
10:02:31.498 [main] DEBUG net.thucydides.core.steps.StepInterceptor - STEP DONE: onHomepageAltaShop
]]></system-out>
  </testcase>
  <testcase name="user click login button for login feature" classname="user tidak bisa login karena menggunakan email yang salah" time="0.808">
    <system-out><![CDATA[10:02:31.509 [main] DEBUG net.thucydides.core.steps.StepInterceptor - STARTING STEP: LoginSteps.userClickLoginButtonForLoginFeature - clickButtonLogin
10:02:31.512 [Forwarding findElement on session 9d8bf035-4924-42d7-be1e-0ebf40f0715e to remote] DEBUG org.asynchttpclient.netty.request.NettyRequestSender - Using pooled Channel '[id: 0xac19b5dd, L:/127.0.0.1:62239 - R:/127.0.0.1:4723]' for 'POST' to 'http://0.0.0.0:4723/wd/hub/session/9d8bf035-4924-42d7-be1e-0ebf40f0715e/element'
10:02:31.512 [Forwarding findElement on session 9d8bf035-4924-42d7-be1e-0ebf40f0715e to remote] DEBUG org.asynchttpclient.netty.request.NettyRequestSender - Using open Channel [id: 0xac19b5dd, L:/127.0.0.1:62239 - R:/127.0.0.1:4723] for POST '/wd/hub/session/9d8bf035-4924-42d7-be1e-0ebf40f0715e/element'
10:02:31.609 [AsyncHttpClient-1-2] DEBUG org.asynchttpclient.netty.handler.HttpHandler - 

Request DefaultHttpRequest(decodeResult: success, version: HTTP/1.1)
POST /wd/hub/session/9d8bf035-4924-42d7-be1e-0ebf40f0715e/element HTTP/1.1
User-Agent: appium/8.3.0 (selenium/4.8.1 (java windows))
Content-Length: 326
Content-Type: application/json; charset=utf-8
host: 0.0.0.0:4723
accept: */*

Response DefaultHttpResponse(decodeResult: success, version: HTTP/1.1)
HTTP/1.1 200 OK
X-Powered-By: Express
Vary: X-HTTP-Method-Override
Content-Type: application/json; charset=utf-8
Content-Length: 137
ETag: W/"89-1k9zODaQa0BoYw4s3efEODYTpOg"
Date: Sat, 06 May 2023 03:02:31 GMT
Connection: keep-alive
Keep-Alive: timeout=600

10:02:31.610 [AsyncHttpClient-1-2] DEBUG org.asynchttpclient.netty.channel.ChannelManager - Adding key: http://0.0.0.0:4723 for channel [id: 0xac19b5dd, L:/127.0.0.1:62239 - R:/127.0.0.1:4723]
10:02:31.612 [Forwarding isElementDisplayed on session 9d8bf035-4924-42d7-be1e-0ebf40f0715e to remote] DEBUG org.asynchttpclient.netty.request.NettyRequestSender - Using pooled Channel '[id: 0xac19b5dd, L:/127.0.0.1:62239 - R:/127.0.0.1:4723]' for 'GET' to 'http://0.0.0.0:4723/wd/hub/session/9d8bf035-4924-42d7-be1e-0ebf40f0715e/element/00000000-0000-055f-0000-000700000003/displayed'
10:02:31.614 [Forwarding isElementDisplayed on session 9d8bf035-4924-42d7-be1e-0ebf40f0715e to remote] DEBUG org.asynchttpclient.netty.request.NettyRequestSender - Using open Channel [id: 0xac19b5dd, L:/127.0.0.1:62239 - R:/127.0.0.1:4723] for GET '/wd/hub/session/9d8bf035-4924-42d7-be1e-0ebf40f0715e/element/00000000-0000-055f-0000-000700000003/displayed'
10:02:31.653 [AsyncHttpClient-1-2] DEBUG org.asynchttpclient.netty.handler.HttpHandler - 

Request DefaultFullHttpRequest(decodeResult: success, version: HTTP/1.1, content: EmptyByteBufBE)
GET /wd/hub/session/9d8bf035-4924-42d7-be1e-0ebf40f0715e/element/00000000-0000-055f-0000-000700000003/displayed HTTP/1.1
User-Agent: appium/8.3.0 (selenium/4.8.1 (java windows))
Cache-Control: no-cache
Content-Type: application/json; charset=utf-8
host: 0.0.0.0:4723
accept: */*

Response DefaultHttpResponse(decodeResult: success, version: HTTP/1.1)
HTTP/1.1 200 OK
X-Powered-By: Express
Content-Type: application/json; charset=utf-8
Content-Length: 14
ETag: W/"e-2ZHvAWebNQpyjGZTg6uyV8/spTo"
Date: Sat, 06 May 2023 03:02:31 GMT
Connection: keep-alive
Keep-Alive: timeout=600

10:02:31.654 [AsyncHttpClient-1-2] DEBUG org.asynchttpclient.netty.channel.ChannelManager - Adding key: http://0.0.0.0:4723 for channel [id: 0xac19b5dd, L:/127.0.0.1:62239 - R:/127.0.0.1:4723]
10:02:31.656 [Forwarding isElementEnabled on session 9d8bf035-4924-42d7-be1e-0ebf40f0715e to remote] DEBUG org.asynchttpclient.netty.request.NettyRequestSender - Using pooled Channel '[id: 0xac19b5dd, L:/127.0.0.1:62239 - R:/127.0.0.1:4723]' for 'GET' to 'http://0.0.0.0:4723/wd/hub/session/9d8bf035-4924-42d7-be1e-0ebf40f0715e/element/00000000-0000-055f-0000-000700000003/enabled'
10:02:31.656 [Forwarding isElementEnabled on session 9d8bf035-4924-42d7-be1e-0ebf40f0715e to remote] DEBUG org.asynchttpclient.netty.request.NettyRequestSender - Using open Channel [id: 0xac19b5dd, L:/127.0.0.1:62239 - R:/127.0.0.1:4723] for GET '/wd/hub/session/9d8bf035-4924-42d7-be1e-0ebf40f0715e/element/00000000-0000-055f-0000-000700000003/enabled'
10:02:31.686 [AsyncHttpClient-1-2] DEBUG org.asynchttpclient.netty.handler.HttpHandler - 

Request DefaultFullHttpRequest(decodeResult: success, version: HTTP/1.1, content: EmptyByteBufBE)
GET /wd/hub/session/9d8bf035-4924-42d7-be1e-0ebf40f0715e/element/00000000-0000-055f-0000-000700000003/enabled HTTP/1.1
User-Agent: appium/8.3.0 (selenium/4.8.1 (java windows))
Cache-Control: no-cache
Content-Type: application/json; charset=utf-8
host: 0.0.0.0:4723
accept: */*

Response DefaultHttpResponse(decodeResult: success, version: HTTP/1.1)
HTTP/1.1 200 OK
X-Powered-By: Express
Content-Type: application/json; charset=utf-8
Content-Length: 14
ETag: W/"e-2ZHvAWebNQpyjGZTg6uyV8/spTo"
Date: Sat, 06 May 2023 03:02:31 GMT
Connection: keep-alive
Keep-Alive: timeout=600

10:02:31.687 [AsyncHttpClient-1-2] DEBUG org.asynchttpclient.netty.channel.ChannelManager - Adding key: http://0.0.0.0:4723 for channel [id: 0xac19b5dd, L:/127.0.0.1:62239 - R:/127.0.0.1:4723]
10:02:31.689 [Forwarding clickElement on session 9d8bf035-4924-42d7-be1e-0ebf40f0715e to remote] DEBUG org.asynchttpclient.netty.request.NettyRequestSender - Using pooled Channel '[id: 0xac19b5dd, L:/127.0.0.1:62239 - R:/127.0.0.1:4723]' for 'POST' to 'http://0.0.0.0:4723/wd/hub/session/9d8bf035-4924-42d7-be1e-0ebf40f0715e/element/00000000-0000-055f-0000-000700000003/click'
10:02:31.690 [Forwarding clickElement on session 9d8bf035-4924-42d7-be1e-0ebf40f0715e to remote] DEBUG org.asynchttpclient.netty.request.NettyRequestSender - Using open Channel [id: 0xac19b5dd, L:/127.0.0.1:62239 - R:/127.0.0.1:4723] for POST '/wd/hub/session/9d8bf035-4924-42d7-be1e-0ebf40f0715e/element/00000000-0000-055f-0000-000700000003/click'
10:02:32.311 [AsyncHttpClient-1-2] DEBUG org.asynchttpclient.netty.handler.HttpHandler - 

Request DefaultHttpRequest(decodeResult: success, version: HTTP/1.1)
POST /wd/hub/session/9d8bf035-4924-42d7-be1e-0ebf40f0715e/element/00000000-0000-055f-0000-000700000003/click HTTP/1.1
User-Agent: appium/8.3.0 (selenium/4.8.1 (java windows))
Content-Length: 50
Content-Type: application/json; charset=utf-8
host: 0.0.0.0:4723
accept: */*

Response DefaultHttpResponse(decodeResult: success, version: HTTP/1.1)
HTTP/1.1 200 OK
X-Powered-By: Express
Vary: X-HTTP-Method-Override
Content-Type: application/json; charset=utf-8
Content-Length: 14
ETag: W/"e-9/1BuKMgFObM1mWJm+YjxtXJnUM"
Date: Sat, 06 May 2023 03:02:32 GMT
Connection: keep-alive
Keep-Alive: timeout=600

10:02:32.311 [AsyncHttpClient-1-2] DEBUG org.asynchttpclient.netty.channel.ChannelManager - Adding key: http://0.0.0.0:4723 for channel [id: 0xac19b5dd, L:/127.0.0.1:62239 - R:/127.0.0.1:4723]
10:02:32.312 [main] DEBUG net.thucydides.core.steps.StepInterceptor - STEP DONE: clickButtonLogin
]]></system-out>
  </testcase>
  <testcase name="user input email invalid for login feature" classname="user tidak bisa login karena menggunakan email yang salah" time="0.901">
    <system-out><![CDATA[10:02:32.326 [main] DEBUG net.thucydides.core.steps.StepInterceptor - STARTING STEP: LoginSteps.userInputEmailInvalidForLoginFeature - inputEmail
10:02:32.329 [Forwarding findElement on session 9d8bf035-4924-42d7-be1e-0ebf40f0715e to remote] DEBUG org.asynchttpclient.netty.request.NettyRequestSender - Using pooled Channel '[id: 0xac19b5dd, L:/127.0.0.1:62239 - R:/127.0.0.1:4723]' for 'POST' to 'http://0.0.0.0:4723/wd/hub/session/9d8bf035-4924-42d7-be1e-0ebf40f0715e/element'
10:02:32.329 [Forwarding findElement on session 9d8bf035-4924-42d7-be1e-0ebf40f0715e to remote] DEBUG org.asynchttpclient.netty.request.NettyRequestSender - Using open Channel [id: 0xac19b5dd, L:/127.0.0.1:62239 - R:/127.0.0.1:4723] for POST '/wd/hub/session/9d8bf035-4924-42d7-be1e-0ebf40f0715e/element'
10:02:32.400 [AsyncHttpClient-1-2] DEBUG org.asynchttpclient.netty.handler.HttpHandler - 

Request DefaultHttpRequest(decodeResult: success, version: HTTP/1.1)
POST /wd/hub/session/9d8bf035-4924-42d7-be1e-0ebf40f0715e/element HTTP/1.1
User-Agent: appium/8.3.0 (selenium/4.8.1 (java windows))
Content-Length: 305
Content-Type: application/json; charset=utf-8
host: 0.0.0.0:4723
accept: */*

Response DefaultHttpResponse(decodeResult: success, version: HTTP/1.1)
HTTP/1.1 200 OK
X-Powered-By: Express
Vary: X-HTTP-Method-Override
Content-Type: application/json; charset=utf-8
Content-Length: 137
ETag: W/"89-vf4dXJZUbINGHDU9ht372xDIoYM"
Date: Sat, 06 May 2023 03:02:32 GMT
Connection: keep-alive
Keep-Alive: timeout=600

10:02:32.400 [AsyncHttpClient-1-2] DEBUG org.asynchttpclient.netty.channel.ChannelManager - Adding key: http://0.0.0.0:4723 for channel [id: 0xac19b5dd, L:/127.0.0.1:62239 - R:/127.0.0.1:4723]
10:02:32.402 [Forwarding isElementDisplayed on session 9d8bf035-4924-42d7-be1e-0ebf40f0715e to remote] DEBUG org.asynchttpclient.netty.request.NettyRequestSender - Using pooled Channel '[id: 0xac19b5dd, L:/127.0.0.1:62239 - R:/127.0.0.1:4723]' for 'GET' to 'http://0.0.0.0:4723/wd/hub/session/9d8bf035-4924-42d7-be1e-0ebf40f0715e/element/00000000-0000-055f-0000-002300000003/displayed'
10:02:32.403 [Forwarding isElementDisplayed on session 9d8bf035-4924-42d7-be1e-0ebf40f0715e to remote] DEBUG org.asynchttpclient.netty.request.NettyRequestSender - Using open Channel [id: 0xac19b5dd, L:/127.0.0.1:62239 - R:/127.0.0.1:4723] for GET '/wd/hub/session/9d8bf035-4924-42d7-be1e-0ebf40f0715e/element/00000000-0000-055f-0000-002300000003/displayed'
10:02:32.427 [AsyncHttpClient-1-2] DEBUG org.asynchttpclient.netty.handler.HttpHandler - 

Request DefaultFullHttpRequest(decodeResult: success, version: HTTP/1.1, content: EmptyByteBufBE)
GET /wd/hub/session/9d8bf035-4924-42d7-be1e-0ebf40f0715e/element/00000000-0000-055f-0000-002300000003/displayed HTTP/1.1
User-Agent: appium/8.3.0 (selenium/4.8.1 (java windows))
Cache-Control: no-cache
Content-Type: application/json; charset=utf-8
host: 0.0.0.0:4723
accept: */*

Response DefaultHttpResponse(decodeResult: success, version: HTTP/1.1)
HTTP/1.1 200 OK
X-Powered-By: Express
Content-Type: application/json; charset=utf-8
Content-Length: 14
ETag: W/"e-2ZHvAWebNQpyjGZTg6uyV8/spTo"
Date: Sat, 06 May 2023 03:02:32 GMT
Connection: keep-alive
Keep-Alive: timeout=600

10:02:32.428 [AsyncHttpClient-1-2] DEBUG org.asynchttpclient.netty.channel.ChannelManager - Adding key: http://0.0.0.0:4723 for channel [id: 0xac19b5dd, L:/127.0.0.1:62239 - R:/127.0.0.1:4723]
10:02:32.430 [Forwarding isElementEnabled on session 9d8bf035-4924-42d7-be1e-0ebf40f0715e to remote] DEBUG org.asynchttpclient.netty.request.NettyRequestSender - Using pooled Channel '[id: 0xac19b5dd, L:/127.0.0.1:62239 - R:/127.0.0.1:4723]' for 'GET' to 'http://0.0.0.0:4723/wd/hub/session/9d8bf035-4924-42d7-be1e-0ebf40f0715e/element/00000000-0000-055f-0000-002300000003/enabled'
10:02:32.430 [Forwarding isElementEnabled on session 9d8bf035-4924-42d7-be1e-0ebf40f0715e to remote] DEBUG org.asynchttpclient.netty.request.NettyRequestSender - Using open Channel [id: 0xac19b5dd, L:/127.0.0.1:62239 - R:/127.0.0.1:4723] for GET '/wd/hub/session/9d8bf035-4924-42d7-be1e-0ebf40f0715e/element/00000000-0000-055f-0000-002300000003/enabled'
10:02:32.463 [AsyncHttpClient-1-2] DEBUG org.asynchttpclient.netty.handler.HttpHandler - 

Request DefaultFullHttpRequest(decodeResult: success, version: HTTP/1.1, content: EmptyByteBufBE)
GET /wd/hub/session/9d8bf035-4924-42d7-be1e-0ebf40f0715e/element/00000000-0000-055f-0000-002300000003/enabled HTTP/1.1
User-Agent: appium/8.3.0 (selenium/4.8.1 (java windows))
Cache-Control: no-cache
Content-Type: application/json; charset=utf-8
host: 0.0.0.0:4723
accept: */*

Response DefaultHttpResponse(decodeResult: success, version: HTTP/1.1)
HTTP/1.1 200 OK
X-Powered-By: Express
Content-Type: application/json; charset=utf-8
Content-Length: 14
ETag: W/"e-2ZHvAWebNQpyjGZTg6uyV8/spTo"
Date: Sat, 06 May 2023 03:02:32 GMT
Connection: keep-alive
Keep-Alive: timeout=600

10:02:32.464 [AsyncHttpClient-1-2] DEBUG org.asynchttpclient.netty.channel.ChannelManager - Adding key: http://0.0.0.0:4723 for channel [id: 0xac19b5dd, L:/127.0.0.1:62239 - R:/127.0.0.1:4723]
10:02:32.466 [Forwarding clickElement on session 9d8bf035-4924-42d7-be1e-0ebf40f0715e to remote] DEBUG org.asynchttpclient.netty.request.NettyRequestSender - Using pooled Channel '[id: 0xac19b5dd, L:/127.0.0.1:62239 - R:/127.0.0.1:4723]' for 'POST' to 'http://0.0.0.0:4723/wd/hub/session/9d8bf035-4924-42d7-be1e-0ebf40f0715e/element/00000000-0000-055f-0000-002300000003/click'
10:02:32.467 [Forwarding clickElement on session 9d8bf035-4924-42d7-be1e-0ebf40f0715e to remote] DEBUG org.asynchttpclient.netty.request.NettyRequestSender - Using open Channel [id: 0xac19b5dd, L:/127.0.0.1:62239 - R:/127.0.0.1:4723] for POST '/wd/hub/session/9d8bf035-4924-42d7-be1e-0ebf40f0715e/element/00000000-0000-055f-0000-002300000003/click'
10:02:32.568 [AsyncHttpClient-1-2] DEBUG org.asynchttpclient.netty.handler.HttpHandler - 

Request DefaultHttpRequest(decodeResult: success, version: HTTP/1.1)
POST /wd/hub/session/9d8bf035-4924-42d7-be1e-0ebf40f0715e/element/00000000-0000-055f-0000-002300000003/click HTTP/1.1
User-Agent: appium/8.3.0 (selenium/4.8.1 (java windows))
Content-Length: 50
Content-Type: application/json; charset=utf-8
host: 0.0.0.0:4723
accept: */*

Response DefaultHttpResponse(decodeResult: success, version: HTTP/1.1)
HTTP/1.1 200 OK
X-Powered-By: Express
Vary: X-HTTP-Method-Override
Content-Type: application/json; charset=utf-8
Content-Length: 14
ETag: W/"e-9/1BuKMgFObM1mWJm+YjxtXJnUM"
Date: Sat, 06 May 2023 03:02:32 GMT
Connection: keep-alive
Keep-Alive: timeout=600

10:02:32.569 [AsyncHttpClient-1-2] DEBUG org.asynchttpclient.netty.channel.ChannelManager - Adding key: http://0.0.0.0:4723 for channel [id: 0xac19b5dd, L:/127.0.0.1:62239 - R:/127.0.0.1:4723]
10:02:32.575 [Forwarding findElement on session 9d8bf035-4924-42d7-be1e-0ebf40f0715e to remote] DEBUG org.asynchttpclient.netty.request.NettyRequestSender - Using pooled Channel '[id: 0xac19b5dd, L:/127.0.0.1:62239 - R:/127.0.0.1:4723]' for 'POST' to 'http://0.0.0.0:4723/wd/hub/session/9d8bf035-4924-42d7-be1e-0ebf40f0715e/element'
10:02:32.575 [Forwarding findElement on session 9d8bf035-4924-42d7-be1e-0ebf40f0715e to remote] DEBUG org.asynchttpclient.netty.request.NettyRequestSender - Using open Channel [id: 0xac19b5dd, L:/127.0.0.1:62239 - R:/127.0.0.1:4723] for POST '/wd/hub/session/9d8bf035-4924-42d7-be1e-0ebf40f0715e/element'
10:02:33.157 [AsyncHttpClient-1-2] DEBUG org.asynchttpclient.netty.handler.HttpHandler - 

Request DefaultHttpRequest(decodeResult: success, version: HTTP/1.1)
POST /wd/hub/session/9d8bf035-4924-42d7-be1e-0ebf40f0715e/element HTTP/1.1
User-Agent: appium/8.3.0 (selenium/4.8.1 (java windows))
Content-Length: 305
Content-Type: application/json; charset=utf-8
host: 0.0.0.0:4723
accept: */*

Response DefaultHttpResponse(decodeResult: success, version: HTTP/1.1)
HTTP/1.1 200 OK
X-Powered-By: Express
Vary: X-HTTP-Method-Override
Content-Type: application/json; charset=utf-8
Content-Length: 137
ETag: W/"89-vf4dXJZUbINGHDU9ht372xDIoYM"
Date: Sat, 06 May 2023 03:02:33 GMT
Connection: keep-alive
Keep-Alive: timeout=600

10:02:33.158 [AsyncHttpClient-1-2] DEBUG org.asynchttpclient.netty.channel.ChannelManager - Adding key: http://0.0.0.0:4723 for channel [id: 0xac19b5dd, L:/127.0.0.1:62239 - R:/127.0.0.1:4723]
10:02:33.163 [Forwarding sendKeysToElement on session 9d8bf035-4924-42d7-be1e-0ebf40f0715e to remote] DEBUG org.asynchttpclient.netty.request.NettyRequestSender - Using pooled Channel '[id: 0xac19b5dd, L:/127.0.0.1:62239 - R:/127.0.0.1:4723]' for 'POST' to 'http://0.0.0.0:4723/wd/hub/session/9d8bf035-4924-42d7-be1e-0ebf40f0715e/element/00000000-0000-055f-0000-002300000003/value'
10:02:33.163 [Forwarding sendKeysToElement on session 9d8bf035-4924-42d7-be1e-0ebf40f0715e to remote] DEBUG org.asynchttpclient.netty.request.NettyRequestSender - Using open Channel [id: 0xac19b5dd, L:/127.0.0.1:62239 - R:/127.0.0.1:4723] for POST '/wd/hub/session/9d8bf035-4924-42d7-be1e-0ebf40f0715e/element/00000000-0000-055f-0000-002300000003/value'
10:02:33.215 [AsyncHttpClient-1-2] DEBUG org.asynchttpclient.netty.handler.HttpHandler - 

Request DefaultHttpRequest(decodeResult: success, version: HTTP/1.1)
POST /wd/hub/session/9d8bf035-4924-42d7-be1e-0ebf40f0715e/element/00000000-0000-055f-0000-002300000003/value HTTP/1.1
User-Agent: appium/8.3.0 (selenium/4.8.1 (java windows))
Content-Length: 231
Content-Type: application/json; charset=utf-8
host: 0.0.0.0:4723
accept: */*

Response DefaultHttpResponse(decodeResult: success, version: HTTP/1.1)
HTTP/1.1 200 OK
X-Powered-By: Express
Vary: X-HTTP-Method-Override
Content-Type: application/json; charset=utf-8
Content-Length: 14
ETag: W/"e-9/1BuKMgFObM1mWJm+YjxtXJnUM"
Date: Sat, 06 May 2023 03:02:33 GMT
Connection: keep-alive
Keep-Alive: timeout=600

10:02:33.216 [AsyncHttpClient-1-2] DEBUG org.asynchttpclient.netty.channel.ChannelManager - Adding key: http://0.0.0.0:4723 for channel [id: 0xac19b5dd, L:/127.0.0.1:62239 - R:/127.0.0.1:4723]
10:02:33.218 [main] DEBUG net.thucydides.core.steps.StepInterceptor - STEP DONE: inputEmail
]]></system-out>
  </testcase>
  <testcase name="user input password valid for login feature" classname="user tidak bisa login karena menggunakan email yang salah" time="1.529">
    <system-out><![CDATA[10:02:33.238 [main] DEBUG net.thucydides.core.steps.StepInterceptor - STARTING STEP: LoginSteps.userInputPasswordValidForLoginFeature - inputPassword
10:02:33.241 [Forwarding findElement on session 9d8bf035-4924-42d7-be1e-0ebf40f0715e to remote] DEBUG org.asynchttpclient.netty.request.NettyRequestSender - Using pooled Channel '[id: 0xac19b5dd, L:/127.0.0.1:62239 - R:/127.0.0.1:4723]' for 'POST' to 'http://0.0.0.0:4723/wd/hub/session/9d8bf035-4924-42d7-be1e-0ebf40f0715e/element'
10:02:33.241 [Forwarding findElement on session 9d8bf035-4924-42d7-be1e-0ebf40f0715e to remote] DEBUG org.asynchttpclient.netty.request.NettyRequestSender - Using open Channel [id: 0xac19b5dd, L:/127.0.0.1:62239 - R:/127.0.0.1:4723] for POST '/wd/hub/session/9d8bf035-4924-42d7-be1e-0ebf40f0715e/element'
10:02:33.814 [AsyncHttpClient-1-2] DEBUG org.asynchttpclient.netty.handler.HttpHandler - 

Request DefaultHttpRequest(decodeResult: success, version: HTTP/1.1)
POST /wd/hub/session/9d8bf035-4924-42d7-be1e-0ebf40f0715e/element HTTP/1.1
User-Agent: appium/8.3.0 (selenium/4.8.1 (java windows))
Content-Length: 305
Content-Type: application/json; charset=utf-8
host: 0.0.0.0:4723
accept: */*

Response DefaultHttpResponse(decodeResult: success, version: HTTP/1.1)
HTTP/1.1 200 OK
X-Powered-By: Express
Vary: X-HTTP-Method-Override
Content-Type: application/json; charset=utf-8
Content-Length: 137
ETag: W/"89-+xr3/vWxbzt+psw2II2d+8j/g/M"
Date: Sat, 06 May 2023 03:02:33 GMT
Connection: keep-alive
Keep-Alive: timeout=600

10:02:33.814 [AsyncHttpClient-1-2] DEBUG org.asynchttpclient.netty.channel.ChannelManager - Adding key: http://0.0.0.0:4723 for channel [id: 0xac19b5dd, L:/127.0.0.1:62239 - R:/127.0.0.1:4723]
10:02:33.816 [Forwarding isElementDisplayed on session 9d8bf035-4924-42d7-be1e-0ebf40f0715e to remote] DEBUG org.asynchttpclient.netty.request.NettyRequestSender - Using pooled Channel '[id: 0xac19b5dd, L:/127.0.0.1:62239 - R:/127.0.0.1:4723]' for 'GET' to 'http://0.0.0.0:4723/wd/hub/session/9d8bf035-4924-42d7-be1e-0ebf40f0715e/element/00000000-0000-055f-0000-002400000003/displayed'
10:02:33.816 [Forwarding isElementDisplayed on session 9d8bf035-4924-42d7-be1e-0ebf40f0715e to remote] DEBUG org.asynchttpclient.netty.request.NettyRequestSender - Using open Channel [id: 0xac19b5dd, L:/127.0.0.1:62239 - R:/127.0.0.1:4723] for GET '/wd/hub/session/9d8bf035-4924-42d7-be1e-0ebf40f0715e/element/00000000-0000-055f-0000-002400000003/displayed'
10:02:33.845 [AsyncHttpClient-1-2] DEBUG org.asynchttpclient.netty.handler.HttpHandler - 

Request DefaultFullHttpRequest(decodeResult: success, version: HTTP/1.1, content: EmptyByteBufBE)
GET /wd/hub/session/9d8bf035-4924-42d7-be1e-0ebf40f0715e/element/00000000-0000-055f-0000-002400000003/displayed HTTP/1.1
User-Agent: appium/8.3.0 (selenium/4.8.1 (java windows))
Cache-Control: no-cache
Content-Type: application/json; charset=utf-8
host: 0.0.0.0:4723
accept: */*

Response DefaultHttpResponse(decodeResult: success, version: HTTP/1.1)
HTTP/1.1 200 OK
X-Powered-By: Express
Content-Type: application/json; charset=utf-8
Content-Length: 14
ETag: W/"e-2ZHvAWebNQpyjGZTg6uyV8/spTo"
Date: Sat, 06 May 2023 03:02:33 GMT
Connection: keep-alive
Keep-Alive: timeout=600

10:02:33.846 [AsyncHttpClient-1-2] DEBUG org.asynchttpclient.netty.channel.ChannelManager - Adding key: http://0.0.0.0:4723 for channel [id: 0xac19b5dd, L:/127.0.0.1:62239 - R:/127.0.0.1:4723]
10:02:33.847 [Forwarding isElementEnabled on session 9d8bf035-4924-42d7-be1e-0ebf40f0715e to remote] DEBUG org.asynchttpclient.netty.request.NettyRequestSender - Using pooled Channel '[id: 0xac19b5dd, L:/127.0.0.1:62239 - R:/127.0.0.1:4723]' for 'GET' to 'http://0.0.0.0:4723/wd/hub/session/9d8bf035-4924-42d7-be1e-0ebf40f0715e/element/00000000-0000-055f-0000-002400000003/enabled'
10:02:33.847 [Forwarding isElementEnabled on session 9d8bf035-4924-42d7-be1e-0ebf40f0715e to remote] DEBUG org.asynchttpclient.netty.request.NettyRequestSender - Using open Channel [id: 0xac19b5dd, L:/127.0.0.1:62239 - R:/127.0.0.1:4723] for GET '/wd/hub/session/9d8bf035-4924-42d7-be1e-0ebf40f0715e/element/00000000-0000-055f-0000-002400000003/enabled'
10:02:33.873 [AsyncHttpClient-1-2] DEBUG org.asynchttpclient.netty.handler.HttpHandler - 

Request DefaultFullHttpRequest(decodeResult: success, version: HTTP/1.1, content: EmptyByteBufBE)
GET /wd/hub/session/9d8bf035-4924-42d7-be1e-0ebf40f0715e/element/00000000-0000-055f-0000-002400000003/enabled HTTP/1.1
User-Agent: appium/8.3.0 (selenium/4.8.1 (java windows))
Cache-Control: no-cache
Content-Type: application/json; charset=utf-8
host: 0.0.0.0:4723
accept: */*

Response DefaultHttpResponse(decodeResult: success, version: HTTP/1.1)
HTTP/1.1 200 OK
X-Powered-By: Express
Content-Type: application/json; charset=utf-8
Content-Length: 14
ETag: W/"e-2ZHvAWebNQpyjGZTg6uyV8/spTo"
Date: Sat, 06 May 2023 03:02:33 GMT
Connection: keep-alive
Keep-Alive: timeout=600

10:02:33.874 [AsyncHttpClient-1-2] DEBUG org.asynchttpclient.netty.channel.ChannelManager - Adding key: http://0.0.0.0:4723 for channel [id: 0xac19b5dd, L:/127.0.0.1:62239 - R:/127.0.0.1:4723]
10:02:33.876 [Forwarding clickElement on session 9d8bf035-4924-42d7-be1e-0ebf40f0715e to remote] DEBUG org.asynchttpclient.netty.request.NettyRequestSender - Using pooled Channel '[id: 0xac19b5dd, L:/127.0.0.1:62239 - R:/127.0.0.1:4723]' for 'POST' to 'http://0.0.0.0:4723/wd/hub/session/9d8bf035-4924-42d7-be1e-0ebf40f0715e/element/00000000-0000-055f-0000-002400000003/click'
10:02:33.876 [Forwarding clickElement on session 9d8bf035-4924-42d7-be1e-0ebf40f0715e to remote] DEBUG org.asynchttpclient.netty.request.NettyRequestSender - Using open Channel [id: 0xac19b5dd, L:/127.0.0.1:62239 - R:/127.0.0.1:4723] for POST '/wd/hub/session/9d8bf035-4924-42d7-be1e-0ebf40f0715e/element/00000000-0000-055f-0000-002400000003/click'
10:02:34.641 [AsyncHttpClient-1-2] DEBUG org.asynchttpclient.netty.handler.HttpHandler - 

Request DefaultHttpRequest(decodeResult: success, version: HTTP/1.1)
POST /wd/hub/session/9d8bf035-4924-42d7-be1e-0ebf40f0715e/element/00000000-0000-055f-0000-002400000003/click HTTP/1.1
User-Agent: appium/8.3.0 (selenium/4.8.1 (java windows))
Content-Length: 50
Content-Type: application/json; charset=utf-8
host: 0.0.0.0:4723
accept: */*

Response DefaultHttpResponse(decodeResult: success, version: HTTP/1.1)
HTTP/1.1 200 OK
X-Powered-By: Express
Vary: X-HTTP-Method-Override
Content-Type: application/json; charset=utf-8
Content-Length: 14
ETag: W/"e-9/1BuKMgFObM1mWJm+YjxtXJnUM"
Date: Sat, 06 May 2023 03:02:34 GMT
Connection: keep-alive
Keep-Alive: timeout=600

10:02:34.641 [AsyncHttpClient-1-2] DEBUG org.asynchttpclient.netty.channel.ChannelManager - Adding key: http://0.0.0.0:4723 for channel [id: 0xac19b5dd, L:/127.0.0.1:62239 - R:/127.0.0.1:4723]
10:02:34.644 [Forwarding findElement on session 9d8bf035-4924-42d7-be1e-0ebf40f0715e to remote] DEBUG org.asynchttpclient.netty.request.NettyRequestSender - Using pooled Channel '[id: 0xac19b5dd, L:/127.0.0.1:62239 - R:/127.0.0.1:4723]' for 'POST' to 'http://0.0.0.0:4723/wd/hub/session/9d8bf035-4924-42d7-be1e-0ebf40f0715e/element'
10:02:34.644 [Forwarding findElement on session 9d8bf035-4924-42d7-be1e-0ebf40f0715e to remote] DEBUG org.asynchttpclient.netty.request.NettyRequestSender - Using open Channel [id: 0xac19b5dd, L:/127.0.0.1:62239 - R:/127.0.0.1:4723] for POST '/wd/hub/session/9d8bf035-4924-42d7-be1e-0ebf40f0715e/element'
10:02:34.709 [AsyncHttpClient-1-2] DEBUG org.asynchttpclient.netty.handler.HttpHandler - 

Request DefaultHttpRequest(decodeResult: success, version: HTTP/1.1)
POST /wd/hub/session/9d8bf035-4924-42d7-be1e-0ebf40f0715e/element HTTP/1.1
User-Agent: appium/8.3.0 (selenium/4.8.1 (java windows))
Content-Length: 305
Content-Type: application/json; charset=utf-8
host: 0.0.0.0:4723
accept: */*

Response DefaultHttpResponse(decodeResult: success, version: HTTP/1.1)
HTTP/1.1 200 OK
X-Powered-By: Express
Vary: X-HTTP-Method-Override
Content-Type: application/json; charset=utf-8
Content-Length: 137
ETag: W/"89-+xr3/vWxbzt+psw2II2d+8j/g/M"
Date: Sat, 06 May 2023 03:02:34 GMT
Connection: keep-alive
Keep-Alive: timeout=600

10:02:34.710 [AsyncHttpClient-1-2] DEBUG org.asynchttpclient.netty.channel.ChannelManager - Adding key: http://0.0.0.0:4723 for channel [id: 0xac19b5dd, L:/127.0.0.1:62239 - R:/127.0.0.1:4723]
10:02:34.712 [Forwarding sendKeysToElement on session 9d8bf035-4924-42d7-be1e-0ebf40f0715e to remote] DEBUG org.asynchttpclient.netty.request.NettyRequestSender - Using pooled Channel '[id: 0xac19b5dd, L:/127.0.0.1:62239 - R:/127.0.0.1:4723]' for 'POST' to 'http://0.0.0.0:4723/wd/hub/session/9d8bf035-4924-42d7-be1e-0ebf40f0715e/element/00000000-0000-055f-0000-002400000003/value'
10:02:34.712 [Forwarding sendKeysToElement on session 9d8bf035-4924-42d7-be1e-0ebf40f0715e to remote] DEBUG org.asynchttpclient.netty.request.NettyRequestSender - Using open Channel [id: 0xac19b5dd, L:/127.0.0.1:62239 - R:/127.0.0.1:4723] for POST '/wd/hub/session/9d8bf035-4924-42d7-be1e-0ebf40f0715e/element/00000000-0000-055f-0000-002400000003/value'
10:02:34.754 [AsyncHttpClient-1-2] DEBUG org.asynchttpclient.netty.handler.HttpHandler - 

Request DefaultHttpRequest(decodeResult: success, version: HTTP/1.1)
POST /wd/hub/session/9d8bf035-4924-42d7-be1e-0ebf40f0715e/element/00000000-0000-055f-0000-002400000003/value HTTP/1.1
User-Agent: appium/8.3.0 (selenium/4.8.1 (java windows))
Content-Length: 111
Content-Type: application/json; charset=utf-8
host: 0.0.0.0:4723
accept: */*

Response DefaultHttpResponse(decodeResult: success, version: HTTP/1.1)
HTTP/1.1 200 OK
X-Powered-By: Express
Vary: X-HTTP-Method-Override
Content-Type: application/json; charset=utf-8
Content-Length: 14
ETag: W/"e-9/1BuKMgFObM1mWJm+YjxtXJnUM"
Date: Sat, 06 May 2023 03:02:34 GMT
Connection: keep-alive
Keep-Alive: timeout=600

10:02:34.754 [AsyncHttpClient-1-2] DEBUG org.asynchttpclient.netty.channel.ChannelManager - Adding key: http://0.0.0.0:4723 for channel [id: 0xac19b5dd, L:/127.0.0.1:62239 - R:/127.0.0.1:4723]
10:02:34.756 [main] DEBUG net.thucydides.core.steps.StepInterceptor - STEP DONE: inputPassword
]]></system-out>
  </testcase>
  <testcase name="user click login button again for login feature" classname="user tidak bisa login karena menggunakan email yang salah" time="0.827">
    <system-out><![CDATA[10:02:34.778 [main] DEBUG net.thucydides.core.steps.StepInterceptor - STARTING STEP: LoginSteps.userClickLoginButtonAgainForLoginFeature - clickButtonLoginSecond
10:02:34.783 [Forwarding findElement on session 9d8bf035-4924-42d7-be1e-0ebf40f0715e to remote] DEBUG org.asynchttpclient.netty.request.NettyRequestSender - Using pooled Channel '[id: 0xac19b5dd, L:/127.0.0.1:62239 - R:/127.0.0.1:4723]' for 'POST' to 'http://0.0.0.0:4723/wd/hub/session/9d8bf035-4924-42d7-be1e-0ebf40f0715e/element'
10:02:34.783 [Forwarding findElement on session 9d8bf035-4924-42d7-be1e-0ebf40f0715e to remote] DEBUG org.asynchttpclient.netty.request.NettyRequestSender - Using open Channel [id: 0xac19b5dd, L:/127.0.0.1:62239 - R:/127.0.0.1:4723] for POST '/wd/hub/session/9d8bf035-4924-42d7-be1e-0ebf40f0715e/element'
10:02:35.465 [AsyncHttpClient-1-2] DEBUG org.asynchttpclient.netty.handler.HttpHandler - 

Request DefaultHttpRequest(decodeResult: success, version: HTTP/1.1)
POST /wd/hub/session/9d8bf035-4924-42d7-be1e-0ebf40f0715e/element HTTP/1.1
User-Agent: appium/8.3.0 (selenium/4.8.1 (java windows))
Content-Length: 95
Content-Type: application/json; charset=utf-8
host: 0.0.0.0:4723
accept: */*

Response DefaultHttpResponse(decodeResult: success, version: HTTP/1.1)
HTTP/1.1 200 OK
X-Powered-By: Express
Vary: X-HTTP-Method-Override
Content-Type: application/json; charset=utf-8
Content-Length: 137
ETag: W/"89-s0GAGd3ZCnFLZROKFwJ1mbT5mVg"
Date: Sat, 06 May 2023 03:02:35 GMT
Connection: keep-alive
Keep-Alive: timeout=600

10:02:35.466 [AsyncHttpClient-1-2] DEBUG org.asynchttpclient.netty.channel.ChannelManager - Adding key: http://0.0.0.0:4723 for channel [id: 0xac19b5dd, L:/127.0.0.1:62239 - R:/127.0.0.1:4723]
10:02:35.468 [Forwarding isElementDisplayed on session 9d8bf035-4924-42d7-be1e-0ebf40f0715e to remote] DEBUG org.asynchttpclient.netty.request.NettyRequestSender - Using pooled Channel '[id: 0xac19b5dd, L:/127.0.0.1:62239 - R:/127.0.0.1:4723]' for 'GET' to 'http://0.0.0.0:4723/wd/hub/session/9d8bf035-4924-42d7-be1e-0ebf40f0715e/element/00000000-0000-055f-0000-002500000003/displayed'
10:02:35.469 [Forwarding isElementDisplayed on session 9d8bf035-4924-42d7-be1e-0ebf40f0715e to remote] DEBUG org.asynchttpclient.netty.request.NettyRequestSender - Using open Channel [id: 0xac19b5dd, L:/127.0.0.1:62239 - R:/127.0.0.1:4723] for GET '/wd/hub/session/9d8bf035-4924-42d7-be1e-0ebf40f0715e/element/00000000-0000-055f-0000-002500000003/displayed'
10:02:35.494 [AsyncHttpClient-1-2] DEBUG org.asynchttpclient.netty.handler.HttpHandler - 

Request DefaultFullHttpRequest(decodeResult: success, version: HTTP/1.1, content: EmptyByteBufBE)
GET /wd/hub/session/9d8bf035-4924-42d7-be1e-0ebf40f0715e/element/00000000-0000-055f-0000-002500000003/displayed HTTP/1.1
User-Agent: appium/8.3.0 (selenium/4.8.1 (java windows))
Cache-Control: no-cache
Content-Type: application/json; charset=utf-8
host: 0.0.0.0:4723
accept: */*

Response DefaultHttpResponse(decodeResult: success, version: HTTP/1.1)
HTTP/1.1 200 OK
X-Powered-By: Express
Content-Type: application/json; charset=utf-8
Content-Length: 14
ETag: W/"e-2ZHvAWebNQpyjGZTg6uyV8/spTo"
Date: Sat, 06 May 2023 03:02:35 GMT
Connection: keep-alive
Keep-Alive: timeout=600

10:02:35.494 [AsyncHttpClient-1-2] DEBUG org.asynchttpclient.netty.channel.ChannelManager - Adding key: http://0.0.0.0:4723 for channel [id: 0xac19b5dd, L:/127.0.0.1:62239 - R:/127.0.0.1:4723]
10:02:35.495 [Forwarding isElementEnabled on session 9d8bf035-4924-42d7-be1e-0ebf40f0715e to remote] DEBUG org.asynchttpclient.netty.request.NettyRequestSender - Using pooled Channel '[id: 0xac19b5dd, L:/127.0.0.1:62239 - R:/127.0.0.1:4723]' for 'GET' to 'http://0.0.0.0:4723/wd/hub/session/9d8bf035-4924-42d7-be1e-0ebf40f0715e/element/00000000-0000-055f-0000-002500000003/enabled'
10:02:35.496 [Forwarding isElementEnabled on session 9d8bf035-4924-42d7-be1e-0ebf40f0715e to remote] DEBUG org.asynchttpclient.netty.request.NettyRequestSender - Using open Channel [id: 0xac19b5dd, L:/127.0.0.1:62239 - R:/127.0.0.1:4723] for GET '/wd/hub/session/9d8bf035-4924-42d7-be1e-0ebf40f0715e/element/00000000-0000-055f-0000-002500000003/enabled'
10:02:35.520 [AsyncHttpClient-1-2] DEBUG org.asynchttpclient.netty.handler.HttpHandler - 

Request DefaultFullHttpRequest(decodeResult: success, version: HTTP/1.1, content: EmptyByteBufBE)
GET /wd/hub/session/9d8bf035-4924-42d7-be1e-0ebf40f0715e/element/00000000-0000-055f-0000-002500000003/enabled HTTP/1.1
User-Agent: appium/8.3.0 (selenium/4.8.1 (java windows))
Cache-Control: no-cache
Content-Type: application/json; charset=utf-8
host: 0.0.0.0:4723
accept: */*

Response DefaultHttpResponse(decodeResult: success, version: HTTP/1.1)
HTTP/1.1 200 OK
X-Powered-By: Express
Content-Type: application/json; charset=utf-8
Content-Length: 14
ETag: W/"e-2ZHvAWebNQpyjGZTg6uyV8/spTo"
Date: Sat, 06 May 2023 03:02:35 GMT
Connection: keep-alive
Keep-Alive: timeout=600

10:02:35.521 [AsyncHttpClient-1-2] DEBUG org.asynchttpclient.netty.channel.ChannelManager - Adding key: http://0.0.0.0:4723 for channel [id: 0xac19b5dd, L:/127.0.0.1:62239 - R:/127.0.0.1:4723]
10:02:35.522 [Forwarding clickElement on session 9d8bf035-4924-42d7-be1e-0ebf40f0715e to remote] DEBUG org.asynchttpclient.netty.request.NettyRequestSender - Using pooled Channel '[id: 0xac19b5dd, L:/127.0.0.1:62239 - R:/127.0.0.1:4723]' for 'POST' to 'http://0.0.0.0:4723/wd/hub/session/9d8bf035-4924-42d7-be1e-0ebf40f0715e/element/00000000-0000-055f-0000-002500000003/click'
10:02:35.522 [Forwarding clickElement on session 9d8bf035-4924-42d7-be1e-0ebf40f0715e to remote] DEBUG org.asynchttpclient.netty.request.NettyRequestSender - Using open Channel [id: 0xac19b5dd, L:/127.0.0.1:62239 - R:/127.0.0.1:4723] for POST '/wd/hub/session/9d8bf035-4924-42d7-be1e-0ebf40f0715e/element/00000000-0000-055f-0000-002500000003/click'
10:02:35.586 [AsyncHttpClient-1-2] DEBUG org.asynchttpclient.netty.handler.HttpHandler - 

Request DefaultHttpRequest(decodeResult: success, version: HTTP/1.1)
POST /wd/hub/session/9d8bf035-4924-42d7-be1e-0ebf40f0715e/element/00000000-0000-055f-0000-002500000003/click HTTP/1.1
User-Agent: appium/8.3.0 (selenium/4.8.1 (java windows))
Content-Length: 50
Content-Type: application/json; charset=utf-8
host: 0.0.0.0:4723
accept: */*

Response DefaultHttpResponse(decodeResult: success, version: HTTP/1.1)
HTTP/1.1 200 OK
X-Powered-By: Express
Vary: X-HTTP-Method-Override
Content-Type: application/json; charset=utf-8
Content-Length: 14
ETag: W/"e-9/1BuKMgFObM1mWJm+YjxtXJnUM"
Date: Sat, 06 May 2023 03:02:35 GMT
Connection: keep-alive
Keep-Alive: timeout=600

10:02:35.587 [AsyncHttpClient-1-2] DEBUG org.asynchttpclient.netty.channel.ChannelManager - Adding key: http://0.0.0.0:4723 for channel [id: 0xac19b5dd, L:/127.0.0.1:62239 - R:/127.0.0.1:4723]
10:02:35.589 [main] DEBUG net.thucydides.core.steps.StepInterceptor - STEP DONE: clickButtonLoginSecond
]]></system-out>
  </testcase>
  <testcase name="user see error message email invalid &quot;Email or Password Invalid&quot;" classname="user tidak bisa login karena menggunakan email yang salah" time="1.021">
    <system-out><![CDATA[10:02:35.611 [main] DEBUG net.thucydides.core.steps.StepInterceptor - STARTING STEP: LoginSteps.userSeeErrorMessageEmailInvalid - getEmailInvalid
10:02:35.623 [Forwarding findElement on session 9d8bf035-4924-42d7-be1e-0ebf40f0715e to remote] DEBUG org.asynchttpclient.netty.request.NettyRequestSender - Using pooled Channel '[id: 0xac19b5dd, L:/127.0.0.1:62239 - R:/127.0.0.1:4723]' for 'POST' to 'http://0.0.0.0:4723/wd/hub/session/9d8bf035-4924-42d7-be1e-0ebf40f0715e/element'
10:02:35.624 [Forwarding findElement on session 9d8bf035-4924-42d7-be1e-0ebf40f0715e to remote] DEBUG org.asynchttpclient.netty.request.NettyRequestSender - Using open Channel [id: 0xac19b5dd, L:/127.0.0.1:62239 - R:/127.0.0.1:4723] for POST '/wd/hub/session/9d8bf035-4924-42d7-be1e-0ebf40f0715e/element'
10:02:36.577 [AsyncHttpClient-1-2] DEBUG org.asynchttpclient.netty.handler.HttpHandler - 

Request DefaultHttpRequest(decodeResult: success, version: HTTP/1.1)
POST /wd/hub/session/9d8bf035-4924-42d7-be1e-0ebf40f0715e/element HTTP/1.1
User-Agent: appium/8.3.0 (selenium/4.8.1 (java windows))
Content-Length: 118
Content-Type: application/json; charset=utf-8
host: 0.0.0.0:4723
accept: */*

Response DefaultHttpResponse(decodeResult: success, version: HTTP/1.1)
HTTP/1.1 200 OK
X-Powered-By: Express
Vary: X-HTTP-Method-Override
Content-Type: application/json; charset=utf-8
Content-Length: 137
ETag: W/"89-mVG06Hm3YQ9+uBo1IWANnyvhUNE"
Date: Sat, 06 May 2023 03:02:36 GMT
Connection: keep-alive
Keep-Alive: timeout=600

10:02:36.577 [AsyncHttpClient-1-2] DEBUG org.asynchttpclient.netty.channel.ChannelManager - Adding key: http://0.0.0.0:4723 for channel [id: 0xac19b5dd, L:/127.0.0.1:62239 - R:/127.0.0.1:4723]
10:02:36.579 [Forwarding isElementDisplayed on session 9d8bf035-4924-42d7-be1e-0ebf40f0715e to remote] DEBUG org.asynchttpclient.netty.request.NettyRequestSender - Using pooled Channel '[id: 0xac19b5dd, L:/127.0.0.1:62239 - R:/127.0.0.1:4723]' for 'GET' to 'http://0.0.0.0:4723/wd/hub/session/9d8bf035-4924-42d7-be1e-0ebf40f0715e/element/00000000-0000-055f-0000-002b00000003/displayed'
10:02:36.579 [Forwarding isElementDisplayed on session 9d8bf035-4924-42d7-be1e-0ebf40f0715e to remote] DEBUG org.asynchttpclient.netty.request.NettyRequestSender - Using open Channel [id: 0xac19b5dd, L:/127.0.0.1:62239 - R:/127.0.0.1:4723] for GET '/wd/hub/session/9d8bf035-4924-42d7-be1e-0ebf40f0715e/element/00000000-0000-055f-0000-002b00000003/displayed'
10:02:36.597 [AsyncHttpClient-1-2] DEBUG org.asynchttpclient.netty.handler.HttpHandler - 

Request DefaultFullHttpRequest(decodeResult: success, version: HTTP/1.1, content: EmptyByteBufBE)
GET /wd/hub/session/9d8bf035-4924-42d7-be1e-0ebf40f0715e/element/00000000-0000-055f-0000-002b00000003/displayed HTTP/1.1
User-Agent: appium/8.3.0 (selenium/4.8.1 (java windows))
Cache-Control: no-cache
Content-Type: application/json; charset=utf-8
host: 0.0.0.0:4723
accept: */*

Response DefaultHttpResponse(decodeResult: success, version: HTTP/1.1)
HTTP/1.1 200 OK
X-Powered-By: Express
Content-Type: application/json; charset=utf-8
Content-Length: 14
ETag: W/"e-2ZHvAWebNQpyjGZTg6uyV8/spTo"
Date: Sat, 06 May 2023 03:02:36 GMT
Connection: keep-alive
Keep-Alive: timeout=600

10:02:36.597 [AsyncHttpClient-1-2] DEBUG org.asynchttpclient.netty.channel.ChannelManager - Adding key: http://0.0.0.0:4723 for channel [id: 0xac19b5dd, L:/127.0.0.1:62239 - R:/127.0.0.1:4723]
10:02:36.599 [Forwarding getElementText on session 9d8bf035-4924-42d7-be1e-0ebf40f0715e to remote] DEBUG org.asynchttpclient.netty.request.NettyRequestSender - Using pooled Channel '[id: 0xac19b5dd, L:/127.0.0.1:62239 - R:/127.0.0.1:4723]' for 'GET' to 'http://0.0.0.0:4723/wd/hub/session/9d8bf035-4924-42d7-be1e-0ebf40f0715e/element/00000000-0000-055f-0000-002b00000003/text'
10:02:36.599 [Forwarding getElementText on session 9d8bf035-4924-42d7-be1e-0ebf40f0715e to remote] DEBUG org.asynchttpclient.netty.request.NettyRequestSender - Using open Channel [id: 0xac19b5dd, L:/127.0.0.1:62239 - R:/127.0.0.1:4723] for GET '/wd/hub/session/9d8bf035-4924-42d7-be1e-0ebf40f0715e/element/00000000-0000-055f-0000-002b00000003/text'
10:02:36.619 [AsyncHttpClient-1-2] DEBUG org.asynchttpclient.netty.handler.HttpHandler - 

Request DefaultFullHttpRequest(decodeResult: success, version: HTTP/1.1, content: EmptyByteBufBE)
GET /wd/hub/session/9d8bf035-4924-42d7-be1e-0ebf40f0715e/element/00000000-0000-055f-0000-002b00000003/text HTTP/1.1
User-Agent: appium/8.3.0 (selenium/4.8.1 (java windows))
Cache-Control: no-cache
Content-Type: application/json; charset=utf-8
host: 0.0.0.0:4723
accept: */*

Response DefaultHttpResponse(decodeResult: success, version: HTTP/1.1)
HTTP/1.1 200 OK
X-Powered-By: Express
Content-Type: application/json; charset=utf-8
Content-Length: 63
ETag: W/"3f-J/Fw6AvpjBrO5QGol7qp2E+/lqM"
Date: Sat, 06 May 2023 03:02:36 GMT
Connection: keep-alive
Keep-Alive: timeout=600

10:02:36.619 [AsyncHttpClient-1-2] DEBUG org.asynchttpclient.netty.channel.ChannelManager - Adding key: http://0.0.0.0:4723 for channel [id: 0xac19b5dd, L:/127.0.0.1:62239 - R:/127.0.0.1:4723]
10:02:36.620 [main] DEBUG net.thucydides.core.steps.StepInterceptor - STEP DONE: getEmailInvalid
]]></system-out>
  </testcase>
  <testcase name="user on homepage AltaShop for login feature" classname="user tidak bisa login karena tidak menginput email di field email" time="9.78">
    <system-out><![CDATA[10:02:36.627 [main] INFO  - 
  _____   ___   ___   _____     ___     _     ___   ___   ___   ___  
 |_   _| | __| / __| |_   _|   | _ \   /_\   / __| / __| | __| |   \ 
   | |   | _|  \__ \   | |     |  _/  / _ \  \__ \ \__ \ | _|  | |) |
   |_|   |___| |___/   |_|     |_|   /_/ \_\ |___/ |___/ |___| |___/ 

user tidak bisa login karena menggunakan email yang salah
----------------------------------------------------------------------
10:02:36.638 [main] DEBUG io.cucumber.core.plugin.SerenityReporter - Running feature from file:///C:/Dev/ALTASHOP%20MOBILE%20AUTOMATION/src/test/resources/features/1.%20Login.feature
10:02:36.644 [main] INFO  - 
  _____   ___   ___   _____     ___   _____     _     ___   _____   ___   ___  
 |_   _| | __| / __| |_   _|   / __| |_   _|   /_\   | _ \ |_   _| | __| |   \ 
   | |   | _|  \__ \   | |     \__ \   | |    / _ \  |   /   | |   | _|  | |) |
   |_|   |___| |___/   |_|     |___/   |_|   /_/ \_\ |_|_\   |_|   |___| |___/ 

user tidak bisa login karena tidak menginput email di field email(login;user-tidak-bisa-login-karena-tidak-menginput-email-di-field-email)
--------------------------------------------------------------------------------
10:02:36.665 [main] DEBUG net.thucydides.core.steps.StepInterceptor - STARTING STEP: LoginSteps.userOnHomepageAltaShopForLoginFeature - onHomepageAltaShop
10:02:36.674 [Forwarding newSession on session null to remote] DEBUG org.asynchttpclient.netty.request.NettyRequestSender - Using pooled Channel '[id: 0xac19b5dd, L:/127.0.0.1:62239 - R:/127.0.0.1:4723]' for 'POST' to 'http://0.0.0.0:4723/wd/hub/session'
10:02:36.674 [Forwarding newSession on session null to remote] DEBUG org.asynchttpclient.netty.request.NettyRequestSender - Using open Channel [id: 0xac19b5dd, L:/127.0.0.1:62239 - R:/127.0.0.1:4723] for POST '/wd/hub/session'
10:02:45.350 [AsyncHttpClient-1-2] DEBUG org.asynchttpclient.netty.handler.HttpHandler - 

Request DefaultHttpRequest(decodeResult: success, version: HTTP/1.1)
POST /wd/hub/session HTTP/1.1
X-Idempotency-Key: 171fa51c-3921-4e91-89f2-3ba0bb59f4f2
User-Agent: appium/8.3.0 (selenium/4.8.1 (java windows))
Content-Length: 301
Content-Type: application/json; charset=utf-8
host: 0.0.0.0:4723
accept: */*

Response DefaultHttpResponse(decodeResult: success, version: HTTP/1.1)
HTTP/1.1 200 OK
X-Powered-By: Express
Vary: X-HTTP-Method-Override
Content-Type: application/json; charset=utf-8
Content-Length: 920
ETag: W/"398-/o8n+AQP3X45WH/WhBgs3AMkl04"
Date: Sat, 06 May 2023 03:02:45 GMT
Connection: keep-alive
Keep-Alive: timeout=600

10:02:45.351 [AsyncHttpClient-1-2] DEBUG org.asynchttpclient.netty.channel.ChannelManager - Adding key: http://0.0.0.0:4723 for channel [id: 0xac19b5dd, L:/127.0.0.1:62239 - R:/127.0.0.1:4723]
10:02:45.359 [Forwarding setTimeout on session 11eb8d5d-d161-4290-8926-6d894cef9ca9 to remote] DEBUG org.asynchttpclient.netty.request.NettyRequestSender - Using pooled Channel '[id: 0xac19b5dd, L:/127.0.0.1:62239 - R:/127.0.0.1:4723]' for 'POST' to 'http://0.0.0.0:4723/wd/hub/session/11eb8d5d-d161-4290-8926-6d894cef9ca9/timeouts'
10:02:45.359 [Forwarding setTimeout on session 11eb8d5d-d161-4290-8926-6d894cef9ca9 to remote] DEBUG org.asynchttpclient.netty.request.NettyRequestSender - Using open Channel [id: 0xac19b5dd, L:/127.0.0.1:62239 - R:/127.0.0.1:4723] for POST '/wd/hub/session/11eb8d5d-d161-4290-8926-6d894cef9ca9/timeouts'
10:02:45.364 [AsyncHttpClient-1-2] DEBUG org.asynchttpclient.netty.handler.HttpHandler - 

Request DefaultHttpRequest(decodeResult: success, version: HTTP/1.1)
POST /wd/hub/session/11eb8d5d-d161-4290-8926-6d894cef9ca9/timeouts HTTP/1.1
User-Agent: appium/8.3.0 (selenium/4.8.1 (java windows))
Content-Length: 23
Content-Type: application/json; charset=utf-8
host: 0.0.0.0:4723
accept: */*

Response DefaultHttpResponse(decodeResult: success, version: HTTP/1.1)
HTTP/1.1 200 OK
X-Powered-By: Express
Vary: X-HTTP-Method-Override
Content-Type: application/json; charset=utf-8
Content-Length: 14
ETag: W/"e-9/1BuKMgFObM1mWJm+YjxtXJnUM"
Date: Sat, 06 May 2023 03:02:45 GMT
Connection: keep-alive
Keep-Alive: timeout=600

10:02:45.365 [AsyncHttpClient-1-2] DEBUG org.asynchttpclient.netty.channel.ChannelManager - Adding key: http://0.0.0.0:4723 for channel [id: 0xac19b5dd, L:/127.0.0.1:62239 - R:/127.0.0.1:4723]
10:02:45.367 [Forwarding findElement on session 11eb8d5d-d161-4290-8926-6d894cef9ca9 to remote] DEBUG org.asynchttpclient.netty.request.NettyRequestSender - Using pooled Channel '[id: 0xac19b5dd, L:/127.0.0.1:62239 - R:/127.0.0.1:4723]' for 'POST' to 'http://0.0.0.0:4723/wd/hub/session/11eb8d5d-d161-4290-8926-6d894cef9ca9/element'
10:02:45.367 [Forwarding findElement on session 11eb8d5d-d161-4290-8926-6d894cef9ca9 to remote] DEBUG org.asynchttpclient.netty.request.NettyRequestSender - Using open Channel [id: 0xac19b5dd, L:/127.0.0.1:62239 - R:/127.0.0.1:4723] for POST '/wd/hub/session/11eb8d5d-d161-4290-8926-6d894cef9ca9/element'
10:02:46.372 [AsyncHttpClient-1-2] DEBUG org.asynchttpclient.netty.handler.HttpHandler - 

Request DefaultHttpRequest(decodeResult: success, version: HTTP/1.1)
POST /wd/hub/session/11eb8d5d-d161-4290-8926-6d894cef9ca9/element HTTP/1.1
User-Agent: appium/8.3.0 (selenium/4.8.1 (java windows))
Content-Length: 326
Content-Type: application/json; charset=utf-8
host: 0.0.0.0:4723
accept: */*

Response DefaultHttpResponse(decodeResult: success, version: HTTP/1.1)
HTTP/1.1 200 OK
X-Powered-By: Express
Vary: X-HTTP-Method-Override
Content-Type: application/json; charset=utf-8
Content-Length: 137
ETag: W/"89-Xkt53kzNWNSaYuVlUHZeESWgwVk"
Date: Sat, 06 May 2023 03:02:46 GMT
Connection: keep-alive
Keep-Alive: timeout=600

10:02:46.373 [AsyncHttpClient-1-2] DEBUG org.asynchttpclient.netty.channel.ChannelManager - Adding key: http://0.0.0.0:4723 for channel [id: 0xac19b5dd, L:/127.0.0.1:62239 - R:/127.0.0.1:4723]
10:02:46.374 [Forwarding isElementDisplayed on session 11eb8d5d-d161-4290-8926-6d894cef9ca9 to remote] DEBUG org.asynchttpclient.netty.request.NettyRequestSender - Using pooled Channel '[id: 0xac19b5dd, L:/127.0.0.1:62239 - R:/127.0.0.1:4723]' for 'GET' to 'http://0.0.0.0:4723/wd/hub/session/11eb8d5d-d161-4290-8926-6d894cef9ca9/element/00000000-0000-056d-0000-000700000003/displayed'
10:02:46.374 [Forwarding isElementDisplayed on session 11eb8d5d-d161-4290-8926-6d894cef9ca9 to remote] DEBUG org.asynchttpclient.netty.request.NettyRequestSender - Using open Channel [id: 0xac19b5dd, L:/127.0.0.1:62239 - R:/127.0.0.1:4723] for GET '/wd/hub/session/11eb8d5d-d161-4290-8926-6d894cef9ca9/element/00000000-0000-056d-0000-000700000003/displayed'
10:02:46.399 [AsyncHttpClient-1-2] DEBUG org.asynchttpclient.netty.handler.HttpHandler - 

Request DefaultFullHttpRequest(decodeResult: success, version: HTTP/1.1, content: EmptyByteBufBE)
GET /wd/hub/session/11eb8d5d-d161-4290-8926-6d894cef9ca9/element/00000000-0000-056d-0000-000700000003/displayed HTTP/1.1
User-Agent: appium/8.3.0 (selenium/4.8.1 (java windows))
Cache-Control: no-cache
Content-Type: application/json; charset=utf-8
host: 0.0.0.0:4723
accept: */*

Response DefaultHttpResponse(decodeResult: success, version: HTTP/1.1)
HTTP/1.1 200 OK
X-Powered-By: Express
Content-Type: application/json; charset=utf-8
Content-Length: 14
ETag: W/"e-2ZHvAWebNQpyjGZTg6uyV8/spTo"
Date: Sat, 06 May 2023 03:02:46 GMT
Connection: keep-alive
Keep-Alive: timeout=600

10:02:46.399 [AsyncHttpClient-1-2] DEBUG org.asynchttpclient.netty.channel.ChannelManager - Adding key: http://0.0.0.0:4723 for channel [id: 0xac19b5dd, L:/127.0.0.1:62239 - R:/127.0.0.1:4723]
10:02:46.401 [Forwarding isElementDisplayed on session 11eb8d5d-d161-4290-8926-6d894cef9ca9 to remote] DEBUG org.asynchttpclient.netty.request.NettyRequestSender - Using pooled Channel '[id: 0xac19b5dd, L:/127.0.0.1:62239 - R:/127.0.0.1:4723]' for 'GET' to 'http://0.0.0.0:4723/wd/hub/session/11eb8d5d-d161-4290-8926-6d894cef9ca9/element/00000000-0000-056d-0000-000700000003/displayed'
10:02:46.401 [Forwarding isElementDisplayed on session 11eb8d5d-d161-4290-8926-6d894cef9ca9 to remote] DEBUG org.asynchttpclient.netty.request.NettyRequestSender - Using open Channel [id: 0xac19b5dd, L:/127.0.0.1:62239 - R:/127.0.0.1:4723] for GET '/wd/hub/session/11eb8d5d-d161-4290-8926-6d894cef9ca9/element/00000000-0000-056d-0000-000700000003/displayed'
10:02:46.430 [AsyncHttpClient-1-2] DEBUG org.asynchttpclient.netty.handler.HttpHandler - 

Request DefaultFullHttpRequest(decodeResult: success, version: HTTP/1.1, content: EmptyByteBufBE)
GET /wd/hub/session/11eb8d5d-d161-4290-8926-6d894cef9ca9/element/00000000-0000-056d-0000-000700000003/displayed HTTP/1.1
User-Agent: appium/8.3.0 (selenium/4.8.1 (java windows))
Cache-Control: no-cache
Content-Type: application/json; charset=utf-8
host: 0.0.0.0:4723
accept: */*

Response DefaultHttpResponse(decodeResult: success, version: HTTP/1.1)
HTTP/1.1 200 OK
X-Powered-By: Express
Content-Type: application/json; charset=utf-8
Content-Length: 14
ETag: W/"e-2ZHvAWebNQpyjGZTg6uyV8/spTo"
Date: Sat, 06 May 2023 03:02:46 GMT
Connection: keep-alive
Keep-Alive: timeout=600

10:02:46.430 [AsyncHttpClient-1-2] DEBUG org.asynchttpclient.netty.channel.ChannelManager - Adding key: http://0.0.0.0:4723 for channel [id: 0xac19b5dd, L:/127.0.0.1:62239 - R:/127.0.0.1:4723]
10:02:46.431 [main] DEBUG net.thucydides.core.steps.StepInterceptor - STEP DONE: onHomepageAltaShop
]]></system-out>
  </testcase>
  <testcase name="user click login button for login feature" classname="user tidak bisa login karena tidak menginput email di field email" time="0.236">
    <system-out><![CDATA[10:02:46.439 [main] DEBUG net.thucydides.core.steps.StepInterceptor - STARTING STEP: LoginSteps.userClickLoginButtonForLoginFeature - clickButtonLogin
10:02:46.442 [Forwarding findElement on session 11eb8d5d-d161-4290-8926-6d894cef9ca9 to remote] DEBUG org.asynchttpclient.netty.request.NettyRequestSender - Using pooled Channel '[id: 0xac19b5dd, L:/127.0.0.1:62239 - R:/127.0.0.1:4723]' for 'POST' to 'http://0.0.0.0:4723/wd/hub/session/11eb8d5d-d161-4290-8926-6d894cef9ca9/element'
10:02:46.442 [Forwarding findElement on session 11eb8d5d-d161-4290-8926-6d894cef9ca9 to remote] DEBUG org.asynchttpclient.netty.request.NettyRequestSender - Using open Channel [id: 0xac19b5dd, L:/127.0.0.1:62239 - R:/127.0.0.1:4723] for POST '/wd/hub/session/11eb8d5d-d161-4290-8926-6d894cef9ca9/element'
10:02:46.526 [AsyncHttpClient-1-2] DEBUG org.asynchttpclient.netty.handler.HttpHandler - 

Request DefaultHttpRequest(decodeResult: success, version: HTTP/1.1)
POST /wd/hub/session/11eb8d5d-d161-4290-8926-6d894cef9ca9/element HTTP/1.1
User-Agent: appium/8.3.0 (selenium/4.8.1 (java windows))
Content-Length: 326
Content-Type: application/json; charset=utf-8
host: 0.0.0.0:4723
accept: */*

Response DefaultHttpResponse(decodeResult: success, version: HTTP/1.1)
HTTP/1.1 200 OK
X-Powered-By: Express
Vary: X-HTTP-Method-Override
Content-Type: application/json; charset=utf-8
Content-Length: 137
ETag: W/"89-Xkt53kzNWNSaYuVlUHZeESWgwVk"
Date: Sat, 06 May 2023 03:02:46 GMT
Connection: keep-alive
Keep-Alive: timeout=600

10:02:46.527 [AsyncHttpClient-1-2] DEBUG org.asynchttpclient.netty.channel.ChannelManager - Adding key: http://0.0.0.0:4723 for channel [id: 0xac19b5dd, L:/127.0.0.1:62239 - R:/127.0.0.1:4723]
10:02:46.528 [Forwarding isElementDisplayed on session 11eb8d5d-d161-4290-8926-6d894cef9ca9 to remote] DEBUG org.asynchttpclient.netty.request.NettyRequestSender - Using pooled Channel '[id: 0xac19b5dd, L:/127.0.0.1:62239 - R:/127.0.0.1:4723]' for 'GET' to 'http://0.0.0.0:4723/wd/hub/session/11eb8d5d-d161-4290-8926-6d894cef9ca9/element/00000000-0000-056d-0000-000700000003/displayed'
10:02:46.528 [Forwarding isElementDisplayed on session 11eb8d5d-d161-4290-8926-6d894cef9ca9 to remote] DEBUG org.asynchttpclient.netty.request.NettyRequestSender - Using open Channel [id: 0xac19b5dd, L:/127.0.0.1:62239 - R:/127.0.0.1:4723] for GET '/wd/hub/session/11eb8d5d-d161-4290-8926-6d894cef9ca9/element/00000000-0000-056d-0000-000700000003/displayed'
10:02:46.558 [AsyncHttpClient-1-2] DEBUG org.asynchttpclient.netty.handler.HttpHandler - 

Request DefaultFullHttpRequest(decodeResult: success, version: HTTP/1.1, content: EmptyByteBufBE)
GET /wd/hub/session/11eb8d5d-d161-4290-8926-6d894cef9ca9/element/00000000-0000-056d-0000-000700000003/displayed HTTP/1.1
User-Agent: appium/8.3.0 (selenium/4.8.1 (java windows))
Cache-Control: no-cache
Content-Type: application/json; charset=utf-8
host: 0.0.0.0:4723
accept: */*

Response DefaultHttpResponse(decodeResult: success, version: HTTP/1.1)
HTTP/1.1 200 OK
X-Powered-By: Express
Content-Type: application/json; charset=utf-8
Content-Length: 14
ETag: W/"e-2ZHvAWebNQpyjGZTg6uyV8/spTo"
Date: Sat, 06 May 2023 03:02:46 GMT
Connection: keep-alive
Keep-Alive: timeout=600

10:02:46.558 [AsyncHttpClient-1-2] DEBUG org.asynchttpclient.netty.channel.ChannelManager - Adding key: http://0.0.0.0:4723 for channel [id: 0xac19b5dd, L:/127.0.0.1:62239 - R:/127.0.0.1:4723]
10:02:46.560 [Forwarding isElementEnabled on session 11eb8d5d-d161-4290-8926-6d894cef9ca9 to remote] DEBUG org.asynchttpclient.netty.request.NettyRequestSender - Using pooled Channel '[id: 0xac19b5dd, L:/127.0.0.1:62239 - R:/127.0.0.1:4723]' for 'GET' to 'http://0.0.0.0:4723/wd/hub/session/11eb8d5d-d161-4290-8926-6d894cef9ca9/element/00000000-0000-056d-0000-000700000003/enabled'
10:02:46.560 [Forwarding isElementEnabled on session 11eb8d5d-d161-4290-8926-6d894cef9ca9 to remote] DEBUG org.asynchttpclient.netty.request.NettyRequestSender - Using open Channel [id: 0xac19b5dd, L:/127.0.0.1:62239 - R:/127.0.0.1:4723] for GET '/wd/hub/session/11eb8d5d-d161-4290-8926-6d894cef9ca9/element/00000000-0000-056d-0000-000700000003/enabled'
10:02:46.589 [AsyncHttpClient-1-2] DEBUG org.asynchttpclient.netty.handler.HttpHandler - 

Request DefaultFullHttpRequest(decodeResult: success, version: HTTP/1.1, content: EmptyByteBufBE)
GET /wd/hub/session/11eb8d5d-d161-4290-8926-6d894cef9ca9/element/00000000-0000-056d-0000-000700000003/enabled HTTP/1.1
User-Agent: appium/8.3.0 (selenium/4.8.1 (java windows))
Cache-Control: no-cache
Content-Type: application/json; charset=utf-8
host: 0.0.0.0:4723
accept: */*

Response DefaultHttpResponse(decodeResult: success, version: HTTP/1.1)
HTTP/1.1 200 OK
X-Powered-By: Express
Content-Type: application/json; charset=utf-8
Content-Length: 14
ETag: W/"e-2ZHvAWebNQpyjGZTg6uyV8/spTo"
Date: Sat, 06 May 2023 03:02:46 GMT
Connection: keep-alive
Keep-Alive: timeout=600

10:02:46.589 [AsyncHttpClient-1-2] DEBUG org.asynchttpclient.netty.channel.ChannelManager - Adding key: http://0.0.0.0:4723 for channel [id: 0xac19b5dd, L:/127.0.0.1:62239 - R:/127.0.0.1:4723]
10:02:46.590 [Forwarding clickElement on session 11eb8d5d-d161-4290-8926-6d894cef9ca9 to remote] DEBUG org.asynchttpclient.netty.request.NettyRequestSender - Using pooled Channel '[id: 0xac19b5dd, L:/127.0.0.1:62239 - R:/127.0.0.1:4723]' for 'POST' to 'http://0.0.0.0:4723/wd/hub/session/11eb8d5d-d161-4290-8926-6d894cef9ca9/element/00000000-0000-056d-0000-000700000003/click'
10:02:46.590 [Forwarding clickElement on session 11eb8d5d-d161-4290-8926-6d894cef9ca9 to remote] DEBUG org.asynchttpclient.netty.request.NettyRequestSender - Using open Channel [id: 0xac19b5dd, L:/127.0.0.1:62239 - R:/127.0.0.1:4723] for POST '/wd/hub/session/11eb8d5d-d161-4290-8926-6d894cef9ca9/element/00000000-0000-056d-0000-000700000003/click'
10:02:46.661 [AsyncHttpClient-1-2] DEBUG org.asynchttpclient.netty.handler.HttpHandler - 

Request DefaultHttpRequest(decodeResult: success, version: HTTP/1.1)
POST /wd/hub/session/11eb8d5d-d161-4290-8926-6d894cef9ca9/element/00000000-0000-056d-0000-000700000003/click HTTP/1.1
User-Agent: appium/8.3.0 (selenium/4.8.1 (java windows))
Content-Length: 50
Content-Type: application/json; charset=utf-8
host: 0.0.0.0:4723
accept: */*

Response DefaultHttpResponse(decodeResult: success, version: HTTP/1.1)
HTTP/1.1 200 OK
X-Powered-By: Express
Vary: X-HTTP-Method-Override
Content-Type: application/json; charset=utf-8
Content-Length: 14
ETag: W/"e-9/1BuKMgFObM1mWJm+YjxtXJnUM"
Date: Sat, 06 May 2023 03:02:46 GMT
Connection: keep-alive
Keep-Alive: timeout=600

10:02:46.662 [AsyncHttpClient-1-2] DEBUG org.asynchttpclient.netty.channel.ChannelManager - Adding key: http://0.0.0.0:4723 for channel [id: 0xac19b5dd, L:/127.0.0.1:62239 - R:/127.0.0.1:4723]
10:02:46.663 [main] DEBUG net.thucydides.core.steps.StepInterceptor - STEP DONE: clickButtonLogin
]]></system-out>
  </testcase>
  <testcase name="user does not input email for login feature" classname="user tidak bisa login karena tidak menginput email di field email" time="1.627">
    <system-out><![CDATA[10:02:46.697 [main] DEBUG net.thucydides.core.steps.StepInterceptor - STARTING STEP: LoginSteps.userDoesNotInputEmailForLoginFeature - inputEmail
10:02:46.704 [Forwarding findElement on session 11eb8d5d-d161-4290-8926-6d894cef9ca9 to remote] DEBUG org.asynchttpclient.netty.request.NettyRequestSender - Using pooled Channel '[id: 0xac19b5dd, L:/127.0.0.1:62239 - R:/127.0.0.1:4723]' for 'POST' to 'http://0.0.0.0:4723/wd/hub/session/11eb8d5d-d161-4290-8926-6d894cef9ca9/element'
10:02:46.704 [Forwarding findElement on session 11eb8d5d-d161-4290-8926-6d894cef9ca9 to remote] DEBUG org.asynchttpclient.netty.request.NettyRequestSender - Using open Channel [id: 0xac19b5dd, L:/127.0.0.1:62239 - R:/127.0.0.1:4723] for POST '/wd/hub/session/11eb8d5d-d161-4290-8926-6d894cef9ca9/element'
10:02:47.488 [AsyncHttpClient-1-2] DEBUG org.asynchttpclient.netty.handler.HttpHandler - 

Request DefaultHttpRequest(decodeResult: success, version: HTTP/1.1)
POST /wd/hub/session/11eb8d5d-d161-4290-8926-6d894cef9ca9/element HTTP/1.1
User-Agent: appium/8.3.0 (selenium/4.8.1 (java windows))
Content-Length: 305
Content-Type: application/json; charset=utf-8
host: 0.0.0.0:4723
accept: */*

Response DefaultHttpResponse(decodeResult: success, version: HTTP/1.1)
HTTP/1.1 200 OK
X-Powered-By: Express
Vary: X-HTTP-Method-Override
Content-Type: application/json; charset=utf-8
Content-Length: 137
ETag: W/"89-fnAVPYbjNb9r4lHkHrud7EpMewg"
Date: Sat, 06 May 2023 03:02:47 GMT
Connection: keep-alive
Keep-Alive: timeout=600

10:02:47.488 [AsyncHttpClient-1-2] DEBUG org.asynchttpclient.netty.channel.ChannelManager - Adding key: http://0.0.0.0:4723 for channel [id: 0xac19b5dd, L:/127.0.0.1:62239 - R:/127.0.0.1:4723]
10:02:47.490 [Forwarding isElementDisplayed on session 11eb8d5d-d161-4290-8926-6d894cef9ca9 to remote] DEBUG org.asynchttpclient.netty.request.NettyRequestSender - Using pooled Channel '[id: 0xac19b5dd, L:/127.0.0.1:62239 - R:/127.0.0.1:4723]' for 'GET' to 'http://0.0.0.0:4723/wd/hub/session/11eb8d5d-d161-4290-8926-6d894cef9ca9/element/00000000-0000-056d-0000-002300000003/displayed'
10:02:47.490 [Forwarding isElementDisplayed on session 11eb8d5d-d161-4290-8926-6d894cef9ca9 to remote] DEBUG org.asynchttpclient.netty.request.NettyRequestSender - Using open Channel [id: 0xac19b5dd, L:/127.0.0.1:62239 - R:/127.0.0.1:4723] for GET '/wd/hub/session/11eb8d5d-d161-4290-8926-6d894cef9ca9/element/00000000-0000-056d-0000-002300000003/displayed'
10:02:47.513 [AsyncHttpClient-1-2] DEBUG org.asynchttpclient.netty.handler.HttpHandler - 

Request DefaultFullHttpRequest(decodeResult: success, version: HTTP/1.1, content: EmptyByteBufBE)
GET /wd/hub/session/11eb8d5d-d161-4290-8926-6d894cef9ca9/element/00000000-0000-056d-0000-002300000003/displayed HTTP/1.1
User-Agent: appium/8.3.0 (selenium/4.8.1 (java windows))
Cache-Control: no-cache
Content-Type: application/json; charset=utf-8
host: 0.0.0.0:4723
accept: */*

Response DefaultHttpResponse(decodeResult: success, version: HTTP/1.1)
HTTP/1.1 200 OK
X-Powered-By: Express
Content-Type: application/json; charset=utf-8
Content-Length: 14
ETag: W/"e-2ZHvAWebNQpyjGZTg6uyV8/spTo"
Date: Sat, 06 May 2023 03:02:47 GMT
Connection: keep-alive
Keep-Alive: timeout=600

10:02:47.513 [AsyncHttpClient-1-2] DEBUG org.asynchttpclient.netty.channel.ChannelManager - Adding key: http://0.0.0.0:4723 for channel [id: 0xac19b5dd, L:/127.0.0.1:62239 - R:/127.0.0.1:4723]
10:02:47.515 [Forwarding isElementEnabled on session 11eb8d5d-d161-4290-8926-6d894cef9ca9 to remote] DEBUG org.asynchttpclient.netty.request.NettyRequestSender - Using pooled Channel '[id: 0xac19b5dd, L:/127.0.0.1:62239 - R:/127.0.0.1:4723]' for 'GET' to 'http://0.0.0.0:4723/wd/hub/session/11eb8d5d-d161-4290-8926-6d894cef9ca9/element/00000000-0000-056d-0000-002300000003/enabled'
10:02:47.515 [Forwarding isElementEnabled on session 11eb8d5d-d161-4290-8926-6d894cef9ca9 to remote] DEBUG org.asynchttpclient.netty.request.NettyRequestSender - Using open Channel [id: 0xac19b5dd, L:/127.0.0.1:62239 - R:/127.0.0.1:4723] for GET '/wd/hub/session/11eb8d5d-d161-4290-8926-6d894cef9ca9/element/00000000-0000-056d-0000-002300000003/enabled'
10:02:47.543 [AsyncHttpClient-1-2] DEBUG org.asynchttpclient.netty.handler.HttpHandler - 

Request DefaultFullHttpRequest(decodeResult: success, version: HTTP/1.1, content: EmptyByteBufBE)
GET /wd/hub/session/11eb8d5d-d161-4290-8926-6d894cef9ca9/element/00000000-0000-056d-0000-002300000003/enabled HTTP/1.1
User-Agent: appium/8.3.0 (selenium/4.8.1 (java windows))
Cache-Control: no-cache
Content-Type: application/json; charset=utf-8
host: 0.0.0.0:4723
accept: */*

Response DefaultHttpResponse(decodeResult: success, version: HTTP/1.1)
HTTP/1.1 200 OK
X-Powered-By: Express
Content-Type: application/json; charset=utf-8
Content-Length: 14
ETag: W/"e-2ZHvAWebNQpyjGZTg6uyV8/spTo"
Date: Sat, 06 May 2023 03:02:47 GMT
Connection: keep-alive
Keep-Alive: timeout=600

10:02:47.543 [AsyncHttpClient-1-2] DEBUG org.asynchttpclient.netty.channel.ChannelManager - Adding key: http://0.0.0.0:4723 for channel [id: 0xac19b5dd, L:/127.0.0.1:62239 - R:/127.0.0.1:4723]
10:02:47.545 [Forwarding clickElement on session 11eb8d5d-d161-4290-8926-6d894cef9ca9 to remote] DEBUG org.asynchttpclient.netty.request.NettyRequestSender - Using pooled Channel '[id: 0xac19b5dd, L:/127.0.0.1:62239 - R:/127.0.0.1:4723]' for 'POST' to 'http://0.0.0.0:4723/wd/hub/session/11eb8d5d-d161-4290-8926-6d894cef9ca9/element/00000000-0000-056d-0000-002300000003/click'
10:02:47.545 [Forwarding clickElement on session 11eb8d5d-d161-4290-8926-6d894cef9ca9 to remote] DEBUG org.asynchttpclient.netty.request.NettyRequestSender - Using open Channel [id: 0xac19b5dd, L:/127.0.0.1:62239 - R:/127.0.0.1:4723] for POST '/wd/hub/session/11eb8d5d-d161-4290-8926-6d894cef9ca9/element/00000000-0000-056d-0000-002300000003/click'
10:02:47.623 [AsyncHttpClient-1-2] DEBUG org.asynchttpclient.netty.handler.HttpHandler - 

Request DefaultHttpRequest(decodeResult: success, version: HTTP/1.1)
POST /wd/hub/session/11eb8d5d-d161-4290-8926-6d894cef9ca9/element/00000000-0000-056d-0000-002300000003/click HTTP/1.1
User-Agent: appium/8.3.0 (selenium/4.8.1 (java windows))
Content-Length: 50
Content-Type: application/json; charset=utf-8
host: 0.0.0.0:4723
accept: */*

Response DefaultHttpResponse(decodeResult: success, version: HTTP/1.1)
HTTP/1.1 200 OK
X-Powered-By: Express
Vary: X-HTTP-Method-Override
Content-Type: application/json; charset=utf-8
Content-Length: 14
ETag: W/"e-9/1BuKMgFObM1mWJm+YjxtXJnUM"
Date: Sat, 06 May 2023 03:02:47 GMT
Connection: keep-alive
Keep-Alive: timeout=600

10:02:47.624 [AsyncHttpClient-1-2] DEBUG org.asynchttpclient.netty.channel.ChannelManager - Adding key: http://0.0.0.0:4723 for channel [id: 0xac19b5dd, L:/127.0.0.1:62239 - R:/127.0.0.1:4723]
10:02:47.633 [Forwarding findElement on session 11eb8d5d-d161-4290-8926-6d894cef9ca9 to remote] DEBUG org.asynchttpclient.netty.request.NettyRequestSender - Using pooled Channel '[id: 0xac19b5dd, L:/127.0.0.1:62239 - R:/127.0.0.1:4723]' for 'POST' to 'http://0.0.0.0:4723/wd/hub/session/11eb8d5d-d161-4290-8926-6d894cef9ca9/element'
10:02:47.634 [Forwarding findElement on session 11eb8d5d-d161-4290-8926-6d894cef9ca9 to remote] DEBUG org.asynchttpclient.netty.request.NettyRequestSender - Using open Channel [id: 0xac19b5dd, L:/127.0.0.1:62239 - R:/127.0.0.1:4723] for POST '/wd/hub/session/11eb8d5d-d161-4290-8926-6d894cef9ca9/element'
10:02:47.760 [AsyncHttpClient-1-2] DEBUG org.asynchttpclient.netty.handler.HttpHandler - 

Request DefaultHttpRequest(decodeResult: success, version: HTTP/1.1)
POST /wd/hub/session/11eb8d5d-d161-4290-8926-6d894cef9ca9/element HTTP/1.1
User-Agent: appium/8.3.0 (selenium/4.8.1 (java windows))
Content-Length: 305
Content-Type: application/json; charset=utf-8
host: 0.0.0.0:4723
accept: */*

Response DefaultHttpResponse(decodeResult: success, version: HTTP/1.1)
HTTP/1.1 200 OK
X-Powered-By: Express
Vary: X-HTTP-Method-Override
Content-Type: application/json; charset=utf-8
Content-Length: 137
ETag: W/"89-fnAVPYbjNb9r4lHkHrud7EpMewg"
Date: Sat, 06 May 2023 03:02:47 GMT
Connection: keep-alive
Keep-Alive: timeout=600

10:02:47.761 [AsyncHttpClient-1-2] DEBUG org.asynchttpclient.netty.channel.ChannelManager - Adding key: http://0.0.0.0:4723 for channel [id: 0xac19b5dd, L:/127.0.0.1:62239 - R:/127.0.0.1:4723]
10:02:47.769 [Forwarding sendKeysToElement on session 11eb8d5d-d161-4290-8926-6d894cef9ca9 to remote] DEBUG org.asynchttpclient.netty.request.NettyRequestSender - Using pooled Channel '[id: 0xac19b5dd, L:/127.0.0.1:62239 - R:/127.0.0.1:4723]' for 'POST' to 'http://0.0.0.0:4723/wd/hub/session/11eb8d5d-d161-4290-8926-6d894cef9ca9/element/00000000-0000-056d-0000-002300000003/value'
10:02:47.785 [Forwarding sendKeysToElement on session 11eb8d5d-d161-4290-8926-6d894cef9ca9 to remote] DEBUG org.asynchttpclient.netty.request.NettyRequestSender - Using open Channel [id: 0xac19b5dd, L:/127.0.0.1:62239 - R:/127.0.0.1:4723] for POST '/wd/hub/session/11eb8d5d-d161-4290-8926-6d894cef9ca9/element/00000000-0000-056d-0000-002300000003/value'
10:02:48.299 [AsyncHttpClient-1-2] DEBUG org.asynchttpclient.netty.handler.HttpHandler - 

Request DefaultHttpRequest(decodeResult: success, version: HTTP/1.1)
POST /wd/hub/session/11eb8d5d-d161-4290-8926-6d894cef9ca9/element/00000000-0000-056d-0000-002300000003/value HTTP/1.1
User-Agent: appium/8.3.0 (selenium/4.8.1 (java windows))
Content-Length: 82
Content-Type: application/json; charset=utf-8
host: 0.0.0.0:4723
accept: */*

Response DefaultHttpResponse(decodeResult: success, version: HTTP/1.1)
HTTP/1.1 200 OK
X-Powered-By: Express
Vary: X-HTTP-Method-Override
Content-Type: application/json; charset=utf-8
Content-Length: 14
ETag: W/"e-9/1BuKMgFObM1mWJm+YjxtXJnUM"
Date: Sat, 06 May 2023 03:02:48 GMT
Connection: keep-alive
Keep-Alive: timeout=600

10:02:48.300 [AsyncHttpClient-1-2] DEBUG org.asynchttpclient.netty.channel.ChannelManager - Adding key: http://0.0.0.0:4723 for channel [id: 0xac19b5dd, L:/127.0.0.1:62239 - R:/127.0.0.1:4723]
10:02:48.301 [main] DEBUG net.thucydides.core.steps.StepInterceptor - STEP DONE: inputEmail
]]></system-out>
  </testcase>
  <testcase name="user input password valid for login feature" classname="user tidak bisa login karena tidak menginput email di field email" time="1.492">
    <system-out><![CDATA[10:02:48.309 [main] DEBUG net.thucydides.core.steps.StepInterceptor - STARTING STEP: LoginSteps.userInputPasswordValidForLoginFeature - inputPassword
10:02:48.311 [Forwarding findElement on session 11eb8d5d-d161-4290-8926-6d894cef9ca9 to remote] DEBUG org.asynchttpclient.netty.request.NettyRequestSender - Using pooled Channel '[id: 0xac19b5dd, L:/127.0.0.1:62239 - R:/127.0.0.1:4723]' for 'POST' to 'http://0.0.0.0:4723/wd/hub/session/11eb8d5d-d161-4290-8926-6d894cef9ca9/element'
10:02:48.311 [Forwarding findElement on session 11eb8d5d-d161-4290-8926-6d894cef9ca9 to remote] DEBUG org.asynchttpclient.netty.request.NettyRequestSender - Using open Channel [id: 0xac19b5dd, L:/127.0.0.1:62239 - R:/127.0.0.1:4723] for POST '/wd/hub/session/11eb8d5d-d161-4290-8926-6d894cef9ca9/element'
10:02:48.430 [AsyncHttpClient-1-2] DEBUG org.asynchttpclient.netty.handler.HttpHandler - 

Request DefaultHttpRequest(decodeResult: success, version: HTTP/1.1)
POST /wd/hub/session/11eb8d5d-d161-4290-8926-6d894cef9ca9/element HTTP/1.1
User-Agent: appium/8.3.0 (selenium/4.8.1 (java windows))
Content-Length: 305
Content-Type: application/json; charset=utf-8
host: 0.0.0.0:4723
accept: */*

Response DefaultHttpResponse(decodeResult: success, version: HTTP/1.1)
HTTP/1.1 200 OK
X-Powered-By: Express
Vary: X-HTTP-Method-Override
Content-Type: application/json; charset=utf-8
Content-Length: 137
ETag: W/"89-D2iL9IP+onkU/0jPeijhwod3q4g"
Date: Sat, 06 May 2023 03:02:48 GMT
Connection: keep-alive
Keep-Alive: timeout=600

10:02:48.430 [AsyncHttpClient-1-2] DEBUG org.asynchttpclient.netty.channel.ChannelManager - Adding key: http://0.0.0.0:4723 for channel [id: 0xac19b5dd, L:/127.0.0.1:62239 - R:/127.0.0.1:4723]
10:02:48.433 [Forwarding isElementDisplayed on session 11eb8d5d-d161-4290-8926-6d894cef9ca9 to remote] DEBUG org.asynchttpclient.netty.request.NettyRequestSender - Using pooled Channel '[id: 0xac19b5dd, L:/127.0.0.1:62239 - R:/127.0.0.1:4723]' for 'GET' to 'http://0.0.0.0:4723/wd/hub/session/11eb8d5d-d161-4290-8926-6d894cef9ca9/element/00000000-0000-056d-0000-002400000003/displayed'
10:02:48.433 [Forwarding isElementDisplayed on session 11eb8d5d-d161-4290-8926-6d894cef9ca9 to remote] DEBUG org.asynchttpclient.netty.request.NettyRequestSender - Using open Channel [id: 0xac19b5dd, L:/127.0.0.1:62239 - R:/127.0.0.1:4723] for GET '/wd/hub/session/11eb8d5d-d161-4290-8926-6d894cef9ca9/element/00000000-0000-056d-0000-002400000003/displayed'
10:02:48.898 [AsyncHttpClient-1-2] DEBUG org.asynchttpclient.netty.handler.HttpHandler - 

Request DefaultFullHttpRequest(decodeResult: success, version: HTTP/1.1, content: EmptyByteBufBE)
GET /wd/hub/session/11eb8d5d-d161-4290-8926-6d894cef9ca9/element/00000000-0000-056d-0000-002400000003/displayed HTTP/1.1
User-Agent: appium/8.3.0 (selenium/4.8.1 (java windows))
Cache-Control: no-cache
Content-Type: application/json; charset=utf-8
host: 0.0.0.0:4723
accept: */*

Response DefaultHttpResponse(decodeResult: success, version: HTTP/1.1)
HTTP/1.1 200 OK
X-Powered-By: Express
Content-Type: application/json; charset=utf-8
Content-Length: 14
ETag: W/"e-2ZHvAWebNQpyjGZTg6uyV8/spTo"
Date: Sat, 06 May 2023 03:02:48 GMT
Connection: keep-alive
Keep-Alive: timeout=600

10:02:48.899 [AsyncHttpClient-1-2] DEBUG org.asynchttpclient.netty.channel.ChannelManager - Adding key: http://0.0.0.0:4723 for channel [id: 0xac19b5dd, L:/127.0.0.1:62239 - R:/127.0.0.1:4723]
10:02:48.900 [Forwarding isElementEnabled on session 11eb8d5d-d161-4290-8926-6d894cef9ca9 to remote] DEBUG org.asynchttpclient.netty.request.NettyRequestSender - Using pooled Channel '[id: 0xac19b5dd, L:/127.0.0.1:62239 - R:/127.0.0.1:4723]' for 'GET' to 'http://0.0.0.0:4723/wd/hub/session/11eb8d5d-d161-4290-8926-6d894cef9ca9/element/00000000-0000-056d-0000-002400000003/enabled'
10:02:48.901 [Forwarding isElementEnabled on session 11eb8d5d-d161-4290-8926-6d894cef9ca9 to remote] DEBUG org.asynchttpclient.netty.request.NettyRequestSender - Using open Channel [id: 0xac19b5dd, L:/127.0.0.1:62239 - R:/127.0.0.1:4723] for GET '/wd/hub/session/11eb8d5d-d161-4290-8926-6d894cef9ca9/element/00000000-0000-056d-0000-002400000003/enabled'
10:02:48.925 [AsyncHttpClient-1-2] DEBUG org.asynchttpclient.netty.handler.HttpHandler - 

Request DefaultFullHttpRequest(decodeResult: success, version: HTTP/1.1, content: EmptyByteBufBE)
GET /wd/hub/session/11eb8d5d-d161-4290-8926-6d894cef9ca9/element/00000000-0000-056d-0000-002400000003/enabled HTTP/1.1
User-Agent: appium/8.3.0 (selenium/4.8.1 (java windows))
Cache-Control: no-cache
Content-Type: application/json; charset=utf-8
host: 0.0.0.0:4723
accept: */*

Response DefaultHttpResponse(decodeResult: success, version: HTTP/1.1)
HTTP/1.1 200 OK
X-Powered-By: Express
Content-Type: application/json; charset=utf-8
Content-Length: 14
ETag: W/"e-2ZHvAWebNQpyjGZTg6uyV8/spTo"
Date: Sat, 06 May 2023 03:02:48 GMT
Connection: keep-alive
Keep-Alive: timeout=600

10:02:48.925 [AsyncHttpClient-1-2] DEBUG org.asynchttpclient.netty.channel.ChannelManager - Adding key: http://0.0.0.0:4723 for channel [id: 0xac19b5dd, L:/127.0.0.1:62239 - R:/127.0.0.1:4723]
10:02:48.926 [Forwarding clickElement on session 11eb8d5d-d161-4290-8926-6d894cef9ca9 to remote] DEBUG org.asynchttpclient.netty.request.NettyRequestSender - Using pooled Channel '[id: 0xac19b5dd, L:/127.0.0.1:62239 - R:/127.0.0.1:4723]' for 'POST' to 'http://0.0.0.0:4723/wd/hub/session/11eb8d5d-d161-4290-8926-6d894cef9ca9/element/00000000-0000-056d-0000-002400000003/click'
10:02:48.926 [Forwarding clickElement on session 11eb8d5d-d161-4290-8926-6d894cef9ca9 to remote] DEBUG org.asynchttpclient.netty.request.NettyRequestSender - Using open Channel [id: 0xac19b5dd, L:/127.0.0.1:62239 - R:/127.0.0.1:4723] for POST '/wd/hub/session/11eb8d5d-d161-4290-8926-6d894cef9ca9/element/00000000-0000-056d-0000-002400000003/click'
10:02:49.017 [AsyncHttpClient-1-2] DEBUG org.asynchttpclient.netty.handler.HttpHandler - 

Request DefaultHttpRequest(decodeResult: success, version: HTTP/1.1)
POST /wd/hub/session/11eb8d5d-d161-4290-8926-6d894cef9ca9/element/00000000-0000-056d-0000-002400000003/click HTTP/1.1
User-Agent: appium/8.3.0 (selenium/4.8.1 (java windows))
Content-Length: 50
Content-Type: application/json; charset=utf-8
host: 0.0.0.0:4723
accept: */*

Response DefaultHttpResponse(decodeResult: success, version: HTTP/1.1)
HTTP/1.1 200 OK
X-Powered-By: Express
Vary: X-HTTP-Method-Override
Content-Type: application/json; charset=utf-8
Content-Length: 14
ETag: W/"e-9/1BuKMgFObM1mWJm+YjxtXJnUM"
Date: Sat, 06 May 2023 03:02:49 GMT
Connection: keep-alive
Keep-Alive: timeout=600

10:02:49.017 [AsyncHttpClient-1-2] DEBUG org.asynchttpclient.netty.channel.ChannelManager - Adding key: http://0.0.0.0:4723 for channel [id: 0xac19b5dd, L:/127.0.0.1:62239 - R:/127.0.0.1:4723]
10:02:49.023 [Forwarding findElement on session 11eb8d5d-d161-4290-8926-6d894cef9ca9 to remote] DEBUG org.asynchttpclient.netty.request.NettyRequestSender - Using pooled Channel '[id: 0xac19b5dd, L:/127.0.0.1:62239 - R:/127.0.0.1:4723]' for 'POST' to 'http://0.0.0.0:4723/wd/hub/session/11eb8d5d-d161-4290-8926-6d894cef9ca9/element'
10:02:49.023 [Forwarding findElement on session 11eb8d5d-d161-4290-8926-6d894cef9ca9 to remote] DEBUG org.asynchttpclient.netty.request.NettyRequestSender - Using open Channel [id: 0xac19b5dd, L:/127.0.0.1:62239 - R:/127.0.0.1:4723] for POST '/wd/hub/session/11eb8d5d-d161-4290-8926-6d894cef9ca9/element'
10:02:49.735 [AsyncHttpClient-1-2] DEBUG org.asynchttpclient.netty.handler.HttpHandler - 

Request DefaultHttpRequest(decodeResult: success, version: HTTP/1.1)
POST /wd/hub/session/11eb8d5d-d161-4290-8926-6d894cef9ca9/element HTTP/1.1
User-Agent: appium/8.3.0 (selenium/4.8.1 (java windows))
Content-Length: 305
Content-Type: application/json; charset=utf-8
host: 0.0.0.0:4723
accept: */*

Response DefaultHttpResponse(decodeResult: success, version: HTTP/1.1)
HTTP/1.1 200 OK
X-Powered-By: Express
Vary: X-HTTP-Method-Override
Content-Type: application/json; charset=utf-8
Content-Length: 137
ETag: W/"89-D2iL9IP+onkU/0jPeijhwod3q4g"
Date: Sat, 06 May 2023 03:02:49 GMT
Connection: keep-alive
Keep-Alive: timeout=600

10:02:49.737 [AsyncHttpClient-1-2] DEBUG org.asynchttpclient.netty.channel.ChannelManager - Adding key: http://0.0.0.0:4723 for channel [id: 0xac19b5dd, L:/127.0.0.1:62239 - R:/127.0.0.1:4723]
10:02:49.741 [Forwarding sendKeysToElement on session 11eb8d5d-d161-4290-8926-6d894cef9ca9 to remote] DEBUG org.asynchttpclient.netty.request.NettyRequestSender - Using pooled Channel '[id: 0xac19b5dd, L:/127.0.0.1:62239 - R:/127.0.0.1:4723]' for 'POST' to 'http://0.0.0.0:4723/wd/hub/session/11eb8d5d-d161-4290-8926-6d894cef9ca9/element/00000000-0000-056d-0000-002400000003/value'
10:02:49.741 [Forwarding sendKeysToElement on session 11eb8d5d-d161-4290-8926-6d894cef9ca9 to remote] DEBUG org.asynchttpclient.netty.request.NettyRequestSender - Using open Channel [id: 0xac19b5dd, L:/127.0.0.1:62239 - R:/127.0.0.1:4723] for POST '/wd/hub/session/11eb8d5d-d161-4290-8926-6d894cef9ca9/element/00000000-0000-056d-0000-002400000003/value'
10:02:49.793 [AsyncHttpClient-1-2] DEBUG org.asynchttpclient.netty.handler.HttpHandler - 

Request DefaultHttpRequest(decodeResult: success, version: HTTP/1.1)
POST /wd/hub/session/11eb8d5d-d161-4290-8926-6d894cef9ca9/element/00000000-0000-056d-0000-002400000003/value HTTP/1.1
User-Agent: appium/8.3.0 (selenium/4.8.1 (java windows))
Content-Length: 111
Content-Type: application/json; charset=utf-8
host: 0.0.0.0:4723
accept: */*

Response DefaultHttpResponse(decodeResult: success, version: HTTP/1.1)
HTTP/1.1 200 OK
X-Powered-By: Express
Vary: X-HTTP-Method-Override
Content-Type: application/json; charset=utf-8
Content-Length: 14
ETag: W/"e-9/1BuKMgFObM1mWJm+YjxtXJnUM"
Date: Sat, 06 May 2023 03:02:49 GMT
Connection: keep-alive
Keep-Alive: timeout=600

10:02:49.794 [AsyncHttpClient-1-2] DEBUG org.asynchttpclient.netty.channel.ChannelManager - Adding key: http://0.0.0.0:4723 for channel [id: 0xac19b5dd, L:/127.0.0.1:62239 - R:/127.0.0.1:4723]
10:02:49.795 [main] DEBUG net.thucydides.core.steps.StepInterceptor - STEP DONE: inputPassword
]]></system-out>
  </testcase>
  <testcase name="user click login button again for login feature" classname="user tidak bisa login karena tidak menginput email di field email" time="1.305">
    <system-out><![CDATA[10:02:49.810 [main] DEBUG net.thucydides.core.steps.StepInterceptor - STARTING STEP: LoginSteps.userClickLoginButtonAgainForLoginFeature - clickButtonLoginSecond
10:02:49.815 [Forwarding findElement on session 11eb8d5d-d161-4290-8926-6d894cef9ca9 to remote] DEBUG org.asynchttpclient.netty.request.NettyRequestSender - Using pooled Channel '[id: 0xac19b5dd, L:/127.0.0.1:62239 - R:/127.0.0.1:4723]' for 'POST' to 'http://0.0.0.0:4723/wd/hub/session/11eb8d5d-d161-4290-8926-6d894cef9ca9/element'
10:02:49.815 [Forwarding findElement on session 11eb8d5d-d161-4290-8926-6d894cef9ca9 to remote] DEBUG org.asynchttpclient.netty.request.NettyRequestSender - Using open Channel [id: 0xac19b5dd, L:/127.0.0.1:62239 - R:/127.0.0.1:4723] for POST '/wd/hub/session/11eb8d5d-d161-4290-8926-6d894cef9ca9/element'
10:02:50.485 [AsyncHttpClient-1-2] DEBUG org.asynchttpclient.netty.handler.HttpHandler - 

Request DefaultHttpRequest(decodeResult: success, version: HTTP/1.1)
POST /wd/hub/session/11eb8d5d-d161-4290-8926-6d894cef9ca9/element HTTP/1.1
User-Agent: appium/8.3.0 (selenium/4.8.1 (java windows))
Content-Length: 95
Content-Type: application/json; charset=utf-8
host: 0.0.0.0:4723
accept: */*

Response DefaultHttpResponse(decodeResult: success, version: HTTP/1.1)
HTTP/1.1 200 OK
X-Powered-By: Express
Vary: X-HTTP-Method-Override
Content-Type: application/json; charset=utf-8
Content-Length: 137
ETag: W/"89-Eka/CZ9+5nJz9qVRkbLmoWID+v0"
Date: Sat, 06 May 2023 03:02:50 GMT
Connection: keep-alive
Keep-Alive: timeout=600

10:02:50.486 [AsyncHttpClient-1-2] DEBUG org.asynchttpclient.netty.channel.ChannelManager - Adding key: http://0.0.0.0:4723 for channel [id: 0xac19b5dd, L:/127.0.0.1:62239 - R:/127.0.0.1:4723]
10:02:50.487 [Forwarding isElementDisplayed on session 11eb8d5d-d161-4290-8926-6d894cef9ca9 to remote] DEBUG org.asynchttpclient.netty.request.NettyRequestSender - Using pooled Channel '[id: 0xac19b5dd, L:/127.0.0.1:62239 - R:/127.0.0.1:4723]' for 'GET' to 'http://0.0.0.0:4723/wd/hub/session/11eb8d5d-d161-4290-8926-6d894cef9ca9/element/00000000-0000-056d-0000-002500000003/displayed'
10:02:50.487 [Forwarding isElementDisplayed on session 11eb8d5d-d161-4290-8926-6d894cef9ca9 to remote] DEBUG org.asynchttpclient.netty.request.NettyRequestSender - Using open Channel [id: 0xac19b5dd, L:/127.0.0.1:62239 - R:/127.0.0.1:4723] for GET '/wd/hub/session/11eb8d5d-d161-4290-8926-6d894cef9ca9/element/00000000-0000-056d-0000-002500000003/displayed'
10:02:50.507 [AsyncHttpClient-1-2] DEBUG org.asynchttpclient.netty.handler.HttpHandler - 

Request DefaultFullHttpRequest(decodeResult: success, version: HTTP/1.1, content: EmptyByteBufBE)
GET /wd/hub/session/11eb8d5d-d161-4290-8926-6d894cef9ca9/element/00000000-0000-056d-0000-002500000003/displayed HTTP/1.1
User-Agent: appium/8.3.0 (selenium/4.8.1 (java windows))
Cache-Control: no-cache
Content-Type: application/json; charset=utf-8
host: 0.0.0.0:4723
accept: */*

Response DefaultHttpResponse(decodeResult: success, version: HTTP/1.1)
HTTP/1.1 200 OK
X-Powered-By: Express
Content-Type: application/json; charset=utf-8
Content-Length: 14
ETag: W/"e-2ZHvAWebNQpyjGZTg6uyV8/spTo"
Date: Sat, 06 May 2023 03:02:50 GMT
Connection: keep-alive
Keep-Alive: timeout=600

10:02:50.507 [AsyncHttpClient-1-2] DEBUG org.asynchttpclient.netty.channel.ChannelManager - Adding key: http://0.0.0.0:4723 for channel [id: 0xac19b5dd, L:/127.0.0.1:62239 - R:/127.0.0.1:4723]
10:02:50.508 [Forwarding isElementEnabled on session 11eb8d5d-d161-4290-8926-6d894cef9ca9 to remote] DEBUG org.asynchttpclient.netty.request.NettyRequestSender - Using pooled Channel '[id: 0xac19b5dd, L:/127.0.0.1:62239 - R:/127.0.0.1:4723]' for 'GET' to 'http://0.0.0.0:4723/wd/hub/session/11eb8d5d-d161-4290-8926-6d894cef9ca9/element/00000000-0000-056d-0000-002500000003/enabled'
10:02:50.508 [Forwarding isElementEnabled on session 11eb8d5d-d161-4290-8926-6d894cef9ca9 to remote] DEBUG org.asynchttpclient.netty.request.NettyRequestSender - Using open Channel [id: 0xac19b5dd, L:/127.0.0.1:62239 - R:/127.0.0.1:4723] for GET '/wd/hub/session/11eb8d5d-d161-4290-8926-6d894cef9ca9/element/00000000-0000-056d-0000-002500000003/enabled'
10:02:50.539 [AsyncHttpClient-1-2] DEBUG org.asynchttpclient.netty.handler.HttpHandler - 

Request DefaultFullHttpRequest(decodeResult: success, version: HTTP/1.1, content: EmptyByteBufBE)
GET /wd/hub/session/11eb8d5d-d161-4290-8926-6d894cef9ca9/element/00000000-0000-056d-0000-002500000003/enabled HTTP/1.1
User-Agent: appium/8.3.0 (selenium/4.8.1 (java windows))
Cache-Control: no-cache
Content-Type: application/json; charset=utf-8
host: 0.0.0.0:4723
accept: */*

Response DefaultHttpResponse(decodeResult: success, version: HTTP/1.1)
HTTP/1.1 200 OK
X-Powered-By: Express
Content-Type: application/json; charset=utf-8
Content-Length: 14
ETag: W/"e-2ZHvAWebNQpyjGZTg6uyV8/spTo"
Date: Sat, 06 May 2023 03:02:50 GMT
Connection: keep-alive
Keep-Alive: timeout=600

10:02:50.539 [AsyncHttpClient-1-2] DEBUG org.asynchttpclient.netty.channel.ChannelManager - Adding key: http://0.0.0.0:4723 for channel [id: 0xac19b5dd, L:/127.0.0.1:62239 - R:/127.0.0.1:4723]
10:02:50.540 [Forwarding clickElement on session 11eb8d5d-d161-4290-8926-6d894cef9ca9 to remote] DEBUG org.asynchttpclient.netty.request.NettyRequestSender - Using pooled Channel '[id: 0xac19b5dd, L:/127.0.0.1:62239 - R:/127.0.0.1:4723]' for 'POST' to 'http://0.0.0.0:4723/wd/hub/session/11eb8d5d-d161-4290-8926-6d894cef9ca9/element/00000000-0000-056d-0000-002500000003/click'
10:02:50.541 [Forwarding clickElement on session 11eb8d5d-d161-4290-8926-6d894cef9ca9 to remote] DEBUG org.asynchttpclient.netty.request.NettyRequestSender - Using open Channel [id: 0xac19b5dd, L:/127.0.0.1:62239 - R:/127.0.0.1:4723] for POST '/wd/hub/session/11eb8d5d-d161-4290-8926-6d894cef9ca9/element/00000000-0000-056d-0000-002500000003/click'
10:02:51.107 [AsyncHttpClient-1-2] DEBUG org.asynchttpclient.netty.handler.HttpHandler - 

Request DefaultHttpRequest(decodeResult: success, version: HTTP/1.1)
POST /wd/hub/session/11eb8d5d-d161-4290-8926-6d894cef9ca9/element/00000000-0000-056d-0000-002500000003/click HTTP/1.1
User-Agent: appium/8.3.0 (selenium/4.8.1 (java windows))
Content-Length: 50
Content-Type: application/json; charset=utf-8
host: 0.0.0.0:4723
accept: */*

Response DefaultHttpResponse(decodeResult: success, version: HTTP/1.1)
HTTP/1.1 200 OK
X-Powered-By: Express
Vary: X-HTTP-Method-Override
Content-Type: application/json; charset=utf-8
Content-Length: 14
ETag: W/"e-9/1BuKMgFObM1mWJm+YjxtXJnUM"
Date: Sat, 06 May 2023 03:02:51 GMT
Connection: keep-alive
Keep-Alive: timeout=600

10:02:51.107 [AsyncHttpClient-1-2] DEBUG org.asynchttpclient.netty.channel.ChannelManager - Adding key: http://0.0.0.0:4723 for channel [id: 0xac19b5dd, L:/127.0.0.1:62239 - R:/127.0.0.1:4723]
10:02:51.108 [main] DEBUG net.thucydides.core.steps.StepInterceptor - STEP DONE: clickButtonLoginSecond
]]></system-out>
  </testcase>
  <testcase name="user see error message email required &quot;Email can not empty&quot;" classname="user tidak bisa login karena tidak menginput email di field email" time="0.133">
    <system-out><![CDATA[10:02:51.117 [main] DEBUG net.thucydides.core.steps.StepInterceptor - STARTING STEP: LoginSteps.userSeeErrorMessageEmailRequired - getMessageEmailEmpty
10:02:51.120 [Forwarding findElement on session 11eb8d5d-d161-4290-8926-6d894cef9ca9 to remote] DEBUG org.asynchttpclient.netty.request.NettyRequestSender - Using pooled Channel '[id: 0xac19b5dd, L:/127.0.0.1:62239 - R:/127.0.0.1:4723]' for 'POST' to 'http://0.0.0.0:4723/wd/hub/session/11eb8d5d-d161-4290-8926-6d894cef9ca9/element'
10:02:51.121 [Forwarding findElement on session 11eb8d5d-d161-4290-8926-6d894cef9ca9 to remote] DEBUG org.asynchttpclient.netty.request.NettyRequestSender - Using open Channel [id: 0xac19b5dd, L:/127.0.0.1:62239 - R:/127.0.0.1:4723] for POST '/wd/hub/session/11eb8d5d-d161-4290-8926-6d894cef9ca9/element'
10:02:51.198 [AsyncHttpClient-1-2] DEBUG org.asynchttpclient.netty.handler.HttpHandler - 

Request DefaultHttpRequest(decodeResult: success, version: HTTP/1.1)
POST /wd/hub/session/11eb8d5d-d161-4290-8926-6d894cef9ca9/element HTTP/1.1
User-Agent: appium/8.3.0 (selenium/4.8.1 (java windows))
Content-Length: 105
Content-Type: application/json; charset=utf-8
host: 0.0.0.0:4723
accept: */*

Response DefaultHttpResponse(decodeResult: success, version: HTTP/1.1)
HTTP/1.1 200 OK
X-Powered-By: Express
Vary: X-HTTP-Method-Override
Content-Type: application/json; charset=utf-8
Content-Length: 137
ETag: W/"89-Ef6iwADYObxNPv3He3j93xQ8f1U"
Date: Sat, 06 May 2023 03:02:51 GMT
Connection: keep-alive
Keep-Alive: timeout=600

10:02:51.199 [AsyncHttpClient-1-2] DEBUG org.asynchttpclient.netty.channel.ChannelManager - Adding key: http://0.0.0.0:4723 for channel [id: 0xac19b5dd, L:/127.0.0.1:62239 - R:/127.0.0.1:4723]
10:02:51.200 [Forwarding isElementDisplayed on session 11eb8d5d-d161-4290-8926-6d894cef9ca9 to remote] DEBUG org.asynchttpclient.netty.request.NettyRequestSender - Using pooled Channel '[id: 0xac19b5dd, L:/127.0.0.1:62239 - R:/127.0.0.1:4723]' for 'GET' to 'http://0.0.0.0:4723/wd/hub/session/11eb8d5d-d161-4290-8926-6d894cef9ca9/element/00000000-0000-056d-0000-002b00000003/displayed'
10:02:51.200 [Forwarding isElementDisplayed on session 11eb8d5d-d161-4290-8926-6d894cef9ca9 to remote] DEBUG org.asynchttpclient.netty.request.NettyRequestSender - Using open Channel [id: 0xac19b5dd, L:/127.0.0.1:62239 - R:/127.0.0.1:4723] for GET '/wd/hub/session/11eb8d5d-d161-4290-8926-6d894cef9ca9/element/00000000-0000-056d-0000-002b00000003/displayed'
10:02:51.221 [AsyncHttpClient-1-2] DEBUG org.asynchttpclient.netty.handler.HttpHandler - 

Request DefaultFullHttpRequest(decodeResult: success, version: HTTP/1.1, content: EmptyByteBufBE)
GET /wd/hub/session/11eb8d5d-d161-4290-8926-6d894cef9ca9/element/00000000-0000-056d-0000-002b00000003/displayed HTTP/1.1
User-Agent: appium/8.3.0 (selenium/4.8.1 (java windows))
Cache-Control: no-cache
Content-Type: application/json; charset=utf-8
host: 0.0.0.0:4723
accept: */*

Response DefaultHttpResponse(decodeResult: success, version: HTTP/1.1)
HTTP/1.1 200 OK
X-Powered-By: Express
Content-Type: application/json; charset=utf-8
Content-Length: 14
ETag: W/"e-2ZHvAWebNQpyjGZTg6uyV8/spTo"
Date: Sat, 06 May 2023 03:02:51 GMT
Connection: keep-alive
Keep-Alive: timeout=600

10:02:51.222 [AsyncHttpClient-1-2] DEBUG org.asynchttpclient.netty.channel.ChannelManager - Adding key: http://0.0.0.0:4723 for channel [id: 0xac19b5dd, L:/127.0.0.1:62239 - R:/127.0.0.1:4723]
10:02:51.223 [Forwarding getElementText on session 11eb8d5d-d161-4290-8926-6d894cef9ca9 to remote] DEBUG org.asynchttpclient.netty.request.NettyRequestSender - Using pooled Channel '[id: 0xac19b5dd, L:/127.0.0.1:62239 - R:/127.0.0.1:4723]' for 'GET' to 'http://0.0.0.0:4723/wd/hub/session/11eb8d5d-d161-4290-8926-6d894cef9ca9/element/00000000-0000-056d-0000-002b00000003/text'
10:02:51.223 [Forwarding getElementText on session 11eb8d5d-d161-4290-8926-6d894cef9ca9 to remote] DEBUG org.asynchttpclient.netty.request.NettyRequestSender - Using open Channel [id: 0xac19b5dd, L:/127.0.0.1:62239 - R:/127.0.0.1:4723] for GET '/wd/hub/session/11eb8d5d-d161-4290-8926-6d894cef9ca9/element/00000000-0000-056d-0000-002b00000003/text'
10:02:51.244 [AsyncHttpClient-1-2] DEBUG org.asynchttpclient.netty.handler.HttpHandler - 

Request DefaultFullHttpRequest(decodeResult: success, version: HTTP/1.1, content: EmptyByteBufBE)
GET /wd/hub/session/11eb8d5d-d161-4290-8926-6d894cef9ca9/element/00000000-0000-056d-0000-002b00000003/text HTTP/1.1
User-Agent: appium/8.3.0 (selenium/4.8.1 (java windows))
Cache-Control: no-cache
Content-Type: application/json; charset=utf-8
host: 0.0.0.0:4723
accept: */*

Response DefaultHttpResponse(decodeResult: success, version: HTTP/1.1)
HTTP/1.1 200 OK
X-Powered-By: Express
Content-Type: application/json; charset=utf-8
Content-Length: 63
ETag: W/"3f-1VUeQJDQm+gcfmOYvifgmHCXui0"
Date: Sat, 06 May 2023 03:02:51 GMT
Connection: keep-alive
Keep-Alive: timeout=600

10:02:51.244 [AsyncHttpClient-1-2] DEBUG org.asynchttpclient.netty.channel.ChannelManager - Adding key: http://0.0.0.0:4723 for channel [id: 0xac19b5dd, L:/127.0.0.1:62239 - R:/127.0.0.1:4723]
10:02:51.245 [main] DEBUG net.thucydides.core.steps.StepInterceptor - STEP DONE: getMessageEmailEmpty
]]></system-out>
  </testcase>
  <testcase name="user on homepage AltaShop for login feature" classname="user tidak bisa login karena tidak menginput password di field password" time="10.22">
    <system-out><![CDATA[10:02:51.249 [main] INFO  - 
  _____   ___   ___   _____     ___     _     ___   ___   ___   ___  
 |_   _| | __| / __| |_   _|   | _ \   /_\   / __| / __| | __| |   \ 
   | |   | _|  \__ \   | |     |  _/  / _ \  \__ \ \__ \ | _|  | |) |
   |_|   |___| |___/   |_|     |_|   /_/ \_\ |___/ |___/ |___| |___/ 

user tidak bisa login karena tidak menginput email di field email
----------------------------------------------------------------------
10:02:51.260 [main] DEBUG io.cucumber.core.plugin.SerenityReporter - Running feature from file:///C:/Dev/ALTASHOP%20MOBILE%20AUTOMATION/src/test/resources/features/1.%20Login.feature
10:02:51.264 [main] INFO  - 
  _____   ___   ___   _____     ___   _____     _     ___   _____   ___   ___  
 |_   _| | __| / __| |_   _|   / __| |_   _|   /_\   | _ \ |_   _| | __| |   \ 
   | |   | _|  \__ \   | |     \__ \   | |    / _ \  |   /   | |   | _|  | |) |
   |_|   |___| |___/   |_|     |___/   |_|   /_/ \_\ |_|_\   |_|   |___| |___/ 

user tidak bisa login karena tidak menginput password di field password(login;user-tidak-bisa-login-karena-tidak-menginput-password-di-field-password)
--------------------------------------------------------------------------------
10:02:51.284 [main] DEBUG net.thucydides.core.steps.StepInterceptor - STARTING STEP: LoginSteps.userOnHomepageAltaShopForLoginFeature - onHomepageAltaShop
10:02:51.291 [Forwarding newSession on session null to remote] DEBUG org.asynchttpclient.netty.request.NettyRequestSender - Using pooled Channel '[id: 0xac19b5dd, L:/127.0.0.1:62239 - R:/127.0.0.1:4723]' for 'POST' to 'http://0.0.0.0:4723/wd/hub/session'
10:02:51.291 [Forwarding newSession on session null to remote] DEBUG org.asynchttpclient.netty.request.NettyRequestSender - Using open Channel [id: 0xac19b5dd, L:/127.0.0.1:62239 - R:/127.0.0.1:4723] for POST '/wd/hub/session'
10:03:00.128 [AsyncHttpClient-1-2] DEBUG org.asynchttpclient.netty.handler.HttpHandler - 

Request DefaultHttpRequest(decodeResult: success, version: HTTP/1.1)
POST /wd/hub/session HTTP/1.1
X-Idempotency-Key: f849893d-5b7d-4e1e-a586-a78dc3edc6fe
User-Agent: appium/8.3.0 (selenium/4.8.1 (java windows))
Content-Length: 301
Content-Type: application/json; charset=utf-8
host: 0.0.0.0:4723
accept: */*

Response DefaultHttpResponse(decodeResult: success, version: HTTP/1.1)
HTTP/1.1 200 OK
X-Powered-By: Express
Vary: X-HTTP-Method-Override
Content-Type: application/json; charset=utf-8
Content-Length: 920
ETag: W/"398-iOhwz+foVEsYFV4IiseNnd4p4V8"
Date: Sat, 06 May 2023 03:03:00 GMT
Connection: keep-alive
Keep-Alive: timeout=600

10:03:00.129 [AsyncHttpClient-1-2] DEBUG org.asynchttpclient.netty.channel.ChannelManager - Adding key: http://0.0.0.0:4723 for channel [id: 0xac19b5dd, L:/127.0.0.1:62239 - R:/127.0.0.1:4723]
10:03:00.143 [Forwarding setTimeout on session 36bc8bff-081a-47b5-a88f-00c1840d3fb7 to remote] DEBUG org.asynchttpclient.netty.request.NettyRequestSender - Using pooled Channel '[id: 0xac19b5dd, L:/127.0.0.1:62239 - R:/127.0.0.1:4723]' for 'POST' to 'http://0.0.0.0:4723/wd/hub/session/36bc8bff-081a-47b5-a88f-00c1840d3fb7/timeouts'
10:03:00.143 [Forwarding setTimeout on session 36bc8bff-081a-47b5-a88f-00c1840d3fb7 to remote] DEBUG org.asynchttpclient.netty.request.NettyRequestSender - Using open Channel [id: 0xac19b5dd, L:/127.0.0.1:62239 - R:/127.0.0.1:4723] for POST '/wd/hub/session/36bc8bff-081a-47b5-a88f-00c1840d3fb7/timeouts'
10:03:00.151 [AsyncHttpClient-1-2] DEBUG org.asynchttpclient.netty.handler.HttpHandler - 

Request DefaultHttpRequest(decodeResult: success, version: HTTP/1.1)
POST /wd/hub/session/36bc8bff-081a-47b5-a88f-00c1840d3fb7/timeouts HTTP/1.1
User-Agent: appium/8.3.0 (selenium/4.8.1 (java windows))
Content-Length: 23
Content-Type: application/json; charset=utf-8
host: 0.0.0.0:4723
accept: */*

Response DefaultHttpResponse(decodeResult: success, version: HTTP/1.1)
HTTP/1.1 200 OK
X-Powered-By: Express
Vary: X-HTTP-Method-Override
Content-Type: application/json; charset=utf-8
Content-Length: 14
ETag: W/"e-9/1BuKMgFObM1mWJm+YjxtXJnUM"
Date: Sat, 06 May 2023 03:03:00 GMT
Connection: keep-alive
Keep-Alive: timeout=600

10:03:00.152 [AsyncHttpClient-1-2] DEBUG org.asynchttpclient.netty.channel.ChannelManager - Adding key: http://0.0.0.0:4723 for channel [id: 0xac19b5dd, L:/127.0.0.1:62239 - R:/127.0.0.1:4723]
10:03:00.155 [Forwarding findElement on session 36bc8bff-081a-47b5-a88f-00c1840d3fb7 to remote] DEBUG org.asynchttpclient.netty.request.NettyRequestSender - Using pooled Channel '[id: 0xac19b5dd, L:/127.0.0.1:62239 - R:/127.0.0.1:4723]' for 'POST' to 'http://0.0.0.0:4723/wd/hub/session/36bc8bff-081a-47b5-a88f-00c1840d3fb7/element'
10:03:00.155 [Forwarding findElement on session 36bc8bff-081a-47b5-a88f-00c1840d3fb7 to remote] DEBUG org.asynchttpclient.netty.request.NettyRequestSender - Using open Channel [id: 0xac19b5dd, L:/127.0.0.1:62239 - R:/127.0.0.1:4723] for POST '/wd/hub/session/36bc8bff-081a-47b5-a88f-00c1840d3fb7/element'
10:03:01.432 [AsyncHttpClient-1-2] DEBUG org.asynchttpclient.netty.handler.HttpHandler - 

Request DefaultHttpRequest(decodeResult: success, version: HTTP/1.1)
POST /wd/hub/session/36bc8bff-081a-47b5-a88f-00c1840d3fb7/element HTTP/1.1
User-Agent: appium/8.3.0 (selenium/4.8.1 (java windows))
Content-Length: 326
Content-Type: application/json; charset=utf-8
host: 0.0.0.0:4723
accept: */*

Response DefaultHttpResponse(decodeResult: success, version: HTTP/1.1)
HTTP/1.1 200 OK
X-Powered-By: Express
Vary: X-HTTP-Method-Override
Content-Type: application/json; charset=utf-8
Content-Length: 137
ETag: W/"89-rRbb/OJm2E50NxD1rDDEnCjgTio"
Date: Sat, 06 May 2023 03:03:01 GMT
Connection: keep-alive
Keep-Alive: timeout=600

10:03:01.432 [AsyncHttpClient-1-2] DEBUG org.asynchttpclient.netty.channel.ChannelManager - Adding key: http://0.0.0.0:4723 for channel [id: 0xac19b5dd, L:/127.0.0.1:62239 - R:/127.0.0.1:4723]
10:03:01.434 [Forwarding isElementDisplayed on session 36bc8bff-081a-47b5-a88f-00c1840d3fb7 to remote] DEBUG org.asynchttpclient.netty.request.NettyRequestSender - Using pooled Channel '[id: 0xac19b5dd, L:/127.0.0.1:62239 - R:/127.0.0.1:4723]' for 'GET' to 'http://0.0.0.0:4723/wd/hub/session/36bc8bff-081a-47b5-a88f-00c1840d3fb7/element/00000000-0000-057b-0000-000700000003/displayed'
10:03:01.434 [Forwarding isElementDisplayed on session 36bc8bff-081a-47b5-a88f-00c1840d3fb7 to remote] DEBUG org.asynchttpclient.netty.request.NettyRequestSender - Using open Channel [id: 0xac19b5dd, L:/127.0.0.1:62239 - R:/127.0.0.1:4723] for GET '/wd/hub/session/36bc8bff-081a-47b5-a88f-00c1840d3fb7/element/00000000-0000-057b-0000-000700000003/displayed'
10:03:01.456 [AsyncHttpClient-1-2] DEBUG org.asynchttpclient.netty.handler.HttpHandler - 

Request DefaultFullHttpRequest(decodeResult: success, version: HTTP/1.1, content: EmptyByteBufBE)
GET /wd/hub/session/36bc8bff-081a-47b5-a88f-00c1840d3fb7/element/00000000-0000-057b-0000-000700000003/displayed HTTP/1.1
User-Agent: appium/8.3.0 (selenium/4.8.1 (java windows))
Cache-Control: no-cache
Content-Type: application/json; charset=utf-8
host: 0.0.0.0:4723
accept: */*

Response DefaultHttpResponse(decodeResult: success, version: HTTP/1.1)
HTTP/1.1 200 OK
X-Powered-By: Express
Content-Type: application/json; charset=utf-8
Content-Length: 14
ETag: W/"e-2ZHvAWebNQpyjGZTg6uyV8/spTo"
Date: Sat, 06 May 2023 03:03:01 GMT
Connection: keep-alive
Keep-Alive: timeout=600

10:03:01.457 [AsyncHttpClient-1-2] DEBUG org.asynchttpclient.netty.channel.ChannelManager - Adding key: http://0.0.0.0:4723 for channel [id: 0xac19b5dd, L:/127.0.0.1:62239 - R:/127.0.0.1:4723]
10:03:01.458 [Forwarding isElementDisplayed on session 36bc8bff-081a-47b5-a88f-00c1840d3fb7 to remote] DEBUG org.asynchttpclient.netty.request.NettyRequestSender - Using pooled Channel '[id: 0xac19b5dd, L:/127.0.0.1:62239 - R:/127.0.0.1:4723]' for 'GET' to 'http://0.0.0.0:4723/wd/hub/session/36bc8bff-081a-47b5-a88f-00c1840d3fb7/element/00000000-0000-057b-0000-000700000003/displayed'
10:03:01.458 [Forwarding isElementDisplayed on session 36bc8bff-081a-47b5-a88f-00c1840d3fb7 to remote] DEBUG org.asynchttpclient.netty.request.NettyRequestSender - Using open Channel [id: 0xac19b5dd, L:/127.0.0.1:62239 - R:/127.0.0.1:4723] for GET '/wd/hub/session/36bc8bff-081a-47b5-a88f-00c1840d3fb7/element/00000000-0000-057b-0000-000700000003/displayed'
10:03:01.489 [AsyncHttpClient-1-2] DEBUG org.asynchttpclient.netty.handler.HttpHandler - 

Request DefaultFullHttpRequest(decodeResult: success, version: HTTP/1.1, content: EmptyByteBufBE)
GET /wd/hub/session/36bc8bff-081a-47b5-a88f-00c1840d3fb7/element/00000000-0000-057b-0000-000700000003/displayed HTTP/1.1
User-Agent: appium/8.3.0 (selenium/4.8.1 (java windows))
Cache-Control: no-cache
Content-Type: application/json; charset=utf-8
host: 0.0.0.0:4723
accept: */*

Response DefaultHttpResponse(decodeResult: success, version: HTTP/1.1)
HTTP/1.1 200 OK
X-Powered-By: Express
Content-Type: application/json; charset=utf-8
Content-Length: 14
ETag: W/"e-2ZHvAWebNQpyjGZTg6uyV8/spTo"
Date: Sat, 06 May 2023 03:03:01 GMT
Connection: keep-alive
Keep-Alive: timeout=600

10:03:01.490 [AsyncHttpClient-1-2] DEBUG org.asynchttpclient.netty.channel.ChannelManager - Adding key: http://0.0.0.0:4723 for channel [id: 0xac19b5dd, L:/127.0.0.1:62239 - R:/127.0.0.1:4723]
10:03:01.490 [main] DEBUG net.thucydides.core.steps.StepInterceptor - STEP DONE: onHomepageAltaShop
]]></system-out>
  </testcase>
  <testcase name="user click login button for login feature" classname="user tidak bisa login karena tidak menginput password di field password" time="1.071">
    <system-out><![CDATA[10:03:01.498 [main] DEBUG net.thucydides.core.steps.StepInterceptor - STARTING STEP: LoginSteps.userClickLoginButtonForLoginFeature - clickButtonLogin
10:03:01.500 [Forwarding findElement on session 36bc8bff-081a-47b5-a88f-00c1840d3fb7 to remote] DEBUG org.asynchttpclient.netty.request.NettyRequestSender - Using pooled Channel '[id: 0xac19b5dd, L:/127.0.0.1:62239 - R:/127.0.0.1:4723]' for 'POST' to 'http://0.0.0.0:4723/wd/hub/session/36bc8bff-081a-47b5-a88f-00c1840d3fb7/element'
10:03:01.500 [Forwarding findElement on session 36bc8bff-081a-47b5-a88f-00c1840d3fb7 to remote] DEBUG org.asynchttpclient.netty.request.NettyRequestSender - Using open Channel [id: 0xac19b5dd, L:/127.0.0.1:62239 - R:/127.0.0.1:4723] for POST '/wd/hub/session/36bc8bff-081a-47b5-a88f-00c1840d3fb7/element'
10:03:01.600 [AsyncHttpClient-1-2] DEBUG org.asynchttpclient.netty.handler.HttpHandler - 

Request DefaultHttpRequest(decodeResult: success, version: HTTP/1.1)
POST /wd/hub/session/36bc8bff-081a-47b5-a88f-00c1840d3fb7/element HTTP/1.1
User-Agent: appium/8.3.0 (selenium/4.8.1 (java windows))
Content-Length: 326
Content-Type: application/json; charset=utf-8
host: 0.0.0.0:4723
accept: */*

Response DefaultHttpResponse(decodeResult: success, version: HTTP/1.1)
HTTP/1.1 200 OK
X-Powered-By: Express
Vary: X-HTTP-Method-Override
Content-Type: application/json; charset=utf-8
Content-Length: 137
ETag: W/"89-rRbb/OJm2E50NxD1rDDEnCjgTio"
Date: Sat, 06 May 2023 03:03:01 GMT
Connection: keep-alive
Keep-Alive: timeout=600

10:03:01.600 [AsyncHttpClient-1-2] DEBUG org.asynchttpclient.netty.channel.ChannelManager - Adding key: http://0.0.0.0:4723 for channel [id: 0xac19b5dd, L:/127.0.0.1:62239 - R:/127.0.0.1:4723]
10:03:01.601 [Forwarding isElementDisplayed on session 36bc8bff-081a-47b5-a88f-00c1840d3fb7 to remote] DEBUG org.asynchttpclient.netty.request.NettyRequestSender - Using pooled Channel '[id: 0xac19b5dd, L:/127.0.0.1:62239 - R:/127.0.0.1:4723]' for 'GET' to 'http://0.0.0.0:4723/wd/hub/session/36bc8bff-081a-47b5-a88f-00c1840d3fb7/element/00000000-0000-057b-0000-000700000003/displayed'
10:03:01.601 [Forwarding isElementDisplayed on session 36bc8bff-081a-47b5-a88f-00c1840d3fb7 to remote] DEBUG org.asynchttpclient.netty.request.NettyRequestSender - Using open Channel [id: 0xac19b5dd, L:/127.0.0.1:62239 - R:/127.0.0.1:4723] for GET '/wd/hub/session/36bc8bff-081a-47b5-a88f-00c1840d3fb7/element/00000000-0000-057b-0000-000700000003/displayed'
10:03:01.629 [AsyncHttpClient-1-2] DEBUG org.asynchttpclient.netty.handler.HttpHandler - 

Request DefaultFullHttpRequest(decodeResult: success, version: HTTP/1.1, content: EmptyByteBufBE)
GET /wd/hub/session/36bc8bff-081a-47b5-a88f-00c1840d3fb7/element/00000000-0000-057b-0000-000700000003/displayed HTTP/1.1
User-Agent: appium/8.3.0 (selenium/4.8.1 (java windows))
Cache-Control: no-cache
Content-Type: application/json; charset=utf-8
host: 0.0.0.0:4723
accept: */*

Response DefaultHttpResponse(decodeResult: success, version: HTTP/1.1)
HTTP/1.1 200 OK
X-Powered-By: Express
Content-Type: application/json; charset=utf-8
Content-Length: 14
ETag: W/"e-2ZHvAWebNQpyjGZTg6uyV8/spTo"
Date: Sat, 06 May 2023 03:03:01 GMT
Connection: keep-alive
Keep-Alive: timeout=600

10:03:01.629 [AsyncHttpClient-1-2] DEBUG org.asynchttpclient.netty.channel.ChannelManager - Adding key: http://0.0.0.0:4723 for channel [id: 0xac19b5dd, L:/127.0.0.1:62239 - R:/127.0.0.1:4723]
10:03:01.632 [Forwarding isElementEnabled on session 36bc8bff-081a-47b5-a88f-00c1840d3fb7 to remote] DEBUG org.asynchttpclient.netty.request.NettyRequestSender - Using pooled Channel '[id: 0xac19b5dd, L:/127.0.0.1:62239 - R:/127.0.0.1:4723]' for 'GET' to 'http://0.0.0.0:4723/wd/hub/session/36bc8bff-081a-47b5-a88f-00c1840d3fb7/element/00000000-0000-057b-0000-000700000003/enabled'
10:03:01.633 [Forwarding isElementEnabled on session 36bc8bff-081a-47b5-a88f-00c1840d3fb7 to remote] DEBUG org.asynchttpclient.netty.request.NettyRequestSender - Using open Channel [id: 0xac19b5dd, L:/127.0.0.1:62239 - R:/127.0.0.1:4723] for GET '/wd/hub/session/36bc8bff-081a-47b5-a88f-00c1840d3fb7/element/00000000-0000-057b-0000-000700000003/enabled'
10:03:01.665 [AsyncHttpClient-1-2] DEBUG org.asynchttpclient.netty.handler.HttpHandler - 

Request DefaultFullHttpRequest(decodeResult: success, version: HTTP/1.1, content: EmptyByteBufBE)
GET /wd/hub/session/36bc8bff-081a-47b5-a88f-00c1840d3fb7/element/00000000-0000-057b-0000-000700000003/enabled HTTP/1.1
User-Agent: appium/8.3.0 (selenium/4.8.1 (java windows))
Cache-Control: no-cache
Content-Type: application/json; charset=utf-8
host: 0.0.0.0:4723
accept: */*

Response DefaultHttpResponse(decodeResult: success, version: HTTP/1.1)
HTTP/1.1 200 OK
X-Powered-By: Express
Content-Type: application/json; charset=utf-8
Content-Length: 14
ETag: W/"e-2ZHvAWebNQpyjGZTg6uyV8/spTo"
Date: Sat, 06 May 2023 03:03:01 GMT
Connection: keep-alive
Keep-Alive: timeout=600

10:03:01.666 [AsyncHttpClient-1-2] DEBUG org.asynchttpclient.netty.channel.ChannelManager - Adding key: http://0.0.0.0:4723 for channel [id: 0xac19b5dd, L:/127.0.0.1:62239 - R:/127.0.0.1:4723]
10:03:01.669 [Forwarding clickElement on session 36bc8bff-081a-47b5-a88f-00c1840d3fb7 to remote] DEBUG org.asynchttpclient.netty.request.NettyRequestSender - Using pooled Channel '[id: 0xac19b5dd, L:/127.0.0.1:62239 - R:/127.0.0.1:4723]' for 'POST' to 'http://0.0.0.0:4723/wd/hub/session/36bc8bff-081a-47b5-a88f-00c1840d3fb7/element/00000000-0000-057b-0000-000700000003/click'
10:03:01.669 [Forwarding clickElement on session 36bc8bff-081a-47b5-a88f-00c1840d3fb7 to remote] DEBUG org.asynchttpclient.netty.request.NettyRequestSender - Using open Channel [id: 0xac19b5dd, L:/127.0.0.1:62239 - R:/127.0.0.1:4723] for POST '/wd/hub/session/36bc8bff-081a-47b5-a88f-00c1840d3fb7/element/00000000-0000-057b-0000-000700000003/click'
10:03:02.564 [AsyncHttpClient-1-2] DEBUG org.asynchttpclient.netty.handler.HttpHandler - 

Request DefaultHttpRequest(decodeResult: success, version: HTTP/1.1)
POST /wd/hub/session/36bc8bff-081a-47b5-a88f-00c1840d3fb7/element/00000000-0000-057b-0000-000700000003/click HTTP/1.1
User-Agent: appium/8.3.0 (selenium/4.8.1 (java windows))
Content-Length: 50
Content-Type: application/json; charset=utf-8
host: 0.0.0.0:4723
accept: */*

Response DefaultHttpResponse(decodeResult: success, version: HTTP/1.1)
HTTP/1.1 200 OK
X-Powered-By: Express
Vary: X-HTTP-Method-Override
Content-Type: application/json; charset=utf-8
Content-Length: 14
ETag: W/"e-9/1BuKMgFObM1mWJm+YjxtXJnUM"
Date: Sat, 06 May 2023 03:03:02 GMT
Connection: keep-alive
Keep-Alive: timeout=600

10:03:02.564 [AsyncHttpClient-1-2] DEBUG org.asynchttpclient.netty.channel.ChannelManager - Adding key: http://0.0.0.0:4723 for channel [id: 0xac19b5dd, L:/127.0.0.1:62239 - R:/127.0.0.1:4723]
10:03:02.564 [main] DEBUG net.thucydides.core.steps.StepInterceptor - STEP DONE: clickButtonLogin
]]></system-out>
  </testcase>
  <testcase name="user input email valid for login feature" classname="user tidak bisa login karena tidak menginput password di field password" time="0.921">
    <system-out><![CDATA[10:03:02.572 [main] DEBUG net.thucydides.core.steps.StepInterceptor - STARTING STEP: LoginSteps.userInputEmailValidForLoginFeature - inputEmail
10:03:02.573 [Forwarding findElement on session 36bc8bff-081a-47b5-a88f-00c1840d3fb7 to remote] DEBUG org.asynchttpclient.netty.request.NettyRequestSender - Using pooled Channel '[id: 0xac19b5dd, L:/127.0.0.1:62239 - R:/127.0.0.1:4723]' for 'POST' to 'http://0.0.0.0:4723/wd/hub/session/36bc8bff-081a-47b5-a88f-00c1840d3fb7/element'
10:03:02.573 [Forwarding findElement on session 36bc8bff-081a-47b5-a88f-00c1840d3fb7 to remote] DEBUG org.asynchttpclient.netty.request.NettyRequestSender - Using open Channel [id: 0xac19b5dd, L:/127.0.0.1:62239 - R:/127.0.0.1:4723] for POST '/wd/hub/session/36bc8bff-081a-47b5-a88f-00c1840d3fb7/element'
10:03:02.643 [AsyncHttpClient-1-2] DEBUG org.asynchttpclient.netty.handler.HttpHandler - 

Request DefaultHttpRequest(decodeResult: success, version: HTTP/1.1)
POST /wd/hub/session/36bc8bff-081a-47b5-a88f-00c1840d3fb7/element HTTP/1.1
User-Agent: appium/8.3.0 (selenium/4.8.1 (java windows))
Content-Length: 305
Content-Type: application/json; charset=utf-8
host: 0.0.0.0:4723
accept: */*

Response DefaultHttpResponse(decodeResult: success, version: HTTP/1.1)
HTTP/1.1 200 OK
X-Powered-By: Express
Vary: X-HTTP-Method-Override
Content-Type: application/json; charset=utf-8
Content-Length: 137
ETag: W/"89-eKIk4I1xCCbw7pmBNIhSn9+zdBM"
Date: Sat, 06 May 2023 03:03:02 GMT
Connection: keep-alive
Keep-Alive: timeout=600

10:03:02.643 [AsyncHttpClient-1-2] DEBUG org.asynchttpclient.netty.channel.ChannelManager - Adding key: http://0.0.0.0:4723 for channel [id: 0xac19b5dd, L:/127.0.0.1:62239 - R:/127.0.0.1:4723]
10:03:02.645 [Forwarding isElementDisplayed on session 36bc8bff-081a-47b5-a88f-00c1840d3fb7 to remote] DEBUG org.asynchttpclient.netty.request.NettyRequestSender - Using pooled Channel '[id: 0xac19b5dd, L:/127.0.0.1:62239 - R:/127.0.0.1:4723]' for 'GET' to 'http://0.0.0.0:4723/wd/hub/session/36bc8bff-081a-47b5-a88f-00c1840d3fb7/element/00000000-0000-057b-0000-002300000003/displayed'
10:03:02.645 [Forwarding isElementDisplayed on session 36bc8bff-081a-47b5-a88f-00c1840d3fb7 to remote] DEBUG org.asynchttpclient.netty.request.NettyRequestSender - Using open Channel [id: 0xac19b5dd, L:/127.0.0.1:62239 - R:/127.0.0.1:4723] for GET '/wd/hub/session/36bc8bff-081a-47b5-a88f-00c1840d3fb7/element/00000000-0000-057b-0000-002300000003/displayed'
10:03:02.676 [AsyncHttpClient-1-2] DEBUG org.asynchttpclient.netty.handler.HttpHandler - 

Request DefaultFullHttpRequest(decodeResult: success, version: HTTP/1.1, content: EmptyByteBufBE)
GET /wd/hub/session/36bc8bff-081a-47b5-a88f-00c1840d3fb7/element/00000000-0000-057b-0000-002300000003/displayed HTTP/1.1
User-Agent: appium/8.3.0 (selenium/4.8.1 (java windows))
Cache-Control: no-cache
Content-Type: application/json; charset=utf-8
host: 0.0.0.0:4723
accept: */*

Response DefaultHttpResponse(decodeResult: success, version: HTTP/1.1)
HTTP/1.1 200 OK
X-Powered-By: Express
Content-Type: application/json; charset=utf-8
Content-Length: 14
ETag: W/"e-2ZHvAWebNQpyjGZTg6uyV8/spTo"
Date: Sat, 06 May 2023 03:03:02 GMT
Connection: keep-alive
Keep-Alive: timeout=600

10:03:02.677 [AsyncHttpClient-1-2] DEBUG org.asynchttpclient.netty.channel.ChannelManager - Adding key: http://0.0.0.0:4723 for channel [id: 0xac19b5dd, L:/127.0.0.1:62239 - R:/127.0.0.1:4723]
10:03:02.678 [Forwarding isElementEnabled on session 36bc8bff-081a-47b5-a88f-00c1840d3fb7 to remote] DEBUG org.asynchttpclient.netty.request.NettyRequestSender - Using pooled Channel '[id: 0xac19b5dd, L:/127.0.0.1:62239 - R:/127.0.0.1:4723]' for 'GET' to 'http://0.0.0.0:4723/wd/hub/session/36bc8bff-081a-47b5-a88f-00c1840d3fb7/element/00000000-0000-057b-0000-002300000003/enabled'
10:03:02.678 [Forwarding isElementEnabled on session 36bc8bff-081a-47b5-a88f-00c1840d3fb7 to remote] DEBUG org.asynchttpclient.netty.request.NettyRequestSender - Using open Channel [id: 0xac19b5dd, L:/127.0.0.1:62239 - R:/127.0.0.1:4723] for GET '/wd/hub/session/36bc8bff-081a-47b5-a88f-00c1840d3fb7/element/00000000-0000-057b-0000-002300000003/enabled'
10:03:02.712 [AsyncHttpClient-1-2] DEBUG org.asynchttpclient.netty.handler.HttpHandler - 

Request DefaultFullHttpRequest(decodeResult: success, version: HTTP/1.1, content: EmptyByteBufBE)
GET /wd/hub/session/36bc8bff-081a-47b5-a88f-00c1840d3fb7/element/00000000-0000-057b-0000-002300000003/enabled HTTP/1.1
User-Agent: appium/8.3.0 (selenium/4.8.1 (java windows))
Cache-Control: no-cache
Content-Type: application/json; charset=utf-8
host: 0.0.0.0:4723
accept: */*

Response DefaultHttpResponse(decodeResult: success, version: HTTP/1.1)
HTTP/1.1 200 OK
X-Powered-By: Express
Content-Type: application/json; charset=utf-8
Content-Length: 14
ETag: W/"e-2ZHvAWebNQpyjGZTg6uyV8/spTo"
Date: Sat, 06 May 2023 03:03:02 GMT
Connection: keep-alive
Keep-Alive: timeout=600

10:03:02.713 [AsyncHttpClient-1-2] DEBUG org.asynchttpclient.netty.channel.ChannelManager - Adding key: http://0.0.0.0:4723 for channel [id: 0xac19b5dd, L:/127.0.0.1:62239 - R:/127.0.0.1:4723]
10:03:02.714 [Forwarding clickElement on session 36bc8bff-081a-47b5-a88f-00c1840d3fb7 to remote] DEBUG org.asynchttpclient.netty.request.NettyRequestSender - Using pooled Channel '[id: 0xac19b5dd, L:/127.0.0.1:62239 - R:/127.0.0.1:4723]' for 'POST' to 'http://0.0.0.0:4723/wd/hub/session/36bc8bff-081a-47b5-a88f-00c1840d3fb7/element/00000000-0000-057b-0000-002300000003/click'
10:03:02.714 [Forwarding clickElement on session 36bc8bff-081a-47b5-a88f-00c1840d3fb7 to remote] DEBUG org.asynchttpclient.netty.request.NettyRequestSender - Using open Channel [id: 0xac19b5dd, L:/127.0.0.1:62239 - R:/127.0.0.1:4723] for POST '/wd/hub/session/36bc8bff-081a-47b5-a88f-00c1840d3fb7/element/00000000-0000-057b-0000-002300000003/click'
10:03:02.797 [AsyncHttpClient-1-2] DEBUG org.asynchttpclient.netty.handler.HttpHandler - 

Request DefaultHttpRequest(decodeResult: success, version: HTTP/1.1)
POST /wd/hub/session/36bc8bff-081a-47b5-a88f-00c1840d3fb7/element/00000000-0000-057b-0000-002300000003/click HTTP/1.1
User-Agent: appium/8.3.0 (selenium/4.8.1 (java windows))
Content-Length: 50
Content-Type: application/json; charset=utf-8
host: 0.0.0.0:4723
accept: */*

Response DefaultHttpResponse(decodeResult: success, version: HTTP/1.1)
HTTP/1.1 200 OK
X-Powered-By: Express
Vary: X-HTTP-Method-Override
Content-Type: application/json; charset=utf-8
Content-Length: 14
ETag: W/"e-9/1BuKMgFObM1mWJm+YjxtXJnUM"
Date: Sat, 06 May 2023 03:03:02 GMT
Connection: keep-alive
Keep-Alive: timeout=600

10:03:02.797 [AsyncHttpClient-1-2] DEBUG org.asynchttpclient.netty.channel.ChannelManager - Adding key: http://0.0.0.0:4723 for channel [id: 0xac19b5dd, L:/127.0.0.1:62239 - R:/127.0.0.1:4723]
10:03:02.800 [Forwarding findElement on session 36bc8bff-081a-47b5-a88f-00c1840d3fb7 to remote] DEBUG org.asynchttpclient.netty.request.NettyRequestSender - Using pooled Channel '[id: 0xac19b5dd, L:/127.0.0.1:62239 - R:/127.0.0.1:4723]' for 'POST' to 'http://0.0.0.0:4723/wd/hub/session/36bc8bff-081a-47b5-a88f-00c1840d3fb7/element'
10:03:02.801 [Forwarding findElement on session 36bc8bff-081a-47b5-a88f-00c1840d3fb7 to remote] DEBUG org.asynchttpclient.netty.request.NettyRequestSender - Using open Channel [id: 0xac19b5dd, L:/127.0.0.1:62239 - R:/127.0.0.1:4723] for POST '/wd/hub/session/36bc8bff-081a-47b5-a88f-00c1840d3fb7/element'
10:03:02.934 [AsyncHttpClient-1-2] DEBUG org.asynchttpclient.netty.handler.HttpHandler - 

Request DefaultHttpRequest(decodeResult: success, version: HTTP/1.1)
POST /wd/hub/session/36bc8bff-081a-47b5-a88f-00c1840d3fb7/element HTTP/1.1
User-Agent: appium/8.3.0 (selenium/4.8.1 (java windows))
Content-Length: 305
Content-Type: application/json; charset=utf-8
host: 0.0.0.0:4723
accept: */*

Response DefaultHttpResponse(decodeResult: success, version: HTTP/1.1)
HTTP/1.1 200 OK
X-Powered-By: Express
Vary: X-HTTP-Method-Override
Content-Type: application/json; charset=utf-8
Content-Length: 137
ETag: W/"89-eKIk4I1xCCbw7pmBNIhSn9+zdBM"
Date: Sat, 06 May 2023 03:03:02 GMT
Connection: keep-alive
Keep-Alive: timeout=600

10:03:02.934 [AsyncHttpClient-1-2] DEBUG org.asynchttpclient.netty.channel.ChannelManager - Adding key: http://0.0.0.0:4723 for channel [id: 0xac19b5dd, L:/127.0.0.1:62239 - R:/127.0.0.1:4723]
10:03:02.937 [Forwarding sendKeysToElement on session 36bc8bff-081a-47b5-a88f-00c1840d3fb7 to remote] DEBUG org.asynchttpclient.netty.request.NettyRequestSender - Using pooled Channel '[id: 0xac19b5dd, L:/127.0.0.1:62239 - R:/127.0.0.1:4723]' for 'POST' to 'http://0.0.0.0:4723/wd/hub/session/36bc8bff-081a-47b5-a88f-00c1840d3fb7/element/00000000-0000-057b-0000-002300000003/value'
10:03:02.937 [Forwarding sendKeysToElement on session 36bc8bff-081a-47b5-a88f-00c1840d3fb7 to remote] DEBUG org.asynchttpclient.netty.request.NettyRequestSender - Using open Channel [id: 0xac19b5dd, L:/127.0.0.1:62239 - R:/127.0.0.1:4723] for POST '/wd/hub/session/36bc8bff-081a-47b5-a88f-00c1840d3fb7/element/00000000-0000-057b-0000-002300000003/value'
10:03:03.487 [AsyncHttpClient-1-2] DEBUG org.asynchttpclient.netty.handler.HttpHandler - 

Request DefaultHttpRequest(decodeResult: success, version: HTTP/1.1)
POST /wd/hub/session/36bc8bff-081a-47b5-a88f-00c1840d3fb7/element/00000000-0000-057b-0000-002300000003/value HTTP/1.1
User-Agent: appium/8.3.0 (selenium/4.8.1 (java windows))
Content-Length: 211
Content-Type: application/json; charset=utf-8
host: 0.0.0.0:4723
accept: */*

Response DefaultHttpResponse(decodeResult: success, version: HTTP/1.1)
HTTP/1.1 200 OK
X-Powered-By: Express
Vary: X-HTTP-Method-Override
Content-Type: application/json; charset=utf-8
Content-Length: 14
ETag: W/"e-9/1BuKMgFObM1mWJm+YjxtXJnUM"
Date: Sat, 06 May 2023 03:03:03 GMT
Connection: keep-alive
Keep-Alive: timeout=600

10:03:03.487 [AsyncHttpClient-1-2] DEBUG org.asynchttpclient.netty.channel.ChannelManager - Adding key: http://0.0.0.0:4723 for channel [id: 0xac19b5dd, L:/127.0.0.1:62239 - R:/127.0.0.1:4723]
10:03:03.488 [main] DEBUG net.thucydides.core.steps.StepInterceptor - STEP DONE: inputEmail
]]></system-out>
  </testcase>
  <testcase name="user does not input password for login feature" classname="user tidak bisa login karena tidak menginput password di field password" time="1.441">
    <system-out><![CDATA[10:03:03.497 [main] DEBUG net.thucydides.core.steps.StepInterceptor - STARTING STEP: LoginSteps.userDoesNotInputPasswordForLoginFeature - inputPassword
10:03:03.501 [Forwarding findElement on session 36bc8bff-081a-47b5-a88f-00c1840d3fb7 to remote] DEBUG org.asynchttpclient.netty.request.NettyRequestSender - Using pooled Channel '[id: 0xac19b5dd, L:/127.0.0.1:62239 - R:/127.0.0.1:4723]' for 'POST' to 'http://0.0.0.0:4723/wd/hub/session/36bc8bff-081a-47b5-a88f-00c1840d3fb7/element'
10:03:03.501 [Forwarding findElement on session 36bc8bff-081a-47b5-a88f-00c1840d3fb7 to remote] DEBUG org.asynchttpclient.netty.request.NettyRequestSender - Using open Channel [id: 0xac19b5dd, L:/127.0.0.1:62239 - R:/127.0.0.1:4723] for POST '/wd/hub/session/36bc8bff-081a-47b5-a88f-00c1840d3fb7/element'
10:03:03.621 [AsyncHttpClient-1-2] DEBUG org.asynchttpclient.netty.handler.HttpHandler - 

Request DefaultHttpRequest(decodeResult: success, version: HTTP/1.1)
POST /wd/hub/session/36bc8bff-081a-47b5-a88f-00c1840d3fb7/element HTTP/1.1
User-Agent: appium/8.3.0 (selenium/4.8.1 (java windows))
Content-Length: 305
Content-Type: application/json; charset=utf-8
host: 0.0.0.0:4723
accept: */*

Response DefaultHttpResponse(decodeResult: success, version: HTTP/1.1)
HTTP/1.1 200 OK
X-Powered-By: Express
Vary: X-HTTP-Method-Override
Content-Type: application/json; charset=utf-8
Content-Length: 137
ETag: W/"89-Dlsd+eiy0KjWwJh+nL7cddeAvuU"
Date: Sat, 06 May 2023 03:03:03 GMT
Connection: keep-alive
Keep-Alive: timeout=600

10:03:03.621 [AsyncHttpClient-1-2] DEBUG org.asynchttpclient.netty.channel.ChannelManager - Adding key: http://0.0.0.0:4723 for channel [id: 0xac19b5dd, L:/127.0.0.1:62239 - R:/127.0.0.1:4723]
10:03:03.624 [Forwarding isElementDisplayed on session 36bc8bff-081a-47b5-a88f-00c1840d3fb7 to remote] DEBUG org.asynchttpclient.netty.request.NettyRequestSender - Using pooled Channel '[id: 0xac19b5dd, L:/127.0.0.1:62239 - R:/127.0.0.1:4723]' for 'GET' to 'http://0.0.0.0:4723/wd/hub/session/36bc8bff-081a-47b5-a88f-00c1840d3fb7/element/00000000-0000-057b-0000-002400000003/displayed'
10:03:03.624 [Forwarding isElementDisplayed on session 36bc8bff-081a-47b5-a88f-00c1840d3fb7 to remote] DEBUG org.asynchttpclient.netty.request.NettyRequestSender - Using open Channel [id: 0xac19b5dd, L:/127.0.0.1:62239 - R:/127.0.0.1:4723] for GET '/wd/hub/session/36bc8bff-081a-47b5-a88f-00c1840d3fb7/element/00000000-0000-057b-0000-002400000003/displayed'
10:03:04.060 [AsyncHttpClient-1-2] DEBUG org.asynchttpclient.netty.handler.HttpHandler - 

Request DefaultFullHttpRequest(decodeResult: success, version: HTTP/1.1, content: EmptyByteBufBE)
GET /wd/hub/session/36bc8bff-081a-47b5-a88f-00c1840d3fb7/element/00000000-0000-057b-0000-002400000003/displayed HTTP/1.1
User-Agent: appium/8.3.0 (selenium/4.8.1 (java windows))
Cache-Control: no-cache
Content-Type: application/json; charset=utf-8
host: 0.0.0.0:4723
accept: */*

Response DefaultHttpResponse(decodeResult: success, version: HTTP/1.1)
HTTP/1.1 200 OK
X-Powered-By: Express
Content-Type: application/json; charset=utf-8
Content-Length: 14
ETag: W/"e-2ZHvAWebNQpyjGZTg6uyV8/spTo"
Date: Sat, 06 May 2023 03:03:04 GMT
Connection: keep-alive
Keep-Alive: timeout=600

10:03:04.060 [AsyncHttpClient-1-2] DEBUG org.asynchttpclient.netty.channel.ChannelManager - Adding key: http://0.0.0.0:4723 for channel [id: 0xac19b5dd, L:/127.0.0.1:62239 - R:/127.0.0.1:4723]
10:03:04.062 [Forwarding isElementEnabled on session 36bc8bff-081a-47b5-a88f-00c1840d3fb7 to remote] DEBUG org.asynchttpclient.netty.request.NettyRequestSender - Using pooled Channel '[id: 0xac19b5dd, L:/127.0.0.1:62239 - R:/127.0.0.1:4723]' for 'GET' to 'http://0.0.0.0:4723/wd/hub/session/36bc8bff-081a-47b5-a88f-00c1840d3fb7/element/00000000-0000-057b-0000-002400000003/enabled'
10:03:04.062 [Forwarding isElementEnabled on session 36bc8bff-081a-47b5-a88f-00c1840d3fb7 to remote] DEBUG org.asynchttpclient.netty.request.NettyRequestSender - Using open Channel [id: 0xac19b5dd, L:/127.0.0.1:62239 - R:/127.0.0.1:4723] for GET '/wd/hub/session/36bc8bff-081a-47b5-a88f-00c1840d3fb7/element/00000000-0000-057b-0000-002400000003/enabled'
10:03:04.089 [AsyncHttpClient-1-2] DEBUG org.asynchttpclient.netty.handler.HttpHandler - 

Request DefaultFullHttpRequest(decodeResult: success, version: HTTP/1.1, content: EmptyByteBufBE)
GET /wd/hub/session/36bc8bff-081a-47b5-a88f-00c1840d3fb7/element/00000000-0000-057b-0000-002400000003/enabled HTTP/1.1
User-Agent: appium/8.3.0 (selenium/4.8.1 (java windows))
Cache-Control: no-cache
Content-Type: application/json; charset=utf-8
host: 0.0.0.0:4723
accept: */*

Response DefaultHttpResponse(decodeResult: success, version: HTTP/1.1)
HTTP/1.1 200 OK
X-Powered-By: Express
Content-Type: application/json; charset=utf-8
Content-Length: 14
ETag: W/"e-2ZHvAWebNQpyjGZTg6uyV8/spTo"
Date: Sat, 06 May 2023 03:03:04 GMT
Connection: keep-alive
Keep-Alive: timeout=600

10:03:04.089 [AsyncHttpClient-1-2] DEBUG org.asynchttpclient.netty.channel.ChannelManager - Adding key: http://0.0.0.0:4723 for channel [id: 0xac19b5dd, L:/127.0.0.1:62239 - R:/127.0.0.1:4723]
10:03:04.092 [Forwarding clickElement on session 36bc8bff-081a-47b5-a88f-00c1840d3fb7 to remote] DEBUG org.asynchttpclient.netty.request.NettyRequestSender - Using pooled Channel '[id: 0xac19b5dd, L:/127.0.0.1:62239 - R:/127.0.0.1:4723]' for 'POST' to 'http://0.0.0.0:4723/wd/hub/session/36bc8bff-081a-47b5-a88f-00c1840d3fb7/element/00000000-0000-057b-0000-002400000003/click'
10:03:04.092 [Forwarding clickElement on session 36bc8bff-081a-47b5-a88f-00c1840d3fb7 to remote] DEBUG org.asynchttpclient.netty.request.NettyRequestSender - Using open Channel [id: 0xac19b5dd, L:/127.0.0.1:62239 - R:/127.0.0.1:4723] for POST '/wd/hub/session/36bc8bff-081a-47b5-a88f-00c1840d3fb7/element/00000000-0000-057b-0000-002400000003/click'
10:03:04.195 [AsyncHttpClient-1-2] DEBUG org.asynchttpclient.netty.handler.HttpHandler - 

Request DefaultHttpRequest(decodeResult: success, version: HTTP/1.1)
POST /wd/hub/session/36bc8bff-081a-47b5-a88f-00c1840d3fb7/element/00000000-0000-057b-0000-002400000003/click HTTP/1.1
User-Agent: appium/8.3.0 (selenium/4.8.1 (java windows))
Content-Length: 50
Content-Type: application/json; charset=utf-8
host: 0.0.0.0:4723
accept: */*

Response DefaultHttpResponse(decodeResult: success, version: HTTP/1.1)
HTTP/1.1 200 OK
X-Powered-By: Express
Vary: X-HTTP-Method-Override
Content-Type: application/json; charset=utf-8
Content-Length: 14
ETag: W/"e-9/1BuKMgFObM1mWJm+YjxtXJnUM"
Date: Sat, 06 May 2023 03:03:04 GMT
Connection: keep-alive
Keep-Alive: timeout=600

10:03:04.195 [AsyncHttpClient-1-2] DEBUG org.asynchttpclient.netty.channel.ChannelManager - Adding key: http://0.0.0.0:4723 for channel [id: 0xac19b5dd, L:/127.0.0.1:62239 - R:/127.0.0.1:4723]
10:03:04.200 [Forwarding findElement on session 36bc8bff-081a-47b5-a88f-00c1840d3fb7 to remote] DEBUG org.asynchttpclient.netty.request.NettyRequestSender - Using pooled Channel '[id: 0xac19b5dd, L:/127.0.0.1:62239 - R:/127.0.0.1:4723]' for 'POST' to 'http://0.0.0.0:4723/wd/hub/session/36bc8bff-081a-47b5-a88f-00c1840d3fb7/element'
10:03:04.200 [Forwarding findElement on session 36bc8bff-081a-47b5-a88f-00c1840d3fb7 to remote] DEBUG org.asynchttpclient.netty.request.NettyRequestSender - Using open Channel [id: 0xac19b5dd, L:/127.0.0.1:62239 - R:/127.0.0.1:4723] for POST '/wd/hub/session/36bc8bff-081a-47b5-a88f-00c1840d3fb7/element'
10:03:04.889 [AsyncHttpClient-1-2] DEBUG org.asynchttpclient.netty.handler.HttpHandler - 

Request DefaultHttpRequest(decodeResult: success, version: HTTP/1.1)
POST /wd/hub/session/36bc8bff-081a-47b5-a88f-00c1840d3fb7/element HTTP/1.1
User-Agent: appium/8.3.0 (selenium/4.8.1 (java windows))
Content-Length: 305
Content-Type: application/json; charset=utf-8
host: 0.0.0.0:4723
accept: */*

Response DefaultHttpResponse(decodeResult: success, version: HTTP/1.1)
HTTP/1.1 200 OK
X-Powered-By: Express
Vary: X-HTTP-Method-Override
Content-Type: application/json; charset=utf-8
Content-Length: 137
ETag: W/"89-Dlsd+eiy0KjWwJh+nL7cddeAvuU"
Date: Sat, 06 May 2023 03:03:04 GMT
Connection: keep-alive
Keep-Alive: timeout=600

10:03:04.889 [AsyncHttpClient-1-2] DEBUG org.asynchttpclient.netty.channel.ChannelManager - Adding key: http://0.0.0.0:4723 for channel [id: 0xac19b5dd, L:/127.0.0.1:62239 - R:/127.0.0.1:4723]
10:03:04.891 [Forwarding sendKeysToElement on session 36bc8bff-081a-47b5-a88f-00c1840d3fb7 to remote] DEBUG org.asynchttpclient.netty.request.NettyRequestSender - Using pooled Channel '[id: 0xac19b5dd, L:/127.0.0.1:62239 - R:/127.0.0.1:4723]' for 'POST' to 'http://0.0.0.0:4723/wd/hub/session/36bc8bff-081a-47b5-a88f-00c1840d3fb7/element/00000000-0000-057b-0000-002400000003/value'
10:03:04.891 [Forwarding sendKeysToElement on session 36bc8bff-081a-47b5-a88f-00c1840d3fb7 to remote] DEBUG org.asynchttpclient.netty.request.NettyRequestSender - Using open Channel [id: 0xac19b5dd, L:/127.0.0.1:62239 - R:/127.0.0.1:4723] for POST '/wd/hub/session/36bc8bff-081a-47b5-a88f-00c1840d3fb7/element/00000000-0000-057b-0000-002400000003/value'
10:03:04.931 [AsyncHttpClient-1-2] DEBUG org.asynchttpclient.netty.handler.HttpHandler - 

Request DefaultHttpRequest(decodeResult: success, version: HTTP/1.1)
POST /wd/hub/session/36bc8bff-081a-47b5-a88f-00c1840d3fb7/element/00000000-0000-057b-0000-002400000003/value HTTP/1.1
User-Agent: appium/8.3.0 (selenium/4.8.1 (java windows))
Content-Length: 82
Content-Type: application/json; charset=utf-8
host: 0.0.0.0:4723
accept: */*

Response DefaultHttpResponse(decodeResult: success, version: HTTP/1.1)
HTTP/1.1 200 OK
X-Powered-By: Express
Vary: X-HTTP-Method-Override
Content-Type: application/json; charset=utf-8
Content-Length: 14
ETag: W/"e-9/1BuKMgFObM1mWJm+YjxtXJnUM"
Date: Sat, 06 May 2023 03:03:04 GMT
Connection: keep-alive
Keep-Alive: timeout=600

10:03:04.931 [AsyncHttpClient-1-2] DEBUG org.asynchttpclient.netty.channel.ChannelManager - Adding key: http://0.0.0.0:4723 for channel [id: 0xac19b5dd, L:/127.0.0.1:62239 - R:/127.0.0.1:4723]
10:03:04.932 [main] DEBUG net.thucydides.core.steps.StepInterceptor - STEP DONE: inputPassword
]]></system-out>
  </testcase>
  <testcase name="user click login button again for login feature" classname="user tidak bisa login karena tidak menginput password di field password" time="0.731">
    <system-out><![CDATA[10:03:04.940 [main] DEBUG net.thucydides.core.steps.StepInterceptor - STARTING STEP: LoginSteps.userClickLoginButtonAgainForLoginFeature - clickButtonLoginSecond
10:03:04.942 [Forwarding findElement on session 36bc8bff-081a-47b5-a88f-00c1840d3fb7 to remote] DEBUG org.asynchttpclient.netty.request.NettyRequestSender - Using pooled Channel '[id: 0xac19b5dd, L:/127.0.0.1:62239 - R:/127.0.0.1:4723]' for 'POST' to 'http://0.0.0.0:4723/wd/hub/session/36bc8bff-081a-47b5-a88f-00c1840d3fb7/element'
10:03:04.942 [Forwarding findElement on session 36bc8bff-081a-47b5-a88f-00c1840d3fb7 to remote] DEBUG org.asynchttpclient.netty.request.NettyRequestSender - Using open Channel [id: 0xac19b5dd, L:/127.0.0.1:62239 - R:/127.0.0.1:4723] for POST '/wd/hub/session/36bc8bff-081a-47b5-a88f-00c1840d3fb7/element'
10:03:05.031 [AsyncHttpClient-1-2] DEBUG org.asynchttpclient.netty.handler.HttpHandler - 

Request DefaultHttpRequest(decodeResult: success, version: HTTP/1.1)
POST /wd/hub/session/36bc8bff-081a-47b5-a88f-00c1840d3fb7/element HTTP/1.1
User-Agent: appium/8.3.0 (selenium/4.8.1 (java windows))
Content-Length: 95
Content-Type: application/json; charset=utf-8
host: 0.0.0.0:4723
accept: */*

Response DefaultHttpResponse(decodeResult: success, version: HTTP/1.1)
HTTP/1.1 200 OK
X-Powered-By: Express
Vary: X-HTTP-Method-Override
Content-Type: application/json; charset=utf-8
Content-Length: 137
ETag: W/"89-jWW72my8zFH9wJ4smgjjg9DbfQE"
Date: Sat, 06 May 2023 03:03:05 GMT
Connection: keep-alive
Keep-Alive: timeout=600

10:03:05.031 [AsyncHttpClient-1-2] DEBUG org.asynchttpclient.netty.channel.ChannelManager - Adding key: http://0.0.0.0:4723 for channel [id: 0xac19b5dd, L:/127.0.0.1:62239 - R:/127.0.0.1:4723]
10:03:05.033 [Forwarding isElementDisplayed on session 36bc8bff-081a-47b5-a88f-00c1840d3fb7 to remote] DEBUG org.asynchttpclient.netty.request.NettyRequestSender - Using pooled Channel '[id: 0xac19b5dd, L:/127.0.0.1:62239 - R:/127.0.0.1:4723]' for 'GET' to 'http://0.0.0.0:4723/wd/hub/session/36bc8bff-081a-47b5-a88f-00c1840d3fb7/element/00000000-0000-057b-0000-002500000003/displayed'
10:03:05.033 [Forwarding isElementDisplayed on session 36bc8bff-081a-47b5-a88f-00c1840d3fb7 to remote] DEBUG org.asynchttpclient.netty.request.NettyRequestSender - Using open Channel [id: 0xac19b5dd, L:/127.0.0.1:62239 - R:/127.0.0.1:4723] for GET '/wd/hub/session/36bc8bff-081a-47b5-a88f-00c1840d3fb7/element/00000000-0000-057b-0000-002500000003/displayed'
10:03:05.062 [AsyncHttpClient-1-2] DEBUG org.asynchttpclient.netty.handler.HttpHandler - 

Request DefaultFullHttpRequest(decodeResult: success, version: HTTP/1.1, content: EmptyByteBufBE)
GET /wd/hub/session/36bc8bff-081a-47b5-a88f-00c1840d3fb7/element/00000000-0000-057b-0000-002500000003/displayed HTTP/1.1
User-Agent: appium/8.3.0 (selenium/4.8.1 (java windows))
Cache-Control: no-cache
Content-Type: application/json; charset=utf-8
host: 0.0.0.0:4723
accept: */*

Response DefaultHttpResponse(decodeResult: success, version: HTTP/1.1)
HTTP/1.1 200 OK
X-Powered-By: Express
Content-Type: application/json; charset=utf-8
Content-Length: 14
ETag: W/"e-2ZHvAWebNQpyjGZTg6uyV8/spTo"
Date: Sat, 06 May 2023 03:03:05 GMT
Connection: keep-alive
Keep-Alive: timeout=600

10:03:05.062 [AsyncHttpClient-1-2] DEBUG org.asynchttpclient.netty.channel.ChannelManager - Adding key: http://0.0.0.0:4723 for channel [id: 0xac19b5dd, L:/127.0.0.1:62239 - R:/127.0.0.1:4723]
10:03:05.063 [Forwarding isElementEnabled on session 36bc8bff-081a-47b5-a88f-00c1840d3fb7 to remote] DEBUG org.asynchttpclient.netty.request.NettyRequestSender - Using pooled Channel '[id: 0xac19b5dd, L:/127.0.0.1:62239 - R:/127.0.0.1:4723]' for 'GET' to 'http://0.0.0.0:4723/wd/hub/session/36bc8bff-081a-47b5-a88f-00c1840d3fb7/element/00000000-0000-057b-0000-002500000003/enabled'
10:03:05.063 [Forwarding isElementEnabled on session 36bc8bff-081a-47b5-a88f-00c1840d3fb7 to remote] DEBUG org.asynchttpclient.netty.request.NettyRequestSender - Using open Channel [id: 0xac19b5dd, L:/127.0.0.1:62239 - R:/127.0.0.1:4723] for GET '/wd/hub/session/36bc8bff-081a-47b5-a88f-00c1840d3fb7/element/00000000-0000-057b-0000-002500000003/enabled'
10:03:05.084 [AsyncHttpClient-1-2] DEBUG org.asynchttpclient.netty.handler.HttpHandler - 

Request DefaultFullHttpRequest(decodeResult: success, version: HTTP/1.1, content: EmptyByteBufBE)
GET /wd/hub/session/36bc8bff-081a-47b5-a88f-00c1840d3fb7/element/00000000-0000-057b-0000-002500000003/enabled HTTP/1.1
User-Agent: appium/8.3.0 (selenium/4.8.1 (java windows))
Cache-Control: no-cache
Content-Type: application/json; charset=utf-8
host: 0.0.0.0:4723
accept: */*

Response DefaultHttpResponse(decodeResult: success, version: HTTP/1.1)
HTTP/1.1 200 OK
X-Powered-By: Express
Content-Type: application/json; charset=utf-8
Content-Length: 14
ETag: W/"e-2ZHvAWebNQpyjGZTg6uyV8/spTo"
Date: Sat, 06 May 2023 03:03:05 GMT
Connection: keep-alive
Keep-Alive: timeout=600

10:03:05.084 [AsyncHttpClient-1-2] DEBUG org.asynchttpclient.netty.channel.ChannelManager - Adding key: http://0.0.0.0:4723 for channel [id: 0xac19b5dd, L:/127.0.0.1:62239 - R:/127.0.0.1:4723]
10:03:05.087 [Forwarding clickElement on session 36bc8bff-081a-47b5-a88f-00c1840d3fb7 to remote] DEBUG org.asynchttpclient.netty.request.NettyRequestSender - Using pooled Channel '[id: 0xac19b5dd, L:/127.0.0.1:62239 - R:/127.0.0.1:4723]' for 'POST' to 'http://0.0.0.0:4723/wd/hub/session/36bc8bff-081a-47b5-a88f-00c1840d3fb7/element/00000000-0000-057b-0000-002500000003/click'
10:03:05.088 [Forwarding clickElement on session 36bc8bff-081a-47b5-a88f-00c1840d3fb7 to remote] DEBUG org.asynchttpclient.netty.request.NettyRequestSender - Using open Channel [id: 0xac19b5dd, L:/127.0.0.1:62239 - R:/127.0.0.1:4723] for POST '/wd/hub/session/36bc8bff-081a-47b5-a88f-00c1840d3fb7/element/00000000-0000-057b-0000-002500000003/click'
10:03:05.663 [AsyncHttpClient-1-2] DEBUG org.asynchttpclient.netty.handler.HttpHandler - 

Request DefaultHttpRequest(decodeResult: success, version: HTTP/1.1)
POST /wd/hub/session/36bc8bff-081a-47b5-a88f-00c1840d3fb7/element/00000000-0000-057b-0000-002500000003/click HTTP/1.1
User-Agent: appium/8.3.0 (selenium/4.8.1 (java windows))
Content-Length: 50
Content-Type: application/json; charset=utf-8
host: 0.0.0.0:4723
accept: */*

Response DefaultHttpResponse(decodeResult: success, version: HTTP/1.1)
HTTP/1.1 200 OK
X-Powered-By: Express
Vary: X-HTTP-Method-Override
Content-Type: application/json; charset=utf-8
Content-Length: 14
ETag: W/"e-9/1BuKMgFObM1mWJm+YjxtXJnUM"
Date: Sat, 06 May 2023 03:03:05 GMT
Connection: keep-alive
Keep-Alive: timeout=600

10:03:05.663 [AsyncHttpClient-1-2] DEBUG org.asynchttpclient.netty.channel.ChannelManager - Adding key: http://0.0.0.0:4723 for channel [id: 0xac19b5dd, L:/127.0.0.1:62239 - R:/127.0.0.1:4723]
10:03:05.664 [main] DEBUG net.thucydides.core.steps.StepInterceptor - STEP DONE: clickButtonLoginSecond
]]></system-out>
  </testcase>
  <testcase name="user see error message password required &quot;Password can not empty&quot;" classname="user tidak bisa login karena tidak menginput password di field password" time="0.135">
    <system-out><![CDATA[10:03:05.670 [AsyncHttpClient-1-1] DEBUG org.asynchttpclient.netty.channel.DefaultChannelPool - Entry count for : http://0.0.0.0:4723 : 1
10:03:05.673 [main] DEBUG net.thucydides.core.steps.StepInterceptor - STARTING STEP: LoginSteps.userSeeErrorMessagePasswordRequired - getMessagePasswordEmpty
10:03:05.674 [Forwarding findElement on session 36bc8bff-081a-47b5-a88f-00c1840d3fb7 to remote] DEBUG org.asynchttpclient.netty.request.NettyRequestSender - Using pooled Channel '[id: 0xac19b5dd, L:/127.0.0.1:62239 - R:/127.0.0.1:4723]' for 'POST' to 'http://0.0.0.0:4723/wd/hub/session/36bc8bff-081a-47b5-a88f-00c1840d3fb7/element'
10:03:05.674 [Forwarding findElement on session 36bc8bff-081a-47b5-a88f-00c1840d3fb7 to remote] DEBUG org.asynchttpclient.netty.request.NettyRequestSender - Using open Channel [id: 0xac19b5dd, L:/127.0.0.1:62239 - R:/127.0.0.1:4723] for POST '/wd/hub/session/36bc8bff-081a-47b5-a88f-00c1840d3fb7/element'
10:03:05.756 [AsyncHttpClient-1-2] DEBUG org.asynchttpclient.netty.handler.HttpHandler - 

Request DefaultHttpRequest(decodeResult: success, version: HTTP/1.1)
POST /wd/hub/session/36bc8bff-081a-47b5-a88f-00c1840d3fb7/element HTTP/1.1
User-Agent: appium/8.3.0 (selenium/4.8.1 (java windows))
Content-Length: 108
Content-Type: application/json; charset=utf-8
host: 0.0.0.0:4723
accept: */*

Response DefaultHttpResponse(decodeResult: success, version: HTTP/1.1)
HTTP/1.1 200 OK
X-Powered-By: Express
Vary: X-HTTP-Method-Override
Content-Type: application/json; charset=utf-8
Content-Length: 137
ETag: W/"89-Z7x1c1d0hU9i32P3/z1/aUEOQcY"
Date: Sat, 06 May 2023 03:03:05 GMT
Connection: keep-alive
Keep-Alive: timeout=600

10:03:05.756 [AsyncHttpClient-1-2] DEBUG org.asynchttpclient.netty.channel.ChannelManager - Adding key: http://0.0.0.0:4723 for channel [id: 0xac19b5dd, L:/127.0.0.1:62239 - R:/127.0.0.1:4723]
10:03:05.757 [Forwarding isElementDisplayed on session 36bc8bff-081a-47b5-a88f-00c1840d3fb7 to remote] DEBUG org.asynchttpclient.netty.request.NettyRequestSender - Using pooled Channel '[id: 0xac19b5dd, L:/127.0.0.1:62239 - R:/127.0.0.1:4723]' for 'GET' to 'http://0.0.0.0:4723/wd/hub/session/36bc8bff-081a-47b5-a88f-00c1840d3fb7/element/00000000-0000-057b-0000-002b00000003/displayed'
10:03:05.757 [Forwarding isElementDisplayed on session 36bc8bff-081a-47b5-a88f-00c1840d3fb7 to remote] DEBUG org.asynchttpclient.netty.request.NettyRequestSender - Using open Channel [id: 0xac19b5dd, L:/127.0.0.1:62239 - R:/127.0.0.1:4723] for GET '/wd/hub/session/36bc8bff-081a-47b5-a88f-00c1840d3fb7/element/00000000-0000-057b-0000-002b00000003/displayed'
10:03:05.776 [AsyncHttpClient-1-2] DEBUG org.asynchttpclient.netty.handler.HttpHandler - 

Request DefaultFullHttpRequest(decodeResult: success, version: HTTP/1.1, content: EmptyByteBufBE)
GET /wd/hub/session/36bc8bff-081a-47b5-a88f-00c1840d3fb7/element/00000000-0000-057b-0000-002b00000003/displayed HTTP/1.1
User-Agent: appium/8.3.0 (selenium/4.8.1 (java windows))
Cache-Control: no-cache
Content-Type: application/json; charset=utf-8
host: 0.0.0.0:4723
accept: */*

Response DefaultHttpResponse(decodeResult: success, version: HTTP/1.1)
HTTP/1.1 200 OK
X-Powered-By: Express
Content-Type: application/json; charset=utf-8
Content-Length: 14
ETag: W/"e-2ZHvAWebNQpyjGZTg6uyV8/spTo"
Date: Sat, 06 May 2023 03:03:05 GMT
Connection: keep-alive
Keep-Alive: timeout=600

10:03:05.777 [AsyncHttpClient-1-2] DEBUG org.asynchttpclient.netty.channel.ChannelManager - Adding key: http://0.0.0.0:4723 for channel [id: 0xac19b5dd, L:/127.0.0.1:62239 - R:/127.0.0.1:4723]
10:03:05.778 [Forwarding getElementText on session 36bc8bff-081a-47b5-a88f-00c1840d3fb7 to remote] DEBUG org.asynchttpclient.netty.request.NettyRequestSender - Using pooled Channel '[id: 0xac19b5dd, L:/127.0.0.1:62239 - R:/127.0.0.1:4723]' for 'GET' to 'http://0.0.0.0:4723/wd/hub/session/36bc8bff-081a-47b5-a88f-00c1840d3fb7/element/00000000-0000-057b-0000-002b00000003/text'
10:03:05.778 [Forwarding getElementText on session 36bc8bff-081a-47b5-a88f-00c1840d3fb7 to remote] DEBUG org.asynchttpclient.netty.request.NettyRequestSender - Using open Channel [id: 0xac19b5dd, L:/127.0.0.1:62239 - R:/127.0.0.1:4723] for GET '/wd/hub/session/36bc8bff-081a-47b5-a88f-00c1840d3fb7/element/00000000-0000-057b-0000-002b00000003/text'
10:03:05.801 [AsyncHttpClient-1-2] DEBUG org.asynchttpclient.netty.handler.HttpHandler - 

Request DefaultFullHttpRequest(decodeResult: success, version: HTTP/1.1, content: EmptyByteBufBE)
GET /wd/hub/session/36bc8bff-081a-47b5-a88f-00c1840d3fb7/element/00000000-0000-057b-0000-002b00000003/text HTTP/1.1
User-Agent: appium/8.3.0 (selenium/4.8.1 (java windows))
Cache-Control: no-cache
Content-Type: application/json; charset=utf-8
host: 0.0.0.0:4723
accept: */*

Response DefaultHttpResponse(decodeResult: success, version: HTTP/1.1)
HTTP/1.1 200 OK
X-Powered-By: Express
Content-Type: application/json; charset=utf-8
Content-Length: 63
ETag: W/"3f-YBH8gCTZxqpOij15JFSYto9ndC8"
Date: Sat, 06 May 2023 03:03:05 GMT
Connection: keep-alive
Keep-Alive: timeout=600

10:03:05.802 [AsyncHttpClient-1-2] DEBUG org.asynchttpclient.netty.channel.ChannelManager - Adding key: http://0.0.0.0:4723 for channel [id: 0xac19b5dd, L:/127.0.0.1:62239 - R:/127.0.0.1:4723]
10:03:05.803 [main] DEBUG net.thucydides.core.steps.StepInterceptor - STEP DONE: getMessagePasswordEmpty
]]></system-out>
  </testcase>
</testsuite>