<?xml version="1.0" encoding="UTF-8"?>
<testsuite xmlns:xsi="http://www.w3.org/2001/XMLSchema-instance" xsi:noNamespaceSchemaLocation="https://maven.apache.org/surefire/maven-failsafe-plugin/xsd/failsafe-test-report-3.0.xsd" version="3.0" name="starter.CucumberTestSuite" time="272.024" tests="85" errors="9" skipped="13" failures="0">
  <properties>
    <property name="java.specification.version" value="19"/>
    <property name="sun.cpu.isalist" value="amd64"/>
    <property name="sun.jnu.encoding" value="Cp1252"/>
    <property name="java.class.path" value="C:\Users\HP\Downloads\Mini-Project-QA\ALTASHOP MOBILE AUTOMATION\target\test-classes;C:\Users\HP\.m2\repository\net\serenity-bdd\serenity-core\3.6.21\serenity-core-3.6.21.jar;C:\Users\HP\.m2\repository\net\serenity-bdd\serenity-model\3.6.21\serenity-model-3.6.21.jar;C:\Users\HP\.m2\repository\org\apache\commons\commons-text\1.10.0\commons-text-1.10.0.jar;C:\Users\HP\.m2\repository\commons-net\commons-net\3.9.0\commons-net-3.9.0.jar;C:\Users\HP\.m2\repository\com\google\inject\guice\5.1.0\guice-5.1.0.jar;C:\Users\HP\.m2\repository\javax\inject\javax.inject\1\javax.inject-1.jar;C:\Users\HP\.m2\repository\aopalliance\aopalliance\1.0\aopalliance-1.0.jar;C:\Users\HP\.m2\repository\org\jsoup\jsoup\1.14.3\jsoup-1.14.3.jar;C:\Users\HP\.m2\repository\com\thoughtworks\xstream\xstream\1.4.20\xstream-1.4.20.jar;C:\Users\HP\.m2\repository\io\github\x-stream\mxparser\1.2.2\mxparser-1.2.2.jar;C:\Users\HP\.m2\repository\xmlpull\xmlpull\1.1.3.1\xmlpull-1.1.3.1.jar;C:\Users\HP\.m2\repository\com\typesafe\config\1.4.2\config-1.4.2.jar;C:\Users\HP\.m2\repository\org\imgscalr\imgscalr-lib\4.2\imgscalr-lib-4.2.jar;C:\Users\HP\.m2\repository\org\awaitility\awaitility\4.2.0\awaitility-4.2.0.jar;C:\Users\HP\.m2\repository\org\freemarker\freemarker\2.3.31\freemarker-2.3.31.jar;C:\Users\HP\.m2\repository\io\github\classgraph\classgraph\4.8.138\classgraph-4.8.138.jar;C:\Users\HP\.m2\repository\net\sourceforge\jexcelapi\jxl\2.6.12\jxl-2.6.12.jar;C:\Users\HP\.m2\repository\net\bytebuddy\byte-buddy-agent\1.14.2\byte-buddy-agent-1.14.2.jar;C:\Users\HP\.m2\repository\org\objenesis\objenesis\3.3\objenesis-3.3.jar;C:\Users\HP\.m2\repository\net\serenity-bdd\serenity-reports\3.6.21\serenity-reports-3.6.21.jar;C:\Users\HP\.m2\repository\net\serenity-bdd\serenity-stats\3.6.21\serenity-stats-3.6.21.jar;C:\Users\HP\.m2\repository\net\serenity-bdd\serenity-reports-configuration\3.6.21\serenity-reports-configuration-3.6.21.jar;C:\Users\HP\.m2\repository\com\vladsch\flexmark\flexmark-all\0.62.2\flexmark-all-0.62.2.jar;C:\Users\HP\.m2\repository\com\vladsch\flexmark\flexmark\0.62.2\flexmark-0.62.2.jar;C:\Users\HP\.m2\repository\com\vladsch\flexmark\flexmark-ext-abbreviation\0.62.2\flexmark-ext-abbreviation-0.62.2.jar;C:\Users\HP\.m2\repository\com\vladsch\flexmark\flexmark-util\0.62.2\flexmark-util-0.62.2.jar;C:\Users\HP\.m2\repository\com\vladsch\flexmark\flexmark-ext-admonition\0.62.2\flexmark-ext-admonition-0.62.2.jar;C:\Users\HP\.m2\repository\com\vladsch\flexmark\flexmark-ext-anchorlink\0.62.2\flexmark-ext-anchorlink-0.62.2.jar;C:\Users\HP\.m2\repository\com\vladsch\flexmark\flexmark-ext-aside\0.62.2\flexmark-ext-aside-0.62.2.jar;C:\Users\HP\.m2\repository\com\vladsch\flexmark\flexmark-ext-attributes\0.62.2\flexmark-ext-attributes-0.62.2.jar;C:\Users\HP\.m2\repository\com\vladsch\flexmark\flexmark-ext-autolink\0.62.2\flexmark-ext-autolink-0.62.2.jar;C:\Users\HP\.m2\repository\org\nibor\autolink\autolink\0.6.0\autolink-0.6.0.jar;C:\Users\HP\.m2\repository\com\vladsch\flexmark\flexmark-ext-definition\0.62.2\flexmark-ext-definition-0.62.2.jar;C:\Users\HP\.m2\repository\com\vladsch\flexmark\flexmark-ext-emoji\0.62.2\flexmark-ext-emoji-0.62.2.jar;C:\Users\HP\.m2\repository\com\vladsch\flexmark\flexmark-ext-enumerated-reference\0.62.2\flexmark-ext-enumerated-reference-0.62.2.jar;C:\Users\HP\.m2\repository\com\vladsch\flexmark\flexmark-ext-escaped-character\0.62.2\flexmark-ext-escaped-character-0.62.2.jar;C:\Users\HP\.m2\repository\com\vladsch\flexmark\flexmark-ext-footnotes\0.62.2\flexmark-ext-footnotes-0.62.2.jar;C:\Users\HP\.m2\repository\com\vladsch\flexmark\flexmark-ext-gfm-issues\0.62.2\flexmark-ext-gfm-issues-0.62.2.jar;C:\Users\HP\.m2\repository\com\vladsch\flexmark\flexmark-ext-gfm-strikethrough\0.62.2\flexmark-ext-gfm-strikethrough-0.62.2.jar;C:\Users\HP\.m2\repository\com\vladsch\flexmark\flexmark-ext-gfm-tasklist\0.62.2\flexmark-ext-gfm-tasklist-0.62.2.jar;C:\Users\HP\.m2\repository\com\vladsch\flexmark\flexmark-ext-gfm-users\0.62.2\flexmark-ext-gfm-users-0.62.2.jar;C:\Users\HP\.m2\repository\com\vladsch\flexmark\flexmark-ext-gitlab\0.62.2\flexmark-ext-gitlab-0.62.2.jar;C:\Users\HP\.m2\repository\com\vladsch\flexmark\flexmark-ext-jekyll-front-matter\0.62.2\flexmark-ext-jekyll-front-matter-0.62.2.jar;C:\Users\HP\.m2\repository\com\vladsch\flexmark\flexmark-ext-jekyll-tag\0.62.2\flexmark-ext-jekyll-tag-0.62.2.jar;C:\Users\HP\.m2\repository\com\vladsch\flexmark\flexmark-ext-media-tags\0.62.2\flexmark-ext-media-tags-0.62.2.jar;C:\Users\HP\.m2\repository\com\vladsch\flexmark\flexmark-ext-macros\0.62.2\flexmark-ext-macros-0.62.2.jar;C:\Users\HP\.m2\repository\com\vladsch\flexmark\flexmark-ext-ins\0.62.2\flexmark-ext-ins-0.62.2.jar;C:\Users\HP\.m2\repository\com\vladsch\flexmark\flexmark-ext-xwiki-macros\0.62.2\flexmark-ext-xwiki-macros-0.62.2.jar;C:\Users\HP\.m2\repository\com\vladsch\flexmark\flexmark-ext-superscript\0.62.2\flexmark-ext-superscript-0.62.2.jar;C:\Users\HP\.m2\repository\com\vladsch\flexmark\flexmark-ext-tables\0.62.2\flexmark-ext-tables-0.62.2.jar;C:\Users\HP\.m2\repository\com\vladsch\flexmark\flexmark-ext-toc\0.62.2\flexmark-ext-toc-0.62.2.jar;C:\Users\HP\.m2\repository\com\vladsch\flexmark\flexmark-ext-typographic\0.62.2\flexmark-ext-typographic-0.62.2.jar;C:\Users\HP\.m2\repository\com\vladsch\flexmark\flexmark-ext-wikilink\0.62.2\flexmark-ext-wikilink-0.62.2.jar;C:\Users\HP\.m2\repository\com\vladsch\flexmark\flexmark-ext-yaml-front-matter\0.62.2\flexmark-ext-yaml-front-matter-0.62.2.jar;C:\Users\HP\.m2\repository\com\vladsch\flexmark\flexmark-ext-youtube-embedded\0.62.2\flexmark-ext-youtube-embedded-0.62.2.jar;C:\Users\HP\.m2\repository\com\vladsch\flexmark\flexmark-html2md-converter\0.62.2\flexmark-html2md-converter-0.62.2.jar;C:\Users\HP\.m2\repository\com\vladsch\flexmark\flexmark-jira-converter\0.62.2\flexmark-jira-converter-0.62.2.jar;C:\Users\HP\.m2\repository\com\vladsch\flexmark\flexmark-pdf-converter\0.62.2\flexmark-pdf-converter-0.62.2.jar;C:\Users\HP\.m2\repository\com\openhtmltopdf\openhtmltopdf-core\1.0.0\openhtmltopdf-core-1.0.0.jar;C:\Users\HP\.m2\repository\com\openhtmltopdf\openhtmltopdf-pdfbox\1.0.0\openhtmltopdf-pdfbox-1.0.0.jar;C:\Users\HP\.m2\repository\org\apache\pdfbox\pdfbox\2.0.16\pdfbox-2.0.16.jar;C:\Users\HP\.m2\repository\org\apache\pdfbox\fontbox\2.0.16\fontbox-2.0.16.jar;C:\Users\HP\.m2\repository\org\apache\pdfbox\xmpbox\2.0.16\xmpbox-2.0.16.jar;C:\Users\HP\.m2\repository\de\rototor\pdfbox\graphics2d\0.24\graphics2d-0.24.jar;C:\Users\HP\.m2\repository\com\openhtmltopdf\openhtmltopdf-rtl-support\1.0.0\openhtmltopdf-rtl-support-1.0.0.jar;C:\Users\HP\.m2\repository\com\openhtmltopdf\openhtmltopdf-jsoup-dom-converter\1.0.0\openhtmltopdf-jsoup-dom-converter-1.0.0.jar;C:\Users\HP\.m2\repository\com\vladsch\flexmark\flexmark-profile-pegdown\0.62.2\flexmark-profile-pegdown-0.62.2.jar;C:\Users\HP\.m2\repository\com\vladsch\flexmark\flexmark-util-ast\0.62.2\flexmark-util-ast-0.62.2.jar;C:\Users\HP\.m2\repository\com\vladsch\flexmark\flexmark-util-builder\0.62.2\flexmark-util-builder-0.62.2.jar;C:\Users\HP\.m2\repository\com\vladsch\flexmark\flexmark-util-collection\0.62.2\flexmark-util-collection-0.62.2.jar;C:\Users\HP\.m2\repository\com\vladsch\flexmark\flexmark-util-data\0.62.2\flexmark-util-data-0.62.2.jar;C:\Users\HP\.m2\repository\com\vladsch\flexmark\flexmark-util-dependency\0.62.2\flexmark-util-dependency-0.62.2.jar;C:\Users\HP\.m2\repository\com\vladsch\flexmark\flexmark-util-format\0.62.2\flexmark-util-format-0.62.2.jar;C:\Users\HP\.m2\repository\com\vladsch\flexmark\flexmark-util-html\0.62.2\flexmark-util-html-0.62.2.jar;C:\Users\HP\.m2\repository\com\vladsch\flexmark\flexmark-util-misc\0.62.2\flexmark-util-misc-0.62.2.jar;C:\Users\HP\.m2\repository\com\vladsch\flexmark\flexmark-util-options\0.62.2\flexmark-util-options-0.62.2.jar;C:\Users\HP\.m2\repository\com\vladsch\flexmark\flexmark-util-sequence\0.62.2\flexmark-util-sequence-0.62.2.jar;C:\Users\HP\.m2\repository\com\vladsch\flexmark\flexmark-util-visitor\0.62.2\flexmark-util-visitor-0.62.2.jar;C:\Users\HP\.m2\repository\com\vladsch\flexmark\flexmark-youtrack-converter\0.62.2\flexmark-youtrack-converter-0.62.2.jar;C:\Users\HP\.m2\repository\com\ibm\icu\icu4j\72.1\icu4j-72.1.jar;C:\Users\HP\.m2\repository\es\nitaur\markdown\txtmark\0.16\txtmark-0.16.jar;C:\Users\HP\.m2\repository\net\serenity-bdd\serenity-report-resources\3.6.21\serenity-report-resources-3.6.21.jar;C:\Users\HP\.m2\repository\com\google\code\gson\gson\2.10.1\gson-2.10.1.jar;C:\Users\HP\.m2\repository\com\fasterxml\jackson\core\jackson-core\2.15.0-rc1\jackson-core-2.15.0-rc1.jar;C:\Users\HP\.m2\repository\com\fasterxml\jackson\core\jackson-databind\2.15.0-rc1\jackson-databind-2.15.0-rc1.jar;C:\Users\HP\.m2\repository\com\fasterxml\jackson\core\jackson-annotations\2.15.0-rc1\jackson-annotations-2.15.0-rc1.jar;C:\Users\HP\.m2\repository\commons-codec\commons-codec\1.15\commons-codec-1.15.jar;C:\Users\HP\.m2\repository\commons-io\commons-io\2.11.0\commons-io-2.11.0.jar;C:\Users\HP\.m2\repository\org\apache\httpcomponents\httpclient\4.5.13\httpclient-4.5.13.jar;C:\Users\HP\.m2\repository\org\apache\httpcomponents\httpcore\4.4.13\httpcore-4.4.13.jar;C:\Users\HP\.m2\repository\commons-logging\commons-logging\1.2\commons-logging-1.2.jar;C:\Users\HP\.m2\repository\org\seleniumhq\selenium\selenium-java\4.8.1\selenium-java-4.8.1.jar;C:\Users\HP\.m2\repository\org\seleniumhq\selenium\selenium-devtools-v108\4.8.1\selenium-devtools-v108-4.8.1.jar;C:\Users\HP\.m2\repository\org\seleniumhq\selenium\selenium-devtools-v109\4.8.1\selenium-devtools-v109-4.8.1.jar;C:\Users\HP\.m2\repository\org\seleniumhq\selenium\selenium-devtools-v110\4.8.1\selenium-devtools-v110-4.8.1.jar;C:\Users\HP\.m2\repository\org\seleniumhq\selenium\selenium-devtools-v85\4.8.1\selenium-devtools-v85-4.8.1.jar;C:\Users\HP\.m2\repository\org\seleniumhq\selenium\selenium-safari-driver\4.8.1\selenium-safari-driver-4.8.1.jar;C:\Users\HP\.m2\repository\org\seleniumhq\selenium\selenium-api\4.8.1\selenium-api-4.8.1.jar;C:\Users\HP\.m2\repository\org\seleniumhq\selenium\selenium-chrome-driver\4.8.1\selenium-chrome-driver-4.8.1.jar;C:\Users\HP\.m2\repository\org\seleniumhq\selenium\selenium-chromium-driver\4.8.1\selenium-chromium-driver-4.8.1.jar;C:\Users\HP\.m2\repository\org\seleniumhq\selenium\selenium-firefox-driver\4.8.1\selenium-firefox-driver-4.8.1.jar;C:\Users\HP\.m2\repository\org\seleniumhq\selenium\selenium-http\4.8.1\selenium-http-4.8.1.jar;C:\Users\HP\.m2\repository\dev\failsafe\failsafe\3.3.0\failsafe-3.3.0.jar;C:\Users\HP\.m2\repository\org\seleniumhq\selenium\selenium-edge-driver\4.8.1\selenium-edge-driver-4.8.1.jar;C:\Users\HP\.m2\repository\org\seleniumhq\selenium\selenium-ie-driver\4.8.1\selenium-ie-driver-4.8.1.jar;C:\Users\HP\.m2\repository\org\projectlombok\lombok\1.18.20\lombok-1.18.20.jar;C:\Users\HP\.m2\repository\org\apache\groovy\groovy\4.0.10\groovy-4.0.10.jar;C:\Users\HP\.m2\repository\net\sf\opencsv\opencsv\2.0\opencsv-2.0.jar;C:\Users\HP\.m2\repository\commons-beanutils\commons-beanutils\1.9.4\commons-beanutils-1.9.4.jar;C:\Users\HP\.m2\repository\org\apache\commons\commons-lang3\3.12.0\commons-lang3-3.12.0.jar;C:\Users\HP\.m2\repository\commons-collections\commons-collections\3.2.2\commons-collections-3.2.2.jar;C:\Users\HP\.m2\repository\org\fluentlenium\fluentlenium-core\0.10.2\fluentlenium-core-0.10.2.jar;C:\Users\HP\.m2\repository\io\github\bonigarcia\webdrivermanager\5.3.0\webdrivermanager-5.3.0.jar;C:\Users\HP\.m2\repository\com\github\docker-java\docker-java\3.2.13\docker-java-3.2.13.jar;C:\Users\HP\.m2\repository\com\github\docker-java\docker-java-core\3.2.13\docker-java-core-3.2.13.jar;C:\Users\HP\.m2\repository\com\github\docker-java\docker-java-api\3.2.13\docker-java-api-3.2.13.jar;C:\Users\HP\.m2\repository\org\apache\commons\commons-compress\1.21\commons-compress-1.21.jar;C:\Users\HP\.m2\repository\org\bouncycastle\bcpkix-jdk15on\1.64\bcpkix-jdk15on-1.64.jar;C:\Users\HP\.m2\repository\org\bouncycastle\bcprov-jdk15on\1.64\bcprov-jdk15on-1.64.jar;C:\Users\HP\.m2\repository\org\slf4j\jcl-over-slf4j\1.7.30\jcl-over-slf4j-1.7.30.jar;C:\Users\HP\.m2\repository\com\github\docker-java\docker-java-transport-httpclient5\3.2.13\docker-java-transport-httpclient5-3.2.13.jar;C:\Users\HP\.m2\repository\com\github\docker-java\docker-java-transport\3.2.13\docker-java-transport-3.2.13.jar;C:\Users\HP\.m2\repository\net\java\dev\jna\jna\5.8.0\jna-5.8.0.jar;C:\Users\HP\.m2\repository\org\brotli\dec\0.1.2\dec-0.1.2.jar;C:\Users\HP\.m2\repository\org\apache\httpcomponents\client5\httpclient5\5.1.3\httpclient5-5.1.3.jar;C:\Users\HP\.m2\repository\org\apache\httpcomponents\core5\httpcore5\5.1.3\httpcore5-5.1.3.jar;C:\Users\HP\.m2\repository\org\apache\httpcomponents\core5\httpcore5-h2\5.1.3\httpcore5-h2-5.1.3.jar;C:\Users\HP\.m2\repository\com\jhlabs\filters\2.0.235\filters-2.0.235.jar;C:\Users\HP\.m2\repository\com\paulhammant\ngwebdriver\1.1.6\ngwebdriver-1.1.6.jar;C:\Users\HP\.m2\repository\joda-time\joda-time\2.12.2\joda-time-2.12.2.jar;C:\Users\HP\.m2\repository\org\hamcrest\hamcrest\2.2\hamcrest-2.2.jar;C:\Users\HP\.m2\repository\com\google\jimfs\jimfs\1.2\jimfs-1.2.jar;C:\Users\HP\.m2\repository\org\mockito\mockito-core\3.3.3\mockito-core-3.3.3.jar;C:\Users\HP\.m2\repository\javax\xml\bind\jaxb-api\2.3.1\jaxb-api-2.3.1.jar;C:\Users\HP\.m2\repository\javax\activation\javax.activation-api\1.2.0\javax.activation-api-1.2.0.jar;C:\Users\HP\.m2\repository\com\sun\xml\bind\jaxb-core\2.3.0.1\jaxb-core-2.3.0.1.jar;C:\Users\HP\.m2\repository\com\sun\xml\bind\jaxb-impl\2.3.3\jaxb-impl-2.3.3.jar;C:\Users\HP\.m2\repository\jakarta\xml\bind\jakarta.xml.bind-api\2.3.3\jakarta.xml.bind-api-2.3.3.jar;C:\Users\HP\.m2\repository\com\sun\activation\jakarta.activation\1.2.2\jakarta.activation-1.2.2.jar;C:\Users\HP\.m2\repository\javax\activation\activation\1.1.1\activation-1.1.1.jar;C:\Users\HP\.m2\repository\net\serenity-bdd\serenity-cucumber\3.6.21\serenity-cucumber-3.6.21.jar;C:\Users\HP\.m2\repository\io\cucumber\cucumber-core\7.11.0\cucumber-core-7.11.0.jar;C:\Users\HP\.m2\repository\io\cucumber\cucumber-gherkin\7.11.0\cucumber-gherkin-7.11.0.jar;C:\Users\HP\.m2\repository\io\cucumber\cucumber-gherkin-messages\7.11.0\cucumber-gherkin-messages-7.11.0.jar;C:\Users\HP\.m2\repository\io\cucumber\gherkin\26.0.3\gherkin-26.0.3.jar;C:\Users\HP\.m2\repository\io\cucumber\messages\21.0.1\messages-21.0.1.jar;C:\Users\HP\.m2\repository\io\cucumber\tag-expressions\5.0.1\tag-expressions-5.0.1.jar;C:\Users\HP\.m2\repository\io\cucumber\cucumber-expressions\16.1.1\cucumber-expressions-16.1.1.jar;C:\Users\HP\.m2\repository\io\cucumber\datatable\7.11.0\datatable-7.11.0.jar;C:\Users\HP\.m2\repository\io\cucumber\cucumber-plugin\7.11.0\cucumber-plugin-7.11.0.jar;C:\Users\HP\.m2\repository\io\cucumber\docstring\7.11.0\docstring-7.11.0.jar;C:\Users\HP\.m2\repository\io\cucumber\html-formatter\20.2.1\html-formatter-20.2.1.jar;C:\Users\HP\.m2\repository\io\cucumber\junit-xml-formatter\0.1.0\junit-xml-formatter-0.1.0.jar;C:\Users\HP\.m2\repository\io\cucumber\ci-environment\9.1.0\ci-environment-9.1.0.jar;C:\Users\HP\.m2\repository\io\cucumber\cucumber-java\7.11.0\cucumber-java-7.11.0.jar;C:\Users\HP\.m2\repository\io\cucumber\cucumber-junit\7.11.0\cucumber-junit-7.11.0.jar;C:\Users\HP\.m2\repository\org\apache\commons\commons-csv\1.5\commons-csv-1.5.jar;C:\Users\HP\.m2\repository\net\serenity-bdd\serenity-screenplay\3.6.21\serenity-screenplay-3.6.21.jar;C:\Users\HP\.m2\repository\net\serenity-bdd\serenity-screenplay-webdriver\3.6.21\serenity-screenplay-webdriver-3.6.21.jar;C:\Users\HP\.m2\repository\net\serenity-bdd\serenity-ensure\3.6.21\serenity-ensure-3.6.21.jar;C:\Users\HP\.m2\repository\net\serenity-bdd\serenity-junit\3.6.21\serenity-junit-3.6.21.jar;C:\Users\HP\.m2\repository\org\jetbrains\kotlin\kotlin-stdlib\1.8.10\kotlin-stdlib-1.8.10.jar;C:\Users\HP\.m2\repository\org\jetbrains\kotlin\kotlin-stdlib-common\1.8.10\kotlin-stdlib-common-1.8.10.jar;C:\Users\HP\.m2\repository\org\jetbrains\annotations\13.0\annotations-13.0.jar;C:\Users\HP\.m2\repository\org\junit\platform\junit-platform-launcher\1.8.2\junit-platform-launcher-1.8.2.jar;C:\Users\HP\.m2\repository\org\junit\platform\junit-platform-engine\1.8.2\junit-platform-engine-1.8.2.jar;C:\Users\HP\.m2\repository\org\opentest4j\opentest4j\1.2.0\opentest4j-1.2.0.jar;C:\Users\HP\.m2\repository\org\junit\platform\junit-platform-commons\1.8.2\junit-platform-commons-1.8.2.jar;C:\Users\HP\.m2\repository\org\apiguardian\apiguardian-api\1.1.2\apiguardian-api-1.1.2.jar;C:\Users\HP\.m2\repository\org\junit\jupiter\junit-jupiter-engine\5.8.2\junit-jupiter-engine-5.8.2.jar;C:\Users\HP\.m2\repository\org\junit\jupiter\junit-jupiter-api\5.8.2\junit-jupiter-api-5.8.2.jar;C:\Users\HP\.m2\repository\org\junit\vintage\junit-vintage-engine\5.8.2\junit-vintage-engine-5.8.2.jar;C:\Users\HP\.m2\repository\junit\junit\4.13.2\junit-4.13.2.jar;C:\Users\HP\.m2\repository\org\hamcrest\hamcrest-core\1.3\hamcrest-core-1.3.jar;C:\Users\HP\.m2\repository\ch\qos\logback\logback-classic\1.2.10\logback-classic-1.2.10.jar;C:\Users\HP\.m2\repository\ch\qos\logback\logback-core\1.2.10\logback-core-1.2.10.jar;C:\Users\HP\.m2\repository\org\slf4j\slf4j-api\1.7.32\slf4j-api-1.7.32.jar;C:\Users\HP\.m2\repository\org\assertj\assertj-core\3.23.1\assertj-core-3.23.1.jar;C:\Users\HP\.m2\repository\net\bytebuddy\byte-buddy\1.12.10\byte-buddy-1.12.10.jar;C:\Users\HP\.m2\repository\org\slf4j\slf4j-simple\1.7.7\slf4j-simple-1.7.7.jar;C:\Users\HP\.m2\repository\io\appium\java-client\8.3.0\java-client-8.3.0.jar;C:\Users\HP\.m2\repository\org\seleniumhq\selenium\selenium-remote-driver\4.9.1\selenium-remote-driver-4.9.1.jar;C:\Users\HP\.m2\repository\com\beust\jcommander\1.82\jcommander-1.82.jar;C:\Users\HP\.m2\repository\io\netty\netty-buffer\4.1.91.Final\netty-buffer-4.1.91.Final.jar;C:\Users\HP\.m2\repository\io\netty\netty-codec-http\4.1.91.Final\netty-codec-http-4.1.91.Final.jar;C:\Users\HP\.m2\repository\io\netty\netty-codec\4.1.91.Final\netty-codec-4.1.91.Final.jar;C:\Users\HP\.m2\repository\io\netty\netty-handler\4.1.91.Final\netty-handler-4.1.91.Final.jar;C:\Users\HP\.m2\repository\io\netty\netty-common\4.1.91.Final\netty-common-4.1.91.Final.jar;C:\Users\HP\.m2\repository\io\netty\netty-transport-classes-epoll\4.1.91.Final\netty-transport-classes-epoll-4.1.91.Final.jar;C:\Users\HP\.m2\repository\io\netty\netty-transport-classes-kqueue\4.1.91.Final\netty-transport-classes-kqueue-4.1.91.Final.jar;C:\Users\HP\.m2\repository\io\netty\netty-transport-native-epoll\4.1.91.Final\netty-transport-native-epoll-4.1.91.Final.jar;C:\Users\HP\.m2\repository\io\netty\netty-transport-native-kqueue\4.1.91.Final\netty-transport-native-kqueue-4.1.91.Final.jar;C:\Users\HP\.m2\repository\io\netty\netty-transport-native-unix-common\4.1.91.Final\netty-transport-native-unix-common-4.1.91.Final.jar;C:\Users\HP\.m2\repository\io\netty\netty-transport\4.1.91.Final\netty-transport-4.1.91.Final.jar;C:\Users\HP\.m2\repository\io\netty\netty-resolver\4.1.91.Final\netty-resolver-4.1.91.Final.jar;C:\Users\HP\.m2\repository\io\opentelemetry\opentelemetry-api\1.25.0\opentelemetry-api-1.25.0.jar;C:\Users\HP\.m2\repository\io\opentelemetry\opentelemetry-context\1.25.0\opentelemetry-context-1.25.0.jar;C:\Users\HP\.m2\repository\io\opentelemetry\opentelemetry-exporter-logging\1.25.0\opentelemetry-exporter-logging-1.25.0.jar;C:\Users\HP\.m2\repository\io\opentelemetry\opentelemetry-sdk-metrics\1.25.0\opentelemetry-sdk-metrics-1.25.0.jar;C:\Users\HP\.m2\repository\io\opentelemetry\opentelemetry-sdk-logs\1.25.0-alpha\opentelemetry-sdk-logs-1.25.0-alpha.jar;C:\Users\HP\.m2\repository\io\opentelemetry\opentelemetry-api-logs\1.25.0-alpha\opentelemetry-api-logs-1.25.0-alpha.jar;C:\Users\HP\.m2\repository\io\opentelemetry\opentelemetry-api-events\1.25.0-alpha\opentelemetry-api-events-1.25.0-alpha.jar;C:\Users\HP\.m2\repository\io\opentelemetry\opentelemetry-sdk-common\1.25.0\opentelemetry-sdk-common-1.25.0.jar;C:\Users\HP\.m2\repository\io\opentelemetry\opentelemetry-sdk-extension-autoconfigure-spi\1.25.0\opentelemetry-sdk-extension-autoconfigure-spi-1.25.0.jar;C:\Users\HP\.m2\repository\io\opentelemetry\opentelemetry-sdk-extension-autoconfigure\1.25.0-alpha\opentelemetry-sdk-extension-autoconfigure-1.25.0-alpha.jar;C:\Users\HP\.m2\repository\io\opentelemetry\opentelemetry-sdk-trace\1.25.0\opentelemetry-sdk-trace-1.25.0.jar;C:\Users\HP\.m2\repository\io\opentelemetry\opentelemetry-sdk\1.25.0\opentelemetry-sdk-1.25.0.jar;C:\Users\HP\.m2\repository\io\opentelemetry\opentelemetry-semconv\1.25.0-alpha\opentelemetry-semconv-1.25.0-alpha.jar;C:\Users\HP\.m2\repository\io\ous\jtoml\2.0.0\jtoml-2.0.0.jar;C:\Users\HP\.m2\repository\org\apache\commons\commons-exec\1.3\commons-exec-1.3.jar;C:\Users\HP\.m2\repository\org\asynchttpclient\async-http-client\2.12.3\async-http-client-2.12.3.jar;C:\Users\HP\.m2\repository\org\asynchttpclient\async-http-client-netty-utils\2.12.3\async-http-client-netty-utils-2.12.3.jar;C:\Users\HP\.m2\repository\io\netty\netty-codec-socks\4.1.60.Final\netty-codec-socks-4.1.60.Final.jar;C:\Users\HP\.m2\repository\io\netty\netty-handler-proxy\4.1.60.Final\netty-handler-proxy-4.1.60.Final.jar;C:\Users\HP\.m2\repository\io\netty\netty-transport-native-epoll\4.1.60.Final\netty-transport-native-epoll-4.1.60.Final-linux-x86_64.jar;C:\Users\HP\.m2\repository\io\netty\netty-transport-native-kqueue\4.1.60.Final\netty-transport-native-kqueue-4.1.60.Final-osx-x86_64.jar;C:\Users\HP\.m2\repository\org\reactivestreams\reactive-streams\1.0.3\reactive-streams-1.0.3.jar;C:\Users\HP\.m2\repository\com\typesafe\netty\netty-reactive-streams\2.0.4\netty-reactive-streams-2.0.4.jar;C:\Users\HP\.m2\repository\org\seleniumhq\selenium\selenium-manager\4.9.1\selenium-manager-4.9.1.jar;C:\Users\HP\.m2\repository\cglib\cglib\3.3.0\cglib-3.3.0.jar;C:\Users\HP\.m2\repository\org\ow2\asm\asm\7.1\asm-7.1.jar;C:\Users\HP\.m2\repository\commons-validator\commons-validator\1.7\commons-validator-1.7.jar;C:\Users\HP\.m2\repository\commons-digester\commons-digester\2.1\commons-digester-2.1.jar;C:\Users\HP\.m2\repository\org\yaml\snakeyaml\1.29\snakeyaml-1.29.jar;C:\Users\HP\.m2\repository\com\github\javafaker\javafaker\1.0.2\javafaker-1.0.2.jar;C:\Users\HP\.m2\repository\org\yaml\snakeyaml\1.23\snakeyaml-1.23-android.jar;C:\Users\HP\.m2\repository\com\github\mifmif\generex\1.0.2\generex-1.0.2.jar;C:\Users\HP\.m2\repository\dk\brics\automaton\automaton\1.11-8\automaton-1.11-8.jar;C:\Users\HP\.m2\repository\info\cukes\cucumber-java\1.0.1\cucumber-java-1.0.1.jar;C:\Users\HP\.m2\repository\info\cukes\cucumber-core\1.0.1\cucumber-core-1.0.1.jar;C:\Users\HP\.m2\repository\info\cukes\gherkin\2.9.3\gherkin-2.9.3.jar;C:\Users\HP\.m2\repository\info\cukes\cucumber-html\0.2.1\cucumber-html-0.2.1.jar;C:\Users\HP\.m2\repository\org\seleniumhq\selenium\selenium-support\4.8.1\selenium-support-4.8.1.jar;C:\Users\HP\.m2\repository\com\google\auto\service\auto-service-annotations\1.0.1\auto-service-annotations-1.0.1.jar;C:\Users\HP\.m2\repository\com\google\auto\service\auto-service\1.0.1\auto-service-1.0.1.jar;C:\Users\HP\.m2\repository\com\google\auto\auto-common\1.2\auto-common-1.2.jar;C:\Users\HP\.m2\repository\com\google\guava\guava\31.1-jre\guava-31.1-jre.jar;C:\Users\HP\.m2\repository\com\google\guava\failureaccess\1.0.1\failureaccess-1.0.1.jar;C:\Users\HP\.m2\repository\com\google\guava\listenablefuture\9999.0-empty-to-avoid-conflict-with-guava\listenablefuture-9999.0-empty-to-avoid-conflict-with-guava.jar;C:\Users\HP\.m2\repository\com\google\code\findbugs\jsr305\3.0.2\jsr305-3.0.2.jar;C:\Users\HP\.m2\repository\org\checkerframework\checker-qual\3.12.0\checker-qual-3.12.0.jar;C:\Users\HP\.m2\repository\com\google\errorprone\error_prone_annotations\2.11.0\error_prone_annotations-2.11.0.jar;C:\Users\HP\.m2\repository\com\google\j2objc\j2objc-annotations\1.3\j2objc-annotations-1.3.jar;C:\Users\HP\.m2\repository\org\seleniumhq\selenium\selenium-json\4.8.1\selenium-json-4.8.1.jar;"/>
    <property name="java.vm.vendor" value="Oracle Corporation"/>
    <property name="sun.arch.data.model" value="64"/>
    <property name="user.variant" value=""/>
    <property name="java.vendor.url" value="https://java.oracle.com/"/>
    <property name="user.timezone" value="Asia/Jakarta"/>
    <property name="os.name" value="Windows 11"/>
    <property name="java.vm.specification.version" value="19"/>
    <property name="sun.java.launcher" value="SUN_STANDARD"/>
    <property name="user.country" value="ID"/>
    <property name="sun.boot.library.path" value="C:\Program Files\Java\jdk-19\bin"/>
    <property name="sun.java.command" value="org.apache.maven.surefire.booter.ForkedBooter C:\Users\HP\AppData\Local\Temp\surefire3185695815671050050 2023-05-09T22-17-09_117-jvmRun1 surefire5323963187535630344tmp surefire_015264291499526983303tmp"/>
    <property name="jdk.debug" value="release"/>
    <property name="surefire.test.class.path" value="C:\Users\HP\Downloads\Mini-Project-QA\ALTASHOP MOBILE AUTOMATION\target\test-classes;C:\Users\HP\.m2\repository\net\serenity-bdd\serenity-core\3.6.21\serenity-core-3.6.21.jar;C:\Users\HP\.m2\repository\net\serenity-bdd\serenity-model\3.6.21\serenity-model-3.6.21.jar;C:\Users\HP\.m2\repository\org\apache\commons\commons-text\1.10.0\commons-text-1.10.0.jar;C:\Users\HP\.m2\repository\commons-net\commons-net\3.9.0\commons-net-3.9.0.jar;C:\Users\HP\.m2\repository\com\google\inject\guice\5.1.0\guice-5.1.0.jar;C:\Users\HP\.m2\repository\javax\inject\javax.inject\1\javax.inject-1.jar;C:\Users\HP\.m2\repository\aopalliance\aopalliance\1.0\aopalliance-1.0.jar;C:\Users\HP\.m2\repository\org\jsoup\jsoup\1.14.3\jsoup-1.14.3.jar;C:\Users\HP\.m2\repository\com\thoughtworks\xstream\xstream\1.4.20\xstream-1.4.20.jar;C:\Users\HP\.m2\repository\io\github\x-stream\mxparser\1.2.2\mxparser-1.2.2.jar;C:\Users\HP\.m2\repository\xmlpull\xmlpull\1.1.3.1\xmlpull-1.1.3.1.jar;C:\Users\HP\.m2\repository\com\typesafe\config\1.4.2\config-1.4.2.jar;C:\Users\HP\.m2\repository\org\imgscalr\imgscalr-lib\4.2\imgscalr-lib-4.2.jar;C:\Users\HP\.m2\repository\org\awaitility\awaitility\4.2.0\awaitility-4.2.0.jar;C:\Users\HP\.m2\repository\org\freemarker\freemarker\2.3.31\freemarker-2.3.31.jar;C:\Users\HP\.m2\repository\io\github\classgraph\classgraph\4.8.138\classgraph-4.8.138.jar;C:\Users\HP\.m2\repository\net\sourceforge\jexcelapi\jxl\2.6.12\jxl-2.6.12.jar;C:\Users\HP\.m2\repository\net\bytebuddy\byte-buddy-agent\1.14.2\byte-buddy-agent-1.14.2.jar;C:\Users\HP\.m2\repository\org\objenesis\objenesis\3.3\objenesis-3.3.jar;C:\Users\HP\.m2\repository\net\serenity-bdd\serenity-reports\3.6.21\serenity-reports-3.6.21.jar;C:\Users\HP\.m2\repository\net\serenity-bdd\serenity-stats\3.6.21\serenity-stats-3.6.21.jar;C:\Users\HP\.m2\repository\net\serenity-bdd\serenity-reports-configuration\3.6.21\serenity-reports-configuration-3.6.21.jar;C:\Users\HP\.m2\repository\com\vladsch\flexmark\flexmark-all\0.62.2\flexmark-all-0.62.2.jar;C:\Users\HP\.m2\repository\com\vladsch\flexmark\flexmark\0.62.2\flexmark-0.62.2.jar;C:\Users\HP\.m2\repository\com\vladsch\flexmark\flexmark-ext-abbreviation\0.62.2\flexmark-ext-abbreviation-0.62.2.jar;C:\Users\HP\.m2\repository\com\vladsch\flexmark\flexmark-util\0.62.2\flexmark-util-0.62.2.jar;C:\Users\HP\.m2\repository\com\vladsch\flexmark\flexmark-ext-admonition\0.62.2\flexmark-ext-admonition-0.62.2.jar;C:\Users\HP\.m2\repository\com\vladsch\flexmark\flexmark-ext-anchorlink\0.62.2\flexmark-ext-anchorlink-0.62.2.jar;C:\Users\HP\.m2\repository\com\vladsch\flexmark\flexmark-ext-aside\0.62.2\flexmark-ext-aside-0.62.2.jar;C:\Users\HP\.m2\repository\com\vladsch\flexmark\flexmark-ext-attributes\0.62.2\flexmark-ext-attributes-0.62.2.jar;C:\Users\HP\.m2\repository\com\vladsch\flexmark\flexmark-ext-autolink\0.62.2\flexmark-ext-autolink-0.62.2.jar;C:\Users\HP\.m2\repository\org\nibor\autolink\autolink\0.6.0\autolink-0.6.0.jar;C:\Users\HP\.m2\repository\com\vladsch\flexmark\flexmark-ext-definition\0.62.2\flexmark-ext-definition-0.62.2.jar;C:\Users\HP\.m2\repository\com\vladsch\flexmark\flexmark-ext-emoji\0.62.2\flexmark-ext-emoji-0.62.2.jar;C:\Users\HP\.m2\repository\com\vladsch\flexmark\flexmark-ext-enumerated-reference\0.62.2\flexmark-ext-enumerated-reference-0.62.2.jar;C:\Users\HP\.m2\repository\com\vladsch\flexmark\flexmark-ext-escaped-character\0.62.2\flexmark-ext-escaped-character-0.62.2.jar;C:\Users\HP\.m2\repository\com\vladsch\flexmark\flexmark-ext-footnotes\0.62.2\flexmark-ext-footnotes-0.62.2.jar;C:\Users\HP\.m2\repository\com\vladsch\flexmark\flexmark-ext-gfm-issues\0.62.2\flexmark-ext-gfm-issues-0.62.2.jar;C:\Users\HP\.m2\repository\com\vladsch\flexmark\flexmark-ext-gfm-strikethrough\0.62.2\flexmark-ext-gfm-strikethrough-0.62.2.jar;C:\Users\HP\.m2\repository\com\vladsch\flexmark\flexmark-ext-gfm-tasklist\0.62.2\flexmark-ext-gfm-tasklist-0.62.2.jar;C:\Users\HP\.m2\repository\com\vladsch\flexmark\flexmark-ext-gfm-users\0.62.2\flexmark-ext-gfm-users-0.62.2.jar;C:\Users\HP\.m2\repository\com\vladsch\flexmark\flexmark-ext-gitlab\0.62.2\flexmark-ext-gitlab-0.62.2.jar;C:\Users\HP\.m2\repository\com\vladsch\flexmark\flexmark-ext-jekyll-front-matter\0.62.2\flexmark-ext-jekyll-front-matter-0.62.2.jar;C:\Users\HP\.m2\repository\com\vladsch\flexmark\flexmark-ext-jekyll-tag\0.62.2\flexmark-ext-jekyll-tag-0.62.2.jar;C:\Users\HP\.m2\repository\com\vladsch\flexmark\flexmark-ext-media-tags\0.62.2\flexmark-ext-media-tags-0.62.2.jar;C:\Users\HP\.m2\repository\com\vladsch\flexmark\flexmark-ext-macros\0.62.2\flexmark-ext-macros-0.62.2.jar;C:\Users\HP\.m2\repository\com\vladsch\flexmark\flexmark-ext-ins\0.62.2\flexmark-ext-ins-0.62.2.jar;C:\Users\HP\.m2\repository\com\vladsch\flexmark\flexmark-ext-xwiki-macros\0.62.2\flexmark-ext-xwiki-macros-0.62.2.jar;C:\Users\HP\.m2\repository\com\vladsch\flexmark\flexmark-ext-superscript\0.62.2\flexmark-ext-superscript-0.62.2.jar;C:\Users\HP\.m2\repository\com\vladsch\flexmark\flexmark-ext-tables\0.62.2\flexmark-ext-tables-0.62.2.jar;C:\Users\HP\.m2\repository\com\vladsch\flexmark\flexmark-ext-toc\0.62.2\flexmark-ext-toc-0.62.2.jar;C:\Users\HP\.m2\repository\com\vladsch\flexmark\flexmark-ext-typographic\0.62.2\flexmark-ext-typographic-0.62.2.jar;C:\Users\HP\.m2\repository\com\vladsch\flexmark\flexmark-ext-wikilink\0.62.2\flexmark-ext-wikilink-0.62.2.jar;C:\Users\HP\.m2\repository\com\vladsch\flexmark\flexmark-ext-yaml-front-matter\0.62.2\flexmark-ext-yaml-front-matter-0.62.2.jar;C:\Users\HP\.m2\repository\com\vladsch\flexmark\flexmark-ext-youtube-embedded\0.62.2\flexmark-ext-youtube-embedded-0.62.2.jar;C:\Users\HP\.m2\repository\com\vladsch\flexmark\flexmark-html2md-converter\0.62.2\flexmark-html2md-converter-0.62.2.jar;C:\Users\HP\.m2\repository\com\vladsch\flexmark\flexmark-jira-converter\0.62.2\flexmark-jira-converter-0.62.2.jar;C:\Users\HP\.m2\repository\com\vladsch\flexmark\flexmark-pdf-converter\0.62.2\flexmark-pdf-converter-0.62.2.jar;C:\Users\HP\.m2\repository\com\openhtmltopdf\openhtmltopdf-core\1.0.0\openhtmltopdf-core-1.0.0.jar;C:\Users\HP\.m2\repository\com\openhtmltopdf\openhtmltopdf-pdfbox\1.0.0\openhtmltopdf-pdfbox-1.0.0.jar;C:\Users\HP\.m2\repository\org\apache\pdfbox\pdfbox\2.0.16\pdfbox-2.0.16.jar;C:\Users\HP\.m2\repository\org\apache\pdfbox\fontbox\2.0.16\fontbox-2.0.16.jar;C:\Users\HP\.m2\repository\org\apache\pdfbox\xmpbox\2.0.16\xmpbox-2.0.16.jar;C:\Users\HP\.m2\repository\de\rototor\pdfbox\graphics2d\0.24\graphics2d-0.24.jar;C:\Users\HP\.m2\repository\com\openhtmltopdf\openhtmltopdf-rtl-support\1.0.0\openhtmltopdf-rtl-support-1.0.0.jar;C:\Users\HP\.m2\repository\com\openhtmltopdf\openhtmltopdf-jsoup-dom-converter\1.0.0\openhtmltopdf-jsoup-dom-converter-1.0.0.jar;C:\Users\HP\.m2\repository\com\vladsch\flexmark\flexmark-profile-pegdown\0.62.2\flexmark-profile-pegdown-0.62.2.jar;C:\Users\HP\.m2\repository\com\vladsch\flexmark\flexmark-util-ast\0.62.2\flexmark-util-ast-0.62.2.jar;C:\Users\HP\.m2\repository\com\vladsch\flexmark\flexmark-util-builder\0.62.2\flexmark-util-builder-0.62.2.jar;C:\Users\HP\.m2\repository\com\vladsch\flexmark\flexmark-util-collection\0.62.2\flexmark-util-collection-0.62.2.jar;C:\Users\HP\.m2\repository\com\vladsch\flexmark\flexmark-util-data\0.62.2\flexmark-util-data-0.62.2.jar;C:\Users\HP\.m2\repository\com\vladsch\flexmark\flexmark-util-dependency\0.62.2\flexmark-util-dependency-0.62.2.jar;C:\Users\HP\.m2\repository\com\vladsch\flexmark\flexmark-util-format\0.62.2\flexmark-util-format-0.62.2.jar;C:\Users\HP\.m2\repository\com\vladsch\flexmark\flexmark-util-html\0.62.2\flexmark-util-html-0.62.2.jar;C:\Users\HP\.m2\repository\com\vladsch\flexmark\flexmark-util-misc\0.62.2\flexmark-util-misc-0.62.2.jar;C:\Users\HP\.m2\repository\com\vladsch\flexmark\flexmark-util-options\0.62.2\flexmark-util-options-0.62.2.jar;C:\Users\HP\.m2\repository\com\vladsch\flexmark\flexmark-util-sequence\0.62.2\flexmark-util-sequence-0.62.2.jar;C:\Users\HP\.m2\repository\com\vladsch\flexmark\flexmark-util-visitor\0.62.2\flexmark-util-visitor-0.62.2.jar;C:\Users\HP\.m2\repository\com\vladsch\flexmark\flexmark-youtrack-converter\0.62.2\flexmark-youtrack-converter-0.62.2.jar;C:\Users\HP\.m2\repository\com\ibm\icu\icu4j\72.1\icu4j-72.1.jar;C:\Users\HP\.m2\repository\es\nitaur\markdown\txtmark\0.16\txtmark-0.16.jar;C:\Users\HP\.m2\repository\net\serenity-bdd\serenity-report-resources\3.6.21\serenity-report-resources-3.6.21.jar;C:\Users\HP\.m2\repository\com\google\code\gson\gson\2.10.1\gson-2.10.1.jar;C:\Users\HP\.m2\repository\com\fasterxml\jackson\core\jackson-core\2.15.0-rc1\jackson-core-2.15.0-rc1.jar;C:\Users\HP\.m2\repository\com\fasterxml\jackson\core\jackson-databind\2.15.0-rc1\jackson-databind-2.15.0-rc1.jar;C:\Users\HP\.m2\repository\com\fasterxml\jackson\core\jackson-annotations\2.15.0-rc1\jackson-annotations-2.15.0-rc1.jar;C:\Users\HP\.m2\repository\commons-codec\commons-codec\1.15\commons-codec-1.15.jar;C:\Users\HP\.m2\repository\commons-io\commons-io\2.11.0\commons-io-2.11.0.jar;C:\Users\HP\.m2\repository\org\apache\httpcomponents\httpclient\4.5.13\httpclient-4.5.13.jar;C:\Users\HP\.m2\repository\org\apache\httpcomponents\httpcore\4.4.13\httpcore-4.4.13.jar;C:\Users\HP\.m2\repository\commons-logging\commons-logging\1.2\commons-logging-1.2.jar;C:\Users\HP\.m2\repository\org\seleniumhq\selenium\selenium-java\4.8.1\selenium-java-4.8.1.jar;C:\Users\HP\.m2\repository\org\seleniumhq\selenium\selenium-devtools-v108\4.8.1\selenium-devtools-v108-4.8.1.jar;C:\Users\HP\.m2\repository\org\seleniumhq\selenium\selenium-devtools-v109\4.8.1\selenium-devtools-v109-4.8.1.jar;C:\Users\HP\.m2\repository\org\seleniumhq\selenium\selenium-devtools-v110\4.8.1\selenium-devtools-v110-4.8.1.jar;C:\Users\HP\.m2\repository\org\seleniumhq\selenium\selenium-devtools-v85\4.8.1\selenium-devtools-v85-4.8.1.jar;C:\Users\HP\.m2\repository\org\seleniumhq\selenium\selenium-safari-driver\4.8.1\selenium-safari-driver-4.8.1.jar;C:\Users\HP\.m2\repository\org\seleniumhq\selenium\selenium-api\4.8.1\selenium-api-4.8.1.jar;C:\Users\HP\.m2\repository\org\seleniumhq\selenium\selenium-chrome-driver\4.8.1\selenium-chrome-driver-4.8.1.jar;C:\Users\HP\.m2\repository\org\seleniumhq\selenium\selenium-chromium-driver\4.8.1\selenium-chromium-driver-4.8.1.jar;C:\Users\HP\.m2\repository\org\seleniumhq\selenium\selenium-firefox-driver\4.8.1\selenium-firefox-driver-4.8.1.jar;C:\Users\HP\.m2\repository\org\seleniumhq\selenium\selenium-http\4.8.1\selenium-http-4.8.1.jar;C:\Users\HP\.m2\repository\dev\failsafe\failsafe\3.3.0\failsafe-3.3.0.jar;C:\Users\HP\.m2\repository\org\seleniumhq\selenium\selenium-edge-driver\4.8.1\selenium-edge-driver-4.8.1.jar;C:\Users\HP\.m2\repository\org\seleniumhq\selenium\selenium-ie-driver\4.8.1\selenium-ie-driver-4.8.1.jar;C:\Users\HP\.m2\repository\org\projectlombok\lombok\1.18.20\lombok-1.18.20.jar;C:\Users\HP\.m2\repository\org\apache\groovy\groovy\4.0.10\groovy-4.0.10.jar;C:\Users\HP\.m2\repository\net\sf\opencsv\opencsv\2.0\opencsv-2.0.jar;C:\Users\HP\.m2\repository\commons-beanutils\commons-beanutils\1.9.4\commons-beanutils-1.9.4.jar;C:\Users\HP\.m2\repository\org\apache\commons\commons-lang3\3.12.0\commons-lang3-3.12.0.jar;C:\Users\HP\.m2\repository\commons-collections\commons-collections\3.2.2\commons-collections-3.2.2.jar;C:\Users\HP\.m2\repository\org\fluentlenium\fluentlenium-core\0.10.2\fluentlenium-core-0.10.2.jar;C:\Users\HP\.m2\repository\io\github\bonigarcia\webdrivermanager\5.3.0\webdrivermanager-5.3.0.jar;C:\Users\HP\.m2\repository\com\github\docker-java\docker-java\3.2.13\docker-java-3.2.13.jar;C:\Users\HP\.m2\repository\com\github\docker-java\docker-java-core\3.2.13\docker-java-core-3.2.13.jar;C:\Users\HP\.m2\repository\com\github\docker-java\docker-java-api\3.2.13\docker-java-api-3.2.13.jar;C:\Users\HP\.m2\repository\org\apache\commons\commons-compress\1.21\commons-compress-1.21.jar;C:\Users\HP\.m2\repository\org\bouncycastle\bcpkix-jdk15on\1.64\bcpkix-jdk15on-1.64.jar;C:\Users\HP\.m2\repository\org\bouncycastle\bcprov-jdk15on\1.64\bcprov-jdk15on-1.64.jar;C:\Users\HP\.m2\repository\org\slf4j\jcl-over-slf4j\1.7.30\jcl-over-slf4j-1.7.30.jar;C:\Users\HP\.m2\repository\com\github\docker-java\docker-java-transport-httpclient5\3.2.13\docker-java-transport-httpclient5-3.2.13.jar;C:\Users\HP\.m2\repository\com\github\docker-java\docker-java-transport\3.2.13\docker-java-transport-3.2.13.jar;C:\Users\HP\.m2\repository\net\java\dev\jna\jna\5.8.0\jna-5.8.0.jar;C:\Users\HP\.m2\repository\org\brotli\dec\0.1.2\dec-0.1.2.jar;C:\Users\HP\.m2\repository\org\apache\httpcomponents\client5\httpclient5\5.1.3\httpclient5-5.1.3.jar;C:\Users\HP\.m2\repository\org\apache\httpcomponents\core5\httpcore5\5.1.3\httpcore5-5.1.3.jar;C:\Users\HP\.m2\repository\org\apache\httpcomponents\core5\httpcore5-h2\5.1.3\httpcore5-h2-5.1.3.jar;C:\Users\HP\.m2\repository\com\jhlabs\filters\2.0.235\filters-2.0.235.jar;C:\Users\HP\.m2\repository\com\paulhammant\ngwebdriver\1.1.6\ngwebdriver-1.1.6.jar;C:\Users\HP\.m2\repository\joda-time\joda-time\2.12.2\joda-time-2.12.2.jar;C:\Users\HP\.m2\repository\org\hamcrest\hamcrest\2.2\hamcrest-2.2.jar;C:\Users\HP\.m2\repository\com\google\jimfs\jimfs\1.2\jimfs-1.2.jar;C:\Users\HP\.m2\repository\org\mockito\mockito-core\3.3.3\mockito-core-3.3.3.jar;C:\Users\HP\.m2\repository\javax\xml\bind\jaxb-api\2.3.1\jaxb-api-2.3.1.jar;C:\Users\HP\.m2\repository\javax\activation\javax.activation-api\1.2.0\javax.activation-api-1.2.0.jar;C:\Users\HP\.m2\repository\com\sun\xml\bind\jaxb-core\2.3.0.1\jaxb-core-2.3.0.1.jar;C:\Users\HP\.m2\repository\com\sun\xml\bind\jaxb-impl\2.3.3\jaxb-impl-2.3.3.jar;C:\Users\HP\.m2\repository\jakarta\xml\bind\jakarta.xml.bind-api\2.3.3\jakarta.xml.bind-api-2.3.3.jar;C:\Users\HP\.m2\repository\com\sun\activation\jakarta.activation\1.2.2\jakarta.activation-1.2.2.jar;C:\Users\HP\.m2\repository\javax\activation\activation\1.1.1\activation-1.1.1.jar;C:\Users\HP\.m2\repository\net\serenity-bdd\serenity-cucumber\3.6.21\serenity-cucumber-3.6.21.jar;C:\Users\HP\.m2\repository\io\cucumber\cucumber-core\7.11.0\cucumber-core-7.11.0.jar;C:\Users\HP\.m2\repository\io\cucumber\cucumber-gherkin\7.11.0\cucumber-gherkin-7.11.0.jar;C:\Users\HP\.m2\repository\io\cucumber\cucumber-gherkin-messages\7.11.0\cucumber-gherkin-messages-7.11.0.jar;C:\Users\HP\.m2\repository\io\cucumber\gherkin\26.0.3\gherkin-26.0.3.jar;C:\Users\HP\.m2\repository\io\cucumber\messages\21.0.1\messages-21.0.1.jar;C:\Users\HP\.m2\repository\io\cucumber\tag-expressions\5.0.1\tag-expressions-5.0.1.jar;C:\Users\HP\.m2\repository\io\cucumber\cucumber-expressions\16.1.1\cucumber-expressions-16.1.1.jar;C:\Users\HP\.m2\repository\io\cucumber\datatable\7.11.0\datatable-7.11.0.jar;C:\Users\HP\.m2\repository\io\cucumber\cucumber-plugin\7.11.0\cucumber-plugin-7.11.0.jar;C:\Users\HP\.m2\repository\io\cucumber\docstring\7.11.0\docstring-7.11.0.jar;C:\Users\HP\.m2\repository\io\cucumber\html-formatter\20.2.1\html-formatter-20.2.1.jar;C:\Users\HP\.m2\repository\io\cucumber\junit-xml-formatter\0.1.0\junit-xml-formatter-0.1.0.jar;C:\Users\HP\.m2\repository\io\cucumber\ci-environment\9.1.0\ci-environment-9.1.0.jar;C:\Users\HP\.m2\repository\io\cucumber\cucumber-java\7.11.0\cucumber-java-7.11.0.jar;C:\Users\HP\.m2\repository\io\cucumber\cucumber-junit\7.11.0\cucumber-junit-7.11.0.jar;C:\Users\HP\.m2\repository\org\apache\commons\commons-csv\1.5\commons-csv-1.5.jar;C:\Users\HP\.m2\repository\net\serenity-bdd\serenity-screenplay\3.6.21\serenity-screenplay-3.6.21.jar;C:\Users\HP\.m2\repository\net\serenity-bdd\serenity-screenplay-webdriver\3.6.21\serenity-screenplay-webdriver-3.6.21.jar;C:\Users\HP\.m2\repository\net\serenity-bdd\serenity-ensure\3.6.21\serenity-ensure-3.6.21.jar;C:\Users\HP\.m2\repository\net\serenity-bdd\serenity-junit\3.6.21\serenity-junit-3.6.21.jar;C:\Users\HP\.m2\repository\org\jetbrains\kotlin\kotlin-stdlib\1.8.10\kotlin-stdlib-1.8.10.jar;C:\Users\HP\.m2\repository\org\jetbrains\kotlin\kotlin-stdlib-common\1.8.10\kotlin-stdlib-common-1.8.10.jar;C:\Users\HP\.m2\repository\org\jetbrains\annotations\13.0\annotations-13.0.jar;C:\Users\HP\.m2\repository\org\junit\platform\junit-platform-launcher\1.8.2\junit-platform-launcher-1.8.2.jar;C:\Users\HP\.m2\repository\org\junit\platform\junit-platform-engine\1.8.2\junit-platform-engine-1.8.2.jar;C:\Users\HP\.m2\repository\org\opentest4j\opentest4j\1.2.0\opentest4j-1.2.0.jar;C:\Users\HP\.m2\repository\org\junit\platform\junit-platform-commons\1.8.2\junit-platform-commons-1.8.2.jar;C:\Users\HP\.m2\repository\org\apiguardian\apiguardian-api\1.1.2\apiguardian-api-1.1.2.jar;C:\Users\HP\.m2\repository\org\junit\jupiter\junit-jupiter-engine\5.8.2\junit-jupiter-engine-5.8.2.jar;C:\Users\HP\.m2\repository\org\junit\jupiter\junit-jupiter-api\5.8.2\junit-jupiter-api-5.8.2.jar;C:\Users\HP\.m2\repository\org\junit\vintage\junit-vintage-engine\5.8.2\junit-vintage-engine-5.8.2.jar;C:\Users\HP\.m2\repository\junit\junit\4.13.2\junit-4.13.2.jar;C:\Users\HP\.m2\repository\org\hamcrest\hamcrest-core\1.3\hamcrest-core-1.3.jar;C:\Users\HP\.m2\repository\ch\qos\logback\logback-classic\1.2.10\logback-classic-1.2.10.jar;C:\Users\HP\.m2\repository\ch\qos\logback\logback-core\1.2.10\logback-core-1.2.10.jar;C:\Users\HP\.m2\repository\org\slf4j\slf4j-api\1.7.32\slf4j-api-1.7.32.jar;C:\Users\HP\.m2\repository\org\assertj\assertj-core\3.23.1\assertj-core-3.23.1.jar;C:\Users\HP\.m2\repository\net\bytebuddy\byte-buddy\1.12.10\byte-buddy-1.12.10.jar;C:\Users\HP\.m2\repository\org\slf4j\slf4j-simple\1.7.7\slf4j-simple-1.7.7.jar;C:\Users\HP\.m2\repository\io\appium\java-client\8.3.0\java-client-8.3.0.jar;C:\Users\HP\.m2\repository\org\seleniumhq\selenium\selenium-remote-driver\4.9.1\selenium-remote-driver-4.9.1.jar;C:\Users\HP\.m2\repository\com\beust\jcommander\1.82\jcommander-1.82.jar;C:\Users\HP\.m2\repository\io\netty\netty-buffer\4.1.91.Final\netty-buffer-4.1.91.Final.jar;C:\Users\HP\.m2\repository\io\netty\netty-codec-http\4.1.91.Final\netty-codec-http-4.1.91.Final.jar;C:\Users\HP\.m2\repository\io\netty\netty-codec\4.1.91.Final\netty-codec-4.1.91.Final.jar;C:\Users\HP\.m2\repository\io\netty\netty-handler\4.1.91.Final\netty-handler-4.1.91.Final.jar;C:\Users\HP\.m2\repository\io\netty\netty-common\4.1.91.Final\netty-common-4.1.91.Final.jar;C:\Users\HP\.m2\repository\io\netty\netty-transport-classes-epoll\4.1.91.Final\netty-transport-classes-epoll-4.1.91.Final.jar;C:\Users\HP\.m2\repository\io\netty\netty-transport-classes-kqueue\4.1.91.Final\netty-transport-classes-kqueue-4.1.91.Final.jar;C:\Users\HP\.m2\repository\io\netty\netty-transport-native-epoll\4.1.91.Final\netty-transport-native-epoll-4.1.91.Final.jar;C:\Users\HP\.m2\repository\io\netty\netty-transport-native-kqueue\4.1.91.Final\netty-transport-native-kqueue-4.1.91.Final.jar;C:\Users\HP\.m2\repository\io\netty\netty-transport-native-unix-common\4.1.91.Final\netty-transport-native-unix-common-4.1.91.Final.jar;C:\Users\HP\.m2\repository\io\netty\netty-transport\4.1.91.Final\netty-transport-4.1.91.Final.jar;C:\Users\HP\.m2\repository\io\netty\netty-resolver\4.1.91.Final\netty-resolver-4.1.91.Final.jar;C:\Users\HP\.m2\repository\io\opentelemetry\opentelemetry-api\1.25.0\opentelemetry-api-1.25.0.jar;C:\Users\HP\.m2\repository\io\opentelemetry\opentelemetry-context\1.25.0\opentelemetry-context-1.25.0.jar;C:\Users\HP\.m2\repository\io\opentelemetry\opentelemetry-exporter-logging\1.25.0\opentelemetry-exporter-logging-1.25.0.jar;C:\Users\HP\.m2\repository\io\opentelemetry\opentelemetry-sdk-metrics\1.25.0\opentelemetry-sdk-metrics-1.25.0.jar;C:\Users\HP\.m2\repository\io\opentelemetry\opentelemetry-sdk-logs\1.25.0-alpha\opentelemetry-sdk-logs-1.25.0-alpha.jar;C:\Users\HP\.m2\repository\io\opentelemetry\opentelemetry-api-logs\1.25.0-alpha\opentelemetry-api-logs-1.25.0-alpha.jar;C:\Users\HP\.m2\repository\io\opentelemetry\opentelemetry-api-events\1.25.0-alpha\opentelemetry-api-events-1.25.0-alpha.jar;C:\Users\HP\.m2\repository\io\opentelemetry\opentelemetry-sdk-common\1.25.0\opentelemetry-sdk-common-1.25.0.jar;C:\Users\HP\.m2\repository\io\opentelemetry\opentelemetry-sdk-extension-autoconfigure-spi\1.25.0\opentelemetry-sdk-extension-autoconfigure-spi-1.25.0.jar;C:\Users\HP\.m2\repository\io\opentelemetry\opentelemetry-sdk-extension-autoconfigure\1.25.0-alpha\opentelemetry-sdk-extension-autoconfigure-1.25.0-alpha.jar;C:\Users\HP\.m2\repository\io\opentelemetry\opentelemetry-sdk-trace\1.25.0\opentelemetry-sdk-trace-1.25.0.jar;C:\Users\HP\.m2\repository\io\opentelemetry\opentelemetry-sdk\1.25.0\opentelemetry-sdk-1.25.0.jar;C:\Users\HP\.m2\repository\io\opentelemetry\opentelemetry-semconv\1.25.0-alpha\opentelemetry-semconv-1.25.0-alpha.jar;C:\Users\HP\.m2\repository\io\ous\jtoml\2.0.0\jtoml-2.0.0.jar;C:\Users\HP\.m2\repository\org\apache\commons\commons-exec\1.3\commons-exec-1.3.jar;C:\Users\HP\.m2\repository\org\asynchttpclient\async-http-client\2.12.3\async-http-client-2.12.3.jar;C:\Users\HP\.m2\repository\org\asynchttpclient\async-http-client-netty-utils\2.12.3\async-http-client-netty-utils-2.12.3.jar;C:\Users\HP\.m2\repository\io\netty\netty-codec-socks\4.1.60.Final\netty-codec-socks-4.1.60.Final.jar;C:\Users\HP\.m2\repository\io\netty\netty-handler-proxy\4.1.60.Final\netty-handler-proxy-4.1.60.Final.jar;C:\Users\HP\.m2\repository\io\netty\netty-transport-native-epoll\4.1.60.Final\netty-transport-native-epoll-4.1.60.Final-linux-x86_64.jar;C:\Users\HP\.m2\repository\io\netty\netty-transport-native-kqueue\4.1.60.Final\netty-transport-native-kqueue-4.1.60.Final-osx-x86_64.jar;C:\Users\HP\.m2\repository\org\reactivestreams\reactive-streams\1.0.3\reactive-streams-1.0.3.jar;C:\Users\HP\.m2\repository\com\typesafe\netty\netty-reactive-streams\2.0.4\netty-reactive-streams-2.0.4.jar;C:\Users\HP\.m2\repository\org\seleniumhq\selenium\selenium-manager\4.9.1\selenium-manager-4.9.1.jar;C:\Users\HP\.m2\repository\cglib\cglib\3.3.0\cglib-3.3.0.jar;C:\Users\HP\.m2\repository\org\ow2\asm\asm\7.1\asm-7.1.jar;C:\Users\HP\.m2\repository\commons-validator\commons-validator\1.7\commons-validator-1.7.jar;C:\Users\HP\.m2\repository\commons-digester\commons-digester\2.1\commons-digester-2.1.jar;C:\Users\HP\.m2\repository\org\yaml\snakeyaml\1.29\snakeyaml-1.29.jar;C:\Users\HP\.m2\repository\com\github\javafaker\javafaker\1.0.2\javafaker-1.0.2.jar;C:\Users\HP\.m2\repository\org\yaml\snakeyaml\1.23\snakeyaml-1.23-android.jar;C:\Users\HP\.m2\repository\com\github\mifmif\generex\1.0.2\generex-1.0.2.jar;C:\Users\HP\.m2\repository\dk\brics\automaton\automaton\1.11-8\automaton-1.11-8.jar;C:\Users\HP\.m2\repository\info\cukes\cucumber-java\1.0.1\cucumber-java-1.0.1.jar;C:\Users\HP\.m2\repository\info\cukes\cucumber-core\1.0.1\cucumber-core-1.0.1.jar;C:\Users\HP\.m2\repository\info\cukes\gherkin\2.9.3\gherkin-2.9.3.jar;C:\Users\HP\.m2\repository\info\cukes\cucumber-html\0.2.1\cucumber-html-0.2.1.jar;C:\Users\HP\.m2\repository\org\seleniumhq\selenium\selenium-support\4.8.1\selenium-support-4.8.1.jar;C:\Users\HP\.m2\repository\com\google\auto\service\auto-service-annotations\1.0.1\auto-service-annotations-1.0.1.jar;C:\Users\HP\.m2\repository\com\google\auto\service\auto-service\1.0.1\auto-service-1.0.1.jar;C:\Users\HP\.m2\repository\com\google\auto\auto-common\1.2\auto-common-1.2.jar;C:\Users\HP\.m2\repository\com\google\guava\guava\31.1-jre\guava-31.1-jre.jar;C:\Users\HP\.m2\repository\com\google\guava\failureaccess\1.0.1\failureaccess-1.0.1.jar;C:\Users\HP\.m2\repository\com\google\guava\listenablefuture\9999.0-empty-to-avoid-conflict-with-guava\listenablefuture-9999.0-empty-to-avoid-conflict-with-guava.jar;C:\Users\HP\.m2\repository\com\google\code\findbugs\jsr305\3.0.2\jsr305-3.0.2.jar;C:\Users\HP\.m2\repository\org\checkerframework\checker-qual\3.12.0\checker-qual-3.12.0.jar;C:\Users\HP\.m2\repository\com\google\errorprone\error_prone_annotations\2.11.0\error_prone_annotations-2.11.0.jar;C:\Users\HP\.m2\repository\com\google\j2objc\j2objc-annotations\1.3\j2objc-annotations-1.3.jar;C:\Users\HP\.m2\repository\org\seleniumhq\selenium\selenium-json\4.8.1\selenium-json-4.8.1.jar;"/>
    <property name="sun.cpu.endian" value="little"/>
    <property name="user.home" value="C:\Users\HP"/>
    <property name="user.language" value="en"/>
    <property name="java.specification.vendor" value="Oracle Corporation"/>
    <property name="jdk.module.path" value="C:\Users\HP\Downloads\Mini-Project-QA\ALTASHOP MOBILE AUTOMATION\target\altashop-1.0-SNAPSHOT.jar"/>
    <property name="java.version.date" value="2023-01-17"/>
    <property name="java.home" value="C:\Program Files\Java\jdk-19"/>
    <property name="file.separator" value="\"/>
    <property name="basedir" value="C:\Users\HP\Downloads\Mini-Project-QA\ALTASHOP MOBILE AUTOMATION"/>
    <property name="java.vm.compressedOopsMode" value="32-bit"/>
    <property name="line.separator" value="&#10;"/>
    <property name="java.vm.specification.vendor" value="Oracle Corporation"/>
    <property name="java.specification.name" value="Java Platform API Specification"/>
    <property name="surefire.real.class.path" value="C:\Users\HP\.m2\repository\org\apache\maven\surefire\surefire-booter\3.0.0-M5\surefire-booter-3.0.0-M5.jar;C:\Users\HP\.m2\repository\org\apache\maven\surefire\surefire-api\3.0.0-M5\surefire-api-3.0.0-M5.jar;C:\Users\HP\.m2\repository\org\apache\maven\surefire\surefire-logger-api\3.0.0-M5\surefire-logger-api-3.0.0-M5.jar;C:\Users\HP\.m2\repository\org\apache\maven\surefire\surefire-shared-utils\3.0.0-M4\surefire-shared-utils-3.0.0-M4.jar;C:\Users\HP\.m2\repository\org\apache\maven\surefire\surefire-extensions-spi\3.0.0-M5\surefire-extensions-spi-3.0.0-M5.jar;C:\Users\HP\Downloads\Mini-Project-QA\ALTASHOP MOBILE AUTOMATION\target\test-classes;C:\Users\HP\.m2\repository\net\serenity-bdd\serenity-core\3.6.21\serenity-core-3.6.21.jar;C:\Users\HP\.m2\repository\net\serenity-bdd\serenity-model\3.6.21\serenity-model-3.6.21.jar;C:\Users\HP\.m2\repository\org\apache\commons\commons-text\1.10.0\commons-text-1.10.0.jar;C:\Users\HP\.m2\repository\commons-net\commons-net\3.9.0\commons-net-3.9.0.jar;C:\Users\HP\.m2\repository\com\google\inject\guice\5.1.0\guice-5.1.0.jar;C:\Users\HP\.m2\repository\javax\inject\javax.inject\1\javax.inject-1.jar;C:\Users\HP\.m2\repository\aopalliance\aopalliance\1.0\aopalliance-1.0.jar;C:\Users\HP\.m2\repository\org\jsoup\jsoup\1.14.3\jsoup-1.14.3.jar;C:\Users\HP\.m2\repository\com\thoughtworks\xstream\xstream\1.4.20\xstream-1.4.20.jar;C:\Users\HP\.m2\repository\io\github\x-stream\mxparser\1.2.2\mxparser-1.2.2.jar;C:\Users\HP\.m2\repository\xmlpull\xmlpull\1.1.3.1\xmlpull-1.1.3.1.jar;C:\Users\HP\.m2\repository\com\typesafe\config\1.4.2\config-1.4.2.jar;C:\Users\HP\.m2\repository\org\imgscalr\imgscalr-lib\4.2\imgscalr-lib-4.2.jar;C:\Users\HP\.m2\repository\org\awaitility\awaitility\4.2.0\awaitility-4.2.0.jar;C:\Users\HP\.m2\repository\org\freemarker\freemarker\2.3.31\freemarker-2.3.31.jar;C:\Users\HP\.m2\repository\io\github\classgraph\classgraph\4.8.138\classgraph-4.8.138.jar;C:\Users\HP\.m2\repository\net\sourceforge\jexcelapi\jxl\2.6.12\jxl-2.6.12.jar;C:\Users\HP\.m2\repository\net\bytebuddy\byte-buddy-agent\1.14.2\byte-buddy-agent-1.14.2.jar;C:\Users\HP\.m2\repository\org\objenesis\objenesis\3.3\objenesis-3.3.jar;C:\Users\HP\.m2\repository\net\serenity-bdd\serenity-reports\3.6.21\serenity-reports-3.6.21.jar;C:\Users\HP\.m2\repository\net\serenity-bdd\serenity-stats\3.6.21\serenity-stats-3.6.21.jar;C:\Users\HP\.m2\repository\net\serenity-bdd\serenity-reports-configuration\3.6.21\serenity-reports-configuration-3.6.21.jar;C:\Users\HP\.m2\repository\com\vladsch\flexmark\flexmark-all\0.62.2\flexmark-all-0.62.2.jar;C:\Users\HP\.m2\repository\com\vladsch\flexmark\flexmark\0.62.2\flexmark-0.62.2.jar;C:\Users\HP\.m2\repository\com\vladsch\flexmark\flexmark-ext-abbreviation\0.62.2\flexmark-ext-abbreviation-0.62.2.jar;C:\Users\HP\.m2\repository\com\vladsch\flexmark\flexmark-util\0.62.2\flexmark-util-0.62.2.jar;C:\Users\HP\.m2\repository\com\vladsch\flexmark\flexmark-ext-admonition\0.62.2\flexmark-ext-admonition-0.62.2.jar;C:\Users\HP\.m2\repository\com\vladsch\flexmark\flexmark-ext-anchorlink\0.62.2\flexmark-ext-anchorlink-0.62.2.jar;C:\Users\HP\.m2\repository\com\vladsch\flexmark\flexmark-ext-aside\0.62.2\flexmark-ext-aside-0.62.2.jar;C:\Users\HP\.m2\repository\com\vladsch\flexmark\flexmark-ext-attributes\0.62.2\flexmark-ext-attributes-0.62.2.jar;C:\Users\HP\.m2\repository\com\vladsch\flexmark\flexmark-ext-autolink\0.62.2\flexmark-ext-autolink-0.62.2.jar;C:\Users\HP\.m2\repository\org\nibor\autolink\autolink\0.6.0\autolink-0.6.0.jar;C:\Users\HP\.m2\repository\com\vladsch\flexmark\flexmark-ext-definition\0.62.2\flexmark-ext-definition-0.62.2.jar;C:\Users\HP\.m2\repository\com\vladsch\flexmark\flexmark-ext-emoji\0.62.2\flexmark-ext-emoji-0.62.2.jar;C:\Users\HP\.m2\repository\com\vladsch\flexmark\flexmark-ext-enumerated-reference\0.62.2\flexmark-ext-enumerated-reference-0.62.2.jar;C:\Users\HP\.m2\repository\com\vladsch\flexmark\flexmark-ext-escaped-character\0.62.2\flexmark-ext-escaped-character-0.62.2.jar;C:\Users\HP\.m2\repository\com\vladsch\flexmark\flexmark-ext-footnotes\0.62.2\flexmark-ext-footnotes-0.62.2.jar;C:\Users\HP\.m2\repository\com\vladsch\flexmark\flexmark-ext-gfm-issues\0.62.2\flexmark-ext-gfm-issues-0.62.2.jar;C:\Users\HP\.m2\repository\com\vladsch\flexmark\flexmark-ext-gfm-strikethrough\0.62.2\flexmark-ext-gfm-strikethrough-0.62.2.jar;C:\Users\HP\.m2\repository\com\vladsch\flexmark\flexmark-ext-gfm-tasklist\0.62.2\flexmark-ext-gfm-tasklist-0.62.2.jar;C:\Users\HP\.m2\repository\com\vladsch\flexmark\flexmark-ext-gfm-users\0.62.2\flexmark-ext-gfm-users-0.62.2.jar;C:\Users\HP\.m2\repository\com\vladsch\flexmark\flexmark-ext-gitlab\0.62.2\flexmark-ext-gitlab-0.62.2.jar;C:\Users\HP\.m2\repository\com\vladsch\flexmark\flexmark-ext-jekyll-front-matter\0.62.2\flexmark-ext-jekyll-front-matter-0.62.2.jar;C:\Users\HP\.m2\repository\com\vladsch\flexmark\flexmark-ext-jekyll-tag\0.62.2\flexmark-ext-jekyll-tag-0.62.2.jar;C:\Users\HP\.m2\repository\com\vladsch\flexmark\flexmark-ext-media-tags\0.62.2\flexmark-ext-media-tags-0.62.2.jar;C:\Users\HP\.m2\repository\com\vladsch\flexmark\flexmark-ext-macros\0.62.2\flexmark-ext-macros-0.62.2.jar;C:\Users\HP\.m2\repository\com\vladsch\flexmark\flexmark-ext-ins\0.62.2\flexmark-ext-ins-0.62.2.jar;C:\Users\HP\.m2\repository\com\vladsch\flexmark\flexmark-ext-xwiki-macros\0.62.2\flexmark-ext-xwiki-macros-0.62.2.jar;C:\Users\HP\.m2\repository\com\vladsch\flexmark\flexmark-ext-superscript\0.62.2\flexmark-ext-superscript-0.62.2.jar;C:\Users\HP\.m2\repository\com\vladsch\flexmark\flexmark-ext-tables\0.62.2\flexmark-ext-tables-0.62.2.jar;C:\Users\HP\.m2\repository\com\vladsch\flexmark\flexmark-ext-toc\0.62.2\flexmark-ext-toc-0.62.2.jar;C:\Users\HP\.m2\repository\com\vladsch\flexmark\flexmark-ext-typographic\0.62.2\flexmark-ext-typographic-0.62.2.jar;C:\Users\HP\.m2\repository\com\vladsch\flexmark\flexmark-ext-wikilink\0.62.2\flexmark-ext-wikilink-0.62.2.jar;C:\Users\HP\.m2\repository\com\vladsch\flexmark\flexmark-ext-yaml-front-matter\0.62.2\flexmark-ext-yaml-front-matter-0.62.2.jar;C:\Users\HP\.m2\repository\com\vladsch\flexmark\flexmark-ext-youtube-embedded\0.62.2\flexmark-ext-youtube-embedded-0.62.2.jar;C:\Users\HP\.m2\repository\com\vladsch\flexmark\flexmark-html2md-converter\0.62.2\flexmark-html2md-converter-0.62.2.jar;C:\Users\HP\.m2\repository\com\vladsch\flexmark\flexmark-jira-converter\0.62.2\flexmark-jira-converter-0.62.2.jar;C:\Users\HP\.m2\repository\com\vladsch\flexmark\flexmark-pdf-converter\0.62.2\flexmark-pdf-converter-0.62.2.jar;C:\Users\HP\.m2\repository\com\openhtmltopdf\openhtmltopdf-core\1.0.0\openhtmltopdf-core-1.0.0.jar;C:\Users\HP\.m2\repository\com\openhtmltopdf\openhtmltopdf-pdfbox\1.0.0\openhtmltopdf-pdfbox-1.0.0.jar;C:\Users\HP\.m2\repository\org\apache\pdfbox\pdfbox\2.0.16\pdfbox-2.0.16.jar;C:\Users\HP\.m2\repository\org\apache\pdfbox\fontbox\2.0.16\fontbox-2.0.16.jar;C:\Users\HP\.m2\repository\org\apache\pdfbox\xmpbox\2.0.16\xmpbox-2.0.16.jar;C:\Users\HP\.m2\repository\de\rototor\pdfbox\graphics2d\0.24\graphics2d-0.24.jar;C:\Users\HP\.m2\repository\com\openhtmltopdf\openhtmltopdf-rtl-support\1.0.0\openhtmltopdf-rtl-support-1.0.0.jar;C:\Users\HP\.m2\repository\com\openhtmltopdf\openhtmltopdf-jsoup-dom-converter\1.0.0\openhtmltopdf-jsoup-dom-converter-1.0.0.jar;C:\Users\HP\.m2\repository\com\vladsch\flexmark\flexmark-profile-pegdown\0.62.2\flexmark-profile-pegdown-0.62.2.jar;C:\Users\HP\.m2\repository\com\vladsch\flexmark\flexmark-util-ast\0.62.2\flexmark-util-ast-0.62.2.jar;C:\Users\HP\.m2\repository\com\vladsch\flexmark\flexmark-util-builder\0.62.2\flexmark-util-builder-0.62.2.jar;C:\Users\HP\.m2\repository\com\vladsch\flexmark\flexmark-util-collection\0.62.2\flexmark-util-collection-0.62.2.jar;C:\Users\HP\.m2\repository\com\vladsch\flexmark\flexmark-util-data\0.62.2\flexmark-util-data-0.62.2.jar;C:\Users\HP\.m2\repository\com\vladsch\flexmark\flexmark-util-dependency\0.62.2\flexmark-util-dependency-0.62.2.jar;C:\Users\HP\.m2\repository\com\vladsch\flexmark\flexmark-util-format\0.62.2\flexmark-util-format-0.62.2.jar;C:\Users\HP\.m2\repository\com\vladsch\flexmark\flexmark-util-html\0.62.2\flexmark-util-html-0.62.2.jar;C:\Users\HP\.m2\repository\com\vladsch\flexmark\flexmark-util-misc\0.62.2\flexmark-util-misc-0.62.2.jar;C:\Users\HP\.m2\repository\com\vladsch\flexmark\flexmark-util-options\0.62.2\flexmark-util-options-0.62.2.jar;C:\Users\HP\.m2\repository\com\vladsch\flexmark\flexmark-util-sequence\0.62.2\flexmark-util-sequence-0.62.2.jar;C:\Users\HP\.m2\repository\com\vladsch\flexmark\flexmark-util-visitor\0.62.2\flexmark-util-visitor-0.62.2.jar;C:\Users\HP\.m2\repository\com\vladsch\flexmark\flexmark-youtrack-converter\0.62.2\flexmark-youtrack-converter-0.62.2.jar;C:\Users\HP\.m2\repository\com\ibm\icu\icu4j\72.1\icu4j-72.1.jar;C:\Users\HP\.m2\repository\es\nitaur\markdown\txtmark\0.16\txtmark-0.16.jar;C:\Users\HP\.m2\repository\net\serenity-bdd\serenity-report-resources\3.6.21\serenity-report-resources-3.6.21.jar;C:\Users\HP\.m2\repository\com\google\code\gson\gson\2.10.1\gson-2.10.1.jar;C:\Users\HP\.m2\repository\com\fasterxml\jackson\core\jackson-core\2.15.0-rc1\jackson-core-2.15.0-rc1.jar;C:\Users\HP\.m2\repository\com\fasterxml\jackson\core\jackson-databind\2.15.0-rc1\jackson-databind-2.15.0-rc1.jar;C:\Users\HP\.m2\repository\com\fasterxml\jackson\core\jackson-annotations\2.15.0-rc1\jackson-annotations-2.15.0-rc1.jar;C:\Users\HP\.m2\repository\commons-codec\commons-codec\1.15\commons-codec-1.15.jar;C:\Users\HP\.m2\repository\commons-io\commons-io\2.11.0\commons-io-2.11.0.jar;C:\Users\HP\.m2\repository\org\apache\httpcomponents\httpclient\4.5.13\httpclient-4.5.13.jar;C:\Users\HP\.m2\repository\org\apache\httpcomponents\httpcore\4.4.13\httpcore-4.4.13.jar;C:\Users\HP\.m2\repository\commons-logging\commons-logging\1.2\commons-logging-1.2.jar;C:\Users\HP\.m2\repository\org\seleniumhq\selenium\selenium-java\4.8.1\selenium-java-4.8.1.jar;C:\Users\HP\.m2\repository\org\seleniumhq\selenium\selenium-devtools-v108\4.8.1\selenium-devtools-v108-4.8.1.jar;C:\Users\HP\.m2\repository\org\seleniumhq\selenium\selenium-devtools-v109\4.8.1\selenium-devtools-v109-4.8.1.jar;C:\Users\HP\.m2\repository\org\seleniumhq\selenium\selenium-devtools-v110\4.8.1\selenium-devtools-v110-4.8.1.jar;C:\Users\HP\.m2\repository\org\seleniumhq\selenium\selenium-devtools-v85\4.8.1\selenium-devtools-v85-4.8.1.jar;C:\Users\HP\.m2\repository\org\seleniumhq\selenium\selenium-safari-driver\4.8.1\selenium-safari-driver-4.8.1.jar;C:\Users\HP\.m2\repository\org\seleniumhq\selenium\selenium-api\4.8.1\selenium-api-4.8.1.jar;C:\Users\HP\.m2\repository\org\seleniumhq\selenium\selenium-chrome-driver\4.8.1\selenium-chrome-driver-4.8.1.jar;C:\Users\HP\.m2\repository\org\seleniumhq\selenium\selenium-chromium-driver\4.8.1\selenium-chromium-driver-4.8.1.jar;C:\Users\HP\.m2\repository\org\seleniumhq\selenium\selenium-firefox-driver\4.8.1\selenium-firefox-driver-4.8.1.jar;C:\Users\HP\.m2\repository\org\seleniumhq\selenium\selenium-http\4.8.1\selenium-http-4.8.1.jar;C:\Users\HP\.m2\repository\dev\failsafe\failsafe\3.3.0\failsafe-3.3.0.jar;C:\Users\HP\.m2\repository\org\seleniumhq\selenium\selenium-edge-driver\4.8.1\selenium-edge-driver-4.8.1.jar;C:\Users\HP\.m2\repository\org\seleniumhq\selenium\selenium-ie-driver\4.8.1\selenium-ie-driver-4.8.1.jar;C:\Users\HP\.m2\repository\org\projectlombok\lombok\1.18.20\lombok-1.18.20.jar;C:\Users\HP\.m2\repository\org\apache\groovy\groovy\4.0.10\groovy-4.0.10.jar;C:\Users\HP\.m2\repository\net\sf\opencsv\opencsv\2.0\opencsv-2.0.jar;C:\Users\HP\.m2\repository\commons-beanutils\commons-beanutils\1.9.4\commons-beanutils-1.9.4.jar;C:\Users\HP\.m2\repository\org\apache\commons\commons-lang3\3.12.0\commons-lang3-3.12.0.jar;C:\Users\HP\.m2\repository\commons-collections\commons-collections\3.2.2\commons-collections-3.2.2.jar;C:\Users\HP\.m2\repository\org\fluentlenium\fluentlenium-core\0.10.2\fluentlenium-core-0.10.2.jar;C:\Users\HP\.m2\repository\io\github\bonigarcia\webdrivermanager\5.3.0\webdrivermanager-5.3.0.jar;C:\Users\HP\.m2\repository\com\github\docker-java\docker-java\3.2.13\docker-java-3.2.13.jar;C:\Users\HP\.m2\repository\com\github\docker-java\docker-java-core\3.2.13\docker-java-core-3.2.13.jar;C:\Users\HP\.m2\repository\com\github\docker-java\docker-java-api\3.2.13\docker-java-api-3.2.13.jar;C:\Users\HP\.m2\repository\org\apache\commons\commons-compress\1.21\commons-compress-1.21.jar;C:\Users\HP\.m2\repository\org\bouncycastle\bcpkix-jdk15on\1.64\bcpkix-jdk15on-1.64.jar;C:\Users\HP\.m2\repository\org\bouncycastle\bcprov-jdk15on\1.64\bcprov-jdk15on-1.64.jar;C:\Users\HP\.m2\repository\org\slf4j\jcl-over-slf4j\1.7.30\jcl-over-slf4j-1.7.30.jar;C:\Users\HP\.m2\repository\com\github\docker-java\docker-java-transport-httpclient5\3.2.13\docker-java-transport-httpclient5-3.2.13.jar;C:\Users\HP\.m2\repository\com\github\docker-java\docker-java-transport\3.2.13\docker-java-transport-3.2.13.jar;C:\Users\HP\.m2\repository\net\java\dev\jna\jna\5.8.0\jna-5.8.0.jar;C:\Users\HP\.m2\repository\org\brotli\dec\0.1.2\dec-0.1.2.jar;C:\Users\HP\.m2\repository\org\apache\httpcomponents\client5\httpclient5\5.1.3\httpclient5-5.1.3.jar;C:\Users\HP\.m2\repository\org\apache\httpcomponents\core5\httpcore5\5.1.3\httpcore5-5.1.3.jar;C:\Users\HP\.m2\repository\org\apache\httpcomponents\core5\httpcore5-h2\5.1.3\httpcore5-h2-5.1.3.jar;C:\Users\HP\.m2\repository\com\jhlabs\filters\2.0.235\filters-2.0.235.jar;C:\Users\HP\.m2\repository\com\paulhammant\ngwebdriver\1.1.6\ngwebdriver-1.1.6.jar;C:\Users\HP\.m2\repository\joda-time\joda-time\2.12.2\joda-time-2.12.2.jar;C:\Users\HP\.m2\repository\org\hamcrest\hamcrest\2.2\hamcrest-2.2.jar;C:\Users\HP\.m2\repository\com\google\jimfs\jimfs\1.2\jimfs-1.2.jar;C:\Users\HP\.m2\repository\org\mockito\mockito-core\3.3.3\mockito-core-3.3.3.jar;C:\Users\HP\.m2\repository\javax\xml\bind\jaxb-api\2.3.1\jaxb-api-2.3.1.jar;C:\Users\HP\.m2\repository\javax\activation\javax.activation-api\1.2.0\javax.activation-api-1.2.0.jar;C:\Users\HP\.m2\repository\com\sun\xml\bind\jaxb-core\2.3.0.1\jaxb-core-2.3.0.1.jar;C:\Users\HP\.m2\repository\com\sun\xml\bind\jaxb-impl\2.3.3\jaxb-impl-2.3.3.jar;C:\Users\HP\.m2\repository\jakarta\xml\bind\jakarta.xml.bind-api\2.3.3\jakarta.xml.bind-api-2.3.3.jar;C:\Users\HP\.m2\repository\com\sun\activation\jakarta.activation\1.2.2\jakarta.activation-1.2.2.jar;C:\Users\HP\.m2\repository\javax\activation\activation\1.1.1\activation-1.1.1.jar;C:\Users\HP\.m2\repository\net\serenity-bdd\serenity-cucumber\3.6.21\serenity-cucumber-3.6.21.jar;C:\Users\HP\.m2\repository\io\cucumber\cucumber-core\7.11.0\cucumber-core-7.11.0.jar;C:\Users\HP\.m2\repository\io\cucumber\cucumber-gherkin\7.11.0\cucumber-gherkin-7.11.0.jar;C:\Users\HP\.m2\repository\io\cucumber\cucumber-gherkin-messages\7.11.0\cucumber-gherkin-messages-7.11.0.jar;C:\Users\HP\.m2\repository\io\cucumber\gherkin\26.0.3\gherkin-26.0.3.jar;C:\Users\HP\.m2\repository\io\cucumber\messages\21.0.1\messages-21.0.1.jar;C:\Users\HP\.m2\repository\io\cucumber\tag-expressions\5.0.1\tag-expressions-5.0.1.jar;C:\Users\HP\.m2\repository\io\cucumber\cucumber-expressions\16.1.1\cucumber-expressions-16.1.1.jar;C:\Users\HP\.m2\repository\io\cucumber\datatable\7.11.0\datatable-7.11.0.jar;C:\Users\HP\.m2\repository\io\cucumber\cucumber-plugin\7.11.0\cucumber-plugin-7.11.0.jar;C:\Users\HP\.m2\repository\io\cucumber\docstring\7.11.0\docstring-7.11.0.jar;C:\Users\HP\.m2\repository\io\cucumber\html-formatter\20.2.1\html-formatter-20.2.1.jar;C:\Users\HP\.m2\repository\io\cucumber\junit-xml-formatter\0.1.0\junit-xml-formatter-0.1.0.jar;C:\Users\HP\.m2\repository\io\cucumber\ci-environment\9.1.0\ci-environment-9.1.0.jar;C:\Users\HP\.m2\repository\io\cucumber\cucumber-java\7.11.0\cucumber-java-7.11.0.jar;C:\Users\HP\.m2\repository\io\cucumber\cucumber-junit\7.11.0\cucumber-junit-7.11.0.jar;C:\Users\HP\.m2\repository\org\apache\commons\commons-csv\1.5\commons-csv-1.5.jar;C:\Users\HP\.m2\repository\net\serenity-bdd\serenity-screenplay\3.6.21\serenity-screenplay-3.6.21.jar;C:\Users\HP\.m2\repository\net\serenity-bdd\serenity-screenplay-webdriver\3.6.21\serenity-screenplay-webdriver-3.6.21.jar;C:\Users\HP\.m2\repository\net\serenity-bdd\serenity-ensure\3.6.21\serenity-ensure-3.6.21.jar;C:\Users\HP\.m2\repository\net\serenity-bdd\serenity-junit\3.6.21\serenity-junit-3.6.21.jar;C:\Users\HP\.m2\repository\org\jetbrains\kotlin\kotlin-stdlib\1.8.10\kotlin-stdlib-1.8.10.jar;C:\Users\HP\.m2\repository\org\jetbrains\kotlin\kotlin-stdlib-common\1.8.10\kotlin-stdlib-common-1.8.10.jar;C:\Users\HP\.m2\repository\org\jetbrains\annotations\13.0\annotations-13.0.jar;C:\Users\HP\.m2\repository\org\junit\platform\junit-platform-launcher\1.8.2\junit-platform-launcher-1.8.2.jar;C:\Users\HP\.m2\repository\org\junit\platform\junit-platform-engine\1.8.2\junit-platform-engine-1.8.2.jar;C:\Users\HP\.m2\repository\org\opentest4j\opentest4j\1.2.0\opentest4j-1.2.0.jar;C:\Users\HP\.m2\repository\org\junit\platform\junit-platform-commons\1.8.2\junit-platform-commons-1.8.2.jar;C:\Users\HP\.m2\repository\org\apiguardian\apiguardian-api\1.1.2\apiguardian-api-1.1.2.jar;C:\Users\HP\.m2\repository\org\junit\jupiter\junit-jupiter-engine\5.8.2\junit-jupiter-engine-5.8.2.jar;C:\Users\HP\.m2\repository\org\junit\jupiter\junit-jupiter-api\5.8.2\junit-jupiter-api-5.8.2.jar;C:\Users\HP\.m2\repository\org\junit\vintage\junit-vintage-engine\5.8.2\junit-vintage-engine-5.8.2.jar;C:\Users\HP\.m2\repository\junit\junit\4.13.2\junit-4.13.2.jar;C:\Users\HP\.m2\repository\org\hamcrest\hamcrest-core\1.3\hamcrest-core-1.3.jar;C:\Users\HP\.m2\repository\ch\qos\logback\logback-classic\1.2.10\logback-classic-1.2.10.jar;C:\Users\HP\.m2\repository\ch\qos\logback\logback-core\1.2.10\logback-core-1.2.10.jar;C:\Users\HP\.m2\repository\org\slf4j\slf4j-api\1.7.32\slf4j-api-1.7.32.jar;C:\Users\HP\.m2\repository\org\assertj\assertj-core\3.23.1\assertj-core-3.23.1.jar;C:\Users\HP\.m2\repository\net\bytebuddy\byte-buddy\1.12.10\byte-buddy-1.12.10.jar;C:\Users\HP\.m2\repository\org\slf4j\slf4j-simple\1.7.7\slf4j-simple-1.7.7.jar;C:\Users\HP\.m2\repository\io\appium\java-client\8.3.0\java-client-8.3.0.jar;C:\Users\HP\.m2\repository\org\seleniumhq\selenium\selenium-remote-driver\4.9.1\selenium-remote-driver-4.9.1.jar;C:\Users\HP\.m2\repository\com\beust\jcommander\1.82\jcommander-1.82.jar;C:\Users\HP\.m2\repository\io\netty\netty-buffer\4.1.91.Final\netty-buffer-4.1.91.Final.jar;C:\Users\HP\.m2\repository\io\netty\netty-codec-http\4.1.91.Final\netty-codec-http-4.1.91.Final.jar;C:\Users\HP\.m2\repository\io\netty\netty-codec\4.1.91.Final\netty-codec-4.1.91.Final.jar;C:\Users\HP\.m2\repository\io\netty\netty-handler\4.1.91.Final\netty-handler-4.1.91.Final.jar;C:\Users\HP\.m2\repository\io\netty\netty-common\4.1.91.Final\netty-common-4.1.91.Final.jar;C:\Users\HP\.m2\repository\io\netty\netty-transport-classes-epoll\4.1.91.Final\netty-transport-classes-epoll-4.1.91.Final.jar;C:\Users\HP\.m2\repository\io\netty\netty-transport-classes-kqueue\4.1.91.Final\netty-transport-classes-kqueue-4.1.91.Final.jar;C:\Users\HP\.m2\repository\io\netty\netty-transport-native-epoll\4.1.91.Final\netty-transport-native-epoll-4.1.91.Final.jar;C:\Users\HP\.m2\repository\io\netty\netty-transport-native-kqueue\4.1.91.Final\netty-transport-native-kqueue-4.1.91.Final.jar;C:\Users\HP\.m2\repository\io\netty\netty-transport-native-unix-common\4.1.91.Final\netty-transport-native-unix-common-4.1.91.Final.jar;C:\Users\HP\.m2\repository\io\netty\netty-transport\4.1.91.Final\netty-transport-4.1.91.Final.jar;C:\Users\HP\.m2\repository\io\netty\netty-resolver\4.1.91.Final\netty-resolver-4.1.91.Final.jar;C:\Users\HP\.m2\repository\io\opentelemetry\opentelemetry-api\1.25.0\opentelemetry-api-1.25.0.jar;C:\Users\HP\.m2\repository\io\opentelemetry\opentelemetry-context\1.25.0\opentelemetry-context-1.25.0.jar;C:\Users\HP\.m2\repository\io\opentelemetry\opentelemetry-exporter-logging\1.25.0\opentelemetry-exporter-logging-1.25.0.jar;C:\Users\HP\.m2\repository\io\opentelemetry\opentelemetry-sdk-metrics\1.25.0\opentelemetry-sdk-metrics-1.25.0.jar;C:\Users\HP\.m2\repository\io\opentelemetry\opentelemetry-sdk-logs\1.25.0-alpha\opentelemetry-sdk-logs-1.25.0-alpha.jar;C:\Users\HP\.m2\repository\io\opentelemetry\opentelemetry-api-logs\1.25.0-alpha\opentelemetry-api-logs-1.25.0-alpha.jar;C:\Users\HP\.m2\repository\io\opentelemetry\opentelemetry-api-events\1.25.0-alpha\opentelemetry-api-events-1.25.0-alpha.jar;C:\Users\HP\.m2\repository\io\opentelemetry\opentelemetry-sdk-common\1.25.0\opentelemetry-sdk-common-1.25.0.jar;C:\Users\HP\.m2\repository\io\opentelemetry\opentelemetry-sdk-extension-autoconfigure-spi\1.25.0\opentelemetry-sdk-extension-autoconfigure-spi-1.25.0.jar;C:\Users\HP\.m2\repository\io\opentelemetry\opentelemetry-sdk-extension-autoconfigure\1.25.0-alpha\opentelemetry-sdk-extension-autoconfigure-1.25.0-alpha.jar;C:\Users\HP\.m2\repository\io\opentelemetry\opentelemetry-sdk-trace\1.25.0\opentelemetry-sdk-trace-1.25.0.jar;C:\Users\HP\.m2\repository\io\opentelemetry\opentelemetry-sdk\1.25.0\opentelemetry-sdk-1.25.0.jar;C:\Users\HP\.m2\repository\io\opentelemetry\opentelemetry-semconv\1.25.0-alpha\opentelemetry-semconv-1.25.0-alpha.jar;C:\Users\HP\.m2\repository\io\ous\jtoml\2.0.0\jtoml-2.0.0.jar;C:\Users\HP\.m2\repository\org\apache\commons\commons-exec\1.3\commons-exec-1.3.jar;C:\Users\HP\.m2\repository\org\asynchttpclient\async-http-client\2.12.3\async-http-client-2.12.3.jar;C:\Users\HP\.m2\repository\org\asynchttpclient\async-http-client-netty-utils\2.12.3\async-http-client-netty-utils-2.12.3.jar;C:\Users\HP\.m2\repository\io\netty\netty-codec-socks\4.1.60.Final\netty-codec-socks-4.1.60.Final.jar;C:\Users\HP\.m2\repository\io\netty\netty-handler-proxy\4.1.60.Final\netty-handler-proxy-4.1.60.Final.jar;C:\Users\HP\.m2\repository\io\netty\netty-transport-native-epoll\4.1.60.Final\netty-transport-native-epoll-4.1.60.Final-linux-x86_64.jar;C:\Users\HP\.m2\repository\io\netty\netty-transport-native-kqueue\4.1.60.Final\netty-transport-native-kqueue-4.1.60.Final-osx-x86_64.jar;C:\Users\HP\.m2\repository\org\reactivestreams\reactive-streams\1.0.3\reactive-streams-1.0.3.jar;C:\Users\HP\.m2\repository\com\typesafe\netty\netty-reactive-streams\2.0.4\netty-reactive-streams-2.0.4.jar;C:\Users\HP\.m2\repository\org\seleniumhq\selenium\selenium-manager\4.9.1\selenium-manager-4.9.1.jar;C:\Users\HP\.m2\repository\cglib\cglib\3.3.0\cglib-3.3.0.jar;C:\Users\HP\.m2\repository\org\ow2\asm\asm\7.1\asm-7.1.jar;C:\Users\HP\.m2\repository\commons-validator\commons-validator\1.7\commons-validator-1.7.jar;C:\Users\HP\.m2\repository\commons-digester\commons-digester\2.1\commons-digester-2.1.jar;C:\Users\HP\.m2\repository\org\yaml\snakeyaml\1.29\snakeyaml-1.29.jar;C:\Users\HP\.m2\repository\com\github\javafaker\javafaker\1.0.2\javafaker-1.0.2.jar;C:\Users\HP\.m2\repository\org\yaml\snakeyaml\1.23\snakeyaml-1.23-android.jar;C:\Users\HP\.m2\repository\com\github\mifmif\generex\1.0.2\generex-1.0.2.jar;C:\Users\HP\.m2\repository\dk\brics\automaton\automaton\1.11-8\automaton-1.11-8.jar;C:\Users\HP\.m2\repository\info\cukes\cucumber-java\1.0.1\cucumber-java-1.0.1.jar;C:\Users\HP\.m2\repository\info\cukes\cucumber-core\1.0.1\cucumber-core-1.0.1.jar;C:\Users\HP\.m2\repository\info\cukes\gherkin\2.9.3\gherkin-2.9.3.jar;C:\Users\HP\.m2\repository\info\cukes\cucumber-html\0.2.1\cucumber-html-0.2.1.jar;C:\Users\HP\.m2\repository\org\seleniumhq\selenium\selenium-support\4.8.1\selenium-support-4.8.1.jar;C:\Users\HP\.m2\repository\com\google\auto\service\auto-service-annotations\1.0.1\auto-service-annotations-1.0.1.jar;C:\Users\HP\.m2\repository\com\google\auto\service\auto-service\1.0.1\auto-service-1.0.1.jar;C:\Users\HP\.m2\repository\com\google\auto\auto-common\1.2\auto-common-1.2.jar;C:\Users\HP\.m2\repository\com\google\guava\guava\31.1-jre\guava-31.1-jre.jar;C:\Users\HP\.m2\repository\com\google\guava\failureaccess\1.0.1\failureaccess-1.0.1.jar;C:\Users\HP\.m2\repository\com\google\guava\listenablefuture\9999.0-empty-to-avoid-conflict-with-guava\listenablefuture-9999.0-empty-to-avoid-conflict-with-guava.jar;C:\Users\HP\.m2\repository\com\google\code\findbugs\jsr305\3.0.2\jsr305-3.0.2.jar;C:\Users\HP\.m2\repository\org\checkerframework\checker-qual\3.12.0\checker-qual-3.12.0.jar;C:\Users\HP\.m2\repository\com\google\errorprone\error_prone_annotations\2.11.0\error_prone_annotations-2.11.0.jar;C:\Users\HP\.m2\repository\com\google\j2objc\j2objc-annotations\1.3\j2objc-annotations-1.3.jar;C:\Users\HP\.m2\repository\org\seleniumhq\selenium\selenium-json\4.8.1\selenium-json-4.8.1.jar;C:\Users\HP\.m2\repository\org\apache\maven\surefire\surefire-junit-platform\3.0.0-M5\surefire-junit-platform-3.0.0-M5.jar;C:\Users\HP\.m2\repository\org\apache\maven\surefire\common-java5\3.0.0-M5\common-java5-3.0.0-M5.jar"/>
    <property name="user.script" value=""/>
    <property name="sun.management.compiler" value="HotSpot 64-Bit Tiered Compilers"/>
    <property name="java.runtime.version" value="19.0.2+7-44"/>
    <property name="user.name" value="HP"/>
    <property name="stdout.encoding" value="Cp1252"/>
    <property name="path.separator" value=";"/>
    <property name="os.version" value="10.0"/>
    <property name="java.runtime.name" value="Java(TM) SE Runtime Environment"/>
    <property name="file.encoding" value="UTF-8"/>
    <property name="java.vm.name" value="Java HotSpot(TM) 64-Bit Server VM"/>
    <property name="localRepository" value="C:\Users\HP\.m2\repository"/>
    <property name="java.vendor.url.bug" value="https://bugreport.java.com/bugreport/"/>
    <property name="java.io.tmpdir" value="C:\Users\HP\AppData\Local\Temp\"/>
    <property name="java.version" value="19.0.2"/>
    <property name="user.dir" value="C:\Users\HP\Downloads\Mini-Project-QA\ALTASHOP MOBILE AUTOMATION"/>
    <property name="os.arch" value="amd64"/>
    <property name="java.vm.specification.name" value="Java Virtual Machine Specification"/>
    <property name="sun.os.patch.level" value=""/>
    <property name="native.encoding" value="Cp1252"/>
    <property name="java.library.path" value="C:\Program Files\Java\jdk-19\bin;C:\WINDOWS\Sun\Java\bin;C:\WINDOWS\system32;C:\WINDOWS;C:\Program Files\Common Files\Oracle\Java\javapath;C:\Program Files\Java\jdk1.8.0_361\bin;c:\Program Files (x86)\Common Files\Intel\Shared Files\cpp\bin\Intel64;C:\WINDOWS\system32;C:\WINDOWS;C:\WINDOWS\System32\Wbem;C:\WINDOWS\System32\WindowsPowerShell\v1.0\;C:\WINDOWS\System32\OpenSSH\;C:\Users\apache-maven-3.9.1-bin\bin;%MAVEN_HOME%\bin;C:\Users\HP\AppData\Local\Android\Sdk;C:\Users\HP\AppData\Local\Android\Sdk\platform-tools;C:\Program Files\nodejs\;C:\Program Files\Git\cmd;C:\Users\HP\AppData\Local\Microsoft\WindowsApps;C:\Program Files\JetBrains\IntelliJ IDEA Community Edition 2022.3.2\bin;C:\Users\HP\AppData\Local\GitHubDesktop\bin;C:\Users\HP\AppData\Local\Programs\Microsoft VS Code\bin;C:\Users\HP\AppData\Roaming\npm;C:\Users\HP\AppData\Local\gitkraken\bin;."/>
    <property name="java.vm.info" value="mixed mode"/>
    <property name="stderr.encoding" value="Cp1252"/>
    <property name="java.vendor" value="Oracle Corporation"/>
    <property name="java.vm.version" value="19.0.2+7-44"/>
    <property name="sun.io.unicode.encoding" value="UnicodeLittle"/>
    <property name="java.class.version" value="63.0"/>
  </properties>
  <testcase name="user on homepage AltaShop for login feature" classname="user tidak dapat login menggunakan akun yang belum terdaftar" time="28.349">
    <system-out><![CDATA[22:17:27.218 [main] DEBUG net.thucydides.core.guice.Injectors - Created injector for module net.thucydides.core.guice.ThucydidesModule
22:17:28.247 [main] DEBUG io.cucumber.core.plugin.SerenityReporter - Running feature from file:///C:/Users/HP/Downloads/Mini-Project-QA/ALTASHOP%20MOBILE%20AUTOMATION/src/test/resources/features/1.%20Login.feature
22:17:28.779 [main] DEBUG net.thucydides.core.guice.Injectors - Created injector for module net.thucydides.core.guice.webdriver.WebDriverModule
22:17:28.821 [main] INFO  - 

-------------------------------------------------------------------------------------
     _______. _______ .______       _______ .__   __.  __  .___________.____    ____ 
    /       ||   ____||   _  \     |   ____||  \ |  | |  | |           |\   \  /   / 
   |   (----`|  |__   |  |_)  |    |  |__   |   \|  | |  | `---|  |----` \   \/   /  
    \   \    |   __|  |      /     |   __|  |  . `  | |  |     |  |       \_    _/   
.----)   |   |  |____ |  |\  \----.|  |____ |  |\   | |  |     |  |         |  |     
|_______/    |_______|| _| `._____||_______||__| \__| |__|     |__|         |__|    
                                                                                     
 News and tutorials at http://www.serenity-bdd.info                                  
 Documentation at https://wakaleo.gitbooks.io/the-serenity-book/content/             
 Join the Serenity Community on Gitter: https://gitter.im/serenity-bdd/serenity-core 
 Serenity BDD Support and Training at http://serenity-bdd.info/#/trainingandsupport  
-------------------------------------------------------------------------------------

22:17:28.825 [main] DEBUG net.thucydides.core.steps.StepEventBus - Test suite started for story net.thucydides.core.model.Story@c21ffae2
22:17:28.833 [main] INFO  - Test Suite Started: Login
22:17:28.883 [main] DEBUG io.cucumber.core.plugin.SerenityReporter - Running feature from file:///C:/Users/HP/Downloads/Mini-Project-QA/ALTASHOP%20MOBILE%20AUTOMATION/src/test/resources/features/2.%20Register.feature
22:17:28.896 [main] DEBUG net.thucydides.core.steps.StepEventBus - Test suite started for story net.thucydides.core.model.Story@83d3b3ef
22:17:28.899 [main] INFO  - Test Suite Started: Register
22:17:28.899 [main] DEBUG io.cucumber.core.plugin.SerenityReporter - Running feature from file:///C:/Users/HP/Downloads/Mini-Project-QA/ALTASHOP%20MOBILE%20AUTOMATION/src/test/resources/features/3.%20Logout.feature
22:17:28.910 [main] DEBUG net.thucydides.core.steps.StepEventBus - Test suite started for story net.thucydides.core.model.Story@54b75150
22:17:28.911 [main] INFO  - Test Suite Started: Logout
22:17:28.913 [main] DEBUG io.cucumber.core.plugin.SerenityReporter - Running feature from file:///C:/Users/HP/Downloads/Mini-Project-QA/ALTASHOP%20MOBILE%20AUTOMATION/src/test/resources/features/1.%20Login.feature
22:17:28.920 [main] DEBUG net.thucydides.core.steps.StepEventBus - Test suite started for story net.thucydides.core.model.Story@c21ffae2
22:17:28.921 [main] INFO  - Test Suite Started: Login
22:17:29.106 [main] DEBUG io.cucumber.core.plugin.SerenityReporter - Running feature from file:///C:/Users/HP/Downloads/Mini-Project-QA/ALTASHOP%20MOBILE%20AUTOMATION/src/test/resources/features/1.%20Login.feature
22:17:29.350 [main] INFO  - 
  _____   ___   ___   _____     ___   _____     _     ___   _____   ___   ___  
 |_   _| | __| / __| |_   _|   / __| |_   _|   /_\   | _ \ |_   _| | __| |   \ 
   | |   | _|  \__ \   | |     \__ \   | |    / _ \  |   /   | |   | _|  | |) |
   |_|   |___| |___/   |_|     |___/   |_|   /_/ \_\ |_|_\   |_|   |___| |___/ 

user tidak dapat login menggunakan akun yang belum terdaftar(login;user-tidak-dapat-login-menggunakan-akun-yang-belum-terdaftar)
--------------------------------------------------------------------------------
22:17:29.461 [main] DEBUG net.thucydides.core.requirements.model.cucumber.CucumberParser - Loading feature C:\Users\HP\Downloads\Mini-Project-QA\ALTASHOP MOBILE AUTOMATION\src\test\resources\features\1. Login.feature
22:17:29.503 [main] DEBUG net.thucydides.core.requirements.model.cucumber.CucumberParser - Loading feature C:\Users\HP\Downloads\Mini-Project-QA\ALTASHOP MOBILE AUTOMATION\src\test\resources\features\2. Register.feature
22:17:29.519 [main] DEBUG net.thucydides.core.requirements.model.cucumber.CucumberParser - Loading feature C:\Users\HP\Downloads\Mini-Project-QA\ALTASHOP MOBILE AUTOMATION\src\test\resources\features\3. Logout.feature
22:17:30.371 [main] DEBUG net.thucydides.core.steps.StepInterceptor - STARTING STEP: LoginSteps.userOnHomepageAltaShopForLoginFeature - onHomepageAltaShop
22:17:30.565 [main] DEBUG io.netty.util.internal.logging.InternalLoggerFactory - Using SLF4J as the default logging framework
22:17:30.571 [main] DEBUG io.netty.util.ResourceLeakDetector - -Dio.netty.leakDetection.level: simple
22:17:30.572 [main] DEBUG io.netty.util.ResourceLeakDetector - -Dio.netty.leakDetection.targetRecords: 4
22:17:30.579 [main] DEBUG io.netty.util.ResourceLeakDetectorFactory - Loaded default ResourceLeakDetector: io.netty.util.ResourceLeakDetector@4c51077d
22:17:30.623 [main] DEBUG io.netty.util.internal.PlatformDependent0 - -Dio.netty.noUnsafe: false
22:17:30.623 [main] DEBUG io.netty.util.internal.PlatformDependent0 - Java version: 19
22:17:30.624 [main] DEBUG io.netty.util.internal.PlatformDependent0 - sun.misc.Unsafe.theUnsafe: available
22:17:30.625 [main] DEBUG io.netty.util.internal.PlatformDependent0 - sun.misc.Unsafe.copyMemory: available
22:17:30.626 [main] DEBUG io.netty.util.internal.PlatformDependent0 - sun.misc.Unsafe.storeFence: available
22:17:30.628 [main] DEBUG io.netty.util.internal.PlatformDependent0 - java.nio.Buffer.address: available
22:17:30.629 [main] DEBUG io.netty.util.internal.PlatformDependent0 - direct buffer constructor: unavailable: Reflective setAccessible(true) disabled
22:17:30.631 [main] DEBUG io.netty.util.internal.PlatformDependent0 - java.nio.Bits.unaligned: available, true
22:17:30.632 [main] DEBUG io.netty.util.internal.PlatformDependent0 - jdk.internal.misc.Unsafe.allocateUninitializedArray(int): unavailable: class io.netty.util.internal.PlatformDependent0$7 cannot access class jdk.internal.misc.Unsafe (in module java.base) because module java.base does not export jdk.internal.misc to unnamed module @27ff5d15
22:17:30.637 [main] DEBUG io.netty.util.internal.PlatformDependent0 - java.nio.DirectByteBuffer.<init>(long, int): unavailable
22:17:30.637 [main] DEBUG io.netty.util.internal.PlatformDependent - sun.misc.Unsafe: available
22:17:30.641 [main] DEBUG io.netty.util.internal.PlatformDependent - maxDirectMemory: 1589641216 bytes (maybe)
22:17:30.641 [main] DEBUG io.netty.util.internal.PlatformDependent - -Dio.netty.tmpdir: C:\Users\HP\AppData\Local\Temp (java.io.tmpdir)
22:17:30.641 [main] DEBUG io.netty.util.internal.PlatformDependent - -Dio.netty.bitMode: 64 (sun.arch.data.model)
22:17:30.642 [main] DEBUG io.netty.util.internal.PlatformDependent - Platform: Windows
22:17:30.643 [main] DEBUG io.netty.util.internal.PlatformDependent - -Dio.netty.maxDirectMemory: -1 bytes
22:17:30.643 [main] DEBUG io.netty.util.internal.PlatformDependent - -Dio.netty.uninitializedArrayAllocationThreshold: -1
22:17:30.644 [main] DEBUG io.netty.util.internal.CleanerJava9 - java.nio.ByteBuffer.cleaner(): available
22:17:30.644 [main] DEBUG io.netty.util.internal.PlatformDependent - -Dio.netty.noPreferDirect: false
22:17:30.656 [main] DEBUG io.netty.util.internal.PlatformDependent - org.jctools-core.MpscChunkedArrayQueue: available
22:17:30.686 [main] DEBUG io.netty.util.internal.InternalThreadLocalMap - -Dio.netty.threadLocalMap.stringBuilder.initialSize: 1024
22:17:30.687 [main] DEBUG io.netty.util.internal.InternalThreadLocalMap - -Dio.netty.threadLocalMap.stringBuilder.maxSize: 4096
22:17:30.986 [main] DEBUG io.netty.handler.ssl.JdkSslContext - Default protocols (JDK): [TLSv1.3, TLSv1.2] 
22:17:30.986 [main] DEBUG io.netty.handler.ssl.JdkSslContext - Default cipher suites (JDK): [TLS_ECDHE_ECDSA_WITH_AES_256_GCM_SHA384, TLS_ECDHE_ECDSA_WITH_AES_128_GCM_SHA256, TLS_ECDHE_RSA_WITH_AES_128_GCM_SHA256, TLS_ECDHE_RSA_WITH_AES_256_GCM_SHA384, TLS_ECDHE_RSA_WITH_AES_128_CBC_SHA, TLS_ECDHE_RSA_WITH_AES_256_CBC_SHA, TLS_RSA_WITH_AES_128_GCM_SHA256, TLS_RSA_WITH_AES_128_CBC_SHA, TLS_RSA_WITH_AES_256_CBC_SHA, TLS_AES_128_GCM_SHA256, TLS_AES_256_GCM_SHA384]
22:17:31.014 [main] DEBUG io.netty.util.concurrent.GlobalEventExecutor - -Dio.netty.globalEventExecutor.quietPeriodSeconds: 1
22:17:31.043 [main] DEBUG io.netty.channel.MultithreadEventLoopGroup - -Dio.netty.eventLoopThreads: 16
22:17:31.062 [main] DEBUG io.netty.channel.nio.NioEventLoop - -Dio.netty.noKeySetOptimization: false
22:17:31.062 [main] DEBUG io.netty.channel.nio.NioEventLoop - -Dio.netty.selectorAutoRebuildThreshold: 512
22:17:31.190 [main] DEBUG io.netty.buffer.PooledByteBufAllocator - -Dio.netty.allocator.numHeapArenas: 16
22:17:31.190 [main] DEBUG io.netty.buffer.PooledByteBufAllocator - -Dio.netty.allocator.numDirectArenas: 16
22:17:31.190 [main] DEBUG io.netty.buffer.PooledByteBufAllocator - -Dio.netty.allocator.pageSize: 8192
22:17:31.191 [main] DEBUG io.netty.buffer.PooledByteBufAllocator - -Dio.netty.allocator.maxOrder: 9
22:17:31.191 [main] DEBUG io.netty.buffer.PooledByteBufAllocator - -Dio.netty.allocator.chunkSize: 4194304
22:17:31.191 [main] DEBUG io.netty.buffer.PooledByteBufAllocator - -Dio.netty.allocator.smallCacheSize: 256
22:17:31.191 [main] DEBUG io.netty.buffer.PooledByteBufAllocator - -Dio.netty.allocator.normalCacheSize: 64
22:17:31.191 [main] DEBUG io.netty.buffer.PooledByteBufAllocator - -Dio.netty.allocator.maxCachedBufferCapacity: 32768
22:17:31.191 [main] DEBUG io.netty.buffer.PooledByteBufAllocator - -Dio.netty.allocator.cacheTrimInterval: 8192
22:17:31.191 [main] DEBUG io.netty.buffer.PooledByteBufAllocator - -Dio.netty.allocator.cacheTrimIntervalMillis: 0
22:17:31.191 [main] DEBUG io.netty.buffer.PooledByteBufAllocator - -Dio.netty.allocator.useCacheForAllThreads: false
22:17:31.191 [main] DEBUG io.netty.buffer.PooledByteBufAllocator - -Dio.netty.allocator.maxCachedByteBuffersPerChunk: 1023
22:17:31.214 [main] DEBUG io.netty.buffer.ByteBufUtil - -Dio.netty.allocator.type: pooled
22:17:31.214 [main] DEBUG io.netty.buffer.ByteBufUtil - -Dio.netty.threadLocalDirectBufferSize: 0
22:17:31.214 [main] DEBUG io.netty.buffer.ByteBufUtil - -Dio.netty.maxThreadLocalCharBufferSize: 16384
22:17:31.588 [Forwarding newSession on session null to remote] DEBUG io.netty.channel.DefaultChannelId - -Dio.netty.processId: 2028 (auto-detected)
22:17:31.591 [Forwarding newSession on session null to remote] DEBUG io.netty.util.NetUtil - -Djava.net.preferIPv4Stack: false
22:17:31.591 [Forwarding newSession on session null to remote] DEBUG io.netty.util.NetUtil - -Djava.net.preferIPv6Addresses: false
22:17:31.616 [Forwarding newSession on session null to remote] DEBUG io.netty.util.NetUtilInitializations - Loopback interface: lo (Software Loopback Interface 1, 127.0.0.1)
22:17:31.622 [Forwarding newSession on session null to remote] DEBUG io.netty.util.NetUtil - Failed to get SOMAXCONN from sysctl and file \proc\sys\net\core\somaxconn. Default: 200
22:17:31.693 [Forwarding newSession on session null to remote] DEBUG io.netty.channel.DefaultChannelId - -Dio.netty.machineId: cc:6b:1e:ff:fe:34:9f:97 (auto-detected)
22:17:31.805 [AsyncHttpClient-1-2] DEBUG io.netty.buffer.AbstractByteBuf - -Dio.netty.buffer.checkAccessible: true
22:17:31.806 [AsyncHttpClient-1-2] DEBUG io.netty.buffer.AbstractByteBuf - -Dio.netty.buffer.checkBounds: true
22:17:31.806 [AsyncHttpClient-1-2] DEBUG io.netty.util.ResourceLeakDetectorFactory - Loaded default ResourceLeakDetector: io.netty.util.ResourceLeakDetector@41b1517f
22:17:31.851 [AsyncHttpClient-1-2] DEBUG org.asynchttpclient.netty.channel.NettyConnectListener - Using new Channel '[id: 0x0f502b57, L:/127.0.0.1:58549 - R:/127.0.0.1:4723]' for 'POST' to '/wd/hub/session'
22:17:31.881 [AsyncHttpClient-1-2] DEBUG io.netty.util.Recycler - -Dio.netty.recycler.maxCapacityPerThread: 4096
22:17:31.881 [AsyncHttpClient-1-2] DEBUG io.netty.util.Recycler - -Dio.netty.recycler.ratio: 8
22:17:31.881 [AsyncHttpClient-1-2] DEBUG io.netty.util.Recycler - -Dio.netty.recycler.chunkSize: 32
22:17:31.881 [AsyncHttpClient-1-2] DEBUG io.netty.util.Recycler - -Dio.netty.recycler.blocking: false
22:17:31.881 [AsyncHttpClient-1-2] DEBUG io.netty.util.Recycler - -Dio.netty.recycler.batchFastThreadLocalOnly: true
22:17:56.165 [AsyncHttpClient-1-2] DEBUG io.netty.handler.codec.compression.Brotli - brotli4j not in the classpath; Brotli support will be unavailable.
22:17:56.166 [AsyncHttpClient-1-2] DEBUG org.asynchttpclient.netty.handler.HttpHandler - 

Request DefaultHttpRequest(decodeResult: success, version: HTTP/1.1)
POST /wd/hub/session HTTP/1.1
X-Idempotency-Key: 9d2b37a3-6eee-49de-a01b-38214474dbdd
User-Agent: appium/8.3.0 (selenium/4.8.1 (java windows))
Content-Length: 335
Content-Type: application/json; charset=utf-8
host: 0.0.0.0:4723
accept: */*

Response DefaultHttpResponse(decodeResult: success, version: HTTP/1.1)
HTTP/1.1 200 OK
X-Powered-By: Express
Vary: X-HTTP-Method-Override
Content-Type: application/json; charset=utf-8
Content-Length: 988
ETag: W/"3dc-ybXDc38gfHWE18HxOAuTqdiGVto"
Date: Tue, 09 May 2023 15:17:56 GMT
Connection: keep-alive
Keep-Alive: timeout=600

22:17:56.191 [AsyncHttpClient-1-2] DEBUG org.asynchttpclient.netty.channel.ChannelManager - Adding key: http://0.0.0.0:4723 for channel [id: 0x0f502b57, L:/127.0.0.1:58549 - R:/127.0.0.1:4723]
22:17:56.264 [AsyncHttpClient-1-1] DEBUG org.asynchttpclient.netty.channel.DefaultChannelPool - Entry count for : http://0.0.0.0:4723 : 1
22:17:56.350 [Forwarding setTimeout on session 22446d48-0346-48bb-84df-45a1d9519042 to remote] DEBUG org.asynchttpclient.netty.request.NettyRequestSender - Using pooled Channel '[id: 0x0f502b57, L:/127.0.0.1:58549 - R:/127.0.0.1:4723]' for 'POST' to 'http://0.0.0.0:4723/wd/hub/session/22446d48-0346-48bb-84df-45a1d9519042/timeouts'
22:17:56.350 [Forwarding setTimeout on session 22446d48-0346-48bb-84df-45a1d9519042 to remote] DEBUG org.asynchttpclient.netty.request.NettyRequestSender - Using open Channel [id: 0x0f502b57, L:/127.0.0.1:58549 - R:/127.0.0.1:4723] for POST '/wd/hub/session/22446d48-0346-48bb-84df-45a1d9519042/timeouts'
22:17:56.376 [AsyncHttpClient-1-2] DEBUG org.asynchttpclient.netty.handler.HttpHandler - 

Request DefaultHttpRequest(decodeResult: success, version: HTTP/1.1)
POST /wd/hub/session/22446d48-0346-48bb-84df-45a1d9519042/timeouts HTTP/1.1
User-Agent: appium/8.3.0 (selenium/4.8.1 (java windows))
Content-Length: 23
Content-Type: application/json; charset=utf-8
host: 0.0.0.0:4723
accept: */*

Response DefaultHttpResponse(decodeResult: success, version: HTTP/1.1)
HTTP/1.1 200 OK
X-Powered-By: Express
Vary: X-HTTP-Method-Override
Content-Type: application/json; charset=utf-8
Content-Length: 14
ETag: W/"e-9/1BuKMgFObM1mWJm+YjxtXJnUM"
Date: Tue, 09 May 2023 15:17:56 GMT
Connection: keep-alive
Keep-Alive: timeout=600

22:17:56.377 [AsyncHttpClient-1-2] DEBUG org.asynchttpclient.netty.channel.ChannelManager - Adding key: http://0.0.0.0:4723 for channel [id: 0x0f502b57, L:/127.0.0.1:58549 - R:/127.0.0.1:4723]
22:17:56.389 [Forwarding findElement on session 22446d48-0346-48bb-84df-45a1d9519042 to remote] DEBUG org.asynchttpclient.netty.request.NettyRequestSender - Using pooled Channel '[id: 0x0f502b57, L:/127.0.0.1:58549 - R:/127.0.0.1:4723]' for 'POST' to 'http://0.0.0.0:4723/wd/hub/session/22446d48-0346-48bb-84df-45a1d9519042/element'
22:17:56.390 [Forwarding findElement on session 22446d48-0346-48bb-84df-45a1d9519042 to remote] DEBUG org.asynchttpclient.netty.request.NettyRequestSender - Using open Channel [id: 0x0f502b57, L:/127.0.0.1:58549 - R:/127.0.0.1:4723] for POST '/wd/hub/session/22446d48-0346-48bb-84df-45a1d9519042/element'
22:17:57.319 [AsyncHttpClient-1-2] DEBUG org.asynchttpclient.netty.handler.HttpHandler - 

Request DefaultHttpRequest(decodeResult: success, version: HTTP/1.1)
POST /wd/hub/session/22446d48-0346-48bb-84df-45a1d9519042/element HTTP/1.1
User-Agent: appium/8.3.0 (selenium/4.8.1 (java windows))
Content-Length: 326
Content-Type: application/json; charset=utf-8
host: 0.0.0.0:4723
accept: */*

Response DefaultHttpResponse(decodeResult: success, version: HTTP/1.1)
HTTP/1.1 200 OK
X-Powered-By: Express
Vary: X-HTTP-Method-Override
Content-Type: application/json; charset=utf-8
Content-Length: 137
ETag: W/"89-BeO6bKQiY1HJz9rq4s0zCgHum4c"
Date: Tue, 09 May 2023 15:17:57 GMT
Connection: keep-alive
Keep-Alive: timeout=600

22:17:57.320 [AsyncHttpClient-1-2] DEBUG org.asynchttpclient.netty.channel.ChannelManager - Adding key: http://0.0.0.0:4723 for channel [id: 0x0f502b57, L:/127.0.0.1:58549 - R:/127.0.0.1:4723]
22:17:57.327 [Forwarding isElementDisplayed on session 22446d48-0346-48bb-84df-45a1d9519042 to remote] DEBUG org.asynchttpclient.netty.request.NettyRequestSender - Using pooled Channel '[id: 0x0f502b57, L:/127.0.0.1:58549 - R:/127.0.0.1:4723]' for 'GET' to 'http://0.0.0.0:4723/wd/hub/session/22446d48-0346-48bb-84df-45a1d9519042/element/00000000-0000-0647-0000-000700000003/displayed'
22:17:57.328 [Forwarding isElementDisplayed on session 22446d48-0346-48bb-84df-45a1d9519042 to remote] DEBUG org.asynchttpclient.netty.request.NettyRequestSender - Using open Channel [id: 0x0f502b57, L:/127.0.0.1:58549 - R:/127.0.0.1:4723] for GET '/wd/hub/session/22446d48-0346-48bb-84df-45a1d9519042/element/00000000-0000-0647-0000-000700000003/displayed'
22:17:57.368 [AsyncHttpClient-1-2] DEBUG org.asynchttpclient.netty.handler.HttpHandler - 

Request DefaultFullHttpRequest(decodeResult: success, version: HTTP/1.1, content: EmptyByteBufBE)
GET /wd/hub/session/22446d48-0346-48bb-84df-45a1d9519042/element/00000000-0000-0647-0000-000700000003/displayed HTTP/1.1
User-Agent: appium/8.3.0 (selenium/4.8.1 (java windows))
Cache-Control: no-cache
Content-Type: application/json; charset=utf-8
host: 0.0.0.0:4723
accept: */*

Response DefaultHttpResponse(decodeResult: success, version: HTTP/1.1)
HTTP/1.1 200 OK
X-Powered-By: Express
Content-Type: application/json; charset=utf-8
Content-Length: 14
ETag: W/"e-2ZHvAWebNQpyjGZTg6uyV8/spTo"
Date: Tue, 09 May 2023 15:17:57 GMT
Connection: keep-alive
Keep-Alive: timeout=600

22:17:57.370 [AsyncHttpClient-1-2] DEBUG org.asynchttpclient.netty.channel.ChannelManager - Adding key: http://0.0.0.0:4723 for channel [id: 0x0f502b57, L:/127.0.0.1:58549 - R:/127.0.0.1:4723]
22:17:57.374 [Forwarding isElementDisplayed on session 22446d48-0346-48bb-84df-45a1d9519042 to remote] DEBUG org.asynchttpclient.netty.request.NettyRequestSender - Using pooled Channel '[id: 0x0f502b57, L:/127.0.0.1:58549 - R:/127.0.0.1:4723]' for 'GET' to 'http://0.0.0.0:4723/wd/hub/session/22446d48-0346-48bb-84df-45a1d9519042/element/00000000-0000-0647-0000-000700000003/displayed'
22:17:57.374 [Forwarding isElementDisplayed on session 22446d48-0346-48bb-84df-45a1d9519042 to remote] DEBUG org.asynchttpclient.netty.request.NettyRequestSender - Using open Channel [id: 0x0f502b57, L:/127.0.0.1:58549 - R:/127.0.0.1:4723] for GET '/wd/hub/session/22446d48-0346-48bb-84df-45a1d9519042/element/00000000-0000-0647-0000-000700000003/displayed'
22:17:57.889 [AsyncHttpClient-1-2] DEBUG org.asynchttpclient.netty.handler.HttpHandler - 

Request DefaultFullHttpRequest(decodeResult: success, version: HTTP/1.1, content: EmptyByteBufBE)
GET /wd/hub/session/22446d48-0346-48bb-84df-45a1d9519042/element/00000000-0000-0647-0000-000700000003/displayed HTTP/1.1
User-Agent: appium/8.3.0 (selenium/4.8.1 (java windows))
Cache-Control: no-cache
Content-Type: application/json; charset=utf-8
host: 0.0.0.0:4723
accept: */*

Response DefaultHttpResponse(decodeResult: success, version: HTTP/1.1)
HTTP/1.1 200 OK
X-Powered-By: Express
Content-Type: application/json; charset=utf-8
Content-Length: 14
ETag: W/"e-2ZHvAWebNQpyjGZTg6uyV8/spTo"
Date: Tue, 09 May 2023 15:17:57 GMT
Connection: keep-alive
Keep-Alive: timeout=600

22:17:57.890 [AsyncHttpClient-1-2] DEBUG org.asynchttpclient.netty.channel.ChannelManager - Adding key: http://0.0.0.0:4723 for channel [id: 0x0f502b57, L:/127.0.0.1:58549 - R:/127.0.0.1:4723]
22:17:57.904 [main] DEBUG net.thucydides.core.steps.StepInterceptor - STEP DONE: onHomepageAltaShop
]]></system-out>
    <system-err><![CDATA[SLF4J: Class path contains multiple SLF4J bindings.
SLF4J: Found binding in [jar:file:/C:/Users/HP/.m2/repository/ch/qos/logback/logback-classic/1.2.10/logback-classic-1.2.10.jar!/org/slf4j/impl/StaticLoggerBinder.class]
SLF4J: Found binding in [jar:file:/C:/Users/HP/.m2/repository/org/slf4j/slf4j-simple/1.7.7/slf4j-simple-1.7.7.jar!/org/slf4j/impl/StaticLoggerBinder.class]
SLF4J: See http://www.slf4j.org/codes.html#multiple_bindings for an explanation.
SLF4J: Actual binding is of type [ch.qos.logback.classic.util.ContextSelectorStaticBinder]
]]></system-err>
  </testcase>
  <testcase name="user click login button for login feature" classname="user tidak dapat login menggunakan akun yang belum terdaftar" time="1.085">
    <system-out><![CDATA[22:17:57.946 [main] DEBUG net.thucydides.core.steps.StepInterceptor - STARTING STEP: LoginSteps.userClickLoginButtonForLoginFeature - clickButtonLogin
22:17:57.953 [Forwarding findElement on session 22446d48-0346-48bb-84df-45a1d9519042 to remote] DEBUG org.asynchttpclient.netty.request.NettyRequestSender - Using pooled Channel '[id: 0x0f502b57, L:/127.0.0.1:58549 - R:/127.0.0.1:4723]' for 'POST' to 'http://0.0.0.0:4723/wd/hub/session/22446d48-0346-48bb-84df-45a1d9519042/element'
22:17:57.954 [Forwarding findElement on session 22446d48-0346-48bb-84df-45a1d9519042 to remote] DEBUG org.asynchttpclient.netty.request.NettyRequestSender - Using open Channel [id: 0x0f502b57, L:/127.0.0.1:58549 - R:/127.0.0.1:4723] for POST '/wd/hub/session/22446d48-0346-48bb-84df-45a1d9519042/element'
22:17:58.049 [AsyncHttpClient-1-2] DEBUG org.asynchttpclient.netty.handler.HttpHandler - 

Request DefaultHttpRequest(decodeResult: success, version: HTTP/1.1)
POST /wd/hub/session/22446d48-0346-48bb-84df-45a1d9519042/element HTTP/1.1
User-Agent: appium/8.3.0 (selenium/4.8.1 (java windows))
Content-Length: 326
Content-Type: application/json; charset=utf-8
host: 0.0.0.0:4723
accept: */*

Response DefaultHttpResponse(decodeResult: success, version: HTTP/1.1)
HTTP/1.1 200 OK
X-Powered-By: Express
Vary: X-HTTP-Method-Override
Content-Type: application/json; charset=utf-8
Content-Length: 137
ETag: W/"89-BeO6bKQiY1HJz9rq4s0zCgHum4c"
Date: Tue, 09 May 2023 15:17:58 GMT
Connection: keep-alive
Keep-Alive: timeout=600

22:17:58.050 [AsyncHttpClient-1-2] DEBUG org.asynchttpclient.netty.channel.ChannelManager - Adding key: http://0.0.0.0:4723 for channel [id: 0x0f502b57, L:/127.0.0.1:58549 - R:/127.0.0.1:4723]
22:17:58.053 [Forwarding isElementDisplayed on session 22446d48-0346-48bb-84df-45a1d9519042 to remote] DEBUG org.asynchttpclient.netty.request.NettyRequestSender - Using pooled Channel '[id: 0x0f502b57, L:/127.0.0.1:58549 - R:/127.0.0.1:4723]' for 'GET' to 'http://0.0.0.0:4723/wd/hub/session/22446d48-0346-48bb-84df-45a1d9519042/element/00000000-0000-0647-0000-000700000003/displayed'
22:17:58.053 [Forwarding isElementDisplayed on session 22446d48-0346-48bb-84df-45a1d9519042 to remote] DEBUG org.asynchttpclient.netty.request.NettyRequestSender - Using open Channel [id: 0x0f502b57, L:/127.0.0.1:58549 - R:/127.0.0.1:4723] for GET '/wd/hub/session/22446d48-0346-48bb-84df-45a1d9519042/element/00000000-0000-0647-0000-000700000003/displayed'
22:17:58.090 [AsyncHttpClient-1-2] DEBUG org.asynchttpclient.netty.handler.HttpHandler - 

Request DefaultFullHttpRequest(decodeResult: success, version: HTTP/1.1, content: EmptyByteBufBE)
GET /wd/hub/session/22446d48-0346-48bb-84df-45a1d9519042/element/00000000-0000-0647-0000-000700000003/displayed HTTP/1.1
User-Agent: appium/8.3.0 (selenium/4.8.1 (java windows))
Cache-Control: no-cache
Content-Type: application/json; charset=utf-8
host: 0.0.0.0:4723
accept: */*

Response DefaultHttpResponse(decodeResult: success, version: HTTP/1.1)
HTTP/1.1 200 OK
X-Powered-By: Express
Content-Type: application/json; charset=utf-8
Content-Length: 14
ETag: W/"e-2ZHvAWebNQpyjGZTg6uyV8/spTo"
Date: Tue, 09 May 2023 15:17:58 GMT
Connection: keep-alive
Keep-Alive: timeout=600

22:17:58.090 [AsyncHttpClient-1-2] DEBUG org.asynchttpclient.netty.channel.ChannelManager - Adding key: http://0.0.0.0:4723 for channel [id: 0x0f502b57, L:/127.0.0.1:58549 - R:/127.0.0.1:4723]
22:17:58.094 [Forwarding isElementEnabled on session 22446d48-0346-48bb-84df-45a1d9519042 to remote] DEBUG org.asynchttpclient.netty.request.NettyRequestSender - Using pooled Channel '[id: 0x0f502b57, L:/127.0.0.1:58549 - R:/127.0.0.1:4723]' for 'GET' to 'http://0.0.0.0:4723/wd/hub/session/22446d48-0346-48bb-84df-45a1d9519042/element/00000000-0000-0647-0000-000700000003/enabled'
22:17:58.095 [Forwarding isElementEnabled on session 22446d48-0346-48bb-84df-45a1d9519042 to remote] DEBUG org.asynchttpclient.netty.request.NettyRequestSender - Using open Channel [id: 0x0f502b57, L:/127.0.0.1:58549 - R:/127.0.0.1:4723] for GET '/wd/hub/session/22446d48-0346-48bb-84df-45a1d9519042/element/00000000-0000-0647-0000-000700000003/enabled'
22:17:58.126 [AsyncHttpClient-1-2] DEBUG org.asynchttpclient.netty.handler.HttpHandler - 

Request DefaultFullHttpRequest(decodeResult: success, version: HTTP/1.1, content: EmptyByteBufBE)
GET /wd/hub/session/22446d48-0346-48bb-84df-45a1d9519042/element/00000000-0000-0647-0000-000700000003/enabled HTTP/1.1
User-Agent: appium/8.3.0 (selenium/4.8.1 (java windows))
Cache-Control: no-cache
Content-Type: application/json; charset=utf-8
host: 0.0.0.0:4723
accept: */*

Response DefaultHttpResponse(decodeResult: success, version: HTTP/1.1)
HTTP/1.1 200 OK
X-Powered-By: Express
Content-Type: application/json; charset=utf-8
Content-Length: 14
ETag: W/"e-2ZHvAWebNQpyjGZTg6uyV8/spTo"
Date: Tue, 09 May 2023 15:17:58 GMT
Connection: keep-alive
Keep-Alive: timeout=600

22:17:58.127 [AsyncHttpClient-1-2] DEBUG org.asynchttpclient.netty.channel.ChannelManager - Adding key: http://0.0.0.0:4723 for channel [id: 0x0f502b57, L:/127.0.0.1:58549 - R:/127.0.0.1:4723]
22:17:58.131 [Forwarding clickElement on session 22446d48-0346-48bb-84df-45a1d9519042 to remote] DEBUG org.asynchttpclient.netty.request.NettyRequestSender - Using pooled Channel '[id: 0x0f502b57, L:/127.0.0.1:58549 - R:/127.0.0.1:4723]' for 'POST' to 'http://0.0.0.0:4723/wd/hub/session/22446d48-0346-48bb-84df-45a1d9519042/element/00000000-0000-0647-0000-000700000003/click'
22:17:58.131 [Forwarding clickElement on session 22446d48-0346-48bb-84df-45a1d9519042 to remote] DEBUG org.asynchttpclient.netty.request.NettyRequestSender - Using open Channel [id: 0x0f502b57, L:/127.0.0.1:58549 - R:/127.0.0.1:4723] for POST '/wd/hub/session/22446d48-0346-48bb-84df-45a1d9519042/element/00000000-0000-0647-0000-000700000003/click'
22:17:59.011 [AsyncHttpClient-1-2] DEBUG org.asynchttpclient.netty.handler.HttpHandler - 

Request DefaultHttpRequest(decodeResult: success, version: HTTP/1.1)
POST /wd/hub/session/22446d48-0346-48bb-84df-45a1d9519042/element/00000000-0000-0647-0000-000700000003/click HTTP/1.1
User-Agent: appium/8.3.0 (selenium/4.8.1 (java windows))
Content-Length: 50
Content-Type: application/json; charset=utf-8
host: 0.0.0.0:4723
accept: */*

Response DefaultHttpResponse(decodeResult: success, version: HTTP/1.1)
HTTP/1.1 200 OK
X-Powered-By: Express
Vary: X-HTTP-Method-Override
Content-Type: application/json; charset=utf-8
Content-Length: 14
ETag: W/"e-9/1BuKMgFObM1mWJm+YjxtXJnUM"
Date: Tue, 09 May 2023 15:17:59 GMT
Connection: keep-alive
Keep-Alive: timeout=600

22:17:59.012 [AsyncHttpClient-1-2] DEBUG org.asynchttpclient.netty.channel.ChannelManager - Adding key: http://0.0.0.0:4723 for channel [id: 0x0f502b57, L:/127.0.0.1:58549 - R:/127.0.0.1:4723]
22:17:59.014 [main] DEBUG net.thucydides.core.steps.StepInterceptor - STEP DONE: clickButtonLogin
]]></system-out>
  </testcase>
  <testcase name="user input email for login feature" classname="user tidak dapat login menggunakan akun yang belum terdaftar" time="1.094">
    <system-out><![CDATA[22:17:59.033 [main] DEBUG net.thucydides.core.steps.StepInterceptor - STARTING STEP: LoginSteps.userInputEmailForLoginFeature - inputEmail
22:17:59.037 [Forwarding findElement on session 22446d48-0346-48bb-84df-45a1d9519042 to remote] DEBUG org.asynchttpclient.netty.request.NettyRequestSender - Using pooled Channel '[id: 0x0f502b57, L:/127.0.0.1:58549 - R:/127.0.0.1:4723]' for 'POST' to 'http://0.0.0.0:4723/wd/hub/session/22446d48-0346-48bb-84df-45a1d9519042/element'
22:17:59.037 [Forwarding findElement on session 22446d48-0346-48bb-84df-45a1d9519042 to remote] DEBUG org.asynchttpclient.netty.request.NettyRequestSender - Using open Channel [id: 0x0f502b57, L:/127.0.0.1:58549 - R:/127.0.0.1:4723] for POST '/wd/hub/session/22446d48-0346-48bb-84df-45a1d9519042/element'
22:17:59.152 [AsyncHttpClient-1-2] DEBUG org.asynchttpclient.netty.handler.HttpHandler - 

Request DefaultHttpRequest(decodeResult: success, version: HTTP/1.1)
POST /wd/hub/session/22446d48-0346-48bb-84df-45a1d9519042/element HTTP/1.1
User-Agent: appium/8.3.0 (selenium/4.8.1 (java windows))
Content-Length: 305
Content-Type: application/json; charset=utf-8
host: 0.0.0.0:4723
accept: */*

Response DefaultHttpResponse(decodeResult: success, version: HTTP/1.1)
HTTP/1.1 200 OK
X-Powered-By: Express
Vary: X-HTTP-Method-Override
Content-Type: application/json; charset=utf-8
Content-Length: 137
ETag: W/"89-Gr1IvsOXkXz3p+dzxbYMeGOLKig"
Date: Tue, 09 May 2023 15:17:59 GMT
Connection: keep-alive
Keep-Alive: timeout=600

22:17:59.153 [AsyncHttpClient-1-2] DEBUG org.asynchttpclient.netty.channel.ChannelManager - Adding key: http://0.0.0.0:4723 for channel [id: 0x0f502b57, L:/127.0.0.1:58549 - R:/127.0.0.1:4723]
22:17:59.159 [Forwarding isElementDisplayed on session 22446d48-0346-48bb-84df-45a1d9519042 to remote] DEBUG org.asynchttpclient.netty.request.NettyRequestSender - Using pooled Channel '[id: 0x0f502b57, L:/127.0.0.1:58549 - R:/127.0.0.1:4723]' for 'GET' to 'http://0.0.0.0:4723/wd/hub/session/22446d48-0346-48bb-84df-45a1d9519042/element/00000000-0000-0647-0000-002600000003/displayed'
22:17:59.159 [Forwarding isElementDisplayed on session 22446d48-0346-48bb-84df-45a1d9519042 to remote] DEBUG org.asynchttpclient.netty.request.NettyRequestSender - Using open Channel [id: 0x0f502b57, L:/127.0.0.1:58549 - R:/127.0.0.1:4723] for GET '/wd/hub/session/22446d48-0346-48bb-84df-45a1d9519042/element/00000000-0000-0647-0000-002600000003/displayed'
22:17:59.189 [AsyncHttpClient-1-2] DEBUG org.asynchttpclient.netty.handler.HttpHandler - 

Request DefaultFullHttpRequest(decodeResult: success, version: HTTP/1.1, content: EmptyByteBufBE)
GET /wd/hub/session/22446d48-0346-48bb-84df-45a1d9519042/element/00000000-0000-0647-0000-002600000003/displayed HTTP/1.1
User-Agent: appium/8.3.0 (selenium/4.8.1 (java windows))
Cache-Control: no-cache
Content-Type: application/json; charset=utf-8
host: 0.0.0.0:4723
accept: */*

Response DefaultHttpResponse(decodeResult: success, version: HTTP/1.1)
HTTP/1.1 200 OK
X-Powered-By: Express
Content-Type: application/json; charset=utf-8
Content-Length: 14
ETag: W/"e-2ZHvAWebNQpyjGZTg6uyV8/spTo"
Date: Tue, 09 May 2023 15:17:59 GMT
Connection: keep-alive
Keep-Alive: timeout=600

22:17:59.190 [AsyncHttpClient-1-2] DEBUG org.asynchttpclient.netty.channel.ChannelManager - Adding key: http://0.0.0.0:4723 for channel [id: 0x0f502b57, L:/127.0.0.1:58549 - R:/127.0.0.1:4723]
22:17:59.194 [Forwarding isElementEnabled on session 22446d48-0346-48bb-84df-45a1d9519042 to remote] DEBUG org.asynchttpclient.netty.request.NettyRequestSender - Using pooled Channel '[id: 0x0f502b57, L:/127.0.0.1:58549 - R:/127.0.0.1:4723]' for 'GET' to 'http://0.0.0.0:4723/wd/hub/session/22446d48-0346-48bb-84df-45a1d9519042/element/00000000-0000-0647-0000-002600000003/enabled'
22:17:59.194 [Forwarding isElementEnabled on session 22446d48-0346-48bb-84df-45a1d9519042 to remote] DEBUG org.asynchttpclient.netty.request.NettyRequestSender - Using open Channel [id: 0x0f502b57, L:/127.0.0.1:58549 - R:/127.0.0.1:4723] for GET '/wd/hub/session/22446d48-0346-48bb-84df-45a1d9519042/element/00000000-0000-0647-0000-002600000003/enabled'
22:17:59.226 [AsyncHttpClient-1-2] DEBUG org.asynchttpclient.netty.handler.HttpHandler - 

Request DefaultFullHttpRequest(decodeResult: success, version: HTTP/1.1, content: EmptyByteBufBE)
GET /wd/hub/session/22446d48-0346-48bb-84df-45a1d9519042/element/00000000-0000-0647-0000-002600000003/enabled HTTP/1.1
User-Agent: appium/8.3.0 (selenium/4.8.1 (java windows))
Cache-Control: no-cache
Content-Type: application/json; charset=utf-8
host: 0.0.0.0:4723
accept: */*

Response DefaultHttpResponse(decodeResult: success, version: HTTP/1.1)
HTTP/1.1 200 OK
X-Powered-By: Express
Content-Type: application/json; charset=utf-8
Content-Length: 14
ETag: W/"e-2ZHvAWebNQpyjGZTg6uyV8/spTo"
Date: Tue, 09 May 2023 15:17:59 GMT
Connection: keep-alive
Keep-Alive: timeout=600

22:17:59.227 [AsyncHttpClient-1-2] DEBUG org.asynchttpclient.netty.channel.ChannelManager - Adding key: http://0.0.0.0:4723 for channel [id: 0x0f502b57, L:/127.0.0.1:58549 - R:/127.0.0.1:4723]
22:17:59.230 [Forwarding clickElement on session 22446d48-0346-48bb-84df-45a1d9519042 to remote] DEBUG org.asynchttpclient.netty.request.NettyRequestSender - Using pooled Channel '[id: 0x0f502b57, L:/127.0.0.1:58549 - R:/127.0.0.1:4723]' for 'POST' to 'http://0.0.0.0:4723/wd/hub/session/22446d48-0346-48bb-84df-45a1d9519042/element/00000000-0000-0647-0000-002600000003/click'
22:17:59.231 [Forwarding clickElement on session 22446d48-0346-48bb-84df-45a1d9519042 to remote] DEBUG org.asynchttpclient.netty.request.NettyRequestSender - Using open Channel [id: 0x0f502b57, L:/127.0.0.1:58549 - R:/127.0.0.1:4723] for POST '/wd/hub/session/22446d48-0346-48bb-84df-45a1d9519042/element/00000000-0000-0647-0000-002600000003/click'
22:17:59.297 [AsyncHttpClient-1-2] DEBUG org.asynchttpclient.netty.handler.HttpHandler - 

Request DefaultHttpRequest(decodeResult: success, version: HTTP/1.1)
POST /wd/hub/session/22446d48-0346-48bb-84df-45a1d9519042/element/00000000-0000-0647-0000-002600000003/click HTTP/1.1
User-Agent: appium/8.3.0 (selenium/4.8.1 (java windows))
Content-Length: 50
Content-Type: application/json; charset=utf-8
host: 0.0.0.0:4723
accept: */*

Response DefaultHttpResponse(decodeResult: success, version: HTTP/1.1)
HTTP/1.1 200 OK
X-Powered-By: Express
Vary: X-HTTP-Method-Override
Content-Type: application/json; charset=utf-8
Content-Length: 14
ETag: W/"e-9/1BuKMgFObM1mWJm+YjxtXJnUM"
Date: Tue, 09 May 2023 15:17:59 GMT
Connection: keep-alive
Keep-Alive: timeout=600

22:17:59.298 [AsyncHttpClient-1-2] DEBUG org.asynchttpclient.netty.channel.ChannelManager - Adding key: http://0.0.0.0:4723 for channel [id: 0x0f502b57, L:/127.0.0.1:58549 - R:/127.0.0.1:4723]
22:17:59.317 [Forwarding findElement on session 22446d48-0346-48bb-84df-45a1d9519042 to remote] DEBUG org.asynchttpclient.netty.request.NettyRequestSender - Using pooled Channel '[id: 0x0f502b57, L:/127.0.0.1:58549 - R:/127.0.0.1:4723]' for 'POST' to 'http://0.0.0.0:4723/wd/hub/session/22446d48-0346-48bb-84df-45a1d9519042/element'
22:17:59.317 [Forwarding findElement on session 22446d48-0346-48bb-84df-45a1d9519042 to remote] DEBUG org.asynchttpclient.netty.request.NettyRequestSender - Using open Channel [id: 0x0f502b57, L:/127.0.0.1:58549 - R:/127.0.0.1:4723] for POST '/wd/hub/session/22446d48-0346-48bb-84df-45a1d9519042/element'
22:17:59.924 [AsyncHttpClient-1-2] DEBUG org.asynchttpclient.netty.handler.HttpHandler - 

Request DefaultHttpRequest(decodeResult: success, version: HTTP/1.1)
POST /wd/hub/session/22446d48-0346-48bb-84df-45a1d9519042/element HTTP/1.1
User-Agent: appium/8.3.0 (selenium/4.8.1 (java windows))
Content-Length: 305
Content-Type: application/json; charset=utf-8
host: 0.0.0.0:4723
accept: */*

Response DefaultHttpResponse(decodeResult: success, version: HTTP/1.1)
HTTP/1.1 200 OK
X-Powered-By: Express
Vary: X-HTTP-Method-Override
Content-Type: application/json; charset=utf-8
Content-Length: 137
ETag: W/"89-Gr1IvsOXkXz3p+dzxbYMeGOLKig"
Date: Tue, 09 May 2023 15:17:59 GMT
Connection: keep-alive
Keep-Alive: timeout=600

22:17:59.925 [AsyncHttpClient-1-2] DEBUG org.asynchttpclient.netty.channel.ChannelManager - Adding key: http://0.0.0.0:4723 for channel [id: 0x0f502b57, L:/127.0.0.1:58549 - R:/127.0.0.1:4723]
22:17:59.940 [Forwarding sendKeysToElement on session 22446d48-0346-48bb-84df-45a1d9519042 to remote] DEBUG org.asynchttpclient.netty.request.NettyRequestSender - Using pooled Channel '[id: 0x0f502b57, L:/127.0.0.1:58549 - R:/127.0.0.1:4723]' for 'POST' to 'http://0.0.0.0:4723/wd/hub/session/22446d48-0346-48bb-84df-45a1d9519042/element/00000000-0000-0647-0000-002600000003/value'
22:17:59.942 [Forwarding sendKeysToElement on session 22446d48-0346-48bb-84df-45a1d9519042 to remote] DEBUG org.asynchttpclient.netty.request.NettyRequestSender - Using open Channel [id: 0x0f502b57, L:/127.0.0.1:58549 - R:/127.0.0.1:4723] for POST '/wd/hub/session/22446d48-0346-48bb-84df-45a1d9519042/element/00000000-0000-0647-0000-002600000003/value'
22:18:00.110 [AsyncHttpClient-1-2] DEBUG org.asynchttpclient.netty.handler.HttpHandler - 

Request DefaultHttpRequest(decodeResult: success, version: HTTP/1.1)
POST /wd/hub/session/22446d48-0346-48bb-84df-45a1d9519042/element/00000000-0000-0647-0000-002600000003/value HTTP/1.1
User-Agent: appium/8.3.0 (selenium/4.8.1 (java windows))
Content-Length: 361
Content-Type: application/json; charset=utf-8
host: 0.0.0.0:4723
accept: */*

Response DefaultHttpResponse(decodeResult: success, version: HTTP/1.1)
HTTP/1.1 200 OK
X-Powered-By: Express
Vary: X-HTTP-Method-Override
Content-Type: application/json; charset=utf-8
Content-Length: 14
ETag: W/"e-9/1BuKMgFObM1mWJm+YjxtXJnUM"
Date: Tue, 09 May 2023 15:18:00 GMT
Connection: keep-alive
Keep-Alive: timeout=600

22:18:00.111 [AsyncHttpClient-1-2] DEBUG org.asynchttpclient.netty.channel.ChannelManager - Adding key: http://0.0.0.0:4723 for channel [id: 0x0f502b57, L:/127.0.0.1:58549 - R:/127.0.0.1:4723]
22:18:00.116 [main] DEBUG net.thucydides.core.steps.StepInterceptor - STEP DONE: inputEmail
]]></system-out>
  </testcase>
  <testcase name="user input password for login feature" classname="user tidak dapat login menggunakan akun yang belum terdaftar" time="1.661">
    <system-out><![CDATA[22:18:00.151 [main] DEBUG net.thucydides.core.steps.StepInterceptor - STARTING STEP: LoginSteps.userInputPasswordForLoginFeature - inputPassword
22:18:00.157 [Forwarding findElement on session 22446d48-0346-48bb-84df-45a1d9519042 to remote] DEBUG org.asynchttpclient.netty.request.NettyRequestSender - Using pooled Channel '[id: 0x0f502b57, L:/127.0.0.1:58549 - R:/127.0.0.1:4723]' for 'POST' to 'http://0.0.0.0:4723/wd/hub/session/22446d48-0346-48bb-84df-45a1d9519042/element'
22:18:00.158 [Forwarding findElement on session 22446d48-0346-48bb-84df-45a1d9519042 to remote] DEBUG org.asynchttpclient.netty.request.NettyRequestSender - Using open Channel [id: 0x0f502b57, L:/127.0.0.1:58549 - R:/127.0.0.1:4723] for POST '/wd/hub/session/22446d48-0346-48bb-84df-45a1d9519042/element'
22:18:00.680 [AsyncHttpClient-1-2] DEBUG org.asynchttpclient.netty.handler.HttpHandler - 

Request DefaultHttpRequest(decodeResult: success, version: HTTP/1.1)
POST /wd/hub/session/22446d48-0346-48bb-84df-45a1d9519042/element HTTP/1.1
User-Agent: appium/8.3.0 (selenium/4.8.1 (java windows))
Content-Length: 305
Content-Type: application/json; charset=utf-8
host: 0.0.0.0:4723
accept: */*

Response DefaultHttpResponse(decodeResult: success, version: HTTP/1.1)
HTTP/1.1 200 OK
X-Powered-By: Express
Vary: X-HTTP-Method-Override
Content-Type: application/json; charset=utf-8
Content-Length: 137
ETag: W/"89-XJIQy8IB+rjYakw8NbAYfwcO1Nw"
Date: Tue, 09 May 2023 15:18:00 GMT
Connection: keep-alive
Keep-Alive: timeout=600

22:18:00.681 [AsyncHttpClient-1-2] DEBUG org.asynchttpclient.netty.channel.ChannelManager - Adding key: http://0.0.0.0:4723 for channel [id: 0x0f502b57, L:/127.0.0.1:58549 - R:/127.0.0.1:4723]
22:18:00.683 [Forwarding isElementDisplayed on session 22446d48-0346-48bb-84df-45a1d9519042 to remote] DEBUG org.asynchttpclient.netty.request.NettyRequestSender - Using pooled Channel '[id: 0x0f502b57, L:/127.0.0.1:58549 - R:/127.0.0.1:4723]' for 'GET' to 'http://0.0.0.0:4723/wd/hub/session/22446d48-0346-48bb-84df-45a1d9519042/element/00000000-0000-0647-0000-002700000003/displayed'
22:18:00.685 [Forwarding isElementDisplayed on session 22446d48-0346-48bb-84df-45a1d9519042 to remote] DEBUG org.asynchttpclient.netty.request.NettyRequestSender - Using open Channel [id: 0x0f502b57, L:/127.0.0.1:58549 - R:/127.0.0.1:4723] for GET '/wd/hub/session/22446d48-0346-48bb-84df-45a1d9519042/element/00000000-0000-0647-0000-002700000003/displayed'
22:18:00.716 [AsyncHttpClient-1-2] DEBUG org.asynchttpclient.netty.handler.HttpHandler - 

Request DefaultFullHttpRequest(decodeResult: success, version: HTTP/1.1, content: EmptyByteBufBE)
GET /wd/hub/session/22446d48-0346-48bb-84df-45a1d9519042/element/00000000-0000-0647-0000-002700000003/displayed HTTP/1.1
User-Agent: appium/8.3.0 (selenium/4.8.1 (java windows))
Cache-Control: no-cache
Content-Type: application/json; charset=utf-8
host: 0.0.0.0:4723
accept: */*

Response DefaultHttpResponse(decodeResult: success, version: HTTP/1.1)
HTTP/1.1 200 OK
X-Powered-By: Express
Content-Type: application/json; charset=utf-8
Content-Length: 14
ETag: W/"e-2ZHvAWebNQpyjGZTg6uyV8/spTo"
Date: Tue, 09 May 2023 15:18:00 GMT
Connection: keep-alive
Keep-Alive: timeout=600

22:18:00.717 [AsyncHttpClient-1-2] DEBUG org.asynchttpclient.netty.channel.ChannelManager - Adding key: http://0.0.0.0:4723 for channel [id: 0x0f502b57, L:/127.0.0.1:58549 - R:/127.0.0.1:4723]
22:18:00.720 [Forwarding isElementEnabled on session 22446d48-0346-48bb-84df-45a1d9519042 to remote] DEBUG org.asynchttpclient.netty.request.NettyRequestSender - Using pooled Channel '[id: 0x0f502b57, L:/127.0.0.1:58549 - R:/127.0.0.1:4723]' for 'GET' to 'http://0.0.0.0:4723/wd/hub/session/22446d48-0346-48bb-84df-45a1d9519042/element/00000000-0000-0647-0000-002700000003/enabled'
22:18:00.721 [Forwarding isElementEnabled on session 22446d48-0346-48bb-84df-45a1d9519042 to remote] DEBUG org.asynchttpclient.netty.request.NettyRequestSender - Using open Channel [id: 0x0f502b57, L:/127.0.0.1:58549 - R:/127.0.0.1:4723] for GET '/wd/hub/session/22446d48-0346-48bb-84df-45a1d9519042/element/00000000-0000-0647-0000-002700000003/enabled'
22:18:00.760 [AsyncHttpClient-1-2] DEBUG org.asynchttpclient.netty.handler.HttpHandler - 

Request DefaultFullHttpRequest(decodeResult: success, version: HTTP/1.1, content: EmptyByteBufBE)
GET /wd/hub/session/22446d48-0346-48bb-84df-45a1d9519042/element/00000000-0000-0647-0000-002700000003/enabled HTTP/1.1
User-Agent: appium/8.3.0 (selenium/4.8.1 (java windows))
Cache-Control: no-cache
Content-Type: application/json; charset=utf-8
host: 0.0.0.0:4723
accept: */*

Response DefaultHttpResponse(decodeResult: success, version: HTTP/1.1)
HTTP/1.1 200 OK
X-Powered-By: Express
Content-Type: application/json; charset=utf-8
Content-Length: 14
ETag: W/"e-2ZHvAWebNQpyjGZTg6uyV8/spTo"
Date: Tue, 09 May 2023 15:18:00 GMT
Connection: keep-alive
Keep-Alive: timeout=600

22:18:00.760 [AsyncHttpClient-1-2] DEBUG org.asynchttpclient.netty.channel.ChannelManager - Adding key: http://0.0.0.0:4723 for channel [id: 0x0f502b57, L:/127.0.0.1:58549 - R:/127.0.0.1:4723]
22:18:00.764 [Forwarding clickElement on session 22446d48-0346-48bb-84df-45a1d9519042 to remote] DEBUG org.asynchttpclient.netty.request.NettyRequestSender - Using pooled Channel '[id: 0x0f502b57, L:/127.0.0.1:58549 - R:/127.0.0.1:4723]' for 'POST' to 'http://0.0.0.0:4723/wd/hub/session/22446d48-0346-48bb-84df-45a1d9519042/element/00000000-0000-0647-0000-002700000003/click'
22:18:00.765 [Forwarding clickElement on session 22446d48-0346-48bb-84df-45a1d9519042 to remote] DEBUG org.asynchttpclient.netty.request.NettyRequestSender - Using open Channel [id: 0x0f502b57, L:/127.0.0.1:58549 - R:/127.0.0.1:4723] for POST '/wd/hub/session/22446d48-0346-48bb-84df-45a1d9519042/element/00000000-0000-0647-0000-002700000003/click'
22:18:00.857 [AsyncHttpClient-1-2] DEBUG org.asynchttpclient.netty.handler.HttpHandler - 

Request DefaultHttpRequest(decodeResult: success, version: HTTP/1.1)
POST /wd/hub/session/22446d48-0346-48bb-84df-45a1d9519042/element/00000000-0000-0647-0000-002700000003/click HTTP/1.1
User-Agent: appium/8.3.0 (selenium/4.8.1 (java windows))
Content-Length: 50
Content-Type: application/json; charset=utf-8
host: 0.0.0.0:4723
accept: */*

Response DefaultHttpResponse(decodeResult: success, version: HTTP/1.1)
HTTP/1.1 200 OK
X-Powered-By: Express
Vary: X-HTTP-Method-Override
Content-Type: application/json; charset=utf-8
Content-Length: 14
ETag: W/"e-9/1BuKMgFObM1mWJm+YjxtXJnUM"
Date: Tue, 09 May 2023 15:18:00 GMT
Connection: keep-alive
Keep-Alive: timeout=600

22:18:00.858 [AsyncHttpClient-1-2] DEBUG org.asynchttpclient.netty.channel.ChannelManager - Adding key: http://0.0.0.0:4723 for channel [id: 0x0f502b57, L:/127.0.0.1:58549 - R:/127.0.0.1:4723]
22:18:00.867 [Forwarding findElement on session 22446d48-0346-48bb-84df-45a1d9519042 to remote] DEBUG org.asynchttpclient.netty.request.NettyRequestSender - Using pooled Channel '[id: 0x0f502b57, L:/127.0.0.1:58549 - R:/127.0.0.1:4723]' for 'POST' to 'http://0.0.0.0:4723/wd/hub/session/22446d48-0346-48bb-84df-45a1d9519042/element'
22:18:00.867 [Forwarding findElement on session 22446d48-0346-48bb-84df-45a1d9519042 to remote] DEBUG org.asynchttpclient.netty.request.NettyRequestSender - Using open Channel [id: 0x0f502b57, L:/127.0.0.1:58549 - R:/127.0.0.1:4723] for POST '/wd/hub/session/22446d48-0346-48bb-84df-45a1d9519042/element'
22:18:01.730 [AsyncHttpClient-1-2] DEBUG org.asynchttpclient.netty.handler.HttpHandler - 

Request DefaultHttpRequest(decodeResult: success, version: HTTP/1.1)
POST /wd/hub/session/22446d48-0346-48bb-84df-45a1d9519042/element HTTP/1.1
User-Agent: appium/8.3.0 (selenium/4.8.1 (java windows))
Content-Length: 305
Content-Type: application/json; charset=utf-8
host: 0.0.0.0:4723
accept: */*

Response DefaultHttpResponse(decodeResult: success, version: HTTP/1.1)
HTTP/1.1 200 OK
X-Powered-By: Express
Vary: X-HTTP-Method-Override
Content-Type: application/json; charset=utf-8
Content-Length: 137
ETag: W/"89-XJIQy8IB+rjYakw8NbAYfwcO1Nw"
Date: Tue, 09 May 2023 15:18:01 GMT
Connection: keep-alive
Keep-Alive: timeout=600

22:18:01.730 [AsyncHttpClient-1-2] DEBUG org.asynchttpclient.netty.channel.ChannelManager - Adding key: http://0.0.0.0:4723 for channel [id: 0x0f502b57, L:/127.0.0.1:58549 - R:/127.0.0.1:4723]
22:18:01.733 [Forwarding sendKeysToElement on session 22446d48-0346-48bb-84df-45a1d9519042 to remote] DEBUG org.asynchttpclient.netty.request.NettyRequestSender - Using pooled Channel '[id: 0x0f502b57, L:/127.0.0.1:58549 - R:/127.0.0.1:4723]' for 'POST' to 'http://0.0.0.0:4723/wd/hub/session/22446d48-0346-48bb-84df-45a1d9519042/element/00000000-0000-0647-0000-002700000003/value'
22:18:01.733 [Forwarding sendKeysToElement on session 22446d48-0346-48bb-84df-45a1d9519042 to remote] DEBUG org.asynchttpclient.netty.request.NettyRequestSender - Using open Channel [id: 0x0f502b57, L:/127.0.0.1:58549 - R:/127.0.0.1:4723] for POST '/wd/hub/session/22446d48-0346-48bb-84df-45a1d9519042/element/00000000-0000-0647-0000-002700000003/value'
22:18:01.787 [AsyncHttpClient-1-2] DEBUG org.asynchttpclient.netty.handler.HttpHandler - 

Request DefaultHttpRequest(decodeResult: success, version: HTTP/1.1)
POST /wd/hub/session/22446d48-0346-48bb-84df-45a1d9519042/element/00000000-0000-0647-0000-002700000003/value HTTP/1.1
User-Agent: appium/8.3.0 (selenium/4.8.1 (java windows))
Content-Length: 111
Content-Type: application/json; charset=utf-8
host: 0.0.0.0:4723
accept: */*

Response DefaultHttpResponse(decodeResult: success, version: HTTP/1.1)
HTTP/1.1 200 OK
X-Powered-By: Express
Vary: X-HTTP-Method-Override
Content-Type: application/json; charset=utf-8
Content-Length: 14
ETag: W/"e-9/1BuKMgFObM1mWJm+YjxtXJnUM"
Date: Tue, 09 May 2023 15:18:01 GMT
Connection: keep-alive
Keep-Alive: timeout=600

22:18:01.788 [AsyncHttpClient-1-2] DEBUG org.asynchttpclient.netty.channel.ChannelManager - Adding key: http://0.0.0.0:4723 for channel [id: 0x0f502b57, L:/127.0.0.1:58549 - R:/127.0.0.1:4723]
22:18:01.793 [main] DEBUG net.thucydides.core.steps.StepInterceptor - STEP DONE: inputPassword
]]></system-out>
  </testcase>
  <testcase name="user click login button again for login feature" classname="user tidak dapat login menggunakan akun yang belum terdaftar" time="2.003">
    <system-out><![CDATA[22:18:01.820 [main] DEBUG net.thucydides.core.steps.StepInterceptor - STARTING STEP: LoginSteps.userClickLoginButtonAgainForLoginFeature - clickButtonLoginSecond
22:18:01.825 [Forwarding findElement on session 22446d48-0346-48bb-84df-45a1d9519042 to remote] DEBUG org.asynchttpclient.netty.request.NettyRequestSender - Using pooled Channel '[id: 0x0f502b57, L:/127.0.0.1:58549 - R:/127.0.0.1:4723]' for 'POST' to 'http://0.0.0.0:4723/wd/hub/session/22446d48-0346-48bb-84df-45a1d9519042/element'
22:18:01.825 [Forwarding findElement on session 22446d48-0346-48bb-84df-45a1d9519042 to remote] DEBUG org.asynchttpclient.netty.request.NettyRequestSender - Using open Channel [id: 0x0f502b57, L:/127.0.0.1:58549 - R:/127.0.0.1:4723] for POST '/wd/hub/session/22446d48-0346-48bb-84df-45a1d9519042/element'
22:18:02.560 [AsyncHttpClient-1-2] DEBUG org.asynchttpclient.netty.handler.HttpHandler - 

Request DefaultHttpRequest(decodeResult: success, version: HTTP/1.1)
POST /wd/hub/session/22446d48-0346-48bb-84df-45a1d9519042/element HTTP/1.1
User-Agent: appium/8.3.0 (selenium/4.8.1 (java windows))
Content-Length: 95
Content-Type: application/json; charset=utf-8
host: 0.0.0.0:4723
accept: */*

Response DefaultHttpResponse(decodeResult: success, version: HTTP/1.1)
HTTP/1.1 200 OK
X-Powered-By: Express
Vary: X-HTTP-Method-Override
Content-Type: application/json; charset=utf-8
Content-Length: 137
ETag: W/"89-0hlRPwbjIcj5vxecvkSZ20wZdSY"
Date: Tue, 09 May 2023 15:18:02 GMT
Connection: keep-alive
Keep-Alive: timeout=600

22:18:02.561 [AsyncHttpClient-1-2] DEBUG org.asynchttpclient.netty.channel.ChannelManager - Adding key: http://0.0.0.0:4723 for channel [id: 0x0f502b57, L:/127.0.0.1:58549 - R:/127.0.0.1:4723]
22:18:02.564 [Forwarding isElementDisplayed on session 22446d48-0346-48bb-84df-45a1d9519042 to remote] DEBUG org.asynchttpclient.netty.request.NettyRequestSender - Using pooled Channel '[id: 0x0f502b57, L:/127.0.0.1:58549 - R:/127.0.0.1:4723]' for 'GET' to 'http://0.0.0.0:4723/wd/hub/session/22446d48-0346-48bb-84df-45a1d9519042/element/00000000-0000-0647-0000-002800000003/displayed'
22:18:02.565 [Forwarding isElementDisplayed on session 22446d48-0346-48bb-84df-45a1d9519042 to remote] DEBUG org.asynchttpclient.netty.request.NettyRequestSender - Using open Channel [id: 0x0f502b57, L:/127.0.0.1:58549 - R:/127.0.0.1:4723] for GET '/wd/hub/session/22446d48-0346-48bb-84df-45a1d9519042/element/00000000-0000-0647-0000-002800000003/displayed'
22:18:02.600 [AsyncHttpClient-1-2] DEBUG org.asynchttpclient.netty.handler.HttpHandler - 

Request DefaultFullHttpRequest(decodeResult: success, version: HTTP/1.1, content: EmptyByteBufBE)
GET /wd/hub/session/22446d48-0346-48bb-84df-45a1d9519042/element/00000000-0000-0647-0000-002800000003/displayed HTTP/1.1
User-Agent: appium/8.3.0 (selenium/4.8.1 (java windows))
Cache-Control: no-cache
Content-Type: application/json; charset=utf-8
host: 0.0.0.0:4723
accept: */*

Response DefaultHttpResponse(decodeResult: success, version: HTTP/1.1)
HTTP/1.1 200 OK
X-Powered-By: Express
Content-Type: application/json; charset=utf-8
Content-Length: 14
ETag: W/"e-2ZHvAWebNQpyjGZTg6uyV8/spTo"
Date: Tue, 09 May 2023 15:18:02 GMT
Connection: keep-alive
Keep-Alive: timeout=600

22:18:02.601 [AsyncHttpClient-1-2] DEBUG org.asynchttpclient.netty.channel.ChannelManager - Adding key: http://0.0.0.0:4723 for channel [id: 0x0f502b57, L:/127.0.0.1:58549 - R:/127.0.0.1:4723]
22:18:02.603 [Forwarding isElementEnabled on session 22446d48-0346-48bb-84df-45a1d9519042 to remote] DEBUG org.asynchttpclient.netty.request.NettyRequestSender - Using pooled Channel '[id: 0x0f502b57, L:/127.0.0.1:58549 - R:/127.0.0.1:4723]' for 'GET' to 'http://0.0.0.0:4723/wd/hub/session/22446d48-0346-48bb-84df-45a1d9519042/element/00000000-0000-0647-0000-002800000003/enabled'
22:18:02.603 [Forwarding isElementEnabled on session 22446d48-0346-48bb-84df-45a1d9519042 to remote] DEBUG org.asynchttpclient.netty.request.NettyRequestSender - Using open Channel [id: 0x0f502b57, L:/127.0.0.1:58549 - R:/127.0.0.1:4723] for GET '/wd/hub/session/22446d48-0346-48bb-84df-45a1d9519042/element/00000000-0000-0647-0000-002800000003/enabled'
22:18:02.640 [AsyncHttpClient-1-2] DEBUG org.asynchttpclient.netty.handler.HttpHandler - 

Request DefaultFullHttpRequest(decodeResult: success, version: HTTP/1.1, content: EmptyByteBufBE)
GET /wd/hub/session/22446d48-0346-48bb-84df-45a1d9519042/element/00000000-0000-0647-0000-002800000003/enabled HTTP/1.1
User-Agent: appium/8.3.0 (selenium/4.8.1 (java windows))
Cache-Control: no-cache
Content-Type: application/json; charset=utf-8
host: 0.0.0.0:4723
accept: */*

Response DefaultHttpResponse(decodeResult: success, version: HTTP/1.1)
HTTP/1.1 200 OK
X-Powered-By: Express
Content-Type: application/json; charset=utf-8
Content-Length: 14
ETag: W/"e-2ZHvAWebNQpyjGZTg6uyV8/spTo"
Date: Tue, 09 May 2023 15:18:02 GMT
Connection: keep-alive
Keep-Alive: timeout=600

22:18:02.640 [AsyncHttpClient-1-2] DEBUG org.asynchttpclient.netty.channel.ChannelManager - Adding key: http://0.0.0.0:4723 for channel [id: 0x0f502b57, L:/127.0.0.1:58549 - R:/127.0.0.1:4723]
22:18:02.644 [Forwarding clickElement on session 22446d48-0346-48bb-84df-45a1d9519042 to remote] DEBUG org.asynchttpclient.netty.request.NettyRequestSender - Using pooled Channel '[id: 0x0f502b57, L:/127.0.0.1:58549 - R:/127.0.0.1:4723]' for 'POST' to 'http://0.0.0.0:4723/wd/hub/session/22446d48-0346-48bb-84df-45a1d9519042/element/00000000-0000-0647-0000-002800000003/click'
22:18:02.645 [Forwarding clickElement on session 22446d48-0346-48bb-84df-45a1d9519042 to remote] DEBUG org.asynchttpclient.netty.request.NettyRequestSender - Using open Channel [id: 0x0f502b57, L:/127.0.0.1:58549 - R:/127.0.0.1:4723] for POST '/wd/hub/session/22446d48-0346-48bb-84df-45a1d9519042/element/00000000-0000-0647-0000-002800000003/click'
22:18:03.798 [AsyncHttpClient-1-2] DEBUG org.asynchttpclient.netty.handler.HttpHandler - 

Request DefaultHttpRequest(decodeResult: success, version: HTTP/1.1)
POST /wd/hub/session/22446d48-0346-48bb-84df-45a1d9519042/element/00000000-0000-0647-0000-002800000003/click HTTP/1.1
User-Agent: appium/8.3.0 (selenium/4.8.1 (java windows))
Content-Length: 50
Content-Type: application/json; charset=utf-8
host: 0.0.0.0:4723
accept: */*

Response DefaultHttpResponse(decodeResult: success, version: HTTP/1.1)
HTTP/1.1 200 OK
X-Powered-By: Express
Vary: X-HTTP-Method-Override
Content-Type: application/json; charset=utf-8
Content-Length: 14
ETag: W/"e-9/1BuKMgFObM1mWJm+YjxtXJnUM"
Date: Tue, 09 May 2023 15:18:03 GMT
Connection: keep-alive
Keep-Alive: timeout=600

22:18:03.798 [AsyncHttpClient-1-2] DEBUG org.asynchttpclient.netty.channel.ChannelManager - Adding key: http://0.0.0.0:4723 for channel [id: 0x0f502b57, L:/127.0.0.1:58549 - R:/127.0.0.1:4723]
22:18:03.801 [main] DEBUG net.thucydides.core.steps.StepInterceptor - STEP DONE: clickButtonLoginSecond
]]></system-out>
  </testcase>
  <testcase name="user see error message &quot;Record not found&quot;" classname="user tidak dapat login menggunakan akun yang belum terdaftar" time="0.174">
    <system-out><![CDATA[22:18:03.835 [main] DEBUG net.thucydides.core.steps.StepInterceptor - STARTING STEP: LoginSteps.userSeeErrorMessage - getRecordNotFound
22:18:03.844 [Forwarding findElement on session 22446d48-0346-48bb-84df-45a1d9519042 to remote] DEBUG org.asynchttpclient.netty.request.NettyRequestSender - Using pooled Channel '[id: 0x0f502b57, L:/127.0.0.1:58549 - R:/127.0.0.1:4723]' for 'POST' to 'http://0.0.0.0:4723/wd/hub/session/22446d48-0346-48bb-84df-45a1d9519042/element'
22:18:03.845 [Forwarding findElement on session 22446d48-0346-48bb-84df-45a1d9519042 to remote] DEBUG org.asynchttpclient.netty.request.NettyRequestSender - Using open Channel [id: 0x0f502b57, L:/127.0.0.1:58549 - R:/127.0.0.1:4723] for POST '/wd/hub/session/22446d48-0346-48bb-84df-45a1d9519042/element'
22:18:03.923 [AsyncHttpClient-1-2] DEBUG org.asynchttpclient.netty.handler.HttpHandler - 

Request DefaultHttpRequest(decodeResult: success, version: HTTP/1.1)
POST /wd/hub/session/22446d48-0346-48bb-84df-45a1d9519042/element HTTP/1.1
User-Agent: appium/8.3.0 (selenium/4.8.1 (java windows))
Content-Length: 118
Content-Type: application/json; charset=utf-8
host: 0.0.0.0:4723
accept: */*

Response DefaultHttpResponse(decodeResult: success, version: HTTP/1.1)
HTTP/1.1 200 OK
X-Powered-By: Express
Vary: X-HTTP-Method-Override
Content-Type: application/json; charset=utf-8
Content-Length: 137
ETag: W/"89-/MmmIqdCRMrhdQEDa2R9i1V7HJM"
Date: Tue, 09 May 2023 15:18:03 GMT
Connection: keep-alive
Keep-Alive: timeout=600

22:18:03.924 [AsyncHttpClient-1-2] DEBUG org.asynchttpclient.netty.channel.ChannelManager - Adding key: http://0.0.0.0:4723 for channel [id: 0x0f502b57, L:/127.0.0.1:58549 - R:/127.0.0.1:4723]
22:18:03.927 [Forwarding isElementDisplayed on session 22446d48-0346-48bb-84df-45a1d9519042 to remote] DEBUG org.asynchttpclient.netty.request.NettyRequestSender - Using pooled Channel '[id: 0x0f502b57, L:/127.0.0.1:58549 - R:/127.0.0.1:4723]' for 'GET' to 'http://0.0.0.0:4723/wd/hub/session/22446d48-0346-48bb-84df-45a1d9519042/element/00000000-0000-0647-0000-002e00000003/displayed'
22:18:03.927 [Forwarding isElementDisplayed on session 22446d48-0346-48bb-84df-45a1d9519042 to remote] DEBUG org.asynchttpclient.netty.request.NettyRequestSender - Using open Channel [id: 0x0f502b57, L:/127.0.0.1:58549 - R:/127.0.0.1:4723] for GET '/wd/hub/session/22446d48-0346-48bb-84df-45a1d9519042/element/00000000-0000-0647-0000-002e00000003/displayed'
22:18:03.957 [AsyncHttpClient-1-2] DEBUG org.asynchttpclient.netty.handler.HttpHandler - 

Request DefaultFullHttpRequest(decodeResult: success, version: HTTP/1.1, content: EmptyByteBufBE)
GET /wd/hub/session/22446d48-0346-48bb-84df-45a1d9519042/element/00000000-0000-0647-0000-002e00000003/displayed HTTP/1.1
User-Agent: appium/8.3.0 (selenium/4.8.1 (java windows))
Cache-Control: no-cache
Content-Type: application/json; charset=utf-8
host: 0.0.0.0:4723
accept: */*

Response DefaultHttpResponse(decodeResult: success, version: HTTP/1.1)
HTTP/1.1 200 OK
X-Powered-By: Express
Content-Type: application/json; charset=utf-8
Content-Length: 14
ETag: W/"e-2ZHvAWebNQpyjGZTg6uyV8/spTo"
Date: Tue, 09 May 2023 15:18:03 GMT
Connection: keep-alive
Keep-Alive: timeout=600

22:18:03.958 [AsyncHttpClient-1-2] DEBUG org.asynchttpclient.netty.channel.ChannelManager - Adding key: http://0.0.0.0:4723 for channel [id: 0x0f502b57, L:/127.0.0.1:58549 - R:/127.0.0.1:4723]
22:18:03.962 [Forwarding getElementText on session 22446d48-0346-48bb-84df-45a1d9519042 to remote] DEBUG org.asynchttpclient.netty.request.NettyRequestSender - Using pooled Channel '[id: 0x0f502b57, L:/127.0.0.1:58549 - R:/127.0.0.1:4723]' for 'GET' to 'http://0.0.0.0:4723/wd/hub/session/22446d48-0346-48bb-84df-45a1d9519042/element/00000000-0000-0647-0000-002e00000003/text'
22:18:03.963 [Forwarding getElementText on session 22446d48-0346-48bb-84df-45a1d9519042 to remote] DEBUG org.asynchttpclient.netty.request.NettyRequestSender - Using open Channel [id: 0x0f502b57, L:/127.0.0.1:58549 - R:/127.0.0.1:4723] for GET '/wd/hub/session/22446d48-0346-48bb-84df-45a1d9519042/element/00000000-0000-0647-0000-002e00000003/text'
22:18:03.987 [AsyncHttpClient-1-2] DEBUG org.asynchttpclient.netty.handler.HttpHandler - 

Request DefaultFullHttpRequest(decodeResult: success, version: HTTP/1.1, content: EmptyByteBufBE)
GET /wd/hub/session/22446d48-0346-48bb-84df-45a1d9519042/element/00000000-0000-0647-0000-002e00000003/text HTTP/1.1
User-Agent: appium/8.3.0 (selenium/4.8.1 (java windows))
Cache-Control: no-cache
Content-Type: application/json; charset=utf-8
host: 0.0.0.0:4723
accept: */*

Response DefaultHttpResponse(decodeResult: success, version: HTTP/1.1)
HTTP/1.1 200 OK
X-Powered-By: Express
Content-Type: application/json; charset=utf-8
Content-Length: 63
ETag: W/"3f-F9dyFmPLivLJmtKlTYpGPMhIu4U"
Date: Tue, 09 May 2023 15:18:03 GMT
Connection: keep-alive
Keep-Alive: timeout=600

22:18:03.988 [AsyncHttpClient-1-2] DEBUG org.asynchttpclient.netty.channel.ChannelManager - Adding key: http://0.0.0.0:4723 for channel [id: 0x0f502b57, L:/127.0.0.1:58549 - R:/127.0.0.1:4723]
22:18:03.989 [main] DEBUG net.thucydides.core.steps.StepInterceptor - STEP DONE: getRecordNotFound
]]></system-out>
  </testcase>
  <testcase name="user on homepage AltaShop for login feature" classname="user bisa login menggunakan data valid" time="11.437">
    <system-out><![CDATA[22:18:04.000 [main] INFO  - 
  _____   ___   ___   _____     ___     _     ___   ___   ___   ___  
 |_   _| | __| / __| |_   _|   | _ \   /_\   / __| / __| | __| |   \ 
   | |   | _|  \__ \   | |     |  _/  / _ \  \__ \ \__ \ | _|  | |) |
   |_|   |___| |___/   |_|     |_|   /_/ \_\ |___/ |___/ |___| |___/ 

user tidak dapat login menggunakan akun yang belum terdaftar
----------------------------------------------------------------------
22:18:04.021 [main] DEBUG io.cucumber.core.plugin.SerenityReporter - Running feature from file:///C:/Users/HP/Downloads/Mini-Project-QA/ALTASHOP%20MOBILE%20AUTOMATION/src/test/resources/features/1.%20Login.feature
22:18:04.029 [main] INFO  - 
  _____   ___   ___   _____     ___   _____     _     ___   _____   ___   ___  
 |_   _| | __| / __| |_   _|   / __| |_   _|   /_\   | _ \ |_   _| | __| |   \ 
   | |   | _|  \__ \   | |     \__ \   | |    / _ \  |   /   | |   | _|  | |) |
   |_|   |___| |___/   |_|     |___/   |_|   /_/ \_\ |_|_\   |_|   |___| |___/ 

user bisa login menggunakan data valid(login;user-bisa-login-menggunakan-data-valid)
--------------------------------------------------------------------------------
22:18:04.053 [main] DEBUG net.thucydides.core.steps.StepInterceptor - STARTING STEP: LoginSteps.userOnHomepageAltaShopForLoginFeature - onHomepageAltaShop
22:18:04.062 [Forwarding newSession on session null to remote] DEBUG org.asynchttpclient.netty.request.NettyRequestSender - Using pooled Channel '[id: 0x0f502b57, L:/127.0.0.1:58549 - R:/127.0.0.1:4723]' for 'POST' to 'http://0.0.0.0:4723/wd/hub/session'
22:18:04.062 [Forwarding newSession on session null to remote] DEBUG org.asynchttpclient.netty.request.NettyRequestSender - Using open Channel [id: 0x0f502b57, L:/127.0.0.1:58549 - R:/127.0.0.1:4723] for POST '/wd/hub/session'
22:18:13.827 [AsyncHttpClient-1-2] DEBUG org.asynchttpclient.netty.handler.HttpHandler - 

Request DefaultHttpRequest(decodeResult: success, version: HTTP/1.1)
POST /wd/hub/session HTTP/1.1
X-Idempotency-Key: 9fde030c-7bed-419f-aee8-3aee388d63b5
User-Agent: appium/8.3.0 (selenium/4.8.1 (java windows))
Content-Length: 335
Content-Type: application/json; charset=utf-8
host: 0.0.0.0:4723
accept: */*

Response DefaultHttpResponse(decodeResult: success, version: HTTP/1.1)
HTTP/1.1 200 OK
X-Powered-By: Express
Vary: X-HTTP-Method-Override
Content-Type: application/json; charset=utf-8
Content-Length: 988
ETag: W/"3dc-jTnHpu5KLK/1vlXcfKtgd/5XfsM"
Date: Tue, 09 May 2023 15:18:13 GMT
Connection: keep-alive
Keep-Alive: timeout=600

22:18:13.829 [AsyncHttpClient-1-2] DEBUG org.asynchttpclient.netty.channel.ChannelManager - Adding key: http://0.0.0.0:4723 for channel [id: 0x0f502b57, L:/127.0.0.1:58549 - R:/127.0.0.1:4723]
22:18:13.852 [Forwarding setTimeout on session 10d7adfe-f3f2-4a50-bac5-1aa407bc726b to remote] DEBUG org.asynchttpclient.netty.request.NettyRequestSender - Using pooled Channel '[id: 0x0f502b57, L:/127.0.0.1:58549 - R:/127.0.0.1:4723]' for 'POST' to 'http://0.0.0.0:4723/wd/hub/session/10d7adfe-f3f2-4a50-bac5-1aa407bc726b/timeouts'
22:18:13.852 [Forwarding setTimeout on session 10d7adfe-f3f2-4a50-bac5-1aa407bc726b to remote] DEBUG org.asynchttpclient.netty.request.NettyRequestSender - Using open Channel [id: 0x0f502b57, L:/127.0.0.1:58549 - R:/127.0.0.1:4723] for POST '/wd/hub/session/10d7adfe-f3f2-4a50-bac5-1aa407bc726b/timeouts'
22:18:13.878 [AsyncHttpClient-1-2] DEBUG org.asynchttpclient.netty.handler.HttpHandler - 

Request DefaultHttpRequest(decodeResult: success, version: HTTP/1.1)
POST /wd/hub/session/10d7adfe-f3f2-4a50-bac5-1aa407bc726b/timeouts HTTP/1.1
User-Agent: appium/8.3.0 (selenium/4.8.1 (java windows))
Content-Length: 23
Content-Type: application/json; charset=utf-8
host: 0.0.0.0:4723
accept: */*

Response DefaultHttpResponse(decodeResult: success, version: HTTP/1.1)
HTTP/1.1 200 OK
X-Powered-By: Express
Vary: X-HTTP-Method-Override
Content-Type: application/json; charset=utf-8
Content-Length: 14
ETag: W/"e-9/1BuKMgFObM1mWJm+YjxtXJnUM"
Date: Tue, 09 May 2023 15:18:13 GMT
Connection: keep-alive
Keep-Alive: timeout=600

22:18:13.879 [AsyncHttpClient-1-2] DEBUG org.asynchttpclient.netty.channel.ChannelManager - Adding key: http://0.0.0.0:4723 for channel [id: 0x0f502b57, L:/127.0.0.1:58549 - R:/127.0.0.1:4723]
22:18:13.883 [Forwarding findElement on session 10d7adfe-f3f2-4a50-bac5-1aa407bc726b to remote] DEBUG org.asynchttpclient.netty.request.NettyRequestSender - Using pooled Channel '[id: 0x0f502b57, L:/127.0.0.1:58549 - R:/127.0.0.1:4723]' for 'POST' to 'http://0.0.0.0:4723/wd/hub/session/10d7adfe-f3f2-4a50-bac5-1aa407bc726b/element'
22:18:13.883 [Forwarding findElement on session 10d7adfe-f3f2-4a50-bac5-1aa407bc726b to remote] DEBUG org.asynchttpclient.netty.request.NettyRequestSender - Using open Channel [id: 0x0f502b57, L:/127.0.0.1:58549 - R:/127.0.0.1:4723] for POST '/wd/hub/session/10d7adfe-f3f2-4a50-bac5-1aa407bc726b/element'
22:18:15.408 [AsyncHttpClient-1-2] DEBUG org.asynchttpclient.netty.handler.HttpHandler - 

Request DefaultHttpRequest(decodeResult: success, version: HTTP/1.1)
POST /wd/hub/session/10d7adfe-f3f2-4a50-bac5-1aa407bc726b/element HTTP/1.1
User-Agent: appium/8.3.0 (selenium/4.8.1 (java windows))
Content-Length: 326
Content-Type: application/json; charset=utf-8
host: 0.0.0.0:4723
accept: */*

Response DefaultHttpResponse(decodeResult: success, version: HTTP/1.1)
HTTP/1.1 200 OK
X-Powered-By: Express
Vary: X-HTTP-Method-Override
Content-Type: application/json; charset=utf-8
Content-Length: 137
ETag: W/"89-eHOfCzDwty4qk3pn85H/r06GwF4"
Date: Tue, 09 May 2023 15:18:15 GMT
Connection: keep-alive
Keep-Alive: timeout=600

22:18:15.408 [AsyncHttpClient-1-2] DEBUG org.asynchttpclient.netty.channel.ChannelManager - Adding key: http://0.0.0.0:4723 for channel [id: 0x0f502b57, L:/127.0.0.1:58549 - R:/127.0.0.1:4723]
22:18:15.410 [Forwarding isElementDisplayed on session 10d7adfe-f3f2-4a50-bac5-1aa407bc726b to remote] DEBUG org.asynchttpclient.netty.request.NettyRequestSender - Using pooled Channel '[id: 0x0f502b57, L:/127.0.0.1:58549 - R:/127.0.0.1:4723]' for 'GET' to 'http://0.0.0.0:4723/wd/hub/session/10d7adfe-f3f2-4a50-bac5-1aa407bc726b/element/00000000-0000-0655-0000-000700000003/displayed'
22:18:15.410 [Forwarding isElementDisplayed on session 10d7adfe-f3f2-4a50-bac5-1aa407bc726b to remote] DEBUG org.asynchttpclient.netty.request.NettyRequestSender - Using open Channel [id: 0x0f502b57, L:/127.0.0.1:58549 - R:/127.0.0.1:4723] for GET '/wd/hub/session/10d7adfe-f3f2-4a50-bac5-1aa407bc726b/element/00000000-0000-0655-0000-000700000003/displayed'
22:18:15.439 [AsyncHttpClient-1-2] DEBUG org.asynchttpclient.netty.handler.HttpHandler - 

Request DefaultFullHttpRequest(decodeResult: success, version: HTTP/1.1, content: EmptyByteBufBE)
GET /wd/hub/session/10d7adfe-f3f2-4a50-bac5-1aa407bc726b/element/00000000-0000-0655-0000-000700000003/displayed HTTP/1.1
User-Agent: appium/8.3.0 (selenium/4.8.1 (java windows))
Cache-Control: no-cache
Content-Type: application/json; charset=utf-8
host: 0.0.0.0:4723
accept: */*

Response DefaultHttpResponse(decodeResult: success, version: HTTP/1.1)
HTTP/1.1 200 OK
X-Powered-By: Express
Content-Type: application/json; charset=utf-8
Content-Length: 14
ETag: W/"e-2ZHvAWebNQpyjGZTg6uyV8/spTo"
Date: Tue, 09 May 2023 15:18:15 GMT
Connection: keep-alive
Keep-Alive: timeout=600

22:18:15.440 [AsyncHttpClient-1-2] DEBUG org.asynchttpclient.netty.channel.ChannelManager - Adding key: http://0.0.0.0:4723 for channel [id: 0x0f502b57, L:/127.0.0.1:58549 - R:/127.0.0.1:4723]
22:18:15.443 [Forwarding isElementDisplayed on session 10d7adfe-f3f2-4a50-bac5-1aa407bc726b to remote] DEBUG org.asynchttpclient.netty.request.NettyRequestSender - Using pooled Channel '[id: 0x0f502b57, L:/127.0.0.1:58549 - R:/127.0.0.1:4723]' for 'GET' to 'http://0.0.0.0:4723/wd/hub/session/10d7adfe-f3f2-4a50-bac5-1aa407bc726b/element/00000000-0000-0655-0000-000700000003/displayed'
22:18:15.443 [Forwarding isElementDisplayed on session 10d7adfe-f3f2-4a50-bac5-1aa407bc726b to remote] DEBUG org.asynchttpclient.netty.request.NettyRequestSender - Using open Channel [id: 0x0f502b57, L:/127.0.0.1:58549 - R:/127.0.0.1:4723] for GET '/wd/hub/session/10d7adfe-f3f2-4a50-bac5-1aa407bc726b/element/00000000-0000-0655-0000-000700000003/displayed'
22:18:15.470 [AsyncHttpClient-1-2] DEBUG org.asynchttpclient.netty.handler.HttpHandler - 

Request DefaultFullHttpRequest(decodeResult: success, version: HTTP/1.1, content: EmptyByteBufBE)
GET /wd/hub/session/10d7adfe-f3f2-4a50-bac5-1aa407bc726b/element/00000000-0000-0655-0000-000700000003/displayed HTTP/1.1
User-Agent: appium/8.3.0 (selenium/4.8.1 (java windows))
Cache-Control: no-cache
Content-Type: application/json; charset=utf-8
host: 0.0.0.0:4723
accept: */*

Response DefaultHttpResponse(decodeResult: success, version: HTTP/1.1)
HTTP/1.1 200 OK
X-Powered-By: Express
Content-Type: application/json; charset=utf-8
Content-Length: 14
ETag: W/"e-2ZHvAWebNQpyjGZTg6uyV8/spTo"
Date: Tue, 09 May 2023 15:18:15 GMT
Connection: keep-alive
Keep-Alive: timeout=600

22:18:15.470 [AsyncHttpClient-1-2] DEBUG org.asynchttpclient.netty.channel.ChannelManager - Adding key: http://0.0.0.0:4723 for channel [id: 0x0f502b57, L:/127.0.0.1:58549 - R:/127.0.0.1:4723]
22:18:15.472 [main] DEBUG net.thucydides.core.steps.StepInterceptor - STEP DONE: onHomepageAltaShop
]]></system-out>
  </testcase>
  <testcase name="user click login button for login feature" classname="user bisa login menggunakan data valid" time="1.088">
    <system-out><![CDATA[22:18:15.487 [main] DEBUG net.thucydides.core.steps.StepInterceptor - STARTING STEP: LoginSteps.userClickLoginButtonForLoginFeature - clickButtonLogin
22:18:15.491 [Forwarding findElement on session 10d7adfe-f3f2-4a50-bac5-1aa407bc726b to remote] DEBUG org.asynchttpclient.netty.request.NettyRequestSender - Using pooled Channel '[id: 0x0f502b57, L:/127.0.0.1:58549 - R:/127.0.0.1:4723]' for 'POST' to 'http://0.0.0.0:4723/wd/hub/session/10d7adfe-f3f2-4a50-bac5-1aa407bc726b/element'
22:18:15.492 [Forwarding findElement on session 10d7adfe-f3f2-4a50-bac5-1aa407bc726b to remote] DEBUG org.asynchttpclient.netty.request.NettyRequestSender - Using open Channel [id: 0x0f502b57, L:/127.0.0.1:58549 - R:/127.0.0.1:4723] for POST '/wd/hub/session/10d7adfe-f3f2-4a50-bac5-1aa407bc726b/element'
22:18:15.617 [AsyncHttpClient-1-2] DEBUG org.asynchttpclient.netty.handler.HttpHandler - 

Request DefaultHttpRequest(decodeResult: success, version: HTTP/1.1)
POST /wd/hub/session/10d7adfe-f3f2-4a50-bac5-1aa407bc726b/element HTTP/1.1
User-Agent: appium/8.3.0 (selenium/4.8.1 (java windows))
Content-Length: 326
Content-Type: application/json; charset=utf-8
host: 0.0.0.0:4723
accept: */*

Response DefaultHttpResponse(decodeResult: success, version: HTTP/1.1)
HTTP/1.1 200 OK
X-Powered-By: Express
Vary: X-HTTP-Method-Override
Content-Type: application/json; charset=utf-8
Content-Length: 137
ETag: W/"89-eHOfCzDwty4qk3pn85H/r06GwF4"
Date: Tue, 09 May 2023 15:18:15 GMT
Connection: keep-alive
Keep-Alive: timeout=600

22:18:15.617 [AsyncHttpClient-1-2] DEBUG org.asynchttpclient.netty.channel.ChannelManager - Adding key: http://0.0.0.0:4723 for channel [id: 0x0f502b57, L:/127.0.0.1:58549 - R:/127.0.0.1:4723]
22:18:15.620 [Forwarding isElementDisplayed on session 10d7adfe-f3f2-4a50-bac5-1aa407bc726b to remote] DEBUG org.asynchttpclient.netty.request.NettyRequestSender - Using pooled Channel '[id: 0x0f502b57, L:/127.0.0.1:58549 - R:/127.0.0.1:4723]' for 'GET' to 'http://0.0.0.0:4723/wd/hub/session/10d7adfe-f3f2-4a50-bac5-1aa407bc726b/element/00000000-0000-0655-0000-000700000003/displayed'
22:18:15.620 [Forwarding isElementDisplayed on session 10d7adfe-f3f2-4a50-bac5-1aa407bc726b to remote] DEBUG org.asynchttpclient.netty.request.NettyRequestSender - Using open Channel [id: 0x0f502b57, L:/127.0.0.1:58549 - R:/127.0.0.1:4723] for GET '/wd/hub/session/10d7adfe-f3f2-4a50-bac5-1aa407bc726b/element/00000000-0000-0655-0000-000700000003/displayed'
22:18:15.651 [AsyncHttpClient-1-2] DEBUG org.asynchttpclient.netty.handler.HttpHandler - 

Request DefaultFullHttpRequest(decodeResult: success, version: HTTP/1.1, content: EmptyByteBufBE)
GET /wd/hub/session/10d7adfe-f3f2-4a50-bac5-1aa407bc726b/element/00000000-0000-0655-0000-000700000003/displayed HTTP/1.1
User-Agent: appium/8.3.0 (selenium/4.8.1 (java windows))
Cache-Control: no-cache
Content-Type: application/json; charset=utf-8
host: 0.0.0.0:4723
accept: */*

Response DefaultHttpResponse(decodeResult: success, version: HTTP/1.1)
HTTP/1.1 200 OK
X-Powered-By: Express
Content-Type: application/json; charset=utf-8
Content-Length: 14
ETag: W/"e-2ZHvAWebNQpyjGZTg6uyV8/spTo"
Date: Tue, 09 May 2023 15:18:15 GMT
Connection: keep-alive
Keep-Alive: timeout=600

22:18:15.652 [AsyncHttpClient-1-2] DEBUG org.asynchttpclient.netty.channel.ChannelManager - Adding key: http://0.0.0.0:4723 for channel [id: 0x0f502b57, L:/127.0.0.1:58549 - R:/127.0.0.1:4723]
22:18:15.656 [Forwarding isElementEnabled on session 10d7adfe-f3f2-4a50-bac5-1aa407bc726b to remote] DEBUG org.asynchttpclient.netty.request.NettyRequestSender - Using pooled Channel '[id: 0x0f502b57, L:/127.0.0.1:58549 - R:/127.0.0.1:4723]' for 'GET' to 'http://0.0.0.0:4723/wd/hub/session/10d7adfe-f3f2-4a50-bac5-1aa407bc726b/element/00000000-0000-0655-0000-000700000003/enabled'
22:18:15.656 [Forwarding isElementEnabled on session 10d7adfe-f3f2-4a50-bac5-1aa407bc726b to remote] DEBUG org.asynchttpclient.netty.request.NettyRequestSender - Using open Channel [id: 0x0f502b57, L:/127.0.0.1:58549 - R:/127.0.0.1:4723] for GET '/wd/hub/session/10d7adfe-f3f2-4a50-bac5-1aa407bc726b/element/00000000-0000-0655-0000-000700000003/enabled'
22:18:15.686 [AsyncHttpClient-1-2] DEBUG org.asynchttpclient.netty.handler.HttpHandler - 

Request DefaultFullHttpRequest(decodeResult: success, version: HTTP/1.1, content: EmptyByteBufBE)
GET /wd/hub/session/10d7adfe-f3f2-4a50-bac5-1aa407bc726b/element/00000000-0000-0655-0000-000700000003/enabled HTTP/1.1
User-Agent: appium/8.3.0 (selenium/4.8.1 (java windows))
Cache-Control: no-cache
Content-Type: application/json; charset=utf-8
host: 0.0.0.0:4723
accept: */*

Response DefaultHttpResponse(decodeResult: success, version: HTTP/1.1)
HTTP/1.1 200 OK
X-Powered-By: Express
Content-Type: application/json; charset=utf-8
Content-Length: 14
ETag: W/"e-2ZHvAWebNQpyjGZTg6uyV8/spTo"
Date: Tue, 09 May 2023 15:18:15 GMT
Connection: keep-alive
Keep-Alive: timeout=600

22:18:15.686 [AsyncHttpClient-1-2] DEBUG org.asynchttpclient.netty.channel.ChannelManager - Adding key: http://0.0.0.0:4723 for channel [id: 0x0f502b57, L:/127.0.0.1:58549 - R:/127.0.0.1:4723]
22:18:15.689 [Forwarding clickElement on session 10d7adfe-f3f2-4a50-bac5-1aa407bc726b to remote] DEBUG org.asynchttpclient.netty.request.NettyRequestSender - Using pooled Channel '[id: 0x0f502b57, L:/127.0.0.1:58549 - R:/127.0.0.1:4723]' for 'POST' to 'http://0.0.0.0:4723/wd/hub/session/10d7adfe-f3f2-4a50-bac5-1aa407bc726b/element/00000000-0000-0655-0000-000700000003/click'
22:18:15.699 [Forwarding clickElement on session 10d7adfe-f3f2-4a50-bac5-1aa407bc726b to remote] DEBUG org.asynchttpclient.netty.request.NettyRequestSender - Using open Channel [id: 0x0f502b57, L:/127.0.0.1:58549 - R:/127.0.0.1:4723] for POST '/wd/hub/session/10d7adfe-f3f2-4a50-bac5-1aa407bc726b/element/00000000-0000-0655-0000-000700000003/click'
22:18:16.563 [AsyncHttpClient-1-2] DEBUG org.asynchttpclient.netty.handler.HttpHandler - 

Request DefaultHttpRequest(decodeResult: success, version: HTTP/1.1)
POST /wd/hub/session/10d7adfe-f3f2-4a50-bac5-1aa407bc726b/element/00000000-0000-0655-0000-000700000003/click HTTP/1.1
User-Agent: appium/8.3.0 (selenium/4.8.1 (java windows))
Content-Length: 50
Content-Type: application/json; charset=utf-8
host: 0.0.0.0:4723
accept: */*

Response DefaultHttpResponse(decodeResult: success, version: HTTP/1.1)
HTTP/1.1 200 OK
X-Powered-By: Express
Vary: X-HTTP-Method-Override
Content-Type: application/json; charset=utf-8
Content-Length: 14
ETag: W/"e-9/1BuKMgFObM1mWJm+YjxtXJnUM"
Date: Tue, 09 May 2023 15:18:16 GMT
Connection: keep-alive
Keep-Alive: timeout=600

22:18:16.563 [AsyncHttpClient-1-2] DEBUG org.asynchttpclient.netty.channel.ChannelManager - Adding key: http://0.0.0.0:4723 for channel [id: 0x0f502b57, L:/127.0.0.1:58549 - R:/127.0.0.1:4723]
22:18:16.565 [main] DEBUG net.thucydides.core.steps.StepInterceptor - STEP DONE: clickButtonLogin
]]></system-out>
  </testcase>
  <testcase name="user input email valid for login feature" classname="user bisa login menggunakan data valid" time="1.558">
    <system-out><![CDATA[22:18:16.579 [main] DEBUG net.thucydides.core.steps.StepInterceptor - STARTING STEP: LoginSteps.userInputEmailValidForLoginFeature - inputEmail
22:18:16.583 [Forwarding findElement on session 10d7adfe-f3f2-4a50-bac5-1aa407bc726b to remote] DEBUG org.asynchttpclient.netty.request.NettyRequestSender - Using pooled Channel '[id: 0x0f502b57, L:/127.0.0.1:58549 - R:/127.0.0.1:4723]' for 'POST' to 'http://0.0.0.0:4723/wd/hub/session/10d7adfe-f3f2-4a50-bac5-1aa407bc726b/element'
22:18:16.583 [Forwarding findElement on session 10d7adfe-f3f2-4a50-bac5-1aa407bc726b to remote] DEBUG org.asynchttpclient.netty.request.NettyRequestSender - Using open Channel [id: 0x0f502b57, L:/127.0.0.1:58549 - R:/127.0.0.1:4723] for POST '/wd/hub/session/10d7adfe-f3f2-4a50-bac5-1aa407bc726b/element'
22:18:16.678 [AsyncHttpClient-1-2] DEBUG org.asynchttpclient.netty.handler.HttpHandler - 

Request DefaultHttpRequest(decodeResult: success, version: HTTP/1.1)
POST /wd/hub/session/10d7adfe-f3f2-4a50-bac5-1aa407bc726b/element HTTP/1.1
User-Agent: appium/8.3.0 (selenium/4.8.1 (java windows))
Content-Length: 305
Content-Type: application/json; charset=utf-8
host: 0.0.0.0:4723
accept: */*

Response DefaultHttpResponse(decodeResult: success, version: HTTP/1.1)
HTTP/1.1 200 OK
X-Powered-By: Express
Vary: X-HTTP-Method-Override
Content-Type: application/json; charset=utf-8
Content-Length: 137
ETag: W/"89-6qY69M9rf6VkuvJaAATopjQvdKw"
Date: Tue, 09 May 2023 15:18:16 GMT
Connection: keep-alive
Keep-Alive: timeout=600

22:18:16.679 [AsyncHttpClient-1-2] DEBUG org.asynchttpclient.netty.channel.ChannelManager - Adding key: http://0.0.0.0:4723 for channel [id: 0x0f502b57, L:/127.0.0.1:58549 - R:/127.0.0.1:4723]
22:18:16.682 [Forwarding isElementDisplayed on session 10d7adfe-f3f2-4a50-bac5-1aa407bc726b to remote] DEBUG org.asynchttpclient.netty.request.NettyRequestSender - Using pooled Channel '[id: 0x0f502b57, L:/127.0.0.1:58549 - R:/127.0.0.1:4723]' for 'GET' to 'http://0.0.0.0:4723/wd/hub/session/10d7adfe-f3f2-4a50-bac5-1aa407bc726b/element/00000000-0000-0655-0000-002600000003/displayed'
22:18:16.682 [Forwarding isElementDisplayed on session 10d7adfe-f3f2-4a50-bac5-1aa407bc726b to remote] DEBUG org.asynchttpclient.netty.request.NettyRequestSender - Using open Channel [id: 0x0f502b57, L:/127.0.0.1:58549 - R:/127.0.0.1:4723] for GET '/wd/hub/session/10d7adfe-f3f2-4a50-bac5-1aa407bc726b/element/00000000-0000-0655-0000-002600000003/displayed'
22:18:16.712 [AsyncHttpClient-1-2] DEBUG org.asynchttpclient.netty.handler.HttpHandler - 

Request DefaultFullHttpRequest(decodeResult: success, version: HTTP/1.1, content: EmptyByteBufBE)
GET /wd/hub/session/10d7adfe-f3f2-4a50-bac5-1aa407bc726b/element/00000000-0000-0655-0000-002600000003/displayed HTTP/1.1
User-Agent: appium/8.3.0 (selenium/4.8.1 (java windows))
Cache-Control: no-cache
Content-Type: application/json; charset=utf-8
host: 0.0.0.0:4723
accept: */*

Response DefaultHttpResponse(decodeResult: success, version: HTTP/1.1)
HTTP/1.1 200 OK
X-Powered-By: Express
Content-Type: application/json; charset=utf-8
Content-Length: 14
ETag: W/"e-2ZHvAWebNQpyjGZTg6uyV8/spTo"
Date: Tue, 09 May 2023 15:18:16 GMT
Connection: keep-alive
Keep-Alive: timeout=600

22:18:16.713 [AsyncHttpClient-1-2] DEBUG org.asynchttpclient.netty.channel.ChannelManager - Adding key: http://0.0.0.0:4723 for channel [id: 0x0f502b57, L:/127.0.0.1:58549 - R:/127.0.0.1:4723]
22:18:16.715 [Forwarding isElementEnabled on session 10d7adfe-f3f2-4a50-bac5-1aa407bc726b to remote] DEBUG org.asynchttpclient.netty.request.NettyRequestSender - Using pooled Channel '[id: 0x0f502b57, L:/127.0.0.1:58549 - R:/127.0.0.1:4723]' for 'GET' to 'http://0.0.0.0:4723/wd/hub/session/10d7adfe-f3f2-4a50-bac5-1aa407bc726b/element/00000000-0000-0655-0000-002600000003/enabled'
22:18:16.716 [Forwarding isElementEnabled on session 10d7adfe-f3f2-4a50-bac5-1aa407bc726b to remote] DEBUG org.asynchttpclient.netty.request.NettyRequestSender - Using open Channel [id: 0x0f502b57, L:/127.0.0.1:58549 - R:/127.0.0.1:4723] for GET '/wd/hub/session/10d7adfe-f3f2-4a50-bac5-1aa407bc726b/element/00000000-0000-0655-0000-002600000003/enabled'
22:18:16.749 [AsyncHttpClient-1-2] DEBUG org.asynchttpclient.netty.handler.HttpHandler - 

Request DefaultFullHttpRequest(decodeResult: success, version: HTTP/1.1, content: EmptyByteBufBE)
GET /wd/hub/session/10d7adfe-f3f2-4a50-bac5-1aa407bc726b/element/00000000-0000-0655-0000-002600000003/enabled HTTP/1.1
User-Agent: appium/8.3.0 (selenium/4.8.1 (java windows))
Cache-Control: no-cache
Content-Type: application/json; charset=utf-8
host: 0.0.0.0:4723
accept: */*

Response DefaultHttpResponse(decodeResult: success, version: HTTP/1.1)
HTTP/1.1 200 OK
X-Powered-By: Express
Content-Type: application/json; charset=utf-8
Content-Length: 14
ETag: W/"e-2ZHvAWebNQpyjGZTg6uyV8/spTo"
Date: Tue, 09 May 2023 15:18:16 GMT
Connection: keep-alive
Keep-Alive: timeout=600

22:18:16.750 [AsyncHttpClient-1-2] DEBUG org.asynchttpclient.netty.channel.ChannelManager - Adding key: http://0.0.0.0:4723 for channel [id: 0x0f502b57, L:/127.0.0.1:58549 - R:/127.0.0.1:4723]
22:18:16.754 [Forwarding clickElement on session 10d7adfe-f3f2-4a50-bac5-1aa407bc726b to remote] DEBUG org.asynchttpclient.netty.request.NettyRequestSender - Using pooled Channel '[id: 0x0f502b57, L:/127.0.0.1:58549 - R:/127.0.0.1:4723]' for 'POST' to 'http://0.0.0.0:4723/wd/hub/session/10d7adfe-f3f2-4a50-bac5-1aa407bc726b/element/00000000-0000-0655-0000-002600000003/click'
22:18:16.754 [Forwarding clickElement on session 10d7adfe-f3f2-4a50-bac5-1aa407bc726b to remote] DEBUG org.asynchttpclient.netty.request.NettyRequestSender - Using open Channel [id: 0x0f502b57, L:/127.0.0.1:58549 - R:/127.0.0.1:4723] for POST '/wd/hub/session/10d7adfe-f3f2-4a50-bac5-1aa407bc726b/element/00000000-0000-0655-0000-002600000003/click'
22:18:16.866 [AsyncHttpClient-1-2] DEBUG org.asynchttpclient.netty.handler.HttpHandler - 

Request DefaultHttpRequest(decodeResult: success, version: HTTP/1.1)
POST /wd/hub/session/10d7adfe-f3f2-4a50-bac5-1aa407bc726b/element/00000000-0000-0655-0000-002600000003/click HTTP/1.1
User-Agent: appium/8.3.0 (selenium/4.8.1 (java windows))
Content-Length: 50
Content-Type: application/json; charset=utf-8
host: 0.0.0.0:4723
accept: */*

Response DefaultHttpResponse(decodeResult: success, version: HTTP/1.1)
HTTP/1.1 200 OK
X-Powered-By: Express
Vary: X-HTTP-Method-Override
Content-Type: application/json; charset=utf-8
Content-Length: 14
ETag: W/"e-9/1BuKMgFObM1mWJm+YjxtXJnUM"
Date: Tue, 09 May 2023 15:18:16 GMT
Connection: keep-alive
Keep-Alive: timeout=600

22:18:16.868 [AsyncHttpClient-1-2] DEBUG org.asynchttpclient.netty.channel.ChannelManager - Adding key: http://0.0.0.0:4723 for channel [id: 0x0f502b57, L:/127.0.0.1:58549 - R:/127.0.0.1:4723]
22:18:16.880 [Forwarding findElement on session 10d7adfe-f3f2-4a50-bac5-1aa407bc726b to remote] DEBUG org.asynchttpclient.netty.request.NettyRequestSender - Using pooled Channel '[id: 0x0f502b57, L:/127.0.0.1:58549 - R:/127.0.0.1:4723]' for 'POST' to 'http://0.0.0.0:4723/wd/hub/session/10d7adfe-f3f2-4a50-bac5-1aa407bc726b/element'
22:18:16.881 [Forwarding findElement on session 10d7adfe-f3f2-4a50-bac5-1aa407bc726b to remote] DEBUG org.asynchttpclient.netty.request.NettyRequestSender - Using open Channel [id: 0x0f502b57, L:/127.0.0.1:58549 - R:/127.0.0.1:4723] for POST '/wd/hub/session/10d7adfe-f3f2-4a50-bac5-1aa407bc726b/element'
22:18:17.546 [AsyncHttpClient-1-2] DEBUG org.asynchttpclient.netty.handler.HttpHandler - 

Request DefaultHttpRequest(decodeResult: success, version: HTTP/1.1)
POST /wd/hub/session/10d7adfe-f3f2-4a50-bac5-1aa407bc726b/element HTTP/1.1
User-Agent: appium/8.3.0 (selenium/4.8.1 (java windows))
Content-Length: 305
Content-Type: application/json; charset=utf-8
host: 0.0.0.0:4723
accept: */*

Response DefaultHttpResponse(decodeResult: success, version: HTTP/1.1)
HTTP/1.1 200 OK
X-Powered-By: Express
Vary: X-HTTP-Method-Override
Content-Type: application/json; charset=utf-8
Content-Length: 137
ETag: W/"89-6qY69M9rf6VkuvJaAATopjQvdKw"
Date: Tue, 09 May 2023 15:18:17 GMT
Connection: keep-alive
Keep-Alive: timeout=600

22:18:17.546 [AsyncHttpClient-1-2] DEBUG org.asynchttpclient.netty.channel.ChannelManager - Adding key: http://0.0.0.0:4723 for channel [id: 0x0f502b57, L:/127.0.0.1:58549 - R:/127.0.0.1:4723]
22:18:17.551 [Forwarding sendKeysToElement on session 10d7adfe-f3f2-4a50-bac5-1aa407bc726b to remote] DEBUG org.asynchttpclient.netty.request.NettyRequestSender - Using pooled Channel '[id: 0x0f502b57, L:/127.0.0.1:58549 - R:/127.0.0.1:4723]' for 'POST' to 'http://0.0.0.0:4723/wd/hub/session/10d7adfe-f3f2-4a50-bac5-1aa407bc726b/element/00000000-0000-0655-0000-002600000003/value'
22:18:17.551 [Forwarding sendKeysToElement on session 10d7adfe-f3f2-4a50-bac5-1aa407bc726b to remote] DEBUG org.asynchttpclient.netty.request.NettyRequestSender - Using open Channel [id: 0x0f502b57, L:/127.0.0.1:58549 - R:/127.0.0.1:4723] for POST '/wd/hub/session/10d7adfe-f3f2-4a50-bac5-1aa407bc726b/element/00000000-0000-0655-0000-002600000003/value'
22:18:18.118 [AsyncHttpClient-1-2] DEBUG org.asynchttpclient.netty.handler.HttpHandler - 

Request DefaultHttpRequest(decodeResult: success, version: HTTP/1.1)
POST /wd/hub/session/10d7adfe-f3f2-4a50-bac5-1aa407bc726b/element/00000000-0000-0655-0000-002600000003/value HTTP/1.1
User-Agent: appium/8.3.0 (selenium/4.8.1 (java windows))
Content-Length: 211
Content-Type: application/json; charset=utf-8
host: 0.0.0.0:4723
accept: */*

Response DefaultHttpResponse(decodeResult: success, version: HTTP/1.1)
HTTP/1.1 200 OK
X-Powered-By: Express
Vary: X-HTTP-Method-Override
Content-Type: application/json; charset=utf-8
Content-Length: 14
ETag: W/"e-9/1BuKMgFObM1mWJm+YjxtXJnUM"
Date: Tue, 09 May 2023 15:18:18 GMT
Connection: keep-alive
Keep-Alive: timeout=600

22:18:18.119 [AsyncHttpClient-1-2] DEBUG org.asynchttpclient.netty.channel.ChannelManager - Adding key: http://0.0.0.0:4723 for channel [id: 0x0f502b57, L:/127.0.0.1:58549 - R:/127.0.0.1:4723]
22:18:18.130 [main] DEBUG net.thucydides.core.steps.StepInterceptor - STEP DONE: inputEmail
]]></system-out>
  </testcase>
  <testcase name="user input password valid for login feature" classname="user bisa login menggunakan data valid" time="1.543">
    <system-out><![CDATA[22:18:18.159 [main] DEBUG net.thucydides.core.steps.StepInterceptor - STARTING STEP: LoginSteps.userInputPasswordValidForLoginFeature - inputPassword
22:18:18.167 [Forwarding findElement on session 10d7adfe-f3f2-4a50-bac5-1aa407bc726b to remote] DEBUG org.asynchttpclient.netty.request.NettyRequestSender - Using pooled Channel '[id: 0x0f502b57, L:/127.0.0.1:58549 - R:/127.0.0.1:4723]' for 'POST' to 'http://0.0.0.0:4723/wd/hub/session/10d7adfe-f3f2-4a50-bac5-1aa407bc726b/element'
22:18:18.167 [Forwarding findElement on session 10d7adfe-f3f2-4a50-bac5-1aa407bc726b to remote] DEBUG org.asynchttpclient.netty.request.NettyRequestSender - Using open Channel [id: 0x0f502b57, L:/127.0.0.1:58549 - R:/127.0.0.1:4723] for POST '/wd/hub/session/10d7adfe-f3f2-4a50-bac5-1aa407bc726b/element'
22:18:18.710 [AsyncHttpClient-1-2] DEBUG org.asynchttpclient.netty.handler.HttpHandler - 

Request DefaultHttpRequest(decodeResult: success, version: HTTP/1.1)
POST /wd/hub/session/10d7adfe-f3f2-4a50-bac5-1aa407bc726b/element HTTP/1.1
User-Agent: appium/8.3.0 (selenium/4.8.1 (java windows))
Content-Length: 305
Content-Type: application/json; charset=utf-8
host: 0.0.0.0:4723
accept: */*

Response DefaultHttpResponse(decodeResult: success, version: HTTP/1.1)
HTTP/1.1 200 OK
X-Powered-By: Express
Vary: X-HTTP-Method-Override
Content-Type: application/json; charset=utf-8
Content-Length: 137
ETag: W/"89-BMEspVYBXEZqpQY6dfPOI91VEBQ"
Date: Tue, 09 May 2023 15:18:18 GMT
Connection: keep-alive
Keep-Alive: timeout=600

22:18:18.711 [AsyncHttpClient-1-2] DEBUG org.asynchttpclient.netty.channel.ChannelManager - Adding key: http://0.0.0.0:4723 for channel [id: 0x0f502b57, L:/127.0.0.1:58549 - R:/127.0.0.1:4723]
22:18:18.716 [Forwarding isElementDisplayed on session 10d7adfe-f3f2-4a50-bac5-1aa407bc726b to remote] DEBUG org.asynchttpclient.netty.request.NettyRequestSender - Using pooled Channel '[id: 0x0f502b57, L:/127.0.0.1:58549 - R:/127.0.0.1:4723]' for 'GET' to 'http://0.0.0.0:4723/wd/hub/session/10d7adfe-f3f2-4a50-bac5-1aa407bc726b/element/00000000-0000-0655-0000-002700000003/displayed'
22:18:18.716 [Forwarding isElementDisplayed on session 10d7adfe-f3f2-4a50-bac5-1aa407bc726b to remote] DEBUG org.asynchttpclient.netty.request.NettyRequestSender - Using open Channel [id: 0x0f502b57, L:/127.0.0.1:58549 - R:/127.0.0.1:4723] for GET '/wd/hub/session/10d7adfe-f3f2-4a50-bac5-1aa407bc726b/element/00000000-0000-0655-0000-002700000003/displayed'
22:18:18.760 [AsyncHttpClient-1-2] DEBUG org.asynchttpclient.netty.handler.HttpHandler - 

Request DefaultFullHttpRequest(decodeResult: success, version: HTTP/1.1, content: EmptyByteBufBE)
GET /wd/hub/session/10d7adfe-f3f2-4a50-bac5-1aa407bc726b/element/00000000-0000-0655-0000-002700000003/displayed HTTP/1.1
User-Agent: appium/8.3.0 (selenium/4.8.1 (java windows))
Cache-Control: no-cache
Content-Type: application/json; charset=utf-8
host: 0.0.0.0:4723
accept: */*

Response DefaultHttpResponse(decodeResult: success, version: HTTP/1.1)
HTTP/1.1 200 OK
X-Powered-By: Express
Content-Type: application/json; charset=utf-8
Content-Length: 14
ETag: W/"e-2ZHvAWebNQpyjGZTg6uyV8/spTo"
Date: Tue, 09 May 2023 15:18:18 GMT
Connection: keep-alive
Keep-Alive: timeout=600

22:18:18.760 [AsyncHttpClient-1-2] DEBUG org.asynchttpclient.netty.channel.ChannelManager - Adding key: http://0.0.0.0:4723 for channel [id: 0x0f502b57, L:/127.0.0.1:58549 - R:/127.0.0.1:4723]
22:18:18.769 [Forwarding isElementEnabled on session 10d7adfe-f3f2-4a50-bac5-1aa407bc726b to remote] DEBUG org.asynchttpclient.netty.request.NettyRequestSender - Using pooled Channel '[id: 0x0f502b57, L:/127.0.0.1:58549 - R:/127.0.0.1:4723]' for 'GET' to 'http://0.0.0.0:4723/wd/hub/session/10d7adfe-f3f2-4a50-bac5-1aa407bc726b/element/00000000-0000-0655-0000-002700000003/enabled'
22:18:18.769 [Forwarding isElementEnabled on session 10d7adfe-f3f2-4a50-bac5-1aa407bc726b to remote] DEBUG org.asynchttpclient.netty.request.NettyRequestSender - Using open Channel [id: 0x0f502b57, L:/127.0.0.1:58549 - R:/127.0.0.1:4723] for GET '/wd/hub/session/10d7adfe-f3f2-4a50-bac5-1aa407bc726b/element/00000000-0000-0655-0000-002700000003/enabled'
22:18:18.826 [AsyncHttpClient-1-2] DEBUG org.asynchttpclient.netty.handler.HttpHandler - 

Request DefaultFullHttpRequest(decodeResult: success, version: HTTP/1.1, content: EmptyByteBufBE)
GET /wd/hub/session/10d7adfe-f3f2-4a50-bac5-1aa407bc726b/element/00000000-0000-0655-0000-002700000003/enabled HTTP/1.1
User-Agent: appium/8.3.0 (selenium/4.8.1 (java windows))
Cache-Control: no-cache
Content-Type: application/json; charset=utf-8
host: 0.0.0.0:4723
accept: */*

Response DefaultHttpResponse(decodeResult: success, version: HTTP/1.1)
HTTP/1.1 200 OK
X-Powered-By: Express
Content-Type: application/json; charset=utf-8
Content-Length: 14
ETag: W/"e-2ZHvAWebNQpyjGZTg6uyV8/spTo"
Date: Tue, 09 May 2023 15:18:18 GMT
Connection: keep-alive
Keep-Alive: timeout=600

22:18:18.827 [AsyncHttpClient-1-2] DEBUG org.asynchttpclient.netty.channel.ChannelManager - Adding key: http://0.0.0.0:4723 for channel [id: 0x0f502b57, L:/127.0.0.1:58549 - R:/127.0.0.1:4723]
22:18:18.832 [Forwarding clickElement on session 10d7adfe-f3f2-4a50-bac5-1aa407bc726b to remote] DEBUG org.asynchttpclient.netty.request.NettyRequestSender - Using pooled Channel '[id: 0x0f502b57, L:/127.0.0.1:58549 - R:/127.0.0.1:4723]' for 'POST' to 'http://0.0.0.0:4723/wd/hub/session/10d7adfe-f3f2-4a50-bac5-1aa407bc726b/element/00000000-0000-0655-0000-002700000003/click'
22:18:18.833 [Forwarding clickElement on session 10d7adfe-f3f2-4a50-bac5-1aa407bc726b to remote] DEBUG org.asynchttpclient.netty.request.NettyRequestSender - Using open Channel [id: 0x0f502b57, L:/127.0.0.1:58549 - R:/127.0.0.1:4723] for POST '/wd/hub/session/10d7adfe-f3f2-4a50-bac5-1aa407bc726b/element/00000000-0000-0655-0000-002700000003/click'
22:18:18.926 [AsyncHttpClient-1-2] DEBUG org.asynchttpclient.netty.handler.HttpHandler - 

Request DefaultHttpRequest(decodeResult: success, version: HTTP/1.1)
POST /wd/hub/session/10d7adfe-f3f2-4a50-bac5-1aa407bc726b/element/00000000-0000-0655-0000-002700000003/click HTTP/1.1
User-Agent: appium/8.3.0 (selenium/4.8.1 (java windows))
Content-Length: 50
Content-Type: application/json; charset=utf-8
host: 0.0.0.0:4723
accept: */*

Response DefaultHttpResponse(decodeResult: success, version: HTTP/1.1)
HTTP/1.1 200 OK
X-Powered-By: Express
Vary: X-HTTP-Method-Override
Content-Type: application/json; charset=utf-8
Content-Length: 14
ETag: W/"e-9/1BuKMgFObM1mWJm+YjxtXJnUM"
Date: Tue, 09 May 2023 15:18:18 GMT
Connection: keep-alive
Keep-Alive: timeout=600

22:18:18.928 [AsyncHttpClient-1-2] DEBUG org.asynchttpclient.netty.channel.ChannelManager - Adding key: http://0.0.0.0:4723 for channel [id: 0x0f502b57, L:/127.0.0.1:58549 - R:/127.0.0.1:4723]
22:18:18.941 [Forwarding findElement on session 10d7adfe-f3f2-4a50-bac5-1aa407bc726b to remote] DEBUG org.asynchttpclient.netty.request.NettyRequestSender - Using pooled Channel '[id: 0x0f502b57, L:/127.0.0.1:58549 - R:/127.0.0.1:4723]' for 'POST' to 'http://0.0.0.0:4723/wd/hub/session/10d7adfe-f3f2-4a50-bac5-1aa407bc726b/element'
22:18:18.941 [Forwarding findElement on session 10d7adfe-f3f2-4a50-bac5-1aa407bc726b to remote] DEBUG org.asynchttpclient.netty.request.NettyRequestSender - Using open Channel [id: 0x0f502b57, L:/127.0.0.1:58549 - R:/127.0.0.1:4723] for POST '/wd/hub/session/10d7adfe-f3f2-4a50-bac5-1aa407bc726b/element'
22:18:19.639 [AsyncHttpClient-1-2] DEBUG org.asynchttpclient.netty.handler.HttpHandler - 

Request DefaultHttpRequest(decodeResult: success, version: HTTP/1.1)
POST /wd/hub/session/10d7adfe-f3f2-4a50-bac5-1aa407bc726b/element HTTP/1.1
User-Agent: appium/8.3.0 (selenium/4.8.1 (java windows))
Content-Length: 305
Content-Type: application/json; charset=utf-8
host: 0.0.0.0:4723
accept: */*

Response DefaultHttpResponse(decodeResult: success, version: HTTP/1.1)
HTTP/1.1 200 OK
X-Powered-By: Express
Vary: X-HTTP-Method-Override
Content-Type: application/json; charset=utf-8
Content-Length: 137
ETag: W/"89-BMEspVYBXEZqpQY6dfPOI91VEBQ"
Date: Tue, 09 May 2023 15:18:19 GMT
Connection: keep-alive
Keep-Alive: timeout=600

22:18:19.641 [AsyncHttpClient-1-2] DEBUG org.asynchttpclient.netty.channel.ChannelManager - Adding key: http://0.0.0.0:4723 for channel [id: 0x0f502b57, L:/127.0.0.1:58549 - R:/127.0.0.1:4723]
22:18:19.644 [Forwarding sendKeysToElement on session 10d7adfe-f3f2-4a50-bac5-1aa407bc726b to remote] DEBUG org.asynchttpclient.netty.request.NettyRequestSender - Using pooled Channel '[id: 0x0f502b57, L:/127.0.0.1:58549 - R:/127.0.0.1:4723]' for 'POST' to 'http://0.0.0.0:4723/wd/hub/session/10d7adfe-f3f2-4a50-bac5-1aa407bc726b/element/00000000-0000-0655-0000-002700000003/value'
22:18:19.644 [Forwarding sendKeysToElement on session 10d7adfe-f3f2-4a50-bac5-1aa407bc726b to remote] DEBUG org.asynchttpclient.netty.request.NettyRequestSender - Using open Channel [id: 0x0f502b57, L:/127.0.0.1:58549 - R:/127.0.0.1:4723] for POST '/wd/hub/session/10d7adfe-f3f2-4a50-bac5-1aa407bc726b/element/00000000-0000-0655-0000-002700000003/value'
22:18:19.679 [AsyncHttpClient-1-2] DEBUG org.asynchttpclient.netty.handler.HttpHandler - 

Request DefaultHttpRequest(decodeResult: success, version: HTTP/1.1)
POST /wd/hub/session/10d7adfe-f3f2-4a50-bac5-1aa407bc726b/element/00000000-0000-0655-0000-002700000003/value HTTP/1.1
User-Agent: appium/8.3.0 (selenium/4.8.1 (java windows))
Content-Length: 111
Content-Type: application/json; charset=utf-8
host: 0.0.0.0:4723
accept: */*

Response DefaultHttpResponse(decodeResult: success, version: HTTP/1.1)
HTTP/1.1 200 OK
X-Powered-By: Express
Vary: X-HTTP-Method-Override
Content-Type: application/json; charset=utf-8
Content-Length: 14
ETag: W/"e-9/1BuKMgFObM1mWJm+YjxtXJnUM"
Date: Tue, 09 May 2023 15:18:19 GMT
Connection: keep-alive
Keep-Alive: timeout=600

22:18:19.680 [AsyncHttpClient-1-2] DEBUG org.asynchttpclient.netty.channel.ChannelManager - Adding key: http://0.0.0.0:4723 for channel [id: 0x0f502b57, L:/127.0.0.1:58549 - R:/127.0.0.1:4723]
22:18:19.684 [main] DEBUG net.thucydides.core.steps.StepInterceptor - STEP DONE: inputPassword
]]></system-out>
  </testcase>
  <testcase name="user click login button again for login feature" classname="user bisa login menggunakan data valid" time="1.367">
    <system-out><![CDATA[22:18:19.695 [main] DEBUG net.thucydides.core.steps.StepInterceptor - STARTING STEP: LoginSteps.userClickLoginButtonAgainForLoginFeature - clickButtonLoginSecond
22:18:19.703 [Forwarding findElement on session 10d7adfe-f3f2-4a50-bac5-1aa407bc726b to remote] DEBUG org.asynchttpclient.netty.request.NettyRequestSender - Using pooled Channel '[id: 0x0f502b57, L:/127.0.0.1:58549 - R:/127.0.0.1:4723]' for 'POST' to 'http://0.0.0.0:4723/wd/hub/session/10d7adfe-f3f2-4a50-bac5-1aa407bc726b/element'
22:18:19.703 [Forwarding findElement on session 10d7adfe-f3f2-4a50-bac5-1aa407bc726b to remote] DEBUG org.asynchttpclient.netty.request.NettyRequestSender - Using open Channel [id: 0x0f502b57, L:/127.0.0.1:58549 - R:/127.0.0.1:4723] for POST '/wd/hub/session/10d7adfe-f3f2-4a50-bac5-1aa407bc726b/element'
22:18:20.415 [AsyncHttpClient-1-2] DEBUG org.asynchttpclient.netty.handler.HttpHandler - 

Request DefaultHttpRequest(decodeResult: success, version: HTTP/1.1)
POST /wd/hub/session/10d7adfe-f3f2-4a50-bac5-1aa407bc726b/element HTTP/1.1
User-Agent: appium/8.3.0 (selenium/4.8.1 (java windows))
Content-Length: 95
Content-Type: application/json; charset=utf-8
host: 0.0.0.0:4723
accept: */*

Response DefaultHttpResponse(decodeResult: success, version: HTTP/1.1)
HTTP/1.1 200 OK
X-Powered-By: Express
Vary: X-HTTP-Method-Override
Content-Type: application/json; charset=utf-8
Content-Length: 137
ETag: W/"89-gW5s75t9j/XBxRwsQoxgqiEEnF8"
Date: Tue, 09 May 2023 15:18:20 GMT
Connection: keep-alive
Keep-Alive: timeout=600

22:18:20.416 [AsyncHttpClient-1-2] DEBUG org.asynchttpclient.netty.channel.ChannelManager - Adding key: http://0.0.0.0:4723 for channel [id: 0x0f502b57, L:/127.0.0.1:58549 - R:/127.0.0.1:4723]
22:18:20.419 [Forwarding isElementDisplayed on session 10d7adfe-f3f2-4a50-bac5-1aa407bc726b to remote] DEBUG org.asynchttpclient.netty.request.NettyRequestSender - Using pooled Channel '[id: 0x0f502b57, L:/127.0.0.1:58549 - R:/127.0.0.1:4723]' for 'GET' to 'http://0.0.0.0:4723/wd/hub/session/10d7adfe-f3f2-4a50-bac5-1aa407bc726b/element/00000000-0000-0655-0000-002800000003/displayed'
22:18:20.419 [Forwarding isElementDisplayed on session 10d7adfe-f3f2-4a50-bac5-1aa407bc726b to remote] DEBUG org.asynchttpclient.netty.request.NettyRequestSender - Using open Channel [id: 0x0f502b57, L:/127.0.0.1:58549 - R:/127.0.0.1:4723] for GET '/wd/hub/session/10d7adfe-f3f2-4a50-bac5-1aa407bc726b/element/00000000-0000-0655-0000-002800000003/displayed'
22:18:20.453 [AsyncHttpClient-1-2] DEBUG org.asynchttpclient.netty.handler.HttpHandler - 

Request DefaultFullHttpRequest(decodeResult: success, version: HTTP/1.1, content: EmptyByteBufBE)
GET /wd/hub/session/10d7adfe-f3f2-4a50-bac5-1aa407bc726b/element/00000000-0000-0655-0000-002800000003/displayed HTTP/1.1
User-Agent: appium/8.3.0 (selenium/4.8.1 (java windows))
Cache-Control: no-cache
Content-Type: application/json; charset=utf-8
host: 0.0.0.0:4723
accept: */*

Response DefaultHttpResponse(decodeResult: success, version: HTTP/1.1)
HTTP/1.1 200 OK
X-Powered-By: Express
Content-Type: application/json; charset=utf-8
Content-Length: 14
ETag: W/"e-2ZHvAWebNQpyjGZTg6uyV8/spTo"
Date: Tue, 09 May 2023 15:18:20 GMT
Connection: keep-alive
Keep-Alive: timeout=600

22:18:20.453 [AsyncHttpClient-1-2] DEBUG org.asynchttpclient.netty.channel.ChannelManager - Adding key: http://0.0.0.0:4723 for channel [id: 0x0f502b57, L:/127.0.0.1:58549 - R:/127.0.0.1:4723]
22:18:20.456 [Forwarding isElementEnabled on session 10d7adfe-f3f2-4a50-bac5-1aa407bc726b to remote] DEBUG org.asynchttpclient.netty.request.NettyRequestSender - Using pooled Channel '[id: 0x0f502b57, L:/127.0.0.1:58549 - R:/127.0.0.1:4723]' for 'GET' to 'http://0.0.0.0:4723/wd/hub/session/10d7adfe-f3f2-4a50-bac5-1aa407bc726b/element/00000000-0000-0655-0000-002800000003/enabled'
22:18:20.456 [Forwarding isElementEnabled on session 10d7adfe-f3f2-4a50-bac5-1aa407bc726b to remote] DEBUG org.asynchttpclient.netty.request.NettyRequestSender - Using open Channel [id: 0x0f502b57, L:/127.0.0.1:58549 - R:/127.0.0.1:4723] for GET '/wd/hub/session/10d7adfe-f3f2-4a50-bac5-1aa407bc726b/element/00000000-0000-0655-0000-002800000003/enabled'
22:18:20.489 [AsyncHttpClient-1-2] DEBUG org.asynchttpclient.netty.handler.HttpHandler - 

Request DefaultFullHttpRequest(decodeResult: success, version: HTTP/1.1, content: EmptyByteBufBE)
GET /wd/hub/session/10d7adfe-f3f2-4a50-bac5-1aa407bc726b/element/00000000-0000-0655-0000-002800000003/enabled HTTP/1.1
User-Agent: appium/8.3.0 (selenium/4.8.1 (java windows))
Cache-Control: no-cache
Content-Type: application/json; charset=utf-8
host: 0.0.0.0:4723
accept: */*

Response DefaultHttpResponse(decodeResult: success, version: HTTP/1.1)
HTTP/1.1 200 OK
X-Powered-By: Express
Content-Type: application/json; charset=utf-8
Content-Length: 14
ETag: W/"e-2ZHvAWebNQpyjGZTg6uyV8/spTo"
Date: Tue, 09 May 2023 15:18:20 GMT
Connection: keep-alive
Keep-Alive: timeout=600

22:18:20.490 [AsyncHttpClient-1-2] DEBUG org.asynchttpclient.netty.channel.ChannelManager - Adding key: http://0.0.0.0:4723 for channel [id: 0x0f502b57, L:/127.0.0.1:58549 - R:/127.0.0.1:4723]
22:18:20.493 [Forwarding clickElement on session 10d7adfe-f3f2-4a50-bac5-1aa407bc726b to remote] DEBUG org.asynchttpclient.netty.request.NettyRequestSender - Using pooled Channel '[id: 0x0f502b57, L:/127.0.0.1:58549 - R:/127.0.0.1:4723]' for 'POST' to 'http://0.0.0.0:4723/wd/hub/session/10d7adfe-f3f2-4a50-bac5-1aa407bc726b/element/00000000-0000-0655-0000-002800000003/click'
22:18:20.499 [Forwarding clickElement on session 10d7adfe-f3f2-4a50-bac5-1aa407bc726b to remote] DEBUG org.asynchttpclient.netty.request.NettyRequestSender - Using open Channel [id: 0x0f502b57, L:/127.0.0.1:58549 - R:/127.0.0.1:4723] for POST '/wd/hub/session/10d7adfe-f3f2-4a50-bac5-1aa407bc726b/element/00000000-0000-0655-0000-002800000003/click'
22:18:21.053 [AsyncHttpClient-1-2] DEBUG org.asynchttpclient.netty.handler.HttpHandler - 

Request DefaultHttpRequest(decodeResult: success, version: HTTP/1.1)
POST /wd/hub/session/10d7adfe-f3f2-4a50-bac5-1aa407bc726b/element/00000000-0000-0655-0000-002800000003/click HTTP/1.1
User-Agent: appium/8.3.0 (selenium/4.8.1 (java windows))
Content-Length: 50
Content-Type: application/json; charset=utf-8
host: 0.0.0.0:4723
accept: */*

Response DefaultHttpResponse(decodeResult: success, version: HTTP/1.1)
HTTP/1.1 200 OK
X-Powered-By: Express
Vary: X-HTTP-Method-Override
Content-Type: application/json; charset=utf-8
Content-Length: 14
ETag: W/"e-9/1BuKMgFObM1mWJm+YjxtXJnUM"
Date: Tue, 09 May 2023 15:18:21 GMT
Connection: keep-alive
Keep-Alive: timeout=600

22:18:21.053 [AsyncHttpClient-1-2] DEBUG org.asynchttpclient.netty.channel.ChannelManager - Adding key: http://0.0.0.0:4723 for channel [id: 0x0f502b57, L:/127.0.0.1:58549 - R:/127.0.0.1:4723]
22:18:21.055 [main] DEBUG net.thucydides.core.steps.StepInterceptor - STEP DONE: clickButtonLoginSecond
]]></system-out>
  </testcase>
  <testcase name="user on homepage AltaShop for login feature" classname="user tidak bisa login karena menggunakan password yang salah" time="11.027">
    <system-out><![CDATA[22:18:21.063 [main] INFO  - 
  _____   ___   ___   _____     ___     _     ___   ___   ___   ___  
 |_   _| | __| / __| |_   _|   | _ \   /_\   / __| / __| | __| |   \ 
   | |   | _|  \__ \   | |     |  _/  / _ \  \__ \ \__ \ | _|  | |) |
   |_|   |___| |___/   |_|     |_|   /_/ \_\ |___/ |___/ |___| |___/ 

user bisa login menggunakan data valid
----------------------------------------------------------------------
22:18:21.075 [main] DEBUG io.cucumber.core.plugin.SerenityReporter - Running feature from file:///C:/Users/HP/Downloads/Mini-Project-QA/ALTASHOP%20MOBILE%20AUTOMATION/src/test/resources/features/1.%20Login.feature
22:18:21.082 [main] INFO  - 
  _____   ___   ___   _____     ___   _____     _     ___   _____   ___   ___  
 |_   _| | __| / __| |_   _|   / __| |_   _|   /_\   | _ \ |_   _| | __| |   \ 
   | |   | _|  \__ \   | |     \__ \   | |    / _ \  |   /   | |   | _|  | |) |
   |_|   |___| |___/   |_|     |___/   |_|   /_/ \_\ |_|_\   |_|   |___| |___/ 

user tidak bisa login karena menggunakan password yang salah(login;user-tidak-bisa-login-karena-menggunakan-password-yang-salah)
--------------------------------------------------------------------------------
22:18:21.109 [main] DEBUG net.thucydides.core.steps.StepInterceptor - STARTING STEP: LoginSteps.userOnHomepageAltaShopForLoginFeature - onHomepageAltaShop
22:18:21.116 [Forwarding newSession on session null to remote] DEBUG org.asynchttpclient.netty.request.NettyRequestSender - Using pooled Channel '[id: 0x0f502b57, L:/127.0.0.1:58549 - R:/127.0.0.1:4723]' for 'POST' to 'http://0.0.0.0:4723/wd/hub/session'
22:18:21.117 [Forwarding newSession on session null to remote] DEBUG org.asynchttpclient.netty.request.NettyRequestSender - Using open Channel [id: 0x0f502b57, L:/127.0.0.1:58549 - R:/127.0.0.1:4723] for POST '/wd/hub/session'
22:18:30.852 [AsyncHttpClient-1-2] DEBUG org.asynchttpclient.netty.handler.HttpHandler - 

Request DefaultHttpRequest(decodeResult: success, version: HTTP/1.1)
POST /wd/hub/session HTTP/1.1
X-Idempotency-Key: b4cb0104-440e-403a-8b74-cd12190a2cda
User-Agent: appium/8.3.0 (selenium/4.8.1 (java windows))
Content-Length: 335
Content-Type: application/json; charset=utf-8
host: 0.0.0.0:4723
accept: */*

Response DefaultHttpResponse(decodeResult: success, version: HTTP/1.1)
HTTP/1.1 200 OK
X-Powered-By: Express
Vary: X-HTTP-Method-Override
Content-Type: application/json; charset=utf-8
Content-Length: 988
ETag: W/"3dc-+HkUbvlWuYnAmm7CXv61Eaf6JBw"
Date: Tue, 09 May 2023 15:18:30 GMT
Connection: keep-alive
Keep-Alive: timeout=600

22:18:30.852 [AsyncHttpClient-1-2] DEBUG org.asynchttpclient.netty.channel.ChannelManager - Adding key: http://0.0.0.0:4723 for channel [id: 0x0f502b57, L:/127.0.0.1:58549 - R:/127.0.0.1:4723]
22:18:30.868 [Forwarding setTimeout on session 7feee39e-58cb-4134-857e-3214ccd01e31 to remote] DEBUG org.asynchttpclient.netty.request.NettyRequestSender - Using pooled Channel '[id: 0x0f502b57, L:/127.0.0.1:58549 - R:/127.0.0.1:4723]' for 'POST' to 'http://0.0.0.0:4723/wd/hub/session/7feee39e-58cb-4134-857e-3214ccd01e31/timeouts'
22:18:30.869 [Forwarding setTimeout on session 7feee39e-58cb-4134-857e-3214ccd01e31 to remote] DEBUG org.asynchttpclient.netty.request.NettyRequestSender - Using open Channel [id: 0x0f502b57, L:/127.0.0.1:58549 - R:/127.0.0.1:4723] for POST '/wd/hub/session/7feee39e-58cb-4134-857e-3214ccd01e31/timeouts'
22:18:30.897 [AsyncHttpClient-1-2] DEBUG org.asynchttpclient.netty.handler.HttpHandler - 

Request DefaultHttpRequest(decodeResult: success, version: HTTP/1.1)
POST /wd/hub/session/7feee39e-58cb-4134-857e-3214ccd01e31/timeouts HTTP/1.1
User-Agent: appium/8.3.0 (selenium/4.8.1 (java windows))
Content-Length: 23
Content-Type: application/json; charset=utf-8
host: 0.0.0.0:4723
accept: */*

Response DefaultHttpResponse(decodeResult: success, version: HTTP/1.1)
HTTP/1.1 200 OK
X-Powered-By: Express
Vary: X-HTTP-Method-Override
Content-Type: application/json; charset=utf-8
Content-Length: 14
ETag: W/"e-9/1BuKMgFObM1mWJm+YjxtXJnUM"
Date: Tue, 09 May 2023 15:18:30 GMT
Connection: keep-alive
Keep-Alive: timeout=600

22:18:30.899 [AsyncHttpClient-1-2] DEBUG org.asynchttpclient.netty.channel.ChannelManager - Adding key: http://0.0.0.0:4723 for channel [id: 0x0f502b57, L:/127.0.0.1:58549 - R:/127.0.0.1:4723]
22:18:30.902 [Forwarding findElement on session 7feee39e-58cb-4134-857e-3214ccd01e31 to remote] DEBUG org.asynchttpclient.netty.request.NettyRequestSender - Using pooled Channel '[id: 0x0f502b57, L:/127.0.0.1:58549 - R:/127.0.0.1:4723]' for 'POST' to 'http://0.0.0.0:4723/wd/hub/session/7feee39e-58cb-4134-857e-3214ccd01e31/element'
22:18:30.902 [Forwarding findElement on session 7feee39e-58cb-4134-857e-3214ccd01e31 to remote] DEBUG org.asynchttpclient.netty.request.NettyRequestSender - Using open Channel [id: 0x0f502b57, L:/127.0.0.1:58549 - R:/127.0.0.1:4723] for POST '/wd/hub/session/7feee39e-58cb-4134-857e-3214ccd01e31/element'
22:18:31.726 [AsyncHttpClient-1-2] DEBUG org.asynchttpclient.netty.handler.HttpHandler - 

Request DefaultHttpRequest(decodeResult: success, version: HTTP/1.1)
POST /wd/hub/session/7feee39e-58cb-4134-857e-3214ccd01e31/element HTTP/1.1
User-Agent: appium/8.3.0 (selenium/4.8.1 (java windows))
Content-Length: 326
Content-Type: application/json; charset=utf-8
host: 0.0.0.0:4723
accept: */*

Response DefaultHttpResponse(decodeResult: success, version: HTTP/1.1)
HTTP/1.1 200 OK
X-Powered-By: Express
Vary: X-HTTP-Method-Override
Content-Type: application/json; charset=utf-8
Content-Length: 137
ETag: W/"89-ub0QX+SPSCKL8nYUEtGQ8ztJMnU"
Date: Tue, 09 May 2023 15:18:31 GMT
Connection: keep-alive
Keep-Alive: timeout=600

22:18:31.727 [AsyncHttpClient-1-2] DEBUG org.asynchttpclient.netty.channel.ChannelManager - Adding key: http://0.0.0.0:4723 for channel [id: 0x0f502b57, L:/127.0.0.1:58549 - R:/127.0.0.1:4723]
22:18:31.729 [Forwarding isElementDisplayed on session 7feee39e-58cb-4134-857e-3214ccd01e31 to remote] DEBUG org.asynchttpclient.netty.request.NettyRequestSender - Using pooled Channel '[id: 0x0f502b57, L:/127.0.0.1:58549 - R:/127.0.0.1:4723]' for 'GET' to 'http://0.0.0.0:4723/wd/hub/session/7feee39e-58cb-4134-857e-3214ccd01e31/element/00000000-0000-0663-0000-000700000003/displayed'
22:18:31.729 [Forwarding isElementDisplayed on session 7feee39e-58cb-4134-857e-3214ccd01e31 to remote] DEBUG org.asynchttpclient.netty.request.NettyRequestSender - Using open Channel [id: 0x0f502b57, L:/127.0.0.1:58549 - R:/127.0.0.1:4723] for GET '/wd/hub/session/7feee39e-58cb-4134-857e-3214ccd01e31/element/00000000-0000-0663-0000-000700000003/displayed'
22:18:32.079 [AsyncHttpClient-1-2] DEBUG org.asynchttpclient.netty.handler.HttpHandler - 

Request DefaultFullHttpRequest(decodeResult: success, version: HTTP/1.1, content: EmptyByteBufBE)
GET /wd/hub/session/7feee39e-58cb-4134-857e-3214ccd01e31/element/00000000-0000-0663-0000-000700000003/displayed HTTP/1.1
User-Agent: appium/8.3.0 (selenium/4.8.1 (java windows))
Cache-Control: no-cache
Content-Type: application/json; charset=utf-8
host: 0.0.0.0:4723
accept: */*

Response DefaultHttpResponse(decodeResult: success, version: HTTP/1.1)
HTTP/1.1 200 OK
X-Powered-By: Express
Content-Type: application/json; charset=utf-8
Content-Length: 14
ETag: W/"e-2ZHvAWebNQpyjGZTg6uyV8/spTo"
Date: Tue, 09 May 2023 15:18:32 GMT
Connection: keep-alive
Keep-Alive: timeout=600

22:18:32.079 [AsyncHttpClient-1-2] DEBUG org.asynchttpclient.netty.channel.ChannelManager - Adding key: http://0.0.0.0:4723 for channel [id: 0x0f502b57, L:/127.0.0.1:58549 - R:/127.0.0.1:4723]
22:18:32.081 [Forwarding isElementDisplayed on session 7feee39e-58cb-4134-857e-3214ccd01e31 to remote] DEBUG org.asynchttpclient.netty.request.NettyRequestSender - Using pooled Channel '[id: 0x0f502b57, L:/127.0.0.1:58549 - R:/127.0.0.1:4723]' for 'GET' to 'http://0.0.0.0:4723/wd/hub/session/7feee39e-58cb-4134-857e-3214ccd01e31/element/00000000-0000-0663-0000-000700000003/displayed'
22:18:32.082 [Forwarding isElementDisplayed on session 7feee39e-58cb-4134-857e-3214ccd01e31 to remote] DEBUG org.asynchttpclient.netty.request.NettyRequestSender - Using open Channel [id: 0x0f502b57, L:/127.0.0.1:58549 - R:/127.0.0.1:4723] for GET '/wd/hub/session/7feee39e-58cb-4134-857e-3214ccd01e31/element/00000000-0000-0663-0000-000700000003/displayed'
22:18:32.114 [AsyncHttpClient-1-2] DEBUG org.asynchttpclient.netty.handler.HttpHandler - 

Request DefaultFullHttpRequest(decodeResult: success, version: HTTP/1.1, content: EmptyByteBufBE)
GET /wd/hub/session/7feee39e-58cb-4134-857e-3214ccd01e31/element/00000000-0000-0663-0000-000700000003/displayed HTTP/1.1
User-Agent: appium/8.3.0 (selenium/4.8.1 (java windows))
Cache-Control: no-cache
Content-Type: application/json; charset=utf-8
host: 0.0.0.0:4723
accept: */*

Response DefaultHttpResponse(decodeResult: success, version: HTTP/1.1)
HTTP/1.1 200 OK
X-Powered-By: Express
Content-Type: application/json; charset=utf-8
Content-Length: 14
ETag: W/"e-2ZHvAWebNQpyjGZTg6uyV8/spTo"
Date: Tue, 09 May 2023 15:18:32 GMT
Connection: keep-alive
Keep-Alive: timeout=600

22:18:32.114 [AsyncHttpClient-1-2] DEBUG org.asynchttpclient.netty.channel.ChannelManager - Adding key: http://0.0.0.0:4723 for channel [id: 0x0f502b57, L:/127.0.0.1:58549 - R:/127.0.0.1:4723]
22:18:32.116 [main] DEBUG net.thucydides.core.steps.StepInterceptor - STEP DONE: onHomepageAltaShop
]]></system-out>
  </testcase>
  <testcase name="user click login button for login feature" classname="user tidak bisa login karena menggunakan password yang salah" time="1.039">
    <system-out><![CDATA[22:18:32.133 [main] DEBUG net.thucydides.core.steps.StepInterceptor - STARTING STEP: LoginSteps.userClickLoginButtonForLoginFeature - clickButtonLogin
22:18:32.136 [Forwarding findElement on session 7feee39e-58cb-4134-857e-3214ccd01e31 to remote] DEBUG org.asynchttpclient.netty.request.NettyRequestSender - Using pooled Channel '[id: 0x0f502b57, L:/127.0.0.1:58549 - R:/127.0.0.1:4723]' for 'POST' to 'http://0.0.0.0:4723/wd/hub/session/7feee39e-58cb-4134-857e-3214ccd01e31/element'
22:18:32.136 [Forwarding findElement on session 7feee39e-58cb-4134-857e-3214ccd01e31 to remote] DEBUG org.asynchttpclient.netty.request.NettyRequestSender - Using open Channel [id: 0x0f502b57, L:/127.0.0.1:58549 - R:/127.0.0.1:4723] for POST '/wd/hub/session/7feee39e-58cb-4134-857e-3214ccd01e31/element'
22:18:32.231 [AsyncHttpClient-1-2] DEBUG org.asynchttpclient.netty.handler.HttpHandler - 

Request DefaultHttpRequest(decodeResult: success, version: HTTP/1.1)
POST /wd/hub/session/7feee39e-58cb-4134-857e-3214ccd01e31/element HTTP/1.1
User-Agent: appium/8.3.0 (selenium/4.8.1 (java windows))
Content-Length: 326
Content-Type: application/json; charset=utf-8
host: 0.0.0.0:4723
accept: */*

Response DefaultHttpResponse(decodeResult: success, version: HTTP/1.1)
HTTP/1.1 200 OK
X-Powered-By: Express
Vary: X-HTTP-Method-Override
Content-Type: application/json; charset=utf-8
Content-Length: 137
ETag: W/"89-ub0QX+SPSCKL8nYUEtGQ8ztJMnU"
Date: Tue, 09 May 2023 15:18:32 GMT
Connection: keep-alive
Keep-Alive: timeout=600

22:18:32.232 [AsyncHttpClient-1-2] DEBUG org.asynchttpclient.netty.channel.ChannelManager - Adding key: http://0.0.0.0:4723 for channel [id: 0x0f502b57, L:/127.0.0.1:58549 - R:/127.0.0.1:4723]
22:18:32.235 [Forwarding isElementDisplayed on session 7feee39e-58cb-4134-857e-3214ccd01e31 to remote] DEBUG org.asynchttpclient.netty.request.NettyRequestSender - Using pooled Channel '[id: 0x0f502b57, L:/127.0.0.1:58549 - R:/127.0.0.1:4723]' for 'GET' to 'http://0.0.0.0:4723/wd/hub/session/7feee39e-58cb-4134-857e-3214ccd01e31/element/00000000-0000-0663-0000-000700000003/displayed'
22:18:32.235 [Forwarding isElementDisplayed on session 7feee39e-58cb-4134-857e-3214ccd01e31 to remote] DEBUG org.asynchttpclient.netty.request.NettyRequestSender - Using open Channel [id: 0x0f502b57, L:/127.0.0.1:58549 - R:/127.0.0.1:4723] for GET '/wd/hub/session/7feee39e-58cb-4134-857e-3214ccd01e31/element/00000000-0000-0663-0000-000700000003/displayed'
22:18:32.263 [AsyncHttpClient-1-2] DEBUG org.asynchttpclient.netty.handler.HttpHandler - 

Request DefaultFullHttpRequest(decodeResult: success, version: HTTP/1.1, content: EmptyByteBufBE)
GET /wd/hub/session/7feee39e-58cb-4134-857e-3214ccd01e31/element/00000000-0000-0663-0000-000700000003/displayed HTTP/1.1
User-Agent: appium/8.3.0 (selenium/4.8.1 (java windows))
Cache-Control: no-cache
Content-Type: application/json; charset=utf-8
host: 0.0.0.0:4723
accept: */*

Response DefaultHttpResponse(decodeResult: success, version: HTTP/1.1)
HTTP/1.1 200 OK
X-Powered-By: Express
Content-Type: application/json; charset=utf-8
Content-Length: 14
ETag: W/"e-2ZHvAWebNQpyjGZTg6uyV8/spTo"
Date: Tue, 09 May 2023 15:18:32 GMT
Connection: keep-alive
Keep-Alive: timeout=600

22:18:32.264 [AsyncHttpClient-1-2] DEBUG org.asynchttpclient.netty.channel.ChannelManager - Adding key: http://0.0.0.0:4723 for channel [id: 0x0f502b57, L:/127.0.0.1:58549 - R:/127.0.0.1:4723]
22:18:32.267 [Forwarding isElementEnabled on session 7feee39e-58cb-4134-857e-3214ccd01e31 to remote] DEBUG org.asynchttpclient.netty.request.NettyRequestSender - Using pooled Channel '[id: 0x0f502b57, L:/127.0.0.1:58549 - R:/127.0.0.1:4723]' for 'GET' to 'http://0.0.0.0:4723/wd/hub/session/7feee39e-58cb-4134-857e-3214ccd01e31/element/00000000-0000-0663-0000-000700000003/enabled'
22:18:32.267 [Forwarding isElementEnabled on session 7feee39e-58cb-4134-857e-3214ccd01e31 to remote] DEBUG org.asynchttpclient.netty.request.NettyRequestSender - Using open Channel [id: 0x0f502b57, L:/127.0.0.1:58549 - R:/127.0.0.1:4723] for GET '/wd/hub/session/7feee39e-58cb-4134-857e-3214ccd01e31/element/00000000-0000-0663-0000-000700000003/enabled'
22:18:32.293 [AsyncHttpClient-1-2] DEBUG org.asynchttpclient.netty.handler.HttpHandler - 

Request DefaultFullHttpRequest(decodeResult: success, version: HTTP/1.1, content: EmptyByteBufBE)
GET /wd/hub/session/7feee39e-58cb-4134-857e-3214ccd01e31/element/00000000-0000-0663-0000-000700000003/enabled HTTP/1.1
User-Agent: appium/8.3.0 (selenium/4.8.1 (java windows))
Cache-Control: no-cache
Content-Type: application/json; charset=utf-8
host: 0.0.0.0:4723
accept: */*

Response DefaultHttpResponse(decodeResult: success, version: HTTP/1.1)
HTTP/1.1 200 OK
X-Powered-By: Express
Content-Type: application/json; charset=utf-8
Content-Length: 14
ETag: W/"e-2ZHvAWebNQpyjGZTg6uyV8/spTo"
Date: Tue, 09 May 2023 15:18:32 GMT
Connection: keep-alive
Keep-Alive: timeout=600

22:18:32.294 [AsyncHttpClient-1-2] DEBUG org.asynchttpclient.netty.channel.ChannelManager - Adding key: http://0.0.0.0:4723 for channel [id: 0x0f502b57, L:/127.0.0.1:58549 - R:/127.0.0.1:4723]
22:18:32.296 [Forwarding clickElement on session 7feee39e-58cb-4134-857e-3214ccd01e31 to remote] DEBUG org.asynchttpclient.netty.request.NettyRequestSender - Using pooled Channel '[id: 0x0f502b57, L:/127.0.0.1:58549 - R:/127.0.0.1:4723]' for 'POST' to 'http://0.0.0.0:4723/wd/hub/session/7feee39e-58cb-4134-857e-3214ccd01e31/element/00000000-0000-0663-0000-000700000003/click'
22:18:32.297 [Forwarding clickElement on session 7feee39e-58cb-4134-857e-3214ccd01e31 to remote] DEBUG org.asynchttpclient.netty.request.NettyRequestSender - Using open Channel [id: 0x0f502b57, L:/127.0.0.1:58549 - R:/127.0.0.1:4723] for POST '/wd/hub/session/7feee39e-58cb-4134-857e-3214ccd01e31/element/00000000-0000-0663-0000-000700000003/click'
22:18:33.160 [AsyncHttpClient-1-2] DEBUG org.asynchttpclient.netty.handler.HttpHandler - 

Request DefaultHttpRequest(decodeResult: success, version: HTTP/1.1)
POST /wd/hub/session/7feee39e-58cb-4134-857e-3214ccd01e31/element/00000000-0000-0663-0000-000700000003/click HTTP/1.1
User-Agent: appium/8.3.0 (selenium/4.8.1 (java windows))
Content-Length: 50
Content-Type: application/json; charset=utf-8
host: 0.0.0.0:4723
accept: */*

Response DefaultHttpResponse(decodeResult: success, version: HTTP/1.1)
HTTP/1.1 200 OK
X-Powered-By: Express
Vary: X-HTTP-Method-Override
Content-Type: application/json; charset=utf-8
Content-Length: 14
ETag: W/"e-9/1BuKMgFObM1mWJm+YjxtXJnUM"
Date: Tue, 09 May 2023 15:18:33 GMT
Connection: keep-alive
Keep-Alive: timeout=600

22:18:33.160 [AsyncHttpClient-1-2] DEBUG org.asynchttpclient.netty.channel.ChannelManager - Adding key: http://0.0.0.0:4723 for channel [id: 0x0f502b57, L:/127.0.0.1:58549 - R:/127.0.0.1:4723]
22:18:33.162 [main] DEBUG net.thucydides.core.steps.StepInterceptor - STEP DONE: clickButtonLogin
]]></system-out>
  </testcase>
  <testcase name="user input email valid for login feature" classname="user tidak bisa login karena menggunakan password yang salah" time="1.595">
    <system-out><![CDATA[22:18:33.176 [main] DEBUG net.thucydides.core.steps.StepInterceptor - STARTING STEP: LoginSteps.userInputEmailValidForLoginFeature - inputEmail
22:18:33.179 [Forwarding findElement on session 7feee39e-58cb-4134-857e-3214ccd01e31 to remote] DEBUG org.asynchttpclient.netty.request.NettyRequestSender - Using pooled Channel '[id: 0x0f502b57, L:/127.0.0.1:58549 - R:/127.0.0.1:4723]' for 'POST' to 'http://0.0.0.0:4723/wd/hub/session/7feee39e-58cb-4134-857e-3214ccd01e31/element'
22:18:33.179 [Forwarding findElement on session 7feee39e-58cb-4134-857e-3214ccd01e31 to remote] DEBUG org.asynchttpclient.netty.request.NettyRequestSender - Using open Channel [id: 0x0f502b57, L:/127.0.0.1:58549 - R:/127.0.0.1:4723] for POST '/wd/hub/session/7feee39e-58cb-4134-857e-3214ccd01e31/element'
22:18:33.245 [AsyncHttpClient-1-2] DEBUG org.asynchttpclient.netty.handler.HttpHandler - 

Request DefaultHttpRequest(decodeResult: success, version: HTTP/1.1)
POST /wd/hub/session/7feee39e-58cb-4134-857e-3214ccd01e31/element HTTP/1.1
User-Agent: appium/8.3.0 (selenium/4.8.1 (java windows))
Content-Length: 305
Content-Type: application/json; charset=utf-8
host: 0.0.0.0:4723
accept: */*

Response DefaultHttpResponse(decodeResult: success, version: HTTP/1.1)
HTTP/1.1 200 OK
X-Powered-By: Express
Vary: X-HTTP-Method-Override
Content-Type: application/json; charset=utf-8
Content-Length: 137
ETag: W/"89-Y6odO4M6ZGsOFrI21vs9gWyvOek"
Date: Tue, 09 May 2023 15:18:33 GMT
Connection: keep-alive
Keep-Alive: timeout=600

22:18:33.245 [AsyncHttpClient-1-2] DEBUG org.asynchttpclient.netty.channel.ChannelManager - Adding key: http://0.0.0.0:4723 for channel [id: 0x0f502b57, L:/127.0.0.1:58549 - R:/127.0.0.1:4723]
22:18:33.247 [Forwarding isElementDisplayed on session 7feee39e-58cb-4134-857e-3214ccd01e31 to remote] DEBUG org.asynchttpclient.netty.request.NettyRequestSender - Using pooled Channel '[id: 0x0f502b57, L:/127.0.0.1:58549 - R:/127.0.0.1:4723]' for 'GET' to 'http://0.0.0.0:4723/wd/hub/session/7feee39e-58cb-4134-857e-3214ccd01e31/element/00000000-0000-0663-0000-002600000003/displayed'
22:18:33.247 [Forwarding isElementDisplayed on session 7feee39e-58cb-4134-857e-3214ccd01e31 to remote] DEBUG org.asynchttpclient.netty.request.NettyRequestSender - Using open Channel [id: 0x0f502b57, L:/127.0.0.1:58549 - R:/127.0.0.1:4723] for GET '/wd/hub/session/7feee39e-58cb-4134-857e-3214ccd01e31/element/00000000-0000-0663-0000-002600000003/displayed'
22:18:33.273 [AsyncHttpClient-1-2] DEBUG org.asynchttpclient.netty.handler.HttpHandler - 

Request DefaultFullHttpRequest(decodeResult: success, version: HTTP/1.1, content: EmptyByteBufBE)
GET /wd/hub/session/7feee39e-58cb-4134-857e-3214ccd01e31/element/00000000-0000-0663-0000-002600000003/displayed HTTP/1.1
User-Agent: appium/8.3.0 (selenium/4.8.1 (java windows))
Cache-Control: no-cache
Content-Type: application/json; charset=utf-8
host: 0.0.0.0:4723
accept: */*

Response DefaultHttpResponse(decodeResult: success, version: HTTP/1.1)
HTTP/1.1 200 OK
X-Powered-By: Express
Content-Type: application/json; charset=utf-8
Content-Length: 14
ETag: W/"e-2ZHvAWebNQpyjGZTg6uyV8/spTo"
Date: Tue, 09 May 2023 15:18:33 GMT
Connection: keep-alive
Keep-Alive: timeout=600

22:18:33.274 [AsyncHttpClient-1-2] DEBUG org.asynchttpclient.netty.channel.ChannelManager - Adding key: http://0.0.0.0:4723 for channel [id: 0x0f502b57, L:/127.0.0.1:58549 - R:/127.0.0.1:4723]
22:18:33.276 [Forwarding isElementEnabled on session 7feee39e-58cb-4134-857e-3214ccd01e31 to remote] DEBUG org.asynchttpclient.netty.request.NettyRequestSender - Using pooled Channel '[id: 0x0f502b57, L:/127.0.0.1:58549 - R:/127.0.0.1:4723]' for 'GET' to 'http://0.0.0.0:4723/wd/hub/session/7feee39e-58cb-4134-857e-3214ccd01e31/element/00000000-0000-0663-0000-002600000003/enabled'
22:18:33.276 [Forwarding isElementEnabled on session 7feee39e-58cb-4134-857e-3214ccd01e31 to remote] DEBUG org.asynchttpclient.netty.request.NettyRequestSender - Using open Channel [id: 0x0f502b57, L:/127.0.0.1:58549 - R:/127.0.0.1:4723] for GET '/wd/hub/session/7feee39e-58cb-4134-857e-3214ccd01e31/element/00000000-0000-0663-0000-002600000003/enabled'
22:18:33.300 [AsyncHttpClient-1-2] DEBUG org.asynchttpclient.netty.handler.HttpHandler - 

Request DefaultFullHttpRequest(decodeResult: success, version: HTTP/1.1, content: EmptyByteBufBE)
GET /wd/hub/session/7feee39e-58cb-4134-857e-3214ccd01e31/element/00000000-0000-0663-0000-002600000003/enabled HTTP/1.1
User-Agent: appium/8.3.0 (selenium/4.8.1 (java windows))
Cache-Control: no-cache
Content-Type: application/json; charset=utf-8
host: 0.0.0.0:4723
accept: */*

Response DefaultHttpResponse(decodeResult: success, version: HTTP/1.1)
HTTP/1.1 200 OK
X-Powered-By: Express
Content-Type: application/json; charset=utf-8
Content-Length: 14
ETag: W/"e-2ZHvAWebNQpyjGZTg6uyV8/spTo"
Date: Tue, 09 May 2023 15:18:33 GMT
Connection: keep-alive
Keep-Alive: timeout=600

22:18:33.300 [AsyncHttpClient-1-2] DEBUG org.asynchttpclient.netty.channel.ChannelManager - Adding key: http://0.0.0.0:4723 for channel [id: 0x0f502b57, L:/127.0.0.1:58549 - R:/127.0.0.1:4723]
22:18:33.302 [Forwarding clickElement on session 7feee39e-58cb-4134-857e-3214ccd01e31 to remote] DEBUG org.asynchttpclient.netty.request.NettyRequestSender - Using pooled Channel '[id: 0x0f502b57, L:/127.0.0.1:58549 - R:/127.0.0.1:4723]' for 'POST' to 'http://0.0.0.0:4723/wd/hub/session/7feee39e-58cb-4134-857e-3214ccd01e31/element/00000000-0000-0663-0000-002600000003/click'
22:18:33.302 [Forwarding clickElement on session 7feee39e-58cb-4134-857e-3214ccd01e31 to remote] DEBUG org.asynchttpclient.netty.request.NettyRequestSender - Using open Channel [id: 0x0f502b57, L:/127.0.0.1:58549 - R:/127.0.0.1:4723] for POST '/wd/hub/session/7feee39e-58cb-4134-857e-3214ccd01e31/element/00000000-0000-0663-0000-002600000003/click'
22:18:33.357 [AsyncHttpClient-1-2] DEBUG org.asynchttpclient.netty.handler.HttpHandler - 

Request DefaultHttpRequest(decodeResult: success, version: HTTP/1.1)
POST /wd/hub/session/7feee39e-58cb-4134-857e-3214ccd01e31/element/00000000-0000-0663-0000-002600000003/click HTTP/1.1
User-Agent: appium/8.3.0 (selenium/4.8.1 (java windows))
Content-Length: 50
Content-Type: application/json; charset=utf-8
host: 0.0.0.0:4723
accept: */*

Response DefaultHttpResponse(decodeResult: success, version: HTTP/1.1)
HTTP/1.1 200 OK
X-Powered-By: Express
Vary: X-HTTP-Method-Override
Content-Type: application/json; charset=utf-8
Content-Length: 14
ETag: W/"e-9/1BuKMgFObM1mWJm+YjxtXJnUM"
Date: Tue, 09 May 2023 15:18:33 GMT
Connection: keep-alive
Keep-Alive: timeout=600

22:18:33.357 [AsyncHttpClient-1-2] DEBUG org.asynchttpclient.netty.channel.ChannelManager - Adding key: http://0.0.0.0:4723 for channel [id: 0x0f502b57, L:/127.0.0.1:58549 - R:/127.0.0.1:4723]
22:18:33.366 [Forwarding findElement on session 7feee39e-58cb-4134-857e-3214ccd01e31 to remote] DEBUG org.asynchttpclient.netty.request.NettyRequestSender - Using pooled Channel '[id: 0x0f502b57, L:/127.0.0.1:58549 - R:/127.0.0.1:4723]' for 'POST' to 'http://0.0.0.0:4723/wd/hub/session/7feee39e-58cb-4134-857e-3214ccd01e31/element'
22:18:33.367 [Forwarding findElement on session 7feee39e-58cb-4134-857e-3214ccd01e31 to remote] DEBUG org.asynchttpclient.netty.request.NettyRequestSender - Using open Channel [id: 0x0f502b57, L:/127.0.0.1:58549 - R:/127.0.0.1:4723] for POST '/wd/hub/session/7feee39e-58cb-4134-857e-3214ccd01e31/element'
22:18:34.683 [AsyncHttpClient-1-2] DEBUG org.asynchttpclient.netty.handler.HttpHandler - 

Request DefaultHttpRequest(decodeResult: success, version: HTTP/1.1)
POST /wd/hub/session/7feee39e-58cb-4134-857e-3214ccd01e31/element HTTP/1.1
User-Agent: appium/8.3.0 (selenium/4.8.1 (java windows))
Content-Length: 305
Content-Type: application/json; charset=utf-8
host: 0.0.0.0:4723
accept: */*

Response DefaultHttpResponse(decodeResult: success, version: HTTP/1.1)
HTTP/1.1 200 OK
X-Powered-By: Express
Vary: X-HTTP-Method-Override
Content-Type: application/json; charset=utf-8
Content-Length: 137
ETag: W/"89-Y6odO4M6ZGsOFrI21vs9gWyvOek"
Date: Tue, 09 May 2023 15:18:34 GMT
Connection: keep-alive
Keep-Alive: timeout=600

22:18:34.684 [AsyncHttpClient-1-2] DEBUG org.asynchttpclient.netty.channel.ChannelManager - Adding key: http://0.0.0.0:4723 for channel [id: 0x0f502b57, L:/127.0.0.1:58549 - R:/127.0.0.1:4723]
22:18:34.688 [Forwarding sendKeysToElement on session 7feee39e-58cb-4134-857e-3214ccd01e31 to remote] DEBUG org.asynchttpclient.netty.request.NettyRequestSender - Using pooled Channel '[id: 0x0f502b57, L:/127.0.0.1:58549 - R:/127.0.0.1:4723]' for 'POST' to 'http://0.0.0.0:4723/wd/hub/session/7feee39e-58cb-4134-857e-3214ccd01e31/element/00000000-0000-0663-0000-002600000003/value'
22:18:34.688 [Forwarding sendKeysToElement on session 7feee39e-58cb-4134-857e-3214ccd01e31 to remote] DEBUG org.asynchttpclient.netty.request.NettyRequestSender - Using open Channel [id: 0x0f502b57, L:/127.0.0.1:58549 - R:/127.0.0.1:4723] for POST '/wd/hub/session/7feee39e-58cb-4134-857e-3214ccd01e31/element/00000000-0000-0663-0000-002600000003/value'
22:18:34.758 [AsyncHttpClient-1-2] DEBUG org.asynchttpclient.netty.handler.HttpHandler - 

Request DefaultHttpRequest(decodeResult: success, version: HTTP/1.1)
POST /wd/hub/session/7feee39e-58cb-4134-857e-3214ccd01e31/element/00000000-0000-0663-0000-002600000003/value HTTP/1.1
User-Agent: appium/8.3.0 (selenium/4.8.1 (java windows))
Content-Length: 211
Content-Type: application/json; charset=utf-8
host: 0.0.0.0:4723
accept: */*

Response DefaultHttpResponse(decodeResult: success, version: HTTP/1.1)
HTTP/1.1 200 OK
X-Powered-By: Express
Vary: X-HTTP-Method-Override
Content-Type: application/json; charset=utf-8
Content-Length: 14
ETag: W/"e-9/1BuKMgFObM1mWJm+YjxtXJnUM"
Date: Tue, 09 May 2023 15:18:34 GMT
Connection: keep-alive
Keep-Alive: timeout=600

22:18:34.758 [AsyncHttpClient-1-2] DEBUG org.asynchttpclient.netty.channel.ChannelManager - Adding key: http://0.0.0.0:4723 for channel [id: 0x0f502b57, L:/127.0.0.1:58549 - R:/127.0.0.1:4723]
22:18:34.760 [main] DEBUG net.thucydides.core.steps.StepInterceptor - STEP DONE: inputEmail
]]></system-out>
  </testcase>
  <testcase name="user input password invalid for login feature" classname="user tidak bisa login karena menggunakan password yang salah" time="1.612">
    <system-out><![CDATA[22:18:34.770 [AsyncHttpClient-1-1] DEBUG org.asynchttpclient.netty.channel.DefaultChannelPool - Entry count for : http://0.0.0.0:4723 : 1
22:18:34.784 [main] DEBUG net.thucydides.core.steps.StepInterceptor - STARTING STEP: LoginSteps.userInputPasswordInvalidForLoginFeature - inputPassword
22:18:34.792 [Forwarding findElement on session 7feee39e-58cb-4134-857e-3214ccd01e31 to remote] DEBUG org.asynchttpclient.netty.request.NettyRequestSender - Using pooled Channel '[id: 0x0f502b57, L:/127.0.0.1:58549 - R:/127.0.0.1:4723]' for 'POST' to 'http://0.0.0.0:4723/wd/hub/session/7feee39e-58cb-4134-857e-3214ccd01e31/element'
22:18:34.793 [Forwarding findElement on session 7feee39e-58cb-4134-857e-3214ccd01e31 to remote] DEBUG org.asynchttpclient.netty.request.NettyRequestSender - Using open Channel [id: 0x0f502b57, L:/127.0.0.1:58549 - R:/127.0.0.1:4723] for POST '/wd/hub/session/7feee39e-58cb-4134-857e-3214ccd01e31/element'
22:18:35.354 [AsyncHttpClient-1-2] DEBUG org.asynchttpclient.netty.handler.HttpHandler - 

Request DefaultHttpRequest(decodeResult: success, version: HTTP/1.1)
POST /wd/hub/session/7feee39e-58cb-4134-857e-3214ccd01e31/element HTTP/1.1
User-Agent: appium/8.3.0 (selenium/4.8.1 (java windows))
Content-Length: 305
Content-Type: application/json; charset=utf-8
host: 0.0.0.0:4723
accept: */*

Response DefaultHttpResponse(decodeResult: success, version: HTTP/1.1)
HTTP/1.1 200 OK
X-Powered-By: Express
Vary: X-HTTP-Method-Override
Content-Type: application/json; charset=utf-8
Content-Length: 137
ETag: W/"89-N9g1f35qwWdDBJ1jmomXNsbpNaM"
Date: Tue, 09 May 2023 15:18:35 GMT
Connection: keep-alive
Keep-Alive: timeout=600

22:18:35.354 [AsyncHttpClient-1-2] DEBUG org.asynchttpclient.netty.channel.ChannelManager - Adding key: http://0.0.0.0:4723 for channel [id: 0x0f502b57, L:/127.0.0.1:58549 - R:/127.0.0.1:4723]
22:18:35.357 [Forwarding isElementDisplayed on session 7feee39e-58cb-4134-857e-3214ccd01e31 to remote] DEBUG org.asynchttpclient.netty.request.NettyRequestSender - Using pooled Channel '[id: 0x0f502b57, L:/127.0.0.1:58549 - R:/127.0.0.1:4723]' for 'GET' to 'http://0.0.0.0:4723/wd/hub/session/7feee39e-58cb-4134-857e-3214ccd01e31/element/00000000-0000-0663-0000-002700000003/displayed'
22:18:35.357 [Forwarding isElementDisplayed on session 7feee39e-58cb-4134-857e-3214ccd01e31 to remote] DEBUG org.asynchttpclient.netty.request.NettyRequestSender - Using open Channel [id: 0x0f502b57, L:/127.0.0.1:58549 - R:/127.0.0.1:4723] for GET '/wd/hub/session/7feee39e-58cb-4134-857e-3214ccd01e31/element/00000000-0000-0663-0000-002700000003/displayed'
22:18:35.394 [AsyncHttpClient-1-2] DEBUG org.asynchttpclient.netty.handler.HttpHandler - 

Request DefaultFullHttpRequest(decodeResult: success, version: HTTP/1.1, content: EmptyByteBufBE)
GET /wd/hub/session/7feee39e-58cb-4134-857e-3214ccd01e31/element/00000000-0000-0663-0000-002700000003/displayed HTTP/1.1
User-Agent: appium/8.3.0 (selenium/4.8.1 (java windows))
Cache-Control: no-cache
Content-Type: application/json; charset=utf-8
host: 0.0.0.0:4723
accept: */*

Response DefaultHttpResponse(decodeResult: success, version: HTTP/1.1)
HTTP/1.1 200 OK
X-Powered-By: Express
Content-Type: application/json; charset=utf-8
Content-Length: 14
ETag: W/"e-2ZHvAWebNQpyjGZTg6uyV8/spTo"
Date: Tue, 09 May 2023 15:18:35 GMT
Connection: keep-alive
Keep-Alive: timeout=600

22:18:35.395 [AsyncHttpClient-1-2] DEBUG org.asynchttpclient.netty.channel.ChannelManager - Adding key: http://0.0.0.0:4723 for channel [id: 0x0f502b57, L:/127.0.0.1:58549 - R:/127.0.0.1:4723]
22:18:35.397 [Forwarding isElementEnabled on session 7feee39e-58cb-4134-857e-3214ccd01e31 to remote] DEBUG org.asynchttpclient.netty.request.NettyRequestSender - Using pooled Channel '[id: 0x0f502b57, L:/127.0.0.1:58549 - R:/127.0.0.1:4723]' for 'GET' to 'http://0.0.0.0:4723/wd/hub/session/7feee39e-58cb-4134-857e-3214ccd01e31/element/00000000-0000-0663-0000-002700000003/enabled'
22:18:35.397 [Forwarding isElementEnabled on session 7feee39e-58cb-4134-857e-3214ccd01e31 to remote] DEBUG org.asynchttpclient.netty.request.NettyRequestSender - Using open Channel [id: 0x0f502b57, L:/127.0.0.1:58549 - R:/127.0.0.1:4723] for GET '/wd/hub/session/7feee39e-58cb-4134-857e-3214ccd01e31/element/00000000-0000-0663-0000-002700000003/enabled'
22:18:35.429 [AsyncHttpClient-1-2] DEBUG org.asynchttpclient.netty.handler.HttpHandler - 

Request DefaultFullHttpRequest(decodeResult: success, version: HTTP/1.1, content: EmptyByteBufBE)
GET /wd/hub/session/7feee39e-58cb-4134-857e-3214ccd01e31/element/00000000-0000-0663-0000-002700000003/enabled HTTP/1.1
User-Agent: appium/8.3.0 (selenium/4.8.1 (java windows))
Cache-Control: no-cache
Content-Type: application/json; charset=utf-8
host: 0.0.0.0:4723
accept: */*

Response DefaultHttpResponse(decodeResult: success, version: HTTP/1.1)
HTTP/1.1 200 OK
X-Powered-By: Express
Content-Type: application/json; charset=utf-8
Content-Length: 14
ETag: W/"e-2ZHvAWebNQpyjGZTg6uyV8/spTo"
Date: Tue, 09 May 2023 15:18:35 GMT
Connection: keep-alive
Keep-Alive: timeout=600

22:18:35.430 [AsyncHttpClient-1-2] DEBUG org.asynchttpclient.netty.channel.ChannelManager - Adding key: http://0.0.0.0:4723 for channel [id: 0x0f502b57, L:/127.0.0.1:58549 - R:/127.0.0.1:4723]
22:18:35.433 [Forwarding clickElement on session 7feee39e-58cb-4134-857e-3214ccd01e31 to remote] DEBUG org.asynchttpclient.netty.request.NettyRequestSender - Using pooled Channel '[id: 0x0f502b57, L:/127.0.0.1:58549 - R:/127.0.0.1:4723]' for 'POST' to 'http://0.0.0.0:4723/wd/hub/session/7feee39e-58cb-4134-857e-3214ccd01e31/element/00000000-0000-0663-0000-002700000003/click'
22:18:35.433 [Forwarding clickElement on session 7feee39e-58cb-4134-857e-3214ccd01e31 to remote] DEBUG org.asynchttpclient.netty.request.NettyRequestSender - Using open Channel [id: 0x0f502b57, L:/127.0.0.1:58549 - R:/127.0.0.1:4723] for POST '/wd/hub/session/7feee39e-58cb-4134-857e-3214ccd01e31/element/00000000-0000-0663-0000-002700000003/click'
22:18:35.494 [AsyncHttpClient-1-2] DEBUG org.asynchttpclient.netty.handler.HttpHandler - 

Request DefaultHttpRequest(decodeResult: success, version: HTTP/1.1)
POST /wd/hub/session/7feee39e-58cb-4134-857e-3214ccd01e31/element/00000000-0000-0663-0000-002700000003/click HTTP/1.1
User-Agent: appium/8.3.0 (selenium/4.8.1 (java windows))
Content-Length: 50
Content-Type: application/json; charset=utf-8
host: 0.0.0.0:4723
accept: */*

Response DefaultHttpResponse(decodeResult: success, version: HTTP/1.1)
HTTP/1.1 200 OK
X-Powered-By: Express
Vary: X-HTTP-Method-Override
Content-Type: application/json; charset=utf-8
Content-Length: 14
ETag: W/"e-9/1BuKMgFObM1mWJm+YjxtXJnUM"
Date: Tue, 09 May 2023 15:18:35 GMT
Connection: keep-alive
Keep-Alive: timeout=600

22:18:35.495 [AsyncHttpClient-1-2] DEBUG org.asynchttpclient.netty.channel.ChannelManager - Adding key: http://0.0.0.0:4723 for channel [id: 0x0f502b57, L:/127.0.0.1:58549 - R:/127.0.0.1:4723]
22:18:35.505 [Forwarding findElement on session 7feee39e-58cb-4134-857e-3214ccd01e31 to remote] DEBUG org.asynchttpclient.netty.request.NettyRequestSender - Using pooled Channel '[id: 0x0f502b57, L:/127.0.0.1:58549 - R:/127.0.0.1:4723]' for 'POST' to 'http://0.0.0.0:4723/wd/hub/session/7feee39e-58cb-4134-857e-3214ccd01e31/element'
22:18:35.505 [Forwarding findElement on session 7feee39e-58cb-4134-857e-3214ccd01e31 to remote] DEBUG org.asynchttpclient.netty.request.NettyRequestSender - Using open Channel [id: 0x0f502b57, L:/127.0.0.1:58549 - R:/127.0.0.1:4723] for POST '/wd/hub/session/7feee39e-58cb-4134-857e-3214ccd01e31/element'
22:18:36.307 [AsyncHttpClient-1-2] DEBUG org.asynchttpclient.netty.handler.HttpHandler - 

Request DefaultHttpRequest(decodeResult: success, version: HTTP/1.1)
POST /wd/hub/session/7feee39e-58cb-4134-857e-3214ccd01e31/element HTTP/1.1
User-Agent: appium/8.3.0 (selenium/4.8.1 (java windows))
Content-Length: 305
Content-Type: application/json; charset=utf-8
host: 0.0.0.0:4723
accept: */*

Response DefaultHttpResponse(decodeResult: success, version: HTTP/1.1)
HTTP/1.1 200 OK
X-Powered-By: Express
Vary: X-HTTP-Method-Override
Content-Type: application/json; charset=utf-8
Content-Length: 137
ETag: W/"89-N9g1f35qwWdDBJ1jmomXNsbpNaM"
Date: Tue, 09 May 2023 15:18:36 GMT
Connection: keep-alive
Keep-Alive: timeout=600

22:18:36.308 [AsyncHttpClient-1-2] DEBUG org.asynchttpclient.netty.channel.ChannelManager - Adding key: http://0.0.0.0:4723 for channel [id: 0x0f502b57, L:/127.0.0.1:58549 - R:/127.0.0.1:4723]
22:18:36.312 [Forwarding sendKeysToElement on session 7feee39e-58cb-4134-857e-3214ccd01e31 to remote] DEBUG org.asynchttpclient.netty.request.NettyRequestSender - Using pooled Channel '[id: 0x0f502b57, L:/127.0.0.1:58549 - R:/127.0.0.1:4723]' for 'POST' to 'http://0.0.0.0:4723/wd/hub/session/7feee39e-58cb-4134-857e-3214ccd01e31/element/00000000-0000-0663-0000-002700000003/value'
22:18:36.312 [Forwarding sendKeysToElement on session 7feee39e-58cb-4134-857e-3214ccd01e31 to remote] DEBUG org.asynchttpclient.netty.request.NettyRequestSender - Using open Channel [id: 0x0f502b57, L:/127.0.0.1:58549 - R:/127.0.0.1:4723] for POST '/wd/hub/session/7feee39e-58cb-4134-857e-3214ccd01e31/element/00000000-0000-0663-0000-002700000003/value'
22:18:36.374 [AsyncHttpClient-1-2] DEBUG org.asynchttpclient.netty.handler.HttpHandler - 

Request DefaultHttpRequest(decodeResult: success, version: HTTP/1.1)
POST /wd/hub/session/7feee39e-58cb-4134-857e-3214ccd01e31/element/00000000-0000-0663-0000-002700000003/value HTTP/1.1
User-Agent: appium/8.3.0 (selenium/4.8.1 (java windows))
Content-Length: 121
Content-Type: application/json; charset=utf-8
host: 0.0.0.0:4723
accept: */*

Response DefaultHttpResponse(decodeResult: success, version: HTTP/1.1)
HTTP/1.1 200 OK
X-Powered-By: Express
Vary: X-HTTP-Method-Override
Content-Type: application/json; charset=utf-8
Content-Length: 14
ETag: W/"e-9/1BuKMgFObM1mWJm+YjxtXJnUM"
Date: Tue, 09 May 2023 15:18:36 GMT
Connection: keep-alive
Keep-Alive: timeout=600

22:18:36.375 [AsyncHttpClient-1-2] DEBUG org.asynchttpclient.netty.channel.ChannelManager - Adding key: http://0.0.0.0:4723 for channel [id: 0x0f502b57, L:/127.0.0.1:58549 - R:/127.0.0.1:4723]
22:18:36.377 [main] DEBUG net.thucydides.core.steps.StepInterceptor - STEP DONE: inputPassword
]]></system-out>
  </testcase>
  <testcase name="user click login button again for login feature" classname="user tidak bisa login karena menggunakan password yang salah" time="1.331">
    <system-out><![CDATA[22:18:36.400 [main] DEBUG net.thucydides.core.steps.StepInterceptor - STARTING STEP: LoginSteps.userClickLoginButtonAgainForLoginFeature - clickButtonLoginSecond
22:18:36.404 [Forwarding findElement on session 7feee39e-58cb-4134-857e-3214ccd01e31 to remote] DEBUG org.asynchttpclient.netty.request.NettyRequestSender - Using pooled Channel '[id: 0x0f502b57, L:/127.0.0.1:58549 - R:/127.0.0.1:4723]' for 'POST' to 'http://0.0.0.0:4723/wd/hub/session/7feee39e-58cb-4134-857e-3214ccd01e31/element'
22:18:36.404 [Forwarding findElement on session 7feee39e-58cb-4134-857e-3214ccd01e31 to remote] DEBUG org.asynchttpclient.netty.request.NettyRequestSender - Using open Channel [id: 0x0f502b57, L:/127.0.0.1:58549 - R:/127.0.0.1:4723] for POST '/wd/hub/session/7feee39e-58cb-4134-857e-3214ccd01e31/element'
22:18:37.109 [AsyncHttpClient-1-2] DEBUG org.asynchttpclient.netty.handler.HttpHandler - 

Request DefaultHttpRequest(decodeResult: success, version: HTTP/1.1)
POST /wd/hub/session/7feee39e-58cb-4134-857e-3214ccd01e31/element HTTP/1.1
User-Agent: appium/8.3.0 (selenium/4.8.1 (java windows))
Content-Length: 95
Content-Type: application/json; charset=utf-8
host: 0.0.0.0:4723
accept: */*

Response DefaultHttpResponse(decodeResult: success, version: HTTP/1.1)
HTTP/1.1 200 OK
X-Powered-By: Express
Vary: X-HTTP-Method-Override
Content-Type: application/json; charset=utf-8
Content-Length: 137
ETag: W/"89-JDAAG1aUsxvUh7OqFj0EQOyDsCY"
Date: Tue, 09 May 2023 15:18:37 GMT
Connection: keep-alive
Keep-Alive: timeout=600

22:18:37.110 [AsyncHttpClient-1-2] DEBUG org.asynchttpclient.netty.channel.ChannelManager - Adding key: http://0.0.0.0:4723 for channel [id: 0x0f502b57, L:/127.0.0.1:58549 - R:/127.0.0.1:4723]
22:18:37.112 [Forwarding isElementDisplayed on session 7feee39e-58cb-4134-857e-3214ccd01e31 to remote] DEBUG org.asynchttpclient.netty.request.NettyRequestSender - Using pooled Channel '[id: 0x0f502b57, L:/127.0.0.1:58549 - R:/127.0.0.1:4723]' for 'GET' to 'http://0.0.0.0:4723/wd/hub/session/7feee39e-58cb-4134-857e-3214ccd01e31/element/00000000-0000-0663-0000-002800000003/displayed'
22:18:37.112 [Forwarding isElementDisplayed on session 7feee39e-58cb-4134-857e-3214ccd01e31 to remote] DEBUG org.asynchttpclient.netty.request.NettyRequestSender - Using open Channel [id: 0x0f502b57, L:/127.0.0.1:58549 - R:/127.0.0.1:4723] for GET '/wd/hub/session/7feee39e-58cb-4134-857e-3214ccd01e31/element/00000000-0000-0663-0000-002800000003/displayed'
22:18:37.133 [AsyncHttpClient-1-2] DEBUG org.asynchttpclient.netty.handler.HttpHandler - 

Request DefaultFullHttpRequest(decodeResult: success, version: HTTP/1.1, content: EmptyByteBufBE)
GET /wd/hub/session/7feee39e-58cb-4134-857e-3214ccd01e31/element/00000000-0000-0663-0000-002800000003/displayed HTTP/1.1
User-Agent: appium/8.3.0 (selenium/4.8.1 (java windows))
Cache-Control: no-cache
Content-Type: application/json; charset=utf-8
host: 0.0.0.0:4723
accept: */*

Response DefaultHttpResponse(decodeResult: success, version: HTTP/1.1)
HTTP/1.1 200 OK
X-Powered-By: Express
Content-Type: application/json; charset=utf-8
Content-Length: 14
ETag: W/"e-2ZHvAWebNQpyjGZTg6uyV8/spTo"
Date: Tue, 09 May 2023 15:18:37 GMT
Connection: keep-alive
Keep-Alive: timeout=600

22:18:37.133 [AsyncHttpClient-1-2] DEBUG org.asynchttpclient.netty.channel.ChannelManager - Adding key: http://0.0.0.0:4723 for channel [id: 0x0f502b57, L:/127.0.0.1:58549 - R:/127.0.0.1:4723]
22:18:37.136 [Forwarding isElementEnabled on session 7feee39e-58cb-4134-857e-3214ccd01e31 to remote] DEBUG org.asynchttpclient.netty.request.NettyRequestSender - Using pooled Channel '[id: 0x0f502b57, L:/127.0.0.1:58549 - R:/127.0.0.1:4723]' for 'GET' to 'http://0.0.0.0:4723/wd/hub/session/7feee39e-58cb-4134-857e-3214ccd01e31/element/00000000-0000-0663-0000-002800000003/enabled'
22:18:37.136 [Forwarding isElementEnabled on session 7feee39e-58cb-4134-857e-3214ccd01e31 to remote] DEBUG org.asynchttpclient.netty.request.NettyRequestSender - Using open Channel [id: 0x0f502b57, L:/127.0.0.1:58549 - R:/127.0.0.1:4723] for GET '/wd/hub/session/7feee39e-58cb-4134-857e-3214ccd01e31/element/00000000-0000-0663-0000-002800000003/enabled'
22:18:37.160 [AsyncHttpClient-1-2] DEBUG org.asynchttpclient.netty.handler.HttpHandler - 

Request DefaultFullHttpRequest(decodeResult: success, version: HTTP/1.1, content: EmptyByteBufBE)
GET /wd/hub/session/7feee39e-58cb-4134-857e-3214ccd01e31/element/00000000-0000-0663-0000-002800000003/enabled HTTP/1.1
User-Agent: appium/8.3.0 (selenium/4.8.1 (java windows))
Cache-Control: no-cache
Content-Type: application/json; charset=utf-8
host: 0.0.0.0:4723
accept: */*

Response DefaultHttpResponse(decodeResult: success, version: HTTP/1.1)
HTTP/1.1 200 OK
X-Powered-By: Express
Content-Type: application/json; charset=utf-8
Content-Length: 14
ETag: W/"e-2ZHvAWebNQpyjGZTg6uyV8/spTo"
Date: Tue, 09 May 2023 15:18:37 GMT
Connection: keep-alive
Keep-Alive: timeout=600

22:18:37.161 [AsyncHttpClient-1-2] DEBUG org.asynchttpclient.netty.channel.ChannelManager - Adding key: http://0.0.0.0:4723 for channel [id: 0x0f502b57, L:/127.0.0.1:58549 - R:/127.0.0.1:4723]
22:18:37.163 [Forwarding clickElement on session 7feee39e-58cb-4134-857e-3214ccd01e31 to remote] DEBUG org.asynchttpclient.netty.request.NettyRequestSender - Using pooled Channel '[id: 0x0f502b57, L:/127.0.0.1:58549 - R:/127.0.0.1:4723]' for 'POST' to 'http://0.0.0.0:4723/wd/hub/session/7feee39e-58cb-4134-857e-3214ccd01e31/element/00000000-0000-0663-0000-002800000003/click'
22:18:37.164 [Forwarding clickElement on session 7feee39e-58cb-4134-857e-3214ccd01e31 to remote] DEBUG org.asynchttpclient.netty.request.NettyRequestSender - Using open Channel [id: 0x0f502b57, L:/127.0.0.1:58549 - R:/127.0.0.1:4723] for POST '/wd/hub/session/7feee39e-58cb-4134-857e-3214ccd01e31/element/00000000-0000-0663-0000-002800000003/click'
22:18:37.717 [AsyncHttpClient-1-2] DEBUG org.asynchttpclient.netty.handler.HttpHandler - 

Request DefaultHttpRequest(decodeResult: success, version: HTTP/1.1)
POST /wd/hub/session/7feee39e-58cb-4134-857e-3214ccd01e31/element/00000000-0000-0663-0000-002800000003/click HTTP/1.1
User-Agent: appium/8.3.0 (selenium/4.8.1 (java windows))
Content-Length: 50
Content-Type: application/json; charset=utf-8
host: 0.0.0.0:4723
accept: */*

Response DefaultHttpResponse(decodeResult: success, version: HTTP/1.1)
HTTP/1.1 200 OK
X-Powered-By: Express
Vary: X-HTTP-Method-Override
Content-Type: application/json; charset=utf-8
Content-Length: 14
ETag: W/"e-9/1BuKMgFObM1mWJm+YjxtXJnUM"
Date: Tue, 09 May 2023 15:18:37 GMT
Connection: keep-alive
Keep-Alive: timeout=600

22:18:37.717 [AsyncHttpClient-1-2] DEBUG org.asynchttpclient.netty.channel.ChannelManager - Adding key: http://0.0.0.0:4723 for channel [id: 0x0f502b57, L:/127.0.0.1:58549 - R:/127.0.0.1:4723]
22:18:37.718 [main] DEBUG net.thucydides.core.steps.StepInterceptor - STEP DONE: clickButtonLoginSecond
]]></system-out>
  </testcase>
  <testcase name="user see error message password invalid &quot;Email or Password Invalid&quot;" classname="user tidak bisa login karena menggunakan password yang salah" time="1.247">
    <system-out><![CDATA[22:18:37.728 [main] DEBUG net.thucydides.core.steps.StepInterceptor - STARTING STEP: LoginSteps.userSeeErrorMessagePasswordInvalid - getPasswordInvalid
22:18:37.730 [Forwarding findElement on session 7feee39e-58cb-4134-857e-3214ccd01e31 to remote] DEBUG org.asynchttpclient.netty.request.NettyRequestSender - Using pooled Channel '[id: 0x0f502b57, L:/127.0.0.1:58549 - R:/127.0.0.1:4723]' for 'POST' to 'http://0.0.0.0:4723/wd/hub/session/7feee39e-58cb-4134-857e-3214ccd01e31/element'
22:18:37.730 [Forwarding findElement on session 7feee39e-58cb-4134-857e-3214ccd01e31 to remote] DEBUG org.asynchttpclient.netty.request.NettyRequestSender - Using open Channel [id: 0x0f502b57, L:/127.0.0.1:58549 - R:/127.0.0.1:4723] for POST '/wd/hub/session/7feee39e-58cb-4134-857e-3214ccd01e31/element'
22:18:38.914 [AsyncHttpClient-1-2] DEBUG org.asynchttpclient.netty.handler.HttpHandler - 

Request DefaultHttpRequest(decodeResult: success, version: HTTP/1.1)
POST /wd/hub/session/7feee39e-58cb-4134-857e-3214ccd01e31/element HTTP/1.1
User-Agent: appium/8.3.0 (selenium/4.8.1 (java windows))
Content-Length: 118
Content-Type: application/json; charset=utf-8
host: 0.0.0.0:4723
accept: */*

Response DefaultHttpResponse(decodeResult: success, version: HTTP/1.1)
HTTP/1.1 200 OK
X-Powered-By: Express
Vary: X-HTTP-Method-Override
Content-Type: application/json; charset=utf-8
Content-Length: 137
ETag: W/"89-99BEVi0L8POlb+BCqg75DqBMi5s"
Date: Tue, 09 May 2023 15:18:38 GMT
Connection: keep-alive
Keep-Alive: timeout=600

22:18:38.914 [AsyncHttpClient-1-2] DEBUG org.asynchttpclient.netty.channel.ChannelManager - Adding key: http://0.0.0.0:4723 for channel [id: 0x0f502b57, L:/127.0.0.1:58549 - R:/127.0.0.1:4723]
22:18:38.917 [Forwarding isElementDisplayed on session 7feee39e-58cb-4134-857e-3214ccd01e31 to remote] DEBUG org.asynchttpclient.netty.request.NettyRequestSender - Using pooled Channel '[id: 0x0f502b57, L:/127.0.0.1:58549 - R:/127.0.0.1:4723]' for 'GET' to 'http://0.0.0.0:4723/wd/hub/session/7feee39e-58cb-4134-857e-3214ccd01e31/element/00000000-0000-0663-0000-002e00000003/displayed'
22:18:38.917 [Forwarding isElementDisplayed on session 7feee39e-58cb-4134-857e-3214ccd01e31 to remote] DEBUG org.asynchttpclient.netty.request.NettyRequestSender - Using open Channel [id: 0x0f502b57, L:/127.0.0.1:58549 - R:/127.0.0.1:4723] for GET '/wd/hub/session/7feee39e-58cb-4134-857e-3214ccd01e31/element/00000000-0000-0663-0000-002e00000003/displayed'
22:18:38.943 [AsyncHttpClient-1-2] DEBUG org.asynchttpclient.netty.handler.HttpHandler - 

Request DefaultFullHttpRequest(decodeResult: success, version: HTTP/1.1, content: EmptyByteBufBE)
GET /wd/hub/session/7feee39e-58cb-4134-857e-3214ccd01e31/element/00000000-0000-0663-0000-002e00000003/displayed HTTP/1.1
User-Agent: appium/8.3.0 (selenium/4.8.1 (java windows))
Cache-Control: no-cache
Content-Type: application/json; charset=utf-8
host: 0.0.0.0:4723
accept: */*

Response DefaultHttpResponse(decodeResult: success, version: HTTP/1.1)
HTTP/1.1 200 OK
X-Powered-By: Express
Content-Type: application/json; charset=utf-8
Content-Length: 14
ETag: W/"e-2ZHvAWebNQpyjGZTg6uyV8/spTo"
Date: Tue, 09 May 2023 15:18:38 GMT
Connection: keep-alive
Keep-Alive: timeout=600

22:18:38.943 [AsyncHttpClient-1-2] DEBUG org.asynchttpclient.netty.channel.ChannelManager - Adding key: http://0.0.0.0:4723 for channel [id: 0x0f502b57, L:/127.0.0.1:58549 - R:/127.0.0.1:4723]
22:18:38.944 [Forwarding getElementText on session 7feee39e-58cb-4134-857e-3214ccd01e31 to remote] DEBUG org.asynchttpclient.netty.request.NettyRequestSender - Using pooled Channel '[id: 0x0f502b57, L:/127.0.0.1:58549 - R:/127.0.0.1:4723]' for 'GET' to 'http://0.0.0.0:4723/wd/hub/session/7feee39e-58cb-4134-857e-3214ccd01e31/element/00000000-0000-0663-0000-002e00000003/text'
22:18:38.946 [Forwarding getElementText on session 7feee39e-58cb-4134-857e-3214ccd01e31 to remote] DEBUG org.asynchttpclient.netty.request.NettyRequestSender - Using open Channel [id: 0x0f502b57, L:/127.0.0.1:58549 - R:/127.0.0.1:4723] for GET '/wd/hub/session/7feee39e-58cb-4134-857e-3214ccd01e31/element/00000000-0000-0663-0000-002e00000003/text'
22:18:38.968 [AsyncHttpClient-1-2] DEBUG org.asynchttpclient.netty.handler.HttpHandler - 

Request DefaultFullHttpRequest(decodeResult: success, version: HTTP/1.1, content: EmptyByteBufBE)
GET /wd/hub/session/7feee39e-58cb-4134-857e-3214ccd01e31/element/00000000-0000-0663-0000-002e00000003/text HTTP/1.1
User-Agent: appium/8.3.0 (selenium/4.8.1 (java windows))
Cache-Control: no-cache
Content-Type: application/json; charset=utf-8
host: 0.0.0.0:4723
accept: */*

Response DefaultHttpResponse(decodeResult: success, version: HTTP/1.1)
HTTP/1.1 200 OK
X-Powered-By: Express
Content-Type: application/json; charset=utf-8
Content-Length: 63
ETag: W/"3f-Wd8J071AuTbkavDU7U7pxJvxF+o"
Date: Tue, 09 May 2023 15:18:38 GMT
Connection: keep-alive
Keep-Alive: timeout=600

22:18:38.969 [AsyncHttpClient-1-2] DEBUG org.asynchttpclient.netty.channel.ChannelManager - Adding key: http://0.0.0.0:4723 for channel [id: 0x0f502b57, L:/127.0.0.1:58549 - R:/127.0.0.1:4723]
22:18:38.971 [main] DEBUG net.thucydides.core.steps.StepInterceptor - STEP DONE: getPasswordInvalid
]]></system-out>
  </testcase>
  <testcase name="user on homepage AltaShop for login feature" classname="user tidak bisa login karena menggunakan email yang salah" time="10.28">
    <system-out><![CDATA[22:18:38.978 [main] INFO  - 
  _____   ___   ___   _____     ___     _     ___   ___   ___   ___  
 |_   _| | __| / __| |_   _|   | _ \   /_\   / __| / __| | __| |   \ 
   | |   | _|  \__ \   | |     |  _/  / _ \  \__ \ \__ \ | _|  | |) |
   |_|   |___| |___/   |_|     |_|   /_/ \_\ |___/ |___/ |___| |___/ 

user tidak bisa login karena menggunakan password yang salah
----------------------------------------------------------------------
22:18:38.994 [main] DEBUG io.cucumber.core.plugin.SerenityReporter - Running feature from file:///C:/Users/HP/Downloads/Mini-Project-QA/ALTASHOP%20MOBILE%20AUTOMATION/src/test/resources/features/1.%20Login.feature
22:18:39.001 [main] INFO  - 
  _____   ___   ___   _____     ___   _____     _     ___   _____   ___   ___  
 |_   _| | __| / __| |_   _|   / __| |_   _|   /_\   | _ \ |_   _| | __| |   \ 
   | |   | _|  \__ \   | |     \__ \   | |    / _ \  |   /   | |   | _|  | |) |
   |_|   |___| |___/   |_|     |___/   |_|   /_/ \_\ |_|_\   |_|   |___| |___/ 

user tidak bisa login karena menggunakan email yang salah(login;user-tidak-bisa-login-karena-menggunakan-email-yang-salah)
--------------------------------------------------------------------------------
22:18:39.027 [main] DEBUG net.thucydides.core.steps.StepInterceptor - STARTING STEP: LoginSteps.userOnHomepageAltaShopForLoginFeature - onHomepageAltaShop
22:18:39.035 [Forwarding newSession on session null to remote] DEBUG org.asynchttpclient.netty.request.NettyRequestSender - Using pooled Channel '[id: 0x0f502b57, L:/127.0.0.1:58549 - R:/127.0.0.1:4723]' for 'POST' to 'http://0.0.0.0:4723/wd/hub/session'
22:18:39.035 [Forwarding newSession on session null to remote] DEBUG org.asynchttpclient.netty.request.NettyRequestSender - Using open Channel [id: 0x0f502b57, L:/127.0.0.1:58549 - R:/127.0.0.1:4723] for POST '/wd/hub/session'
22:18:48.394 [AsyncHttpClient-1-2] DEBUG org.asynchttpclient.netty.handler.HttpHandler - 

Request DefaultHttpRequest(decodeResult: success, version: HTTP/1.1)
POST /wd/hub/session HTTP/1.1
X-Idempotency-Key: 27c8d935-b275-4200-b301-a470b723d8d2
User-Agent: appium/8.3.0 (selenium/4.8.1 (java windows))
Content-Length: 335
Content-Type: application/json; charset=utf-8
host: 0.0.0.0:4723
accept: */*

Response DefaultHttpResponse(decodeResult: success, version: HTTP/1.1)
HTTP/1.1 200 OK
X-Powered-By: Express
Vary: X-HTTP-Method-Override
Content-Type: application/json; charset=utf-8
Content-Length: 988
ETag: W/"3dc-dqAdfB60wz8nkmX7e0q/1yeJD7E"
Date: Tue, 09 May 2023 15:18:48 GMT
Connection: keep-alive
Keep-Alive: timeout=600

22:18:48.396 [AsyncHttpClient-1-2] DEBUG org.asynchttpclient.netty.channel.ChannelManager - Adding key: http://0.0.0.0:4723 for channel [id: 0x0f502b57, L:/127.0.0.1:58549 - R:/127.0.0.1:4723]
22:18:48.411 [Forwarding setTimeout on session 48292f22-8ad4-4601-8799-b4828710744d to remote] DEBUG org.asynchttpclient.netty.request.NettyRequestSender - Using pooled Channel '[id: 0x0f502b57, L:/127.0.0.1:58549 - R:/127.0.0.1:4723]' for 'POST' to 'http://0.0.0.0:4723/wd/hub/session/48292f22-8ad4-4601-8799-b4828710744d/timeouts'
22:18:48.411 [Forwarding setTimeout on session 48292f22-8ad4-4601-8799-b4828710744d to remote] DEBUG org.asynchttpclient.netty.request.NettyRequestSender - Using open Channel [id: 0x0f502b57, L:/127.0.0.1:58549 - R:/127.0.0.1:4723] for POST '/wd/hub/session/48292f22-8ad4-4601-8799-b4828710744d/timeouts'
22:18:48.448 [AsyncHttpClient-1-2] DEBUG org.asynchttpclient.netty.handler.HttpHandler - 

Request DefaultHttpRequest(decodeResult: success, version: HTTP/1.1)
POST /wd/hub/session/48292f22-8ad4-4601-8799-b4828710744d/timeouts HTTP/1.1
User-Agent: appium/8.3.0 (selenium/4.8.1 (java windows))
Content-Length: 23
Content-Type: application/json; charset=utf-8
host: 0.0.0.0:4723
accept: */*

Response DefaultHttpResponse(decodeResult: success, version: HTTP/1.1)
HTTP/1.1 200 OK
X-Powered-By: Express
Vary: X-HTTP-Method-Override
Content-Type: application/json; charset=utf-8
Content-Length: 14
ETag: W/"e-9/1BuKMgFObM1mWJm+YjxtXJnUM"
Date: Tue, 09 May 2023 15:18:48 GMT
Connection: keep-alive
Keep-Alive: timeout=600

22:18:48.449 [AsyncHttpClient-1-2] DEBUG org.asynchttpclient.netty.channel.ChannelManager - Adding key: http://0.0.0.0:4723 for channel [id: 0x0f502b57, L:/127.0.0.1:58549 - R:/127.0.0.1:4723]
22:18:48.455 [Forwarding findElement on session 48292f22-8ad4-4601-8799-b4828710744d to remote] DEBUG org.asynchttpclient.netty.request.NettyRequestSender - Using pooled Channel '[id: 0x0f502b57, L:/127.0.0.1:58549 - R:/127.0.0.1:4723]' for 'POST' to 'http://0.0.0.0:4723/wd/hub/session/48292f22-8ad4-4601-8799-b4828710744d/element'
22:18:48.455 [Forwarding findElement on session 48292f22-8ad4-4601-8799-b4828710744d to remote] DEBUG org.asynchttpclient.netty.request.NettyRequestSender - Using open Channel [id: 0x0f502b57, L:/127.0.0.1:58549 - R:/127.0.0.1:4723] for POST '/wd/hub/session/48292f22-8ad4-4601-8799-b4828710744d/element'
22:18:49.173 [AsyncHttpClient-1-2] DEBUG org.asynchttpclient.netty.handler.HttpHandler - 

Request DefaultHttpRequest(decodeResult: success, version: HTTP/1.1)
POST /wd/hub/session/48292f22-8ad4-4601-8799-b4828710744d/element HTTP/1.1
User-Agent: appium/8.3.0 (selenium/4.8.1 (java windows))
Content-Length: 326
Content-Type: application/json; charset=utf-8
host: 0.0.0.0:4723
accept: */*

Response DefaultHttpResponse(decodeResult: success, version: HTTP/1.1)
HTTP/1.1 200 OK
X-Powered-By: Express
Vary: X-HTTP-Method-Override
Content-Type: application/json; charset=utf-8
Content-Length: 137
ETag: W/"89-MVMyNlHfkkLp8Nzem1AjsygSaRQ"
Date: Tue, 09 May 2023 15:18:49 GMT
Connection: keep-alive
Keep-Alive: timeout=600

22:18:49.173 [AsyncHttpClient-1-2] DEBUG org.asynchttpclient.netty.channel.ChannelManager - Adding key: http://0.0.0.0:4723 for channel [id: 0x0f502b57, L:/127.0.0.1:58549 - R:/127.0.0.1:4723]
22:18:49.177 [Forwarding isElementDisplayed on session 48292f22-8ad4-4601-8799-b4828710744d to remote] DEBUG org.asynchttpclient.netty.request.NettyRequestSender - Using pooled Channel '[id: 0x0f502b57, L:/127.0.0.1:58549 - R:/127.0.0.1:4723]' for 'GET' to 'http://0.0.0.0:4723/wd/hub/session/48292f22-8ad4-4601-8799-b4828710744d/element/00000000-0000-0671-0000-000700000003/displayed'
22:18:49.177 [Forwarding isElementDisplayed on session 48292f22-8ad4-4601-8799-b4828710744d to remote] DEBUG org.asynchttpclient.netty.request.NettyRequestSender - Using open Channel [id: 0x0f502b57, L:/127.0.0.1:58549 - R:/127.0.0.1:4723] for GET '/wd/hub/session/48292f22-8ad4-4601-8799-b4828710744d/element/00000000-0000-0671-0000-000700000003/displayed'
22:18:49.231 [AsyncHttpClient-1-2] DEBUG org.asynchttpclient.netty.handler.HttpHandler - 

Request DefaultFullHttpRequest(decodeResult: success, version: HTTP/1.1, content: EmptyByteBufBE)
GET /wd/hub/session/48292f22-8ad4-4601-8799-b4828710744d/element/00000000-0000-0671-0000-000700000003/displayed HTTP/1.1
User-Agent: appium/8.3.0 (selenium/4.8.1 (java windows))
Cache-Control: no-cache
Content-Type: application/json; charset=utf-8
host: 0.0.0.0:4723
accept: */*

Response DefaultHttpResponse(decodeResult: success, version: HTTP/1.1)
HTTP/1.1 200 OK
X-Powered-By: Express
Content-Type: application/json; charset=utf-8
Content-Length: 14
ETag: W/"e-2ZHvAWebNQpyjGZTg6uyV8/spTo"
Date: Tue, 09 May 2023 15:18:49 GMT
Connection: keep-alive
Keep-Alive: timeout=600

22:18:49.232 [AsyncHttpClient-1-2] DEBUG org.asynchttpclient.netty.channel.ChannelManager - Adding key: http://0.0.0.0:4723 for channel [id: 0x0f502b57, L:/127.0.0.1:58549 - R:/127.0.0.1:4723]
22:18:49.235 [Forwarding isElementDisplayed on session 48292f22-8ad4-4601-8799-b4828710744d to remote] DEBUG org.asynchttpclient.netty.request.NettyRequestSender - Using pooled Channel '[id: 0x0f502b57, L:/127.0.0.1:58549 - R:/127.0.0.1:4723]' for 'GET' to 'http://0.0.0.0:4723/wd/hub/session/48292f22-8ad4-4601-8799-b4828710744d/element/00000000-0000-0671-0000-000700000003/displayed'
22:18:49.235 [Forwarding isElementDisplayed on session 48292f22-8ad4-4601-8799-b4828710744d to remote] DEBUG org.asynchttpclient.netty.request.NettyRequestSender - Using open Channel [id: 0x0f502b57, L:/127.0.0.1:58549 - R:/127.0.0.1:4723] for GET '/wd/hub/session/48292f22-8ad4-4601-8799-b4828710744d/element/00000000-0000-0671-0000-000700000003/displayed'
22:18:49.282 [AsyncHttpClient-1-2] DEBUG org.asynchttpclient.netty.handler.HttpHandler - 

Request DefaultFullHttpRequest(decodeResult: success, version: HTTP/1.1, content: EmptyByteBufBE)
GET /wd/hub/session/48292f22-8ad4-4601-8799-b4828710744d/element/00000000-0000-0671-0000-000700000003/displayed HTTP/1.1
User-Agent: appium/8.3.0 (selenium/4.8.1 (java windows))
Cache-Control: no-cache
Content-Type: application/json; charset=utf-8
host: 0.0.0.0:4723
accept: */*

Response DefaultHttpResponse(decodeResult: success, version: HTTP/1.1)
HTTP/1.1 200 OK
X-Powered-By: Express
Content-Type: application/json; charset=utf-8
Content-Length: 14
ETag: W/"e-2ZHvAWebNQpyjGZTg6uyV8/spTo"
Date: Tue, 09 May 2023 15:18:49 GMT
Connection: keep-alive
Keep-Alive: timeout=600

22:18:49.283 [AsyncHttpClient-1-2] DEBUG org.asynchttpclient.netty.channel.ChannelManager - Adding key: http://0.0.0.0:4723 for channel [id: 0x0f502b57, L:/127.0.0.1:58549 - R:/127.0.0.1:4723]
22:18:49.285 [main] DEBUG net.thucydides.core.steps.StepInterceptor - STEP DONE: onHomepageAltaShop
]]></system-out>
  </testcase>
  <testcase name="user click login button for login feature" classname="user tidak bisa login karena menggunakan email yang salah" time="0.726">
    <system-out><![CDATA[22:18:49.309 [main] DEBUG net.thucydides.core.steps.StepInterceptor - STARTING STEP: LoginSteps.userClickLoginButtonForLoginFeature - clickButtonLogin
22:18:49.311 [Forwarding findElement on session 48292f22-8ad4-4601-8799-b4828710744d to remote] DEBUG org.asynchttpclient.netty.request.NettyRequestSender - Using pooled Channel '[id: 0x0f502b57, L:/127.0.0.1:58549 - R:/127.0.0.1:4723]' for 'POST' to 'http://0.0.0.0:4723/wd/hub/session/48292f22-8ad4-4601-8799-b4828710744d/element'
22:18:49.312 [Forwarding findElement on session 48292f22-8ad4-4601-8799-b4828710744d to remote] DEBUG org.asynchttpclient.netty.request.NettyRequestSender - Using open Channel [id: 0x0f502b57, L:/127.0.0.1:58549 - R:/127.0.0.1:4723] for POST '/wd/hub/session/48292f22-8ad4-4601-8799-b4828710744d/element'
22:18:49.871 [AsyncHttpClient-1-2] DEBUG org.asynchttpclient.netty.handler.HttpHandler - 

Request DefaultHttpRequest(decodeResult: success, version: HTTP/1.1)
POST /wd/hub/session/48292f22-8ad4-4601-8799-b4828710744d/element HTTP/1.1
User-Agent: appium/8.3.0 (selenium/4.8.1 (java windows))
Content-Length: 326
Content-Type: application/json; charset=utf-8
host: 0.0.0.0:4723
accept: */*

Response DefaultHttpResponse(decodeResult: success, version: HTTP/1.1)
HTTP/1.1 200 OK
X-Powered-By: Express
Vary: X-HTTP-Method-Override
Content-Type: application/json; charset=utf-8
Content-Length: 137
ETag: W/"89-MVMyNlHfkkLp8Nzem1AjsygSaRQ"
Date: Tue, 09 May 2023 15:18:49 GMT
Connection: keep-alive
Keep-Alive: timeout=600

22:18:49.872 [AsyncHttpClient-1-2] DEBUG org.asynchttpclient.netty.channel.ChannelManager - Adding key: http://0.0.0.0:4723 for channel [id: 0x0f502b57, L:/127.0.0.1:58549 - R:/127.0.0.1:4723]
22:18:49.873 [Forwarding isElementDisplayed on session 48292f22-8ad4-4601-8799-b4828710744d to remote] DEBUG org.asynchttpclient.netty.request.NettyRequestSender - Using pooled Channel '[id: 0x0f502b57, L:/127.0.0.1:58549 - R:/127.0.0.1:4723]' for 'GET' to 'http://0.0.0.0:4723/wd/hub/session/48292f22-8ad4-4601-8799-b4828710744d/element/00000000-0000-0671-0000-000700000003/displayed'
22:18:49.874 [Forwarding isElementDisplayed on session 48292f22-8ad4-4601-8799-b4828710744d to remote] DEBUG org.asynchttpclient.netty.request.NettyRequestSender - Using open Channel [id: 0x0f502b57, L:/127.0.0.1:58549 - R:/127.0.0.1:4723] for GET '/wd/hub/session/48292f22-8ad4-4601-8799-b4828710744d/element/00000000-0000-0671-0000-000700000003/displayed'
22:18:49.902 [AsyncHttpClient-1-2] DEBUG org.asynchttpclient.netty.handler.HttpHandler - 

Request DefaultFullHttpRequest(decodeResult: success, version: HTTP/1.1, content: EmptyByteBufBE)
GET /wd/hub/session/48292f22-8ad4-4601-8799-b4828710744d/element/00000000-0000-0671-0000-000700000003/displayed HTTP/1.1
User-Agent: appium/8.3.0 (selenium/4.8.1 (java windows))
Cache-Control: no-cache
Content-Type: application/json; charset=utf-8
host: 0.0.0.0:4723
accept: */*

Response DefaultHttpResponse(decodeResult: success, version: HTTP/1.1)
HTTP/1.1 200 OK
X-Powered-By: Express
Content-Type: application/json; charset=utf-8
Content-Length: 14
ETag: W/"e-2ZHvAWebNQpyjGZTg6uyV8/spTo"
Date: Tue, 09 May 2023 15:18:49 GMT
Connection: keep-alive
Keep-Alive: timeout=600

22:18:49.902 [AsyncHttpClient-1-2] DEBUG org.asynchttpclient.netty.channel.ChannelManager - Adding key: http://0.0.0.0:4723 for channel [id: 0x0f502b57, L:/127.0.0.1:58549 - R:/127.0.0.1:4723]
22:18:49.904 [Forwarding isElementEnabled on session 48292f22-8ad4-4601-8799-b4828710744d to remote] DEBUG org.asynchttpclient.netty.request.NettyRequestSender - Using pooled Channel '[id: 0x0f502b57, L:/127.0.0.1:58549 - R:/127.0.0.1:4723]' for 'GET' to 'http://0.0.0.0:4723/wd/hub/session/48292f22-8ad4-4601-8799-b4828710744d/element/00000000-0000-0671-0000-000700000003/enabled'
22:18:49.904 [Forwarding isElementEnabled on session 48292f22-8ad4-4601-8799-b4828710744d to remote] DEBUG org.asynchttpclient.netty.request.NettyRequestSender - Using open Channel [id: 0x0f502b57, L:/127.0.0.1:58549 - R:/127.0.0.1:4723] for GET '/wd/hub/session/48292f22-8ad4-4601-8799-b4828710744d/element/00000000-0000-0671-0000-000700000003/enabled'
22:18:49.935 [AsyncHttpClient-1-2] DEBUG org.asynchttpclient.netty.handler.HttpHandler - 

Request DefaultFullHttpRequest(decodeResult: success, version: HTTP/1.1, content: EmptyByteBufBE)
GET /wd/hub/session/48292f22-8ad4-4601-8799-b4828710744d/element/00000000-0000-0671-0000-000700000003/enabled HTTP/1.1
User-Agent: appium/8.3.0 (selenium/4.8.1 (java windows))
Cache-Control: no-cache
Content-Type: application/json; charset=utf-8
host: 0.0.0.0:4723
accept: */*

Response DefaultHttpResponse(decodeResult: success, version: HTTP/1.1)
HTTP/1.1 200 OK
X-Powered-By: Express
Content-Type: application/json; charset=utf-8
Content-Length: 14
ETag: W/"e-2ZHvAWebNQpyjGZTg6uyV8/spTo"
Date: Tue, 09 May 2023 15:18:49 GMT
Connection: keep-alive
Keep-Alive: timeout=600

22:18:49.935 [AsyncHttpClient-1-2] DEBUG org.asynchttpclient.netty.channel.ChannelManager - Adding key: http://0.0.0.0:4723 for channel [id: 0x0f502b57, L:/127.0.0.1:58549 - R:/127.0.0.1:4723]
22:18:49.938 [Forwarding clickElement on session 48292f22-8ad4-4601-8799-b4828710744d to remote] DEBUG org.asynchttpclient.netty.request.NettyRequestSender - Using pooled Channel '[id: 0x0f502b57, L:/127.0.0.1:58549 - R:/127.0.0.1:4723]' for 'POST' to 'http://0.0.0.0:4723/wd/hub/session/48292f22-8ad4-4601-8799-b4828710744d/element/00000000-0000-0671-0000-000700000003/click'
22:18:49.938 [Forwarding clickElement on session 48292f22-8ad4-4601-8799-b4828710744d to remote] DEBUG org.asynchttpclient.netty.request.NettyRequestSender - Using open Channel [id: 0x0f502b57, L:/127.0.0.1:58549 - R:/127.0.0.1:4723] for POST '/wd/hub/session/48292f22-8ad4-4601-8799-b4828710744d/element/00000000-0000-0671-0000-000700000003/click'
22:18:50.015 [AsyncHttpClient-1-2] DEBUG org.asynchttpclient.netty.handler.HttpHandler - 

Request DefaultHttpRequest(decodeResult: success, version: HTTP/1.1)
POST /wd/hub/session/48292f22-8ad4-4601-8799-b4828710744d/element/00000000-0000-0671-0000-000700000003/click HTTP/1.1
User-Agent: appium/8.3.0 (selenium/4.8.1 (java windows))
Content-Length: 50
Content-Type: application/json; charset=utf-8
host: 0.0.0.0:4723
accept: */*

Response DefaultHttpResponse(decodeResult: success, version: HTTP/1.1)
HTTP/1.1 200 OK
X-Powered-By: Express
Vary: X-HTTP-Method-Override
Content-Type: application/json; charset=utf-8
Content-Length: 14
ETag: W/"e-9/1BuKMgFObM1mWJm+YjxtXJnUM"
Date: Tue, 09 May 2023 15:18:50 GMT
Connection: keep-alive
Keep-Alive: timeout=600

22:18:50.015 [AsyncHttpClient-1-2] DEBUG org.asynchttpclient.netty.channel.ChannelManager - Adding key: http://0.0.0.0:4723 for channel [id: 0x0f502b57, L:/127.0.0.1:58549 - R:/127.0.0.1:4723]
22:18:50.018 [main] DEBUG net.thucydides.core.steps.StepInterceptor - STEP DONE: clickButtonLogin
]]></system-out>
  </testcase>
  <testcase name="user input email invalid for login feature" classname="user tidak bisa login karena menggunakan email yang salah" time="2.238">
    <system-out><![CDATA[22:18:50.038 [main] DEBUG net.thucydides.core.steps.StepInterceptor - STARTING STEP: LoginSteps.userInputEmailInvalidForLoginFeature - inputEmail
22:18:50.044 [Forwarding findElement on session 48292f22-8ad4-4601-8799-b4828710744d to remote] DEBUG org.asynchttpclient.netty.request.NettyRequestSender - Using pooled Channel '[id: 0x0f502b57, L:/127.0.0.1:58549 - R:/127.0.0.1:4723]' for 'POST' to 'http://0.0.0.0:4723/wd/hub/session/48292f22-8ad4-4601-8799-b4828710744d/element'
22:18:50.044 [Forwarding findElement on session 48292f22-8ad4-4601-8799-b4828710744d to remote] DEBUG org.asynchttpclient.netty.request.NettyRequestSender - Using open Channel [id: 0x0f502b57, L:/127.0.0.1:58549 - R:/127.0.0.1:4723] for POST '/wd/hub/session/48292f22-8ad4-4601-8799-b4828710744d/element'
22:18:50.848 [AsyncHttpClient-1-2] DEBUG org.asynchttpclient.netty.handler.HttpHandler - 

Request DefaultHttpRequest(decodeResult: success, version: HTTP/1.1)
POST /wd/hub/session/48292f22-8ad4-4601-8799-b4828710744d/element HTTP/1.1
User-Agent: appium/8.3.0 (selenium/4.8.1 (java windows))
Content-Length: 305
Content-Type: application/json; charset=utf-8
host: 0.0.0.0:4723
accept: */*

Response DefaultHttpResponse(decodeResult: success, version: HTTP/1.1)
HTTP/1.1 200 OK
X-Powered-By: Express
Vary: X-HTTP-Method-Override
Content-Type: application/json; charset=utf-8
Content-Length: 137
ETag: W/"89-Lq9gRkDptBZ7nt0xU7zT5c+55Tc"
Date: Tue, 09 May 2023 15:18:50 GMT
Connection: keep-alive
Keep-Alive: timeout=600

22:18:50.848 [AsyncHttpClient-1-2] DEBUG org.asynchttpclient.netty.channel.ChannelManager - Adding key: http://0.0.0.0:4723 for channel [id: 0x0f502b57, L:/127.0.0.1:58549 - R:/127.0.0.1:4723]
22:18:50.849 [Forwarding isElementDisplayed on session 48292f22-8ad4-4601-8799-b4828710744d to remote] DEBUG org.asynchttpclient.netty.request.NettyRequestSender - Using pooled Channel '[id: 0x0f502b57, L:/127.0.0.1:58549 - R:/127.0.0.1:4723]' for 'GET' to 'http://0.0.0.0:4723/wd/hub/session/48292f22-8ad4-4601-8799-b4828710744d/element/00000000-0000-0671-0000-002600000003/displayed'
22:18:50.849 [Forwarding isElementDisplayed on session 48292f22-8ad4-4601-8799-b4828710744d to remote] DEBUG org.asynchttpclient.netty.request.NettyRequestSender - Using open Channel [id: 0x0f502b57, L:/127.0.0.1:58549 - R:/127.0.0.1:4723] for GET '/wd/hub/session/48292f22-8ad4-4601-8799-b4828710744d/element/00000000-0000-0671-0000-002600000003/displayed'
22:18:50.873 [AsyncHttpClient-1-2] DEBUG org.asynchttpclient.netty.handler.HttpHandler - 

Request DefaultFullHttpRequest(decodeResult: success, version: HTTP/1.1, content: EmptyByteBufBE)
GET /wd/hub/session/48292f22-8ad4-4601-8799-b4828710744d/element/00000000-0000-0671-0000-002600000003/displayed HTTP/1.1
User-Agent: appium/8.3.0 (selenium/4.8.1 (java windows))
Cache-Control: no-cache
Content-Type: application/json; charset=utf-8
host: 0.0.0.0:4723
accept: */*

Response DefaultHttpResponse(decodeResult: success, version: HTTP/1.1)
HTTP/1.1 200 OK
X-Powered-By: Express
Content-Type: application/json; charset=utf-8
Content-Length: 14
ETag: W/"e-2ZHvAWebNQpyjGZTg6uyV8/spTo"
Date: Tue, 09 May 2023 15:18:50 GMT
Connection: keep-alive
Keep-Alive: timeout=600

22:18:50.874 [AsyncHttpClient-1-2] DEBUG org.asynchttpclient.netty.channel.ChannelManager - Adding key: http://0.0.0.0:4723 for channel [id: 0x0f502b57, L:/127.0.0.1:58549 - R:/127.0.0.1:4723]
22:18:50.875 [Forwarding isElementEnabled on session 48292f22-8ad4-4601-8799-b4828710744d to remote] DEBUG org.asynchttpclient.netty.request.NettyRequestSender - Using pooled Channel '[id: 0x0f502b57, L:/127.0.0.1:58549 - R:/127.0.0.1:4723]' for 'GET' to 'http://0.0.0.0:4723/wd/hub/session/48292f22-8ad4-4601-8799-b4828710744d/element/00000000-0000-0671-0000-002600000003/enabled'
22:18:50.875 [Forwarding isElementEnabled on session 48292f22-8ad4-4601-8799-b4828710744d to remote] DEBUG org.asynchttpclient.netty.request.NettyRequestSender - Using open Channel [id: 0x0f502b57, L:/127.0.0.1:58549 - R:/127.0.0.1:4723] for GET '/wd/hub/session/48292f22-8ad4-4601-8799-b4828710744d/element/00000000-0000-0671-0000-002600000003/enabled'
22:18:50.899 [AsyncHttpClient-1-2] DEBUG org.asynchttpclient.netty.handler.HttpHandler - 

Request DefaultFullHttpRequest(decodeResult: success, version: HTTP/1.1, content: EmptyByteBufBE)
GET /wd/hub/session/48292f22-8ad4-4601-8799-b4828710744d/element/00000000-0000-0671-0000-002600000003/enabled HTTP/1.1
User-Agent: appium/8.3.0 (selenium/4.8.1 (java windows))
Cache-Control: no-cache
Content-Type: application/json; charset=utf-8
host: 0.0.0.0:4723
accept: */*

Response DefaultHttpResponse(decodeResult: success, version: HTTP/1.1)
HTTP/1.1 200 OK
X-Powered-By: Express
Content-Type: application/json; charset=utf-8
Content-Length: 14
ETag: W/"e-2ZHvAWebNQpyjGZTg6uyV8/spTo"
Date: Tue, 09 May 2023 15:18:50 GMT
Connection: keep-alive
Keep-Alive: timeout=600

22:18:50.899 [AsyncHttpClient-1-2] DEBUG org.asynchttpclient.netty.channel.ChannelManager - Adding key: http://0.0.0.0:4723 for channel [id: 0x0f502b57, L:/127.0.0.1:58549 - R:/127.0.0.1:4723]
22:18:50.903 [Forwarding clickElement on session 48292f22-8ad4-4601-8799-b4828710744d to remote] DEBUG org.asynchttpclient.netty.request.NettyRequestSender - Using pooled Channel '[id: 0x0f502b57, L:/127.0.0.1:58549 - R:/127.0.0.1:4723]' for 'POST' to 'http://0.0.0.0:4723/wd/hub/session/48292f22-8ad4-4601-8799-b4828710744d/element/00000000-0000-0671-0000-002600000003/click'
22:18:50.903 [Forwarding clickElement on session 48292f22-8ad4-4601-8799-b4828710744d to remote] DEBUG org.asynchttpclient.netty.request.NettyRequestSender - Using open Channel [id: 0x0f502b57, L:/127.0.0.1:58549 - R:/127.0.0.1:4723] for POST '/wd/hub/session/48292f22-8ad4-4601-8799-b4828710744d/element/00000000-0000-0671-0000-002600000003/click'
22:18:50.960 [AsyncHttpClient-1-2] DEBUG org.asynchttpclient.netty.handler.HttpHandler - 

Request DefaultHttpRequest(decodeResult: success, version: HTTP/1.1)
POST /wd/hub/session/48292f22-8ad4-4601-8799-b4828710744d/element/00000000-0000-0671-0000-002600000003/click HTTP/1.1
User-Agent: appium/8.3.0 (selenium/4.8.1 (java windows))
Content-Length: 50
Content-Type: application/json; charset=utf-8
host: 0.0.0.0:4723
accept: */*

Response DefaultHttpResponse(decodeResult: success, version: HTTP/1.1)
HTTP/1.1 200 OK
X-Powered-By: Express
Vary: X-HTTP-Method-Override
Content-Type: application/json; charset=utf-8
Content-Length: 14
ETag: W/"e-9/1BuKMgFObM1mWJm+YjxtXJnUM"
Date: Tue, 09 May 2023 15:18:50 GMT
Connection: keep-alive
Keep-Alive: timeout=600

22:18:50.960 [AsyncHttpClient-1-2] DEBUG org.asynchttpclient.netty.channel.ChannelManager - Adding key: http://0.0.0.0:4723 for channel [id: 0x0f502b57, L:/127.0.0.1:58549 - R:/127.0.0.1:4723]
22:18:50.967 [Forwarding findElement on session 48292f22-8ad4-4601-8799-b4828710744d to remote] DEBUG org.asynchttpclient.netty.request.NettyRequestSender - Using pooled Channel '[id: 0x0f502b57, L:/127.0.0.1:58549 - R:/127.0.0.1:4723]' for 'POST' to 'http://0.0.0.0:4723/wd/hub/session/48292f22-8ad4-4601-8799-b4828710744d/element'
22:18:50.968 [Forwarding findElement on session 48292f22-8ad4-4601-8799-b4828710744d to remote] DEBUG org.asynchttpclient.netty.request.NettyRequestSender - Using open Channel [id: 0x0f502b57, L:/127.0.0.1:58549 - R:/127.0.0.1:4723] for POST '/wd/hub/session/48292f22-8ad4-4601-8799-b4828710744d/element'
22:18:52.191 [AsyncHttpClient-1-2] DEBUG org.asynchttpclient.netty.handler.HttpHandler - 

Request DefaultHttpRequest(decodeResult: success, version: HTTP/1.1)
POST /wd/hub/session/48292f22-8ad4-4601-8799-b4828710744d/element HTTP/1.1
User-Agent: appium/8.3.0 (selenium/4.8.1 (java windows))
Content-Length: 305
Content-Type: application/json; charset=utf-8
host: 0.0.0.0:4723
accept: */*

Response DefaultHttpResponse(decodeResult: success, version: HTTP/1.1)
HTTP/1.1 200 OK
X-Powered-By: Express
Vary: X-HTTP-Method-Override
Content-Type: application/json; charset=utf-8
Content-Length: 137
ETag: W/"89-Lq9gRkDptBZ7nt0xU7zT5c+55Tc"
Date: Tue, 09 May 2023 15:18:52 GMT
Connection: keep-alive
Keep-Alive: timeout=600

22:18:52.192 [AsyncHttpClient-1-2] DEBUG org.asynchttpclient.netty.channel.ChannelManager - Adding key: http://0.0.0.0:4723 for channel [id: 0x0f502b57, L:/127.0.0.1:58549 - R:/127.0.0.1:4723]
22:18:52.194 [Forwarding sendKeysToElement on session 48292f22-8ad4-4601-8799-b4828710744d to remote] DEBUG org.asynchttpclient.netty.request.NettyRequestSender - Using pooled Channel '[id: 0x0f502b57, L:/127.0.0.1:58549 - R:/127.0.0.1:4723]' for 'POST' to 'http://0.0.0.0:4723/wd/hub/session/48292f22-8ad4-4601-8799-b4828710744d/element/00000000-0000-0671-0000-002600000003/value'
22:18:52.194 [Forwarding sendKeysToElement on session 48292f22-8ad4-4601-8799-b4828710744d to remote] DEBUG org.asynchttpclient.netty.request.NettyRequestSender - Using open Channel [id: 0x0f502b57, L:/127.0.0.1:58549 - R:/127.0.0.1:4723] for POST '/wd/hub/session/48292f22-8ad4-4601-8799-b4828710744d/element/00000000-0000-0671-0000-002600000003/value'
22:18:52.263 [AsyncHttpClient-1-2] DEBUG org.asynchttpclient.netty.handler.HttpHandler - 

Request DefaultHttpRequest(decodeResult: success, version: HTTP/1.1)
POST /wd/hub/session/48292f22-8ad4-4601-8799-b4828710744d/element/00000000-0000-0671-0000-002600000003/value HTTP/1.1
User-Agent: appium/8.3.0 (selenium/4.8.1 (java windows))
Content-Length: 231
Content-Type: application/json; charset=utf-8
host: 0.0.0.0:4723
accept: */*

Response DefaultHttpResponse(decodeResult: success, version: HTTP/1.1)
HTTP/1.1 200 OK
X-Powered-By: Express
Vary: X-HTTP-Method-Override
Content-Type: application/json; charset=utf-8
Content-Length: 14
ETag: W/"e-9/1BuKMgFObM1mWJm+YjxtXJnUM"
Date: Tue, 09 May 2023 15:18:52 GMT
Connection: keep-alive
Keep-Alive: timeout=600

22:18:52.264 [AsyncHttpClient-1-2] DEBUG org.asynchttpclient.netty.channel.ChannelManager - Adding key: http://0.0.0.0:4723 for channel [id: 0x0f502b57, L:/127.0.0.1:58549 - R:/127.0.0.1:4723]
22:18:52.266 [main] DEBUG net.thucydides.core.steps.StepInterceptor - STEP DONE: inputEmail
]]></system-out>
  </testcase>
  <testcase name="user input password valid for login feature" classname="user tidak bisa login karena menggunakan email yang salah" time="1.529">
    <system-out><![CDATA[22:18:52.293 [main] DEBUG net.thucydides.core.steps.StepInterceptor - STARTING STEP: LoginSteps.userInputPasswordValidForLoginFeature - inputPassword
22:18:52.299 [Forwarding findElement on session 48292f22-8ad4-4601-8799-b4828710744d to remote] DEBUG org.asynchttpclient.netty.request.NettyRequestSender - Using pooled Channel '[id: 0x0f502b57, L:/127.0.0.1:58549 - R:/127.0.0.1:4723]' for 'POST' to 'http://0.0.0.0:4723/wd/hub/session/48292f22-8ad4-4601-8799-b4828710744d/element'
22:18:52.301 [Forwarding findElement on session 48292f22-8ad4-4601-8799-b4828710744d to remote] DEBUG org.asynchttpclient.netty.request.NettyRequestSender - Using open Channel [id: 0x0f502b57, L:/127.0.0.1:58549 - R:/127.0.0.1:4723] for POST '/wd/hub/session/48292f22-8ad4-4601-8799-b4828710744d/element'
22:18:52.834 [AsyncHttpClient-1-2] DEBUG org.asynchttpclient.netty.handler.HttpHandler - 

Request DefaultHttpRequest(decodeResult: success, version: HTTP/1.1)
POST /wd/hub/session/48292f22-8ad4-4601-8799-b4828710744d/element HTTP/1.1
User-Agent: appium/8.3.0 (selenium/4.8.1 (java windows))
Content-Length: 305
Content-Type: application/json; charset=utf-8
host: 0.0.0.0:4723
accept: */*

Response DefaultHttpResponse(decodeResult: success, version: HTTP/1.1)
HTTP/1.1 200 OK
X-Powered-By: Express
Vary: X-HTTP-Method-Override
Content-Type: application/json; charset=utf-8
Content-Length: 137
ETag: W/"89-x+gg5AqVWPBmJQZIA9LjGV6ut9M"
Date: Tue, 09 May 2023 15:18:52 GMT
Connection: keep-alive
Keep-Alive: timeout=600

22:18:52.834 [AsyncHttpClient-1-2] DEBUG org.asynchttpclient.netty.channel.ChannelManager - Adding key: http://0.0.0.0:4723 for channel [id: 0x0f502b57, L:/127.0.0.1:58549 - R:/127.0.0.1:4723]
22:18:52.838 [Forwarding isElementDisplayed on session 48292f22-8ad4-4601-8799-b4828710744d to remote] DEBUG org.asynchttpclient.netty.request.NettyRequestSender - Using pooled Channel '[id: 0x0f502b57, L:/127.0.0.1:58549 - R:/127.0.0.1:4723]' for 'GET' to 'http://0.0.0.0:4723/wd/hub/session/48292f22-8ad4-4601-8799-b4828710744d/element/00000000-0000-0671-0000-002700000003/displayed'
22:18:52.838 [Forwarding isElementDisplayed on session 48292f22-8ad4-4601-8799-b4828710744d to remote] DEBUG org.asynchttpclient.netty.request.NettyRequestSender - Using open Channel [id: 0x0f502b57, L:/127.0.0.1:58549 - R:/127.0.0.1:4723] for GET '/wd/hub/session/48292f22-8ad4-4601-8799-b4828710744d/element/00000000-0000-0671-0000-002700000003/displayed'
22:18:52.876 [AsyncHttpClient-1-2] DEBUG org.asynchttpclient.netty.handler.HttpHandler - 

Request DefaultFullHttpRequest(decodeResult: success, version: HTTP/1.1, content: EmptyByteBufBE)
GET /wd/hub/session/48292f22-8ad4-4601-8799-b4828710744d/element/00000000-0000-0671-0000-002700000003/displayed HTTP/1.1
User-Agent: appium/8.3.0 (selenium/4.8.1 (java windows))
Cache-Control: no-cache
Content-Type: application/json; charset=utf-8
host: 0.0.0.0:4723
accept: */*

Response DefaultHttpResponse(decodeResult: success, version: HTTP/1.1)
HTTP/1.1 200 OK
X-Powered-By: Express
Content-Type: application/json; charset=utf-8
Content-Length: 14
ETag: W/"e-2ZHvAWebNQpyjGZTg6uyV8/spTo"
Date: Tue, 09 May 2023 15:18:52 GMT
Connection: keep-alive
Keep-Alive: timeout=600

22:18:52.878 [AsyncHttpClient-1-2] DEBUG org.asynchttpclient.netty.channel.ChannelManager - Adding key: http://0.0.0.0:4723 for channel [id: 0x0f502b57, L:/127.0.0.1:58549 - R:/127.0.0.1:4723]
22:18:52.879 [Forwarding isElementEnabled on session 48292f22-8ad4-4601-8799-b4828710744d to remote] DEBUG org.asynchttpclient.netty.request.NettyRequestSender - Using pooled Channel '[id: 0x0f502b57, L:/127.0.0.1:58549 - R:/127.0.0.1:4723]' for 'GET' to 'http://0.0.0.0:4723/wd/hub/session/48292f22-8ad4-4601-8799-b4828710744d/element/00000000-0000-0671-0000-002700000003/enabled'
22:18:52.879 [Forwarding isElementEnabled on session 48292f22-8ad4-4601-8799-b4828710744d to remote] DEBUG org.asynchttpclient.netty.request.NettyRequestSender - Using open Channel [id: 0x0f502b57, L:/127.0.0.1:58549 - R:/127.0.0.1:4723] for GET '/wd/hub/session/48292f22-8ad4-4601-8799-b4828710744d/element/00000000-0000-0671-0000-002700000003/enabled'
22:18:52.915 [AsyncHttpClient-1-2] DEBUG org.asynchttpclient.netty.handler.HttpHandler - 

Request DefaultFullHttpRequest(decodeResult: success, version: HTTP/1.1, content: EmptyByteBufBE)
GET /wd/hub/session/48292f22-8ad4-4601-8799-b4828710744d/element/00000000-0000-0671-0000-002700000003/enabled HTTP/1.1
User-Agent: appium/8.3.0 (selenium/4.8.1 (java windows))
Cache-Control: no-cache
Content-Type: application/json; charset=utf-8
host: 0.0.0.0:4723
accept: */*

Response DefaultHttpResponse(decodeResult: success, version: HTTP/1.1)
HTTP/1.1 200 OK
X-Powered-By: Express
Content-Type: application/json; charset=utf-8
Content-Length: 14
ETag: W/"e-2ZHvAWebNQpyjGZTg6uyV8/spTo"
Date: Tue, 09 May 2023 15:18:52 GMT
Connection: keep-alive
Keep-Alive: timeout=600

22:18:52.916 [AsyncHttpClient-1-2] DEBUG org.asynchttpclient.netty.channel.ChannelManager - Adding key: http://0.0.0.0:4723 for channel [id: 0x0f502b57, L:/127.0.0.1:58549 - R:/127.0.0.1:4723]
22:18:52.922 [Forwarding clickElement on session 48292f22-8ad4-4601-8799-b4828710744d to remote] DEBUG org.asynchttpclient.netty.request.NettyRequestSender - Using pooled Channel '[id: 0x0f502b57, L:/127.0.0.1:58549 - R:/127.0.0.1:4723]' for 'POST' to 'http://0.0.0.0:4723/wd/hub/session/48292f22-8ad4-4601-8799-b4828710744d/element/00000000-0000-0671-0000-002700000003/click'
22:18:52.922 [Forwarding clickElement on session 48292f22-8ad4-4601-8799-b4828710744d to remote] DEBUG org.asynchttpclient.netty.request.NettyRequestSender - Using open Channel [id: 0x0f502b57, L:/127.0.0.1:58549 - R:/127.0.0.1:4723] for POST '/wd/hub/session/48292f22-8ad4-4601-8799-b4828710744d/element/00000000-0000-0671-0000-002700000003/click'
22:18:53.671 [AsyncHttpClient-1-2] DEBUG org.asynchttpclient.netty.handler.HttpHandler - 

Request DefaultHttpRequest(decodeResult: success, version: HTTP/1.1)
POST /wd/hub/session/48292f22-8ad4-4601-8799-b4828710744d/element/00000000-0000-0671-0000-002700000003/click HTTP/1.1
User-Agent: appium/8.3.0 (selenium/4.8.1 (java windows))
Content-Length: 50
Content-Type: application/json; charset=utf-8
host: 0.0.0.0:4723
accept: */*

Response DefaultHttpResponse(decodeResult: success, version: HTTP/1.1)
HTTP/1.1 200 OK
X-Powered-By: Express
Vary: X-HTTP-Method-Override
Content-Type: application/json; charset=utf-8
Content-Length: 14
ETag: W/"e-9/1BuKMgFObM1mWJm+YjxtXJnUM"
Date: Tue, 09 May 2023 15:18:53 GMT
Connection: keep-alive
Keep-Alive: timeout=600

22:18:53.672 [AsyncHttpClient-1-2] DEBUG org.asynchttpclient.netty.channel.ChannelManager - Adding key: http://0.0.0.0:4723 for channel [id: 0x0f502b57, L:/127.0.0.1:58549 - R:/127.0.0.1:4723]
22:18:53.677 [Forwarding findElement on session 48292f22-8ad4-4601-8799-b4828710744d to remote] DEBUG org.asynchttpclient.netty.request.NettyRequestSender - Using pooled Channel '[id: 0x0f502b57, L:/127.0.0.1:58549 - R:/127.0.0.1:4723]' for 'POST' to 'http://0.0.0.0:4723/wd/hub/session/48292f22-8ad4-4601-8799-b4828710744d/element'
22:18:53.677 [Forwarding findElement on session 48292f22-8ad4-4601-8799-b4828710744d to remote] DEBUG org.asynchttpclient.netty.request.NettyRequestSender - Using open Channel [id: 0x0f502b57, L:/127.0.0.1:58549 - R:/127.0.0.1:4723] for POST '/wd/hub/session/48292f22-8ad4-4601-8799-b4828710744d/element'
22:18:53.763 [AsyncHttpClient-1-2] DEBUG org.asynchttpclient.netty.handler.HttpHandler - 

Request DefaultHttpRequest(decodeResult: success, version: HTTP/1.1)
POST /wd/hub/session/48292f22-8ad4-4601-8799-b4828710744d/element HTTP/1.1
User-Agent: appium/8.3.0 (selenium/4.8.1 (java windows))
Content-Length: 305
Content-Type: application/json; charset=utf-8
host: 0.0.0.0:4723
accept: */*

Response DefaultHttpResponse(decodeResult: success, version: HTTP/1.1)
HTTP/1.1 200 OK
X-Powered-By: Express
Vary: X-HTTP-Method-Override
Content-Type: application/json; charset=utf-8
Content-Length: 137
ETag: W/"89-x+gg5AqVWPBmJQZIA9LjGV6ut9M"
Date: Tue, 09 May 2023 15:18:53 GMT
Connection: keep-alive
Keep-Alive: timeout=600

22:18:53.764 [AsyncHttpClient-1-2] DEBUG org.asynchttpclient.netty.channel.ChannelManager - Adding key: http://0.0.0.0:4723 for channel [id: 0x0f502b57, L:/127.0.0.1:58549 - R:/127.0.0.1:4723]
22:18:53.766 [Forwarding sendKeysToElement on session 48292f22-8ad4-4601-8799-b4828710744d to remote] DEBUG org.asynchttpclient.netty.request.NettyRequestSender - Using pooled Channel '[id: 0x0f502b57, L:/127.0.0.1:58549 - R:/127.0.0.1:4723]' for 'POST' to 'http://0.0.0.0:4723/wd/hub/session/48292f22-8ad4-4601-8799-b4828710744d/element/00000000-0000-0671-0000-002700000003/value'
22:18:53.766 [Forwarding sendKeysToElement on session 48292f22-8ad4-4601-8799-b4828710744d to remote] DEBUG org.asynchttpclient.netty.request.NettyRequestSender - Using open Channel [id: 0x0f502b57, L:/127.0.0.1:58549 - R:/127.0.0.1:4723] for POST '/wd/hub/session/48292f22-8ad4-4601-8799-b4828710744d/element/00000000-0000-0671-0000-002700000003/value'
22:18:53.802 [AsyncHttpClient-1-2] DEBUG org.asynchttpclient.netty.handler.HttpHandler - 

Request DefaultHttpRequest(decodeResult: success, version: HTTP/1.1)
POST /wd/hub/session/48292f22-8ad4-4601-8799-b4828710744d/element/00000000-0000-0671-0000-002700000003/value HTTP/1.1
User-Agent: appium/8.3.0 (selenium/4.8.1 (java windows))
Content-Length: 111
Content-Type: application/json; charset=utf-8
host: 0.0.0.0:4723
accept: */*

Response DefaultHttpResponse(decodeResult: success, version: HTTP/1.1)
HTTP/1.1 200 OK
X-Powered-By: Express
Vary: X-HTTP-Method-Override
Content-Type: application/json; charset=utf-8
Content-Length: 14
ETag: W/"e-9/1BuKMgFObM1mWJm+YjxtXJnUM"
Date: Tue, 09 May 2023 15:18:53 GMT
Connection: keep-alive
Keep-Alive: timeout=600

22:18:53.803 [AsyncHttpClient-1-2] DEBUG org.asynchttpclient.netty.channel.ChannelManager - Adding key: http://0.0.0.0:4723 for channel [id: 0x0f502b57, L:/127.0.0.1:58549 - R:/127.0.0.1:4723]
22:18:53.805 [main] DEBUG net.thucydides.core.steps.StepInterceptor - STEP DONE: inputPassword
]]></system-out>
  </testcase>
  <testcase name="user click login button again for login feature" classname="user tidak bisa login karena menggunakan email yang salah" time="1.388">
    <system-out><![CDATA[22:18:53.816 [main] DEBUG net.thucydides.core.steps.StepInterceptor - STARTING STEP: LoginSteps.userClickLoginButtonAgainForLoginFeature - clickButtonLoginSecond
22:18:53.821 [Forwarding findElement on session 48292f22-8ad4-4601-8799-b4828710744d to remote] DEBUG org.asynchttpclient.netty.request.NettyRequestSender - Using pooled Channel '[id: 0x0f502b57, L:/127.0.0.1:58549 - R:/127.0.0.1:4723]' for 'POST' to 'http://0.0.0.0:4723/wd/hub/session/48292f22-8ad4-4601-8799-b4828710744d/element'
22:18:53.821 [Forwarding findElement on session 48292f22-8ad4-4601-8799-b4828710744d to remote] DEBUG org.asynchttpclient.netty.request.NettyRequestSender - Using open Channel [id: 0x0f502b57, L:/127.0.0.1:58549 - R:/127.0.0.1:4723] for POST '/wd/hub/session/48292f22-8ad4-4601-8799-b4828710744d/element'
22:18:54.530 [AsyncHttpClient-1-2] DEBUG org.asynchttpclient.netty.handler.HttpHandler - 

Request DefaultHttpRequest(decodeResult: success, version: HTTP/1.1)
POST /wd/hub/session/48292f22-8ad4-4601-8799-b4828710744d/element HTTP/1.1
User-Agent: appium/8.3.0 (selenium/4.8.1 (java windows))
Content-Length: 95
Content-Type: application/json; charset=utf-8
host: 0.0.0.0:4723
accept: */*

Response DefaultHttpResponse(decodeResult: success, version: HTTP/1.1)
HTTP/1.1 200 OK
X-Powered-By: Express
Vary: X-HTTP-Method-Override
Content-Type: application/json; charset=utf-8
Content-Length: 137
ETag: W/"89-t+mGU4hZ4XabcMfUp8nwMRg2ieo"
Date: Tue, 09 May 2023 15:18:54 GMT
Connection: keep-alive
Keep-Alive: timeout=600

22:18:54.530 [AsyncHttpClient-1-2] DEBUG org.asynchttpclient.netty.channel.ChannelManager - Adding key: http://0.0.0.0:4723 for channel [id: 0x0f502b57, L:/127.0.0.1:58549 - R:/127.0.0.1:4723]
22:18:54.532 [Forwarding isElementDisplayed on session 48292f22-8ad4-4601-8799-b4828710744d to remote] DEBUG org.asynchttpclient.netty.request.NettyRequestSender - Using pooled Channel '[id: 0x0f502b57, L:/127.0.0.1:58549 - R:/127.0.0.1:4723]' for 'GET' to 'http://0.0.0.0:4723/wd/hub/session/48292f22-8ad4-4601-8799-b4828710744d/element/00000000-0000-0671-0000-002800000003/displayed'
22:18:54.532 [Forwarding isElementDisplayed on session 48292f22-8ad4-4601-8799-b4828710744d to remote] DEBUG org.asynchttpclient.netty.request.NettyRequestSender - Using open Channel [id: 0x0f502b57, L:/127.0.0.1:58549 - R:/127.0.0.1:4723] for GET '/wd/hub/session/48292f22-8ad4-4601-8799-b4828710744d/element/00000000-0000-0671-0000-002800000003/displayed'
22:18:54.572 [AsyncHttpClient-1-2] DEBUG org.asynchttpclient.netty.handler.HttpHandler - 

Request DefaultFullHttpRequest(decodeResult: success, version: HTTP/1.1, content: EmptyByteBufBE)
GET /wd/hub/session/48292f22-8ad4-4601-8799-b4828710744d/element/00000000-0000-0671-0000-002800000003/displayed HTTP/1.1
User-Agent: appium/8.3.0 (selenium/4.8.1 (java windows))
Cache-Control: no-cache
Content-Type: application/json; charset=utf-8
host: 0.0.0.0:4723
accept: */*

Response DefaultHttpResponse(decodeResult: success, version: HTTP/1.1)
HTTP/1.1 200 OK
X-Powered-By: Express
Content-Type: application/json; charset=utf-8
Content-Length: 14
ETag: W/"e-2ZHvAWebNQpyjGZTg6uyV8/spTo"
Date: Tue, 09 May 2023 15:18:54 GMT
Connection: keep-alive
Keep-Alive: timeout=600

22:18:54.573 [AsyncHttpClient-1-2] DEBUG org.asynchttpclient.netty.channel.ChannelManager - Adding key: http://0.0.0.0:4723 for channel [id: 0x0f502b57, L:/127.0.0.1:58549 - R:/127.0.0.1:4723]
22:18:54.576 [Forwarding isElementEnabled on session 48292f22-8ad4-4601-8799-b4828710744d to remote] DEBUG org.asynchttpclient.netty.request.NettyRequestSender - Using pooled Channel '[id: 0x0f502b57, L:/127.0.0.1:58549 - R:/127.0.0.1:4723]' for 'GET' to 'http://0.0.0.0:4723/wd/hub/session/48292f22-8ad4-4601-8799-b4828710744d/element/00000000-0000-0671-0000-002800000003/enabled'
22:18:54.576 [Forwarding isElementEnabled on session 48292f22-8ad4-4601-8799-b4828710744d to remote] DEBUG org.asynchttpclient.netty.request.NettyRequestSender - Using open Channel [id: 0x0f502b57, L:/127.0.0.1:58549 - R:/127.0.0.1:4723] for GET '/wd/hub/session/48292f22-8ad4-4601-8799-b4828710744d/element/00000000-0000-0671-0000-002800000003/enabled'
22:18:54.612 [AsyncHttpClient-1-2] DEBUG org.asynchttpclient.netty.handler.HttpHandler - 

Request DefaultFullHttpRequest(decodeResult: success, version: HTTP/1.1, content: EmptyByteBufBE)
GET /wd/hub/session/48292f22-8ad4-4601-8799-b4828710744d/element/00000000-0000-0671-0000-002800000003/enabled HTTP/1.1
User-Agent: appium/8.3.0 (selenium/4.8.1 (java windows))
Cache-Control: no-cache
Content-Type: application/json; charset=utf-8
host: 0.0.0.0:4723
accept: */*

Response DefaultHttpResponse(decodeResult: success, version: HTTP/1.1)
HTTP/1.1 200 OK
X-Powered-By: Express
Content-Type: application/json; charset=utf-8
Content-Length: 14
ETag: W/"e-2ZHvAWebNQpyjGZTg6uyV8/spTo"
Date: Tue, 09 May 2023 15:18:54 GMT
Connection: keep-alive
Keep-Alive: timeout=600

22:18:54.612 [AsyncHttpClient-1-2] DEBUG org.asynchttpclient.netty.channel.ChannelManager - Adding key: http://0.0.0.0:4723 for channel [id: 0x0f502b57, L:/127.0.0.1:58549 - R:/127.0.0.1:4723]
22:18:54.616 [Forwarding clickElement on session 48292f22-8ad4-4601-8799-b4828710744d to remote] DEBUG org.asynchttpclient.netty.request.NettyRequestSender - Using pooled Channel '[id: 0x0f502b57, L:/127.0.0.1:58549 - R:/127.0.0.1:4723]' for 'POST' to 'http://0.0.0.0:4723/wd/hub/session/48292f22-8ad4-4601-8799-b4828710744d/element/00000000-0000-0671-0000-002800000003/click'
22:18:54.616 [Forwarding clickElement on session 48292f22-8ad4-4601-8799-b4828710744d to remote] DEBUG org.asynchttpclient.netty.request.NettyRequestSender - Using open Channel [id: 0x0f502b57, L:/127.0.0.1:58549 - R:/127.0.0.1:4723] for POST '/wd/hub/session/48292f22-8ad4-4601-8799-b4828710744d/element/00000000-0000-0671-0000-002800000003/click'
22:18:55.195 [AsyncHttpClient-1-2] DEBUG org.asynchttpclient.netty.handler.HttpHandler - 

Request DefaultHttpRequest(decodeResult: success, version: HTTP/1.1)
POST /wd/hub/session/48292f22-8ad4-4601-8799-b4828710744d/element/00000000-0000-0671-0000-002800000003/click HTTP/1.1
User-Agent: appium/8.3.0 (selenium/4.8.1 (java windows))
Content-Length: 50
Content-Type: application/json; charset=utf-8
host: 0.0.0.0:4723
accept: */*

Response DefaultHttpResponse(decodeResult: success, version: HTTP/1.1)
HTTP/1.1 200 OK
X-Powered-By: Express
Vary: X-HTTP-Method-Override
Content-Type: application/json; charset=utf-8
Content-Length: 14
ETag: W/"e-9/1BuKMgFObM1mWJm+YjxtXJnUM"
Date: Tue, 09 May 2023 15:18:55 GMT
Connection: keep-alive
Keep-Alive: timeout=600

22:18:55.195 [AsyncHttpClient-1-2] DEBUG org.asynchttpclient.netty.channel.ChannelManager - Adding key: http://0.0.0.0:4723 for channel [id: 0x0f502b57, L:/127.0.0.1:58549 - R:/127.0.0.1:4723]
22:18:55.197 [main] DEBUG net.thucydides.core.steps.StepInterceptor - STEP DONE: clickButtonLoginSecond
]]></system-out>
  </testcase>
  <testcase name="user see error message email invalid &quot;Email or Password Invalid&quot;" classname="user tidak bisa login karena menggunakan email yang salah" time="1.033">
    <system-out><![CDATA[22:18:55.211 [main] DEBUG net.thucydides.core.steps.StepInterceptor - STARTING STEP: LoginSteps.userSeeErrorMessageEmailInvalid - getEmailInvalid
22:18:55.214 [Forwarding findElement on session 48292f22-8ad4-4601-8799-b4828710744d to remote] DEBUG org.asynchttpclient.netty.request.NettyRequestSender - Using pooled Channel '[id: 0x0f502b57, L:/127.0.0.1:58549 - R:/127.0.0.1:4723]' for 'POST' to 'http://0.0.0.0:4723/wd/hub/session/48292f22-8ad4-4601-8799-b4828710744d/element'
22:18:55.215 [Forwarding findElement on session 48292f22-8ad4-4601-8799-b4828710744d to remote] DEBUG org.asynchttpclient.netty.request.NettyRequestSender - Using open Channel [id: 0x0f502b57, L:/127.0.0.1:58549 - R:/127.0.0.1:4723] for POST '/wd/hub/session/48292f22-8ad4-4601-8799-b4828710744d/element'
22:18:56.182 [AsyncHttpClient-1-2] DEBUG org.asynchttpclient.netty.handler.HttpHandler - 

Request DefaultHttpRequest(decodeResult: success, version: HTTP/1.1)
POST /wd/hub/session/48292f22-8ad4-4601-8799-b4828710744d/element HTTP/1.1
User-Agent: appium/8.3.0 (selenium/4.8.1 (java windows))
Content-Length: 118
Content-Type: application/json; charset=utf-8
host: 0.0.0.0:4723
accept: */*

Response DefaultHttpResponse(decodeResult: success, version: HTTP/1.1)
HTTP/1.1 200 OK
X-Powered-By: Express
Vary: X-HTTP-Method-Override
Content-Type: application/json; charset=utf-8
Content-Length: 137
ETag: W/"89-/n6DOB8rCPVXW39JUB9crbLF01c"
Date: Tue, 09 May 2023 15:18:56 GMT
Connection: keep-alive
Keep-Alive: timeout=600

22:18:56.182 [AsyncHttpClient-1-2] DEBUG org.asynchttpclient.netty.channel.ChannelManager - Adding key: http://0.0.0.0:4723 for channel [id: 0x0f502b57, L:/127.0.0.1:58549 - R:/127.0.0.1:4723]
22:18:56.184 [Forwarding isElementDisplayed on session 48292f22-8ad4-4601-8799-b4828710744d to remote] DEBUG org.asynchttpclient.netty.request.NettyRequestSender - Using pooled Channel '[id: 0x0f502b57, L:/127.0.0.1:58549 - R:/127.0.0.1:4723]' for 'GET' to 'http://0.0.0.0:4723/wd/hub/session/48292f22-8ad4-4601-8799-b4828710744d/element/00000000-0000-0671-0000-002e00000003/displayed'
22:18:56.184 [Forwarding isElementDisplayed on session 48292f22-8ad4-4601-8799-b4828710744d to remote] DEBUG org.asynchttpclient.netty.request.NettyRequestSender - Using open Channel [id: 0x0f502b57, L:/127.0.0.1:58549 - R:/127.0.0.1:4723] for GET '/wd/hub/session/48292f22-8ad4-4601-8799-b4828710744d/element/00000000-0000-0671-0000-002e00000003/displayed'
22:18:56.208 [AsyncHttpClient-1-2] DEBUG org.asynchttpclient.netty.handler.HttpHandler - 

Request DefaultFullHttpRequest(decodeResult: success, version: HTTP/1.1, content: EmptyByteBufBE)
GET /wd/hub/session/48292f22-8ad4-4601-8799-b4828710744d/element/00000000-0000-0671-0000-002e00000003/displayed HTTP/1.1
User-Agent: appium/8.3.0 (selenium/4.8.1 (java windows))
Cache-Control: no-cache
Content-Type: application/json; charset=utf-8
host: 0.0.0.0:4723
accept: */*

Response DefaultHttpResponse(decodeResult: success, version: HTTP/1.1)
HTTP/1.1 200 OK
X-Powered-By: Express
Content-Type: application/json; charset=utf-8
Content-Length: 14
ETag: W/"e-2ZHvAWebNQpyjGZTg6uyV8/spTo"
Date: Tue, 09 May 2023 15:18:56 GMT
Connection: keep-alive
Keep-Alive: timeout=600

22:18:56.209 [AsyncHttpClient-1-2] DEBUG org.asynchttpclient.netty.channel.ChannelManager - Adding key: http://0.0.0.0:4723 for channel [id: 0x0f502b57, L:/127.0.0.1:58549 - R:/127.0.0.1:4723]
22:18:56.211 [Forwarding getElementText on session 48292f22-8ad4-4601-8799-b4828710744d to remote] DEBUG org.asynchttpclient.netty.request.NettyRequestSender - Using pooled Channel '[id: 0x0f502b57, L:/127.0.0.1:58549 - R:/127.0.0.1:4723]' for 'GET' to 'http://0.0.0.0:4723/wd/hub/session/48292f22-8ad4-4601-8799-b4828710744d/element/00000000-0000-0671-0000-002e00000003/text'
22:18:56.211 [Forwarding getElementText on session 48292f22-8ad4-4601-8799-b4828710744d to remote] DEBUG org.asynchttpclient.netty.request.NettyRequestSender - Using open Channel [id: 0x0f502b57, L:/127.0.0.1:58549 - R:/127.0.0.1:4723] for GET '/wd/hub/session/48292f22-8ad4-4601-8799-b4828710744d/element/00000000-0000-0671-0000-002e00000003/text'
22:18:56.234 [AsyncHttpClient-1-2] DEBUG org.asynchttpclient.netty.handler.HttpHandler - 

Request DefaultFullHttpRequest(decodeResult: success, version: HTTP/1.1, content: EmptyByteBufBE)
GET /wd/hub/session/48292f22-8ad4-4601-8799-b4828710744d/element/00000000-0000-0671-0000-002e00000003/text HTTP/1.1
User-Agent: appium/8.3.0 (selenium/4.8.1 (java windows))
Cache-Control: no-cache
Content-Type: application/json; charset=utf-8
host: 0.0.0.0:4723
accept: */*

Response DefaultHttpResponse(decodeResult: success, version: HTTP/1.1)
HTTP/1.1 200 OK
X-Powered-By: Express
Content-Type: application/json; charset=utf-8
Content-Length: 63
ETag: W/"3f-TgvBoSDTkJ3ukKVkgD41UCIKeNI"
Date: Tue, 09 May 2023 15:18:56 GMT
Connection: keep-alive
Keep-Alive: timeout=600

22:18:56.235 [AsyncHttpClient-1-2] DEBUG org.asynchttpclient.netty.channel.ChannelManager - Adding key: http://0.0.0.0:4723 for channel [id: 0x0f502b57, L:/127.0.0.1:58549 - R:/127.0.0.1:4723]
22:18:56.236 [main] DEBUG net.thucydides.core.steps.StepInterceptor - STEP DONE: getEmailInvalid
]]></system-out>
  </testcase>
  <testcase name="user on homepage AltaShop for login feature" classname="user tidak bisa login karena tidak menginput email di field email" time="10.84">
    <system-out><![CDATA[22:18:56.242 [main] INFO  - 
  _____   ___   ___   _____     ___     _     ___   ___   ___   ___  
 |_   _| | __| / __| |_   _|   | _ \   /_\   / __| / __| | __| |   \ 
   | |   | _|  \__ \   | |     |  _/  / _ \  \__ \ \__ \ | _|  | |) |
   |_|   |___| |___/   |_|     |_|   /_/ \_\ |___/ |___/ |___| |___/ 

user tidak bisa login karena menggunakan email yang salah
----------------------------------------------------------------------
22:18:56.254 [main] DEBUG io.cucumber.core.plugin.SerenityReporter - Running feature from file:///C:/Users/HP/Downloads/Mini-Project-QA/ALTASHOP%20MOBILE%20AUTOMATION/src/test/resources/features/1.%20Login.feature
22:18:56.260 [main] INFO  - 
  _____   ___   ___   _____     ___   _____     _     ___   _____   ___   ___  
 |_   _| | __| / __| |_   _|   / __| |_   _|   /_\   | _ \ |_   _| | __| |   \ 
   | |   | _|  \__ \   | |     \__ \   | |    / _ \  |   /   | |   | _|  | |) |
   |_|   |___| |___/   |_|     |___/   |_|   /_/ \_\ |_|_\   |_|   |___| |___/ 

user tidak bisa login karena tidak menginput email di field email(login;user-tidak-bisa-login-karena-tidak-menginput-email-di-field-email)
--------------------------------------------------------------------------------
22:18:56.280 [main] DEBUG net.thucydides.core.steps.StepInterceptor - STARTING STEP: LoginSteps.userOnHomepageAltaShopForLoginFeature - onHomepageAltaShop
22:18:56.290 [Forwarding newSession on session null to remote] DEBUG org.asynchttpclient.netty.request.NettyRequestSender - Using pooled Channel '[id: 0x0f502b57, L:/127.0.0.1:58549 - R:/127.0.0.1:4723]' for 'POST' to 'http://0.0.0.0:4723/wd/hub/session'
22:18:56.290 [Forwarding newSession on session null to remote] DEBUG org.asynchttpclient.netty.request.NettyRequestSender - Using open Channel [id: 0x0f502b57, L:/127.0.0.1:58549 - R:/127.0.0.1:4723] for POST '/wd/hub/session'
22:19:05.562 [AsyncHttpClient-1-2] DEBUG org.asynchttpclient.netty.handler.HttpHandler - 

Request DefaultHttpRequest(decodeResult: success, version: HTTP/1.1)
POST /wd/hub/session HTTP/1.1
X-Idempotency-Key: 18cdd4fd-c9e6-4891-8a6d-f67e7790d2bf
User-Agent: appium/8.3.0 (selenium/4.8.1 (java windows))
Content-Length: 335
Content-Type: application/json; charset=utf-8
host: 0.0.0.0:4723
accept: */*

Response DefaultHttpResponse(decodeResult: success, version: HTTP/1.1)
HTTP/1.1 200 OK
X-Powered-By: Express
Vary: X-HTTP-Method-Override
Content-Type: application/json; charset=utf-8
Content-Length: 988
ETag: W/"3dc-MYE9J+HBetw4dJF4S+EJ4hcsvIw"
Date: Tue, 09 May 2023 15:19:05 GMT
Connection: keep-alive
Keep-Alive: timeout=600

22:19:05.563 [AsyncHttpClient-1-2] DEBUG org.asynchttpclient.netty.channel.ChannelManager - Adding key: http://0.0.0.0:4723 for channel [id: 0x0f502b57, L:/127.0.0.1:58549 - R:/127.0.0.1:4723]
22:19:05.573 [AsyncHttpClient-1-1] DEBUG org.asynchttpclient.netty.channel.DefaultChannelPool - Entry count for : http://0.0.0.0:4723 : 1
22:19:05.580 [Forwarding setTimeout on session 2669868d-c090-4572-9f7e-c29e28a4de4c to remote] DEBUG org.asynchttpclient.netty.request.NettyRequestSender - Using pooled Channel '[id: 0x0f502b57, L:/127.0.0.1:58549 - R:/127.0.0.1:4723]' for 'POST' to 'http://0.0.0.0:4723/wd/hub/session/2669868d-c090-4572-9f7e-c29e28a4de4c/timeouts'
22:19:05.580 [Forwarding setTimeout on session 2669868d-c090-4572-9f7e-c29e28a4de4c to remote] DEBUG org.asynchttpclient.netty.request.NettyRequestSender - Using open Channel [id: 0x0f502b57, L:/127.0.0.1:58549 - R:/127.0.0.1:4723] for POST '/wd/hub/session/2669868d-c090-4572-9f7e-c29e28a4de4c/timeouts'
22:19:05.600 [AsyncHttpClient-1-2] DEBUG org.asynchttpclient.netty.handler.HttpHandler - 

Request DefaultHttpRequest(decodeResult: success, version: HTTP/1.1)
POST /wd/hub/session/2669868d-c090-4572-9f7e-c29e28a4de4c/timeouts HTTP/1.1
User-Agent: appium/8.3.0 (selenium/4.8.1 (java windows))
Content-Length: 23
Content-Type: application/json; charset=utf-8
host: 0.0.0.0:4723
accept: */*

Response DefaultHttpResponse(decodeResult: success, version: HTTP/1.1)
HTTP/1.1 200 OK
X-Powered-By: Express
Vary: X-HTTP-Method-Override
Content-Type: application/json; charset=utf-8
Content-Length: 14
ETag: W/"e-9/1BuKMgFObM1mWJm+YjxtXJnUM"
Date: Tue, 09 May 2023 15:19:05 GMT
Connection: keep-alive
Keep-Alive: timeout=600

22:19:05.601 [AsyncHttpClient-1-2] DEBUG org.asynchttpclient.netty.channel.ChannelManager - Adding key: http://0.0.0.0:4723 for channel [id: 0x0f502b57, L:/127.0.0.1:58549 - R:/127.0.0.1:4723]
22:19:05.605 [Forwarding findElement on session 2669868d-c090-4572-9f7e-c29e28a4de4c to remote] DEBUG org.asynchttpclient.netty.request.NettyRequestSender - Using pooled Channel '[id: 0x0f502b57, L:/127.0.0.1:58549 - R:/127.0.0.1:4723]' for 'POST' to 'http://0.0.0.0:4723/wd/hub/session/2669868d-c090-4572-9f7e-c29e28a4de4c/element'
22:19:05.605 [Forwarding findElement on session 2669868d-c090-4572-9f7e-c29e28a4de4c to remote] DEBUG org.asynchttpclient.netty.request.NettyRequestSender - Using open Channel [id: 0x0f502b57, L:/127.0.0.1:58549 - R:/127.0.0.1:4723] for POST '/wd/hub/session/2669868d-c090-4572-9f7e-c29e28a4de4c/element'
22:19:07.049 [AsyncHttpClient-1-2] DEBUG org.asynchttpclient.netty.handler.HttpHandler - 

Request DefaultHttpRequest(decodeResult: success, version: HTTP/1.1)
POST /wd/hub/session/2669868d-c090-4572-9f7e-c29e28a4de4c/element HTTP/1.1
User-Agent: appium/8.3.0 (selenium/4.8.1 (java windows))
Content-Length: 326
Content-Type: application/json; charset=utf-8
host: 0.0.0.0:4723
accept: */*

Response DefaultHttpResponse(decodeResult: success, version: HTTP/1.1)
HTTP/1.1 200 OK
X-Powered-By: Express
Vary: X-HTTP-Method-Override
Content-Type: application/json; charset=utf-8
Content-Length: 137
ETag: W/"89-iK7+mYzR7XCg/dt/AIE+cvjV7Uw"
Date: Tue, 09 May 2023 15:19:07 GMT
Connection: keep-alive
Keep-Alive: timeout=600

22:19:07.049 [AsyncHttpClient-1-2] DEBUG org.asynchttpclient.netty.channel.ChannelManager - Adding key: http://0.0.0.0:4723 for channel [id: 0x0f502b57, L:/127.0.0.1:58549 - R:/127.0.0.1:4723]
22:19:07.051 [Forwarding isElementDisplayed on session 2669868d-c090-4572-9f7e-c29e28a4de4c to remote] DEBUG org.asynchttpclient.netty.request.NettyRequestSender - Using pooled Channel '[id: 0x0f502b57, L:/127.0.0.1:58549 - R:/127.0.0.1:4723]' for 'GET' to 'http://0.0.0.0:4723/wd/hub/session/2669868d-c090-4572-9f7e-c29e28a4de4c/element/00000000-0000-067f-0000-000700000003/displayed'
22:19:07.051 [Forwarding isElementDisplayed on session 2669868d-c090-4572-9f7e-c29e28a4de4c to remote] DEBUG org.asynchttpclient.netty.request.NettyRequestSender - Using open Channel [id: 0x0f502b57, L:/127.0.0.1:58549 - R:/127.0.0.1:4723] for GET '/wd/hub/session/2669868d-c090-4572-9f7e-c29e28a4de4c/element/00000000-0000-067f-0000-000700000003/displayed'
22:19:07.073 [AsyncHttpClient-1-2] DEBUG org.asynchttpclient.netty.handler.HttpHandler - 

Request DefaultFullHttpRequest(decodeResult: success, version: HTTP/1.1, content: EmptyByteBufBE)
GET /wd/hub/session/2669868d-c090-4572-9f7e-c29e28a4de4c/element/00000000-0000-067f-0000-000700000003/displayed HTTP/1.1
User-Agent: appium/8.3.0 (selenium/4.8.1 (java windows))
Cache-Control: no-cache
Content-Type: application/json; charset=utf-8
host: 0.0.0.0:4723
accept: */*

Response DefaultHttpResponse(decodeResult: success, version: HTTP/1.1)
HTTP/1.1 200 OK
X-Powered-By: Express
Content-Type: application/json; charset=utf-8
Content-Length: 14
ETag: W/"e-2ZHvAWebNQpyjGZTg6uyV8/spTo"
Date: Tue, 09 May 2023 15:19:07 GMT
Connection: keep-alive
Keep-Alive: timeout=600

22:19:07.074 [AsyncHttpClient-1-2] DEBUG org.asynchttpclient.netty.channel.ChannelManager - Adding key: http://0.0.0.0:4723 for channel [id: 0x0f502b57, L:/127.0.0.1:58549 - R:/127.0.0.1:4723]
22:19:07.076 [Forwarding isElementDisplayed on session 2669868d-c090-4572-9f7e-c29e28a4de4c to remote] DEBUG org.asynchttpclient.netty.request.NettyRequestSender - Using pooled Channel '[id: 0x0f502b57, L:/127.0.0.1:58549 - R:/127.0.0.1:4723]' for 'GET' to 'http://0.0.0.0:4723/wd/hub/session/2669868d-c090-4572-9f7e-c29e28a4de4c/element/00000000-0000-067f-0000-000700000003/displayed'
22:19:07.076 [Forwarding isElementDisplayed on session 2669868d-c090-4572-9f7e-c29e28a4de4c to remote] DEBUG org.asynchttpclient.netty.request.NettyRequestSender - Using open Channel [id: 0x0f502b57, L:/127.0.0.1:58549 - R:/127.0.0.1:4723] for GET '/wd/hub/session/2669868d-c090-4572-9f7e-c29e28a4de4c/element/00000000-0000-067f-0000-000700000003/displayed'
22:19:07.105 [AsyncHttpClient-1-2] DEBUG org.asynchttpclient.netty.handler.HttpHandler - 

Request DefaultFullHttpRequest(decodeResult: success, version: HTTP/1.1, content: EmptyByteBufBE)
GET /wd/hub/session/2669868d-c090-4572-9f7e-c29e28a4de4c/element/00000000-0000-067f-0000-000700000003/displayed HTTP/1.1
User-Agent: appium/8.3.0 (selenium/4.8.1 (java windows))
Cache-Control: no-cache
Content-Type: application/json; charset=utf-8
host: 0.0.0.0:4723
accept: */*

Response DefaultHttpResponse(decodeResult: success, version: HTTP/1.1)
HTTP/1.1 200 OK
X-Powered-By: Express
Content-Type: application/json; charset=utf-8
Content-Length: 14
ETag: W/"e-2ZHvAWebNQpyjGZTg6uyV8/spTo"
Date: Tue, 09 May 2023 15:19:07 GMT
Connection: keep-alive
Keep-Alive: timeout=600

22:19:07.105 [AsyncHttpClient-1-2] DEBUG org.asynchttpclient.netty.channel.ChannelManager - Adding key: http://0.0.0.0:4723 for channel [id: 0x0f502b57, L:/127.0.0.1:58549 - R:/127.0.0.1:4723]
22:19:07.107 [main] DEBUG net.thucydides.core.steps.StepInterceptor - STEP DONE: onHomepageAltaShop
]]></system-out>
  </testcase>
  <testcase name="user click login button for login feature" classname="user tidak bisa login karena tidak menginput email di field email" time="0.275">
    <system-out><![CDATA[22:19:07.118 [main] DEBUG net.thucydides.core.steps.StepInterceptor - STARTING STEP: LoginSteps.userClickLoginButtonForLoginFeature - clickButtonLogin
22:19:07.121 [Forwarding findElement on session 2669868d-c090-4572-9f7e-c29e28a4de4c to remote] DEBUG org.asynchttpclient.netty.request.NettyRequestSender - Using pooled Channel '[id: 0x0f502b57, L:/127.0.0.1:58549 - R:/127.0.0.1:4723]' for 'POST' to 'http://0.0.0.0:4723/wd/hub/session/2669868d-c090-4572-9f7e-c29e28a4de4c/element'
22:19:07.121 [Forwarding findElement on session 2669868d-c090-4572-9f7e-c29e28a4de4c to remote] DEBUG org.asynchttpclient.netty.request.NettyRequestSender - Using open Channel [id: 0x0f502b57, L:/127.0.0.1:58549 - R:/127.0.0.1:4723] for POST '/wd/hub/session/2669868d-c090-4572-9f7e-c29e28a4de4c/element'
22:19:07.209 [AsyncHttpClient-1-2] DEBUG org.asynchttpclient.netty.handler.HttpHandler - 

Request DefaultHttpRequest(decodeResult: success, version: HTTP/1.1)
POST /wd/hub/session/2669868d-c090-4572-9f7e-c29e28a4de4c/element HTTP/1.1
User-Agent: appium/8.3.0 (selenium/4.8.1 (java windows))
Content-Length: 326
Content-Type: application/json; charset=utf-8
host: 0.0.0.0:4723
accept: */*

Response DefaultHttpResponse(decodeResult: success, version: HTTP/1.1)
HTTP/1.1 200 OK
X-Powered-By: Express
Vary: X-HTTP-Method-Override
Content-Type: application/json; charset=utf-8
Content-Length: 137
ETag: W/"89-iK7+mYzR7XCg/dt/AIE+cvjV7Uw"
Date: Tue, 09 May 2023 15:19:07 GMT
Connection: keep-alive
Keep-Alive: timeout=600

22:19:07.209 [AsyncHttpClient-1-2] DEBUG org.asynchttpclient.netty.channel.ChannelManager - Adding key: http://0.0.0.0:4723 for channel [id: 0x0f502b57, L:/127.0.0.1:58549 - R:/127.0.0.1:4723]
22:19:07.211 [Forwarding isElementDisplayed on session 2669868d-c090-4572-9f7e-c29e28a4de4c to remote] DEBUG org.asynchttpclient.netty.request.NettyRequestSender - Using pooled Channel '[id: 0x0f502b57, L:/127.0.0.1:58549 - R:/127.0.0.1:4723]' for 'GET' to 'http://0.0.0.0:4723/wd/hub/session/2669868d-c090-4572-9f7e-c29e28a4de4c/element/00000000-0000-067f-0000-000700000003/displayed'
22:19:07.211 [Forwarding isElementDisplayed on session 2669868d-c090-4572-9f7e-c29e28a4de4c to remote] DEBUG org.asynchttpclient.netty.request.NettyRequestSender - Using open Channel [id: 0x0f502b57, L:/127.0.0.1:58549 - R:/127.0.0.1:4723] for GET '/wd/hub/session/2669868d-c090-4572-9f7e-c29e28a4de4c/element/00000000-0000-067f-0000-000700000003/displayed'
22:19:07.237 [AsyncHttpClient-1-2] DEBUG org.asynchttpclient.netty.handler.HttpHandler - 

Request DefaultFullHttpRequest(decodeResult: success, version: HTTP/1.1, content: EmptyByteBufBE)
GET /wd/hub/session/2669868d-c090-4572-9f7e-c29e28a4de4c/element/00000000-0000-067f-0000-000700000003/displayed HTTP/1.1
User-Agent: appium/8.3.0 (selenium/4.8.1 (java windows))
Cache-Control: no-cache
Content-Type: application/json; charset=utf-8
host: 0.0.0.0:4723
accept: */*

Response DefaultHttpResponse(decodeResult: success, version: HTTP/1.1)
HTTP/1.1 200 OK
X-Powered-By: Express
Content-Type: application/json; charset=utf-8
Content-Length: 14
ETag: W/"e-2ZHvAWebNQpyjGZTg6uyV8/spTo"
Date: Tue, 09 May 2023 15:19:07 GMT
Connection: keep-alive
Keep-Alive: timeout=600

22:19:07.238 [AsyncHttpClient-1-2] DEBUG org.asynchttpclient.netty.channel.ChannelManager - Adding key: http://0.0.0.0:4723 for channel [id: 0x0f502b57, L:/127.0.0.1:58549 - R:/127.0.0.1:4723]
22:19:07.239 [Forwarding isElementEnabled on session 2669868d-c090-4572-9f7e-c29e28a4de4c to remote] DEBUG org.asynchttpclient.netty.request.NettyRequestSender - Using pooled Channel '[id: 0x0f502b57, L:/127.0.0.1:58549 - R:/127.0.0.1:4723]' for 'GET' to 'http://0.0.0.0:4723/wd/hub/session/2669868d-c090-4572-9f7e-c29e28a4de4c/element/00000000-0000-067f-0000-000700000003/enabled'
22:19:07.239 [Forwarding isElementEnabled on session 2669868d-c090-4572-9f7e-c29e28a4de4c to remote] DEBUG org.asynchttpclient.netty.request.NettyRequestSender - Using open Channel [id: 0x0f502b57, L:/127.0.0.1:58549 - R:/127.0.0.1:4723] for GET '/wd/hub/session/2669868d-c090-4572-9f7e-c29e28a4de4c/element/00000000-0000-067f-0000-000700000003/enabled'
22:19:07.265 [AsyncHttpClient-1-2] DEBUG org.asynchttpclient.netty.handler.HttpHandler - 

Request DefaultFullHttpRequest(decodeResult: success, version: HTTP/1.1, content: EmptyByteBufBE)
GET /wd/hub/session/2669868d-c090-4572-9f7e-c29e28a4de4c/element/00000000-0000-067f-0000-000700000003/enabled HTTP/1.1
User-Agent: appium/8.3.0 (selenium/4.8.1 (java windows))
Cache-Control: no-cache
Content-Type: application/json; charset=utf-8
host: 0.0.0.0:4723
accept: */*

Response DefaultHttpResponse(decodeResult: success, version: HTTP/1.1)
HTTP/1.1 200 OK
X-Powered-By: Express
Content-Type: application/json; charset=utf-8
Content-Length: 14
ETag: W/"e-2ZHvAWebNQpyjGZTg6uyV8/spTo"
Date: Tue, 09 May 2023 15:19:07 GMT
Connection: keep-alive
Keep-Alive: timeout=600

22:19:07.266 [AsyncHttpClient-1-2] DEBUG org.asynchttpclient.netty.channel.ChannelManager - Adding key: http://0.0.0.0:4723 for channel [id: 0x0f502b57, L:/127.0.0.1:58549 - R:/127.0.0.1:4723]
22:19:07.269 [Forwarding clickElement on session 2669868d-c090-4572-9f7e-c29e28a4de4c to remote] DEBUG org.asynchttpclient.netty.request.NettyRequestSender - Using pooled Channel '[id: 0x0f502b57, L:/127.0.0.1:58549 - R:/127.0.0.1:4723]' for 'POST' to 'http://0.0.0.0:4723/wd/hub/session/2669868d-c090-4572-9f7e-c29e28a4de4c/element/00000000-0000-067f-0000-000700000003/click'
22:19:07.269 [Forwarding clickElement on session 2669868d-c090-4572-9f7e-c29e28a4de4c to remote] DEBUG org.asynchttpclient.netty.request.NettyRequestSender - Using open Channel [id: 0x0f502b57, L:/127.0.0.1:58549 - R:/127.0.0.1:4723] for POST '/wd/hub/session/2669868d-c090-4572-9f7e-c29e28a4de4c/element/00000000-0000-067f-0000-000700000003/click'
22:19:07.381 [AsyncHttpClient-1-2] DEBUG org.asynchttpclient.netty.handler.HttpHandler - 

Request DefaultHttpRequest(decodeResult: success, version: HTTP/1.1)
POST /wd/hub/session/2669868d-c090-4572-9f7e-c29e28a4de4c/element/00000000-0000-067f-0000-000700000003/click HTTP/1.1
User-Agent: appium/8.3.0 (selenium/4.8.1 (java windows))
Content-Length: 50
Content-Type: application/json; charset=utf-8
host: 0.0.0.0:4723
accept: */*

Response DefaultHttpResponse(decodeResult: success, version: HTTP/1.1)
HTTP/1.1 200 OK
X-Powered-By: Express
Vary: X-HTTP-Method-Override
Content-Type: application/json; charset=utf-8
Content-Length: 14
ETag: W/"e-9/1BuKMgFObM1mWJm+YjxtXJnUM"
Date: Tue, 09 May 2023 15:19:07 GMT
Connection: keep-alive
Keep-Alive: timeout=600

22:19:07.382 [AsyncHttpClient-1-2] DEBUG org.asynchttpclient.netty.channel.ChannelManager - Adding key: http://0.0.0.0:4723 for channel [id: 0x0f502b57, L:/127.0.0.1:58549 - R:/127.0.0.1:4723]
22:19:07.386 [main] DEBUG net.thucydides.core.steps.StepInterceptor - STEP DONE: clickButtonLogin
]]></system-out>
  </testcase>
  <testcase name="user does not input email for login feature" classname="user tidak bisa login karena tidak menginput email di field email" time="2.141">
    <system-out><![CDATA[22:19:07.407 [main] DEBUG net.thucydides.core.steps.StepInterceptor - STARTING STEP: LoginSteps.userDoesNotInputEmailForLoginFeature - inputEmail
22:19:07.412 [Forwarding findElement on session 2669868d-c090-4572-9f7e-c29e28a4de4c to remote] DEBUG org.asynchttpclient.netty.request.NettyRequestSender - Using pooled Channel '[id: 0x0f502b57, L:/127.0.0.1:58549 - R:/127.0.0.1:4723]' for 'POST' to 'http://0.0.0.0:4723/wd/hub/session/2669868d-c090-4572-9f7e-c29e28a4de4c/element'
22:19:07.412 [Forwarding findElement on session 2669868d-c090-4572-9f7e-c29e28a4de4c to remote] DEBUG org.asynchttpclient.netty.request.NettyRequestSender - Using open Channel [id: 0x0f502b57, L:/127.0.0.1:58549 - R:/127.0.0.1:4723] for POST '/wd/hub/session/2669868d-c090-4572-9f7e-c29e28a4de4c/element'
22:19:08.206 [AsyncHttpClient-1-2] DEBUG org.asynchttpclient.netty.handler.HttpHandler - 

Request DefaultHttpRequest(decodeResult: success, version: HTTP/1.1)
POST /wd/hub/session/2669868d-c090-4572-9f7e-c29e28a4de4c/element HTTP/1.1
User-Agent: appium/8.3.0 (selenium/4.8.1 (java windows))
Content-Length: 305
Content-Type: application/json; charset=utf-8
host: 0.0.0.0:4723
accept: */*

Response DefaultHttpResponse(decodeResult: success, version: HTTP/1.1)
HTTP/1.1 200 OK
X-Powered-By: Express
Vary: X-HTTP-Method-Override
Content-Type: application/json; charset=utf-8
Content-Length: 137
ETag: W/"89-MjH1MVtlyn0u3GdCqdXSBXTcrlk"
Date: Tue, 09 May 2023 15:19:08 GMT
Connection: keep-alive
Keep-Alive: timeout=600

22:19:08.207 [AsyncHttpClient-1-2] DEBUG org.asynchttpclient.netty.channel.ChannelManager - Adding key: http://0.0.0.0:4723 for channel [id: 0x0f502b57, L:/127.0.0.1:58549 - R:/127.0.0.1:4723]
22:19:08.209 [Forwarding isElementDisplayed on session 2669868d-c090-4572-9f7e-c29e28a4de4c to remote] DEBUG org.asynchttpclient.netty.request.NettyRequestSender - Using pooled Channel '[id: 0x0f502b57, L:/127.0.0.1:58549 - R:/127.0.0.1:4723]' for 'GET' to 'http://0.0.0.0:4723/wd/hub/session/2669868d-c090-4572-9f7e-c29e28a4de4c/element/00000000-0000-067f-0000-002600000003/displayed'
22:19:08.209 [Forwarding isElementDisplayed on session 2669868d-c090-4572-9f7e-c29e28a4de4c to remote] DEBUG org.asynchttpclient.netty.request.NettyRequestSender - Using open Channel [id: 0x0f502b57, L:/127.0.0.1:58549 - R:/127.0.0.1:4723] for GET '/wd/hub/session/2669868d-c090-4572-9f7e-c29e28a4de4c/element/00000000-0000-067f-0000-002600000003/displayed'
22:19:08.244 [AsyncHttpClient-1-2] DEBUG org.asynchttpclient.netty.handler.HttpHandler - 

Request DefaultFullHttpRequest(decodeResult: success, version: HTTP/1.1, content: EmptyByteBufBE)
GET /wd/hub/session/2669868d-c090-4572-9f7e-c29e28a4de4c/element/00000000-0000-067f-0000-002600000003/displayed HTTP/1.1
User-Agent: appium/8.3.0 (selenium/4.8.1 (java windows))
Cache-Control: no-cache
Content-Type: application/json; charset=utf-8
host: 0.0.0.0:4723
accept: */*

Response DefaultHttpResponse(decodeResult: success, version: HTTP/1.1)
HTTP/1.1 200 OK
X-Powered-By: Express
Content-Type: application/json; charset=utf-8
Content-Length: 14
ETag: W/"e-2ZHvAWebNQpyjGZTg6uyV8/spTo"
Date: Tue, 09 May 2023 15:19:08 GMT
Connection: keep-alive
Keep-Alive: timeout=600

22:19:08.245 [AsyncHttpClient-1-2] DEBUG org.asynchttpclient.netty.channel.ChannelManager - Adding key: http://0.0.0.0:4723 for channel [id: 0x0f502b57, L:/127.0.0.1:58549 - R:/127.0.0.1:4723]
22:19:08.246 [Forwarding isElementEnabled on session 2669868d-c090-4572-9f7e-c29e28a4de4c to remote] DEBUG org.asynchttpclient.netty.request.NettyRequestSender - Using pooled Channel '[id: 0x0f502b57, L:/127.0.0.1:58549 - R:/127.0.0.1:4723]' for 'GET' to 'http://0.0.0.0:4723/wd/hub/session/2669868d-c090-4572-9f7e-c29e28a4de4c/element/00000000-0000-067f-0000-002600000003/enabled'
22:19:08.246 [Forwarding isElementEnabled on session 2669868d-c090-4572-9f7e-c29e28a4de4c to remote] DEBUG org.asynchttpclient.netty.request.NettyRequestSender - Using open Channel [id: 0x0f502b57, L:/127.0.0.1:58549 - R:/127.0.0.1:4723] for GET '/wd/hub/session/2669868d-c090-4572-9f7e-c29e28a4de4c/element/00000000-0000-067f-0000-002600000003/enabled'
22:19:08.277 [AsyncHttpClient-1-2] DEBUG org.asynchttpclient.netty.handler.HttpHandler - 

Request DefaultFullHttpRequest(decodeResult: success, version: HTTP/1.1, content: EmptyByteBufBE)
GET /wd/hub/session/2669868d-c090-4572-9f7e-c29e28a4de4c/element/00000000-0000-067f-0000-002600000003/enabled HTTP/1.1
User-Agent: appium/8.3.0 (selenium/4.8.1 (java windows))
Cache-Control: no-cache
Content-Type: application/json; charset=utf-8
host: 0.0.0.0:4723
accept: */*

Response DefaultHttpResponse(decodeResult: success, version: HTTP/1.1)
HTTP/1.1 200 OK
X-Powered-By: Express
Content-Type: application/json; charset=utf-8
Content-Length: 14
ETag: W/"e-2ZHvAWebNQpyjGZTg6uyV8/spTo"
Date: Tue, 09 May 2023 15:19:08 GMT
Connection: keep-alive
Keep-Alive: timeout=600

22:19:08.278 [AsyncHttpClient-1-2] DEBUG org.asynchttpclient.netty.channel.ChannelManager - Adding key: http://0.0.0.0:4723 for channel [id: 0x0f502b57, L:/127.0.0.1:58549 - R:/127.0.0.1:4723]
22:19:08.281 [Forwarding clickElement on session 2669868d-c090-4572-9f7e-c29e28a4de4c to remote] DEBUG org.asynchttpclient.netty.request.NettyRequestSender - Using pooled Channel '[id: 0x0f502b57, L:/127.0.0.1:58549 - R:/127.0.0.1:4723]' for 'POST' to 'http://0.0.0.0:4723/wd/hub/session/2669868d-c090-4572-9f7e-c29e28a4de4c/element/00000000-0000-067f-0000-002600000003/click'
22:19:08.281 [Forwarding clickElement on session 2669868d-c090-4572-9f7e-c29e28a4de4c to remote] DEBUG org.asynchttpclient.netty.request.NettyRequestSender - Using open Channel [id: 0x0f502b57, L:/127.0.0.1:58549 - R:/127.0.0.1:4723] for POST '/wd/hub/session/2669868d-c090-4572-9f7e-c29e28a4de4c/element/00000000-0000-067f-0000-002600000003/click'
22:19:08.390 [AsyncHttpClient-1-2] DEBUG org.asynchttpclient.netty.handler.HttpHandler - 

Request DefaultHttpRequest(decodeResult: success, version: HTTP/1.1)
POST /wd/hub/session/2669868d-c090-4572-9f7e-c29e28a4de4c/element/00000000-0000-067f-0000-002600000003/click HTTP/1.1
User-Agent: appium/8.3.0 (selenium/4.8.1 (java windows))
Content-Length: 50
Content-Type: application/json; charset=utf-8
host: 0.0.0.0:4723
accept: */*

Response DefaultHttpResponse(decodeResult: success, version: HTTP/1.1)
HTTP/1.1 200 OK
X-Powered-By: Express
Vary: X-HTTP-Method-Override
Content-Type: application/json; charset=utf-8
Content-Length: 14
ETag: W/"e-9/1BuKMgFObM1mWJm+YjxtXJnUM"
Date: Tue, 09 May 2023 15:19:08 GMT
Connection: keep-alive
Keep-Alive: timeout=600

22:19:08.391 [AsyncHttpClient-1-2] DEBUG org.asynchttpclient.netty.channel.ChannelManager - Adding key: http://0.0.0.0:4723 for channel [id: 0x0f502b57, L:/127.0.0.1:58549 - R:/127.0.0.1:4723]
22:19:08.399 [Forwarding findElement on session 2669868d-c090-4572-9f7e-c29e28a4de4c to remote] DEBUG org.asynchttpclient.netty.request.NettyRequestSender - Using pooled Channel '[id: 0x0f502b57, L:/127.0.0.1:58549 - R:/127.0.0.1:4723]' for 'POST' to 'http://0.0.0.0:4723/wd/hub/session/2669868d-c090-4572-9f7e-c29e28a4de4c/element'
22:19:08.400 [Forwarding findElement on session 2669868d-c090-4572-9f7e-c29e28a4de4c to remote] DEBUG org.asynchttpclient.netty.request.NettyRequestSender - Using open Channel [id: 0x0f502b57, L:/127.0.0.1:58549 - R:/127.0.0.1:4723] for POST '/wd/hub/session/2669868d-c090-4572-9f7e-c29e28a4de4c/element'
22:19:08.979 [AsyncHttpClient-1-2] DEBUG org.asynchttpclient.netty.handler.HttpHandler - 

Request DefaultHttpRequest(decodeResult: success, version: HTTP/1.1)
POST /wd/hub/session/2669868d-c090-4572-9f7e-c29e28a4de4c/element HTTP/1.1
User-Agent: appium/8.3.0 (selenium/4.8.1 (java windows))
Content-Length: 305
Content-Type: application/json; charset=utf-8
host: 0.0.0.0:4723
accept: */*

Response DefaultHttpResponse(decodeResult: success, version: HTTP/1.1)
HTTP/1.1 200 OK
X-Powered-By: Express
Vary: X-HTTP-Method-Override
Content-Type: application/json; charset=utf-8
Content-Length: 137
ETag: W/"89-MjH1MVtlyn0u3GdCqdXSBXTcrlk"
Date: Tue, 09 May 2023 15:19:08 GMT
Connection: keep-alive
Keep-Alive: timeout=600

22:19:08.980 [AsyncHttpClient-1-2] DEBUG org.asynchttpclient.netty.channel.ChannelManager - Adding key: http://0.0.0.0:4723 for channel [id: 0x0f502b57, L:/127.0.0.1:58549 - R:/127.0.0.1:4723]
22:19:08.982 [Forwarding sendKeysToElement on session 2669868d-c090-4572-9f7e-c29e28a4de4c to remote] DEBUG org.asynchttpclient.netty.request.NettyRequestSender - Using pooled Channel '[id: 0x0f502b57, L:/127.0.0.1:58549 - R:/127.0.0.1:4723]' for 'POST' to 'http://0.0.0.0:4723/wd/hub/session/2669868d-c090-4572-9f7e-c29e28a4de4c/element/00000000-0000-067f-0000-002600000003/value'
22:19:08.982 [Forwarding sendKeysToElement on session 2669868d-c090-4572-9f7e-c29e28a4de4c to remote] DEBUG org.asynchttpclient.netty.request.NettyRequestSender - Using open Channel [id: 0x0f502b57, L:/127.0.0.1:58549 - R:/127.0.0.1:4723] for POST '/wd/hub/session/2669868d-c090-4572-9f7e-c29e28a4de4c/element/00000000-0000-067f-0000-002600000003/value'
22:19:09.535 [AsyncHttpClient-1-2] DEBUG org.asynchttpclient.netty.handler.HttpHandler - 

Request DefaultHttpRequest(decodeResult: success, version: HTTP/1.1)
POST /wd/hub/session/2669868d-c090-4572-9f7e-c29e28a4de4c/element/00000000-0000-067f-0000-002600000003/value HTTP/1.1
User-Agent: appium/8.3.0 (selenium/4.8.1 (java windows))
Content-Length: 82
Content-Type: application/json; charset=utf-8
host: 0.0.0.0:4723
accept: */*

Response DefaultHttpResponse(decodeResult: success, version: HTTP/1.1)
HTTP/1.1 200 OK
X-Powered-By: Express
Vary: X-HTTP-Method-Override
Content-Type: application/json; charset=utf-8
Content-Length: 14
ETag: W/"e-9/1BuKMgFObM1mWJm+YjxtXJnUM"
Date: Tue, 09 May 2023 15:19:09 GMT
Connection: keep-alive
Keep-Alive: timeout=600

22:19:09.536 [AsyncHttpClient-1-2] DEBUG org.asynchttpclient.netty.channel.ChannelManager - Adding key: http://0.0.0.0:4723 for channel [id: 0x0f502b57, L:/127.0.0.1:58549 - R:/127.0.0.1:4723]
22:19:09.538 [main] DEBUG net.thucydides.core.steps.StepInterceptor - STEP DONE: inputEmail
]]></system-out>
  </testcase>
  <testcase name="user input password valid for login feature" classname="user tidak bisa login karena tidak menginput email di field email" time="1.054">
    <system-out><![CDATA[22:19:09.552 [main] DEBUG net.thucydides.core.steps.StepInterceptor - STARTING STEP: LoginSteps.userInputPasswordValidForLoginFeature - inputPassword
22:19:09.557 [Forwarding findElement on session 2669868d-c090-4572-9f7e-c29e28a4de4c to remote] DEBUG org.asynchttpclient.netty.request.NettyRequestSender - Using pooled Channel '[id: 0x0f502b57, L:/127.0.0.1:58549 - R:/127.0.0.1:4723]' for 'POST' to 'http://0.0.0.0:4723/wd/hub/session/2669868d-c090-4572-9f7e-c29e28a4de4c/element'
22:19:09.557 [Forwarding findElement on session 2669868d-c090-4572-9f7e-c29e28a4de4c to remote] DEBUG org.asynchttpclient.netty.request.NettyRequestSender - Using open Channel [id: 0x0f502b57, L:/127.0.0.1:58549 - R:/127.0.0.1:4723] for POST '/wd/hub/session/2669868d-c090-4572-9f7e-c29e28a4de4c/element'
22:19:09.677 [AsyncHttpClient-1-2] DEBUG org.asynchttpclient.netty.handler.HttpHandler - 

Request DefaultHttpRequest(decodeResult: success, version: HTTP/1.1)
POST /wd/hub/session/2669868d-c090-4572-9f7e-c29e28a4de4c/element HTTP/1.1
User-Agent: appium/8.3.0 (selenium/4.8.1 (java windows))
Content-Length: 305
Content-Type: application/json; charset=utf-8
host: 0.0.0.0:4723
accept: */*

Response DefaultHttpResponse(decodeResult: success, version: HTTP/1.1)
HTTP/1.1 200 OK
X-Powered-By: Express
Vary: X-HTTP-Method-Override
Content-Type: application/json; charset=utf-8
Content-Length: 137
ETag: W/"89-XIccP22OW60qcf0/MogGuB23nvk"
Date: Tue, 09 May 2023 15:19:09 GMT
Connection: keep-alive
Keep-Alive: timeout=600

22:19:09.677 [AsyncHttpClient-1-2] DEBUG org.asynchttpclient.netty.channel.ChannelManager - Adding key: http://0.0.0.0:4723 for channel [id: 0x0f502b57, L:/127.0.0.1:58549 - R:/127.0.0.1:4723]
22:19:09.680 [Forwarding isElementDisplayed on session 2669868d-c090-4572-9f7e-c29e28a4de4c to remote] DEBUG org.asynchttpclient.netty.request.NettyRequestSender - Using pooled Channel '[id: 0x0f502b57, L:/127.0.0.1:58549 - R:/127.0.0.1:4723]' for 'GET' to 'http://0.0.0.0:4723/wd/hub/session/2669868d-c090-4572-9f7e-c29e28a4de4c/element/00000000-0000-067f-0000-002700000003/displayed'
22:19:09.680 [Forwarding isElementDisplayed on session 2669868d-c090-4572-9f7e-c29e28a4de4c to remote] DEBUG org.asynchttpclient.netty.request.NettyRequestSender - Using open Channel [id: 0x0f502b57, L:/127.0.0.1:58549 - R:/127.0.0.1:4723] for GET '/wd/hub/session/2669868d-c090-4572-9f7e-c29e28a4de4c/element/00000000-0000-067f-0000-002700000003/displayed'
22:19:09.726 [AsyncHttpClient-1-2] DEBUG org.asynchttpclient.netty.handler.HttpHandler - 

Request DefaultFullHttpRequest(decodeResult: success, version: HTTP/1.1, content: EmptyByteBufBE)
GET /wd/hub/session/2669868d-c090-4572-9f7e-c29e28a4de4c/element/00000000-0000-067f-0000-002700000003/displayed HTTP/1.1
User-Agent: appium/8.3.0 (selenium/4.8.1 (java windows))
Cache-Control: no-cache
Content-Type: application/json; charset=utf-8
host: 0.0.0.0:4723
accept: */*

Response DefaultHttpResponse(decodeResult: success, version: HTTP/1.1)
HTTP/1.1 200 OK
X-Powered-By: Express
Content-Type: application/json; charset=utf-8
Content-Length: 14
ETag: W/"e-2ZHvAWebNQpyjGZTg6uyV8/spTo"
Date: Tue, 09 May 2023 15:19:09 GMT
Connection: keep-alive
Keep-Alive: timeout=600

22:19:09.727 [AsyncHttpClient-1-2] DEBUG org.asynchttpclient.netty.channel.ChannelManager - Adding key: http://0.0.0.0:4723 for channel [id: 0x0f502b57, L:/127.0.0.1:58549 - R:/127.0.0.1:4723]
22:19:09.728 [Forwarding isElementEnabled on session 2669868d-c090-4572-9f7e-c29e28a4de4c to remote] DEBUG org.asynchttpclient.netty.request.NettyRequestSender - Using pooled Channel '[id: 0x0f502b57, L:/127.0.0.1:58549 - R:/127.0.0.1:4723]' for 'GET' to 'http://0.0.0.0:4723/wd/hub/session/2669868d-c090-4572-9f7e-c29e28a4de4c/element/00000000-0000-067f-0000-002700000003/enabled'
22:19:09.728 [Forwarding isElementEnabled on session 2669868d-c090-4572-9f7e-c29e28a4de4c to remote] DEBUG org.asynchttpclient.netty.request.NettyRequestSender - Using open Channel [id: 0x0f502b57, L:/127.0.0.1:58549 - R:/127.0.0.1:4723] for GET '/wd/hub/session/2669868d-c090-4572-9f7e-c29e28a4de4c/element/00000000-0000-067f-0000-002700000003/enabled'
22:19:09.778 [AsyncHttpClient-1-2] DEBUG org.asynchttpclient.netty.handler.HttpHandler - 

Request DefaultFullHttpRequest(decodeResult: success, version: HTTP/1.1, content: EmptyByteBufBE)
GET /wd/hub/session/2669868d-c090-4572-9f7e-c29e28a4de4c/element/00000000-0000-067f-0000-002700000003/enabled HTTP/1.1
User-Agent: appium/8.3.0 (selenium/4.8.1 (java windows))
Cache-Control: no-cache
Content-Type: application/json; charset=utf-8
host: 0.0.0.0:4723
accept: */*

Response DefaultHttpResponse(decodeResult: success, version: HTTP/1.1)
HTTP/1.1 200 OK
X-Powered-By: Express
Content-Type: application/json; charset=utf-8
Content-Length: 14
ETag: W/"e-2ZHvAWebNQpyjGZTg6uyV8/spTo"
Date: Tue, 09 May 2023 15:19:09 GMT
Connection: keep-alive
Keep-Alive: timeout=600

22:19:09.778 [AsyncHttpClient-1-2] DEBUG org.asynchttpclient.netty.channel.ChannelManager - Adding key: http://0.0.0.0:4723 for channel [id: 0x0f502b57, L:/127.0.0.1:58549 - R:/127.0.0.1:4723]
22:19:09.782 [Forwarding clickElement on session 2669868d-c090-4572-9f7e-c29e28a4de4c to remote] DEBUG org.asynchttpclient.netty.request.NettyRequestSender - Using pooled Channel '[id: 0x0f502b57, L:/127.0.0.1:58549 - R:/127.0.0.1:4723]' for 'POST' to 'http://0.0.0.0:4723/wd/hub/session/2669868d-c090-4572-9f7e-c29e28a4de4c/element/00000000-0000-067f-0000-002700000003/click'
22:19:09.783 [Forwarding clickElement on session 2669868d-c090-4572-9f7e-c29e28a4de4c to remote] DEBUG org.asynchttpclient.netty.request.NettyRequestSender - Using open Channel [id: 0x0f502b57, L:/127.0.0.1:58549 - R:/127.0.0.1:4723] for POST '/wd/hub/session/2669868d-c090-4572-9f7e-c29e28a4de4c/element/00000000-0000-067f-0000-002700000003/click'
22:19:09.842 [AsyncHttpClient-1-2] DEBUG org.asynchttpclient.netty.handler.HttpHandler - 

Request DefaultHttpRequest(decodeResult: success, version: HTTP/1.1)
POST /wd/hub/session/2669868d-c090-4572-9f7e-c29e28a4de4c/element/00000000-0000-067f-0000-002700000003/click HTTP/1.1
User-Agent: appium/8.3.0 (selenium/4.8.1 (java windows))
Content-Length: 50
Content-Type: application/json; charset=utf-8
host: 0.0.0.0:4723
accept: */*

Response DefaultHttpResponse(decodeResult: success, version: HTTP/1.1)
HTTP/1.1 200 OK
X-Powered-By: Express
Vary: X-HTTP-Method-Override
Content-Type: application/json; charset=utf-8
Content-Length: 14
ETag: W/"e-9/1BuKMgFObM1mWJm+YjxtXJnUM"
Date: Tue, 09 May 2023 15:19:09 GMT
Connection: keep-alive
Keep-Alive: timeout=600

22:19:09.844 [AsyncHttpClient-1-2] DEBUG org.asynchttpclient.netty.channel.ChannelManager - Adding key: http://0.0.0.0:4723 for channel [id: 0x0f502b57, L:/127.0.0.1:58549 - R:/127.0.0.1:4723]
22:19:09.854 [Forwarding findElement on session 2669868d-c090-4572-9f7e-c29e28a4de4c to remote] DEBUG org.asynchttpclient.netty.request.NettyRequestSender - Using pooled Channel '[id: 0x0f502b57, L:/127.0.0.1:58549 - R:/127.0.0.1:4723]' for 'POST' to 'http://0.0.0.0:4723/wd/hub/session/2669868d-c090-4572-9f7e-c29e28a4de4c/element'
22:19:09.855 [Forwarding findElement on session 2669868d-c090-4572-9f7e-c29e28a4de4c to remote] DEBUG org.asynchttpclient.netty.request.NettyRequestSender - Using open Channel [id: 0x0f502b57, L:/127.0.0.1:58549 - R:/127.0.0.1:4723] for POST '/wd/hub/session/2669868d-c090-4572-9f7e-c29e28a4de4c/element'
22:19:10.557 [AsyncHttpClient-1-2] DEBUG org.asynchttpclient.netty.handler.HttpHandler - 

Request DefaultHttpRequest(decodeResult: success, version: HTTP/1.1)
POST /wd/hub/session/2669868d-c090-4572-9f7e-c29e28a4de4c/element HTTP/1.1
User-Agent: appium/8.3.0 (selenium/4.8.1 (java windows))
Content-Length: 305
Content-Type: application/json; charset=utf-8
host: 0.0.0.0:4723
accept: */*

Response DefaultHttpResponse(decodeResult: success, version: HTTP/1.1)
HTTP/1.1 200 OK
X-Powered-By: Express
Vary: X-HTTP-Method-Override
Content-Type: application/json; charset=utf-8
Content-Length: 137
ETag: W/"89-XIccP22OW60qcf0/MogGuB23nvk"
Date: Tue, 09 May 2023 15:19:10 GMT
Connection: keep-alive
Keep-Alive: timeout=600

22:19:10.558 [AsyncHttpClient-1-2] DEBUG org.asynchttpclient.netty.channel.ChannelManager - Adding key: http://0.0.0.0:4723 for channel [id: 0x0f502b57, L:/127.0.0.1:58549 - R:/127.0.0.1:4723]
22:19:10.560 [Forwarding sendKeysToElement on session 2669868d-c090-4572-9f7e-c29e28a4de4c to remote] DEBUG org.asynchttpclient.netty.request.NettyRequestSender - Using pooled Channel '[id: 0x0f502b57, L:/127.0.0.1:58549 - R:/127.0.0.1:4723]' for 'POST' to 'http://0.0.0.0:4723/wd/hub/session/2669868d-c090-4572-9f7e-c29e28a4de4c/element/00000000-0000-067f-0000-002700000003/value'
22:19:10.560 [Forwarding sendKeysToElement on session 2669868d-c090-4572-9f7e-c29e28a4de4c to remote] DEBUG org.asynchttpclient.netty.request.NettyRequestSender - Using open Channel [id: 0x0f502b57, L:/127.0.0.1:58549 - R:/127.0.0.1:4723] for POST '/wd/hub/session/2669868d-c090-4572-9f7e-c29e28a4de4c/element/00000000-0000-067f-0000-002700000003/value'
22:19:10.596 [AsyncHttpClient-1-2] DEBUG org.asynchttpclient.netty.handler.HttpHandler - 

Request DefaultHttpRequest(decodeResult: success, version: HTTP/1.1)
POST /wd/hub/session/2669868d-c090-4572-9f7e-c29e28a4de4c/element/00000000-0000-067f-0000-002700000003/value HTTP/1.1
User-Agent: appium/8.3.0 (selenium/4.8.1 (java windows))
Content-Length: 111
Content-Type: application/json; charset=utf-8
host: 0.0.0.0:4723
accept: */*

Response DefaultHttpResponse(decodeResult: success, version: HTTP/1.1)
HTTP/1.1 200 OK
X-Powered-By: Express
Vary: X-HTTP-Method-Override
Content-Type: application/json; charset=utf-8
Content-Length: 14
ETag: W/"e-9/1BuKMgFObM1mWJm+YjxtXJnUM"
Date: Tue, 09 May 2023 15:19:10 GMT
Connection: keep-alive
Keep-Alive: timeout=600

22:19:10.596 [AsyncHttpClient-1-2] DEBUG org.asynchttpclient.netty.channel.ChannelManager - Adding key: http://0.0.0.0:4723 for channel [id: 0x0f502b57, L:/127.0.0.1:58549 - R:/127.0.0.1:4723]
22:19:10.598 [main] DEBUG net.thucydides.core.steps.StepInterceptor - STEP DONE: inputPassword
]]></system-out>
  </testcase>
  <testcase name="user click login button again for login feature" classname="user tidak bisa login karena tidak menginput email di field email" time="0.859">
    <system-out><![CDATA[22:19:10.618 [main] DEBUG net.thucydides.core.steps.StepInterceptor - STARTING STEP: LoginSteps.userClickLoginButtonAgainForLoginFeature - clickButtonLoginSecond
22:19:10.624 [Forwarding findElement on session 2669868d-c090-4572-9f7e-c29e28a4de4c to remote] DEBUG org.asynchttpclient.netty.request.NettyRequestSender - Using pooled Channel '[id: 0x0f502b57, L:/127.0.0.1:58549 - R:/127.0.0.1:4723]' for 'POST' to 'http://0.0.0.0:4723/wd/hub/session/2669868d-c090-4572-9f7e-c29e28a4de4c/element'
22:19:10.624 [Forwarding findElement on session 2669868d-c090-4572-9f7e-c29e28a4de4c to remote] DEBUG org.asynchttpclient.netty.request.NettyRequestSender - Using open Channel [id: 0x0f502b57, L:/127.0.0.1:58549 - R:/127.0.0.1:4723] for POST '/wd/hub/session/2669868d-c090-4572-9f7e-c29e28a4de4c/element'
22:19:11.349 [AsyncHttpClient-1-2] DEBUG org.asynchttpclient.netty.handler.HttpHandler - 

Request DefaultHttpRequest(decodeResult: success, version: HTTP/1.1)
POST /wd/hub/session/2669868d-c090-4572-9f7e-c29e28a4de4c/element HTTP/1.1
User-Agent: appium/8.3.0 (selenium/4.8.1 (java windows))
Content-Length: 95
Content-Type: application/json; charset=utf-8
host: 0.0.0.0:4723
accept: */*

Response DefaultHttpResponse(decodeResult: success, version: HTTP/1.1)
HTTP/1.1 200 OK
X-Powered-By: Express
Vary: X-HTTP-Method-Override
Content-Type: application/json; charset=utf-8
Content-Length: 137
ETag: W/"89-0YW4FVpOb3Cl9WNsgVvC0pSmcO4"
Date: Tue, 09 May 2023 15:19:11 GMT
Connection: keep-alive
Keep-Alive: timeout=600

22:19:11.349 [AsyncHttpClient-1-2] DEBUG org.asynchttpclient.netty.channel.ChannelManager - Adding key: http://0.0.0.0:4723 for channel [id: 0x0f502b57, L:/127.0.0.1:58549 - R:/127.0.0.1:4723]
22:19:11.352 [Forwarding isElementDisplayed on session 2669868d-c090-4572-9f7e-c29e28a4de4c to remote] DEBUG org.asynchttpclient.netty.request.NettyRequestSender - Using pooled Channel '[id: 0x0f502b57, L:/127.0.0.1:58549 - R:/127.0.0.1:4723]' for 'GET' to 'http://0.0.0.0:4723/wd/hub/session/2669868d-c090-4572-9f7e-c29e28a4de4c/element/00000000-0000-067f-0000-002800000003/displayed'
22:19:11.352 [Forwarding isElementDisplayed on session 2669868d-c090-4572-9f7e-c29e28a4de4c to remote] DEBUG org.asynchttpclient.netty.request.NettyRequestSender - Using open Channel [id: 0x0f502b57, L:/127.0.0.1:58549 - R:/127.0.0.1:4723] for GET '/wd/hub/session/2669868d-c090-4572-9f7e-c29e28a4de4c/element/00000000-0000-067f-0000-002800000003/displayed'
22:19:11.374 [AsyncHttpClient-1-2] DEBUG org.asynchttpclient.netty.handler.HttpHandler - 

Request DefaultFullHttpRequest(decodeResult: success, version: HTTP/1.1, content: EmptyByteBufBE)
GET /wd/hub/session/2669868d-c090-4572-9f7e-c29e28a4de4c/element/00000000-0000-067f-0000-002800000003/displayed HTTP/1.1
User-Agent: appium/8.3.0 (selenium/4.8.1 (java windows))
Cache-Control: no-cache
Content-Type: application/json; charset=utf-8
host: 0.0.0.0:4723
accept: */*

Response DefaultHttpResponse(decodeResult: success, version: HTTP/1.1)
HTTP/1.1 200 OK
X-Powered-By: Express
Content-Type: application/json; charset=utf-8
Content-Length: 14
ETag: W/"e-2ZHvAWebNQpyjGZTg6uyV8/spTo"
Date: Tue, 09 May 2023 15:19:11 GMT
Connection: keep-alive
Keep-Alive: timeout=600

22:19:11.374 [AsyncHttpClient-1-2] DEBUG org.asynchttpclient.netty.channel.ChannelManager - Adding key: http://0.0.0.0:4723 for channel [id: 0x0f502b57, L:/127.0.0.1:58549 - R:/127.0.0.1:4723]
22:19:11.376 [Forwarding isElementEnabled on session 2669868d-c090-4572-9f7e-c29e28a4de4c to remote] DEBUG org.asynchttpclient.netty.request.NettyRequestSender - Using pooled Channel '[id: 0x0f502b57, L:/127.0.0.1:58549 - R:/127.0.0.1:4723]' for 'GET' to 'http://0.0.0.0:4723/wd/hub/session/2669868d-c090-4572-9f7e-c29e28a4de4c/element/00000000-0000-067f-0000-002800000003/enabled'
22:19:11.376 [Forwarding isElementEnabled on session 2669868d-c090-4572-9f7e-c29e28a4de4c to remote] DEBUG org.asynchttpclient.netty.request.NettyRequestSender - Using open Channel [id: 0x0f502b57, L:/127.0.0.1:58549 - R:/127.0.0.1:4723] for GET '/wd/hub/session/2669868d-c090-4572-9f7e-c29e28a4de4c/element/00000000-0000-067f-0000-002800000003/enabled'
22:19:11.397 [AsyncHttpClient-1-2] DEBUG org.asynchttpclient.netty.handler.HttpHandler - 

Request DefaultFullHttpRequest(decodeResult: success, version: HTTP/1.1, content: EmptyByteBufBE)
GET /wd/hub/session/2669868d-c090-4572-9f7e-c29e28a4de4c/element/00000000-0000-067f-0000-002800000003/enabled HTTP/1.1
User-Agent: appium/8.3.0 (selenium/4.8.1 (java windows))
Cache-Control: no-cache
Content-Type: application/json; charset=utf-8
host: 0.0.0.0:4723
accept: */*

Response DefaultHttpResponse(decodeResult: success, version: HTTP/1.1)
HTTP/1.1 200 OK
X-Powered-By: Express
Content-Type: application/json; charset=utf-8
Content-Length: 14
ETag: W/"e-2ZHvAWebNQpyjGZTg6uyV8/spTo"
Date: Tue, 09 May 2023 15:19:11 GMT
Connection: keep-alive
Keep-Alive: timeout=600

22:19:11.398 [AsyncHttpClient-1-2] DEBUG org.asynchttpclient.netty.channel.ChannelManager - Adding key: http://0.0.0.0:4723 for channel [id: 0x0f502b57, L:/127.0.0.1:58549 - R:/127.0.0.1:4723]
22:19:11.400 [Forwarding clickElement on session 2669868d-c090-4572-9f7e-c29e28a4de4c to remote] DEBUG org.asynchttpclient.netty.request.NettyRequestSender - Using pooled Channel '[id: 0x0f502b57, L:/127.0.0.1:58549 - R:/127.0.0.1:4723]' for 'POST' to 'http://0.0.0.0:4723/wd/hub/session/2669868d-c090-4572-9f7e-c29e28a4de4c/element/00000000-0000-067f-0000-002800000003/click'
22:19:11.400 [Forwarding clickElement on session 2669868d-c090-4572-9f7e-c29e28a4de4c to remote] DEBUG org.asynchttpclient.netty.request.NettyRequestSender - Using open Channel [id: 0x0f502b57, L:/127.0.0.1:58549 - R:/127.0.0.1:4723] for POST '/wd/hub/session/2669868d-c090-4572-9f7e-c29e28a4de4c/element/00000000-0000-067f-0000-002800000003/click'
22:19:11.463 [AsyncHttpClient-1-2] DEBUG org.asynchttpclient.netty.handler.HttpHandler - 

Request DefaultHttpRequest(decodeResult: success, version: HTTP/1.1)
POST /wd/hub/session/2669868d-c090-4572-9f7e-c29e28a4de4c/element/00000000-0000-067f-0000-002800000003/click HTTP/1.1
User-Agent: appium/8.3.0 (selenium/4.8.1 (java windows))
Content-Length: 50
Content-Type: application/json; charset=utf-8
host: 0.0.0.0:4723
accept: */*

Response DefaultHttpResponse(decodeResult: success, version: HTTP/1.1)
HTTP/1.1 200 OK
X-Powered-By: Express
Vary: X-HTTP-Method-Override
Content-Type: application/json; charset=utf-8
Content-Length: 14
ETag: W/"e-9/1BuKMgFObM1mWJm+YjxtXJnUM"
Date: Tue, 09 May 2023 15:19:11 GMT
Connection: keep-alive
Keep-Alive: timeout=600

22:19:11.463 [AsyncHttpClient-1-2] DEBUG org.asynchttpclient.netty.channel.ChannelManager - Adding key: http://0.0.0.0:4723 for channel [id: 0x0f502b57, L:/127.0.0.1:58549 - R:/127.0.0.1:4723]
22:19:11.464 [main] DEBUG net.thucydides.core.steps.StepInterceptor - STEP DONE: clickButtonLoginSecond
]]></system-out>
  </testcase>
  <testcase name="user see error message email required &quot;Email can not empty&quot;" classname="user tidak bisa login karena tidak menginput email di field email" time="0.661">
    <system-out><![CDATA[22:19:11.473 [main] DEBUG net.thucydides.core.steps.StepInterceptor - STARTING STEP: LoginSteps.userSeeErrorMessageEmailRequired - getMessageEmailEmpty
22:19:11.475 [Forwarding findElement on session 2669868d-c090-4572-9f7e-c29e28a4de4c to remote] DEBUG org.asynchttpclient.netty.request.NettyRequestSender - Using pooled Channel '[id: 0x0f502b57, L:/127.0.0.1:58549 - R:/127.0.0.1:4723]' for 'POST' to 'http://0.0.0.0:4723/wd/hub/session/2669868d-c090-4572-9f7e-c29e28a4de4c/element'
22:19:11.475 [Forwarding findElement on session 2669868d-c090-4572-9f7e-c29e28a4de4c to remote] DEBUG org.asynchttpclient.netty.request.NettyRequestSender - Using open Channel [id: 0x0f502b57, L:/127.0.0.1:58549 - R:/127.0.0.1:4723] for POST '/wd/hub/session/2669868d-c090-4572-9f7e-c29e28a4de4c/element'
22:19:12.054 [AsyncHttpClient-1-2] DEBUG org.asynchttpclient.netty.handler.HttpHandler - 

Request DefaultHttpRequest(decodeResult: success, version: HTTP/1.1)
POST /wd/hub/session/2669868d-c090-4572-9f7e-c29e28a4de4c/element HTTP/1.1
User-Agent: appium/8.3.0 (selenium/4.8.1 (java windows))
Content-Length: 105
Content-Type: application/json; charset=utf-8
host: 0.0.0.0:4723
accept: */*

Response DefaultHttpResponse(decodeResult: success, version: HTTP/1.1)
HTTP/1.1 200 OK
X-Powered-By: Express
Vary: X-HTTP-Method-Override
Content-Type: application/json; charset=utf-8
Content-Length: 137
ETag: W/"89-euQZwo17y3yTJs1Re+ypKlmNOI8"
Date: Tue, 09 May 2023 15:19:12 GMT
Connection: keep-alive
Keep-Alive: timeout=600

22:19:12.055 [AsyncHttpClient-1-2] DEBUG org.asynchttpclient.netty.channel.ChannelManager - Adding key: http://0.0.0.0:4723 for channel [id: 0x0f502b57, L:/127.0.0.1:58549 - R:/127.0.0.1:4723]
22:19:12.058 [Forwarding isElementDisplayed on session 2669868d-c090-4572-9f7e-c29e28a4de4c to remote] DEBUG org.asynchttpclient.netty.request.NettyRequestSender - Using pooled Channel '[id: 0x0f502b57, L:/127.0.0.1:58549 - R:/127.0.0.1:4723]' for 'GET' to 'http://0.0.0.0:4723/wd/hub/session/2669868d-c090-4572-9f7e-c29e28a4de4c/element/00000000-0000-067f-0000-002e00000003/displayed'
22:19:12.059 [Forwarding isElementDisplayed on session 2669868d-c090-4572-9f7e-c29e28a4de4c to remote] DEBUG org.asynchttpclient.netty.request.NettyRequestSender - Using open Channel [id: 0x0f502b57, L:/127.0.0.1:58549 - R:/127.0.0.1:4723] for GET '/wd/hub/session/2669868d-c090-4572-9f7e-c29e28a4de4c/element/00000000-0000-067f-0000-002e00000003/displayed'
22:19:12.094 [AsyncHttpClient-1-2] DEBUG org.asynchttpclient.netty.handler.HttpHandler - 

Request DefaultFullHttpRequest(decodeResult: success, version: HTTP/1.1, content: EmptyByteBufBE)
GET /wd/hub/session/2669868d-c090-4572-9f7e-c29e28a4de4c/element/00000000-0000-067f-0000-002e00000003/displayed HTTP/1.1
User-Agent: appium/8.3.0 (selenium/4.8.1 (java windows))
Cache-Control: no-cache
Content-Type: application/json; charset=utf-8
host: 0.0.0.0:4723
accept: */*

Response DefaultHttpResponse(decodeResult: success, version: HTTP/1.1)
HTTP/1.1 200 OK
X-Powered-By: Express
Content-Type: application/json; charset=utf-8
Content-Length: 14
ETag: W/"e-2ZHvAWebNQpyjGZTg6uyV8/spTo"
Date: Tue, 09 May 2023 15:19:12 GMT
Connection: keep-alive
Keep-Alive: timeout=600

22:19:12.094 [AsyncHttpClient-1-2] DEBUG org.asynchttpclient.netty.channel.ChannelManager - Adding key: http://0.0.0.0:4723 for channel [id: 0x0f502b57, L:/127.0.0.1:58549 - R:/127.0.0.1:4723]
22:19:12.096 [Forwarding getElementText on session 2669868d-c090-4572-9f7e-c29e28a4de4c to remote] DEBUG org.asynchttpclient.netty.request.NettyRequestSender - Using pooled Channel '[id: 0x0f502b57, L:/127.0.0.1:58549 - R:/127.0.0.1:4723]' for 'GET' to 'http://0.0.0.0:4723/wd/hub/session/2669868d-c090-4572-9f7e-c29e28a4de4c/element/00000000-0000-067f-0000-002e00000003/text'
22:19:12.097 [Forwarding getElementText on session 2669868d-c090-4572-9f7e-c29e28a4de4c to remote] DEBUG org.asynchttpclient.netty.request.NettyRequestSender - Using open Channel [id: 0x0f502b57, L:/127.0.0.1:58549 - R:/127.0.0.1:4723] for GET '/wd/hub/session/2669868d-c090-4572-9f7e-c29e28a4de4c/element/00000000-0000-067f-0000-002e00000003/text'
22:19:12.128 [AsyncHttpClient-1-2] DEBUG org.asynchttpclient.netty.handler.HttpHandler - 

Request DefaultFullHttpRequest(decodeResult: success, version: HTTP/1.1, content: EmptyByteBufBE)
GET /wd/hub/session/2669868d-c090-4572-9f7e-c29e28a4de4c/element/00000000-0000-067f-0000-002e00000003/text HTTP/1.1
User-Agent: appium/8.3.0 (selenium/4.8.1 (java windows))
Cache-Control: no-cache
Content-Type: application/json; charset=utf-8
host: 0.0.0.0:4723
accept: */*

Response DefaultHttpResponse(decodeResult: success, version: HTTP/1.1)
HTTP/1.1 200 OK
X-Powered-By: Express
Content-Type: application/json; charset=utf-8
Content-Length: 63
ETag: W/"3f-mTD1tM1j6EESX+jcgh6aox7/imY"
Date: Tue, 09 May 2023 15:19:12 GMT
Connection: keep-alive
Keep-Alive: timeout=600

22:19:12.129 [AsyncHttpClient-1-2] DEBUG org.asynchttpclient.netty.channel.ChannelManager - Adding key: http://0.0.0.0:4723 for channel [id: 0x0f502b57, L:/127.0.0.1:58549 - R:/127.0.0.1:4723]
22:19:12.130 [main] DEBUG net.thucydides.core.steps.StepInterceptor - STEP DONE: getMessageEmailEmpty
]]></system-out>
  </testcase>
  <testcase name="user on homepage AltaShop for login feature" classname="user tidak bisa login karena tidak menginput password di field password" time="29.851">
    <error type="org.openqa.selenium.SessionNotCreatedException"><![CDATA[org.openqa.selenium.SessionNotCreatedException: 
Could not start a new session. Response code 500. Message: An unknown server-side error occurred while processing the command. Original error: Cannot start the 'com.example.frontend_mobile' application. Visit https://github.com/appium/appium/blob/master/docs/en/writing-running-appium/android/activity-startup.md for troubleshooting. Original error: 'com.example.frontend_mobile.MainActivity' or 'com.example.frontend_mobile.com.example.frontend_mobile.MainActivity' never started. Visit https://github.com/appium/appium/blob/master/docs/en/writing-running-appium/android/activity-startup.md for troubleshooting 
Host info: host: 'LAPTOP-3SCUQ2RD', ip: '192.168.1.9'
Build info: version: '4.8.1', revision: '8ebccac989'
System info: os.name: 'Windows 11', os.arch: 'amd64', os.version: '10.0', java.version: '19.0.2'
Driver info: io.appium.java_client.android.AndroidDriver
Command: [null, newSession {capabilities=[{appium:app=C:\Users\HP\Downloads\Mini-Project-QA\ALTASHOP MOBILE AUTOMATION\app/app-release.apk, appium:automationName=UiAutomator2, platformName=ANDROID, appium:platformVersion=13.0}], desiredCapabilities=Capabilities {app: C:\Users\HP\Downloads\Mini-..., automationName: UiAutomator2, platformName: ANDROID, platformVersion: 13.0}}]
Capabilities {app: C:\Users\HP\Downloads\Mini-..., automationName: UiAutomator2, platformName: ANDROID, platformVersion: 13.0}
]]></error>
    <system-out><![CDATA[22:19:12.141 [main] INFO  - 
  _____   ___   ___   _____     ___     _     ___   ___   ___   ___  
 |_   _| | __| / __| |_   _|   | _ \   /_\   / __| / __| | __| |   \ 
   | |   | _|  \__ \   | |     |  _/  / _ \  \__ \ \__ \ | _|  | |) |
   |_|   |___| |___/   |_|     |_|   /_/ \_\ |___/ |___/ |___| |___/ 

user tidak bisa login karena tidak menginput email di field email
----------------------------------------------------------------------
22:19:12.157 [main] DEBUG io.cucumber.core.plugin.SerenityReporter - Running feature from file:///C:/Users/HP/Downloads/Mini-Project-QA/ALTASHOP%20MOBILE%20AUTOMATION/src/test/resources/features/1.%20Login.feature
22:19:12.163 [main] INFO  - 
  _____   ___   ___   _____     ___   _____     _     ___   _____   ___   ___  
 |_   _| | __| / __| |_   _|   / __| |_   _|   /_\   | _ \ |_   _| | __| |   \ 
   | |   | _|  \__ \   | |     \__ \   | |    / _ \  |   /   | |   | _|  | |) |
   |_|   |___| |___/   |_|     |___/   |_|   /_/ \_\ |_|_\   |_|   |___| |___/ 

user tidak bisa login karena tidak menginput password di field password(login;user-tidak-bisa-login-karena-tidak-menginput-password-di-field-password)
--------------------------------------------------------------------------------
22:19:12.165 [AsyncHttpClient-1-1] DEBUG org.asynchttpclient.netty.channel.DefaultChannelPool - Entry count for : http://0.0.0.0:4723 : 1
22:19:12.190 [main] DEBUG net.thucydides.core.steps.StepInterceptor - STARTING STEP: LoginSteps.userOnHomepageAltaShopForLoginFeature - onHomepageAltaShop
22:19:12.200 [Forwarding newSession on session null to remote] DEBUG org.asynchttpclient.netty.request.NettyRequestSender - Using pooled Channel '[id: 0x0f502b57, L:/127.0.0.1:58549 - R:/127.0.0.1:4723]' for 'POST' to 'http://0.0.0.0:4723/wd/hub/session'
22:19:12.200 [Forwarding newSession on session null to remote] DEBUG org.asynchttpclient.netty.request.NettyRequestSender - Using open Channel [id: 0x0f502b57, L:/127.0.0.1:58549 - R:/127.0.0.1:4723] for POST '/wd/hub/session'
22:19:41.888 [AsyncHttpClient-1-2] DEBUG org.asynchttpclient.netty.handler.HttpHandler - 

Request DefaultHttpRequest(decodeResult: success, version: HTTP/1.1)
POST /wd/hub/session HTTP/1.1
X-Idempotency-Key: 4b39c35c-3c0c-4c63-9fe4-4dc0481ad58e
User-Agent: appium/8.3.0 (selenium/4.8.1 (java windows))
Content-Length: 335
Content-Type: application/json; charset=utf-8
host: 0.0.0.0:4723
accept: */*

Response DefaultHttpResponse(decodeResult: success, version: HTTP/1.1)
HTTP/1.1 500 Internal Server Error
X-Powered-By: Express
Vary: X-HTTP-Method-Override
Content-Type: application/json; charset=utf-8
Content-Length: 1491
ETag: W/"5d3-ZRkqCgL77p98e/T8qQ+LmZmTMT0"
Date: Tue, 09 May 2023 15:19:41 GMT
Connection: keep-alive
Keep-Alive: timeout=600

22:19:41.889 [AsyncHttpClient-1-2] DEBUG org.asynchttpclient.netty.channel.ChannelManager - Adding key: http://0.0.0.0:4723 for channel [id: 0x0f502b57, L:/127.0.0.1:58549 - R:/127.0.0.1:4723]
]]></system-out>
  </testcase>
  <testcase name="user click login button for login feature" classname="user tidak bisa login karena tidak menginput password di field password" time="0">
    <skipped type="io.cucumber.junit.SkippedThrowable"><![CDATA[io.cucumber.junit.SkippedThrowable: This step is skipped
]]></skipped>
  </testcase>
  <testcase name="user input email valid for login feature" classname="user tidak bisa login karena tidak menginput password di field password" time="0">
    <skipped type="io.cucumber.junit.SkippedThrowable"><![CDATA[io.cucumber.junit.SkippedThrowable: This step is skipped
]]></skipped>
  </testcase>
  <testcase name="user does not input password for login feature" classname="user tidak bisa login karena tidak menginput password di field password" time="0">
    <skipped type="io.cucumber.junit.SkippedThrowable"><![CDATA[io.cucumber.junit.SkippedThrowable: This step is skipped
]]></skipped>
  </testcase>
  <testcase name="user click login button again for login feature" classname="user tidak bisa login karena tidak menginput password di field password" time="0">
    <skipped type="io.cucumber.junit.SkippedThrowable"><![CDATA[io.cucumber.junit.SkippedThrowable: This step is skipped
]]></skipped>
  </testcase>
  <testcase name="user see error message password required &quot;Password can not empty&quot;" classname="user tidak bisa login karena tidak menginput password di field password" time="0">
    <skipped type="io.cucumber.junit.SkippedThrowable"><![CDATA[io.cucumber.junit.SkippedThrowable: This step is skipped
]]></skipped>
  </testcase>
  <testcase name="user tidak bisa login karena tidak menginput password di field password" classname="login" time="0.013">
    <error type="org.openqa.selenium.SessionNotCreatedException"><![CDATA[org.openqa.selenium.SessionNotCreatedException: 
Could not start a new session. Response code 500. Message: An unknown server-side error occurred while processing the command. Original error: Cannot start the 'com.example.frontend_mobile' application. Visit https://github.com/appium/appium/blob/master/docs/en/writing-running-appium/android/activity-startup.md for troubleshooting. Original error: 'com.example.frontend_mobile.MainActivity' or 'com.example.frontend_mobile.com.example.frontend_mobile.MainActivity' never started. Visit https://github.com/appium/appium/blob/master/docs/en/writing-running-appium/android/activity-startup.md for troubleshooting 
Host info: host: 'LAPTOP-3SCUQ2RD', ip: '192.168.1.9'
Build info: version: '4.8.1', revision: '8ebccac989'
System info: os.name: 'Windows 11', os.arch: 'amd64', os.version: '10.0', java.version: '19.0.2'
Driver info: io.appium.java_client.android.AndroidDriver
Command: [null, newSession {capabilities=[{appium:app=C:\Users\HP\Downloads\Mini-Project-QA\ALTASHOP MOBILE AUTOMATION\app/app-release.apk, appium:automationName=UiAutomator2, platformName=ANDROID, appium:platformVersion=13.0}], desiredCapabilities=Capabilities {app: C:\Users\HP\Downloads\Mini-..., automationName: UiAutomator2, platformName: ANDROID, platformVersion: 13.0}}]
Capabilities {app: C:\Users\HP\Downloads\Mini-..., automationName: UiAutomator2, platformName: ANDROID, platformVersion: 13.0}
]]></error>
  </testcase>
  <testcase name="user tidak bisa login karena tidak menginput password di field password" classname="login" time="0.137">
    <error type="org.openqa.selenium.SessionNotCreatedException"><![CDATA[org.openqa.selenium.SessionNotCreatedException: 
Could not start a new session. Response code 500. Message: An unknown server-side error occurred while processing the command. Original error: Cannot start the 'com.example.frontend_mobile' application. Visit https://github.com/appium/appium/blob/master/docs/en/writing-running-appium/android/activity-startup.md for troubleshooting. Original error: 'com.example.frontend_mobile.MainActivity' or 'com.example.frontend_mobile.com.example.frontend_mobile.MainActivity' never started. Visit https://github.com/appium/appium/blob/master/docs/en/writing-running-appium/android/activity-startup.md for troubleshooting 
Host info: host: 'LAPTOP-3SCUQ2RD', ip: '192.168.1.9'
Build info: version: '4.8.1', revision: '8ebccac989'
System info: os.name: 'Windows 11', os.arch: 'amd64', os.version: '10.0', java.version: '19.0.2'
Driver info: io.appium.java_client.android.AndroidDriver
Command: [null, newSession {capabilities=[{appium:app=C:\Users\HP\Downloads\Mini-Project-QA\ALTASHOP MOBILE AUTOMATION\app/app-release.apk, appium:automationName=UiAutomator2, platformName=ANDROID, appium:platformVersion=13.0}], desiredCapabilities=Capabilities {app: C:\Users\HP\Downloads\Mini-..., automationName: UiAutomator2, platformName: ANDROID, platformVersion: 13.0}}]
Capabilities {app: C:\Users\HP\Downloads\Mini-..., automationName: UiAutomator2, platformName: ANDROID, platformVersion: 13.0}
]]></error>
    <system-out><![CDATA[22:19:42.135 [main] ERROR  - 
  _____   ___   ___   _____     ___   ___   ___    ___    ___ 
 |_   _| | __| / __| |_   _|   | __| | _ \ | _ \  / _ \  | _ \
   | |   | _|  \__ \   | |     | _|  |   / |   / | (_) | |   /
   |_|   |___| |___/   |_|     |___| |_|_\ |_|_\  \___/  |_|_\

user tidak bisa login karena tidak menginput password di field password
---------------------------------------------------------------
22:19:42.139 [main] DEBUG  - RELATED ISSUES: 
22:19:42.246 [main] ERROR  -     Test failed at step: On homepage alta shop
22:19:42.247 [main] ERROR  -     Could not start a new session. Response code 500. Message: An unknown server-side error occurred while processing the command. Original error: Cannot start the 'com.example.frontend_mobile' application. Visit https://github.com/appium/appium/blob/master/docs/en/writing-running-appium/android/activity-startup.md for troubleshooting. Original error: 'com.example.frontend_mobile.MainActivity' or 'com.example.frontend_mobile.com.example.frontend_mobile.MainActivity' never started. Visit https://github.com/appium/appium/blob/master/docs/en/writing-running-appium/android/activity-startup.md for troubleshooting 
]]></system-out>
  </testcase>
  <testcase name="user on homepage AltaShop for register feature" classname="user tidak dapat register karena menggunakan email yang sudah terdaftar" time="9.109">
    <system-out><![CDATA[22:19:42.258 [main] DEBUG io.cucumber.core.plugin.SerenityReporter - Running feature from file:///C:/Users/HP/Downloads/Mini-Project-QA/ALTASHOP%20MOBILE%20AUTOMATION/src/test/resources/features/2.%20Register.feature
22:19:42.264 [main] DEBUG net.thucydides.core.steps.StepEventBus - Test suite started for story net.thucydides.core.model.Story@83d3b3ef
22:19:42.265 [main] INFO  - Test Suite Started: Register
22:19:42.278 [main] DEBUG io.cucumber.core.plugin.SerenityReporter - Running feature from file:///C:/Users/HP/Downloads/Mini-Project-QA/ALTASHOP%20MOBILE%20AUTOMATION/src/test/resources/features/2.%20Register.feature
22:19:42.282 [main] INFO  - 
  _____   ___   ___   _____     ___   _____     _     ___   _____   ___   ___  
 |_   _| | __| / __| |_   _|   / __| |_   _|   /_\   | _ \ |_   _| | __| |   \ 
   | |   | _|  \__ \   | |     \__ \   | |    / _ \  |   /   | |   | _|  | |) |
   |_|   |___| |___/   |_|     |___/   |_|   /_/ \_\ |_|_\   |_|   |___| |___/ 

user tidak dapat register karena menggunakan email yang sudah terdaftar(register;user-tidak-dapat-register-karena-menggunakan-email-yang-sudah-terdaftar)
--------------------------------------------------------------------------------
22:19:42.366 [main] DEBUG net.thucydides.core.steps.StepInterceptor - STARTING STEP: RegisterSteps.userOnHomepageAltaShopForRegisterFeature - onHomepageAltaShop
22:19:42.375 [Forwarding newSession on session null to remote] DEBUG org.asynchttpclient.netty.request.NettyRequestSender - Using pooled Channel '[id: 0x0f502b57, L:/127.0.0.1:58549 - R:/127.0.0.1:4723]' for 'POST' to 'http://0.0.0.0:4723/wd/hub/session'
22:19:42.375 [Forwarding newSession on session null to remote] DEBUG org.asynchttpclient.netty.request.NettyRequestSender - Using open Channel [id: 0x0f502b57, L:/127.0.0.1:58549 - R:/127.0.0.1:4723] for POST '/wd/hub/session'
22:19:50.130 [AsyncHttpClient-1-2] DEBUG org.asynchttpclient.netty.handler.HttpHandler - 

Request DefaultHttpRequest(decodeResult: success, version: HTTP/1.1)
POST /wd/hub/session HTTP/1.1
X-Idempotency-Key: ccc99f70-4e59-4b27-b868-f6112374481c
User-Agent: appium/8.3.0 (selenium/4.8.1 (java windows))
Content-Length: 335
Content-Type: application/json; charset=utf-8
host: 0.0.0.0:4723
accept: */*

Response DefaultHttpResponse(decodeResult: success, version: HTTP/1.1)
HTTP/1.1 200 OK
X-Powered-By: Express
Vary: X-HTTP-Method-Override
Content-Type: application/json; charset=utf-8
Content-Length: 988
ETag: W/"3dc-5QBhKK9z4TVplCk9zu2RXUPoOek"
Date: Tue, 09 May 2023 15:19:50 GMT
Connection: keep-alive
Keep-Alive: timeout=600

22:19:50.131 [AsyncHttpClient-1-2] DEBUG org.asynchttpclient.netty.channel.ChannelManager - Adding key: http://0.0.0.0:4723 for channel [id: 0x0f502b57, L:/127.0.0.1:58549 - R:/127.0.0.1:4723]
22:19:50.144 [Forwarding setTimeout on session 07a1ddc0-3053-43b1-9710-623c73f63d7c to remote] DEBUG org.asynchttpclient.netty.request.NettyRequestSender - Using pooled Channel '[id: 0x0f502b57, L:/127.0.0.1:58549 - R:/127.0.0.1:4723]' for 'POST' to 'http://0.0.0.0:4723/wd/hub/session/07a1ddc0-3053-43b1-9710-623c73f63d7c/timeouts'
22:19:50.144 [Forwarding setTimeout on session 07a1ddc0-3053-43b1-9710-623c73f63d7c to remote] DEBUG org.asynchttpclient.netty.request.NettyRequestSender - Using open Channel [id: 0x0f502b57, L:/127.0.0.1:58549 - R:/127.0.0.1:4723] for POST '/wd/hub/session/07a1ddc0-3053-43b1-9710-623c73f63d7c/timeouts'
22:19:50.172 [AsyncHttpClient-1-2] DEBUG org.asynchttpclient.netty.handler.HttpHandler - 

Request DefaultHttpRequest(decodeResult: success, version: HTTP/1.1)
POST /wd/hub/session/07a1ddc0-3053-43b1-9710-623c73f63d7c/timeouts HTTP/1.1
User-Agent: appium/8.3.0 (selenium/4.8.1 (java windows))
Content-Length: 23
Content-Type: application/json; charset=utf-8
host: 0.0.0.0:4723
accept: */*

Response DefaultHttpResponse(decodeResult: success, version: HTTP/1.1)
HTTP/1.1 200 OK
X-Powered-By: Express
Vary: X-HTTP-Method-Override
Content-Type: application/json; charset=utf-8
Content-Length: 14
ETag: W/"e-9/1BuKMgFObM1mWJm+YjxtXJnUM"
Date: Tue, 09 May 2023 15:19:50 GMT
Connection: keep-alive
Keep-Alive: timeout=600

22:19:50.172 [AsyncHttpClient-1-2] DEBUG org.asynchttpclient.netty.channel.ChannelManager - Adding key: http://0.0.0.0:4723 for channel [id: 0x0f502b57, L:/127.0.0.1:58549 - R:/127.0.0.1:4723]
22:19:50.174 [Forwarding findElement on session 07a1ddc0-3053-43b1-9710-623c73f63d7c to remote] DEBUG org.asynchttpclient.netty.request.NettyRequestSender - Using pooled Channel '[id: 0x0f502b57, L:/127.0.0.1:58549 - R:/127.0.0.1:4723]' for 'POST' to 'http://0.0.0.0:4723/wd/hub/session/07a1ddc0-3053-43b1-9710-623c73f63d7c/element'
22:19:50.174 [Forwarding findElement on session 07a1ddc0-3053-43b1-9710-623c73f63d7c to remote] DEBUG org.asynchttpclient.netty.request.NettyRequestSender - Using open Channel [id: 0x0f502b57, L:/127.0.0.1:58549 - R:/127.0.0.1:4723] for POST '/wd/hub/session/07a1ddc0-3053-43b1-9710-623c73f63d7c/element'
22:19:51.327 [AsyncHttpClient-1-2] DEBUG org.asynchttpclient.netty.handler.HttpHandler - 

Request DefaultHttpRequest(decodeResult: success, version: HTTP/1.1)
POST /wd/hub/session/07a1ddc0-3053-43b1-9710-623c73f63d7c/element HTTP/1.1
User-Agent: appium/8.3.0 (selenium/4.8.1 (java windows))
Content-Length: 326
Content-Type: application/json; charset=utf-8
host: 0.0.0.0:4723
accept: */*

Response DefaultHttpResponse(decodeResult: success, version: HTTP/1.1)
HTTP/1.1 200 OK
X-Powered-By: Express
Vary: X-HTTP-Method-Override
Content-Type: application/json; charset=utf-8
Content-Length: 137
ETag: W/"89-YECj7DNIeBHXYdWMOk8ZkZiye0s"
Date: Tue, 09 May 2023 15:19:51 GMT
Connection: keep-alive
Keep-Alive: timeout=600

22:19:51.327 [AsyncHttpClient-1-2] DEBUG org.asynchttpclient.netty.channel.ChannelManager - Adding key: http://0.0.0.0:4723 for channel [id: 0x0f502b57, L:/127.0.0.1:58549 - R:/127.0.0.1:4723]
22:19:51.328 [Forwarding isElementDisplayed on session 07a1ddc0-3053-43b1-9710-623c73f63d7c to remote] DEBUG org.asynchttpclient.netty.request.NettyRequestSender - Using pooled Channel '[id: 0x0f502b57, L:/127.0.0.1:58549 - R:/127.0.0.1:4723]' for 'GET' to 'http://0.0.0.0:4723/wd/hub/session/07a1ddc0-3053-43b1-9710-623c73f63d7c/element/00000000-0000-069b-0000-000700000003/displayed'
22:19:51.328 [Forwarding isElementDisplayed on session 07a1ddc0-3053-43b1-9710-623c73f63d7c to remote] DEBUG org.asynchttpclient.netty.request.NettyRequestSender - Using open Channel [id: 0x0f502b57, L:/127.0.0.1:58549 - R:/127.0.0.1:4723] for GET '/wd/hub/session/07a1ddc0-3053-43b1-9710-623c73f63d7c/element/00000000-0000-069b-0000-000700000003/displayed'
22:19:51.361 [AsyncHttpClient-1-2] DEBUG org.asynchttpclient.netty.handler.HttpHandler - 

Request DefaultFullHttpRequest(decodeResult: success, version: HTTP/1.1, content: EmptyByteBufBE)
GET /wd/hub/session/07a1ddc0-3053-43b1-9710-623c73f63d7c/element/00000000-0000-069b-0000-000700000003/displayed HTTP/1.1
User-Agent: appium/8.3.0 (selenium/4.8.1 (java windows))
Cache-Control: no-cache
Content-Type: application/json; charset=utf-8
host: 0.0.0.0:4723
accept: */*

Response DefaultHttpResponse(decodeResult: success, version: HTTP/1.1)
HTTP/1.1 200 OK
X-Powered-By: Express
Content-Type: application/json; charset=utf-8
Content-Length: 14
ETag: W/"e-2ZHvAWebNQpyjGZTg6uyV8/spTo"
Date: Tue, 09 May 2023 15:19:51 GMT
Connection: keep-alive
Keep-Alive: timeout=600

22:19:51.361 [AsyncHttpClient-1-2] DEBUG org.asynchttpclient.netty.channel.ChannelManager - Adding key: http://0.0.0.0:4723 for channel [id: 0x0f502b57, L:/127.0.0.1:58549 - R:/127.0.0.1:4723]
22:19:51.364 [Forwarding isElementDisplayed on session 07a1ddc0-3053-43b1-9710-623c73f63d7c to remote] DEBUG org.asynchttpclient.netty.request.NettyRequestSender - Using pooled Channel '[id: 0x0f502b57, L:/127.0.0.1:58549 - R:/127.0.0.1:4723]' for 'GET' to 'http://0.0.0.0:4723/wd/hub/session/07a1ddc0-3053-43b1-9710-623c73f63d7c/element/00000000-0000-069b-0000-000700000003/displayed'
22:19:51.364 [Forwarding isElementDisplayed on session 07a1ddc0-3053-43b1-9710-623c73f63d7c to remote] DEBUG org.asynchttpclient.netty.request.NettyRequestSender - Using open Channel [id: 0x0f502b57, L:/127.0.0.1:58549 - R:/127.0.0.1:4723] for GET '/wd/hub/session/07a1ddc0-3053-43b1-9710-623c73f63d7c/element/00000000-0000-069b-0000-000700000003/displayed'
22:19:51.396 [AsyncHttpClient-1-2] DEBUG org.asynchttpclient.netty.handler.HttpHandler - 

Request DefaultFullHttpRequest(decodeResult: success, version: HTTP/1.1, content: EmptyByteBufBE)
GET /wd/hub/session/07a1ddc0-3053-43b1-9710-623c73f63d7c/element/00000000-0000-069b-0000-000700000003/displayed HTTP/1.1
User-Agent: appium/8.3.0 (selenium/4.8.1 (java windows))
Cache-Control: no-cache
Content-Type: application/json; charset=utf-8
host: 0.0.0.0:4723
accept: */*

Response DefaultHttpResponse(decodeResult: success, version: HTTP/1.1)
HTTP/1.1 200 OK
X-Powered-By: Express
Content-Type: application/json; charset=utf-8
Content-Length: 14
ETag: W/"e-2ZHvAWebNQpyjGZTg6uyV8/spTo"
Date: Tue, 09 May 2023 15:19:51 GMT
Connection: keep-alive
Keep-Alive: timeout=600

22:19:51.396 [AsyncHttpClient-1-2] DEBUG org.asynchttpclient.netty.channel.ChannelManager - Adding key: http://0.0.0.0:4723 for channel [id: 0x0f502b57, L:/127.0.0.1:58549 - R:/127.0.0.1:4723]
22:19:51.398 [main] DEBUG net.thucydides.core.steps.StepInterceptor - STEP DONE: onHomepageAltaShop
]]></system-out>
  </testcase>
  <testcase name="user click login button for register feature" classname="user tidak dapat register karena menggunakan email yang sudah terdaftar" time="1.047">
    <system-out><![CDATA[22:19:51.411 [main] DEBUG net.thucydides.core.steps.StepInterceptor - STARTING STEP: RegisterSteps.userClickLoginButtonForRegisterFeature - clickButtonLogin
22:19:51.416 [Forwarding findElement on session 07a1ddc0-3053-43b1-9710-623c73f63d7c to remote] DEBUG org.asynchttpclient.netty.request.NettyRequestSender - Using pooled Channel '[id: 0x0f502b57, L:/127.0.0.1:58549 - R:/127.0.0.1:4723]' for 'POST' to 'http://0.0.0.0:4723/wd/hub/session/07a1ddc0-3053-43b1-9710-623c73f63d7c/element'
22:19:51.416 [Forwarding findElement on session 07a1ddc0-3053-43b1-9710-623c73f63d7c to remote] DEBUG org.asynchttpclient.netty.request.NettyRequestSender - Using open Channel [id: 0x0f502b57, L:/127.0.0.1:58549 - R:/127.0.0.1:4723] for POST '/wd/hub/session/07a1ddc0-3053-43b1-9710-623c73f63d7c/element'
22:19:51.511 [AsyncHttpClient-1-2] DEBUG org.asynchttpclient.netty.handler.HttpHandler - 

Request DefaultHttpRequest(decodeResult: success, version: HTTP/1.1)
POST /wd/hub/session/07a1ddc0-3053-43b1-9710-623c73f63d7c/element HTTP/1.1
User-Agent: appium/8.3.0 (selenium/4.8.1 (java windows))
Content-Length: 326
Content-Type: application/json; charset=utf-8
host: 0.0.0.0:4723
accept: */*

Response DefaultHttpResponse(decodeResult: success, version: HTTP/1.1)
HTTP/1.1 200 OK
X-Powered-By: Express
Vary: X-HTTP-Method-Override
Content-Type: application/json; charset=utf-8
Content-Length: 137
ETag: W/"89-YECj7DNIeBHXYdWMOk8ZkZiye0s"
Date: Tue, 09 May 2023 15:19:51 GMT
Connection: keep-alive
Keep-Alive: timeout=600

22:19:51.511 [AsyncHttpClient-1-2] DEBUG org.asynchttpclient.netty.channel.ChannelManager - Adding key: http://0.0.0.0:4723 for channel [id: 0x0f502b57, L:/127.0.0.1:58549 - R:/127.0.0.1:4723]
22:19:51.513 [Forwarding isElementDisplayed on session 07a1ddc0-3053-43b1-9710-623c73f63d7c to remote] DEBUG org.asynchttpclient.netty.request.NettyRequestSender - Using pooled Channel '[id: 0x0f502b57, L:/127.0.0.1:58549 - R:/127.0.0.1:4723]' for 'GET' to 'http://0.0.0.0:4723/wd/hub/session/07a1ddc0-3053-43b1-9710-623c73f63d7c/element/00000000-0000-069b-0000-000700000003/displayed'
22:19:51.513 [Forwarding isElementDisplayed on session 07a1ddc0-3053-43b1-9710-623c73f63d7c to remote] DEBUG org.asynchttpclient.netty.request.NettyRequestSender - Using open Channel [id: 0x0f502b57, L:/127.0.0.1:58549 - R:/127.0.0.1:4723] for GET '/wd/hub/session/07a1ddc0-3053-43b1-9710-623c73f63d7c/element/00000000-0000-069b-0000-000700000003/displayed'
22:19:51.544 [AsyncHttpClient-1-2] DEBUG org.asynchttpclient.netty.handler.HttpHandler - 

Request DefaultFullHttpRequest(decodeResult: success, version: HTTP/1.1, content: EmptyByteBufBE)
GET /wd/hub/session/07a1ddc0-3053-43b1-9710-623c73f63d7c/element/00000000-0000-069b-0000-000700000003/displayed HTTP/1.1
User-Agent: appium/8.3.0 (selenium/4.8.1 (java windows))
Cache-Control: no-cache
Content-Type: application/json; charset=utf-8
host: 0.0.0.0:4723
accept: */*

Response DefaultHttpResponse(decodeResult: success, version: HTTP/1.1)
HTTP/1.1 200 OK
X-Powered-By: Express
Content-Type: application/json; charset=utf-8
Content-Length: 14
ETag: W/"e-2ZHvAWebNQpyjGZTg6uyV8/spTo"
Date: Tue, 09 May 2023 15:19:51 GMT
Connection: keep-alive
Keep-Alive: timeout=600

22:19:51.545 [AsyncHttpClient-1-2] DEBUG org.asynchttpclient.netty.channel.ChannelManager - Adding key: http://0.0.0.0:4723 for channel [id: 0x0f502b57, L:/127.0.0.1:58549 - R:/127.0.0.1:4723]
22:19:51.546 [Forwarding isElementEnabled on session 07a1ddc0-3053-43b1-9710-623c73f63d7c to remote] DEBUG org.asynchttpclient.netty.request.NettyRequestSender - Using pooled Channel '[id: 0x0f502b57, L:/127.0.0.1:58549 - R:/127.0.0.1:4723]' for 'GET' to 'http://0.0.0.0:4723/wd/hub/session/07a1ddc0-3053-43b1-9710-623c73f63d7c/element/00000000-0000-069b-0000-000700000003/enabled'
22:19:51.547 [Forwarding isElementEnabled on session 07a1ddc0-3053-43b1-9710-623c73f63d7c to remote] DEBUG org.asynchttpclient.netty.request.NettyRequestSender - Using open Channel [id: 0x0f502b57, L:/127.0.0.1:58549 - R:/127.0.0.1:4723] for GET '/wd/hub/session/07a1ddc0-3053-43b1-9710-623c73f63d7c/element/00000000-0000-069b-0000-000700000003/enabled'
22:19:51.580 [AsyncHttpClient-1-2] DEBUG org.asynchttpclient.netty.handler.HttpHandler - 

Request DefaultFullHttpRequest(decodeResult: success, version: HTTP/1.1, content: EmptyByteBufBE)
GET /wd/hub/session/07a1ddc0-3053-43b1-9710-623c73f63d7c/element/00000000-0000-069b-0000-000700000003/enabled HTTP/1.1
User-Agent: appium/8.3.0 (selenium/4.8.1 (java windows))
Cache-Control: no-cache
Content-Type: application/json; charset=utf-8
host: 0.0.0.0:4723
accept: */*

Response DefaultHttpResponse(decodeResult: success, version: HTTP/1.1)
HTTP/1.1 200 OK
X-Powered-By: Express
Content-Type: application/json; charset=utf-8
Content-Length: 14
ETag: W/"e-2ZHvAWebNQpyjGZTg6uyV8/spTo"
Date: Tue, 09 May 2023 15:19:51 GMT
Connection: keep-alive
Keep-Alive: timeout=600

22:19:51.580 [AsyncHttpClient-1-2] DEBUG org.asynchttpclient.netty.channel.ChannelManager - Adding key: http://0.0.0.0:4723 for channel [id: 0x0f502b57, L:/127.0.0.1:58549 - R:/127.0.0.1:4723]
22:19:51.583 [Forwarding clickElement on session 07a1ddc0-3053-43b1-9710-623c73f63d7c to remote] DEBUG org.asynchttpclient.netty.request.NettyRequestSender - Using pooled Channel '[id: 0x0f502b57, L:/127.0.0.1:58549 - R:/127.0.0.1:4723]' for 'POST' to 'http://0.0.0.0:4723/wd/hub/session/07a1ddc0-3053-43b1-9710-623c73f63d7c/element/00000000-0000-069b-0000-000700000003/click'
22:19:51.583 [Forwarding clickElement on session 07a1ddc0-3053-43b1-9710-623c73f63d7c to remote] DEBUG org.asynchttpclient.netty.request.NettyRequestSender - Using open Channel [id: 0x0f502b57, L:/127.0.0.1:58549 - R:/127.0.0.1:4723] for POST '/wd/hub/session/07a1ddc0-3053-43b1-9710-623c73f63d7c/element/00000000-0000-069b-0000-000700000003/click'
22:19:52.446 [AsyncHttpClient-1-2] DEBUG org.asynchttpclient.netty.handler.HttpHandler - 

Request DefaultHttpRequest(decodeResult: success, version: HTTP/1.1)
POST /wd/hub/session/07a1ddc0-3053-43b1-9710-623c73f63d7c/element/00000000-0000-069b-0000-000700000003/click HTTP/1.1
User-Agent: appium/8.3.0 (selenium/4.8.1 (java windows))
Content-Length: 50
Content-Type: application/json; charset=utf-8
host: 0.0.0.0:4723
accept: */*

Response DefaultHttpResponse(decodeResult: success, version: HTTP/1.1)
HTTP/1.1 200 OK
X-Powered-By: Express
Vary: X-HTTP-Method-Override
Content-Type: application/json; charset=utf-8
Content-Length: 14
ETag: W/"e-9/1BuKMgFObM1mWJm+YjxtXJnUM"
Date: Tue, 09 May 2023 15:19:52 GMT
Connection: keep-alive
Keep-Alive: timeout=600

22:19:52.447 [AsyncHttpClient-1-2] DEBUG org.asynchttpclient.netty.channel.ChannelManager - Adding key: http://0.0.0.0:4723 for channel [id: 0x0f502b57, L:/127.0.0.1:58549 - R:/127.0.0.1:4723]
22:19:52.448 [main] DEBUG net.thucydides.core.steps.StepInterceptor - STEP DONE: clickButtonLogin
]]></system-out>
  </testcase>
  <testcase name="user click link register for register feature" classname="user tidak dapat register karena menggunakan email yang sudah terdaftar" time="0.223">
    <system-out><![CDATA[22:19:52.464 [main] DEBUG net.thucydides.core.steps.StepInterceptor - STARTING STEP: RegisterSteps.userClickLinkRegisterForRegisterFeature - clickLinkRegister
22:19:52.468 [Forwarding findElement on session 07a1ddc0-3053-43b1-9710-623c73f63d7c to remote] DEBUG org.asynchttpclient.netty.request.NettyRequestSender - Using pooled Channel '[id: 0x0f502b57, L:/127.0.0.1:58549 - R:/127.0.0.1:4723]' for 'POST' to 'http://0.0.0.0:4723/wd/hub/session/07a1ddc0-3053-43b1-9710-623c73f63d7c/element'
22:19:52.468 [Forwarding findElement on session 07a1ddc0-3053-43b1-9710-623c73f63d7c to remote] DEBUG org.asynchttpclient.netty.request.NettyRequestSender - Using open Channel [id: 0x0f502b57, L:/127.0.0.1:58549 - R:/127.0.0.1:4723] for POST '/wd/hub/session/07a1ddc0-3053-43b1-9710-623c73f63d7c/element'
22:19:52.570 [AsyncHttpClient-1-2] DEBUG org.asynchttpclient.netty.handler.HttpHandler - 

Request DefaultHttpRequest(decodeResult: success, version: HTTP/1.1)
POST /wd/hub/session/07a1ddc0-3053-43b1-9710-623c73f63d7c/element HTTP/1.1
User-Agent: appium/8.3.0 (selenium/4.8.1 (java windows))
Content-Length: 98
Content-Type: application/json; charset=utf-8
host: 0.0.0.0:4723
accept: */*

Response DefaultHttpResponse(decodeResult: success, version: HTTP/1.1)
HTTP/1.1 200 OK
X-Powered-By: Express
Vary: X-HTTP-Method-Override
Content-Type: application/json; charset=utf-8
Content-Length: 137
ETag: W/"89-33oKE85KVmbxALsvs8yMB3qYSJM"
Date: Tue, 09 May 2023 15:19:52 GMT
Connection: keep-alive
Keep-Alive: timeout=600

22:19:52.571 [AsyncHttpClient-1-2] DEBUG org.asynchttpclient.netty.channel.ChannelManager - Adding key: http://0.0.0.0:4723 for channel [id: 0x0f502b57, L:/127.0.0.1:58549 - R:/127.0.0.1:4723]
22:19:52.572 [Forwarding isElementDisplayed on session 07a1ddc0-3053-43b1-9710-623c73f63d7c to remote] DEBUG org.asynchttpclient.netty.request.NettyRequestSender - Using pooled Channel '[id: 0x0f502b57, L:/127.0.0.1:58549 - R:/127.0.0.1:4723]' for 'GET' to 'http://0.0.0.0:4723/wd/hub/session/07a1ddc0-3053-43b1-9710-623c73f63d7c/element/00000000-0000-069b-0000-002a00000003/displayed'
22:19:52.572 [Forwarding isElementDisplayed on session 07a1ddc0-3053-43b1-9710-623c73f63d7c to remote] DEBUG org.asynchttpclient.netty.request.NettyRequestSender - Using open Channel [id: 0x0f502b57, L:/127.0.0.1:58549 - R:/127.0.0.1:4723] for GET '/wd/hub/session/07a1ddc0-3053-43b1-9710-623c73f63d7c/element/00000000-0000-069b-0000-002a00000003/displayed'
22:19:52.595 [AsyncHttpClient-1-2] DEBUG org.asynchttpclient.netty.handler.HttpHandler - 

Request DefaultFullHttpRequest(decodeResult: success, version: HTTP/1.1, content: EmptyByteBufBE)
GET /wd/hub/session/07a1ddc0-3053-43b1-9710-623c73f63d7c/element/00000000-0000-069b-0000-002a00000003/displayed HTTP/1.1
User-Agent: appium/8.3.0 (selenium/4.8.1 (java windows))
Cache-Control: no-cache
Content-Type: application/json; charset=utf-8
host: 0.0.0.0:4723
accept: */*

Response DefaultHttpResponse(decodeResult: success, version: HTTP/1.1)
HTTP/1.1 200 OK
X-Powered-By: Express
Content-Type: application/json; charset=utf-8
Content-Length: 14
ETag: W/"e-2ZHvAWebNQpyjGZTg6uyV8/spTo"
Date: Tue, 09 May 2023 15:19:52 GMT
Connection: keep-alive
Keep-Alive: timeout=600

22:19:52.595 [AsyncHttpClient-1-2] DEBUG org.asynchttpclient.netty.channel.ChannelManager - Adding key: http://0.0.0.0:4723 for channel [id: 0x0f502b57, L:/127.0.0.1:58549 - R:/127.0.0.1:4723]
22:19:52.596 [Forwarding isElementEnabled on session 07a1ddc0-3053-43b1-9710-623c73f63d7c to remote] DEBUG org.asynchttpclient.netty.request.NettyRequestSender - Using pooled Channel '[id: 0x0f502b57, L:/127.0.0.1:58549 - R:/127.0.0.1:4723]' for 'GET' to 'http://0.0.0.0:4723/wd/hub/session/07a1ddc0-3053-43b1-9710-623c73f63d7c/element/00000000-0000-069b-0000-002a00000003/enabled'
22:19:52.596 [Forwarding isElementEnabled on session 07a1ddc0-3053-43b1-9710-623c73f63d7c to remote] DEBUG org.asynchttpclient.netty.request.NettyRequestSender - Using open Channel [id: 0x0f502b57, L:/127.0.0.1:58549 - R:/127.0.0.1:4723] for GET '/wd/hub/session/07a1ddc0-3053-43b1-9710-623c73f63d7c/element/00000000-0000-069b-0000-002a00000003/enabled'
22:19:52.621 [AsyncHttpClient-1-2] DEBUG org.asynchttpclient.netty.handler.HttpHandler - 

Request DefaultFullHttpRequest(decodeResult: success, version: HTTP/1.1, content: EmptyByteBufBE)
GET /wd/hub/session/07a1ddc0-3053-43b1-9710-623c73f63d7c/element/00000000-0000-069b-0000-002a00000003/enabled HTTP/1.1
User-Agent: appium/8.3.0 (selenium/4.8.1 (java windows))
Cache-Control: no-cache
Content-Type: application/json; charset=utf-8
host: 0.0.0.0:4723
accept: */*

Response DefaultHttpResponse(decodeResult: success, version: HTTP/1.1)
HTTP/1.1 200 OK
X-Powered-By: Express
Content-Type: application/json; charset=utf-8
Content-Length: 14
ETag: W/"e-2ZHvAWebNQpyjGZTg6uyV8/spTo"
Date: Tue, 09 May 2023 15:19:52 GMT
Connection: keep-alive
Keep-Alive: timeout=600

22:19:52.621 [AsyncHttpClient-1-2] DEBUG org.asynchttpclient.netty.channel.ChannelManager - Adding key: http://0.0.0.0:4723 for channel [id: 0x0f502b57, L:/127.0.0.1:58549 - R:/127.0.0.1:4723]
22:19:52.623 [Forwarding clickElement on session 07a1ddc0-3053-43b1-9710-623c73f63d7c to remote] DEBUG org.asynchttpclient.netty.request.NettyRequestSender - Using pooled Channel '[id: 0x0f502b57, L:/127.0.0.1:58549 - R:/127.0.0.1:4723]' for 'POST' to 'http://0.0.0.0:4723/wd/hub/session/07a1ddc0-3053-43b1-9710-623c73f63d7c/element/00000000-0000-069b-0000-002a00000003/click'
22:19:52.623 [Forwarding clickElement on session 07a1ddc0-3053-43b1-9710-623c73f63d7c to remote] DEBUG org.asynchttpclient.netty.request.NettyRequestSender - Using open Channel [id: 0x0f502b57, L:/127.0.0.1:58549 - R:/127.0.0.1:4723] for POST '/wd/hub/session/07a1ddc0-3053-43b1-9710-623c73f63d7c/element/00000000-0000-069b-0000-002a00000003/click'
22:19:52.676 [AsyncHttpClient-1-2] DEBUG org.asynchttpclient.netty.handler.HttpHandler - 

Request DefaultHttpRequest(decodeResult: success, version: HTTP/1.1)
POST /wd/hub/session/07a1ddc0-3053-43b1-9710-623c73f63d7c/element/00000000-0000-069b-0000-002a00000003/click HTTP/1.1
User-Agent: appium/8.3.0 (selenium/4.8.1 (java windows))
Content-Length: 50
Content-Type: application/json; charset=utf-8
host: 0.0.0.0:4723
accept: */*

Response DefaultHttpResponse(decodeResult: success, version: HTTP/1.1)
HTTP/1.1 200 OK
X-Powered-By: Express
Vary: X-HTTP-Method-Override
Content-Type: application/json; charset=utf-8
Content-Length: 14
ETag: W/"e-9/1BuKMgFObM1mWJm+YjxtXJnUM"
Date: Tue, 09 May 2023 15:19:52 GMT
Connection: keep-alive
Keep-Alive: timeout=600

22:19:52.677 [AsyncHttpClient-1-2] DEBUG org.asynchttpclient.netty.channel.ChannelManager - Adding key: http://0.0.0.0:4723 for channel [id: 0x0f502b57, L:/127.0.0.1:58549 - R:/127.0.0.1:4723]
22:19:52.678 [main] DEBUG net.thucydides.core.steps.StepInterceptor - STEP DONE: clickLinkRegister
]]></system-out>
  </testcase>
  <testcase name="user input fullname for register feature" classname="user tidak dapat register karena menggunakan email yang sudah terdaftar" time="2.894">
    <system-out><![CDATA[22:19:52.693 [main] DEBUG net.thucydides.core.steps.StepInterceptor - STARTING STEP: RegisterSteps.userInputFullnameForRegisterFeature - inputFullname
22:19:52.697 [Forwarding findElement on session 07a1ddc0-3053-43b1-9710-623c73f63d7c to remote] DEBUG org.asynchttpclient.netty.request.NettyRequestSender - Using pooled Channel '[id: 0x0f502b57, L:/127.0.0.1:58549 - R:/127.0.0.1:4723]' for 'POST' to 'http://0.0.0.0:4723/wd/hub/session/07a1ddc0-3053-43b1-9710-623c73f63d7c/element'
22:19:52.698 [Forwarding findElement on session 07a1ddc0-3053-43b1-9710-623c73f63d7c to remote] DEBUG org.asynchttpclient.netty.request.NettyRequestSender - Using open Channel [id: 0x0f502b57, L:/127.0.0.1:58549 - R:/127.0.0.1:4723] for POST '/wd/hub/session/07a1ddc0-3053-43b1-9710-623c73f63d7c/element'
22:19:53.547 [AsyncHttpClient-1-2] DEBUG org.asynchttpclient.netty.handler.HttpHandler - 

Request DefaultHttpRequest(decodeResult: success, version: HTTP/1.1)
POST /wd/hub/session/07a1ddc0-3053-43b1-9710-623c73f63d7c/element HTTP/1.1
User-Agent: appium/8.3.0 (selenium/4.8.1 (java windows))
Content-Length: 305
Content-Type: application/json; charset=utf-8
host: 0.0.0.0:4723
accept: */*

Response DefaultHttpResponse(decodeResult: success, version: HTTP/1.1)
HTTP/1.1 200 OK
X-Powered-By: Express
Vary: X-HTTP-Method-Override
Content-Type: application/json; charset=utf-8
Content-Length: 137
ETag: W/"89-iFWN0TT8+7YD06X22TCJK9Qh1AQ"
Date: Tue, 09 May 2023 15:19:53 GMT
Connection: keep-alive
Keep-Alive: timeout=600

22:19:53.547 [AsyncHttpClient-1-2] DEBUG org.asynchttpclient.netty.channel.ChannelManager - Adding key: http://0.0.0.0:4723 for channel [id: 0x0f502b57, L:/127.0.0.1:58549 - R:/127.0.0.1:4723]
22:19:53.550 [Forwarding isElementDisplayed on session 07a1ddc0-3053-43b1-9710-623c73f63d7c to remote] DEBUG org.asynchttpclient.netty.request.NettyRequestSender - Using pooled Channel '[id: 0x0f502b57, L:/127.0.0.1:58549 - R:/127.0.0.1:4723]' for 'GET' to 'http://0.0.0.0:4723/wd/hub/session/07a1ddc0-3053-43b1-9710-623c73f63d7c/element/00000000-0000-069b-0000-003000000003/displayed'
22:19:53.550 [Forwarding isElementDisplayed on session 07a1ddc0-3053-43b1-9710-623c73f63d7c to remote] DEBUG org.asynchttpclient.netty.request.NettyRequestSender - Using open Channel [id: 0x0f502b57, L:/127.0.0.1:58549 - R:/127.0.0.1:4723] for GET '/wd/hub/session/07a1ddc0-3053-43b1-9710-623c73f63d7c/element/00000000-0000-069b-0000-003000000003/displayed'
22:19:53.590 [AsyncHttpClient-1-2] DEBUG org.asynchttpclient.netty.handler.HttpHandler - 

Request DefaultFullHttpRequest(decodeResult: success, version: HTTP/1.1, content: EmptyByteBufBE)
GET /wd/hub/session/07a1ddc0-3053-43b1-9710-623c73f63d7c/element/00000000-0000-069b-0000-003000000003/displayed HTTP/1.1
User-Agent: appium/8.3.0 (selenium/4.8.1 (java windows))
Cache-Control: no-cache
Content-Type: application/json; charset=utf-8
host: 0.0.0.0:4723
accept: */*

Response DefaultHttpResponse(decodeResult: success, version: HTTP/1.1)
HTTP/1.1 200 OK
X-Powered-By: Express
Content-Type: application/json; charset=utf-8
Content-Length: 14
ETag: W/"e-2ZHvAWebNQpyjGZTg6uyV8/spTo"
Date: Tue, 09 May 2023 15:19:53 GMT
Connection: keep-alive
Keep-Alive: timeout=600

22:19:53.590 [AsyncHttpClient-1-2] DEBUG org.asynchttpclient.netty.channel.ChannelManager - Adding key: http://0.0.0.0:4723 for channel [id: 0x0f502b57, L:/127.0.0.1:58549 - R:/127.0.0.1:4723]
22:19:53.590 [Forwarding isElementEnabled on session 07a1ddc0-3053-43b1-9710-623c73f63d7c to remote] DEBUG org.asynchttpclient.netty.request.NettyRequestSender - Using pooled Channel '[id: 0x0f502b57, L:/127.0.0.1:58549 - R:/127.0.0.1:4723]' for 'GET' to 'http://0.0.0.0:4723/wd/hub/session/07a1ddc0-3053-43b1-9710-623c73f63d7c/element/00000000-0000-069b-0000-003000000003/enabled'
22:19:53.591 [Forwarding isElementEnabled on session 07a1ddc0-3053-43b1-9710-623c73f63d7c to remote] DEBUG org.asynchttpclient.netty.request.NettyRequestSender - Using open Channel [id: 0x0f502b57, L:/127.0.0.1:58549 - R:/127.0.0.1:4723] for GET '/wd/hub/session/07a1ddc0-3053-43b1-9710-623c73f63d7c/element/00000000-0000-069b-0000-003000000003/enabled'
22:19:53.623 [AsyncHttpClient-1-2] DEBUG org.asynchttpclient.netty.handler.HttpHandler - 

Request DefaultFullHttpRequest(decodeResult: success, version: HTTP/1.1, content: EmptyByteBufBE)
GET /wd/hub/session/07a1ddc0-3053-43b1-9710-623c73f63d7c/element/00000000-0000-069b-0000-003000000003/enabled HTTP/1.1
User-Agent: appium/8.3.0 (selenium/4.8.1 (java windows))
Cache-Control: no-cache
Content-Type: application/json; charset=utf-8
host: 0.0.0.0:4723
accept: */*

Response DefaultHttpResponse(decodeResult: success, version: HTTP/1.1)
HTTP/1.1 200 OK
X-Powered-By: Express
Content-Type: application/json; charset=utf-8
Content-Length: 14
ETag: W/"e-2ZHvAWebNQpyjGZTg6uyV8/spTo"
Date: Tue, 09 May 2023 15:19:53 GMT
Connection: keep-alive
Keep-Alive: timeout=600

22:19:53.623 [AsyncHttpClient-1-2] DEBUG org.asynchttpclient.netty.channel.ChannelManager - Adding key: http://0.0.0.0:4723 for channel [id: 0x0f502b57, L:/127.0.0.1:58549 - R:/127.0.0.1:4723]
22:19:53.626 [Forwarding clickElement on session 07a1ddc0-3053-43b1-9710-623c73f63d7c to remote] DEBUG org.asynchttpclient.netty.request.NettyRequestSender - Using pooled Channel '[id: 0x0f502b57, L:/127.0.0.1:58549 - R:/127.0.0.1:4723]' for 'POST' to 'http://0.0.0.0:4723/wd/hub/session/07a1ddc0-3053-43b1-9710-623c73f63d7c/element/00000000-0000-069b-0000-003000000003/click'
22:19:53.626 [Forwarding clickElement on session 07a1ddc0-3053-43b1-9710-623c73f63d7c to remote] DEBUG org.asynchttpclient.netty.request.NettyRequestSender - Using open Channel [id: 0x0f502b57, L:/127.0.0.1:58549 - R:/127.0.0.1:4723] for POST '/wd/hub/session/07a1ddc0-3053-43b1-9710-623c73f63d7c/element/00000000-0000-069b-0000-003000000003/click'
22:19:54.324 [AsyncHttpClient-1-2] DEBUG org.asynchttpclient.netty.handler.HttpHandler - 

Request DefaultHttpRequest(decodeResult: success, version: HTTP/1.1)
POST /wd/hub/session/07a1ddc0-3053-43b1-9710-623c73f63d7c/element/00000000-0000-069b-0000-003000000003/click HTTP/1.1
User-Agent: appium/8.3.0 (selenium/4.8.1 (java windows))
Content-Length: 50
Content-Type: application/json; charset=utf-8
host: 0.0.0.0:4723
accept: */*

Response DefaultHttpResponse(decodeResult: success, version: HTTP/1.1)
HTTP/1.1 200 OK
X-Powered-By: Express
Vary: X-HTTP-Method-Override
Content-Type: application/json; charset=utf-8
Content-Length: 14
ETag: W/"e-9/1BuKMgFObM1mWJm+YjxtXJnUM"
Date: Tue, 09 May 2023 15:19:54 GMT
Connection: keep-alive
Keep-Alive: timeout=600

22:19:54.325 [AsyncHttpClient-1-2] DEBUG org.asynchttpclient.netty.channel.ChannelManager - Adding key: http://0.0.0.0:4723 for channel [id: 0x0f502b57, L:/127.0.0.1:58549 - R:/127.0.0.1:4723]
22:19:54.332 [Forwarding findElement on session 07a1ddc0-3053-43b1-9710-623c73f63d7c to remote] DEBUG org.asynchttpclient.netty.request.NettyRequestSender - Using pooled Channel '[id: 0x0f502b57, L:/127.0.0.1:58549 - R:/127.0.0.1:4723]' for 'POST' to 'http://0.0.0.0:4723/wd/hub/session/07a1ddc0-3053-43b1-9710-623c73f63d7c/element'
22:19:54.332 [Forwarding findElement on session 07a1ddc0-3053-43b1-9710-623c73f63d7c to remote] DEBUG org.asynchttpclient.netty.request.NettyRequestSender - Using open Channel [id: 0x0f502b57, L:/127.0.0.1:58549 - R:/127.0.0.1:4723] for POST '/wd/hub/session/07a1ddc0-3053-43b1-9710-623c73f63d7c/element'
22:19:54.419 [AsyncHttpClient-1-2] DEBUG org.asynchttpclient.netty.handler.HttpHandler - 

Request DefaultHttpRequest(decodeResult: success, version: HTTP/1.1)
POST /wd/hub/session/07a1ddc0-3053-43b1-9710-623c73f63d7c/element HTTP/1.1
User-Agent: appium/8.3.0 (selenium/4.8.1 (java windows))
Content-Length: 305
Content-Type: application/json; charset=utf-8
host: 0.0.0.0:4723
accept: */*

Response DefaultHttpResponse(decodeResult: success, version: HTTP/1.1)
HTTP/1.1 200 OK
X-Powered-By: Express
Vary: X-HTTP-Method-Override
Content-Type: application/json; charset=utf-8
Content-Length: 137
ETag: W/"89-iFWN0TT8+7YD06X22TCJK9Qh1AQ"
Date: Tue, 09 May 2023 15:19:54 GMT
Connection: keep-alive
Keep-Alive: timeout=600

22:19:54.419 [AsyncHttpClient-1-2] DEBUG org.asynchttpclient.netty.channel.ChannelManager - Adding key: http://0.0.0.0:4723 for channel [id: 0x0f502b57, L:/127.0.0.1:58549 - R:/127.0.0.1:4723]
22:19:54.423 [Forwarding sendKeysToElement on session 07a1ddc0-3053-43b1-9710-623c73f63d7c to remote] DEBUG org.asynchttpclient.netty.request.NettyRequestSender - Using pooled Channel '[id: 0x0f502b57, L:/127.0.0.1:58549 - R:/127.0.0.1:4723]' for 'POST' to 'http://0.0.0.0:4723/wd/hub/session/07a1ddc0-3053-43b1-9710-623c73f63d7c/element/00000000-0000-069b-0000-003000000003/value'
22:19:54.423 [Forwarding sendKeysToElement on session 07a1ddc0-3053-43b1-9710-623c73f63d7c to remote] DEBUG org.asynchttpclient.netty.request.NettyRequestSender - Using open Channel [id: 0x0f502b57, L:/127.0.0.1:58549 - R:/127.0.0.1:4723] for POST '/wd/hub/session/07a1ddc0-3053-43b1-9710-623c73f63d7c/element/00000000-0000-069b-0000-003000000003/value'
22:19:55.576 [AsyncHttpClient-1-2] DEBUG org.asynchttpclient.netty.handler.HttpHandler - 

Request DefaultHttpRequest(decodeResult: success, version: HTTP/1.1)
POST /wd/hub/session/07a1ddc0-3053-43b1-9710-623c73f63d7c/element/00000000-0000-069b-0000-003000000003/value HTTP/1.1
User-Agent: appium/8.3.0 (selenium/4.8.1 (java windows))
Content-Length: 201
Content-Type: application/json; charset=utf-8
host: 0.0.0.0:4723
accept: */*

Response DefaultHttpResponse(decodeResult: success, version: HTTP/1.1)
HTTP/1.1 200 OK
X-Powered-By: Express
Vary: X-HTTP-Method-Override
Content-Type: application/json; charset=utf-8
Content-Length: 14
ETag: W/"e-9/1BuKMgFObM1mWJm+YjxtXJnUM"
Date: Tue, 09 May 2023 15:19:55 GMT
Connection: keep-alive
Keep-Alive: timeout=600

22:19:55.576 [AsyncHttpClient-1-2] DEBUG org.asynchttpclient.netty.channel.ChannelManager - Adding key: http://0.0.0.0:4723 for channel [id: 0x0f502b57, L:/127.0.0.1:58549 - R:/127.0.0.1:4723]
22:19:55.578 [main] DEBUG net.thucydides.core.steps.StepInterceptor - STEP DONE: inputFullname
]]></system-out>
  </testcase>
  <testcase name="user input registered email for register feature" classname="user tidak dapat register karena menggunakan email yang sudah terdaftar" time="5.862">
    <error type="org.openqa.selenium.StaleElementReferenceException"><![CDATA[org.openqa.selenium.StaleElementReferenceException: 
The element 'By.xpath: /hierarchy/android.widget.FrameLayout/android.widget.LinearLayout/android.widget.FrameLayout/android.widget.FrameLayout/android.view.View/android.view.View/android.view.View/android.view.View/android.widget.EditText[2]' does not exist in DOM anymore
For documentation on this error, please visit: https://selenium.dev/exceptions/#stale_element_reference
Build info: version: '4.8.1', revision: '8ebccac989'
System info: os.name: 'Windows 11', os.arch: 'amd64', os.version: '10.0', java.version: '19.0.2'
Driver info: io.appium.java_client.android.AndroidDriver
Command: [07a1ddc0-3053-43b1-9710-623c73f63d7c, clickElement {id=00000000-0000-069b-0000-003100000003}]
Capabilities {appium:app: C:\Users\HP\Downloads\Mini-..., appium:appPackage: com.example.frontend_mobile, appium:automationName: UiAutomator2, appium:databaseEnabled: false, appium:desired: {app: C:\Users\HP\Downloads\Mini-..., automationName: UiAutomator2, platformName: ANDROID, platformVersion: 13.0}, appium:deviceApiLevel: 33, appium:deviceManufacturer: Google, appium:deviceModel: sdk_gphone_x86_64, appium:deviceName: emulator-5554, appium:deviceScreenDensity: 440, appium:deviceScreenSize: 1080x2340, appium:deviceUDID: emulator-5554, appium:javascriptEnabled: true, appium:locationContextEnabled: false, appium:networkConnectionEnabled: true, appium:pixelRatio: 2.75, appium:platformVersion: 13, appium:statBarHeight: 136, appium:takesScreenshot: true, appium:viewportRect: {height: 2002, left: 0, top: 136, width: 1080}, appium:warnings: {}, appium:webStorageEnabled: false, platformName: ANDROID}
Element: [[AndroidDriver:  on ANDROID (07a1ddc0-3053-43b1-9710-623c73f63d7c)] -> xpath: /hierarchy/android.widget.FrameLayout/android.widget.LinearLayout/android.widget.FrameLayout/android.widget.FrameLayout/android.view.View/android.view.View/android.view.View/android.view.View/android.widget.EditText[2]]
Session ID: 07a1ddc0-3053-43b1-9710-623c73f63d7c
]]></error>
    <system-out><![CDATA[22:19:55.606 [main] DEBUG net.thucydides.core.steps.StepInterceptor - STARTING STEP: RegisterSteps.userInputRegisteredEmailForRegisterFeature - inputEmail
22:19:55.609 [Forwarding findElement on session 07a1ddc0-3053-43b1-9710-623c73f63d7c to remote] DEBUG org.asynchttpclient.netty.request.NettyRequestSender - Using pooled Channel '[id: 0x0f502b57, L:/127.0.0.1:58549 - R:/127.0.0.1:4723]' for 'POST' to 'http://0.0.0.0:4723/wd/hub/session/07a1ddc0-3053-43b1-9710-623c73f63d7c/element'
22:19:55.609 [Forwarding findElement on session 07a1ddc0-3053-43b1-9710-623c73f63d7c to remote] DEBUG org.asynchttpclient.netty.request.NettyRequestSender - Using open Channel [id: 0x0f502b57, L:/127.0.0.1:58549 - R:/127.0.0.1:4723] for POST '/wd/hub/session/07a1ddc0-3053-43b1-9710-623c73f63d7c/element'
22:19:56.269 [AsyncHttpClient-1-2] DEBUG org.asynchttpclient.netty.handler.HttpHandler - 

Request DefaultHttpRequest(decodeResult: success, version: HTTP/1.1)
POST /wd/hub/session/07a1ddc0-3053-43b1-9710-623c73f63d7c/element HTTP/1.1
User-Agent: appium/8.3.0 (selenium/4.8.1 (java windows))
Content-Length: 305
Content-Type: application/json; charset=utf-8
host: 0.0.0.0:4723
accept: */*

Response DefaultHttpResponse(decodeResult: success, version: HTTP/1.1)
HTTP/1.1 200 OK
X-Powered-By: Express
Vary: X-HTTP-Method-Override
Content-Type: application/json; charset=utf-8
Content-Length: 137
ETag: W/"89-cKCtckvSaNMcB2jzEXZAfHHOrtY"
Date: Tue, 09 May 2023 15:19:56 GMT
Connection: keep-alive
Keep-Alive: timeout=600

22:19:56.269 [AsyncHttpClient-1-2] DEBUG org.asynchttpclient.netty.channel.ChannelManager - Adding key: http://0.0.0.0:4723 for channel [id: 0x0f502b57, L:/127.0.0.1:58549 - R:/127.0.0.1:4723]
22:19:56.271 [Forwarding isElementDisplayed on session 07a1ddc0-3053-43b1-9710-623c73f63d7c to remote] DEBUG org.asynchttpclient.netty.request.NettyRequestSender - Using pooled Channel '[id: 0x0f502b57, L:/127.0.0.1:58549 - R:/127.0.0.1:4723]' for 'GET' to 'http://0.0.0.0:4723/wd/hub/session/07a1ddc0-3053-43b1-9710-623c73f63d7c/element/00000000-0000-069b-0000-003100000003/displayed'
22:19:56.271 [Forwarding isElementDisplayed on session 07a1ddc0-3053-43b1-9710-623c73f63d7c to remote] DEBUG org.asynchttpclient.netty.request.NettyRequestSender - Using open Channel [id: 0x0f502b57, L:/127.0.0.1:58549 - R:/127.0.0.1:4723] for GET '/wd/hub/session/07a1ddc0-3053-43b1-9710-623c73f63d7c/element/00000000-0000-069b-0000-003100000003/displayed'
22:19:56.304 [AsyncHttpClient-1-2] DEBUG org.asynchttpclient.netty.handler.HttpHandler - 

Request DefaultFullHttpRequest(decodeResult: success, version: HTTP/1.1, content: EmptyByteBufBE)
GET /wd/hub/session/07a1ddc0-3053-43b1-9710-623c73f63d7c/element/00000000-0000-069b-0000-003100000003/displayed HTTP/1.1
User-Agent: appium/8.3.0 (selenium/4.8.1 (java windows))
Cache-Control: no-cache
Content-Type: application/json; charset=utf-8
host: 0.0.0.0:4723
accept: */*

Response DefaultHttpResponse(decodeResult: success, version: HTTP/1.1)
HTTP/1.1 200 OK
X-Powered-By: Express
Content-Type: application/json; charset=utf-8
Content-Length: 14
ETag: W/"e-2ZHvAWebNQpyjGZTg6uyV8/spTo"
Date: Tue, 09 May 2023 15:19:56 GMT
Connection: keep-alive
Keep-Alive: timeout=600

22:19:56.304 [AsyncHttpClient-1-2] DEBUG org.asynchttpclient.netty.channel.ChannelManager - Adding key: http://0.0.0.0:4723 for channel [id: 0x0f502b57, L:/127.0.0.1:58549 - R:/127.0.0.1:4723]
22:19:56.305 [Forwarding isElementEnabled on session 07a1ddc0-3053-43b1-9710-623c73f63d7c to remote] DEBUG org.asynchttpclient.netty.request.NettyRequestSender - Using pooled Channel '[id: 0x0f502b57, L:/127.0.0.1:58549 - R:/127.0.0.1:4723]' for 'GET' to 'http://0.0.0.0:4723/wd/hub/session/07a1ddc0-3053-43b1-9710-623c73f63d7c/element/00000000-0000-069b-0000-003100000003/enabled'
22:19:56.305 [Forwarding isElementEnabled on session 07a1ddc0-3053-43b1-9710-623c73f63d7c to remote] DEBUG org.asynchttpclient.netty.request.NettyRequestSender - Using open Channel [id: 0x0f502b57, L:/127.0.0.1:58549 - R:/127.0.0.1:4723] for GET '/wd/hub/session/07a1ddc0-3053-43b1-9710-623c73f63d7c/element/00000000-0000-069b-0000-003100000003/enabled'
22:19:56.331 [AsyncHttpClient-1-2] DEBUG org.asynchttpclient.netty.handler.HttpHandler - 

Request DefaultFullHttpRequest(decodeResult: success, version: HTTP/1.1, content: EmptyByteBufBE)
GET /wd/hub/session/07a1ddc0-3053-43b1-9710-623c73f63d7c/element/00000000-0000-069b-0000-003100000003/enabled HTTP/1.1
User-Agent: appium/8.3.0 (selenium/4.8.1 (java windows))
Cache-Control: no-cache
Content-Type: application/json; charset=utf-8
host: 0.0.0.0:4723
accept: */*

Response DefaultHttpResponse(decodeResult: success, version: HTTP/1.1)
HTTP/1.1 200 OK
X-Powered-By: Express
Content-Type: application/json; charset=utf-8
Content-Length: 14
ETag: W/"e-2ZHvAWebNQpyjGZTg6uyV8/spTo"
Date: Tue, 09 May 2023 15:19:56 GMT
Connection: keep-alive
Keep-Alive: timeout=600

22:19:56.331 [AsyncHttpClient-1-2] DEBUG org.asynchttpclient.netty.channel.ChannelManager - Adding key: http://0.0.0.0:4723 for channel [id: 0x0f502b57, L:/127.0.0.1:58549 - R:/127.0.0.1:4723]
22:19:56.334 [Forwarding clickElement on session 07a1ddc0-3053-43b1-9710-623c73f63d7c to remote] DEBUG org.asynchttpclient.netty.request.NettyRequestSender - Using pooled Channel '[id: 0x0f502b57, L:/127.0.0.1:58549 - R:/127.0.0.1:4723]' for 'POST' to 'http://0.0.0.0:4723/wd/hub/session/07a1ddc0-3053-43b1-9710-623c73f63d7c/element/00000000-0000-069b-0000-003100000003/click'
22:19:56.334 [Forwarding clickElement on session 07a1ddc0-3053-43b1-9710-623c73f63d7c to remote] DEBUG org.asynchttpclient.netty.request.NettyRequestSender - Using open Channel [id: 0x0f502b57, L:/127.0.0.1:58549 - R:/127.0.0.1:4723] for POST '/wd/hub/session/07a1ddc0-3053-43b1-9710-623c73f63d7c/element/00000000-0000-069b-0000-003100000003/click'
22:20:01.442 [AsyncHttpClient-1-2] DEBUG org.asynchttpclient.netty.handler.HttpHandler - 

Request DefaultHttpRequest(decodeResult: success, version: HTTP/1.1)
POST /wd/hub/session/07a1ddc0-3053-43b1-9710-623c73f63d7c/element/00000000-0000-069b-0000-003100000003/click HTTP/1.1
User-Agent: appium/8.3.0 (selenium/4.8.1 (java windows))
Content-Length: 50
Content-Type: application/json; charset=utf-8
host: 0.0.0.0:4723
accept: */*

Response DefaultHttpResponse(decodeResult: success, version: HTTP/1.1)
HTTP/1.1 404 Not Found
X-Powered-By: Express
Vary: X-HTTP-Method-Override
Content-Type: application/json; charset=utf-8
Content-Length: 4327
ETag: W/"10e7-Y3snHq7MIHqwPskmocdaSYCHpHM"
Date: Tue, 09 May 2023 15:20:01 GMT
Connection: keep-alive
Keep-Alive: timeout=600

22:20:01.443 [AsyncHttpClient-1-2] DEBUG org.asynchttpclient.netty.channel.ChannelManager - Adding key: http://0.0.0.0:4723 for channel [id: 0x0f502b57, L:/127.0.0.1:58549 - R:/127.0.0.1:4723]
]]></system-out>
  </testcase>
  <testcase name="user input password for register feature" classname="user tidak dapat register karena menggunakan email yang sudah terdaftar" time="0">
    <skipped type="io.cucumber.junit.SkippedThrowable"><![CDATA[io.cucumber.junit.SkippedThrowable: This step is skipped
]]></skipped>
  </testcase>
  <testcase name="user click register button for register feature" classname="user tidak dapat register karena menggunakan email yang sudah terdaftar" time="0">
    <skipped type="io.cucumber.junit.SkippedThrowable"><![CDATA[io.cucumber.junit.SkippedThrowable: This step is skipped
]]></skipped>
  </testcase>
  <testcase name="user see error message duplicate email &quot;Gagal:(&quot;" classname="user tidak dapat register karena menggunakan email yang sudah terdaftar" time="0">
    <skipped type="io.cucumber.junit.SkippedThrowable"><![CDATA[io.cucumber.junit.SkippedThrowable: This step is skipped
]]></skipped>
  </testcase>
  <testcase name="user tidak dapat register karena menggunakan email yang sudah terdaftar" classname="Register" time="0.016">
    <error type="org.openqa.selenium.StaleElementReferenceException"><![CDATA[org.openqa.selenium.StaleElementReferenceException: 
The element 'By.xpath: /hierarchy/android.widget.FrameLayout/android.widget.LinearLayout/android.widget.FrameLayout/android.widget.FrameLayout/android.view.View/android.view.View/android.view.View/android.view.View/android.widget.EditText[2]' does not exist in DOM anymore
For documentation on this error, please visit: https://selenium.dev/exceptions/#stale_element_reference
Build info: version: '4.8.1', revision: '8ebccac989'
System info: os.name: 'Windows 11', os.arch: 'amd64', os.version: '10.0', java.version: '19.0.2'
Driver info: io.appium.java_client.android.AndroidDriver
Command: [07a1ddc0-3053-43b1-9710-623c73f63d7c, clickElement {id=00000000-0000-069b-0000-003100000003}]
Capabilities {appium:app: C:\Users\HP\Downloads\Mini-..., appium:appPackage: com.example.frontend_mobile, appium:automationName: UiAutomator2, appium:databaseEnabled: false, appium:desired: {app: C:\Users\HP\Downloads\Mini-..., automationName: UiAutomator2, platformName: ANDROID, platformVersion: 13.0}, appium:deviceApiLevel: 33, appium:deviceManufacturer: Google, appium:deviceModel: sdk_gphone_x86_64, appium:deviceName: emulator-5554, appium:deviceScreenDensity: 440, appium:deviceScreenSize: 1080x2340, appium:deviceUDID: emulator-5554, appium:javascriptEnabled: true, appium:locationContextEnabled: false, appium:networkConnectionEnabled: true, appium:pixelRatio: 2.75, appium:platformVersion: 13, appium:statBarHeight: 136, appium:takesScreenshot: true, appium:viewportRect: {height: 2002, left: 0, top: 136, width: 1080}, appium:warnings: {}, appium:webStorageEnabled: false, platformName: ANDROID}
Element: [[AndroidDriver:  on ANDROID (07a1ddc0-3053-43b1-9710-623c73f63d7c)] -> xpath: /hierarchy/android.widget.FrameLayout/android.widget.LinearLayout/android.widget.FrameLayout/android.widget.FrameLayout/android.view.View/android.view.View/android.view.View/android.view.View/android.widget.EditText[2]]
Session ID: 07a1ddc0-3053-43b1-9710-623c73f63d7c
]]></error>
  </testcase>
  <testcase name="user tidak dapat register karena menggunakan email yang sudah terdaftar" classname="Register" time="0.023">
    <error type="org.openqa.selenium.StaleElementReferenceException"><![CDATA[org.openqa.selenium.StaleElementReferenceException: 
The element 'By.xpath: /hierarchy/android.widget.FrameLayout/android.widget.LinearLayout/android.widget.FrameLayout/android.widget.FrameLayout/android.view.View/android.view.View/android.view.View/android.view.View/android.widget.EditText[2]' does not exist in DOM anymore
For documentation on this error, please visit: https://selenium.dev/exceptions/#stale_element_reference
Build info: version: '4.8.1', revision: '8ebccac989'
System info: os.name: 'Windows 11', os.arch: 'amd64', os.version: '10.0', java.version: '19.0.2'
Driver info: io.appium.java_client.android.AndroidDriver
Command: [07a1ddc0-3053-43b1-9710-623c73f63d7c, clickElement {id=00000000-0000-069b-0000-003100000003}]
Capabilities {appium:app: C:\Users\HP\Downloads\Mini-..., appium:appPackage: com.example.frontend_mobile, appium:automationName: UiAutomator2, appium:databaseEnabled: false, appium:desired: {app: C:\Users\HP\Downloads\Mini-..., automationName: UiAutomator2, platformName: ANDROID, platformVersion: 13.0}, appium:deviceApiLevel: 33, appium:deviceManufacturer: Google, appium:deviceModel: sdk_gphone_x86_64, appium:deviceName: emulator-5554, appium:deviceScreenDensity: 440, appium:deviceScreenSize: 1080x2340, appium:deviceUDID: emulator-5554, appium:javascriptEnabled: true, appium:locationContextEnabled: false, appium:networkConnectionEnabled: true, appium:pixelRatio: 2.75, appium:platformVersion: 13, appium:statBarHeight: 136, appium:takesScreenshot: true, appium:viewportRect: {height: 2002, left: 0, top: 136, width: 1080}, appium:warnings: {}, appium:webStorageEnabled: false, platformName: ANDROID}
Element: [[AndroidDriver:  on ANDROID (07a1ddc0-3053-43b1-9710-623c73f63d7c)] -> xpath: /hierarchy/android.widget.FrameLayout/android.widget.LinearLayout/android.widget.FrameLayout/android.widget.FrameLayout/android.view.View/android.view.View/android.view.View/android.view.View/android.widget.EditText[2]]
Session ID: 07a1ddc0-3053-43b1-9710-623c73f63d7c
]]></error>
    <system-out><![CDATA[22:20:01.509 [main] ERROR  - 
  _____   ___   ___   _____     ___   ___   ___    ___    ___ 
 |_   _| | __| / __| |_   _|   | __| | _ \ | _ \  / _ \  | _ \
   | |   | _|  \__ \   | |     | _|  |   / |   / | (_) | |   /
   |_|   |___| |___/   |_|     |___| |_|_\ |_|_\  \___/  |_|_\

user tidak dapat register karena menggunakan email yang sudah terdaftar
---------------------------------------------------------------
22:20:01.510 [main] DEBUG  - RELATED ISSUES: 
22:20:01.510 [main] ERROR  -     Test failed at step: Input email: ERA@gmail.com
22:20:01.510 [main] ERROR  -     The element 'By.xpath: /hierarchy/android.widget.FrameLayout/android.widget.LinearLayout/android.widget.FrameLayout/android.widget.FrameLayout/android.view.View/android.view.View/android.view.View/android.view.View/android.widget.EditText[2]' does not exist in DOM anymore
]]></system-out>
  </testcase>
  <testcase name="user tidak dapat register karena tidak mengisi field nama lengkap" classname="Register" time="0.01">
    <error type="org.openqa.selenium.TimeoutException"><![CDATA[org.openqa.selenium.TimeoutException: 
Expected condition failed: waiting for element to be clickable: By.xpath: //android.widget.Button[@content-desc="Register"] (tried for 15 second(s) with 500 milliseconds interval)
Build info: version: '4.8.1', revision: '8ebccac989'
System info: os.name: 'Windows 11', os.arch: 'amd64', os.version: '10.0', java.version: '19.0.2'
Driver info: io.appium.java_client.android.AndroidDriver
Capabilities {appium:app: C:\Users\HP\Downloads\Mini-..., appium:appPackage: com.example.frontend_mobile, appium:automationName: UiAutomator2, appium:databaseEnabled: false, appium:desired: {app: C:\Users\HP\Downloads\Mini-..., automationName: UiAutomator2, platformName: ANDROID, platformVersion: 13.0}, appium:deviceApiLevel: 33, appium:deviceManufacturer: Google, appium:deviceModel: sdk_gphone_x86_64, appium:deviceName: emulator-5554, appium:deviceScreenDensity: 440, appium:deviceScreenSize: 1080x2340, appium:deviceUDID: emulator-5554, appium:javascriptEnabled: true, appium:locationContextEnabled: false, appium:networkConnectionEnabled: true, appium:pixelRatio: 2.75, appium:platformVersion: 13, appium:statBarHeight: 136, appium:takesScreenshot: true, appium:viewportRect: {height: 2002, left: 0, top: 136, width: 1080}, appium:warnings: {}, appium:webStorageEnabled: false, platformName: ANDROID}
Session ID: 2745d7a4-0a6f-4a52-9197-78cc3e620ed2
]]></error>
  </testcase>
  <testcase name="user tidak dapat register karena tidak mengisi field nama lengkap" classname="Register" time="0.019">
    <error type="org.openqa.selenium.TimeoutException"><![CDATA[org.openqa.selenium.TimeoutException: 
Expected condition failed: waiting for element to be clickable: By.xpath: //android.widget.Button[@content-desc="Register"] (tried for 15 second(s) with 500 milliseconds interval)
Build info: version: '4.8.1', revision: '8ebccac989'
System info: os.name: 'Windows 11', os.arch: 'amd64', os.version: '10.0', java.version: '19.0.2'
Driver info: io.appium.java_client.android.AndroidDriver
Capabilities {appium:app: C:\Users\HP\Downloads\Mini-..., appium:appPackage: com.example.frontend_mobile, appium:automationName: UiAutomator2, appium:databaseEnabled: false, appium:desired: {app: C:\Users\HP\Downloads\Mini-..., automationName: UiAutomator2, platformName: ANDROID, platformVersion: 13.0}, appium:deviceApiLevel: 33, appium:deviceManufacturer: Google, appium:deviceModel: sdk_gphone_x86_64, appium:deviceName: emulator-5554, appium:deviceScreenDensity: 440, appium:deviceScreenSize: 1080x2340, appium:deviceUDID: emulator-5554, appium:javascriptEnabled: true, appium:locationContextEnabled: false, appium:networkConnectionEnabled: true, appium:pixelRatio: 2.75, appium:platformVersion: 13, appium:statBarHeight: 136, appium:takesScreenshot: true, appium:viewportRect: {height: 2002, left: 0, top: 136, width: 1080}, appium:warnings: {}, appium:webStorageEnabled: false, platformName: ANDROID}
Session ID: 2745d7a4-0a6f-4a52-9197-78cc3e620ed2
]]></error>
    <system-out><![CDATA[22:20:28.117 [main] ERROR  - 
  _____   ___   ___   _____     ___   ___   ___    ___    ___ 
 |_   _| | __| / __| |_   _|   | __| | _ \ | _ \  / _ \  | _ \
   | |   | _|  \__ \   | |     | _|  |   / |   / | (_) | |   /
   |_|   |___| |___/   |_|     |___| |_|_\ |_|_\  \___/  |_|_\

user tidak dapat register karena tidak mengisi field nama lengkap
---------------------------------------------------------------
22:20:28.117 [main] DEBUG  - RELATED ISSUES: 
22:20:28.117 [main] ERROR  -     Test failed at step: Click link register
22:20:28.117 [main] ERROR  -     Expected condition failed: waiting for element to be clickable: By.xpath: //android.widget.Button[@content-desc="Register"] (tried for 15 second(s) with 500 milliseconds interval)Build info: version: '4.8.1', revision: '8ebccac989'System info: os.name: 'Windows 11', os.arch: 'amd64', os.version: '10.0', java.version: '19.0.2'Driver info: io.appium.java_client.android.AndroidDriverCapabilities {appium:app: C:\Users\HP\Downloads\Mini-..., appium:appPackage: com.example.frontend_mobile, appium:automationName: UiAutomator2, appium:databaseEnabled: false, appium:desired: {app: C:\Users\HP\Downloads\Mini-..., automationName: UiAutomator2, platformName: ANDROID, platformVersion: 13.0}, appium:deviceApiLevel: 33, appium:deviceManufacturer: Google, appium:deviceModel: sdk_gphone_x86_64, appium:deviceName: emulator-5554, appium:deviceScreenDensity: 440, appium:deviceScreenSize: 1080x2340, appium:deviceUDID: emulator-5554, appium:javascriptEnabled: true, appium:locationContextEnabled: false, appium:networkConnectionEnabled: true, appium:pixelRatio: 2.75, appium:platformVersion: 13, appium:statBarHeight: 136, appium:takesScreenshot: true, appium:viewportRect: {height: 2002, left: 0, top: 136, width: 1080}, appium:warnings: {}, appium:webStorageEnabled: false, platformName: ANDROID}Session ID: 2745d7a4-0a6f-4a52-9197-78cc3e620ed2
]]></system-out>
  </testcase>
  <testcase name="user on homepage AltaShop for register feature" classname="user tidak dapat register karena tidak mengisi field nama lengkap" time="10.176">
    <system-out><![CDATA[22:20:01.524 [main] DEBUG io.cucumber.core.plugin.SerenityReporter - Running feature from file:///C:/Users/HP/Downloads/Mini-Project-QA/ALTASHOP%20MOBILE%20AUTOMATION/src/test/resources/features/2.%20Register.feature
22:20:01.529 [main] INFO  - 
  _____   ___   ___   _____     ___   _____     _     ___   _____   ___   ___  
 |_   _| | __| / __| |_   _|   / __| |_   _|   /_\   | _ \ |_   _| | __| |   \ 
   | |   | _|  \__ \   | |     \__ \   | |    / _ \  |   /   | |   | _|  | |) |
   |_|   |___| |___/   |_|     |___/   |_|   /_/ \_\ |_|_\   |_|   |___| |___/ 

user tidak dapat register karena tidak mengisi field nama lengkap(register;user-tidak-dapat-register-karena-tidak-mengisi-field-nama-lengkap)
--------------------------------------------------------------------------------
22:20:01.553 [main] DEBUG net.thucydides.core.steps.StepInterceptor - STARTING STEP: RegisterSteps.userOnHomepageAltaShopForRegisterFeature - onHomepageAltaShop
22:20:01.560 [Forwarding newSession on session null to remote] DEBUG org.asynchttpclient.netty.request.NettyRequestSender - Using pooled Channel '[id: 0x0f502b57, L:/127.0.0.1:58549 - R:/127.0.0.1:4723]' for 'POST' to 'http://0.0.0.0:4723/wd/hub/session'
22:20:01.560 [Forwarding newSession on session null to remote] DEBUG org.asynchttpclient.netty.request.NettyRequestSender - Using open Channel [id: 0x0f502b57, L:/127.0.0.1:58549 - R:/127.0.0.1:4723] for POST '/wd/hub/session'
22:20:10.302 [AsyncHttpClient-1-2] DEBUG org.asynchttpclient.netty.handler.HttpHandler - 

Request DefaultHttpRequest(decodeResult: success, version: HTTP/1.1)
POST /wd/hub/session HTTP/1.1
X-Idempotency-Key: 7c6b666f-1f90-4bcf-aac9-9310a6d24b31
User-Agent: appium/8.3.0 (selenium/4.8.1 (java windows))
Content-Length: 335
Content-Type: application/json; charset=utf-8
host: 0.0.0.0:4723
accept: */*

Response DefaultHttpResponse(decodeResult: success, version: HTTP/1.1)
HTTP/1.1 200 OK
X-Powered-By: Express
Vary: X-HTTP-Method-Override
Content-Type: application/json; charset=utf-8
Content-Length: 988
ETag: W/"3dc-KYu0nflmNqLUvZlhfPv5QidBljE"
Date: Tue, 09 May 2023 15:20:10 GMT
Connection: keep-alive
Keep-Alive: timeout=600

22:20:10.302 [AsyncHttpClient-1-2] DEBUG org.asynchttpclient.netty.channel.ChannelManager - Adding key: http://0.0.0.0:4723 for channel [id: 0x0f502b57, L:/127.0.0.1:58549 - R:/127.0.0.1:4723]
22:20:10.314 [Forwarding setTimeout on session 2745d7a4-0a6f-4a52-9197-78cc3e620ed2 to remote] DEBUG org.asynchttpclient.netty.request.NettyRequestSender - Using pooled Channel '[id: 0x0f502b57, L:/127.0.0.1:58549 - R:/127.0.0.1:4723]' for 'POST' to 'http://0.0.0.0:4723/wd/hub/session/2745d7a4-0a6f-4a52-9197-78cc3e620ed2/timeouts'
22:20:10.314 [Forwarding setTimeout on session 2745d7a4-0a6f-4a52-9197-78cc3e620ed2 to remote] DEBUG org.asynchttpclient.netty.request.NettyRequestSender - Using open Channel [id: 0x0f502b57, L:/127.0.0.1:58549 - R:/127.0.0.1:4723] for POST '/wd/hub/session/2745d7a4-0a6f-4a52-9197-78cc3e620ed2/timeouts'
22:20:10.340 [AsyncHttpClient-1-2] DEBUG org.asynchttpclient.netty.handler.HttpHandler - 

Request DefaultHttpRequest(decodeResult: success, version: HTTP/1.1)
POST /wd/hub/session/2745d7a4-0a6f-4a52-9197-78cc3e620ed2/timeouts HTTP/1.1
User-Agent: appium/8.3.0 (selenium/4.8.1 (java windows))
Content-Length: 23
Content-Type: application/json; charset=utf-8
host: 0.0.0.0:4723
accept: */*

Response DefaultHttpResponse(decodeResult: success, version: HTTP/1.1)
HTTP/1.1 200 OK
X-Powered-By: Express
Vary: X-HTTP-Method-Override
Content-Type: application/json; charset=utf-8
Content-Length: 14
ETag: W/"e-9/1BuKMgFObM1mWJm+YjxtXJnUM"
Date: Tue, 09 May 2023 15:20:10 GMT
Connection: keep-alive
Keep-Alive: timeout=600

22:20:10.340 [AsyncHttpClient-1-2] DEBUG org.asynchttpclient.netty.channel.ChannelManager - Adding key: http://0.0.0.0:4723 for channel [id: 0x0f502b57, L:/127.0.0.1:58549 - R:/127.0.0.1:4723]
22:20:10.344 [Forwarding findElement on session 2745d7a4-0a6f-4a52-9197-78cc3e620ed2 to remote] DEBUG org.asynchttpclient.netty.request.NettyRequestSender - Using pooled Channel '[id: 0x0f502b57, L:/127.0.0.1:58549 - R:/127.0.0.1:4723]' for 'POST' to 'http://0.0.0.0:4723/wd/hub/session/2745d7a4-0a6f-4a52-9197-78cc3e620ed2/element'
22:20:10.344 [Forwarding findElement on session 2745d7a4-0a6f-4a52-9197-78cc3e620ed2 to remote] DEBUG org.asynchttpclient.netty.request.NettyRequestSender - Using open Channel [id: 0x0f502b57, L:/127.0.0.1:58549 - R:/127.0.0.1:4723] for POST '/wd/hub/session/2745d7a4-0a6f-4a52-9197-78cc3e620ed2/element'
22:20:11.144 [AsyncHttpClient-1-2] DEBUG org.asynchttpclient.netty.handler.HttpHandler - 

Request DefaultHttpRequest(decodeResult: success, version: HTTP/1.1)
POST /wd/hub/session/2745d7a4-0a6f-4a52-9197-78cc3e620ed2/element HTTP/1.1
User-Agent: appium/8.3.0 (selenium/4.8.1 (java windows))
Content-Length: 326
Content-Type: application/json; charset=utf-8
host: 0.0.0.0:4723
accept: */*

Response DefaultHttpResponse(decodeResult: success, version: HTTP/1.1)
HTTP/1.1 200 OK
X-Powered-By: Express
Vary: X-HTTP-Method-Override
Content-Type: application/json; charset=utf-8
Content-Length: 137
ETag: W/"89-BM9o+Zq1MbFXC38qX6v/CAXosxY"
Date: Tue, 09 May 2023 15:20:11 GMT
Connection: keep-alive
Keep-Alive: timeout=600

22:20:11.144 [AsyncHttpClient-1-2] DEBUG org.asynchttpclient.netty.channel.ChannelManager - Adding key: http://0.0.0.0:4723 for channel [id: 0x0f502b57, L:/127.0.0.1:58549 - R:/127.0.0.1:4723]
22:20:11.146 [Forwarding isElementDisplayed on session 2745d7a4-0a6f-4a52-9197-78cc3e620ed2 to remote] DEBUG org.asynchttpclient.netty.request.NettyRequestSender - Using pooled Channel '[id: 0x0f502b57, L:/127.0.0.1:58549 - R:/127.0.0.1:4723]' for 'GET' to 'http://0.0.0.0:4723/wd/hub/session/2745d7a4-0a6f-4a52-9197-78cc3e620ed2/element/00000000-0000-06a9-0000-000700000003/displayed'
22:20:11.147 [Forwarding isElementDisplayed on session 2745d7a4-0a6f-4a52-9197-78cc3e620ed2 to remote] DEBUG org.asynchttpclient.netty.request.NettyRequestSender - Using open Channel [id: 0x0f502b57, L:/127.0.0.1:58549 - R:/127.0.0.1:4723] for GET '/wd/hub/session/2745d7a4-0a6f-4a52-9197-78cc3e620ed2/element/00000000-0000-06a9-0000-000700000003/displayed'
22:20:11.178 [AsyncHttpClient-1-2] DEBUG org.asynchttpclient.netty.handler.HttpHandler - 

Request DefaultFullHttpRequest(decodeResult: success, version: HTTP/1.1, content: EmptyByteBufBE)
GET /wd/hub/session/2745d7a4-0a6f-4a52-9197-78cc3e620ed2/element/00000000-0000-06a9-0000-000700000003/displayed HTTP/1.1
User-Agent: appium/8.3.0 (selenium/4.8.1 (java windows))
Cache-Control: no-cache
Content-Type: application/json; charset=utf-8
host: 0.0.0.0:4723
accept: */*

Response DefaultHttpResponse(decodeResult: success, version: HTTP/1.1)
HTTP/1.1 200 OK
X-Powered-By: Express
Content-Type: application/json; charset=utf-8
Content-Length: 14
ETag: W/"e-2ZHvAWebNQpyjGZTg6uyV8/spTo"
Date: Tue, 09 May 2023 15:20:11 GMT
Connection: keep-alive
Keep-Alive: timeout=600

22:20:11.178 [AsyncHttpClient-1-2] DEBUG org.asynchttpclient.netty.channel.ChannelManager - Adding key: http://0.0.0.0:4723 for channel [id: 0x0f502b57, L:/127.0.0.1:58549 - R:/127.0.0.1:4723]
22:20:11.179 [Forwarding isElementDisplayed on session 2745d7a4-0a6f-4a52-9197-78cc3e620ed2 to remote] DEBUG org.asynchttpclient.netty.request.NettyRequestSender - Using pooled Channel '[id: 0x0f502b57, L:/127.0.0.1:58549 - R:/127.0.0.1:4723]' for 'GET' to 'http://0.0.0.0:4723/wd/hub/session/2745d7a4-0a6f-4a52-9197-78cc3e620ed2/element/00000000-0000-06a9-0000-000700000003/displayed'
22:20:11.179 [Forwarding isElementDisplayed on session 2745d7a4-0a6f-4a52-9197-78cc3e620ed2 to remote] DEBUG org.asynchttpclient.netty.request.NettyRequestSender - Using open Channel [id: 0x0f502b57, L:/127.0.0.1:58549 - R:/127.0.0.1:4723] for GET '/wd/hub/session/2745d7a4-0a6f-4a52-9197-78cc3e620ed2/element/00000000-0000-06a9-0000-000700000003/displayed'
22:20:11.711 [AsyncHttpClient-1-2] DEBUG org.asynchttpclient.netty.handler.HttpHandler - 

Request DefaultFullHttpRequest(decodeResult: success, version: HTTP/1.1, content: EmptyByteBufBE)
GET /wd/hub/session/2745d7a4-0a6f-4a52-9197-78cc3e620ed2/element/00000000-0000-06a9-0000-000700000003/displayed HTTP/1.1
User-Agent: appium/8.3.0 (selenium/4.8.1 (java windows))
Cache-Control: no-cache
Content-Type: application/json; charset=utf-8
host: 0.0.0.0:4723
accept: */*

Response DefaultHttpResponse(decodeResult: success, version: HTTP/1.1)
HTTP/1.1 200 OK
X-Powered-By: Express
Content-Type: application/json; charset=utf-8
Content-Length: 14
ETag: W/"e-2ZHvAWebNQpyjGZTg6uyV8/spTo"
Date: Tue, 09 May 2023 15:20:11 GMT
Connection: keep-alive
Keep-Alive: timeout=600

22:20:11.711 [AsyncHttpClient-1-2] DEBUG org.asynchttpclient.netty.channel.ChannelManager - Adding key: http://0.0.0.0:4723 for channel [id: 0x0f502b57, L:/127.0.0.1:58549 - R:/127.0.0.1:4723]
22:20:11.712 [main] DEBUG net.thucydides.core.steps.StepInterceptor - STEP DONE: onHomepageAltaShop
]]></system-out>
  </testcase>
  <testcase name="user click login button for register feature" classname="user tidak dapat register karena tidak mengisi field nama lengkap" time="1.107">
    <system-out><![CDATA[22:20:11.725 [main] DEBUG net.thucydides.core.steps.StepInterceptor - STARTING STEP: RegisterSteps.userClickLoginButtonForRegisterFeature - clickButtonLogin
22:20:11.727 [Forwarding findElement on session 2745d7a4-0a6f-4a52-9197-78cc3e620ed2 to remote] DEBUG org.asynchttpclient.netty.request.NettyRequestSender - Using pooled Channel '[id: 0x0f502b57, L:/127.0.0.1:58549 - R:/127.0.0.1:4723]' for 'POST' to 'http://0.0.0.0:4723/wd/hub/session/2745d7a4-0a6f-4a52-9197-78cc3e620ed2/element'
22:20:11.727 [Forwarding findElement on session 2745d7a4-0a6f-4a52-9197-78cc3e620ed2 to remote] DEBUG org.asynchttpclient.netty.request.NettyRequestSender - Using open Channel [id: 0x0f502b57, L:/127.0.0.1:58549 - R:/127.0.0.1:4723] for POST '/wd/hub/session/2745d7a4-0a6f-4a52-9197-78cc3e620ed2/element'
22:20:11.830 [AsyncHttpClient-1-2] DEBUG org.asynchttpclient.netty.handler.HttpHandler - 

Request DefaultHttpRequest(decodeResult: success, version: HTTP/1.1)
POST /wd/hub/session/2745d7a4-0a6f-4a52-9197-78cc3e620ed2/element HTTP/1.1
User-Agent: appium/8.3.0 (selenium/4.8.1 (java windows))
Content-Length: 326
Content-Type: application/json; charset=utf-8
host: 0.0.0.0:4723
accept: */*

Response DefaultHttpResponse(decodeResult: success, version: HTTP/1.1)
HTTP/1.1 200 OK
X-Powered-By: Express
Vary: X-HTTP-Method-Override
Content-Type: application/json; charset=utf-8
Content-Length: 137
ETag: W/"89-BM9o+Zq1MbFXC38qX6v/CAXosxY"
Date: Tue, 09 May 2023 15:20:11 GMT
Connection: keep-alive
Keep-Alive: timeout=600

22:20:11.830 [AsyncHttpClient-1-2] DEBUG org.asynchttpclient.netty.channel.ChannelManager - Adding key: http://0.0.0.0:4723 for channel [id: 0x0f502b57, L:/127.0.0.1:58549 - R:/127.0.0.1:4723]
22:20:11.833 [Forwarding isElementDisplayed on session 2745d7a4-0a6f-4a52-9197-78cc3e620ed2 to remote] DEBUG org.asynchttpclient.netty.request.NettyRequestSender - Using pooled Channel '[id: 0x0f502b57, L:/127.0.0.1:58549 - R:/127.0.0.1:4723]' for 'GET' to 'http://0.0.0.0:4723/wd/hub/session/2745d7a4-0a6f-4a52-9197-78cc3e620ed2/element/00000000-0000-06a9-0000-000700000003/displayed'
22:20:11.833 [Forwarding isElementDisplayed on session 2745d7a4-0a6f-4a52-9197-78cc3e620ed2 to remote] DEBUG org.asynchttpclient.netty.request.NettyRequestSender - Using open Channel [id: 0x0f502b57, L:/127.0.0.1:58549 - R:/127.0.0.1:4723] for GET '/wd/hub/session/2745d7a4-0a6f-4a52-9197-78cc3e620ed2/element/00000000-0000-06a9-0000-000700000003/displayed'
22:20:11.860 [AsyncHttpClient-1-2] DEBUG org.asynchttpclient.netty.handler.HttpHandler - 

Request DefaultFullHttpRequest(decodeResult: success, version: HTTP/1.1, content: EmptyByteBufBE)
GET /wd/hub/session/2745d7a4-0a6f-4a52-9197-78cc3e620ed2/element/00000000-0000-06a9-0000-000700000003/displayed HTTP/1.1
User-Agent: appium/8.3.0 (selenium/4.8.1 (java windows))
Cache-Control: no-cache
Content-Type: application/json; charset=utf-8
host: 0.0.0.0:4723
accept: */*

Response DefaultHttpResponse(decodeResult: success, version: HTTP/1.1)
HTTP/1.1 200 OK
X-Powered-By: Express
Content-Type: application/json; charset=utf-8
Content-Length: 14
ETag: W/"e-2ZHvAWebNQpyjGZTg6uyV8/spTo"
Date: Tue, 09 May 2023 15:20:11 GMT
Connection: keep-alive
Keep-Alive: timeout=600

22:20:11.860 [AsyncHttpClient-1-2] DEBUG org.asynchttpclient.netty.channel.ChannelManager - Adding key: http://0.0.0.0:4723 for channel [id: 0x0f502b57, L:/127.0.0.1:58549 - R:/127.0.0.1:4723]
22:20:11.862 [Forwarding isElementEnabled on session 2745d7a4-0a6f-4a52-9197-78cc3e620ed2 to remote] DEBUG org.asynchttpclient.netty.request.NettyRequestSender - Using pooled Channel '[id: 0x0f502b57, L:/127.0.0.1:58549 - R:/127.0.0.1:4723]' for 'GET' to 'http://0.0.0.0:4723/wd/hub/session/2745d7a4-0a6f-4a52-9197-78cc3e620ed2/element/00000000-0000-06a9-0000-000700000003/enabled'
22:20:11.862 [Forwarding isElementEnabled on session 2745d7a4-0a6f-4a52-9197-78cc3e620ed2 to remote] DEBUG org.asynchttpclient.netty.request.NettyRequestSender - Using open Channel [id: 0x0f502b57, L:/127.0.0.1:58549 - R:/127.0.0.1:4723] for GET '/wd/hub/session/2745d7a4-0a6f-4a52-9197-78cc3e620ed2/element/00000000-0000-06a9-0000-000700000003/enabled'
22:20:11.889 [AsyncHttpClient-1-2] DEBUG org.asynchttpclient.netty.handler.HttpHandler - 

Request DefaultFullHttpRequest(decodeResult: success, version: HTTP/1.1, content: EmptyByteBufBE)
GET /wd/hub/session/2745d7a4-0a6f-4a52-9197-78cc3e620ed2/element/00000000-0000-06a9-0000-000700000003/enabled HTTP/1.1
User-Agent: appium/8.3.0 (selenium/4.8.1 (java windows))
Cache-Control: no-cache
Content-Type: application/json; charset=utf-8
host: 0.0.0.0:4723
accept: */*

Response DefaultHttpResponse(decodeResult: success, version: HTTP/1.1)
HTTP/1.1 200 OK
X-Powered-By: Express
Content-Type: application/json; charset=utf-8
Content-Length: 14
ETag: W/"e-2ZHvAWebNQpyjGZTg6uyV8/spTo"
Date: Tue, 09 May 2023 15:20:11 GMT
Connection: keep-alive
Keep-Alive: timeout=600

22:20:11.890 [AsyncHttpClient-1-2] DEBUG org.asynchttpclient.netty.channel.ChannelManager - Adding key: http://0.0.0.0:4723 for channel [id: 0x0f502b57, L:/127.0.0.1:58549 - R:/127.0.0.1:4723]
22:20:11.891 [Forwarding clickElement on session 2745d7a4-0a6f-4a52-9197-78cc3e620ed2 to remote] DEBUG org.asynchttpclient.netty.request.NettyRequestSender - Using pooled Channel '[id: 0x0f502b57, L:/127.0.0.1:58549 - R:/127.0.0.1:4723]' for 'POST' to 'http://0.0.0.0:4723/wd/hub/session/2745d7a4-0a6f-4a52-9197-78cc3e620ed2/element/00000000-0000-06a9-0000-000700000003/click'
22:20:11.891 [Forwarding clickElement on session 2745d7a4-0a6f-4a52-9197-78cc3e620ed2 to remote] DEBUG org.asynchttpclient.netty.request.NettyRequestSender - Using open Channel [id: 0x0f502b57, L:/127.0.0.1:58549 - R:/127.0.0.1:4723] for POST '/wd/hub/session/2745d7a4-0a6f-4a52-9197-78cc3e620ed2/element/00000000-0000-06a9-0000-000700000003/click'
22:20:12.823 [AsyncHttpClient-1-2] DEBUG org.asynchttpclient.netty.handler.HttpHandler - 

Request DefaultHttpRequest(decodeResult: success, version: HTTP/1.1)
POST /wd/hub/session/2745d7a4-0a6f-4a52-9197-78cc3e620ed2/element/00000000-0000-06a9-0000-000700000003/click HTTP/1.1
User-Agent: appium/8.3.0 (selenium/4.8.1 (java windows))
Content-Length: 50
Content-Type: application/json; charset=utf-8
host: 0.0.0.0:4723
accept: */*

Response DefaultHttpResponse(decodeResult: success, version: HTTP/1.1)
HTTP/1.1 200 OK
X-Powered-By: Express
Vary: X-HTTP-Method-Override
Content-Type: application/json; charset=utf-8
Content-Length: 14
ETag: W/"e-9/1BuKMgFObM1mWJm+YjxtXJnUM"
Date: Tue, 09 May 2023 15:20:12 GMT
Connection: keep-alive
Keep-Alive: timeout=600

22:20:12.825 [AsyncHttpClient-1-2] DEBUG org.asynchttpclient.netty.channel.ChannelManager - Adding key: http://0.0.0.0:4723 for channel [id: 0x0f502b57, L:/127.0.0.1:58549 - R:/127.0.0.1:4723]
22:20:12.826 [main] DEBUG net.thucydides.core.steps.StepInterceptor - STEP DONE: clickButtonLogin
]]></system-out>
  </testcase>
  <testcase name="user click link register for register feature" classname="user tidak dapat register karena tidak mengisi field nama lengkap" time="15.199">
    <error type="org.openqa.selenium.TimeoutException"><![CDATA[org.openqa.selenium.TimeoutException: 
Expected condition failed: waiting for element to be clickable: By.xpath: //android.widget.Button[@content-desc="Register"] (tried for 15 second(s) with 500 milliseconds interval)
Build info: version: '4.8.1', revision: '8ebccac989'
System info: os.name: 'Windows 11', os.arch: 'amd64', os.version: '10.0', java.version: '19.0.2'
Driver info: io.appium.java_client.android.AndroidDriver
Capabilities {appium:app: C:\Users\HP\Downloads\Mini-..., appium:appPackage: com.example.frontend_mobile, appium:automationName: UiAutomator2, appium:databaseEnabled: false, appium:desired: {app: C:\Users\HP\Downloads\Mini-..., automationName: UiAutomator2, platformName: ANDROID, platformVersion: 13.0}, appium:deviceApiLevel: 33, appium:deviceManufacturer: Google, appium:deviceModel: sdk_gphone_x86_64, appium:deviceName: emulator-5554, appium:deviceScreenDensity: 440, appium:deviceScreenSize: 1080x2340, appium:deviceUDID: emulator-5554, appium:javascriptEnabled: true, appium:locationContextEnabled: false, appium:networkConnectionEnabled: true, appium:pixelRatio: 2.75, appium:platformVersion: 13, appium:statBarHeight: 136, appium:takesScreenshot: true, appium:viewportRect: {height: 2002, left: 0, top: 136, width: 1080}, appium:warnings: {}, appium:webStorageEnabled: false, platformName: ANDROID}
Session ID: 2745d7a4-0a6f-4a52-9197-78cc3e620ed2
]]></error>
    <system-out><![CDATA[22:20:12.838 [main] DEBUG net.thucydides.core.steps.StepInterceptor - STARTING STEP: RegisterSteps.userClickLinkRegisterForRegisterFeature - clickLinkRegister
22:20:12.843 [Forwarding findElement on session 2745d7a4-0a6f-4a52-9197-78cc3e620ed2 to remote] DEBUG org.asynchttpclient.netty.request.NettyRequestSender - Using pooled Channel '[id: 0x0f502b57, L:/127.0.0.1:58549 - R:/127.0.0.1:4723]' for 'POST' to 'http://0.0.0.0:4723/wd/hub/session/2745d7a4-0a6f-4a52-9197-78cc3e620ed2/element'
22:20:12.843 [Forwarding findElement on session 2745d7a4-0a6f-4a52-9197-78cc3e620ed2 to remote] DEBUG org.asynchttpclient.netty.request.NettyRequestSender - Using open Channel [id: 0x0f502b57, L:/127.0.0.1:58549 - R:/127.0.0.1:4723] for POST '/wd/hub/session/2745d7a4-0a6f-4a52-9197-78cc3e620ed2/element'
22:20:28.015 [AsyncHttpClient-1-2] DEBUG org.asynchttpclient.netty.handler.HttpHandler - 

Request DefaultHttpRequest(decodeResult: success, version: HTTP/1.1)
POST /wd/hub/session/2745d7a4-0a6f-4a52-9197-78cc3e620ed2/element HTTP/1.1
User-Agent: appium/8.3.0 (selenium/4.8.1 (java windows))
Content-Length: 98
Content-Type: application/json; charset=utf-8
host: 0.0.0.0:4723
accept: */*

Response DefaultHttpResponse(decodeResult: success, version: HTTP/1.1)
HTTP/1.1 404 Not Found
X-Powered-By: Express
Vary: X-HTTP-Method-Override
Content-Type: application/json; charset=utf-8
Content-Length: 871
ETag: W/"367-IXaP8XpLxHpgELByyHUk78GqGvI"
Date: Tue, 09 May 2023 15:20:28 GMT
Connection: keep-alive
Keep-Alive: timeout=600

22:20:28.016 [AsyncHttpClient-1-2] DEBUG org.asynchttpclient.netty.channel.ChannelManager - Adding key: http://0.0.0.0:4723 for channel [id: 0x0f502b57, L:/127.0.0.1:58549 - R:/127.0.0.1:4723]
]]></system-out>
  </testcase>
  <testcase name="user does not input fullname for register feature" classname="user tidak dapat register karena tidak mengisi field nama lengkap" time="0">
    <skipped type="io.cucumber.junit.SkippedThrowable"><![CDATA[io.cucumber.junit.SkippedThrowable: This step is skipped
]]></skipped>
  </testcase>
  <testcase name="user input email for register feature" classname="user tidak dapat register karena tidak mengisi field nama lengkap" time="0">
    <skipped type="io.cucumber.junit.SkippedThrowable"><![CDATA[io.cucumber.junit.SkippedThrowable: This step is skipped
]]></skipped>
    <system-out><![CDATA[22:20:28.066 [AsyncHttpClient-1-1] DEBUG org.asynchttpclient.netty.channel.DefaultChannelPool - Entry count for : http://0.0.0.0:4723 : 1
]]></system-out>
  </testcase>
  <testcase name="user input password for register feature" classname="user tidak dapat register karena tidak mengisi field nama lengkap" time="0">
    <skipped type="io.cucumber.junit.SkippedThrowable"><![CDATA[io.cucumber.junit.SkippedThrowable: This step is skipped
]]></skipped>
  </testcase>
  <testcase name="user click register button for register feature" classname="user tidak dapat register karena tidak mengisi field nama lengkap" time="0">
    <skipped type="io.cucumber.junit.SkippedThrowable"><![CDATA[io.cucumber.junit.SkippedThrowable: This step is skipped
]]></skipped>
  </testcase>
  <testcase name="user see error message fullname is required or can not empty" classname="user tidak dapat register karena tidak mengisi field nama lengkap" time="0">
    <skipped type="io.cucumber.junit.SkippedThrowable"><![CDATA[io.cucumber.junit.SkippedThrowable: This step is skipped
]]></skipped>
  </testcase>
  <testcase name="user on homepage AltaShop for register feature" classname="user tidak dapat register karena tidak mengisi field nama email" time="10.03">
    <system-out><![CDATA[22:20:28.130 [main] DEBUG io.cucumber.core.plugin.SerenityReporter - Running feature from file:///C:/Users/HP/Downloads/Mini-Project-QA/ALTASHOP%20MOBILE%20AUTOMATION/src/test/resources/features/2.%20Register.feature
22:20:28.134 [main] INFO  - 
  _____   ___   ___   _____     ___   _____     _     ___   _____   ___   ___  
 |_   _| | __| / __| |_   _|   / __| |_   _|   /_\   | _ \ |_   _| | __| |   \ 
   | |   | _|  \__ \   | |     \__ \   | |    / _ \  |   /   | |   | _|  | |) |
   |_|   |___| |___/   |_|     |___/   |_|   /_/ \_\ |_|_\   |_|   |___| |___/ 

user tidak dapat register karena tidak mengisi field nama email(register;user-tidak-dapat-register-karena-tidak-mengisi-field-nama-email)
--------------------------------------------------------------------------------
22:20:28.152 [main] DEBUG net.thucydides.core.steps.StepInterceptor - STARTING STEP: RegisterSteps.userOnHomepageAltaShopForRegisterFeature - onHomepageAltaShop
22:20:28.160 [Forwarding newSession on session null to remote] DEBUG org.asynchttpclient.netty.request.NettyRequestSender - Using pooled Channel '[id: 0x0f502b57, L:/127.0.0.1:58549 - R:/127.0.0.1:4723]' for 'POST' to 'http://0.0.0.0:4723/wd/hub/session'
22:20:28.160 [Forwarding newSession on session null to remote] DEBUG org.asynchttpclient.netty.request.NettyRequestSender - Using open Channel [id: 0x0f502b57, L:/127.0.0.1:58549 - R:/127.0.0.1:4723] for POST '/wd/hub/session'
22:20:37.155 [AsyncHttpClient-1-2] DEBUG org.asynchttpclient.netty.handler.HttpHandler - 

Request DefaultHttpRequest(decodeResult: success, version: HTTP/1.1)
POST /wd/hub/session HTTP/1.1
X-Idempotency-Key: 5bec20e3-ff2a-4695-9866-5af877e0c471
User-Agent: appium/8.3.0 (selenium/4.8.1 (java windows))
Content-Length: 335
Content-Type: application/json; charset=utf-8
host: 0.0.0.0:4723
accept: */*

Response DefaultHttpResponse(decodeResult: success, version: HTTP/1.1)
HTTP/1.1 200 OK
X-Powered-By: Express
Vary: X-HTTP-Method-Override
Content-Type: application/json; charset=utf-8
Content-Length: 988
ETag: W/"3dc-R5FZbuMdKadjLmwaA7/uy77NRRA"
Date: Tue, 09 May 2023 15:20:37 GMT
Connection: keep-alive
Keep-Alive: timeout=600

22:20:37.155 [AsyncHttpClient-1-2] DEBUG org.asynchttpclient.netty.channel.ChannelManager - Adding key: http://0.0.0.0:4723 for channel [id: 0x0f502b57, L:/127.0.0.1:58549 - R:/127.0.0.1:4723]
22:20:37.167 [Forwarding setTimeout on session 97ba56ba-2346-462a-a119-1131c5ca4e65 to remote] DEBUG org.asynchttpclient.netty.request.NettyRequestSender - Using pooled Channel '[id: 0x0f502b57, L:/127.0.0.1:58549 - R:/127.0.0.1:4723]' for 'POST' to 'http://0.0.0.0:4723/wd/hub/session/97ba56ba-2346-462a-a119-1131c5ca4e65/timeouts'
22:20:37.167 [Forwarding setTimeout on session 97ba56ba-2346-462a-a119-1131c5ca4e65 to remote] DEBUG org.asynchttpclient.netty.request.NettyRequestSender - Using open Channel [id: 0x0f502b57, L:/127.0.0.1:58549 - R:/127.0.0.1:4723] for POST '/wd/hub/session/97ba56ba-2346-462a-a119-1131c5ca4e65/timeouts'
22:20:37.176 [AsyncHttpClient-1-2] DEBUG org.asynchttpclient.netty.handler.HttpHandler - 

Request DefaultHttpRequest(decodeResult: success, version: HTTP/1.1)
POST /wd/hub/session/97ba56ba-2346-462a-a119-1131c5ca4e65/timeouts HTTP/1.1
User-Agent: appium/8.3.0 (selenium/4.8.1 (java windows))
Content-Length: 23
Content-Type: application/json; charset=utf-8
host: 0.0.0.0:4723
accept: */*

Response DefaultHttpResponse(decodeResult: success, version: HTTP/1.1)
HTTP/1.1 200 OK
X-Powered-By: Express
Vary: X-HTTP-Method-Override
Content-Type: application/json; charset=utf-8
Content-Length: 14
ETag: W/"e-9/1BuKMgFObM1mWJm+YjxtXJnUM"
Date: Tue, 09 May 2023 15:20:37 GMT
Connection: keep-alive
Keep-Alive: timeout=600

22:20:37.177 [AsyncHttpClient-1-2] DEBUG org.asynchttpclient.netty.channel.ChannelManager - Adding key: http://0.0.0.0:4723 for channel [id: 0x0f502b57, L:/127.0.0.1:58549 - R:/127.0.0.1:4723]
22:20:37.180 [Forwarding findElement on session 97ba56ba-2346-462a-a119-1131c5ca4e65 to remote] DEBUG org.asynchttpclient.netty.request.NettyRequestSender - Using pooled Channel '[id: 0x0f502b57, L:/127.0.0.1:58549 - R:/127.0.0.1:4723]' for 'POST' to 'http://0.0.0.0:4723/wd/hub/session/97ba56ba-2346-462a-a119-1131c5ca4e65/element'
22:20:37.180 [Forwarding findElement on session 97ba56ba-2346-462a-a119-1131c5ca4e65 to remote] DEBUG org.asynchttpclient.netty.request.NettyRequestSender - Using open Channel [id: 0x0f502b57, L:/127.0.0.1:58549 - R:/127.0.0.1:4723] for POST '/wd/hub/session/97ba56ba-2346-462a-a119-1131c5ca4e65/element'
22:20:37.957 [AsyncHttpClient-1-2] DEBUG org.asynchttpclient.netty.handler.HttpHandler - 

Request DefaultHttpRequest(decodeResult: success, version: HTTP/1.1)
POST /wd/hub/session/97ba56ba-2346-462a-a119-1131c5ca4e65/element HTTP/1.1
User-Agent: appium/8.3.0 (selenium/4.8.1 (java windows))
Content-Length: 326
Content-Type: application/json; charset=utf-8
host: 0.0.0.0:4723
accept: */*

Response DefaultHttpResponse(decodeResult: success, version: HTTP/1.1)
HTTP/1.1 200 OK
X-Powered-By: Express
Vary: X-HTTP-Method-Override
Content-Type: application/json; charset=utf-8
Content-Length: 137
ETag: W/"89-WpEfOVHe+Ipepp0kqw/iVvH5epE"
Date: Tue, 09 May 2023 15:20:37 GMT
Connection: keep-alive
Keep-Alive: timeout=600

22:20:37.957 [AsyncHttpClient-1-2] DEBUG org.asynchttpclient.netty.channel.ChannelManager - Adding key: http://0.0.0.0:4723 for channel [id: 0x0f502b57, L:/127.0.0.1:58549 - R:/127.0.0.1:4723]
22:20:37.958 [Forwarding isElementDisplayed on session 97ba56ba-2346-462a-a119-1131c5ca4e65 to remote] DEBUG org.asynchttpclient.netty.request.NettyRequestSender - Using pooled Channel '[id: 0x0f502b57, L:/127.0.0.1:58549 - R:/127.0.0.1:4723]' for 'GET' to 'http://0.0.0.0:4723/wd/hub/session/97ba56ba-2346-462a-a119-1131c5ca4e65/element/00000000-0000-06b7-0000-000700000003/displayed'
22:20:37.958 [Forwarding isElementDisplayed on session 97ba56ba-2346-462a-a119-1131c5ca4e65 to remote] DEBUG org.asynchttpclient.netty.request.NettyRequestSender - Using open Channel [id: 0x0f502b57, L:/127.0.0.1:58549 - R:/127.0.0.1:4723] for GET '/wd/hub/session/97ba56ba-2346-462a-a119-1131c5ca4e65/element/00000000-0000-06b7-0000-000700000003/displayed'
22:20:38.128 [AsyncHttpClient-1-2] DEBUG org.asynchttpclient.netty.handler.HttpHandler - 

Request DefaultFullHttpRequest(decodeResult: success, version: HTTP/1.1, content: EmptyByteBufBE)
GET /wd/hub/session/97ba56ba-2346-462a-a119-1131c5ca4e65/element/00000000-0000-06b7-0000-000700000003/displayed HTTP/1.1
User-Agent: appium/8.3.0 (selenium/4.8.1 (java windows))
Cache-Control: no-cache
Content-Type: application/json; charset=utf-8
host: 0.0.0.0:4723
accept: */*

Response DefaultHttpResponse(decodeResult: success, version: HTTP/1.1)
HTTP/1.1 200 OK
X-Powered-By: Express
Content-Type: application/json; charset=utf-8
Content-Length: 14
ETag: W/"e-2ZHvAWebNQpyjGZTg6uyV8/spTo"
Date: Tue, 09 May 2023 15:20:38 GMT
Connection: keep-alive
Keep-Alive: timeout=600

22:20:38.129 [AsyncHttpClient-1-2] DEBUG org.asynchttpclient.netty.channel.ChannelManager - Adding key: http://0.0.0.0:4723 for channel [id: 0x0f502b57, L:/127.0.0.1:58549 - R:/127.0.0.1:4723]
22:20:38.131 [Forwarding isElementDisplayed on session 97ba56ba-2346-462a-a119-1131c5ca4e65 to remote] DEBUG org.asynchttpclient.netty.request.NettyRequestSender - Using pooled Channel '[id: 0x0f502b57, L:/127.0.0.1:58549 - R:/127.0.0.1:4723]' for 'GET' to 'http://0.0.0.0:4723/wd/hub/session/97ba56ba-2346-462a-a119-1131c5ca4e65/element/00000000-0000-06b7-0000-000700000003/displayed'
22:20:38.131 [Forwarding isElementDisplayed on session 97ba56ba-2346-462a-a119-1131c5ca4e65 to remote] DEBUG org.asynchttpclient.netty.request.NettyRequestSender - Using open Channel [id: 0x0f502b57, L:/127.0.0.1:58549 - R:/127.0.0.1:4723] for GET '/wd/hub/session/97ba56ba-2346-462a-a119-1131c5ca4e65/element/00000000-0000-06b7-0000-000700000003/displayed'
22:20:38.167 [AsyncHttpClient-1-2] DEBUG org.asynchttpclient.netty.handler.HttpHandler - 

Request DefaultFullHttpRequest(decodeResult: success, version: HTTP/1.1, content: EmptyByteBufBE)
GET /wd/hub/session/97ba56ba-2346-462a-a119-1131c5ca4e65/element/00000000-0000-06b7-0000-000700000003/displayed HTTP/1.1
User-Agent: appium/8.3.0 (selenium/4.8.1 (java windows))
Cache-Control: no-cache
Content-Type: application/json; charset=utf-8
host: 0.0.0.0:4723
accept: */*

Response DefaultHttpResponse(decodeResult: success, version: HTTP/1.1)
HTTP/1.1 200 OK
X-Powered-By: Express
Content-Type: application/json; charset=utf-8
Content-Length: 14
ETag: W/"e-2ZHvAWebNQpyjGZTg6uyV8/spTo"
Date: Tue, 09 May 2023 15:20:38 GMT
Connection: keep-alive
Keep-Alive: timeout=600

22:20:38.167 [AsyncHttpClient-1-2] DEBUG org.asynchttpclient.netty.channel.ChannelManager - Adding key: http://0.0.0.0:4723 for channel [id: 0x0f502b57, L:/127.0.0.1:58549 - R:/127.0.0.1:4723]
22:20:38.169 [main] DEBUG net.thucydides.core.steps.StepInterceptor - STEP DONE: onHomepageAltaShop
]]></system-out>
  </testcase>
  <testcase name="user click login button for register feature" classname="user tidak dapat register karena tidak mengisi field nama email" time="0.751">
    <system-out><![CDATA[22:20:38.178 [main] DEBUG net.thucydides.core.steps.StepInterceptor - STARTING STEP: RegisterSteps.userClickLoginButtonForRegisterFeature - clickButtonLogin
22:20:38.183 [Forwarding findElement on session 97ba56ba-2346-462a-a119-1131c5ca4e65 to remote] DEBUG org.asynchttpclient.netty.request.NettyRequestSender - Using pooled Channel '[id: 0x0f502b57, L:/127.0.0.1:58549 - R:/127.0.0.1:4723]' for 'POST' to 'http://0.0.0.0:4723/wd/hub/session/97ba56ba-2346-462a-a119-1131c5ca4e65/element'
22:20:38.183 [Forwarding findElement on session 97ba56ba-2346-462a-a119-1131c5ca4e65 to remote] DEBUG org.asynchttpclient.netty.request.NettyRequestSender - Using open Channel [id: 0x0f502b57, L:/127.0.0.1:58549 - R:/127.0.0.1:4723] for POST '/wd/hub/session/97ba56ba-2346-462a-a119-1131c5ca4e65/element'
22:20:38.282 [AsyncHttpClient-1-2] DEBUG org.asynchttpclient.netty.handler.HttpHandler - 

Request DefaultHttpRequest(decodeResult: success, version: HTTP/1.1)
POST /wd/hub/session/97ba56ba-2346-462a-a119-1131c5ca4e65/element HTTP/1.1
User-Agent: appium/8.3.0 (selenium/4.8.1 (java windows))
Content-Length: 326
Content-Type: application/json; charset=utf-8
host: 0.0.0.0:4723
accept: */*

Response DefaultHttpResponse(decodeResult: success, version: HTTP/1.1)
HTTP/1.1 200 OK
X-Powered-By: Express
Vary: X-HTTP-Method-Override
Content-Type: application/json; charset=utf-8
Content-Length: 137
ETag: W/"89-WpEfOVHe+Ipepp0kqw/iVvH5epE"
Date: Tue, 09 May 2023 15:20:38 GMT
Connection: keep-alive
Keep-Alive: timeout=600

22:20:38.282 [AsyncHttpClient-1-2] DEBUG org.asynchttpclient.netty.channel.ChannelManager - Adding key: http://0.0.0.0:4723 for channel [id: 0x0f502b57, L:/127.0.0.1:58549 - R:/127.0.0.1:4723]
22:20:38.284 [Forwarding isElementDisplayed on session 97ba56ba-2346-462a-a119-1131c5ca4e65 to remote] DEBUG org.asynchttpclient.netty.request.NettyRequestSender - Using pooled Channel '[id: 0x0f502b57, L:/127.0.0.1:58549 - R:/127.0.0.1:4723]' for 'GET' to 'http://0.0.0.0:4723/wd/hub/session/97ba56ba-2346-462a-a119-1131c5ca4e65/element/00000000-0000-06b7-0000-000700000003/displayed'
22:20:38.284 [Forwarding isElementDisplayed on session 97ba56ba-2346-462a-a119-1131c5ca4e65 to remote] DEBUG org.asynchttpclient.netty.request.NettyRequestSender - Using open Channel [id: 0x0f502b57, L:/127.0.0.1:58549 - R:/127.0.0.1:4723] for GET '/wd/hub/session/97ba56ba-2346-462a-a119-1131c5ca4e65/element/00000000-0000-06b7-0000-000700000003/displayed'
22:20:38.312 [AsyncHttpClient-1-2] DEBUG org.asynchttpclient.netty.handler.HttpHandler - 

Request DefaultFullHttpRequest(decodeResult: success, version: HTTP/1.1, content: EmptyByteBufBE)
GET /wd/hub/session/97ba56ba-2346-462a-a119-1131c5ca4e65/element/00000000-0000-06b7-0000-000700000003/displayed HTTP/1.1
User-Agent: appium/8.3.0 (selenium/4.8.1 (java windows))
Cache-Control: no-cache
Content-Type: application/json; charset=utf-8
host: 0.0.0.0:4723
accept: */*

Response DefaultHttpResponse(decodeResult: success, version: HTTP/1.1)
HTTP/1.1 200 OK
X-Powered-By: Express
Content-Type: application/json; charset=utf-8
Content-Length: 14
ETag: W/"e-2ZHvAWebNQpyjGZTg6uyV8/spTo"
Date: Tue, 09 May 2023 15:20:38 GMT
Connection: keep-alive
Keep-Alive: timeout=600

22:20:38.312 [AsyncHttpClient-1-2] DEBUG org.asynchttpclient.netty.channel.ChannelManager - Adding key: http://0.0.0.0:4723 for channel [id: 0x0f502b57, L:/127.0.0.1:58549 - R:/127.0.0.1:4723]
22:20:38.314 [Forwarding isElementEnabled on session 97ba56ba-2346-462a-a119-1131c5ca4e65 to remote] DEBUG org.asynchttpclient.netty.request.NettyRequestSender - Using pooled Channel '[id: 0x0f502b57, L:/127.0.0.1:58549 - R:/127.0.0.1:4723]' for 'GET' to 'http://0.0.0.0:4723/wd/hub/session/97ba56ba-2346-462a-a119-1131c5ca4e65/element/00000000-0000-06b7-0000-000700000003/enabled'
22:20:38.314 [Forwarding isElementEnabled on session 97ba56ba-2346-462a-a119-1131c5ca4e65 to remote] DEBUG org.asynchttpclient.netty.request.NettyRequestSender - Using open Channel [id: 0x0f502b57, L:/127.0.0.1:58549 - R:/127.0.0.1:4723] for GET '/wd/hub/session/97ba56ba-2346-462a-a119-1131c5ca4e65/element/00000000-0000-06b7-0000-000700000003/enabled'
22:20:38.341 [AsyncHttpClient-1-2] DEBUG org.asynchttpclient.netty.handler.HttpHandler - 

Request DefaultFullHttpRequest(decodeResult: success, version: HTTP/1.1, content: EmptyByteBufBE)
GET /wd/hub/session/97ba56ba-2346-462a-a119-1131c5ca4e65/element/00000000-0000-06b7-0000-000700000003/enabled HTTP/1.1
User-Agent: appium/8.3.0 (selenium/4.8.1 (java windows))
Cache-Control: no-cache
Content-Type: application/json; charset=utf-8
host: 0.0.0.0:4723
accept: */*

Response DefaultHttpResponse(decodeResult: success, version: HTTP/1.1)
HTTP/1.1 200 OK
X-Powered-By: Express
Content-Type: application/json; charset=utf-8
Content-Length: 14
ETag: W/"e-2ZHvAWebNQpyjGZTg6uyV8/spTo"
Date: Tue, 09 May 2023 15:20:38 GMT
Connection: keep-alive
Keep-Alive: timeout=600

22:20:38.341 [AsyncHttpClient-1-2] DEBUG org.asynchttpclient.netty.channel.ChannelManager - Adding key: http://0.0.0.0:4723 for channel [id: 0x0f502b57, L:/127.0.0.1:58549 - R:/127.0.0.1:4723]
22:20:38.344 [Forwarding clickElement on session 97ba56ba-2346-462a-a119-1131c5ca4e65 to remote] DEBUG org.asynchttpclient.netty.request.NettyRequestSender - Using pooled Channel '[id: 0x0f502b57, L:/127.0.0.1:58549 - R:/127.0.0.1:4723]' for 'POST' to 'http://0.0.0.0:4723/wd/hub/session/97ba56ba-2346-462a-a119-1131c5ca4e65/element/00000000-0000-06b7-0000-000700000003/click'
22:20:38.344 [Forwarding clickElement on session 97ba56ba-2346-462a-a119-1131c5ca4e65 to remote] DEBUG org.asynchttpclient.netty.request.NettyRequestSender - Using open Channel [id: 0x0f502b57, L:/127.0.0.1:58549 - R:/127.0.0.1:4723] for POST '/wd/hub/session/97ba56ba-2346-462a-a119-1131c5ca4e65/element/00000000-0000-06b7-0000-000700000003/click'
22:20:38.921 [AsyncHttpClient-1-2] DEBUG org.asynchttpclient.netty.handler.HttpHandler - 

Request DefaultHttpRequest(decodeResult: success, version: HTTP/1.1)
POST /wd/hub/session/97ba56ba-2346-462a-a119-1131c5ca4e65/element/00000000-0000-06b7-0000-000700000003/click HTTP/1.1
User-Agent: appium/8.3.0 (selenium/4.8.1 (java windows))
Content-Length: 50
Content-Type: application/json; charset=utf-8
host: 0.0.0.0:4723
accept: */*

Response DefaultHttpResponse(decodeResult: success, version: HTTP/1.1)
HTTP/1.1 200 OK
X-Powered-By: Express
Vary: X-HTTP-Method-Override
Content-Type: application/json; charset=utf-8
Content-Length: 14
ETag: W/"e-9/1BuKMgFObM1mWJm+YjxtXJnUM"
Date: Tue, 09 May 2023 15:20:38 GMT
Connection: keep-alive
Keep-Alive: timeout=600

22:20:38.922 [AsyncHttpClient-1-2] DEBUG org.asynchttpclient.netty.channel.ChannelManager - Adding key: http://0.0.0.0:4723 for channel [id: 0x0f502b57, L:/127.0.0.1:58549 - R:/127.0.0.1:4723]
22:20:38.923 [main] DEBUG net.thucydides.core.steps.StepInterceptor - STEP DONE: clickButtonLogin
]]></system-out>
  </testcase>
  <testcase name="user click link register for register feature" classname="user tidak dapat register karena tidak mengisi field nama email" time="1.01">
    <system-out><![CDATA[22:20:38.940 [main] DEBUG net.thucydides.core.steps.StepInterceptor - STARTING STEP: RegisterSteps.userClickLinkRegisterForRegisterFeature - clickLinkRegister
22:20:38.943 [Forwarding findElement on session 97ba56ba-2346-462a-a119-1131c5ca4e65 to remote] DEBUG org.asynchttpclient.netty.request.NettyRequestSender - Using pooled Channel '[id: 0x0f502b57, L:/127.0.0.1:58549 - R:/127.0.0.1:4723]' for 'POST' to 'http://0.0.0.0:4723/wd/hub/session/97ba56ba-2346-462a-a119-1131c5ca4e65/element'
22:20:38.943 [Forwarding findElement on session 97ba56ba-2346-462a-a119-1131c5ca4e65 to remote] DEBUG org.asynchttpclient.netty.request.NettyRequestSender - Using open Channel [id: 0x0f502b57, L:/127.0.0.1:58549 - R:/127.0.0.1:4723] for POST '/wd/hub/session/97ba56ba-2346-462a-a119-1131c5ca4e65/element'
22:20:39.019 [AsyncHttpClient-1-2] DEBUG org.asynchttpclient.netty.handler.HttpHandler - 

Request DefaultHttpRequest(decodeResult: success, version: HTTP/1.1)
POST /wd/hub/session/97ba56ba-2346-462a-a119-1131c5ca4e65/element HTTP/1.1
User-Agent: appium/8.3.0 (selenium/4.8.1 (java windows))
Content-Length: 98
Content-Type: application/json; charset=utf-8
host: 0.0.0.0:4723
accept: */*

Response DefaultHttpResponse(decodeResult: success, version: HTTP/1.1)
HTTP/1.1 200 OK
X-Powered-By: Express
Vary: X-HTTP-Method-Override
Content-Type: application/json; charset=utf-8
Content-Length: 137
ETag: W/"89-mJlbQ5525JPyPunZiUEEw1j0pOE"
Date: Tue, 09 May 2023 15:20:39 GMT
Connection: keep-alive
Keep-Alive: timeout=600

22:20:39.019 [AsyncHttpClient-1-2] DEBUG org.asynchttpclient.netty.channel.ChannelManager - Adding key: http://0.0.0.0:4723 for channel [id: 0x0f502b57, L:/127.0.0.1:58549 - R:/127.0.0.1:4723]
22:20:39.022 [Forwarding isElementDisplayed on session 97ba56ba-2346-462a-a119-1131c5ca4e65 to remote] DEBUG org.asynchttpclient.netty.request.NettyRequestSender - Using pooled Channel '[id: 0x0f502b57, L:/127.0.0.1:58549 - R:/127.0.0.1:4723]' for 'GET' to 'http://0.0.0.0:4723/wd/hub/session/97ba56ba-2346-462a-a119-1131c5ca4e65/element/00000000-0000-06b7-0000-002a00000003/displayed'
22:20:39.022 [Forwarding isElementDisplayed on session 97ba56ba-2346-462a-a119-1131c5ca4e65 to remote] DEBUG org.asynchttpclient.netty.request.NettyRequestSender - Using open Channel [id: 0x0f502b57, L:/127.0.0.1:58549 - R:/127.0.0.1:4723] for GET '/wd/hub/session/97ba56ba-2346-462a-a119-1131c5ca4e65/element/00000000-0000-06b7-0000-002a00000003/displayed'
22:20:39.044 [AsyncHttpClient-1-2] DEBUG org.asynchttpclient.netty.handler.HttpHandler - 

Request DefaultFullHttpRequest(decodeResult: success, version: HTTP/1.1, content: EmptyByteBufBE)
GET /wd/hub/session/97ba56ba-2346-462a-a119-1131c5ca4e65/element/00000000-0000-06b7-0000-002a00000003/displayed HTTP/1.1
User-Agent: appium/8.3.0 (selenium/4.8.1 (java windows))
Cache-Control: no-cache
Content-Type: application/json; charset=utf-8
host: 0.0.0.0:4723
accept: */*

Response DefaultHttpResponse(decodeResult: success, version: HTTP/1.1)
HTTP/1.1 200 OK
X-Powered-By: Express
Content-Type: application/json; charset=utf-8
Content-Length: 14
ETag: W/"e-2ZHvAWebNQpyjGZTg6uyV8/spTo"
Date: Tue, 09 May 2023 15:20:39 GMT
Connection: keep-alive
Keep-Alive: timeout=600

22:20:39.044 [AsyncHttpClient-1-2] DEBUG org.asynchttpclient.netty.channel.ChannelManager - Adding key: http://0.0.0.0:4723 for channel [id: 0x0f502b57, L:/127.0.0.1:58549 - R:/127.0.0.1:4723]
22:20:39.046 [Forwarding isElementEnabled on session 97ba56ba-2346-462a-a119-1131c5ca4e65 to remote] DEBUG org.asynchttpclient.netty.request.NettyRequestSender - Using pooled Channel '[id: 0x0f502b57, L:/127.0.0.1:58549 - R:/127.0.0.1:4723]' for 'GET' to 'http://0.0.0.0:4723/wd/hub/session/97ba56ba-2346-462a-a119-1131c5ca4e65/element/00000000-0000-06b7-0000-002a00000003/enabled'
22:20:39.046 [Forwarding isElementEnabled on session 97ba56ba-2346-462a-a119-1131c5ca4e65 to remote] DEBUG org.asynchttpclient.netty.request.NettyRequestSender - Using open Channel [id: 0x0f502b57, L:/127.0.0.1:58549 - R:/127.0.0.1:4723] for GET '/wd/hub/session/97ba56ba-2346-462a-a119-1131c5ca4e65/element/00000000-0000-06b7-0000-002a00000003/enabled'
22:20:39.067 [AsyncHttpClient-1-2] DEBUG org.asynchttpclient.netty.handler.HttpHandler - 

Request DefaultFullHttpRequest(decodeResult: success, version: HTTP/1.1, content: EmptyByteBufBE)
GET /wd/hub/session/97ba56ba-2346-462a-a119-1131c5ca4e65/element/00000000-0000-06b7-0000-002a00000003/enabled HTTP/1.1
User-Agent: appium/8.3.0 (selenium/4.8.1 (java windows))
Cache-Control: no-cache
Content-Type: application/json; charset=utf-8
host: 0.0.0.0:4723
accept: */*

Response DefaultHttpResponse(decodeResult: success, version: HTTP/1.1)
HTTP/1.1 200 OK
X-Powered-By: Express
Content-Type: application/json; charset=utf-8
Content-Length: 14
ETag: W/"e-2ZHvAWebNQpyjGZTg6uyV8/spTo"
Date: Tue, 09 May 2023 15:20:39 GMT
Connection: keep-alive
Keep-Alive: timeout=600

22:20:39.067 [AsyncHttpClient-1-2] DEBUG org.asynchttpclient.netty.channel.ChannelManager - Adding key: http://0.0.0.0:4723 for channel [id: 0x0f502b57, L:/127.0.0.1:58549 - R:/127.0.0.1:4723]
22:20:39.070 [Forwarding clickElement on session 97ba56ba-2346-462a-a119-1131c5ca4e65 to remote] DEBUG org.asynchttpclient.netty.request.NettyRequestSender - Using pooled Channel '[id: 0x0f502b57, L:/127.0.0.1:58549 - R:/127.0.0.1:4723]' for 'POST' to 'http://0.0.0.0:4723/wd/hub/session/97ba56ba-2346-462a-a119-1131c5ca4e65/element/00000000-0000-06b7-0000-002a00000003/click'
22:20:39.070 [Forwarding clickElement on session 97ba56ba-2346-462a-a119-1131c5ca4e65 to remote] DEBUG org.asynchttpclient.netty.request.NettyRequestSender - Using open Channel [id: 0x0f502b57, L:/127.0.0.1:58549 - R:/127.0.0.1:4723] for POST '/wd/hub/session/97ba56ba-2346-462a-a119-1131c5ca4e65/element/00000000-0000-06b7-0000-002a00000003/click'
22:20:39.941 [AsyncHttpClient-1-2] DEBUG org.asynchttpclient.netty.handler.HttpHandler - 

Request DefaultHttpRequest(decodeResult: success, version: HTTP/1.1)
POST /wd/hub/session/97ba56ba-2346-462a-a119-1131c5ca4e65/element/00000000-0000-06b7-0000-002a00000003/click HTTP/1.1
User-Agent: appium/8.3.0 (selenium/4.8.1 (java windows))
Content-Length: 50
Content-Type: application/json; charset=utf-8
host: 0.0.0.0:4723
accept: */*

Response DefaultHttpResponse(decodeResult: success, version: HTTP/1.1)
HTTP/1.1 200 OK
X-Powered-By: Express
Vary: X-HTTP-Method-Override
Content-Type: application/json; charset=utf-8
Content-Length: 14
ETag: W/"e-9/1BuKMgFObM1mWJm+YjxtXJnUM"
Date: Tue, 09 May 2023 15:20:39 GMT
Connection: keep-alive
Keep-Alive: timeout=600

22:20:39.941 [AsyncHttpClient-1-2] DEBUG org.asynchttpclient.netty.channel.ChannelManager - Adding key: http://0.0.0.0:4723 for channel [id: 0x0f502b57, L:/127.0.0.1:58549 - R:/127.0.0.1:4723]
22:20:39.943 [main] DEBUG net.thucydides.core.steps.StepInterceptor - STEP DONE: clickLinkRegister
]]></system-out>
  </testcase>
  <testcase name="user input fullname for register feature" classname="user tidak dapat register karena tidak mengisi field nama email" time="1.397">
    <system-out><![CDATA[22:20:39.958 [main] DEBUG net.thucydides.core.steps.StepInterceptor - STARTING STEP: RegisterSteps.userInputFullnameForRegisterFeature - inputFullname
22:20:39.962 [Forwarding findElement on session 97ba56ba-2346-462a-a119-1131c5ca4e65 to remote] DEBUG org.asynchttpclient.netty.request.NettyRequestSender - Using pooled Channel '[id: 0x0f502b57, L:/127.0.0.1:58549 - R:/127.0.0.1:4723]' for 'POST' to 'http://0.0.0.0:4723/wd/hub/session/97ba56ba-2346-462a-a119-1131c5ca4e65/element'
22:20:39.962 [Forwarding findElement on session 97ba56ba-2346-462a-a119-1131c5ca4e65 to remote] DEBUG org.asynchttpclient.netty.request.NettyRequestSender - Using open Channel [id: 0x0f502b57, L:/127.0.0.1:58549 - R:/127.0.0.1:4723] for POST '/wd/hub/session/97ba56ba-2346-462a-a119-1131c5ca4e65/element'
22:20:40.039 [AsyncHttpClient-1-2] DEBUG org.asynchttpclient.netty.handler.HttpHandler - 

Request DefaultHttpRequest(decodeResult: success, version: HTTP/1.1)
POST /wd/hub/session/97ba56ba-2346-462a-a119-1131c5ca4e65/element HTTP/1.1
User-Agent: appium/8.3.0 (selenium/4.8.1 (java windows))
Content-Length: 305
Content-Type: application/json; charset=utf-8
host: 0.0.0.0:4723
accept: */*

Response DefaultHttpResponse(decodeResult: success, version: HTTP/1.1)
HTTP/1.1 200 OK
X-Powered-By: Express
Vary: X-HTTP-Method-Override
Content-Type: application/json; charset=utf-8
Content-Length: 137
ETag: W/"89-VUie3R4bS/iW8+F1MPauJu3dSUM"
Date: Tue, 09 May 2023 15:20:40 GMT
Connection: keep-alive
Keep-Alive: timeout=600

22:20:40.039 [AsyncHttpClient-1-2] DEBUG org.asynchttpclient.netty.channel.ChannelManager - Adding key: http://0.0.0.0:4723 for channel [id: 0x0f502b57, L:/127.0.0.1:58549 - R:/127.0.0.1:4723]
22:20:40.040 [Forwarding isElementDisplayed on session 97ba56ba-2346-462a-a119-1131c5ca4e65 to remote] DEBUG org.asynchttpclient.netty.request.NettyRequestSender - Using pooled Channel '[id: 0x0f502b57, L:/127.0.0.1:58549 - R:/127.0.0.1:4723]' for 'GET' to 'http://0.0.0.0:4723/wd/hub/session/97ba56ba-2346-462a-a119-1131c5ca4e65/element/00000000-0000-06b7-0000-003000000003/displayed'
22:20:40.040 [Forwarding isElementDisplayed on session 97ba56ba-2346-462a-a119-1131c5ca4e65 to remote] DEBUG org.asynchttpclient.netty.request.NettyRequestSender - Using open Channel [id: 0x0f502b57, L:/127.0.0.1:58549 - R:/127.0.0.1:4723] for GET '/wd/hub/session/97ba56ba-2346-462a-a119-1131c5ca4e65/element/00000000-0000-06b7-0000-003000000003/displayed'
22:20:40.063 [AsyncHttpClient-1-2] DEBUG org.asynchttpclient.netty.handler.HttpHandler - 

Request DefaultFullHttpRequest(decodeResult: success, version: HTTP/1.1, content: EmptyByteBufBE)
GET /wd/hub/session/97ba56ba-2346-462a-a119-1131c5ca4e65/element/00000000-0000-06b7-0000-003000000003/displayed HTTP/1.1
User-Agent: appium/8.3.0 (selenium/4.8.1 (java windows))
Cache-Control: no-cache
Content-Type: application/json; charset=utf-8
host: 0.0.0.0:4723
accept: */*

Response DefaultHttpResponse(decodeResult: success, version: HTTP/1.1)
HTTP/1.1 200 OK
X-Powered-By: Express
Content-Type: application/json; charset=utf-8
Content-Length: 14
ETag: W/"e-2ZHvAWebNQpyjGZTg6uyV8/spTo"
Date: Tue, 09 May 2023 15:20:40 GMT
Connection: keep-alive
Keep-Alive: timeout=600

22:20:40.063 [AsyncHttpClient-1-2] DEBUG org.asynchttpclient.netty.channel.ChannelManager - Adding key: http://0.0.0.0:4723 for channel [id: 0x0f502b57, L:/127.0.0.1:58549 - R:/127.0.0.1:4723]
22:20:40.064 [Forwarding isElementEnabled on session 97ba56ba-2346-462a-a119-1131c5ca4e65 to remote] DEBUG org.asynchttpclient.netty.request.NettyRequestSender - Using pooled Channel '[id: 0x0f502b57, L:/127.0.0.1:58549 - R:/127.0.0.1:4723]' for 'GET' to 'http://0.0.0.0:4723/wd/hub/session/97ba56ba-2346-462a-a119-1131c5ca4e65/element/00000000-0000-06b7-0000-003000000003/enabled'
22:20:40.064 [Forwarding isElementEnabled on session 97ba56ba-2346-462a-a119-1131c5ca4e65 to remote] DEBUG org.asynchttpclient.netty.request.NettyRequestSender - Using open Channel [id: 0x0f502b57, L:/127.0.0.1:58549 - R:/127.0.0.1:4723] for GET '/wd/hub/session/97ba56ba-2346-462a-a119-1131c5ca4e65/element/00000000-0000-06b7-0000-003000000003/enabled'
22:20:40.089 [AsyncHttpClient-1-2] DEBUG org.asynchttpclient.netty.handler.HttpHandler - 

Request DefaultFullHttpRequest(decodeResult: success, version: HTTP/1.1, content: EmptyByteBufBE)
GET /wd/hub/session/97ba56ba-2346-462a-a119-1131c5ca4e65/element/00000000-0000-06b7-0000-003000000003/enabled HTTP/1.1
User-Agent: appium/8.3.0 (selenium/4.8.1 (java windows))
Cache-Control: no-cache
Content-Type: application/json; charset=utf-8
host: 0.0.0.0:4723
accept: */*

Response DefaultHttpResponse(decodeResult: success, version: HTTP/1.1)
HTTP/1.1 200 OK
X-Powered-By: Express
Content-Type: application/json; charset=utf-8
Content-Length: 14
ETag: W/"e-2ZHvAWebNQpyjGZTg6uyV8/spTo"
Date: Tue, 09 May 2023 15:20:40 GMT
Connection: keep-alive
Keep-Alive: timeout=600

22:20:40.089 [AsyncHttpClient-1-2] DEBUG org.asynchttpclient.netty.channel.ChannelManager - Adding key: http://0.0.0.0:4723 for channel [id: 0x0f502b57, L:/127.0.0.1:58549 - R:/127.0.0.1:4723]
22:20:40.090 [Forwarding clickElement on session 97ba56ba-2346-462a-a119-1131c5ca4e65 to remote] DEBUG org.asynchttpclient.netty.request.NettyRequestSender - Using pooled Channel '[id: 0x0f502b57, L:/127.0.0.1:58549 - R:/127.0.0.1:4723]' for 'POST' to 'http://0.0.0.0:4723/wd/hub/session/97ba56ba-2346-462a-a119-1131c5ca4e65/element/00000000-0000-06b7-0000-003000000003/click'
22:20:40.090 [Forwarding clickElement on session 97ba56ba-2346-462a-a119-1131c5ca4e65 to remote] DEBUG org.asynchttpclient.netty.request.NettyRequestSender - Using open Channel [id: 0x0f502b57, L:/127.0.0.1:58549 - R:/127.0.0.1:4723] for POST '/wd/hub/session/97ba56ba-2346-462a-a119-1131c5ca4e65/element/00000000-0000-06b7-0000-003000000003/click'
22:20:40.139 [AsyncHttpClient-1-2] DEBUG org.asynchttpclient.netty.handler.HttpHandler - 

Request DefaultHttpRequest(decodeResult: success, version: HTTP/1.1)
POST /wd/hub/session/97ba56ba-2346-462a-a119-1131c5ca4e65/element/00000000-0000-06b7-0000-003000000003/click HTTP/1.1
User-Agent: appium/8.3.0 (selenium/4.8.1 (java windows))
Content-Length: 50
Content-Type: application/json; charset=utf-8
host: 0.0.0.0:4723
accept: */*

Response DefaultHttpResponse(decodeResult: success, version: HTTP/1.1)
HTTP/1.1 200 OK
X-Powered-By: Express
Vary: X-HTTP-Method-Override
Content-Type: application/json; charset=utf-8
Content-Length: 14
ETag: W/"e-9/1BuKMgFObM1mWJm+YjxtXJnUM"
Date: Tue, 09 May 2023 15:20:40 GMT
Connection: keep-alive
Keep-Alive: timeout=600

22:20:40.141 [AsyncHttpClient-1-2] DEBUG org.asynchttpclient.netty.channel.ChannelManager - Adding key: http://0.0.0.0:4723 for channel [id: 0x0f502b57, L:/127.0.0.1:58549 - R:/127.0.0.1:4723]
22:20:40.145 [Forwarding findElement on session 97ba56ba-2346-462a-a119-1131c5ca4e65 to remote] DEBUG org.asynchttpclient.netty.request.NettyRequestSender - Using pooled Channel '[id: 0x0f502b57, L:/127.0.0.1:58549 - R:/127.0.0.1:4723]' for 'POST' to 'http://0.0.0.0:4723/wd/hub/session/97ba56ba-2346-462a-a119-1131c5ca4e65/element'
22:20:40.145 [Forwarding findElement on session 97ba56ba-2346-462a-a119-1131c5ca4e65 to remote] DEBUG org.asynchttpclient.netty.request.NettyRequestSender - Using open Channel [id: 0x0f502b57, L:/127.0.0.1:58549 - R:/127.0.0.1:4723] for POST '/wd/hub/session/97ba56ba-2346-462a-a119-1131c5ca4e65/element'
22:20:40.815 [AsyncHttpClient-1-2] DEBUG org.asynchttpclient.netty.handler.HttpHandler - 

Request DefaultHttpRequest(decodeResult: success, version: HTTP/1.1)
POST /wd/hub/session/97ba56ba-2346-462a-a119-1131c5ca4e65/element HTTP/1.1
User-Agent: appium/8.3.0 (selenium/4.8.1 (java windows))
Content-Length: 305
Content-Type: application/json; charset=utf-8
host: 0.0.0.0:4723
accept: */*

Response DefaultHttpResponse(decodeResult: success, version: HTTP/1.1)
HTTP/1.1 200 OK
X-Powered-By: Express
Vary: X-HTTP-Method-Override
Content-Type: application/json; charset=utf-8
Content-Length: 137
ETag: W/"89-VUie3R4bS/iW8+F1MPauJu3dSUM"
Date: Tue, 09 May 2023 15:20:40 GMT
Connection: keep-alive
Keep-Alive: timeout=600

22:20:40.816 [AsyncHttpClient-1-2] DEBUG org.asynchttpclient.netty.channel.ChannelManager - Adding key: http://0.0.0.0:4723 for channel [id: 0x0f502b57, L:/127.0.0.1:58549 - R:/127.0.0.1:4723]
22:20:40.819 [Forwarding sendKeysToElement on session 97ba56ba-2346-462a-a119-1131c5ca4e65 to remote] DEBUG org.asynchttpclient.netty.request.NettyRequestSender - Using pooled Channel '[id: 0x0f502b57, L:/127.0.0.1:58549 - R:/127.0.0.1:4723]' for 'POST' to 'http://0.0.0.0:4723/wd/hub/session/97ba56ba-2346-462a-a119-1131c5ca4e65/element/00000000-0000-06b7-0000-003000000003/value'
22:20:40.819 [Forwarding sendKeysToElement on session 97ba56ba-2346-462a-a119-1131c5ca4e65 to remote] DEBUG org.asynchttpclient.netty.request.NettyRequestSender - Using open Channel [id: 0x0f502b57, L:/127.0.0.1:58549 - R:/127.0.0.1:4723] for POST '/wd/hub/session/97ba56ba-2346-462a-a119-1131c5ca4e65/element/00000000-0000-06b7-0000-003000000003/value'
22:20:41.341 [AsyncHttpClient-1-2] DEBUG org.asynchttpclient.netty.handler.HttpHandler - 

Request DefaultHttpRequest(decodeResult: success, version: HTTP/1.1)
POST /wd/hub/session/97ba56ba-2346-462a-a119-1131c5ca4e65/element/00000000-0000-06b7-0000-003000000003/value HTTP/1.1
User-Agent: appium/8.3.0 (selenium/4.8.1 (java windows))
Content-Length: 201
Content-Type: application/json; charset=utf-8
host: 0.0.0.0:4723
accept: */*

Response DefaultHttpResponse(decodeResult: success, version: HTTP/1.1)
HTTP/1.1 200 OK
X-Powered-By: Express
Vary: X-HTTP-Method-Override
Content-Type: application/json; charset=utf-8
Content-Length: 14
ETag: W/"e-9/1BuKMgFObM1mWJm+YjxtXJnUM"
Date: Tue, 09 May 2023 15:20:41 GMT
Connection: keep-alive
Keep-Alive: timeout=600

22:20:41.341 [AsyncHttpClient-1-2] DEBUG org.asynchttpclient.netty.channel.ChannelManager - Adding key: http://0.0.0.0:4723 for channel [id: 0x0f502b57, L:/127.0.0.1:58549 - R:/127.0.0.1:4723]
22:20:41.344 [main] DEBUG net.thucydides.core.steps.StepInterceptor - STEP DONE: inputFullname
]]></system-out>
  </testcase>
  <testcase name="user does not input email for register feature" classname="user tidak dapat register karena tidak mengisi field nama email" time="1.807">
    <system-out><![CDATA[22:20:41.392 [main] DEBUG net.thucydides.core.steps.StepInterceptor - STARTING STEP: RegisterSteps.userDoesNotInputEmailForRegisterFeature - inputEmail
22:20:41.399 [Forwarding findElement on session 97ba56ba-2346-462a-a119-1131c5ca4e65 to remote] DEBUG org.asynchttpclient.netty.request.NettyRequestSender - Using pooled Channel '[id: 0x0f502b57, L:/127.0.0.1:58549 - R:/127.0.0.1:4723]' for 'POST' to 'http://0.0.0.0:4723/wd/hub/session/97ba56ba-2346-462a-a119-1131c5ca4e65/element'
22:20:41.401 [Forwarding findElement on session 97ba56ba-2346-462a-a119-1131c5ca4e65 to remote] DEBUG org.asynchttpclient.netty.request.NettyRequestSender - Using open Channel [id: 0x0f502b57, L:/127.0.0.1:58549 - R:/127.0.0.1:4723] for POST '/wd/hub/session/97ba56ba-2346-462a-a119-1131c5ca4e65/element'
22:20:42.144 [AsyncHttpClient-1-2] DEBUG org.asynchttpclient.netty.handler.HttpHandler - 

Request DefaultHttpRequest(decodeResult: success, version: HTTP/1.1)
POST /wd/hub/session/97ba56ba-2346-462a-a119-1131c5ca4e65/element HTTP/1.1
User-Agent: appium/8.3.0 (selenium/4.8.1 (java windows))
Content-Length: 305
Content-Type: application/json; charset=utf-8
host: 0.0.0.0:4723
accept: */*

Response DefaultHttpResponse(decodeResult: success, version: HTTP/1.1)
HTTP/1.1 200 OK
X-Powered-By: Express
Vary: X-HTTP-Method-Override
Content-Type: application/json; charset=utf-8
Content-Length: 137
ETag: W/"89-e637YW52Xj7xE600oUsEFz7f7uU"
Date: Tue, 09 May 2023 15:20:42 GMT
Connection: keep-alive
Keep-Alive: timeout=600

22:20:42.144 [AsyncHttpClient-1-2] DEBUG org.asynchttpclient.netty.channel.ChannelManager - Adding key: http://0.0.0.0:4723 for channel [id: 0x0f502b57, L:/127.0.0.1:58549 - R:/127.0.0.1:4723]
22:20:42.145 [Forwarding isElementDisplayed on session 97ba56ba-2346-462a-a119-1131c5ca4e65 to remote] DEBUG org.asynchttpclient.netty.request.NettyRequestSender - Using pooled Channel '[id: 0x0f502b57, L:/127.0.0.1:58549 - R:/127.0.0.1:4723]' for 'GET' to 'http://0.0.0.0:4723/wd/hub/session/97ba56ba-2346-462a-a119-1131c5ca4e65/element/00000000-0000-06b7-0000-003100000003/displayed'
22:20:42.145 [Forwarding isElementDisplayed on session 97ba56ba-2346-462a-a119-1131c5ca4e65 to remote] DEBUG org.asynchttpclient.netty.request.NettyRequestSender - Using open Channel [id: 0x0f502b57, L:/127.0.0.1:58549 - R:/127.0.0.1:4723] for GET '/wd/hub/session/97ba56ba-2346-462a-a119-1131c5ca4e65/element/00000000-0000-06b7-0000-003100000003/displayed'
22:20:42.177 [AsyncHttpClient-1-2] DEBUG org.asynchttpclient.netty.handler.HttpHandler - 

Request DefaultFullHttpRequest(decodeResult: success, version: HTTP/1.1, content: EmptyByteBufBE)
GET /wd/hub/session/97ba56ba-2346-462a-a119-1131c5ca4e65/element/00000000-0000-06b7-0000-003100000003/displayed HTTP/1.1
User-Agent: appium/8.3.0 (selenium/4.8.1 (java windows))
Cache-Control: no-cache
Content-Type: application/json; charset=utf-8
host: 0.0.0.0:4723
accept: */*

Response DefaultHttpResponse(decodeResult: success, version: HTTP/1.1)
HTTP/1.1 200 OK
X-Powered-By: Express
Content-Type: application/json; charset=utf-8
Content-Length: 14
ETag: W/"e-2ZHvAWebNQpyjGZTg6uyV8/spTo"
Date: Tue, 09 May 2023 15:20:42 GMT
Connection: keep-alive
Keep-Alive: timeout=600

22:20:42.177 [AsyncHttpClient-1-2] DEBUG org.asynchttpclient.netty.channel.ChannelManager - Adding key: http://0.0.0.0:4723 for channel [id: 0x0f502b57, L:/127.0.0.1:58549 - R:/127.0.0.1:4723]
22:20:42.179 [Forwarding isElementEnabled on session 97ba56ba-2346-462a-a119-1131c5ca4e65 to remote] DEBUG org.asynchttpclient.netty.request.NettyRequestSender - Using pooled Channel '[id: 0x0f502b57, L:/127.0.0.1:58549 - R:/127.0.0.1:4723]' for 'GET' to 'http://0.0.0.0:4723/wd/hub/session/97ba56ba-2346-462a-a119-1131c5ca4e65/element/00000000-0000-06b7-0000-003100000003/enabled'
22:20:42.179 [Forwarding isElementEnabled on session 97ba56ba-2346-462a-a119-1131c5ca4e65 to remote] DEBUG org.asynchttpclient.netty.request.NettyRequestSender - Using open Channel [id: 0x0f502b57, L:/127.0.0.1:58549 - R:/127.0.0.1:4723] for GET '/wd/hub/session/97ba56ba-2346-462a-a119-1131c5ca4e65/element/00000000-0000-06b7-0000-003100000003/enabled'
22:20:42.210 [AsyncHttpClient-1-2] DEBUG org.asynchttpclient.netty.handler.HttpHandler - 

Request DefaultFullHttpRequest(decodeResult: success, version: HTTP/1.1, content: EmptyByteBufBE)
GET /wd/hub/session/97ba56ba-2346-462a-a119-1131c5ca4e65/element/00000000-0000-06b7-0000-003100000003/enabled HTTP/1.1
User-Agent: appium/8.3.0 (selenium/4.8.1 (java windows))
Cache-Control: no-cache
Content-Type: application/json; charset=utf-8
host: 0.0.0.0:4723
accept: */*

Response DefaultHttpResponse(decodeResult: success, version: HTTP/1.1)
HTTP/1.1 200 OK
X-Powered-By: Express
Content-Type: application/json; charset=utf-8
Content-Length: 14
ETag: W/"e-2ZHvAWebNQpyjGZTg6uyV8/spTo"
Date: Tue, 09 May 2023 15:20:42 GMT
Connection: keep-alive
Keep-Alive: timeout=600

22:20:42.211 [AsyncHttpClient-1-2] DEBUG org.asynchttpclient.netty.channel.ChannelManager - Adding key: http://0.0.0.0:4723 for channel [id: 0x0f502b57, L:/127.0.0.1:58549 - R:/127.0.0.1:4723]
22:20:42.214 [Forwarding clickElement on session 97ba56ba-2346-462a-a119-1131c5ca4e65 to remote] DEBUG org.asynchttpclient.netty.request.NettyRequestSender - Using pooled Channel '[id: 0x0f502b57, L:/127.0.0.1:58549 - R:/127.0.0.1:4723]' for 'POST' to 'http://0.0.0.0:4723/wd/hub/session/97ba56ba-2346-462a-a119-1131c5ca4e65/element/00000000-0000-06b7-0000-003100000003/click'
22:20:42.214 [Forwarding clickElement on session 97ba56ba-2346-462a-a119-1131c5ca4e65 to remote] DEBUG org.asynchttpclient.netty.request.NettyRequestSender - Using open Channel [id: 0x0f502b57, L:/127.0.0.1:58549 - R:/127.0.0.1:4723] for POST '/wd/hub/session/97ba56ba-2346-462a-a119-1131c5ca4e65/element/00000000-0000-06b7-0000-003100000003/click'
22:20:42.309 [AsyncHttpClient-1-2] DEBUG org.asynchttpclient.netty.handler.HttpHandler - 

Request DefaultHttpRequest(decodeResult: success, version: HTTP/1.1)
POST /wd/hub/session/97ba56ba-2346-462a-a119-1131c5ca4e65/element/00000000-0000-06b7-0000-003100000003/click HTTP/1.1
User-Agent: appium/8.3.0 (selenium/4.8.1 (java windows))
Content-Length: 50
Content-Type: application/json; charset=utf-8
host: 0.0.0.0:4723
accept: */*

Response DefaultHttpResponse(decodeResult: success, version: HTTP/1.1)
HTTP/1.1 200 OK
X-Powered-By: Express
Vary: X-HTTP-Method-Override
Content-Type: application/json; charset=utf-8
Content-Length: 14
ETag: W/"e-9/1BuKMgFObM1mWJm+YjxtXJnUM"
Date: Tue, 09 May 2023 15:20:42 GMT
Connection: keep-alive
Keep-Alive: timeout=600

22:20:42.309 [AsyncHttpClient-1-2] DEBUG org.asynchttpclient.netty.channel.ChannelManager - Adding key: http://0.0.0.0:4723 for channel [id: 0x0f502b57, L:/127.0.0.1:58549 - R:/127.0.0.1:4723]
22:20:42.315 [Forwarding findElement on session 97ba56ba-2346-462a-a119-1131c5ca4e65 to remote] DEBUG org.asynchttpclient.netty.request.NettyRequestSender - Using pooled Channel '[id: 0x0f502b57, L:/127.0.0.1:58549 - R:/127.0.0.1:4723]' for 'POST' to 'http://0.0.0.0:4723/wd/hub/session/97ba56ba-2346-462a-a119-1131c5ca4e65/element'
22:20:42.315 [Forwarding findElement on session 97ba56ba-2346-462a-a119-1131c5ca4e65 to remote] DEBUG org.asynchttpclient.netty.request.NettyRequestSender - Using open Channel [id: 0x0f502b57, L:/127.0.0.1:58549 - R:/127.0.0.1:4723] for POST '/wd/hub/session/97ba56ba-2346-462a-a119-1131c5ca4e65/element'
22:20:43.099 [AsyncHttpClient-1-2] DEBUG org.asynchttpclient.netty.handler.HttpHandler - 

Request DefaultHttpRequest(decodeResult: success, version: HTTP/1.1)
POST /wd/hub/session/97ba56ba-2346-462a-a119-1131c5ca4e65/element HTTP/1.1
User-Agent: appium/8.3.0 (selenium/4.8.1 (java windows))
Content-Length: 305
Content-Type: application/json; charset=utf-8
host: 0.0.0.0:4723
accept: */*

Response DefaultHttpResponse(decodeResult: success, version: HTTP/1.1)
HTTP/1.1 200 OK
X-Powered-By: Express
Vary: X-HTTP-Method-Override
Content-Type: application/json; charset=utf-8
Content-Length: 137
ETag: W/"89-e637YW52Xj7xE600oUsEFz7f7uU"
Date: Tue, 09 May 2023 15:20:43 GMT
Connection: keep-alive
Keep-Alive: timeout=600

22:20:43.100 [AsyncHttpClient-1-2] DEBUG org.asynchttpclient.netty.channel.ChannelManager - Adding key: http://0.0.0.0:4723 for channel [id: 0x0f502b57, L:/127.0.0.1:58549 - R:/127.0.0.1:4723]
22:20:43.105 [Forwarding sendKeysToElement on session 97ba56ba-2346-462a-a119-1131c5ca4e65 to remote] DEBUG org.asynchttpclient.netty.request.NettyRequestSender - Using pooled Channel '[id: 0x0f502b57, L:/127.0.0.1:58549 - R:/127.0.0.1:4723]' for 'POST' to 'http://0.0.0.0:4723/wd/hub/session/97ba56ba-2346-462a-a119-1131c5ca4e65/element/00000000-0000-06b7-0000-003100000003/value'
22:20:43.105 [Forwarding sendKeysToElement on session 97ba56ba-2346-462a-a119-1131c5ca4e65 to remote] DEBUG org.asynchttpclient.netty.request.NettyRequestSender - Using open Channel [id: 0x0f502b57, L:/127.0.0.1:58549 - R:/127.0.0.1:4723] for POST '/wd/hub/session/97ba56ba-2346-462a-a119-1131c5ca4e65/element/00000000-0000-06b7-0000-003100000003/value'
22:20:43.175 [AsyncHttpClient-1-2] DEBUG org.asynchttpclient.netty.handler.HttpHandler - 

Request DefaultHttpRequest(decodeResult: success, version: HTTP/1.1)
POST /wd/hub/session/97ba56ba-2346-462a-a119-1131c5ca4e65/element/00000000-0000-06b7-0000-003100000003/value HTTP/1.1
User-Agent: appium/8.3.0 (selenium/4.8.1 (java windows))
Content-Length: 82
Content-Type: application/json; charset=utf-8
host: 0.0.0.0:4723
accept: */*

Response DefaultHttpResponse(decodeResult: success, version: HTTP/1.1)
HTTP/1.1 200 OK
X-Powered-By: Express
Vary: X-HTTP-Method-Override
Content-Type: application/json; charset=utf-8
Content-Length: 14
ETag: W/"e-9/1BuKMgFObM1mWJm+YjxtXJnUM"
Date: Tue, 09 May 2023 15:20:43 GMT
Connection: keep-alive
Keep-Alive: timeout=600

22:20:43.176 [AsyncHttpClient-1-2] DEBUG org.asynchttpclient.netty.channel.ChannelManager - Adding key: http://0.0.0.0:4723 for channel [id: 0x0f502b57, L:/127.0.0.1:58549 - R:/127.0.0.1:4723]
22:20:43.181 [main] DEBUG net.thucydides.core.steps.StepInterceptor - STEP DONE: inputEmail
]]></system-out>
  </testcase>
  <testcase name="user input password for register feature" classname="user tidak dapat register karena tidak mengisi field nama email" time="1.443">
    <system-out><![CDATA[22:20:43.204 [main] DEBUG net.thucydides.core.steps.StepInterceptor - STARTING STEP: RegisterSteps.userInputPasswordForRegisterFeature - inputPassword
22:20:43.208 [Forwarding findElement on session 97ba56ba-2346-462a-a119-1131c5ca4e65 to remote] DEBUG org.asynchttpclient.netty.request.NettyRequestSender - Using pooled Channel '[id: 0x0f502b57, L:/127.0.0.1:58549 - R:/127.0.0.1:4723]' for 'POST' to 'http://0.0.0.0:4723/wd/hub/session/97ba56ba-2346-462a-a119-1131c5ca4e65/element'
22:20:43.208 [Forwarding findElement on session 97ba56ba-2346-462a-a119-1131c5ca4e65 to remote] DEBUG org.asynchttpclient.netty.request.NettyRequestSender - Using open Channel [id: 0x0f502b57, L:/127.0.0.1:58549 - R:/127.0.0.1:4723] for POST '/wd/hub/session/97ba56ba-2346-462a-a119-1131c5ca4e65/element'
22:20:43.749 [AsyncHttpClient-1-2] DEBUG org.asynchttpclient.netty.handler.HttpHandler - 

Request DefaultHttpRequest(decodeResult: success, version: HTTP/1.1)
POST /wd/hub/session/97ba56ba-2346-462a-a119-1131c5ca4e65/element HTTP/1.1
User-Agent: appium/8.3.0 (selenium/4.8.1 (java windows))
Content-Length: 305
Content-Type: application/json; charset=utf-8
host: 0.0.0.0:4723
accept: */*

Response DefaultHttpResponse(decodeResult: success, version: HTTP/1.1)
HTTP/1.1 200 OK
X-Powered-By: Express
Vary: X-HTTP-Method-Override
Content-Type: application/json; charset=utf-8
Content-Length: 137
ETag: W/"89-1w8kMSMLXUsAB9voB8oMekgjPkg"
Date: Tue, 09 May 2023 15:20:43 GMT
Connection: keep-alive
Keep-Alive: timeout=600

22:20:43.750 [AsyncHttpClient-1-2] DEBUG org.asynchttpclient.netty.channel.ChannelManager - Adding key: http://0.0.0.0:4723 for channel [id: 0x0f502b57, L:/127.0.0.1:58549 - R:/127.0.0.1:4723]
22:20:43.751 [Forwarding isElementDisplayed on session 97ba56ba-2346-462a-a119-1131c5ca4e65 to remote] DEBUG org.asynchttpclient.netty.request.NettyRequestSender - Using pooled Channel '[id: 0x0f502b57, L:/127.0.0.1:58549 - R:/127.0.0.1:4723]' for 'GET' to 'http://0.0.0.0:4723/wd/hub/session/97ba56ba-2346-462a-a119-1131c5ca4e65/element/00000000-0000-06b7-0000-003200000003/displayed'
22:20:43.751 [Forwarding isElementDisplayed on session 97ba56ba-2346-462a-a119-1131c5ca4e65 to remote] DEBUG org.asynchttpclient.netty.request.NettyRequestSender - Using open Channel [id: 0x0f502b57, L:/127.0.0.1:58549 - R:/127.0.0.1:4723] for GET '/wd/hub/session/97ba56ba-2346-462a-a119-1131c5ca4e65/element/00000000-0000-06b7-0000-003200000003/displayed'
22:20:43.771 [AsyncHttpClient-1-2] DEBUG org.asynchttpclient.netty.handler.HttpHandler - 

Request DefaultFullHttpRequest(decodeResult: success, version: HTTP/1.1, content: EmptyByteBufBE)
GET /wd/hub/session/97ba56ba-2346-462a-a119-1131c5ca4e65/element/00000000-0000-06b7-0000-003200000003/displayed HTTP/1.1
User-Agent: appium/8.3.0 (selenium/4.8.1 (java windows))
Cache-Control: no-cache
Content-Type: application/json; charset=utf-8
host: 0.0.0.0:4723
accept: */*

Response DefaultHttpResponse(decodeResult: success, version: HTTP/1.1)
HTTP/1.1 200 OK
X-Powered-By: Express
Content-Type: application/json; charset=utf-8
Content-Length: 14
ETag: W/"e-2ZHvAWebNQpyjGZTg6uyV8/spTo"
Date: Tue, 09 May 2023 15:20:43 GMT
Connection: keep-alive
Keep-Alive: timeout=600

22:20:43.772 [AsyncHttpClient-1-2] DEBUG org.asynchttpclient.netty.channel.ChannelManager - Adding key: http://0.0.0.0:4723 for channel [id: 0x0f502b57, L:/127.0.0.1:58549 - R:/127.0.0.1:4723]
22:20:43.773 [Forwarding isElementEnabled on session 97ba56ba-2346-462a-a119-1131c5ca4e65 to remote] DEBUG org.asynchttpclient.netty.request.NettyRequestSender - Using pooled Channel '[id: 0x0f502b57, L:/127.0.0.1:58549 - R:/127.0.0.1:4723]' for 'GET' to 'http://0.0.0.0:4723/wd/hub/session/97ba56ba-2346-462a-a119-1131c5ca4e65/element/00000000-0000-06b7-0000-003200000003/enabled'
22:20:43.773 [Forwarding isElementEnabled on session 97ba56ba-2346-462a-a119-1131c5ca4e65 to remote] DEBUG org.asynchttpclient.netty.request.NettyRequestSender - Using open Channel [id: 0x0f502b57, L:/127.0.0.1:58549 - R:/127.0.0.1:4723] for GET '/wd/hub/session/97ba56ba-2346-462a-a119-1131c5ca4e65/element/00000000-0000-06b7-0000-003200000003/enabled'
22:20:43.795 [AsyncHttpClient-1-2] DEBUG org.asynchttpclient.netty.handler.HttpHandler - 

Request DefaultFullHttpRequest(decodeResult: success, version: HTTP/1.1, content: EmptyByteBufBE)
GET /wd/hub/session/97ba56ba-2346-462a-a119-1131c5ca4e65/element/00000000-0000-06b7-0000-003200000003/enabled HTTP/1.1
User-Agent: appium/8.3.0 (selenium/4.8.1 (java windows))
Cache-Control: no-cache
Content-Type: application/json; charset=utf-8
host: 0.0.0.0:4723
accept: */*

Response DefaultHttpResponse(decodeResult: success, version: HTTP/1.1)
HTTP/1.1 200 OK
X-Powered-By: Express
Content-Type: application/json; charset=utf-8
Content-Length: 14
ETag: W/"e-2ZHvAWebNQpyjGZTg6uyV8/spTo"
Date: Tue, 09 May 2023 15:20:43 GMT
Connection: keep-alive
Keep-Alive: timeout=600

22:20:43.796 [AsyncHttpClient-1-2] DEBUG org.asynchttpclient.netty.channel.ChannelManager - Adding key: http://0.0.0.0:4723 for channel [id: 0x0f502b57, L:/127.0.0.1:58549 - R:/127.0.0.1:4723]
22:20:43.798 [Forwarding clickElement on session 97ba56ba-2346-462a-a119-1131c5ca4e65 to remote] DEBUG org.asynchttpclient.netty.request.NettyRequestSender - Using pooled Channel '[id: 0x0f502b57, L:/127.0.0.1:58549 - R:/127.0.0.1:4723]' for 'POST' to 'http://0.0.0.0:4723/wd/hub/session/97ba56ba-2346-462a-a119-1131c5ca4e65/element/00000000-0000-06b7-0000-003200000003/click'
22:20:43.798 [Forwarding clickElement on session 97ba56ba-2346-462a-a119-1131c5ca4e65 to remote] DEBUG org.asynchttpclient.netty.request.NettyRequestSender - Using open Channel [id: 0x0f502b57, L:/127.0.0.1:58549 - R:/127.0.0.1:4723] for POST '/wd/hub/session/97ba56ba-2346-462a-a119-1131c5ca4e65/element/00000000-0000-06b7-0000-003200000003/click'
22:20:43.862 [AsyncHttpClient-1-2] DEBUG org.asynchttpclient.netty.handler.HttpHandler - 

Request DefaultHttpRequest(decodeResult: success, version: HTTP/1.1)
POST /wd/hub/session/97ba56ba-2346-462a-a119-1131c5ca4e65/element/00000000-0000-06b7-0000-003200000003/click HTTP/1.1
User-Agent: appium/8.3.0 (selenium/4.8.1 (java windows))
Content-Length: 50
Content-Type: application/json; charset=utf-8
host: 0.0.0.0:4723
accept: */*

Response DefaultHttpResponse(decodeResult: success, version: HTTP/1.1)
HTTP/1.1 200 OK
X-Powered-By: Express
Vary: X-HTTP-Method-Override
Content-Type: application/json; charset=utf-8
Content-Length: 14
ETag: W/"e-9/1BuKMgFObM1mWJm+YjxtXJnUM"
Date: Tue, 09 May 2023 15:20:43 GMT
Connection: keep-alive
Keep-Alive: timeout=600

22:20:43.863 [AsyncHttpClient-1-2] DEBUG org.asynchttpclient.netty.channel.ChannelManager - Adding key: http://0.0.0.0:4723 for channel [id: 0x0f502b57, L:/127.0.0.1:58549 - R:/127.0.0.1:4723]
22:20:43.870 [Forwarding findElement on session 97ba56ba-2346-462a-a119-1131c5ca4e65 to remote] DEBUG org.asynchttpclient.netty.request.NettyRequestSender - Using pooled Channel '[id: 0x0f502b57, L:/127.0.0.1:58549 - R:/127.0.0.1:4723]' for 'POST' to 'http://0.0.0.0:4723/wd/hub/session/97ba56ba-2346-462a-a119-1131c5ca4e65/element'
22:20:43.870 [Forwarding findElement on session 97ba56ba-2346-462a-a119-1131c5ca4e65 to remote] DEBUG org.asynchttpclient.netty.request.NettyRequestSender - Using open Channel [id: 0x0f502b57, L:/127.0.0.1:58549 - R:/127.0.0.1:4723] for POST '/wd/hub/session/97ba56ba-2346-462a-a119-1131c5ca4e65/element'
22:20:44.571 [AsyncHttpClient-1-2] DEBUG org.asynchttpclient.netty.handler.HttpHandler - 

Request DefaultHttpRequest(decodeResult: success, version: HTTP/1.1)
POST /wd/hub/session/97ba56ba-2346-462a-a119-1131c5ca4e65/element HTTP/1.1
User-Agent: appium/8.3.0 (selenium/4.8.1 (java windows))
Content-Length: 305
Content-Type: application/json; charset=utf-8
host: 0.0.0.0:4723
accept: */*

Response DefaultHttpResponse(decodeResult: success, version: HTTP/1.1)
HTTP/1.1 200 OK
X-Powered-By: Express
Vary: X-HTTP-Method-Override
Content-Type: application/json; charset=utf-8
Content-Length: 137
ETag: W/"89-1w8kMSMLXUsAB9voB8oMekgjPkg"
Date: Tue, 09 May 2023 15:20:44 GMT
Connection: keep-alive
Keep-Alive: timeout=600

22:20:44.572 [AsyncHttpClient-1-2] DEBUG org.asynchttpclient.netty.channel.ChannelManager - Adding key: http://0.0.0.0:4723 for channel [id: 0x0f502b57, L:/127.0.0.1:58549 - R:/127.0.0.1:4723]
22:20:44.575 [Forwarding sendKeysToElement on session 97ba56ba-2346-462a-a119-1131c5ca4e65 to remote] DEBUG org.asynchttpclient.netty.request.NettyRequestSender - Using pooled Channel '[id: 0x0f502b57, L:/127.0.0.1:58549 - R:/127.0.0.1:4723]' for 'POST' to 'http://0.0.0.0:4723/wd/hub/session/97ba56ba-2346-462a-a119-1131c5ca4e65/element/00000000-0000-06b7-0000-003200000003/value'
22:20:44.575 [Forwarding sendKeysToElement on session 97ba56ba-2346-462a-a119-1131c5ca4e65 to remote] DEBUG org.asynchttpclient.netty.request.NettyRequestSender - Using open Channel [id: 0x0f502b57, L:/127.0.0.1:58549 - R:/127.0.0.1:4723] for POST '/wd/hub/session/97ba56ba-2346-462a-a119-1131c5ca4e65/element/00000000-0000-06b7-0000-003200000003/value'
22:20:44.637 [AsyncHttpClient-1-2] DEBUG org.asynchttpclient.netty.handler.HttpHandler - 

Request DefaultHttpRequest(decodeResult: success, version: HTTP/1.1)
POST /wd/hub/session/97ba56ba-2346-462a-a119-1131c5ca4e65/element/00000000-0000-06b7-0000-003200000003/value HTTP/1.1
User-Agent: appium/8.3.0 (selenium/4.8.1 (java windows))
Content-Length: 111
Content-Type: application/json; charset=utf-8
host: 0.0.0.0:4723
accept: */*

Response DefaultHttpResponse(decodeResult: success, version: HTTP/1.1)
HTTP/1.1 200 OK
X-Powered-By: Express
Vary: X-HTTP-Method-Override
Content-Type: application/json; charset=utf-8
Content-Length: 14
ETag: W/"e-9/1BuKMgFObM1mWJm+YjxtXJnUM"
Date: Tue, 09 May 2023 15:20:44 GMT
Connection: keep-alive
Keep-Alive: timeout=600

22:20:44.638 [AsyncHttpClient-1-2] DEBUG org.asynchttpclient.netty.channel.ChannelManager - Adding key: http://0.0.0.0:4723 for channel [id: 0x0f502b57, L:/127.0.0.1:58549 - R:/127.0.0.1:4723]
22:20:44.639 [main] DEBUG net.thucydides.core.steps.StepInterceptor - STEP DONE: inputPassword
]]></system-out>
  </testcase>
  <testcase name="user click register button for register feature" classname="user tidak dapat register karena tidak mengisi field nama email" time="1.333">
    <system-out><![CDATA[22:20:44.654 [main] DEBUG net.thucydides.core.steps.StepInterceptor - STARTING STEP: RegisterSteps.userClickRegisterButtonForRegisterFeature - clickRegisterButton
22:20:44.664 [Forwarding findElement on session 97ba56ba-2346-462a-a119-1131c5ca4e65 to remote] DEBUG org.asynchttpclient.netty.request.NettyRequestSender - Using pooled Channel '[id: 0x0f502b57, L:/127.0.0.1:58549 - R:/127.0.0.1:4723]' for 'POST' to 'http://0.0.0.0:4723/wd/hub/session/97ba56ba-2346-462a-a119-1131c5ca4e65/element'
22:20:44.664 [Forwarding findElement on session 97ba56ba-2346-462a-a119-1131c5ca4e65 to remote] DEBUG org.asynchttpclient.netty.request.NettyRequestSender - Using open Channel [id: 0x0f502b57, L:/127.0.0.1:58549 - R:/127.0.0.1:4723] for POST '/wd/hub/session/97ba56ba-2346-462a-a119-1131c5ca4e65/element'
22:20:45.323 [AsyncHttpClient-1-2] DEBUG org.asynchttpclient.netty.handler.HttpHandler - 

Request DefaultHttpRequest(decodeResult: success, version: HTTP/1.1)
POST /wd/hub/session/97ba56ba-2346-462a-a119-1131c5ca4e65/element HTTP/1.1
User-Agent: appium/8.3.0 (selenium/4.8.1 (java windows))
Content-Length: 98
Content-Type: application/json; charset=utf-8
host: 0.0.0.0:4723
accept: */*

Response DefaultHttpResponse(decodeResult: success, version: HTTP/1.1)
HTTP/1.1 200 OK
X-Powered-By: Express
Vary: X-HTTP-Method-Override
Content-Type: application/json; charset=utf-8
Content-Length: 137
ETag: W/"89-vwVJ9MLzMq7waubTbGdGwLLvE2A"
Date: Tue, 09 May 2023 15:20:45 GMT
Connection: keep-alive
Keep-Alive: timeout=600

22:20:45.325 [AsyncHttpClient-1-2] DEBUG org.asynchttpclient.netty.channel.ChannelManager - Adding key: http://0.0.0.0:4723 for channel [id: 0x0f502b57, L:/127.0.0.1:58549 - R:/127.0.0.1:4723]
22:20:45.327 [Forwarding isElementDisplayed on session 97ba56ba-2346-462a-a119-1131c5ca4e65 to remote] DEBUG org.asynchttpclient.netty.request.NettyRequestSender - Using pooled Channel '[id: 0x0f502b57, L:/127.0.0.1:58549 - R:/127.0.0.1:4723]' for 'GET' to 'http://0.0.0.0:4723/wd/hub/session/97ba56ba-2346-462a-a119-1131c5ca4e65/element/00000000-0000-06b7-0000-003300000003/displayed'
22:20:45.327 [Forwarding isElementDisplayed on session 97ba56ba-2346-462a-a119-1131c5ca4e65 to remote] DEBUG org.asynchttpclient.netty.request.NettyRequestSender - Using open Channel [id: 0x0f502b57, L:/127.0.0.1:58549 - R:/127.0.0.1:4723] for GET '/wd/hub/session/97ba56ba-2346-462a-a119-1131c5ca4e65/element/00000000-0000-06b7-0000-003300000003/displayed'
22:20:45.358 [AsyncHttpClient-1-2] DEBUG org.asynchttpclient.netty.handler.HttpHandler - 

Request DefaultFullHttpRequest(decodeResult: success, version: HTTP/1.1, content: EmptyByteBufBE)
GET /wd/hub/session/97ba56ba-2346-462a-a119-1131c5ca4e65/element/00000000-0000-06b7-0000-003300000003/displayed HTTP/1.1
User-Agent: appium/8.3.0 (selenium/4.8.1 (java windows))
Cache-Control: no-cache
Content-Type: application/json; charset=utf-8
host: 0.0.0.0:4723
accept: */*

Response DefaultHttpResponse(decodeResult: success, version: HTTP/1.1)
HTTP/1.1 200 OK
X-Powered-By: Express
Content-Type: application/json; charset=utf-8
Content-Length: 14
ETag: W/"e-2ZHvAWebNQpyjGZTg6uyV8/spTo"
Date: Tue, 09 May 2023 15:20:45 GMT
Connection: keep-alive
Keep-Alive: timeout=600

22:20:45.358 [AsyncHttpClient-1-2] DEBUG org.asynchttpclient.netty.channel.ChannelManager - Adding key: http://0.0.0.0:4723 for channel [id: 0x0f502b57, L:/127.0.0.1:58549 - R:/127.0.0.1:4723]
22:20:45.360 [Forwarding isElementEnabled on session 97ba56ba-2346-462a-a119-1131c5ca4e65 to remote] DEBUG org.asynchttpclient.netty.request.NettyRequestSender - Using pooled Channel '[id: 0x0f502b57, L:/127.0.0.1:58549 - R:/127.0.0.1:4723]' for 'GET' to 'http://0.0.0.0:4723/wd/hub/session/97ba56ba-2346-462a-a119-1131c5ca4e65/element/00000000-0000-06b7-0000-003300000003/enabled'
22:20:45.360 [Forwarding isElementEnabled on session 97ba56ba-2346-462a-a119-1131c5ca4e65 to remote] DEBUG org.asynchttpclient.netty.request.NettyRequestSender - Using open Channel [id: 0x0f502b57, L:/127.0.0.1:58549 - R:/127.0.0.1:4723] for GET '/wd/hub/session/97ba56ba-2346-462a-a119-1131c5ca4e65/element/00000000-0000-06b7-0000-003300000003/enabled'
22:20:45.392 [AsyncHttpClient-1-2] DEBUG org.asynchttpclient.netty.handler.HttpHandler - 

Request DefaultFullHttpRequest(decodeResult: success, version: HTTP/1.1, content: EmptyByteBufBE)
GET /wd/hub/session/97ba56ba-2346-462a-a119-1131c5ca4e65/element/00000000-0000-06b7-0000-003300000003/enabled HTTP/1.1
User-Agent: appium/8.3.0 (selenium/4.8.1 (java windows))
Cache-Control: no-cache
Content-Type: application/json; charset=utf-8
host: 0.0.0.0:4723
accept: */*

Response DefaultHttpResponse(decodeResult: success, version: HTTP/1.1)
HTTP/1.1 200 OK
X-Powered-By: Express
Content-Type: application/json; charset=utf-8
Content-Length: 14
ETag: W/"e-2ZHvAWebNQpyjGZTg6uyV8/spTo"
Date: Tue, 09 May 2023 15:20:45 GMT
Connection: keep-alive
Keep-Alive: timeout=600

22:20:45.393 [AsyncHttpClient-1-2] DEBUG org.asynchttpclient.netty.channel.ChannelManager - Adding key: http://0.0.0.0:4723 for channel [id: 0x0f502b57, L:/127.0.0.1:58549 - R:/127.0.0.1:4723]
22:20:45.395 [Forwarding clickElement on session 97ba56ba-2346-462a-a119-1131c5ca4e65 to remote] DEBUG org.asynchttpclient.netty.request.NettyRequestSender - Using pooled Channel '[id: 0x0f502b57, L:/127.0.0.1:58549 - R:/127.0.0.1:4723]' for 'POST' to 'http://0.0.0.0:4723/wd/hub/session/97ba56ba-2346-462a-a119-1131c5ca4e65/element/00000000-0000-06b7-0000-003300000003/click'
22:20:45.396 [Forwarding clickElement on session 97ba56ba-2346-462a-a119-1131c5ca4e65 to remote] DEBUG org.asynchttpclient.netty.request.NettyRequestSender - Using open Channel [id: 0x0f502b57, L:/127.0.0.1:58549 - R:/127.0.0.1:4723] for POST '/wd/hub/session/97ba56ba-2346-462a-a119-1131c5ca4e65/element/00000000-0000-06b7-0000-003300000003/click'
22:20:45.978 [AsyncHttpClient-1-2] DEBUG org.asynchttpclient.netty.handler.HttpHandler - 

Request DefaultHttpRequest(decodeResult: success, version: HTTP/1.1)
POST /wd/hub/session/97ba56ba-2346-462a-a119-1131c5ca4e65/element/00000000-0000-06b7-0000-003300000003/click HTTP/1.1
User-Agent: appium/8.3.0 (selenium/4.8.1 (java windows))
Content-Length: 50
Content-Type: application/json; charset=utf-8
host: 0.0.0.0:4723
accept: */*

Response DefaultHttpResponse(decodeResult: success, version: HTTP/1.1)
HTTP/1.1 200 OK
X-Powered-By: Express
Vary: X-HTTP-Method-Override
Content-Type: application/json; charset=utf-8
Content-Length: 14
ETag: W/"e-9/1BuKMgFObM1mWJm+YjxtXJnUM"
Date: Tue, 09 May 2023 15:20:45 GMT
Connection: keep-alive
Keep-Alive: timeout=600

22:20:45.978 [AsyncHttpClient-1-2] DEBUG org.asynchttpclient.netty.channel.ChannelManager - Adding key: http://0.0.0.0:4723 for channel [id: 0x0f502b57, L:/127.0.0.1:58549 - R:/127.0.0.1:4723]
22:20:45.979 [main] DEBUG net.thucydides.core.steps.StepInterceptor - STEP DONE: clickRegisterButton
]]></system-out>
  </testcase>
  <testcase name="user see error message email is required or can not empty" classname="user tidak dapat register karena tidak mengisi field nama email" time="0.118">
    <system-out><![CDATA[22:20:45.987 [main] DEBUG net.thucydides.core.steps.StepInterceptor - STARTING STEP: RegisterSteps.userSeeErrorMessageEmailIsRequiredOrCanNotEmpty - getMessageonEmailCanNotEmpty
22:20:45.989 [Forwarding findElement on session 97ba56ba-2346-462a-a119-1131c5ca4e65 to remote] DEBUG org.asynchttpclient.netty.request.NettyRequestSender - Using pooled Channel '[id: 0x0f502b57, L:/127.0.0.1:58549 - R:/127.0.0.1:4723]' for 'POST' to 'http://0.0.0.0:4723/wd/hub/session/97ba56ba-2346-462a-a119-1131c5ca4e65/element'
22:20:45.989 [Forwarding findElement on session 97ba56ba-2346-462a-a119-1131c5ca4e65 to remote] DEBUG org.asynchttpclient.netty.request.NettyRequestSender - Using open Channel [id: 0x0f502b57, L:/127.0.0.1:58549 - R:/127.0.0.1:4723] for POST '/wd/hub/session/97ba56ba-2346-462a-a119-1131c5ca4e65/element'
22:20:46.048 [AsyncHttpClient-1-2] DEBUG org.asynchttpclient.netty.handler.HttpHandler - 

Request DefaultHttpRequest(decodeResult: success, version: HTTP/1.1)
POST /wd/hub/session/97ba56ba-2346-462a-a119-1131c5ca4e65/element HTTP/1.1
User-Agent: appium/8.3.0 (selenium/4.8.1 (java windows))
Content-Length: 105
Content-Type: application/json; charset=utf-8
host: 0.0.0.0:4723
accept: */*

Response DefaultHttpResponse(decodeResult: success, version: HTTP/1.1)
HTTP/1.1 200 OK
X-Powered-By: Express
Vary: X-HTTP-Method-Override
Content-Type: application/json; charset=utf-8
Content-Length: 137
ETag: W/"89-3kUUMqegQQGkg664dvCz+ADquWQ"
Date: Tue, 09 May 2023 15:20:46 GMT
Connection: keep-alive
Keep-Alive: timeout=600

22:20:46.048 [AsyncHttpClient-1-2] DEBUG org.asynchttpclient.netty.channel.ChannelManager - Adding key: http://0.0.0.0:4723 for channel [id: 0x0f502b57, L:/127.0.0.1:58549 - R:/127.0.0.1:4723]
22:20:46.049 [Forwarding isElementDisplayed on session 97ba56ba-2346-462a-a119-1131c5ca4e65 to remote] DEBUG org.asynchttpclient.netty.request.NettyRequestSender - Using pooled Channel '[id: 0x0f502b57, L:/127.0.0.1:58549 - R:/127.0.0.1:4723]' for 'GET' to 'http://0.0.0.0:4723/wd/hub/session/97ba56ba-2346-462a-a119-1131c5ca4e65/element/00000000-0000-06b7-0000-003700000003/displayed'
22:20:46.049 [Forwarding isElementDisplayed on session 97ba56ba-2346-462a-a119-1131c5ca4e65 to remote] DEBUG org.asynchttpclient.netty.request.NettyRequestSender - Using open Channel [id: 0x0f502b57, L:/127.0.0.1:58549 - R:/127.0.0.1:4723] for GET '/wd/hub/session/97ba56ba-2346-462a-a119-1131c5ca4e65/element/00000000-0000-06b7-0000-003700000003/displayed'
22:20:46.070 [AsyncHttpClient-1-2] DEBUG org.asynchttpclient.netty.handler.HttpHandler - 

Request DefaultFullHttpRequest(decodeResult: success, version: HTTP/1.1, content: EmptyByteBufBE)
GET /wd/hub/session/97ba56ba-2346-462a-a119-1131c5ca4e65/element/00000000-0000-06b7-0000-003700000003/displayed HTTP/1.1
User-Agent: appium/8.3.0 (selenium/4.8.1 (java windows))
Cache-Control: no-cache
Content-Type: application/json; charset=utf-8
host: 0.0.0.0:4723
accept: */*

Response DefaultHttpResponse(decodeResult: success, version: HTTP/1.1)
HTTP/1.1 200 OK
X-Powered-By: Express
Content-Type: application/json; charset=utf-8
Content-Length: 14
ETag: W/"e-2ZHvAWebNQpyjGZTg6uyV8/spTo"
Date: Tue, 09 May 2023 15:20:46 GMT
Connection: keep-alive
Keep-Alive: timeout=600

22:20:46.070 [AsyncHttpClient-1-2] DEBUG org.asynchttpclient.netty.channel.ChannelManager - Adding key: http://0.0.0.0:4723 for channel [id: 0x0f502b57, L:/127.0.0.1:58549 - R:/127.0.0.1:4723]
22:20:46.071 [Forwarding getElementText on session 97ba56ba-2346-462a-a119-1131c5ca4e65 to remote] DEBUG org.asynchttpclient.netty.request.NettyRequestSender - Using pooled Channel '[id: 0x0f502b57, L:/127.0.0.1:58549 - R:/127.0.0.1:4723]' for 'GET' to 'http://0.0.0.0:4723/wd/hub/session/97ba56ba-2346-462a-a119-1131c5ca4e65/element/00000000-0000-06b7-0000-003700000003/text'
22:20:46.072 [Forwarding getElementText on session 97ba56ba-2346-462a-a119-1131c5ca4e65 to remote] DEBUG org.asynchttpclient.netty.request.NettyRequestSender - Using open Channel [id: 0x0f502b57, L:/127.0.0.1:58549 - R:/127.0.0.1:4723] for GET '/wd/hub/session/97ba56ba-2346-462a-a119-1131c5ca4e65/element/00000000-0000-06b7-0000-003700000003/text'
22:20:46.097 [AsyncHttpClient-1-2] DEBUG org.asynchttpclient.netty.handler.HttpHandler - 

Request DefaultFullHttpRequest(decodeResult: success, version: HTTP/1.1, content: EmptyByteBufBE)
GET /wd/hub/session/97ba56ba-2346-462a-a119-1131c5ca4e65/element/00000000-0000-06b7-0000-003700000003/text HTTP/1.1
User-Agent: appium/8.3.0 (selenium/4.8.1 (java windows))
Cache-Control: no-cache
Content-Type: application/json; charset=utf-8
host: 0.0.0.0:4723
accept: */*

Response DefaultHttpResponse(decodeResult: success, version: HTTP/1.1)
HTTP/1.1 200 OK
X-Powered-By: Express
Content-Type: application/json; charset=utf-8
Content-Length: 63
ETag: W/"3f-DOyiu1r5QCVKUQZGetCbCk96NMQ"
Date: Tue, 09 May 2023 15:20:46 GMT
Connection: keep-alive
Keep-Alive: timeout=600

22:20:46.097 [AsyncHttpClient-1-2] DEBUG org.asynchttpclient.netty.channel.ChannelManager - Adding key: http://0.0.0.0:4723 for channel [id: 0x0f502b57, L:/127.0.0.1:58549 - R:/127.0.0.1:4723]
22:20:46.099 [main] DEBUG net.thucydides.core.steps.StepInterceptor - STEP DONE: getMessageonEmailCanNotEmpty
]]></system-out>
  </testcase>
  <testcase name="user on homepage AltaShop for register feature" classname="user tidak dapat register karena tidak mengisi field password" time="10.503">
    <system-out><![CDATA[22:20:46.107 [main] INFO  - 
  _____   ___   ___   _____     ___     _     ___   ___   ___   ___  
 |_   _| | __| / __| |_   _|   | _ \   /_\   / __| / __| | __| |   \ 
   | |   | _|  \__ \   | |     |  _/  / _ \  \__ \ \__ \ | _|  | |) |
   |_|   |___| |___/   |_|     |_|   /_/ \_\ |___/ |___/ |___| |___/ 

user tidak dapat register karena tidak mengisi field nama email
----------------------------------------------------------------------
22:20:46.118 [main] DEBUG io.cucumber.core.plugin.SerenityReporter - Running feature from file:///C:/Users/HP/Downloads/Mini-Project-QA/ALTASHOP%20MOBILE%20AUTOMATION/src/test/resources/features/2.%20Register.feature
22:20:46.123 [main] INFO  - 
  _____   ___   ___   _____     ___   _____     _     ___   _____   ___   ___  
 |_   _| | __| / __| |_   _|   / __| |_   _|   /_\   | _ \ |_   _| | __| |   \ 
   | |   | _|  \__ \   | |     \__ \   | |    / _ \  |   /   | |   | _|  | |) |
   |_|   |___| |___/   |_|     |___/   |_|   /_/ \_\ |_|_\   |_|   |___| |___/ 

user tidak dapat register karena tidak mengisi field password(register;user-tidak-dapat-register-karena-tidak-mengisi-field-password)
--------------------------------------------------------------------------------
22:20:46.143 [main] DEBUG net.thucydides.core.steps.StepInterceptor - STARTING STEP: RegisterSteps.userOnHomepageAltaShopForRegisterFeature - onHomepageAltaShop
22:20:46.150 [Forwarding newSession on session null to remote] DEBUG org.asynchttpclient.netty.request.NettyRequestSender - Using pooled Channel '[id: 0x0f502b57, L:/127.0.0.1:58549 - R:/127.0.0.1:4723]' for 'POST' to 'http://0.0.0.0:4723/wd/hub/session'
22:20:46.150 [Forwarding newSession on session null to remote] DEBUG org.asynchttpclient.netty.request.NettyRequestSender - Using open Channel [id: 0x0f502b57, L:/127.0.0.1:58549 - R:/127.0.0.1:4723] for POST '/wd/hub/session'
22:20:55.335 [AsyncHttpClient-1-2] DEBUG org.asynchttpclient.netty.handler.HttpHandler - 

Request DefaultHttpRequest(decodeResult: success, version: HTTP/1.1)
POST /wd/hub/session HTTP/1.1
X-Idempotency-Key: 02505501-263f-4e99-918f-cfaa51259b6c
User-Agent: appium/8.3.0 (selenium/4.8.1 (java windows))
Content-Length: 335
Content-Type: application/json; charset=utf-8
host: 0.0.0.0:4723
accept: */*

Response DefaultHttpResponse(decodeResult: success, version: HTTP/1.1)
HTTP/1.1 200 OK
X-Powered-By: Express
Vary: X-HTTP-Method-Override
Content-Type: application/json; charset=utf-8
Content-Length: 988
ETag: W/"3dc-qGYGemENDzlawXfMDEkNZ5werRY"
Date: Tue, 09 May 2023 15:20:55 GMT
Connection: keep-alive
Keep-Alive: timeout=600

22:20:55.336 [AsyncHttpClient-1-2] DEBUG org.asynchttpclient.netty.channel.ChannelManager - Adding key: http://0.0.0.0:4723 for channel [id: 0x0f502b57, L:/127.0.0.1:58549 - R:/127.0.0.1:4723]
22:20:55.341 [Forwarding setTimeout on session b8ec2259-0fa9-48d5-8e76-a4ee91a04495 to remote] DEBUG org.asynchttpclient.netty.request.NettyRequestSender - Using pooled Channel '[id: 0x0f502b57, L:/127.0.0.1:58549 - R:/127.0.0.1:4723]' for 'POST' to 'http://0.0.0.0:4723/wd/hub/session/b8ec2259-0fa9-48d5-8e76-a4ee91a04495/timeouts'
22:20:55.341 [Forwarding setTimeout on session b8ec2259-0fa9-48d5-8e76-a4ee91a04495 to remote] DEBUG org.asynchttpclient.netty.request.NettyRequestSender - Using open Channel [id: 0x0f502b57, L:/127.0.0.1:58549 - R:/127.0.0.1:4723] for POST '/wd/hub/session/b8ec2259-0fa9-48d5-8e76-a4ee91a04495/timeouts'
22:20:55.359 [AsyncHttpClient-1-2] DEBUG org.asynchttpclient.netty.handler.HttpHandler - 

Request DefaultHttpRequest(decodeResult: success, version: HTTP/1.1)
POST /wd/hub/session/b8ec2259-0fa9-48d5-8e76-a4ee91a04495/timeouts HTTP/1.1
User-Agent: appium/8.3.0 (selenium/4.8.1 (java windows))
Content-Length: 23
Content-Type: application/json; charset=utf-8
host: 0.0.0.0:4723
accept: */*

Response DefaultHttpResponse(decodeResult: success, version: HTTP/1.1)
HTTP/1.1 200 OK
X-Powered-By: Express
Vary: X-HTTP-Method-Override
Content-Type: application/json; charset=utf-8
Content-Length: 14
ETag: W/"e-9/1BuKMgFObM1mWJm+YjxtXJnUM"
Date: Tue, 09 May 2023 15:20:55 GMT
Connection: keep-alive
Keep-Alive: timeout=600

22:20:55.360 [AsyncHttpClient-1-2] DEBUG org.asynchttpclient.netty.channel.ChannelManager - Adding key: http://0.0.0.0:4723 for channel [id: 0x0f502b57, L:/127.0.0.1:58549 - R:/127.0.0.1:4723]
22:20:55.364 [Forwarding findElement on session b8ec2259-0fa9-48d5-8e76-a4ee91a04495 to remote] DEBUG org.asynchttpclient.netty.request.NettyRequestSender - Using pooled Channel '[id: 0x0f502b57, L:/127.0.0.1:58549 - R:/127.0.0.1:4723]' for 'POST' to 'http://0.0.0.0:4723/wd/hub/session/b8ec2259-0fa9-48d5-8e76-a4ee91a04495/element'
22:20:55.364 [Forwarding findElement on session b8ec2259-0fa9-48d5-8e76-a4ee91a04495 to remote] DEBUG org.asynchttpclient.netty.request.NettyRequestSender - Using open Channel [id: 0x0f502b57, L:/127.0.0.1:58549 - R:/127.0.0.1:4723] for POST '/wd/hub/session/b8ec2259-0fa9-48d5-8e76-a4ee91a04495/element'
22:20:56.570 [AsyncHttpClient-1-2] DEBUG org.asynchttpclient.netty.handler.HttpHandler - 

Request DefaultHttpRequest(decodeResult: success, version: HTTP/1.1)
POST /wd/hub/session/b8ec2259-0fa9-48d5-8e76-a4ee91a04495/element HTTP/1.1
User-Agent: appium/8.3.0 (selenium/4.8.1 (java windows))
Content-Length: 326
Content-Type: application/json; charset=utf-8
host: 0.0.0.0:4723
accept: */*

Response DefaultHttpResponse(decodeResult: success, version: HTTP/1.1)
HTTP/1.1 200 OK
X-Powered-By: Express
Vary: X-HTTP-Method-Override
Content-Type: application/json; charset=utf-8
Content-Length: 137
ETag: W/"89-lUmGkQ2/2f5NLjhdCu8kzrjs/wo"
Date: Tue, 09 May 2023 15:20:56 GMT
Connection: keep-alive
Keep-Alive: timeout=600

22:20:56.570 [AsyncHttpClient-1-2] DEBUG org.asynchttpclient.netty.channel.ChannelManager - Adding key: http://0.0.0.0:4723 for channel [id: 0x0f502b57, L:/127.0.0.1:58549 - R:/127.0.0.1:4723]
22:20:56.572 [Forwarding isElementDisplayed on session b8ec2259-0fa9-48d5-8e76-a4ee91a04495 to remote] DEBUG org.asynchttpclient.netty.request.NettyRequestSender - Using pooled Channel '[id: 0x0f502b57, L:/127.0.0.1:58549 - R:/127.0.0.1:4723]' for 'GET' to 'http://0.0.0.0:4723/wd/hub/session/b8ec2259-0fa9-48d5-8e76-a4ee91a04495/element/00000000-0000-06c5-0000-000700000003/displayed'
22:20:56.572 [Forwarding isElementDisplayed on session b8ec2259-0fa9-48d5-8e76-a4ee91a04495 to remote] DEBUG org.asynchttpclient.netty.request.NettyRequestSender - Using open Channel [id: 0x0f502b57, L:/127.0.0.1:58549 - R:/127.0.0.1:4723] for GET '/wd/hub/session/b8ec2259-0fa9-48d5-8e76-a4ee91a04495/element/00000000-0000-06c5-0000-000700000003/displayed'
22:20:56.600 [AsyncHttpClient-1-2] DEBUG org.asynchttpclient.netty.handler.HttpHandler - 

Request DefaultFullHttpRequest(decodeResult: success, version: HTTP/1.1, content: EmptyByteBufBE)
GET /wd/hub/session/b8ec2259-0fa9-48d5-8e76-a4ee91a04495/element/00000000-0000-06c5-0000-000700000003/displayed HTTP/1.1
User-Agent: appium/8.3.0 (selenium/4.8.1 (java windows))
Cache-Control: no-cache
Content-Type: application/json; charset=utf-8
host: 0.0.0.0:4723
accept: */*

Response DefaultHttpResponse(decodeResult: success, version: HTTP/1.1)
HTTP/1.1 200 OK
X-Powered-By: Express
Content-Type: application/json; charset=utf-8
Content-Length: 14
ETag: W/"e-2ZHvAWebNQpyjGZTg6uyV8/spTo"
Date: Tue, 09 May 2023 15:20:56 GMT
Connection: keep-alive
Keep-Alive: timeout=600

22:20:56.600 [AsyncHttpClient-1-2] DEBUG org.asynchttpclient.netty.channel.ChannelManager - Adding key: http://0.0.0.0:4723 for channel [id: 0x0f502b57, L:/127.0.0.1:58549 - R:/127.0.0.1:4723]
22:20:56.603 [Forwarding isElementDisplayed on session b8ec2259-0fa9-48d5-8e76-a4ee91a04495 to remote] DEBUG org.asynchttpclient.netty.request.NettyRequestSender - Using pooled Channel '[id: 0x0f502b57, L:/127.0.0.1:58549 - R:/127.0.0.1:4723]' for 'GET' to 'http://0.0.0.0:4723/wd/hub/session/b8ec2259-0fa9-48d5-8e76-a4ee91a04495/element/00000000-0000-06c5-0000-000700000003/displayed'
22:20:56.603 [Forwarding isElementDisplayed on session b8ec2259-0fa9-48d5-8e76-a4ee91a04495 to remote] DEBUG org.asynchttpclient.netty.request.NettyRequestSender - Using open Channel [id: 0x0f502b57, L:/127.0.0.1:58549 - R:/127.0.0.1:4723] for GET '/wd/hub/session/b8ec2259-0fa9-48d5-8e76-a4ee91a04495/element/00000000-0000-06c5-0000-000700000003/displayed'
22:20:56.630 [AsyncHttpClient-1-2] DEBUG org.asynchttpclient.netty.handler.HttpHandler - 

Request DefaultFullHttpRequest(decodeResult: success, version: HTTP/1.1, content: EmptyByteBufBE)
GET /wd/hub/session/b8ec2259-0fa9-48d5-8e76-a4ee91a04495/element/00000000-0000-06c5-0000-000700000003/displayed HTTP/1.1
User-Agent: appium/8.3.0 (selenium/4.8.1 (java windows))
Cache-Control: no-cache
Content-Type: application/json; charset=utf-8
host: 0.0.0.0:4723
accept: */*

Response DefaultHttpResponse(decodeResult: success, version: HTTP/1.1)
HTTP/1.1 200 OK
X-Powered-By: Express
Content-Type: application/json; charset=utf-8
Content-Length: 14
ETag: W/"e-2ZHvAWebNQpyjGZTg6uyV8/spTo"
Date: Tue, 09 May 2023 15:20:56 GMT
Connection: keep-alive
Keep-Alive: timeout=600

22:20:56.631 [AsyncHttpClient-1-2] DEBUG org.asynchttpclient.netty.channel.ChannelManager - Adding key: http://0.0.0.0:4723 for channel [id: 0x0f502b57, L:/127.0.0.1:58549 - R:/127.0.0.1:4723]
22:20:56.633 [main] DEBUG net.thucydides.core.steps.StepInterceptor - STEP DONE: onHomepageAltaShop
]]></system-out>
  </testcase>
  <testcase name="user click login button for register feature" classname="user tidak dapat register karena tidak mengisi field password" time="0.24">
    <system-out><![CDATA[22:20:56.644 [main] DEBUG net.thucydides.core.steps.StepInterceptor - STARTING STEP: RegisterSteps.userClickLoginButtonForRegisterFeature - clickButtonLogin
22:20:56.648 [Forwarding findElement on session b8ec2259-0fa9-48d5-8e76-a4ee91a04495 to remote] DEBUG org.asynchttpclient.netty.request.NettyRequestSender - Using pooled Channel '[id: 0x0f502b57, L:/127.0.0.1:58549 - R:/127.0.0.1:4723]' for 'POST' to 'http://0.0.0.0:4723/wd/hub/session/b8ec2259-0fa9-48d5-8e76-a4ee91a04495/element'
22:20:56.648 [Forwarding findElement on session b8ec2259-0fa9-48d5-8e76-a4ee91a04495 to remote] DEBUG org.asynchttpclient.netty.request.NettyRequestSender - Using open Channel [id: 0x0f502b57, L:/127.0.0.1:58549 - R:/127.0.0.1:4723] for POST '/wd/hub/session/b8ec2259-0fa9-48d5-8e76-a4ee91a04495/element'
22:20:56.741 [AsyncHttpClient-1-2] DEBUG org.asynchttpclient.netty.handler.HttpHandler - 

Request DefaultHttpRequest(decodeResult: success, version: HTTP/1.1)
POST /wd/hub/session/b8ec2259-0fa9-48d5-8e76-a4ee91a04495/element HTTP/1.1
User-Agent: appium/8.3.0 (selenium/4.8.1 (java windows))
Content-Length: 326
Content-Type: application/json; charset=utf-8
host: 0.0.0.0:4723
accept: */*

Response DefaultHttpResponse(decodeResult: success, version: HTTP/1.1)
HTTP/1.1 200 OK
X-Powered-By: Express
Vary: X-HTTP-Method-Override
Content-Type: application/json; charset=utf-8
Content-Length: 137
ETag: W/"89-lUmGkQ2/2f5NLjhdCu8kzrjs/wo"
Date: Tue, 09 May 2023 15:20:56 GMT
Connection: keep-alive
Keep-Alive: timeout=600

22:20:56.742 [AsyncHttpClient-1-2] DEBUG org.asynchttpclient.netty.channel.ChannelManager - Adding key: http://0.0.0.0:4723 for channel [id: 0x0f502b57, L:/127.0.0.1:58549 - R:/127.0.0.1:4723]
22:20:56.743 [Forwarding isElementDisplayed on session b8ec2259-0fa9-48d5-8e76-a4ee91a04495 to remote] DEBUG org.asynchttpclient.netty.request.NettyRequestSender - Using pooled Channel '[id: 0x0f502b57, L:/127.0.0.1:58549 - R:/127.0.0.1:4723]' for 'GET' to 'http://0.0.0.0:4723/wd/hub/session/b8ec2259-0fa9-48d5-8e76-a4ee91a04495/element/00000000-0000-06c5-0000-000700000003/displayed'
22:20:56.744 [Forwarding isElementDisplayed on session b8ec2259-0fa9-48d5-8e76-a4ee91a04495 to remote] DEBUG org.asynchttpclient.netty.request.NettyRequestSender - Using open Channel [id: 0x0f502b57, L:/127.0.0.1:58549 - R:/127.0.0.1:4723] for GET '/wd/hub/session/b8ec2259-0fa9-48d5-8e76-a4ee91a04495/element/00000000-0000-06c5-0000-000700000003/displayed'
22:20:56.773 [AsyncHttpClient-1-2] DEBUG org.asynchttpclient.netty.handler.HttpHandler - 

Request DefaultFullHttpRequest(decodeResult: success, version: HTTP/1.1, content: EmptyByteBufBE)
GET /wd/hub/session/b8ec2259-0fa9-48d5-8e76-a4ee91a04495/element/00000000-0000-06c5-0000-000700000003/displayed HTTP/1.1
User-Agent: appium/8.3.0 (selenium/4.8.1 (java windows))
Cache-Control: no-cache
Content-Type: application/json; charset=utf-8
host: 0.0.0.0:4723
accept: */*

Response DefaultHttpResponse(decodeResult: success, version: HTTP/1.1)
HTTP/1.1 200 OK
X-Powered-By: Express
Content-Type: application/json; charset=utf-8
Content-Length: 14
ETag: W/"e-2ZHvAWebNQpyjGZTg6uyV8/spTo"
Date: Tue, 09 May 2023 15:20:56 GMT
Connection: keep-alive
Keep-Alive: timeout=600

22:20:56.774 [AsyncHttpClient-1-2] DEBUG org.asynchttpclient.netty.channel.ChannelManager - Adding key: http://0.0.0.0:4723 for channel [id: 0x0f502b57, L:/127.0.0.1:58549 - R:/127.0.0.1:4723]
22:20:56.775 [Forwarding isElementEnabled on session b8ec2259-0fa9-48d5-8e76-a4ee91a04495 to remote] DEBUG org.asynchttpclient.netty.request.NettyRequestSender - Using pooled Channel '[id: 0x0f502b57, L:/127.0.0.1:58549 - R:/127.0.0.1:4723]' for 'GET' to 'http://0.0.0.0:4723/wd/hub/session/b8ec2259-0fa9-48d5-8e76-a4ee91a04495/element/00000000-0000-06c5-0000-000700000003/enabled'
22:20:56.775 [Forwarding isElementEnabled on session b8ec2259-0fa9-48d5-8e76-a4ee91a04495 to remote] DEBUG org.asynchttpclient.netty.request.NettyRequestSender - Using open Channel [id: 0x0f502b57, L:/127.0.0.1:58549 - R:/127.0.0.1:4723] for GET '/wd/hub/session/b8ec2259-0fa9-48d5-8e76-a4ee91a04495/element/00000000-0000-06c5-0000-000700000003/enabled'
22:20:56.803 [AsyncHttpClient-1-2] DEBUG org.asynchttpclient.netty.handler.HttpHandler - 

Request DefaultFullHttpRequest(decodeResult: success, version: HTTP/1.1, content: EmptyByteBufBE)
GET /wd/hub/session/b8ec2259-0fa9-48d5-8e76-a4ee91a04495/element/00000000-0000-06c5-0000-000700000003/enabled HTTP/1.1
User-Agent: appium/8.3.0 (selenium/4.8.1 (java windows))
Cache-Control: no-cache
Content-Type: application/json; charset=utf-8
host: 0.0.0.0:4723
accept: */*

Response DefaultHttpResponse(decodeResult: success, version: HTTP/1.1)
HTTP/1.1 200 OK
X-Powered-By: Express
Content-Type: application/json; charset=utf-8
Content-Length: 14
ETag: W/"e-2ZHvAWebNQpyjGZTg6uyV8/spTo"
Date: Tue, 09 May 2023 15:20:56 GMT
Connection: keep-alive
Keep-Alive: timeout=600

22:20:56.803 [AsyncHttpClient-1-2] DEBUG org.asynchttpclient.netty.channel.ChannelManager - Adding key: http://0.0.0.0:4723 for channel [id: 0x0f502b57, L:/127.0.0.1:58549 - R:/127.0.0.1:4723]
22:20:56.805 [Forwarding clickElement on session b8ec2259-0fa9-48d5-8e76-a4ee91a04495 to remote] DEBUG org.asynchttpclient.netty.request.NettyRequestSender - Using pooled Channel '[id: 0x0f502b57, L:/127.0.0.1:58549 - R:/127.0.0.1:4723]' for 'POST' to 'http://0.0.0.0:4723/wd/hub/session/b8ec2259-0fa9-48d5-8e76-a4ee91a04495/element/00000000-0000-06c5-0000-000700000003/click'
22:20:56.805 [Forwarding clickElement on session b8ec2259-0fa9-48d5-8e76-a4ee91a04495 to remote] DEBUG org.asynchttpclient.netty.request.NettyRequestSender - Using open Channel [id: 0x0f502b57, L:/127.0.0.1:58549 - R:/127.0.0.1:4723] for POST '/wd/hub/session/b8ec2259-0fa9-48d5-8e76-a4ee91a04495/element/00000000-0000-06c5-0000-000700000003/click'
22:20:56.874 [AsyncHttpClient-1-2] DEBUG org.asynchttpclient.netty.handler.HttpHandler - 

Request DefaultHttpRequest(decodeResult: success, version: HTTP/1.1)
POST /wd/hub/session/b8ec2259-0fa9-48d5-8e76-a4ee91a04495/element/00000000-0000-06c5-0000-000700000003/click HTTP/1.1
User-Agent: appium/8.3.0 (selenium/4.8.1 (java windows))
Content-Length: 50
Content-Type: application/json; charset=utf-8
host: 0.0.0.0:4723
accept: */*

Response DefaultHttpResponse(decodeResult: success, version: HTTP/1.1)
HTTP/1.1 200 OK
X-Powered-By: Express
Vary: X-HTTP-Method-Override
Content-Type: application/json; charset=utf-8
Content-Length: 14
ETag: W/"e-9/1BuKMgFObM1mWJm+YjxtXJnUM"
Date: Tue, 09 May 2023 15:20:56 GMT
Connection: keep-alive
Keep-Alive: timeout=600

22:20:56.874 [AsyncHttpClient-1-2] DEBUG org.asynchttpclient.netty.channel.ChannelManager - Adding key: http://0.0.0.0:4723 for channel [id: 0x0f502b57, L:/127.0.0.1:58549 - R:/127.0.0.1:4723]
22:20:56.876 [main] DEBUG net.thucydides.core.steps.StepInterceptor - STEP DONE: clickButtonLogin
]]></system-out>
  </testcase>
  <testcase name="user click link register for register feature" classname="user tidak dapat register karena tidak mengisi field password" time="1.85">
    <system-out><![CDATA[22:20:56.891 [main] DEBUG net.thucydides.core.steps.StepInterceptor - STARTING STEP: RegisterSteps.userClickLinkRegisterForRegisterFeature - clickLinkRegister
22:20:56.907 [Forwarding findElement on session b8ec2259-0fa9-48d5-8e76-a4ee91a04495 to remote] DEBUG org.asynchttpclient.netty.request.NettyRequestSender - Using pooled Channel '[id: 0x0f502b57, L:/127.0.0.1:58549 - R:/127.0.0.1:4723]' for 'POST' to 'http://0.0.0.0:4723/wd/hub/session/b8ec2259-0fa9-48d5-8e76-a4ee91a04495/element'
22:20:56.907 [Forwarding findElement on session b8ec2259-0fa9-48d5-8e76-a4ee91a04495 to remote] DEBUG org.asynchttpclient.netty.request.NettyRequestSender - Using open Channel [id: 0x0f502b57, L:/127.0.0.1:58549 - R:/127.0.0.1:4723] for POST '/wd/hub/session/b8ec2259-0fa9-48d5-8e76-a4ee91a04495/element'
22:20:57.753 [AsyncHttpClient-1-2] DEBUG org.asynchttpclient.netty.handler.HttpHandler - 

Request DefaultHttpRequest(decodeResult: success, version: HTTP/1.1)
POST /wd/hub/session/b8ec2259-0fa9-48d5-8e76-a4ee91a04495/element HTTP/1.1
User-Agent: appium/8.3.0 (selenium/4.8.1 (java windows))
Content-Length: 98
Content-Type: application/json; charset=utf-8
host: 0.0.0.0:4723
accept: */*

Response DefaultHttpResponse(decodeResult: success, version: HTTP/1.1)
HTTP/1.1 200 OK
X-Powered-By: Express
Vary: X-HTTP-Method-Override
Content-Type: application/json; charset=utf-8
Content-Length: 137
ETag: W/"89-bythDXxURLGqkw+v5Mgne5LlJOw"
Date: Tue, 09 May 2023 15:20:57 GMT
Connection: keep-alive
Keep-Alive: timeout=600

22:20:57.753 [AsyncHttpClient-1-2] DEBUG org.asynchttpclient.netty.channel.ChannelManager - Adding key: http://0.0.0.0:4723 for channel [id: 0x0f502b57, L:/127.0.0.1:58549 - R:/127.0.0.1:4723]
22:20:57.755 [Forwarding isElementDisplayed on session b8ec2259-0fa9-48d5-8e76-a4ee91a04495 to remote] DEBUG org.asynchttpclient.netty.request.NettyRequestSender - Using pooled Channel '[id: 0x0f502b57, L:/127.0.0.1:58549 - R:/127.0.0.1:4723]' for 'GET' to 'http://0.0.0.0:4723/wd/hub/session/b8ec2259-0fa9-48d5-8e76-a4ee91a04495/element/00000000-0000-06c5-0000-002a00000003/displayed'
22:20:57.755 [Forwarding isElementDisplayed on session b8ec2259-0fa9-48d5-8e76-a4ee91a04495 to remote] DEBUG org.asynchttpclient.netty.request.NettyRequestSender - Using open Channel [id: 0x0f502b57, L:/127.0.0.1:58549 - R:/127.0.0.1:4723] for GET '/wd/hub/session/b8ec2259-0fa9-48d5-8e76-a4ee91a04495/element/00000000-0000-06c5-0000-002a00000003/displayed'
22:20:57.792 [AsyncHttpClient-1-2] DEBUG org.asynchttpclient.netty.handler.HttpHandler - 

Request DefaultFullHttpRequest(decodeResult: success, version: HTTP/1.1, content: EmptyByteBufBE)
GET /wd/hub/session/b8ec2259-0fa9-48d5-8e76-a4ee91a04495/element/00000000-0000-06c5-0000-002a00000003/displayed HTTP/1.1
User-Agent: appium/8.3.0 (selenium/4.8.1 (java windows))
Cache-Control: no-cache
Content-Type: application/json; charset=utf-8
host: 0.0.0.0:4723
accept: */*

Response DefaultHttpResponse(decodeResult: success, version: HTTP/1.1)
HTTP/1.1 200 OK
X-Powered-By: Express
Content-Type: application/json; charset=utf-8
Content-Length: 14
ETag: W/"e-2ZHvAWebNQpyjGZTg6uyV8/spTo"
Date: Tue, 09 May 2023 15:20:57 GMT
Connection: keep-alive
Keep-Alive: timeout=600

22:20:57.792 [AsyncHttpClient-1-2] DEBUG org.asynchttpclient.netty.channel.ChannelManager - Adding key: http://0.0.0.0:4723 for channel [id: 0x0f502b57, L:/127.0.0.1:58549 - R:/127.0.0.1:4723]
22:20:57.797 [Forwarding isElementEnabled on session b8ec2259-0fa9-48d5-8e76-a4ee91a04495 to remote] DEBUG org.asynchttpclient.netty.request.NettyRequestSender - Using pooled Channel '[id: 0x0f502b57, L:/127.0.0.1:58549 - R:/127.0.0.1:4723]' for 'GET' to 'http://0.0.0.0:4723/wd/hub/session/b8ec2259-0fa9-48d5-8e76-a4ee91a04495/element/00000000-0000-06c5-0000-002a00000003/enabled'
22:20:57.797 [Forwarding isElementEnabled on session b8ec2259-0fa9-48d5-8e76-a4ee91a04495 to remote] DEBUG org.asynchttpclient.netty.request.NettyRequestSender - Using open Channel [id: 0x0f502b57, L:/127.0.0.1:58549 - R:/127.0.0.1:4723] for GET '/wd/hub/session/b8ec2259-0fa9-48d5-8e76-a4ee91a04495/element/00000000-0000-06c5-0000-002a00000003/enabled'
22:20:57.831 [AsyncHttpClient-1-2] DEBUG org.asynchttpclient.netty.handler.HttpHandler - 

Request DefaultFullHttpRequest(decodeResult: success, version: HTTP/1.1, content: EmptyByteBufBE)
GET /wd/hub/session/b8ec2259-0fa9-48d5-8e76-a4ee91a04495/element/00000000-0000-06c5-0000-002a00000003/enabled HTTP/1.1
User-Agent: appium/8.3.0 (selenium/4.8.1 (java windows))
Cache-Control: no-cache
Content-Type: application/json; charset=utf-8
host: 0.0.0.0:4723
accept: */*

Response DefaultHttpResponse(decodeResult: success, version: HTTP/1.1)
HTTP/1.1 200 OK
X-Powered-By: Express
Content-Type: application/json; charset=utf-8
Content-Length: 14
ETag: W/"e-2ZHvAWebNQpyjGZTg6uyV8/spTo"
Date: Tue, 09 May 2023 15:20:57 GMT
Connection: keep-alive
Keep-Alive: timeout=600

22:20:57.832 [AsyncHttpClient-1-2] DEBUG org.asynchttpclient.netty.channel.ChannelManager - Adding key: http://0.0.0.0:4723 for channel [id: 0x0f502b57, L:/127.0.0.1:58549 - R:/127.0.0.1:4723]
22:20:57.835 [Forwarding clickElement on session b8ec2259-0fa9-48d5-8e76-a4ee91a04495 to remote] DEBUG org.asynchttpclient.netty.request.NettyRequestSender - Using pooled Channel '[id: 0x0f502b57, L:/127.0.0.1:58549 - R:/127.0.0.1:4723]' for 'POST' to 'http://0.0.0.0:4723/wd/hub/session/b8ec2259-0fa9-48d5-8e76-a4ee91a04495/element/00000000-0000-06c5-0000-002a00000003/click'
22:20:57.835 [Forwarding clickElement on session b8ec2259-0fa9-48d5-8e76-a4ee91a04495 to remote] DEBUG org.asynchttpclient.netty.request.NettyRequestSender - Using open Channel [id: 0x0f502b57, L:/127.0.0.1:58549 - R:/127.0.0.1:4723] for POST '/wd/hub/session/b8ec2259-0fa9-48d5-8e76-a4ee91a04495/element/00000000-0000-06c5-0000-002a00000003/click'
22:20:58.731 [AsyncHttpClient-1-2] DEBUG org.asynchttpclient.netty.handler.HttpHandler - 

Request DefaultHttpRequest(decodeResult: success, version: HTTP/1.1)
POST /wd/hub/session/b8ec2259-0fa9-48d5-8e76-a4ee91a04495/element/00000000-0000-06c5-0000-002a00000003/click HTTP/1.1
User-Agent: appium/8.3.0 (selenium/4.8.1 (java windows))
Content-Length: 50
Content-Type: application/json; charset=utf-8
host: 0.0.0.0:4723
accept: */*

Response DefaultHttpResponse(decodeResult: success, version: HTTP/1.1)
HTTP/1.1 200 OK
X-Powered-By: Express
Vary: X-HTTP-Method-Override
Content-Type: application/json; charset=utf-8
Content-Length: 14
ETag: W/"e-9/1BuKMgFObM1mWJm+YjxtXJnUM"
Date: Tue, 09 May 2023 15:20:58 GMT
Connection: keep-alive
Keep-Alive: timeout=600

22:20:58.731 [AsyncHttpClient-1-2] DEBUG org.asynchttpclient.netty.channel.ChannelManager - Adding key: http://0.0.0.0:4723 for channel [id: 0x0f502b57, L:/127.0.0.1:58549 - R:/127.0.0.1:4723]
22:20:58.735 [main] DEBUG net.thucydides.core.steps.StepInterceptor - STEP DONE: clickLinkRegister
]]></system-out>
  </testcase>
  <testcase name="user input fullname for register feature" classname="user tidak dapat register karena tidak mengisi field password" time="1.532">
    <system-out><![CDATA[22:20:58.746 [main] DEBUG net.thucydides.core.steps.StepInterceptor - STARTING STEP: RegisterSteps.userInputFullnameForRegisterFeature - inputFullname
22:20:58.750 [Forwarding findElement on session b8ec2259-0fa9-48d5-8e76-a4ee91a04495 to remote] DEBUG org.asynchttpclient.netty.request.NettyRequestSender - Using pooled Channel '[id: 0x0f502b57, L:/127.0.0.1:58549 - R:/127.0.0.1:4723]' for 'POST' to 'http://0.0.0.0:4723/wd/hub/session/b8ec2259-0fa9-48d5-8e76-a4ee91a04495/element'
22:20:58.750 [Forwarding findElement on session b8ec2259-0fa9-48d5-8e76-a4ee91a04495 to remote] DEBUG org.asynchttpclient.netty.request.NettyRequestSender - Using open Channel [id: 0x0f502b57, L:/127.0.0.1:58549 - R:/127.0.0.1:4723] for POST '/wd/hub/session/b8ec2259-0fa9-48d5-8e76-a4ee91a04495/element'
22:20:58.857 [AsyncHttpClient-1-2] DEBUG org.asynchttpclient.netty.handler.HttpHandler - 

Request DefaultHttpRequest(decodeResult: success, version: HTTP/1.1)
POST /wd/hub/session/b8ec2259-0fa9-48d5-8e76-a4ee91a04495/element HTTP/1.1
User-Agent: appium/8.3.0 (selenium/4.8.1 (java windows))
Content-Length: 305
Content-Type: application/json; charset=utf-8
host: 0.0.0.0:4723
accept: */*

Response DefaultHttpResponse(decodeResult: success, version: HTTP/1.1)
HTTP/1.1 200 OK
X-Powered-By: Express
Vary: X-HTTP-Method-Override
Content-Type: application/json; charset=utf-8
Content-Length: 137
ETag: W/"89-YPEFVyKMMgjQTnD06OTI/BLyc+8"
Date: Tue, 09 May 2023 15:20:58 GMT
Connection: keep-alive
Keep-Alive: timeout=600

22:20:58.857 [AsyncHttpClient-1-2] DEBUG org.asynchttpclient.netty.channel.ChannelManager - Adding key: http://0.0.0.0:4723 for channel [id: 0x0f502b57, L:/127.0.0.1:58549 - R:/127.0.0.1:4723]
22:20:58.859 [Forwarding isElementDisplayed on session b8ec2259-0fa9-48d5-8e76-a4ee91a04495 to remote] DEBUG org.asynchttpclient.netty.request.NettyRequestSender - Using pooled Channel '[id: 0x0f502b57, L:/127.0.0.1:58549 - R:/127.0.0.1:4723]' for 'GET' to 'http://0.0.0.0:4723/wd/hub/session/b8ec2259-0fa9-48d5-8e76-a4ee91a04495/element/00000000-0000-06c5-0000-003000000003/displayed'
22:20:58.859 [Forwarding isElementDisplayed on session b8ec2259-0fa9-48d5-8e76-a4ee91a04495 to remote] DEBUG org.asynchttpclient.netty.request.NettyRequestSender - Using open Channel [id: 0x0f502b57, L:/127.0.0.1:58549 - R:/127.0.0.1:4723] for GET '/wd/hub/session/b8ec2259-0fa9-48d5-8e76-a4ee91a04495/element/00000000-0000-06c5-0000-003000000003/displayed'
22:20:58.896 [AsyncHttpClient-1-2] DEBUG org.asynchttpclient.netty.handler.HttpHandler - 

Request DefaultFullHttpRequest(decodeResult: success, version: HTTP/1.1, content: EmptyByteBufBE)
GET /wd/hub/session/b8ec2259-0fa9-48d5-8e76-a4ee91a04495/element/00000000-0000-06c5-0000-003000000003/displayed HTTP/1.1
User-Agent: appium/8.3.0 (selenium/4.8.1 (java windows))
Cache-Control: no-cache
Content-Type: application/json; charset=utf-8
host: 0.0.0.0:4723
accept: */*

Response DefaultHttpResponse(decodeResult: success, version: HTTP/1.1)
HTTP/1.1 200 OK
X-Powered-By: Express
Content-Type: application/json; charset=utf-8
Content-Length: 14
ETag: W/"e-2ZHvAWebNQpyjGZTg6uyV8/spTo"
Date: Tue, 09 May 2023 15:20:58 GMT
Connection: keep-alive
Keep-Alive: timeout=600

22:20:58.896 [AsyncHttpClient-1-2] DEBUG org.asynchttpclient.netty.channel.ChannelManager - Adding key: http://0.0.0.0:4723 for channel [id: 0x0f502b57, L:/127.0.0.1:58549 - R:/127.0.0.1:4723]
22:20:58.898 [Forwarding isElementEnabled on session b8ec2259-0fa9-48d5-8e76-a4ee91a04495 to remote] DEBUG org.asynchttpclient.netty.request.NettyRequestSender - Using pooled Channel '[id: 0x0f502b57, L:/127.0.0.1:58549 - R:/127.0.0.1:4723]' for 'GET' to 'http://0.0.0.0:4723/wd/hub/session/b8ec2259-0fa9-48d5-8e76-a4ee91a04495/element/00000000-0000-06c5-0000-003000000003/enabled'
22:20:58.898 [Forwarding isElementEnabled on session b8ec2259-0fa9-48d5-8e76-a4ee91a04495 to remote] DEBUG org.asynchttpclient.netty.request.NettyRequestSender - Using open Channel [id: 0x0f502b57, L:/127.0.0.1:58549 - R:/127.0.0.1:4723] for GET '/wd/hub/session/b8ec2259-0fa9-48d5-8e76-a4ee91a04495/element/00000000-0000-06c5-0000-003000000003/enabled'
22:20:58.935 [AsyncHttpClient-1-2] DEBUG org.asynchttpclient.netty.handler.HttpHandler - 

Request DefaultFullHttpRequest(decodeResult: success, version: HTTP/1.1, content: EmptyByteBufBE)
GET /wd/hub/session/b8ec2259-0fa9-48d5-8e76-a4ee91a04495/element/00000000-0000-06c5-0000-003000000003/enabled HTTP/1.1
User-Agent: appium/8.3.0 (selenium/4.8.1 (java windows))
Cache-Control: no-cache
Content-Type: application/json; charset=utf-8
host: 0.0.0.0:4723
accept: */*

Response DefaultHttpResponse(decodeResult: success, version: HTTP/1.1)
HTTP/1.1 200 OK
X-Powered-By: Express
Content-Type: application/json; charset=utf-8
Content-Length: 14
ETag: W/"e-2ZHvAWebNQpyjGZTg6uyV8/spTo"
Date: Tue, 09 May 2023 15:20:58 GMT
Connection: keep-alive
Keep-Alive: timeout=600

22:20:58.936 [AsyncHttpClient-1-2] DEBUG org.asynchttpclient.netty.channel.ChannelManager - Adding key: http://0.0.0.0:4723 for channel [id: 0x0f502b57, L:/127.0.0.1:58549 - R:/127.0.0.1:4723]
22:20:58.939 [Forwarding clickElement on session b8ec2259-0fa9-48d5-8e76-a4ee91a04495 to remote] DEBUG org.asynchttpclient.netty.request.NettyRequestSender - Using pooled Channel '[id: 0x0f502b57, L:/127.0.0.1:58549 - R:/127.0.0.1:4723]' for 'POST' to 'http://0.0.0.0:4723/wd/hub/session/b8ec2259-0fa9-48d5-8e76-a4ee91a04495/element/00000000-0000-06c5-0000-003000000003/click'
22:20:58.939 [Forwarding clickElement on session b8ec2259-0fa9-48d5-8e76-a4ee91a04495 to remote] DEBUG org.asynchttpclient.netty.request.NettyRequestSender - Using open Channel [id: 0x0f502b57, L:/127.0.0.1:58549 - R:/127.0.0.1:4723] for POST '/wd/hub/session/b8ec2259-0fa9-48d5-8e76-a4ee91a04495/element/00000000-0000-06c5-0000-003000000003/click'
22:20:59.063 [AsyncHttpClient-1-2] DEBUG org.asynchttpclient.netty.handler.HttpHandler - 

Request DefaultHttpRequest(decodeResult: success, version: HTTP/1.1)
POST /wd/hub/session/b8ec2259-0fa9-48d5-8e76-a4ee91a04495/element/00000000-0000-06c5-0000-003000000003/click HTTP/1.1
User-Agent: appium/8.3.0 (selenium/4.8.1 (java windows))
Content-Length: 50
Content-Type: application/json; charset=utf-8
host: 0.0.0.0:4723
accept: */*

Response DefaultHttpResponse(decodeResult: success, version: HTTP/1.1)
HTTP/1.1 200 OK
X-Powered-By: Express
Vary: X-HTTP-Method-Override
Content-Type: application/json; charset=utf-8
Content-Length: 14
ETag: W/"e-9/1BuKMgFObM1mWJm+YjxtXJnUM"
Date: Tue, 09 May 2023 15:20:59 GMT
Connection: keep-alive
Keep-Alive: timeout=600

22:20:59.064 [AsyncHttpClient-1-2] DEBUG org.asynchttpclient.netty.channel.ChannelManager - Adding key: http://0.0.0.0:4723 for channel [id: 0x0f502b57, L:/127.0.0.1:58549 - R:/127.0.0.1:4723]
22:20:59.071 [Forwarding findElement on session b8ec2259-0fa9-48d5-8e76-a4ee91a04495 to remote] DEBUG org.asynchttpclient.netty.request.NettyRequestSender - Using pooled Channel '[id: 0x0f502b57, L:/127.0.0.1:58549 - R:/127.0.0.1:4723]' for 'POST' to 'http://0.0.0.0:4723/wd/hub/session/b8ec2259-0fa9-48d5-8e76-a4ee91a04495/element'
22:20:59.071 [Forwarding findElement on session b8ec2259-0fa9-48d5-8e76-a4ee91a04495 to remote] DEBUG org.asynchttpclient.netty.request.NettyRequestSender - Using open Channel [id: 0x0f502b57, L:/127.0.0.1:58549 - R:/127.0.0.1:4723] for POST '/wd/hub/session/b8ec2259-0fa9-48d5-8e76-a4ee91a04495/element'
22:20:59.707 [AsyncHttpClient-1-2] DEBUG org.asynchttpclient.netty.handler.HttpHandler - 

Request DefaultHttpRequest(decodeResult: success, version: HTTP/1.1)
POST /wd/hub/session/b8ec2259-0fa9-48d5-8e76-a4ee91a04495/element HTTP/1.1
User-Agent: appium/8.3.0 (selenium/4.8.1 (java windows))
Content-Length: 305
Content-Type: application/json; charset=utf-8
host: 0.0.0.0:4723
accept: */*

Response DefaultHttpResponse(decodeResult: success, version: HTTP/1.1)
HTTP/1.1 200 OK
X-Powered-By: Express
Vary: X-HTTP-Method-Override
Content-Type: application/json; charset=utf-8
Content-Length: 137
ETag: W/"89-YPEFVyKMMgjQTnD06OTI/BLyc+8"
Date: Tue, 09 May 2023 15:20:59 GMT
Connection: keep-alive
Keep-Alive: timeout=600

22:20:59.708 [AsyncHttpClient-1-2] DEBUG org.asynchttpclient.netty.channel.ChannelManager - Adding key: http://0.0.0.0:4723 for channel [id: 0x0f502b57, L:/127.0.0.1:58549 - R:/127.0.0.1:4723]
22:20:59.711 [Forwarding sendKeysToElement on session b8ec2259-0fa9-48d5-8e76-a4ee91a04495 to remote] DEBUG org.asynchttpclient.netty.request.NettyRequestSender - Using pooled Channel '[id: 0x0f502b57, L:/127.0.0.1:58549 - R:/127.0.0.1:4723]' for 'POST' to 'http://0.0.0.0:4723/wd/hub/session/b8ec2259-0fa9-48d5-8e76-a4ee91a04495/element/00000000-0000-06c5-0000-003000000003/value'
22:20:59.711 [Forwarding sendKeysToElement on session b8ec2259-0fa9-48d5-8e76-a4ee91a04495 to remote] DEBUG org.asynchttpclient.netty.request.NettyRequestSender - Using open Channel [id: 0x0f502b57, L:/127.0.0.1:58549 - R:/127.0.0.1:4723] for POST '/wd/hub/session/b8ec2259-0fa9-48d5-8e76-a4ee91a04495/element/00000000-0000-06c5-0000-003000000003/value'
22:21:00.266 [AsyncHttpClient-1-2] DEBUG org.asynchttpclient.netty.handler.HttpHandler - 

Request DefaultHttpRequest(decodeResult: success, version: HTTP/1.1)
POST /wd/hub/session/b8ec2259-0fa9-48d5-8e76-a4ee91a04495/element/00000000-0000-06c5-0000-003000000003/value HTTP/1.1
User-Agent: appium/8.3.0 (selenium/4.8.1 (java windows))
Content-Length: 201
Content-Type: application/json; charset=utf-8
host: 0.0.0.0:4723
accept: */*

Response DefaultHttpResponse(decodeResult: success, version: HTTP/1.1)
HTTP/1.1 200 OK
X-Powered-By: Express
Vary: X-HTTP-Method-Override
Content-Type: application/json; charset=utf-8
Content-Length: 14
ETag: W/"e-9/1BuKMgFObM1mWJm+YjxtXJnUM"
Date: Tue, 09 May 2023 15:21:00 GMT
Connection: keep-alive
Keep-Alive: timeout=600

22:21:00.266 [AsyncHttpClient-1-2] DEBUG org.asynchttpclient.netty.channel.ChannelManager - Adding key: http://0.0.0.0:4723 for channel [id: 0x0f502b57, L:/127.0.0.1:58549 - R:/127.0.0.1:4723]
22:21:00.271 [main] DEBUG net.thucydides.core.steps.StepInterceptor - STEP DONE: inputFullname
]]></system-out>
  </testcase>
  <testcase name="user input email for register feature" classname="user tidak dapat register karena tidak mengisi field password" time="2.415">
    <system-out><![CDATA[22:21:00.296 [main] DEBUG net.thucydides.core.steps.StepInterceptor - STARTING STEP: RegisterSteps.userInputEmailForRegisterFeature - inputEmail
22:21:00.304 [Forwarding findElement on session b8ec2259-0fa9-48d5-8e76-a4ee91a04495 to remote] DEBUG org.asynchttpclient.netty.request.NettyRequestSender - Using pooled Channel '[id: 0x0f502b57, L:/127.0.0.1:58549 - R:/127.0.0.1:4723]' for 'POST' to 'http://0.0.0.0:4723/wd/hub/session/b8ec2259-0fa9-48d5-8e76-a4ee91a04495/element'
22:21:00.306 [Forwarding findElement on session b8ec2259-0fa9-48d5-8e76-a4ee91a04495 to remote] DEBUG org.asynchttpclient.netty.request.NettyRequestSender - Using open Channel [id: 0x0f502b57, L:/127.0.0.1:58549 - R:/127.0.0.1:4723] for POST '/wd/hub/session/b8ec2259-0fa9-48d5-8e76-a4ee91a04495/element'
22:21:01.709 [AsyncHttpClient-1-2] DEBUG org.asynchttpclient.netty.handler.HttpHandler - 

Request DefaultHttpRequest(decodeResult: success, version: HTTP/1.1)
POST /wd/hub/session/b8ec2259-0fa9-48d5-8e76-a4ee91a04495/element HTTP/1.1
User-Agent: appium/8.3.0 (selenium/4.8.1 (java windows))
Content-Length: 305
Content-Type: application/json; charset=utf-8
host: 0.0.0.0:4723
accept: */*

Response DefaultHttpResponse(decodeResult: success, version: HTTP/1.1)
HTTP/1.1 200 OK
X-Powered-By: Express
Vary: X-HTTP-Method-Override
Content-Type: application/json; charset=utf-8
Content-Length: 137
ETag: W/"89-m+kA7f5iVwoUYEbj2ewijQXgJKs"
Date: Tue, 09 May 2023 15:21:01 GMT
Connection: keep-alive
Keep-Alive: timeout=600

22:21:01.710 [AsyncHttpClient-1-2] DEBUG org.asynchttpclient.netty.channel.ChannelManager - Adding key: http://0.0.0.0:4723 for channel [id: 0x0f502b57, L:/127.0.0.1:58549 - R:/127.0.0.1:4723]
22:21:01.713 [Forwarding isElementDisplayed on session b8ec2259-0fa9-48d5-8e76-a4ee91a04495 to remote] DEBUG org.asynchttpclient.netty.request.NettyRequestSender - Using pooled Channel '[id: 0x0f502b57, L:/127.0.0.1:58549 - R:/127.0.0.1:4723]' for 'GET' to 'http://0.0.0.0:4723/wd/hub/session/b8ec2259-0fa9-48d5-8e76-a4ee91a04495/element/00000000-0000-06c5-0000-003100000003/displayed'
22:21:01.713 [Forwarding isElementDisplayed on session b8ec2259-0fa9-48d5-8e76-a4ee91a04495 to remote] DEBUG org.asynchttpclient.netty.request.NettyRequestSender - Using open Channel [id: 0x0f502b57, L:/127.0.0.1:58549 - R:/127.0.0.1:4723] for GET '/wd/hub/session/b8ec2259-0fa9-48d5-8e76-a4ee91a04495/element/00000000-0000-06c5-0000-003100000003/displayed'
22:21:01.739 [AsyncHttpClient-1-2] DEBUG org.asynchttpclient.netty.handler.HttpHandler - 

Request DefaultFullHttpRequest(decodeResult: success, version: HTTP/1.1, content: EmptyByteBufBE)
GET /wd/hub/session/b8ec2259-0fa9-48d5-8e76-a4ee91a04495/element/00000000-0000-06c5-0000-003100000003/displayed HTTP/1.1
User-Agent: appium/8.3.0 (selenium/4.8.1 (java windows))
Cache-Control: no-cache
Content-Type: application/json; charset=utf-8
host: 0.0.0.0:4723
accept: */*

Response DefaultHttpResponse(decodeResult: success, version: HTTP/1.1)
HTTP/1.1 200 OK
X-Powered-By: Express
Content-Type: application/json; charset=utf-8
Content-Length: 14
ETag: W/"e-2ZHvAWebNQpyjGZTg6uyV8/spTo"
Date: Tue, 09 May 2023 15:21:01 GMT
Connection: keep-alive
Keep-Alive: timeout=600

22:21:01.739 [AsyncHttpClient-1-2] DEBUG org.asynchttpclient.netty.channel.ChannelManager - Adding key: http://0.0.0.0:4723 for channel [id: 0x0f502b57, L:/127.0.0.1:58549 - R:/127.0.0.1:4723]
22:21:01.741 [Forwarding isElementEnabled on session b8ec2259-0fa9-48d5-8e76-a4ee91a04495 to remote] DEBUG org.asynchttpclient.netty.request.NettyRequestSender - Using pooled Channel '[id: 0x0f502b57, L:/127.0.0.1:58549 - R:/127.0.0.1:4723]' for 'GET' to 'http://0.0.0.0:4723/wd/hub/session/b8ec2259-0fa9-48d5-8e76-a4ee91a04495/element/00000000-0000-06c5-0000-003100000003/enabled'
22:21:01.741 [Forwarding isElementEnabled on session b8ec2259-0fa9-48d5-8e76-a4ee91a04495 to remote] DEBUG org.asynchttpclient.netty.request.NettyRequestSender - Using open Channel [id: 0x0f502b57, L:/127.0.0.1:58549 - R:/127.0.0.1:4723] for GET '/wd/hub/session/b8ec2259-0fa9-48d5-8e76-a4ee91a04495/element/00000000-0000-06c5-0000-003100000003/enabled'
22:21:01.763 [AsyncHttpClient-1-2] DEBUG org.asynchttpclient.netty.handler.HttpHandler - 

Request DefaultFullHttpRequest(decodeResult: success, version: HTTP/1.1, content: EmptyByteBufBE)
GET /wd/hub/session/b8ec2259-0fa9-48d5-8e76-a4ee91a04495/element/00000000-0000-06c5-0000-003100000003/enabled HTTP/1.1
User-Agent: appium/8.3.0 (selenium/4.8.1 (java windows))
Cache-Control: no-cache
Content-Type: application/json; charset=utf-8
host: 0.0.0.0:4723
accept: */*

Response DefaultHttpResponse(decodeResult: success, version: HTTP/1.1)
HTTP/1.1 200 OK
X-Powered-By: Express
Content-Type: application/json; charset=utf-8
Content-Length: 14
ETag: W/"e-2ZHvAWebNQpyjGZTg6uyV8/spTo"
Date: Tue, 09 May 2023 15:21:01 GMT
Connection: keep-alive
Keep-Alive: timeout=600

22:21:01.764 [AsyncHttpClient-1-2] DEBUG org.asynchttpclient.netty.channel.ChannelManager - Adding key: http://0.0.0.0:4723 for channel [id: 0x0f502b57, L:/127.0.0.1:58549 - R:/127.0.0.1:4723]
22:21:01.766 [Forwarding clickElement on session b8ec2259-0fa9-48d5-8e76-a4ee91a04495 to remote] DEBUG org.asynchttpclient.netty.request.NettyRequestSender - Using pooled Channel '[id: 0x0f502b57, L:/127.0.0.1:58549 - R:/127.0.0.1:4723]' for 'POST' to 'http://0.0.0.0:4723/wd/hub/session/b8ec2259-0fa9-48d5-8e76-a4ee91a04495/element/00000000-0000-06c5-0000-003100000003/click'
22:21:01.766 [Forwarding clickElement on session b8ec2259-0fa9-48d5-8e76-a4ee91a04495 to remote] DEBUG org.asynchttpclient.netty.request.NettyRequestSender - Using open Channel [id: 0x0f502b57, L:/127.0.0.1:58549 - R:/127.0.0.1:4723] for POST '/wd/hub/session/b8ec2259-0fa9-48d5-8e76-a4ee91a04495/element/00000000-0000-06c5-0000-003100000003/click'
22:21:01.824 [AsyncHttpClient-1-2] DEBUG org.asynchttpclient.netty.handler.HttpHandler - 

Request DefaultHttpRequest(decodeResult: success, version: HTTP/1.1)
POST /wd/hub/session/b8ec2259-0fa9-48d5-8e76-a4ee91a04495/element/00000000-0000-06c5-0000-003100000003/click HTTP/1.1
User-Agent: appium/8.3.0 (selenium/4.8.1 (java windows))
Content-Length: 50
Content-Type: application/json; charset=utf-8
host: 0.0.0.0:4723
accept: */*

Response DefaultHttpResponse(decodeResult: success, version: HTTP/1.1)
HTTP/1.1 200 OK
X-Powered-By: Express
Vary: X-HTTP-Method-Override
Content-Type: application/json; charset=utf-8
Content-Length: 14
ETag: W/"e-9/1BuKMgFObM1mWJm+YjxtXJnUM"
Date: Tue, 09 May 2023 15:21:01 GMT
Connection: keep-alive
Keep-Alive: timeout=600

22:21:01.824 [AsyncHttpClient-1-2] DEBUG org.asynchttpclient.netty.channel.ChannelManager - Adding key: http://0.0.0.0:4723 for channel [id: 0x0f502b57, L:/127.0.0.1:58549 - R:/127.0.0.1:4723]
22:21:01.833 [Forwarding findElement on session b8ec2259-0fa9-48d5-8e76-a4ee91a04495 to remote] DEBUG org.asynchttpclient.netty.request.NettyRequestSender - Using pooled Channel '[id: 0x0f502b57, L:/127.0.0.1:58549 - R:/127.0.0.1:4723]' for 'POST' to 'http://0.0.0.0:4723/wd/hub/session/b8ec2259-0fa9-48d5-8e76-a4ee91a04495/element'
22:21:01.833 [Forwarding findElement on session b8ec2259-0fa9-48d5-8e76-a4ee91a04495 to remote] DEBUG org.asynchttpclient.netty.request.NettyRequestSender - Using open Channel [id: 0x0f502b57, L:/127.0.0.1:58549 - R:/127.0.0.1:4723] for POST '/wd/hub/session/b8ec2259-0fa9-48d5-8e76-a4ee91a04495/element'
22:21:02.607 [AsyncHttpClient-1-2] DEBUG org.asynchttpclient.netty.handler.HttpHandler - 

Request DefaultHttpRequest(decodeResult: success, version: HTTP/1.1)
POST /wd/hub/session/b8ec2259-0fa9-48d5-8e76-a4ee91a04495/element HTTP/1.1
User-Agent: appium/8.3.0 (selenium/4.8.1 (java windows))
Content-Length: 305
Content-Type: application/json; charset=utf-8
host: 0.0.0.0:4723
accept: */*

Response DefaultHttpResponse(decodeResult: success, version: HTTP/1.1)
HTTP/1.1 200 OK
X-Powered-By: Express
Vary: X-HTTP-Method-Override
Content-Type: application/json; charset=utf-8
Content-Length: 137
ETag: W/"89-m+kA7f5iVwoUYEbj2ewijQXgJKs"
Date: Tue, 09 May 2023 15:21:02 GMT
Connection: keep-alive
Keep-Alive: timeout=600

22:21:02.608 [AsyncHttpClient-1-2] DEBUG org.asynchttpclient.netty.channel.ChannelManager - Adding key: http://0.0.0.0:4723 for channel [id: 0x0f502b57, L:/127.0.0.1:58549 - R:/127.0.0.1:4723]
22:21:02.615 [Forwarding sendKeysToElement on session b8ec2259-0fa9-48d5-8e76-a4ee91a04495 to remote] DEBUG org.asynchttpclient.netty.request.NettyRequestSender - Using pooled Channel '[id: 0x0f502b57, L:/127.0.0.1:58549 - R:/127.0.0.1:4723]' for 'POST' to 'http://0.0.0.0:4723/wd/hub/session/b8ec2259-0fa9-48d5-8e76-a4ee91a04495/element/00000000-0000-06c5-0000-003100000003/value'
22:21:02.615 [Forwarding sendKeysToElement on session b8ec2259-0fa9-48d5-8e76-a4ee91a04495 to remote] DEBUG org.asynchttpclient.netty.request.NettyRequestSender - Using open Channel [id: 0x0f502b57, L:/127.0.0.1:58549 - R:/127.0.0.1:4723] for POST '/wd/hub/session/b8ec2259-0fa9-48d5-8e76-a4ee91a04495/element/00000000-0000-06c5-0000-003100000003/value'
22:21:02.691 [AsyncHttpClient-1-2] DEBUG org.asynchttpclient.netty.handler.HttpHandler - 

Request DefaultHttpRequest(decodeResult: success, version: HTTP/1.1)
POST /wd/hub/session/b8ec2259-0fa9-48d5-8e76-a4ee91a04495/element/00000000-0000-06c5-0000-003100000003/value HTTP/1.1
User-Agent: appium/8.3.0 (selenium/4.8.1 (java windows))
Content-Length: 271
Content-Type: application/json; charset=utf-8
host: 0.0.0.0:4723
accept: */*

Response DefaultHttpResponse(decodeResult: success, version: HTTP/1.1)
HTTP/1.1 200 OK
X-Powered-By: Express
Vary: X-HTTP-Method-Override
Content-Type: application/json; charset=utf-8
Content-Length: 14
ETag: W/"e-9/1BuKMgFObM1mWJm+YjxtXJnUM"
Date: Tue, 09 May 2023 15:21:02 GMT
Connection: keep-alive
Keep-Alive: timeout=600

22:21:02.691 [AsyncHttpClient-1-2] DEBUG org.asynchttpclient.netty.channel.ChannelManager - Adding key: http://0.0.0.0:4723 for channel [id: 0x0f502b57, L:/127.0.0.1:58549 - R:/127.0.0.1:4723]
22:21:02.694 [main] DEBUG net.thucydides.core.steps.StepInterceptor - STEP DONE: inputEmail
]]></system-out>
  </testcase>
  <testcase name="user does not input password for register feature" classname="user tidak dapat register karena tidak mengisi field password" time="1.526">
    <system-out><![CDATA[22:21:02.730 [main] DEBUG net.thucydides.core.steps.StepInterceptor - STARTING STEP: RegisterSteps.userDoesNotInputPasswordForRegisterFeature - inputPassword
22:21:02.737 [Forwarding findElement on session b8ec2259-0fa9-48d5-8e76-a4ee91a04495 to remote] DEBUG org.asynchttpclient.netty.request.NettyRequestSender - Using pooled Channel '[id: 0x0f502b57, L:/127.0.0.1:58549 - R:/127.0.0.1:4723]' for 'POST' to 'http://0.0.0.0:4723/wd/hub/session/b8ec2259-0fa9-48d5-8e76-a4ee91a04495/element'
22:21:02.737 [Forwarding findElement on session b8ec2259-0fa9-48d5-8e76-a4ee91a04495 to remote] DEBUG org.asynchttpclient.netty.request.NettyRequestSender - Using open Channel [id: 0x0f502b57, L:/127.0.0.1:58549 - R:/127.0.0.1:4723] for POST '/wd/hub/session/b8ec2259-0fa9-48d5-8e76-a4ee91a04495/element'
22:21:03.270 [AsyncHttpClient-1-2] DEBUG org.asynchttpclient.netty.handler.HttpHandler - 

Request DefaultHttpRequest(decodeResult: success, version: HTTP/1.1)
POST /wd/hub/session/b8ec2259-0fa9-48d5-8e76-a4ee91a04495/element HTTP/1.1
User-Agent: appium/8.3.0 (selenium/4.8.1 (java windows))
Content-Length: 305
Content-Type: application/json; charset=utf-8
host: 0.0.0.0:4723
accept: */*

Response DefaultHttpResponse(decodeResult: success, version: HTTP/1.1)
HTTP/1.1 200 OK
X-Powered-By: Express
Vary: X-HTTP-Method-Override
Content-Type: application/json; charset=utf-8
Content-Length: 137
ETag: W/"89-sRiYT10fhh0xGbaUsEcDEy3O7yc"
Date: Tue, 09 May 2023 15:21:03 GMT
Connection: keep-alive
Keep-Alive: timeout=600

22:21:03.272 [AsyncHttpClient-1-2] DEBUG org.asynchttpclient.netty.channel.ChannelManager - Adding key: http://0.0.0.0:4723 for channel [id: 0x0f502b57, L:/127.0.0.1:58549 - R:/127.0.0.1:4723]
22:21:03.275 [Forwarding isElementDisplayed on session b8ec2259-0fa9-48d5-8e76-a4ee91a04495 to remote] DEBUG org.asynchttpclient.netty.request.NettyRequestSender - Using pooled Channel '[id: 0x0f502b57, L:/127.0.0.1:58549 - R:/127.0.0.1:4723]' for 'GET' to 'http://0.0.0.0:4723/wd/hub/session/b8ec2259-0fa9-48d5-8e76-a4ee91a04495/element/00000000-0000-06c5-0000-003200000003/displayed'
22:21:03.275 [Forwarding isElementDisplayed on session b8ec2259-0fa9-48d5-8e76-a4ee91a04495 to remote] DEBUG org.asynchttpclient.netty.request.NettyRequestSender - Using open Channel [id: 0x0f502b57, L:/127.0.0.1:58549 - R:/127.0.0.1:4723] for GET '/wd/hub/session/b8ec2259-0fa9-48d5-8e76-a4ee91a04495/element/00000000-0000-06c5-0000-003200000003/displayed'
22:21:03.318 [AsyncHttpClient-1-2] DEBUG org.asynchttpclient.netty.handler.HttpHandler - 

Request DefaultFullHttpRequest(decodeResult: success, version: HTTP/1.1, content: EmptyByteBufBE)
GET /wd/hub/session/b8ec2259-0fa9-48d5-8e76-a4ee91a04495/element/00000000-0000-06c5-0000-003200000003/displayed HTTP/1.1
User-Agent: appium/8.3.0 (selenium/4.8.1 (java windows))
Cache-Control: no-cache
Content-Type: application/json; charset=utf-8
host: 0.0.0.0:4723
accept: */*

Response DefaultHttpResponse(decodeResult: success, version: HTTP/1.1)
HTTP/1.1 200 OK
X-Powered-By: Express
Content-Type: application/json; charset=utf-8
Content-Length: 14
ETag: W/"e-2ZHvAWebNQpyjGZTg6uyV8/spTo"
Date: Tue, 09 May 2023 15:21:03 GMT
Connection: keep-alive
Keep-Alive: timeout=600

22:21:03.318 [AsyncHttpClient-1-2] DEBUG org.asynchttpclient.netty.channel.ChannelManager - Adding key: http://0.0.0.0:4723 for channel [id: 0x0f502b57, L:/127.0.0.1:58549 - R:/127.0.0.1:4723]
22:21:03.321 [Forwarding isElementEnabled on session b8ec2259-0fa9-48d5-8e76-a4ee91a04495 to remote] DEBUG org.asynchttpclient.netty.request.NettyRequestSender - Using pooled Channel '[id: 0x0f502b57, L:/127.0.0.1:58549 - R:/127.0.0.1:4723]' for 'GET' to 'http://0.0.0.0:4723/wd/hub/session/b8ec2259-0fa9-48d5-8e76-a4ee91a04495/element/00000000-0000-06c5-0000-003200000003/enabled'
22:21:03.321 [Forwarding isElementEnabled on session b8ec2259-0fa9-48d5-8e76-a4ee91a04495 to remote] DEBUG org.asynchttpclient.netty.request.NettyRequestSender - Using open Channel [id: 0x0f502b57, L:/127.0.0.1:58549 - R:/127.0.0.1:4723] for GET '/wd/hub/session/b8ec2259-0fa9-48d5-8e76-a4ee91a04495/element/00000000-0000-06c5-0000-003200000003/enabled'
22:21:03.355 [AsyncHttpClient-1-2] DEBUG org.asynchttpclient.netty.handler.HttpHandler - 

Request DefaultFullHttpRequest(decodeResult: success, version: HTTP/1.1, content: EmptyByteBufBE)
GET /wd/hub/session/b8ec2259-0fa9-48d5-8e76-a4ee91a04495/element/00000000-0000-06c5-0000-003200000003/enabled HTTP/1.1
User-Agent: appium/8.3.0 (selenium/4.8.1 (java windows))
Cache-Control: no-cache
Content-Type: application/json; charset=utf-8
host: 0.0.0.0:4723
accept: */*

Response DefaultHttpResponse(decodeResult: success, version: HTTP/1.1)
HTTP/1.1 200 OK
X-Powered-By: Express
Content-Type: application/json; charset=utf-8
Content-Length: 14
ETag: W/"e-2ZHvAWebNQpyjGZTg6uyV8/spTo"
Date: Tue, 09 May 2023 15:21:03 GMT
Connection: keep-alive
Keep-Alive: timeout=600

22:21:03.355 [AsyncHttpClient-1-2] DEBUG org.asynchttpclient.netty.channel.ChannelManager - Adding key: http://0.0.0.0:4723 for channel [id: 0x0f502b57, L:/127.0.0.1:58549 - R:/127.0.0.1:4723]
22:21:03.358 [Forwarding clickElement on session b8ec2259-0fa9-48d5-8e76-a4ee91a04495 to remote] DEBUG org.asynchttpclient.netty.request.NettyRequestSender - Using pooled Channel '[id: 0x0f502b57, L:/127.0.0.1:58549 - R:/127.0.0.1:4723]' for 'POST' to 'http://0.0.0.0:4723/wd/hub/session/b8ec2259-0fa9-48d5-8e76-a4ee91a04495/element/00000000-0000-06c5-0000-003200000003/click'
22:21:03.359 [Forwarding clickElement on session b8ec2259-0fa9-48d5-8e76-a4ee91a04495 to remote] DEBUG org.asynchttpclient.netty.request.NettyRequestSender - Using open Channel [id: 0x0f502b57, L:/127.0.0.1:58549 - R:/127.0.0.1:4723] for POST '/wd/hub/session/b8ec2259-0fa9-48d5-8e76-a4ee91a04495/element/00000000-0000-06c5-0000-003200000003/click'
22:21:03.470 [AsyncHttpClient-1-2] DEBUG org.asynchttpclient.netty.handler.HttpHandler - 

Request DefaultHttpRequest(decodeResult: success, version: HTTP/1.1)
POST /wd/hub/session/b8ec2259-0fa9-48d5-8e76-a4ee91a04495/element/00000000-0000-06c5-0000-003200000003/click HTTP/1.1
User-Agent: appium/8.3.0 (selenium/4.8.1 (java windows))
Content-Length: 50
Content-Type: application/json; charset=utf-8
host: 0.0.0.0:4723
accept: */*

Response DefaultHttpResponse(decodeResult: success, version: HTTP/1.1)
HTTP/1.1 200 OK
X-Powered-By: Express
Vary: X-HTTP-Method-Override
Content-Type: application/json; charset=utf-8
Content-Length: 14
ETag: W/"e-9/1BuKMgFObM1mWJm+YjxtXJnUM"
Date: Tue, 09 May 2023 15:21:03 GMT
Connection: keep-alive
Keep-Alive: timeout=600

22:21:03.472 [AsyncHttpClient-1-2] DEBUG org.asynchttpclient.netty.channel.ChannelManager - Adding key: http://0.0.0.0:4723 for channel [id: 0x0f502b57, L:/127.0.0.1:58549 - R:/127.0.0.1:4723]
22:21:03.478 [Forwarding findElement on session b8ec2259-0fa9-48d5-8e76-a4ee91a04495 to remote] DEBUG org.asynchttpclient.netty.request.NettyRequestSender - Using pooled Channel '[id: 0x0f502b57, L:/127.0.0.1:58549 - R:/127.0.0.1:4723]' for 'POST' to 'http://0.0.0.0:4723/wd/hub/session/b8ec2259-0fa9-48d5-8e76-a4ee91a04495/element'
22:21:03.479 [Forwarding findElement on session b8ec2259-0fa9-48d5-8e76-a4ee91a04495 to remote] DEBUG org.asynchttpclient.netty.request.NettyRequestSender - Using open Channel [id: 0x0f502b57, L:/127.0.0.1:58549 - R:/127.0.0.1:4723] for POST '/wd/hub/session/b8ec2259-0fa9-48d5-8e76-a4ee91a04495/element'
22:21:04.153 [AsyncHttpClient-1-2] DEBUG org.asynchttpclient.netty.handler.HttpHandler - 

Request DefaultHttpRequest(decodeResult: success, version: HTTP/1.1)
POST /wd/hub/session/b8ec2259-0fa9-48d5-8e76-a4ee91a04495/element HTTP/1.1
User-Agent: appium/8.3.0 (selenium/4.8.1 (java windows))
Content-Length: 305
Content-Type: application/json; charset=utf-8
host: 0.0.0.0:4723
accept: */*

Response DefaultHttpResponse(decodeResult: success, version: HTTP/1.1)
HTTP/1.1 200 OK
X-Powered-By: Express
Vary: X-HTTP-Method-Override
Content-Type: application/json; charset=utf-8
Content-Length: 137
ETag: W/"89-sRiYT10fhh0xGbaUsEcDEy3O7yc"
Date: Tue, 09 May 2023 15:21:04 GMT
Connection: keep-alive
Keep-Alive: timeout=600

22:21:04.155 [AsyncHttpClient-1-2] DEBUG org.asynchttpclient.netty.channel.ChannelManager - Adding key: http://0.0.0.0:4723 for channel [id: 0x0f502b57, L:/127.0.0.1:58549 - R:/127.0.0.1:4723]
22:21:04.158 [Forwarding sendKeysToElement on session b8ec2259-0fa9-48d5-8e76-a4ee91a04495 to remote] DEBUG org.asynchttpclient.netty.request.NettyRequestSender - Using pooled Channel '[id: 0x0f502b57, L:/127.0.0.1:58549 - R:/127.0.0.1:4723]' for 'POST' to 'http://0.0.0.0:4723/wd/hub/session/b8ec2259-0fa9-48d5-8e76-a4ee91a04495/element/00000000-0000-06c5-0000-003200000003/value'
22:21:04.160 [Forwarding sendKeysToElement on session b8ec2259-0fa9-48d5-8e76-a4ee91a04495 to remote] DEBUG org.asynchttpclient.netty.request.NettyRequestSender - Using open Channel [id: 0x0f502b57, L:/127.0.0.1:58549 - R:/127.0.0.1:4723] for POST '/wd/hub/session/b8ec2259-0fa9-48d5-8e76-a4ee91a04495/element/00000000-0000-06c5-0000-003200000003/value'
22:21:04.230 [AsyncHttpClient-1-2] DEBUG org.asynchttpclient.netty.handler.HttpHandler - 

Request DefaultHttpRequest(decodeResult: success, version: HTTP/1.1)
POST /wd/hub/session/b8ec2259-0fa9-48d5-8e76-a4ee91a04495/element/00000000-0000-06c5-0000-003200000003/value HTTP/1.1
User-Agent: appium/8.3.0 (selenium/4.8.1 (java windows))
Content-Length: 82
Content-Type: application/json; charset=utf-8
host: 0.0.0.0:4723
accept: */*

Response DefaultHttpResponse(decodeResult: success, version: HTTP/1.1)
HTTP/1.1 200 OK
X-Powered-By: Express
Vary: X-HTTP-Method-Override
Content-Type: application/json; charset=utf-8
Content-Length: 14
ETag: W/"e-9/1BuKMgFObM1mWJm+YjxtXJnUM"
Date: Tue, 09 May 2023 15:21:04 GMT
Connection: keep-alive
Keep-Alive: timeout=600

22:21:04.230 [AsyncHttpClient-1-2] DEBUG org.asynchttpclient.netty.channel.ChannelManager - Adding key: http://0.0.0.0:4723 for channel [id: 0x0f502b57, L:/127.0.0.1:58549 - R:/127.0.0.1:4723]
22:21:04.235 [main] DEBUG net.thucydides.core.steps.StepInterceptor - STEP DONE: inputPassword
]]></system-out>
  </testcase>
  <testcase name="user click register button for register feature" classname="user tidak dapat register karena tidak mengisi field password" time="1.243">
    <system-out><![CDATA[22:21:04.271 [main] DEBUG net.thucydides.core.steps.StepInterceptor - STARTING STEP: RegisterSteps.userClickRegisterButtonForRegisterFeature - clickRegisterButton
22:21:04.278 [Forwarding findElement on session b8ec2259-0fa9-48d5-8e76-a4ee91a04495 to remote] DEBUG org.asynchttpclient.netty.request.NettyRequestSender - Using pooled Channel '[id: 0x0f502b57, L:/127.0.0.1:58549 - R:/127.0.0.1:4723]' for 'POST' to 'http://0.0.0.0:4723/wd/hub/session/b8ec2259-0fa9-48d5-8e76-a4ee91a04495/element'
22:21:04.279 [Forwarding findElement on session b8ec2259-0fa9-48d5-8e76-a4ee91a04495 to remote] DEBUG org.asynchttpclient.netty.request.NettyRequestSender - Using open Channel [id: 0x0f502b57, L:/127.0.0.1:58549 - R:/127.0.0.1:4723] for POST '/wd/hub/session/b8ec2259-0fa9-48d5-8e76-a4ee91a04495/element'
22:21:04.802 [AsyncHttpClient-1-2] DEBUG org.asynchttpclient.netty.handler.HttpHandler - 

Request DefaultHttpRequest(decodeResult: success, version: HTTP/1.1)
POST /wd/hub/session/b8ec2259-0fa9-48d5-8e76-a4ee91a04495/element HTTP/1.1
User-Agent: appium/8.3.0 (selenium/4.8.1 (java windows))
Content-Length: 98
Content-Type: application/json; charset=utf-8
host: 0.0.0.0:4723
accept: */*

Response DefaultHttpResponse(decodeResult: success, version: HTTP/1.1)
HTTP/1.1 200 OK
X-Powered-By: Express
Vary: X-HTTP-Method-Override
Content-Type: application/json; charset=utf-8
Content-Length: 137
ETag: W/"89-U83EuSqCZpw1i9UIiE1E8I53CCc"
Date: Tue, 09 May 2023 15:21:04 GMT
Connection: keep-alive
Keep-Alive: timeout=600

22:21:04.802 [AsyncHttpClient-1-2] DEBUG org.asynchttpclient.netty.channel.ChannelManager - Adding key: http://0.0.0.0:4723 for channel [id: 0x0f502b57, L:/127.0.0.1:58549 - R:/127.0.0.1:4723]
22:21:04.805 [Forwarding isElementDisplayed on session b8ec2259-0fa9-48d5-8e76-a4ee91a04495 to remote] DEBUG org.asynchttpclient.netty.request.NettyRequestSender - Using pooled Channel '[id: 0x0f502b57, L:/127.0.0.1:58549 - R:/127.0.0.1:4723]' for 'GET' to 'http://0.0.0.0:4723/wd/hub/session/b8ec2259-0fa9-48d5-8e76-a4ee91a04495/element/00000000-0000-06c5-0000-003300000003/displayed'
22:21:04.805 [Forwarding isElementDisplayed on session b8ec2259-0fa9-48d5-8e76-a4ee91a04495 to remote] DEBUG org.asynchttpclient.netty.request.NettyRequestSender - Using open Channel [id: 0x0f502b57, L:/127.0.0.1:58549 - R:/127.0.0.1:4723] for GET '/wd/hub/session/b8ec2259-0fa9-48d5-8e76-a4ee91a04495/element/00000000-0000-06c5-0000-003300000003/displayed'
22:21:04.847 [AsyncHttpClient-1-2] DEBUG org.asynchttpclient.netty.handler.HttpHandler - 

Request DefaultFullHttpRequest(decodeResult: success, version: HTTP/1.1, content: EmptyByteBufBE)
GET /wd/hub/session/b8ec2259-0fa9-48d5-8e76-a4ee91a04495/element/00000000-0000-06c5-0000-003300000003/displayed HTTP/1.1
User-Agent: appium/8.3.0 (selenium/4.8.1 (java windows))
Cache-Control: no-cache
Content-Type: application/json; charset=utf-8
host: 0.0.0.0:4723
accept: */*

Response DefaultHttpResponse(decodeResult: success, version: HTTP/1.1)
HTTP/1.1 200 OK
X-Powered-By: Express
Content-Type: application/json; charset=utf-8
Content-Length: 14
ETag: W/"e-2ZHvAWebNQpyjGZTg6uyV8/spTo"
Date: Tue, 09 May 2023 15:21:04 GMT
Connection: keep-alive
Keep-Alive: timeout=600

22:21:04.849 [AsyncHttpClient-1-2] DEBUG org.asynchttpclient.netty.channel.ChannelManager - Adding key: http://0.0.0.0:4723 for channel [id: 0x0f502b57, L:/127.0.0.1:58549 - R:/127.0.0.1:4723]
22:21:04.851 [Forwarding isElementEnabled on session b8ec2259-0fa9-48d5-8e76-a4ee91a04495 to remote] DEBUG org.asynchttpclient.netty.request.NettyRequestSender - Using pooled Channel '[id: 0x0f502b57, L:/127.0.0.1:58549 - R:/127.0.0.1:4723]' for 'GET' to 'http://0.0.0.0:4723/wd/hub/session/b8ec2259-0fa9-48d5-8e76-a4ee91a04495/element/00000000-0000-06c5-0000-003300000003/enabled'
22:21:04.851 [Forwarding isElementEnabled on session b8ec2259-0fa9-48d5-8e76-a4ee91a04495 to remote] DEBUG org.asynchttpclient.netty.request.NettyRequestSender - Using open Channel [id: 0x0f502b57, L:/127.0.0.1:58549 - R:/127.0.0.1:4723] for GET '/wd/hub/session/b8ec2259-0fa9-48d5-8e76-a4ee91a04495/element/00000000-0000-06c5-0000-003300000003/enabled'
22:21:04.882 [AsyncHttpClient-1-2] DEBUG org.asynchttpclient.netty.handler.HttpHandler - 

Request DefaultFullHttpRequest(decodeResult: success, version: HTTP/1.1, content: EmptyByteBufBE)
GET /wd/hub/session/b8ec2259-0fa9-48d5-8e76-a4ee91a04495/element/00000000-0000-06c5-0000-003300000003/enabled HTTP/1.1
User-Agent: appium/8.3.0 (selenium/4.8.1 (java windows))
Cache-Control: no-cache
Content-Type: application/json; charset=utf-8
host: 0.0.0.0:4723
accept: */*

Response DefaultHttpResponse(decodeResult: success, version: HTTP/1.1)
HTTP/1.1 200 OK
X-Powered-By: Express
Content-Type: application/json; charset=utf-8
Content-Length: 14
ETag: W/"e-2ZHvAWebNQpyjGZTg6uyV8/spTo"
Date: Tue, 09 May 2023 15:21:04 GMT
Connection: keep-alive
Keep-Alive: timeout=600

22:21:04.882 [AsyncHttpClient-1-2] DEBUG org.asynchttpclient.netty.channel.ChannelManager - Adding key: http://0.0.0.0:4723 for channel [id: 0x0f502b57, L:/127.0.0.1:58549 - R:/127.0.0.1:4723]
22:21:04.888 [Forwarding clickElement on session b8ec2259-0fa9-48d5-8e76-a4ee91a04495 to remote] DEBUG org.asynchttpclient.netty.request.NettyRequestSender - Using pooled Channel '[id: 0x0f502b57, L:/127.0.0.1:58549 - R:/127.0.0.1:4723]' for 'POST' to 'http://0.0.0.0:4723/wd/hub/session/b8ec2259-0fa9-48d5-8e76-a4ee91a04495/element/00000000-0000-06c5-0000-003300000003/click'
22:21:04.888 [Forwarding clickElement on session b8ec2259-0fa9-48d5-8e76-a4ee91a04495 to remote] DEBUG org.asynchttpclient.netty.request.NettyRequestSender - Using open Channel [id: 0x0f502b57, L:/127.0.0.1:58549 - R:/127.0.0.1:4723] for POST '/wd/hub/session/b8ec2259-0fa9-48d5-8e76-a4ee91a04495/element/00000000-0000-06c5-0000-003300000003/click'
22:21:05.491 [AsyncHttpClient-1-2] DEBUG org.asynchttpclient.netty.handler.HttpHandler - 

Request DefaultHttpRequest(decodeResult: success, version: HTTP/1.1)
POST /wd/hub/session/b8ec2259-0fa9-48d5-8e76-a4ee91a04495/element/00000000-0000-06c5-0000-003300000003/click HTTP/1.1
User-Agent: appium/8.3.0 (selenium/4.8.1 (java windows))
Content-Length: 50
Content-Type: application/json; charset=utf-8
host: 0.0.0.0:4723
accept: */*

Response DefaultHttpResponse(decodeResult: success, version: HTTP/1.1)
HTTP/1.1 200 OK
X-Powered-By: Express
Vary: X-HTTP-Method-Override
Content-Type: application/json; charset=utf-8
Content-Length: 14
ETag: W/"e-9/1BuKMgFObM1mWJm+YjxtXJnUM"
Date: Tue, 09 May 2023 15:21:05 GMT
Connection: keep-alive
Keep-Alive: timeout=600

22:21:05.492 [AsyncHttpClient-1-2] DEBUG org.asynchttpclient.netty.channel.ChannelManager - Adding key: http://0.0.0.0:4723 for channel [id: 0x0f502b57, L:/127.0.0.1:58549 - R:/127.0.0.1:4723]
22:21:05.494 [main] DEBUG net.thucydides.core.steps.StepInterceptor - STEP DONE: clickRegisterButton
]]></system-out>
  </testcase>
  <testcase name="user see error message password is required or can not empty" classname="user tidak dapat register karena tidak mengisi field password" time="0.16">
    <system-out><![CDATA[22:21:05.531 [main] DEBUG net.thucydides.core.steps.StepInterceptor - STARTING STEP: RegisterSteps.userSeeErrorMessagePasswordIsRequiredOrCanNotEmpty - getMessageonPasswordCanNotEmpty
22:21:05.533 [Forwarding findElement on session b8ec2259-0fa9-48d5-8e76-a4ee91a04495 to remote] DEBUG org.asynchttpclient.netty.request.NettyRequestSender - Using pooled Channel '[id: 0x0f502b57, L:/127.0.0.1:58549 - R:/127.0.0.1:4723]' for 'POST' to 'http://0.0.0.0:4723/wd/hub/session/b8ec2259-0fa9-48d5-8e76-a4ee91a04495/element'
22:21:05.533 [Forwarding findElement on session b8ec2259-0fa9-48d5-8e76-a4ee91a04495 to remote] DEBUG org.asynchttpclient.netty.request.NettyRequestSender - Using open Channel [id: 0x0f502b57, L:/127.0.0.1:58549 - R:/127.0.0.1:4723] for POST '/wd/hub/session/b8ec2259-0fa9-48d5-8e76-a4ee91a04495/element'
22:21:05.607 [AsyncHttpClient-1-2] DEBUG org.asynchttpclient.netty.handler.HttpHandler - 

Request DefaultHttpRequest(decodeResult: success, version: HTTP/1.1)
POST /wd/hub/session/b8ec2259-0fa9-48d5-8e76-a4ee91a04495/element HTTP/1.1
User-Agent: appium/8.3.0 (selenium/4.8.1 (java windows))
Content-Length: 108
Content-Type: application/json; charset=utf-8
host: 0.0.0.0:4723
accept: */*

Response DefaultHttpResponse(decodeResult: success, version: HTTP/1.1)
HTTP/1.1 200 OK
X-Powered-By: Express
Vary: X-HTTP-Method-Override
Content-Type: application/json; charset=utf-8
Content-Length: 137
ETag: W/"89-Rx2M028bC+egl1aJwCfCP4/xvRw"
Date: Tue, 09 May 2023 15:21:05 GMT
Connection: keep-alive
Keep-Alive: timeout=600

22:21:05.608 [AsyncHttpClient-1-2] DEBUG org.asynchttpclient.netty.channel.ChannelManager - Adding key: http://0.0.0.0:4723 for channel [id: 0x0f502b57, L:/127.0.0.1:58549 - R:/127.0.0.1:4723]
22:21:05.609 [Forwarding isElementDisplayed on session b8ec2259-0fa9-48d5-8e76-a4ee91a04495 to remote] DEBUG org.asynchttpclient.netty.request.NettyRequestSender - Using pooled Channel '[id: 0x0f502b57, L:/127.0.0.1:58549 - R:/127.0.0.1:4723]' for 'GET' to 'http://0.0.0.0:4723/wd/hub/session/b8ec2259-0fa9-48d5-8e76-a4ee91a04495/element/00000000-0000-06c5-0000-003700000003/displayed'
22:21:05.609 [Forwarding isElementDisplayed on session b8ec2259-0fa9-48d5-8e76-a4ee91a04495 to remote] DEBUG org.asynchttpclient.netty.request.NettyRequestSender - Using open Channel [id: 0x0f502b57, L:/127.0.0.1:58549 - R:/127.0.0.1:4723] for GET '/wd/hub/session/b8ec2259-0fa9-48d5-8e76-a4ee91a04495/element/00000000-0000-06c5-0000-003700000003/displayed'
22:21:05.635 [AsyncHttpClient-1-2] DEBUG org.asynchttpclient.netty.handler.HttpHandler - 

Request DefaultFullHttpRequest(decodeResult: success, version: HTTP/1.1, content: EmptyByteBufBE)
GET /wd/hub/session/b8ec2259-0fa9-48d5-8e76-a4ee91a04495/element/00000000-0000-06c5-0000-003700000003/displayed HTTP/1.1
User-Agent: appium/8.3.0 (selenium/4.8.1 (java windows))
Cache-Control: no-cache
Content-Type: application/json; charset=utf-8
host: 0.0.0.0:4723
accept: */*

Response DefaultHttpResponse(decodeResult: success, version: HTTP/1.1)
HTTP/1.1 200 OK
X-Powered-By: Express
Content-Type: application/json; charset=utf-8
Content-Length: 14
ETag: W/"e-2ZHvAWebNQpyjGZTg6uyV8/spTo"
Date: Tue, 09 May 2023 15:21:05 GMT
Connection: keep-alive
Keep-Alive: timeout=600

22:21:05.635 [AsyncHttpClient-1-2] DEBUG org.asynchttpclient.netty.channel.ChannelManager - Adding key: http://0.0.0.0:4723 for channel [id: 0x0f502b57, L:/127.0.0.1:58549 - R:/127.0.0.1:4723]
22:21:05.636 [Forwarding getElementText on session b8ec2259-0fa9-48d5-8e76-a4ee91a04495 to remote] DEBUG org.asynchttpclient.netty.request.NettyRequestSender - Using pooled Channel '[id: 0x0f502b57, L:/127.0.0.1:58549 - R:/127.0.0.1:4723]' for 'GET' to 'http://0.0.0.0:4723/wd/hub/session/b8ec2259-0fa9-48d5-8e76-a4ee91a04495/element/00000000-0000-06c5-0000-003700000003/text'
22:21:05.636 [Forwarding getElementText on session b8ec2259-0fa9-48d5-8e76-a4ee91a04495 to remote] DEBUG org.asynchttpclient.netty.request.NettyRequestSender - Using open Channel [id: 0x0f502b57, L:/127.0.0.1:58549 - R:/127.0.0.1:4723] for GET '/wd/hub/session/b8ec2259-0fa9-48d5-8e76-a4ee91a04495/element/00000000-0000-06c5-0000-003700000003/text'
22:21:05.660 [AsyncHttpClient-1-2] DEBUG org.asynchttpclient.netty.handler.HttpHandler - 

Request DefaultFullHttpRequest(decodeResult: success, version: HTTP/1.1, content: EmptyByteBufBE)
GET /wd/hub/session/b8ec2259-0fa9-48d5-8e76-a4ee91a04495/element/00000000-0000-06c5-0000-003700000003/text HTTP/1.1
User-Agent: appium/8.3.0 (selenium/4.8.1 (java windows))
Cache-Control: no-cache
Content-Type: application/json; charset=utf-8
host: 0.0.0.0:4723
accept: */*

Response DefaultHttpResponse(decodeResult: success, version: HTTP/1.1)
HTTP/1.1 200 OK
X-Powered-By: Express
Content-Type: application/json; charset=utf-8
Content-Length: 63
ETag: W/"3f-BSe21IWslGep3LC/rCsUxA8plGU"
Date: Tue, 09 May 2023 15:21:05 GMT
Connection: keep-alive
Keep-Alive: timeout=600

22:21:05.660 [AsyncHttpClient-1-2] DEBUG org.asynchttpclient.netty.channel.ChannelManager - Adding key: http://0.0.0.0:4723 for channel [id: 0x0f502b57, L:/127.0.0.1:58549 - R:/127.0.0.1:4723]
22:21:05.661 [main] DEBUG net.thucydides.core.steps.StepInterceptor - STEP DONE: getMessageonPasswordCanNotEmpty
]]></system-out>
  </testcase>
  <testcase name="user on homepage AltaShop for register feature" classname="user dapat register karena semua field terisi dan data yang valid" time="11.92">
    <system-out><![CDATA[22:21:05.668 [main] INFO  - 
  _____   ___   ___   _____     ___     _     ___   ___   ___   ___  
 |_   _| | __| / __| |_   _|   | _ \   /_\   / __| / __| | __| |   \ 
   | |   | _|  \__ \   | |     |  _/  / _ \  \__ \ \__ \ | _|  | |) |
   |_|   |___| |___/   |_|     |_|   /_/ \_\ |___/ |___/ |___| |___/ 

user tidak dapat register karena tidak mengisi field password
----------------------------------------------------------------------
22:21:05.675 [main] DEBUG io.cucumber.core.plugin.SerenityReporter - Running feature from file:///C:/Users/HP/Downloads/Mini-Project-QA/ALTASHOP%20MOBILE%20AUTOMATION/src/test/resources/features/2.%20Register.feature
22:21:05.678 [main] INFO  - 
  _____   ___   ___   _____     ___   _____     _     ___   _____   ___   ___  
 |_   _| | __| / __| |_   _|   / __| |_   _|   /_\   | _ \ |_   _| | __| |   \ 
   | |   | _|  \__ \   | |     \__ \   | |    / _ \  |   /   | |   | _|  | |) |
   |_|   |___| |___/   |_|     |___/   |_|   /_/ \_\ |_|_\   |_|   |___| |___/ 

user dapat register karena semua field terisi dan data yang valid(register;user-dapat-register-karena-semua-field-terisi-dan-data-yang-valid)
--------------------------------------------------------------------------------
22:21:05.693 [main] DEBUG net.thucydides.core.steps.StepInterceptor - STARTING STEP: RegisterSteps.userOnHomepageAltaShopForRegisterFeature - onHomepageAltaShop
22:21:05.699 [Forwarding newSession on session null to remote] DEBUG org.asynchttpclient.netty.request.NettyRequestSender - Using pooled Channel '[id: 0x0f502b57, L:/127.0.0.1:58549 - R:/127.0.0.1:4723]' for 'POST' to 'http://0.0.0.0:4723/wd/hub/session'
22:21:05.699 [Forwarding newSession on session null to remote] DEBUG org.asynchttpclient.netty.request.NettyRequestSender - Using open Channel [id: 0x0f502b57, L:/127.0.0.1:58549 - R:/127.0.0.1:4723] for POST '/wd/hub/session'
22:21:16.567 [AsyncHttpClient-1-2] DEBUG org.asynchttpclient.netty.handler.HttpHandler - 

Request DefaultHttpRequest(decodeResult: success, version: HTTP/1.1)
POST /wd/hub/session HTTP/1.1
X-Idempotency-Key: 23ed8b3b-9c0f-4d27-9aa3-239de3b6e766
User-Agent: appium/8.3.0 (selenium/4.8.1 (java windows))
Content-Length: 335
Content-Type: application/json; charset=utf-8
host: 0.0.0.0:4723
accept: */*

Response DefaultHttpResponse(decodeResult: success, version: HTTP/1.1)
HTTP/1.1 200 OK
X-Powered-By: Express
Vary: X-HTTP-Method-Override
Content-Type: application/json; charset=utf-8
Content-Length: 988
ETag: W/"3dc-LdLrad+EBT8krFKOyMmcT8/gszM"
Date: Tue, 09 May 2023 15:21:16 GMT
Connection: keep-alive
Keep-Alive: timeout=600

22:21:16.567 [AsyncHttpClient-1-2] DEBUG org.asynchttpclient.netty.channel.ChannelManager - Adding key: http://0.0.0.0:4723 for channel [id: 0x0f502b57, L:/127.0.0.1:58549 - R:/127.0.0.1:4723]
22:21:16.579 [Forwarding setTimeout on session 73dfcb7a-087c-4742-8e9f-e3308c33ba79 to remote] DEBUG org.asynchttpclient.netty.request.NettyRequestSender - Using pooled Channel '[id: 0x0f502b57, L:/127.0.0.1:58549 - R:/127.0.0.1:4723]' for 'POST' to 'http://0.0.0.0:4723/wd/hub/session/73dfcb7a-087c-4742-8e9f-e3308c33ba79/timeouts'
22:21:16.580 [Forwarding setTimeout on session 73dfcb7a-087c-4742-8e9f-e3308c33ba79 to remote] DEBUG org.asynchttpclient.netty.request.NettyRequestSender - Using open Channel [id: 0x0f502b57, L:/127.0.0.1:58549 - R:/127.0.0.1:4723] for POST '/wd/hub/session/73dfcb7a-087c-4742-8e9f-e3308c33ba79/timeouts'
22:21:16.595 [AsyncHttpClient-1-2] DEBUG org.asynchttpclient.netty.handler.HttpHandler - 

Request DefaultHttpRequest(decodeResult: success, version: HTTP/1.1)
POST /wd/hub/session/73dfcb7a-087c-4742-8e9f-e3308c33ba79/timeouts HTTP/1.1
User-Agent: appium/8.3.0 (selenium/4.8.1 (java windows))
Content-Length: 23
Content-Type: application/json; charset=utf-8
host: 0.0.0.0:4723
accept: */*

Response DefaultHttpResponse(decodeResult: success, version: HTTP/1.1)
HTTP/1.1 200 OK
X-Powered-By: Express
Vary: X-HTTP-Method-Override
Content-Type: application/json; charset=utf-8
Content-Length: 14
ETag: W/"e-9/1BuKMgFObM1mWJm+YjxtXJnUM"
Date: Tue, 09 May 2023 15:21:16 GMT
Connection: keep-alive
Keep-Alive: timeout=600

22:21:16.595 [AsyncHttpClient-1-2] DEBUG org.asynchttpclient.netty.channel.ChannelManager - Adding key: http://0.0.0.0:4723 for channel [id: 0x0f502b57, L:/127.0.0.1:58549 - R:/127.0.0.1:4723]
22:21:16.598 [Forwarding findElement on session 73dfcb7a-087c-4742-8e9f-e3308c33ba79 to remote] DEBUG org.asynchttpclient.netty.request.NettyRequestSender - Using pooled Channel '[id: 0x0f502b57, L:/127.0.0.1:58549 - R:/127.0.0.1:4723]' for 'POST' to 'http://0.0.0.0:4723/wd/hub/session/73dfcb7a-087c-4742-8e9f-e3308c33ba79/element'
22:21:16.598 [Forwarding findElement on session 73dfcb7a-087c-4742-8e9f-e3308c33ba79 to remote] DEBUG org.asynchttpclient.netty.request.NettyRequestSender - Using open Channel [id: 0x0f502b57, L:/127.0.0.1:58549 - R:/127.0.0.1:4723] for POST '/wd/hub/session/73dfcb7a-087c-4742-8e9f-e3308c33ba79/element'
22:21:17.435 [AsyncHttpClient-1-2] DEBUG org.asynchttpclient.netty.handler.HttpHandler - 

Request DefaultHttpRequest(decodeResult: success, version: HTTP/1.1)
POST /wd/hub/session/73dfcb7a-087c-4742-8e9f-e3308c33ba79/element HTTP/1.1
User-Agent: appium/8.3.0 (selenium/4.8.1 (java windows))
Content-Length: 326
Content-Type: application/json; charset=utf-8
host: 0.0.0.0:4723
accept: */*

Response DefaultHttpResponse(decodeResult: success, version: HTTP/1.1)
HTTP/1.1 200 OK
X-Powered-By: Express
Vary: X-HTTP-Method-Override
Content-Type: application/json; charset=utf-8
Content-Length: 137
ETag: W/"89-GOLVK5wrpRSuNr9JrHnHQOwcS3o"
Date: Tue, 09 May 2023 15:21:17 GMT
Connection: keep-alive
Keep-Alive: timeout=600

22:21:17.435 [AsyncHttpClient-1-2] DEBUG org.asynchttpclient.netty.channel.ChannelManager - Adding key: http://0.0.0.0:4723 for channel [id: 0x0f502b57, L:/127.0.0.1:58549 - R:/127.0.0.1:4723]
22:21:17.437 [Forwarding isElementDisplayed on session 73dfcb7a-087c-4742-8e9f-e3308c33ba79 to remote] DEBUG org.asynchttpclient.netty.request.NettyRequestSender - Using pooled Channel '[id: 0x0f502b57, L:/127.0.0.1:58549 - R:/127.0.0.1:4723]' for 'GET' to 'http://0.0.0.0:4723/wd/hub/session/73dfcb7a-087c-4742-8e9f-e3308c33ba79/element/00000000-0000-06d3-0000-000700000003/displayed'
22:21:17.437 [Forwarding isElementDisplayed on session 73dfcb7a-087c-4742-8e9f-e3308c33ba79 to remote] DEBUG org.asynchttpclient.netty.request.NettyRequestSender - Using open Channel [id: 0x0f502b57, L:/127.0.0.1:58549 - R:/127.0.0.1:4723] for GET '/wd/hub/session/73dfcb7a-087c-4742-8e9f-e3308c33ba79/element/00000000-0000-06d3-0000-000700000003/displayed'
22:21:17.565 [AsyncHttpClient-1-2] DEBUG org.asynchttpclient.netty.handler.HttpHandler - 

Request DefaultFullHttpRequest(decodeResult: success, version: HTTP/1.1, content: EmptyByteBufBE)
GET /wd/hub/session/73dfcb7a-087c-4742-8e9f-e3308c33ba79/element/00000000-0000-06d3-0000-000700000003/displayed HTTP/1.1
User-Agent: appium/8.3.0 (selenium/4.8.1 (java windows))
Cache-Control: no-cache
Content-Type: application/json; charset=utf-8
host: 0.0.0.0:4723
accept: */*

Response DefaultHttpResponse(decodeResult: success, version: HTTP/1.1)
HTTP/1.1 200 OK
X-Powered-By: Express
Content-Type: application/json; charset=utf-8
Content-Length: 14
ETag: W/"e-2ZHvAWebNQpyjGZTg6uyV8/spTo"
Date: Tue, 09 May 2023 15:21:17 GMT
Connection: keep-alive
Keep-Alive: timeout=600

22:21:17.565 [AsyncHttpClient-1-2] DEBUG org.asynchttpclient.netty.channel.ChannelManager - Adding key: http://0.0.0.0:4723 for channel [id: 0x0f502b57, L:/127.0.0.1:58549 - R:/127.0.0.1:4723]
22:21:17.567 [Forwarding isElementDisplayed on session 73dfcb7a-087c-4742-8e9f-e3308c33ba79 to remote] DEBUG org.asynchttpclient.netty.request.NettyRequestSender - Using pooled Channel '[id: 0x0f502b57, L:/127.0.0.1:58549 - R:/127.0.0.1:4723]' for 'GET' to 'http://0.0.0.0:4723/wd/hub/session/73dfcb7a-087c-4742-8e9f-e3308c33ba79/element/00000000-0000-06d3-0000-000700000003/displayed'
22:21:17.567 [Forwarding isElementDisplayed on session 73dfcb7a-087c-4742-8e9f-e3308c33ba79 to remote] DEBUG org.asynchttpclient.netty.request.NettyRequestSender - Using open Channel [id: 0x0f502b57, L:/127.0.0.1:58549 - R:/127.0.0.1:4723] for GET '/wd/hub/session/73dfcb7a-087c-4742-8e9f-e3308c33ba79/element/00000000-0000-06d3-0000-000700000003/displayed'
22:21:17.600 [AsyncHttpClient-1-2] DEBUG org.asynchttpclient.netty.handler.HttpHandler - 

Request DefaultFullHttpRequest(decodeResult: success, version: HTTP/1.1, content: EmptyByteBufBE)
GET /wd/hub/session/73dfcb7a-087c-4742-8e9f-e3308c33ba79/element/00000000-0000-06d3-0000-000700000003/displayed HTTP/1.1
User-Agent: appium/8.3.0 (selenium/4.8.1 (java windows))
Cache-Control: no-cache
Content-Type: application/json; charset=utf-8
host: 0.0.0.0:4723
accept: */*

Response DefaultHttpResponse(decodeResult: success, version: HTTP/1.1)
HTTP/1.1 200 OK
X-Powered-By: Express
Content-Type: application/json; charset=utf-8
Content-Length: 14
ETag: W/"e-2ZHvAWebNQpyjGZTg6uyV8/spTo"
Date: Tue, 09 May 2023 15:21:17 GMT
Connection: keep-alive
Keep-Alive: timeout=600

22:21:17.601 [AsyncHttpClient-1-2] DEBUG org.asynchttpclient.netty.channel.ChannelManager - Adding key: http://0.0.0.0:4723 for channel [id: 0x0f502b57, L:/127.0.0.1:58549 - R:/127.0.0.1:4723]
22:21:17.602 [main] DEBUG net.thucydides.core.steps.StepInterceptor - STEP DONE: onHomepageAltaShop
]]></system-out>
  </testcase>
  <testcase name="user click login button for register feature" classname="user dapat register karena semua field terisi dan data yang valid" time="0.283">
    <system-out><![CDATA[22:21:17.614 [main] DEBUG net.thucydides.core.steps.StepInterceptor - STARTING STEP: RegisterSteps.userClickLoginButtonForRegisterFeature - clickButtonLogin
22:21:17.615 [Forwarding findElement on session 73dfcb7a-087c-4742-8e9f-e3308c33ba79 to remote] DEBUG org.asynchttpclient.netty.request.NettyRequestSender - Using pooled Channel '[id: 0x0f502b57, L:/127.0.0.1:58549 - R:/127.0.0.1:4723]' for 'POST' to 'http://0.0.0.0:4723/wd/hub/session/73dfcb7a-087c-4742-8e9f-e3308c33ba79/element'
22:21:17.615 [Forwarding findElement on session 73dfcb7a-087c-4742-8e9f-e3308c33ba79 to remote] DEBUG org.asynchttpclient.netty.request.NettyRequestSender - Using open Channel [id: 0x0f502b57, L:/127.0.0.1:58549 - R:/127.0.0.1:4723] for POST '/wd/hub/session/73dfcb7a-087c-4742-8e9f-e3308c33ba79/element'
22:21:17.727 [AsyncHttpClient-1-2] DEBUG org.asynchttpclient.netty.handler.HttpHandler - 

Request DefaultHttpRequest(decodeResult: success, version: HTTP/1.1)
POST /wd/hub/session/73dfcb7a-087c-4742-8e9f-e3308c33ba79/element HTTP/1.1
User-Agent: appium/8.3.0 (selenium/4.8.1 (java windows))
Content-Length: 326
Content-Type: application/json; charset=utf-8
host: 0.0.0.0:4723
accept: */*

Response DefaultHttpResponse(decodeResult: success, version: HTTP/1.1)
HTTP/1.1 200 OK
X-Powered-By: Express
Vary: X-HTTP-Method-Override
Content-Type: application/json; charset=utf-8
Content-Length: 137
ETag: W/"89-GOLVK5wrpRSuNr9JrHnHQOwcS3o"
Date: Tue, 09 May 2023 15:21:17 GMT
Connection: keep-alive
Keep-Alive: timeout=600

22:21:17.728 [AsyncHttpClient-1-2] DEBUG org.asynchttpclient.netty.channel.ChannelManager - Adding key: http://0.0.0.0:4723 for channel [id: 0x0f502b57, L:/127.0.0.1:58549 - R:/127.0.0.1:4723]
22:21:17.728 [Forwarding isElementDisplayed on session 73dfcb7a-087c-4742-8e9f-e3308c33ba79 to remote] DEBUG org.asynchttpclient.netty.request.NettyRequestSender - Using pooled Channel '[id: 0x0f502b57, L:/127.0.0.1:58549 - R:/127.0.0.1:4723]' for 'GET' to 'http://0.0.0.0:4723/wd/hub/session/73dfcb7a-087c-4742-8e9f-e3308c33ba79/element/00000000-0000-06d3-0000-000700000003/displayed'
22:21:17.730 [Forwarding isElementDisplayed on session 73dfcb7a-087c-4742-8e9f-e3308c33ba79 to remote] DEBUG org.asynchttpclient.netty.request.NettyRequestSender - Using open Channel [id: 0x0f502b57, L:/127.0.0.1:58549 - R:/127.0.0.1:4723] for GET '/wd/hub/session/73dfcb7a-087c-4742-8e9f-e3308c33ba79/element/00000000-0000-06d3-0000-000700000003/displayed'
22:21:17.758 [AsyncHttpClient-1-2] DEBUG org.asynchttpclient.netty.handler.HttpHandler - 

Request DefaultFullHttpRequest(decodeResult: success, version: HTTP/1.1, content: EmptyByteBufBE)
GET /wd/hub/session/73dfcb7a-087c-4742-8e9f-e3308c33ba79/element/00000000-0000-06d3-0000-000700000003/displayed HTTP/1.1
User-Agent: appium/8.3.0 (selenium/4.8.1 (java windows))
Cache-Control: no-cache
Content-Type: application/json; charset=utf-8
host: 0.0.0.0:4723
accept: */*

Response DefaultHttpResponse(decodeResult: success, version: HTTP/1.1)
HTTP/1.1 200 OK
X-Powered-By: Express
Content-Type: application/json; charset=utf-8
Content-Length: 14
ETag: W/"e-2ZHvAWebNQpyjGZTg6uyV8/spTo"
Date: Tue, 09 May 2023 15:21:17 GMT
Connection: keep-alive
Keep-Alive: timeout=600

22:21:17.759 [AsyncHttpClient-1-2] DEBUG org.asynchttpclient.netty.channel.ChannelManager - Adding key: http://0.0.0.0:4723 for channel [id: 0x0f502b57, L:/127.0.0.1:58549 - R:/127.0.0.1:4723]
22:21:17.760 [Forwarding isElementEnabled on session 73dfcb7a-087c-4742-8e9f-e3308c33ba79 to remote] DEBUG org.asynchttpclient.netty.request.NettyRequestSender - Using pooled Channel '[id: 0x0f502b57, L:/127.0.0.1:58549 - R:/127.0.0.1:4723]' for 'GET' to 'http://0.0.0.0:4723/wd/hub/session/73dfcb7a-087c-4742-8e9f-e3308c33ba79/element/00000000-0000-06d3-0000-000700000003/enabled'
22:21:17.760 [Forwarding isElementEnabled on session 73dfcb7a-087c-4742-8e9f-e3308c33ba79 to remote] DEBUG org.asynchttpclient.netty.request.NettyRequestSender - Using open Channel [id: 0x0f502b57, L:/127.0.0.1:58549 - R:/127.0.0.1:4723] for GET '/wd/hub/session/73dfcb7a-087c-4742-8e9f-e3308c33ba79/element/00000000-0000-06d3-0000-000700000003/enabled'
22:21:17.796 [AsyncHttpClient-1-2] DEBUG org.asynchttpclient.netty.handler.HttpHandler - 

Request DefaultFullHttpRequest(decodeResult: success, version: HTTP/1.1, content: EmptyByteBufBE)
GET /wd/hub/session/73dfcb7a-087c-4742-8e9f-e3308c33ba79/element/00000000-0000-06d3-0000-000700000003/enabled HTTP/1.1
User-Agent: appium/8.3.0 (selenium/4.8.1 (java windows))
Cache-Control: no-cache
Content-Type: application/json; charset=utf-8
host: 0.0.0.0:4723
accept: */*

Response DefaultHttpResponse(decodeResult: success, version: HTTP/1.1)
HTTP/1.1 200 OK
X-Powered-By: Express
Content-Type: application/json; charset=utf-8
Content-Length: 14
ETag: W/"e-2ZHvAWebNQpyjGZTg6uyV8/spTo"
Date: Tue, 09 May 2023 15:21:17 GMT
Connection: keep-alive
Keep-Alive: timeout=600

22:21:17.796 [AsyncHttpClient-1-2] DEBUG org.asynchttpclient.netty.channel.ChannelManager - Adding key: http://0.0.0.0:4723 for channel [id: 0x0f502b57, L:/127.0.0.1:58549 - R:/127.0.0.1:4723]
22:21:17.799 [Forwarding clickElement on session 73dfcb7a-087c-4742-8e9f-e3308c33ba79 to remote] DEBUG org.asynchttpclient.netty.request.NettyRequestSender - Using pooled Channel '[id: 0x0f502b57, L:/127.0.0.1:58549 - R:/127.0.0.1:4723]' for 'POST' to 'http://0.0.0.0:4723/wd/hub/session/73dfcb7a-087c-4742-8e9f-e3308c33ba79/element/00000000-0000-06d3-0000-000700000003/click'
22:21:17.799 [Forwarding clickElement on session 73dfcb7a-087c-4742-8e9f-e3308c33ba79 to remote] DEBUG org.asynchttpclient.netty.request.NettyRequestSender - Using open Channel [id: 0x0f502b57, L:/127.0.0.1:58549 - R:/127.0.0.1:4723] for POST '/wd/hub/session/73dfcb7a-087c-4742-8e9f-e3308c33ba79/element/00000000-0000-06d3-0000-000700000003/click'
22:21:17.888 [AsyncHttpClient-1-2] DEBUG org.asynchttpclient.netty.handler.HttpHandler - 

Request DefaultHttpRequest(decodeResult: success, version: HTTP/1.1)
POST /wd/hub/session/73dfcb7a-087c-4742-8e9f-e3308c33ba79/element/00000000-0000-06d3-0000-000700000003/click HTTP/1.1
User-Agent: appium/8.3.0 (selenium/4.8.1 (java windows))
Content-Length: 50
Content-Type: application/json; charset=utf-8
host: 0.0.0.0:4723
accept: */*

Response DefaultHttpResponse(decodeResult: success, version: HTTP/1.1)
HTTP/1.1 200 OK
X-Powered-By: Express
Vary: X-HTTP-Method-Override
Content-Type: application/json; charset=utf-8
Content-Length: 14
ETag: W/"e-9/1BuKMgFObM1mWJm+YjxtXJnUM"
Date: Tue, 09 May 2023 15:21:17 GMT
Connection: keep-alive
Keep-Alive: timeout=600

22:21:17.889 [AsyncHttpClient-1-2] DEBUG org.asynchttpclient.netty.channel.ChannelManager - Adding key: http://0.0.0.0:4723 for channel [id: 0x0f502b57, L:/127.0.0.1:58549 - R:/127.0.0.1:4723]
22:21:17.890 [main] DEBUG net.thucydides.core.steps.StepInterceptor - STEP DONE: clickButtonLogin
]]></system-out>
  </testcase>
  <testcase name="user click link register for register feature" classname="user dapat register karena semua field terisi dan data yang valid" time="1.741">
    <system-out><![CDATA[22:21:17.913 [main] DEBUG net.thucydides.core.steps.StepInterceptor - STARTING STEP: RegisterSteps.userClickLinkRegisterForRegisterFeature - clickLinkRegister
22:21:17.917 [Forwarding findElement on session 73dfcb7a-087c-4742-8e9f-e3308c33ba79 to remote] DEBUG org.asynchttpclient.netty.request.NettyRequestSender - Using pooled Channel '[id: 0x0f502b57, L:/127.0.0.1:58549 - R:/127.0.0.1:4723]' for 'POST' to 'http://0.0.0.0:4723/wd/hub/session/73dfcb7a-087c-4742-8e9f-e3308c33ba79/element'
22:21:17.917 [Forwarding findElement on session 73dfcb7a-087c-4742-8e9f-e3308c33ba79 to remote] DEBUG org.asynchttpclient.netty.request.NettyRequestSender - Using open Channel [id: 0x0f502b57, L:/127.0.0.1:58549 - R:/127.0.0.1:4723] for POST '/wd/hub/session/73dfcb7a-087c-4742-8e9f-e3308c33ba79/element'
22:21:18.716 [AsyncHttpClient-1-2] DEBUG org.asynchttpclient.netty.handler.HttpHandler - 

Request DefaultHttpRequest(decodeResult: success, version: HTTP/1.1)
POST /wd/hub/session/73dfcb7a-087c-4742-8e9f-e3308c33ba79/element HTTP/1.1
User-Agent: appium/8.3.0 (selenium/4.8.1 (java windows))
Content-Length: 98
Content-Type: application/json; charset=utf-8
host: 0.0.0.0:4723
accept: */*

Response DefaultHttpResponse(decodeResult: success, version: HTTP/1.1)
HTTP/1.1 200 OK
X-Powered-By: Express
Vary: X-HTTP-Method-Override
Content-Type: application/json; charset=utf-8
Content-Length: 137
ETag: W/"89-p49TRCb5ED7W9R1kaQZMX1VuHgM"
Date: Tue, 09 May 2023 15:21:18 GMT
Connection: keep-alive
Keep-Alive: timeout=600

22:21:18.716 [AsyncHttpClient-1-2] DEBUG org.asynchttpclient.netty.channel.ChannelManager - Adding key: http://0.0.0.0:4723 for channel [id: 0x0f502b57, L:/127.0.0.1:58549 - R:/127.0.0.1:4723]
22:21:18.717 [Forwarding isElementDisplayed on session 73dfcb7a-087c-4742-8e9f-e3308c33ba79 to remote] DEBUG org.asynchttpclient.netty.request.NettyRequestSender - Using pooled Channel '[id: 0x0f502b57, L:/127.0.0.1:58549 - R:/127.0.0.1:4723]' for 'GET' to 'http://0.0.0.0:4723/wd/hub/session/73dfcb7a-087c-4742-8e9f-e3308c33ba79/element/00000000-0000-06d3-0000-002a00000003/displayed'
22:21:18.717 [Forwarding isElementDisplayed on session 73dfcb7a-087c-4742-8e9f-e3308c33ba79 to remote] DEBUG org.asynchttpclient.netty.request.NettyRequestSender - Using open Channel [id: 0x0f502b57, L:/127.0.0.1:58549 - R:/127.0.0.1:4723] for GET '/wd/hub/session/73dfcb7a-087c-4742-8e9f-e3308c33ba79/element/00000000-0000-06d3-0000-002a00000003/displayed'
22:21:18.740 [AsyncHttpClient-1-2] DEBUG org.asynchttpclient.netty.handler.HttpHandler - 

Request DefaultFullHttpRequest(decodeResult: success, version: HTTP/1.1, content: EmptyByteBufBE)
GET /wd/hub/session/73dfcb7a-087c-4742-8e9f-e3308c33ba79/element/00000000-0000-06d3-0000-002a00000003/displayed HTTP/1.1
User-Agent: appium/8.3.0 (selenium/4.8.1 (java windows))
Cache-Control: no-cache
Content-Type: application/json; charset=utf-8
host: 0.0.0.0:4723
accept: */*

Response DefaultHttpResponse(decodeResult: success, version: HTTP/1.1)
HTTP/1.1 200 OK
X-Powered-By: Express
Content-Type: application/json; charset=utf-8
Content-Length: 14
ETag: W/"e-2ZHvAWebNQpyjGZTg6uyV8/spTo"
Date: Tue, 09 May 2023 15:21:18 GMT
Connection: keep-alive
Keep-Alive: timeout=600

22:21:18.740 [AsyncHttpClient-1-2] DEBUG org.asynchttpclient.netty.channel.ChannelManager - Adding key: http://0.0.0.0:4723 for channel [id: 0x0f502b57, L:/127.0.0.1:58549 - R:/127.0.0.1:4723]
22:21:18.741 [Forwarding isElementEnabled on session 73dfcb7a-087c-4742-8e9f-e3308c33ba79 to remote] DEBUG org.asynchttpclient.netty.request.NettyRequestSender - Using pooled Channel '[id: 0x0f502b57, L:/127.0.0.1:58549 - R:/127.0.0.1:4723]' for 'GET' to 'http://0.0.0.0:4723/wd/hub/session/73dfcb7a-087c-4742-8e9f-e3308c33ba79/element/00000000-0000-06d3-0000-002a00000003/enabled'
22:21:18.741 [Forwarding isElementEnabled on session 73dfcb7a-087c-4742-8e9f-e3308c33ba79 to remote] DEBUG org.asynchttpclient.netty.request.NettyRequestSender - Using open Channel [id: 0x0f502b57, L:/127.0.0.1:58549 - R:/127.0.0.1:4723] for GET '/wd/hub/session/73dfcb7a-087c-4742-8e9f-e3308c33ba79/element/00000000-0000-06d3-0000-002a00000003/enabled'
22:21:18.766 [AsyncHttpClient-1-2] DEBUG org.asynchttpclient.netty.handler.HttpHandler - 

Request DefaultFullHttpRequest(decodeResult: success, version: HTTP/1.1, content: EmptyByteBufBE)
GET /wd/hub/session/73dfcb7a-087c-4742-8e9f-e3308c33ba79/element/00000000-0000-06d3-0000-002a00000003/enabled HTTP/1.1
User-Agent: appium/8.3.0 (selenium/4.8.1 (java windows))
Cache-Control: no-cache
Content-Type: application/json; charset=utf-8
host: 0.0.0.0:4723
accept: */*

Response DefaultHttpResponse(decodeResult: success, version: HTTP/1.1)
HTTP/1.1 200 OK
X-Powered-By: Express
Content-Type: application/json; charset=utf-8
Content-Length: 14
ETag: W/"e-2ZHvAWebNQpyjGZTg6uyV8/spTo"
Date: Tue, 09 May 2023 15:21:18 GMT
Connection: keep-alive
Keep-Alive: timeout=600

22:21:18.767 [AsyncHttpClient-1-2] DEBUG org.asynchttpclient.netty.channel.ChannelManager - Adding key: http://0.0.0.0:4723 for channel [id: 0x0f502b57, L:/127.0.0.1:58549 - R:/127.0.0.1:4723]
22:21:18.768 [Forwarding clickElement on session 73dfcb7a-087c-4742-8e9f-e3308c33ba79 to remote] DEBUG org.asynchttpclient.netty.request.NettyRequestSender - Using pooled Channel '[id: 0x0f502b57, L:/127.0.0.1:58549 - R:/127.0.0.1:4723]' for 'POST' to 'http://0.0.0.0:4723/wd/hub/session/73dfcb7a-087c-4742-8e9f-e3308c33ba79/element/00000000-0000-06d3-0000-002a00000003/click'
22:21:18.768 [Forwarding clickElement on session 73dfcb7a-087c-4742-8e9f-e3308c33ba79 to remote] DEBUG org.asynchttpclient.netty.request.NettyRequestSender - Using open Channel [id: 0x0f502b57, L:/127.0.0.1:58549 - R:/127.0.0.1:4723] for POST '/wd/hub/session/73dfcb7a-087c-4742-8e9f-e3308c33ba79/element/00000000-0000-06d3-0000-002a00000003/click'
22:21:19.646 [AsyncHttpClient-1-2] DEBUG org.asynchttpclient.netty.handler.HttpHandler - 

Request DefaultHttpRequest(decodeResult: success, version: HTTP/1.1)
POST /wd/hub/session/73dfcb7a-087c-4742-8e9f-e3308c33ba79/element/00000000-0000-06d3-0000-002a00000003/click HTTP/1.1
User-Agent: appium/8.3.0 (selenium/4.8.1 (java windows))
Content-Length: 50
Content-Type: application/json; charset=utf-8
host: 0.0.0.0:4723
accept: */*

Response DefaultHttpResponse(decodeResult: success, version: HTTP/1.1)
HTTP/1.1 200 OK
X-Powered-By: Express
Vary: X-HTTP-Method-Override
Content-Type: application/json; charset=utf-8
Content-Length: 14
ETag: W/"e-9/1BuKMgFObM1mWJm+YjxtXJnUM"
Date: Tue, 09 May 2023 15:21:19 GMT
Connection: keep-alive
Keep-Alive: timeout=600

22:21:19.646 [AsyncHttpClient-1-2] DEBUG org.asynchttpclient.netty.channel.ChannelManager - Adding key: http://0.0.0.0:4723 for channel [id: 0x0f502b57, L:/127.0.0.1:58549 - R:/127.0.0.1:4723]
22:21:19.648 [main] DEBUG net.thucydides.core.steps.StepInterceptor - STEP DONE: clickLinkRegister
]]></system-out>
  </testcase>
  <testcase name="user input fullname for register feature" classname="user dapat register karena semua field terisi dan data yang valid" time="0.994">
    <system-out><![CDATA[22:21:19.660 [main] DEBUG net.thucydides.core.steps.StepInterceptor - STARTING STEP: RegisterSteps.userInputFullnameForRegisterFeature - inputFullname
22:21:19.662 [Forwarding findElement on session 73dfcb7a-087c-4742-8e9f-e3308c33ba79 to remote] DEBUG org.asynchttpclient.netty.request.NettyRequestSender - Using pooled Channel '[id: 0x0f502b57, L:/127.0.0.1:58549 - R:/127.0.0.1:4723]' for 'POST' to 'http://0.0.0.0:4723/wd/hub/session/73dfcb7a-087c-4742-8e9f-e3308c33ba79/element'
22:21:19.662 [Forwarding findElement on session 73dfcb7a-087c-4742-8e9f-e3308c33ba79 to remote] DEBUG org.asynchttpclient.netty.request.NettyRequestSender - Using open Channel [id: 0x0f502b57, L:/127.0.0.1:58549 - R:/127.0.0.1:4723] for POST '/wd/hub/session/73dfcb7a-087c-4742-8e9f-e3308c33ba79/element'
22:21:19.747 [AsyncHttpClient-1-2] DEBUG org.asynchttpclient.netty.handler.HttpHandler - 

Request DefaultHttpRequest(decodeResult: success, version: HTTP/1.1)
POST /wd/hub/session/73dfcb7a-087c-4742-8e9f-e3308c33ba79/element HTTP/1.1
User-Agent: appium/8.3.0 (selenium/4.8.1 (java windows))
Content-Length: 305
Content-Type: application/json; charset=utf-8
host: 0.0.0.0:4723
accept: */*

Response DefaultHttpResponse(decodeResult: success, version: HTTP/1.1)
HTTP/1.1 200 OK
X-Powered-By: Express
Vary: X-HTTP-Method-Override
Content-Type: application/json; charset=utf-8
Content-Length: 137
ETag: W/"89-hFDlxGbmMqxC2lwaQQcczcqgZ0Y"
Date: Tue, 09 May 2023 15:21:19 GMT
Connection: keep-alive
Keep-Alive: timeout=600

22:21:19.747 [AsyncHttpClient-1-2] DEBUG org.asynchttpclient.netty.channel.ChannelManager - Adding key: http://0.0.0.0:4723 for channel [id: 0x0f502b57, L:/127.0.0.1:58549 - R:/127.0.0.1:4723]
22:21:19.749 [Forwarding isElementDisplayed on session 73dfcb7a-087c-4742-8e9f-e3308c33ba79 to remote] DEBUG org.asynchttpclient.netty.request.NettyRequestSender - Using pooled Channel '[id: 0x0f502b57, L:/127.0.0.1:58549 - R:/127.0.0.1:4723]' for 'GET' to 'http://0.0.0.0:4723/wd/hub/session/73dfcb7a-087c-4742-8e9f-e3308c33ba79/element/00000000-0000-06d3-0000-003000000003/displayed'
22:21:19.749 [Forwarding isElementDisplayed on session 73dfcb7a-087c-4742-8e9f-e3308c33ba79 to remote] DEBUG org.asynchttpclient.netty.request.NettyRequestSender - Using open Channel [id: 0x0f502b57, L:/127.0.0.1:58549 - R:/127.0.0.1:4723] for GET '/wd/hub/session/73dfcb7a-087c-4742-8e9f-e3308c33ba79/element/00000000-0000-06d3-0000-003000000003/displayed'
22:21:19.780 [AsyncHttpClient-1-2] DEBUG org.asynchttpclient.netty.handler.HttpHandler - 

Request DefaultFullHttpRequest(decodeResult: success, version: HTTP/1.1, content: EmptyByteBufBE)
GET /wd/hub/session/73dfcb7a-087c-4742-8e9f-e3308c33ba79/element/00000000-0000-06d3-0000-003000000003/displayed HTTP/1.1
User-Agent: appium/8.3.0 (selenium/4.8.1 (java windows))
Cache-Control: no-cache
Content-Type: application/json; charset=utf-8
host: 0.0.0.0:4723
accept: */*

Response DefaultHttpResponse(decodeResult: success, version: HTTP/1.1)
HTTP/1.1 200 OK
X-Powered-By: Express
Content-Type: application/json; charset=utf-8
Content-Length: 14
ETag: W/"e-2ZHvAWebNQpyjGZTg6uyV8/spTo"
Date: Tue, 09 May 2023 15:21:19 GMT
Connection: keep-alive
Keep-Alive: timeout=600

22:21:19.781 [AsyncHttpClient-1-2] DEBUG org.asynchttpclient.netty.channel.ChannelManager - Adding key: http://0.0.0.0:4723 for channel [id: 0x0f502b57, L:/127.0.0.1:58549 - R:/127.0.0.1:4723]
22:21:19.782 [Forwarding isElementEnabled on session 73dfcb7a-087c-4742-8e9f-e3308c33ba79 to remote] DEBUG org.asynchttpclient.netty.request.NettyRequestSender - Using pooled Channel '[id: 0x0f502b57, L:/127.0.0.1:58549 - R:/127.0.0.1:4723]' for 'GET' to 'http://0.0.0.0:4723/wd/hub/session/73dfcb7a-087c-4742-8e9f-e3308c33ba79/element/00000000-0000-06d3-0000-003000000003/enabled'
22:21:19.782 [Forwarding isElementEnabled on session 73dfcb7a-087c-4742-8e9f-e3308c33ba79 to remote] DEBUG org.asynchttpclient.netty.request.NettyRequestSender - Using open Channel [id: 0x0f502b57, L:/127.0.0.1:58549 - R:/127.0.0.1:4723] for GET '/wd/hub/session/73dfcb7a-087c-4742-8e9f-e3308c33ba79/element/00000000-0000-06d3-0000-003000000003/enabled'
22:21:19.810 [AsyncHttpClient-1-2] DEBUG org.asynchttpclient.netty.handler.HttpHandler - 

Request DefaultFullHttpRequest(decodeResult: success, version: HTTP/1.1, content: EmptyByteBufBE)
GET /wd/hub/session/73dfcb7a-087c-4742-8e9f-e3308c33ba79/element/00000000-0000-06d3-0000-003000000003/enabled HTTP/1.1
User-Agent: appium/8.3.0 (selenium/4.8.1 (java windows))
Cache-Control: no-cache
Content-Type: application/json; charset=utf-8
host: 0.0.0.0:4723
accept: */*

Response DefaultHttpResponse(decodeResult: success, version: HTTP/1.1)
HTTP/1.1 200 OK
X-Powered-By: Express
Content-Type: application/json; charset=utf-8
Content-Length: 14
ETag: W/"e-2ZHvAWebNQpyjGZTg6uyV8/spTo"
Date: Tue, 09 May 2023 15:21:19 GMT
Connection: keep-alive
Keep-Alive: timeout=600

22:21:19.811 [AsyncHttpClient-1-2] DEBUG org.asynchttpclient.netty.channel.ChannelManager - Adding key: http://0.0.0.0:4723 for channel [id: 0x0f502b57, L:/127.0.0.1:58549 - R:/127.0.0.1:4723]
22:21:19.814 [Forwarding clickElement on session 73dfcb7a-087c-4742-8e9f-e3308c33ba79 to remote] DEBUG org.asynchttpclient.netty.request.NettyRequestSender - Using pooled Channel '[id: 0x0f502b57, L:/127.0.0.1:58549 - R:/127.0.0.1:4723]' for 'POST' to 'http://0.0.0.0:4723/wd/hub/session/73dfcb7a-087c-4742-8e9f-e3308c33ba79/element/00000000-0000-06d3-0000-003000000003/click'
22:21:19.814 [Forwarding clickElement on session 73dfcb7a-087c-4742-8e9f-e3308c33ba79 to remote] DEBUG org.asynchttpclient.netty.request.NettyRequestSender - Using open Channel [id: 0x0f502b57, L:/127.0.0.1:58549 - R:/127.0.0.1:4723] for POST '/wd/hub/session/73dfcb7a-087c-4742-8e9f-e3308c33ba79/element/00000000-0000-06d3-0000-003000000003/click'
22:21:19.876 [AsyncHttpClient-1-2] DEBUG org.asynchttpclient.netty.handler.HttpHandler - 

Request DefaultHttpRequest(decodeResult: success, version: HTTP/1.1)
POST /wd/hub/session/73dfcb7a-087c-4742-8e9f-e3308c33ba79/element/00000000-0000-06d3-0000-003000000003/click HTTP/1.1
User-Agent: appium/8.3.0 (selenium/4.8.1 (java windows))
Content-Length: 50
Content-Type: application/json; charset=utf-8
host: 0.0.0.0:4723
accept: */*

Response DefaultHttpResponse(decodeResult: success, version: HTTP/1.1)
HTTP/1.1 200 OK
X-Powered-By: Express
Vary: X-HTTP-Method-Override
Content-Type: application/json; charset=utf-8
Content-Length: 14
ETag: W/"e-9/1BuKMgFObM1mWJm+YjxtXJnUM"
Date: Tue, 09 May 2023 15:21:19 GMT
Connection: keep-alive
Keep-Alive: timeout=600

22:21:19.877 [AsyncHttpClient-1-2] DEBUG org.asynchttpclient.netty.channel.ChannelManager - Adding key: http://0.0.0.0:4723 for channel [id: 0x0f502b57, L:/127.0.0.1:58549 - R:/127.0.0.1:4723]
22:21:19.882 [Forwarding findElement on session 73dfcb7a-087c-4742-8e9f-e3308c33ba79 to remote] DEBUG org.asynchttpclient.netty.request.NettyRequestSender - Using pooled Channel '[id: 0x0f502b57, L:/127.0.0.1:58549 - R:/127.0.0.1:4723]' for 'POST' to 'http://0.0.0.0:4723/wd/hub/session/73dfcb7a-087c-4742-8e9f-e3308c33ba79/element'
22:21:19.882 [Forwarding findElement on session 73dfcb7a-087c-4742-8e9f-e3308c33ba79 to remote] DEBUG org.asynchttpclient.netty.request.NettyRequestSender - Using open Channel [id: 0x0f502b57, L:/127.0.0.1:58549 - R:/127.0.0.1:4723] for POST '/wd/hub/session/73dfcb7a-087c-4742-8e9f-e3308c33ba79/element'
22:21:20.540 [AsyncHttpClient-1-2] DEBUG org.asynchttpclient.netty.handler.HttpHandler - 

Request DefaultHttpRequest(decodeResult: success, version: HTTP/1.1)
POST /wd/hub/session/73dfcb7a-087c-4742-8e9f-e3308c33ba79/element HTTP/1.1
User-Agent: appium/8.3.0 (selenium/4.8.1 (java windows))
Content-Length: 305
Content-Type: application/json; charset=utf-8
host: 0.0.0.0:4723
accept: */*

Response DefaultHttpResponse(decodeResult: success, version: HTTP/1.1)
HTTP/1.1 200 OK
X-Powered-By: Express
Vary: X-HTTP-Method-Override
Content-Type: application/json; charset=utf-8
Content-Length: 137
ETag: W/"89-hFDlxGbmMqxC2lwaQQcczcqgZ0Y"
Date: Tue, 09 May 2023 15:21:20 GMT
Connection: keep-alive
Keep-Alive: timeout=600

22:21:20.541 [AsyncHttpClient-1-2] DEBUG org.asynchttpclient.netty.channel.ChannelManager - Adding key: http://0.0.0.0:4723 for channel [id: 0x0f502b57, L:/127.0.0.1:58549 - R:/127.0.0.1:4723]
22:21:20.544 [Forwarding sendKeysToElement on session 73dfcb7a-087c-4742-8e9f-e3308c33ba79 to remote] DEBUG org.asynchttpclient.netty.request.NettyRequestSender - Using pooled Channel '[id: 0x0f502b57, L:/127.0.0.1:58549 - R:/127.0.0.1:4723]' for 'POST' to 'http://0.0.0.0:4723/wd/hub/session/73dfcb7a-087c-4742-8e9f-e3308c33ba79/element/00000000-0000-06d3-0000-003000000003/value'
22:21:20.544 [Forwarding sendKeysToElement on session 73dfcb7a-087c-4742-8e9f-e3308c33ba79 to remote] DEBUG org.asynchttpclient.netty.request.NettyRequestSender - Using open Channel [id: 0x0f502b57, L:/127.0.0.1:58549 - R:/127.0.0.1:4723] for POST '/wd/hub/session/73dfcb7a-087c-4742-8e9f-e3308c33ba79/element/00000000-0000-06d3-0000-003000000003/value'
22:21:20.641 [AsyncHttpClient-1-2] DEBUG org.asynchttpclient.netty.handler.HttpHandler - 

Request DefaultHttpRequest(decodeResult: success, version: HTTP/1.1)
POST /wd/hub/session/73dfcb7a-087c-4742-8e9f-e3308c33ba79/element/00000000-0000-06d3-0000-003000000003/value HTTP/1.1
User-Agent: appium/8.3.0 (selenium/4.8.1 (java windows))
Content-Length: 201
Content-Type: application/json; charset=utf-8
host: 0.0.0.0:4723
accept: */*

Response DefaultHttpResponse(decodeResult: success, version: HTTP/1.1)
HTTP/1.1 200 OK
X-Powered-By: Express
Vary: X-HTTP-Method-Override
Content-Type: application/json; charset=utf-8
Content-Length: 14
ETag: W/"e-9/1BuKMgFObM1mWJm+YjxtXJnUM"
Date: Tue, 09 May 2023 15:21:20 GMT
Connection: keep-alive
Keep-Alive: timeout=600

22:21:20.641 [AsyncHttpClient-1-2] DEBUG org.asynchttpclient.netty.channel.ChannelManager - Adding key: http://0.0.0.0:4723 for channel [id: 0x0f502b57, L:/127.0.0.1:58549 - R:/127.0.0.1:4723]
22:21:20.646 [main] DEBUG net.thucydides.core.steps.StepInterceptor - STEP DONE: inputFullname
]]></system-out>
  </testcase>
  <testcase name="user input email for register feature" classname="user dapat register karena semua field terisi dan data yang valid" time="1.783">
    <system-out><![CDATA[22:21:20.664 [main] DEBUG net.thucydides.core.steps.StepInterceptor - STARTING STEP: RegisterSteps.userInputEmailForRegisterFeature - inputEmail
22:21:20.668 [Forwarding findElement on session 73dfcb7a-087c-4742-8e9f-e3308c33ba79 to remote] DEBUG org.asynchttpclient.netty.request.NettyRequestSender - Using pooled Channel '[id: 0x0f502b57, L:/127.0.0.1:58549 - R:/127.0.0.1:4723]' for 'POST' to 'http://0.0.0.0:4723/wd/hub/session/73dfcb7a-087c-4742-8e9f-e3308c33ba79/element'
22:21:20.668 [Forwarding findElement on session 73dfcb7a-087c-4742-8e9f-e3308c33ba79 to remote] DEBUG org.asynchttpclient.netty.request.NettyRequestSender - Using open Channel [id: 0x0f502b57, L:/127.0.0.1:58549 - R:/127.0.0.1:4723] for POST '/wd/hub/session/73dfcb7a-087c-4742-8e9f-e3308c33ba79/element'
22:21:21.415 [AsyncHttpClient-1-2] DEBUG org.asynchttpclient.netty.handler.HttpHandler - 

Request DefaultHttpRequest(decodeResult: success, version: HTTP/1.1)
POST /wd/hub/session/73dfcb7a-087c-4742-8e9f-e3308c33ba79/element HTTP/1.1
User-Agent: appium/8.3.0 (selenium/4.8.1 (java windows))
Content-Length: 305
Content-Type: application/json; charset=utf-8
host: 0.0.0.0:4723
accept: */*

Response DefaultHttpResponse(decodeResult: success, version: HTTP/1.1)
HTTP/1.1 200 OK
X-Powered-By: Express
Vary: X-HTTP-Method-Override
Content-Type: application/json; charset=utf-8
Content-Length: 137
ETag: W/"89-Ca9WdscO91xpz4I58fnzlX0ZpQA"
Date: Tue, 09 May 2023 15:21:21 GMT
Connection: keep-alive
Keep-Alive: timeout=600

22:21:21.417 [AsyncHttpClient-1-2] DEBUG org.asynchttpclient.netty.channel.ChannelManager - Adding key: http://0.0.0.0:4723 for channel [id: 0x0f502b57, L:/127.0.0.1:58549 - R:/127.0.0.1:4723]
22:21:21.419 [Forwarding isElementDisplayed on session 73dfcb7a-087c-4742-8e9f-e3308c33ba79 to remote] DEBUG org.asynchttpclient.netty.request.NettyRequestSender - Using pooled Channel '[id: 0x0f502b57, L:/127.0.0.1:58549 - R:/127.0.0.1:4723]' for 'GET' to 'http://0.0.0.0:4723/wd/hub/session/73dfcb7a-087c-4742-8e9f-e3308c33ba79/element/00000000-0000-06d3-0000-003100000003/displayed'
22:21:21.419 [Forwarding isElementDisplayed on session 73dfcb7a-087c-4742-8e9f-e3308c33ba79 to remote] DEBUG org.asynchttpclient.netty.request.NettyRequestSender - Using open Channel [id: 0x0f502b57, L:/127.0.0.1:58549 - R:/127.0.0.1:4723] for GET '/wd/hub/session/73dfcb7a-087c-4742-8e9f-e3308c33ba79/element/00000000-0000-06d3-0000-003100000003/displayed'
22:21:21.459 [AsyncHttpClient-1-2] DEBUG org.asynchttpclient.netty.handler.HttpHandler - 

Request DefaultFullHttpRequest(decodeResult: success, version: HTTP/1.1, content: EmptyByteBufBE)
GET /wd/hub/session/73dfcb7a-087c-4742-8e9f-e3308c33ba79/element/00000000-0000-06d3-0000-003100000003/displayed HTTP/1.1
User-Agent: appium/8.3.0 (selenium/4.8.1 (java windows))
Cache-Control: no-cache
Content-Type: application/json; charset=utf-8
host: 0.0.0.0:4723
accept: */*

Response DefaultHttpResponse(decodeResult: success, version: HTTP/1.1)
HTTP/1.1 200 OK
X-Powered-By: Express
Content-Type: application/json; charset=utf-8
Content-Length: 14
ETag: W/"e-2ZHvAWebNQpyjGZTg6uyV8/spTo"
Date: Tue, 09 May 2023 15:21:21 GMT
Connection: keep-alive
Keep-Alive: timeout=600

22:21:21.459 [AsyncHttpClient-1-2] DEBUG org.asynchttpclient.netty.channel.ChannelManager - Adding key: http://0.0.0.0:4723 for channel [id: 0x0f502b57, L:/127.0.0.1:58549 - R:/127.0.0.1:4723]
22:21:21.461 [Forwarding isElementEnabled on session 73dfcb7a-087c-4742-8e9f-e3308c33ba79 to remote] DEBUG org.asynchttpclient.netty.request.NettyRequestSender - Using pooled Channel '[id: 0x0f502b57, L:/127.0.0.1:58549 - R:/127.0.0.1:4723]' for 'GET' to 'http://0.0.0.0:4723/wd/hub/session/73dfcb7a-087c-4742-8e9f-e3308c33ba79/element/00000000-0000-06d3-0000-003100000003/enabled'
22:21:21.461 [Forwarding isElementEnabled on session 73dfcb7a-087c-4742-8e9f-e3308c33ba79 to remote] DEBUG org.asynchttpclient.netty.request.NettyRequestSender - Using open Channel [id: 0x0f502b57, L:/127.0.0.1:58549 - R:/127.0.0.1:4723] for GET '/wd/hub/session/73dfcb7a-087c-4742-8e9f-e3308c33ba79/element/00000000-0000-06d3-0000-003100000003/enabled'
22:21:21.492 [AsyncHttpClient-1-2] DEBUG org.asynchttpclient.netty.handler.HttpHandler - 

Request DefaultFullHttpRequest(decodeResult: success, version: HTTP/1.1, content: EmptyByteBufBE)
GET /wd/hub/session/73dfcb7a-087c-4742-8e9f-e3308c33ba79/element/00000000-0000-06d3-0000-003100000003/enabled HTTP/1.1
User-Agent: appium/8.3.0 (selenium/4.8.1 (java windows))
Cache-Control: no-cache
Content-Type: application/json; charset=utf-8
host: 0.0.0.0:4723
accept: */*

Response DefaultHttpResponse(decodeResult: success, version: HTTP/1.1)
HTTP/1.1 200 OK
X-Powered-By: Express
Content-Type: application/json; charset=utf-8
Content-Length: 14
ETag: W/"e-2ZHvAWebNQpyjGZTg6uyV8/spTo"
Date: Tue, 09 May 2023 15:21:21 GMT
Connection: keep-alive
Keep-Alive: timeout=600

22:21:21.493 [AsyncHttpClient-1-2] DEBUG org.asynchttpclient.netty.channel.ChannelManager - Adding key: http://0.0.0.0:4723 for channel [id: 0x0f502b57, L:/127.0.0.1:58549 - R:/127.0.0.1:4723]
22:21:21.494 [Forwarding clickElement on session 73dfcb7a-087c-4742-8e9f-e3308c33ba79 to remote] DEBUG org.asynchttpclient.netty.request.NettyRequestSender - Using pooled Channel '[id: 0x0f502b57, L:/127.0.0.1:58549 - R:/127.0.0.1:4723]' for 'POST' to 'http://0.0.0.0:4723/wd/hub/session/73dfcb7a-087c-4742-8e9f-e3308c33ba79/element/00000000-0000-06d3-0000-003100000003/click'
22:21:21.494 [Forwarding clickElement on session 73dfcb7a-087c-4742-8e9f-e3308c33ba79 to remote] DEBUG org.asynchttpclient.netty.request.NettyRequestSender - Using open Channel [id: 0x0f502b57, L:/127.0.0.1:58549 - R:/127.0.0.1:4723] for POST '/wd/hub/session/73dfcb7a-087c-4742-8e9f-e3308c33ba79/element/00000000-0000-06d3-0000-003100000003/click'
22:21:22.304 [AsyncHttpClient-1-2] DEBUG org.asynchttpclient.netty.handler.HttpHandler - 

Request DefaultHttpRequest(decodeResult: success, version: HTTP/1.1)
POST /wd/hub/session/73dfcb7a-087c-4742-8e9f-e3308c33ba79/element/00000000-0000-06d3-0000-003100000003/click HTTP/1.1
User-Agent: appium/8.3.0 (selenium/4.8.1 (java windows))
Content-Length: 50
Content-Type: application/json; charset=utf-8
host: 0.0.0.0:4723
accept: */*

Response DefaultHttpResponse(decodeResult: success, version: HTTP/1.1)
HTTP/1.1 200 OK
X-Powered-By: Express
Vary: X-HTTP-Method-Override
Content-Type: application/json; charset=utf-8
Content-Length: 14
ETag: W/"e-9/1BuKMgFObM1mWJm+YjxtXJnUM"
Date: Tue, 09 May 2023 15:21:22 GMT
Connection: keep-alive
Keep-Alive: timeout=600

22:21:22.305 [AsyncHttpClient-1-2] DEBUG org.asynchttpclient.netty.channel.ChannelManager - Adding key: http://0.0.0.0:4723 for channel [id: 0x0f502b57, L:/127.0.0.1:58549 - R:/127.0.0.1:4723]
22:21:22.309 [Forwarding findElement on session 73dfcb7a-087c-4742-8e9f-e3308c33ba79 to remote] DEBUG org.asynchttpclient.netty.request.NettyRequestSender - Using pooled Channel '[id: 0x0f502b57, L:/127.0.0.1:58549 - R:/127.0.0.1:4723]' for 'POST' to 'http://0.0.0.0:4723/wd/hub/session/73dfcb7a-087c-4742-8e9f-e3308c33ba79/element'
22:21:22.309 [Forwarding findElement on session 73dfcb7a-087c-4742-8e9f-e3308c33ba79 to remote] DEBUG org.asynchttpclient.netty.request.NettyRequestSender - Using open Channel [id: 0x0f502b57, L:/127.0.0.1:58549 - R:/127.0.0.1:4723] for POST '/wd/hub/session/73dfcb7a-087c-4742-8e9f-e3308c33ba79/element'
22:21:22.384 [AsyncHttpClient-1-2] DEBUG org.asynchttpclient.netty.handler.HttpHandler - 

Request DefaultHttpRequest(decodeResult: success, version: HTTP/1.1)
POST /wd/hub/session/73dfcb7a-087c-4742-8e9f-e3308c33ba79/element HTTP/1.1
User-Agent: appium/8.3.0 (selenium/4.8.1 (java windows))
Content-Length: 305
Content-Type: application/json; charset=utf-8
host: 0.0.0.0:4723
accept: */*

Response DefaultHttpResponse(decodeResult: success, version: HTTP/1.1)
HTTP/1.1 200 OK
X-Powered-By: Express
Vary: X-HTTP-Method-Override
Content-Type: application/json; charset=utf-8
Content-Length: 137
ETag: W/"89-Ca9WdscO91xpz4I58fnzlX0ZpQA"
Date: Tue, 09 May 2023 15:21:22 GMT
Connection: keep-alive
Keep-Alive: timeout=600

22:21:22.384 [AsyncHttpClient-1-2] DEBUG org.asynchttpclient.netty.channel.ChannelManager - Adding key: http://0.0.0.0:4723 for channel [id: 0x0f502b57, L:/127.0.0.1:58549 - R:/127.0.0.1:4723]
22:21:22.387 [Forwarding sendKeysToElement on session 73dfcb7a-087c-4742-8e9f-e3308c33ba79 to remote] DEBUG org.asynchttpclient.netty.request.NettyRequestSender - Using pooled Channel '[id: 0x0f502b57, L:/127.0.0.1:58549 - R:/127.0.0.1:4723]' for 'POST' to 'http://0.0.0.0:4723/wd/hub/session/73dfcb7a-087c-4742-8e9f-e3308c33ba79/element/00000000-0000-06d3-0000-003100000003/value'
22:21:22.387 [Forwarding sendKeysToElement on session 73dfcb7a-087c-4742-8e9f-e3308c33ba79 to remote] DEBUG org.asynchttpclient.netty.request.NettyRequestSender - Using open Channel [id: 0x0f502b57, L:/127.0.0.1:58549 - R:/127.0.0.1:4723] for POST '/wd/hub/session/73dfcb7a-087c-4742-8e9f-e3308c33ba79/element/00000000-0000-06d3-0000-003100000003/value'
22:21:22.435 [AsyncHttpClient-1-2] DEBUG org.asynchttpclient.netty.handler.HttpHandler - 

Request DefaultHttpRequest(decodeResult: success, version: HTTP/1.1)
POST /wd/hub/session/73dfcb7a-087c-4742-8e9f-e3308c33ba79/element/00000000-0000-06d3-0000-003100000003/value HTTP/1.1
User-Agent: appium/8.3.0 (selenium/4.8.1 (java windows))
Content-Length: 271
Content-Type: application/json; charset=utf-8
host: 0.0.0.0:4723
accept: */*

Response DefaultHttpResponse(decodeResult: success, version: HTTP/1.1)
HTTP/1.1 200 OK
X-Powered-By: Express
Vary: X-HTTP-Method-Override
Content-Type: application/json; charset=utf-8
Content-Length: 14
ETag: W/"e-9/1BuKMgFObM1mWJm+YjxtXJnUM"
Date: Tue, 09 May 2023 15:21:22 GMT
Connection: keep-alive
Keep-Alive: timeout=600

22:21:22.435 [AsyncHttpClient-1-2] DEBUG org.asynchttpclient.netty.channel.ChannelManager - Adding key: http://0.0.0.0:4723 for channel [id: 0x0f502b57, L:/127.0.0.1:58549 - R:/127.0.0.1:4723]
22:21:22.436 [main] DEBUG net.thucydides.core.steps.StepInterceptor - STEP DONE: inputEmail
]]></system-out>
  </testcase>
  <testcase name="user input password for register feature" classname="user dapat register karena semua field terisi dan data yang valid" time="1.505">
    <system-out><![CDATA[22:21:22.451 [main] DEBUG net.thucydides.core.steps.StepInterceptor - STARTING STEP: RegisterSteps.userInputPasswordForRegisterFeature - inputPassword
22:21:22.453 [Forwarding findElement on session 73dfcb7a-087c-4742-8e9f-e3308c33ba79 to remote] DEBUG org.asynchttpclient.netty.request.NettyRequestSender - Using pooled Channel '[id: 0x0f502b57, L:/127.0.0.1:58549 - R:/127.0.0.1:4723]' for 'POST' to 'http://0.0.0.0:4723/wd/hub/session/73dfcb7a-087c-4742-8e9f-e3308c33ba79/element'
22:21:22.453 [Forwarding findElement on session 73dfcb7a-087c-4742-8e9f-e3308c33ba79 to remote] DEBUG org.asynchttpclient.netty.request.NettyRequestSender - Using open Channel [id: 0x0f502b57, L:/127.0.0.1:58549 - R:/127.0.0.1:4723] for POST '/wd/hub/session/73dfcb7a-087c-4742-8e9f-e3308c33ba79/element'
22:21:23.017 [AsyncHttpClient-1-2] DEBUG org.asynchttpclient.netty.handler.HttpHandler - 

Request DefaultHttpRequest(decodeResult: success, version: HTTP/1.1)
POST /wd/hub/session/73dfcb7a-087c-4742-8e9f-e3308c33ba79/element HTTP/1.1
User-Agent: appium/8.3.0 (selenium/4.8.1 (java windows))
Content-Length: 305
Content-Type: application/json; charset=utf-8
host: 0.0.0.0:4723
accept: */*

Response DefaultHttpResponse(decodeResult: success, version: HTTP/1.1)
HTTP/1.1 200 OK
X-Powered-By: Express
Vary: X-HTTP-Method-Override
Content-Type: application/json; charset=utf-8
Content-Length: 137
ETag: W/"89-OH1n8hF1D41zu5AGI1klfkeSa2k"
Date: Tue, 09 May 2023 15:21:23 GMT
Connection: keep-alive
Keep-Alive: timeout=600

22:21:23.018 [AsyncHttpClient-1-2] DEBUG org.asynchttpclient.netty.channel.ChannelManager - Adding key: http://0.0.0.0:4723 for channel [id: 0x0f502b57, L:/127.0.0.1:58549 - R:/127.0.0.1:4723]
22:21:23.019 [Forwarding isElementDisplayed on session 73dfcb7a-087c-4742-8e9f-e3308c33ba79 to remote] DEBUG org.asynchttpclient.netty.request.NettyRequestSender - Using pooled Channel '[id: 0x0f502b57, L:/127.0.0.1:58549 - R:/127.0.0.1:4723]' for 'GET' to 'http://0.0.0.0:4723/wd/hub/session/73dfcb7a-087c-4742-8e9f-e3308c33ba79/element/00000000-0000-06d3-0000-003200000003/displayed'
22:21:23.019 [Forwarding isElementDisplayed on session 73dfcb7a-087c-4742-8e9f-e3308c33ba79 to remote] DEBUG org.asynchttpclient.netty.request.NettyRequestSender - Using open Channel [id: 0x0f502b57, L:/127.0.0.1:58549 - R:/127.0.0.1:4723] for GET '/wd/hub/session/73dfcb7a-087c-4742-8e9f-e3308c33ba79/element/00000000-0000-06d3-0000-003200000003/displayed'
22:21:23.050 [AsyncHttpClient-1-2] DEBUG org.asynchttpclient.netty.handler.HttpHandler - 

Request DefaultFullHttpRequest(decodeResult: success, version: HTTP/1.1, content: EmptyByteBufBE)
GET /wd/hub/session/73dfcb7a-087c-4742-8e9f-e3308c33ba79/element/00000000-0000-06d3-0000-003200000003/displayed HTTP/1.1
User-Agent: appium/8.3.0 (selenium/4.8.1 (java windows))
Cache-Control: no-cache
Content-Type: application/json; charset=utf-8
host: 0.0.0.0:4723
accept: */*

Response DefaultHttpResponse(decodeResult: success, version: HTTP/1.1)
HTTP/1.1 200 OK
X-Powered-By: Express
Content-Type: application/json; charset=utf-8
Content-Length: 14
ETag: W/"e-2ZHvAWebNQpyjGZTg6uyV8/spTo"
Date: Tue, 09 May 2023 15:21:23 GMT
Connection: keep-alive
Keep-Alive: timeout=600

22:21:23.050 [AsyncHttpClient-1-2] DEBUG org.asynchttpclient.netty.channel.ChannelManager - Adding key: http://0.0.0.0:4723 for channel [id: 0x0f502b57, L:/127.0.0.1:58549 - R:/127.0.0.1:4723]
22:21:23.051 [Forwarding isElementEnabled on session 73dfcb7a-087c-4742-8e9f-e3308c33ba79 to remote] DEBUG org.asynchttpclient.netty.request.NettyRequestSender - Using pooled Channel '[id: 0x0f502b57, L:/127.0.0.1:58549 - R:/127.0.0.1:4723]' for 'GET' to 'http://0.0.0.0:4723/wd/hub/session/73dfcb7a-087c-4742-8e9f-e3308c33ba79/element/00000000-0000-06d3-0000-003200000003/enabled'
22:21:23.051 [Forwarding isElementEnabled on session 73dfcb7a-087c-4742-8e9f-e3308c33ba79 to remote] DEBUG org.asynchttpclient.netty.request.NettyRequestSender - Using open Channel [id: 0x0f502b57, L:/127.0.0.1:58549 - R:/127.0.0.1:4723] for GET '/wd/hub/session/73dfcb7a-087c-4742-8e9f-e3308c33ba79/element/00000000-0000-06d3-0000-003200000003/enabled'
22:21:23.091 [AsyncHttpClient-1-2] DEBUG org.asynchttpclient.netty.handler.HttpHandler - 

Request DefaultFullHttpRequest(decodeResult: success, version: HTTP/1.1, content: EmptyByteBufBE)
GET /wd/hub/session/73dfcb7a-087c-4742-8e9f-e3308c33ba79/element/00000000-0000-06d3-0000-003200000003/enabled HTTP/1.1
User-Agent: appium/8.3.0 (selenium/4.8.1 (java windows))
Cache-Control: no-cache
Content-Type: application/json; charset=utf-8
host: 0.0.0.0:4723
accept: */*

Response DefaultHttpResponse(decodeResult: success, version: HTTP/1.1)
HTTP/1.1 200 OK
X-Powered-By: Express
Content-Type: application/json; charset=utf-8
Content-Length: 14
ETag: W/"e-2ZHvAWebNQpyjGZTg6uyV8/spTo"
Date: Tue, 09 May 2023 15:21:23 GMT
Connection: keep-alive
Keep-Alive: timeout=600

22:21:23.092 [AsyncHttpClient-1-2] DEBUG org.asynchttpclient.netty.channel.ChannelManager - Adding key: http://0.0.0.0:4723 for channel [id: 0x0f502b57, L:/127.0.0.1:58549 - R:/127.0.0.1:4723]
22:21:23.094 [Forwarding clickElement on session 73dfcb7a-087c-4742-8e9f-e3308c33ba79 to remote] DEBUG org.asynchttpclient.netty.request.NettyRequestSender - Using pooled Channel '[id: 0x0f502b57, L:/127.0.0.1:58549 - R:/127.0.0.1:4723]' for 'POST' to 'http://0.0.0.0:4723/wd/hub/session/73dfcb7a-087c-4742-8e9f-e3308c33ba79/element/00000000-0000-06d3-0000-003200000003/click'
22:21:23.094 [Forwarding clickElement on session 73dfcb7a-087c-4742-8e9f-e3308c33ba79 to remote] DEBUG org.asynchttpclient.netty.request.NettyRequestSender - Using open Channel [id: 0x0f502b57, L:/127.0.0.1:58549 - R:/127.0.0.1:4723] for POST '/wd/hub/session/73dfcb7a-087c-4742-8e9f-e3308c33ba79/element/00000000-0000-06d3-0000-003200000003/click'
22:21:23.186 [AsyncHttpClient-1-2] DEBUG org.asynchttpclient.netty.handler.HttpHandler - 

Request DefaultHttpRequest(decodeResult: success, version: HTTP/1.1)
POST /wd/hub/session/73dfcb7a-087c-4742-8e9f-e3308c33ba79/element/00000000-0000-06d3-0000-003200000003/click HTTP/1.1
User-Agent: appium/8.3.0 (selenium/4.8.1 (java windows))
Content-Length: 50
Content-Type: application/json; charset=utf-8
host: 0.0.0.0:4723
accept: */*

Response DefaultHttpResponse(decodeResult: success, version: HTTP/1.1)
HTTP/1.1 200 OK
X-Powered-By: Express
Vary: X-HTTP-Method-Override
Content-Type: application/json; charset=utf-8
Content-Length: 14
ETag: W/"e-9/1BuKMgFObM1mWJm+YjxtXJnUM"
Date: Tue, 09 May 2023 15:21:23 GMT
Connection: keep-alive
Keep-Alive: timeout=600

22:21:23.187 [AsyncHttpClient-1-2] DEBUG org.asynchttpclient.netty.channel.ChannelManager - Adding key: http://0.0.0.0:4723 for channel [id: 0x0f502b57, L:/127.0.0.1:58549 - R:/127.0.0.1:4723]
22:21:23.192 [Forwarding findElement on session 73dfcb7a-087c-4742-8e9f-e3308c33ba79 to remote] DEBUG org.asynchttpclient.netty.request.NettyRequestSender - Using pooled Channel '[id: 0x0f502b57, L:/127.0.0.1:58549 - R:/127.0.0.1:4723]' for 'POST' to 'http://0.0.0.0:4723/wd/hub/session/73dfcb7a-087c-4742-8e9f-e3308c33ba79/element'
22:21:23.192 [Forwarding findElement on session 73dfcb7a-087c-4742-8e9f-e3308c33ba79 to remote] DEBUG org.asynchttpclient.netty.request.NettyRequestSender - Using open Channel [id: 0x0f502b57, L:/127.0.0.1:58549 - R:/127.0.0.1:4723] for POST '/wd/hub/session/73dfcb7a-087c-4742-8e9f-e3308c33ba79/element'
22:21:23.894 [AsyncHttpClient-1-2] DEBUG org.asynchttpclient.netty.handler.HttpHandler - 

Request DefaultHttpRequest(decodeResult: success, version: HTTP/1.1)
POST /wd/hub/session/73dfcb7a-087c-4742-8e9f-e3308c33ba79/element HTTP/1.1
User-Agent: appium/8.3.0 (selenium/4.8.1 (java windows))
Content-Length: 305
Content-Type: application/json; charset=utf-8
host: 0.0.0.0:4723
accept: */*

Response DefaultHttpResponse(decodeResult: success, version: HTTP/1.1)
HTTP/1.1 200 OK
X-Powered-By: Express
Vary: X-HTTP-Method-Override
Content-Type: application/json; charset=utf-8
Content-Length: 137
ETag: W/"89-OH1n8hF1D41zu5AGI1klfkeSa2k"
Date: Tue, 09 May 2023 15:21:23 GMT
Connection: keep-alive
Keep-Alive: timeout=600

22:21:23.894 [AsyncHttpClient-1-2] DEBUG org.asynchttpclient.netty.channel.ChannelManager - Adding key: http://0.0.0.0:4723 for channel [id: 0x0f502b57, L:/127.0.0.1:58549 - R:/127.0.0.1:4723]
22:21:23.896 [Forwarding sendKeysToElement on session 73dfcb7a-087c-4742-8e9f-e3308c33ba79 to remote] DEBUG org.asynchttpclient.netty.request.NettyRequestSender - Using pooled Channel '[id: 0x0f502b57, L:/127.0.0.1:58549 - R:/127.0.0.1:4723]' for 'POST' to 'http://0.0.0.0:4723/wd/hub/session/73dfcb7a-087c-4742-8e9f-e3308c33ba79/element/00000000-0000-06d3-0000-003200000003/value'
22:21:23.896 [Forwarding sendKeysToElement on session 73dfcb7a-087c-4742-8e9f-e3308c33ba79 to remote] DEBUG org.asynchttpclient.netty.request.NettyRequestSender - Using open Channel [id: 0x0f502b57, L:/127.0.0.1:58549 - R:/127.0.0.1:4723] for POST '/wd/hub/session/73dfcb7a-087c-4742-8e9f-e3308c33ba79/element/00000000-0000-06d3-0000-003200000003/value'
22:21:23.946 [AsyncHttpClient-1-2] DEBUG org.asynchttpclient.netty.handler.HttpHandler - 

Request DefaultHttpRequest(decodeResult: success, version: HTTP/1.1)
POST /wd/hub/session/73dfcb7a-087c-4742-8e9f-e3308c33ba79/element/00000000-0000-06d3-0000-003200000003/value HTTP/1.1
User-Agent: appium/8.3.0 (selenium/4.8.1 (java windows))
Content-Length: 111
Content-Type: application/json; charset=utf-8
host: 0.0.0.0:4723
accept: */*

Response DefaultHttpResponse(decodeResult: success, version: HTTP/1.1)
HTTP/1.1 200 OK
X-Powered-By: Express
Vary: X-HTTP-Method-Override
Content-Type: application/json; charset=utf-8
Content-Length: 14
ETag: W/"e-9/1BuKMgFObM1mWJm+YjxtXJnUM"
Date: Tue, 09 May 2023 15:21:23 GMT
Connection: keep-alive
Keep-Alive: timeout=600

22:21:23.946 [AsyncHttpClient-1-2] DEBUG org.asynchttpclient.netty.channel.ChannelManager - Adding key: http://0.0.0.0:4723 for channel [id: 0x0f502b57, L:/127.0.0.1:58549 - R:/127.0.0.1:4723]
22:21:23.947 [main] DEBUG net.thucydides.core.steps.StepInterceptor - STEP DONE: inputPassword
]]></system-out>
  </testcase>
  <testcase name="user click register button for register feature" classname="user dapat register karena semua field terisi dan data yang valid" time="1.331">
    <system-out><![CDATA[22:21:23.972 [main] DEBUG net.thucydides.core.steps.StepInterceptor - STARTING STEP: RegisterSteps.userClickRegisterButtonForRegisterFeature - clickRegisterButton
22:21:23.976 [Forwarding findElement on session 73dfcb7a-087c-4742-8e9f-e3308c33ba79 to remote] DEBUG org.asynchttpclient.netty.request.NettyRequestSender - Using pooled Channel '[id: 0x0f502b57, L:/127.0.0.1:58549 - R:/127.0.0.1:4723]' for 'POST' to 'http://0.0.0.0:4723/wd/hub/session/73dfcb7a-087c-4742-8e9f-e3308c33ba79/element'
22:21:23.977 [Forwarding findElement on session 73dfcb7a-087c-4742-8e9f-e3308c33ba79 to remote] DEBUG org.asynchttpclient.netty.request.NettyRequestSender - Using open Channel [id: 0x0f502b57, L:/127.0.0.1:58549 - R:/127.0.0.1:4723] for POST '/wd/hub/session/73dfcb7a-087c-4742-8e9f-e3308c33ba79/element'
22:21:24.665 [AsyncHttpClient-1-2] DEBUG org.asynchttpclient.netty.handler.HttpHandler - 

Request DefaultHttpRequest(decodeResult: success, version: HTTP/1.1)
POST /wd/hub/session/73dfcb7a-087c-4742-8e9f-e3308c33ba79/element HTTP/1.1
User-Agent: appium/8.3.0 (selenium/4.8.1 (java windows))
Content-Length: 98
Content-Type: application/json; charset=utf-8
host: 0.0.0.0:4723
accept: */*

Response DefaultHttpResponse(decodeResult: success, version: HTTP/1.1)
HTTP/1.1 200 OK
X-Powered-By: Express
Vary: X-HTTP-Method-Override
Content-Type: application/json; charset=utf-8
Content-Length: 137
ETag: W/"89-ST+0Y8XziimaoU7LWdROkwCpotw"
Date: Tue, 09 May 2023 15:21:24 GMT
Connection: keep-alive
Keep-Alive: timeout=600

22:21:24.665 [AsyncHttpClient-1-2] DEBUG org.asynchttpclient.netty.channel.ChannelManager - Adding key: http://0.0.0.0:4723 for channel [id: 0x0f502b57, L:/127.0.0.1:58549 - R:/127.0.0.1:4723]
22:21:24.665 [Forwarding isElementDisplayed on session 73dfcb7a-087c-4742-8e9f-e3308c33ba79 to remote] DEBUG org.asynchttpclient.netty.request.NettyRequestSender - Using pooled Channel '[id: 0x0f502b57, L:/127.0.0.1:58549 - R:/127.0.0.1:4723]' for 'GET' to 'http://0.0.0.0:4723/wd/hub/session/73dfcb7a-087c-4742-8e9f-e3308c33ba79/element/00000000-0000-06d3-0000-003300000003/displayed'
22:21:24.667 [Forwarding isElementDisplayed on session 73dfcb7a-087c-4742-8e9f-e3308c33ba79 to remote] DEBUG org.asynchttpclient.netty.request.NettyRequestSender - Using open Channel [id: 0x0f502b57, L:/127.0.0.1:58549 - R:/127.0.0.1:4723] for GET '/wd/hub/session/73dfcb7a-087c-4742-8e9f-e3308c33ba79/element/00000000-0000-06d3-0000-003300000003/displayed'
22:21:24.699 [AsyncHttpClient-1-2] DEBUG org.asynchttpclient.netty.handler.HttpHandler - 

Request DefaultFullHttpRequest(decodeResult: success, version: HTTP/1.1, content: EmptyByteBufBE)
GET /wd/hub/session/73dfcb7a-087c-4742-8e9f-e3308c33ba79/element/00000000-0000-06d3-0000-003300000003/displayed HTTP/1.1
User-Agent: appium/8.3.0 (selenium/4.8.1 (java windows))
Cache-Control: no-cache
Content-Type: application/json; charset=utf-8
host: 0.0.0.0:4723
accept: */*

Response DefaultHttpResponse(decodeResult: success, version: HTTP/1.1)
HTTP/1.1 200 OK
X-Powered-By: Express
Content-Type: application/json; charset=utf-8
Content-Length: 14
ETag: W/"e-2ZHvAWebNQpyjGZTg6uyV8/spTo"
Date: Tue, 09 May 2023 15:21:24 GMT
Connection: keep-alive
Keep-Alive: timeout=600

22:21:24.699 [AsyncHttpClient-1-2] DEBUG org.asynchttpclient.netty.channel.ChannelManager - Adding key: http://0.0.0.0:4723 for channel [id: 0x0f502b57, L:/127.0.0.1:58549 - R:/127.0.0.1:4723]
22:21:24.700 [Forwarding isElementEnabled on session 73dfcb7a-087c-4742-8e9f-e3308c33ba79 to remote] DEBUG org.asynchttpclient.netty.request.NettyRequestSender - Using pooled Channel '[id: 0x0f502b57, L:/127.0.0.1:58549 - R:/127.0.0.1:4723]' for 'GET' to 'http://0.0.0.0:4723/wd/hub/session/73dfcb7a-087c-4742-8e9f-e3308c33ba79/element/00000000-0000-06d3-0000-003300000003/enabled'
22:21:24.701 [Forwarding isElementEnabled on session 73dfcb7a-087c-4742-8e9f-e3308c33ba79 to remote] DEBUG org.asynchttpclient.netty.request.NettyRequestSender - Using open Channel [id: 0x0f502b57, L:/127.0.0.1:58549 - R:/127.0.0.1:4723] for GET '/wd/hub/session/73dfcb7a-087c-4742-8e9f-e3308c33ba79/element/00000000-0000-06d3-0000-003300000003/enabled'
22:21:24.725 [AsyncHttpClient-1-2] DEBUG org.asynchttpclient.netty.handler.HttpHandler - 

Request DefaultFullHttpRequest(decodeResult: success, version: HTTP/1.1, content: EmptyByteBufBE)
GET /wd/hub/session/73dfcb7a-087c-4742-8e9f-e3308c33ba79/element/00000000-0000-06d3-0000-003300000003/enabled HTTP/1.1
User-Agent: appium/8.3.0 (selenium/4.8.1 (java windows))
Cache-Control: no-cache
Content-Type: application/json; charset=utf-8
host: 0.0.0.0:4723
accept: */*

Response DefaultHttpResponse(decodeResult: success, version: HTTP/1.1)
HTTP/1.1 200 OK
X-Powered-By: Express
Content-Type: application/json; charset=utf-8
Content-Length: 14
ETag: W/"e-2ZHvAWebNQpyjGZTg6uyV8/spTo"
Date: Tue, 09 May 2023 15:21:24 GMT
Connection: keep-alive
Keep-Alive: timeout=600

22:21:24.725 [AsyncHttpClient-1-2] DEBUG org.asynchttpclient.netty.channel.ChannelManager - Adding key: http://0.0.0.0:4723 for channel [id: 0x0f502b57, L:/127.0.0.1:58549 - R:/127.0.0.1:4723]
22:21:24.727 [Forwarding clickElement on session 73dfcb7a-087c-4742-8e9f-e3308c33ba79 to remote] DEBUG org.asynchttpclient.netty.request.NettyRequestSender - Using pooled Channel '[id: 0x0f502b57, L:/127.0.0.1:58549 - R:/127.0.0.1:4723]' for 'POST' to 'http://0.0.0.0:4723/wd/hub/session/73dfcb7a-087c-4742-8e9f-e3308c33ba79/element/00000000-0000-06d3-0000-003300000003/click'
22:21:24.727 [Forwarding clickElement on session 73dfcb7a-087c-4742-8e9f-e3308c33ba79 to remote] DEBUG org.asynchttpclient.netty.request.NettyRequestSender - Using open Channel [id: 0x0f502b57, L:/127.0.0.1:58549 - R:/127.0.0.1:4723] for POST '/wd/hub/session/73dfcb7a-087c-4742-8e9f-e3308c33ba79/element/00000000-0000-06d3-0000-003300000003/click'
22:21:25.284 [AsyncHttpClient-1-2] DEBUG org.asynchttpclient.netty.handler.HttpHandler - 

Request DefaultHttpRequest(decodeResult: success, version: HTTP/1.1)
POST /wd/hub/session/73dfcb7a-087c-4742-8e9f-e3308c33ba79/element/00000000-0000-06d3-0000-003300000003/click HTTP/1.1
User-Agent: appium/8.3.0 (selenium/4.8.1 (java windows))
Content-Length: 50
Content-Type: application/json; charset=utf-8
host: 0.0.0.0:4723
accept: */*

Response DefaultHttpResponse(decodeResult: success, version: HTTP/1.1)
HTTP/1.1 200 OK
X-Powered-By: Express
Vary: X-HTTP-Method-Override
Content-Type: application/json; charset=utf-8
Content-Length: 14
ETag: W/"e-9/1BuKMgFObM1mWJm+YjxtXJnUM"
Date: Tue, 09 May 2023 15:21:25 GMT
Connection: keep-alive
Keep-Alive: timeout=600

22:21:25.285 [AsyncHttpClient-1-2] DEBUG org.asynchttpclient.netty.channel.ChannelManager - Adding key: http://0.0.0.0:4723 for channel [id: 0x0f502b57, L:/127.0.0.1:58549 - R:/127.0.0.1:4723]
22:21:25.285 [main] DEBUG net.thucydides.core.steps.StepInterceptor - STEP DONE: clickRegisterButton
]]></system-out>
  </testcase>
  <testcase name="user on homepage AltaShop again" classname="user dapat register karena semua field terisi dan data yang valid" time="1.706">
    <system-out><![CDATA[22:21:25.295 [main] DEBUG net.thucydides.core.steps.StepInterceptor - STARTING STEP: RegisterSteps.userOnHomepageAltaShopAgain - onHomepageAltaShopAgain
22:21:25.297 [Forwarding findElement on session 73dfcb7a-087c-4742-8e9f-e3308c33ba79 to remote] DEBUG org.asynchttpclient.netty.request.NettyRequestSender - Using pooled Channel '[id: 0x0f502b57, L:/127.0.0.1:58549 - R:/127.0.0.1:4723]' for 'POST' to 'http://0.0.0.0:4723/wd/hub/session/73dfcb7a-087c-4742-8e9f-e3308c33ba79/element'
22:21:25.297 [Forwarding findElement on session 73dfcb7a-087c-4742-8e9f-e3308c33ba79 to remote] DEBUG org.asynchttpclient.netty.request.NettyRequestSender - Using open Channel [id: 0x0f502b57, L:/127.0.0.1:58549 - R:/127.0.0.1:4723] for POST '/wd/hub/session/73dfcb7a-087c-4742-8e9f-e3308c33ba79/element'
22:21:26.934 [AsyncHttpClient-1-2] DEBUG org.asynchttpclient.netty.handler.HttpHandler - 

Request DefaultHttpRequest(decodeResult: success, version: HTTP/1.1)
POST /wd/hub/session/73dfcb7a-087c-4742-8e9f-e3308c33ba79/element HTTP/1.1
User-Agent: appium/8.3.0 (selenium/4.8.1 (java windows))
Content-Length: 91
Content-Type: application/json; charset=utf-8
host: 0.0.0.0:4723
accept: */*

Response DefaultHttpResponse(decodeResult: success, version: HTTP/1.1)
HTTP/1.1 200 OK
X-Powered-By: Express
Vary: X-HTTP-Method-Override
Content-Type: application/json; charset=utf-8
Content-Length: 137
ETag: W/"89-N0CjIBfGEYK347rK0QyxejSYJhM"
Date: Tue, 09 May 2023 15:21:26 GMT
Connection: keep-alive
Keep-Alive: timeout=600

22:21:26.935 [AsyncHttpClient-1-2] DEBUG org.asynchttpclient.netty.channel.ChannelManager - Adding key: http://0.0.0.0:4723 for channel [id: 0x0f502b57, L:/127.0.0.1:58549 - R:/127.0.0.1:4723]
22:21:26.937 [Forwarding isElementDisplayed on session 73dfcb7a-087c-4742-8e9f-e3308c33ba79 to remote] DEBUG org.asynchttpclient.netty.request.NettyRequestSender - Using pooled Channel '[id: 0x0f502b57, L:/127.0.0.1:58549 - R:/127.0.0.1:4723]' for 'GET' to 'http://0.0.0.0:4723/wd/hub/session/73dfcb7a-087c-4742-8e9f-e3308c33ba79/element/00000000-0000-06d3-0000-000800000003/displayed'
22:21:26.937 [Forwarding isElementDisplayed on session 73dfcb7a-087c-4742-8e9f-e3308c33ba79 to remote] DEBUG org.asynchttpclient.netty.request.NettyRequestSender - Using open Channel [id: 0x0f502b57, L:/127.0.0.1:58549 - R:/127.0.0.1:4723] for GET '/wd/hub/session/73dfcb7a-087c-4742-8e9f-e3308c33ba79/element/00000000-0000-06d3-0000-000800000003/displayed'
22:21:26.960 [AsyncHttpClient-1-2] DEBUG org.asynchttpclient.netty.handler.HttpHandler - 

Request DefaultFullHttpRequest(decodeResult: success, version: HTTP/1.1, content: EmptyByteBufBE)
GET /wd/hub/session/73dfcb7a-087c-4742-8e9f-e3308c33ba79/element/00000000-0000-06d3-0000-000800000003/displayed HTTP/1.1
User-Agent: appium/8.3.0 (selenium/4.8.1 (java windows))
Cache-Control: no-cache
Content-Type: application/json; charset=utf-8
host: 0.0.0.0:4723
accept: */*

Response DefaultHttpResponse(decodeResult: success, version: HTTP/1.1)
HTTP/1.1 200 OK
X-Powered-By: Express
Content-Type: application/json; charset=utf-8
Content-Length: 14
ETag: W/"e-2ZHvAWebNQpyjGZTg6uyV8/spTo"
Date: Tue, 09 May 2023 15:21:26 GMT
Connection: keep-alive
Keep-Alive: timeout=600

22:21:26.960 [AsyncHttpClient-1-2] DEBUG org.asynchttpclient.netty.channel.ChannelManager - Adding key: http://0.0.0.0:4723 for channel [id: 0x0f502b57, L:/127.0.0.1:58549 - R:/127.0.0.1:4723]
22:21:26.961 [Forwarding isElementDisplayed on session 73dfcb7a-087c-4742-8e9f-e3308c33ba79 to remote] DEBUG org.asynchttpclient.netty.request.NettyRequestSender - Using pooled Channel '[id: 0x0f502b57, L:/127.0.0.1:58549 - R:/127.0.0.1:4723]' for 'GET' to 'http://0.0.0.0:4723/wd/hub/session/73dfcb7a-087c-4742-8e9f-e3308c33ba79/element/00000000-0000-06d3-0000-000800000003/displayed'
22:21:26.961 [Forwarding isElementDisplayed on session 73dfcb7a-087c-4742-8e9f-e3308c33ba79 to remote] DEBUG org.asynchttpclient.netty.request.NettyRequestSender - Using open Channel [id: 0x0f502b57, L:/127.0.0.1:58549 - R:/127.0.0.1:4723] for GET '/wd/hub/session/73dfcb7a-087c-4742-8e9f-e3308c33ba79/element/00000000-0000-06d3-0000-000800000003/displayed'
22:21:26.992 [AsyncHttpClient-1-2] DEBUG org.asynchttpclient.netty.handler.HttpHandler - 

Request DefaultFullHttpRequest(decodeResult: success, version: HTTP/1.1, content: EmptyByteBufBE)
GET /wd/hub/session/73dfcb7a-087c-4742-8e9f-e3308c33ba79/element/00000000-0000-06d3-0000-000800000003/displayed HTTP/1.1
User-Agent: appium/8.3.0 (selenium/4.8.1 (java windows))
Cache-Control: no-cache
Content-Type: application/json; charset=utf-8
host: 0.0.0.0:4723
accept: */*

Response DefaultHttpResponse(decodeResult: success, version: HTTP/1.1)
HTTP/1.1 200 OK
X-Powered-By: Express
Content-Type: application/json; charset=utf-8
Content-Length: 14
ETag: W/"e-2ZHvAWebNQpyjGZTg6uyV8/spTo"
Date: Tue, 09 May 2023 15:21:26 GMT
Connection: keep-alive
Keep-Alive: timeout=600

22:21:26.992 [AsyncHttpClient-1-2] DEBUG org.asynchttpclient.netty.channel.ChannelManager - Adding key: http://0.0.0.0:4723 for channel [id: 0x0f502b57, L:/127.0.0.1:58549 - R:/127.0.0.1:4723]
22:21:26.994 [main] DEBUG net.thucydides.core.steps.StepInterceptor - STEP DONE: onHomepageAltaShopAgain
]]></system-out>
  </testcase>
  <testcase name="user on homepage AltaShop for logout feature" classname="user dapat melakukan proses logout" time="10.738">
    <system-out><![CDATA[22:21:26.998 [main] INFO  - 
  _____   ___   ___   _____     ___     _     ___   ___   ___   ___  
 |_   _| | __| / __| |_   _|   | _ \   /_\   / __| / __| | __| |   \ 
   | |   | _|  \__ \   | |     |  _/  / _ \  \__ \ \__ \ | _|  | |) |
   |_|   |___| |___/   |_|     |_|   /_/ \_\ |___/ |___/ |___| |___/ 

user dapat register karena semua field terisi dan data yang valid
----------------------------------------------------------------------
22:21:27.002 [main] DEBUG io.cucumber.core.plugin.SerenityReporter - Running feature from file:///C:/Users/HP/Downloads/Mini-Project-QA/ALTASHOP%20MOBILE%20AUTOMATION/src/test/resources/features/3.%20Logout.feature
22:21:27.010 [main] DEBUG net.thucydides.core.steps.StepEventBus - Test suite started for story net.thucydides.core.model.Story@54b75150
22:21:27.011 [main] INFO  - Test Suite Started: Logout
22:21:27.019 [main] DEBUG io.cucumber.core.plugin.SerenityReporter - Running feature from file:///C:/Users/HP/Downloads/Mini-Project-QA/ALTASHOP%20MOBILE%20AUTOMATION/src/test/resources/features/3.%20Logout.feature
22:21:27.023 [main] INFO  - 
  _____   ___   ___   _____     ___   _____     _     ___   _____   ___   ___  
 |_   _| | __| / __| |_   _|   / __| |_   _|   /_\   | _ \ |_   _| | __| |   \ 
   | |   | _|  \__ \   | |     \__ \   | |    / _ \  |   /   | |   | _|  | |) |
   |_|   |___| |___/   |_|     |___/   |_|   /_/ \_\ |_|_\   |_|   |___| |___/ 

user dapat melakukan proses logout(logout;user-dapat-melakukan-proses-logout)
--------------------------------------------------------------------------------
22:21:27.078 [main] DEBUG net.thucydides.core.steps.StepInterceptor - STARTING STEP: LogoutSteps.userOnHomepageAltaShopForLogoutFeature - onHomepageAltaShop
22:21:27.086 [Forwarding newSession on session null to remote] DEBUG org.asynchttpclient.netty.request.NettyRequestSender - Using pooled Channel '[id: 0x0f502b57, L:/127.0.0.1:58549 - R:/127.0.0.1:4723]' for 'POST' to 'http://0.0.0.0:4723/wd/hub/session'
22:21:27.086 [Forwarding newSession on session null to remote] DEBUG org.asynchttpclient.netty.request.NettyRequestSender - Using open Channel [id: 0x0f502b57, L:/127.0.0.1:58549 - R:/127.0.0.1:4723] for POST '/wd/hub/session'
22:21:36.558 [AsyncHttpClient-1-2] DEBUG org.asynchttpclient.netty.handler.HttpHandler - 

Request DefaultHttpRequest(decodeResult: success, version: HTTP/1.1)
POST /wd/hub/session HTTP/1.1
X-Idempotency-Key: edbdccc3-d5e0-409a-9aa5-dc6947018440
User-Agent: appium/8.3.0 (selenium/4.8.1 (java windows))
Content-Length: 335
Content-Type: application/json; charset=utf-8
host: 0.0.0.0:4723
accept: */*

Response DefaultHttpResponse(decodeResult: success, version: HTTP/1.1)
HTTP/1.1 200 OK
X-Powered-By: Express
Vary: X-HTTP-Method-Override
Content-Type: application/json; charset=utf-8
Content-Length: 988
ETag: W/"3dc-Xu8+9I5RVpfomtkMiWZJvXM8d4Y"
Date: Tue, 09 May 2023 15:21:36 GMT
Connection: keep-alive
Keep-Alive: timeout=600

22:21:36.562 [AsyncHttpClient-1-2] DEBUG org.asynchttpclient.netty.channel.ChannelManager - Adding key: http://0.0.0.0:4723 for channel [id: 0x0f502b57, L:/127.0.0.1:58549 - R:/127.0.0.1:4723]
22:21:36.571 [Forwarding setTimeout on session e77c0fc9-1253-4cad-ba25-498061cd609a to remote] DEBUG org.asynchttpclient.netty.request.NettyRequestSender - Using pooled Channel '[id: 0x0f502b57, L:/127.0.0.1:58549 - R:/127.0.0.1:4723]' for 'POST' to 'http://0.0.0.0:4723/wd/hub/session/e77c0fc9-1253-4cad-ba25-498061cd609a/timeouts'
22:21:36.571 [Forwarding setTimeout on session e77c0fc9-1253-4cad-ba25-498061cd609a to remote] DEBUG org.asynchttpclient.netty.request.NettyRequestSender - Using open Channel [id: 0x0f502b57, L:/127.0.0.1:58549 - R:/127.0.0.1:4723] for POST '/wd/hub/session/e77c0fc9-1253-4cad-ba25-498061cd609a/timeouts'
22:21:36.585 [AsyncHttpClient-1-2] DEBUG org.asynchttpclient.netty.handler.HttpHandler - 

Request DefaultHttpRequest(decodeResult: success, version: HTTP/1.1)
POST /wd/hub/session/e77c0fc9-1253-4cad-ba25-498061cd609a/timeouts HTTP/1.1
User-Agent: appium/8.3.0 (selenium/4.8.1 (java windows))
Content-Length: 23
Content-Type: application/json; charset=utf-8
host: 0.0.0.0:4723
accept: */*

Response DefaultHttpResponse(decodeResult: success, version: HTTP/1.1)
HTTP/1.1 200 OK
X-Powered-By: Express
Vary: X-HTTP-Method-Override
Content-Type: application/json; charset=utf-8
Content-Length: 14
ETag: W/"e-9/1BuKMgFObM1mWJm+YjxtXJnUM"
Date: Tue, 09 May 2023 15:21:36 GMT
Connection: keep-alive
Keep-Alive: timeout=600

22:21:36.585 [AsyncHttpClient-1-2] DEBUG org.asynchttpclient.netty.channel.ChannelManager - Adding key: http://0.0.0.0:4723 for channel [id: 0x0f502b57, L:/127.0.0.1:58549 - R:/127.0.0.1:4723]
22:21:36.587 [Forwarding findElement on session e77c0fc9-1253-4cad-ba25-498061cd609a to remote] DEBUG org.asynchttpclient.netty.request.NettyRequestSender - Using pooled Channel '[id: 0x0f502b57, L:/127.0.0.1:58549 - R:/127.0.0.1:4723]' for 'POST' to 'http://0.0.0.0:4723/wd/hub/session/e77c0fc9-1253-4cad-ba25-498061cd609a/element'
22:21:36.587 [Forwarding findElement on session e77c0fc9-1253-4cad-ba25-498061cd609a to remote] DEBUG org.asynchttpclient.netty.request.NettyRequestSender - Using open Channel [id: 0x0f502b57, L:/127.0.0.1:58549 - R:/127.0.0.1:4723] for POST '/wd/hub/session/e77c0fc9-1253-4cad-ba25-498061cd609a/element'
22:21:37.698 [AsyncHttpClient-1-2] DEBUG org.asynchttpclient.netty.handler.HttpHandler - 

Request DefaultHttpRequest(decodeResult: success, version: HTTP/1.1)
POST /wd/hub/session/e77c0fc9-1253-4cad-ba25-498061cd609a/element HTTP/1.1
User-Agent: appium/8.3.0 (selenium/4.8.1 (java windows))
Content-Length: 326
Content-Type: application/json; charset=utf-8
host: 0.0.0.0:4723
accept: */*

Response DefaultHttpResponse(decodeResult: success, version: HTTP/1.1)
HTTP/1.1 200 OK
X-Powered-By: Express
Vary: X-HTTP-Method-Override
Content-Type: application/json; charset=utf-8
Content-Length: 137
ETag: W/"89-FlpYpGPYJfZr6rFRk0j38YnH1hA"
Date: Tue, 09 May 2023 15:21:37 GMT
Connection: keep-alive
Keep-Alive: timeout=600

22:21:37.698 [AsyncHttpClient-1-2] DEBUG org.asynchttpclient.netty.channel.ChannelManager - Adding key: http://0.0.0.0:4723 for channel [id: 0x0f502b57, L:/127.0.0.1:58549 - R:/127.0.0.1:4723]
22:21:37.700 [Forwarding isElementDisplayed on session e77c0fc9-1253-4cad-ba25-498061cd609a to remote] DEBUG org.asynchttpclient.netty.request.NettyRequestSender - Using pooled Channel '[id: 0x0f502b57, L:/127.0.0.1:58549 - R:/127.0.0.1:4723]' for 'GET' to 'http://0.0.0.0:4723/wd/hub/session/e77c0fc9-1253-4cad-ba25-498061cd609a/element/00000000-0000-06e1-0000-000700000003/displayed'
22:21:37.700 [Forwarding isElementDisplayed on session e77c0fc9-1253-4cad-ba25-498061cd609a to remote] DEBUG org.asynchttpclient.netty.request.NettyRequestSender - Using open Channel [id: 0x0f502b57, L:/127.0.0.1:58549 - R:/127.0.0.1:4723] for GET '/wd/hub/session/e77c0fc9-1253-4cad-ba25-498061cd609a/element/00000000-0000-06e1-0000-000700000003/displayed'
22:21:37.731 [AsyncHttpClient-1-2] DEBUG org.asynchttpclient.netty.handler.HttpHandler - 

Request DefaultFullHttpRequest(decodeResult: success, version: HTTP/1.1, content: EmptyByteBufBE)
GET /wd/hub/session/e77c0fc9-1253-4cad-ba25-498061cd609a/element/00000000-0000-06e1-0000-000700000003/displayed HTTP/1.1
User-Agent: appium/8.3.0 (selenium/4.8.1 (java windows))
Cache-Control: no-cache
Content-Type: application/json; charset=utf-8
host: 0.0.0.0:4723
accept: */*

Response DefaultHttpResponse(decodeResult: success, version: HTTP/1.1)
HTTP/1.1 200 OK
X-Powered-By: Express
Content-Type: application/json; charset=utf-8
Content-Length: 14
ETag: W/"e-2ZHvAWebNQpyjGZTg6uyV8/spTo"
Date: Tue, 09 May 2023 15:21:37 GMT
Connection: keep-alive
Keep-Alive: timeout=600

22:21:37.731 [AsyncHttpClient-1-2] DEBUG org.asynchttpclient.netty.channel.ChannelManager - Adding key: http://0.0.0.0:4723 for channel [id: 0x0f502b57, L:/127.0.0.1:58549 - R:/127.0.0.1:4723]
22:21:37.732 [Forwarding isElementDisplayed on session e77c0fc9-1253-4cad-ba25-498061cd609a to remote] DEBUG org.asynchttpclient.netty.request.NettyRequestSender - Using pooled Channel '[id: 0x0f502b57, L:/127.0.0.1:58549 - R:/127.0.0.1:4723]' for 'GET' to 'http://0.0.0.0:4723/wd/hub/session/e77c0fc9-1253-4cad-ba25-498061cd609a/element/00000000-0000-06e1-0000-000700000003/displayed'
22:21:37.733 [Forwarding isElementDisplayed on session e77c0fc9-1253-4cad-ba25-498061cd609a to remote] DEBUG org.asynchttpclient.netty.request.NettyRequestSender - Using open Channel [id: 0x0f502b57, L:/127.0.0.1:58549 - R:/127.0.0.1:4723] for GET '/wd/hub/session/e77c0fc9-1253-4cad-ba25-498061cd609a/element/00000000-0000-06e1-0000-000700000003/displayed'
22:21:37.764 [AsyncHttpClient-1-2] DEBUG org.asynchttpclient.netty.handler.HttpHandler - 

Request DefaultFullHttpRequest(decodeResult: success, version: HTTP/1.1, content: EmptyByteBufBE)
GET /wd/hub/session/e77c0fc9-1253-4cad-ba25-498061cd609a/element/00000000-0000-06e1-0000-000700000003/displayed HTTP/1.1
User-Agent: appium/8.3.0 (selenium/4.8.1 (java windows))
Cache-Control: no-cache
Content-Type: application/json; charset=utf-8
host: 0.0.0.0:4723
accept: */*

Response DefaultHttpResponse(decodeResult: success, version: HTTP/1.1)
HTTP/1.1 200 OK
X-Powered-By: Express
Content-Type: application/json; charset=utf-8
Content-Length: 14
ETag: W/"e-2ZHvAWebNQpyjGZTg6uyV8/spTo"
Date: Tue, 09 May 2023 15:21:37 GMT
Connection: keep-alive
Keep-Alive: timeout=600

22:21:37.765 [AsyncHttpClient-1-2] DEBUG org.asynchttpclient.netty.channel.ChannelManager - Adding key: http://0.0.0.0:4723 for channel [id: 0x0f502b57, L:/127.0.0.1:58549 - R:/127.0.0.1:4723]
22:21:37.765 [main] DEBUG net.thucydides.core.steps.StepInterceptor - STEP DONE: onHomepageAltaShop
]]></system-out>
  </testcase>
  <testcase name="user click login button for logout feature" classname="user dapat melakukan proses logout" time="0.806">
    <system-out><![CDATA[22:21:37.774 [main] DEBUG net.thucydides.core.steps.StepInterceptor - STARTING STEP: LogoutSteps.userClickLoginButtonForLogoutFeature - clickButtonLogin
22:21:37.777 [Forwarding findElement on session e77c0fc9-1253-4cad-ba25-498061cd609a to remote] DEBUG org.asynchttpclient.netty.request.NettyRequestSender - Using pooled Channel '[id: 0x0f502b57, L:/127.0.0.1:58549 - R:/127.0.0.1:4723]' for 'POST' to 'http://0.0.0.0:4723/wd/hub/session/e77c0fc9-1253-4cad-ba25-498061cd609a/element'
22:21:37.777 [Forwarding findElement on session e77c0fc9-1253-4cad-ba25-498061cd609a to remote] DEBUG org.asynchttpclient.netty.request.NettyRequestSender - Using open Channel [id: 0x0f502b57, L:/127.0.0.1:58549 - R:/127.0.0.1:4723] for POST '/wd/hub/session/e77c0fc9-1253-4cad-ba25-498061cd609a/element'
22:21:37.885 [AsyncHttpClient-1-2] DEBUG org.asynchttpclient.netty.handler.HttpHandler - 

Request DefaultHttpRequest(decodeResult: success, version: HTTP/1.1)
POST /wd/hub/session/e77c0fc9-1253-4cad-ba25-498061cd609a/element HTTP/1.1
User-Agent: appium/8.3.0 (selenium/4.8.1 (java windows))
Content-Length: 326
Content-Type: application/json; charset=utf-8
host: 0.0.0.0:4723
accept: */*

Response DefaultHttpResponse(decodeResult: success, version: HTTP/1.1)
HTTP/1.1 200 OK
X-Powered-By: Express
Vary: X-HTTP-Method-Override
Content-Type: application/json; charset=utf-8
Content-Length: 137
ETag: W/"89-FlpYpGPYJfZr6rFRk0j38YnH1hA"
Date: Tue, 09 May 2023 15:21:37 GMT
Connection: keep-alive
Keep-Alive: timeout=600

22:21:37.885 [AsyncHttpClient-1-2] DEBUG org.asynchttpclient.netty.channel.ChannelManager - Adding key: http://0.0.0.0:4723 for channel [id: 0x0f502b57, L:/127.0.0.1:58549 - R:/127.0.0.1:4723]
22:21:37.887 [Forwarding isElementDisplayed on session e77c0fc9-1253-4cad-ba25-498061cd609a to remote] DEBUG org.asynchttpclient.netty.request.NettyRequestSender - Using pooled Channel '[id: 0x0f502b57, L:/127.0.0.1:58549 - R:/127.0.0.1:4723]' for 'GET' to 'http://0.0.0.0:4723/wd/hub/session/e77c0fc9-1253-4cad-ba25-498061cd609a/element/00000000-0000-06e1-0000-000700000003/displayed'
22:21:37.887 [Forwarding isElementDisplayed on session e77c0fc9-1253-4cad-ba25-498061cd609a to remote] DEBUG org.asynchttpclient.netty.request.NettyRequestSender - Using open Channel [id: 0x0f502b57, L:/127.0.0.1:58549 - R:/127.0.0.1:4723] for GET '/wd/hub/session/e77c0fc9-1253-4cad-ba25-498061cd609a/element/00000000-0000-06e1-0000-000700000003/displayed'
22:21:37.922 [AsyncHttpClient-1-2] DEBUG org.asynchttpclient.netty.handler.HttpHandler - 

Request DefaultFullHttpRequest(decodeResult: success, version: HTTP/1.1, content: EmptyByteBufBE)
GET /wd/hub/session/e77c0fc9-1253-4cad-ba25-498061cd609a/element/00000000-0000-06e1-0000-000700000003/displayed HTTP/1.1
User-Agent: appium/8.3.0 (selenium/4.8.1 (java windows))
Cache-Control: no-cache
Content-Type: application/json; charset=utf-8
host: 0.0.0.0:4723
accept: */*

Response DefaultHttpResponse(decodeResult: success, version: HTTP/1.1)
HTTP/1.1 200 OK
X-Powered-By: Express
Content-Type: application/json; charset=utf-8
Content-Length: 14
ETag: W/"e-2ZHvAWebNQpyjGZTg6uyV8/spTo"
Date: Tue, 09 May 2023 15:21:37 GMT
Connection: keep-alive
Keep-Alive: timeout=600

22:21:37.922 [AsyncHttpClient-1-2] DEBUG org.asynchttpclient.netty.channel.ChannelManager - Adding key: http://0.0.0.0:4723 for channel [id: 0x0f502b57, L:/127.0.0.1:58549 - R:/127.0.0.1:4723]
22:21:37.925 [Forwarding isElementEnabled on session e77c0fc9-1253-4cad-ba25-498061cd609a to remote] DEBUG org.asynchttpclient.netty.request.NettyRequestSender - Using pooled Channel '[id: 0x0f502b57, L:/127.0.0.1:58549 - R:/127.0.0.1:4723]' for 'GET' to 'http://0.0.0.0:4723/wd/hub/session/e77c0fc9-1253-4cad-ba25-498061cd609a/element/00000000-0000-06e1-0000-000700000003/enabled'
22:21:37.925 [Forwarding isElementEnabled on session e77c0fc9-1253-4cad-ba25-498061cd609a to remote] DEBUG org.asynchttpclient.netty.request.NettyRequestSender - Using open Channel [id: 0x0f502b57, L:/127.0.0.1:58549 - R:/127.0.0.1:4723] for GET '/wd/hub/session/e77c0fc9-1253-4cad-ba25-498061cd609a/element/00000000-0000-06e1-0000-000700000003/enabled'
22:21:37.961 [AsyncHttpClient-1-2] DEBUG org.asynchttpclient.netty.handler.HttpHandler - 

Request DefaultFullHttpRequest(decodeResult: success, version: HTTP/1.1, content: EmptyByteBufBE)
GET /wd/hub/session/e77c0fc9-1253-4cad-ba25-498061cd609a/element/00000000-0000-06e1-0000-000700000003/enabled HTTP/1.1
User-Agent: appium/8.3.0 (selenium/4.8.1 (java windows))
Cache-Control: no-cache
Content-Type: application/json; charset=utf-8
host: 0.0.0.0:4723
accept: */*

Response DefaultHttpResponse(decodeResult: success, version: HTTP/1.1)
HTTP/1.1 200 OK
X-Powered-By: Express
Content-Type: application/json; charset=utf-8
Content-Length: 14
ETag: W/"e-2ZHvAWebNQpyjGZTg6uyV8/spTo"
Date: Tue, 09 May 2023 15:21:37 GMT
Connection: keep-alive
Keep-Alive: timeout=600

22:21:37.962 [AsyncHttpClient-1-2] DEBUG org.asynchttpclient.netty.channel.ChannelManager - Adding key: http://0.0.0.0:4723 for channel [id: 0x0f502b57, L:/127.0.0.1:58549 - R:/127.0.0.1:4723]
22:21:37.963 [Forwarding clickElement on session e77c0fc9-1253-4cad-ba25-498061cd609a to remote] DEBUG org.asynchttpclient.netty.request.NettyRequestSender - Using pooled Channel '[id: 0x0f502b57, L:/127.0.0.1:58549 - R:/127.0.0.1:4723]' for 'POST' to 'http://0.0.0.0:4723/wd/hub/session/e77c0fc9-1253-4cad-ba25-498061cd609a/element/00000000-0000-06e1-0000-000700000003/click'
22:21:37.963 [Forwarding clickElement on session e77c0fc9-1253-4cad-ba25-498061cd609a to remote] DEBUG org.asynchttpclient.netty.request.NettyRequestSender - Using open Channel [id: 0x0f502b57, L:/127.0.0.1:58549 - R:/127.0.0.1:4723] for POST '/wd/hub/session/e77c0fc9-1253-4cad-ba25-498061cd609a/element/00000000-0000-06e1-0000-000700000003/click'
22:21:38.573 [AsyncHttpClient-1-2] DEBUG org.asynchttpclient.netty.handler.HttpHandler - 

Request DefaultHttpRequest(decodeResult: success, version: HTTP/1.1)
POST /wd/hub/session/e77c0fc9-1253-4cad-ba25-498061cd609a/element/00000000-0000-06e1-0000-000700000003/click HTTP/1.1
User-Agent: appium/8.3.0 (selenium/4.8.1 (java windows))
Content-Length: 50
Content-Type: application/json; charset=utf-8
host: 0.0.0.0:4723
accept: */*

Response DefaultHttpResponse(decodeResult: success, version: HTTP/1.1)
HTTP/1.1 200 OK
X-Powered-By: Express
Vary: X-HTTP-Method-Override
Content-Type: application/json; charset=utf-8
Content-Length: 14
ETag: W/"e-9/1BuKMgFObM1mWJm+YjxtXJnUM"
Date: Tue, 09 May 2023 15:21:38 GMT
Connection: keep-alive
Keep-Alive: timeout=600

22:21:38.573 [AsyncHttpClient-1-2] DEBUG org.asynchttpclient.netty.channel.ChannelManager - Adding key: http://0.0.0.0:4723 for channel [id: 0x0f502b57, L:/127.0.0.1:58549 - R:/127.0.0.1:4723]
22:21:38.575 [main] DEBUG net.thucydides.core.steps.StepInterceptor - STEP DONE: clickButtonLogin
]]></system-out>
  </testcase>
  <testcase name="user logs in first" classname="user dapat melakukan proses logout" time="4.451">
    <system-out><![CDATA[22:21:38.585 [main] DEBUG net.thucydides.core.steps.StepInterceptor - STARTING STEP: LogoutSteps.userMelakukanLoginTerlebihDahulu - inputEmail
22:21:38.587 [Forwarding findElement on session e77c0fc9-1253-4cad-ba25-498061cd609a to remote] DEBUG org.asynchttpclient.netty.request.NettyRequestSender - Using pooled Channel '[id: 0x0f502b57, L:/127.0.0.1:58549 - R:/127.0.0.1:4723]' for 'POST' to 'http://0.0.0.0:4723/wd/hub/session/e77c0fc9-1253-4cad-ba25-498061cd609a/element'
22:21:38.587 [Forwarding findElement on session e77c0fc9-1253-4cad-ba25-498061cd609a to remote] DEBUG org.asynchttpclient.netty.request.NettyRequestSender - Using open Channel [id: 0x0f502b57, L:/127.0.0.1:58549 - R:/127.0.0.1:4723] for POST '/wd/hub/session/e77c0fc9-1253-4cad-ba25-498061cd609a/element'
22:21:38.661 [AsyncHttpClient-1-2] DEBUG org.asynchttpclient.netty.handler.HttpHandler - 

Request DefaultHttpRequest(decodeResult: success, version: HTTP/1.1)
POST /wd/hub/session/e77c0fc9-1253-4cad-ba25-498061cd609a/element HTTP/1.1
User-Agent: appium/8.3.0 (selenium/4.8.1 (java windows))
Content-Length: 305
Content-Type: application/json; charset=utf-8
host: 0.0.0.0:4723
accept: */*

Response DefaultHttpResponse(decodeResult: success, version: HTTP/1.1)
HTTP/1.1 200 OK
X-Powered-By: Express
Vary: X-HTTP-Method-Override
Content-Type: application/json; charset=utf-8
Content-Length: 137
ETag: W/"89-gQjI+aOBcVdDH21SzrQGLJSPlBM"
Date: Tue, 09 May 2023 15:21:38 GMT
Connection: keep-alive
Keep-Alive: timeout=600

22:21:38.662 [AsyncHttpClient-1-2] DEBUG org.asynchttpclient.netty.channel.ChannelManager - Adding key: http://0.0.0.0:4723 for channel [id: 0x0f502b57, L:/127.0.0.1:58549 - R:/127.0.0.1:4723]
22:21:38.664 [Forwarding isElementDisplayed on session e77c0fc9-1253-4cad-ba25-498061cd609a to remote] DEBUG org.asynchttpclient.netty.request.NettyRequestSender - Using pooled Channel '[id: 0x0f502b57, L:/127.0.0.1:58549 - R:/127.0.0.1:4723]' for 'GET' to 'http://0.0.0.0:4723/wd/hub/session/e77c0fc9-1253-4cad-ba25-498061cd609a/element/00000000-0000-06e1-0000-002600000003/displayed'
22:21:38.664 [Forwarding isElementDisplayed on session e77c0fc9-1253-4cad-ba25-498061cd609a to remote] DEBUG org.asynchttpclient.netty.request.NettyRequestSender - Using open Channel [id: 0x0f502b57, L:/127.0.0.1:58549 - R:/127.0.0.1:4723] for GET '/wd/hub/session/e77c0fc9-1253-4cad-ba25-498061cd609a/element/00000000-0000-06e1-0000-002600000003/displayed'
22:21:38.691 [AsyncHttpClient-1-2] DEBUG org.asynchttpclient.netty.handler.HttpHandler - 

Request DefaultFullHttpRequest(decodeResult: success, version: HTTP/1.1, content: EmptyByteBufBE)
GET /wd/hub/session/e77c0fc9-1253-4cad-ba25-498061cd609a/element/00000000-0000-06e1-0000-002600000003/displayed HTTP/1.1
User-Agent: appium/8.3.0 (selenium/4.8.1 (java windows))
Cache-Control: no-cache
Content-Type: application/json; charset=utf-8
host: 0.0.0.0:4723
accept: */*

Response DefaultHttpResponse(decodeResult: success, version: HTTP/1.1)
HTTP/1.1 200 OK
X-Powered-By: Express
Content-Type: application/json; charset=utf-8
Content-Length: 14
ETag: W/"e-2ZHvAWebNQpyjGZTg6uyV8/spTo"
Date: Tue, 09 May 2023 15:21:38 GMT
Connection: keep-alive
Keep-Alive: timeout=600

22:21:38.691 [AsyncHttpClient-1-2] DEBUG org.asynchttpclient.netty.channel.ChannelManager - Adding key: http://0.0.0.0:4723 for channel [id: 0x0f502b57, L:/127.0.0.1:58549 - R:/127.0.0.1:4723]
22:21:38.692 [Forwarding isElementEnabled on session e77c0fc9-1253-4cad-ba25-498061cd609a to remote] DEBUG org.asynchttpclient.netty.request.NettyRequestSender - Using pooled Channel '[id: 0x0f502b57, L:/127.0.0.1:58549 - R:/127.0.0.1:4723]' for 'GET' to 'http://0.0.0.0:4723/wd/hub/session/e77c0fc9-1253-4cad-ba25-498061cd609a/element/00000000-0000-06e1-0000-002600000003/enabled'
22:21:38.692 [Forwarding isElementEnabled on session e77c0fc9-1253-4cad-ba25-498061cd609a to remote] DEBUG org.asynchttpclient.netty.request.NettyRequestSender - Using open Channel [id: 0x0f502b57, L:/127.0.0.1:58549 - R:/127.0.0.1:4723] for GET '/wd/hub/session/e77c0fc9-1253-4cad-ba25-498061cd609a/element/00000000-0000-06e1-0000-002600000003/enabled'
22:21:38.724 [AsyncHttpClient-1-2] DEBUG org.asynchttpclient.netty.handler.HttpHandler - 

Request DefaultFullHttpRequest(decodeResult: success, version: HTTP/1.1, content: EmptyByteBufBE)
GET /wd/hub/session/e77c0fc9-1253-4cad-ba25-498061cd609a/element/00000000-0000-06e1-0000-002600000003/enabled HTTP/1.1
User-Agent: appium/8.3.0 (selenium/4.8.1 (java windows))
Cache-Control: no-cache
Content-Type: application/json; charset=utf-8
host: 0.0.0.0:4723
accept: */*

Response DefaultHttpResponse(decodeResult: success, version: HTTP/1.1)
HTTP/1.1 200 OK
X-Powered-By: Express
Content-Type: application/json; charset=utf-8
Content-Length: 14
ETag: W/"e-2ZHvAWebNQpyjGZTg6uyV8/spTo"
Date: Tue, 09 May 2023 15:21:38 GMT
Connection: keep-alive
Keep-Alive: timeout=600

22:21:38.725 [AsyncHttpClient-1-2] DEBUG org.asynchttpclient.netty.channel.ChannelManager - Adding key: http://0.0.0.0:4723 for channel [id: 0x0f502b57, L:/127.0.0.1:58549 - R:/127.0.0.1:4723]
22:21:38.727 [Forwarding clickElement on session e77c0fc9-1253-4cad-ba25-498061cd609a to remote] DEBUG org.asynchttpclient.netty.request.NettyRequestSender - Using pooled Channel '[id: 0x0f502b57, L:/127.0.0.1:58549 - R:/127.0.0.1:4723]' for 'POST' to 'http://0.0.0.0:4723/wd/hub/session/e77c0fc9-1253-4cad-ba25-498061cd609a/element/00000000-0000-06e1-0000-002600000003/click'
22:21:38.727 [Forwarding clickElement on session e77c0fc9-1253-4cad-ba25-498061cd609a to remote] DEBUG org.asynchttpclient.netty.request.NettyRequestSender - Using open Channel [id: 0x0f502b57, L:/127.0.0.1:58549 - R:/127.0.0.1:4723] for POST '/wd/hub/session/e77c0fc9-1253-4cad-ba25-498061cd609a/element/00000000-0000-06e1-0000-002600000003/click'
22:21:38.833 [AsyncHttpClient-1-2] DEBUG org.asynchttpclient.netty.handler.HttpHandler - 

Request DefaultHttpRequest(decodeResult: success, version: HTTP/1.1)
POST /wd/hub/session/e77c0fc9-1253-4cad-ba25-498061cd609a/element/00000000-0000-06e1-0000-002600000003/click HTTP/1.1
User-Agent: appium/8.3.0 (selenium/4.8.1 (java windows))
Content-Length: 50
Content-Type: application/json; charset=utf-8
host: 0.0.0.0:4723
accept: */*

Response DefaultHttpResponse(decodeResult: success, version: HTTP/1.1)
HTTP/1.1 200 OK
X-Powered-By: Express
Vary: X-HTTP-Method-Override
Content-Type: application/json; charset=utf-8
Content-Length: 14
ETag: W/"e-9/1BuKMgFObM1mWJm+YjxtXJnUM"
Date: Tue, 09 May 2023 15:21:38 GMT
Connection: keep-alive
Keep-Alive: timeout=600

22:21:38.833 [AsyncHttpClient-1-2] DEBUG org.asynchttpclient.netty.channel.ChannelManager - Adding key: http://0.0.0.0:4723 for channel [id: 0x0f502b57, L:/127.0.0.1:58549 - R:/127.0.0.1:4723]
22:21:38.838 [Forwarding findElement on session e77c0fc9-1253-4cad-ba25-498061cd609a to remote] DEBUG org.asynchttpclient.netty.request.NettyRequestSender - Using pooled Channel '[id: 0x0f502b57, L:/127.0.0.1:58549 - R:/127.0.0.1:4723]' for 'POST' to 'http://0.0.0.0:4723/wd/hub/session/e77c0fc9-1253-4cad-ba25-498061cd609a/element'
22:21:38.840 [Forwarding findElement on session e77c0fc9-1253-4cad-ba25-498061cd609a to remote] DEBUG org.asynchttpclient.netty.request.NettyRequestSender - Using open Channel [id: 0x0f502b57, L:/127.0.0.1:58549 - R:/127.0.0.1:4723] for POST '/wd/hub/session/e77c0fc9-1253-4cad-ba25-498061cd609a/element'
22:21:39.451 [AsyncHttpClient-1-2] DEBUG org.asynchttpclient.netty.handler.HttpHandler - 

Request DefaultHttpRequest(decodeResult: success, version: HTTP/1.1)
POST /wd/hub/session/e77c0fc9-1253-4cad-ba25-498061cd609a/element HTTP/1.1
User-Agent: appium/8.3.0 (selenium/4.8.1 (java windows))
Content-Length: 305
Content-Type: application/json; charset=utf-8
host: 0.0.0.0:4723
accept: */*

Response DefaultHttpResponse(decodeResult: success, version: HTTP/1.1)
HTTP/1.1 200 OK
X-Powered-By: Express
Vary: X-HTTP-Method-Override
Content-Type: application/json; charset=utf-8
Content-Length: 137
ETag: W/"89-gQjI+aOBcVdDH21SzrQGLJSPlBM"
Date: Tue, 09 May 2023 15:21:39 GMT
Connection: keep-alive
Keep-Alive: timeout=600

22:21:39.451 [AsyncHttpClient-1-2] DEBUG org.asynchttpclient.netty.channel.ChannelManager - Adding key: http://0.0.0.0:4723 for channel [id: 0x0f502b57, L:/127.0.0.1:58549 - R:/127.0.0.1:4723]
22:21:39.454 [Forwarding sendKeysToElement on session e77c0fc9-1253-4cad-ba25-498061cd609a to remote] DEBUG org.asynchttpclient.netty.request.NettyRequestSender - Using pooled Channel '[id: 0x0f502b57, L:/127.0.0.1:58549 - R:/127.0.0.1:4723]' for 'POST' to 'http://0.0.0.0:4723/wd/hub/session/e77c0fc9-1253-4cad-ba25-498061cd609a/element/00000000-0000-06e1-0000-002600000003/value'
22:21:39.454 [Forwarding sendKeysToElement on session e77c0fc9-1253-4cad-ba25-498061cd609a to remote] DEBUG org.asynchttpclient.netty.request.NettyRequestSender - Using open Channel [id: 0x0f502b57, L:/127.0.0.1:58549 - R:/127.0.0.1:4723] for POST '/wd/hub/session/e77c0fc9-1253-4cad-ba25-498061cd609a/element/00000000-0000-06e1-0000-002600000003/value'
22:21:39.504 [AsyncHttpClient-1-2] DEBUG org.asynchttpclient.netty.handler.HttpHandler - 

Request DefaultHttpRequest(decodeResult: success, version: HTTP/1.1)
POST /wd/hub/session/e77c0fc9-1253-4cad-ba25-498061cd609a/element/00000000-0000-06e1-0000-002600000003/value HTTP/1.1
User-Agent: appium/8.3.0 (selenium/4.8.1 (java windows))
Content-Length: 211
Content-Type: application/json; charset=utf-8
host: 0.0.0.0:4723
accept: */*

Response DefaultHttpResponse(decodeResult: success, version: HTTP/1.1)
HTTP/1.1 200 OK
X-Powered-By: Express
Vary: X-HTTP-Method-Override
Content-Type: application/json; charset=utf-8
Content-Length: 14
ETag: W/"e-9/1BuKMgFObM1mWJm+YjxtXJnUM"
Date: Tue, 09 May 2023 15:21:39 GMT
Connection: keep-alive
Keep-Alive: timeout=600

22:21:39.505 [AsyncHttpClient-1-2] DEBUG org.asynchttpclient.netty.channel.ChannelManager - Adding key: http://0.0.0.0:4723 for channel [id: 0x0f502b57, L:/127.0.0.1:58549 - R:/127.0.0.1:4723]
22:21:39.506 [main] DEBUG net.thucydides.core.steps.StepInterceptor - STEP DONE: inputEmail
22:21:39.508 [main] DEBUG net.thucydides.core.steps.StepInterceptor - STARTING STEP: LogoutSteps.userMelakukanLoginTerlebihDahulu - inputPassword
22:21:39.511 [Forwarding findElement on session e77c0fc9-1253-4cad-ba25-498061cd609a to remote] DEBUG org.asynchttpclient.netty.request.NettyRequestSender - Using pooled Channel '[id: 0x0f502b57, L:/127.0.0.1:58549 - R:/127.0.0.1:4723]' for 'POST' to 'http://0.0.0.0:4723/wd/hub/session/e77c0fc9-1253-4cad-ba25-498061cd609a/element'
22:21:39.511 [Forwarding findElement on session e77c0fc9-1253-4cad-ba25-498061cd609a to remote] DEBUG org.asynchttpclient.netty.request.NettyRequestSender - Using open Channel [id: 0x0f502b57, L:/127.0.0.1:58549 - R:/127.0.0.1:4723] for POST '/wd/hub/session/e77c0fc9-1253-4cad-ba25-498061cd609a/element'
22:21:40.107 [AsyncHttpClient-1-2] DEBUG org.asynchttpclient.netty.handler.HttpHandler - 

Request DefaultHttpRequest(decodeResult: success, version: HTTP/1.1)
POST /wd/hub/session/e77c0fc9-1253-4cad-ba25-498061cd609a/element HTTP/1.1
User-Agent: appium/8.3.0 (selenium/4.8.1 (java windows))
Content-Length: 305
Content-Type: application/json; charset=utf-8
host: 0.0.0.0:4723
accept: */*

Response DefaultHttpResponse(decodeResult: success, version: HTTP/1.1)
HTTP/1.1 200 OK
X-Powered-By: Express
Vary: X-HTTP-Method-Override
Content-Type: application/json; charset=utf-8
Content-Length: 137
ETag: W/"89-qv43UupW2BU6fahjjckJMWoPAKM"
Date: Tue, 09 May 2023 15:21:40 GMT
Connection: keep-alive
Keep-Alive: timeout=600

22:21:40.107 [AsyncHttpClient-1-2] DEBUG org.asynchttpclient.netty.channel.ChannelManager - Adding key: http://0.0.0.0:4723 for channel [id: 0x0f502b57, L:/127.0.0.1:58549 - R:/127.0.0.1:4723]
22:21:40.110 [Forwarding isElementDisplayed on session e77c0fc9-1253-4cad-ba25-498061cd609a to remote] DEBUG org.asynchttpclient.netty.request.NettyRequestSender - Using pooled Channel '[id: 0x0f502b57, L:/127.0.0.1:58549 - R:/127.0.0.1:4723]' for 'GET' to 'http://0.0.0.0:4723/wd/hub/session/e77c0fc9-1253-4cad-ba25-498061cd609a/element/00000000-0000-06e1-0000-002700000003/displayed'
22:21:40.110 [Forwarding isElementDisplayed on session e77c0fc9-1253-4cad-ba25-498061cd609a to remote] DEBUG org.asynchttpclient.netty.request.NettyRequestSender - Using open Channel [id: 0x0f502b57, L:/127.0.0.1:58549 - R:/127.0.0.1:4723] for GET '/wd/hub/session/e77c0fc9-1253-4cad-ba25-498061cd609a/element/00000000-0000-06e1-0000-002700000003/displayed'
22:21:40.135 [AsyncHttpClient-1-2] DEBUG org.asynchttpclient.netty.handler.HttpHandler - 

Request DefaultFullHttpRequest(decodeResult: success, version: HTTP/1.1, content: EmptyByteBufBE)
GET /wd/hub/session/e77c0fc9-1253-4cad-ba25-498061cd609a/element/00000000-0000-06e1-0000-002700000003/displayed HTTP/1.1
User-Agent: appium/8.3.0 (selenium/4.8.1 (java windows))
Cache-Control: no-cache
Content-Type: application/json; charset=utf-8
host: 0.0.0.0:4723
accept: */*

Response DefaultHttpResponse(decodeResult: success, version: HTTP/1.1)
HTTP/1.1 200 OK
X-Powered-By: Express
Content-Type: application/json; charset=utf-8
Content-Length: 14
ETag: W/"e-2ZHvAWebNQpyjGZTg6uyV8/spTo"
Date: Tue, 09 May 2023 15:21:40 GMT
Connection: keep-alive
Keep-Alive: timeout=600

22:21:40.135 [AsyncHttpClient-1-2] DEBUG org.asynchttpclient.netty.channel.ChannelManager - Adding key: http://0.0.0.0:4723 for channel [id: 0x0f502b57, L:/127.0.0.1:58549 - R:/127.0.0.1:4723]
22:21:40.136 [Forwarding isElementEnabled on session e77c0fc9-1253-4cad-ba25-498061cd609a to remote] DEBUG org.asynchttpclient.netty.request.NettyRequestSender - Using pooled Channel '[id: 0x0f502b57, L:/127.0.0.1:58549 - R:/127.0.0.1:4723]' for 'GET' to 'http://0.0.0.0:4723/wd/hub/session/e77c0fc9-1253-4cad-ba25-498061cd609a/element/00000000-0000-06e1-0000-002700000003/enabled'
22:21:40.136 [Forwarding isElementEnabled on session e77c0fc9-1253-4cad-ba25-498061cd609a to remote] DEBUG org.asynchttpclient.netty.request.NettyRequestSender - Using open Channel [id: 0x0f502b57, L:/127.0.0.1:58549 - R:/127.0.0.1:4723] for GET '/wd/hub/session/e77c0fc9-1253-4cad-ba25-498061cd609a/element/00000000-0000-06e1-0000-002700000003/enabled'
22:21:40.172 [AsyncHttpClient-1-2] DEBUG org.asynchttpclient.netty.handler.HttpHandler - 

Request DefaultFullHttpRequest(decodeResult: success, version: HTTP/1.1, content: EmptyByteBufBE)
GET /wd/hub/session/e77c0fc9-1253-4cad-ba25-498061cd609a/element/00000000-0000-06e1-0000-002700000003/enabled HTTP/1.1
User-Agent: appium/8.3.0 (selenium/4.8.1 (java windows))
Cache-Control: no-cache
Content-Type: application/json; charset=utf-8
host: 0.0.0.0:4723
accept: */*

Response DefaultHttpResponse(decodeResult: success, version: HTTP/1.1)
HTTP/1.1 200 OK
X-Powered-By: Express
Content-Type: application/json; charset=utf-8
Content-Length: 14
ETag: W/"e-2ZHvAWebNQpyjGZTg6uyV8/spTo"
Date: Tue, 09 May 2023 15:21:40 GMT
Connection: keep-alive
Keep-Alive: timeout=600

22:21:40.174 [AsyncHttpClient-1-2] DEBUG org.asynchttpclient.netty.channel.ChannelManager - Adding key: http://0.0.0.0:4723 for channel [id: 0x0f502b57, L:/127.0.0.1:58549 - R:/127.0.0.1:4723]
22:21:40.176 [Forwarding clickElement on session e77c0fc9-1253-4cad-ba25-498061cd609a to remote] DEBUG org.asynchttpclient.netty.request.NettyRequestSender - Using pooled Channel '[id: 0x0f502b57, L:/127.0.0.1:58549 - R:/127.0.0.1:4723]' for 'POST' to 'http://0.0.0.0:4723/wd/hub/session/e77c0fc9-1253-4cad-ba25-498061cd609a/element/00000000-0000-06e1-0000-002700000003/click'
22:21:40.176 [Forwarding clickElement on session e77c0fc9-1253-4cad-ba25-498061cd609a to remote] DEBUG org.asynchttpclient.netty.request.NettyRequestSender - Using open Channel [id: 0x0f502b57, L:/127.0.0.1:58549 - R:/127.0.0.1:4723] for POST '/wd/hub/session/e77c0fc9-1253-4cad-ba25-498061cd609a/element/00000000-0000-06e1-0000-002700000003/click'
22:21:40.290 [AsyncHttpClient-1-2] DEBUG org.asynchttpclient.netty.handler.HttpHandler - 

Request DefaultHttpRequest(decodeResult: success, version: HTTP/1.1)
POST /wd/hub/session/e77c0fc9-1253-4cad-ba25-498061cd609a/element/00000000-0000-06e1-0000-002700000003/click HTTP/1.1
User-Agent: appium/8.3.0 (selenium/4.8.1 (java windows))
Content-Length: 50
Content-Type: application/json; charset=utf-8
host: 0.0.0.0:4723
accept: */*

Response DefaultHttpResponse(decodeResult: success, version: HTTP/1.1)
HTTP/1.1 200 OK
X-Powered-By: Express
Vary: X-HTTP-Method-Override
Content-Type: application/json; charset=utf-8
Content-Length: 14
ETag: W/"e-9/1BuKMgFObM1mWJm+YjxtXJnUM"
Date: Tue, 09 May 2023 15:21:40 GMT
Connection: keep-alive
Keep-Alive: timeout=600

22:21:40.291 [AsyncHttpClient-1-2] DEBUG org.asynchttpclient.netty.channel.ChannelManager - Adding key: http://0.0.0.0:4723 for channel [id: 0x0f502b57, L:/127.0.0.1:58549 - R:/127.0.0.1:4723]
22:21:40.295 [Forwarding findElement on session e77c0fc9-1253-4cad-ba25-498061cd609a to remote] DEBUG org.asynchttpclient.netty.request.NettyRequestSender - Using pooled Channel '[id: 0x0f502b57, L:/127.0.0.1:58549 - R:/127.0.0.1:4723]' for 'POST' to 'http://0.0.0.0:4723/wd/hub/session/e77c0fc9-1253-4cad-ba25-498061cd609a/element'
22:21:40.295 [Forwarding findElement on session e77c0fc9-1253-4cad-ba25-498061cd609a to remote] DEBUG org.asynchttpclient.netty.request.NettyRequestSender - Using open Channel [id: 0x0f502b57, L:/127.0.0.1:58549 - R:/127.0.0.1:4723] for POST '/wd/hub/session/e77c0fc9-1253-4cad-ba25-498061cd609a/element'
22:21:40.489 [AsyncHttpClient-1-2] DEBUG org.asynchttpclient.netty.handler.HttpHandler - 

Request DefaultHttpRequest(decodeResult: success, version: HTTP/1.1)
POST /wd/hub/session/e77c0fc9-1253-4cad-ba25-498061cd609a/element HTTP/1.1
User-Agent: appium/8.3.0 (selenium/4.8.1 (java windows))
Content-Length: 305
Content-Type: application/json; charset=utf-8
host: 0.0.0.0:4723
accept: */*

Response DefaultHttpResponse(decodeResult: success, version: HTTP/1.1)
HTTP/1.1 200 OK
X-Powered-By: Express
Vary: X-HTTP-Method-Override
Content-Type: application/json; charset=utf-8
Content-Length: 137
ETag: W/"89-qv43UupW2BU6fahjjckJMWoPAKM"
Date: Tue, 09 May 2023 15:21:40 GMT
Connection: keep-alive
Keep-Alive: timeout=600

22:21:40.489 [AsyncHttpClient-1-2] DEBUG org.asynchttpclient.netty.channel.ChannelManager - Adding key: http://0.0.0.0:4723 for channel [id: 0x0f502b57, L:/127.0.0.1:58549 - R:/127.0.0.1:4723]
22:21:40.491 [Forwarding sendKeysToElement on session e77c0fc9-1253-4cad-ba25-498061cd609a to remote] DEBUG org.asynchttpclient.netty.request.NettyRequestSender - Using pooled Channel '[id: 0x0f502b57, L:/127.0.0.1:58549 - R:/127.0.0.1:4723]' for 'POST' to 'http://0.0.0.0:4723/wd/hub/session/e77c0fc9-1253-4cad-ba25-498061cd609a/element/00000000-0000-06e1-0000-002700000003/value'
22:21:40.491 [Forwarding sendKeysToElement on session e77c0fc9-1253-4cad-ba25-498061cd609a to remote] DEBUG org.asynchttpclient.netty.request.NettyRequestSender - Using open Channel [id: 0x0f502b57, L:/127.0.0.1:58549 - R:/127.0.0.1:4723] for POST '/wd/hub/session/e77c0fc9-1253-4cad-ba25-498061cd609a/element/00000000-0000-06e1-0000-002700000003/value'
22:21:40.990 [AsyncHttpClient-1-2] DEBUG org.asynchttpclient.netty.handler.HttpHandler - 

Request DefaultHttpRequest(decodeResult: success, version: HTTP/1.1)
POST /wd/hub/session/e77c0fc9-1253-4cad-ba25-498061cd609a/element/00000000-0000-06e1-0000-002700000003/value HTTP/1.1
User-Agent: appium/8.3.0 (selenium/4.8.1 (java windows))
Content-Length: 111
Content-Type: application/json; charset=utf-8
host: 0.0.0.0:4723
accept: */*

Response DefaultHttpResponse(decodeResult: success, version: HTTP/1.1)
HTTP/1.1 200 OK
X-Powered-By: Express
Vary: X-HTTP-Method-Override
Content-Type: application/json; charset=utf-8
Content-Length: 14
ETag: W/"e-9/1BuKMgFObM1mWJm+YjxtXJnUM"
Date: Tue, 09 May 2023 15:21:40 GMT
Connection: keep-alive
Keep-Alive: timeout=600

22:21:40.990 [AsyncHttpClient-1-2] DEBUG org.asynchttpclient.netty.channel.ChannelManager - Adding key: http://0.0.0.0:4723 for channel [id: 0x0f502b57, L:/127.0.0.1:58549 - R:/127.0.0.1:4723]
22:21:40.996 [main] DEBUG net.thucydides.core.steps.StepInterceptor - STEP DONE: inputPassword
22:21:40.998 [main] DEBUG net.thucydides.core.steps.StepInterceptor - STARTING STEP: LogoutSteps.userMelakukanLoginTerlebihDahulu - clickButtonLoginSecond
22:21:41.001 [Forwarding findElement on session e77c0fc9-1253-4cad-ba25-498061cd609a to remote] DEBUG org.asynchttpclient.netty.request.NettyRequestSender - Using pooled Channel '[id: 0x0f502b57, L:/127.0.0.1:58549 - R:/127.0.0.1:4723]' for 'POST' to 'http://0.0.0.0:4723/wd/hub/session/e77c0fc9-1253-4cad-ba25-498061cd609a/element'
22:21:41.001 [Forwarding findElement on session e77c0fc9-1253-4cad-ba25-498061cd609a to remote] DEBUG org.asynchttpclient.netty.request.NettyRequestSender - Using open Channel [id: 0x0f502b57, L:/127.0.0.1:58549 - R:/127.0.0.1:4723] for POST '/wd/hub/session/e77c0fc9-1253-4cad-ba25-498061cd609a/element'
22:21:41.742 [AsyncHttpClient-1-2] DEBUG org.asynchttpclient.netty.handler.HttpHandler - 

Request DefaultHttpRequest(decodeResult: success, version: HTTP/1.1)
POST /wd/hub/session/e77c0fc9-1253-4cad-ba25-498061cd609a/element HTTP/1.1
User-Agent: appium/8.3.0 (selenium/4.8.1 (java windows))
Content-Length: 95
Content-Type: application/json; charset=utf-8
host: 0.0.0.0:4723
accept: */*

Response DefaultHttpResponse(decodeResult: success, version: HTTP/1.1)
HTTP/1.1 200 OK
X-Powered-By: Express
Vary: X-HTTP-Method-Override
Content-Type: application/json; charset=utf-8
Content-Length: 137
ETag: W/"89-7Cei53EwOFf7VWlExYlsyMpJ8EY"
Date: Tue, 09 May 2023 15:21:41 GMT
Connection: keep-alive
Keep-Alive: timeout=600

22:21:41.743 [AsyncHttpClient-1-2] DEBUG org.asynchttpclient.netty.channel.ChannelManager - Adding key: http://0.0.0.0:4723 for channel [id: 0x0f502b57, L:/127.0.0.1:58549 - R:/127.0.0.1:4723]
22:21:41.744 [Forwarding isElementDisplayed on session e77c0fc9-1253-4cad-ba25-498061cd609a to remote] DEBUG org.asynchttpclient.netty.request.NettyRequestSender - Using pooled Channel '[id: 0x0f502b57, L:/127.0.0.1:58549 - R:/127.0.0.1:4723]' for 'GET' to 'http://0.0.0.0:4723/wd/hub/session/e77c0fc9-1253-4cad-ba25-498061cd609a/element/00000000-0000-06e1-0000-002800000003/displayed'
22:21:41.744 [Forwarding isElementDisplayed on session e77c0fc9-1253-4cad-ba25-498061cd609a to remote] DEBUG org.asynchttpclient.netty.request.NettyRequestSender - Using open Channel [id: 0x0f502b57, L:/127.0.0.1:58549 - R:/127.0.0.1:4723] for GET '/wd/hub/session/e77c0fc9-1253-4cad-ba25-498061cd609a/element/00000000-0000-06e1-0000-002800000003/displayed'
22:21:41.788 [AsyncHttpClient-1-2] DEBUG org.asynchttpclient.netty.handler.HttpHandler - 

Request DefaultFullHttpRequest(decodeResult: success, version: HTTP/1.1, content: EmptyByteBufBE)
GET /wd/hub/session/e77c0fc9-1253-4cad-ba25-498061cd609a/element/00000000-0000-06e1-0000-002800000003/displayed HTTP/1.1
User-Agent: appium/8.3.0 (selenium/4.8.1 (java windows))
Cache-Control: no-cache
Content-Type: application/json; charset=utf-8
host: 0.0.0.0:4723
accept: */*

Response DefaultHttpResponse(decodeResult: success, version: HTTP/1.1)
HTTP/1.1 200 OK
X-Powered-By: Express
Content-Type: application/json; charset=utf-8
Content-Length: 14
ETag: W/"e-2ZHvAWebNQpyjGZTg6uyV8/spTo"
Date: Tue, 09 May 2023 15:21:41 GMT
Connection: keep-alive
Keep-Alive: timeout=600

22:21:41.788 [AsyncHttpClient-1-2] DEBUG org.asynchttpclient.netty.channel.ChannelManager - Adding key: http://0.0.0.0:4723 for channel [id: 0x0f502b57, L:/127.0.0.1:58549 - R:/127.0.0.1:4723]
22:21:41.790 [Forwarding isElementEnabled on session e77c0fc9-1253-4cad-ba25-498061cd609a to remote] DEBUG org.asynchttpclient.netty.request.NettyRequestSender - Using pooled Channel '[id: 0x0f502b57, L:/127.0.0.1:58549 - R:/127.0.0.1:4723]' for 'GET' to 'http://0.0.0.0:4723/wd/hub/session/e77c0fc9-1253-4cad-ba25-498061cd609a/element/00000000-0000-06e1-0000-002800000003/enabled'
22:21:41.790 [Forwarding isElementEnabled on session e77c0fc9-1253-4cad-ba25-498061cd609a to remote] DEBUG org.asynchttpclient.netty.request.NettyRequestSender - Using open Channel [id: 0x0f502b57, L:/127.0.0.1:58549 - R:/127.0.0.1:4723] for GET '/wd/hub/session/e77c0fc9-1253-4cad-ba25-498061cd609a/element/00000000-0000-06e1-0000-002800000003/enabled'
22:21:41.831 [AsyncHttpClient-1-2] DEBUG org.asynchttpclient.netty.handler.HttpHandler - 

Request DefaultFullHttpRequest(decodeResult: success, version: HTTP/1.1, content: EmptyByteBufBE)
GET /wd/hub/session/e77c0fc9-1253-4cad-ba25-498061cd609a/element/00000000-0000-06e1-0000-002800000003/enabled HTTP/1.1
User-Agent: appium/8.3.0 (selenium/4.8.1 (java windows))
Cache-Control: no-cache
Content-Type: application/json; charset=utf-8
host: 0.0.0.0:4723
accept: */*

Response DefaultHttpResponse(decodeResult: success, version: HTTP/1.1)
HTTP/1.1 200 OK
X-Powered-By: Express
Content-Type: application/json; charset=utf-8
Content-Length: 14
ETag: W/"e-2ZHvAWebNQpyjGZTg6uyV8/spTo"
Date: Tue, 09 May 2023 15:21:41 GMT
Connection: keep-alive
Keep-Alive: timeout=600

22:21:41.832 [AsyncHttpClient-1-2] DEBUG org.asynchttpclient.netty.channel.ChannelManager - Adding key: http://0.0.0.0:4723 for channel [id: 0x0f502b57, L:/127.0.0.1:58549 - R:/127.0.0.1:4723]
22:21:41.834 [Forwarding clickElement on session e77c0fc9-1253-4cad-ba25-498061cd609a to remote] DEBUG org.asynchttpclient.netty.request.NettyRequestSender - Using pooled Channel '[id: 0x0f502b57, L:/127.0.0.1:58549 - R:/127.0.0.1:4723]' for 'POST' to 'http://0.0.0.0:4723/wd/hub/session/e77c0fc9-1253-4cad-ba25-498061cd609a/element/00000000-0000-06e1-0000-002800000003/click'
22:21:41.834 [Forwarding clickElement on session e77c0fc9-1253-4cad-ba25-498061cd609a to remote] DEBUG org.asynchttpclient.netty.request.NettyRequestSender - Using open Channel [id: 0x0f502b57, L:/127.0.0.1:58549 - R:/127.0.0.1:4723] for POST '/wd/hub/session/e77c0fc9-1253-4cad-ba25-498061cd609a/element/00000000-0000-06e1-0000-002800000003/click'
22:21:43.027 [AsyncHttpClient-1-2] DEBUG org.asynchttpclient.netty.handler.HttpHandler - 

Request DefaultHttpRequest(decodeResult: success, version: HTTP/1.1)
POST /wd/hub/session/e77c0fc9-1253-4cad-ba25-498061cd609a/element/00000000-0000-06e1-0000-002800000003/click HTTP/1.1
User-Agent: appium/8.3.0 (selenium/4.8.1 (java windows))
Content-Length: 50
Content-Type: application/json; charset=utf-8
host: 0.0.0.0:4723
accept: */*

Response DefaultHttpResponse(decodeResult: success, version: HTTP/1.1)
HTTP/1.1 200 OK
X-Powered-By: Express
Vary: X-HTTP-Method-Override
Content-Type: application/json; charset=utf-8
Content-Length: 14
ETag: W/"e-9/1BuKMgFObM1mWJm+YjxtXJnUM"
Date: Tue, 09 May 2023 15:21:43 GMT
Connection: keep-alive
Keep-Alive: timeout=600

22:21:43.027 [AsyncHttpClient-1-2] DEBUG org.asynchttpclient.netty.channel.ChannelManager - Adding key: http://0.0.0.0:4723 for channel [id: 0x0f502b57, L:/127.0.0.1:58549 - R:/127.0.0.1:4723]
22:21:43.029 [main] DEBUG net.thucydides.core.steps.StepInterceptor - STEP DONE: clickButtonLoginSecond
]]></system-out>
  </testcase>
  <testcase name="user clicks logout after entering on the altashop homepage" classname="user dapat melakukan proses logout" time="0.789">
    <system-out><![CDATA[22:21:43.043 [main] DEBUG net.thucydides.core.steps.StepInterceptor - STARTING STEP: LogoutSteps.userKlikLogoutSetelahMasukDiHomepageAltashop - clickButtonLogout
22:21:43.049 [Forwarding findElement on session e77c0fc9-1253-4cad-ba25-498061cd609a to remote] DEBUG org.asynchttpclient.netty.request.NettyRequestSender - Using pooled Channel '[id: 0x0f502b57, L:/127.0.0.1:58549 - R:/127.0.0.1:4723]' for 'POST' to 'http://0.0.0.0:4723/wd/hub/session/e77c0fc9-1253-4cad-ba25-498061cd609a/element'
22:21:43.051 [Forwarding findElement on session e77c0fc9-1253-4cad-ba25-498061cd609a to remote] DEBUG org.asynchttpclient.netty.request.NettyRequestSender - Using open Channel [id: 0x0f502b57, L:/127.0.0.1:58549 - R:/127.0.0.1:4723] for POST '/wd/hub/session/e77c0fc9-1253-4cad-ba25-498061cd609a/element'
22:21:43.152 [AsyncHttpClient-1-2] DEBUG org.asynchttpclient.netty.handler.HttpHandler - 

Request DefaultHttpRequest(decodeResult: success, version: HTTP/1.1)
POST /wd/hub/session/e77c0fc9-1253-4cad-ba25-498061cd609a/element HTTP/1.1
User-Agent: appium/8.3.0 (selenium/4.8.1 (java windows))
Content-Length: 330
Content-Type: application/json; charset=utf-8
host: 0.0.0.0:4723
accept: */*

Response DefaultHttpResponse(decodeResult: success, version: HTTP/1.1)
HTTP/1.1 200 OK
X-Powered-By: Express
Vary: X-HTTP-Method-Override
Content-Type: application/json; charset=utf-8
Content-Length: 137
ETag: W/"89-FlpYpGPYJfZr6rFRk0j38YnH1hA"
Date: Tue, 09 May 2023 15:21:43 GMT
Connection: keep-alive
Keep-Alive: timeout=600

22:21:43.153 [AsyncHttpClient-1-2] DEBUG org.asynchttpclient.netty.channel.ChannelManager - Adding key: http://0.0.0.0:4723 for channel [id: 0x0f502b57, L:/127.0.0.1:58549 - R:/127.0.0.1:4723]
22:21:43.155 [Forwarding isElementDisplayed on session e77c0fc9-1253-4cad-ba25-498061cd609a to remote] DEBUG org.asynchttpclient.netty.request.NettyRequestSender - Using pooled Channel '[id: 0x0f502b57, L:/127.0.0.1:58549 - R:/127.0.0.1:4723]' for 'GET' to 'http://0.0.0.0:4723/wd/hub/session/e77c0fc9-1253-4cad-ba25-498061cd609a/element/00000000-0000-06e1-0000-000700000003/displayed'
22:21:43.155 [Forwarding isElementDisplayed on session e77c0fc9-1253-4cad-ba25-498061cd609a to remote] DEBUG org.asynchttpclient.netty.request.NettyRequestSender - Using open Channel [id: 0x0f502b57, L:/127.0.0.1:58549 - R:/127.0.0.1:4723] for GET '/wd/hub/session/e77c0fc9-1253-4cad-ba25-498061cd609a/element/00000000-0000-06e1-0000-000700000003/displayed'
22:21:43.197 [AsyncHttpClient-1-2] DEBUG org.asynchttpclient.netty.handler.HttpHandler - 

Request DefaultFullHttpRequest(decodeResult: success, version: HTTP/1.1, content: EmptyByteBufBE)
GET /wd/hub/session/e77c0fc9-1253-4cad-ba25-498061cd609a/element/00000000-0000-06e1-0000-000700000003/displayed HTTP/1.1
User-Agent: appium/8.3.0 (selenium/4.8.1 (java windows))
Cache-Control: no-cache
Content-Type: application/json; charset=utf-8
host: 0.0.0.0:4723
accept: */*

Response DefaultHttpResponse(decodeResult: success, version: HTTP/1.1)
HTTP/1.1 200 OK
X-Powered-By: Express
Content-Type: application/json; charset=utf-8
Content-Length: 14
ETag: W/"e-2ZHvAWebNQpyjGZTg6uyV8/spTo"
Date: Tue, 09 May 2023 15:21:43 GMT
Connection: keep-alive
Keep-Alive: timeout=600

22:21:43.198 [AsyncHttpClient-1-2] DEBUG org.asynchttpclient.netty.channel.ChannelManager - Adding key: http://0.0.0.0:4723 for channel [id: 0x0f502b57, L:/127.0.0.1:58549 - R:/127.0.0.1:4723]
22:21:43.200 [Forwarding isElementEnabled on session e77c0fc9-1253-4cad-ba25-498061cd609a to remote] DEBUG org.asynchttpclient.netty.request.NettyRequestSender - Using pooled Channel '[id: 0x0f502b57, L:/127.0.0.1:58549 - R:/127.0.0.1:4723]' for 'GET' to 'http://0.0.0.0:4723/wd/hub/session/e77c0fc9-1253-4cad-ba25-498061cd609a/element/00000000-0000-06e1-0000-000700000003/enabled'
22:21:43.201 [Forwarding isElementEnabled on session e77c0fc9-1253-4cad-ba25-498061cd609a to remote] DEBUG org.asynchttpclient.netty.request.NettyRequestSender - Using open Channel [id: 0x0f502b57, L:/127.0.0.1:58549 - R:/127.0.0.1:4723] for GET '/wd/hub/session/e77c0fc9-1253-4cad-ba25-498061cd609a/element/00000000-0000-06e1-0000-000700000003/enabled'
22:21:43.247 [AsyncHttpClient-1-2] DEBUG org.asynchttpclient.netty.handler.HttpHandler - 

Request DefaultFullHttpRequest(decodeResult: success, version: HTTP/1.1, content: EmptyByteBufBE)
GET /wd/hub/session/e77c0fc9-1253-4cad-ba25-498061cd609a/element/00000000-0000-06e1-0000-000700000003/enabled HTTP/1.1
User-Agent: appium/8.3.0 (selenium/4.8.1 (java windows))
Cache-Control: no-cache
Content-Type: application/json; charset=utf-8
host: 0.0.0.0:4723
accept: */*

Response DefaultHttpResponse(decodeResult: success, version: HTTP/1.1)
HTTP/1.1 200 OK
X-Powered-By: Express
Content-Type: application/json; charset=utf-8
Content-Length: 14
ETag: W/"e-2ZHvAWebNQpyjGZTg6uyV8/spTo"
Date: Tue, 09 May 2023 15:21:43 GMT
Connection: keep-alive
Keep-Alive: timeout=600

22:21:43.248 [AsyncHttpClient-1-2] DEBUG org.asynchttpclient.netty.channel.ChannelManager - Adding key: http://0.0.0.0:4723 for channel [id: 0x0f502b57, L:/127.0.0.1:58549 - R:/127.0.0.1:4723]
22:21:43.250 [Forwarding clickElement on session e77c0fc9-1253-4cad-ba25-498061cd609a to remote] DEBUG org.asynchttpclient.netty.request.NettyRequestSender - Using pooled Channel '[id: 0x0f502b57, L:/127.0.0.1:58549 - R:/127.0.0.1:4723]' for 'POST' to 'http://0.0.0.0:4723/wd/hub/session/e77c0fc9-1253-4cad-ba25-498061cd609a/element/00000000-0000-06e1-0000-000700000003/click'
22:21:43.251 [Forwarding clickElement on session e77c0fc9-1253-4cad-ba25-498061cd609a to remote] DEBUG org.asynchttpclient.netty.request.NettyRequestSender - Using open Channel [id: 0x0f502b57, L:/127.0.0.1:58549 - R:/127.0.0.1:4723] for POST '/wd/hub/session/e77c0fc9-1253-4cad-ba25-498061cd609a/element/00000000-0000-06e1-0000-000700000003/click'
22:21:43.821 [AsyncHttpClient-1-2] DEBUG org.asynchttpclient.netty.handler.HttpHandler - 

Request DefaultHttpRequest(decodeResult: success, version: HTTP/1.1)
POST /wd/hub/session/e77c0fc9-1253-4cad-ba25-498061cd609a/element/00000000-0000-06e1-0000-000700000003/click HTTP/1.1
User-Agent: appium/8.3.0 (selenium/4.8.1 (java windows))
Content-Length: 50
Content-Type: application/json; charset=utf-8
host: 0.0.0.0:4723
accept: */*

Response DefaultHttpResponse(decodeResult: success, version: HTTP/1.1)
HTTP/1.1 200 OK
X-Powered-By: Express
Vary: X-HTTP-Method-Override
Content-Type: application/json; charset=utf-8
Content-Length: 14
ETag: W/"e-9/1BuKMgFObM1mWJm+YjxtXJnUM"
Date: Tue, 09 May 2023 15:21:43 GMT
Connection: keep-alive
Keep-Alive: timeout=600

22:21:43.821 [AsyncHttpClient-1-2] DEBUG org.asynchttpclient.netty.channel.ChannelManager - Adding key: http://0.0.0.0:4723 for channel [id: 0x0f502b57, L:/127.0.0.1:58549 - R:/127.0.0.1:4723]
22:21:43.823 [main] DEBUG net.thucydides.core.steps.StepInterceptor - STEP DONE: clickButtonLogout
]]></system-out>
  </testcase>
</testsuite>